<?xml version="1.0" encoding="UTF-8"?>
<testsuites name="MAR" time="34.767" tests="10" failures="6" errors="0">
   <testsuite name="MAR" tests="10" failures="6" errors="0" time="34.767" skipped="0" timestamp="2023-10-16 14:18:29" hostname="admin - 10.109.12.148" id="Test Suites/WEB/MAR">
      <properties>
         <property name="deviceName" value=""/>
         <property name="devicePlatform" value=""/>
         <property name="logFolder" value="/Users/admin/git/shahid-configuration/Reports/20231016_140310/WEB/MAR/20231016_140339"/>
         <property name="logFiles" value="/Users/admin/git/shahid-configuration/Reports/20231016_140310/WEB/MAR/20231016_140339/execution0.log"/>
         <property name="attachments" value=""/>
         <property name="hostName" value="admin - 10.109.12.148"/>
         <property name="hostAddress" value="10.109.12.148"/>
         <property name="os" value="Mac OS X 64bit"/>
         <property name="katalonVersion" value="8.6.6.208"/>
      </properties>
      <testcase name="Test Cases/WEB - CHROME/MAR PI/WEB_FR_getSubscriptionConfigForMAR_MO" time="4.153" classname="Test Cases/WEB - CHROME/MAR PI/WEB_FR_getSubscriptionConfigForMAR_MO" status="PASSED">
         <system-out><![CDATA[2023-10-16 14:18:30 - [TEST_CASE][PASSED] - Test Cases/WEB - CHROME/MAR PI/WEB_FR_getSubscriptionConfigForMAR_MO: Test Cases/WEB - CHROME/MAR PI/WEB_FR_getSubscriptionConfigForMAR_MO

2023-10-16 14:18:30 - [TEST_STEP][PASSED] - getResponse = config_files.getConfigFile.getConfig("WEB", "FR", "SHAHID_MOBILE_ONLY", "MA", "false"): config_files.getConfigFile.getConfig is PASSED

2023-10-16 14:18:32 - [MESSAGE][INFO] - HAR: /Users/admin/git/shahid-configuration/Reports/20231016_140310/WEB/MAR/20231016_140339/requests/main/0.har

2023-10-16 14:18:32 - [MESSAGE][PASSED] - Send request successfully

2023-10-16 14:18:32 - [MESSAGE][PASSED] - config_files.getConfigFile.getConfig is PASSED

2023-10-16 14:18:32 - [TEST_STEP][PASSED] - verifyResponseStatusCode(getResponse, 200): Verify response status code successfully

2023-10-16 14:18:32 - [MESSAGE][PASSED] - Verify response status code successfully

2023-10-16 14:18:32 - [TEST_STEP][PASSED] - verifyElementPropertyValue(getResponse, "country", "MAR"): Verify element property value successfully

2023-10-16 14:18:32 - [MESSAGE][PASSED] - Verify element property value successfully

2023-10-16 14:18:32 - [TEST_STEP][PASSED] - verifyElementPropertyValue(getResponse, "platform", "[WEB]"): Verify element property value successfully

2023-10-16 14:18:32 - [MESSAGE][PASSED] - Verify element property value successfully

2023-10-16 14:18:32 - [TEST_STEP][PASSED] - verifyElementPropertyValue(getResponse, "groups[0].pricingPlans[0].featured", "true"): Verify element property value successfully

2023-10-16 14:18:32 - [MESSAGE][PASSED] - Verify element property value successfully

2023-10-16 14:18:32 - [TEST_STEP][PASSED] - verifyElementPropertyValue(getResponse, "groups[0].pricingPlans[0].packageId", "SHAHID_MOBILE_ONLY"): Verify element property value successfully

2023-10-16 14:18:32 - [MESSAGE][PASSED] - Verify element property value successfully

2023-10-16 14:18:32 - [TEST_STEP][PASSED] - verifyElementPropertyValue(getResponse, "groups[0].pricingPlans[0].catalogId", "VIP"): Verify element property value successfully

2023-10-16 14:18:32 - [MESSAGE][PASSED] - Verify element property value successfully

2023-10-16 14:18:32 - [TEST_STEP][PASSED] - verifyElementPropertyValue(getResponse, "groups[0].pricingPlans[0].visualElements[0].key", "Header_1_text"): Verify element property value successfully

2023-10-16 14:18:32 - [MESSAGE][PASSED] - Verify element property value successfully

2023-10-16 14:18:32 - [TEST_STEP][PASSED] - verifyElementPropertyValue(getResponse, "groups[0].pricingPlans[0].visualElements[0].value", ""): Verify element property value successfully

2023-10-16 14:18:32 - [MESSAGE][PASSED] - Verify element property value successfully

2023-10-16 14:18:32 - [TEST_STEP][PASSED] - verifyElementPropertyValue(getResponse, "groups[0].pricingPlans[0].visualElements[1].key", "display_title"): Verify element property value successfully

2023-10-16 14:18:32 - [MESSAGE][PASSED] - Verify element property value successfully

2023-10-16 14:18:32 - [TEST_STEP][PASSED] - verifyElementPropertyValue(getResponse, "groups[0].pricingPlans[0].visualElements[1].value", "Plan Mensuel"): Verify element property value successfully

2023-10-16 14:18:32 - [MESSAGE][PASSED] - Verify element property value successfully

2023-10-16 14:18:32 - [TEST_STEP][PASSED] - verifyElementPropertyValue(getResponse, "groups[0].pricingPlans[0].visualElements[2].key", "promo_text"): Verify element property value successfully

2023-10-16 14:18:32 - [MESSAGE][PASSED] - Verify element property value successfully

2023-10-16 14:18:32 - [TEST_STEP][PASSED] - verifyElementPropertyValue(getResponse, "groups[0].pricingPlans[0].visualElements[2].value", "19 DH / mois"): Verify element property value successfully

2023-10-16 14:18:32 - [MESSAGE][PASSED] - Verify element property value successfully

2023-10-16 14:18:32 - [TEST_STEP][PASSED] - verifyElementPropertyValue(getResponse, "groups[0].pricingPlans[0].visualElements[3].key", "deduction_text"): Verify element property value successfully

2023-10-16 14:18:32 - [MESSAGE][PASSED] - Verify element property value successfully

2023-10-16 14:18:32 - [TEST_STEP][PASSED] - verifyElementPropertyValue(getResponse, "groups[0].pricingPlans[0].visualElements[3].value", "facturation mensuelle"): Verify element property value successfully

2023-10-16 14:18:32 - [MESSAGE][PASSED] - Verify element property value successfully

2023-10-16 14:18:32 - [TEST_STEP][PASSED] - verifyElementPropertyValue(getResponse, "groups[0].pricingPlans[0].visualElements[4].key", "tag_text"): Verify element property value successfully

2023-10-16 14:18:32 - [MESSAGE][PASSED] - Verify element property value successfully

2023-10-16 14:18:32 - [TEST_STEP][PASSED] - verifyElementPropertyValue(getResponse, "groups[0].pricingPlans[0].visualElements[4].value", "50% de rÃ©duction"): Verify element property value successfully

2023-10-16 14:18:32 - [MESSAGE][PASSED] - Verify element property value successfully

2023-10-16 14:18:32 - [TEST_STEP][PASSED] - verifyElementPropertyValue(getResponse, "groups[0].pricingPlans[0].visualElements[6].key", "show_payment_logo"): Verify element property value successfully

2023-10-16 14:18:32 - [MESSAGE][PASSED] - Verify element property value successfully

2023-10-16 14:18:32 - [TEST_STEP][PASSED] - verifyElementPropertyValue(getResponse, "groups[0].pricingPlans[0].visualElements[6].value", "true"): Verify element property value successfully

2023-10-16 14:18:32 - [MESSAGE][PASSED] - Verify element property value successfully

2023-10-16 14:18:32 - [TEST_STEP][PASSED] - verifyElementPropertyValue(getResponse, "groups[0].pricingPlans[0].visualElements[7].key", "show_tag"): Verify element property value successfully

2023-10-16 14:18:32 - [MESSAGE][PASSED] - Verify element property value successfully

2023-10-16 14:18:32 - [TEST_STEP][PASSED] - verifyElementPropertyValue(getResponse, "groups[0].pricingPlans[0].visualElements[7].value", "true"): Verify element property value successfully

2023-10-16 14:18:32 - [MESSAGE][PASSED] - Verify element property value successfully

2023-10-16 14:18:32 - [TEST_STEP][PASSED] - verifyElementPropertyValue(getResponse, "groups[0].pricingPlans[0].visualElements[8].key", "price"): Verify element property value successfully

2023-10-16 14:18:32 - [MESSAGE][PASSED] - Verify element property value successfully

2023-10-16 14:18:32 - [TEST_STEP][PASSED] - verifyElementPropertyValue(getResponse, "groups[0].pricingPlans[0].visualElements[8].value", "19"): Verify element property value successfully

2023-10-16 14:18:32 - [MESSAGE][PASSED] - Verify element property value successfully

2023-10-16 14:18:32 - [TEST_STEP][PASSED] - verifyElementPropertyValue(getResponse, "groups[0].pricingPlans[0].visualElements[9].key", "currency"): Verify element property value successfully

2023-10-16 14:18:32 - [MESSAGE][PASSED] - Verify element property value successfully

2023-10-16 14:18:32 - [TEST_STEP][PASSED] - verifyElementPropertyValue(getResponse, "groups[0].pricingPlans[0].visualElements[9].value", "DH"): Verify element property value successfully

2023-10-16 14:18:32 - [MESSAGE][PASSED] - Verify element property value successfully

2023-10-16 14:18:32 - [TEST_STEP][PASSED] - verifyElementPropertyValue(getResponse, "groups[0].pricingPlans[0].visualElements[10].key", "duration"): Verify element property value successfully

2023-10-16 14:18:32 - [MESSAGE][PASSED] - Verify element property value successfully

2023-10-16 14:18:32 - [TEST_STEP][PASSED] - verifyElementPropertyValue(getResponse, "groups[0].pricingPlans[0].visualElements[10].value", "Mensuel"): Verify element property value successfully

2023-10-16 14:18:32 - [MESSAGE][PASSED] - Verify element property value successfully

2023-10-16 14:18:32 - [TEST_STEP][PASSED] - verifyElementPropertyValue(getResponse, "groups[0].pricingPlans[0].visualElements[11].key", "featured_tag_text"): Verify element property value successfully

2023-10-16 14:18:32 - [MESSAGE][PASSED] - Verify element property value successfully

2023-10-16 14:18:32 - [TEST_STEP][PASSED] - verifyElementPropertyValue(getResponse, "groups[0].pricingPlans[0].visualElements[11].value", "Le plus populaire"): Verify element property value successfully

2023-10-16 14:18:32 - [MESSAGE][PASSED] - Verify element property value successfully

2023-10-16 14:18:32 - [TEST_STEP][PASSED] - verifyElementPropertyValue(getResponse, "groups[0].pricingPlans[0].order", "18"): Verify element property value successfully

2023-10-16 14:18:32 - [MESSAGE][PASSED] - Verify element property value successfully

2023-10-16 14:18:32 - [TEST_STEP][PASSED] - verifyElementPropertyValue(getResponse, "groups[0].pricingPlans[0].period", "monthly"): Verify element property value successfully

2023-10-16 14:18:32 - [MESSAGE][PASSED] - Verify element property value successfully

2023-10-16 14:18:32 - [TEST_STEP][PASSED] - verifyElementPropertyValue(getResponse, "groups[0].pricingPlans[0].price", "19.0"): Verify element property value successfully

2023-10-16 14:18:32 - [MESSAGE][PASSED] - Verify element property value successfully

2023-10-16 14:18:32 - [TEST_STEP][PASSED] - verifyElementPropertyValue(getResponse, "groups[0].pricingPlans[0].currency", "DH"): Verify element property value successfully

2023-10-16 14:18:32 - [MESSAGE][PASSED] - Verify element property value successfully

2023-10-16 14:18:32 - [TEST_STEP][PASSED] - verifyElementPropertyValue(getResponse, "groups[0].pricingPlans[0].pricingPlanData[0].productId", "MAR_SHAHID_MOBILE_ONLY_1M"): Verify element property value successfully

2023-10-16 14:18:32 - [MESSAGE][PASSED] - Verify element property value successfully

2023-10-16 14:18:32 - [TEST_STEP][PASSED] - verifyElementPropertyValue(getResponse, "groups[0].pricingPlans[0].pricingPlanData[0].subPricingPlanIds", "null"): Verify element property value successfully

2023-10-16 14:18:32 - [MESSAGE][PASSED] - Verify element property value successfully

2023-10-16 14:18:32 - [TEST_STEP][PASSED] - verifyElementPropertyValue(getResponse, "groups[0].pricingPlans[0].pricingPlanData[0].paymentMethod", "CREDIT_CARD"): Verify element property value successfully

2023-10-16 14:18:32 - [MESSAGE][PASSED] - Verify element property value successfully

2023-10-16 14:18:32 - [TEST_STEP][PASSED] - verifyElementPropertyValue(getResponse, "groups[0].pricingPlans[0].pricingPlanData[0].freeTrialEnabled", "false"): Verify element property value successfully

2023-10-16 14:18:32 - [MESSAGE][PASSED] - Verify element property value successfully

2023-10-16 14:18:32 - [TEST_STEP][PASSED] - verifyElementPropertyValue(getResponse, "groups[0].pricingPlans[0].pricingPlanData[0].visualElements[0].key", "title"): Verify element property value successfully

2023-10-16 14:18:32 - [MESSAGE][PASSED] - Verify element property value successfully

2023-10-16 14:18:32 - [TEST_STEP][PASSED] - verifyElementPropertyValue(getResponse, "groups[0].pricingPlans[0].pricingPlanData[0].visualElements[0].value", "Carte de crÃ©dit/dÃ©bit"): Verify element property value successfully

2023-10-16 14:18:32 - [MESSAGE][PASSED] - Verify element property value successfully

2023-10-16 14:18:32 - [TEST_STEP][PASSED] - verifyElementPropertyValue(getResponse, "groups[0].pricingPlans[0].pricingPlanData[0].visualElements[1].key", "CTA_text"): Verify element property value successfully

2023-10-16 14:18:32 - [MESSAGE][PASSED] - Verify element property value successfully

2023-10-16 14:18:32 - [TEST_STEP][PASSED] - verifyElementPropertyValue(getResponse, "groups[0].pricingPlans[0].pricingPlanData[0].visualElements[1].value", "S'abonner"): Verify element property value successfully

2023-10-16 14:18:32 - [MESSAGE][PASSED] - Verify element property value successfully

2023-10-16 14:18:32 - [TEST_STEP][PASSED] - verifyElementPropertyValue(getResponse, "groups[0].pricingPlans[0].pricingPlanData[0].visualElements[2].key", "logo"): Verify element property value successfully

2023-10-16 14:18:32 - [MESSAGE][PASSED] - Verify element property value successfully

2023-10-16 14:18:32 - [TEST_STEP][PASSED] - verifyElementPropertyValue(getResponse, "groups[0].pricingPlans[0].pricingPlanData[0].visualElements[2].value", "https://static.s3.shahid.mbc.net/widget-images/icons/iconCreditCard.png"): Verify element property value successfully

2023-10-16 14:18:32 - [MESSAGE][PASSED] - Verify element property value successfully

2023-10-16 14:18:32 - [TEST_STEP][PASSED] - verifyElementPropertyValue(getResponse, "groups[0].pricingPlans[0].pricingPlanData[0].priceLabel", "19"): Verify element property value successfully

2023-10-16 14:18:32 - [MESSAGE][PASSED] - Verify element property value successfully

2023-10-16 14:18:32 - [TEST_STEP][PASSED] - verifyElementPropertyValue(getResponse, "groups[0].pricingPlans[0].pricingPlanData[0].currencyLabel", "DH"): Verify element property value successfully

2023-10-16 14:18:32 - [MESSAGE][PASSED] - Verify element property value successfully

2023-10-16 14:18:32 - [TEST_STEP][PASSED] - verifyElementPropertyValue(getResponse, "groups[0].pricingPlans[0].pricingPlanData[1].pricingPlanId", "TPay_Orange_MA"): Verify element property value successfully

2023-10-16 14:18:32 - [MESSAGE][PASSED] - Verify element property value successfully

2023-10-16 14:18:32 - [TEST_STEP][PASSED] - verifyElementPropertyValue(getResponse, "groups[0].pricingPlans[0].pricingPlanData[1].productId", "MAR_SHAHID_MOBILE_ONLY_1M"): Verify element property value successfully

2023-10-16 14:18:32 - [MESSAGE][PASSED] - Verify element property value successfully

2023-10-16 14:18:32 - [TEST_STEP][PASSED] - verifyElementPropertyValue(getResponse, "groups[0].pricingPlans[0].pricingPlanData[1].subPricingPlanIds[0]", "60400"): Verify element property value successfully

2023-10-16 14:18:32 - [MESSAGE][PASSED] - Verify element property value successfully

2023-10-16 14:18:32 - [TEST_STEP][PASSED] - verifyElementPropertyValue(getResponse, "groups[0].pricingPlans[0].pricingPlanData[1].paymentMethod", "MOBILE_PAY"): Verify element property value successfully

2023-10-16 14:18:32 - [MESSAGE][PASSED] - Verify element property value successfully

2023-10-16 14:18:32 - [TEST_STEP][PASSED] - verifyElementPropertyValue(getResponse, "groups[0].pricingPlans[0].pricingPlanData[1].freeTrialEnabled", "false"): Verify element property value successfully

2023-10-16 14:18:32 - [MESSAGE][PASSED] - Verify element property value successfully

2023-10-16 14:18:32 - [TEST_STEP][PASSED] - verifyElementPropertyValue(getResponse, "groups[0].pricingPlans[0].pricingPlanData[1].showIn[0]", "VERTICAL_MODE"): Verify element property value successfully

2023-10-16 14:18:32 - [MESSAGE][PASSED] - Verify element property value successfully

2023-10-16 14:18:32 - [TEST_STEP][PASSED] - verifyElementPropertyValue(getResponse, "groups[0].pricingPlans[0].pricingPlanData[1].showIn[1]", "HORIZONTAL_MODE"): Verify element property value successfully

2023-10-16 14:18:32 - [MESSAGE][PASSED] - Verify element property value successfully

2023-10-16 14:18:32 - [TEST_STEP][PASSED] - verifyElementPropertyValue(getResponse, "groups[0].pricingPlans[0].pricingPlanData[1].visualElements[0].key", "payment_option_group"): Verify element property value successfully

2023-10-16 14:18:32 - [MESSAGE][PASSED] - Verify element property value successfully

2023-10-16 14:18:32 - [TEST_STEP][PASSED] - verifyElementPropertyValue(getResponse, "groups[0].pricingPlans[0].pricingPlanData[1].visualElements[0].value", "true"): Verify element property value successfully

2023-10-16 14:18:32 - [MESSAGE][PASSED] - Verify element property value successfully

2023-10-16 14:18:32 - [TEST_STEP][PASSED] - verifyElementPropertyValue(getResponse, "groups[0].pricingPlans[0].pricingPlanData[1].visualElements[1].key", "title"): Verify element property value successfully

2023-10-16 14:18:33 - [MESSAGE][PASSED] - Verify element property value successfully

2023-10-16 14:18:33 - [TEST_STEP][PASSED] - verifyElementPropertyValue(getResponse, "groups[0].pricingPlans[0].pricingPlanData[1].visualElements[1].value", "Paiement mobile"): Verify element property value successfully

2023-10-16 14:18:33 - [MESSAGE][PASSED] - Verify element property value successfully

2023-10-16 14:18:33 - [TEST_STEP][PASSED] - verifyElementPropertyValue(getResponse, "groups[0].pricingPlans[0].pricingPlanData[1].visualElements[2].key", "CTA_text"): Verify element property value successfully

2023-10-16 14:18:33 - [MESSAGE][PASSED] - Verify element property value successfully

2023-10-16 14:18:33 - [TEST_STEP][PASSED] - verifyElementPropertyValue(getResponse, "groups[0].pricingPlans[0].pricingPlanData[1].visualElements[2].value", "S'abonner"): Verify element property value successfully

2023-10-16 14:18:33 - [MESSAGE][PASSED] - Verify element property value successfully

2023-10-16 14:18:33 - [TEST_STEP][PASSED] - verifyElementPropertyValue(getResponse, "groups[0].pricingPlans[0].pricingPlanData[1].visualElements[3].key", "logo"): Verify element property value successfully

2023-10-16 14:18:33 - [MESSAGE][PASSED] - Verify element property value successfully

2023-10-16 14:18:33 - [TEST_STEP][PASSED] - verifyElementPropertyValue(getResponse, "groups[0].pricingPlans[0].pricingPlanData[1].visualElements[3].value", "https://static.s3.shahid.mbc.net/widget-images/icons/iconMobile.png"): Verify element property value successfully

2023-10-16 14:18:33 - [MESSAGE][PASSED] - Verify element property value successfully

2023-10-16 14:18:33 - [TEST_STEP][PASSED] - verifyElementPropertyValue(getResponse, "groups[0].pricingPlans[0].pricingPlanData[1].priceLabel", "19"): Verify element property value successfully

2023-10-16 14:18:33 - [MESSAGE][PASSED] - Verify element property value successfully

2023-10-16 14:18:33 - [TEST_STEP][PASSED] - verifyElementPropertyValue(getResponse, "groups[0].pricingPlans[0].pricingPlanData[1].currencyLabel", "DH"): Verify element property value successfully

2023-10-16 14:18:33 - [MESSAGE][PASSED] - Verify element property value successfully

2023-10-16 14:18:33 - [TEST_STEP][PASSED] - verifyElementPropertyValue(getResponse, "groups[0].pricingPlans[0].pricingPlanData[1].allowedForAcquisition", "true"): Verify element property value successfully

2023-10-16 14:18:33 - [MESSAGE][PASSED] - Verify element property value successfully

2023-10-16 14:18:33 - [TEST_STEP][PASSED] - verifyElementPropertyValue(getResponse, "groups[0].pricingPlans[0].pricingPlanData[2].pricingPlanId", "TPay_inwi_MA"): Verify element property value successfully

2023-10-16 14:18:33 - [MESSAGE][PASSED] - Verify element property value successfully

2023-10-16 14:18:33 - [TEST_STEP][PASSED] - verifyElementPropertyValue(getResponse, "groups[0].pricingPlans[0].pricingPlanData[2].productId", "MAR_SHAHID_MOBILE_ONLY_1M"): Verify element property value successfully

2023-10-16 14:18:33 - [MESSAGE][PASSED] - Verify element property value successfully

2023-10-16 14:18:33 - [TEST_STEP][PASSED] - verifyElementPropertyValue(getResponse, "groups[0].pricingPlans[0].pricingPlanData[2].subPricingPlanIds[0]", "60405"): Verify element property value successfully

2023-10-16 14:18:33 - [MESSAGE][PASSED] - Verify element property value successfully

2023-10-16 14:18:33 - [TEST_STEP][PASSED] - verifyElementPropertyValue(getResponse, "groups[0].pricingPlans[0].pricingPlanData[2].paymentMethod", "MOBILE_PAY"): Verify element property value successfully

2023-10-16 14:18:33 - [MESSAGE][PASSED] - Verify element property value successfully

2023-10-16 14:18:33 - [TEST_STEP][PASSED] - verifyElementPropertyValue(getResponse, "groups[0].pricingPlans[0].pricingPlanData[2].freeTrialEnabled", "false"): Verify element property value successfully

2023-10-16 14:18:33 - [MESSAGE][PASSED] - Verify element property value successfully

2023-10-16 14:18:33 - [TEST_STEP][PASSED] - verifyElementPropertyValue(getResponse, "groups[0].pricingPlans[0].pricingPlanData[2].priceLabel", "19"): Verify element property value successfully

2023-10-16 14:18:33 - [MESSAGE][PASSED] - Verify element property value successfully

2023-10-16 14:18:33 - [TEST_STEP][PASSED] - verifyElementPropertyValue(getResponse, "groups[0].pricingPlans[0].pricingPlanData[2].currencyLabel", "DH"): Verify element property value successfully

2023-10-16 14:18:33 - [MESSAGE][PASSED] - Verify element property value successfully

2023-10-16 14:18:33 - [TEST_STEP][PASSED] - verifyElementPropertyValue(getResponse, "groups[0].pricingPlans[0].pricingPlanData[2].allowedForAcquisition", "true"): Verify element property value successfully

2023-10-16 14:18:33 - [MESSAGE][PASSED] - Verify element property value successfully

2023-10-16 14:18:33 - [TEST_STEP][PASSED] - verifyElementPropertyValue(getResponse, "groups[0].pricingPlans[0].pricingPlanData[3].pricingPlanId", "TPay_Maroctel_MA"): Verify element property value successfully

2023-10-16 14:18:33 - [MESSAGE][PASSED] - Verify element property value successfully

2023-10-16 14:18:33 - [TEST_STEP][PASSED] - verifyElementPropertyValue(getResponse, "groups[0].pricingPlans[0].pricingPlanData[3].productId", "MAR_SHAHID_MOBILE_ONLY_1M"): Verify element property value successfully

2023-10-16 14:18:33 - [MESSAGE][PASSED] - Verify element property value successfully

2023-10-16 14:18:33 - [TEST_STEP][PASSED] - verifyElementPropertyValue(getResponse, "groups[0].pricingPlans[0].pricingPlanData[3].subPricingPlanIds[0]", "60401"): Verify element property value successfully

2023-10-16 14:18:33 - [MESSAGE][PASSED] - Verify element property value successfully

2023-10-16 14:18:33 - [TEST_STEP][PASSED] - verifyElementPropertyValue(getResponse, "groups[0].pricingPlans[0].pricingPlanData[3].paymentMethod", "MOBILE_PAY"): Verify element property value successfully

2023-10-16 14:18:33 - [MESSAGE][PASSED] - Verify element property value successfully

2023-10-16 14:18:33 - [TEST_STEP][PASSED] - verifyElementPropertyValue(getResponse, "groups[0].pricingPlans[0].pricingPlanData[3].freeTrialEnabled", "false"): Verify element property value successfully

2023-10-16 14:18:33 - [MESSAGE][PASSED] - Verify element property value successfully

2023-10-16 14:18:33 - [TEST_STEP][PASSED] - verifyElementPropertyValue(getResponse, "groups[0].pricingPlans[0].pricingPlanData[3].priceLabel", "19"): Verify element property value successfully

2023-10-16 14:18:33 - [MESSAGE][PASSED] - Verify element property value successfully

2023-10-16 14:18:33 - [TEST_STEP][PASSED] - verifyElementPropertyValue(getResponse, "groups[0].pricingPlans[0].pricingPlanData[3].currencyLabel", "DH"): Verify element property value successfully

2023-10-16 14:18:33 - [MESSAGE][PASSED] - Verify element property value successfully

2023-10-16 14:18:33 - [TEST_STEP][PASSED] - verifyElementPropertyValue(getResponse, "groups[0].pricingPlans[0].pricingPlanData[3].allowedForAcquisition", "true"): Verify element property value successfully

2023-10-16 14:18:33 - [MESSAGE][PASSED] - Verify element property value successfully

2023-10-16 14:18:33 - [TEST_STEP][PASSED] - verifyElementPropertyValue(getResponse, "deals[0].param", "inwi"): Verify element property value successfully

2023-10-16 14:18:33 - [MESSAGE][PASSED] - Verify element property value successfully

2023-10-16 14:18:33 - [TEST_STEP][PASSED] - verifyElementPropertyValue(getResponse, "deals[0].skipLandingPage", "false"): Verify element property value successfully

2023-10-16 14:18:33 - [MESSAGE][PASSED] - Verify element property value successfully

2023-10-16 14:18:33 - [TEST_STEP][PASSED] - verifyElementPropertyValue(getResponse, "deals[0].visible", "false"): Verify element property value successfully

2023-10-16 14:18:33 - [MESSAGE][PASSED] - Verify element property value successfully

2023-10-16 14:18:33 - [TEST_STEP][PASSED] - verifyElementPropertyValue(getResponse, "deals[0].dealType", "deal_with_pricing_plan"): Verify element property value successfully

2023-10-16 14:18:33 - [MESSAGE][PASSED] - Verify element property value successfully

2023-10-16 14:18:33 - [TEST_STEP][PASSED] - verifyElementPropertyValue(getResponse, "deals[0].template", "TELCO"): Verify element property value successfully

2023-10-16 14:18:33 - [MESSAGE][PASSED] - Verify element property value successfully

2023-10-16 14:18:33 - [TEST_STEP][PASSED] - verifyElementPropertyValue(getResponse, "deals[0].visualElements[7].key", "main_partner_logo"): Verify element property value successfully

2023-10-16 14:18:33 - [MESSAGE][PASSED] - Verify element property value successfully

2023-10-16 14:18:33 - [TEST_STEP][PASSED] - verifyElementPropertyValue(getResponse, "deals[0].visualElements[7].value", "https://shahid-static.s3.us-east-1.amazonaws.com/shahid-subscription-config/LP/Logo_inwi.png"): Verify element property value successfully

2023-10-16 14:18:33 - [MESSAGE][PASSED] - Verify element property value successfully

2023-10-16 14:18:33 - [TEST_STEP][PASSED] - verifyElementPropertyValue(getResponse, "deals[0].groups[0].pricingPlans[0].featured", "true"): Verify element property value successfully

2023-10-16 14:18:33 - [MESSAGE][PASSED] - Verify element property value successfully

2023-10-16 14:18:33 - [TEST_STEP][PASSED] - verifyElementPropertyValue(getResponse, "deals[0].groups[0].pricingPlans[0].liteRegistrationEnabled", "false"): Verify element property value successfully

2023-10-16 14:18:33 - [MESSAGE][PASSED] - Verify element property value successfully

2023-10-16 14:18:33 - [TEST_STEP][PASSED] - verifyElementPropertyValue(getResponse, "deals[0].groups[0].pricingPlans[0].packageName", "monthly"): Verify element property value successfully

2023-10-16 14:18:33 - [MESSAGE][PASSED] - Verify element property value successfully

2023-10-16 14:18:33 - [TEST_STEP][PASSED] - verifyElementPropertyValue(getResponse, "deals[0].groups[0].pricingPlans[0].price", "19.0"): Verify element property value successfully

2023-10-16 14:18:33 - [MESSAGE][PASSED] - Verify element property value successfully

2023-10-16 14:18:33 - [TEST_STEP][PASSED] - verifyElementPropertyValue(getResponse, "deals[0].groups[0].pricingPlans[0].currency", "DH"): Verify element property value successfully

2023-10-16 14:18:33 - [MESSAGE][PASSED] - Verify element property value successfully

2023-10-16 14:18:33 - [TEST_STEP][PASSED] - verifyElementPropertyValue(getResponse, "deals[0].groups[0].pricingPlans[0].packageId", "SHAHID_MOBILE_ONLY"): Verify element property value successfully

2023-10-16 14:18:33 - [MESSAGE][PASSED] - Verify element property value successfully

2023-10-16 14:18:33 - [TEST_STEP][PASSED] - verifyElementPropertyValue(getResponse, "deals[0].groups[0].pricingPlans[0].catalogId", "VIP"): Verify element property value successfully

2023-10-16 14:18:33 - [MESSAGE][PASSED] - Verify element property value successfully

2023-10-16 14:18:33 - [TEST_STEP][PASSED] - verifyElementPropertyValue(getResponse, "deals[0].groups[0].pricingPlans[0].visualElements[2].key", "display_title"): Verify element property value successfully

2023-10-16 14:18:33 - [MESSAGE][PASSED] - Verify element property value successfully

2023-10-16 14:18:33 - [TEST_STEP][PASSED] - verifyElementPropertyValue(getResponse, "deals[0].groups[0].pricingPlans[0].visualElements[2].value", "Plan Mensuel"): Verify element property value successfully

2023-10-16 14:18:33 - [MESSAGE][PASSED] - Verify element property value successfully

2023-10-16 14:18:33 - [TEST_STEP][PASSED] - verifyElementPropertyValue(getResponse, "deals[0].groups[0].pricingPlans[0].visualElements[3].key", "promo_text"): Verify element property value successfully

2023-10-16 14:18:33 - [MESSAGE][PASSED] - Verify element property value successfully

2023-10-16 14:18:33 - [TEST_STEP][PASSED] - verifyElementPropertyValue(getResponse, "deals[0].groups[0].pricingPlans[0].visualElements[3].value", "19 DH / mois"): Verify element property value successfully

2023-10-16 14:18:33 - [MESSAGE][PASSED] - Verify element property value successfully

2023-10-16 14:18:33 - [TEST_STEP][PASSED] - verifyElementPropertyValue(getResponse, "deals[0].groups[0].pricingPlans[0].visualElements[4].key", "deduction_text"): Verify element property value successfully

2023-10-16 14:18:33 - [MESSAGE][PASSED] - Verify element property value successfully

2023-10-16 14:18:33 - [TEST_STEP][PASSED] - verifyElementPropertyValue(getResponse, "deals[0].groups[0].pricingPlans[0].visualElements[4].value", "facturation mensuelle"): Verify element property value successfully

2023-10-16 14:18:33 - [MESSAGE][PASSED] - Verify element property value successfully

2023-10-16 14:18:33 - [TEST_STEP][PASSED] - verifyElementPropertyValue(getResponse, "deals[0].groups[0].pricingPlans[0].visualElements[5].key", "tag_text"): Verify element property value successfully

2023-10-16 14:18:33 - [MESSAGE][PASSED] - Verify element property value successfully

2023-10-16 14:18:33 - [TEST_STEP][PASSED] - verifyElementPropertyValue(getResponse, "deals[0].groups[0].pricingPlans[0].visualElements[5].value", "42% de rÃ©duction"): Verify element property value successfully

2023-10-16 14:18:33 - [MESSAGE][PASSED] - Verify element property value successfully

2023-10-16 14:18:33 - [TEST_STEP][PASSED] - verifyElementPropertyValue(getResponse, "deals[0].groups[0].pricingPlans[0].visualElements[7].key", "show_payment_logo"): Verify element property value successfully

2023-10-16 14:18:33 - [MESSAGE][PASSED] - Verify element property value successfully

2023-10-16 14:18:33 - [TEST_STEP][PASSED] - verifyElementPropertyValue(getResponse, "deals[0].groups[0].pricingPlans[0].visualElements[7].value", "true"): Verify element property value successfully

2023-10-16 14:18:33 - [MESSAGE][PASSED] - Verify element property value successfully

2023-10-16 14:18:33 - [TEST_STEP][PASSED] - verifyElementPropertyValue(getResponse, "deals[0].groups[0].pricingPlans[0].visualElements[8].key", "show_tag"): Verify element property value successfully

2023-10-16 14:18:33 - [MESSAGE][PASSED] - Verify element property value successfully

2023-10-16 14:18:33 - [TEST_STEP][PASSED] - verifyElementPropertyValue(getResponse, "deals[0].groups[0].pricingPlans[0].visualElements[8].value", "true"): Verify element property value successfully

2023-10-16 14:18:33 - [MESSAGE][PASSED] - Verify element property value successfully

2023-10-16 14:18:33 - [TEST_STEP][PASSED] - verifyElementPropertyValue(getResponse, "deals[0].groups[0].pricingPlans[0].visualElements[9].key", "price"): Verify element property value successfully

2023-10-16 14:18:33 - [MESSAGE][PASSED] - Verify element property value successfully

2023-10-16 14:18:33 - [TEST_STEP][PASSED] - verifyElementPropertyValue(getResponse, "deals[0].groups[0].pricingPlans[0].visualElements[9].value", "19"): Verify element property value successfully

2023-10-16 14:18:33 - [MESSAGE][PASSED] - Verify element property value successfully

2023-10-16 14:18:33 - [TEST_STEP][PASSED] - verifyElementPropertyValue(getResponse, "deals[0].groups[0].pricingPlans[0].visualElements[10].key", "currency"): Verify element property value successfully

2023-10-16 14:18:33 - [MESSAGE][PASSED] - Verify element property value successfully

2023-10-16 14:18:33 - [TEST_STEP][PASSED] - verifyElementPropertyValue(getResponse, "deals[0].groups[0].pricingPlans[0].visualElements[10].value", "DH"): Verify element property value successfully

2023-10-16 14:18:33 - [MESSAGE][PASSED] - Verify element property value successfully

2023-10-16 14:18:33 - [TEST_STEP][PASSED] - verifyElementPropertyValue(getResponse, "deals[0].groups[0].pricingPlans[0].visualElements[11].key", "duration"): Verify element property value successfully

2023-10-16 14:18:33 - [MESSAGE][PASSED] - Verify element property value successfully

2023-10-16 14:18:33 - [TEST_STEP][PASSED] - verifyElementPropertyValue(getResponse, "deals[0].groups[0].pricingPlans[0].visualElements[11].value", "Mensuel"): Verify element property value successfully

2023-10-16 14:18:33 - [MESSAGE][PASSED] - Verify element property value successfully

2023-10-16 14:18:33 - [TEST_STEP][PASSED] - verifyElementPropertyValue(getResponse, "deals[0].groups[0].pricingPlans[0].visualElements[12].key", "summary_text_1"): Verify element property value successfully

2023-10-16 14:18:33 - [MESSAGE][PASSED] - Verify element property value successfully

2023-10-16 14:18:33 - [TEST_STEP][PASSED] - verifyElementPropertyValue(getResponse, "deals[0].groups[0].pricingPlans[0].visualElements[12].value", "Tout un monde de divertissement. 
 Abonnez-vous! Frais mensuels de DH 19 (TTC)"): Verify element property value successfully

2023-10-16 14:18:33 - [MESSAGE][PASSED] - Verify element property value successfully

2023-10-16 14:18:33 - [TEST_STEP][PASSED] - verifyElementPropertyValue(getResponse, "deals[0].groups[0].pricingPlans[0].visualElements[0].key", "tab_name"): Verify element property value successfully

2023-10-16 14:18:33 - [MESSAGE][PASSED] - Verify element property value successfully

2023-10-16 14:18:33 - [TEST_STEP][PASSED] - verifyElementPropertyValue(getResponse, "deals[0].groups[0].pricingPlans[0].visualElements[0].value", "Shahid VIP Mobile"): Verify element property value successfully

2023-10-16 14:18:33 - [MESSAGE][PASSED] - Verify element property value successfully

2023-10-16 14:18:33 - [TEST_STEP][PASSED] - verifyElementPropertyValue(getResponse, "deals[0].groups[0].pricingPlans[0].pricingPlanData[0].productId", "MAR_SHAHID_MOBILE_ONLY_1M"): Verify element property value successfully

2023-10-16 14:18:33 - [MESSAGE][PASSED] - Verify element property value successfully

2023-10-16 14:18:33 - [TEST_STEP][PASSED] - verifyElementPropertyValue(getResponse, "deals[0].groups[0].pricingPlans[0].pricingPlanData[0].pricingPlanId", "TPay_inwi_MA"): Verify element property value successfully

2023-10-16 14:18:33 - [MESSAGE][PASSED] - Verify element property value successfully

2023-10-16 14:18:33 - [TEST_STEP][PASSED] - verifyElementPropertyValue(getResponse, "deals[0].groups[0].pricingPlans[0].pricingPlanData[0].paymentMethod", "MOBILE_PAY"): Verify element property value successfully

2023-10-16 14:18:33 - [MESSAGE][PASSED] - Verify element property value successfully

2023-10-16 14:18:33 - [TEST_STEP][PASSED] - verifyElementPropertyValue(getResponse, "deals[0].groups[0].pricingPlans[0].pricingPlanData[0].subPricingPlanIds[0]", "60405"): Verify element property value successfully

2023-10-16 14:18:33 - [MESSAGE][PASSED] - Verify element property value successfully

2023-10-16 14:18:33 - [TEST_STEP][PASSED] - verifyElementPropertyValue(getResponse, "deals[0].groups[0].pricingPlans[0].pricingPlanData[0].priceLabel", "19"): Verify element property value successfully

2023-10-16 14:18:33 - [MESSAGE][PASSED] - Verify element property value successfully

2023-10-16 14:18:33 - [TEST_STEP][PASSED] - verifyElementPropertyValue(getResponse, "deals[0].groups[0].pricingPlans[0].pricingPlanData[0].dealId", "INWIMLD01_MAR"): Verify element property value successfully

2023-10-16 14:18:33 - [MESSAGE][PASSED] - Verify element property value successfully

2023-10-16 14:18:33 - [TEST_STEP][PASSED] - verifyElementPropertyValue(getResponse, "deals[0].groups[0].pricingPlans[0].pricingPlanData[0].showForAnonymous", "true"): Verify element property value successfully

2023-10-16 14:18:33 - [MESSAGE][PASSED] - Verify element property value successfully

2023-10-16 14:18:33 - [TEST_STEP][PASSED] - verifyElementPropertyValue(getResponse, "deals[0].specialOfferLandingPage.visualElements[1].key", "pop_up_tab_title"): Verify element property value successfully

2023-10-16 14:18:33 - [MESSAGE][PASSED] - Verify element property value successfully

2023-10-16 14:18:33 - [TEST_STEP][PASSED] - verifyElementPropertyValue(getResponse, "deals[0].specialOfferLandingPage.visualElements[1].value[0]", "CGU"): Verify element property value successfully

2023-10-16 14:18:33 - [MESSAGE][PASSED] - Verify element property value successfully

2023-10-16 14:18:33 - [TEST_STEP][PASSED] - verifyElementPropertyValue(getResponse, "deals[0].specialOfferLandingPage.visualElements[2].key", "pop_up_tab_content"): Verify element property value successfully

2023-10-16 14:18:33 - [MESSAGE][PASSED] - Verify element property value successfully

2023-10-16 14:18:33 - [TEST_STEP][PASSED] - verifyElementPropertyValue(getResponse, "deals[0].specialOfferLandingPage.visualElements[2].value[0]", "<ul> <li> L'abonnement sera automatiquement renouvelÃ© </li> <li> Frais mensuels de DH 19 (TTC) </li> <li> Pour plus d'informations, veuillez contacter : care@shahid.net </li>  </ul>"): Verify element property value successfully

2023-10-16 14:18:33 - [MESSAGE][PASSED] - Verify element property value successfully

2023-10-16 14:18:33 - [TEST_STEP][PASSED] - verifyElementPropertyValue(getResponse, "deals[0].specialOfferLandingPage.visualElements[3].key", "partner_logo"): Verify element property value successfully

2023-10-16 14:18:33 - [MESSAGE][PASSED] - Verify element property value successfully

2023-10-16 14:18:33 - [TEST_STEP][PASSED] - verifyElementPropertyValue(getResponse, "deals[0].specialOfferLandingPage.visualElements[3].value", "https://shahid-static.s3.us-east-1.amazonaws.com/shahid-subscription-config/LP/Logo_inwi.png"): Verify element property value successfully

2023-10-16 14:18:33 - [MESSAGE][PASSED] - Verify element property value successfully

2023-10-16 14:18:33 - [TEST_STEP][PASSED] - verifyElementPropertyValue(getResponse, "deals[0].specialOfferLandingPage.visualElements[5].key", "partner_name"): Verify element property value successfully

2023-10-16 14:18:33 - [MESSAGE][PASSED] - Verify element property value successfully

2023-10-16 14:18:33 - [TEST_STEP][PASSED] - verifyElementPropertyValue(getResponse, "deals[0].specialOfferLandingPage.visualElements[5].value", "Inwi"): Verify element property value successfully

2023-10-16 14:18:33 - [MESSAGE][PASSED] - Verify element property value successfully

2023-10-16 14:18:33 - [TEST_STEP][PASSED] - verifyElementPropertyValue(getResponse, "deals[0].specialOfferLandingPage.visualElements[6].key", "continue_cta"): Verify element property value successfully

2023-10-16 14:18:33 - [MESSAGE][PASSED] - Verify element property value successfully

2023-10-16 14:18:33 - [TEST_STEP][PASSED] - verifyElementPropertyValue(getResponse, "deals[0].specialOfferLandingPage.visualElements[6].value", "Profitez de l'offre"): Verify element property value successfully

2023-10-16 14:18:33 - [MESSAGE][PASSED] - Verify element property value successfully

2023-10-16 14:18:33 - [TEST_STEP][PASSED] - verifyElementPropertyValue(getResponse, "deals[0].specialOfferLandingPage.visualElements[7].key", "guideline_cta"): Verify element property value successfully

2023-10-16 14:18:33 - [MESSAGE][PASSED] - Verify element property value successfully

2023-10-16 14:18:33 - [TEST_STEP][PASSED] - verifyElementPropertyValue(getResponse, "deals[0].specialOfferLandingPage.visualElements[7].value[0]", "Les CGU s'appliquent."): Verify element property value successfully

2023-10-16 14:18:33 - [MESSAGE][PASSED] - Verify element property value successfully

2023-10-16 14:18:33 - [TEST_STEP][PASSED] - verifyElementPropertyValue(getResponse, "deals[0].specialOfferLandingPage.cards[0].image", "https://shahid-static.s3.amazonaws.com/shahid-subscription-config/LP/2022MOLP.jpg"): Verify element property value successfully

2023-10-16 14:18:33 - [MESSAGE][PASSED] - Verify element property value successfully

2023-10-16 14:18:33 - [TEST_STEP][PASSED] - verifyElementPropertyValue(getResponse, "visualElements[0].key", "main_CTA_text_1"): Verify element property value successfully

2023-10-16 14:18:34 - [MESSAGE][PASSED] - Verify element property value successfully

2023-10-16 14:18:34 - [TEST_STEP][PASSED] - verifyElementPropertyValue(getResponse, "visualElements[0].value", "Abonnez-vous dÃ¨s maintenant et profitez de vos programmes sans publicitÃ©"): Verify element property value successfully

2023-10-16 14:18:34 - [MESSAGE][PASSED] - Verify element property value successfully

2023-10-16 14:18:34 - [TEST_STEP][PASSED] - verifyElementPropertyValue(getResponse, "visualElements[2].key", "main_disclaimer_text"): Verify element property value successfully

2023-10-16 14:18:34 - [MESSAGE][PASSED] - Verify element property value successfully

2023-10-16 14:18:34 - [TEST_STEP][PASSED] - verifyElementPropertyValue(getResponse, "visualElements[2].value", "Les frais d'abonnement peuvent varier selon le pays, le moyen de paiement, le forfait, les taxes, les taux de change et les frais bancaires. Les conditions gÃ©nÃ©rales d'utilisation s'appliquent."): Verify element property value successfully

2023-10-16 14:18:34 - [MESSAGE][PASSED] - Verify element property value successfully

2023-10-16 14:18:34 - [TEST_STEP][PASSED] - verifyElementPropertyValue(getResponse, "visualElements[4].key", "display_type"): Verify element property value successfully

2023-10-16 14:18:34 - [MESSAGE][PASSED] - Verify element property value successfully

2023-10-16 14:18:34 - [TEST_STEP][PASSED] - verifyElementPropertyValue(getResponse, "visualElements[4].value", "vertical"): Verify element property value successfully

2023-10-16 14:18:34 - [MESSAGE][PASSED] - Verify element property value successfully

2023-10-16 14:18:34 - [TEST_STEP][PASSED] - verifyElementPropertyValue(getResponse, "pages[0].visualElements[0].key", "alternative_payment_title"): Verify element property value successfully

2023-10-16 14:18:34 - [MESSAGE][PASSED] - Verify element property value successfully

2023-10-16 14:18:34 - [TEST_STEP][PASSED] - verifyElementPropertyValue(getResponse, "pages[0].visualElements[0].value", "Ou choisissez l'un des autres moyens de paiement suivants"): Verify element property value successfully

2023-10-16 14:18:34 - [MESSAGE][PASSED] - Verify element property value successfully

2023-10-16 14:18:34 - [TEST_STEP][PASSED] - verifyElementPropertyValue(getResponse, "pages[0].visualElements[1].key", "label_text"): Verify element property value successfully

2023-10-16 14:18:34 - [MESSAGE][PASSED] - Verify element property value successfully

2023-10-16 14:18:34 - [TEST_STEP][PASSED] - verifyElementPropertyValue(getResponse, "pages[0].visualElements[1].value", "Autres moyens de paiement"): Verify element property value successfully

2023-10-16 14:18:34 - [MESSAGE][PASSED] - Verify element property value successfully

2023-10-16 14:18:34 - [TEST_STEP][PASSED] - verifyElementPropertyValue(getResponse, "pages[0].visualElements[3].key", "CTA_text"): Verify element property value successfully

2023-10-16 14:18:34 - [MESSAGE][PASSED] - Verify element property value successfully

2023-10-16 14:18:34 - [TEST_STEP][PASSED] - verifyElementPropertyValue(getResponse, "pages[0].visualElements[3].value", "Cliquez ici"): Verify element property value successfully

2023-10-16 14:18:34 - [MESSAGE][PASSED] - Verify element property value successfully

2023-10-16 14:18:34 - [TEST_STEP][PASSED] - verifyElementPropertyValue(getResponse, "pages[0].visualElements[4].key", "main_title"): Verify element property value successfully

2023-10-16 14:18:34 - [MESSAGE][PASSED] - Verify element property value successfully

2023-10-16 14:18:34 - [TEST_STEP][PASSED] - verifyElementPropertyValue(getResponse, "pages[0].visualElements[4].value", "Autres moyens de paiement"): Verify element property value successfully

2023-10-16 14:18:34 - [MESSAGE][PASSED] - Verify element property value successfully

2023-10-16 14:18:34 - [TEST_STEP][PASSED] - verifyElementPropertyValue(getResponse, "pages[0].visualElements[6].key", "alternative_payment_methods"): Verify element property value successfully

2023-10-16 14:18:34 - [MESSAGE][PASSED] - Verify element property value successfully

2023-10-16 14:18:34 - [TEST_STEP][PASSED] - verifyElementPropertyValue(getResponse, "pages[0].visualElements[6].value", "Vous pouvez vous procurer un code promo Shahid auprÃ¨s de l'un des points de vente suivants"): Verify element property value successfully

2023-10-16 14:18:34 - [MESSAGE][PASSED] - Verify element property value successfully

2023-10-16 14:18:34 - [TEST_STEP][PASSED] - verifyElementPropertyValue(getResponse, "partners[0].name", "Cash Plus"): Verify element property value successfully

2023-10-16 14:18:34 - [MESSAGE][PASSED] - Verify element property value successfully

2023-10-16 14:18:34 - [TEST_STEP][PASSED] - verifyElementPropertyValue(getResponse, "partners[0].link", "https://www.cashplus.ma/ar/#map"): Verify element property value successfully

2023-10-16 14:18:34 - [MESSAGE][PASSED] - Verify element property value successfully

2023-10-16 14:18:34 - [TEST_STEP][PASSED] - verifyElementPropertyValue(getResponse, "partners[0].logo", "https://static.s3.shahid.mbc.net/widget-images/logos/cashplus@2x.png"): Verify element property value successfully

2023-10-16 14:18:34 - [MESSAGE][PASSED] - Verify element property value successfully

2023-10-16 14:18:34 - [TEST_STEP][PASSED] - verifyElementPropertyValue(getResponse, "partners[0].visible", "true"): Verify element property value successfully

2023-10-16 14:18:34 - [MESSAGE][PASSED] - Verify element property value successfully

2023-10-16 14:18:34 - [TEST_STEP][PASSED] - verifyElementPropertyValue(getResponse, "partners[0].visualElements[0].key", "text"): Verify element property value successfully

2023-10-16 14:18:34 - [MESSAGE][PASSED] - Verify element property value successfully

2023-10-16 14:18:34 - [TEST_STEP][PASSED] - verifyElementPropertyValue(getResponse, "partners[0].visualElements[0].value", "Plus dâinformations"): Verify element property value successfully

2023-10-16 14:18:34 - [MESSAGE][PASSED] - Verify element property value successfully

2023-10-16 14:18:34 - [TEST_STEP][PASSED] - verifyElementPropertyValue(getResponse, "defaultPackageId", "SHAHID_VIP"): Verify element property value successfully

2023-10-16 14:18:34 - [MESSAGE][PASSED] - Verify element property value successfully]]></system-out>
         <system-err><![CDATA[]]></system-err>
      </testcase>
      <testcase name="Test Cases/WEB - CHROME/MAR PI/WEB_EN_getSubscriptionConfigForMAR_Imagine" time="1.954" classname="Test Cases/WEB - CHROME/MAR PI/WEB_EN_getSubscriptionConfigForMAR_Imagine" status="FAILED">
         <failure type="FAILED" message="Test Cases/WEB - CHROME/MAR PI/WEB_EN_getSubscriptionConfigForMAR_Imagine FAILED.
Reason:
com.kms.katalon.core.exception.StepFailedException: Expected element property value 'Other Payment Methods' is not equal with actual property value 'Other payment methods'
	at com.kms.katalon.core.keyword.internal.KeywordMain.stepFailed(KeywordMain.groovy:39)
	at com.kms.katalon.core.webservice.keyword.builtin.VerifyElementPropertyValueKeyword$_verifyElementPropertyValue_closure1.doCall(VerifyElementPropertyValueKeyword.groovy:56)
	at com.kms.katalon.core.webservice.keyword.builtin.VerifyElementPropertyValueKeyword$_verifyElementPropertyValue_closure1.call(VerifyElementPropertyValueKeyword.groovy)
	at com.kms.katalon.core.keyword.internal.KeywordMain.runKeyword(KeywordMain.groovy:75)
	at com.kms.katalon.core.webservice.keyword.builtin.VerifyElementPropertyValueKeyword.verifyElementPropertyValue(VerifyElementPropertyValueKeyword.groovy:48)
	at com.kms.katalon.core.webservice.keyword.builtin.VerifyElementPropertyValueKeyword.execute(VerifyElementPropertyValueKeyword.groovy:43)
	at com.kms.katalon.core.keyword.internal.KeywordExecutor.executeKeywordForPlatform(KeywordExecutor.groovy:74)
	at com.kms.katalon.core.webservice.keyword.WSBuiltInKeywords.verifyElementPropertyValue(WSBuiltInKeywords.groovy:190)
	at com.kms.katalon.core.webservice.keyword.WSBuiltInKeywords$verifyElementPropertyValue$1.call(Unknown Source)
	at WEB_EN_getSubscriptionConfigForMAR_Imagine.run(WEB_EN_getSubscriptionConfigForMAR_Imagine:150)
	at com.kms.katalon.core.main.ScriptEngine.run(ScriptEngine.java:194)
	at com.kms.katalon.core.main.ScriptEngine.runScriptAsRawText(ScriptEngine.java:119)
	at com.kms.katalon.core.main.TestCaseExecutor.runScript(TestCaseExecutor.java:448)
	at com.kms.katalon.core.main.TestCaseExecutor.doExecute(TestCaseExecutor.java:439)
	at com.kms.katalon.core.main.TestCaseExecutor.processExecutionPhase(TestCaseExecutor.java:418)
	at com.kms.katalon.core.main.TestCaseExecutor.accessMainPhase(TestCaseExecutor.java:410)
	at com.kms.katalon.core.main.TestCaseExecutor.execute(TestCaseExecutor.java:285)
	at com.kms.katalon.core.common.CommonExecutor.accessTestCaseMainPhase(CommonExecutor.java:65)
	at com.kms.katalon.core.main.TestSuiteExecutor.accessTestSuiteMainPhase(TestSuiteExecutor.java:148)
	at com.kms.katalon.core.main.TestSuiteExecutor.execute(TestSuiteExecutor.java:106)
	at com.kms.katalon.core.main.TestCaseMain.startTestSuite(TestCaseMain.java:187)
	at com.kms.katalon.core.main.TestCaseMain$startTestSuite$0.call(Unknown Source)
	at TempTestSuite1697454219692.run(TempTestSuite1697454219692.groovy:36)
"/>
         <system-out><![CDATA[2023-10-16 14:18:34 - [TEST_CASE][FAILED] - Test Cases/WEB - CHROME/MAR PI/WEB_EN_getSubscriptionConfigForMAR_Imagine: Test Cases/WEB - CHROME/MAR PI/WEB_EN_getSubscriptionConfigForMAR_Imagine FAILED.
Reason:
com.kms.katalon.core.exception.StepFailedException: Expected element property value 'Other Payment Methods' is not equal with actual property value 'Other payment methods'
	at com.kms.katalon.core.keyword.internal.KeywordMain.stepFailed(KeywordMain.groovy:39)
	at com.kms.katalon.core.webservice.keyword.builtin.VerifyElementPropertyValueKeyword$_verifyElementPropertyValue_closure1.doCall(VerifyElementPropertyValueKeyword.groovy:56)
	at com.kms.katalon.core.webservice.keyword.builtin.VerifyElementPropertyValueKeyword$_verifyElementPropertyValue_closure1.call(VerifyElementPropertyValueKeyword.groovy)
	at com.kms.katalon.core.keyword.internal.KeywordMain.runKeyword(KeywordMain.groovy:75)
	at com.kms.katalon.core.webservice.keyword.builtin.VerifyElementPropertyValueKeyword.verifyElementPropertyValue(VerifyElementPropertyValueKeyword.groovy:48)
	at com.kms.katalon.core.webservice.keyword.builtin.VerifyElementPropertyValueKeyword.execute(VerifyElementPropertyValueKeyword.groovy:43)
	at com.kms.katalon.core.keyword.internal.KeywordExecutor.executeKeywordForPlatform(KeywordExecutor.groovy:74)
	at com.kms.katalon.core.webservice.keyword.WSBuiltInKeywords.verifyElementPropertyValue(WSBuiltInKeywords.groovy:190)
	at com.kms.katalon.core.webservice.keyword.WSBuiltInKeywords$verifyElementPropertyValue$1.call(Unknown Source)
	at WEB_EN_getSubscriptionConfigForMAR_Imagine.run(WEB_EN_getSubscriptionConfigForMAR_Imagine:150)
	at com.kms.katalon.core.main.ScriptEngine.run(ScriptEngine.java:194)
	at com.kms.katalon.core.main.ScriptEngine.runScriptAsRawText(ScriptEngine.java:119)
	at com.kms.katalon.core.main.TestCaseExecutor.runScript(TestCaseExecutor.java:448)
	at com.kms.katalon.core.main.TestCaseExecutor.doExecute(TestCaseExecutor.java:439)
	at com.kms.katalon.core.main.TestCaseExecutor.processExecutionPhase(TestCaseExecutor.java:418)
	at com.kms.katalon.core.main.TestCaseExecutor.accessMainPhase(TestCaseExecutor.java:410)
	at com.kms.katalon.core.main.TestCaseExecutor.execute(TestCaseExecutor.java:285)
	at com.kms.katalon.core.common.CommonExecutor.accessTestCaseMainPhase(CommonExecutor.java:65)
	at com.kms.katalon.core.main.TestSuiteExecutor.accessTestSuiteMainPhase(TestSuiteExecutor.java:148)
	at com.kms.katalon.core.main.TestSuiteExecutor.execute(TestSuiteExecutor.java:106)
	at com.kms.katalon.core.main.TestCaseMain.startTestSuite(TestCaseMain.java:187)
	at com.kms.katalon.core.main.TestCaseMain$startTestSuite$0.call(Unknown Source)
	at TempTestSuite1697454219692.run(TempTestSuite1697454219692.groovy:36)


2023-10-16 14:18:34 - [TEST_STEP][PASSED] - getResponse = config_files.getConfigFile.getConfig("WEB", "EN", "SHAHID_VIP_GEA", "MA", "false"): config_files.getConfigFile.getConfig is PASSED

2023-10-16 14:18:35 - [MESSAGE][INFO] - HAR: /Users/admin/git/shahid-configuration/Reports/20231016_140310/WEB/MAR/20231016_140339/requests/main/1.har

2023-10-16 14:18:35 - [MESSAGE][PASSED] - Send request successfully

2023-10-16 14:18:35 - [MESSAGE][PASSED] - config_files.getConfigFile.getConfig is PASSED

2023-10-16 14:18:35 - [TEST_STEP][PASSED] - verifyResponseStatusCode(getResponse, 200): Verify response status code successfully

2023-10-16 14:18:35 - [MESSAGE][PASSED] - Verify response status code successfully

2023-10-16 14:18:35 - [TEST_STEP][PASSED] - verifyElementPropertyValue(getResponse, "country", "MAR"): Verify element property value successfully

2023-10-16 14:18:35 - [MESSAGE][PASSED] - Verify element property value successfully

2023-10-16 14:18:35 - [TEST_STEP][PASSED] - verifyElementPropertyValue(getResponse, "platform", "[WEB]"): Verify element property value successfully

2023-10-16 14:18:35 - [MESSAGE][PASSED] - Verify element property value successfully

2023-10-16 14:18:35 - [TEST_STEP][PASSED] - verifyElementPropertyValue(getResponse, "groups[0].pricingPlans[0].featured", "true"): Verify element property value successfully

2023-10-16 14:18:35 - [MESSAGE][PASSED] - Verify element property value successfully

2023-10-16 14:18:35 - [TEST_STEP][PASSED] - verifyElementPropertyValue(getResponse, "groups[0].pricingPlans[0].packageId", "SHAHID_VIP_GEA"): Verify element property value successfully

2023-10-16 14:18:35 - [MESSAGE][PASSED] - Verify element property value successfully

2023-10-16 14:18:35 - [TEST_STEP][PASSED] - verifyElementPropertyValue(getResponse, "groups[0].pricingPlans[0].catalogId", "GEA"): Verify element property value successfully

2023-10-16 14:18:35 - [MESSAGE][PASSED] - Verify element property value successfully

2023-10-16 14:18:35 - [TEST_STEP][PASSED] - verifyElementPropertyValue(getResponse, "groups[0].pricingPlans[0].visualElements[0].key", "Header_1_text"): Verify element property value successfully

2023-10-16 14:18:35 - [MESSAGE][PASSED] - Verify element property value successfully

2023-10-16 14:18:35 - [TEST_STEP][PASSED] - verifyElementPropertyValue(getResponse, "groups[0].pricingPlans[0].visualElements[0].value", "Watch the most powerful series and movies exclusively without stopping"): Verify element property value successfully

2023-10-16 14:18:35 - [MESSAGE][PASSED] - Verify element property value successfully

2023-10-16 14:18:35 - [TEST_STEP][PASSED] - verifyElementPropertyValue(getResponse, "groups[0].pricingPlans[0].visualElements[1].key", "display_title"): Verify element property value successfully

2023-10-16 14:18:35 - [MESSAGE][PASSED] - Verify element property value successfully

2023-10-16 14:18:35 - [TEST_STEP][PASSED] - verifyElementPropertyValue(getResponse, "groups[0].pricingPlans[0].visualElements[1].value", "Monthly Plan"): Verify element property value successfully

2023-10-16 14:18:35 - [MESSAGE][PASSED] - Verify element property value successfully

2023-10-16 14:18:35 - [TEST_STEP][PASSED] - verifyElementPropertyValue(getResponse, "groups[0].pricingPlans[0].visualElements[3].key", "promo_text"): Verify element property value successfully

2023-10-16 14:18:35 - [MESSAGE][PASSED] - Verify element property value successfully

2023-10-16 14:18:35 - [TEST_STEP][PASSED] - verifyElementPropertyValue(getResponse, "groups[0].pricingPlans[0].visualElements[3].value", "62 DH / month"): Verify element property value successfully

2023-10-16 14:18:35 - [MESSAGE][PASSED] - Verify element property value successfully

2023-10-16 14:18:35 - [TEST_STEP][PASSED] - verifyElementPropertyValue(getResponse, "groups[0].pricingPlans[0].visualElements[4].key", "deduction_text"): Verify element property value successfully

2023-10-16 14:18:35 - [MESSAGE][PASSED] - Verify element property value successfully

2023-10-16 14:18:35 - [TEST_STEP][PASSED] - verifyElementPropertyValue(getResponse, "groups[0].pricingPlans[0].visualElements[4].value", "billed every month"): Verify element property value successfully

2023-10-16 14:18:35 - [MESSAGE][PASSED] - Verify element property value successfully

2023-10-16 14:18:35 - [TEST_STEP][PASSED] - verifyElementPropertyValue(getResponse, "groups[0].pricingPlans[0].visualElements[7].key", "show_payment_logo"): Verify element property value successfully

2023-10-16 14:18:35 - [MESSAGE][PASSED] - Verify element property value successfully

2023-10-16 14:18:35 - [TEST_STEP][PASSED] - verifyElementPropertyValue(getResponse, "groups[0].pricingPlans[0].visualElements[7].value", "true"): Verify element property value successfully

2023-10-16 14:18:35 - [MESSAGE][PASSED] - Verify element property value successfully

2023-10-16 14:18:35 - [TEST_STEP][PASSED] - verifyElementPropertyValue(getResponse, "groups[0].pricingPlans[0].visualElements[8].key", "show_tag"): Verify element property value successfully

2023-10-16 14:18:35 - [MESSAGE][PASSED] - Verify element property value successfully

2023-10-16 14:18:35 - [TEST_STEP][PASSED] - verifyElementPropertyValue(getResponse, "groups[0].pricingPlans[0].visualElements[8].value", "false"): Verify element property value successfully

2023-10-16 14:18:35 - [MESSAGE][PASSED] - Verify element property value successfully

2023-10-16 14:18:35 - [TEST_STEP][PASSED] - verifyElementPropertyValue(getResponse, "groups[0].pricingPlans[0].visualElements[10].key", "price"): Verify element property value successfully

2023-10-16 14:18:35 - [MESSAGE][PASSED] - Verify element property value successfully

2023-10-16 14:18:35 - [TEST_STEP][PASSED] - verifyElementPropertyValue(getResponse, "groups[0].pricingPlans[0].visualElements[10].value", "62"): Verify element property value successfully

2023-10-16 14:18:35 - [MESSAGE][PASSED] - Verify element property value successfully

2023-10-16 14:18:35 - [TEST_STEP][PASSED] - verifyElementPropertyValue(getResponse, "groups[0].pricingPlans[0].visualElements[11].key", "currency"): Verify element property value successfully

2023-10-16 14:18:35 - [MESSAGE][PASSED] - Verify element property value successfully

2023-10-16 14:18:35 - [TEST_STEP][PASSED] - verifyElementPropertyValue(getResponse, "groups[0].pricingPlans[0].visualElements[11].value", "DH"): Verify element property value successfully

2023-10-16 14:18:35 - [MESSAGE][PASSED] - Verify element property value successfully

2023-10-16 14:18:35 - [TEST_STEP][PASSED] - verifyElementPropertyValue(getResponse, "groups[0].pricingPlans[0].visualElements[12].key", "duration"): Verify element property value successfully

2023-10-16 14:18:35 - [MESSAGE][PASSED] - Verify element property value successfully

2023-10-16 14:18:35 - [TEST_STEP][PASSED] - verifyElementPropertyValue(getResponse, "groups[0].pricingPlans[0].visualElements[12].value", "Monthly"): Verify element property value successfully

2023-10-16 14:18:35 - [MESSAGE][PASSED] - Verify element property value successfully

2023-10-16 14:18:35 - [TEST_STEP][PASSED] - verifyElementPropertyValue(getResponse, "groups[0].pricingPlans[0].visualElements[13].key", "featured_tag_text"): Verify element property value successfully

2023-10-16 14:18:35 - [MESSAGE][PASSED] - Verify element property value successfully

2023-10-16 14:18:35 - [TEST_STEP][PASSED] - verifyElementPropertyValue(getResponse, "groups[0].pricingPlans[0].visualElements[13].value", "Most popular"): Verify element property value successfully

2023-10-16 14:18:35 - [MESSAGE][PASSED] - Verify element property value successfully

2023-10-16 14:18:35 - [TEST_STEP][PASSED] - verifyElementPropertyValue(getResponse, "groups[0].pricingPlans[0].order", "6"): Verify element property value successfully

2023-10-16 14:18:35 - [MESSAGE][PASSED] - Verify element property value successfully

2023-10-16 14:18:35 - [TEST_STEP][PASSED] - verifyElementPropertyValue(getResponse, "groups[0].pricingPlans[0].period", "monthly"): Verify element property value successfully

2023-10-16 14:18:35 - [MESSAGE][PASSED] - Verify element property value successfully

2023-10-16 14:18:35 - [TEST_STEP][PASSED] - verifyElementPropertyValue(getResponse, "groups[0].pricingPlans[0].price", "62.0"): Verify element property value successfully

2023-10-16 14:18:35 - [MESSAGE][PASSED] - Verify element property value successfully

2023-10-16 14:18:35 - [TEST_STEP][PASSED] - verifyElementPropertyValue(getResponse, "groups[0].pricingPlans[0].currency", "DH"): Verify element property value successfully

2023-10-16 14:18:35 - [MESSAGE][PASSED] - Verify element property value successfully

2023-10-16 14:18:35 - [TEST_STEP][PASSED] - verifyElementPropertyValue(getResponse, "groups[0].pricingPlans[0].pricingPlanData[0].productId", "MAR_B2C_SHAHID_VIP_GEA_1M"): Verify element property value successfully

2023-10-16 14:18:35 - [MESSAGE][PASSED] - Verify element property value successfully

2023-10-16 14:18:35 - [TEST_STEP][PASSED] - verifyElementPropertyValue(getResponse, "groups[0].pricingPlans[0].pricingPlanData[0].subPricingPlanIds", "null"): Verify element property value successfully

2023-10-16 14:18:35 - [MESSAGE][PASSED] - Verify element property value successfully

2023-10-16 14:18:35 - [TEST_STEP][PASSED] - verifyElementPropertyValue(getResponse, "groups[0].pricingPlans[0].pricingPlanData[0].paymentMethod", "CREDIT_CARD"): Verify element property value successfully

2023-10-16 14:18:35 - [MESSAGE][PASSED] - Verify element property value successfully

2023-10-16 14:18:35 - [TEST_STEP][PASSED] - verifyElementPropertyValue(getResponse, "groups[0].pricingPlans[0].pricingPlanData[0].freeTrialEnabled", "false"): Verify element property value successfully

2023-10-16 14:18:35 - [MESSAGE][PASSED] - Verify element property value successfully

2023-10-16 14:18:35 - [TEST_STEP][PASSED] - verifyElementPropertyValue(getResponse, "groups[0].pricingPlans[0].pricingPlanData[0].visualElements[0].key", "title"): Verify element property value successfully

2023-10-16 14:18:35 - [MESSAGE][PASSED] - Verify element property value successfully

2023-10-16 14:18:35 - [TEST_STEP][PASSED] - verifyElementPropertyValue(getResponse, "groups[0].pricingPlans[0].pricingPlanData[0].visualElements[0].value", "Credit/Debit Card"): Verify element property value successfully

2023-10-16 14:18:35 - [MESSAGE][PASSED] - Verify element property value successfully

2023-10-16 14:18:35 - [TEST_STEP][PASSED] - verifyElementPropertyValue(getResponse, "groups[0].pricingPlans[0].pricingPlanData[0].visualElements[1].key", "CTA_text"): Verify element property value successfully

2023-10-16 14:18:35 - [MESSAGE][PASSED] - Verify element property value successfully

2023-10-16 14:18:35 - [TEST_STEP][PASSED] - verifyElementPropertyValue(getResponse, "groups[0].pricingPlans[0].pricingPlanData[0].visualElements[1].value", "Subscribe"): Verify element property value successfully

2023-10-16 14:18:35 - [MESSAGE][PASSED] - Verify element property value successfully

2023-10-16 14:18:35 - [TEST_STEP][PASSED] - verifyElementPropertyValue(getResponse, "groups[0].pricingPlans[0].pricingPlanData[0].visualElements[2].key", "logo"): Verify element property value successfully

2023-10-16 14:18:35 - [MESSAGE][PASSED] - Verify element property value successfully

2023-10-16 14:18:35 - [TEST_STEP][PASSED] - verifyElementPropertyValue(getResponse, "groups[0].pricingPlans[0].pricingPlanData[0].visualElements[2].value", "https://static.s3.shahid.mbc.net/widget-images/icons/iconCreditCard.png"): Verify element property value successfully

2023-10-16 14:18:35 - [MESSAGE][PASSED] - Verify element property value successfully

2023-10-16 14:18:35 - [TEST_STEP][PASSED] - verifyElementPropertyValue(getResponse, "groups[0].pricingPlans[0].pricingPlanData[0].priceLabel", "62"): Verify element property value successfully

2023-10-16 14:18:35 - [MESSAGE][PASSED] - Verify element property value successfully

2023-10-16 14:18:35 - [TEST_STEP][PASSED] - verifyElementPropertyValue(getResponse, "groups[0].pricingPlans[0].pricingPlanData[0].currencyLabel", "DH"): Verify element property value successfully

2023-10-16 14:18:35 - [MESSAGE][PASSED] - Verify element property value successfully

2023-10-16 14:18:35 - [TEST_STEP][PASSED] - verifyElementPropertyValue(getResponse, "groups[0].pricingPlans[1].featured", "false"): Verify element property value successfully

2023-10-16 14:18:35 - [MESSAGE][PASSED] - Verify element property value successfully

2023-10-16 14:18:35 - [TEST_STEP][PASSED] - verifyElementPropertyValue(getResponse, "groups[0].pricingPlans[1].packageId", "SHAHID_VIP_GEA"): Verify element property value successfully

2023-10-16 14:18:35 - [MESSAGE][PASSED] - Verify element property value successfully

2023-10-16 14:18:35 - [TEST_STEP][PASSED] - verifyElementPropertyValue(getResponse, "groups[0].pricingPlans[1].catalogId", "GEA"): Verify element property value successfully

2023-10-16 14:18:35 - [MESSAGE][PASSED] - Verify element property value successfully

2023-10-16 14:18:35 - [TEST_STEP][PASSED] - verifyElementPropertyValue(getResponse, "groups[0].pricingPlans[1].visualElements[0].key", "Header_1_text"): Verify element property value successfully

2023-10-16 14:18:35 - [MESSAGE][PASSED] - Verify element property value successfully

2023-10-16 14:18:35 - [TEST_STEP][PASSED] - verifyElementPropertyValue(getResponse, "groups[0].pricingPlans[1].visualElements[0].value", "Watch the most powerful series and movies exclusively without stopping"): Verify element property value successfully

2023-10-16 14:18:35 - [MESSAGE][PASSED] - Verify element property value successfully

2023-10-16 14:18:35 - [TEST_STEP][PASSED] - verifyElementPropertyValue(getResponse, "groups[0].pricingPlans[1].visualElements[1].key", "display_title"): Verify element property value successfully

2023-10-16 14:18:35 - [MESSAGE][PASSED] - Verify element property value successfully

2023-10-16 14:18:35 - [TEST_STEP][PASSED] - verifyElementPropertyValue(getResponse, "groups[0].pricingPlans[1].visualElements[1].value", "Annual Plan"): Verify element property value successfully

2023-10-16 14:18:35 - [MESSAGE][PASSED] - Verify element property value successfully

2023-10-16 14:18:35 - [TEST_STEP][PASSED] - verifyElementPropertyValue(getResponse, "groups[0].pricingPlans[1].visualElements[2].key", "tag_text"): Verify element property value successfully

2023-10-16 14:18:35 - [MESSAGE][PASSED] - Verify element property value successfully

2023-10-16 14:18:35 - [TEST_STEP][PASSED] - verifyElementPropertyValue(getResponse, "groups[0].pricingPlans[1].visualElements[2].value", "Save 16%"): Verify element property value successfully

2023-10-16 14:18:35 - [MESSAGE][PASSED] - Verify element property value successfully

2023-10-16 14:18:35 - [TEST_STEP][PASSED] - verifyElementPropertyValue(getResponse, "groups[0].pricingPlans[1].visualElements[3].key", "promo_text"): Verify element property value successfully

2023-10-16 14:18:35 - [MESSAGE][PASSED] - Verify element property value successfully

2023-10-16 14:18:35 - [TEST_STEP][PASSED] - verifyElementPropertyValue(getResponse, "groups[0].pricingPlans[1].visualElements[3].value", "52.33 DH / month"): Verify element property value successfully

2023-10-16 14:18:35 - [MESSAGE][PASSED] - Verify element property value successfully

2023-10-16 14:18:35 - [TEST_STEP][PASSED] - verifyElementPropertyValue(getResponse, "groups[0].pricingPlans[1].visualElements[4].key", "deduction_text"): Verify element property value successfully

2023-10-16 14:18:35 - [MESSAGE][PASSED] - Verify element property value successfully

2023-10-16 14:18:35 - [TEST_STEP][PASSED] - verifyElementPropertyValue(getResponse, "groups[0].pricingPlans[1].visualElements[4].value", "628 DH billed every year"): Verify element property value successfully

2023-10-16 14:18:35 - [MESSAGE][PASSED] - Verify element property value successfully

2023-10-16 14:18:35 - [TEST_STEP][PASSED] - verifyElementPropertyValue(getResponse, "groups[0].pricingPlans[1].visualElements[7].key", "show_payment_logo"): Verify element property value successfully

2023-10-16 14:18:35 - [MESSAGE][PASSED] - Verify element property value successfully

2023-10-16 14:18:35 - [TEST_STEP][PASSED] - verifyElementPropertyValue(getResponse, "groups[0].pricingPlans[1].visualElements[7].value", "true"): Verify element property value successfully

2023-10-16 14:18:35 - [MESSAGE][PASSED] - Verify element property value successfully

2023-10-16 14:18:35 - [TEST_STEP][PASSED] - verifyElementPropertyValue(getResponse, "groups[0].pricingPlans[1].visualElements[8].key", "show_tag"): Verify element property value successfully

2023-10-16 14:18:35 - [MESSAGE][PASSED] - Verify element property value successfully

2023-10-16 14:18:35 - [TEST_STEP][PASSED] - verifyElementPropertyValue(getResponse, "groups[0].pricingPlans[1].visualElements[8].value", "true"): Verify element property value successfully

2023-10-16 14:18:35 - [MESSAGE][PASSED] - Verify element property value successfully

2023-10-16 14:18:35 - [TEST_STEP][PASSED] - verifyElementPropertyValue(getResponse, "groups[0].pricingPlans[1].visualElements[10].key", "price"): Verify element property value successfully

2023-10-16 14:18:35 - [MESSAGE][PASSED] - Verify element property value successfully

2023-10-16 14:18:35 - [TEST_STEP][PASSED] - verifyElementPropertyValue(getResponse, "groups[0].pricingPlans[1].visualElements[10].value", "628"): Verify element property value successfully

2023-10-16 14:18:35 - [MESSAGE][PASSED] - Verify element property value successfully

2023-10-16 14:18:35 - [TEST_STEP][PASSED] - verifyElementPropertyValue(getResponse, "groups[0].pricingPlans[1].visualElements[11].key", "currency"): Verify element property value successfully

2023-10-16 14:18:35 - [MESSAGE][PASSED] - Verify element property value successfully

2023-10-16 14:18:35 - [TEST_STEP][PASSED] - verifyElementPropertyValue(getResponse, "groups[0].pricingPlans[1].visualElements[11].value", "DH"): Verify element property value successfully

2023-10-16 14:18:35 - [MESSAGE][PASSED] - Verify element property value successfully

2023-10-16 14:18:35 - [TEST_STEP][PASSED] - verifyElementPropertyValue(getResponse, "groups[0].pricingPlans[1].visualElements[12].key", "duration"): Verify element property value successfully

2023-10-16 14:18:35 - [MESSAGE][PASSED] - Verify element property value successfully

2023-10-16 14:18:35 - [TEST_STEP][PASSED] - verifyElementPropertyValue(getResponse, "groups[0].pricingPlans[1].visualElements[12].value", "yearly"): Verify element property value successfully

2023-10-16 14:18:35 - [MESSAGE][PASSED] - Verify element property value successfully

2023-10-16 14:18:35 - [TEST_STEP][PASSED] - verifyElementPropertyValue(getResponse, "groups[0].pricingPlans[1].order", "8"): Verify element property value successfully

2023-10-16 14:18:35 - [MESSAGE][PASSED] - Verify element property value successfully

2023-10-16 14:18:35 - [TEST_STEP][PASSED] - verifyElementPropertyValue(getResponse, "groups[0].pricingPlans[1].period", "yearly"): Verify element property value successfully

2023-10-16 14:18:35 - [MESSAGE][PASSED] - Verify element property value successfully

2023-10-16 14:18:35 - [TEST_STEP][PASSED] - verifyElementPropertyValue(getResponse, "groups[0].pricingPlans[1].price", "628.0"): Verify element property value successfully

2023-10-16 14:18:35 - [MESSAGE][PASSED] - Verify element property value successfully

2023-10-16 14:18:35 - [TEST_STEP][PASSED] - verifyElementPropertyValue(getResponse, "groups[0].pricingPlans[1].currency", "DH"): Verify element property value successfully

2023-10-16 14:18:35 - [MESSAGE][PASSED] - Verify element property value successfully

2023-10-16 14:18:35 - [TEST_STEP][PASSED] - verifyElementPropertyValue(getResponse, "groups[0].pricingPlans[1].pricingPlanData[0].productId", "MAR_B2C_SHAHID_VIP_GEA_12M"): Verify element property value successfully

2023-10-16 14:18:35 - [MESSAGE][PASSED] - Verify element property value successfully

2023-10-16 14:18:35 - [TEST_STEP][PASSED] - verifyElementPropertyValue(getResponse, "groups[0].pricingPlans[1].pricingPlanData[0].subPricingPlanIds", "null"): Verify element property value successfully

2023-10-16 14:18:35 - [MESSAGE][PASSED] - Verify element property value successfully

2023-10-16 14:18:35 - [TEST_STEP][PASSED] - verifyElementPropertyValue(getResponse, "groups[0].pricingPlans[1].pricingPlanData[0].paymentMethod", "CREDIT_CARD"): Verify element property value successfully

2023-10-16 14:18:35 - [MESSAGE][PASSED] - Verify element property value successfully

2023-10-16 14:18:35 - [TEST_STEP][PASSED] - verifyElementPropertyValue(getResponse, "groups[0].pricingPlans[1].pricingPlanData[0].freeTrialEnabled", "false"): Verify element property value successfully

2023-10-16 14:18:35 - [MESSAGE][PASSED] - Verify element property value successfully

2023-10-16 14:18:35 - [TEST_STEP][PASSED] - verifyElementPropertyValue(getResponse, "groups[0].pricingPlans[1].pricingPlanData[0].visualElements[0].key", "title"): Verify element property value successfully

2023-10-16 14:18:35 - [MESSAGE][PASSED] - Verify element property value successfully

2023-10-16 14:18:35 - [TEST_STEP][PASSED] - verifyElementPropertyValue(getResponse, "groups[0].pricingPlans[1].pricingPlanData[0].visualElements[0].value", "Credit/Debit Card"): Verify element property value successfully

2023-10-16 14:18:35 - [MESSAGE][PASSED] - Verify element property value successfully

2023-10-16 14:18:35 - [TEST_STEP][PASSED] - verifyElementPropertyValue(getResponse, "groups[0].pricingPlans[1].pricingPlanData[0].visualElements[1].key", "CTA_text"): Verify element property value successfully

2023-10-16 14:18:35 - [MESSAGE][PASSED] - Verify element property value successfully

2023-10-16 14:18:35 - [TEST_STEP][PASSED] - verifyElementPropertyValue(getResponse, "groups[0].pricingPlans[1].pricingPlanData[0].visualElements[1].value", "Subscribe"): Verify element property value successfully

2023-10-16 14:18:35 - [MESSAGE][PASSED] - Verify element property value successfully

2023-10-16 14:18:35 - [TEST_STEP][PASSED] - verifyElementPropertyValue(getResponse, "groups[0].pricingPlans[1].pricingPlanData[0].visualElements[2].key", "logo"): Verify element property value successfully

2023-10-16 14:18:35 - [MESSAGE][PASSED] - Verify element property value successfully

2023-10-16 14:18:35 - [TEST_STEP][PASSED] - verifyElementPropertyValue(getResponse, "groups[0].pricingPlans[1].pricingPlanData[0].visualElements[2].value", "https://static.s3.shahid.mbc.net/widget-images/icons/iconCreditCard.png"): Verify element property value successfully

2023-10-16 14:18:35 - [MESSAGE][PASSED] - Verify element property value successfully

2023-10-16 14:18:35 - [TEST_STEP][PASSED] - verifyElementPropertyValue(getResponse, "groups[0].pricingPlans[1].pricingPlanData[0].priceLabel", "628"): Verify element property value successfully

2023-10-16 14:18:35 - [MESSAGE][PASSED] - Verify element property value successfully

2023-10-16 14:18:35 - [TEST_STEP][PASSED] - verifyElementPropertyValue(getResponse, "groups[0].pricingPlans[1].pricingPlanData[0].currencyLabel", "DH"): Verify element property value successfully

2023-10-16 14:18:35 - [MESSAGE][PASSED] - Verify element property value successfully

2023-10-16 14:18:35 - [TEST_STEP][PASSED] - verifyElementPropertyValue(getResponse, "visualElements[0].key", "main_CTA_text_1"): Verify element property value successfully

2023-10-16 14:18:35 - [MESSAGE][PASSED] - Verify element property value successfully

2023-10-16 14:18:35 - [TEST_STEP][PASSED] - verifyElementPropertyValue(getResponse, "visualElements[0].value", "Watch the most powerful series and movies exclusively without stopping"): Verify element property value successfully

2023-10-16 14:18:35 - [MESSAGE][PASSED] - Verify element property value successfully

2023-10-16 14:18:35 - [TEST_STEP][PASSED] - verifyElementPropertyValue(getResponse, "visualElements[2].key", "main_disclaimer_text"): Verify element property value successfully

2023-10-16 14:18:35 - [MESSAGE][PASSED] - Verify element property value successfully

2023-10-16 14:18:35 - [TEST_STEP][PASSED] - verifyElementPropertyValue(getResponse, "visualElements[2].value", "Subscription fees may vary depending on the country, payment method, subscription package, added tax, currency conversion factor, and bank fees. Terms and conditions apply."): Verify element property value successfully

2023-10-16 14:18:35 - [MESSAGE][PASSED] - Verify element property value successfully

2023-10-16 14:18:35 - [TEST_STEP][PASSED] - verifyElementPropertyValue(getResponse, "visualElements[4].key", "display_type"): Verify element property value successfully

2023-10-16 14:18:35 - [MESSAGE][PASSED] - Verify element property value successfully

2023-10-16 14:18:35 - [TEST_STEP][PASSED] - verifyElementPropertyValue(getResponse, "visualElements[4].value", "vertical"): Verify element property value successfully

2023-10-16 14:18:36 - [MESSAGE][PASSED] - Verify element property value successfully

2023-10-16 14:18:36 - [TEST_STEP][PASSED] - verifyElementPropertyValue(getResponse, "pages[0].visualElements[0].key", "alternative_payment_title"): Verify element property value successfully

2023-10-16 14:18:36 - [MESSAGE][PASSED] - Verify element property value successfully

2023-10-16 14:18:36 - [TEST_STEP][PASSED] - verifyElementPropertyValue(getResponse, "pages[0].visualElements[0].value", "Or choose one of the following alternative methods"): Verify element property value successfully

2023-10-16 14:18:36 - [MESSAGE][PASSED] - Verify element property value successfully

2023-10-16 14:18:36 - [TEST_STEP][PASSED] - verifyElementPropertyValue(getResponse, "pages[0].visualElements[1].key", "label_text"): Verify element property value successfully

2023-10-16 14:18:36 - [MESSAGE][PASSED] - Verify element property value successfully

2023-10-16 14:18:36 - [TEST_STEP][FAILED] - verifyElementPropertyValue(getResponse, "pages[0].visualElements[1].value", "Other Payment Methods"): Expected element property value 'Other Payment Methods' is not equal with actual property value 'Other payment methods'

2023-10-16 14:18:36 - [MESSAGE][FAILED] - Expected element property value 'Other Payment Methods' is not equal with actual property value 'Other payment methods'

2023-10-16 14:18:36 - [TEST_STEP][PASSED] - verifyElementPropertyValue(getResponse, "pages[0].visualElements[3].key", "CTA_text"): Verify element property value successfully

2023-10-16 14:18:36 - [MESSAGE][PASSED] - Verify element property value successfully

2023-10-16 14:18:36 - [TEST_STEP][PASSED] - verifyElementPropertyValue(getResponse, "pages[0].visualElements[3].value", "Click here"): Verify element property value successfully

2023-10-16 14:18:36 - [MESSAGE][PASSED] - Verify element property value successfully

2023-10-16 14:18:36 - [TEST_STEP][PASSED] - verifyElementPropertyValue(getResponse, "pages[0].visualElements[4].key", "main_title"): Verify element property value successfully

2023-10-16 14:18:36 - [MESSAGE][PASSED] - Verify element property value successfully

2023-10-16 14:18:36 - [TEST_STEP][PASSED] - verifyElementPropertyValue(getResponse, "pages[0].visualElements[4].value", "Other Payment Methods"): Verify element property value successfully

2023-10-16 14:18:36 - [MESSAGE][PASSED] - Verify element property value successfully

2023-10-16 14:18:36 - [TEST_STEP][PASSED] - verifyElementPropertyValue(getResponse, "pages[0].visualElements[6].key", "alternative_payment_methods"): Verify element property value successfully

2023-10-16 14:18:36 - [MESSAGE][PASSED] - Verify element property value successfully

2023-10-16 14:18:36 - [TEST_STEP][PASSED] - verifyElementPropertyValue(getResponse, "pages[0].visualElements[6].value", "You can get Shahid voucher from any of the following retailers"): Verify element property value successfully

2023-10-16 14:18:36 - [MESSAGE][PASSED] - Verify element property value successfully

2023-10-16 14:18:36 - [TEST_STEP][PASSED] - verifyElementPropertyValue(getResponse, "partners[0].name", "Cash Plus"): Verify element property value successfully

2023-10-16 14:18:36 - [MESSAGE][PASSED] - Verify element property value successfully

2023-10-16 14:18:36 - [TEST_STEP][PASSED] - verifyElementPropertyValue(getResponse, "partners[0].link", "https://www.cashplus.ma/ar/#map"): Verify element property value successfully

2023-10-16 14:18:36 - [MESSAGE][PASSED] - Verify element property value successfully

2023-10-16 14:18:36 - [TEST_STEP][PASSED] - verifyElementPropertyValue(getResponse, "partners[0].logo", "https://static.s3.shahid.mbc.net/widget-images/logos/cashplus@2x.png"): Verify element property value successfully

2023-10-16 14:18:36 - [MESSAGE][PASSED] - Verify element property value successfully

2023-10-16 14:18:36 - [TEST_STEP][PASSED] - verifyElementPropertyValue(getResponse, "partners[0].visible", "true"): Verify element property value successfully

2023-10-16 14:18:36 - [MESSAGE][PASSED] - Verify element property value successfully

2023-10-16 14:18:36 - [TEST_STEP][PASSED] - verifyElementPropertyValue(getResponse, "partners[0].visualElements[0].key", "text"): Verify element property value successfully

2023-10-16 14:18:36 - [MESSAGE][PASSED] - Verify element property value successfully

2023-10-16 14:18:36 - [TEST_STEP][PASSED] - verifyElementPropertyValue(getResponse, "partners[0].visualElements[0].value", "More Information"): Verify element property value successfully

2023-10-16 14:18:36 - [MESSAGE][PASSED] - Verify element property value successfully

2023-10-16 14:18:36 - [TEST_STEP][PASSED] - verifyElementPropertyValue(getResponse, "defaultPackageId", "SHAHID_VIP"): Verify element property value successfully

2023-10-16 14:18:36 - [MESSAGE][PASSED] - Verify element property value successfully]]></system-out>
         <system-err><![CDATA[2023-10-16 14:18:34 - [TEST_CASE][FAILED] - Test Cases/WEB - CHROME/MAR PI/WEB_EN_getSubscriptionConfigForMAR_Imagine: Test Cases/WEB - CHROME/MAR PI/WEB_EN_getSubscriptionConfigForMAR_Imagine FAILED.
Reason:
com.kms.katalon.core.exception.StepFailedException: Expected element property value 'Other Payment Methods' is not equal with actual property value 'Other payment methods'
	at com.kms.katalon.core.keyword.internal.KeywordMain.stepFailed(KeywordMain.groovy:39)
	at com.kms.katalon.core.webservice.keyword.builtin.VerifyElementPropertyValueKeyword$_verifyElementPropertyValue_closure1.doCall(VerifyElementPropertyValueKeyword.groovy:56)
	at com.kms.katalon.core.webservice.keyword.builtin.VerifyElementPropertyValueKeyword$_verifyElementPropertyValue_closure1.call(VerifyElementPropertyValueKeyword.groovy)
	at com.kms.katalon.core.keyword.internal.KeywordMain.runKeyword(KeywordMain.groovy:75)
	at com.kms.katalon.core.webservice.keyword.builtin.VerifyElementPropertyValueKeyword.verifyElementPropertyValue(VerifyElementPropertyValueKeyword.groovy:48)
	at com.kms.katalon.core.webservice.keyword.builtin.VerifyElementPropertyValueKeyword.execute(VerifyElementPropertyValueKeyword.groovy:43)
	at com.kms.katalon.core.keyword.internal.KeywordExecutor.executeKeywordForPlatform(KeywordExecutor.groovy:74)
	at com.kms.katalon.core.webservice.keyword.WSBuiltInKeywords.verifyElementPropertyValue(WSBuiltInKeywords.groovy:190)
	at com.kms.katalon.core.webservice.keyword.WSBuiltInKeywords$verifyElementPropertyValue$1.call(Unknown Source)
	at WEB_EN_getSubscriptionConfigForMAR_Imagine.run(WEB_EN_getSubscriptionConfigForMAR_Imagine:150)
	at com.kms.katalon.core.main.ScriptEngine.run(ScriptEngine.java:194)
	at com.kms.katalon.core.main.ScriptEngine.runScriptAsRawText(ScriptEngine.java:119)
	at com.kms.katalon.core.main.TestCaseExecutor.runScript(TestCaseExecutor.java:448)
	at com.kms.katalon.core.main.TestCaseExecutor.doExecute(TestCaseExecutor.java:439)
	at com.kms.katalon.core.main.TestCaseExecutor.processExecutionPhase(TestCaseExecutor.java:418)
	at com.kms.katalon.core.main.TestCaseExecutor.accessMainPhase(TestCaseExecutor.java:410)
	at com.kms.katalon.core.main.TestCaseExecutor.execute(TestCaseExecutor.java:285)
	at com.kms.katalon.core.common.CommonExecutor.accessTestCaseMainPhase(CommonExecutor.java:65)
	at com.kms.katalon.core.main.TestSuiteExecutor.accessTestSuiteMainPhase(TestSuiteExecutor.java:148)
	at com.kms.katalon.core.main.TestSuiteExecutor.execute(TestSuiteExecutor.java:106)
	at com.kms.katalon.core.main.TestCaseMain.startTestSuite(TestCaseMain.java:187)
	at com.kms.katalon.core.main.TestCaseMain$startTestSuite$0.call(Unknown Source)
	at TempTestSuite1697454219692.run(TempTestSuite1697454219692.groovy:36)]]></system-err>
      </testcase>
      <testcase name="Test Cases/WEB - CHROME/MAR PI/WEB_AR_getSubscriptionConfigForMAR_VIP" time="3.28" classname="Test Cases/WEB - CHROME/MAR PI/WEB_AR_getSubscriptionConfigForMAR_VIP" status="FAILED">
         <failure type="FAILED" message="Test Cases/WEB - CHROME/MAR PI/WEB_AR_getSubscriptionConfigForMAR_VIP FAILED.
Reason:
com.kms.katalon.core.exception.StepFailedException: Expected element property value 'DH' is not equal with actual property value ''
	at com.kms.katalon.core.keyword.internal.KeywordMain.stepFailed(KeywordMain.groovy:39)
	at com.kms.katalon.core.webservice.keyword.builtin.VerifyElementPropertyValueKeyword$_verifyElementPropertyValue_closure1.doCall(VerifyElementPropertyValueKeyword.groovy:56)
	at com.kms.katalon.core.webservice.keyword.builtin.VerifyElementPropertyValueKeyword$_verifyElementPropertyValue_closure1.call(VerifyElementPropertyValueKeyword.groovy)
	at com.kms.katalon.core.keyword.internal.KeywordMain.runKeyword(KeywordMain.groovy:75)
	at com.kms.katalon.core.webservice.keyword.builtin.VerifyElementPropertyValueKeyword.verifyElementPropertyValue(VerifyElementPropertyValueKeyword.groovy:48)
	at com.kms.katalon.core.webservice.keyword.builtin.VerifyElementPropertyValueKeyword.execute(VerifyElementPropertyValueKeyword.groovy:43)
	at com.kms.katalon.core.keyword.internal.KeywordExecutor.executeKeywordForPlatform(KeywordExecutor.groovy:74)
	at com.kms.katalon.core.webservice.keyword.WSBuiltInKeywords.verifyElementPropertyValue(WSBuiltInKeywords.groovy:190)
	at com.kms.katalon.core.webservice.keyword.WSBuiltInKeywords$verifyElementPropertyValue$1.call(Unknown Source)
	at WEB_AR_getSubscriptionConfigForMAR_VIP.run(WEB_AR_getSubscriptionConfigForMAR_VIP:192)
	at com.kms.katalon.core.main.ScriptEngine.run(ScriptEngine.java:194)
	at com.kms.katalon.core.main.ScriptEngine.runScriptAsRawText(ScriptEngine.java:119)
	at com.kms.katalon.core.main.TestCaseExecutor.runScript(TestCaseExecutor.java:448)
	at com.kms.katalon.core.main.TestCaseExecutor.doExecute(TestCaseExecutor.java:439)
	at com.kms.katalon.core.main.TestCaseExecutor.processExecutionPhase(TestCaseExecutor.java:418)
	at com.kms.katalon.core.main.TestCaseExecutor.accessMainPhase(TestCaseExecutor.java:410)
	at com.kms.katalon.core.main.TestCaseExecutor.execute(TestCaseExecutor.java:285)
	at com.kms.katalon.core.common.CommonExecutor.accessTestCaseMainPhase(CommonExecutor.java:65)
	at com.kms.katalon.core.main.TestSuiteExecutor.accessTestSuiteMainPhase(TestSuiteExecutor.java:148)
	at com.kms.katalon.core.main.TestSuiteExecutor.execute(TestSuiteExecutor.java:106)
	at com.kms.katalon.core.main.TestCaseMain.startTestSuite(TestCaseMain.java:187)
	at com.kms.katalon.core.main.TestCaseMain$startTestSuite$0.call(Unknown Source)
	at TempTestSuite1697454219692.run(TempTestSuite1697454219692.groovy:36)
"/>
         <system-out><![CDATA[2023-10-16 14:18:36 - [TEST_CASE][FAILED] - Test Cases/WEB - CHROME/MAR PI/WEB_AR_getSubscriptionConfigForMAR_VIP: Test Cases/WEB - CHROME/MAR PI/WEB_AR_getSubscriptionConfigForMAR_VIP FAILED.
Reason:
com.kms.katalon.core.exception.StepFailedException: Expected element property value 'DH' is not equal with actual property value ''
	at com.kms.katalon.core.keyword.internal.KeywordMain.stepFailed(KeywordMain.groovy:39)
	at com.kms.katalon.core.webservice.keyword.builtin.VerifyElementPropertyValueKeyword$_verifyElementPropertyValue_closure1.doCall(VerifyElementPropertyValueKeyword.groovy:56)
	at com.kms.katalon.core.webservice.keyword.builtin.VerifyElementPropertyValueKeyword$_verifyElementPropertyValue_closure1.call(VerifyElementPropertyValueKeyword.groovy)
	at com.kms.katalon.core.keyword.internal.KeywordMain.runKeyword(KeywordMain.groovy:75)
	at com.kms.katalon.core.webservice.keyword.builtin.VerifyElementPropertyValueKeyword.verifyElementPropertyValue(VerifyElementPropertyValueKeyword.groovy:48)
	at com.kms.katalon.core.webservice.keyword.builtin.VerifyElementPropertyValueKeyword.execute(VerifyElementPropertyValueKeyword.groovy:43)
	at com.kms.katalon.core.keyword.internal.KeywordExecutor.executeKeywordForPlatform(KeywordExecutor.groovy:74)
	at com.kms.katalon.core.webservice.keyword.WSBuiltInKeywords.verifyElementPropertyValue(WSBuiltInKeywords.groovy:190)
	at com.kms.katalon.core.webservice.keyword.WSBuiltInKeywords$verifyElementPropertyValue$1.call(Unknown Source)
	at WEB_AR_getSubscriptionConfigForMAR_VIP.run(WEB_AR_getSubscriptionConfigForMAR_VIP:192)
	at com.kms.katalon.core.main.ScriptEngine.run(ScriptEngine.java:194)
	at com.kms.katalon.core.main.ScriptEngine.runScriptAsRawText(ScriptEngine.java:119)
	at com.kms.katalon.core.main.TestCaseExecutor.runScript(TestCaseExecutor.java:448)
	at com.kms.katalon.core.main.TestCaseExecutor.doExecute(TestCaseExecutor.java:439)
	at com.kms.katalon.core.main.TestCaseExecutor.processExecutionPhase(TestCaseExecutor.java:418)
	at com.kms.katalon.core.main.TestCaseExecutor.accessMainPhase(TestCaseExecutor.java:410)
	at com.kms.katalon.core.main.TestCaseExecutor.execute(TestCaseExecutor.java:285)
	at com.kms.katalon.core.common.CommonExecutor.accessTestCaseMainPhase(CommonExecutor.java:65)
	at com.kms.katalon.core.main.TestSuiteExecutor.accessTestSuiteMainPhase(TestSuiteExecutor.java:148)
	at com.kms.katalon.core.main.TestSuiteExecutor.execute(TestSuiteExecutor.java:106)
	at com.kms.katalon.core.main.TestCaseMain.startTestSuite(TestCaseMain.java:187)
	at com.kms.katalon.core.main.TestCaseMain$startTestSuite$0.call(Unknown Source)
	at TempTestSuite1697454219692.run(TempTestSuite1697454219692.groovy:36)


2023-10-16 14:18:36 - [TEST_STEP][PASSED] - getResponse = config_files.getConfigFile.getConfig("WEB", "AR", "SHAHID_VIP", "MA", "false"): config_files.getConfigFile.getConfig is PASSED

2023-10-16 14:18:37 - [MESSAGE][INFO] - HAR: /Users/admin/git/shahid-configuration/Reports/20231016_140310/WEB/MAR/20231016_140339/requests/main/2.har

2023-10-16 14:18:37 - [MESSAGE][PASSED] - Send request successfully

2023-10-16 14:18:37 - [MESSAGE][PASSED] - config_files.getConfigFile.getConfig is PASSED

2023-10-16 14:18:37 - [TEST_STEP][PASSED] - verifyResponseStatusCode(getResponse, 200): Verify response status code successfully

2023-10-16 14:18:37 - [MESSAGE][PASSED] - Verify response status code successfully

2023-10-16 14:18:37 - [TEST_STEP][PASSED] - verifyElementPropertyValue(getResponse, "country", "MAR"): Verify element property value successfully

2023-10-16 14:18:37 - [MESSAGE][PASSED] - Verify element property value successfully

2023-10-16 14:18:37 - [TEST_STEP][PASSED] - verifyElementPropertyValue(getResponse, "platform", "[WEB]"): Verify element property value successfully

2023-10-16 14:18:37 - [MESSAGE][PASSED] - Verify element property value successfully

2023-10-16 14:18:37 - [TEST_STEP][PASSED] - verifyElementPropertyValue(getResponse, "groups[0].pricingPlans[0].featured", "true"): Verify element property value successfully

2023-10-16 14:18:37 - [MESSAGE][PASSED] - Verify element property value successfully

2023-10-16 14:18:37 - [TEST_STEP][PASSED] - verifyElementPropertyValue(getResponse, "groups[0].pricingPlans[0].packageId", "SHAHID_VIP"): Verify element property value successfully

2023-10-16 14:18:37 - [MESSAGE][PASSED] - Verify element property value successfully

2023-10-16 14:18:37 - [TEST_STEP][PASSED] - verifyElementPropertyValue(getResponse, "groups[0].pricingPlans[0].catalogId", "VIP"): Verify element property value successfully

2023-10-16 14:18:37 - [MESSAGE][PASSED] - Verify element property value successfully

2023-10-16 14:18:37 - [TEST_STEP][PASSED] - verifyElementPropertyValue(getResponse, "groups[0].pricingPlans[0].visualElements[0].key", "Header_1_text"): Verify element property value successfully

2023-10-16 14:18:37 - [MESSAGE][PASSED] - Verify element property value successfully

2023-10-16 14:18:37 - [TEST_STEP][PASSED] - verifyElementPropertyValue(getResponse, "groups[0].pricingPlans[0].visualElements[0].value", "Ø´Ø§ÙØ¯ Ø£ÙÙÙ Ø§ÙÙØ³ÙØ³ÙØ§Øª Ù Ø§ÙØ£ÙÙØ§Ù Ø­ØµØ±ÙØ§Ù Ø¯ÙÙ ØªÙÙÙ"): Verify element property value successfully

2023-10-16 14:18:37 - [MESSAGE][PASSED] - Verify element property value successfully

2023-10-16 14:18:37 - [TEST_STEP][PASSED] - verifyElementPropertyValue(getResponse, "groups[0].pricingPlans[0].visualElements[1].key", "display_title"): Verify element property value successfully

2023-10-16 14:18:37 - [MESSAGE][PASSED] - Verify element property value successfully

2023-10-16 14:18:37 - [TEST_STEP][PASSED] - verifyElementPropertyValue(getResponse, "groups[0].pricingPlans[0].visualElements[1].value", "Ø§ÙØ§Ø´ØªØ±Ø§Ù Ø§ÙØ´ÙØ±Ù "): Verify element property value successfully

2023-10-16 14:18:37 - [MESSAGE][PASSED] - Verify element property value successfully

2023-10-16 14:18:37 - [TEST_STEP][PASSED] - verifyElementPropertyValue(getResponse, "groups[0].pricingPlans[0].visualElements[3].key", "promo_text"): Verify element property value successfully

2023-10-16 14:18:37 - [MESSAGE][PASSED] - Verify element property value successfully

2023-10-16 14:18:37 - [TEST_STEP][PASSED] - verifyElementPropertyValue(getResponse, "groups[0].pricingPlans[0].visualElements[3].value", "33 DH / Ø´ÙØ±ÙØ§Ù"): Verify element property value successfully

2023-10-16 14:18:37 - [MESSAGE][PASSED] - Verify element property value successfully

2023-10-16 14:18:37 - [TEST_STEP][PASSED] - verifyElementPropertyValue(getResponse, "groups[0].pricingPlans[0].visualElements[4].key", "deduction_text"): Verify element property value successfully

2023-10-16 14:18:37 - [MESSAGE][PASSED] - Verify element property value successfully

2023-10-16 14:18:37 - [TEST_STEP][PASSED] - verifyElementPropertyValue(getResponse, "groups[0].pricingPlans[0].visualElements[4].value", "ØªØ¯ÙØ¹ Ø´ÙØ±ÙØ§Ù"): Verify element property value successfully

2023-10-16 14:18:37 - [MESSAGE][PASSED] - Verify element property value successfully

2023-10-16 14:18:37 - [TEST_STEP][PASSED] - verifyElementPropertyValue(getResponse, "groups[0].pricingPlans[0].visualElements[7].key", "show_payment_logo"): Verify element property value successfully

2023-10-16 14:18:37 - [MESSAGE][PASSED] - Verify element property value successfully

2023-10-16 14:18:37 - [TEST_STEP][PASSED] - verifyElementPropertyValue(getResponse, "groups[0].pricingPlans[0].visualElements[7].value", "true"): Verify element property value successfully

2023-10-16 14:18:37 - [MESSAGE][PASSED] - Verify element property value successfully

2023-10-16 14:18:37 - [TEST_STEP][PASSED] - verifyElementPropertyValue(getResponse, "groups[0].pricingPlans[0].visualElements[8].key", "show_tag"): Verify element property value successfully

2023-10-16 14:18:37 - [MESSAGE][PASSED] - Verify element property value successfully

2023-10-16 14:18:37 - [TEST_STEP][PASSED] - verifyElementPropertyValue(getResponse, "groups[0].pricingPlans[0].visualElements[8].value", "false"): Verify element property value successfully

2023-10-16 14:18:37 - [MESSAGE][PASSED] - Verify element property value successfully

2023-10-16 14:18:37 - [TEST_STEP][PASSED] - verifyElementPropertyValue(getResponse, "groups[0].pricingPlans[0].visualElements[10].key", "price"): Verify element property value successfully

2023-10-16 14:18:37 - [MESSAGE][PASSED] - Verify element property value successfully

2023-10-16 14:18:37 - [TEST_STEP][PASSED] - verifyElementPropertyValue(getResponse, "groups[0].pricingPlans[0].visualElements[10].value", "33"): Verify element property value successfully

2023-10-16 14:18:37 - [MESSAGE][PASSED] - Verify element property value successfully

2023-10-16 14:18:37 - [TEST_STEP][PASSED] - verifyElementPropertyValue(getResponse, "groups[0].pricingPlans[0].visualElements[11].key", "currency"): Verify element property value successfully

2023-10-16 14:18:37 - [MESSAGE][PASSED] - Verify element property value successfully

2023-10-16 14:18:37 - [TEST_STEP][PASSED] - verifyElementPropertyValue(getResponse, "groups[0].pricingPlans[0].visualElements[11].value", "DH"): Verify element property value successfully

2023-10-16 14:18:37 - [MESSAGE][PASSED] - Verify element property value successfully

2023-10-16 14:18:37 - [TEST_STEP][PASSED] - verifyElementPropertyValue(getResponse, "groups[0].pricingPlans[0].visualElements[12].key", "duration"): Verify element property value successfully

2023-10-16 14:18:37 - [MESSAGE][PASSED] - Verify element property value successfully

2023-10-16 14:18:37 - [TEST_STEP][PASSED] - verifyElementPropertyValue(getResponse, "groups[0].pricingPlans[0].visualElements[12].value", "Ø´ÙØ±ÙØ§Ù"): Verify element property value successfully

2023-10-16 14:18:37 - [MESSAGE][PASSED] - Verify element property value successfully

2023-10-16 14:18:37 - [TEST_STEP][PASSED] - verifyElementPropertyValue(getResponse, "groups[0].pricingPlans[0].visualElements[13].key", "featured_tag_text"): Verify element property value successfully

2023-10-16 14:18:37 - [MESSAGE][PASSED] - Verify element property value successfully

2023-10-16 14:18:37 - [TEST_STEP][PASSED] - verifyElementPropertyValue(getResponse, "groups[0].pricingPlans[0].visualElements[13].value", "Â Ø§ÙØ£ÙØ«Ø± ÙØ¨ÙØ¹Ø§Ù"): Verify element property value successfully

2023-10-16 14:18:37 - [MESSAGE][PASSED] - Verify element property value successfully

2023-10-16 14:18:37 - [TEST_STEP][PASSED] - verifyElementPropertyValue(getResponse, "groups[0].pricingPlans[0].order", "0"): Verify element property value successfully

2023-10-16 14:18:37 - [MESSAGE][PASSED] - Verify element property value successfully

2023-10-16 14:18:37 - [TEST_STEP][PASSED] - verifyElementPropertyValue(getResponse, "groups[0].pricingPlans[0].period", "monthly"): Verify element property value successfully

2023-10-16 14:18:37 - [MESSAGE][PASSED] - Verify element property value successfully

2023-10-16 14:18:37 - [TEST_STEP][PASSED] - verifyElementPropertyValue(getResponse, "groups[0].pricingPlans[0].price", "33.0"): Verify element property value successfully

2023-10-16 14:18:37 - [MESSAGE][PASSED] - Verify element property value successfully

2023-10-16 14:18:37 - [TEST_STEP][PASSED] - verifyElementPropertyValue(getResponse, "groups[0].pricingPlans[0].currency", "DH"): Verify element property value successfully

2023-10-16 14:18:37 - [MESSAGE][PASSED] - Verify element property value successfully

2023-10-16 14:18:37 - [TEST_STEP][PASSED] - verifyElementPropertyValue(getResponse, "groups[0].pricingPlans[0].pricingPlanData[0].productId", "MAR_B2C_SHAHID_VIP_1M"): Verify element property value successfully

2023-10-16 14:18:37 - [MESSAGE][PASSED] - Verify element property value successfully

2023-10-16 14:18:37 - [TEST_STEP][PASSED] - verifyElementPropertyValue(getResponse, "groups[0].pricingPlans[0].pricingPlanData[0].subPricingPlanIds", "null"): Verify element property value successfully

2023-10-16 14:18:37 - [MESSAGE][PASSED] - Verify element property value successfully

2023-10-16 14:18:37 - [TEST_STEP][PASSED] - verifyElementPropertyValue(getResponse, "groups[0].pricingPlans[0].pricingPlanData[0].paymentMethod", "CREDIT_CARD"): Verify element property value successfully

2023-10-16 14:18:37 - [MESSAGE][PASSED] - Verify element property value successfully

2023-10-16 14:18:37 - [TEST_STEP][PASSED] - verifyElementPropertyValue(getResponse, "groups[0].pricingPlans[0].pricingPlanData[0].freeTrialEnabled", "false"): Verify element property value successfully

2023-10-16 14:18:37 - [MESSAGE][PASSED] - Verify element property value successfully

2023-10-16 14:18:37 - [TEST_STEP][PASSED] - verifyElementPropertyValue(getResponse, "groups[0].pricingPlans[0].pricingPlanData[0].visualElements[0].key", "title"): Verify element property value successfully

2023-10-16 14:18:37 - [MESSAGE][PASSED] - Verify element property value successfully

2023-10-16 14:18:37 - [TEST_STEP][PASSED] - verifyElementPropertyValue(getResponse, "groups[0].pricingPlans[0].pricingPlanData[0].visualElements[0].value", "Ø§ÙØ¨Ø·Ø§ÙØ© Ø§ÙÙØµØ±ÙÙØ©"): Verify element property value successfully

2023-10-16 14:18:37 - [MESSAGE][PASSED] - Verify element property value successfully

2023-10-16 14:18:37 - [TEST_STEP][PASSED] - verifyElementPropertyValue(getResponse, "groups[0].pricingPlans[0].pricingPlanData[0].visualElements[1].key", "CTA_text"): Verify element property value successfully

2023-10-16 14:18:37 - [MESSAGE][PASSED] - Verify element property value successfully

2023-10-16 14:18:38 - [TEST_STEP][PASSED] - verifyElementPropertyValue(getResponse, "groups[0].pricingPlans[0].pricingPlanData[0].visualElements[1].value", "Ø§Ø´ØªØ±Ù"): Verify element property value successfully

2023-10-16 14:18:38 - [MESSAGE][PASSED] - Verify element property value successfully

2023-10-16 14:18:38 - [TEST_STEP][PASSED] - verifyElementPropertyValue(getResponse, "groups[0].pricingPlans[0].pricingPlanData[0].visualElements[2].key", "logo"): Verify element property value successfully

2023-10-16 14:18:38 - [MESSAGE][PASSED] - Verify element property value successfully

2023-10-16 14:18:38 - [TEST_STEP][PASSED] - verifyElementPropertyValue(getResponse, "groups[0].pricingPlans[0].pricingPlanData[0].visualElements[2].value", "https://static.s3.shahid.mbc.net/widget-images/icons/iconCreditCard.png"): Verify element property value successfully

2023-10-16 14:18:38 - [MESSAGE][PASSED] - Verify element property value successfully

2023-10-16 14:18:38 - [TEST_STEP][PASSED] - verifyElementPropertyValue(getResponse, "groups[0].pricingPlans[0].pricingPlanData[0].priceLabel", "33"): Verify element property value successfully

2023-10-16 14:18:38 - [MESSAGE][PASSED] - Verify element property value successfully

2023-10-16 14:18:38 - [TEST_STEP][PASSED] - verifyElementPropertyValue(getResponse, "groups[0].pricingPlans[0].pricingPlanData[0].currencyLabel", "DH"): Verify element property value successfully

2023-10-16 14:18:38 - [MESSAGE][PASSED] - Verify element property value successfully

2023-10-16 14:18:38 - [TEST_STEP][PASSED] - verifyElementPropertyValue(getResponse, "groups[0].pricingPlans[0].pricingPlanData[1].pricingPlanId", "TPay_Orange_MA"): Verify element property value successfully

2023-10-16 14:18:38 - [MESSAGE][PASSED] - Verify element property value successfully

2023-10-16 14:18:38 - [TEST_STEP][PASSED] - verifyElementPropertyValue(getResponse, "groups[0].pricingPlans[0].pricingPlanData[1].productId", "MAR_B2C_SHAHID_VIP_1M"): Verify element property value successfully

2023-10-16 14:18:38 - [MESSAGE][PASSED] - Verify element property value successfully

2023-10-16 14:18:38 - [TEST_STEP][PASSED] - verifyElementPropertyValue(getResponse, "groups[0].pricingPlans[0].pricingPlanData[1].subPricingPlanIds[0]", "60400"): Verify element property value successfully

2023-10-16 14:18:38 - [MESSAGE][PASSED] - Verify element property value successfully

2023-10-16 14:18:38 - [TEST_STEP][PASSED] - verifyElementPropertyValue(getResponse, "groups[0].pricingPlans[0].pricingPlanData[1].paymentMethod", "MOBILE_PAY"): Verify element property value successfully

2023-10-16 14:18:38 - [MESSAGE][PASSED] - Verify element property value successfully

2023-10-16 14:18:38 - [TEST_STEP][PASSED] - verifyElementPropertyValue(getResponse, "groups[0].pricingPlans[0].pricingPlanData[1].freeTrialEnabled", "false"): Verify element property value successfully

2023-10-16 14:18:38 - [MESSAGE][PASSED] - Verify element property value successfully

2023-10-16 14:18:38 - [TEST_STEP][PASSED] - verifyElementPropertyValue(getResponse, "groups[0].pricingPlans[0].pricingPlanData[1].showIn[0]", "VERTICAL_MODE"): Verify element property value successfully

2023-10-16 14:18:38 - [MESSAGE][PASSED] - Verify element property value successfully

2023-10-16 14:18:38 - [TEST_STEP][PASSED] - verifyElementPropertyValue(getResponse, "groups[0].pricingPlans[0].pricingPlanData[1].showIn[1]", "HORIZONTAL_MODE"): Verify element property value successfully

2023-10-16 14:18:38 - [MESSAGE][PASSED] - Verify element property value successfully

2023-10-16 14:18:38 - [TEST_STEP][PASSED] - verifyElementPropertyValue(getResponse, "groups[0].pricingPlans[0].pricingPlanData[1].visualElements[0].key", "payment_option_group"): Verify element property value successfully

2023-10-16 14:18:38 - [MESSAGE][PASSED] - Verify element property value successfully

2023-10-16 14:18:38 - [TEST_STEP][PASSED] - verifyElementPropertyValue(getResponse, "groups[0].pricingPlans[0].pricingPlanData[1].visualElements[0].value", "true"): Verify element property value successfully

2023-10-16 14:18:38 - [MESSAGE][PASSED] - Verify element property value successfully

2023-10-16 14:18:38 - [TEST_STEP][PASSED] - verifyElementPropertyValue(getResponse, "groups[0].pricingPlans[0].pricingPlanData[1].visualElements[1].key", "title"): Verify element property value successfully

2023-10-16 14:18:38 - [MESSAGE][PASSED] - Verify element property value successfully

2023-10-16 14:18:38 - [TEST_STEP][PASSED] - verifyElementPropertyValue(getResponse, "groups[0].pricingPlans[0].pricingPlanData[1].visualElements[1].value", "Ø§ÙØ¯ÙØ¹ Ø¹Ø¨Ø± Ø§ÙØ¬ÙÙØ§Ù"): Verify element property value successfully

2023-10-16 14:18:38 - [MESSAGE][PASSED] - Verify element property value successfully

2023-10-16 14:18:38 - [TEST_STEP][PASSED] - verifyElementPropertyValue(getResponse, "groups[0].pricingPlans[0].pricingPlanData[1].visualElements[2].key", "CTA_text"): Verify element property value successfully

2023-10-16 14:18:38 - [MESSAGE][PASSED] - Verify element property value successfully

2023-10-16 14:18:38 - [TEST_STEP][PASSED] - verifyElementPropertyValue(getResponse, "groups[0].pricingPlans[0].pricingPlanData[1].visualElements[2].value", "Ø§Ø´ØªØ±Ù"): Verify element property value successfully

2023-10-16 14:18:38 - [MESSAGE][PASSED] - Verify element property value successfully

2023-10-16 14:18:38 - [TEST_STEP][PASSED] - verifyElementPropertyValue(getResponse, "groups[0].pricingPlans[0].pricingPlanData[1].visualElements[3].key", "logo"): Verify element property value successfully

2023-10-16 14:18:38 - [MESSAGE][PASSED] - Verify element property value successfully

2023-10-16 14:18:38 - [TEST_STEP][PASSED] - verifyElementPropertyValue(getResponse, "groups[0].pricingPlans[0].pricingPlanData[1].visualElements[3].value", "https://static.s3.shahid.mbc.net/widget-images/icons/iconMobile.png"): Verify element property value successfully

2023-10-16 14:18:38 - [MESSAGE][PASSED] - Verify element property value successfully

2023-10-16 14:18:38 - [TEST_STEP][PASSED] - verifyElementPropertyValue(getResponse, "groups[0].pricingPlans[0].pricingPlanData[1].priceLabel", "33"): Verify element property value successfully

2023-10-16 14:18:38 - [MESSAGE][PASSED] - Verify element property value successfully

2023-10-16 14:18:38 - [TEST_STEP][PASSED] - verifyElementPropertyValue(getResponse, "groups[0].pricingPlans[0].pricingPlanData[1].currencyLabel", "DH"): Verify element property value successfully

2023-10-16 14:18:38 - [MESSAGE][PASSED] - Verify element property value successfully

2023-10-16 14:18:38 - [TEST_STEP][PASSED] - verifyElementPropertyValue(getResponse, "groups[0].pricingPlans[0].pricingPlanData[1].allowedForAcquisition", "true"): Verify element property value successfully

2023-10-16 14:18:38 - [MESSAGE][PASSED] - Verify element property value successfully

2023-10-16 14:18:38 - [TEST_STEP][PASSED] - verifyElementPropertyValue(getResponse, "groups[0].pricingPlans[0].pricingPlanData[2].pricingPlanId", "TPay_inwi_MA"): Verify element property value successfully

2023-10-16 14:18:38 - [MESSAGE][PASSED] - Verify element property value successfully

2023-10-16 14:18:38 - [TEST_STEP][PASSED] - verifyElementPropertyValue(getResponse, "groups[0].pricingPlans[0].pricingPlanData[2].productId", "MAR_B2C_SHAHID_VIP_1M"): Verify element property value successfully

2023-10-16 14:18:38 - [MESSAGE][PASSED] - Verify element property value successfully

2023-10-16 14:18:38 - [TEST_STEP][PASSED] - verifyElementPropertyValue(getResponse, "groups[0].pricingPlans[0].pricingPlanData[2].subPricingPlanIds[0]", "60405"): Verify element property value successfully

2023-10-16 14:18:38 - [MESSAGE][PASSED] - Verify element property value successfully

2023-10-16 14:18:38 - [TEST_STEP][PASSED] - verifyElementPropertyValue(getResponse, "groups[0].pricingPlans[0].pricingPlanData[2].paymentMethod", "MOBILE_PAY"): Verify element property value successfully

2023-10-16 14:18:38 - [MESSAGE][PASSED] - Verify element property value successfully

2023-10-16 14:18:38 - [TEST_STEP][PASSED] - verifyElementPropertyValue(getResponse, "groups[0].pricingPlans[0].pricingPlanData[2].freeTrialEnabled", "false"): Verify element property value successfully

2023-10-16 14:18:38 - [MESSAGE][PASSED] - Verify element property value successfully

2023-10-16 14:18:38 - [TEST_STEP][PASSED] - verifyElementPropertyValue(getResponse, "groups[0].pricingPlans[0].pricingPlanData[2].priceLabel", "33"): Verify element property value successfully

2023-10-16 14:18:38 - [MESSAGE][PASSED] - Verify element property value successfully

2023-10-16 14:18:38 - [TEST_STEP][PASSED] - verifyElementPropertyValue(getResponse, "groups[0].pricingPlans[0].pricingPlanData[2].currencyLabel", "DH"): Verify element property value successfully

2023-10-16 14:18:38 - [MESSAGE][PASSED] - Verify element property value successfully

2023-10-16 14:18:38 - [TEST_STEP][PASSED] - verifyElementPropertyValue(getResponse, "groups[0].pricingPlans[0].pricingPlanData[2].allowedForAcquisition", "true"): Verify element property value successfully

2023-10-16 14:18:38 - [MESSAGE][PASSED] - Verify element property value successfully

2023-10-16 14:18:38 - [TEST_STEP][PASSED] - verifyElementPropertyValue(getResponse, "groups[0].pricingPlans[0].pricingPlanData[3].pricingPlanId", "TPay_Maroctel_MA"): Verify element property value successfully

2023-10-16 14:18:38 - [MESSAGE][PASSED] - Verify element property value successfully

2023-10-16 14:18:38 - [TEST_STEP][PASSED] - verifyElementPropertyValue(getResponse, "groups[0].pricingPlans[0].pricingPlanData[3].productId", "MAR_B2C_SHAHID_VIP_1M"): Verify element property value successfully

2023-10-16 14:18:38 - [MESSAGE][PASSED] - Verify element property value successfully

2023-10-16 14:18:38 - [TEST_STEP][PASSED] - verifyElementPropertyValue(getResponse, "groups[0].pricingPlans[0].pricingPlanData[3].subPricingPlanIds[0]", "60401"): Verify element property value successfully

2023-10-16 14:18:38 - [MESSAGE][PASSED] - Verify element property value successfully

2023-10-16 14:18:38 - [TEST_STEP][PASSED] - verifyElementPropertyValue(getResponse, "groups[0].pricingPlans[0].pricingPlanData[3].paymentMethod", "MOBILE_PAY"): Verify element property value successfully

2023-10-16 14:18:38 - [MESSAGE][PASSED] - Verify element property value successfully

2023-10-16 14:18:38 - [TEST_STEP][PASSED] - verifyElementPropertyValue(getResponse, "groups[0].pricingPlans[0].pricingPlanData[3].freeTrialEnabled", "false"): Verify element property value successfully

2023-10-16 14:18:38 - [MESSAGE][PASSED] - Verify element property value successfully

2023-10-16 14:18:38 - [TEST_STEP][PASSED] - verifyElementPropertyValue(getResponse, "groups[0].pricingPlans[0].pricingPlanData[3].priceLabel", "33"): Verify element property value successfully

2023-10-16 14:18:38 - [MESSAGE][PASSED] - Verify element property value successfully

2023-10-16 14:18:38 - [TEST_STEP][PASSED] - verifyElementPropertyValue(getResponse, "groups[0].pricingPlans[0].pricingPlanData[3].currencyLabel", "DH"): Verify element property value successfully

2023-10-16 14:18:38 - [MESSAGE][PASSED] - Verify element property value successfully

2023-10-16 14:18:38 - [TEST_STEP][PASSED] - verifyElementPropertyValue(getResponse, "groups[0].pricingPlans[0].pricingPlanData[3].allowedForAcquisition", "true"): Verify element property value successfully

2023-10-16 14:18:38 - [MESSAGE][PASSED] - Verify element property value successfully

2023-10-16 14:18:38 - [TEST_STEP][PASSED] - verifyElementPropertyValue(getResponse, "groups[0].pricingPlans[1].featured", "false"): Verify element property value successfully

2023-10-16 14:18:38 - [MESSAGE][PASSED] - Verify element property value successfully

2023-10-16 14:18:38 - [TEST_STEP][PASSED] - verifyElementPropertyValue(getResponse, "groups[0].pricingPlans[1].packageId", "SHAHID_VIP"): Verify element property value successfully

2023-10-16 14:18:38 - [MESSAGE][PASSED] - Verify element property value successfully

2023-10-16 14:18:38 - [TEST_STEP][PASSED] - verifyElementPropertyValue(getResponse, "groups[0].pricingPlans[1].catalogId", "VIP"): Verify element property value successfully

2023-10-16 14:18:38 - [MESSAGE][PASSED] - Verify element property value successfully

2023-10-16 14:18:38 - [TEST_STEP][PASSED] - verifyElementPropertyValue(getResponse, "groups[0].pricingPlans[1].visualElements[0].key", "Header_1_text"): Verify element property value successfully

2023-10-16 14:18:38 - [MESSAGE][PASSED] - Verify element property value successfully

2023-10-16 14:18:38 - [TEST_STEP][PASSED] - verifyElementPropertyValue(getResponse, "groups[0].pricingPlans[1].visualElements[0].value", "Ø´Ø§ÙØ¯ Ø£ÙÙÙ Ø§ÙÙØ³ÙØ³ÙØ§Øª Ù Ø§ÙØ£ÙÙØ§Ù Ø­ØµØ±ÙØ§Ù Ø¯ÙÙ ØªÙÙÙ"): Verify element property value successfully

2023-10-16 14:18:38 - [MESSAGE][PASSED] - Verify element property value successfully

2023-10-16 14:18:38 - [TEST_STEP][PASSED] - verifyElementPropertyValue(getResponse, "groups[0].pricingPlans[1].visualElements[1].key", "display_title"): Verify element property value successfully

2023-10-16 14:18:38 - [MESSAGE][PASSED] - Verify element property value successfully

2023-10-16 14:18:38 - [TEST_STEP][PASSED] - verifyElementPropertyValue(getResponse, "groups[0].pricingPlans[1].visualElements[1].value", "Ø§ÙØ§Ø´ØªØ±Ø§Ù Ø§ÙØ³ÙÙÙ"): Verify element property value successfully

2023-10-16 14:18:38 - [MESSAGE][PASSED] - Verify element property value successfully

2023-10-16 14:18:38 - [TEST_STEP][PASSED] - verifyElementPropertyValue(getResponse, "groups[0].pricingPlans[1].visualElements[2].key", "tag_text"): Verify element property value successfully

2023-10-16 14:18:38 - [MESSAGE][PASSED] - Verify element property value successfully

2023-10-16 14:18:38 - [TEST_STEP][PASSED] - verifyElementPropertyValue(getResponse, "groups[0].pricingPlans[1].visualElements[2].value", "ÙÙØ±29%"): Verify element property value successfully

2023-10-16 14:18:38 - [MESSAGE][PASSED] - Verify element property value successfully

2023-10-16 14:18:38 - [TEST_STEP][PASSED] - verifyElementPropertyValue(getResponse, "groups[0].pricingPlans[1].visualElements[3].key", "promo_text"): Verify element property value successfully

2023-10-16 14:18:38 - [MESSAGE][PASSED] - Verify element property value successfully

2023-10-16 14:18:38 - [TEST_STEP][PASSED] - verifyElementPropertyValue(getResponse, "groups[0].pricingPlans[1].visualElements[3].value", "23.58 DH / Ø´ÙØ±ÙØ§Ù"): Verify element property value successfully

2023-10-16 14:18:38 - [MESSAGE][PASSED] - Verify element property value successfully

2023-10-16 14:18:38 - [TEST_STEP][PASSED] - verifyElementPropertyValue(getResponse, "groups[0].pricingPlans[1].visualElements[4].key", "deduction_text"): Verify element property value successfully

2023-10-16 14:18:38 - [MESSAGE][PASSED] - Verify element property value successfully

2023-10-16 14:18:38 - [TEST_STEP][PASSED] - verifyElementPropertyValue(getResponse, "groups[0].pricingPlans[1].visualElements[4].value", " 283 DH  ØªØ¯ÙØ¹ Ø³ÙÙÙØ§Ù"): Verify element property value successfully

2023-10-16 14:18:38 - [MESSAGE][PASSED] - Verify element property value successfully

2023-10-16 14:18:38 - [TEST_STEP][PASSED] - verifyElementPropertyValue(getResponse, "groups[0].pricingPlans[1].visualElements[7].key", "show_payment_logo"): Verify element property value successfully

2023-10-16 14:18:38 - [MESSAGE][PASSED] - Verify element property value successfully

2023-10-16 14:18:38 - [TEST_STEP][PASSED] - verifyElementPropertyValue(getResponse, "groups[0].pricingPlans[1].visualElements[7].value", "true"): Verify element property value successfully

2023-10-16 14:18:38 - [MESSAGE][PASSED] - Verify element property value successfully

2023-10-16 14:18:38 - [TEST_STEP][PASSED] - verifyElementPropertyValue(getResponse, "groups[0].pricingPlans[1].visualElements[8].key", "show_tag"): Verify element property value successfully

2023-10-16 14:18:38 - [MESSAGE][PASSED] - Verify element property value successfully

2023-10-16 14:18:38 - [TEST_STEP][PASSED] - verifyElementPropertyValue(getResponse, "groups[0].pricingPlans[1].visualElements[8].value", "true"): Verify element property value successfully

2023-10-16 14:18:38 - [MESSAGE][PASSED] - Verify element property value successfully

2023-10-16 14:18:38 - [TEST_STEP][PASSED] - verifyElementPropertyValue(getResponse, "groups[0].pricingPlans[1].visualElements[10].key", "price"): Verify element property value successfully

2023-10-16 14:18:38 - [MESSAGE][PASSED] - Verify element property value successfully

2023-10-16 14:18:38 - [TEST_STEP][PASSED] - verifyElementPropertyValue(getResponse, "groups[0].pricingPlans[1].visualElements[10].value", "283"): Verify element property value successfully

2023-10-16 14:18:38 - [MESSAGE][PASSED] - Verify element property value successfully

2023-10-16 14:18:38 - [TEST_STEP][PASSED] - verifyElementPropertyValue(getResponse, "groups[0].pricingPlans[1].visualElements[11].key", "currency"): Verify element property value successfully

2023-10-16 14:18:38 - [MESSAGE][PASSED] - Verify element property value successfully

2023-10-16 14:18:38 - [TEST_STEP][PASSED] - verifyElementPropertyValue(getResponse, "groups[0].pricingPlans[1].visualElements[11].value", "DH"): Verify element property value successfully

2023-10-16 14:18:38 - [MESSAGE][PASSED] - Verify element property value successfully

2023-10-16 14:18:38 - [TEST_STEP][PASSED] - verifyElementPropertyValue(getResponse, "groups[0].pricingPlans[1].visualElements[12].key", "duration"): Verify element property value successfully

2023-10-16 14:18:38 - [MESSAGE][PASSED] - Verify element property value successfully

2023-10-16 14:18:38 - [TEST_STEP][PASSED] - verifyElementPropertyValue(getResponse, "groups[0].pricingPlans[1].visualElements[12].value", "Ø³ÙÙÙØ§Ù"): Verify element property value successfully

2023-10-16 14:18:38 - [MESSAGE][PASSED] - Verify element property value successfully

2023-10-16 14:18:38 - [TEST_STEP][PASSED] - verifyElementPropertyValue(getResponse, "groups[0].pricingPlans[1].order", "2"): Verify element property value successfully

2023-10-16 14:18:38 - [MESSAGE][PASSED] - Verify element property value successfully

2023-10-16 14:18:38 - [TEST_STEP][PASSED] - verifyElementPropertyValue(getResponse, "groups[0].pricingPlans[1].period", "yearly"): Verify element property value successfully

2023-10-16 14:18:38 - [MESSAGE][PASSED] - Verify element property value successfully

2023-10-16 14:18:38 - [TEST_STEP][PASSED] - verifyElementPropertyValue(getResponse, "groups[0].pricingPlans[1].price", "283.0"): Verify element property value successfully

2023-10-16 14:18:38 - [MESSAGE][PASSED] - Verify element property value successfully

2023-10-16 14:18:38 - [TEST_STEP][PASSED] - verifyElementPropertyValue(getResponse, "groups[0].pricingPlans[1].currency", "DH"): Verify element property value successfully

2023-10-16 14:18:38 - [MESSAGE][PASSED] - Verify element property value successfully

2023-10-16 14:18:38 - [TEST_STEP][PASSED] - verifyElementPropertyValue(getResponse, "groups[0].pricingPlans[1].pricingPlanData[0].productId", "MAR_B2C_SHAHID_VIP_12M"): Verify element property value successfully

2023-10-16 14:18:38 - [MESSAGE][PASSED] - Verify element property value successfully

2023-10-16 14:18:38 - [TEST_STEP][PASSED] - verifyElementPropertyValue(getResponse, "groups[0].pricingPlans[1].pricingPlanData[0].subPricingPlanIds", "null"): Verify element property value successfully

2023-10-16 14:18:38 - [MESSAGE][PASSED] - Verify element property value successfully

2023-10-16 14:18:38 - [TEST_STEP][PASSED] - verifyElementPropertyValue(getResponse, "groups[0].pricingPlans[1].pricingPlanData[0].paymentMethod", "CREDIT_CARD"): Verify element property value successfully

2023-10-16 14:18:38 - [MESSAGE][PASSED] - Verify element property value successfully

2023-10-16 14:18:38 - [TEST_STEP][PASSED] - verifyElementPropertyValue(getResponse, "groups[0].pricingPlans[1].pricingPlanData[0].freeTrialEnabled", "false"): Verify element property value successfully

2023-10-16 14:18:38 - [MESSAGE][PASSED] - Verify element property value successfully

2023-10-16 14:18:38 - [TEST_STEP][PASSED] - verifyElementPropertyValue(getResponse, "groups[0].pricingPlans[1].pricingPlanData[0].visualElements[0].key", "title"): Verify element property value successfully

2023-10-16 14:18:38 - [MESSAGE][PASSED] - Verify element property value successfully

2023-10-16 14:18:38 - [TEST_STEP][PASSED] - verifyElementPropertyValue(getResponse, "groups[0].pricingPlans[1].pricingPlanData[0].visualElements[0].value", "Ø§ÙØ¨Ø·Ø§ÙØ© Ø§ÙÙØµØ±ÙÙØ©"): Verify element property value successfully

2023-10-16 14:18:38 - [MESSAGE][PASSED] - Verify element property value successfully

2023-10-16 14:18:38 - [TEST_STEP][PASSED] - verifyElementPropertyValue(getResponse, "groups[0].pricingPlans[1].pricingPlanData[0].visualElements[1].key", "CTA_text"): Verify element property value successfully

2023-10-16 14:18:38 - [MESSAGE][PASSED] - Verify element property value successfully

2023-10-16 14:18:38 - [TEST_STEP][PASSED] - verifyElementPropertyValue(getResponse, "groups[0].pricingPlans[1].pricingPlanData[0].visualElements[1].value", "Ø§Ø´ØªØ±Ù"): Verify element property value successfully

2023-10-16 14:18:38 - [MESSAGE][PASSED] - Verify element property value successfully

2023-10-16 14:18:38 - [TEST_STEP][PASSED] - verifyElementPropertyValue(getResponse, "groups[0].pricingPlans[1].pricingPlanData[0].visualElements[2].key", "logo"): Verify element property value successfully

2023-10-16 14:18:38 - [MESSAGE][PASSED] - Verify element property value successfully

2023-10-16 14:18:38 - [TEST_STEP][PASSED] - verifyElementPropertyValue(getResponse, "groups[0].pricingPlans[1].pricingPlanData[0].visualElements[2].value", "https://static.s3.shahid.mbc.net/widget-images/icons/iconCreditCard.png"): Verify element property value successfully

2023-10-16 14:18:38 - [MESSAGE][PASSED] - Verify element property value successfully

2023-10-16 14:18:38 - [TEST_STEP][PASSED] - verifyElementPropertyValue(getResponse, "groups[0].pricingPlans[1].pricingPlanData[0].priceLabel", "283"): Verify element property value successfully

2023-10-16 14:18:38 - [MESSAGE][PASSED] - Verify element property value successfully

2023-10-16 14:18:38 - [TEST_STEP][PASSED] - verifyElementPropertyValue(getResponse, "groups[0].pricingPlans[1].pricingPlanData[0].currencyLabel", "DH"): Verify element property value successfully

2023-10-16 14:18:38 - [MESSAGE][PASSED] - Verify element property value successfully

2023-10-16 14:18:38 - [TEST_STEP][PASSED] - verifyElementPropertyValue(getResponse, "deals[0].param", "orange-offer"): Verify element property value successfully

2023-10-16 14:18:38 - [MESSAGE][PASSED] - Verify element property value successfully

2023-10-16 14:18:38 - [TEST_STEP][PASSED] - verifyElementPropertyValue(getResponse, "deals[0].skipLandingPage", "false"): Verify element property value successfully

2023-10-16 14:18:38 - [MESSAGE][PASSED] - Verify element property value successfully

2023-10-16 14:18:38 - [TEST_STEP][PASSED] - verifyElementPropertyValue(getResponse, "deals[0].visible", "false"): Verify element property value successfully

2023-10-16 14:18:38 - [MESSAGE][PASSED] - Verify element property value successfully

2023-10-16 14:18:38 - [TEST_STEP][PASSED] - verifyElementPropertyValue(getResponse, "deals[0].dealType", "deal_with_pricing_plan"): Verify element property value successfully

2023-10-16 14:18:38 - [MESSAGE][PASSED] - Verify element property value successfully

2023-10-16 14:18:38 - [TEST_STEP][PASSED] - verifyElementPropertyValue(getResponse, "deals[0].template", "TELCO"): Verify element property value successfully

2023-10-16 14:18:38 - [MESSAGE][PASSED] - Verify element property value successfully

2023-10-16 14:18:38 - [TEST_STEP][PASSED] - verifyElementPropertyValue(getResponse, "deals[0].visualElements[7].key", "main_partner_logo"): Verify element property value successfully

2023-10-16 14:18:38 - [MESSAGE][PASSED] - Verify element property value successfully

2023-10-16 14:18:38 - [TEST_STEP][PASSED] - verifyElementPropertyValue(getResponse, "deals[0].visualElements[7].value", "https://shahid-static.s3.us-east-1.amazonaws.com/shahid-subscription-config/EV-PRD/Orange_logo.jpg"): Verify element property value successfully

2023-10-16 14:18:38 - [MESSAGE][PASSED] - Verify element property value successfully

2023-10-16 14:18:38 - [TEST_STEP][PASSED] - verifyElementPropertyValue(getResponse, "deals[0].groups[0].pricingPlans[0].featured", "true"): Verify element property value successfully

2023-10-16 14:18:38 - [MESSAGE][PASSED] - Verify element property value successfully

2023-10-16 14:18:38 - [TEST_STEP][PASSED] - verifyElementPropertyValue(getResponse, "deals[0].groups[0].pricingPlans[0].liteRegistrationEnabled", "false"): Verify element property value successfully

2023-10-16 14:18:38 - [MESSAGE][PASSED] - Verify element property value successfully

2023-10-16 14:18:38 - [TEST_STEP][PASSED] - verifyElementPropertyValue(getResponse, "deals[0].groups[0].pricingPlans[0].packageName", "monthly"): Verify element property value successfully

2023-10-16 14:18:38 - [MESSAGE][PASSED] - Verify element property value successfully

2023-10-16 14:18:38 - [TEST_STEP][PASSED] - verifyElementPropertyValue(getResponse, "deals[0].groups[0].pricingPlans[0].price", "33.0"): Verify element property value successfully

2023-10-16 14:18:38 - [MESSAGE][PASSED] - Verify element property value successfully

2023-10-16 14:18:38 - [TEST_STEP][FAILED] - verifyElementPropertyValue(getResponse, "deals[0].groups[0].pricingPlans[0].currency", "DH"): Expected element property value 'DH' is not equal with actual property value ''

2023-10-16 14:18:38 - [MESSAGE][FAILED] - Expected element property value 'DH' is not equal with actual property value ''

2023-10-16 14:18:38 - [TEST_STEP][PASSED] - verifyElementPropertyValue(getResponse, "deals[0].groups[0].pricingPlans[0].packageId", "SHAHID_VIP"): Verify element property value successfully

2023-10-16 14:18:38 - [MESSAGE][PASSED] - Verify element property value successfully

2023-10-16 14:18:38 - [TEST_STEP][PASSED] - verifyElementPropertyValue(getResponse, "deals[0].groups[0].pricingPlans[0].catalogId", "VIP"): Verify element property value successfully

2023-10-16 14:18:38 - [MESSAGE][PASSED] - Verify element property value successfully

2023-10-16 14:18:38 - [TEST_STEP][PASSED] - verifyElementPropertyValue(getResponse, "deals[0].groups[0].pricingPlans[0].visualElements[2].key", "display_title"): Verify element property value successfully

2023-10-16 14:18:38 - [MESSAGE][PASSED] - Verify element property value successfully

2023-10-16 14:18:38 - [TEST_STEP][PASSED] - verifyElementPropertyValue(getResponse, "deals[0].groups[0].pricingPlans[0].visualElements[2].value", "Ø§ÙØ§Ø´ØªØ±Ø§Ù Ø§ÙØ´ÙØ±Ù"): Verify element property value successfully

2023-10-16 14:18:38 - [MESSAGE][PASSED] - Verify element property value successfully

2023-10-16 14:18:38 - [TEST_STEP][PASSED] - verifyElementPropertyValue(getResponse, "deals[0].groups[0].pricingPlans[0].visualElements[4].key", "promo_text"): Verify element property value successfully

2023-10-16 14:18:38 - [MESSAGE][PASSED] - Verify element property value successfully

2023-10-16 14:18:38 - [TEST_STEP][PASSED] - verifyElementPropertyValue(getResponse, "deals[0].groups[0].pricingPlans[0].visualElements[4].value", "33 DH / Ø´ÙØ±ÙØ§Ù"): Verify element property value successfully

2023-10-16 14:18:38 - [MESSAGE][PASSED] - Verify element property value successfully

2023-10-16 14:18:38 - [TEST_STEP][PASSED] - verifyElementPropertyValue(getResponse, "deals[0].groups[0].pricingPlans[0].visualElements[5].key", "deduction_text"): Verify element property value successfully

2023-10-16 14:18:38 - [MESSAGE][PASSED] - Verify element property value successfully

2023-10-16 14:18:38 - [TEST_STEP][PASSED] - verifyElementPropertyValue(getResponse, "deals[0].groups[0].pricingPlans[0].visualElements[5].value", "ØªØ¯ÙØ¹ Ø´ÙØ±ÙØ§Ù"): Verify element property value successfully

2023-10-16 14:18:38 - [MESSAGE][PASSED] - Verify element property value successfully

2023-10-16 14:18:38 - [TEST_STEP][PASSED] - verifyElementPropertyValue(getResponse, "deals[0].groups[0].pricingPlans[0].visualElements[7].key", "show_payment_logo"): Verify element property value successfully

2023-10-16 14:18:38 - [MESSAGE][PASSED] - Verify element property value successfully

2023-10-16 14:18:38 - [TEST_STEP][PASSED] - verifyElementPropertyValue(getResponse, "deals[0].groups[0].pricingPlans[0].visualElements[7].value", "true"): Verify element property value successfully

2023-10-16 14:18:38 - [MESSAGE][PASSED] - Verify element property value successfully

2023-10-16 14:18:38 - [TEST_STEP][PASSED] - verifyElementPropertyValue(getResponse, "deals[0].groups[0].pricingPlans[0].visualElements[8].key", "show_tag"): Verify element property value successfully

2023-10-16 14:18:38 - [MESSAGE][PASSED] - Verify element property value successfully

2023-10-16 14:18:38 - [TEST_STEP][PASSED] - verifyElementPropertyValue(getResponse, "deals[0].groups[0].pricingPlans[0].visualElements[8].value", "true"): Verify element property value successfully

2023-10-16 14:18:39 - [MESSAGE][PASSED] - Verify element property value successfully

2023-10-16 14:18:39 - [TEST_STEP][PASSED] - verifyElementPropertyValue(getResponse, "deals[0].groups[0].pricingPlans[0].visualElements[12].key", "duration"): Verify element property value successfully

2023-10-16 14:18:39 - [MESSAGE][PASSED] - Verify element property value successfully

2023-10-16 14:18:39 - [TEST_STEP][PASSED] - verifyElementPropertyValue(getResponse, "deals[0].groups[0].pricingPlans[0].visualElements[12].value", "Ø´ÙØ±ÙØ§Ù"): Verify element property value successfully

2023-10-16 14:18:39 - [MESSAGE][PASSED] - Verify element property value successfully

2023-10-16 14:18:39 - [TEST_STEP][PASSED] - verifyElementPropertyValue(getResponse, "deals[0].groups[0].pricingPlans[0].visualElements[13].key", "summary_text_1"): Verify element property value successfully

2023-10-16 14:18:39 - [MESSAGE][PASSED] - Verify element property value successfully

2023-10-16 14:18:39 - [TEST_STEP][PASSED] - verifyElementPropertyValue(getResponse, "deals[0].groups[0].pricingPlans[0].visualElements[13].value", "Ø¹Ø§ÙÙ Ø§ÙØªØ±ÙÙÙ Ø¨ÙÙ ÙØ¯ÙÙ. 
 Ø§Ø´ØªØ±Ù Ø§ÙØ¢Ù. Ø±Ø³ÙÙ Ø´ÙØ±ÙØ© 33 Ø¯Ø±ÙÙ ÙØºØ±Ø¨Ù (Ø´Ø§ÙÙØ© ÙØ¶Ø±ÙØ¨Ø© Ø§ÙÙÙÙØ© Ø§ÙÙØ¶Ø§ÙØ©)"): Verify element property value successfully

2023-10-16 14:18:39 - [MESSAGE][PASSED] - Verify element property value successfully

2023-10-16 14:18:39 - [TEST_STEP][PASSED] - verifyElementPropertyValue(getResponse, "deals[0].groups[0].pricingPlans[0].visualElements[1].key", "tab_name"): Verify element property value successfully

2023-10-16 14:18:39 - [MESSAGE][PASSED] - Verify element property value successfully

2023-10-16 14:18:39 - [TEST_STEP][PASSED] - verifyElementPropertyValue(getResponse, "deals[0].groups[0].pricingPlans[0].visualElements[1].value", "Ø´Ø§ÙØ¯ VIP ÙÙØ¨Ø§ÙÙ"): Verify element property value successfully

2023-10-16 14:18:39 - [MESSAGE][PASSED] - Verify element property value successfully

2023-10-16 14:18:39 - [TEST_STEP][PASSED] - verifyElementPropertyValue(getResponse, "deals[0].groups[0].pricingPlans[0].pricingPlanData[0].productId", "MAR_SHAHID_MOBILE_ONLY_1M"): Verify element property value successfully

2023-10-16 14:18:39 - [MESSAGE][PASSED] - Verify element property value successfully

2023-10-16 14:18:39 - [TEST_STEP][PASSED] - verifyElementPropertyValue(getResponse, "deals[0].groups[0].pricingPlans[0].pricingPlanData[0].pricingPlanId", "TPay_Orange_MA"): Verify element property value successfully

2023-10-16 14:18:39 - [MESSAGE][PASSED] - Verify element property value successfully

2023-10-16 14:18:39 - [TEST_STEP][PASSED] - verifyElementPropertyValue(getResponse, "deals[0].groups[0].pricingPlans[0].pricingPlanData[0].paymentMethod", "MOBILE_PAY"): Verify element property value successfully

2023-10-16 14:18:39 - [MESSAGE][PASSED] - Verify element property value successfully

2023-10-16 14:18:39 - [TEST_STEP][PASSED] - verifyElementPropertyValue(getResponse, "deals[0].groups[0].pricingPlans[0].pricingPlanData[0].subPricingPlanIds[0]", "60400"): Verify element property value successfully

2023-10-16 14:18:39 - [MESSAGE][PASSED] - Verify element property value successfully

2023-10-16 14:18:39 - [TEST_STEP][PASSED] - verifyElementPropertyValue(getResponse, "deals[0].groups[0].pricingPlans[0].pricingPlanData[0].priceLabel", "33"): Verify element property value successfully

2023-10-16 14:18:39 - [MESSAGE][PASSED] - Verify element property value successfully

2023-10-16 14:18:39 - [TEST_STEP][PASSED] - verifyElementPropertyValue(getResponse, "deals[0].groups[0].pricingPlans[0].pricingPlanData[0].currencyLabel", "DH"): Verify element property value successfully

2023-10-16 14:18:39 - [MESSAGE][PASSED] - Verify element property value successfully

2023-10-16 14:18:39 - [TEST_STEP][PASSED] - verifyElementPropertyValue(getResponse, "deals[0].groups[0].pricingPlans[0].pricingPlanData[0].dealId", "MLD1M01_MAR"): Verify element property value successfully

2023-10-16 14:18:39 - [MESSAGE][PASSED] - Verify element property value successfully

2023-10-16 14:18:39 - [TEST_STEP][PASSED] - verifyElementPropertyValue(getResponse, "deals[0].groups[0].pricingPlans[0].pricingPlanData[0].showForAnonymous", "true"): Verify element property value successfully

2023-10-16 14:18:39 - [MESSAGE][PASSED] - Verify element property value successfully

2023-10-16 14:18:39 - [TEST_STEP][PASSED] - verifyElementPropertyValue(getResponse, "deals[0].specialOfferLandingPage.visualElements[1].key", "pop_up_tab_title"): Verify element property value successfully

2023-10-16 14:18:39 - [MESSAGE][PASSED] - Verify element property value successfully

2023-10-16 14:18:39 - [TEST_STEP][PASSED] - verifyElementPropertyValue(getResponse, "deals[0].specialOfferLandingPage.visualElements[1].value[0]", " Ø§ÙØ´Ø±ÙØ· ÙØ§ÙØ£Ø­ÙØ§Ù"): Verify element property value successfully

2023-10-16 14:18:39 - [MESSAGE][PASSED] - Verify element property value successfully

2023-10-16 14:18:39 - [TEST_STEP][PASSED] - verifyElementPropertyValue(getResponse, "deals[0].specialOfferLandingPage.visualElements[2].key", "pop_up_tab_content"): Verify element property value successfully

2023-10-16 14:18:39 - [MESSAGE][PASSED] - Verify element property value successfully

2023-10-16 14:18:39 - [TEST_STEP][FAILED] - verifyElementPropertyValue(getResponse, "deals[0].specialOfferLandingPage.visualElements[2].value[0]", "<ul> <li> ÙØªÙ ØªØ¬Ø¯ÙØ¯ Ø§ÙØ§Ø´ØªØ±Ø§Ù ØªÙÙØ§Ø¦ÙØ§Ù </li> <li> Ø±Ø³ÙÙ Ø´ÙØ±ÙØ© 33 Ø¯Ø±ÙÙ ÙØºØ±Ø¨Ù (Ø´Ø§ÙÙØ© ÙØ¶Ø±ÙØ¨Ø© Ø§ÙÙÙÙØ© Ø§ÙÙØ¶Ø§ÙØ©) </li> <li> ÙÙØ§Ø³ØªÙØ³Ø§Ø±Ø§Øª Ø§ÙØ±Ø¬Ø§Ø¡ Ø§ÙØªÙØ§ØµÙ ÙØ¹  care@shahid.net </li></ul>"): Expected element property value '<ul> <li> ÙØªÙ ØªØ¬Ø¯ÙØ¯ Ø§ÙØ§Ø´ØªØ±Ø§Ù ØªÙÙØ§Ø¦ÙØ§Ù </li> <li> Ø±Ø³ÙÙ Ø´ÙØ±ÙØ© 33 Ø¯Ø±ÙÙ ÙØºØ±Ø¨Ù (Ø´Ø§ÙÙØ© ÙØ¶Ø±ÙØ¨Ø© Ø§ÙÙÙÙØ© Ø§ÙÙØ¶Ø§ÙØ©) </li> <li> ÙÙØ§Ø³ØªÙØ³Ø§Ø±Ø§Øª Ø§ÙØ±Ø¬Ø§Ø¡ Ø§ÙØªÙØ§ØµÙ ÙØ¹  care@shahid.net </li></ul>' is not equal with actual property value '<ul> <li> ÙØªÙ ØªØ¬Ø¯ÙØ¯ Ø§ÙØ§Ø´ØªØ±Ø§Ù ØªÙÙØ§Ø¦ÙØ§Ù </li> <li> Ø±Ø³ÙÙ Ø´ÙØ±ÙØ© 19 Ø¯Ø±ÙÙ ÙØºØ±Ø¨Ù (Ø´Ø§ÙÙØ© ÙØ¶Ø±ÙØ¨Ø© Ø§ÙÙÙÙØ© Ø§ÙÙØ¶Ø§ÙØ©) </li> <li> ÙÙØ§Ø³ØªÙØ³Ø§Ø±Ø§Øª Ø§ÙØ±Ø¬Ø§Ø¡ Ø§ÙØªÙØ§ØµÙ ÙØ¹  care@shahid.net </li></ul>'

2023-10-16 14:18:39 - [MESSAGE][FAILED] - Expected element property value '<ul> <li> ÙØªÙ ØªØ¬Ø¯ÙØ¯ Ø§ÙØ§Ø´ØªØ±Ø§Ù ØªÙÙØ§Ø¦ÙØ§Ù </li> <li> Ø±Ø³ÙÙ Ø´ÙØ±ÙØ© 33 Ø¯Ø±ÙÙ ÙØºØ±Ø¨Ù (Ø´Ø§ÙÙØ© ÙØ¶Ø±ÙØ¨Ø© Ø§ÙÙÙÙØ© Ø§ÙÙØ¶Ø§ÙØ©) </li> <li> ÙÙØ§Ø³ØªÙØ³Ø§Ø±Ø§Øª Ø§ÙØ±Ø¬Ø§Ø¡ Ø§ÙØªÙØ§ØµÙ ÙØ¹  care@shahid.net </li></ul>' is not equal with actual property value '<ul> <li> ÙØªÙ ØªØ¬Ø¯ÙØ¯ Ø§ÙØ§Ø´ØªØ±Ø§Ù ØªÙÙØ§Ø¦ÙØ§Ù </li> <li> Ø±Ø³ÙÙ Ø´ÙØ±ÙØ© 19 Ø¯Ø±ÙÙ ÙØºØ±Ø¨Ù (Ø´Ø§ÙÙØ© ÙØ¶Ø±ÙØ¨Ø© Ø§ÙÙÙÙØ© Ø§ÙÙØ¶Ø§ÙØ©) </li> <li> ÙÙØ§Ø³ØªÙØ³Ø§Ø±Ø§Øª Ø§ÙØ±Ø¬Ø§Ø¡ Ø§ÙØªÙØ§ØµÙ ÙØ¹  care@shahid.net </li></ul>'

2023-10-16 14:18:39 - [TEST_STEP][PASSED] - verifyElementPropertyValue(getResponse, "deals[0].specialOfferLandingPage.visualElements[3].key", "partner_logo"): Verify element property value successfully

2023-10-16 14:18:39 - [MESSAGE][PASSED] - Verify element property value successfully

2023-10-16 14:18:39 - [TEST_STEP][PASSED] - verifyElementPropertyValue(getResponse, "deals[0].specialOfferLandingPage.visualElements[3].value", "https://shahid-static.s3.us-east-1.amazonaws.com/shahid-subscription-config/EV-PRD/Orange_logo.jpg"): Verify element property value successfully

2023-10-16 14:18:39 - [MESSAGE][PASSED] - Verify element property value successfully

2023-10-16 14:18:39 - [TEST_STEP][PASSED] - verifyElementPropertyValue(getResponse, "deals[0].specialOfferLandingPage.visualElements[5].key", "partner_name"): Verify element property value successfully

2023-10-16 14:18:39 - [MESSAGE][PASSED] - Verify element property value successfully

2023-10-16 14:18:39 - [TEST_STEP][PASSED] - verifyElementPropertyValue(getResponse, "deals[0].specialOfferLandingPage.visualElements[5].value", "ORANGE"): Verify element property value successfully

2023-10-16 14:18:39 - [MESSAGE][PASSED] - Verify element property value successfully

2023-10-16 14:18:39 - [TEST_STEP][PASSED] - verifyElementPropertyValue(getResponse, "deals[0].specialOfferLandingPage.visualElements[6].key", "continue_cta"): Verify element property value successfully

2023-10-16 14:18:39 - [MESSAGE][PASSED] - Verify element property value successfully

2023-10-16 14:18:39 - [TEST_STEP][PASSED] - verifyElementPropertyValue(getResponse, "deals[0].specialOfferLandingPage.visualElements[6].value", "Ø§Ø­ØµÙ Ø¹ÙÙ Ø§ÙØ¹Ø±Ø¶"): Verify element property value successfully

2023-10-16 14:18:39 - [MESSAGE][PASSED] - Verify element property value successfully

2023-10-16 14:18:39 - [TEST_STEP][PASSED] - verifyElementPropertyValue(getResponse, "deals[0].specialOfferLandingPage.visualElements[7].key", "guideline_cta"): Verify element property value successfully

2023-10-16 14:18:39 - [MESSAGE][PASSED] - Verify element property value successfully

2023-10-16 14:18:39 - [TEST_STEP][PASSED] - verifyElementPropertyValue(getResponse, "deals[0].specialOfferLandingPage.visualElements[7].value[0]", "ØªØ·Ø¨Ù Ø§ÙØ´Ø±ÙØ· ÙØ§ÙØ£Ø­ÙØ§Ù"): Verify element property value successfully

2023-10-16 14:18:39 - [MESSAGE][PASSED] - Verify element property value successfully

2023-10-16 14:18:39 - [TEST_STEP][PASSED] - verifyElementPropertyValue(getResponse, "deals[0].specialOfferLandingPage.cards[0].image", "https://shahid-static.s3.amazonaws.com/shahid-subscription-config/LP/2022MOLP.jpg"): Verify element property value successfully

2023-10-16 14:18:39 - [MESSAGE][PASSED] - Verify element property value successfully

2023-10-16 14:18:39 - [TEST_STEP][PASSED] - verifyElementPropertyValue(getResponse, "visualElements[0].key", "main_CTA_text_1"): Verify element property value successfully

2023-10-16 14:18:39 - [MESSAGE][PASSED] - Verify element property value successfully

2023-10-16 14:18:39 - [TEST_STEP][PASSED] - verifyElementPropertyValue(getResponse, "visualElements[0].value", "Ø´Ø§ÙØ¯ Ø£ÙÙÙ Ø§ÙÙØ³ÙØ³ÙØ§Øª Ù Ø§ÙØ£ÙÙØ§Ù Ø­ØµØ±ÙØ§Ù Ø¯ÙÙ ØªÙÙÙ"): Verify element property value successfully

2023-10-16 14:18:39 - [MESSAGE][PASSED] - Verify element property value successfully

2023-10-16 14:18:39 - [TEST_STEP][PASSED] - verifyElementPropertyValue(getResponse, "visualElements[2].key", "main_disclaimer_text"): Verify element property value successfully

2023-10-16 14:18:39 - [MESSAGE][PASSED] - Verify element property value successfully

2023-10-16 14:18:39 - [TEST_STEP][PASSED] - verifyElementPropertyValue(getResponse, "visualElements[2].value", "Ø±Ø³ÙÙ Ø§ÙØ§Ø´ØªØ±Ø§Ù ÙØ¯ ØªØ®ØªÙÙ Ø¨ÙØ§Ø¡Ù Ø¹ÙÙ Ø§ÙØ¨ÙØ¯ Ø£Ù Ø·Ø±ÙÙØ© Ø§ÙØ¯ÙØ¹ Ø£Ù Ø¨Ø§ÙØ© Ø§ÙØ§Ø´ØªØ±Ø§Ù Ø£Ù Ø§ÙØ¶Ø±ÙØ¨Ø© Ø§ÙÙØ¶Ø§ÙØ© Ø£Ù ÙØ¹Ø§ÙÙ ØªØ­ÙÙÙ Ø§ÙØ¹ÙÙØ§Øª ÙØ§ÙØ±Ø³ÙÙ Ø§ÙØ¨ÙÙÙØ©. ØªØ·Ø¨ÙÙ Ø§ÙØ´Ø±ÙØ· ÙØ§ÙØ£Ø­ÙØ§Ù."): Verify element property value successfully

2023-10-16 14:18:39 - [MESSAGE][PASSED] - Verify element property value successfully

2023-10-16 14:18:39 - [TEST_STEP][PASSED] - verifyElementPropertyValue(getResponse, "visualElements[4].key", "display_type"): Verify element property value successfully

2023-10-16 14:18:39 - [MESSAGE][PASSED] - Verify element property value successfully

2023-10-16 14:18:39 - [TEST_STEP][PASSED] - verifyElementPropertyValue(getResponse, "visualElements[4].value", "vertical"): Verify element property value successfully

2023-10-16 14:18:39 - [MESSAGE][PASSED] - Verify element property value successfully

2023-10-16 14:18:39 - [TEST_STEP][PASSED] - verifyElementPropertyValue(getResponse, "pages[0].visualElements[0].key", "alternative_payment_title"): Verify element property value successfully

2023-10-16 14:18:39 - [MESSAGE][PASSED] - Verify element property value successfully

2023-10-16 14:18:39 - [TEST_STEP][PASSED] - verifyElementPropertyValue(getResponse, "pages[0].visualElements[0].value", "Ø£Ù ÙÙ Ø¨Ø§Ø®ØªÙØ§Ø± Ø¥Ø­Ø¯Ù Ø§ÙØ·Ø±Ù Ø§ÙØ¨Ø¯ÙÙØ© Ø§ÙØªØ§ÙÙØ©"): Verify element property value successfully

2023-10-16 14:18:39 - [MESSAGE][PASSED] - Verify element property value successfully

2023-10-16 14:18:39 - [TEST_STEP][PASSED] - verifyElementPropertyValue(getResponse, "pages[0].visualElements[1].key", "label_text"): Verify element property value successfully

2023-10-16 14:18:39 - [MESSAGE][PASSED] - Verify element property value successfully

2023-10-16 14:18:39 - [TEST_STEP][PASSED] - verifyElementPropertyValue(getResponse, "pages[0].visualElements[1].value", "Ø·Ø±Ù Ø§ÙØ¯ÙØ¹ Ø§ÙØ£Ø®Ø±Ù"): Verify element property value successfully

2023-10-16 14:18:39 - [MESSAGE][PASSED] - Verify element property value successfully

2023-10-16 14:18:39 - [TEST_STEP][PASSED] - verifyElementPropertyValue(getResponse, "pages[0].visualElements[3].key", "CTA_text"): Verify element property value successfully

2023-10-16 14:18:39 - [MESSAGE][PASSED] - Verify element property value successfully

2023-10-16 14:18:39 - [TEST_STEP][PASSED] - verifyElementPropertyValue(getResponse, "pages[0].visualElements[3].value", "Ø§Ø¶ØºØ· ÙÙØ§"): Verify element property value successfully

2023-10-16 14:18:39 - [MESSAGE][PASSED] - Verify element property value successfully

2023-10-16 14:18:39 - [TEST_STEP][PASSED] - verifyElementPropertyValue(getResponse, "pages[0].visualElements[4].key", "main_title"): Verify element property value successfully

2023-10-16 14:18:39 - [MESSAGE][PASSED] - Verify element property value successfully

2023-10-16 14:18:39 - [TEST_STEP][PASSED] - verifyElementPropertyValue(getResponse, "pages[0].visualElements[4].value", "Ø·Ø±Ù Ø§ÙØ¯ÙØ¹ Ø§ÙØ£Ø®Ø±Ù"): Verify element property value successfully

2023-10-16 14:18:39 - [MESSAGE][PASSED] - Verify element property value successfully

2023-10-16 14:18:39 - [TEST_STEP][PASSED] - verifyElementPropertyValue(getResponse, "pages[0].visualElements[6].key", "alternative_payment_methods"): Verify element property value successfully

2023-10-16 14:18:39 - [MESSAGE][PASSED] - Verify element property value successfully

2023-10-16 14:18:39 - [TEST_STEP][PASSED] - verifyElementPropertyValue(getResponse, "pages[0].visualElements[6].value", "ÙÙÙÙÙ Ø´Ø±Ø§Ø¡ ÙØ³ÙÙØ© Ø´Ø§ÙØ¯ Ø§ÙØªØ³ÙÙÙÙØ© ÙÙ Ø£Ù ÙÙ Ø¨Ø§Ø¦Ø¹Ù Ø§ÙØªØ¬Ø²Ø¦Ø© Ø§ÙØªØ§ÙÙÙÙ"): Verify element property value successfully

2023-10-16 14:18:39 - [MESSAGE][PASSED] - Verify element property value successfully

2023-10-16 14:18:39 - [TEST_STEP][PASSED] - verifyElementPropertyValue(getResponse, "partners[0].name", "Cash Plus"): Verify element property value successfully

2023-10-16 14:18:39 - [MESSAGE][PASSED] - Verify element property value successfully

2023-10-16 14:18:39 - [TEST_STEP][PASSED] - verifyElementPropertyValue(getResponse, "partners[0].link", "https://www.cashplus.ma/ar/#map"): Verify element property value successfully

2023-10-16 14:18:39 - [MESSAGE][PASSED] - Verify element property value successfully

2023-10-16 14:18:39 - [TEST_STEP][PASSED] - verifyElementPropertyValue(getResponse, "partners[0].logo", "https://static.s3.shahid.mbc.net/widget-images/logos/cashplus@2x.png"): Verify element property value successfully

2023-10-16 14:18:39 - [MESSAGE][PASSED] - Verify element property value successfully

2023-10-16 14:18:39 - [TEST_STEP][PASSED] - verifyElementPropertyValue(getResponse, "partners[0].visible", "true"): Verify element property value successfully

2023-10-16 14:18:39 - [MESSAGE][PASSED] - Verify element property value successfully

2023-10-16 14:18:39 - [TEST_STEP][PASSED] - verifyElementPropertyValue(getResponse, "partners[0].visualElements[0].key", "text"): Verify element property value successfully

2023-10-16 14:18:39 - [MESSAGE][PASSED] - Verify element property value successfully

2023-10-16 14:18:39 - [TEST_STEP][PASSED] - verifyElementPropertyValue(getResponse, "partners[0].visualElements[0].value", "ÙØ¹ÙÙÙØ§Øª Ø¥Ø¶Ø§ÙÙØ©"): Verify element property value successfully

2023-10-16 14:18:39 - [MESSAGE][PASSED] - Verify element property value successfully

2023-10-16 14:18:39 - [TEST_STEP][PASSED] - verifyElementPropertyValue(getResponse, "defaultPackageId", "SHAHID_VIP"): Verify element property value successfully

2023-10-16 14:18:39 - [MESSAGE][PASSED] - Verify element property value successfully]]></system-out>
         <system-err><![CDATA[2023-10-16 14:18:36 - [TEST_CASE][FAILED] - Test Cases/WEB - CHROME/MAR PI/WEB_AR_getSubscriptionConfigForMAR_VIP: Test Cases/WEB - CHROME/MAR PI/WEB_AR_getSubscriptionConfigForMAR_VIP FAILED.
Reason:
com.kms.katalon.core.exception.StepFailedException: Expected element property value 'DH' is not equal with actual property value ''
	at com.kms.katalon.core.keyword.internal.KeywordMain.stepFailed(KeywordMain.groovy:39)
	at com.kms.katalon.core.webservice.keyword.builtin.VerifyElementPropertyValueKeyword$_verifyElementPropertyValue_closure1.doCall(VerifyElementPropertyValueKeyword.groovy:56)
	at com.kms.katalon.core.webservice.keyword.builtin.VerifyElementPropertyValueKeyword$_verifyElementPropertyValue_closure1.call(VerifyElementPropertyValueKeyword.groovy)
	at com.kms.katalon.core.keyword.internal.KeywordMain.runKeyword(KeywordMain.groovy:75)
	at com.kms.katalon.core.webservice.keyword.builtin.VerifyElementPropertyValueKeyword.verifyElementPropertyValue(VerifyElementPropertyValueKeyword.groovy:48)
	at com.kms.katalon.core.webservice.keyword.builtin.VerifyElementPropertyValueKeyword.execute(VerifyElementPropertyValueKeyword.groovy:43)
	at com.kms.katalon.core.keyword.internal.KeywordExecutor.executeKeywordForPlatform(KeywordExecutor.groovy:74)
	at com.kms.katalon.core.webservice.keyword.WSBuiltInKeywords.verifyElementPropertyValue(WSBuiltInKeywords.groovy:190)
	at com.kms.katalon.core.webservice.keyword.WSBuiltInKeywords$verifyElementPropertyValue$1.call(Unknown Source)
	at WEB_AR_getSubscriptionConfigForMAR_VIP.run(WEB_AR_getSubscriptionConfigForMAR_VIP:192)
	at com.kms.katalon.core.main.ScriptEngine.run(ScriptEngine.java:194)
	at com.kms.katalon.core.main.ScriptEngine.runScriptAsRawText(ScriptEngine.java:119)
	at com.kms.katalon.core.main.TestCaseExecutor.runScript(TestCaseExecutor.java:448)
	at com.kms.katalon.core.main.TestCaseExecutor.doExecute(TestCaseExecutor.java:439)
	at com.kms.katalon.core.main.TestCaseExecutor.processExecutionPhase(TestCaseExecutor.java:418)
	at com.kms.katalon.core.main.TestCaseExecutor.accessMainPhase(TestCaseExecutor.java:410)
	at com.kms.katalon.core.main.TestCaseExecutor.execute(TestCaseExecutor.java:285)
	at com.kms.katalon.core.common.CommonExecutor.accessTestCaseMainPhase(CommonExecutor.java:65)
	at com.kms.katalon.core.main.TestSuiteExecutor.accessTestSuiteMainPhase(TestSuiteExecutor.java:148)
	at com.kms.katalon.core.main.TestSuiteExecutor.execute(TestSuiteExecutor.java:106)
	at com.kms.katalon.core.main.TestCaseMain.startTestSuite(TestCaseMain.java:187)
	at com.kms.katalon.core.main.TestCaseMain$startTestSuite$0.call(Unknown Source)
	at TempTestSuite1697454219692.run(TempTestSuite1697454219692.groovy:36)]]></system-err>
      </testcase>
      <testcase name="Test Cases/WEB - CHROME/MAR PI/WEB_AR_getSubscriptionConfigForMAR_SPORT" time="1.818" classname="Test Cases/WEB - CHROME/MAR PI/WEB_AR_getSubscriptionConfigForMAR_SPORT" status="FAILED">
         <failure type="FAILED" message="Test Cases/WEB - CHROME/MAR PI/WEB_AR_getSubscriptionConfigForMAR_SPORT FAILED.
Reason:
com.kms.katalon.core.exception.StepFailedException: Expected element property value '21% ÙÙØ±' is not equal with actual property value 'ÙÙØ±21%'
	at com.kms.katalon.core.keyword.internal.KeywordMain.stepFailed(KeywordMain.groovy:39)
	at com.kms.katalon.core.webservice.keyword.builtin.VerifyElementPropertyValueKeyword$_verifyElementPropertyValue_closure1.doCall(VerifyElementPropertyValueKeyword.groovy:56)
	at com.kms.katalon.core.webservice.keyword.builtin.VerifyElementPropertyValueKeyword$_verifyElementPropertyValue_closure1.call(VerifyElementPropertyValueKeyword.groovy)
	at com.kms.katalon.core.keyword.internal.KeywordMain.runKeyword(KeywordMain.groovy:75)
	at com.kms.katalon.core.webservice.keyword.builtin.VerifyElementPropertyValueKeyword.verifyElementPropertyValue(VerifyElementPropertyValueKeyword.groovy:48)
	at com.kms.katalon.core.webservice.keyword.builtin.VerifyElementPropertyValueKeyword.execute(VerifyElementPropertyValueKeyword.groovy:43)
	at com.kms.katalon.core.keyword.internal.KeywordExecutor.executeKeywordForPlatform(KeywordExecutor.groovy:74)
	at com.kms.katalon.core.webservice.keyword.WSBuiltInKeywords.verifyElementPropertyValue(WSBuiltInKeywords.groovy:190)
	at com.kms.katalon.core.webservice.keyword.WSBuiltInKeywords$verifyElementPropertyValue$1.call(Unknown Source)
	at WEB_AR_getSubscriptionConfigForMAR_SPORT.run(WEB_AR_getSubscriptionConfigForMAR_SPORT:105)
	at com.kms.katalon.core.main.ScriptEngine.run(ScriptEngine.java:194)
	at com.kms.katalon.core.main.ScriptEngine.runScriptAsRawText(ScriptEngine.java:119)
	at com.kms.katalon.core.main.TestCaseExecutor.runScript(TestCaseExecutor.java:448)
	at com.kms.katalon.core.main.TestCaseExecutor.doExecute(TestCaseExecutor.java:439)
	at com.kms.katalon.core.main.TestCaseExecutor.processExecutionPhase(TestCaseExecutor.java:418)
	at com.kms.katalon.core.main.TestCaseExecutor.accessMainPhase(TestCaseExecutor.java:410)
	at com.kms.katalon.core.main.TestCaseExecutor.execute(TestCaseExecutor.java:285)
	at com.kms.katalon.core.common.CommonExecutor.accessTestCaseMainPhase(CommonExecutor.java:65)
	at com.kms.katalon.core.main.TestSuiteExecutor.accessTestSuiteMainPhase(TestSuiteExecutor.java:148)
	at com.kms.katalon.core.main.TestSuiteExecutor.execute(TestSuiteExecutor.java:106)
	at com.kms.katalon.core.main.TestCaseMain.startTestSuite(TestCaseMain.java:187)
	at com.kms.katalon.core.main.TestCaseMain$startTestSuite$0.call(Unknown Source)
	at TempTestSuite1697454219692.run(TempTestSuite1697454219692.groovy:36)
"/>
         <system-out><![CDATA[2023-10-16 14:18:39 - [TEST_CASE][FAILED] - Test Cases/WEB - CHROME/MAR PI/WEB_AR_getSubscriptionConfigForMAR_SPORT: Test Cases/WEB - CHROME/MAR PI/WEB_AR_getSubscriptionConfigForMAR_SPORT FAILED.
Reason:
com.kms.katalon.core.exception.StepFailedException: Expected element property value '21% ÙÙØ±' is not equal with actual property value 'ÙÙØ±21%'
	at com.kms.katalon.core.keyword.internal.KeywordMain.stepFailed(KeywordMain.groovy:39)
	at com.kms.katalon.core.webservice.keyword.builtin.VerifyElementPropertyValueKeyword$_verifyElementPropertyValue_closure1.doCall(VerifyElementPropertyValueKeyword.groovy:56)
	at com.kms.katalon.core.webservice.keyword.builtin.VerifyElementPropertyValueKeyword$_verifyElementPropertyValue_closure1.call(VerifyElementPropertyValueKeyword.groovy)
	at com.kms.katalon.core.keyword.internal.KeywordMain.runKeyword(KeywordMain.groovy:75)
	at com.kms.katalon.core.webservice.keyword.builtin.VerifyElementPropertyValueKeyword.verifyElementPropertyValue(VerifyElementPropertyValueKeyword.groovy:48)
	at com.kms.katalon.core.webservice.keyword.builtin.VerifyElementPropertyValueKeyword.execute(VerifyElementPropertyValueKeyword.groovy:43)
	at com.kms.katalon.core.keyword.internal.KeywordExecutor.executeKeywordForPlatform(KeywordExecutor.groovy:74)
	at com.kms.katalon.core.webservice.keyword.WSBuiltInKeywords.verifyElementPropertyValue(WSBuiltInKeywords.groovy:190)
	at com.kms.katalon.core.webservice.keyword.WSBuiltInKeywords$verifyElementPropertyValue$1.call(Unknown Source)
	at WEB_AR_getSubscriptionConfigForMAR_SPORT.run(WEB_AR_getSubscriptionConfigForMAR_SPORT:105)
	at com.kms.katalon.core.main.ScriptEngine.run(ScriptEngine.java:194)
	at com.kms.katalon.core.main.ScriptEngine.runScriptAsRawText(ScriptEngine.java:119)
	at com.kms.katalon.core.main.TestCaseExecutor.runScript(TestCaseExecutor.java:448)
	at com.kms.katalon.core.main.TestCaseExecutor.doExecute(TestCaseExecutor.java:439)
	at com.kms.katalon.core.main.TestCaseExecutor.processExecutionPhase(TestCaseExecutor.java:418)
	at com.kms.katalon.core.main.TestCaseExecutor.accessMainPhase(TestCaseExecutor.java:410)
	at com.kms.katalon.core.main.TestCaseExecutor.execute(TestCaseExecutor.java:285)
	at com.kms.katalon.core.common.CommonExecutor.accessTestCaseMainPhase(CommonExecutor.java:65)
	at com.kms.katalon.core.main.TestSuiteExecutor.accessTestSuiteMainPhase(TestSuiteExecutor.java:148)
	at com.kms.katalon.core.main.TestSuiteExecutor.execute(TestSuiteExecutor.java:106)
	at com.kms.katalon.core.main.TestCaseMain.startTestSuite(TestCaseMain.java:187)
	at com.kms.katalon.core.main.TestCaseMain$startTestSuite$0.call(Unknown Source)
	at TempTestSuite1697454219692.run(TempTestSuite1697454219692.groovy:36)


2023-10-16 14:18:39 - [TEST_STEP][PASSED] - getResponse = config_files.getConfigFile.getConfig("WEB", "AR", "SHAHID_VIP_SPORT", "MA", "false"): config_files.getConfigFile.getConfig is PASSED

2023-10-16 14:18:40 - [MESSAGE][INFO] - HAR: /Users/admin/git/shahid-configuration/Reports/20231016_140310/WEB/MAR/20231016_140339/requests/main/3.har

2023-10-16 14:18:40 - [MESSAGE][PASSED] - Send request successfully

2023-10-16 14:18:40 - [MESSAGE][PASSED] - config_files.getConfigFile.getConfig is PASSED

2023-10-16 14:18:40 - [TEST_STEP][PASSED] - verifyResponseStatusCode(getResponse, 200): Verify response status code successfully

2023-10-16 14:18:40 - [MESSAGE][PASSED] - Verify response status code successfully

2023-10-16 14:18:40 - [TEST_STEP][PASSED] - verifyElementPropertyValue(getResponse, "country", "MAR"): Verify element property value successfully

2023-10-16 14:18:40 - [MESSAGE][PASSED] - Verify element property value successfully

2023-10-16 14:18:40 - [TEST_STEP][PASSED] - verifyElementPropertyValue(getResponse, "platform", "[WEB]"): Verify element property value successfully

2023-10-16 14:18:40 - [MESSAGE][PASSED] - Verify element property value successfully

2023-10-16 14:18:40 - [TEST_STEP][PASSED] - verifyElementPropertyValue(getResponse, "groups[0].pricingPlans[0].featured", "true"): Verify element property value successfully

2023-10-16 14:18:40 - [MESSAGE][PASSED] - Verify element property value successfully

2023-10-16 14:18:40 - [TEST_STEP][PASSED] - verifyElementPropertyValue(getResponse, "groups[0].pricingPlans[0].packageId", "SHAHID_VIP_SPORT"): Verify element property value successfully

2023-10-16 14:18:40 - [MESSAGE][PASSED] - Verify element property value successfully

2023-10-16 14:18:40 - [TEST_STEP][PASSED] - verifyElementPropertyValue(getResponse, "groups[0].pricingPlans[0].catalogId", "SPORT"): Verify element property value successfully

2023-10-16 14:18:40 - [MESSAGE][PASSED] - Verify element property value successfully

2023-10-16 14:18:40 - [TEST_STEP][PASSED] - verifyElementPropertyValue(getResponse, "groups[0].pricingPlans[0].visualElements[0].key", "Header_1_text"): Verify element property value successfully

2023-10-16 14:18:40 - [MESSAGE][PASSED] - Verify element property value successfully

2023-10-16 14:18:40 - [TEST_STEP][PASSED] - verifyElementPropertyValue(getResponse, "groups[0].pricingPlans[0].visualElements[0].value", "Ø´Ø§ÙØ¯ Ø£ÙÙÙ Ø§ÙÙØ³ÙØ³ÙØ§Øª Ù Ø§ÙØ£ÙÙØ§Ù Ø­ØµØ±ÙØ§Ù Ø¯ÙÙ ØªÙÙÙ"): Verify element property value successfully

2023-10-16 14:18:40 - [MESSAGE][PASSED] - Verify element property value successfully

2023-10-16 14:18:40 - [TEST_STEP][PASSED] - verifyElementPropertyValue(getResponse, "groups[0].pricingPlans[0].visualElements[1].key", "display_title"): Verify element property value successfully

2023-10-16 14:18:40 - [MESSAGE][PASSED] - Verify element property value successfully

2023-10-16 14:18:40 - [TEST_STEP][PASSED] - verifyElementPropertyValue(getResponse, "groups[0].pricingPlans[0].visualElements[1].value", "Ø§ÙØ§Ø´ØªØ±Ø§Ù Ø§ÙØ´ÙØ±Ù "): Verify element property value successfully

2023-10-16 14:18:40 - [MESSAGE][PASSED] - Verify element property value successfully

2023-10-16 14:18:40 - [TEST_STEP][PASSED] - verifyElementPropertyValue(getResponse, "groups[0].pricingPlans[0].visualElements[3].key", "promo_text"): Verify element property value successfully

2023-10-16 14:18:40 - [MESSAGE][PASSED] - Verify element property value successfully

2023-10-16 14:18:40 - [TEST_STEP][PASSED] - verifyElementPropertyValue(getResponse, "groups[0].pricingPlans[0].visualElements[3].value", "66 DH / Ø´ÙØ±ÙØ§Ù"): Verify element property value successfully

2023-10-16 14:18:40 - [MESSAGE][PASSED] - Verify element property value successfully

2023-10-16 14:18:40 - [TEST_STEP][PASSED] - verifyElementPropertyValue(getResponse, "groups[0].pricingPlans[0].visualElements[4].key", "deduction_text"): Verify element property value successfully

2023-10-16 14:18:40 - [MESSAGE][PASSED] - Verify element property value successfully

2023-10-16 14:18:40 - [TEST_STEP][PASSED] - verifyElementPropertyValue(getResponse, "groups[0].pricingPlans[0].visualElements[4].value", "ØªØ¯ÙØ¹ Ø´ÙØ±ÙØ§Ù"): Verify element property value successfully

2023-10-16 14:18:40 - [MESSAGE][PASSED] - Verify element property value successfully

2023-10-16 14:18:40 - [TEST_STEP][PASSED] - verifyElementPropertyValue(getResponse, "groups[0].pricingPlans[0].visualElements[7].key", "show_payment_logo"): Verify element property value successfully

2023-10-16 14:18:40 - [MESSAGE][PASSED] - Verify element property value successfully

2023-10-16 14:18:40 - [TEST_STEP][PASSED] - verifyElementPropertyValue(getResponse, "groups[0].pricingPlans[0].visualElements[7].value", "true"): Verify element property value successfully

2023-10-16 14:18:40 - [MESSAGE][PASSED] - Verify element property value successfully

2023-10-16 14:18:40 - [TEST_STEP][PASSED] - verifyElementPropertyValue(getResponse, "groups[0].pricingPlans[0].visualElements[8].key", "show_tag"): Verify element property value successfully

2023-10-16 14:18:40 - [MESSAGE][PASSED] - Verify element property value successfully

2023-10-16 14:18:40 - [TEST_STEP][PASSED] - verifyElementPropertyValue(getResponse, "groups[0].pricingPlans[0].visualElements[8].value", "false"): Verify element property value successfully

2023-10-16 14:18:40 - [MESSAGE][PASSED] - Verify element property value successfully

2023-10-16 14:18:40 - [TEST_STEP][PASSED] - verifyElementPropertyValue(getResponse, "groups[0].pricingPlans[0].visualElements[10].key", "price"): Verify element property value successfully

2023-10-16 14:18:40 - [MESSAGE][PASSED] - Verify element property value successfully

2023-10-16 14:18:40 - [TEST_STEP][PASSED] - verifyElementPropertyValue(getResponse, "groups[0].pricingPlans[0].visualElements[10].value", "66"): Verify element property value successfully

2023-10-16 14:18:40 - [MESSAGE][PASSED] - Verify element property value successfully

2023-10-16 14:18:40 - [TEST_STEP][PASSED] - verifyElementPropertyValue(getResponse, "groups[0].pricingPlans[0].visualElements[11].key", "currency"): Verify element property value successfully

2023-10-16 14:18:40 - [MESSAGE][PASSED] - Verify element property value successfully

2023-10-16 14:18:40 - [TEST_STEP][PASSED] - verifyElementPropertyValue(getResponse, "groups[0].pricingPlans[0].visualElements[11].value", "DH"): Verify element property value successfully

2023-10-16 14:18:40 - [MESSAGE][PASSED] - Verify element property value successfully

2023-10-16 14:18:40 - [TEST_STEP][PASSED] - verifyElementPropertyValue(getResponse, "groups[0].pricingPlans[0].visualElements[12].key", "duration"): Verify element property value successfully

2023-10-16 14:18:40 - [MESSAGE][PASSED] - Verify element property value successfully

2023-10-16 14:18:40 - [TEST_STEP][PASSED] - verifyElementPropertyValue(getResponse, "groups[0].pricingPlans[0].visualElements[12].value", "Ø´ÙØ±ÙØ§Ù"): Verify element property value successfully

2023-10-16 14:18:40 - [MESSAGE][PASSED] - Verify element property value successfully

2023-10-16 14:18:40 - [TEST_STEP][PASSED] - verifyElementPropertyValue(getResponse, "groups[0].pricingPlans[0].visualElements[13].key", "featured_tag_text"): Verify element property value successfully

2023-10-16 14:18:40 - [MESSAGE][PASSED] - Verify element property value successfully

2023-10-16 14:18:40 - [TEST_STEP][PASSED] - verifyElementPropertyValue(getResponse, "groups[0].pricingPlans[0].visualElements[13].value", "Â Ø§ÙØ£ÙØ«Ø± ÙØ¨ÙØ¹Ø§Ù"): Verify element property value successfully

2023-10-16 14:18:40 - [MESSAGE][PASSED] - Verify element property value successfully

2023-10-16 14:18:40 - [TEST_STEP][PASSED] - verifyElementPropertyValue(getResponse, "groups[0].pricingPlans[0].order", "3"): Verify element property value successfully

2023-10-16 14:18:40 - [MESSAGE][PASSED] - Verify element property value successfully

2023-10-16 14:18:40 - [TEST_STEP][PASSED] - verifyElementPropertyValue(getResponse, "groups[0].pricingPlans[0].period", "monthly"): Verify element property value successfully

2023-10-16 14:18:40 - [MESSAGE][PASSED] - Verify element property value successfully

2023-10-16 14:18:40 - [TEST_STEP][PASSED] - verifyElementPropertyValue(getResponse, "groups[0].pricingPlans[0].price", "66.0"): Verify element property value successfully

2023-10-16 14:18:40 - [MESSAGE][PASSED] - Verify element property value successfully

2023-10-16 14:18:40 - [TEST_STEP][PASSED] - verifyElementPropertyValue(getResponse, "groups[0].pricingPlans[0].currency", "DH"): Verify element property value successfully

2023-10-16 14:18:40 - [MESSAGE][PASSED] - Verify element property value successfully

2023-10-16 14:18:40 - [TEST_STEP][PASSED] - verifyElementPropertyValue(getResponse, "groups[0].pricingPlans[0].pricingPlanData[0].productId", "MAR_B2C_SHAHID_VIP_SPORT_1M"): Verify element property value successfully

2023-10-16 14:18:40 - [MESSAGE][PASSED] - Verify element property value successfully

2023-10-16 14:18:40 - [TEST_STEP][PASSED] - verifyElementPropertyValue(getResponse, "groups[0].pricingPlans[0].pricingPlanData[0].subPricingPlanIds", "null"): Verify element property value successfully

2023-10-16 14:18:40 - [MESSAGE][PASSED] - Verify element property value successfully

2023-10-16 14:18:40 - [TEST_STEP][PASSED] - verifyElementPropertyValue(getResponse, "groups[0].pricingPlans[0].pricingPlanData[0].paymentMethod", "CREDIT_CARD"): Verify element property value successfully

2023-10-16 14:18:40 - [MESSAGE][PASSED] - Verify element property value successfully

2023-10-16 14:18:40 - [TEST_STEP][PASSED] - verifyElementPropertyValue(getResponse, "groups[0].pricingPlans[0].pricingPlanData[0].freeTrialEnabled", "false"): Verify element property value successfully

2023-10-16 14:18:40 - [MESSAGE][PASSED] - Verify element property value successfully

2023-10-16 14:18:40 - [TEST_STEP][PASSED] - verifyElementPropertyValue(getResponse, "groups[0].pricingPlans[0].pricingPlanData[0].visualElements[0].key", "title"): Verify element property value successfully

2023-10-16 14:18:40 - [MESSAGE][PASSED] - Verify element property value successfully

2023-10-16 14:18:40 - [TEST_STEP][PASSED] - verifyElementPropertyValue(getResponse, "groups[0].pricingPlans[0].pricingPlanData[0].visualElements[0].value", "Ø§ÙØ¨Ø·Ø§ÙØ© Ø§ÙÙØµØ±ÙÙØ©"): Verify element property value successfully

2023-10-16 14:18:40 - [MESSAGE][PASSED] - Verify element property value successfully

2023-10-16 14:18:40 - [TEST_STEP][PASSED] - verifyElementPropertyValue(getResponse, "groups[0].pricingPlans[0].pricingPlanData[0].visualElements[1].key", "CTA_text"): Verify element property value successfully

2023-10-16 14:18:40 - [MESSAGE][PASSED] - Verify element property value successfully

2023-10-16 14:18:40 - [TEST_STEP][PASSED] - verifyElementPropertyValue(getResponse, "groups[0].pricingPlans[0].pricingPlanData[0].visualElements[1].value", "Ø§Ø´ØªØ±Ù"): Verify element property value successfully

2023-10-16 14:18:40 - [MESSAGE][PASSED] - Verify element property value successfully

2023-10-16 14:18:40 - [TEST_STEP][PASSED] - verifyElementPropertyValue(getResponse, "groups[0].pricingPlans[0].pricingPlanData[0].visualElements[2].key", "logo"): Verify element property value successfully

2023-10-16 14:18:40 - [MESSAGE][PASSED] - Verify element property value successfully

2023-10-16 14:18:40 - [TEST_STEP][PASSED] - verifyElementPropertyValue(getResponse, "groups[0].pricingPlans[0].pricingPlanData[0].visualElements[2].value", "https://static.s3.shahid.mbc.net/widget-images/icons/iconCreditCard.png"): Verify element property value successfully

2023-10-16 14:18:40 - [MESSAGE][PASSED] - Verify element property value successfully

2023-10-16 14:18:40 - [TEST_STEP][PASSED] - verifyElementPropertyValue(getResponse, "groups[0].pricingPlans[0].pricingPlanData[0].priceLabel", "66"): Verify element property value successfully

2023-10-16 14:18:40 - [MESSAGE][PASSED] - Verify element property value successfully

2023-10-16 14:18:40 - [TEST_STEP][PASSED] - verifyElementPropertyValue(getResponse, "groups[0].pricingPlans[0].pricingPlanData[0].currencyLabel", "DH"): Verify element property value successfully

2023-10-16 14:18:40 - [MESSAGE][PASSED] - Verify element property value successfully

2023-10-16 14:18:40 - [TEST_STEP][PASSED] - verifyElementPropertyValue(getResponse, "groups[0].pricingPlans[1].featured", "false"): Verify element property value successfully

2023-10-16 14:18:40 - [MESSAGE][PASSED] - Verify element property value successfully

2023-10-16 14:18:40 - [TEST_STEP][PASSED] - verifyElementPropertyValue(getResponse, "groups[0].pricingPlans[1].packageId", "SHAHID_VIP_SPORT"): Verify element property value successfully

2023-10-16 14:18:40 - [MESSAGE][PASSED] - Verify element property value successfully

2023-10-16 14:18:40 - [TEST_STEP][PASSED] - verifyElementPropertyValue(getResponse, "groups[0].pricingPlans[1].catalogId", "SPORT"): Verify element property value successfully

2023-10-16 14:18:40 - [MESSAGE][PASSED] - Verify element property value successfully

2023-10-16 14:18:40 - [TEST_STEP][PASSED] - verifyElementPropertyValue(getResponse, "groups[0].pricingPlans[1].visualElements[0].key", "Header_1_text"): Verify element property value successfully

2023-10-16 14:18:40 - [MESSAGE][PASSED] - Verify element property value successfully

2023-10-16 14:18:40 - [TEST_STEP][PASSED] - verifyElementPropertyValue(getResponse, "groups[0].pricingPlans[1].visualElements[0].value", "Ø´Ø§ÙØ¯ Ø£ÙÙÙ Ø§ÙÙØ³ÙØ³ÙØ§Øª Ù Ø§ÙØ£ÙÙØ§Ù Ø­ØµØ±ÙØ§Ù Ø¯ÙÙ ØªÙÙÙ"): Verify element property value successfully

2023-10-16 14:18:40 - [MESSAGE][PASSED] - Verify element property value successfully

2023-10-16 14:18:40 - [TEST_STEP][PASSED] - verifyElementPropertyValue(getResponse, "groups[0].pricingPlans[1].visualElements[1].key", "display_title"): Verify element property value successfully

2023-10-16 14:18:40 - [MESSAGE][PASSED] - Verify element property value successfully

2023-10-16 14:18:40 - [TEST_STEP][PASSED] - verifyElementPropertyValue(getResponse, "groups[0].pricingPlans[1].visualElements[1].value", "Ø§ÙØ§Ø´ØªØ±Ø§Ù Ø§ÙØ³ÙÙÙ"): Verify element property value successfully

2023-10-16 14:18:40 - [MESSAGE][PASSED] - Verify element property value successfully

2023-10-16 14:18:40 - [TEST_STEP][PASSED] - verifyElementPropertyValue(getResponse, "groups[0].pricingPlans[1].visualElements[2].key", "tag_text"): Verify element property value successfully

2023-10-16 14:18:40 - [MESSAGE][PASSED] - Verify element property value successfully

2023-10-16 14:18:40 - [TEST_STEP][FAILED] - verifyElementPropertyValue(getResponse, "groups[0].pricingPlans[1].visualElements[2].value", "21% ÙÙØ±"): Expected element property value '21% ÙÙØ±' is not equal with actual property value 'ÙÙØ±21%'

2023-10-16 14:18:40 - [MESSAGE][FAILED] - Expected element property value '21% ÙÙØ±' is not equal with actual property value 'ÙÙØ±21%'

2023-10-16 14:18:40 - [TEST_STEP][PASSED] - verifyElementPropertyValue(getResponse, "groups[0].pricingPlans[1].visualElements[3].key", "promo_text"): Verify element property value successfully

2023-10-16 14:18:40 - [MESSAGE][PASSED] - Verify element property value successfully

2023-10-16 14:18:40 - [TEST_STEP][PASSED] - verifyElementPropertyValue(getResponse, "groups[0].pricingPlans[1].visualElements[3].value", "52.33 DH / Ø´ÙØ±ÙØ§Ù"): Verify element property value successfully

2023-10-16 14:18:40 - [MESSAGE][PASSED] - Verify element property value successfully

2023-10-16 14:18:40 - [TEST_STEP][PASSED] - verifyElementPropertyValue(getResponse, "groups[0].pricingPlans[1].visualElements[4].key", "deduction_text"): Verify element property value successfully

2023-10-16 14:18:40 - [MESSAGE][PASSED] - Verify element property value successfully

2023-10-16 14:18:40 - [TEST_STEP][PASSED] - verifyElementPropertyValue(getResponse, "groups[0].pricingPlans[1].visualElements[4].value", " 628 DH  ØªØ¯ÙØ¹ Ø³ÙÙÙØ§Ù"): Verify element property value successfully

2023-10-16 14:18:40 - [MESSAGE][PASSED] - Verify element property value successfully

2023-10-16 14:18:40 - [TEST_STEP][PASSED] - verifyElementPropertyValue(getResponse, "groups[0].pricingPlans[1].visualElements[7].key", "show_payment_logo"): Verify element property value successfully

2023-10-16 14:18:40 - [MESSAGE][PASSED] - Verify element property value successfully

2023-10-16 14:18:40 - [TEST_STEP][PASSED] - verifyElementPropertyValue(getResponse, "groups[0].pricingPlans[1].visualElements[7].value", "true"): Verify element property value successfully

2023-10-16 14:18:40 - [MESSAGE][PASSED] - Verify element property value successfully

2023-10-16 14:18:40 - [TEST_STEP][PASSED] - verifyElementPropertyValue(getResponse, "groups[0].pricingPlans[1].visualElements[8].key", "show_tag"): Verify element property value successfully

2023-10-16 14:18:40 - [MESSAGE][PASSED] - Verify element property value successfully

2023-10-16 14:18:40 - [TEST_STEP][PASSED] - verifyElementPropertyValue(getResponse, "groups[0].pricingPlans[1].visualElements[8].value", "true"): Verify element property value successfully

2023-10-16 14:18:40 - [MESSAGE][PASSED] - Verify element property value successfully

2023-10-16 14:18:40 - [TEST_STEP][PASSED] - verifyElementPropertyValue(getResponse, "groups[0].pricingPlans[1].visualElements[10].key", "price"): Verify element property value successfully

2023-10-16 14:18:40 - [MESSAGE][PASSED] - Verify element property value successfully

2023-10-16 14:18:40 - [TEST_STEP][PASSED] - verifyElementPropertyValue(getResponse, "groups[0].pricingPlans[1].visualElements[10].value", "628"): Verify element property value successfully

2023-10-16 14:18:40 - [MESSAGE][PASSED] - Verify element property value successfully

2023-10-16 14:18:40 - [TEST_STEP][PASSED] - verifyElementPropertyValue(getResponse, "groups[0].pricingPlans[1].visualElements[11].key", "currency"): Verify element property value successfully

2023-10-16 14:18:40 - [MESSAGE][PASSED] - Verify element property value successfully

2023-10-16 14:18:40 - [TEST_STEP][PASSED] - verifyElementPropertyValue(getResponse, "groups[0].pricingPlans[1].visualElements[11].value", "DH"): Verify element property value successfully

2023-10-16 14:18:40 - [MESSAGE][PASSED] - Verify element property value successfully

2023-10-16 14:18:40 - [TEST_STEP][PASSED] - verifyElementPropertyValue(getResponse, "groups[0].pricingPlans[1].visualElements[12].key", "duration"): Verify element property value successfully

2023-10-16 14:18:40 - [MESSAGE][PASSED] - Verify element property value successfully

2023-10-16 14:18:40 - [TEST_STEP][PASSED] - verifyElementPropertyValue(getResponse, "groups[0].pricingPlans[1].visualElements[12].value", "Ø³ÙÙÙØ§Ù"): Verify element property value successfully

2023-10-16 14:18:40 - [MESSAGE][PASSED] - Verify element property value successfully

2023-10-16 14:18:40 - [TEST_STEP][PASSED] - verifyElementPropertyValue(getResponse, "groups[0].pricingPlans[1].order", "5"): Verify element property value successfully

2023-10-16 14:18:40 - [MESSAGE][PASSED] - Verify element property value successfully

2023-10-16 14:18:40 - [TEST_STEP][PASSED] - verifyElementPropertyValue(getResponse, "groups[0].pricingPlans[1].period", "yearly"): Verify element property value successfully

2023-10-16 14:18:40 - [MESSAGE][PASSED] - Verify element property value successfully

2023-10-16 14:18:40 - [TEST_STEP][PASSED] - verifyElementPropertyValue(getResponse, "groups[0].pricingPlans[1].price", "628.0"): Verify element property value successfully

2023-10-16 14:18:40 - [MESSAGE][PASSED] - Verify element property value successfully

2023-10-16 14:18:40 - [TEST_STEP][PASSED] - verifyElementPropertyValue(getResponse, "groups[0].pricingPlans[1].currency", "DH"): Verify element property value successfully

2023-10-16 14:18:40 - [MESSAGE][PASSED] - Verify element property value successfully

2023-10-16 14:18:40 - [TEST_STEP][PASSED] - verifyElementPropertyValue(getResponse, "groups[0].pricingPlans[1].pricingPlanData[0].productId", "MAR_B2C_SHAHID_VIP_SPORT_12M"): Verify element property value successfully

2023-10-16 14:18:40 - [MESSAGE][PASSED] - Verify element property value successfully

2023-10-16 14:18:40 - [TEST_STEP][PASSED] - verifyElementPropertyValue(getResponse, "groups[0].pricingPlans[1].pricingPlanData[0].subPricingPlanIds", "null"): Verify element property value successfully

2023-10-16 14:18:40 - [MESSAGE][PASSED] - Verify element property value successfully

2023-10-16 14:18:40 - [TEST_STEP][PASSED] - verifyElementPropertyValue(getResponse, "groups[0].pricingPlans[1].pricingPlanData[0].paymentMethod", "CREDIT_CARD"): Verify element property value successfully

2023-10-16 14:18:40 - [MESSAGE][PASSED] - Verify element property value successfully

2023-10-16 14:18:40 - [TEST_STEP][PASSED] - verifyElementPropertyValue(getResponse, "groups[0].pricingPlans[1].pricingPlanData[0].freeTrialEnabled", "false"): Verify element property value successfully

2023-10-16 14:18:40 - [MESSAGE][PASSED] - Verify element property value successfully

2023-10-16 14:18:40 - [TEST_STEP][PASSED] - verifyElementPropertyValue(getResponse, "groups[0].pricingPlans[1].pricingPlanData[0].visualElements[0].key", "title"): Verify element property value successfully

2023-10-16 14:18:41 - [MESSAGE][PASSED] - Verify element property value successfully

2023-10-16 14:18:41 - [TEST_STEP][PASSED] - verifyElementPropertyValue(getResponse, "groups[0].pricingPlans[1].pricingPlanData[0].visualElements[0].value", "Ø§ÙØ¨Ø·Ø§ÙØ© Ø§ÙÙØµØ±ÙÙØ©"): Verify element property value successfully

2023-10-16 14:18:41 - [MESSAGE][PASSED] - Verify element property value successfully

2023-10-16 14:18:41 - [TEST_STEP][PASSED] - verifyElementPropertyValue(getResponse, "groups[0].pricingPlans[1].pricingPlanData[0].visualElements[1].key", "CTA_text"): Verify element property value successfully

2023-10-16 14:18:41 - [MESSAGE][PASSED] - Verify element property value successfully

2023-10-16 14:18:41 - [TEST_STEP][PASSED] - verifyElementPropertyValue(getResponse, "groups[0].pricingPlans[1].pricingPlanData[0].visualElements[1].value", "Ø§Ø´ØªØ±Ù"): Verify element property value successfully

2023-10-16 14:18:41 - [MESSAGE][PASSED] - Verify element property value successfully

2023-10-16 14:18:41 - [TEST_STEP][PASSED] - verifyElementPropertyValue(getResponse, "groups[0].pricingPlans[1].pricingPlanData[0].visualElements[2].key", "logo"): Verify element property value successfully

2023-10-16 14:18:41 - [MESSAGE][PASSED] - Verify element property value successfully

2023-10-16 14:18:41 - [TEST_STEP][PASSED] - verifyElementPropertyValue(getResponse, "groups[0].pricingPlans[1].pricingPlanData[0].visualElements[2].value", "https://static.s3.shahid.mbc.net/widget-images/icons/iconCreditCard.png"): Verify element property value successfully

2023-10-16 14:18:41 - [MESSAGE][PASSED] - Verify element property value successfully

2023-10-16 14:18:41 - [TEST_STEP][PASSED] - verifyElementPropertyValue(getResponse, "groups[0].pricingPlans[1].pricingPlanData[0].priceLabel", "628"): Verify element property value successfully

2023-10-16 14:18:41 - [MESSAGE][PASSED] - Verify element property value successfully

2023-10-16 14:18:41 - [TEST_STEP][PASSED] - verifyElementPropertyValue(getResponse, "groups[0].pricingPlans[1].pricingPlanData[0].currencyLabel", "DH"): Verify element property value successfully

2023-10-16 14:18:41 - [MESSAGE][PASSED] - Verify element property value successfully

2023-10-16 14:18:41 - [TEST_STEP][PASSED] - verifyElementPropertyValue(getResponse, "visualElements[0].key", "main_CTA_text_1"): Verify element property value successfully

2023-10-16 14:18:41 - [MESSAGE][PASSED] - Verify element property value successfully

2023-10-16 14:18:41 - [TEST_STEP][PASSED] - verifyElementPropertyValue(getResponse, "visualElements[0].value", "Ø´Ø§ÙØ¯ Ø£ÙÙÙ Ø§ÙÙØ³ÙØ³ÙØ§Øª Ù Ø§ÙØ£ÙÙØ§Ù Ø­ØµØ±ÙØ§Ù Ø¯ÙÙ ØªÙÙÙ"): Verify element property value successfully

2023-10-16 14:18:41 - [MESSAGE][PASSED] - Verify element property value successfully

2023-10-16 14:18:41 - [TEST_STEP][PASSED] - verifyElementPropertyValue(getResponse, "visualElements[2].key", "main_disclaimer_text"): Verify element property value successfully

2023-10-16 14:18:41 - [MESSAGE][PASSED] - Verify element property value successfully

2023-10-16 14:18:41 - [TEST_STEP][PASSED] - verifyElementPropertyValue(getResponse, "visualElements[2].value", "Ø±Ø³ÙÙ Ø§ÙØ§Ø´ØªØ±Ø§Ù ÙØ¯ ØªØ®ØªÙÙ Ø¨ÙØ§Ø¡Ù Ø¹ÙÙ Ø§ÙØ¨ÙØ¯ Ø£Ù Ø·Ø±ÙÙØ© Ø§ÙØ¯ÙØ¹ Ø£Ù Ø¨Ø§ÙØ© Ø§ÙØ§Ø´ØªØ±Ø§Ù Ø£Ù Ø§ÙØ¶Ø±ÙØ¨Ø© Ø§ÙÙØ¶Ø§ÙØ© Ø£Ù ÙØ¹Ø§ÙÙ ØªØ­ÙÙÙ Ø§ÙØ¹ÙÙØ§Øª ÙØ§ÙØ±Ø³ÙÙ Ø§ÙØ¨ÙÙÙØ©. ØªØ·Ø¨ÙÙ Ø§ÙØ´Ø±ÙØ· ÙØ§ÙØ£Ø­ÙØ§Ù."): Verify element property value successfully

2023-10-16 14:18:41 - [MESSAGE][PASSED] - Verify element property value successfully

2023-10-16 14:18:41 - [TEST_STEP][PASSED] - verifyElementPropertyValue(getResponse, "visualElements[4].key", "display_type"): Verify element property value successfully

2023-10-16 14:18:41 - [MESSAGE][PASSED] - Verify element property value successfully

2023-10-16 14:18:41 - [TEST_STEP][PASSED] - verifyElementPropertyValue(getResponse, "visualElements[4].value", "vertical"): Verify element property value successfully

2023-10-16 14:18:41 - [MESSAGE][PASSED] - Verify element property value successfully

2023-10-16 14:18:41 - [TEST_STEP][PASSED] - verifyElementPropertyValue(getResponse, "pages[0].visualElements[0].key", "alternative_payment_title"): Verify element property value successfully

2023-10-16 14:18:41 - [MESSAGE][PASSED] - Verify element property value successfully

2023-10-16 14:18:41 - [TEST_STEP][PASSED] - verifyElementPropertyValue(getResponse, "pages[0].visualElements[0].value", "Ø£Ù ÙÙ Ø¨Ø§Ø®ØªÙØ§Ø± Ø¥Ø­Ø¯Ù Ø§ÙØ·Ø±Ù Ø§ÙØ¨Ø¯ÙÙØ© Ø§ÙØªØ§ÙÙØ©"): Verify element property value successfully

2023-10-16 14:18:41 - [MESSAGE][PASSED] - Verify element property value successfully

2023-10-16 14:18:41 - [TEST_STEP][PASSED] - verifyElementPropertyValue(getResponse, "pages[0].visualElements[1].key", "label_text"): Verify element property value successfully

2023-10-16 14:18:41 - [MESSAGE][PASSED] - Verify element property value successfully

2023-10-16 14:18:41 - [TEST_STEP][PASSED] - verifyElementPropertyValue(getResponse, "pages[0].visualElements[1].value", "Ø·Ø±Ù Ø§ÙØ¯ÙØ¹ Ø§ÙØ£Ø®Ø±Ù"): Verify element property value successfully

2023-10-16 14:18:41 - [MESSAGE][PASSED] - Verify element property value successfully

2023-10-16 14:18:41 - [TEST_STEP][PASSED] - verifyElementPropertyValue(getResponse, "pages[0].visualElements[3].key", "CTA_text"): Verify element property value successfully

2023-10-16 14:18:41 - [MESSAGE][PASSED] - Verify element property value successfully

2023-10-16 14:18:41 - [TEST_STEP][PASSED] - verifyElementPropertyValue(getResponse, "pages[0].visualElements[3].value", "Ø§Ø¶ØºØ· ÙÙØ§"): Verify element property value successfully

2023-10-16 14:18:41 - [MESSAGE][PASSED] - Verify element property value successfully

2023-10-16 14:18:41 - [TEST_STEP][PASSED] - verifyElementPropertyValue(getResponse, "pages[0].visualElements[4].key", "main_title"): Verify element property value successfully

2023-10-16 14:18:41 - [MESSAGE][PASSED] - Verify element property value successfully

2023-10-16 14:18:41 - [TEST_STEP][PASSED] - verifyElementPropertyValue(getResponse, "pages[0].visualElements[4].value", "Ø·Ø±Ù Ø§ÙØ¯ÙØ¹ Ø§ÙØ£Ø®Ø±Ù"): Verify element property value successfully

2023-10-16 14:18:41 - [MESSAGE][PASSED] - Verify element property value successfully

2023-10-16 14:18:41 - [TEST_STEP][PASSED] - verifyElementPropertyValue(getResponse, "pages[0].visualElements[6].key", "alternative_payment_methods"): Verify element property value successfully

2023-10-16 14:18:41 - [MESSAGE][PASSED] - Verify element property value successfully

2023-10-16 14:18:41 - [TEST_STEP][PASSED] - verifyElementPropertyValue(getResponse, "pages[0].visualElements[6].value", "ÙÙÙÙÙ Ø´Ø±Ø§Ø¡ ÙØ³ÙÙØ© Ø´Ø§ÙØ¯ Ø§ÙØªØ³ÙÙÙÙØ© ÙÙ Ø£Ù ÙÙ Ø¨Ø§Ø¦Ø¹Ù Ø§ÙØªØ¬Ø²Ø¦Ø© Ø§ÙØªØ§ÙÙÙÙ"): Verify element property value successfully

2023-10-16 14:18:41 - [MESSAGE][PASSED] - Verify element property value successfully

2023-10-16 14:18:41 - [TEST_STEP][PASSED] - verifyElementPropertyValue(getResponse, "partners[0].name", "Cash Plus"): Verify element property value successfully

2023-10-16 14:18:41 - [MESSAGE][PASSED] - Verify element property value successfully

2023-10-16 14:18:41 - [TEST_STEP][PASSED] - verifyElementPropertyValue(getResponse, "partners[0].link", "https://www.cashplus.ma/ar/#map"): Verify element property value successfully

2023-10-16 14:18:41 - [MESSAGE][PASSED] - Verify element property value successfully

2023-10-16 14:18:41 - [TEST_STEP][PASSED] - verifyElementPropertyValue(getResponse, "partners[0].logo", "https://static.s3.shahid.mbc.net/widget-images/logos/cashplus@2x.png"): Verify element property value successfully

2023-10-16 14:18:41 - [MESSAGE][PASSED] - Verify element property value successfully

2023-10-16 14:18:41 - [TEST_STEP][PASSED] - verifyElementPropertyValue(getResponse, "partners[0].visible", "true"): Verify element property value successfully

2023-10-16 14:18:41 - [MESSAGE][PASSED] - Verify element property value successfully

2023-10-16 14:18:41 - [TEST_STEP][PASSED] - verifyElementPropertyValue(getResponse, "partners[0].visualElements[0].key", "text"): Verify element property value successfully

2023-10-16 14:18:41 - [MESSAGE][PASSED] - Verify element property value successfully

2023-10-16 14:18:41 - [TEST_STEP][PASSED] - verifyElementPropertyValue(getResponse, "partners[0].visualElements[0].value", "ÙØ¹ÙÙÙØ§Øª Ø¥Ø¶Ø§ÙÙØ©"): Verify element property value successfully

2023-10-16 14:18:41 - [MESSAGE][PASSED] - Verify element property value successfully

2023-10-16 14:18:41 - [TEST_STEP][PASSED] - verifyElementPropertyValue(getResponse, "defaultPackageId", "SHAHID_VIP"): Verify element property value successfully

2023-10-16 14:18:41 - [MESSAGE][PASSED] - Verify element property value successfully]]></system-out>
         <system-err><![CDATA[2023-10-16 14:18:39 - [TEST_CASE][FAILED] - Test Cases/WEB - CHROME/MAR PI/WEB_AR_getSubscriptionConfigForMAR_SPORT: Test Cases/WEB - CHROME/MAR PI/WEB_AR_getSubscriptionConfigForMAR_SPORT FAILED.
Reason:
com.kms.katalon.core.exception.StepFailedException: Expected element property value '21% ÙÙØ±' is not equal with actual property value 'ÙÙØ±21%'
	at com.kms.katalon.core.keyword.internal.KeywordMain.stepFailed(KeywordMain.groovy:39)
	at com.kms.katalon.core.webservice.keyword.builtin.VerifyElementPropertyValueKeyword$_verifyElementPropertyValue_closure1.doCall(VerifyElementPropertyValueKeyword.groovy:56)
	at com.kms.katalon.core.webservice.keyword.builtin.VerifyElementPropertyValueKeyword$_verifyElementPropertyValue_closure1.call(VerifyElementPropertyValueKeyword.groovy)
	at com.kms.katalon.core.keyword.internal.KeywordMain.runKeyword(KeywordMain.groovy:75)
	at com.kms.katalon.core.webservice.keyword.builtin.VerifyElementPropertyValueKeyword.verifyElementPropertyValue(VerifyElementPropertyValueKeyword.groovy:48)
	at com.kms.katalon.core.webservice.keyword.builtin.VerifyElementPropertyValueKeyword.execute(VerifyElementPropertyValueKeyword.groovy:43)
	at com.kms.katalon.core.keyword.internal.KeywordExecutor.executeKeywordForPlatform(KeywordExecutor.groovy:74)
	at com.kms.katalon.core.webservice.keyword.WSBuiltInKeywords.verifyElementPropertyValue(WSBuiltInKeywords.groovy:190)
	at com.kms.katalon.core.webservice.keyword.WSBuiltInKeywords$verifyElementPropertyValue$1.call(Unknown Source)
	at WEB_AR_getSubscriptionConfigForMAR_SPORT.run(WEB_AR_getSubscriptionConfigForMAR_SPORT:105)
	at com.kms.katalon.core.main.ScriptEngine.run(ScriptEngine.java:194)
	at com.kms.katalon.core.main.ScriptEngine.runScriptAsRawText(ScriptEngine.java:119)
	at com.kms.katalon.core.main.TestCaseExecutor.runScript(TestCaseExecutor.java:448)
	at com.kms.katalon.core.main.TestCaseExecutor.doExecute(TestCaseExecutor.java:439)
	at com.kms.katalon.core.main.TestCaseExecutor.processExecutionPhase(TestCaseExecutor.java:418)
	at com.kms.katalon.core.main.TestCaseExecutor.accessMainPhase(TestCaseExecutor.java:410)
	at com.kms.katalon.core.main.TestCaseExecutor.execute(TestCaseExecutor.java:285)
	at com.kms.katalon.core.common.CommonExecutor.accessTestCaseMainPhase(CommonExecutor.java:65)
	at com.kms.katalon.core.main.TestSuiteExecutor.accessTestSuiteMainPhase(TestSuiteExecutor.java:148)
	at com.kms.katalon.core.main.TestSuiteExecutor.execute(TestSuiteExecutor.java:106)
	at com.kms.katalon.core.main.TestCaseMain.startTestSuite(TestCaseMain.java:187)
	at com.kms.katalon.core.main.TestCaseMain$startTestSuite$0.call(Unknown Source)
	at TempTestSuite1697454219692.run(TempTestSuite1697454219692.groovy:36)]]></system-err>
      </testcase>
      <testcase name="Test Cases/WEB - CHROME/MAR PI/WEB_AR_getOffersForMAR_SPORT" time="4.471" classname="Test Cases/WEB - CHROME/MAR PI/WEB_AR_getOffersForMAR_SPORT" status="PASSED">
         <system-out><![CDATA[2023-10-16 14:18:41 - [TEST_CASE][PASSED] - Test Cases/WEB - CHROME/MAR PI/WEB_AR_getOffersForMAR_SPORT: Test Cases/WEB - CHROME/MAR PI/WEB_AR_getOffersForMAR_SPORT

2023-10-16 14:18:41 - [TEST_STEP][PASSED] - getResponse = config_files.getConfigFile.getConfig("WEB", "AR", "SHAHID_VIP_SPORT", "MA", "false"): config_files.getConfigFile.getConfig is PASSED

2023-10-16 14:18:43 - [MESSAGE][INFO] - HAR: /Users/admin/git/shahid-configuration/Reports/20231016_140310/WEB/MAR/20231016_140339/requests/main/4.har

2023-10-16 14:18:43 - [MESSAGE][PASSED] - Send request successfully

2023-10-16 14:18:43 - [MESSAGE][PASSED] - config_files.getConfigFile.getConfig is PASSED

2023-10-16 14:18:43 - [TEST_STEP][PASSED] - verifyResponseStatusCode(getResponse, 200): Verify response status code successfully

2023-10-16 14:18:43 - [MESSAGE][PASSED] - Verify response status code successfully

2023-10-16 14:18:43 - [TEST_STEP][PASSED] - verifyElementPropertyValue(getResponse, "country", "MAR"): Verify element property value successfully

2023-10-16 14:18:43 - [MESSAGE][PASSED] - Verify element property value successfully

2023-10-16 14:18:43 - [TEST_STEP][PASSED] - verifyElementPropertyValue(getResponse, "platform", "[WEB]"): Verify element property value successfully

2023-10-16 14:18:43 - [MESSAGE][PASSED] - Verify element property value successfully

2023-10-16 14:18:43 - [TEST_STEP][PASSED] - verifyElementPropertyValue(getResponse, "offers[5].offerId", "winback-sport-30-offer"): Verify element property value successfully

2023-10-16 14:18:43 - [MESSAGE][PASSED] - Verify element property value successfully

2023-10-16 14:18:43 - [TEST_STEP][PASSED] - verifyElementPropertyValue(getResponse, "offers[5].offerParam", "sportsoffer30"): Verify element property value successfully

2023-10-16 14:18:43 - [MESSAGE][PASSED] - Verify element property value successfully

2023-10-16 14:18:43 - [TEST_STEP][PASSED] - verifyElementPropertyValue(getResponse, "offers[5].groups[0].pricingPlans[0].featured", "true"): Verify element property value successfully

2023-10-16 14:18:43 - [MESSAGE][PASSED] - Verify element property value successfully

2023-10-16 14:18:43 - [TEST_STEP][PASSED] - verifyElementPropertyValue(getResponse, "offers[5].groups[0].pricingPlans[0].period", "monthly"): Verify element property value successfully

2023-10-16 14:18:43 - [MESSAGE][PASSED] - Verify element property value successfully

2023-10-16 14:18:43 - [TEST_STEP][PASSED] - verifyElementPropertyValue(getResponse, "offers[5].groups[0].pricingPlans[0].featured", "true"): Verify element property value successfully

2023-10-16 14:18:43 - [MESSAGE][PASSED] - Verify element property value successfully

2023-10-16 14:18:43 - [TEST_STEP][PASSED] - verifyElementPropertyValue(getResponse, "offers[5].groups[0].pricingPlans[0].price", "47.0"): Verify element property value successfully

2023-10-16 14:18:43 - [MESSAGE][PASSED] - Verify element property value successfully

2023-10-16 14:18:43 - [TEST_STEP][PASSED] - verifyElementPropertyValue(getResponse, "offers[5].groups[0].pricingPlans[0].currency", "DH"): Verify element property value successfully

2023-10-16 14:18:43 - [MESSAGE][PASSED] - Verify element property value successfully

2023-10-16 14:18:43 - [TEST_STEP][PASSED] - verifyElementPropertyValue(getResponse, "offers[5].groups[0].pricingPlans[0].order", "0"): Verify element property value successfully

2023-10-16 14:18:43 - [MESSAGE][PASSED] - Verify element property value successfully

2023-10-16 14:18:43 - [TEST_STEP][PASSED] - verifyElementPropertyValue(getResponse, "offers[5].groups[0].pricingPlans[0].packageId", "SHAHID_VIP_SPORT"): Verify element property value successfully

2023-10-16 14:18:43 - [MESSAGE][PASSED] - Verify element property value successfully

2023-10-16 14:18:43 - [TEST_STEP][PASSED] - verifyElementPropertyValue(getResponse, "offers[5].groups[0].pricingPlans[0].catalogId", "SPORT"): Verify element property value successfully

2023-10-16 14:18:43 - [MESSAGE][PASSED] - Verify element property value successfully

2023-10-16 14:18:43 - [TEST_STEP][PASSED] - verifyElementPropertyValue(getResponse, "offers[5].groups[0].pricingPlans[0].visualElements[0].key", "Header_1_text"): Verify element property value successfully

2023-10-16 14:18:43 - [MESSAGE][PASSED] - Verify element property value successfully

2023-10-16 14:18:43 - [TEST_STEP][PASSED] - verifyElementPropertyValue(getResponse, "offers[5].groups[0].pricingPlans[0].visualElements[0].value", "Ø´Ø§ÙØ¯ Ø£ÙÙÙ Ø§ÙÙØ³ÙØ³ÙØ§Øª Ù Ø§ÙØ£ÙÙØ§Ù Ø­ØµØ±ÙØ§Ù Ø¯ÙÙ ØªÙÙÙ"): Verify element property value successfully

2023-10-16 14:18:43 - [MESSAGE][PASSED] - Verify element property value successfully

2023-10-16 14:18:43 - [TEST_STEP][PASSED] - verifyElementPropertyValue(getResponse, "offers[5].groups[0].pricingPlans[0].visualElements[1].key", "display_title"): Verify element property value successfully

2023-10-16 14:18:43 - [MESSAGE][PASSED] - Verify element property value successfully

2023-10-16 14:18:43 - [TEST_STEP][PASSED] - verifyElementPropertyValue(getResponse, "offers[5].groups[0].pricingPlans[0].visualElements[1].value", "Ø§Ø­ØµÙ Ø¹ÙÙ Ø®ØµÙ 30%"): Verify element property value successfully

2023-10-16 14:18:43 - [MESSAGE][PASSED] - Verify element property value successfully

2023-10-16 14:18:43 - [TEST_STEP][PASSED] - verifyElementPropertyValue(getResponse, "offers[5].groups[0].pricingPlans[0].visualElements[3].key", "deduction_text"): Verify element property value successfully

2023-10-16 14:18:43 - [MESSAGE][PASSED] - Verify element property value successfully

2023-10-16 14:18:43 - [TEST_STEP][PASSED] - verifyElementPropertyValue(getResponse, "offers[5].groups[0].pricingPlans[0].visualElements[3].value", "ØªØ¯ÙØ¹ Ø´ÙØ±ÙØ§Ù"): Verify element property value successfully

2023-10-16 14:18:43 - [MESSAGE][PASSED] - Verify element property value successfully

2023-10-16 14:18:43 - [TEST_STEP][PASSED] - verifyElementPropertyValue(getResponse, "offers[5].groups[0].pricingPlans[0].visualElements[6].key", "show_payment_logo"): Verify element property value successfully

2023-10-16 14:18:43 - [MESSAGE][PASSED] - Verify element property value successfully

2023-10-16 14:18:43 - [TEST_STEP][PASSED] - verifyElementPropertyValue(getResponse, "offers[5].groups[0].pricingPlans[0].visualElements[6].value", "true"): Verify element property value successfully

2023-10-16 14:18:43 - [MESSAGE][PASSED] - Verify element property value successfully

2023-10-16 14:18:43 - [TEST_STEP][PASSED] - verifyElementPropertyValue(getResponse, "offers[5].groups[0].pricingPlans[0].visualElements[8].key", "price"): Verify element property value successfully

2023-10-16 14:18:43 - [MESSAGE][PASSED] - Verify element property value successfully

2023-10-16 14:18:43 - [TEST_STEP][PASSED] - verifyElementPropertyValue(getResponse, "offers[5].groups[0].pricingPlans[0].visualElements[8].value", "47"): Verify element property value successfully

2023-10-16 14:18:43 - [MESSAGE][PASSED] - Verify element property value successfully

2023-10-16 14:18:43 - [TEST_STEP][PASSED] - verifyElementPropertyValue(getResponse, "offers[5].groups[0].pricingPlans[0].visualElements[9].key", "currency"): Verify element property value successfully

2023-10-16 14:18:43 - [MESSAGE][PASSED] - Verify element property value successfully

2023-10-16 14:18:43 - [TEST_STEP][PASSED] - verifyElementPropertyValue(getResponse, "offers[5].groups[0].pricingPlans[0].visualElements[9].value", "DH"): Verify element property value successfully

2023-10-16 14:18:43 - [MESSAGE][PASSED] - Verify element property value successfully

2023-10-16 14:18:43 - [TEST_STEP][PASSED] - verifyElementPropertyValue(getResponse, "offers[5].groups[0].pricingPlans[0].visualElements[10].key", "duration"): Verify element property value successfully

2023-10-16 14:18:43 - [MESSAGE][PASSED] - Verify element property value successfully

2023-10-16 14:18:43 - [TEST_STEP][PASSED] - verifyElementPropertyValue(getResponse, "offers[5].groups[0].pricingPlans[0].visualElements[10].value", "Ø´ÙØ±ÙØ§Ù"): Verify element property value successfully

2023-10-16 14:18:43 - [MESSAGE][PASSED] - Verify element property value successfully

2023-10-16 14:18:43 - [TEST_STEP][PASSED] - verifyElementPropertyValue(getResponse, "offers[5].groups[0].pricingPlans[0].visualElements[11].key", "featured_tag_text"): Verify element property value successfully

2023-10-16 14:18:43 - [MESSAGE][PASSED] - Verify element property value successfully

2023-10-16 14:18:43 - [TEST_STEP][PASSED] - verifyElementPropertyValue(getResponse, "offers[5].groups[0].pricingPlans[0].visualElements[11].value", "Ø¹Ø±Ø¶ ÙÙØ¯Ø© ÙØ­Ø¯ÙØ¯Ø©"): Verify element property value successfully

2023-10-16 14:18:43 - [MESSAGE][PASSED] - Verify element property value successfully

2023-10-16 14:18:43 - [TEST_STEP][PASSED] - verifyElementPropertyValue(getResponse, "offers[5].groups[0].pricingPlans[0].visualElements[13].key", "tag_text"): Verify element property value successfully

2023-10-16 14:18:43 - [MESSAGE][PASSED] - Verify element property value successfully

2023-10-16 14:18:43 - [TEST_STEP][PASSED] - verifyElementPropertyValue(getResponse, "offers[5].groups[0].pricingPlans[0].visualElements[13].value", "ÙÙØ± 30%"): Verify element property value successfully

2023-10-16 14:18:43 - [MESSAGE][PASSED] - Verify element property value successfully

2023-10-16 14:18:43 - [TEST_STEP][PASSED] - verifyElementPropertyValue(getResponse, "offers[5].groups[0].pricingPlans[0].visualElements[12].key", "show_tag"): Verify element property value successfully

2023-10-16 14:18:43 - [MESSAGE][PASSED] - Verify element property value successfully

2023-10-16 14:18:43 - [TEST_STEP][PASSED] - verifyElementPropertyValue(getResponse, "offers[5].groups[0].pricingPlans[0].visualElements[12].value", "true"): Verify element property value successfully

2023-10-16 14:18:43 - [MESSAGE][PASSED] - Verify element property value successfully

2023-10-16 14:18:43 - [TEST_STEP][PASSED] - verifyElementPropertyValue(getResponse, "offers[5].groups[0].pricingPlans[0].pricingPlanData[0].productId", "MAR_B2C_SHAHID_VIP_SPORT_1M"): Verify element property value successfully

2023-10-16 14:18:43 - [MESSAGE][PASSED] - Verify element property value successfully

2023-10-16 14:18:43 - [TEST_STEP][PASSED] - verifyElementPropertyValue(getResponse, "offers[5].groups[0].pricingPlans[0].pricingPlanData[0].paymentMethod", "CREDIT_CARD"): Verify element property value successfully

2023-10-16 14:18:43 - [MESSAGE][PASSED] - Verify element property value successfully

2023-10-16 14:18:43 - [TEST_STEP][PASSED] - verifyElementPropertyValue(getResponse, "offers[5].groups[0].pricingPlans[0].pricingPlanData[0].freeTrialEnabled", "false"): Verify element property value successfully

2023-10-16 14:18:43 - [MESSAGE][PASSED] - Verify element property value successfully

2023-10-16 14:18:43 - [TEST_STEP][PASSED] - verifyElementPropertyValue(getResponse, "offers[5].groups[0].pricingPlans[0].pricingPlanData[0].showIn[0]", "VERTICAL_MODE"): Verify element property value successfully

2023-10-16 14:18:43 - [MESSAGE][PASSED] - Verify element property value successfully

2023-10-16 14:18:43 - [TEST_STEP][PASSED] - verifyElementPropertyValue(getResponse, "offers[5].groups[0].pricingPlans[0].pricingPlanData[0].showIn[1]", "HORIZONTAL_MODE"): Verify element property value successfully

2023-10-16 14:18:43 - [MESSAGE][PASSED] - Verify element property value successfully

2023-10-16 14:18:43 - [TEST_STEP][PASSED] - verifyElementPropertyValue(getResponse, "offers[5].groups[0].pricingPlans[0].pricingPlanData[0].priceLabel", "47"): Verify element property value successfully

2023-10-16 14:18:43 - [MESSAGE][PASSED] - Verify element property value successfully

2023-10-16 14:18:43 - [TEST_STEP][PASSED] - verifyElementPropertyValue(getResponse, "offers[5].groups[0].pricingPlans[0].pricingPlanData[0].currencyLabel", "DH"): Verify element property value successfully

2023-10-16 14:18:43 - [MESSAGE][PASSED] - Verify element property value successfully

2023-10-16 14:18:43 - [TEST_STEP][PASSED] - verifyElementPropertyValue(getResponse, "offers[5].groups[0].pricingPlans[0].pricingPlanData[0].dealId", "WB_SPORT_30P_MAR"): Verify element property value successfully

2023-10-16 14:18:43 - [MESSAGE][PASSED] - Verify element property value successfully

2023-10-16 14:18:43 - [TEST_STEP][PASSED] - verifyElementPropertyValue(getResponse, "offers[5].groups[0].pricingPlans[0].pricingPlanData[0].allowedForAcquisition", "true"): Verify element property value successfully

2023-10-16 14:18:43 - [MESSAGE][PASSED] - Verify element property value successfully

2023-10-16 14:18:43 - [TEST_STEP][PASSED] - verifyElementPropertyValue(getResponse, "offers[5].groups[0].pricingPlans[0].pricingPlanData[0].visualElements[0].key", "title"): Verify element property value successfully

2023-10-16 14:18:43 - [MESSAGE][PASSED] - Verify element property value successfully

2023-10-16 14:18:43 - [TEST_STEP][PASSED] - verifyElementPropertyValue(getResponse, "offers[5].groups[0].pricingPlans[0].pricingPlanData[0].visualElements[0].value", "Ø§ÙØ¨Ø·Ø§ÙØ© Ø§ÙÙØµØ±ÙÙØ©"): Verify element property value successfully

2023-10-16 14:18:43 - [MESSAGE][PASSED] - Verify element property value successfully

2023-10-16 14:18:43 - [TEST_STEP][PASSED] - verifyElementPropertyValue(getResponse, "offers[5].groups[0].pricingPlans[0].pricingPlanData[0].visualElements[1].key", "CTA_text"): Verify element property value successfully

2023-10-16 14:18:43 - [MESSAGE][PASSED] - Verify element property value successfully

2023-10-16 14:18:43 - [TEST_STEP][PASSED] - verifyElementPropertyValue(getResponse, "offers[5].groups[0].pricingPlans[0].pricingPlanData[0].visualElements[1].value", "Ø§Ø´ØªØ±Ù"): Verify element property value successfully

2023-10-16 14:18:43 - [MESSAGE][PASSED] - Verify element property value successfully

2023-10-16 14:18:43 - [TEST_STEP][PASSED] - verifyElementPropertyValue(getResponse, "offers[5].groups[0].pricingPlans[0].pricingPlanData[0].visualElements[2].key", "logo"): Verify element property value successfully

2023-10-16 14:18:43 - [MESSAGE][PASSED] - Verify element property value successfully

2023-10-16 14:18:43 - [TEST_STEP][PASSED] - verifyElementPropertyValue(getResponse, "offers[5].groups[0].pricingPlans[0].pricingPlanData[0].visualElements[2].value", "https://static.s3.shahid.mbc.net/widget-images/icons/iconCreditCard.png"): Verify element property value successfully

2023-10-16 14:18:43 - [MESSAGE][PASSED] - Verify element property value successfully

2023-10-16 14:18:43 - [TEST_STEP][PASSED] - verifyElementPropertyValue(getResponse, "offers[6].offerId", "winback-sport-40-offer"): Verify element property value successfully

2023-10-16 14:18:43 - [MESSAGE][PASSED] - Verify element property value successfully

2023-10-16 14:18:43 - [TEST_STEP][PASSED] - verifyElementPropertyValue(getResponse, "offers[6].offerParam", "sportsoffer40"): Verify element property value successfully

2023-10-16 14:18:43 - [MESSAGE][PASSED] - Verify element property value successfully

2023-10-16 14:18:43 - [TEST_STEP][PASSED] - verifyElementPropertyValue(getResponse, "offers[6].groups[0].pricingPlans[0].featured", "true"): Verify element property value successfully

2023-10-16 14:18:43 - [MESSAGE][PASSED] - Verify element property value successfully

2023-10-16 14:18:43 - [TEST_STEP][PASSED] - verifyElementPropertyValue(getResponse, "offers[6].groups[0].pricingPlans[0].period", "monthly"): Verify element property value successfully

2023-10-16 14:18:43 - [MESSAGE][PASSED] - Verify element property value successfully

2023-10-16 14:18:43 - [TEST_STEP][PASSED] - verifyElementPropertyValue(getResponse, "offers[6].groups[0].pricingPlans[0].featured", "true"): Verify element property value successfully

2023-10-16 14:18:43 - [MESSAGE][PASSED] - Verify element property value successfully

2023-10-16 14:18:43 - [TEST_STEP][PASSED] - verifyElementPropertyValue(getResponse, "offers[6].groups[0].pricingPlans[0].price", "40.0"): Verify element property value successfully

2023-10-16 14:18:43 - [MESSAGE][PASSED] - Verify element property value successfully

2023-10-16 14:18:43 - [TEST_STEP][PASSED] - verifyElementPropertyValue(getResponse, "offers[6].groups[0].pricingPlans[0].currency", "DH"): Verify element property value successfully

2023-10-16 14:18:43 - [MESSAGE][PASSED] - Verify element property value successfully

2023-10-16 14:18:43 - [TEST_STEP][PASSED] - verifyElementPropertyValue(getResponse, "offers[6].groups[0].pricingPlans[0].order", "0"): Verify element property value successfully

2023-10-16 14:18:43 - [MESSAGE][PASSED] - Verify element property value successfully

2023-10-16 14:18:43 - [TEST_STEP][PASSED] - verifyElementPropertyValue(getResponse, "offers[6].groups[0].pricingPlans[0].packageId", "SHAHID_VIP_SPORT"): Verify element property value successfully

2023-10-16 14:18:43 - [MESSAGE][PASSED] - Verify element property value successfully

2023-10-16 14:18:43 - [TEST_STEP][PASSED] - verifyElementPropertyValue(getResponse, "offers[6].groups[0].pricingPlans[0].catalogId", "SPORT"): Verify element property value successfully

2023-10-16 14:18:43 - [MESSAGE][PASSED] - Verify element property value successfully

2023-10-16 14:18:43 - [TEST_STEP][PASSED] - verifyElementPropertyValue(getResponse, "offers[6].groups[0].pricingPlans[0].visualElements[0].key", "Header_1_text"): Verify element property value successfully

2023-10-16 14:18:43 - [MESSAGE][PASSED] - Verify element property value successfully

2023-10-16 14:18:43 - [TEST_STEP][PASSED] - verifyElementPropertyValue(getResponse, "offers[6].groups[0].pricingPlans[0].visualElements[0].value", "Ø´Ø§ÙØ¯ Ø£ÙÙÙ Ø§ÙÙØ³ÙØ³ÙØ§Øª Ù Ø§ÙØ£ÙÙØ§Ù Ø­ØµØ±ÙØ§Ù Ø¯ÙÙ ØªÙÙÙ"): Verify element property value successfully

2023-10-16 14:18:43 - [MESSAGE][PASSED] - Verify element property value successfully

2023-10-16 14:18:43 - [TEST_STEP][PASSED] - verifyElementPropertyValue(getResponse, "offers[6].groups[0].pricingPlans[0].visualElements[1].key", "display_title"): Verify element property value successfully

2023-10-16 14:18:43 - [MESSAGE][PASSED] - Verify element property value successfully

2023-10-16 14:18:43 - [TEST_STEP][PASSED] - verifyElementPropertyValue(getResponse, "offers[6].groups[0].pricingPlans[0].visualElements[1].value", "Ø§Ø­ØµÙ Ø¹ÙÙ Ø®ØµÙ 40%"): Verify element property value successfully

2023-10-16 14:18:43 - [MESSAGE][PASSED] - Verify element property value successfully

2023-10-16 14:18:43 - [TEST_STEP][PASSED] - verifyElementPropertyValue(getResponse, "offers[6].groups[0].pricingPlans[0].visualElements[3].key", "deduction_text"): Verify element property value successfully

2023-10-16 14:18:43 - [MESSAGE][PASSED] - Verify element property value successfully

2023-10-16 14:18:43 - [TEST_STEP][PASSED] - verifyElementPropertyValue(getResponse, "offers[6].groups[0].pricingPlans[0].visualElements[3].value", "ØªØ¯ÙØ¹ Ø´ÙØ±ÙØ§Ù"): Verify element property value successfully

2023-10-16 14:18:43 - [MESSAGE][PASSED] - Verify element property value successfully

2023-10-16 14:18:43 - [TEST_STEP][PASSED] - verifyElementPropertyValue(getResponse, "offers[6].groups[0].pricingPlans[0].visualElements[6].key", "show_payment_logo"): Verify element property value successfully

2023-10-16 14:18:43 - [MESSAGE][PASSED] - Verify element property value successfully

2023-10-16 14:18:43 - [TEST_STEP][PASSED] - verifyElementPropertyValue(getResponse, "offers[6].groups[0].pricingPlans[0].visualElements[6].value", "true"): Verify element property value successfully

2023-10-16 14:18:43 - [MESSAGE][PASSED] - Verify element property value successfully

2023-10-16 14:18:43 - [TEST_STEP][PASSED] - verifyElementPropertyValue(getResponse, "offers[6].groups[0].pricingPlans[0].visualElements[8].key", "price"): Verify element property value successfully

2023-10-16 14:18:43 - [MESSAGE][PASSED] - Verify element property value successfully

2023-10-16 14:18:43 - [TEST_STEP][PASSED] - verifyElementPropertyValue(getResponse, "offers[6].groups[0].pricingPlans[0].visualElements[8].value", "40"): Verify element property value successfully

2023-10-16 14:18:43 - [MESSAGE][PASSED] - Verify element property value successfully

2023-10-16 14:18:43 - [TEST_STEP][PASSED] - verifyElementPropertyValue(getResponse, "offers[6].groups[0].pricingPlans[0].visualElements[9].key", "currency"): Verify element property value successfully

2023-10-16 14:18:43 - [MESSAGE][PASSED] - Verify element property value successfully

2023-10-16 14:18:43 - [TEST_STEP][PASSED] - verifyElementPropertyValue(getResponse, "offers[6].groups[0].pricingPlans[0].visualElements[9].value", "DH"): Verify element property value successfully

2023-10-16 14:18:43 - [MESSAGE][PASSED] - Verify element property value successfully

2023-10-16 14:18:43 - [TEST_STEP][PASSED] - verifyElementPropertyValue(getResponse, "offers[6].groups[0].pricingPlans[0].visualElements[10].key", "duration"): Verify element property value successfully

2023-10-16 14:18:43 - [MESSAGE][PASSED] - Verify element property value successfully

2023-10-16 14:18:43 - [TEST_STEP][PASSED] - verifyElementPropertyValue(getResponse, "offers[6].groups[0].pricingPlans[0].visualElements[10].value", "Ø´ÙØ±ÙØ§Ù"): Verify element property value successfully

2023-10-16 14:18:43 - [MESSAGE][PASSED] - Verify element property value successfully

2023-10-16 14:18:43 - [TEST_STEP][PASSED] - verifyElementPropertyValue(getResponse, "offers[6].groups[0].pricingPlans[0].visualElements[11].key", "featured_tag_text"): Verify element property value successfully

2023-10-16 14:18:43 - [MESSAGE][PASSED] - Verify element property value successfully

2023-10-16 14:18:43 - [TEST_STEP][PASSED] - verifyElementPropertyValue(getResponse, "offers[6].groups[0].pricingPlans[0].visualElements[11].value", "Ø¹Ø±Ø¶ ÙÙØ¯Ø© ÙØ­Ø¯ÙØ¯Ø©"): Verify element property value successfully

2023-10-16 14:18:43 - [MESSAGE][PASSED] - Verify element property value successfully

2023-10-16 14:18:43 - [TEST_STEP][PASSED] - verifyElementPropertyValue(getResponse, "offers[6].groups[0].pricingPlans[0].visualElements[13].key", "tag_text"): Verify element property value successfully

2023-10-16 14:18:43 - [MESSAGE][PASSED] - Verify element property value successfully

2023-10-16 14:18:43 - [TEST_STEP][PASSED] - verifyElementPropertyValue(getResponse, "offers[6].groups[0].pricingPlans[0].visualElements[13].value", "ÙÙØ± 40%"): Verify element property value successfully

2023-10-16 14:18:43 - [MESSAGE][PASSED] - Verify element property value successfully

2023-10-16 14:18:43 - [TEST_STEP][PASSED] - verifyElementPropertyValue(getResponse, "offers[6].groups[0].pricingPlans[0].visualElements[12].key", "show_tag"): Verify element property value successfully

2023-10-16 14:18:43 - [MESSAGE][PASSED] - Verify element property value successfully

2023-10-16 14:18:43 - [TEST_STEP][PASSED] - verifyElementPropertyValue(getResponse, "offers[6].groups[0].pricingPlans[0].visualElements[12].value", "true"): Verify element property value successfully

2023-10-16 14:18:43 - [MESSAGE][PASSED] - Verify element property value successfully

2023-10-16 14:18:43 - [TEST_STEP][PASSED] - verifyElementPropertyValue(getResponse, "offers[6].groups[0].pricingPlans[0].pricingPlanData[0].productId", "MAR_B2C_SHAHID_VIP_SPORT_1M"): Verify element property value successfully

2023-10-16 14:18:44 - [MESSAGE][PASSED] - Verify element property value successfully

2023-10-16 14:18:44 - [TEST_STEP][PASSED] - verifyElementPropertyValue(getResponse, "offers[6].groups[0].pricingPlans[0].pricingPlanData[0].paymentMethod", "CREDIT_CARD"): Verify element property value successfully

2023-10-16 14:18:44 - [MESSAGE][PASSED] - Verify element property value successfully

2023-10-16 14:18:44 - [TEST_STEP][PASSED] - verifyElementPropertyValue(getResponse, "offers[6].groups[0].pricingPlans[0].pricingPlanData[0].freeTrialEnabled", "false"): Verify element property value successfully

2023-10-16 14:18:44 - [MESSAGE][PASSED] - Verify element property value successfully

2023-10-16 14:18:44 - [TEST_STEP][PASSED] - verifyElementPropertyValue(getResponse, "offers[6].groups[0].pricingPlans[0].pricingPlanData[0].showIn[0]", "VERTICAL_MODE"): Verify element property value successfully

2023-10-16 14:18:44 - [MESSAGE][PASSED] - Verify element property value successfully

2023-10-16 14:18:44 - [TEST_STEP][PASSED] - verifyElementPropertyValue(getResponse, "offers[6].groups[0].pricingPlans[0].pricingPlanData[0].showIn[1]", "HORIZONTAL_MODE"): Verify element property value successfully

2023-10-16 14:18:44 - [MESSAGE][PASSED] - Verify element property value successfully

2023-10-16 14:18:44 - [TEST_STEP][PASSED] - verifyElementPropertyValue(getResponse, "offers[6].groups[0].pricingPlans[0].pricingPlanData[0].priceLabel", "40"): Verify element property value successfully

2023-10-16 14:18:44 - [MESSAGE][PASSED] - Verify element property value successfully

2023-10-16 14:18:44 - [TEST_STEP][PASSED] - verifyElementPropertyValue(getResponse, "offers[6].groups[0].pricingPlans[0].pricingPlanData[0].currencyLabel", "DH"): Verify element property value successfully

2023-10-16 14:18:44 - [MESSAGE][PASSED] - Verify element property value successfully

2023-10-16 14:18:44 - [TEST_STEP][PASSED] - verifyElementPropertyValue(getResponse, "offers[6].groups[0].pricingPlans[0].pricingPlanData[0].dealId", "WB_SPORT_40P_MAR"): Verify element property value successfully

2023-10-16 14:18:44 - [MESSAGE][PASSED] - Verify element property value successfully

2023-10-16 14:18:44 - [TEST_STEP][PASSED] - verifyElementPropertyValue(getResponse, "offers[6].groups[0].pricingPlans[0].pricingPlanData[0].allowedForAcquisition", "true"): Verify element property value successfully

2023-10-16 14:18:44 - [MESSAGE][PASSED] - Verify element property value successfully

2023-10-16 14:18:44 - [TEST_STEP][PASSED] - verifyElementPropertyValue(getResponse, "offers[6].groups[0].pricingPlans[0].pricingPlanData[0].visualElements[0].key", "title"): Verify element property value successfully

2023-10-16 14:18:44 - [MESSAGE][PASSED] - Verify element property value successfully

2023-10-16 14:18:44 - [TEST_STEP][PASSED] - verifyElementPropertyValue(getResponse, "offers[6].groups[0].pricingPlans[0].pricingPlanData[0].visualElements[0].value", "Ø§ÙØ¨Ø·Ø§ÙØ© Ø§ÙÙØµØ±ÙÙØ©"): Verify element property value successfully

2023-10-16 14:18:44 - [MESSAGE][PASSED] - Verify element property value successfully

2023-10-16 14:18:44 - [TEST_STEP][PASSED] - verifyElementPropertyValue(getResponse, "offers[6].groups[0].pricingPlans[0].pricingPlanData[0].visualElements[1].key", "CTA_text"): Verify element property value successfully

2023-10-16 14:18:44 - [MESSAGE][PASSED] - Verify element property value successfully

2023-10-16 14:18:44 - [TEST_STEP][PASSED] - verifyElementPropertyValue(getResponse, "offers[6].groups[0].pricingPlans[0].pricingPlanData[0].visualElements[1].value", "Ø§Ø´ØªØ±Ù"): Verify element property value successfully

2023-10-16 14:18:44 - [MESSAGE][PASSED] - Verify element property value successfully

2023-10-16 14:18:44 - [TEST_STEP][PASSED] - verifyElementPropertyValue(getResponse, "offers[6].groups[0].pricingPlans[0].pricingPlanData[0].visualElements[2].key", "logo"): Verify element property value successfully

2023-10-16 14:18:44 - [MESSAGE][PASSED] - Verify element property value successfully

2023-10-16 14:18:44 - [TEST_STEP][PASSED] - verifyElementPropertyValue(getResponse, "offers[6].groups[0].pricingPlans[0].pricingPlanData[0].visualElements[2].value", "https://static.s3.shahid.mbc.net/widget-images/icons/iconCreditCard.png"): Verify element property value successfully

2023-10-16 14:18:44 - [MESSAGE][PASSED] - Verify element property value successfully

2023-10-16 14:18:44 - [TEST_STEP][PASSED] - verifyElementPropertyValue(getResponse, "offers[7].offerId", "winback-sport-50-offer"): Verify element property value successfully

2023-10-16 14:18:44 - [MESSAGE][PASSED] - Verify element property value successfully

2023-10-16 14:18:44 - [TEST_STEP][PASSED] - verifyElementPropertyValue(getResponse, "offers[7].offerParam", "sportsoffer50"): Verify element property value successfully

2023-10-16 14:18:44 - [MESSAGE][PASSED] - Verify element property value successfully

2023-10-16 14:18:44 - [TEST_STEP][PASSED] - verifyElementPropertyValue(getResponse, "offers[7].groups[0].pricingPlans[0].featured", "true"): Verify element property value successfully

2023-10-16 14:18:44 - [MESSAGE][PASSED] - Verify element property value successfully

2023-10-16 14:18:44 - [TEST_STEP][PASSED] - verifyElementPropertyValue(getResponse, "offers[7].groups[0].pricingPlans[0].period", "monthly"): Verify element property value successfully

2023-10-16 14:18:44 - [MESSAGE][PASSED] - Verify element property value successfully

2023-10-16 14:18:44 - [TEST_STEP][PASSED] - verifyElementPropertyValue(getResponse, "offers[7].groups[0].pricingPlans[0].featured", "true"): Verify element property value successfully

2023-10-16 14:18:44 - [MESSAGE][PASSED] - Verify element property value successfully

2023-10-16 14:18:44 - [TEST_STEP][PASSED] - verifyElementPropertyValue(getResponse, "offers[7].groups[0].pricingPlans[0].price", "34.0"): Verify element property value successfully

2023-10-16 14:18:44 - [MESSAGE][PASSED] - Verify element property value successfully

2023-10-16 14:18:44 - [TEST_STEP][PASSED] - verifyElementPropertyValue(getResponse, "offers[7].groups[0].pricingPlans[0].currency", "DH"): Verify element property value successfully

2023-10-16 14:18:44 - [MESSAGE][PASSED] - Verify element property value successfully

2023-10-16 14:18:44 - [TEST_STEP][PASSED] - verifyElementPropertyValue(getResponse, "offers[7].groups[0].pricingPlans[0].order", "0"): Verify element property value successfully

2023-10-16 14:18:44 - [MESSAGE][PASSED] - Verify element property value successfully

2023-10-16 14:18:44 - [TEST_STEP][PASSED] - verifyElementPropertyValue(getResponse, "offers[7].groups[0].pricingPlans[0].packageId", "SHAHID_VIP_SPORT"): Verify element property value successfully

2023-10-16 14:18:44 - [MESSAGE][PASSED] - Verify element property value successfully

2023-10-16 14:18:44 - [TEST_STEP][PASSED] - verifyElementPropertyValue(getResponse, "offers[7].groups[0].pricingPlans[0].catalogId", "SPORT"): Verify element property value successfully

2023-10-16 14:18:44 - [MESSAGE][PASSED] - Verify element property value successfully

2023-10-16 14:18:44 - [TEST_STEP][PASSED] - verifyElementPropertyValue(getResponse, "offers[7].groups[0].pricingPlans[0].visualElements[0].key", "Header_1_text"): Verify element property value successfully

2023-10-16 14:18:44 - [MESSAGE][PASSED] - Verify element property value successfully

2023-10-16 14:18:44 - [TEST_STEP][PASSED] - verifyElementPropertyValue(getResponse, "offers[7].groups[0].pricingPlans[0].visualElements[0].value", "Ø´Ø§ÙØ¯ Ø£ÙÙÙ Ø§ÙÙØ³ÙØ³ÙØ§Øª Ù Ø§ÙØ£ÙÙØ§Ù Ø­ØµØ±ÙØ§Ù Ø¯ÙÙ ØªÙÙÙ"): Verify element property value successfully

2023-10-16 14:18:44 - [MESSAGE][PASSED] - Verify element property value successfully

2023-10-16 14:18:44 - [TEST_STEP][PASSED] - verifyElementPropertyValue(getResponse, "offers[7].groups[0].pricingPlans[0].visualElements[1].key", "display_title"): Verify element property value successfully

2023-10-16 14:18:44 - [MESSAGE][PASSED] - Verify element property value successfully

2023-10-16 14:18:44 - [TEST_STEP][PASSED] - verifyElementPropertyValue(getResponse, "offers[7].groups[0].pricingPlans[0].visualElements[1].value", "Ø§Ø­ØµÙ Ø¹ÙÙ Ø®ØµÙ 50%"): Verify element property value successfully

2023-10-16 14:18:44 - [MESSAGE][PASSED] - Verify element property value successfully

2023-10-16 14:18:44 - [TEST_STEP][PASSED] - verifyElementPropertyValue(getResponse, "offers[7].groups[0].pricingPlans[0].visualElements[3].key", "deduction_text"): Verify element property value successfully

2023-10-16 14:18:44 - [MESSAGE][PASSED] - Verify element property value successfully

2023-10-16 14:18:44 - [TEST_STEP][PASSED] - verifyElementPropertyValue(getResponse, "offers[7].groups[0].pricingPlans[0].visualElements[3].value", "ØªØ¯ÙØ¹ Ø´ÙØ±ÙØ§Ù"): Verify element property value successfully

2023-10-16 14:18:44 - [MESSAGE][PASSED] - Verify element property value successfully

2023-10-16 14:18:44 - [TEST_STEP][PASSED] - verifyElementPropertyValue(getResponse, "offers[7].groups[0].pricingPlans[0].visualElements[6].key", "show_payment_logo"): Verify element property value successfully

2023-10-16 14:18:44 - [MESSAGE][PASSED] - Verify element property value successfully

2023-10-16 14:18:44 - [TEST_STEP][PASSED] - verifyElementPropertyValue(getResponse, "offers[7].groups[0].pricingPlans[0].visualElements[6].value", "true"): Verify element property value successfully

2023-10-16 14:18:44 - [MESSAGE][PASSED] - Verify element property value successfully

2023-10-16 14:18:44 - [TEST_STEP][PASSED] - verifyElementPropertyValue(getResponse, "offers[7].groups[0].pricingPlans[0].visualElements[8].key", "price"): Verify element property value successfully

2023-10-16 14:18:44 - [MESSAGE][PASSED] - Verify element property value successfully

2023-10-16 14:18:44 - [TEST_STEP][PASSED] - verifyElementPropertyValue(getResponse, "offers[7].groups[0].pricingPlans[0].visualElements[8].value", "34"): Verify element property value successfully

2023-10-16 14:18:44 - [MESSAGE][PASSED] - Verify element property value successfully

2023-10-16 14:18:44 - [TEST_STEP][PASSED] - verifyElementPropertyValue(getResponse, "offers[7].groups[0].pricingPlans[0].visualElements[9].key", "currency"): Verify element property value successfully

2023-10-16 14:18:44 - [MESSAGE][PASSED] - Verify element property value successfully

2023-10-16 14:18:44 - [TEST_STEP][PASSED] - verifyElementPropertyValue(getResponse, "offers[7].groups[0].pricingPlans[0].visualElements[9].value", "DH"): Verify element property value successfully

2023-10-16 14:18:44 - [MESSAGE][PASSED] - Verify element property value successfully

2023-10-16 14:18:44 - [TEST_STEP][PASSED] - verifyElementPropertyValue(getResponse, "offers[7].groups[0].pricingPlans[0].visualElements[10].key", "duration"): Verify element property value successfully

2023-10-16 14:18:44 - [MESSAGE][PASSED] - Verify element property value successfully

2023-10-16 14:18:44 - [TEST_STEP][PASSED] - verifyElementPropertyValue(getResponse, "offers[7].groups[0].pricingPlans[0].visualElements[10].value", "Ø´ÙØ±ÙØ§Ù"): Verify element property value successfully

2023-10-16 14:18:44 - [MESSAGE][PASSED] - Verify element property value successfully

2023-10-16 14:18:44 - [TEST_STEP][PASSED] - verifyElementPropertyValue(getResponse, "offers[7].groups[0].pricingPlans[0].visualElements[11].key", "featured_tag_text"): Verify element property value successfully

2023-10-16 14:18:44 - [MESSAGE][PASSED] - Verify element property value successfully

2023-10-16 14:18:44 - [TEST_STEP][PASSED] - verifyElementPropertyValue(getResponse, "offers[7].groups[0].pricingPlans[0].visualElements[11].value", "Ø¹Ø±Ø¶ ÙÙØ¯Ø© ÙØ­Ø¯ÙØ¯Ø©"): Verify element property value successfully

2023-10-16 14:18:44 - [MESSAGE][PASSED] - Verify element property value successfully

2023-10-16 14:18:44 - [TEST_STEP][PASSED] - verifyElementPropertyValue(getResponse, "offers[7].groups[0].pricingPlans[0].visualElements[13].key", "tag_text"): Verify element property value successfully

2023-10-16 14:18:44 - [MESSAGE][PASSED] - Verify element property value successfully

2023-10-16 14:18:44 - [TEST_STEP][PASSED] - verifyElementPropertyValue(getResponse, "offers[7].groups[0].pricingPlans[0].visualElements[13].value", "ÙÙØ± 50%"): Verify element property value successfully

2023-10-16 14:18:44 - [MESSAGE][PASSED] - Verify element property value successfully

2023-10-16 14:18:44 - [TEST_STEP][PASSED] - verifyElementPropertyValue(getResponse, "offers[7].groups[0].pricingPlans[0].visualElements[12].key", "show_tag"): Verify element property value successfully

2023-10-16 14:18:44 - [MESSAGE][PASSED] - Verify element property value successfully

2023-10-16 14:18:44 - [TEST_STEP][PASSED] - verifyElementPropertyValue(getResponse, "offers[7].groups[0].pricingPlans[0].visualElements[12].value", "true"): Verify element property value successfully

2023-10-16 14:18:44 - [MESSAGE][PASSED] - Verify element property value successfully

2023-10-16 14:18:44 - [TEST_STEP][PASSED] - verifyElementPropertyValue(getResponse, "offers[7].groups[0].pricingPlans[0].pricingPlanData[0].productId", "MAR_B2C_SHAHID_VIP_SPORT_1M"): Verify element property value successfully

2023-10-16 14:18:44 - [MESSAGE][PASSED] - Verify element property value successfully

2023-10-16 14:18:44 - [TEST_STEP][PASSED] - verifyElementPropertyValue(getResponse, "offers[7].groups[0].pricingPlans[0].pricingPlanData[0].paymentMethod", "CREDIT_CARD"): Verify element property value successfully

2023-10-16 14:18:44 - [MESSAGE][PASSED] - Verify element property value successfully

2023-10-16 14:18:44 - [TEST_STEP][PASSED] - verifyElementPropertyValue(getResponse, "offers[7].groups[0].pricingPlans[0].pricingPlanData[0].freeTrialEnabled", "false"): Verify element property value successfully

2023-10-16 14:18:44 - [MESSAGE][PASSED] - Verify element property value successfully

2023-10-16 14:18:44 - [TEST_STEP][PASSED] - verifyElementPropertyValue(getResponse, "offers[7].groups[0].pricingPlans[0].pricingPlanData[0].showIn[0]", "VERTICAL_MODE"): Verify element property value successfully

2023-10-16 14:18:44 - [MESSAGE][PASSED] - Verify element property value successfully

2023-10-16 14:18:44 - [TEST_STEP][PASSED] - verifyElementPropertyValue(getResponse, "offers[7].groups[0].pricingPlans[0].pricingPlanData[0].showIn[1]", "HORIZONTAL_MODE"): Verify element property value successfully

2023-10-16 14:18:44 - [MESSAGE][PASSED] - Verify element property value successfully

2023-10-16 14:18:44 - [TEST_STEP][PASSED] - verifyElementPropertyValue(getResponse, "offers[7].groups[0].pricingPlans[0].pricingPlanData[0].priceLabel", "34"): Verify element property value successfully

2023-10-16 14:18:44 - [MESSAGE][PASSED] - Verify element property value successfully

2023-10-16 14:18:44 - [TEST_STEP][PASSED] - verifyElementPropertyValue(getResponse, "offers[7].groups[0].pricingPlans[0].pricingPlanData[0].currencyLabel", "DH"): Verify element property value successfully

2023-10-16 14:18:44 - [MESSAGE][PASSED] - Verify element property value successfully

2023-10-16 14:18:44 - [TEST_STEP][PASSED] - verifyElementPropertyValue(getResponse, "offers[7].groups[0].pricingPlans[0].pricingPlanData[0].dealId", "WB_SPORT_50P_MAR"): Verify element property value successfully

2023-10-16 14:18:44 - [MESSAGE][PASSED] - Verify element property value successfully

2023-10-16 14:18:44 - [TEST_STEP][PASSED] - verifyElementPropertyValue(getResponse, "offers[7].groups[0].pricingPlans[0].pricingPlanData[0].allowedForAcquisition", "true"): Verify element property value successfully

2023-10-16 14:18:44 - [MESSAGE][PASSED] - Verify element property value successfully

2023-10-16 14:18:44 - [TEST_STEP][PASSED] - verifyElementPropertyValue(getResponse, "offers[7].groups[0].pricingPlans[0].pricingPlanData[0].visualElements[0].key", "title"): Verify element property value successfully

2023-10-16 14:18:44 - [MESSAGE][PASSED] - Verify element property value successfully

2023-10-16 14:18:44 - [TEST_STEP][PASSED] - verifyElementPropertyValue(getResponse, "offers[7].groups[0].pricingPlans[0].pricingPlanData[0].visualElements[0].value", "Ø§ÙØ¨Ø·Ø§ÙØ© Ø§ÙÙØµØ±ÙÙØ©"): Verify element property value successfully

2023-10-16 14:18:44 - [MESSAGE][PASSED] - Verify element property value successfully

2023-10-16 14:18:44 - [TEST_STEP][PASSED] - verifyElementPropertyValue(getResponse, "offers[7].groups[0].pricingPlans[0].pricingPlanData[0].visualElements[1].key", "CTA_text"): Verify element property value successfully

2023-10-16 14:18:44 - [MESSAGE][PASSED] - Verify element property value successfully

2023-10-16 14:18:44 - [TEST_STEP][PASSED] - verifyElementPropertyValue(getResponse, "offers[7].groups[0].pricingPlans[0].pricingPlanData[0].visualElements[1].value", "Ø§Ø´ØªØ±Ù"): Verify element property value successfully

2023-10-16 14:18:44 - [MESSAGE][PASSED] - Verify element property value successfully

2023-10-16 14:18:44 - [TEST_STEP][PASSED] - verifyElementPropertyValue(getResponse, "offers[7].groups[0].pricingPlans[0].pricingPlanData[0].visualElements[2].key", "logo"): Verify element property value successfully

2023-10-16 14:18:44 - [MESSAGE][PASSED] - Verify element property value successfully

2023-10-16 14:18:44 - [TEST_STEP][PASSED] - verifyElementPropertyValue(getResponse, "offers[7].groups[0].pricingPlans[0].pricingPlanData[0].visualElements[2].value", "https://static.s3.shahid.mbc.net/widget-images/icons/iconCreditCard.png"): Verify element property value successfully

2023-10-16 14:18:44 - [MESSAGE][PASSED] - Verify element property value successfully

2023-10-16 14:18:44 - [TEST_STEP][PASSED] - verifyElementPropertyValue(getResponse, "offers[11].offerId", "byg-sport-30-offer"): Verify element property value successfully

2023-10-16 14:18:44 - [MESSAGE][PASSED] - Verify element property value successfully

2023-10-16 14:18:44 - [TEST_STEP][PASSED] - verifyElementPropertyValue(getResponse, "offers[11].offerParam", "bygsportsoffer30"): Verify element property value successfully

2023-10-16 14:18:44 - [MESSAGE][PASSED] - Verify element property value successfully

2023-10-16 14:18:44 - [TEST_STEP][PASSED] - verifyElementPropertyValue(getResponse, "offers[11].groups[0].pricingPlans[0].featured", "true"): Verify element property value successfully

2023-10-16 14:18:44 - [MESSAGE][PASSED] - Verify element property value successfully

2023-10-16 14:18:44 - [TEST_STEP][PASSED] - verifyElementPropertyValue(getResponse, "offers[11].groups[0].pricingPlans[0].period", "monthly"): Verify element property value successfully

2023-10-16 14:18:44 - [MESSAGE][PASSED] - Verify element property value successfully

2023-10-16 14:18:44 - [TEST_STEP][PASSED] - verifyElementPropertyValue(getResponse, "offers[11].groups[0].pricingPlans[0].featured", "true"): Verify element property value successfully

2023-10-16 14:18:44 - [MESSAGE][PASSED] - Verify element property value successfully

2023-10-16 14:18:44 - [TEST_STEP][PASSED] - verifyElementPropertyValue(getResponse, "offers[11].groups[0].pricingPlans[0].price", "47.0"): Verify element property value successfully

2023-10-16 14:18:44 - [MESSAGE][PASSED] - Verify element property value successfully

2023-10-16 14:18:44 - [TEST_STEP][PASSED] - verifyElementPropertyValue(getResponse, "offers[11].groups[0].pricingPlans[0].currency", "DH"): Verify element property value successfully

2023-10-16 14:18:44 - [MESSAGE][PASSED] - Verify element property value successfully

2023-10-16 14:18:44 - [TEST_STEP][PASSED] - verifyElementPropertyValue(getResponse, "offers[11].groups[0].pricingPlans[0].order", "0"): Verify element property value successfully

2023-10-16 14:18:44 - [MESSAGE][PASSED] - Verify element property value successfully

2023-10-16 14:18:44 - [TEST_STEP][PASSED] - verifyElementPropertyValue(getResponse, "offers[11].groups[0].pricingPlans[0].packageId", "SHAHID_VIP_SPORT"): Verify element property value successfully

2023-10-16 14:18:44 - [MESSAGE][PASSED] - Verify element property value successfully

2023-10-16 14:18:44 - [TEST_STEP][PASSED] - verifyElementPropertyValue(getResponse, "offers[11].groups[0].pricingPlans[0].catalogId", "SPORT"): Verify element property value successfully

2023-10-16 14:18:44 - [MESSAGE][PASSED] - Verify element property value successfully

2023-10-16 14:18:44 - [TEST_STEP][PASSED] - verifyElementPropertyValue(getResponse, "offers[11].groups[0].pricingPlans[0].visualElements[0].key", "Header_1_text"): Verify element property value successfully

2023-10-16 14:18:44 - [MESSAGE][PASSED] - Verify element property value successfully

2023-10-16 14:18:44 - [TEST_STEP][PASSED] - verifyElementPropertyValue(getResponse, "offers[11].groups[0].pricingPlans[0].visualElements[0].value", "Ø´Ø§ÙØ¯ Ø£ÙÙÙ Ø§ÙÙØ³ÙØ³ÙØ§Øª Ù Ø§ÙØ£ÙÙØ§Ù Ø­ØµØ±ÙØ§Ù Ø¯ÙÙ ØªÙÙÙ"): Verify element property value successfully

2023-10-16 14:18:44 - [MESSAGE][PASSED] - Verify element property value successfully

2023-10-16 14:18:44 - [TEST_STEP][PASSED] - verifyElementPropertyValue(getResponse, "offers[11].groups[0].pricingPlans[0].visualElements[1].key", "display_title"): Verify element property value successfully

2023-10-16 14:18:44 - [MESSAGE][PASSED] - Verify element property value successfully

2023-10-16 14:18:44 - [TEST_STEP][PASSED] - verifyElementPropertyValue(getResponse, "offers[11].groups[0].pricingPlans[0].visualElements[1].value", "Ø§Ø­ØµÙ Ø¹ÙÙ Ø®ØµÙ 30%"): Verify element property value successfully

2023-10-16 14:18:44 - [MESSAGE][PASSED] - Verify element property value successfully

2023-10-16 14:18:44 - [TEST_STEP][PASSED] - verifyElementPropertyValue(getResponse, "offers[11].groups[0].pricingPlans[0].visualElements[3].key", "deduction_text"): Verify element property value successfully

2023-10-16 14:18:44 - [MESSAGE][PASSED] - Verify element property value successfully

2023-10-16 14:18:44 - [TEST_STEP][PASSED] - verifyElementPropertyValue(getResponse, "offers[11].groups[0].pricingPlans[0].visualElements[3].value", "ØªØ¯ÙØ¹ Ø´ÙØ±ÙØ§Ù"): Verify element property value successfully

2023-10-16 14:18:44 - [MESSAGE][PASSED] - Verify element property value successfully

2023-10-16 14:18:44 - [TEST_STEP][PASSED] - verifyElementPropertyValue(getResponse, "offers[11].groups[0].pricingPlans[0].visualElements[6].key", "show_payment_logo"): Verify element property value successfully

2023-10-16 14:18:44 - [MESSAGE][PASSED] - Verify element property value successfully

2023-10-16 14:18:44 - [TEST_STEP][PASSED] - verifyElementPropertyValue(getResponse, "offers[11].groups[0].pricingPlans[0].visualElements[6].value", "true"): Verify element property value successfully

2023-10-16 14:18:44 - [MESSAGE][PASSED] - Verify element property value successfully

2023-10-16 14:18:44 - [TEST_STEP][PASSED] - verifyElementPropertyValue(getResponse, "offers[11].groups[0].pricingPlans[0].visualElements[8].key", "price"): Verify element property value successfully

2023-10-16 14:18:44 - [MESSAGE][PASSED] - Verify element property value successfully

2023-10-16 14:18:44 - [TEST_STEP][PASSED] - verifyElementPropertyValue(getResponse, "offers[11].groups[0].pricingPlans[0].visualElements[8].value", "47"): Verify element property value successfully

2023-10-16 14:18:44 - [MESSAGE][PASSED] - Verify element property value successfully

2023-10-16 14:18:44 - [TEST_STEP][PASSED] - verifyElementPropertyValue(getResponse, "offers[11].groups[0].pricingPlans[0].visualElements[9].key", "currency"): Verify element property value successfully

2023-10-16 14:18:44 - [MESSAGE][PASSED] - Verify element property value successfully

2023-10-16 14:18:44 - [TEST_STEP][PASSED] - verifyElementPropertyValue(getResponse, "offers[11].groups[0].pricingPlans[0].visualElements[9].value", "DH"): Verify element property value successfully

2023-10-16 14:18:44 - [MESSAGE][PASSED] - Verify element property value successfully

2023-10-16 14:18:44 - [TEST_STEP][PASSED] - verifyElementPropertyValue(getResponse, "offers[11].groups[0].pricingPlans[0].visualElements[10].key", "duration"): Verify element property value successfully

2023-10-16 14:18:44 - [MESSAGE][PASSED] - Verify element property value successfully

2023-10-16 14:18:44 - [TEST_STEP][PASSED] - verifyElementPropertyValue(getResponse, "offers[11].groups[0].pricingPlans[0].visualElements[10].value", "Ø´ÙØ±ÙØ§Ù"): Verify element property value successfully

2023-10-16 14:18:44 - [MESSAGE][PASSED] - Verify element property value successfully

2023-10-16 14:18:44 - [TEST_STEP][PASSED] - verifyElementPropertyValue(getResponse, "offers[11].groups[0].pricingPlans[0].visualElements[11].key", "featured_tag_text"): Verify element property value successfully

2023-10-16 14:18:44 - [MESSAGE][PASSED] - Verify element property value successfully

2023-10-16 14:18:44 - [TEST_STEP][PASSED] - verifyElementPropertyValue(getResponse, "offers[11].groups[0].pricingPlans[0].visualElements[11].value", "Ø¹Ø±Ø¶ ÙÙØ¯Ø© ÙØ­Ø¯ÙØ¯Ø©"): Verify element property value successfully

2023-10-16 14:18:44 - [MESSAGE][PASSED] - Verify element property value successfully

2023-10-16 14:18:44 - [TEST_STEP][PASSED] - verifyElementPropertyValue(getResponse, "offers[11].groups[0].pricingPlans[0].visualElements[13].key", "tag_text"): Verify element property value successfully

2023-10-16 14:18:44 - [MESSAGE][PASSED] - Verify element property value successfully

2023-10-16 14:18:44 - [TEST_STEP][PASSED] - verifyElementPropertyValue(getResponse, "offers[11].groups[0].pricingPlans[0].visualElements[13].value", "ÙÙØ± 30%"): Verify element property value successfully

2023-10-16 14:18:44 - [MESSAGE][PASSED] - Verify element property value successfully

2023-10-16 14:18:44 - [TEST_STEP][PASSED] - verifyElementPropertyValue(getResponse, "offers[11].groups[0].pricingPlans[0].visualElements[12].key", "show_tag"): Verify element property value successfully

2023-10-16 14:18:44 - [MESSAGE][PASSED] - Verify element property value successfully

2023-10-16 14:18:44 - [TEST_STEP][PASSED] - verifyElementPropertyValue(getResponse, "offers[11].groups[0].pricingPlans[0].visualElements[12].value", "true"): Verify element property value successfully

2023-10-16 14:18:44 - [MESSAGE][PASSED] - Verify element property value successfully

2023-10-16 14:18:44 - [TEST_STEP][PASSED] - verifyElementPropertyValue(getResponse, "offers[11].groups[0].pricingPlans[0].pricingPlanData[0].productId", "MAR_B2C_SHAHID_VIP_SPORT_1M"): Verify element property value successfully

2023-10-16 14:18:44 - [MESSAGE][PASSED] - Verify element property value successfully

2023-10-16 14:18:44 - [TEST_STEP][PASSED] - verifyElementPropertyValue(getResponse, "offers[11].groups[0].pricingPlans[0].pricingPlanData[0].paymentMethod", "CREDIT_CARD"): Verify element property value successfully

2023-10-16 14:18:44 - [MESSAGE][PASSED] - Verify element property value successfully

2023-10-16 14:18:44 - [TEST_STEP][PASSED] - verifyElementPropertyValue(getResponse, "offers[11].groups[0].pricingPlans[0].pricingPlanData[0].freeTrialEnabled", "false"): Verify element property value successfully

2023-10-16 14:18:44 - [MESSAGE][PASSED] - Verify element property value successfully

2023-10-16 14:18:44 - [TEST_STEP][PASSED] - verifyElementPropertyValue(getResponse, "offers[11].groups[0].pricingPlans[0].pricingPlanData[0].showIn[0]", "VERTICAL_MODE"): Verify element property value successfully

2023-10-16 14:18:44 - [MESSAGE][PASSED] - Verify element property value successfully

2023-10-16 14:18:44 - [TEST_STEP][PASSED] - verifyElementPropertyValue(getResponse, "offers[11].groups[0].pricingPlans[0].pricingPlanData[0].showIn[1]", "HORIZONTAL_MODE"): Verify element property value successfully

2023-10-16 14:18:44 - [MESSAGE][PASSED] - Verify element property value successfully

2023-10-16 14:18:44 - [TEST_STEP][PASSED] - verifyElementPropertyValue(getResponse, "offers[11].groups[0].pricingPlans[0].pricingPlanData[0].priceLabel", "47"): Verify element property value successfully

2023-10-16 14:18:44 - [MESSAGE][PASSED] - Verify element property value successfully

2023-10-16 14:18:44 - [TEST_STEP][PASSED] - verifyElementPropertyValue(getResponse, "offers[11].groups[0].pricingPlans[0].pricingPlanData[0].currencyLabel", "DH"): Verify element property value successfully

2023-10-16 14:18:44 - [MESSAGE][PASSED] - Verify element property value successfully

2023-10-16 14:18:44 - [TEST_STEP][PASSED] - verifyElementPropertyValue(getResponse, "offers[11].groups[0].pricingPlans[0].pricingPlanData[0].dealId", "BYG_SPORT_30P_MAR"): Verify element property value successfully

2023-10-16 14:18:44 - [MESSAGE][PASSED] - Verify element property value successfully

2023-10-16 14:18:44 - [TEST_STEP][PASSED] - verifyElementPropertyValue(getResponse, "offers[11].groups[0].pricingPlans[0].pricingPlanData[0].allowedForAcquisition", "true"): Verify element property value successfully

2023-10-16 14:18:44 - [MESSAGE][PASSED] - Verify element property value successfully

2023-10-16 14:18:44 - [TEST_STEP][PASSED] - verifyElementPropertyValue(getResponse, "offers[11].groups[0].pricingPlans[0].pricingPlanData[0].visualElements[0].key", "title"): Verify element property value successfully

2023-10-16 14:18:44 - [MESSAGE][PASSED] - Verify element property value successfully

2023-10-16 14:18:44 - [TEST_STEP][PASSED] - verifyElementPropertyValue(getResponse, "offers[11].groups[0].pricingPlans[0].pricingPlanData[0].visualElements[0].value", "Ø§ÙØ¨Ø·Ø§ÙØ© Ø§ÙÙØµØ±ÙÙØ©"): Verify element property value successfully

2023-10-16 14:18:44 - [MESSAGE][PASSED] - Verify element property value successfully

2023-10-16 14:18:44 - [TEST_STEP][PASSED] - verifyElementPropertyValue(getResponse, "offers[11].groups[0].pricingPlans[0].pricingPlanData[0].visualElements[1].key", "CTA_text"): Verify element property value successfully

2023-10-16 14:18:44 - [MESSAGE][PASSED] - Verify element property value successfully

2023-10-16 14:18:44 - [TEST_STEP][PASSED] - verifyElementPropertyValue(getResponse, "offers[11].groups[0].pricingPlans[0].pricingPlanData[0].visualElements[1].value", "Ø§Ø´ØªØ±Ù"): Verify element property value successfully

2023-10-16 14:18:44 - [MESSAGE][PASSED] - Verify element property value successfully

2023-10-16 14:18:44 - [TEST_STEP][PASSED] - verifyElementPropertyValue(getResponse, "offers[11].groups[0].pricingPlans[0].pricingPlanData[0].visualElements[2].key", "logo"): Verify element property value successfully

2023-10-16 14:18:44 - [MESSAGE][PASSED] - Verify element property value successfully

2023-10-16 14:18:44 - [TEST_STEP][PASSED] - verifyElementPropertyValue(getResponse, "offers[11].groups[0].pricingPlans[0].pricingPlanData[0].visualElements[2].value", "https://static.s3.shahid.mbc.net/widget-images/icons/iconCreditCard.png"): Verify element property value successfully

2023-10-16 14:18:44 - [MESSAGE][PASSED] - Verify element property value successfully

2023-10-16 14:18:44 - [TEST_STEP][PASSED] - verifyElementPropertyValue(getResponse, "offers[12].offerId", "byg-sport-40-offer"): Verify element property value successfully

2023-10-16 14:18:44 - [MESSAGE][PASSED] - Verify element property value successfully

2023-10-16 14:18:44 - [TEST_STEP][PASSED] - verifyElementPropertyValue(getResponse, "offers[12].offerParam", "bygsportsoffer40"): Verify element property value successfully

2023-10-16 14:18:44 - [MESSAGE][PASSED] - Verify element property value successfully

2023-10-16 14:18:44 - [TEST_STEP][PASSED] - verifyElementPropertyValue(getResponse, "offers[12].groups[0].pricingPlans[0].featured", "true"): Verify element property value successfully

2023-10-16 14:18:44 - [MESSAGE][PASSED] - Verify element property value successfully

2023-10-16 14:18:44 - [TEST_STEP][PASSED] - verifyElementPropertyValue(getResponse, "offers[12].groups[0].pricingPlans[0].period", "monthly"): Verify element property value successfully

2023-10-16 14:18:44 - [MESSAGE][PASSED] - Verify element property value successfully

2023-10-16 14:18:44 - [TEST_STEP][PASSED] - verifyElementPropertyValue(getResponse, "offers[12].groups[0].pricingPlans[0].featured", "true"): Verify element property value successfully

2023-10-16 14:18:44 - [MESSAGE][PASSED] - Verify element property value successfully

2023-10-16 14:18:44 - [TEST_STEP][PASSED] - verifyElementPropertyValue(getResponse, "offers[12].groups[0].pricingPlans[0].price", "40.0"): Verify element property value successfully

2023-10-16 14:18:44 - [MESSAGE][PASSED] - Verify element property value successfully

2023-10-16 14:18:44 - [TEST_STEP][PASSED] - verifyElementPropertyValue(getResponse, "offers[12].groups[0].pricingPlans[0].currency", "DH"): Verify element property value successfully

2023-10-16 14:18:45 - [MESSAGE][PASSED] - Verify element property value successfully

2023-10-16 14:18:45 - [TEST_STEP][PASSED] - verifyElementPropertyValue(getResponse, "offers[12].groups[0].pricingPlans[0].order", "0"): Verify element property value successfully

2023-10-16 14:18:45 - [MESSAGE][PASSED] - Verify element property value successfully

2023-10-16 14:18:45 - [TEST_STEP][PASSED] - verifyElementPropertyValue(getResponse, "offers[12].groups[0].pricingPlans[0].packageId", "SHAHID_VIP_SPORT"): Verify element property value successfully

2023-10-16 14:18:45 - [MESSAGE][PASSED] - Verify element property value successfully

2023-10-16 14:18:45 - [TEST_STEP][PASSED] - verifyElementPropertyValue(getResponse, "offers[12].groups[0].pricingPlans[0].catalogId", "SPORT"): Verify element property value successfully

2023-10-16 14:18:45 - [MESSAGE][PASSED] - Verify element property value successfully

2023-10-16 14:18:45 - [TEST_STEP][PASSED] - verifyElementPropertyValue(getResponse, "offers[12].groups[0].pricingPlans[0].visualElements[0].key", "Header_1_text"): Verify element property value successfully

2023-10-16 14:18:45 - [MESSAGE][PASSED] - Verify element property value successfully

2023-10-16 14:18:45 - [TEST_STEP][PASSED] - verifyElementPropertyValue(getResponse, "offers[12].groups[0].pricingPlans[0].visualElements[0].value", "Ø´Ø§ÙØ¯ Ø£ÙÙÙ Ø§ÙÙØ³ÙØ³ÙØ§Øª Ù Ø§ÙØ£ÙÙØ§Ù Ø­ØµØ±ÙØ§Ù Ø¯ÙÙ ØªÙÙÙ"): Verify element property value successfully

2023-10-16 14:18:45 - [MESSAGE][PASSED] - Verify element property value successfully

2023-10-16 14:18:45 - [TEST_STEP][PASSED] - verifyElementPropertyValue(getResponse, "offers[12].groups[0].pricingPlans[0].visualElements[1].key", "display_title"): Verify element property value successfully

2023-10-16 14:18:45 - [MESSAGE][PASSED] - Verify element property value successfully

2023-10-16 14:18:45 - [TEST_STEP][PASSED] - verifyElementPropertyValue(getResponse, "offers[12].groups[0].pricingPlans[0].visualElements[1].value", "Ø§Ø­ØµÙ Ø¹ÙÙ Ø®ØµÙ 40%"): Verify element property value successfully

2023-10-16 14:18:45 - [MESSAGE][PASSED] - Verify element property value successfully

2023-10-16 14:18:45 - [TEST_STEP][PASSED] - verifyElementPropertyValue(getResponse, "offers[12].groups[0].pricingPlans[0].visualElements[3].key", "deduction_text"): Verify element property value successfully

2023-10-16 14:18:45 - [MESSAGE][PASSED] - Verify element property value successfully

2023-10-16 14:18:45 - [TEST_STEP][PASSED] - verifyElementPropertyValue(getResponse, "offers[12].groups[0].pricingPlans[0].visualElements[3].value", "ØªØ¯ÙØ¹ Ø´ÙØ±ÙØ§Ù"): Verify element property value successfully

2023-10-16 14:18:45 - [MESSAGE][PASSED] - Verify element property value successfully

2023-10-16 14:18:45 - [TEST_STEP][PASSED] - verifyElementPropertyValue(getResponse, "offers[12].groups[0].pricingPlans[0].visualElements[6].key", "show_payment_logo"): Verify element property value successfully

2023-10-16 14:18:45 - [MESSAGE][PASSED] - Verify element property value successfully

2023-10-16 14:18:45 - [TEST_STEP][PASSED] - verifyElementPropertyValue(getResponse, "offers[12].groups[0].pricingPlans[0].visualElements[6].value", "true"): Verify element property value successfully

2023-10-16 14:18:45 - [MESSAGE][PASSED] - Verify element property value successfully

2023-10-16 14:18:45 - [TEST_STEP][PASSED] - verifyElementPropertyValue(getResponse, "offers[12].groups[0].pricingPlans[0].visualElements[8].key", "price"): Verify element property value successfully

2023-10-16 14:18:45 - [MESSAGE][PASSED] - Verify element property value successfully

2023-10-16 14:18:45 - [TEST_STEP][PASSED] - verifyElementPropertyValue(getResponse, "offers[12].groups[0].pricingPlans[0].visualElements[8].value", "40"): Verify element property value successfully

2023-10-16 14:18:45 - [MESSAGE][PASSED] - Verify element property value successfully

2023-10-16 14:18:45 - [TEST_STEP][PASSED] - verifyElementPropertyValue(getResponse, "offers[12].groups[0].pricingPlans[0].visualElements[9].key", "currency"): Verify element property value successfully

2023-10-16 14:18:45 - [MESSAGE][PASSED] - Verify element property value successfully

2023-10-16 14:18:45 - [TEST_STEP][PASSED] - verifyElementPropertyValue(getResponse, "offers[12].groups[0].pricingPlans[0].visualElements[9].value", "DH"): Verify element property value successfully

2023-10-16 14:18:45 - [MESSAGE][PASSED] - Verify element property value successfully

2023-10-16 14:18:45 - [TEST_STEP][PASSED] - verifyElementPropertyValue(getResponse, "offers[12].groups[0].pricingPlans[0].visualElements[10].key", "duration"): Verify element property value successfully

2023-10-16 14:18:45 - [MESSAGE][PASSED] - Verify element property value successfully

2023-10-16 14:18:45 - [TEST_STEP][PASSED] - verifyElementPropertyValue(getResponse, "offers[12].groups[0].pricingPlans[0].visualElements[10].value", "Ø´ÙØ±ÙØ§Ù"): Verify element property value successfully

2023-10-16 14:18:45 - [MESSAGE][PASSED] - Verify element property value successfully

2023-10-16 14:18:45 - [TEST_STEP][PASSED] - verifyElementPropertyValue(getResponse, "offers[12].groups[0].pricingPlans[0].visualElements[11].key", "featured_tag_text"): Verify element property value successfully

2023-10-16 14:18:45 - [MESSAGE][PASSED] - Verify element property value successfully

2023-10-16 14:18:45 - [TEST_STEP][PASSED] - verifyElementPropertyValue(getResponse, "offers[12].groups[0].pricingPlans[0].visualElements[11].value", "Ø¹Ø±Ø¶ ÙÙØ¯Ø© ÙØ­Ø¯ÙØ¯Ø©"): Verify element property value successfully

2023-10-16 14:18:45 - [MESSAGE][PASSED] - Verify element property value successfully

2023-10-16 14:18:45 - [TEST_STEP][PASSED] - verifyElementPropertyValue(getResponse, "offers[12].groups[0].pricingPlans[0].visualElements[13].key", "tag_text"): Verify element property value successfully

2023-10-16 14:18:45 - [MESSAGE][PASSED] - Verify element property value successfully

2023-10-16 14:18:45 - [TEST_STEP][PASSED] - verifyElementPropertyValue(getResponse, "offers[12].groups[0].pricingPlans[0].visualElements[13].value", "ÙÙØ± 40%"): Verify element property value successfully

2023-10-16 14:18:45 - [MESSAGE][PASSED] - Verify element property value successfully

2023-10-16 14:18:45 - [TEST_STEP][PASSED] - verifyElementPropertyValue(getResponse, "offers[12].groups[0].pricingPlans[0].visualElements[12].key", "show_tag"): Verify element property value successfully

2023-10-16 14:18:45 - [MESSAGE][PASSED] - Verify element property value successfully

2023-10-16 14:18:45 - [TEST_STEP][PASSED] - verifyElementPropertyValue(getResponse, "offers[12].groups[0].pricingPlans[0].visualElements[12].value", "true"): Verify element property value successfully

2023-10-16 14:18:45 - [MESSAGE][PASSED] - Verify element property value successfully

2023-10-16 14:18:45 - [TEST_STEP][PASSED] - verifyElementPropertyValue(getResponse, "offers[12].groups[0].pricingPlans[0].pricingPlanData[0].productId", "MAR_B2C_SHAHID_VIP_SPORT_1M"): Verify element property value successfully

2023-10-16 14:18:45 - [MESSAGE][PASSED] - Verify element property value successfully

2023-10-16 14:18:45 - [TEST_STEP][PASSED] - verifyElementPropertyValue(getResponse, "offers[12].groups[0].pricingPlans[0].pricingPlanData[0].paymentMethod", "CREDIT_CARD"): Verify element property value successfully

2023-10-16 14:18:45 - [MESSAGE][PASSED] - Verify element property value successfully

2023-10-16 14:18:45 - [TEST_STEP][PASSED] - verifyElementPropertyValue(getResponse, "offers[12].groups[0].pricingPlans[0].pricingPlanData[0].freeTrialEnabled", "false"): Verify element property value successfully

2023-10-16 14:18:45 - [MESSAGE][PASSED] - Verify element property value successfully

2023-10-16 14:18:45 - [TEST_STEP][PASSED] - verifyElementPropertyValue(getResponse, "offers[12].groups[0].pricingPlans[0].pricingPlanData[0].showIn[0]", "VERTICAL_MODE"): Verify element property value successfully

2023-10-16 14:18:45 - [MESSAGE][PASSED] - Verify element property value successfully

2023-10-16 14:18:45 - [TEST_STEP][PASSED] - verifyElementPropertyValue(getResponse, "offers[12].groups[0].pricingPlans[0].pricingPlanData[0].showIn[1]", "HORIZONTAL_MODE"): Verify element property value successfully

2023-10-16 14:18:45 - [MESSAGE][PASSED] - Verify element property value successfully

2023-10-16 14:18:45 - [TEST_STEP][PASSED] - verifyElementPropertyValue(getResponse, "offers[12].groups[0].pricingPlans[0].pricingPlanData[0].priceLabel", "40"): Verify element property value successfully

2023-10-16 14:18:45 - [MESSAGE][PASSED] - Verify element property value successfully

2023-10-16 14:18:45 - [TEST_STEP][PASSED] - verifyElementPropertyValue(getResponse, "offers[12].groups[0].pricingPlans[0].pricingPlanData[0].currencyLabel", "DH"): Verify element property value successfully

2023-10-16 14:18:45 - [MESSAGE][PASSED] - Verify element property value successfully

2023-10-16 14:18:45 - [TEST_STEP][PASSED] - verifyElementPropertyValue(getResponse, "offers[12].groups[0].pricingPlans[0].pricingPlanData[0].dealId", "BYG_SPORT_40P_MAR"): Verify element property value successfully

2023-10-16 14:18:45 - [MESSAGE][PASSED] - Verify element property value successfully

2023-10-16 14:18:45 - [TEST_STEP][PASSED] - verifyElementPropertyValue(getResponse, "offers[12].groups[0].pricingPlans[0].pricingPlanData[0].allowedForAcquisition", "true"): Verify element property value successfully

2023-10-16 14:18:45 - [MESSAGE][PASSED] - Verify element property value successfully

2023-10-16 14:18:45 - [TEST_STEP][PASSED] - verifyElementPropertyValue(getResponse, "offers[12].groups[0].pricingPlans[0].pricingPlanData[0].visualElements[0].key", "title"): Verify element property value successfully

2023-10-16 14:18:45 - [MESSAGE][PASSED] - Verify element property value successfully

2023-10-16 14:18:45 - [TEST_STEP][PASSED] - verifyElementPropertyValue(getResponse, "offers[12].groups[0].pricingPlans[0].pricingPlanData[0].visualElements[0].value", "Ø§ÙØ¨Ø·Ø§ÙØ© Ø§ÙÙØµØ±ÙÙØ©"): Verify element property value successfully

2023-10-16 14:18:45 - [MESSAGE][PASSED] - Verify element property value successfully

2023-10-16 14:18:45 - [TEST_STEP][PASSED] - verifyElementPropertyValue(getResponse, "offers[12].groups[0].pricingPlans[0].pricingPlanData[0].visualElements[1].key", "CTA_text"): Verify element property value successfully

2023-10-16 14:18:45 - [MESSAGE][PASSED] - Verify element property value successfully

2023-10-16 14:18:45 - [TEST_STEP][PASSED] - verifyElementPropertyValue(getResponse, "offers[12].groups[0].pricingPlans[0].pricingPlanData[0].visualElements[1].value", "Ø§Ø´ØªØ±Ù"): Verify element property value successfully

2023-10-16 14:18:45 - [MESSAGE][PASSED] - Verify element property value successfully

2023-10-16 14:18:45 - [TEST_STEP][PASSED] - verifyElementPropertyValue(getResponse, "offers[12].groups[0].pricingPlans[0].pricingPlanData[0].visualElements[2].key", "logo"): Verify element property value successfully

2023-10-16 14:18:45 - [MESSAGE][PASSED] - Verify element property value successfully

2023-10-16 14:18:45 - [TEST_STEP][PASSED] - verifyElementPropertyValue(getResponse, "offers[12].groups[0].pricingPlans[0].pricingPlanData[0].visualElements[2].value", "https://static.s3.shahid.mbc.net/widget-images/icons/iconCreditCard.png"): Verify element property value successfully

2023-10-16 14:18:45 - [MESSAGE][PASSED] - Verify element property value successfully

2023-10-16 14:18:45 - [TEST_STEP][PASSED] - verifyElementPropertyValue(getResponse, "offers[13].offerId", "byg-sport-50-offer"): Verify element property value successfully

2023-10-16 14:18:45 - [MESSAGE][PASSED] - Verify element property value successfully

2023-10-16 14:18:45 - [TEST_STEP][PASSED] - verifyElementPropertyValue(getResponse, "offers[13].offerParam", "bygsportsoffer50"): Verify element property value successfully

2023-10-16 14:18:45 - [MESSAGE][PASSED] - Verify element property value successfully

2023-10-16 14:18:45 - [TEST_STEP][PASSED] - verifyElementPropertyValue(getResponse, "offers[13].groups[0].pricingPlans[0].featured", "true"): Verify element property value successfully

2023-10-16 14:18:45 - [MESSAGE][PASSED] - Verify element property value successfully

2023-10-16 14:18:45 - [TEST_STEP][PASSED] - verifyElementPropertyValue(getResponse, "offers[13].groups[0].pricingPlans[0].period", "monthly"): Verify element property value successfully

2023-10-16 14:18:45 - [MESSAGE][PASSED] - Verify element property value successfully

2023-10-16 14:18:45 - [TEST_STEP][PASSED] - verifyElementPropertyValue(getResponse, "offers[13].groups[0].pricingPlans[0].featured", "true"): Verify element property value successfully

2023-10-16 14:18:45 - [MESSAGE][PASSED] - Verify element property value successfully

2023-10-16 14:18:45 - [TEST_STEP][PASSED] - verifyElementPropertyValue(getResponse, "offers[13].groups[0].pricingPlans[0].price", "34.0"): Verify element property value successfully

2023-10-16 14:18:45 - [MESSAGE][PASSED] - Verify element property value successfully

2023-10-16 14:18:45 - [TEST_STEP][PASSED] - verifyElementPropertyValue(getResponse, "offers[13].groups[0].pricingPlans[0].currency", "DH"): Verify element property value successfully

2023-10-16 14:18:45 - [MESSAGE][PASSED] - Verify element property value successfully

2023-10-16 14:18:45 - [TEST_STEP][PASSED] - verifyElementPropertyValue(getResponse, "offers[13].groups[0].pricingPlans[0].order", "0"): Verify element property value successfully

2023-10-16 14:18:45 - [MESSAGE][PASSED] - Verify element property value successfully

2023-10-16 14:18:45 - [TEST_STEP][PASSED] - verifyElementPropertyValue(getResponse, "offers[13].groups[0].pricingPlans[0].packageId", "SHAHID_VIP_SPORT"): Verify element property value successfully

2023-10-16 14:18:45 - [MESSAGE][PASSED] - Verify element property value successfully

2023-10-16 14:18:45 - [TEST_STEP][PASSED] - verifyElementPropertyValue(getResponse, "offers[13].groups[0].pricingPlans[0].catalogId", "SPORT"): Verify element property value successfully

2023-10-16 14:18:45 - [MESSAGE][PASSED] - Verify element property value successfully

2023-10-16 14:18:45 - [TEST_STEP][PASSED] - verifyElementPropertyValue(getResponse, "offers[13].groups[0].pricingPlans[0].visualElements[0].key", "Header_1_text"): Verify element property value successfully

2023-10-16 14:18:45 - [MESSAGE][PASSED] - Verify element property value successfully

2023-10-16 14:18:45 - [TEST_STEP][PASSED] - verifyElementPropertyValue(getResponse, "offers[13].groups[0].pricingPlans[0].visualElements[0].value", "Ø´Ø§ÙØ¯ Ø£ÙÙÙ Ø§ÙÙØ³ÙØ³ÙØ§Øª Ù Ø§ÙØ£ÙÙØ§Ù Ø­ØµØ±ÙØ§Ù Ø¯ÙÙ ØªÙÙÙ"): Verify element property value successfully

2023-10-16 14:18:45 - [MESSAGE][PASSED] - Verify element property value successfully

2023-10-16 14:18:45 - [TEST_STEP][PASSED] - verifyElementPropertyValue(getResponse, "offers[13].groups[0].pricingPlans[0].visualElements[1].key", "display_title"): Verify element property value successfully

2023-10-16 14:18:45 - [MESSAGE][PASSED] - Verify element property value successfully

2023-10-16 14:18:45 - [TEST_STEP][PASSED] - verifyElementPropertyValue(getResponse, "offers[13].groups[0].pricingPlans[0].visualElements[1].value", "Ø§Ø­ØµÙ Ø¹ÙÙ Ø®ØµÙ 50%"): Verify element property value successfully

2023-10-16 14:18:45 - [MESSAGE][PASSED] - Verify element property value successfully

2023-10-16 14:18:45 - [TEST_STEP][PASSED] - verifyElementPropertyValue(getResponse, "offers[13].groups[0].pricingPlans[0].visualElements[3].key", "deduction_text"): Verify element property value successfully

2023-10-16 14:18:45 - [MESSAGE][PASSED] - Verify element property value successfully

2023-10-16 14:18:45 - [TEST_STEP][PASSED] - verifyElementPropertyValue(getResponse, "offers[13].groups[0].pricingPlans[0].visualElements[3].value", "ØªØ¯ÙØ¹ Ø´ÙØ±ÙØ§Ù"): Verify element property value successfully

2023-10-16 14:18:45 - [MESSAGE][PASSED] - Verify element property value successfully

2023-10-16 14:18:45 - [TEST_STEP][PASSED] - verifyElementPropertyValue(getResponse, "offers[13].groups[0].pricingPlans[0].visualElements[6].key", "show_payment_logo"): Verify element property value successfully

2023-10-16 14:18:45 - [MESSAGE][PASSED] - Verify element property value successfully

2023-10-16 14:18:45 - [TEST_STEP][PASSED] - verifyElementPropertyValue(getResponse, "offers[13].groups[0].pricingPlans[0].visualElements[6].value", "true"): Verify element property value successfully

2023-10-16 14:18:45 - [MESSAGE][PASSED] - Verify element property value successfully

2023-10-16 14:18:45 - [TEST_STEP][PASSED] - verifyElementPropertyValue(getResponse, "offers[13].groups[0].pricingPlans[0].visualElements[8].key", "price"): Verify element property value successfully

2023-10-16 14:18:45 - [MESSAGE][PASSED] - Verify element property value successfully

2023-10-16 14:18:45 - [TEST_STEP][PASSED] - verifyElementPropertyValue(getResponse, "offers[13].groups[0].pricingPlans[0].visualElements[8].value", "34"): Verify element property value successfully

2023-10-16 14:18:45 - [MESSAGE][PASSED] - Verify element property value successfully

2023-10-16 14:18:45 - [TEST_STEP][PASSED] - verifyElementPropertyValue(getResponse, "offers[13].groups[0].pricingPlans[0].visualElements[9].key", "currency"): Verify element property value successfully

2023-10-16 14:18:45 - [MESSAGE][PASSED] - Verify element property value successfully

2023-10-16 14:18:45 - [TEST_STEP][PASSED] - verifyElementPropertyValue(getResponse, "offers[13].groups[0].pricingPlans[0].visualElements[9].value", "DH"): Verify element property value successfully

2023-10-16 14:18:45 - [MESSAGE][PASSED] - Verify element property value successfully

2023-10-16 14:18:45 - [TEST_STEP][PASSED] - verifyElementPropertyValue(getResponse, "offers[13].groups[0].pricingPlans[0].visualElements[10].key", "duration"): Verify element property value successfully

2023-10-16 14:18:45 - [MESSAGE][PASSED] - Verify element property value successfully

2023-10-16 14:18:45 - [TEST_STEP][PASSED] - verifyElementPropertyValue(getResponse, "offers[13].groups[0].pricingPlans[0].visualElements[10].value", "Ø´ÙØ±ÙØ§Ù"): Verify element property value successfully

2023-10-16 14:18:45 - [MESSAGE][PASSED] - Verify element property value successfully

2023-10-16 14:18:45 - [TEST_STEP][PASSED] - verifyElementPropertyValue(getResponse, "offers[13].groups[0].pricingPlans[0].visualElements[11].key", "featured_tag_text"): Verify element property value successfully

2023-10-16 14:18:45 - [MESSAGE][PASSED] - Verify element property value successfully

2023-10-16 14:18:45 - [TEST_STEP][PASSED] - verifyElementPropertyValue(getResponse, "offers[13].groups[0].pricingPlans[0].visualElements[11].value", "Ø¹Ø±Ø¶ ÙÙØ¯Ø© ÙØ­Ø¯ÙØ¯Ø©"): Verify element property value successfully

2023-10-16 14:18:45 - [MESSAGE][PASSED] - Verify element property value successfully

2023-10-16 14:18:45 - [TEST_STEP][PASSED] - verifyElementPropertyValue(getResponse, "offers[13].groups[0].pricingPlans[0].visualElements[13].key", "tag_text"): Verify element property value successfully

2023-10-16 14:18:45 - [MESSAGE][PASSED] - Verify element property value successfully

2023-10-16 14:18:45 - [TEST_STEP][PASSED] - verifyElementPropertyValue(getResponse, "offers[13].groups[0].pricingPlans[0].visualElements[13].value", "ÙÙØ± 50%"): Verify element property value successfully

2023-10-16 14:18:45 - [MESSAGE][PASSED] - Verify element property value successfully

2023-10-16 14:18:45 - [TEST_STEP][PASSED] - verifyElementPropertyValue(getResponse, "offers[13].groups[0].pricingPlans[0].visualElements[12].key", "show_tag"): Verify element property value successfully

2023-10-16 14:18:45 - [MESSAGE][PASSED] - Verify element property value successfully

2023-10-16 14:18:45 - [TEST_STEP][PASSED] - verifyElementPropertyValue(getResponse, "offers[13].groups[0].pricingPlans[0].visualElements[12].value", "true"): Verify element property value successfully

2023-10-16 14:18:45 - [MESSAGE][PASSED] - Verify element property value successfully

2023-10-16 14:18:45 - [TEST_STEP][PASSED] - verifyElementPropertyValue(getResponse, "offers[13].groups[0].pricingPlans[0].pricingPlanData[0].productId", "MAR_B2C_SHAHID_VIP_SPORT_1M"): Verify element property value successfully

2023-10-16 14:18:45 - [MESSAGE][PASSED] - Verify element property value successfully

2023-10-16 14:18:45 - [TEST_STEP][PASSED] - verifyElementPropertyValue(getResponse, "offers[13].groups[0].pricingPlans[0].pricingPlanData[0].paymentMethod", "CREDIT_CARD"): Verify element property value successfully

2023-10-16 14:18:45 - [MESSAGE][PASSED] - Verify element property value successfully

2023-10-16 14:18:45 - [TEST_STEP][PASSED] - verifyElementPropertyValue(getResponse, "offers[13].groups[0].pricingPlans[0].pricingPlanData[0].freeTrialEnabled", "false"): Verify element property value successfully

2023-10-16 14:18:45 - [MESSAGE][PASSED] - Verify element property value successfully

2023-10-16 14:18:45 - [TEST_STEP][PASSED] - verifyElementPropertyValue(getResponse, "offers[13].groups[0].pricingPlans[0].pricingPlanData[0].showIn[0]", "VERTICAL_MODE"): Verify element property value successfully

2023-10-16 14:18:45 - [MESSAGE][PASSED] - Verify element property value successfully

2023-10-16 14:18:45 - [TEST_STEP][PASSED] - verifyElementPropertyValue(getResponse, "offers[13].groups[0].pricingPlans[0].pricingPlanData[0].showIn[1]", "HORIZONTAL_MODE"): Verify element property value successfully

2023-10-16 14:18:45 - [MESSAGE][PASSED] - Verify element property value successfully

2023-10-16 14:18:45 - [TEST_STEP][PASSED] - verifyElementPropertyValue(getResponse, "offers[13].groups[0].pricingPlans[0].pricingPlanData[0].priceLabel", "34"): Verify element property value successfully

2023-10-16 14:18:45 - [MESSAGE][PASSED] - Verify element property value successfully

2023-10-16 14:18:45 - [TEST_STEP][PASSED] - verifyElementPropertyValue(getResponse, "offers[13].groups[0].pricingPlans[0].pricingPlanData[0].currencyLabel", "DH"): Verify element property value successfully

2023-10-16 14:18:45 - [MESSAGE][PASSED] - Verify element property value successfully

2023-10-16 14:18:45 - [TEST_STEP][PASSED] - verifyElementPropertyValue(getResponse, "offers[13].groups[0].pricingPlans[0].pricingPlanData[0].dealId", "BYG_SPORT_50P_MAR"): Verify element property value successfully

2023-10-16 14:18:45 - [MESSAGE][PASSED] - Verify element property value successfully

2023-10-16 14:18:45 - [TEST_STEP][PASSED] - verifyElementPropertyValue(getResponse, "offers[13].groups[0].pricingPlans[0].pricingPlanData[0].allowedForAcquisition", "true"): Verify element property value successfully

2023-10-16 14:18:45 - [MESSAGE][PASSED] - Verify element property value successfully

2023-10-16 14:18:45 - [TEST_STEP][PASSED] - verifyElementPropertyValue(getResponse, "offers[13].groups[0].pricingPlans[0].pricingPlanData[0].visualElements[0].key", "title"): Verify element property value successfully

2023-10-16 14:18:45 - [MESSAGE][PASSED] - Verify element property value successfully

2023-10-16 14:18:45 - [TEST_STEP][PASSED] - verifyElementPropertyValue(getResponse, "offers[13].groups[0].pricingPlans[0].pricingPlanData[0].visualElements[0].value", "Ø§ÙØ¨Ø·Ø§ÙØ© Ø§ÙÙØµØ±ÙÙØ©"): Verify element property value successfully

2023-10-16 14:18:45 - [MESSAGE][PASSED] - Verify element property value successfully

2023-10-16 14:18:45 - [TEST_STEP][PASSED] - verifyElementPropertyValue(getResponse, "offers[13].groups[0].pricingPlans[0].pricingPlanData[0].visualElements[1].key", "CTA_text"): Verify element property value successfully

2023-10-16 14:18:45 - [MESSAGE][PASSED] - Verify element property value successfully

2023-10-16 14:18:45 - [TEST_STEP][PASSED] - verifyElementPropertyValue(getResponse, "offers[13].groups[0].pricingPlans[0].pricingPlanData[0].visualElements[1].value", "Ø§Ø´ØªØ±Ù"): Verify element property value successfully

2023-10-16 14:18:45 - [MESSAGE][PASSED] - Verify element property value successfully

2023-10-16 14:18:45 - [TEST_STEP][PASSED] - verifyElementPropertyValue(getResponse, "offers[13].groups[0].pricingPlans[0].pricingPlanData[0].visualElements[2].key", "logo"): Verify element property value successfully

2023-10-16 14:18:45 - [MESSAGE][PASSED] - Verify element property value successfully

2023-10-16 14:18:45 - [TEST_STEP][PASSED] - verifyElementPropertyValue(getResponse, "offers[13].groups[0].pricingPlans[0].pricingPlanData[0].visualElements[2].value", "https://static.s3.shahid.mbc.net/widget-images/icons/iconCreditCard.png"): Verify element property value successfully

2023-10-16 14:18:45 - [MESSAGE][PASSED] - Verify element property value successfully]]></system-out>
         <system-err><![CDATA[]]></system-err>
      </testcase>
      <testcase name="Test Cases/WEB - CHROME/MAR PI/WEB_AR_getOffersForMAR_VIP" time="3.95" classname="Test Cases/WEB - CHROME/MAR PI/WEB_AR_getOffersForMAR_VIP" status="PASSED">
         <system-out><![CDATA[2023-10-16 14:18:45 - [TEST_CASE][PASSED] - Test Cases/WEB - CHROME/MAR PI/WEB_AR_getOffersForMAR_VIP: Test Cases/WEB - CHROME/MAR PI/WEB_AR_getOffersForMAR_VIP

2023-10-16 14:18:45 - [TEST_STEP][PASSED] - getResponse = config_files.getConfigFile.getConfig("WEB", "AR", "SHAHID_VIP", "MA", "false"): config_files.getConfigFile.getConfig is PASSED

2023-10-16 14:18:46 - [MESSAGE][INFO] - HAR: /Users/admin/git/shahid-configuration/Reports/20231016_140310/WEB/MAR/20231016_140339/requests/main/5.har

2023-10-16 14:18:46 - [MESSAGE][PASSED] - Send request successfully

2023-10-16 14:18:46 - [MESSAGE][PASSED] - config_files.getConfigFile.getConfig is PASSED

2023-10-16 14:18:46 - [TEST_STEP][PASSED] - verifyResponseStatusCode(getResponse, 200): Verify response status code successfully

2023-10-16 14:18:46 - [MESSAGE][PASSED] - Verify response status code successfully

2023-10-16 14:18:46 - [TEST_STEP][PASSED] - verifyElementPropertyValue(getResponse, "country", "MAR"): Verify element property value successfully

2023-10-16 14:18:46 - [MESSAGE][PASSED] - Verify element property value successfully

2023-10-16 14:18:46 - [TEST_STEP][PASSED] - verifyElementPropertyValue(getResponse, "platform", "[WEB]"): Verify element property value successfully

2023-10-16 14:18:46 - [MESSAGE][PASSED] - Verify element property value successfully

2023-10-16 14:18:46 - [TEST_STEP][PASSED] - verifyElementPropertyValue(getResponse, "offers[0].offerId", "winback-30-offer"): Verify element property value successfully

2023-10-16 14:18:46 - [MESSAGE][PASSED] - Verify element property value successfully

2023-10-16 14:18:46 - [TEST_STEP][PASSED] - verifyElementPropertyValue(getResponse, "offers[0].offerParam", "winback30"): Verify element property value successfully

2023-10-16 14:18:46 - [MESSAGE][PASSED] - Verify element property value successfully

2023-10-16 14:18:46 - [TEST_STEP][PASSED] - verifyElementPropertyValue(getResponse, "offers[0].groups[0].pricingPlans[0].featured", "true"): Verify element property value successfully

2023-10-16 14:18:46 - [MESSAGE][PASSED] - Verify element property value successfully

2023-10-16 14:18:46 - [TEST_STEP][PASSED] - verifyElementPropertyValue(getResponse, "offers[0].groups[0].pricingPlans[0].period", "monthly"): Verify element property value successfully

2023-10-16 14:18:46 - [MESSAGE][PASSED] - Verify element property value successfully

2023-10-16 14:18:46 - [TEST_STEP][PASSED] - verifyElementPropertyValue(getResponse, "offers[0].groups[0].pricingPlans[0].featured", "true"): Verify element property value successfully

2023-10-16 14:18:46 - [MESSAGE][PASSED] - Verify element property value successfully

2023-10-16 14:18:46 - [TEST_STEP][PASSED] - verifyElementPropertyValue(getResponse, "offers[0].groups[0].pricingPlans[0].price", "24.0"): Verify element property value successfully

2023-10-16 14:18:46 - [MESSAGE][PASSED] - Verify element property value successfully

2023-10-16 14:18:46 - [TEST_STEP][PASSED] - verifyElementPropertyValue(getResponse, "offers[0].groups[0].pricingPlans[0].currency", "DH"): Verify element property value successfully

2023-10-16 14:18:46 - [MESSAGE][PASSED] - Verify element property value successfully

2023-10-16 14:18:46 - [TEST_STEP][PASSED] - verifyElementPropertyValue(getResponse, "offers[0].groups[0].pricingPlans[0].order", "0"): Verify element property value successfully

2023-10-16 14:18:46 - [MESSAGE][PASSED] - Verify element property value successfully

2023-10-16 14:18:46 - [TEST_STEP][PASSED] - verifyElementPropertyValue(getResponse, "offers[0].groups[0].pricingPlans[0].packageId", "SHAHID_VIP"): Verify element property value successfully

2023-10-16 14:18:46 - [MESSAGE][PASSED] - Verify element property value successfully

2023-10-16 14:18:46 - [TEST_STEP][PASSED] - verifyElementPropertyValue(getResponse, "offers[0].groups[0].pricingPlans[0].catalogId", "VIP"): Verify element property value successfully

2023-10-16 14:18:46 - [MESSAGE][PASSED] - Verify element property value successfully

2023-10-16 14:18:46 - [TEST_STEP][PASSED] - verifyElementPropertyValue(getResponse, "offers[0].groups[0].pricingPlans[0].visualElements[0].key", "Header_1_text"): Verify element property value successfully

2023-10-16 14:18:46 - [MESSAGE][PASSED] - Verify element property value successfully

2023-10-16 14:18:46 - [TEST_STEP][PASSED] - verifyElementPropertyValue(getResponse, "offers[0].groups[0].pricingPlans[0].visualElements[0].value", "Ø´Ø§ÙØ¯ Ø£ÙÙÙ Ø§ÙÙØ³ÙØ³ÙØ§Øª Ù Ø§ÙØ£ÙÙØ§Ù Ø­ØµØ±ÙØ§Ù Ø¯ÙÙ ØªÙÙÙ"): Verify element property value successfully

2023-10-16 14:18:46 - [MESSAGE][PASSED] - Verify element property value successfully

2023-10-16 14:18:46 - [TEST_STEP][PASSED] - verifyElementPropertyValue(getResponse, "offers[0].groups[0].pricingPlans[0].visualElements[1].key", "display_title"): Verify element property value successfully

2023-10-16 14:18:46 - [MESSAGE][PASSED] - Verify element property value successfully

2023-10-16 14:18:46 - [TEST_STEP][PASSED] - verifyElementPropertyValue(getResponse, "offers[0].groups[0].pricingPlans[0].visualElements[1].value", "Ø§Ø­ØµÙ Ø¹ÙÙ Ø®ØµÙ 30%"): Verify element property value successfully

2023-10-16 14:18:46 - [MESSAGE][PASSED] - Verify element property value successfully

2023-10-16 14:18:46 - [TEST_STEP][PASSED] - verifyElementPropertyValue(getResponse, "offers[0].groups[0].pricingPlans[0].visualElements[3].key", "deduction_text"): Verify element property value successfully

2023-10-16 14:18:46 - [MESSAGE][PASSED] - Verify element property value successfully

2023-10-16 14:18:46 - [TEST_STEP][PASSED] - verifyElementPropertyValue(getResponse, "offers[0].groups[0].pricingPlans[0].visualElements[3].value", "ØªØ¯ÙØ¹ Ø´ÙØ±ÙØ§Ù"): Verify element property value successfully

2023-10-16 14:18:46 - [MESSAGE][PASSED] - Verify element property value successfully

2023-10-16 14:18:46 - [TEST_STEP][PASSED] - verifyElementPropertyValue(getResponse, "offers[0].groups[0].pricingPlans[0].visualElements[6].key", "show_payment_logo"): Verify element property value successfully

2023-10-16 14:18:46 - [MESSAGE][PASSED] - Verify element property value successfully

2023-10-16 14:18:46 - [TEST_STEP][PASSED] - verifyElementPropertyValue(getResponse, "offers[0].groups[0].pricingPlans[0].visualElements[6].value", "true"): Verify element property value successfully

2023-10-16 14:18:46 - [MESSAGE][PASSED] - Verify element property value successfully

2023-10-16 14:18:46 - [TEST_STEP][PASSED] - verifyElementPropertyValue(getResponse, "offers[0].groups[0].pricingPlans[0].visualElements[8].key", "price"): Verify element property value successfully

2023-10-16 14:18:46 - [MESSAGE][PASSED] - Verify element property value successfully

2023-10-16 14:18:46 - [TEST_STEP][PASSED] - verifyElementPropertyValue(getResponse, "offers[0].groups[0].pricingPlans[0].visualElements[8].value", "24"): Verify element property value successfully

2023-10-16 14:18:47 - [MESSAGE][PASSED] - Verify element property value successfully

2023-10-16 14:18:47 - [TEST_STEP][PASSED] - verifyElementPropertyValue(getResponse, "offers[0].groups[0].pricingPlans[0].visualElements[9].key", "currency"): Verify element property value successfully

2023-10-16 14:18:47 - [MESSAGE][PASSED] - Verify element property value successfully

2023-10-16 14:18:47 - [TEST_STEP][PASSED] - verifyElementPropertyValue(getResponse, "offers[0].groups[0].pricingPlans[0].visualElements[9].value", "DH"): Verify element property value successfully

2023-10-16 14:18:47 - [MESSAGE][PASSED] - Verify element property value successfully

2023-10-16 14:18:47 - [TEST_STEP][PASSED] - verifyElementPropertyValue(getResponse, "offers[0].groups[0].pricingPlans[0].visualElements[10].key", "duration"): Verify element property value successfully

2023-10-16 14:18:47 - [MESSAGE][PASSED] - Verify element property value successfully

2023-10-16 14:18:47 - [TEST_STEP][PASSED] - verifyElementPropertyValue(getResponse, "offers[0].groups[0].pricingPlans[0].visualElements[10].value", "Ø´ÙØ±ÙØ§Ù"): Verify element property value successfully

2023-10-16 14:18:47 - [MESSAGE][PASSED] - Verify element property value successfully

2023-10-16 14:18:47 - [TEST_STEP][PASSED] - verifyElementPropertyValue(getResponse, "offers[0].groups[0].pricingPlans[0].visualElements[11].key", "featured_tag_text"): Verify element property value successfully

2023-10-16 14:18:47 - [MESSAGE][PASSED] - Verify element property value successfully

2023-10-16 14:18:47 - [TEST_STEP][PASSED] - verifyElementPropertyValue(getResponse, "offers[0].groups[0].pricingPlans[0].visualElements[11].value", "Ø¹Ø±Ø¶ ÙÙØ¯Ø© ÙØ­Ø¯ÙØ¯Ø©"): Verify element property value successfully

2023-10-16 14:18:47 - [MESSAGE][PASSED] - Verify element property value successfully

2023-10-16 14:18:47 - [TEST_STEP][PASSED] - verifyElementPropertyValue(getResponse, "offers[0].groups[0].pricingPlans[0].visualElements[13].key", "tag_text"): Verify element property value successfully

2023-10-16 14:18:47 - [MESSAGE][PASSED] - Verify element property value successfully

2023-10-16 14:18:47 - [TEST_STEP][PASSED] - verifyElementPropertyValue(getResponse, "offers[0].groups[0].pricingPlans[0].visualElements[13].value", "ÙÙØ± 30%"): Verify element property value successfully

2023-10-16 14:18:47 - [MESSAGE][PASSED] - Verify element property value successfully

2023-10-16 14:18:47 - [TEST_STEP][PASSED] - verifyElementPropertyValue(getResponse, "offers[0].groups[0].pricingPlans[0].visualElements[12].key", "show_tag"): Verify element property value successfully

2023-10-16 14:18:47 - [MESSAGE][PASSED] - Verify element property value successfully

2023-10-16 14:18:47 - [TEST_STEP][PASSED] - verifyElementPropertyValue(getResponse, "offers[0].groups[0].pricingPlans[0].visualElements[12].value", "true"): Verify element property value successfully

2023-10-16 14:18:47 - [MESSAGE][PASSED] - Verify element property value successfully

2023-10-16 14:18:47 - [TEST_STEP][PASSED] - verifyElementPropertyValue(getResponse, "offers[0].groups[0].pricingPlans[0].pricingPlanData[0].productId", "MAR_B2C_SHAHID_VIP_1M"): Verify element property value successfully

2023-10-16 14:18:47 - [MESSAGE][PASSED] - Verify element property value successfully

2023-10-16 14:18:47 - [TEST_STEP][PASSED] - verifyElementPropertyValue(getResponse, "offers[0].groups[0].pricingPlans[0].pricingPlanData[0].paymentMethod", "CREDIT_CARD"): Verify element property value successfully

2023-10-16 14:18:47 - [MESSAGE][PASSED] - Verify element property value successfully

2023-10-16 14:18:47 - [TEST_STEP][PASSED] - verifyElementPropertyValue(getResponse, "offers[0].groups[0].pricingPlans[0].pricingPlanData[0].freeTrialEnabled", "false"): Verify element property value successfully

2023-10-16 14:18:47 - [MESSAGE][PASSED] - Verify element property value successfully

2023-10-16 14:18:47 - [TEST_STEP][PASSED] - verifyElementPropertyValue(getResponse, "offers[0].groups[0].pricingPlans[0].pricingPlanData[0].showIn[0]", "VERTICAL_MODE"): Verify element property value successfully

2023-10-16 14:18:47 - [MESSAGE][PASSED] - Verify element property value successfully

2023-10-16 14:18:47 - [TEST_STEP][PASSED] - verifyElementPropertyValue(getResponse, "offers[0].groups[0].pricingPlans[0].pricingPlanData[0].showIn[1]", "HORIZONTAL_MODE"): Verify element property value successfully

2023-10-16 14:18:47 - [MESSAGE][PASSED] - Verify element property value successfully

2023-10-16 14:18:47 - [TEST_STEP][PASSED] - verifyElementPropertyValue(getResponse, "offers[0].groups[0].pricingPlans[0].pricingPlanData[0].priceLabel", "24"): Verify element property value successfully

2023-10-16 14:18:47 - [MESSAGE][PASSED] - Verify element property value successfully

2023-10-16 14:18:47 - [TEST_STEP][PASSED] - verifyElementPropertyValue(getResponse, "offers[0].groups[0].pricingPlans[0].pricingPlanData[0].currencyLabel", "DH"): Verify element property value successfully

2023-10-16 14:18:47 - [MESSAGE][PASSED] - Verify element property value successfully

2023-10-16 14:18:47 - [TEST_STEP][PASSED] - verifyElementPropertyValue(getResponse, "offers[0].groups[0].pricingPlans[0].pricingPlanData[0].dealId", "RE_30P_MAR"): Verify element property value successfully

2023-10-16 14:18:47 - [MESSAGE][PASSED] - Verify element property value successfully

2023-10-16 14:18:47 - [TEST_STEP][PASSED] - verifyElementPropertyValue(getResponse, "offers[0].groups[0].pricingPlans[0].pricingPlanData[0].allowedForAcquisition", "true"): Verify element property value successfully

2023-10-16 14:18:47 - [MESSAGE][PASSED] - Verify element property value successfully

2023-10-16 14:18:47 - [TEST_STEP][PASSED] - verifyElementPropertyValue(getResponse, "offers[0].groups[0].pricingPlans[0].pricingPlanData[0].visualElements[0].key", "title"): Verify element property value successfully

2023-10-16 14:18:47 - [MESSAGE][PASSED] - Verify element property value successfully

2023-10-16 14:18:47 - [TEST_STEP][PASSED] - verifyElementPropertyValue(getResponse, "offers[0].groups[0].pricingPlans[0].pricingPlanData[0].visualElements[0].value", "Ø§ÙØ¨Ø·Ø§ÙØ© Ø§ÙÙØµØ±ÙÙØ©"): Verify element property value successfully

2023-10-16 14:18:47 - [MESSAGE][PASSED] - Verify element property value successfully

2023-10-16 14:18:47 - [TEST_STEP][PASSED] - verifyElementPropertyValue(getResponse, "offers[0].groups[0].pricingPlans[0].pricingPlanData[0].visualElements[1].key", "CTA_text"): Verify element property value successfully

2023-10-16 14:18:47 - [MESSAGE][PASSED] - Verify element property value successfully

2023-10-16 14:18:47 - [TEST_STEP][PASSED] - verifyElementPropertyValue(getResponse, "offers[0].groups[0].pricingPlans[0].pricingPlanData[0].visualElements[1].value", "Ø§Ø´ØªØ±Ù"): Verify element property value successfully

2023-10-16 14:18:47 - [MESSAGE][PASSED] - Verify element property value successfully

2023-10-16 14:18:47 - [TEST_STEP][PASSED] - verifyElementPropertyValue(getResponse, "offers[0].groups[0].pricingPlans[0].pricingPlanData[0].visualElements[2].key", "logo"): Verify element property value successfully

2023-10-16 14:18:47 - [MESSAGE][PASSED] - Verify element property value successfully

2023-10-16 14:18:47 - [TEST_STEP][PASSED] - verifyElementPropertyValue(getResponse, "offers[0].groups[0].pricingPlans[0].pricingPlanData[0].visualElements[2].value", "https://static.s3.shahid.mbc.net/widget-images/icons/iconCreditCard.png"): Verify element property value successfully

2023-10-16 14:18:47 - [MESSAGE][PASSED] - Verify element property value successfully

2023-10-16 14:18:47 - [TEST_STEP][PASSED] - verifyElementPropertyValue(getResponse, "offers[1].offerId", "winback-40-offer"): Verify element property value successfully

2023-10-16 14:18:47 - [MESSAGE][PASSED] - Verify element property value successfully

2023-10-16 14:18:47 - [TEST_STEP][PASSED] - verifyElementPropertyValue(getResponse, "offers[1].offerParam", "winback40"): Verify element property value successfully

2023-10-16 14:18:47 - [MESSAGE][PASSED] - Verify element property value successfully

2023-10-16 14:18:47 - [TEST_STEP][PASSED] - verifyElementPropertyValue(getResponse, "offers[1].groups[0].pricingPlans[0].featured", "true"): Verify element property value successfully

2023-10-16 14:18:47 - [MESSAGE][PASSED] - Verify element property value successfully

2023-10-16 14:18:47 - [TEST_STEP][PASSED] - verifyElementPropertyValue(getResponse, "offers[1].groups[0].pricingPlans[0].period", "monthly"): Verify element property value successfully

2023-10-16 14:18:47 - [MESSAGE][PASSED] - Verify element property value successfully

2023-10-16 14:18:47 - [TEST_STEP][PASSED] - verifyElementPropertyValue(getResponse, "offers[1].groups[0].pricingPlans[0].featured", "true"): Verify element property value successfully

2023-10-16 14:18:47 - [MESSAGE][PASSED] - Verify element property value successfully

2023-10-16 14:18:47 - [TEST_STEP][PASSED] - verifyElementPropertyValue(getResponse, "offers[1].groups[0].pricingPlans[0].price", "20.0"): Verify element property value successfully

2023-10-16 14:18:47 - [MESSAGE][PASSED] - Verify element property value successfully

2023-10-16 14:18:47 - [TEST_STEP][PASSED] - verifyElementPropertyValue(getResponse, "offers[1].groups[0].pricingPlans[0].currency", "DH"): Verify element property value successfully

2023-10-16 14:18:47 - [MESSAGE][PASSED] - Verify element property value successfully

2023-10-16 14:18:47 - [TEST_STEP][PASSED] - verifyElementPropertyValue(getResponse, "offers[1].groups[0].pricingPlans[0].order", "0"): Verify element property value successfully

2023-10-16 14:18:47 - [MESSAGE][PASSED] - Verify element property value successfully

2023-10-16 14:18:47 - [TEST_STEP][PASSED] - verifyElementPropertyValue(getResponse, "offers[1].groups[0].pricingPlans[0].packageId", "SHAHID_VIP"): Verify element property value successfully

2023-10-16 14:18:47 - [MESSAGE][PASSED] - Verify element property value successfully

2023-10-16 14:18:47 - [TEST_STEP][PASSED] - verifyElementPropertyValue(getResponse, "offers[1].groups[0].pricingPlans[0].catalogId", "VIP"): Verify element property value successfully

2023-10-16 14:18:47 - [MESSAGE][PASSED] - Verify element property value successfully

2023-10-16 14:18:47 - [TEST_STEP][PASSED] - verifyElementPropertyValue(getResponse, "offers[1].groups[0].pricingPlans[0].visualElements[0].key", "Header_1_text"): Verify element property value successfully

2023-10-16 14:18:47 - [MESSAGE][PASSED] - Verify element property value successfully

2023-10-16 14:18:47 - [TEST_STEP][PASSED] - verifyElementPropertyValue(getResponse, "offers[1].groups[0].pricingPlans[0].visualElements[0].value", "Ø´Ø§ÙØ¯ Ø£ÙÙÙ Ø§ÙÙØ³ÙØ³ÙØ§Øª Ù Ø§ÙØ£ÙÙØ§Ù Ø­ØµØ±ÙØ§Ù Ø¯ÙÙ ØªÙÙÙ"): Verify element property value successfully

2023-10-16 14:18:47 - [MESSAGE][PASSED] - Verify element property value successfully

2023-10-16 14:18:47 - [TEST_STEP][PASSED] - verifyElementPropertyValue(getResponse, "offers[1].groups[0].pricingPlans[0].visualElements[1].key", "display_title"): Verify element property value successfully

2023-10-16 14:18:47 - [MESSAGE][PASSED] - Verify element property value successfully

2023-10-16 14:18:47 - [TEST_STEP][PASSED] - verifyElementPropertyValue(getResponse, "offers[1].groups[0].pricingPlans[0].visualElements[1].value", "Ø§Ø­ØµÙ Ø¹ÙÙ Ø®ØµÙ 40%"): Verify element property value successfully

2023-10-16 14:18:47 - [MESSAGE][PASSED] - Verify element property value successfully

2023-10-16 14:18:47 - [TEST_STEP][PASSED] - verifyElementPropertyValue(getResponse, "offers[1].groups[0].pricingPlans[0].visualElements[3].key", "deduction_text"): Verify element property value successfully

2023-10-16 14:18:47 - [MESSAGE][PASSED] - Verify element property value successfully

2023-10-16 14:18:47 - [TEST_STEP][PASSED] - verifyElementPropertyValue(getResponse, "offers[1].groups[0].pricingPlans[0].visualElements[3].value", "ØªØ¯ÙØ¹ Ø´ÙØ±ÙØ§Ù"): Verify element property value successfully

2023-10-16 14:18:47 - [MESSAGE][PASSED] - Verify element property value successfully

2023-10-16 14:18:47 - [TEST_STEP][PASSED] - verifyElementPropertyValue(getResponse, "offers[1].groups[0].pricingPlans[0].visualElements[6].key", "show_payment_logo"): Verify element property value successfully

2023-10-16 14:18:47 - [MESSAGE][PASSED] - Verify element property value successfully

2023-10-16 14:18:47 - [TEST_STEP][PASSED] - verifyElementPropertyValue(getResponse, "offers[1].groups[0].pricingPlans[0].visualElements[6].value", "true"): Verify element property value successfully

2023-10-16 14:18:47 - [MESSAGE][PASSED] - Verify element property value successfully

2023-10-16 14:18:47 - [TEST_STEP][PASSED] - verifyElementPropertyValue(getResponse, "offers[1].groups[0].pricingPlans[0].visualElements[8].key", "price"): Verify element property value successfully

2023-10-16 14:18:47 - [MESSAGE][PASSED] - Verify element property value successfully

2023-10-16 14:18:47 - [TEST_STEP][PASSED] - verifyElementPropertyValue(getResponse, "offers[1].groups[0].pricingPlans[0].visualElements[8].value", "20"): Verify element property value successfully

2023-10-16 14:18:47 - [MESSAGE][PASSED] - Verify element property value successfully

2023-10-16 14:18:47 - [TEST_STEP][PASSED] - verifyElementPropertyValue(getResponse, "offers[1].groups[0].pricingPlans[0].visualElements[9].key", "currency"): Verify element property value successfully

2023-10-16 14:18:47 - [MESSAGE][PASSED] - Verify element property value successfully

2023-10-16 14:18:47 - [TEST_STEP][PASSED] - verifyElementPropertyValue(getResponse, "offers[1].groups[0].pricingPlans[0].visualElements[9].value", "DH"): Verify element property value successfully

2023-10-16 14:18:47 - [MESSAGE][PASSED] - Verify element property value successfully

2023-10-16 14:18:47 - [TEST_STEP][PASSED] - verifyElementPropertyValue(getResponse, "offers[1].groups[0].pricingPlans[0].visualElements[10].key", "duration"): Verify element property value successfully

2023-10-16 14:18:47 - [MESSAGE][PASSED] - Verify element property value successfully

2023-10-16 14:18:47 - [TEST_STEP][PASSED] - verifyElementPropertyValue(getResponse, "offers[1].groups[0].pricingPlans[0].visualElements[10].value", "Ø´ÙØ±ÙØ§Ù"): Verify element property value successfully

2023-10-16 14:18:47 - [MESSAGE][PASSED] - Verify element property value successfully

2023-10-16 14:18:47 - [TEST_STEP][PASSED] - verifyElementPropertyValue(getResponse, "offers[1].groups[0].pricingPlans[0].visualElements[11].key", "featured_tag_text"): Verify element property value successfully

2023-10-16 14:18:47 - [MESSAGE][PASSED] - Verify element property value successfully

2023-10-16 14:18:47 - [TEST_STEP][PASSED] - verifyElementPropertyValue(getResponse, "offers[1].groups[0].pricingPlans[0].visualElements[11].value", "Ø¹Ø±Ø¶ ÙÙØ¯Ø© ÙØ­Ø¯ÙØ¯Ø©"): Verify element property value successfully

2023-10-16 14:18:47 - [MESSAGE][PASSED] - Verify element property value successfully

2023-10-16 14:18:47 - [TEST_STEP][PASSED] - verifyElementPropertyValue(getResponse, "offers[1].groups[0].pricingPlans[0].visualElements[13].key", "tag_text"): Verify element property value successfully

2023-10-16 14:18:47 - [MESSAGE][PASSED] - Verify element property value successfully

2023-10-16 14:18:47 - [TEST_STEP][PASSED] - verifyElementPropertyValue(getResponse, "offers[1].groups[0].pricingPlans[0].visualElements[13].value", "ÙÙØ± 40%"): Verify element property value successfully

2023-10-16 14:18:47 - [MESSAGE][PASSED] - Verify element property value successfully

2023-10-16 14:18:47 - [TEST_STEP][PASSED] - verifyElementPropertyValue(getResponse, "offers[1].groups[0].pricingPlans[0].visualElements[12].key", "show_tag"): Verify element property value successfully

2023-10-16 14:18:47 - [MESSAGE][PASSED] - Verify element property value successfully

2023-10-16 14:18:47 - [TEST_STEP][PASSED] - verifyElementPropertyValue(getResponse, "offers[1].groups[0].pricingPlans[0].visualElements[12].value", "true"): Verify element property value successfully

2023-10-16 14:18:47 - [MESSAGE][PASSED] - Verify element property value successfully

2023-10-16 14:18:47 - [TEST_STEP][PASSED] - verifyElementPropertyValue(getResponse, "offers[1].groups[0].pricingPlans[0].pricingPlanData[0].productId", "MAR_B2C_SHAHID_VIP_1M"): Verify element property value successfully

2023-10-16 14:18:47 - [MESSAGE][PASSED] - Verify element property value successfully

2023-10-16 14:18:47 - [TEST_STEP][PASSED] - verifyElementPropertyValue(getResponse, "offers[1].groups[0].pricingPlans[0].pricingPlanData[0].paymentMethod", "CREDIT_CARD"): Verify element property value successfully

2023-10-16 14:18:47 - [MESSAGE][PASSED] - Verify element property value successfully

2023-10-16 14:18:47 - [TEST_STEP][PASSED] - verifyElementPropertyValue(getResponse, "offers[1].groups[0].pricingPlans[0].pricingPlanData[0].freeTrialEnabled", "false"): Verify element property value successfully

2023-10-16 14:18:47 - [MESSAGE][PASSED] - Verify element property value successfully

2023-10-16 14:18:47 - [TEST_STEP][PASSED] - verifyElementPropertyValue(getResponse, "offers[1].groups[0].pricingPlans[0].pricingPlanData[0].showIn[0]", "VERTICAL_MODE"): Verify element property value successfully

2023-10-16 14:18:47 - [MESSAGE][PASSED] - Verify element property value successfully

2023-10-16 14:18:47 - [TEST_STEP][PASSED] - verifyElementPropertyValue(getResponse, "offers[1].groups[0].pricingPlans[0].pricingPlanData[0].showIn[1]", "HORIZONTAL_MODE"): Verify element property value successfully

2023-10-16 14:18:47 - [MESSAGE][PASSED] - Verify element property value successfully

2023-10-16 14:18:48 - [TEST_STEP][PASSED] - verifyElementPropertyValue(getResponse, "offers[1].groups[0].pricingPlans[0].pricingPlanData[0].priceLabel", "20"): Verify element property value successfully

2023-10-16 14:18:48 - [MESSAGE][PASSED] - Verify element property value successfully

2023-10-16 14:18:48 - [TEST_STEP][PASSED] - verifyElementPropertyValue(getResponse, "offers[1].groups[0].pricingPlans[0].pricingPlanData[0].currencyLabel", "DH"): Verify element property value successfully

2023-10-16 14:18:48 - [MESSAGE][PASSED] - Verify element property value successfully

2023-10-16 14:18:48 - [TEST_STEP][PASSED] - verifyElementPropertyValue(getResponse, "offers[1].groups[0].pricingPlans[0].pricingPlanData[0].dealId", "RE_40P_MAR"): Verify element property value successfully

2023-10-16 14:18:48 - [MESSAGE][PASSED] - Verify element property value successfully

2023-10-16 14:18:48 - [TEST_STEP][PASSED] - verifyElementPropertyValue(getResponse, "offers[1].groups[0].pricingPlans[0].pricingPlanData[0].allowedForAcquisition", "true"): Verify element property value successfully

2023-10-16 14:18:48 - [MESSAGE][PASSED] - Verify element property value successfully

2023-10-16 14:18:48 - [TEST_STEP][PASSED] - verifyElementPropertyValue(getResponse, "offers[1].groups[0].pricingPlans[0].pricingPlanData[0].visualElements[0].key", "title"): Verify element property value successfully

2023-10-16 14:18:48 - [MESSAGE][PASSED] - Verify element property value successfully

2023-10-16 14:18:48 - [TEST_STEP][PASSED] - verifyElementPropertyValue(getResponse, "offers[1].groups[0].pricingPlans[0].pricingPlanData[0].visualElements[0].value", "Ø§ÙØ¨Ø·Ø§ÙØ© Ø§ÙÙØµØ±ÙÙØ©"): Verify element property value successfully

2023-10-16 14:18:48 - [MESSAGE][PASSED] - Verify element property value successfully

2023-10-16 14:18:48 - [TEST_STEP][PASSED] - verifyElementPropertyValue(getResponse, "offers[1].groups[0].pricingPlans[0].pricingPlanData[0].visualElements[1].key", "CTA_text"): Verify element property value successfully

2023-10-16 14:18:48 - [MESSAGE][PASSED] - Verify element property value successfully

2023-10-16 14:18:48 - [TEST_STEP][PASSED] - verifyElementPropertyValue(getResponse, "offers[1].groups[0].pricingPlans[0].pricingPlanData[0].visualElements[1].value", "Ø§Ø´ØªØ±Ù"): Verify element property value successfully

2023-10-16 14:18:48 - [MESSAGE][PASSED] - Verify element property value successfully

2023-10-16 14:18:48 - [TEST_STEP][PASSED] - verifyElementPropertyValue(getResponse, "offers[1].groups[0].pricingPlans[0].pricingPlanData[0].visualElements[2].key", "logo"): Verify element property value successfully

2023-10-16 14:18:48 - [MESSAGE][PASSED] - Verify element property value successfully

2023-10-16 14:18:48 - [TEST_STEP][PASSED] - verifyElementPropertyValue(getResponse, "offers[1].groups[0].pricingPlans[0].pricingPlanData[0].visualElements[2].value", "https://static.s3.shahid.mbc.net/widget-images/icons/iconCreditCard.png"): Verify element property value successfully

2023-10-16 14:18:48 - [MESSAGE][PASSED] - Verify element property value successfully

2023-10-16 14:18:48 - [TEST_STEP][PASSED] - verifyElementPropertyValue(getResponse, "offers[2].offerId", "winback-50-offer"): Verify element property value successfully

2023-10-16 14:18:48 - [MESSAGE][PASSED] - Verify element property value successfully

2023-10-16 14:18:48 - [TEST_STEP][PASSED] - verifyElementPropertyValue(getResponse, "offers[2].offerParam", "winback50"): Verify element property value successfully

2023-10-16 14:18:48 - [MESSAGE][PASSED] - Verify element property value successfully

2023-10-16 14:18:48 - [TEST_STEP][PASSED] - verifyElementPropertyValue(getResponse, "offers[2].groups[0].pricingPlans[0].featured", "true"): Verify element property value successfully

2023-10-16 14:18:48 - [MESSAGE][PASSED] - Verify element property value successfully

2023-10-16 14:18:48 - [TEST_STEP][PASSED] - verifyElementPropertyValue(getResponse, "offers[2].groups[0].pricingPlans[0].period", "monthly"): Verify element property value successfully

2023-10-16 14:18:48 - [MESSAGE][PASSED] - Verify element property value successfully

2023-10-16 14:18:48 - [TEST_STEP][PASSED] - verifyElementPropertyValue(getResponse, "offers[2].groups[0].pricingPlans[0].featured", "true"): Verify element property value successfully

2023-10-16 14:18:48 - [MESSAGE][PASSED] - Verify element property value successfully

2023-10-16 14:18:48 - [TEST_STEP][PASSED] - verifyElementPropertyValue(getResponse, "offers[2].groups[0].pricingPlans[0].price", "17.0"): Verify element property value successfully

2023-10-16 14:18:48 - [MESSAGE][PASSED] - Verify element property value successfully

2023-10-16 14:18:48 - [TEST_STEP][PASSED] - verifyElementPropertyValue(getResponse, "offers[2].groups[0].pricingPlans[0].currency", "DH"): Verify element property value successfully

2023-10-16 14:18:48 - [MESSAGE][PASSED] - Verify element property value successfully

2023-10-16 14:18:48 - [TEST_STEP][PASSED] - verifyElementPropertyValue(getResponse, "offers[2].groups[0].pricingPlans[0].order", "0"): Verify element property value successfully

2023-10-16 14:18:48 - [MESSAGE][PASSED] - Verify element property value successfully

2023-10-16 14:18:48 - [TEST_STEP][PASSED] - verifyElementPropertyValue(getResponse, "offers[2].groups[0].pricingPlans[0].packageId", "SHAHID_VIP"): Verify element property value successfully

2023-10-16 14:18:48 - [MESSAGE][PASSED] - Verify element property value successfully

2023-10-16 14:18:48 - [TEST_STEP][PASSED] - verifyElementPropertyValue(getResponse, "offers[2].groups[0].pricingPlans[0].catalogId", "VIP"): Verify element property value successfully

2023-10-16 14:18:48 - [MESSAGE][PASSED] - Verify element property value successfully

2023-10-16 14:18:48 - [TEST_STEP][PASSED] - verifyElementPropertyValue(getResponse, "offers[2].groups[0].pricingPlans[0].visualElements[0].key", "Header_1_text"): Verify element property value successfully

2023-10-16 14:18:48 - [MESSAGE][PASSED] - Verify element property value successfully

2023-10-16 14:18:48 - [TEST_STEP][PASSED] - verifyElementPropertyValue(getResponse, "offers[2].groups[0].pricingPlans[0].visualElements[0].value", "Ø´Ø§ÙØ¯ Ø£ÙÙÙ Ø§ÙÙØ³ÙØ³ÙØ§Øª Ù Ø§ÙØ£ÙÙØ§Ù Ø­ØµØ±ÙØ§Ù Ø¯ÙÙ ØªÙÙÙ"): Verify element property value successfully

2023-10-16 14:18:48 - [MESSAGE][PASSED] - Verify element property value successfully

2023-10-16 14:18:48 - [TEST_STEP][PASSED] - verifyElementPropertyValue(getResponse, "offers[2].groups[0].pricingPlans[0].visualElements[1].key", "display_title"): Verify element property value successfully

2023-10-16 14:18:48 - [MESSAGE][PASSED] - Verify element property value successfully

2023-10-16 14:18:48 - [TEST_STEP][PASSED] - verifyElementPropertyValue(getResponse, "offers[2].groups[0].pricingPlans[0].visualElements[1].value", "Ø§Ø­ØµÙ Ø¹ÙÙ Ø®ØµÙ 50%"): Verify element property value successfully

2023-10-16 14:18:48 - [MESSAGE][PASSED] - Verify element property value successfully

2023-10-16 14:18:48 - [TEST_STEP][PASSED] - verifyElementPropertyValue(getResponse, "offers[2].groups[0].pricingPlans[0].visualElements[3].key", "deduction_text"): Verify element property value successfully

2023-10-16 14:18:48 - [MESSAGE][PASSED] - Verify element property value successfully

2023-10-16 14:18:48 - [TEST_STEP][PASSED] - verifyElementPropertyValue(getResponse, "offers[2].groups[0].pricingPlans[0].visualElements[3].value", "ØªØ¯ÙØ¹ Ø´ÙØ±ÙØ§Ù"): Verify element property value successfully

2023-10-16 14:18:48 - [MESSAGE][PASSED] - Verify element property value successfully

2023-10-16 14:18:48 - [TEST_STEP][PASSED] - verifyElementPropertyValue(getResponse, "offers[2].groups[0].pricingPlans[0].visualElements[6].key", "show_payment_logo"): Verify element property value successfully

2023-10-16 14:18:48 - [MESSAGE][PASSED] - Verify element property value successfully

2023-10-16 14:18:48 - [TEST_STEP][PASSED] - verifyElementPropertyValue(getResponse, "offers[2].groups[0].pricingPlans[0].visualElements[6].value", "true"): Verify element property value successfully

2023-10-16 14:18:48 - [MESSAGE][PASSED] - Verify element property value successfully

2023-10-16 14:18:48 - [TEST_STEP][PASSED] - verifyElementPropertyValue(getResponse, "offers[2].groups[0].pricingPlans[0].visualElements[8].key", "price"): Verify element property value successfully

2023-10-16 14:18:48 - [MESSAGE][PASSED] - Verify element property value successfully

2023-10-16 14:18:48 - [TEST_STEP][PASSED] - verifyElementPropertyValue(getResponse, "offers[2].groups[0].pricingPlans[0].visualElements[8].value", "17"): Verify element property value successfully

2023-10-16 14:18:48 - [MESSAGE][PASSED] - Verify element property value successfully

2023-10-16 14:18:48 - [TEST_STEP][PASSED] - verifyElementPropertyValue(getResponse, "offers[2].groups[0].pricingPlans[0].visualElements[9].key", "currency"): Verify element property value successfully

2023-10-16 14:18:48 - [MESSAGE][PASSED] - Verify element property value successfully

2023-10-16 14:18:48 - [TEST_STEP][PASSED] - verifyElementPropertyValue(getResponse, "offers[2].groups[0].pricingPlans[0].visualElements[9].value", "DH"): Verify element property value successfully

2023-10-16 14:18:48 - [MESSAGE][PASSED] - Verify element property value successfully

2023-10-16 14:18:48 - [TEST_STEP][PASSED] - verifyElementPropertyValue(getResponse, "offers[2].groups[0].pricingPlans[0].visualElements[10].key", "duration"): Verify element property value successfully

2023-10-16 14:18:48 - [MESSAGE][PASSED] - Verify element property value successfully

2023-10-16 14:18:48 - [TEST_STEP][PASSED] - verifyElementPropertyValue(getResponse, "offers[2].groups[0].pricingPlans[0].visualElements[10].value", "Ø´ÙØ±ÙØ§Ù"): Verify element property value successfully

2023-10-16 14:18:48 - [MESSAGE][PASSED] - Verify element property value successfully

2023-10-16 14:18:48 - [TEST_STEP][PASSED] - verifyElementPropertyValue(getResponse, "offers[2].groups[0].pricingPlans[0].visualElements[11].key", "featured_tag_text"): Verify element property value successfully

2023-10-16 14:18:48 - [MESSAGE][PASSED] - Verify element property value successfully

2023-10-16 14:18:48 - [TEST_STEP][PASSED] - verifyElementPropertyValue(getResponse, "offers[2].groups[0].pricingPlans[0].visualElements[11].value", "Ø¹Ø±Ø¶ ÙÙØ¯Ø© ÙØ­Ø¯ÙØ¯Ø©"): Verify element property value successfully

2023-10-16 14:18:48 - [MESSAGE][PASSED] - Verify element property value successfully

2023-10-16 14:18:48 - [TEST_STEP][PASSED] - verifyElementPropertyValue(getResponse, "offers[2].groups[0].pricingPlans[0].visualElements[13].key", "tag_text"): Verify element property value successfully

2023-10-16 14:18:48 - [MESSAGE][PASSED] - Verify element property value successfully

2023-10-16 14:18:48 - [TEST_STEP][PASSED] - verifyElementPropertyValue(getResponse, "offers[2].groups[0].pricingPlans[0].visualElements[13].value", "ÙÙØ± 50%"): Verify element property value successfully

2023-10-16 14:18:48 - [MESSAGE][PASSED] - Verify element property value successfully

2023-10-16 14:18:48 - [TEST_STEP][PASSED] - verifyElementPropertyValue(getResponse, "offers[2].groups[0].pricingPlans[0].visualElements[12].key", "show_tag"): Verify element property value successfully

2023-10-16 14:18:48 - [MESSAGE][PASSED] - Verify element property value successfully

2023-10-16 14:18:48 - [TEST_STEP][PASSED] - verifyElementPropertyValue(getResponse, "offers[2].groups[0].pricingPlans[0].visualElements[12].value", "true"): Verify element property value successfully

2023-10-16 14:18:48 - [MESSAGE][PASSED] - Verify element property value successfully

2023-10-16 14:18:48 - [TEST_STEP][PASSED] - verifyElementPropertyValue(getResponse, "offers[2].groups[0].pricingPlans[0].pricingPlanData[0].productId", "MAR_B2C_SHAHID_VIP_1M"): Verify element property value successfully

2023-10-16 14:18:48 - [MESSAGE][PASSED] - Verify element property value successfully

2023-10-16 14:18:48 - [TEST_STEP][PASSED] - verifyElementPropertyValue(getResponse, "offers[2].groups[0].pricingPlans[0].pricingPlanData[0].paymentMethod", "CREDIT_CARD"): Verify element property value successfully

2023-10-16 14:18:48 - [MESSAGE][PASSED] - Verify element property value successfully

2023-10-16 14:18:48 - [TEST_STEP][PASSED] - verifyElementPropertyValue(getResponse, "offers[2].groups[0].pricingPlans[0].pricingPlanData[0].freeTrialEnabled", "false"): Verify element property value successfully

2023-10-16 14:18:48 - [MESSAGE][PASSED] - Verify element property value successfully

2023-10-16 14:18:48 - [TEST_STEP][PASSED] - verifyElementPropertyValue(getResponse, "offers[2].groups[0].pricingPlans[0].pricingPlanData[0].showIn[0]", "VERTICAL_MODE"): Verify element property value successfully

2023-10-16 14:18:48 - [MESSAGE][PASSED] - Verify element property value successfully

2023-10-16 14:18:48 - [TEST_STEP][PASSED] - verifyElementPropertyValue(getResponse, "offers[2].groups[0].pricingPlans[0].pricingPlanData[0].showIn[1]", "HORIZONTAL_MODE"): Verify element property value successfully

2023-10-16 14:18:48 - [MESSAGE][PASSED] - Verify element property value successfully

2023-10-16 14:18:48 - [TEST_STEP][PASSED] - verifyElementPropertyValue(getResponse, "offers[2].groups[0].pricingPlans[0].pricingPlanData[0].priceLabel", "17"): Verify element property value successfully

2023-10-16 14:18:48 - [MESSAGE][PASSED] - Verify element property value successfully

2023-10-16 14:18:48 - [TEST_STEP][PASSED] - verifyElementPropertyValue(getResponse, "offers[2].groups[0].pricingPlans[0].pricingPlanData[0].currencyLabel", "DH"): Verify element property value successfully

2023-10-16 14:18:48 - [MESSAGE][PASSED] - Verify element property value successfully

2023-10-16 14:18:48 - [TEST_STEP][PASSED] - verifyElementPropertyValue(getResponse, "offers[2].groups[0].pricingPlans[0].pricingPlanData[0].dealId", "RE_50P_MAR"): Verify element property value successfully

2023-10-16 14:18:48 - [MESSAGE][PASSED] - Verify element property value successfully

2023-10-16 14:18:48 - [TEST_STEP][PASSED] - verifyElementPropertyValue(getResponse, "offers[2].groups[0].pricingPlans[0].pricingPlanData[0].allowedForAcquisition", "true"): Verify element property value successfully

2023-10-16 14:18:48 - [MESSAGE][PASSED] - Verify element property value successfully

2023-10-16 14:18:48 - [TEST_STEP][PASSED] - verifyElementPropertyValue(getResponse, "offers[2].groups[0].pricingPlans[0].pricingPlanData[0].visualElements[0].key", "title"): Verify element property value successfully

2023-10-16 14:18:48 - [MESSAGE][PASSED] - Verify element property value successfully

2023-10-16 14:18:48 - [TEST_STEP][PASSED] - verifyElementPropertyValue(getResponse, "offers[2].groups[0].pricingPlans[0].pricingPlanData[0].visualElements[0].value", "Ø§ÙØ¨Ø·Ø§ÙØ© Ø§ÙÙØµØ±ÙÙØ©"): Verify element property value successfully

2023-10-16 14:18:48 - [MESSAGE][PASSED] - Verify element property value successfully

2023-10-16 14:18:48 - [TEST_STEP][PASSED] - verifyElementPropertyValue(getResponse, "offers[2].groups[0].pricingPlans[0].pricingPlanData[0].visualElements[1].key", "CTA_text"): Verify element property value successfully

2023-10-16 14:18:48 - [MESSAGE][PASSED] - Verify element property value successfully

2023-10-16 14:18:48 - [TEST_STEP][PASSED] - verifyElementPropertyValue(getResponse, "offers[2].groups[0].pricingPlans[0].pricingPlanData[0].visualElements[1].value", "Ø§Ø´ØªØ±Ù"): Verify element property value successfully

2023-10-16 14:18:48 - [MESSAGE][PASSED] - Verify element property value successfully

2023-10-16 14:18:48 - [TEST_STEP][PASSED] - verifyElementPropertyValue(getResponse, "offers[2].groups[0].pricingPlans[0].pricingPlanData[0].visualElements[2].key", "logo"): Verify element property value successfully

2023-10-16 14:18:48 - [MESSAGE][PASSED] - Verify element property value successfully

2023-10-16 14:18:48 - [TEST_STEP][PASSED] - verifyElementPropertyValue(getResponse, "offers[2].groups[0].pricingPlans[0].pricingPlanData[0].visualElements[2].value", "https://static.s3.shahid.mbc.net/widget-images/icons/iconCreditCard.png"): Verify element property value successfully

2023-10-16 14:18:48 - [MESSAGE][PASSED] - Verify element property value successfully

2023-10-16 14:18:48 - [TEST_STEP][PASSED] - verifyElementPropertyValue(getResponse, "offers[8].offerId", "byg-30-offer"): Verify element property value successfully

2023-10-16 14:18:48 - [MESSAGE][PASSED] - Verify element property value successfully

2023-10-16 14:18:48 - [TEST_STEP][PASSED] - verifyElementPropertyValue(getResponse, "offers[8].offerParam", "bygoffer30"): Verify element property value successfully

2023-10-16 14:18:48 - [MESSAGE][PASSED] - Verify element property value successfully

2023-10-16 14:18:48 - [TEST_STEP][PASSED] - verifyElementPropertyValue(getResponse, "offers[8].groups[0].pricingPlans[0].featured", "true"): Verify element property value successfully

2023-10-16 14:18:48 - [MESSAGE][PASSED] - Verify element property value successfully

2023-10-16 14:18:48 - [TEST_STEP][PASSED] - verifyElementPropertyValue(getResponse, "offers[8].groups[0].pricingPlans[0].period", "monthly"): Verify element property value successfully

2023-10-16 14:18:48 - [MESSAGE][PASSED] - Verify element property value successfully

2023-10-16 14:18:48 - [TEST_STEP][PASSED] - verifyElementPropertyValue(getResponse, "offers[8].groups[0].pricingPlans[0].featured", "true"): Verify element property value successfully

2023-10-16 14:18:48 - [MESSAGE][PASSED] - Verify element property value successfully

2023-10-16 14:18:48 - [TEST_STEP][PASSED] - verifyElementPropertyValue(getResponse, "offers[8].groups[0].pricingPlans[0].price", "24.0"): Verify element property value successfully

2023-10-16 14:18:48 - [MESSAGE][PASSED] - Verify element property value successfully

2023-10-16 14:18:48 - [TEST_STEP][PASSED] - verifyElementPropertyValue(getResponse, "offers[8].groups[0].pricingPlans[0].currency", "DH"): Verify element property value successfully

2023-10-16 14:18:48 - [MESSAGE][PASSED] - Verify element property value successfully

2023-10-16 14:18:48 - [TEST_STEP][PASSED] - verifyElementPropertyValue(getResponse, "offers[8].groups[0].pricingPlans[0].order", "0"): Verify element property value successfully

2023-10-16 14:18:48 - [MESSAGE][PASSED] - Verify element property value successfully

2023-10-16 14:18:48 - [TEST_STEP][PASSED] - verifyElementPropertyValue(getResponse, "offers[8].groups[0].pricingPlans[0].packageId", "SHAHID_VIP"): Verify element property value successfully

2023-10-16 14:18:48 - [MESSAGE][PASSED] - Verify element property value successfully

2023-10-16 14:18:48 - [TEST_STEP][PASSED] - verifyElementPropertyValue(getResponse, "offers[8].groups[0].pricingPlans[0].catalogId", "VIP"): Verify element property value successfully

2023-10-16 14:18:48 - [MESSAGE][PASSED] - Verify element property value successfully

2023-10-16 14:18:48 - [TEST_STEP][PASSED] - verifyElementPropertyValue(getResponse, "offers[8].groups[0].pricingPlans[0].visualElements[0].key", "Header_1_text"): Verify element property value successfully

2023-10-16 14:18:48 - [MESSAGE][PASSED] - Verify element property value successfully

2023-10-16 14:18:48 - [TEST_STEP][PASSED] - verifyElementPropertyValue(getResponse, "offers[8].groups[0].pricingPlans[0].visualElements[0].value", "Ø´Ø§ÙØ¯ Ø£ÙÙÙ Ø§ÙÙØ³ÙØ³ÙØ§Øª Ù Ø§ÙØ£ÙÙØ§Ù Ø­ØµØ±ÙØ§Ù Ø¯ÙÙ ØªÙÙÙ"): Verify element property value successfully

2023-10-16 14:18:48 - [MESSAGE][PASSED] - Verify element property value successfully

2023-10-16 14:18:48 - [TEST_STEP][PASSED] - verifyElementPropertyValue(getResponse, "offers[8].groups[0].pricingPlans[0].visualElements[1].key", "display_title"): Verify element property value successfully

2023-10-16 14:18:48 - [MESSAGE][PASSED] - Verify element property value successfully

2023-10-16 14:18:48 - [TEST_STEP][PASSED] - verifyElementPropertyValue(getResponse, "offers[8].groups[0].pricingPlans[0].visualElements[1].value", "Ø§Ø­ØµÙ Ø¹ÙÙ Ø®ØµÙ 30%"): Verify element property value successfully

2023-10-16 14:18:48 - [MESSAGE][PASSED] - Verify element property value successfully

2023-10-16 14:18:48 - [TEST_STEP][PASSED] - verifyElementPropertyValue(getResponse, "offers[8].groups[0].pricingPlans[0].visualElements[3].key", "deduction_text"): Verify element property value successfully

2023-10-16 14:18:48 - [MESSAGE][PASSED] - Verify element property value successfully

2023-10-16 14:18:48 - [TEST_STEP][PASSED] - verifyElementPropertyValue(getResponse, "offers[8].groups[0].pricingPlans[0].visualElements[3].value", "ØªØ¯ÙØ¹ Ø´ÙØ±ÙØ§Ù"): Verify element property value successfully

2023-10-16 14:18:48 - [MESSAGE][PASSED] - Verify element property value successfully

2023-10-16 14:18:48 - [TEST_STEP][PASSED] - verifyElementPropertyValue(getResponse, "offers[8].groups[0].pricingPlans[0].visualElements[6].key", "show_payment_logo"): Verify element property value successfully

2023-10-16 14:18:48 - [MESSAGE][PASSED] - Verify element property value successfully

2023-10-16 14:18:48 - [TEST_STEP][PASSED] - verifyElementPropertyValue(getResponse, "offers[8].groups[0].pricingPlans[0].visualElements[6].value", "true"): Verify element property value successfully

2023-10-16 14:18:48 - [MESSAGE][PASSED] - Verify element property value successfully

2023-10-16 14:18:48 - [TEST_STEP][PASSED] - verifyElementPropertyValue(getResponse, "offers[8].groups[0].pricingPlans[0].visualElements[8].key", "price"): Verify element property value successfully

2023-10-16 14:18:48 - [MESSAGE][PASSED] - Verify element property value successfully

2023-10-16 14:18:48 - [TEST_STEP][PASSED] - verifyElementPropertyValue(getResponse, "offers[8].groups[0].pricingPlans[0].visualElements[8].value", "24"): Verify element property value successfully

2023-10-16 14:18:48 - [MESSAGE][PASSED] - Verify element property value successfully

2023-10-16 14:18:48 - [TEST_STEP][PASSED] - verifyElementPropertyValue(getResponse, "offers[8].groups[0].pricingPlans[0].visualElements[9].key", "currency"): Verify element property value successfully

2023-10-16 14:18:48 - [MESSAGE][PASSED] - Verify element property value successfully

2023-10-16 14:18:48 - [TEST_STEP][PASSED] - verifyElementPropertyValue(getResponse, "offers[8].groups[0].pricingPlans[0].visualElements[9].value", "DH"): Verify element property value successfully

2023-10-16 14:18:48 - [MESSAGE][PASSED] - Verify element property value successfully

2023-10-16 14:18:48 - [TEST_STEP][PASSED] - verifyElementPropertyValue(getResponse, "offers[8].groups[0].pricingPlans[0].visualElements[10].key", "duration"): Verify element property value successfully

2023-10-16 14:18:48 - [MESSAGE][PASSED] - Verify element property value successfully

2023-10-16 14:18:48 - [TEST_STEP][PASSED] - verifyElementPropertyValue(getResponse, "offers[8].groups[0].pricingPlans[0].visualElements[10].value", "Ø´ÙØ±ÙØ§Ù"): Verify element property value successfully

2023-10-16 14:18:48 - [MESSAGE][PASSED] - Verify element property value successfully

2023-10-16 14:18:48 - [TEST_STEP][PASSED] - verifyElementPropertyValue(getResponse, "offers[8].groups[0].pricingPlans[0].visualElements[11].key", "featured_tag_text"): Verify element property value successfully

2023-10-16 14:18:48 - [MESSAGE][PASSED] - Verify element property value successfully

2023-10-16 14:18:48 - [TEST_STEP][PASSED] - verifyElementPropertyValue(getResponse, "offers[8].groups[0].pricingPlans[0].visualElements[11].value", "Ø¹Ø±Ø¶ ÙÙØ¯Ø© ÙØ­Ø¯ÙØ¯Ø©"): Verify element property value successfully

2023-10-16 14:18:48 - [MESSAGE][PASSED] - Verify element property value successfully

2023-10-16 14:18:48 - [TEST_STEP][PASSED] - verifyElementPropertyValue(getResponse, "offers[8].groups[0].pricingPlans[0].visualElements[13].key", "tag_text"): Verify element property value successfully

2023-10-16 14:18:48 - [MESSAGE][PASSED] - Verify element property value successfully

2023-10-16 14:18:48 - [TEST_STEP][PASSED] - verifyElementPropertyValue(getResponse, "offers[8].groups[0].pricingPlans[0].visualElements[13].value", "ÙÙØ± 30%"): Verify element property value successfully

2023-10-16 14:18:48 - [MESSAGE][PASSED] - Verify element property value successfully

2023-10-16 14:18:48 - [TEST_STEP][PASSED] - verifyElementPropertyValue(getResponse, "offers[8].groups[0].pricingPlans[0].visualElements[12].key", "show_tag"): Verify element property value successfully

2023-10-16 14:18:48 - [MESSAGE][PASSED] - Verify element property value successfully

2023-10-16 14:18:48 - [TEST_STEP][PASSED] - verifyElementPropertyValue(getResponse, "offers[8].groups[0].pricingPlans[0].visualElements[12].value", "true"): Verify element property value successfully

2023-10-16 14:18:48 - [MESSAGE][PASSED] - Verify element property value successfully

2023-10-16 14:18:48 - [TEST_STEP][PASSED] - verifyElementPropertyValue(getResponse, "offers[8].groups[0].pricingPlans[0].pricingPlanData[0].productId", "MAR_B2C_SHAHID_VIP_1M"): Verify element property value successfully

2023-10-16 14:18:48 - [MESSAGE][PASSED] - Verify element property value successfully

2023-10-16 14:18:48 - [TEST_STEP][PASSED] - verifyElementPropertyValue(getResponse, "offers[8].groups[0].pricingPlans[0].pricingPlanData[0].paymentMethod", "CREDIT_CARD"): Verify element property value successfully

2023-10-16 14:18:48 - [MESSAGE][PASSED] - Verify element property value successfully

2023-10-16 14:18:48 - [TEST_STEP][PASSED] - verifyElementPropertyValue(getResponse, "offers[8].groups[0].pricingPlans[0].pricingPlanData[0].freeTrialEnabled", "false"): Verify element property value successfully

2023-10-16 14:18:48 - [MESSAGE][PASSED] - Verify element property value successfully

2023-10-16 14:18:48 - [TEST_STEP][PASSED] - verifyElementPropertyValue(getResponse, "offers[8].groups[0].pricingPlans[0].pricingPlanData[0].showIn[0]", "VERTICAL_MODE"): Verify element property value successfully

2023-10-16 14:18:48 - [MESSAGE][PASSED] - Verify element property value successfully

2023-10-16 14:18:48 - [TEST_STEP][PASSED] - verifyElementPropertyValue(getResponse, "offers[8].groups[0].pricingPlans[0].pricingPlanData[0].showIn[1]", "HORIZONTAL_MODE"): Verify element property value successfully

2023-10-16 14:18:48 - [MESSAGE][PASSED] - Verify element property value successfully

2023-10-16 14:18:48 - [TEST_STEP][PASSED] - verifyElementPropertyValue(getResponse, "offers[8].groups[0].pricingPlans[0].pricingPlanData[0].priceLabel", "24"): Verify element property value successfully

2023-10-16 14:18:48 - [MESSAGE][PASSED] - Verify element property value successfully

2023-10-16 14:18:48 - [TEST_STEP][PASSED] - verifyElementPropertyValue(getResponse, "offers[8].groups[0].pricingPlans[0].pricingPlanData[0].currencyLabel", "DH"): Verify element property value successfully

2023-10-16 14:18:48 - [MESSAGE][PASSED] - Verify element property value successfully

2023-10-16 14:18:48 - [TEST_STEP][PASSED] - verifyElementPropertyValue(getResponse, "offers[8].groups[0].pricingPlans[0].pricingPlanData[0].dealId", "BYG_30P_MAR"): Verify element property value successfully

2023-10-16 14:18:48 - [MESSAGE][PASSED] - Verify element property value successfully

2023-10-16 14:18:48 - [TEST_STEP][PASSED] - verifyElementPropertyValue(getResponse, "offers[8].groups[0].pricingPlans[0].pricingPlanData[0].allowedForAcquisition", "true"): Verify element property value successfully

2023-10-16 14:18:48 - [MESSAGE][PASSED] - Verify element property value successfully

2023-10-16 14:18:48 - [TEST_STEP][PASSED] - verifyElementPropertyValue(getResponse, "offers[8].groups[0].pricingPlans[0].pricingPlanData[0].visualElements[0].key", "title"): Verify element property value successfully

2023-10-16 14:18:48 - [MESSAGE][PASSED] - Verify element property value successfully

2023-10-16 14:18:48 - [TEST_STEP][PASSED] - verifyElementPropertyValue(getResponse, "offers[8].groups[0].pricingPlans[0].pricingPlanData[0].visualElements[0].value", "Ø§ÙØ¨Ø·Ø§ÙØ© Ø§ÙÙØµØ±ÙÙØ©"): Verify element property value successfully

2023-10-16 14:18:48 - [MESSAGE][PASSED] - Verify element property value successfully

2023-10-16 14:18:48 - [TEST_STEP][PASSED] - verifyElementPropertyValue(getResponse, "offers[8].groups[0].pricingPlans[0].pricingPlanData[0].visualElements[1].key", "CTA_text"): Verify element property value successfully

2023-10-16 14:18:48 - [MESSAGE][PASSED] - Verify element property value successfully

2023-10-16 14:18:48 - [TEST_STEP][PASSED] - verifyElementPropertyValue(getResponse, "offers[8].groups[0].pricingPlans[0].pricingPlanData[0].visualElements[1].value", "Ø§Ø´ØªØ±Ù"): Verify element property value successfully

2023-10-16 14:18:48 - [MESSAGE][PASSED] - Verify element property value successfully

2023-10-16 14:18:48 - [TEST_STEP][PASSED] - verifyElementPropertyValue(getResponse, "offers[8].groups[0].pricingPlans[0].pricingPlanData[0].visualElements[2].key", "logo"): Verify element property value successfully

2023-10-16 14:18:48 - [MESSAGE][PASSED] - Verify element property value successfully

2023-10-16 14:18:48 - [TEST_STEP][PASSED] - verifyElementPropertyValue(getResponse, "offers[8].groups[0].pricingPlans[0].pricingPlanData[0].visualElements[2].value", "https://static.s3.shahid.mbc.net/widget-images/icons/iconCreditCard.png"): Verify element property value successfully

2023-10-16 14:18:48 - [MESSAGE][PASSED] - Verify element property value successfully

2023-10-16 14:18:48 - [TEST_STEP][PASSED] - verifyElementPropertyValue(getResponse, "offers[9].offerId", "byg-40-offer"): Verify element property value successfully

2023-10-16 14:18:48 - [MESSAGE][PASSED] - Verify element property value successfully

2023-10-16 14:18:48 - [TEST_STEP][PASSED] - verifyElementPropertyValue(getResponse, "offers[9].offerParam", "bygoffer40"): Verify element property value successfully

2023-10-16 14:18:48 - [MESSAGE][PASSED] - Verify element property value successfully

2023-10-16 14:18:48 - [TEST_STEP][PASSED] - verifyElementPropertyValue(getResponse, "offers[9].groups[0].pricingPlans[0].featured", "true"): Verify element property value successfully

2023-10-16 14:18:48 - [MESSAGE][PASSED] - Verify element property value successfully

2023-10-16 14:18:48 - [TEST_STEP][PASSED] - verifyElementPropertyValue(getResponse, "offers[9].groups[0].pricingPlans[0].period", "monthly"): Verify element property value successfully

2023-10-16 14:18:48 - [MESSAGE][PASSED] - Verify element property value successfully

2023-10-16 14:18:48 - [TEST_STEP][PASSED] - verifyElementPropertyValue(getResponse, "offers[9].groups[0].pricingPlans[0].featured", "true"): Verify element property value successfully

2023-10-16 14:18:48 - [MESSAGE][PASSED] - Verify element property value successfully

2023-10-16 14:18:48 - [TEST_STEP][PASSED] - verifyElementPropertyValue(getResponse, "offers[9].groups[0].pricingPlans[0].price", "20.0"): Verify element property value successfully

2023-10-16 14:18:48 - [MESSAGE][PASSED] - Verify element property value successfully

2023-10-16 14:18:48 - [TEST_STEP][PASSED] - verifyElementPropertyValue(getResponse, "offers[9].groups[0].pricingPlans[0].currency", "DH"): Verify element property value successfully

2023-10-16 14:18:48 - [MESSAGE][PASSED] - Verify element property value successfully

2023-10-16 14:18:48 - [TEST_STEP][PASSED] - verifyElementPropertyValue(getResponse, "offers[9].groups[0].pricingPlans[0].order", "0"): Verify element property value successfully

2023-10-16 14:18:48 - [MESSAGE][PASSED] - Verify element property value successfully

2023-10-16 14:18:48 - [TEST_STEP][PASSED] - verifyElementPropertyValue(getResponse, "offers[9].groups[0].pricingPlans[0].packageId", "SHAHID_VIP"): Verify element property value successfully

2023-10-16 14:18:49 - [MESSAGE][PASSED] - Verify element property value successfully

2023-10-16 14:18:49 - [TEST_STEP][PASSED] - verifyElementPropertyValue(getResponse, "offers[9].groups[0].pricingPlans[0].catalogId", "VIP"): Verify element property value successfully

2023-10-16 14:18:49 - [MESSAGE][PASSED] - Verify element property value successfully

2023-10-16 14:18:49 - [TEST_STEP][PASSED] - verifyElementPropertyValue(getResponse, "offers[9].groups[0].pricingPlans[0].visualElements[0].key", "Header_1_text"): Verify element property value successfully

2023-10-16 14:18:49 - [MESSAGE][PASSED] - Verify element property value successfully

2023-10-16 14:18:49 - [TEST_STEP][PASSED] - verifyElementPropertyValue(getResponse, "offers[9].groups[0].pricingPlans[0].visualElements[0].value", "Ø´Ø§ÙØ¯ Ø£ÙÙÙ Ø§ÙÙØ³ÙØ³ÙØ§Øª Ù Ø§ÙØ£ÙÙØ§Ù Ø­ØµØ±ÙØ§Ù Ø¯ÙÙ ØªÙÙÙ"): Verify element property value successfully

2023-10-16 14:18:49 - [MESSAGE][PASSED] - Verify element property value successfully

2023-10-16 14:18:49 - [TEST_STEP][PASSED] - verifyElementPropertyValue(getResponse, "offers[9].groups[0].pricingPlans[0].visualElements[1].key", "display_title"): Verify element property value successfully

2023-10-16 14:18:49 - [MESSAGE][PASSED] - Verify element property value successfully

2023-10-16 14:18:49 - [TEST_STEP][PASSED] - verifyElementPropertyValue(getResponse, "offers[9].groups[0].pricingPlans[0].visualElements[1].value", "Ø§Ø­ØµÙ Ø¹ÙÙ Ø®ØµÙ 40%"): Verify element property value successfully

2023-10-16 14:18:49 - [MESSAGE][PASSED] - Verify element property value successfully

2023-10-16 14:18:49 - [TEST_STEP][PASSED] - verifyElementPropertyValue(getResponse, "offers[9].groups[0].pricingPlans[0].visualElements[3].key", "deduction_text"): Verify element property value successfully

2023-10-16 14:18:49 - [MESSAGE][PASSED] - Verify element property value successfully

2023-10-16 14:18:49 - [TEST_STEP][PASSED] - verifyElementPropertyValue(getResponse, "offers[9].groups[0].pricingPlans[0].visualElements[3].value", "ØªØ¯ÙØ¹ Ø´ÙØ±ÙØ§Ù"): Verify element property value successfully

2023-10-16 14:18:49 - [MESSAGE][PASSED] - Verify element property value successfully

2023-10-16 14:18:49 - [TEST_STEP][PASSED] - verifyElementPropertyValue(getResponse, "offers[9].groups[0].pricingPlans[0].visualElements[6].key", "show_payment_logo"): Verify element property value successfully

2023-10-16 14:18:49 - [MESSAGE][PASSED] - Verify element property value successfully

2023-10-16 14:18:49 - [TEST_STEP][PASSED] - verifyElementPropertyValue(getResponse, "offers[9].groups[0].pricingPlans[0].visualElements[6].value", "true"): Verify element property value successfully

2023-10-16 14:18:49 - [MESSAGE][PASSED] - Verify element property value successfully

2023-10-16 14:18:49 - [TEST_STEP][PASSED] - verifyElementPropertyValue(getResponse, "offers[9].groups[0].pricingPlans[0].visualElements[8].key", "price"): Verify element property value successfully

2023-10-16 14:18:49 - [MESSAGE][PASSED] - Verify element property value successfully

2023-10-16 14:18:49 - [TEST_STEP][PASSED] - verifyElementPropertyValue(getResponse, "offers[9].groups[0].pricingPlans[0].visualElements[8].value", "20"): Verify element property value successfully

2023-10-16 14:18:49 - [MESSAGE][PASSED] - Verify element property value successfully

2023-10-16 14:18:49 - [TEST_STEP][PASSED] - verifyElementPropertyValue(getResponse, "offers[9].groups[0].pricingPlans[0].visualElements[9].key", "currency"): Verify element property value successfully

2023-10-16 14:18:49 - [MESSAGE][PASSED] - Verify element property value successfully

2023-10-16 14:18:49 - [TEST_STEP][PASSED] - verifyElementPropertyValue(getResponse, "offers[9].groups[0].pricingPlans[0].visualElements[9].value", "DH"): Verify element property value successfully

2023-10-16 14:18:49 - [MESSAGE][PASSED] - Verify element property value successfully

2023-10-16 14:18:49 - [TEST_STEP][PASSED] - verifyElementPropertyValue(getResponse, "offers[9].groups[0].pricingPlans[0].visualElements[10].key", "duration"): Verify element property value successfully

2023-10-16 14:18:49 - [MESSAGE][PASSED] - Verify element property value successfully

2023-10-16 14:18:49 - [TEST_STEP][PASSED] - verifyElementPropertyValue(getResponse, "offers[9].groups[0].pricingPlans[0].visualElements[10].value", "Ø´ÙØ±ÙØ§Ù"): Verify element property value successfully

2023-10-16 14:18:49 - [MESSAGE][PASSED] - Verify element property value successfully

2023-10-16 14:18:49 - [TEST_STEP][PASSED] - verifyElementPropertyValue(getResponse, "offers[9].groups[0].pricingPlans[0].visualElements[11].key", "featured_tag_text"): Verify element property value successfully

2023-10-16 14:18:49 - [MESSAGE][PASSED] - Verify element property value successfully

2023-10-16 14:18:49 - [TEST_STEP][PASSED] - verifyElementPropertyValue(getResponse, "offers[9].groups[0].pricingPlans[0].visualElements[11].value", "Ø¹Ø±Ø¶ ÙÙØ¯Ø© ÙØ­Ø¯ÙØ¯Ø©"): Verify element property value successfully

2023-10-16 14:18:49 - [MESSAGE][PASSED] - Verify element property value successfully

2023-10-16 14:18:49 - [TEST_STEP][PASSED] - verifyElementPropertyValue(getResponse, "offers[9].groups[0].pricingPlans[0].visualElements[13].key", "tag_text"): Verify element property value successfully

2023-10-16 14:18:49 - [MESSAGE][PASSED] - Verify element property value successfully

2023-10-16 14:18:49 - [TEST_STEP][PASSED] - verifyElementPropertyValue(getResponse, "offers[9].groups[0].pricingPlans[0].visualElements[13].value", "ÙÙØ± 40%"): Verify element property value successfully

2023-10-16 14:18:49 - [MESSAGE][PASSED] - Verify element property value successfully

2023-10-16 14:18:49 - [TEST_STEP][PASSED] - verifyElementPropertyValue(getResponse, "offers[9].groups[0].pricingPlans[0].visualElements[12].key", "show_tag"): Verify element property value successfully

2023-10-16 14:18:49 - [MESSAGE][PASSED] - Verify element property value successfully

2023-10-16 14:18:49 - [TEST_STEP][PASSED] - verifyElementPropertyValue(getResponse, "offers[9].groups[0].pricingPlans[0].visualElements[12].value", "true"): Verify element property value successfully

2023-10-16 14:18:49 - [MESSAGE][PASSED] - Verify element property value successfully

2023-10-16 14:18:49 - [TEST_STEP][PASSED] - verifyElementPropertyValue(getResponse, "offers[9].groups[0].pricingPlans[0].pricingPlanData[0].productId", "MAR_B2C_SHAHID_VIP_1M"): Verify element property value successfully

2023-10-16 14:18:49 - [MESSAGE][PASSED] - Verify element property value successfully

2023-10-16 14:18:49 - [TEST_STEP][PASSED] - verifyElementPropertyValue(getResponse, "offers[9].groups[0].pricingPlans[0].pricingPlanData[0].paymentMethod", "CREDIT_CARD"): Verify element property value successfully

2023-10-16 14:18:49 - [MESSAGE][PASSED] - Verify element property value successfully

2023-10-16 14:18:49 - [TEST_STEP][PASSED] - verifyElementPropertyValue(getResponse, "offers[9].groups[0].pricingPlans[0].pricingPlanData[0].freeTrialEnabled", "false"): Verify element property value successfully

2023-10-16 14:18:49 - [MESSAGE][PASSED] - Verify element property value successfully

2023-10-16 14:18:49 - [TEST_STEP][PASSED] - verifyElementPropertyValue(getResponse, "offers[9].groups[0].pricingPlans[0].pricingPlanData[0].showIn[0]", "VERTICAL_MODE"): Verify element property value successfully

2023-10-16 14:18:49 - [MESSAGE][PASSED] - Verify element property value successfully

2023-10-16 14:18:49 - [TEST_STEP][PASSED] - verifyElementPropertyValue(getResponse, "offers[9].groups[0].pricingPlans[0].pricingPlanData[0].showIn[1]", "HORIZONTAL_MODE"): Verify element property value successfully

2023-10-16 14:18:49 - [MESSAGE][PASSED] - Verify element property value successfully

2023-10-16 14:18:49 - [TEST_STEP][PASSED] - verifyElementPropertyValue(getResponse, "offers[9].groups[0].pricingPlans[0].pricingPlanData[0].priceLabel", "20"): Verify element property value successfully

2023-10-16 14:18:49 - [MESSAGE][PASSED] - Verify element property value successfully

2023-10-16 14:18:49 - [TEST_STEP][PASSED] - verifyElementPropertyValue(getResponse, "offers[9].groups[0].pricingPlans[0].pricingPlanData[0].currencyLabel", "DH"): Verify element property value successfully

2023-10-16 14:18:49 - [MESSAGE][PASSED] - Verify element property value successfully

2023-10-16 14:18:49 - [TEST_STEP][PASSED] - verifyElementPropertyValue(getResponse, "offers[9].groups[0].pricingPlans[0].pricingPlanData[0].dealId", "BYG_40P_MAR"): Verify element property value successfully

2023-10-16 14:18:49 - [MESSAGE][PASSED] - Verify element property value successfully

2023-10-16 14:18:49 - [TEST_STEP][PASSED] - verifyElementPropertyValue(getResponse, "offers[9].groups[0].pricingPlans[0].pricingPlanData[0].allowedForAcquisition", "true"): Verify element property value successfully

2023-10-16 14:18:49 - [MESSAGE][PASSED] - Verify element property value successfully

2023-10-16 14:18:49 - [TEST_STEP][PASSED] - verifyElementPropertyValue(getResponse, "offers[9].groups[0].pricingPlans[0].pricingPlanData[0].visualElements[0].key", "title"): Verify element property value successfully

2023-10-16 14:18:49 - [MESSAGE][PASSED] - Verify element property value successfully

2023-10-16 14:18:49 - [TEST_STEP][PASSED] - verifyElementPropertyValue(getResponse, "offers[9].groups[0].pricingPlans[0].pricingPlanData[0].visualElements[0].value", "Ø§ÙØ¨Ø·Ø§ÙØ© Ø§ÙÙØµØ±ÙÙØ©"): Verify element property value successfully

2023-10-16 14:18:49 - [MESSAGE][PASSED] - Verify element property value successfully

2023-10-16 14:18:49 - [TEST_STEP][PASSED] - verifyElementPropertyValue(getResponse, "offers[9].groups[0].pricingPlans[0].pricingPlanData[0].visualElements[1].key", "CTA_text"): Verify element property value successfully

2023-10-16 14:18:49 - [MESSAGE][PASSED] - Verify element property value successfully

2023-10-16 14:18:49 - [TEST_STEP][PASSED] - verifyElementPropertyValue(getResponse, "offers[9].groups[0].pricingPlans[0].pricingPlanData[0].visualElements[1].value", "Ø§Ø´ØªØ±Ù"): Verify element property value successfully

2023-10-16 14:18:49 - [MESSAGE][PASSED] - Verify element property value successfully

2023-10-16 14:18:49 - [TEST_STEP][PASSED] - verifyElementPropertyValue(getResponse, "offers[9].groups[0].pricingPlans[0].pricingPlanData[0].visualElements[2].key", "logo"): Verify element property value successfully

2023-10-16 14:18:49 - [MESSAGE][PASSED] - Verify element property value successfully

2023-10-16 14:18:49 - [TEST_STEP][PASSED] - verifyElementPropertyValue(getResponse, "offers[9].groups[0].pricingPlans[0].pricingPlanData[0].visualElements[2].value", "https://static.s3.shahid.mbc.net/widget-images/icons/iconCreditCard.png"): Verify element property value successfully

2023-10-16 14:18:49 - [MESSAGE][PASSED] - Verify element property value successfully

2023-10-16 14:18:49 - [TEST_STEP][PASSED] - verifyElementPropertyValue(getResponse, "offers[10].offerId", "byg-50-offer"): Verify element property value successfully

2023-10-16 14:18:49 - [MESSAGE][PASSED] - Verify element property value successfully

2023-10-16 14:18:49 - [TEST_STEP][PASSED] - verifyElementPropertyValue(getResponse, "offers[10].offerParam", "bygoffer50"): Verify element property value successfully

2023-10-16 14:18:49 - [MESSAGE][PASSED] - Verify element property value successfully

2023-10-16 14:18:49 - [TEST_STEP][PASSED] - verifyElementPropertyValue(getResponse, "offers[10].groups[0].pricingPlans[0].featured", "true"): Verify element property value successfully

2023-10-16 14:18:49 - [MESSAGE][PASSED] - Verify element property value successfully

2023-10-16 14:18:49 - [TEST_STEP][PASSED] - verifyElementPropertyValue(getResponse, "offers[10].groups[0].pricingPlans[0].period", "monthly"): Verify element property value successfully

2023-10-16 14:18:49 - [MESSAGE][PASSED] - Verify element property value successfully

2023-10-16 14:18:49 - [TEST_STEP][PASSED] - verifyElementPropertyValue(getResponse, "offers[10].groups[0].pricingPlans[0].featured", "true"): Verify element property value successfully

2023-10-16 14:18:49 - [MESSAGE][PASSED] - Verify element property value successfully

2023-10-16 14:18:49 - [TEST_STEP][PASSED] - verifyElementPropertyValue(getResponse, "offers[10].groups[0].pricingPlans[0].price", "17.0"): Verify element property value successfully

2023-10-16 14:18:49 - [MESSAGE][PASSED] - Verify element property value successfully

2023-10-16 14:18:49 - [TEST_STEP][PASSED] - verifyElementPropertyValue(getResponse, "offers[10].groups[0].pricingPlans[0].currency", "DH"): Verify element property value successfully

2023-10-16 14:18:49 - [MESSAGE][PASSED] - Verify element property value successfully

2023-10-16 14:18:49 - [TEST_STEP][PASSED] - verifyElementPropertyValue(getResponse, "offers[10].groups[0].pricingPlans[0].order", "0"): Verify element property value successfully

2023-10-16 14:18:49 - [MESSAGE][PASSED] - Verify element property value successfully

2023-10-16 14:18:49 - [TEST_STEP][PASSED] - verifyElementPropertyValue(getResponse, "offers[10].groups[0].pricingPlans[0].packageId", "SHAHID_VIP"): Verify element property value successfully

2023-10-16 14:18:49 - [MESSAGE][PASSED] - Verify element property value successfully

2023-10-16 14:18:49 - [TEST_STEP][PASSED] - verifyElementPropertyValue(getResponse, "offers[10].groups[0].pricingPlans[0].catalogId", "VIP"): Verify element property value successfully

2023-10-16 14:18:49 - [MESSAGE][PASSED] - Verify element property value successfully

2023-10-16 14:18:49 - [TEST_STEP][PASSED] - verifyElementPropertyValue(getResponse, "offers[10].groups[0].pricingPlans[0].visualElements[0].key", "Header_1_text"): Verify element property value successfully

2023-10-16 14:18:49 - [MESSAGE][PASSED] - Verify element property value successfully

2023-10-16 14:18:49 - [TEST_STEP][PASSED] - verifyElementPropertyValue(getResponse, "offers[10].groups[0].pricingPlans[0].visualElements[0].value", "Ø´Ø§ÙØ¯ Ø£ÙÙÙ Ø§ÙÙØ³ÙØ³ÙØ§Øª Ù Ø§ÙØ£ÙÙØ§Ù Ø­ØµØ±ÙØ§Ù Ø¯ÙÙ ØªÙÙÙ"): Verify element property value successfully

2023-10-16 14:18:49 - [MESSAGE][PASSED] - Verify element property value successfully

2023-10-16 14:18:49 - [TEST_STEP][PASSED] - verifyElementPropertyValue(getResponse, "offers[10].groups[0].pricingPlans[0].visualElements[1].key", "display_title"): Verify element property value successfully

2023-10-16 14:18:49 - [MESSAGE][PASSED] - Verify element property value successfully

2023-10-16 14:18:49 - [TEST_STEP][PASSED] - verifyElementPropertyValue(getResponse, "offers[10].groups[0].pricingPlans[0].visualElements[1].value", "Ø§Ø­ØµÙ Ø¹ÙÙ Ø®ØµÙ 50%"): Verify element property value successfully

2023-10-16 14:18:49 - [MESSAGE][PASSED] - Verify element property value successfully

2023-10-16 14:18:49 - [TEST_STEP][PASSED] - verifyElementPropertyValue(getResponse, "offers[10].groups[0].pricingPlans[0].visualElements[3].key", "deduction_text"): Verify element property value successfully

2023-10-16 14:18:49 - [MESSAGE][PASSED] - Verify element property value successfully

2023-10-16 14:18:49 - [TEST_STEP][PASSED] - verifyElementPropertyValue(getResponse, "offers[10].groups[0].pricingPlans[0].visualElements[3].value", "ØªØ¯ÙØ¹ Ø´ÙØ±ÙØ§Ù"): Verify element property value successfully

2023-10-16 14:18:49 - [MESSAGE][PASSED] - Verify element property value successfully

2023-10-16 14:18:49 - [TEST_STEP][PASSED] - verifyElementPropertyValue(getResponse, "offers[10].groups[0].pricingPlans[0].visualElements[6].key", "show_payment_logo"): Verify element property value successfully

2023-10-16 14:18:49 - [MESSAGE][PASSED] - Verify element property value successfully

2023-10-16 14:18:49 - [TEST_STEP][PASSED] - verifyElementPropertyValue(getResponse, "offers[10].groups[0].pricingPlans[0].visualElements[6].value", "true"): Verify element property value successfully

2023-10-16 14:18:49 - [MESSAGE][PASSED] - Verify element property value successfully

2023-10-16 14:18:49 - [TEST_STEP][PASSED] - verifyElementPropertyValue(getResponse, "offers[10].groups[0].pricingPlans[0].visualElements[8].key", "price"): Verify element property value successfully

2023-10-16 14:18:49 - [MESSAGE][PASSED] - Verify element property value successfully

2023-10-16 14:18:49 - [TEST_STEP][PASSED] - verifyElementPropertyValue(getResponse, "offers[10].groups[0].pricingPlans[0].visualElements[8].value", "17"): Verify element property value successfully

2023-10-16 14:18:49 - [MESSAGE][PASSED] - Verify element property value successfully

2023-10-16 14:18:49 - [TEST_STEP][PASSED] - verifyElementPropertyValue(getResponse, "offers[10].groups[0].pricingPlans[0].visualElements[9].key", "currency"): Verify element property value successfully

2023-10-16 14:18:49 - [MESSAGE][PASSED] - Verify element property value successfully

2023-10-16 14:18:49 - [TEST_STEP][PASSED] - verifyElementPropertyValue(getResponse, "offers[10].groups[0].pricingPlans[0].visualElements[9].value", "DH"): Verify element property value successfully

2023-10-16 14:18:49 - [MESSAGE][PASSED] - Verify element property value successfully

2023-10-16 14:18:49 - [TEST_STEP][PASSED] - verifyElementPropertyValue(getResponse, "offers[10].groups[0].pricingPlans[0].visualElements[10].key", "duration"): Verify element property value successfully

2023-10-16 14:18:49 - [MESSAGE][PASSED] - Verify element property value successfully

2023-10-16 14:18:49 - [TEST_STEP][PASSED] - verifyElementPropertyValue(getResponse, "offers[10].groups[0].pricingPlans[0].visualElements[10].value", "Ø´ÙØ±ÙØ§Ù"): Verify element property value successfully

2023-10-16 14:18:49 - [MESSAGE][PASSED] - Verify element property value successfully

2023-10-16 14:18:49 - [TEST_STEP][PASSED] - verifyElementPropertyValue(getResponse, "offers[10].groups[0].pricingPlans[0].visualElements[11].key", "featured_tag_text"): Verify element property value successfully

2023-10-16 14:18:49 - [MESSAGE][PASSED] - Verify element property value successfully

2023-10-16 14:18:49 - [TEST_STEP][PASSED] - verifyElementPropertyValue(getResponse, "offers[10].groups[0].pricingPlans[0].visualElements[11].value", "Ø¹Ø±Ø¶ ÙÙØ¯Ø© ÙØ­Ø¯ÙØ¯Ø©"): Verify element property value successfully

2023-10-16 14:18:49 - [MESSAGE][PASSED] - Verify element property value successfully

2023-10-16 14:18:49 - [TEST_STEP][PASSED] - verifyElementPropertyValue(getResponse, "offers[10].groups[0].pricingPlans[0].visualElements[13].key", "tag_text"): Verify element property value successfully

2023-10-16 14:18:49 - [MESSAGE][PASSED] - Verify element property value successfully

2023-10-16 14:18:49 - [TEST_STEP][PASSED] - verifyElementPropertyValue(getResponse, "offers[10].groups[0].pricingPlans[0].visualElements[13].value", "ÙÙØ± 50%"): Verify element property value successfully

2023-10-16 14:18:49 - [MESSAGE][PASSED] - Verify element property value successfully

2023-10-16 14:18:49 - [TEST_STEP][PASSED] - verifyElementPropertyValue(getResponse, "offers[10].groups[0].pricingPlans[0].visualElements[12].key", "show_tag"): Verify element property value successfully

2023-10-16 14:18:49 - [MESSAGE][PASSED] - Verify element property value successfully

2023-10-16 14:18:49 - [TEST_STEP][PASSED] - verifyElementPropertyValue(getResponse, "offers[10].groups[0].pricingPlans[0].visualElements[12].value", "true"): Verify element property value successfully

2023-10-16 14:18:49 - [MESSAGE][PASSED] - Verify element property value successfully

2023-10-16 14:18:49 - [TEST_STEP][PASSED] - verifyElementPropertyValue(getResponse, "offers[10].groups[0].pricingPlans[0].pricingPlanData[0].productId", "MAR_B2C_SHAHID_VIP_1M"): Verify element property value successfully

2023-10-16 14:18:49 - [MESSAGE][PASSED] - Verify element property value successfully

2023-10-16 14:18:49 - [TEST_STEP][PASSED] - verifyElementPropertyValue(getResponse, "offers[10].groups[0].pricingPlans[0].pricingPlanData[0].paymentMethod", "CREDIT_CARD"): Verify element property value successfully

2023-10-16 14:18:49 - [MESSAGE][PASSED] - Verify element property value successfully

2023-10-16 14:18:49 - [TEST_STEP][PASSED] - verifyElementPropertyValue(getResponse, "offers[10].groups[0].pricingPlans[0].pricingPlanData[0].freeTrialEnabled", "false"): Verify element property value successfully

2023-10-16 14:18:49 - [MESSAGE][PASSED] - Verify element property value successfully

2023-10-16 14:18:49 - [TEST_STEP][PASSED] - verifyElementPropertyValue(getResponse, "offers[10].groups[0].pricingPlans[0].pricingPlanData[0].showIn[0]", "VERTICAL_MODE"): Verify element property value successfully

2023-10-16 14:18:49 - [MESSAGE][PASSED] - Verify element property value successfully

2023-10-16 14:18:49 - [TEST_STEP][PASSED] - verifyElementPropertyValue(getResponse, "offers[10].groups[0].pricingPlans[0].pricingPlanData[0].showIn[1]", "HORIZONTAL_MODE"): Verify element property value successfully

2023-10-16 14:18:49 - [MESSAGE][PASSED] - Verify element property value successfully

2023-10-16 14:18:49 - [TEST_STEP][PASSED] - verifyElementPropertyValue(getResponse, "offers[10].groups[0].pricingPlans[0].pricingPlanData[0].priceLabel", "17"): Verify element property value successfully

2023-10-16 14:18:49 - [MESSAGE][PASSED] - Verify element property value successfully

2023-10-16 14:18:49 - [TEST_STEP][PASSED] - verifyElementPropertyValue(getResponse, "offers[10].groups[0].pricingPlans[0].pricingPlanData[0].currencyLabel", "DH"): Verify element property value successfully

2023-10-16 14:18:49 - [MESSAGE][PASSED] - Verify element property value successfully

2023-10-16 14:18:49 - [TEST_STEP][PASSED] - verifyElementPropertyValue(getResponse, "offers[10].groups[0].pricingPlans[0].pricingPlanData[0].dealId", "BYG_50P_MAR"): Verify element property value successfully

2023-10-16 14:18:49 - [MESSAGE][PASSED] - Verify element property value successfully

2023-10-16 14:18:49 - [TEST_STEP][PASSED] - verifyElementPropertyValue(getResponse, "offers[10].groups[0].pricingPlans[0].pricingPlanData[0].allowedForAcquisition", "true"): Verify element property value successfully

2023-10-16 14:18:49 - [MESSAGE][PASSED] - Verify element property value successfully

2023-10-16 14:18:49 - [TEST_STEP][PASSED] - verifyElementPropertyValue(getResponse, "offers[10].groups[0].pricingPlans[0].pricingPlanData[0].visualElements[0].key", "title"): Verify element property value successfully

2023-10-16 14:18:49 - [MESSAGE][PASSED] - Verify element property value successfully

2023-10-16 14:18:49 - [TEST_STEP][PASSED] - verifyElementPropertyValue(getResponse, "offers[10].groups[0].pricingPlans[0].pricingPlanData[0].visualElements[0].value", "Ø§ÙØ¨Ø·Ø§ÙØ© Ø§ÙÙØµØ±ÙÙØ©"): Verify element property value successfully

2023-10-16 14:18:49 - [MESSAGE][PASSED] - Verify element property value successfully

2023-10-16 14:18:49 - [TEST_STEP][PASSED] - verifyElementPropertyValue(getResponse, "offers[10].groups[0].pricingPlans[0].pricingPlanData[0].visualElements[1].key", "CTA_text"): Verify element property value successfully

2023-10-16 14:18:49 - [MESSAGE][PASSED] - Verify element property value successfully

2023-10-16 14:18:49 - [TEST_STEP][PASSED] - verifyElementPropertyValue(getResponse, "offers[10].groups[0].pricingPlans[0].pricingPlanData[0].visualElements[1].value", "Ø§Ø´ØªØ±Ù"): Verify element property value successfully

2023-10-16 14:18:49 - [MESSAGE][PASSED] - Verify element property value successfully

2023-10-16 14:18:49 - [TEST_STEP][PASSED] - verifyElementPropertyValue(getResponse, "offers[10].groups[0].pricingPlans[0].pricingPlanData[0].visualElements[2].key", "logo"): Verify element property value successfully

2023-10-16 14:18:49 - [MESSAGE][PASSED] - Verify element property value successfully

2023-10-16 14:18:49 - [TEST_STEP][PASSED] - verifyElementPropertyValue(getResponse, "offers[10].groups[0].pricingPlans[0].pricingPlanData[0].visualElements[2].value", "https://static.s3.shahid.mbc.net/widget-images/icons/iconCreditCard.png"): Verify element property value successfully

2023-10-16 14:18:49 - [MESSAGE][PASSED] - Verify element property value successfully]]></system-out>
         <system-err><![CDATA[]]></system-err>
      </testcase>
      <testcase name="Test Cases/WEB - CHROME/MAR PI/WEB_EN_getOffersForMAR_SPORT" time="3.327" classname="Test Cases/WEB - CHROME/MAR PI/WEB_EN_getOffersForMAR_SPORT" status="FAILED">
         <failure type="FAILED" message="Test Cases/WEB - CHROME/MAR PI/WEB_EN_getOffersForMAR_SPORT FAILED.
Reason:
com.kms.katalon.core.exception.StepFailedException: Expected element property value '30% Discount Offer' is not equal with actual property value '30% Discount Offerâ'
	at com.kms.katalon.core.keyword.internal.KeywordMain.stepFailed(KeywordMain.groovy:39)
	at com.kms.katalon.core.webservice.keyword.builtin.VerifyElementPropertyValueKeyword$_verifyElementPropertyValue_closure1.doCall(VerifyElementPropertyValueKeyword.groovy:56)
	at com.kms.katalon.core.webservice.keyword.builtin.VerifyElementPropertyValueKeyword$_verifyElementPropertyValue_closure1.call(VerifyElementPropertyValueKeyword.groovy)
	at com.kms.katalon.core.keyword.internal.KeywordMain.runKeyword(KeywordMain.groovy:75)
	at com.kms.katalon.core.webservice.keyword.builtin.VerifyElementPropertyValueKeyword.verifyElementPropertyValue(VerifyElementPropertyValueKeyword.groovy:48)
	at com.kms.katalon.core.webservice.keyword.builtin.VerifyElementPropertyValueKeyword.execute(VerifyElementPropertyValueKeyword.groovy:43)
	at com.kms.katalon.core.keyword.internal.KeywordExecutor.executeKeywordForPlatform(KeywordExecutor.groovy:74)
	at com.kms.katalon.core.webservice.keyword.WSBuiltInKeywords.verifyElementPropertyValue(WSBuiltInKeywords.groovy:190)
	at com.kms.katalon.core.webservice.keyword.WSBuiltInKeywords$verifyElementPropertyValue$1.call(Unknown Source)
	at WEB_EN_getOffersForMAR_SPORT.run(WEB_EN_getOffersForMAR_SPORT:45)
	at com.kms.katalon.core.main.ScriptEngine.run(ScriptEngine.java:194)
	at com.kms.katalon.core.main.ScriptEngine.runScriptAsRawText(ScriptEngine.java:119)
	at com.kms.katalon.core.main.TestCaseExecutor.runScript(TestCaseExecutor.java:448)
	at com.kms.katalon.core.main.TestCaseExecutor.doExecute(TestCaseExecutor.java:439)
	at com.kms.katalon.core.main.TestCaseExecutor.processExecutionPhase(TestCaseExecutor.java:418)
	at com.kms.katalon.core.main.TestCaseExecutor.accessMainPhase(TestCaseExecutor.java:410)
	at com.kms.katalon.core.main.TestCaseExecutor.execute(TestCaseExecutor.java:285)
	at com.kms.katalon.core.common.CommonExecutor.accessTestCaseMainPhase(CommonExecutor.java:65)
	at com.kms.katalon.core.main.TestSuiteExecutor.accessTestSuiteMainPhase(TestSuiteExecutor.java:148)
	at com.kms.katalon.core.main.TestSuiteExecutor.execute(TestSuiteExecutor.java:106)
	at com.kms.katalon.core.main.TestCaseMain.startTestSuite(TestCaseMain.java:187)
	at com.kms.katalon.core.main.TestCaseMain$startTestSuite$0.call(Unknown Source)
	at TempTestSuite1697454219692.run(TempTestSuite1697454219692.groovy:36)
"/>
         <system-out><![CDATA[2023-10-16 14:18:49 - [TEST_CASE][FAILED] - Test Cases/WEB - CHROME/MAR PI/WEB_EN_getOffersForMAR_SPORT: Test Cases/WEB - CHROME/MAR PI/WEB_EN_getOffersForMAR_SPORT FAILED.
Reason:
com.kms.katalon.core.exception.StepFailedException: Expected element property value '30% Discount Offer' is not equal with actual property value '30% Discount Offerâ'
	at com.kms.katalon.core.keyword.internal.KeywordMain.stepFailed(KeywordMain.groovy:39)
	at com.kms.katalon.core.webservice.keyword.builtin.VerifyElementPropertyValueKeyword$_verifyElementPropertyValue_closure1.doCall(VerifyElementPropertyValueKeyword.groovy:56)
	at com.kms.katalon.core.webservice.keyword.builtin.VerifyElementPropertyValueKeyword$_verifyElementPropertyValue_closure1.call(VerifyElementPropertyValueKeyword.groovy)
	at com.kms.katalon.core.keyword.internal.KeywordMain.runKeyword(KeywordMain.groovy:75)
	at com.kms.katalon.core.webservice.keyword.builtin.VerifyElementPropertyValueKeyword.verifyElementPropertyValue(VerifyElementPropertyValueKeyword.groovy:48)
	at com.kms.katalon.core.webservice.keyword.builtin.VerifyElementPropertyValueKeyword.execute(VerifyElementPropertyValueKeyword.groovy:43)
	at com.kms.katalon.core.keyword.internal.KeywordExecutor.executeKeywordForPlatform(KeywordExecutor.groovy:74)
	at com.kms.katalon.core.webservice.keyword.WSBuiltInKeywords.verifyElementPropertyValue(WSBuiltInKeywords.groovy:190)
	at com.kms.katalon.core.webservice.keyword.WSBuiltInKeywords$verifyElementPropertyValue$1.call(Unknown Source)
	at WEB_EN_getOffersForMAR_SPORT.run(WEB_EN_getOffersForMAR_SPORT:45)
	at com.kms.katalon.core.main.ScriptEngine.run(ScriptEngine.java:194)
	at com.kms.katalon.core.main.ScriptEngine.runScriptAsRawText(ScriptEngine.java:119)
	at com.kms.katalon.core.main.TestCaseExecutor.runScript(TestCaseExecutor.java:448)
	at com.kms.katalon.core.main.TestCaseExecutor.doExecute(TestCaseExecutor.java:439)
	at com.kms.katalon.core.main.TestCaseExecutor.processExecutionPhase(TestCaseExecutor.java:418)
	at com.kms.katalon.core.main.TestCaseExecutor.accessMainPhase(TestCaseExecutor.java:410)
	at com.kms.katalon.core.main.TestCaseExecutor.execute(TestCaseExecutor.java:285)
	at com.kms.katalon.core.common.CommonExecutor.accessTestCaseMainPhase(CommonExecutor.java:65)
	at com.kms.katalon.core.main.TestSuiteExecutor.accessTestSuiteMainPhase(TestSuiteExecutor.java:148)
	at com.kms.katalon.core.main.TestSuiteExecutor.execute(TestSuiteExecutor.java:106)
	at com.kms.katalon.core.main.TestCaseMain.startTestSuite(TestCaseMain.java:187)
	at com.kms.katalon.core.main.TestCaseMain$startTestSuite$0.call(Unknown Source)
	at TempTestSuite1697454219692.run(TempTestSuite1697454219692.groovy:36)


2023-10-16 14:18:49 - [TEST_STEP][PASSED] - getResponse = config_files.getConfigFile.getConfig("WEB", "EN", "SHAHID_VIP_SPORT", "MA", "false"): config_files.getConfigFile.getConfig is PASSED

2023-10-16 14:18:50 - [MESSAGE][INFO] - HAR: /Users/admin/git/shahid-configuration/Reports/20231016_140310/WEB/MAR/20231016_140339/requests/main/6.har

2023-10-16 14:18:50 - [MESSAGE][PASSED] - Send request successfully

2023-10-16 14:18:50 - [MESSAGE][PASSED] - config_files.getConfigFile.getConfig is PASSED

2023-10-16 14:18:50 - [TEST_STEP][PASSED] - verifyResponseStatusCode(getResponse, 200): Verify response status code successfully

2023-10-16 14:18:50 - [MESSAGE][PASSED] - Verify response status code successfully

2023-10-16 14:18:50 - [TEST_STEP][PASSED] - verifyElementPropertyValue(getResponse, "country", "MAR"): Verify element property value successfully

2023-10-16 14:18:50 - [MESSAGE][PASSED] - Verify element property value successfully

2023-10-16 14:18:50 - [TEST_STEP][PASSED] - verifyElementPropertyValue(getResponse, "platform", "[WEB]"): Verify element property value successfully

2023-10-16 14:18:50 - [MESSAGE][PASSED] - Verify element property value successfully

2023-10-16 14:18:50 - [TEST_STEP][PASSED] - verifyElementPropertyValue(getResponse, "offers[5].offerId", "winback-sport-30-offer"): Verify element property value successfully

2023-10-16 14:18:50 - [MESSAGE][PASSED] - Verify element property value successfully

2023-10-16 14:18:50 - [TEST_STEP][PASSED] - verifyElementPropertyValue(getResponse, "offers[5].offerParam", "sportsoffer30"): Verify element property value successfully

2023-10-16 14:18:50 - [MESSAGE][PASSED] - Verify element property value successfully

2023-10-16 14:18:50 - [TEST_STEP][PASSED] - verifyElementPropertyValue(getResponse, "offers[5].groups[0].pricingPlans[0].featured", "true"): Verify element property value successfully

2023-10-16 14:18:50 - [MESSAGE][PASSED] - Verify element property value successfully

2023-10-16 14:18:50 - [TEST_STEP][PASSED] - verifyElementPropertyValue(getResponse, "offers[5].groups[0].pricingPlans[0].period", "monthly"): Verify element property value successfully

2023-10-16 14:18:50 - [MESSAGE][PASSED] - Verify element property value successfully

2023-10-16 14:18:50 - [TEST_STEP][PASSED] - verifyElementPropertyValue(getResponse, "offers[5].groups[0].pricingPlans[0].featured", "true"): Verify element property value successfully

2023-10-16 14:18:50 - [MESSAGE][PASSED] - Verify element property value successfully

2023-10-16 14:18:50 - [TEST_STEP][PASSED] - verifyElementPropertyValue(getResponse, "offers[5].groups[0].pricingPlans[0].price", "47.0"): Verify element property value successfully

2023-10-16 14:18:50 - [MESSAGE][PASSED] - Verify element property value successfully

2023-10-16 14:18:50 - [TEST_STEP][PASSED] - verifyElementPropertyValue(getResponse, "offers[5].groups[0].pricingPlans[0].currency", "DH"): Verify element property value successfully

2023-10-16 14:18:50 - [MESSAGE][PASSED] - Verify element property value successfully

2023-10-16 14:18:50 - [TEST_STEP][PASSED] - verifyElementPropertyValue(getResponse, "offers[5].groups[0].pricingPlans[0].order", "0"): Verify element property value successfully

2023-10-16 14:18:50 - [MESSAGE][PASSED] - Verify element property value successfully

2023-10-16 14:18:50 - [TEST_STEP][PASSED] - verifyElementPropertyValue(getResponse, "offers[5].groups[0].pricingPlans[0].packageId", "SHAHID_VIP_SPORT"): Verify element property value successfully

2023-10-16 14:18:50 - [MESSAGE][PASSED] - Verify element property value successfully

2023-10-16 14:18:50 - [TEST_STEP][PASSED] - verifyElementPropertyValue(getResponse, "offers[5].groups[0].pricingPlans[0].catalogId", "SPORT"): Verify element property value successfully

2023-10-16 14:18:50 - [MESSAGE][PASSED] - Verify element property value successfully

2023-10-16 14:18:50 - [TEST_STEP][PASSED] - verifyElementPropertyValue(getResponse, "offers[5].groups[0].pricingPlans[0].visualElements[0].key", "Header_1_text"): Verify element property value successfully

2023-10-16 14:18:50 - [MESSAGE][PASSED] - Verify element property value successfully

2023-10-16 14:18:50 - [TEST_STEP][PASSED] - verifyElementPropertyValue(getResponse, "offers[5].groups[0].pricingPlans[0].visualElements[0].value", "Watch the most powerful series and movies exclusively without stopping"): Verify element property value successfully

2023-10-16 14:18:50 - [MESSAGE][PASSED] - Verify element property value successfully

2023-10-16 14:18:50 - [TEST_STEP][PASSED] - verifyElementPropertyValue(getResponse, "offers[5].groups[0].pricingPlans[0].visualElements[1].key", "display_title"): Verify element property value successfully

2023-10-16 14:18:50 - [MESSAGE][PASSED] - Verify element property value successfully

2023-10-16 14:18:50 - [TEST_STEP][FAILED] - verifyElementPropertyValue(getResponse, "offers[5].groups[0].pricingPlans[0].visualElements[1].value", "30% Discount Offer"): Expected element property value '30% Discount Offer' is not equal with actual property value '30% Discount Offerâ'

2023-10-16 14:18:50 - [MESSAGE][FAILED] - Expected element property value '30% Discount Offer' is not equal with actual property value '30% Discount Offerâ'

2023-10-16 14:18:50 - [TEST_STEP][PASSED] - verifyElementPropertyValue(getResponse, "offers[5].groups[0].pricingPlans[0].visualElements[3].key", "deduction_text"): Verify element property value successfully

2023-10-16 14:18:50 - [MESSAGE][PASSED] - Verify element property value successfully

2023-10-16 14:18:50 - [TEST_STEP][PASSED] - verifyElementPropertyValue(getResponse, "offers[5].groups[0].pricingPlans[0].visualElements[3].value", "billed every month"): Verify element property value successfully

2023-10-16 14:18:50 - [MESSAGE][PASSED] - Verify element property value successfully

2023-10-16 14:18:50 - [TEST_STEP][PASSED] - verifyElementPropertyValue(getResponse, "offers[5].groups[0].pricingPlans[0].visualElements[6].key", "show_payment_logo"): Verify element property value successfully

2023-10-16 14:18:50 - [MESSAGE][PASSED] - Verify element property value successfully

2023-10-16 14:18:50 - [TEST_STEP][PASSED] - verifyElementPropertyValue(getResponse, "offers[5].groups[0].pricingPlans[0].visualElements[6].value", "true"): Verify element property value successfully

2023-10-16 14:18:50 - [MESSAGE][PASSED] - Verify element property value successfully

2023-10-16 14:18:50 - [TEST_STEP][PASSED] - verifyElementPropertyValue(getResponse, "offers[5].groups[0].pricingPlans[0].visualElements[8].key", "price"): Verify element property value successfully

2023-10-16 14:18:50 - [MESSAGE][PASSED] - Verify element property value successfully

2023-10-16 14:18:50 - [TEST_STEP][PASSED] - verifyElementPropertyValue(getResponse, "offers[5].groups[0].pricingPlans[0].visualElements[8].value", "47"): Verify element property value successfully

2023-10-16 14:18:50 - [MESSAGE][PASSED] - Verify element property value successfully

2023-10-16 14:18:50 - [TEST_STEP][PASSED] - verifyElementPropertyValue(getResponse, "offers[5].groups[0].pricingPlans[0].visualElements[9].key", "currency"): Verify element property value successfully

2023-10-16 14:18:50 - [MESSAGE][PASSED] - Verify element property value successfully

2023-10-16 14:18:50 - [TEST_STEP][PASSED] - verifyElementPropertyValue(getResponse, "offers[5].groups[0].pricingPlans[0].visualElements[9].value", "DH"): Verify element property value successfully

2023-10-16 14:18:50 - [MESSAGE][PASSED] - Verify element property value successfully

2023-10-16 14:18:50 - [TEST_STEP][PASSED] - verifyElementPropertyValue(getResponse, "offers[5].groups[0].pricingPlans[0].visualElements[10].key", "duration"): Verify element property value successfully

2023-10-16 14:18:50 - [MESSAGE][PASSED] - Verify element property value successfully

2023-10-16 14:18:50 - [TEST_STEP][PASSED] - verifyElementPropertyValue(getResponse, "offers[5].groups[0].pricingPlans[0].visualElements[10].value", "Monthly"): Verify element property value successfully

2023-10-16 14:18:50 - [MESSAGE][PASSED] - Verify element property value successfully

2023-10-16 14:18:50 - [TEST_STEP][PASSED] - verifyElementPropertyValue(getResponse, "offers[5].groups[0].pricingPlans[0].visualElements[11].key", "featured_tag_text"): Verify element property value successfully

2023-10-16 14:18:50 - [MESSAGE][PASSED] - Verify element property value successfully

2023-10-16 14:18:50 - [TEST_STEP][PASSED] - verifyElementPropertyValue(getResponse, "offers[5].groups[0].pricingPlans[0].visualElements[11].value", "Limited Time Offer"): Verify element property value successfully

2023-10-16 14:18:50 - [MESSAGE][PASSED] - Verify element property value successfully

2023-10-16 14:18:50 - [TEST_STEP][PASSED] - verifyElementPropertyValue(getResponse, "offers[5].groups[0].pricingPlans[0].visualElements[12].key", "show_tag"): Verify element property value successfully

2023-10-16 14:18:50 - [MESSAGE][PASSED] - Verify element property value successfully

2023-10-16 14:18:50 - [TEST_STEP][PASSED] - verifyElementPropertyValue(getResponse, "offers[5].groups[0].pricingPlans[0].visualElements[12].value", "true"): Verify element property value successfully

2023-10-16 14:18:50 - [MESSAGE][PASSED] - Verify element property value successfully

2023-10-16 14:18:50 - [TEST_STEP][PASSED] - verifyElementPropertyValue(getResponse, "offers[5].groups[0].pricingPlans[0].visualElements[13].key", "tag_text"): Verify element property value successfully

2023-10-16 14:18:50 - [MESSAGE][PASSED] - Verify element property value successfully

2023-10-16 14:18:50 - [TEST_STEP][PASSED] - verifyElementPropertyValue(getResponse, "offers[5].groups[0].pricingPlans[0].visualElements[13].value", "Save 30%"): Verify element property value successfully

2023-10-16 14:18:50 - [MESSAGE][PASSED] - Verify element property value successfully

2023-10-16 14:18:50 - [TEST_STEP][PASSED] - verifyElementPropertyValue(getResponse, "offers[5].groups[0].pricingPlans[0].pricingPlanData[0].productId", "MAR_B2C_SHAHID_VIP_SPORT_1M"): Verify element property value successfully

2023-10-16 14:18:50 - [MESSAGE][PASSED] - Verify element property value successfully

2023-10-16 14:18:50 - [TEST_STEP][PASSED] - verifyElementPropertyValue(getResponse, "offers[5].groups[0].pricingPlans[0].pricingPlanData[0].paymentMethod", "CREDIT_CARD"): Verify element property value successfully

2023-10-16 14:18:50 - [MESSAGE][PASSED] - Verify element property value successfully

2023-10-16 14:18:50 - [TEST_STEP][PASSED] - verifyElementPropertyValue(getResponse, "offers[5].groups[0].pricingPlans[0].pricingPlanData[0].freeTrialEnabled", "false"): Verify element property value successfully

2023-10-16 14:18:50 - [MESSAGE][PASSED] - Verify element property value successfully

2023-10-16 14:18:50 - [TEST_STEP][PASSED] - verifyElementPropertyValue(getResponse, "offers[5].groups[0].pricingPlans[0].pricingPlanData[0].showIn[0]", "VERTICAL_MODE"): Verify element property value successfully

2023-10-16 14:18:50 - [MESSAGE][PASSED] - Verify element property value successfully

2023-10-16 14:18:50 - [TEST_STEP][PASSED] - verifyElementPropertyValue(getResponse, "offers[5].groups[0].pricingPlans[0].pricingPlanData[0].showIn[1]", "HORIZONTAL_MODE"): Verify element property value successfully

2023-10-16 14:18:50 - [MESSAGE][PASSED] - Verify element property value successfully

2023-10-16 14:18:50 - [TEST_STEP][PASSED] - verifyElementPropertyValue(getResponse, "offers[5].groups[0].pricingPlans[0].pricingPlanData[0].priceLabel", "47"): Verify element property value successfully

2023-10-16 14:18:50 - [MESSAGE][PASSED] - Verify element property value successfully

2023-10-16 14:18:50 - [TEST_STEP][PASSED] - verifyElementPropertyValue(getResponse, "offers[5].groups[0].pricingPlans[0].pricingPlanData[0].currencyLabel", "DH"): Verify element property value successfully

2023-10-16 14:18:50 - [MESSAGE][PASSED] - Verify element property value successfully

2023-10-16 14:18:50 - [TEST_STEP][PASSED] - verifyElementPropertyValue(getResponse, "offers[5].groups[0].pricingPlans[0].pricingPlanData[0].dealId", "WB_SPORT_30P_MAR"): Verify element property value successfully

2023-10-16 14:18:50 - [MESSAGE][PASSED] - Verify element property value successfully

2023-10-16 14:18:50 - [TEST_STEP][PASSED] - verifyElementPropertyValue(getResponse, "offers[5].groups[0].pricingPlans[0].pricingPlanData[0].allowedForAcquisition", "true"): Verify element property value successfully

2023-10-16 14:18:50 - [MESSAGE][PASSED] - Verify element property value successfully

2023-10-16 14:18:50 - [TEST_STEP][PASSED] - verifyElementPropertyValue(getResponse, "offers[5].groups[0].pricingPlans[0].pricingPlanData[0].visualElements[0].key", "title"): Verify element property value successfully

2023-10-16 14:18:50 - [MESSAGE][PASSED] - Verify element property value successfully

2023-10-16 14:18:50 - [TEST_STEP][PASSED] - verifyElementPropertyValue(getResponse, "offers[5].groups[0].pricingPlans[0].pricingPlanData[0].visualElements[0].value", "Credit/Debit Card"): Verify element property value successfully

2023-10-16 14:18:50 - [MESSAGE][PASSED] - Verify element property value successfully

2023-10-16 14:18:50 - [TEST_STEP][PASSED] - verifyElementPropertyValue(getResponse, "offers[5].groups[0].pricingPlans[0].pricingPlanData[0].visualElements[1].key", "CTA_text"): Verify element property value successfully

2023-10-16 14:18:50 - [MESSAGE][PASSED] - Verify element property value successfully

2023-10-16 14:18:50 - [TEST_STEP][PASSED] - verifyElementPropertyValue(getResponse, "offers[5].groups[0].pricingPlans[0].pricingPlanData[0].visualElements[1].value", "Subscribe"): Verify element property value successfully

2023-10-16 14:18:51 - [MESSAGE][PASSED] - Verify element property value successfully

2023-10-16 14:18:51 - [TEST_STEP][PASSED] - verifyElementPropertyValue(getResponse, "offers[5].groups[0].pricingPlans[0].pricingPlanData[0].visualElements[2].key", "logo"): Verify element property value successfully

2023-10-16 14:18:51 - [MESSAGE][PASSED] - Verify element property value successfully

2023-10-16 14:18:51 - [TEST_STEP][PASSED] - verifyElementPropertyValue(getResponse, "offers[5].groups[0].pricingPlans[0].pricingPlanData[0].visualElements[2].value", "https://static.s3.shahid.mbc.net/widget-images/icons/iconCreditCard.png"): Verify element property value successfully

2023-10-16 14:18:51 - [MESSAGE][PASSED] - Verify element property value successfully

2023-10-16 14:18:51 - [TEST_STEP][PASSED] - verifyElementPropertyValue(getResponse, "offers[6].offerId", "winback-sport-40-offer"): Verify element property value successfully

2023-10-16 14:18:51 - [MESSAGE][PASSED] - Verify element property value successfully

2023-10-16 14:18:51 - [TEST_STEP][PASSED] - verifyElementPropertyValue(getResponse, "offers[6].offerParam", "sportsoffer40"): Verify element property value successfully

2023-10-16 14:18:51 - [MESSAGE][PASSED] - Verify element property value successfully

2023-10-16 14:18:51 - [TEST_STEP][PASSED] - verifyElementPropertyValue(getResponse, "offers[6].groups[0].pricingPlans[0].featured", "true"): Verify element property value successfully

2023-10-16 14:18:51 - [MESSAGE][PASSED] - Verify element property value successfully

2023-10-16 14:18:51 - [TEST_STEP][PASSED] - verifyElementPropertyValue(getResponse, "offers[6].groups[0].pricingPlans[0].period", "monthly"): Verify element property value successfully

2023-10-16 14:18:51 - [MESSAGE][PASSED] - Verify element property value successfully

2023-10-16 14:18:51 - [TEST_STEP][PASSED] - verifyElementPropertyValue(getResponse, "offers[6].groups[0].pricingPlans[0].featured", "true"): Verify element property value successfully

2023-10-16 14:18:51 - [MESSAGE][PASSED] - Verify element property value successfully

2023-10-16 14:18:51 - [TEST_STEP][PASSED] - verifyElementPropertyValue(getResponse, "offers[6].groups[0].pricingPlans[0].price", "40.0"): Verify element property value successfully

2023-10-16 14:18:51 - [MESSAGE][PASSED] - Verify element property value successfully

2023-10-16 14:18:51 - [TEST_STEP][PASSED] - verifyElementPropertyValue(getResponse, "offers[6].groups[0].pricingPlans[0].currency", "DH"): Verify element property value successfully

2023-10-16 14:18:51 - [MESSAGE][PASSED] - Verify element property value successfully

2023-10-16 14:18:51 - [TEST_STEP][PASSED] - verifyElementPropertyValue(getResponse, "offers[6].groups[0].pricingPlans[0].order", "0"): Verify element property value successfully

2023-10-16 14:18:51 - [MESSAGE][PASSED] - Verify element property value successfully

2023-10-16 14:18:51 - [TEST_STEP][PASSED] - verifyElementPropertyValue(getResponse, "offers[6].groups[0].pricingPlans[0].packageId", "SHAHID_VIP_SPORT"): Verify element property value successfully

2023-10-16 14:18:51 - [MESSAGE][PASSED] - Verify element property value successfully

2023-10-16 14:18:51 - [TEST_STEP][PASSED] - verifyElementPropertyValue(getResponse, "offers[6].groups[0].pricingPlans[0].catalogId", "SPORT"): Verify element property value successfully

2023-10-16 14:18:51 - [MESSAGE][PASSED] - Verify element property value successfully

2023-10-16 14:18:51 - [TEST_STEP][PASSED] - verifyElementPropertyValue(getResponse, "offers[6].groups[0].pricingPlans[0].visualElements[0].key", "Header_1_text"): Verify element property value successfully

2023-10-16 14:18:51 - [MESSAGE][PASSED] - Verify element property value successfully

2023-10-16 14:18:51 - [TEST_STEP][PASSED] - verifyElementPropertyValue(getResponse, "offers[6].groups[0].pricingPlans[0].visualElements[0].value", "Watch the most powerful series and movies exclusively without stopping"): Verify element property value successfully

2023-10-16 14:18:51 - [MESSAGE][PASSED] - Verify element property value successfully

2023-10-16 14:18:51 - [TEST_STEP][PASSED] - verifyElementPropertyValue(getResponse, "offers[6].groups[0].pricingPlans[0].visualElements[1].key", "display_title"): Verify element property value successfully

2023-10-16 14:18:51 - [MESSAGE][PASSED] - Verify element property value successfully

2023-10-16 14:18:51 - [TEST_STEP][FAILED] - verifyElementPropertyValue(getResponse, "offers[6].groups[0].pricingPlans[0].visualElements[1].value", "40% Discount Offer"): Expected element property value '40% Discount Offer' is not equal with actual property value '40% Discount Offerâ'

2023-10-16 14:18:51 - [MESSAGE][FAILED] - Expected element property value '40% Discount Offer' is not equal with actual property value '40% Discount Offerâ'

2023-10-16 14:18:51 - [TEST_STEP][PASSED] - verifyElementPropertyValue(getResponse, "offers[6].groups[0].pricingPlans[0].visualElements[3].key", "deduction_text"): Verify element property value successfully

2023-10-16 14:18:51 - [MESSAGE][PASSED] - Verify element property value successfully

2023-10-16 14:18:51 - [TEST_STEP][PASSED] - verifyElementPropertyValue(getResponse, "offers[6].groups[0].pricingPlans[0].visualElements[3].value", "billed every month"): Verify element property value successfully

2023-10-16 14:18:51 - [MESSAGE][PASSED] - Verify element property value successfully

2023-10-16 14:18:51 - [TEST_STEP][PASSED] - verifyElementPropertyValue(getResponse, "offers[6].groups[0].pricingPlans[0].visualElements[6].key", "show_payment_logo"): Verify element property value successfully

2023-10-16 14:18:51 - [MESSAGE][PASSED] - Verify element property value successfully

2023-10-16 14:18:51 - [TEST_STEP][PASSED] - verifyElementPropertyValue(getResponse, "offers[6].groups[0].pricingPlans[0].visualElements[6].value", "true"): Verify element property value successfully

2023-10-16 14:18:51 - [MESSAGE][PASSED] - Verify element property value successfully

2023-10-16 14:18:51 - [TEST_STEP][PASSED] - verifyElementPropertyValue(getResponse, "offers[6].groups[0].pricingPlans[0].visualElements[8].key", "price"): Verify element property value successfully

2023-10-16 14:18:51 - [MESSAGE][PASSED] - Verify element property value successfully

2023-10-16 14:18:51 - [TEST_STEP][PASSED] - verifyElementPropertyValue(getResponse, "offers[6].groups[0].pricingPlans[0].visualElements[8].value", "40"): Verify element property value successfully

2023-10-16 14:18:51 - [MESSAGE][PASSED] - Verify element property value successfully

2023-10-16 14:18:51 - [TEST_STEP][PASSED] - verifyElementPropertyValue(getResponse, "offers[6].groups[0].pricingPlans[0].visualElements[9].key", "currency"): Verify element property value successfully

2023-10-16 14:18:51 - [MESSAGE][PASSED] - Verify element property value successfully

2023-10-16 14:18:51 - [TEST_STEP][PASSED] - verifyElementPropertyValue(getResponse, "offers[6].groups[0].pricingPlans[0].visualElements[9].value", "DH"): Verify element property value successfully

2023-10-16 14:18:51 - [MESSAGE][PASSED] - Verify element property value successfully

2023-10-16 14:18:51 - [TEST_STEP][PASSED] - verifyElementPropertyValue(getResponse, "offers[6].groups[0].pricingPlans[0].visualElements[10].key", "duration"): Verify element property value successfully

2023-10-16 14:18:51 - [MESSAGE][PASSED] - Verify element property value successfully

2023-10-16 14:18:51 - [TEST_STEP][PASSED] - verifyElementPropertyValue(getResponse, "offers[6].groups[0].pricingPlans[0].visualElements[10].value", "Monthly"): Verify element property value successfully

2023-10-16 14:18:51 - [MESSAGE][PASSED] - Verify element property value successfully

2023-10-16 14:18:51 - [TEST_STEP][PASSED] - verifyElementPropertyValue(getResponse, "offers[6].groups[0].pricingPlans[0].visualElements[11].key", "featured_tag_text"): Verify element property value successfully

2023-10-16 14:18:51 - [MESSAGE][PASSED] - Verify element property value successfully

2023-10-16 14:18:51 - [TEST_STEP][PASSED] - verifyElementPropertyValue(getResponse, "offers[6].groups[0].pricingPlans[0].visualElements[11].value", "Limited Time Offer"): Verify element property value successfully

2023-10-16 14:18:51 - [MESSAGE][PASSED] - Verify element property value successfully

2023-10-16 14:18:51 - [TEST_STEP][PASSED] - verifyElementPropertyValue(getResponse, "offers[6].groups[0].pricingPlans[0].visualElements[13].key", "tag_text"): Verify element property value successfully

2023-10-16 14:18:51 - [MESSAGE][PASSED] - Verify element property value successfully

2023-10-16 14:18:51 - [TEST_STEP][PASSED] - verifyElementPropertyValue(getResponse, "offers[6].groups[0].pricingPlans[0].visualElements[13].value", "Save 40%"): Verify element property value successfully

2023-10-16 14:18:51 - [MESSAGE][PASSED] - Verify element property value successfully

2023-10-16 14:18:51 - [TEST_STEP][PASSED] - verifyElementPropertyValue(getResponse, "offers[6].groups[0].pricingPlans[0].visualElements[12].key", "show_tag"): Verify element property value successfully

2023-10-16 14:18:51 - [MESSAGE][PASSED] - Verify element property value successfully

2023-10-16 14:18:51 - [TEST_STEP][PASSED] - verifyElementPropertyValue(getResponse, "offers[6].groups[0].pricingPlans[0].visualElements[12].value", "true"): Verify element property value successfully

2023-10-16 14:18:51 - [MESSAGE][PASSED] - Verify element property value successfully

2023-10-16 14:18:51 - [TEST_STEP][PASSED] - verifyElementPropertyValue(getResponse, "offers[6].groups[0].pricingPlans[0].pricingPlanData[0].productId", "MAR_B2C_SHAHID_VIP_SPORT_1M"): Verify element property value successfully

2023-10-16 14:18:51 - [MESSAGE][PASSED] - Verify element property value successfully

2023-10-16 14:18:51 - [TEST_STEP][PASSED] - verifyElementPropertyValue(getResponse, "offers[6].groups[0].pricingPlans[0].pricingPlanData[0].paymentMethod", "CREDIT_CARD"): Verify element property value successfully

2023-10-16 14:18:51 - [MESSAGE][PASSED] - Verify element property value successfully

2023-10-16 14:18:51 - [TEST_STEP][PASSED] - verifyElementPropertyValue(getResponse, "offers[6].groups[0].pricingPlans[0].pricingPlanData[0].freeTrialEnabled", "false"): Verify element property value successfully

2023-10-16 14:18:51 - [MESSAGE][PASSED] - Verify element property value successfully

2023-10-16 14:18:51 - [TEST_STEP][PASSED] - verifyElementPropertyValue(getResponse, "offers[6].groups[0].pricingPlans[0].pricingPlanData[0].showIn[0]", "VERTICAL_MODE"): Verify element property value successfully

2023-10-16 14:18:51 - [MESSAGE][PASSED] - Verify element property value successfully

2023-10-16 14:18:51 - [TEST_STEP][PASSED] - verifyElementPropertyValue(getResponse, "offers[6].groups[0].pricingPlans[0].pricingPlanData[0].showIn[1]", "HORIZONTAL_MODE"): Verify element property value successfully

2023-10-16 14:18:51 - [MESSAGE][PASSED] - Verify element property value successfully

2023-10-16 14:18:51 - [TEST_STEP][PASSED] - verifyElementPropertyValue(getResponse, "offers[6].groups[0].pricingPlans[0].pricingPlanData[0].priceLabel", "40"): Verify element property value successfully

2023-10-16 14:18:51 - [MESSAGE][PASSED] - Verify element property value successfully

2023-10-16 14:18:51 - [TEST_STEP][PASSED] - verifyElementPropertyValue(getResponse, "offers[6].groups[0].pricingPlans[0].pricingPlanData[0].currencyLabel", "DH"): Verify element property value successfully

2023-10-16 14:18:51 - [MESSAGE][PASSED] - Verify element property value successfully

2023-10-16 14:18:51 - [TEST_STEP][PASSED] - verifyElementPropertyValue(getResponse, "offers[6].groups[0].pricingPlans[0].pricingPlanData[0].dealId", "WB_SPORT_40P_MAR"): Verify element property value successfully

2023-10-16 14:18:51 - [MESSAGE][PASSED] - Verify element property value successfully

2023-10-16 14:18:51 - [TEST_STEP][PASSED] - verifyElementPropertyValue(getResponse, "offers[6].groups[0].pricingPlans[0].pricingPlanData[0].allowedForAcquisition", "true"): Verify element property value successfully

2023-10-16 14:18:51 - [MESSAGE][PASSED] - Verify element property value successfully

2023-10-16 14:18:51 - [TEST_STEP][PASSED] - verifyElementPropertyValue(getResponse, "offers[6].groups[0].pricingPlans[0].pricingPlanData[0].visualElements[0].key", "title"): Verify element property value successfully

2023-10-16 14:18:51 - [MESSAGE][PASSED] - Verify element property value successfully

2023-10-16 14:18:51 - [TEST_STEP][PASSED] - verifyElementPropertyValue(getResponse, "offers[6].groups[0].pricingPlans[0].pricingPlanData[0].visualElements[0].value", "Credit/Debit Card"): Verify element property value successfully

2023-10-16 14:18:51 - [MESSAGE][PASSED] - Verify element property value successfully

2023-10-16 14:18:51 - [TEST_STEP][PASSED] - verifyElementPropertyValue(getResponse, "offers[6].groups[0].pricingPlans[0].pricingPlanData[0].visualElements[1].key", "CTA_text"): Verify element property value successfully

2023-10-16 14:18:51 - [MESSAGE][PASSED] - Verify element property value successfully

2023-10-16 14:18:51 - [TEST_STEP][PASSED] - verifyElementPropertyValue(getResponse, "offers[6].groups[0].pricingPlans[0].pricingPlanData[0].visualElements[1].value", "Subscribe"): Verify element property value successfully

2023-10-16 14:18:51 - [MESSAGE][PASSED] - Verify element property value successfully

2023-10-16 14:18:51 - [TEST_STEP][PASSED] - verifyElementPropertyValue(getResponse, "offers[6].groups[0].pricingPlans[0].pricingPlanData[0].visualElements[2].key", "logo"): Verify element property value successfully

2023-10-16 14:18:51 - [MESSAGE][PASSED] - Verify element property value successfully

2023-10-16 14:18:51 - [TEST_STEP][PASSED] - verifyElementPropertyValue(getResponse, "offers[6].groups[0].pricingPlans[0].pricingPlanData[0].visualElements[2].value", "https://static.s3.shahid.mbc.net/widget-images/icons/iconCreditCard.png"): Verify element property value successfully

2023-10-16 14:18:51 - [MESSAGE][PASSED] - Verify element property value successfully

2023-10-16 14:18:51 - [TEST_STEP][PASSED] - verifyElementPropertyValue(getResponse, "offers[7].offerId", "winback-sport-50-offer"): Verify element property value successfully

2023-10-16 14:18:51 - [MESSAGE][PASSED] - Verify element property value successfully

2023-10-16 14:18:51 - [TEST_STEP][PASSED] - verifyElementPropertyValue(getResponse, "offers[7].offerParam", "sportsoffer50"): Verify element property value successfully

2023-10-16 14:18:51 - [MESSAGE][PASSED] - Verify element property value successfully

2023-10-16 14:18:51 - [TEST_STEP][PASSED] - verifyElementPropertyValue(getResponse, "offers[7].groups[0].pricingPlans[0].featured", "true"): Verify element property value successfully

2023-10-16 14:18:51 - [MESSAGE][PASSED] - Verify element property value successfully

2023-10-16 14:18:51 - [TEST_STEP][PASSED] - verifyElementPropertyValue(getResponse, "offers[7].groups[0].pricingPlans[0].period", "monthly"): Verify element property value successfully

2023-10-16 14:18:51 - [MESSAGE][PASSED] - Verify element property value successfully

2023-10-16 14:18:51 - [TEST_STEP][PASSED] - verifyElementPropertyValue(getResponse, "offers[7].groups[0].pricingPlans[0].featured", "true"): Verify element property value successfully

2023-10-16 14:18:51 - [MESSAGE][PASSED] - Verify element property value successfully

2023-10-16 14:18:51 - [TEST_STEP][PASSED] - verifyElementPropertyValue(getResponse, "offers[7].groups[0].pricingPlans[0].price", "34.0"): Verify element property value successfully

2023-10-16 14:18:51 - [MESSAGE][PASSED] - Verify element property value successfully

2023-10-16 14:18:51 - [TEST_STEP][PASSED] - verifyElementPropertyValue(getResponse, "offers[7].groups[0].pricingPlans[0].currency", "DH"): Verify element property value successfully

2023-10-16 14:18:51 - [MESSAGE][PASSED] - Verify element property value successfully

2023-10-16 14:18:51 - [TEST_STEP][PASSED] - verifyElementPropertyValue(getResponse, "offers[7].groups[0].pricingPlans[0].order", "0"): Verify element property value successfully

2023-10-16 14:18:51 - [MESSAGE][PASSED] - Verify element property value successfully

2023-10-16 14:18:51 - [TEST_STEP][PASSED] - verifyElementPropertyValue(getResponse, "offers[7].groups[0].pricingPlans[0].packageId", "SHAHID_VIP_SPORT"): Verify element property value successfully

2023-10-16 14:18:51 - [MESSAGE][PASSED] - Verify element property value successfully

2023-10-16 14:18:51 - [TEST_STEP][PASSED] - verifyElementPropertyValue(getResponse, "offers[7].groups[0].pricingPlans[0].catalogId", "SPORT"): Verify element property value successfully

2023-10-16 14:18:51 - [MESSAGE][PASSED] - Verify element property value successfully

2023-10-16 14:18:51 - [TEST_STEP][PASSED] - verifyElementPropertyValue(getResponse, "offers[7].groups[0].pricingPlans[0].visualElements[0].key", "Header_1_text"): Verify element property value successfully

2023-10-16 14:18:51 - [MESSAGE][PASSED] - Verify element property value successfully

2023-10-16 14:18:51 - [TEST_STEP][PASSED] - verifyElementPropertyValue(getResponse, "offers[7].groups[0].pricingPlans[0].visualElements[0].value", "Watch the most powerful series and movies exclusively without stopping"): Verify element property value successfully

2023-10-16 14:18:51 - [MESSAGE][PASSED] - Verify element property value successfully

2023-10-16 14:18:51 - [TEST_STEP][PASSED] - verifyElementPropertyValue(getResponse, "offers[7].groups[0].pricingPlans[0].visualElements[1].key", "display_title"): Verify element property value successfully

2023-10-16 14:18:51 - [MESSAGE][PASSED] - Verify element property value successfully

2023-10-16 14:18:51 - [TEST_STEP][FAILED] - verifyElementPropertyValue(getResponse, "offers[7].groups[0].pricingPlans[0].visualElements[1].value", "50% Discount Offer"): Expected element property value '50% Discount Offer' is not equal with actual property value '50% Discount Offerâ'

2023-10-16 14:18:51 - [MESSAGE][FAILED] - Expected element property value '50% Discount Offer' is not equal with actual property value '50% Discount Offerâ'

2023-10-16 14:18:51 - [TEST_STEP][PASSED] - verifyElementPropertyValue(getResponse, "offers[7].groups[0].pricingPlans[0].visualElements[3].key", "deduction_text"): Verify element property value successfully

2023-10-16 14:18:51 - [MESSAGE][PASSED] - Verify element property value successfully

2023-10-16 14:18:51 - [TEST_STEP][PASSED] - verifyElementPropertyValue(getResponse, "offers[7].groups[0].pricingPlans[0].visualElements[3].value", "billed every month"): Verify element property value successfully

2023-10-16 14:18:51 - [MESSAGE][PASSED] - Verify element property value successfully

2023-10-16 14:18:51 - [TEST_STEP][PASSED] - verifyElementPropertyValue(getResponse, "offers[7].groups[0].pricingPlans[0].visualElements[6].key", "show_payment_logo"): Verify element property value successfully

2023-10-16 14:18:51 - [MESSAGE][PASSED] - Verify element property value successfully

2023-10-16 14:18:51 - [TEST_STEP][PASSED] - verifyElementPropertyValue(getResponse, "offers[7].groups[0].pricingPlans[0].visualElements[6].value", "true"): Verify element property value successfully

2023-10-16 14:18:51 - [MESSAGE][PASSED] - Verify element property value successfully

2023-10-16 14:18:51 - [TEST_STEP][PASSED] - verifyElementPropertyValue(getResponse, "offers[7].groups[0].pricingPlans[0].visualElements[8].key", "price"): Verify element property value successfully

2023-10-16 14:18:51 - [MESSAGE][PASSED] - Verify element property value successfully

2023-10-16 14:18:51 - [TEST_STEP][PASSED] - verifyElementPropertyValue(getResponse, "offers[7].groups[0].pricingPlans[0].visualElements[8].value", "34"): Verify element property value successfully

2023-10-16 14:18:51 - [MESSAGE][PASSED] - Verify element property value successfully

2023-10-16 14:18:51 - [TEST_STEP][PASSED] - verifyElementPropertyValue(getResponse, "offers[7].groups[0].pricingPlans[0].visualElements[9].key", "currency"): Verify element property value successfully

2023-10-16 14:18:51 - [MESSAGE][PASSED] - Verify element property value successfully

2023-10-16 14:18:51 - [TEST_STEP][PASSED] - verifyElementPropertyValue(getResponse, "offers[7].groups[0].pricingPlans[0].visualElements[9].value", "DH"): Verify element property value successfully

2023-10-16 14:18:51 - [MESSAGE][PASSED] - Verify element property value successfully

2023-10-16 14:18:51 - [TEST_STEP][PASSED] - verifyElementPropertyValue(getResponse, "offers[7].groups[0].pricingPlans[0].visualElements[10].key", "duration"): Verify element property value successfully

2023-10-16 14:18:51 - [MESSAGE][PASSED] - Verify element property value successfully

2023-10-16 14:18:51 - [TEST_STEP][PASSED] - verifyElementPropertyValue(getResponse, "offers[7].groups[0].pricingPlans[0].visualElements[10].value", "Monthly"): Verify element property value successfully

2023-10-16 14:18:51 - [MESSAGE][PASSED] - Verify element property value successfully

2023-10-16 14:18:51 - [TEST_STEP][PASSED] - verifyElementPropertyValue(getResponse, "offers[7].groups[0].pricingPlans[0].visualElements[11].key", "featured_tag_text"): Verify element property value successfully

2023-10-16 14:18:51 - [MESSAGE][PASSED] - Verify element property value successfully

2023-10-16 14:18:51 - [TEST_STEP][PASSED] - verifyElementPropertyValue(getResponse, "offers[7].groups[0].pricingPlans[0].visualElements[11].value", "Limited Time Offer"): Verify element property value successfully

2023-10-16 14:18:51 - [MESSAGE][PASSED] - Verify element property value successfully

2023-10-16 14:18:51 - [TEST_STEP][PASSED] - verifyElementPropertyValue(getResponse, "offers[7].groups[0].pricingPlans[0].visualElements[13].key", "tag_text"): Verify element property value successfully

2023-10-16 14:18:51 - [MESSAGE][PASSED] - Verify element property value successfully

2023-10-16 14:18:51 - [TEST_STEP][PASSED] - verifyElementPropertyValue(getResponse, "offers[7].groups[0].pricingPlans[0].visualElements[13].value", "Save 50%"): Verify element property value successfully

2023-10-16 14:18:51 - [MESSAGE][PASSED] - Verify element property value successfully

2023-10-16 14:18:51 - [TEST_STEP][PASSED] - verifyElementPropertyValue(getResponse, "offers[7].groups[0].pricingPlans[0].visualElements[12].key", "show_tag"): Verify element property value successfully

2023-10-16 14:18:51 - [MESSAGE][PASSED] - Verify element property value successfully

2023-10-16 14:18:51 - [TEST_STEP][PASSED] - verifyElementPropertyValue(getResponse, "offers[7].groups[0].pricingPlans[0].visualElements[12].value", "true"): Verify element property value successfully

2023-10-16 14:18:51 - [MESSAGE][PASSED] - Verify element property value successfully

2023-10-16 14:18:51 - [TEST_STEP][PASSED] - verifyElementPropertyValue(getResponse, "offers[7].groups[0].pricingPlans[0].pricingPlanData[0].productId", "MAR_B2C_SHAHID_VIP_SPORT_1M"): Verify element property value successfully

2023-10-16 14:18:51 - [MESSAGE][PASSED] - Verify element property value successfully

2023-10-16 14:18:51 - [TEST_STEP][PASSED] - verifyElementPropertyValue(getResponse, "offers[7].groups[0].pricingPlans[0].pricingPlanData[0].paymentMethod", "CREDIT_CARD"): Verify element property value successfully

2023-10-16 14:18:51 - [MESSAGE][PASSED] - Verify element property value successfully

2023-10-16 14:18:51 - [TEST_STEP][PASSED] - verifyElementPropertyValue(getResponse, "offers[7].groups[0].pricingPlans[0].pricingPlanData[0].freeTrialEnabled", "false"): Verify element property value successfully

2023-10-16 14:18:51 - [MESSAGE][PASSED] - Verify element property value successfully

2023-10-16 14:18:51 - [TEST_STEP][PASSED] - verifyElementPropertyValue(getResponse, "offers[7].groups[0].pricingPlans[0].pricingPlanData[0].showIn[0]", "VERTICAL_MODE"): Verify element property value successfully

2023-10-16 14:18:51 - [MESSAGE][PASSED] - Verify element property value successfully

2023-10-16 14:18:51 - [TEST_STEP][PASSED] - verifyElementPropertyValue(getResponse, "offers[7].groups[0].pricingPlans[0].pricingPlanData[0].showIn[1]", "HORIZONTAL_MODE"): Verify element property value successfully

2023-10-16 14:18:51 - [MESSAGE][PASSED] - Verify element property value successfully

2023-10-16 14:18:51 - [TEST_STEP][PASSED] - verifyElementPropertyValue(getResponse, "offers[7].groups[0].pricingPlans[0].pricingPlanData[0].priceLabel", "34"): Verify element property value successfully

2023-10-16 14:18:51 - [MESSAGE][PASSED] - Verify element property value successfully

2023-10-16 14:18:51 - [TEST_STEP][PASSED] - verifyElementPropertyValue(getResponse, "offers[7].groups[0].pricingPlans[0].pricingPlanData[0].currencyLabel", "DH"): Verify element property value successfully

2023-10-16 14:18:51 - [MESSAGE][PASSED] - Verify element property value successfully

2023-10-16 14:18:51 - [TEST_STEP][PASSED] - verifyElementPropertyValue(getResponse, "offers[7].groups[0].pricingPlans[0].pricingPlanData[0].dealId", "WB_SPORT_50P_MAR"): Verify element property value successfully

2023-10-16 14:18:51 - [MESSAGE][PASSED] - Verify element property value successfully

2023-10-16 14:18:51 - [TEST_STEP][PASSED] - verifyElementPropertyValue(getResponse, "offers[7].groups[0].pricingPlans[0].pricingPlanData[0].allowedForAcquisition", "true"): Verify element property value successfully

2023-10-16 14:18:51 - [MESSAGE][PASSED] - Verify element property value successfully

2023-10-16 14:18:51 - [TEST_STEP][PASSED] - verifyElementPropertyValue(getResponse, "offers[7].groups[0].pricingPlans[0].pricingPlanData[0].visualElements[0].key", "title"): Verify element property value successfully

2023-10-16 14:18:51 - [MESSAGE][PASSED] - Verify element property value successfully

2023-10-16 14:18:51 - [TEST_STEP][PASSED] - verifyElementPropertyValue(getResponse, "offers[7].groups[0].pricingPlans[0].pricingPlanData[0].visualElements[0].value", "Credit/Debit Card"): Verify element property value successfully

2023-10-16 14:18:51 - [MESSAGE][PASSED] - Verify element property value successfully

2023-10-16 14:18:51 - [TEST_STEP][PASSED] - verifyElementPropertyValue(getResponse, "offers[7].groups[0].pricingPlans[0].pricingPlanData[0].visualElements[1].key", "CTA_text"): Verify element property value successfully

2023-10-16 14:18:51 - [MESSAGE][PASSED] - Verify element property value successfully

2023-10-16 14:18:51 - [TEST_STEP][PASSED] - verifyElementPropertyValue(getResponse, "offers[7].groups[0].pricingPlans[0].pricingPlanData[0].visualElements[1].value", "Subscribe"): Verify element property value successfully

2023-10-16 14:18:51 - [MESSAGE][PASSED] - Verify element property value successfully

2023-10-16 14:18:51 - [TEST_STEP][PASSED] - verifyElementPropertyValue(getResponse, "offers[7].groups[0].pricingPlans[0].pricingPlanData[0].visualElements[2].key", "logo"): Verify element property value successfully

2023-10-16 14:18:51 - [MESSAGE][PASSED] - Verify element property value successfully

2023-10-16 14:18:51 - [TEST_STEP][PASSED] - verifyElementPropertyValue(getResponse, "offers[7].groups[0].pricingPlans[0].pricingPlanData[0].visualElements[2].value", "https://static.s3.shahid.mbc.net/widget-images/icons/iconCreditCard.png"): Verify element property value successfully

2023-10-16 14:18:51 - [MESSAGE][PASSED] - Verify element property value successfully

2023-10-16 14:18:51 - [TEST_STEP][PASSED] - verifyElementPropertyValue(getResponse, "offers[11].offerId", "byg-sport-30-offer"): Verify element property value successfully

2023-10-16 14:18:51 - [MESSAGE][PASSED] - Verify element property value successfully

2023-10-16 14:18:51 - [TEST_STEP][PASSED] - verifyElementPropertyValue(getResponse, "offers[11].offerParam", "bygsportsoffer30"): Verify element property value successfully

2023-10-16 14:18:51 - [MESSAGE][PASSED] - Verify element property value successfully

2023-10-16 14:18:51 - [TEST_STEP][PASSED] - verifyElementPropertyValue(getResponse, "offers[11].groups[0].pricingPlans[0].featured", "true"): Verify element property value successfully

2023-10-16 14:18:51 - [MESSAGE][PASSED] - Verify element property value successfully

2023-10-16 14:18:51 - [TEST_STEP][PASSED] - verifyElementPropertyValue(getResponse, "offers[11].groups[0].pricingPlans[0].period", "monthly"): Verify element property value successfully

2023-10-16 14:18:51 - [MESSAGE][PASSED] - Verify element property value successfully

2023-10-16 14:18:51 - [TEST_STEP][PASSED] - verifyElementPropertyValue(getResponse, "offers[11].groups[0].pricingPlans[0].featured", "true"): Verify element property value successfully

2023-10-16 14:18:51 - [MESSAGE][PASSED] - Verify element property value successfully

2023-10-16 14:18:51 - [TEST_STEP][PASSED] - verifyElementPropertyValue(getResponse, "offers[11].groups[0].pricingPlans[0].price", "47.0"): Verify element property value successfully

2023-10-16 14:18:51 - [MESSAGE][PASSED] - Verify element property value successfully

2023-10-16 14:18:51 - [TEST_STEP][PASSED] - verifyElementPropertyValue(getResponse, "offers[11].groups[0].pricingPlans[0].currency", "DH"): Verify element property value successfully

2023-10-16 14:18:51 - [MESSAGE][PASSED] - Verify element property value successfully

2023-10-16 14:18:51 - [TEST_STEP][PASSED] - verifyElementPropertyValue(getResponse, "offers[11].groups[0].pricingPlans[0].order", "0"): Verify element property value successfully

2023-10-16 14:18:51 - [MESSAGE][PASSED] - Verify element property value successfully

2023-10-16 14:18:51 - [TEST_STEP][PASSED] - verifyElementPropertyValue(getResponse, "offers[11].groups[0].pricingPlans[0].packageId", "SHAHID_VIP_SPORT"): Verify element property value successfully

2023-10-16 14:18:51 - [MESSAGE][PASSED] - Verify element property value successfully

2023-10-16 14:18:51 - [TEST_STEP][PASSED] - verifyElementPropertyValue(getResponse, "offers[11].groups[0].pricingPlans[0].catalogId", "SPORT"): Verify element property value successfully

2023-10-16 14:18:51 - [MESSAGE][PASSED] - Verify element property value successfully

2023-10-16 14:18:51 - [TEST_STEP][PASSED] - verifyElementPropertyValue(getResponse, "offers[11].groups[0].pricingPlans[0].visualElements[0].key", "Header_1_text"): Verify element property value successfully

2023-10-16 14:18:51 - [MESSAGE][PASSED] - Verify element property value successfully

2023-10-16 14:18:51 - [TEST_STEP][PASSED] - verifyElementPropertyValue(getResponse, "offers[11].groups[0].pricingPlans[0].visualElements[0].value", "Watch the most powerful series and movies exclusively without stopping"): Verify element property value successfully

2023-10-16 14:18:51 - [MESSAGE][PASSED] - Verify element property value successfully

2023-10-16 14:18:51 - [TEST_STEP][PASSED] - verifyElementPropertyValue(getResponse, "offers[11].groups[0].pricingPlans[0].visualElements[1].key", "display_title"): Verify element property value successfully

2023-10-16 14:18:52 - [MESSAGE][PASSED] - Verify element property value successfully

2023-10-16 14:18:52 - [TEST_STEP][FAILED] - verifyElementPropertyValue(getResponse, "offers[11].groups[0].pricingPlans[0].visualElements[1].value", "30% Discount Offer"): Expected element property value '30% Discount Offer' is not equal with actual property value '30% Discount Offerâ'

2023-10-16 14:18:52 - [MESSAGE][FAILED] - Expected element property value '30% Discount Offer' is not equal with actual property value '30% Discount Offerâ'

2023-10-16 14:18:52 - [TEST_STEP][PASSED] - verifyElementPropertyValue(getResponse, "offers[11].groups[0].pricingPlans[0].visualElements[3].key", "deduction_text"): Verify element property value successfully

2023-10-16 14:18:52 - [MESSAGE][PASSED] - Verify element property value successfully

2023-10-16 14:18:52 - [TEST_STEP][PASSED] - verifyElementPropertyValue(getResponse, "offers[11].groups[0].pricingPlans[0].visualElements[3].value", "billed every month"): Verify element property value successfully

2023-10-16 14:18:52 - [MESSAGE][PASSED] - Verify element property value successfully

2023-10-16 14:18:52 - [TEST_STEP][PASSED] - verifyElementPropertyValue(getResponse, "offers[11].groups[0].pricingPlans[0].visualElements[6].key", "show_payment_logo"): Verify element property value successfully

2023-10-16 14:18:52 - [MESSAGE][PASSED] - Verify element property value successfully

2023-10-16 14:18:52 - [TEST_STEP][PASSED] - verifyElementPropertyValue(getResponse, "offers[11].groups[0].pricingPlans[0].visualElements[6].value", "true"): Verify element property value successfully

2023-10-16 14:18:52 - [MESSAGE][PASSED] - Verify element property value successfully

2023-10-16 14:18:52 - [TEST_STEP][PASSED] - verifyElementPropertyValue(getResponse, "offers[11].groups[0].pricingPlans[0].visualElements[8].key", "price"): Verify element property value successfully

2023-10-16 14:18:52 - [MESSAGE][PASSED] - Verify element property value successfully

2023-10-16 14:18:52 - [TEST_STEP][PASSED] - verifyElementPropertyValue(getResponse, "offers[11].groups[0].pricingPlans[0].visualElements[8].value", "47"): Verify element property value successfully

2023-10-16 14:18:52 - [MESSAGE][PASSED] - Verify element property value successfully

2023-10-16 14:18:52 - [TEST_STEP][PASSED] - verifyElementPropertyValue(getResponse, "offers[11].groups[0].pricingPlans[0].visualElements[9].key", "currency"): Verify element property value successfully

2023-10-16 14:18:52 - [MESSAGE][PASSED] - Verify element property value successfully

2023-10-16 14:18:52 - [TEST_STEP][PASSED] - verifyElementPropertyValue(getResponse, "offers[11].groups[0].pricingPlans[0].visualElements[9].value", "DH"): Verify element property value successfully

2023-10-16 14:18:52 - [MESSAGE][PASSED] - Verify element property value successfully

2023-10-16 14:18:52 - [TEST_STEP][PASSED] - verifyElementPropertyValue(getResponse, "offers[11].groups[0].pricingPlans[0].visualElements[10].key", "duration"): Verify element property value successfully

2023-10-16 14:18:52 - [MESSAGE][PASSED] - Verify element property value successfully

2023-10-16 14:18:52 - [TEST_STEP][PASSED] - verifyElementPropertyValue(getResponse, "offers[11].groups[0].pricingPlans[0].visualElements[10].value", "Monthly"): Verify element property value successfully

2023-10-16 14:18:52 - [MESSAGE][PASSED] - Verify element property value successfully

2023-10-16 14:18:52 - [TEST_STEP][PASSED] - verifyElementPropertyValue(getResponse, "offers[11].groups[0].pricingPlans[0].visualElements[11].key", "featured_tag_text"): Verify element property value successfully

2023-10-16 14:18:52 - [MESSAGE][PASSED] - Verify element property value successfully

2023-10-16 14:18:52 - [TEST_STEP][PASSED] - verifyElementPropertyValue(getResponse, "offers[11].groups[0].pricingPlans[0].visualElements[11].value", "Limited Time Offer"): Verify element property value successfully

2023-10-16 14:18:52 - [MESSAGE][PASSED] - Verify element property value successfully

2023-10-16 14:18:52 - [TEST_STEP][PASSED] - verifyElementPropertyValue(getResponse, "offers[11].groups[0].pricingPlans[0].visualElements[12].key", "show_tag"): Verify element property value successfully

2023-10-16 14:18:52 - [MESSAGE][PASSED] - Verify element property value successfully

2023-10-16 14:18:52 - [TEST_STEP][PASSED] - verifyElementPropertyValue(getResponse, "offers[11].groups[0].pricingPlans[0].visualElements[12].value", "true"): Verify element property value successfully

2023-10-16 14:18:52 - [MESSAGE][PASSED] - Verify element property value successfully

2023-10-16 14:18:52 - [TEST_STEP][PASSED] - verifyElementPropertyValue(getResponse, "offers[11].groups[0].pricingPlans[0].visualElements[13].key", "tag_text"): Verify element property value successfully

2023-10-16 14:18:52 - [MESSAGE][PASSED] - Verify element property value successfully

2023-10-16 14:18:52 - [TEST_STEP][PASSED] - verifyElementPropertyValue(getResponse, "offers[11].groups[0].pricingPlans[0].visualElements[13].value", "Save 30%"): Verify element property value successfully

2023-10-16 14:18:52 - [MESSAGE][PASSED] - Verify element property value successfully

2023-10-16 14:18:52 - [TEST_STEP][PASSED] - verifyElementPropertyValue(getResponse, "offers[11].groups[0].pricingPlans[0].pricingPlanData[0].productId", "MAR_B2C_SHAHID_VIP_SPORT_1M"): Verify element property value successfully

2023-10-16 14:18:52 - [MESSAGE][PASSED] - Verify element property value successfully

2023-10-16 14:18:52 - [TEST_STEP][PASSED] - verifyElementPropertyValue(getResponse, "offers[11].groups[0].pricingPlans[0].pricingPlanData[0].paymentMethod", "CREDIT_CARD"): Verify element property value successfully

2023-10-16 14:18:52 - [MESSAGE][PASSED] - Verify element property value successfully

2023-10-16 14:18:52 - [TEST_STEP][PASSED] - verifyElementPropertyValue(getResponse, "offers[11].groups[0].pricingPlans[0].pricingPlanData[0].freeTrialEnabled", "false"): Verify element property value successfully

2023-10-16 14:18:52 - [MESSAGE][PASSED] - Verify element property value successfully

2023-10-16 14:18:52 - [TEST_STEP][PASSED] - verifyElementPropertyValue(getResponse, "offers[11].groups[0].pricingPlans[0].pricingPlanData[0].showIn[0]", "VERTICAL_MODE"): Verify element property value successfully

2023-10-16 14:18:52 - [MESSAGE][PASSED] - Verify element property value successfully

2023-10-16 14:18:52 - [TEST_STEP][PASSED] - verifyElementPropertyValue(getResponse, "offers[11].groups[0].pricingPlans[0].pricingPlanData[0].showIn[1]", "HORIZONTAL_MODE"): Verify element property value successfully

2023-10-16 14:18:52 - [MESSAGE][PASSED] - Verify element property value successfully

2023-10-16 14:18:52 - [TEST_STEP][PASSED] - verifyElementPropertyValue(getResponse, "offers[11].groups[0].pricingPlans[0].pricingPlanData[0].priceLabel", "47"): Verify element property value successfully

2023-10-16 14:18:52 - [MESSAGE][PASSED] - Verify element property value successfully

2023-10-16 14:18:52 - [TEST_STEP][PASSED] - verifyElementPropertyValue(getResponse, "offers[11].groups[0].pricingPlans[0].pricingPlanData[0].currencyLabel", "DH"): Verify element property value successfully

2023-10-16 14:18:52 - [MESSAGE][PASSED] - Verify element property value successfully

2023-10-16 14:18:52 - [TEST_STEP][PASSED] - verifyElementPropertyValue(getResponse, "offers[11].groups[0].pricingPlans[0].pricingPlanData[0].dealId", "BYG_SPORT_30P_MAR"): Verify element property value successfully

2023-10-16 14:18:52 - [MESSAGE][PASSED] - Verify element property value successfully

2023-10-16 14:18:52 - [TEST_STEP][PASSED] - verifyElementPropertyValue(getResponse, "offers[11].groups[0].pricingPlans[0].pricingPlanData[0].allowedForAcquisition", "true"): Verify element property value successfully

2023-10-16 14:18:52 - [MESSAGE][PASSED] - Verify element property value successfully

2023-10-16 14:18:52 - [TEST_STEP][PASSED] - verifyElementPropertyValue(getResponse, "offers[11].groups[0].pricingPlans[0].pricingPlanData[0].visualElements[0].key", "title"): Verify element property value successfully

2023-10-16 14:18:52 - [MESSAGE][PASSED] - Verify element property value successfully

2023-10-16 14:18:52 - [TEST_STEP][PASSED] - verifyElementPropertyValue(getResponse, "offers[11].groups[0].pricingPlans[0].pricingPlanData[0].visualElements[0].value", "Credit/Debit Card"): Verify element property value successfully

2023-10-16 14:18:52 - [MESSAGE][PASSED] - Verify element property value successfully

2023-10-16 14:18:52 - [TEST_STEP][PASSED] - verifyElementPropertyValue(getResponse, "offers[11].groups[0].pricingPlans[0].pricingPlanData[0].visualElements[1].key", "CTA_text"): Verify element property value successfully

2023-10-16 14:18:52 - [MESSAGE][PASSED] - Verify element property value successfully

2023-10-16 14:18:52 - [TEST_STEP][PASSED] - verifyElementPropertyValue(getResponse, "offers[11].groups[0].pricingPlans[0].pricingPlanData[0].visualElements[1].value", "Subscribe"): Verify element property value successfully

2023-10-16 14:18:52 - [MESSAGE][PASSED] - Verify element property value successfully

2023-10-16 14:18:52 - [TEST_STEP][PASSED] - verifyElementPropertyValue(getResponse, "offers[11].groups[0].pricingPlans[0].pricingPlanData[0].visualElements[2].key", "logo"): Verify element property value successfully

2023-10-16 14:18:52 - [MESSAGE][PASSED] - Verify element property value successfully

2023-10-16 14:18:52 - [TEST_STEP][PASSED] - verifyElementPropertyValue(getResponse, "offers[11].groups[0].pricingPlans[0].pricingPlanData[0].visualElements[2].value", "https://static.s3.shahid.mbc.net/widget-images/icons/iconCreditCard.png"): Verify element property value successfully

2023-10-16 14:18:52 - [MESSAGE][PASSED] - Verify element property value successfully

2023-10-16 14:18:52 - [TEST_STEP][PASSED] - verifyElementPropertyValue(getResponse, "offers[12].offerId", "byg-sport-40-offer"): Verify element property value successfully

2023-10-16 14:18:52 - [MESSAGE][PASSED] - Verify element property value successfully

2023-10-16 14:18:52 - [TEST_STEP][PASSED] - verifyElementPropertyValue(getResponse, "offers[12].offerParam", "bygsportsoffer40"): Verify element property value successfully

2023-10-16 14:18:52 - [MESSAGE][PASSED] - Verify element property value successfully

2023-10-16 14:18:52 - [TEST_STEP][PASSED] - verifyElementPropertyValue(getResponse, "offers[12].groups[0].pricingPlans[0].featured", "true"): Verify element property value successfully

2023-10-16 14:18:52 - [MESSAGE][PASSED] - Verify element property value successfully

2023-10-16 14:18:52 - [TEST_STEP][PASSED] - verifyElementPropertyValue(getResponse, "offers[12].groups[0].pricingPlans[0].period", "monthly"): Verify element property value successfully

2023-10-16 14:18:52 - [MESSAGE][PASSED] - Verify element property value successfully

2023-10-16 14:18:52 - [TEST_STEP][PASSED] - verifyElementPropertyValue(getResponse, "offers[12].groups[0].pricingPlans[0].featured", "true"): Verify element property value successfully

2023-10-16 14:18:52 - [MESSAGE][PASSED] - Verify element property value successfully

2023-10-16 14:18:52 - [TEST_STEP][PASSED] - verifyElementPropertyValue(getResponse, "offers[12].groups[0].pricingPlans[0].price", "40.0"): Verify element property value successfully

2023-10-16 14:18:52 - [MESSAGE][PASSED] - Verify element property value successfully

2023-10-16 14:18:52 - [TEST_STEP][PASSED] - verifyElementPropertyValue(getResponse, "offers[12].groups[0].pricingPlans[0].currency", "DH"): Verify element property value successfully

2023-10-16 14:18:52 - [MESSAGE][PASSED] - Verify element property value successfully

2023-10-16 14:18:52 - [TEST_STEP][PASSED] - verifyElementPropertyValue(getResponse, "offers[12].groups[0].pricingPlans[0].order", "0"): Verify element property value successfully

2023-10-16 14:18:52 - [MESSAGE][PASSED] - Verify element property value successfully

2023-10-16 14:18:52 - [TEST_STEP][PASSED] - verifyElementPropertyValue(getResponse, "offers[12].groups[0].pricingPlans[0].packageId", "SHAHID_VIP_SPORT"): Verify element property value successfully

2023-10-16 14:18:52 - [MESSAGE][PASSED] - Verify element property value successfully

2023-10-16 14:18:52 - [TEST_STEP][PASSED] - verifyElementPropertyValue(getResponse, "offers[12].groups[0].pricingPlans[0].catalogId", "SPORT"): Verify element property value successfully

2023-10-16 14:18:52 - [MESSAGE][PASSED] - Verify element property value successfully

2023-10-16 14:18:52 - [TEST_STEP][PASSED] - verifyElementPropertyValue(getResponse, "offers[12].groups[0].pricingPlans[0].visualElements[0].key", "Header_1_text"): Verify element property value successfully

2023-10-16 14:18:52 - [MESSAGE][PASSED] - Verify element property value successfully

2023-10-16 14:18:52 - [TEST_STEP][PASSED] - verifyElementPropertyValue(getResponse, "offers[12].groups[0].pricingPlans[0].visualElements[0].value", "Watch the most powerful series and movies exclusively without stopping"): Verify element property value successfully

2023-10-16 14:18:52 - [MESSAGE][PASSED] - Verify element property value successfully

2023-10-16 14:18:52 - [TEST_STEP][PASSED] - verifyElementPropertyValue(getResponse, "offers[12].groups[0].pricingPlans[0].visualElements[1].key", "display_title"): Verify element property value successfully

2023-10-16 14:18:52 - [MESSAGE][PASSED] - Verify element property value successfully

2023-10-16 14:18:52 - [TEST_STEP][FAILED] - verifyElementPropertyValue(getResponse, "offers[12].groups[0].pricingPlans[0].visualElements[1].value", "40% Discount Offer"): Expected element property value '40% Discount Offer' is not equal with actual property value '40% Discount Offerâ'

2023-10-16 14:18:52 - [MESSAGE][FAILED] - Expected element property value '40% Discount Offer' is not equal with actual property value '40% Discount Offerâ'

2023-10-16 14:18:52 - [TEST_STEP][PASSED] - verifyElementPropertyValue(getResponse, "offers[12].groups[0].pricingPlans[0].visualElements[3].key", "deduction_text"): Verify element property value successfully

2023-10-16 14:18:52 - [MESSAGE][PASSED] - Verify element property value successfully

2023-10-16 14:18:52 - [TEST_STEP][PASSED] - verifyElementPropertyValue(getResponse, "offers[12].groups[0].pricingPlans[0].visualElements[3].value", "billed every month"): Verify element property value successfully

2023-10-16 14:18:52 - [MESSAGE][PASSED] - Verify element property value successfully

2023-10-16 14:18:52 - [TEST_STEP][PASSED] - verifyElementPropertyValue(getResponse, "offers[12].groups[0].pricingPlans[0].visualElements[6].key", "show_payment_logo"): Verify element property value successfully

2023-10-16 14:18:52 - [MESSAGE][PASSED] - Verify element property value successfully

2023-10-16 14:18:52 - [TEST_STEP][PASSED] - verifyElementPropertyValue(getResponse, "offers[12].groups[0].pricingPlans[0].visualElements[6].value", "true"): Verify element property value successfully

2023-10-16 14:18:52 - [MESSAGE][PASSED] - Verify element property value successfully

2023-10-16 14:18:52 - [TEST_STEP][PASSED] - verifyElementPropertyValue(getResponse, "offers[12].groups[0].pricingPlans[0].visualElements[8].key", "price"): Verify element property value successfully

2023-10-16 14:18:52 - [MESSAGE][PASSED] - Verify element property value successfully

2023-10-16 14:18:52 - [TEST_STEP][PASSED] - verifyElementPropertyValue(getResponse, "offers[12].groups[0].pricingPlans[0].visualElements[8].value", "40"): Verify element property value successfully

2023-10-16 14:18:52 - [MESSAGE][PASSED] - Verify element property value successfully

2023-10-16 14:18:52 - [TEST_STEP][PASSED] - verifyElementPropertyValue(getResponse, "offers[12].groups[0].pricingPlans[0].visualElements[9].key", "currency"): Verify element property value successfully

2023-10-16 14:18:52 - [MESSAGE][PASSED] - Verify element property value successfully

2023-10-16 14:18:52 - [TEST_STEP][PASSED] - verifyElementPropertyValue(getResponse, "offers[12].groups[0].pricingPlans[0].visualElements[9].value", "DH"): Verify element property value successfully

2023-10-16 14:18:52 - [MESSAGE][PASSED] - Verify element property value successfully

2023-10-16 14:18:52 - [TEST_STEP][PASSED] - verifyElementPropertyValue(getResponse, "offers[12].groups[0].pricingPlans[0].visualElements[10].key", "duration"): Verify element property value successfully

2023-10-16 14:18:52 - [MESSAGE][PASSED] - Verify element property value successfully

2023-10-16 14:18:52 - [TEST_STEP][PASSED] - verifyElementPropertyValue(getResponse, "offers[12].groups[0].pricingPlans[0].visualElements[10].value", "Monthly"): Verify element property value successfully

2023-10-16 14:18:52 - [MESSAGE][PASSED] - Verify element property value successfully

2023-10-16 14:18:52 - [TEST_STEP][PASSED] - verifyElementPropertyValue(getResponse, "offers[12].groups[0].pricingPlans[0].visualElements[11].key", "featured_tag_text"): Verify element property value successfully

2023-10-16 14:18:52 - [MESSAGE][PASSED] - Verify element property value successfully

2023-10-16 14:18:52 - [TEST_STEP][PASSED] - verifyElementPropertyValue(getResponse, "offers[12].groups[0].pricingPlans[0].visualElements[11].value", "Limited Time Offer"): Verify element property value successfully

2023-10-16 14:18:52 - [MESSAGE][PASSED] - Verify element property value successfully

2023-10-16 14:18:52 - [TEST_STEP][PASSED] - verifyElementPropertyValue(getResponse, "offers[12].groups[0].pricingPlans[0].visualElements[13].key", "tag_text"): Verify element property value successfully

2023-10-16 14:18:52 - [MESSAGE][PASSED] - Verify element property value successfully

2023-10-16 14:18:52 - [TEST_STEP][PASSED] - verifyElementPropertyValue(getResponse, "offers[12].groups[0].pricingPlans[0].visualElements[13].value", "Save 40%"): Verify element property value successfully

2023-10-16 14:18:52 - [MESSAGE][PASSED] - Verify element property value successfully

2023-10-16 14:18:52 - [TEST_STEP][PASSED] - verifyElementPropertyValue(getResponse, "offers[12].groups[0].pricingPlans[0].visualElements[12].key", "show_tag"): Verify element property value successfully

2023-10-16 14:18:52 - [MESSAGE][PASSED] - Verify element property value successfully

2023-10-16 14:18:52 - [TEST_STEP][PASSED] - verifyElementPropertyValue(getResponse, "offers[12].groups[0].pricingPlans[0].visualElements[12].value", "true"): Verify element property value successfully

2023-10-16 14:18:52 - [MESSAGE][PASSED] - Verify element property value successfully

2023-10-16 14:18:52 - [TEST_STEP][PASSED] - verifyElementPropertyValue(getResponse, "offers[12].groups[0].pricingPlans[0].pricingPlanData[0].productId", "MAR_B2C_SHAHID_VIP_SPORT_1M"): Verify element property value successfully

2023-10-16 14:18:52 - [MESSAGE][PASSED] - Verify element property value successfully

2023-10-16 14:18:52 - [TEST_STEP][PASSED] - verifyElementPropertyValue(getResponse, "offers[12].groups[0].pricingPlans[0].pricingPlanData[0].paymentMethod", "CREDIT_CARD"): Verify element property value successfully

2023-10-16 14:18:52 - [MESSAGE][PASSED] - Verify element property value successfully

2023-10-16 14:18:52 - [TEST_STEP][PASSED] - verifyElementPropertyValue(getResponse, "offers[12].groups[0].pricingPlans[0].pricingPlanData[0].freeTrialEnabled", "false"): Verify element property value successfully

2023-10-16 14:18:52 - [MESSAGE][PASSED] - Verify element property value successfully

2023-10-16 14:18:52 - [TEST_STEP][PASSED] - verifyElementPropertyValue(getResponse, "offers[12].groups[0].pricingPlans[0].pricingPlanData[0].showIn[0]", "VERTICAL_MODE"): Verify element property value successfully

2023-10-16 14:18:52 - [MESSAGE][PASSED] - Verify element property value successfully

2023-10-16 14:18:52 - [TEST_STEP][PASSED] - verifyElementPropertyValue(getResponse, "offers[12].groups[0].pricingPlans[0].pricingPlanData[0].showIn[1]", "HORIZONTAL_MODE"): Verify element property value successfully

2023-10-16 14:18:52 - [MESSAGE][PASSED] - Verify element property value successfully

2023-10-16 14:18:52 - [TEST_STEP][PASSED] - verifyElementPropertyValue(getResponse, "offers[12].groups[0].pricingPlans[0].pricingPlanData[0].priceLabel", "40"): Verify element property value successfully

2023-10-16 14:18:52 - [MESSAGE][PASSED] - Verify element property value successfully

2023-10-16 14:18:52 - [TEST_STEP][PASSED] - verifyElementPropertyValue(getResponse, "offers[12].groups[0].pricingPlans[0].pricingPlanData[0].currencyLabel", "DH"): Verify element property value successfully

2023-10-16 14:18:52 - [MESSAGE][PASSED] - Verify element property value successfully

2023-10-16 14:18:52 - [TEST_STEP][PASSED] - verifyElementPropertyValue(getResponse, "offers[12].groups[0].pricingPlans[0].pricingPlanData[0].dealId", "BYG_SPORT_40P_MAR"): Verify element property value successfully

2023-10-16 14:18:52 - [MESSAGE][PASSED] - Verify element property value successfully

2023-10-16 14:18:52 - [TEST_STEP][PASSED] - verifyElementPropertyValue(getResponse, "offers[12].groups[0].pricingPlans[0].pricingPlanData[0].allowedForAcquisition", "true"): Verify element property value successfully

2023-10-16 14:18:52 - [MESSAGE][PASSED] - Verify element property value successfully

2023-10-16 14:18:52 - [TEST_STEP][PASSED] - verifyElementPropertyValue(getResponse, "offers[12].groups[0].pricingPlans[0].pricingPlanData[0].visualElements[0].key", "title"): Verify element property value successfully

2023-10-16 14:18:52 - [MESSAGE][PASSED] - Verify element property value successfully

2023-10-16 14:18:52 - [TEST_STEP][PASSED] - verifyElementPropertyValue(getResponse, "offers[12].groups[0].pricingPlans[0].pricingPlanData[0].visualElements[0].value", "Credit/Debit Card"): Verify element property value successfully

2023-10-16 14:18:52 - [MESSAGE][PASSED] - Verify element property value successfully

2023-10-16 14:18:52 - [TEST_STEP][PASSED] - verifyElementPropertyValue(getResponse, "offers[12].groups[0].pricingPlans[0].pricingPlanData[0].visualElements[1].key", "CTA_text"): Verify element property value successfully

2023-10-16 14:18:52 - [MESSAGE][PASSED] - Verify element property value successfully

2023-10-16 14:18:52 - [TEST_STEP][PASSED] - verifyElementPropertyValue(getResponse, "offers[12].groups[0].pricingPlans[0].pricingPlanData[0].visualElements[1].value", "Subscribe"): Verify element property value successfully

2023-10-16 14:18:52 - [MESSAGE][PASSED] - Verify element property value successfully

2023-10-16 14:18:52 - [TEST_STEP][PASSED] - verifyElementPropertyValue(getResponse, "offers[12].groups[0].pricingPlans[0].pricingPlanData[0].visualElements[2].key", "logo"): Verify element property value successfully

2023-10-16 14:18:52 - [MESSAGE][PASSED] - Verify element property value successfully

2023-10-16 14:18:52 - [TEST_STEP][PASSED] - verifyElementPropertyValue(getResponse, "offers[12].groups[0].pricingPlans[0].pricingPlanData[0].visualElements[2].value", "https://static.s3.shahid.mbc.net/widget-images/icons/iconCreditCard.png"): Verify element property value successfully

2023-10-16 14:18:52 - [MESSAGE][PASSED] - Verify element property value successfully

2023-10-16 14:18:52 - [TEST_STEP][PASSED] - verifyElementPropertyValue(getResponse, "offers[13].offerId", "byg-sport-50-offer"): Verify element property value successfully

2023-10-16 14:18:52 - [MESSAGE][PASSED] - Verify element property value successfully

2023-10-16 14:18:52 - [TEST_STEP][PASSED] - verifyElementPropertyValue(getResponse, "offers[13].offerParam", "bygsportsoffer50"): Verify element property value successfully

2023-10-16 14:18:52 - [MESSAGE][PASSED] - Verify element property value successfully

2023-10-16 14:18:52 - [TEST_STEP][PASSED] - verifyElementPropertyValue(getResponse, "offers[13].groups[0].pricingPlans[0].featured", "true"): Verify element property value successfully

2023-10-16 14:18:52 - [MESSAGE][PASSED] - Verify element property value successfully

2023-10-16 14:18:52 - [TEST_STEP][PASSED] - verifyElementPropertyValue(getResponse, "offers[13].groups[0].pricingPlans[0].period", "monthly"): Verify element property value successfully

2023-10-16 14:18:52 - [MESSAGE][PASSED] - Verify element property value successfully

2023-10-16 14:18:52 - [TEST_STEP][PASSED] - verifyElementPropertyValue(getResponse, "offers[13].groups[0].pricingPlans[0].featured", "true"): Verify element property value successfully

2023-10-16 14:18:52 - [MESSAGE][PASSED] - Verify element property value successfully

2023-10-16 14:18:52 - [TEST_STEP][PASSED] - verifyElementPropertyValue(getResponse, "offers[13].groups[0].pricingPlans[0].price", "34.0"): Verify element property value successfully

2023-10-16 14:18:52 - [MESSAGE][PASSED] - Verify element property value successfully

2023-10-16 14:18:52 - [TEST_STEP][PASSED] - verifyElementPropertyValue(getResponse, "offers[13].groups[0].pricingPlans[0].currency", "DH"): Verify element property value successfully

2023-10-16 14:18:52 - [MESSAGE][PASSED] - Verify element property value successfully

2023-10-16 14:18:52 - [TEST_STEP][PASSED] - verifyElementPropertyValue(getResponse, "offers[13].groups[0].pricingPlans[0].order", "0"): Verify element property value successfully

2023-10-16 14:18:52 - [MESSAGE][PASSED] - Verify element property value successfully

2023-10-16 14:18:52 - [TEST_STEP][PASSED] - verifyElementPropertyValue(getResponse, "offers[13].groups[0].pricingPlans[0].packageId", "SHAHID_VIP_SPORT"): Verify element property value successfully

2023-10-16 14:18:52 - [MESSAGE][PASSED] - Verify element property value successfully

2023-10-16 14:18:52 - [TEST_STEP][PASSED] - verifyElementPropertyValue(getResponse, "offers[13].groups[0].pricingPlans[0].catalogId", "SPORT"): Verify element property value successfully

2023-10-16 14:18:52 - [MESSAGE][PASSED] - Verify element property value successfully

2023-10-16 14:18:52 - [TEST_STEP][PASSED] - verifyElementPropertyValue(getResponse, "offers[13].groups[0].pricingPlans[0].visualElements[0].key", "Header_1_text"): Verify element property value successfully

2023-10-16 14:18:52 - [MESSAGE][PASSED] - Verify element property value successfully

2023-10-16 14:18:52 - [TEST_STEP][PASSED] - verifyElementPropertyValue(getResponse, "offers[13].groups[0].pricingPlans[0].visualElements[0].value", "Watch the most powerful series and movies exclusively without stopping"): Verify element property value successfully

2023-10-16 14:18:52 - [MESSAGE][PASSED] - Verify element property value successfully

2023-10-16 14:18:52 - [TEST_STEP][PASSED] - verifyElementPropertyValue(getResponse, "offers[13].groups[0].pricingPlans[0].visualElements[1].key", "display_title"): Verify element property value successfully

2023-10-16 14:18:52 - [MESSAGE][PASSED] - Verify element property value successfully

2023-10-16 14:18:52 - [TEST_STEP][FAILED] - verifyElementPropertyValue(getResponse, "offers[13].groups[0].pricingPlans[0].visualElements[1].value", "50% Discount Offer"): Expected element property value '50% Discount Offer' is not equal with actual property value '50% Discount Offerâ'

2023-10-16 14:18:52 - [MESSAGE][FAILED] - Expected element property value '50% Discount Offer' is not equal with actual property value '50% Discount Offerâ'

2023-10-16 14:18:52 - [TEST_STEP][PASSED] - verifyElementPropertyValue(getResponse, "offers[13].groups[0].pricingPlans[0].visualElements[3].key", "deduction_text"): Verify element property value successfully

2023-10-16 14:18:52 - [MESSAGE][PASSED] - Verify element property value successfully

2023-10-16 14:18:52 - [TEST_STEP][PASSED] - verifyElementPropertyValue(getResponse, "offers[13].groups[0].pricingPlans[0].visualElements[3].value", "billed every month"): Verify element property value successfully

2023-10-16 14:18:52 - [MESSAGE][PASSED] - Verify element property value successfully

2023-10-16 14:18:52 - [TEST_STEP][PASSED] - verifyElementPropertyValue(getResponse, "offers[13].groups[0].pricingPlans[0].visualElements[6].key", "show_payment_logo"): Verify element property value successfully

2023-10-16 14:18:52 - [MESSAGE][PASSED] - Verify element property value successfully

2023-10-16 14:18:52 - [TEST_STEP][PASSED] - verifyElementPropertyValue(getResponse, "offers[13].groups[0].pricingPlans[0].visualElements[6].value", "true"): Verify element property value successfully

2023-10-16 14:18:52 - [MESSAGE][PASSED] - Verify element property value successfully

2023-10-16 14:18:52 - [TEST_STEP][PASSED] - verifyElementPropertyValue(getResponse, "offers[13].groups[0].pricingPlans[0].visualElements[8].key", "price"): Verify element property value successfully

2023-10-16 14:18:52 - [MESSAGE][PASSED] - Verify element property value successfully

2023-10-16 14:18:52 - [TEST_STEP][PASSED] - verifyElementPropertyValue(getResponse, "offers[13].groups[0].pricingPlans[0].visualElements[8].value", "34"): Verify element property value successfully

2023-10-16 14:18:52 - [MESSAGE][PASSED] - Verify element property value successfully

2023-10-16 14:18:52 - [TEST_STEP][PASSED] - verifyElementPropertyValue(getResponse, "offers[13].groups[0].pricingPlans[0].visualElements[9].key", "currency"): Verify element property value successfully

2023-10-16 14:18:52 - [MESSAGE][PASSED] - Verify element property value successfully

2023-10-16 14:18:52 - [TEST_STEP][PASSED] - verifyElementPropertyValue(getResponse, "offers[13].groups[0].pricingPlans[0].visualElements[9].value", "DH"): Verify element property value successfully

2023-10-16 14:18:52 - [MESSAGE][PASSED] - Verify element property value successfully

2023-10-16 14:18:52 - [TEST_STEP][PASSED] - verifyElementPropertyValue(getResponse, "offers[13].groups[0].pricingPlans[0].visualElements[10].key", "duration"): Verify element property value successfully

2023-10-16 14:18:52 - [MESSAGE][PASSED] - Verify element property value successfully

2023-10-16 14:18:52 - [TEST_STEP][PASSED] - verifyElementPropertyValue(getResponse, "offers[13].groups[0].pricingPlans[0].visualElements[10].value", "Monthly"): Verify element property value successfully

2023-10-16 14:18:52 - [MESSAGE][PASSED] - Verify element property value successfully

2023-10-16 14:18:52 - [TEST_STEP][PASSED] - verifyElementPropertyValue(getResponse, "offers[13].groups[0].pricingPlans[0].visualElements[11].key", "featured_tag_text"): Verify element property value successfully

2023-10-16 14:18:52 - [MESSAGE][PASSED] - Verify element property value successfully

2023-10-16 14:18:52 - [TEST_STEP][PASSED] - verifyElementPropertyValue(getResponse, "offers[13].groups[0].pricingPlans[0].visualElements[11].value", "Limited Time Offer"): Verify element property value successfully

2023-10-16 14:18:52 - [MESSAGE][PASSED] - Verify element property value successfully

2023-10-16 14:18:52 - [TEST_STEP][PASSED] - verifyElementPropertyValue(getResponse, "offers[13].groups[0].pricingPlans[0].visualElements[13].key", "tag_text"): Verify element property value successfully

2023-10-16 14:18:52 - [MESSAGE][PASSED] - Verify element property value successfully

2023-10-16 14:18:52 - [TEST_STEP][PASSED] - verifyElementPropertyValue(getResponse, "offers[13].groups[0].pricingPlans[0].visualElements[13].value", "Save 50%"): Verify element property value successfully

2023-10-16 14:18:52 - [MESSAGE][PASSED] - Verify element property value successfully

2023-10-16 14:18:52 - [TEST_STEP][PASSED] - verifyElementPropertyValue(getResponse, "offers[13].groups[0].pricingPlans[0].visualElements[12].key", "show_tag"): Verify element property value successfully

2023-10-16 14:18:52 - [MESSAGE][PASSED] - Verify element property value successfully

2023-10-16 14:18:52 - [TEST_STEP][PASSED] - verifyElementPropertyValue(getResponse, "offers[13].groups[0].pricingPlans[0].visualElements[12].value", "true"): Verify element property value successfully

2023-10-16 14:18:52 - [MESSAGE][PASSED] - Verify element property value successfully

2023-10-16 14:18:52 - [TEST_STEP][PASSED] - verifyElementPropertyValue(getResponse, "offers[13].groups[0].pricingPlans[0].pricingPlanData[0].productId", "MAR_B2C_SHAHID_VIP_SPORT_1M"): Verify element property value successfully

2023-10-16 14:18:52 - [MESSAGE][PASSED] - Verify element property value successfully

2023-10-16 14:18:52 - [TEST_STEP][PASSED] - verifyElementPropertyValue(getResponse, "offers[13].groups[0].pricingPlans[0].pricingPlanData[0].paymentMethod", "CREDIT_CARD"): Verify element property value successfully

2023-10-16 14:18:52 - [MESSAGE][PASSED] - Verify element property value successfully

2023-10-16 14:18:52 - [TEST_STEP][PASSED] - verifyElementPropertyValue(getResponse, "offers[13].groups[0].pricingPlans[0].pricingPlanData[0].freeTrialEnabled", "false"): Verify element property value successfully

2023-10-16 14:18:52 - [MESSAGE][PASSED] - Verify element property value successfully

2023-10-16 14:18:52 - [TEST_STEP][PASSED] - verifyElementPropertyValue(getResponse, "offers[13].groups[0].pricingPlans[0].pricingPlanData[0].showIn[0]", "VERTICAL_MODE"): Verify element property value successfully

2023-10-16 14:18:52 - [MESSAGE][PASSED] - Verify element property value successfully

2023-10-16 14:18:52 - [TEST_STEP][PASSED] - verifyElementPropertyValue(getResponse, "offers[13].groups[0].pricingPlans[0].pricingPlanData[0].showIn[1]", "HORIZONTAL_MODE"): Verify element property value successfully

2023-10-16 14:18:52 - [MESSAGE][PASSED] - Verify element property value successfully

2023-10-16 14:18:52 - [TEST_STEP][PASSED] - verifyElementPropertyValue(getResponse, "offers[13].groups[0].pricingPlans[0].pricingPlanData[0].priceLabel", "34"): Verify element property value successfully

2023-10-16 14:18:52 - [MESSAGE][PASSED] - Verify element property value successfully

2023-10-16 14:18:52 - [TEST_STEP][PASSED] - verifyElementPropertyValue(getResponse, "offers[13].groups[0].pricingPlans[0].pricingPlanData[0].currencyLabel", "DH"): Verify element property value successfully

2023-10-16 14:18:52 - [MESSAGE][PASSED] - Verify element property value successfully

2023-10-16 14:18:52 - [TEST_STEP][PASSED] - verifyElementPropertyValue(getResponse, "offers[13].groups[0].pricingPlans[0].pricingPlanData[0].dealId", "BYG_SPORT_50P_MAR"): Verify element property value successfully

2023-10-16 14:18:52 - [MESSAGE][PASSED] - Verify element property value successfully

2023-10-16 14:18:52 - [TEST_STEP][PASSED] - verifyElementPropertyValue(getResponse, "offers[13].groups[0].pricingPlans[0].pricingPlanData[0].allowedForAcquisition", "true"): Verify element property value successfully

2023-10-16 14:18:52 - [MESSAGE][PASSED] - Verify element property value successfully

2023-10-16 14:18:52 - [TEST_STEP][PASSED] - verifyElementPropertyValue(getResponse, "offers[13].groups[0].pricingPlans[0].pricingPlanData[0].visualElements[0].key", "title"): Verify element property value successfully

2023-10-16 14:18:53 - [MESSAGE][PASSED] - Verify element property value successfully

2023-10-16 14:18:53 - [TEST_STEP][PASSED] - verifyElementPropertyValue(getResponse, "offers[13].groups[0].pricingPlans[0].pricingPlanData[0].visualElements[0].value", "Credit/Debit Card"): Verify element property value successfully

2023-10-16 14:18:53 - [MESSAGE][PASSED] - Verify element property value successfully

2023-10-16 14:18:53 - [TEST_STEP][PASSED] - verifyElementPropertyValue(getResponse, "offers[13].groups[0].pricingPlans[0].pricingPlanData[0].visualElements[1].key", "CTA_text"): Verify element property value successfully

2023-10-16 14:18:53 - [MESSAGE][PASSED] - Verify element property value successfully

2023-10-16 14:18:53 - [TEST_STEP][PASSED] - verifyElementPropertyValue(getResponse, "offers[13].groups[0].pricingPlans[0].pricingPlanData[0].visualElements[1].value", "Subscribe"): Verify element property value successfully

2023-10-16 14:18:53 - [MESSAGE][PASSED] - Verify element property value successfully

2023-10-16 14:18:53 - [TEST_STEP][PASSED] - verifyElementPropertyValue(getResponse, "offers[13].groups[0].pricingPlans[0].pricingPlanData[0].visualElements[2].key", "logo"): Verify element property value successfully

2023-10-16 14:18:53 - [MESSAGE][PASSED] - Verify element property value successfully

2023-10-16 14:18:53 - [TEST_STEP][PASSED] - verifyElementPropertyValue(getResponse, "offers[13].groups[0].pricingPlans[0].pricingPlanData[0].visualElements[2].value", "https://static.s3.shahid.mbc.net/widget-images/icons/iconCreditCard.png"): Verify element property value successfully

2023-10-16 14:18:53 - [MESSAGE][PASSED] - Verify element property value successfully]]></system-out>
         <system-err><![CDATA[2023-10-16 14:18:49 - [TEST_CASE][FAILED] - Test Cases/WEB - CHROME/MAR PI/WEB_EN_getOffersForMAR_SPORT: Test Cases/WEB - CHROME/MAR PI/WEB_EN_getOffersForMAR_SPORT FAILED.
Reason:
com.kms.katalon.core.exception.StepFailedException: Expected element property value '30% Discount Offer' is not equal with actual property value '30% Discount Offerâ'
	at com.kms.katalon.core.keyword.internal.KeywordMain.stepFailed(KeywordMain.groovy:39)
	at com.kms.katalon.core.webservice.keyword.builtin.VerifyElementPropertyValueKeyword$_verifyElementPropertyValue_closure1.doCall(VerifyElementPropertyValueKeyword.groovy:56)
	at com.kms.katalon.core.webservice.keyword.builtin.VerifyElementPropertyValueKeyword$_verifyElementPropertyValue_closure1.call(VerifyElementPropertyValueKeyword.groovy)
	at com.kms.katalon.core.keyword.internal.KeywordMain.runKeyword(KeywordMain.groovy:75)
	at com.kms.katalon.core.webservice.keyword.builtin.VerifyElementPropertyValueKeyword.verifyElementPropertyValue(VerifyElementPropertyValueKeyword.groovy:48)
	at com.kms.katalon.core.webservice.keyword.builtin.VerifyElementPropertyValueKeyword.execute(VerifyElementPropertyValueKeyword.groovy:43)
	at com.kms.katalon.core.keyword.internal.KeywordExecutor.executeKeywordForPlatform(KeywordExecutor.groovy:74)
	at com.kms.katalon.core.webservice.keyword.WSBuiltInKeywords.verifyElementPropertyValue(WSBuiltInKeywords.groovy:190)
	at com.kms.katalon.core.webservice.keyword.WSBuiltInKeywords$verifyElementPropertyValue$1.call(Unknown Source)
	at WEB_EN_getOffersForMAR_SPORT.run(WEB_EN_getOffersForMAR_SPORT:45)
	at com.kms.katalon.core.main.ScriptEngine.run(ScriptEngine.java:194)
	at com.kms.katalon.core.main.ScriptEngine.runScriptAsRawText(ScriptEngine.java:119)
	at com.kms.katalon.core.main.TestCaseExecutor.runScript(TestCaseExecutor.java:448)
	at com.kms.katalon.core.main.TestCaseExecutor.doExecute(TestCaseExecutor.java:439)
	at com.kms.katalon.core.main.TestCaseExecutor.processExecutionPhase(TestCaseExecutor.java:418)
	at com.kms.katalon.core.main.TestCaseExecutor.accessMainPhase(TestCaseExecutor.java:410)
	at com.kms.katalon.core.main.TestCaseExecutor.execute(TestCaseExecutor.java:285)
	at com.kms.katalon.core.common.CommonExecutor.accessTestCaseMainPhase(CommonExecutor.java:65)
	at com.kms.katalon.core.main.TestSuiteExecutor.accessTestSuiteMainPhase(TestSuiteExecutor.java:148)
	at com.kms.katalon.core.main.TestSuiteExecutor.execute(TestSuiteExecutor.java:106)
	at com.kms.katalon.core.main.TestCaseMain.startTestSuite(TestCaseMain.java:187)
	at com.kms.katalon.core.main.TestCaseMain$startTestSuite$0.call(Unknown Source)
	at TempTestSuite1697454219692.run(TempTestSuite1697454219692.groovy:36)]]></system-err>
      </testcase>
      <testcase name="Test Cases/WEB - CHROME/MAR PI/WEB_EN_getOffersForMAR_VIP" time="2.772" classname="Test Cases/WEB - CHROME/MAR PI/WEB_EN_getOffersForMAR_VIP" status="FAILED">
         <failure type="FAILED" message="Test Cases/WEB - CHROME/MAR PI/WEB_EN_getOffersForMAR_VIP FAILED.
Reason:
com.kms.katalon.core.exception.StepFailedException: Expected element property value '30% Discount Offer' is not equal with actual property value '30% Discount Offerâ'
	at com.kms.katalon.core.keyword.internal.KeywordMain.stepFailed(KeywordMain.groovy:39)
	at com.kms.katalon.core.webservice.keyword.builtin.VerifyElementPropertyValueKeyword$_verifyElementPropertyValue_closure1.doCall(VerifyElementPropertyValueKeyword.groovy:56)
	at com.kms.katalon.core.webservice.keyword.builtin.VerifyElementPropertyValueKeyword$_verifyElementPropertyValue_closure1.call(VerifyElementPropertyValueKeyword.groovy)
	at com.kms.katalon.core.keyword.internal.KeywordMain.runKeyword(KeywordMain.groovy:75)
	at com.kms.katalon.core.webservice.keyword.builtin.VerifyElementPropertyValueKeyword.verifyElementPropertyValue(VerifyElementPropertyValueKeyword.groovy:48)
	at com.kms.katalon.core.webservice.keyword.builtin.VerifyElementPropertyValueKeyword.execute(VerifyElementPropertyValueKeyword.groovy:43)
	at com.kms.katalon.core.keyword.internal.KeywordExecutor.executeKeywordForPlatform(KeywordExecutor.groovy:74)
	at com.kms.katalon.core.webservice.keyword.WSBuiltInKeywords.verifyElementPropertyValue(WSBuiltInKeywords.groovy:190)
	at com.kms.katalon.core.webservice.keyword.WSBuiltInKeywords$verifyElementPropertyValue$1.call(Unknown Source)
	at WEB_EN_getOffersForMAR_VIP.run(WEB_EN_getOffersForMAR_VIP:59)
	at com.kms.katalon.core.main.ScriptEngine.run(ScriptEngine.java:194)
	at com.kms.katalon.core.main.ScriptEngine.runScriptAsRawText(ScriptEngine.java:119)
	at com.kms.katalon.core.main.TestCaseExecutor.runScript(TestCaseExecutor.java:448)
	at com.kms.katalon.core.main.TestCaseExecutor.doExecute(TestCaseExecutor.java:439)
	at com.kms.katalon.core.main.TestCaseExecutor.processExecutionPhase(TestCaseExecutor.java:418)
	at com.kms.katalon.core.main.TestCaseExecutor.accessMainPhase(TestCaseExecutor.java:410)
	at com.kms.katalon.core.main.TestCaseExecutor.execute(TestCaseExecutor.java:285)
	at com.kms.katalon.core.common.CommonExecutor.accessTestCaseMainPhase(CommonExecutor.java:65)
	at com.kms.katalon.core.main.TestSuiteExecutor.accessTestSuiteMainPhase(TestSuiteExecutor.java:148)
	at com.kms.katalon.core.main.TestSuiteExecutor.execute(TestSuiteExecutor.java:106)
	at com.kms.katalon.core.main.TestCaseMain.startTestSuite(TestCaseMain.java:187)
	at com.kms.katalon.core.main.TestCaseMain$startTestSuite$0.call(Unknown Source)
	at TempTestSuite1697454219692.run(TempTestSuite1697454219692.groovy:36)
"/>
         <system-out><![CDATA[2023-10-16 14:18:53 - [TEST_CASE][FAILED] - Test Cases/WEB - CHROME/MAR PI/WEB_EN_getOffersForMAR_VIP: Test Cases/WEB - CHROME/MAR PI/WEB_EN_getOffersForMAR_VIP FAILED.
Reason:
com.kms.katalon.core.exception.StepFailedException: Expected element property value '30% Discount Offer' is not equal with actual property value '30% Discount Offerâ'
	at com.kms.katalon.core.keyword.internal.KeywordMain.stepFailed(KeywordMain.groovy:39)
	at com.kms.katalon.core.webservice.keyword.builtin.VerifyElementPropertyValueKeyword$_verifyElementPropertyValue_closure1.doCall(VerifyElementPropertyValueKeyword.groovy:56)
	at com.kms.katalon.core.webservice.keyword.builtin.VerifyElementPropertyValueKeyword$_verifyElementPropertyValue_closure1.call(VerifyElementPropertyValueKeyword.groovy)
	at com.kms.katalon.core.keyword.internal.KeywordMain.runKeyword(KeywordMain.groovy:75)
	at com.kms.katalon.core.webservice.keyword.builtin.VerifyElementPropertyValueKeyword.verifyElementPropertyValue(VerifyElementPropertyValueKeyword.groovy:48)
	at com.kms.katalon.core.webservice.keyword.builtin.VerifyElementPropertyValueKeyword.execute(VerifyElementPropertyValueKeyword.groovy:43)
	at com.kms.katalon.core.keyword.internal.KeywordExecutor.executeKeywordForPlatform(KeywordExecutor.groovy:74)
	at com.kms.katalon.core.webservice.keyword.WSBuiltInKeywords.verifyElementPropertyValue(WSBuiltInKeywords.groovy:190)
	at com.kms.katalon.core.webservice.keyword.WSBuiltInKeywords$verifyElementPropertyValue$1.call(Unknown Source)
	at WEB_EN_getOffersForMAR_VIP.run(WEB_EN_getOffersForMAR_VIP:59)
	at com.kms.katalon.core.main.ScriptEngine.run(ScriptEngine.java:194)
	at com.kms.katalon.core.main.ScriptEngine.runScriptAsRawText(ScriptEngine.java:119)
	at com.kms.katalon.core.main.TestCaseExecutor.runScript(TestCaseExecutor.java:448)
	at com.kms.katalon.core.main.TestCaseExecutor.doExecute(TestCaseExecutor.java:439)
	at com.kms.katalon.core.main.TestCaseExecutor.processExecutionPhase(TestCaseExecutor.java:418)
	at com.kms.katalon.core.main.TestCaseExecutor.accessMainPhase(TestCaseExecutor.java:410)
	at com.kms.katalon.core.main.TestCaseExecutor.execute(TestCaseExecutor.java:285)
	at com.kms.katalon.core.common.CommonExecutor.accessTestCaseMainPhase(CommonExecutor.java:65)
	at com.kms.katalon.core.main.TestSuiteExecutor.accessTestSuiteMainPhase(TestSuiteExecutor.java:148)
	at com.kms.katalon.core.main.TestSuiteExecutor.execute(TestSuiteExecutor.java:106)
	at com.kms.katalon.core.main.TestCaseMain.startTestSuite(TestCaseMain.java:187)
	at com.kms.katalon.core.main.TestCaseMain$startTestSuite$0.call(Unknown Source)
	at TempTestSuite1697454219692.run(TempTestSuite1697454219692.groovy:36)


2023-10-16 14:18:53 - [TEST_STEP][PASSED] - getResponse = config_files.getConfigFile.getConfig("WEB", "EN", "SHAHID_VIP", "MA", "false"): config_files.getConfigFile.getConfig is PASSED

2023-10-16 14:18:53 - [MESSAGE][INFO] - HAR: /Users/admin/git/shahid-configuration/Reports/20231016_140310/WEB/MAR/20231016_140339/requests/main/7.har

2023-10-16 14:18:53 - [MESSAGE][PASSED] - Send request successfully

2023-10-16 14:18:54 - [MESSAGE][PASSED] - config_files.getConfigFile.getConfig is PASSED

2023-10-16 14:18:54 - [TEST_STEP][PASSED] - verifyResponseStatusCode(getResponse, 200): Verify response status code successfully

2023-10-16 14:18:54 - [MESSAGE][PASSED] - Verify response status code successfully

2023-10-16 14:18:54 - [TEST_STEP][PASSED] - verifyElementPropertyValue(getResponse, "country", "MAR"): Verify element property value successfully

2023-10-16 14:18:54 - [MESSAGE][PASSED] - Verify element property value successfully

2023-10-16 14:18:54 - [TEST_STEP][PASSED] - verifyElementPropertyValue(getResponse, "platform", "[WEB]"): Verify element property value successfully

2023-10-16 14:18:54 - [MESSAGE][PASSED] - Verify element property value successfully

2023-10-16 14:18:54 - [TEST_STEP][PASSED] - verifyElementPropertyValue(getResponse, "offers[0].offerId", "winback-30-offer"): Verify element property value successfully

2023-10-16 14:18:54 - [MESSAGE][PASSED] - Verify element property value successfully

2023-10-16 14:18:54 - [TEST_STEP][PASSED] - verifyElementPropertyValue(getResponse, "offers[0].offerParam", "winback30"): Verify element property value successfully

2023-10-16 14:18:54 - [MESSAGE][PASSED] - Verify element property value successfully

2023-10-16 14:18:54 - [TEST_STEP][PASSED] - verifyElementPropertyValue(getResponse, "offers[0].groups[0].pricingPlans[0].featured", "true"): Verify element property value successfully

2023-10-16 14:18:54 - [MESSAGE][PASSED] - Verify element property value successfully

2023-10-16 14:18:54 - [TEST_STEP][PASSED] - verifyElementPropertyValue(getResponse, "offers[0].groups[0].pricingPlans[0].period", "monthly"): Verify element property value successfully

2023-10-16 14:18:54 - [MESSAGE][PASSED] - Verify element property value successfully

2023-10-16 14:18:54 - [TEST_STEP][PASSED] - verifyElementPropertyValue(getResponse, "offers[0].groups[0].pricingPlans[0].featured", "true"): Verify element property value successfully

2023-10-16 14:18:54 - [MESSAGE][PASSED] - Verify element property value successfully

2023-10-16 14:18:54 - [TEST_STEP][PASSED] - verifyElementPropertyValue(getResponse, "offers[0].groups[0].pricingPlans[0].price", "24.0"): Verify element property value successfully

2023-10-16 14:18:54 - [MESSAGE][PASSED] - Verify element property value successfully

2023-10-16 14:18:54 - [TEST_STEP][PASSED] - verifyElementPropertyValue(getResponse, "offers[0].groups[0].pricingPlans[0].currency", "DH"): Verify element property value successfully

2023-10-16 14:18:54 - [MESSAGE][PASSED] - Verify element property value successfully

2023-10-16 14:18:54 - [TEST_STEP][PASSED] - verifyElementPropertyValue(getResponse, "offers[0].groups[0].pricingPlans[0].order", "0"): Verify element property value successfully

2023-10-16 14:18:54 - [MESSAGE][PASSED] - Verify element property value successfully

2023-10-16 14:18:54 - [TEST_STEP][PASSED] - verifyElementPropertyValue(getResponse, "offers[0].groups[0].pricingPlans[0].packageId", "SHAHID_VIP"): Verify element property value successfully

2023-10-16 14:18:54 - [MESSAGE][PASSED] - Verify element property value successfully

2023-10-16 14:18:54 - [TEST_STEP][PASSED] - verifyElementPropertyValue(getResponse, "offers[0].groups[0].pricingPlans[0].catalogId", "VIP"): Verify element property value successfully

2023-10-16 14:18:54 - [MESSAGE][PASSED] - Verify element property value successfully

2023-10-16 14:18:54 - [TEST_STEP][PASSED] - verifyElementPropertyValue(getResponse, "offers[0].groups[0].pricingPlans[0].visualElements[0].key", "Header_1_text"): Verify element property value successfully

2023-10-16 14:18:54 - [MESSAGE][PASSED] - Verify element property value successfully

2023-10-16 14:18:54 - [TEST_STEP][PASSED] - verifyElementPropertyValue(getResponse, "offers[0].groups[0].pricingPlans[0].visualElements[0].value", "Watch the most powerful series and movies exclusively without stopping"): Verify element property value successfully

2023-10-16 14:18:54 - [MESSAGE][PASSED] - Verify element property value successfully

2023-10-16 14:18:54 - [TEST_STEP][PASSED] - verifyElementPropertyValue(getResponse, "offers[0].groups[0].pricingPlans[0].visualElements[1].key", "display_title"): Verify element property value successfully

2023-10-16 14:18:54 - [MESSAGE][PASSED] - Verify element property value successfully

2023-10-16 14:18:54 - [TEST_STEP][FAILED] - verifyElementPropertyValue(getResponse, "offers[0].groups[0].pricingPlans[0].visualElements[1].value", "30% Discount Offer"): Expected element property value '30% Discount Offer' is not equal with actual property value '30% Discount Offerâ'

2023-10-16 14:18:54 - [MESSAGE][FAILED] - Expected element property value '30% Discount Offer' is not equal with actual property value '30% Discount Offerâ'

2023-10-16 14:18:54 - [TEST_STEP][PASSED] - verifyElementPropertyValue(getResponse, "offers[0].groups[0].pricingPlans[0].visualElements[3].key", "deduction_text"): Verify element property value successfully

2023-10-16 14:18:54 - [MESSAGE][PASSED] - Verify element property value successfully

2023-10-16 14:18:54 - [TEST_STEP][PASSED] - verifyElementPropertyValue(getResponse, "offers[0].groups[0].pricingPlans[0].visualElements[3].value", "billed every month"): Verify element property value successfully

2023-10-16 14:18:54 - [MESSAGE][PASSED] - Verify element property value successfully

2023-10-16 14:18:54 - [TEST_STEP][PASSED] - verifyElementPropertyValue(getResponse, "offers[0].groups[0].pricingPlans[0].visualElements[6].key", "show_payment_logo"): Verify element property value successfully

2023-10-16 14:18:54 - [MESSAGE][PASSED] - Verify element property value successfully

2023-10-16 14:18:54 - [TEST_STEP][PASSED] - verifyElementPropertyValue(getResponse, "offers[0].groups[0].pricingPlans[0].visualElements[6].value", "true"): Verify element property value successfully

2023-10-16 14:18:54 - [MESSAGE][PASSED] - Verify element property value successfully

2023-10-16 14:18:54 - [TEST_STEP][PASSED] - verifyElementPropertyValue(getResponse, "offers[0].groups[0].pricingPlans[0].visualElements[8].key", "price"): Verify element property value successfully

2023-10-16 14:18:54 - [MESSAGE][PASSED] - Verify element property value successfully

2023-10-16 14:18:54 - [TEST_STEP][PASSED] - verifyElementPropertyValue(getResponse, "offers[0].groups[0].pricingPlans[0].visualElements[8].value", "24"): Verify element property value successfully

2023-10-16 14:18:54 - [MESSAGE][PASSED] - Verify element property value successfully

2023-10-16 14:18:54 - [TEST_STEP][PASSED] - verifyElementPropertyValue(getResponse, "offers[0].groups[0].pricingPlans[0].visualElements[9].key", "currency"): Verify element property value successfully

2023-10-16 14:18:54 - [MESSAGE][PASSED] - Verify element property value successfully

2023-10-16 14:18:54 - [TEST_STEP][PASSED] - verifyElementPropertyValue(getResponse, "offers[0].groups[0].pricingPlans[0].visualElements[9].value", "DH"): Verify element property value successfully

2023-10-16 14:18:54 - [MESSAGE][PASSED] - Verify element property value successfully

2023-10-16 14:18:54 - [TEST_STEP][PASSED] - verifyElementPropertyValue(getResponse, "offers[0].groups[0].pricingPlans[0].visualElements[10].key", "duration"): Verify element property value successfully

2023-10-16 14:18:54 - [MESSAGE][PASSED] - Verify element property value successfully

2023-10-16 14:18:54 - [TEST_STEP][PASSED] - verifyElementPropertyValue(getResponse, "offers[0].groups[0].pricingPlans[0].visualElements[10].value", "Monthly"): Verify element property value successfully

2023-10-16 14:18:54 - [MESSAGE][PASSED] - Verify element property value successfully

2023-10-16 14:18:54 - [TEST_STEP][PASSED] - verifyElementPropertyValue(getResponse, "offers[0].groups[0].pricingPlans[0].visualElements[11].key", "featured_tag_text"): Verify element property value successfully

2023-10-16 14:18:54 - [MESSAGE][PASSED] - Verify element property value successfully

2023-10-16 14:18:54 - [TEST_STEP][PASSED] - verifyElementPropertyValue(getResponse, "offers[0].groups[0].pricingPlans[0].visualElements[11].value", "Limited Time Offer"): Verify element property value successfully

2023-10-16 14:18:54 - [MESSAGE][PASSED] - Verify element property value successfully

2023-10-16 14:18:54 - [TEST_STEP][PASSED] - verifyElementPropertyValue(getResponse, "offers[0].groups[0].pricingPlans[0].visualElements[12].key", "show_tag"): Verify element property value successfully

2023-10-16 14:18:54 - [MESSAGE][PASSED] - Verify element property value successfully

2023-10-16 14:18:54 - [TEST_STEP][PASSED] - verifyElementPropertyValue(getResponse, "offers[0].groups[0].pricingPlans[0].visualElements[12].value", "true"): Verify element property value successfully

2023-10-16 14:18:54 - [MESSAGE][PASSED] - Verify element property value successfully

2023-10-16 14:18:54 - [TEST_STEP][PASSED] - verifyElementPropertyValue(getResponse, "offers[0].groups[0].pricingPlans[0].visualElements[13].key", "tag_text"): Verify element property value successfully

2023-10-16 14:18:54 - [MESSAGE][PASSED] - Verify element property value successfully

2023-10-16 14:18:54 - [TEST_STEP][PASSED] - verifyElementPropertyValue(getResponse, "offers[0].groups[0].pricingPlans[0].visualElements[13].value", "Save 30%"): Verify element property value successfully

2023-10-16 14:18:54 - [MESSAGE][PASSED] - Verify element property value successfully

2023-10-16 14:18:54 - [TEST_STEP][PASSED] - verifyElementPropertyValue(getResponse, "offers[0].groups[0].pricingPlans[0].pricingPlanData[0].productId", "MAR_B2C_SHAHID_VIP_1M"): Verify element property value successfully

2023-10-16 14:18:54 - [MESSAGE][PASSED] - Verify element property value successfully

2023-10-16 14:18:54 - [TEST_STEP][PASSED] - verifyElementPropertyValue(getResponse, "offers[0].groups[0].pricingPlans[0].pricingPlanData[0].paymentMethod", "CREDIT_CARD"): Verify element property value successfully

2023-10-16 14:18:54 - [MESSAGE][PASSED] - Verify element property value successfully

2023-10-16 14:18:54 - [TEST_STEP][PASSED] - verifyElementPropertyValue(getResponse, "offers[0].groups[0].pricingPlans[0].pricingPlanData[0].freeTrialEnabled", "false"): Verify element property value successfully

2023-10-16 14:18:54 - [MESSAGE][PASSED] - Verify element property value successfully

2023-10-16 14:18:54 - [TEST_STEP][PASSED] - verifyElementPropertyValue(getResponse, "offers[0].groups[0].pricingPlans[0].pricingPlanData[0].showIn[0]", "VERTICAL_MODE"): Verify element property value successfully

2023-10-16 14:18:54 - [MESSAGE][PASSED] - Verify element property value successfully

2023-10-16 14:18:54 - [TEST_STEP][PASSED] - verifyElementPropertyValue(getResponse, "offers[0].groups[0].pricingPlans[0].pricingPlanData[0].showIn[1]", "HORIZONTAL_MODE"): Verify element property value successfully

2023-10-16 14:18:54 - [MESSAGE][PASSED] - Verify element property value successfully

2023-10-16 14:18:54 - [TEST_STEP][PASSED] - verifyElementPropertyValue(getResponse, "offers[0].groups[0].pricingPlans[0].pricingPlanData[0].priceLabel", "24"): Verify element property value successfully

2023-10-16 14:18:54 - [MESSAGE][PASSED] - Verify element property value successfully

2023-10-16 14:18:54 - [TEST_STEP][PASSED] - verifyElementPropertyValue(getResponse, "offers[0].groups[0].pricingPlans[0].pricingPlanData[0].currencyLabel", "DH"): Verify element property value successfully

2023-10-16 14:18:54 - [MESSAGE][PASSED] - Verify element property value successfully

2023-10-16 14:18:54 - [TEST_STEP][PASSED] - verifyElementPropertyValue(getResponse, "offers[0].groups[0].pricingPlans[0].pricingPlanData[0].dealId", "RE_30P_MAR"): Verify element property value successfully

2023-10-16 14:18:54 - [MESSAGE][PASSED] - Verify element property value successfully

2023-10-16 14:18:54 - [TEST_STEP][PASSED] - verifyElementPropertyValue(getResponse, "offers[0].groups[0].pricingPlans[0].pricingPlanData[0].allowedForAcquisition", "true"): Verify element property value successfully

2023-10-16 14:18:54 - [MESSAGE][PASSED] - Verify element property value successfully

2023-10-16 14:18:54 - [TEST_STEP][PASSED] - verifyElementPropertyValue(getResponse, "offers[0].groups[0].pricingPlans[0].pricingPlanData[0].visualElements[0].key", "title"): Verify element property value successfully

2023-10-16 14:18:54 - [MESSAGE][PASSED] - Verify element property value successfully

2023-10-16 14:18:54 - [TEST_STEP][PASSED] - verifyElementPropertyValue(getResponse, "offers[0].groups[0].pricingPlans[0].pricingPlanData[0].visualElements[0].value", "Credit/Debit Card"): Verify element property value successfully

2023-10-16 14:18:54 - [MESSAGE][PASSED] - Verify element property value successfully

2023-10-16 14:18:54 - [TEST_STEP][PASSED] - verifyElementPropertyValue(getResponse, "offers[0].groups[0].pricingPlans[0].pricingPlanData[0].visualElements[1].key", "CTA_text"): Verify element property value successfully

2023-10-16 14:18:54 - [MESSAGE][PASSED] - Verify element property value successfully

2023-10-16 14:18:54 - [TEST_STEP][PASSED] - verifyElementPropertyValue(getResponse, "offers[0].groups[0].pricingPlans[0].pricingPlanData[0].visualElements[1].value", "Subscribe"): Verify element property value successfully

2023-10-16 14:18:54 - [MESSAGE][PASSED] - Verify element property value successfully

2023-10-16 14:18:54 - [TEST_STEP][PASSED] - verifyElementPropertyValue(getResponse, "offers[0].groups[0].pricingPlans[0].pricingPlanData[0].visualElements[2].key", "logo"): Verify element property value successfully

2023-10-16 14:18:54 - [MESSAGE][PASSED] - Verify element property value successfully

2023-10-16 14:18:54 - [TEST_STEP][PASSED] - verifyElementPropertyValue(getResponse, "offers[0].groups[0].pricingPlans[0].pricingPlanData[0].visualElements[2].value", "https://static.s3.shahid.mbc.net/widget-images/icons/iconCreditCard.png"): Verify element property value successfully

2023-10-16 14:18:54 - [MESSAGE][PASSED] - Verify element property value successfully

2023-10-16 14:18:54 - [TEST_STEP][PASSED] - verifyElementPropertyValue(getResponse, "offers[1].offerId", "winback-40-offer"): Verify element property value successfully

2023-10-16 14:18:54 - [MESSAGE][PASSED] - Verify element property value successfully

2023-10-16 14:18:54 - [TEST_STEP][PASSED] - verifyElementPropertyValue(getResponse, "offers[1].offerParam", "winback40"): Verify element property value successfully

2023-10-16 14:18:54 - [MESSAGE][PASSED] - Verify element property value successfully

2023-10-16 14:18:54 - [TEST_STEP][PASSED] - verifyElementPropertyValue(getResponse, "offers[1].groups[0].pricingPlans[0].featured", "true"): Verify element property value successfully

2023-10-16 14:18:54 - [MESSAGE][PASSED] - Verify element property value successfully

2023-10-16 14:18:54 - [TEST_STEP][PASSED] - verifyElementPropertyValue(getResponse, "offers[1].groups[0].pricingPlans[0].period", "monthly"): Verify element property value successfully

2023-10-16 14:18:54 - [MESSAGE][PASSED] - Verify element property value successfully

2023-10-16 14:18:54 - [TEST_STEP][PASSED] - verifyElementPropertyValue(getResponse, "offers[1].groups[0].pricingPlans[0].featured", "true"): Verify element property value successfully

2023-10-16 14:18:54 - [MESSAGE][PASSED] - Verify element property value successfully

2023-10-16 14:18:54 - [TEST_STEP][PASSED] - verifyElementPropertyValue(getResponse, "offers[1].groups[0].pricingPlans[0].price", "20.0"): Verify element property value successfully

2023-10-16 14:18:54 - [MESSAGE][PASSED] - Verify element property value successfully

2023-10-16 14:18:54 - [TEST_STEP][PASSED] - verifyElementPropertyValue(getResponse, "offers[1].groups[0].pricingPlans[0].currency", "DH"): Verify element property value successfully

2023-10-16 14:18:54 - [MESSAGE][PASSED] - Verify element property value successfully

2023-10-16 14:18:54 - [TEST_STEP][PASSED] - verifyElementPropertyValue(getResponse, "offers[1].groups[0].pricingPlans[0].order", "0"): Verify element property value successfully

2023-10-16 14:18:54 - [MESSAGE][PASSED] - Verify element property value successfully

2023-10-16 14:18:54 - [TEST_STEP][PASSED] - verifyElementPropertyValue(getResponse, "offers[1].groups[0].pricingPlans[0].packageId", "SHAHID_VIP"): Verify element property value successfully

2023-10-16 14:18:54 - [MESSAGE][PASSED] - Verify element property value successfully

2023-10-16 14:18:54 - [TEST_STEP][PASSED] - verifyElementPropertyValue(getResponse, "offers[1].groups[0].pricingPlans[0].catalogId", "VIP"): Verify element property value successfully

2023-10-16 14:18:54 - [MESSAGE][PASSED] - Verify element property value successfully

2023-10-16 14:18:54 - [TEST_STEP][PASSED] - verifyElementPropertyValue(getResponse, "offers[1].groups[0].pricingPlans[0].visualElements[0].key", "Header_1_text"): Verify element property value successfully

2023-10-16 14:18:54 - [MESSAGE][PASSED] - Verify element property value successfully

2023-10-16 14:18:54 - [TEST_STEP][PASSED] - verifyElementPropertyValue(getResponse, "offers[1].groups[0].pricingPlans[0].visualElements[0].value", "Watch the most powerful series and movies exclusively without stopping"): Verify element property value successfully

2023-10-16 14:18:54 - [MESSAGE][PASSED] - Verify element property value successfully

2023-10-16 14:18:54 - [TEST_STEP][PASSED] - verifyElementPropertyValue(getResponse, "offers[1].groups[0].pricingPlans[0].visualElements[1].key", "display_title"): Verify element property value successfully

2023-10-16 14:18:54 - [MESSAGE][PASSED] - Verify element property value successfully

2023-10-16 14:18:54 - [TEST_STEP][FAILED] - verifyElementPropertyValue(getResponse, "offers[1].groups[0].pricingPlans[0].visualElements[1].value", "40% Discount Offer"): Expected element property value '40% Discount Offer' is not equal with actual property value '40% Discount Offerâ'

2023-10-16 14:18:54 - [MESSAGE][FAILED] - Expected element property value '40% Discount Offer' is not equal with actual property value '40% Discount Offerâ'

2023-10-16 14:18:54 - [TEST_STEP][PASSED] - verifyElementPropertyValue(getResponse, "offers[1].groups[0].pricingPlans[0].visualElements[3].key", "deduction_text"): Verify element property value successfully

2023-10-16 14:18:54 - [MESSAGE][PASSED] - Verify element property value successfully

2023-10-16 14:18:54 - [TEST_STEP][PASSED] - verifyElementPropertyValue(getResponse, "offers[1].groups[0].pricingPlans[0].visualElements[3].value", "billed every month"): Verify element property value successfully

2023-10-16 14:18:54 - [MESSAGE][PASSED] - Verify element property value successfully

2023-10-16 14:18:54 - [TEST_STEP][PASSED] - verifyElementPropertyValue(getResponse, "offers[1].groups[0].pricingPlans[0].visualElements[6].key", "show_payment_logo"): Verify element property value successfully

2023-10-16 14:18:54 - [MESSAGE][PASSED] - Verify element property value successfully

2023-10-16 14:18:54 - [TEST_STEP][PASSED] - verifyElementPropertyValue(getResponse, "offers[1].groups[0].pricingPlans[0].visualElements[6].value", "true"): Verify element property value successfully

2023-10-16 14:18:54 - [MESSAGE][PASSED] - Verify element property value successfully

2023-10-16 14:18:54 - [TEST_STEP][PASSED] - verifyElementPropertyValue(getResponse, "offers[1].groups[0].pricingPlans[0].visualElements[8].key", "price"): Verify element property value successfully

2023-10-16 14:18:54 - [MESSAGE][PASSED] - Verify element property value successfully

2023-10-16 14:18:54 - [TEST_STEP][PASSED] - verifyElementPropertyValue(getResponse, "offers[1].groups[0].pricingPlans[0].visualElements[8].value", "20"): Verify element property value successfully

2023-10-16 14:18:54 - [MESSAGE][PASSED] - Verify element property value successfully

2023-10-16 14:18:54 - [TEST_STEP][PASSED] - verifyElementPropertyValue(getResponse, "offers[1].groups[0].pricingPlans[0].visualElements[9].key", "currency"): Verify element property value successfully

2023-10-16 14:18:54 - [MESSAGE][PASSED] - Verify element property value successfully

2023-10-16 14:18:54 - [TEST_STEP][PASSED] - verifyElementPropertyValue(getResponse, "offers[1].groups[0].pricingPlans[0].visualElements[9].value", "DH"): Verify element property value successfully

2023-10-16 14:18:54 - [MESSAGE][PASSED] - Verify element property value successfully

2023-10-16 14:18:54 - [TEST_STEP][PASSED] - verifyElementPropertyValue(getResponse, "offers[1].groups[0].pricingPlans[0].visualElements[10].key", "duration"): Verify element property value successfully

2023-10-16 14:18:54 - [MESSAGE][PASSED] - Verify element property value successfully

2023-10-16 14:18:54 - [TEST_STEP][PASSED] - verifyElementPropertyValue(getResponse, "offers[1].groups[0].pricingPlans[0].visualElements[10].value", "Monthly"): Verify element property value successfully

2023-10-16 14:18:54 - [MESSAGE][PASSED] - Verify element property value successfully

2023-10-16 14:18:54 - [TEST_STEP][PASSED] - verifyElementPropertyValue(getResponse, "offers[1].groups[0].pricingPlans[0].visualElements[11].key", "featured_tag_text"): Verify element property value successfully

2023-10-16 14:18:54 - [MESSAGE][PASSED] - Verify element property value successfully

2023-10-16 14:18:54 - [TEST_STEP][PASSED] - verifyElementPropertyValue(getResponse, "offers[1].groups[0].pricingPlans[0].visualElements[11].value", "Limited Time Offer"): Verify element property value successfully

2023-10-16 14:18:54 - [MESSAGE][PASSED] - Verify element property value successfully

2023-10-16 14:18:54 - [TEST_STEP][PASSED] - verifyElementPropertyValue(getResponse, "offers[1].groups[0].pricingPlans[0].visualElements[13].key", "tag_text"): Verify element property value successfully

2023-10-16 14:18:54 - [MESSAGE][PASSED] - Verify element property value successfully

2023-10-16 14:18:54 - [TEST_STEP][PASSED] - verifyElementPropertyValue(getResponse, "offers[1].groups[0].pricingPlans[0].visualElements[13].value", "Save 40%"): Verify element property value successfully

2023-10-16 14:18:54 - [MESSAGE][PASSED] - Verify element property value successfully

2023-10-16 14:18:54 - [TEST_STEP][PASSED] - verifyElementPropertyValue(getResponse, "offers[1].groups[0].pricingPlans[0].visualElements[12].key", "show_tag"): Verify element property value successfully

2023-10-16 14:18:54 - [MESSAGE][PASSED] - Verify element property value successfully

2023-10-16 14:18:54 - [TEST_STEP][PASSED] - verifyElementPropertyValue(getResponse, "offers[1].groups[0].pricingPlans[0].visualElements[12].value", "true"): Verify element property value successfully

2023-10-16 14:18:54 - [MESSAGE][PASSED] - Verify element property value successfully

2023-10-16 14:18:54 - [TEST_STEP][PASSED] - verifyElementPropertyValue(getResponse, "offers[1].groups[0].pricingPlans[0].pricingPlanData[0].productId", "MAR_B2C_SHAHID_VIP_1M"): Verify element property value successfully

2023-10-16 14:18:54 - [MESSAGE][PASSED] - Verify element property value successfully

2023-10-16 14:18:54 - [TEST_STEP][PASSED] - verifyElementPropertyValue(getResponse, "offers[1].groups[0].pricingPlans[0].pricingPlanData[0].paymentMethod", "CREDIT_CARD"): Verify element property value successfully

2023-10-16 14:18:54 - [MESSAGE][PASSED] - Verify element property value successfully

2023-10-16 14:18:54 - [TEST_STEP][PASSED] - verifyElementPropertyValue(getResponse, "offers[1].groups[0].pricingPlans[0].pricingPlanData[0].freeTrialEnabled", "false"): Verify element property value successfully

2023-10-16 14:18:54 - [MESSAGE][PASSED] - Verify element property value successfully

2023-10-16 14:18:54 - [TEST_STEP][PASSED] - verifyElementPropertyValue(getResponse, "offers[1].groups[0].pricingPlans[0].pricingPlanData[0].showIn[0]", "VERTICAL_MODE"): Verify element property value successfully

2023-10-16 14:18:54 - [MESSAGE][PASSED] - Verify element property value successfully

2023-10-16 14:18:54 - [TEST_STEP][PASSED] - verifyElementPropertyValue(getResponse, "offers[1].groups[0].pricingPlans[0].pricingPlanData[0].showIn[1]", "HORIZONTAL_MODE"): Verify element property value successfully

2023-10-16 14:18:54 - [MESSAGE][PASSED] - Verify element property value successfully

2023-10-16 14:18:54 - [TEST_STEP][PASSED] - verifyElementPropertyValue(getResponse, "offers[1].groups[0].pricingPlans[0].pricingPlanData[0].priceLabel", "20"): Verify element property value successfully

2023-10-16 14:18:54 - [MESSAGE][PASSED] - Verify element property value successfully

2023-10-16 14:18:54 - [TEST_STEP][PASSED] - verifyElementPropertyValue(getResponse, "offers[1].groups[0].pricingPlans[0].pricingPlanData[0].currencyLabel", "DH"): Verify element property value successfully

2023-10-16 14:18:54 - [MESSAGE][PASSED] - Verify element property value successfully

2023-10-16 14:18:54 - [TEST_STEP][PASSED] - verifyElementPropertyValue(getResponse, "offers[1].groups[0].pricingPlans[0].pricingPlanData[0].dealId", "RE_40P_MAR"): Verify element property value successfully

2023-10-16 14:18:54 - [MESSAGE][PASSED] - Verify element property value successfully

2023-10-16 14:18:54 - [TEST_STEP][PASSED] - verifyElementPropertyValue(getResponse, "offers[1].groups[0].pricingPlans[0].pricingPlanData[0].allowedForAcquisition", "true"): Verify element property value successfully

2023-10-16 14:18:54 - [MESSAGE][PASSED] - Verify element property value successfully

2023-10-16 14:18:54 - [TEST_STEP][PASSED] - verifyElementPropertyValue(getResponse, "offers[1].groups[0].pricingPlans[0].pricingPlanData[0].visualElements[0].key", "title"): Verify element property value successfully

2023-10-16 14:18:54 - [MESSAGE][PASSED] - Verify element property value successfully

2023-10-16 14:18:54 - [TEST_STEP][PASSED] - verifyElementPropertyValue(getResponse, "offers[1].groups[0].pricingPlans[0].pricingPlanData[0].visualElements[0].value", "Credit/Debit Card"): Verify element property value successfully

2023-10-16 14:18:54 - [MESSAGE][PASSED] - Verify element property value successfully

2023-10-16 14:18:54 - [TEST_STEP][PASSED] - verifyElementPropertyValue(getResponse, "offers[1].groups[0].pricingPlans[0].pricingPlanData[0].visualElements[1].key", "CTA_text"): Verify element property value successfully

2023-10-16 14:18:54 - [MESSAGE][PASSED] - Verify element property value successfully

2023-10-16 14:18:54 - [TEST_STEP][PASSED] - verifyElementPropertyValue(getResponse, "offers[1].groups[0].pricingPlans[0].pricingPlanData[0].visualElements[1].value", "Subscribe"): Verify element property value successfully

2023-10-16 14:18:54 - [MESSAGE][PASSED] - Verify element property value successfully

2023-10-16 14:18:54 - [TEST_STEP][PASSED] - verifyElementPropertyValue(getResponse, "offers[1].groups[0].pricingPlans[0].pricingPlanData[0].visualElements[2].key", "logo"): Verify element property value successfully

2023-10-16 14:18:54 - [MESSAGE][PASSED] - Verify element property value successfully

2023-10-16 14:18:54 - [TEST_STEP][PASSED] - verifyElementPropertyValue(getResponse, "offers[1].groups[0].pricingPlans[0].pricingPlanData[0].visualElements[2].value", "https://static.s3.shahid.mbc.net/widget-images/icons/iconCreditCard.png"): Verify element property value successfully

2023-10-16 14:18:54 - [MESSAGE][PASSED] - Verify element property value successfully

2023-10-16 14:18:54 - [TEST_STEP][PASSED] - verifyElementPropertyValue(getResponse, "offers[2].offerId", "winback-50-offer"): Verify element property value successfully

2023-10-16 14:18:54 - [MESSAGE][PASSED] - Verify element property value successfully

2023-10-16 14:18:54 - [TEST_STEP][PASSED] - verifyElementPropertyValue(getResponse, "offers[2].offerParam", "winback50"): Verify element property value successfully

2023-10-16 14:18:54 - [MESSAGE][PASSED] - Verify element property value successfully

2023-10-16 14:18:54 - [TEST_STEP][PASSED] - verifyElementPropertyValue(getResponse, "offers[2].groups[0].pricingPlans[0].featured", "true"): Verify element property value successfully

2023-10-16 14:18:54 - [MESSAGE][PASSED] - Verify element property value successfully

2023-10-16 14:18:54 - [TEST_STEP][PASSED] - verifyElementPropertyValue(getResponse, "offers[2].groups[0].pricingPlans[0].period", "monthly"): Verify element property value successfully

2023-10-16 14:18:54 - [MESSAGE][PASSED] - Verify element property value successfully

2023-10-16 14:18:54 - [TEST_STEP][PASSED] - verifyElementPropertyValue(getResponse, "offers[2].groups[0].pricingPlans[0].featured", "true"): Verify element property value successfully

2023-10-16 14:18:54 - [MESSAGE][PASSED] - Verify element property value successfully

2023-10-16 14:18:54 - [TEST_STEP][PASSED] - verifyElementPropertyValue(getResponse, "offers[2].groups[0].pricingPlans[0].price", "17.0"): Verify element property value successfully

2023-10-16 14:18:54 - [MESSAGE][PASSED] - Verify element property value successfully

2023-10-16 14:18:54 - [TEST_STEP][PASSED] - verifyElementPropertyValue(getResponse, "offers[2].groups[0].pricingPlans[0].currency", "DH"): Verify element property value successfully

2023-10-16 14:18:54 - [MESSAGE][PASSED] - Verify element property value successfully

2023-10-16 14:18:54 - [TEST_STEP][PASSED] - verifyElementPropertyValue(getResponse, "offers[2].groups[0].pricingPlans[0].order", "0"): Verify element property value successfully

2023-10-16 14:18:54 - [MESSAGE][PASSED] - Verify element property value successfully

2023-10-16 14:18:54 - [TEST_STEP][PASSED] - verifyElementPropertyValue(getResponse, "offers[2].groups[0].pricingPlans[0].packageId", "SHAHID_VIP"): Verify element property value successfully

2023-10-16 14:18:54 - [MESSAGE][PASSED] - Verify element property value successfully

2023-10-16 14:18:54 - [TEST_STEP][PASSED] - verifyElementPropertyValue(getResponse, "offers[2].groups[0].pricingPlans[0].catalogId", "VIP"): Verify element property value successfully

2023-10-16 14:18:54 - [MESSAGE][PASSED] - Verify element property value successfully

2023-10-16 14:18:54 - [TEST_STEP][PASSED] - verifyElementPropertyValue(getResponse, "offers[2].groups[0].pricingPlans[0].visualElements[0].key", "Header_1_text"): Verify element property value successfully

2023-10-16 14:18:54 - [MESSAGE][PASSED] - Verify element property value successfully

2023-10-16 14:18:54 - [TEST_STEP][PASSED] - verifyElementPropertyValue(getResponse, "offers[2].groups[0].pricingPlans[0].visualElements[0].value", "Watch the most powerful series and movies exclusively without stopping"): Verify element property value successfully

2023-10-16 14:18:54 - [MESSAGE][PASSED] - Verify element property value successfully

2023-10-16 14:18:54 - [TEST_STEP][PASSED] - verifyElementPropertyValue(getResponse, "offers[2].groups[0].pricingPlans[0].visualElements[1].key", "display_title"): Verify element property value successfully

2023-10-16 14:18:54 - [MESSAGE][PASSED] - Verify element property value successfully

2023-10-16 14:18:54 - [TEST_STEP][FAILED] - verifyElementPropertyValue(getResponse, "offers[2].groups[0].pricingPlans[0].visualElements[1].value", "50% Discount Offer"): Expected element property value '50% Discount Offer' is not equal with actual property value '50% Discount Offerâ'

2023-10-16 14:18:54 - [MESSAGE][FAILED] - Expected element property value '50% Discount Offer' is not equal with actual property value '50% Discount Offerâ'

2023-10-16 14:18:54 - [TEST_STEP][PASSED] - verifyElementPropertyValue(getResponse, "offers[2].groups[0].pricingPlans[0].visualElements[3].key", "deduction_text"): Verify element property value successfully

2023-10-16 14:18:54 - [MESSAGE][PASSED] - Verify element property value successfully

2023-10-16 14:18:54 - [TEST_STEP][PASSED] - verifyElementPropertyValue(getResponse, "offers[2].groups[0].pricingPlans[0].visualElements[3].value", "billed every month"): Verify element property value successfully

2023-10-16 14:18:54 - [MESSAGE][PASSED] - Verify element property value successfully

2023-10-16 14:18:55 - [TEST_STEP][PASSED] - verifyElementPropertyValue(getResponse, "offers[2].groups[0].pricingPlans[0].visualElements[6].key", "show_payment_logo"): Verify element property value successfully

2023-10-16 14:18:55 - [MESSAGE][PASSED] - Verify element property value successfully

2023-10-16 14:18:55 - [TEST_STEP][PASSED] - verifyElementPropertyValue(getResponse, "offers[2].groups[0].pricingPlans[0].visualElements[6].value", "true"): Verify element property value successfully

2023-10-16 14:18:55 - [MESSAGE][PASSED] - Verify element property value successfully

2023-10-16 14:18:55 - [TEST_STEP][PASSED] - verifyElementPropertyValue(getResponse, "offers[2].groups[0].pricingPlans[0].visualElements[8].key", "price"): Verify element property value successfully

2023-10-16 14:18:55 - [MESSAGE][PASSED] - Verify element property value successfully

2023-10-16 14:18:55 - [TEST_STEP][PASSED] - verifyElementPropertyValue(getResponse, "offers[2].groups[0].pricingPlans[0].visualElements[8].value", "17"): Verify element property value successfully

2023-10-16 14:18:55 - [MESSAGE][PASSED] - Verify element property value successfully

2023-10-16 14:18:55 - [TEST_STEP][PASSED] - verifyElementPropertyValue(getResponse, "offers[2].groups[0].pricingPlans[0].visualElements[9].key", "currency"): Verify element property value successfully

2023-10-16 14:18:55 - [MESSAGE][PASSED] - Verify element property value successfully

2023-10-16 14:18:55 - [TEST_STEP][PASSED] - verifyElementPropertyValue(getResponse, "offers[2].groups[0].pricingPlans[0].visualElements[9].value", "DH"): Verify element property value successfully

2023-10-16 14:18:55 - [MESSAGE][PASSED] - Verify element property value successfully

2023-10-16 14:18:55 - [TEST_STEP][PASSED] - verifyElementPropertyValue(getResponse, "offers[2].groups[0].pricingPlans[0].visualElements[10].key", "duration"): Verify element property value successfully

2023-10-16 14:18:55 - [MESSAGE][PASSED] - Verify element property value successfully

2023-10-16 14:18:55 - [TEST_STEP][PASSED] - verifyElementPropertyValue(getResponse, "offers[2].groups[0].pricingPlans[0].visualElements[10].value", "Monthly"): Verify element property value successfully

2023-10-16 14:18:55 - [MESSAGE][PASSED] - Verify element property value successfully

2023-10-16 14:18:55 - [TEST_STEP][PASSED] - verifyElementPropertyValue(getResponse, "offers[2].groups[0].pricingPlans[0].visualElements[11].key", "featured_tag_text"): Verify element property value successfully

2023-10-16 14:18:55 - [MESSAGE][PASSED] - Verify element property value successfully

2023-10-16 14:18:55 - [TEST_STEP][PASSED] - verifyElementPropertyValue(getResponse, "offers[2].groups[0].pricingPlans[0].visualElements[11].value", "Limited Time Offer"): Verify element property value successfully

2023-10-16 14:18:55 - [MESSAGE][PASSED] - Verify element property value successfully

2023-10-16 14:18:55 - [TEST_STEP][PASSED] - verifyElementPropertyValue(getResponse, "offers[2].groups[0].pricingPlans[0].visualElements[13].key", "tag_text"): Verify element property value successfully

2023-10-16 14:18:55 - [MESSAGE][PASSED] - Verify element property value successfully

2023-10-16 14:18:55 - [TEST_STEP][PASSED] - verifyElementPropertyValue(getResponse, "offers[2].groups[0].pricingPlans[0].visualElements[13].value", "Save 50%"): Verify element property value successfully

2023-10-16 14:18:55 - [MESSAGE][PASSED] - Verify element property value successfully

2023-10-16 14:18:55 - [TEST_STEP][PASSED] - verifyElementPropertyValue(getResponse, "offers[2].groups[0].pricingPlans[0].visualElements[12].key", "show_tag"): Verify element property value successfully

2023-10-16 14:18:55 - [MESSAGE][PASSED] - Verify element property value successfully

2023-10-16 14:18:55 - [TEST_STEP][PASSED] - verifyElementPropertyValue(getResponse, "offers[2].groups[0].pricingPlans[0].visualElements[12].value", "true"): Verify element property value successfully

2023-10-16 14:18:55 - [MESSAGE][PASSED] - Verify element property value successfully

2023-10-16 14:18:55 - [TEST_STEP][PASSED] - verifyElementPropertyValue(getResponse, "offers[2].groups[0].pricingPlans[0].pricingPlanData[0].productId", "MAR_B2C_SHAHID_VIP_1M"): Verify element property value successfully

2023-10-16 14:18:55 - [MESSAGE][PASSED] - Verify element property value successfully

2023-10-16 14:18:55 - [TEST_STEP][PASSED] - verifyElementPropertyValue(getResponse, "offers[2].groups[0].pricingPlans[0].pricingPlanData[0].paymentMethod", "CREDIT_CARD"): Verify element property value successfully

2023-10-16 14:18:55 - [MESSAGE][PASSED] - Verify element property value successfully

2023-10-16 14:18:55 - [TEST_STEP][PASSED] - verifyElementPropertyValue(getResponse, "offers[2].groups[0].pricingPlans[0].pricingPlanData[0].freeTrialEnabled", "false"): Verify element property value successfully

2023-10-16 14:18:55 - [MESSAGE][PASSED] - Verify element property value successfully

2023-10-16 14:18:55 - [TEST_STEP][PASSED] - verifyElementPropertyValue(getResponse, "offers[2].groups[0].pricingPlans[0].pricingPlanData[0].showIn[0]", "VERTICAL_MODE"): Verify element property value successfully

2023-10-16 14:18:55 - [MESSAGE][PASSED] - Verify element property value successfully

2023-10-16 14:18:55 - [TEST_STEP][PASSED] - verifyElementPropertyValue(getResponse, "offers[2].groups[0].pricingPlans[0].pricingPlanData[0].showIn[1]", "HORIZONTAL_MODE"): Verify element property value successfully

2023-10-16 14:18:55 - [MESSAGE][PASSED] - Verify element property value successfully

2023-10-16 14:18:55 - [TEST_STEP][PASSED] - verifyElementPropertyValue(getResponse, "offers[2].groups[0].pricingPlans[0].pricingPlanData[0].priceLabel", "17"): Verify element property value successfully

2023-10-16 14:18:55 - [MESSAGE][PASSED] - Verify element property value successfully

2023-10-16 14:18:55 - [TEST_STEP][PASSED] - verifyElementPropertyValue(getResponse, "offers[2].groups[0].pricingPlans[0].pricingPlanData[0].currencyLabel", "DH"): Verify element property value successfully

2023-10-16 14:18:55 - [MESSAGE][PASSED] - Verify element property value successfully

2023-10-16 14:18:55 - [TEST_STEP][PASSED] - verifyElementPropertyValue(getResponse, "offers[2].groups[0].pricingPlans[0].pricingPlanData[0].dealId", "RE_50P_MAR"): Verify element property value successfully

2023-10-16 14:18:55 - [MESSAGE][PASSED] - Verify element property value successfully

2023-10-16 14:18:55 - [TEST_STEP][PASSED] - verifyElementPropertyValue(getResponse, "offers[2].groups[0].pricingPlans[0].pricingPlanData[0].allowedForAcquisition", "true"): Verify element property value successfully

2023-10-16 14:18:55 - [MESSAGE][PASSED] - Verify element property value successfully

2023-10-16 14:18:55 - [TEST_STEP][PASSED] - verifyElementPropertyValue(getResponse, "offers[2].groups[0].pricingPlans[0].pricingPlanData[0].visualElements[0].key", "title"): Verify element property value successfully

2023-10-16 14:18:55 - [MESSAGE][PASSED] - Verify element property value successfully

2023-10-16 14:18:55 - [TEST_STEP][PASSED] - verifyElementPropertyValue(getResponse, "offers[2].groups[0].pricingPlans[0].pricingPlanData[0].visualElements[0].value", "Credit/Debit Card"): Verify element property value successfully

2023-10-16 14:18:55 - [MESSAGE][PASSED] - Verify element property value successfully

2023-10-16 14:18:55 - [TEST_STEP][PASSED] - verifyElementPropertyValue(getResponse, "offers[2].groups[0].pricingPlans[0].pricingPlanData[0].visualElements[1].key", "CTA_text"): Verify element property value successfully

2023-10-16 14:18:55 - [MESSAGE][PASSED] - Verify element property value successfully

2023-10-16 14:18:55 - [TEST_STEP][PASSED] - verifyElementPropertyValue(getResponse, "offers[2].groups[0].pricingPlans[0].pricingPlanData[0].visualElements[1].value", "Subscribe"): Verify element property value successfully

2023-10-16 14:18:55 - [MESSAGE][PASSED] - Verify element property value successfully

2023-10-16 14:18:55 - [TEST_STEP][PASSED] - verifyElementPropertyValue(getResponse, "offers[2].groups[0].pricingPlans[0].pricingPlanData[0].visualElements[2].key", "logo"): Verify element property value successfully

2023-10-16 14:18:55 - [MESSAGE][PASSED] - Verify element property value successfully

2023-10-16 14:18:55 - [TEST_STEP][PASSED] - verifyElementPropertyValue(getResponse, "offers[2].groups[0].pricingPlans[0].pricingPlanData[0].visualElements[2].value", "https://static.s3.shahid.mbc.net/widget-images/icons/iconCreditCard.png"): Verify element property value successfully

2023-10-16 14:18:55 - [MESSAGE][PASSED] - Verify element property value successfully]]></system-out>
         <system-err><![CDATA[2023-10-16 14:18:53 - [TEST_CASE][FAILED] - Test Cases/WEB - CHROME/MAR PI/WEB_EN_getOffersForMAR_VIP: Test Cases/WEB - CHROME/MAR PI/WEB_EN_getOffersForMAR_VIP FAILED.
Reason:
com.kms.katalon.core.exception.StepFailedException: Expected element property value '30% Discount Offer' is not equal with actual property value '30% Discount Offerâ'
	at com.kms.katalon.core.keyword.internal.KeywordMain.stepFailed(KeywordMain.groovy:39)
	at com.kms.katalon.core.webservice.keyword.builtin.VerifyElementPropertyValueKeyword$_verifyElementPropertyValue_closure1.doCall(VerifyElementPropertyValueKeyword.groovy:56)
	at com.kms.katalon.core.webservice.keyword.builtin.VerifyElementPropertyValueKeyword$_verifyElementPropertyValue_closure1.call(VerifyElementPropertyValueKeyword.groovy)
	at com.kms.katalon.core.keyword.internal.KeywordMain.runKeyword(KeywordMain.groovy:75)
	at com.kms.katalon.core.webservice.keyword.builtin.VerifyElementPropertyValueKeyword.verifyElementPropertyValue(VerifyElementPropertyValueKeyword.groovy:48)
	at com.kms.katalon.core.webservice.keyword.builtin.VerifyElementPropertyValueKeyword.execute(VerifyElementPropertyValueKeyword.groovy:43)
	at com.kms.katalon.core.keyword.internal.KeywordExecutor.executeKeywordForPlatform(KeywordExecutor.groovy:74)
	at com.kms.katalon.core.webservice.keyword.WSBuiltInKeywords.verifyElementPropertyValue(WSBuiltInKeywords.groovy:190)
	at com.kms.katalon.core.webservice.keyword.WSBuiltInKeywords$verifyElementPropertyValue$1.call(Unknown Source)
	at WEB_EN_getOffersForMAR_VIP.run(WEB_EN_getOffersForMAR_VIP:59)
	at com.kms.katalon.core.main.ScriptEngine.run(ScriptEngine.java:194)
	at com.kms.katalon.core.main.ScriptEngine.runScriptAsRawText(ScriptEngine.java:119)
	at com.kms.katalon.core.main.TestCaseExecutor.runScript(TestCaseExecutor.java:448)
	at com.kms.katalon.core.main.TestCaseExecutor.doExecute(TestCaseExecutor.java:439)
	at com.kms.katalon.core.main.TestCaseExecutor.processExecutionPhase(TestCaseExecutor.java:418)
	at com.kms.katalon.core.main.TestCaseExecutor.accessMainPhase(TestCaseExecutor.java:410)
	at com.kms.katalon.core.main.TestCaseExecutor.execute(TestCaseExecutor.java:285)
	at com.kms.katalon.core.common.CommonExecutor.accessTestCaseMainPhase(CommonExecutor.java:65)
	at com.kms.katalon.core.main.TestSuiteExecutor.accessTestSuiteMainPhase(TestSuiteExecutor.java:148)
	at com.kms.katalon.core.main.TestSuiteExecutor.execute(TestSuiteExecutor.java:106)
	at com.kms.katalon.core.main.TestCaseMain.startTestSuite(TestCaseMain.java:187)
	at com.kms.katalon.core.main.TestCaseMain$startTestSuite$0.call(Unknown Source)
	at TempTestSuite1697454219692.run(TempTestSuite1697454219692.groovy:36)]]></system-err>
      </testcase>
      <testcase name="Test Cases/WEB - CHROME/MAR PI/WEB_FR_getOffersForMAR_SPORT" time="3.389" classname="Test Cases/WEB - CHROME/MAR PI/WEB_FR_getOffersForMAR_SPORT" status="PASSED">
         <system-out><![CDATA[2023-10-16 14:18:55 - [TEST_CASE][PASSED] - Test Cases/WEB - CHROME/MAR PI/WEB_FR_getOffersForMAR_SPORT: Test Cases/WEB - CHROME/MAR PI/WEB_FR_getOffersForMAR_SPORT

2023-10-16 14:18:55 - [TEST_STEP][PASSED] - getResponse = config_files.getConfigFile.getConfig("WEB", "FR", "SHAHID_VIP_SPORT", "MA", "false"): config_files.getConfigFile.getConfig is PASSED

2023-10-16 14:18:56 - [MESSAGE][INFO] - HAR: /Users/admin/git/shahid-configuration/Reports/20231016_140310/WEB/MAR/20231016_140339/requests/main/8.har

2023-10-16 14:18:56 - [MESSAGE][PASSED] - Send request successfully

2023-10-16 14:18:56 - [MESSAGE][PASSED] - config_files.getConfigFile.getConfig is PASSED

2023-10-16 14:18:56 - [TEST_STEP][PASSED] - verifyResponseStatusCode(getResponse, 200): Verify response status code successfully

2023-10-16 14:18:56 - [MESSAGE][PASSED] - Verify response status code successfully

2023-10-16 14:18:56 - [TEST_STEP][PASSED] - verifyElementPropertyValue(getResponse, "country", "MAR"): Verify element property value successfully

2023-10-16 14:18:56 - [MESSAGE][PASSED] - Verify element property value successfully

2023-10-16 14:18:56 - [TEST_STEP][PASSED] - verifyElementPropertyValue(getResponse, "platform", "[WEB]"): Verify element property value successfully

2023-10-16 14:18:56 - [MESSAGE][PASSED] - Verify element property value successfully

2023-10-16 14:18:56 - [TEST_STEP][PASSED] - verifyElementPropertyValue(getResponse, "offers[5].offerId", "winback-sport-30-offer"): Verify element property value successfully

2023-10-16 14:18:56 - [MESSAGE][PASSED] - Verify element property value successfully

2023-10-16 14:18:56 - [TEST_STEP][PASSED] - verifyElementPropertyValue(getResponse, "offers[5].offerParam", "sportsoffer30"): Verify element property value successfully

2023-10-16 14:18:56 - [MESSAGE][PASSED] - Verify element property value successfully

2023-10-16 14:18:56 - [TEST_STEP][PASSED] - verifyElementPropertyValue(getResponse, "offers[5].groups[0].pricingPlans[0].featured", "true"): Verify element property value successfully

2023-10-16 14:18:56 - [MESSAGE][PASSED] - Verify element property value successfully

2023-10-16 14:18:56 - [TEST_STEP][PASSED] - verifyElementPropertyValue(getResponse, "offers[5].groups[0].pricingPlans[0].period", "monthly"): Verify element property value successfully

2023-10-16 14:18:56 - [MESSAGE][PASSED] - Verify element property value successfully

2023-10-16 14:18:56 - [TEST_STEP][PASSED] - verifyElementPropertyValue(getResponse, "offers[5].groups[0].pricingPlans[0].featured", "true"): Verify element property value successfully

2023-10-16 14:18:56 - [MESSAGE][PASSED] - Verify element property value successfully

2023-10-16 14:18:56 - [TEST_STEP][PASSED] - verifyElementPropertyValue(getResponse, "offers[5].groups[0].pricingPlans[0].price", "47.0"): Verify element property value successfully

2023-10-16 14:18:56 - [MESSAGE][PASSED] - Verify element property value successfully

2023-10-16 14:18:56 - [TEST_STEP][PASSED] - verifyElementPropertyValue(getResponse, "offers[5].groups[0].pricingPlans[0].currency", "DH"): Verify element property value successfully

2023-10-16 14:18:56 - [MESSAGE][PASSED] - Verify element property value successfully

2023-10-16 14:18:56 - [TEST_STEP][PASSED] - verifyElementPropertyValue(getResponse, "offers[5].groups[0].pricingPlans[0].order", "0"): Verify element property value successfully

2023-10-16 14:18:56 - [MESSAGE][PASSED] - Verify element property value successfully

2023-10-16 14:18:56 - [TEST_STEP][PASSED] - verifyElementPropertyValue(getResponse, "offers[5].groups[0].pricingPlans[0].packageId", "SHAHID_VIP_SPORT"): Verify element property value successfully

2023-10-16 14:18:56 - [MESSAGE][PASSED] - Verify element property value successfully

2023-10-16 14:18:56 - [TEST_STEP][PASSED] - verifyElementPropertyValue(getResponse, "offers[5].groups[0].pricingPlans[0].catalogId", "SPORT"): Verify element property value successfully

2023-10-16 14:18:56 - [MESSAGE][PASSED] - Verify element property value successfully

2023-10-16 14:18:56 - [TEST_STEP][PASSED] - verifyElementPropertyValue(getResponse, "offers[5].groups[0].pricingPlans[0].visualElements[0].key", "Header_1_text"): Verify element property value successfully

2023-10-16 14:18:56 - [MESSAGE][PASSED] - Verify element property value successfully

2023-10-16 14:18:56 - [TEST_STEP][PASSED] - verifyElementPropertyValue(getResponse, "offers[5].groups[0].pricingPlans[0].visualElements[0].value", "Abonnez-vous dÃ¨s maintenant et profitez de vos programmes sans publicitÃ©"): Verify element property value successfully

2023-10-16 14:18:56 - [MESSAGE][PASSED] - Verify element property value successfully

2023-10-16 14:18:56 - [TEST_STEP][PASSED] - verifyElementPropertyValue(getResponse, "offers[5].groups[0].pricingPlans[0].visualElements[1].key", "display_title"): Verify element property value successfully

2023-10-16 14:18:56 - [MESSAGE][PASSED] - Verify element property value successfully

2023-10-16 14:18:56 - [TEST_STEP][PASSED] - verifyElementPropertyValue(getResponse, "offers[5].groups[0].pricingPlans[0].visualElements[1].value", "30% de rÃ©duction"): Verify element property value successfully

2023-10-16 14:18:56 - [MESSAGE][PASSED] - Verify element property value successfully

2023-10-16 14:18:56 - [TEST_STEP][PASSED] - verifyElementPropertyValue(getResponse, "offers[5].groups[0].pricingPlans[0].visualElements[3].key", "deduction_text"): Verify element property value successfully

2023-10-16 14:18:57 - [MESSAGE][PASSED] - Verify element property value successfully

2023-10-16 14:18:57 - [TEST_STEP][PASSED] - verifyElementPropertyValue(getResponse, "offers[5].groups[0].pricingPlans[0].visualElements[3].value", "facturation mensuelle"): Verify element property value successfully

2023-10-16 14:18:57 - [MESSAGE][PASSED] - Verify element property value successfully

2023-10-16 14:18:57 - [TEST_STEP][PASSED] - verifyElementPropertyValue(getResponse, "offers[5].groups[0].pricingPlans[0].visualElements[6].key", "show_payment_logo"): Verify element property value successfully

2023-10-16 14:18:57 - [MESSAGE][PASSED] - Verify element property value successfully

2023-10-16 14:18:57 - [TEST_STEP][PASSED] - verifyElementPropertyValue(getResponse, "offers[5].groups[0].pricingPlans[0].visualElements[6].value", "true"): Verify element property value successfully

2023-10-16 14:18:57 - [MESSAGE][PASSED] - Verify element property value successfully

2023-10-16 14:18:57 - [TEST_STEP][PASSED] - verifyElementPropertyValue(getResponse, "offers[5].groups[0].pricingPlans[0].visualElements[8].key", "price"): Verify element property value successfully

2023-10-16 14:18:57 - [MESSAGE][PASSED] - Verify element property value successfully

2023-10-16 14:18:57 - [TEST_STEP][PASSED] - verifyElementPropertyValue(getResponse, "offers[5].groups[0].pricingPlans[0].visualElements[8].value", "47"): Verify element property value successfully

2023-10-16 14:18:57 - [MESSAGE][PASSED] - Verify element property value successfully

2023-10-16 14:18:57 - [TEST_STEP][PASSED] - verifyElementPropertyValue(getResponse, "offers[5].groups[0].pricingPlans[0].visualElements[9].key", "currency"): Verify element property value successfully

2023-10-16 14:18:57 - [MESSAGE][PASSED] - Verify element property value successfully

2023-10-16 14:18:57 - [TEST_STEP][PASSED] - verifyElementPropertyValue(getResponse, "offers[5].groups[0].pricingPlans[0].visualElements[9].value", "DH"): Verify element property value successfully

2023-10-16 14:18:57 - [MESSAGE][PASSED] - Verify element property value successfully

2023-10-16 14:18:57 - [TEST_STEP][PASSED] - verifyElementPropertyValue(getResponse, "offers[5].groups[0].pricingPlans[0].visualElements[10].key", "duration"): Verify element property value successfully

2023-10-16 14:18:57 - [MESSAGE][PASSED] - Verify element property value successfully

2023-10-16 14:18:57 - [TEST_STEP][PASSED] - verifyElementPropertyValue(getResponse, "offers[5].groups[0].pricingPlans[0].visualElements[10].value", "Mensuel"): Verify element property value successfully

2023-10-16 14:18:57 - [MESSAGE][PASSED] - Verify element property value successfully

2023-10-16 14:18:57 - [TEST_STEP][PASSED] - verifyElementPropertyValue(getResponse, "offers[5].groups[0].pricingPlans[0].visualElements[11].key", "featured_tag_text"): Verify element property value successfully

2023-10-16 14:18:57 - [MESSAGE][PASSED] - Verify element property value successfully

2023-10-16 14:18:57 - [TEST_STEP][PASSED] - verifyElementPropertyValue(getResponse, "offers[5].groups[0].pricingPlans[0].visualElements[11].value", "Offre limitÃ©e"): Verify element property value successfully

2023-10-16 14:18:57 - [MESSAGE][PASSED] - Verify element property value successfully

2023-10-16 14:18:57 - [TEST_STEP][PASSED] - verifyElementPropertyValue(getResponse, "offers[5].groups[0].pricingPlans[0].visualElements[13].key", "tag_text"): Verify element property value successfully

2023-10-16 14:18:57 - [MESSAGE][PASSED] - Verify element property value successfully

2023-10-16 14:18:57 - [TEST_STEP][PASSED] - verifyElementPropertyValue(getResponse, "offers[5].groups[0].pricingPlans[0].visualElements[13].value", "Ãconomisez 30% "): Verify element property value successfully

2023-10-16 14:18:57 - [MESSAGE][PASSED] - Verify element property value successfully

2023-10-16 14:18:57 - [TEST_STEP][PASSED] - verifyElementPropertyValue(getResponse, "offers[5].groups[0].pricingPlans[0].visualElements[12].key", "show_tag"): Verify element property value successfully

2023-10-16 14:18:57 - [MESSAGE][PASSED] - Verify element property value successfully

2023-10-16 14:18:57 - [TEST_STEP][PASSED] - verifyElementPropertyValue(getResponse, "offers[5].groups[0].pricingPlans[0].visualElements[12].value", "true"): Verify element property value successfully

2023-10-16 14:18:57 - [MESSAGE][PASSED] - Verify element property value successfully

2023-10-16 14:18:57 - [TEST_STEP][PASSED] - verifyElementPropertyValue(getResponse, "offers[5].groups[0].pricingPlans[0].pricingPlanData[0].productId", "MAR_B2C_SHAHID_VIP_SPORT_1M"): Verify element property value successfully

2023-10-16 14:18:57 - [MESSAGE][PASSED] - Verify element property value successfully

2023-10-16 14:18:57 - [TEST_STEP][PASSED] - verifyElementPropertyValue(getResponse, "offers[5].groups[0].pricingPlans[0].pricingPlanData[0].paymentMethod", "CREDIT_CARD"): Verify element property value successfully

2023-10-16 14:18:57 - [MESSAGE][PASSED] - Verify element property value successfully

2023-10-16 14:18:57 - [TEST_STEP][PASSED] - verifyElementPropertyValue(getResponse, "offers[5].groups[0].pricingPlans[0].pricingPlanData[0].freeTrialEnabled", "false"): Verify element property value successfully

2023-10-16 14:18:57 - [MESSAGE][PASSED] - Verify element property value successfully

2023-10-16 14:18:57 - [TEST_STEP][PASSED] - verifyElementPropertyValue(getResponse, "offers[5].groups[0].pricingPlans[0].pricingPlanData[0].showIn[0]", "VERTICAL_MODE"): Verify element property value successfully

2023-10-16 14:18:57 - [MESSAGE][PASSED] - Verify element property value successfully

2023-10-16 14:18:57 - [TEST_STEP][PASSED] - verifyElementPropertyValue(getResponse, "offers[5].groups[0].pricingPlans[0].pricingPlanData[0].showIn[1]", "HORIZONTAL_MODE"): Verify element property value successfully

2023-10-16 14:18:57 - [MESSAGE][PASSED] - Verify element property value successfully

2023-10-16 14:18:57 - [TEST_STEP][PASSED] - verifyElementPropertyValue(getResponse, "offers[5].groups[0].pricingPlans[0].pricingPlanData[0].priceLabel", "47"): Verify element property value successfully

2023-10-16 14:18:57 - [MESSAGE][PASSED] - Verify element property value successfully

2023-10-16 14:18:57 - [TEST_STEP][PASSED] - verifyElementPropertyValue(getResponse, "offers[5].groups[0].pricingPlans[0].pricingPlanData[0].currencyLabel", "DH"): Verify element property value successfully

2023-10-16 14:18:57 - [MESSAGE][PASSED] - Verify element property value successfully

2023-10-16 14:18:57 - [TEST_STEP][PASSED] - verifyElementPropertyValue(getResponse, "offers[5].groups[0].pricingPlans[0].pricingPlanData[0].dealId", "WB_SPORT_30P_MAR"): Verify element property value successfully

2023-10-16 14:18:57 - [MESSAGE][PASSED] - Verify element property value successfully

2023-10-16 14:18:57 - [TEST_STEP][PASSED] - verifyElementPropertyValue(getResponse, "offers[5].groups[0].pricingPlans[0].pricingPlanData[0].allowedForAcquisition", "true"): Verify element property value successfully

2023-10-16 14:18:57 - [MESSAGE][PASSED] - Verify element property value successfully

2023-10-16 14:18:57 - [TEST_STEP][PASSED] - verifyElementPropertyValue(getResponse, "offers[5].groups[0].pricingPlans[0].pricingPlanData[0].visualElements[0].key", "title"): Verify element property value successfully

2023-10-16 14:18:57 - [MESSAGE][PASSED] - Verify element property value successfully

2023-10-16 14:18:57 - [TEST_STEP][PASSED] - verifyElementPropertyValue(getResponse, "offers[5].groups[0].pricingPlans[0].pricingPlanData[0].visualElements[0].value", "Carte de crÃ©dit/dÃ©bit"): Verify element property value successfully

2023-10-16 14:18:57 - [MESSAGE][PASSED] - Verify element property value successfully

2023-10-16 14:18:57 - [TEST_STEP][PASSED] - verifyElementPropertyValue(getResponse, "offers[5].groups[0].pricingPlans[0].pricingPlanData[0].visualElements[1].key", "CTA_text"): Verify element property value successfully

2023-10-16 14:18:57 - [MESSAGE][PASSED] - Verify element property value successfully

2023-10-16 14:18:57 - [TEST_STEP][PASSED] - verifyElementPropertyValue(getResponse, "offers[5].groups[0].pricingPlans[0].pricingPlanData[0].visualElements[1].value", "Sâabonner"): Verify element property value successfully

2023-10-16 14:18:57 - [MESSAGE][PASSED] - Verify element property value successfully

2023-10-16 14:18:57 - [TEST_STEP][PASSED] - verifyElementPropertyValue(getResponse, "offers[5].groups[0].pricingPlans[0].pricingPlanData[0].visualElements[2].key", "logo"): Verify element property value successfully

2023-10-16 14:18:57 - [MESSAGE][PASSED] - Verify element property value successfully

2023-10-16 14:18:57 - [TEST_STEP][PASSED] - verifyElementPropertyValue(getResponse, "offers[5].groups[0].pricingPlans[0].pricingPlanData[0].visualElements[2].value", "https://static.s3.shahid.mbc.net/widget-images/icons/iconCreditCard.png"): Verify element property value successfully

2023-10-16 14:18:57 - [MESSAGE][PASSED] - Verify element property value successfully

2023-10-16 14:18:57 - [TEST_STEP][PASSED] - verifyElementPropertyValue(getResponse, "offers[6].offerId", "winback-sport-40-offer"): Verify element property value successfully

2023-10-16 14:18:57 - [MESSAGE][PASSED] - Verify element property value successfully

2023-10-16 14:18:57 - [TEST_STEP][PASSED] - verifyElementPropertyValue(getResponse, "offers[6].offerParam", "sportsoffer40"): Verify element property value successfully

2023-10-16 14:18:57 - [MESSAGE][PASSED] - Verify element property value successfully

2023-10-16 14:18:57 - [TEST_STEP][PASSED] - verifyElementPropertyValue(getResponse, "offers[6].groups[0].pricingPlans[0].featured", "true"): Verify element property value successfully

2023-10-16 14:18:57 - [MESSAGE][PASSED] - Verify element property value successfully

2023-10-16 14:18:57 - [TEST_STEP][PASSED] - verifyElementPropertyValue(getResponse, "offers[6].groups[0].pricingPlans[0].period", "monthly"): Verify element property value successfully

2023-10-16 14:18:57 - [MESSAGE][PASSED] - Verify element property value successfully

2023-10-16 14:18:57 - [TEST_STEP][PASSED] - verifyElementPropertyValue(getResponse, "offers[6].groups[0].pricingPlans[0].featured", "true"): Verify element property value successfully

2023-10-16 14:18:57 - [MESSAGE][PASSED] - Verify element property value successfully

2023-10-16 14:18:57 - [TEST_STEP][PASSED] - verifyElementPropertyValue(getResponse, "offers[6].groups[0].pricingPlans[0].price", "40.0"): Verify element property value successfully

2023-10-16 14:18:57 - [MESSAGE][PASSED] - Verify element property value successfully

2023-10-16 14:18:57 - [TEST_STEP][PASSED] - verifyElementPropertyValue(getResponse, "offers[6].groups[0].pricingPlans[0].currency", "DH"): Verify element property value successfully

2023-10-16 14:18:57 - [MESSAGE][PASSED] - Verify element property value successfully

2023-10-16 14:18:57 - [TEST_STEP][PASSED] - verifyElementPropertyValue(getResponse, "offers[6].groups[0].pricingPlans[0].order", "0"): Verify element property value successfully

2023-10-16 14:18:57 - [MESSAGE][PASSED] - Verify element property value successfully

2023-10-16 14:18:57 - [TEST_STEP][PASSED] - verifyElementPropertyValue(getResponse, "offers[6].groups[0].pricingPlans[0].packageId", "SHAHID_VIP_SPORT"): Verify element property value successfully

2023-10-16 14:18:57 - [MESSAGE][PASSED] - Verify element property value successfully

2023-10-16 14:18:57 - [TEST_STEP][PASSED] - verifyElementPropertyValue(getResponse, "offers[6].groups[0].pricingPlans[0].catalogId", "SPORT"): Verify element property value successfully

2023-10-16 14:18:57 - [MESSAGE][PASSED] - Verify element property value successfully

2023-10-16 14:18:57 - [TEST_STEP][PASSED] - verifyElementPropertyValue(getResponse, "offers[6].groups[0].pricingPlans[0].visualElements[0].key", "Header_1_text"): Verify element property value successfully

2023-10-16 14:18:57 - [MESSAGE][PASSED] - Verify element property value successfully

2023-10-16 14:18:57 - [TEST_STEP][PASSED] - verifyElementPropertyValue(getResponse, "offers[6].groups[0].pricingPlans[0].visualElements[0].value", "Abonnez-vous dÃ¨s maintenant et profitez de vos programmes sans publicitÃ©"): Verify element property value successfully

2023-10-16 14:18:57 - [MESSAGE][PASSED] - Verify element property value successfully

2023-10-16 14:18:57 - [TEST_STEP][PASSED] - verifyElementPropertyValue(getResponse, "offers[6].groups[0].pricingPlans[0].visualElements[1].key", "display_title"): Verify element property value successfully

2023-10-16 14:18:57 - [MESSAGE][PASSED] - Verify element property value successfully

2023-10-16 14:18:57 - [TEST_STEP][PASSED] - verifyElementPropertyValue(getResponse, "offers[6].groups[0].pricingPlans[0].visualElements[1].value", "40% de rÃ©duction"): Verify element property value successfully

2023-10-16 14:18:57 - [MESSAGE][PASSED] - Verify element property value successfully

2023-10-16 14:18:57 - [TEST_STEP][PASSED] - verifyElementPropertyValue(getResponse, "offers[6].groups[0].pricingPlans[0].visualElements[3].key", "deduction_text"): Verify element property value successfully

2023-10-16 14:18:57 - [MESSAGE][PASSED] - Verify element property value successfully

2023-10-16 14:18:57 - [TEST_STEP][PASSED] - verifyElementPropertyValue(getResponse, "offers[6].groups[0].pricingPlans[0].visualElements[3].value", "facturation mensuelle"): Verify element property value successfully

2023-10-16 14:18:57 - [MESSAGE][PASSED] - Verify element property value successfully

2023-10-16 14:18:57 - [TEST_STEP][PASSED] - verifyElementPropertyValue(getResponse, "offers[6].groups[0].pricingPlans[0].visualElements[6].key", "show_payment_logo"): Verify element property value successfully

2023-10-16 14:18:57 - [MESSAGE][PASSED] - Verify element property value successfully

2023-10-16 14:18:57 - [TEST_STEP][PASSED] - verifyElementPropertyValue(getResponse, "offers[6].groups[0].pricingPlans[0].visualElements[6].value", "true"): Verify element property value successfully

2023-10-16 14:18:57 - [MESSAGE][PASSED] - Verify element property value successfully

2023-10-16 14:18:57 - [TEST_STEP][PASSED] - verifyElementPropertyValue(getResponse, "offers[6].groups[0].pricingPlans[0].visualElements[8].key", "price"): Verify element property value successfully

2023-10-16 14:18:57 - [MESSAGE][PASSED] - Verify element property value successfully

2023-10-16 14:18:57 - [TEST_STEP][PASSED] - verifyElementPropertyValue(getResponse, "offers[6].groups[0].pricingPlans[0].visualElements[8].value", "40"): Verify element property value successfully

2023-10-16 14:18:57 - [MESSAGE][PASSED] - Verify element property value successfully

2023-10-16 14:18:57 - [TEST_STEP][PASSED] - verifyElementPropertyValue(getResponse, "offers[6].groups[0].pricingPlans[0].visualElements[9].key", "currency"): Verify element property value successfully

2023-10-16 14:18:57 - [MESSAGE][PASSED] - Verify element property value successfully

2023-10-16 14:18:57 - [TEST_STEP][PASSED] - verifyElementPropertyValue(getResponse, "offers[6].groups[0].pricingPlans[0].visualElements[9].value", "DH"): Verify element property value successfully

2023-10-16 14:18:57 - [MESSAGE][PASSED] - Verify element property value successfully

2023-10-16 14:18:57 - [TEST_STEP][PASSED] - verifyElementPropertyValue(getResponse, "offers[6].groups[0].pricingPlans[0].visualElements[10].key", "duration"): Verify element property value successfully

2023-10-16 14:18:57 - [MESSAGE][PASSED] - Verify element property value successfully

2023-10-16 14:18:57 - [TEST_STEP][PASSED] - verifyElementPropertyValue(getResponse, "offers[6].groups[0].pricingPlans[0].visualElements[10].value", "Mensuel"): Verify element property value successfully

2023-10-16 14:18:57 - [MESSAGE][PASSED] - Verify element property value successfully

2023-10-16 14:18:57 - [TEST_STEP][PASSED] - verifyElementPropertyValue(getResponse, "offers[6].groups[0].pricingPlans[0].visualElements[11].key", "featured_tag_text"): Verify element property value successfully

2023-10-16 14:18:57 - [MESSAGE][PASSED] - Verify element property value successfully

2023-10-16 14:18:57 - [TEST_STEP][PASSED] - verifyElementPropertyValue(getResponse, "offers[6].groups[0].pricingPlans[0].visualElements[11].value", "Offre limitÃ©e"): Verify element property value successfully

2023-10-16 14:18:57 - [MESSAGE][PASSED] - Verify element property value successfully

2023-10-16 14:18:57 - [TEST_STEP][PASSED] - verifyElementPropertyValue(getResponse, "offers[6].groups[0].pricingPlans[0].visualElements[13].key", "tag_text"): Verify element property value successfully

2023-10-16 14:18:57 - [MESSAGE][PASSED] - Verify element property value successfully

2023-10-16 14:18:57 - [TEST_STEP][PASSED] - verifyElementPropertyValue(getResponse, "offers[6].groups[0].pricingPlans[0].visualElements[13].value", "Ãconomisez 40% "): Verify element property value successfully

2023-10-16 14:18:57 - [MESSAGE][PASSED] - Verify element property value successfully

2023-10-16 14:18:57 - [TEST_STEP][PASSED] - verifyElementPropertyValue(getResponse, "offers[6].groups[0].pricingPlans[0].visualElements[12].key", "show_tag"): Verify element property value successfully

2023-10-16 14:18:57 - [MESSAGE][PASSED] - Verify element property value successfully

2023-10-16 14:18:57 - [TEST_STEP][PASSED] - verifyElementPropertyValue(getResponse, "offers[6].groups[0].pricingPlans[0].visualElements[12].value", "true"): Verify element property value successfully

2023-10-16 14:18:57 - [MESSAGE][PASSED] - Verify element property value successfully

2023-10-16 14:18:57 - [TEST_STEP][PASSED] - verifyElementPropertyValue(getResponse, "offers[6].groups[0].pricingPlans[0].pricingPlanData[0].productId", "MAR_B2C_SHAHID_VIP_SPORT_1M"): Verify element property value successfully

2023-10-16 14:18:57 - [MESSAGE][PASSED] - Verify element property value successfully

2023-10-16 14:18:57 - [TEST_STEP][PASSED] - verifyElementPropertyValue(getResponse, "offers[6].groups[0].pricingPlans[0].pricingPlanData[0].paymentMethod", "CREDIT_CARD"): Verify element property value successfully

2023-10-16 14:18:57 - [MESSAGE][PASSED] - Verify element property value successfully

2023-10-16 14:18:57 - [TEST_STEP][PASSED] - verifyElementPropertyValue(getResponse, "offers[6].groups[0].pricingPlans[0].pricingPlanData[0].freeTrialEnabled", "false"): Verify element property value successfully

2023-10-16 14:18:57 - [MESSAGE][PASSED] - Verify element property value successfully

2023-10-16 14:18:57 - [TEST_STEP][PASSED] - verifyElementPropertyValue(getResponse, "offers[6].groups[0].pricingPlans[0].pricingPlanData[0].showIn[0]", "VERTICAL_MODE"): Verify element property value successfully

2023-10-16 14:18:57 - [MESSAGE][PASSED] - Verify element property value successfully

2023-10-16 14:18:57 - [TEST_STEP][PASSED] - verifyElementPropertyValue(getResponse, "offers[6].groups[0].pricingPlans[0].pricingPlanData[0].showIn[1]", "HORIZONTAL_MODE"): Verify element property value successfully

2023-10-16 14:18:57 - [MESSAGE][PASSED] - Verify element property value successfully

2023-10-16 14:18:57 - [TEST_STEP][PASSED] - verifyElementPropertyValue(getResponse, "offers[6].groups[0].pricingPlans[0].pricingPlanData[0].priceLabel", "40"): Verify element property value successfully

2023-10-16 14:18:57 - [MESSAGE][PASSED] - Verify element property value successfully

2023-10-16 14:18:57 - [TEST_STEP][PASSED] - verifyElementPropertyValue(getResponse, "offers[6].groups[0].pricingPlans[0].pricingPlanData[0].currencyLabel", "DH"): Verify element property value successfully

2023-10-16 14:18:57 - [MESSAGE][PASSED] - Verify element property value successfully

2023-10-16 14:18:57 - [TEST_STEP][PASSED] - verifyElementPropertyValue(getResponse, "offers[6].groups[0].pricingPlans[0].pricingPlanData[0].dealId", "WB_SPORT_40P_MAR"): Verify element property value successfully

2023-10-16 14:18:57 - [MESSAGE][PASSED] - Verify element property value successfully

2023-10-16 14:18:57 - [TEST_STEP][PASSED] - verifyElementPropertyValue(getResponse, "offers[6].groups[0].pricingPlans[0].pricingPlanData[0].allowedForAcquisition", "true"): Verify element property value successfully

2023-10-16 14:18:57 - [MESSAGE][PASSED] - Verify element property value successfully

2023-10-16 14:18:57 - [TEST_STEP][PASSED] - verifyElementPropertyValue(getResponse, "offers[6].groups[0].pricingPlans[0].pricingPlanData[0].visualElements[0].key", "title"): Verify element property value successfully

2023-10-16 14:18:57 - [MESSAGE][PASSED] - Verify element property value successfully

2023-10-16 14:18:57 - [TEST_STEP][PASSED] - verifyElementPropertyValue(getResponse, "offers[6].groups[0].pricingPlans[0].pricingPlanData[0].visualElements[0].value", "Carte de crÃ©dit/dÃ©bit"): Verify element property value successfully

2023-10-16 14:18:57 - [MESSAGE][PASSED] - Verify element property value successfully

2023-10-16 14:18:57 - [TEST_STEP][PASSED] - verifyElementPropertyValue(getResponse, "offers[6].groups[0].pricingPlans[0].pricingPlanData[0].visualElements[1].key", "CTA_text"): Verify element property value successfully

2023-10-16 14:18:57 - [MESSAGE][PASSED] - Verify element property value successfully

2023-10-16 14:18:57 - [TEST_STEP][PASSED] - verifyElementPropertyValue(getResponse, "offers[6].groups[0].pricingPlans[0].pricingPlanData[0].visualElements[1].value", "Sâabonner"): Verify element property value successfully

2023-10-16 14:18:57 - [MESSAGE][PASSED] - Verify element property value successfully

2023-10-16 14:18:57 - [TEST_STEP][PASSED] - verifyElementPropertyValue(getResponse, "offers[6].groups[0].pricingPlans[0].pricingPlanData[0].visualElements[2].key", "logo"): Verify element property value successfully

2023-10-16 14:18:57 - [MESSAGE][PASSED] - Verify element property value successfully

2023-10-16 14:18:57 - [TEST_STEP][PASSED] - verifyElementPropertyValue(getResponse, "offers[6].groups[0].pricingPlans[0].pricingPlanData[0].visualElements[2].value", "https://static.s3.shahid.mbc.net/widget-images/icons/iconCreditCard.png"): Verify element property value successfully

2023-10-16 14:18:57 - [MESSAGE][PASSED] - Verify element property value successfully

2023-10-16 14:18:57 - [TEST_STEP][PASSED] - verifyElementPropertyValue(getResponse, "offers[7].offerId", "winback-sport-50-offer"): Verify element property value successfully

2023-10-16 14:18:57 - [MESSAGE][PASSED] - Verify element property value successfully

2023-10-16 14:18:57 - [TEST_STEP][PASSED] - verifyElementPropertyValue(getResponse, "offers[7].offerParam", "sportsoffer50"): Verify element property value successfully

2023-10-16 14:18:57 - [MESSAGE][PASSED] - Verify element property value successfully

2023-10-16 14:18:57 - [TEST_STEP][PASSED] - verifyElementPropertyValue(getResponse, "offers[7].groups[0].pricingPlans[0].featured", "true"): Verify element property value successfully

2023-10-16 14:18:57 - [MESSAGE][PASSED] - Verify element property value successfully

2023-10-16 14:18:57 - [TEST_STEP][PASSED] - verifyElementPropertyValue(getResponse, "offers[7].groups[0].pricingPlans[0].period", "monthly"): Verify element property value successfully

2023-10-16 14:18:57 - [MESSAGE][PASSED] - Verify element property value successfully

2023-10-16 14:18:57 - [TEST_STEP][PASSED] - verifyElementPropertyValue(getResponse, "offers[7].groups[0].pricingPlans[0].featured", "true"): Verify element property value successfully

2023-10-16 14:18:57 - [MESSAGE][PASSED] - Verify element property value successfully

2023-10-16 14:18:57 - [TEST_STEP][PASSED] - verifyElementPropertyValue(getResponse, "offers[7].groups[0].pricingPlans[0].price", "34.0"): Verify element property value successfully

2023-10-16 14:18:57 - [MESSAGE][PASSED] - Verify element property value successfully

2023-10-16 14:18:57 - [TEST_STEP][PASSED] - verifyElementPropertyValue(getResponse, "offers[7].groups[0].pricingPlans[0].currency", "DH"): Verify element property value successfully

2023-10-16 14:18:57 - [MESSAGE][PASSED] - Verify element property value successfully

2023-10-16 14:18:57 - [TEST_STEP][PASSED] - verifyElementPropertyValue(getResponse, "offers[7].groups[0].pricingPlans[0].order", "0"): Verify element property value successfully

2023-10-16 14:18:57 - [MESSAGE][PASSED] - Verify element property value successfully

2023-10-16 14:18:57 - [TEST_STEP][PASSED] - verifyElementPropertyValue(getResponse, "offers[7].groups[0].pricingPlans[0].packageId", "SHAHID_VIP_SPORT"): Verify element property value successfully

2023-10-16 14:18:57 - [MESSAGE][PASSED] - Verify element property value successfully

2023-10-16 14:18:57 - [TEST_STEP][PASSED] - verifyElementPropertyValue(getResponse, "offers[7].groups[0].pricingPlans[0].catalogId", "SPORT"): Verify element property value successfully

2023-10-16 14:18:57 - [MESSAGE][PASSED] - Verify element property value successfully

2023-10-16 14:18:57 - [TEST_STEP][PASSED] - verifyElementPropertyValue(getResponse, "offers[7].groups[0].pricingPlans[0].visualElements[0].key", "Header_1_text"): Verify element property value successfully

2023-10-16 14:18:57 - [MESSAGE][PASSED] - Verify element property value successfully

2023-10-16 14:18:57 - [TEST_STEP][PASSED] - verifyElementPropertyValue(getResponse, "offers[7].groups[0].pricingPlans[0].visualElements[0].value", "Abonnez-vous dÃ¨s maintenant et profitez de vos programmes sans publicitÃ©"): Verify element property value successfully

2023-10-16 14:18:57 - [MESSAGE][PASSED] - Verify element property value successfully

2023-10-16 14:18:57 - [TEST_STEP][PASSED] - verifyElementPropertyValue(getResponse, "offers[7].groups[0].pricingPlans[0].visualElements[1].key", "display_title"): Verify element property value successfully

2023-10-16 14:18:57 - [MESSAGE][PASSED] - Verify element property value successfully

2023-10-16 14:18:57 - [TEST_STEP][PASSED] - verifyElementPropertyValue(getResponse, "offers[7].groups[0].pricingPlans[0].visualElements[1].value", "50% de rÃ©duction"): Verify element property value successfully

2023-10-16 14:18:57 - [MESSAGE][PASSED] - Verify element property value successfully

2023-10-16 14:18:57 - [TEST_STEP][PASSED] - verifyElementPropertyValue(getResponse, "offers[7].groups[0].pricingPlans[0].visualElements[3].key", "deduction_text"): Verify element property value successfully

2023-10-16 14:18:57 - [MESSAGE][PASSED] - Verify element property value successfully

2023-10-16 14:18:57 - [TEST_STEP][PASSED] - verifyElementPropertyValue(getResponse, "offers[7].groups[0].pricingPlans[0].visualElements[3].value", "facturation mensuelle"): Verify element property value successfully

2023-10-16 14:18:57 - [MESSAGE][PASSED] - Verify element property value successfully

2023-10-16 14:18:57 - [TEST_STEP][PASSED] - verifyElementPropertyValue(getResponse, "offers[7].groups[0].pricingPlans[0].visualElements[6].key", "show_payment_logo"): Verify element property value successfully

2023-10-16 14:18:57 - [MESSAGE][PASSED] - Verify element property value successfully

2023-10-16 14:18:57 - [TEST_STEP][PASSED] - verifyElementPropertyValue(getResponse, "offers[7].groups[0].pricingPlans[0].visualElements[6].value", "true"): Verify element property value successfully

2023-10-16 14:18:57 - [MESSAGE][PASSED] - Verify element property value successfully

2023-10-16 14:18:57 - [TEST_STEP][PASSED] - verifyElementPropertyValue(getResponse, "offers[7].groups[0].pricingPlans[0].visualElements[8].key", "price"): Verify element property value successfully

2023-10-16 14:18:57 - [MESSAGE][PASSED] - Verify element property value successfully

2023-10-16 14:18:57 - [TEST_STEP][PASSED] - verifyElementPropertyValue(getResponse, "offers[7].groups[0].pricingPlans[0].visualElements[8].value", "34"): Verify element property value successfully

2023-10-16 14:18:57 - [MESSAGE][PASSED] - Verify element property value successfully

2023-10-16 14:18:57 - [TEST_STEP][PASSED] - verifyElementPropertyValue(getResponse, "offers[7].groups[0].pricingPlans[0].visualElements[9].key", "currency"): Verify element property value successfully

2023-10-16 14:18:57 - [MESSAGE][PASSED] - Verify element property value successfully

2023-10-16 14:18:57 - [TEST_STEP][PASSED] - verifyElementPropertyValue(getResponse, "offers[7].groups[0].pricingPlans[0].visualElements[9].value", "DH"): Verify element property value successfully

2023-10-16 14:18:57 - [MESSAGE][PASSED] - Verify element property value successfully

2023-10-16 14:18:57 - [TEST_STEP][PASSED] - verifyElementPropertyValue(getResponse, "offers[7].groups[0].pricingPlans[0].visualElements[10].key", "duration"): Verify element property value successfully

2023-10-16 14:18:57 - [MESSAGE][PASSED] - Verify element property value successfully

2023-10-16 14:18:57 - [TEST_STEP][PASSED] - verifyElementPropertyValue(getResponse, "offers[7].groups[0].pricingPlans[0].visualElements[10].value", "Mensuel"): Verify element property value successfully

2023-10-16 14:18:57 - [MESSAGE][PASSED] - Verify element property value successfully

2023-10-16 14:18:57 - [TEST_STEP][PASSED] - verifyElementPropertyValue(getResponse, "offers[7].groups[0].pricingPlans[0].visualElements[11].key", "featured_tag_text"): Verify element property value successfully

2023-10-16 14:18:57 - [MESSAGE][PASSED] - Verify element property value successfully

2023-10-16 14:18:57 - [TEST_STEP][PASSED] - verifyElementPropertyValue(getResponse, "offers[7].groups[0].pricingPlans[0].visualElements[11].value", "Offre limitÃ©e"): Verify element property value successfully

2023-10-16 14:18:57 - [MESSAGE][PASSED] - Verify element property value successfully

2023-10-16 14:18:57 - [TEST_STEP][PASSED] - verifyElementPropertyValue(getResponse, "offers[7].groups[0].pricingPlans[0].visualElements[13].key", "tag_text"): Verify element property value successfully

2023-10-16 14:18:57 - [MESSAGE][PASSED] - Verify element property value successfully

2023-10-16 14:18:57 - [TEST_STEP][PASSED] - verifyElementPropertyValue(getResponse, "offers[7].groups[0].pricingPlans[0].visualElements[13].value", "Ãconomisez 50% "): Verify element property value successfully

2023-10-16 14:18:57 - [MESSAGE][PASSED] - Verify element property value successfully

2023-10-16 14:18:57 - [TEST_STEP][PASSED] - verifyElementPropertyValue(getResponse, "offers[7].groups[0].pricingPlans[0].visualElements[12].key", "show_tag"): Verify element property value successfully

2023-10-16 14:18:57 - [MESSAGE][PASSED] - Verify element property value successfully

2023-10-16 14:18:57 - [TEST_STEP][PASSED] - verifyElementPropertyValue(getResponse, "offers[7].groups[0].pricingPlans[0].visualElements[12].value", "true"): Verify element property value successfully

2023-10-16 14:18:57 - [MESSAGE][PASSED] - Verify element property value successfully

2023-10-16 14:18:57 - [TEST_STEP][PASSED] - verifyElementPropertyValue(getResponse, "offers[7].groups[0].pricingPlans[0].pricingPlanData[0].productId", "MAR_B2C_SHAHID_VIP_SPORT_1M"): Verify element property value successfully

2023-10-16 14:18:57 - [MESSAGE][PASSED] - Verify element property value successfully

2023-10-16 14:18:57 - [TEST_STEP][PASSED] - verifyElementPropertyValue(getResponse, "offers[7].groups[0].pricingPlans[0].pricingPlanData[0].paymentMethod", "CREDIT_CARD"): Verify element property value successfully

2023-10-16 14:18:57 - [MESSAGE][PASSED] - Verify element property value successfully

2023-10-16 14:18:57 - [TEST_STEP][PASSED] - verifyElementPropertyValue(getResponse, "offers[7].groups[0].pricingPlans[0].pricingPlanData[0].freeTrialEnabled", "false"): Verify element property value successfully

2023-10-16 14:18:57 - [MESSAGE][PASSED] - Verify element property value successfully

2023-10-16 14:18:57 - [TEST_STEP][PASSED] - verifyElementPropertyValue(getResponse, "offers[7].groups[0].pricingPlans[0].pricingPlanData[0].showIn[0]", "VERTICAL_MODE"): Verify element property value successfully

2023-10-16 14:18:57 - [MESSAGE][PASSED] - Verify element property value successfully

2023-10-16 14:18:57 - [TEST_STEP][PASSED] - verifyElementPropertyValue(getResponse, "offers[7].groups[0].pricingPlans[0].pricingPlanData[0].showIn[1]", "HORIZONTAL_MODE"): Verify element property value successfully

2023-10-16 14:18:57 - [MESSAGE][PASSED] - Verify element property value successfully

2023-10-16 14:18:57 - [TEST_STEP][PASSED] - verifyElementPropertyValue(getResponse, "offers[7].groups[0].pricingPlans[0].pricingPlanData[0].priceLabel", "34"): Verify element property value successfully

2023-10-16 14:18:57 - [MESSAGE][PASSED] - Verify element property value successfully

2023-10-16 14:18:57 - [TEST_STEP][PASSED] - verifyElementPropertyValue(getResponse, "offers[7].groups[0].pricingPlans[0].pricingPlanData[0].currencyLabel", "DH"): Verify element property value successfully

2023-10-16 14:18:57 - [MESSAGE][PASSED] - Verify element property value successfully

2023-10-16 14:18:57 - [TEST_STEP][PASSED] - verifyElementPropertyValue(getResponse, "offers[7].groups[0].pricingPlans[0].pricingPlanData[0].dealId", "WB_SPORT_50P_MAR"): Verify element property value successfully

2023-10-16 14:18:57 - [MESSAGE][PASSED] - Verify element property value successfully

2023-10-16 14:18:57 - [TEST_STEP][PASSED] - verifyElementPropertyValue(getResponse, "offers[7].groups[0].pricingPlans[0].pricingPlanData[0].allowedForAcquisition", "true"): Verify element property value successfully

2023-10-16 14:18:57 - [MESSAGE][PASSED] - Verify element property value successfully

2023-10-16 14:18:57 - [TEST_STEP][PASSED] - verifyElementPropertyValue(getResponse, "offers[7].groups[0].pricingPlans[0].pricingPlanData[0].visualElements[0].key", "title"): Verify element property value successfully

2023-10-16 14:18:57 - [MESSAGE][PASSED] - Verify element property value successfully

2023-10-16 14:18:57 - [TEST_STEP][PASSED] - verifyElementPropertyValue(getResponse, "offers[7].groups[0].pricingPlans[0].pricingPlanData[0].visualElements[0].value", "Carte de crÃ©dit/dÃ©bit"): Verify element property value successfully

2023-10-16 14:18:57 - [MESSAGE][PASSED] - Verify element property value successfully

2023-10-16 14:18:57 - [TEST_STEP][PASSED] - verifyElementPropertyValue(getResponse, "offers[7].groups[0].pricingPlans[0].pricingPlanData[0].visualElements[1].key", "CTA_text"): Verify element property value successfully

2023-10-16 14:18:57 - [MESSAGE][PASSED] - Verify element property value successfully

2023-10-16 14:18:57 - [TEST_STEP][PASSED] - verifyElementPropertyValue(getResponse, "offers[7].groups[0].pricingPlans[0].pricingPlanData[0].visualElements[1].value", "Sâabonner"): Verify element property value successfully

2023-10-16 14:18:58 - [MESSAGE][PASSED] - Verify element property value successfully

2023-10-16 14:18:58 - [TEST_STEP][PASSED] - verifyElementPropertyValue(getResponse, "offers[7].groups[0].pricingPlans[0].pricingPlanData[0].visualElements[2].key", "logo"): Verify element property value successfully

2023-10-16 14:18:58 - [MESSAGE][PASSED] - Verify element property value successfully

2023-10-16 14:18:58 - [TEST_STEP][PASSED] - verifyElementPropertyValue(getResponse, "offers[7].groups[0].pricingPlans[0].pricingPlanData[0].visualElements[2].value", "https://static.s3.shahid.mbc.net/widget-images/icons/iconCreditCard.png"): Verify element property value successfully

2023-10-16 14:18:58 - [MESSAGE][PASSED] - Verify element property value successfully

2023-10-16 14:18:58 - [TEST_STEP][PASSED] - verifyElementPropertyValue(getResponse, "offers[11].offerId", "byg-sport-30-offer"): Verify element property value successfully

2023-10-16 14:18:58 - [MESSAGE][PASSED] - Verify element property value successfully

2023-10-16 14:18:58 - [TEST_STEP][PASSED] - verifyElementPropertyValue(getResponse, "offers[11].offerParam", "bygsportsoffer30"): Verify element property value successfully

2023-10-16 14:18:58 - [MESSAGE][PASSED] - Verify element property value successfully

2023-10-16 14:18:58 - [TEST_STEP][PASSED] - verifyElementPropertyValue(getResponse, "offers[11].groups[0].pricingPlans[0].featured", "true"): Verify element property value successfully

2023-10-16 14:18:58 - [MESSAGE][PASSED] - Verify element property value successfully

2023-10-16 14:18:58 - [TEST_STEP][PASSED] - verifyElementPropertyValue(getResponse, "offers[11].groups[0].pricingPlans[0].period", "monthly"): Verify element property value successfully

2023-10-16 14:18:58 - [MESSAGE][PASSED] - Verify element property value successfully

2023-10-16 14:18:58 - [TEST_STEP][PASSED] - verifyElementPropertyValue(getResponse, "offers[11].groups[0].pricingPlans[0].featured", "true"): Verify element property value successfully

2023-10-16 14:18:58 - [MESSAGE][PASSED] - Verify element property value successfully

2023-10-16 14:18:58 - [TEST_STEP][PASSED] - verifyElementPropertyValue(getResponse, "offers[11].groups[0].pricingPlans[0].price", "47.0"): Verify element property value successfully

2023-10-16 14:18:58 - [MESSAGE][PASSED] - Verify element property value successfully

2023-10-16 14:18:58 - [TEST_STEP][PASSED] - verifyElementPropertyValue(getResponse, "offers[11].groups[0].pricingPlans[0].currency", "DH"): Verify element property value successfully

2023-10-16 14:18:58 - [MESSAGE][PASSED] - Verify element property value successfully

2023-10-16 14:18:58 - [TEST_STEP][PASSED] - verifyElementPropertyValue(getResponse, "offers[11].groups[0].pricingPlans[0].order", "0"): Verify element property value successfully

2023-10-16 14:18:58 - [MESSAGE][PASSED] - Verify element property value successfully

2023-10-16 14:18:58 - [TEST_STEP][PASSED] - verifyElementPropertyValue(getResponse, "offers[11].groups[0].pricingPlans[0].packageId", "SHAHID_VIP_SPORT"): Verify element property value successfully

2023-10-16 14:18:58 - [MESSAGE][PASSED] - Verify element property value successfully

2023-10-16 14:18:58 - [TEST_STEP][PASSED] - verifyElementPropertyValue(getResponse, "offers[11].groups[0].pricingPlans[0].catalogId", "SPORT"): Verify element property value successfully

2023-10-16 14:18:58 - [MESSAGE][PASSED] - Verify element property value successfully

2023-10-16 14:18:58 - [TEST_STEP][PASSED] - verifyElementPropertyValue(getResponse, "offers[11].groups[0].pricingPlans[0].visualElements[0].key", "Header_1_text"): Verify element property value successfully

2023-10-16 14:18:58 - [MESSAGE][PASSED] - Verify element property value successfully

2023-10-16 14:18:58 - [TEST_STEP][PASSED] - verifyElementPropertyValue(getResponse, "offers[11].groups[0].pricingPlans[0].visualElements[0].value", "Abonnez-vous dÃ¨s maintenant et profitez de vos programmes sans publicitÃ©"): Verify element property value successfully

2023-10-16 14:18:58 - [MESSAGE][PASSED] - Verify element property value successfully

2023-10-16 14:18:58 - [TEST_STEP][PASSED] - verifyElementPropertyValue(getResponse, "offers[11].groups[0].pricingPlans[0].visualElements[1].key", "display_title"): Verify element property value successfully

2023-10-16 14:18:58 - [MESSAGE][PASSED] - Verify element property value successfully

2023-10-16 14:18:58 - [TEST_STEP][PASSED] - verifyElementPropertyValue(getResponse, "offers[11].groups[0].pricingPlans[0].visualElements[1].value", "30% de rÃ©duction"): Verify element property value successfully

2023-10-16 14:18:58 - [MESSAGE][PASSED] - Verify element property value successfully

2023-10-16 14:18:58 - [TEST_STEP][PASSED] - verifyElementPropertyValue(getResponse, "offers[11].groups[0].pricingPlans[0].visualElements[3].key", "deduction_text"): Verify element property value successfully

2023-10-16 14:18:58 - [MESSAGE][PASSED] - Verify element property value successfully

2023-10-16 14:18:58 - [TEST_STEP][PASSED] - verifyElementPropertyValue(getResponse, "offers[11].groups[0].pricingPlans[0].visualElements[3].value", "facturation mensuelle"): Verify element property value successfully

2023-10-16 14:18:58 - [MESSAGE][PASSED] - Verify element property value successfully

2023-10-16 14:18:58 - [TEST_STEP][PASSED] - verifyElementPropertyValue(getResponse, "offers[11].groups[0].pricingPlans[0].visualElements[6].key", "show_payment_logo"): Verify element property value successfully

2023-10-16 14:18:58 - [MESSAGE][PASSED] - Verify element property value successfully

2023-10-16 14:18:58 - [TEST_STEP][PASSED] - verifyElementPropertyValue(getResponse, "offers[11].groups[0].pricingPlans[0].visualElements[6].value", "true"): Verify element property value successfully

2023-10-16 14:18:58 - [MESSAGE][PASSED] - Verify element property value successfully

2023-10-16 14:18:58 - [TEST_STEP][PASSED] - verifyElementPropertyValue(getResponse, "offers[11].groups[0].pricingPlans[0].visualElements[8].key", "price"): Verify element property value successfully

2023-10-16 14:18:58 - [MESSAGE][PASSED] - Verify element property value successfully

2023-10-16 14:18:58 - [TEST_STEP][PASSED] - verifyElementPropertyValue(getResponse, "offers[11].groups[0].pricingPlans[0].visualElements[8].value", "47"): Verify element property value successfully

2023-10-16 14:18:58 - [MESSAGE][PASSED] - Verify element property value successfully

2023-10-16 14:18:58 - [TEST_STEP][PASSED] - verifyElementPropertyValue(getResponse, "offers[11].groups[0].pricingPlans[0].visualElements[9].key", "currency"): Verify element property value successfully

2023-10-16 14:18:58 - [MESSAGE][PASSED] - Verify element property value successfully

2023-10-16 14:18:58 - [TEST_STEP][PASSED] - verifyElementPropertyValue(getResponse, "offers[11].groups[0].pricingPlans[0].visualElements[9].value", "DH"): Verify element property value successfully

2023-10-16 14:18:58 - [MESSAGE][PASSED] - Verify element property value successfully

2023-10-16 14:18:58 - [TEST_STEP][PASSED] - verifyElementPropertyValue(getResponse, "offers[11].groups[0].pricingPlans[0].visualElements[10].key", "duration"): Verify element property value successfully

2023-10-16 14:18:58 - [MESSAGE][PASSED] - Verify element property value successfully

2023-10-16 14:18:58 - [TEST_STEP][PASSED] - verifyElementPropertyValue(getResponse, "offers[11].groups[0].pricingPlans[0].visualElements[10].value", "Mensuel"): Verify element property value successfully

2023-10-16 14:18:58 - [MESSAGE][PASSED] - Verify element property value successfully

2023-10-16 14:18:58 - [TEST_STEP][PASSED] - verifyElementPropertyValue(getResponse, "offers[11].groups[0].pricingPlans[0].visualElements[11].key", "featured_tag_text"): Verify element property value successfully

2023-10-16 14:18:58 - [MESSAGE][PASSED] - Verify element property value successfully

2023-10-16 14:18:58 - [TEST_STEP][PASSED] - verifyElementPropertyValue(getResponse, "offers[11].groups[0].pricingPlans[0].visualElements[11].value", "Offre limitÃ©e"): Verify element property value successfully

2023-10-16 14:18:58 - [MESSAGE][PASSED] - Verify element property value successfully

2023-10-16 14:18:58 - [TEST_STEP][PASSED] - verifyElementPropertyValue(getResponse, "offers[11].groups[0].pricingPlans[0].visualElements[13].key", "tag_text"): Verify element property value successfully

2023-10-16 14:18:58 - [MESSAGE][PASSED] - Verify element property value successfully

2023-10-16 14:18:58 - [TEST_STEP][PASSED] - verifyElementPropertyValue(getResponse, "offers[11].groups[0].pricingPlans[0].visualElements[13].value", "Ãconomisez 30% "): Verify element property value successfully

2023-10-16 14:18:58 - [MESSAGE][PASSED] - Verify element property value successfully

2023-10-16 14:18:58 - [TEST_STEP][PASSED] - verifyElementPropertyValue(getResponse, "offers[11].groups[0].pricingPlans[0].visualElements[12].key", "show_tag"): Verify element property value successfully

2023-10-16 14:18:58 - [MESSAGE][PASSED] - Verify element property value successfully

2023-10-16 14:18:58 - [TEST_STEP][PASSED] - verifyElementPropertyValue(getResponse, "offers[11].groups[0].pricingPlans[0].visualElements[12].value", "true"): Verify element property value successfully

2023-10-16 14:18:58 - [MESSAGE][PASSED] - Verify element property value successfully

2023-10-16 14:18:58 - [TEST_STEP][PASSED] - verifyElementPropertyValue(getResponse, "offers[11].groups[0].pricingPlans[0].pricingPlanData[0].productId", "MAR_B2C_SHAHID_VIP_SPORT_1M"): Verify element property value successfully

2023-10-16 14:18:58 - [MESSAGE][PASSED] - Verify element property value successfully

2023-10-16 14:18:58 - [TEST_STEP][PASSED] - verifyElementPropertyValue(getResponse, "offers[11].groups[0].pricingPlans[0].pricingPlanData[0].paymentMethod", "CREDIT_CARD"): Verify element property value successfully

2023-10-16 14:18:58 - [MESSAGE][PASSED] - Verify element property value successfully

2023-10-16 14:18:58 - [TEST_STEP][PASSED] - verifyElementPropertyValue(getResponse, "offers[11].groups[0].pricingPlans[0].pricingPlanData[0].freeTrialEnabled", "false"): Verify element property value successfully

2023-10-16 14:18:58 - [MESSAGE][PASSED] - Verify element property value successfully

2023-10-16 14:18:58 - [TEST_STEP][PASSED] - verifyElementPropertyValue(getResponse, "offers[11].groups[0].pricingPlans[0].pricingPlanData[0].showIn[0]", "VERTICAL_MODE"): Verify element property value successfully

2023-10-16 14:18:58 - [MESSAGE][PASSED] - Verify element property value successfully

2023-10-16 14:18:58 - [TEST_STEP][PASSED] - verifyElementPropertyValue(getResponse, "offers[11].groups[0].pricingPlans[0].pricingPlanData[0].showIn[1]", "HORIZONTAL_MODE"): Verify element property value successfully

2023-10-16 14:18:58 - [MESSAGE][PASSED] - Verify element property value successfully

2023-10-16 14:18:58 - [TEST_STEP][PASSED] - verifyElementPropertyValue(getResponse, "offers[11].groups[0].pricingPlans[0].pricingPlanData[0].priceLabel", "47"): Verify element property value successfully

2023-10-16 14:18:58 - [MESSAGE][PASSED] - Verify element property value successfully

2023-10-16 14:18:58 - [TEST_STEP][PASSED] - verifyElementPropertyValue(getResponse, "offers[11].groups[0].pricingPlans[0].pricingPlanData[0].currencyLabel", "DH"): Verify element property value successfully

2023-10-16 14:18:58 - [MESSAGE][PASSED] - Verify element property value successfully

2023-10-16 14:18:58 - [TEST_STEP][PASSED] - verifyElementPropertyValue(getResponse, "offers[11].groups[0].pricingPlans[0].pricingPlanData[0].dealId", "BYG_SPORT_30P_MAR"): Verify element property value successfully

2023-10-16 14:18:58 - [MESSAGE][PASSED] - Verify element property value successfully

2023-10-16 14:18:58 - [TEST_STEP][PASSED] - verifyElementPropertyValue(getResponse, "offers[11].groups[0].pricingPlans[0].pricingPlanData[0].allowedForAcquisition", "true"): Verify element property value successfully

2023-10-16 14:18:58 - [MESSAGE][PASSED] - Verify element property value successfully

2023-10-16 14:18:58 - [TEST_STEP][PASSED] - verifyElementPropertyValue(getResponse, "offers[11].groups[0].pricingPlans[0].pricingPlanData[0].visualElements[0].key", "title"): Verify element property value successfully

2023-10-16 14:18:58 - [MESSAGE][PASSED] - Verify element property value successfully

2023-10-16 14:18:58 - [TEST_STEP][PASSED] - verifyElementPropertyValue(getResponse, "offers[11].groups[0].pricingPlans[0].pricingPlanData[0].visualElements[0].value", "Carte de crÃ©dit/dÃ©bit"): Verify element property value successfully

2023-10-16 14:18:58 - [MESSAGE][PASSED] - Verify element property value successfully

2023-10-16 14:18:58 - [TEST_STEP][PASSED] - verifyElementPropertyValue(getResponse, "offers[11].groups[0].pricingPlans[0].pricingPlanData[0].visualElements[1].key", "CTA_text"): Verify element property value successfully

2023-10-16 14:18:58 - [MESSAGE][PASSED] - Verify element property value successfully

2023-10-16 14:18:58 - [TEST_STEP][PASSED] - verifyElementPropertyValue(getResponse, "offers[11].groups[0].pricingPlans[0].pricingPlanData[0].visualElements[1].value", "Sâabonner"): Verify element property value successfully

2023-10-16 14:18:58 - [MESSAGE][PASSED] - Verify element property value successfully

2023-10-16 14:18:58 - [TEST_STEP][PASSED] - verifyElementPropertyValue(getResponse, "offers[11].groups[0].pricingPlans[0].pricingPlanData[0].visualElements[2].key", "logo"): Verify element property value successfully

2023-10-16 14:18:58 - [MESSAGE][PASSED] - Verify element property value successfully

2023-10-16 14:18:58 - [TEST_STEP][PASSED] - verifyElementPropertyValue(getResponse, "offers[11].groups[0].pricingPlans[0].pricingPlanData[0].visualElements[2].value", "https://static.s3.shahid.mbc.net/widget-images/icons/iconCreditCard.png"): Verify element property value successfully

2023-10-16 14:18:58 - [MESSAGE][PASSED] - Verify element property value successfully

2023-10-16 14:18:58 - [TEST_STEP][PASSED] - verifyElementPropertyValue(getResponse, "offers[12].offerId", "byg-sport-40-offer"): Verify element property value successfully

2023-10-16 14:18:58 - [MESSAGE][PASSED] - Verify element property value successfully

2023-10-16 14:18:58 - [TEST_STEP][PASSED] - verifyElementPropertyValue(getResponse, "offers[12].offerParam", "bygsportsoffer40"): Verify element property value successfully

2023-10-16 14:18:58 - [MESSAGE][PASSED] - Verify element property value successfully

2023-10-16 14:18:58 - [TEST_STEP][PASSED] - verifyElementPropertyValue(getResponse, "offers[12].groups[0].pricingPlans[0].featured", "true"): Verify element property value successfully

2023-10-16 14:18:58 - [MESSAGE][PASSED] - Verify element property value successfully

2023-10-16 14:18:58 - [TEST_STEP][PASSED] - verifyElementPropertyValue(getResponse, "offers[12].groups[0].pricingPlans[0].period", "monthly"): Verify element property value successfully

2023-10-16 14:18:58 - [MESSAGE][PASSED] - Verify element property value successfully

2023-10-16 14:18:58 - [TEST_STEP][PASSED] - verifyElementPropertyValue(getResponse, "offers[12].groups[0].pricingPlans[0].featured", "true"): Verify element property value successfully

2023-10-16 14:18:58 - [MESSAGE][PASSED] - Verify element property value successfully

2023-10-16 14:18:58 - [TEST_STEP][PASSED] - verifyElementPropertyValue(getResponse, "offers[12].groups[0].pricingPlans[0].price", "40.0"): Verify element property value successfully

2023-10-16 14:18:58 - [MESSAGE][PASSED] - Verify element property value successfully

2023-10-16 14:18:58 - [TEST_STEP][PASSED] - verifyElementPropertyValue(getResponse, "offers[12].groups[0].pricingPlans[0].currency", "DH"): Verify element property value successfully

2023-10-16 14:18:58 - [MESSAGE][PASSED] - Verify element property value successfully

2023-10-16 14:18:58 - [TEST_STEP][PASSED] - verifyElementPropertyValue(getResponse, "offers[12].groups[0].pricingPlans[0].order", "0"): Verify element property value successfully

2023-10-16 14:18:58 - [MESSAGE][PASSED] - Verify element property value successfully

2023-10-16 14:18:58 - [TEST_STEP][PASSED] - verifyElementPropertyValue(getResponse, "offers[12].groups[0].pricingPlans[0].packageId", "SHAHID_VIP_SPORT"): Verify element property value successfully

2023-10-16 14:18:58 - [MESSAGE][PASSED] - Verify element property value successfully

2023-10-16 14:18:58 - [TEST_STEP][PASSED] - verifyElementPropertyValue(getResponse, "offers[12].groups[0].pricingPlans[0].catalogId", "SPORT"): Verify element property value successfully

2023-10-16 14:18:58 - [MESSAGE][PASSED] - Verify element property value successfully

2023-10-16 14:18:58 - [TEST_STEP][PASSED] - verifyElementPropertyValue(getResponse, "offers[12].groups[0].pricingPlans[0].visualElements[0].key", "Header_1_text"): Verify element property value successfully

2023-10-16 14:18:58 - [MESSAGE][PASSED] - Verify element property value successfully

2023-10-16 14:18:58 - [TEST_STEP][PASSED] - verifyElementPropertyValue(getResponse, "offers[12].groups[0].pricingPlans[0].visualElements[0].value", "Abonnez-vous dÃ¨s maintenant et profitez de vos programmes sans publicitÃ©"): Verify element property value successfully

2023-10-16 14:18:58 - [MESSAGE][PASSED] - Verify element property value successfully

2023-10-16 14:18:58 - [TEST_STEP][PASSED] - verifyElementPropertyValue(getResponse, "offers[12].groups[0].pricingPlans[0].visualElements[1].key", "display_title"): Verify element property value successfully

2023-10-16 14:18:58 - [MESSAGE][PASSED] - Verify element property value successfully

2023-10-16 14:18:58 - [TEST_STEP][PASSED] - verifyElementPropertyValue(getResponse, "offers[12].groups[0].pricingPlans[0].visualElements[1].value", "40% de rÃ©duction"): Verify element property value successfully

2023-10-16 14:18:58 - [MESSAGE][PASSED] - Verify element property value successfully

2023-10-16 14:18:58 - [TEST_STEP][PASSED] - verifyElementPropertyValue(getResponse, "offers[12].groups[0].pricingPlans[0].visualElements[3].key", "deduction_text"): Verify element property value successfully

2023-10-16 14:18:58 - [MESSAGE][PASSED] - Verify element property value successfully

2023-10-16 14:18:58 - [TEST_STEP][PASSED] - verifyElementPropertyValue(getResponse, "offers[12].groups[0].pricingPlans[0].visualElements[3].value", "facturation mensuelle"): Verify element property value successfully

2023-10-16 14:18:58 - [MESSAGE][PASSED] - Verify element property value successfully

2023-10-16 14:18:58 - [TEST_STEP][PASSED] - verifyElementPropertyValue(getResponse, "offers[12].groups[0].pricingPlans[0].visualElements[6].key", "show_payment_logo"): Verify element property value successfully

2023-10-16 14:18:58 - [MESSAGE][PASSED] - Verify element property value successfully

2023-10-16 14:18:58 - [TEST_STEP][PASSED] - verifyElementPropertyValue(getResponse, "offers[12].groups[0].pricingPlans[0].visualElements[6].value", "true"): Verify element property value successfully

2023-10-16 14:18:58 - [MESSAGE][PASSED] - Verify element property value successfully

2023-10-16 14:18:58 - [TEST_STEP][PASSED] - verifyElementPropertyValue(getResponse, "offers[12].groups[0].pricingPlans[0].visualElements[8].key", "price"): Verify element property value successfully

2023-10-16 14:18:58 - [MESSAGE][PASSED] - Verify element property value successfully

2023-10-16 14:18:58 - [TEST_STEP][PASSED] - verifyElementPropertyValue(getResponse, "offers[12].groups[0].pricingPlans[0].visualElements[8].value", "40"): Verify element property value successfully

2023-10-16 14:18:58 - [MESSAGE][PASSED] - Verify element property value successfully

2023-10-16 14:18:58 - [TEST_STEP][PASSED] - verifyElementPropertyValue(getResponse, "offers[12].groups[0].pricingPlans[0].visualElements[9].key", "currency"): Verify element property value successfully

2023-10-16 14:18:58 - [MESSAGE][PASSED] - Verify element property value successfully

2023-10-16 14:18:58 - [TEST_STEP][PASSED] - verifyElementPropertyValue(getResponse, "offers[12].groups[0].pricingPlans[0].visualElements[9].value", "DH"): Verify element property value successfully

2023-10-16 14:18:58 - [MESSAGE][PASSED] - Verify element property value successfully

2023-10-16 14:18:58 - [TEST_STEP][PASSED] - verifyElementPropertyValue(getResponse, "offers[12].groups[0].pricingPlans[0].visualElements[10].key", "duration"): Verify element property value successfully

2023-10-16 14:18:58 - [MESSAGE][PASSED] - Verify element property value successfully

2023-10-16 14:18:58 - [TEST_STEP][PASSED] - verifyElementPropertyValue(getResponse, "offers[12].groups[0].pricingPlans[0].visualElements[10].value", "Mensuel"): Verify element property value successfully

2023-10-16 14:18:58 - [MESSAGE][PASSED] - Verify element property value successfully

2023-10-16 14:18:58 - [TEST_STEP][PASSED] - verifyElementPropertyValue(getResponse, "offers[12].groups[0].pricingPlans[0].visualElements[11].key", "featured_tag_text"): Verify element property value successfully

2023-10-16 14:18:58 - [MESSAGE][PASSED] - Verify element property value successfully

2023-10-16 14:18:58 - [TEST_STEP][PASSED] - verifyElementPropertyValue(getResponse, "offers[12].groups[0].pricingPlans[0].visualElements[11].value", "Offre limitÃ©e"): Verify element property value successfully

2023-10-16 14:18:58 - [MESSAGE][PASSED] - Verify element property value successfully

2023-10-16 14:18:58 - [TEST_STEP][PASSED] - verifyElementPropertyValue(getResponse, "offers[12].groups[0].pricingPlans[0].visualElements[13].key", "tag_text"): Verify element property value successfully

2023-10-16 14:18:58 - [MESSAGE][PASSED] - Verify element property value successfully

2023-10-16 14:18:58 - [TEST_STEP][PASSED] - verifyElementPropertyValue(getResponse, "offers[12].groups[0].pricingPlans[0].visualElements[13].value", "Ãconomisez 40% "): Verify element property value successfully

2023-10-16 14:18:58 - [MESSAGE][PASSED] - Verify element property value successfully

2023-10-16 14:18:58 - [TEST_STEP][PASSED] - verifyElementPropertyValue(getResponse, "offers[12].groups[0].pricingPlans[0].visualElements[12].key", "show_tag"): Verify element property value successfully

2023-10-16 14:18:58 - [MESSAGE][PASSED] - Verify element property value successfully

2023-10-16 14:18:58 - [TEST_STEP][PASSED] - verifyElementPropertyValue(getResponse, "offers[12].groups[0].pricingPlans[0].visualElements[12].value", "true"): Verify element property value successfully

2023-10-16 14:18:58 - [MESSAGE][PASSED] - Verify element property value successfully

2023-10-16 14:18:58 - [TEST_STEP][PASSED] - verifyElementPropertyValue(getResponse, "offers[12].groups[0].pricingPlans[0].pricingPlanData[0].productId", "MAR_B2C_SHAHID_VIP_SPORT_1M"): Verify element property value successfully

2023-10-16 14:18:58 - [MESSAGE][PASSED] - Verify element property value successfully

2023-10-16 14:18:58 - [TEST_STEP][PASSED] - verifyElementPropertyValue(getResponse, "offers[12].groups[0].pricingPlans[0].pricingPlanData[0].paymentMethod", "CREDIT_CARD"): Verify element property value successfully

2023-10-16 14:18:58 - [MESSAGE][PASSED] - Verify element property value successfully

2023-10-16 14:18:58 - [TEST_STEP][PASSED] - verifyElementPropertyValue(getResponse, "offers[12].groups[0].pricingPlans[0].pricingPlanData[0].freeTrialEnabled", "false"): Verify element property value successfully

2023-10-16 14:18:58 - [MESSAGE][PASSED] - Verify element property value successfully

2023-10-16 14:18:58 - [TEST_STEP][PASSED] - verifyElementPropertyValue(getResponse, "offers[12].groups[0].pricingPlans[0].pricingPlanData[0].showIn[0]", "VERTICAL_MODE"): Verify element property value successfully

2023-10-16 14:18:58 - [MESSAGE][PASSED] - Verify element property value successfully

2023-10-16 14:18:58 - [TEST_STEP][PASSED] - verifyElementPropertyValue(getResponse, "offers[12].groups[0].pricingPlans[0].pricingPlanData[0].showIn[1]", "HORIZONTAL_MODE"): Verify element property value successfully

2023-10-16 14:18:58 - [MESSAGE][PASSED] - Verify element property value successfully

2023-10-16 14:18:58 - [TEST_STEP][PASSED] - verifyElementPropertyValue(getResponse, "offers[12].groups[0].pricingPlans[0].pricingPlanData[0].priceLabel", "40"): Verify element property value successfully

2023-10-16 14:18:58 - [MESSAGE][PASSED] - Verify element property value successfully

2023-10-16 14:18:58 - [TEST_STEP][PASSED] - verifyElementPropertyValue(getResponse, "offers[12].groups[0].pricingPlans[0].pricingPlanData[0].currencyLabel", "DH"): Verify element property value successfully

2023-10-16 14:18:58 - [MESSAGE][PASSED] - Verify element property value successfully

2023-10-16 14:18:58 - [TEST_STEP][PASSED] - verifyElementPropertyValue(getResponse, "offers[12].groups[0].pricingPlans[0].pricingPlanData[0].dealId", "BYG_SPORT_40P_MAR"): Verify element property value successfully

2023-10-16 14:18:58 - [MESSAGE][PASSED] - Verify element property value successfully

2023-10-16 14:18:58 - [TEST_STEP][PASSED] - verifyElementPropertyValue(getResponse, "offers[12].groups[0].pricingPlans[0].pricingPlanData[0].allowedForAcquisition", "true"): Verify element property value successfully

2023-10-16 14:18:58 - [MESSAGE][PASSED] - Verify element property value successfully

2023-10-16 14:18:58 - [TEST_STEP][PASSED] - verifyElementPropertyValue(getResponse, "offers[12].groups[0].pricingPlans[0].pricingPlanData[0].visualElements[0].key", "title"): Verify element property value successfully

2023-10-16 14:18:58 - [MESSAGE][PASSED] - Verify element property value successfully

2023-10-16 14:18:58 - [TEST_STEP][PASSED] - verifyElementPropertyValue(getResponse, "offers[12].groups[0].pricingPlans[0].pricingPlanData[0].visualElements[0].value", "Carte de crÃ©dit/dÃ©bit"): Verify element property value successfully

2023-10-16 14:18:58 - [MESSAGE][PASSED] - Verify element property value successfully

2023-10-16 14:18:58 - [TEST_STEP][PASSED] - verifyElementPropertyValue(getResponse, "offers[12].groups[0].pricingPlans[0].pricingPlanData[0].visualElements[1].key", "CTA_text"): Verify element property value successfully

2023-10-16 14:18:58 - [MESSAGE][PASSED] - Verify element property value successfully

2023-10-16 14:18:58 - [TEST_STEP][PASSED] - verifyElementPropertyValue(getResponse, "offers[12].groups[0].pricingPlans[0].pricingPlanData[0].visualElements[1].value", "Sâabonner"): Verify element property value successfully

2023-10-16 14:18:58 - [MESSAGE][PASSED] - Verify element property value successfully

2023-10-16 14:18:58 - [TEST_STEP][PASSED] - verifyElementPropertyValue(getResponse, "offers[12].groups[0].pricingPlans[0].pricingPlanData[0].visualElements[2].key", "logo"): Verify element property value successfully

2023-10-16 14:18:58 - [MESSAGE][PASSED] - Verify element property value successfully

2023-10-16 14:18:58 - [TEST_STEP][PASSED] - verifyElementPropertyValue(getResponse, "offers[12].groups[0].pricingPlans[0].pricingPlanData[0].visualElements[2].value", "https://static.s3.shahid.mbc.net/widget-images/icons/iconCreditCard.png"): Verify element property value successfully

2023-10-16 14:18:58 - [MESSAGE][PASSED] - Verify element property value successfully

2023-10-16 14:18:58 - [TEST_STEP][PASSED] - verifyElementPropertyValue(getResponse, "offers[13].offerId", "byg-sport-50-offer"): Verify element property value successfully

2023-10-16 14:18:58 - [MESSAGE][PASSED] - Verify element property value successfully

2023-10-16 14:18:58 - [TEST_STEP][PASSED] - verifyElementPropertyValue(getResponse, "offers[13].offerParam", "bygsportsoffer50"): Verify element property value successfully

2023-10-16 14:18:58 - [MESSAGE][PASSED] - Verify element property value successfully

2023-10-16 14:18:58 - [TEST_STEP][PASSED] - verifyElementPropertyValue(getResponse, "offers[13].groups[0].pricingPlans[0].featured", "true"): Verify element property value successfully

2023-10-16 14:18:58 - [MESSAGE][PASSED] - Verify element property value successfully

2023-10-16 14:18:58 - [TEST_STEP][PASSED] - verifyElementPropertyValue(getResponse, "offers[13].groups[0].pricingPlans[0].period", "monthly"): Verify element property value successfully

2023-10-16 14:18:58 - [MESSAGE][PASSED] - Verify element property value successfully

2023-10-16 14:18:58 - [TEST_STEP][PASSED] - verifyElementPropertyValue(getResponse, "offers[13].groups[0].pricingPlans[0].featured", "true"): Verify element property value successfully

2023-10-16 14:18:58 - [MESSAGE][PASSED] - Verify element property value successfully

2023-10-16 14:18:58 - [TEST_STEP][PASSED] - verifyElementPropertyValue(getResponse, "offers[13].groups[0].pricingPlans[0].price", "34.0"): Verify element property value successfully

2023-10-16 14:18:58 - [MESSAGE][PASSED] - Verify element property value successfully

2023-10-16 14:18:58 - [TEST_STEP][PASSED] - verifyElementPropertyValue(getResponse, "offers[13].groups[0].pricingPlans[0].currency", "DH"): Verify element property value successfully

2023-10-16 14:18:58 - [MESSAGE][PASSED] - Verify element property value successfully

2023-10-16 14:18:58 - [TEST_STEP][PASSED] - verifyElementPropertyValue(getResponse, "offers[13].groups[0].pricingPlans[0].order", "0"): Verify element property value successfully

2023-10-16 14:18:58 - [MESSAGE][PASSED] - Verify element property value successfully

2023-10-16 14:18:58 - [TEST_STEP][PASSED] - verifyElementPropertyValue(getResponse, "offers[13].groups[0].pricingPlans[0].packageId", "SHAHID_VIP_SPORT"): Verify element property value successfully

2023-10-16 14:18:58 - [MESSAGE][PASSED] - Verify element property value successfully

2023-10-16 14:18:58 - [TEST_STEP][PASSED] - verifyElementPropertyValue(getResponse, "offers[13].groups[0].pricingPlans[0].catalogId", "SPORT"): Verify element property value successfully

2023-10-16 14:18:58 - [MESSAGE][PASSED] - Verify element property value successfully

2023-10-16 14:18:58 - [TEST_STEP][PASSED] - verifyElementPropertyValue(getResponse, "offers[13].groups[0].pricingPlans[0].visualElements[0].key", "Header_1_text"): Verify element property value successfully

2023-10-16 14:18:58 - [MESSAGE][PASSED] - Verify element property value successfully

2023-10-16 14:18:58 - [TEST_STEP][PASSED] - verifyElementPropertyValue(getResponse, "offers[13].groups[0].pricingPlans[0].visualElements[0].value", "Abonnez-vous dÃ¨s maintenant et profitez de vos programmes sans publicitÃ©"): Verify element property value successfully

2023-10-16 14:18:58 - [MESSAGE][PASSED] - Verify element property value successfully

2023-10-16 14:18:58 - [TEST_STEP][PASSED] - verifyElementPropertyValue(getResponse, "offers[13].groups[0].pricingPlans[0].visualElements[1].key", "display_title"): Verify element property value successfully

2023-10-16 14:18:58 - [MESSAGE][PASSED] - Verify element property value successfully

2023-10-16 14:18:58 - [TEST_STEP][PASSED] - verifyElementPropertyValue(getResponse, "offers[13].groups[0].pricingPlans[0].visualElements[1].value", "50% de rÃ©duction"): Verify element property value successfully

2023-10-16 14:18:58 - [MESSAGE][PASSED] - Verify element property value successfully

2023-10-16 14:18:58 - [TEST_STEP][PASSED] - verifyElementPropertyValue(getResponse, "offers[13].groups[0].pricingPlans[0].visualElements[3].key", "deduction_text"): Verify element property value successfully

2023-10-16 14:18:58 - [MESSAGE][PASSED] - Verify element property value successfully

2023-10-16 14:18:58 - [TEST_STEP][PASSED] - verifyElementPropertyValue(getResponse, "offers[13].groups[0].pricingPlans[0].visualElements[3].value", "facturation mensuelle"): Verify element property value successfully

2023-10-16 14:18:58 - [MESSAGE][PASSED] - Verify element property value successfully

2023-10-16 14:18:58 - [TEST_STEP][PASSED] - verifyElementPropertyValue(getResponse, "offers[13].groups[0].pricingPlans[0].visualElements[6].key", "show_payment_logo"): Verify element property value successfully

2023-10-16 14:18:58 - [MESSAGE][PASSED] - Verify element property value successfully

2023-10-16 14:18:58 - [TEST_STEP][PASSED] - verifyElementPropertyValue(getResponse, "offers[13].groups[0].pricingPlans[0].visualElements[6].value", "true"): Verify element property value successfully

2023-10-16 14:18:58 - [MESSAGE][PASSED] - Verify element property value successfully

2023-10-16 14:18:58 - [TEST_STEP][PASSED] - verifyElementPropertyValue(getResponse, "offers[13].groups[0].pricingPlans[0].visualElements[8].key", "price"): Verify element property value successfully

2023-10-16 14:18:58 - [MESSAGE][PASSED] - Verify element property value successfully

2023-10-16 14:18:58 - [TEST_STEP][PASSED] - verifyElementPropertyValue(getResponse, "offers[13].groups[0].pricingPlans[0].visualElements[8].value", "34"): Verify element property value successfully

2023-10-16 14:18:58 - [MESSAGE][PASSED] - Verify element property value successfully

2023-10-16 14:18:58 - [TEST_STEP][PASSED] - verifyElementPropertyValue(getResponse, "offers[13].groups[0].pricingPlans[0].visualElements[9].key", "currency"): Verify element property value successfully

2023-10-16 14:18:58 - [MESSAGE][PASSED] - Verify element property value successfully

2023-10-16 14:18:58 - [TEST_STEP][PASSED] - verifyElementPropertyValue(getResponse, "offers[13].groups[0].pricingPlans[0].visualElements[9].value", "DH"): Verify element property value successfully

2023-10-16 14:18:59 - [MESSAGE][PASSED] - Verify element property value successfully

2023-10-16 14:18:59 - [TEST_STEP][PASSED] - verifyElementPropertyValue(getResponse, "offers[13].groups[0].pricingPlans[0].visualElements[10].key", "duration"): Verify element property value successfully

2023-10-16 14:18:59 - [MESSAGE][PASSED] - Verify element property value successfully

2023-10-16 14:18:59 - [TEST_STEP][PASSED] - verifyElementPropertyValue(getResponse, "offers[13].groups[0].pricingPlans[0].visualElements[10].value", "Mensuel"): Verify element property value successfully

2023-10-16 14:18:59 - [MESSAGE][PASSED] - Verify element property value successfully

2023-10-16 14:18:59 - [TEST_STEP][PASSED] - verifyElementPropertyValue(getResponse, "offers[13].groups[0].pricingPlans[0].visualElements[11].key", "featured_tag_text"): Verify element property value successfully

2023-10-16 14:18:59 - [MESSAGE][PASSED] - Verify element property value successfully

2023-10-16 14:18:59 - [TEST_STEP][PASSED] - verifyElementPropertyValue(getResponse, "offers[13].groups[0].pricingPlans[0].visualElements[11].value", "Offre limitÃ©e"): Verify element property value successfully

2023-10-16 14:18:59 - [MESSAGE][PASSED] - Verify element property value successfully

2023-10-16 14:18:59 - [TEST_STEP][PASSED] - verifyElementPropertyValue(getResponse, "offers[13].groups[0].pricingPlans[0].visualElements[13].key", "tag_text"): Verify element property value successfully

2023-10-16 14:18:59 - [MESSAGE][PASSED] - Verify element property value successfully

2023-10-16 14:18:59 - [TEST_STEP][PASSED] - verifyElementPropertyValue(getResponse, "offers[13].groups[0].pricingPlans[0].visualElements[13].value", "Ãconomisez 50% "): Verify element property value successfully

2023-10-16 14:18:59 - [MESSAGE][PASSED] - Verify element property value successfully

2023-10-16 14:18:59 - [TEST_STEP][PASSED] - verifyElementPropertyValue(getResponse, "offers[13].groups[0].pricingPlans[0].visualElements[12].key", "show_tag"): Verify element property value successfully

2023-10-16 14:18:59 - [MESSAGE][PASSED] - Verify element property value successfully

2023-10-16 14:18:59 - [TEST_STEP][PASSED] - verifyElementPropertyValue(getResponse, "offers[13].groups[0].pricingPlans[0].visualElements[12].value", "true"): Verify element property value successfully

2023-10-16 14:18:59 - [MESSAGE][PASSED] - Verify element property value successfully

2023-10-16 14:18:59 - [TEST_STEP][PASSED] - verifyElementPropertyValue(getResponse, "offers[13].groups[0].pricingPlans[0].pricingPlanData[0].productId", "MAR_B2C_SHAHID_VIP_SPORT_1M"): Verify element property value successfully

2023-10-16 14:18:59 - [MESSAGE][PASSED] - Verify element property value successfully

2023-10-16 14:18:59 - [TEST_STEP][PASSED] - verifyElementPropertyValue(getResponse, "offers[13].groups[0].pricingPlans[0].pricingPlanData[0].paymentMethod", "CREDIT_CARD"): Verify element property value successfully

2023-10-16 14:18:59 - [MESSAGE][PASSED] - Verify element property value successfully

2023-10-16 14:18:59 - [TEST_STEP][PASSED] - verifyElementPropertyValue(getResponse, "offers[13].groups[0].pricingPlans[0].pricingPlanData[0].freeTrialEnabled", "false"): Verify element property value successfully

2023-10-16 14:18:59 - [MESSAGE][PASSED] - Verify element property value successfully

2023-10-16 14:18:59 - [TEST_STEP][PASSED] - verifyElementPropertyValue(getResponse, "offers[13].groups[0].pricingPlans[0].pricingPlanData[0].showIn[0]", "VERTICAL_MODE"): Verify element property value successfully

2023-10-16 14:18:59 - [MESSAGE][PASSED] - Verify element property value successfully

2023-10-16 14:18:59 - [TEST_STEP][PASSED] - verifyElementPropertyValue(getResponse, "offers[13].groups[0].pricingPlans[0].pricingPlanData[0].showIn[1]", "HORIZONTAL_MODE"): Verify element property value successfully

2023-10-16 14:18:59 - [MESSAGE][PASSED] - Verify element property value successfully

2023-10-16 14:18:59 - [TEST_STEP][PASSED] - verifyElementPropertyValue(getResponse, "offers[13].groups[0].pricingPlans[0].pricingPlanData[0].priceLabel", "34"): Verify element property value successfully

2023-10-16 14:18:59 - [MESSAGE][PASSED] - Verify element property value successfully

2023-10-16 14:18:59 - [TEST_STEP][PASSED] - verifyElementPropertyValue(getResponse, "offers[13].groups[0].pricingPlans[0].pricingPlanData[0].currencyLabel", "DH"): Verify element property value successfully

2023-10-16 14:18:59 - [MESSAGE][PASSED] - Verify element property value successfully

2023-10-16 14:18:59 - [TEST_STEP][PASSED] - verifyElementPropertyValue(getResponse, "offers[13].groups[0].pricingPlans[0].pricingPlanData[0].dealId", "BYG_SPORT_50P_MAR"): Verify element property value successfully

2023-10-16 14:18:59 - [MESSAGE][PASSED] - Verify element property value successfully

2023-10-16 14:18:59 - [TEST_STEP][PASSED] - verifyElementPropertyValue(getResponse, "offers[13].groups[0].pricingPlans[0].pricingPlanData[0].allowedForAcquisition", "true"): Verify element property value successfully

2023-10-16 14:18:59 - [MESSAGE][PASSED] - Verify element property value successfully

2023-10-16 14:18:59 - [TEST_STEP][PASSED] - verifyElementPropertyValue(getResponse, "offers[13].groups[0].pricingPlans[0].pricingPlanData[0].visualElements[0].key", "title"): Verify element property value successfully

2023-10-16 14:18:59 - [MESSAGE][PASSED] - Verify element property value successfully

2023-10-16 14:18:59 - [TEST_STEP][PASSED] - verifyElementPropertyValue(getResponse, "offers[13].groups[0].pricingPlans[0].pricingPlanData[0].visualElements[0].value", "Carte de crÃ©dit/dÃ©bit"): Verify element property value successfully

2023-10-16 14:18:59 - [MESSAGE][PASSED] - Verify element property value successfully

2023-10-16 14:18:59 - [TEST_STEP][PASSED] - verifyElementPropertyValue(getResponse, "offers[13].groups[0].pricingPlans[0].pricingPlanData[0].visualElements[1].key", "CTA_text"): Verify element property value successfully

2023-10-16 14:18:59 - [MESSAGE][PASSED] - Verify element property value successfully

2023-10-16 14:18:59 - [TEST_STEP][PASSED] - verifyElementPropertyValue(getResponse, "offers[13].groups[0].pricingPlans[0].pricingPlanData[0].visualElements[1].value", "Sâabonner"): Verify element property value successfully

2023-10-16 14:18:59 - [MESSAGE][PASSED] - Verify element property value successfully

2023-10-16 14:18:59 - [TEST_STEP][PASSED] - verifyElementPropertyValue(getResponse, "offers[13].groups[0].pricingPlans[0].pricingPlanData[0].visualElements[2].key", "logo"): Verify element property value successfully

2023-10-16 14:18:59 - [MESSAGE][PASSED] - Verify element property value successfully

2023-10-16 14:18:59 - [TEST_STEP][PASSED] - verifyElementPropertyValue(getResponse, "offers[13].groups[0].pricingPlans[0].pricingPlanData[0].visualElements[2].value", "https://static.s3.shahid.mbc.net/widget-images/icons/iconCreditCard.png"): Verify element property value successfully

2023-10-16 14:18:59 - [MESSAGE][PASSED] - Verify element property value successfully]]></system-out>
         <system-err><![CDATA[]]></system-err>
      </testcase>
      <testcase name="Test Cases/WEB - CHROME/MAR PI/WEB_FR_getOffersForMAR_VIP" time="5.433" classname="Test Cases/WEB - CHROME/MAR PI/WEB_FR_getOffersForMAR_VIP" status="FAILED">
         <failure type="FAILED" message="Test Cases/WEB - CHROME/MAR PI/WEB_FR_getOffersForMAR_VIP FAILED.
Reason:
com.kms.katalon.core.exception.StepFailedException: Expected element property value 'Sâabonner' is not equal with actual property value 'S'abonner'
	at com.kms.katalon.core.keyword.internal.KeywordMain.stepFailed(KeywordMain.groovy:39)
	at com.kms.katalon.core.webservice.keyword.builtin.VerifyElementPropertyValueKeyword$_verifyElementPropertyValue_closure1.doCall(VerifyElementPropertyValueKeyword.groovy:56)
	at com.kms.katalon.core.webservice.keyword.builtin.VerifyElementPropertyValueKeyword$_verifyElementPropertyValue_closure1.call(VerifyElementPropertyValueKeyword.groovy)
	at com.kms.katalon.core.keyword.internal.KeywordMain.runKeyword(KeywordMain.groovy:75)
	at com.kms.katalon.core.webservice.keyword.builtin.VerifyElementPropertyValueKeyword.verifyElementPropertyValue(VerifyElementPropertyValueKeyword.groovy:48)
	at com.kms.katalon.core.webservice.keyword.builtin.VerifyElementPropertyValueKeyword.execute(VerifyElementPropertyValueKeyword.groovy:43)
	at com.kms.katalon.core.keyword.internal.KeywordExecutor.executeKeywordForPlatform(KeywordExecutor.groovy:74)
	at com.kms.katalon.core.webservice.keyword.WSBuiltInKeywords.verifyElementPropertyValue(WSBuiltInKeywords.groovy:190)
	at com.kms.katalon.core.webservice.keyword.WSBuiltInKeywords$verifyElementPropertyValue$1.call(Unknown Source)
	at WEB_FR_getOffersForMAR_VIP.run(WEB_FR_getOffersForMAR_VIP:77)
	at com.kms.katalon.core.main.ScriptEngine.run(ScriptEngine.java:194)
	at com.kms.katalon.core.main.ScriptEngine.runScriptAsRawText(ScriptEngine.java:119)
	at com.kms.katalon.core.main.TestCaseExecutor.runScript(TestCaseExecutor.java:448)
	at com.kms.katalon.core.main.TestCaseExecutor.doExecute(TestCaseExecutor.java:439)
	at com.kms.katalon.core.main.TestCaseExecutor.processExecutionPhase(TestCaseExecutor.java:418)
	at com.kms.katalon.core.main.TestCaseExecutor.accessMainPhase(TestCaseExecutor.java:410)
	at com.kms.katalon.core.main.TestCaseExecutor.execute(TestCaseExecutor.java:285)
	at com.kms.katalon.core.common.CommonExecutor.accessTestCaseMainPhase(CommonExecutor.java:65)
	at com.kms.katalon.core.main.TestSuiteExecutor.accessTestSuiteMainPhase(TestSuiteExecutor.java:148)
	at com.kms.katalon.core.main.TestSuiteExecutor.execute(TestSuiteExecutor.java:106)
	at com.kms.katalon.core.main.TestCaseMain.startTestSuite(TestCaseMain.java:187)
	at com.kms.katalon.core.main.TestCaseMain$startTestSuite$0.call(Unknown Source)
	at TempTestSuite1697454219692.run(TempTestSuite1697454219692.groovy:36)
"/>
         <system-out><![CDATA[2023-10-16 14:18:59 - [TEST_CASE][FAILED] - Test Cases/WEB - CHROME/MAR PI/WEB_FR_getOffersForMAR_VIP: Test Cases/WEB - CHROME/MAR PI/WEB_FR_getOffersForMAR_VIP FAILED.
Reason:
com.kms.katalon.core.exception.StepFailedException: Expected element property value 'Sâabonner' is not equal with actual property value 'S'abonner'
	at com.kms.katalon.core.keyword.internal.KeywordMain.stepFailed(KeywordMain.groovy:39)
	at com.kms.katalon.core.webservice.keyword.builtin.VerifyElementPropertyValueKeyword$_verifyElementPropertyValue_closure1.doCall(VerifyElementPropertyValueKeyword.groovy:56)
	at com.kms.katalon.core.webservice.keyword.builtin.VerifyElementPropertyValueKeyword$_verifyElementPropertyValue_closure1.call(VerifyElementPropertyValueKeyword.groovy)
	at com.kms.katalon.core.keyword.internal.KeywordMain.runKeyword(KeywordMain.groovy:75)
	at com.kms.katalon.core.webservice.keyword.builtin.VerifyElementPropertyValueKeyword.verifyElementPropertyValue(VerifyElementPropertyValueKeyword.groovy:48)
	at com.kms.katalon.core.webservice.keyword.builtin.VerifyElementPropertyValueKeyword.execute(VerifyElementPropertyValueKeyword.groovy:43)
	at com.kms.katalon.core.keyword.internal.KeywordExecutor.executeKeywordForPlatform(KeywordExecutor.groovy:74)
	at com.kms.katalon.core.webservice.keyword.WSBuiltInKeywords.verifyElementPropertyValue(WSBuiltInKeywords.groovy:190)
	at com.kms.katalon.core.webservice.keyword.WSBuiltInKeywords$verifyElementPropertyValue$1.call(Unknown Source)
	at WEB_FR_getOffersForMAR_VIP.run(WEB_FR_getOffersForMAR_VIP:77)
	at com.kms.katalon.core.main.ScriptEngine.run(ScriptEngine.java:194)
	at com.kms.katalon.core.main.ScriptEngine.runScriptAsRawText(ScriptEngine.java:119)
	at com.kms.katalon.core.main.TestCaseExecutor.runScript(TestCaseExecutor.java:448)
	at com.kms.katalon.core.main.TestCaseExecutor.doExecute(TestCaseExecutor.java:439)
	at com.kms.katalon.core.main.TestCaseExecutor.processExecutionPhase(TestCaseExecutor.java:418)
	at com.kms.katalon.core.main.TestCaseExecutor.accessMainPhase(TestCaseExecutor.java:410)
	at com.kms.katalon.core.main.TestCaseExecutor.execute(TestCaseExecutor.java:285)
	at com.kms.katalon.core.common.CommonExecutor.accessTestCaseMainPhase(CommonExecutor.java:65)
	at com.kms.katalon.core.main.TestSuiteExecutor.accessTestSuiteMainPhase(TestSuiteExecutor.java:148)
	at com.kms.katalon.core.main.TestSuiteExecutor.execute(TestSuiteExecutor.java:106)
	at com.kms.katalon.core.main.TestCaseMain.startTestSuite(TestCaseMain.java:187)
	at com.kms.katalon.core.main.TestCaseMain$startTestSuite$0.call(Unknown Source)
	at TempTestSuite1697454219692.run(TempTestSuite1697454219692.groovy:36)


2023-10-16 14:18:59 - [TEST_STEP][PASSED] - getResponse = config_files.getConfigFile.getConfig("WEB", "FR", "SHAHID_VIP", "MA", "false"): config_files.getConfigFile.getConfig is PASSED

2023-10-16 14:19:00 - [MESSAGE][INFO] - HAR: /Users/admin/git/shahid-configuration/Reports/20231016_140310/WEB/MAR/20231016_140339/requests/main/9.har

2023-10-16 14:19:00 - [MESSAGE][PASSED] - Send request successfully

2023-10-16 14:19:00 - [MESSAGE][PASSED] - config_files.getConfigFile.getConfig is PASSED

2023-10-16 14:19:00 - [TEST_STEP][PASSED] - verifyResponseStatusCode(getResponse, 200): Verify response status code successfully

2023-10-16 14:19:00 - [MESSAGE][PASSED] - Verify response status code successfully

2023-10-16 14:19:00 - [TEST_STEP][PASSED] - verifyElementPropertyValue(getResponse, "country", "MAR"): Verify element property value successfully

2023-10-16 14:19:00 - [MESSAGE][PASSED] - Verify element property value successfully

2023-10-16 14:19:00 - [TEST_STEP][PASSED] - verifyElementPropertyValue(getResponse, "platform", "[WEB]"): Verify element property value successfully

2023-10-16 14:19:00 - [MESSAGE][PASSED] - Verify element property value successfully

2023-10-16 14:19:00 - [TEST_STEP][PASSED] - verifyElementPropertyValue(getResponse, "offers[0].offerId", "winback-30-offer"): Verify element property value successfully

2023-10-16 14:19:00 - [MESSAGE][PASSED] - Verify element property value successfully

2023-10-16 14:19:00 - [TEST_STEP][PASSED] - verifyElementPropertyValue(getResponse, "offers[0].offerParam", "winback30"): Verify element property value successfully

2023-10-16 14:19:00 - [MESSAGE][PASSED] - Verify element property value successfully

2023-10-16 14:19:00 - [TEST_STEP][PASSED] - verifyElementPropertyValue(getResponse, "offers[0].groups[0].pricingPlans[0].featured", "true"): Verify element property value successfully

2023-10-16 14:19:00 - [MESSAGE][PASSED] - Verify element property value successfully

2023-10-16 14:19:00 - [TEST_STEP][PASSED] - verifyElementPropertyValue(getResponse, "offers[0].groups[0].pricingPlans[0].period", "monthly"): Verify element property value successfully

2023-10-16 14:19:00 - [MESSAGE][PASSED] - Verify element property value successfully

2023-10-16 14:19:00 - [TEST_STEP][PASSED] - verifyElementPropertyValue(getResponse, "offers[0].groups[0].pricingPlans[0].featured", "true"): Verify element property value successfully

2023-10-16 14:19:00 - [MESSAGE][PASSED] - Verify element property value successfully

2023-10-16 14:19:00 - [TEST_STEP][PASSED] - verifyElementPropertyValue(getResponse, "offers[0].groups[0].pricingPlans[0].price", "24.0"): Verify element property value successfully

2023-10-16 14:19:00 - [MESSAGE][PASSED] - Verify element property value successfully

2023-10-16 14:19:00 - [TEST_STEP][PASSED] - verifyElementPropertyValue(getResponse, "offers[0].groups[0].pricingPlans[0].currency", "DH"): Verify element property value successfully

2023-10-16 14:19:00 - [MESSAGE][PASSED] - Verify element property value successfully

2023-10-16 14:19:00 - [TEST_STEP][PASSED] - verifyElementPropertyValue(getResponse, "offers[0].groups[0].pricingPlans[0].order", "0"): Verify element property value successfully

2023-10-16 14:19:00 - [MESSAGE][PASSED] - Verify element property value successfully

2023-10-16 14:19:00 - [TEST_STEP][PASSED] - verifyElementPropertyValue(getResponse, "offers[0].groups[0].pricingPlans[0].packageId", "SHAHID_VIP"): Verify element property value successfully

2023-10-16 14:19:00 - [MESSAGE][PASSED] - Verify element property value successfully

2023-10-16 14:19:00 - [TEST_STEP][PASSED] - verifyElementPropertyValue(getResponse, "offers[0].groups[0].pricingPlans[0].catalogId", "VIP"): Verify element property value successfully

2023-10-16 14:19:00 - [MESSAGE][PASSED] - Verify element property value successfully

2023-10-16 14:19:00 - [TEST_STEP][PASSED] - verifyElementPropertyValue(getResponse, "offers[0].groups[0].pricingPlans[0].visualElements[0].key", "Header_1_text"): Verify element property value successfully

2023-10-16 14:19:00 - [MESSAGE][PASSED] - Verify element property value successfully

2023-10-16 14:19:00 - [TEST_STEP][PASSED] - verifyElementPropertyValue(getResponse, "offers[0].groups[0].pricingPlans[0].visualElements[0].value", "Abonnez-vous dÃ¨s maintenant et profitez de vos programmes sans publicitÃ©"): Verify element property value successfully

2023-10-16 14:19:00 - [MESSAGE][PASSED] - Verify element property value successfully

2023-10-16 14:19:00 - [TEST_STEP][PASSED] - verifyElementPropertyValue(getResponse, "offers[0].groups[0].pricingPlans[0].visualElements[1].key", "display_title"): Verify element property value successfully

2023-10-16 14:19:00 - [MESSAGE][PASSED] - Verify element property value successfully

2023-10-16 14:19:00 - [TEST_STEP][PASSED] - verifyElementPropertyValue(getResponse, "offers[0].groups[0].pricingPlans[0].visualElements[1].value", "30% de rÃ©duction"): Verify element property value successfully

2023-10-16 14:19:00 - [MESSAGE][PASSED] - Verify element property value successfully

2023-10-16 14:19:00 - [TEST_STEP][PASSED] - verifyElementPropertyValue(getResponse, "offers[0].groups[0].pricingPlans[0].visualElements[3].key", "deduction_text"): Verify element property value successfully

2023-10-16 14:19:00 - [MESSAGE][PASSED] - Verify element property value successfully

2023-10-16 14:19:00 - [TEST_STEP][PASSED] - verifyElementPropertyValue(getResponse, "offers[0].groups[0].pricingPlans[0].visualElements[3].value", "facturation mensuelle"): Verify element property value successfully

2023-10-16 14:19:00 - [MESSAGE][PASSED] - Verify element property value successfully

2023-10-16 14:19:00 - [TEST_STEP][PASSED] - verifyElementPropertyValue(getResponse, "offers[0].groups[0].pricingPlans[0].visualElements[6].key", "show_payment_logo"): Verify element property value successfully

2023-10-16 14:19:00 - [MESSAGE][PASSED] - Verify element property value successfully

2023-10-16 14:19:00 - [TEST_STEP][PASSED] - verifyElementPropertyValue(getResponse, "offers[0].groups[0].pricingPlans[0].visualElements[6].value", "true"): Verify element property value successfully

2023-10-16 14:19:00 - [MESSAGE][PASSED] - Verify element property value successfully

2023-10-16 14:19:00 - [TEST_STEP][PASSED] - verifyElementPropertyValue(getResponse, "offers[0].groups[0].pricingPlans[0].visualElements[8].key", "price"): Verify element property value successfully

2023-10-16 14:19:00 - [MESSAGE][PASSED] - Verify element property value successfully

2023-10-16 14:19:00 - [TEST_STEP][PASSED] - verifyElementPropertyValue(getResponse, "offers[0].groups[0].pricingPlans[0].visualElements[8].value", "24"): Verify element property value successfully

2023-10-16 14:19:00 - [MESSAGE][PASSED] - Verify element property value successfully

2023-10-16 14:19:00 - [TEST_STEP][PASSED] - verifyElementPropertyValue(getResponse, "offers[0].groups[0].pricingPlans[0].visualElements[9].key", "currency"): Verify element property value successfully

2023-10-16 14:19:00 - [MESSAGE][PASSED] - Verify element property value successfully

2023-10-16 14:19:00 - [TEST_STEP][PASSED] - verifyElementPropertyValue(getResponse, "offers[0].groups[0].pricingPlans[0].visualElements[9].value", "DH"): Verify element property value successfully

2023-10-16 14:19:00 - [MESSAGE][PASSED] - Verify element property value successfully

2023-10-16 14:19:00 - [TEST_STEP][PASSED] - verifyElementPropertyValue(getResponse, "offers[0].groups[0].pricingPlans[0].visualElements[10].key", "duration"): Verify element property value successfully

2023-10-16 14:19:00 - [MESSAGE][PASSED] - Verify element property value successfully

2023-10-16 14:19:00 - [TEST_STEP][PASSED] - verifyElementPropertyValue(getResponse, "offers[0].groups[0].pricingPlans[0].visualElements[10].value", "Mensuel"): Verify element property value successfully

2023-10-16 14:19:00 - [MESSAGE][PASSED] - Verify element property value successfully

2023-10-16 14:19:00 - [TEST_STEP][PASSED] - verifyElementPropertyValue(getResponse, "offers[0].groups[0].pricingPlans[0].visualElements[11].key", "featured_tag_text"): Verify element property value successfully

2023-10-16 14:19:00 - [MESSAGE][PASSED] - Verify element property value successfully

2023-10-16 14:19:00 - [TEST_STEP][PASSED] - verifyElementPropertyValue(getResponse, "offers[0].groups[0].pricingPlans[0].visualElements[11].value", "Offre limitÃ©e"): Verify element property value successfully

2023-10-16 14:19:00 - [MESSAGE][PASSED] - Verify element property value successfully

2023-10-16 14:19:00 - [TEST_STEP][PASSED] - verifyElementPropertyValue(getResponse, "offers[0].groups[0].pricingPlans[0].visualElements[13].key", "tag_text"): Verify element property value successfully

2023-10-16 14:19:00 - [MESSAGE][PASSED] - Verify element property value successfully

2023-10-16 14:19:00 - [TEST_STEP][PASSED] - verifyElementPropertyValue(getResponse, "offers[0].groups[0].pricingPlans[0].visualElements[13].value", "Ãconomisez 30% "): Verify element property value successfully

2023-10-16 14:19:00 - [MESSAGE][PASSED] - Verify element property value successfully

2023-10-16 14:19:00 - [TEST_STEP][PASSED] - verifyElementPropertyValue(getResponse, "offers[0].groups[0].pricingPlans[0].visualElements[12].key", "show_tag"): Verify element property value successfully

2023-10-16 14:19:00 - [MESSAGE][PASSED] - Verify element property value successfully

2023-10-16 14:19:00 - [TEST_STEP][PASSED] - verifyElementPropertyValue(getResponse, "offers[0].groups[0].pricingPlans[0].visualElements[12].value", "true"): Verify element property value successfully

2023-10-16 14:19:00 - [MESSAGE][PASSED] - Verify element property value successfully

2023-10-16 14:19:00 - [TEST_STEP][PASSED] - verifyElementPropertyValue(getResponse, "offers[0].groups[0].pricingPlans[0].pricingPlanData[0].productId", "MAR_B2C_SHAHID_VIP_1M"): Verify element property value successfully

2023-10-16 14:19:00 - [MESSAGE][PASSED] - Verify element property value successfully

2023-10-16 14:19:00 - [TEST_STEP][PASSED] - verifyElementPropertyValue(getResponse, "offers[0].groups[0].pricingPlans[0].pricingPlanData[0].paymentMethod", "CREDIT_CARD"): Verify element property value successfully

2023-10-16 14:19:00 - [MESSAGE][PASSED] - Verify element property value successfully

2023-10-16 14:19:00 - [TEST_STEP][PASSED] - verifyElementPropertyValue(getResponse, "offers[0].groups[0].pricingPlans[0].pricingPlanData[0].freeTrialEnabled", "false"): Verify element property value successfully

2023-10-16 14:19:00 - [MESSAGE][PASSED] - Verify element property value successfully

2023-10-16 14:19:00 - [TEST_STEP][PASSED] - verifyElementPropertyValue(getResponse, "offers[0].groups[0].pricingPlans[0].pricingPlanData[0].showIn[0]", "VERTICAL_MODE"): Verify element property value successfully

2023-10-16 14:19:00 - [MESSAGE][PASSED] - Verify element property value successfully

2023-10-16 14:19:00 - [TEST_STEP][PASSED] - verifyElementPropertyValue(getResponse, "offers[0].groups[0].pricingPlans[0].pricingPlanData[0].showIn[1]", "HORIZONTAL_MODE"): Verify element property value successfully

2023-10-16 14:19:00 - [MESSAGE][PASSED] - Verify element property value successfully

2023-10-16 14:19:00 - [TEST_STEP][PASSED] - verifyElementPropertyValue(getResponse, "offers[0].groups[0].pricingPlans[0].pricingPlanData[0].priceLabel", "24"): Verify element property value successfully

2023-10-16 14:19:00 - [MESSAGE][PASSED] - Verify element property value successfully

2023-10-16 14:19:00 - [TEST_STEP][PASSED] - verifyElementPropertyValue(getResponse, "offers[0].groups[0].pricingPlans[0].pricingPlanData[0].currencyLabel", "DH"): Verify element property value successfully

2023-10-16 14:19:00 - [MESSAGE][PASSED] - Verify element property value successfully

2023-10-16 14:19:00 - [TEST_STEP][PASSED] - verifyElementPropertyValue(getResponse, "offers[0].groups[0].pricingPlans[0].pricingPlanData[0].dealId", "RE_30P_MAR"): Verify element property value successfully

2023-10-16 14:19:00 - [MESSAGE][PASSED] - Verify element property value successfully

2023-10-16 14:19:00 - [TEST_STEP][PASSED] - verifyElementPropertyValue(getResponse, "offers[0].groups[0].pricingPlans[0].pricingPlanData[0].allowedForAcquisition", "true"): Verify element property value successfully

2023-10-16 14:19:00 - [MESSAGE][PASSED] - Verify element property value successfully

2023-10-16 14:19:00 - [TEST_STEP][PASSED] - verifyElementPropertyValue(getResponse, "offers[0].groups[0].pricingPlans[0].pricingPlanData[0].visualElements[0].key", "title"): Verify element property value successfully

2023-10-16 14:19:00 - [MESSAGE][PASSED] - Verify element property value successfully

2023-10-16 14:19:00 - [TEST_STEP][PASSED] - verifyElementPropertyValue(getResponse, "offers[0].groups[0].pricingPlans[0].pricingPlanData[0].visualElements[0].value", "Carte de crÃ©dit/dÃ©bit"): Verify element property value successfully

2023-10-16 14:19:00 - [MESSAGE][PASSED] - Verify element property value successfully

2023-10-16 14:19:00 - [TEST_STEP][PASSED] - verifyElementPropertyValue(getResponse, "offers[0].groups[0].pricingPlans[0].pricingPlanData[0].visualElements[1].key", "CTA_text"): Verify element property value successfully

2023-10-16 14:19:00 - [MESSAGE][PASSED] - Verify element property value successfully

2023-10-16 14:19:00 - [TEST_STEP][FAILED] - verifyElementPropertyValue(getResponse, "offers[0].groups[0].pricingPlans[0].pricingPlanData[0].visualElements[1].value", "Sâabonner"): Expected element property value 'Sâabonner' is not equal with actual property value 'S'abonner'

2023-10-16 14:19:00 - [MESSAGE][FAILED] - Expected element property value 'Sâabonner' is not equal with actual property value 'S'abonner'

2023-10-16 14:19:00 - [TEST_STEP][PASSED] - verifyElementPropertyValue(getResponse, "offers[0].groups[0].pricingPlans[0].pricingPlanData[0].visualElements[2].key", "logo"): Verify element property value successfully

2023-10-16 14:19:00 - [MESSAGE][PASSED] - Verify element property value successfully

2023-10-16 14:19:00 - [TEST_STEP][PASSED] - verifyElementPropertyValue(getResponse, "offers[0].groups[0].pricingPlans[0].pricingPlanData[0].visualElements[2].value", "https://static.s3.shahid.mbc.net/widget-images/icons/iconCreditCard.png"): Verify element property value successfully

2023-10-16 14:19:00 - [MESSAGE][PASSED] - Verify element property value successfully

2023-10-16 14:19:00 - [TEST_STEP][PASSED] - verifyElementPropertyValue(getResponse, "offers[1].offerId", "winback-40-offer"): Verify element property value successfully

2023-10-16 14:19:00 - [MESSAGE][PASSED] - Verify element property value successfully

2023-10-16 14:19:00 - [TEST_STEP][PASSED] - verifyElementPropertyValue(getResponse, "offers[1].offerParam", "winback40"): Verify element property value successfully

2023-10-16 14:19:00 - [MESSAGE][PASSED] - Verify element property value successfully

2023-10-16 14:19:00 - [TEST_STEP][PASSED] - verifyElementPropertyValue(getResponse, "offers[1].groups[0].pricingPlans[0].featured", "true"): Verify element property value successfully

2023-10-16 14:19:00 - [MESSAGE][PASSED] - Verify element property value successfully

2023-10-16 14:19:00 - [TEST_STEP][PASSED] - verifyElementPropertyValue(getResponse, "offers[1].groups[0].pricingPlans[0].period", "monthly"): Verify element property value successfully

2023-10-16 14:19:00 - [MESSAGE][PASSED] - Verify element property value successfully

2023-10-16 14:19:00 - [TEST_STEP][PASSED] - verifyElementPropertyValue(getResponse, "offers[1].groups[0].pricingPlans[0].featured", "true"): Verify element property value successfully

2023-10-16 14:19:00 - [MESSAGE][PASSED] - Verify element property value successfully

2023-10-16 14:19:00 - [TEST_STEP][PASSED] - verifyElementPropertyValue(getResponse, "offers[1].groups[0].pricingPlans[0].price", "20.0"): Verify element property value successfully

2023-10-16 14:19:00 - [MESSAGE][PASSED] - Verify element property value successfully

2023-10-16 14:19:00 - [TEST_STEP][PASSED] - verifyElementPropertyValue(getResponse, "offers[1].groups[0].pricingPlans[0].currency", "DH"): Verify element property value successfully

2023-10-16 14:19:00 - [MESSAGE][PASSED] - Verify element property value successfully

2023-10-16 14:19:00 - [TEST_STEP][PASSED] - verifyElementPropertyValue(getResponse, "offers[1].groups[0].pricingPlans[0].order", "0"): Verify element property value successfully

2023-10-16 14:19:00 - [MESSAGE][PASSED] - Verify element property value successfully

2023-10-16 14:19:00 - [TEST_STEP][PASSED] - verifyElementPropertyValue(getResponse, "offers[1].groups[0].pricingPlans[0].packageId", "SHAHID_VIP"): Verify element property value successfully

2023-10-16 14:19:00 - [MESSAGE][PASSED] - Verify element property value successfully

2023-10-16 14:19:00 - [TEST_STEP][PASSED] - verifyElementPropertyValue(getResponse, "offers[1].groups[0].pricingPlans[0].catalogId", "VIP"): Verify element property value successfully

2023-10-16 14:19:00 - [MESSAGE][PASSED] - Verify element property value successfully

2023-10-16 14:19:00 - [TEST_STEP][PASSED] - verifyElementPropertyValue(getResponse, "offers[1].groups[0].pricingPlans[0].visualElements[0].key", "Header_1_text"): Verify element property value successfully

2023-10-16 14:19:00 - [MESSAGE][PASSED] - Verify element property value successfully

2023-10-16 14:19:00 - [TEST_STEP][PASSED] - verifyElementPropertyValue(getResponse, "offers[1].groups[0].pricingPlans[0].visualElements[0].value", "Abonnez-vous dÃ¨s maintenant et profitez de vos programmes sans publicitÃ©"): Verify element property value successfully

2023-10-16 14:19:00 - [MESSAGE][PASSED] - Verify element property value successfully

2023-10-16 14:19:00 - [TEST_STEP][PASSED] - verifyElementPropertyValue(getResponse, "offers[1].groups[0].pricingPlans[0].visualElements[1].key", "display_title"): Verify element property value successfully

2023-10-16 14:19:00 - [MESSAGE][PASSED] - Verify element property value successfully

2023-10-16 14:19:00 - [TEST_STEP][PASSED] - verifyElementPropertyValue(getResponse, "offers[1].groups[0].pricingPlans[0].visualElements[1].value", "40% de rÃ©duction"): Verify element property value successfully

2023-10-16 14:19:00 - [MESSAGE][PASSED] - Verify element property value successfully

2023-10-16 14:19:00 - [TEST_STEP][PASSED] - verifyElementPropertyValue(getResponse, "offers[1].groups[0].pricingPlans[0].visualElements[3].key", "deduction_text"): Verify element property value successfully

2023-10-16 14:19:00 - [MESSAGE][PASSED] - Verify element property value successfully

2023-10-16 14:19:00 - [TEST_STEP][PASSED] - verifyElementPropertyValue(getResponse, "offers[1].groups[0].pricingPlans[0].visualElements[3].value", "facturation mensuelle"): Verify element property value successfully

2023-10-16 14:19:00 - [MESSAGE][PASSED] - Verify element property value successfully

2023-10-16 14:19:00 - [TEST_STEP][PASSED] - verifyElementPropertyValue(getResponse, "offers[1].groups[0].pricingPlans[0].visualElements[6].key", "show_payment_logo"): Verify element property value successfully

2023-10-16 14:19:00 - [MESSAGE][PASSED] - Verify element property value successfully

2023-10-16 14:19:00 - [TEST_STEP][PASSED] - verifyElementPropertyValue(getResponse, "offers[1].groups[0].pricingPlans[0].visualElements[6].value", "true"): Verify element property value successfully

2023-10-16 14:19:00 - [MESSAGE][PASSED] - Verify element property value successfully

2023-10-16 14:19:00 - [TEST_STEP][PASSED] - verifyElementPropertyValue(getResponse, "offers[1].groups[0].pricingPlans[0].visualElements[8].key", "price"): Verify element property value successfully

2023-10-16 14:19:00 - [MESSAGE][PASSED] - Verify element property value successfully

2023-10-16 14:19:00 - [TEST_STEP][PASSED] - verifyElementPropertyValue(getResponse, "offers[1].groups[0].pricingPlans[0].visualElements[8].value", "20"): Verify element property value successfully

2023-10-16 14:19:00 - [MESSAGE][PASSED] - Verify element property value successfully

2023-10-16 14:19:00 - [TEST_STEP][PASSED] - verifyElementPropertyValue(getResponse, "offers[1].groups[0].pricingPlans[0].visualElements[9].key", "currency"): Verify element property value successfully

2023-10-16 14:19:01 - [MESSAGE][PASSED] - Verify element property value successfully

2023-10-16 14:19:01 - [TEST_STEP][PASSED] - verifyElementPropertyValue(getResponse, "offers[1].groups[0].pricingPlans[0].visualElements[9].value", "DH"): Verify element property value successfully

2023-10-16 14:19:01 - [MESSAGE][PASSED] - Verify element property value successfully

2023-10-16 14:19:01 - [TEST_STEP][PASSED] - verifyElementPropertyValue(getResponse, "offers[1].groups[0].pricingPlans[0].visualElements[10].key", "duration"): Verify element property value successfully

2023-10-16 14:19:01 - [MESSAGE][PASSED] - Verify element property value successfully

2023-10-16 14:19:01 - [TEST_STEP][PASSED] - verifyElementPropertyValue(getResponse, "offers[1].groups[0].pricingPlans[0].visualElements[10].value", "Mensuel"): Verify element property value successfully

2023-10-16 14:19:01 - [MESSAGE][PASSED] - Verify element property value successfully

2023-10-16 14:19:01 - [TEST_STEP][PASSED] - verifyElementPropertyValue(getResponse, "offers[1].groups[0].pricingPlans[0].visualElements[11].key", "featured_tag_text"): Verify element property value successfully

2023-10-16 14:19:01 - [MESSAGE][PASSED] - Verify element property value successfully

2023-10-16 14:19:01 - [TEST_STEP][PASSED] - verifyElementPropertyValue(getResponse, "offers[1].groups[0].pricingPlans[0].visualElements[11].value", "Offre limitÃ©e"): Verify element property value successfully

2023-10-16 14:19:01 - [MESSAGE][PASSED] - Verify element property value successfully

2023-10-16 14:19:01 - [TEST_STEP][PASSED] - verifyElementPropertyValue(getResponse, "offers[1].groups[0].pricingPlans[0].visualElements[13].key", "tag_text"): Verify element property value successfully

2023-10-16 14:19:01 - [MESSAGE][PASSED] - Verify element property value successfully

2023-10-16 14:19:01 - [TEST_STEP][PASSED] - verifyElementPropertyValue(getResponse, "offers[1].groups[0].pricingPlans[0].visualElements[13].value", "Ãconomisez 40% "): Verify element property value successfully

2023-10-16 14:19:01 - [MESSAGE][PASSED] - Verify element property value successfully

2023-10-16 14:19:01 - [TEST_STEP][PASSED] - verifyElementPropertyValue(getResponse, "offers[1].groups[0].pricingPlans[0].visualElements[12].key", "show_tag"): Verify element property value successfully

2023-10-16 14:19:01 - [MESSAGE][PASSED] - Verify element property value successfully

2023-10-16 14:19:01 - [TEST_STEP][PASSED] - verifyElementPropertyValue(getResponse, "offers[1].groups[0].pricingPlans[0].visualElements[12].value", "true"): Verify element property value successfully

2023-10-16 14:19:01 - [MESSAGE][PASSED] - Verify element property value successfully

2023-10-16 14:19:01 - [TEST_STEP][PASSED] - verifyElementPropertyValue(getResponse, "offers[1].groups[0].pricingPlans[0].pricingPlanData[0].productId", "MAR_B2C_SHAHID_VIP_1M"): Verify element property value successfully

2023-10-16 14:19:01 - [MESSAGE][PASSED] - Verify element property value successfully

2023-10-16 14:19:01 - [TEST_STEP][PASSED] - verifyElementPropertyValue(getResponse, "offers[1].groups[0].pricingPlans[0].pricingPlanData[0].paymentMethod", "CREDIT_CARD"): Verify element property value successfully

2023-10-16 14:19:01 - [MESSAGE][PASSED] - Verify element property value successfully

2023-10-16 14:19:01 - [TEST_STEP][PASSED] - verifyElementPropertyValue(getResponse, "offers[1].groups[0].pricingPlans[0].pricingPlanData[0].freeTrialEnabled", "false"): Verify element property value successfully

2023-10-16 14:19:01 - [MESSAGE][PASSED] - Verify element property value successfully

2023-10-16 14:19:01 - [TEST_STEP][PASSED] - verifyElementPropertyValue(getResponse, "offers[1].groups[0].pricingPlans[0].pricingPlanData[0].showIn[0]", "VERTICAL_MODE"): Verify element property value successfully

2023-10-16 14:19:01 - [MESSAGE][PASSED] - Verify element property value successfully

2023-10-16 14:19:01 - [TEST_STEP][PASSED] - verifyElementPropertyValue(getResponse, "offers[1].groups[0].pricingPlans[0].pricingPlanData[0].showIn[1]", "HORIZONTAL_MODE"): Verify element property value successfully

2023-10-16 14:19:01 - [MESSAGE][PASSED] - Verify element property value successfully

2023-10-16 14:19:01 - [TEST_STEP][PASSED] - verifyElementPropertyValue(getResponse, "offers[1].groups[0].pricingPlans[0].pricingPlanData[0].priceLabel", "20"): Verify element property value successfully

2023-10-16 14:19:01 - [MESSAGE][PASSED] - Verify element property value successfully

2023-10-16 14:19:01 - [TEST_STEP][PASSED] - verifyElementPropertyValue(getResponse, "offers[1].groups[0].pricingPlans[0].pricingPlanData[0].currencyLabel", "DH"): Verify element property value successfully

2023-10-16 14:19:01 - [MESSAGE][PASSED] - Verify element property value successfully

2023-10-16 14:19:01 - [TEST_STEP][PASSED] - verifyElementPropertyValue(getResponse, "offers[1].groups[0].pricingPlans[0].pricingPlanData[0].dealId", "RE_40P_MAR"): Verify element property value successfully

2023-10-16 14:19:01 - [MESSAGE][PASSED] - Verify element property value successfully

2023-10-16 14:19:01 - [TEST_STEP][PASSED] - verifyElementPropertyValue(getResponse, "offers[1].groups[0].pricingPlans[0].pricingPlanData[0].allowedForAcquisition", "true"): Verify element property value successfully

2023-10-16 14:19:01 - [MESSAGE][PASSED] - Verify element property value successfully

2023-10-16 14:19:01 - [TEST_STEP][PASSED] - verifyElementPropertyValue(getResponse, "offers[1].groups[0].pricingPlans[0].pricingPlanData[0].visualElements[0].key", "title"): Verify element property value successfully

2023-10-16 14:19:01 - [MESSAGE][PASSED] - Verify element property value successfully

2023-10-16 14:19:01 - [TEST_STEP][PASSED] - verifyElementPropertyValue(getResponse, "offers[1].groups[0].pricingPlans[0].pricingPlanData[0].visualElements[0].value", "Carte de crÃ©dit/dÃ©bit"): Verify element property value successfully

2023-10-16 14:19:01 - [MESSAGE][PASSED] - Verify element property value successfully

2023-10-16 14:19:01 - [TEST_STEP][PASSED] - verifyElementPropertyValue(getResponse, "offers[1].groups[0].pricingPlans[0].pricingPlanData[0].visualElements[1].key", "CTA_text"): Verify element property value successfully

2023-10-16 14:19:01 - [MESSAGE][PASSED] - Verify element property value successfully

2023-10-16 14:19:01 - [TEST_STEP][FAILED] - verifyElementPropertyValue(getResponse, "offers[1].groups[0].pricingPlans[0].pricingPlanData[0].visualElements[1].value", "Sâabonner"): Expected element property value 'Sâabonner' is not equal with actual property value 'S'abonner'

2023-10-16 14:19:01 - [MESSAGE][FAILED] - Expected element property value 'Sâabonner' is not equal with actual property value 'S'abonner'

2023-10-16 14:19:01 - [TEST_STEP][PASSED] - verifyElementPropertyValue(getResponse, "offers[1].groups[0].pricingPlans[0].pricingPlanData[0].visualElements[2].key", "logo"): Verify element property value successfully

2023-10-16 14:19:01 - [MESSAGE][PASSED] - Verify element property value successfully

2023-10-16 14:19:01 - [TEST_STEP][PASSED] - verifyElementPropertyValue(getResponse, "offers[1].groups[0].pricingPlans[0].pricingPlanData[0].visualElements[2].value", "https://static.s3.shahid.mbc.net/widget-images/icons/iconCreditCard.png"): Verify element property value successfully

2023-10-16 14:19:01 - [MESSAGE][PASSED] - Verify element property value successfully

2023-10-16 14:19:01 - [TEST_STEP][PASSED] - verifyElementPropertyValue(getResponse, "offers[2].offerId", "winback-50-offer"): Verify element property value successfully

2023-10-16 14:19:01 - [MESSAGE][PASSED] - Verify element property value successfully

2023-10-16 14:19:01 - [TEST_STEP][PASSED] - verifyElementPropertyValue(getResponse, "offers[2].offerParam", "winback50"): Verify element property value successfully

2023-10-16 14:19:01 - [MESSAGE][PASSED] - Verify element property value successfully

2023-10-16 14:19:01 - [TEST_STEP][PASSED] - verifyElementPropertyValue(getResponse, "offers[2].groups[0].pricingPlans[0].featured", "true"): Verify element property value successfully

2023-10-16 14:19:01 - [MESSAGE][PASSED] - Verify element property value successfully

2023-10-16 14:19:01 - [TEST_STEP][PASSED] - verifyElementPropertyValue(getResponse, "offers[2].groups[0].pricingPlans[0].period", "monthly"): Verify element property value successfully

2023-10-16 14:19:01 - [MESSAGE][PASSED] - Verify element property value successfully

2023-10-16 14:19:01 - [TEST_STEP][PASSED] - verifyElementPropertyValue(getResponse, "offers[2].groups[0].pricingPlans[0].featured", "true"): Verify element property value successfully

2023-10-16 14:19:01 - [MESSAGE][PASSED] - Verify element property value successfully

2023-10-16 14:19:01 - [TEST_STEP][PASSED] - verifyElementPropertyValue(getResponse, "offers[2].groups[0].pricingPlans[0].price", "17.0"): Verify element property value successfully

2023-10-16 14:19:01 - [MESSAGE][PASSED] - Verify element property value successfully

2023-10-16 14:19:01 - [TEST_STEP][PASSED] - verifyElementPropertyValue(getResponse, "offers[2].groups[0].pricingPlans[0].currency", "DH"): Verify element property value successfully

2023-10-16 14:19:01 - [MESSAGE][PASSED] - Verify element property value successfully

2023-10-16 14:19:01 - [TEST_STEP][PASSED] - verifyElementPropertyValue(getResponse, "offers[2].groups[0].pricingPlans[0].order", "0"): Verify element property value successfully

2023-10-16 14:19:01 - [MESSAGE][PASSED] - Verify element property value successfully

2023-10-16 14:19:01 - [TEST_STEP][PASSED] - verifyElementPropertyValue(getResponse, "offers[2].groups[0].pricingPlans[0].packageId", "SHAHID_VIP"): Verify element property value successfully

2023-10-16 14:19:01 - [MESSAGE][PASSED] - Verify element property value successfully

2023-10-16 14:19:01 - [TEST_STEP][PASSED] - verifyElementPropertyValue(getResponse, "offers[2].groups[0].pricingPlans[0].catalogId", "VIP"): Verify element property value successfully

2023-10-16 14:19:01 - [MESSAGE][PASSED] - Verify element property value successfully

2023-10-16 14:19:01 - [TEST_STEP][PASSED] - verifyElementPropertyValue(getResponse, "offers[2].groups[0].pricingPlans[0].visualElements[0].key", "Header_1_text"): Verify element property value successfully

2023-10-16 14:19:01 - [MESSAGE][PASSED] - Verify element property value successfully

2023-10-16 14:19:01 - [TEST_STEP][PASSED] - verifyElementPropertyValue(getResponse, "offers[2].groups[0].pricingPlans[0].visualElements[0].value", "Abonnez-vous dÃ¨s maintenant et profitez de vos programmes sans publicitÃ©"): Verify element property value successfully

2023-10-16 14:19:01 - [MESSAGE][PASSED] - Verify element property value successfully

2023-10-16 14:19:01 - [TEST_STEP][PASSED] - verifyElementPropertyValue(getResponse, "offers[2].groups[0].pricingPlans[0].visualElements[1].key", "display_title"): Verify element property value successfully

2023-10-16 14:19:01 - [MESSAGE][PASSED] - Verify element property value successfully

2023-10-16 14:19:01 - [TEST_STEP][PASSED] - verifyElementPropertyValue(getResponse, "offers[2].groups[0].pricingPlans[0].visualElements[1].value", "50% de rÃ©duction"): Verify element property value successfully

2023-10-16 14:19:01 - [MESSAGE][PASSED] - Verify element property value successfully

2023-10-16 14:19:01 - [TEST_STEP][PASSED] - verifyElementPropertyValue(getResponse, "offers[2].groups[0].pricingPlans[0].visualElements[3].key", "deduction_text"): Verify element property value successfully

2023-10-16 14:19:01 - [MESSAGE][PASSED] - Verify element property value successfully

2023-10-16 14:19:01 - [TEST_STEP][PASSED] - verifyElementPropertyValue(getResponse, "offers[2].groups[0].pricingPlans[0].visualElements[3].value", "facturation mensuelle"): Verify element property value successfully

2023-10-16 14:19:01 - [MESSAGE][PASSED] - Verify element property value successfully

2023-10-16 14:19:01 - [TEST_STEP][PASSED] - verifyElementPropertyValue(getResponse, "offers[2].groups[0].pricingPlans[0].visualElements[6].key", "show_payment_logo"): Verify element property value successfully

2023-10-16 14:19:01 - [MESSAGE][PASSED] - Verify element property value successfully

2023-10-16 14:19:01 - [TEST_STEP][PASSED] - verifyElementPropertyValue(getResponse, "offers[2].groups[0].pricingPlans[0].visualElements[6].value", "true"): Verify element property value successfully

2023-10-16 14:19:01 - [MESSAGE][PASSED] - Verify element property value successfully

2023-10-16 14:19:01 - [TEST_STEP][PASSED] - verifyElementPropertyValue(getResponse, "offers[2].groups[0].pricingPlans[0].visualElements[8].key", "price"): Verify element property value successfully

2023-10-16 14:19:01 - [MESSAGE][PASSED] - Verify element property value successfully

2023-10-16 14:19:01 - [TEST_STEP][PASSED] - verifyElementPropertyValue(getResponse, "offers[2].groups[0].pricingPlans[0].visualElements[8].value", "17"): Verify element property value successfully

2023-10-16 14:19:01 - [MESSAGE][PASSED] - Verify element property value successfully

2023-10-16 14:19:01 - [TEST_STEP][PASSED] - verifyElementPropertyValue(getResponse, "offers[2].groups[0].pricingPlans[0].visualElements[9].key", "currency"): Verify element property value successfully

2023-10-16 14:19:01 - [MESSAGE][PASSED] - Verify element property value successfully

2023-10-16 14:19:01 - [TEST_STEP][PASSED] - verifyElementPropertyValue(getResponse, "offers[2].groups[0].pricingPlans[0].visualElements[9].value", "DH"): Verify element property value successfully

2023-10-16 14:19:01 - [MESSAGE][PASSED] - Verify element property value successfully

2023-10-16 14:19:01 - [TEST_STEP][PASSED] - verifyElementPropertyValue(getResponse, "offers[2].groups[0].pricingPlans[0].visualElements[10].key", "duration"): Verify element property value successfully

2023-10-16 14:19:02 - [MESSAGE][PASSED] - Verify element property value successfully

2023-10-16 14:19:02 - [TEST_STEP][PASSED] - verifyElementPropertyValue(getResponse, "offers[2].groups[0].pricingPlans[0].visualElements[10].value", "Mensuel"): Verify element property value successfully

2023-10-16 14:19:02 - [MESSAGE][PASSED] - Verify element property value successfully

2023-10-16 14:19:02 - [TEST_STEP][PASSED] - verifyElementPropertyValue(getResponse, "offers[2].groups[0].pricingPlans[0].visualElements[11].key", "featured_tag_text"): Verify element property value successfully

2023-10-16 14:19:02 - [MESSAGE][PASSED] - Verify element property value successfully

2023-10-16 14:19:02 - [TEST_STEP][PASSED] - verifyElementPropertyValue(getResponse, "offers[2].groups[0].pricingPlans[0].visualElements[11].value", "Offre limitÃ©e"): Verify element property value successfully

2023-10-16 14:19:02 - [MESSAGE][PASSED] - Verify element property value successfully

2023-10-16 14:19:02 - [TEST_STEP][PASSED] - verifyElementPropertyValue(getResponse, "offers[2].groups[0].pricingPlans[0].visualElements[13].key", "tag_text"): Verify element property value successfully

2023-10-16 14:19:02 - [MESSAGE][PASSED] - Verify element property value successfully

2023-10-16 14:19:02 - [TEST_STEP][PASSED] - verifyElementPropertyValue(getResponse, "offers[2].groups[0].pricingPlans[0].visualElements[13].value", "Ãconomisez 50% "): Verify element property value successfully

2023-10-16 14:19:02 - [MESSAGE][PASSED] - Verify element property value successfully

2023-10-16 14:19:02 - [TEST_STEP][PASSED] - verifyElementPropertyValue(getResponse, "offers[2].groups[0].pricingPlans[0].visualElements[12].key", "show_tag"): Verify element property value successfully

2023-10-16 14:19:02 - [MESSAGE][PASSED] - Verify element property value successfully

2023-10-16 14:19:02 - [TEST_STEP][PASSED] - verifyElementPropertyValue(getResponse, "offers[2].groups[0].pricingPlans[0].visualElements[12].value", "true"): Verify element property value successfully

2023-10-16 14:19:02 - [MESSAGE][PASSED] - Verify element property value successfully

2023-10-16 14:19:02 - [TEST_STEP][PASSED] - verifyElementPropertyValue(getResponse, "offers[2].groups[0].pricingPlans[0].pricingPlanData[0].productId", "MAR_B2C_SHAHID_VIP_1M"): Verify element property value successfully

2023-10-16 14:19:02 - [MESSAGE][PASSED] - Verify element property value successfully

2023-10-16 14:19:02 - [TEST_STEP][PASSED] - verifyElementPropertyValue(getResponse, "offers[2].groups[0].pricingPlans[0].pricingPlanData[0].paymentMethod", "CREDIT_CARD"): Verify element property value successfully

2023-10-16 14:19:02 - [MESSAGE][PASSED] - Verify element property value successfully

2023-10-16 14:19:02 - [TEST_STEP][PASSED] - verifyElementPropertyValue(getResponse, "offers[2].groups[0].pricingPlans[0].pricingPlanData[0].freeTrialEnabled", "false"): Verify element property value successfully

2023-10-16 14:19:02 - [MESSAGE][PASSED] - Verify element property value successfully

2023-10-16 14:19:02 - [TEST_STEP][PASSED] - verifyElementPropertyValue(getResponse, "offers[2].groups[0].pricingPlans[0].pricingPlanData[0].showIn[0]", "VERTICAL_MODE"): Verify element property value successfully

2023-10-16 14:19:02 - [MESSAGE][PASSED] - Verify element property value successfully

2023-10-16 14:19:02 - [TEST_STEP][PASSED] - verifyElementPropertyValue(getResponse, "offers[2].groups[0].pricingPlans[0].pricingPlanData[0].showIn[1]", "HORIZONTAL_MODE"): Verify element property value successfully

2023-10-16 14:19:02 - [MESSAGE][PASSED] - Verify element property value successfully

2023-10-16 14:19:02 - [TEST_STEP][PASSED] - verifyElementPropertyValue(getResponse, "offers[2].groups[0].pricingPlans[0].pricingPlanData[0].priceLabel", "17"): Verify element property value successfully

2023-10-16 14:19:02 - [MESSAGE][PASSED] - Verify element property value successfully

2023-10-16 14:19:02 - [TEST_STEP][PASSED] - verifyElementPropertyValue(getResponse, "offers[2].groups[0].pricingPlans[0].pricingPlanData[0].currencyLabel", "DH"): Verify element property value successfully

2023-10-16 14:19:02 - [MESSAGE][PASSED] - Verify element property value successfully

2023-10-16 14:19:02 - [TEST_STEP][PASSED] - verifyElementPropertyValue(getResponse, "offers[2].groups[0].pricingPlans[0].pricingPlanData[0].dealId", "RE_50P_MAR"): Verify element property value successfully

2023-10-16 14:19:02 - [MESSAGE][PASSED] - Verify element property value successfully

2023-10-16 14:19:02 - [TEST_STEP][PASSED] - verifyElementPropertyValue(getResponse, "offers[2].groups[0].pricingPlans[0].pricingPlanData[0].allowedForAcquisition", "true"): Verify element property value successfully

2023-10-16 14:19:02 - [MESSAGE][PASSED] - Verify element property value successfully

2023-10-16 14:19:02 - [TEST_STEP][PASSED] - verifyElementPropertyValue(getResponse, "offers[2].groups[0].pricingPlans[0].pricingPlanData[0].visualElements[0].key", "title"): Verify element property value successfully

2023-10-16 14:19:02 - [MESSAGE][PASSED] - Verify element property value successfully

2023-10-16 14:19:02 - [TEST_STEP][PASSED] - verifyElementPropertyValue(getResponse, "offers[2].groups[0].pricingPlans[0].pricingPlanData[0].visualElements[0].value", "Carte de crÃ©dit/dÃ©bit"): Verify element property value successfully

2023-10-16 14:19:02 - [MESSAGE][PASSED] - Verify element property value successfully

2023-10-16 14:19:02 - [TEST_STEP][PASSED] - verifyElementPropertyValue(getResponse, "offers[2].groups[0].pricingPlans[0].pricingPlanData[0].visualElements[1].key", "CTA_text"): Verify element property value successfully

2023-10-16 14:19:02 - [MESSAGE][PASSED] - Verify element property value successfully

2023-10-16 14:19:02 - [TEST_STEP][FAILED] - verifyElementPropertyValue(getResponse, "offers[2].groups[0].pricingPlans[0].pricingPlanData[0].visualElements[1].value", "Sâabonner"): Expected element property value 'Sâabonner' is not equal with actual property value 'S'abonner'

2023-10-16 14:19:02 - [MESSAGE][FAILED] - Expected element property value 'Sâabonner' is not equal with actual property value 'S'abonner'

2023-10-16 14:19:02 - [TEST_STEP][PASSED] - verifyElementPropertyValue(getResponse, "offers[2].groups[0].pricingPlans[0].pricingPlanData[0].visualElements[2].key", "logo"): Verify element property value successfully

2023-10-16 14:19:02 - [MESSAGE][PASSED] - Verify element property value successfully

2023-10-16 14:19:02 - [TEST_STEP][PASSED] - verifyElementPropertyValue(getResponse, "offers[2].groups[0].pricingPlans[0].pricingPlanData[0].visualElements[2].value", "https://static.s3.shahid.mbc.net/widget-images/icons/iconCreditCard.png"): Verify element property value successfully

2023-10-16 14:19:02 - [MESSAGE][PASSED] - Verify element property value successfully

2023-10-16 14:19:02 - [TEST_STEP][PASSED] - verifyElementPropertyValue(getResponse, "offers[8].offerId", "byg-30-offer"): Verify element property value successfully

2023-10-16 14:19:02 - [MESSAGE][PASSED] - Verify element property value successfully

2023-10-16 14:19:02 - [TEST_STEP][PASSED] - verifyElementPropertyValue(getResponse, "offers[8].offerParam", "bygoffer30"): Verify element property value successfully

2023-10-16 14:19:02 - [MESSAGE][PASSED] - Verify element property value successfully

2023-10-16 14:19:02 - [TEST_STEP][PASSED] - verifyElementPropertyValue(getResponse, "offers[8].groups[0].pricingPlans[0].featured", "true"): Verify element property value successfully

2023-10-16 14:19:02 - [MESSAGE][PASSED] - Verify element property value successfully

2023-10-16 14:19:02 - [TEST_STEP][PASSED] - verifyElementPropertyValue(getResponse, "offers[8].groups[0].pricingPlans[0].period", "monthly"): Verify element property value successfully

2023-10-16 14:19:02 - [MESSAGE][PASSED] - Verify element property value successfully

2023-10-16 14:19:02 - [TEST_STEP][PASSED] - verifyElementPropertyValue(getResponse, "offers[8].groups[0].pricingPlans[0].featured", "true"): Verify element property value successfully

2023-10-16 14:19:02 - [MESSAGE][PASSED] - Verify element property value successfully

2023-10-16 14:19:02 - [TEST_STEP][PASSED] - verifyElementPropertyValue(getResponse, "offers[8].groups[0].pricingPlans[0].price", "24.0"): Verify element property value successfully

2023-10-16 14:19:02 - [MESSAGE][PASSED] - Verify element property value successfully

2023-10-16 14:19:02 - [TEST_STEP][PASSED] - verifyElementPropertyValue(getResponse, "offers[8].groups[0].pricingPlans[0].currency", "DH"): Verify element property value successfully

2023-10-16 14:19:02 - [MESSAGE][PASSED] - Verify element property value successfully

2023-10-16 14:19:02 - [TEST_STEP][PASSED] - verifyElementPropertyValue(getResponse, "offers[8].groups[0].pricingPlans[0].order", "0"): Verify element property value successfully

2023-10-16 14:19:02 - [MESSAGE][PASSED] - Verify element property value successfully

2023-10-16 14:19:02 - [TEST_STEP][PASSED] - verifyElementPropertyValue(getResponse, "offers[8].groups[0].pricingPlans[0].packageId", "SHAHID_VIP"): Verify element property value successfully

2023-10-16 14:19:02 - [MESSAGE][PASSED] - Verify element property value successfully

2023-10-16 14:19:02 - [TEST_STEP][PASSED] - verifyElementPropertyValue(getResponse, "offers[8].groups[0].pricingPlans[0].catalogId", "VIP"): Verify element property value successfully

2023-10-16 14:19:02 - [MESSAGE][PASSED] - Verify element property value successfully

2023-10-16 14:19:02 - [TEST_STEP][PASSED] - verifyElementPropertyValue(getResponse, "offers[8].groups[0].pricingPlans[0].visualElements[0].key", "Header_1_text"): Verify element property value successfully

2023-10-16 14:19:02 - [MESSAGE][PASSED] - Verify element property value successfully

2023-10-16 14:19:02 - [TEST_STEP][PASSED] - verifyElementPropertyValue(getResponse, "offers[8].groups[0].pricingPlans[0].visualElements[0].value", "Abonnez-vous dÃ¨s maintenant et profitez de vos programmes sans publicitÃ©"): Verify element property value successfully

2023-10-16 14:19:02 - [MESSAGE][PASSED] - Verify element property value successfully

2023-10-16 14:19:02 - [TEST_STEP][PASSED] - verifyElementPropertyValue(getResponse, "offers[8].groups[0].pricingPlans[0].visualElements[1].key", "display_title"): Verify element property value successfully

2023-10-16 14:19:02 - [MESSAGE][PASSED] - Verify element property value successfully

2023-10-16 14:19:02 - [TEST_STEP][PASSED] - verifyElementPropertyValue(getResponse, "offers[8].groups[0].pricingPlans[0].visualElements[1].value", "30% de rÃ©duction"): Verify element property value successfully

2023-10-16 14:19:02 - [MESSAGE][PASSED] - Verify element property value successfully

2023-10-16 14:19:02 - [TEST_STEP][PASSED] - verifyElementPropertyValue(getResponse, "offers[8].groups[0].pricingPlans[0].visualElements[3].key", "deduction_text"): Verify element property value successfully

2023-10-16 14:19:02 - [MESSAGE][PASSED] - Verify element property value successfully

2023-10-16 14:19:02 - [TEST_STEP][PASSED] - verifyElementPropertyValue(getResponse, "offers[8].groups[0].pricingPlans[0].visualElements[3].value", "facturation mensuelle"): Verify element property value successfully

2023-10-16 14:19:02 - [MESSAGE][PASSED] - Verify element property value successfully

2023-10-16 14:19:02 - [TEST_STEP][PASSED] - verifyElementPropertyValue(getResponse, "offers[8].groups[0].pricingPlans[0].visualElements[6].key", "show_payment_logo"): Verify element property value successfully

2023-10-16 14:19:02 - [MESSAGE][PASSED] - Verify element property value successfully

2023-10-16 14:19:02 - [TEST_STEP][PASSED] - verifyElementPropertyValue(getResponse, "offers[8].groups[0].pricingPlans[0].visualElements[6].value", "true"): Verify element property value successfully

2023-10-16 14:19:02 - [MESSAGE][PASSED] - Verify element property value successfully

2023-10-16 14:19:02 - [TEST_STEP][PASSED] - verifyElementPropertyValue(getResponse, "offers[8].groups[0].pricingPlans[0].visualElements[8].key", "price"): Verify element property value successfully

2023-10-16 14:19:02 - [MESSAGE][PASSED] - Verify element property value successfully

2023-10-16 14:19:02 - [TEST_STEP][PASSED] - verifyElementPropertyValue(getResponse, "offers[8].groups[0].pricingPlans[0].visualElements[8].value", "24"): Verify element property value successfully

2023-10-16 14:19:02 - [MESSAGE][PASSED] - Verify element property value successfully

2023-10-16 14:19:02 - [TEST_STEP][PASSED] - verifyElementPropertyValue(getResponse, "offers[8].groups[0].pricingPlans[0].visualElements[9].key", "currency"): Verify element property value successfully

2023-10-16 14:19:02 - [MESSAGE][PASSED] - Verify element property value successfully

2023-10-16 14:19:02 - [TEST_STEP][PASSED] - verifyElementPropertyValue(getResponse, "offers[8].groups[0].pricingPlans[0].visualElements[9].value", "DH"): Verify element property value successfully

2023-10-16 14:19:02 - [MESSAGE][PASSED] - Verify element property value successfully

2023-10-16 14:19:02 - [TEST_STEP][PASSED] - verifyElementPropertyValue(getResponse, "offers[8].groups[0].pricingPlans[0].visualElements[10].key", "duration"): Verify element property value successfully

2023-10-16 14:19:02 - [MESSAGE][PASSED] - Verify element property value successfully

2023-10-16 14:19:02 - [TEST_STEP][PASSED] - verifyElementPropertyValue(getResponse, "offers[8].groups[0].pricingPlans[0].visualElements[10].value", "Mensuel"): Verify element property value successfully

2023-10-16 14:19:02 - [MESSAGE][PASSED] - Verify element property value successfully

2023-10-16 14:19:02 - [TEST_STEP][PASSED] - verifyElementPropertyValue(getResponse, "offers[8].groups[0].pricingPlans[0].visualElements[11].key", "featured_tag_text"): Verify element property value successfully

2023-10-16 14:19:02 - [MESSAGE][PASSED] - Verify element property value successfully

2023-10-16 14:19:02 - [TEST_STEP][PASSED] - verifyElementPropertyValue(getResponse, "offers[8].groups[0].pricingPlans[0].visualElements[11].value", "Offre limitÃ©e"): Verify element property value successfully

2023-10-16 14:19:02 - [MESSAGE][PASSED] - Verify element property value successfully

2023-10-16 14:19:02 - [TEST_STEP][PASSED] - verifyElementPropertyValue(getResponse, "offers[8].groups[0].pricingPlans[0].visualElements[13].key", "tag_text"): Verify element property value successfully

2023-10-16 14:19:02 - [MESSAGE][PASSED] - Verify element property value successfully

2023-10-16 14:19:02 - [TEST_STEP][PASSED] - verifyElementPropertyValue(getResponse, "offers[8].groups[0].pricingPlans[0].visualElements[13].value", "Ãconomisez 30% "): Verify element property value successfully

2023-10-16 14:19:02 - [MESSAGE][PASSED] - Verify element property value successfully

2023-10-16 14:19:03 - [TEST_STEP][PASSED] - verifyElementPropertyValue(getResponse, "offers[8].groups[0].pricingPlans[0].visualElements[12].key", "show_tag"): Verify element property value successfully

2023-10-16 14:19:03 - [MESSAGE][PASSED] - Verify element property value successfully

2023-10-16 14:19:03 - [TEST_STEP][PASSED] - verifyElementPropertyValue(getResponse, "offers[8].groups[0].pricingPlans[0].visualElements[12].value", "true"): Verify element property value successfully

2023-10-16 14:19:03 - [MESSAGE][PASSED] - Verify element property value successfully

2023-10-16 14:19:03 - [TEST_STEP][PASSED] - verifyElementPropertyValue(getResponse, "offers[8].groups[0].pricingPlans[0].pricingPlanData[0].productId", "MAR_B2C_SHAHID_VIP_1M"): Verify element property value successfully

2023-10-16 14:19:03 - [MESSAGE][PASSED] - Verify element property value successfully

2023-10-16 14:19:03 - [TEST_STEP][PASSED] - verifyElementPropertyValue(getResponse, "offers[8].groups[0].pricingPlans[0].pricingPlanData[0].paymentMethod", "CREDIT_CARD"): Verify element property value successfully

2023-10-16 14:19:03 - [MESSAGE][PASSED] - Verify element property value successfully

2023-10-16 14:19:03 - [TEST_STEP][PASSED] - verifyElementPropertyValue(getResponse, "offers[8].groups[0].pricingPlans[0].pricingPlanData[0].freeTrialEnabled", "false"): Verify element property value successfully

2023-10-16 14:19:03 - [MESSAGE][PASSED] - Verify element property value successfully

2023-10-16 14:19:03 - [TEST_STEP][PASSED] - verifyElementPropertyValue(getResponse, "offers[8].groups[0].pricingPlans[0].pricingPlanData[0].showIn[0]", "VERTICAL_MODE"): Verify element property value successfully

2023-10-16 14:19:03 - [MESSAGE][PASSED] - Verify element property value successfully

2023-10-16 14:19:03 - [TEST_STEP][PASSED] - verifyElementPropertyValue(getResponse, "offers[8].groups[0].pricingPlans[0].pricingPlanData[0].showIn[1]", "HORIZONTAL_MODE"): Verify element property value successfully

2023-10-16 14:19:03 - [MESSAGE][PASSED] - Verify element property value successfully

2023-10-16 14:19:03 - [TEST_STEP][PASSED] - verifyElementPropertyValue(getResponse, "offers[8].groups[0].pricingPlans[0].pricingPlanData[0].priceLabel", "24"): Verify element property value successfully

2023-10-16 14:19:03 - [MESSAGE][PASSED] - Verify element property value successfully

2023-10-16 14:19:03 - [TEST_STEP][PASSED] - verifyElementPropertyValue(getResponse, "offers[8].groups[0].pricingPlans[0].pricingPlanData[0].currencyLabel", "DH"): Verify element property value successfully

2023-10-16 14:19:03 - [MESSAGE][PASSED] - Verify element property value successfully

2023-10-16 14:19:03 - [TEST_STEP][PASSED] - verifyElementPropertyValue(getResponse, "offers[8].groups[0].pricingPlans[0].pricingPlanData[0].dealId", "BYG_30P_MAR"): Verify element property value successfully

2023-10-16 14:19:03 - [MESSAGE][PASSED] - Verify element property value successfully

2023-10-16 14:19:03 - [TEST_STEP][PASSED] - verifyElementPropertyValue(getResponse, "offers[8].groups[0].pricingPlans[0].pricingPlanData[0].allowedForAcquisition", "true"): Verify element property value successfully

2023-10-16 14:19:03 - [MESSAGE][PASSED] - Verify element property value successfully

2023-10-16 14:19:03 - [TEST_STEP][PASSED] - verifyElementPropertyValue(getResponse, "offers[8].groups[0].pricingPlans[0].pricingPlanData[0].visualElements[0].key", "title"): Verify element property value successfully

2023-10-16 14:19:03 - [MESSAGE][PASSED] - Verify element property value successfully

2023-10-16 14:19:03 - [TEST_STEP][PASSED] - verifyElementPropertyValue(getResponse, "offers[8].groups[0].pricingPlans[0].pricingPlanData[0].visualElements[0].value", "Carte de crÃ©dit/dÃ©bit"): Verify element property value successfully

2023-10-16 14:19:03 - [MESSAGE][PASSED] - Verify element property value successfully

2023-10-16 14:19:03 - [TEST_STEP][PASSED] - verifyElementPropertyValue(getResponse, "offers[8].groups[0].pricingPlans[0].pricingPlanData[0].visualElements[1].key", "CTA_text"): Verify element property value successfully

2023-10-16 14:19:03 - [MESSAGE][PASSED] - Verify element property value successfully

2023-10-16 14:19:03 - [TEST_STEP][PASSED] - verifyElementPropertyValue(getResponse, "offers[8].groups[0].pricingPlans[0].pricingPlanData[0].visualElements[1].value", "Sâabonner"): Verify element property value successfully

2023-10-16 14:19:03 - [MESSAGE][PASSED] - Verify element property value successfully

2023-10-16 14:19:03 - [TEST_STEP][PASSED] - verifyElementPropertyValue(getResponse, "offers[8].groups[0].pricingPlans[0].pricingPlanData[0].visualElements[2].key", "logo"): Verify element property value successfully

2023-10-16 14:19:03 - [MESSAGE][PASSED] - Verify element property value successfully

2023-10-16 14:19:03 - [TEST_STEP][PASSED] - verifyElementPropertyValue(getResponse, "offers[8].groups[0].pricingPlans[0].pricingPlanData[0].visualElements[2].value", "https://static.s3.shahid.mbc.net/widget-images/icons/iconCreditCard.png"): Verify element property value successfully

2023-10-16 14:19:03 - [MESSAGE][PASSED] - Verify element property value successfully

2023-10-16 14:19:03 - [TEST_STEP][PASSED] - verifyElementPropertyValue(getResponse, "offers[9].offerId", "byg-40-offer"): Verify element property value successfully

2023-10-16 14:19:03 - [MESSAGE][PASSED] - Verify element property value successfully

2023-10-16 14:19:03 - [TEST_STEP][PASSED] - verifyElementPropertyValue(getResponse, "offers[9].offerParam", "bygoffer40"): Verify element property value successfully

2023-10-16 14:19:03 - [MESSAGE][PASSED] - Verify element property value successfully

2023-10-16 14:19:03 - [TEST_STEP][PASSED] - verifyElementPropertyValue(getResponse, "offers[9].groups[0].pricingPlans[0].featured", "true"): Verify element property value successfully

2023-10-16 14:19:03 - [MESSAGE][PASSED] - Verify element property value successfully

2023-10-16 14:19:03 - [TEST_STEP][PASSED] - verifyElementPropertyValue(getResponse, "offers[9].groups[0].pricingPlans[0].period", "monthly"): Verify element property value successfully

2023-10-16 14:19:03 - [MESSAGE][PASSED] - Verify element property value successfully

2023-10-16 14:19:03 - [TEST_STEP][PASSED] - verifyElementPropertyValue(getResponse, "offers[9].groups[0].pricingPlans[0].featured", "true"): Verify element property value successfully

2023-10-16 14:19:03 - [MESSAGE][PASSED] - Verify element property value successfully

2023-10-16 14:19:03 - [TEST_STEP][PASSED] - verifyElementPropertyValue(getResponse, "offers[9].groups[0].pricingPlans[0].price", "20.0"): Verify element property value successfully

2023-10-16 14:19:03 - [MESSAGE][PASSED] - Verify element property value successfully

2023-10-16 14:19:03 - [TEST_STEP][PASSED] - verifyElementPropertyValue(getResponse, "offers[9].groups[0].pricingPlans[0].currency", "DH"): Verify element property value successfully

2023-10-16 14:19:03 - [MESSAGE][PASSED] - Verify element property value successfully

2023-10-16 14:19:03 - [TEST_STEP][PASSED] - verifyElementPropertyValue(getResponse, "offers[9].groups[0].pricingPlans[0].order", "0"): Verify element property value successfully

2023-10-16 14:19:03 - [MESSAGE][PASSED] - Verify element property value successfully

2023-10-16 14:19:03 - [TEST_STEP][PASSED] - verifyElementPropertyValue(getResponse, "offers[9].groups[0].pricingPlans[0].packageId", "SHAHID_VIP"): Verify element property value successfully

2023-10-16 14:19:03 - [MESSAGE][PASSED] - Verify element property value successfully

2023-10-16 14:19:03 - [TEST_STEP][PASSED] - verifyElementPropertyValue(getResponse, "offers[9].groups[0].pricingPlans[0].catalogId", "VIP"): Verify element property value successfully

2023-10-16 14:19:03 - [MESSAGE][PASSED] - Verify element property value successfully

2023-10-16 14:19:03 - [TEST_STEP][PASSED] - verifyElementPropertyValue(getResponse, "offers[9].groups[0].pricingPlans[0].visualElements[0].key", "Header_1_text"): Verify element property value successfully

2023-10-16 14:19:03 - [MESSAGE][PASSED] - Verify element property value successfully

2023-10-16 14:19:03 - [TEST_STEP][PASSED] - verifyElementPropertyValue(getResponse, "offers[9].groups[0].pricingPlans[0].visualElements[0].value", "Abonnez-vous dÃ¨s maintenant et profitez de vos programmes sans publicitÃ©"): Verify element property value successfully

2023-10-16 14:19:03 - [MESSAGE][PASSED] - Verify element property value successfully

2023-10-16 14:19:03 - [TEST_STEP][PASSED] - verifyElementPropertyValue(getResponse, "offers[9].groups[0].pricingPlans[0].visualElements[1].key", "display_title"): Verify element property value successfully

2023-10-16 14:19:03 - [MESSAGE][PASSED] - Verify element property value successfully

2023-10-16 14:19:03 - [TEST_STEP][PASSED] - verifyElementPropertyValue(getResponse, "offers[9].groups[0].pricingPlans[0].visualElements[1].value", "40% de rÃ©duction"): Verify element property value successfully

2023-10-16 14:19:03 - [MESSAGE][PASSED] - Verify element property value successfully

2023-10-16 14:19:03 - [TEST_STEP][PASSED] - verifyElementPropertyValue(getResponse, "offers[9].groups[0].pricingPlans[0].visualElements[3].key", "deduction_text"): Verify element property value successfully

2023-10-16 14:19:03 - [MESSAGE][PASSED] - Verify element property value successfully

2023-10-16 14:19:03 - [TEST_STEP][PASSED] - verifyElementPropertyValue(getResponse, "offers[9].groups[0].pricingPlans[0].visualElements[3].value", "facturation mensuelle"): Verify element property value successfully

2023-10-16 14:19:03 - [MESSAGE][PASSED] - Verify element property value successfully

2023-10-16 14:19:03 - [TEST_STEP][PASSED] - verifyElementPropertyValue(getResponse, "offers[9].groups[0].pricingPlans[0].visualElements[6].key", "show_payment_logo"): Verify element property value successfully

2023-10-16 14:19:04 - [MESSAGE][PASSED] - Verify element property value successfully

2023-10-16 14:19:04 - [TEST_STEP][PASSED] - verifyElementPropertyValue(getResponse, "offers[9].groups[0].pricingPlans[0].visualElements[6].value", "true"): Verify element property value successfully

2023-10-16 14:19:04 - [MESSAGE][PASSED] - Verify element property value successfully

2023-10-16 14:19:04 - [TEST_STEP][PASSED] - verifyElementPropertyValue(getResponse, "offers[9].groups[0].pricingPlans[0].visualElements[8].key", "price"): Verify element property value successfully

2023-10-16 14:19:04 - [MESSAGE][PASSED] - Verify element property value successfully

2023-10-16 14:19:04 - [TEST_STEP][PASSED] - verifyElementPropertyValue(getResponse, "offers[9].groups[0].pricingPlans[0].visualElements[8].value", "20"): Verify element property value successfully

2023-10-16 14:19:04 - [MESSAGE][PASSED] - Verify element property value successfully

2023-10-16 14:19:04 - [TEST_STEP][PASSED] - verifyElementPropertyValue(getResponse, "offers[9].groups[0].pricingPlans[0].visualElements[9].key", "currency"): Verify element property value successfully

2023-10-16 14:19:04 - [MESSAGE][PASSED] - Verify element property value successfully

2023-10-16 14:19:04 - [TEST_STEP][PASSED] - verifyElementPropertyValue(getResponse, "offers[9].groups[0].pricingPlans[0].visualElements[9].value", "DH"): Verify element property value successfully

2023-10-16 14:19:04 - [MESSAGE][PASSED] - Verify element property value successfully

2023-10-16 14:19:04 - [TEST_STEP][PASSED] - verifyElementPropertyValue(getResponse, "offers[9].groups[0].pricingPlans[0].visualElements[10].key", "duration"): Verify element property value successfully

2023-10-16 14:19:04 - [MESSAGE][PASSED] - Verify element property value successfully

2023-10-16 14:19:04 - [TEST_STEP][PASSED] - verifyElementPropertyValue(getResponse, "offers[9].groups[0].pricingPlans[0].visualElements[10].value", "Mensuel"): Verify element property value successfully

2023-10-16 14:19:04 - [MESSAGE][PASSED] - Verify element property value successfully

2023-10-16 14:19:04 - [TEST_STEP][PASSED] - verifyElementPropertyValue(getResponse, "offers[9].groups[0].pricingPlans[0].visualElements[11].key", "featured_tag_text"): Verify element property value successfully

2023-10-16 14:19:04 - [MESSAGE][PASSED] - Verify element property value successfully

2023-10-16 14:19:04 - [TEST_STEP][PASSED] - verifyElementPropertyValue(getResponse, "offers[9].groups[0].pricingPlans[0].visualElements[11].value", "Offre limitÃ©e"): Verify element property value successfully

2023-10-16 14:19:04 - [MESSAGE][PASSED] - Verify element property value successfully

2023-10-16 14:19:04 - [TEST_STEP][PASSED] - verifyElementPropertyValue(getResponse, "offers[9].groups[0].pricingPlans[0].visualElements[13].key", "tag_text"): Verify element property value successfully

2023-10-16 14:19:04 - [MESSAGE][PASSED] - Verify element property value successfully

2023-10-16 14:19:04 - [TEST_STEP][PASSED] - verifyElementPropertyValue(getResponse, "offers[9].groups[0].pricingPlans[0].visualElements[13].value", "Ãconomisez 40% "): Verify element property value successfully

2023-10-16 14:19:04 - [MESSAGE][PASSED] - Verify element property value successfully

2023-10-16 14:19:04 - [TEST_STEP][PASSED] - verifyElementPropertyValue(getResponse, "offers[9].groups[0].pricingPlans[0].visualElements[12].key", "show_tag"): Verify element property value successfully

2023-10-16 14:19:04 - [MESSAGE][PASSED] - Verify element property value successfully

2023-10-16 14:19:04 - [TEST_STEP][PASSED] - verifyElementPropertyValue(getResponse, "offers[9].groups[0].pricingPlans[0].visualElements[12].value", "true"): Verify element property value successfully

2023-10-16 14:19:04 - [MESSAGE][PASSED] - Verify element property value successfully

2023-10-16 14:19:04 - [TEST_STEP][PASSED] - verifyElementPropertyValue(getResponse, "offers[9].groups[0].pricingPlans[0].pricingPlanData[0].productId", "MAR_B2C_SHAHID_VIP_1M"): Verify element property value successfully

2023-10-16 14:19:04 - [MESSAGE][PASSED] - Verify element property value successfully

2023-10-16 14:19:04 - [TEST_STEP][PASSED] - verifyElementPropertyValue(getResponse, "offers[9].groups[0].pricingPlans[0].pricingPlanData[0].paymentMethod", "CREDIT_CARD"): Verify element property value successfully

2023-10-16 14:19:04 - [MESSAGE][PASSED] - Verify element property value successfully

2023-10-16 14:19:04 - [TEST_STEP][PASSED] - verifyElementPropertyValue(getResponse, "offers[9].groups[0].pricingPlans[0].pricingPlanData[0].freeTrialEnabled", "false"): Verify element property value successfully

2023-10-16 14:19:04 - [MESSAGE][PASSED] - Verify element property value successfully

2023-10-16 14:19:04 - [TEST_STEP][PASSED] - verifyElementPropertyValue(getResponse, "offers[9].groups[0].pricingPlans[0].pricingPlanData[0].showIn[0]", "VERTICAL_MODE"): Verify element property value successfully

2023-10-16 14:19:04 - [MESSAGE][PASSED] - Verify element property value successfully

2023-10-16 14:19:04 - [TEST_STEP][PASSED] - verifyElementPropertyValue(getResponse, "offers[9].groups[0].pricingPlans[0].pricingPlanData[0].showIn[1]", "HORIZONTAL_MODE"): Verify element property value successfully

2023-10-16 14:19:04 - [MESSAGE][PASSED] - Verify element property value successfully

2023-10-16 14:19:04 - [TEST_STEP][PASSED] - verifyElementPropertyValue(getResponse, "offers[9].groups[0].pricingPlans[0].pricingPlanData[0].priceLabel", "20"): Verify element property value successfully

2023-10-16 14:19:04 - [MESSAGE][PASSED] - Verify element property value successfully

2023-10-16 14:19:04 - [TEST_STEP][PASSED] - verifyElementPropertyValue(getResponse, "offers[9].groups[0].pricingPlans[0].pricingPlanData[0].currencyLabel", "DH"): Verify element property value successfully

2023-10-16 14:19:04 - [MESSAGE][PASSED] - Verify element property value successfully

2023-10-16 14:19:04 - [TEST_STEP][PASSED] - verifyElementPropertyValue(getResponse, "offers[9].groups[0].pricingPlans[0].pricingPlanData[0].dealId", "BYG_40P_MAR"): Verify element property value successfully

2023-10-16 14:19:04 - [MESSAGE][PASSED] - Verify element property value successfully

2023-10-16 14:19:04 - [TEST_STEP][PASSED] - verifyElementPropertyValue(getResponse, "offers[9].groups[0].pricingPlans[0].pricingPlanData[0].allowedForAcquisition", "true"): Verify element property value successfully

2023-10-16 14:19:04 - [MESSAGE][PASSED] - Verify element property value successfully

2023-10-16 14:19:04 - [TEST_STEP][PASSED] - verifyElementPropertyValue(getResponse, "offers[9].groups[0].pricingPlans[0].pricingPlanData[0].visualElements[0].key", "title"): Verify element property value successfully

2023-10-16 14:19:04 - [MESSAGE][PASSED] - Verify element property value successfully

2023-10-16 14:19:04 - [TEST_STEP][PASSED] - verifyElementPropertyValue(getResponse, "offers[9].groups[0].pricingPlans[0].pricingPlanData[0].visualElements[0].value", "Carte de crÃ©dit/dÃ©bit"): Verify element property value successfully

2023-10-16 14:19:04 - [MESSAGE][PASSED] - Verify element property value successfully

2023-10-16 14:19:04 - [TEST_STEP][PASSED] - verifyElementPropertyValue(getResponse, "offers[9].groups[0].pricingPlans[0].pricingPlanData[0].visualElements[1].key", "CTA_text"): Verify element property value successfully

2023-10-16 14:19:04 - [MESSAGE][PASSED] - Verify element property value successfully

2023-10-16 14:19:04 - [TEST_STEP][PASSED] - verifyElementPropertyValue(getResponse, "offers[9].groups[0].pricingPlans[0].pricingPlanData[0].visualElements[1].value", "Sâabonner"): Verify element property value successfully

2023-10-16 14:19:04 - [MESSAGE][PASSED] - Verify element property value successfully

2023-10-16 14:19:04 - [TEST_STEP][PASSED] - verifyElementPropertyValue(getResponse, "offers[9].groups[0].pricingPlans[0].pricingPlanData[0].visualElements[2].key", "logo"): Verify element property value successfully

2023-10-16 14:19:04 - [MESSAGE][PASSED] - Verify element property value successfully

2023-10-16 14:19:04 - [TEST_STEP][PASSED] - verifyElementPropertyValue(getResponse, "offers[9].groups[0].pricingPlans[0].pricingPlanData[0].visualElements[2].value", "https://static.s3.shahid.mbc.net/widget-images/icons/iconCreditCard.png"): Verify element property value successfully

2023-10-16 14:19:04 - [MESSAGE][PASSED] - Verify element property value successfully

2023-10-16 14:19:04 - [TEST_STEP][PASSED] - verifyElementPropertyValue(getResponse, "offers[10].offerId", "byg-50-offer"): Verify element property value successfully

2023-10-16 14:19:04 - [MESSAGE][PASSED] - Verify element property value successfully

2023-10-16 14:19:04 - [TEST_STEP][PASSED] - verifyElementPropertyValue(getResponse, "offers[10].offerParam", "bygoffer50"): Verify element property value successfully

2023-10-16 14:19:04 - [MESSAGE][PASSED] - Verify element property value successfully

2023-10-16 14:19:04 - [TEST_STEP][PASSED] - verifyElementPropertyValue(getResponse, "offers[10].groups[0].pricingPlans[0].featured", "true"): Verify element property value successfully

2023-10-16 14:19:04 - [MESSAGE][PASSED] - Verify element property value successfully

2023-10-16 14:19:04 - [TEST_STEP][PASSED] - verifyElementPropertyValue(getResponse, "offers[10].groups[0].pricingPlans[0].period", "monthly"): Verify element property value successfully

2023-10-16 14:19:04 - [MESSAGE][PASSED] - Verify element property value successfully

2023-10-16 14:19:04 - [TEST_STEP][PASSED] - verifyElementPropertyValue(getResponse, "offers[10].groups[0].pricingPlans[0].featured", "true"): Verify element property value successfully

2023-10-16 14:19:04 - [MESSAGE][PASSED] - Verify element property value successfully

2023-10-16 14:19:04 - [TEST_STEP][PASSED] - verifyElementPropertyValue(getResponse, "offers[10].groups[0].pricingPlans[0].price", "17.0"): Verify element property value successfully

2023-10-16 14:19:04 - [MESSAGE][PASSED] - Verify element property value successfully

2023-10-16 14:19:04 - [TEST_STEP][PASSED] - verifyElementPropertyValue(getResponse, "offers[10].groups[0].pricingPlans[0].currency", "DH"): Verify element property value successfully

2023-10-16 14:19:04 - [MESSAGE][PASSED] - Verify element property value successfully

2023-10-16 14:19:04 - [TEST_STEP][PASSED] - verifyElementPropertyValue(getResponse, "offers[10].groups[0].pricingPlans[0].order", "0"): Verify element property value successfully

2023-10-16 14:19:04 - [MESSAGE][PASSED] - Verify element property value successfully

2023-10-16 14:19:04 - [TEST_STEP][PASSED] - verifyElementPropertyValue(getResponse, "offers[10].groups[0].pricingPlans[0].packageId", "SHAHID_VIP"): Verify element property value successfully

2023-10-16 14:19:04 - [MESSAGE][PASSED] - Verify element property value successfully

2023-10-16 14:19:04 - [TEST_STEP][PASSED] - verifyElementPropertyValue(getResponse, "offers[10].groups[0].pricingPlans[0].catalogId", "VIP"): Verify element property value successfully

2023-10-16 14:19:04 - [MESSAGE][PASSED] - Verify element property value successfully

2023-10-16 14:19:04 - [TEST_STEP][PASSED] - verifyElementPropertyValue(getResponse, "offers[10].groups[0].pricingPlans[0].visualElements[0].key", "Header_1_text"): Verify element property value successfully

2023-10-16 14:19:04 - [MESSAGE][PASSED] - Verify element property value successfully

2023-10-16 14:19:04 - [TEST_STEP][PASSED] - verifyElementPropertyValue(getResponse, "offers[10].groups[0].pricingPlans[0].visualElements[0].value", "Abonnez-vous dÃ¨s maintenant et profitez de vos programmes sans publicitÃ©"): Verify element property value successfully

2023-10-16 14:19:04 - [MESSAGE][PASSED] - Verify element property value successfully

2023-10-16 14:19:04 - [TEST_STEP][PASSED] - verifyElementPropertyValue(getResponse, "offers[10].groups[0].pricingPlans[0].visualElements[1].key", "display_title"): Verify element property value successfully

2023-10-16 14:19:04 - [MESSAGE][PASSED] - Verify element property value successfully

2023-10-16 14:19:04 - [TEST_STEP][PASSED] - verifyElementPropertyValue(getResponse, "offers[10].groups[0].pricingPlans[0].visualElements[1].value", "50% de rÃ©duction"): Verify element property value successfully

2023-10-16 14:19:04 - [MESSAGE][PASSED] - Verify element property value successfully

2023-10-16 14:19:04 - [TEST_STEP][PASSED] - verifyElementPropertyValue(getResponse, "offers[10].groups[0].pricingPlans[0].visualElements[3].key", "deduction_text"): Verify element property value successfully

2023-10-16 14:19:04 - [MESSAGE][PASSED] - Verify element property value successfully

2023-10-16 14:19:04 - [TEST_STEP][PASSED] - verifyElementPropertyValue(getResponse, "offers[10].groups[0].pricingPlans[0].visualElements[3].value", "facturation mensuelle"): Verify element property value successfully

2023-10-16 14:19:04 - [MESSAGE][PASSED] - Verify element property value successfully

2023-10-16 14:19:04 - [TEST_STEP][PASSED] - verifyElementPropertyValue(getResponse, "offers[10].groups[0].pricingPlans[0].visualElements[6].key", "show_payment_logo"): Verify element property value successfully

2023-10-16 14:19:04 - [MESSAGE][PASSED] - Verify element property value successfully

2023-10-16 14:19:04 - [TEST_STEP][PASSED] - verifyElementPropertyValue(getResponse, "offers[10].groups[0].pricingPlans[0].visualElements[6].value", "true"): Verify element property value successfully

2023-10-16 14:19:04 - [MESSAGE][PASSED] - Verify element property value successfully

2023-10-16 14:19:04 - [TEST_STEP][PASSED] - verifyElementPropertyValue(getResponse, "offers[10].groups[0].pricingPlans[0].visualElements[8].key", "price"): Verify element property value successfully

2023-10-16 14:19:04 - [MESSAGE][PASSED] - Verify element property value successfully

2023-10-16 14:19:04 - [TEST_STEP][PASSED] - verifyElementPropertyValue(getResponse, "offers[10].groups[0].pricingPlans[0].visualElements[8].value", "17"): Verify element property value successfully

2023-10-16 14:19:04 - [MESSAGE][PASSED] - Verify element property value successfully

2023-10-16 14:19:04 - [TEST_STEP][PASSED] - verifyElementPropertyValue(getResponse, "offers[10].groups[0].pricingPlans[0].visualElements[9].key", "currency"): Verify element property value successfully

2023-10-16 14:19:04 - [MESSAGE][PASSED] - Verify element property value successfully

2023-10-16 14:19:04 - [TEST_STEP][PASSED] - verifyElementPropertyValue(getResponse, "offers[10].groups[0].pricingPlans[0].visualElements[9].value", "DH"): Verify element property value successfully

2023-10-16 14:19:04 - [MESSAGE][PASSED] - Verify element property value successfully

2023-10-16 14:19:04 - [TEST_STEP][PASSED] - verifyElementPropertyValue(getResponse, "offers[10].groups[0].pricingPlans[0].visualElements[10].key", "duration"): Verify element property value successfully

2023-10-16 14:19:04 - [MESSAGE][PASSED] - Verify element property value successfully

2023-10-16 14:19:04 - [TEST_STEP][PASSED] - verifyElementPropertyValue(getResponse, "offers[10].groups[0].pricingPlans[0].visualElements[10].value", "Mensuel"): Verify element property value successfully

2023-10-16 14:19:04 - [MESSAGE][PASSED] - Verify element property value successfully

2023-10-16 14:19:04 - [TEST_STEP][PASSED] - verifyElementPropertyValue(getResponse, "offers[10].groups[0].pricingPlans[0].visualElements[11].key", "featured_tag_text"): Verify element property value successfully

2023-10-16 14:19:04 - [MESSAGE][PASSED] - Verify element property value successfully

2023-10-16 14:19:04 - [TEST_STEP][PASSED] - verifyElementPropertyValue(getResponse, "offers[10].groups[0].pricingPlans[0].visualElements[11].value", "Offre limitÃ©e"): Verify element property value successfully

2023-10-16 14:19:04 - [MESSAGE][PASSED] - Verify element property value successfully

2023-10-16 14:19:04 - [TEST_STEP][PASSED] - verifyElementPropertyValue(getResponse, "offers[10].groups[0].pricingPlans[0].visualElements[13].key", "tag_text"): Verify element property value successfully

2023-10-16 14:19:04 - [MESSAGE][PASSED] - Verify element property value successfully

2023-10-16 14:19:04 - [TEST_STEP][PASSED] - verifyElementPropertyValue(getResponse, "offers[10].groups[0].pricingPlans[0].visualElements[13].value", "Ãconomisez 50% "): Verify element property value successfully

2023-10-16 14:19:04 - [MESSAGE][PASSED] - Verify element property value successfully

2023-10-16 14:19:04 - [TEST_STEP][PASSED] - verifyElementPropertyValue(getResponse, "offers[10].groups[0].pricingPlans[0].visualElements[12].key", "show_tag"): Verify element property value successfully

2023-10-16 14:19:04 - [MESSAGE][PASSED] - Verify element property value successfully

2023-10-16 14:19:04 - [TEST_STEP][PASSED] - verifyElementPropertyValue(getResponse, "offers[10].groups[0].pricingPlans[0].visualElements[12].value", "true"): Verify element property value successfully

2023-10-16 14:19:04 - [MESSAGE][PASSED] - Verify element property value successfully

2023-10-16 14:19:04 - [TEST_STEP][PASSED] - verifyElementPropertyValue(getResponse, "offers[10].groups[0].pricingPlans[0].pricingPlanData[0].productId", "MAR_B2C_SHAHID_VIP_1M"): Verify element property value successfully

2023-10-16 14:19:04 - [MESSAGE][PASSED] - Verify element property value successfully

2023-10-16 14:19:04 - [TEST_STEP][PASSED] - verifyElementPropertyValue(getResponse, "offers[10].groups[0].pricingPlans[0].pricingPlanData[0].paymentMethod", "CREDIT_CARD"): Verify element property value successfully

2023-10-16 14:19:04 - [MESSAGE][PASSED] - Verify element property value successfully

2023-10-16 14:19:04 - [TEST_STEP][PASSED] - verifyElementPropertyValue(getResponse, "offers[10].groups[0].pricingPlans[0].pricingPlanData[0].freeTrialEnabled", "false"): Verify element property value successfully

2023-10-16 14:19:04 - [MESSAGE][PASSED] - Verify element property value successfully

2023-10-16 14:19:04 - [TEST_STEP][PASSED] - verifyElementPropertyValue(getResponse, "offers[10].groups[0].pricingPlans[0].pricingPlanData[0].showIn[0]", "VERTICAL_MODE"): Verify element property value successfully

2023-10-16 14:19:04 - [MESSAGE][PASSED] - Verify element property value successfully

2023-10-16 14:19:04 - [TEST_STEP][PASSED] - verifyElementPropertyValue(getResponse, "offers[10].groups[0].pricingPlans[0].pricingPlanData[0].showIn[1]", "HORIZONTAL_MODE"): Verify element property value successfully

2023-10-16 14:19:04 - [MESSAGE][PASSED] - Verify element property value successfully

2023-10-16 14:19:04 - [TEST_STEP][PASSED] - verifyElementPropertyValue(getResponse, "offers[10].groups[0].pricingPlans[0].pricingPlanData[0].priceLabel", "17"): Verify element property value successfully

2023-10-16 14:19:04 - [MESSAGE][PASSED] - Verify element property value successfully

2023-10-16 14:19:04 - [TEST_STEP][PASSED] - verifyElementPropertyValue(getResponse, "offers[10].groups[0].pricingPlans[0].pricingPlanData[0].currencyLabel", "DH"): Verify element property value successfully

2023-10-16 14:19:04 - [MESSAGE][PASSED] - Verify element property value successfully

2023-10-16 14:19:04 - [TEST_STEP][PASSED] - verifyElementPropertyValue(getResponse, "offers[10].groups[0].pricingPlans[0].pricingPlanData[0].dealId", "BYG_50P_MAR"): Verify element property value successfully

2023-10-16 14:19:04 - [MESSAGE][PASSED] - Verify element property value successfully

2023-10-16 14:19:04 - [TEST_STEP][PASSED] - verifyElementPropertyValue(getResponse, "offers[10].groups[0].pricingPlans[0].pricingPlanData[0].allowedForAcquisition", "true"): Verify element property value successfully

2023-10-16 14:19:04 - [MESSAGE][PASSED] - Verify element property value successfully

2023-10-16 14:19:04 - [TEST_STEP][PASSED] - verifyElementPropertyValue(getResponse, "offers[10].groups[0].pricingPlans[0].pricingPlanData[0].visualElements[0].key", "title"): Verify element property value successfully

2023-10-16 14:19:04 - [MESSAGE][PASSED] - Verify element property value successfully

2023-10-16 14:19:04 - [TEST_STEP][PASSED] - verifyElementPropertyValue(getResponse, "offers[10].groups[0].pricingPlans[0].pricingPlanData[0].visualElements[0].value", "Carte de crÃ©dit/dÃ©bit"): Verify element property value successfully

2023-10-16 14:19:04 - [MESSAGE][PASSED] - Verify element property value successfully

2023-10-16 14:19:04 - [TEST_STEP][PASSED] - verifyElementPropertyValue(getResponse, "offers[10].groups[0].pricingPlans[0].pricingPlanData[0].visualElements[1].key", "CTA_text"): Verify element property value successfully

2023-10-16 14:19:04 - [MESSAGE][PASSED] - Verify element property value successfully

2023-10-16 14:19:04 - [TEST_STEP][PASSED] - verifyElementPropertyValue(getResponse, "offers[10].groups[0].pricingPlans[0].pricingPlanData[0].visualElements[1].value", "Sâabonner"): Verify element property value successfully

2023-10-16 14:19:04 - [MESSAGE][PASSED] - Verify element property value successfully

2023-10-16 14:19:04 - [TEST_STEP][PASSED] - verifyElementPropertyValue(getResponse, "offers[10].groups[0].pricingPlans[0].pricingPlanData[0].visualElements[2].key", "logo"): Verify element property value successfully

2023-10-16 14:19:04 - [MESSAGE][PASSED] - Verify element property value successfully

2023-10-16 14:19:04 - [TEST_STEP][PASSED] - verifyElementPropertyValue(getResponse, "offers[10].groups[0].pricingPlans[0].pricingPlanData[0].visualElements[2].value", "https://static.s3.shahid.mbc.net/widget-images/icons/iconCreditCard.png"): Verify element property value successfully

2023-10-16 14:19:04 - [MESSAGE][PASSED] - Verify element property value successfully]]></system-out>
         <system-err><![CDATA[2023-10-16 14:18:59 - [TEST_CASE][FAILED] - Test Cases/WEB - CHROME/MAR PI/WEB_FR_getOffersForMAR_VIP: Test Cases/WEB - CHROME/MAR PI/WEB_FR_getOffersForMAR_VIP FAILED.
Reason:
com.kms.katalon.core.exception.StepFailedException: Expected element property value 'Sâabonner' is not equal with actual property value 'S'abonner'
	at com.kms.katalon.core.keyword.internal.KeywordMain.stepFailed(KeywordMain.groovy:39)
	at com.kms.katalon.core.webservice.keyword.builtin.VerifyElementPropertyValueKeyword$_verifyElementPropertyValue_closure1.doCall(VerifyElementPropertyValueKeyword.groovy:56)
	at com.kms.katalon.core.webservice.keyword.builtin.VerifyElementPropertyValueKeyword$_verifyElementPropertyValue_closure1.call(VerifyElementPropertyValueKeyword.groovy)
	at com.kms.katalon.core.keyword.internal.KeywordMain.runKeyword(KeywordMain.groovy:75)
	at com.kms.katalon.core.webservice.keyword.builtin.VerifyElementPropertyValueKeyword.verifyElementPropertyValue(VerifyElementPropertyValueKeyword.groovy:48)
	at com.kms.katalon.core.webservice.keyword.builtin.VerifyElementPropertyValueKeyword.execute(VerifyElementPropertyValueKeyword.groovy:43)
	at com.kms.katalon.core.keyword.internal.KeywordExecutor.executeKeywordForPlatform(KeywordExecutor.groovy:74)
	at com.kms.katalon.core.webservice.keyword.WSBuiltInKeywords.verifyElementPropertyValue(WSBuiltInKeywords.groovy:190)
	at com.kms.katalon.core.webservice.keyword.WSBuiltInKeywords$verifyElementPropertyValue$1.call(Unknown Source)
	at WEB_FR_getOffersForMAR_VIP.run(WEB_FR_getOffersForMAR_VIP:77)
	at com.kms.katalon.core.main.ScriptEngine.run(ScriptEngine.java:194)
	at com.kms.katalon.core.main.ScriptEngine.runScriptAsRawText(ScriptEngine.java:119)
	at com.kms.katalon.core.main.TestCaseExecutor.runScript(TestCaseExecutor.java:448)
	at com.kms.katalon.core.main.TestCaseExecutor.doExecute(TestCaseExecutor.java:439)
	at com.kms.katalon.core.main.TestCaseExecutor.processExecutionPhase(TestCaseExecutor.java:418)
	at com.kms.katalon.core.main.TestCaseExecutor.accessMainPhase(TestCaseExecutor.java:410)
	at com.kms.katalon.core.main.TestCaseExecutor.execute(TestCaseExecutor.java:285)
	at com.kms.katalon.core.common.CommonExecutor.accessTestCaseMainPhase(CommonExecutor.java:65)
	at com.kms.katalon.core.main.TestSuiteExecutor.accessTestSuiteMainPhase(TestSuiteExecutor.java:148)
	at com.kms.katalon.core.main.TestSuiteExecutor.execute(TestSuiteExecutor.java:106)
	at com.kms.katalon.core.main.TestCaseMain.startTestSuite(TestCaseMain.java:187)
	at com.kms.katalon.core.main.TestCaseMain$startTestSuite$0.call(Unknown Source)
	at TempTestSuite1697454219692.run(TempTestSuite1697454219692.groovy:36)]]></system-err>
      </testcase>
      <system-out><![CDATA[2023-10-16 14:18:29 - [TEST_SUITE][FAILED] - MAR: Test Cases/WEB - CHROME/MAR PI/WEB_EN_getSubscriptionConfigForMAR_Imagine FAILED.
Reason:
com.kms.katalon.core.exception.StepFailedException: Expected element property value 'Other Payment Methods' is not equal with actual property value 'Other payment methods'
	at com.kms.katalon.core.keyword.internal.KeywordMain.stepFailed(KeywordMain.groovy:39)
	at com.kms.katalon.core.webservice.keyword.builtin.VerifyElementPropertyValueKeyword$_verifyElementPropertyValue_closure1.doCall(VerifyElementPropertyValueKeyword.groovy:56)
	at com.kms.katalon.core.webservice.keyword.builtin.VerifyElementPropertyValueKeyword$_verifyElementPropertyValue_closure1.call(VerifyElementPropertyValueKeyword.groovy)
	at com.kms.katalon.core.keyword.internal.KeywordMain.runKeyword(KeywordMain.groovy:75)
	at com.kms.katalon.core.webservice.keyword.builtin.VerifyElementPropertyValueKeyword.verifyElementPropertyValue(VerifyElementPropertyValueKeyword.groovy:48)
	at com.kms.katalon.core.webservice.keyword.builtin.VerifyElementPropertyValueKeyword.execute(VerifyElementPropertyValueKeyword.groovy:43)
	at com.kms.katalon.core.keyword.internal.KeywordExecutor.executeKeywordForPlatform(KeywordExecutor.groovy:74)
	at com.kms.katalon.core.webservice.keyword.WSBuiltInKeywords.verifyElementPropertyValue(WSBuiltInKeywords.groovy:190)
	at com.kms.katalon.core.webservice.keyword.WSBuiltInKeywords$verifyElementPropertyValue$1.call(Unknown Source)
	at WEB_EN_getSubscriptionConfigForMAR_Imagine.run(WEB_EN_getSubscriptionConfigForMAR_Imagine:150)
	at com.kms.katalon.core.main.ScriptEngine.run(ScriptEngine.java:194)
	at com.kms.katalon.core.main.ScriptEngine.runScriptAsRawText(ScriptEngine.java:119)
	at com.kms.katalon.core.main.TestCaseExecutor.runScript(TestCaseExecutor.java:448)
	at com.kms.katalon.core.main.TestCaseExecutor.doExecute(TestCaseExecutor.java:439)
	at com.kms.katalon.core.main.TestCaseExecutor.processExecutionPhase(TestCaseExecutor.java:418)
	at com.kms.katalon.core.main.TestCaseExecutor.accessMainPhase(TestCaseExecutor.java:410)
	at com.kms.katalon.core.main.TestCaseExecutor.execute(TestCaseExecutor.java:285)
	at com.kms.katalon.core.common.CommonExecutor.accessTestCaseMainPhase(CommonExecutor.java:65)
	at com.kms.katalon.core.main.TestSuiteExecutor.accessTestSuiteMainPhase(TestSuiteExecutor.java:148)
	at com.kms.katalon.core.main.TestSuiteExecutor.execute(TestSuiteExecutor.java:106)
	at com.kms.katalon.core.main.TestCaseMain.startTestSuite(TestCaseMain.java:187)
	at com.kms.katalon.core.main.TestCaseMain$startTestSuite$0.call(Unknown Source)
	at TempTestSuite1697454219692.run(TempTestSuite1697454219692.groovy:36)]]></system-out>
      <system-err><![CDATA[2023-10-16 14:18:29 - [TEST_SUITE][FAILED] - MAR: Test Cases/WEB - CHROME/MAR PI/WEB_EN_getSubscriptionConfigForMAR_Imagine FAILED.
Reason:
com.kms.katalon.core.exception.StepFailedException: Expected element property value 'Other Payment Methods' is not equal with actual property value 'Other payment methods'
	at com.kms.katalon.core.keyword.internal.KeywordMain.stepFailed(KeywordMain.groovy:39)
	at com.kms.katalon.core.webservice.keyword.builtin.VerifyElementPropertyValueKeyword$_verifyElementPropertyValue_closure1.doCall(VerifyElementPropertyValueKeyword.groovy:56)
	at com.kms.katalon.core.webservice.keyword.builtin.VerifyElementPropertyValueKeyword$_verifyElementPropertyValue_closure1.call(VerifyElementPropertyValueKeyword.groovy)
	at com.kms.katalon.core.keyword.internal.KeywordMain.runKeyword(KeywordMain.groovy:75)
	at com.kms.katalon.core.webservice.keyword.builtin.VerifyElementPropertyValueKeyword.verifyElementPropertyValue(VerifyElementPropertyValueKeyword.groovy:48)
	at com.kms.katalon.core.webservice.keyword.builtin.VerifyElementPropertyValueKeyword.execute(VerifyElementPropertyValueKeyword.groovy:43)
	at com.kms.katalon.core.keyword.internal.KeywordExecutor.executeKeywordForPlatform(KeywordExecutor.groovy:74)
	at com.kms.katalon.core.webservice.keyword.WSBuiltInKeywords.verifyElementPropertyValue(WSBuiltInKeywords.groovy:190)
	at com.kms.katalon.core.webservice.keyword.WSBuiltInKeywords$verifyElementPropertyValue$1.call(Unknown Source)
	at WEB_EN_getSubscriptionConfigForMAR_Imagine.run(WEB_EN_getSubscriptionConfigForMAR_Imagine:150)
	at com.kms.katalon.core.main.ScriptEngine.run(ScriptEngine.java:194)
	at com.kms.katalon.core.main.ScriptEngine.runScriptAsRawText(ScriptEngine.java:119)
	at com.kms.katalon.core.main.TestCaseExecutor.runScript(TestCaseExecutor.java:448)
	at com.kms.katalon.core.main.TestCaseExecutor.doExecute(TestCaseExecutor.java:439)
	at com.kms.katalon.core.main.TestCaseExecutor.processExecutionPhase(TestCaseExecutor.java:418)
	at com.kms.katalon.core.main.TestCaseExecutor.accessMainPhase(TestCaseExecutor.java:410)
	at com.kms.katalon.core.main.TestCaseExecutor.execute(TestCaseExecutor.java:285)
	at com.kms.katalon.core.common.CommonExecutor.accessTestCaseMainPhase(CommonExecutor.java:65)
	at com.kms.katalon.core.main.TestSuiteExecutor.accessTestSuiteMainPhase(TestSuiteExecutor.java:148)
	at com.kms.katalon.core.main.TestSuiteExecutor.execute(TestSuiteExecutor.java:106)
	at com.kms.katalon.core.main.TestCaseMain.startTestSuite(TestCaseMain.java:187)
	at com.kms.katalon.core.main.TestCaseMain$startTestSuite$0.call(Unknown Source)
	at TempTestSuite1697454219692.run(TempTestSuite1697454219692.groovy:36)]]></system-err>
   </testsuite>
</testsuites>
