<?xml version="1.0" encoding="UTF-8"?>
<testsuites name="EGY" time="36.097" tests="10" failures="6" errors="0">
   <testsuite name="EGY" tests="10" failures="6" errors="0" time="36.097" skipped="0" timestamp="2023-10-16 14:12:22" hostname="admin - 10.109.12.148" id="Test Suites/WEB/EGY">
      <properties>
         <property name="deviceName" value=""/>
         <property name="devicePlatform" value=""/>
         <property name="logFolder" value="/Users/admin/git/shahid-configuration/Reports/20231016_140310/WEB/EGY/20231016_140325"/>
         <property name="logFiles" value="/Users/admin/git/shahid-configuration/Reports/20231016_140310/WEB/EGY/20231016_140325/execution0.log"/>
         <property name="attachments" value=""/>
         <property name="hostName" value="admin - 10.109.12.148"/>
         <property name="hostAddress" value="10.109.12.148"/>
         <property name="os" value="Mac OS X 64bit"/>
         <property name="katalonVersion" value="8.6.6.208"/>
      </properties>
      <testcase name="Test Cases/WEB - CHROME/EGY PI/WEB_EN_getSubscriptionConfigForEGY_Imagine" time="3.422" classname="Test Cases/WEB - CHROME/EGY PI/WEB_EN_getSubscriptionConfigForEGY_Imagine" status="FAILED">
         <failure type="FAILED" message="Test Cases/WEB - CHROME/EGY PI/WEB_EN_getSubscriptionConfigForEGY_Imagine FAILED.
Reason:
com.kms.katalon.core.exception.StepFailedException: Expected element property value '163.33 EGP / month' is not equal with actual property value '163.33 EGP/ month'
	at com.kms.katalon.core.keyword.internal.KeywordMain.stepFailed(KeywordMain.groovy:39)
	at com.kms.katalon.core.webservice.keyword.builtin.VerifyElementPropertyValueKeyword$_verifyElementPropertyValue_closure1.doCall(VerifyElementPropertyValueKeyword.groovy:56)
	at com.kms.katalon.core.webservice.keyword.builtin.VerifyElementPropertyValueKeyword$_verifyElementPropertyValue_closure1.call(VerifyElementPropertyValueKeyword.groovy)
	at com.kms.katalon.core.keyword.internal.KeywordMain.runKeyword(KeywordMain.groovy:75)
	at com.kms.katalon.core.webservice.keyword.builtin.VerifyElementPropertyValueKeyword.verifyElementPropertyValue(VerifyElementPropertyValueKeyword.groovy:48)
	at com.kms.katalon.core.webservice.keyword.builtin.VerifyElementPropertyValueKeyword.execute(VerifyElementPropertyValueKeyword.groovy:43)
	at com.kms.katalon.core.keyword.internal.KeywordExecutor.executeKeywordForPlatform(KeywordExecutor.groovy:74)
	at com.kms.katalon.core.webservice.keyword.WSBuiltInKeywords.verifyElementPropertyValue(WSBuiltInKeywords.groovy:190)
	at com.kms.katalon.core.webservice.keyword.WSBuiltInKeywords$verifyElementPropertyValue$1.call(Unknown Source)
	at WEB_EN_getSubscriptionConfigForEGY_Imagine.run(WEB_EN_getSubscriptionConfigForEGY_Imagine:106)
	at com.kms.katalon.core.main.ScriptEngine.run(ScriptEngine.java:194)
	at com.kms.katalon.core.main.ScriptEngine.runScriptAsRawText(ScriptEngine.java:119)
	at com.kms.katalon.core.main.TestCaseExecutor.runScript(TestCaseExecutor.java:448)
	at com.kms.katalon.core.main.TestCaseExecutor.doExecute(TestCaseExecutor.java:439)
	at com.kms.katalon.core.main.TestCaseExecutor.processExecutionPhase(TestCaseExecutor.java:418)
	at com.kms.katalon.core.main.TestCaseExecutor.accessMainPhase(TestCaseExecutor.java:410)
	at com.kms.katalon.core.main.TestCaseExecutor.execute(TestCaseExecutor.java:285)
	at com.kms.katalon.core.common.CommonExecutor.accessTestCaseMainPhase(CommonExecutor.java:65)
	at com.kms.katalon.core.main.TestSuiteExecutor.accessTestSuiteMainPhase(TestSuiteExecutor.java:148)
	at com.kms.katalon.core.main.TestSuiteExecutor.execute(TestSuiteExecutor.java:106)
	at com.kms.katalon.core.main.TestCaseMain.startTestSuite(TestCaseMain.java:187)
	at com.kms.katalon.core.main.TestCaseMain$startTestSuite$0.call(Unknown Source)
	at TempTestSuite1697454205358.run(TempTestSuite1697454205358.groovy:36)
"/>
         <system-out><![CDATA[2023-10-16 14:12:22 - [TEST_CASE][FAILED] - Test Cases/WEB - CHROME/EGY PI/WEB_EN_getSubscriptionConfigForEGY_Imagine: Test Cases/WEB - CHROME/EGY PI/WEB_EN_getSubscriptionConfigForEGY_Imagine FAILED.
Reason:
com.kms.katalon.core.exception.StepFailedException: Expected element property value '163.33 EGP / month' is not equal with actual property value '163.33 EGP/ month'
	at com.kms.katalon.core.keyword.internal.KeywordMain.stepFailed(KeywordMain.groovy:39)
	at com.kms.katalon.core.webservice.keyword.builtin.VerifyElementPropertyValueKeyword$_verifyElementPropertyValue_closure1.doCall(VerifyElementPropertyValueKeyword.groovy:56)
	at com.kms.katalon.core.webservice.keyword.builtin.VerifyElementPropertyValueKeyword$_verifyElementPropertyValue_closure1.call(VerifyElementPropertyValueKeyword.groovy)
	at com.kms.katalon.core.keyword.internal.KeywordMain.runKeyword(KeywordMain.groovy:75)
	at com.kms.katalon.core.webservice.keyword.builtin.VerifyElementPropertyValueKeyword.verifyElementPropertyValue(VerifyElementPropertyValueKeyword.groovy:48)
	at com.kms.katalon.core.webservice.keyword.builtin.VerifyElementPropertyValueKeyword.execute(VerifyElementPropertyValueKeyword.groovy:43)
	at com.kms.katalon.core.keyword.internal.KeywordExecutor.executeKeywordForPlatform(KeywordExecutor.groovy:74)
	at com.kms.katalon.core.webservice.keyword.WSBuiltInKeywords.verifyElementPropertyValue(WSBuiltInKeywords.groovy:190)
	at com.kms.katalon.core.webservice.keyword.WSBuiltInKeywords$verifyElementPropertyValue$1.call(Unknown Source)
	at WEB_EN_getSubscriptionConfigForEGY_Imagine.run(WEB_EN_getSubscriptionConfigForEGY_Imagine:106)
	at com.kms.katalon.core.main.ScriptEngine.run(ScriptEngine.java:194)
	at com.kms.katalon.core.main.ScriptEngine.runScriptAsRawText(ScriptEngine.java:119)
	at com.kms.katalon.core.main.TestCaseExecutor.runScript(TestCaseExecutor.java:448)
	at com.kms.katalon.core.main.TestCaseExecutor.doExecute(TestCaseExecutor.java:439)
	at com.kms.katalon.core.main.TestCaseExecutor.processExecutionPhase(TestCaseExecutor.java:418)
	at com.kms.katalon.core.main.TestCaseExecutor.accessMainPhase(TestCaseExecutor.java:410)
	at com.kms.katalon.core.main.TestCaseExecutor.execute(TestCaseExecutor.java:285)
	at com.kms.katalon.core.common.CommonExecutor.accessTestCaseMainPhase(CommonExecutor.java:65)
	at com.kms.katalon.core.main.TestSuiteExecutor.accessTestSuiteMainPhase(TestSuiteExecutor.java:148)
	at com.kms.katalon.core.main.TestSuiteExecutor.execute(TestSuiteExecutor.java:106)
	at com.kms.katalon.core.main.TestCaseMain.startTestSuite(TestCaseMain.java:187)
	at com.kms.katalon.core.main.TestCaseMain$startTestSuite$0.call(Unknown Source)
	at TempTestSuite1697454205358.run(TempTestSuite1697454205358.groovy:36)


2023-10-16 14:12:23 - [TEST_STEP][PASSED] - getResponse = config_files.getConfigFile.getConfig("WEB", "EN", "SHAHID_VIP_GEA", "EG", "false"): config_files.getConfigFile.getConfig is PASSED

2023-10-16 14:12:24 - [MESSAGE][INFO] - HAR: /Users/admin/git/shahid-configuration/Reports/20231016_140310/WEB/EGY/20231016_140325/requests/main/0.har

2023-10-16 14:12:24 - [MESSAGE][PASSED] - Send request successfully

2023-10-16 14:12:24 - [MESSAGE][PASSED] - config_files.getConfigFile.getConfig is PASSED

2023-10-16 14:12:24 - [TEST_STEP][PASSED] - verifyResponseStatusCode(getResponse, 200): Verify response status code successfully

2023-10-16 14:12:24 - [MESSAGE][PASSED] - Verify response status code successfully

2023-10-16 14:12:24 - [TEST_STEP][PASSED] - verifyElementPropertyValue(getResponse, "country", "EGY"): Verify element property value successfully

2023-10-16 14:12:24 - [MESSAGE][PASSED] - Verify element property value successfully

2023-10-16 14:12:24 - [TEST_STEP][PASSED] - verifyElementPropertyValue(getResponse, "platform", "[WEB]"): Verify element property value successfully

2023-10-16 14:12:24 - [MESSAGE][PASSED] - Verify element property value successfully

2023-10-16 14:12:24 - [TEST_STEP][PASSED] - verifyElementPropertyValue(getResponse, "groups[0].pricingPlans[0].featured", "true"): Verify element property value successfully

2023-10-16 14:12:24 - [MESSAGE][PASSED] - Verify element property value successfully

2023-10-16 14:12:24 - [TEST_STEP][PASSED] - verifyElementPropertyValue(getResponse, "groups[0].pricingPlans[0].packageId", "SHAHID_VIP_GEA"): Verify element property value successfully

2023-10-16 14:12:24 - [MESSAGE][PASSED] - Verify element property value successfully

2023-10-16 14:12:24 - [TEST_STEP][PASSED] - verifyElementPropertyValue(getResponse, "groups[0].pricingPlans[0].catalogId", "GEA"): Verify element property value successfully

2023-10-16 14:12:24 - [MESSAGE][PASSED] - Verify element property value successfully

2023-10-16 14:12:24 - [TEST_STEP][PASSED] - verifyElementPropertyValue(getResponse, "groups[0].pricingPlans[0].visualElements[0].key", "Header_1_text"): Verify element property value successfully

2023-10-16 14:12:24 - [MESSAGE][PASSED] - Verify element property value successfully

2023-10-16 14:12:24 - [TEST_STEP][PASSED] - verifyElementPropertyValue(getResponse, "groups[0].pricingPlans[0].visualElements[0].value", "Watch the most powerful series and movies exclusively without stopping"): Verify element property value successfully

2023-10-16 14:12:24 - [MESSAGE][PASSED] - Verify element property value successfully

2023-10-16 14:12:24 - [TEST_STEP][PASSED] - verifyElementPropertyValue(getResponse, "groups[0].pricingPlans[0].visualElements[1].key", "display_title"): Verify element property value successfully

2023-10-16 14:12:24 - [MESSAGE][PASSED] - Verify element property value successfully

2023-10-16 14:12:24 - [TEST_STEP][PASSED] - verifyElementPropertyValue(getResponse, "groups[0].pricingPlans[0].visualElements[1].value", "Monthly Plan"): Verify element property value successfully

2023-10-16 14:12:24 - [MESSAGE][PASSED] - Verify element property value successfully

2023-10-16 14:12:24 - [TEST_STEP][PASSED] - verifyElementPropertyValue(getResponse, "groups[0].pricingPlans[0].visualElements[3].key", "promo_text"): Verify element property value successfully

2023-10-16 14:12:24 - [MESSAGE][PASSED] - Verify element property value successfully

2023-10-16 14:12:24 - [TEST_STEP][PASSED] - verifyElementPropertyValue(getResponse, "groups[0].pricingPlans[0].visualElements[3].value", "174.99 EGP/ month"): Verify element property value successfully

2023-10-16 14:12:24 - [MESSAGE][PASSED] - Verify element property value successfully

2023-10-16 14:12:24 - [TEST_STEP][PASSED] - verifyElementPropertyValue(getResponse, "groups[0].pricingPlans[0].visualElements[4].key", "deduction_text"): Verify element property value successfully

2023-10-16 14:12:24 - [MESSAGE][PASSED] - Verify element property value successfully

2023-10-16 14:12:24 - [TEST_STEP][PASSED] - verifyElementPropertyValue(getResponse, "groups[0].pricingPlans[0].visualElements[4].value", "billed monthly"): Verify element property value successfully

2023-10-16 14:12:24 - [MESSAGE][PASSED] - Verify element property value successfully

2023-10-16 14:12:24 - [TEST_STEP][PASSED] - verifyElementPropertyValue(getResponse, "groups[0].pricingPlans[0].visualElements[7].key", "show_payment_logo"): Verify element property value successfully

2023-10-16 14:12:24 - [MESSAGE][PASSED] - Verify element property value successfully

2023-10-16 14:12:25 - [TEST_STEP][PASSED] - verifyElementPropertyValue(getResponse, "groups[0].pricingPlans[0].visualElements[7].value", "true"): Verify element property value successfully

2023-10-16 14:12:25 - [MESSAGE][PASSED] - Verify element property value successfully

2023-10-16 14:12:25 - [TEST_STEP][PASSED] - verifyElementPropertyValue(getResponse, "groups[0].pricingPlans[0].visualElements[8].key", "show_tag"): Verify element property value successfully

2023-10-16 14:12:25 - [MESSAGE][PASSED] - Verify element property value successfully

2023-10-16 14:12:25 - [TEST_STEP][PASSED] - verifyElementPropertyValue(getResponse, "groups[0].pricingPlans[0].visualElements[8].value", "false"): Verify element property value successfully

2023-10-16 14:12:25 - [MESSAGE][PASSED] - Verify element property value successfully

2023-10-16 14:12:25 - [TEST_STEP][PASSED] - verifyElementPropertyValue(getResponse, "groups[0].pricingPlans[0].visualElements[10].key", "price"): Verify element property value successfully

2023-10-16 14:12:25 - [MESSAGE][PASSED] - Verify element property value successfully

2023-10-16 14:12:25 - [TEST_STEP][PASSED] - verifyElementPropertyValue(getResponse, "groups[0].pricingPlans[0].visualElements[10].value", "174.99"): Verify element property value successfully

2023-10-16 14:12:25 - [MESSAGE][PASSED] - Verify element property value successfully

2023-10-16 14:12:25 - [TEST_STEP][PASSED] - verifyElementPropertyValue(getResponse, "groups[0].pricingPlans[0].visualElements[11].key", "currency"): Verify element property value successfully

2023-10-16 14:12:25 - [MESSAGE][PASSED] - Verify element property value successfully

2023-10-16 14:12:25 - [TEST_STEP][PASSED] - verifyElementPropertyValue(getResponse, "groups[0].pricingPlans[0].visualElements[11].value", "EGP"): Verify element property value successfully

2023-10-16 14:12:25 - [MESSAGE][PASSED] - Verify element property value successfully

2023-10-16 14:12:25 - [TEST_STEP][PASSED] - verifyElementPropertyValue(getResponse, "groups[0].pricingPlans[0].visualElements[12].key", "duration"): Verify element property value successfully

2023-10-16 14:12:25 - [MESSAGE][PASSED] - Verify element property value successfully

2023-10-16 14:12:25 - [TEST_STEP][PASSED] - verifyElementPropertyValue(getResponse, "groups[0].pricingPlans[0].visualElements[12].value", "Monthly"): Verify element property value successfully

2023-10-16 14:12:25 - [MESSAGE][PASSED] - Verify element property value successfully

2023-10-16 14:12:25 - [TEST_STEP][PASSED] - verifyElementPropertyValue(getResponse, "groups[0].pricingPlans[0].visualElements[13].key", "featured_tag_text"): Verify element property value successfully

2023-10-16 14:12:25 - [MESSAGE][PASSED] - Verify element property value successfully

2023-10-16 14:12:25 - [TEST_STEP][PASSED] - verifyElementPropertyValue(getResponse, "groups[0].pricingPlans[0].visualElements[13].value", "Most popular"): Verify element property value successfully

2023-10-16 14:12:25 - [MESSAGE][PASSED] - Verify element property value successfully

2023-10-16 14:12:25 - [TEST_STEP][PASSED] - verifyElementPropertyValue(getResponse, "groups[0].pricingPlans[0].order", "6"): Verify element property value successfully

2023-10-16 14:12:25 - [MESSAGE][PASSED] - Verify element property value successfully

2023-10-16 14:12:25 - [TEST_STEP][PASSED] - verifyElementPropertyValue(getResponse, "groups[0].pricingPlans[0].period", "monthly"): Verify element property value successfully

2023-10-16 14:12:25 - [MESSAGE][PASSED] - Verify element property value successfully

2023-10-16 14:12:25 - [TEST_STEP][PASSED] - verifyElementPropertyValue(getResponse, "groups[0].pricingPlans[0].price", "174.99"): Verify element property value successfully

2023-10-16 14:12:25 - [MESSAGE][PASSED] - Verify element property value successfully

2023-10-16 14:12:25 - [TEST_STEP][PASSED] - verifyElementPropertyValue(getResponse, "groups[0].pricingPlans[0].currency", "EGP"): Verify element property value successfully

2023-10-16 14:12:25 - [MESSAGE][PASSED] - Verify element property value successfully

2023-10-16 14:12:25 - [TEST_STEP][PASSED] - verifyElementPropertyValue(getResponse, "groups[0].pricingPlans[0].pricingPlanData[0].productId", "EGY_B2C_SHAHID_VIP_GEA_1M"): Verify element property value successfully

2023-10-16 14:12:25 - [MESSAGE][PASSED] - Verify element property value successfully

2023-10-16 14:12:25 - [TEST_STEP][PASSED] - verifyElementPropertyValue(getResponse, "groups[0].pricingPlans[0].pricingPlanData[0].subPricingPlanIds", "null"): Verify element property value successfully

2023-10-16 14:12:25 - [MESSAGE][PASSED] - Verify element property value successfully

2023-10-16 14:12:25 - [TEST_STEP][PASSED] - verifyElementPropertyValue(getResponse, "groups[0].pricingPlans[0].pricingPlanData[0].paymentMethod", "CREDIT_CARD"): Verify element property value successfully

2023-10-16 14:12:25 - [MESSAGE][PASSED] - Verify element property value successfully

2023-10-16 14:12:25 - [TEST_STEP][PASSED] - verifyElementPropertyValue(getResponse, "groups[0].pricingPlans[0].pricingPlanData[0].freeTrialEnabled", "false"): Verify element property value successfully

2023-10-16 14:12:25 - [MESSAGE][PASSED] - Verify element property value successfully

2023-10-16 14:12:25 - [TEST_STEP][PASSED] - verifyElementPropertyValue(getResponse, "groups[0].pricingPlans[0].pricingPlanData[0].visualElements[0].key", "title"): Verify element property value successfully

2023-10-16 14:12:25 - [MESSAGE][PASSED] - Verify element property value successfully

2023-10-16 14:12:25 - [TEST_STEP][PASSED] - verifyElementPropertyValue(getResponse, "groups[0].pricingPlans[0].pricingPlanData[0].visualElements[0].value", "Credit/Debit Card"): Verify element property value successfully

2023-10-16 14:12:25 - [MESSAGE][PASSED] - Verify element property value successfully

2023-10-16 14:12:25 - [TEST_STEP][PASSED] - verifyElementPropertyValue(getResponse, "groups[0].pricingPlans[0].pricingPlanData[0].visualElements[1].key", "CTA_text"): Verify element property value successfully

2023-10-16 14:12:25 - [MESSAGE][PASSED] - Verify element property value successfully

2023-10-16 14:12:25 - [TEST_STEP][PASSED] - verifyElementPropertyValue(getResponse, "groups[0].pricingPlans[0].pricingPlanData[0].visualElements[1].value", "Subscribe"): Verify element property value successfully

2023-10-16 14:12:25 - [MESSAGE][PASSED] - Verify element property value successfully

2023-10-16 14:12:25 - [TEST_STEP][PASSED] - verifyElementPropertyValue(getResponse, "groups[0].pricingPlans[0].pricingPlanData[0].visualElements[2].key", "logo"): Verify element property value successfully

2023-10-16 14:12:25 - [MESSAGE][PASSED] - Verify element property value successfully

2023-10-16 14:12:25 - [TEST_STEP][PASSED] - verifyElementPropertyValue(getResponse, "groups[0].pricingPlans[0].pricingPlanData[0].visualElements[2].value", "https://static.s3.shahid.mbc.net/widget-images/icons/iconCreditCard.png"): Verify element property value successfully

2023-10-16 14:12:25 - [MESSAGE][PASSED] - Verify element property value successfully

2023-10-16 14:12:25 - [TEST_STEP][PASSED] - verifyElementPropertyValue(getResponse, "groups[0].pricingPlans[0].pricingPlanData[0].priceLabel", "174.99"): Verify element property value successfully

2023-10-16 14:12:25 - [MESSAGE][PASSED] - Verify element property value successfully

2023-10-16 14:12:25 - [TEST_STEP][PASSED] - verifyElementPropertyValue(getResponse, "groups[0].pricingPlans[0].pricingPlanData[0].currencyLabel", "EGP"): Verify element property value successfully

2023-10-16 14:12:25 - [MESSAGE][PASSED] - Verify element property value successfully

2023-10-16 14:12:25 - [TEST_STEP][PASSED] - verifyElementPropertyValue(getResponse, "groups[0].pricingPlans[1].featured", "false"): Verify element property value successfully

2023-10-16 14:12:25 - [MESSAGE][PASSED] - Verify element property value successfully

2023-10-16 14:12:25 - [TEST_STEP][PASSED] - verifyElementPropertyValue(getResponse, "groups[0].pricingPlans[1].liteRegistrationEnabled", "false"): Verify element property value successfully

2023-10-16 14:12:25 - [MESSAGE][PASSED] - Verify element property value successfully

2023-10-16 14:12:25 - [TEST_STEP][PASSED] - verifyElementPropertyValue(getResponse, "groups[0].pricingPlans[1].period", "quarterly"): Verify element property value successfully

2023-10-16 14:12:25 - [MESSAGE][PASSED] - Verify element property value successfully

2023-10-16 14:12:25 - [TEST_STEP][PASSED] - verifyElementPropertyValue(getResponse, "groups[0].pricingPlans[1].packageName", "quarterly"): Verify element property value successfully

2023-10-16 14:12:25 - [MESSAGE][PASSED] - Verify element property value successfully

2023-10-16 14:12:25 - [TEST_STEP][PASSED] - verifyElementPropertyValue(getResponse, "groups[0].pricingPlans[1].price", "489.99"): Verify element property value successfully

2023-10-16 14:12:25 - [MESSAGE][PASSED] - Verify element property value successfully

2023-10-16 14:12:25 - [TEST_STEP][PASSED] - verifyElementPropertyValue(getResponse, "groups[0].pricingPlans[1].currency", "EGP"): Verify element property value successfully

2023-10-16 14:12:25 - [MESSAGE][PASSED] - Verify element property value successfully

2023-10-16 14:12:25 - [TEST_STEP][PASSED] - verifyElementPropertyValue(getResponse, "groups[0].pricingPlans[1].order", "6"): Verify element property value successfully

2023-10-16 14:12:25 - [MESSAGE][PASSED] - Verify element property value successfully

2023-10-16 14:12:25 - [TEST_STEP][PASSED] - verifyElementPropertyValue(getResponse, "groups[0].pricingPlans[1].packageId", "SHAHID_VIP_GEA"): Verify element property value successfully

2023-10-16 14:12:25 - [MESSAGE][PASSED] - Verify element property value successfully

2023-10-16 14:12:25 - [TEST_STEP][PASSED] - verifyElementPropertyValue(getResponse, "groups[0].pricingPlans[1].catalogId", "GEA"): Verify element property value successfully

2023-10-16 14:12:25 - [MESSAGE][PASSED] - Verify element property value successfully

2023-10-16 14:12:25 - [TEST_STEP][PASSED] - verifyElementPropertyValue(getResponse, "groups[0].pricingPlans[1].visualElements[0].key", "Header_1_text"): Verify element property value successfully

2023-10-16 14:12:25 - [MESSAGE][PASSED] - Verify element property value successfully

2023-10-16 14:12:25 - [TEST_STEP][PASSED] - verifyElementPropertyValue(getResponse, "groups[0].pricingPlans[1].visualElements[0].value", "Watch the most powerful series and movies exclusively without stopping"): Verify element property value successfully

2023-10-16 14:12:25 - [MESSAGE][PASSED] - Verify element property value successfully

2023-10-16 14:12:25 - [TEST_STEP][PASSED] - verifyElementPropertyValue(getResponse, "groups[0].pricingPlans[1].visualElements[1].key", "display_title"): Verify element property value successfully

2023-10-16 14:12:25 - [MESSAGE][PASSED] - Verify element property value successfully

2023-10-16 14:12:25 - [TEST_STEP][PASSED] - verifyElementPropertyValue(getResponse, "groups[0].pricingPlans[1].visualElements[1].value", "3-Month Plan"): Verify element property value successfully

2023-10-16 14:12:25 - [MESSAGE][PASSED] - Verify element property value successfully

2023-10-16 14:12:25 - [TEST_STEP][PASSED] - verifyElementPropertyValue(getResponse, "groups[0].pricingPlans[1].visualElements[2].key", "promo_text"): Verify element property value successfully

2023-10-16 14:12:25 - [MESSAGE][PASSED] - Verify element property value successfully

2023-10-16 14:12:25 - [TEST_STEP][FAILED] - verifyElementPropertyValue(getResponse, "groups[0].pricingPlans[1].visualElements[2].value", "163.33 EGP / month"): Expected element property value '163.33 EGP / month' is not equal with actual property value '163.33 EGP/ month'

2023-10-16 14:12:25 - [MESSAGE][FAILED] - Expected element property value '163.33 EGP / month' is not equal with actual property value '163.33 EGP/ month'

2023-10-16 14:12:25 - [TEST_STEP][PASSED] - verifyElementPropertyValue(getResponse, "groups[0].pricingPlans[1].visualElements[3].key", "deduction_text"): Verify element property value successfully

2023-10-16 14:12:25 - [MESSAGE][PASSED] - Verify element property value successfully

2023-10-16 14:12:25 - [TEST_STEP][PASSED] - verifyElementPropertyValue(getResponse, "groups[0].pricingPlans[1].visualElements[3].value", "489.99 EGP billed every 3 months"): Verify element property value successfully

2023-10-16 14:12:25 - [MESSAGE][PASSED] - Verify element property value successfully

2023-10-16 14:12:25 - [TEST_STEP][PASSED] - verifyElementPropertyValue(getResponse, "groups[0].pricingPlans[1].visualElements[6].key", "show_payment_logo"): Verify element property value successfully

2023-10-16 14:12:25 - [MESSAGE][PASSED] - Verify element property value successfully

2023-10-16 14:12:25 - [TEST_STEP][PASSED] - verifyElementPropertyValue(getResponse, "groups[0].pricingPlans[1].visualElements[6].value", "true"): Verify element property value successfully

2023-10-16 14:12:25 - [MESSAGE][PASSED] - Verify element property value successfully

2023-10-16 14:12:25 - [TEST_STEP][PASSED] - verifyElementPropertyValue(getResponse, "groups[0].pricingPlans[1].visualElements[7].key", "show_tag"): Verify element property value successfully

2023-10-16 14:12:25 - [MESSAGE][PASSED] - Verify element property value successfully

2023-10-16 14:12:25 - [TEST_STEP][FAILED] - verifyElementPropertyValue(getResponse, "groups[0].pricingPlans[1].visualElements[7].value", "false"): Expected element property value 'false' is not equal with actual property value 'true'

2023-10-16 14:12:25 - [MESSAGE][FAILED] - Expected element property value 'false' is not equal with actual property value 'true'

2023-10-16 14:12:25 - [TEST_STEP][PASSED] - verifyElementPropertyValue(getResponse, "groups[0].pricingPlans[1].visualElements[9].key", "price"): Verify element property value successfully

2023-10-16 14:12:25 - [MESSAGE][PASSED] - Verify element property value successfully

2023-10-16 14:12:25 - [TEST_STEP][PASSED] - verifyElementPropertyValue(getResponse, "groups[0].pricingPlans[1].visualElements[9].value", "489.99"): Verify element property value successfully

2023-10-16 14:12:25 - [MESSAGE][PASSED] - Verify element property value successfully

2023-10-16 14:12:25 - [TEST_STEP][PASSED] - verifyElementPropertyValue(getResponse, "groups[0].pricingPlans[1].visualElements[10].key", "currency"): Verify element property value successfully

2023-10-16 14:12:25 - [MESSAGE][PASSED] - Verify element property value successfully

2023-10-16 14:12:25 - [TEST_STEP][PASSED] - verifyElementPropertyValue(getResponse, "groups[0].pricingPlans[1].visualElements[10].value", "EGP"): Verify element property value successfully

2023-10-16 14:12:25 - [MESSAGE][PASSED] - Verify element property value successfully

2023-10-16 14:12:25 - [TEST_STEP][PASSED] - verifyElementPropertyValue(getResponse, "groups[0].pricingPlans[1].visualElements[11].key", "duration"): Verify element property value successfully

2023-10-16 14:12:25 - [MESSAGE][PASSED] - Verify element property value successfully

2023-10-16 14:12:25 - [TEST_STEP][PASSED] - verifyElementPropertyValue(getResponse, "groups[0].pricingPlans[1].visualElements[11].value", "Quarterly"): Verify element property value successfully

2023-10-16 14:12:25 - [MESSAGE][PASSED] - Verify element property value successfully

2023-10-16 14:12:25 - [TEST_STEP][FAILED] - verifyElementPropertyValue(getResponse, "groups[0].pricingPlans[1].visualElements[11].key", "tag_text"): Expected element property value 'tag_text' is not equal with actual property value 'duration'

2023-10-16 14:12:25 - [MESSAGE][FAILED] - Expected element property value 'tag_text' is not equal with actual property value 'duration'

2023-10-16 14:12:25 - [TEST_STEP][FAILED] - verifyElementPropertyValue(getResponse, "groups[0].pricingPlans[1].visualElements[11].value", "Save 7%"): Expected element property value 'Save 7%' is not equal with actual property value 'Quarterly'

2023-10-16 14:12:25 - [MESSAGE][FAILED] - Expected element property value 'Save 7%' is not equal with actual property value 'Quarterly'

2023-10-16 14:12:25 - [TEST_STEP][PASSED] - verifyElementPropertyValue(getResponse, "groups[0].pricingPlans[1].pricingPlanData[0].pricingPlanId", "f1"): Verify element property value successfully

2023-10-16 14:12:25 - [MESSAGE][PASSED] - Verify element property value successfully

2023-10-16 14:12:25 - [TEST_STEP][PASSED] - verifyElementPropertyValue(getResponse, "groups[0].pricingPlans[1].pricingPlanData[0].productId", "EGY_B2C_SHAHID_VIP_GEA_3M"): Verify element property value successfully

2023-10-16 14:12:25 - [MESSAGE][PASSED] - Verify element property value successfully

2023-10-16 14:12:25 - [TEST_STEP][PASSED] - verifyElementPropertyValue(getResponse, "groups[0].pricingPlans[1].pricingPlanData[0].paymentMethod", "CASH_PAY"): Verify element property value successfully

2023-10-16 14:12:25 - [MESSAGE][PASSED] - Verify element property value successfully

2023-10-16 14:12:25 - [TEST_STEP][PASSED] - verifyElementPropertyValue(getResponse, "groups[0].pricingPlans[1].pricingPlanData[0].numberOfDay", "7"): Verify element property value successfully

2023-10-16 14:12:25 - [MESSAGE][PASSED] - Verify element property value successfully

2023-10-16 14:12:25 - [TEST_STEP][PASSED] - verifyElementPropertyValue(getResponse, "groups[0].pricingPlans[1].pricingPlanData[0].freeTrialEnabled", "false"): Verify element property value successfully

2023-10-16 14:12:25 - [MESSAGE][PASSED] - Verify element property value successfully

2023-10-16 14:12:25 - [TEST_STEP][PASSED] - verifyElementPropertyValue(getResponse, "groups[0].pricingPlans[1].pricingPlanData[0].priceLabel", "489.99"): Verify element property value successfully

2023-10-16 14:12:25 - [MESSAGE][PASSED] - Verify element property value successfully

2023-10-16 14:12:25 - [TEST_STEP][PASSED] - verifyElementPropertyValue(getResponse, "groups[0].pricingPlans[1].pricingPlanData[0].currencyLabel", "EGP"): Verify element property value successfully

2023-10-16 14:12:25 - [MESSAGE][PASSED] - Verify element property value successfully

2023-10-16 14:12:25 - [TEST_STEP][PASSED] - verifyElementPropertyValue(getResponse, "groups[0].pricingPlans[1].pricingPlanData[0].oneTimeCharge", "false"): Verify element property value successfully

2023-10-16 14:12:25 - [MESSAGE][PASSED] - Verify element property value successfully

2023-10-16 14:12:25 - [TEST_STEP][PASSED] - verifyElementPropertyValue(getResponse, "groups[0].pricingPlans[1].pricingPlanData[0].renewalDays", "0"): Verify element property value successfully

2023-10-16 14:12:25 - [MESSAGE][PASSED] - Verify element property value successfully

2023-10-16 14:12:25 - [TEST_STEP][PASSED] - verifyElementPropertyValue(getResponse, "groups[0].pricingPlans[1].pricingPlanData[0].allowedForAcquisition", "true"): Verify element property value successfully

2023-10-16 14:12:25 - [MESSAGE][PASSED] - Verify element property value successfully

2023-10-16 14:12:25 - [TEST_STEP][PASSED] - verifyElementPropertyValue(getResponse, "groups[0].pricingPlans[1].pricingPlanData[0].showIn[0]", "VERTICAL_MODE"): Verify element property value successfully

2023-10-16 14:12:25 - [MESSAGE][PASSED] - Verify element property value successfully

2023-10-16 14:12:25 - [TEST_STEP][PASSED] - verifyElementPropertyValue(getResponse, "groups[0].pricingPlans[1].pricingPlanData[0].showIn[1]", "HORIZONTAL_MODE"): Verify element property value successfully

2023-10-16 14:12:25 - [MESSAGE][PASSED] - Verify element property value successfully

2023-10-16 14:12:25 - [TEST_STEP][PASSED] - verifyElementPropertyValue(getResponse, "groups[0].pricingPlans[1].pricingPlanData[0].visualElements[0].key", "title"): Verify element property value successfully

2023-10-16 14:12:25 - [MESSAGE][PASSED] - Verify element property value successfully

2023-10-16 14:12:25 - [TEST_STEP][PASSED] - verifyElementPropertyValue(getResponse, "groups[0].pricingPlans[1].pricingPlanData[0].visualElements[0].value", "Pay Cash"): Verify element property value successfully

2023-10-16 14:12:25 - [MESSAGE][PASSED] - Verify element property value successfully

2023-10-16 14:12:25 - [TEST_STEP][PASSED] - verifyElementPropertyValue(getResponse, "groups[0].pricingPlans[1].pricingPlanData[0].visualElements[1].key", "CTA_text"): Verify element property value successfully

2023-10-16 14:12:25 - [MESSAGE][PASSED] - Verify element property value successfully

2023-10-16 14:12:25 - [TEST_STEP][PASSED] - verifyElementPropertyValue(getResponse, "groups[0].pricingPlans[1].pricingPlanData[0].visualElements[1].value", "Subscribe"): Verify element property value successfully

2023-10-16 14:12:25 - [MESSAGE][PASSED] - Verify element property value successfully

2023-10-16 14:12:25 - [TEST_STEP][PASSED] - verifyElementPropertyValue(getResponse, "groups[0].pricingPlans[1].pricingPlanData[0].visualElements[2].key", "logo"): Verify element property value successfully

2023-10-16 14:12:25 - [MESSAGE][PASSED] - Verify element property value successfully

2023-10-16 14:12:25 - [TEST_STEP][PASSED] - verifyElementPropertyValue(getResponse, "groups[0].pricingPlans[1].pricingPlanData[0].visualElements[2].value", "https://shahid-static.s3.us-east-1.amazonaws.com/widget-images/carriers/fawry2.svg"): Verify element property value successfully

2023-10-16 14:12:25 - [MESSAGE][PASSED] - Verify element property value successfully

2023-10-16 14:12:25 - [TEST_STEP][PASSED] - verifyElementPropertyValue(getResponse, "groups[0].pricingPlans[2].featured", "false"): Verify element property value successfully

2023-10-16 14:12:25 - [MESSAGE][PASSED] - Verify element property value successfully

2023-10-16 14:12:25 - [TEST_STEP][PASSED] - verifyElementPropertyValue(getResponse, "groups[0].pricingPlans[2].packageId", "SHAHID_VIP_GEA"): Verify element property value successfully

2023-10-16 14:12:25 - [MESSAGE][PASSED] - Verify element property value successfully

2023-10-16 14:12:25 - [TEST_STEP][PASSED] - verifyElementPropertyValue(getResponse, "groups[0].pricingPlans[2].catalogId", "GEA"): Verify element property value successfully

2023-10-16 14:12:25 - [MESSAGE][PASSED] - Verify element property value successfully

2023-10-16 14:12:25 - [TEST_STEP][PASSED] - verifyElementPropertyValue(getResponse, "groups[0].pricingPlans[2].order", "8"): Verify element property value successfully

2023-10-16 14:12:25 - [MESSAGE][PASSED] - Verify element property value successfully

2023-10-16 14:12:25 - [TEST_STEP][PASSED] - verifyElementPropertyValue(getResponse, "groups[0].pricingPlans[2].period", "yearly"): Verify element property value successfully

2023-10-16 14:12:25 - [MESSAGE][PASSED] - Verify element property value successfully

2023-10-16 14:12:25 - [TEST_STEP][PASSED] - verifyElementPropertyValue(getResponse, "groups[0].pricingPlans[2].price", "1759.99"): Verify element property value successfully

2023-10-16 14:12:25 - [MESSAGE][PASSED] - Verify element property value successfully

2023-10-16 14:12:25 - [TEST_STEP][PASSED] - verifyElementPropertyValue(getResponse, "groups[0].pricingPlans[2].currency", "EGP"): Verify element property value successfully

2023-10-16 14:12:25 - [MESSAGE][PASSED] - Verify element property value successfully

2023-10-16 14:12:25 - [TEST_STEP][PASSED] - verifyElementPropertyValue(getResponse, "groups[0].pricingPlans[2].visualElements[0].key", "Header_1_text"): Verify element property value successfully

2023-10-16 14:12:25 - [MESSAGE][PASSED] - Verify element property value successfully

2023-10-16 14:12:25 - [TEST_STEP][PASSED] - verifyElementPropertyValue(getResponse, "groups[0].pricingPlans[2].visualElements[0].value", "Watch the most powerful series and movies exclusively without stopping"): Verify element property value successfully

2023-10-16 14:12:25 - [MESSAGE][PASSED] - Verify element property value successfully

2023-10-16 14:12:25 - [TEST_STEP][PASSED] - verifyElementPropertyValue(getResponse, "groups[0].pricingPlans[2].visualElements[1].key", "display_title"): Verify element property value successfully

2023-10-16 14:12:25 - [MESSAGE][PASSED] - Verify element property value successfully

2023-10-16 14:12:25 - [TEST_STEP][PASSED] - verifyElementPropertyValue(getResponse, "groups[0].pricingPlans[2].visualElements[1].value", "Annual Plan"): Verify element property value successfully

2023-10-16 14:12:25 - [MESSAGE][PASSED] - Verify element property value successfully

2023-10-16 14:12:25 - [TEST_STEP][PASSED] - verifyElementPropertyValue(getResponse, "groups[0].pricingPlans[2].visualElements[2].key", "tag_text"): Verify element property value successfully

2023-10-16 14:12:25 - [MESSAGE][PASSED] - Verify element property value successfully

2023-10-16 14:12:25 - [TEST_STEP][FAILED] - verifyElementPropertyValue(getResponse, "groups[0].pricingPlans[2].visualElements[2].value", "SSave 16%"): Expected element property value 'SSave 16%' is not equal with actual property value 'Save 16%'

2023-10-16 14:12:25 - [MESSAGE][FAILED] - Expected element property value 'SSave 16%' is not equal with actual property value 'Save 16%'

2023-10-16 14:12:25 - [TEST_STEP][PASSED] - verifyElementPropertyValue(getResponse, "groups[0].pricingPlans[2].visualElements[3].key", "promo_text"): Verify element property value successfully

2023-10-16 14:12:25 - [MESSAGE][PASSED] - Verify element property value successfully

2023-10-16 14:12:25 - [TEST_STEP][PASSED] - verifyElementPropertyValue(getResponse, "groups[0].pricingPlans[2].visualElements[3].value", "146.66 EGP/ month"): Verify element property value successfully

2023-10-16 14:12:25 - [MESSAGE][PASSED] - Verify element property value successfully

2023-10-16 14:12:25 - [TEST_STEP][PASSED] - verifyElementPropertyValue(getResponse, "groups[0].pricingPlans[2].visualElements[4].key", "deduction_text"): Verify element property value successfully

2023-10-16 14:12:25 - [MESSAGE][PASSED] - Verify element property value successfully

2023-10-16 14:12:25 - [TEST_STEP][PASSED] - verifyElementPropertyValue(getResponse, "groups[0].pricingPlans[2].visualElements[4].value", "1759.99 EGP billed every year"): Verify element property value successfully

2023-10-16 14:12:25 - [MESSAGE][PASSED] - Verify element property value successfully

2023-10-16 14:12:25 - [TEST_STEP][PASSED] - verifyElementPropertyValue(getResponse, "groups[0].pricingPlans[2].visualElements[7].key", "show_payment_logo"): Verify element property value successfully

2023-10-16 14:12:25 - [MESSAGE][PASSED] - Verify element property value successfully

2023-10-16 14:12:25 - [TEST_STEP][PASSED] - verifyElementPropertyValue(getResponse, "groups[0].pricingPlans[2].visualElements[7].value", "true"): Verify element property value successfully

2023-10-16 14:12:25 - [MESSAGE][PASSED] - Verify element property value successfully

2023-10-16 14:12:25 - [TEST_STEP][PASSED] - verifyElementPropertyValue(getResponse, "groups[0].pricingPlans[2].visualElements[8].key", "show_tag"): Verify element property value successfully

2023-10-16 14:12:25 - [MESSAGE][PASSED] - Verify element property value successfully

2023-10-16 14:12:25 - [TEST_STEP][PASSED] - verifyElementPropertyValue(getResponse, "groups[0].pricingPlans[2].visualElements[8].value", "true"): Verify element property value successfully

2023-10-16 14:12:25 - [MESSAGE][PASSED] - Verify element property value successfully

2023-10-16 14:12:25 - [TEST_STEP][PASSED] - verifyElementPropertyValue(getResponse, "groups[0].pricingPlans[2].visualElements[10].key", "price"): Verify element property value successfully

2023-10-16 14:12:25 - [MESSAGE][PASSED] - Verify element property value successfully

2023-10-16 14:12:25 - [TEST_STEP][PASSED] - verifyElementPropertyValue(getResponse, "groups[0].pricingPlans[2].visualElements[10].value", "1759.99"): Verify element property value successfully

2023-10-16 14:12:26 - [MESSAGE][PASSED] - Verify element property value successfully

2023-10-16 14:12:26 - [TEST_STEP][PASSED] - verifyElementPropertyValue(getResponse, "groups[0].pricingPlans[2].visualElements[11].key", "currency"): Verify element property value successfully

2023-10-16 14:12:26 - [MESSAGE][PASSED] - Verify element property value successfully

2023-10-16 14:12:26 - [TEST_STEP][PASSED] - verifyElementPropertyValue(getResponse, "groups[0].pricingPlans[2].visualElements[11].value", "EGP"): Verify element property value successfully

2023-10-16 14:12:26 - [MESSAGE][PASSED] - Verify element property value successfully

2023-10-16 14:12:26 - [TEST_STEP][PASSED] - verifyElementPropertyValue(getResponse, "groups[0].pricingPlans[2].visualElements[12].key", "duration"): Verify element property value successfully

2023-10-16 14:12:26 - [MESSAGE][PASSED] - Verify element property value successfully

2023-10-16 14:12:26 - [TEST_STEP][PASSED] - verifyElementPropertyValue(getResponse, "groups[0].pricingPlans[2].visualElements[12].value", "yearly"): Verify element property value successfully

2023-10-16 14:12:26 - [MESSAGE][PASSED] - Verify element property value successfully

2023-10-16 14:12:26 - [TEST_STEP][PASSED] - verifyElementPropertyValue(getResponse, "groups[0].pricingPlans[2].pricingPlanData[0].productId", "EGY_B2C_SHAHID_VIP_GEA_12M"): Verify element property value successfully

2023-10-16 14:12:26 - [MESSAGE][PASSED] - Verify element property value successfully

2023-10-16 14:12:26 - [TEST_STEP][PASSED] - verifyElementPropertyValue(getResponse, "groups[0].pricingPlans[2].pricingPlanData[0].subPricingPlanIds", "null"): Verify element property value successfully

2023-10-16 14:12:26 - [MESSAGE][PASSED] - Verify element property value successfully

2023-10-16 14:12:26 - [TEST_STEP][PASSED] - verifyElementPropertyValue(getResponse, "groups[0].pricingPlans[2].pricingPlanData[0].paymentMethod", "CREDIT_CARD"): Verify element property value successfully

2023-10-16 14:12:26 - [MESSAGE][PASSED] - Verify element property value successfully

2023-10-16 14:12:26 - [TEST_STEP][PASSED] - verifyElementPropertyValue(getResponse, "groups[0].pricingPlans[2].pricingPlanData[0].freeTrialEnabled", "false"): Verify element property value successfully

2023-10-16 14:12:26 - [MESSAGE][PASSED] - Verify element property value successfully

2023-10-16 14:12:26 - [TEST_STEP][PASSED] - verifyElementPropertyValue(getResponse, "groups[0].pricingPlans[2].pricingPlanData[0].visualElements[0].key", "title"): Verify element property value successfully

2023-10-16 14:12:26 - [MESSAGE][PASSED] - Verify element property value successfully

2023-10-16 14:12:26 - [TEST_STEP][PASSED] - verifyElementPropertyValue(getResponse, "groups[0].pricingPlans[2].pricingPlanData[0].visualElements[0].value", "Credit/Debit Card"): Verify element property value successfully

2023-10-16 14:12:26 - [MESSAGE][PASSED] - Verify element property value successfully

2023-10-16 14:12:26 - [TEST_STEP][PASSED] - verifyElementPropertyValue(getResponse, "groups[0].pricingPlans[2].pricingPlanData[0].visualElements[1].key", "CTA_text"): Verify element property value successfully

2023-10-16 14:12:26 - [MESSAGE][PASSED] - Verify element property value successfully

2023-10-16 14:12:26 - [TEST_STEP][PASSED] - verifyElementPropertyValue(getResponse, "groups[0].pricingPlans[2].pricingPlanData[0].visualElements[1].value", "Subscribe"): Verify element property value successfully

2023-10-16 14:12:26 - [MESSAGE][PASSED] - Verify element property value successfully

2023-10-16 14:12:26 - [TEST_STEP][PASSED] - verifyElementPropertyValue(getResponse, "groups[0].pricingPlans[2].pricingPlanData[0].visualElements[2].key", "logo"): Verify element property value successfully

2023-10-16 14:12:26 - [MESSAGE][PASSED] - Verify element property value successfully

2023-10-16 14:12:26 - [TEST_STEP][PASSED] - verifyElementPropertyValue(getResponse, "groups[0].pricingPlans[2].pricingPlanData[0].visualElements[2].value", "https://static.s3.shahid.mbc.net/widget-images/icons/iconCreditCard.png"): Verify element property value successfully

2023-10-16 14:12:26 - [MESSAGE][PASSED] - Verify element property value successfully

2023-10-16 14:12:26 - [TEST_STEP][PASSED] - verifyElementPropertyValue(getResponse, "groups[0].pricingPlans[2].pricingPlanData[0].priceLabel", "1759.99"): Verify element property value successfully

2023-10-16 14:12:26 - [MESSAGE][PASSED] - Verify element property value successfully

2023-10-16 14:12:26 - [TEST_STEP][PASSED] - verifyElementPropertyValue(getResponse, "groups[0].pricingPlans[2].pricingPlanData[0].currencyLabel", "EGP"): Verify element property value successfully

2023-10-16 14:12:26 - [MESSAGE][PASSED] - Verify element property value successfully

2023-10-16 14:12:26 - [TEST_STEP][PASSED] - verifyElementPropertyValue(getResponse, "groups[0].pricingPlans[2].pricingPlanData[0].allowedForAcquisition", "true"): Verify element property value successfully

2023-10-16 14:12:26 - [MESSAGE][PASSED] - Verify element property value successfully

2023-10-16 14:12:26 - [TEST_STEP][PASSED] - verifyElementPropertyValue(getResponse, "groups[0].pricingPlans[2].pricingPlanData[0].showIn[0]", "VERTICAL_MODE"): Verify element property value successfully

2023-10-16 14:12:26 - [MESSAGE][PASSED] - Verify element property value successfully

2023-10-16 14:12:26 - [TEST_STEP][PASSED] - verifyElementPropertyValue(getResponse, "groups[0].pricingPlans[2].pricingPlanData[0].showIn[1]", "HORIZONTAL_MODE"): Verify element property value successfully

2023-10-16 14:12:26 - [MESSAGE][PASSED] - Verify element property value successfully

2023-10-16 14:12:26 - [TEST_STEP][PASSED] - verifyElementPropertyValue(getResponse, "groups[0].pricingPlans[2].pricingPlanData[1].productId", "EGY_B2C_SHAHID_VIP_GEA_12M"): Verify element property value successfully

2023-10-16 14:12:26 - [MESSAGE][PASSED] - Verify element property value successfully

2023-10-16 14:12:26 - [TEST_STEP][PASSED] - verifyElementPropertyValue(getResponse, "groups[0].pricingPlans[2].pricingPlanData[1].paymentMethod", "CASH_PAY"): Verify element property value successfully

2023-10-16 14:12:26 - [MESSAGE][PASSED] - Verify element property value successfully

2023-10-16 14:12:26 - [TEST_STEP][PASSED] - verifyElementPropertyValue(getResponse, "groups[0].pricingPlans[2].pricingPlanData[1].freeTrialEnabled", "false"): Verify element property value successfully

2023-10-16 14:12:26 - [MESSAGE][PASSED] - Verify element property value successfully

2023-10-16 14:12:26 - [TEST_STEP][PASSED] - verifyElementPropertyValue(getResponse, "groups[0].pricingPlans[2].pricingPlanData[1].visualElements[0].key", "title"): Verify element property value successfully

2023-10-16 14:12:26 - [MESSAGE][PASSED] - Verify element property value successfully

2023-10-16 14:12:26 - [TEST_STEP][PASSED] - verifyElementPropertyValue(getResponse, "groups[0].pricingPlans[2].pricingPlanData[1].visualElements[0].value", "Pay Cash"): Verify element property value successfully

2023-10-16 14:12:26 - [MESSAGE][PASSED] - Verify element property value successfully

2023-10-16 14:12:26 - [TEST_STEP][PASSED] - verifyElementPropertyValue(getResponse, "groups[0].pricingPlans[2].pricingPlanData[1].visualElements[1].key", "CTA_text"): Verify element property value successfully

2023-10-16 14:12:26 - [MESSAGE][PASSED] - Verify element property value successfully

2023-10-16 14:12:26 - [TEST_STEP][PASSED] - verifyElementPropertyValue(getResponse, "groups[0].pricingPlans[2].pricingPlanData[1].visualElements[1].value", "Subscribe"): Verify element property value successfully

2023-10-16 14:12:26 - [MESSAGE][PASSED] - Verify element property value successfully

2023-10-16 14:12:26 - [TEST_STEP][PASSED] - verifyElementPropertyValue(getResponse, "groups[0].pricingPlans[2].pricingPlanData[1].visualElements[2].key", "logo"): Verify element property value successfully

2023-10-16 14:12:26 - [MESSAGE][PASSED] - Verify element property value successfully

2023-10-16 14:12:26 - [TEST_STEP][PASSED] - verifyElementPropertyValue(getResponse, "groups[0].pricingPlans[2].pricingPlanData[1].visualElements[2].value", "https://shahid-static.s3.us-east-1.amazonaws.com/widget-images/carriers/fawry2.svg"): Verify element property value successfully

2023-10-16 14:12:26 - [MESSAGE][PASSED] - Verify element property value successfully

2023-10-16 14:12:26 - [TEST_STEP][PASSED] - verifyElementPropertyValue(getResponse, "groups[0].pricingPlans[2].pricingPlanData[1].priceLabel", "1759.99"): Verify element property value successfully

2023-10-16 14:12:26 - [MESSAGE][PASSED] - Verify element property value successfully

2023-10-16 14:12:26 - [TEST_STEP][PASSED] - verifyElementPropertyValue(getResponse, "groups[0].pricingPlans[2].pricingPlanData[1].currencyLabel", "EGP"): Verify element property value successfully

2023-10-16 14:12:26 - [MESSAGE][PASSED] - Verify element property value successfully

2023-10-16 14:12:26 - [TEST_STEP][PASSED] - verifyElementPropertyValue(getResponse, "groups[0].pricingPlans[2].pricingPlanData[1].allowedForAcquisition", "true"): Verify element property value successfully

2023-10-16 14:12:26 - [MESSAGE][PASSED] - Verify element property value successfully

2023-10-16 14:12:26 - [TEST_STEP][PASSED] - verifyElementPropertyValue(getResponse, "groups[0].pricingPlans[2].pricingPlanData[1].showIn[0]", "VERTICAL_MODE"): Verify element property value successfully

2023-10-16 14:12:26 - [MESSAGE][PASSED] - Verify element property value successfully

2023-10-16 14:12:26 - [TEST_STEP][PASSED] - verifyElementPropertyValue(getResponse, "groups[0].pricingPlans[2].pricingPlanData[1].showIn[1]", "HORIZONTAL_MODE"): Verify element property value successfully

2023-10-16 14:12:26 - [MESSAGE][PASSED] - Verify element property value successfully

2023-10-16 14:12:26 - [TEST_STEP][PASSED] - verifyElementPropertyValue(getResponse, "visualElements[0].key", "main_CTA_text_1"): Verify element property value successfully

2023-10-16 14:12:26 - [MESSAGE][PASSED] - Verify element property value successfully

2023-10-16 14:12:26 - [TEST_STEP][PASSED] - verifyElementPropertyValue(getResponse, "visualElements[0].value", "Watch the most powerful series and movies exclusively without stopping"): Verify element property value successfully

2023-10-16 14:12:26 - [MESSAGE][PASSED] - Verify element property value successfully

2023-10-16 14:12:26 - [TEST_STEP][PASSED] - verifyElementPropertyValue(getResponse, "visualElements[2].key", "main_disclaimer_text"): Verify element property value successfully

2023-10-16 14:12:26 - [MESSAGE][PASSED] - Verify element property value successfully

2023-10-16 14:12:26 - [TEST_STEP][PASSED] - verifyElementPropertyValue(getResponse, "visualElements[2].value", "Subscription fees may vary depending on the country, payment method, subscription package, added tax, currency conversion factor, and bank fees. Terms and conditions apply."): Verify element property value successfully

2023-10-16 14:12:26 - [MESSAGE][PASSED] - Verify element property value successfully

2023-10-16 14:12:26 - [TEST_STEP][PASSED] - verifyElementPropertyValue(getResponse, "visualElements[4].key", "display_type"): Verify element property value successfully

2023-10-16 14:12:26 - [MESSAGE][PASSED] - Verify element property value successfully

2023-10-16 14:12:26 - [TEST_STEP][PASSED] - verifyElementPropertyValue(getResponse, "visualElements[4].value", "vertical"): Verify element property value successfully

2023-10-16 14:12:26 - [MESSAGE][PASSED] - Verify element property value successfully

2023-10-16 14:12:26 - [TEST_STEP][PASSED] - verifyElementPropertyValue(getResponse, "defaultPackageId", "SHAHID_VIP"): Verify element property value successfully

2023-10-16 14:12:26 - [MESSAGE][PASSED] - Verify element property value successfully]]></system-out>
         <system-err><![CDATA[2023-10-16 14:12:22 - [TEST_CASE][FAILED] - Test Cases/WEB - CHROME/EGY PI/WEB_EN_getSubscriptionConfigForEGY_Imagine: Test Cases/WEB - CHROME/EGY PI/WEB_EN_getSubscriptionConfigForEGY_Imagine FAILED.
Reason:
com.kms.katalon.core.exception.StepFailedException: Expected element property value '163.33 EGP / month' is not equal with actual property value '163.33 EGP/ month'
	at com.kms.katalon.core.keyword.internal.KeywordMain.stepFailed(KeywordMain.groovy:39)
	at com.kms.katalon.core.webservice.keyword.builtin.VerifyElementPropertyValueKeyword$_verifyElementPropertyValue_closure1.doCall(VerifyElementPropertyValueKeyword.groovy:56)
	at com.kms.katalon.core.webservice.keyword.builtin.VerifyElementPropertyValueKeyword$_verifyElementPropertyValue_closure1.call(VerifyElementPropertyValueKeyword.groovy)
	at com.kms.katalon.core.keyword.internal.KeywordMain.runKeyword(KeywordMain.groovy:75)
	at com.kms.katalon.core.webservice.keyword.builtin.VerifyElementPropertyValueKeyword.verifyElementPropertyValue(VerifyElementPropertyValueKeyword.groovy:48)
	at com.kms.katalon.core.webservice.keyword.builtin.VerifyElementPropertyValueKeyword.execute(VerifyElementPropertyValueKeyword.groovy:43)
	at com.kms.katalon.core.keyword.internal.KeywordExecutor.executeKeywordForPlatform(KeywordExecutor.groovy:74)
	at com.kms.katalon.core.webservice.keyword.WSBuiltInKeywords.verifyElementPropertyValue(WSBuiltInKeywords.groovy:190)
	at com.kms.katalon.core.webservice.keyword.WSBuiltInKeywords$verifyElementPropertyValue$1.call(Unknown Source)
	at WEB_EN_getSubscriptionConfigForEGY_Imagine.run(WEB_EN_getSubscriptionConfigForEGY_Imagine:106)
	at com.kms.katalon.core.main.ScriptEngine.run(ScriptEngine.java:194)
	at com.kms.katalon.core.main.ScriptEngine.runScriptAsRawText(ScriptEngine.java:119)
	at com.kms.katalon.core.main.TestCaseExecutor.runScript(TestCaseExecutor.java:448)
	at com.kms.katalon.core.main.TestCaseExecutor.doExecute(TestCaseExecutor.java:439)
	at com.kms.katalon.core.main.TestCaseExecutor.processExecutionPhase(TestCaseExecutor.java:418)
	at com.kms.katalon.core.main.TestCaseExecutor.accessMainPhase(TestCaseExecutor.java:410)
	at com.kms.katalon.core.main.TestCaseExecutor.execute(TestCaseExecutor.java:285)
	at com.kms.katalon.core.common.CommonExecutor.accessTestCaseMainPhase(CommonExecutor.java:65)
	at com.kms.katalon.core.main.TestSuiteExecutor.accessTestSuiteMainPhase(TestSuiteExecutor.java:148)
	at com.kms.katalon.core.main.TestSuiteExecutor.execute(TestSuiteExecutor.java:106)
	at com.kms.katalon.core.main.TestCaseMain.startTestSuite(TestCaseMain.java:187)
	at com.kms.katalon.core.main.TestCaseMain$startTestSuite$0.call(Unknown Source)
	at TempTestSuite1697454205358.run(TempTestSuite1697454205358.groovy:36)]]></system-err>
      </testcase>
      <testcase name="Test Cases/WEB - CHROME/EGY PI/WEB_EN_getSubscriptionConfigForEGY_MO" time="2.679" classname="Test Cases/WEB - CHROME/EGY PI/WEB_EN_getSubscriptionConfigForEGY_MO" status="FAILED">
         <failure type="FAILED" message="Test Cases/WEB - CHROME/EGY PI/WEB_EN_getSubscriptionConfigForEGY_MO FAILED.
Reason:
com.kms.katalon.core.exception.StepFailedException: Expected element property value 'Save 29%' is not equal with actual property value 'Save 30%'
	at com.kms.katalon.core.keyword.internal.KeywordMain.stepFailed(KeywordMain.groovy:39)
	at com.kms.katalon.core.webservice.keyword.builtin.VerifyElementPropertyValueKeyword$_verifyElementPropertyValue_closure1.doCall(VerifyElementPropertyValueKeyword.groovy:56)
	at com.kms.katalon.core.webservice.keyword.builtin.VerifyElementPropertyValueKeyword$_verifyElementPropertyValue_closure1.call(VerifyElementPropertyValueKeyword.groovy)
	at com.kms.katalon.core.keyword.internal.KeywordMain.runKeyword(KeywordMain.groovy:75)
	at com.kms.katalon.core.webservice.keyword.builtin.VerifyElementPropertyValueKeyword.verifyElementPropertyValue(VerifyElementPropertyValueKeyword.groovy:48)
	at com.kms.katalon.core.webservice.keyword.builtin.VerifyElementPropertyValueKeyword.execute(VerifyElementPropertyValueKeyword.groovy:43)
	at com.kms.katalon.core.keyword.internal.KeywordExecutor.executeKeywordForPlatform(KeywordExecutor.groovy:74)
	at com.kms.katalon.core.webservice.keyword.WSBuiltInKeywords.verifyElementPropertyValue(WSBuiltInKeywords.groovy:190)
	at com.kms.katalon.core.webservice.keyword.WSBuiltInKeywords$verifyElementPropertyValue$1.call(Unknown Source)
	at WEB_EN_getSubscriptionConfigForEGY_MO.run(WEB_EN_getSubscriptionConfigForEGY_MO:150)
	at com.kms.katalon.core.main.ScriptEngine.run(ScriptEngine.java:194)
	at com.kms.katalon.core.main.ScriptEngine.runScriptAsRawText(ScriptEngine.java:119)
	at com.kms.katalon.core.main.TestCaseExecutor.runScript(TestCaseExecutor.java:448)
	at com.kms.katalon.core.main.TestCaseExecutor.doExecute(TestCaseExecutor.java:439)
	at com.kms.katalon.core.main.TestCaseExecutor.processExecutionPhase(TestCaseExecutor.java:418)
	at com.kms.katalon.core.main.TestCaseExecutor.accessMainPhase(TestCaseExecutor.java:410)
	at com.kms.katalon.core.main.TestCaseExecutor.execute(TestCaseExecutor.java:285)
	at com.kms.katalon.core.common.CommonExecutor.accessTestCaseMainPhase(CommonExecutor.java:65)
	at com.kms.katalon.core.main.TestSuiteExecutor.accessTestSuiteMainPhase(TestSuiteExecutor.java:148)
	at com.kms.katalon.core.main.TestSuiteExecutor.execute(TestSuiteExecutor.java:106)
	at com.kms.katalon.core.main.TestCaseMain.startTestSuite(TestCaseMain.java:187)
	at com.kms.katalon.core.main.TestCaseMain$startTestSuite$0.call(Unknown Source)
	at TempTestSuite1697454205358.run(TempTestSuite1697454205358.groovy:36)
"/>
         <system-out><![CDATA[2023-10-16 14:12:26 - [TEST_CASE][FAILED] - Test Cases/WEB - CHROME/EGY PI/WEB_EN_getSubscriptionConfigForEGY_MO: Test Cases/WEB - CHROME/EGY PI/WEB_EN_getSubscriptionConfigForEGY_MO FAILED.
Reason:
com.kms.katalon.core.exception.StepFailedException: Expected element property value 'Save 29%' is not equal with actual property value 'Save 30%'
	at com.kms.katalon.core.keyword.internal.KeywordMain.stepFailed(KeywordMain.groovy:39)
	at com.kms.katalon.core.webservice.keyword.builtin.VerifyElementPropertyValueKeyword$_verifyElementPropertyValue_closure1.doCall(VerifyElementPropertyValueKeyword.groovy:56)
	at com.kms.katalon.core.webservice.keyword.builtin.VerifyElementPropertyValueKeyword$_verifyElementPropertyValue_closure1.call(VerifyElementPropertyValueKeyword.groovy)
	at com.kms.katalon.core.keyword.internal.KeywordMain.runKeyword(KeywordMain.groovy:75)
	at com.kms.katalon.core.webservice.keyword.builtin.VerifyElementPropertyValueKeyword.verifyElementPropertyValue(VerifyElementPropertyValueKeyword.groovy:48)
	at com.kms.katalon.core.webservice.keyword.builtin.VerifyElementPropertyValueKeyword.execute(VerifyElementPropertyValueKeyword.groovy:43)
	at com.kms.katalon.core.keyword.internal.KeywordExecutor.executeKeywordForPlatform(KeywordExecutor.groovy:74)
	at com.kms.katalon.core.webservice.keyword.WSBuiltInKeywords.verifyElementPropertyValue(WSBuiltInKeywords.groovy:190)
	at com.kms.katalon.core.webservice.keyword.WSBuiltInKeywords$verifyElementPropertyValue$1.call(Unknown Source)
	at WEB_EN_getSubscriptionConfigForEGY_MO.run(WEB_EN_getSubscriptionConfigForEGY_MO:150)
	at com.kms.katalon.core.main.ScriptEngine.run(ScriptEngine.java:194)
	at com.kms.katalon.core.main.ScriptEngine.runScriptAsRawText(ScriptEngine.java:119)
	at com.kms.katalon.core.main.TestCaseExecutor.runScript(TestCaseExecutor.java:448)
	at com.kms.katalon.core.main.TestCaseExecutor.doExecute(TestCaseExecutor.java:439)
	at com.kms.katalon.core.main.TestCaseExecutor.processExecutionPhase(TestCaseExecutor.java:418)
	at com.kms.katalon.core.main.TestCaseExecutor.accessMainPhase(TestCaseExecutor.java:410)
	at com.kms.katalon.core.main.TestCaseExecutor.execute(TestCaseExecutor.java:285)
	at com.kms.katalon.core.common.CommonExecutor.accessTestCaseMainPhase(CommonExecutor.java:65)
	at com.kms.katalon.core.main.TestSuiteExecutor.accessTestSuiteMainPhase(TestSuiteExecutor.java:148)
	at com.kms.katalon.core.main.TestSuiteExecutor.execute(TestSuiteExecutor.java:106)
	at com.kms.katalon.core.main.TestCaseMain.startTestSuite(TestCaseMain.java:187)
	at com.kms.katalon.core.main.TestCaseMain$startTestSuite$0.call(Unknown Source)
	at TempTestSuite1697454205358.run(TempTestSuite1697454205358.groovy:36)


2023-10-16 14:12:26 - [TEST_STEP][PASSED] - getResponse = config_files.getConfigFile.getConfig("WEB", "EN", "SHAHID_MOBILE_ONLY", "EG", "false"): config_files.getConfigFile.getConfig is PASSED

2023-10-16 14:12:27 - [MESSAGE][INFO] - HAR: /Users/admin/git/shahid-configuration/Reports/20231016_140310/WEB/EGY/20231016_140325/requests/main/1.har

2023-10-16 14:12:27 - [MESSAGE][PASSED] - Send request successfully

2023-10-16 14:12:27 - [MESSAGE][PASSED] - config_files.getConfigFile.getConfig is PASSED

2023-10-16 14:12:27 - [TEST_STEP][PASSED] - verifyResponseStatusCode(getResponse, 200): Verify response status code successfully

2023-10-16 14:12:27 - [MESSAGE][PASSED] - Verify response status code successfully

2023-10-16 14:12:27 - [TEST_STEP][PASSED] - verifyElementPropertyValue(getResponse, "country", "EGY"): Verify element property value successfully

2023-10-16 14:12:27 - [MESSAGE][PASSED] - Verify element property value successfully

2023-10-16 14:12:27 - [TEST_STEP][PASSED] - verifyElementPropertyValue(getResponse, "platform", "[WEB]"): Verify element property value successfully

2023-10-16 14:12:27 - [MESSAGE][PASSED] - Verify element property value successfully

2023-10-16 14:12:27 - [TEST_STEP][PASSED] - verifyElementPropertyValue(getResponse, "groups[0].pricingPlans[0].featured", "false"): Verify element property value successfully

2023-10-16 14:12:27 - [MESSAGE][PASSED] - Verify element property value successfully

2023-10-16 14:12:27 - [TEST_STEP][PASSED] - verifyElementPropertyValue(getResponse, "groups[0].pricingPlans[0].packageId", "SHAHID_MOBILE_ONLY"): Verify element property value successfully

2023-10-16 14:12:27 - [MESSAGE][PASSED] - Verify element property value successfully

2023-10-16 14:12:27 - [TEST_STEP][PASSED] - verifyElementPropertyValue(getResponse, "groups[0].pricingPlans[0].catalogId", "VIP"): Verify element property value successfully

2023-10-16 14:12:27 - [MESSAGE][PASSED] - Verify element property value successfully

2023-10-16 14:12:27 - [TEST_STEP][PASSED] - verifyElementPropertyValue(getResponse, "groups[0].pricingPlans[0].visualElements[0].key", "Header_1_text"): Verify element property value successfully

2023-10-16 14:12:27 - [MESSAGE][PASSED] - Verify element property value successfully

2023-10-16 14:12:27 - [TEST_STEP][PASSED] - verifyElementPropertyValue(getResponse, "groups[0].pricingPlans[0].visualElements[0].value", ""): Verify element property value successfully

2023-10-16 14:12:27 - [MESSAGE][PASSED] - Verify element property value successfully

2023-10-16 14:12:27 - [TEST_STEP][PASSED] - verifyElementPropertyValue(getResponse, "groups[0].pricingPlans[0].visualElements[1].key", "display_title"): Verify element property value successfully

2023-10-16 14:12:27 - [MESSAGE][PASSED] - Verify element property value successfully

2023-10-16 14:12:27 - [TEST_STEP][PASSED] - verifyElementPropertyValue(getResponse, "groups[0].pricingPlans[0].visualElements[1].value", "Monthly Plan"): Verify element property value successfully

2023-10-16 14:12:27 - [MESSAGE][PASSED] - Verify element property value successfully

2023-10-16 14:12:27 - [TEST_STEP][PASSED] - verifyElementPropertyValue(getResponse, "groups[0].pricingPlans[0].visualElements[2].key", "promo_text"): Verify element property value successfully

2023-10-16 14:12:27 - [MESSAGE][PASSED] - Verify element property value successfully

2023-10-16 14:12:27 - [TEST_STEP][PASSED] - verifyElementPropertyValue(getResponse, "groups[0].pricingPlans[0].visualElements[2].value", "28.99 EGP/ month"): Verify element property value successfully

2023-10-16 14:12:27 - [MESSAGE][PASSED] - Verify element property value successfully

2023-10-16 14:12:27 - [TEST_STEP][PASSED] - verifyElementPropertyValue(getResponse, "groups[0].pricingPlans[0].visualElements[3].key", "deduction_text"): Verify element property value successfully

2023-10-16 14:12:27 - [MESSAGE][PASSED] - Verify element property value successfully

2023-10-16 14:12:27 - [TEST_STEP][PASSED] - verifyElementPropertyValue(getResponse, "groups[0].pricingPlans[0].visualElements[3].value", "billed every month"): Verify element property value successfully

2023-10-16 14:12:27 - [MESSAGE][PASSED] - Verify element property value successfully

2023-10-16 14:12:27 - [TEST_STEP][PASSED] - verifyElementPropertyValue(getResponse, "groups[0].pricingPlans[0].visualElements[6].key", "show_payment_logo"): Verify element property value successfully

2023-10-16 14:12:27 - [MESSAGE][PASSED] - Verify element property value successfully

2023-10-16 14:12:27 - [TEST_STEP][PASSED] - verifyElementPropertyValue(getResponse, "groups[0].pricingPlans[0].visualElements[6].value", "true"): Verify element property value successfully

2023-10-16 14:12:27 - [MESSAGE][PASSED] - Verify element property value successfully

2023-10-16 14:12:27 - [TEST_STEP][PASSED] - verifyElementPropertyValue(getResponse, "groups[0].pricingPlans[0].visualElements[7].key", "show_tag"): Verify element property value successfully

2023-10-16 14:12:27 - [MESSAGE][PASSED] - Verify element property value successfully

2023-10-16 14:12:27 - [TEST_STEP][PASSED] - verifyElementPropertyValue(getResponse, "groups[0].pricingPlans[0].visualElements[7].value", "false"): Verify element property value successfully

2023-10-16 14:12:27 - [MESSAGE][PASSED] - Verify element property value successfully

2023-10-16 14:12:27 - [TEST_STEP][PASSED] - verifyElementPropertyValue(getResponse, "groups[0].pricingPlans[0].visualElements[8].key", "price"): Verify element property value successfully

2023-10-16 14:12:27 - [MESSAGE][PASSED] - Verify element property value successfully

2023-10-16 14:12:27 - [TEST_STEP][PASSED] - verifyElementPropertyValue(getResponse, "groups[0].pricingPlans[0].visualElements[8].value", "28.99"): Verify element property value successfully

2023-10-16 14:12:27 - [MESSAGE][PASSED] - Verify element property value successfully

2023-10-16 14:12:27 - [TEST_STEP][PASSED] - verifyElementPropertyValue(getResponse, "groups[0].pricingPlans[0].visualElements[9].key", "currency"): Verify element property value successfully

2023-10-16 14:12:27 - [MESSAGE][PASSED] - Verify element property value successfully

2023-10-16 14:12:27 - [TEST_STEP][PASSED] - verifyElementPropertyValue(getResponse, "groups[0].pricingPlans[0].visualElements[9].value", "EGP"): Verify element property value successfully

2023-10-16 14:12:27 - [MESSAGE][PASSED] - Verify element property value successfully

2023-10-16 14:12:27 - [TEST_STEP][PASSED] - verifyElementPropertyValue(getResponse, "groups[0].pricingPlans[0].visualElements[10].key", "duration"): Verify element property value successfully

2023-10-16 14:12:27 - [MESSAGE][PASSED] - Verify element property value successfully

2023-10-16 14:12:27 - [TEST_STEP][PASSED] - verifyElementPropertyValue(getResponse, "groups[0].pricingPlans[0].visualElements[10].value", "Monthly"): Verify element property value successfully

2023-10-16 14:12:27 - [MESSAGE][PASSED] - Verify element property value successfully

2023-10-16 14:12:27 - [TEST_STEP][PASSED] - verifyElementPropertyValue(getResponse, "groups[0].pricingPlans[0].order", "18"): Verify element property value successfully

2023-10-16 14:12:27 - [MESSAGE][PASSED] - Verify element property value successfully

2023-10-16 14:12:27 - [TEST_STEP][PASSED] - verifyElementPropertyValue(getResponse, "groups[0].pricingPlans[0].period", "monthly"): Verify element property value successfully

2023-10-16 14:12:27 - [MESSAGE][PASSED] - Verify element property value successfully

2023-10-16 14:12:27 - [TEST_STEP][PASSED] - verifyElementPropertyValue(getResponse, "groups[0].pricingPlans[0].price", "28.99"): Verify element property value successfully

2023-10-16 14:12:27 - [MESSAGE][PASSED] - Verify element property value successfully

2023-10-16 14:12:27 - [TEST_STEP][PASSED] - verifyElementPropertyValue(getResponse, "groups[0].pricingPlans[0].currency", "EGP"): Verify element property value successfully

2023-10-16 14:12:27 - [MESSAGE][PASSED] - Verify element property value successfully

2023-10-16 14:12:27 - [TEST_STEP][PASSED] - verifyElementPropertyValue(getResponse, "groups[0].pricingPlans[0].pricingPlanData[0].productId", "EGY_SHAHID_MOBILE_ONLY_1M"): Verify element property value successfully

2023-10-16 14:12:27 - [MESSAGE][PASSED] - Verify element property value successfully

2023-10-16 14:12:27 - [TEST_STEP][PASSED] - verifyElementPropertyValue(getResponse, "groups[0].pricingPlans[0].pricingPlanData[0].subPricingPlanIds", "null"): Verify element property value successfully

2023-10-16 14:12:27 - [MESSAGE][PASSED] - Verify element property value successfully

2023-10-16 14:12:27 - [TEST_STEP][PASSED] - verifyElementPropertyValue(getResponse, "groups[0].pricingPlans[0].pricingPlanData[0].paymentMethod", "CREDIT_CARD"): Verify element property value successfully

2023-10-16 14:12:27 - [MESSAGE][PASSED] - Verify element property value successfully

2023-10-16 14:12:27 - [TEST_STEP][PASSED] - verifyElementPropertyValue(getResponse, "groups[0].pricingPlans[0].pricingPlanData[0].freeTrialEnabled", "false"): Verify element property value successfully

2023-10-16 14:12:27 - [MESSAGE][PASSED] - Verify element property value successfully

2023-10-16 14:12:27 - [TEST_STEP][PASSED] - verifyElementPropertyValue(getResponse, "groups[0].pricingPlans[0].pricingPlanData[0].visualElements[0].key", "title"): Verify element property value successfully

2023-10-16 14:12:27 - [MESSAGE][PASSED] - Verify element property value successfully

2023-10-16 14:12:27 - [TEST_STEP][PASSED] - verifyElementPropertyValue(getResponse, "groups[0].pricingPlans[0].pricingPlanData[0].visualElements[0].value", "Credit/Debit Card"): Verify element property value successfully

2023-10-16 14:12:27 - [MESSAGE][PASSED] - Verify element property value successfully

2023-10-16 14:12:27 - [TEST_STEP][PASSED] - verifyElementPropertyValue(getResponse, "groups[0].pricingPlans[0].pricingPlanData[0].visualElements[1].key", "CTA_text"): Verify element property value successfully

2023-10-16 14:12:27 - [MESSAGE][PASSED] - Verify element property value successfully

2023-10-16 14:12:27 - [TEST_STEP][PASSED] - verifyElementPropertyValue(getResponse, "groups[0].pricingPlans[0].pricingPlanData[0].visualElements[1].value", "Subscribe"): Verify element property value successfully

2023-10-16 14:12:27 - [MESSAGE][PASSED] - Verify element property value successfully

2023-10-16 14:12:27 - [TEST_STEP][PASSED] - verifyElementPropertyValue(getResponse, "groups[0].pricingPlans[0].pricingPlanData[0].visualElements[2].key", "logo"): Verify element property value successfully

2023-10-16 14:12:27 - [MESSAGE][PASSED] - Verify element property value successfully

2023-10-16 14:12:27 - [TEST_STEP][PASSED] - verifyElementPropertyValue(getResponse, "groups[0].pricingPlans[0].pricingPlanData[0].visualElements[2].value", "https://static.s3.shahid.mbc.net/widget-images/icons/iconCreditCard.png"): Verify element property value successfully

2023-10-16 14:12:27 - [MESSAGE][PASSED] - Verify element property value successfully

2023-10-16 14:12:27 - [TEST_STEP][PASSED] - verifyElementPropertyValue(getResponse, "groups[0].pricingPlans[0].pricingPlanData[0].priceLabel", "28.99"): Verify element property value successfully

2023-10-16 14:12:27 - [MESSAGE][PASSED] - Verify element property value successfully

2023-10-16 14:12:27 - [TEST_STEP][PASSED] - verifyElementPropertyValue(getResponse, "groups[0].pricingPlans[0].pricingPlanData[0].currencyLabel", "EGP"): Verify element property value successfully

2023-10-16 14:12:27 - [MESSAGE][PASSED] - Verify element property value successfully

2023-10-16 14:12:27 - [TEST_STEP][PASSED] - verifyElementPropertyValue(getResponse, "groups[0].pricingPlans[0].pricingPlanData[1].pricingPlanId", "TPay_Orange_EG"): Verify element property value successfully

2023-10-16 14:12:27 - [MESSAGE][PASSED] - Verify element property value successfully

2023-10-16 14:12:27 - [TEST_STEP][PASSED] - verifyElementPropertyValue(getResponse, "groups[0].pricingPlans[0].pricingPlanData[1].productId", "EGY_SHAHID_MOBILE_ONLY_1M"): Verify element property value successfully

2023-10-16 14:12:27 - [MESSAGE][PASSED] - Verify element property value successfully

2023-10-16 14:12:27 - [TEST_STEP][PASSED] - verifyElementPropertyValue(getResponse, "groups[0].pricingPlans[0].pricingPlanData[1].subPricingPlanIds[0]", "60201"): Verify element property value successfully

2023-10-16 14:12:27 - [MESSAGE][PASSED] - Verify element property value successfully

2023-10-16 14:12:27 - [TEST_STEP][PASSED] - verifyElementPropertyValue(getResponse, "groups[0].pricingPlans[0].pricingPlanData[1].paymentMethod", "MOBILE_PAY"): Verify element property value successfully

2023-10-16 14:12:27 - [MESSAGE][PASSED] - Verify element property value successfully

2023-10-16 14:12:27 - [TEST_STEP][PASSED] - verifyElementPropertyValue(getResponse, "groups[0].pricingPlans[0].pricingPlanData[1].freeTrialEnabled", "false"): Verify element property value successfully

2023-10-16 14:12:27 - [MESSAGE][PASSED] - Verify element property value successfully

2023-10-16 14:12:27 - [TEST_STEP][PASSED] - verifyElementPropertyValue(getResponse, "groups[0].pricingPlans[0].pricingPlanData[1].showIn[0]", "VERTICAL_MODE"): Verify element property value successfully

2023-10-16 14:12:27 - [MESSAGE][PASSED] - Verify element property value successfully

2023-10-16 14:12:27 - [TEST_STEP][PASSED] - verifyElementPropertyValue(getResponse, "groups[0].pricingPlans[0].pricingPlanData[1].showIn[1]", "HORIZONTAL_MODE"): Verify element property value successfully

2023-10-16 14:12:27 - [MESSAGE][PASSED] - Verify element property value successfully

2023-10-16 14:12:27 - [TEST_STEP][PASSED] - verifyElementPropertyValue(getResponse, "groups[0].pricingPlans[0].pricingPlanData[1].visualElements[0].key", "payment_option_group"): Verify element property value successfully

2023-10-16 14:12:27 - [MESSAGE][PASSED] - Verify element property value successfully

2023-10-16 14:12:27 - [TEST_STEP][PASSED] - verifyElementPropertyValue(getResponse, "groups[0].pricingPlans[0].pricingPlanData[1].visualElements[0].value", "true"): Verify element property value successfully

2023-10-16 14:12:27 - [MESSAGE][PASSED] - Verify element property value successfully

2023-10-16 14:12:27 - [TEST_STEP][PASSED] - verifyElementPropertyValue(getResponse, "groups[0].pricingPlans[0].pricingPlanData[1].visualElements[1].key", "title"): Verify element property value successfully

2023-10-16 14:12:27 - [MESSAGE][PASSED] - Verify element property value successfully

2023-10-16 14:12:27 - [TEST_STEP][PASSED] - verifyElementPropertyValue(getResponse, "groups[0].pricingPlans[0].pricingPlanData[1].visualElements[1].value", "Mobile Payment"): Verify element property value successfully

2023-10-16 14:12:27 - [MESSAGE][PASSED] - Verify element property value successfully

2023-10-16 14:12:27 - [TEST_STEP][PASSED] - verifyElementPropertyValue(getResponse, "groups[0].pricingPlans[0].pricingPlanData[1].visualElements[2].key", "CTA_text"): Verify element property value successfully

2023-10-16 14:12:27 - [MESSAGE][PASSED] - Verify element property value successfully

2023-10-16 14:12:27 - [TEST_STEP][PASSED] - verifyElementPropertyValue(getResponse, "groups[0].pricingPlans[0].pricingPlanData[1].visualElements[2].value", "Subscribe"): Verify element property value successfully

2023-10-16 14:12:27 - [MESSAGE][PASSED] - Verify element property value successfully

2023-10-16 14:12:27 - [TEST_STEP][PASSED] - verifyElementPropertyValue(getResponse, "groups[0].pricingPlans[0].pricingPlanData[1].visualElements[3].key", "logo"): Verify element property value successfully

2023-10-16 14:12:27 - [MESSAGE][PASSED] - Verify element property value successfully

2023-10-16 14:12:27 - [TEST_STEP][PASSED] - verifyElementPropertyValue(getResponse, "groups[0].pricingPlans[0].pricingPlanData[1].visualElements[3].value", "https://static.s3.shahid.mbc.net/widget-images/icons/iconMobile.png"): Verify element property value successfully

2023-10-16 14:12:27 - [MESSAGE][PASSED] - Verify element property value successfully

2023-10-16 14:12:27 - [TEST_STEP][PASSED] - verifyElementPropertyValue(getResponse, "groups[0].pricingPlans[0].pricingPlanData[1].priceLabel", "28.99"): Verify element property value successfully

2023-10-16 14:12:27 - [MESSAGE][PASSED] - Verify element property value successfully

2023-10-16 14:12:27 - [TEST_STEP][PASSED] - verifyElementPropertyValue(getResponse, "groups[0].pricingPlans[0].pricingPlanData[1].currencyLabel", "EGP"): Verify element property value successfully

2023-10-16 14:12:27 - [MESSAGE][PASSED] - Verify element property value successfully

2023-10-16 14:12:27 - [TEST_STEP][PASSED] - verifyElementPropertyValue(getResponse, "groups[0].pricingPlans[0].pricingPlanData[1].allowedForAcquisition", "true"): Verify element property value successfully

2023-10-16 14:12:27 - [MESSAGE][PASSED] - Verify element property value successfully

2023-10-16 14:12:27 - [TEST_STEP][PASSED] - verifyElementPropertyValue(getResponse, "groups[0].pricingPlans[0].pricingPlanData[2].pricingPlanId", "TPay_Vodafone_EG"): Verify element property value successfully

2023-10-16 14:12:27 - [MESSAGE][PASSED] - Verify element property value successfully

2023-10-16 14:12:27 - [TEST_STEP][PASSED] - verifyElementPropertyValue(getResponse, "groups[0].pricingPlans[0].pricingPlanData[2].productId", "EGY_SHAHID_MOBILE_ONLY_1M"): Verify element property value successfully

2023-10-16 14:12:27 - [MESSAGE][PASSED] - Verify element property value successfully

2023-10-16 14:12:27 - [TEST_STEP][PASSED] - verifyElementPropertyValue(getResponse, "groups[0].pricingPlans[0].pricingPlanData[2].subPricingPlanIds[0]", "60202"): Verify element property value successfully

2023-10-16 14:12:27 - [MESSAGE][PASSED] - Verify element property value successfully

2023-10-16 14:12:27 - [TEST_STEP][PASSED] - verifyElementPropertyValue(getResponse, "groups[0].pricingPlans[0].pricingPlanData[2].paymentMethod", "MOBILE_PAY"): Verify element property value successfully

2023-10-16 14:12:27 - [MESSAGE][PASSED] - Verify element property value successfully

2023-10-16 14:12:27 - [TEST_STEP][PASSED] - verifyElementPropertyValue(getResponse, "groups[0].pricingPlans[0].pricingPlanData[2].freeTrialEnabled", "false"): Verify element property value successfully

2023-10-16 14:12:27 - [MESSAGE][PASSED] - Verify element property value successfully

2023-10-16 14:12:27 - [TEST_STEP][PASSED] - verifyElementPropertyValue(getResponse, "groups[0].pricingPlans[0].pricingPlanData[2].priceLabel", "28.99"): Verify element property value successfully

2023-10-16 14:12:27 - [MESSAGE][PASSED] - Verify element property value successfully

2023-10-16 14:12:27 - [TEST_STEP][PASSED] - verifyElementPropertyValue(getResponse, "groups[0].pricingPlans[0].pricingPlanData[2].currencyLabel", "EGP"): Verify element property value successfully

2023-10-16 14:12:27 - [MESSAGE][PASSED] - Verify element property value successfully

2023-10-16 14:12:27 - [TEST_STEP][PASSED] - verifyElementPropertyValue(getResponse, "groups[0].pricingPlans[0].pricingPlanData[2].allowedForAcquisition", "true"): Verify element property value successfully

2023-10-16 14:12:27 - [MESSAGE][PASSED] - Verify element property value successfully

2023-10-16 14:12:27 - [TEST_STEP][PASSED] - verifyElementPropertyValue(getResponse, "groups[0].pricingPlans[0].pricingPlanData[3].pricingPlanId", "TPay_Etisalat_EG"): Verify element property value successfully

2023-10-16 14:12:27 - [MESSAGE][PASSED] - Verify element property value successfully

2023-10-16 14:12:27 - [TEST_STEP][PASSED] - verifyElementPropertyValue(getResponse, "groups[0].pricingPlans[0].pricingPlanData[3].productId", "EGY_SHAHID_MOBILE_ONLY_1M"): Verify element property value successfully

2023-10-16 14:12:27 - [MESSAGE][PASSED] - Verify element property value successfully

2023-10-16 14:12:27 - [TEST_STEP][PASSED] - verifyElementPropertyValue(getResponse, "groups[0].pricingPlans[0].pricingPlanData[3].subPricingPlanIds[0]", "60203"): Verify element property value successfully

2023-10-16 14:12:27 - [MESSAGE][PASSED] - Verify element property value successfully

2023-10-16 14:12:27 - [TEST_STEP][PASSED] - verifyElementPropertyValue(getResponse, "groups[0].pricingPlans[0].pricingPlanData[3].paymentMethod", "MOBILE_PAY"): Verify element property value successfully

2023-10-16 14:12:27 - [MESSAGE][PASSED] - Verify element property value successfully

2023-10-16 14:12:27 - [TEST_STEP][PASSED] - verifyElementPropertyValue(getResponse, "groups[0].pricingPlans[0].pricingPlanData[3].freeTrialEnabled", "false"): Verify element property value successfully

2023-10-16 14:12:27 - [MESSAGE][PASSED] - Verify element property value successfully

2023-10-16 14:12:27 - [TEST_STEP][PASSED] - verifyElementPropertyValue(getResponse, "groups[0].pricingPlans[0].pricingPlanData[3].priceLabel", "28.99"): Verify element property value successfully

2023-10-16 14:12:27 - [MESSAGE][PASSED] - Verify element property value successfully

2023-10-16 14:12:27 - [TEST_STEP][PASSED] - verifyElementPropertyValue(getResponse, "groups[0].pricingPlans[0].pricingPlanData[3].currencyLabel", "EGP"): Verify element property value successfully

2023-10-16 14:12:27 - [MESSAGE][PASSED] - Verify element property value successfully

2023-10-16 14:12:27 - [TEST_STEP][PASSED] - verifyElementPropertyValue(getResponse, "groups[0].pricingPlans[0].pricingPlanData[3].allowedForAcquisition", "true"): Verify element property value successfully

2023-10-16 14:12:27 - [MESSAGE][PASSED] - Verify element property value successfully

2023-10-16 14:12:27 - [TEST_STEP][PASSED] - verifyElementPropertyValue(getResponse, "groups[0].pricingPlans[0].pricingPlanData[4].pricingPlanId", "TPay_WE_EG"): Verify element property value successfully

2023-10-16 14:12:27 - [MESSAGE][PASSED] - Verify element property value successfully

2023-10-16 14:12:27 - [TEST_STEP][PASSED] - verifyElementPropertyValue(getResponse, "groups[0].pricingPlans[0].pricingPlanData[4].productId", "EGY_SHAHID_MOBILE_ONLY_1M"): Verify element property value successfully

2023-10-16 14:12:27 - [MESSAGE][PASSED] - Verify element property value successfully

2023-10-16 14:12:27 - [TEST_STEP][PASSED] - verifyElementPropertyValue(getResponse, "groups[0].pricingPlans[0].pricingPlanData[4].subPricingPlanIds[0]", "60204"): Verify element property value successfully

2023-10-16 14:12:27 - [MESSAGE][PASSED] - Verify element property value successfully

2023-10-16 14:12:27 - [TEST_STEP][PASSED] - verifyElementPropertyValue(getResponse, "groups[0].pricingPlans[0].pricingPlanData[4].paymentMethod", "MOBILE_PAY"): Verify element property value successfully

2023-10-16 14:12:27 - [MESSAGE][PASSED] - Verify element property value successfully

2023-10-16 14:12:27 - [TEST_STEP][PASSED] - verifyElementPropertyValue(getResponse, "groups[0].pricingPlans[0].pricingPlanData[4].freeTrialEnabled", "false"): Verify element property value successfully

2023-10-16 14:12:27 - [MESSAGE][PASSED] - Verify element property value successfully

2023-10-16 14:12:27 - [TEST_STEP][PASSED] - verifyElementPropertyValue(getResponse, "groups[0].pricingPlans[0].pricingPlanData[4].priceLabel", "28.99"): Verify element property value successfully

2023-10-16 14:12:27 - [MESSAGE][PASSED] - Verify element property value successfully

2023-10-16 14:12:27 - [TEST_STEP][PASSED] - verifyElementPropertyValue(getResponse, "groups[0].pricingPlans[0].pricingPlanData[4].currencyLabel", "EGP"): Verify element property value successfully

2023-10-16 14:12:27 - [MESSAGE][PASSED] - Verify element property value successfully

2023-10-16 14:12:27 - [TEST_STEP][PASSED] - verifyElementPropertyValue(getResponse, "groups[0].pricingPlans[0].pricingPlanData[4].allowedForAcquisition", "true"): Verify element property value successfully

2023-10-16 14:12:27 - [MESSAGE][PASSED] - Verify element property value successfully

2023-10-16 14:12:27 - [TEST_STEP][PASSED] - verifyElementPropertyValue(getResponse, "groups[0].pricingPlans[2].featured", "false"): Verify element property value successfully

2023-10-16 14:12:27 - [MESSAGE][PASSED] - Verify element property value successfully

2023-10-16 14:12:27 - [TEST_STEP][PASSED] - verifyElementPropertyValue(getResponse, "groups[0].pricingPlans[2].packageId", "SHAHID_MOBILE_ONLY"): Verify element property value successfully

2023-10-16 14:12:28 - [MESSAGE][PASSED] - Verify element property value successfully

2023-10-16 14:12:28 - [TEST_STEP][PASSED] - verifyElementPropertyValue(getResponse, "groups[0].pricingPlans[2].catalogId", "VIP"): Verify element property value successfully

2023-10-16 14:12:28 - [MESSAGE][PASSED] - Verify element property value successfully

2023-10-16 14:12:28 - [TEST_STEP][PASSED] - verifyElementPropertyValue(getResponse, "groups[0].pricingPlans[2].visualElements[0].key", "Header_1_text"): Verify element property value successfully

2023-10-16 14:12:28 - [MESSAGE][PASSED] - Verify element property value successfully

2023-10-16 14:12:28 - [TEST_STEP][PASSED] - verifyElementPropertyValue(getResponse, "groups[0].pricingPlans[2].visualElements[0].value", ""): Verify element property value successfully

2023-10-16 14:12:28 - [MESSAGE][PASSED] - Verify element property value successfully

2023-10-16 14:12:28 - [TEST_STEP][PASSED] - verifyElementPropertyValue(getResponse, "groups[0].pricingPlans[2].visualElements[1].key", "display_title"): Verify element property value successfully

2023-10-16 14:12:28 - [MESSAGE][PASSED] - Verify element property value successfully

2023-10-16 14:12:28 - [TEST_STEP][PASSED] - verifyElementPropertyValue(getResponse, "groups[0].pricingPlans[2].visualElements[1].value", "Annual Plan"): Verify element property value successfully

2023-10-16 14:12:28 - [MESSAGE][PASSED] - Verify element property value successfully

2023-10-16 14:12:28 - [TEST_STEP][PASSED] - verifyElementPropertyValue(getResponse, "groups[0].pricingPlans[2].visualElements[4].key", "tag_text"): Verify element property value successfully

2023-10-16 14:12:28 - [MESSAGE][PASSED] - Verify element property value successfully

2023-10-16 14:12:28 - [TEST_STEP][FAILED] - verifyElementPropertyValue(getResponse, "groups[0].pricingPlans[2].visualElements[4].value", "Save 29%"): Expected element property value 'Save 29%' is not equal with actual property value 'Save 30%'

2023-10-16 14:12:28 - [MESSAGE][FAILED] - Expected element property value 'Save 29%' is not equal with actual property value 'Save 30%'

2023-10-16 14:12:28 - [TEST_STEP][PASSED] - verifyElementPropertyValue(getResponse, "groups[0].pricingPlans[2].visualElements[2].key", "promo_text"): Verify element property value successfully

2023-10-16 14:12:28 - [MESSAGE][PASSED] - Verify element property value successfully

2023-10-16 14:12:28 - [TEST_STEP][FAILED] - verifyElementPropertyValue(getResponse, "groups[0].pricingPlans[2].visualElements[2].value", "20.41 EGP / month"): Expected element property value '20.41 EGP / month' is not equal with actual property value '20.41 EGP/ month'

2023-10-16 14:12:28 - [MESSAGE][FAILED] - Expected element property value '20.41 EGP / month' is not equal with actual property value '20.41 EGP/ month'

2023-10-16 14:12:28 - [TEST_STEP][PASSED] - verifyElementPropertyValue(getResponse, "groups[0].pricingPlans[2].visualElements[3].key", "deduction_text"): Verify element property value successfully

2023-10-16 14:12:28 - [MESSAGE][PASSED] - Verify element property value successfully

2023-10-16 14:12:28 - [TEST_STEP][PASSED] - verifyElementPropertyValue(getResponse, "groups[0].pricingPlans[2].visualElements[3].value", "244.99 EGP billed annually"): Verify element property value successfully

2023-10-16 14:12:28 - [MESSAGE][PASSED] - Verify element property value successfully

2023-10-16 14:12:28 - [TEST_STEP][PASSED] - verifyElementPropertyValue(getResponse, "groups[0].pricingPlans[2].visualElements[6].key", "show_payment_logo"): Verify element property value successfully

2023-10-16 14:12:28 - [MESSAGE][PASSED] - Verify element property value successfully

2023-10-16 14:12:28 - [TEST_STEP][PASSED] - verifyElementPropertyValue(getResponse, "groups[0].pricingPlans[2].visualElements[6].value", "true"): Verify element property value successfully

2023-10-16 14:12:28 - [MESSAGE][PASSED] - Verify element property value successfully

2023-10-16 14:12:28 - [TEST_STEP][PASSED] - verifyElementPropertyValue(getResponse, "groups[0].pricingPlans[2].visualElements[7].key", "show_tag"): Verify element property value successfully

2023-10-16 14:12:28 - [MESSAGE][PASSED] - Verify element property value successfully

2023-10-16 14:12:28 - [TEST_STEP][PASSED] - verifyElementPropertyValue(getResponse, "groups[0].pricingPlans[2].visualElements[7].value", "true"): Verify element property value successfully

2023-10-16 14:12:28 - [MESSAGE][PASSED] - Verify element property value successfully

2023-10-16 14:12:28 - [TEST_STEP][PASSED] - verifyElementPropertyValue(getResponse, "groups[0].pricingPlans[2].visualElements[8].key", "price"): Verify element property value successfully

2023-10-16 14:12:28 - [MESSAGE][PASSED] - Verify element property value successfully

2023-10-16 14:12:28 - [TEST_STEP][PASSED] - verifyElementPropertyValue(getResponse, "groups[0].pricingPlans[2].visualElements[8].value", "244.99"): Verify element property value successfully

2023-10-16 14:12:28 - [MESSAGE][PASSED] - Verify element property value successfully

2023-10-16 14:12:28 - [TEST_STEP][PASSED] - verifyElementPropertyValue(getResponse, "groups[0].pricingPlans[2].visualElements[9].key", "currency"): Verify element property value successfully

2023-10-16 14:12:28 - [MESSAGE][PASSED] - Verify element property value successfully

2023-10-16 14:12:28 - [TEST_STEP][PASSED] - verifyElementPropertyValue(getResponse, "groups[0].pricingPlans[2].visualElements[9].value", "EGP"): Verify element property value successfully

2023-10-16 14:12:28 - [MESSAGE][PASSED] - Verify element property value successfully

2023-10-16 14:12:28 - [TEST_STEP][PASSED] - verifyElementPropertyValue(getResponse, "groups[0].pricingPlans[2].visualElements[10].key", "duration"): Verify element property value successfully

2023-10-16 14:12:28 - [MESSAGE][PASSED] - Verify element property value successfully

2023-10-16 14:12:28 - [TEST_STEP][PASSED] - verifyElementPropertyValue(getResponse, "groups[0].pricingPlans[2].visualElements[10].value", "Monthly"): Verify element property value successfully

2023-10-16 14:12:28 - [MESSAGE][PASSED] - Verify element property value successfully

2023-10-16 14:12:28 - [TEST_STEP][PASSED] - verifyElementPropertyValue(getResponse, "groups[0].pricingPlans[2].order", "18"): Verify element property value successfully

2023-10-16 14:12:28 - [MESSAGE][PASSED] - Verify element property value successfully

2023-10-16 14:12:28 - [TEST_STEP][PASSED] - verifyElementPropertyValue(getResponse, "groups[0].pricingPlans[2].period", "yearly"): Verify element property value successfully

2023-10-16 14:12:28 - [MESSAGE][PASSED] - Verify element property value successfully

2023-10-16 14:12:28 - [TEST_STEP][PASSED] - verifyElementPropertyValue(getResponse, "groups[0].pricingPlans[2].price", "244.99"): Verify element property value successfully

2023-10-16 14:12:28 - [MESSAGE][PASSED] - Verify element property value successfully

2023-10-16 14:12:28 - [TEST_STEP][PASSED] - verifyElementPropertyValue(getResponse, "groups[0].pricingPlans[2].currency", "EGP"): Verify element property value successfully

2023-10-16 14:12:28 - [MESSAGE][PASSED] - Verify element property value successfully

2023-10-16 14:12:28 - [TEST_STEP][PASSED] - verifyElementPropertyValue(getResponse, "groups[0].pricingPlans[2].pricingPlanData[0].productId", "EGY_B2C_SHAHID_MOBILE_ONLY_12M"): Verify element property value successfully

2023-10-16 14:12:28 - [MESSAGE][PASSED] - Verify element property value successfully

2023-10-16 14:12:28 - [TEST_STEP][PASSED] - verifyElementPropertyValue(getResponse, "groups[0].pricingPlans[2].pricingPlanData[0].paymentMethod", "CASH_PAY"): Verify element property value successfully

2023-10-16 14:12:28 - [MESSAGE][PASSED] - Verify element property value successfully

2023-10-16 14:12:28 - [TEST_STEP][PASSED] - verifyElementPropertyValue(getResponse, "groups[0].pricingPlans[2].pricingPlanData[0].freeTrialEnabled", "false"): Verify element property value successfully

2023-10-16 14:12:28 - [MESSAGE][PASSED] - Verify element property value successfully

2023-10-16 14:12:28 - [TEST_STEP][PASSED] - verifyElementPropertyValue(getResponse, "groups[0].pricingPlans[2].pricingPlanData[0].visualElements[0].key", "title"): Verify element property value successfully

2023-10-16 14:12:28 - [MESSAGE][PASSED] - Verify element property value successfully

2023-10-16 14:12:28 - [TEST_STEP][FAILED] - verifyElementPropertyValue(getResponse, "groups[0].pricingPlans[2].pricingPlanData[0].visualElements[0].value", "Fawry"): Expected element property value 'Fawry' is not equal with actual property value 'Pay Cash'

2023-10-16 14:12:28 - [MESSAGE][FAILED] - Expected element property value 'Fawry' is not equal with actual property value 'Pay Cash'

2023-10-16 14:12:28 - [TEST_STEP][PASSED] - verifyElementPropertyValue(getResponse, "groups[0].pricingPlans[2].pricingPlanData[0].visualElements[1].key", "CTA_text"): Verify element property value successfully

2023-10-16 14:12:28 - [MESSAGE][PASSED] - Verify element property value successfully

2023-10-16 14:12:28 - [TEST_STEP][PASSED] - verifyElementPropertyValue(getResponse, "groups[0].pricingPlans[2].pricingPlanData[0].visualElements[1].value", "Subscribe"): Verify element property value successfully

2023-10-16 14:12:28 - [MESSAGE][PASSED] - Verify element property value successfully

2023-10-16 14:12:28 - [TEST_STEP][PASSED] - verifyElementPropertyValue(getResponse, "groups[0].pricingPlans[2].pricingPlanData[0].visualElements[2].key", "logo"): Verify element property value successfully

2023-10-16 14:12:28 - [MESSAGE][PASSED] - Verify element property value successfully

2023-10-16 14:12:28 - [TEST_STEP][PASSED] - verifyElementPropertyValue(getResponse, "groups[0].pricingPlans[2].pricingPlanData[0].visualElements[2].value", "https://shahid-static.s3.us-east-1.amazonaws.com/widget-images/carriers/fawry2.svg"): Verify element property value successfully

2023-10-16 14:12:28 - [MESSAGE][PASSED] - Verify element property value successfully

2023-10-16 14:12:28 - [TEST_STEP][PASSED] - verifyElementPropertyValue(getResponse, "groups[0].pricingPlans[2].pricingPlanData[0].priceLabel", "244.99"): Verify element property value successfully

2023-10-16 14:12:28 - [MESSAGE][PASSED] - Verify element property value successfully

2023-10-16 14:12:28 - [TEST_STEP][PASSED] - verifyElementPropertyValue(getResponse, "groups[0].pricingPlans[2].pricingPlanData[0].currencyLabel", "EGP"): Verify element property value successfully

2023-10-16 14:12:28 - [MESSAGE][PASSED] - Verify element property value successfully

2023-10-16 14:12:28 - [TEST_STEP][PASSED] - verifyElementPropertyValue(getResponse, "groups[0].pricingPlans[2].pricingPlanData[0].allowedForAcquisition", "true"): Verify element property value successfully

2023-10-16 14:12:28 - [MESSAGE][PASSED] - Verify element property value successfully

2023-10-16 14:12:28 - [TEST_STEP][PASSED] - verifyElementPropertyValue(getResponse, "groups[0].pricingPlans[2].pricingPlanData[0].showIn[0]", "VERTICAL_MODE"): Verify element property value successfully

2023-10-16 14:12:28 - [MESSAGE][PASSED] - Verify element property value successfully

2023-10-16 14:12:28 - [TEST_STEP][PASSED] - verifyElementPropertyValue(getResponse, "groups[0].pricingPlans[2].pricingPlanData[0].showIn[1]", "HORIZONTAL_MODE"): Verify element property value successfully

2023-10-16 14:12:28 - [MESSAGE][PASSED] - Verify element property value successfully

2023-10-16 14:12:28 - [TEST_STEP][PASSED] - verifyElementPropertyValue(getResponse, "groups[0].pricingPlans[2].packageId", "SHAHID_MOBILE_ONLY"): Verify element property value successfully

2023-10-16 14:12:28 - [MESSAGE][PASSED] - Verify element property value successfully

2023-10-16 14:12:28 - [TEST_STEP][PASSED] - verifyElementPropertyValue(getResponse, "groups[0].pricingPlans[2].catalogId", "VIP"): Verify element property value successfully

2023-10-16 14:12:28 - [MESSAGE][PASSED] - Verify element property value successfully

2023-10-16 14:12:28 - [TEST_STEP][PASSED] - verifyElementPropertyValue(getResponse, "deals[0].param", "EtisalatEGY"): Verify element property value successfully

2023-10-16 14:12:28 - [MESSAGE][PASSED] - Verify element property value successfully

2023-10-16 14:12:28 - [TEST_STEP][PASSED] - verifyElementPropertyValue(getResponse, "deals[0].skipLandingPage", "false"): Verify element property value successfully

2023-10-16 14:12:28 - [MESSAGE][PASSED] - Verify element property value successfully

2023-10-16 14:12:28 - [TEST_STEP][PASSED] - verifyElementPropertyValue(getResponse, "deals[0].visible", "false"): Verify element property value successfully

2023-10-16 14:12:28 - [MESSAGE][PASSED] - Verify element property value successfully

2023-10-16 14:12:28 - [TEST_STEP][PASSED] - verifyElementPropertyValue(getResponse, "deals[0].dealType", "deal_with_pricing_plan"): Verify element property value successfully

2023-10-16 14:12:28 - [MESSAGE][PASSED] - Verify element property value successfully

2023-10-16 14:12:28 - [TEST_STEP][PASSED] - verifyElementPropertyValue(getResponse, "deals[0].template", "TELCO"): Verify element property value successfully

2023-10-16 14:12:28 - [MESSAGE][PASSED] - Verify element property value successfully

2023-10-16 14:12:28 - [TEST_STEP][PASSED] - verifyElementPropertyValue(getResponse, "deals[0].visualElements[7].key", "main_partner_logo"): Verify element property value successfully

2023-10-16 14:12:28 - [MESSAGE][PASSED] - Verify element property value successfully

2023-10-16 14:12:28 - [TEST_STEP][PASSED] - verifyElementPropertyValue(getResponse, "deals[0].visualElements[7].value", "https://shahid.mbc.net/mediaObject/product_images/En_large/original/En_large.png?type=png"): Verify element property value successfully

2023-10-16 14:12:28 - [MESSAGE][PASSED] - Verify element property value successfully

2023-10-16 14:12:28 - [TEST_STEP][PASSED] - verifyElementPropertyValue(getResponse, "deals[0].groups[0].pricingPlans[0].featured", "false"): Verify element property value successfully

2023-10-16 14:12:28 - [MESSAGE][PASSED] - Verify element property value successfully

2023-10-16 14:12:28 - [TEST_STEP][PASSED] - verifyElementPropertyValue(getResponse, "deals[0].groups[0].pricingPlans[0].liteRegistrationEnabled", "true"): Verify element property value successfully

2023-10-16 14:12:28 - [MESSAGE][PASSED] - Verify element property value successfully

2023-10-16 14:12:28 - [TEST_STEP][PASSED] - verifyElementPropertyValue(getResponse, "deals[0].groups[0].pricingPlans[0].packageName", "monthly"): Verify element property value successfully

2023-10-16 14:12:28 - [MESSAGE][PASSED] - Verify element property value successfully

2023-10-16 14:12:28 - [TEST_STEP][PASSED] - verifyElementPropertyValue(getResponse, "deals[0].groups[0].pricingPlans[0].price", "28.99"): Verify element property value successfully

2023-10-16 14:12:28 - [MESSAGE][PASSED] - Verify element property value successfully

2023-10-16 14:12:28 - [TEST_STEP][PASSED] - verifyElementPropertyValue(getResponse, "deals[0].groups[0].pricingPlans[0].currency", "EGP"): Verify element property value successfully

2023-10-16 14:12:28 - [MESSAGE][PASSED] - Verify element property value successfully

2023-10-16 14:12:28 - [TEST_STEP][PASSED] - verifyElementPropertyValue(getResponse, "deals[0].groups[0].pricingPlans[0].packageId", "SHAHID_MOBILE_ONLY"): Verify element property value successfully

2023-10-16 14:12:28 - [MESSAGE][PASSED] - Verify element property value successfully

2023-10-16 14:12:28 - [TEST_STEP][PASSED] - verifyElementPropertyValue(getResponse, "deals[0].groups[0].pricingPlans[0].catalogId", "VIP"): Verify element property value successfully

2023-10-16 14:12:28 - [MESSAGE][PASSED] - Verify element property value successfully

2023-10-16 14:12:28 - [TEST_STEP][PASSED] - verifyElementPropertyValue(getResponse, "deals[0].groups[0].pricingPlans[0].visualElements[6].key", "show_payment_logo"): Verify element property value successfully

2023-10-16 14:12:28 - [MESSAGE][PASSED] - Verify element property value successfully

2023-10-16 14:12:28 - [TEST_STEP][PASSED] - verifyElementPropertyValue(getResponse, "deals[0].groups[0].pricingPlans[0].visualElements[6].value", "true"): Verify element property value successfully

2023-10-16 14:12:28 - [MESSAGE][PASSED] - Verify element property value successfully

2023-10-16 14:12:28 - [TEST_STEP][PASSED] - verifyElementPropertyValue(getResponse, "deals[0].groups[0].pricingPlans[0].visualElements[7].key", "show_tag"): Verify element property value successfully

2023-10-16 14:12:28 - [MESSAGE][PASSED] - Verify element property value successfully

2023-10-16 14:12:28 - [TEST_STEP][PASSED] - verifyElementPropertyValue(getResponse, "deals[0].groups[0].pricingPlans[0].visualElements[7].value", "true"): Verify element property value successfully

2023-10-16 14:12:28 - [MESSAGE][PASSED] - Verify element property value successfully

2023-10-16 14:12:28 - [TEST_STEP][PASSED] - verifyElementPropertyValue(getResponse, "deals[0].groups[0].pricingPlans[0].visualElements[10].key", "price"): Verify element property value successfully

2023-10-16 14:12:28 - [MESSAGE][PASSED] - Verify element property value successfully

2023-10-16 14:12:28 - [TEST_STEP][PASSED] - verifyElementPropertyValue(getResponse, "deals[0].groups[0].pricingPlans[0].visualElements[10].value", "28.99"): Verify element property value successfully

2023-10-16 14:12:28 - [MESSAGE][PASSED] - Verify element property value successfully

2023-10-16 14:12:28 - [TEST_STEP][PASSED] - verifyElementPropertyValue(getResponse, "deals[0].groups[0].pricingPlans[0].visualElements[11].key", "currency"): Verify element property value successfully

2023-10-16 14:12:28 - [MESSAGE][PASSED] - Verify element property value successfully

2023-10-16 14:12:28 - [TEST_STEP][PASSED] - verifyElementPropertyValue(getResponse, "deals[0].groups[0].pricingPlans[0].visualElements[11].value", "EGP"): Verify element property value successfully

2023-10-16 14:12:28 - [MESSAGE][PASSED] - Verify element property value successfully

2023-10-16 14:12:28 - [TEST_STEP][PASSED] - verifyElementPropertyValue(getResponse, "deals[0].groups[0].pricingPlans[0].visualElements[12].key", "duration"): Verify element property value successfully

2023-10-16 14:12:28 - [MESSAGE][PASSED] - Verify element property value successfully

2023-10-16 14:12:28 - [TEST_STEP][PASSED] - verifyElementPropertyValue(getResponse, "deals[0].groups[0].pricingPlans[0].visualElements[12].value", "monthly"): Verify element property value successfully

2023-10-16 14:12:28 - [MESSAGE][PASSED] - Verify element property value successfully

2023-10-16 14:12:28 - [TEST_STEP][PASSED] - verifyElementPropertyValue(getResponse, "deals[0].groups[0].pricingPlans[0].visualElements[16].key", "CC_logo"): Verify element property value successfully

2023-10-16 14:12:28 - [MESSAGE][PASSED] - Verify element property value successfully

2023-10-16 14:12:28 - [TEST_STEP][PASSED] - verifyElementPropertyValue(getResponse, "deals[0].groups[0].pricingPlans[0].visualElements[16].value[0]", "visa"): Verify element property value successfully

2023-10-16 14:12:28 - [MESSAGE][PASSED] - Verify element property value successfully

2023-10-16 14:12:28 - [TEST_STEP][PASSED] - verifyElementPropertyValue(getResponse, "deals[0].groups[0].pricingPlans[0].visualElements[16].value[1]", "master"): Verify element property value successfully

2023-10-16 14:12:28 - [MESSAGE][PASSED] - Verify element property value successfully

2023-10-16 14:12:28 - [TEST_STEP][PASSED] - verifyElementPropertyValue(getResponse, "deals[0].groups[0].pricingPlans[0].visualElements[17].key", "summary_text_1"): Verify element property value successfully

2023-10-16 14:12:28 - [MESSAGE][PASSED] - Verify element property value successfully

2023-10-16 14:12:28 - [TEST_STEP][PASSED] - verifyElementPropertyValue(getResponse, "deals[0].groups[0].pricingPlans[0].visualElements[17].value", "Shahid VIP Mobile - Unlimited entertainment for less, anytime, anywhere."): Verify element property value successfully

2023-10-16 14:12:28 - [MESSAGE][PASSED] - Verify element property value successfully

2023-10-16 14:12:28 - [TEST_STEP][PASSED] - verifyElementPropertyValue(getResponse, "deals[0].groups[0].pricingPlans[0].visualElements[18].key", "tab_name"): Verify element property value successfully

2023-10-16 14:12:28 - [MESSAGE][PASSED] - Verify element property value successfully

2023-10-16 14:12:28 - [TEST_STEP][PASSED] - verifyElementPropertyValue(getResponse, "deals[0].groups[0].pricingPlans[0].visualElements[18].value", "VIP Mobile"): Verify element property value successfully

2023-10-16 14:12:28 - [MESSAGE][PASSED] - Verify element property value successfully

2023-10-16 14:12:28 - [TEST_STEP][PASSED] - verifyElementPropertyValue(getResponse, "deals[0].groups[0].pricingPlans[0].visualElements[19].key", "summary_text_2"): Verify element property value successfully

2023-10-16 14:12:28 - [MESSAGE][PASSED] - Verify element property value successfully

2023-10-16 14:12:28 - [TEST_STEP][PASSED] - verifyElementPropertyValue(getResponse, "deals[0].groups[0].pricingPlans[0].visualElements[19].value", "Monthly fees: 28.99 EGP (VAT Inclusive)"): Verify element property value successfully

2023-10-16 14:12:28 - [MESSAGE][PASSED] - Verify element property value successfully

2023-10-16 14:12:28 - [TEST_STEP][PASSED] - verifyElementPropertyValue(getResponse, "deals[0].groups[0].pricingPlans[0].pricingPlanData[0].productId", "EGY_SHAHID_MOBILE_ONLY_1M"): Verify element property value successfully

2023-10-16 14:12:28 - [MESSAGE][PASSED] - Verify element property value successfully

2023-10-16 14:12:28 - [TEST_STEP][PASSED] - verifyElementPropertyValue(getResponse, "deals[0].groups[0].pricingPlans[0].pricingPlanData[0].pricingPlanId", "TPay_Etisalat_EG"): Verify element property value successfully

2023-10-16 14:12:28 - [MESSAGE][PASSED] - Verify element property value successfully

2023-10-16 14:12:28 - [TEST_STEP][PASSED] - verifyElementPropertyValue(getResponse, "deals[0].groups[0].pricingPlans[0].pricingPlanData[0].paymentMethod", "MOBILE_PAY"): Verify element property value successfully

2023-10-16 14:12:28 - [MESSAGE][PASSED] - Verify element property value successfully

2023-10-16 14:12:28 - [TEST_STEP][PASSED] - verifyElementPropertyValue(getResponse, "deals[0].groups[0].pricingPlans[0].pricingPlanData[0].subPricingPlanIds[0]", "60203"): Verify element property value successfully

2023-10-16 14:12:28 - [MESSAGE][PASSED] - Verify element property value successfully

2023-10-16 14:12:28 - [TEST_STEP][PASSED] - verifyElementPropertyValue(getResponse, "deals[0].groups[0].pricingPlans[0].pricingPlanData[0].priceLabel", "28.99"): Verify element property value successfully

2023-10-16 14:12:28 - [MESSAGE][PASSED] - Verify element property value successfully

2023-10-16 14:12:28 - [TEST_STEP][PASSED] - verifyElementPropertyValue(getResponse, "deals[0].groups[0].pricingPlans[0].pricingPlanData[0].currencyLabel", "EGP"): Verify element property value successfully

2023-10-16 14:12:28 - [MESSAGE][PASSED] - Verify element property value successfully

2023-10-16 14:12:28 - [TEST_STEP][PASSED] - verifyElementPropertyValue(getResponse, "deals[0].groups[0].pricingPlans[0].pricingPlanData[0].dealId", "ETPL001"): Verify element property value successfully

2023-10-16 14:12:28 - [MESSAGE][PASSED] - Verify element property value successfully

2023-10-16 14:12:28 - [TEST_STEP][PASSED] - verifyElementPropertyValue(getResponse, "deals[0].groups[0].pricingPlans[0].pricingPlanData[0].showForAnonymous", "true"): Verify element property value successfully

2023-10-16 14:12:28 - [MESSAGE][PASSED] - Verify element property value successfully

2023-10-16 14:12:28 - [TEST_STEP][PASSED] - verifyElementPropertyValue(getResponse, "deals[0].specialOfferLandingPage.visualElements[0].key", "pop_up_tab_title"): Verify element property value successfully

2023-10-16 14:12:28 - [MESSAGE][PASSED] - Verify element property value successfully

2023-10-16 14:12:28 - [TEST_STEP][PASSED] - verifyElementPropertyValue(getResponse, "deals[0].specialOfferLandingPage.visualElements[0].value[0]", "Terms and Conditions  "): Verify element property value successfully

2023-10-16 14:12:28 - [MESSAGE][PASSED] - Verify element property value successfully

2023-10-16 14:12:28 - [TEST_STEP][PASSED] - verifyElementPropertyValue(getResponse, "deals[0].specialOfferLandingPage.visualElements[1].key", "pop_up_tab_content"): Verify element property value successfully

2023-10-16 14:12:28 - [MESSAGE][PASSED] - Verify element property value successfully

2023-10-16 14:12:28 - [TEST_STEP][PASSED] - verifyElementPropertyValue(getResponse, "deals[0].specialOfferLandingPage.visualElements[1].value[0]", "<ul> <li> Subscription will be automatically renewed.</li> <li> Monthly fees: 28.99 EGP (VAT Inclusive).</li> <li> For all inquiries, contact us at care@shahid.net </li> </ul>"): Verify element property value successfully

2023-10-16 14:12:28 - [MESSAGE][PASSED] - Verify element property value successfully

2023-10-16 14:12:28 - [TEST_STEP][PASSED] - verifyElementPropertyValue(getResponse, "deals[0].specialOfferLandingPage.visualElements[2].key", "partner_logo"): Verify element property value successfully

2023-10-16 14:12:28 - [MESSAGE][PASSED] - Verify element property value successfully

2023-10-16 14:12:28 - [TEST_STEP][PASSED] - verifyElementPropertyValue(getResponse, "deals[0].specialOfferLandingPage.visualElements[2].value", "https://shahid.mbc.net/mediaObject/product_images/En_large/original/En_large.png?type=png"): Verify element property value successfully

2023-10-16 14:12:28 - [MESSAGE][PASSED] - Verify element property value successfully

2023-10-16 14:12:28 - [TEST_STEP][PASSED] - verifyElementPropertyValue(getResponse, "deals[0].specialOfferLandingPage.visualElements[4].key", "partner_name"): Verify element property value successfully

2023-10-16 14:12:28 - [MESSAGE][PASSED] - Verify element property value successfully

2023-10-16 14:12:28 - [TEST_STEP][PASSED] - verifyElementPropertyValue(getResponse, "deals[0].specialOfferLandingPage.visualElements[4].value", "EtisalatEGY"): Verify element property value successfully

2023-10-16 14:12:28 - [MESSAGE][PASSED] - Verify element property value successfully

2023-10-16 14:12:28 - [TEST_STEP][PASSED] - verifyElementPropertyValue(getResponse, "deals[0].specialOfferLandingPage.visualElements[6].key", "continue_cta"): Verify element property value successfully

2023-10-16 14:12:28 - [MESSAGE][PASSED] - Verify element property value successfully

2023-10-16 14:12:28 - [TEST_STEP][PASSED] - verifyElementPropertyValue(getResponse, "deals[0].specialOfferLandingPage.visualElements[6].value", "Subscribe now"): Verify element property value successfully

2023-10-16 14:12:28 - [MESSAGE][PASSED] - Verify element property value successfully

2023-10-16 14:12:28 - [TEST_STEP][PASSED] - verifyElementPropertyValue(getResponse, "deals[0].specialOfferLandingPage.visualElements[7].key", "guideline_cta"): Verify element property value successfully

2023-10-16 14:12:28 - [MESSAGE][PASSED] - Verify element property value successfully

2023-10-16 14:12:28 - [TEST_STEP][PASSED] - verifyElementPropertyValue(getResponse, "deals[0].specialOfferLandingPage.visualElements[7].value[0]", "Terms & conditions apply"): Verify element property value successfully

2023-10-16 14:12:28 - [MESSAGE][PASSED] - Verify element property value successfully

2023-10-16 14:12:28 - [TEST_STEP][PASSED] - verifyElementPropertyValue(getResponse, "deals[0].specialOfferLandingPage.cards[0].image", "https://shahid.mbc.net/mediaObject/offers/EtisalatandVodafoneOffer/original/EtisalatandVodafoneOffer.jpg"): Verify element property value successfully

2023-10-16 14:12:28 - [MESSAGE][PASSED] - Verify element property value successfully

2023-10-16 14:12:28 - [TEST_STEP][PASSED] - verifyElementPropertyValue(getResponse, "visualElements[0].key", "main_CTA_text_1"): Verify element property value successfully

2023-10-16 14:12:28 - [MESSAGE][PASSED] - Verify element property value successfully

2023-10-16 14:12:28 - [TEST_STEP][PASSED] - verifyElementPropertyValue(getResponse, "visualElements[0].value", "Watch the most powerful series and movies exclusively without stopping"): Verify element property value successfully

2023-10-16 14:12:28 - [MESSAGE][PASSED] - Verify element property value successfully

2023-10-16 14:12:28 - [TEST_STEP][PASSED] - verifyElementPropertyValue(getResponse, "visualElements[2].key", "main_disclaimer_text"): Verify element property value successfully

2023-10-16 14:12:28 - [MESSAGE][PASSED] - Verify element property value successfully

2023-10-16 14:12:28 - [TEST_STEP][PASSED] - verifyElementPropertyValue(getResponse, "visualElements[2].value", "Subscription fees may vary depending on the country, payment method, subscription package, added tax, currency conversion factor, and bank fees. Terms and conditions apply."): Verify element property value successfully

2023-10-16 14:12:28 - [MESSAGE][PASSED] - Verify element property value successfully

2023-10-16 14:12:28 - [TEST_STEP][PASSED] - verifyElementPropertyValue(getResponse, "visualElements[4].key", "display_type"): Verify element property value successfully

2023-10-16 14:12:28 - [MESSAGE][PASSED] - Verify element property value successfully

2023-10-16 14:12:28 - [TEST_STEP][PASSED] - verifyElementPropertyValue(getResponse, "visualElements[4].value", "vertical"): Verify element property value successfully

2023-10-16 14:12:28 - [MESSAGE][PASSED] - Verify element property value successfully

2023-10-16 14:12:28 - [TEST_STEP][PASSED] - verifyElementPropertyValue(getResponse, "pages[0].visualElements[0].key", "alternative_payment_title"): Verify element property value successfully

2023-10-16 14:12:28 - [MESSAGE][PASSED] - Verify element property value successfully

2023-10-16 14:12:28 - [TEST_STEP][PASSED] - verifyElementPropertyValue(getResponse, "pages[0].visualElements[0].value", "Or choose one of the following alternative methods"): Verify element property value successfully

2023-10-16 14:12:28 - [MESSAGE][PASSED] - Verify element property value successfully

2023-10-16 14:12:28 - [TEST_STEP][PASSED] - verifyElementPropertyValue(getResponse, "pages[0].visualElements[1].key", "label_text"): Verify element property value successfully

2023-10-16 14:12:28 - [MESSAGE][PASSED] - Verify element property value successfully

2023-10-16 14:12:28 - [TEST_STEP][FAILED] - verifyElementPropertyValue(getResponse, "pages[0].visualElements[1].value", "Other Payment Methods"): Expected element property value 'Other Payment Methods' is not equal with actual property value 'Other payment methods'

2023-10-16 14:12:28 - [MESSAGE][FAILED] - Expected element property value 'Other Payment Methods' is not equal with actual property value 'Other payment methods'

2023-10-16 14:12:28 - [TEST_STEP][PASSED] - verifyElementPropertyValue(getResponse, "pages[0].visualElements[3].key", "CTA_text"): Verify element property value successfully

2023-10-16 14:12:28 - [MESSAGE][PASSED] - Verify element property value successfully

2023-10-16 14:12:28 - [TEST_STEP][PASSED] - verifyElementPropertyValue(getResponse, "pages[0].visualElements[3].value", "Click here"): Verify element property value successfully

2023-10-16 14:12:28 - [MESSAGE][PASSED] - Verify element property value successfully

2023-10-16 14:12:28 - [TEST_STEP][PASSED] - verifyElementPropertyValue(getResponse, "pages[0].visualElements[4].key", "main_title"): Verify element property value successfully

2023-10-16 14:12:28 - [MESSAGE][PASSED] - Verify element property value successfully

2023-10-16 14:12:28 - [TEST_STEP][PASSED] - verifyElementPropertyValue(getResponse, "pages[0].visualElements[4].value", "Other Payment Methods"): Verify element property value successfully

2023-10-16 14:12:28 - [MESSAGE][PASSED] - Verify element property value successfully

2023-10-16 14:12:28 - [TEST_STEP][PASSED] - verifyElementPropertyValue(getResponse, "pages[0].visualElements[6].key", "alternative_payment_methods"): Verify element property value successfully

2023-10-16 14:12:28 - [MESSAGE][PASSED] - Verify element property value successfully

2023-10-16 14:12:28 - [TEST_STEP][PASSED] - verifyElementPropertyValue(getResponse, "pages[0].visualElements[6].value", "You can get Shahid voucher from any of the following retailers"): Verify element property value successfully

2023-10-16 14:12:28 - [MESSAGE][PASSED] - Verify element property value successfully

2023-10-16 14:12:28 - [TEST_STEP][PASSED] - verifyElementPropertyValue(getResponse, "partners[0].name", "Fawry"): Verify element property value successfully

2023-10-16 14:12:28 - [MESSAGE][PASSED] - Verify element property value successfully

2023-10-16 14:12:28 - [TEST_STEP][PASSED] - verifyElementPropertyValue(getResponse, "partners[0].link", "https://fawryplus.com/branches/"): Verify element property value successfully

2023-10-16 14:12:28 - [MESSAGE][PASSED] - Verify element property value successfully

2023-10-16 14:12:28 - [TEST_STEP][PASSED] - verifyElementPropertyValue(getResponse, "partners[0].logo", "https://shahid-static.s3.us-east-1.amazonaws.com/widget-images/logos/fawry.svg"): Verify element property value successfully

2023-10-16 14:12:28 - [MESSAGE][PASSED] - Verify element property value successfully

2023-10-16 14:12:28 - [TEST_STEP][PASSED] - verifyElementPropertyValue(getResponse, "partners[0].visible", "true"): Verify element property value successfully

2023-10-16 14:12:28 - [MESSAGE][PASSED] - Verify element property value successfully

2023-10-16 14:12:28 - [TEST_STEP][PASSED] - verifyElementPropertyValue(getResponse, "partners[0].visualElements[0].key", "text"): Verify element property value successfully

2023-10-16 14:12:28 - [MESSAGE][PASSED] - Verify element property value successfully

2023-10-16 14:12:28 - [TEST_STEP][PASSED] - verifyElementPropertyValue(getResponse, "partners[0].visualElements[0].value", "More Information"): Verify element property value successfully

2023-10-16 14:12:28 - [MESSAGE][PASSED] - Verify element property value successfully

2023-10-16 14:12:28 - [TEST_STEP][PASSED] - verifyElementPropertyValue(getResponse, "partners[1].name", "Bee"): Verify element property value successfully

2023-10-16 14:12:28 - [MESSAGE][PASSED] - Verify element property value successfully

2023-10-16 14:12:28 - [TEST_STEP][PASSED] - verifyElementPropertyValue(getResponse, "partners[1].link", "https://customer.bee.com.eg/en/bee-locator"): Verify element property value successfully

2023-10-16 14:12:28 - [MESSAGE][PASSED] - Verify element property value successfully

2023-10-16 14:12:28 - [TEST_STEP][PASSED] - verifyElementPropertyValue(getResponse, "partners[1].logo", "https://static.s3.shahid.mbc.net/widget-images/logos/bee@2x.png"): Verify element property value successfully

2023-10-16 14:12:28 - [MESSAGE][PASSED] - Verify element property value successfully

2023-10-16 14:12:28 - [TEST_STEP][PASSED] - verifyElementPropertyValue(getResponse, "partners[1].visible", "true"): Verify element property value successfully

2023-10-16 14:12:28 - [MESSAGE][PASSED] - Verify element property value successfully

2023-10-16 14:12:28 - [TEST_STEP][PASSED] - verifyElementPropertyValue(getResponse, "partners[1].visualElements[0].key", "text"): Verify element property value successfully

2023-10-16 14:12:28 - [MESSAGE][PASSED] - Verify element property value successfully

2023-10-16 14:12:28 - [TEST_STEP][PASSED] - verifyElementPropertyValue(getResponse, "partners[1].visualElements[0].value", "More Information"): Verify element property value successfully

2023-10-16 14:12:28 - [MESSAGE][PASSED] - Verify element property value successfully

2023-10-16 14:12:28 - [TEST_STEP][PASSED] - verifyElementPropertyValue(getResponse, "partners[2].name", "Razer Online"): Verify element property value successfully

2023-10-16 14:12:29 - [MESSAGE][PASSED] - Verify element property value successfully

2023-10-16 14:12:29 - [TEST_STEP][PASSED] - verifyElementPropertyValue(getResponse, "partners[2].link", "https://gold.razer.com/global/en/gold/catalog/shahid-vip-north-africa"): Verify element property value successfully

2023-10-16 14:12:29 - [MESSAGE][PASSED] - Verify element property value successfully

2023-10-16 14:12:29 - [TEST_STEP][PASSED] - verifyElementPropertyValue(getResponse, "partners[2].logo", "https://shahid-static.s3.amazonaws.com/widget-images/logos/Coin_RZR%20Gold_Black.png"): Verify element property value successfully

2023-10-16 14:12:29 - [MESSAGE][PASSED] - Verify element property value successfully

2023-10-16 14:12:29 - [TEST_STEP][PASSED] - verifyElementPropertyValue(getResponse, "partners[2].visible", "true"): Verify element property value successfully

2023-10-16 14:12:29 - [MESSAGE][PASSED] - Verify element property value successfully

2023-10-16 14:12:29 - [TEST_STEP][PASSED] - verifyElementPropertyValue(getResponse, "partners[2].visualElements[0].key", "text"): Verify element property value successfully

2023-10-16 14:12:29 - [MESSAGE][PASSED] - Verify element property value successfully

2023-10-16 14:12:29 - [TEST_STEP][PASSED] - verifyElementPropertyValue(getResponse, "partners[2].visualElements[0].value", "More Information"): Verify element property value successfully

2023-10-16 14:12:29 - [MESSAGE][PASSED] - Verify element property value successfully

2023-10-16 14:12:29 - [TEST_STEP][PASSED] - verifyElementPropertyValue(getResponse, "defaultPackageId", "SHAHID_VIP"): Verify element property value successfully

2023-10-16 14:12:29 - [MESSAGE][PASSED] - Verify element property value successfully]]></system-out>
         <system-err><![CDATA[2023-10-16 14:12:26 - [TEST_CASE][FAILED] - Test Cases/WEB - CHROME/EGY PI/WEB_EN_getSubscriptionConfigForEGY_MO: Test Cases/WEB - CHROME/EGY PI/WEB_EN_getSubscriptionConfigForEGY_MO FAILED.
Reason:
com.kms.katalon.core.exception.StepFailedException: Expected element property value 'Save 29%' is not equal with actual property value 'Save 30%'
	at com.kms.katalon.core.keyword.internal.KeywordMain.stepFailed(KeywordMain.groovy:39)
	at com.kms.katalon.core.webservice.keyword.builtin.VerifyElementPropertyValueKeyword$_verifyElementPropertyValue_closure1.doCall(VerifyElementPropertyValueKeyword.groovy:56)
	at com.kms.katalon.core.webservice.keyword.builtin.VerifyElementPropertyValueKeyword$_verifyElementPropertyValue_closure1.call(VerifyElementPropertyValueKeyword.groovy)
	at com.kms.katalon.core.keyword.internal.KeywordMain.runKeyword(KeywordMain.groovy:75)
	at com.kms.katalon.core.webservice.keyword.builtin.VerifyElementPropertyValueKeyword.verifyElementPropertyValue(VerifyElementPropertyValueKeyword.groovy:48)
	at com.kms.katalon.core.webservice.keyword.builtin.VerifyElementPropertyValueKeyword.execute(VerifyElementPropertyValueKeyword.groovy:43)
	at com.kms.katalon.core.keyword.internal.KeywordExecutor.executeKeywordForPlatform(KeywordExecutor.groovy:74)
	at com.kms.katalon.core.webservice.keyword.WSBuiltInKeywords.verifyElementPropertyValue(WSBuiltInKeywords.groovy:190)
	at com.kms.katalon.core.webservice.keyword.WSBuiltInKeywords$verifyElementPropertyValue$1.call(Unknown Source)
	at WEB_EN_getSubscriptionConfigForEGY_MO.run(WEB_EN_getSubscriptionConfigForEGY_MO:150)
	at com.kms.katalon.core.main.ScriptEngine.run(ScriptEngine.java:194)
	at com.kms.katalon.core.main.ScriptEngine.runScriptAsRawText(ScriptEngine.java:119)
	at com.kms.katalon.core.main.TestCaseExecutor.runScript(TestCaseExecutor.java:448)
	at com.kms.katalon.core.main.TestCaseExecutor.doExecute(TestCaseExecutor.java:439)
	at com.kms.katalon.core.main.TestCaseExecutor.processExecutionPhase(TestCaseExecutor.java:418)
	at com.kms.katalon.core.main.TestCaseExecutor.accessMainPhase(TestCaseExecutor.java:410)
	at com.kms.katalon.core.main.TestCaseExecutor.execute(TestCaseExecutor.java:285)
	at com.kms.katalon.core.common.CommonExecutor.accessTestCaseMainPhase(CommonExecutor.java:65)
	at com.kms.katalon.core.main.TestSuiteExecutor.accessTestSuiteMainPhase(TestSuiteExecutor.java:148)
	at com.kms.katalon.core.main.TestSuiteExecutor.execute(TestSuiteExecutor.java:106)
	at com.kms.katalon.core.main.TestCaseMain.startTestSuite(TestCaseMain.java:187)
	at com.kms.katalon.core.main.TestCaseMain$startTestSuite$0.call(Unknown Source)
	at TempTestSuite1697454205358.run(TempTestSuite1697454205358.groovy:36)]]></system-err>
      </testcase>
      <testcase name="Test Cases/WEB - CHROME/EGY PI/WEB_EN_getSubscriptionConfigForEGY_SPORT" time="2.714" classname="Test Cases/WEB - CHROME/EGY PI/WEB_EN_getSubscriptionConfigForEGY_SPORT" status="FAILED">
         <failure type="FAILED" message="Test Cases/WEB - CHROME/EGY PI/WEB_EN_getSubscriptionConfigForEGY_SPORT FAILED.
Reason:
com.kms.katalon.core.exception.StepFailedException: Expected element property value 'f3' is not equal with actual property value 'w3'
	at com.kms.katalon.core.keyword.internal.KeywordMain.stepFailed(KeywordMain.groovy:39)
	at com.kms.katalon.core.webservice.keyword.builtin.VerifyElementPropertyValueKeyword$_verifyElementPropertyValue_closure1.doCall(VerifyElementPropertyValueKeyword.groovy:56)
	at com.kms.katalon.core.webservice.keyword.builtin.VerifyElementPropertyValueKeyword$_verifyElementPropertyValue_closure1.call(VerifyElementPropertyValueKeyword.groovy)
	at com.kms.katalon.core.keyword.internal.KeywordMain.runKeyword(KeywordMain.groovy:75)
	at com.kms.katalon.core.webservice.keyword.builtin.VerifyElementPropertyValueKeyword.verifyElementPropertyValue(VerifyElementPropertyValueKeyword.groovy:48)
	at com.kms.katalon.core.webservice.keyword.builtin.VerifyElementPropertyValueKeyword.execute(VerifyElementPropertyValueKeyword.groovy:43)
	at com.kms.katalon.core.keyword.internal.KeywordExecutor.executeKeywordForPlatform(KeywordExecutor.groovy:74)
	at com.kms.katalon.core.webservice.keyword.WSBuiltInKeywords.verifyElementPropertyValue(WSBuiltInKeywords.groovy:190)
	at com.kms.katalon.core.webservice.keyword.WSBuiltInKeywords$verifyElementPropertyValue$1.call(Unknown Source)
	at WEB_EN_getSubscriptionConfigForEGY_SPORT.run(WEB_EN_getSubscriptionConfigForEGY_SPORT:150)
	at com.kms.katalon.core.main.ScriptEngine.run(ScriptEngine.java:194)
	at com.kms.katalon.core.main.ScriptEngine.runScriptAsRawText(ScriptEngine.java:119)
	at com.kms.katalon.core.main.TestCaseExecutor.runScript(TestCaseExecutor.java:448)
	at com.kms.katalon.core.main.TestCaseExecutor.doExecute(TestCaseExecutor.java:439)
	at com.kms.katalon.core.main.TestCaseExecutor.processExecutionPhase(TestCaseExecutor.java:418)
	at com.kms.katalon.core.main.TestCaseExecutor.accessMainPhase(TestCaseExecutor.java:410)
	at com.kms.katalon.core.main.TestCaseExecutor.execute(TestCaseExecutor.java:285)
	at com.kms.katalon.core.common.CommonExecutor.accessTestCaseMainPhase(CommonExecutor.java:65)
	at com.kms.katalon.core.main.TestSuiteExecutor.accessTestSuiteMainPhase(TestSuiteExecutor.java:148)
	at com.kms.katalon.core.main.TestSuiteExecutor.execute(TestSuiteExecutor.java:106)
	at com.kms.katalon.core.main.TestCaseMain.startTestSuite(TestCaseMain.java:187)
	at com.kms.katalon.core.main.TestCaseMain$startTestSuite$0.call(Unknown Source)
	at TempTestSuite1697454205358.run(TempTestSuite1697454205358.groovy:36)
"/>
         <system-out><![CDATA[2023-10-16 14:12:29 - [TEST_CASE][FAILED] - Test Cases/WEB - CHROME/EGY PI/WEB_EN_getSubscriptionConfigForEGY_SPORT: Test Cases/WEB - CHROME/EGY PI/WEB_EN_getSubscriptionConfigForEGY_SPORT FAILED.
Reason:
com.kms.katalon.core.exception.StepFailedException: Expected element property value 'f3' is not equal with actual property value 'w3'
	at com.kms.katalon.core.keyword.internal.KeywordMain.stepFailed(KeywordMain.groovy:39)
	at com.kms.katalon.core.webservice.keyword.builtin.VerifyElementPropertyValueKeyword$_verifyElementPropertyValue_closure1.doCall(VerifyElementPropertyValueKeyword.groovy:56)
	at com.kms.katalon.core.webservice.keyword.builtin.VerifyElementPropertyValueKeyword$_verifyElementPropertyValue_closure1.call(VerifyElementPropertyValueKeyword.groovy)
	at com.kms.katalon.core.keyword.internal.KeywordMain.runKeyword(KeywordMain.groovy:75)
	at com.kms.katalon.core.webservice.keyword.builtin.VerifyElementPropertyValueKeyword.verifyElementPropertyValue(VerifyElementPropertyValueKeyword.groovy:48)
	at com.kms.katalon.core.webservice.keyword.builtin.VerifyElementPropertyValueKeyword.execute(VerifyElementPropertyValueKeyword.groovy:43)
	at com.kms.katalon.core.keyword.internal.KeywordExecutor.executeKeywordForPlatform(KeywordExecutor.groovy:74)
	at com.kms.katalon.core.webservice.keyword.WSBuiltInKeywords.verifyElementPropertyValue(WSBuiltInKeywords.groovy:190)
	at com.kms.katalon.core.webservice.keyword.WSBuiltInKeywords$verifyElementPropertyValue$1.call(Unknown Source)
	at WEB_EN_getSubscriptionConfigForEGY_SPORT.run(WEB_EN_getSubscriptionConfigForEGY_SPORT:150)
	at com.kms.katalon.core.main.ScriptEngine.run(ScriptEngine.java:194)
	at com.kms.katalon.core.main.ScriptEngine.runScriptAsRawText(ScriptEngine.java:119)
	at com.kms.katalon.core.main.TestCaseExecutor.runScript(TestCaseExecutor.java:448)
	at com.kms.katalon.core.main.TestCaseExecutor.doExecute(TestCaseExecutor.java:439)
	at com.kms.katalon.core.main.TestCaseExecutor.processExecutionPhase(TestCaseExecutor.java:418)
	at com.kms.katalon.core.main.TestCaseExecutor.accessMainPhase(TestCaseExecutor.java:410)
	at com.kms.katalon.core.main.TestCaseExecutor.execute(TestCaseExecutor.java:285)
	at com.kms.katalon.core.common.CommonExecutor.accessTestCaseMainPhase(CommonExecutor.java:65)
	at com.kms.katalon.core.main.TestSuiteExecutor.accessTestSuiteMainPhase(TestSuiteExecutor.java:148)
	at com.kms.katalon.core.main.TestSuiteExecutor.execute(TestSuiteExecutor.java:106)
	at com.kms.katalon.core.main.TestCaseMain.startTestSuite(TestCaseMain.java:187)
	at com.kms.katalon.core.main.TestCaseMain$startTestSuite$0.call(Unknown Source)
	at TempTestSuite1697454205358.run(TempTestSuite1697454205358.groovy:36)


2023-10-16 14:12:29 - [TEST_STEP][PASSED] - getResponse = config_files.getConfigFile.getConfig("WEB", "EN", "SHAHID_VIP_SPORT", "EG", "false"): config_files.getConfigFile.getConfig is PASSED

2023-10-16 14:12:30 - [MESSAGE][INFO] - HAR: /Users/admin/git/shahid-configuration/Reports/20231016_140310/WEB/EGY/20231016_140325/requests/main/2.har

2023-10-16 14:12:30 - [MESSAGE][PASSED] - Send request successfully

2023-10-16 14:12:30 - [MESSAGE][PASSED] - config_files.getConfigFile.getConfig is PASSED

2023-10-16 14:12:30 - [TEST_STEP][PASSED] - verifyResponseStatusCode(getResponse, 200): Verify response status code successfully

2023-10-16 14:12:30 - [MESSAGE][PASSED] - Verify response status code successfully

2023-10-16 14:12:30 - [TEST_STEP][PASSED] - verifyElementPropertyValue(getResponse, "country", "EGY"): Verify element property value successfully

2023-10-16 14:12:30 - [MESSAGE][PASSED] - Verify element property value successfully

2023-10-16 14:12:30 - [TEST_STEP][PASSED] - verifyElementPropertyValue(getResponse, "platform", "[WEB]"): Verify element property value successfully

2023-10-16 14:12:30 - [MESSAGE][PASSED] - Verify element property value successfully

2023-10-16 14:12:30 - [TEST_STEP][PASSED] - verifyElementPropertyValue(getResponse, "groups[0].pricingPlans[0].featured", "true"): Verify element property value successfully

2023-10-16 14:12:30 - [MESSAGE][PASSED] - Verify element property value successfully

2023-10-16 14:12:30 - [TEST_STEP][PASSED] - verifyElementPropertyValue(getResponse, "groups[0].pricingPlans[0].packageId", "SHAHID_VIP_SPORT"): Verify element property value successfully

2023-10-16 14:12:30 - [MESSAGE][PASSED] - Verify element property value successfully

2023-10-16 14:12:30 - [TEST_STEP][PASSED] - verifyElementPropertyValue(getResponse, "groups[0].pricingPlans[0].catalogId", "SPORT"): Verify element property value successfully

2023-10-16 14:12:30 - [MESSAGE][PASSED] - Verify element property value successfully

2023-10-16 14:12:30 - [TEST_STEP][PASSED] - verifyElementPropertyValue(getResponse, "groups[0].pricingPlans[0].visualElements[0].key", "Header_1_text"): Verify element property value successfully

2023-10-16 14:12:30 - [MESSAGE][PASSED] - Verify element property value successfully

2023-10-16 14:12:30 - [TEST_STEP][PASSED] - verifyElementPropertyValue(getResponse, "groups[0].pricingPlans[0].visualElements[0].value", "Watch the most powerful series and movies exclusively without stopping"): Verify element property value successfully

2023-10-16 14:12:30 - [MESSAGE][PASSED] - Verify element property value successfully

2023-10-16 14:12:30 - [TEST_STEP][PASSED] - verifyElementPropertyValue(getResponse, "groups[0].pricingPlans[0].visualElements[1].key", "display_title"): Verify element property value successfully

2023-10-16 14:12:30 - [MESSAGE][PASSED] - Verify element property value successfully

2023-10-16 14:12:30 - [TEST_STEP][PASSED] - verifyElementPropertyValue(getResponse, "groups[0].pricingPlans[0].visualElements[1].value", "Monthly Plan"): Verify element property value successfully

2023-10-16 14:12:30 - [MESSAGE][PASSED] - Verify element property value successfully

2023-10-16 14:12:30 - [TEST_STEP][PASSED] - verifyElementPropertyValue(getResponse, "groups[0].pricingPlans[0].visualElements[2].key", "promo_text"): Verify element property value successfully

2023-10-16 14:12:30 - [MESSAGE][PASSED] - Verify element property value successfully

2023-10-16 14:12:30 - [TEST_STEP][PASSED] - verifyElementPropertyValue(getResponse, "groups[0].pricingPlans[0].visualElements[2].value", "299.99 EGP/ month"): Verify element property value successfully

2023-10-16 14:12:30 - [MESSAGE][PASSED] - Verify element property value successfully

2023-10-16 14:12:30 - [TEST_STEP][PASSED] - verifyElementPropertyValue(getResponse, "groups[0].pricingPlans[0].visualElements[3].key", "deduction_text"): Verify element property value successfully

2023-10-16 14:12:30 - [MESSAGE][PASSED] - Verify element property value successfully

2023-10-16 14:12:30 - [TEST_STEP][PASSED] - verifyElementPropertyValue(getResponse, "groups[0].pricingPlans[0].visualElements[3].value", "billed monthly"): Verify element property value successfully

2023-10-16 14:12:30 - [MESSAGE][PASSED] - Verify element property value successfully

2023-10-16 14:12:30 - [TEST_STEP][PASSED] - verifyElementPropertyValue(getResponse, "groups[0].pricingPlans[0].visualElements[6].key", "show_payment_logo"): Verify element property value successfully

2023-10-16 14:12:30 - [MESSAGE][PASSED] - Verify element property value successfully

2023-10-16 14:12:30 - [TEST_STEP][PASSED] - verifyElementPropertyValue(getResponse, "groups[0].pricingPlans[0].visualElements[6].value", "true"): Verify element property value successfully

2023-10-16 14:12:30 - [MESSAGE][PASSED] - Verify element property value successfully

2023-10-16 14:12:30 - [TEST_STEP][PASSED] - verifyElementPropertyValue(getResponse, "groups[0].pricingPlans[0].visualElements[8].key", "price"): Verify element property value successfully

2023-10-16 14:12:30 - [MESSAGE][PASSED] - Verify element property value successfully

2023-10-16 14:12:30 - [TEST_STEP][PASSED] - verifyElementPropertyValue(getResponse, "groups[0].pricingPlans[0].visualElements[8].value", "299.99"): Verify element property value successfully

2023-10-16 14:12:30 - [MESSAGE][PASSED] - Verify element property value successfully

2023-10-16 14:12:30 - [TEST_STEP][PASSED] - verifyElementPropertyValue(getResponse, "groups[0].pricingPlans[0].visualElements[9].key", "currency"): Verify element property value successfully

2023-10-16 14:12:30 - [MESSAGE][PASSED] - Verify element property value successfully

2023-10-16 14:12:30 - [TEST_STEP][PASSED] - verifyElementPropertyValue(getResponse, "groups[0].pricingPlans[0].visualElements[9].value", "EGP"): Verify element property value successfully

2023-10-16 14:12:30 - [MESSAGE][PASSED] - Verify element property value successfully

2023-10-16 14:12:30 - [TEST_STEP][PASSED] - verifyElementPropertyValue(getResponse, "groups[0].pricingPlans[0].visualElements[10].key", "duration"): Verify element property value successfully

2023-10-16 14:12:30 - [MESSAGE][PASSED] - Verify element property value successfully

2023-10-16 14:12:30 - [TEST_STEP][PASSED] - verifyElementPropertyValue(getResponse, "groups[0].pricingPlans[0].visualElements[10].value", "Monthly"): Verify element property value successfully

2023-10-16 14:12:30 - [MESSAGE][PASSED] - Verify element property value successfully

2023-10-16 14:12:30 - [TEST_STEP][PASSED] - verifyElementPropertyValue(getResponse, "groups[0].pricingPlans[0].order", "3"): Verify element property value successfully

2023-10-16 14:12:30 - [MESSAGE][PASSED] - Verify element property value successfully

2023-10-16 14:12:30 - [TEST_STEP][PASSED] - verifyElementPropertyValue(getResponse, "groups[0].pricingPlans[0].period", "monthly"): Verify element property value successfully

2023-10-16 14:12:30 - [MESSAGE][PASSED] - Verify element property value successfully

2023-10-16 14:12:30 - [TEST_STEP][PASSED] - verifyElementPropertyValue(getResponse, "groups[0].pricingPlans[0].price", "299.99"): Verify element property value successfully

2023-10-16 14:12:30 - [MESSAGE][PASSED] - Verify element property value successfully

2023-10-16 14:12:30 - [TEST_STEP][PASSED] - verifyElementPropertyValue(getResponse, "groups[0].pricingPlans[0].currency", "EGP"): Verify element property value successfully

2023-10-16 14:12:30 - [MESSAGE][PASSED] - Verify element property value successfully

2023-10-16 14:12:30 - [TEST_STEP][PASSED] - verifyElementPropertyValue(getResponse, "groups[0].pricingPlans[0].pricingPlanData[0].productId", "EGY_B2C_SHAHID_VIP_SPORT_1M"): Verify element property value successfully

2023-10-16 14:12:30 - [MESSAGE][PASSED] - Verify element property value successfully

2023-10-16 14:12:30 - [TEST_STEP][PASSED] - verifyElementPropertyValue(getResponse, "groups[0].pricingPlans[0].pricingPlanData[0].subPricingPlanIds", "null"): Verify element property value successfully

2023-10-16 14:12:30 - [MESSAGE][PASSED] - Verify element property value successfully

2023-10-16 14:12:30 - [TEST_STEP][PASSED] - verifyElementPropertyValue(getResponse, "groups[0].pricingPlans[0].pricingPlanData[0].paymentMethod", "CREDIT_CARD"): Verify element property value successfully

2023-10-16 14:12:30 - [MESSAGE][PASSED] - Verify element property value successfully

2023-10-16 14:12:30 - [TEST_STEP][PASSED] - verifyElementPropertyValue(getResponse, "groups[0].pricingPlans[0].pricingPlanData[0].freeTrialEnabled", "false"): Verify element property value successfully

2023-10-16 14:12:30 - [MESSAGE][PASSED] - Verify element property value successfully

2023-10-16 14:12:30 - [TEST_STEP][PASSED] - verifyElementPropertyValue(getResponse, "groups[0].pricingPlans[0].pricingPlanData[0].visualElements[0].key", "title"): Verify element property value successfully

2023-10-16 14:12:30 - [MESSAGE][PASSED] - Verify element property value successfully

2023-10-16 14:12:30 - [TEST_STEP][PASSED] - verifyElementPropertyValue(getResponse, "groups[0].pricingPlans[0].pricingPlanData[0].visualElements[0].value", "Credit/Debit Card"): Verify element property value successfully

2023-10-16 14:12:30 - [MESSAGE][PASSED] - Verify element property value successfully

2023-10-16 14:12:30 - [TEST_STEP][PASSED] - verifyElementPropertyValue(getResponse, "groups[0].pricingPlans[0].pricingPlanData[0].visualElements[1].key", "CTA_text"): Verify element property value successfully

2023-10-16 14:12:30 - [MESSAGE][PASSED] - Verify element property value successfully

2023-10-16 14:12:30 - [TEST_STEP][PASSED] - verifyElementPropertyValue(getResponse, "groups[0].pricingPlans[0].pricingPlanData[0].visualElements[1].value", "Subscribe"): Verify element property value successfully

2023-10-16 14:12:30 - [MESSAGE][PASSED] - Verify element property value successfully

2023-10-16 14:12:30 - [TEST_STEP][PASSED] - verifyElementPropertyValue(getResponse, "groups[0].pricingPlans[0].pricingPlanData[0].visualElements[2].key", "logo"): Verify element property value successfully

2023-10-16 14:12:30 - [MESSAGE][PASSED] - Verify element property value successfully

2023-10-16 14:12:30 - [TEST_STEP][PASSED] - verifyElementPropertyValue(getResponse, "groups[0].pricingPlans[0].pricingPlanData[0].visualElements[2].value", "https://static.s3.shahid.mbc.net/widget-images/icons/iconCreditCard.png"): Verify element property value successfully

2023-10-16 14:12:30 - [MESSAGE][PASSED] - Verify element property value successfully

2023-10-16 14:12:30 - [TEST_STEP][PASSED] - verifyElementPropertyValue(getResponse, "groups[0].pricingPlans[0].pricingPlanData[0].priceLabel", "299.99"): Verify element property value successfully

2023-10-16 14:12:30 - [MESSAGE][PASSED] - Verify element property value successfully

2023-10-16 14:12:30 - [TEST_STEP][PASSED] - verifyElementPropertyValue(getResponse, "groups[0].pricingPlans[0].pricingPlanData[0].currencyLabel", "EGP"): Verify element property value successfully

2023-10-16 14:12:30 - [MESSAGE][PASSED] - Verify element property value successfully

2023-10-16 14:12:30 - [TEST_STEP][PASSED] - verifyElementPropertyValue(getResponse, "groups[0].pricingPlans[1].featured", "false"): Verify element property value successfully

2023-10-16 14:12:30 - [MESSAGE][PASSED] - Verify element property value successfully

2023-10-16 14:12:30 - [TEST_STEP][PASSED] - verifyElementPropertyValue(getResponse, "groups[0].pricingPlans[1].liteRegistrationEnabled", "false"): Verify element property value successfully

2023-10-16 14:12:30 - [MESSAGE][PASSED] - Verify element property value successfully

2023-10-16 14:12:30 - [TEST_STEP][PASSED] - verifyElementPropertyValue(getResponse, "groups[0].pricingPlans[1].period", "quarterly"): Verify element property value successfully

2023-10-16 14:12:30 - [MESSAGE][PASSED] - Verify element property value successfully

2023-10-16 14:12:30 - [TEST_STEP][PASSED] - verifyElementPropertyValue(getResponse, "groups[0].pricingPlans[1].packageName", "quarterly"): Verify element property value successfully

2023-10-16 14:12:30 - [MESSAGE][PASSED] - Verify element property value successfully

2023-10-16 14:12:30 - [TEST_STEP][PASSED] - verifyElementPropertyValue(getResponse, "groups[0].pricingPlans[1].price", "869.99"): Verify element property value successfully

2023-10-16 14:12:30 - [MESSAGE][PASSED] - Verify element property value successfully

2023-10-16 14:12:30 - [TEST_STEP][PASSED] - verifyElementPropertyValue(getResponse, "groups[0].pricingPlans[1].currency", "EGP"): Verify element property value successfully

2023-10-16 14:12:30 - [MESSAGE][PASSED] - Verify element property value successfully

2023-10-16 14:12:30 - [TEST_STEP][PASSED] - verifyElementPropertyValue(getResponse, "groups[0].pricingPlans[1].order", "3"): Verify element property value successfully

2023-10-16 14:12:30 - [MESSAGE][PASSED] - Verify element property value successfully

2023-10-16 14:12:30 - [TEST_STEP][PASSED] - verifyElementPropertyValue(getResponse, "groups[0].pricingPlans[1].packageId", "SHAHID_VIP_SPORT"): Verify element property value successfully

2023-10-16 14:12:30 - [MESSAGE][PASSED] - Verify element property value successfully

2023-10-16 14:12:30 - [TEST_STEP][PASSED] - verifyElementPropertyValue(getResponse, "groups[0].pricingPlans[1].catalogId", "SPORT"): Verify element property value successfully

2023-10-16 14:12:30 - [MESSAGE][PASSED] - Verify element property value successfully

2023-10-16 14:12:30 - [TEST_STEP][PASSED] - verifyElementPropertyValue(getResponse, "groups[0].pricingPlans[1].visualElements[0].key", "Header_1_text"): Verify element property value successfully

2023-10-16 14:12:30 - [MESSAGE][PASSED] - Verify element property value successfully

2023-10-16 14:12:30 - [TEST_STEP][PASSED] - verifyElementPropertyValue(getResponse, "groups[0].pricingPlans[1].visualElements[0].value", "Watch the most powerful series and movies exclusively without stopping"): Verify element property value successfully

2023-10-16 14:12:30 - [MESSAGE][PASSED] - Verify element property value successfully

2023-10-16 14:12:30 - [TEST_STEP][PASSED] - verifyElementPropertyValue(getResponse, "groups[0].pricingPlans[1].visualElements[1].key", "display_title"): Verify element property value successfully

2023-10-16 14:12:30 - [MESSAGE][PASSED] - Verify element property value successfully

2023-10-16 14:12:30 - [TEST_STEP][PASSED] - verifyElementPropertyValue(getResponse, "groups[0].pricingPlans[1].visualElements[1].value", "3-Month Plan"): Verify element property value successfully

2023-10-16 14:12:30 - [MESSAGE][PASSED] - Verify element property value successfully

2023-10-16 14:12:30 - [TEST_STEP][PASSED] - verifyElementPropertyValue(getResponse, "groups[0].pricingPlans[1].visualElements[2].key", "promo_text"): Verify element property value successfully

2023-10-16 14:12:30 - [MESSAGE][PASSED] - Verify element property value successfully

2023-10-16 14:12:30 - [TEST_STEP][PASSED] - verifyElementPropertyValue(getResponse, "groups[0].pricingPlans[1].visualElements[2].value", "289.99 EGP/ month"): Verify element property value successfully

2023-10-16 14:12:30 - [MESSAGE][PASSED] - Verify element property value successfully

2023-10-16 14:12:30 - [TEST_STEP][PASSED] - verifyElementPropertyValue(getResponse, "groups[0].pricingPlans[1].visualElements[3].key", "deduction_text"): Verify element property value successfully

2023-10-16 14:12:30 - [MESSAGE][PASSED] - Verify element property value successfully

2023-10-16 14:12:30 - [TEST_STEP][PASSED] - verifyElementPropertyValue(getResponse, "groups[0].pricingPlans[1].visualElements[3].value", "869.99 EGP billed every 3 months"): Verify element property value successfully

2023-10-16 14:12:30 - [MESSAGE][PASSED] - Verify element property value successfully

2023-10-16 14:12:30 - [TEST_STEP][PASSED] - verifyElementPropertyValue(getResponse, "groups[0].pricingPlans[1].visualElements[6].key", "show_payment_logo"): Verify element property value successfully

2023-10-16 14:12:30 - [MESSAGE][PASSED] - Verify element property value successfully

2023-10-16 14:12:30 - [TEST_STEP][PASSED] - verifyElementPropertyValue(getResponse, "groups[0].pricingPlans[1].visualElements[6].value", "true"): Verify element property value successfully

2023-10-16 14:12:30 - [MESSAGE][PASSED] - Verify element property value successfully

2023-10-16 14:12:30 - [TEST_STEP][PASSED] - verifyElementPropertyValue(getResponse, "groups[0].pricingPlans[1].visualElements[7].key", "Free_trial_day"): Verify element property value successfully

2023-10-16 14:12:30 - [MESSAGE][PASSED] - Verify element property value successfully

2023-10-16 14:12:30 - [TEST_STEP][PASSED] - verifyElementPropertyValue(getResponse, "groups[0].pricingPlans[1].visualElements[7].value", "7"): Verify element property value successfully

2023-10-16 14:12:30 - [MESSAGE][PASSED] - Verify element property value successfully

2023-10-16 14:12:30 - [TEST_STEP][PASSED] - verifyElementPropertyValue(getResponse, "groups[0].pricingPlans[1].visualElements[8].key", "price"): Verify element property value successfully

2023-10-16 14:12:30 - [MESSAGE][PASSED] - Verify element property value successfully

2023-10-16 14:12:30 - [TEST_STEP][PASSED] - verifyElementPropertyValue(getResponse, "groups[0].pricingPlans[1].visualElements[8].value", "869.99"): Verify element property value successfully

2023-10-16 14:12:30 - [MESSAGE][PASSED] - Verify element property value successfully

2023-10-16 14:12:30 - [TEST_STEP][PASSED] - verifyElementPropertyValue(getResponse, "groups[0].pricingPlans[1].visualElements[9].key", "currency"): Verify element property value successfully

2023-10-16 14:12:30 - [MESSAGE][PASSED] - Verify element property value successfully

2023-10-16 14:12:30 - [TEST_STEP][PASSED] - verifyElementPropertyValue(getResponse, "groups[0].pricingPlans[1].visualElements[9].value", "EGP"): Verify element property value successfully

2023-10-16 14:12:30 - [MESSAGE][PASSED] - Verify element property value successfully

2023-10-16 14:12:30 - [TEST_STEP][PASSED] - verifyElementPropertyValue(getResponse, "groups[0].pricingPlans[1].visualElements[10].key", "duration"): Verify element property value successfully

2023-10-16 14:12:30 - [MESSAGE][PASSED] - Verify element property value successfully

2023-10-16 14:12:30 - [TEST_STEP][PASSED] - verifyElementPropertyValue(getResponse, "groups[0].pricingPlans[1].visualElements[10].value", "Quarterly"): Verify element property value successfully

2023-10-16 14:12:30 - [MESSAGE][PASSED] - Verify element property value successfully

2023-10-16 14:12:30 - [TEST_STEP][PASSED] - verifyElementPropertyValue(getResponse, "groups[0].pricingPlans[1].visualElements[12].key", "show_tag"): Verify element property value successfully

2023-10-16 14:12:30 - [MESSAGE][PASSED] - Verify element property value successfully

2023-10-16 14:12:30 - [TEST_STEP][PASSED] - verifyElementPropertyValue(getResponse, "groups[0].pricingPlans[1].visualElements[12].value", "true"): Verify element property value successfully

2023-10-16 14:12:30 - [MESSAGE][PASSED] - Verify element property value successfully

2023-10-16 14:12:30 - [TEST_STEP][PASSED] - verifyElementPropertyValue(getResponse, "groups[0].pricingPlans[1].visualElements[13].key", "tag_text"): Verify element property value successfully

2023-10-16 14:12:30 - [MESSAGE][PASSED] - Verify element property value successfully

2023-10-16 14:12:30 - [TEST_STEP][PASSED] - verifyElementPropertyValue(getResponse, "groups[0].pricingPlans[1].visualElements[13].value", "Save 3%"): Verify element property value successfully

2023-10-16 14:12:30 - [MESSAGE][PASSED] - Verify element property value successfully

2023-10-16 14:12:30 - [TEST_STEP][PASSED] - verifyElementPropertyValue(getResponse, "groups[0].pricingPlans[1].pricingPlanData[0].pricingPlanId", "f3"): Verify element property value successfully

2023-10-16 14:12:30 - [MESSAGE][PASSED] - Verify element property value successfully

2023-10-16 14:12:30 - [TEST_STEP][PASSED] - verifyElementPropertyValue(getResponse, "groups[0].pricingPlans[1].pricingPlanData[0].productId", "EGY_B2C_SHAHID_VIP_SPORT_3M"): Verify element property value successfully

2023-10-16 14:12:30 - [MESSAGE][PASSED] - Verify element property value successfully

2023-10-16 14:12:30 - [TEST_STEP][PASSED] - verifyElementPropertyValue(getResponse, "groups[0].pricingPlans[1].pricingPlanData[0].paymentMethod", "CASH_PAY"): Verify element property value successfully

2023-10-16 14:12:30 - [MESSAGE][PASSED] - Verify element property value successfully

2023-10-16 14:12:30 - [TEST_STEP][PASSED] - verifyElementPropertyValue(getResponse, "groups[0].pricingPlans[1].pricingPlanData[0].numberOfDay", "7"): Verify element property value successfully

2023-10-16 14:12:30 - [MESSAGE][PASSED] - Verify element property value successfully

2023-10-16 14:12:30 - [TEST_STEP][PASSED] - verifyElementPropertyValue(getResponse, "groups[0].pricingPlans[1].pricingPlanData[0].freeTrialEnabled", "false"): Verify element property value successfully

2023-10-16 14:12:30 - [MESSAGE][PASSED] - Verify element property value successfully

2023-10-16 14:12:30 - [TEST_STEP][PASSED] - verifyElementPropertyValue(getResponse, "groups[0].pricingPlans[1].pricingPlanData[0].priceLabel", "869.99"): Verify element property value successfully

2023-10-16 14:12:30 - [MESSAGE][PASSED] - Verify element property value successfully

2023-10-16 14:12:30 - [TEST_STEP][PASSED] - verifyElementPropertyValue(getResponse, "groups[0].pricingPlans[1].pricingPlanData[0].currencyLabel", "EGP"): Verify element property value successfully

2023-10-16 14:12:30 - [MESSAGE][PASSED] - Verify element property value successfully

2023-10-16 14:12:30 - [TEST_STEP][PASSED] - verifyElementPropertyValue(getResponse, "groups[0].pricingPlans[1].pricingPlanData[0].oneTimeCharge", "false"): Verify element property value successfully

2023-10-16 14:12:30 - [MESSAGE][PASSED] - Verify element property value successfully

2023-10-16 14:12:30 - [TEST_STEP][PASSED] - verifyElementPropertyValue(getResponse, "groups[0].pricingPlans[1].pricingPlanData[0].renewalDays", "0"): Verify element property value successfully

2023-10-16 14:12:30 - [MESSAGE][PASSED] - Verify element property value successfully

2023-10-16 14:12:30 - [TEST_STEP][PASSED] - verifyElementPropertyValue(getResponse, "groups[0].pricingPlans[1].pricingPlanData[0].allowedForAcquisition", "true"): Verify element property value successfully

2023-10-16 14:12:30 - [MESSAGE][PASSED] - Verify element property value successfully

2023-10-16 14:12:30 - [TEST_STEP][PASSED] - verifyElementPropertyValue(getResponse, "groups[0].pricingPlans[1].pricingPlanData[0].showIn[0]", "VERTICAL_MODE"): Verify element property value successfully

2023-10-16 14:12:30 - [MESSAGE][PASSED] - Verify element property value successfully

2023-10-16 14:12:30 - [TEST_STEP][PASSED] - verifyElementPropertyValue(getResponse, "groups[0].pricingPlans[1].pricingPlanData[0].showIn[1]", "HORIZONTAL_MODE"): Verify element property value successfully

2023-10-16 14:12:30 - [MESSAGE][PASSED] - Verify element property value successfully

2023-10-16 14:12:30 - [TEST_STEP][PASSED] - verifyElementPropertyValue(getResponse, "groups[0].pricingPlans[1].pricingPlanData[0].visualElements[0].key", "title"): Verify element property value successfully

2023-10-16 14:12:30 - [MESSAGE][PASSED] - Verify element property value successfully

2023-10-16 14:12:30 - [TEST_STEP][PASSED] - verifyElementPropertyValue(getResponse, "groups[0].pricingPlans[1].pricingPlanData[0].visualElements[0].value", "Pay Cash"): Verify element property value successfully

2023-10-16 14:12:30 - [MESSAGE][PASSED] - Verify element property value successfully

2023-10-16 14:12:30 - [TEST_STEP][PASSED] - verifyElementPropertyValue(getResponse, "groups[0].pricingPlans[1].pricingPlanData[0].visualElements[1].key", "CTA_text"): Verify element property value successfully

2023-10-16 14:12:30 - [MESSAGE][PASSED] - Verify element property value successfully

2023-10-16 14:12:30 - [TEST_STEP][PASSED] - verifyElementPropertyValue(getResponse, "groups[0].pricingPlans[1].pricingPlanData[0].visualElements[1].value", "Subscribe"): Verify element property value successfully

2023-10-16 14:12:30 - [MESSAGE][PASSED] - Verify element property value successfully

2023-10-16 14:12:30 - [TEST_STEP][PASSED] - verifyElementPropertyValue(getResponse, "groups[0].pricingPlans[1].pricingPlanData[0].visualElements[2].key", "logo"): Verify element property value successfully

2023-10-16 14:12:30 - [MESSAGE][PASSED] - Verify element property value successfully

2023-10-16 14:12:30 - [TEST_STEP][PASSED] - verifyElementPropertyValue(getResponse, "groups[0].pricingPlans[1].pricingPlanData[0].visualElements[2].value", "https://shahid-static.s3.us-east-1.amazonaws.com/widget-images/carriers/fawry2.svg"): Verify element property value successfully

2023-10-16 14:12:30 - [MESSAGE][PASSED] - Verify element property value successfully

2023-10-16 14:12:30 - [TEST_STEP][PASSED] - verifyElementPropertyValue(getResponse, "groups[0].pricingPlans[1].pricingPlanData[0].freeTrialPlans[0].oneTimeCharge", "false"): Verify element property value successfully

2023-10-16 14:12:30 - [MESSAGE][PASSED] - Verify element property value successfully

2023-10-16 14:12:30 - [TEST_STEP][PASSED] - verifyElementPropertyValue(getResponse, "groups[0].pricingPlans[1].pricingPlanData[0].freeTrialPlans[0].renewalDays", "0"): Verify element property value successfully

2023-10-16 14:12:30 - [MESSAGE][PASSED] - Verify element property value successfully

2023-10-16 14:12:30 - [TEST_STEP][FAILED] - verifyElementPropertyValue(getResponse, "groups[0].pricingPlans[1].pricingPlanData[1].pricingPlanId", "f3"): Expected element property value 'f3' is not equal with actual property value 'w3'

2023-10-16 14:12:30 - [MESSAGE][FAILED] - Expected element property value 'f3' is not equal with actual property value 'w3'

2023-10-16 14:12:30 - [TEST_STEP][PASSED] - verifyElementPropertyValue(getResponse, "groups[0].pricingPlans[1].pricingPlanData[1].productId", "EGY_B2C_SHAHID_VIP_SPORT_3M"): Verify element property value successfully

2023-10-16 14:12:30 - [MESSAGE][PASSED] - Verify element property value successfully

2023-10-16 14:12:30 - [TEST_STEP][PASSED] - verifyElementPropertyValue(getResponse, "groups[0].pricingPlans[1].pricingPlanData[1].paymentMethod", "WALLET_PAY"): Verify element property value successfully

2023-10-16 14:12:30 - [MESSAGE][PASSED] - Verify element property value successfully

2023-10-16 14:12:30 - [TEST_STEP][PASSED] - verifyElementPropertyValue(getResponse, "groups[0].pricingPlans[1].pricingPlanData[1].numberOfDay", "7"): Verify element property value successfully

2023-10-16 14:12:30 - [MESSAGE][PASSED] - Verify element property value successfully

2023-10-16 14:12:30 - [TEST_STEP][PASSED] - verifyElementPropertyValue(getResponse, "groups[0].pricingPlans[1].pricingPlanData[1].freeTrialEnabled", "false"): Verify element property value successfully

2023-10-16 14:12:30 - [MESSAGE][PASSED] - Verify element property value successfully

2023-10-16 14:12:30 - [TEST_STEP][PASSED] - verifyElementPropertyValue(getResponse, "groups[0].pricingPlans[1].pricingPlanData[1].priceLabel", "869.99"): Verify element property value successfully

2023-10-16 14:12:30 - [MESSAGE][PASSED] - Verify element property value successfully

2023-10-16 14:12:30 - [TEST_STEP][PASSED] - verifyElementPropertyValue(getResponse, "groups[0].pricingPlans[1].pricingPlanData[1].currencyLabel", "EGP"): Verify element property value successfully

2023-10-16 14:12:30 - [MESSAGE][PASSED] - Verify element property value successfully

2023-10-16 14:12:30 - [TEST_STEP][PASSED] - verifyElementPropertyValue(getResponse, "groups[0].pricingPlans[1].pricingPlanData[1].oneTimeCharge", "false"): Verify element property value successfully

2023-10-16 14:12:30 - [MESSAGE][PASSED] - Verify element property value successfully

2023-10-16 14:12:30 - [TEST_STEP][PASSED] - verifyElementPropertyValue(getResponse, "groups[0].pricingPlans[1].pricingPlanData[1].renewalDays", "0"): Verify element property value successfully

2023-10-16 14:12:30 - [MESSAGE][PASSED] - Verify element property value successfully

2023-10-16 14:12:30 - [TEST_STEP][PASSED] - verifyElementPropertyValue(getResponse, "groups[0].pricingPlans[1].pricingPlanData[1].allowedForAcquisition", "true"): Verify element property value successfully

2023-10-16 14:12:30 - [MESSAGE][PASSED] - Verify element property value successfully

2023-10-16 14:12:30 - [TEST_STEP][PASSED] - verifyElementPropertyValue(getResponse, "groups[0].pricingPlans[1].pricingPlanData[1].showIn[0]", "VERTICAL_MODE"): Verify element property value successfully

2023-10-16 14:12:30 - [MESSAGE][PASSED] - Verify element property value successfully

2023-10-16 14:12:30 - [TEST_STEP][PASSED] - verifyElementPropertyValue(getResponse, "groups[0].pricingPlans[1].pricingPlanData[1].showIn[1]", "HORIZONTAL_MODE"): Verify element property value successfully

2023-10-16 14:12:30 - [MESSAGE][PASSED] - Verify element property value successfully

2023-10-16 14:12:30 - [TEST_STEP][PASSED] - verifyElementPropertyValue(getResponse, "groups[0].pricingPlans[1].pricingPlanData[1].visualElements[0].key", "payment_option_group"): Verify element property value successfully

2023-10-16 14:12:30 - [MESSAGE][PASSED] - Verify element property value successfully

2023-10-16 14:12:30 - [TEST_STEP][FAILED] - verifyElementPropertyValue(getResponse, "groups[0].pricingPlans[1].pricingPlanData[1].visualElements[0].value", "true"): Expected element property value 'true' is not equal with actual property value 'false'

2023-10-16 14:12:30 - [MESSAGE][FAILED] - Expected element property value 'true' is not equal with actual property value 'false'

2023-10-16 14:12:30 - [TEST_STEP][PASSED] - verifyElementPropertyValue(getResponse, "groups[0].pricingPlans[1].pricingPlanData[1].visualElements[1].key", "title"): Verify element property value successfully

2023-10-16 14:12:30 - [MESSAGE][PASSED] - Verify element property value successfully

2023-10-16 14:12:30 - [TEST_STEP][PASSED] - verifyElementPropertyValue(getResponse, "groups[0].pricingPlans[1].pricingPlanData[1].visualElements[1].value", "e-wallet payment"): Verify element property value successfully

2023-10-16 14:12:30 - [MESSAGE][PASSED] - Verify element property value successfully

2023-10-16 14:12:30 - [TEST_STEP][PASSED] - verifyElementPropertyValue(getResponse, "groups[0].pricingPlans[1].pricingPlanData[1].visualElements[2].key", "CTA_text"): Verify element property value successfully

2023-10-16 14:12:30 - [MESSAGE][PASSED] - Verify element property value successfully

2023-10-16 14:12:30 - [TEST_STEP][PASSED] - verifyElementPropertyValue(getResponse, "groups[0].pricingPlans[1].pricingPlanData[1].visualElements[2].value", "Subscribe"): Verify element property value successfully

2023-10-16 14:12:30 - [MESSAGE][PASSED] - Verify element property value successfully

2023-10-16 14:12:30 - [TEST_STEP][PASSED] - verifyElementPropertyValue(getResponse, "groups[0].pricingPlans[1].pricingPlanData[1].visualElements[3].key", "logo"): Verify element property value successfully

2023-10-16 14:12:30 - [MESSAGE][PASSED] - Verify element property value successfully

2023-10-16 14:12:30 - [TEST_STEP][PASSED] - verifyElementPropertyValue(getResponse, "groups[0].pricingPlans[1].pricingPlanData[1].visualElements[3].value", "https://shahid-static.s3.amazonaws.com/widget-images/icons/iconPaymobLogo.svg"): Verify element property value successfully

2023-10-16 14:12:30 - [MESSAGE][PASSED] - Verify element property value successfully

2023-10-16 14:12:30 - [TEST_STEP][PASSED] - verifyElementPropertyValue(getResponse, "groups[0].pricingPlans[2].featured", "false"): Verify element property value successfully

2023-10-16 14:12:30 - [MESSAGE][PASSED] - Verify element property value successfully

2023-10-16 14:12:30 - [TEST_STEP][PASSED] - verifyElementPropertyValue(getResponse, "groups[0].pricingPlans[2].packageId", "SHAHID_VIP_SPORT"): Verify element property value successfully

2023-10-16 14:12:30 - [MESSAGE][PASSED] - Verify element property value successfully

2023-10-16 14:12:30 - [TEST_STEP][PASSED] - verifyElementPropertyValue(getResponse, "groups[0].pricingPlans[2].catalogId", "SPORT"): Verify element property value successfully

2023-10-16 14:12:30 - [MESSAGE][PASSED] - Verify element property value successfully

2023-10-16 14:12:30 - [TEST_STEP][PASSED] - verifyElementPropertyValue(getResponse, "groups[0].pricingPlans[2].order", "5"): Verify element property value successfully

2023-10-16 14:12:30 - [MESSAGE][PASSED] - Verify element property value successfully

2023-10-16 14:12:30 - [TEST_STEP][PASSED] - verifyElementPropertyValue(getResponse, "groups[0].pricingPlans[2].period", "yearly"): Verify element property value successfully

2023-10-16 14:12:30 - [MESSAGE][PASSED] - Verify element property value successfully

2023-10-16 14:12:30 - [TEST_STEP][PASSED] - verifyElementPropertyValue(getResponse, "groups[0].pricingPlans[2].price", "3299.99"): Verify element property value successfully

2023-10-16 14:12:30 - [MESSAGE][PASSED] - Verify element property value successfully

2023-10-16 14:12:30 - [TEST_STEP][PASSED] - verifyElementPropertyValue(getResponse, "groups[0].pricingPlans[2].currency", "EGP"): Verify element property value successfully

2023-10-16 14:12:31 - [MESSAGE][PASSED] - Verify element property value successfully

2023-10-16 14:12:31 - [TEST_STEP][PASSED] - verifyElementPropertyValue(getResponse, "groups[0].pricingPlans[2].visualElements[0].key", "Header_1_text"): Verify element property value successfully

2023-10-16 14:12:31 - [MESSAGE][PASSED] - Verify element property value successfully

2023-10-16 14:12:31 - [TEST_STEP][PASSED] - verifyElementPropertyValue(getResponse, "groups[0].pricingPlans[2].visualElements[0].value", "Watch the most powerful series and movies exclusively without stopping"): Verify element property value successfully

2023-10-16 14:12:31 - [MESSAGE][PASSED] - Verify element property value successfully

2023-10-16 14:12:31 - [TEST_STEP][PASSED] - verifyElementPropertyValue(getResponse, "groups[0].pricingPlans[2].visualElements[1].key", "display_title"): Verify element property value successfully

2023-10-16 14:12:31 - [MESSAGE][PASSED] - Verify element property value successfully

2023-10-16 14:12:31 - [TEST_STEP][PASSED] - verifyElementPropertyValue(getResponse, "groups[0].pricingPlans[2].visualElements[1].value", "Annual Plan"): Verify element property value successfully

2023-10-16 14:12:31 - [MESSAGE][PASSED] - Verify element property value successfully

2023-10-16 14:12:31 - [TEST_STEP][PASSED] - verifyElementPropertyValue(getResponse, "groups[0].pricingPlans[2].visualElements[2].key", "tag_text"): Verify element property value successfully

2023-10-16 14:12:31 - [MESSAGE][PASSED] - Verify element property value successfully

2023-10-16 14:12:31 - [TEST_STEP][PASSED] - verifyElementPropertyValue(getResponse, "groups[0].pricingPlans[2].visualElements[2].value", "Save 8%"): Verify element property value successfully

2023-10-16 14:12:31 - [MESSAGE][PASSED] - Verify element property value successfully

2023-10-16 14:12:31 - [TEST_STEP][PASSED] - verifyElementPropertyValue(getResponse, "groups[0].pricingPlans[2].visualElements[3].key", "promo_text"): Verify element property value successfully

2023-10-16 14:12:31 - [MESSAGE][PASSED] - Verify element property value successfully

2023-10-16 14:12:31 - [TEST_STEP][PASSED] - verifyElementPropertyValue(getResponse, "groups[0].pricingPlans[2].visualElements[3].value", "274.99 EGP/ month"): Verify element property value successfully

2023-10-16 14:12:31 - [MESSAGE][PASSED] - Verify element property value successfully

2023-10-16 14:12:31 - [TEST_STEP][PASSED] - verifyElementPropertyValue(getResponse, "groups[0].pricingPlans[2].visualElements[4].key", "deduction_text"): Verify element property value successfully

2023-10-16 14:12:31 - [MESSAGE][PASSED] - Verify element property value successfully

2023-10-16 14:12:31 - [TEST_STEP][PASSED] - verifyElementPropertyValue(getResponse, "groups[0].pricingPlans[2].visualElements[4].value", "3299.99 EGP billed every year"): Verify element property value successfully

2023-10-16 14:12:31 - [MESSAGE][PASSED] - Verify element property value successfully

2023-10-16 14:12:31 - [TEST_STEP][PASSED] - verifyElementPropertyValue(getResponse, "groups[0].pricingPlans[2].visualElements[7].key", "show_payment_logo"): Verify element property value successfully

2023-10-16 14:12:31 - [MESSAGE][PASSED] - Verify element property value successfully

2023-10-16 14:12:31 - [TEST_STEP][PASSED] - verifyElementPropertyValue(getResponse, "groups[0].pricingPlans[2].visualElements[7].value", "true"): Verify element property value successfully

2023-10-16 14:12:31 - [MESSAGE][PASSED] - Verify element property value successfully

2023-10-16 14:12:31 - [TEST_STEP][PASSED] - verifyElementPropertyValue(getResponse, "groups[0].pricingPlans[2].visualElements[8].key", "show_tag"): Verify element property value successfully

2023-10-16 14:12:31 - [MESSAGE][PASSED] - Verify element property value successfully

2023-10-16 14:12:31 - [TEST_STEP][PASSED] - verifyElementPropertyValue(getResponse, "groups[0].pricingPlans[2].visualElements[8].value", "true"): Verify element property value successfully

2023-10-16 14:12:31 - [MESSAGE][PASSED] - Verify element property value successfully

2023-10-16 14:12:31 - [TEST_STEP][PASSED] - verifyElementPropertyValue(getResponse, "groups[0].pricingPlans[2].visualElements[10].key", "price"): Verify element property value successfully

2023-10-16 14:12:31 - [MESSAGE][PASSED] - Verify element property value successfully

2023-10-16 14:12:31 - [TEST_STEP][PASSED] - verifyElementPropertyValue(getResponse, "groups[0].pricingPlans[2].visualElements[10].value", "3299.99"): Verify element property value successfully

2023-10-16 14:12:31 - [MESSAGE][PASSED] - Verify element property value successfully

2023-10-16 14:12:31 - [TEST_STEP][PASSED] - verifyElementPropertyValue(getResponse, "groups[0].pricingPlans[2].visualElements[11].key", "currency"): Verify element property value successfully

2023-10-16 14:12:31 - [MESSAGE][PASSED] - Verify element property value successfully

2023-10-16 14:12:31 - [TEST_STEP][PASSED] - verifyElementPropertyValue(getResponse, "groups[0].pricingPlans[2].visualElements[11].value", "EGP"): Verify element property value successfully

2023-10-16 14:12:31 - [MESSAGE][PASSED] - Verify element property value successfully

2023-10-16 14:12:31 - [TEST_STEP][PASSED] - verifyElementPropertyValue(getResponse, "groups[0].pricingPlans[2].visualElements[12].key", "duration"): Verify element property value successfully

2023-10-16 14:12:31 - [MESSAGE][PASSED] - Verify element property value successfully

2023-10-16 14:12:31 - [TEST_STEP][PASSED] - verifyElementPropertyValue(getResponse, "groups[0].pricingPlans[2].visualElements[12].value", "yearly"): Verify element property value successfully

2023-10-16 14:12:31 - [MESSAGE][PASSED] - Verify element property value successfully

2023-10-16 14:12:31 - [TEST_STEP][PASSED] - verifyElementPropertyValue(getResponse, "groups[0].pricingPlans[2].pricingPlanData[0].productId", "EGY_B2C_SHAHID_VIP_SPORT_12M"): Verify element property value successfully

2023-10-16 14:12:31 - [MESSAGE][PASSED] - Verify element property value successfully

2023-10-16 14:12:31 - [TEST_STEP][PASSED] - verifyElementPropertyValue(getResponse, "groups[0].pricingPlans[2].pricingPlanData[0].subPricingPlanIds", "null"): Verify element property value successfully

2023-10-16 14:12:31 - [MESSAGE][PASSED] - Verify element property value successfully

2023-10-16 14:12:31 - [TEST_STEP][PASSED] - verifyElementPropertyValue(getResponse, "groups[0].pricingPlans[2].pricingPlanData[0].paymentMethod", "CREDIT_CARD"): Verify element property value successfully

2023-10-16 14:12:31 - [MESSAGE][PASSED] - Verify element property value successfully

2023-10-16 14:12:31 - [TEST_STEP][PASSED] - verifyElementPropertyValue(getResponse, "groups[0].pricingPlans[2].pricingPlanData[0].freeTrialEnabled", "false"): Verify element property value successfully

2023-10-16 14:12:31 - [MESSAGE][PASSED] - Verify element property value successfully

2023-10-16 14:12:31 - [TEST_STEP][PASSED] - verifyElementPropertyValue(getResponse, "groups[0].pricingPlans[2].pricingPlanData[0].visualElements[0].key", "title"): Verify element property value successfully

2023-10-16 14:12:31 - [MESSAGE][PASSED] - Verify element property value successfully

2023-10-16 14:12:31 - [TEST_STEP][PASSED] - verifyElementPropertyValue(getResponse, "groups[0].pricingPlans[2].pricingPlanData[0].visualElements[0].value", "Credit/Debit Card"): Verify element property value successfully

2023-10-16 14:12:31 - [MESSAGE][PASSED] - Verify element property value successfully

2023-10-16 14:12:31 - [TEST_STEP][PASSED] - verifyElementPropertyValue(getResponse, "groups[0].pricingPlans[2].pricingPlanData[0].visualElements[1].key", "CTA_text"): Verify element property value successfully

2023-10-16 14:12:31 - [MESSAGE][PASSED] - Verify element property value successfully

2023-10-16 14:12:31 - [TEST_STEP][PASSED] - verifyElementPropertyValue(getResponse, "groups[0].pricingPlans[2].pricingPlanData[0].visualElements[1].value", "Subscribe"): Verify element property value successfully

2023-10-16 14:12:31 - [MESSAGE][PASSED] - Verify element property value successfully

2023-10-16 14:12:31 - [TEST_STEP][PASSED] - verifyElementPropertyValue(getResponse, "groups[0].pricingPlans[2].pricingPlanData[0].visualElements[2].key", "logo"): Verify element property value successfully

2023-10-16 14:12:31 - [MESSAGE][PASSED] - Verify element property value successfully

2023-10-16 14:12:31 - [TEST_STEP][PASSED] - verifyElementPropertyValue(getResponse, "groups[0].pricingPlans[2].pricingPlanData[0].visualElements[2].value", "https://static.s3.shahid.mbc.net/widget-images/icons/iconCreditCard.png"): Verify element property value successfully

2023-10-16 14:12:31 - [MESSAGE][PASSED] - Verify element property value successfully

2023-10-16 14:12:31 - [TEST_STEP][PASSED] - verifyElementPropertyValue(getResponse, "groups[0].pricingPlans[2].pricingPlanData[0].priceLabel", "3299.99"): Verify element property value successfully

2023-10-16 14:12:31 - [MESSAGE][PASSED] - Verify element property value successfully

2023-10-16 14:12:31 - [TEST_STEP][PASSED] - verifyElementPropertyValue(getResponse, "groups[0].pricingPlans[2].pricingPlanData[0].currencyLabel", "EGP"): Verify element property value successfully

2023-10-16 14:12:31 - [MESSAGE][PASSED] - Verify element property value successfully

2023-10-16 14:12:31 - [TEST_STEP][PASSED] - verifyElementPropertyValue(getResponse, "groups[0].pricingPlans[2].pricingPlanData[0].allowedForAcquisition", "true"): Verify element property value successfully

2023-10-16 14:12:31 - [MESSAGE][PASSED] - Verify element property value successfully

2023-10-16 14:12:31 - [TEST_STEP][PASSED] - verifyElementPropertyValue(getResponse, "groups[0].pricingPlans[2].pricingPlanData[0].showIn[0]", "VERTICAL_MODE"): Verify element property value successfully

2023-10-16 14:12:31 - [MESSAGE][PASSED] - Verify element property value successfully

2023-10-16 14:12:31 - [TEST_STEP][PASSED] - verifyElementPropertyValue(getResponse, "groups[0].pricingPlans[2].pricingPlanData[0].showIn[1]", "HORIZONTAL_MODE"): Verify element property value successfully

2023-10-16 14:12:31 - [MESSAGE][PASSED] - Verify element property value successfully

2023-10-16 14:12:31 - [TEST_STEP][PASSED] - verifyElementPropertyValue(getResponse, "groups[0].pricingPlans[2].pricingPlanData[1].productId", "EGY_B2C_SHAHID_VIP_SPORT_12M"): Verify element property value successfully

2023-10-16 14:12:31 - [MESSAGE][PASSED] - Verify element property value successfully

2023-10-16 14:12:31 - [TEST_STEP][PASSED] - verifyElementPropertyValue(getResponse, "groups[0].pricingPlans[2].pricingPlanData[1].paymentMethod", "CASH_PAY"): Verify element property value successfully

2023-10-16 14:12:31 - [MESSAGE][PASSED] - Verify element property value successfully

2023-10-16 14:12:31 - [TEST_STEP][PASSED] - verifyElementPropertyValue(getResponse, "groups[0].pricingPlans[2].pricingPlanData[1].freeTrialEnabled", "false"): Verify element property value successfully

2023-10-16 14:12:31 - [MESSAGE][PASSED] - Verify element property value successfully

2023-10-16 14:12:31 - [TEST_STEP][PASSED] - verifyElementPropertyValue(getResponse, "groups[0].pricingPlans[2].pricingPlanData[1].visualElements[0].key", "title"): Verify element property value successfully

2023-10-16 14:12:31 - [MESSAGE][PASSED] - Verify element property value successfully

2023-10-16 14:12:31 - [TEST_STEP][PASSED] - verifyElementPropertyValue(getResponse, "groups[0].pricingPlans[2].pricingPlanData[1].visualElements[0].value", "Pay Cash"): Verify element property value successfully

2023-10-16 14:12:31 - [MESSAGE][PASSED] - Verify element property value successfully

2023-10-16 14:12:31 - [TEST_STEP][PASSED] - verifyElementPropertyValue(getResponse, "groups[0].pricingPlans[2].pricingPlanData[1].visualElements[1].key", "CTA_text"): Verify element property value successfully

2023-10-16 14:12:31 - [MESSAGE][PASSED] - Verify element property value successfully

2023-10-16 14:12:31 - [TEST_STEP][PASSED] - verifyElementPropertyValue(getResponse, "groups[0].pricingPlans[2].pricingPlanData[1].visualElements[1].value", "Subscribe"): Verify element property value successfully

2023-10-16 14:12:31 - [MESSAGE][PASSED] - Verify element property value successfully

2023-10-16 14:12:31 - [TEST_STEP][PASSED] - verifyElementPropertyValue(getResponse, "groups[0].pricingPlans[2].pricingPlanData[1].visualElements[2].key", "logo"): Verify element property value successfully

2023-10-16 14:12:31 - [MESSAGE][PASSED] - Verify element property value successfully

2023-10-16 14:12:31 - [TEST_STEP][PASSED] - verifyElementPropertyValue(getResponse, "groups[0].pricingPlans[2].pricingPlanData[1].visualElements[2].value", "https://shahid-static.s3.us-east-1.amazonaws.com/widget-images/carriers/fawry2.svg"): Verify element property value successfully

2023-10-16 14:12:31 - [MESSAGE][PASSED] - Verify element property value successfully

2023-10-16 14:12:31 - [TEST_STEP][PASSED] - verifyElementPropertyValue(getResponse, "groups[0].pricingPlans[2].pricingPlanData[1].priceLabel", "3299.99"): Verify element property value successfully

2023-10-16 14:12:31 - [MESSAGE][PASSED] - Verify element property value successfully

2023-10-16 14:12:31 - [TEST_STEP][PASSED] - verifyElementPropertyValue(getResponse, "groups[0].pricingPlans[2].pricingPlanData[1].currencyLabel", "EGP"): Verify element property value successfully

2023-10-16 14:12:31 - [MESSAGE][PASSED] - Verify element property value successfully

2023-10-16 14:12:31 - [TEST_STEP][PASSED] - verifyElementPropertyValue(getResponse, "groups[0].pricingPlans[2].pricingPlanData[1].allowedForAcquisition", "true"): Verify element property value successfully

2023-10-16 14:12:31 - [MESSAGE][PASSED] - Verify element property value successfully

2023-10-16 14:12:31 - [TEST_STEP][PASSED] - verifyElementPropertyValue(getResponse, "groups[0].pricingPlans[2].pricingPlanData[1].showIn[0]", "VERTICAL_MODE"): Verify element property value successfully

2023-10-16 14:12:31 - [MESSAGE][PASSED] - Verify element property value successfully

2023-10-16 14:12:31 - [TEST_STEP][PASSED] - verifyElementPropertyValue(getResponse, "groups[0].pricingPlans[2].pricingPlanData[1].showIn[1]", "HORIZONTAL_MODE"): Verify element property value successfully

2023-10-16 14:12:31 - [MESSAGE][PASSED] - Verify element property value successfully

2023-10-16 14:12:31 - [TEST_STEP][PASSED] - verifyElementPropertyValue(getResponse, "groups[0].pricingPlans[2].pricingPlanData[2].pricingPlanId", "w1"): Verify element property value successfully

2023-10-16 14:12:31 - [MESSAGE][PASSED] - Verify element property value successfully

2023-10-16 14:12:31 - [TEST_STEP][PASSED] - verifyElementPropertyValue(getResponse, "groups[0].pricingPlans[2].pricingPlanData[2].productId", "EGY_B2C_SHAHID_VIP_SPORT_12M"): Verify element property value successfully

2023-10-16 14:12:31 - [MESSAGE][PASSED] - Verify element property value successfully

2023-10-16 14:12:31 - [TEST_STEP][PASSED] - verifyElementPropertyValue(getResponse, "groups[0].pricingPlans[2].pricingPlanData[2].paymentMethod", "WALLET_PAY"): Verify element property value successfully

2023-10-16 14:12:31 - [MESSAGE][PASSED] - Verify element property value successfully

2023-10-16 14:12:31 - [TEST_STEP][PASSED] - verifyElementPropertyValue(getResponse, "groups[0].pricingPlans[2].pricingPlanData[2].freeTrialEnabled", "false"): Verify element property value successfully

2023-10-16 14:12:31 - [MESSAGE][PASSED] - Verify element property value successfully

2023-10-16 14:12:31 - [TEST_STEP][PASSED] - verifyElementPropertyValue(getResponse, "groups[0].pricingPlans[2].pricingPlanData[2].priceLabel", "3299.99"): Verify element property value successfully

2023-10-16 14:12:31 - [MESSAGE][PASSED] - Verify element property value successfully

2023-10-16 14:12:31 - [TEST_STEP][PASSED] - verifyElementPropertyValue(getResponse, "groups[0].pricingPlans[2].pricingPlanData[2].currencyLabel", "EGP"): Verify element property value successfully

2023-10-16 14:12:31 - [MESSAGE][PASSED] - Verify element property value successfully

2023-10-16 14:12:31 - [TEST_STEP][PASSED] - verifyElementPropertyValue(getResponse, "groups[0].pricingPlans[2].pricingPlanData[2].visualElements[0].key", "payment_option_group"): Verify element property value successfully

2023-10-16 14:12:31 - [MESSAGE][PASSED] - Verify element property value successfully

2023-10-16 14:12:31 - [TEST_STEP][PASSED] - verifyElementPropertyValue(getResponse, "groups[0].pricingPlans[2].pricingPlanData[2].visualElements[0].value", "true"): Verify element property value successfully

2023-10-16 14:12:31 - [MESSAGE][PASSED] - Verify element property value successfully

2023-10-16 14:12:31 - [TEST_STEP][PASSED] - verifyElementPropertyValue(getResponse, "groups[0].pricingPlans[2].pricingPlanData[2].visualElements[1].key", "title"): Verify element property value successfully

2023-10-16 14:12:31 - [MESSAGE][PASSED] - Verify element property value successfully

2023-10-16 14:12:31 - [TEST_STEP][PASSED] - verifyElementPropertyValue(getResponse, "groups[0].pricingPlans[2].pricingPlanData[2].visualElements[1].value", "e-wallet payment"): Verify element property value successfully

2023-10-16 14:12:31 - [MESSAGE][PASSED] - Verify element property value successfully

2023-10-16 14:12:31 - [TEST_STEP][PASSED] - verifyElementPropertyValue(getResponse, "groups[0].pricingPlans[2].pricingPlanData[2].visualElements[2].key", "CTA_text"): Verify element property value successfully

2023-10-16 14:12:31 - [MESSAGE][PASSED] - Verify element property value successfully

2023-10-16 14:12:31 - [TEST_STEP][PASSED] - verifyElementPropertyValue(getResponse, "groups[0].pricingPlans[2].pricingPlanData[2].visualElements[2].value", "Subscribe"): Verify element property value successfully

2023-10-16 14:12:31 - [MESSAGE][PASSED] - Verify element property value successfully

2023-10-16 14:12:31 - [TEST_STEP][PASSED] - verifyElementPropertyValue(getResponse, "groups[0].pricingPlans[2].pricingPlanData[2].visualElements[3].key", "logo"): Verify element property value successfully

2023-10-16 14:12:31 - [MESSAGE][PASSED] - Verify element property value successfully

2023-10-16 14:12:31 - [TEST_STEP][PASSED] - verifyElementPropertyValue(getResponse, "groups[0].pricingPlans[2].pricingPlanData[2].visualElements[3].value", "https://shahid-static.s3.amazonaws.com/widget-images/icons/iconPaymobLogo.svg"): Verify element property value successfully

2023-10-16 14:12:31 - [MESSAGE][PASSED] - Verify element property value successfully

2023-10-16 14:12:31 - [TEST_STEP][PASSED] - verifyElementPropertyValue(getResponse, "groups[0].pricingPlans[2].pricingPlanData[2].showIn[0]", "VERTICAL_MODE"): Verify element property value successfully

2023-10-16 14:12:31 - [MESSAGE][PASSED] - Verify element property value successfully

2023-10-16 14:12:31 - [TEST_STEP][PASSED] - verifyElementPropertyValue(getResponse, "groups[0].pricingPlans[2].pricingPlanData[2].showIn[1]", "HORIZONTAL_MODE"): Verify element property value successfully

2023-10-16 14:12:31 - [MESSAGE][PASSED] - Verify element property value successfully

2023-10-16 14:12:31 - [TEST_STEP][PASSED] - verifyElementPropertyValue(getResponse, "groups[0].pricingPlans[2].pricingPlanData[2].providerLogos[0]", "https://shahid-static.s3.amazonaws.com/dev/widget-images/vodafone/VF_Cash.png"): Verify element property value successfully

2023-10-16 14:12:31 - [MESSAGE][PASSED] - Verify element property value successfully

2023-10-16 14:12:31 - [TEST_STEP][PASSED] - verifyElementPropertyValue(getResponse, "groups[0].pricingPlans[2].pricingPlanData[3].pricingPlanId", "w1"): Verify element property value successfully

2023-10-16 14:12:31 - [MESSAGE][PASSED] - Verify element property value successfully

2023-10-16 14:12:31 - [TEST_STEP][PASSED] - verifyElementPropertyValue(getResponse, "groups[0].pricingPlans[2].pricingPlanData[3].productId", "EGY_B2C_SHAHID_VIP_SPORT_12M"): Verify element property value successfully

2023-10-16 14:12:31 - [MESSAGE][PASSED] - Verify element property value successfully

2023-10-16 14:12:31 - [TEST_STEP][PASSED] - verifyElementPropertyValue(getResponse, "groups[0].pricingPlans[2].pricingPlanData[3].paymentMethod", "WALLET_PAY"): Verify element property value successfully

2023-10-16 14:12:31 - [MESSAGE][PASSED] - Verify element property value successfully

2023-10-16 14:12:31 - [TEST_STEP][PASSED] - verifyElementPropertyValue(getResponse, "groups[0].pricingPlans[2].pricingPlanData[3].freeTrialEnabled", "false"): Verify element property value successfully

2023-10-16 14:12:31 - [MESSAGE][PASSED] - Verify element property value successfully

2023-10-16 14:12:31 - [TEST_STEP][PASSED] - verifyElementPropertyValue(getResponse, "groups[0].pricingPlans[2].pricingPlanData[3].priceLabel", "3299.99"): Verify element property value successfully

2023-10-16 14:12:31 - [MESSAGE][PASSED] - Verify element property value successfully

2023-10-16 14:12:31 - [TEST_STEP][PASSED] - verifyElementPropertyValue(getResponse, "groups[0].pricingPlans[2].pricingPlanData[3].currencyLabel", "EGP"): Verify element property value successfully

2023-10-16 14:12:31 - [MESSAGE][PASSED] - Verify element property value successfully

2023-10-16 14:12:31 - [TEST_STEP][PASSED] - verifyElementPropertyValue(getResponse, "groups[0].pricingPlans[2].pricingPlanData[3].visualElements[0].key", "payment_option_group"): Verify element property value successfully

2023-10-16 14:12:31 - [MESSAGE][PASSED] - Verify element property value successfully

2023-10-16 14:12:31 - [TEST_STEP][PASSED] - verifyElementPropertyValue(getResponse, "groups[0].pricingPlans[2].pricingPlanData[3].visualElements[0].value", "true"): Verify element property value successfully

2023-10-16 14:12:31 - [MESSAGE][PASSED] - Verify element property value successfully

2023-10-16 14:12:31 - [TEST_STEP][PASSED] - verifyElementPropertyValue(getResponse, "groups[0].pricingPlans[2].pricingPlanData[3].visualElements[1].key", "title"): Verify element property value successfully

2023-10-16 14:12:31 - [MESSAGE][PASSED] - Verify element property value successfully

2023-10-16 14:12:31 - [TEST_STEP][PASSED] - verifyElementPropertyValue(getResponse, "groups[0].pricingPlans[2].pricingPlanData[3].visualElements[1].value", "Vodafone Cash"): Verify element property value successfully

2023-10-16 14:12:31 - [MESSAGE][PASSED] - Verify element property value successfully

2023-10-16 14:12:31 - [TEST_STEP][PASSED] - verifyElementPropertyValue(getResponse, "groups[0].pricingPlans[2].pricingPlanData[3].visualElements[2].key", "CTA_text"): Verify element property value successfully

2023-10-16 14:12:31 - [MESSAGE][PASSED] - Verify element property value successfully

2023-10-16 14:12:31 - [TEST_STEP][PASSED] - verifyElementPropertyValue(getResponse, "groups[0].pricingPlans[2].pricingPlanData[3].visualElements[2].value", "Subscribe"): Verify element property value successfully

2023-10-16 14:12:31 - [MESSAGE][PASSED] - Verify element property value successfully

2023-10-16 14:12:31 - [TEST_STEP][PASSED] - verifyElementPropertyValue(getResponse, "groups[0].pricingPlans[2].pricingPlanData[3].visualElements[3].key", "logo"): Verify element property value successfully

2023-10-16 14:12:31 - [MESSAGE][PASSED] - Verify element property value successfully

2023-10-16 14:12:31 - [TEST_STEP][PASSED] - verifyElementPropertyValue(getResponse, "groups[0].pricingPlans[2].pricingPlanData[3].visualElements[3].value", "https://shahid-static.s3.amazonaws.com/dev/widget-images/vodafone/VF_Cash.png"): Verify element property value successfully

2023-10-16 14:12:31 - [MESSAGE][PASSED] - Verify element property value successfully

2023-10-16 14:12:31 - [TEST_STEP][PASSED] - verifyElementPropertyValue(getResponse, "groups[0].pricingPlans[2].pricingPlanData[3].showIn[0]", "VERTICAL_MODE"): Verify element property value successfully

2023-10-16 14:12:31 - [MESSAGE][PASSED] - Verify element property value successfully

2023-10-16 14:12:31 - [TEST_STEP][PASSED] - verifyElementPropertyValue(getResponse, "groups[0].pricingPlans[2].pricingPlanData[3].showIn[1]", "HORIZONTAL_MODE"): Verify element property value successfully

2023-10-16 14:12:31 - [MESSAGE][PASSED] - Verify element property value successfully

2023-10-16 14:12:31 - [TEST_STEP][PASSED] - verifyElementPropertyValue(getResponse, "groups[0].pricingPlans[2].pricingPlanData[3].providerLogos[0]", "https://shahid-static.s3.amazonaws.com/dev/widget-images/vodafone/VF_Cash.png"): Verify element property value successfully

2023-10-16 14:12:31 - [MESSAGE][PASSED] - Verify element property value successfully

2023-10-16 14:12:31 - [TEST_STEP][PASSED] - verifyElementPropertyValue(getResponse, "visualElements[0].key", "main_CTA_text_1"): Verify element property value successfully

2023-10-16 14:12:31 - [MESSAGE][PASSED] - Verify element property value successfully

2023-10-16 14:12:31 - [TEST_STEP][PASSED] - verifyElementPropertyValue(getResponse, "visualElements[0].value", "Watch the most powerful series and movies exclusively without stopping"): Verify element property value successfully

2023-10-16 14:12:31 - [MESSAGE][PASSED] - Verify element property value successfully

2023-10-16 14:12:31 - [TEST_STEP][PASSED] - verifyElementPropertyValue(getResponse, "visualElements[2].key", "main_disclaimer_text"): Verify element property value successfully

2023-10-16 14:12:31 - [MESSAGE][PASSED] - Verify element property value successfully

2023-10-16 14:12:31 - [TEST_STEP][PASSED] - verifyElementPropertyValue(getResponse, "visualElements[2].value", "Subscription fees may vary depending on the country, payment method, subscription package, added tax, currency conversion factor, and bank fees. Terms and conditions apply."): Verify element property value successfully

2023-10-16 14:12:31 - [MESSAGE][PASSED] - Verify element property value successfully

2023-10-16 14:12:31 - [TEST_STEP][PASSED] - verifyElementPropertyValue(getResponse, "visualElements[4].key", "display_type"): Verify element property value successfully

2023-10-16 14:12:31 - [MESSAGE][PASSED] - Verify element property value successfully

2023-10-16 14:12:31 - [TEST_STEP][PASSED] - verifyElementPropertyValue(getResponse, "visualElements[4].value", "vertical"): Verify element property value successfully

2023-10-16 14:12:31 - [MESSAGE][PASSED] - Verify element property value successfully

2023-10-16 14:12:31 - [TEST_STEP][PASSED] - verifyElementPropertyValue(getResponse, "defaultPackageId", "SHAHID_VIP"): Verify element property value successfully

2023-10-16 14:12:31 - [MESSAGE][PASSED] - Verify element property value successfully]]></system-out>
         <system-err><![CDATA[2023-10-16 14:12:29 - [TEST_CASE][FAILED] - Test Cases/WEB - CHROME/EGY PI/WEB_EN_getSubscriptionConfigForEGY_SPORT: Test Cases/WEB - CHROME/EGY PI/WEB_EN_getSubscriptionConfigForEGY_SPORT FAILED.
Reason:
com.kms.katalon.core.exception.StepFailedException: Expected element property value 'f3' is not equal with actual property value 'w3'
	at com.kms.katalon.core.keyword.internal.KeywordMain.stepFailed(KeywordMain.groovy:39)
	at com.kms.katalon.core.webservice.keyword.builtin.VerifyElementPropertyValueKeyword$_verifyElementPropertyValue_closure1.doCall(VerifyElementPropertyValueKeyword.groovy:56)
	at com.kms.katalon.core.webservice.keyword.builtin.VerifyElementPropertyValueKeyword$_verifyElementPropertyValue_closure1.call(VerifyElementPropertyValueKeyword.groovy)
	at com.kms.katalon.core.keyword.internal.KeywordMain.runKeyword(KeywordMain.groovy:75)
	at com.kms.katalon.core.webservice.keyword.builtin.VerifyElementPropertyValueKeyword.verifyElementPropertyValue(VerifyElementPropertyValueKeyword.groovy:48)
	at com.kms.katalon.core.webservice.keyword.builtin.VerifyElementPropertyValueKeyword.execute(VerifyElementPropertyValueKeyword.groovy:43)
	at com.kms.katalon.core.keyword.internal.KeywordExecutor.executeKeywordForPlatform(KeywordExecutor.groovy:74)
	at com.kms.katalon.core.webservice.keyword.WSBuiltInKeywords.verifyElementPropertyValue(WSBuiltInKeywords.groovy:190)
	at com.kms.katalon.core.webservice.keyword.WSBuiltInKeywords$verifyElementPropertyValue$1.call(Unknown Source)
	at WEB_EN_getSubscriptionConfigForEGY_SPORT.run(WEB_EN_getSubscriptionConfigForEGY_SPORT:150)
	at com.kms.katalon.core.main.ScriptEngine.run(ScriptEngine.java:194)
	at com.kms.katalon.core.main.ScriptEngine.runScriptAsRawText(ScriptEngine.java:119)
	at com.kms.katalon.core.main.TestCaseExecutor.runScript(TestCaseExecutor.java:448)
	at com.kms.katalon.core.main.TestCaseExecutor.doExecute(TestCaseExecutor.java:439)
	at com.kms.katalon.core.main.TestCaseExecutor.processExecutionPhase(TestCaseExecutor.java:418)
	at com.kms.katalon.core.main.TestCaseExecutor.accessMainPhase(TestCaseExecutor.java:410)
	at com.kms.katalon.core.main.TestCaseExecutor.execute(TestCaseExecutor.java:285)
	at com.kms.katalon.core.common.CommonExecutor.accessTestCaseMainPhase(CommonExecutor.java:65)
	at com.kms.katalon.core.main.TestSuiteExecutor.accessTestSuiteMainPhase(TestSuiteExecutor.java:148)
	at com.kms.katalon.core.main.TestSuiteExecutor.execute(TestSuiteExecutor.java:106)
	at com.kms.katalon.core.main.TestCaseMain.startTestSuite(TestCaseMain.java:187)
	at com.kms.katalon.core.main.TestCaseMain$startTestSuite$0.call(Unknown Source)
	at TempTestSuite1697454205358.run(TempTestSuite1697454205358.groovy:36)]]></system-err>
      </testcase>
      <testcase name="Test Cases/WEB - CHROME/EGY PI/WEB_AR_getSubscriptionConfigForEGY_VIP" time="3.046" classname="Test Cases/WEB - CHROME/EGY PI/WEB_AR_getSubscriptionConfigForEGY_VIP" status="FAILED">
         <failure type="FAILED" message="Test Cases/WEB - CHROME/EGY PI/WEB_AR_getSubscriptionConfigForEGY_VIP FAILED.
Reason:
com.kms.katalon.core.exception.StepFailedException: Expected element property value '234.99' is not equal with actual property value '164.49'
	at com.kms.katalon.core.keyword.internal.KeywordMain.stepFailed(KeywordMain.groovy:39)
	at com.kms.katalon.core.webservice.keyword.builtin.VerifyElementPropertyValueKeyword$_verifyElementPropertyValue_closure1.doCall(VerifyElementPropertyValueKeyword.groovy:56)
	at com.kms.katalon.core.webservice.keyword.builtin.VerifyElementPropertyValueKeyword$_verifyElementPropertyValue_closure1.call(VerifyElementPropertyValueKeyword.groovy)
	at com.kms.katalon.core.keyword.internal.KeywordMain.runKeyword(KeywordMain.groovy:75)
	at com.kms.katalon.core.webservice.keyword.builtin.VerifyElementPropertyValueKeyword.verifyElementPropertyValue(VerifyElementPropertyValueKeyword.groovy:48)
	at com.kms.katalon.core.webservice.keyword.builtin.VerifyElementPropertyValueKeyword.execute(VerifyElementPropertyValueKeyword.groovy:43)
	at com.kms.katalon.core.keyword.internal.KeywordExecutor.executeKeywordForPlatform(KeywordExecutor.groovy:74)
	at com.kms.katalon.core.webservice.keyword.WSBuiltInKeywords.verifyElementPropertyValue(WSBuiltInKeywords.groovy:190)
	at com.kms.katalon.core.webservice.keyword.WSBuiltInKeywords$verifyElementPropertyValue$1.call(Unknown Source)
	at WEB_AR_getSubscriptionConfigForEGY_VIP.run(WEB_AR_getSubscriptionConfigForEGY_VIP:193)
	at com.kms.katalon.core.main.ScriptEngine.run(ScriptEngine.java:194)
	at com.kms.katalon.core.main.ScriptEngine.runScriptAsRawText(ScriptEngine.java:119)
	at com.kms.katalon.core.main.TestCaseExecutor.runScript(TestCaseExecutor.java:448)
	at com.kms.katalon.core.main.TestCaseExecutor.doExecute(TestCaseExecutor.java:439)
	at com.kms.katalon.core.main.TestCaseExecutor.processExecutionPhase(TestCaseExecutor.java:418)
	at com.kms.katalon.core.main.TestCaseExecutor.accessMainPhase(TestCaseExecutor.java:410)
	at com.kms.katalon.core.main.TestCaseExecutor.execute(TestCaseExecutor.java:285)
	at com.kms.katalon.core.common.CommonExecutor.accessTestCaseMainPhase(CommonExecutor.java:65)
	at com.kms.katalon.core.main.TestSuiteExecutor.accessTestSuiteMainPhase(TestSuiteExecutor.java:148)
	at com.kms.katalon.core.main.TestSuiteExecutor.execute(TestSuiteExecutor.java:106)
	at com.kms.katalon.core.main.TestCaseMain.startTestSuite(TestCaseMain.java:187)
	at com.kms.katalon.core.main.TestCaseMain$startTestSuite$0.call(Unknown Source)
	at TempTestSuite1697454205358.run(TempTestSuite1697454205358.groovy:36)
"/>
         <system-out><![CDATA[2023-10-16 14:12:31 - [TEST_CASE][FAILED] - Test Cases/WEB - CHROME/EGY PI/WEB_AR_getSubscriptionConfigForEGY_VIP: Test Cases/WEB - CHROME/EGY PI/WEB_AR_getSubscriptionConfigForEGY_VIP FAILED.
Reason:
com.kms.katalon.core.exception.StepFailedException: Expected element property value '234.99' is not equal with actual property value '164.49'
	at com.kms.katalon.core.keyword.internal.KeywordMain.stepFailed(KeywordMain.groovy:39)
	at com.kms.katalon.core.webservice.keyword.builtin.VerifyElementPropertyValueKeyword$_verifyElementPropertyValue_closure1.doCall(VerifyElementPropertyValueKeyword.groovy:56)
	at com.kms.katalon.core.webservice.keyword.builtin.VerifyElementPropertyValueKeyword$_verifyElementPropertyValue_closure1.call(VerifyElementPropertyValueKeyword.groovy)
	at com.kms.katalon.core.keyword.internal.KeywordMain.runKeyword(KeywordMain.groovy:75)
	at com.kms.katalon.core.webservice.keyword.builtin.VerifyElementPropertyValueKeyword.verifyElementPropertyValue(VerifyElementPropertyValueKeyword.groovy:48)
	at com.kms.katalon.core.webservice.keyword.builtin.VerifyElementPropertyValueKeyword.execute(VerifyElementPropertyValueKeyword.groovy:43)
	at com.kms.katalon.core.keyword.internal.KeywordExecutor.executeKeywordForPlatform(KeywordExecutor.groovy:74)
	at com.kms.katalon.core.webservice.keyword.WSBuiltInKeywords.verifyElementPropertyValue(WSBuiltInKeywords.groovy:190)
	at com.kms.katalon.core.webservice.keyword.WSBuiltInKeywords$verifyElementPropertyValue$1.call(Unknown Source)
	at WEB_AR_getSubscriptionConfigForEGY_VIP.run(WEB_AR_getSubscriptionConfigForEGY_VIP:193)
	at com.kms.katalon.core.main.ScriptEngine.run(ScriptEngine.java:194)
	at com.kms.katalon.core.main.ScriptEngine.runScriptAsRawText(ScriptEngine.java:119)
	at com.kms.katalon.core.main.TestCaseExecutor.runScript(TestCaseExecutor.java:448)
	at com.kms.katalon.core.main.TestCaseExecutor.doExecute(TestCaseExecutor.java:439)
	at com.kms.katalon.core.main.TestCaseExecutor.processExecutionPhase(TestCaseExecutor.java:418)
	at com.kms.katalon.core.main.TestCaseExecutor.accessMainPhase(TestCaseExecutor.java:410)
	at com.kms.katalon.core.main.TestCaseExecutor.execute(TestCaseExecutor.java:285)
	at com.kms.katalon.core.common.CommonExecutor.accessTestCaseMainPhase(CommonExecutor.java:65)
	at com.kms.katalon.core.main.TestSuiteExecutor.accessTestSuiteMainPhase(TestSuiteExecutor.java:148)
	at com.kms.katalon.core.main.TestSuiteExecutor.execute(TestSuiteExecutor.java:106)
	at com.kms.katalon.core.main.TestCaseMain.startTestSuite(TestCaseMain.java:187)
	at com.kms.katalon.core.main.TestCaseMain$startTestSuite$0.call(Unknown Source)
	at TempTestSuite1697454205358.run(TempTestSuite1697454205358.groovy:36)


2023-10-16 14:12:31 - [TEST_STEP][PASSED] - getResponse = config_files.getConfigFile.getConfig("WEB", "AR", "SHAHID_VIP", "EG", "false"): config_files.getConfigFile.getConfig is PASSED

2023-10-16 14:12:32 - [MESSAGE][INFO] - HAR: /Users/admin/git/shahid-configuration/Reports/20231016_140310/WEB/EGY/20231016_140325/requests/main/3.har

2023-10-16 14:12:32 - [MESSAGE][PASSED] - Send request successfully

2023-10-16 14:12:32 - [MESSAGE][PASSED] - config_files.getConfigFile.getConfig is PASSED

2023-10-16 14:12:32 - [TEST_STEP][PASSED] - verifyResponseStatusCode(getResponse, 200): Verify response status code successfully

2023-10-16 14:12:32 - [MESSAGE][PASSED] - Verify response status code successfully

2023-10-16 14:12:32 - [TEST_STEP][PASSED] - verifyElementPropertyValue(getResponse, "country", "EGY"): Verify element property value successfully

2023-10-16 14:12:32 - [MESSAGE][PASSED] - Verify element property value successfully

2023-10-16 14:12:32 - [TEST_STEP][PASSED] - verifyElementPropertyValue(getResponse, "platform", "[WEB]"): Verify element property value successfully

2023-10-16 14:12:32 - [MESSAGE][PASSED] - Verify element property value successfully

2023-10-16 14:12:32 - [TEST_STEP][PASSED] - verifyElementPropertyValue(getResponse, "groups[0].pricingPlans[0].featured", "true"): Verify element property value successfully

2023-10-16 14:12:32 - [MESSAGE][PASSED] - Verify element property value successfully

2023-10-16 14:12:32 - [TEST_STEP][PASSED] - verifyElementPropertyValue(getResponse, "groups[0].pricingPlans[0].packageId", "SHAHID_VIP"): Verify element property value successfully

2023-10-16 14:12:32 - [MESSAGE][PASSED] - Verify element property value successfully

2023-10-16 14:12:32 - [TEST_STEP][PASSED] - verifyElementPropertyValue(getResponse, "groups[0].pricingPlans[0].catalogId", "VIP"): Verify element property value successfully

2023-10-16 14:12:32 - [MESSAGE][PASSED] - Verify element property value successfully

2023-10-16 14:12:32 - [TEST_STEP][PASSED] - verifyElementPropertyValue(getResponse, "groups[0].pricingPlans[0].visualElements[0].key", "Header_1_text"): Verify element property value successfully

2023-10-16 14:12:32 - [MESSAGE][PASSED] - Verify element property value successfully

2023-10-16 14:12:32 - [TEST_STEP][PASSED] - verifyElementPropertyValue(getResponse, "groups[0].pricingPlans[0].visualElements[0].value", "شاهد أقوى المسلسلات و الأفلام حصرياً دون توقف"): Verify element property value successfully

2023-10-16 14:12:32 - [MESSAGE][PASSED] - Verify element property value successfully

2023-10-16 14:12:32 - [TEST_STEP][PASSED] - verifyElementPropertyValue(getResponse, "groups[0].pricingPlans[0].visualElements[1].key", "display_title"): Verify element property value successfully

2023-10-16 14:12:32 - [MESSAGE][PASSED] - Verify element property value successfully

2023-10-16 14:12:32 - [TEST_STEP][PASSED] - verifyElementPropertyValue(getResponse, "groups[0].pricingPlans[0].visualElements[1].value", "الاشتراك الشهري"): Verify element property value successfully

2023-10-16 14:12:32 - [MESSAGE][PASSED] - Verify element property value successfully

2023-10-16 14:12:32 - [TEST_STEP][PASSED] - verifyElementPropertyValue(getResponse, "groups[0].pricingPlans[0].visualElements[2].key", "promo_text"): Verify element property value successfully

2023-10-16 14:12:32 - [MESSAGE][PASSED] - Verify element property value successfully

2023-10-16 14:12:32 - [TEST_STEP][PASSED] - verifyElementPropertyValue(getResponse, "groups[0].pricingPlans[0].visualElements[2].value", "88.99 EGP / شهرياً"): Verify element property value successfully

2023-10-16 14:12:32 - [MESSAGE][PASSED] - Verify element property value successfully

2023-10-16 14:12:32 - [TEST_STEP][PASSED] - verifyElementPropertyValue(getResponse, "groups[0].pricingPlans[0].visualElements[3].key", "deduction_text"): Verify element property value successfully

2023-10-16 14:12:32 - [MESSAGE][PASSED] - Verify element property value successfully

2023-10-16 14:12:32 - [TEST_STEP][PASSED] - verifyElementPropertyValue(getResponse, "groups[0].pricingPlans[0].visualElements[3].value", "تدفع شهرياً"): Verify element property value successfully

2023-10-16 14:12:32 - [MESSAGE][PASSED] - Verify element property value successfully

2023-10-16 14:12:32 - [TEST_STEP][PASSED] - verifyElementPropertyValue(getResponse, "groups[0].pricingPlans[0].visualElements[6].key", "show_payment_logo"): Verify element property value successfully

2023-10-16 14:12:32 - [MESSAGE][PASSED] - Verify element property value successfully

2023-10-16 14:12:32 - [TEST_STEP][PASSED] - verifyElementPropertyValue(getResponse, "groups[0].pricingPlans[0].visualElements[6].value", "true"): Verify element property value successfully

2023-10-16 14:12:32 - [MESSAGE][PASSED] - Verify element property value successfully

2023-10-16 14:12:32 - [TEST_STEP][PASSED] - verifyElementPropertyValue(getResponse, "groups[0].pricingPlans[0].visualElements[8].key", "price"): Verify element property value successfully

2023-10-16 14:12:32 - [MESSAGE][PASSED] - Verify element property value successfully

2023-10-16 14:12:32 - [TEST_STEP][PASSED] - verifyElementPropertyValue(getResponse, "groups[0].pricingPlans[0].visualElements[8].value", "88.99"): Verify element property value successfully

2023-10-16 14:12:32 - [MESSAGE][PASSED] - Verify element property value successfully

2023-10-16 14:12:32 - [TEST_STEP][PASSED] - verifyElementPropertyValue(getResponse, "groups[0].pricingPlans[0].visualElements[9].key", "currency"): Verify element property value successfully

2023-10-16 14:12:32 - [MESSAGE][PASSED] - Verify element property value successfully

2023-10-16 14:12:32 - [TEST_STEP][PASSED] - verifyElementPropertyValue(getResponse, "groups[0].pricingPlans[0].visualElements[9].value", "EGP"): Verify element property value successfully

2023-10-16 14:12:32 - [MESSAGE][PASSED] - Verify element property value successfully

2023-10-16 14:12:32 - [TEST_STEP][PASSED] - verifyElementPropertyValue(getResponse, "groups[0].pricingPlans[0].visualElements[10].key", "duration"): Verify element property value successfully

2023-10-16 14:12:32 - [MESSAGE][PASSED] - Verify element property value successfully

2023-10-16 14:12:32 - [TEST_STEP][PASSED] - verifyElementPropertyValue(getResponse, "groups[0].pricingPlans[0].visualElements[10].value", "شهرياً"): Verify element property value successfully

2023-10-16 14:12:32 - [MESSAGE][PASSED] - Verify element property value successfully

2023-10-16 14:12:32 - [TEST_STEP][PASSED] - verifyElementPropertyValue(getResponse, "groups[0].pricingPlans[0].order", "0"): Verify element property value successfully

2023-10-16 14:12:32 - [MESSAGE][PASSED] - Verify element property value successfully

2023-10-16 14:12:32 - [TEST_STEP][PASSED] - verifyElementPropertyValue(getResponse, "groups[0].pricingPlans[0].period", "monthly"): Verify element property value successfully

2023-10-16 14:12:32 - [MESSAGE][PASSED] - Verify element property value successfully

2023-10-16 14:12:32 - [TEST_STEP][PASSED] - verifyElementPropertyValue(getResponse, "groups[0].pricingPlans[0].price", "88.99"): Verify element property value successfully

2023-10-16 14:12:32 - [MESSAGE][PASSED] - Verify element property value successfully

2023-10-16 14:12:32 - [TEST_STEP][PASSED] - verifyElementPropertyValue(getResponse, "groups[0].pricingPlans[0].currency", "EGP"): Verify element property value successfully

2023-10-16 14:12:32 - [MESSAGE][PASSED] - Verify element property value successfully

2023-10-16 14:12:32 - [TEST_STEP][PASSED] - verifyElementPropertyValue(getResponse, "groups[0].pricingPlans[0].pricingPlanData[0].productId", "EGY_B2C_SHAHID_VIP_1M"): Verify element property value successfully

2023-10-16 14:12:32 - [MESSAGE][PASSED] - Verify element property value successfully

2023-10-16 14:12:32 - [TEST_STEP][PASSED] - verifyElementPropertyValue(getResponse, "groups[0].pricingPlans[0].pricingPlanData[0].subPricingPlanIds", "null"): Verify element property value successfully

2023-10-16 14:12:32 - [MESSAGE][PASSED] - Verify element property value successfully

2023-10-16 14:12:32 - [TEST_STEP][PASSED] - verifyElementPropertyValue(getResponse, "groups[0].pricingPlans[0].pricingPlanData[0].paymentMethod", "CREDIT_CARD"): Verify element property value successfully

2023-10-16 14:12:32 - [MESSAGE][PASSED] - Verify element property value successfully

2023-10-16 14:12:32 - [TEST_STEP][PASSED] - verifyElementPropertyValue(getResponse, "groups[0].pricingPlans[0].pricingPlanData[0].freeTrialEnabled", "false"): Verify element property value successfully

2023-10-16 14:12:32 - [MESSAGE][PASSED] - Verify element property value successfully

2023-10-16 14:12:32 - [TEST_STEP][PASSED] - verifyElementPropertyValue(getResponse, "groups[0].pricingPlans[0].pricingPlanData[0].visualElements[0].key", "title"): Verify element property value successfully

2023-10-16 14:12:32 - [MESSAGE][PASSED] - Verify element property value successfully

2023-10-16 14:12:32 - [TEST_STEP][PASSED] - verifyElementPropertyValue(getResponse, "groups[0].pricingPlans[0].pricingPlanData[0].visualElements[0].value", "البطاقة المصرفية"): Verify element property value successfully

2023-10-16 14:12:32 - [MESSAGE][PASSED] - Verify element property value successfully

2023-10-16 14:12:32 - [TEST_STEP][PASSED] - verifyElementPropertyValue(getResponse, "groups[0].pricingPlans[0].pricingPlanData[0].visualElements[1].key", "CTA_text"): Verify element property value successfully

2023-10-16 14:12:33 - [MESSAGE][PASSED] - Verify element property value successfully

2023-10-16 14:12:33 - [TEST_STEP][PASSED] - verifyElementPropertyValue(getResponse, "groups[0].pricingPlans[0].pricingPlanData[0].visualElements[1].value", "اشترك"): Verify element property value successfully

2023-10-16 14:12:33 - [MESSAGE][PASSED] - Verify element property value successfully

2023-10-16 14:12:33 - [TEST_STEP][PASSED] - verifyElementPropertyValue(getResponse, "groups[0].pricingPlans[0].pricingPlanData[0].visualElements[2].key", "logo"): Verify element property value successfully

2023-10-16 14:12:33 - [MESSAGE][PASSED] - Verify element property value successfully

2023-10-16 14:12:33 - [TEST_STEP][PASSED] - verifyElementPropertyValue(getResponse, "groups[0].pricingPlans[0].pricingPlanData[0].visualElements[2].value", "https://static.s3.shahid.mbc.net/widget-images/icons/iconCreditCard.png"): Verify element property value successfully

2023-10-16 14:12:33 - [MESSAGE][PASSED] - Verify element property value successfully

2023-10-16 14:12:33 - [TEST_STEP][PASSED] - verifyElementPropertyValue(getResponse, "groups[0].pricingPlans[0].pricingPlanData[0].priceLabel", "88.99"): Verify element property value successfully

2023-10-16 14:12:33 - [MESSAGE][PASSED] - Verify element property value successfully

2023-10-16 14:12:33 - [TEST_STEP][PASSED] - verifyElementPropertyValue(getResponse, "groups[0].pricingPlans[0].pricingPlanData[0].currencyLabel", "EGP"): Verify element property value successfully

2023-10-16 14:12:33 - [MESSAGE][PASSED] - Verify element property value successfully

2023-10-16 14:12:33 - [TEST_STEP][PASSED] - verifyElementPropertyValue(getResponse, "groups[0].pricingPlans[0].pricingPlanData[1].pricingPlanId", "TPay_Orange_EG"): Verify element property value successfully

2023-10-16 14:12:33 - [MESSAGE][PASSED] - Verify element property value successfully

2023-10-16 14:12:33 - [TEST_STEP][PASSED] - verifyElementPropertyValue(getResponse, "groups[0].pricingPlans[0].pricingPlanData[1].productId", "EGY_B2C_SHAHID_VIP_1M"): Verify element property value successfully

2023-10-16 14:12:33 - [MESSAGE][PASSED] - Verify element property value successfully

2023-10-16 14:12:33 - [TEST_STEP][PASSED] - verifyElementPropertyValue(getResponse, "groups[0].pricingPlans[0].pricingPlanData[1].subPricingPlanIds[0]", "60201"): Verify element property value successfully

2023-10-16 14:12:33 - [MESSAGE][PASSED] - Verify element property value successfully

2023-10-16 14:12:33 - [TEST_STEP][PASSED] - verifyElementPropertyValue(getResponse, "groups[0].pricingPlans[0].pricingPlanData[1].paymentMethod", "MOBILE_PAY"): Verify element property value successfully

2023-10-16 14:12:33 - [MESSAGE][PASSED] - Verify element property value successfully

2023-10-16 14:12:33 - [TEST_STEP][PASSED] - verifyElementPropertyValue(getResponse, "groups[0].pricingPlans[0].pricingPlanData[1].freeTrialEnabled", "false"): Verify element property value successfully

2023-10-16 14:12:33 - [MESSAGE][PASSED] - Verify element property value successfully

2023-10-16 14:12:33 - [TEST_STEP][PASSED] - verifyElementPropertyValue(getResponse, "groups[0].pricingPlans[0].pricingPlanData[1].showIn[0]", "VERTICAL_MODE"): Verify element property value successfully

2023-10-16 14:12:33 - [MESSAGE][PASSED] - Verify element property value successfully

2023-10-16 14:12:33 - [TEST_STEP][PASSED] - verifyElementPropertyValue(getResponse, "groups[0].pricingPlans[0].pricingPlanData[1].showIn[1]", "HORIZONTAL_MODE"): Verify element property value successfully

2023-10-16 14:12:33 - [MESSAGE][PASSED] - Verify element property value successfully

2023-10-16 14:12:33 - [TEST_STEP][PASSED] - verifyElementPropertyValue(getResponse, "groups[0].pricingPlans[0].pricingPlanData[1].visualElements[0].key", "payment_option_group"): Verify element property value successfully

2023-10-16 14:12:33 - [MESSAGE][PASSED] - Verify element property value successfully

2023-10-16 14:12:33 - [TEST_STEP][PASSED] - verifyElementPropertyValue(getResponse, "groups[0].pricingPlans[0].pricingPlanData[1].visualElements[0].value", "true"): Verify element property value successfully

2023-10-16 14:12:33 - [MESSAGE][PASSED] - Verify element property value successfully

2023-10-16 14:12:33 - [TEST_STEP][PASSED] - verifyElementPropertyValue(getResponse, "groups[0].pricingPlans[0].pricingPlanData[1].visualElements[1].key", "title"): Verify element property value successfully

2023-10-16 14:12:33 - [MESSAGE][PASSED] - Verify element property value successfully

2023-10-16 14:12:33 - [TEST_STEP][PASSED] - verifyElementPropertyValue(getResponse, "groups[0].pricingPlans[0].pricingPlanData[1].visualElements[1].value", "الدفع عبر الموبايل"): Verify element property value successfully

2023-10-16 14:12:33 - [MESSAGE][PASSED] - Verify element property value successfully

2023-10-16 14:12:33 - [TEST_STEP][PASSED] - verifyElementPropertyValue(getResponse, "groups[0].pricingPlans[0].pricingPlanData[1].visualElements[2].key", "CTA_text"): Verify element property value successfully

2023-10-16 14:12:33 - [MESSAGE][PASSED] - Verify element property value successfully

2023-10-16 14:12:33 - [TEST_STEP][PASSED] - verifyElementPropertyValue(getResponse, "groups[0].pricingPlans[0].pricingPlanData[1].visualElements[2].value", "اشترك"): Verify element property value successfully

2023-10-16 14:12:33 - [MESSAGE][PASSED] - Verify element property value successfully

2023-10-16 14:12:33 - [TEST_STEP][PASSED] - verifyElementPropertyValue(getResponse, "groups[0].pricingPlans[0].pricingPlanData[1].visualElements[3].key", "logo"): Verify element property value successfully

2023-10-16 14:12:33 - [MESSAGE][PASSED] - Verify element property value successfully

2023-10-16 14:12:33 - [TEST_STEP][PASSED] - verifyElementPropertyValue(getResponse, "groups[0].pricingPlans[0].pricingPlanData[1].visualElements[3].value", "https://static.s3.shahid.mbc.net/widget-images/icons/iconMobile.png"): Verify element property value successfully

2023-10-16 14:12:33 - [MESSAGE][PASSED] - Verify element property value successfully

2023-10-16 14:12:33 - [TEST_STEP][PASSED] - verifyElementPropertyValue(getResponse, "groups[0].pricingPlans[0].pricingPlanData[1].priceLabel", "88.99"): Verify element property value successfully

2023-10-16 14:12:33 - [MESSAGE][PASSED] - Verify element property value successfully

2023-10-16 14:12:33 - [TEST_STEP][PASSED] - verifyElementPropertyValue(getResponse, "groups[0].pricingPlans[0].pricingPlanData[1].currencyLabel", "EGP"): Verify element property value successfully

2023-10-16 14:12:33 - [MESSAGE][PASSED] - Verify element property value successfully

2023-10-16 14:12:33 - [TEST_STEP][PASSED] - verifyElementPropertyValue(getResponse, "groups[0].pricingPlans[0].pricingPlanData[1].allowedForAcquisition", "true"): Verify element property value successfully

2023-10-16 14:12:33 - [MESSAGE][PASSED] - Verify element property value successfully

2023-10-16 14:12:33 - [TEST_STEP][PASSED] - verifyElementPropertyValue(getResponse, "groups[0].pricingPlans[0].pricingPlanData[2].pricingPlanId", "TPay_Vodafone_EG"): Verify element property value successfully

2023-10-16 14:12:33 - [MESSAGE][PASSED] - Verify element property value successfully

2023-10-16 14:12:33 - [TEST_STEP][PASSED] - verifyElementPropertyValue(getResponse, "groups[0].pricingPlans[0].pricingPlanData[2].productId", "EGY_B2C_SHAHID_VIP_1M"): Verify element property value successfully

2023-10-16 14:12:33 - [MESSAGE][PASSED] - Verify element property value successfully

2023-10-16 14:12:33 - [TEST_STEP][PASSED] - verifyElementPropertyValue(getResponse, "groups[0].pricingPlans[0].pricingPlanData[2].subPricingPlanIds[0]", "60202"): Verify element property value successfully

2023-10-16 14:12:33 - [MESSAGE][PASSED] - Verify element property value successfully

2023-10-16 14:12:33 - [TEST_STEP][PASSED] - verifyElementPropertyValue(getResponse, "groups[0].pricingPlans[0].pricingPlanData[2].paymentMethod", "MOBILE_PAY"): Verify element property value successfully

2023-10-16 14:12:33 - [MESSAGE][PASSED] - Verify element property value successfully

2023-10-16 14:12:33 - [TEST_STEP][PASSED] - verifyElementPropertyValue(getResponse, "groups[0].pricingPlans[0].pricingPlanData[2].freeTrialEnabled", "false"): Verify element property value successfully

2023-10-16 14:12:33 - [MESSAGE][PASSED] - Verify element property value successfully

2023-10-16 14:12:33 - [TEST_STEP][PASSED] - verifyElementPropertyValue(getResponse, "groups[0].pricingPlans[0].pricingPlanData[2].priceLabel", "88.99"): Verify element property value successfully

2023-10-16 14:12:33 - [MESSAGE][PASSED] - Verify element property value successfully

2023-10-16 14:12:33 - [TEST_STEP][PASSED] - verifyElementPropertyValue(getResponse, "groups[0].pricingPlans[0].pricingPlanData[2].currencyLabel", "EGP"): Verify element property value successfully

2023-10-16 14:12:33 - [MESSAGE][PASSED] - Verify element property value successfully

2023-10-16 14:12:33 - [TEST_STEP][PASSED] - verifyElementPropertyValue(getResponse, "groups[0].pricingPlans[0].pricingPlanData[2].allowedForAcquisition", "true"): Verify element property value successfully

2023-10-16 14:12:33 - [MESSAGE][PASSED] - Verify element property value successfully

2023-10-16 14:12:33 - [TEST_STEP][PASSED] - verifyElementPropertyValue(getResponse, "groups[0].pricingPlans[0].pricingPlanData[3].pricingPlanId", "TPay_Etisalat_EG"): Verify element property value successfully

2023-10-16 14:12:33 - [MESSAGE][PASSED] - Verify element property value successfully

2023-10-16 14:12:33 - [TEST_STEP][PASSED] - verifyElementPropertyValue(getResponse, "groups[0].pricingPlans[0].pricingPlanData[3].productId", "EGY_B2C_SHAHID_VIP_1M"): Verify element property value successfully

2023-10-16 14:12:33 - [MESSAGE][PASSED] - Verify element property value successfully

2023-10-16 14:12:33 - [TEST_STEP][PASSED] - verifyElementPropertyValue(getResponse, "groups[0].pricingPlans[0].pricingPlanData[3].subPricingPlanIds[0]", "60203"): Verify element property value successfully

2023-10-16 14:12:33 - [MESSAGE][PASSED] - Verify element property value successfully

2023-10-16 14:12:33 - [TEST_STEP][PASSED] - verifyElementPropertyValue(getResponse, "groups[0].pricingPlans[0].pricingPlanData[3].paymentMethod", "MOBILE_PAY"): Verify element property value successfully

2023-10-16 14:12:33 - [MESSAGE][PASSED] - Verify element property value successfully

2023-10-16 14:12:33 - [TEST_STEP][PASSED] - verifyElementPropertyValue(getResponse, "groups[0].pricingPlans[0].pricingPlanData[3].freeTrialEnabled", "false"): Verify element property value successfully

2023-10-16 14:12:33 - [MESSAGE][PASSED] - Verify element property value successfully

2023-10-16 14:12:33 - [TEST_STEP][PASSED] - verifyElementPropertyValue(getResponse, "groups[0].pricingPlans[0].pricingPlanData[3].priceLabel", "88.99"): Verify element property value successfully

2023-10-16 14:12:33 - [MESSAGE][PASSED] - Verify element property value successfully

2023-10-16 14:12:33 - [TEST_STEP][PASSED] - verifyElementPropertyValue(getResponse, "groups[0].pricingPlans[0].pricingPlanData[3].currencyLabel", "EGP"): Verify element property value successfully

2023-10-16 14:12:33 - [MESSAGE][PASSED] - Verify element property value successfully

2023-10-16 14:12:33 - [TEST_STEP][PASSED] - verifyElementPropertyValue(getResponse, "groups[0].pricingPlans[0].pricingPlanData[3].allowedForAcquisition", "true"): Verify element property value successfully

2023-10-16 14:12:33 - [MESSAGE][PASSED] - Verify element property value successfully

2023-10-16 14:12:33 - [TEST_STEP][PASSED] - verifyElementPropertyValue(getResponse, "groups[0].pricingPlans[0].pricingPlanData[4].pricingPlanId", "TPay_WE_EG"): Verify element property value successfully

2023-10-16 14:12:33 - [MESSAGE][PASSED] - Verify element property value successfully

2023-10-16 14:12:33 - [TEST_STEP][PASSED] - verifyElementPropertyValue(getResponse, "groups[0].pricingPlans[0].pricingPlanData[4].productId", "EGY_B2C_SHAHID_VIP_1M"): Verify element property value successfully

2023-10-16 14:12:33 - [MESSAGE][PASSED] - Verify element property value successfully

2023-10-16 14:12:33 - [TEST_STEP][PASSED] - verifyElementPropertyValue(getResponse, "groups[0].pricingPlans[0].pricingPlanData[4].subPricingPlanIds[0]", "60204"): Verify element property value successfully

2023-10-16 14:12:33 - [MESSAGE][PASSED] - Verify element property value successfully

2023-10-16 14:12:33 - [TEST_STEP][PASSED] - verifyElementPropertyValue(getResponse, "groups[0].pricingPlans[0].pricingPlanData[4].paymentMethod", "MOBILE_PAY"): Verify element property value successfully

2023-10-16 14:12:33 - [MESSAGE][PASSED] - Verify element property value successfully

2023-10-16 14:12:33 - [TEST_STEP][PASSED] - verifyElementPropertyValue(getResponse, "groups[0].pricingPlans[0].pricingPlanData[4].freeTrialEnabled", "false"): Verify element property value successfully

2023-10-16 14:12:33 - [MESSAGE][PASSED] - Verify element property value successfully

2023-10-16 14:12:33 - [TEST_STEP][PASSED] - verifyElementPropertyValue(getResponse, "groups[0].pricingPlans[0].pricingPlanData[4].priceLabel", "88.99"): Verify element property value successfully

2023-10-16 14:12:33 - [MESSAGE][PASSED] - Verify element property value successfully

2023-10-16 14:12:33 - [TEST_STEP][PASSED] - verifyElementPropertyValue(getResponse, "groups[0].pricingPlans[0].pricingPlanData[4].currencyLabel", "EGP"): Verify element property value successfully

2023-10-16 14:12:33 - [MESSAGE][PASSED] - Verify element property value successfully

2023-10-16 14:12:33 - [TEST_STEP][PASSED] - verifyElementPropertyValue(getResponse, "groups[0].pricingPlans[0].pricingPlanData[4].allowedForAcquisition", "true"): Verify element property value successfully

2023-10-16 14:12:33 - [MESSAGE][PASSED] - Verify element property value successfully

2023-10-16 14:12:33 - [TEST_STEP][PASSED] - verifyElementPropertyValue(getResponse, "offers[5].groups[0].pricingPlans[0].packageId", "SHAHID_VIP"): Verify element property value successfully

2023-10-16 14:12:33 - [MESSAGE][PASSED] - Verify element property value successfully

2023-10-16 14:12:33 - [TEST_STEP][PASSED] - verifyElementPropertyValue(getResponse, "offers[5].groups[0].pricingPlans[0].catalogId", "VIP"): Verify element property value successfully

2023-10-16 14:12:33 - [MESSAGE][PASSED] - Verify element property value successfully

2023-10-16 14:12:33 - [TEST_STEP][PASSED] - verifyElementPropertyValue(getResponse, "offers[5].groups[0].pricingPlans[0].featured", "false"): Verify element property value successfully

2023-10-16 14:12:33 - [MESSAGE][PASSED] - Verify element property value successfully

2023-10-16 14:12:33 - [TEST_STEP][PASSED] - verifyElementPropertyValue(getResponse, "offers[5].groups[0].pricingPlans[0].liteRegistrationEnabled", "false"): Verify element property value successfully

2023-10-16 14:12:33 - [MESSAGE][PASSED] - Verify element property value successfully

2023-10-16 14:12:33 - [TEST_STEP][PASSED] - verifyElementPropertyValue(getResponse, "offers[5].groups[0].pricingPlans[0].period", "quarterly"): Verify element property value successfully

2023-10-16 14:12:33 - [MESSAGE][PASSED] - Verify element property value successfully

2023-10-16 14:12:33 - [TEST_STEP][PASSED] - verifyElementPropertyValue(getResponse, "offers[5].groups[0].pricingPlans[0].packageName", "quarterly"): Verify element property value successfully

2023-10-16 14:12:33 - [MESSAGE][PASSED] - Verify element property value successfully

2023-10-16 14:12:33 - [TEST_STEP][FAILED] - verifyElementPropertyValue(getResponse, "offers[5].groups[0].pricingPlans[0].price", "234.99"): Expected element property value '234.99' is not equal with actual property value '164.49'

2023-10-16 14:12:33 - [MESSAGE][FAILED] - Expected element property value '234.99' is not equal with actual property value '164.49'

2023-10-16 14:12:33 - [TEST_STEP][PASSED] - verifyElementPropertyValue(getResponse, "offers[5].groups[0].pricingPlans[0].currency", "EGP"): Verify element property value successfully

2023-10-16 14:12:33 - [MESSAGE][PASSED] - Verify element property value successfully

2023-10-16 14:12:33 - [TEST_STEP][PASSED] - verifyElementPropertyValue(getResponse, "offers[5].groups[0].pricingPlans[0].order", "1"): Verify element property value successfully

2023-10-16 14:12:33 - [MESSAGE][PASSED] - Verify element property value successfully

2023-10-16 14:12:33 - [TEST_STEP][PASSED] - verifyElementPropertyValue(getResponse, "offers[5].groups[0].pricingPlans[0].visualElements[0].key", "Header_1_text"): Verify element property value successfully

2023-10-16 14:12:33 - [MESSAGE][PASSED] - Verify element property value successfully

2023-10-16 14:12:33 - [TEST_STEP][PASSED] - verifyElementPropertyValue(getResponse, "offers[5].groups[0].pricingPlans[0].visualElements[0].value", "شاهد أقوى المسلسلات و الأفلام حصرياً دون توقف"): Verify element property value successfully

2023-10-16 14:12:33 - [MESSAGE][PASSED] - Verify element property value successfully

2023-10-16 14:12:33 - [TEST_STEP][PASSED] - verifyElementPropertyValue(getResponse, "offers[5].groups[0].pricingPlans[0].visualElements[1].key", "display_title"): Verify element property value successfully

2023-10-16 14:12:33 - [MESSAGE][PASSED] - Verify element property value successfully

2023-10-16 14:12:33 - [TEST_STEP][PASSED] - verifyElementPropertyValue(getResponse, "offers[5].groups[0].pricingPlans[0].visualElements[1].value", "اشتراك الـ  ٣ أشهر"): Verify element property value successfully

2023-10-16 14:12:33 - [MESSAGE][PASSED] - Verify element property value successfully

2023-10-16 14:12:33 - [TEST_STEP][PASSED] - verifyElementPropertyValue(getResponse, "offers[5].groups[0].pricingPlans[0].visualElements[2].key", "tag_text"): Verify element property value successfully

2023-10-16 14:12:33 - [MESSAGE][PASSED] - Verify element property value successfully

2023-10-16 14:12:33 - [TEST_STEP][PASSED] - verifyElementPropertyValue(getResponse, "offers[5].groups[0].pricingPlans[0].visualElements[2].value", "وفر30%"): Verify element property value successfully

2023-10-16 14:12:33 - [MESSAGE][PASSED] - Verify element property value successfully

2023-10-16 14:12:33 - [TEST_STEP][PASSED] - verifyElementPropertyValue(getResponse, "offers[5].groups[0].pricingPlans[0].visualElements[3].key", "promo_text"): Verify element property value successfully

2023-10-16 14:12:33 - [MESSAGE][PASSED] - Verify element property value successfully

2023-10-16 14:12:33 - [TEST_STEP][FAILED] - verifyElementPropertyValue(getResponse, "offers[5].groups[0].pricingPlans[0].visualElements[3].value", "78.33 EGP / شهرياً"): Expected element property value '78.33 EGP / شهرياً' is not equal with actual property value '54.83 EGP / شهرياً'

2023-10-16 14:12:33 - [MESSAGE][FAILED] - Expected element property value '78.33 EGP / شهرياً' is not equal with actual property value '54.83 EGP / شهرياً'

2023-10-16 14:12:33 - [TEST_STEP][PASSED] - verifyElementPropertyValue(getResponse, "offers[5].groups[0].pricingPlans[0].visualElements[4].key", "deduction_text"): Verify element property value successfully

2023-10-16 14:12:33 - [MESSAGE][PASSED] - Verify element property value successfully

2023-10-16 14:12:33 - [TEST_STEP][FAILED] - verifyElementPropertyValue(getResponse, "offers[5].groups[0].pricingPlans[0].visualElements[4].value", "234.99 EGP  كل 3 أشهر"): Expected element property value '234.99 EGP  كل 3 أشهر' is not equal with actual property value ' 164.49 EGP  كل 3 أشهر'

2023-10-16 14:12:33 - [MESSAGE][FAILED] - Expected element property value '234.99 EGP  كل 3 أشهر' is not equal with actual property value ' 164.49 EGP  كل 3 أشهر'

2023-10-16 14:12:33 - [TEST_STEP][PASSED] - verifyElementPropertyValue(getResponse, "offers[5].groups[0].pricingPlans[0].visualElements[7].key", "show_payment_logo"): Verify element property value successfully

2023-10-16 14:12:33 - [MESSAGE][PASSED] - Verify element property value successfully

2023-10-16 14:12:33 - [TEST_STEP][PASSED] - verifyElementPropertyValue(getResponse, "offers[5].groups[0].pricingPlans[0].visualElements[7].value", "true"): Verify element property value successfully

2023-10-16 14:12:33 - [MESSAGE][PASSED] - Verify element property value successfully

2023-10-16 14:12:33 - [TEST_STEP][PASSED] - verifyElementPropertyValue(getResponse, "offers[5].groups[0].pricingPlans[0].visualElements[8].key", "show_tag"): Verify element property value successfully

2023-10-16 14:12:33 - [MESSAGE][PASSED] - Verify element property value successfully

2023-10-16 14:12:33 - [TEST_STEP][PASSED] - verifyElementPropertyValue(getResponse, "offers[5].groups[0].pricingPlans[0].visualElements[8].value", "true"): Verify element property value successfully

2023-10-16 14:12:33 - [MESSAGE][PASSED] - Verify element property value successfully

2023-10-16 14:12:33 - [TEST_STEP][PASSED] - verifyElementPropertyValue(getResponse, "offers[5].groups[0].pricingPlans[0].visualElements[10].key", "price"): Verify element property value successfully

2023-10-16 14:12:33 - [MESSAGE][PASSED] - Verify element property value successfully

2023-10-16 14:12:33 - [TEST_STEP][FAILED] - verifyElementPropertyValue(getResponse, "offers[5].groups[0].pricingPlans[0].visualElements[10].value", "234.99"): Expected element property value '234.99' is not equal with actual property value '164.49'

2023-10-16 14:12:33 - [MESSAGE][FAILED] - Expected element property value '234.99' is not equal with actual property value '164.49'

2023-10-16 14:12:33 - [TEST_STEP][PASSED] - verifyElementPropertyValue(getResponse, "offers[5].groups[0].pricingPlans[0].visualElements[11].key", "currency"): Verify element property value successfully

2023-10-16 14:12:33 - [MESSAGE][PASSED] - Verify element property value successfully

2023-10-16 14:12:33 - [TEST_STEP][PASSED] - verifyElementPropertyValue(getResponse, "offers[5].groups[0].pricingPlans[0].visualElements[11].value", "EGP"): Verify element property value successfully

2023-10-16 14:12:33 - [MESSAGE][PASSED] - Verify element property value successfully

2023-10-16 14:12:33 - [TEST_STEP][PASSED] - verifyElementPropertyValue(getResponse, "offers[5].groups[0].pricingPlans[0].visualElements[12].key", "duration"): Verify element property value successfully

2023-10-16 14:12:33 - [MESSAGE][PASSED] - Verify element property value successfully

2023-10-16 14:12:33 - [TEST_STEP][PASSED] - verifyElementPropertyValue(getResponse, "offers[5].groups[0].pricingPlans[0].visualElements[12].value", "كل ثلاثة شهور"): Verify element property value successfully

2023-10-16 14:12:33 - [MESSAGE][PASSED] - Verify element property value successfully

2023-10-16 14:12:33 - [TEST_STEP][PASSED] - verifyElementPropertyValue(getResponse, "offers[5].groups[0].pricingPlans[0].pricingPlanData[0].pricingPlanId", "c97"): Verify element property value successfully

2023-10-16 14:12:33 - [MESSAGE][PASSED] - Verify element property value successfully

2023-10-16 14:12:33 - [TEST_STEP][PASSED] - verifyElementPropertyValue(getResponse, "offers[5].groups[0].pricingPlans[0].pricingPlanData[0].productId", "EGY_B2C_SHAHID_VIP_3M"): Verify element property value successfully

2023-10-16 14:12:33 - [MESSAGE][PASSED] - Verify element property value successfully

2023-10-16 14:12:33 - [TEST_STEP][PASSED] - verifyElementPropertyValue(getResponse, "offers[5].groups[0].pricingPlans[0].pricingPlanData[0].paymentMethod", "WALLET_PAY"): Verify element property value successfully

2023-10-16 14:12:33 - [MESSAGE][PASSED] - Verify element property value successfully

2023-10-16 14:12:33 - [TEST_STEP][PASSED] - verifyElementPropertyValue(getResponse, "offers[5].groups[0].pricingPlans[0].pricingPlanData[0].numberOfDay", "7"): Verify element property value successfully

2023-10-16 14:12:33 - [MESSAGE][PASSED] - Verify element property value successfully

2023-10-16 14:12:33 - [TEST_STEP][PASSED] - verifyElementPropertyValue(getResponse, "offers[5].groups[0].pricingPlans[0].pricingPlanData[0].freeTrialEnabled", "false"): Verify element property value successfully

2023-10-16 14:12:33 - [MESSAGE][PASSED] - Verify element property value successfully

2023-10-16 14:12:33 - [TEST_STEP][FAILED] - verifyElementPropertyValue(getResponse, "offers[5].groups[0].pricingPlans[0].pricingPlanData[0].priceLabel", "234.99"): Expected element property value '234.99' is not equal with actual property value '164.49'

2023-10-16 14:12:33 - [MESSAGE][FAILED] - Expected element property value '234.99' is not equal with actual property value '164.49'

2023-10-16 14:12:33 - [TEST_STEP][PASSED] - verifyElementPropertyValue(getResponse, "offers[5].groups[0].pricingPlans[0].pricingPlanData[0].currencyLabel", "EGP"): Verify element property value successfully

2023-10-16 14:12:33 - [MESSAGE][PASSED] - Verify element property value successfully

2023-10-16 14:12:33 - [TEST_STEP][PASSED] - verifyElementPropertyValue(getResponse, "offers[5].groups[0].pricingPlans[0].pricingPlanData[0].oneTimeCharge", "false"): Verify element property value successfully

2023-10-16 14:12:33 - [MESSAGE][PASSED] - Verify element property value successfully

2023-10-16 14:12:33 - [TEST_STEP][PASSED] - verifyElementPropertyValue(getResponse, "offers[5].groups[0].pricingPlans[0].pricingPlanData[0].renewalDays", "0"): Verify element property value successfully

2023-10-16 14:12:33 - [MESSAGE][PASSED] - Verify element property value successfully

2023-10-16 14:12:33 - [TEST_STEP][PASSED] - verifyElementPropertyValue(getResponse, "offers[5].groups[0].pricingPlans[0].pricingPlanData[0].dealId", "VIP3M_B2C_Vodafone_Cash"): Verify element property value successfully

2023-10-16 14:12:33 - [MESSAGE][PASSED] - Verify element property value successfully

2023-10-16 14:12:33 - [TEST_STEP][PASSED] - verifyElementPropertyValue(getResponse, "offers[5].groups[0].pricingPlans[0].pricingPlanData[0].allowedForAcquisition", "true"): Verify element property value successfully

2023-10-16 14:12:33 - [MESSAGE][PASSED] - Verify element property value successfully

2023-10-16 14:12:33 - [TEST_STEP][PASSED] - verifyElementPropertyValue(getResponse, "offers[5].groups[0].pricingPlans[0].pricingPlanData[0].providerLogos[0]", "https://shahid-static.s3.amazonaws.com/widget-images/logos/vfcash.svg"): Verify element property value successfully

2023-10-16 14:12:33 - [MESSAGE][PASSED] - Verify element property value successfully

2023-10-16 14:12:33 - [TEST_STEP][PASSED] - verifyElementPropertyValue(getResponse, "offers[5].groups[0].pricingPlans[0].pricingPlanData[0].providerLogosNumberToShow", "1"): Verify element property value successfully

2023-10-16 14:12:33 - [MESSAGE][PASSED] - Verify element property value successfully

2023-10-16 14:12:33 - [TEST_STEP][PASSED] - verifyElementPropertyValue(getResponse, "offers[5].groups[0].pricingPlans[0].pricingPlanData[0].visualElements[0].key", "payment_option_group"): Verify element property value successfully

2023-10-16 14:12:33 - [MESSAGE][PASSED] - Verify element property value successfully

2023-10-16 14:12:33 - [TEST_STEP][PASSED] - verifyElementPropertyValue(getResponse, "offers[5].groups[0].pricingPlans[0].pricingPlanData[0].visualElements[0].value", "true"): Verify element property value successfully

2023-10-16 14:12:33 - [MESSAGE][PASSED] - Verify element property value successfully

2023-10-16 14:12:33 - [TEST_STEP][PASSED] - verifyElementPropertyValue(getResponse, "offers[5].groups[0].pricingPlans[0].pricingPlanData[0].visualElements[1].key", "title"): Verify element property value successfully

2023-10-16 14:12:33 - [MESSAGE][PASSED] - Verify element property value successfully

2023-10-16 14:12:33 - [TEST_STEP][PASSED] - verifyElementPropertyValue(getResponse, "offers[5].groups[0].pricingPlans[0].pricingPlanData[0].visualElements[1].value", "المحفظة الإلكترونية"): Verify element property value successfully

2023-10-16 14:12:33 - [MESSAGE][PASSED] - Verify element property value successfully

2023-10-16 14:12:33 - [TEST_STEP][PASSED] - verifyElementPropertyValue(getResponse, "offers[5].groups[0].pricingPlans[0].pricingPlanData[0].visualElements[2].key", "CTA_text"): Verify element property value successfully

2023-10-16 14:12:33 - [MESSAGE][PASSED] - Verify element property value successfully

2023-10-16 14:12:33 - [TEST_STEP][PASSED] - verifyElementPropertyValue(getResponse, "offers[5].groups[0].pricingPlans[0].pricingPlanData[0].visualElements[2].value", "اشترك"): Verify element property value successfully

2023-10-16 14:12:33 - [MESSAGE][PASSED] - Verify element property value successfully

2023-10-16 14:12:33 - [TEST_STEP][PASSED] - verifyElementPropertyValue(getResponse, "offers[5].groups[0].pricingPlans[0].pricingPlanData[0].visualElements[3].key", "logo"): Verify element property value successfully

2023-10-16 14:12:33 - [MESSAGE][PASSED] - Verify element property value successfully

2023-10-16 14:12:33 - [TEST_STEP][PASSED] - verifyElementPropertyValue(getResponse, "offers[5].groups[0].pricingPlans[0].pricingPlanData[0].visualElements[3].value", "https://shahid-static.s3.amazonaws.com/widget-images/icons/iconPaymobLogo.svg"): Verify element property value successfully

2023-10-16 14:12:33 - [MESSAGE][PASSED] - Verify element property value successfully

2023-10-16 14:12:33 - [TEST_STEP][PASSED] - verifyElementPropertyValue(getResponse, "offers[5].groups[0].pricingPlans[0].pricingPlanData[0].showIn[0]", "VERTICAL_MODE"): Verify element property value successfully

2023-10-16 14:12:33 - [MESSAGE][PASSED] - Verify element property value successfully

2023-10-16 14:12:33 - [TEST_STEP][PASSED] - verifyElementPropertyValue(getResponse, "offers[5].groups[0].pricingPlans[0].pricingPlanData[0].showIn[1]", "HORIZONTAL_MODE"): Verify element property value successfully

2023-10-16 14:12:33 - [MESSAGE][PASSED] - Verify element property value successfully

2023-10-16 14:12:33 - [TEST_STEP][PASSED] - verifyElementPropertyValue(getResponse, "offers[5].groups[0].pricingPlans[0].pricingPlanData[1].pricingPlanId", "c97"): Verify element property value successfully

2023-10-16 14:12:33 - [MESSAGE][PASSED] - Verify element property value successfully

2023-10-16 14:12:33 - [TEST_STEP][PASSED] - verifyElementPropertyValue(getResponse, "offers[5].groups[0].pricingPlans[0].pricingPlanData[1].productId", "EGY_B2C_SHAHID_VIP_3M"): Verify element property value successfully

2023-10-16 14:12:33 - [MESSAGE][PASSED] - Verify element property value successfully

2023-10-16 14:12:33 - [TEST_STEP][PASSED] - verifyElementPropertyValue(getResponse, "offers[5].groups[0].pricingPlans[0].pricingPlanData[1].paymentMethod", "WALLET_PAY"): Verify element property value successfully

2023-10-16 14:12:33 - [MESSAGE][PASSED] - Verify element property value successfully

2023-10-16 14:12:33 - [TEST_STEP][PASSED] - verifyElementPropertyValue(getResponse, "offers[5].groups[0].pricingPlans[0].pricingPlanData[1].numberOfDay", "7"): Verify element property value successfully

2023-10-16 14:12:33 - [MESSAGE][PASSED] - Verify element property value successfully

2023-10-16 14:12:33 - [TEST_STEP][PASSED] - verifyElementPropertyValue(getResponse, "offers[5].groups[0].pricingPlans[0].pricingPlanData[1].freeTrialEnabled", "false"): Verify element property value successfully

2023-10-16 14:12:33 - [MESSAGE][PASSED] - Verify element property value successfully

2023-10-16 14:12:33 - [TEST_STEP][FAILED] - verifyElementPropertyValue(getResponse, "offers[5].groups[0].pricingPlans[0].pricingPlanData[1].priceLabel", "234.99"): Expected element property value '234.99' is not equal with actual property value '164.49'

2023-10-16 14:12:33 - [MESSAGE][FAILED] - Expected element property value '234.99' is not equal with actual property value '164.49'

2023-10-16 14:12:33 - [TEST_STEP][PASSED] - verifyElementPropertyValue(getResponse, "offers[5].groups[0].pricingPlans[0].pricingPlanData[1].currencyLabel", "EGP"): Verify element property value successfully

2023-10-16 14:12:33 - [MESSAGE][PASSED] - Verify element property value successfully

2023-10-16 14:12:33 - [TEST_STEP][PASSED] - verifyElementPropertyValue(getResponse, "offers[5].groups[0].pricingPlans[0].pricingPlanData[1].oneTimeCharge", "false"): Verify element property value successfully

2023-10-16 14:12:33 - [MESSAGE][PASSED] - Verify element property value successfully

2023-10-16 14:12:33 - [TEST_STEP][PASSED] - verifyElementPropertyValue(getResponse, "offers[5].groups[0].pricingPlans[0].pricingPlanData[1].renewalDays", "0"): Verify element property value successfully

2023-10-16 14:12:33 - [MESSAGE][PASSED] - Verify element property value successfully

2023-10-16 14:12:33 - [TEST_STEP][PASSED] - verifyElementPropertyValue(getResponse, "offers[5].groups[0].pricingPlans[0].pricingPlanData[1].dealId", "VIP3M_B2C_Vodafone_Cash"): Verify element property value successfully

2023-10-16 14:12:33 - [MESSAGE][PASSED] - Verify element property value successfully

2023-10-16 14:12:33 - [TEST_STEP][PASSED] - verifyElementPropertyValue(getResponse, "offers[5].groups[0].pricingPlans[0].pricingPlanData[1].allowedForAcquisition", "true"): Verify element property value successfully

2023-10-16 14:12:33 - [MESSAGE][PASSED] - Verify element property value successfully

2023-10-16 14:12:33 - [TEST_STEP][PASSED] - verifyElementPropertyValue(getResponse, "offers[5].groups[0].pricingPlans[0].pricingPlanData[1].providerLogos[0]", "https://shahid-static.s3.amazonaws.com/dev/widget-images/vodafone/VF_Cash.png"): Verify element property value successfully

2023-10-16 14:12:33 - [MESSAGE][PASSED] - Verify element property value successfully

2023-10-16 14:12:33 - [TEST_STEP][PASSED] - verifyElementPropertyValue(getResponse, "offers[5].groups[0].pricingPlans[0].pricingPlanData[1].providerLogosNumberToShow", "1"): Verify element property value successfully

2023-10-16 14:12:33 - [MESSAGE][PASSED] - Verify element property value successfully

2023-10-16 14:12:33 - [TEST_STEP][PASSED] - verifyElementPropertyValue(getResponse, "offers[5].groups[0].pricingPlans[0].pricingPlanData[1].visualElements[0].key", "payment_option_group"): Verify element property value successfully

2023-10-16 14:12:33 - [MESSAGE][PASSED] - Verify element property value successfully

2023-10-16 14:12:33 - [TEST_STEP][PASSED] - verifyElementPropertyValue(getResponse, "offers[5].groups[0].pricingPlans[0].pricingPlanData[1].visualElements[0].value", "true"): Verify element property value successfully

2023-10-16 14:12:33 - [MESSAGE][PASSED] - Verify element property value successfully

2023-10-16 14:12:33 - [TEST_STEP][PASSED] - verifyElementPropertyValue(getResponse, "offers[5].groups[0].pricingPlans[0].pricingPlanData[1].visualElements[1].key", "title"): Verify element property value successfully

2023-10-16 14:12:33 - [MESSAGE][PASSED] - Verify element property value successfully

2023-10-16 14:12:33 - [TEST_STEP][PASSED] - verifyElementPropertyValue(getResponse, "offers[5].groups[0].pricingPlans[0].pricingPlanData[1].visualElements[1].value", "فودافون كاش"): Verify element property value successfully

2023-10-16 14:12:33 - [MESSAGE][PASSED] - Verify element property value successfully

2023-10-16 14:12:33 - [TEST_STEP][PASSED] - verifyElementPropertyValue(getResponse, "offers[5].groups[0].pricingPlans[0].pricingPlanData[1].visualElements[2].key", "CTA_text"): Verify element property value successfully

2023-10-16 14:12:33 - [MESSAGE][PASSED] - Verify element property value successfully

2023-10-16 14:12:33 - [TEST_STEP][PASSED] - verifyElementPropertyValue(getResponse, "offers[5].groups[0].pricingPlans[0].pricingPlanData[1].visualElements[2].value", "اشترك"): Verify element property value successfully

2023-10-16 14:12:33 - [MESSAGE][PASSED] - Verify element property value successfully

2023-10-16 14:12:33 - [TEST_STEP][PASSED] - verifyElementPropertyValue(getResponse, "offers[5].groups[0].pricingPlans[0].pricingPlanData[1].visualElements[3].key", "logo"): Verify element property value successfully

2023-10-16 14:12:33 - [MESSAGE][PASSED] - Verify element property value successfully

2023-10-16 14:12:33 - [TEST_STEP][PASSED] - verifyElementPropertyValue(getResponse, "offers[5].groups[0].pricingPlans[0].pricingPlanData[1].visualElements[3].value", "https://shahid-static.s3.amazonaws.com/dev/widget-images/vodafone/VF_Cash.png"): Verify element property value successfully

2023-10-16 14:12:33 - [MESSAGE][PASSED] - Verify element property value successfully

2023-10-16 14:12:33 - [TEST_STEP][PASSED] - verifyElementPropertyValue(getResponse, "offers[5].groups[0].pricingPlans[0].pricingPlanData[1].showIn[0]", "VERTICAL_MODE"): Verify element property value successfully

2023-10-16 14:12:33 - [MESSAGE][PASSED] - Verify element property value successfully

2023-10-16 14:12:33 - [TEST_STEP][PASSED] - verifyElementPropertyValue(getResponse, "offers[5].groups[0].pricingPlans[0].pricingPlanData[1].showIn[1]", "HORIZONTAL_MODE"): Verify element property value successfully

2023-10-16 14:12:33 - [MESSAGE][PASSED] - Verify element property value successfully

2023-10-16 14:12:33 - [TEST_STEP][PASSED] - verifyElementPropertyValue(getResponse, "groups[0].pricingPlans[1].featured", "false"): Verify element property value successfully

2023-10-16 14:12:33 - [MESSAGE][PASSED] - Verify element property value successfully

2023-10-16 14:12:33 - [TEST_STEP][PASSED] - verifyElementPropertyValue(getResponse, "groups[0].pricingPlans[1].packageId", "SHAHID_VIP"): Verify element property value successfully

2023-10-16 14:12:34 - [MESSAGE][PASSED] - Verify element property value successfully

2023-10-16 14:12:34 - [TEST_STEP][PASSED] - verifyElementPropertyValue(getResponse, "groups[0].pricingPlans[1].catalogId", "VIP"): Verify element property value successfully

2023-10-16 14:12:34 - [MESSAGE][PASSED] - Verify element property value successfully

2023-10-16 14:12:34 - [TEST_STEP][PASSED] - verifyElementPropertyValue(getResponse, "groups[0].pricingPlans[1].visualElements[0].key", "Header_1_text"): Verify element property value successfully

2023-10-16 14:12:34 - [MESSAGE][PASSED] - Verify element property value successfully

2023-10-16 14:12:34 - [TEST_STEP][PASSED] - verifyElementPropertyValue(getResponse, "groups[0].pricingPlans[1].visualElements[0].value", "شاهد أقوى المسلسلات و الأفلام حصرياً دون توقف"): Verify element property value successfully

2023-10-16 14:12:34 - [MESSAGE][PASSED] - Verify element property value successfully

2023-10-16 14:12:34 - [TEST_STEP][PASSED] - verifyElementPropertyValue(getResponse, "groups[0].pricingPlans[1].visualElements[1].key", "display_title"): Verify element property value successfully

2023-10-16 14:12:34 - [MESSAGE][PASSED] - Verify element property value successfully

2023-10-16 14:12:34 - [TEST_STEP][PASSED] - verifyElementPropertyValue(getResponse, "groups[0].pricingPlans[1].visualElements[1].value", "الاشتراك السنوي"): Verify element property value successfully

2023-10-16 14:12:34 - [MESSAGE][PASSED] - Verify element property value successfully

2023-10-16 14:12:34 - [TEST_STEP][PASSED] - verifyElementPropertyValue(getResponse, "groups[0].pricingPlans[1].visualElements[2].key", "tag_text"): Verify element property value successfully

2023-10-16 14:12:34 - [MESSAGE][PASSED] - Verify element property value successfully

2023-10-16 14:12:34 - [TEST_STEP][PASSED] - verifyElementPropertyValue(getResponse, "groups[0].pricingPlans[1].visualElements[2].value", "وفر29%"): Verify element property value successfully

2023-10-16 14:12:34 - [MESSAGE][PASSED] - Verify element property value successfully

2023-10-16 14:12:34 - [TEST_STEP][PASSED] - verifyElementPropertyValue(getResponse, "groups[0].pricingPlans[1].visualElements[3].key", "promo_text"): Verify element property value successfully

2023-10-16 14:12:34 - [MESSAGE][PASSED] - Verify element property value successfully

2023-10-16 14:12:34 - [TEST_STEP][PASSED] - verifyElementPropertyValue(getResponse, "groups[0].pricingPlans[1].visualElements[3].value", "63.33 EGP / شهرياً"): Verify element property value successfully

2023-10-16 14:12:34 - [MESSAGE][PASSED] - Verify element property value successfully

2023-10-16 14:12:34 - [TEST_STEP][PASSED] - verifyElementPropertyValue(getResponse, "groups[0].pricingPlans[1].visualElements[4].key", "deduction_text"): Verify element property value successfully

2023-10-16 14:12:34 - [MESSAGE][PASSED] - Verify element property value successfully

2023-10-16 14:12:34 - [TEST_STEP][PASSED] - verifyElementPropertyValue(getResponse, "groups[0].pricingPlans[1].visualElements[4].value", " 759.99 EGP  تدفع سنوياً"): Verify element property value successfully

2023-10-16 14:12:34 - [MESSAGE][PASSED] - Verify element property value successfully

2023-10-16 14:12:34 - [TEST_STEP][PASSED] - verifyElementPropertyValue(getResponse, "groups[0].pricingPlans[1].visualElements[7].key", "show_payment_logo"): Verify element property value successfully

2023-10-16 14:12:34 - [MESSAGE][PASSED] - Verify element property value successfully

2023-10-16 14:12:34 - [TEST_STEP][PASSED] - verifyElementPropertyValue(getResponse, "groups[0].pricingPlans[1].visualElements[7].value", "true"): Verify element property value successfully

2023-10-16 14:12:34 - [MESSAGE][PASSED] - Verify element property value successfully

2023-10-16 14:12:34 - [TEST_STEP][PASSED] - verifyElementPropertyValue(getResponse, "groups[0].pricingPlans[1].visualElements[8].key", "show_tag"): Verify element property value successfully

2023-10-16 14:12:34 - [MESSAGE][PASSED] - Verify element property value successfully

2023-10-16 14:12:34 - [TEST_STEP][PASSED] - verifyElementPropertyValue(getResponse, "groups[0].pricingPlans[1].visualElements[8].value", "true"): Verify element property value successfully

2023-10-16 14:12:34 - [MESSAGE][PASSED] - Verify element property value successfully

2023-10-16 14:12:34 - [TEST_STEP][PASSED] - verifyElementPropertyValue(getResponse, "groups[0].pricingPlans[1].visualElements[10].key", "price"): Verify element property value successfully

2023-10-16 14:12:34 - [MESSAGE][PASSED] - Verify element property value successfully

2023-10-16 14:12:34 - [TEST_STEP][PASSED] - verifyElementPropertyValue(getResponse, "groups[0].pricingPlans[1].visualElements[10].value", "759.99"): Verify element property value successfully

2023-10-16 14:12:34 - [MESSAGE][PASSED] - Verify element property value successfully

2023-10-16 14:12:34 - [TEST_STEP][PASSED] - verifyElementPropertyValue(getResponse, "groups[0].pricingPlans[1].visualElements[11].key", "currency"): Verify element property value successfully

2023-10-16 14:12:34 - [MESSAGE][PASSED] - Verify element property value successfully

2023-10-16 14:12:34 - [TEST_STEP][PASSED] - verifyElementPropertyValue(getResponse, "groups[0].pricingPlans[1].visualElements[11].value", "EGP"): Verify element property value successfully

2023-10-16 14:12:34 - [MESSAGE][PASSED] - Verify element property value successfully

2023-10-16 14:12:34 - [TEST_STEP][PASSED] - verifyElementPropertyValue(getResponse, "groups[0].pricingPlans[1].visualElements[12].key", "duration"): Verify element property value successfully

2023-10-16 14:12:34 - [MESSAGE][PASSED] - Verify element property value successfully

2023-10-16 14:12:34 - [TEST_STEP][PASSED] - verifyElementPropertyValue(getResponse, "groups[0].pricingPlans[1].visualElements[12].value", "سنوياً"): Verify element property value successfully

2023-10-16 14:12:34 - [MESSAGE][PASSED] - Verify element property value successfully

2023-10-16 14:12:34 - [TEST_STEP][PASSED] - verifyElementPropertyValue(getResponse, "groups[0].pricingPlans[1].order", "2"): Verify element property value successfully

2023-10-16 14:12:34 - [MESSAGE][PASSED] - Verify element property value successfully

2023-10-16 14:12:34 - [TEST_STEP][PASSED] - verifyElementPropertyValue(getResponse, "groups[0].pricingPlans[1].period", "yearly"): Verify element property value successfully

2023-10-16 14:12:34 - [MESSAGE][PASSED] - Verify element property value successfully

2023-10-16 14:12:34 - [TEST_STEP][PASSED] - verifyElementPropertyValue(getResponse, "groups[0].pricingPlans[1].price", "759.99"): Verify element property value successfully

2023-10-16 14:12:34 - [MESSAGE][PASSED] - Verify element property value successfully

2023-10-16 14:12:34 - [TEST_STEP][PASSED] - verifyElementPropertyValue(getResponse, "groups[0].pricingPlans[1].currency", "EGP"): Verify element property value successfully

2023-10-16 14:12:34 - [MESSAGE][PASSED] - Verify element property value successfully

2023-10-16 14:12:34 - [TEST_STEP][PASSED] - verifyElementPropertyValue(getResponse, "groups[0].pricingPlans[1].pricingPlanData[0].productId", "EGY_B2C_SHAHID_VIP_12M"): Verify element property value successfully

2023-10-16 14:12:34 - [MESSAGE][PASSED] - Verify element property value successfully

2023-10-16 14:12:34 - [TEST_STEP][PASSED] - verifyElementPropertyValue(getResponse, "groups[0].pricingPlans[1].pricingPlanData[0].subPricingPlanIds", "null"): Verify element property value successfully

2023-10-16 14:12:34 - [MESSAGE][PASSED] - Verify element property value successfully

2023-10-16 14:12:34 - [TEST_STEP][PASSED] - verifyElementPropertyValue(getResponse, "groups[0].pricingPlans[1].pricingPlanData[0].paymentMethod", "CREDIT_CARD"): Verify element property value successfully

2023-10-16 14:12:34 - [MESSAGE][PASSED] - Verify element property value successfully

2023-10-16 14:12:34 - [TEST_STEP][PASSED] - verifyElementPropertyValue(getResponse, "groups[0].pricingPlans[1].pricingPlanData[0].freeTrialEnabled", "false"): Verify element property value successfully

2023-10-16 14:12:34 - [MESSAGE][PASSED] - Verify element property value successfully

2023-10-16 14:12:34 - [TEST_STEP][PASSED] - verifyElementPropertyValue(getResponse, "groups[0].pricingPlans[1].pricingPlanData[0].visualElements[0].key", "title"): Verify element property value successfully

2023-10-16 14:12:34 - [MESSAGE][PASSED] - Verify element property value successfully

2023-10-16 14:12:34 - [TEST_STEP][PASSED] - verifyElementPropertyValue(getResponse, "groups[0].pricingPlans[1].pricingPlanData[0].visualElements[0].value", "البطاقة المصرفية"): Verify element property value successfully

2023-10-16 14:12:34 - [MESSAGE][PASSED] - Verify element property value successfully

2023-10-16 14:12:34 - [TEST_STEP][PASSED] - verifyElementPropertyValue(getResponse, "groups[0].pricingPlans[1].pricingPlanData[0].visualElements[1].key", "CTA_text"): Verify element property value successfully

2023-10-16 14:12:34 - [MESSAGE][PASSED] - Verify element property value successfully

2023-10-16 14:12:34 - [TEST_STEP][PASSED] - verifyElementPropertyValue(getResponse, "groups[0].pricingPlans[1].pricingPlanData[0].visualElements[1].value", "اشترك"): Verify element property value successfully

2023-10-16 14:12:34 - [MESSAGE][PASSED] - Verify element property value successfully

2023-10-16 14:12:34 - [TEST_STEP][PASSED] - verifyElementPropertyValue(getResponse, "groups[0].pricingPlans[1].pricingPlanData[0].visualElements[2].key", "logo"): Verify element property value successfully

2023-10-16 14:12:34 - [MESSAGE][PASSED] - Verify element property value successfully

2023-10-16 14:12:34 - [TEST_STEP][PASSED] - verifyElementPropertyValue(getResponse, "groups[0].pricingPlans[1].pricingPlanData[0].visualElements[2].value", "https://static.s3.shahid.mbc.net/widget-images/icons/iconCreditCard.png"): Verify element property value successfully

2023-10-16 14:12:34 - [MESSAGE][PASSED] - Verify element property value successfully

2023-10-16 14:12:34 - [TEST_STEP][PASSED] - verifyElementPropertyValue(getResponse, "groups[0].pricingPlans[1].pricingPlanData[0].priceLabel", "759.99"): Verify element property value successfully

2023-10-16 14:12:34 - [MESSAGE][PASSED] - Verify element property value successfully

2023-10-16 14:12:34 - [TEST_STEP][PASSED] - verifyElementPropertyValue(getResponse, "groups[0].pricingPlans[1].pricingPlanData[0].currencyLabel", "EGP"): Verify element property value successfully

2023-10-16 14:12:34 - [MESSAGE][PASSED] - Verify element property value successfully

2023-10-16 14:12:34 - [TEST_STEP][PASSED] - verifyElementPropertyValue(getResponse, "groups[0].pricingPlans[1].pricingPlanData[0].allowedForAcquisition", "true"): Verify element property value successfully

2023-10-16 14:12:34 - [MESSAGE][PASSED] - Verify element property value successfully

2023-10-16 14:12:34 - [TEST_STEP][PASSED] - verifyElementPropertyValue(getResponse, "groups[0].pricingPlans[1].pricingPlanData[0].showIn[0]", "VERTICAL_MODE"): Verify element property value successfully

2023-10-16 14:12:34 - [MESSAGE][PASSED] - Verify element property value successfully

2023-10-16 14:12:34 - [TEST_STEP][PASSED] - verifyElementPropertyValue(getResponse, "groups[0].pricingPlans[1].pricingPlanData[0].showIn[1]", "HORIZONTAL_MODE"): Verify element property value successfully

2023-10-16 14:12:34 - [MESSAGE][PASSED] - Verify element property value successfully

2023-10-16 14:12:34 - [TEST_STEP][PASSED] - verifyElementPropertyValue(getResponse, "groups[0].pricingPlans[1].pricingPlanData[1].pricingPlanId", "f2"): Verify element property value successfully

2023-10-16 14:12:34 - [MESSAGE][PASSED] - Verify element property value successfully

2023-10-16 14:12:34 - [TEST_STEP][PASSED] - verifyElementPropertyValue(getResponse, "groups[0].pricingPlans[1].pricingPlanData[1].productId", "EGY_B2C_SHAHID_VIP_12M"): Verify element property value successfully

2023-10-16 14:12:34 - [MESSAGE][PASSED] - Verify element property value successfully

2023-10-16 14:12:34 - [TEST_STEP][PASSED] - verifyElementPropertyValue(getResponse, "groups[0].pricingPlans[1].pricingPlanData[1].paymentMethod", "CASH_PAY"): Verify element property value successfully

2023-10-16 14:12:34 - [MESSAGE][PASSED] - Verify element property value successfully

2023-10-16 14:12:34 - [TEST_STEP][PASSED] - verifyElementPropertyValue(getResponse, "groups[0].pricingPlans[1].pricingPlanData[1].freeTrialEnabled", "false"): Verify element property value successfully

2023-10-16 14:12:34 - [MESSAGE][PASSED] - Verify element property value successfully

2023-10-16 14:12:34 - [TEST_STEP][PASSED] - verifyElementPropertyValue(getResponse, "groups[0].pricingPlans[1].pricingPlanData[1].visualElements[0].key", "title"): Verify element property value successfully

2023-10-16 14:12:34 - [MESSAGE][PASSED] - Verify element property value successfully

2023-10-16 14:12:34 - [TEST_STEP][PASSED] - verifyElementPropertyValue(getResponse, "groups[0].pricingPlans[1].pricingPlanData[1].visualElements[0].value", "ادفع نقداً"): Verify element property value successfully

2023-10-16 14:12:34 - [MESSAGE][PASSED] - Verify element property value successfully

2023-10-16 14:12:34 - [TEST_STEP][PASSED] - verifyElementPropertyValue(getResponse, "groups[0].pricingPlans[1].pricingPlanData[1].visualElements[1].key", "CTA_text"): Verify element property value successfully

2023-10-16 14:12:34 - [MESSAGE][PASSED] - Verify element property value successfully

2023-10-16 14:12:34 - [TEST_STEP][PASSED] - verifyElementPropertyValue(getResponse, "groups[0].pricingPlans[1].pricingPlanData[1].visualElements[1].value", "اشترك"): Verify element property value successfully

2023-10-16 14:12:34 - [MESSAGE][PASSED] - Verify element property value successfully

2023-10-16 14:12:34 - [TEST_STEP][PASSED] - verifyElementPropertyValue(getResponse, "groups[0].pricingPlans[1].pricingPlanData[1].visualElements[2].key", "logo"): Verify element property value successfully

2023-10-16 14:12:34 - [MESSAGE][PASSED] - Verify element property value successfully

2023-10-16 14:12:34 - [TEST_STEP][PASSED] - verifyElementPropertyValue(getResponse, "groups[0].pricingPlans[1].pricingPlanData[1].visualElements[2].value", "https://shahid-static.s3.us-east-1.amazonaws.com/widget-images/carriers/fawry2.svg"): Verify element property value successfully

2023-10-16 14:12:34 - [MESSAGE][PASSED] - Verify element property value successfully

2023-10-16 14:12:34 - [TEST_STEP][PASSED] - verifyElementPropertyValue(getResponse, "groups[0].pricingPlans[1].pricingPlanData[1].priceLabel", "759.99"): Verify element property value successfully

2023-10-16 14:12:34 - [MESSAGE][PASSED] - Verify element property value successfully

2023-10-16 14:12:34 - [TEST_STEP][PASSED] - verifyElementPropertyValue(getResponse, "groups[0].pricingPlans[1].pricingPlanData[1].currencyLabel", "EGP"): Verify element property value successfully

2023-10-16 14:12:34 - [MESSAGE][PASSED] - Verify element property value successfully

2023-10-16 14:12:34 - [TEST_STEP][PASSED] - verifyElementPropertyValue(getResponse, "groups[0].pricingPlans[1].pricingPlanData[1].allowedForAcquisition", "true"): Verify element property value successfully

2023-10-16 14:12:34 - [MESSAGE][PASSED] - Verify element property value successfully

2023-10-16 14:12:34 - [TEST_STEP][PASSED] - verifyElementPropertyValue(getResponse, "groups[0].pricingPlans[1].pricingPlanData[1].showIn[0]", "VERTICAL_MODE"): Verify element property value successfully

2023-10-16 14:12:34 - [MESSAGE][PASSED] - Verify element property value successfully

2023-10-16 14:12:34 - [TEST_STEP][PASSED] - verifyElementPropertyValue(getResponse, "groups[0].pricingPlans[1].pricingPlanData[1].showIn[1]", "HORIZONTAL_MODE"): Verify element property value successfully

2023-10-16 14:12:34 - [MESSAGE][PASSED] - Verify element property value successfully

2023-10-16 14:12:34 - [TEST_STEP][PASSED] - verifyElementPropertyValue(getResponse, "groups[0].pricingPlans[1].pricingPlanData[2].pricingPlanId", "f42"): Verify element property value successfully

2023-10-16 14:12:34 - [MESSAGE][PASSED] - Verify element property value successfully

2023-10-16 14:12:34 - [TEST_STEP][PASSED] - verifyElementPropertyValue(getResponse, "groups[0].pricingPlans[1].pricingPlanData[2].productId", "EGY_B2C_SHAHID_VIP_12M"): Verify element property value successfully

2023-10-16 14:12:34 - [MESSAGE][PASSED] - Verify element property value successfully

2023-10-16 14:12:34 - [TEST_STEP][PASSED] - verifyElementPropertyValue(getResponse, "groups[0].pricingPlans[1].pricingPlanData[2].paymentMethod", "WALLET_PAY"): Verify element property value successfully

2023-10-16 14:12:34 - [MESSAGE][PASSED] - Verify element property value successfully

2023-10-16 14:12:34 - [TEST_STEP][PASSED] - verifyElementPropertyValue(getResponse, "groups[0].pricingPlans[1].pricingPlanData[2].freeTrialEnabled", "false"): Verify element property value successfully

2023-10-16 14:12:34 - [MESSAGE][PASSED] - Verify element property value successfully

2023-10-16 14:12:34 - [TEST_STEP][PASSED] - verifyElementPropertyValue(getResponse, "groups[0].pricingPlans[1].pricingPlanData[2].showIn[0]", "VERTICAL_MODE"): Verify element property value successfully

2023-10-16 14:12:34 - [MESSAGE][PASSED] - Verify element property value successfully

2023-10-16 14:12:34 - [TEST_STEP][PASSED] - verifyElementPropertyValue(getResponse, "groups[0].pricingPlans[1].pricingPlanData[2].showIn[1]", "HORIZONTAL_MODE"): Verify element property value successfully

2023-10-16 14:12:34 - [MESSAGE][PASSED] - Verify element property value successfully

2023-10-16 14:12:34 - [TEST_STEP][PASSED] - verifyElementPropertyValue(getResponse, "groups[0].pricingPlans[1].pricingPlanData[2].priceLabel", "759.99"): Verify element property value successfully

2023-10-16 14:12:34 - [MESSAGE][PASSED] - Verify element property value successfully

2023-10-16 14:12:34 - [TEST_STEP][PASSED] - verifyElementPropertyValue(getResponse, "groups[0].pricingPlans[1].pricingPlanData[2].currencyLabel", "EGP"): Verify element property value successfully

2023-10-16 14:12:34 - [MESSAGE][PASSED] - Verify element property value successfully

2023-10-16 14:12:34 - [TEST_STEP][PASSED] - verifyElementPropertyValue(getResponse, "groups[0].pricingPlans[1].pricingPlanData[2].oneTimeCharge", "false"): Verify element property value successfully

2023-10-16 14:12:34 - [MESSAGE][PASSED] - Verify element property value successfully

2023-10-16 14:12:34 - [TEST_STEP][PASSED] - verifyElementPropertyValue(getResponse, "groups[0].pricingPlans[1].pricingPlanData[2].renewalDays", "0"): Verify element property value successfully

2023-10-16 14:12:34 - [MESSAGE][PASSED] - Verify element property value successfully

2023-10-16 14:12:34 - [TEST_STEP][PASSED] - verifyElementPropertyValue(getResponse, "groups[0].pricingPlans[1].pricingPlanData[2].allowedForAcquisition", "true"): Verify element property value successfully

2023-10-16 14:12:34 - [MESSAGE][PASSED] - Verify element property value successfully

2023-10-16 14:12:34 - [TEST_STEP][PASSED] - verifyElementPropertyValue(getResponse, "groups[0].pricingPlans[1].pricingPlanData[2].providerLogosNumberToShow", "1"): Verify element property value successfully

2023-10-16 14:12:34 - [MESSAGE][PASSED] - Verify element property value successfully

2023-10-16 14:12:34 - [TEST_STEP][PASSED] - verifyElementPropertyValue(getResponse, "groups[0].pricingPlans[1].pricingPlanData[2].providerLogos[0]", "https://shahid-static.s3.amazonaws.com/widget-images/logos/vfcash.svg"): Verify element property value successfully

2023-10-16 14:12:34 - [MESSAGE][PASSED] - Verify element property value successfully

2023-10-16 14:12:34 - [TEST_STEP][PASSED] - verifyElementPropertyValue(getResponse, "groups[0].pricingPlans[1].pricingPlanData[2].visualElements[0].key", "title"): Verify element property value successfully

2023-10-16 14:12:34 - [MESSAGE][PASSED] - Verify element property value successfully

2023-10-16 14:12:34 - [TEST_STEP][PASSED] - verifyElementPropertyValue(getResponse, "groups[0].pricingPlans[1].pricingPlanData[2].visualElements[0].value", "المحفظة الإلكترونية"): Verify element property value successfully

2023-10-16 14:12:34 - [MESSAGE][PASSED] - Verify element property value successfully

2023-10-16 14:12:34 - [TEST_STEP][PASSED] - verifyElementPropertyValue(getResponse, "groups[0].pricingPlans[1].pricingPlanData[2].visualElements[1].key", "CTA_text"): Verify element property value successfully

2023-10-16 14:12:34 - [MESSAGE][PASSED] - Verify element property value successfully

2023-10-16 14:12:34 - [TEST_STEP][PASSED] - verifyElementPropertyValue(getResponse, "groups[0].pricingPlans[1].pricingPlanData[2].visualElements[1].value", "اشترك"): Verify element property value successfully

2023-10-16 14:12:34 - [MESSAGE][PASSED] - Verify element property value successfully

2023-10-16 14:12:34 - [TEST_STEP][PASSED] - verifyElementPropertyValue(getResponse, "groups[0].pricingPlans[1].pricingPlanData[2].visualElements[2].key", "logo"): Verify element property value successfully

2023-10-16 14:12:34 - [MESSAGE][PASSED] - Verify element property value successfully

2023-10-16 14:12:34 - [TEST_STEP][PASSED] - verifyElementPropertyValue(getResponse, "groups[0].pricingPlans[1].pricingPlanData[2].visualElements[2].value", "https://shahid-static.s3.amazonaws.com/widget-images/icons/iconPaymobLogo.svg"): Verify element property value successfully

2023-10-16 14:12:34 - [MESSAGE][PASSED] - Verify element property value successfully

2023-10-16 14:12:34 - [TEST_STEP][PASSED] - verifyElementPropertyValue(getResponse, "groups[0].pricingPlans[1].pricingPlanData[3].pricingPlanId", "w1"): Verify element property value successfully

2023-10-16 14:12:34 - [MESSAGE][PASSED] - Verify element property value successfully

2023-10-16 14:12:34 - [TEST_STEP][PASSED] - verifyElementPropertyValue(getResponse, "groups[0].pricingPlans[1].pricingPlanData[3].productId", "EGY_B2C_SHAHID_VIP_12M"): Verify element property value successfully

2023-10-16 14:12:34 - [MESSAGE][PASSED] - Verify element property value successfully

2023-10-16 14:12:34 - [TEST_STEP][PASSED] - verifyElementPropertyValue(getResponse, "groups[0].pricingPlans[1].pricingPlanData[3].paymentMethod", "WALLET_PAY"): Verify element property value successfully

2023-10-16 14:12:34 - [MESSAGE][PASSED] - Verify element property value successfully

2023-10-16 14:12:34 - [TEST_STEP][PASSED] - verifyElementPropertyValue(getResponse, "groups[0].pricingPlans[1].pricingPlanData[3].freeTrialEnabled", "false"): Verify element property value successfully

2023-10-16 14:12:34 - [MESSAGE][PASSED] - Verify element property value successfully

2023-10-16 14:12:34 - [TEST_STEP][PASSED] - verifyElementPropertyValue(getResponse, "groups[0].pricingPlans[1].pricingPlanData[3].showIn[0]", "VERTICAL_MODE"): Verify element property value successfully

2023-10-16 14:12:34 - [MESSAGE][PASSED] - Verify element property value successfully

2023-10-16 14:12:34 - [TEST_STEP][PASSED] - verifyElementPropertyValue(getResponse, "groups[0].pricingPlans[1].pricingPlanData[3].showIn[1]", "HORIZONTAL_MODE"): Verify element property value successfully

2023-10-16 14:12:34 - [MESSAGE][PASSED] - Verify element property value successfully

2023-10-16 14:12:34 - [TEST_STEP][PASSED] - verifyElementPropertyValue(getResponse, "groups[0].pricingPlans[1].pricingPlanData[3].priceLabel", "759.99"): Verify element property value successfully

2023-10-16 14:12:34 - [MESSAGE][PASSED] - Verify element property value successfully

2023-10-16 14:12:34 - [TEST_STEP][PASSED] - verifyElementPropertyValue(getResponse, "groups[0].pricingPlans[1].pricingPlanData[3].currencyLabel", "EGP"): Verify element property value successfully

2023-10-16 14:12:34 - [MESSAGE][PASSED] - Verify element property value successfully

2023-10-16 14:12:34 - [TEST_STEP][PASSED] - verifyElementPropertyValue(getResponse, "groups[0].pricingPlans[1].pricingPlanData[3].oneTimeCharge", "false"): Verify element property value successfully

2023-10-16 14:12:34 - [MESSAGE][PASSED] - Verify element property value successfully

2023-10-16 14:12:34 - [TEST_STEP][PASSED] - verifyElementPropertyValue(getResponse, "groups[0].pricingPlans[1].pricingPlanData[3].renewalDays", "0"): Verify element property value successfully

2023-10-16 14:12:34 - [MESSAGE][PASSED] - Verify element property value successfully

2023-10-16 14:12:34 - [TEST_STEP][PASSED] - verifyElementPropertyValue(getResponse, "groups[0].pricingPlans[1].pricingPlanData[3].allowedForAcquisition", "true"): Verify element property value successfully

2023-10-16 14:12:34 - [MESSAGE][PASSED] - Verify element property value successfully

2023-10-16 14:12:34 - [TEST_STEP][PASSED] - verifyElementPropertyValue(getResponse, "groups[0].pricingPlans[1].pricingPlanData[3].providerLogosNumberToShow", "1"): Verify element property value successfully

2023-10-16 14:12:34 - [MESSAGE][PASSED] - Verify element property value successfully

2023-10-16 14:12:34 - [TEST_STEP][PASSED] - verifyElementPropertyValue(getResponse, "groups[0].pricingPlans[1].pricingPlanData[3].providerLogos[0]", "https://shahid-static.s3.amazonaws.com/dev/widget-images/vodafone/VF_Cash.png"): Verify element property value successfully

2023-10-16 14:12:34 - [MESSAGE][PASSED] - Verify element property value successfully

2023-10-16 14:12:34 - [TEST_STEP][PASSED] - verifyElementPropertyValue(getResponse, "groups[0].pricingPlans[1].pricingPlanData[3].visualElements[0].key", "title"): Verify element property value successfully

2023-10-16 14:12:34 - [MESSAGE][PASSED] - Verify element property value successfully

2023-10-16 14:12:34 - [TEST_STEP][PASSED] - verifyElementPropertyValue(getResponse, "groups[0].pricingPlans[1].pricingPlanData[3].visualElements[0].value", "فودافون كاش"): Verify element property value successfully

2023-10-16 14:12:34 - [MESSAGE][PASSED] - Verify element property value successfully

2023-10-16 14:12:34 - [TEST_STEP][PASSED] - verifyElementPropertyValue(getResponse, "groups[0].pricingPlans[1].pricingPlanData[3].visualElements[1].key", "CTA_text"): Verify element property value successfully

2023-10-16 14:12:34 - [MESSAGE][PASSED] - Verify element property value successfully

2023-10-16 14:12:34 - [TEST_STEP][PASSED] - verifyElementPropertyValue(getResponse, "groups[0].pricingPlans[1].pricingPlanData[3].visualElements[1].value", "اشترك"): Verify element property value successfully

2023-10-16 14:12:34 - [MESSAGE][PASSED] - Verify element property value successfully

2023-10-16 14:12:34 - [TEST_STEP][PASSED] - verifyElementPropertyValue(getResponse, "groups[0].pricingPlans[1].pricingPlanData[3].visualElements[2].key", "logo"): Verify element property value successfully

2023-10-16 14:12:34 - [MESSAGE][PASSED] - Verify element property value successfully

2023-10-16 14:12:34 - [TEST_STEP][PASSED] - verifyElementPropertyValue(getResponse, "groups[0].pricingPlans[1].pricingPlanData[3].visualElements[2].value", "https://shahid-static.s3.amazonaws.com/dev/widget-images/vodafone/VF_Cash.png"): Verify element property value successfully

2023-10-16 14:12:34 - [MESSAGE][PASSED] - Verify element property value successfully

2023-10-16 14:12:34 - [TEST_STEP][PASSED] - verifyElementPropertyValue(getResponse, "visualElements[0].key", "main_CTA_text_1"): Verify element property value successfully

2023-10-16 14:12:34 - [MESSAGE][PASSED] - Verify element property value successfully

2023-10-16 14:12:34 - [TEST_STEP][PASSED] - verifyElementPropertyValue(getResponse, "visualElements[0].value", "شاهد أقوى المسلسلات و الأفلام حصرياً دون توقف"): Verify element property value successfully

2023-10-16 14:12:34 - [MESSAGE][PASSED] - Verify element property value successfully

2023-10-16 14:12:34 - [TEST_STEP][PASSED] - verifyElementPropertyValue(getResponse, "visualElements[2].key", "main_disclaimer_text"): Verify element property value successfully

2023-10-16 14:12:34 - [MESSAGE][PASSED] - Verify element property value successfully

2023-10-16 14:12:34 - [TEST_STEP][PASSED] - verifyElementPropertyValue(getResponse, "visualElements[2].value", "رسوم الاشتراك قد تختلف بناءً على البلد أو طريقة الدفع أو باقة الاشتراك أو الضريبة المضافة أو معامل تحويل العملات والرسوم البنكية. تطبّق الشروط والأحكام."): Verify element property value successfully

2023-10-16 14:12:34 - [MESSAGE][PASSED] - Verify element property value successfully

2023-10-16 14:12:34 - [TEST_STEP][PASSED] - verifyElementPropertyValue(getResponse, "visualElements[4].key", "display_type"): Verify element property value successfully

2023-10-16 14:12:34 - [MESSAGE][PASSED] - Verify element property value successfully

2023-10-16 14:12:34 - [TEST_STEP][PASSED] - verifyElementPropertyValue(getResponse, "visualElements[4].value", "vertical"): Verify element property value successfully

2023-10-16 14:12:34 - [MESSAGE][PASSED] - Verify element property value successfully

2023-10-16 14:12:34 - [TEST_STEP][PASSED] - verifyElementPropertyValue(getResponse, "defaultPackageId", "SHAHID_VIP"): Verify element property value successfully

2023-10-16 14:12:34 - [MESSAGE][PASSED] - Verify element property value successfully]]></system-out>
         <system-err><![CDATA[2023-10-16 14:12:31 - [TEST_CASE][FAILED] - Test Cases/WEB - CHROME/EGY PI/WEB_AR_getSubscriptionConfigForEGY_VIP: Test Cases/WEB - CHROME/EGY PI/WEB_AR_getSubscriptionConfigForEGY_VIP FAILED.
Reason:
com.kms.katalon.core.exception.StepFailedException: Expected element property value '234.99' is not equal with actual property value '164.49'
	at com.kms.katalon.core.keyword.internal.KeywordMain.stepFailed(KeywordMain.groovy:39)
	at com.kms.katalon.core.webservice.keyword.builtin.VerifyElementPropertyValueKeyword$_verifyElementPropertyValue_closure1.doCall(VerifyElementPropertyValueKeyword.groovy:56)
	at com.kms.katalon.core.webservice.keyword.builtin.VerifyElementPropertyValueKeyword$_verifyElementPropertyValue_closure1.call(VerifyElementPropertyValueKeyword.groovy)
	at com.kms.katalon.core.keyword.internal.KeywordMain.runKeyword(KeywordMain.groovy:75)
	at com.kms.katalon.core.webservice.keyword.builtin.VerifyElementPropertyValueKeyword.verifyElementPropertyValue(VerifyElementPropertyValueKeyword.groovy:48)
	at com.kms.katalon.core.webservice.keyword.builtin.VerifyElementPropertyValueKeyword.execute(VerifyElementPropertyValueKeyword.groovy:43)
	at com.kms.katalon.core.keyword.internal.KeywordExecutor.executeKeywordForPlatform(KeywordExecutor.groovy:74)
	at com.kms.katalon.core.webservice.keyword.WSBuiltInKeywords.verifyElementPropertyValue(WSBuiltInKeywords.groovy:190)
	at com.kms.katalon.core.webservice.keyword.WSBuiltInKeywords$verifyElementPropertyValue$1.call(Unknown Source)
	at WEB_AR_getSubscriptionConfigForEGY_VIP.run(WEB_AR_getSubscriptionConfigForEGY_VIP:193)
	at com.kms.katalon.core.main.ScriptEngine.run(ScriptEngine.java:194)
	at com.kms.katalon.core.main.ScriptEngine.runScriptAsRawText(ScriptEngine.java:119)
	at com.kms.katalon.core.main.TestCaseExecutor.runScript(TestCaseExecutor.java:448)
	at com.kms.katalon.core.main.TestCaseExecutor.doExecute(TestCaseExecutor.java:439)
	at com.kms.katalon.core.main.TestCaseExecutor.processExecutionPhase(TestCaseExecutor.java:418)
	at com.kms.katalon.core.main.TestCaseExecutor.accessMainPhase(TestCaseExecutor.java:410)
	at com.kms.katalon.core.main.TestCaseExecutor.execute(TestCaseExecutor.java:285)
	at com.kms.katalon.core.common.CommonExecutor.accessTestCaseMainPhase(CommonExecutor.java:65)
	at com.kms.katalon.core.main.TestSuiteExecutor.accessTestSuiteMainPhase(TestSuiteExecutor.java:148)
	at com.kms.katalon.core.main.TestSuiteExecutor.execute(TestSuiteExecutor.java:106)
	at com.kms.katalon.core.main.TestCaseMain.startTestSuite(TestCaseMain.java:187)
	at com.kms.katalon.core.main.TestCaseMain$startTestSuite$0.call(Unknown Source)
	at TempTestSuite1697454205358.run(TempTestSuite1697454205358.groovy:36)]]></system-err>
      </testcase>
      <testcase name="Test Cases/WEB - CHROME/EGY PI/WEB_AR_getOffersForEGY_SPORT" time="3.12" classname="Test Cases/WEB - CHROME/EGY PI/WEB_AR_getOffersForEGY_SPORT" status="PASSED">
         <system-out><![CDATA[2023-10-16 14:12:34 - [TEST_CASE][PASSED] - Test Cases/WEB - CHROME/EGY PI/WEB_AR_getOffersForEGY_SPORT: Test Cases/WEB - CHROME/EGY PI/WEB_AR_getOffersForEGY_SPORT

2023-10-16 14:12:34 - [TEST_STEP][PASSED] - getResponse = config_files.getConfigFile.getConfig("WEB", "AR", "SHAHID_VIP_SPORT", "EG", "false"): config_files.getConfigFile.getConfig is PASSED

2023-10-16 14:12:35 - [MESSAGE][INFO] - HAR: /Users/admin/git/shahid-configuration/Reports/20231016_140310/WEB/EGY/20231016_140325/requests/main/4.har

2023-10-16 14:12:35 - [MESSAGE][PASSED] - Send request successfully

2023-10-16 14:12:35 - [MESSAGE][PASSED] - config_files.getConfigFile.getConfig is PASSED

2023-10-16 14:12:35 - [TEST_STEP][PASSED] - verifyResponseStatusCode(getResponse, 200): Verify response status code successfully

2023-10-16 14:12:35 - [MESSAGE][PASSED] - Verify response status code successfully

2023-10-16 14:12:35 - [TEST_STEP][PASSED] - verifyElementPropertyValue(getResponse, "country", "EGY"): Verify element property value successfully

2023-10-16 14:12:35 - [MESSAGE][PASSED] - Verify element property value successfully

2023-10-16 14:12:35 - [TEST_STEP][PASSED] - verifyElementPropertyValue(getResponse, "platform", "[WEB]"): Verify element property value successfully

2023-10-16 14:12:35 - [MESSAGE][PASSED] - Verify element property value successfully

2023-10-16 14:12:35 - [TEST_STEP][PASSED] - verifyElementPropertyValue(getResponse, "offers[6].offerId", "winback-sport-30-offer"): Verify element property value successfully

2023-10-16 14:12:35 - [MESSAGE][PASSED] - Verify element property value successfully

2023-10-16 14:12:35 - [TEST_STEP][PASSED] - verifyElementPropertyValue(getResponse, "offers[6].offerParam", "sportsoffer30"): Verify element property value successfully

2023-10-16 14:12:35 - [MESSAGE][PASSED] - Verify element property value successfully

2023-10-16 14:12:35 - [TEST_STEP][PASSED] - verifyElementPropertyValue(getResponse, "offers[6].groups[0].pricingPlans[0].featured", "true"): Verify element property value successfully

2023-10-16 14:12:35 - [MESSAGE][PASSED] - Verify element property value successfully

2023-10-16 14:12:35 - [TEST_STEP][PASSED] - verifyElementPropertyValue(getResponse, "offers[6].groups[0].pricingPlans[0].period", "monthly"): Verify element property value successfully

2023-10-16 14:12:35 - [MESSAGE][PASSED] - Verify element property value successfully

2023-10-16 14:12:35 - [TEST_STEP][PASSED] - verifyElementPropertyValue(getResponse, "offers[6].groups[0].pricingPlans[0].featured", "true"): Verify element property value successfully

2023-10-16 14:12:35 - [MESSAGE][PASSED] - Verify element property value successfully

2023-10-16 14:12:35 - [TEST_STEP][PASSED] - verifyElementPropertyValue(getResponse, "offers[6].groups[0].pricingPlans[0].price", "76.99"): Verify element property value successfully

2023-10-16 14:12:35 - [MESSAGE][PASSED] - Verify element property value successfully

2023-10-16 14:12:35 - [TEST_STEP][PASSED] - verifyElementPropertyValue(getResponse, "offers[6].groups[0].pricingPlans[0].currency", "EGP"): Verify element property value successfully

2023-10-16 14:12:35 - [MESSAGE][PASSED] - Verify element property value successfully

2023-10-16 14:12:35 - [TEST_STEP][PASSED] - verifyElementPropertyValue(getResponse, "offers[6].groups[0].pricingPlans[0].order", "0"): Verify element property value successfully

2023-10-16 14:12:35 - [MESSAGE][PASSED] - Verify element property value successfully

2023-10-16 14:12:35 - [TEST_STEP][PASSED] - verifyElementPropertyValue(getResponse, "offers[6].groups[0].pricingPlans[0].packageId", "SHAHID_VIP_SPORT"): Verify element property value successfully

2023-10-16 14:12:35 - [MESSAGE][PASSED] - Verify element property value successfully

2023-10-16 14:12:35 - [TEST_STEP][PASSED] - verifyElementPropertyValue(getResponse, "offers[6].groups[0].pricingPlans[0].catalogId", "SPORT"): Verify element property value successfully

2023-10-16 14:12:35 - [MESSAGE][PASSED] - Verify element property value successfully

2023-10-16 14:12:35 - [TEST_STEP][PASSED] - verifyElementPropertyValue(getResponse, "offers[6].groups[0].pricingPlans[0].visualElements[0].key", "Header_1_text"): Verify element property value successfully

2023-10-16 14:12:35 - [MESSAGE][PASSED] - Verify element property value successfully

2023-10-16 14:12:35 - [TEST_STEP][PASSED] - verifyElementPropertyValue(getResponse, "offers[6].groups[0].pricingPlans[0].visualElements[0].value", "شاهد أقوى المسلسلات و الأفلام حصرياً دون توقف"): Verify element property value successfully

2023-10-16 14:12:35 - [MESSAGE][PASSED] - Verify element property value successfully

2023-10-16 14:12:35 - [TEST_STEP][PASSED] - verifyElementPropertyValue(getResponse, "offers[6].groups[0].pricingPlans[0].visualElements[1].key", "display_title"): Verify element property value successfully

2023-10-16 14:12:35 - [MESSAGE][PASSED] - Verify element property value successfully

2023-10-16 14:12:35 - [TEST_STEP][PASSED] - verifyElementPropertyValue(getResponse, "offers[6].groups[0].pricingPlans[0].visualElements[1].value", "احصل على خصم 30%"): Verify element property value successfully

2023-10-16 14:12:35 - [MESSAGE][PASSED] - Verify element property value successfully

2023-10-16 14:12:35 - [TEST_STEP][PASSED] - verifyElementPropertyValue(getResponse, "offers[6].groups[0].pricingPlans[0].visualElements[3].key", "deduction_text"): Verify element property value successfully

2023-10-16 14:12:35 - [MESSAGE][PASSED] - Verify element property value successfully

2023-10-16 14:12:35 - [TEST_STEP][PASSED] - verifyElementPropertyValue(getResponse, "offers[6].groups[0].pricingPlans[0].visualElements[3].value", "تدفع شهرياً"): Verify element property value successfully

2023-10-16 14:12:35 - [MESSAGE][PASSED] - Verify element property value successfully

2023-10-16 14:12:35 - [TEST_STEP][PASSED] - verifyElementPropertyValue(getResponse, "offers[6].groups[0].pricingPlans[0].visualElements[6].key", "show_payment_logo"): Verify element property value successfully

2023-10-16 14:12:35 - [MESSAGE][PASSED] - Verify element property value successfully

2023-10-16 14:12:35 - [TEST_STEP][PASSED] - verifyElementPropertyValue(getResponse, "offers[6].groups[0].pricingPlans[0].visualElements[6].value", "true"): Verify element property value successfully

2023-10-16 14:12:35 - [MESSAGE][PASSED] - Verify element property value successfully

2023-10-16 14:12:35 - [TEST_STEP][PASSED] - verifyElementPropertyValue(getResponse, "offers[6].groups[0].pricingPlans[0].visualElements[8].key", "price"): Verify element property value successfully

2023-10-16 14:12:35 - [MESSAGE][PASSED] - Verify element property value successfully

2023-10-16 14:12:35 - [TEST_STEP][PASSED] - verifyElementPropertyValue(getResponse, "offers[6].groups[0].pricingPlans[0].visualElements[8].value", "76.99"): Verify element property value successfully

2023-10-16 14:12:36 - [MESSAGE][PASSED] - Verify element property value successfully

2023-10-16 14:12:36 - [TEST_STEP][PASSED] - verifyElementPropertyValue(getResponse, "offers[6].groups[0].pricingPlans[0].visualElements[9].key", "currency"): Verify element property value successfully

2023-10-16 14:12:36 - [MESSAGE][PASSED] - Verify element property value successfully

2023-10-16 14:12:36 - [TEST_STEP][PASSED] - verifyElementPropertyValue(getResponse, "offers[6].groups[0].pricingPlans[0].visualElements[9].value", "EGP"): Verify element property value successfully

2023-10-16 14:12:36 - [MESSAGE][PASSED] - Verify element property value successfully

2023-10-16 14:12:36 - [TEST_STEP][PASSED] - verifyElementPropertyValue(getResponse, "offers[6].groups[0].pricingPlans[0].visualElements[10].key", "duration"): Verify element property value successfully

2023-10-16 14:12:36 - [MESSAGE][PASSED] - Verify element property value successfully

2023-10-16 14:12:36 - [TEST_STEP][PASSED] - verifyElementPropertyValue(getResponse, "offers[6].groups[0].pricingPlans[0].visualElements[10].value", "شهرياً"): Verify element property value successfully

2023-10-16 14:12:36 - [MESSAGE][PASSED] - Verify element property value successfully

2023-10-16 14:12:36 - [TEST_STEP][PASSED] - verifyElementPropertyValue(getResponse, "offers[6].groups[0].pricingPlans[0].visualElements[11].key", "featured_tag_text"): Verify element property value successfully

2023-10-16 14:12:36 - [MESSAGE][PASSED] - Verify element property value successfully

2023-10-16 14:12:36 - [TEST_STEP][PASSED] - verifyElementPropertyValue(getResponse, "offers[6].groups[0].pricingPlans[0].visualElements[11].value", "عرض لمدة محدودة"): Verify element property value successfully

2023-10-16 14:12:36 - [MESSAGE][PASSED] - Verify element property value successfully

2023-10-16 14:12:36 - [TEST_STEP][PASSED] - verifyElementPropertyValue(getResponse, "offers[6].groups[0].pricingPlans[0].visualElements[13].key", "tag_text"): Verify element property value successfully

2023-10-16 14:12:36 - [MESSAGE][PASSED] - Verify element property value successfully

2023-10-16 14:12:36 - [TEST_STEP][PASSED] - verifyElementPropertyValue(getResponse, "offers[6].groups[0].pricingPlans[0].visualElements[13].value", "وفر 30%"): Verify element property value successfully

2023-10-16 14:12:36 - [MESSAGE][PASSED] - Verify element property value successfully

2023-10-16 14:12:36 - [TEST_STEP][PASSED] - verifyElementPropertyValue(getResponse, "offers[6].groups[0].pricingPlans[0].visualElements[12].key", "show_tag"): Verify element property value successfully

2023-10-16 14:12:36 - [MESSAGE][PASSED] - Verify element property value successfully

2023-10-16 14:12:36 - [TEST_STEP][PASSED] - verifyElementPropertyValue(getResponse, "offers[6].groups[0].pricingPlans[0].visualElements[12].value", "true"): Verify element property value successfully

2023-10-16 14:12:36 - [MESSAGE][PASSED] - Verify element property value successfully

2023-10-16 14:12:36 - [TEST_STEP][PASSED] - verifyElementPropertyValue(getResponse, "offers[6].groups[0].pricingPlans[0].pricingPlanData[0].productId", "EGY_B2C_SHAHID_VIP_SPORT_1M"): Verify element property value successfully

2023-10-16 14:12:36 - [MESSAGE][PASSED] - Verify element property value successfully

2023-10-16 14:12:36 - [TEST_STEP][PASSED] - verifyElementPropertyValue(getResponse, "offers[6].groups[0].pricingPlans[0].pricingPlanData[0].paymentMethod", "CREDIT_CARD"): Verify element property value successfully

2023-10-16 14:12:36 - [MESSAGE][PASSED] - Verify element property value successfully

2023-10-16 14:12:36 - [TEST_STEP][PASSED] - verifyElementPropertyValue(getResponse, "offers[6].groups[0].pricingPlans[0].pricingPlanData[0].freeTrialEnabled", "false"): Verify element property value successfully

2023-10-16 14:12:36 - [MESSAGE][PASSED] - Verify element property value successfully

2023-10-16 14:12:36 - [TEST_STEP][PASSED] - verifyElementPropertyValue(getResponse, "offers[6].groups[0].pricingPlans[0].pricingPlanData[0].showIn[0]", "VERTICAL_MODE"): Verify element property value successfully

2023-10-16 14:12:36 - [MESSAGE][PASSED] - Verify element property value successfully

2023-10-16 14:12:36 - [TEST_STEP][PASSED] - verifyElementPropertyValue(getResponse, "offers[6].groups[0].pricingPlans[0].pricingPlanData[0].showIn[1]", "HORIZONTAL_MODE"): Verify element property value successfully

2023-10-16 14:12:36 - [MESSAGE][PASSED] - Verify element property value successfully

2023-10-16 14:12:36 - [TEST_STEP][PASSED] - verifyElementPropertyValue(getResponse, "offers[6].groups[0].pricingPlans[0].pricingPlanData[0].priceLabel", "76.99"): Verify element property value successfully

2023-10-16 14:12:36 - [MESSAGE][PASSED] - Verify element property value successfully

2023-10-16 14:12:36 - [TEST_STEP][PASSED] - verifyElementPropertyValue(getResponse, "offers[6].groups[0].pricingPlans[0].pricingPlanData[0].currencyLabel", "EGP"): Verify element property value successfully

2023-10-16 14:12:36 - [MESSAGE][PASSED] - Verify element property value successfully

2023-10-16 14:12:36 - [TEST_STEP][PASSED] - verifyElementPropertyValue(getResponse, "offers[6].groups[0].pricingPlans[0].pricingPlanData[0].dealId", "WB_SPORT_30P_EGY"): Verify element property value successfully

2023-10-16 14:12:36 - [MESSAGE][PASSED] - Verify element property value successfully

2023-10-16 14:12:36 - [TEST_STEP][PASSED] - verifyElementPropertyValue(getResponse, "offers[6].groups[0].pricingPlans[0].pricingPlanData[0].allowedForAcquisition", "true"): Verify element property value successfully

2023-10-16 14:12:36 - [MESSAGE][PASSED] - Verify element property value successfully

2023-10-16 14:12:36 - [TEST_STEP][PASSED] - verifyElementPropertyValue(getResponse, "offers[6].groups[0].pricingPlans[0].pricingPlanData[0].visualElements[0].key", "title"): Verify element property value successfully

2023-10-16 14:12:36 - [MESSAGE][PASSED] - Verify element property value successfully

2023-10-16 14:12:36 - [TEST_STEP][PASSED] - verifyElementPropertyValue(getResponse, "offers[6].groups[0].pricingPlans[0].pricingPlanData[0].visualElements[0].value", "البطاقة المصرفية"): Verify element property value successfully

2023-10-16 14:12:36 - [MESSAGE][PASSED] - Verify element property value successfully

2023-10-16 14:12:36 - [TEST_STEP][PASSED] - verifyElementPropertyValue(getResponse, "offers[6].groups[0].pricingPlans[0].pricingPlanData[0].visualElements[1].key", "CTA_text"): Verify element property value successfully

2023-10-16 14:12:36 - [MESSAGE][PASSED] - Verify element property value successfully

2023-10-16 14:12:36 - [TEST_STEP][PASSED] - verifyElementPropertyValue(getResponse, "offers[6].groups[0].pricingPlans[0].pricingPlanData[0].visualElements[1].value", "اشترك"): Verify element property value successfully

2023-10-16 14:12:36 - [MESSAGE][PASSED] - Verify element property value successfully

2023-10-16 14:12:36 - [TEST_STEP][PASSED] - verifyElementPropertyValue(getResponse, "offers[6].groups[0].pricingPlans[0].pricingPlanData[0].visualElements[2].key", "logo"): Verify element property value successfully

2023-10-16 14:12:36 - [MESSAGE][PASSED] - Verify element property value successfully

2023-10-16 14:12:36 - [TEST_STEP][PASSED] - verifyElementPropertyValue(getResponse, "offers[6].groups[0].pricingPlans[0].pricingPlanData[0].visualElements[2].value", "https://static.s3.shahid.mbc.net/widget-images/icons/iconCreditCard.png"): Verify element property value successfully

2023-10-16 14:12:36 - [MESSAGE][PASSED] - Verify element property value successfully

2023-10-16 14:12:36 - [TEST_STEP][PASSED] - verifyElementPropertyValue(getResponse, "offers[7].offerId", "winback-sport-40-offer"): Verify element property value successfully

2023-10-16 14:12:36 - [MESSAGE][PASSED] - Verify element property value successfully

2023-10-16 14:12:36 - [TEST_STEP][PASSED] - verifyElementPropertyValue(getResponse, "offers[7].offerParam", "sportsoffer40"): Verify element property value successfully

2023-10-16 14:12:36 - [MESSAGE][PASSED] - Verify element property value successfully

2023-10-16 14:12:36 - [TEST_STEP][PASSED] - verifyElementPropertyValue(getResponse, "offers[7].groups[0].pricingPlans[0].featured", "true"): Verify element property value successfully

2023-10-16 14:12:36 - [MESSAGE][PASSED] - Verify element property value successfully

2023-10-16 14:12:36 - [TEST_STEP][PASSED] - verifyElementPropertyValue(getResponse, "offers[7].groups[0].pricingPlans[0].period", "monthly"): Verify element property value successfully

2023-10-16 14:12:36 - [MESSAGE][PASSED] - Verify element property value successfully

2023-10-16 14:12:36 - [TEST_STEP][PASSED] - verifyElementPropertyValue(getResponse, "offers[7].groups[0].pricingPlans[0].featured", "true"): Verify element property value successfully

2023-10-16 14:12:36 - [MESSAGE][PASSED] - Verify element property value successfully

2023-10-16 14:12:36 - [TEST_STEP][PASSED] - verifyElementPropertyValue(getResponse, "offers[7].groups[0].pricingPlans[0].price", "65.99"): Verify element property value successfully

2023-10-16 14:12:36 - [MESSAGE][PASSED] - Verify element property value successfully

2023-10-16 14:12:36 - [TEST_STEP][PASSED] - verifyElementPropertyValue(getResponse, "offers[7].groups[0].pricingPlans[0].currency", "EGP"): Verify element property value successfully

2023-10-16 14:12:36 - [MESSAGE][PASSED] - Verify element property value successfully

2023-10-16 14:12:36 - [TEST_STEP][PASSED] - verifyElementPropertyValue(getResponse, "offers[7].groups[0].pricingPlans[0].order", "0"): Verify element property value successfully

2023-10-16 14:12:36 - [MESSAGE][PASSED] - Verify element property value successfully

2023-10-16 14:12:36 - [TEST_STEP][PASSED] - verifyElementPropertyValue(getResponse, "offers[7].groups[0].pricingPlans[0].packageId", "SHAHID_VIP_SPORT"): Verify element property value successfully

2023-10-16 14:12:36 - [MESSAGE][PASSED] - Verify element property value successfully

2023-10-16 14:12:36 - [TEST_STEP][PASSED] - verifyElementPropertyValue(getResponse, "offers[7].groups[0].pricingPlans[0].catalogId", "SPORT"): Verify element property value successfully

2023-10-16 14:12:36 - [MESSAGE][PASSED] - Verify element property value successfully

2023-10-16 14:12:36 - [TEST_STEP][PASSED] - verifyElementPropertyValue(getResponse, "offers[7].groups[0].pricingPlans[0].visualElements[0].key", "Header_1_text"): Verify element property value successfully

2023-10-16 14:12:36 - [MESSAGE][PASSED] - Verify element property value successfully

2023-10-16 14:12:36 - [TEST_STEP][PASSED] - verifyElementPropertyValue(getResponse, "offers[7].groups[0].pricingPlans[0].visualElements[0].value", "شاهد أقوى المسلسلات و الأفلام حصرياً دون توقف"): Verify element property value successfully

2023-10-16 14:12:36 - [MESSAGE][PASSED] - Verify element property value successfully

2023-10-16 14:12:36 - [TEST_STEP][PASSED] - verifyElementPropertyValue(getResponse, "offers[7].groups[0].pricingPlans[0].visualElements[1].key", "display_title"): Verify element property value successfully

2023-10-16 14:12:36 - [MESSAGE][PASSED] - Verify element property value successfully

2023-10-16 14:12:36 - [TEST_STEP][PASSED] - verifyElementPropertyValue(getResponse, "offers[7].groups[0].pricingPlans[0].visualElements[1].value", "احصل على خصم 40%"): Verify element property value successfully

2023-10-16 14:12:36 - [MESSAGE][PASSED] - Verify element property value successfully

2023-10-16 14:12:36 - [TEST_STEP][PASSED] - verifyElementPropertyValue(getResponse, "offers[7].groups[0].pricingPlans[0].visualElements[3].key", "deduction_text"): Verify element property value successfully

2023-10-16 14:12:36 - [MESSAGE][PASSED] - Verify element property value successfully

2023-10-16 14:12:36 - [TEST_STEP][PASSED] - verifyElementPropertyValue(getResponse, "offers[7].groups[0].pricingPlans[0].visualElements[3].value", "تدفع شهرياً"): Verify element property value successfully

2023-10-16 14:12:36 - [MESSAGE][PASSED] - Verify element property value successfully

2023-10-16 14:12:36 - [TEST_STEP][PASSED] - verifyElementPropertyValue(getResponse, "offers[7].groups[0].pricingPlans[0].visualElements[6].key", "show_payment_logo"): Verify element property value successfully

2023-10-16 14:12:36 - [MESSAGE][PASSED] - Verify element property value successfully

2023-10-16 14:12:36 - [TEST_STEP][PASSED] - verifyElementPropertyValue(getResponse, "offers[7].groups[0].pricingPlans[0].visualElements[6].value", "true"): Verify element property value successfully

2023-10-16 14:12:36 - [MESSAGE][PASSED] - Verify element property value successfully

2023-10-16 14:12:36 - [TEST_STEP][PASSED] - verifyElementPropertyValue(getResponse, "offers[7].groups[0].pricingPlans[0].visualElements[8].key", "price"): Verify element property value successfully

2023-10-16 14:12:36 - [MESSAGE][PASSED] - Verify element property value successfully

2023-10-16 14:12:36 - [TEST_STEP][PASSED] - verifyElementPropertyValue(getResponse, "offers[7].groups[0].pricingPlans[0].visualElements[8].value", "65.99"): Verify element property value successfully

2023-10-16 14:12:36 - [MESSAGE][PASSED] - Verify element property value successfully

2023-10-16 14:12:36 - [TEST_STEP][PASSED] - verifyElementPropertyValue(getResponse, "offers[7].groups[0].pricingPlans[0].visualElements[9].key", "currency"): Verify element property value successfully

2023-10-16 14:12:36 - [MESSAGE][PASSED] - Verify element property value successfully

2023-10-16 14:12:36 - [TEST_STEP][PASSED] - verifyElementPropertyValue(getResponse, "offers[7].groups[0].pricingPlans[0].visualElements[9].value", "EGP"): Verify element property value successfully

2023-10-16 14:12:36 - [MESSAGE][PASSED] - Verify element property value successfully

2023-10-16 14:12:36 - [TEST_STEP][PASSED] - verifyElementPropertyValue(getResponse, "offers[7].groups[0].pricingPlans[0].visualElements[10].key", "duration"): Verify element property value successfully

2023-10-16 14:12:36 - [MESSAGE][PASSED] - Verify element property value successfully

2023-10-16 14:12:36 - [TEST_STEP][PASSED] - verifyElementPropertyValue(getResponse, "offers[7].groups[0].pricingPlans[0].visualElements[10].value", "شهرياً"): Verify element property value successfully

2023-10-16 14:12:36 - [MESSAGE][PASSED] - Verify element property value successfully

2023-10-16 14:12:36 - [TEST_STEP][PASSED] - verifyElementPropertyValue(getResponse, "offers[7].groups[0].pricingPlans[0].visualElements[11].key", "featured_tag_text"): Verify element property value successfully

2023-10-16 14:12:36 - [MESSAGE][PASSED] - Verify element property value successfully

2023-10-16 14:12:36 - [TEST_STEP][PASSED] - verifyElementPropertyValue(getResponse, "offers[7].groups[0].pricingPlans[0].visualElements[11].value", "عرض لمدة محدودة"): Verify element property value successfully

2023-10-16 14:12:36 - [MESSAGE][PASSED] - Verify element property value successfully

2023-10-16 14:12:36 - [TEST_STEP][PASSED] - verifyElementPropertyValue(getResponse, "offers[7].groups[0].pricingPlans[0].visualElements[13].key", "tag_text"): Verify element property value successfully

2023-10-16 14:12:36 - [MESSAGE][PASSED] - Verify element property value successfully

2023-10-16 14:12:36 - [TEST_STEP][PASSED] - verifyElementPropertyValue(getResponse, "offers[7].groups[0].pricingPlans[0].visualElements[13].value", "وفر 40%"): Verify element property value successfully

2023-10-16 14:12:36 - [MESSAGE][PASSED] - Verify element property value successfully

2023-10-16 14:12:36 - [TEST_STEP][PASSED] - verifyElementPropertyValue(getResponse, "offers[7].groups[0].pricingPlans[0].visualElements[12].key", "show_tag"): Verify element property value successfully

2023-10-16 14:12:36 - [MESSAGE][PASSED] - Verify element property value successfully

2023-10-16 14:12:36 - [TEST_STEP][PASSED] - verifyElementPropertyValue(getResponse, "offers[7].groups[0].pricingPlans[0].visualElements[12].value", "true"): Verify element property value successfully

2023-10-16 14:12:36 - [MESSAGE][PASSED] - Verify element property value successfully

2023-10-16 14:12:36 - [TEST_STEP][PASSED] - verifyElementPropertyValue(getResponse, "offers[7].groups[0].pricingPlans[0].pricingPlanData[0].productId", "EGY_B2C_SHAHID_VIP_SPORT_1M"): Verify element property value successfully

2023-10-16 14:12:36 - [MESSAGE][PASSED] - Verify element property value successfully

2023-10-16 14:12:36 - [TEST_STEP][PASSED] - verifyElementPropertyValue(getResponse, "offers[7].groups[0].pricingPlans[0].pricingPlanData[0].paymentMethod", "CREDIT_CARD"): Verify element property value successfully

2023-10-16 14:12:36 - [MESSAGE][PASSED] - Verify element property value successfully

2023-10-16 14:12:36 - [TEST_STEP][PASSED] - verifyElementPropertyValue(getResponse, "offers[7].groups[0].pricingPlans[0].pricingPlanData[0].freeTrialEnabled", "false"): Verify element property value successfully

2023-10-16 14:12:36 - [MESSAGE][PASSED] - Verify element property value successfully

2023-10-16 14:12:36 - [TEST_STEP][PASSED] - verifyElementPropertyValue(getResponse, "offers[7].groups[0].pricingPlans[0].pricingPlanData[0].showIn[0]", "VERTICAL_MODE"): Verify element property value successfully

2023-10-16 14:12:36 - [MESSAGE][PASSED] - Verify element property value successfully

2023-10-16 14:12:36 - [TEST_STEP][PASSED] - verifyElementPropertyValue(getResponse, "offers[7].groups[0].pricingPlans[0].pricingPlanData[0].showIn[1]", "HORIZONTAL_MODE"): Verify element property value successfully

2023-10-16 14:12:36 - [MESSAGE][PASSED] - Verify element property value successfully

2023-10-16 14:12:36 - [TEST_STEP][PASSED] - verifyElementPropertyValue(getResponse, "offers[7].groups[0].pricingPlans[0].pricingPlanData[0].priceLabel", "65.99"): Verify element property value successfully

2023-10-16 14:12:36 - [MESSAGE][PASSED] - Verify element property value successfully

2023-10-16 14:12:36 - [TEST_STEP][PASSED] - verifyElementPropertyValue(getResponse, "offers[7].groups[0].pricingPlans[0].pricingPlanData[0].currencyLabel", "EGP"): Verify element property value successfully

2023-10-16 14:12:36 - [MESSAGE][PASSED] - Verify element property value successfully

2023-10-16 14:12:36 - [TEST_STEP][PASSED] - verifyElementPropertyValue(getResponse, "offers[7].groups[0].pricingPlans[0].pricingPlanData[0].dealId", "WB_SPORT_40P_EGY"): Verify element property value successfully

2023-10-16 14:12:36 - [MESSAGE][PASSED] - Verify element property value successfully

2023-10-16 14:12:36 - [TEST_STEP][PASSED] - verifyElementPropertyValue(getResponse, "offers[7].groups[0].pricingPlans[0].pricingPlanData[0].allowedForAcquisition", "true"): Verify element property value successfully

2023-10-16 14:12:36 - [MESSAGE][PASSED] - Verify element property value successfully

2023-10-16 14:12:36 - [TEST_STEP][PASSED] - verifyElementPropertyValue(getResponse, "offers[7].groups[0].pricingPlans[0].pricingPlanData[0].visualElements[0].key", "title"): Verify element property value successfully

2023-10-16 14:12:36 - [MESSAGE][PASSED] - Verify element property value successfully

2023-10-16 14:12:36 - [TEST_STEP][PASSED] - verifyElementPropertyValue(getResponse, "offers[7].groups[0].pricingPlans[0].pricingPlanData[0].visualElements[0].value", "البطاقة المصرفية"): Verify element property value successfully

2023-10-16 14:12:36 - [MESSAGE][PASSED] - Verify element property value successfully

2023-10-16 14:12:36 - [TEST_STEP][PASSED] - verifyElementPropertyValue(getResponse, "offers[7].groups[0].pricingPlans[0].pricingPlanData[0].visualElements[1].key", "CTA_text"): Verify element property value successfully

2023-10-16 14:12:36 - [MESSAGE][PASSED] - Verify element property value successfully

2023-10-16 14:12:36 - [TEST_STEP][PASSED] - verifyElementPropertyValue(getResponse, "offers[7].groups[0].pricingPlans[0].pricingPlanData[0].visualElements[1].value", "اشترك"): Verify element property value successfully

2023-10-16 14:12:36 - [MESSAGE][PASSED] - Verify element property value successfully

2023-10-16 14:12:36 - [TEST_STEP][PASSED] - verifyElementPropertyValue(getResponse, "offers[7].groups[0].pricingPlans[0].pricingPlanData[0].visualElements[2].key", "logo"): Verify element property value successfully

2023-10-16 14:12:36 - [MESSAGE][PASSED] - Verify element property value successfully

2023-10-16 14:12:36 - [TEST_STEP][PASSED] - verifyElementPropertyValue(getResponse, "offers[7].groups[0].pricingPlans[0].pricingPlanData[0].visualElements[2].value", "https://static.s3.shahid.mbc.net/widget-images/icons/iconCreditCard.png"): Verify element property value successfully

2023-10-16 14:12:36 - [MESSAGE][PASSED] - Verify element property value successfully

2023-10-16 14:12:36 - [TEST_STEP][PASSED] - verifyElementPropertyValue(getResponse, "offers[8].offerId", "winback-sport-50-offer"): Verify element property value successfully

2023-10-16 14:12:36 - [MESSAGE][PASSED] - Verify element property value successfully

2023-10-16 14:12:36 - [TEST_STEP][PASSED] - verifyElementPropertyValue(getResponse, "offers[8].offerParam", "sportsoffer50"): Verify element property value successfully

2023-10-16 14:12:36 - [MESSAGE][PASSED] - Verify element property value successfully

2023-10-16 14:12:36 - [TEST_STEP][PASSED] - verifyElementPropertyValue(getResponse, "offers[8].groups[0].pricingPlans[0].featured", "true"): Verify element property value successfully

2023-10-16 14:12:36 - [MESSAGE][PASSED] - Verify element property value successfully

2023-10-16 14:12:36 - [TEST_STEP][PASSED] - verifyElementPropertyValue(getResponse, "offers[8].groups[0].pricingPlans[0].period", "monthly"): Verify element property value successfully

2023-10-16 14:12:36 - [MESSAGE][PASSED] - Verify element property value successfully

2023-10-16 14:12:36 - [TEST_STEP][PASSED] - verifyElementPropertyValue(getResponse, "offers[8].groups[0].pricingPlans[0].featured", "true"): Verify element property value successfully

2023-10-16 14:12:36 - [MESSAGE][PASSED] - Verify element property value successfully

2023-10-16 14:12:36 - [TEST_STEP][PASSED] - verifyElementPropertyValue(getResponse, "offers[8].groups[0].pricingPlans[0].price", "54.99"): Verify element property value successfully

2023-10-16 14:12:36 - [MESSAGE][PASSED] - Verify element property value successfully

2023-10-16 14:12:36 - [TEST_STEP][PASSED] - verifyElementPropertyValue(getResponse, "offers[8].groups[0].pricingPlans[0].currency", "EGP"): Verify element property value successfully

2023-10-16 14:12:36 - [MESSAGE][PASSED] - Verify element property value successfully

2023-10-16 14:12:36 - [TEST_STEP][PASSED] - verifyElementPropertyValue(getResponse, "offers[8].groups[0].pricingPlans[0].order", "0"): Verify element property value successfully

2023-10-16 14:12:36 - [MESSAGE][PASSED] - Verify element property value successfully

2023-10-16 14:12:36 - [TEST_STEP][PASSED] - verifyElementPropertyValue(getResponse, "offers[8].groups[0].pricingPlans[0].packageId", "SHAHID_VIP_SPORT"): Verify element property value successfully

2023-10-16 14:12:36 - [MESSAGE][PASSED] - Verify element property value successfully

2023-10-16 14:12:36 - [TEST_STEP][PASSED] - verifyElementPropertyValue(getResponse, "offers[8].groups[0].pricingPlans[0].catalogId", "SPORT"): Verify element property value successfully

2023-10-16 14:12:36 - [MESSAGE][PASSED] - Verify element property value successfully

2023-10-16 14:12:36 - [TEST_STEP][PASSED] - verifyElementPropertyValue(getResponse, "offers[8].groups[0].pricingPlans[0].visualElements[0].key", "Header_1_text"): Verify element property value successfully

2023-10-16 14:12:36 - [MESSAGE][PASSED] - Verify element property value successfully

2023-10-16 14:12:36 - [TEST_STEP][PASSED] - verifyElementPropertyValue(getResponse, "offers[8].groups[0].pricingPlans[0].visualElements[0].value", "شاهد أقوى المسلسلات و الأفلام حصرياً دون توقف"): Verify element property value successfully

2023-10-16 14:12:36 - [MESSAGE][PASSED] - Verify element property value successfully

2023-10-16 14:12:36 - [TEST_STEP][PASSED] - verifyElementPropertyValue(getResponse, "offers[8].groups[0].pricingPlans[0].visualElements[1].key", "display_title"): Verify element property value successfully

2023-10-16 14:12:36 - [MESSAGE][PASSED] - Verify element property value successfully

2023-10-16 14:12:36 - [TEST_STEP][PASSED] - verifyElementPropertyValue(getResponse, "offers[8].groups[0].pricingPlans[0].visualElements[1].value", "احصل على خصم 50%"): Verify element property value successfully

2023-10-16 14:12:36 - [MESSAGE][PASSED] - Verify element property value successfully

2023-10-16 14:12:36 - [TEST_STEP][PASSED] - verifyElementPropertyValue(getResponse, "offers[8].groups[0].pricingPlans[0].visualElements[3].key", "deduction_text"): Verify element property value successfully

2023-10-16 14:12:36 - [MESSAGE][PASSED] - Verify element property value successfully

2023-10-16 14:12:36 - [TEST_STEP][PASSED] - verifyElementPropertyValue(getResponse, "offers[8].groups[0].pricingPlans[0].visualElements[3].value", "تدفع شهرياً"): Verify element property value successfully

2023-10-16 14:12:36 - [MESSAGE][PASSED] - Verify element property value successfully

2023-10-16 14:12:36 - [TEST_STEP][PASSED] - verifyElementPropertyValue(getResponse, "offers[8].groups[0].pricingPlans[0].visualElements[6].key", "show_payment_logo"): Verify element property value successfully

2023-10-16 14:12:36 - [MESSAGE][PASSED] - Verify element property value successfully

2023-10-16 14:12:36 - [TEST_STEP][PASSED] - verifyElementPropertyValue(getResponse, "offers[8].groups[0].pricingPlans[0].visualElements[6].value", "true"): Verify element property value successfully

2023-10-16 14:12:36 - [MESSAGE][PASSED] - Verify element property value successfully

2023-10-16 14:12:36 - [TEST_STEP][PASSED] - verifyElementPropertyValue(getResponse, "offers[8].groups[0].pricingPlans[0].visualElements[8].key", "price"): Verify element property value successfully

2023-10-16 14:12:36 - [MESSAGE][PASSED] - Verify element property value successfully

2023-10-16 14:12:36 - [TEST_STEP][PASSED] - verifyElementPropertyValue(getResponse, "offers[8].groups[0].pricingPlans[0].visualElements[8].value", "54.99"): Verify element property value successfully

2023-10-16 14:12:36 - [MESSAGE][PASSED] - Verify element property value successfully

2023-10-16 14:12:36 - [TEST_STEP][PASSED] - verifyElementPropertyValue(getResponse, "offers[8].groups[0].pricingPlans[0].visualElements[9].key", "currency"): Verify element property value successfully

2023-10-16 14:12:36 - [MESSAGE][PASSED] - Verify element property value successfully

2023-10-16 14:12:36 - [TEST_STEP][PASSED] - verifyElementPropertyValue(getResponse, "offers[8].groups[0].pricingPlans[0].visualElements[9].value", "EGP"): Verify element property value successfully

2023-10-16 14:12:36 - [MESSAGE][PASSED] - Verify element property value successfully

2023-10-16 14:12:36 - [TEST_STEP][PASSED] - verifyElementPropertyValue(getResponse, "offers[8].groups[0].pricingPlans[0].visualElements[10].key", "duration"): Verify element property value successfully

2023-10-16 14:12:36 - [MESSAGE][PASSED] - Verify element property value successfully

2023-10-16 14:12:36 - [TEST_STEP][PASSED] - verifyElementPropertyValue(getResponse, "offers[8].groups[0].pricingPlans[0].visualElements[10].value", "شهرياً"): Verify element property value successfully

2023-10-16 14:12:36 - [MESSAGE][PASSED] - Verify element property value successfully

2023-10-16 14:12:36 - [TEST_STEP][PASSED] - verifyElementPropertyValue(getResponse, "offers[8].groups[0].pricingPlans[0].visualElements[11].key", "featured_tag_text"): Verify element property value successfully

2023-10-16 14:12:36 - [MESSAGE][PASSED] - Verify element property value successfully

2023-10-16 14:12:36 - [TEST_STEP][PASSED] - verifyElementPropertyValue(getResponse, "offers[8].groups[0].pricingPlans[0].visualElements[11].value", "عرض لمدة محدودة"): Verify element property value successfully

2023-10-16 14:12:36 - [MESSAGE][PASSED] - Verify element property value successfully

2023-10-16 14:12:36 - [TEST_STEP][PASSED] - verifyElementPropertyValue(getResponse, "offers[8].groups[0].pricingPlans[0].visualElements[13].key", "tag_text"): Verify element property value successfully

2023-10-16 14:12:36 - [MESSAGE][PASSED] - Verify element property value successfully

2023-10-16 14:12:36 - [TEST_STEP][PASSED] - verifyElementPropertyValue(getResponse, "offers[8].groups[0].pricingPlans[0].visualElements[13].value", "وفر 50%"): Verify element property value successfully

2023-10-16 14:12:36 - [MESSAGE][PASSED] - Verify element property value successfully

2023-10-16 14:12:36 - [TEST_STEP][PASSED] - verifyElementPropertyValue(getResponse, "offers[8].groups[0].pricingPlans[0].visualElements[12].key", "show_tag"): Verify element property value successfully

2023-10-16 14:12:36 - [MESSAGE][PASSED] - Verify element property value successfully

2023-10-16 14:12:36 - [TEST_STEP][PASSED] - verifyElementPropertyValue(getResponse, "offers[8].groups[0].pricingPlans[0].visualElements[12].value", "true"): Verify element property value successfully

2023-10-16 14:12:36 - [MESSAGE][PASSED] - Verify element property value successfully

2023-10-16 14:12:36 - [TEST_STEP][PASSED] - verifyElementPropertyValue(getResponse, "offers[8].groups[0].pricingPlans[0].pricingPlanData[0].productId", "EGY_B2C_SHAHID_VIP_SPORT_1M"): Verify element property value successfully

2023-10-16 14:12:36 - [MESSAGE][PASSED] - Verify element property value successfully

2023-10-16 14:12:36 - [TEST_STEP][PASSED] - verifyElementPropertyValue(getResponse, "offers[8].groups[0].pricingPlans[0].pricingPlanData[0].paymentMethod", "CREDIT_CARD"): Verify element property value successfully

2023-10-16 14:12:36 - [MESSAGE][PASSED] - Verify element property value successfully

2023-10-16 14:12:36 - [TEST_STEP][PASSED] - verifyElementPropertyValue(getResponse, "offers[8].groups[0].pricingPlans[0].pricingPlanData[0].freeTrialEnabled", "false"): Verify element property value successfully

2023-10-16 14:12:36 - [MESSAGE][PASSED] - Verify element property value successfully

2023-10-16 14:12:36 - [TEST_STEP][PASSED] - verifyElementPropertyValue(getResponse, "offers[8].groups[0].pricingPlans[0].pricingPlanData[0].showIn[0]", "VERTICAL_MODE"): Verify element property value successfully

2023-10-16 14:12:36 - [MESSAGE][PASSED] - Verify element property value successfully

2023-10-16 14:12:36 - [TEST_STEP][PASSED] - verifyElementPropertyValue(getResponse, "offers[8].groups[0].pricingPlans[0].pricingPlanData[0].showIn[1]", "HORIZONTAL_MODE"): Verify element property value successfully

2023-10-16 14:12:36 - [MESSAGE][PASSED] - Verify element property value successfully

2023-10-16 14:12:36 - [TEST_STEP][PASSED] - verifyElementPropertyValue(getResponse, "offers[8].groups[0].pricingPlans[0].pricingPlanData[0].priceLabel", "54.99"): Verify element property value successfully

2023-10-16 14:12:36 - [MESSAGE][PASSED] - Verify element property value successfully

2023-10-16 14:12:36 - [TEST_STEP][PASSED] - verifyElementPropertyValue(getResponse, "offers[8].groups[0].pricingPlans[0].pricingPlanData[0].currencyLabel", "EGP"): Verify element property value successfully

2023-10-16 14:12:36 - [MESSAGE][PASSED] - Verify element property value successfully

2023-10-16 14:12:36 - [TEST_STEP][PASSED] - verifyElementPropertyValue(getResponse, "offers[8].groups[0].pricingPlans[0].pricingPlanData[0].dealId", "WB_SPORT_50P_EGY"): Verify element property value successfully

2023-10-16 14:12:36 - [MESSAGE][PASSED] - Verify element property value successfully

2023-10-16 14:12:36 - [TEST_STEP][PASSED] - verifyElementPropertyValue(getResponse, "offers[8].groups[0].pricingPlans[0].pricingPlanData[0].allowedForAcquisition", "true"): Verify element property value successfully

2023-10-16 14:12:36 - [MESSAGE][PASSED] - Verify element property value successfully

2023-10-16 14:12:36 - [TEST_STEP][PASSED] - verifyElementPropertyValue(getResponse, "offers[8].groups[0].pricingPlans[0].pricingPlanData[0].visualElements[0].key", "title"): Verify element property value successfully

2023-10-16 14:12:36 - [MESSAGE][PASSED] - Verify element property value successfully

2023-10-16 14:12:36 - [TEST_STEP][PASSED] - verifyElementPropertyValue(getResponse, "offers[8].groups[0].pricingPlans[0].pricingPlanData[0].visualElements[0].value", "البطاقة المصرفية"): Verify element property value successfully

2023-10-16 14:12:36 - [MESSAGE][PASSED] - Verify element property value successfully

2023-10-16 14:12:36 - [TEST_STEP][PASSED] - verifyElementPropertyValue(getResponse, "offers[8].groups[0].pricingPlans[0].pricingPlanData[0].visualElements[1].key", "CTA_text"): Verify element property value successfully

2023-10-16 14:12:36 - [MESSAGE][PASSED] - Verify element property value successfully

2023-10-16 14:12:36 - [TEST_STEP][PASSED] - verifyElementPropertyValue(getResponse, "offers[8].groups[0].pricingPlans[0].pricingPlanData[0].visualElements[1].value", "اشترك"): Verify element property value successfully

2023-10-16 14:12:36 - [MESSAGE][PASSED] - Verify element property value successfully

2023-10-16 14:12:36 - [TEST_STEP][PASSED] - verifyElementPropertyValue(getResponse, "offers[8].groups[0].pricingPlans[0].pricingPlanData[0].visualElements[2].key", "logo"): Verify element property value successfully

2023-10-16 14:12:36 - [MESSAGE][PASSED] - Verify element property value successfully

2023-10-16 14:12:36 - [TEST_STEP][PASSED] - verifyElementPropertyValue(getResponse, "offers[8].groups[0].pricingPlans[0].pricingPlanData[0].visualElements[2].value", "https://static.s3.shahid.mbc.net/widget-images/icons/iconCreditCard.png"): Verify element property value successfully

2023-10-16 14:12:36 - [MESSAGE][PASSED] - Verify element property value successfully

2023-10-16 14:12:36 - [TEST_STEP][PASSED] - verifyElementPropertyValue(getResponse, "offers[12].offerId", "byg-sport-30-offer"): Verify element property value successfully

2023-10-16 14:12:36 - [MESSAGE][PASSED] - Verify element property value successfully

2023-10-16 14:12:36 - [TEST_STEP][PASSED] - verifyElementPropertyValue(getResponse, "offers[12].offerParam", "bygsportsoffer30"): Verify element property value successfully

2023-10-16 14:12:36 - [MESSAGE][PASSED] - Verify element property value successfully

2023-10-16 14:12:36 - [TEST_STEP][PASSED] - verifyElementPropertyValue(getResponse, "offers[12].groups[0].pricingPlans[0].featured", "true"): Verify element property value successfully

2023-10-16 14:12:36 - [MESSAGE][PASSED] - Verify element property value successfully

2023-10-16 14:12:36 - [TEST_STEP][PASSED] - verifyElementPropertyValue(getResponse, "offers[12].groups[0].pricingPlans[0].period", "monthly"): Verify element property value successfully

2023-10-16 14:12:36 - [MESSAGE][PASSED] - Verify element property value successfully

2023-10-16 14:12:36 - [TEST_STEP][PASSED] - verifyElementPropertyValue(getResponse, "offers[12].groups[0].pricingPlans[0].featured", "true"): Verify element property value successfully

2023-10-16 14:12:36 - [MESSAGE][PASSED] - Verify element property value successfully

2023-10-16 14:12:36 - [TEST_STEP][PASSED] - verifyElementPropertyValue(getResponse, "offers[12].groups[0].pricingPlans[0].price", "76.99"): Verify element property value successfully

2023-10-16 14:12:36 - [MESSAGE][PASSED] - Verify element property value successfully

2023-10-16 14:12:36 - [TEST_STEP][PASSED] - verifyElementPropertyValue(getResponse, "offers[12].groups[0].pricingPlans[0].currency", "EGP"): Verify element property value successfully

2023-10-16 14:12:36 - [MESSAGE][PASSED] - Verify element property value successfully

2023-10-16 14:12:36 - [TEST_STEP][PASSED] - verifyElementPropertyValue(getResponse, "offers[12].groups[0].pricingPlans[0].order", "0"): Verify element property value successfully

2023-10-16 14:12:36 - [MESSAGE][PASSED] - Verify element property value successfully

2023-10-16 14:12:36 - [TEST_STEP][PASSED] - verifyElementPropertyValue(getResponse, "offers[12].groups[0].pricingPlans[0].packageId", "SHAHID_VIP_SPORT"): Verify element property value successfully

2023-10-16 14:12:36 - [MESSAGE][PASSED] - Verify element property value successfully

2023-10-16 14:12:36 - [TEST_STEP][PASSED] - verifyElementPropertyValue(getResponse, "offers[12].groups[0].pricingPlans[0].catalogId", "SPORT"): Verify element property value successfully

2023-10-16 14:12:36 - [MESSAGE][PASSED] - Verify element property value successfully

2023-10-16 14:12:36 - [TEST_STEP][PASSED] - verifyElementPropertyValue(getResponse, "offers[12].groups[0].pricingPlans[0].visualElements[0].key", "Header_1_text"): Verify element property value successfully

2023-10-16 14:12:36 - [MESSAGE][PASSED] - Verify element property value successfully

2023-10-16 14:12:36 - [TEST_STEP][PASSED] - verifyElementPropertyValue(getResponse, "offers[12].groups[0].pricingPlans[0].visualElements[0].value", "شاهد أقوى المسلسلات و الأفلام حصرياً دون توقف"): Verify element property value successfully

2023-10-16 14:12:36 - [MESSAGE][PASSED] - Verify element property value successfully

2023-10-16 14:12:36 - [TEST_STEP][PASSED] - verifyElementPropertyValue(getResponse, "offers[12].groups[0].pricingPlans[0].visualElements[1].key", "display_title"): Verify element property value successfully

2023-10-16 14:12:36 - [MESSAGE][PASSED] - Verify element property value successfully

2023-10-16 14:12:36 - [TEST_STEP][PASSED] - verifyElementPropertyValue(getResponse, "offers[12].groups[0].pricingPlans[0].visualElements[1].value", "احصل على خصم 30%"): Verify element property value successfully

2023-10-16 14:12:36 - [MESSAGE][PASSED] - Verify element property value successfully

2023-10-16 14:12:36 - [TEST_STEP][PASSED] - verifyElementPropertyValue(getResponse, "offers[12].groups[0].pricingPlans[0].visualElements[3].key", "deduction_text"): Verify element property value successfully

2023-10-16 14:12:37 - [MESSAGE][PASSED] - Verify element property value successfully

2023-10-16 14:12:37 - [TEST_STEP][PASSED] - verifyElementPropertyValue(getResponse, "offers[12].groups[0].pricingPlans[0].visualElements[3].value", "تدفع شهرياً"): Verify element property value successfully

2023-10-16 14:12:37 - [MESSAGE][PASSED] - Verify element property value successfully

2023-10-16 14:12:37 - [TEST_STEP][PASSED] - verifyElementPropertyValue(getResponse, "offers[12].groups[0].pricingPlans[0].visualElements[6].key", "show_payment_logo"): Verify element property value successfully

2023-10-16 14:12:37 - [MESSAGE][PASSED] - Verify element property value successfully

2023-10-16 14:12:37 - [TEST_STEP][PASSED] - verifyElementPropertyValue(getResponse, "offers[12].groups[0].pricingPlans[0].visualElements[6].value", "true"): Verify element property value successfully

2023-10-16 14:12:37 - [MESSAGE][PASSED] - Verify element property value successfully

2023-10-16 14:12:37 - [TEST_STEP][PASSED] - verifyElementPropertyValue(getResponse, "offers[12].groups[0].pricingPlans[0].visualElements[8].key", "price"): Verify element property value successfully

2023-10-16 14:12:37 - [MESSAGE][PASSED] - Verify element property value successfully

2023-10-16 14:12:37 - [TEST_STEP][PASSED] - verifyElementPropertyValue(getResponse, "offers[12].groups[0].pricingPlans[0].visualElements[8].value", "76.99"): Verify element property value successfully

2023-10-16 14:12:37 - [MESSAGE][PASSED] - Verify element property value successfully

2023-10-16 14:12:37 - [TEST_STEP][PASSED] - verifyElementPropertyValue(getResponse, "offers[12].groups[0].pricingPlans[0].visualElements[9].key", "currency"): Verify element property value successfully

2023-10-16 14:12:37 - [MESSAGE][PASSED] - Verify element property value successfully

2023-10-16 14:12:37 - [TEST_STEP][PASSED] - verifyElementPropertyValue(getResponse, "offers[12].groups[0].pricingPlans[0].visualElements[9].value", "EGP"): Verify element property value successfully

2023-10-16 14:12:37 - [MESSAGE][PASSED] - Verify element property value successfully

2023-10-16 14:12:37 - [TEST_STEP][PASSED] - verifyElementPropertyValue(getResponse, "offers[12].groups[0].pricingPlans[0].visualElements[10].key", "duration"): Verify element property value successfully

2023-10-16 14:12:37 - [MESSAGE][PASSED] - Verify element property value successfully

2023-10-16 14:12:37 - [TEST_STEP][PASSED] - verifyElementPropertyValue(getResponse, "offers[12].groups[0].pricingPlans[0].visualElements[10].value", "شهرياً"): Verify element property value successfully

2023-10-16 14:12:37 - [MESSAGE][PASSED] - Verify element property value successfully

2023-10-16 14:12:37 - [TEST_STEP][PASSED] - verifyElementPropertyValue(getResponse, "offers[12].groups[0].pricingPlans[0].visualElements[11].key", "featured_tag_text"): Verify element property value successfully

2023-10-16 14:12:37 - [MESSAGE][PASSED] - Verify element property value successfully

2023-10-16 14:12:37 - [TEST_STEP][PASSED] - verifyElementPropertyValue(getResponse, "offers[12].groups[0].pricingPlans[0].visualElements[11].value", "عرض لمدة محدودة"): Verify element property value successfully

2023-10-16 14:12:37 - [MESSAGE][PASSED] - Verify element property value successfully

2023-10-16 14:12:37 - [TEST_STEP][PASSED] - verifyElementPropertyValue(getResponse, "offers[12].groups[0].pricingPlans[0].visualElements[13].key", "tag_text"): Verify element property value successfully

2023-10-16 14:12:37 - [MESSAGE][PASSED] - Verify element property value successfully

2023-10-16 14:12:37 - [TEST_STEP][PASSED] - verifyElementPropertyValue(getResponse, "offers[12].groups[0].pricingPlans[0].visualElements[13].value", "وفر 30%"): Verify element property value successfully

2023-10-16 14:12:37 - [MESSAGE][PASSED] - Verify element property value successfully

2023-10-16 14:12:37 - [TEST_STEP][PASSED] - verifyElementPropertyValue(getResponse, "offers[12].groups[0].pricingPlans[0].visualElements[12].key", "show_tag"): Verify element property value successfully

2023-10-16 14:12:37 - [MESSAGE][PASSED] - Verify element property value successfully

2023-10-16 14:12:37 - [TEST_STEP][PASSED] - verifyElementPropertyValue(getResponse, "offers[12].groups[0].pricingPlans[0].visualElements[12].value", "true"): Verify element property value successfully

2023-10-16 14:12:37 - [MESSAGE][PASSED] - Verify element property value successfully

2023-10-16 14:12:37 - [TEST_STEP][PASSED] - verifyElementPropertyValue(getResponse, "offers[12].groups[0].pricingPlans[0].pricingPlanData[0].productId", "EGY_B2C_SHAHID_VIP_SPORT_1M"): Verify element property value successfully

2023-10-16 14:12:37 - [MESSAGE][PASSED] - Verify element property value successfully

2023-10-16 14:12:37 - [TEST_STEP][PASSED] - verifyElementPropertyValue(getResponse, "offers[12].groups[0].pricingPlans[0].pricingPlanData[0].paymentMethod", "CREDIT_CARD"): Verify element property value successfully

2023-10-16 14:12:37 - [MESSAGE][PASSED] - Verify element property value successfully

2023-10-16 14:12:37 - [TEST_STEP][PASSED] - verifyElementPropertyValue(getResponse, "offers[12].groups[0].pricingPlans[0].pricingPlanData[0].freeTrialEnabled", "false"): Verify element property value successfully

2023-10-16 14:12:37 - [MESSAGE][PASSED] - Verify element property value successfully

2023-10-16 14:12:37 - [TEST_STEP][PASSED] - verifyElementPropertyValue(getResponse, "offers[12].groups[0].pricingPlans[0].pricingPlanData[0].showIn[0]", "VERTICAL_MODE"): Verify element property value successfully

2023-10-16 14:12:37 - [MESSAGE][PASSED] - Verify element property value successfully

2023-10-16 14:12:37 - [TEST_STEP][PASSED] - verifyElementPropertyValue(getResponse, "offers[12].groups[0].pricingPlans[0].pricingPlanData[0].showIn[1]", "HORIZONTAL_MODE"): Verify element property value successfully

2023-10-16 14:12:37 - [MESSAGE][PASSED] - Verify element property value successfully

2023-10-16 14:12:37 - [TEST_STEP][PASSED] - verifyElementPropertyValue(getResponse, "offers[12].groups[0].pricingPlans[0].pricingPlanData[0].priceLabel", "76.99"): Verify element property value successfully

2023-10-16 14:12:37 - [MESSAGE][PASSED] - Verify element property value successfully

2023-10-16 14:12:37 - [TEST_STEP][PASSED] - verifyElementPropertyValue(getResponse, "offers[12].groups[0].pricingPlans[0].pricingPlanData[0].currencyLabel", "EGP"): Verify element property value successfully

2023-10-16 14:12:37 - [MESSAGE][PASSED] - Verify element property value successfully

2023-10-16 14:12:37 - [TEST_STEP][PASSED] - verifyElementPropertyValue(getResponse, "offers[12].groups[0].pricingPlans[0].pricingPlanData[0].dealId", "BYG_SPORT_30P_EGY"): Verify element property value successfully

2023-10-16 14:12:37 - [MESSAGE][PASSED] - Verify element property value successfully

2023-10-16 14:12:37 - [TEST_STEP][PASSED] - verifyElementPropertyValue(getResponse, "offers[12].groups[0].pricingPlans[0].pricingPlanData[0].allowedForAcquisition", "true"): Verify element property value successfully

2023-10-16 14:12:37 - [MESSAGE][PASSED] - Verify element property value successfully

2023-10-16 14:12:37 - [TEST_STEP][PASSED] - verifyElementPropertyValue(getResponse, "offers[12].groups[0].pricingPlans[0].pricingPlanData[0].visualElements[0].key", "title"): Verify element property value successfully

2023-10-16 14:12:37 - [MESSAGE][PASSED] - Verify element property value successfully

2023-10-16 14:12:37 - [TEST_STEP][PASSED] - verifyElementPropertyValue(getResponse, "offers[12].groups[0].pricingPlans[0].pricingPlanData[0].visualElements[0].value", "البطاقة المصرفية"): Verify element property value successfully

2023-10-16 14:12:37 - [MESSAGE][PASSED] - Verify element property value successfully

2023-10-16 14:12:37 - [TEST_STEP][PASSED] - verifyElementPropertyValue(getResponse, "offers[12].groups[0].pricingPlans[0].pricingPlanData[0].visualElements[1].key", "CTA_text"): Verify element property value successfully

2023-10-16 14:12:37 - [MESSAGE][PASSED] - Verify element property value successfully

2023-10-16 14:12:37 - [TEST_STEP][PASSED] - verifyElementPropertyValue(getResponse, "offers[12].groups[0].pricingPlans[0].pricingPlanData[0].visualElements[1].value", "اشترك"): Verify element property value successfully

2023-10-16 14:12:37 - [MESSAGE][PASSED] - Verify element property value successfully

2023-10-16 14:12:37 - [TEST_STEP][PASSED] - verifyElementPropertyValue(getResponse, "offers[12].groups[0].pricingPlans[0].pricingPlanData[0].visualElements[2].key", "logo"): Verify element property value successfully

2023-10-16 14:12:37 - [MESSAGE][PASSED] - Verify element property value successfully

2023-10-16 14:12:37 - [TEST_STEP][PASSED] - verifyElementPropertyValue(getResponse, "offers[12].groups[0].pricingPlans[0].pricingPlanData[0].visualElements[2].value", "https://static.s3.shahid.mbc.net/widget-images/icons/iconCreditCard.png"): Verify element property value successfully

2023-10-16 14:12:37 - [MESSAGE][PASSED] - Verify element property value successfully

2023-10-16 14:12:37 - [TEST_STEP][PASSED] - verifyElementPropertyValue(getResponse, "offers[13].offerId", "byg-sport-40-offer"): Verify element property value successfully

2023-10-16 14:12:37 - [MESSAGE][PASSED] - Verify element property value successfully

2023-10-16 14:12:37 - [TEST_STEP][PASSED] - verifyElementPropertyValue(getResponse, "offers[13].offerParam", "bygsportsoffer40"): Verify element property value successfully

2023-10-16 14:12:37 - [MESSAGE][PASSED] - Verify element property value successfully

2023-10-16 14:12:37 - [TEST_STEP][PASSED] - verifyElementPropertyValue(getResponse, "offers[13].groups[0].pricingPlans[0].featured", "true"): Verify element property value successfully

2023-10-16 14:12:37 - [MESSAGE][PASSED] - Verify element property value successfully

2023-10-16 14:12:37 - [TEST_STEP][PASSED] - verifyElementPropertyValue(getResponse, "offers[13].groups[0].pricingPlans[0].period", "monthly"): Verify element property value successfully

2023-10-16 14:12:37 - [MESSAGE][PASSED] - Verify element property value successfully

2023-10-16 14:12:37 - [TEST_STEP][PASSED] - verifyElementPropertyValue(getResponse, "offers[13].groups[0].pricingPlans[0].featured", "true"): Verify element property value successfully

2023-10-16 14:12:37 - [MESSAGE][PASSED] - Verify element property value successfully

2023-10-16 14:12:37 - [TEST_STEP][PASSED] - verifyElementPropertyValue(getResponse, "offers[13].groups[0].pricingPlans[0].price", "65.99"): Verify element property value successfully

2023-10-16 14:12:37 - [MESSAGE][PASSED] - Verify element property value successfully

2023-10-16 14:12:37 - [TEST_STEP][PASSED] - verifyElementPropertyValue(getResponse, "offers[13].groups[0].pricingPlans[0].currency", "EGP"): Verify element property value successfully

2023-10-16 14:12:37 - [MESSAGE][PASSED] - Verify element property value successfully

2023-10-16 14:12:37 - [TEST_STEP][PASSED] - verifyElementPropertyValue(getResponse, "offers[13].groups[0].pricingPlans[0].order", "0"): Verify element property value successfully

2023-10-16 14:12:37 - [MESSAGE][PASSED] - Verify element property value successfully

2023-10-16 14:12:37 - [TEST_STEP][PASSED] - verifyElementPropertyValue(getResponse, "offers[13].groups[0].pricingPlans[0].packageId", "SHAHID_VIP_SPORT"): Verify element property value successfully

2023-10-16 14:12:37 - [MESSAGE][PASSED] - Verify element property value successfully

2023-10-16 14:12:37 - [TEST_STEP][PASSED] - verifyElementPropertyValue(getResponse, "offers[13].groups[0].pricingPlans[0].catalogId", "SPORT"): Verify element property value successfully

2023-10-16 14:12:37 - [MESSAGE][PASSED] - Verify element property value successfully

2023-10-16 14:12:37 - [TEST_STEP][PASSED] - verifyElementPropertyValue(getResponse, "offers[13].groups[0].pricingPlans[0].visualElements[0].key", "Header_1_text"): Verify element property value successfully

2023-10-16 14:12:37 - [MESSAGE][PASSED] - Verify element property value successfully

2023-10-16 14:12:37 - [TEST_STEP][PASSED] - verifyElementPropertyValue(getResponse, "offers[13].groups[0].pricingPlans[0].visualElements[0].value", "شاهد أقوى المسلسلات و الأفلام حصرياً دون توقف"): Verify element property value successfully

2023-10-16 14:12:37 - [MESSAGE][PASSED] - Verify element property value successfully

2023-10-16 14:12:37 - [TEST_STEP][PASSED] - verifyElementPropertyValue(getResponse, "offers[13].groups[0].pricingPlans[0].visualElements[1].key", "display_title"): Verify element property value successfully

2023-10-16 14:12:37 - [MESSAGE][PASSED] - Verify element property value successfully

2023-10-16 14:12:37 - [TEST_STEP][PASSED] - verifyElementPropertyValue(getResponse, "offers[13].groups[0].pricingPlans[0].visualElements[1].value", "احصل على خصم 40%"): Verify element property value successfully

2023-10-16 14:12:37 - [MESSAGE][PASSED] - Verify element property value successfully

2023-10-16 14:12:37 - [TEST_STEP][PASSED] - verifyElementPropertyValue(getResponse, "offers[13].groups[0].pricingPlans[0].visualElements[3].key", "deduction_text"): Verify element property value successfully

2023-10-16 14:12:37 - [MESSAGE][PASSED] - Verify element property value successfully

2023-10-16 14:12:37 - [TEST_STEP][PASSED] - verifyElementPropertyValue(getResponse, "offers[13].groups[0].pricingPlans[0].visualElements[3].value", "تدفع شهرياً"): Verify element property value successfully

2023-10-16 14:12:37 - [MESSAGE][PASSED] - Verify element property value successfully

2023-10-16 14:12:37 - [TEST_STEP][PASSED] - verifyElementPropertyValue(getResponse, "offers[13].groups[0].pricingPlans[0].visualElements[6].key", "show_payment_logo"): Verify element property value successfully

2023-10-16 14:12:37 - [MESSAGE][PASSED] - Verify element property value successfully

2023-10-16 14:12:37 - [TEST_STEP][PASSED] - verifyElementPropertyValue(getResponse, "offers[13].groups[0].pricingPlans[0].visualElements[6].value", "true"): Verify element property value successfully

2023-10-16 14:12:37 - [MESSAGE][PASSED] - Verify element property value successfully

2023-10-16 14:12:37 - [TEST_STEP][PASSED] - verifyElementPropertyValue(getResponse, "offers[13].groups[0].pricingPlans[0].visualElements[8].key", "price"): Verify element property value successfully

2023-10-16 14:12:37 - [MESSAGE][PASSED] - Verify element property value successfully

2023-10-16 14:12:37 - [TEST_STEP][PASSED] - verifyElementPropertyValue(getResponse, "offers[13].groups[0].pricingPlans[0].visualElements[8].value", "65.99"): Verify element property value successfully

2023-10-16 14:12:37 - [MESSAGE][PASSED] - Verify element property value successfully

2023-10-16 14:12:37 - [TEST_STEP][PASSED] - verifyElementPropertyValue(getResponse, "offers[13].groups[0].pricingPlans[0].visualElements[9].key", "currency"): Verify element property value successfully

2023-10-16 14:12:37 - [MESSAGE][PASSED] - Verify element property value successfully

2023-10-16 14:12:37 - [TEST_STEP][PASSED] - verifyElementPropertyValue(getResponse, "offers[13].groups[0].pricingPlans[0].visualElements[9].value", "EGP"): Verify element property value successfully

2023-10-16 14:12:37 - [MESSAGE][PASSED] - Verify element property value successfully

2023-10-16 14:12:37 - [TEST_STEP][PASSED] - verifyElementPropertyValue(getResponse, "offers[13].groups[0].pricingPlans[0].visualElements[10].key", "duration"): Verify element property value successfully

2023-10-16 14:12:37 - [MESSAGE][PASSED] - Verify element property value successfully

2023-10-16 14:12:37 - [TEST_STEP][PASSED] - verifyElementPropertyValue(getResponse, "offers[13].groups[0].pricingPlans[0].visualElements[10].value", "شهرياً"): Verify element property value successfully

2023-10-16 14:12:37 - [MESSAGE][PASSED] - Verify element property value successfully

2023-10-16 14:12:37 - [TEST_STEP][PASSED] - verifyElementPropertyValue(getResponse, "offers[13].groups[0].pricingPlans[0].visualElements[11].key", "featured_tag_text"): Verify element property value successfully

2023-10-16 14:12:37 - [MESSAGE][PASSED] - Verify element property value successfully

2023-10-16 14:12:37 - [TEST_STEP][PASSED] - verifyElementPropertyValue(getResponse, "offers[13].groups[0].pricingPlans[0].visualElements[11].value", "عرض لمدة محدودة"): Verify element property value successfully

2023-10-16 14:12:37 - [MESSAGE][PASSED] - Verify element property value successfully

2023-10-16 14:12:37 - [TEST_STEP][PASSED] - verifyElementPropertyValue(getResponse, "offers[13].groups[0].pricingPlans[0].visualElements[13].key", "tag_text"): Verify element property value successfully

2023-10-16 14:12:37 - [MESSAGE][PASSED] - Verify element property value successfully

2023-10-16 14:12:37 - [TEST_STEP][PASSED] - verifyElementPropertyValue(getResponse, "offers[13].groups[0].pricingPlans[0].visualElements[13].value", "وفر 40%"): Verify element property value successfully

2023-10-16 14:12:37 - [MESSAGE][PASSED] - Verify element property value successfully

2023-10-16 14:12:37 - [TEST_STEP][PASSED] - verifyElementPropertyValue(getResponse, "offers[13].groups[0].pricingPlans[0].visualElements[12].key", "show_tag"): Verify element property value successfully

2023-10-16 14:12:37 - [MESSAGE][PASSED] - Verify element property value successfully

2023-10-16 14:12:37 - [TEST_STEP][PASSED] - verifyElementPropertyValue(getResponse, "offers[13].groups[0].pricingPlans[0].visualElements[12].value", "true"): Verify element property value successfully

2023-10-16 14:12:37 - [MESSAGE][PASSED] - Verify element property value successfully

2023-10-16 14:12:37 - [TEST_STEP][PASSED] - verifyElementPropertyValue(getResponse, "offers[13].groups[0].pricingPlans[0].pricingPlanData[0].productId", "EGY_B2C_SHAHID_VIP_SPORT_1M"): Verify element property value successfully

2023-10-16 14:12:37 - [MESSAGE][PASSED] - Verify element property value successfully

2023-10-16 14:12:37 - [TEST_STEP][PASSED] - verifyElementPropertyValue(getResponse, "offers[13].groups[0].pricingPlans[0].pricingPlanData[0].paymentMethod", "CREDIT_CARD"): Verify element property value successfully

2023-10-16 14:12:37 - [MESSAGE][PASSED] - Verify element property value successfully

2023-10-16 14:12:37 - [TEST_STEP][PASSED] - verifyElementPropertyValue(getResponse, "offers[13].groups[0].pricingPlans[0].pricingPlanData[0].freeTrialEnabled", "false"): Verify element property value successfully

2023-10-16 14:12:37 - [MESSAGE][PASSED] - Verify element property value successfully

2023-10-16 14:12:37 - [TEST_STEP][PASSED] - verifyElementPropertyValue(getResponse, "offers[13].groups[0].pricingPlans[0].pricingPlanData[0].showIn[0]", "VERTICAL_MODE"): Verify element property value successfully

2023-10-16 14:12:37 - [MESSAGE][PASSED] - Verify element property value successfully

2023-10-16 14:12:37 - [TEST_STEP][PASSED] - verifyElementPropertyValue(getResponse, "offers[13].groups[0].pricingPlans[0].pricingPlanData[0].showIn[1]", "HORIZONTAL_MODE"): Verify element property value successfully

2023-10-16 14:12:37 - [MESSAGE][PASSED] - Verify element property value successfully

2023-10-16 14:12:37 - [TEST_STEP][PASSED] - verifyElementPropertyValue(getResponse, "offers[13].groups[0].pricingPlans[0].pricingPlanData[0].priceLabel", "65.99"): Verify element property value successfully

2023-10-16 14:12:37 - [MESSAGE][PASSED] - Verify element property value successfully

2023-10-16 14:12:37 - [TEST_STEP][PASSED] - verifyElementPropertyValue(getResponse, "offers[13].groups[0].pricingPlans[0].pricingPlanData[0].currencyLabel", "EGP"): Verify element property value successfully

2023-10-16 14:12:37 - [MESSAGE][PASSED] - Verify element property value successfully

2023-10-16 14:12:37 - [TEST_STEP][PASSED] - verifyElementPropertyValue(getResponse, "offers[13].groups[0].pricingPlans[0].pricingPlanData[0].dealId", "BYG_SPORT_40P_EGY"): Verify element property value successfully

2023-10-16 14:12:37 - [MESSAGE][PASSED] - Verify element property value successfully

2023-10-16 14:12:37 - [TEST_STEP][PASSED] - verifyElementPropertyValue(getResponse, "offers[13].groups[0].pricingPlans[0].pricingPlanData[0].allowedForAcquisition", "true"): Verify element property value successfully

2023-10-16 14:12:37 - [MESSAGE][PASSED] - Verify element property value successfully

2023-10-16 14:12:37 - [TEST_STEP][PASSED] - verifyElementPropertyValue(getResponse, "offers[13].groups[0].pricingPlans[0].pricingPlanData[0].visualElements[0].key", "title"): Verify element property value successfully

2023-10-16 14:12:37 - [MESSAGE][PASSED] - Verify element property value successfully

2023-10-16 14:12:37 - [TEST_STEP][PASSED] - verifyElementPropertyValue(getResponse, "offers[13].groups[0].pricingPlans[0].pricingPlanData[0].visualElements[0].value", "البطاقة المصرفية"): Verify element property value successfully

2023-10-16 14:12:37 - [MESSAGE][PASSED] - Verify element property value successfully

2023-10-16 14:12:37 - [TEST_STEP][PASSED] - verifyElementPropertyValue(getResponse, "offers[13].groups[0].pricingPlans[0].pricingPlanData[0].visualElements[1].key", "CTA_text"): Verify element property value successfully

2023-10-16 14:12:37 - [MESSAGE][PASSED] - Verify element property value successfully

2023-10-16 14:12:37 - [TEST_STEP][PASSED] - verifyElementPropertyValue(getResponse, "offers[13].groups[0].pricingPlans[0].pricingPlanData[0].visualElements[1].value", "اشترك"): Verify element property value successfully

2023-10-16 14:12:37 - [MESSAGE][PASSED] - Verify element property value successfully

2023-10-16 14:12:37 - [TEST_STEP][PASSED] - verifyElementPropertyValue(getResponse, "offers[13].groups[0].pricingPlans[0].pricingPlanData[0].visualElements[2].key", "logo"): Verify element property value successfully

2023-10-16 14:12:37 - [MESSAGE][PASSED] - Verify element property value successfully

2023-10-16 14:12:37 - [TEST_STEP][PASSED] - verifyElementPropertyValue(getResponse, "offers[13].groups[0].pricingPlans[0].pricingPlanData[0].visualElements[2].value", "https://static.s3.shahid.mbc.net/widget-images/icons/iconCreditCard.png"): Verify element property value successfully

2023-10-16 14:12:37 - [MESSAGE][PASSED] - Verify element property value successfully

2023-10-16 14:12:37 - [TEST_STEP][PASSED] - verifyElementPropertyValue(getResponse, "offers[14].offerId", "byg-sport-50-offer"): Verify element property value successfully

2023-10-16 14:12:37 - [MESSAGE][PASSED] - Verify element property value successfully

2023-10-16 14:12:37 - [TEST_STEP][PASSED] - verifyElementPropertyValue(getResponse, "offers[14].offerParam", "bygsportsoffer50"): Verify element property value successfully

2023-10-16 14:12:37 - [MESSAGE][PASSED] - Verify element property value successfully

2023-10-16 14:12:37 - [TEST_STEP][PASSED] - verifyElementPropertyValue(getResponse, "offers[14].groups[0].pricingPlans[0].featured", "true"): Verify element property value successfully

2023-10-16 14:12:37 - [MESSAGE][PASSED] - Verify element property value successfully

2023-10-16 14:12:37 - [TEST_STEP][PASSED] - verifyElementPropertyValue(getResponse, "offers[14].groups[0].pricingPlans[0].period", "monthly"): Verify element property value successfully

2023-10-16 14:12:37 - [MESSAGE][PASSED] - Verify element property value successfully

2023-10-16 14:12:37 - [TEST_STEP][PASSED] - verifyElementPropertyValue(getResponse, "offers[14].groups[0].pricingPlans[0].featured", "true"): Verify element property value successfully

2023-10-16 14:12:37 - [MESSAGE][PASSED] - Verify element property value successfully

2023-10-16 14:12:37 - [TEST_STEP][PASSED] - verifyElementPropertyValue(getResponse, "offers[14].groups[0].pricingPlans[0].price", "54.99"): Verify element property value successfully

2023-10-16 14:12:37 - [MESSAGE][PASSED] - Verify element property value successfully

2023-10-16 14:12:37 - [TEST_STEP][PASSED] - verifyElementPropertyValue(getResponse, "offers[14].groups[0].pricingPlans[0].currency", "EGP"): Verify element property value successfully

2023-10-16 14:12:37 - [MESSAGE][PASSED] - Verify element property value successfully

2023-10-16 14:12:37 - [TEST_STEP][PASSED] - verifyElementPropertyValue(getResponse, "offers[14].groups[0].pricingPlans[0].order", "0"): Verify element property value successfully

2023-10-16 14:12:37 - [MESSAGE][PASSED] - Verify element property value successfully

2023-10-16 14:12:37 - [TEST_STEP][PASSED] - verifyElementPropertyValue(getResponse, "offers[14].groups[0].pricingPlans[0].packageId", "SHAHID_VIP_SPORT"): Verify element property value successfully

2023-10-16 14:12:37 - [MESSAGE][PASSED] - Verify element property value successfully

2023-10-16 14:12:37 - [TEST_STEP][PASSED] - verifyElementPropertyValue(getResponse, "offers[14].groups[0].pricingPlans[0].catalogId", "SPORT"): Verify element property value successfully

2023-10-16 14:12:37 - [MESSAGE][PASSED] - Verify element property value successfully

2023-10-16 14:12:37 - [TEST_STEP][PASSED] - verifyElementPropertyValue(getResponse, "offers[14].groups[0].pricingPlans[0].visualElements[0].key", "Header_1_text"): Verify element property value successfully

2023-10-16 14:12:37 - [MESSAGE][PASSED] - Verify element property value successfully

2023-10-16 14:12:37 - [TEST_STEP][PASSED] - verifyElementPropertyValue(getResponse, "offers[14].groups[0].pricingPlans[0].visualElements[0].value", "شاهد أقوى المسلسلات و الأفلام حصرياً دون توقف"): Verify element property value successfully

2023-10-16 14:12:37 - [MESSAGE][PASSED] - Verify element property value successfully

2023-10-16 14:12:37 - [TEST_STEP][PASSED] - verifyElementPropertyValue(getResponse, "offers[14].groups[0].pricingPlans[0].visualElements[1].key", "display_title"): Verify element property value successfully

2023-10-16 14:12:37 - [MESSAGE][PASSED] - Verify element property value successfully

2023-10-16 14:12:37 - [TEST_STEP][PASSED] - verifyElementPropertyValue(getResponse, "offers[14].groups[0].pricingPlans[0].visualElements[1].value", "احصل على خصم 50%"): Verify element property value successfully

2023-10-16 14:12:37 - [MESSAGE][PASSED] - Verify element property value successfully

2023-10-16 14:12:37 - [TEST_STEP][PASSED] - verifyElementPropertyValue(getResponse, "offers[14].groups[0].pricingPlans[0].visualElements[3].key", "deduction_text"): Verify element property value successfully

2023-10-16 14:12:37 - [MESSAGE][PASSED] - Verify element property value successfully

2023-10-16 14:12:37 - [TEST_STEP][PASSED] - verifyElementPropertyValue(getResponse, "offers[14].groups[0].pricingPlans[0].visualElements[3].value", "تدفع شهرياً"): Verify element property value successfully

2023-10-16 14:12:37 - [MESSAGE][PASSED] - Verify element property value successfully

2023-10-16 14:12:37 - [TEST_STEP][PASSED] - verifyElementPropertyValue(getResponse, "offers[14].groups[0].pricingPlans[0].visualElements[6].key", "show_payment_logo"): Verify element property value successfully

2023-10-16 14:12:37 - [MESSAGE][PASSED] - Verify element property value successfully

2023-10-16 14:12:37 - [TEST_STEP][PASSED] - verifyElementPropertyValue(getResponse, "offers[14].groups[0].pricingPlans[0].visualElements[6].value", "true"): Verify element property value successfully

2023-10-16 14:12:37 - [MESSAGE][PASSED] - Verify element property value successfully

2023-10-16 14:12:37 - [TEST_STEP][PASSED] - verifyElementPropertyValue(getResponse, "offers[14].groups[0].pricingPlans[0].visualElements[8].key", "price"): Verify element property value successfully

2023-10-16 14:12:37 - [MESSAGE][PASSED] - Verify element property value successfully

2023-10-16 14:12:37 - [TEST_STEP][PASSED] - verifyElementPropertyValue(getResponse, "offers[14].groups[0].pricingPlans[0].visualElements[8].value", "54.99"): Verify element property value successfully

2023-10-16 14:12:37 - [MESSAGE][PASSED] - Verify element property value successfully

2023-10-16 14:12:37 - [TEST_STEP][PASSED] - verifyElementPropertyValue(getResponse, "offers[14].groups[0].pricingPlans[0].visualElements[9].key", "currency"): Verify element property value successfully

2023-10-16 14:12:37 - [MESSAGE][PASSED] - Verify element property value successfully

2023-10-16 14:12:37 - [TEST_STEP][PASSED] - verifyElementPropertyValue(getResponse, "offers[14].groups[0].pricingPlans[0].visualElements[9].value", "EGP"): Verify element property value successfully

2023-10-16 14:12:37 - [MESSAGE][PASSED] - Verify element property value successfully

2023-10-16 14:12:37 - [TEST_STEP][PASSED] - verifyElementPropertyValue(getResponse, "offers[14].groups[0].pricingPlans[0].visualElements[10].key", "duration"): Verify element property value successfully

2023-10-16 14:12:37 - [MESSAGE][PASSED] - Verify element property value successfully

2023-10-16 14:12:37 - [TEST_STEP][PASSED] - verifyElementPropertyValue(getResponse, "offers[14].groups[0].pricingPlans[0].visualElements[10].value", "شهرياً"): Verify element property value successfully

2023-10-16 14:12:37 - [MESSAGE][PASSED] - Verify element property value successfully

2023-10-16 14:12:37 - [TEST_STEP][PASSED] - verifyElementPropertyValue(getResponse, "offers[14].groups[0].pricingPlans[0].visualElements[11].key", "featured_tag_text"): Verify element property value successfully

2023-10-16 14:12:37 - [MESSAGE][PASSED] - Verify element property value successfully

2023-10-16 14:12:37 - [TEST_STEP][PASSED] - verifyElementPropertyValue(getResponse, "offers[14].groups[0].pricingPlans[0].visualElements[11].value", "عرض لمدة محدودة"): Verify element property value successfully

2023-10-16 14:12:37 - [MESSAGE][PASSED] - Verify element property value successfully

2023-10-16 14:12:37 - [TEST_STEP][PASSED] - verifyElementPropertyValue(getResponse, "offers[14].groups[0].pricingPlans[0].visualElements[13].key", "tag_text"): Verify element property value successfully

2023-10-16 14:12:37 - [MESSAGE][PASSED] - Verify element property value successfully

2023-10-16 14:12:37 - [TEST_STEP][PASSED] - verifyElementPropertyValue(getResponse, "offers[14].groups[0].pricingPlans[0].visualElements[13].value", "وفر 50%"): Verify element property value successfully

2023-10-16 14:12:37 - [MESSAGE][PASSED] - Verify element property value successfully

2023-10-16 14:12:37 - [TEST_STEP][PASSED] - verifyElementPropertyValue(getResponse, "offers[14].groups[0].pricingPlans[0].visualElements[12].key", "show_tag"): Verify element property value successfully

2023-10-16 14:12:37 - [MESSAGE][PASSED] - Verify element property value successfully

2023-10-16 14:12:37 - [TEST_STEP][PASSED] - verifyElementPropertyValue(getResponse, "offers[14].groups[0].pricingPlans[0].visualElements[12].value", "true"): Verify element property value successfully

2023-10-16 14:12:37 - [MESSAGE][PASSED] - Verify element property value successfully

2023-10-16 14:12:37 - [TEST_STEP][PASSED] - verifyElementPropertyValue(getResponse, "offers[14].groups[0].pricingPlans[0].pricingPlanData[0].productId", "EGY_B2C_SHAHID_VIP_SPORT_1M"): Verify element property value successfully

2023-10-16 14:12:37 - [MESSAGE][PASSED] - Verify element property value successfully

2023-10-16 14:12:37 - [TEST_STEP][PASSED] - verifyElementPropertyValue(getResponse, "offers[14].groups[0].pricingPlans[0].pricingPlanData[0].paymentMethod", "CREDIT_CARD"): Verify element property value successfully

2023-10-16 14:12:37 - [MESSAGE][PASSED] - Verify element property value successfully

2023-10-16 14:12:37 - [TEST_STEP][PASSED] - verifyElementPropertyValue(getResponse, "offers[14].groups[0].pricingPlans[0].pricingPlanData[0].freeTrialEnabled", "false"): Verify element property value successfully

2023-10-16 14:12:37 - [MESSAGE][PASSED] - Verify element property value successfully

2023-10-16 14:12:37 - [TEST_STEP][PASSED] - verifyElementPropertyValue(getResponse, "offers[14].groups[0].pricingPlans[0].pricingPlanData[0].showIn[0]", "VERTICAL_MODE"): Verify element property value successfully

2023-10-16 14:12:37 - [MESSAGE][PASSED] - Verify element property value successfully

2023-10-16 14:12:37 - [TEST_STEP][PASSED] - verifyElementPropertyValue(getResponse, "offers[14].groups[0].pricingPlans[0].pricingPlanData[0].showIn[1]", "HORIZONTAL_MODE"): Verify element property value successfully

2023-10-16 14:12:37 - [MESSAGE][PASSED] - Verify element property value successfully

2023-10-16 14:12:37 - [TEST_STEP][PASSED] - verifyElementPropertyValue(getResponse, "offers[14].groups[0].pricingPlans[0].pricingPlanData[0].priceLabel", "54.99"): Verify element property value successfully

2023-10-16 14:12:37 - [MESSAGE][PASSED] - Verify element property value successfully

2023-10-16 14:12:37 - [TEST_STEP][PASSED] - verifyElementPropertyValue(getResponse, "offers[14].groups[0].pricingPlans[0].pricingPlanData[0].currencyLabel", "EGP"): Verify element property value successfully

2023-10-16 14:12:37 - [MESSAGE][PASSED] - Verify element property value successfully

2023-10-16 14:12:37 - [TEST_STEP][PASSED] - verifyElementPropertyValue(getResponse, "offers[14].groups[0].pricingPlans[0].pricingPlanData[0].dealId", "BYG_SPORT_50P_EGY"): Verify element property value successfully

2023-10-16 14:12:37 - [MESSAGE][PASSED] - Verify element property value successfully

2023-10-16 14:12:37 - [TEST_STEP][PASSED] - verifyElementPropertyValue(getResponse, "offers[14].groups[0].pricingPlans[0].pricingPlanData[0].allowedForAcquisition", "true"): Verify element property value successfully

2023-10-16 14:12:37 - [MESSAGE][PASSED] - Verify element property value successfully

2023-10-16 14:12:37 - [TEST_STEP][PASSED] - verifyElementPropertyValue(getResponse, "offers[14].groups[0].pricingPlans[0].pricingPlanData[0].visualElements[0].key", "title"): Verify element property value successfully

2023-10-16 14:12:37 - [MESSAGE][PASSED] - Verify element property value successfully

2023-10-16 14:12:37 - [TEST_STEP][PASSED] - verifyElementPropertyValue(getResponse, "offers[14].groups[0].pricingPlans[0].pricingPlanData[0].visualElements[0].value", "البطاقة المصرفية"): Verify element property value successfully

2023-10-16 14:12:37 - [MESSAGE][PASSED] - Verify element property value successfully

2023-10-16 14:12:37 - [TEST_STEP][PASSED] - verifyElementPropertyValue(getResponse, "offers[14].groups[0].pricingPlans[0].pricingPlanData[0].visualElements[1].key", "CTA_text"): Verify element property value successfully

2023-10-16 14:12:37 - [MESSAGE][PASSED] - Verify element property value successfully

2023-10-16 14:12:37 - [TEST_STEP][PASSED] - verifyElementPropertyValue(getResponse, "offers[14].groups[0].pricingPlans[0].pricingPlanData[0].visualElements[1].value", "اشترك"): Verify element property value successfully

2023-10-16 14:12:37 - [MESSAGE][PASSED] - Verify element property value successfully

2023-10-16 14:12:37 - [TEST_STEP][PASSED] - verifyElementPropertyValue(getResponse, "offers[14].groups[0].pricingPlans[0].pricingPlanData[0].visualElements[2].key", "logo"): Verify element property value successfully

2023-10-16 14:12:37 - [MESSAGE][PASSED] - Verify element property value successfully

2023-10-16 14:12:37 - [TEST_STEP][PASSED] - verifyElementPropertyValue(getResponse, "offers[14].groups[0].pricingPlans[0].pricingPlanData[0].visualElements[2].value", "https://static.s3.shahid.mbc.net/widget-images/icons/iconCreditCard.png"): Verify element property value successfully

2023-10-16 14:12:37 - [MESSAGE][PASSED] - Verify element property value successfully]]></system-out>
         <system-err><![CDATA[]]></system-err>
      </testcase>
      <testcase name="Test Cases/WEB - CHROME/EGY PI/WEB_AR_getOffersForEGY_VIP" time="4.269" classname="Test Cases/WEB - CHROME/EGY PI/WEB_AR_getOffersForEGY_VIP" status="PASSED">
         <system-out><![CDATA[2023-10-16 14:12:37 - [TEST_CASE][PASSED] - Test Cases/WEB - CHROME/EGY PI/WEB_AR_getOffersForEGY_VIP: Test Cases/WEB - CHROME/EGY PI/WEB_AR_getOffersForEGY_VIP

2023-10-16 14:12:38 - [TEST_STEP][PASSED] - getResponse = config_files.getConfigFile.getConfig("WEB", "AR", "SHAHID_VIP", "EG", "false"): config_files.getConfigFile.getConfig is PASSED

2023-10-16 14:12:38 - [MESSAGE][INFO] - HAR: /Users/admin/git/shahid-configuration/Reports/20231016_140310/WEB/EGY/20231016_140325/requests/main/5.har

2023-10-16 14:12:38 - [MESSAGE][PASSED] - Send request successfully

2023-10-16 14:12:38 - [MESSAGE][PASSED] - config_files.getConfigFile.getConfig is PASSED

2023-10-16 14:12:38 - [TEST_STEP][PASSED] - verifyResponseStatusCode(getResponse, 200): Verify response status code successfully

2023-10-16 14:12:38 - [MESSAGE][PASSED] - Verify response status code successfully

2023-10-16 14:12:38 - [TEST_STEP][PASSED] - verifyElementPropertyValue(getResponse, "country", "EGY"): Verify element property value successfully

2023-10-16 14:12:38 - [MESSAGE][PASSED] - Verify element property value successfully

2023-10-16 14:12:38 - [TEST_STEP][PASSED] - verifyElementPropertyValue(getResponse, "platform", "[WEB]"): Verify element property value successfully

2023-10-16 14:12:38 - [MESSAGE][PASSED] - Verify element property value successfully

2023-10-16 14:12:38 - [TEST_STEP][PASSED] - verifyElementPropertyValue(getResponse, "offers[0].offerId", "winback-30-offer"): Verify element property value successfully

2023-10-16 14:12:38 - [MESSAGE][PASSED] - Verify element property value successfully

2023-10-16 14:12:38 - [TEST_STEP][PASSED] - verifyElementPropertyValue(getResponse, "offers[0].offerParam", "winback30"): Verify element property value successfully

2023-10-16 14:12:38 - [MESSAGE][PASSED] - Verify element property value successfully

2023-10-16 14:12:38 - [TEST_STEP][PASSED] - verifyElementPropertyValue(getResponse, "offers[0].groups[0].pricingPlans[0].featured", "true"): Verify element property value successfully

2023-10-16 14:12:38 - [MESSAGE][PASSED] - Verify element property value successfully

2023-10-16 14:12:38 - [TEST_STEP][PASSED] - verifyElementPropertyValue(getResponse, "offers[0].groups[0].pricingPlans[0].period", "monthly"): Verify element property value successfully

2023-10-16 14:12:38 - [MESSAGE][PASSED] - Verify element property value successfully

2023-10-16 14:12:38 - [TEST_STEP][PASSED] - verifyElementPropertyValue(getResponse, "offers[0].groups[0].pricingPlans[0].featured", "true"): Verify element property value successfully

2023-10-16 14:12:38 - [MESSAGE][PASSED] - Verify element property value successfully

2023-10-16 14:12:38 - [TEST_STEP][PASSED] - verifyElementPropertyValue(getResponse, "offers[0].groups[0].pricingPlans[0].price", "41.99"): Verify element property value successfully

2023-10-16 14:12:38 - [MESSAGE][PASSED] - Verify element property value successfully

2023-10-16 14:12:38 - [TEST_STEP][PASSED] - verifyElementPropertyValue(getResponse, "offers[0].groups[0].pricingPlans[0].currency", "EGP"): Verify element property value successfully

2023-10-16 14:12:38 - [MESSAGE][PASSED] - Verify element property value successfully

2023-10-16 14:12:38 - [TEST_STEP][PASSED] - verifyElementPropertyValue(getResponse, "offers[0].groups[0].pricingPlans[0].order", "0"): Verify element property value successfully

2023-10-16 14:12:38 - [MESSAGE][PASSED] - Verify element property value successfully

2023-10-16 14:12:38 - [TEST_STEP][PASSED] - verifyElementPropertyValue(getResponse, "offers[0].groups[0].pricingPlans[0].packageId", "SHAHID_VIP"): Verify element property value successfully

2023-10-16 14:12:38 - [MESSAGE][PASSED] - Verify element property value successfully

2023-10-16 14:12:38 - [TEST_STEP][PASSED] - verifyElementPropertyValue(getResponse, "offers[0].groups[0].pricingPlans[0].catalogId", "VIP"): Verify element property value successfully

2023-10-16 14:12:38 - [MESSAGE][PASSED] - Verify element property value successfully

2023-10-16 14:12:38 - [TEST_STEP][PASSED] - verifyElementPropertyValue(getResponse, "offers[0].groups[0].pricingPlans[0].visualElements[0].key", "Header_1_text"): Verify element property value successfully

2023-10-16 14:12:39 - [MESSAGE][PASSED] - Verify element property value successfully

2023-10-16 14:12:39 - [TEST_STEP][PASSED] - verifyElementPropertyValue(getResponse, "offers[0].groups[0].pricingPlans[0].visualElements[0].value", "شاهد أقوى المسلسلات و الأفلام حصرياً دون توقف"): Verify element property value successfully

2023-10-16 14:12:39 - [MESSAGE][PASSED] - Verify element property value successfully

2023-10-16 14:12:39 - [TEST_STEP][PASSED] - verifyElementPropertyValue(getResponse, "offers[0].groups[0].pricingPlans[0].visualElements[1].key", "display_title"): Verify element property value successfully

2023-10-16 14:12:39 - [MESSAGE][PASSED] - Verify element property value successfully

2023-10-16 14:12:39 - [TEST_STEP][PASSED] - verifyElementPropertyValue(getResponse, "offers[0].groups[0].pricingPlans[0].visualElements[1].value", "احصل على خصم 30%"): Verify element property value successfully

2023-10-16 14:12:39 - [MESSAGE][PASSED] - Verify element property value successfully

2023-10-16 14:12:39 - [TEST_STEP][PASSED] - verifyElementPropertyValue(getResponse, "offers[0].groups[0].pricingPlans[0].visualElements[3].key", "deduction_text"): Verify element property value successfully

2023-10-16 14:12:39 - [MESSAGE][PASSED] - Verify element property value successfully

2023-10-16 14:12:39 - [TEST_STEP][PASSED] - verifyElementPropertyValue(getResponse, "offers[0].groups[0].pricingPlans[0].visualElements[3].value", "تدفع شهرياً"): Verify element property value successfully

2023-10-16 14:12:39 - [MESSAGE][PASSED] - Verify element property value successfully

2023-10-16 14:12:39 - [TEST_STEP][PASSED] - verifyElementPropertyValue(getResponse, "offers[0].groups[0].pricingPlans[0].visualElements[6].key", "show_payment_logo"): Verify element property value successfully

2023-10-16 14:12:39 - [MESSAGE][PASSED] - Verify element property value successfully

2023-10-16 14:12:39 - [TEST_STEP][PASSED] - verifyElementPropertyValue(getResponse, "offers[0].groups[0].pricingPlans[0].visualElements[6].value", "true"): Verify element property value successfully

2023-10-16 14:12:39 - [MESSAGE][PASSED] - Verify element property value successfully

2023-10-16 14:12:39 - [TEST_STEP][PASSED] - verifyElementPropertyValue(getResponse, "offers[0].groups[0].pricingPlans[0].visualElements[8].key", "price"): Verify element property value successfully

2023-10-16 14:12:39 - [MESSAGE][PASSED] - Verify element property value successfully

2023-10-16 14:12:39 - [TEST_STEP][PASSED] - verifyElementPropertyValue(getResponse, "offers[0].groups[0].pricingPlans[0].visualElements[8].value", "41.99"): Verify element property value successfully

2023-10-16 14:12:39 - [MESSAGE][PASSED] - Verify element property value successfully

2023-10-16 14:12:39 - [TEST_STEP][PASSED] - verifyElementPropertyValue(getResponse, "offers[0].groups[0].pricingPlans[0].visualElements[9].key", "currency"): Verify element property value successfully

2023-10-16 14:12:39 - [MESSAGE][PASSED] - Verify element property value successfully

2023-10-16 14:12:39 - [TEST_STEP][PASSED] - verifyElementPropertyValue(getResponse, "offers[0].groups[0].pricingPlans[0].visualElements[9].value", "EGP"): Verify element property value successfully

2023-10-16 14:12:39 - [MESSAGE][PASSED] - Verify element property value successfully

2023-10-16 14:12:39 - [TEST_STEP][PASSED] - verifyElementPropertyValue(getResponse, "offers[0].groups[0].pricingPlans[0].visualElements[10].key", "duration"): Verify element property value successfully

2023-10-16 14:12:39 - [MESSAGE][PASSED] - Verify element property value successfully

2023-10-16 14:12:39 - [TEST_STEP][PASSED] - verifyElementPropertyValue(getResponse, "offers[0].groups[0].pricingPlans[0].visualElements[10].value", "شهرياً"): Verify element property value successfully

2023-10-16 14:12:39 - [MESSAGE][PASSED] - Verify element property value successfully

2023-10-16 14:12:39 - [TEST_STEP][PASSED] - verifyElementPropertyValue(getResponse, "offers[0].groups[0].pricingPlans[0].visualElements[11].key", "featured_tag_text"): Verify element property value successfully

2023-10-16 14:12:39 - [MESSAGE][PASSED] - Verify element property value successfully

2023-10-16 14:12:39 - [TEST_STEP][PASSED] - verifyElementPropertyValue(getResponse, "offers[0].groups[0].pricingPlans[0].visualElements[11].value", "عرض لمدة محدودة"): Verify element property value successfully

2023-10-16 14:12:39 - [MESSAGE][PASSED] - Verify element property value successfully

2023-10-16 14:12:39 - [TEST_STEP][PASSED] - verifyElementPropertyValue(getResponse, "offers[0].groups[0].pricingPlans[0].visualElements[13].key", "tag_text"): Verify element property value successfully

2023-10-16 14:12:39 - [MESSAGE][PASSED] - Verify element property value successfully

2023-10-16 14:12:39 - [TEST_STEP][PASSED] - verifyElementPropertyValue(getResponse, "offers[0].groups[0].pricingPlans[0].visualElements[13].value", "وفر 30%"): Verify element property value successfully

2023-10-16 14:12:39 - [MESSAGE][PASSED] - Verify element property value successfully

2023-10-16 14:12:39 - [TEST_STEP][PASSED] - verifyElementPropertyValue(getResponse, "offers[0].groups[0].pricingPlans[0].visualElements[12].key", "show_tag"): Verify element property value successfully

2023-10-16 14:12:39 - [MESSAGE][PASSED] - Verify element property value successfully

2023-10-16 14:12:39 - [TEST_STEP][PASSED] - verifyElementPropertyValue(getResponse, "offers[0].groups[0].pricingPlans[0].visualElements[12].value", "true"): Verify element property value successfully

2023-10-16 14:12:39 - [MESSAGE][PASSED] - Verify element property value successfully

2023-10-16 14:12:39 - [TEST_STEP][PASSED] - verifyElementPropertyValue(getResponse, "offers[0].groups[0].pricingPlans[0].pricingPlanData[0].productId", "EGY_B2C_SHAHID_VIP_1M"): Verify element property value successfully

2023-10-16 14:12:39 - [MESSAGE][PASSED] - Verify element property value successfully

2023-10-16 14:12:39 - [TEST_STEP][PASSED] - verifyElementPropertyValue(getResponse, "offers[0].groups[0].pricingPlans[0].pricingPlanData[0].paymentMethod", "CREDIT_CARD"): Verify element property value successfully

2023-10-16 14:12:39 - [MESSAGE][PASSED] - Verify element property value successfully

2023-10-16 14:12:39 - [TEST_STEP][PASSED] - verifyElementPropertyValue(getResponse, "offers[0].groups[0].pricingPlans[0].pricingPlanData[0].freeTrialEnabled", "false"): Verify element property value successfully

2023-10-16 14:12:39 - [MESSAGE][PASSED] - Verify element property value successfully

2023-10-16 14:12:39 - [TEST_STEP][PASSED] - verifyElementPropertyValue(getResponse, "offers[0].groups[0].pricingPlans[0].pricingPlanData[0].showIn[0]", "VERTICAL_MODE"): Verify element property value successfully

2023-10-16 14:12:39 - [MESSAGE][PASSED] - Verify element property value successfully

2023-10-16 14:12:39 - [TEST_STEP][PASSED] - verifyElementPropertyValue(getResponse, "offers[0].groups[0].pricingPlans[0].pricingPlanData[0].showIn[1]", "HORIZONTAL_MODE"): Verify element property value successfully

2023-10-16 14:12:39 - [MESSAGE][PASSED] - Verify element property value successfully

2023-10-16 14:12:39 - [TEST_STEP][PASSED] - verifyElementPropertyValue(getResponse, "offers[0].groups[0].pricingPlans[0].pricingPlanData[0].priceLabel", "41.99"): Verify element property value successfully

2023-10-16 14:12:39 - [MESSAGE][PASSED] - Verify element property value successfully

2023-10-16 14:12:39 - [TEST_STEP][PASSED] - verifyElementPropertyValue(getResponse, "offers[0].groups[0].pricingPlans[0].pricingPlanData[0].currencyLabel", "EGP"): Verify element property value successfully

2023-10-16 14:12:39 - [MESSAGE][PASSED] - Verify element property value successfully

2023-10-16 14:12:39 - [TEST_STEP][PASSED] - verifyElementPropertyValue(getResponse, "offers[0].groups[0].pricingPlans[0].pricingPlanData[0].dealId", "RE_30P_EGY"): Verify element property value successfully

2023-10-16 14:12:39 - [MESSAGE][PASSED] - Verify element property value successfully

2023-10-16 14:12:39 - [TEST_STEP][PASSED] - verifyElementPropertyValue(getResponse, "offers[0].groups[0].pricingPlans[0].pricingPlanData[0].allowedForAcquisition", "true"): Verify element property value successfully

2023-10-16 14:12:39 - [MESSAGE][PASSED] - Verify element property value successfully

2023-10-16 14:12:39 - [TEST_STEP][PASSED] - verifyElementPropertyValue(getResponse, "offers[0].groups[0].pricingPlans[0].pricingPlanData[0].visualElements[0].key", "title"): Verify element property value successfully

2023-10-16 14:12:39 - [MESSAGE][PASSED] - Verify element property value successfully

2023-10-16 14:12:39 - [TEST_STEP][PASSED] - verifyElementPropertyValue(getResponse, "offers[0].groups[0].pricingPlans[0].pricingPlanData[0].visualElements[0].value", "البطاقة المصرفية"): Verify element property value successfully

2023-10-16 14:12:39 - [MESSAGE][PASSED] - Verify element property value successfully

2023-10-16 14:12:39 - [TEST_STEP][PASSED] - verifyElementPropertyValue(getResponse, "offers[0].groups[0].pricingPlans[0].pricingPlanData[0].visualElements[1].key", "CTA_text"): Verify element property value successfully

2023-10-16 14:12:39 - [MESSAGE][PASSED] - Verify element property value successfully

2023-10-16 14:12:39 - [TEST_STEP][PASSED] - verifyElementPropertyValue(getResponse, "offers[0].groups[0].pricingPlans[0].pricingPlanData[0].visualElements[1].value", "اشترك"): Verify element property value successfully

2023-10-16 14:12:39 - [MESSAGE][PASSED] - Verify element property value successfully

2023-10-16 14:12:39 - [TEST_STEP][PASSED] - verifyElementPropertyValue(getResponse, "offers[0].groups[0].pricingPlans[0].pricingPlanData[0].visualElements[2].key", "logo"): Verify element property value successfully

2023-10-16 14:12:39 - [MESSAGE][PASSED] - Verify element property value successfully

2023-10-16 14:12:39 - [TEST_STEP][PASSED] - verifyElementPropertyValue(getResponse, "offers[0].groups[0].pricingPlans[0].pricingPlanData[0].visualElements[2].value", "https://static.s3.shahid.mbc.net/widget-images/icons/iconCreditCard.png"): Verify element property value successfully

2023-10-16 14:12:39 - [MESSAGE][PASSED] - Verify element property value successfully

2023-10-16 14:12:39 - [TEST_STEP][PASSED] - verifyElementPropertyValue(getResponse, "offers[1].offerId", "winback-40-offer"): Verify element property value successfully

2023-10-16 14:12:39 - [MESSAGE][PASSED] - Verify element property value successfully

2023-10-16 14:12:39 - [TEST_STEP][PASSED] - verifyElementPropertyValue(getResponse, "offers[1].offerParam", "winback40"): Verify element property value successfully

2023-10-16 14:12:39 - [MESSAGE][PASSED] - Verify element property value successfully

2023-10-16 14:12:39 - [TEST_STEP][PASSED] - verifyElementPropertyValue(getResponse, "offers[1].groups[0].pricingPlans[0].featured", "true"): Verify element property value successfully

2023-10-16 14:12:40 - [MESSAGE][PASSED] - Verify element property value successfully

2023-10-16 14:12:40 - [TEST_STEP][PASSED] - verifyElementPropertyValue(getResponse, "offers[1].groups[0].pricingPlans[0].period", "monthly"): Verify element property value successfully

2023-10-16 14:12:40 - [MESSAGE][PASSED] - Verify element property value successfully

2023-10-16 14:12:40 - [TEST_STEP][PASSED] - verifyElementPropertyValue(getResponse, "offers[1].groups[0].pricingPlans[0].featured", "true"): Verify element property value successfully

2023-10-16 14:12:40 - [MESSAGE][PASSED] - Verify element property value successfully

2023-10-16 14:12:40 - [TEST_STEP][PASSED] - verifyElementPropertyValue(getResponse, "offers[1].groups[0].pricingPlans[0].price", "35.99"): Verify element property value successfully

2023-10-16 14:12:40 - [MESSAGE][PASSED] - Verify element property value successfully

2023-10-16 14:12:40 - [TEST_STEP][PASSED] - verifyElementPropertyValue(getResponse, "offers[1].groups[0].pricingPlans[0].currency", "EGP"): Verify element property value successfully

2023-10-16 14:12:40 - [MESSAGE][PASSED] - Verify element property value successfully

2023-10-16 14:12:40 - [TEST_STEP][PASSED] - verifyElementPropertyValue(getResponse, "offers[1].groups[0].pricingPlans[0].order", "0"): Verify element property value successfully

2023-10-16 14:12:40 - [MESSAGE][PASSED] - Verify element property value successfully

2023-10-16 14:12:40 - [TEST_STEP][PASSED] - verifyElementPropertyValue(getResponse, "offers[1].groups[0].pricingPlans[0].packageId", "SHAHID_VIP"): Verify element property value successfully

2023-10-16 14:12:40 - [MESSAGE][PASSED] - Verify element property value successfully

2023-10-16 14:12:40 - [TEST_STEP][PASSED] - verifyElementPropertyValue(getResponse, "offers[1].groups[0].pricingPlans[0].catalogId", "VIP"): Verify element property value successfully

2023-10-16 14:12:40 - [MESSAGE][PASSED] - Verify element property value successfully

2023-10-16 14:12:40 - [TEST_STEP][PASSED] - verifyElementPropertyValue(getResponse, "offers[1].groups[0].pricingPlans[0].visualElements[0].key", "Header_1_text"): Verify element property value successfully

2023-10-16 14:12:40 - [MESSAGE][PASSED] - Verify element property value successfully

2023-10-16 14:12:40 - [TEST_STEP][PASSED] - verifyElementPropertyValue(getResponse, "offers[1].groups[0].pricingPlans[0].visualElements[0].value", "شاهد أقوى المسلسلات و الأفلام حصرياً دون توقف"): Verify element property value successfully

2023-10-16 14:12:40 - [MESSAGE][PASSED] - Verify element property value successfully

2023-10-16 14:12:40 - [TEST_STEP][PASSED] - verifyElementPropertyValue(getResponse, "offers[1].groups[0].pricingPlans[0].visualElements[1].key", "display_title"): Verify element property value successfully

2023-10-16 14:12:40 - [MESSAGE][PASSED] - Verify element property value successfully

2023-10-16 14:12:40 - [TEST_STEP][PASSED] - verifyElementPropertyValue(getResponse, "offers[1].groups[0].pricingPlans[0].visualElements[1].value", "احصل على خصم 40%"): Verify element property value successfully

2023-10-16 14:12:40 - [MESSAGE][PASSED] - Verify element property value successfully

2023-10-16 14:12:40 - [TEST_STEP][PASSED] - verifyElementPropertyValue(getResponse, "offers[1].groups[0].pricingPlans[0].visualElements[3].key", "deduction_text"): Verify element property value successfully

2023-10-16 14:12:40 - [MESSAGE][PASSED] - Verify element property value successfully

2023-10-16 14:12:40 - [TEST_STEP][PASSED] - verifyElementPropertyValue(getResponse, "offers[1].groups[0].pricingPlans[0].visualElements[3].value", "تدفع شهرياً"): Verify element property value successfully

2023-10-16 14:12:40 - [MESSAGE][PASSED] - Verify element property value successfully

2023-10-16 14:12:40 - [TEST_STEP][PASSED] - verifyElementPropertyValue(getResponse, "offers[1].groups[0].pricingPlans[0].visualElements[6].key", "show_payment_logo"): Verify element property value successfully

2023-10-16 14:12:40 - [MESSAGE][PASSED] - Verify element property value successfully

2023-10-16 14:12:40 - [TEST_STEP][PASSED] - verifyElementPropertyValue(getResponse, "offers[1].groups[0].pricingPlans[0].visualElements[6].value", "true"): Verify element property value successfully

2023-10-16 14:12:40 - [MESSAGE][PASSED] - Verify element property value successfully

2023-10-16 14:12:40 - [TEST_STEP][PASSED] - verifyElementPropertyValue(getResponse, "offers[1].groups[0].pricingPlans[0].visualElements[8].key", "price"): Verify element property value successfully

2023-10-16 14:12:40 - [MESSAGE][PASSED] - Verify element property value successfully

2023-10-16 14:12:40 - [TEST_STEP][PASSED] - verifyElementPropertyValue(getResponse, "offers[1].groups[0].pricingPlans[0].visualElements[8].value", "35.99"): Verify element property value successfully

2023-10-16 14:12:40 - [MESSAGE][PASSED] - Verify element property value successfully

2023-10-16 14:12:40 - [TEST_STEP][PASSED] - verifyElementPropertyValue(getResponse, "offers[1].groups[0].pricingPlans[0].visualElements[9].key", "currency"): Verify element property value successfully

2023-10-16 14:12:40 - [MESSAGE][PASSED] - Verify element property value successfully

2023-10-16 14:12:40 - [TEST_STEP][PASSED] - verifyElementPropertyValue(getResponse, "offers[1].groups[0].pricingPlans[0].visualElements[9].value", "EGP"): Verify element property value successfully

2023-10-16 14:12:40 - [MESSAGE][PASSED] - Verify element property value successfully

2023-10-16 14:12:40 - [TEST_STEP][PASSED] - verifyElementPropertyValue(getResponse, "offers[1].groups[0].pricingPlans[0].visualElements[10].key", "duration"): Verify element property value successfully

2023-10-16 14:12:40 - [MESSAGE][PASSED] - Verify element property value successfully

2023-10-16 14:12:40 - [TEST_STEP][PASSED] - verifyElementPropertyValue(getResponse, "offers[1].groups[0].pricingPlans[0].visualElements[10].value", "شهرياً"): Verify element property value successfully

2023-10-16 14:12:40 - [MESSAGE][PASSED] - Verify element property value successfully

2023-10-16 14:12:40 - [TEST_STEP][PASSED] - verifyElementPropertyValue(getResponse, "offers[1].groups[0].pricingPlans[0].visualElements[11].key", "featured_tag_text"): Verify element property value successfully

2023-10-16 14:12:40 - [MESSAGE][PASSED] - Verify element property value successfully

2023-10-16 14:12:40 - [TEST_STEP][PASSED] - verifyElementPropertyValue(getResponse, "offers[1].groups[0].pricingPlans[0].visualElements[11].value", "عرض لمدة محدودة"): Verify element property value successfully

2023-10-16 14:12:40 - [MESSAGE][PASSED] - Verify element property value successfully

2023-10-16 14:12:40 - [TEST_STEP][PASSED] - verifyElementPropertyValue(getResponse, "offers[1].groups[0].pricingPlans[0].visualElements[13].key", "tag_text"): Verify element property value successfully

2023-10-16 14:12:40 - [MESSAGE][PASSED] - Verify element property value successfully

2023-10-16 14:12:40 - [TEST_STEP][PASSED] - verifyElementPropertyValue(getResponse, "offers[1].groups[0].pricingPlans[0].visualElements[13].value", "وفر 40%"): Verify element property value successfully

2023-10-16 14:12:40 - [MESSAGE][PASSED] - Verify element property value successfully

2023-10-16 14:12:40 - [TEST_STEP][PASSED] - verifyElementPropertyValue(getResponse, "offers[1].groups[0].pricingPlans[0].visualElements[12].key", "show_tag"): Verify element property value successfully

2023-10-16 14:12:40 - [MESSAGE][PASSED] - Verify element property value successfully

2023-10-16 14:12:40 - [TEST_STEP][PASSED] - verifyElementPropertyValue(getResponse, "offers[1].groups[0].pricingPlans[0].visualElements[12].value", "true"): Verify element property value successfully

2023-10-16 14:12:40 - [MESSAGE][PASSED] - Verify element property value successfully

2023-10-16 14:12:40 - [TEST_STEP][PASSED] - verifyElementPropertyValue(getResponse, "offers[1].groups[0].pricingPlans[0].pricingPlanData[0].productId", "EGY_B2C_SHAHID_VIP_1M"): Verify element property value successfully

2023-10-16 14:12:40 - [MESSAGE][PASSED] - Verify element property value successfully

2023-10-16 14:12:40 - [TEST_STEP][PASSED] - verifyElementPropertyValue(getResponse, "offers[1].groups[0].pricingPlans[0].pricingPlanData[0].paymentMethod", "CREDIT_CARD"): Verify element property value successfully

2023-10-16 14:12:40 - [MESSAGE][PASSED] - Verify element property value successfully

2023-10-16 14:12:40 - [TEST_STEP][PASSED] - verifyElementPropertyValue(getResponse, "offers[1].groups[0].pricingPlans[0].pricingPlanData[0].freeTrialEnabled", "false"): Verify element property value successfully

2023-10-16 14:12:40 - [MESSAGE][PASSED] - Verify element property value successfully

2023-10-16 14:12:40 - [TEST_STEP][PASSED] - verifyElementPropertyValue(getResponse, "offers[1].groups[0].pricingPlans[0].pricingPlanData[0].showIn[0]", "VERTICAL_MODE"): Verify element property value successfully

2023-10-16 14:12:40 - [MESSAGE][PASSED] - Verify element property value successfully

2023-10-16 14:12:40 - [TEST_STEP][PASSED] - verifyElementPropertyValue(getResponse, "offers[1].groups[0].pricingPlans[0].pricingPlanData[0].showIn[1]", "HORIZONTAL_MODE"): Verify element property value successfully

2023-10-16 14:12:40 - [MESSAGE][PASSED] - Verify element property value successfully

2023-10-16 14:12:40 - [TEST_STEP][PASSED] - verifyElementPropertyValue(getResponse, "offers[1].groups[0].pricingPlans[0].pricingPlanData[0].priceLabel", "35.99"): Verify element property value successfully

2023-10-16 14:12:40 - [MESSAGE][PASSED] - Verify element property value successfully

2023-10-16 14:12:40 - [TEST_STEP][PASSED] - verifyElementPropertyValue(getResponse, "offers[1].groups[0].pricingPlans[0].pricingPlanData[0].currencyLabel", "EGP"): Verify element property value successfully

2023-10-16 14:12:40 - [MESSAGE][PASSED] - Verify element property value successfully

2023-10-16 14:12:40 - [TEST_STEP][PASSED] - verifyElementPropertyValue(getResponse, "offers[1].groups[0].pricingPlans[0].pricingPlanData[0].dealId", "RE_40P_EGY"): Verify element property value successfully

2023-10-16 14:12:40 - [MESSAGE][PASSED] - Verify element property value successfully

2023-10-16 14:12:40 - [TEST_STEP][PASSED] - verifyElementPropertyValue(getResponse, "offers[1].groups[0].pricingPlans[0].pricingPlanData[0].allowedForAcquisition", "true"): Verify element property value successfully

2023-10-16 14:12:40 - [MESSAGE][PASSED] - Verify element property value successfully

2023-10-16 14:12:40 - [TEST_STEP][PASSED] - verifyElementPropertyValue(getResponse, "offers[1].groups[0].pricingPlans[0].pricingPlanData[0].visualElements[0].key", "title"): Verify element property value successfully

2023-10-16 14:12:40 - [MESSAGE][PASSED] - Verify element property value successfully

2023-10-16 14:12:40 - [TEST_STEP][PASSED] - verifyElementPropertyValue(getResponse, "offers[1].groups[0].pricingPlans[0].pricingPlanData[0].visualElements[0].value", "البطاقة المصرفية"): Verify element property value successfully

2023-10-16 14:12:40 - [MESSAGE][PASSED] - Verify element property value successfully

2023-10-16 14:12:40 - [TEST_STEP][PASSED] - verifyElementPropertyValue(getResponse, "offers[1].groups[0].pricingPlans[0].pricingPlanData[0].visualElements[1].key", "CTA_text"): Verify element property value successfully

2023-10-16 14:12:40 - [MESSAGE][PASSED] - Verify element property value successfully

2023-10-16 14:12:40 - [TEST_STEP][PASSED] - verifyElementPropertyValue(getResponse, "offers[1].groups[0].pricingPlans[0].pricingPlanData[0].visualElements[1].value", "اشترك"): Verify element property value successfully

2023-10-16 14:12:40 - [MESSAGE][PASSED] - Verify element property value successfully

2023-10-16 14:12:40 - [TEST_STEP][PASSED] - verifyElementPropertyValue(getResponse, "offers[1].groups[0].pricingPlans[0].pricingPlanData[0].visualElements[2].key", "logo"): Verify element property value successfully

2023-10-16 14:12:40 - [MESSAGE][PASSED] - Verify element property value successfully

2023-10-16 14:12:40 - [TEST_STEP][PASSED] - verifyElementPropertyValue(getResponse, "offers[1].groups[0].pricingPlans[0].pricingPlanData[0].visualElements[2].value", "https://static.s3.shahid.mbc.net/widget-images/icons/iconCreditCard.png"): Verify element property value successfully

2023-10-16 14:12:40 - [MESSAGE][PASSED] - Verify element property value successfully

2023-10-16 14:12:40 - [TEST_STEP][PASSED] - verifyElementPropertyValue(getResponse, "offers[2].offerId", "winback-50-offer"): Verify element property value successfully

2023-10-16 14:12:40 - [MESSAGE][PASSED] - Verify element property value successfully

2023-10-16 14:12:40 - [TEST_STEP][PASSED] - verifyElementPropertyValue(getResponse, "offers[2].offerParam", "winback50"): Verify element property value successfully

2023-10-16 14:12:40 - [MESSAGE][PASSED] - Verify element property value successfully

2023-10-16 14:12:40 - [TEST_STEP][PASSED] - verifyElementPropertyValue(getResponse, "offers[2].groups[0].pricingPlans[0].featured", "true"): Verify element property value successfully

2023-10-16 14:12:40 - [MESSAGE][PASSED] - Verify element property value successfully

2023-10-16 14:12:40 - [TEST_STEP][PASSED] - verifyElementPropertyValue(getResponse, "offers[2].groups[0].pricingPlans[0].period", "monthly"): Verify element property value successfully

2023-10-16 14:12:40 - [MESSAGE][PASSED] - Verify element property value successfully

2023-10-16 14:12:40 - [TEST_STEP][PASSED] - verifyElementPropertyValue(getResponse, "offers[2].groups[0].pricingPlans[0].featured", "true"): Verify element property value successfully

2023-10-16 14:12:40 - [MESSAGE][PASSED] - Verify element property value successfully

2023-10-16 14:12:40 - [TEST_STEP][PASSED] - verifyElementPropertyValue(getResponse, "offers[2].groups[0].pricingPlans[0].price", "29.99"): Verify element property value successfully

2023-10-16 14:12:40 - [MESSAGE][PASSED] - Verify element property value successfully

2023-10-16 14:12:40 - [TEST_STEP][PASSED] - verifyElementPropertyValue(getResponse, "offers[2].groups[0].pricingPlans[0].currency", "EGP"): Verify element property value successfully

2023-10-16 14:12:40 - [MESSAGE][PASSED] - Verify element property value successfully

2023-10-16 14:12:40 - [TEST_STEP][PASSED] - verifyElementPropertyValue(getResponse, "offers[2].groups[0].pricingPlans[0].order", "0"): Verify element property value successfully

2023-10-16 14:12:40 - [MESSAGE][PASSED] - Verify element property value successfully

2023-10-16 14:12:40 - [TEST_STEP][PASSED] - verifyElementPropertyValue(getResponse, "offers[2].groups[0].pricingPlans[0].packageId", "SHAHID_VIP"): Verify element property value successfully

2023-10-16 14:12:40 - [MESSAGE][PASSED] - Verify element property value successfully

2023-10-16 14:12:40 - [TEST_STEP][PASSED] - verifyElementPropertyValue(getResponse, "offers[2].groups[0].pricingPlans[0].catalogId", "VIP"): Verify element property value successfully

2023-10-16 14:12:40 - [MESSAGE][PASSED] - Verify element property value successfully

2023-10-16 14:12:40 - [TEST_STEP][PASSED] - verifyElementPropertyValue(getResponse, "offers[2].groups[0].pricingPlans[0].visualElements[0].key", "Header_1_text"): Verify element property value successfully

2023-10-16 14:12:40 - [MESSAGE][PASSED] - Verify element property value successfully

2023-10-16 14:12:40 - [TEST_STEP][PASSED] - verifyElementPropertyValue(getResponse, "offers[2].groups[0].pricingPlans[0].visualElements[0].value", "شاهد أقوى المسلسلات و الأفلام حصرياً دون توقف"): Verify element property value successfully

2023-10-16 14:12:40 - [MESSAGE][PASSED] - Verify element property value successfully

2023-10-16 14:12:40 - [TEST_STEP][PASSED] - verifyElementPropertyValue(getResponse, "offers[2].groups[0].pricingPlans[0].visualElements[1].key", "display_title"): Verify element property value successfully

2023-10-16 14:12:40 - [MESSAGE][PASSED] - Verify element property value successfully

2023-10-16 14:12:40 - [TEST_STEP][PASSED] - verifyElementPropertyValue(getResponse, "offers[2].groups[0].pricingPlans[0].visualElements[1].value", "احصل على خصم 50%"): Verify element property value successfully

2023-10-16 14:12:40 - [MESSAGE][PASSED] - Verify element property value successfully

2023-10-16 14:12:40 - [TEST_STEP][PASSED] - verifyElementPropertyValue(getResponse, "offers[2].groups[0].pricingPlans[0].visualElements[3].key", "deduction_text"): Verify element property value successfully

2023-10-16 14:12:40 - [MESSAGE][PASSED] - Verify element property value successfully

2023-10-16 14:12:40 - [TEST_STEP][PASSED] - verifyElementPropertyValue(getResponse, "offers[2].groups[0].pricingPlans[0].visualElements[3].value", "تدفع شهرياً"): Verify element property value successfully

2023-10-16 14:12:40 - [MESSAGE][PASSED] - Verify element property value successfully

2023-10-16 14:12:40 - [TEST_STEP][PASSED] - verifyElementPropertyValue(getResponse, "offers[2].groups[0].pricingPlans[0].visualElements[6].key", "show_payment_logo"): Verify element property value successfully

2023-10-16 14:12:41 - [MESSAGE][PASSED] - Verify element property value successfully

2023-10-16 14:12:41 - [TEST_STEP][PASSED] - verifyElementPropertyValue(getResponse, "offers[2].groups[0].pricingPlans[0].visualElements[6].value", "true"): Verify element property value successfully

2023-10-16 14:12:41 - [MESSAGE][PASSED] - Verify element property value successfully

2023-10-16 14:12:41 - [TEST_STEP][PASSED] - verifyElementPropertyValue(getResponse, "offers[2].groups[0].pricingPlans[0].visualElements[8].key", "price"): Verify element property value successfully

2023-10-16 14:12:41 - [MESSAGE][PASSED] - Verify element property value successfully

2023-10-16 14:12:41 - [TEST_STEP][PASSED] - verifyElementPropertyValue(getResponse, "offers[2].groups[0].pricingPlans[0].visualElements[8].value", "29.99"): Verify element property value successfully

2023-10-16 14:12:41 - [MESSAGE][PASSED] - Verify element property value successfully

2023-10-16 14:12:41 - [TEST_STEP][PASSED] - verifyElementPropertyValue(getResponse, "offers[2].groups[0].pricingPlans[0].visualElements[9].key", "currency"): Verify element property value successfully

2023-10-16 14:12:41 - [MESSAGE][PASSED] - Verify element property value successfully

2023-10-16 14:12:41 - [TEST_STEP][PASSED] - verifyElementPropertyValue(getResponse, "offers[2].groups[0].pricingPlans[0].visualElements[9].value", "EGP"): Verify element property value successfully

2023-10-16 14:12:41 - [MESSAGE][PASSED] - Verify element property value successfully

2023-10-16 14:12:41 - [TEST_STEP][PASSED] - verifyElementPropertyValue(getResponse, "offers[2].groups[0].pricingPlans[0].visualElements[10].key", "duration"): Verify element property value successfully

2023-10-16 14:12:41 - [MESSAGE][PASSED] - Verify element property value successfully

2023-10-16 14:12:41 - [TEST_STEP][PASSED] - verifyElementPropertyValue(getResponse, "offers[2].groups[0].pricingPlans[0].visualElements[10].value", "شهرياً"): Verify element property value successfully

2023-10-16 14:12:41 - [MESSAGE][PASSED] - Verify element property value successfully

2023-10-16 14:12:41 - [TEST_STEP][PASSED] - verifyElementPropertyValue(getResponse, "offers[2].groups[0].pricingPlans[0].visualElements[11].key", "featured_tag_text"): Verify element property value successfully

2023-10-16 14:12:41 - [MESSAGE][PASSED] - Verify element property value successfully

2023-10-16 14:12:41 - [TEST_STEP][PASSED] - verifyElementPropertyValue(getResponse, "offers[2].groups[0].pricingPlans[0].visualElements[11].value", "عرض لمدة محدودة"): Verify element property value successfully

2023-10-16 14:12:41 - [MESSAGE][PASSED] - Verify element property value successfully

2023-10-16 14:12:41 - [TEST_STEP][PASSED] - verifyElementPropertyValue(getResponse, "offers[2].groups[0].pricingPlans[0].visualElements[13].key", "tag_text"): Verify element property value successfully

2023-10-16 14:12:41 - [MESSAGE][PASSED] - Verify element property value successfully

2023-10-16 14:12:41 - [TEST_STEP][PASSED] - verifyElementPropertyValue(getResponse, "offers[2].groups[0].pricingPlans[0].visualElements[13].value", "وفر 50%"): Verify element property value successfully

2023-10-16 14:12:41 - [MESSAGE][PASSED] - Verify element property value successfully

2023-10-16 14:12:41 - [TEST_STEP][PASSED] - verifyElementPropertyValue(getResponse, "offers[2].groups[0].pricingPlans[0].visualElements[12].key", "show_tag"): Verify element property value successfully

2023-10-16 14:12:41 - [MESSAGE][PASSED] - Verify element property value successfully

2023-10-16 14:12:41 - [TEST_STEP][PASSED] - verifyElementPropertyValue(getResponse, "offers[2].groups[0].pricingPlans[0].visualElements[12].value", "true"): Verify element property value successfully

2023-10-16 14:12:41 - [MESSAGE][PASSED] - Verify element property value successfully

2023-10-16 14:12:41 - [TEST_STEP][PASSED] - verifyElementPropertyValue(getResponse, "offers[2].groups[0].pricingPlans[0].pricingPlanData[0].productId", "EGY_B2C_SHAHID_VIP_1M"): Verify element property value successfully

2023-10-16 14:12:41 - [MESSAGE][PASSED] - Verify element property value successfully

2023-10-16 14:12:41 - [TEST_STEP][PASSED] - verifyElementPropertyValue(getResponse, "offers[2].groups[0].pricingPlans[0].pricingPlanData[0].paymentMethod", "CREDIT_CARD"): Verify element property value successfully

2023-10-16 14:12:41 - [MESSAGE][PASSED] - Verify element property value successfully

2023-10-16 14:12:41 - [TEST_STEP][PASSED] - verifyElementPropertyValue(getResponse, "offers[2].groups[0].pricingPlans[0].pricingPlanData[0].freeTrialEnabled", "false"): Verify element property value successfully

2023-10-16 14:12:41 - [MESSAGE][PASSED] - Verify element property value successfully

2023-10-16 14:12:41 - [TEST_STEP][PASSED] - verifyElementPropertyValue(getResponse, "offers[2].groups[0].pricingPlans[0].pricingPlanData[0].showIn[0]", "VERTICAL_MODE"): Verify element property value successfully

2023-10-16 14:12:41 - [MESSAGE][PASSED] - Verify element property value successfully

2023-10-16 14:12:41 - [TEST_STEP][PASSED] - verifyElementPropertyValue(getResponse, "offers[2].groups[0].pricingPlans[0].pricingPlanData[0].showIn[1]", "HORIZONTAL_MODE"): Verify element property value successfully

2023-10-16 14:12:41 - [MESSAGE][PASSED] - Verify element property value successfully

2023-10-16 14:12:41 - [TEST_STEP][PASSED] - verifyElementPropertyValue(getResponse, "offers[2].groups[0].pricingPlans[0].pricingPlanData[0].priceLabel", "29.99"): Verify element property value successfully

2023-10-16 14:12:41 - [MESSAGE][PASSED] - Verify element property value successfully

2023-10-16 14:12:41 - [TEST_STEP][PASSED] - verifyElementPropertyValue(getResponse, "offers[2].groups[0].pricingPlans[0].pricingPlanData[0].currencyLabel", "EGP"): Verify element property value successfully

2023-10-16 14:12:41 - [MESSAGE][PASSED] - Verify element property value successfully

2023-10-16 14:12:41 - [TEST_STEP][PASSED] - verifyElementPropertyValue(getResponse, "offers[2].groups[0].pricingPlans[0].pricingPlanData[0].dealId", "RE_50P_EGY"): Verify element property value successfully

2023-10-16 14:12:41 - [MESSAGE][PASSED] - Verify element property value successfully

2023-10-16 14:12:41 - [TEST_STEP][PASSED] - verifyElementPropertyValue(getResponse, "offers[2].groups[0].pricingPlans[0].pricingPlanData[0].allowedForAcquisition", "true"): Verify element property value successfully

2023-10-16 14:12:41 - [MESSAGE][PASSED] - Verify element property value successfully

2023-10-16 14:12:41 - [TEST_STEP][PASSED] - verifyElementPropertyValue(getResponse, "offers[2].groups[0].pricingPlans[0].pricingPlanData[0].visualElements[0].key", "title"): Verify element property value successfully

2023-10-16 14:12:41 - [MESSAGE][PASSED] - Verify element property value successfully

2023-10-16 14:12:41 - [TEST_STEP][PASSED] - verifyElementPropertyValue(getResponse, "offers[2].groups[0].pricingPlans[0].pricingPlanData[0].visualElements[0].value", "البطاقة المصرفية"): Verify element property value successfully

2023-10-16 14:12:41 - [MESSAGE][PASSED] - Verify element property value successfully

2023-10-16 14:12:41 - [TEST_STEP][PASSED] - verifyElementPropertyValue(getResponse, "offers[2].groups[0].pricingPlans[0].pricingPlanData[0].visualElements[1].key", "CTA_text"): Verify element property value successfully

2023-10-16 14:12:41 - [MESSAGE][PASSED] - Verify element property value successfully

2023-10-16 14:12:41 - [TEST_STEP][PASSED] - verifyElementPropertyValue(getResponse, "offers[2].groups[0].pricingPlans[0].pricingPlanData[0].visualElements[1].value", "اشترك"): Verify element property value successfully

2023-10-16 14:12:41 - [MESSAGE][PASSED] - Verify element property value successfully

2023-10-16 14:12:41 - [TEST_STEP][PASSED] - verifyElementPropertyValue(getResponse, "offers[2].groups[0].pricingPlans[0].pricingPlanData[0].visualElements[2].key", "logo"): Verify element property value successfully

2023-10-16 14:12:41 - [MESSAGE][PASSED] - Verify element property value successfully

2023-10-16 14:12:41 - [TEST_STEP][PASSED] - verifyElementPropertyValue(getResponse, "offers[2].groups[0].pricingPlans[0].pricingPlanData[0].visualElements[2].value", "https://static.s3.shahid.mbc.net/widget-images/icons/iconCreditCard.png"): Verify element property value successfully

2023-10-16 14:12:41 - [MESSAGE][PASSED] - Verify element property value successfully

2023-10-16 14:12:41 - [TEST_STEP][PASSED] - verifyElementPropertyValue(getResponse, "offers[9].offerId", "byg-30-offer"): Verify element property value successfully

2023-10-16 14:12:41 - [MESSAGE][PASSED] - Verify element property value successfully

2023-10-16 14:12:41 - [TEST_STEP][PASSED] - verifyElementPropertyValue(getResponse, "offers[9].offerParam", "bygoffer30"): Verify element property value successfully

2023-10-16 14:12:41 - [MESSAGE][PASSED] - Verify element property value successfully

2023-10-16 14:12:41 - [TEST_STEP][PASSED] - verifyElementPropertyValue(getResponse, "offers[9].groups[0].pricingPlans[0].featured", "true"): Verify element property value successfully

2023-10-16 14:12:41 - [MESSAGE][PASSED] - Verify element property value successfully

2023-10-16 14:12:41 - [TEST_STEP][PASSED] - verifyElementPropertyValue(getResponse, "offers[9].groups[0].pricingPlans[0].period", "monthly"): Verify element property value successfully

2023-10-16 14:12:41 - [MESSAGE][PASSED] - Verify element property value successfully

2023-10-16 14:12:41 - [TEST_STEP][PASSED] - verifyElementPropertyValue(getResponse, "offers[9].groups[0].pricingPlans[0].featured", "true"): Verify element property value successfully

2023-10-16 14:12:41 - [MESSAGE][PASSED] - Verify element property value successfully

2023-10-16 14:12:41 - [TEST_STEP][PASSED] - verifyElementPropertyValue(getResponse, "offers[9].groups[0].pricingPlans[0].price", "41.99"): Verify element property value successfully

2023-10-16 14:12:41 - [MESSAGE][PASSED] - Verify element property value successfully

2023-10-16 14:12:41 - [TEST_STEP][PASSED] - verifyElementPropertyValue(getResponse, "offers[9].groups[0].pricingPlans[0].currency", "EGP"): Verify element property value successfully

2023-10-16 14:12:41 - [MESSAGE][PASSED] - Verify element property value successfully

2023-10-16 14:12:41 - [TEST_STEP][PASSED] - verifyElementPropertyValue(getResponse, "offers[9].groups[0].pricingPlans[0].order", "0"): Verify element property value successfully

2023-10-16 14:12:41 - [MESSAGE][PASSED] - Verify element property value successfully

2023-10-16 14:12:41 - [TEST_STEP][PASSED] - verifyElementPropertyValue(getResponse, "offers[9].groups[0].pricingPlans[0].packageId", "SHAHID_VIP"): Verify element property value successfully

2023-10-16 14:12:41 - [MESSAGE][PASSED] - Verify element property value successfully

2023-10-16 14:12:41 - [TEST_STEP][PASSED] - verifyElementPropertyValue(getResponse, "offers[9].groups[0].pricingPlans[0].catalogId", "VIP"): Verify element property value successfully

2023-10-16 14:12:41 - [MESSAGE][PASSED] - Verify element property value successfully

2023-10-16 14:12:41 - [TEST_STEP][PASSED] - verifyElementPropertyValue(getResponse, "offers[9].groups[0].pricingPlans[0].visualElements[0].key", "Header_1_text"): Verify element property value successfully

2023-10-16 14:12:41 - [MESSAGE][PASSED] - Verify element property value successfully

2023-10-16 14:12:41 - [TEST_STEP][PASSED] - verifyElementPropertyValue(getResponse, "offers[9].groups[0].pricingPlans[0].visualElements[0].value", "شاهد أقوى المسلسلات و الأفلام حصرياً دون توقف"): Verify element property value successfully

2023-10-16 14:12:41 - [MESSAGE][PASSED] - Verify element property value successfully

2023-10-16 14:12:41 - [TEST_STEP][PASSED] - verifyElementPropertyValue(getResponse, "offers[9].groups[0].pricingPlans[0].visualElements[1].key", "display_title"): Verify element property value successfully

2023-10-16 14:12:41 - [MESSAGE][PASSED] - Verify element property value successfully

2023-10-16 14:12:41 - [TEST_STEP][PASSED] - verifyElementPropertyValue(getResponse, "offers[9].groups[0].pricingPlans[0].visualElements[1].value", "احصل على خصم 30%"): Verify element property value successfully

2023-10-16 14:12:41 - [MESSAGE][PASSED] - Verify element property value successfully

2023-10-16 14:12:41 - [TEST_STEP][PASSED] - verifyElementPropertyValue(getResponse, "offers[9].groups[0].pricingPlans[0].visualElements[3].key", "deduction_text"): Verify element property value successfully

2023-10-16 14:12:41 - [MESSAGE][PASSED] - Verify element property value successfully

2023-10-16 14:12:41 - [TEST_STEP][PASSED] - verifyElementPropertyValue(getResponse, "offers[9].groups[0].pricingPlans[0].visualElements[3].value", "تدفع شهرياً"): Verify element property value successfully

2023-10-16 14:12:41 - [MESSAGE][PASSED] - Verify element property value successfully

2023-10-16 14:12:41 - [TEST_STEP][PASSED] - verifyElementPropertyValue(getResponse, "offers[9].groups[0].pricingPlans[0].visualElements[6].key", "show_payment_logo"): Verify element property value successfully

2023-10-16 14:12:41 - [MESSAGE][PASSED] - Verify element property value successfully

2023-10-16 14:12:41 - [TEST_STEP][PASSED] - verifyElementPropertyValue(getResponse, "offers[9].groups[0].pricingPlans[0].visualElements[6].value", "true"): Verify element property value successfully

2023-10-16 14:12:41 - [MESSAGE][PASSED] - Verify element property value successfully

2023-10-16 14:12:41 - [TEST_STEP][PASSED] - verifyElementPropertyValue(getResponse, "offers[9].groups[0].pricingPlans[0].visualElements[8].key", "price"): Verify element property value successfully

2023-10-16 14:12:41 - [MESSAGE][PASSED] - Verify element property value successfully

2023-10-16 14:12:41 - [TEST_STEP][PASSED] - verifyElementPropertyValue(getResponse, "offers[9].groups[0].pricingPlans[0].visualElements[8].value", "41.99"): Verify element property value successfully

2023-10-16 14:12:41 - [MESSAGE][PASSED] - Verify element property value successfully

2023-10-16 14:12:41 - [TEST_STEP][PASSED] - verifyElementPropertyValue(getResponse, "offers[9].groups[0].pricingPlans[0].visualElements[9].key", "currency"): Verify element property value successfully

2023-10-16 14:12:41 - [MESSAGE][PASSED] - Verify element property value successfully

2023-10-16 14:12:41 - [TEST_STEP][PASSED] - verifyElementPropertyValue(getResponse, "offers[9].groups[0].pricingPlans[0].visualElements[9].value", "EGP"): Verify element property value successfully

2023-10-16 14:12:41 - [MESSAGE][PASSED] - Verify element property value successfully

2023-10-16 14:12:41 - [TEST_STEP][PASSED] - verifyElementPropertyValue(getResponse, "offers[9].groups[0].pricingPlans[0].visualElements[10].key", "duration"): Verify element property value successfully

2023-10-16 14:12:41 - [MESSAGE][PASSED] - Verify element property value successfully

2023-10-16 14:12:41 - [TEST_STEP][PASSED] - verifyElementPropertyValue(getResponse, "offers[9].groups[0].pricingPlans[0].visualElements[10].value", "شهرياً"): Verify element property value successfully

2023-10-16 14:12:41 - [MESSAGE][PASSED] - Verify element property value successfully

2023-10-16 14:12:41 - [TEST_STEP][PASSED] - verifyElementPropertyValue(getResponse, "offers[9].groups[0].pricingPlans[0].visualElements[11].key", "featured_tag_text"): Verify element property value successfully

2023-10-16 14:12:41 - [MESSAGE][PASSED] - Verify element property value successfully

2023-10-16 14:12:41 - [TEST_STEP][PASSED] - verifyElementPropertyValue(getResponse, "offers[9].groups[0].pricingPlans[0].visualElements[11].value", "عرض لمدة محدودة"): Verify element property value successfully

2023-10-16 14:12:41 - [MESSAGE][PASSED] - Verify element property value successfully

2023-10-16 14:12:41 - [TEST_STEP][PASSED] - verifyElementPropertyValue(getResponse, "offers[9].groups[0].pricingPlans[0].visualElements[13].key", "tag_text"): Verify element property value successfully

2023-10-16 14:12:41 - [MESSAGE][PASSED] - Verify element property value successfully

2023-10-16 14:12:41 - [TEST_STEP][PASSED] - verifyElementPropertyValue(getResponse, "offers[9].groups[0].pricingPlans[0].visualElements[13].value", "وفر 30%"): Verify element property value successfully

2023-10-16 14:12:41 - [MESSAGE][PASSED] - Verify element property value successfully

2023-10-16 14:12:41 - [TEST_STEP][PASSED] - verifyElementPropertyValue(getResponse, "offers[9].groups[0].pricingPlans[0].visualElements[12].key", "show_tag"): Verify element property value successfully

2023-10-16 14:12:41 - [MESSAGE][PASSED] - Verify element property value successfully

2023-10-16 14:12:41 - [TEST_STEP][PASSED] - verifyElementPropertyValue(getResponse, "offers[9].groups[0].pricingPlans[0].visualElements[12].value", "true"): Verify element property value successfully

2023-10-16 14:12:41 - [MESSAGE][PASSED] - Verify element property value successfully

2023-10-16 14:12:41 - [TEST_STEP][PASSED] - verifyElementPropertyValue(getResponse, "offers[9].groups[0].pricingPlans[0].pricingPlanData[0].productId", "EGY_B2C_SHAHID_VIP_1M"): Verify element property value successfully

2023-10-16 14:12:41 - [MESSAGE][PASSED] - Verify element property value successfully

2023-10-16 14:12:41 - [TEST_STEP][PASSED] - verifyElementPropertyValue(getResponse, "offers[9].groups[0].pricingPlans[0].pricingPlanData[0].paymentMethod", "CREDIT_CARD"): Verify element property value successfully

2023-10-16 14:12:41 - [MESSAGE][PASSED] - Verify element property value successfully

2023-10-16 14:12:41 - [TEST_STEP][PASSED] - verifyElementPropertyValue(getResponse, "offers[9].groups[0].pricingPlans[0].pricingPlanData[0].freeTrialEnabled", "false"): Verify element property value successfully

2023-10-16 14:12:41 - [MESSAGE][PASSED] - Verify element property value successfully

2023-10-16 14:12:41 - [TEST_STEP][PASSED] - verifyElementPropertyValue(getResponse, "offers[9].groups[0].pricingPlans[0].pricingPlanData[0].showIn[0]", "VERTICAL_MODE"): Verify element property value successfully

2023-10-16 14:12:41 - [MESSAGE][PASSED] - Verify element property value successfully

2023-10-16 14:12:41 - [TEST_STEP][PASSED] - verifyElementPropertyValue(getResponse, "offers[9].groups[0].pricingPlans[0].pricingPlanData[0].showIn[1]", "HORIZONTAL_MODE"): Verify element property value successfully

2023-10-16 14:12:41 - [MESSAGE][PASSED] - Verify element property value successfully

2023-10-16 14:12:41 - [TEST_STEP][PASSED] - verifyElementPropertyValue(getResponse, "offers[9].groups[0].pricingPlans[0].pricingPlanData[0].priceLabel", "41.99"): Verify element property value successfully

2023-10-16 14:12:41 - [MESSAGE][PASSED] - Verify element property value successfully

2023-10-16 14:12:41 - [TEST_STEP][PASSED] - verifyElementPropertyValue(getResponse, "offers[9].groups[0].pricingPlans[0].pricingPlanData[0].currencyLabel", "EGP"): Verify element property value successfully

2023-10-16 14:12:41 - [MESSAGE][PASSED] - Verify element property value successfully

2023-10-16 14:12:41 - [TEST_STEP][PASSED] - verifyElementPropertyValue(getResponse, "offers[9].groups[0].pricingPlans[0].pricingPlanData[0].dealId", "BYG_30P_EGY"): Verify element property value successfully

2023-10-16 14:12:41 - [MESSAGE][PASSED] - Verify element property value successfully

2023-10-16 14:12:41 - [TEST_STEP][PASSED] - verifyElementPropertyValue(getResponse, "offers[9].groups[0].pricingPlans[0].pricingPlanData[0].allowedForAcquisition", "true"): Verify element property value successfully

2023-10-16 14:12:41 - [MESSAGE][PASSED] - Verify element property value successfully

2023-10-16 14:12:41 - [TEST_STEP][PASSED] - verifyElementPropertyValue(getResponse, "offers[9].groups[0].pricingPlans[0].pricingPlanData[0].visualElements[0].key", "title"): Verify element property value successfully

2023-10-16 14:12:41 - [MESSAGE][PASSED] - Verify element property value successfully

2023-10-16 14:12:41 - [TEST_STEP][PASSED] - verifyElementPropertyValue(getResponse, "offers[9].groups[0].pricingPlans[0].pricingPlanData[0].visualElements[0].value", "البطاقة المصرفية"): Verify element property value successfully

2023-10-16 14:12:41 - [MESSAGE][PASSED] - Verify element property value successfully

2023-10-16 14:12:41 - [TEST_STEP][PASSED] - verifyElementPropertyValue(getResponse, "offers[9].groups[0].pricingPlans[0].pricingPlanData[0].visualElements[1].key", "CTA_text"): Verify element property value successfully

2023-10-16 14:12:41 - [MESSAGE][PASSED] - Verify element property value successfully

2023-10-16 14:12:41 - [TEST_STEP][PASSED] - verifyElementPropertyValue(getResponse, "offers[9].groups[0].pricingPlans[0].pricingPlanData[0].visualElements[1].value", "اشترك"): Verify element property value successfully

2023-10-16 14:12:41 - [MESSAGE][PASSED] - Verify element property value successfully

2023-10-16 14:12:41 - [TEST_STEP][PASSED] - verifyElementPropertyValue(getResponse, "offers[9].groups[0].pricingPlans[0].pricingPlanData[0].visualElements[2].key", "logo"): Verify element property value successfully

2023-10-16 14:12:41 - [MESSAGE][PASSED] - Verify element property value successfully

2023-10-16 14:12:41 - [TEST_STEP][PASSED] - verifyElementPropertyValue(getResponse, "offers[9].groups[0].pricingPlans[0].pricingPlanData[0].visualElements[2].value", "https://static.s3.shahid.mbc.net/widget-images/icons/iconCreditCard.png"): Verify element property value successfully

2023-10-16 14:12:41 - [MESSAGE][PASSED] - Verify element property value successfully

2023-10-16 14:12:41 - [TEST_STEP][PASSED] - verifyElementPropertyValue(getResponse, "offers[10].offerId", "byg-40-offer"): Verify element property value successfully

2023-10-16 14:12:41 - [MESSAGE][PASSED] - Verify element property value successfully

2023-10-16 14:12:41 - [TEST_STEP][PASSED] - verifyElementPropertyValue(getResponse, "offers[10].offerParam", "bygoffer40"): Verify element property value successfully

2023-10-16 14:12:41 - [MESSAGE][PASSED] - Verify element property value successfully

2023-10-16 14:12:41 - [TEST_STEP][PASSED] - verifyElementPropertyValue(getResponse, "offers[10].groups[0].pricingPlans[0].featured", "true"): Verify element property value successfully

2023-10-16 14:12:41 - [MESSAGE][PASSED] - Verify element property value successfully

2023-10-16 14:12:41 - [TEST_STEP][PASSED] - verifyElementPropertyValue(getResponse, "offers[10].groups[0].pricingPlans[0].period", "monthly"): Verify element property value successfully

2023-10-16 14:12:41 - [MESSAGE][PASSED] - Verify element property value successfully

2023-10-16 14:12:41 - [TEST_STEP][PASSED] - verifyElementPropertyValue(getResponse, "offers[10].groups[0].pricingPlans[0].featured", "true"): Verify element property value successfully

2023-10-16 14:12:41 - [MESSAGE][PASSED] - Verify element property value successfully

2023-10-16 14:12:41 - [TEST_STEP][PASSED] - verifyElementPropertyValue(getResponse, "offers[10].groups[0].pricingPlans[0].price", "35.99"): Verify element property value successfully

2023-10-16 14:12:41 - [MESSAGE][PASSED] - Verify element property value successfully

2023-10-16 14:12:41 - [TEST_STEP][PASSED] - verifyElementPropertyValue(getResponse, "offers[10].groups[0].pricingPlans[0].currency", "EGP"): Verify element property value successfully

2023-10-16 14:12:41 - [MESSAGE][PASSED] - Verify element property value successfully

2023-10-16 14:12:41 - [TEST_STEP][PASSED] - verifyElementPropertyValue(getResponse, "offers[10].groups[0].pricingPlans[0].order", "0"): Verify element property value successfully

2023-10-16 14:12:41 - [MESSAGE][PASSED] - Verify element property value successfully

2023-10-16 14:12:41 - [TEST_STEP][PASSED] - verifyElementPropertyValue(getResponse, "offers[10].groups[0].pricingPlans[0].packageId", "SHAHID_VIP"): Verify element property value successfully

2023-10-16 14:12:41 - [MESSAGE][PASSED] - Verify element property value successfully

2023-10-16 14:12:41 - [TEST_STEP][PASSED] - verifyElementPropertyValue(getResponse, "offers[10].groups[0].pricingPlans[0].catalogId", "VIP"): Verify element property value successfully

2023-10-16 14:12:41 - [MESSAGE][PASSED] - Verify element property value successfully

2023-10-16 14:12:41 - [TEST_STEP][PASSED] - verifyElementPropertyValue(getResponse, "offers[10].groups[0].pricingPlans[0].visualElements[0].key", "Header_1_text"): Verify element property value successfully

2023-10-16 14:12:41 - [MESSAGE][PASSED] - Verify element property value successfully

2023-10-16 14:12:41 - [TEST_STEP][PASSED] - verifyElementPropertyValue(getResponse, "offers[10].groups[0].pricingPlans[0].visualElements[0].value", "شاهد أقوى المسلسلات و الأفلام حصرياً دون توقف"): Verify element property value successfully

2023-10-16 14:12:41 - [MESSAGE][PASSED] - Verify element property value successfully

2023-10-16 14:12:41 - [TEST_STEP][PASSED] - verifyElementPropertyValue(getResponse, "offers[10].groups[0].pricingPlans[0].visualElements[1].key", "display_title"): Verify element property value successfully

2023-10-16 14:12:41 - [MESSAGE][PASSED] - Verify element property value successfully

2023-10-16 14:12:41 - [TEST_STEP][PASSED] - verifyElementPropertyValue(getResponse, "offers[10].groups[0].pricingPlans[0].visualElements[1].value", "احصل على خصم 40%"): Verify element property value successfully

2023-10-16 14:12:41 - [MESSAGE][PASSED] - Verify element property value successfully

2023-10-16 14:12:41 - [TEST_STEP][PASSED] - verifyElementPropertyValue(getResponse, "offers[10].groups[0].pricingPlans[0].visualElements[3].key", "deduction_text"): Verify element property value successfully

2023-10-16 14:12:41 - [MESSAGE][PASSED] - Verify element property value successfully

2023-10-16 14:12:41 - [TEST_STEP][PASSED] - verifyElementPropertyValue(getResponse, "offers[10].groups[0].pricingPlans[0].visualElements[3].value", "تدفع شهرياً"): Verify element property value successfully

2023-10-16 14:12:41 - [MESSAGE][PASSED] - Verify element property value successfully

2023-10-16 14:12:41 - [TEST_STEP][PASSED] - verifyElementPropertyValue(getResponse, "offers[10].groups[0].pricingPlans[0].visualElements[6].key", "show_payment_logo"): Verify element property value successfully

2023-10-16 14:12:41 - [MESSAGE][PASSED] - Verify element property value successfully

2023-10-16 14:12:41 - [TEST_STEP][PASSED] - verifyElementPropertyValue(getResponse, "offers[10].groups[0].pricingPlans[0].visualElements[6].value", "true"): Verify element property value successfully

2023-10-16 14:12:41 - [MESSAGE][PASSED] - Verify element property value successfully

2023-10-16 14:12:41 - [TEST_STEP][PASSED] - verifyElementPropertyValue(getResponse, "offers[10].groups[0].pricingPlans[0].visualElements[8].key", "price"): Verify element property value successfully

2023-10-16 14:12:41 - [MESSAGE][PASSED] - Verify element property value successfully

2023-10-16 14:12:41 - [TEST_STEP][PASSED] - verifyElementPropertyValue(getResponse, "offers[10].groups[0].pricingPlans[0].visualElements[8].value", "35.99"): Verify element property value successfully

2023-10-16 14:12:41 - [MESSAGE][PASSED] - Verify element property value successfully

2023-10-16 14:12:41 - [TEST_STEP][PASSED] - verifyElementPropertyValue(getResponse, "offers[10].groups[0].pricingPlans[0].visualElements[9].key", "currency"): Verify element property value successfully

2023-10-16 14:12:41 - [MESSAGE][PASSED] - Verify element property value successfully

2023-10-16 14:12:41 - [TEST_STEP][PASSED] - verifyElementPropertyValue(getResponse, "offers[10].groups[0].pricingPlans[0].visualElements[9].value", "EGP"): Verify element property value successfully

2023-10-16 14:12:41 - [MESSAGE][PASSED] - Verify element property value successfully

2023-10-16 14:12:41 - [TEST_STEP][PASSED] - verifyElementPropertyValue(getResponse, "offers[10].groups[0].pricingPlans[0].visualElements[10].key", "duration"): Verify element property value successfully

2023-10-16 14:12:41 - [MESSAGE][PASSED] - Verify element property value successfully

2023-10-16 14:12:41 - [TEST_STEP][PASSED] - verifyElementPropertyValue(getResponse, "offers[10].groups[0].pricingPlans[0].visualElements[10].value", "شهرياً"): Verify element property value successfully

2023-10-16 14:12:41 - [MESSAGE][PASSED] - Verify element property value successfully

2023-10-16 14:12:41 - [TEST_STEP][PASSED] - verifyElementPropertyValue(getResponse, "offers[10].groups[0].pricingPlans[0].visualElements[11].key", "featured_tag_text"): Verify element property value successfully

2023-10-16 14:12:41 - [MESSAGE][PASSED] - Verify element property value successfully

2023-10-16 14:12:41 - [TEST_STEP][PASSED] - verifyElementPropertyValue(getResponse, "offers[10].groups[0].pricingPlans[0].visualElements[11].value", "عرض لمدة محدودة"): Verify element property value successfully

2023-10-16 14:12:41 - [MESSAGE][PASSED] - Verify element property value successfully

2023-10-16 14:12:41 - [TEST_STEP][PASSED] - verifyElementPropertyValue(getResponse, "offers[10].groups[0].pricingPlans[0].visualElements[13].key", "tag_text"): Verify element property value successfully

2023-10-16 14:12:41 - [MESSAGE][PASSED] - Verify element property value successfully

2023-10-16 14:12:41 - [TEST_STEP][PASSED] - verifyElementPropertyValue(getResponse, "offers[10].groups[0].pricingPlans[0].visualElements[13].value", "وفر 40%"): Verify element property value successfully

2023-10-16 14:12:41 - [MESSAGE][PASSED] - Verify element property value successfully

2023-10-16 14:12:41 - [TEST_STEP][PASSED] - verifyElementPropertyValue(getResponse, "offers[10].groups[0].pricingPlans[0].visualElements[12].key", "show_tag"): Verify element property value successfully

2023-10-16 14:12:41 - [MESSAGE][PASSED] - Verify element property value successfully

2023-10-16 14:12:41 - [TEST_STEP][PASSED] - verifyElementPropertyValue(getResponse, "offers[10].groups[0].pricingPlans[0].visualElements[12].value", "true"): Verify element property value successfully

2023-10-16 14:12:41 - [MESSAGE][PASSED] - Verify element property value successfully

2023-10-16 14:12:41 - [TEST_STEP][PASSED] - verifyElementPropertyValue(getResponse, "offers[10].groups[0].pricingPlans[0].pricingPlanData[0].productId", "EGY_B2C_SHAHID_VIP_1M"): Verify element property value successfully

2023-10-16 14:12:41 - [MESSAGE][PASSED] - Verify element property value successfully

2023-10-16 14:12:41 - [TEST_STEP][PASSED] - verifyElementPropertyValue(getResponse, "offers[10].groups[0].pricingPlans[0].pricingPlanData[0].paymentMethod", "CREDIT_CARD"): Verify element property value successfully

2023-10-16 14:12:41 - [MESSAGE][PASSED] - Verify element property value successfully

2023-10-16 14:12:41 - [TEST_STEP][PASSED] - verifyElementPropertyValue(getResponse, "offers[10].groups[0].pricingPlans[0].pricingPlanData[0].freeTrialEnabled", "false"): Verify element property value successfully

2023-10-16 14:12:41 - [MESSAGE][PASSED] - Verify element property value successfully

2023-10-16 14:12:41 - [TEST_STEP][PASSED] - verifyElementPropertyValue(getResponse, "offers[10].groups[0].pricingPlans[0].pricingPlanData[0].showIn[0]", "VERTICAL_MODE"): Verify element property value successfully

2023-10-16 14:12:41 - [MESSAGE][PASSED] - Verify element property value successfully

2023-10-16 14:12:41 - [TEST_STEP][PASSED] - verifyElementPropertyValue(getResponse, "offers[10].groups[0].pricingPlans[0].pricingPlanData[0].showIn[1]", "HORIZONTAL_MODE"): Verify element property value successfully

2023-10-16 14:12:41 - [MESSAGE][PASSED] - Verify element property value successfully

2023-10-16 14:12:41 - [TEST_STEP][PASSED] - verifyElementPropertyValue(getResponse, "offers[10].groups[0].pricingPlans[0].pricingPlanData[0].priceLabel", "35.99"): Verify element property value successfully

2023-10-16 14:12:41 - [MESSAGE][PASSED] - Verify element property value successfully

2023-10-16 14:12:41 - [TEST_STEP][PASSED] - verifyElementPropertyValue(getResponse, "offers[10].groups[0].pricingPlans[0].pricingPlanData[0].currencyLabel", "EGP"): Verify element property value successfully

2023-10-16 14:12:41 - [MESSAGE][PASSED] - Verify element property value successfully

2023-10-16 14:12:41 - [TEST_STEP][PASSED] - verifyElementPropertyValue(getResponse, "offers[10].groups[0].pricingPlans[0].pricingPlanData[0].dealId", "BYG_40P_EGY"): Verify element property value successfully

2023-10-16 14:12:41 - [MESSAGE][PASSED] - Verify element property value successfully

2023-10-16 14:12:41 - [TEST_STEP][PASSED] - verifyElementPropertyValue(getResponse, "offers[10].groups[0].pricingPlans[0].pricingPlanData[0].allowedForAcquisition", "true"): Verify element property value successfully

2023-10-16 14:12:41 - [MESSAGE][PASSED] - Verify element property value successfully

2023-10-16 14:12:41 - [TEST_STEP][PASSED] - verifyElementPropertyValue(getResponse, "offers[10].groups[0].pricingPlans[0].pricingPlanData[0].visualElements[0].key", "title"): Verify element property value successfully

2023-10-16 14:12:41 - [MESSAGE][PASSED] - Verify element property value successfully

2023-10-16 14:12:41 - [TEST_STEP][PASSED] - verifyElementPropertyValue(getResponse, "offers[10].groups[0].pricingPlans[0].pricingPlanData[0].visualElements[0].value", "البطاقة المصرفية"): Verify element property value successfully

2023-10-16 14:12:41 - [MESSAGE][PASSED] - Verify element property value successfully

2023-10-16 14:12:41 - [TEST_STEP][PASSED] - verifyElementPropertyValue(getResponse, "offers[10].groups[0].pricingPlans[0].pricingPlanData[0].visualElements[1].key", "CTA_text"): Verify element property value successfully

2023-10-16 14:12:41 - [MESSAGE][PASSED] - Verify element property value successfully

2023-10-16 14:12:41 - [TEST_STEP][PASSED] - verifyElementPropertyValue(getResponse, "offers[10].groups[0].pricingPlans[0].pricingPlanData[0].visualElements[1].value", "اشترك"): Verify element property value successfully

2023-10-16 14:12:41 - [MESSAGE][PASSED] - Verify element property value successfully

2023-10-16 14:12:41 - [TEST_STEP][PASSED] - verifyElementPropertyValue(getResponse, "offers[10].groups[0].pricingPlans[0].pricingPlanData[0].visualElements[2].key", "logo"): Verify element property value successfully

2023-10-16 14:12:41 - [MESSAGE][PASSED] - Verify element property value successfully

2023-10-16 14:12:41 - [TEST_STEP][PASSED] - verifyElementPropertyValue(getResponse, "offers[10].groups[0].pricingPlans[0].pricingPlanData[0].visualElements[2].value", "https://static.s3.shahid.mbc.net/widget-images/icons/iconCreditCard.png"): Verify element property value successfully

2023-10-16 14:12:41 - [MESSAGE][PASSED] - Verify element property value successfully

2023-10-16 14:12:41 - [TEST_STEP][PASSED] - verifyElementPropertyValue(getResponse, "offers[11].offerId", "byg-50-offer"): Verify element property value successfully

2023-10-16 14:12:41 - [MESSAGE][PASSED] - Verify element property value successfully

2023-10-16 14:12:41 - [TEST_STEP][PASSED] - verifyElementPropertyValue(getResponse, "offers[11].offerParam", "bygoffer50"): Verify element property value successfully

2023-10-16 14:12:41 - [MESSAGE][PASSED] - Verify element property value successfully

2023-10-16 14:12:41 - [TEST_STEP][PASSED] - verifyElementPropertyValue(getResponse, "offers[11].groups[0].pricingPlans[0].featured", "true"): Verify element property value successfully

2023-10-16 14:12:41 - [MESSAGE][PASSED] - Verify element property value successfully

2023-10-16 14:12:41 - [TEST_STEP][PASSED] - verifyElementPropertyValue(getResponse, "offers[11].groups[0].pricingPlans[0].period", "monthly"): Verify element property value successfully

2023-10-16 14:12:41 - [MESSAGE][PASSED] - Verify element property value successfully

2023-10-16 14:12:41 - [TEST_STEP][PASSED] - verifyElementPropertyValue(getResponse, "offers[11].groups[0].pricingPlans[0].featured", "true"): Verify element property value successfully

2023-10-16 14:12:41 - [MESSAGE][PASSED] - Verify element property value successfully

2023-10-16 14:12:41 - [TEST_STEP][PASSED] - verifyElementPropertyValue(getResponse, "offers[11].groups[0].pricingPlans[0].price", "29.99"): Verify element property value successfully

2023-10-16 14:12:41 - [MESSAGE][PASSED] - Verify element property value successfully

2023-10-16 14:12:41 - [TEST_STEP][PASSED] - verifyElementPropertyValue(getResponse, "offers[11].groups[0].pricingPlans[0].currency", "EGP"): Verify element property value successfully

2023-10-16 14:12:41 - [MESSAGE][PASSED] - Verify element property value successfully

2023-10-16 14:12:41 - [TEST_STEP][PASSED] - verifyElementPropertyValue(getResponse, "offers[11].groups[0].pricingPlans[0].order", "0"): Verify element property value successfully

2023-10-16 14:12:41 - [MESSAGE][PASSED] - Verify element property value successfully

2023-10-16 14:12:41 - [TEST_STEP][PASSED] - verifyElementPropertyValue(getResponse, "offers[11].groups[0].pricingPlans[0].packageId", "SHAHID_VIP"): Verify element property value successfully

2023-10-16 14:12:41 - [MESSAGE][PASSED] - Verify element property value successfully

2023-10-16 14:12:41 - [TEST_STEP][PASSED] - verifyElementPropertyValue(getResponse, "offers[11].groups[0].pricingPlans[0].catalogId", "VIP"): Verify element property value successfully

2023-10-16 14:12:41 - [MESSAGE][PASSED] - Verify element property value successfully

2023-10-16 14:12:41 - [TEST_STEP][PASSED] - verifyElementPropertyValue(getResponse, "offers[11].groups[0].pricingPlans[0].visualElements[0].key", "Header_1_text"): Verify element property value successfully

2023-10-16 14:12:41 - [MESSAGE][PASSED] - Verify element property value successfully

2023-10-16 14:12:41 - [TEST_STEP][PASSED] - verifyElementPropertyValue(getResponse, "offers[11].groups[0].pricingPlans[0].visualElements[0].value", "شاهد أقوى المسلسلات و الأفلام حصرياً دون توقف"): Verify element property value successfully

2023-10-16 14:12:41 - [MESSAGE][PASSED] - Verify element property value successfully

2023-10-16 14:12:41 - [TEST_STEP][PASSED] - verifyElementPropertyValue(getResponse, "offers[11].groups[0].pricingPlans[0].visualElements[1].key", "display_title"): Verify element property value successfully

2023-10-16 14:12:41 - [MESSAGE][PASSED] - Verify element property value successfully

2023-10-16 14:12:41 - [TEST_STEP][PASSED] - verifyElementPropertyValue(getResponse, "offers[11].groups[0].pricingPlans[0].visualElements[1].value", "احصل على خصم 50%"): Verify element property value successfully

2023-10-16 14:12:42 - [MESSAGE][PASSED] - Verify element property value successfully

2023-10-16 14:12:42 - [TEST_STEP][PASSED] - verifyElementPropertyValue(getResponse, "offers[11].groups[0].pricingPlans[0].visualElements[3].key", "deduction_text"): Verify element property value successfully

2023-10-16 14:12:42 - [MESSAGE][PASSED] - Verify element property value successfully

2023-10-16 14:12:42 - [TEST_STEP][PASSED] - verifyElementPropertyValue(getResponse, "offers[11].groups[0].pricingPlans[0].visualElements[3].value", "تدفع شهرياً"): Verify element property value successfully

2023-10-16 14:12:42 - [MESSAGE][PASSED] - Verify element property value successfully

2023-10-16 14:12:42 - [TEST_STEP][PASSED] - verifyElementPropertyValue(getResponse, "offers[11].groups[0].pricingPlans[0].visualElements[6].key", "show_payment_logo"): Verify element property value successfully

2023-10-16 14:12:42 - [MESSAGE][PASSED] - Verify element property value successfully

2023-10-16 14:12:42 - [TEST_STEP][PASSED] - verifyElementPropertyValue(getResponse, "offers[11].groups[0].pricingPlans[0].visualElements[6].value", "true"): Verify element property value successfully

2023-10-16 14:12:42 - [MESSAGE][PASSED] - Verify element property value successfully

2023-10-16 14:12:42 - [TEST_STEP][PASSED] - verifyElementPropertyValue(getResponse, "offers[11].groups[0].pricingPlans[0].visualElements[8].key", "price"): Verify element property value successfully

2023-10-16 14:12:42 - [MESSAGE][PASSED] - Verify element property value successfully

2023-10-16 14:12:42 - [TEST_STEP][PASSED] - verifyElementPropertyValue(getResponse, "offers[11].groups[0].pricingPlans[0].visualElements[8].value", "29.99"): Verify element property value successfully

2023-10-16 14:12:42 - [MESSAGE][PASSED] - Verify element property value successfully

2023-10-16 14:12:42 - [TEST_STEP][PASSED] - verifyElementPropertyValue(getResponse, "offers[11].groups[0].pricingPlans[0].visualElements[9].key", "currency"): Verify element property value successfully

2023-10-16 14:12:42 - [MESSAGE][PASSED] - Verify element property value successfully

2023-10-16 14:12:42 - [TEST_STEP][PASSED] - verifyElementPropertyValue(getResponse, "offers[11].groups[0].pricingPlans[0].visualElements[9].value", "EGP"): Verify element property value successfully

2023-10-16 14:12:42 - [MESSAGE][PASSED] - Verify element property value successfully

2023-10-16 14:12:42 - [TEST_STEP][PASSED] - verifyElementPropertyValue(getResponse, "offers[11].groups[0].pricingPlans[0].visualElements[10].key", "duration"): Verify element property value successfully

2023-10-16 14:12:42 - [MESSAGE][PASSED] - Verify element property value successfully

2023-10-16 14:12:42 - [TEST_STEP][PASSED] - verifyElementPropertyValue(getResponse, "offers[11].groups[0].pricingPlans[0].visualElements[10].value", "شهرياً"): Verify element property value successfully

2023-10-16 14:12:42 - [MESSAGE][PASSED] - Verify element property value successfully

2023-10-16 14:12:42 - [TEST_STEP][PASSED] - verifyElementPropertyValue(getResponse, "offers[11].groups[0].pricingPlans[0].visualElements[11].key", "featured_tag_text"): Verify element property value successfully

2023-10-16 14:12:42 - [MESSAGE][PASSED] - Verify element property value successfully

2023-10-16 14:12:42 - [TEST_STEP][PASSED] - verifyElementPropertyValue(getResponse, "offers[11].groups[0].pricingPlans[0].visualElements[11].value", "عرض لمدة محدودة"): Verify element property value successfully

2023-10-16 14:12:42 - [MESSAGE][PASSED] - Verify element property value successfully

2023-10-16 14:12:42 - [TEST_STEP][PASSED] - verifyElementPropertyValue(getResponse, "offers[11].groups[0].pricingPlans[0].visualElements[13].key", "tag_text"): Verify element property value successfully

2023-10-16 14:12:42 - [MESSAGE][PASSED] - Verify element property value successfully

2023-10-16 14:12:42 - [TEST_STEP][PASSED] - verifyElementPropertyValue(getResponse, "offers[11].groups[0].pricingPlans[0].visualElements[13].value", "وفر 50%"): Verify element property value successfully

2023-10-16 14:12:42 - [MESSAGE][PASSED] - Verify element property value successfully

2023-10-16 14:12:42 - [TEST_STEP][PASSED] - verifyElementPropertyValue(getResponse, "offers[11].groups[0].pricingPlans[0].visualElements[12].key", "show_tag"): Verify element property value successfully

2023-10-16 14:12:42 - [MESSAGE][PASSED] - Verify element property value successfully

2023-10-16 14:12:42 - [TEST_STEP][PASSED] - verifyElementPropertyValue(getResponse, "offers[11].groups[0].pricingPlans[0].visualElements[12].value", "true"): Verify element property value successfully

2023-10-16 14:12:42 - [MESSAGE][PASSED] - Verify element property value successfully

2023-10-16 14:12:42 - [TEST_STEP][PASSED] - verifyElementPropertyValue(getResponse, "offers[11].groups[0].pricingPlans[0].pricingPlanData[0].productId", "EGY_B2C_SHAHID_VIP_1M"): Verify element property value successfully

2023-10-16 14:12:42 - [MESSAGE][PASSED] - Verify element property value successfully

2023-10-16 14:12:42 - [TEST_STEP][PASSED] - verifyElementPropertyValue(getResponse, "offers[11].groups[0].pricingPlans[0].pricingPlanData[0].paymentMethod", "CREDIT_CARD"): Verify element property value successfully

2023-10-16 14:12:42 - [MESSAGE][PASSED] - Verify element property value successfully

2023-10-16 14:12:42 - [TEST_STEP][PASSED] - verifyElementPropertyValue(getResponse, "offers[11].groups[0].pricingPlans[0].pricingPlanData[0].freeTrialEnabled", "false"): Verify element property value successfully

2023-10-16 14:12:42 - [MESSAGE][PASSED] - Verify element property value successfully

2023-10-16 14:12:42 - [TEST_STEP][PASSED] - verifyElementPropertyValue(getResponse, "offers[11].groups[0].pricingPlans[0].pricingPlanData[0].showIn[0]", "VERTICAL_MODE"): Verify element property value successfully

2023-10-16 14:12:42 - [MESSAGE][PASSED] - Verify element property value successfully

2023-10-16 14:12:42 - [TEST_STEP][PASSED] - verifyElementPropertyValue(getResponse, "offers[11].groups[0].pricingPlans[0].pricingPlanData[0].showIn[1]", "HORIZONTAL_MODE"): Verify element property value successfully

2023-10-16 14:12:42 - [MESSAGE][PASSED] - Verify element property value successfully

2023-10-16 14:12:42 - [TEST_STEP][PASSED] - verifyElementPropertyValue(getResponse, "offers[11].groups[0].pricingPlans[0].pricingPlanData[0].priceLabel", "29.99"): Verify element property value successfully

2023-10-16 14:12:42 - [MESSAGE][PASSED] - Verify element property value successfully

2023-10-16 14:12:42 - [TEST_STEP][PASSED] - verifyElementPropertyValue(getResponse, "offers[11].groups[0].pricingPlans[0].pricingPlanData[0].currencyLabel", "EGP"): Verify element property value successfully

2023-10-16 14:12:42 - [MESSAGE][PASSED] - Verify element property value successfully

2023-10-16 14:12:42 - [TEST_STEP][PASSED] - verifyElementPropertyValue(getResponse, "offers[11].groups[0].pricingPlans[0].pricingPlanData[0].dealId", "BYG_50P_EGY"): Verify element property value successfully

2023-10-16 14:12:42 - [MESSAGE][PASSED] - Verify element property value successfully

2023-10-16 14:12:42 - [TEST_STEP][PASSED] - verifyElementPropertyValue(getResponse, "offers[11].groups[0].pricingPlans[0].pricingPlanData[0].allowedForAcquisition", "true"): Verify element property value successfully

2023-10-16 14:12:42 - [MESSAGE][PASSED] - Verify element property value successfully

2023-10-16 14:12:42 - [TEST_STEP][PASSED] - verifyElementPropertyValue(getResponse, "offers[11].groups[0].pricingPlans[0].pricingPlanData[0].visualElements[0].key", "title"): Verify element property value successfully

2023-10-16 14:12:42 - [MESSAGE][PASSED] - Verify element property value successfully

2023-10-16 14:12:42 - [TEST_STEP][PASSED] - verifyElementPropertyValue(getResponse, "offers[11].groups[0].pricingPlans[0].pricingPlanData[0].visualElements[0].value", "البطاقة المصرفية"): Verify element property value successfully

2023-10-16 14:12:42 - [MESSAGE][PASSED] - Verify element property value successfully

2023-10-16 14:12:42 - [TEST_STEP][PASSED] - verifyElementPropertyValue(getResponse, "offers[11].groups[0].pricingPlans[0].pricingPlanData[0].visualElements[1].key", "CTA_text"): Verify element property value successfully

2023-10-16 14:12:42 - [MESSAGE][PASSED] - Verify element property value successfully

2023-10-16 14:12:42 - [TEST_STEP][PASSED] - verifyElementPropertyValue(getResponse, "offers[11].groups[0].pricingPlans[0].pricingPlanData[0].visualElements[1].value", "اشترك"): Verify element property value successfully

2023-10-16 14:12:42 - [MESSAGE][PASSED] - Verify element property value successfully

2023-10-16 14:12:42 - [TEST_STEP][PASSED] - verifyElementPropertyValue(getResponse, "offers[11].groups[0].pricingPlans[0].pricingPlanData[0].visualElements[2].key", "logo"): Verify element property value successfully

2023-10-16 14:12:42 - [MESSAGE][PASSED] - Verify element property value successfully

2023-10-16 14:12:42 - [TEST_STEP][PASSED] - verifyElementPropertyValue(getResponse, "offers[11].groups[0].pricingPlans[0].pricingPlanData[0].visualElements[2].value", "https://static.s3.shahid.mbc.net/widget-images/icons/iconCreditCard.png"): Verify element property value successfully

2023-10-16 14:12:42 - [MESSAGE][PASSED] - Verify element property value successfully]]></system-out>
         <system-err><![CDATA[]]></system-err>
      </testcase>
      <testcase name="Test Cases/WEB - CHROME/EGY PI/WEB_EN_getOffersForEGY_SPORT" time="3.991" classname="Test Cases/WEB - CHROME/EGY PI/WEB_EN_getOffersForEGY_SPORT" status="FAILED">
         <failure type="FAILED" message="Test Cases/WEB - CHROME/EGY PI/WEB_EN_getOffersForEGY_SPORT FAILED.
Reason:
com.kms.katalon.core.exception.StepFailedException: Expected element property value '30% Discount Offer' is not equal with actual property value '30% Discount Offer​'
	at com.kms.katalon.core.keyword.internal.KeywordMain.stepFailed(KeywordMain.groovy:39)
	at com.kms.katalon.core.webservice.keyword.builtin.VerifyElementPropertyValueKeyword$_verifyElementPropertyValue_closure1.doCall(VerifyElementPropertyValueKeyword.groovy:56)
	at com.kms.katalon.core.webservice.keyword.builtin.VerifyElementPropertyValueKeyword$_verifyElementPropertyValue_closure1.call(VerifyElementPropertyValueKeyword.groovy)
	at com.kms.katalon.core.keyword.internal.KeywordMain.runKeyword(KeywordMain.groovy:75)
	at com.kms.katalon.core.webservice.keyword.builtin.VerifyElementPropertyValueKeyword.verifyElementPropertyValue(VerifyElementPropertyValueKeyword.groovy:48)
	at com.kms.katalon.core.webservice.keyword.builtin.VerifyElementPropertyValueKeyword.execute(VerifyElementPropertyValueKeyword.groovy:43)
	at com.kms.katalon.core.keyword.internal.KeywordExecutor.executeKeywordForPlatform(KeywordExecutor.groovy:74)
	at com.kms.katalon.core.webservice.keyword.WSBuiltInKeywords.verifyElementPropertyValue(WSBuiltInKeywords.groovy:190)
	at com.kms.katalon.core.webservice.keyword.WSBuiltInKeywords$verifyElementPropertyValue$1.call(Unknown Source)
	at WEB_EN_getOffersForEGY_SPORT.run(WEB_EN_getOffersForEGY_SPORT:44)
	at com.kms.katalon.core.main.ScriptEngine.run(ScriptEngine.java:194)
	at com.kms.katalon.core.main.ScriptEngine.runScriptAsRawText(ScriptEngine.java:119)
	at com.kms.katalon.core.main.TestCaseExecutor.runScript(TestCaseExecutor.java:448)
	at com.kms.katalon.core.main.TestCaseExecutor.doExecute(TestCaseExecutor.java:439)
	at com.kms.katalon.core.main.TestCaseExecutor.processExecutionPhase(TestCaseExecutor.java:418)
	at com.kms.katalon.core.main.TestCaseExecutor.accessMainPhase(TestCaseExecutor.java:410)
	at com.kms.katalon.core.main.TestCaseExecutor.execute(TestCaseExecutor.java:285)
	at com.kms.katalon.core.common.CommonExecutor.accessTestCaseMainPhase(CommonExecutor.java:65)
	at com.kms.katalon.core.main.TestSuiteExecutor.accessTestSuiteMainPhase(TestSuiteExecutor.java:148)
	at com.kms.katalon.core.main.TestSuiteExecutor.execute(TestSuiteExecutor.java:106)
	at com.kms.katalon.core.main.TestCaseMain.startTestSuite(TestCaseMain.java:187)
	at com.kms.katalon.core.main.TestCaseMain$startTestSuite$0.call(Unknown Source)
	at TempTestSuite1697454205358.run(TempTestSuite1697454205358.groovy:36)
"/>
         <system-out><![CDATA[2023-10-16 14:12:42 - [TEST_CASE][FAILED] - Test Cases/WEB - CHROME/EGY PI/WEB_EN_getOffersForEGY_SPORT: Test Cases/WEB - CHROME/EGY PI/WEB_EN_getOffersForEGY_SPORT FAILED.
Reason:
com.kms.katalon.core.exception.StepFailedException: Expected element property value '30% Discount Offer' is not equal with actual property value '30% Discount Offer​'
	at com.kms.katalon.core.keyword.internal.KeywordMain.stepFailed(KeywordMain.groovy:39)
	at com.kms.katalon.core.webservice.keyword.builtin.VerifyElementPropertyValueKeyword$_verifyElementPropertyValue_closure1.doCall(VerifyElementPropertyValueKeyword.groovy:56)
	at com.kms.katalon.core.webservice.keyword.builtin.VerifyElementPropertyValueKeyword$_verifyElementPropertyValue_closure1.call(VerifyElementPropertyValueKeyword.groovy)
	at com.kms.katalon.core.keyword.internal.KeywordMain.runKeyword(KeywordMain.groovy:75)
	at com.kms.katalon.core.webservice.keyword.builtin.VerifyElementPropertyValueKeyword.verifyElementPropertyValue(VerifyElementPropertyValueKeyword.groovy:48)
	at com.kms.katalon.core.webservice.keyword.builtin.VerifyElementPropertyValueKeyword.execute(VerifyElementPropertyValueKeyword.groovy:43)
	at com.kms.katalon.core.keyword.internal.KeywordExecutor.executeKeywordForPlatform(KeywordExecutor.groovy:74)
	at com.kms.katalon.core.webservice.keyword.WSBuiltInKeywords.verifyElementPropertyValue(WSBuiltInKeywords.groovy:190)
	at com.kms.katalon.core.webservice.keyword.WSBuiltInKeywords$verifyElementPropertyValue$1.call(Unknown Source)
	at WEB_EN_getOffersForEGY_SPORT.run(WEB_EN_getOffersForEGY_SPORT:44)
	at com.kms.katalon.core.main.ScriptEngine.run(ScriptEngine.java:194)
	at com.kms.katalon.core.main.ScriptEngine.runScriptAsRawText(ScriptEngine.java:119)
	at com.kms.katalon.core.main.TestCaseExecutor.runScript(TestCaseExecutor.java:448)
	at com.kms.katalon.core.main.TestCaseExecutor.doExecute(TestCaseExecutor.java:439)
	at com.kms.katalon.core.main.TestCaseExecutor.processExecutionPhase(TestCaseExecutor.java:418)
	at com.kms.katalon.core.main.TestCaseExecutor.accessMainPhase(TestCaseExecutor.java:410)
	at com.kms.katalon.core.main.TestCaseExecutor.execute(TestCaseExecutor.java:285)
	at com.kms.katalon.core.common.CommonExecutor.accessTestCaseMainPhase(CommonExecutor.java:65)
	at com.kms.katalon.core.main.TestSuiteExecutor.accessTestSuiteMainPhase(TestSuiteExecutor.java:148)
	at com.kms.katalon.core.main.TestSuiteExecutor.execute(TestSuiteExecutor.java:106)
	at com.kms.katalon.core.main.TestCaseMain.startTestSuite(TestCaseMain.java:187)
	at com.kms.katalon.core.main.TestCaseMain$startTestSuite$0.call(Unknown Source)
	at TempTestSuite1697454205358.run(TempTestSuite1697454205358.groovy:36)


2023-10-16 14:12:42 - [TEST_STEP][PASSED] - getResponse = config_files.getConfigFile.getConfig("WEB", "EN", "SHAHID_VIP_SPORT", "EG", "false"): config_files.getConfigFile.getConfig is PASSED

2023-10-16 14:12:43 - [MESSAGE][INFO] - HAR: /Users/admin/git/shahid-configuration/Reports/20231016_140310/WEB/EGY/20231016_140325/requests/main/6.har

2023-10-16 14:12:43 - [MESSAGE][PASSED] - Send request successfully

2023-10-16 14:12:43 - [MESSAGE][PASSED] - config_files.getConfigFile.getConfig is PASSED

2023-10-16 14:12:43 - [TEST_STEP][PASSED] - verifyResponseStatusCode(getResponse, 200): Verify response status code successfully

2023-10-16 14:12:43 - [MESSAGE][PASSED] - Verify response status code successfully

2023-10-16 14:12:43 - [TEST_STEP][PASSED] - verifyElementPropertyValue(getResponse, "country", "EGY"): Verify element property value successfully

2023-10-16 14:12:43 - [MESSAGE][PASSED] - Verify element property value successfully

2023-10-16 14:12:43 - [TEST_STEP][PASSED] - verifyElementPropertyValue(getResponse, "platform", "[WEB]"): Verify element property value successfully

2023-10-16 14:12:43 - [MESSAGE][PASSED] - Verify element property value successfully

2023-10-16 14:12:43 - [TEST_STEP][PASSED] - verifyElementPropertyValue(getResponse, "offers[6].offerId", "winback-sport-30-offer"): Verify element property value successfully

2023-10-16 14:12:43 - [MESSAGE][PASSED] - Verify element property value successfully

2023-10-16 14:12:43 - [TEST_STEP][PASSED] - verifyElementPropertyValue(getResponse, "offers[6].offerParam", "sportsoffer30"): Verify element property value successfully

2023-10-16 14:12:43 - [MESSAGE][PASSED] - Verify element property value successfully

2023-10-16 14:12:43 - [TEST_STEP][PASSED] - verifyElementPropertyValue(getResponse, "offers[6].groups[0].pricingPlans[0].featured", "true"): Verify element property value successfully

2023-10-16 14:12:43 - [MESSAGE][PASSED] - Verify element property value successfully

2023-10-16 14:12:43 - [TEST_STEP][PASSED] - verifyElementPropertyValue(getResponse, "offers[6].groups[0].pricingPlans[0].period", "monthly"): Verify element property value successfully

2023-10-16 14:12:43 - [MESSAGE][PASSED] - Verify element property value successfully

2023-10-16 14:12:43 - [TEST_STEP][PASSED] - verifyElementPropertyValue(getResponse, "offers[6].groups[0].pricingPlans[0].featured", "true"): Verify element property value successfully

2023-10-16 14:12:43 - [MESSAGE][PASSED] - Verify element property value successfully

2023-10-16 14:12:43 - [TEST_STEP][PASSED] - verifyElementPropertyValue(getResponse, "offers[6].groups[0].pricingPlans[0].price", "76.99"): Verify element property value successfully

2023-10-16 14:12:43 - [MESSAGE][PASSED] - Verify element property value successfully

2023-10-16 14:12:43 - [TEST_STEP][PASSED] - verifyElementPropertyValue(getResponse, "offers[6].groups[0].pricingPlans[0].currency", "EGP"): Verify element property value successfully

2023-10-16 14:12:43 - [MESSAGE][PASSED] - Verify element property value successfully

2023-10-16 14:12:43 - [TEST_STEP][PASSED] - verifyElementPropertyValue(getResponse, "offers[6].groups[0].pricingPlans[0].order", "0"): Verify element property value successfully

2023-10-16 14:12:43 - [MESSAGE][PASSED] - Verify element property value successfully

2023-10-16 14:12:43 - [TEST_STEP][PASSED] - verifyElementPropertyValue(getResponse, "offers[6].groups[0].pricingPlans[0].packageId", "SHAHID_VIP_SPORT"): Verify element property value successfully

2023-10-16 14:12:43 - [MESSAGE][PASSED] - Verify element property value successfully

2023-10-16 14:12:43 - [TEST_STEP][PASSED] - verifyElementPropertyValue(getResponse, "offers[6].groups[0].pricingPlans[0].catalogId", "SPORT"): Verify element property value successfully

2023-10-16 14:12:43 - [MESSAGE][PASSED] - Verify element property value successfully

2023-10-16 14:12:43 - [TEST_STEP][PASSED] - verifyElementPropertyValue(getResponse, "offers[6].groups[0].pricingPlans[0].visualElements[0].key", "Header_1_text"): Verify element property value successfully

2023-10-16 14:12:43 - [MESSAGE][PASSED] - Verify element property value successfully

2023-10-16 14:12:43 - [TEST_STEP][PASSED] - verifyElementPropertyValue(getResponse, "offers[6].groups[0].pricingPlans[0].visualElements[0].value", "Watch the most powerful series and movies exclusively without stopping"): Verify element property value successfully

2023-10-16 14:12:43 - [MESSAGE][PASSED] - Verify element property value successfully

2023-10-16 14:12:43 - [TEST_STEP][PASSED] - verifyElementPropertyValue(getResponse, "offers[6].groups[0].pricingPlans[0].visualElements[1].key", "display_title"): Verify element property value successfully

2023-10-16 14:12:43 - [MESSAGE][PASSED] - Verify element property value successfully

2023-10-16 14:12:43 - [TEST_STEP][FAILED] - verifyElementPropertyValue(getResponse, "offers[6].groups[0].pricingPlans[0].visualElements[1].value", "30% Discount Offer"): Expected element property value '30% Discount Offer' is not equal with actual property value '30% Discount Offer​'

2023-10-16 14:12:43 - [MESSAGE][FAILED] - Expected element property value '30% Discount Offer' is not equal with actual property value '30% Discount Offer​'

2023-10-16 14:12:43 - [TEST_STEP][PASSED] - verifyElementPropertyValue(getResponse, "offers[6].groups[0].pricingPlans[0].visualElements[3].key", "deduction_text"): Verify element property value successfully

2023-10-16 14:12:43 - [MESSAGE][PASSED] - Verify element property value successfully

2023-10-16 14:12:43 - [TEST_STEP][PASSED] - verifyElementPropertyValue(getResponse, "offers[6].groups[0].pricingPlans[0].visualElements[3].value", "billed every month"): Verify element property value successfully

2023-10-16 14:12:43 - [MESSAGE][PASSED] - Verify element property value successfully

2023-10-16 14:12:43 - [TEST_STEP][PASSED] - verifyElementPropertyValue(getResponse, "offers[6].groups[0].pricingPlans[0].visualElements[6].key", "show_payment_logo"): Verify element property value successfully

2023-10-16 14:12:43 - [MESSAGE][PASSED] - Verify element property value successfully

2023-10-16 14:12:43 - [TEST_STEP][PASSED] - verifyElementPropertyValue(getResponse, "offers[6].groups[0].pricingPlans[0].visualElements[6].value", "true"): Verify element property value successfully

2023-10-16 14:12:43 - [MESSAGE][PASSED] - Verify element property value successfully

2023-10-16 14:12:43 - [TEST_STEP][PASSED] - verifyElementPropertyValue(getResponse, "offers[6].groups[0].pricingPlans[0].visualElements[8].key", "price"): Verify element property value successfully

2023-10-16 14:12:43 - [MESSAGE][PASSED] - Verify element property value successfully

2023-10-16 14:12:43 - [TEST_STEP][PASSED] - verifyElementPropertyValue(getResponse, "offers[6].groups[0].pricingPlans[0].visualElements[8].value", "76.99"): Verify element property value successfully

2023-10-16 14:12:43 - [MESSAGE][PASSED] - Verify element property value successfully

2023-10-16 14:12:43 - [TEST_STEP][PASSED] - verifyElementPropertyValue(getResponse, "offers[6].groups[0].pricingPlans[0].visualElements[9].key", "currency"): Verify element property value successfully

2023-10-16 14:12:43 - [MESSAGE][PASSED] - Verify element property value successfully

2023-10-16 14:12:43 - [TEST_STEP][PASSED] - verifyElementPropertyValue(getResponse, "offers[6].groups[0].pricingPlans[0].visualElements[9].value", "EGP"): Verify element property value successfully

2023-10-16 14:12:43 - [MESSAGE][PASSED] - Verify element property value successfully

2023-10-16 14:12:43 - [TEST_STEP][PASSED] - verifyElementPropertyValue(getResponse, "offers[6].groups[0].pricingPlans[0].visualElements[10].key", "duration"): Verify element property value successfully

2023-10-16 14:12:43 - [MESSAGE][PASSED] - Verify element property value successfully

2023-10-16 14:12:43 - [TEST_STEP][PASSED] - verifyElementPropertyValue(getResponse, "offers[6].groups[0].pricingPlans[0].visualElements[10].value", "Monthly"): Verify element property value successfully

2023-10-16 14:12:43 - [MESSAGE][PASSED] - Verify element property value successfully

2023-10-16 14:12:43 - [TEST_STEP][PASSED] - verifyElementPropertyValue(getResponse, "offers[6].groups[0].pricingPlans[0].visualElements[11].key", "featured_tag_text"): Verify element property value successfully

2023-10-16 14:12:43 - [MESSAGE][PASSED] - Verify element property value successfully

2023-10-16 14:12:43 - [TEST_STEP][PASSED] - verifyElementPropertyValue(getResponse, "offers[6].groups[0].pricingPlans[0].visualElements[11].value", "Limited Time Offer"): Verify element property value successfully

2023-10-16 14:12:43 - [MESSAGE][PASSED] - Verify element property value successfully

2023-10-16 14:12:43 - [TEST_STEP][PASSED] - verifyElementPropertyValue(getResponse, "offers[6].groups[0].pricingPlans[0].visualElements[12].key", "show_tag"): Verify element property value successfully

2023-10-16 14:12:43 - [MESSAGE][PASSED] - Verify element property value successfully

2023-10-16 14:12:43 - [TEST_STEP][PASSED] - verifyElementPropertyValue(getResponse, "offers[6].groups[0].pricingPlans[0].visualElements[12].value", "true"): Verify element property value successfully

2023-10-16 14:12:43 - [MESSAGE][PASSED] - Verify element property value successfully

2023-10-16 14:12:43 - [TEST_STEP][PASSED] - verifyElementPropertyValue(getResponse, "offers[6].groups[0].pricingPlans[0].visualElements[13].key", "tag_text"): Verify element property value successfully

2023-10-16 14:12:43 - [MESSAGE][PASSED] - Verify element property value successfully

2023-10-16 14:12:43 - [TEST_STEP][PASSED] - verifyElementPropertyValue(getResponse, "offers[6].groups[0].pricingPlans[0].visualElements[13].value", "Save 30%"): Verify element property value successfully

2023-10-16 14:12:43 - [MESSAGE][PASSED] - Verify element property value successfully

2023-10-16 14:12:43 - [TEST_STEP][PASSED] - verifyElementPropertyValue(getResponse, "offers[6].groups[0].pricingPlans[0].pricingPlanData[0].productId", "EGY_B2C_SHAHID_VIP_SPORT_1M"): Verify element property value successfully

2023-10-16 14:12:43 - [MESSAGE][PASSED] - Verify element property value successfully

2023-10-16 14:12:43 - [TEST_STEP][PASSED] - verifyElementPropertyValue(getResponse, "offers[6].groups[0].pricingPlans[0].pricingPlanData[0].paymentMethod", "CREDIT_CARD"): Verify element property value successfully

2023-10-16 14:12:43 - [MESSAGE][PASSED] - Verify element property value successfully

2023-10-16 14:12:43 - [TEST_STEP][PASSED] - verifyElementPropertyValue(getResponse, "offers[6].groups[0].pricingPlans[0].pricingPlanData[0].freeTrialEnabled", "false"): Verify element property value successfully

2023-10-16 14:12:43 - [MESSAGE][PASSED] - Verify element property value successfully

2023-10-16 14:12:43 - [TEST_STEP][PASSED] - verifyElementPropertyValue(getResponse, "offers[6].groups[0].pricingPlans[0].pricingPlanData[0].showIn[0]", "VERTICAL_MODE"): Verify element property value successfully

2023-10-16 14:12:43 - [MESSAGE][PASSED] - Verify element property value successfully

2023-10-16 14:12:43 - [TEST_STEP][PASSED] - verifyElementPropertyValue(getResponse, "offers[6].groups[0].pricingPlans[0].pricingPlanData[0].showIn[1]", "HORIZONTAL_MODE"): Verify element property value successfully

2023-10-16 14:12:43 - [MESSAGE][PASSED] - Verify element property value successfully

2023-10-16 14:12:43 - [TEST_STEP][PASSED] - verifyElementPropertyValue(getResponse, "offers[6].groups[0].pricingPlans[0].pricingPlanData[0].priceLabel", "76.99"): Verify element property value successfully

2023-10-16 14:12:43 - [MESSAGE][PASSED] - Verify element property value successfully

2023-10-16 14:12:43 - [TEST_STEP][PASSED] - verifyElementPropertyValue(getResponse, "offers[6].groups[0].pricingPlans[0].pricingPlanData[0].currencyLabel", "EGP"): Verify element property value successfully

2023-10-16 14:12:43 - [MESSAGE][PASSED] - Verify element property value successfully

2023-10-16 14:12:43 - [TEST_STEP][PASSED] - verifyElementPropertyValue(getResponse, "offers[6].groups[0].pricingPlans[0].pricingPlanData[0].dealId", "WB_SPORT_30P_EGY"): Verify element property value successfully

2023-10-16 14:12:43 - [MESSAGE][PASSED] - Verify element property value successfully

2023-10-16 14:12:43 - [TEST_STEP][PASSED] - verifyElementPropertyValue(getResponse, "offers[6].groups[0].pricingPlans[0].pricingPlanData[0].allowedForAcquisition", "true"): Verify element property value successfully

2023-10-16 14:12:43 - [MESSAGE][PASSED] - Verify element property value successfully

2023-10-16 14:12:43 - [TEST_STEP][PASSED] - verifyElementPropertyValue(getResponse, "offers[6].groups[0].pricingPlans[0].pricingPlanData[0].visualElements[0].key", "title"): Verify element property value successfully

2023-10-16 14:12:43 - [MESSAGE][PASSED] - Verify element property value successfully

2023-10-16 14:12:43 - [TEST_STEP][PASSED] - verifyElementPropertyValue(getResponse, "offers[6].groups[0].pricingPlans[0].pricingPlanData[0].visualElements[0].value", "Credit/Debit Card"): Verify element property value successfully

2023-10-16 14:12:43 - [MESSAGE][PASSED] - Verify element property value successfully

2023-10-16 14:12:43 - [TEST_STEP][PASSED] - verifyElementPropertyValue(getResponse, "offers[6].groups[0].pricingPlans[0].pricingPlanData[0].visualElements[1].key", "CTA_text"): Verify element property value successfully

2023-10-16 14:12:43 - [MESSAGE][PASSED] - Verify element property value successfully

2023-10-16 14:12:43 - [TEST_STEP][PASSED] - verifyElementPropertyValue(getResponse, "offers[6].groups[0].pricingPlans[0].pricingPlanData[0].visualElements[1].value", "Subscribe"): Verify element property value successfully

2023-10-16 14:12:43 - [MESSAGE][PASSED] - Verify element property value successfully

2023-10-16 14:12:43 - [TEST_STEP][PASSED] - verifyElementPropertyValue(getResponse, "offers[6].groups[0].pricingPlans[0].pricingPlanData[0].visualElements[2].key", "logo"): Verify element property value successfully

2023-10-16 14:12:43 - [MESSAGE][PASSED] - Verify element property value successfully

2023-10-16 14:12:43 - [TEST_STEP][PASSED] - verifyElementPropertyValue(getResponse, "offers[6].groups[0].pricingPlans[0].pricingPlanData[0].visualElements[2].value", "https://static.s3.shahid.mbc.net/widget-images/icons/iconCreditCard.png"): Verify element property value successfully

2023-10-16 14:12:43 - [MESSAGE][PASSED] - Verify element property value successfully

2023-10-16 14:12:43 - [TEST_STEP][PASSED] - verifyElementPropertyValue(getResponse, "offers[7].offerId", "winback-sport-40-offer"): Verify element property value successfully

2023-10-16 14:12:43 - [MESSAGE][PASSED] - Verify element property value successfully

2023-10-16 14:12:43 - [TEST_STEP][PASSED] - verifyElementPropertyValue(getResponse, "offers[7].offerParam", "sportsoffer40"): Verify element property value successfully

2023-10-16 14:12:43 - [MESSAGE][PASSED] - Verify element property value successfully

2023-10-16 14:12:43 - [TEST_STEP][PASSED] - verifyElementPropertyValue(getResponse, "offers[7].groups[0].pricingPlans[0].featured", "true"): Verify element property value successfully

2023-10-16 14:12:43 - [MESSAGE][PASSED] - Verify element property value successfully

2023-10-16 14:12:43 - [TEST_STEP][PASSED] - verifyElementPropertyValue(getResponse, "offers[7].groups[0].pricingPlans[0].period", "monthly"): Verify element property value successfully

2023-10-16 14:12:43 - [MESSAGE][PASSED] - Verify element property value successfully

2023-10-16 14:12:43 - [TEST_STEP][PASSED] - verifyElementPropertyValue(getResponse, "offers[7].groups[0].pricingPlans[0].featured", "true"): Verify element property value successfully

2023-10-16 14:12:43 - [MESSAGE][PASSED] - Verify element property value successfully

2023-10-16 14:12:43 - [TEST_STEP][PASSED] - verifyElementPropertyValue(getResponse, "offers[7].groups[0].pricingPlans[0].price", "65.99"): Verify element property value successfully

2023-10-16 14:12:43 - [MESSAGE][PASSED] - Verify element property value successfully

2023-10-16 14:12:43 - [TEST_STEP][PASSED] - verifyElementPropertyValue(getResponse, "offers[7].groups[0].pricingPlans[0].currency", "EGP"): Verify element property value successfully

2023-10-16 14:12:43 - [MESSAGE][PASSED] - Verify element property value successfully

2023-10-16 14:12:43 - [TEST_STEP][PASSED] - verifyElementPropertyValue(getResponse, "offers[7].groups[0].pricingPlans[0].order", "0"): Verify element property value successfully

2023-10-16 14:12:43 - [MESSAGE][PASSED] - Verify element property value successfully

2023-10-16 14:12:43 - [TEST_STEP][PASSED] - verifyElementPropertyValue(getResponse, "offers[7].groups[0].pricingPlans[0].packageId", "SHAHID_VIP_SPORT"): Verify element property value successfully

2023-10-16 14:12:43 - [MESSAGE][PASSED] - Verify element property value successfully

2023-10-16 14:12:43 - [TEST_STEP][PASSED] - verifyElementPropertyValue(getResponse, "offers[7].groups[0].pricingPlans[0].catalogId", "SPORT"): Verify element property value successfully

2023-10-16 14:12:43 - [MESSAGE][PASSED] - Verify element property value successfully

2023-10-16 14:12:43 - [TEST_STEP][PASSED] - verifyElementPropertyValue(getResponse, "offers[7].groups[0].pricingPlans[0].visualElements[0].key", "Header_1_text"): Verify element property value successfully

2023-10-16 14:12:43 - [MESSAGE][PASSED] - Verify element property value successfully

2023-10-16 14:12:43 - [TEST_STEP][PASSED] - verifyElementPropertyValue(getResponse, "offers[7].groups[0].pricingPlans[0].visualElements[0].value", "Watch the most powerful series and movies exclusively without stopping"): Verify element property value successfully

2023-10-16 14:12:43 - [MESSAGE][PASSED] - Verify element property value successfully

2023-10-16 14:12:43 - [TEST_STEP][PASSED] - verifyElementPropertyValue(getResponse, "offers[7].groups[0].pricingPlans[0].visualElements[1].key", "display_title"): Verify element property value successfully

2023-10-16 14:12:43 - [MESSAGE][PASSED] - Verify element property value successfully

2023-10-16 14:12:43 - [TEST_STEP][FAILED] - verifyElementPropertyValue(getResponse, "offers[7].groups[0].pricingPlans[0].visualElements[1].value", "40% Discount Offer"): Expected element property value '40% Discount Offer' is not equal with actual property value '40% Discount Offer​'

2023-10-16 14:12:43 - [MESSAGE][FAILED] - Expected element property value '40% Discount Offer' is not equal with actual property value '40% Discount Offer​'

2023-10-16 14:12:43 - [TEST_STEP][PASSED] - verifyElementPropertyValue(getResponse, "offers[7].groups[0].pricingPlans[0].visualElements[3].key", "deduction_text"): Verify element property value successfully

2023-10-16 14:12:43 - [MESSAGE][PASSED] - Verify element property value successfully

2023-10-16 14:12:43 - [TEST_STEP][PASSED] - verifyElementPropertyValue(getResponse, "offers[7].groups[0].pricingPlans[0].visualElements[3].value", "billed every month"): Verify element property value successfully

2023-10-16 14:12:43 - [MESSAGE][PASSED] - Verify element property value successfully

2023-10-16 14:12:43 - [TEST_STEP][PASSED] - verifyElementPropertyValue(getResponse, "offers[7].groups[0].pricingPlans[0].visualElements[6].key", "show_payment_logo"): Verify element property value successfully

2023-10-16 14:12:43 - [MESSAGE][PASSED] - Verify element property value successfully

2023-10-16 14:12:43 - [TEST_STEP][PASSED] - verifyElementPropertyValue(getResponse, "offers[7].groups[0].pricingPlans[0].visualElements[6].value", "true"): Verify element property value successfully

2023-10-16 14:12:43 - [MESSAGE][PASSED] - Verify element property value successfully

2023-10-16 14:12:43 - [TEST_STEP][PASSED] - verifyElementPropertyValue(getResponse, "offers[7].groups[0].pricingPlans[0].visualElements[8].key", "price"): Verify element property value successfully

2023-10-16 14:12:43 - [MESSAGE][PASSED] - Verify element property value successfully

2023-10-16 14:12:43 - [TEST_STEP][PASSED] - verifyElementPropertyValue(getResponse, "offers[7].groups[0].pricingPlans[0].visualElements[8].value", "65.99"): Verify element property value successfully

2023-10-16 14:12:43 - [MESSAGE][PASSED] - Verify element property value successfully

2023-10-16 14:12:43 - [TEST_STEP][PASSED] - verifyElementPropertyValue(getResponse, "offers[7].groups[0].pricingPlans[0].visualElements[9].key", "currency"): Verify element property value successfully

2023-10-16 14:12:43 - [MESSAGE][PASSED] - Verify element property value successfully

2023-10-16 14:12:43 - [TEST_STEP][PASSED] - verifyElementPropertyValue(getResponse, "offers[7].groups[0].pricingPlans[0].visualElements[9].value", "EGP"): Verify element property value successfully

2023-10-16 14:12:43 - [MESSAGE][PASSED] - Verify element property value successfully

2023-10-16 14:12:43 - [TEST_STEP][PASSED] - verifyElementPropertyValue(getResponse, "offers[7].groups[0].pricingPlans[0].visualElements[10].key", "duration"): Verify element property value successfully

2023-10-16 14:12:43 - [MESSAGE][PASSED] - Verify element property value successfully

2023-10-16 14:12:43 - [TEST_STEP][PASSED] - verifyElementPropertyValue(getResponse, "offers[7].groups[0].pricingPlans[0].visualElements[10].value", "Monthly"): Verify element property value successfully

2023-10-16 14:12:43 - [MESSAGE][PASSED] - Verify element property value successfully

2023-10-16 14:12:43 - [TEST_STEP][PASSED] - verifyElementPropertyValue(getResponse, "offers[7].groups[0].pricingPlans[0].visualElements[11].key", "featured_tag_text"): Verify element property value successfully

2023-10-16 14:12:43 - [MESSAGE][PASSED] - Verify element property value successfully

2023-10-16 14:12:43 - [TEST_STEP][PASSED] - verifyElementPropertyValue(getResponse, "offers[7].groups[0].pricingPlans[0].visualElements[11].value", "Limited Time Offer"): Verify element property value successfully

2023-10-16 14:12:43 - [MESSAGE][PASSED] - Verify element property value successfully

2023-10-16 14:12:43 - [TEST_STEP][PASSED] - verifyElementPropertyValue(getResponse, "offers[7].groups[0].pricingPlans[0].visualElements[13].key", "tag_text"): Verify element property value successfully

2023-10-16 14:12:43 - [MESSAGE][PASSED] - Verify element property value successfully

2023-10-16 14:12:43 - [TEST_STEP][PASSED] - verifyElementPropertyValue(getResponse, "offers[7].groups[0].pricingPlans[0].visualElements[13].value", "Save 40%"): Verify element property value successfully

2023-10-16 14:12:43 - [MESSAGE][PASSED] - Verify element property value successfully

2023-10-16 14:12:43 - [TEST_STEP][PASSED] - verifyElementPropertyValue(getResponse, "offers[7].groups[0].pricingPlans[0].visualElements[12].key", "show_tag"): Verify element property value successfully

2023-10-16 14:12:43 - [MESSAGE][PASSED] - Verify element property value successfully

2023-10-16 14:12:43 - [TEST_STEP][PASSED] - verifyElementPropertyValue(getResponse, "offers[7].groups[0].pricingPlans[0].visualElements[12].value", "true"): Verify element property value successfully

2023-10-16 14:12:43 - [MESSAGE][PASSED] - Verify element property value successfully

2023-10-16 14:12:43 - [TEST_STEP][PASSED] - verifyElementPropertyValue(getResponse, "offers[7].groups[0].pricingPlans[0].pricingPlanData[0].productId", "EGY_B2C_SHAHID_VIP_SPORT_1M"): Verify element property value successfully

2023-10-16 14:12:43 - [MESSAGE][PASSED] - Verify element property value successfully

2023-10-16 14:12:43 - [TEST_STEP][PASSED] - verifyElementPropertyValue(getResponse, "offers[7].groups[0].pricingPlans[0].pricingPlanData[0].paymentMethod", "CREDIT_CARD"): Verify element property value successfully

2023-10-16 14:12:43 - [MESSAGE][PASSED] - Verify element property value successfully

2023-10-16 14:12:43 - [TEST_STEP][PASSED] - verifyElementPropertyValue(getResponse, "offers[7].groups[0].pricingPlans[0].pricingPlanData[0].freeTrialEnabled", "false"): Verify element property value successfully

2023-10-16 14:12:43 - [MESSAGE][PASSED] - Verify element property value successfully

2023-10-16 14:12:43 - [TEST_STEP][PASSED] - verifyElementPropertyValue(getResponse, "offers[7].groups[0].pricingPlans[0].pricingPlanData[0].showIn[0]", "VERTICAL_MODE"): Verify element property value successfully

2023-10-16 14:12:43 - [MESSAGE][PASSED] - Verify element property value successfully

2023-10-16 14:12:43 - [TEST_STEP][PASSED] - verifyElementPropertyValue(getResponse, "offers[7].groups[0].pricingPlans[0].pricingPlanData[0].showIn[1]", "HORIZONTAL_MODE"): Verify element property value successfully

2023-10-16 14:12:43 - [MESSAGE][PASSED] - Verify element property value successfully

2023-10-16 14:12:43 - [TEST_STEP][PASSED] - verifyElementPropertyValue(getResponse, "offers[7].groups[0].pricingPlans[0].pricingPlanData[0].priceLabel", "65.99"): Verify element property value successfully

2023-10-16 14:12:44 - [MESSAGE][PASSED] - Verify element property value successfully

2023-10-16 14:12:44 - [TEST_STEP][PASSED] - verifyElementPropertyValue(getResponse, "offers[7].groups[0].pricingPlans[0].pricingPlanData[0].currencyLabel", "EGP"): Verify element property value successfully

2023-10-16 14:12:44 - [MESSAGE][PASSED] - Verify element property value successfully

2023-10-16 14:12:44 - [TEST_STEP][PASSED] - verifyElementPropertyValue(getResponse, "offers[7].groups[0].pricingPlans[0].pricingPlanData[0].dealId", "WB_SPORT_40P_EGY"): Verify element property value successfully

2023-10-16 14:12:44 - [MESSAGE][PASSED] - Verify element property value successfully

2023-10-16 14:12:44 - [TEST_STEP][PASSED] - verifyElementPropertyValue(getResponse, "offers[7].groups[0].pricingPlans[0].pricingPlanData[0].allowedForAcquisition", "true"): Verify element property value successfully

2023-10-16 14:12:44 - [MESSAGE][PASSED] - Verify element property value successfully

2023-10-16 14:12:44 - [TEST_STEP][PASSED] - verifyElementPropertyValue(getResponse, "offers[7].groups[0].pricingPlans[0].pricingPlanData[0].visualElements[0].key", "title"): Verify element property value successfully

2023-10-16 14:12:44 - [MESSAGE][PASSED] - Verify element property value successfully

2023-10-16 14:12:44 - [TEST_STEP][PASSED] - verifyElementPropertyValue(getResponse, "offers[7].groups[0].pricingPlans[0].pricingPlanData[0].visualElements[0].value", "Credit/Debit Card"): Verify element property value successfully

2023-10-16 14:12:44 - [MESSAGE][PASSED] - Verify element property value successfully

2023-10-16 14:12:44 - [TEST_STEP][PASSED] - verifyElementPropertyValue(getResponse, "offers[7].groups[0].pricingPlans[0].pricingPlanData[0].visualElements[1].key", "CTA_text"): Verify element property value successfully

2023-10-16 14:12:44 - [MESSAGE][PASSED] - Verify element property value successfully

2023-10-16 14:12:44 - [TEST_STEP][PASSED] - verifyElementPropertyValue(getResponse, "offers[7].groups[0].pricingPlans[0].pricingPlanData[0].visualElements[1].value", "Subscribe"): Verify element property value successfully

2023-10-16 14:12:44 - [MESSAGE][PASSED] - Verify element property value successfully

2023-10-16 14:12:44 - [TEST_STEP][PASSED] - verifyElementPropertyValue(getResponse, "offers[7].groups[0].pricingPlans[0].pricingPlanData[0].visualElements[2].key", "logo"): Verify element property value successfully

2023-10-16 14:12:44 - [MESSAGE][PASSED] - Verify element property value successfully

2023-10-16 14:12:44 - [TEST_STEP][PASSED] - verifyElementPropertyValue(getResponse, "offers[7].groups[0].pricingPlans[0].pricingPlanData[0].visualElements[2].value", "https://static.s3.shahid.mbc.net/widget-images/icons/iconCreditCard.png"): Verify element property value successfully

2023-10-16 14:12:44 - [MESSAGE][PASSED] - Verify element property value successfully

2023-10-16 14:12:44 - [TEST_STEP][PASSED] - verifyElementPropertyValue(getResponse, "offers[8].offerId", "winback-sport-50-offer"): Verify element property value successfully

2023-10-16 14:12:44 - [MESSAGE][PASSED] - Verify element property value successfully

2023-10-16 14:12:44 - [TEST_STEP][PASSED] - verifyElementPropertyValue(getResponse, "offers[8].offerParam", "sportsoffer50"): Verify element property value successfully

2023-10-16 14:12:44 - [MESSAGE][PASSED] - Verify element property value successfully

2023-10-16 14:12:44 - [TEST_STEP][PASSED] - verifyElementPropertyValue(getResponse, "offers[8].groups[0].pricingPlans[0].featured", "true"): Verify element property value successfully

2023-10-16 14:12:44 - [MESSAGE][PASSED] - Verify element property value successfully

2023-10-16 14:12:44 - [TEST_STEP][PASSED] - verifyElementPropertyValue(getResponse, "offers[8].groups[0].pricingPlans[0].period", "monthly"): Verify element property value successfully

2023-10-16 14:12:44 - [MESSAGE][PASSED] - Verify element property value successfully

2023-10-16 14:12:44 - [TEST_STEP][PASSED] - verifyElementPropertyValue(getResponse, "offers[8].groups[0].pricingPlans[0].featured", "true"): Verify element property value successfully

2023-10-16 14:12:44 - [MESSAGE][PASSED] - Verify element property value successfully

2023-10-16 14:12:44 - [TEST_STEP][PASSED] - verifyElementPropertyValue(getResponse, "offers[8].groups[0].pricingPlans[0].price", "54.99"): Verify element property value successfully

2023-10-16 14:12:44 - [MESSAGE][PASSED] - Verify element property value successfully

2023-10-16 14:12:44 - [TEST_STEP][PASSED] - verifyElementPropertyValue(getResponse, "offers[8].groups[0].pricingPlans[0].currency", "EGP"): Verify element property value successfully

2023-10-16 14:12:44 - [MESSAGE][PASSED] - Verify element property value successfully

2023-10-16 14:12:44 - [TEST_STEP][PASSED] - verifyElementPropertyValue(getResponse, "offers[8].groups[0].pricingPlans[0].order", "0"): Verify element property value successfully

2023-10-16 14:12:44 - [MESSAGE][PASSED] - Verify element property value successfully

2023-10-16 14:12:44 - [TEST_STEP][PASSED] - verifyElementPropertyValue(getResponse, "offers[8].groups[0].pricingPlans[0].packageId", "SHAHID_VIP_SPORT"): Verify element property value successfully

2023-10-16 14:12:44 - [MESSAGE][PASSED] - Verify element property value successfully

2023-10-16 14:12:44 - [TEST_STEP][PASSED] - verifyElementPropertyValue(getResponse, "offers[8].groups[0].pricingPlans[0].catalogId", "SPORT"): Verify element property value successfully

2023-10-16 14:12:44 - [MESSAGE][PASSED] - Verify element property value successfully

2023-10-16 14:12:44 - [TEST_STEP][PASSED] - verifyElementPropertyValue(getResponse, "offers[8].groups[0].pricingPlans[0].visualElements[0].key", "Header_1_text"): Verify element property value successfully

2023-10-16 14:12:44 - [MESSAGE][PASSED] - Verify element property value successfully

2023-10-16 14:12:44 - [TEST_STEP][PASSED] - verifyElementPropertyValue(getResponse, "offers[8].groups[0].pricingPlans[0].visualElements[0].value", "Watch the most powerful series and movies exclusively without stopping"): Verify element property value successfully

2023-10-16 14:12:44 - [MESSAGE][PASSED] - Verify element property value successfully

2023-10-16 14:12:44 - [TEST_STEP][PASSED] - verifyElementPropertyValue(getResponse, "offers[8].groups[0].pricingPlans[0].visualElements[1].key", "display_title"): Verify element property value successfully

2023-10-16 14:12:44 - [MESSAGE][PASSED] - Verify element property value successfully

2023-10-16 14:12:44 - [TEST_STEP][FAILED] - verifyElementPropertyValue(getResponse, "offers[8].groups[0].pricingPlans[0].visualElements[1].value", "50% Discount Offer"): Expected element property value '50% Discount Offer' is not equal with actual property value '50% Discount Offer​'

2023-10-16 14:12:44 - [MESSAGE][FAILED] - Expected element property value '50% Discount Offer' is not equal with actual property value '50% Discount Offer​'

2023-10-16 14:12:44 - [TEST_STEP][PASSED] - verifyElementPropertyValue(getResponse, "offers[8].groups[0].pricingPlans[0].visualElements[3].key", "deduction_text"): Verify element property value successfully

2023-10-16 14:12:44 - [MESSAGE][PASSED] - Verify element property value successfully

2023-10-16 14:12:44 - [TEST_STEP][PASSED] - verifyElementPropertyValue(getResponse, "offers[8].groups[0].pricingPlans[0].visualElements[3].value", "billed every month"): Verify element property value successfully

2023-10-16 14:12:44 - [MESSAGE][PASSED] - Verify element property value successfully

2023-10-16 14:12:44 - [TEST_STEP][PASSED] - verifyElementPropertyValue(getResponse, "offers[8].groups[0].pricingPlans[0].visualElements[6].key", "show_payment_logo"): Verify element property value successfully

2023-10-16 14:12:44 - [MESSAGE][PASSED] - Verify element property value successfully

2023-10-16 14:12:44 - [TEST_STEP][PASSED] - verifyElementPropertyValue(getResponse, "offers[8].groups[0].pricingPlans[0].visualElements[6].value", "true"): Verify element property value successfully

2023-10-16 14:12:44 - [MESSAGE][PASSED] - Verify element property value successfully

2023-10-16 14:12:44 - [TEST_STEP][PASSED] - verifyElementPropertyValue(getResponse, "offers[8].groups[0].pricingPlans[0].visualElements[8].key", "price"): Verify element property value successfully

2023-10-16 14:12:44 - [MESSAGE][PASSED] - Verify element property value successfully

2023-10-16 14:12:44 - [TEST_STEP][PASSED] - verifyElementPropertyValue(getResponse, "offers[8].groups[0].pricingPlans[0].visualElements[8].value", "54.99"): Verify element property value successfully

2023-10-16 14:12:44 - [MESSAGE][PASSED] - Verify element property value successfully

2023-10-16 14:12:44 - [TEST_STEP][PASSED] - verifyElementPropertyValue(getResponse, "offers[8].groups[0].pricingPlans[0].visualElements[9].key", "currency"): Verify element property value successfully

2023-10-16 14:12:44 - [MESSAGE][PASSED] - Verify element property value successfully

2023-10-16 14:12:44 - [TEST_STEP][PASSED] - verifyElementPropertyValue(getResponse, "offers[8].groups[0].pricingPlans[0].visualElements[9].value", "EGP"): Verify element property value successfully

2023-10-16 14:12:44 - [MESSAGE][PASSED] - Verify element property value successfully

2023-10-16 14:12:44 - [TEST_STEP][PASSED] - verifyElementPropertyValue(getResponse, "offers[8].groups[0].pricingPlans[0].visualElements[10].key", "duration"): Verify element property value successfully

2023-10-16 14:12:44 - [MESSAGE][PASSED] - Verify element property value successfully

2023-10-16 14:12:44 - [TEST_STEP][PASSED] - verifyElementPropertyValue(getResponse, "offers[8].groups[0].pricingPlans[0].visualElements[10].value", "Monthly"): Verify element property value successfully

2023-10-16 14:12:44 - [MESSAGE][PASSED] - Verify element property value successfully

2023-10-16 14:12:44 - [TEST_STEP][PASSED] - verifyElementPropertyValue(getResponse, "offers[8].groups[0].pricingPlans[0].visualElements[11].key", "featured_tag_text"): Verify element property value successfully

2023-10-16 14:12:44 - [MESSAGE][PASSED] - Verify element property value successfully

2023-10-16 14:12:44 - [TEST_STEP][PASSED] - verifyElementPropertyValue(getResponse, "offers[8].groups[0].pricingPlans[0].visualElements[11].value", "Limited Time Offer"): Verify element property value successfully

2023-10-16 14:12:45 - [MESSAGE][PASSED] - Verify element property value successfully

2023-10-16 14:12:45 - [TEST_STEP][PASSED] - verifyElementPropertyValue(getResponse, "offers[8].groups[0].pricingPlans[0].visualElements[13].key", "tag_text"): Verify element property value successfully

2023-10-16 14:12:45 - [MESSAGE][PASSED] - Verify element property value successfully

2023-10-16 14:12:45 - [TEST_STEP][PASSED] - verifyElementPropertyValue(getResponse, "offers[8].groups[0].pricingPlans[0].visualElements[13].value", "Save 50%"): Verify element property value successfully

2023-10-16 14:12:45 - [MESSAGE][PASSED] - Verify element property value successfully

2023-10-16 14:12:45 - [TEST_STEP][PASSED] - verifyElementPropertyValue(getResponse, "offers[8].groups[0].pricingPlans[0].visualElements[12].key", "show_tag"): Verify element property value successfully

2023-10-16 14:12:45 - [MESSAGE][PASSED] - Verify element property value successfully

2023-10-16 14:12:45 - [TEST_STEP][PASSED] - verifyElementPropertyValue(getResponse, "offers[8].groups[0].pricingPlans[0].visualElements[12].value", "true"): Verify element property value successfully

2023-10-16 14:12:45 - [MESSAGE][PASSED] - Verify element property value successfully

2023-10-16 14:12:45 - [TEST_STEP][PASSED] - verifyElementPropertyValue(getResponse, "offers[8].groups[0].pricingPlans[0].pricingPlanData[0].productId", "EGY_B2C_SHAHID_VIP_SPORT_1M"): Verify element property value successfully

2023-10-16 14:12:45 - [MESSAGE][PASSED] - Verify element property value successfully

2023-10-16 14:12:45 - [TEST_STEP][PASSED] - verifyElementPropertyValue(getResponse, "offers[8].groups[0].pricingPlans[0].pricingPlanData[0].paymentMethod", "CREDIT_CARD"): Verify element property value successfully

2023-10-16 14:12:45 - [MESSAGE][PASSED] - Verify element property value successfully

2023-10-16 14:12:45 - [TEST_STEP][PASSED] - verifyElementPropertyValue(getResponse, "offers[8].groups[0].pricingPlans[0].pricingPlanData[0].freeTrialEnabled", "false"): Verify element property value successfully

2023-10-16 14:12:45 - [MESSAGE][PASSED] - Verify element property value successfully

2023-10-16 14:12:45 - [TEST_STEP][PASSED] - verifyElementPropertyValue(getResponse, "offers[8].groups[0].pricingPlans[0].pricingPlanData[0].showIn[0]", "VERTICAL_MODE"): Verify element property value successfully

2023-10-16 14:12:45 - [MESSAGE][PASSED] - Verify element property value successfully

2023-10-16 14:12:45 - [TEST_STEP][PASSED] - verifyElementPropertyValue(getResponse, "offers[8].groups[0].pricingPlans[0].pricingPlanData[0].showIn[1]", "HORIZONTAL_MODE"): Verify element property value successfully

2023-10-16 14:12:45 - [MESSAGE][PASSED] - Verify element property value successfully

2023-10-16 14:12:45 - [TEST_STEP][PASSED] - verifyElementPropertyValue(getResponse, "offers[8].groups[0].pricingPlans[0].pricingPlanData[0].priceLabel", "54.99"): Verify element property value successfully

2023-10-16 14:12:45 - [MESSAGE][PASSED] - Verify element property value successfully

2023-10-16 14:12:45 - [TEST_STEP][PASSED] - verifyElementPropertyValue(getResponse, "offers[8].groups[0].pricingPlans[0].pricingPlanData[0].currencyLabel", "EGP"): Verify element property value successfully

2023-10-16 14:12:45 - [MESSAGE][PASSED] - Verify element property value successfully

2023-10-16 14:12:45 - [TEST_STEP][PASSED] - verifyElementPropertyValue(getResponse, "offers[8].groups[0].pricingPlans[0].pricingPlanData[0].dealId", "WB_SPORT_50P_EGY"): Verify element property value successfully

2023-10-16 14:12:45 - [MESSAGE][PASSED] - Verify element property value successfully

2023-10-16 14:12:45 - [TEST_STEP][PASSED] - verifyElementPropertyValue(getResponse, "offers[8].groups[0].pricingPlans[0].pricingPlanData[0].allowedForAcquisition", "true"): Verify element property value successfully

2023-10-16 14:12:45 - [MESSAGE][PASSED] - Verify element property value successfully

2023-10-16 14:12:45 - [TEST_STEP][PASSED] - verifyElementPropertyValue(getResponse, "offers[8].groups[0].pricingPlans[0].pricingPlanData[0].visualElements[0].key", "title"): Verify element property value successfully

2023-10-16 14:12:45 - [MESSAGE][PASSED] - Verify element property value successfully

2023-10-16 14:12:45 - [TEST_STEP][PASSED] - verifyElementPropertyValue(getResponse, "offers[8].groups[0].pricingPlans[0].pricingPlanData[0].visualElements[0].value", "Credit/Debit Card"): Verify element property value successfully

2023-10-16 14:12:45 - [MESSAGE][PASSED] - Verify element property value successfully

2023-10-16 14:12:45 - [TEST_STEP][PASSED] - verifyElementPropertyValue(getResponse, "offers[8].groups[0].pricingPlans[0].pricingPlanData[0].visualElements[1].key", "CTA_text"): Verify element property value successfully

2023-10-16 14:12:45 - [MESSAGE][PASSED] - Verify element property value successfully

2023-10-16 14:12:45 - [TEST_STEP][PASSED] - verifyElementPropertyValue(getResponse, "offers[8].groups[0].pricingPlans[0].pricingPlanData[0].visualElements[1].value", "Subscribe"): Verify element property value successfully

2023-10-16 14:12:45 - [MESSAGE][PASSED] - Verify element property value successfully

2023-10-16 14:12:45 - [TEST_STEP][PASSED] - verifyElementPropertyValue(getResponse, "offers[8].groups[0].pricingPlans[0].pricingPlanData[0].visualElements[2].key", "logo"): Verify element property value successfully

2023-10-16 14:12:45 - [MESSAGE][PASSED] - Verify element property value successfully

2023-10-16 14:12:45 - [TEST_STEP][PASSED] - verifyElementPropertyValue(getResponse, "offers[8].groups[0].pricingPlans[0].pricingPlanData[0].visualElements[2].value", "https://static.s3.shahid.mbc.net/widget-images/icons/iconCreditCard.png"): Verify element property value successfully

2023-10-16 14:12:45 - [MESSAGE][PASSED] - Verify element property value successfully

2023-10-16 14:12:45 - [TEST_STEP][PASSED] - verifyElementPropertyValue(getResponse, "offers[12].offerId", "byg-sport-30-offer"): Verify element property value successfully

2023-10-16 14:12:45 - [MESSAGE][PASSED] - Verify element property value successfully

2023-10-16 14:12:45 - [TEST_STEP][PASSED] - verifyElementPropertyValue(getResponse, "offers[12].offerParam", "bygsportsoffer30"): Verify element property value successfully

2023-10-16 14:12:45 - [MESSAGE][PASSED] - Verify element property value successfully

2023-10-16 14:12:45 - [TEST_STEP][PASSED] - verifyElementPropertyValue(getResponse, "offers[12].groups[0].pricingPlans[0].featured", "true"): Verify element property value successfully

2023-10-16 14:12:45 - [MESSAGE][PASSED] - Verify element property value successfully

2023-10-16 14:12:45 - [TEST_STEP][PASSED] - verifyElementPropertyValue(getResponse, "offers[12].groups[0].pricingPlans[0].period", "monthly"): Verify element property value successfully

2023-10-16 14:12:45 - [MESSAGE][PASSED] - Verify element property value successfully

2023-10-16 14:12:45 - [TEST_STEP][PASSED] - verifyElementPropertyValue(getResponse, "offers[12].groups[0].pricingPlans[0].featured", "true"): Verify element property value successfully

2023-10-16 14:12:45 - [MESSAGE][PASSED] - Verify element property value successfully

2023-10-16 14:12:45 - [TEST_STEP][PASSED] - verifyElementPropertyValue(getResponse, "offers[12].groups[0].pricingPlans[0].price", "76.99"): Verify element property value successfully

2023-10-16 14:12:45 - [MESSAGE][PASSED] - Verify element property value successfully

2023-10-16 14:12:45 - [TEST_STEP][PASSED] - verifyElementPropertyValue(getResponse, "offers[12].groups[0].pricingPlans[0].currency", "EGP"): Verify element property value successfully

2023-10-16 14:12:45 - [MESSAGE][PASSED] - Verify element property value successfully

2023-10-16 14:12:45 - [TEST_STEP][PASSED] - verifyElementPropertyValue(getResponse, "offers[12].groups[0].pricingPlans[0].order", "0"): Verify element property value successfully

2023-10-16 14:12:45 - [MESSAGE][PASSED] - Verify element property value successfully

2023-10-16 14:12:45 - [TEST_STEP][PASSED] - verifyElementPropertyValue(getResponse, "offers[12].groups[0].pricingPlans[0].packageId", "SHAHID_VIP_SPORT"): Verify element property value successfully

2023-10-16 14:12:45 - [MESSAGE][PASSED] - Verify element property value successfully

2023-10-16 14:12:45 - [TEST_STEP][PASSED] - verifyElementPropertyValue(getResponse, "offers[12].groups[0].pricingPlans[0].catalogId", "SPORT"): Verify element property value successfully

2023-10-16 14:12:45 - [MESSAGE][PASSED] - Verify element property value successfully

2023-10-16 14:12:45 - [TEST_STEP][PASSED] - verifyElementPropertyValue(getResponse, "offers[12].groups[0].pricingPlans[0].visualElements[0].key", "Header_1_text"): Verify element property value successfully

2023-10-16 14:12:45 - [MESSAGE][PASSED] - Verify element property value successfully

2023-10-16 14:12:45 - [TEST_STEP][PASSED] - verifyElementPropertyValue(getResponse, "offers[12].groups[0].pricingPlans[0].visualElements[0].value", "Watch the most powerful series and movies exclusively without stopping"): Verify element property value successfully

2023-10-16 14:12:45 - [MESSAGE][PASSED] - Verify element property value successfully

2023-10-16 14:12:45 - [TEST_STEP][PASSED] - verifyElementPropertyValue(getResponse, "offers[12].groups[0].pricingPlans[0].visualElements[1].key", "display_title"): Verify element property value successfully

2023-10-16 14:12:45 - [MESSAGE][PASSED] - Verify element property value successfully

2023-10-16 14:12:45 - [TEST_STEP][FAILED] - verifyElementPropertyValue(getResponse, "offers[12].groups[0].pricingPlans[0].visualElements[1].value", "30% Discount Offer"): Expected element property value '30% Discount Offer' is not equal with actual property value '30% Discount Offer​'

2023-10-16 14:12:45 - [MESSAGE][FAILED] - Expected element property value '30% Discount Offer' is not equal with actual property value '30% Discount Offer​'

2023-10-16 14:12:45 - [TEST_STEP][PASSED] - verifyElementPropertyValue(getResponse, "offers[12].groups[0].pricingPlans[0].visualElements[3].key", "deduction_text"): Verify element property value successfully

2023-10-16 14:12:45 - [MESSAGE][PASSED] - Verify element property value successfully

2023-10-16 14:12:45 - [TEST_STEP][PASSED] - verifyElementPropertyValue(getResponse, "offers[12].groups[0].pricingPlans[0].visualElements[3].value", "billed every month"): Verify element property value successfully

2023-10-16 14:12:45 - [MESSAGE][PASSED] - Verify element property value successfully

2023-10-16 14:12:45 - [TEST_STEP][PASSED] - verifyElementPropertyValue(getResponse, "offers[12].groups[0].pricingPlans[0].visualElements[6].key", "show_payment_logo"): Verify element property value successfully

2023-10-16 14:12:45 - [MESSAGE][PASSED] - Verify element property value successfully

2023-10-16 14:12:45 - [TEST_STEP][PASSED] - verifyElementPropertyValue(getResponse, "offers[12].groups[0].pricingPlans[0].visualElements[6].value", "true"): Verify element property value successfully

2023-10-16 14:12:45 - [MESSAGE][PASSED] - Verify element property value successfully

2023-10-16 14:12:45 - [TEST_STEP][PASSED] - verifyElementPropertyValue(getResponse, "offers[12].groups[0].pricingPlans[0].visualElements[8].key", "price"): Verify element property value successfully

2023-10-16 14:12:45 - [MESSAGE][PASSED] - Verify element property value successfully

2023-10-16 14:12:45 - [TEST_STEP][PASSED] - verifyElementPropertyValue(getResponse, "offers[12].groups[0].pricingPlans[0].visualElements[8].value", "76.99"): Verify element property value successfully

2023-10-16 14:12:45 - [MESSAGE][PASSED] - Verify element property value successfully

2023-10-16 14:12:45 - [TEST_STEP][PASSED] - verifyElementPropertyValue(getResponse, "offers[12].groups[0].pricingPlans[0].visualElements[9].key", "currency"): Verify element property value successfully

2023-10-16 14:12:45 - [MESSAGE][PASSED] - Verify element property value successfully

2023-10-16 14:12:45 - [TEST_STEP][PASSED] - verifyElementPropertyValue(getResponse, "offers[12].groups[0].pricingPlans[0].visualElements[9].value", "EGP"): Verify element property value successfully

2023-10-16 14:12:45 - [MESSAGE][PASSED] - Verify element property value successfully

2023-10-16 14:12:45 - [TEST_STEP][PASSED] - verifyElementPropertyValue(getResponse, "offers[12].groups[0].pricingPlans[0].visualElements[10].key", "duration"): Verify element property value successfully

2023-10-16 14:12:45 - [MESSAGE][PASSED] - Verify element property value successfully

2023-10-16 14:12:45 - [TEST_STEP][PASSED] - verifyElementPropertyValue(getResponse, "offers[12].groups[0].pricingPlans[0].visualElements[10].value", "Monthly"): Verify element property value successfully

2023-10-16 14:12:45 - [MESSAGE][PASSED] - Verify element property value successfully

2023-10-16 14:12:45 - [TEST_STEP][PASSED] - verifyElementPropertyValue(getResponse, "offers[12].groups[0].pricingPlans[0].visualElements[11].key", "featured_tag_text"): Verify element property value successfully

2023-10-16 14:12:45 - [MESSAGE][PASSED] - Verify element property value successfully

2023-10-16 14:12:45 - [TEST_STEP][PASSED] - verifyElementPropertyValue(getResponse, "offers[12].groups[0].pricingPlans[0].visualElements[11].value", "Limited Time Offer"): Verify element property value successfully

2023-10-16 14:12:45 - [MESSAGE][PASSED] - Verify element property value successfully

2023-10-16 14:12:45 - [TEST_STEP][PASSED] - verifyElementPropertyValue(getResponse, "offers[12].groups[0].pricingPlans[0].visualElements[12].key", "show_tag"): Verify element property value successfully

2023-10-16 14:12:45 - [MESSAGE][PASSED] - Verify element property value successfully

2023-10-16 14:12:45 - [TEST_STEP][PASSED] - verifyElementPropertyValue(getResponse, "offers[12].groups[0].pricingPlans[0].visualElements[12].value", "true"): Verify element property value successfully

2023-10-16 14:12:45 - [MESSAGE][PASSED] - Verify element property value successfully

2023-10-16 14:12:45 - [TEST_STEP][PASSED] - verifyElementPropertyValue(getResponse, "offers[12].groups[0].pricingPlans[0].visualElements[13].key", "tag_text"): Verify element property value successfully

2023-10-16 14:12:45 - [MESSAGE][PASSED] - Verify element property value successfully

2023-10-16 14:12:45 - [TEST_STEP][PASSED] - verifyElementPropertyValue(getResponse, "offers[12].groups[0].pricingPlans[0].visualElements[13].value", "Save 30%"): Verify element property value successfully

2023-10-16 14:12:45 - [MESSAGE][PASSED] - Verify element property value successfully

2023-10-16 14:12:45 - [TEST_STEP][PASSED] - verifyElementPropertyValue(getResponse, "offers[12].groups[0].pricingPlans[0].pricingPlanData[0].productId", "EGY_B2C_SHAHID_VIP_SPORT_1M"): Verify element property value successfully

2023-10-16 14:12:45 - [MESSAGE][PASSED] - Verify element property value successfully

2023-10-16 14:12:45 - [TEST_STEP][PASSED] - verifyElementPropertyValue(getResponse, "offers[12].groups[0].pricingPlans[0].pricingPlanData[0].paymentMethod", "CREDIT_CARD"): Verify element property value successfully

2023-10-16 14:12:45 - [MESSAGE][PASSED] - Verify element property value successfully

2023-10-16 14:12:45 - [TEST_STEP][PASSED] - verifyElementPropertyValue(getResponse, "offers[12].groups[0].pricingPlans[0].pricingPlanData[0].freeTrialEnabled", "false"): Verify element property value successfully

2023-10-16 14:12:45 - [MESSAGE][PASSED] - Verify element property value successfully

2023-10-16 14:12:45 - [TEST_STEP][PASSED] - verifyElementPropertyValue(getResponse, "offers[12].groups[0].pricingPlans[0].pricingPlanData[0].showIn[0]", "VERTICAL_MODE"): Verify element property value successfully

2023-10-16 14:12:45 - [MESSAGE][PASSED] - Verify element property value successfully

2023-10-16 14:12:45 - [TEST_STEP][PASSED] - verifyElementPropertyValue(getResponse, "offers[12].groups[0].pricingPlans[0].pricingPlanData[0].showIn[1]", "HORIZONTAL_MODE"): Verify element property value successfully

2023-10-16 14:12:45 - [MESSAGE][PASSED] - Verify element property value successfully

2023-10-16 14:12:45 - [TEST_STEP][PASSED] - verifyElementPropertyValue(getResponse, "offers[12].groups[0].pricingPlans[0].pricingPlanData[0].priceLabel", "76.99"): Verify element property value successfully

2023-10-16 14:12:45 - [MESSAGE][PASSED] - Verify element property value successfully

2023-10-16 14:12:45 - [TEST_STEP][PASSED] - verifyElementPropertyValue(getResponse, "offers[12].groups[0].pricingPlans[0].pricingPlanData[0].currencyLabel", "EGP"): Verify element property value successfully

2023-10-16 14:12:45 - [MESSAGE][PASSED] - Verify element property value successfully

2023-10-16 14:12:45 - [TEST_STEP][PASSED] - verifyElementPropertyValue(getResponse, "offers[12].groups[0].pricingPlans[0].pricingPlanData[0].dealId", "BYG_SPORT_30P_EGY"): Verify element property value successfully

2023-10-16 14:12:45 - [MESSAGE][PASSED] - Verify element property value successfully

2023-10-16 14:12:45 - [TEST_STEP][PASSED] - verifyElementPropertyValue(getResponse, "offers[12].groups[0].pricingPlans[0].pricingPlanData[0].allowedForAcquisition", "true"): Verify element property value successfully

2023-10-16 14:12:45 - [MESSAGE][PASSED] - Verify element property value successfully

2023-10-16 14:12:45 - [TEST_STEP][PASSED] - verifyElementPropertyValue(getResponse, "offers[12].groups[0].pricingPlans[0].pricingPlanData[0].visualElements[0].key", "title"): Verify element property value successfully

2023-10-16 14:12:45 - [MESSAGE][PASSED] - Verify element property value successfully

2023-10-16 14:12:45 - [TEST_STEP][PASSED] - verifyElementPropertyValue(getResponse, "offers[12].groups[0].pricingPlans[0].pricingPlanData[0].visualElements[0].value", "Credit/Debit Card"): Verify element property value successfully

2023-10-16 14:12:45 - [MESSAGE][PASSED] - Verify element property value successfully

2023-10-16 14:12:45 - [TEST_STEP][PASSED] - verifyElementPropertyValue(getResponse, "offers[12].groups[0].pricingPlans[0].pricingPlanData[0].visualElements[1].key", "CTA_text"): Verify element property value successfully

2023-10-16 14:12:45 - [MESSAGE][PASSED] - Verify element property value successfully

2023-10-16 14:12:45 - [TEST_STEP][PASSED] - verifyElementPropertyValue(getResponse, "offers[12].groups[0].pricingPlans[0].pricingPlanData[0].visualElements[1].value", "Subscribe"): Verify element property value successfully

2023-10-16 14:12:45 - [MESSAGE][PASSED] - Verify element property value successfully

2023-10-16 14:12:45 - [TEST_STEP][PASSED] - verifyElementPropertyValue(getResponse, "offers[12].groups[0].pricingPlans[0].pricingPlanData[0].visualElements[2].key", "logo"): Verify element property value successfully

2023-10-16 14:12:45 - [MESSAGE][PASSED] - Verify element property value successfully

2023-10-16 14:12:45 - [TEST_STEP][PASSED] - verifyElementPropertyValue(getResponse, "offers[12].groups[0].pricingPlans[0].pricingPlanData[0].visualElements[2].value", "https://static.s3.shahid.mbc.net/widget-images/icons/iconCreditCard.png"): Verify element property value successfully

2023-10-16 14:12:45 - [MESSAGE][PASSED] - Verify element property value successfully

2023-10-16 14:12:45 - [TEST_STEP][PASSED] - verifyElementPropertyValue(getResponse, "offers[13].offerId", "byg-sport-40-offer"): Verify element property value successfully

2023-10-16 14:12:45 - [MESSAGE][PASSED] - Verify element property value successfully

2023-10-16 14:12:45 - [TEST_STEP][PASSED] - verifyElementPropertyValue(getResponse, "offers[13].offerParam", "bygsportsoffer40"): Verify element property value successfully

2023-10-16 14:12:45 - [MESSAGE][PASSED] - Verify element property value successfully

2023-10-16 14:12:45 - [TEST_STEP][PASSED] - verifyElementPropertyValue(getResponse, "offers[13].groups[0].pricingPlans[0].featured", "true"): Verify element property value successfully

2023-10-16 14:12:45 - [MESSAGE][PASSED] - Verify element property value successfully

2023-10-16 14:12:45 - [TEST_STEP][PASSED] - verifyElementPropertyValue(getResponse, "offers[13].groups[0].pricingPlans[0].period", "monthly"): Verify element property value successfully

2023-10-16 14:12:45 - [MESSAGE][PASSED] - Verify element property value successfully

2023-10-16 14:12:45 - [TEST_STEP][PASSED] - verifyElementPropertyValue(getResponse, "offers[13].groups[0].pricingPlans[0].featured", "true"): Verify element property value successfully

2023-10-16 14:12:45 - [MESSAGE][PASSED] - Verify element property value successfully

2023-10-16 14:12:45 - [TEST_STEP][PASSED] - verifyElementPropertyValue(getResponse, "offers[13].groups[0].pricingPlans[0].price", "65.99"): Verify element property value successfully

2023-10-16 14:12:45 - [MESSAGE][PASSED] - Verify element property value successfully

2023-10-16 14:12:45 - [TEST_STEP][PASSED] - verifyElementPropertyValue(getResponse, "offers[13].groups[0].pricingPlans[0].currency", "EGP"): Verify element property value successfully

2023-10-16 14:12:45 - [MESSAGE][PASSED] - Verify element property value successfully

2023-10-16 14:12:45 - [TEST_STEP][PASSED] - verifyElementPropertyValue(getResponse, "offers[13].groups[0].pricingPlans[0].order", "0"): Verify element property value successfully

2023-10-16 14:12:45 - [MESSAGE][PASSED] - Verify element property value successfully

2023-10-16 14:12:45 - [TEST_STEP][PASSED] - verifyElementPropertyValue(getResponse, "offers[13].groups[0].pricingPlans[0].packageId", "SHAHID_VIP_SPORT"): Verify element property value successfully

2023-10-16 14:12:45 - [MESSAGE][PASSED] - Verify element property value successfully

2023-10-16 14:12:45 - [TEST_STEP][PASSED] - verifyElementPropertyValue(getResponse, "offers[13].groups[0].pricingPlans[0].catalogId", "SPORT"): Verify element property value successfully

2023-10-16 14:12:45 - [MESSAGE][PASSED] - Verify element property value successfully

2023-10-16 14:12:45 - [TEST_STEP][PASSED] - verifyElementPropertyValue(getResponse, "offers[13].groups[0].pricingPlans[0].visualElements[0].key", "Header_1_text"): Verify element property value successfully

2023-10-16 14:12:45 - [MESSAGE][PASSED] - Verify element property value successfully

2023-10-16 14:12:45 - [TEST_STEP][PASSED] - verifyElementPropertyValue(getResponse, "offers[13].groups[0].pricingPlans[0].visualElements[0].value", "Watch the most powerful series and movies exclusively without stopping"): Verify element property value successfully

2023-10-16 14:12:45 - [MESSAGE][PASSED] - Verify element property value successfully

2023-10-16 14:12:45 - [TEST_STEP][PASSED] - verifyElementPropertyValue(getResponse, "offers[13].groups[0].pricingPlans[0].visualElements[1].key", "display_title"): Verify element property value successfully

2023-10-16 14:12:45 - [MESSAGE][PASSED] - Verify element property value successfully

2023-10-16 14:12:45 - [TEST_STEP][FAILED] - verifyElementPropertyValue(getResponse, "offers[13].groups[0].pricingPlans[0].visualElements[1].value", "40% Discount Offer"): Expected element property value '40% Discount Offer' is not equal with actual property value '40% Discount Offer​'

2023-10-16 14:12:45 - [MESSAGE][FAILED] - Expected element property value '40% Discount Offer' is not equal with actual property value '40% Discount Offer​'

2023-10-16 14:12:45 - [TEST_STEP][PASSED] - verifyElementPropertyValue(getResponse, "offers[13].groups[0].pricingPlans[0].visualElements[3].key", "deduction_text"): Verify element property value successfully

2023-10-16 14:12:45 - [MESSAGE][PASSED] - Verify element property value successfully

2023-10-16 14:12:45 - [TEST_STEP][PASSED] - verifyElementPropertyValue(getResponse, "offers[13].groups[0].pricingPlans[0].visualElements[3].value", "billed every month"): Verify element property value successfully

2023-10-16 14:12:45 - [MESSAGE][PASSED] - Verify element property value successfully

2023-10-16 14:12:45 - [TEST_STEP][PASSED] - verifyElementPropertyValue(getResponse, "offers[13].groups[0].pricingPlans[0].visualElements[6].key", "show_payment_logo"): Verify element property value successfully

2023-10-16 14:12:45 - [MESSAGE][PASSED] - Verify element property value successfully

2023-10-16 14:12:45 - [TEST_STEP][PASSED] - verifyElementPropertyValue(getResponse, "offers[13].groups[0].pricingPlans[0].visualElements[6].value", "true"): Verify element property value successfully

2023-10-16 14:12:45 - [MESSAGE][PASSED] - Verify element property value successfully

2023-10-16 14:12:45 - [TEST_STEP][PASSED] - verifyElementPropertyValue(getResponse, "offers[13].groups[0].pricingPlans[0].visualElements[8].key", "price"): Verify element property value successfully

2023-10-16 14:12:45 - [MESSAGE][PASSED] - Verify element property value successfully

2023-10-16 14:12:45 - [TEST_STEP][PASSED] - verifyElementPropertyValue(getResponse, "offers[13].groups[0].pricingPlans[0].visualElements[8].value", "65.99"): Verify element property value successfully

2023-10-16 14:12:45 - [MESSAGE][PASSED] - Verify element property value successfully

2023-10-16 14:12:45 - [TEST_STEP][PASSED] - verifyElementPropertyValue(getResponse, "offers[13].groups[0].pricingPlans[0].visualElements[9].key", "currency"): Verify element property value successfully

2023-10-16 14:12:45 - [MESSAGE][PASSED] - Verify element property value successfully

2023-10-16 14:12:45 - [TEST_STEP][PASSED] - verifyElementPropertyValue(getResponse, "offers[13].groups[0].pricingPlans[0].visualElements[9].value", "EGP"): Verify element property value successfully

2023-10-16 14:12:45 - [MESSAGE][PASSED] - Verify element property value successfully

2023-10-16 14:12:45 - [TEST_STEP][PASSED] - verifyElementPropertyValue(getResponse, "offers[13].groups[0].pricingPlans[0].visualElements[10].key", "duration"): Verify element property value successfully

2023-10-16 14:12:45 - [MESSAGE][PASSED] - Verify element property value successfully

2023-10-16 14:12:45 - [TEST_STEP][PASSED] - verifyElementPropertyValue(getResponse, "offers[13].groups[0].pricingPlans[0].visualElements[10].value", "Monthly"): Verify element property value successfully

2023-10-16 14:12:45 - [MESSAGE][PASSED] - Verify element property value successfully

2023-10-16 14:12:45 - [TEST_STEP][PASSED] - verifyElementPropertyValue(getResponse, "offers[13].groups[0].pricingPlans[0].visualElements[11].key", "featured_tag_text"): Verify element property value successfully

2023-10-16 14:12:45 - [MESSAGE][PASSED] - Verify element property value successfully

2023-10-16 14:12:45 - [TEST_STEP][PASSED] - verifyElementPropertyValue(getResponse, "offers[13].groups[0].pricingPlans[0].visualElements[11].value", "Limited Time Offer"): Verify element property value successfully

2023-10-16 14:12:45 - [MESSAGE][PASSED] - Verify element property value successfully

2023-10-16 14:12:45 - [TEST_STEP][PASSED] - verifyElementPropertyValue(getResponse, "offers[13].groups[0].pricingPlans[0].visualElements[13].key", "tag_text"): Verify element property value successfully

2023-10-16 14:12:45 - [MESSAGE][PASSED] - Verify element property value successfully

2023-10-16 14:12:45 - [TEST_STEP][PASSED] - verifyElementPropertyValue(getResponse, "offers[13].groups[0].pricingPlans[0].visualElements[13].value", "Save 40%"): Verify element property value successfully

2023-10-16 14:12:45 - [MESSAGE][PASSED] - Verify element property value successfully

2023-10-16 14:12:45 - [TEST_STEP][PASSED] - verifyElementPropertyValue(getResponse, "offers[13].groups[0].pricingPlans[0].visualElements[12].key", "show_tag"): Verify element property value successfully

2023-10-16 14:12:45 - [MESSAGE][PASSED] - Verify element property value successfully

2023-10-16 14:12:45 - [TEST_STEP][PASSED] - verifyElementPropertyValue(getResponse, "offers[13].groups[0].pricingPlans[0].visualElements[12].value", "true"): Verify element property value successfully

2023-10-16 14:12:45 - [MESSAGE][PASSED] - Verify element property value successfully

2023-10-16 14:12:45 - [TEST_STEP][PASSED] - verifyElementPropertyValue(getResponse, "offers[13].groups[0].pricingPlans[0].pricingPlanData[0].productId", "EGY_B2C_SHAHID_VIP_SPORT_1M"): Verify element property value successfully

2023-10-16 14:12:45 - [MESSAGE][PASSED] - Verify element property value successfully

2023-10-16 14:12:45 - [TEST_STEP][PASSED] - verifyElementPropertyValue(getResponse, "offers[13].groups[0].pricingPlans[0].pricingPlanData[0].paymentMethod", "CREDIT_CARD"): Verify element property value successfully

2023-10-16 14:12:45 - [MESSAGE][PASSED] - Verify element property value successfully

2023-10-16 14:12:45 - [TEST_STEP][PASSED] - verifyElementPropertyValue(getResponse, "offers[13].groups[0].pricingPlans[0].pricingPlanData[0].freeTrialEnabled", "false"): Verify element property value successfully

2023-10-16 14:12:45 - [MESSAGE][PASSED] - Verify element property value successfully

2023-10-16 14:12:45 - [TEST_STEP][PASSED] - verifyElementPropertyValue(getResponse, "offers[13].groups[0].pricingPlans[0].pricingPlanData[0].showIn[0]", "VERTICAL_MODE"): Verify element property value successfully

2023-10-16 14:12:45 - [MESSAGE][PASSED] - Verify element property value successfully

2023-10-16 14:12:45 - [TEST_STEP][PASSED] - verifyElementPropertyValue(getResponse, "offers[13].groups[0].pricingPlans[0].pricingPlanData[0].showIn[1]", "HORIZONTAL_MODE"): Verify element property value successfully

2023-10-16 14:12:45 - [MESSAGE][PASSED] - Verify element property value successfully

2023-10-16 14:12:45 - [TEST_STEP][PASSED] - verifyElementPropertyValue(getResponse, "offers[13].groups[0].pricingPlans[0].pricingPlanData[0].priceLabel", "65.99"): Verify element property value successfully

2023-10-16 14:12:45 - [MESSAGE][PASSED] - Verify element property value successfully

2023-10-16 14:12:45 - [TEST_STEP][PASSED] - verifyElementPropertyValue(getResponse, "offers[13].groups[0].pricingPlans[0].pricingPlanData[0].currencyLabel", "EGP"): Verify element property value successfully

2023-10-16 14:12:45 - [MESSAGE][PASSED] - Verify element property value successfully

2023-10-16 14:12:45 - [TEST_STEP][PASSED] - verifyElementPropertyValue(getResponse, "offers[13].groups[0].pricingPlans[0].pricingPlanData[0].dealId", "BYG_SPORT_40P_EGY"): Verify element property value successfully

2023-10-16 14:12:45 - [MESSAGE][PASSED] - Verify element property value successfully

2023-10-16 14:12:45 - [TEST_STEP][PASSED] - verifyElementPropertyValue(getResponse, "offers[13].groups[0].pricingPlans[0].pricingPlanData[0].allowedForAcquisition", "true"): Verify element property value successfully

2023-10-16 14:12:45 - [MESSAGE][PASSED] - Verify element property value successfully

2023-10-16 14:12:45 - [TEST_STEP][PASSED] - verifyElementPropertyValue(getResponse, "offers[13].groups[0].pricingPlans[0].pricingPlanData[0].visualElements[0].key", "title"): Verify element property value successfully

2023-10-16 14:12:45 - [MESSAGE][PASSED] - Verify element property value successfully

2023-10-16 14:12:45 - [TEST_STEP][PASSED] - verifyElementPropertyValue(getResponse, "offers[13].groups[0].pricingPlans[0].pricingPlanData[0].visualElements[0].value", "Credit/Debit Card"): Verify element property value successfully

2023-10-16 14:12:45 - [MESSAGE][PASSED] - Verify element property value successfully

2023-10-16 14:12:45 - [TEST_STEP][PASSED] - verifyElementPropertyValue(getResponse, "offers[13].groups[0].pricingPlans[0].pricingPlanData[0].visualElements[1].key", "CTA_text"): Verify element property value successfully

2023-10-16 14:12:45 - [MESSAGE][PASSED] - Verify element property value successfully

2023-10-16 14:12:45 - [TEST_STEP][PASSED] - verifyElementPropertyValue(getResponse, "offers[13].groups[0].pricingPlans[0].pricingPlanData[0].visualElements[1].value", "Subscribe"): Verify element property value successfully

2023-10-16 14:12:45 - [MESSAGE][PASSED] - Verify element property value successfully

2023-10-16 14:12:45 - [TEST_STEP][PASSED] - verifyElementPropertyValue(getResponse, "offers[13].groups[0].pricingPlans[0].pricingPlanData[0].visualElements[2].key", "logo"): Verify element property value successfully

2023-10-16 14:12:45 - [MESSAGE][PASSED] - Verify element property value successfully

2023-10-16 14:12:45 - [TEST_STEP][PASSED] - verifyElementPropertyValue(getResponse, "offers[13].groups[0].pricingPlans[0].pricingPlanData[0].visualElements[2].value", "https://static.s3.shahid.mbc.net/widget-images/icons/iconCreditCard.png"): Verify element property value successfully

2023-10-16 14:12:45 - [MESSAGE][PASSED] - Verify element property value successfully

2023-10-16 14:12:45 - [TEST_STEP][PASSED] - verifyElementPropertyValue(getResponse, "offers[14].offerId", "byg-sport-50-offer"): Verify element property value successfully

2023-10-16 14:12:45 - [MESSAGE][PASSED] - Verify element property value successfully

2023-10-16 14:12:45 - [TEST_STEP][PASSED] - verifyElementPropertyValue(getResponse, "offers[14].offerParam", "bygsportsoffer50"): Verify element property value successfully

2023-10-16 14:12:45 - [MESSAGE][PASSED] - Verify element property value successfully

2023-10-16 14:12:45 - [TEST_STEP][PASSED] - verifyElementPropertyValue(getResponse, "offers[14].groups[0].pricingPlans[0].featured", "true"): Verify element property value successfully

2023-10-16 14:12:45 - [MESSAGE][PASSED] - Verify element property value successfully

2023-10-16 14:12:45 - [TEST_STEP][PASSED] - verifyElementPropertyValue(getResponse, "offers[14].groups[0].pricingPlans[0].period", "monthly"): Verify element property value successfully

2023-10-16 14:12:45 - [MESSAGE][PASSED] - Verify element property value successfully

2023-10-16 14:12:45 - [TEST_STEP][PASSED] - verifyElementPropertyValue(getResponse, "offers[14].groups[0].pricingPlans[0].featured", "true"): Verify element property value successfully

2023-10-16 14:12:45 - [MESSAGE][PASSED] - Verify element property value successfully

2023-10-16 14:12:45 - [TEST_STEP][PASSED] - verifyElementPropertyValue(getResponse, "offers[14].groups[0].pricingPlans[0].price", "54.99"): Verify element property value successfully

2023-10-16 14:12:45 - [MESSAGE][PASSED] - Verify element property value successfully

2023-10-16 14:12:45 - [TEST_STEP][PASSED] - verifyElementPropertyValue(getResponse, "offers[14].groups[0].pricingPlans[0].currency", "EGP"): Verify element property value successfully

2023-10-16 14:12:45 - [MESSAGE][PASSED] - Verify element property value successfully

2023-10-16 14:12:45 - [TEST_STEP][PASSED] - verifyElementPropertyValue(getResponse, "offers[14].groups[0].pricingPlans[0].order", "0"): Verify element property value successfully

2023-10-16 14:12:45 - [MESSAGE][PASSED] - Verify element property value successfully

2023-10-16 14:12:45 - [TEST_STEP][PASSED] - verifyElementPropertyValue(getResponse, "offers[14].groups[0].pricingPlans[0].packageId", "SHAHID_VIP_SPORT"): Verify element property value successfully

2023-10-16 14:12:45 - [MESSAGE][PASSED] - Verify element property value successfully

2023-10-16 14:12:45 - [TEST_STEP][PASSED] - verifyElementPropertyValue(getResponse, "offers[14].groups[0].pricingPlans[0].catalogId", "SPORT"): Verify element property value successfully

2023-10-16 14:12:45 - [MESSAGE][PASSED] - Verify element property value successfully

2023-10-16 14:12:45 - [TEST_STEP][PASSED] - verifyElementPropertyValue(getResponse, "offers[14].groups[0].pricingPlans[0].visualElements[0].key", "Header_1_text"): Verify element property value successfully

2023-10-16 14:12:45 - [MESSAGE][PASSED] - Verify element property value successfully

2023-10-16 14:12:45 - [TEST_STEP][PASSED] - verifyElementPropertyValue(getResponse, "offers[14].groups[0].pricingPlans[0].visualElements[0].value", "Watch the most powerful series and movies exclusively without stopping"): Verify element property value successfully

2023-10-16 14:12:45 - [MESSAGE][PASSED] - Verify element property value successfully

2023-10-16 14:12:45 - [TEST_STEP][PASSED] - verifyElementPropertyValue(getResponse, "offers[14].groups[0].pricingPlans[0].visualElements[1].key", "display_title"): Verify element property value successfully

2023-10-16 14:12:45 - [MESSAGE][PASSED] - Verify element property value successfully

2023-10-16 14:12:45 - [TEST_STEP][FAILED] - verifyElementPropertyValue(getResponse, "offers[14].groups[0].pricingPlans[0].visualElements[1].value", "50% Discount Offer"): Expected element property value '50% Discount Offer' is not equal with actual property value '50% Discount Offer​'

2023-10-16 14:12:45 - [MESSAGE][FAILED] - Expected element property value '50% Discount Offer' is not equal with actual property value '50% Discount Offer​'

2023-10-16 14:12:45 - [TEST_STEP][PASSED] - verifyElementPropertyValue(getResponse, "offers[14].groups[0].pricingPlans[0].visualElements[3].key", "deduction_text"): Verify element property value successfully

2023-10-16 14:12:45 - [MESSAGE][PASSED] - Verify element property value successfully

2023-10-16 14:12:45 - [TEST_STEP][PASSED] - verifyElementPropertyValue(getResponse, "offers[14].groups[0].pricingPlans[0].visualElements[3].value", "billed every month"): Verify element property value successfully

2023-10-16 14:12:46 - [MESSAGE][PASSED] - Verify element property value successfully

2023-10-16 14:12:46 - [TEST_STEP][PASSED] - verifyElementPropertyValue(getResponse, "offers[14].groups[0].pricingPlans[0].visualElements[6].key", "show_payment_logo"): Verify element property value successfully

2023-10-16 14:12:46 - [MESSAGE][PASSED] - Verify element property value successfully

2023-10-16 14:12:46 - [TEST_STEP][PASSED] - verifyElementPropertyValue(getResponse, "offers[14].groups[0].pricingPlans[0].visualElements[6].value", "true"): Verify element property value successfully

2023-10-16 14:12:46 - [MESSAGE][PASSED] - Verify element property value successfully

2023-10-16 14:12:46 - [TEST_STEP][PASSED] - verifyElementPropertyValue(getResponse, "offers[14].groups[0].pricingPlans[0].visualElements[8].key", "price"): Verify element property value successfully

2023-10-16 14:12:46 - [MESSAGE][PASSED] - Verify element property value successfully

2023-10-16 14:12:46 - [TEST_STEP][PASSED] - verifyElementPropertyValue(getResponse, "offers[14].groups[0].pricingPlans[0].visualElements[8].value", "54.99"): Verify element property value successfully

2023-10-16 14:12:46 - [MESSAGE][PASSED] - Verify element property value successfully

2023-10-16 14:12:46 - [TEST_STEP][PASSED] - verifyElementPropertyValue(getResponse, "offers[14].groups[0].pricingPlans[0].visualElements[9].key", "currency"): Verify element property value successfully

2023-10-16 14:12:46 - [MESSAGE][PASSED] - Verify element property value successfully

2023-10-16 14:12:46 - [TEST_STEP][PASSED] - verifyElementPropertyValue(getResponse, "offers[14].groups[0].pricingPlans[0].visualElements[9].value", "EGP"): Verify element property value successfully

2023-10-16 14:12:46 - [MESSAGE][PASSED] - Verify element property value successfully

2023-10-16 14:12:46 - [TEST_STEP][PASSED] - verifyElementPropertyValue(getResponse, "offers[14].groups[0].pricingPlans[0].visualElements[10].key", "duration"): Verify element property value successfully

2023-10-16 14:12:46 - [MESSAGE][PASSED] - Verify element property value successfully

2023-10-16 14:12:46 - [TEST_STEP][PASSED] - verifyElementPropertyValue(getResponse, "offers[14].groups[0].pricingPlans[0].visualElements[10].value", "Monthly"): Verify element property value successfully

2023-10-16 14:12:46 - [MESSAGE][PASSED] - Verify element property value successfully

2023-10-16 14:12:46 - [TEST_STEP][PASSED] - verifyElementPropertyValue(getResponse, "offers[14].groups[0].pricingPlans[0].visualElements[11].key", "featured_tag_text"): Verify element property value successfully

2023-10-16 14:12:46 - [MESSAGE][PASSED] - Verify element property value successfully

2023-10-16 14:12:46 - [TEST_STEP][PASSED] - verifyElementPropertyValue(getResponse, "offers[14].groups[0].pricingPlans[0].visualElements[11].value", "Limited Time Offer"): Verify element property value successfully

2023-10-16 14:12:46 - [MESSAGE][PASSED] - Verify element property value successfully

2023-10-16 14:12:46 - [TEST_STEP][PASSED] - verifyElementPropertyValue(getResponse, "offers[14].groups[0].pricingPlans[0].visualElements[13].key", "tag_text"): Verify element property value successfully

2023-10-16 14:12:46 - [MESSAGE][PASSED] - Verify element property value successfully

2023-10-16 14:12:46 - [TEST_STEP][PASSED] - verifyElementPropertyValue(getResponse, "offers[14].groups[0].pricingPlans[0].visualElements[13].value", "Save 50%"): Verify element property value successfully

2023-10-16 14:12:46 - [MESSAGE][PASSED] - Verify element property value successfully

2023-10-16 14:12:46 - [TEST_STEP][PASSED] - verifyElementPropertyValue(getResponse, "offers[14].groups[0].pricingPlans[0].visualElements[12].key", "show_tag"): Verify element property value successfully

2023-10-16 14:12:46 - [MESSAGE][PASSED] - Verify element property value successfully

2023-10-16 14:12:46 - [TEST_STEP][PASSED] - verifyElementPropertyValue(getResponse, "offers[14].groups[0].pricingPlans[0].visualElements[12].value", "true"): Verify element property value successfully

2023-10-16 14:12:46 - [MESSAGE][PASSED] - Verify element property value successfully

2023-10-16 14:12:46 - [TEST_STEP][PASSED] - verifyElementPropertyValue(getResponse, "offers[14].groups[0].pricingPlans[0].pricingPlanData[0].productId", "EGY_B2C_SHAHID_VIP_SPORT_1M"): Verify element property value successfully

2023-10-16 14:12:46 - [MESSAGE][PASSED] - Verify element property value successfully

2023-10-16 14:12:46 - [TEST_STEP][PASSED] - verifyElementPropertyValue(getResponse, "offers[14].groups[0].pricingPlans[0].pricingPlanData[0].paymentMethod", "CREDIT_CARD"): Verify element property value successfully

2023-10-16 14:12:46 - [MESSAGE][PASSED] - Verify element property value successfully

2023-10-16 14:12:46 - [TEST_STEP][PASSED] - verifyElementPropertyValue(getResponse, "offers[14].groups[0].pricingPlans[0].pricingPlanData[0].freeTrialEnabled", "false"): Verify element property value successfully

2023-10-16 14:12:46 - [MESSAGE][PASSED] - Verify element property value successfully

2023-10-16 14:12:46 - [TEST_STEP][PASSED] - verifyElementPropertyValue(getResponse, "offers[14].groups[0].pricingPlans[0].pricingPlanData[0].showIn[0]", "VERTICAL_MODE"): Verify element property value successfully

2023-10-16 14:12:46 - [MESSAGE][PASSED] - Verify element property value successfully

2023-10-16 14:12:46 - [TEST_STEP][PASSED] - verifyElementPropertyValue(getResponse, "offers[14].groups[0].pricingPlans[0].pricingPlanData[0].showIn[1]", "HORIZONTAL_MODE"): Verify element property value successfully

2023-10-16 14:12:46 - [MESSAGE][PASSED] - Verify element property value successfully

2023-10-16 14:12:46 - [TEST_STEP][PASSED] - verifyElementPropertyValue(getResponse, "offers[14].groups[0].pricingPlans[0].pricingPlanData[0].priceLabel", "54.99"): Verify element property value successfully

2023-10-16 14:12:46 - [MESSAGE][PASSED] - Verify element property value successfully

2023-10-16 14:12:46 - [TEST_STEP][PASSED] - verifyElementPropertyValue(getResponse, "offers[14].groups[0].pricingPlans[0].pricingPlanData[0].currencyLabel", "EGP"): Verify element property value successfully

2023-10-16 14:12:46 - [MESSAGE][PASSED] - Verify element property value successfully

2023-10-16 14:12:46 - [TEST_STEP][PASSED] - verifyElementPropertyValue(getResponse, "offers[14].groups[0].pricingPlans[0].pricingPlanData[0].dealId", "BYG_SPORT_50P_EGY"): Verify element property value successfully

2023-10-16 14:12:46 - [MESSAGE][PASSED] - Verify element property value successfully

2023-10-16 14:12:46 - [TEST_STEP][PASSED] - verifyElementPropertyValue(getResponse, "offers[14].groups[0].pricingPlans[0].pricingPlanData[0].allowedForAcquisition", "true"): Verify element property value successfully

2023-10-16 14:12:46 - [MESSAGE][PASSED] - Verify element property value successfully

2023-10-16 14:12:46 - [TEST_STEP][PASSED] - verifyElementPropertyValue(getResponse, "offers[14].groups[0].pricingPlans[0].pricingPlanData[0].visualElements[0].key", "title"): Verify element property value successfully

2023-10-16 14:12:46 - [MESSAGE][PASSED] - Verify element property value successfully

2023-10-16 14:12:46 - [TEST_STEP][PASSED] - verifyElementPropertyValue(getResponse, "offers[14].groups[0].pricingPlans[0].pricingPlanData[0].visualElements[0].value", "Credit/Debit Card"): Verify element property value successfully

2023-10-16 14:12:46 - [MESSAGE][PASSED] - Verify element property value successfully

2023-10-16 14:12:46 - [TEST_STEP][PASSED] - verifyElementPropertyValue(getResponse, "offers[14].groups[0].pricingPlans[0].pricingPlanData[0].visualElements[1].key", "CTA_text"): Verify element property value successfully

2023-10-16 14:12:46 - [MESSAGE][PASSED] - Verify element property value successfully

2023-10-16 14:12:46 - [TEST_STEP][PASSED] - verifyElementPropertyValue(getResponse, "offers[14].groups[0].pricingPlans[0].pricingPlanData[0].visualElements[1].value", "Subscribe"): Verify element property value successfully

2023-10-16 14:12:46 - [MESSAGE][PASSED] - Verify element property value successfully

2023-10-16 14:12:46 - [TEST_STEP][PASSED] - verifyElementPropertyValue(getResponse, "offers[14].groups[0].pricingPlans[0].pricingPlanData[0].visualElements[2].key", "logo"): Verify element property value successfully

2023-10-16 14:12:46 - [MESSAGE][PASSED] - Verify element property value successfully

2023-10-16 14:12:46 - [TEST_STEP][PASSED] - verifyElementPropertyValue(getResponse, "offers[14].groups[0].pricingPlans[0].pricingPlanData[0].visualElements[2].value", "https://static.s3.shahid.mbc.net/widget-images/icons/iconCreditCard.png"): Verify element property value successfully

2023-10-16 14:12:46 - [MESSAGE][PASSED] - Verify element property value successfully]]></system-out>
         <system-err><![CDATA[2023-10-16 14:12:42 - [TEST_CASE][FAILED] - Test Cases/WEB - CHROME/EGY PI/WEB_EN_getOffersForEGY_SPORT: Test Cases/WEB - CHROME/EGY PI/WEB_EN_getOffersForEGY_SPORT FAILED.
Reason:
com.kms.katalon.core.exception.StepFailedException: Expected element property value '30% Discount Offer' is not equal with actual property value '30% Discount Offer​'
	at com.kms.katalon.core.keyword.internal.KeywordMain.stepFailed(KeywordMain.groovy:39)
	at com.kms.katalon.core.webservice.keyword.builtin.VerifyElementPropertyValueKeyword$_verifyElementPropertyValue_closure1.doCall(VerifyElementPropertyValueKeyword.groovy:56)
	at com.kms.katalon.core.webservice.keyword.builtin.VerifyElementPropertyValueKeyword$_verifyElementPropertyValue_closure1.call(VerifyElementPropertyValueKeyword.groovy)
	at com.kms.katalon.core.keyword.internal.KeywordMain.runKeyword(KeywordMain.groovy:75)
	at com.kms.katalon.core.webservice.keyword.builtin.VerifyElementPropertyValueKeyword.verifyElementPropertyValue(VerifyElementPropertyValueKeyword.groovy:48)
	at com.kms.katalon.core.webservice.keyword.builtin.VerifyElementPropertyValueKeyword.execute(VerifyElementPropertyValueKeyword.groovy:43)
	at com.kms.katalon.core.keyword.internal.KeywordExecutor.executeKeywordForPlatform(KeywordExecutor.groovy:74)
	at com.kms.katalon.core.webservice.keyword.WSBuiltInKeywords.verifyElementPropertyValue(WSBuiltInKeywords.groovy:190)
	at com.kms.katalon.core.webservice.keyword.WSBuiltInKeywords$verifyElementPropertyValue$1.call(Unknown Source)
	at WEB_EN_getOffersForEGY_SPORT.run(WEB_EN_getOffersForEGY_SPORT:44)
	at com.kms.katalon.core.main.ScriptEngine.run(ScriptEngine.java:194)
	at com.kms.katalon.core.main.ScriptEngine.runScriptAsRawText(ScriptEngine.java:119)
	at com.kms.katalon.core.main.TestCaseExecutor.runScript(TestCaseExecutor.java:448)
	at com.kms.katalon.core.main.TestCaseExecutor.doExecute(TestCaseExecutor.java:439)
	at com.kms.katalon.core.main.TestCaseExecutor.processExecutionPhase(TestCaseExecutor.java:418)
	at com.kms.katalon.core.main.TestCaseExecutor.accessMainPhase(TestCaseExecutor.java:410)
	at com.kms.katalon.core.main.TestCaseExecutor.execute(TestCaseExecutor.java:285)
	at com.kms.katalon.core.common.CommonExecutor.accessTestCaseMainPhase(CommonExecutor.java:65)
	at com.kms.katalon.core.main.TestSuiteExecutor.accessTestSuiteMainPhase(TestSuiteExecutor.java:148)
	at com.kms.katalon.core.main.TestSuiteExecutor.execute(TestSuiteExecutor.java:106)
	at com.kms.katalon.core.main.TestCaseMain.startTestSuite(TestCaseMain.java:187)
	at com.kms.katalon.core.main.TestCaseMain$startTestSuite$0.call(Unknown Source)
	at TempTestSuite1697454205358.run(TempTestSuite1697454205358.groovy:36)]]></system-err>
      </testcase>
      <testcase name="Test Cases/WEB - CHROME/EGY PI/WEB_EN_getOffersForEGY_VIP" time="4.135" classname="Test Cases/WEB - CHROME/EGY PI/WEB_EN_getOffersForEGY_VIP" status="FAILED">
         <failure type="FAILED" message="Test Cases/WEB - CHROME/EGY PI/WEB_EN_getOffersForEGY_VIP FAILED.
Reason:
com.kms.katalon.core.exception.StepFailedException: Expected element property value '30% Discount Offer' is not equal with actual property value '30% Discount Offer​'
	at com.kms.katalon.core.keyword.internal.KeywordMain.stepFailed(KeywordMain.groovy:39)
	at com.kms.katalon.core.webservice.keyword.builtin.VerifyElementPropertyValueKeyword$_verifyElementPropertyValue_closure1.doCall(VerifyElementPropertyValueKeyword.groovy:56)
	at com.kms.katalon.core.webservice.keyword.builtin.VerifyElementPropertyValueKeyword$_verifyElementPropertyValue_closure1.call(VerifyElementPropertyValueKeyword.groovy)
	at com.kms.katalon.core.keyword.internal.KeywordMain.runKeyword(KeywordMain.groovy:75)
	at com.kms.katalon.core.webservice.keyword.builtin.VerifyElementPropertyValueKeyword.verifyElementPropertyValue(VerifyElementPropertyValueKeyword.groovy:48)
	at com.kms.katalon.core.webservice.keyword.builtin.VerifyElementPropertyValueKeyword.execute(VerifyElementPropertyValueKeyword.groovy:43)
	at com.kms.katalon.core.keyword.internal.KeywordExecutor.executeKeywordForPlatform(KeywordExecutor.groovy:74)
	at com.kms.katalon.core.webservice.keyword.WSBuiltInKeywords.verifyElementPropertyValue(WSBuiltInKeywords.groovy:190)
	at com.kms.katalon.core.webservice.keyword.WSBuiltInKeywords$verifyElementPropertyValue$1.call(Unknown Source)
	at WEB_EN_getOffersForEGY_VIP.run(WEB_EN_getOffersForEGY_VIP:60)
	at com.kms.katalon.core.main.ScriptEngine.run(ScriptEngine.java:194)
	at com.kms.katalon.core.main.ScriptEngine.runScriptAsRawText(ScriptEngine.java:119)
	at com.kms.katalon.core.main.TestCaseExecutor.runScript(TestCaseExecutor.java:448)
	at com.kms.katalon.core.main.TestCaseExecutor.doExecute(TestCaseExecutor.java:439)
	at com.kms.katalon.core.main.TestCaseExecutor.processExecutionPhase(TestCaseExecutor.java:418)
	at com.kms.katalon.core.main.TestCaseExecutor.accessMainPhase(TestCaseExecutor.java:410)
	at com.kms.katalon.core.main.TestCaseExecutor.execute(TestCaseExecutor.java:285)
	at com.kms.katalon.core.common.CommonExecutor.accessTestCaseMainPhase(CommonExecutor.java:65)
	at com.kms.katalon.core.main.TestSuiteExecutor.accessTestSuiteMainPhase(TestSuiteExecutor.java:148)
	at com.kms.katalon.core.main.TestSuiteExecutor.execute(TestSuiteExecutor.java:106)
	at com.kms.katalon.core.main.TestCaseMain.startTestSuite(TestCaseMain.java:187)
	at com.kms.katalon.core.main.TestCaseMain$startTestSuite$0.call(Unknown Source)
	at TempTestSuite1697454205358.run(TempTestSuite1697454205358.groovy:36)
"/>
         <system-out><![CDATA[2023-10-16 14:12:46 - [TEST_CASE][FAILED] - Test Cases/WEB - CHROME/EGY PI/WEB_EN_getOffersForEGY_VIP: Test Cases/WEB - CHROME/EGY PI/WEB_EN_getOffersForEGY_VIP FAILED.
Reason:
com.kms.katalon.core.exception.StepFailedException: Expected element property value '30% Discount Offer' is not equal with actual property value '30% Discount Offer​'
	at com.kms.katalon.core.keyword.internal.KeywordMain.stepFailed(KeywordMain.groovy:39)
	at com.kms.katalon.core.webservice.keyword.builtin.VerifyElementPropertyValueKeyword$_verifyElementPropertyValue_closure1.doCall(VerifyElementPropertyValueKeyword.groovy:56)
	at com.kms.katalon.core.webservice.keyword.builtin.VerifyElementPropertyValueKeyword$_verifyElementPropertyValue_closure1.call(VerifyElementPropertyValueKeyword.groovy)
	at com.kms.katalon.core.keyword.internal.KeywordMain.runKeyword(KeywordMain.groovy:75)
	at com.kms.katalon.core.webservice.keyword.builtin.VerifyElementPropertyValueKeyword.verifyElementPropertyValue(VerifyElementPropertyValueKeyword.groovy:48)
	at com.kms.katalon.core.webservice.keyword.builtin.VerifyElementPropertyValueKeyword.execute(VerifyElementPropertyValueKeyword.groovy:43)
	at com.kms.katalon.core.keyword.internal.KeywordExecutor.executeKeywordForPlatform(KeywordExecutor.groovy:74)
	at com.kms.katalon.core.webservice.keyword.WSBuiltInKeywords.verifyElementPropertyValue(WSBuiltInKeywords.groovy:190)
	at com.kms.katalon.core.webservice.keyword.WSBuiltInKeywords$verifyElementPropertyValue$1.call(Unknown Source)
	at WEB_EN_getOffersForEGY_VIP.run(WEB_EN_getOffersForEGY_VIP:60)
	at com.kms.katalon.core.main.ScriptEngine.run(ScriptEngine.java:194)
	at com.kms.katalon.core.main.ScriptEngine.runScriptAsRawText(ScriptEngine.java:119)
	at com.kms.katalon.core.main.TestCaseExecutor.runScript(TestCaseExecutor.java:448)
	at com.kms.katalon.core.main.TestCaseExecutor.doExecute(TestCaseExecutor.java:439)
	at com.kms.katalon.core.main.TestCaseExecutor.processExecutionPhase(TestCaseExecutor.java:418)
	at com.kms.katalon.core.main.TestCaseExecutor.accessMainPhase(TestCaseExecutor.java:410)
	at com.kms.katalon.core.main.TestCaseExecutor.execute(TestCaseExecutor.java:285)
	at com.kms.katalon.core.common.CommonExecutor.accessTestCaseMainPhase(CommonExecutor.java:65)
	at com.kms.katalon.core.main.TestSuiteExecutor.accessTestSuiteMainPhase(TestSuiteExecutor.java:148)
	at com.kms.katalon.core.main.TestSuiteExecutor.execute(TestSuiteExecutor.java:106)
	at com.kms.katalon.core.main.TestCaseMain.startTestSuite(TestCaseMain.java:187)
	at com.kms.katalon.core.main.TestCaseMain$startTestSuite$0.call(Unknown Source)
	at TempTestSuite1697454205358.run(TempTestSuite1697454205358.groovy:36)


2023-10-16 14:12:46 - [TEST_STEP][PASSED] - getResponse = config_files.getConfigFile.getConfig("WEB", "EN", "SHAHID_VIP", "EG", "false"): config_files.getConfigFile.getConfig is PASSED

2023-10-16 14:12:47 - [MESSAGE][INFO] - HAR: /Users/admin/git/shahid-configuration/Reports/20231016_140310/WEB/EGY/20231016_140325/requests/main/7.har

2023-10-16 14:12:47 - [MESSAGE][PASSED] - Send request successfully

2023-10-16 14:12:47 - [MESSAGE][PASSED] - config_files.getConfigFile.getConfig is PASSED

2023-10-16 14:12:47 - [TEST_STEP][PASSED] - verifyResponseStatusCode(getResponse, 200): Verify response status code successfully

2023-10-16 14:12:47 - [MESSAGE][PASSED] - Verify response status code successfully

2023-10-16 14:12:47 - [TEST_STEP][PASSED] - verifyElementPropertyValue(getResponse, "country", "EGY"): Verify element property value successfully

2023-10-16 14:12:47 - [MESSAGE][PASSED] - Verify element property value successfully

2023-10-16 14:12:47 - [TEST_STEP][PASSED] - verifyElementPropertyValue(getResponse, "platform", "[WEB]"): Verify element property value successfully

2023-10-16 14:12:47 - [MESSAGE][PASSED] - Verify element property value successfully

2023-10-16 14:12:47 - [TEST_STEP][PASSED] - verifyElementPropertyValue(getResponse, "offers[0].offerId", "winback-30-offer"): Verify element property value successfully

2023-10-16 14:12:47 - [MESSAGE][PASSED] - Verify element property value successfully

2023-10-16 14:12:47 - [TEST_STEP][PASSED] - verifyElementPropertyValue(getResponse, "offers[0].offerParam", "winback30"): Verify element property value successfully

2023-10-16 14:12:47 - [MESSAGE][PASSED] - Verify element property value successfully

2023-10-16 14:12:47 - [TEST_STEP][PASSED] - verifyElementPropertyValue(getResponse, "offers[0].groups[0].pricingPlans[0].featured", "true"): Verify element property value successfully

2023-10-16 14:12:47 - [MESSAGE][PASSED] - Verify element property value successfully

2023-10-16 14:12:47 - [TEST_STEP][PASSED] - verifyElementPropertyValue(getResponse, "offers[0].groups[0].pricingPlans[0].period", "monthly"): Verify element property value successfully

2023-10-16 14:12:47 - [MESSAGE][PASSED] - Verify element property value successfully

2023-10-16 14:12:47 - [TEST_STEP][PASSED] - verifyElementPropertyValue(getResponse, "offers[0].groups[0].pricingPlans[0].featured", "true"): Verify element property value successfully

2023-10-16 14:12:47 - [MESSAGE][PASSED] - Verify element property value successfully

2023-10-16 14:12:47 - [TEST_STEP][PASSED] - verifyElementPropertyValue(getResponse, "offers[0].groups[0].pricingPlans[0].price", "41.99"): Verify element property value successfully

2023-10-16 14:12:47 - [MESSAGE][PASSED] - Verify element property value successfully

2023-10-16 14:12:47 - [TEST_STEP][PASSED] - verifyElementPropertyValue(getResponse, "offers[0].groups[0].pricingPlans[0].currency", "EGP"): Verify element property value successfully

2023-10-16 14:12:47 - [MESSAGE][PASSED] - Verify element property value successfully

2023-10-16 14:12:47 - [TEST_STEP][PASSED] - verifyElementPropertyValue(getResponse, "offers[0].groups[0].pricingPlans[0].order", "0"): Verify element property value successfully

2023-10-16 14:12:47 - [MESSAGE][PASSED] - Verify element property value successfully

2023-10-16 14:12:47 - [TEST_STEP][PASSED] - verifyElementPropertyValue(getResponse, "offers[0].groups[0].pricingPlans[0].packageId", "SHAHID_VIP"): Verify element property value successfully

2023-10-16 14:12:47 - [MESSAGE][PASSED] - Verify element property value successfully

2023-10-16 14:12:47 - [TEST_STEP][PASSED] - verifyElementPropertyValue(getResponse, "offers[0].groups[0].pricingPlans[0].catalogId", "VIP"): Verify element property value successfully

2023-10-16 14:12:47 - [MESSAGE][PASSED] - Verify element property value successfully

2023-10-16 14:12:47 - [TEST_STEP][PASSED] - verifyElementPropertyValue(getResponse, "offers[0].groups[0].pricingPlans[0].visualElements[0].key", "Header_1_text"): Verify element property value successfully

2023-10-16 14:12:47 - [MESSAGE][PASSED] - Verify element property value successfully

2023-10-16 14:12:47 - [TEST_STEP][PASSED] - verifyElementPropertyValue(getResponse, "offers[0].groups[0].pricingPlans[0].visualElements[0].value", "Watch the most powerful series and movies exclusively without stopping"): Verify element property value successfully

2023-10-16 14:12:47 - [MESSAGE][PASSED] - Verify element property value successfully

2023-10-16 14:12:47 - [TEST_STEP][PASSED] - verifyElementPropertyValue(getResponse, "offers[0].groups[0].pricingPlans[0].visualElements[1].key", "display_title"): Verify element property value successfully

2023-10-16 14:12:47 - [MESSAGE][PASSED] - Verify element property value successfully

2023-10-16 14:12:47 - [TEST_STEP][FAILED] - verifyElementPropertyValue(getResponse, "offers[0].groups[0].pricingPlans[0].visualElements[1].value", "30% Discount Offer"): Expected element property value '30% Discount Offer' is not equal with actual property value '30% Discount Offer​'

2023-10-16 14:12:47 - [MESSAGE][FAILED] - Expected element property value '30% Discount Offer' is not equal with actual property value '30% Discount Offer​'

2023-10-16 14:12:47 - [TEST_STEP][PASSED] - verifyElementPropertyValue(getResponse, "offers[0].groups[0].pricingPlans[0].visualElements[3].key", "deduction_text"): Verify element property value successfully

2023-10-16 14:12:47 - [MESSAGE][PASSED] - Verify element property value successfully

2023-10-16 14:12:47 - [TEST_STEP][PASSED] - verifyElementPropertyValue(getResponse, "offers[0].groups[0].pricingPlans[0].visualElements[3].value", "billed monthly"): Verify element property value successfully

2023-10-16 14:12:47 - [MESSAGE][PASSED] - Verify element property value successfully

2023-10-16 14:12:47 - [TEST_STEP][PASSED] - verifyElementPropertyValue(getResponse, "offers[0].groups[0].pricingPlans[0].visualElements[6].key", "show_payment_logo"): Verify element property value successfully

2023-10-16 14:12:47 - [MESSAGE][PASSED] - Verify element property value successfully

2023-10-16 14:12:47 - [TEST_STEP][PASSED] - verifyElementPropertyValue(getResponse, "offers[0].groups[0].pricingPlans[0].visualElements[6].value", "true"): Verify element property value successfully

2023-10-16 14:12:47 - [MESSAGE][PASSED] - Verify element property value successfully

2023-10-16 14:12:47 - [TEST_STEP][PASSED] - verifyElementPropertyValue(getResponse, "offers[0].groups[0].pricingPlans[0].visualElements[8].key", "price"): Verify element property value successfully

2023-10-16 14:12:47 - [MESSAGE][PASSED] - Verify element property value successfully

2023-10-16 14:12:47 - [TEST_STEP][PASSED] - verifyElementPropertyValue(getResponse, "offers[0].groups[0].pricingPlans[0].visualElements[8].value", "41.99"): Verify element property value successfully

2023-10-16 14:12:47 - [MESSAGE][PASSED] - Verify element property value successfully

2023-10-16 14:12:47 - [TEST_STEP][PASSED] - verifyElementPropertyValue(getResponse, "offers[0].groups[0].pricingPlans[0].visualElements[9].key", "currency"): Verify element property value successfully

2023-10-16 14:12:47 - [MESSAGE][PASSED] - Verify element property value successfully

2023-10-16 14:12:47 - [TEST_STEP][PASSED] - verifyElementPropertyValue(getResponse, "offers[0].groups[0].pricingPlans[0].visualElements[9].value", "EGP"): Verify element property value successfully

2023-10-16 14:12:47 - [MESSAGE][PASSED] - Verify element property value successfully

2023-10-16 14:12:47 - [TEST_STEP][PASSED] - verifyElementPropertyValue(getResponse, "offers[0].groups[0].pricingPlans[0].visualElements[10].key", "duration"): Verify element property value successfully

2023-10-16 14:12:47 - [MESSAGE][PASSED] - Verify element property value successfully

2023-10-16 14:12:47 - [TEST_STEP][PASSED] - verifyElementPropertyValue(getResponse, "offers[0].groups[0].pricingPlans[0].visualElements[10].value", "Monthly"): Verify element property value successfully

2023-10-16 14:12:47 - [MESSAGE][PASSED] - Verify element property value successfully

2023-10-16 14:12:47 - [TEST_STEP][PASSED] - verifyElementPropertyValue(getResponse, "offers[0].groups[0].pricingPlans[0].visualElements[11].key", "featured_tag_text"): Verify element property value successfully

2023-10-16 14:12:47 - [MESSAGE][PASSED] - Verify element property value successfully

2023-10-16 14:12:47 - [TEST_STEP][PASSED] - verifyElementPropertyValue(getResponse, "offers[0].groups[0].pricingPlans[0].visualElements[11].value", "Limited Time Offer"): Verify element property value successfully

2023-10-16 14:12:47 - [MESSAGE][PASSED] - Verify element property value successfully

2023-10-16 14:12:47 - [TEST_STEP][PASSED] - verifyElementPropertyValue(getResponse, "offers[0].groups[0].pricingPlans[0].visualElements[12].key", "show_tag"): Verify element property value successfully

2023-10-16 14:12:47 - [MESSAGE][PASSED] - Verify element property value successfully

2023-10-16 14:12:47 - [TEST_STEP][PASSED] - verifyElementPropertyValue(getResponse, "offers[0].groups[0].pricingPlans[0].visualElements[12].value", "true"): Verify element property value successfully

2023-10-16 14:12:47 - [MESSAGE][PASSED] - Verify element property value successfully

2023-10-16 14:12:47 - [TEST_STEP][PASSED] - verifyElementPropertyValue(getResponse, "offers[0].groups[0].pricingPlans[0].visualElements[13].key", "tag_text"): Verify element property value successfully

2023-10-16 14:12:47 - [MESSAGE][PASSED] - Verify element property value successfully

2023-10-16 14:12:47 - [TEST_STEP][PASSED] - verifyElementPropertyValue(getResponse, "offers[0].groups[0].pricingPlans[0].visualElements[13].value", "Save 30%"): Verify element property value successfully

2023-10-16 14:12:47 - [MESSAGE][PASSED] - Verify element property value successfully

2023-10-16 14:12:47 - [TEST_STEP][PASSED] - verifyElementPropertyValue(getResponse, "offers[0].groups[0].pricingPlans[0].pricingPlanData[0].productId", "EGY_B2C_SHAHID_VIP_1M"): Verify element property value successfully

2023-10-16 14:12:47 - [MESSAGE][PASSED] - Verify element property value successfully

2023-10-16 14:12:47 - [TEST_STEP][PASSED] - verifyElementPropertyValue(getResponse, "offers[0].groups[0].pricingPlans[0].pricingPlanData[0].paymentMethod", "CREDIT_CARD"): Verify element property value successfully

2023-10-16 14:12:47 - [MESSAGE][PASSED] - Verify element property value successfully

2023-10-16 14:12:47 - [TEST_STEP][PASSED] - verifyElementPropertyValue(getResponse, "offers[0].groups[0].pricingPlans[0].pricingPlanData[0].freeTrialEnabled", "false"): Verify element property value successfully

2023-10-16 14:12:47 - [MESSAGE][PASSED] - Verify element property value successfully

2023-10-16 14:12:47 - [TEST_STEP][PASSED] - verifyElementPropertyValue(getResponse, "offers[0].groups[0].pricingPlans[0].pricingPlanData[0].showIn[0]", "VERTICAL_MODE"): Verify element property value successfully

2023-10-16 14:12:47 - [MESSAGE][PASSED] - Verify element property value successfully

2023-10-16 14:12:47 - [TEST_STEP][PASSED] - verifyElementPropertyValue(getResponse, "offers[0].groups[0].pricingPlans[0].pricingPlanData[0].showIn[1]", "HORIZONTAL_MODE"): Verify element property value successfully

2023-10-16 14:12:47 - [MESSAGE][PASSED] - Verify element property value successfully

2023-10-16 14:12:47 - [TEST_STEP][PASSED] - verifyElementPropertyValue(getResponse, "offers[0].groups[0].pricingPlans[0].pricingPlanData[0].priceLabel", "41.99"): Verify element property value successfully

2023-10-16 14:12:47 - [MESSAGE][PASSED] - Verify element property value successfully

2023-10-16 14:12:47 - [TEST_STEP][PASSED] - verifyElementPropertyValue(getResponse, "offers[0].groups[0].pricingPlans[0].pricingPlanData[0].currencyLabel", "EGP"): Verify element property value successfully

2023-10-16 14:12:47 - [MESSAGE][PASSED] - Verify element property value successfully

2023-10-16 14:12:47 - [TEST_STEP][PASSED] - verifyElementPropertyValue(getResponse, "offers[0].groups[0].pricingPlans[0].pricingPlanData[0].dealId", "RE_30P_EGY"): Verify element property value successfully

2023-10-16 14:12:47 - [MESSAGE][PASSED] - Verify element property value successfully

2023-10-16 14:12:47 - [TEST_STEP][PASSED] - verifyElementPropertyValue(getResponse, "offers[0].groups[0].pricingPlans[0].pricingPlanData[0].allowedForAcquisition", "true"): Verify element property value successfully

2023-10-16 14:12:47 - [MESSAGE][PASSED] - Verify element property value successfully

2023-10-16 14:12:47 - [TEST_STEP][PASSED] - verifyElementPropertyValue(getResponse, "offers[0].groups[0].pricingPlans[0].pricingPlanData[0].visualElements[0].key", "title"): Verify element property value successfully

2023-10-16 14:12:47 - [MESSAGE][PASSED] - Verify element property value successfully

2023-10-16 14:12:47 - [TEST_STEP][PASSED] - verifyElementPropertyValue(getResponse, "offers[0].groups[0].pricingPlans[0].pricingPlanData[0].visualElements[0].value", "Credit/Debit Card"): Verify element property value successfully

2023-10-16 14:12:47 - [MESSAGE][PASSED] - Verify element property value successfully

2023-10-16 14:12:47 - [TEST_STEP][PASSED] - verifyElementPropertyValue(getResponse, "offers[0].groups[0].pricingPlans[0].pricingPlanData[0].visualElements[1].key", "CTA_text"): Verify element property value successfully

2023-10-16 14:12:47 - [MESSAGE][PASSED] - Verify element property value successfully

2023-10-16 14:12:47 - [TEST_STEP][PASSED] - verifyElementPropertyValue(getResponse, "offers[0].groups[0].pricingPlans[0].pricingPlanData[0].visualElements[1].value", "Subscribe"): Verify element property value successfully

2023-10-16 14:12:47 - [MESSAGE][PASSED] - Verify element property value successfully

2023-10-16 14:12:47 - [TEST_STEP][PASSED] - verifyElementPropertyValue(getResponse, "offers[0].groups[0].pricingPlans[0].pricingPlanData[0].visualElements[2].key", "logo"): Verify element property value successfully

2023-10-16 14:12:47 - [MESSAGE][PASSED] - Verify element property value successfully

2023-10-16 14:12:47 - [TEST_STEP][PASSED] - verifyElementPropertyValue(getResponse, "offers[0].groups[0].pricingPlans[0].pricingPlanData[0].visualElements[2].value", "https://static.s3.shahid.mbc.net/widget-images/icons/iconCreditCard.png"): Verify element property value successfully

2023-10-16 14:12:47 - [MESSAGE][PASSED] - Verify element property value successfully

2023-10-16 14:12:47 - [TEST_STEP][PASSED] - verifyElementPropertyValue(getResponse, "offers[1].offerId", "winback-40-offer"): Verify element property value successfully

2023-10-16 14:12:47 - [MESSAGE][PASSED] - Verify element property value successfully

2023-10-16 14:12:47 - [TEST_STEP][PASSED] - verifyElementPropertyValue(getResponse, "offers[1].offerParam", "winback40"): Verify element property value successfully

2023-10-16 14:12:47 - [MESSAGE][PASSED] - Verify element property value successfully

2023-10-16 14:12:47 - [TEST_STEP][PASSED] - verifyElementPropertyValue(getResponse, "offers[1].groups[0].pricingPlans[0].featured", "true"): Verify element property value successfully

2023-10-16 14:12:47 - [MESSAGE][PASSED] - Verify element property value successfully

2023-10-16 14:12:47 - [TEST_STEP][PASSED] - verifyElementPropertyValue(getResponse, "offers[1].groups[0].pricingPlans[0].period", "monthly"): Verify element property value successfully

2023-10-16 14:12:47 - [MESSAGE][PASSED] - Verify element property value successfully

2023-10-16 14:12:47 - [TEST_STEP][PASSED] - verifyElementPropertyValue(getResponse, "offers[1].groups[0].pricingPlans[0].featured", "true"): Verify element property value successfully

2023-10-16 14:12:47 - [MESSAGE][PASSED] - Verify element property value successfully

2023-10-16 14:12:47 - [TEST_STEP][PASSED] - verifyElementPropertyValue(getResponse, "offers[1].groups[0].pricingPlans[0].price", "35.99"): Verify element property value successfully

2023-10-16 14:12:47 - [MESSAGE][PASSED] - Verify element property value successfully

2023-10-16 14:12:47 - [TEST_STEP][PASSED] - verifyElementPropertyValue(getResponse, "offers[1].groups[0].pricingPlans[0].currency", "EGP"): Verify element property value successfully

2023-10-16 14:12:47 - [MESSAGE][PASSED] - Verify element property value successfully

2023-10-16 14:12:47 - [TEST_STEP][PASSED] - verifyElementPropertyValue(getResponse, "offers[1].groups[0].pricingPlans[0].order", "0"): Verify element property value successfully

2023-10-16 14:12:47 - [MESSAGE][PASSED] - Verify element property value successfully

2023-10-16 14:12:47 - [TEST_STEP][PASSED] - verifyElementPropertyValue(getResponse, "offers[1].groups[0].pricingPlans[0].packageId", "SHAHID_VIP"): Verify element property value successfully

2023-10-16 14:12:47 - [MESSAGE][PASSED] - Verify element property value successfully

2023-10-16 14:12:47 - [TEST_STEP][PASSED] - verifyElementPropertyValue(getResponse, "offers[1].groups[0].pricingPlans[0].catalogId", "VIP"): Verify element property value successfully

2023-10-16 14:12:47 - [MESSAGE][PASSED] - Verify element property value successfully

2023-10-16 14:12:47 - [TEST_STEP][PASSED] - verifyElementPropertyValue(getResponse, "offers[1].groups[0].pricingPlans[0].visualElements[0].key", "Header_1_text"): Verify element property value successfully

2023-10-16 14:12:47 - [MESSAGE][PASSED] - Verify element property value successfully

2023-10-16 14:12:47 - [TEST_STEP][PASSED] - verifyElementPropertyValue(getResponse, "offers[1].groups[0].pricingPlans[0].visualElements[0].value", "Watch the most powerful series and movies exclusively without stopping"): Verify element property value successfully

2023-10-16 14:12:47 - [MESSAGE][PASSED] - Verify element property value successfully

2023-10-16 14:12:47 - [TEST_STEP][PASSED] - verifyElementPropertyValue(getResponse, "offers[1].groups[0].pricingPlans[0].visualElements[1].key", "display_title"): Verify element property value successfully

2023-10-16 14:12:47 - [MESSAGE][PASSED] - Verify element property value successfully

2023-10-16 14:12:47 - [TEST_STEP][FAILED] - verifyElementPropertyValue(getResponse, "offers[1].groups[0].pricingPlans[0].visualElements[1].value", "40% Discount Offer"): Expected element property value '40% Discount Offer' is not equal with actual property value '40% Discount Offer​'

2023-10-16 14:12:47 - [MESSAGE][FAILED] - Expected element property value '40% Discount Offer' is not equal with actual property value '40% Discount Offer​'

2023-10-16 14:12:47 - [TEST_STEP][PASSED] - verifyElementPropertyValue(getResponse, "offers[1].groups[0].pricingPlans[0].visualElements[3].key", "deduction_text"): Verify element property value successfully

2023-10-16 14:12:47 - [MESSAGE][PASSED] - Verify element property value successfully

2023-10-16 14:12:47 - [TEST_STEP][PASSED] - verifyElementPropertyValue(getResponse, "offers[1].groups[0].pricingPlans[0].visualElements[3].value", "billed monthly"): Verify element property value successfully

2023-10-16 14:12:47 - [MESSAGE][PASSED] - Verify element property value successfully

2023-10-16 14:12:47 - [TEST_STEP][PASSED] - verifyElementPropertyValue(getResponse, "offers[1].groups[0].pricingPlans[0].visualElements[6].key", "show_payment_logo"): Verify element property value successfully

2023-10-16 14:12:47 - [MESSAGE][PASSED] - Verify element property value successfully

2023-10-16 14:12:47 - [TEST_STEP][PASSED] - verifyElementPropertyValue(getResponse, "offers[1].groups[0].pricingPlans[0].visualElements[6].value", "true"): Verify element property value successfully

2023-10-16 14:12:47 - [MESSAGE][PASSED] - Verify element property value successfully

2023-10-16 14:12:47 - [TEST_STEP][PASSED] - verifyElementPropertyValue(getResponse, "offers[1].groups[0].pricingPlans[0].visualElements[8].key", "price"): Verify element property value successfully

2023-10-16 14:12:47 - [MESSAGE][PASSED] - Verify element property value successfully

2023-10-16 14:12:47 - [TEST_STEP][PASSED] - verifyElementPropertyValue(getResponse, "offers[1].groups[0].pricingPlans[0].visualElements[8].value", "35.99"): Verify element property value successfully

2023-10-16 14:12:47 - [MESSAGE][PASSED] - Verify element property value successfully

2023-10-16 14:12:47 - [TEST_STEP][PASSED] - verifyElementPropertyValue(getResponse, "offers[1].groups[0].pricingPlans[0].visualElements[9].key", "currency"): Verify element property value successfully

2023-10-16 14:12:47 - [MESSAGE][PASSED] - Verify element property value successfully

2023-10-16 14:12:47 - [TEST_STEP][PASSED] - verifyElementPropertyValue(getResponse, "offers[1].groups[0].pricingPlans[0].visualElements[9].value", "EGP"): Verify element property value successfully

2023-10-16 14:12:47 - [MESSAGE][PASSED] - Verify element property value successfully

2023-10-16 14:12:47 - [TEST_STEP][PASSED] - verifyElementPropertyValue(getResponse, "offers[1].groups[0].pricingPlans[0].visualElements[10].key", "duration"): Verify element property value successfully

2023-10-16 14:12:47 - [MESSAGE][PASSED] - Verify element property value successfully

2023-10-16 14:12:47 - [TEST_STEP][PASSED] - verifyElementPropertyValue(getResponse, "offers[1].groups[0].pricingPlans[0].visualElements[10].value", "Monthly"): Verify element property value successfully

2023-10-16 14:12:47 - [MESSAGE][PASSED] - Verify element property value successfully

2023-10-16 14:12:47 - [TEST_STEP][PASSED] - verifyElementPropertyValue(getResponse, "offers[1].groups[0].pricingPlans[0].visualElements[11].key", "featured_tag_text"): Verify element property value successfully

2023-10-16 14:12:47 - [MESSAGE][PASSED] - Verify element property value successfully

2023-10-16 14:12:47 - [TEST_STEP][PASSED] - verifyElementPropertyValue(getResponse, "offers[1].groups[0].pricingPlans[0].visualElements[11].value", "Limited Time Offer"): Verify element property value successfully

2023-10-16 14:12:47 - [MESSAGE][PASSED] - Verify element property value successfully

2023-10-16 14:12:47 - [TEST_STEP][PASSED] - verifyElementPropertyValue(getResponse, "offers[1].groups[0].pricingPlans[0].visualElements[13].key", "tag_text"): Verify element property value successfully

2023-10-16 14:12:47 - [MESSAGE][PASSED] - Verify element property value successfully

2023-10-16 14:12:47 - [TEST_STEP][PASSED] - verifyElementPropertyValue(getResponse, "offers[1].groups[0].pricingPlans[0].visualElements[13].value", "Save 40%"): Verify element property value successfully

2023-10-16 14:12:47 - [MESSAGE][PASSED] - Verify element property value successfully

2023-10-16 14:12:47 - [TEST_STEP][PASSED] - verifyElementPropertyValue(getResponse, "offers[1].groups[0].pricingPlans[0].visualElements[12].key", "show_tag"): Verify element property value successfully

2023-10-16 14:12:47 - [MESSAGE][PASSED] - Verify element property value successfully

2023-10-16 14:12:47 - [TEST_STEP][PASSED] - verifyElementPropertyValue(getResponse, "offers[1].groups[0].pricingPlans[0].visualElements[12].value", "true"): Verify element property value successfully

2023-10-16 14:12:47 - [MESSAGE][PASSED] - Verify element property value successfully

2023-10-16 14:12:47 - [TEST_STEP][PASSED] - verifyElementPropertyValue(getResponse, "offers[1].groups[0].pricingPlans[0].pricingPlanData[0].productId", "EGY_B2C_SHAHID_VIP_1M"): Verify element property value successfully

2023-10-16 14:12:47 - [MESSAGE][PASSED] - Verify element property value successfully

2023-10-16 14:12:47 - [TEST_STEP][PASSED] - verifyElementPropertyValue(getResponse, "offers[1].groups[0].pricingPlans[0].pricingPlanData[0].paymentMethod", "CREDIT_CARD"): Verify element property value successfully

2023-10-16 14:12:47 - [MESSAGE][PASSED] - Verify element property value successfully

2023-10-16 14:12:47 - [TEST_STEP][PASSED] - verifyElementPropertyValue(getResponse, "offers[1].groups[0].pricingPlans[0].pricingPlanData[0].freeTrialEnabled", "false"): Verify element property value successfully

2023-10-16 14:12:47 - [MESSAGE][PASSED] - Verify element property value successfully

2023-10-16 14:12:47 - [TEST_STEP][PASSED] - verifyElementPropertyValue(getResponse, "offers[1].groups[0].pricingPlans[0].pricingPlanData[0].showIn[0]", "VERTICAL_MODE"): Verify element property value successfully

2023-10-16 14:12:47 - [MESSAGE][PASSED] - Verify element property value successfully

2023-10-16 14:12:47 - [TEST_STEP][PASSED] - verifyElementPropertyValue(getResponse, "offers[1].groups[0].pricingPlans[0].pricingPlanData[0].showIn[1]", "HORIZONTAL_MODE"): Verify element property value successfully

2023-10-16 14:12:47 - [MESSAGE][PASSED] - Verify element property value successfully

2023-10-16 14:12:47 - [TEST_STEP][PASSED] - verifyElementPropertyValue(getResponse, "offers[1].groups[0].pricingPlans[0].pricingPlanData[0].priceLabel", "35.99"): Verify element property value successfully

2023-10-16 14:12:47 - [MESSAGE][PASSED] - Verify element property value successfully

2023-10-16 14:12:47 - [TEST_STEP][PASSED] - verifyElementPropertyValue(getResponse, "offers[1].groups[0].pricingPlans[0].pricingPlanData[0].currencyLabel", "EGP"): Verify element property value successfully

2023-10-16 14:12:47 - [MESSAGE][PASSED] - Verify element property value successfully

2023-10-16 14:12:47 - [TEST_STEP][PASSED] - verifyElementPropertyValue(getResponse, "offers[1].groups[0].pricingPlans[0].pricingPlanData[0].dealId", "RE_40P_EGY"): Verify element property value successfully

2023-10-16 14:12:47 - [MESSAGE][PASSED] - Verify element property value successfully

2023-10-16 14:12:47 - [TEST_STEP][PASSED] - verifyElementPropertyValue(getResponse, "offers[1].groups[0].pricingPlans[0].pricingPlanData[0].allowedForAcquisition", "true"): Verify element property value successfully

2023-10-16 14:12:47 - [MESSAGE][PASSED] - Verify element property value successfully

2023-10-16 14:12:47 - [TEST_STEP][PASSED] - verifyElementPropertyValue(getResponse, "offers[1].groups[0].pricingPlans[0].pricingPlanData[0].visualElements[0].key", "title"): Verify element property value successfully

2023-10-16 14:12:47 - [MESSAGE][PASSED] - Verify element property value successfully

2023-10-16 14:12:47 - [TEST_STEP][PASSED] - verifyElementPropertyValue(getResponse, "offers[1].groups[0].pricingPlans[0].pricingPlanData[0].visualElements[0].value", "Credit/Debit Card"): Verify element property value successfully

2023-10-16 14:12:47 - [MESSAGE][PASSED] - Verify element property value successfully

2023-10-16 14:12:47 - [TEST_STEP][PASSED] - verifyElementPropertyValue(getResponse, "offers[1].groups[0].pricingPlans[0].pricingPlanData[0].visualElements[1].key", "CTA_text"): Verify element property value successfully

2023-10-16 14:12:47 - [MESSAGE][PASSED] - Verify element property value successfully

2023-10-16 14:12:47 - [TEST_STEP][PASSED] - verifyElementPropertyValue(getResponse, "offers[1].groups[0].pricingPlans[0].pricingPlanData[0].visualElements[1].value", "Subscribe"): Verify element property value successfully

2023-10-16 14:12:47 - [MESSAGE][PASSED] - Verify element property value successfully

2023-10-16 14:12:47 - [TEST_STEP][PASSED] - verifyElementPropertyValue(getResponse, "offers[1].groups[0].pricingPlans[0].pricingPlanData[0].visualElements[2].key", "logo"): Verify element property value successfully

2023-10-16 14:12:47 - [MESSAGE][PASSED] - Verify element property value successfully

2023-10-16 14:12:47 - [TEST_STEP][PASSED] - verifyElementPropertyValue(getResponse, "offers[1].groups[0].pricingPlans[0].pricingPlanData[0].visualElements[2].value", "https://static.s3.shahid.mbc.net/widget-images/icons/iconCreditCard.png"): Verify element property value successfully

2023-10-16 14:12:47 - [MESSAGE][PASSED] - Verify element property value successfully

2023-10-16 14:12:47 - [TEST_STEP][PASSED] - verifyElementPropertyValue(getResponse, "offers[2].offerId", "winback-50-offer"): Verify element property value successfully

2023-10-16 14:12:47 - [MESSAGE][PASSED] - Verify element property value successfully

2023-10-16 14:12:47 - [TEST_STEP][PASSED] - verifyElementPropertyValue(getResponse, "offers[2].offerParam", "winback50"): Verify element property value successfully

2023-10-16 14:12:47 - [MESSAGE][PASSED] - Verify element property value successfully

2023-10-16 14:12:47 - [TEST_STEP][PASSED] - verifyElementPropertyValue(getResponse, "offers[2].groups[0].pricingPlans[0].featured", "true"): Verify element property value successfully

2023-10-16 14:12:47 - [MESSAGE][PASSED] - Verify element property value successfully

2023-10-16 14:12:47 - [TEST_STEP][PASSED] - verifyElementPropertyValue(getResponse, "offers[2].groups[0].pricingPlans[0].period", "monthly"): Verify element property value successfully

2023-10-16 14:12:47 - [MESSAGE][PASSED] - Verify element property value successfully

2023-10-16 14:12:47 - [TEST_STEP][PASSED] - verifyElementPropertyValue(getResponse, "offers[2].groups[0].pricingPlans[0].featured", "true"): Verify element property value successfully

2023-10-16 14:12:47 - [MESSAGE][PASSED] - Verify element property value successfully

2023-10-16 14:12:47 - [TEST_STEP][PASSED] - verifyElementPropertyValue(getResponse, "offers[2].groups[0].pricingPlans[0].price", "29.99"): Verify element property value successfully

2023-10-16 14:12:47 - [MESSAGE][PASSED] - Verify element property value successfully

2023-10-16 14:12:47 - [TEST_STEP][PASSED] - verifyElementPropertyValue(getResponse, "offers[2].groups[0].pricingPlans[0].currency", "EGP"): Verify element property value successfully

2023-10-16 14:12:47 - [MESSAGE][PASSED] - Verify element property value successfully

2023-10-16 14:12:47 - [TEST_STEP][PASSED] - verifyElementPropertyValue(getResponse, "offers[2].groups[0].pricingPlans[0].order", "0"): Verify element property value successfully

2023-10-16 14:12:47 - [MESSAGE][PASSED] - Verify element property value successfully

2023-10-16 14:12:47 - [TEST_STEP][PASSED] - verifyElementPropertyValue(getResponse, "offers[2].groups[0].pricingPlans[0].packageId", "SHAHID_VIP"): Verify element property value successfully

2023-10-16 14:12:47 - [MESSAGE][PASSED] - Verify element property value successfully

2023-10-16 14:12:47 - [TEST_STEP][PASSED] - verifyElementPropertyValue(getResponse, "offers[2].groups[0].pricingPlans[0].catalogId", "VIP"): Verify element property value successfully

2023-10-16 14:12:47 - [MESSAGE][PASSED] - Verify element property value successfully

2023-10-16 14:12:47 - [TEST_STEP][PASSED] - verifyElementPropertyValue(getResponse, "offers[2].groups[0].pricingPlans[0].visualElements[0].key", "Header_1_text"): Verify element property value successfully

2023-10-16 14:12:47 - [MESSAGE][PASSED] - Verify element property value successfully

2023-10-16 14:12:47 - [TEST_STEP][PASSED] - verifyElementPropertyValue(getResponse, "offers[2].groups[0].pricingPlans[0].visualElements[0].value", "Watch the most powerful series and movies exclusively without stopping"): Verify element property value successfully

2023-10-16 14:12:47 - [MESSAGE][PASSED] - Verify element property value successfully

2023-10-16 14:12:47 - [TEST_STEP][PASSED] - verifyElementPropertyValue(getResponse, "offers[2].groups[0].pricingPlans[0].visualElements[1].key", "display_title"): Verify element property value successfully

2023-10-16 14:12:47 - [MESSAGE][PASSED] - Verify element property value successfully

2023-10-16 14:12:47 - [TEST_STEP][FAILED] - verifyElementPropertyValue(getResponse, "offers[2].groups[0].pricingPlans[0].visualElements[1].value", "50% Discount Offer"): Expected element property value '50% Discount Offer' is not equal with actual property value '50% Discount Offer​'

2023-10-16 14:12:47 - [MESSAGE][FAILED] - Expected element property value '50% Discount Offer' is not equal with actual property value '50% Discount Offer​'

2023-10-16 14:12:47 - [TEST_STEP][PASSED] - verifyElementPropertyValue(getResponse, "offers[2].groups[0].pricingPlans[0].visualElements[3].key", "deduction_text"): Verify element property value successfully

2023-10-16 14:12:47 - [MESSAGE][PASSED] - Verify element property value successfully

2023-10-16 14:12:47 - [TEST_STEP][PASSED] - verifyElementPropertyValue(getResponse, "offers[2].groups[0].pricingPlans[0].visualElements[3].value", "billed monthly"): Verify element property value successfully

2023-10-16 14:12:48 - [MESSAGE][PASSED] - Verify element property value successfully

2023-10-16 14:12:48 - [TEST_STEP][PASSED] - verifyElementPropertyValue(getResponse, "offers[2].groups[0].pricingPlans[0].visualElements[6].key", "show_payment_logo"): Verify element property value successfully

2023-10-16 14:12:48 - [MESSAGE][PASSED] - Verify element property value successfully

2023-10-16 14:12:48 - [TEST_STEP][PASSED] - verifyElementPropertyValue(getResponse, "offers[2].groups[0].pricingPlans[0].visualElements[6].value", "true"): Verify element property value successfully

2023-10-16 14:12:48 - [MESSAGE][PASSED] - Verify element property value successfully

2023-10-16 14:12:48 - [TEST_STEP][PASSED] - verifyElementPropertyValue(getResponse, "offers[2].groups[0].pricingPlans[0].visualElements[8].key", "price"): Verify element property value successfully

2023-10-16 14:12:48 - [MESSAGE][PASSED] - Verify element property value successfully

2023-10-16 14:12:48 - [TEST_STEP][PASSED] - verifyElementPropertyValue(getResponse, "offers[2].groups[0].pricingPlans[0].visualElements[8].value", "29.99"): Verify element property value successfully

2023-10-16 14:12:48 - [MESSAGE][PASSED] - Verify element property value successfully

2023-10-16 14:12:49 - [TEST_STEP][PASSED] - verifyElementPropertyValue(getResponse, "offers[2].groups[0].pricingPlans[0].visualElements[9].key", "currency"): Verify element property value successfully

2023-10-16 14:12:49 - [MESSAGE][PASSED] - Verify element property value successfully

2023-10-16 14:12:49 - [TEST_STEP][PASSED] - verifyElementPropertyValue(getResponse, "offers[2].groups[0].pricingPlans[0].visualElements[9].value", "EGP"): Verify element property value successfully

2023-10-16 14:12:49 - [MESSAGE][PASSED] - Verify element property value successfully

2023-10-16 14:12:49 - [TEST_STEP][PASSED] - verifyElementPropertyValue(getResponse, "offers[2].groups[0].pricingPlans[0].visualElements[10].key", "duration"): Verify element property value successfully

2023-10-16 14:12:49 - [MESSAGE][PASSED] - Verify element property value successfully

2023-10-16 14:12:49 - [TEST_STEP][PASSED] - verifyElementPropertyValue(getResponse, "offers[2].groups[0].pricingPlans[0].visualElements[10].value", "Monthly"): Verify element property value successfully

2023-10-16 14:12:49 - [MESSAGE][PASSED] - Verify element property value successfully

2023-10-16 14:12:49 - [TEST_STEP][PASSED] - verifyElementPropertyValue(getResponse, "offers[2].groups[0].pricingPlans[0].visualElements[11].key", "featured_tag_text"): Verify element property value successfully

2023-10-16 14:12:49 - [MESSAGE][PASSED] - Verify element property value successfully

2023-10-16 14:12:49 - [TEST_STEP][PASSED] - verifyElementPropertyValue(getResponse, "offers[2].groups[0].pricingPlans[0].visualElements[11].value", "Limited Time Offer"): Verify element property value successfully

2023-10-16 14:12:49 - [MESSAGE][PASSED] - Verify element property value successfully

2023-10-16 14:12:49 - [TEST_STEP][PASSED] - verifyElementPropertyValue(getResponse, "offers[2].groups[0].pricingPlans[0].visualElements[13].key", "tag_text"): Verify element property value successfully

2023-10-16 14:12:49 - [MESSAGE][PASSED] - Verify element property value successfully

2023-10-16 14:12:49 - [TEST_STEP][PASSED] - verifyElementPropertyValue(getResponse, "offers[2].groups[0].pricingPlans[0].visualElements[13].value", "Save 50%"): Verify element property value successfully

2023-10-16 14:12:49 - [MESSAGE][PASSED] - Verify element property value successfully

2023-10-16 14:12:49 - [TEST_STEP][PASSED] - verifyElementPropertyValue(getResponse, "offers[2].groups[0].pricingPlans[0].visualElements[12].key", "show_tag"): Verify element property value successfully

2023-10-16 14:12:49 - [MESSAGE][PASSED] - Verify element property value successfully

2023-10-16 14:12:49 - [TEST_STEP][PASSED] - verifyElementPropertyValue(getResponse, "offers[2].groups[0].pricingPlans[0].visualElements[12].value", "true"): Verify element property value successfully

2023-10-16 14:12:49 - [MESSAGE][PASSED] - Verify element property value successfully

2023-10-16 14:12:49 - [TEST_STEP][PASSED] - verifyElementPropertyValue(getResponse, "offers[2].groups[0].pricingPlans[0].pricingPlanData[0].productId", "EGY_B2C_SHAHID_VIP_1M"): Verify element property value successfully

2023-10-16 14:12:49 - [MESSAGE][PASSED] - Verify element property value successfully

2023-10-16 14:12:49 - [TEST_STEP][PASSED] - verifyElementPropertyValue(getResponse, "offers[2].groups[0].pricingPlans[0].pricingPlanData[0].paymentMethod", "CREDIT_CARD"): Verify element property value successfully

2023-10-16 14:12:49 - [MESSAGE][PASSED] - Verify element property value successfully

2023-10-16 14:12:49 - [TEST_STEP][PASSED] - verifyElementPropertyValue(getResponse, "offers[2].groups[0].pricingPlans[0].pricingPlanData[0].freeTrialEnabled", "false"): Verify element property value successfully

2023-10-16 14:12:49 - [MESSAGE][PASSED] - Verify element property value successfully

2023-10-16 14:12:49 - [TEST_STEP][PASSED] - verifyElementPropertyValue(getResponse, "offers[2].groups[0].pricingPlans[0].pricingPlanData[0].showIn[0]", "VERTICAL_MODE"): Verify element property value successfully

2023-10-16 14:12:49 - [MESSAGE][PASSED] - Verify element property value successfully

2023-10-16 14:12:49 - [TEST_STEP][PASSED] - verifyElementPropertyValue(getResponse, "offers[2].groups[0].pricingPlans[0].pricingPlanData[0].showIn[1]", "HORIZONTAL_MODE"): Verify element property value successfully

2023-10-16 14:12:49 - [MESSAGE][PASSED] - Verify element property value successfully

2023-10-16 14:12:49 - [TEST_STEP][PASSED] - verifyElementPropertyValue(getResponse, "offers[2].groups[0].pricingPlans[0].pricingPlanData[0].priceLabel", "29.99"): Verify element property value successfully

2023-10-16 14:12:49 - [MESSAGE][PASSED] - Verify element property value successfully

2023-10-16 14:12:49 - [TEST_STEP][PASSED] - verifyElementPropertyValue(getResponse, "offers[2].groups[0].pricingPlans[0].pricingPlanData[0].currencyLabel", "EGP"): Verify element property value successfully

2023-10-16 14:12:49 - [MESSAGE][PASSED] - Verify element property value successfully

2023-10-16 14:12:49 - [TEST_STEP][PASSED] - verifyElementPropertyValue(getResponse, "offers[2].groups[0].pricingPlans[0].pricingPlanData[0].dealId", "RE_50P_EGY"): Verify element property value successfully

2023-10-16 14:12:49 - [MESSAGE][PASSED] - Verify element property value successfully

2023-10-16 14:12:49 - [TEST_STEP][PASSED] - verifyElementPropertyValue(getResponse, "offers[2].groups[0].pricingPlans[0].pricingPlanData[0].allowedForAcquisition", "true"): Verify element property value successfully

2023-10-16 14:12:49 - [MESSAGE][PASSED] - Verify element property value successfully

2023-10-16 14:12:49 - [TEST_STEP][PASSED] - verifyElementPropertyValue(getResponse, "offers[2].groups[0].pricingPlans[0].pricingPlanData[0].visualElements[0].key", "title"): Verify element property value successfully

2023-10-16 14:12:49 - [MESSAGE][PASSED] - Verify element property value successfully

2023-10-16 14:12:49 - [TEST_STEP][PASSED] - verifyElementPropertyValue(getResponse, "offers[2].groups[0].pricingPlans[0].pricingPlanData[0].visualElements[0].value", "Credit/Debit Card"): Verify element property value successfully

2023-10-16 14:12:49 - [MESSAGE][PASSED] - Verify element property value successfully

2023-10-16 14:12:49 - [TEST_STEP][PASSED] - verifyElementPropertyValue(getResponse, "offers[2].groups[0].pricingPlans[0].pricingPlanData[0].visualElements[1].key", "CTA_text"): Verify element property value successfully

2023-10-16 14:12:49 - [MESSAGE][PASSED] - Verify element property value successfully

2023-10-16 14:12:49 - [TEST_STEP][PASSED] - verifyElementPropertyValue(getResponse, "offers[2].groups[0].pricingPlans[0].pricingPlanData[0].visualElements[1].value", "Subscribe"): Verify element property value successfully

2023-10-16 14:12:49 - [MESSAGE][PASSED] - Verify element property value successfully

2023-10-16 14:12:49 - [TEST_STEP][PASSED] - verifyElementPropertyValue(getResponse, "offers[2].groups[0].pricingPlans[0].pricingPlanData[0].visualElements[2].key", "logo"): Verify element property value successfully

2023-10-16 14:12:49 - [MESSAGE][PASSED] - Verify element property value successfully

2023-10-16 14:12:49 - [TEST_STEP][PASSED] - verifyElementPropertyValue(getResponse, "offers[2].groups[0].pricingPlans[0].pricingPlanData[0].visualElements[2].value", "https://static.s3.shahid.mbc.net/widget-images/icons/iconCreditCard.png"): Verify element property value successfully

2023-10-16 14:12:49 - [MESSAGE][PASSED] - Verify element property value successfully

2023-10-16 14:12:49 - [TEST_STEP][PASSED] - verifyElementPropertyValue(getResponse, "offers[9].offerId", "byg-30-offer"): Verify element property value successfully

2023-10-16 14:12:49 - [MESSAGE][PASSED] - Verify element property value successfully

2023-10-16 14:12:49 - [TEST_STEP][PASSED] - verifyElementPropertyValue(getResponse, "offers[9].offerParam", "bygoffer30"): Verify element property value successfully

2023-10-16 14:12:49 - [MESSAGE][PASSED] - Verify element property value successfully

2023-10-16 14:12:49 - [TEST_STEP][PASSED] - verifyElementPropertyValue(getResponse, "offers[9].groups[0].pricingPlans[0].featured", "true"): Verify element property value successfully

2023-10-16 14:12:49 - [MESSAGE][PASSED] - Verify element property value successfully

2023-10-16 14:12:49 - [TEST_STEP][PASSED] - verifyElementPropertyValue(getResponse, "offers[9].groups[0].pricingPlans[0].period", "monthly"): Verify element property value successfully

2023-10-16 14:12:49 - [MESSAGE][PASSED] - Verify element property value successfully

2023-10-16 14:12:49 - [TEST_STEP][PASSED] - verifyElementPropertyValue(getResponse, "offers[9].groups[0].pricingPlans[0].featured", "true"): Verify element property value successfully

2023-10-16 14:12:49 - [MESSAGE][PASSED] - Verify element property value successfully

2023-10-16 14:12:49 - [TEST_STEP][PASSED] - verifyElementPropertyValue(getResponse, "offers[9].groups[0].pricingPlans[0].price", "41.99"): Verify element property value successfully

2023-10-16 14:12:49 - [MESSAGE][PASSED] - Verify element property value successfully

2023-10-16 14:12:49 - [TEST_STEP][PASSED] - verifyElementPropertyValue(getResponse, "offers[9].groups[0].pricingPlans[0].currency", "EGP"): Verify element property value successfully

2023-10-16 14:12:49 - [MESSAGE][PASSED] - Verify element property value successfully

2023-10-16 14:12:49 - [TEST_STEP][PASSED] - verifyElementPropertyValue(getResponse, "offers[9].groups[0].pricingPlans[0].order", "0"): Verify element property value successfully

2023-10-16 14:12:49 - [MESSAGE][PASSED] - Verify element property value successfully

2023-10-16 14:12:49 - [TEST_STEP][PASSED] - verifyElementPropertyValue(getResponse, "offers[9].groups[0].pricingPlans[0].packageId", "SHAHID_VIP"): Verify element property value successfully

2023-10-16 14:12:49 - [MESSAGE][PASSED] - Verify element property value successfully

2023-10-16 14:12:49 - [TEST_STEP][PASSED] - verifyElementPropertyValue(getResponse, "offers[9].groups[0].pricingPlans[0].catalogId", "VIP"): Verify element property value successfully

2023-10-16 14:12:49 - [MESSAGE][PASSED] - Verify element property value successfully

2023-10-16 14:12:49 - [TEST_STEP][PASSED] - verifyElementPropertyValue(getResponse, "offers[9].groups[0].pricingPlans[0].visualElements[0].key", "Header_1_text"): Verify element property value successfully

2023-10-16 14:12:49 - [MESSAGE][PASSED] - Verify element property value successfully

2023-10-16 14:12:49 - [TEST_STEP][PASSED] - verifyElementPropertyValue(getResponse, "offers[9].groups[0].pricingPlans[0].visualElements[0].value", "Watch the most powerful series and movies exclusively without stopping"): Verify element property value successfully

2023-10-16 14:12:49 - [MESSAGE][PASSED] - Verify element property value successfully

2023-10-16 14:12:49 - [TEST_STEP][PASSED] - verifyElementPropertyValue(getResponse, "offers[9].groups[0].pricingPlans[0].visualElements[1].key", "display_title"): Verify element property value successfully

2023-10-16 14:12:49 - [MESSAGE][PASSED] - Verify element property value successfully

2023-10-16 14:12:49 - [TEST_STEP][FAILED] - verifyElementPropertyValue(getResponse, "offers[9].groups[0].pricingPlans[0].visualElements[1].value", "30% Discount Offer"): Expected element property value '30% Discount Offer' is not equal with actual property value '30% Discount Offer​'

2023-10-16 14:12:49 - [MESSAGE][FAILED] - Expected element property value '30% Discount Offer' is not equal with actual property value '30% Discount Offer​'

2023-10-16 14:12:49 - [TEST_STEP][PASSED] - verifyElementPropertyValue(getResponse, "offers[9].groups[0].pricingPlans[0].visualElements[3].key", "deduction_text"): Verify element property value successfully

2023-10-16 14:12:49 - [MESSAGE][PASSED] - Verify element property value successfully

2023-10-16 14:12:49 - [TEST_STEP][PASSED] - verifyElementPropertyValue(getResponse, "offers[9].groups[0].pricingPlans[0].visualElements[3].value", "billed every month"): Verify element property value successfully

2023-10-16 14:12:49 - [MESSAGE][PASSED] - Verify element property value successfully

2023-10-16 14:12:49 - [TEST_STEP][PASSED] - verifyElementPropertyValue(getResponse, "offers[9].groups[0].pricingPlans[0].visualElements[6].key", "show_payment_logo"): Verify element property value successfully

2023-10-16 14:12:49 - [MESSAGE][PASSED] - Verify element property value successfully

2023-10-16 14:12:49 - [TEST_STEP][PASSED] - verifyElementPropertyValue(getResponse, "offers[9].groups[0].pricingPlans[0].visualElements[6].value", "true"): Verify element property value successfully

2023-10-16 14:12:49 - [MESSAGE][PASSED] - Verify element property value successfully

2023-10-16 14:12:49 - [TEST_STEP][PASSED] - verifyElementPropertyValue(getResponse, "offers[9].groups[0].pricingPlans[0].visualElements[8].key", "price"): Verify element property value successfully

2023-10-16 14:12:49 - [MESSAGE][PASSED] - Verify element property value successfully

2023-10-16 14:12:49 - [TEST_STEP][PASSED] - verifyElementPropertyValue(getResponse, "offers[9].groups[0].pricingPlans[0].visualElements[8].value", "41.99"): Verify element property value successfully

2023-10-16 14:12:49 - [MESSAGE][PASSED] - Verify element property value successfully

2023-10-16 14:12:49 - [TEST_STEP][PASSED] - verifyElementPropertyValue(getResponse, "offers[9].groups[0].pricingPlans[0].visualElements[9].key", "currency"): Verify element property value successfully

2023-10-16 14:12:49 - [MESSAGE][PASSED] - Verify element property value successfully

2023-10-16 14:12:49 - [TEST_STEP][PASSED] - verifyElementPropertyValue(getResponse, "offers[9].groups[0].pricingPlans[0].visualElements[9].value", "EGP"): Verify element property value successfully

2023-10-16 14:12:49 - [MESSAGE][PASSED] - Verify element property value successfully

2023-10-16 14:12:49 - [TEST_STEP][PASSED] - verifyElementPropertyValue(getResponse, "offers[9].groups[0].pricingPlans[0].visualElements[10].key", "duration"): Verify element property value successfully

2023-10-16 14:12:49 - [MESSAGE][PASSED] - Verify element property value successfully

2023-10-16 14:12:49 - [TEST_STEP][PASSED] - verifyElementPropertyValue(getResponse, "offers[9].groups[0].pricingPlans[0].visualElements[10].value", "Monthly"): Verify element property value successfully

2023-10-16 14:12:49 - [MESSAGE][PASSED] - Verify element property value successfully

2023-10-16 14:12:49 - [TEST_STEP][PASSED] - verifyElementPropertyValue(getResponse, "offers[9].groups[0].pricingPlans[0].visualElements[11].key", "featured_tag_text"): Verify element property value successfully

2023-10-16 14:12:49 - [MESSAGE][PASSED] - Verify element property value successfully

2023-10-16 14:12:49 - [TEST_STEP][PASSED] - verifyElementPropertyValue(getResponse, "offers[9].groups[0].pricingPlans[0].visualElements[11].value", "Limited Time Offer"): Verify element property value successfully

2023-10-16 14:12:49 - [MESSAGE][PASSED] - Verify element property value successfully

2023-10-16 14:12:49 - [TEST_STEP][PASSED] - verifyElementPropertyValue(getResponse, "offers[9].groups[0].pricingPlans[0].visualElements[12].key", "show_tag"): Verify element property value successfully

2023-10-16 14:12:49 - [MESSAGE][PASSED] - Verify element property value successfully

2023-10-16 14:12:49 - [TEST_STEP][PASSED] - verifyElementPropertyValue(getResponse, "offers[9].groups[0].pricingPlans[0].visualElements[12].value", "true"): Verify element property value successfully

2023-10-16 14:12:49 - [MESSAGE][PASSED] - Verify element property value successfully

2023-10-16 14:12:49 - [TEST_STEP][PASSED] - verifyElementPropertyValue(getResponse, "offers[9].groups[0].pricingPlans[0].visualElements[13].key", "tag_text"): Verify element property value successfully

2023-10-16 14:12:49 - [MESSAGE][PASSED] - Verify element property value successfully

2023-10-16 14:12:49 - [TEST_STEP][PASSED] - verifyElementPropertyValue(getResponse, "offers[9].groups[0].pricingPlans[0].visualElements[13].value", "Save 30%"): Verify element property value successfully

2023-10-16 14:12:49 - [MESSAGE][PASSED] - Verify element property value successfully

2023-10-16 14:12:49 - [TEST_STEP][PASSED] - verifyElementPropertyValue(getResponse, "offers[9].groups[0].pricingPlans[0].pricingPlanData[0].productId", "EGY_B2C_SHAHID_VIP_1M"): Verify element property value successfully

2023-10-16 14:12:49 - [MESSAGE][PASSED] - Verify element property value successfully

2023-10-16 14:12:49 - [TEST_STEP][PASSED] - verifyElementPropertyValue(getResponse, "offers[9].groups[0].pricingPlans[0].pricingPlanData[0].paymentMethod", "CREDIT_CARD"): Verify element property value successfully

2023-10-16 14:12:49 - [MESSAGE][PASSED] - Verify element property value successfully

2023-10-16 14:12:49 - [TEST_STEP][PASSED] - verifyElementPropertyValue(getResponse, "offers[9].groups[0].pricingPlans[0].pricingPlanData[0].freeTrialEnabled", "false"): Verify element property value successfully

2023-10-16 14:12:49 - [MESSAGE][PASSED] - Verify element property value successfully

2023-10-16 14:12:49 - [TEST_STEP][PASSED] - verifyElementPropertyValue(getResponse, "offers[9].groups[0].pricingPlans[0].pricingPlanData[0].showIn[0]", "VERTICAL_MODE"): Verify element property value successfully

2023-10-16 14:12:49 - [MESSAGE][PASSED] - Verify element property value successfully

2023-10-16 14:12:49 - [TEST_STEP][PASSED] - verifyElementPropertyValue(getResponse, "offers[9].groups[0].pricingPlans[0].pricingPlanData[0].showIn[1]", "HORIZONTAL_MODE"): Verify element property value successfully

2023-10-16 14:12:49 - [MESSAGE][PASSED] - Verify element property value successfully

2023-10-16 14:12:49 - [TEST_STEP][PASSED] - verifyElementPropertyValue(getResponse, "offers[9].groups[0].pricingPlans[0].pricingPlanData[0].priceLabel", "41.99"): Verify element property value successfully

2023-10-16 14:12:49 - [MESSAGE][PASSED] - Verify element property value successfully

2023-10-16 14:12:49 - [TEST_STEP][PASSED] - verifyElementPropertyValue(getResponse, "offers[9].groups[0].pricingPlans[0].pricingPlanData[0].currencyLabel", "EGP"): Verify element property value successfully

2023-10-16 14:12:49 - [MESSAGE][PASSED] - Verify element property value successfully

2023-10-16 14:12:49 - [TEST_STEP][PASSED] - verifyElementPropertyValue(getResponse, "offers[9].groups[0].pricingPlans[0].pricingPlanData[0].dealId", "BYG_30P_EGY"): Verify element property value successfully

2023-10-16 14:12:49 - [MESSAGE][PASSED] - Verify element property value successfully

2023-10-16 14:12:49 - [TEST_STEP][PASSED] - verifyElementPropertyValue(getResponse, "offers[9].groups[0].pricingPlans[0].pricingPlanData[0].allowedForAcquisition", "true"): Verify element property value successfully

2023-10-16 14:12:49 - [MESSAGE][PASSED] - Verify element property value successfully

2023-10-16 14:12:49 - [TEST_STEP][PASSED] - verifyElementPropertyValue(getResponse, "offers[9].groups[0].pricingPlans[0].pricingPlanData[0].visualElements[0].key", "title"): Verify element property value successfully

2023-10-16 14:12:49 - [MESSAGE][PASSED] - Verify element property value successfully

2023-10-16 14:12:49 - [TEST_STEP][PASSED] - verifyElementPropertyValue(getResponse, "offers[9].groups[0].pricingPlans[0].pricingPlanData[0].visualElements[0].value", "Credit/Debit Card"): Verify element property value successfully

2023-10-16 14:12:49 - [MESSAGE][PASSED] - Verify element property value successfully

2023-10-16 14:12:49 - [TEST_STEP][PASSED] - verifyElementPropertyValue(getResponse, "offers[9].groups[0].pricingPlans[0].pricingPlanData[0].visualElements[1].key", "CTA_text"): Verify element property value successfully

2023-10-16 14:12:49 - [MESSAGE][PASSED] - Verify element property value successfully

2023-10-16 14:12:49 - [TEST_STEP][PASSED] - verifyElementPropertyValue(getResponse, "offers[9].groups[0].pricingPlans[0].pricingPlanData[0].visualElements[1].value", "Subscribe"): Verify element property value successfully

2023-10-16 14:12:49 - [MESSAGE][PASSED] - Verify element property value successfully

2023-10-16 14:12:49 - [TEST_STEP][PASSED] - verifyElementPropertyValue(getResponse, "offers[9].groups[0].pricingPlans[0].pricingPlanData[0].visualElements[2].key", "logo"): Verify element property value successfully

2023-10-16 14:12:49 - [MESSAGE][PASSED] - Verify element property value successfully

2023-10-16 14:12:49 - [TEST_STEP][PASSED] - verifyElementPropertyValue(getResponse, "offers[9].groups[0].pricingPlans[0].pricingPlanData[0].visualElements[2].value", "https://static.s3.shahid.mbc.net/widget-images/icons/iconCreditCard.png"): Verify element property value successfully

2023-10-16 14:12:49 - [MESSAGE][PASSED] - Verify element property value successfully

2023-10-16 14:12:49 - [TEST_STEP][PASSED] - verifyElementPropertyValue(getResponse, "offers[10].offerId", "byg-40-offer"): Verify element property value successfully

2023-10-16 14:12:49 - [MESSAGE][PASSED] - Verify element property value successfully

2023-10-16 14:12:49 - [TEST_STEP][PASSED] - verifyElementPropertyValue(getResponse, "offers[10].offerParam", "bygoffer40"): Verify element property value successfully

2023-10-16 14:12:49 - [MESSAGE][PASSED] - Verify element property value successfully

2023-10-16 14:12:49 - [TEST_STEP][PASSED] - verifyElementPropertyValue(getResponse, "offers[10].groups[0].pricingPlans[0].featured", "true"): Verify element property value successfully

2023-10-16 14:12:49 - [MESSAGE][PASSED] - Verify element property value successfully

2023-10-16 14:12:49 - [TEST_STEP][PASSED] - verifyElementPropertyValue(getResponse, "offers[10].groups[0].pricingPlans[0].period", "monthly"): Verify element property value successfully

2023-10-16 14:12:49 - [MESSAGE][PASSED] - Verify element property value successfully

2023-10-16 14:12:49 - [TEST_STEP][PASSED] - verifyElementPropertyValue(getResponse, "offers[10].groups[0].pricingPlans[0].featured", "true"): Verify element property value successfully

2023-10-16 14:12:49 - [MESSAGE][PASSED] - Verify element property value successfully

2023-10-16 14:12:49 - [TEST_STEP][PASSED] - verifyElementPropertyValue(getResponse, "offers[10].groups[0].pricingPlans[0].price", "35.99"): Verify element property value successfully

2023-10-16 14:12:49 - [MESSAGE][PASSED] - Verify element property value successfully

2023-10-16 14:12:49 - [TEST_STEP][PASSED] - verifyElementPropertyValue(getResponse, "offers[10].groups[0].pricingPlans[0].currency", "EGP"): Verify element property value successfully

2023-10-16 14:12:49 - [MESSAGE][PASSED] - Verify element property value successfully

2023-10-16 14:12:49 - [TEST_STEP][PASSED] - verifyElementPropertyValue(getResponse, "offers[10].groups[0].pricingPlans[0].order", "0"): Verify element property value successfully

2023-10-16 14:12:49 - [MESSAGE][PASSED] - Verify element property value successfully

2023-10-16 14:12:49 - [TEST_STEP][PASSED] - verifyElementPropertyValue(getResponse, "offers[10].groups[0].pricingPlans[0].packageId", "SHAHID_VIP"): Verify element property value successfully

2023-10-16 14:12:49 - [MESSAGE][PASSED] - Verify element property value successfully

2023-10-16 14:12:49 - [TEST_STEP][PASSED] - verifyElementPropertyValue(getResponse, "offers[10].groups[0].pricingPlans[0].catalogId", "VIP"): Verify element property value successfully

2023-10-16 14:12:49 - [MESSAGE][PASSED] - Verify element property value successfully

2023-10-16 14:12:49 - [TEST_STEP][PASSED] - verifyElementPropertyValue(getResponse, "offers[10].groups[0].pricingPlans[0].visualElements[0].key", "Header_1_text"): Verify element property value successfully

2023-10-16 14:12:49 - [MESSAGE][PASSED] - Verify element property value successfully

2023-10-16 14:12:49 - [TEST_STEP][PASSED] - verifyElementPropertyValue(getResponse, "offers[10].groups[0].pricingPlans[0].visualElements[0].value", "Watch the most powerful series and movies exclusively without stopping"): Verify element property value successfully

2023-10-16 14:12:49 - [MESSAGE][PASSED] - Verify element property value successfully

2023-10-16 14:12:49 - [TEST_STEP][PASSED] - verifyElementPropertyValue(getResponse, "offers[10].groups[0].pricingPlans[0].visualElements[1].key", "display_title"): Verify element property value successfully

2023-10-16 14:12:49 - [MESSAGE][PASSED] - Verify element property value successfully

2023-10-16 14:12:49 - [TEST_STEP][FAILED] - verifyElementPropertyValue(getResponse, "offers[10].groups[0].pricingPlans[0].visualElements[1].value", "40% Discount Offer"): Expected element property value '40% Discount Offer' is not equal with actual property value '40% Discount Offer​'

2023-10-16 14:12:49 - [MESSAGE][FAILED] - Expected element property value '40% Discount Offer' is not equal with actual property value '40% Discount Offer​'

2023-10-16 14:12:49 - [TEST_STEP][PASSED] - verifyElementPropertyValue(getResponse, "offers[10].groups[0].pricingPlans[0].visualElements[3].key", "deduction_text"): Verify element property value successfully

2023-10-16 14:12:49 - [MESSAGE][PASSED] - Verify element property value successfully

2023-10-16 14:12:49 - [TEST_STEP][PASSED] - verifyElementPropertyValue(getResponse, "offers[10].groups[0].pricingPlans[0].visualElements[3].value", "billed every month"): Verify element property value successfully

2023-10-16 14:12:49 - [MESSAGE][PASSED] - Verify element property value successfully

2023-10-16 14:12:49 - [TEST_STEP][PASSED] - verifyElementPropertyValue(getResponse, "offers[10].groups[0].pricingPlans[0].visualElements[6].key", "show_payment_logo"): Verify element property value successfully

2023-10-16 14:12:49 - [MESSAGE][PASSED] - Verify element property value successfully

2023-10-16 14:12:49 - [TEST_STEP][PASSED] - verifyElementPropertyValue(getResponse, "offers[10].groups[0].pricingPlans[0].visualElements[6].value", "true"): Verify element property value successfully

2023-10-16 14:12:49 - [MESSAGE][PASSED] - Verify element property value successfully

2023-10-16 14:12:49 - [TEST_STEP][PASSED] - verifyElementPropertyValue(getResponse, "offers[10].groups[0].pricingPlans[0].visualElements[8].key", "price"): Verify element property value successfully

2023-10-16 14:12:49 - [MESSAGE][PASSED] - Verify element property value successfully

2023-10-16 14:12:49 - [TEST_STEP][PASSED] - verifyElementPropertyValue(getResponse, "offers[10].groups[0].pricingPlans[0].visualElements[8].value", "35.99"): Verify element property value successfully

2023-10-16 14:12:49 - [MESSAGE][PASSED] - Verify element property value successfully

2023-10-16 14:12:49 - [TEST_STEP][PASSED] - verifyElementPropertyValue(getResponse, "offers[10].groups[0].pricingPlans[0].visualElements[9].key", "currency"): Verify element property value successfully

2023-10-16 14:12:49 - [MESSAGE][PASSED] - Verify element property value successfully

2023-10-16 14:12:49 - [TEST_STEP][PASSED] - verifyElementPropertyValue(getResponse, "offers[10].groups[0].pricingPlans[0].visualElements[9].value", "EGP"): Verify element property value successfully

2023-10-16 14:12:49 - [MESSAGE][PASSED] - Verify element property value successfully

2023-10-16 14:12:49 - [TEST_STEP][PASSED] - verifyElementPropertyValue(getResponse, "offers[10].groups[0].pricingPlans[0].visualElements[10].key", "duration"): Verify element property value successfully

2023-10-16 14:12:49 - [MESSAGE][PASSED] - Verify element property value successfully

2023-10-16 14:12:49 - [TEST_STEP][PASSED] - verifyElementPropertyValue(getResponse, "offers[10].groups[0].pricingPlans[0].visualElements[10].value", "Monthly"): Verify element property value successfully

2023-10-16 14:12:49 - [MESSAGE][PASSED] - Verify element property value successfully

2023-10-16 14:12:49 - [TEST_STEP][PASSED] - verifyElementPropertyValue(getResponse, "offers[10].groups[0].pricingPlans[0].visualElements[11].key", "featured_tag_text"): Verify element property value successfully

2023-10-16 14:12:49 - [MESSAGE][PASSED] - Verify element property value successfully

2023-10-16 14:12:49 - [TEST_STEP][PASSED] - verifyElementPropertyValue(getResponse, "offers[10].groups[0].pricingPlans[0].visualElements[11].value", "Limited Time Offer"): Verify element property value successfully

2023-10-16 14:12:49 - [MESSAGE][PASSED] - Verify element property value successfully

2023-10-16 14:12:49 - [TEST_STEP][PASSED] - verifyElementPropertyValue(getResponse, "offers[10].groups[0].pricingPlans[0].visualElements[13].key", "tag_text"): Verify element property value successfully

2023-10-16 14:12:49 - [MESSAGE][PASSED] - Verify element property value successfully

2023-10-16 14:12:49 - [TEST_STEP][PASSED] - verifyElementPropertyValue(getResponse, "offers[10].groups[0].pricingPlans[0].visualElements[13].value", "Save 40%"): Verify element property value successfully

2023-10-16 14:12:49 - [MESSAGE][PASSED] - Verify element property value successfully

2023-10-16 14:12:49 - [TEST_STEP][PASSED] - verifyElementPropertyValue(getResponse, "offers[10].groups[0].pricingPlans[0].visualElements[12].key", "show_tag"): Verify element property value successfully

2023-10-16 14:12:49 - [MESSAGE][PASSED] - Verify element property value successfully

2023-10-16 14:12:49 - [TEST_STEP][PASSED] - verifyElementPropertyValue(getResponse, "offers[10].groups[0].pricingPlans[0].visualElements[12].value", "true"): Verify element property value successfully

2023-10-16 14:12:49 - [MESSAGE][PASSED] - Verify element property value successfully

2023-10-16 14:12:49 - [TEST_STEP][PASSED] - verifyElementPropertyValue(getResponse, "offers[10].groups[0].pricingPlans[0].pricingPlanData[0].productId", "EGY_B2C_SHAHID_VIP_1M"): Verify element property value successfully

2023-10-16 14:12:49 - [MESSAGE][PASSED] - Verify element property value successfully

2023-10-16 14:12:49 - [TEST_STEP][PASSED] - verifyElementPropertyValue(getResponse, "offers[10].groups[0].pricingPlans[0].pricingPlanData[0].paymentMethod", "CREDIT_CARD"): Verify element property value successfully

2023-10-16 14:12:49 - [MESSAGE][PASSED] - Verify element property value successfully

2023-10-16 14:12:49 - [TEST_STEP][PASSED] - verifyElementPropertyValue(getResponse, "offers[10].groups[0].pricingPlans[0].pricingPlanData[0].freeTrialEnabled", "false"): Verify element property value successfully

2023-10-16 14:12:49 - [MESSAGE][PASSED] - Verify element property value successfully

2023-10-16 14:12:49 - [TEST_STEP][PASSED] - verifyElementPropertyValue(getResponse, "offers[10].groups[0].pricingPlans[0].pricingPlanData[0].showIn[0]", "VERTICAL_MODE"): Verify element property value successfully

2023-10-16 14:12:49 - [MESSAGE][PASSED] - Verify element property value successfully

2023-10-16 14:12:49 - [TEST_STEP][PASSED] - verifyElementPropertyValue(getResponse, "offers[10].groups[0].pricingPlans[0].pricingPlanData[0].showIn[1]", "HORIZONTAL_MODE"): Verify element property value successfully

2023-10-16 14:12:49 - [MESSAGE][PASSED] - Verify element property value successfully

2023-10-16 14:12:49 - [TEST_STEP][PASSED] - verifyElementPropertyValue(getResponse, "offers[10].groups[0].pricingPlans[0].pricingPlanData[0].priceLabel", "35.99"): Verify element property value successfully

2023-10-16 14:12:49 - [MESSAGE][PASSED] - Verify element property value successfully

2023-10-16 14:12:49 - [TEST_STEP][PASSED] - verifyElementPropertyValue(getResponse, "offers[10].groups[0].pricingPlans[0].pricingPlanData[0].currencyLabel", "EGP"): Verify element property value successfully

2023-10-16 14:12:49 - [MESSAGE][PASSED] - Verify element property value successfully

2023-10-16 14:12:49 - [TEST_STEP][PASSED] - verifyElementPropertyValue(getResponse, "offers[10].groups[0].pricingPlans[0].pricingPlanData[0].dealId", "BYG_40P_EGY"): Verify element property value successfully

2023-10-16 14:12:49 - [MESSAGE][PASSED] - Verify element property value successfully

2023-10-16 14:12:49 - [TEST_STEP][PASSED] - verifyElementPropertyValue(getResponse, "offers[10].groups[0].pricingPlans[0].pricingPlanData[0].allowedForAcquisition", "true"): Verify element property value successfully

2023-10-16 14:12:49 - [MESSAGE][PASSED] - Verify element property value successfully

2023-10-16 14:12:49 - [TEST_STEP][PASSED] - verifyElementPropertyValue(getResponse, "offers[10].groups[0].pricingPlans[0].pricingPlanData[0].visualElements[0].key", "title"): Verify element property value successfully

2023-10-16 14:12:49 - [MESSAGE][PASSED] - Verify element property value successfully

2023-10-16 14:12:49 - [TEST_STEP][PASSED] - verifyElementPropertyValue(getResponse, "offers[10].groups[0].pricingPlans[0].pricingPlanData[0].visualElements[0].value", "Credit/Debit Card"): Verify element property value successfully

2023-10-16 14:12:49 - [MESSAGE][PASSED] - Verify element property value successfully

2023-10-16 14:12:49 - [TEST_STEP][PASSED] - verifyElementPropertyValue(getResponse, "offers[10].groups[0].pricingPlans[0].pricingPlanData[0].visualElements[1].key", "CTA_text"): Verify element property value successfully

2023-10-16 14:12:49 - [MESSAGE][PASSED] - Verify element property value successfully

2023-10-16 14:12:49 - [TEST_STEP][PASSED] - verifyElementPropertyValue(getResponse, "offers[10].groups[0].pricingPlans[0].pricingPlanData[0].visualElements[1].value", "Subscribe"): Verify element property value successfully

2023-10-16 14:12:49 - [MESSAGE][PASSED] - Verify element property value successfully

2023-10-16 14:12:50 - [TEST_STEP][PASSED] - verifyElementPropertyValue(getResponse, "offers[10].groups[0].pricingPlans[0].pricingPlanData[0].visualElements[2].key", "logo"): Verify element property value successfully

2023-10-16 14:12:50 - [MESSAGE][PASSED] - Verify element property value successfully

2023-10-16 14:12:50 - [TEST_STEP][PASSED] - verifyElementPropertyValue(getResponse, "offers[10].groups[0].pricingPlans[0].pricingPlanData[0].visualElements[2].value", "https://static.s3.shahid.mbc.net/widget-images/icons/iconCreditCard.png"): Verify element property value successfully

2023-10-16 14:12:50 - [MESSAGE][PASSED] - Verify element property value successfully

2023-10-16 14:12:50 - [TEST_STEP][PASSED] - verifyElementPropertyValue(getResponse, "offers[11].offerId", "byg-50-offer"): Verify element property value successfully

2023-10-16 14:12:50 - [MESSAGE][PASSED] - Verify element property value successfully

2023-10-16 14:12:50 - [TEST_STEP][PASSED] - verifyElementPropertyValue(getResponse, "offers[11].offerParam", "bygoffer50"): Verify element property value successfully

2023-10-16 14:12:50 - [MESSAGE][PASSED] - Verify element property value successfully

2023-10-16 14:12:50 - [TEST_STEP][PASSED] - verifyElementPropertyValue(getResponse, "offers[11].groups[0].pricingPlans[0].featured", "true"): Verify element property value successfully

2023-10-16 14:12:50 - [MESSAGE][PASSED] - Verify element property value successfully

2023-10-16 14:12:50 - [TEST_STEP][PASSED] - verifyElementPropertyValue(getResponse, "offers[11].groups[0].pricingPlans[0].period", "monthly"): Verify element property value successfully

2023-10-16 14:12:50 - [MESSAGE][PASSED] - Verify element property value successfully

2023-10-16 14:12:50 - [TEST_STEP][PASSED] - verifyElementPropertyValue(getResponse, "offers[11].groups[0].pricingPlans[0].featured", "true"): Verify element property value successfully

2023-10-16 14:12:50 - [MESSAGE][PASSED] - Verify element property value successfully

2023-10-16 14:12:50 - [TEST_STEP][PASSED] - verifyElementPropertyValue(getResponse, "offers[11].groups[0].pricingPlans[0].price", "29.99"): Verify element property value successfully

2023-10-16 14:12:50 - [MESSAGE][PASSED] - Verify element property value successfully

2023-10-16 14:12:50 - [TEST_STEP][PASSED] - verifyElementPropertyValue(getResponse, "offers[11].groups[0].pricingPlans[0].currency", "EGP"): Verify element property value successfully

2023-10-16 14:12:50 - [MESSAGE][PASSED] - Verify element property value successfully

2023-10-16 14:12:50 - [TEST_STEP][PASSED] - verifyElementPropertyValue(getResponse, "offers[11].groups[0].pricingPlans[0].order", "0"): Verify element property value successfully

2023-10-16 14:12:50 - [MESSAGE][PASSED] - Verify element property value successfully

2023-10-16 14:12:50 - [TEST_STEP][PASSED] - verifyElementPropertyValue(getResponse, "offers[11].groups[0].pricingPlans[0].packageId", "SHAHID_VIP"): Verify element property value successfully

2023-10-16 14:12:50 - [MESSAGE][PASSED] - Verify element property value successfully

2023-10-16 14:12:50 - [TEST_STEP][PASSED] - verifyElementPropertyValue(getResponse, "offers[11].groups[0].pricingPlans[0].catalogId", "VIP"): Verify element property value successfully

2023-10-16 14:12:50 - [MESSAGE][PASSED] - Verify element property value successfully

2023-10-16 14:12:50 - [TEST_STEP][PASSED] - verifyElementPropertyValue(getResponse, "offers[11].groups[0].pricingPlans[0].visualElements[0].key", "Header_1_text"): Verify element property value successfully

2023-10-16 14:12:50 - [MESSAGE][PASSED] - Verify element property value successfully

2023-10-16 14:12:50 - [TEST_STEP][PASSED] - verifyElementPropertyValue(getResponse, "offers[11].groups[0].pricingPlans[0].visualElements[0].value", "Watch the most powerful series and movies exclusively without stopping"): Verify element property value successfully

2023-10-16 14:12:50 - [MESSAGE][PASSED] - Verify element property value successfully

2023-10-16 14:12:50 - [TEST_STEP][PASSED] - verifyElementPropertyValue(getResponse, "offers[11].groups[0].pricingPlans[0].visualElements[1].key", "display_title"): Verify element property value successfully

2023-10-16 14:12:50 - [MESSAGE][PASSED] - Verify element property value successfully

2023-10-16 14:12:50 - [TEST_STEP][FAILED] - verifyElementPropertyValue(getResponse, "offers[11].groups[0].pricingPlans[0].visualElements[1].value", "50% Discount Offer"): Expected element property value '50% Discount Offer' is not equal with actual property value '50% Discount Offer​'

2023-10-16 14:12:50 - [MESSAGE][FAILED] - Expected element property value '50% Discount Offer' is not equal with actual property value '50% Discount Offer​'

2023-10-16 14:12:50 - [TEST_STEP][PASSED] - verifyElementPropertyValue(getResponse, "offers[11].groups[0].pricingPlans[0].visualElements[3].key", "deduction_text"): Verify element property value successfully

2023-10-16 14:12:50 - [MESSAGE][PASSED] - Verify element property value successfully

2023-10-16 14:12:50 - [TEST_STEP][PASSED] - verifyElementPropertyValue(getResponse, "offers[11].groups[0].pricingPlans[0].visualElements[3].value", "billed every month"): Verify element property value successfully

2023-10-16 14:12:50 - [MESSAGE][PASSED] - Verify element property value successfully

2023-10-16 14:12:50 - [TEST_STEP][PASSED] - verifyElementPropertyValue(getResponse, "offers[11].groups[0].pricingPlans[0].visualElements[6].key", "show_payment_logo"): Verify element property value successfully

2023-10-16 14:12:50 - [MESSAGE][PASSED] - Verify element property value successfully

2023-10-16 14:12:50 - [TEST_STEP][PASSED] - verifyElementPropertyValue(getResponse, "offers[11].groups[0].pricingPlans[0].visualElements[6].value", "true"): Verify element property value successfully

2023-10-16 14:12:50 - [MESSAGE][PASSED] - Verify element property value successfully

2023-10-16 14:12:50 - [TEST_STEP][PASSED] - verifyElementPropertyValue(getResponse, "offers[11].groups[0].pricingPlans[0].visualElements[8].key", "price"): Verify element property value successfully

2023-10-16 14:12:50 - [MESSAGE][PASSED] - Verify element property value successfully

2023-10-16 14:12:50 - [TEST_STEP][PASSED] - verifyElementPropertyValue(getResponse, "offers[11].groups[0].pricingPlans[0].visualElements[8].value", "29.99"): Verify element property value successfully

2023-10-16 14:12:50 - [MESSAGE][PASSED] - Verify element property value successfully

2023-10-16 14:12:50 - [TEST_STEP][PASSED] - verifyElementPropertyValue(getResponse, "offers[11].groups[0].pricingPlans[0].visualElements[9].key", "currency"): Verify element property value successfully

2023-10-16 14:12:50 - [MESSAGE][PASSED] - Verify element property value successfully

2023-10-16 14:12:50 - [TEST_STEP][PASSED] - verifyElementPropertyValue(getResponse, "offers[11].groups[0].pricingPlans[0].visualElements[9].value", "EGP"): Verify element property value successfully

2023-10-16 14:12:50 - [MESSAGE][PASSED] - Verify element property value successfully

2023-10-16 14:12:50 - [TEST_STEP][PASSED] - verifyElementPropertyValue(getResponse, "offers[11].groups[0].pricingPlans[0].visualElements[10].key", "duration"): Verify element property value successfully

2023-10-16 14:12:50 - [MESSAGE][PASSED] - Verify element property value successfully

2023-10-16 14:12:50 - [TEST_STEP][PASSED] - verifyElementPropertyValue(getResponse, "offers[11].groups[0].pricingPlans[0].visualElements[10].value", "Monthly"): Verify element property value successfully

2023-10-16 14:12:50 - [MESSAGE][PASSED] - Verify element property value successfully

2023-10-16 14:12:50 - [TEST_STEP][PASSED] - verifyElementPropertyValue(getResponse, "offers[11].groups[0].pricingPlans[0].visualElements[11].key", "featured_tag_text"): Verify element property value successfully

2023-10-16 14:12:50 - [MESSAGE][PASSED] - Verify element property value successfully

2023-10-16 14:12:50 - [TEST_STEP][PASSED] - verifyElementPropertyValue(getResponse, "offers[11].groups[0].pricingPlans[0].visualElements[11].value", "Limited Time Offer"): Verify element property value successfully

2023-10-16 14:12:50 - [MESSAGE][PASSED] - Verify element property value successfully

2023-10-16 14:12:50 - [TEST_STEP][PASSED] - verifyElementPropertyValue(getResponse, "offers[11].groups[0].pricingPlans[0].visualElements[13].key", "tag_text"): Verify element property value successfully

2023-10-16 14:12:50 - [MESSAGE][PASSED] - Verify element property value successfully

2023-10-16 14:12:50 - [TEST_STEP][PASSED] - verifyElementPropertyValue(getResponse, "offers[11].groups[0].pricingPlans[0].visualElements[13].value", "Save 50%"): Verify element property value successfully

2023-10-16 14:12:50 - [MESSAGE][PASSED] - Verify element property value successfully

2023-10-16 14:12:50 - [TEST_STEP][PASSED] - verifyElementPropertyValue(getResponse, "offers[11].groups[0].pricingPlans[0].visualElements[12].key", "show_tag"): Verify element property value successfully

2023-10-16 14:12:50 - [MESSAGE][PASSED] - Verify element property value successfully

2023-10-16 14:12:50 - [TEST_STEP][PASSED] - verifyElementPropertyValue(getResponse, "offers[11].groups[0].pricingPlans[0].visualElements[12].value", "true"): Verify element property value successfully

2023-10-16 14:12:50 - [MESSAGE][PASSED] - Verify element property value successfully

2023-10-16 14:12:50 - [TEST_STEP][PASSED] - verifyElementPropertyValue(getResponse, "offers[11].groups[0].pricingPlans[0].pricingPlanData[0].productId", "EGY_B2C_SHAHID_VIP_1M"): Verify element property value successfully

2023-10-16 14:12:50 - [MESSAGE][PASSED] - Verify element property value successfully

2023-10-16 14:12:50 - [TEST_STEP][PASSED] - verifyElementPropertyValue(getResponse, "offers[11].groups[0].pricingPlans[0].pricingPlanData[0].paymentMethod", "CREDIT_CARD"): Verify element property value successfully

2023-10-16 14:12:50 - [MESSAGE][PASSED] - Verify element property value successfully

2023-10-16 14:12:50 - [TEST_STEP][PASSED] - verifyElementPropertyValue(getResponse, "offers[11].groups[0].pricingPlans[0].pricingPlanData[0].freeTrialEnabled", "false"): Verify element property value successfully

2023-10-16 14:12:50 - [MESSAGE][PASSED] - Verify element property value successfully

2023-10-16 14:12:50 - [TEST_STEP][PASSED] - verifyElementPropertyValue(getResponse, "offers[11].groups[0].pricingPlans[0].pricingPlanData[0].showIn[0]", "VERTICAL_MODE"): Verify element property value successfully

2023-10-16 14:12:50 - [MESSAGE][PASSED] - Verify element property value successfully

2023-10-16 14:12:50 - [TEST_STEP][PASSED] - verifyElementPropertyValue(getResponse, "offers[11].groups[0].pricingPlans[0].pricingPlanData[0].showIn[1]", "HORIZONTAL_MODE"): Verify element property value successfully

2023-10-16 14:12:50 - [MESSAGE][PASSED] - Verify element property value successfully

2023-10-16 14:12:50 - [TEST_STEP][PASSED] - verifyElementPropertyValue(getResponse, "offers[11].groups[0].pricingPlans[0].pricingPlanData[0].priceLabel", "29.99"): Verify element property value successfully

2023-10-16 14:12:50 - [MESSAGE][PASSED] - Verify element property value successfully

2023-10-16 14:12:50 - [TEST_STEP][PASSED] - verifyElementPropertyValue(getResponse, "offers[11].groups[0].pricingPlans[0].pricingPlanData[0].currencyLabel", "EGP"): Verify element property value successfully

2023-10-16 14:12:50 - [MESSAGE][PASSED] - Verify element property value successfully

2023-10-16 14:12:50 - [TEST_STEP][PASSED] - verifyElementPropertyValue(getResponse, "offers[11].groups[0].pricingPlans[0].pricingPlanData[0].dealId", "BYG_50P_EGY"): Verify element property value successfully

2023-10-16 14:12:50 - [MESSAGE][PASSED] - Verify element property value successfully

2023-10-16 14:12:50 - [TEST_STEP][PASSED] - verifyElementPropertyValue(getResponse, "offers[11].groups[0].pricingPlans[0].pricingPlanData[0].allowedForAcquisition", "true"): Verify element property value successfully

2023-10-16 14:12:50 - [MESSAGE][PASSED] - Verify element property value successfully

2023-10-16 14:12:50 - [TEST_STEP][PASSED] - verifyElementPropertyValue(getResponse, "offers[11].groups[0].pricingPlans[0].pricingPlanData[0].visualElements[0].key", "title"): Verify element property value successfully

2023-10-16 14:12:50 - [MESSAGE][PASSED] - Verify element property value successfully

2023-10-16 14:12:50 - [TEST_STEP][PASSED] - verifyElementPropertyValue(getResponse, "offers[11].groups[0].pricingPlans[0].pricingPlanData[0].visualElements[0].value", "Credit/Debit Card"): Verify element property value successfully

2023-10-16 14:12:50 - [MESSAGE][PASSED] - Verify element property value successfully

2023-10-16 14:12:50 - [TEST_STEP][PASSED] - verifyElementPropertyValue(getResponse, "offers[11].groups[0].pricingPlans[0].pricingPlanData[0].visualElements[1].key", "CTA_text"): Verify element property value successfully

2023-10-16 14:12:50 - [MESSAGE][PASSED] - Verify element property value successfully

2023-10-16 14:12:50 - [TEST_STEP][PASSED] - verifyElementPropertyValue(getResponse, "offers[11].groups[0].pricingPlans[0].pricingPlanData[0].visualElements[1].value", "Subscribe"): Verify element property value successfully

2023-10-16 14:12:50 - [MESSAGE][PASSED] - Verify element property value successfully

2023-10-16 14:12:50 - [TEST_STEP][PASSED] - verifyElementPropertyValue(getResponse, "offers[11].groups[0].pricingPlans[0].pricingPlanData[0].visualElements[2].key", "logo"): Verify element property value successfully

2023-10-16 14:12:50 - [MESSAGE][PASSED] - Verify element property value successfully

2023-10-16 14:12:50 - [TEST_STEP][PASSED] - verifyElementPropertyValue(getResponse, "offers[11].groups[0].pricingPlans[0].pricingPlanData[0].visualElements[2].value", "https://static.s3.shahid.mbc.net/widget-images/icons/iconCreditCard.png"): Verify element property value successfully

2023-10-16 14:12:50 - [MESSAGE][PASSED] - Verify element property value successfully]]></system-out>
         <system-err><![CDATA[2023-10-16 14:12:46 - [TEST_CASE][FAILED] - Test Cases/WEB - CHROME/EGY PI/WEB_EN_getOffersForEGY_VIP: Test Cases/WEB - CHROME/EGY PI/WEB_EN_getOffersForEGY_VIP FAILED.
Reason:
com.kms.katalon.core.exception.StepFailedException: Expected element property value '30% Discount Offer' is not equal with actual property value '30% Discount Offer​'
	at com.kms.katalon.core.keyword.internal.KeywordMain.stepFailed(KeywordMain.groovy:39)
	at com.kms.katalon.core.webservice.keyword.builtin.VerifyElementPropertyValueKeyword$_verifyElementPropertyValue_closure1.doCall(VerifyElementPropertyValueKeyword.groovy:56)
	at com.kms.katalon.core.webservice.keyword.builtin.VerifyElementPropertyValueKeyword$_verifyElementPropertyValue_closure1.call(VerifyElementPropertyValueKeyword.groovy)
	at com.kms.katalon.core.keyword.internal.KeywordMain.runKeyword(KeywordMain.groovy:75)
	at com.kms.katalon.core.webservice.keyword.builtin.VerifyElementPropertyValueKeyword.verifyElementPropertyValue(VerifyElementPropertyValueKeyword.groovy:48)
	at com.kms.katalon.core.webservice.keyword.builtin.VerifyElementPropertyValueKeyword.execute(VerifyElementPropertyValueKeyword.groovy:43)
	at com.kms.katalon.core.keyword.internal.KeywordExecutor.executeKeywordForPlatform(KeywordExecutor.groovy:74)
	at com.kms.katalon.core.webservice.keyword.WSBuiltInKeywords.verifyElementPropertyValue(WSBuiltInKeywords.groovy:190)
	at com.kms.katalon.core.webservice.keyword.WSBuiltInKeywords$verifyElementPropertyValue$1.call(Unknown Source)
	at WEB_EN_getOffersForEGY_VIP.run(WEB_EN_getOffersForEGY_VIP:60)
	at com.kms.katalon.core.main.ScriptEngine.run(ScriptEngine.java:194)
	at com.kms.katalon.core.main.ScriptEngine.runScriptAsRawText(ScriptEngine.java:119)
	at com.kms.katalon.core.main.TestCaseExecutor.runScript(TestCaseExecutor.java:448)
	at com.kms.katalon.core.main.TestCaseExecutor.doExecute(TestCaseExecutor.java:439)
	at com.kms.katalon.core.main.TestCaseExecutor.processExecutionPhase(TestCaseExecutor.java:418)
	at com.kms.katalon.core.main.TestCaseExecutor.accessMainPhase(TestCaseExecutor.java:410)
	at com.kms.katalon.core.main.TestCaseExecutor.execute(TestCaseExecutor.java:285)
	at com.kms.katalon.core.common.CommonExecutor.accessTestCaseMainPhase(CommonExecutor.java:65)
	at com.kms.katalon.core.main.TestSuiteExecutor.accessTestSuiteMainPhase(TestSuiteExecutor.java:148)
	at com.kms.katalon.core.main.TestSuiteExecutor.execute(TestSuiteExecutor.java:106)
	at com.kms.katalon.core.main.TestCaseMain.startTestSuite(TestCaseMain.java:187)
	at com.kms.katalon.core.main.TestCaseMain$startTestSuite$0.call(Unknown Source)
	at TempTestSuite1697454205358.run(TempTestSuite1697454205358.groovy:36)]]></system-err>
      </testcase>
      <testcase name="Test Cases/WEB - CHROME/EGY PI/WEB_FR_getOffersForEGY_SPORT" time="4.239" classname="Test Cases/WEB - CHROME/EGY PI/WEB_FR_getOffersForEGY_SPORT" status="PASSED">
         <system-out><![CDATA[2023-10-16 14:12:50 - [TEST_CASE][PASSED] - Test Cases/WEB - CHROME/EGY PI/WEB_FR_getOffersForEGY_SPORT: Test Cases/WEB - CHROME/EGY PI/WEB_FR_getOffersForEGY_SPORT

2023-10-16 14:12:50 - [TEST_STEP][PASSED] - getResponse = config_files.getConfigFile.getConfig("WEB", "FR", "SHAHID_VIP_SPORT", "EG", "false"): config_files.getConfigFile.getConfig is PASSED

2023-10-16 14:12:51 - [MESSAGE][INFO] - HAR: /Users/admin/git/shahid-configuration/Reports/20231016_140310/WEB/EGY/20231016_140325/requests/main/8.har

2023-10-16 14:12:51 - [MESSAGE][PASSED] - Send request successfully

2023-10-16 14:12:51 - [MESSAGE][PASSED] - config_files.getConfigFile.getConfig is PASSED

2023-10-16 14:12:51 - [TEST_STEP][PASSED] - verifyResponseStatusCode(getResponse, 200): Verify response status code successfully

2023-10-16 14:12:51 - [MESSAGE][PASSED] - Verify response status code successfully

2023-10-16 14:12:51 - [TEST_STEP][PASSED] - verifyElementPropertyValue(getResponse, "country", "EGY"): Verify element property value successfully

2023-10-16 14:12:51 - [MESSAGE][PASSED] - Verify element property value successfully

2023-10-16 14:12:51 - [TEST_STEP][PASSED] - verifyElementPropertyValue(getResponse, "platform", "[WEB]"): Verify element property value successfully

2023-10-16 14:12:51 - [MESSAGE][PASSED] - Verify element property value successfully

2023-10-16 14:12:51 - [TEST_STEP][PASSED] - verifyElementPropertyValue(getResponse, "offers[6].offerId", "winback-sport-30-offer"): Verify element property value successfully

2023-10-16 14:12:51 - [MESSAGE][PASSED] - Verify element property value successfully

2023-10-16 14:12:51 - [TEST_STEP][PASSED] - verifyElementPropertyValue(getResponse, "offers[6].offerParam", "sportsoffer30"): Verify element property value successfully

2023-10-16 14:12:51 - [MESSAGE][PASSED] - Verify element property value successfully

2023-10-16 14:12:51 - [TEST_STEP][PASSED] - verifyElementPropertyValue(getResponse, "offers[6].groups[0].pricingPlans[0].featured", "true"): Verify element property value successfully

2023-10-16 14:12:51 - [MESSAGE][PASSED] - Verify element property value successfully

2023-10-16 14:12:51 - [TEST_STEP][PASSED] - verifyElementPropertyValue(getResponse, "offers[6].groups[0].pricingPlans[0].period", "monthly"): Verify element property value successfully

2023-10-16 14:12:51 - [MESSAGE][PASSED] - Verify element property value successfully

2023-10-16 14:12:51 - [TEST_STEP][PASSED] - verifyElementPropertyValue(getResponse, "offers[6].groups[0].pricingPlans[0].featured", "true"): Verify element property value successfully

2023-10-16 14:12:51 - [MESSAGE][PASSED] - Verify element property value successfully

2023-10-16 14:12:51 - [TEST_STEP][PASSED] - verifyElementPropertyValue(getResponse, "offers[6].groups[0].pricingPlans[0].price", "76.99"): Verify element property value successfully

2023-10-16 14:12:51 - [MESSAGE][PASSED] - Verify element property value successfully

2023-10-16 14:12:51 - [TEST_STEP][PASSED] - verifyElementPropertyValue(getResponse, "offers[6].groups[0].pricingPlans[0].currency", "EGP"): Verify element property value successfully

2023-10-16 14:12:51 - [MESSAGE][PASSED] - Verify element property value successfully

2023-10-16 14:12:51 - [TEST_STEP][PASSED] - verifyElementPropertyValue(getResponse, "offers[6].groups[0].pricingPlans[0].order", "0"): Verify element property value successfully

2023-10-16 14:12:51 - [MESSAGE][PASSED] - Verify element property value successfully

2023-10-16 14:12:51 - [TEST_STEP][PASSED] - verifyElementPropertyValue(getResponse, "offers[6].groups[0].pricingPlans[0].packageId", "SHAHID_VIP_SPORT"): Verify element property value successfully

2023-10-16 14:12:51 - [MESSAGE][PASSED] - Verify element property value successfully

2023-10-16 14:12:51 - [TEST_STEP][PASSED] - verifyElementPropertyValue(getResponse, "offers[6].groups[0].pricingPlans[0].catalogId", "SPORT"): Verify element property value successfully

2023-10-16 14:12:51 - [MESSAGE][PASSED] - Verify element property value successfully

2023-10-16 14:12:51 - [TEST_STEP][PASSED] - verifyElementPropertyValue(getResponse, "offers[6].groups[0].pricingPlans[0].visualElements[0].key", "Header_1_text"): Verify element property value successfully

2023-10-16 14:12:51 - [MESSAGE][PASSED] - Verify element property value successfully

2023-10-16 14:12:51 - [TEST_STEP][PASSED] - verifyElementPropertyValue(getResponse, "offers[6].groups[0].pricingPlans[0].visualElements[0].value", "Abonnez-vous dès maintenant et profitez de vos programmes sans publicité"): Verify element property value successfully

2023-10-16 14:12:51 - [MESSAGE][PASSED] - Verify element property value successfully

2023-10-16 14:12:51 - [TEST_STEP][PASSED] - verifyElementPropertyValue(getResponse, "offers[6].groups[0].pricingPlans[0].visualElements[1].key", "display_title"): Verify element property value successfully

2023-10-16 14:12:51 - [MESSAGE][PASSED] - Verify element property value successfully

2023-10-16 14:12:51 - [TEST_STEP][PASSED] - verifyElementPropertyValue(getResponse, "offers[6].groups[0].pricingPlans[0].visualElements[1].value", "30% de réduction"): Verify element property value successfully

2023-10-16 14:12:51 - [MESSAGE][PASSED] - Verify element property value successfully

2023-10-16 14:12:51 - [TEST_STEP][PASSED] - verifyElementPropertyValue(getResponse, "offers[6].groups[0].pricingPlans[0].visualElements[3].key", "deduction_text"): Verify element property value successfully

2023-10-16 14:12:51 - [MESSAGE][PASSED] - Verify element property value successfully

2023-10-16 14:12:51 - [TEST_STEP][PASSED] - verifyElementPropertyValue(getResponse, "offers[6].groups[0].pricingPlans[0].visualElements[3].value", "facturation mensuelle"): Verify element property value successfully

2023-10-16 14:12:51 - [MESSAGE][PASSED] - Verify element property value successfully

2023-10-16 14:12:51 - [TEST_STEP][PASSED] - verifyElementPropertyValue(getResponse, "offers[6].groups[0].pricingPlans[0].visualElements[6].key", "show_payment_logo"): Verify element property value successfully

2023-10-16 14:12:51 - [MESSAGE][PASSED] - Verify element property value successfully

2023-10-16 14:12:51 - [TEST_STEP][PASSED] - verifyElementPropertyValue(getResponse, "offers[6].groups[0].pricingPlans[0].visualElements[6].value", "true"): Verify element property value successfully

2023-10-16 14:12:51 - [MESSAGE][PASSED] - Verify element property value successfully

2023-10-16 14:12:51 - [TEST_STEP][PASSED] - verifyElementPropertyValue(getResponse, "offers[6].groups[0].pricingPlans[0].visualElements[8].key", "price"): Verify element property value successfully

2023-10-16 14:12:51 - [MESSAGE][PASSED] - Verify element property value successfully

2023-10-16 14:12:51 - [TEST_STEP][PASSED] - verifyElementPropertyValue(getResponse, "offers[6].groups[0].pricingPlans[0].visualElements[8].value", "76.99"): Verify element property value successfully

2023-10-16 14:12:51 - [MESSAGE][PASSED] - Verify element property value successfully

2023-10-16 14:12:51 - [TEST_STEP][PASSED] - verifyElementPropertyValue(getResponse, "offers[6].groups[0].pricingPlans[0].visualElements[9].key", "currency"): Verify element property value successfully

2023-10-16 14:12:51 - [MESSAGE][PASSED] - Verify element property value successfully

2023-10-16 14:12:51 - [TEST_STEP][PASSED] - verifyElementPropertyValue(getResponse, "offers[6].groups[0].pricingPlans[0].visualElements[9].value", "EGP"): Verify element property value successfully

2023-10-16 14:12:51 - [MESSAGE][PASSED] - Verify element property value successfully

2023-10-16 14:12:51 - [TEST_STEP][PASSED] - verifyElementPropertyValue(getResponse, "offers[6].groups[0].pricingPlans[0].visualElements[10].key", "duration"): Verify element property value successfully

2023-10-16 14:12:51 - [MESSAGE][PASSED] - Verify element property value successfully

2023-10-16 14:12:51 - [TEST_STEP][PASSED] - verifyElementPropertyValue(getResponse, "offers[6].groups[0].pricingPlans[0].visualElements[10].value", "Mensuel"): Verify element property value successfully

2023-10-16 14:12:51 - [MESSAGE][PASSED] - Verify element property value successfully

2023-10-16 14:12:51 - [TEST_STEP][PASSED] - verifyElementPropertyValue(getResponse, "offers[6].groups[0].pricingPlans[0].visualElements[11].key", "featured_tag_text"): Verify element property value successfully

2023-10-16 14:12:51 - [MESSAGE][PASSED] - Verify element property value successfully

2023-10-16 14:12:51 - [TEST_STEP][PASSED] - verifyElementPropertyValue(getResponse, "offers[6].groups[0].pricingPlans[0].visualElements[11].value", "Offre limitée"): Verify element property value successfully

2023-10-16 14:12:51 - [MESSAGE][PASSED] - Verify element property value successfully

2023-10-16 14:12:51 - [TEST_STEP][PASSED] - verifyElementPropertyValue(getResponse, "offers[6].groups[0].pricingPlans[0].visualElements[13].key", "tag_text"): Verify element property value successfully

2023-10-16 14:12:51 - [MESSAGE][PASSED] - Verify element property value successfully

2023-10-16 14:12:51 - [TEST_STEP][PASSED] - verifyElementPropertyValue(getResponse, "offers[6].groups[0].pricingPlans[0].visualElements[13].value", "Économisez 30% "): Verify element property value successfully

2023-10-16 14:12:51 - [MESSAGE][PASSED] - Verify element property value successfully

2023-10-16 14:12:51 - [TEST_STEP][PASSED] - verifyElementPropertyValue(getResponse, "offers[6].groups[0].pricingPlans[0].visualElements[12].key", "show_tag"): Verify element property value successfully

2023-10-16 14:12:51 - [MESSAGE][PASSED] - Verify element property value successfully

2023-10-16 14:12:51 - [TEST_STEP][PASSED] - verifyElementPropertyValue(getResponse, "offers[6].groups[0].pricingPlans[0].visualElements[12].value", "true"): Verify element property value successfully

2023-10-16 14:12:51 - [MESSAGE][PASSED] - Verify element property value successfully

2023-10-16 14:12:51 - [TEST_STEP][PASSED] - verifyElementPropertyValue(getResponse, "offers[6].groups[0].pricingPlans[0].pricingPlanData[0].productId", "EGY_B2C_SHAHID_VIP_SPORT_1M"): Verify element property value successfully

2023-10-16 14:12:51 - [MESSAGE][PASSED] - Verify element property value successfully

2023-10-16 14:12:51 - [TEST_STEP][PASSED] - verifyElementPropertyValue(getResponse, "offers[6].groups[0].pricingPlans[0].pricingPlanData[0].paymentMethod", "CREDIT_CARD"): Verify element property value successfully

2023-10-16 14:12:51 - [MESSAGE][PASSED] - Verify element property value successfully

2023-10-16 14:12:51 - [TEST_STEP][PASSED] - verifyElementPropertyValue(getResponse, "offers[6].groups[0].pricingPlans[0].pricingPlanData[0].freeTrialEnabled", "false"): Verify element property value successfully

2023-10-16 14:12:51 - [MESSAGE][PASSED] - Verify element property value successfully

2023-10-16 14:12:51 - [TEST_STEP][PASSED] - verifyElementPropertyValue(getResponse, "offers[6].groups[0].pricingPlans[0].pricingPlanData[0].showIn[0]", "VERTICAL_MODE"): Verify element property value successfully

2023-10-16 14:12:51 - [MESSAGE][PASSED] - Verify element property value successfully

2023-10-16 14:12:51 - [TEST_STEP][PASSED] - verifyElementPropertyValue(getResponse, "offers[6].groups[0].pricingPlans[0].pricingPlanData[0].showIn[1]", "HORIZONTAL_MODE"): Verify element property value successfully

2023-10-16 14:12:51 - [MESSAGE][PASSED] - Verify element property value successfully

2023-10-16 14:12:51 - [TEST_STEP][PASSED] - verifyElementPropertyValue(getResponse, "offers[6].groups[0].pricingPlans[0].pricingPlanData[0].priceLabel", "76.99"): Verify element property value successfully

2023-10-16 14:12:51 - [MESSAGE][PASSED] - Verify element property value successfully

2023-10-16 14:12:51 - [TEST_STEP][PASSED] - verifyElementPropertyValue(getResponse, "offers[6].groups[0].pricingPlans[0].pricingPlanData[0].currencyLabel", "EGP"): Verify element property value successfully

2023-10-16 14:12:51 - [MESSAGE][PASSED] - Verify element property value successfully

2023-10-16 14:12:51 - [TEST_STEP][PASSED] - verifyElementPropertyValue(getResponse, "offers[6].groups[0].pricingPlans[0].pricingPlanData[0].dealId", "WB_SPORT_30P_EGY"): Verify element property value successfully

2023-10-16 14:12:51 - [MESSAGE][PASSED] - Verify element property value successfully

2023-10-16 14:12:51 - [TEST_STEP][PASSED] - verifyElementPropertyValue(getResponse, "offers[6].groups[0].pricingPlans[0].pricingPlanData[0].allowedForAcquisition", "true"): Verify element property value successfully

2023-10-16 14:12:51 - [MESSAGE][PASSED] - Verify element property value successfully

2023-10-16 14:12:51 - [TEST_STEP][PASSED] - verifyElementPropertyValue(getResponse, "offers[6].groups[0].pricingPlans[0].pricingPlanData[0].visualElements[0].key", "title"): Verify element property value successfully

2023-10-16 14:12:51 - [MESSAGE][PASSED] - Verify element property value successfully

2023-10-16 14:12:51 - [TEST_STEP][PASSED] - verifyElementPropertyValue(getResponse, "offers[6].groups[0].pricingPlans[0].pricingPlanData[0].visualElements[0].value", "Carte de crédit/débit"): Verify element property value successfully

2023-10-16 14:12:51 - [MESSAGE][PASSED] - Verify element property value successfully

2023-10-16 14:12:51 - [TEST_STEP][PASSED] - verifyElementPropertyValue(getResponse, "offers[6].groups[0].pricingPlans[0].pricingPlanData[0].visualElements[1].key", "CTA_text"): Verify element property value successfully

2023-10-16 14:12:51 - [MESSAGE][PASSED] - Verify element property value successfully

2023-10-16 14:12:51 - [TEST_STEP][PASSED] - verifyElementPropertyValue(getResponse, "offers[6].groups[0].pricingPlans[0].pricingPlanData[0].visualElements[1].value", "S’abonner"): Verify element property value successfully

2023-10-16 14:12:51 - [MESSAGE][PASSED] - Verify element property value successfully

2023-10-16 14:12:51 - [TEST_STEP][PASSED] - verifyElementPropertyValue(getResponse, "offers[6].groups[0].pricingPlans[0].pricingPlanData[0].visualElements[2].key", "logo"): Verify element property value successfully

2023-10-16 14:12:51 - [MESSAGE][PASSED] - Verify element property value successfully

2023-10-16 14:12:51 - [TEST_STEP][PASSED] - verifyElementPropertyValue(getResponse, "offers[6].groups[0].pricingPlans[0].pricingPlanData[0].visualElements[2].value", "https://static.s3.shahid.mbc.net/widget-images/icons/iconCreditCard.png"): Verify element property value successfully

2023-10-16 14:12:51 - [MESSAGE][PASSED] - Verify element property value successfully

2023-10-16 14:12:51 - [TEST_STEP][PASSED] - verifyElementPropertyValue(getResponse, "offers[7].offerId", "winback-sport-40-offer"): Verify element property value successfully

2023-10-16 14:12:51 - [MESSAGE][PASSED] - Verify element property value successfully

2023-10-16 14:12:51 - [TEST_STEP][PASSED] - verifyElementPropertyValue(getResponse, "offers[7].offerParam", "sportsoffer40"): Verify element property value successfully

2023-10-16 14:12:51 - [MESSAGE][PASSED] - Verify element property value successfully

2023-10-16 14:12:51 - [TEST_STEP][PASSED] - verifyElementPropertyValue(getResponse, "offers[7].groups[0].pricingPlans[0].featured", "true"): Verify element property value successfully

2023-10-16 14:12:51 - [MESSAGE][PASSED] - Verify element property value successfully

2023-10-16 14:12:51 - [TEST_STEP][PASSED] - verifyElementPropertyValue(getResponse, "offers[7].groups[0].pricingPlans[0].period", "monthly"): Verify element property value successfully

2023-10-16 14:12:51 - [MESSAGE][PASSED] - Verify element property value successfully

2023-10-16 14:12:51 - [TEST_STEP][PASSED] - verifyElementPropertyValue(getResponse, "offers[7].groups[0].pricingPlans[0].featured", "true"): Verify element property value successfully

2023-10-16 14:12:51 - [MESSAGE][PASSED] - Verify element property value successfully

2023-10-16 14:12:51 - [TEST_STEP][PASSED] - verifyElementPropertyValue(getResponse, "offers[7].groups[0].pricingPlans[0].price", "65.99"): Verify element property value successfully

2023-10-16 14:12:51 - [MESSAGE][PASSED] - Verify element property value successfully

2023-10-16 14:12:51 - [TEST_STEP][PASSED] - verifyElementPropertyValue(getResponse, "offers[7].groups[0].pricingPlans[0].currency", "EGP"): Verify element property value successfully

2023-10-16 14:12:51 - [MESSAGE][PASSED] - Verify element property value successfully

2023-10-16 14:12:51 - [TEST_STEP][PASSED] - verifyElementPropertyValue(getResponse, "offers[7].groups[0].pricingPlans[0].order", "0"): Verify element property value successfully

2023-10-16 14:12:51 - [MESSAGE][PASSED] - Verify element property value successfully

2023-10-16 14:12:51 - [TEST_STEP][PASSED] - verifyElementPropertyValue(getResponse, "offers[7].groups[0].pricingPlans[0].packageId", "SHAHID_VIP_SPORT"): Verify element property value successfully

2023-10-16 14:12:51 - [MESSAGE][PASSED] - Verify element property value successfully

2023-10-16 14:12:51 - [TEST_STEP][PASSED] - verifyElementPropertyValue(getResponse, "offers[7].groups[0].pricingPlans[0].catalogId", "SPORT"): Verify element property value successfully

2023-10-16 14:12:51 - [MESSAGE][PASSED] - Verify element property value successfully

2023-10-16 14:12:51 - [TEST_STEP][PASSED] - verifyElementPropertyValue(getResponse, "offers[7].groups[0].pricingPlans[0].visualElements[0].key", "Header_1_text"): Verify element property value successfully

2023-10-16 14:12:51 - [MESSAGE][PASSED] - Verify element property value successfully

2023-10-16 14:12:51 - [TEST_STEP][PASSED] - verifyElementPropertyValue(getResponse, "offers[7].groups[0].pricingPlans[0].visualElements[0].value", "Abonnez-vous dès maintenant et profitez de vos programmes sans publicité"): Verify element property value successfully

2023-10-16 14:12:51 - [MESSAGE][PASSED] - Verify element property value successfully

2023-10-16 14:12:51 - [TEST_STEP][PASSED] - verifyElementPropertyValue(getResponse, "offers[7].groups[0].pricingPlans[0].visualElements[1].key", "display_title"): Verify element property value successfully

2023-10-16 14:12:51 - [MESSAGE][PASSED] - Verify element property value successfully

2023-10-16 14:12:51 - [TEST_STEP][PASSED] - verifyElementPropertyValue(getResponse, "offers[7].groups[0].pricingPlans[0].visualElements[1].value", "40% de réduction"): Verify element property value successfully

2023-10-16 14:12:51 - [MESSAGE][PASSED] - Verify element property value successfully

2023-10-16 14:12:51 - [TEST_STEP][PASSED] - verifyElementPropertyValue(getResponse, "offers[7].groups[0].pricingPlans[0].visualElements[3].key", "deduction_text"): Verify element property value successfully

2023-10-16 14:12:51 - [MESSAGE][PASSED] - Verify element property value successfully

2023-10-16 14:12:51 - [TEST_STEP][PASSED] - verifyElementPropertyValue(getResponse, "offers[7].groups[0].pricingPlans[0].visualElements[3].value", "facturation mensuelle"): Verify element property value successfully

2023-10-16 14:12:51 - [MESSAGE][PASSED] - Verify element property value successfully

2023-10-16 14:12:51 - [TEST_STEP][PASSED] - verifyElementPropertyValue(getResponse, "offers[7].groups[0].pricingPlans[0].visualElements[6].key", "show_payment_logo"): Verify element property value successfully

2023-10-16 14:12:51 - [MESSAGE][PASSED] - Verify element property value successfully

2023-10-16 14:12:51 - [TEST_STEP][PASSED] - verifyElementPropertyValue(getResponse, "offers[7].groups[0].pricingPlans[0].visualElements[6].value", "true"): Verify element property value successfully

2023-10-16 14:12:51 - [MESSAGE][PASSED] - Verify element property value successfully

2023-10-16 14:12:51 - [TEST_STEP][PASSED] - verifyElementPropertyValue(getResponse, "offers[7].groups[0].pricingPlans[0].visualElements[8].key", "price"): Verify element property value successfully

2023-10-16 14:12:51 - [MESSAGE][PASSED] - Verify element property value successfully

2023-10-16 14:12:51 - [TEST_STEP][PASSED] - verifyElementPropertyValue(getResponse, "offers[7].groups[0].pricingPlans[0].visualElements[8].value", "65.99"): Verify element property value successfully

2023-10-16 14:12:51 - [MESSAGE][PASSED] - Verify element property value successfully

2023-10-16 14:12:51 - [TEST_STEP][PASSED] - verifyElementPropertyValue(getResponse, "offers[7].groups[0].pricingPlans[0].visualElements[9].key", "currency"): Verify element property value successfully

2023-10-16 14:12:51 - [MESSAGE][PASSED] - Verify element property value successfully

2023-10-16 14:12:51 - [TEST_STEP][PASSED] - verifyElementPropertyValue(getResponse, "offers[7].groups[0].pricingPlans[0].visualElements[9].value", "EGP"): Verify element property value successfully

2023-10-16 14:12:51 - [MESSAGE][PASSED] - Verify element property value successfully

2023-10-16 14:12:51 - [TEST_STEP][PASSED] - verifyElementPropertyValue(getResponse, "offers[7].groups[0].pricingPlans[0].visualElements[10].key", "duration"): Verify element property value successfully

2023-10-16 14:12:51 - [MESSAGE][PASSED] - Verify element property value successfully

2023-10-16 14:12:51 - [TEST_STEP][PASSED] - verifyElementPropertyValue(getResponse, "offers[7].groups[0].pricingPlans[0].visualElements[10].value", "Mensuel"): Verify element property value successfully

2023-10-16 14:12:51 - [MESSAGE][PASSED] - Verify element property value successfully

2023-10-16 14:12:51 - [TEST_STEP][PASSED] - verifyElementPropertyValue(getResponse, "offers[7].groups[0].pricingPlans[0].visualElements[11].key", "featured_tag_text"): Verify element property value successfully

2023-10-16 14:12:51 - [MESSAGE][PASSED] - Verify element property value successfully

2023-10-16 14:12:51 - [TEST_STEP][PASSED] - verifyElementPropertyValue(getResponse, "offers[7].groups[0].pricingPlans[0].visualElements[11].value", "Offre limitée"): Verify element property value successfully

2023-10-16 14:12:51 - [MESSAGE][PASSED] - Verify element property value successfully

2023-10-16 14:12:51 - [TEST_STEP][PASSED] - verifyElementPropertyValue(getResponse, "offers[7].groups[0].pricingPlans[0].visualElements[13].key", "tag_text"): Verify element property value successfully

2023-10-16 14:12:51 - [MESSAGE][PASSED] - Verify element property value successfully

2023-10-16 14:12:51 - [TEST_STEP][PASSED] - verifyElementPropertyValue(getResponse, "offers[7].groups[0].pricingPlans[0].visualElements[13].value", "Économisez 40% "): Verify element property value successfully

2023-10-16 14:12:51 - [MESSAGE][PASSED] - Verify element property value successfully

2023-10-16 14:12:51 - [TEST_STEP][PASSED] - verifyElementPropertyValue(getResponse, "offers[7].groups[0].pricingPlans[0].visualElements[12].key", "show_tag"): Verify element property value successfully

2023-10-16 14:12:51 - [MESSAGE][PASSED] - Verify element property value successfully

2023-10-16 14:12:51 - [TEST_STEP][PASSED] - verifyElementPropertyValue(getResponse, "offers[7].groups[0].pricingPlans[0].visualElements[12].value", "true"): Verify element property value successfully

2023-10-16 14:12:52 - [MESSAGE][PASSED] - Verify element property value successfully

2023-10-16 14:12:52 - [TEST_STEP][PASSED] - verifyElementPropertyValue(getResponse, "offers[7].groups[0].pricingPlans[0].pricingPlanData[0].productId", "EGY_B2C_SHAHID_VIP_SPORT_1M"): Verify element property value successfully

2023-10-16 14:12:52 - [MESSAGE][PASSED] - Verify element property value successfully

2023-10-16 14:12:52 - [TEST_STEP][PASSED] - verifyElementPropertyValue(getResponse, "offers[7].groups[0].pricingPlans[0].pricingPlanData[0].paymentMethod", "CREDIT_CARD"): Verify element property value successfully

2023-10-16 14:12:52 - [MESSAGE][PASSED] - Verify element property value successfully

2023-10-16 14:12:52 - [TEST_STEP][PASSED] - verifyElementPropertyValue(getResponse, "offers[7].groups[0].pricingPlans[0].pricingPlanData[0].freeTrialEnabled", "false"): Verify element property value successfully

2023-10-16 14:12:52 - [MESSAGE][PASSED] - Verify element property value successfully

2023-10-16 14:12:52 - [TEST_STEP][PASSED] - verifyElementPropertyValue(getResponse, "offers[7].groups[0].pricingPlans[0].pricingPlanData[0].showIn[0]", "VERTICAL_MODE"): Verify element property value successfully

2023-10-16 14:12:52 - [MESSAGE][PASSED] - Verify element property value successfully

2023-10-16 14:12:52 - [TEST_STEP][PASSED] - verifyElementPropertyValue(getResponse, "offers[7].groups[0].pricingPlans[0].pricingPlanData[0].showIn[1]", "HORIZONTAL_MODE"): Verify element property value successfully

2023-10-16 14:12:52 - [MESSAGE][PASSED] - Verify element property value successfully

2023-10-16 14:12:52 - [TEST_STEP][PASSED] - verifyElementPropertyValue(getResponse, "offers[7].groups[0].pricingPlans[0].pricingPlanData[0].priceLabel", "65.99"): Verify element property value successfully

2023-10-16 14:12:52 - [MESSAGE][PASSED] - Verify element property value successfully

2023-10-16 14:12:52 - [TEST_STEP][PASSED] - verifyElementPropertyValue(getResponse, "offers[7].groups[0].pricingPlans[0].pricingPlanData[0].currencyLabel", "EGP"): Verify element property value successfully

2023-10-16 14:12:52 - [MESSAGE][PASSED] - Verify element property value successfully

2023-10-16 14:12:52 - [TEST_STEP][PASSED] - verifyElementPropertyValue(getResponse, "offers[7].groups[0].pricingPlans[0].pricingPlanData[0].dealId", "WB_SPORT_40P_EGY"): Verify element property value successfully

2023-10-16 14:12:52 - [MESSAGE][PASSED] - Verify element property value successfully

2023-10-16 14:12:52 - [TEST_STEP][PASSED] - verifyElementPropertyValue(getResponse, "offers[7].groups[0].pricingPlans[0].pricingPlanData[0].allowedForAcquisition", "true"): Verify element property value successfully

2023-10-16 14:12:52 - [MESSAGE][PASSED] - Verify element property value successfully

2023-10-16 14:12:52 - [TEST_STEP][PASSED] - verifyElementPropertyValue(getResponse, "offers[7].groups[0].pricingPlans[0].pricingPlanData[0].visualElements[0].key", "title"): Verify element property value successfully

2023-10-16 14:12:52 - [MESSAGE][PASSED] - Verify element property value successfully

2023-10-16 14:12:52 - [TEST_STEP][PASSED] - verifyElementPropertyValue(getResponse, "offers[7].groups[0].pricingPlans[0].pricingPlanData[0].visualElements[0].value", "Carte de crédit/débit"): Verify element property value successfully

2023-10-16 14:12:52 - [MESSAGE][PASSED] - Verify element property value successfully

2023-10-16 14:12:52 - [TEST_STEP][PASSED] - verifyElementPropertyValue(getResponse, "offers[7].groups[0].pricingPlans[0].pricingPlanData[0].visualElements[1].key", "CTA_text"): Verify element property value successfully

2023-10-16 14:12:52 - [MESSAGE][PASSED] - Verify element property value successfully

2023-10-16 14:12:52 - [TEST_STEP][PASSED] - verifyElementPropertyValue(getResponse, "offers[7].groups[0].pricingPlans[0].pricingPlanData[0].visualElements[1].value", "S’abonner"): Verify element property value successfully

2023-10-16 14:12:52 - [MESSAGE][PASSED] - Verify element property value successfully

2023-10-16 14:12:52 - [TEST_STEP][PASSED] - verifyElementPropertyValue(getResponse, "offers[7].groups[0].pricingPlans[0].pricingPlanData[0].visualElements[2].key", "logo"): Verify element property value successfully

2023-10-16 14:12:52 - [MESSAGE][PASSED] - Verify element property value successfully

2023-10-16 14:12:52 - [TEST_STEP][PASSED] - verifyElementPropertyValue(getResponse, "offers[7].groups[0].pricingPlans[0].pricingPlanData[0].visualElements[2].value", "https://static.s3.shahid.mbc.net/widget-images/icons/iconCreditCard.png"): Verify element property value successfully

2023-10-16 14:12:52 - [MESSAGE][PASSED] - Verify element property value successfully

2023-10-16 14:12:52 - [TEST_STEP][PASSED] - verifyElementPropertyValue(getResponse, "offers[8].offerId", "winback-sport-50-offer"): Verify element property value successfully

2023-10-16 14:12:52 - [MESSAGE][PASSED] - Verify element property value successfully

2023-10-16 14:12:52 - [TEST_STEP][PASSED] - verifyElementPropertyValue(getResponse, "offers[8].offerParam", "sportsoffer50"): Verify element property value successfully

2023-10-16 14:12:52 - [MESSAGE][PASSED] - Verify element property value successfully

2023-10-16 14:12:52 - [TEST_STEP][PASSED] - verifyElementPropertyValue(getResponse, "offers[8].groups[0].pricingPlans[0].featured", "true"): Verify element property value successfully

2023-10-16 14:12:52 - [MESSAGE][PASSED] - Verify element property value successfully

2023-10-16 14:12:52 - [TEST_STEP][PASSED] - verifyElementPropertyValue(getResponse, "offers[8].groups[0].pricingPlans[0].period", "monthly"): Verify element property value successfully

2023-10-16 14:12:52 - [MESSAGE][PASSED] - Verify element property value successfully

2023-10-16 14:12:52 - [TEST_STEP][PASSED] - verifyElementPropertyValue(getResponse, "offers[8].groups[0].pricingPlans[0].featured", "true"): Verify element property value successfully

2023-10-16 14:12:52 - [MESSAGE][PASSED] - Verify element property value successfully

2023-10-16 14:12:52 - [TEST_STEP][PASSED] - verifyElementPropertyValue(getResponse, "offers[8].groups[0].pricingPlans[0].price", "54.99"): Verify element property value successfully

2023-10-16 14:12:52 - [MESSAGE][PASSED] - Verify element property value successfully

2023-10-16 14:12:52 - [TEST_STEP][PASSED] - verifyElementPropertyValue(getResponse, "offers[8].groups[0].pricingPlans[0].currency", "EGP"): Verify element property value successfully

2023-10-16 14:12:52 - [MESSAGE][PASSED] - Verify element property value successfully

2023-10-16 14:12:52 - [TEST_STEP][PASSED] - verifyElementPropertyValue(getResponse, "offers[8].groups[0].pricingPlans[0].order", "0"): Verify element property value successfully

2023-10-16 14:12:52 - [MESSAGE][PASSED] - Verify element property value successfully

2023-10-16 14:12:52 - [TEST_STEP][PASSED] - verifyElementPropertyValue(getResponse, "offers[8].groups[0].pricingPlans[0].packageId", "SHAHID_VIP_SPORT"): Verify element property value successfully

2023-10-16 14:12:52 - [MESSAGE][PASSED] - Verify element property value successfully

2023-10-16 14:12:52 - [TEST_STEP][PASSED] - verifyElementPropertyValue(getResponse, "offers[8].groups[0].pricingPlans[0].catalogId", "SPORT"): Verify element property value successfully

2023-10-16 14:12:52 - [MESSAGE][PASSED] - Verify element property value successfully

2023-10-16 14:12:52 - [TEST_STEP][PASSED] - verifyElementPropertyValue(getResponse, "offers[8].groups[0].pricingPlans[0].visualElements[0].key", "Header_1_text"): Verify element property value successfully

2023-10-16 14:12:52 - [MESSAGE][PASSED] - Verify element property value successfully

2023-10-16 14:12:52 - [TEST_STEP][PASSED] - verifyElementPropertyValue(getResponse, "offers[8].groups[0].pricingPlans[0].visualElements[0].value", "Abonnez-vous dès maintenant et profitez de vos programmes sans publicité"): Verify element property value successfully

2023-10-16 14:12:52 - [MESSAGE][PASSED] - Verify element property value successfully

2023-10-16 14:12:52 - [TEST_STEP][PASSED] - verifyElementPropertyValue(getResponse, "offers[8].groups[0].pricingPlans[0].visualElements[1].key", "display_title"): Verify element property value successfully

2023-10-16 14:12:52 - [MESSAGE][PASSED] - Verify element property value successfully

2023-10-16 14:12:52 - [TEST_STEP][PASSED] - verifyElementPropertyValue(getResponse, "offers[8].groups[0].pricingPlans[0].visualElements[1].value", "50% de réduction"): Verify element property value successfully

2023-10-16 14:12:52 - [MESSAGE][PASSED] - Verify element property value successfully

2023-10-16 14:12:52 - [TEST_STEP][PASSED] - verifyElementPropertyValue(getResponse, "offers[8].groups[0].pricingPlans[0].visualElements[3].key", "deduction_text"): Verify element property value successfully

2023-10-16 14:12:52 - [MESSAGE][PASSED] - Verify element property value successfully

2023-10-16 14:12:52 - [TEST_STEP][PASSED] - verifyElementPropertyValue(getResponse, "offers[8].groups[0].pricingPlans[0].visualElements[3].value", "facturation mensuelle"): Verify element property value successfully

2023-10-16 14:12:52 - [MESSAGE][PASSED] - Verify element property value successfully

2023-10-16 14:12:52 - [TEST_STEP][PASSED] - verifyElementPropertyValue(getResponse, "offers[8].groups[0].pricingPlans[0].visualElements[6].key", "show_payment_logo"): Verify element property value successfully

2023-10-16 14:12:52 - [MESSAGE][PASSED] - Verify element property value successfully

2023-10-16 14:12:52 - [TEST_STEP][PASSED] - verifyElementPropertyValue(getResponse, "offers[8].groups[0].pricingPlans[0].visualElements[6].value", "true"): Verify element property value successfully

2023-10-16 14:12:52 - [MESSAGE][PASSED] - Verify element property value successfully

2023-10-16 14:12:52 - [TEST_STEP][PASSED] - verifyElementPropertyValue(getResponse, "offers[8].groups[0].pricingPlans[0].visualElements[8].key", "price"): Verify element property value successfully

2023-10-16 14:12:52 - [MESSAGE][PASSED] - Verify element property value successfully

2023-10-16 14:12:52 - [TEST_STEP][PASSED] - verifyElementPropertyValue(getResponse, "offers[8].groups[0].pricingPlans[0].visualElements[8].value", "54.99"): Verify element property value successfully

2023-10-16 14:12:52 - [MESSAGE][PASSED] - Verify element property value successfully

2023-10-16 14:12:52 - [TEST_STEP][PASSED] - verifyElementPropertyValue(getResponse, "offers[8].groups[0].pricingPlans[0].visualElements[9].key", "currency"): Verify element property value successfully

2023-10-16 14:12:52 - [MESSAGE][PASSED] - Verify element property value successfully

2023-10-16 14:12:52 - [TEST_STEP][PASSED] - verifyElementPropertyValue(getResponse, "offers[8].groups[0].pricingPlans[0].visualElements[9].value", "EGP"): Verify element property value successfully

2023-10-16 14:12:52 - [MESSAGE][PASSED] - Verify element property value successfully

2023-10-16 14:12:52 - [TEST_STEP][PASSED] - verifyElementPropertyValue(getResponse, "offers[8].groups[0].pricingPlans[0].visualElements[10].key", "duration"): Verify element property value successfully

2023-10-16 14:12:52 - [MESSAGE][PASSED] - Verify element property value successfully

2023-10-16 14:12:52 - [TEST_STEP][PASSED] - verifyElementPropertyValue(getResponse, "offers[8].groups[0].pricingPlans[0].visualElements[10].value", "Mensuel"): Verify element property value successfully

2023-10-16 14:12:52 - [MESSAGE][PASSED] - Verify element property value successfully

2023-10-16 14:12:52 - [TEST_STEP][PASSED] - verifyElementPropertyValue(getResponse, "offers[8].groups[0].pricingPlans[0].visualElements[11].key", "featured_tag_text"): Verify element property value successfully

2023-10-16 14:12:52 - [MESSAGE][PASSED] - Verify element property value successfully

2023-10-16 14:12:52 - [TEST_STEP][PASSED] - verifyElementPropertyValue(getResponse, "offers[8].groups[0].pricingPlans[0].visualElements[11].value", "Offre limitée"): Verify element property value successfully

2023-10-16 14:12:52 - [MESSAGE][PASSED] - Verify element property value successfully

2023-10-16 14:12:52 - [TEST_STEP][PASSED] - verifyElementPropertyValue(getResponse, "offers[8].groups[0].pricingPlans[0].visualElements[13].key", "tag_text"): Verify element property value successfully

2023-10-16 14:12:52 - [MESSAGE][PASSED] - Verify element property value successfully

2023-10-16 14:12:52 - [TEST_STEP][PASSED] - verifyElementPropertyValue(getResponse, "offers[8].groups[0].pricingPlans[0].visualElements[13].value", "Économisez 50% "): Verify element property value successfully

2023-10-16 14:12:52 - [MESSAGE][PASSED] - Verify element property value successfully

2023-10-16 14:12:52 - [TEST_STEP][PASSED] - verifyElementPropertyValue(getResponse, "offers[8].groups[0].pricingPlans[0].visualElements[12].key", "show_tag"): Verify element property value successfully

2023-10-16 14:12:52 - [MESSAGE][PASSED] - Verify element property value successfully

2023-10-16 14:12:52 - [TEST_STEP][PASSED] - verifyElementPropertyValue(getResponse, "offers[8].groups[0].pricingPlans[0].visualElements[12].value", "true"): Verify element property value successfully

2023-10-16 14:12:52 - [MESSAGE][PASSED] - Verify element property value successfully

2023-10-16 14:12:52 - [TEST_STEP][PASSED] - verifyElementPropertyValue(getResponse, "offers[8].groups[0].pricingPlans[0].pricingPlanData[0].productId", "EGY_B2C_SHAHID_VIP_SPORT_1M"): Verify element property value successfully

2023-10-16 14:12:52 - [MESSAGE][PASSED] - Verify element property value successfully

2023-10-16 14:12:52 - [TEST_STEP][PASSED] - verifyElementPropertyValue(getResponse, "offers[8].groups[0].pricingPlans[0].pricingPlanData[0].paymentMethod", "CREDIT_CARD"): Verify element property value successfully

2023-10-16 14:12:52 - [MESSAGE][PASSED] - Verify element property value successfully

2023-10-16 14:12:52 - [TEST_STEP][PASSED] - verifyElementPropertyValue(getResponse, "offers[8].groups[0].pricingPlans[0].pricingPlanData[0].freeTrialEnabled", "false"): Verify element property value successfully

2023-10-16 14:12:52 - [MESSAGE][PASSED] - Verify element property value successfully

2023-10-16 14:12:52 - [TEST_STEP][PASSED] - verifyElementPropertyValue(getResponse, "offers[8].groups[0].pricingPlans[0].pricingPlanData[0].showIn[0]", "VERTICAL_MODE"): Verify element property value successfully

2023-10-16 14:12:52 - [MESSAGE][PASSED] - Verify element property value successfully

2023-10-16 14:12:52 - [TEST_STEP][PASSED] - verifyElementPropertyValue(getResponse, "offers[8].groups[0].pricingPlans[0].pricingPlanData[0].showIn[1]", "HORIZONTAL_MODE"): Verify element property value successfully

2023-10-16 14:12:52 - [MESSAGE][PASSED] - Verify element property value successfully

2023-10-16 14:12:52 - [TEST_STEP][PASSED] - verifyElementPropertyValue(getResponse, "offers[8].groups[0].pricingPlans[0].pricingPlanData[0].priceLabel", "54.99"): Verify element property value successfully

2023-10-16 14:12:52 - [MESSAGE][PASSED] - Verify element property value successfully

2023-10-16 14:12:52 - [TEST_STEP][PASSED] - verifyElementPropertyValue(getResponse, "offers[8].groups[0].pricingPlans[0].pricingPlanData[0].currencyLabel", "EGP"): Verify element property value successfully

2023-10-16 14:12:52 - [MESSAGE][PASSED] - Verify element property value successfully

2023-10-16 14:12:52 - [TEST_STEP][PASSED] - verifyElementPropertyValue(getResponse, "offers[8].groups[0].pricingPlans[0].pricingPlanData[0].dealId", "WB_SPORT_50P_EGY"): Verify element property value successfully

2023-10-16 14:12:52 - [MESSAGE][PASSED] - Verify element property value successfully

2023-10-16 14:12:52 - [TEST_STEP][PASSED] - verifyElementPropertyValue(getResponse, "offers[8].groups[0].pricingPlans[0].pricingPlanData[0].allowedForAcquisition", "true"): Verify element property value successfully

2023-10-16 14:12:52 - [MESSAGE][PASSED] - Verify element property value successfully

2023-10-16 14:12:52 - [TEST_STEP][PASSED] - verifyElementPropertyValue(getResponse, "offers[8].groups[0].pricingPlans[0].pricingPlanData[0].visualElements[0].key", "title"): Verify element property value successfully

2023-10-16 14:12:52 - [MESSAGE][PASSED] - Verify element property value successfully

2023-10-16 14:12:52 - [TEST_STEP][PASSED] - verifyElementPropertyValue(getResponse, "offers[8].groups[0].pricingPlans[0].pricingPlanData[0].visualElements[0].value", "Carte de crédit/débit"): Verify element property value successfully

2023-10-16 14:12:52 - [MESSAGE][PASSED] - Verify element property value successfully

2023-10-16 14:12:52 - [TEST_STEP][PASSED] - verifyElementPropertyValue(getResponse, "offers[8].groups[0].pricingPlans[0].pricingPlanData[0].visualElements[1].key", "CTA_text"): Verify element property value successfully

2023-10-16 14:12:52 - [MESSAGE][PASSED] - Verify element property value successfully

2023-10-16 14:12:52 - [TEST_STEP][PASSED] - verifyElementPropertyValue(getResponse, "offers[8].groups[0].pricingPlans[0].pricingPlanData[0].visualElements[1].value", "S’abonner"): Verify element property value successfully

2023-10-16 14:12:52 - [MESSAGE][PASSED] - Verify element property value successfully

2023-10-16 14:12:52 - [TEST_STEP][PASSED] - verifyElementPropertyValue(getResponse, "offers[8].groups[0].pricingPlans[0].pricingPlanData[0].visualElements[2].key", "logo"): Verify element property value successfully

2023-10-16 14:12:52 - [MESSAGE][PASSED] - Verify element property value successfully

2023-10-16 14:12:52 - [TEST_STEP][PASSED] - verifyElementPropertyValue(getResponse, "offers[8].groups[0].pricingPlans[0].pricingPlanData[0].visualElements[2].value", "https://static.s3.shahid.mbc.net/widget-images/icons/iconCreditCard.png"): Verify element property value successfully

2023-10-16 14:12:52 - [MESSAGE][PASSED] - Verify element property value successfully

2023-10-16 14:12:52 - [TEST_STEP][PASSED] - verifyElementPropertyValue(getResponse, "offers[12].offerId", "byg-sport-30-offer"): Verify element property value successfully

2023-10-16 14:12:52 - [MESSAGE][PASSED] - Verify element property value successfully

2023-10-16 14:12:52 - [TEST_STEP][PASSED] - verifyElementPropertyValue(getResponse, "offers[12].offerParam", "bygsportsoffer30"): Verify element property value successfully

2023-10-16 14:12:52 - [MESSAGE][PASSED] - Verify element property value successfully

2023-10-16 14:12:52 - [TEST_STEP][PASSED] - verifyElementPropertyValue(getResponse, "offers[12].groups[0].pricingPlans[0].featured", "true"): Verify element property value successfully

2023-10-16 14:12:52 - [MESSAGE][PASSED] - Verify element property value successfully

2023-10-16 14:12:52 - [TEST_STEP][PASSED] - verifyElementPropertyValue(getResponse, "offers[12].groups[0].pricingPlans[0].period", "monthly"): Verify element property value successfully

2023-10-16 14:12:52 - [MESSAGE][PASSED] - Verify element property value successfully

2023-10-16 14:12:52 - [TEST_STEP][PASSED] - verifyElementPropertyValue(getResponse, "offers[12].groups[0].pricingPlans[0].featured", "true"): Verify element property value successfully

2023-10-16 14:12:52 - [MESSAGE][PASSED] - Verify element property value successfully

2023-10-16 14:12:52 - [TEST_STEP][PASSED] - verifyElementPropertyValue(getResponse, "offers[12].groups[0].pricingPlans[0].price", "76.99"): Verify element property value successfully

2023-10-16 14:12:52 - [MESSAGE][PASSED] - Verify element property value successfully

2023-10-16 14:12:52 - [TEST_STEP][PASSED] - verifyElementPropertyValue(getResponse, "offers[12].groups[0].pricingPlans[0].currency", "EGP"): Verify element property value successfully

2023-10-16 14:12:52 - [MESSAGE][PASSED] - Verify element property value successfully

2023-10-16 14:12:52 - [TEST_STEP][PASSED] - verifyElementPropertyValue(getResponse, "offers[12].groups[0].pricingPlans[0].order", "0"): Verify element property value successfully

2023-10-16 14:12:52 - [MESSAGE][PASSED] - Verify element property value successfully

2023-10-16 14:12:52 - [TEST_STEP][PASSED] - verifyElementPropertyValue(getResponse, "offers[12].groups[0].pricingPlans[0].packageId", "SHAHID_VIP_SPORT"): Verify element property value successfully

2023-10-16 14:12:52 - [MESSAGE][PASSED] - Verify element property value successfully

2023-10-16 14:12:52 - [TEST_STEP][PASSED] - verifyElementPropertyValue(getResponse, "offers[12].groups[0].pricingPlans[0].catalogId", "SPORT"): Verify element property value successfully

2023-10-16 14:12:52 - [MESSAGE][PASSED] - Verify element property value successfully

2023-10-16 14:12:52 - [TEST_STEP][PASSED] - verifyElementPropertyValue(getResponse, "offers[12].groups[0].pricingPlans[0].visualElements[0].key", "Header_1_text"): Verify element property value successfully

2023-10-16 14:12:52 - [MESSAGE][PASSED] - Verify element property value successfully

2023-10-16 14:12:52 - [TEST_STEP][PASSED] - verifyElementPropertyValue(getResponse, "offers[12].groups[0].pricingPlans[0].visualElements[0].value", "Abonnez-vous dès maintenant et profitez de vos programmes sans publicité"): Verify element property value successfully

2023-10-16 14:12:52 - [MESSAGE][PASSED] - Verify element property value successfully

2023-10-16 14:12:52 - [TEST_STEP][PASSED] - verifyElementPropertyValue(getResponse, "offers[12].groups[0].pricingPlans[0].visualElements[1].key", "display_title"): Verify element property value successfully

2023-10-16 14:12:52 - [MESSAGE][PASSED] - Verify element property value successfully

2023-10-16 14:12:52 - [TEST_STEP][PASSED] - verifyElementPropertyValue(getResponse, "offers[12].groups[0].pricingPlans[0].visualElements[1].value", "30% de réduction"): Verify element property value successfully

2023-10-16 14:12:52 - [MESSAGE][PASSED] - Verify element property value successfully

2023-10-16 14:12:52 - [TEST_STEP][PASSED] - verifyElementPropertyValue(getResponse, "offers[12].groups[0].pricingPlans[0].visualElements[3].key", "deduction_text"): Verify element property value successfully

2023-10-16 14:12:53 - [MESSAGE][PASSED] - Verify element property value successfully

2023-10-16 14:12:53 - [TEST_STEP][PASSED] - verifyElementPropertyValue(getResponse, "offers[12].groups[0].pricingPlans[0].visualElements[3].value", "facturation mensuelle"): Verify element property value successfully

2023-10-16 14:12:53 - [MESSAGE][PASSED] - Verify element property value successfully

2023-10-16 14:12:53 - [TEST_STEP][PASSED] - verifyElementPropertyValue(getResponse, "offers[12].groups[0].pricingPlans[0].visualElements[6].key", "show_payment_logo"): Verify element property value successfully

2023-10-16 14:12:53 - [MESSAGE][PASSED] - Verify element property value successfully

2023-10-16 14:12:53 - [TEST_STEP][PASSED] - verifyElementPropertyValue(getResponse, "offers[12].groups[0].pricingPlans[0].visualElements[6].value", "true"): Verify element property value successfully

2023-10-16 14:12:53 - [MESSAGE][PASSED] - Verify element property value successfully

2023-10-16 14:12:53 - [TEST_STEP][PASSED] - verifyElementPropertyValue(getResponse, "offers[12].groups[0].pricingPlans[0].visualElements[8].key", "price"): Verify element property value successfully

2023-10-16 14:12:53 - [MESSAGE][PASSED] - Verify element property value successfully

2023-10-16 14:12:53 - [TEST_STEP][PASSED] - verifyElementPropertyValue(getResponse, "offers[12].groups[0].pricingPlans[0].visualElements[8].value", "76.99"): Verify element property value successfully

2023-10-16 14:12:53 - [MESSAGE][PASSED] - Verify element property value successfully

2023-10-16 14:12:53 - [TEST_STEP][PASSED] - verifyElementPropertyValue(getResponse, "offers[12].groups[0].pricingPlans[0].visualElements[9].key", "currency"): Verify element property value successfully

2023-10-16 14:12:53 - [MESSAGE][PASSED] - Verify element property value successfully

2023-10-16 14:12:53 - [TEST_STEP][PASSED] - verifyElementPropertyValue(getResponse, "offers[12].groups[0].pricingPlans[0].visualElements[9].value", "EGP"): Verify element property value successfully

2023-10-16 14:12:53 - [MESSAGE][PASSED] - Verify element property value successfully

2023-10-16 14:12:53 - [TEST_STEP][PASSED] - verifyElementPropertyValue(getResponse, "offers[12].groups[0].pricingPlans[0].visualElements[10].key", "duration"): Verify element property value successfully

2023-10-16 14:12:53 - [MESSAGE][PASSED] - Verify element property value successfully

2023-10-16 14:12:53 - [TEST_STEP][PASSED] - verifyElementPropertyValue(getResponse, "offers[12].groups[0].pricingPlans[0].visualElements[10].value", "Mensuel"): Verify element property value successfully

2023-10-16 14:12:53 - [MESSAGE][PASSED] - Verify element property value successfully

2023-10-16 14:12:53 - [TEST_STEP][PASSED] - verifyElementPropertyValue(getResponse, "offers[12].groups[0].pricingPlans[0].visualElements[11].key", "featured_tag_text"): Verify element property value successfully

2023-10-16 14:12:53 - [MESSAGE][PASSED] - Verify element property value successfully

2023-10-16 14:12:53 - [TEST_STEP][PASSED] - verifyElementPropertyValue(getResponse, "offers[12].groups[0].pricingPlans[0].visualElements[11].value", "Offre limitée"): Verify element property value successfully

2023-10-16 14:12:53 - [MESSAGE][PASSED] - Verify element property value successfully

2023-10-16 14:12:53 - [TEST_STEP][PASSED] - verifyElementPropertyValue(getResponse, "offers[12].groups[0].pricingPlans[0].visualElements[13].key", "tag_text"): Verify element property value successfully

2023-10-16 14:12:53 - [MESSAGE][PASSED] - Verify element property value successfully

2023-10-16 14:12:53 - [TEST_STEP][PASSED] - verifyElementPropertyValue(getResponse, "offers[12].groups[0].pricingPlans[0].visualElements[13].value", "Économisez 30% "): Verify element property value successfully

2023-10-16 14:12:53 - [MESSAGE][PASSED] - Verify element property value successfully

2023-10-16 14:12:53 - [TEST_STEP][PASSED] - verifyElementPropertyValue(getResponse, "offers[12].groups[0].pricingPlans[0].visualElements[12].key", "show_tag"): Verify element property value successfully

2023-10-16 14:12:53 - [MESSAGE][PASSED] - Verify element property value successfully

2023-10-16 14:12:53 - [TEST_STEP][PASSED] - verifyElementPropertyValue(getResponse, "offers[12].groups[0].pricingPlans[0].visualElements[12].value", "true"): Verify element property value successfully

2023-10-16 14:12:53 - [MESSAGE][PASSED] - Verify element property value successfully

2023-10-16 14:12:53 - [TEST_STEP][PASSED] - verifyElementPropertyValue(getResponse, "offers[12].groups[0].pricingPlans[0].pricingPlanData[0].productId", "EGY_B2C_SHAHID_VIP_SPORT_1M"): Verify element property value successfully

2023-10-16 14:12:53 - [MESSAGE][PASSED] - Verify element property value successfully

2023-10-16 14:12:53 - [TEST_STEP][PASSED] - verifyElementPropertyValue(getResponse, "offers[12].groups[0].pricingPlans[0].pricingPlanData[0].paymentMethod", "CREDIT_CARD"): Verify element property value successfully

2023-10-16 14:12:53 - [MESSAGE][PASSED] - Verify element property value successfully

2023-10-16 14:12:53 - [TEST_STEP][PASSED] - verifyElementPropertyValue(getResponse, "offers[12].groups[0].pricingPlans[0].pricingPlanData[0].freeTrialEnabled", "false"): Verify element property value successfully

2023-10-16 14:12:53 - [MESSAGE][PASSED] - Verify element property value successfully

2023-10-16 14:12:53 - [TEST_STEP][PASSED] - verifyElementPropertyValue(getResponse, "offers[12].groups[0].pricingPlans[0].pricingPlanData[0].showIn[0]", "VERTICAL_MODE"): Verify element property value successfully

2023-10-16 14:12:53 - [MESSAGE][PASSED] - Verify element property value successfully

2023-10-16 14:12:53 - [TEST_STEP][PASSED] - verifyElementPropertyValue(getResponse, "offers[12].groups[0].pricingPlans[0].pricingPlanData[0].showIn[1]", "HORIZONTAL_MODE"): Verify element property value successfully

2023-10-16 14:12:53 - [MESSAGE][PASSED] - Verify element property value successfully

2023-10-16 14:12:53 - [TEST_STEP][PASSED] - verifyElementPropertyValue(getResponse, "offers[12].groups[0].pricingPlans[0].pricingPlanData[0].priceLabel", "76.99"): Verify element property value successfully

2023-10-16 14:12:53 - [MESSAGE][PASSED] - Verify element property value successfully

2023-10-16 14:12:53 - [TEST_STEP][PASSED] - verifyElementPropertyValue(getResponse, "offers[12].groups[0].pricingPlans[0].pricingPlanData[0].currencyLabel", "EGP"): Verify element property value successfully

2023-10-16 14:12:53 - [MESSAGE][PASSED] - Verify element property value successfully

2023-10-16 14:12:53 - [TEST_STEP][PASSED] - verifyElementPropertyValue(getResponse, "offers[12].groups[0].pricingPlans[0].pricingPlanData[0].dealId", "BYG_SPORT_30P_EGY"): Verify element property value successfully

2023-10-16 14:12:53 - [MESSAGE][PASSED] - Verify element property value successfully

2023-10-16 14:12:53 - [TEST_STEP][PASSED] - verifyElementPropertyValue(getResponse, "offers[12].groups[0].pricingPlans[0].pricingPlanData[0].allowedForAcquisition", "true"): Verify element property value successfully

2023-10-16 14:12:53 - [MESSAGE][PASSED] - Verify element property value successfully

2023-10-16 14:12:53 - [TEST_STEP][PASSED] - verifyElementPropertyValue(getResponse, "offers[12].groups[0].pricingPlans[0].pricingPlanData[0].visualElements[0].key", "title"): Verify element property value successfully

2023-10-16 14:12:53 - [MESSAGE][PASSED] - Verify element property value successfully

2023-10-16 14:12:53 - [TEST_STEP][PASSED] - verifyElementPropertyValue(getResponse, "offers[12].groups[0].pricingPlans[0].pricingPlanData[0].visualElements[0].value", "Carte de crédit/débit"): Verify element property value successfully

2023-10-16 14:12:53 - [MESSAGE][PASSED] - Verify element property value successfully

2023-10-16 14:12:53 - [TEST_STEP][PASSED] - verifyElementPropertyValue(getResponse, "offers[12].groups[0].pricingPlans[0].pricingPlanData[0].visualElements[1].key", "CTA_text"): Verify element property value successfully

2023-10-16 14:12:53 - [MESSAGE][PASSED] - Verify element property value successfully

2023-10-16 14:12:53 - [TEST_STEP][PASSED] - verifyElementPropertyValue(getResponse, "offers[12].groups[0].pricingPlans[0].pricingPlanData[0].visualElements[1].value", "S’abonner"): Verify element property value successfully

2023-10-16 14:12:53 - [MESSAGE][PASSED] - Verify element property value successfully

2023-10-16 14:12:53 - [TEST_STEP][PASSED] - verifyElementPropertyValue(getResponse, "offers[12].groups[0].pricingPlans[0].pricingPlanData[0].visualElements[2].key", "logo"): Verify element property value successfully

2023-10-16 14:12:53 - [MESSAGE][PASSED] - Verify element property value successfully

2023-10-16 14:12:53 - [TEST_STEP][PASSED] - verifyElementPropertyValue(getResponse, "offers[12].groups[0].pricingPlans[0].pricingPlanData[0].visualElements[2].value", "https://static.s3.shahid.mbc.net/widget-images/icons/iconCreditCard.png"): Verify element property value successfully

2023-10-16 14:12:53 - [MESSAGE][PASSED] - Verify element property value successfully

2023-10-16 14:12:53 - [TEST_STEP][PASSED] - verifyElementPropertyValue(getResponse, "offers[13].offerId", "byg-sport-40-offer"): Verify element property value successfully

2023-10-16 14:12:53 - [MESSAGE][PASSED] - Verify element property value successfully

2023-10-16 14:12:53 - [TEST_STEP][PASSED] - verifyElementPropertyValue(getResponse, "offers[13].offerParam", "bygsportsoffer40"): Verify element property value successfully

2023-10-16 14:12:53 - [MESSAGE][PASSED] - Verify element property value successfully

2023-10-16 14:12:53 - [TEST_STEP][PASSED] - verifyElementPropertyValue(getResponse, "offers[13].groups[0].pricingPlans[0].featured", "true"): Verify element property value successfully

2023-10-16 14:12:53 - [MESSAGE][PASSED] - Verify element property value successfully

2023-10-16 14:12:53 - [TEST_STEP][PASSED] - verifyElementPropertyValue(getResponse, "offers[13].groups[0].pricingPlans[0].period", "monthly"): Verify element property value successfully

2023-10-16 14:12:53 - [MESSAGE][PASSED] - Verify element property value successfully

2023-10-16 14:12:53 - [TEST_STEP][PASSED] - verifyElementPropertyValue(getResponse, "offers[13].groups[0].pricingPlans[0].featured", "true"): Verify element property value successfully

2023-10-16 14:12:53 - [MESSAGE][PASSED] - Verify element property value successfully

2023-10-16 14:12:53 - [TEST_STEP][PASSED] - verifyElementPropertyValue(getResponse, "offers[13].groups[0].pricingPlans[0].price", "65.99"): Verify element property value successfully

2023-10-16 14:12:53 - [MESSAGE][PASSED] - Verify element property value successfully

2023-10-16 14:12:53 - [TEST_STEP][PASSED] - verifyElementPropertyValue(getResponse, "offers[13].groups[0].pricingPlans[0].currency", "EGP"): Verify element property value successfully

2023-10-16 14:12:54 - [MESSAGE][PASSED] - Verify element property value successfully

2023-10-16 14:12:54 - [TEST_STEP][PASSED] - verifyElementPropertyValue(getResponse, "offers[13].groups[0].pricingPlans[0].order", "0"): Verify element property value successfully

2023-10-16 14:12:54 - [MESSAGE][PASSED] - Verify element property value successfully

2023-10-16 14:12:54 - [TEST_STEP][PASSED] - verifyElementPropertyValue(getResponse, "offers[13].groups[0].pricingPlans[0].packageId", "SHAHID_VIP_SPORT"): Verify element property value successfully

2023-10-16 14:12:54 - [MESSAGE][PASSED] - Verify element property value successfully

2023-10-16 14:12:54 - [TEST_STEP][PASSED] - verifyElementPropertyValue(getResponse, "offers[13].groups[0].pricingPlans[0].catalogId", "SPORT"): Verify element property value successfully

2023-10-16 14:12:54 - [MESSAGE][PASSED] - Verify element property value successfully

2023-10-16 14:12:54 - [TEST_STEP][PASSED] - verifyElementPropertyValue(getResponse, "offers[13].groups[0].pricingPlans[0].visualElements[0].key", "Header_1_text"): Verify element property value successfully

2023-10-16 14:12:54 - [MESSAGE][PASSED] - Verify element property value successfully

2023-10-16 14:12:54 - [TEST_STEP][PASSED] - verifyElementPropertyValue(getResponse, "offers[13].groups[0].pricingPlans[0].visualElements[0].value", "Abonnez-vous dès maintenant et profitez de vos programmes sans publicité"): Verify element property value successfully

2023-10-16 14:12:54 - [MESSAGE][PASSED] - Verify element property value successfully

2023-10-16 14:12:54 - [TEST_STEP][PASSED] - verifyElementPropertyValue(getResponse, "offers[13].groups[0].pricingPlans[0].visualElements[1].key", "display_title"): Verify element property value successfully

2023-10-16 14:12:54 - [MESSAGE][PASSED] - Verify element property value successfully

2023-10-16 14:12:54 - [TEST_STEP][PASSED] - verifyElementPropertyValue(getResponse, "offers[13].groups[0].pricingPlans[0].visualElements[1].value", "40% de réduction"): Verify element property value successfully

2023-10-16 14:12:54 - [MESSAGE][PASSED] - Verify element property value successfully

2023-10-16 14:12:54 - [TEST_STEP][PASSED] - verifyElementPropertyValue(getResponse, "offers[13].groups[0].pricingPlans[0].visualElements[3].key", "deduction_text"): Verify element property value successfully

2023-10-16 14:12:54 - [MESSAGE][PASSED] - Verify element property value successfully

2023-10-16 14:12:54 - [TEST_STEP][PASSED] - verifyElementPropertyValue(getResponse, "offers[13].groups[0].pricingPlans[0].visualElements[3].value", "facturation mensuelle"): Verify element property value successfully

2023-10-16 14:12:54 - [MESSAGE][PASSED] - Verify element property value successfully

2023-10-16 14:12:54 - [TEST_STEP][PASSED] - verifyElementPropertyValue(getResponse, "offers[13].groups[0].pricingPlans[0].visualElements[6].key", "show_payment_logo"): Verify element property value successfully

2023-10-16 14:12:54 - [MESSAGE][PASSED] - Verify element property value successfully

2023-10-16 14:12:54 - [TEST_STEP][PASSED] - verifyElementPropertyValue(getResponse, "offers[13].groups[0].pricingPlans[0].visualElements[6].value", "true"): Verify element property value successfully

2023-10-16 14:12:54 - [MESSAGE][PASSED] - Verify element property value successfully

2023-10-16 14:12:54 - [TEST_STEP][PASSED] - verifyElementPropertyValue(getResponse, "offers[13].groups[0].pricingPlans[0].visualElements[8].key", "price"): Verify element property value successfully

2023-10-16 14:12:54 - [MESSAGE][PASSED] - Verify element property value successfully

2023-10-16 14:12:54 - [TEST_STEP][PASSED] - verifyElementPropertyValue(getResponse, "offers[13].groups[0].pricingPlans[0].visualElements[8].value", "65.99"): Verify element property value successfully

2023-10-16 14:12:54 - [MESSAGE][PASSED] - Verify element property value successfully

2023-10-16 14:12:54 - [TEST_STEP][PASSED] - verifyElementPropertyValue(getResponse, "offers[13].groups[0].pricingPlans[0].visualElements[9].key", "currency"): Verify element property value successfully

2023-10-16 14:12:54 - [MESSAGE][PASSED] - Verify element property value successfully

2023-10-16 14:12:54 - [TEST_STEP][PASSED] - verifyElementPropertyValue(getResponse, "offers[13].groups[0].pricingPlans[0].visualElements[9].value", "EGP"): Verify element property value successfully

2023-10-16 14:12:54 - [MESSAGE][PASSED] - Verify element property value successfully

2023-10-16 14:12:54 - [TEST_STEP][PASSED] - verifyElementPropertyValue(getResponse, "offers[13].groups[0].pricingPlans[0].visualElements[10].key", "duration"): Verify element property value successfully

2023-10-16 14:12:54 - [MESSAGE][PASSED] - Verify element property value successfully

2023-10-16 14:12:54 - [TEST_STEP][PASSED] - verifyElementPropertyValue(getResponse, "offers[13].groups[0].pricingPlans[0].visualElements[10].value", "Mensuel"): Verify element property value successfully

2023-10-16 14:12:54 - [MESSAGE][PASSED] - Verify element property value successfully

2023-10-16 14:12:54 - [TEST_STEP][PASSED] - verifyElementPropertyValue(getResponse, "offers[13].groups[0].pricingPlans[0].visualElements[11].key", "featured_tag_text"): Verify element property value successfully

2023-10-16 14:12:54 - [MESSAGE][PASSED] - Verify element property value successfully

2023-10-16 14:12:54 - [TEST_STEP][PASSED] - verifyElementPropertyValue(getResponse, "offers[13].groups[0].pricingPlans[0].visualElements[11].value", "Offre limitée"): Verify element property value successfully

2023-10-16 14:12:54 - [MESSAGE][PASSED] - Verify element property value successfully

2023-10-16 14:12:54 - [TEST_STEP][PASSED] - verifyElementPropertyValue(getResponse, "offers[13].groups[0].pricingPlans[0].visualElements[13].key", "tag_text"): Verify element property value successfully

2023-10-16 14:12:54 - [MESSAGE][PASSED] - Verify element property value successfully

2023-10-16 14:12:54 - [TEST_STEP][PASSED] - verifyElementPropertyValue(getResponse, "offers[13].groups[0].pricingPlans[0].visualElements[13].value", "Économisez 40% "): Verify element property value successfully

2023-10-16 14:12:54 - [MESSAGE][PASSED] - Verify element property value successfully

2023-10-16 14:12:54 - [TEST_STEP][PASSED] - verifyElementPropertyValue(getResponse, "offers[13].groups[0].pricingPlans[0].visualElements[12].key", "show_tag"): Verify element property value successfully

2023-10-16 14:12:54 - [MESSAGE][PASSED] - Verify element property value successfully

2023-10-16 14:12:54 - [TEST_STEP][PASSED] - verifyElementPropertyValue(getResponse, "offers[13].groups[0].pricingPlans[0].visualElements[12].value", "true"): Verify element property value successfully

2023-10-16 14:12:54 - [MESSAGE][PASSED] - Verify element property value successfully

2023-10-16 14:12:54 - [TEST_STEP][PASSED] - verifyElementPropertyValue(getResponse, "offers[13].groups[0].pricingPlans[0].pricingPlanData[0].productId", "EGY_B2C_SHAHID_VIP_SPORT_1M"): Verify element property value successfully

2023-10-16 14:12:54 - [MESSAGE][PASSED] - Verify element property value successfully

2023-10-16 14:12:54 - [TEST_STEP][PASSED] - verifyElementPropertyValue(getResponse, "offers[13].groups[0].pricingPlans[0].pricingPlanData[0].paymentMethod", "CREDIT_CARD"): Verify element property value successfully

2023-10-16 14:12:54 - [MESSAGE][PASSED] - Verify element property value successfully

2023-10-16 14:12:54 - [TEST_STEP][PASSED] - verifyElementPropertyValue(getResponse, "offers[13].groups[0].pricingPlans[0].pricingPlanData[0].freeTrialEnabled", "false"): Verify element property value successfully

2023-10-16 14:12:54 - [MESSAGE][PASSED] - Verify element property value successfully

2023-10-16 14:12:54 - [TEST_STEP][PASSED] - verifyElementPropertyValue(getResponse, "offers[13].groups[0].pricingPlans[0].pricingPlanData[0].showIn[0]", "VERTICAL_MODE"): Verify element property value successfully

2023-10-16 14:12:54 - [MESSAGE][PASSED] - Verify element property value successfully

2023-10-16 14:12:54 - [TEST_STEP][PASSED] - verifyElementPropertyValue(getResponse, "offers[13].groups[0].pricingPlans[0].pricingPlanData[0].showIn[1]", "HORIZONTAL_MODE"): Verify element property value successfully

2023-10-16 14:12:54 - [MESSAGE][PASSED] - Verify element property value successfully

2023-10-16 14:12:54 - [TEST_STEP][PASSED] - verifyElementPropertyValue(getResponse, "offers[13].groups[0].pricingPlans[0].pricingPlanData[0].priceLabel", "65.99"): Verify element property value successfully

2023-10-16 14:12:54 - [MESSAGE][PASSED] - Verify element property value successfully

2023-10-16 14:12:54 - [TEST_STEP][PASSED] - verifyElementPropertyValue(getResponse, "offers[13].groups[0].pricingPlans[0].pricingPlanData[0].currencyLabel", "EGP"): Verify element property value successfully

2023-10-16 14:12:54 - [MESSAGE][PASSED] - Verify element property value successfully

2023-10-16 14:12:54 - [TEST_STEP][PASSED] - verifyElementPropertyValue(getResponse, "offers[13].groups[0].pricingPlans[0].pricingPlanData[0].dealId", "BYG_SPORT_40P_EGY"): Verify element property value successfully

2023-10-16 14:12:54 - [MESSAGE][PASSED] - Verify element property value successfully

2023-10-16 14:12:54 - [TEST_STEP][PASSED] - verifyElementPropertyValue(getResponse, "offers[13].groups[0].pricingPlans[0].pricingPlanData[0].allowedForAcquisition", "true"): Verify element property value successfully

2023-10-16 14:12:54 - [MESSAGE][PASSED] - Verify element property value successfully

2023-10-16 14:12:54 - [TEST_STEP][PASSED] - verifyElementPropertyValue(getResponse, "offers[13].groups[0].pricingPlans[0].pricingPlanData[0].visualElements[0].key", "title"): Verify element property value successfully

2023-10-16 14:12:54 - [MESSAGE][PASSED] - Verify element property value successfully

2023-10-16 14:12:54 - [TEST_STEP][PASSED] - verifyElementPropertyValue(getResponse, "offers[13].groups[0].pricingPlans[0].pricingPlanData[0].visualElements[0].value", "Carte de crédit/débit"): Verify element property value successfully

2023-10-16 14:12:54 - [MESSAGE][PASSED] - Verify element property value successfully

2023-10-16 14:12:54 - [TEST_STEP][PASSED] - verifyElementPropertyValue(getResponse, "offers[13].groups[0].pricingPlans[0].pricingPlanData[0].visualElements[1].key", "CTA_text"): Verify element property value successfully

2023-10-16 14:12:54 - [MESSAGE][PASSED] - Verify element property value successfully

2023-10-16 14:12:54 - [TEST_STEP][PASSED] - verifyElementPropertyValue(getResponse, "offers[13].groups[0].pricingPlans[0].pricingPlanData[0].visualElements[1].value", "S’abonner"): Verify element property value successfully

2023-10-16 14:12:54 - [MESSAGE][PASSED] - Verify element property value successfully

2023-10-16 14:12:54 - [TEST_STEP][PASSED] - verifyElementPropertyValue(getResponse, "offers[13].groups[0].pricingPlans[0].pricingPlanData[0].visualElements[2].key", "logo"): Verify element property value successfully

2023-10-16 14:12:54 - [MESSAGE][PASSED] - Verify element property value successfully

2023-10-16 14:12:54 - [TEST_STEP][PASSED] - verifyElementPropertyValue(getResponse, "offers[13].groups[0].pricingPlans[0].pricingPlanData[0].visualElements[2].value", "https://static.s3.shahid.mbc.net/widget-images/icons/iconCreditCard.png"): Verify element property value successfully

2023-10-16 14:12:54 - [MESSAGE][PASSED] - Verify element property value successfully

2023-10-16 14:12:54 - [TEST_STEP][PASSED] - verifyElementPropertyValue(getResponse, "offers[14].offerId", "byg-sport-50-offer"): Verify element property value successfully

2023-10-16 14:12:54 - [MESSAGE][PASSED] - Verify element property value successfully

2023-10-16 14:12:54 - [TEST_STEP][PASSED] - verifyElementPropertyValue(getResponse, "offers[14].offerParam", "bygsportsoffer50"): Verify element property value successfully

2023-10-16 14:12:54 - [MESSAGE][PASSED] - Verify element property value successfully

2023-10-16 14:12:54 - [TEST_STEP][PASSED] - verifyElementPropertyValue(getResponse, "offers[14].groups[0].pricingPlans[0].featured", "true"): Verify element property value successfully

2023-10-16 14:12:54 - [MESSAGE][PASSED] - Verify element property value successfully

2023-10-16 14:12:54 - [TEST_STEP][PASSED] - verifyElementPropertyValue(getResponse, "offers[14].groups[0].pricingPlans[0].period", "monthly"): Verify element property value successfully

2023-10-16 14:12:54 - [MESSAGE][PASSED] - Verify element property value successfully

2023-10-16 14:12:54 - [TEST_STEP][PASSED] - verifyElementPropertyValue(getResponse, "offers[14].groups[0].pricingPlans[0].featured", "true"): Verify element property value successfully

2023-10-16 14:12:54 - [MESSAGE][PASSED] - Verify element property value successfully

2023-10-16 14:12:54 - [TEST_STEP][PASSED] - verifyElementPropertyValue(getResponse, "offers[14].groups[0].pricingPlans[0].price", "54.99"): Verify element property value successfully

2023-10-16 14:12:54 - [MESSAGE][PASSED] - Verify element property value successfully

2023-10-16 14:12:54 - [TEST_STEP][PASSED] - verifyElementPropertyValue(getResponse, "offers[14].groups[0].pricingPlans[0].currency", "EGP"): Verify element property value successfully

2023-10-16 14:12:54 - [MESSAGE][PASSED] - Verify element property value successfully

2023-10-16 14:12:54 - [TEST_STEP][PASSED] - verifyElementPropertyValue(getResponse, "offers[14].groups[0].pricingPlans[0].order", "0"): Verify element property value successfully

2023-10-16 14:12:54 - [MESSAGE][PASSED] - Verify element property value successfully

2023-10-16 14:12:54 - [TEST_STEP][PASSED] - verifyElementPropertyValue(getResponse, "offers[14].groups[0].pricingPlans[0].packageId", "SHAHID_VIP_SPORT"): Verify element property value successfully

2023-10-16 14:12:54 - [MESSAGE][PASSED] - Verify element property value successfully

2023-10-16 14:12:54 - [TEST_STEP][PASSED] - verifyElementPropertyValue(getResponse, "offers[14].groups[0].pricingPlans[0].catalogId", "SPORT"): Verify element property value successfully

2023-10-16 14:12:54 - [MESSAGE][PASSED] - Verify element property value successfully

2023-10-16 14:12:54 - [TEST_STEP][PASSED] - verifyElementPropertyValue(getResponse, "offers[14].groups[0].pricingPlans[0].visualElements[0].key", "Header_1_text"): Verify element property value successfully

2023-10-16 14:12:54 - [MESSAGE][PASSED] - Verify element property value successfully

2023-10-16 14:12:54 - [TEST_STEP][PASSED] - verifyElementPropertyValue(getResponse, "offers[14].groups[0].pricingPlans[0].visualElements[0].value", "Abonnez-vous dès maintenant et profitez de vos programmes sans publicité"): Verify element property value successfully

2023-10-16 14:12:54 - [MESSAGE][PASSED] - Verify element property value successfully

2023-10-16 14:12:54 - [TEST_STEP][PASSED] - verifyElementPropertyValue(getResponse, "offers[14].groups[0].pricingPlans[0].visualElements[1].key", "display_title"): Verify element property value successfully

2023-10-16 14:12:54 - [MESSAGE][PASSED] - Verify element property value successfully

2023-10-16 14:12:54 - [TEST_STEP][PASSED] - verifyElementPropertyValue(getResponse, "offers[14].groups[0].pricingPlans[0].visualElements[1].value", "50% de réduction"): Verify element property value successfully

2023-10-16 14:12:54 - [MESSAGE][PASSED] - Verify element property value successfully

2023-10-16 14:12:54 - [TEST_STEP][PASSED] - verifyElementPropertyValue(getResponse, "offers[14].groups[0].pricingPlans[0].visualElements[3].key", "deduction_text"): Verify element property value successfully

2023-10-16 14:12:54 - [MESSAGE][PASSED] - Verify element property value successfully

2023-10-16 14:12:54 - [TEST_STEP][PASSED] - verifyElementPropertyValue(getResponse, "offers[14].groups[0].pricingPlans[0].visualElements[3].value", "facturation mensuelle"): Verify element property value successfully

2023-10-16 14:12:54 - [MESSAGE][PASSED] - Verify element property value successfully

2023-10-16 14:12:54 - [TEST_STEP][PASSED] - verifyElementPropertyValue(getResponse, "offers[14].groups[0].pricingPlans[0].visualElements[6].key", "show_payment_logo"): Verify element property value successfully

2023-10-16 14:12:54 - [MESSAGE][PASSED] - Verify element property value successfully

2023-10-16 14:12:54 - [TEST_STEP][PASSED] - verifyElementPropertyValue(getResponse, "offers[14].groups[0].pricingPlans[0].visualElements[6].value", "true"): Verify element property value successfully

2023-10-16 14:12:54 - [MESSAGE][PASSED] - Verify element property value successfully

2023-10-16 14:12:54 - [TEST_STEP][PASSED] - verifyElementPropertyValue(getResponse, "offers[14].groups[0].pricingPlans[0].visualElements[8].key", "price"): Verify element property value successfully

2023-10-16 14:12:54 - [MESSAGE][PASSED] - Verify element property value successfully

2023-10-16 14:12:54 - [TEST_STEP][PASSED] - verifyElementPropertyValue(getResponse, "offers[14].groups[0].pricingPlans[0].visualElements[8].value", "54.99"): Verify element property value successfully

2023-10-16 14:12:54 - [MESSAGE][PASSED] - Verify element property value successfully

2023-10-16 14:12:54 - [TEST_STEP][PASSED] - verifyElementPropertyValue(getResponse, "offers[14].groups[0].pricingPlans[0].visualElements[9].key", "currency"): Verify element property value successfully

2023-10-16 14:12:54 - [MESSAGE][PASSED] - Verify element property value successfully

2023-10-16 14:12:54 - [TEST_STEP][PASSED] - verifyElementPropertyValue(getResponse, "offers[14].groups[0].pricingPlans[0].visualElements[9].value", "EGP"): Verify element property value successfully

2023-10-16 14:12:54 - [MESSAGE][PASSED] - Verify element property value successfully

2023-10-16 14:12:54 - [TEST_STEP][PASSED] - verifyElementPropertyValue(getResponse, "offers[14].groups[0].pricingPlans[0].visualElements[10].key", "duration"): Verify element property value successfully

2023-10-16 14:12:54 - [MESSAGE][PASSED] - Verify element property value successfully

2023-10-16 14:12:54 - [TEST_STEP][PASSED] - verifyElementPropertyValue(getResponse, "offers[14].groups[0].pricingPlans[0].visualElements[10].value", "Mensuel"): Verify element property value successfully

2023-10-16 14:12:54 - [MESSAGE][PASSED] - Verify element property value successfully

2023-10-16 14:12:54 - [TEST_STEP][PASSED] - verifyElementPropertyValue(getResponse, "offers[14].groups[0].pricingPlans[0].visualElements[11].key", "featured_tag_text"): Verify element property value successfully

2023-10-16 14:12:54 - [MESSAGE][PASSED] - Verify element property value successfully

2023-10-16 14:12:54 - [TEST_STEP][PASSED] - verifyElementPropertyValue(getResponse, "offers[14].groups[0].pricingPlans[0].visualElements[11].value", "Offre limitée"): Verify element property value successfully

2023-10-16 14:12:54 - [MESSAGE][PASSED] - Verify element property value successfully

2023-10-16 14:12:54 - [TEST_STEP][PASSED] - verifyElementPropertyValue(getResponse, "offers[14].groups[0].pricingPlans[0].visualElements[13].key", "tag_text"): Verify element property value successfully

2023-10-16 14:12:54 - [MESSAGE][PASSED] - Verify element property value successfully

2023-10-16 14:12:54 - [TEST_STEP][PASSED] - verifyElementPropertyValue(getResponse, "offers[14].groups[0].pricingPlans[0].visualElements[13].value", "Économisez 50% "): Verify element property value successfully

2023-10-16 14:12:54 - [MESSAGE][PASSED] - Verify element property value successfully

2023-10-16 14:12:54 - [TEST_STEP][PASSED] - verifyElementPropertyValue(getResponse, "offers[14].groups[0].pricingPlans[0].visualElements[12].key", "show_tag"): Verify element property value successfully

2023-10-16 14:12:54 - [MESSAGE][PASSED] - Verify element property value successfully

2023-10-16 14:12:54 - [TEST_STEP][PASSED] - verifyElementPropertyValue(getResponse, "offers[14].groups[0].pricingPlans[0].visualElements[12].value", "true"): Verify element property value successfully

2023-10-16 14:12:54 - [MESSAGE][PASSED] - Verify element property value successfully

2023-10-16 14:12:54 - [TEST_STEP][PASSED] - verifyElementPropertyValue(getResponse, "offers[14].groups[0].pricingPlans[0].pricingPlanData[0].productId", "EGY_B2C_SHAHID_VIP_SPORT_1M"): Verify element property value successfully

2023-10-16 14:12:54 - [MESSAGE][PASSED] - Verify element property value successfully

2023-10-16 14:12:54 - [TEST_STEP][PASSED] - verifyElementPropertyValue(getResponse, "offers[14].groups[0].pricingPlans[0].pricingPlanData[0].paymentMethod", "CREDIT_CARD"): Verify element property value successfully

2023-10-16 14:12:54 - [MESSAGE][PASSED] - Verify element property value successfully

2023-10-16 14:12:54 - [TEST_STEP][PASSED] - verifyElementPropertyValue(getResponse, "offers[14].groups[0].pricingPlans[0].pricingPlanData[0].freeTrialEnabled", "false"): Verify element property value successfully

2023-10-16 14:12:54 - [MESSAGE][PASSED] - Verify element property value successfully

2023-10-16 14:12:54 - [TEST_STEP][PASSED] - verifyElementPropertyValue(getResponse, "offers[14].groups[0].pricingPlans[0].pricingPlanData[0].showIn[0]", "VERTICAL_MODE"): Verify element property value successfully

2023-10-16 14:12:54 - [MESSAGE][PASSED] - Verify element property value successfully

2023-10-16 14:12:54 - [TEST_STEP][PASSED] - verifyElementPropertyValue(getResponse, "offers[14].groups[0].pricingPlans[0].pricingPlanData[0].showIn[1]", "HORIZONTAL_MODE"): Verify element property value successfully

2023-10-16 14:12:54 - [MESSAGE][PASSED] - Verify element property value successfully

2023-10-16 14:12:54 - [TEST_STEP][PASSED] - verifyElementPropertyValue(getResponse, "offers[14].groups[0].pricingPlans[0].pricingPlanData[0].priceLabel", "54.99"): Verify element property value successfully

2023-10-16 14:12:54 - [MESSAGE][PASSED] - Verify element property value successfully

2023-10-16 14:12:54 - [TEST_STEP][PASSED] - verifyElementPropertyValue(getResponse, "offers[14].groups[0].pricingPlans[0].pricingPlanData[0].currencyLabel", "EGP"): Verify element property value successfully

2023-10-16 14:12:54 - [MESSAGE][PASSED] - Verify element property value successfully

2023-10-16 14:12:54 - [TEST_STEP][PASSED] - verifyElementPropertyValue(getResponse, "offers[14].groups[0].pricingPlans[0].pricingPlanData[0].dealId", "BYG_SPORT_50P_EGY"): Verify element property value successfully

2023-10-16 14:12:54 - [MESSAGE][PASSED] - Verify element property value successfully

2023-10-16 14:12:54 - [TEST_STEP][PASSED] - verifyElementPropertyValue(getResponse, "offers[14].groups[0].pricingPlans[0].pricingPlanData[0].allowedForAcquisition", "true"): Verify element property value successfully

2023-10-16 14:12:54 - [MESSAGE][PASSED] - Verify element property value successfully

2023-10-16 14:12:54 - [TEST_STEP][PASSED] - verifyElementPropertyValue(getResponse, "offers[14].groups[0].pricingPlans[0].pricingPlanData[0].visualElements[0].key", "title"): Verify element property value successfully

2023-10-16 14:12:54 - [MESSAGE][PASSED] - Verify element property value successfully

2023-10-16 14:12:54 - [TEST_STEP][PASSED] - verifyElementPropertyValue(getResponse, "offers[14].groups[0].pricingPlans[0].pricingPlanData[0].visualElements[0].value", "Carte de crédit/débit"): Verify element property value successfully

2023-10-16 14:12:54 - [MESSAGE][PASSED] - Verify element property value successfully

2023-10-16 14:12:54 - [TEST_STEP][PASSED] - verifyElementPropertyValue(getResponse, "offers[14].groups[0].pricingPlans[0].pricingPlanData[0].visualElements[1].key", "CTA_text"): Verify element property value successfully

2023-10-16 14:12:54 - [MESSAGE][PASSED] - Verify element property value successfully

2023-10-16 14:12:54 - [TEST_STEP][PASSED] - verifyElementPropertyValue(getResponse, "offers[14].groups[0].pricingPlans[0].pricingPlanData[0].visualElements[1].value", "S’abonner"): Verify element property value successfully

2023-10-16 14:12:54 - [MESSAGE][PASSED] - Verify element property value successfully

2023-10-16 14:12:54 - [TEST_STEP][PASSED] - verifyElementPropertyValue(getResponse, "offers[14].groups[0].pricingPlans[0].pricingPlanData[0].visualElements[2].key", "logo"): Verify element property value successfully

2023-10-16 14:12:54 - [MESSAGE][PASSED] - Verify element property value successfully

2023-10-16 14:12:54 - [TEST_STEP][PASSED] - verifyElementPropertyValue(getResponse, "offers[14].groups[0].pricingPlans[0].pricingPlanData[0].visualElements[2].value", "https://static.s3.shahid.mbc.net/widget-images/icons/iconCreditCard.png"): Verify element property value successfully

2023-10-16 14:12:54 - [MESSAGE][PASSED] - Verify element property value successfully]]></system-out>
         <system-err><![CDATA[]]></system-err>
      </testcase>
      <testcase name="Test Cases/WEB - CHROME/EGY PI/WEB_FR_getOffersForEGY_VIP" time="4.236" classname="Test Cases/WEB - CHROME/EGY PI/WEB_FR_getOffersForEGY_VIP" status="PASSED">
         <system-out><![CDATA[2023-10-16 14:12:54 - [TEST_CASE][PASSED] - Test Cases/WEB - CHROME/EGY PI/WEB_FR_getOffersForEGY_VIP: Test Cases/WEB - CHROME/EGY PI/WEB_FR_getOffersForEGY_VIP

2023-10-16 14:12:54 - [TEST_STEP][PASSED] - getResponse = config_files.getConfigFile.getConfig("WEB", "FR", "SHAHID_VIP", "EG", "false"): config_files.getConfigFile.getConfig is PASSED

2023-10-16 14:12:56 - [MESSAGE][INFO] - HAR: /Users/admin/git/shahid-configuration/Reports/20231016_140310/WEB/EGY/20231016_140325/requests/main/9.har

2023-10-16 14:12:56 - [MESSAGE][PASSED] - Send request successfully

2023-10-16 14:12:56 - [MESSAGE][PASSED] - config_files.getConfigFile.getConfig is PASSED

2023-10-16 14:12:56 - [TEST_STEP][PASSED] - verifyResponseStatusCode(getResponse, 200): Verify response status code successfully

2023-10-16 14:12:56 - [MESSAGE][PASSED] - Verify response status code successfully

2023-10-16 14:12:56 - [TEST_STEP][PASSED] - verifyElementPropertyValue(getResponse, "country", "EGY"): Verify element property value successfully

2023-10-16 14:12:56 - [MESSAGE][PASSED] - Verify element property value successfully

2023-10-16 14:12:56 - [TEST_STEP][PASSED] - verifyElementPropertyValue(getResponse, "platform", "[WEB]"): Verify element property value successfully

2023-10-16 14:12:56 - [MESSAGE][PASSED] - Verify element property value successfully

2023-10-16 14:12:56 - [TEST_STEP][PASSED] - verifyElementPropertyValue(getResponse, "offers[0].offerId", "winback-30-offer"): Verify element property value successfully

2023-10-16 14:12:56 - [MESSAGE][PASSED] - Verify element property value successfully

2023-10-16 14:12:56 - [TEST_STEP][PASSED] - verifyElementPropertyValue(getResponse, "offers[0].offerParam", "winback30"): Verify element property value successfully

2023-10-16 14:12:56 - [MESSAGE][PASSED] - Verify element property value successfully

2023-10-16 14:12:56 - [TEST_STEP][PASSED] - verifyElementPropertyValue(getResponse, "offers[0].groups[0].pricingPlans[0].featured", "true"): Verify element property value successfully

2023-10-16 14:12:56 - [MESSAGE][PASSED] - Verify element property value successfully

2023-10-16 14:12:56 - [TEST_STEP][PASSED] - verifyElementPropertyValue(getResponse, "offers[0].groups[0].pricingPlans[0].period", "monthly"): Verify element property value successfully

2023-10-16 14:12:56 - [MESSAGE][PASSED] - Verify element property value successfully

2023-10-16 14:12:56 - [TEST_STEP][PASSED] - verifyElementPropertyValue(getResponse, "offers[0].groups[0].pricingPlans[0].featured", "true"): Verify element property value successfully

2023-10-16 14:12:56 - [MESSAGE][PASSED] - Verify element property value successfully

2023-10-16 14:12:56 - [TEST_STEP][PASSED] - verifyElementPropertyValue(getResponse, "offers[0].groups[0].pricingPlans[0].price", "41.99"): Verify element property value successfully

2023-10-16 14:12:56 - [MESSAGE][PASSED] - Verify element property value successfully

2023-10-16 14:12:56 - [TEST_STEP][PASSED] - verifyElementPropertyValue(getResponse, "offers[0].groups[0].pricingPlans[0].currency", "EGP"): Verify element property value successfully

2023-10-16 14:12:56 - [MESSAGE][PASSED] - Verify element property value successfully

2023-10-16 14:12:56 - [TEST_STEP][PASSED] - verifyElementPropertyValue(getResponse, "offers[0].groups[0].pricingPlans[0].order", "0"): Verify element property value successfully

2023-10-16 14:12:56 - [MESSAGE][PASSED] - Verify element property value successfully

2023-10-16 14:12:56 - [TEST_STEP][PASSED] - verifyElementPropertyValue(getResponse, "offers[0].groups[0].pricingPlans[0].packageId", "SHAHID_VIP"): Verify element property value successfully

2023-10-16 14:12:56 - [MESSAGE][PASSED] - Verify element property value successfully

2023-10-16 14:12:56 - [TEST_STEP][PASSED] - verifyElementPropertyValue(getResponse, "offers[0].groups[0].pricingPlans[0].catalogId", "VIP"): Verify element property value successfully

2023-10-16 14:12:56 - [MESSAGE][PASSED] - Verify element property value successfully

2023-10-16 14:12:56 - [TEST_STEP][PASSED] - verifyElementPropertyValue(getResponse, "offers[0].groups[0].pricingPlans[0].visualElements[0].key", "Header_1_text"): Verify element property value successfully

2023-10-16 14:12:56 - [MESSAGE][PASSED] - Verify element property value successfully

2023-10-16 14:12:56 - [TEST_STEP][PASSED] - verifyElementPropertyValue(getResponse, "offers[0].groups[0].pricingPlans[0].visualElements[0].value", "Abonnez-vous dès maintenant et profitez de vos programmes sans publicité"): Verify element property value successfully

2023-10-16 14:12:56 - [MESSAGE][PASSED] - Verify element property value successfully

2023-10-16 14:12:56 - [TEST_STEP][PASSED] - verifyElementPropertyValue(getResponse, "offers[0].groups[0].pricingPlans[0].visualElements[1].key", "display_title"): Verify element property value successfully

2023-10-16 14:12:56 - [MESSAGE][PASSED] - Verify element property value successfully

2023-10-16 14:12:56 - [TEST_STEP][PASSED] - verifyElementPropertyValue(getResponse, "offers[0].groups[0].pricingPlans[0].visualElements[1].value", "30% de réduction"): Verify element property value successfully

2023-10-16 14:12:56 - [MESSAGE][PASSED] - Verify element property value successfully

2023-10-16 14:12:56 - [TEST_STEP][PASSED] - verifyElementPropertyValue(getResponse, "offers[0].groups[0].pricingPlans[0].visualElements[3].key", "deduction_text"): Verify element property value successfully

2023-10-16 14:12:56 - [MESSAGE][PASSED] - Verify element property value successfully

2023-10-16 14:12:56 - [TEST_STEP][PASSED] - verifyElementPropertyValue(getResponse, "offers[0].groups[0].pricingPlans[0].visualElements[3].value", "facturation mensuelle"): Verify element property value successfully

2023-10-16 14:12:56 - [MESSAGE][PASSED] - Verify element property value successfully

2023-10-16 14:12:56 - [TEST_STEP][PASSED] - verifyElementPropertyValue(getResponse, "offers[0].groups[0].pricingPlans[0].visualElements[6].key", "show_payment_logo"): Verify element property value successfully

2023-10-16 14:12:56 - [MESSAGE][PASSED] - Verify element property value successfully

2023-10-16 14:12:56 - [TEST_STEP][PASSED] - verifyElementPropertyValue(getResponse, "offers[0].groups[0].pricingPlans[0].visualElements[6].value", "true"): Verify element property value successfully

2023-10-16 14:12:56 - [MESSAGE][PASSED] - Verify element property value successfully

2023-10-16 14:12:56 - [TEST_STEP][PASSED] - verifyElementPropertyValue(getResponse, "offers[0].groups[0].pricingPlans[0].visualElements[8].key", "price"): Verify element property value successfully

2023-10-16 14:12:56 - [MESSAGE][PASSED] - Verify element property value successfully

2023-10-16 14:12:56 - [TEST_STEP][PASSED] - verifyElementPropertyValue(getResponse, "offers[0].groups[0].pricingPlans[0].visualElements[8].value", "41.99"): Verify element property value successfully

2023-10-16 14:12:56 - [MESSAGE][PASSED] - Verify element property value successfully

2023-10-16 14:12:56 - [TEST_STEP][PASSED] - verifyElementPropertyValue(getResponse, "offers[0].groups[0].pricingPlans[0].visualElements[9].key", "currency"): Verify element property value successfully

2023-10-16 14:12:56 - [MESSAGE][PASSED] - Verify element property value successfully

2023-10-16 14:12:56 - [TEST_STEP][PASSED] - verifyElementPropertyValue(getResponse, "offers[0].groups[0].pricingPlans[0].visualElements[9].value", "EGP"): Verify element property value successfully

2023-10-16 14:12:56 - [MESSAGE][PASSED] - Verify element property value successfully

2023-10-16 14:12:56 - [TEST_STEP][PASSED] - verifyElementPropertyValue(getResponse, "offers[0].groups[0].pricingPlans[0].visualElements[10].key", "duration"): Verify element property value successfully

2023-10-16 14:12:56 - [MESSAGE][PASSED] - Verify element property value successfully

2023-10-16 14:12:56 - [TEST_STEP][PASSED] - verifyElementPropertyValue(getResponse, "offers[0].groups[0].pricingPlans[0].visualElements[10].value", "Mensuel"): Verify element property value successfully

2023-10-16 14:12:56 - [MESSAGE][PASSED] - Verify element property value successfully

2023-10-16 14:12:56 - [TEST_STEP][PASSED] - verifyElementPropertyValue(getResponse, "offers[0].groups[0].pricingPlans[0].visualElements[11].key", "featured_tag_text"): Verify element property value successfully

2023-10-16 14:12:56 - [MESSAGE][PASSED] - Verify element property value successfully

2023-10-16 14:12:56 - [TEST_STEP][PASSED] - verifyElementPropertyValue(getResponse, "offers[0].groups[0].pricingPlans[0].visualElements[11].value", "Offre limitée"): Verify element property value successfully

2023-10-16 14:12:56 - [MESSAGE][PASSED] - Verify element property value successfully

2023-10-16 14:12:56 - [TEST_STEP][PASSED] - verifyElementPropertyValue(getResponse, "offers[0].groups[0].pricingPlans[0].visualElements[13].key", "tag_text"): Verify element property value successfully

2023-10-16 14:12:56 - [MESSAGE][PASSED] - Verify element property value successfully

2023-10-16 14:12:56 - [TEST_STEP][PASSED] - verifyElementPropertyValue(getResponse, "offers[0].groups[0].pricingPlans[0].visualElements[13].value", "Économisez 30% "): Verify element property value successfully

2023-10-16 14:12:56 - [MESSAGE][PASSED] - Verify element property value successfully

2023-10-16 14:12:56 - [TEST_STEP][PASSED] - verifyElementPropertyValue(getResponse, "offers[0].groups[0].pricingPlans[0].visualElements[12].key", "show_tag"): Verify element property value successfully

2023-10-16 14:12:56 - [MESSAGE][PASSED] - Verify element property value successfully

2023-10-16 14:12:56 - [TEST_STEP][PASSED] - verifyElementPropertyValue(getResponse, "offers[0].groups[0].pricingPlans[0].visualElements[12].value", "true"): Verify element property value successfully

2023-10-16 14:12:56 - [MESSAGE][PASSED] - Verify element property value successfully

2023-10-16 14:12:56 - [TEST_STEP][PASSED] - verifyElementPropertyValue(getResponse, "offers[0].groups[0].pricingPlans[0].pricingPlanData[0].productId", "EGY_B2C_SHAHID_VIP_1M"): Verify element property value successfully

2023-10-16 14:12:56 - [MESSAGE][PASSED] - Verify element property value successfully

2023-10-16 14:12:56 - [TEST_STEP][PASSED] - verifyElementPropertyValue(getResponse, "offers[0].groups[0].pricingPlans[0].pricingPlanData[0].paymentMethod", "CREDIT_CARD"): Verify element property value successfully

2023-10-16 14:12:56 - [MESSAGE][PASSED] - Verify element property value successfully

2023-10-16 14:12:56 - [TEST_STEP][PASSED] - verifyElementPropertyValue(getResponse, "offers[0].groups[0].pricingPlans[0].pricingPlanData[0].freeTrialEnabled", "false"): Verify element property value successfully

2023-10-16 14:12:56 - [MESSAGE][PASSED] - Verify element property value successfully

2023-10-16 14:12:56 - [TEST_STEP][PASSED] - verifyElementPropertyValue(getResponse, "offers[0].groups[0].pricingPlans[0].pricingPlanData[0].showIn[0]", "VERTICAL_MODE"): Verify element property value successfully

2023-10-16 14:12:56 - [MESSAGE][PASSED] - Verify element property value successfully

2023-10-16 14:12:56 - [TEST_STEP][PASSED] - verifyElementPropertyValue(getResponse, "offers[0].groups[0].pricingPlans[0].pricingPlanData[0].showIn[1]", "HORIZONTAL_MODE"): Verify element property value successfully

2023-10-16 14:12:56 - [MESSAGE][PASSED] - Verify element property value successfully

2023-10-16 14:12:56 - [TEST_STEP][PASSED] - verifyElementPropertyValue(getResponse, "offers[0].groups[0].pricingPlans[0].pricingPlanData[0].priceLabel", "41.99"): Verify element property value successfully

2023-10-16 14:12:56 - [MESSAGE][PASSED] - Verify element property value successfully

2023-10-16 14:12:56 - [TEST_STEP][PASSED] - verifyElementPropertyValue(getResponse, "offers[0].groups[0].pricingPlans[0].pricingPlanData[0].currencyLabel", "EGP"): Verify element property value successfully

2023-10-16 14:12:56 - [MESSAGE][PASSED] - Verify element property value successfully

2023-10-16 14:12:56 - [TEST_STEP][PASSED] - verifyElementPropertyValue(getResponse, "offers[0].groups[0].pricingPlans[0].pricingPlanData[0].dealId", "RE_30P_EGY"): Verify element property value successfully

2023-10-16 14:12:56 - [MESSAGE][PASSED] - Verify element property value successfully

2023-10-16 14:12:56 - [TEST_STEP][PASSED] - verifyElementPropertyValue(getResponse, "offers[0].groups[0].pricingPlans[0].pricingPlanData[0].allowedForAcquisition", "true"): Verify element property value successfully

2023-10-16 14:12:56 - [MESSAGE][PASSED] - Verify element property value successfully

2023-10-16 14:12:56 - [TEST_STEP][PASSED] - verifyElementPropertyValue(getResponse, "offers[0].groups[0].pricingPlans[0].pricingPlanData[0].visualElements[0].key", "title"): Verify element property value successfully

2023-10-16 14:12:56 - [MESSAGE][PASSED] - Verify element property value successfully

2023-10-16 14:12:56 - [TEST_STEP][PASSED] - verifyElementPropertyValue(getResponse, "offers[0].groups[0].pricingPlans[0].pricingPlanData[0].visualElements[0].value", "Carte de crédit/débit"): Verify element property value successfully

2023-10-16 14:12:56 - [MESSAGE][PASSED] - Verify element property value successfully

2023-10-16 14:12:56 - [TEST_STEP][PASSED] - verifyElementPropertyValue(getResponse, "offers[0].groups[0].pricingPlans[0].pricingPlanData[0].visualElements[1].key", "CTA_text"): Verify element property value successfully

2023-10-16 14:12:56 - [MESSAGE][PASSED] - Verify element property value successfully

2023-10-16 14:12:56 - [TEST_STEP][PASSED] - verifyElementPropertyValue(getResponse, "offers[0].groups[0].pricingPlans[0].pricingPlanData[0].visualElements[1].value", "S’abonner"): Verify element property value successfully

2023-10-16 14:12:56 - [MESSAGE][PASSED] - Verify element property value successfully

2023-10-16 14:12:56 - [TEST_STEP][PASSED] - verifyElementPropertyValue(getResponse, "offers[0].groups[0].pricingPlans[0].pricingPlanData[0].visualElements[2].key", "logo"): Verify element property value successfully

2023-10-16 14:12:56 - [MESSAGE][PASSED] - Verify element property value successfully

2023-10-16 14:12:56 - [TEST_STEP][PASSED] - verifyElementPropertyValue(getResponse, "offers[0].groups[0].pricingPlans[0].pricingPlanData[0].visualElements[2].value", "https://static.s3.shahid.mbc.net/widget-images/icons/iconCreditCard.png"): Verify element property value successfully

2023-10-16 14:12:56 - [MESSAGE][PASSED] - Verify element property value successfully

2023-10-16 14:12:56 - [TEST_STEP][PASSED] - verifyElementPropertyValue(getResponse, "offers[1].offerId", "winback-40-offer"): Verify element property value successfully

2023-10-16 14:12:56 - [MESSAGE][PASSED] - Verify element property value successfully

2023-10-16 14:12:56 - [TEST_STEP][PASSED] - verifyElementPropertyValue(getResponse, "offers[1].offerParam", "winback40"): Verify element property value successfully

2023-10-16 14:12:56 - [MESSAGE][PASSED] - Verify element property value successfully

2023-10-16 14:12:56 - [TEST_STEP][PASSED] - verifyElementPropertyValue(getResponse, "offers[1].groups[0].pricingPlans[0].featured", "true"): Verify element property value successfully

2023-10-16 14:12:56 - [MESSAGE][PASSED] - Verify element property value successfully

2023-10-16 14:12:56 - [TEST_STEP][PASSED] - verifyElementPropertyValue(getResponse, "offers[1].groups[0].pricingPlans[0].period", "monthly"): Verify element property value successfully

2023-10-16 14:12:56 - [MESSAGE][PASSED] - Verify element property value successfully

2023-10-16 14:12:56 - [TEST_STEP][PASSED] - verifyElementPropertyValue(getResponse, "offers[1].groups[0].pricingPlans[0].featured", "true"): Verify element property value successfully

2023-10-16 14:12:56 - [MESSAGE][PASSED] - Verify element property value successfully

2023-10-16 14:12:56 - [TEST_STEP][PASSED] - verifyElementPropertyValue(getResponse, "offers[1].groups[0].pricingPlans[0].price", "35.99"): Verify element property value successfully

2023-10-16 14:12:56 - [MESSAGE][PASSED] - Verify element property value successfully

2023-10-16 14:12:56 - [TEST_STEP][PASSED] - verifyElementPropertyValue(getResponse, "offers[1].groups[0].pricingPlans[0].currency", "EGP"): Verify element property value successfully

2023-10-16 14:12:56 - [MESSAGE][PASSED] - Verify element property value successfully

2023-10-16 14:12:56 - [TEST_STEP][PASSED] - verifyElementPropertyValue(getResponse, "offers[1].groups[0].pricingPlans[0].order", "0"): Verify element property value successfully

2023-10-16 14:12:56 - [MESSAGE][PASSED] - Verify element property value successfully

2023-10-16 14:12:56 - [TEST_STEP][PASSED] - verifyElementPropertyValue(getResponse, "offers[1].groups[0].pricingPlans[0].packageId", "SHAHID_VIP"): Verify element property value successfully

2023-10-16 14:12:56 - [MESSAGE][PASSED] - Verify element property value successfully

2023-10-16 14:12:56 - [TEST_STEP][PASSED] - verifyElementPropertyValue(getResponse, "offers[1].groups[0].pricingPlans[0].catalogId", "VIP"): Verify element property value successfully

2023-10-16 14:12:56 - [MESSAGE][PASSED] - Verify element property value successfully

2023-10-16 14:12:56 - [TEST_STEP][PASSED] - verifyElementPropertyValue(getResponse, "offers[1].groups[0].pricingPlans[0].visualElements[0].key", "Header_1_text"): Verify element property value successfully

2023-10-16 14:12:56 - [MESSAGE][PASSED] - Verify element property value successfully

2023-10-16 14:12:56 - [TEST_STEP][PASSED] - verifyElementPropertyValue(getResponse, "offers[1].groups[0].pricingPlans[0].visualElements[0].value", "Abonnez-vous dès maintenant et profitez de vos programmes sans publicité"): Verify element property value successfully

2023-10-16 14:12:56 - [MESSAGE][PASSED] - Verify element property value successfully

2023-10-16 14:12:56 - [TEST_STEP][PASSED] - verifyElementPropertyValue(getResponse, "offers[1].groups[0].pricingPlans[0].visualElements[1].key", "display_title"): Verify element property value successfully

2023-10-16 14:12:56 - [MESSAGE][PASSED] - Verify element property value successfully

2023-10-16 14:12:56 - [TEST_STEP][PASSED] - verifyElementPropertyValue(getResponse, "offers[1].groups[0].pricingPlans[0].visualElements[1].value", "40% de réduction"): Verify element property value successfully

2023-10-16 14:12:56 - [MESSAGE][PASSED] - Verify element property value successfully

2023-10-16 14:12:56 - [TEST_STEP][PASSED] - verifyElementPropertyValue(getResponse, "offers[1].groups[0].pricingPlans[0].visualElements[3].key", "deduction_text"): Verify element property value successfully

2023-10-16 14:12:56 - [MESSAGE][PASSED] - Verify element property value successfully

2023-10-16 14:12:56 - [TEST_STEP][PASSED] - verifyElementPropertyValue(getResponse, "offers[1].groups[0].pricingPlans[0].visualElements[3].value", "facturation mensuelle"): Verify element property value successfully

2023-10-16 14:12:56 - [MESSAGE][PASSED] - Verify element property value successfully

2023-10-16 14:12:56 - [TEST_STEP][PASSED] - verifyElementPropertyValue(getResponse, "offers[1].groups[0].pricingPlans[0].visualElements[6].key", "show_payment_logo"): Verify element property value successfully

2023-10-16 14:12:56 - [MESSAGE][PASSED] - Verify element property value successfully

2023-10-16 14:12:56 - [TEST_STEP][PASSED] - verifyElementPropertyValue(getResponse, "offers[1].groups[0].pricingPlans[0].visualElements[6].value", "true"): Verify element property value successfully

2023-10-16 14:12:56 - [MESSAGE][PASSED] - Verify element property value successfully

2023-10-16 14:12:56 - [TEST_STEP][PASSED] - verifyElementPropertyValue(getResponse, "offers[1].groups[0].pricingPlans[0].visualElements[8].key", "price"): Verify element property value successfully

2023-10-16 14:12:56 - [MESSAGE][PASSED] - Verify element property value successfully

2023-10-16 14:12:56 - [TEST_STEP][PASSED] - verifyElementPropertyValue(getResponse, "offers[1].groups[0].pricingPlans[0].visualElements[8].value", "35.99"): Verify element property value successfully

2023-10-16 14:12:56 - [MESSAGE][PASSED] - Verify element property value successfully

2023-10-16 14:12:56 - [TEST_STEP][PASSED] - verifyElementPropertyValue(getResponse, "offers[1].groups[0].pricingPlans[0].visualElements[9].key", "currency"): Verify element property value successfully

2023-10-16 14:12:56 - [MESSAGE][PASSED] - Verify element property value successfully

2023-10-16 14:12:56 - [TEST_STEP][PASSED] - verifyElementPropertyValue(getResponse, "offers[1].groups[0].pricingPlans[0].visualElements[9].value", "EGP"): Verify element property value successfully

2023-10-16 14:12:56 - [MESSAGE][PASSED] - Verify element property value successfully

2023-10-16 14:12:56 - [TEST_STEP][PASSED] - verifyElementPropertyValue(getResponse, "offers[1].groups[0].pricingPlans[0].visualElements[10].key", "duration"): Verify element property value successfully

2023-10-16 14:12:56 - [MESSAGE][PASSED] - Verify element property value successfully

2023-10-16 14:12:56 - [TEST_STEP][PASSED] - verifyElementPropertyValue(getResponse, "offers[1].groups[0].pricingPlans[0].visualElements[10].value", "Mensuel"): Verify element property value successfully

2023-10-16 14:12:56 - [MESSAGE][PASSED] - Verify element property value successfully

2023-10-16 14:12:56 - [TEST_STEP][PASSED] - verifyElementPropertyValue(getResponse, "offers[1].groups[0].pricingPlans[0].visualElements[11].key", "featured_tag_text"): Verify element property value successfully

2023-10-16 14:12:56 - [MESSAGE][PASSED] - Verify element property value successfully

2023-10-16 14:12:56 - [TEST_STEP][PASSED] - verifyElementPropertyValue(getResponse, "offers[1].groups[0].pricingPlans[0].visualElements[11].value", "Offre limitée"): Verify element property value successfully

2023-10-16 14:12:56 - [MESSAGE][PASSED] - Verify element property value successfully

2023-10-16 14:12:56 - [TEST_STEP][PASSED] - verifyElementPropertyValue(getResponse, "offers[1].groups[0].pricingPlans[0].visualElements[13].key", "tag_text"): Verify element property value successfully

2023-10-16 14:12:56 - [MESSAGE][PASSED] - Verify element property value successfully

2023-10-16 14:12:56 - [TEST_STEP][PASSED] - verifyElementPropertyValue(getResponse, "offers[1].groups[0].pricingPlans[0].visualElements[13].value", "Économisez 40% "): Verify element property value successfully

2023-10-16 14:12:56 - [MESSAGE][PASSED] - Verify element property value successfully

2023-10-16 14:12:56 - [TEST_STEP][PASSED] - verifyElementPropertyValue(getResponse, "offers[1].groups[0].pricingPlans[0].visualElements[12].key", "show_tag"): Verify element property value successfully

2023-10-16 14:12:56 - [MESSAGE][PASSED] - Verify element property value successfully

2023-10-16 14:12:56 - [TEST_STEP][PASSED] - verifyElementPropertyValue(getResponse, "offers[1].groups[0].pricingPlans[0].visualElements[12].value", "true"): Verify element property value successfully

2023-10-16 14:12:56 - [MESSAGE][PASSED] - Verify element property value successfully

2023-10-16 14:12:56 - [TEST_STEP][PASSED] - verifyElementPropertyValue(getResponse, "offers[1].groups[0].pricingPlans[0].pricingPlanData[0].productId", "EGY_B2C_SHAHID_VIP_1M"): Verify element property value successfully

2023-10-16 14:12:56 - [MESSAGE][PASSED] - Verify element property value successfully

2023-10-16 14:12:56 - [TEST_STEP][PASSED] - verifyElementPropertyValue(getResponse, "offers[1].groups[0].pricingPlans[0].pricingPlanData[0].paymentMethod", "CREDIT_CARD"): Verify element property value successfully

2023-10-16 14:12:56 - [MESSAGE][PASSED] - Verify element property value successfully

2023-10-16 14:12:56 - [TEST_STEP][PASSED] - verifyElementPropertyValue(getResponse, "offers[1].groups[0].pricingPlans[0].pricingPlanData[0].freeTrialEnabled", "false"): Verify element property value successfully

2023-10-16 14:12:56 - [MESSAGE][PASSED] - Verify element property value successfully

2023-10-16 14:12:56 - [TEST_STEP][PASSED] - verifyElementPropertyValue(getResponse, "offers[1].groups[0].pricingPlans[0].pricingPlanData[0].showIn[0]", "VERTICAL_MODE"): Verify element property value successfully

2023-10-16 14:12:56 - [MESSAGE][PASSED] - Verify element property value successfully

2023-10-16 14:12:56 - [TEST_STEP][PASSED] - verifyElementPropertyValue(getResponse, "offers[1].groups[0].pricingPlans[0].pricingPlanData[0].showIn[1]", "HORIZONTAL_MODE"): Verify element property value successfully

2023-10-16 14:12:56 - [MESSAGE][PASSED] - Verify element property value successfully

2023-10-16 14:12:56 - [TEST_STEP][PASSED] - verifyElementPropertyValue(getResponse, "offers[1].groups[0].pricingPlans[0].pricingPlanData[0].priceLabel", "35.99"): Verify element property value successfully

2023-10-16 14:12:56 - [MESSAGE][PASSED] - Verify element property value successfully

2023-10-16 14:12:56 - [TEST_STEP][PASSED] - verifyElementPropertyValue(getResponse, "offers[1].groups[0].pricingPlans[0].pricingPlanData[0].currencyLabel", "EGP"): Verify element property value successfully

2023-10-16 14:12:56 - [MESSAGE][PASSED] - Verify element property value successfully

2023-10-16 14:12:56 - [TEST_STEP][PASSED] - verifyElementPropertyValue(getResponse, "offers[1].groups[0].pricingPlans[0].pricingPlanData[0].dealId", "RE_40P_EGY"): Verify element property value successfully

2023-10-16 14:12:56 - [MESSAGE][PASSED] - Verify element property value successfully

2023-10-16 14:12:56 - [TEST_STEP][PASSED] - verifyElementPropertyValue(getResponse, "offers[1].groups[0].pricingPlans[0].pricingPlanData[0].allowedForAcquisition", "true"): Verify element property value successfully

2023-10-16 14:12:56 - [MESSAGE][PASSED] - Verify element property value successfully

2023-10-16 14:12:56 - [TEST_STEP][PASSED] - verifyElementPropertyValue(getResponse, "offers[1].groups[0].pricingPlans[0].pricingPlanData[0].visualElements[0].key", "title"): Verify element property value successfully

2023-10-16 14:12:56 - [MESSAGE][PASSED] - Verify element property value successfully

2023-10-16 14:12:56 - [TEST_STEP][PASSED] - verifyElementPropertyValue(getResponse, "offers[1].groups[0].pricingPlans[0].pricingPlanData[0].visualElements[0].value", "Carte de crédit/débit"): Verify element property value successfully

2023-10-16 14:12:56 - [MESSAGE][PASSED] - Verify element property value successfully

2023-10-16 14:12:56 - [TEST_STEP][PASSED] - verifyElementPropertyValue(getResponse, "offers[1].groups[0].pricingPlans[0].pricingPlanData[0].visualElements[1].key", "CTA_text"): Verify element property value successfully

2023-10-16 14:12:56 - [MESSAGE][PASSED] - Verify element property value successfully

2023-10-16 14:12:56 - [TEST_STEP][PASSED] - verifyElementPropertyValue(getResponse, "offers[1].groups[0].pricingPlans[0].pricingPlanData[0].visualElements[1].value", "S’abonner"): Verify element property value successfully

2023-10-16 14:12:56 - [MESSAGE][PASSED] - Verify element property value successfully

2023-10-16 14:12:56 - [TEST_STEP][PASSED] - verifyElementPropertyValue(getResponse, "offers[1].groups[0].pricingPlans[0].pricingPlanData[0].visualElements[2].key", "logo"): Verify element property value successfully

2023-10-16 14:12:56 - [MESSAGE][PASSED] - Verify element property value successfully

2023-10-16 14:12:56 - [TEST_STEP][PASSED] - verifyElementPropertyValue(getResponse, "offers[1].groups[0].pricingPlans[0].pricingPlanData[0].visualElements[2].value", "https://static.s3.shahid.mbc.net/widget-images/icons/iconCreditCard.png"): Verify element property value successfully

2023-10-16 14:12:56 - [MESSAGE][PASSED] - Verify element property value successfully

2023-10-16 14:12:56 - [TEST_STEP][PASSED] - verifyElementPropertyValue(getResponse, "offers[2].offerId", "winback-50-offer"): Verify element property value successfully

2023-10-16 14:12:56 - [MESSAGE][PASSED] - Verify element property value successfully

2023-10-16 14:12:56 - [TEST_STEP][PASSED] - verifyElementPropertyValue(getResponse, "offers[2].offerParam", "winback50"): Verify element property value successfully

2023-10-16 14:12:56 - [MESSAGE][PASSED] - Verify element property value successfully

2023-10-16 14:12:56 - [TEST_STEP][PASSED] - verifyElementPropertyValue(getResponse, "offers[2].groups[0].pricingPlans[0].featured", "true"): Verify element property value successfully

2023-10-16 14:12:56 - [MESSAGE][PASSED] - Verify element property value successfully

2023-10-16 14:12:56 - [TEST_STEP][PASSED] - verifyElementPropertyValue(getResponse, "offers[2].groups[0].pricingPlans[0].period", "monthly"): Verify element property value successfully

2023-10-16 14:12:56 - [MESSAGE][PASSED] - Verify element property value successfully

2023-10-16 14:12:56 - [TEST_STEP][PASSED] - verifyElementPropertyValue(getResponse, "offers[2].groups[0].pricingPlans[0].featured", "true"): Verify element property value successfully

2023-10-16 14:12:56 - [MESSAGE][PASSED] - Verify element property value successfully

2023-10-16 14:12:56 - [TEST_STEP][PASSED] - verifyElementPropertyValue(getResponse, "offers[2].groups[0].pricingPlans[0].price", "29.99"): Verify element property value successfully

2023-10-16 14:12:56 - [MESSAGE][PASSED] - Verify element property value successfully

2023-10-16 14:12:56 - [TEST_STEP][PASSED] - verifyElementPropertyValue(getResponse, "offers[2].groups[0].pricingPlans[0].currency", "EGP"): Verify element property value successfully

2023-10-16 14:12:56 - [MESSAGE][PASSED] - Verify element property value successfully

2023-10-16 14:12:56 - [TEST_STEP][PASSED] - verifyElementPropertyValue(getResponse, "offers[2].groups[0].pricingPlans[0].order", "0"): Verify element property value successfully

2023-10-16 14:12:57 - [MESSAGE][PASSED] - Verify element property value successfully

2023-10-16 14:12:57 - [TEST_STEP][PASSED] - verifyElementPropertyValue(getResponse, "offers[2].groups[0].pricingPlans[0].packageId", "SHAHID_VIP"): Verify element property value successfully

2023-10-16 14:12:57 - [MESSAGE][PASSED] - Verify element property value successfully

2023-10-16 14:12:57 - [TEST_STEP][PASSED] - verifyElementPropertyValue(getResponse, "offers[2].groups[0].pricingPlans[0].catalogId", "VIP"): Verify element property value successfully

2023-10-16 14:12:57 - [MESSAGE][PASSED] - Verify element property value successfully

2023-10-16 14:12:57 - [TEST_STEP][PASSED] - verifyElementPropertyValue(getResponse, "offers[2].groups[0].pricingPlans[0].visualElements[0].key", "Header_1_text"): Verify element property value successfully

2023-10-16 14:12:57 - [MESSAGE][PASSED] - Verify element property value successfully

2023-10-16 14:12:57 - [TEST_STEP][PASSED] - verifyElementPropertyValue(getResponse, "offers[2].groups[0].pricingPlans[0].visualElements[0].value", "Abonnez-vous dès maintenant et profitez de vos programmes sans publicité"): Verify element property value successfully

2023-10-16 14:12:57 - [MESSAGE][PASSED] - Verify element property value successfully

2023-10-16 14:12:57 - [TEST_STEP][PASSED] - verifyElementPropertyValue(getResponse, "offers[2].groups[0].pricingPlans[0].visualElements[1].key", "display_title"): Verify element property value successfully

2023-10-16 14:12:57 - [MESSAGE][PASSED] - Verify element property value successfully

2023-10-16 14:12:57 - [TEST_STEP][PASSED] - verifyElementPropertyValue(getResponse, "offers[2].groups[0].pricingPlans[0].visualElements[1].value", "50% de réduction"): Verify element property value successfully

2023-10-16 14:12:57 - [MESSAGE][PASSED] - Verify element property value successfully

2023-10-16 14:12:57 - [TEST_STEP][PASSED] - verifyElementPropertyValue(getResponse, "offers[2].groups[0].pricingPlans[0].visualElements[3].key", "deduction_text"): Verify element property value successfully

2023-10-16 14:12:57 - [MESSAGE][PASSED] - Verify element property value successfully

2023-10-16 14:12:57 - [TEST_STEP][PASSED] - verifyElementPropertyValue(getResponse, "offers[2].groups[0].pricingPlans[0].visualElements[3].value", "facturation mensuelle"): Verify element property value successfully

2023-10-16 14:12:57 - [MESSAGE][PASSED] - Verify element property value successfully

2023-10-16 14:12:57 - [TEST_STEP][PASSED] - verifyElementPropertyValue(getResponse, "offers[2].groups[0].pricingPlans[0].visualElements[6].key", "show_payment_logo"): Verify element property value successfully

2023-10-16 14:12:57 - [MESSAGE][PASSED] - Verify element property value successfully

2023-10-16 14:12:57 - [TEST_STEP][PASSED] - verifyElementPropertyValue(getResponse, "offers[2].groups[0].pricingPlans[0].visualElements[6].value", "true"): Verify element property value successfully

2023-10-16 14:12:57 - [MESSAGE][PASSED] - Verify element property value successfully

2023-10-16 14:12:57 - [TEST_STEP][PASSED] - verifyElementPropertyValue(getResponse, "offers[2].groups[0].pricingPlans[0].visualElements[8].key", "price"): Verify element property value successfully

2023-10-16 14:12:57 - [MESSAGE][PASSED] - Verify element property value successfully

2023-10-16 14:12:57 - [TEST_STEP][PASSED] - verifyElementPropertyValue(getResponse, "offers[2].groups[0].pricingPlans[0].visualElements[8].value", "29.99"): Verify element property value successfully

2023-10-16 14:12:57 - [MESSAGE][PASSED] - Verify element property value successfully

2023-10-16 14:12:57 - [TEST_STEP][PASSED] - verifyElementPropertyValue(getResponse, "offers[2].groups[0].pricingPlans[0].visualElements[9].key", "currency"): Verify element property value successfully

2023-10-16 14:12:57 - [MESSAGE][PASSED] - Verify element property value successfully

2023-10-16 14:12:57 - [TEST_STEP][PASSED] - verifyElementPropertyValue(getResponse, "offers[2].groups[0].pricingPlans[0].visualElements[9].value", "EGP"): Verify element property value successfully

2023-10-16 14:12:57 - [MESSAGE][PASSED] - Verify element property value successfully

2023-10-16 14:12:57 - [TEST_STEP][PASSED] - verifyElementPropertyValue(getResponse, "offers[2].groups[0].pricingPlans[0].visualElements[10].key", "duration"): Verify element property value successfully

2023-10-16 14:12:57 - [MESSAGE][PASSED] - Verify element property value successfully

2023-10-16 14:12:57 - [TEST_STEP][PASSED] - verifyElementPropertyValue(getResponse, "offers[2].groups[0].pricingPlans[0].visualElements[10].value", "Mensuel"): Verify element property value successfully

2023-10-16 14:12:57 - [MESSAGE][PASSED] - Verify element property value successfully

2023-10-16 14:12:57 - [TEST_STEP][PASSED] - verifyElementPropertyValue(getResponse, "offers[2].groups[0].pricingPlans[0].visualElements[11].key", "featured_tag_text"): Verify element property value successfully

2023-10-16 14:12:57 - [MESSAGE][PASSED] - Verify element property value successfully

2023-10-16 14:12:57 - [TEST_STEP][PASSED] - verifyElementPropertyValue(getResponse, "offers[2].groups[0].pricingPlans[0].visualElements[11].value", "Offre limitée"): Verify element property value successfully

2023-10-16 14:12:57 - [MESSAGE][PASSED] - Verify element property value successfully

2023-10-16 14:12:57 - [TEST_STEP][PASSED] - verifyElementPropertyValue(getResponse, "offers[2].groups[0].pricingPlans[0].visualElements[13].key", "tag_text"): Verify element property value successfully

2023-10-16 14:12:57 - [MESSAGE][PASSED] - Verify element property value successfully

2023-10-16 14:12:57 - [TEST_STEP][PASSED] - verifyElementPropertyValue(getResponse, "offers[2].groups[0].pricingPlans[0].visualElements[13].value", "Économisez 50% "): Verify element property value successfully

2023-10-16 14:12:57 - [MESSAGE][PASSED] - Verify element property value successfully

2023-10-16 14:12:57 - [TEST_STEP][PASSED] - verifyElementPropertyValue(getResponse, "offers[2].groups[0].pricingPlans[0].visualElements[12].key", "show_tag"): Verify element property value successfully

2023-10-16 14:12:57 - [MESSAGE][PASSED] - Verify element property value successfully

2023-10-16 14:12:57 - [TEST_STEP][PASSED] - verifyElementPropertyValue(getResponse, "offers[2].groups[0].pricingPlans[0].visualElements[12].value", "true"): Verify element property value successfully

2023-10-16 14:12:57 - [MESSAGE][PASSED] - Verify element property value successfully

2023-10-16 14:12:57 - [TEST_STEP][PASSED] - verifyElementPropertyValue(getResponse, "offers[2].groups[0].pricingPlans[0].pricingPlanData[0].productId", "EGY_B2C_SHAHID_VIP_1M"): Verify element property value successfully

2023-10-16 14:12:57 - [MESSAGE][PASSED] - Verify element property value successfully

2023-10-16 14:12:57 - [TEST_STEP][PASSED] - verifyElementPropertyValue(getResponse, "offers[2].groups[0].pricingPlans[0].pricingPlanData[0].paymentMethod", "CREDIT_CARD"): Verify element property value successfully

2023-10-16 14:12:57 - [MESSAGE][PASSED] - Verify element property value successfully

2023-10-16 14:12:57 - [TEST_STEP][PASSED] - verifyElementPropertyValue(getResponse, "offers[2].groups[0].pricingPlans[0].pricingPlanData[0].freeTrialEnabled", "false"): Verify element property value successfully

2023-10-16 14:12:57 - [MESSAGE][PASSED] - Verify element property value successfully

2023-10-16 14:12:57 - [TEST_STEP][PASSED] - verifyElementPropertyValue(getResponse, "offers[2].groups[0].pricingPlans[0].pricingPlanData[0].showIn[0]", "VERTICAL_MODE"): Verify element property value successfully

2023-10-16 14:12:57 - [MESSAGE][PASSED] - Verify element property value successfully

2023-10-16 14:12:57 - [TEST_STEP][PASSED] - verifyElementPropertyValue(getResponse, "offers[2].groups[0].pricingPlans[0].pricingPlanData[0].showIn[1]", "HORIZONTAL_MODE"): Verify element property value successfully

2023-10-16 14:12:57 - [MESSAGE][PASSED] - Verify element property value successfully

2023-10-16 14:12:57 - [TEST_STEP][PASSED] - verifyElementPropertyValue(getResponse, "offers[2].groups[0].pricingPlans[0].pricingPlanData[0].priceLabel", "29.99"): Verify element property value successfully

2023-10-16 14:12:57 - [MESSAGE][PASSED] - Verify element property value successfully

2023-10-16 14:12:57 - [TEST_STEP][PASSED] - verifyElementPropertyValue(getResponse, "offers[2].groups[0].pricingPlans[0].pricingPlanData[0].currencyLabel", "EGP"): Verify element property value successfully

2023-10-16 14:12:57 - [MESSAGE][PASSED] - Verify element property value successfully

2023-10-16 14:12:57 - [TEST_STEP][PASSED] - verifyElementPropertyValue(getResponse, "offers[2].groups[0].pricingPlans[0].pricingPlanData[0].dealId", "RE_50P_EGY"): Verify element property value successfully

2023-10-16 14:12:57 - [MESSAGE][PASSED] - Verify element property value successfully

2023-10-16 14:12:57 - [TEST_STEP][PASSED] - verifyElementPropertyValue(getResponse, "offers[2].groups[0].pricingPlans[0].pricingPlanData[0].allowedForAcquisition", "true"): Verify element property value successfully

2023-10-16 14:12:57 - [MESSAGE][PASSED] - Verify element property value successfully

2023-10-16 14:12:57 - [TEST_STEP][PASSED] - verifyElementPropertyValue(getResponse, "offers[2].groups[0].pricingPlans[0].pricingPlanData[0].visualElements[0].key", "title"): Verify element property value successfully

2023-10-16 14:12:57 - [MESSAGE][PASSED] - Verify element property value successfully

2023-10-16 14:12:57 - [TEST_STEP][PASSED] - verifyElementPropertyValue(getResponse, "offers[2].groups[0].pricingPlans[0].pricingPlanData[0].visualElements[0].value", "Carte de crédit/débit"): Verify element property value successfully

2023-10-16 14:12:57 - [MESSAGE][PASSED] - Verify element property value successfully

2023-10-16 14:12:57 - [TEST_STEP][PASSED] - verifyElementPropertyValue(getResponse, "offers[2].groups[0].pricingPlans[0].pricingPlanData[0].visualElements[1].key", "CTA_text"): Verify element property value successfully

2023-10-16 14:12:57 - [MESSAGE][PASSED] - Verify element property value successfully

2023-10-16 14:12:57 - [TEST_STEP][PASSED] - verifyElementPropertyValue(getResponse, "offers[2].groups[0].pricingPlans[0].pricingPlanData[0].visualElements[1].value", "S’abonner"): Verify element property value successfully

2023-10-16 14:12:57 - [MESSAGE][PASSED] - Verify element property value successfully

2023-10-16 14:12:57 - [TEST_STEP][PASSED] - verifyElementPropertyValue(getResponse, "offers[2].groups[0].pricingPlans[0].pricingPlanData[0].visualElements[2].key", "logo"): Verify element property value successfully

2023-10-16 14:12:57 - [MESSAGE][PASSED] - Verify element property value successfully

2023-10-16 14:12:57 - [TEST_STEP][PASSED] - verifyElementPropertyValue(getResponse, "offers[2].groups[0].pricingPlans[0].pricingPlanData[0].visualElements[2].value", "https://static.s3.shahid.mbc.net/widget-images/icons/iconCreditCard.png"): Verify element property value successfully

2023-10-16 14:12:57 - [MESSAGE][PASSED] - Verify element property value successfully

2023-10-16 14:12:57 - [TEST_STEP][PASSED] - verifyElementPropertyValue(getResponse, "offers[9].offerId", "byg-30-offer"): Verify element property value successfully

2023-10-16 14:12:57 - [MESSAGE][PASSED] - Verify element property value successfully

2023-10-16 14:12:57 - [TEST_STEP][PASSED] - verifyElementPropertyValue(getResponse, "offers[9].offerParam", "bygoffer30"): Verify element property value successfully

2023-10-16 14:12:57 - [MESSAGE][PASSED] - Verify element property value successfully

2023-10-16 14:12:57 - [TEST_STEP][PASSED] - verifyElementPropertyValue(getResponse, "offers[9].groups[0].pricingPlans[0].featured", "true"): Verify element property value successfully

2023-10-16 14:12:57 - [MESSAGE][PASSED] - Verify element property value successfully

2023-10-16 14:12:57 - [TEST_STEP][PASSED] - verifyElementPropertyValue(getResponse, "offers[9].groups[0].pricingPlans[0].period", "monthly"): Verify element property value successfully

2023-10-16 14:12:57 - [MESSAGE][PASSED] - Verify element property value successfully

2023-10-16 14:12:57 - [TEST_STEP][PASSED] - verifyElementPropertyValue(getResponse, "offers[9].groups[0].pricingPlans[0].featured", "true"): Verify element property value successfully

2023-10-16 14:12:57 - [MESSAGE][PASSED] - Verify element property value successfully

2023-10-16 14:12:57 - [TEST_STEP][PASSED] - verifyElementPropertyValue(getResponse, "offers[9].groups[0].pricingPlans[0].price", "41.99"): Verify element property value successfully

2023-10-16 14:12:57 - [MESSAGE][PASSED] - Verify element property value successfully

2023-10-16 14:12:57 - [TEST_STEP][PASSED] - verifyElementPropertyValue(getResponse, "offers[9].groups[0].pricingPlans[0].currency", "EGP"): Verify element property value successfully

2023-10-16 14:12:57 - [MESSAGE][PASSED] - Verify element property value successfully

2023-10-16 14:12:57 - [TEST_STEP][PASSED] - verifyElementPropertyValue(getResponse, "offers[9].groups[0].pricingPlans[0].order", "0"): Verify element property value successfully

2023-10-16 14:12:57 - [MESSAGE][PASSED] - Verify element property value successfully

2023-10-16 14:12:57 - [TEST_STEP][PASSED] - verifyElementPropertyValue(getResponse, "offers[9].groups[0].pricingPlans[0].packageId", "SHAHID_VIP"): Verify element property value successfully

2023-10-16 14:12:57 - [MESSAGE][PASSED] - Verify element property value successfully

2023-10-16 14:12:57 - [TEST_STEP][PASSED] - verifyElementPropertyValue(getResponse, "offers[9].groups[0].pricingPlans[0].catalogId", "VIP"): Verify element property value successfully

2023-10-16 14:12:57 - [MESSAGE][PASSED] - Verify element property value successfully

2023-10-16 14:12:57 - [TEST_STEP][PASSED] - verifyElementPropertyValue(getResponse, "offers[9].groups[0].pricingPlans[0].visualElements[0].key", "Header_1_text"): Verify element property value successfully

2023-10-16 14:12:57 - [MESSAGE][PASSED] - Verify element property value successfully

2023-10-16 14:12:57 - [TEST_STEP][PASSED] - verifyElementPropertyValue(getResponse, "offers[9].groups[0].pricingPlans[0].visualElements[0].value", "Abonnez-vous dès maintenant et profitez de vos programmes sans publicité"): Verify element property value successfully

2023-10-16 14:12:57 - [MESSAGE][PASSED] - Verify element property value successfully

2023-10-16 14:12:57 - [TEST_STEP][PASSED] - verifyElementPropertyValue(getResponse, "offers[9].groups[0].pricingPlans[0].visualElements[1].key", "display_title"): Verify element property value successfully

2023-10-16 14:12:57 - [MESSAGE][PASSED] - Verify element property value successfully

2023-10-16 14:12:57 - [TEST_STEP][PASSED] - verifyElementPropertyValue(getResponse, "offers[9].groups[0].pricingPlans[0].visualElements[1].value", "30% de réduction"): Verify element property value successfully

2023-10-16 14:12:57 - [MESSAGE][PASSED] - Verify element property value successfully

2023-10-16 14:12:57 - [TEST_STEP][PASSED] - verifyElementPropertyValue(getResponse, "offers[9].groups[0].pricingPlans[0].visualElements[3].key", "deduction_text"): Verify element property value successfully

2023-10-16 14:12:57 - [MESSAGE][PASSED] - Verify element property value successfully

2023-10-16 14:12:57 - [TEST_STEP][PASSED] - verifyElementPropertyValue(getResponse, "offers[9].groups[0].pricingPlans[0].visualElements[3].value", "facturation mensuelle"): Verify element property value successfully

2023-10-16 14:12:57 - [MESSAGE][PASSED] - Verify element property value successfully

2023-10-16 14:12:57 - [TEST_STEP][PASSED] - verifyElementPropertyValue(getResponse, "offers[9].groups[0].pricingPlans[0].visualElements[6].key", "show_payment_logo"): Verify element property value successfully

2023-10-16 14:12:57 - [MESSAGE][PASSED] - Verify element property value successfully

2023-10-16 14:12:57 - [TEST_STEP][PASSED] - verifyElementPropertyValue(getResponse, "offers[9].groups[0].pricingPlans[0].visualElements[6].value", "true"): Verify element property value successfully

2023-10-16 14:12:57 - [MESSAGE][PASSED] - Verify element property value successfully

2023-10-16 14:12:57 - [TEST_STEP][PASSED] - verifyElementPropertyValue(getResponse, "offers[9].groups[0].pricingPlans[0].visualElements[8].key", "price"): Verify element property value successfully

2023-10-16 14:12:57 - [MESSAGE][PASSED] - Verify element property value successfully

2023-10-16 14:12:57 - [TEST_STEP][PASSED] - verifyElementPropertyValue(getResponse, "offers[9].groups[0].pricingPlans[0].visualElements[8].value", "41.99"): Verify element property value successfully

2023-10-16 14:12:57 - [MESSAGE][PASSED] - Verify element property value successfully

2023-10-16 14:12:57 - [TEST_STEP][PASSED] - verifyElementPropertyValue(getResponse, "offers[9].groups[0].pricingPlans[0].visualElements[9].key", "currency"): Verify element property value successfully

2023-10-16 14:12:57 - [MESSAGE][PASSED] - Verify element property value successfully

2023-10-16 14:12:57 - [TEST_STEP][PASSED] - verifyElementPropertyValue(getResponse, "offers[9].groups[0].pricingPlans[0].visualElements[9].value", "EGP"): Verify element property value successfully

2023-10-16 14:12:57 - [MESSAGE][PASSED] - Verify element property value successfully

2023-10-16 14:12:57 - [TEST_STEP][PASSED] - verifyElementPropertyValue(getResponse, "offers[9].groups[0].pricingPlans[0].visualElements[10].key", "duration"): Verify element property value successfully

2023-10-16 14:12:57 - [MESSAGE][PASSED] - Verify element property value successfully

2023-10-16 14:12:57 - [TEST_STEP][PASSED] - verifyElementPropertyValue(getResponse, "offers[9].groups[0].pricingPlans[0].visualElements[10].value", "Mensuel"): Verify element property value successfully

2023-10-16 14:12:57 - [MESSAGE][PASSED] - Verify element property value successfully

2023-10-16 14:12:57 - [TEST_STEP][PASSED] - verifyElementPropertyValue(getResponse, "offers[9].groups[0].pricingPlans[0].visualElements[11].key", "featured_tag_text"): Verify element property value successfully

2023-10-16 14:12:57 - [MESSAGE][PASSED] - Verify element property value successfully

2023-10-16 14:12:57 - [TEST_STEP][PASSED] - verifyElementPropertyValue(getResponse, "offers[9].groups[0].pricingPlans[0].visualElements[11].value", "Offre limitée"): Verify element property value successfully

2023-10-16 14:12:57 - [MESSAGE][PASSED] - Verify element property value successfully

2023-10-16 14:12:57 - [TEST_STEP][PASSED] - verifyElementPropertyValue(getResponse, "offers[9].groups[0].pricingPlans[0].visualElements[13].key", "tag_text"): Verify element property value successfully

2023-10-16 14:12:57 - [MESSAGE][PASSED] - Verify element property value successfully

2023-10-16 14:12:57 - [TEST_STEP][PASSED] - verifyElementPropertyValue(getResponse, "offers[9].groups[0].pricingPlans[0].visualElements[13].value", "Économisez 30% "): Verify element property value successfully

2023-10-16 14:12:57 - [MESSAGE][PASSED] - Verify element property value successfully

2023-10-16 14:12:57 - [TEST_STEP][PASSED] - verifyElementPropertyValue(getResponse, "offers[9].groups[0].pricingPlans[0].visualElements[12].key", "show_tag"): Verify element property value successfully

2023-10-16 14:12:57 - [MESSAGE][PASSED] - Verify element property value successfully

2023-10-16 14:12:57 - [TEST_STEP][PASSED] - verifyElementPropertyValue(getResponse, "offers[9].groups[0].pricingPlans[0].visualElements[12].value", "true"): Verify element property value successfully

2023-10-16 14:12:57 - [MESSAGE][PASSED] - Verify element property value successfully

2023-10-16 14:12:57 - [TEST_STEP][PASSED] - verifyElementPropertyValue(getResponse, "offers[9].groups[0].pricingPlans[0].pricingPlanData[0].productId", "EGY_B2C_SHAHID_VIP_1M"): Verify element property value successfully

2023-10-16 14:12:57 - [MESSAGE][PASSED] - Verify element property value successfully

2023-10-16 14:12:57 - [TEST_STEP][PASSED] - verifyElementPropertyValue(getResponse, "offers[9].groups[0].pricingPlans[0].pricingPlanData[0].paymentMethod", "CREDIT_CARD"): Verify element property value successfully

2023-10-16 14:12:57 - [MESSAGE][PASSED] - Verify element property value successfully

2023-10-16 14:12:57 - [TEST_STEP][PASSED] - verifyElementPropertyValue(getResponse, "offers[9].groups[0].pricingPlans[0].pricingPlanData[0].freeTrialEnabled", "false"): Verify element property value successfully

2023-10-16 14:12:57 - [MESSAGE][PASSED] - Verify element property value successfully

2023-10-16 14:12:57 - [TEST_STEP][PASSED] - verifyElementPropertyValue(getResponse, "offers[9].groups[0].pricingPlans[0].pricingPlanData[0].showIn[0]", "VERTICAL_MODE"): Verify element property value successfully

2023-10-16 14:12:57 - [MESSAGE][PASSED] - Verify element property value successfully

2023-10-16 14:12:57 - [TEST_STEP][PASSED] - verifyElementPropertyValue(getResponse, "offers[9].groups[0].pricingPlans[0].pricingPlanData[0].showIn[1]", "HORIZONTAL_MODE"): Verify element property value successfully

2023-10-16 14:12:57 - [MESSAGE][PASSED] - Verify element property value successfully

2023-10-16 14:12:57 - [TEST_STEP][PASSED] - verifyElementPropertyValue(getResponse, "offers[9].groups[0].pricingPlans[0].pricingPlanData[0].priceLabel", "41.99"): Verify element property value successfully

2023-10-16 14:12:57 - [MESSAGE][PASSED] - Verify element property value successfully

2023-10-16 14:12:57 - [TEST_STEP][PASSED] - verifyElementPropertyValue(getResponse, "offers[9].groups[0].pricingPlans[0].pricingPlanData[0].currencyLabel", "EGP"): Verify element property value successfully

2023-10-16 14:12:57 - [MESSAGE][PASSED] - Verify element property value successfully

2023-10-16 14:12:57 - [TEST_STEP][PASSED] - verifyElementPropertyValue(getResponse, "offers[9].groups[0].pricingPlans[0].pricingPlanData[0].dealId", "BYG_30P_EGY"): Verify element property value successfully

2023-10-16 14:12:57 - [MESSAGE][PASSED] - Verify element property value successfully

2023-10-16 14:12:57 - [TEST_STEP][PASSED] - verifyElementPropertyValue(getResponse, "offers[9].groups[0].pricingPlans[0].pricingPlanData[0].allowedForAcquisition", "true"): Verify element property value successfully

2023-10-16 14:12:57 - [MESSAGE][PASSED] - Verify element property value successfully

2023-10-16 14:12:57 - [TEST_STEP][PASSED] - verifyElementPropertyValue(getResponse, "offers[9].groups[0].pricingPlans[0].pricingPlanData[0].visualElements[0].key", "title"): Verify element property value successfully

2023-10-16 14:12:57 - [MESSAGE][PASSED] - Verify element property value successfully

2023-10-16 14:12:57 - [TEST_STEP][PASSED] - verifyElementPropertyValue(getResponse, "offers[9].groups[0].pricingPlans[0].pricingPlanData[0].visualElements[0].value", "Carte de crédit/débit"): Verify element property value successfully

2023-10-16 14:12:57 - [MESSAGE][PASSED] - Verify element property value successfully

2023-10-16 14:12:57 - [TEST_STEP][PASSED] - verifyElementPropertyValue(getResponse, "offers[9].groups[0].pricingPlans[0].pricingPlanData[0].visualElements[1].key", "CTA_text"): Verify element property value successfully

2023-10-16 14:12:57 - [MESSAGE][PASSED] - Verify element property value successfully

2023-10-16 14:12:57 - [TEST_STEP][PASSED] - verifyElementPropertyValue(getResponse, "offers[9].groups[0].pricingPlans[0].pricingPlanData[0].visualElements[1].value", "S’abonner"): Verify element property value successfully

2023-10-16 14:12:57 - [MESSAGE][PASSED] - Verify element property value successfully

2023-10-16 14:12:57 - [TEST_STEP][PASSED] - verifyElementPropertyValue(getResponse, "offers[9].groups[0].pricingPlans[0].pricingPlanData[0].visualElements[2].key", "logo"): Verify element property value successfully

2023-10-16 14:12:57 - [MESSAGE][PASSED] - Verify element property value successfully

2023-10-16 14:12:57 - [TEST_STEP][PASSED] - verifyElementPropertyValue(getResponse, "offers[9].groups[0].pricingPlans[0].pricingPlanData[0].visualElements[2].value", "https://static.s3.shahid.mbc.net/widget-images/icons/iconCreditCard.png"): Verify element property value successfully

2023-10-16 14:12:57 - [MESSAGE][PASSED] - Verify element property value successfully

2023-10-16 14:12:57 - [TEST_STEP][PASSED] - verifyElementPropertyValue(getResponse, "offers[10].offerId", "byg-40-offer"): Verify element property value successfully

2023-10-16 14:12:57 - [MESSAGE][PASSED] - Verify element property value successfully

2023-10-16 14:12:57 - [TEST_STEP][PASSED] - verifyElementPropertyValue(getResponse, "offers[10].offerParam", "bygoffer40"): Verify element property value successfully

2023-10-16 14:12:57 - [MESSAGE][PASSED] - Verify element property value successfully

2023-10-16 14:12:57 - [TEST_STEP][PASSED] - verifyElementPropertyValue(getResponse, "offers[10].groups[0].pricingPlans[0].featured", "true"): Verify element property value successfully

2023-10-16 14:12:57 - [MESSAGE][PASSED] - Verify element property value successfully

2023-10-16 14:12:57 - [TEST_STEP][PASSED] - verifyElementPropertyValue(getResponse, "offers[10].groups[0].pricingPlans[0].period", "monthly"): Verify element property value successfully

2023-10-16 14:12:57 - [MESSAGE][PASSED] - Verify element property value successfully

2023-10-16 14:12:57 - [TEST_STEP][PASSED] - verifyElementPropertyValue(getResponse, "offers[10].groups[0].pricingPlans[0].featured", "true"): Verify element property value successfully

2023-10-16 14:12:57 - [MESSAGE][PASSED] - Verify element property value successfully

2023-10-16 14:12:57 - [TEST_STEP][PASSED] - verifyElementPropertyValue(getResponse, "offers[10].groups[0].pricingPlans[0].price", "35.99"): Verify element property value successfully

2023-10-16 14:12:57 - [MESSAGE][PASSED] - Verify element property value successfully

2023-10-16 14:12:57 - [TEST_STEP][PASSED] - verifyElementPropertyValue(getResponse, "offers[10].groups[0].pricingPlans[0].currency", "EGP"): Verify element property value successfully

2023-10-16 14:12:57 - [MESSAGE][PASSED] - Verify element property value successfully

2023-10-16 14:12:58 - [TEST_STEP][PASSED] - verifyElementPropertyValue(getResponse, "offers[10].groups[0].pricingPlans[0].order", "0"): Verify element property value successfully

2023-10-16 14:12:58 - [MESSAGE][PASSED] - Verify element property value successfully

2023-10-16 14:12:58 - [TEST_STEP][PASSED] - verifyElementPropertyValue(getResponse, "offers[10].groups[0].pricingPlans[0].packageId", "SHAHID_VIP"): Verify element property value successfully

2023-10-16 14:12:58 - [MESSAGE][PASSED] - Verify element property value successfully

2023-10-16 14:12:58 - [TEST_STEP][PASSED] - verifyElementPropertyValue(getResponse, "offers[10].groups[0].pricingPlans[0].catalogId", "VIP"): Verify element property value successfully

2023-10-16 14:12:58 - [MESSAGE][PASSED] - Verify element property value successfully

2023-10-16 14:12:58 - [TEST_STEP][PASSED] - verifyElementPropertyValue(getResponse, "offers[10].groups[0].pricingPlans[0].visualElements[0].key", "Header_1_text"): Verify element property value successfully

2023-10-16 14:12:58 - [MESSAGE][PASSED] - Verify element property value successfully

2023-10-16 14:12:58 - [TEST_STEP][PASSED] - verifyElementPropertyValue(getResponse, "offers[10].groups[0].pricingPlans[0].visualElements[0].value", "Abonnez-vous dès maintenant et profitez de vos programmes sans publicité"): Verify element property value successfully

2023-10-16 14:12:58 - [MESSAGE][PASSED] - Verify element property value successfully

2023-10-16 14:12:58 - [TEST_STEP][PASSED] - verifyElementPropertyValue(getResponse, "offers[10].groups[0].pricingPlans[0].visualElements[1].key", "display_title"): Verify element property value successfully

2023-10-16 14:12:58 - [MESSAGE][PASSED] - Verify element property value successfully

2023-10-16 14:12:58 - [TEST_STEP][PASSED] - verifyElementPropertyValue(getResponse, "offers[10].groups[0].pricingPlans[0].visualElements[1].value", "40% de réduction"): Verify element property value successfully

2023-10-16 14:12:58 - [MESSAGE][PASSED] - Verify element property value successfully

2023-10-16 14:12:58 - [TEST_STEP][PASSED] - verifyElementPropertyValue(getResponse, "offers[10].groups[0].pricingPlans[0].visualElements[3].key", "deduction_text"): Verify element property value successfully

2023-10-16 14:12:58 - [MESSAGE][PASSED] - Verify element property value successfully

2023-10-16 14:12:58 - [TEST_STEP][PASSED] - verifyElementPropertyValue(getResponse, "offers[10].groups[0].pricingPlans[0].visualElements[3].value", "facturation mensuelle"): Verify element property value successfully

2023-10-16 14:12:58 - [MESSAGE][PASSED] - Verify element property value successfully

2023-10-16 14:12:58 - [TEST_STEP][PASSED] - verifyElementPropertyValue(getResponse, "offers[10].groups[0].pricingPlans[0].visualElements[6].key", "show_payment_logo"): Verify element property value successfully

2023-10-16 14:12:58 - [MESSAGE][PASSED] - Verify element property value successfully

2023-10-16 14:12:58 - [TEST_STEP][PASSED] - verifyElementPropertyValue(getResponse, "offers[10].groups[0].pricingPlans[0].visualElements[6].value", "true"): Verify element property value successfully

2023-10-16 14:12:58 - [MESSAGE][PASSED] - Verify element property value successfully

2023-10-16 14:12:58 - [TEST_STEP][PASSED] - verifyElementPropertyValue(getResponse, "offers[10].groups[0].pricingPlans[0].visualElements[8].key", "price"): Verify element property value successfully

2023-10-16 14:12:58 - [MESSAGE][PASSED] - Verify element property value successfully

2023-10-16 14:12:58 - [TEST_STEP][PASSED] - verifyElementPropertyValue(getResponse, "offers[10].groups[0].pricingPlans[0].visualElements[8].value", "35.99"): Verify element property value successfully

2023-10-16 14:12:58 - [MESSAGE][PASSED] - Verify element property value successfully

2023-10-16 14:12:58 - [TEST_STEP][PASSED] - verifyElementPropertyValue(getResponse, "offers[10].groups[0].pricingPlans[0].visualElements[9].key", "currency"): Verify element property value successfully

2023-10-16 14:12:58 - [MESSAGE][PASSED] - Verify element property value successfully

2023-10-16 14:12:58 - [TEST_STEP][PASSED] - verifyElementPropertyValue(getResponse, "offers[10].groups[0].pricingPlans[0].visualElements[9].value", "EGP"): Verify element property value successfully

2023-10-16 14:12:58 - [MESSAGE][PASSED] - Verify element property value successfully

2023-10-16 14:12:58 - [TEST_STEP][PASSED] - verifyElementPropertyValue(getResponse, "offers[10].groups[0].pricingPlans[0].visualElements[10].key", "duration"): Verify element property value successfully

2023-10-16 14:12:58 - [MESSAGE][PASSED] - Verify element property value successfully

2023-10-16 14:12:58 - [TEST_STEP][PASSED] - verifyElementPropertyValue(getResponse, "offers[10].groups[0].pricingPlans[0].visualElements[10].value", "Mensuel"): Verify element property value successfully

2023-10-16 14:12:58 - [MESSAGE][PASSED] - Verify element property value successfully

2023-10-16 14:12:58 - [TEST_STEP][PASSED] - verifyElementPropertyValue(getResponse, "offers[10].groups[0].pricingPlans[0].visualElements[11].key", "featured_tag_text"): Verify element property value successfully

2023-10-16 14:12:58 - [MESSAGE][PASSED] - Verify element property value successfully

2023-10-16 14:12:58 - [TEST_STEP][PASSED] - verifyElementPropertyValue(getResponse, "offers[10].groups[0].pricingPlans[0].visualElements[11].value", "Offre limitée"): Verify element property value successfully

2023-10-16 14:12:58 - [MESSAGE][PASSED] - Verify element property value successfully

2023-10-16 14:12:58 - [TEST_STEP][PASSED] - verifyElementPropertyValue(getResponse, "offers[10].groups[0].pricingPlans[0].visualElements[13].key", "tag_text"): Verify element property value successfully

2023-10-16 14:12:58 - [MESSAGE][PASSED] - Verify element property value successfully

2023-10-16 14:12:58 - [TEST_STEP][PASSED] - verifyElementPropertyValue(getResponse, "offers[10].groups[0].pricingPlans[0].visualElements[13].value", "Économisez 40% "): Verify element property value successfully

2023-10-16 14:12:58 - [MESSAGE][PASSED] - Verify element property value successfully

2023-10-16 14:12:58 - [TEST_STEP][PASSED] - verifyElementPropertyValue(getResponse, "offers[10].groups[0].pricingPlans[0].visualElements[12].key", "show_tag"): Verify element property value successfully

2023-10-16 14:12:58 - [MESSAGE][PASSED] - Verify element property value successfully

2023-10-16 14:12:58 - [TEST_STEP][PASSED] - verifyElementPropertyValue(getResponse, "offers[10].groups[0].pricingPlans[0].visualElements[12].value", "true"): Verify element property value successfully

2023-10-16 14:12:58 - [MESSAGE][PASSED] - Verify element property value successfully

2023-10-16 14:12:58 - [TEST_STEP][PASSED] - verifyElementPropertyValue(getResponse, "offers[10].groups[0].pricingPlans[0].pricingPlanData[0].productId", "EGY_B2C_SHAHID_VIP_1M"): Verify element property value successfully

2023-10-16 14:12:58 - [MESSAGE][PASSED] - Verify element property value successfully

2023-10-16 14:12:58 - [TEST_STEP][PASSED] - verifyElementPropertyValue(getResponse, "offers[10].groups[0].pricingPlans[0].pricingPlanData[0].paymentMethod", "CREDIT_CARD"): Verify element property value successfully

2023-10-16 14:12:58 - [MESSAGE][PASSED] - Verify element property value successfully

2023-10-16 14:12:58 - [TEST_STEP][PASSED] - verifyElementPropertyValue(getResponse, "offers[10].groups[0].pricingPlans[0].pricingPlanData[0].freeTrialEnabled", "false"): Verify element property value successfully

2023-10-16 14:12:58 - [MESSAGE][PASSED] - Verify element property value successfully

2023-10-16 14:12:58 - [TEST_STEP][PASSED] - verifyElementPropertyValue(getResponse, "offers[10].groups[0].pricingPlans[0].pricingPlanData[0].showIn[0]", "VERTICAL_MODE"): Verify element property value successfully

2023-10-16 14:12:58 - [MESSAGE][PASSED] - Verify element property value successfully

2023-10-16 14:12:58 - [TEST_STEP][PASSED] - verifyElementPropertyValue(getResponse, "offers[10].groups[0].pricingPlans[0].pricingPlanData[0].showIn[1]", "HORIZONTAL_MODE"): Verify element property value successfully

2023-10-16 14:12:58 - [MESSAGE][PASSED] - Verify element property value successfully

2023-10-16 14:12:58 - [TEST_STEP][PASSED] - verifyElementPropertyValue(getResponse, "offers[10].groups[0].pricingPlans[0].pricingPlanData[0].priceLabel", "35.99"): Verify element property value successfully

2023-10-16 14:12:58 - [MESSAGE][PASSED] - Verify element property value successfully

2023-10-16 14:12:58 - [TEST_STEP][PASSED] - verifyElementPropertyValue(getResponse, "offers[10].groups[0].pricingPlans[0].pricingPlanData[0].currencyLabel", "EGP"): Verify element property value successfully

2023-10-16 14:12:58 - [MESSAGE][PASSED] - Verify element property value successfully

2023-10-16 14:12:58 - [TEST_STEP][PASSED] - verifyElementPropertyValue(getResponse, "offers[10].groups[0].pricingPlans[0].pricingPlanData[0].dealId", "BYG_40P_EGY"): Verify element property value successfully

2023-10-16 14:12:58 - [MESSAGE][PASSED] - Verify element property value successfully

2023-10-16 14:12:58 - [TEST_STEP][PASSED] - verifyElementPropertyValue(getResponse, "offers[10].groups[0].pricingPlans[0].pricingPlanData[0].allowedForAcquisition", "true"): Verify element property value successfully

2023-10-16 14:12:58 - [MESSAGE][PASSED] - Verify element property value successfully

2023-10-16 14:12:58 - [TEST_STEP][PASSED] - verifyElementPropertyValue(getResponse, "offers[10].groups[0].pricingPlans[0].pricingPlanData[0].visualElements[0].key", "title"): Verify element property value successfully

2023-10-16 14:12:58 - [MESSAGE][PASSED] - Verify element property value successfully

2023-10-16 14:12:58 - [TEST_STEP][PASSED] - verifyElementPropertyValue(getResponse, "offers[10].groups[0].pricingPlans[0].pricingPlanData[0].visualElements[0].value", "Carte de crédit/débit"): Verify element property value successfully

2023-10-16 14:12:58 - [MESSAGE][PASSED] - Verify element property value successfully

2023-10-16 14:12:58 - [TEST_STEP][PASSED] - verifyElementPropertyValue(getResponse, "offers[10].groups[0].pricingPlans[0].pricingPlanData[0].visualElements[1].key", "CTA_text"): Verify element property value successfully

2023-10-16 14:12:58 - [MESSAGE][PASSED] - Verify element property value successfully

2023-10-16 14:12:58 - [TEST_STEP][PASSED] - verifyElementPropertyValue(getResponse, "offers[10].groups[0].pricingPlans[0].pricingPlanData[0].visualElements[1].value", "S’abonner"): Verify element property value successfully

2023-10-16 14:12:58 - [MESSAGE][PASSED] - Verify element property value successfully

2023-10-16 14:12:58 - [TEST_STEP][PASSED] - verifyElementPropertyValue(getResponse, "offers[10].groups[0].pricingPlans[0].pricingPlanData[0].visualElements[2].key", "logo"): Verify element property value successfully

2023-10-16 14:12:58 - [MESSAGE][PASSED] - Verify element property value successfully

2023-10-16 14:12:58 - [TEST_STEP][PASSED] - verifyElementPropertyValue(getResponse, "offers[10].groups[0].pricingPlans[0].pricingPlanData[0].visualElements[2].value", "https://static.s3.shahid.mbc.net/widget-images/icons/iconCreditCard.png"): Verify element property value successfully

2023-10-16 14:12:58 - [MESSAGE][PASSED] - Verify element property value successfully

2023-10-16 14:12:58 - [TEST_STEP][PASSED] - verifyElementPropertyValue(getResponse, "offers[11].offerId", "byg-50-offer"): Verify element property value successfully

2023-10-16 14:12:58 - [MESSAGE][PASSED] - Verify element property value successfully

2023-10-16 14:12:58 - [TEST_STEP][PASSED] - verifyElementPropertyValue(getResponse, "offers[11].offerParam", "bygoffer50"): Verify element property value successfully

2023-10-16 14:12:58 - [MESSAGE][PASSED] - Verify element property value successfully

2023-10-16 14:12:58 - [TEST_STEP][PASSED] - verifyElementPropertyValue(getResponse, "offers[11].groups[0].pricingPlans[0].featured", "true"): Verify element property value successfully

2023-10-16 14:12:58 - [MESSAGE][PASSED] - Verify element property value successfully

2023-10-16 14:12:58 - [TEST_STEP][PASSED] - verifyElementPropertyValue(getResponse, "offers[11].groups[0].pricingPlans[0].period", "monthly"): Verify element property value successfully

2023-10-16 14:12:58 - [MESSAGE][PASSED] - Verify element property value successfully

2023-10-16 14:12:58 - [TEST_STEP][PASSED] - verifyElementPropertyValue(getResponse, "offers[11].groups[0].pricingPlans[0].featured", "true"): Verify element property value successfully

2023-10-16 14:12:58 - [MESSAGE][PASSED] - Verify element property value successfully

2023-10-16 14:12:58 - [TEST_STEP][PASSED] - verifyElementPropertyValue(getResponse, "offers[11].groups[0].pricingPlans[0].price", "29.99"): Verify element property value successfully

2023-10-16 14:12:58 - [MESSAGE][PASSED] - Verify element property value successfully

2023-10-16 14:12:58 - [TEST_STEP][PASSED] - verifyElementPropertyValue(getResponse, "offers[11].groups[0].pricingPlans[0].currency", "EGP"): Verify element property value successfully

2023-10-16 14:12:58 - [MESSAGE][PASSED] - Verify element property value successfully

2023-10-16 14:12:58 - [TEST_STEP][PASSED] - verifyElementPropertyValue(getResponse, "offers[11].groups[0].pricingPlans[0].order", "0"): Verify element property value successfully

2023-10-16 14:12:58 - [MESSAGE][PASSED] - Verify element property value successfully

2023-10-16 14:12:58 - [TEST_STEP][PASSED] - verifyElementPropertyValue(getResponse, "offers[11].groups[0].pricingPlans[0].packageId", "SHAHID_VIP"): Verify element property value successfully

2023-10-16 14:12:58 - [MESSAGE][PASSED] - Verify element property value successfully

2023-10-16 14:12:58 - [TEST_STEP][PASSED] - verifyElementPropertyValue(getResponse, "offers[11].groups[0].pricingPlans[0].catalogId", "VIP"): Verify element property value successfully

2023-10-16 14:12:58 - [MESSAGE][PASSED] - Verify element property value successfully

2023-10-16 14:12:58 - [TEST_STEP][PASSED] - verifyElementPropertyValue(getResponse, "offers[11].groups[0].pricingPlans[0].visualElements[0].key", "Header_1_text"): Verify element property value successfully

2023-10-16 14:12:58 - [MESSAGE][PASSED] - Verify element property value successfully

2023-10-16 14:12:58 - [TEST_STEP][PASSED] - verifyElementPropertyValue(getResponse, "offers[11].groups[0].pricingPlans[0].visualElements[0].value", "Abonnez-vous dès maintenant et profitez de vos programmes sans publicité"): Verify element property value successfully

2023-10-16 14:12:58 - [MESSAGE][PASSED] - Verify element property value successfully

2023-10-16 14:12:58 - [TEST_STEP][PASSED] - verifyElementPropertyValue(getResponse, "offers[11].groups[0].pricingPlans[0].visualElements[1].key", "display_title"): Verify element property value successfully

2023-10-16 14:12:58 - [MESSAGE][PASSED] - Verify element property value successfully

2023-10-16 14:12:58 - [TEST_STEP][PASSED] - verifyElementPropertyValue(getResponse, "offers[11].groups[0].pricingPlans[0].visualElements[1].value", "50% de réduction"): Verify element property value successfully

2023-10-16 14:12:58 - [MESSAGE][PASSED] - Verify element property value successfully

2023-10-16 14:12:58 - [TEST_STEP][PASSED] - verifyElementPropertyValue(getResponse, "offers[11].groups[0].pricingPlans[0].visualElements[3].key", "deduction_text"): Verify element property value successfully

2023-10-16 14:12:58 - [MESSAGE][PASSED] - Verify element property value successfully

2023-10-16 14:12:58 - [TEST_STEP][PASSED] - verifyElementPropertyValue(getResponse, "offers[11].groups[0].pricingPlans[0].visualElements[3].value", "facturation mensuelle"): Verify element property value successfully

2023-10-16 14:12:58 - [MESSAGE][PASSED] - Verify element property value successfully

2023-10-16 14:12:58 - [TEST_STEP][PASSED] - verifyElementPropertyValue(getResponse, "offers[11].groups[0].pricingPlans[0].visualElements[6].key", "show_payment_logo"): Verify element property value successfully

2023-10-16 14:12:58 - [MESSAGE][PASSED] - Verify element property value successfully

2023-10-16 14:12:58 - [TEST_STEP][PASSED] - verifyElementPropertyValue(getResponse, "offers[11].groups[0].pricingPlans[0].visualElements[6].value", "true"): Verify element property value successfully

2023-10-16 14:12:58 - [MESSAGE][PASSED] - Verify element property value successfully

2023-10-16 14:12:58 - [TEST_STEP][PASSED] - verifyElementPropertyValue(getResponse, "offers[11].groups[0].pricingPlans[0].visualElements[8].key", "price"): Verify element property value successfully

2023-10-16 14:12:58 - [MESSAGE][PASSED] - Verify element property value successfully

2023-10-16 14:12:58 - [TEST_STEP][PASSED] - verifyElementPropertyValue(getResponse, "offers[11].groups[0].pricingPlans[0].visualElements[8].value", "29.99"): Verify element property value successfully

2023-10-16 14:12:58 - [MESSAGE][PASSED] - Verify element property value successfully

2023-10-16 14:12:58 - [TEST_STEP][PASSED] - verifyElementPropertyValue(getResponse, "offers[11].groups[0].pricingPlans[0].visualElements[9].key", "currency"): Verify element property value successfully

2023-10-16 14:12:58 - [MESSAGE][PASSED] - Verify element property value successfully

2023-10-16 14:12:58 - [TEST_STEP][PASSED] - verifyElementPropertyValue(getResponse, "offers[11].groups[0].pricingPlans[0].visualElements[9].value", "EGP"): Verify element property value successfully

2023-10-16 14:12:58 - [MESSAGE][PASSED] - Verify element property value successfully

2023-10-16 14:12:58 - [TEST_STEP][PASSED] - verifyElementPropertyValue(getResponse, "offers[11].groups[0].pricingPlans[0].visualElements[10].key", "duration"): Verify element property value successfully

2023-10-16 14:12:58 - [MESSAGE][PASSED] - Verify element property value successfully

2023-10-16 14:12:58 - [TEST_STEP][PASSED] - verifyElementPropertyValue(getResponse, "offers[11].groups[0].pricingPlans[0].visualElements[10].value", "Mensuel"): Verify element property value successfully

2023-10-16 14:12:58 - [MESSAGE][PASSED] - Verify element property value successfully

2023-10-16 14:12:58 - [TEST_STEP][PASSED] - verifyElementPropertyValue(getResponse, "offers[11].groups[0].pricingPlans[0].visualElements[11].key", "featured_tag_text"): Verify element property value successfully

2023-10-16 14:12:58 - [MESSAGE][PASSED] - Verify element property value successfully

2023-10-16 14:12:58 - [TEST_STEP][PASSED] - verifyElementPropertyValue(getResponse, "offers[11].groups[0].pricingPlans[0].visualElements[11].value", "Offre limitée"): Verify element property value successfully

2023-10-16 14:12:58 - [MESSAGE][PASSED] - Verify element property value successfully

2023-10-16 14:12:58 - [TEST_STEP][PASSED] - verifyElementPropertyValue(getResponse, "offers[11].groups[0].pricingPlans[0].visualElements[13].key", "tag_text"): Verify element property value successfully

2023-10-16 14:12:58 - [MESSAGE][PASSED] - Verify element property value successfully

2023-10-16 14:12:58 - [TEST_STEP][PASSED] - verifyElementPropertyValue(getResponse, "offers[11].groups[0].pricingPlans[0].visualElements[13].value", "Économisez 50% "): Verify element property value successfully

2023-10-16 14:12:58 - [MESSAGE][PASSED] - Verify element property value successfully

2023-10-16 14:12:58 - [TEST_STEP][PASSED] - verifyElementPropertyValue(getResponse, "offers[11].groups[0].pricingPlans[0].visualElements[12].key", "show_tag"): Verify element property value successfully

2023-10-16 14:12:58 - [MESSAGE][PASSED] - Verify element property value successfully

2023-10-16 14:12:58 - [TEST_STEP][PASSED] - verifyElementPropertyValue(getResponse, "offers[11].groups[0].pricingPlans[0].visualElements[12].value", "true"): Verify element property value successfully

2023-10-16 14:12:58 - [MESSAGE][PASSED] - Verify element property value successfully

2023-10-16 14:12:58 - [TEST_STEP][PASSED] - verifyElementPropertyValue(getResponse, "offers[11].groups[0].pricingPlans[0].pricingPlanData[0].productId", "EGY_B2C_SHAHID_VIP_1M"): Verify element property value successfully

2023-10-16 14:12:58 - [MESSAGE][PASSED] - Verify element property value successfully

2023-10-16 14:12:58 - [TEST_STEP][PASSED] - verifyElementPropertyValue(getResponse, "offers[11].groups[0].pricingPlans[0].pricingPlanData[0].paymentMethod", "CREDIT_CARD"): Verify element property value successfully

2023-10-16 14:12:58 - [MESSAGE][PASSED] - Verify element property value successfully

2023-10-16 14:12:58 - [TEST_STEP][PASSED] - verifyElementPropertyValue(getResponse, "offers[11].groups[0].pricingPlans[0].pricingPlanData[0].freeTrialEnabled", "false"): Verify element property value successfully

2023-10-16 14:12:58 - [MESSAGE][PASSED] - Verify element property value successfully

2023-10-16 14:12:58 - [TEST_STEP][PASSED] - verifyElementPropertyValue(getResponse, "offers[11].groups[0].pricingPlans[0].pricingPlanData[0].showIn[0]", "VERTICAL_MODE"): Verify element property value successfully

2023-10-16 14:12:58 - [MESSAGE][PASSED] - Verify element property value successfully

2023-10-16 14:12:58 - [TEST_STEP][PASSED] - verifyElementPropertyValue(getResponse, "offers[11].groups[0].pricingPlans[0].pricingPlanData[0].showIn[1]", "HORIZONTAL_MODE"): Verify element property value successfully

2023-10-16 14:12:58 - [MESSAGE][PASSED] - Verify element property value successfully

2023-10-16 14:12:58 - [TEST_STEP][PASSED] - verifyElementPropertyValue(getResponse, "offers[11].groups[0].pricingPlans[0].pricingPlanData[0].priceLabel", "29.99"): Verify element property value successfully

2023-10-16 14:12:58 - [MESSAGE][PASSED] - Verify element property value successfully

2023-10-16 14:12:58 - [TEST_STEP][PASSED] - verifyElementPropertyValue(getResponse, "offers[11].groups[0].pricingPlans[0].pricingPlanData[0].currencyLabel", "EGP"): Verify element property value successfully

2023-10-16 14:12:58 - [MESSAGE][PASSED] - Verify element property value successfully

2023-10-16 14:12:58 - [TEST_STEP][PASSED] - verifyElementPropertyValue(getResponse, "offers[11].groups[0].pricingPlans[0].pricingPlanData[0].dealId", "BYG_50P_EGY"): Verify element property value successfully

2023-10-16 14:12:58 - [MESSAGE][PASSED] - Verify element property value successfully

2023-10-16 14:12:58 - [TEST_STEP][PASSED] - verifyElementPropertyValue(getResponse, "offers[11].groups[0].pricingPlans[0].pricingPlanData[0].allowedForAcquisition", "true"): Verify element property value successfully

2023-10-16 14:12:58 - [MESSAGE][PASSED] - Verify element property value successfully

2023-10-16 14:12:58 - [TEST_STEP][PASSED] - verifyElementPropertyValue(getResponse, "offers[11].groups[0].pricingPlans[0].pricingPlanData[0].visualElements[0].key", "title"): Verify element property value successfully

2023-10-16 14:12:58 - [MESSAGE][PASSED] - Verify element property value successfully

2023-10-16 14:12:58 - [TEST_STEP][PASSED] - verifyElementPropertyValue(getResponse, "offers[11].groups[0].pricingPlans[0].pricingPlanData[0].visualElements[0].value", "Carte de crédit/débit"): Verify element property value successfully

2023-10-16 14:12:58 - [MESSAGE][PASSED] - Verify element property value successfully

2023-10-16 14:12:58 - [TEST_STEP][PASSED] - verifyElementPropertyValue(getResponse, "offers[11].groups[0].pricingPlans[0].pricingPlanData[0].visualElements[1].key", "CTA_text"): Verify element property value successfully

2023-10-16 14:12:58 - [MESSAGE][PASSED] - Verify element property value successfully

2023-10-16 14:12:58 - [TEST_STEP][PASSED] - verifyElementPropertyValue(getResponse, "offers[11].groups[0].pricingPlans[0].pricingPlanData[0].visualElements[1].value", "S’abonner"): Verify element property value successfully

2023-10-16 14:12:58 - [MESSAGE][PASSED] - Verify element property value successfully

2023-10-16 14:12:58 - [TEST_STEP][PASSED] - verifyElementPropertyValue(getResponse, "offers[11].groups[0].pricingPlans[0].pricingPlanData[0].visualElements[2].key", "logo"): Verify element property value successfully

2023-10-16 14:12:58 - [MESSAGE][PASSED] - Verify element property value successfully

2023-10-16 14:12:58 - [TEST_STEP][PASSED] - verifyElementPropertyValue(getResponse, "offers[11].groups[0].pricingPlans[0].pricingPlanData[0].visualElements[2].value", "https://static.s3.shahid.mbc.net/widget-images/icons/iconCreditCard.png"): Verify element property value successfully

2023-10-16 14:12:58 - [MESSAGE][PASSED] - Verify element property value successfully]]></system-out>
         <system-err><![CDATA[]]></system-err>
      </testcase>
      <system-out><![CDATA[2023-10-16 14:12:22 - [TEST_SUITE][FAILED] - EGY: Test Cases/WEB - CHROME/EGY PI/WEB_EN_getSubscriptionConfigForEGY_Imagine FAILED.
Reason:
com.kms.katalon.core.exception.StepFailedException: Expected element property value '163.33 EGP / month' is not equal with actual property value '163.33 EGP/ month'
	at com.kms.katalon.core.keyword.internal.KeywordMain.stepFailed(KeywordMain.groovy:39)
	at com.kms.katalon.core.webservice.keyword.builtin.VerifyElementPropertyValueKeyword$_verifyElementPropertyValue_closure1.doCall(VerifyElementPropertyValueKeyword.groovy:56)
	at com.kms.katalon.core.webservice.keyword.builtin.VerifyElementPropertyValueKeyword$_verifyElementPropertyValue_closure1.call(VerifyElementPropertyValueKeyword.groovy)
	at com.kms.katalon.core.keyword.internal.KeywordMain.runKeyword(KeywordMain.groovy:75)
	at com.kms.katalon.core.webservice.keyword.builtin.VerifyElementPropertyValueKeyword.verifyElementPropertyValue(VerifyElementPropertyValueKeyword.groovy:48)
	at com.kms.katalon.core.webservice.keyword.builtin.VerifyElementPropertyValueKeyword.execute(VerifyElementPropertyValueKeyword.groovy:43)
	at com.kms.katalon.core.keyword.internal.KeywordExecutor.executeKeywordForPlatform(KeywordExecutor.groovy:74)
	at com.kms.katalon.core.webservice.keyword.WSBuiltInKeywords.verifyElementPropertyValue(WSBuiltInKeywords.groovy:190)
	at com.kms.katalon.core.webservice.keyword.WSBuiltInKeywords$verifyElementPropertyValue$1.call(Unknown Source)
	at WEB_EN_getSubscriptionConfigForEGY_Imagine.run(WEB_EN_getSubscriptionConfigForEGY_Imagine:106)
	at com.kms.katalon.core.main.ScriptEngine.run(ScriptEngine.java:194)
	at com.kms.katalon.core.main.ScriptEngine.runScriptAsRawText(ScriptEngine.java:119)
	at com.kms.katalon.core.main.TestCaseExecutor.runScript(TestCaseExecutor.java:448)
	at com.kms.katalon.core.main.TestCaseExecutor.doExecute(TestCaseExecutor.java:439)
	at com.kms.katalon.core.main.TestCaseExecutor.processExecutionPhase(TestCaseExecutor.java:418)
	at com.kms.katalon.core.main.TestCaseExecutor.accessMainPhase(TestCaseExecutor.java:410)
	at com.kms.katalon.core.main.TestCaseExecutor.execute(TestCaseExecutor.java:285)
	at com.kms.katalon.core.common.CommonExecutor.accessTestCaseMainPhase(CommonExecutor.java:65)
	at com.kms.katalon.core.main.TestSuiteExecutor.accessTestSuiteMainPhase(TestSuiteExecutor.java:148)
	at com.kms.katalon.core.main.TestSuiteExecutor.execute(TestSuiteExecutor.java:106)
	at com.kms.katalon.core.main.TestCaseMain.startTestSuite(TestCaseMain.java:187)
	at com.kms.katalon.core.main.TestCaseMain$startTestSuite$0.call(Unknown Source)
	at TempTestSuite1697454205358.run(TempTestSuite1697454205358.groovy:36)]]></system-out>
      <system-err><![CDATA[2023-10-16 14:12:22 - [TEST_SUITE][FAILED] - EGY: Test Cases/WEB - CHROME/EGY PI/WEB_EN_getSubscriptionConfigForEGY_Imagine FAILED.
Reason:
com.kms.katalon.core.exception.StepFailedException: Expected element property value '163.33 EGP / month' is not equal with actual property value '163.33 EGP/ month'
	at com.kms.katalon.core.keyword.internal.KeywordMain.stepFailed(KeywordMain.groovy:39)
	at com.kms.katalon.core.webservice.keyword.builtin.VerifyElementPropertyValueKeyword$_verifyElementPropertyValue_closure1.doCall(VerifyElementPropertyValueKeyword.groovy:56)
	at com.kms.katalon.core.webservice.keyword.builtin.VerifyElementPropertyValueKeyword$_verifyElementPropertyValue_closure1.call(VerifyElementPropertyValueKeyword.groovy)
	at com.kms.katalon.core.keyword.internal.KeywordMain.runKeyword(KeywordMain.groovy:75)
	at com.kms.katalon.core.webservice.keyword.builtin.VerifyElementPropertyValueKeyword.verifyElementPropertyValue(VerifyElementPropertyValueKeyword.groovy:48)
	at com.kms.katalon.core.webservice.keyword.builtin.VerifyElementPropertyValueKeyword.execute(VerifyElementPropertyValueKeyword.groovy:43)
	at com.kms.katalon.core.keyword.internal.KeywordExecutor.executeKeywordForPlatform(KeywordExecutor.groovy:74)
	at com.kms.katalon.core.webservice.keyword.WSBuiltInKeywords.verifyElementPropertyValue(WSBuiltInKeywords.groovy:190)
	at com.kms.katalon.core.webservice.keyword.WSBuiltInKeywords$verifyElementPropertyValue$1.call(Unknown Source)
	at WEB_EN_getSubscriptionConfigForEGY_Imagine.run(WEB_EN_getSubscriptionConfigForEGY_Imagine:106)
	at com.kms.katalon.core.main.ScriptEngine.run(ScriptEngine.java:194)
	at com.kms.katalon.core.main.ScriptEngine.runScriptAsRawText(ScriptEngine.java:119)
	at com.kms.katalon.core.main.TestCaseExecutor.runScript(TestCaseExecutor.java:448)
	at com.kms.katalon.core.main.TestCaseExecutor.doExecute(TestCaseExecutor.java:439)
	at com.kms.katalon.core.main.TestCaseExecutor.processExecutionPhase(TestCaseExecutor.java:418)
	at com.kms.katalon.core.main.TestCaseExecutor.accessMainPhase(TestCaseExecutor.java:410)
	at com.kms.katalon.core.main.TestCaseExecutor.execute(TestCaseExecutor.java:285)
	at com.kms.katalon.core.common.CommonExecutor.accessTestCaseMainPhase(CommonExecutor.java:65)
	at com.kms.katalon.core.main.TestSuiteExecutor.accessTestSuiteMainPhase(TestSuiteExecutor.java:148)
	at com.kms.katalon.core.main.TestSuiteExecutor.execute(TestSuiteExecutor.java:106)
	at com.kms.katalon.core.main.TestCaseMain.startTestSuite(TestCaseMain.java:187)
	at com.kms.katalon.core.main.TestCaseMain$startTestSuite$0.call(Unknown Source)
	at TempTestSuite1697454205358.run(TempTestSuite1697454205358.groovy:36)]]></system-err>
   </testsuite>
</testsuites>
