<?xml version="1.0" encoding="UTF-8"?>
<testsuites name="KWT PI" time="18.253" tests="6" failures="4" errors="0">
   <testsuite name="KWT PI" tests="6" failures="4" errors="0" time="18.253" skipped="0" timestamp="2023-10-18 16:29:38" hostname="admin - 172.20.10.6" id="Test Suites/Android/KWT PI">
      <properties>
         <property name="deviceName" value=""/>
         <property name="devicePlatform" value=""/>
         <property name="logFolder" value="/Users/admin/git/shahid-configuration/Reports/20231018_161841/Android/KWT PI/20231018_161906"/>
         <property name="logFiles" value="/Users/admin/git/shahid-configuration/Reports/20231018_161841/Android/KWT PI/20231018_161906/execution0.log"/>
         <property name="attachments" value=""/>
         <property name="hostName" value="admin - 172.20.10.6"/>
         <property name="hostAddress" value="172.20.10.6"/>
         <property name="os" value="Mac OS X 64bit"/>
         <property name="katalonVersion" value="8.6.6.208"/>
      </properties>
      <testcase name="Test Cases/ANDROID/KWT PI/ANDROID_EN_getSubscriptionConfigForKWT_SPORT" time="4.917" classname="Test Cases/ANDROID/KWT PI/ANDROID_EN_getSubscriptionConfigForKWT_SPORT" status="FAILED">
         <failure type="FAILED" message="Test Cases/ANDROID/KWT PI/ANDROID_EN_getSubscriptionConfigForKWT_SPORT FAILED.
Reason:
com.kms.katalon.core.exception.StepFailedException: Expected element property value '30% Discount Offer' is not equal with actual property value '30% Discount Offer​'
	at com.kms.katalon.core.keyword.internal.KeywordMain.stepFailed(KeywordMain.groovy:39)
	at com.kms.katalon.core.webservice.keyword.builtin.VerifyElementPropertyValueKeyword$_verifyElementPropertyValue_closure1.doCall(VerifyElementPropertyValueKeyword.groovy:56)
	at com.kms.katalon.core.webservice.keyword.builtin.VerifyElementPropertyValueKeyword$_verifyElementPropertyValue_closure1.call(VerifyElementPropertyValueKeyword.groovy)
	at com.kms.katalon.core.keyword.internal.KeywordMain.runKeyword(KeywordMain.groovy:75)
	at com.kms.katalon.core.webservice.keyword.builtin.VerifyElementPropertyValueKeyword.verifyElementPropertyValue(VerifyElementPropertyValueKeyword.groovy:48)
	at com.kms.katalon.core.webservice.keyword.builtin.VerifyElementPropertyValueKeyword.execute(VerifyElementPropertyValueKeyword.groovy:43)
	at com.kms.katalon.core.keyword.internal.KeywordExecutor.executeKeywordForPlatform(KeywordExecutor.groovy:74)
	at com.kms.katalon.core.webservice.keyword.WSBuiltInKeywords.verifyElementPropertyValue(WSBuiltInKeywords.groovy:190)
	at com.kms.katalon.core.webservice.keyword.WSBuiltInKeywords$verifyElementPropertyValue$1.call(Unknown Source)
	at ANDROID_EN_getSubscriptionConfigForKWT_SPORT.run(ANDROID_EN_getSubscriptionConfigForKWT_SPORT:60)
	at com.kms.katalon.core.main.ScriptEngine.run(ScriptEngine.java:194)
	at com.kms.katalon.core.main.ScriptEngine.runScriptAsRawText(ScriptEngine.java:119)
	at com.kms.katalon.core.main.TestCaseExecutor.runScript(TestCaseExecutor.java:448)
	at com.kms.katalon.core.main.TestCaseExecutor.doExecute(TestCaseExecutor.java:439)
	at com.kms.katalon.core.main.TestCaseExecutor.processExecutionPhase(TestCaseExecutor.java:418)
	at com.kms.katalon.core.main.TestCaseExecutor.accessMainPhase(TestCaseExecutor.java:410)
	at com.kms.katalon.core.main.TestCaseExecutor.execute(TestCaseExecutor.java:285)
	at com.kms.katalon.core.common.CommonExecutor.accessTestCaseMainPhase(CommonExecutor.java:65)
	at com.kms.katalon.core.main.TestSuiteExecutor.accessTestSuiteMainPhase(TestSuiteExecutor.java:148)
	at com.kms.katalon.core.main.TestSuiteExecutor.execute(TestSuiteExecutor.java:106)
	at com.kms.katalon.core.main.TestCaseMain.startTestSuite(TestCaseMain.java:187)
	at com.kms.katalon.core.main.TestCaseMain$startTestSuite$0.call(Unknown Source)
	at TempTestSuite1697635146473.run(TempTestSuite1697635146473.groovy:36)
"/>
         <system-out><![CDATA[2023-10-18 16:29:38 - [TEST_CASE][FAILED] - Test Cases/ANDROID/KWT PI/ANDROID_EN_getSubscriptionConfigForKWT_SPORT: Test Cases/ANDROID/KWT PI/ANDROID_EN_getSubscriptionConfigForKWT_SPORT FAILED.
Reason:
com.kms.katalon.core.exception.StepFailedException: Expected element property value '30% Discount Offer' is not equal with actual property value '30% Discount Offer​'
	at com.kms.katalon.core.keyword.internal.KeywordMain.stepFailed(KeywordMain.groovy:39)
	at com.kms.katalon.core.webservice.keyword.builtin.VerifyElementPropertyValueKeyword$_verifyElementPropertyValue_closure1.doCall(VerifyElementPropertyValueKeyword.groovy:56)
	at com.kms.katalon.core.webservice.keyword.builtin.VerifyElementPropertyValueKeyword$_verifyElementPropertyValue_closure1.call(VerifyElementPropertyValueKeyword.groovy)
	at com.kms.katalon.core.keyword.internal.KeywordMain.runKeyword(KeywordMain.groovy:75)
	at com.kms.katalon.core.webservice.keyword.builtin.VerifyElementPropertyValueKeyword.verifyElementPropertyValue(VerifyElementPropertyValueKeyword.groovy:48)
	at com.kms.katalon.core.webservice.keyword.builtin.VerifyElementPropertyValueKeyword.execute(VerifyElementPropertyValueKeyword.groovy:43)
	at com.kms.katalon.core.keyword.internal.KeywordExecutor.executeKeywordForPlatform(KeywordExecutor.groovy:74)
	at com.kms.katalon.core.webservice.keyword.WSBuiltInKeywords.verifyElementPropertyValue(WSBuiltInKeywords.groovy:190)
	at com.kms.katalon.core.webservice.keyword.WSBuiltInKeywords$verifyElementPropertyValue$1.call(Unknown Source)
	at ANDROID_EN_getSubscriptionConfigForKWT_SPORT.run(ANDROID_EN_getSubscriptionConfigForKWT_SPORT:60)
	at com.kms.katalon.core.main.ScriptEngine.run(ScriptEngine.java:194)
	at com.kms.katalon.core.main.ScriptEngine.runScriptAsRawText(ScriptEngine.java:119)
	at com.kms.katalon.core.main.TestCaseExecutor.runScript(TestCaseExecutor.java:448)
	at com.kms.katalon.core.main.TestCaseExecutor.doExecute(TestCaseExecutor.java:439)
	at com.kms.katalon.core.main.TestCaseExecutor.processExecutionPhase(TestCaseExecutor.java:418)
	at com.kms.katalon.core.main.TestCaseExecutor.accessMainPhase(TestCaseExecutor.java:410)
	at com.kms.katalon.core.main.TestCaseExecutor.execute(TestCaseExecutor.java:285)
	at com.kms.katalon.core.common.CommonExecutor.accessTestCaseMainPhase(CommonExecutor.java:65)
	at com.kms.katalon.core.main.TestSuiteExecutor.accessTestSuiteMainPhase(TestSuiteExecutor.java:148)
	at com.kms.katalon.core.main.TestSuiteExecutor.execute(TestSuiteExecutor.java:106)
	at com.kms.katalon.core.main.TestCaseMain.startTestSuite(TestCaseMain.java:187)
	at com.kms.katalon.core.main.TestCaseMain$startTestSuite$0.call(Unknown Source)
	at TempTestSuite1697635146473.run(TempTestSuite1697635146473.groovy:36)


2023-10-18 16:29:39 - [TEST_STEP][PASSED] - getResponse = config_files.getConfigFile.getConfig("ANDROID_APP", "EN", "SHAHID_VIP_SPORT", "KW", "false"): config_files.getConfigFile.getConfig is PASSED

2023-10-18 16:29:41 - [MESSAGE][INFO] - HAR: /Users/admin/git/shahid-configuration/Reports/20231018_161841/Android/KWT PI/20231018_161906/requests/main/0.har

2023-10-18 16:29:41 - [MESSAGE][PASSED] - Send request successfully

2023-10-18 16:29:41 - [MESSAGE][PASSED] - config_files.getConfigFile.getConfig is PASSED

2023-10-18 16:29:41 - [TEST_STEP][PASSED] - verifyResponseStatusCode(getResponse, 200): Verify response status code successfully

2023-10-18 16:29:41 - [MESSAGE][PASSED] - Verify response status code successfully

2023-10-18 16:29:41 - [TEST_STEP][PASSED] - verifyElementPropertyValue(getResponse, "country", "KWT"): Verify element property value successfully

2023-10-18 16:29:41 - [MESSAGE][PASSED] - Verify element property value successfully

2023-10-18 16:29:41 - [TEST_STEP][PASSED] - verifyElementPropertyValue(getResponse, "platform", "[ANDROID_APP]"): Verify element property value successfully

2023-10-18 16:29:41 - [MESSAGE][PASSED] - Verify element property value successfully

2023-10-18 16:29:41 - [TEST_STEP][PASSED] - verifyElementPropertyValue(getResponse, "offers[3].offerId", "winback-sport-30-offer"): Verify element property value successfully

2023-10-18 16:29:41 - [MESSAGE][PASSED] - Verify element property value successfully

2023-10-18 16:29:41 - [TEST_STEP][PASSED] - verifyElementPropertyValue(getResponse, "offers[3].offerParam", "sportsoffer30"): Verify element property value successfully

2023-10-18 16:29:41 - [MESSAGE][PASSED] - Verify element property value successfully

2023-10-18 16:29:41 - [TEST_STEP][PASSED] - verifyElementPropertyValue(getResponse, "offers[3].groups[0].pricingPlans[0].featured", "true"): Verify element property value successfully

2023-10-18 16:29:41 - [MESSAGE][PASSED] - Verify element property value successfully

2023-10-18 16:29:41 - [TEST_STEP][PASSED] - verifyElementPropertyValue(getResponse, "offers[3].groups[0].pricingPlans[0].period", "monthly"): Verify element property value successfully

2023-10-18 16:29:41 - [MESSAGE][PASSED] - Verify element property value successfully

2023-10-18 16:29:41 - [TEST_STEP][PASSED] - verifyElementPropertyValue(getResponse, "offers[3].groups[0].pricingPlans[0].featured", "true"): Verify element property value successfully

2023-10-18 16:29:41 - [MESSAGE][PASSED] - Verify element property value successfully

2023-10-18 16:29:41 - [TEST_STEP][PASSED] - verifyElementPropertyValue(getResponse, "offers[3].groups[0].pricingPlans[0].price", "3.99"): Verify element property value successfully

2023-10-18 16:29:41 - [MESSAGE][PASSED] - Verify element property value successfully

2023-10-18 16:29:41 - [TEST_STEP][PASSED] - verifyElementPropertyValue(getResponse, "offers[3].groups[0].pricingPlans[0].currency", "KWD"): Verify element property value successfully

2023-10-18 16:29:41 - [MESSAGE][PASSED] - Verify element property value successfully

2023-10-18 16:29:41 - [TEST_STEP][PASSED] - verifyElementPropertyValue(getResponse, "offers[3].groups[0].pricingPlans[0].order", "0"): Verify element property value successfully

2023-10-18 16:29:41 - [MESSAGE][PASSED] - Verify element property value successfully

2023-10-18 16:29:41 - [TEST_STEP][PASSED] - verifyElementPropertyValue(getResponse, "offers[3].groups[0].pricingPlans[0].packageId", "SHAHID_VIP_SPORT"): Verify element property value successfully

2023-10-18 16:29:41 - [MESSAGE][PASSED] - Verify element property value successfully

2023-10-18 16:29:41 - [TEST_STEP][PASSED] - verifyElementPropertyValue(getResponse, "offers[3].groups[0].pricingPlans[0].catalogId", "SPORT"): Verify element property value successfully

2023-10-18 16:29:41 - [MESSAGE][PASSED] - Verify element property value successfully

2023-10-18 16:29:41 - [TEST_STEP][PASSED] - verifyElementPropertyValue(getResponse, "offers[3].groups[0].pricingPlans[0].visualElements[0].key", "Header_1_text"): Verify element property value successfully

2023-10-18 16:29:41 - [MESSAGE][PASSED] - Verify element property value successfully

2023-10-18 16:29:41 - [TEST_STEP][PASSED] - verifyElementPropertyValue(getResponse, "offers[3].groups[0].pricingPlans[0].visualElements[0].value", "Watch the most powerful series and movies exclusively without stopping"): Verify element property value successfully

2023-10-18 16:29:41 - [MESSAGE][PASSED] - Verify element property value successfully

2023-10-18 16:29:41 - [TEST_STEP][PASSED] - verifyElementPropertyValue(getResponse, "offers[3].groups[0].pricingPlans[0].visualElements[1].key", "display_title"): Verify element property value successfully

2023-10-18 16:29:41 - [MESSAGE][PASSED] - Verify element property value successfully

2023-10-18 16:29:41 - [TEST_STEP][FAILED] - verifyElementPropertyValue(getResponse, "offers[3].groups[0].pricingPlans[0].visualElements[1].value", "30% Discount Offer"): Expected element property value '30% Discount Offer' is not equal with actual property value '30% Discount Offer​'

2023-10-18 16:29:41 - [MESSAGE][FAILED] - Expected element property value '30% Discount Offer' is not equal with actual property value '30% Discount Offer​'

2023-10-18 16:29:41 - [TEST_STEP][PASSED] - verifyElementPropertyValue(getResponse, "offers[3].groups[0].pricingPlans[0].visualElements[3].key", "deduction_text"): Verify element property value successfully

2023-10-18 16:29:41 - [MESSAGE][PASSED] - Verify element property value successfully

2023-10-18 16:29:41 - [TEST_STEP][PASSED] - verifyElementPropertyValue(getResponse, "offers[3].groups[0].pricingPlans[0].visualElements[3].value", "billed every month"): Verify element property value successfully

2023-10-18 16:29:41 - [MESSAGE][PASSED] - Verify element property value successfully

2023-10-18 16:29:41 - [TEST_STEP][PASSED] - verifyElementPropertyValue(getResponse, "offers[3].groups[0].pricingPlans[0].visualElements[6].key", "show_payment_logo"): Verify element property value successfully

2023-10-18 16:29:41 - [MESSAGE][PASSED] - Verify element property value successfully

2023-10-18 16:29:41 - [TEST_STEP][PASSED] - verifyElementPropertyValue(getResponse, "offers[3].groups[0].pricingPlans[0].visualElements[6].value", "true"): Verify element property value successfully

2023-10-18 16:29:41 - [MESSAGE][PASSED] - Verify element property value successfully

2023-10-18 16:29:41 - [TEST_STEP][PASSED] - verifyElementPropertyValue(getResponse, "offers[3].groups[0].pricingPlans[0].visualElements[8].key", "price"): Verify element property value successfully

2023-10-18 16:29:41 - [MESSAGE][PASSED] - Verify element property value successfully

2023-10-18 16:29:41 - [TEST_STEP][PASSED] - verifyElementPropertyValue(getResponse, "offers[3].groups[0].pricingPlans[0].visualElements[8].value", "3.99"): Verify element property value successfully

2023-10-18 16:29:41 - [MESSAGE][PASSED] - Verify element property value successfully

2023-10-18 16:29:41 - [TEST_STEP][PASSED] - verifyElementPropertyValue(getResponse, "offers[3].groups[0].pricingPlans[0].visualElements[9].key", "currency"): Verify element property value successfully

2023-10-18 16:29:41 - [MESSAGE][PASSED] - Verify element property value successfully

2023-10-18 16:29:41 - [TEST_STEP][PASSED] - verifyElementPropertyValue(getResponse, "offers[3].groups[0].pricingPlans[0].visualElements[9].value", "KWD"): Verify element property value successfully

2023-10-18 16:29:41 - [MESSAGE][PASSED] - Verify element property value successfully

2023-10-18 16:29:41 - [TEST_STEP][PASSED] - verifyElementPropertyValue(getResponse, "offers[3].groups[0].pricingPlans[0].visualElements[10].key", "duration"): Verify element property value successfully

2023-10-18 16:29:41 - [MESSAGE][PASSED] - Verify element property value successfully

2023-10-18 16:29:41 - [TEST_STEP][PASSED] - verifyElementPropertyValue(getResponse, "offers[3].groups[0].pricingPlans[0].visualElements[10].value", "Monthly"): Verify element property value successfully

2023-10-18 16:29:41 - [MESSAGE][PASSED] - Verify element property value successfully

2023-10-18 16:29:41 - [TEST_STEP][PASSED] - verifyElementPropertyValue(getResponse, "offers[3].groups[0].pricingPlans[0].visualElements[11].key", "featured_tag_text"): Verify element property value successfully

2023-10-18 16:29:41 - [MESSAGE][PASSED] - Verify element property value successfully

2023-10-18 16:29:41 - [TEST_STEP][PASSED] - verifyElementPropertyValue(getResponse, "offers[3].groups[0].pricingPlans[0].visualElements[11].value", "Limited Time Offer"): Verify element property value successfully

2023-10-18 16:29:41 - [MESSAGE][PASSED] - Verify element property value successfully

2023-10-18 16:29:41 - [TEST_STEP][PASSED] - verifyElementPropertyValue(getResponse, "offers[3].groups[0].pricingPlans[0].visualElements[12].key", "show_tag"): Verify element property value successfully

2023-10-18 16:29:41 - [MESSAGE][PASSED] - Verify element property value successfully

2023-10-18 16:29:41 - [TEST_STEP][PASSED] - verifyElementPropertyValue(getResponse, "offers[3].groups[0].pricingPlans[0].visualElements[12].value", "true"): Verify element property value successfully

2023-10-18 16:29:41 - [MESSAGE][PASSED] - Verify element property value successfully

2023-10-18 16:29:41 - [TEST_STEP][PASSED] - verifyElementPropertyValue(getResponse, "offers[3].groups[0].pricingPlans[0].visualElements[13].key", "tag_text"): Verify element property value successfully

2023-10-18 16:29:42 - [MESSAGE][PASSED] - Verify element property value successfully

2023-10-18 16:29:42 - [TEST_STEP][PASSED] - verifyElementPropertyValue(getResponse, "offers[3].groups[0].pricingPlans[0].visualElements[13].value", "Save 30%"): Verify element property value successfully

2023-10-18 16:29:42 - [MESSAGE][PASSED] - Verify element property value successfully

2023-10-18 16:29:42 - [TEST_STEP][PASSED] - verifyElementPropertyValue(getResponse, "offers[3].groups[0].pricingPlans[0].pricingPlanData[0].productId", "KWT_B2C_SHAHID_VIP_SPORT_1M"): Verify element property value successfully

2023-10-18 16:29:42 - [MESSAGE][PASSED] - Verify element property value successfully

2023-10-18 16:29:42 - [TEST_STEP][PASSED] - verifyElementPropertyValue(getResponse, "offers[3].groups[0].pricingPlans[0].pricingPlanData[0].subPricingPlanIds", "[net.shahid.monthly.vipsports]"): Verify element property value successfully

2023-10-18 16:29:42 - [MESSAGE][PASSED] - Verify element property value successfully

2023-10-18 16:29:42 - [TEST_STEP][PASSED] - verifyElementPropertyValue(getResponse, "offers[3].groups[0].pricingPlans[0].pricingPlanData[0].paymentMethod", "GOOGLE_IAP"): Verify element property value successfully

2023-10-18 16:29:42 - [MESSAGE][PASSED] - Verify element property value successfully

2023-10-18 16:29:42 - [TEST_STEP][PASSED] - verifyElementPropertyValue(getResponse, "offers[3].groups[0].pricingPlans[0].pricingPlanData[0].freeTrialEnabled", "false"): Verify element property value successfully

2023-10-18 16:29:42 - [MESSAGE][PASSED] - Verify element property value successfully

2023-10-18 16:29:42 - [TEST_STEP][PASSED] - verifyElementPropertyValue(getResponse, "offers[3].groups[0].pricingPlans[0].pricingPlanData[0].priceLabel", "3.99"): Verify element property value successfully

2023-10-18 16:29:42 - [MESSAGE][PASSED] - Verify element property value successfully

2023-10-18 16:29:42 - [TEST_STEP][PASSED] - verifyElementPropertyValue(getResponse, "offers[3].groups[0].pricingPlans[0].pricingPlanData[0].currencyLabel", "KWD"): Verify element property value successfully

2023-10-18 16:29:42 - [MESSAGE][PASSED] - Verify element property value successfully

2023-10-18 16:29:42 - [TEST_STEP][PASSED] - verifyElementPropertyValue(getResponse, "offers[3].groups[0].pricingPlans[0].pricingPlanData[0].dealId", "GW_WB_SPORT_30P_KWT"): Verify element property value successfully

2023-10-18 16:29:42 - [MESSAGE][PASSED] - Verify element property value successfully

2023-10-18 16:29:42 - [TEST_STEP][PASSED] - verifyElementPropertyValue(getResponse, "offers[3].groups[0].pricingPlans[0].pricingPlanData[0].allowedForAcquisition", "true"): Verify element property value successfully

2023-10-18 16:29:42 - [MESSAGE][PASSED] - Verify element property value successfully

2023-10-18 16:29:42 - [TEST_STEP][PASSED] - verifyElementPropertyValue(getResponse, "offers[3].groups[0].pricingPlans[0].pricingPlanData[0].visualElements[1].key", "CTA_text"): Verify element property value successfully

2023-10-18 16:29:42 - [MESSAGE][PASSED] - Verify element property value successfully

2023-10-18 16:29:42 - [TEST_STEP][PASSED] - verifyElementPropertyValue(getResponse, "offers[3].groups[0].pricingPlans[0].pricingPlanData[0].visualElements[1].value", "Subscribe"): Verify element property value successfully

2023-10-18 16:29:42 - [MESSAGE][PASSED] - Verify element property value successfully

2023-10-18 16:29:42 - [TEST_STEP][PASSED] - verifyElementPropertyValue(getResponse, "offers[3].groups[0].pricingPlans[0].pricingPlanData[0].visualElements[2].key", "logo"): Verify element property value successfully

2023-10-18 16:29:42 - [MESSAGE][PASSED] - Verify element property value successfully

2023-10-18 16:29:42 - [TEST_STEP][PASSED] - verifyElementPropertyValue(getResponse, "offers[3].groups[0].pricingPlans[0].pricingPlanData[0].visualElements[2].value", "google"): Verify element property value successfully

2023-10-18 16:29:42 - [MESSAGE][PASSED] - Verify element property value successfully

2023-10-18 16:29:42 - [TEST_STEP][PASSED] - verifyElementPropertyValue(getResponse, "offers[4].offerId", "winback-sport-40-offer"): Verify element property value successfully

2023-10-18 16:29:42 - [MESSAGE][PASSED] - Verify element property value successfully

2023-10-18 16:29:42 - [TEST_STEP][PASSED] - verifyElementPropertyValue(getResponse, "offers[4].offerParam", "sportsoffer40"): Verify element property value successfully

2023-10-18 16:29:42 - [MESSAGE][PASSED] - Verify element property value successfully

2023-10-18 16:29:42 - [TEST_STEP][PASSED] - verifyElementPropertyValue(getResponse, "offers[4].groups[0].pricingPlans[0].featured", "true"): Verify element property value successfully

2023-10-18 16:29:42 - [MESSAGE][PASSED] - Verify element property value successfully

2023-10-18 16:29:42 - [TEST_STEP][PASSED] - verifyElementPropertyValue(getResponse, "offers[4].groups[0].pricingPlans[0].period", "monthly"): Verify element property value successfully

2023-10-18 16:29:42 - [MESSAGE][PASSED] - Verify element property value successfully

2023-10-18 16:29:42 - [TEST_STEP][PASSED] - verifyElementPropertyValue(getResponse, "offers[4].groups[0].pricingPlans[0].featured", "true"): Verify element property value successfully

2023-10-18 16:29:42 - [MESSAGE][PASSED] - Verify element property value successfully

2023-10-18 16:29:42 - [TEST_STEP][PASSED] - verifyElementPropertyValue(getResponse, "offers[4].groups[0].pricingPlans[0].price", "3.49"): Verify element property value successfully

2023-10-18 16:29:42 - [MESSAGE][PASSED] - Verify element property value successfully

2023-10-18 16:29:42 - [TEST_STEP][PASSED] - verifyElementPropertyValue(getResponse, "offers[4].groups[0].pricingPlans[0].currency", "KWD"): Verify element property value successfully

2023-10-18 16:29:42 - [MESSAGE][PASSED] - Verify element property value successfully

2023-10-18 16:29:42 - [TEST_STEP][PASSED] - verifyElementPropertyValue(getResponse, "offers[4].groups[0].pricingPlans[0].order", "0"): Verify element property value successfully

2023-10-18 16:29:42 - [MESSAGE][PASSED] - Verify element property value successfully

2023-10-18 16:29:42 - [TEST_STEP][PASSED] - verifyElementPropertyValue(getResponse, "offers[4].groups[0].pricingPlans[0].packageId", "SHAHID_VIP_SPORT"): Verify element property value successfully

2023-10-18 16:29:42 - [MESSAGE][PASSED] - Verify element property value successfully

2023-10-18 16:29:42 - [TEST_STEP][PASSED] - verifyElementPropertyValue(getResponse, "offers[4].groups[0].pricingPlans[0].catalogId", "SPORT"): Verify element property value successfully

2023-10-18 16:29:42 - [MESSAGE][PASSED] - Verify element property value successfully

2023-10-18 16:29:42 - [TEST_STEP][PASSED] - verifyElementPropertyValue(getResponse, "offers[4].groups[0].pricingPlans[0].visualElements[0].key", "Header_1_text"): Verify element property value successfully

2023-10-18 16:29:42 - [MESSAGE][PASSED] - Verify element property value successfully

2023-10-18 16:29:42 - [TEST_STEP][PASSED] - verifyElementPropertyValue(getResponse, "offers[4].groups[0].pricingPlans[0].visualElements[0].value", "Watch the most powerful series and movies exclusively without stopping"): Verify element property value successfully

2023-10-18 16:29:42 - [MESSAGE][PASSED] - Verify element property value successfully

2023-10-18 16:29:42 - [TEST_STEP][PASSED] - verifyElementPropertyValue(getResponse, "offers[4].groups[0].pricingPlans[0].visualElements[1].key", "display_title"): Verify element property value successfully

2023-10-18 16:29:42 - [MESSAGE][PASSED] - Verify element property value successfully

2023-10-18 16:29:42 - [TEST_STEP][FAILED] - verifyElementPropertyValue(getResponse, "offers[4].groups[0].pricingPlans[0].visualElements[1].value", "40% Discount Offer"): Expected element property value '40% Discount Offer' is not equal with actual property value '40% Discount Offer​'

2023-10-18 16:29:42 - [MESSAGE][FAILED] - Expected element property value '40% Discount Offer' is not equal with actual property value '40% Discount Offer​'

2023-10-18 16:29:42 - [TEST_STEP][PASSED] - verifyElementPropertyValue(getResponse, "offers[4].groups[0].pricingPlans[0].visualElements[3].key", "deduction_text"): Verify element property value successfully

2023-10-18 16:29:42 - [MESSAGE][PASSED] - Verify element property value successfully

2023-10-18 16:29:42 - [TEST_STEP][PASSED] - verifyElementPropertyValue(getResponse, "offers[4].groups[0].pricingPlans[0].visualElements[3].value", "billed every month"): Verify element property value successfully

2023-10-18 16:29:42 - [MESSAGE][PASSED] - Verify element property value successfully

2023-10-18 16:29:42 - [TEST_STEP][PASSED] - verifyElementPropertyValue(getResponse, "offers[4].groups[0].pricingPlans[0].visualElements[6].key", "show_payment_logo"): Verify element property value successfully

2023-10-18 16:29:42 - [MESSAGE][PASSED] - Verify element property value successfully

2023-10-18 16:29:42 - [TEST_STEP][PASSED] - verifyElementPropertyValue(getResponse, "offers[4].groups[0].pricingPlans[0].visualElements[6].value", "true"): Verify element property value successfully

2023-10-18 16:29:42 - [MESSAGE][PASSED] - Verify element property value successfully

2023-10-18 16:29:42 - [TEST_STEP][PASSED] - verifyElementPropertyValue(getResponse, "offers[4].groups[0].pricingPlans[0].visualElements[8].key", "price"): Verify element property value successfully

2023-10-18 16:29:42 - [MESSAGE][PASSED] - Verify element property value successfully

2023-10-18 16:29:42 - [TEST_STEP][PASSED] - verifyElementPropertyValue(getResponse, "offers[4].groups[0].pricingPlans[0].visualElements[8].value", "3.49"): Verify element property value successfully

2023-10-18 16:29:42 - [MESSAGE][PASSED] - Verify element property value successfully

2023-10-18 16:29:42 - [TEST_STEP][PASSED] - verifyElementPropertyValue(getResponse, "offers[4].groups[0].pricingPlans[0].visualElements[9].key", "currency"): Verify element property value successfully

2023-10-18 16:29:42 - [MESSAGE][PASSED] - Verify element property value successfully

2023-10-18 16:29:42 - [TEST_STEP][PASSED] - verifyElementPropertyValue(getResponse, "offers[4].groups[0].pricingPlans[0].visualElements[9].value", "KWD"): Verify element property value successfully

2023-10-18 16:29:42 - [MESSAGE][PASSED] - Verify element property value successfully

2023-10-18 16:29:42 - [TEST_STEP][PASSED] - verifyElementPropertyValue(getResponse, "offers[4].groups[0].pricingPlans[0].visualElements[10].key", "duration"): Verify element property value successfully

2023-10-18 16:29:42 - [MESSAGE][PASSED] - Verify element property value successfully

2023-10-18 16:29:42 - [TEST_STEP][PASSED] - verifyElementPropertyValue(getResponse, "offers[4].groups[0].pricingPlans[0].visualElements[10].value", "Monthly"): Verify element property value successfully

2023-10-18 16:29:42 - [MESSAGE][PASSED] - Verify element property value successfully

2023-10-18 16:29:42 - [TEST_STEP][PASSED] - verifyElementPropertyValue(getResponse, "offers[4].groups[0].pricingPlans[0].visualElements[11].key", "featured_tag_text"): Verify element property value successfully

2023-10-18 16:29:42 - [MESSAGE][PASSED] - Verify element property value successfully

2023-10-18 16:29:42 - [TEST_STEP][PASSED] - verifyElementPropertyValue(getResponse, "offers[4].groups[0].pricingPlans[0].visualElements[11].value", "Limited Time Offer"): Verify element property value successfully

2023-10-18 16:29:42 - [MESSAGE][PASSED] - Verify element property value successfully

2023-10-18 16:29:42 - [TEST_STEP][PASSED] - verifyElementPropertyValue(getResponse, "offers[4].groups[0].pricingPlans[0].visualElements[13].key", "tag_text"): Verify element property value successfully

2023-10-18 16:29:42 - [MESSAGE][PASSED] - Verify element property value successfully

2023-10-18 16:29:42 - [TEST_STEP][PASSED] - verifyElementPropertyValue(getResponse, "offers[4].groups[0].pricingPlans[0].visualElements[13].value", "Save 40%"): Verify element property value successfully

2023-10-18 16:29:42 - [MESSAGE][PASSED] - Verify element property value successfully

2023-10-18 16:29:42 - [TEST_STEP][PASSED] - verifyElementPropertyValue(getResponse, "offers[4].groups[0].pricingPlans[0].visualElements[12].key", "show_tag"): Verify element property value successfully

2023-10-18 16:29:42 - [MESSAGE][PASSED] - Verify element property value successfully

2023-10-18 16:29:42 - [TEST_STEP][PASSED] - verifyElementPropertyValue(getResponse, "offers[4].groups[0].pricingPlans[0].visualElements[12].value", "true"): Verify element property value successfully

2023-10-18 16:29:42 - [MESSAGE][PASSED] - Verify element property value successfully

2023-10-18 16:29:42 - [TEST_STEP][PASSED] - verifyElementPropertyValue(getResponse, "offers[4].groups[0].pricingPlans[0].pricingPlanData[0].productId", "KWT_B2C_SHAHID_VIP_SPORT_1M"): Verify element property value successfully

2023-10-18 16:29:42 - [MESSAGE][PASSED] - Verify element property value successfully

2023-10-18 16:29:42 - [TEST_STEP][PASSED] - verifyElementPropertyValue(getResponse, "offers[4].groups[0].pricingPlans[0].pricingPlanData[0].subPricingPlanIds", "[net.shahid.monthly.vipsports]"): Verify element property value successfully

2023-10-18 16:29:42 - [MESSAGE][PASSED] - Verify element property value successfully

2023-10-18 16:29:42 - [TEST_STEP][PASSED] - verifyElementPropertyValue(getResponse, "offers[4].groups[0].pricingPlans[0].pricingPlanData[0].paymentMethod", "GOOGLE_IAP"): Verify element property value successfully

2023-10-18 16:29:42 - [MESSAGE][PASSED] - Verify element property value successfully

2023-10-18 16:29:42 - [TEST_STEP][PASSED] - verifyElementPropertyValue(getResponse, "offers[4].groups[0].pricingPlans[0].pricingPlanData[0].freeTrialEnabled", "false"): Verify element property value successfully

2023-10-18 16:29:42 - [MESSAGE][PASSED] - Verify element property value successfully

2023-10-18 16:29:42 - [TEST_STEP][PASSED] - verifyElementPropertyValue(getResponse, "offers[4].groups[0].pricingPlans[0].pricingPlanData[0].priceLabel", "3.49"): Verify element property value successfully

2023-10-18 16:29:42 - [MESSAGE][PASSED] - Verify element property value successfully

2023-10-18 16:29:42 - [TEST_STEP][PASSED] - verifyElementPropertyValue(getResponse, "offers[4].groups[0].pricingPlans[0].pricingPlanData[0].currencyLabel", "KWD"): Verify element property value successfully

2023-10-18 16:29:42 - [MESSAGE][PASSED] - Verify element property value successfully

2023-10-18 16:29:42 - [TEST_STEP][PASSED] - verifyElementPropertyValue(getResponse, "offers[4].groups[0].pricingPlans[0].pricingPlanData[0].dealId", "GW_WB_SPORT_40P_KWT"): Verify element property value successfully

2023-10-18 16:29:42 - [MESSAGE][PASSED] - Verify element property value successfully

2023-10-18 16:29:42 - [TEST_STEP][PASSED] - verifyElementPropertyValue(getResponse, "offers[4].groups[0].pricingPlans[0].pricingPlanData[0].allowedForAcquisition", "true"): Verify element property value successfully

2023-10-18 16:29:42 - [MESSAGE][PASSED] - Verify element property value successfully

2023-10-18 16:29:42 - [TEST_STEP][PASSED] - verifyElementPropertyValue(getResponse, "offers[4].groups[0].pricingPlans[0].pricingPlanData[0].visualElements[1].key", "CTA_text"): Verify element property value successfully

2023-10-18 16:29:42 - [MESSAGE][PASSED] - Verify element property value successfully

2023-10-18 16:29:42 - [TEST_STEP][PASSED] - verifyElementPropertyValue(getResponse, "offers[4].groups[0].pricingPlans[0].pricingPlanData[0].visualElements[1].value", "Subscribe"): Verify element property value successfully

2023-10-18 16:29:42 - [MESSAGE][PASSED] - Verify element property value successfully

2023-10-18 16:29:42 - [TEST_STEP][PASSED] - verifyElementPropertyValue(getResponse, "offers[4].groups[0].pricingPlans[0].pricingPlanData[0].visualElements[2].key", "logo"): Verify element property value successfully

2023-10-18 16:29:42 - [MESSAGE][PASSED] - Verify element property value successfully

2023-10-18 16:29:42 - [TEST_STEP][PASSED] - verifyElementPropertyValue(getResponse, "offers[4].groups[0].pricingPlans[0].pricingPlanData[0].visualElements[2].value", "google"): Verify element property value successfully

2023-10-18 16:29:42 - [MESSAGE][PASSED] - Verify element property value successfully

2023-10-18 16:29:42 - [TEST_STEP][PASSED] - verifyElementPropertyValue(getResponse, "offers[5].offerId", "winback-sport-50-offer"): Verify element property value successfully

2023-10-18 16:29:42 - [MESSAGE][PASSED] - Verify element property value successfully

2023-10-18 16:29:42 - [TEST_STEP][PASSED] - verifyElementPropertyValue(getResponse, "offers[5].offerParam", "sportsoffer50"): Verify element property value successfully

2023-10-18 16:29:42 - [MESSAGE][PASSED] - Verify element property value successfully

2023-10-18 16:29:42 - [TEST_STEP][PASSED] - verifyElementPropertyValue(getResponse, "offers[5].groups[0].pricingPlans[0].featured", "true"): Verify element property value successfully

2023-10-18 16:29:42 - [MESSAGE][PASSED] - Verify element property value successfully

2023-10-18 16:29:42 - [TEST_STEP][PASSED] - verifyElementPropertyValue(getResponse, "offers[5].groups[0].pricingPlans[0].period", "monthly"): Verify element property value successfully

2023-10-18 16:29:42 - [MESSAGE][PASSED] - Verify element property value successfully

2023-10-18 16:29:42 - [TEST_STEP][PASSED] - verifyElementPropertyValue(getResponse, "offers[5].groups[0].pricingPlans[0].featured", "true"): Verify element property value successfully

2023-10-18 16:29:42 - [MESSAGE][PASSED] - Verify element property value successfully

2023-10-18 16:29:42 - [TEST_STEP][PASSED] - verifyElementPropertyValue(getResponse, "offers[5].groups[0].pricingPlans[0].price", "2.89"): Verify element property value successfully

2023-10-18 16:29:42 - [MESSAGE][PASSED] - Verify element property value successfully

2023-10-18 16:29:42 - [TEST_STEP][PASSED] - verifyElementPropertyValue(getResponse, "offers[5].groups[0].pricingPlans[0].currency", "KWD"): Verify element property value successfully

2023-10-18 16:29:42 - [MESSAGE][PASSED] - Verify element property value successfully

2023-10-18 16:29:42 - [TEST_STEP][PASSED] - verifyElementPropertyValue(getResponse, "offers[5].groups[0].pricingPlans[0].order", "0"): Verify element property value successfully

2023-10-18 16:29:42 - [MESSAGE][PASSED] - Verify element property value successfully

2023-10-18 16:29:42 - [TEST_STEP][PASSED] - verifyElementPropertyValue(getResponse, "offers[5].groups[0].pricingPlans[0].packageId", "SHAHID_VIP_SPORT"): Verify element property value successfully

2023-10-18 16:29:42 - [MESSAGE][PASSED] - Verify element property value successfully

2023-10-18 16:29:42 - [TEST_STEP][PASSED] - verifyElementPropertyValue(getResponse, "offers[5].groups[0].pricingPlans[0].catalogId", "SPORT"): Verify element property value successfully

2023-10-18 16:29:42 - [MESSAGE][PASSED] - Verify element property value successfully

2023-10-18 16:29:42 - [TEST_STEP][PASSED] - verifyElementPropertyValue(getResponse, "offers[5].groups[0].pricingPlans[0].visualElements[0].key", "Header_1_text"): Verify element property value successfully

2023-10-18 16:29:42 - [MESSAGE][PASSED] - Verify element property value successfully

2023-10-18 16:29:42 - [TEST_STEP][PASSED] - verifyElementPropertyValue(getResponse, "offers[5].groups[0].pricingPlans[0].visualElements[0].value", "Watch the most powerful series and movies exclusively without stopping"): Verify element property value successfully

2023-10-18 16:29:42 - [MESSAGE][PASSED] - Verify element property value successfully

2023-10-18 16:29:42 - [TEST_STEP][PASSED] - verifyElementPropertyValue(getResponse, "offers[5].groups[0].pricingPlans[0].visualElements[1].key", "display_title"): Verify element property value successfully

2023-10-18 16:29:42 - [MESSAGE][PASSED] - Verify element property value successfully

2023-10-18 16:29:42 - [TEST_STEP][FAILED] - verifyElementPropertyValue(getResponse, "offers[5].groups[0].pricingPlans[0].visualElements[1].value", "50% Discount Offer"): Expected element property value '50% Discount Offer' is not equal with actual property value '50% Discount Offer​'

2023-10-18 16:29:42 - [MESSAGE][FAILED] - Expected element property value '50% Discount Offer' is not equal with actual property value '50% Discount Offer​'

2023-10-18 16:29:42 - [TEST_STEP][PASSED] - verifyElementPropertyValue(getResponse, "offers[5].groups[0].pricingPlans[0].visualElements[3].key", "deduction_text"): Verify element property value successfully

2023-10-18 16:29:42 - [MESSAGE][PASSED] - Verify element property value successfully

2023-10-18 16:29:42 - [TEST_STEP][PASSED] - verifyElementPropertyValue(getResponse, "offers[5].groups[0].pricingPlans[0].visualElements[3].value", "billed every month"): Verify element property value successfully

2023-10-18 16:29:42 - [MESSAGE][PASSED] - Verify element property value successfully

2023-10-18 16:29:42 - [TEST_STEP][PASSED] - verifyElementPropertyValue(getResponse, "offers[5].groups[0].pricingPlans[0].visualElements[6].key", "show_payment_logo"): Verify element property value successfully

2023-10-18 16:29:42 - [MESSAGE][PASSED] - Verify element property value successfully

2023-10-18 16:29:42 - [TEST_STEP][PASSED] - verifyElementPropertyValue(getResponse, "offers[5].groups[0].pricingPlans[0].visualElements[6].value", "true"): Verify element property value successfully

2023-10-18 16:29:42 - [MESSAGE][PASSED] - Verify element property value successfully

2023-10-18 16:29:42 - [TEST_STEP][PASSED] - verifyElementPropertyValue(getResponse, "offers[5].groups[0].pricingPlans[0].visualElements[8].key", "price"): Verify element property value successfully

2023-10-18 16:29:42 - [MESSAGE][PASSED] - Verify element property value successfully

2023-10-18 16:29:42 - [TEST_STEP][PASSED] - verifyElementPropertyValue(getResponse, "offers[5].groups[0].pricingPlans[0].visualElements[8].value", "2.89"): Verify element property value successfully

2023-10-18 16:29:42 - [MESSAGE][PASSED] - Verify element property value successfully

2023-10-18 16:29:42 - [TEST_STEP][PASSED] - verifyElementPropertyValue(getResponse, "offers[5].groups[0].pricingPlans[0].visualElements[9].key", "currency"): Verify element property value successfully

2023-10-18 16:29:42 - [MESSAGE][PASSED] - Verify element property value successfully

2023-10-18 16:29:42 - [TEST_STEP][PASSED] - verifyElementPropertyValue(getResponse, "offers[5].groups[0].pricingPlans[0].visualElements[9].value", "KWD"): Verify element property value successfully

2023-10-18 16:29:42 - [MESSAGE][PASSED] - Verify element property value successfully

2023-10-18 16:29:42 - [TEST_STEP][PASSED] - verifyElementPropertyValue(getResponse, "offers[5].groups[0].pricingPlans[0].visualElements[10].key", "duration"): Verify element property value successfully

2023-10-18 16:29:42 - [MESSAGE][PASSED] - Verify element property value successfully

2023-10-18 16:29:42 - [TEST_STEP][PASSED] - verifyElementPropertyValue(getResponse, "offers[5].groups[0].pricingPlans[0].visualElements[10].value", "Monthly"): Verify element property value successfully

2023-10-18 16:29:42 - [MESSAGE][PASSED] - Verify element property value successfully

2023-10-18 16:29:42 - [TEST_STEP][PASSED] - verifyElementPropertyValue(getResponse, "offers[5].groups[0].pricingPlans[0].visualElements[11].key", "featured_tag_text"): Verify element property value successfully

2023-10-18 16:29:42 - [MESSAGE][PASSED] - Verify element property value successfully

2023-10-18 16:29:42 - [TEST_STEP][PASSED] - verifyElementPropertyValue(getResponse, "offers[5].groups[0].pricingPlans[0].visualElements[11].value", "Limited Time Offer"): Verify element property value successfully

2023-10-18 16:29:42 - [MESSAGE][PASSED] - Verify element property value successfully

2023-10-18 16:29:42 - [TEST_STEP][PASSED] - verifyElementPropertyValue(getResponse, "offers[5].groups[0].pricingPlans[0].visualElements[13].key", "tag_text"): Verify element property value successfully

2023-10-18 16:29:42 - [MESSAGE][PASSED] - Verify element property value successfully

2023-10-18 16:29:42 - [TEST_STEP][PASSED] - verifyElementPropertyValue(getResponse, "offers[5].groups[0].pricingPlans[0].visualElements[13].value", "Save 50%"): Verify element property value successfully

2023-10-18 16:29:42 - [MESSAGE][PASSED] - Verify element property value successfully

2023-10-18 16:29:42 - [TEST_STEP][PASSED] - verifyElementPropertyValue(getResponse, "offers[5].groups[0].pricingPlans[0].visualElements[12].key", "show_tag"): Verify element property value successfully

2023-10-18 16:29:42 - [MESSAGE][PASSED] - Verify element property value successfully

2023-10-18 16:29:42 - [TEST_STEP][PASSED] - verifyElementPropertyValue(getResponse, "offers[5].groups[0].pricingPlans[0].visualElements[12].value", "true"): Verify element property value successfully

2023-10-18 16:29:42 - [MESSAGE][PASSED] - Verify element property value successfully

2023-10-18 16:29:42 - [TEST_STEP][PASSED] - verifyElementPropertyValue(getResponse, "offers[5].groups[0].pricingPlans[0].pricingPlanData[0].productId", "KWT_B2C_SHAHID_VIP_SPORT_1M"): Verify element property value successfully

2023-10-18 16:29:42 - [MESSAGE][PASSED] - Verify element property value successfully

2023-10-18 16:29:42 - [TEST_STEP][PASSED] - verifyElementPropertyValue(getResponse, "offers[5].groups[0].pricingPlans[0].pricingPlanData[0].subPricingPlanIds", "[net.shahid.monthly.vipsports]"): Verify element property value successfully

2023-10-18 16:29:42 - [MESSAGE][PASSED] - Verify element property value successfully

2023-10-18 16:29:42 - [TEST_STEP][PASSED] - verifyElementPropertyValue(getResponse, "offers[5].groups[0].pricingPlans[0].pricingPlanData[0].paymentMethod", "GOOGLE_IAP"): Verify element property value successfully

2023-10-18 16:29:42 - [MESSAGE][PASSED] - Verify element property value successfully

2023-10-18 16:29:42 - [TEST_STEP][PASSED] - verifyElementPropertyValue(getResponse, "offers[5].groups[0].pricingPlans[0].pricingPlanData[0].freeTrialEnabled", "false"): Verify element property value successfully

2023-10-18 16:29:42 - [MESSAGE][PASSED] - Verify element property value successfully

2023-10-18 16:29:42 - [TEST_STEP][PASSED] - verifyElementPropertyValue(getResponse, "offers[5].groups[0].pricingPlans[0].pricingPlanData[0].priceLabel", "2.89"): Verify element property value successfully

2023-10-18 16:29:42 - [MESSAGE][PASSED] - Verify element property value successfully

2023-10-18 16:29:42 - [TEST_STEP][PASSED] - verifyElementPropertyValue(getResponse, "offers[5].groups[0].pricingPlans[0].pricingPlanData[0].currencyLabel", "KWD"): Verify element property value successfully

2023-10-18 16:29:42 - [MESSAGE][PASSED] - Verify element property value successfully

2023-10-18 16:29:42 - [TEST_STEP][PASSED] - verifyElementPropertyValue(getResponse, "offers[5].groups[0].pricingPlans[0].pricingPlanData[0].dealId", "GW_WB_SPORT_50P_KWT"): Verify element property value successfully

2023-10-18 16:29:42 - [MESSAGE][PASSED] - Verify element property value successfully

2023-10-18 16:29:42 - [TEST_STEP][PASSED] - verifyElementPropertyValue(getResponse, "offers[5].groups[0].pricingPlans[0].pricingPlanData[0].allowedForAcquisition", "true"): Verify element property value successfully

2023-10-18 16:29:43 - [MESSAGE][PASSED] - Verify element property value successfully

2023-10-18 16:29:43 - [TEST_STEP][PASSED] - verifyElementPropertyValue(getResponse, "offers[5].groups[0].pricingPlans[0].pricingPlanData[0].visualElements[1].key", "CTA_text"): Verify element property value successfully

2023-10-18 16:29:43 - [MESSAGE][PASSED] - Verify element property value successfully

2023-10-18 16:29:43 - [TEST_STEP][PASSED] - verifyElementPropertyValue(getResponse, "offers[5].groups[0].pricingPlans[0].pricingPlanData[0].visualElements[1].value", "Subscribe"): Verify element property value successfully

2023-10-18 16:29:43 - [MESSAGE][PASSED] - Verify element property value successfully

2023-10-18 16:29:43 - [TEST_STEP][PASSED] - verifyElementPropertyValue(getResponse, "offers[5].groups[0].pricingPlans[0].pricingPlanData[0].visualElements[2].key", "logo"): Verify element property value successfully

2023-10-18 16:29:43 - [MESSAGE][PASSED] - Verify element property value successfully

2023-10-18 16:29:43 - [TEST_STEP][PASSED] - verifyElementPropertyValue(getResponse, "offers[5].groups[0].pricingPlans[0].pricingPlanData[0].visualElements[2].value", "google"): Verify element property value successfully

2023-10-18 16:29:43 - [MESSAGE][PASSED] - Verify element property value successfully

2023-10-18 16:29:43 - [TEST_STEP][PASSED] - verifyElementPropertyValue(getResponse, "groups[0].pricingPlans[0].featured", "true"): Verify element property value successfully

2023-10-18 16:29:43 - [MESSAGE][PASSED] - Verify element property value successfully

2023-10-18 16:29:43 - [TEST_STEP][PASSED] - verifyElementPropertyValue(getResponse, "groups[0].pricingPlans[0].packageId", "SHAHID_VIP_SPORT"): Verify element property value successfully

2023-10-18 16:29:43 - [MESSAGE][PASSED] - Verify element property value successfully

2023-10-18 16:29:43 - [TEST_STEP][PASSED] - verifyElementPropertyValue(getResponse, "groups[0].pricingPlans[0].catalogId", "SPORT"): Verify element property value successfully

2023-10-18 16:29:43 - [MESSAGE][PASSED] - Verify element property value successfully

2023-10-18 16:29:43 - [TEST_STEP][PASSED] - verifyElementPropertyValue(getResponse, "groups[0].pricingPlans[0].visualElements[0].key", "Header_1_text"): Verify element property value successfully

2023-10-18 16:29:43 - [MESSAGE][PASSED] - Verify element property value successfully

2023-10-18 16:29:43 - [TEST_STEP][PASSED] - verifyElementPropertyValue(getResponse, "groups[0].pricingPlans[0].visualElements[0].value", "Watch the most powerful series and movies exclusively without stopping"): Verify element property value successfully

2023-10-18 16:29:43 - [MESSAGE][PASSED] - Verify element property value successfully

2023-10-18 16:29:43 - [TEST_STEP][PASSED] - verifyElementPropertyValue(getResponse, "groups[0].pricingPlans[0].visualElements[1].key", "display_title"): Verify element property value successfully

2023-10-18 16:29:43 - [MESSAGE][PASSED] - Verify element property value successfully

2023-10-18 16:29:43 - [TEST_STEP][PASSED] - verifyElementPropertyValue(getResponse, "groups[0].pricingPlans[0].visualElements[1].value", "Monthly Plan"): Verify element property value successfully

2023-10-18 16:29:43 - [MESSAGE][PASSED] - Verify element property value successfully

2023-10-18 16:29:43 - [TEST_STEP][PASSED] - verifyElementPropertyValue(getResponse, "groups[0].pricingPlans[0].visualElements[2].key", "promo_text"): Verify element property value successfully

2023-10-18 16:29:43 - [MESSAGE][PASSED] - Verify element property value successfully

2023-10-18 16:29:43 - [TEST_STEP][PASSED] - verifyElementPropertyValue(getResponse, "groups[0].pricingPlans[0].visualElements[2].value", "5.69 KWD / month"): Verify element property value successfully

2023-10-18 16:29:43 - [MESSAGE][PASSED] - Verify element property value successfully

2023-10-18 16:29:43 - [TEST_STEP][PASSED] - verifyElementPropertyValue(getResponse, "groups[0].pricingPlans[0].visualElements[3].key", "deduction_text"): Verify element property value successfully

2023-10-18 16:29:43 - [MESSAGE][PASSED] - Verify element property value successfully

2023-10-18 16:29:43 - [TEST_STEP][PASSED] - verifyElementPropertyValue(getResponse, "groups[0].pricingPlans[0].visualElements[3].value", "billed every month"): Verify element property value successfully

2023-10-18 16:29:43 - [MESSAGE][PASSED] - Verify element property value successfully

2023-10-18 16:29:43 - [TEST_STEP][PASSED] - verifyElementPropertyValue(getResponse, "groups[0].pricingPlans[0].visualElements[6].key", "show_payment_logo"): Verify element property value successfully

2023-10-18 16:29:43 - [MESSAGE][PASSED] - Verify element property value successfully

2023-10-18 16:29:43 - [TEST_STEP][PASSED] - verifyElementPropertyValue(getResponse, "groups[0].pricingPlans[0].visualElements[6].value", "true"): Verify element property value successfully

2023-10-18 16:29:43 - [MESSAGE][PASSED] - Verify element property value successfully

2023-10-18 16:29:43 - [TEST_STEP][PASSED] - verifyElementPropertyValue(getResponse, "groups[0].pricingPlans[0].visualElements[8].key", "price"): Verify element property value successfully

2023-10-18 16:29:43 - [MESSAGE][PASSED] - Verify element property value successfully

2023-10-18 16:29:43 - [TEST_STEP][PASSED] - verifyElementPropertyValue(getResponse, "groups[0].pricingPlans[0].visualElements[8].value", "5.69"): Verify element property value successfully

2023-10-18 16:29:43 - [MESSAGE][PASSED] - Verify element property value successfully

2023-10-18 16:29:43 - [TEST_STEP][PASSED] - verifyElementPropertyValue(getResponse, "groups[0].pricingPlans[0].visualElements[9].key", "currency"): Verify element property value successfully

2023-10-18 16:29:43 - [MESSAGE][PASSED] - Verify element property value successfully

2023-10-18 16:29:43 - [TEST_STEP][PASSED] - verifyElementPropertyValue(getResponse, "groups[0].pricingPlans[0].visualElements[9].value", "KWD"): Verify element property value successfully

2023-10-18 16:29:43 - [MESSAGE][PASSED] - Verify element property value successfully

2023-10-18 16:29:43 - [TEST_STEP][PASSED] - verifyElementPropertyValue(getResponse, "groups[0].pricingPlans[0].visualElements[10].key", "duration"): Verify element property value successfully

2023-10-18 16:29:43 - [MESSAGE][PASSED] - Verify element property value successfully

2023-10-18 16:29:43 - [TEST_STEP][PASSED] - verifyElementPropertyValue(getResponse, "groups[0].pricingPlans[0].visualElements[10].value", "Monthly"): Verify element property value successfully

2023-10-18 16:29:43 - [MESSAGE][PASSED] - Verify element property value successfully

2023-10-18 16:29:43 - [TEST_STEP][PASSED] - verifyElementPropertyValue(getResponse, "groups[0].pricingPlans[0].order", "3"): Verify element property value successfully

2023-10-18 16:29:43 - [MESSAGE][PASSED] - Verify element property value successfully

2023-10-18 16:29:43 - [TEST_STEP][PASSED] - verifyElementPropertyValue(getResponse, "groups[0].pricingPlans[0].period", "monthly"): Verify element property value successfully

2023-10-18 16:29:43 - [MESSAGE][PASSED] - Verify element property value successfully

2023-10-18 16:29:43 - [TEST_STEP][PASSED] - verifyElementPropertyValue(getResponse, "groups[0].pricingPlans[0].price", "5.69"): Verify element property value successfully

2023-10-18 16:29:43 - [MESSAGE][PASSED] - Verify element property value successfully

2023-10-18 16:29:43 - [TEST_STEP][PASSED] - verifyElementPropertyValue(getResponse, "groups[0].pricingPlans[0].currency", "KWD"): Verify element property value successfully

2023-10-18 16:29:43 - [MESSAGE][PASSED] - Verify element property value successfully

2023-10-18 16:29:43 - [TEST_STEP][PASSED] - verifyElementPropertyValue(getResponse, "groups[0].pricingPlans[0].pricingPlanData[0].productId", "KWT_B2C_SHAHID_VIP_SPORT_1M"): Verify element property value successfully

2023-10-18 16:29:43 - [MESSAGE][PASSED] - Verify element property value successfully

2023-10-18 16:29:43 - [TEST_STEP][PASSED] - verifyElementPropertyValue(getResponse, "groups[0].pricingPlans[0].pricingPlanData[0].subPricingPlanIds", "[net.shahid.monthly.vipsports]"): Verify element property value successfully

2023-10-18 16:29:43 - [MESSAGE][PASSED] - Verify element property value successfully

2023-10-18 16:29:43 - [TEST_STEP][PASSED] - verifyElementPropertyValue(getResponse, "groups[0].pricingPlans[0].pricingPlanData[0].paymentMethod", "GOOGLE_IAP"): Verify element property value successfully

2023-10-18 16:29:43 - [MESSAGE][PASSED] - Verify element property value successfully

2023-10-18 16:29:43 - [TEST_STEP][PASSED] - verifyElementPropertyValue(getResponse, "groups[0].pricingPlans[0].pricingPlanData[0].freeTrialEnabled", "false"): Verify element property value successfully

2023-10-18 16:29:43 - [MESSAGE][PASSED] - Verify element property value successfully

2023-10-18 16:29:43 - [TEST_STEP][PASSED] - verifyElementPropertyValue(getResponse, "groups[0].pricingPlans[0].pricingPlanData[0].visualElements[1].key", "CTA_text"): Verify element property value successfully

2023-10-18 16:29:43 - [MESSAGE][PASSED] - Verify element property value successfully

2023-10-18 16:29:43 - [TEST_STEP][PASSED] - verifyElementPropertyValue(getResponse, "groups[0].pricingPlans[0].pricingPlanData[0].visualElements[1].value", "Subscribe"): Verify element property value successfully

2023-10-18 16:29:43 - [MESSAGE][PASSED] - Verify element property value successfully

2023-10-18 16:29:43 - [TEST_STEP][PASSED] - verifyElementPropertyValue(getResponse, "groups[0].pricingPlans[0].pricingPlanData[0].visualElements[2].key", "logo"): Verify element property value successfully

2023-10-18 16:29:43 - [MESSAGE][PASSED] - Verify element property value successfully

2023-10-18 16:29:43 - [TEST_STEP][PASSED] - verifyElementPropertyValue(getResponse, "groups[0].pricingPlans[0].pricingPlanData[0].visualElements[2].value", "google"): Verify element property value successfully

2023-10-18 16:29:43 - [MESSAGE][PASSED] - Verify element property value successfully

2023-10-18 16:29:43 - [TEST_STEP][PASSED] - verifyElementPropertyValue(getResponse, "groups[0].pricingPlans[0].pricingPlanData[0].priceLabel", "5.69"): Verify element property value successfully

2023-10-18 16:29:43 - [MESSAGE][PASSED] - Verify element property value successfully

2023-10-18 16:29:43 - [TEST_STEP][PASSED] - verifyElementPropertyValue(getResponse, "groups[0].pricingPlans[0].pricingPlanData[0].currencyLabel", "KWD"): Verify element property value successfully

2023-10-18 16:29:43 - [MESSAGE][PASSED] - Verify element property value successfully

2023-10-18 16:29:43 - [TEST_STEP][PASSED] - verifyElementPropertyValue(getResponse, "groups[0].pricingPlans[2].featured", "false"): Verify element property value successfully

2023-10-18 16:29:43 - [MESSAGE][PASSED] - Verify element property value successfully

2023-10-18 16:29:43 - [TEST_STEP][PASSED] - verifyElementPropertyValue(getResponse, "groups[0].pricingPlans[2].packageId", "SHAHID_VIP_SPORT"): Verify element property value successfully

2023-10-18 16:29:43 - [MESSAGE][PASSED] - Verify element property value successfully

2023-10-18 16:29:43 - [TEST_STEP][PASSED] - verifyElementPropertyValue(getResponse, "groups[0].pricingPlans[2].catalogId", "SPORT"): Verify element property value successfully

2023-10-18 16:29:43 - [MESSAGE][PASSED] - Verify element property value successfully

2023-10-18 16:29:43 - [TEST_STEP][PASSED] - verifyElementPropertyValue(getResponse, "groups[0].pricingPlans[2].visualElements[0].key", "Header_1_text"): Verify element property value successfully

2023-10-18 16:29:43 - [MESSAGE][PASSED] - Verify element property value successfully

2023-10-18 16:29:43 - [TEST_STEP][PASSED] - verifyElementPropertyValue(getResponse, "groups[0].pricingPlans[2].visualElements[0].value", "Watch the most powerful series and movies exclusively without stopping"): Verify element property value successfully

2023-10-18 16:29:43 - [MESSAGE][PASSED] - Verify element property value successfully

2023-10-18 16:29:43 - [TEST_STEP][PASSED] - verifyElementPropertyValue(getResponse, "groups[0].pricingPlans[2].visualElements[1].key", "display_title"): Verify element property value successfully

2023-10-18 16:29:43 - [MESSAGE][PASSED] - Verify element property value successfully

2023-10-18 16:29:43 - [TEST_STEP][PASSED] - verifyElementPropertyValue(getResponse, "groups[0].pricingPlans[2].visualElements[1].value", "Annual Plan"): Verify element property value successfully

2023-10-18 16:29:43 - [MESSAGE][PASSED] - Verify element property value successfully

2023-10-18 16:29:43 - [TEST_STEP][PASSED] - verifyElementPropertyValue(getResponse, "groups[0].pricingPlans[2].visualElements[2].key", "tag_text"): Verify element property value successfully

2023-10-18 16:29:43 - [MESSAGE][PASSED] - Verify element property value successfully

2023-10-18 16:29:43 - [TEST_STEP][PASSED] - verifyElementPropertyValue(getResponse, "groups[0].pricingPlans[2].visualElements[2].value", "Save 17%"): Verify element property value successfully

2023-10-18 16:29:43 - [MESSAGE][PASSED] - Verify element property value successfully

2023-10-18 16:29:43 - [TEST_STEP][PASSED] - verifyElementPropertyValue(getResponse, "groups[0].pricingPlans[2].visualElements[3].key", "promo_text"): Verify element property value successfully

2023-10-18 16:29:43 - [MESSAGE][PASSED] - Verify element property value successfully

2023-10-18 16:29:43 - [TEST_STEP][PASSED] - verifyElementPropertyValue(getResponse, "groups[0].pricingPlans[2].visualElements[3].value", "4.74 KWD/ month"): Verify element property value successfully

2023-10-18 16:29:43 - [MESSAGE][PASSED] - Verify element property value successfully

2023-10-18 16:29:43 - [TEST_STEP][PASSED] - verifyElementPropertyValue(getResponse, "groups[0].pricingPlans[2].visualElements[4].key", "deduction_text"): Verify element property value successfully

2023-10-18 16:29:43 - [MESSAGE][PASSED] - Verify element property value successfully

2023-10-18 16:29:43 - [TEST_STEP][PASSED] - verifyElementPropertyValue(getResponse, "groups[0].pricingPlans[2].visualElements[4].value", "56.99 KWD billed every year"): Verify element property value successfully

2023-10-18 16:29:43 - [MESSAGE][PASSED] - Verify element property value successfully

2023-10-18 16:29:43 - [TEST_STEP][PASSED] - verifyElementPropertyValue(getResponse, "groups[0].pricingPlans[2].visualElements[7].key", "show_payment_logo"): Verify element property value successfully

2023-10-18 16:29:43 - [MESSAGE][PASSED] - Verify element property value successfully

2023-10-18 16:29:43 - [TEST_STEP][PASSED] - verifyElementPropertyValue(getResponse, "groups[0].pricingPlans[2].visualElements[7].value", "true"): Verify element property value successfully

2023-10-18 16:29:43 - [MESSAGE][PASSED] - Verify element property value successfully

2023-10-18 16:29:43 - [TEST_STEP][PASSED] - verifyElementPropertyValue(getResponse, "groups[0].pricingPlans[2].visualElements[8].key", "show_tag"): Verify element property value successfully

2023-10-18 16:29:43 - [MESSAGE][PASSED] - Verify element property value successfully

2023-10-18 16:29:43 - [TEST_STEP][PASSED] - verifyElementPropertyValue(getResponse, "groups[0].pricingPlans[2].visualElements[8].value", "true"): Verify element property value successfully

2023-10-18 16:29:43 - [MESSAGE][PASSED] - Verify element property value successfully

2023-10-18 16:29:43 - [TEST_STEP][PASSED] - verifyElementPropertyValue(getResponse, "groups[0].pricingPlans[2].visualElements[10].key", "price"): Verify element property value successfully

2023-10-18 16:29:43 - [MESSAGE][PASSED] - Verify element property value successfully

2023-10-18 16:29:43 - [TEST_STEP][PASSED] - verifyElementPropertyValue(getResponse, "groups[0].pricingPlans[2].visualElements[10].value", "56.99"): Verify element property value successfully

2023-10-18 16:29:43 - [MESSAGE][PASSED] - Verify element property value successfully

2023-10-18 16:29:43 - [TEST_STEP][PASSED] - verifyElementPropertyValue(getResponse, "groups[0].pricingPlans[2].visualElements[11].key", "currency"): Verify element property value successfully

2023-10-18 16:29:43 - [MESSAGE][PASSED] - Verify element property value successfully

2023-10-18 16:29:43 - [TEST_STEP][PASSED] - verifyElementPropertyValue(getResponse, "groups[0].pricingPlans[2].visualElements[11].value", "KWD"): Verify element property value successfully

2023-10-18 16:29:43 - [MESSAGE][PASSED] - Verify element property value successfully

2023-10-18 16:29:43 - [TEST_STEP][PASSED] - verifyElementPropertyValue(getResponse, "groups[0].pricingPlans[2].visualElements[12].key", "duration"): Verify element property value successfully

2023-10-18 16:29:43 - [MESSAGE][PASSED] - Verify element property value successfully

2023-10-18 16:29:43 - [TEST_STEP][PASSED] - verifyElementPropertyValue(getResponse, "groups[0].pricingPlans[2].visualElements[12].value", "yearly"): Verify element property value successfully

2023-10-18 16:29:43 - [MESSAGE][PASSED] - Verify element property value successfully

2023-10-18 16:29:43 - [TEST_STEP][PASSED] - verifyElementPropertyValue(getResponse, "groups[0].pricingPlans[2].order", "5"): Verify element property value successfully

2023-10-18 16:29:43 - [MESSAGE][PASSED] - Verify element property value successfully

2023-10-18 16:29:43 - [TEST_STEP][PASSED] - verifyElementPropertyValue(getResponse, "groups[0].pricingPlans[2].period", "yearly"): Verify element property value successfully

2023-10-18 16:29:43 - [MESSAGE][PASSED] - Verify element property value successfully

2023-10-18 16:29:43 - [TEST_STEP][PASSED] - verifyElementPropertyValue(getResponse, "groups[0].pricingPlans[2].price", "56.99"): Verify element property value successfully

2023-10-18 16:29:43 - [MESSAGE][PASSED] - Verify element property value successfully

2023-10-18 16:29:43 - [TEST_STEP][PASSED] - verifyElementPropertyValue(getResponse, "groups[0].pricingPlans[2].currency", "KWD"): Verify element property value successfully

2023-10-18 16:29:43 - [MESSAGE][PASSED] - Verify element property value successfully

2023-10-18 16:29:43 - [TEST_STEP][PASSED] - verifyElementPropertyValue(getResponse, "groups[0].pricingPlans[2].pricingPlanData[0].productId", "KWT_B2C_SHAHID_VIP_SPORT_12M"): Verify element property value successfully

2023-10-18 16:29:43 - [MESSAGE][PASSED] - Verify element property value successfully

2023-10-18 16:29:43 - [TEST_STEP][PASSED] - verifyElementPropertyValue(getResponse, "groups[0].pricingPlans[2].pricingPlanData[0].subPricingPlanIds", "[net.shahid.yearly.vipsports]"): Verify element property value successfully

2023-10-18 16:29:43 - [MESSAGE][PASSED] - Verify element property value successfully

2023-10-18 16:29:43 - [TEST_STEP][PASSED] - verifyElementPropertyValue(getResponse, "groups[0].pricingPlans[2].pricingPlanData[0].paymentMethod", "GOOGLE_IAP"): Verify element property value successfully

2023-10-18 16:29:43 - [MESSAGE][PASSED] - Verify element property value successfully

2023-10-18 16:29:43 - [TEST_STEP][PASSED] - verifyElementPropertyValue(getResponse, "groups[0].pricingPlans[2].pricingPlanData[0].freeTrialEnabled", "false"): Verify element property value successfully

2023-10-18 16:29:43 - [MESSAGE][PASSED] - Verify element property value successfully

2023-10-18 16:29:43 - [TEST_STEP][PASSED] - verifyElementPropertyValue(getResponse, "groups[0].pricingPlans[2].pricingPlanData[0].visualElements[1].key", "CTA_text"): Verify element property value successfully

2023-10-18 16:29:43 - [MESSAGE][PASSED] - Verify element property value successfully

2023-10-18 16:29:43 - [TEST_STEP][PASSED] - verifyElementPropertyValue(getResponse, "groups[0].pricingPlans[2].pricingPlanData[0].visualElements[1].value", "Subscribe"): Verify element property value successfully

2023-10-18 16:29:43 - [MESSAGE][PASSED] - Verify element property value successfully

2023-10-18 16:29:43 - [TEST_STEP][PASSED] - verifyElementPropertyValue(getResponse, "groups[0].pricingPlans[2].pricingPlanData[0].visualElements[2].key", "logo"): Verify element property value successfully

2023-10-18 16:29:43 - [MESSAGE][PASSED] - Verify element property value successfully

2023-10-18 16:29:43 - [TEST_STEP][PASSED] - verifyElementPropertyValue(getResponse, "groups[0].pricingPlans[2].pricingPlanData[0].visualElements[2].value", "google"): Verify element property value successfully

2023-10-18 16:29:43 - [MESSAGE][PASSED] - Verify element property value successfully

2023-10-18 16:29:43 - [TEST_STEP][PASSED] - verifyElementPropertyValue(getResponse, "groups[0].pricingPlans[2].pricingPlanData[0].priceLabel", "56.99"): Verify element property value successfully

2023-10-18 16:29:43 - [MESSAGE][PASSED] - Verify element property value successfully

2023-10-18 16:29:43 - [TEST_STEP][PASSED] - verifyElementPropertyValue(getResponse, "groups[0].pricingPlans[2].pricingPlanData[0].currencyLabel", "KWD"): Verify element property value successfully

2023-10-18 16:29:43 - [MESSAGE][PASSED] - Verify element property value successfully

2023-10-18 16:29:43 - [TEST_STEP][PASSED] - verifyElementPropertyValue(getResponse, "groups[0].pricingPlans[2].pricingPlanData[0].allowedForAcquisition", "true"): Verify element property value successfully

2023-10-18 16:29:43 - [MESSAGE][PASSED] - Verify element property value successfully

2023-10-18 16:29:43 - [TEST_STEP][PASSED] - verifyElementPropertyValue(getResponse, "visualElements[0].key", "main_CTA_text_1"): Verify element property value successfully

2023-10-18 16:29:43 - [MESSAGE][PASSED] - Verify element property value successfully

2023-10-18 16:29:43 - [TEST_STEP][PASSED] - verifyElementPropertyValue(getResponse, "visualElements[0].value", "Watch the most powerful series and movies exclusively without stopping"): Verify element property value successfully

2023-10-18 16:29:43 - [MESSAGE][PASSED] - Verify element property value successfully

2023-10-18 16:29:43 - [TEST_STEP][PASSED] - verifyElementPropertyValue(getResponse, "visualElements[2].key", "main_disclaimer_text"): Verify element property value successfully

2023-10-18 16:29:43 - [MESSAGE][PASSED] - Verify element property value successfully

2023-10-18 16:29:43 - [TEST_STEP][PASSED] - verifyElementPropertyValue(getResponse, "visualElements[2].value", "This offer is not valid for users previously subscribed through Google Play. Subscription fees may vary depending on the country, payment method, subscription package, added tax, currency conversion factor, and bank fees. Terms and conditions apply."): Verify element property value successfully

2023-10-18 16:29:43 - [MESSAGE][PASSED] - Verify element property value successfully

2023-10-18 16:29:43 - [TEST_STEP][PASSED] - verifyElementPropertyValue(getResponse, "visualElements[4].key", "display_type"): Verify element property value successfully

2023-10-18 16:29:43 - [MESSAGE][PASSED] - Verify element property value successfully

2023-10-18 16:29:43 - [TEST_STEP][PASSED] - verifyElementPropertyValue(getResponse, "visualElements[4].value", "vertical"): Verify element property value successfully

2023-10-18 16:29:43 - [MESSAGE][PASSED] - Verify element property value successfully

2023-10-18 16:29:43 - [TEST_STEP][PASSED] - verifyElementPropertyValue(getResponse, "defaultPackageId", "SHAHID_VIP"): Verify element property value successfully

2023-10-18 16:29:43 - [MESSAGE][PASSED] - Verify element property value successfully]]></system-out>
         <system-err><![CDATA[2023-10-18 16:29:38 - [TEST_CASE][FAILED] - Test Cases/ANDROID/KWT PI/ANDROID_EN_getSubscriptionConfigForKWT_SPORT: Test Cases/ANDROID/KWT PI/ANDROID_EN_getSubscriptionConfigForKWT_SPORT FAILED.
Reason:
com.kms.katalon.core.exception.StepFailedException: Expected element property value '30% Discount Offer' is not equal with actual property value '30% Discount Offer​'
	at com.kms.katalon.core.keyword.internal.KeywordMain.stepFailed(KeywordMain.groovy:39)
	at com.kms.katalon.core.webservice.keyword.builtin.VerifyElementPropertyValueKeyword$_verifyElementPropertyValue_closure1.doCall(VerifyElementPropertyValueKeyword.groovy:56)
	at com.kms.katalon.core.webservice.keyword.builtin.VerifyElementPropertyValueKeyword$_verifyElementPropertyValue_closure1.call(VerifyElementPropertyValueKeyword.groovy)
	at com.kms.katalon.core.keyword.internal.KeywordMain.runKeyword(KeywordMain.groovy:75)
	at com.kms.katalon.core.webservice.keyword.builtin.VerifyElementPropertyValueKeyword.verifyElementPropertyValue(VerifyElementPropertyValueKeyword.groovy:48)
	at com.kms.katalon.core.webservice.keyword.builtin.VerifyElementPropertyValueKeyword.execute(VerifyElementPropertyValueKeyword.groovy:43)
	at com.kms.katalon.core.keyword.internal.KeywordExecutor.executeKeywordForPlatform(KeywordExecutor.groovy:74)
	at com.kms.katalon.core.webservice.keyword.WSBuiltInKeywords.verifyElementPropertyValue(WSBuiltInKeywords.groovy:190)
	at com.kms.katalon.core.webservice.keyword.WSBuiltInKeywords$verifyElementPropertyValue$1.call(Unknown Source)
	at ANDROID_EN_getSubscriptionConfigForKWT_SPORT.run(ANDROID_EN_getSubscriptionConfigForKWT_SPORT:60)
	at com.kms.katalon.core.main.ScriptEngine.run(ScriptEngine.java:194)
	at com.kms.katalon.core.main.ScriptEngine.runScriptAsRawText(ScriptEngine.java:119)
	at com.kms.katalon.core.main.TestCaseExecutor.runScript(TestCaseExecutor.java:448)
	at com.kms.katalon.core.main.TestCaseExecutor.doExecute(TestCaseExecutor.java:439)
	at com.kms.katalon.core.main.TestCaseExecutor.processExecutionPhase(TestCaseExecutor.java:418)
	at com.kms.katalon.core.main.TestCaseExecutor.accessMainPhase(TestCaseExecutor.java:410)
	at com.kms.katalon.core.main.TestCaseExecutor.execute(TestCaseExecutor.java:285)
	at com.kms.katalon.core.common.CommonExecutor.accessTestCaseMainPhase(CommonExecutor.java:65)
	at com.kms.katalon.core.main.TestSuiteExecutor.accessTestSuiteMainPhase(TestSuiteExecutor.java:148)
	at com.kms.katalon.core.main.TestSuiteExecutor.execute(TestSuiteExecutor.java:106)
	at com.kms.katalon.core.main.TestCaseMain.startTestSuite(TestCaseMain.java:187)
	at com.kms.katalon.core.main.TestCaseMain$startTestSuite$0.call(Unknown Source)
	at TempTestSuite1697635146473.run(TempTestSuite1697635146473.groovy:36)]]></system-err>
      </testcase>
      <testcase name="Test Cases/ANDROID/KWT PI/ANDROID_EN_getSubscriptionConfigForKWT_GEA" time="1.774" classname="Test Cases/ANDROID/KWT PI/ANDROID_EN_getSubscriptionConfigForKWT_GEA" status="PASSED">
         <system-out><![CDATA[2023-10-18 16:29:43 - [TEST_CASE][PASSED] - Test Cases/ANDROID/KWT PI/ANDROID_EN_getSubscriptionConfigForKWT_GEA: Test Cases/ANDROID/KWT PI/ANDROID_EN_getSubscriptionConfigForKWT_GEA

2023-10-18 16:29:43 - [TEST_STEP][PASSED] - getResponse = config_files.getConfigFile.getConfig("ANDROID_APP", "EN", "SHAHID_VIP_GEA", "KW", "false"): config_files.getConfigFile.getConfig is PASSED

2023-10-18 16:29:44 - [MESSAGE][INFO] - HAR: /Users/admin/git/shahid-configuration/Reports/20231018_161841/Android/KWT PI/20231018_161906/requests/main/1.har

2023-10-18 16:29:44 - [MESSAGE][PASSED] - Send request successfully

2023-10-18 16:29:44 - [MESSAGE][PASSED] - config_files.getConfigFile.getConfig is PASSED

2023-10-18 16:29:44 - [TEST_STEP][PASSED] - verifyResponseStatusCode(getResponse, 200): Verify response status code successfully

2023-10-18 16:29:44 - [MESSAGE][PASSED] - Verify response status code successfully

2023-10-18 16:29:44 - [TEST_STEP][PASSED] - verifyElementPropertyValue(getResponse, "country", "KWT"): Verify element property value successfully

2023-10-18 16:29:44 - [MESSAGE][PASSED] - Verify element property value successfully

2023-10-18 16:29:44 - [TEST_STEP][PASSED] - verifyElementPropertyValue(getResponse, "platform", "[ANDROID_APP]"): Verify element property value successfully

2023-10-18 16:29:44 - [MESSAGE][PASSED] - Verify element property value successfully

2023-10-18 16:29:44 - [TEST_STEP][PASSED] - verifyElementPropertyValue(getResponse, "groups[0].pricingPlans[0].featured", "true"): Verify element property value successfully

2023-10-18 16:29:44 - [MESSAGE][PASSED] - Verify element property value successfully

2023-10-18 16:29:44 - [TEST_STEP][PASSED] - verifyElementPropertyValue(getResponse, "groups[0].pricingPlans[0].packageId", "SHAHID_VIP_GEA"): Verify element property value successfully

2023-10-18 16:29:44 - [MESSAGE][PASSED] - Verify element property value successfully

2023-10-18 16:29:44 - [TEST_STEP][PASSED] - verifyElementPropertyValue(getResponse, "groups[0].pricingPlans[0].catalogId", "GEA"): Verify element property value successfully

2023-10-18 16:29:44 - [MESSAGE][PASSED] - Verify element property value successfully

2023-10-18 16:29:44 - [TEST_STEP][PASSED] - verifyElementPropertyValue(getResponse, "groups[0].pricingPlans[0].visualElements[0].key", "Header_1_text"): Verify element property value successfully

2023-10-18 16:29:44 - [MESSAGE][PASSED] - Verify element property value successfully

2023-10-18 16:29:44 - [TEST_STEP][PASSED] - verifyElementPropertyValue(getResponse, "groups[0].pricingPlans[0].visualElements[0].value", "Watch the most powerful series and movies exclusively without stopping"): Verify element property value successfully

2023-10-18 16:29:44 - [MESSAGE][PASSED] - Verify element property value successfully

2023-10-18 16:29:44 - [TEST_STEP][PASSED] - verifyElementPropertyValue(getResponse, "groups[0].pricingPlans[0].visualElements[1].key", "display_title"): Verify element property value successfully

2023-10-18 16:29:44 - [MESSAGE][PASSED] - Verify element property value successfully

2023-10-18 16:29:44 - [TEST_STEP][PASSED] - verifyElementPropertyValue(getResponse, "groups[0].pricingPlans[0].visualElements[1].value", "Monthly Plan"): Verify element property value successfully

2023-10-18 16:29:44 - [MESSAGE][PASSED] - Verify element property value successfully

2023-10-18 16:29:44 - [TEST_STEP][PASSED] - verifyElementPropertyValue(getResponse, "groups[0].pricingPlans[0].visualElements[3].key", "promo_text"): Verify element property value successfully

2023-10-18 16:29:44 - [MESSAGE][PASSED] - Verify element property value successfully

2023-10-18 16:29:44 - [TEST_STEP][PASSED] - verifyElementPropertyValue(getResponse, "groups[0].pricingPlans[0].visualElements[3].value", "4.09 KWD / month"): Verify element property value successfully

2023-10-18 16:29:44 - [MESSAGE][PASSED] - Verify element property value successfully

2023-10-18 16:29:44 - [TEST_STEP][PASSED] - verifyElementPropertyValue(getResponse, "groups[0].pricingPlans[0].visualElements[4].key", "deduction_text"): Verify element property value successfully

2023-10-18 16:29:44 - [MESSAGE][PASSED] - Verify element property value successfully

2023-10-18 16:29:44 - [TEST_STEP][PASSED] - verifyElementPropertyValue(getResponse, "groups[0].pricingPlans[0].visualElements[4].value", "billed every month"): Verify element property value successfully

2023-10-18 16:29:44 - [MESSAGE][PASSED] - Verify element property value successfully

2023-10-18 16:29:44 - [TEST_STEP][PASSED] - verifyElementPropertyValue(getResponse, "groups[0].pricingPlans[0].visualElements[7].key", "show_payment_logo"): Verify element property value successfully

2023-10-18 16:29:44 - [MESSAGE][PASSED] - Verify element property value successfully

2023-10-18 16:29:44 - [TEST_STEP][PASSED] - verifyElementPropertyValue(getResponse, "groups[0].pricingPlans[0].visualElements[7].value", "true"): Verify element property value successfully

2023-10-18 16:29:44 - [MESSAGE][PASSED] - Verify element property value successfully

2023-10-18 16:29:44 - [TEST_STEP][PASSED] - verifyElementPropertyValue(getResponse, "groups[0].pricingPlans[0].visualElements[8].key", "show_tag"): Verify element property value successfully

2023-10-18 16:29:44 - [MESSAGE][PASSED] - Verify element property value successfully

2023-10-18 16:29:44 - [TEST_STEP][PASSED] - verifyElementPropertyValue(getResponse, "groups[0].pricingPlans[0].visualElements[8].value", "false"): Verify element property value successfully

2023-10-18 16:29:44 - [MESSAGE][PASSED] - Verify element property value successfully

2023-10-18 16:29:44 - [TEST_STEP][PASSED] - verifyElementPropertyValue(getResponse, "groups[0].pricingPlans[0].visualElements[10].key", "price"): Verify element property value successfully

2023-10-18 16:29:44 - [MESSAGE][PASSED] - Verify element property value successfully

2023-10-18 16:29:44 - [TEST_STEP][PASSED] - verifyElementPropertyValue(getResponse, "groups[0].pricingPlans[0].visualElements[10].value", "4.09"): Verify element property value successfully

2023-10-18 16:29:44 - [MESSAGE][PASSED] - Verify element property value successfully

2023-10-18 16:29:44 - [TEST_STEP][PASSED] - verifyElementPropertyValue(getResponse, "groups[0].pricingPlans[0].visualElements[11].key", "currency"): Verify element property value successfully

2023-10-18 16:29:44 - [MESSAGE][PASSED] - Verify element property value successfully

2023-10-18 16:29:44 - [TEST_STEP][PASSED] - verifyElementPropertyValue(getResponse, "groups[0].pricingPlans[0].visualElements[11].value", "KWD"): Verify element property value successfully

2023-10-18 16:29:44 - [MESSAGE][PASSED] - Verify element property value successfully

2023-10-18 16:29:44 - [TEST_STEP][PASSED] - verifyElementPropertyValue(getResponse, "groups[0].pricingPlans[0].visualElements[12].key", "duration"): Verify element property value successfully

2023-10-18 16:29:44 - [MESSAGE][PASSED] - Verify element property value successfully

2023-10-18 16:29:44 - [TEST_STEP][PASSED] - verifyElementPropertyValue(getResponse, "groups[0].pricingPlans[0].visualElements[12].value", "Monthly"): Verify element property value successfully

2023-10-18 16:29:45 - [MESSAGE][PASSED] - Verify element property value successfully

2023-10-18 16:29:45 - [TEST_STEP][PASSED] - verifyElementPropertyValue(getResponse, "groups[0].pricingPlans[0].visualElements[13].key", "featured_tag_text"): Verify element property value successfully

2023-10-18 16:29:45 - [MESSAGE][PASSED] - Verify element property value successfully

2023-10-18 16:29:45 - [TEST_STEP][PASSED] - verifyElementPropertyValue(getResponse, "groups[0].pricingPlans[0].visualElements[13].value", "Most popular"): Verify element property value successfully

2023-10-18 16:29:45 - [MESSAGE][PASSED] - Verify element property value successfully

2023-10-18 16:29:45 - [TEST_STEP][PASSED] - verifyElementPropertyValue(getResponse, "groups[0].pricingPlans[0].order", "6"): Verify element property value successfully

2023-10-18 16:29:45 - [MESSAGE][PASSED] - Verify element property value successfully

2023-10-18 16:29:45 - [TEST_STEP][PASSED] - verifyElementPropertyValue(getResponse, "groups[0].pricingPlans[0].period", "monthly"): Verify element property value successfully

2023-10-18 16:29:45 - [MESSAGE][PASSED] - Verify element property value successfully

2023-10-18 16:29:45 - [TEST_STEP][PASSED] - verifyElementPropertyValue(getResponse, "groups[0].pricingPlans[0].price", "4.09"): Verify element property value successfully

2023-10-18 16:29:45 - [MESSAGE][PASSED] - Verify element property value successfully

2023-10-18 16:29:45 - [TEST_STEP][PASSED] - verifyElementPropertyValue(getResponse, "groups[0].pricingPlans[0].currency", "KWD"): Verify element property value successfully

2023-10-18 16:29:45 - [MESSAGE][PASSED] - Verify element property value successfully

2023-10-18 16:29:45 - [TEST_STEP][PASSED] - verifyElementPropertyValue(getResponse, "groups[0].pricingPlans[0].pricingPlanData[0].productId", "KWT_B2C_SHAHID_VIP_GEA_1M"): Verify element property value successfully

2023-10-18 16:29:45 - [MESSAGE][PASSED] - Verify element property value successfully

2023-10-18 16:29:45 - [TEST_STEP][PASSED] - verifyElementPropertyValue(getResponse, "groups[0].pricingPlans[0].pricingPlanData[0].subPricingPlanIds", "[net.shahid.monthly.gea]"): Verify element property value successfully

2023-10-18 16:29:45 - [MESSAGE][PASSED] - Verify element property value successfully

2023-10-18 16:29:45 - [TEST_STEP][PASSED] - verifyElementPropertyValue(getResponse, "groups[0].pricingPlans[0].pricingPlanData[0].paymentMethod", "GOOGLE_IAP"): Verify element property value successfully

2023-10-18 16:29:45 - [MESSAGE][PASSED] - Verify element property value successfully

2023-10-18 16:29:45 - [TEST_STEP][PASSED] - verifyElementPropertyValue(getResponse, "groups[0].pricingPlans[0].pricingPlanData[0].freeTrialEnabled", "false"): Verify element property value successfully

2023-10-18 16:29:45 - [MESSAGE][PASSED] - Verify element property value successfully

2023-10-18 16:29:45 - [TEST_STEP][PASSED] - verifyElementPropertyValue(getResponse, "groups[0].pricingPlans[0].pricingPlanData[0].visualElements[1].key", "CTA_text"): Verify element property value successfully

2023-10-18 16:29:45 - [MESSAGE][PASSED] - Verify element property value successfully

2023-10-18 16:29:45 - [TEST_STEP][PASSED] - verifyElementPropertyValue(getResponse, "groups[0].pricingPlans[0].pricingPlanData[0].visualElements[1].value", "Subscribe"): Verify element property value successfully

2023-10-18 16:29:45 - [MESSAGE][PASSED] - Verify element property value successfully

2023-10-18 16:29:45 - [TEST_STEP][PASSED] - verifyElementPropertyValue(getResponse, "groups[0].pricingPlans[0].pricingPlanData[0].visualElements[2].key", "logo"): Verify element property value successfully

2023-10-18 16:29:45 - [MESSAGE][PASSED] - Verify element property value successfully

2023-10-18 16:29:45 - [TEST_STEP][PASSED] - verifyElementPropertyValue(getResponse, "groups[0].pricingPlans[0].pricingPlanData[0].visualElements[2].value", "google"): Verify element property value successfully

2023-10-18 16:29:45 - [MESSAGE][PASSED] - Verify element property value successfully

2023-10-18 16:29:45 - [TEST_STEP][PASSED] - verifyElementPropertyValue(getResponse, "groups[0].pricingPlans[0].pricingPlanData[0].priceLabel", "4.09"): Verify element property value successfully

2023-10-18 16:29:45 - [MESSAGE][PASSED] - Verify element property value successfully

2023-10-18 16:29:45 - [TEST_STEP][PASSED] - verifyElementPropertyValue(getResponse, "groups[0].pricingPlans[0].pricingPlanData[0].currencyLabel", "KWD"): Verify element property value successfully

2023-10-18 16:29:45 - [MESSAGE][PASSED] - Verify element property value successfully

2023-10-18 16:29:45 - [TEST_STEP][PASSED] - verifyElementPropertyValue(getResponse, "groups[0].pricingPlans[2].featured", "false"): Verify element property value successfully

2023-10-18 16:29:45 - [MESSAGE][PASSED] - Verify element property value successfully

2023-10-18 16:29:45 - [TEST_STEP][PASSED] - verifyElementPropertyValue(getResponse, "groups[0].pricingPlans[2].packageId", "SHAHID_VIP_GEA"): Verify element property value successfully

2023-10-18 16:29:45 - [MESSAGE][PASSED] - Verify element property value successfully

2023-10-18 16:29:45 - [TEST_STEP][PASSED] - verifyElementPropertyValue(getResponse, "groups[0].pricingPlans[2].catalogId", "GEA"): Verify element property value successfully

2023-10-18 16:29:45 - [MESSAGE][PASSED] - Verify element property value successfully

2023-10-18 16:29:45 - [TEST_STEP][PASSED] - verifyElementPropertyValue(getResponse, "groups[0].pricingPlans[2].visualElements[0].key", "Header_1_text"): Verify element property value successfully

2023-10-18 16:29:45 - [MESSAGE][PASSED] - Verify element property value successfully

2023-10-18 16:29:45 - [TEST_STEP][PASSED] - verifyElementPropertyValue(getResponse, "groups[0].pricingPlans[2].visualElements[0].value", "Watch the most powerful series and movies exclusively without stopping"): Verify element property value successfully

2023-10-18 16:29:45 - [MESSAGE][PASSED] - Verify element property value successfully

2023-10-18 16:29:45 - [TEST_STEP][PASSED] - verifyElementPropertyValue(getResponse, "groups[0].pricingPlans[2].visualElements[1].key", "display_title"): Verify element property value successfully

2023-10-18 16:29:45 - [MESSAGE][PASSED] - Verify element property value successfully

2023-10-18 16:29:45 - [TEST_STEP][PASSED] - verifyElementPropertyValue(getResponse, "groups[0].pricingPlans[2].visualElements[1].value", "Annual Plan"): Verify element property value successfully

2023-10-18 16:29:45 - [MESSAGE][PASSED] - Verify element property value successfully

2023-10-18 16:29:45 - [TEST_STEP][PASSED] - verifyElementPropertyValue(getResponse, "groups[0].pricingPlans[2].visualElements[2].key", "tag_text"): Verify element property value successfully

2023-10-18 16:29:45 - [MESSAGE][PASSED] - Verify element property value successfully

2023-10-18 16:29:45 - [TEST_STEP][PASSED] - verifyElementPropertyValue(getResponse, "groups[0].pricingPlans[2].visualElements[2].value", "Save 24%"): Verify element property value successfully

2023-10-18 16:29:45 - [MESSAGE][PASSED] - Verify element property value successfully

2023-10-18 16:29:45 - [TEST_STEP][PASSED] - verifyElementPropertyValue(getResponse, "groups[0].pricingPlans[2].visualElements[3].key", "promo_text"): Verify element property value successfully

2023-10-18 16:29:45 - [MESSAGE][PASSED] - Verify element property value successfully

2023-10-18 16:29:45 - [TEST_STEP][PASSED] - verifyElementPropertyValue(getResponse, "groups[0].pricingPlans[2].visualElements[3].value", "3.11 KWD / month"): Verify element property value successfully

2023-10-18 16:29:45 - [MESSAGE][PASSED] - Verify element property value successfully

2023-10-18 16:29:45 - [TEST_STEP][PASSED] - verifyElementPropertyValue(getResponse, "groups[0].pricingPlans[2].visualElements[4].key", "deduction_text"): Verify element property value successfully

2023-10-18 16:29:45 - [MESSAGE][PASSED] - Verify element property value successfully

2023-10-18 16:29:45 - [TEST_STEP][PASSED] - verifyElementPropertyValue(getResponse, "groups[0].pricingPlans[2].visualElements[4].value", "37.39 KWD billed every year"): Verify element property value successfully

2023-10-18 16:29:45 - [MESSAGE][PASSED] - Verify element property value successfully

2023-10-18 16:29:45 - [TEST_STEP][PASSED] - verifyElementPropertyValue(getResponse, "groups[0].pricingPlans[2].visualElements[7].key", "show_payment_logo"): Verify element property value successfully

2023-10-18 16:29:45 - [MESSAGE][PASSED] - Verify element property value successfully

2023-10-18 16:29:45 - [TEST_STEP][PASSED] - verifyElementPropertyValue(getResponse, "groups[0].pricingPlans[2].visualElements[7].value", "true"): Verify element property value successfully

2023-10-18 16:29:45 - [MESSAGE][PASSED] - Verify element property value successfully

2023-10-18 16:29:45 - [TEST_STEP][PASSED] - verifyElementPropertyValue(getResponse, "groups[0].pricingPlans[2].visualElements[8].key", "show_tag"): Verify element property value successfully

2023-10-18 16:29:45 - [MESSAGE][PASSED] - Verify element property value successfully

2023-10-18 16:29:45 - [TEST_STEP][PASSED] - verifyElementPropertyValue(getResponse, "groups[0].pricingPlans[2].visualElements[8].value", "true"): Verify element property value successfully

2023-10-18 16:29:45 - [MESSAGE][PASSED] - Verify element property value successfully

2023-10-18 16:29:45 - [TEST_STEP][PASSED] - verifyElementPropertyValue(getResponse, "groups[0].pricingPlans[2].visualElements[10].key", "price"): Verify element property value successfully

2023-10-18 16:29:45 - [MESSAGE][PASSED] - Verify element property value successfully

2023-10-18 16:29:45 - [TEST_STEP][PASSED] - verifyElementPropertyValue(getResponse, "groups[0].pricingPlans[2].visualElements[10].value", "37.39"): Verify element property value successfully

2023-10-18 16:29:45 - [MESSAGE][PASSED] - Verify element property value successfully

2023-10-18 16:29:45 - [TEST_STEP][PASSED] - verifyElementPropertyValue(getResponse, "groups[0].pricingPlans[2].visualElements[11].key", "currency"): Verify element property value successfully

2023-10-18 16:29:45 - [MESSAGE][PASSED] - Verify element property value successfully

2023-10-18 16:29:45 - [TEST_STEP][PASSED] - verifyElementPropertyValue(getResponse, "groups[0].pricingPlans[2].visualElements[11].value", "KWD"): Verify element property value successfully

2023-10-18 16:29:45 - [MESSAGE][PASSED] - Verify element property value successfully

2023-10-18 16:29:45 - [TEST_STEP][PASSED] - verifyElementPropertyValue(getResponse, "groups[0].pricingPlans[2].visualElements[12].key", "duration"): Verify element property value successfully

2023-10-18 16:29:45 - [MESSAGE][PASSED] - Verify element property value successfully

2023-10-18 16:29:45 - [TEST_STEP][PASSED] - verifyElementPropertyValue(getResponse, "groups[0].pricingPlans[2].visualElements[12].value", "yearly"): Verify element property value successfully

2023-10-18 16:29:45 - [MESSAGE][PASSED] - Verify element property value successfully

2023-10-18 16:29:45 - [TEST_STEP][PASSED] - verifyElementPropertyValue(getResponse, "groups[0].pricingPlans[2].order", "8"): Verify element property value successfully

2023-10-18 16:29:45 - [MESSAGE][PASSED] - Verify element property value successfully

2023-10-18 16:29:45 - [TEST_STEP][PASSED] - verifyElementPropertyValue(getResponse, "groups[0].pricingPlans[2].period", "yearly"): Verify element property value successfully

2023-10-18 16:29:45 - [MESSAGE][PASSED] - Verify element property value successfully

2023-10-18 16:29:45 - [TEST_STEP][PASSED] - verifyElementPropertyValue(getResponse, "groups[0].pricingPlans[2].price", "37.39"): Verify element property value successfully

2023-10-18 16:29:45 - [MESSAGE][PASSED] - Verify element property value successfully

2023-10-18 16:29:45 - [TEST_STEP][PASSED] - verifyElementPropertyValue(getResponse, "groups[0].pricingPlans[2].currency", "KWD"): Verify element property value successfully

2023-10-18 16:29:45 - [MESSAGE][PASSED] - Verify element property value successfully

2023-10-18 16:29:45 - [TEST_STEP][PASSED] - verifyElementPropertyValue(getResponse, "groups[0].pricingPlans[2].pricingPlanData[0].productId", "KWT_B2C_SHAHID_VIP_GEA_12M"): Verify element property value successfully

2023-10-18 16:29:45 - [MESSAGE][PASSED] - Verify element property value successfully

2023-10-18 16:29:45 - [TEST_STEP][PASSED] - verifyElementPropertyValue(getResponse, "groups[0].pricingPlans[2].pricingPlanData[0].subPricingPlanIds", "[net.shahid.12months.gea]"): Verify element property value successfully

2023-10-18 16:29:45 - [MESSAGE][PASSED] - Verify element property value successfully

2023-10-18 16:29:45 - [TEST_STEP][PASSED] - verifyElementPropertyValue(getResponse, "groups[0].pricingPlans[2].pricingPlanData[0].paymentMethod", "GOOGLE_IAP"): Verify element property value successfully

2023-10-18 16:29:45 - [MESSAGE][PASSED] - Verify element property value successfully

2023-10-18 16:29:45 - [TEST_STEP][PASSED] - verifyElementPropertyValue(getResponse, "groups[0].pricingPlans[2].pricingPlanData[0].freeTrialEnabled", "false"): Verify element property value successfully

2023-10-18 16:29:45 - [MESSAGE][PASSED] - Verify element property value successfully

2023-10-18 16:29:45 - [TEST_STEP][PASSED] - verifyElementPropertyValue(getResponse, "groups[0].pricingPlans[2].pricingPlanData[0].visualElements[1].key", "CTA_text"): Verify element property value successfully

2023-10-18 16:29:45 - [MESSAGE][PASSED] - Verify element property value successfully

2023-10-18 16:29:45 - [TEST_STEP][PASSED] - verifyElementPropertyValue(getResponse, "groups[0].pricingPlans[2].pricingPlanData[0].visualElements[1].value", "Subscribe"): Verify element property value successfully

2023-10-18 16:29:45 - [MESSAGE][PASSED] - Verify element property value successfully

2023-10-18 16:29:45 - [TEST_STEP][PASSED] - verifyElementPropertyValue(getResponse, "groups[0].pricingPlans[2].pricingPlanData[0].visualElements[2].key", "logo"): Verify element property value successfully

2023-10-18 16:29:45 - [MESSAGE][PASSED] - Verify element property value successfully

2023-10-18 16:29:45 - [TEST_STEP][PASSED] - verifyElementPropertyValue(getResponse, "groups[0].pricingPlans[2].pricingPlanData[0].visualElements[2].value", "google"): Verify element property value successfully

2023-10-18 16:29:45 - [MESSAGE][PASSED] - Verify element property value successfully

2023-10-18 16:29:45 - [TEST_STEP][PASSED] - verifyElementPropertyValue(getResponse, "groups[0].pricingPlans[2].pricingPlanData[0].priceLabel", "37.39"): Verify element property value successfully

2023-10-18 16:29:45 - [MESSAGE][PASSED] - Verify element property value successfully

2023-10-18 16:29:45 - [TEST_STEP][PASSED] - verifyElementPropertyValue(getResponse, "groups[0].pricingPlans[2].pricingPlanData[0].currencyLabel", "KWD"): Verify element property value successfully

2023-10-18 16:29:45 - [MESSAGE][PASSED] - Verify element property value successfully

2023-10-18 16:29:45 - [TEST_STEP][PASSED] - verifyElementPropertyValue(getResponse, "groups[0].pricingPlans[2].pricingPlanData[0].allowedForAcquisition", "true"): Verify element property value successfully

2023-10-18 16:29:45 - [MESSAGE][PASSED] - Verify element property value successfully

2023-10-18 16:29:45 - [TEST_STEP][PASSED] - verifyElementPropertyValue(getResponse, "visualElements[0].key", "main_CTA_text_1"): Verify element property value successfully

2023-10-18 16:29:45 - [MESSAGE][PASSED] - Verify element property value successfully

2023-10-18 16:29:45 - [TEST_STEP][PASSED] - verifyElementPropertyValue(getResponse, "visualElements[0].value", "Watch the most powerful series and movies exclusively without stopping"): Verify element property value successfully

2023-10-18 16:29:45 - [MESSAGE][PASSED] - Verify element property value successfully

2023-10-18 16:29:45 - [TEST_STEP][PASSED] - verifyElementPropertyValue(getResponse, "visualElements[2].key", "main_disclaimer_text"): Verify element property value successfully

2023-10-18 16:29:45 - [MESSAGE][PASSED] - Verify element property value successfully

2023-10-18 16:29:45 - [TEST_STEP][PASSED] - verifyElementPropertyValue(getResponse, "visualElements[2].value", "This offer is not valid for users previously subscribed through Google Play. Subscription fees may vary depending on the country, payment method, subscription package, added tax, currency conversion factor, and bank fees. Terms and conditions apply."): Verify element property value successfully

2023-10-18 16:29:45 - [MESSAGE][PASSED] - Verify element property value successfully

2023-10-18 16:29:45 - [TEST_STEP][PASSED] - verifyElementPropertyValue(getResponse, "visualElements[4].key", "display_type"): Verify element property value successfully

2023-10-18 16:29:45 - [MESSAGE][PASSED] - Verify element property value successfully

2023-10-18 16:29:45 - [TEST_STEP][PASSED] - verifyElementPropertyValue(getResponse, "visualElements[4].value", "vertical"): Verify element property value successfully

2023-10-18 16:29:45 - [MESSAGE][PASSED] - Verify element property value successfully

2023-10-18 16:29:45 - [TEST_STEP][PASSED] - verifyElementPropertyValue(getResponse, "defaultPackageId", "SHAHID_VIP"): Verify element property value successfully

2023-10-18 16:29:45 - [MESSAGE][PASSED] - Verify element property value successfully]]></system-out>
         <system-err><![CDATA[]]></system-err>
      </testcase>
      <testcase name="Test Cases/ANDROID/KWT PI/ANDROID_FR_getSubscriptionConfigForKWT_VIP" time="3.364" classname="Test Cases/ANDROID/KWT PI/ANDROID_FR_getSubscriptionConfigForKWT_VIP" status="FAILED">
         <failure type="FAILED" message="Test Cases/ANDROID/KWT PI/ANDROID_FR_getSubscriptionConfigForKWT_VIP FAILED.
Reason:
com.kms.katalon.core.exception.StepFailedException: Expected element property value 'Plan Annuel ' is not equal with actual property value 'Plan Annuel ​'
	at com.kms.katalon.core.keyword.internal.KeywordMain.stepFailed(KeywordMain.groovy:39)
	at com.kms.katalon.core.webservice.keyword.builtin.VerifyElementPropertyValueKeyword$_verifyElementPropertyValue_closure1.doCall(VerifyElementPropertyValueKeyword.groovy:56)
	at com.kms.katalon.core.webservice.keyword.builtin.VerifyElementPropertyValueKeyword$_verifyElementPropertyValue_closure1.call(VerifyElementPropertyValueKeyword.groovy)
	at com.kms.katalon.core.keyword.internal.KeywordMain.runKeyword(KeywordMain.groovy:75)
	at com.kms.katalon.core.webservice.keyword.builtin.VerifyElementPropertyValueKeyword.verifyElementPropertyValue(VerifyElementPropertyValueKeyword.groovy:48)
	at com.kms.katalon.core.webservice.keyword.builtin.VerifyElementPropertyValueKeyword.execute(VerifyElementPropertyValueKeyword.groovy:43)
	at com.kms.katalon.core.keyword.internal.KeywordExecutor.executeKeywordForPlatform(KeywordExecutor.groovy:74)
	at com.kms.katalon.core.webservice.keyword.WSBuiltInKeywords.verifyElementPropertyValue(WSBuiltInKeywords.groovy:190)
	at com.kms.katalon.core.webservice.keyword.WSBuiltInKeywords$verifyElementPropertyValue$1.call(Unknown Source)
	at ANDROID_FR_getSubscriptionConfigForKWT_VIP.run(ANDROID_FR_getSubscriptionConfigForKWT_VIP:241)
	at com.kms.katalon.core.main.ScriptEngine.run(ScriptEngine.java:194)
	at com.kms.katalon.core.main.ScriptEngine.runScriptAsRawText(ScriptEngine.java:119)
	at com.kms.katalon.core.main.TestCaseExecutor.runScript(TestCaseExecutor.java:448)
	at com.kms.katalon.core.main.TestCaseExecutor.doExecute(TestCaseExecutor.java:439)
	at com.kms.katalon.core.main.TestCaseExecutor.processExecutionPhase(TestCaseExecutor.java:418)
	at com.kms.katalon.core.main.TestCaseExecutor.accessMainPhase(TestCaseExecutor.java:410)
	at com.kms.katalon.core.main.TestCaseExecutor.execute(TestCaseExecutor.java:285)
	at com.kms.katalon.core.common.CommonExecutor.accessTestCaseMainPhase(CommonExecutor.java:65)
	at com.kms.katalon.core.main.TestSuiteExecutor.accessTestSuiteMainPhase(TestSuiteExecutor.java:148)
	at com.kms.katalon.core.main.TestSuiteExecutor.execute(TestSuiteExecutor.java:106)
	at com.kms.katalon.core.main.TestCaseMain.startTestSuite(TestCaseMain.java:187)
	at com.kms.katalon.core.main.TestCaseMain$startTestSuite$0.call(Unknown Source)
	at TempTestSuite1697635146473.run(TempTestSuite1697635146473.groovy:36)
"/>
         <system-out><![CDATA[2023-10-18 16:29:45 - [TEST_CASE][FAILED] - Test Cases/ANDROID/KWT PI/ANDROID_FR_getSubscriptionConfigForKWT_VIP: Test Cases/ANDROID/KWT PI/ANDROID_FR_getSubscriptionConfigForKWT_VIP FAILED.
Reason:
com.kms.katalon.core.exception.StepFailedException: Expected element property value 'Plan Annuel ' is not equal with actual property value 'Plan Annuel ​'
	at com.kms.katalon.core.keyword.internal.KeywordMain.stepFailed(KeywordMain.groovy:39)
	at com.kms.katalon.core.webservice.keyword.builtin.VerifyElementPropertyValueKeyword$_verifyElementPropertyValue_closure1.doCall(VerifyElementPropertyValueKeyword.groovy:56)
	at com.kms.katalon.core.webservice.keyword.builtin.VerifyElementPropertyValueKeyword$_verifyElementPropertyValue_closure1.call(VerifyElementPropertyValueKeyword.groovy)
	at com.kms.katalon.core.keyword.internal.KeywordMain.runKeyword(KeywordMain.groovy:75)
	at com.kms.katalon.core.webservice.keyword.builtin.VerifyElementPropertyValueKeyword.verifyElementPropertyValue(VerifyElementPropertyValueKeyword.groovy:48)
	at com.kms.katalon.core.webservice.keyword.builtin.VerifyElementPropertyValueKeyword.execute(VerifyElementPropertyValueKeyword.groovy:43)
	at com.kms.katalon.core.keyword.internal.KeywordExecutor.executeKeywordForPlatform(KeywordExecutor.groovy:74)
	at com.kms.katalon.core.webservice.keyword.WSBuiltInKeywords.verifyElementPropertyValue(WSBuiltInKeywords.groovy:190)
	at com.kms.katalon.core.webservice.keyword.WSBuiltInKeywords$verifyElementPropertyValue$1.call(Unknown Source)
	at ANDROID_FR_getSubscriptionConfigForKWT_VIP.run(ANDROID_FR_getSubscriptionConfigForKWT_VIP:241)
	at com.kms.katalon.core.main.ScriptEngine.run(ScriptEngine.java:194)
	at com.kms.katalon.core.main.ScriptEngine.runScriptAsRawText(ScriptEngine.java:119)
	at com.kms.katalon.core.main.TestCaseExecutor.runScript(TestCaseExecutor.java:448)
	at com.kms.katalon.core.main.TestCaseExecutor.doExecute(TestCaseExecutor.java:439)
	at com.kms.katalon.core.main.TestCaseExecutor.processExecutionPhase(TestCaseExecutor.java:418)
	at com.kms.katalon.core.main.TestCaseExecutor.accessMainPhase(TestCaseExecutor.java:410)
	at com.kms.katalon.core.main.TestCaseExecutor.execute(TestCaseExecutor.java:285)
	at com.kms.katalon.core.common.CommonExecutor.accessTestCaseMainPhase(CommonExecutor.java:65)
	at com.kms.katalon.core.main.TestSuiteExecutor.accessTestSuiteMainPhase(TestSuiteExecutor.java:148)
	at com.kms.katalon.core.main.TestSuiteExecutor.execute(TestSuiteExecutor.java:106)
	at com.kms.katalon.core.main.TestCaseMain.startTestSuite(TestCaseMain.java:187)
	at com.kms.katalon.core.main.TestCaseMain$startTestSuite$0.call(Unknown Source)
	at TempTestSuite1697635146473.run(TempTestSuite1697635146473.groovy:36)


2023-10-18 16:29:45 - [TEST_STEP][PASSED] - getResponse = config_files.getConfigFile.getConfig("ANDROID_APP", "FR", "SHAHID_VIP", "KW", "false"): config_files.getConfigFile.getConfig is PASSED

2023-10-18 16:29:46 - [MESSAGE][INFO] - HAR: /Users/admin/git/shahid-configuration/Reports/20231018_161841/Android/KWT PI/20231018_161906/requests/main/2.har

2023-10-18 16:29:46 - [MESSAGE][PASSED] - Send request successfully

2023-10-18 16:29:46 - [MESSAGE][PASSED] - config_files.getConfigFile.getConfig is PASSED

2023-10-18 16:29:46 - [TEST_STEP][PASSED] - verifyResponseStatusCode(getResponse, 200): Verify response status code successfully

2023-10-18 16:29:46 - [MESSAGE][PASSED] - Verify response status code successfully

2023-10-18 16:29:46 - [TEST_STEP][PASSED] - verifyElementPropertyValue(getResponse, "country", "KWT"): Verify element property value successfully

2023-10-18 16:29:46 - [MESSAGE][PASSED] - Verify element property value successfully

2023-10-18 16:29:46 - [TEST_STEP][PASSED] - verifyElementPropertyValue(getResponse, "platform", "[ANDROID_APP]"): Verify element property value successfully

2023-10-18 16:29:46 - [MESSAGE][PASSED] - Verify element property value successfully

2023-10-18 16:29:46 - [TEST_STEP][PASSED] - verifyElementPropertyValue(getResponse, "offers[0].offerId", "winback-30-offer"): Verify element property value successfully

2023-10-18 16:29:46 - [MESSAGE][PASSED] - Verify element property value successfully

2023-10-18 16:29:46 - [TEST_STEP][PASSED] - verifyElementPropertyValue(getResponse, "offers[0].offerParam", "winback30"): Verify element property value successfully

2023-10-18 16:29:46 - [MESSAGE][PASSED] - Verify element property value successfully

2023-10-18 16:29:46 - [TEST_STEP][PASSED] - verifyElementPropertyValue(getResponse, "offers[0].groups[0].pricingPlans[0].featured", "true"): Verify element property value successfully

2023-10-18 16:29:46 - [MESSAGE][PASSED] - Verify element property value successfully

2023-10-18 16:29:46 - [TEST_STEP][PASSED] - verifyElementPropertyValue(getResponse, "offers[0].groups[0].pricingPlans[0].period", "monthly"): Verify element property value successfully

2023-10-18 16:29:46 - [MESSAGE][PASSED] - Verify element property value successfully

2023-10-18 16:29:46 - [TEST_STEP][PASSED] - verifyElementPropertyValue(getResponse, "offers[0].groups[0].pricingPlans[0].featured", "true"): Verify element property value successfully

2023-10-18 16:29:46 - [MESSAGE][PASSED] - Verify element property value successfully

2023-10-18 16:29:46 - [TEST_STEP][PASSED] - verifyElementPropertyValue(getResponse, "offers[0].groups[0].pricingPlans[0].price", "2.39"): Verify element property value successfully

2023-10-18 16:29:46 - [MESSAGE][PASSED] - Verify element property value successfully

2023-10-18 16:29:46 - [TEST_STEP][PASSED] - verifyElementPropertyValue(getResponse, "offers[0].groups[0].pricingPlans[0].currency", "KWD"): Verify element property value successfully

2023-10-18 16:29:46 - [MESSAGE][PASSED] - Verify element property value successfully

2023-10-18 16:29:46 - [TEST_STEP][PASSED] - verifyElementPropertyValue(getResponse, "offers[0].groups[0].pricingPlans[0].order", "0"): Verify element property value successfully

2023-10-18 16:29:46 - [MESSAGE][PASSED] - Verify element property value successfully

2023-10-18 16:29:46 - [TEST_STEP][PASSED] - verifyElementPropertyValue(getResponse, "offers[0].groups[0].pricingPlans[0].packageId", "SHAHID_VIP"): Verify element property value successfully

2023-10-18 16:29:46 - [MESSAGE][PASSED] - Verify element property value successfully

2023-10-18 16:29:46 - [TEST_STEP][PASSED] - verifyElementPropertyValue(getResponse, "offers[0].groups[0].pricingPlans[0].catalogId", "VIP"): Verify element property value successfully

2023-10-18 16:29:46 - [MESSAGE][PASSED] - Verify element property value successfully

2023-10-18 16:29:46 - [TEST_STEP][PASSED] - verifyElementPropertyValue(getResponse, "offers[0].groups[0].pricingPlans[0].visualElements[0].key", "Header_1_text"): Verify element property value successfully

2023-10-18 16:29:46 - [MESSAGE][PASSED] - Verify element property value successfully

2023-10-18 16:29:46 - [TEST_STEP][PASSED] - verifyElementPropertyValue(getResponse, "offers[0].groups[0].pricingPlans[0].visualElements[0].value", "Abonnez-vous dès maintenant et profitez de vos programmes sans publicité"): Verify element property value successfully

2023-10-18 16:29:46 - [MESSAGE][PASSED] - Verify element property value successfully

2023-10-18 16:29:46 - [TEST_STEP][PASSED] - verifyElementPropertyValue(getResponse, "offers[0].groups[0].pricingPlans[0].visualElements[1].key", "display_title"): Verify element property value successfully

2023-10-18 16:29:46 - [MESSAGE][PASSED] - Verify element property value successfully

2023-10-18 16:29:46 - [TEST_STEP][PASSED] - verifyElementPropertyValue(getResponse, "offers[0].groups[0].pricingPlans[0].visualElements[1].value", "30% de réduction"): Verify element property value successfully

2023-10-18 16:29:46 - [MESSAGE][PASSED] - Verify element property value successfully

2023-10-18 16:29:46 - [TEST_STEP][PASSED] - verifyElementPropertyValue(getResponse, "offers[0].groups[0].pricingPlans[0].visualElements[2].key", "promo_text"): Verify element property value successfully

2023-10-18 16:29:46 - [MESSAGE][PASSED] - Verify element property value successfully

2023-10-18 16:29:46 - [TEST_STEP][PASSED] - verifyElementPropertyValue(getResponse, "offers[0].groups[0].pricingPlans[0].visualElements[3].key", "deduction_text"): Verify element property value successfully

2023-10-18 16:29:46 - [MESSAGE][PASSED] - Verify element property value successfully

2023-10-18 16:29:46 - [TEST_STEP][PASSED] - verifyElementPropertyValue(getResponse, "offers[0].groups[0].pricingPlans[0].visualElements[3].value", "facturation mensuelle"): Verify element property value successfully

2023-10-18 16:29:46 - [MESSAGE][PASSED] - Verify element property value successfully

2023-10-18 16:29:46 - [TEST_STEP][PASSED] - verifyElementPropertyValue(getResponse, "offers[0].groups[0].pricingPlans[0].visualElements[6].key", "show_payment_logo"): Verify element property value successfully

2023-10-18 16:29:46 - [MESSAGE][PASSED] - Verify element property value successfully

2023-10-18 16:29:46 - [TEST_STEP][PASSED] - verifyElementPropertyValue(getResponse, "offers[0].groups[0].pricingPlans[0].visualElements[6].value", "true"): Verify element property value successfully

2023-10-18 16:29:46 - [MESSAGE][PASSED] - Verify element property value successfully

2023-10-18 16:29:46 - [TEST_STEP][PASSED] - verifyElementPropertyValue(getResponse, "offers[0].groups[0].pricingPlans[0].visualElements[8].key", "price"): Verify element property value successfully

2023-10-18 16:29:46 - [MESSAGE][PASSED] - Verify element property value successfully

2023-10-18 16:29:46 - [TEST_STEP][PASSED] - verifyElementPropertyValue(getResponse, "offers[0].groups[0].pricingPlans[0].visualElements[8].value", "2.39"): Verify element property value successfully

2023-10-18 16:29:46 - [MESSAGE][PASSED] - Verify element property value successfully

2023-10-18 16:29:46 - [TEST_STEP][PASSED] - verifyElementPropertyValue(getResponse, "offers[0].groups[0].pricingPlans[0].visualElements[9].key", "currency"): Verify element property value successfully

2023-10-18 16:29:46 - [MESSAGE][PASSED] - Verify element property value successfully

2023-10-18 16:29:46 - [TEST_STEP][PASSED] - verifyElementPropertyValue(getResponse, "offers[0].groups[0].pricingPlans[0].visualElements[9].value", "KWD"): Verify element property value successfully

2023-10-18 16:29:46 - [MESSAGE][PASSED] - Verify element property value successfully

2023-10-18 16:29:46 - [TEST_STEP][PASSED] - verifyElementPropertyValue(getResponse, "offers[0].groups[0].pricingPlans[0].visualElements[10].key", "duration"): Verify element property value successfully

2023-10-18 16:29:46 - [MESSAGE][PASSED] - Verify element property value successfully

2023-10-18 16:29:46 - [TEST_STEP][PASSED] - verifyElementPropertyValue(getResponse, "offers[0].groups[0].pricingPlans[0].visualElements[10].value", "Mensuel"): Verify element property value successfully

2023-10-18 16:29:46 - [MESSAGE][PASSED] - Verify element property value successfully

2023-10-18 16:29:46 - [TEST_STEP][PASSED] - verifyElementPropertyValue(getResponse, "offers[0].groups[0].pricingPlans[0].visualElements[11].key", "featured_tag_text"): Verify element property value successfully

2023-10-18 16:29:46 - [MESSAGE][PASSED] - Verify element property value successfully

2023-10-18 16:29:46 - [TEST_STEP][PASSED] - verifyElementPropertyValue(getResponse, "offers[0].groups[0].pricingPlans[0].visualElements[11].value", "Offre limitée"): Verify element property value successfully

2023-10-18 16:29:46 - [MESSAGE][PASSED] - Verify element property value successfully

2023-10-18 16:29:46 - [TEST_STEP][PASSED] - verifyElementPropertyValue(getResponse, "offers[0].groups[0].pricingPlans[0].visualElements[13].key", "tag_text"): Verify element property value successfully

2023-10-18 16:29:46 - [MESSAGE][PASSED] - Verify element property value successfully

2023-10-18 16:29:46 - [TEST_STEP][PASSED] - verifyElementPropertyValue(getResponse, "offers[0].groups[0].pricingPlans[0].visualElements[13].value", "Économisez 30% "): Verify element property value successfully

2023-10-18 16:29:46 - [MESSAGE][PASSED] - Verify element property value successfully

2023-10-18 16:29:46 - [TEST_STEP][PASSED] - verifyElementPropertyValue(getResponse, "offers[0].groups[0].pricingPlans[0].visualElements[12].key", "show_tag"): Verify element property value successfully

2023-10-18 16:29:46 - [MESSAGE][PASSED] - Verify element property value successfully

2023-10-18 16:29:46 - [TEST_STEP][PASSED] - verifyElementPropertyValue(getResponse, "offers[0].groups[0].pricingPlans[0].visualElements[12].value", "true"): Verify element property value successfully

2023-10-18 16:29:46 - [MESSAGE][PASSED] - Verify element property value successfully

2023-10-18 16:29:46 - [TEST_STEP][PASSED] - verifyElementPropertyValue(getResponse, "offers[0].groups[0].pricingPlans[0].pricingPlanData[0].productId", "KWT_B2C_SHAHID_VIP_1M"): Verify element property value successfully

2023-10-18 16:29:46 - [MESSAGE][PASSED] - Verify element property value successfully

2023-10-18 16:29:46 - [TEST_STEP][PASSED] - verifyElementPropertyValue(getResponse, "offers[0].groups[0].pricingPlans[0].pricingPlanData[0].subPricingPlanIds", "[mbc.shahid.gccmonthly]"): Verify element property value successfully

2023-10-18 16:29:46 - [MESSAGE][PASSED] - Verify element property value successfully

2023-10-18 16:29:46 - [TEST_STEP][PASSED] - verifyElementPropertyValue(getResponse, "offers[0].groups[0].pricingPlans[0].pricingPlanData[0].paymentMethod", "GOOGLE_IAP"): Verify element property value successfully

2023-10-18 16:29:46 - [MESSAGE][PASSED] - Verify element property value successfully

2023-10-18 16:29:46 - [TEST_STEP][PASSED] - verifyElementPropertyValue(getResponse, "offers[0].groups[0].pricingPlans[0].pricingPlanData[0].freeTrialEnabled", "false"): Verify element property value successfully

2023-10-18 16:29:46 - [MESSAGE][PASSED] - Verify element property value successfully

2023-10-18 16:29:46 - [TEST_STEP][PASSED] - verifyElementPropertyValue(getResponse, "offers[0].groups[0].pricingPlans[0].pricingPlanData[0].priceLabel", "2.39"): Verify element property value successfully

2023-10-18 16:29:46 - [MESSAGE][PASSED] - Verify element property value successfully

2023-10-18 16:29:46 - [TEST_STEP][PASSED] - verifyElementPropertyValue(getResponse, "offers[0].groups[0].pricingPlans[0].pricingPlanData[0].currencyLabel", "KWD"): Verify element property value successfully

2023-10-18 16:29:46 - [MESSAGE][PASSED] - Verify element property value successfully

2023-10-18 16:29:46 - [TEST_STEP][PASSED] - verifyElementPropertyValue(getResponse, "offers[0].groups[0].pricingPlans[0].pricingPlanData[0].dealId", "GW_RE_30P_KWT"): Verify element property value successfully

2023-10-18 16:29:46 - [MESSAGE][PASSED] - Verify element property value successfully

2023-10-18 16:29:46 - [TEST_STEP][PASSED] - verifyElementPropertyValue(getResponse, "offers[0].groups[0].pricingPlans[0].pricingPlanData[0].allowedForAcquisition", "true"): Verify element property value successfully

2023-10-18 16:29:46 - [MESSAGE][PASSED] - Verify element property value successfully

2023-10-18 16:29:46 - [TEST_STEP][PASSED] - verifyElementPropertyValue(getResponse, "offers[0].groups[0].pricingPlans[0].pricingPlanData[0].visualElements[1].key", "CTA_text"): Verify element property value successfully

2023-10-18 16:29:46 - [MESSAGE][PASSED] - Verify element property value successfully

2023-10-18 16:29:46 - [TEST_STEP][PASSED] - verifyElementPropertyValue(getResponse, "offers[0].groups[0].pricingPlans[0].pricingPlanData[0].visualElements[1].value", "S’abonner"): Verify element property value successfully

2023-10-18 16:29:46 - [MESSAGE][PASSED] - Verify element property value successfully

2023-10-18 16:29:46 - [TEST_STEP][PASSED] - verifyElementPropertyValue(getResponse, "offers[0].groups[0].pricingPlans[0].pricingPlanData[0].visualElements[2].key", "logo"): Verify element property value successfully

2023-10-18 16:29:46 - [MESSAGE][PASSED] - Verify element property value successfully

2023-10-18 16:29:46 - [TEST_STEP][PASSED] - verifyElementPropertyValue(getResponse, "offers[0].groups[0].pricingPlans[0].pricingPlanData[0].visualElements[2].value", "google"): Verify element property value successfully

2023-10-18 16:29:46 - [MESSAGE][PASSED] - Verify element property value successfully

2023-10-18 16:29:46 - [TEST_STEP][PASSED] - verifyElementPropertyValue(getResponse, "offers[1].offerId", "winback-40-offer"): Verify element property value successfully

2023-10-18 16:29:46 - [MESSAGE][PASSED] - Verify element property value successfully

2023-10-18 16:29:46 - [TEST_STEP][PASSED] - verifyElementPropertyValue(getResponse, "offers[1].offerParam", "winback40"): Verify element property value successfully

2023-10-18 16:29:46 - [MESSAGE][PASSED] - Verify element property value successfully

2023-10-18 16:29:46 - [TEST_STEP][PASSED] - verifyElementPropertyValue(getResponse, "offers[1].groups[0].pricingPlans[0].featured", "true"): Verify element property value successfully

2023-10-18 16:29:46 - [MESSAGE][PASSED] - Verify element property value successfully

2023-10-18 16:29:46 - [TEST_STEP][PASSED] - verifyElementPropertyValue(getResponse, "offers[1].groups[0].pricingPlans[0].period", "monthly"): Verify element property value successfully

2023-10-18 16:29:46 - [MESSAGE][PASSED] - Verify element property value successfully

2023-10-18 16:29:46 - [TEST_STEP][PASSED] - verifyElementPropertyValue(getResponse, "offers[1].groups[0].pricingPlans[0].featured", "true"): Verify element property value successfully

2023-10-18 16:29:46 - [MESSAGE][PASSED] - Verify element property value successfully

2023-10-18 16:29:46 - [TEST_STEP][PASSED] - verifyElementPropertyValue(getResponse, "offers[1].groups[0].pricingPlans[0].price", "1.99"): Verify element property value successfully

2023-10-18 16:29:46 - [MESSAGE][PASSED] - Verify element property value successfully

2023-10-18 16:29:46 - [TEST_STEP][PASSED] - verifyElementPropertyValue(getResponse, "offers[1].groups[0].pricingPlans[0].currency", "KWD"): Verify element property value successfully

2023-10-18 16:29:46 - [MESSAGE][PASSED] - Verify element property value successfully

2023-10-18 16:29:46 - [TEST_STEP][PASSED] - verifyElementPropertyValue(getResponse, "offers[1].groups[0].pricingPlans[0].order", "0"): Verify element property value successfully

2023-10-18 16:29:46 - [MESSAGE][PASSED] - Verify element property value successfully

2023-10-18 16:29:46 - [TEST_STEP][PASSED] - verifyElementPropertyValue(getResponse, "offers[1].groups[0].pricingPlans[0].packageId", "SHAHID_VIP"): Verify element property value successfully

2023-10-18 16:29:46 - [MESSAGE][PASSED] - Verify element property value successfully

2023-10-18 16:29:46 - [TEST_STEP][PASSED] - verifyElementPropertyValue(getResponse, "offers[1].groups[0].pricingPlans[0].catalogId", "VIP"): Verify element property value successfully

2023-10-18 16:29:46 - [MESSAGE][PASSED] - Verify element property value successfully

2023-10-18 16:29:46 - [TEST_STEP][PASSED] - verifyElementPropertyValue(getResponse, "offers[1].groups[0].pricingPlans[0].visualElements[0].key", "Header_1_text"): Verify element property value successfully

2023-10-18 16:29:46 - [MESSAGE][PASSED] - Verify element property value successfully

2023-10-18 16:29:46 - [TEST_STEP][PASSED] - verifyElementPropertyValue(getResponse, "offers[1].groups[0].pricingPlans[0].visualElements[0].value", "Abonnez-vous dès maintenant et profitez de vos programmes sans publicité"): Verify element property value successfully

2023-10-18 16:29:46 - [MESSAGE][PASSED] - Verify element property value successfully

2023-10-18 16:29:46 - [TEST_STEP][PASSED] - verifyElementPropertyValue(getResponse, "offers[1].groups[0].pricingPlans[0].visualElements[1].key", "display_title"): Verify element property value successfully

2023-10-18 16:29:46 - [MESSAGE][PASSED] - Verify element property value successfully

2023-10-18 16:29:46 - [TEST_STEP][PASSED] - verifyElementPropertyValue(getResponse, "offers[1].groups[0].pricingPlans[0].visualElements[1].value", "40% de réduction"): Verify element property value successfully

2023-10-18 16:29:46 - [MESSAGE][PASSED] - Verify element property value successfully

2023-10-18 16:29:46 - [TEST_STEP][PASSED] - verifyElementPropertyValue(getResponse, "offers[1].groups[0].pricingPlans[0].visualElements[2].key", "promo_text"): Verify element property value successfully

2023-10-18 16:29:46 - [MESSAGE][PASSED] - Verify element property value successfully

2023-10-18 16:29:46 - [TEST_STEP][PASSED] - verifyElementPropertyValue(getResponse, "offers[1].groups[0].pricingPlans[0].visualElements[3].key", "deduction_text"): Verify element property value successfully

2023-10-18 16:29:46 - [MESSAGE][PASSED] - Verify element property value successfully

2023-10-18 16:29:46 - [TEST_STEP][PASSED] - verifyElementPropertyValue(getResponse, "offers[1].groups[0].pricingPlans[0].visualElements[3].value", "facturation mensuelle"): Verify element property value successfully

2023-10-18 16:29:47 - [MESSAGE][PASSED] - Verify element property value successfully

2023-10-18 16:29:47 - [TEST_STEP][PASSED] - verifyElementPropertyValue(getResponse, "offers[1].groups[0].pricingPlans[0].visualElements[6].key", "show_payment_logo"): Verify element property value successfully

2023-10-18 16:29:47 - [MESSAGE][PASSED] - Verify element property value successfully

2023-10-18 16:29:47 - [TEST_STEP][PASSED] - verifyElementPropertyValue(getResponse, "offers[1].groups[0].pricingPlans[0].visualElements[6].value", "true"): Verify element property value successfully

2023-10-18 16:29:47 - [MESSAGE][PASSED] - Verify element property value successfully

2023-10-18 16:29:47 - [TEST_STEP][PASSED] - verifyElementPropertyValue(getResponse, "offers[1].groups[0].pricingPlans[0].visualElements[8].key", "price"): Verify element property value successfully

2023-10-18 16:29:47 - [MESSAGE][PASSED] - Verify element property value successfully

2023-10-18 16:29:47 - [TEST_STEP][PASSED] - verifyElementPropertyValue(getResponse, "offers[1].groups[0].pricingPlans[0].visualElements[8].value", "1.99"): Verify element property value successfully

2023-10-18 16:29:47 - [MESSAGE][PASSED] - Verify element property value successfully

2023-10-18 16:29:47 - [TEST_STEP][PASSED] - verifyElementPropertyValue(getResponse, "offers[1].groups[0].pricingPlans[0].visualElements[9].key", "currency"): Verify element property value successfully

2023-10-18 16:29:47 - [MESSAGE][PASSED] - Verify element property value successfully

2023-10-18 16:29:47 - [TEST_STEP][PASSED] - verifyElementPropertyValue(getResponse, "offers[1].groups[0].pricingPlans[0].visualElements[9].value", "KWD"): Verify element property value successfully

2023-10-18 16:29:47 - [MESSAGE][PASSED] - Verify element property value successfully

2023-10-18 16:29:47 - [TEST_STEP][PASSED] - verifyElementPropertyValue(getResponse, "offers[1].groups[0].pricingPlans[0].visualElements[10].key", "duration"): Verify element property value successfully

2023-10-18 16:29:47 - [MESSAGE][PASSED] - Verify element property value successfully

2023-10-18 16:29:47 - [TEST_STEP][PASSED] - verifyElementPropertyValue(getResponse, "offers[1].groups[0].pricingPlans[0].visualElements[10].value", "Mensuel"): Verify element property value successfully

2023-10-18 16:29:47 - [MESSAGE][PASSED] - Verify element property value successfully

2023-10-18 16:29:47 - [TEST_STEP][PASSED] - verifyElementPropertyValue(getResponse, "offers[1].groups[0].pricingPlans[0].visualElements[11].key", "featured_tag_text"): Verify element property value successfully

2023-10-18 16:29:47 - [MESSAGE][PASSED] - Verify element property value successfully

2023-10-18 16:29:47 - [TEST_STEP][PASSED] - verifyElementPropertyValue(getResponse, "offers[1].groups[0].pricingPlans[0].visualElements[11].value", "Offre limitée"): Verify element property value successfully

2023-10-18 16:29:47 - [MESSAGE][PASSED] - Verify element property value successfully

2023-10-18 16:29:47 - [TEST_STEP][PASSED] - verifyElementPropertyValue(getResponse, "offers[1].groups[0].pricingPlans[0].visualElements[13].key", "tag_text"): Verify element property value successfully

2023-10-18 16:29:47 - [MESSAGE][PASSED] - Verify element property value successfully

2023-10-18 16:29:47 - [TEST_STEP][PASSED] - verifyElementPropertyValue(getResponse, "offers[1].groups[0].pricingPlans[0].visualElements[13].value", "Économisez 40% "): Verify element property value successfully

2023-10-18 16:29:47 - [MESSAGE][PASSED] - Verify element property value successfully

2023-10-18 16:29:47 - [TEST_STEP][PASSED] - verifyElementPropertyValue(getResponse, "offers[1].groups[0].pricingPlans[0].visualElements[12].key", "show_tag"): Verify element property value successfully

2023-10-18 16:29:47 - [MESSAGE][PASSED] - Verify element property value successfully

2023-10-18 16:29:47 - [TEST_STEP][PASSED] - verifyElementPropertyValue(getResponse, "offers[1].groups[0].pricingPlans[0].visualElements[12].value", "true"): Verify element property value successfully

2023-10-18 16:29:47 - [MESSAGE][PASSED] - Verify element property value successfully

2023-10-18 16:29:47 - [TEST_STEP][PASSED] - verifyElementPropertyValue(getResponse, "offers[1].groups[0].pricingPlans[0].pricingPlanData[0].productId", "KWT_B2C_SHAHID_VIP_1M"): Verify element property value successfully

2023-10-18 16:29:47 - [MESSAGE][PASSED] - Verify element property value successfully

2023-10-18 16:29:47 - [TEST_STEP][PASSED] - verifyElementPropertyValue(getResponse, "offers[1].groups[0].pricingPlans[0].pricingPlanData[0].subPricingPlanIds", "[mbc.shahid.gccmonthly]"): Verify element property value successfully

2023-10-18 16:29:47 - [MESSAGE][PASSED] - Verify element property value successfully

2023-10-18 16:29:47 - [TEST_STEP][PASSED] - verifyElementPropertyValue(getResponse, "offers[1].groups[0].pricingPlans[0].pricingPlanData[0].paymentMethod", "GOOGLE_IAP"): Verify element property value successfully

2023-10-18 16:29:47 - [MESSAGE][PASSED] - Verify element property value successfully

2023-10-18 16:29:47 - [TEST_STEP][PASSED] - verifyElementPropertyValue(getResponse, "offers[1].groups[0].pricingPlans[0].pricingPlanData[0].freeTrialEnabled", "false"): Verify element property value successfully

2023-10-18 16:29:47 - [MESSAGE][PASSED] - Verify element property value successfully

2023-10-18 16:29:47 - [TEST_STEP][PASSED] - verifyElementPropertyValue(getResponse, "offers[1].groups[0].pricingPlans[0].pricingPlanData[0].priceLabel", "1.99"): Verify element property value successfully

2023-10-18 16:29:47 - [MESSAGE][PASSED] - Verify element property value successfully

2023-10-18 16:29:47 - [TEST_STEP][PASSED] - verifyElementPropertyValue(getResponse, "offers[1].groups[0].pricingPlans[0].pricingPlanData[0].currencyLabel", "KWD"): Verify element property value successfully

2023-10-18 16:29:47 - [MESSAGE][PASSED] - Verify element property value successfully

2023-10-18 16:29:47 - [TEST_STEP][PASSED] - verifyElementPropertyValue(getResponse, "offers[1].groups[0].pricingPlans[0].pricingPlanData[0].dealId", "GW_RE_40P_KWT"): Verify element property value successfully

2023-10-18 16:29:47 - [MESSAGE][PASSED] - Verify element property value successfully

2023-10-18 16:29:47 - [TEST_STEP][PASSED] - verifyElementPropertyValue(getResponse, "offers[1].groups[0].pricingPlans[0].pricingPlanData[0].allowedForAcquisition", "true"): Verify element property value successfully

2023-10-18 16:29:47 - [MESSAGE][PASSED] - Verify element property value successfully

2023-10-18 16:29:47 - [TEST_STEP][PASSED] - verifyElementPropertyValue(getResponse, "offers[1].groups[0].pricingPlans[0].pricingPlanData[0].visualElements[1].key", "CTA_text"): Verify element property value successfully

2023-10-18 16:29:47 - [MESSAGE][PASSED] - Verify element property value successfully

2023-10-18 16:29:47 - [TEST_STEP][PASSED] - verifyElementPropertyValue(getResponse, "offers[1].groups[0].pricingPlans[0].pricingPlanData[0].visualElements[1].value", "S’abonner"): Verify element property value successfully

2023-10-18 16:29:47 - [MESSAGE][PASSED] - Verify element property value successfully

2023-10-18 16:29:47 - [TEST_STEP][PASSED] - verifyElementPropertyValue(getResponse, "offers[1].groups[0].pricingPlans[0].pricingPlanData[0].visualElements[2].key", "logo"): Verify element property value successfully

2023-10-18 16:29:47 - [MESSAGE][PASSED] - Verify element property value successfully

2023-10-18 16:29:47 - [TEST_STEP][PASSED] - verifyElementPropertyValue(getResponse, "offers[1].groups[0].pricingPlans[0].pricingPlanData[0].visualElements[2].value", "google"): Verify element property value successfully

2023-10-18 16:29:47 - [MESSAGE][PASSED] - Verify element property value successfully

2023-10-18 16:29:47 - [TEST_STEP][PASSED] - verifyElementPropertyValue(getResponse, "offers[2].offerId", "winback-50-offer"): Verify element property value successfully

2023-10-18 16:29:47 - [MESSAGE][PASSED] - Verify element property value successfully

2023-10-18 16:29:47 - [TEST_STEP][PASSED] - verifyElementPropertyValue(getResponse, "offers[2].offerParam", "winback50"): Verify element property value successfully

2023-10-18 16:29:47 - [MESSAGE][PASSED] - Verify element property value successfully

2023-10-18 16:29:47 - [TEST_STEP][PASSED] - verifyElementPropertyValue(getResponse, "offers[2].groups[0].pricingPlans[0].featured", "true"): Verify element property value successfully

2023-10-18 16:29:47 - [MESSAGE][PASSED] - Verify element property value successfully

2023-10-18 16:29:47 - [TEST_STEP][PASSED] - verifyElementPropertyValue(getResponse, "offers[2].groups[0].pricingPlans[0].period", "monthly"): Verify element property value successfully

2023-10-18 16:29:47 - [MESSAGE][PASSED] - Verify element property value successfully

2023-10-18 16:29:47 - [TEST_STEP][PASSED] - verifyElementPropertyValue(getResponse, "offers[2].groups[0].pricingPlans[0].featured", "true"): Verify element property value successfully

2023-10-18 16:29:47 - [MESSAGE][PASSED] - Verify element property value successfully

2023-10-18 16:29:47 - [TEST_STEP][PASSED] - verifyElementPropertyValue(getResponse, "offers[2].groups[0].pricingPlans[0].price", "1.69"): Verify element property value successfully

2023-10-18 16:29:47 - [MESSAGE][PASSED] - Verify element property value successfully

2023-10-18 16:29:47 - [TEST_STEP][PASSED] - verifyElementPropertyValue(getResponse, "offers[2].groups[0].pricingPlans[0].currency", "KWD"): Verify element property value successfully

2023-10-18 16:29:47 - [MESSAGE][PASSED] - Verify element property value successfully

2023-10-18 16:29:47 - [TEST_STEP][PASSED] - verifyElementPropertyValue(getResponse, "offers[2].groups[0].pricingPlans[0].order", "0"): Verify element property value successfully

2023-10-18 16:29:47 - [MESSAGE][PASSED] - Verify element property value successfully

2023-10-18 16:29:47 - [TEST_STEP][PASSED] - verifyElementPropertyValue(getResponse, "offers[2].groups[0].pricingPlans[0].packageId", "SHAHID_VIP"): Verify element property value successfully

2023-10-18 16:29:47 - [MESSAGE][PASSED] - Verify element property value successfully

2023-10-18 16:29:47 - [TEST_STEP][PASSED] - verifyElementPropertyValue(getResponse, "offers[2].groups[0].pricingPlans[0].catalogId", "VIP"): Verify element property value successfully

2023-10-18 16:29:47 - [MESSAGE][PASSED] - Verify element property value successfully

2023-10-18 16:29:47 - [TEST_STEP][PASSED] - verifyElementPropertyValue(getResponse, "offers[2].groups[0].pricingPlans[0].visualElements[0].key", "Header_1_text"): Verify element property value successfully

2023-10-18 16:29:47 - [MESSAGE][PASSED] - Verify element property value successfully

2023-10-18 16:29:47 - [TEST_STEP][PASSED] - verifyElementPropertyValue(getResponse, "offers[2].groups[0].pricingPlans[0].visualElements[0].value", "Abonnez-vous dès maintenant et profitez de vos programmes sans publicité"): Verify element property value successfully

2023-10-18 16:29:47 - [MESSAGE][PASSED] - Verify element property value successfully

2023-10-18 16:29:47 - [TEST_STEP][PASSED] - verifyElementPropertyValue(getResponse, "offers[2].groups[0].pricingPlans[0].visualElements[1].key", "display_title"): Verify element property value successfully

2023-10-18 16:29:47 - [MESSAGE][PASSED] - Verify element property value successfully

2023-10-18 16:29:47 - [TEST_STEP][PASSED] - verifyElementPropertyValue(getResponse, "offers[2].groups[0].pricingPlans[0].visualElements[1].value", "50% de réduction"): Verify element property value successfully

2023-10-18 16:29:47 - [MESSAGE][PASSED] - Verify element property value successfully

2023-10-18 16:29:47 - [TEST_STEP][PASSED] - verifyElementPropertyValue(getResponse, "offers[2].groups[0].pricingPlans[0].visualElements[2].key", "promo_text"): Verify element property value successfully

2023-10-18 16:29:47 - [MESSAGE][PASSED] - Verify element property value successfully

2023-10-18 16:29:47 - [TEST_STEP][PASSED] - verifyElementPropertyValue(getResponse, "offers[2].groups[0].pricingPlans[0].visualElements[3].key", "deduction_text"): Verify element property value successfully

2023-10-18 16:29:47 - [MESSAGE][PASSED] - Verify element property value successfully

2023-10-18 16:29:47 - [TEST_STEP][PASSED] - verifyElementPropertyValue(getResponse, "offers[2].groups[0].pricingPlans[0].visualElements[3].value", "facturation mensuelle"): Verify element property value successfully

2023-10-18 16:29:47 - [MESSAGE][PASSED] - Verify element property value successfully

2023-10-18 16:29:47 - [TEST_STEP][PASSED] - verifyElementPropertyValue(getResponse, "offers[2].groups[0].pricingPlans[0].visualElements[6].key", "show_payment_logo"): Verify element property value successfully

2023-10-18 16:29:47 - [MESSAGE][PASSED] - Verify element property value successfully

2023-10-18 16:29:47 - [TEST_STEP][PASSED] - verifyElementPropertyValue(getResponse, "offers[2].groups[0].pricingPlans[0].visualElements[6].value", "true"): Verify element property value successfully

2023-10-18 16:29:47 - [MESSAGE][PASSED] - Verify element property value successfully

2023-10-18 16:29:47 - [TEST_STEP][PASSED] - verifyElementPropertyValue(getResponse, "offers[2].groups[0].pricingPlans[0].visualElements[8].key", "price"): Verify element property value successfully

2023-10-18 16:29:47 - [MESSAGE][PASSED] - Verify element property value successfully

2023-10-18 16:29:47 - [TEST_STEP][PASSED] - verifyElementPropertyValue(getResponse, "offers[2].groups[0].pricingPlans[0].visualElements[8].value", "1.69"): Verify element property value successfully

2023-10-18 16:29:47 - [MESSAGE][PASSED] - Verify element property value successfully

2023-10-18 16:29:47 - [TEST_STEP][PASSED] - verifyElementPropertyValue(getResponse, "offers[2].groups[0].pricingPlans[0].visualElements[9].key", "currency"): Verify element property value successfully

2023-10-18 16:29:47 - [MESSAGE][PASSED] - Verify element property value successfully

2023-10-18 16:29:47 - [TEST_STEP][PASSED] - verifyElementPropertyValue(getResponse, "offers[2].groups[0].pricingPlans[0].visualElements[9].value", "KWD"): Verify element property value successfully

2023-10-18 16:29:47 - [MESSAGE][PASSED] - Verify element property value successfully

2023-10-18 16:29:47 - [TEST_STEP][PASSED] - verifyElementPropertyValue(getResponse, "offers[2].groups[0].pricingPlans[0].visualElements[10].key", "duration"): Verify element property value successfully

2023-10-18 16:29:47 - [MESSAGE][PASSED] - Verify element property value successfully

2023-10-18 16:29:47 - [TEST_STEP][PASSED] - verifyElementPropertyValue(getResponse, "offers[2].groups[0].pricingPlans[0].visualElements[10].value", "Mensuel"): Verify element property value successfully

2023-10-18 16:29:48 - [MESSAGE][PASSED] - Verify element property value successfully

2023-10-18 16:29:48 - [TEST_STEP][PASSED] - verifyElementPropertyValue(getResponse, "offers[2].groups[0].pricingPlans[0].visualElements[11].key", "featured_tag_text"): Verify element property value successfully

2023-10-18 16:29:48 - [MESSAGE][PASSED] - Verify element property value successfully

2023-10-18 16:29:48 - [TEST_STEP][PASSED] - verifyElementPropertyValue(getResponse, "offers[2].groups[0].pricingPlans[0].visualElements[11].value", "Offre limitée"): Verify element property value successfully

2023-10-18 16:29:48 - [MESSAGE][PASSED] - Verify element property value successfully

2023-10-18 16:29:48 - [TEST_STEP][PASSED] - verifyElementPropertyValue(getResponse, "offers[2].groups[0].pricingPlans[0].visualElements[13].key", "tag_text"): Verify element property value successfully

2023-10-18 16:29:48 - [MESSAGE][PASSED] - Verify element property value successfully

2023-10-18 16:29:48 - [TEST_STEP][PASSED] - verifyElementPropertyValue(getResponse, "offers[2].groups[0].pricingPlans[0].visualElements[13].value", "Économisez 50% "): Verify element property value successfully

2023-10-18 16:29:48 - [MESSAGE][PASSED] - Verify element property value successfully

2023-10-18 16:29:48 - [TEST_STEP][PASSED] - verifyElementPropertyValue(getResponse, "offers[2].groups[0].pricingPlans[0].visualElements[12].key", "show_tag"): Verify element property value successfully

2023-10-18 16:29:48 - [MESSAGE][PASSED] - Verify element property value successfully

2023-10-18 16:29:48 - [TEST_STEP][PASSED] - verifyElementPropertyValue(getResponse, "offers[2].groups[0].pricingPlans[0].visualElements[12].value", "true"): Verify element property value successfully

2023-10-18 16:29:48 - [MESSAGE][PASSED] - Verify element property value successfully

2023-10-18 16:29:48 - [TEST_STEP][PASSED] - verifyElementPropertyValue(getResponse, "offers[2].groups[0].pricingPlans[0].pricingPlanData[0].productId", "KWT_B2C_SHAHID_VIP_1M"): Verify element property value successfully

2023-10-18 16:29:48 - [MESSAGE][PASSED] - Verify element property value successfully

2023-10-18 16:29:48 - [TEST_STEP][PASSED] - verifyElementPropertyValue(getResponse, "offers[2].groups[0].pricingPlans[0].pricingPlanData[0].subPricingPlanIds", "[mbc.shahid.gccmonthly]"): Verify element property value successfully

2023-10-18 16:29:48 - [MESSAGE][PASSED] - Verify element property value successfully

2023-10-18 16:29:48 - [TEST_STEP][PASSED] - verifyElementPropertyValue(getResponse, "offers[2].groups[0].pricingPlans[0].pricingPlanData[0].paymentMethod", "GOOGLE_IAP"): Verify element property value successfully

2023-10-18 16:29:48 - [MESSAGE][PASSED] - Verify element property value successfully

2023-10-18 16:29:48 - [TEST_STEP][PASSED] - verifyElementPropertyValue(getResponse, "offers[2].groups[0].pricingPlans[0].pricingPlanData[0].freeTrialEnabled", "false"): Verify element property value successfully

2023-10-18 16:29:48 - [MESSAGE][PASSED] - Verify element property value successfully

2023-10-18 16:29:48 - [TEST_STEP][PASSED] - verifyElementPropertyValue(getResponse, "offers[2].groups[0].pricingPlans[0].pricingPlanData[0].priceLabel", "1.69"): Verify element property value successfully

2023-10-18 16:29:48 - [MESSAGE][PASSED] - Verify element property value successfully

2023-10-18 16:29:48 - [TEST_STEP][PASSED] - verifyElementPropertyValue(getResponse, "offers[2].groups[0].pricingPlans[0].pricingPlanData[0].currencyLabel", "KWD"): Verify element property value successfully

2023-10-18 16:29:48 - [MESSAGE][PASSED] - Verify element property value successfully

2023-10-18 16:29:48 - [TEST_STEP][PASSED] - verifyElementPropertyValue(getResponse, "offers[2].groups[0].pricingPlans[0].pricingPlanData[0].dealId", "GW_RE_50P_KWT"): Verify element property value successfully

2023-10-18 16:29:48 - [MESSAGE][PASSED] - Verify element property value successfully

2023-10-18 16:29:48 - [TEST_STEP][PASSED] - verifyElementPropertyValue(getResponse, "offers[2].groups[0].pricingPlans[0].pricingPlanData[0].allowedForAcquisition", "true"): Verify element property value successfully

2023-10-18 16:29:48 - [MESSAGE][PASSED] - Verify element property value successfully

2023-10-18 16:29:48 - [TEST_STEP][PASSED] - verifyElementPropertyValue(getResponse, "offers[2].groups[0].pricingPlans[0].pricingPlanData[0].visualElements[1].key", "CTA_text"): Verify element property value successfully

2023-10-18 16:29:48 - [MESSAGE][PASSED] - Verify element property value successfully

2023-10-18 16:29:48 - [TEST_STEP][PASSED] - verifyElementPropertyValue(getResponse, "offers[2].groups[0].pricingPlans[0].pricingPlanData[0].visualElements[1].value", "S’abonner"): Verify element property value successfully

2023-10-18 16:29:48 - [MESSAGE][PASSED] - Verify element property value successfully

2023-10-18 16:29:48 - [TEST_STEP][PASSED] - verifyElementPropertyValue(getResponse, "offers[2].groups[0].pricingPlans[0].pricingPlanData[0].visualElements[2].key", "logo"): Verify element property value successfully

2023-10-18 16:29:48 - [MESSAGE][PASSED] - Verify element property value successfully

2023-10-18 16:29:48 - [TEST_STEP][PASSED] - verifyElementPropertyValue(getResponse, "offers[2].groups[0].pricingPlans[0].pricingPlanData[0].visualElements[2].value", "google"): Verify element property value successfully

2023-10-18 16:29:48 - [MESSAGE][PASSED] - Verify element property value successfully

2023-10-18 16:29:48 - [TEST_STEP][PASSED] - verifyElementPropertyValue(getResponse, "groups[0].pricingPlans[0].featured", "true"): Verify element property value successfully

2023-10-18 16:29:48 - [MESSAGE][PASSED] - Verify element property value successfully

2023-10-18 16:29:48 - [TEST_STEP][PASSED] - verifyElementPropertyValue(getResponse, "groups[0].pricingPlans[0].packageId", "SHAHID_VIP"): Verify element property value successfully

2023-10-18 16:29:48 - [MESSAGE][PASSED] - Verify element property value successfully

2023-10-18 16:29:48 - [TEST_STEP][PASSED] - verifyElementPropertyValue(getResponse, "groups[0].pricingPlans[0].catalogId", "VIP"): Verify element property value successfully

2023-10-18 16:29:48 - [MESSAGE][PASSED] - Verify element property value successfully

2023-10-18 16:29:48 - [TEST_STEP][PASSED] - verifyElementPropertyValue(getResponse, "groups[0].pricingPlans[0].visualElements[0].key", "Header_1_text"): Verify element property value successfully

2023-10-18 16:29:48 - [MESSAGE][PASSED] - Verify element property value successfully

2023-10-18 16:29:48 - [TEST_STEP][PASSED] - verifyElementPropertyValue(getResponse, "groups[0].pricingPlans[0].visualElements[0].value", "Abonnez-vous dès maintenant et profitez de vos programmes sans publicité"): Verify element property value successfully

2023-10-18 16:29:48 - [MESSAGE][PASSED] - Verify element property value successfully

2023-10-18 16:29:48 - [TEST_STEP][PASSED] - verifyElementPropertyValue(getResponse, "groups[0].pricingPlans[0].visualElements[1].key", "display_title"): Verify element property value successfully

2023-10-18 16:29:48 - [MESSAGE][PASSED] - Verify element property value successfully

2023-10-18 16:29:48 - [TEST_STEP][PASSED] - verifyElementPropertyValue(getResponse, "groups[0].pricingPlans[0].visualElements[1].value", "Plan Mensuel"): Verify element property value successfully

2023-10-18 16:29:48 - [MESSAGE][PASSED] - Verify element property value successfully

2023-10-18 16:29:48 - [TEST_STEP][PASSED] - verifyElementPropertyValue(getResponse, "groups[0].pricingPlans[0].visualElements[2].key", "promo_text"): Verify element property value successfully

2023-10-18 16:29:48 - [MESSAGE][PASSED] - Verify element property value successfully

2023-10-18 16:29:48 - [TEST_STEP][PASSED] - verifyElementPropertyValue(getResponse, "groups[0].pricingPlans[0].visualElements[2].value", "3.29 KWD/ mois"): Verify element property value successfully

2023-10-18 16:29:48 - [MESSAGE][PASSED] - Verify element property value successfully

2023-10-18 16:29:48 - [TEST_STEP][PASSED] - verifyElementPropertyValue(getResponse, "groups[0].pricingPlans[0].visualElements[3].key", "deduction_text"): Verify element property value successfully

2023-10-18 16:29:48 - [MESSAGE][PASSED] - Verify element property value successfully

2023-10-18 16:29:48 - [TEST_STEP][PASSED] - verifyElementPropertyValue(getResponse, "groups[0].pricingPlans[0].visualElements[3].value", "facturation mensuelle"): Verify element property value successfully

2023-10-18 16:29:48 - [MESSAGE][PASSED] - Verify element property value successfully

2023-10-18 16:29:48 - [TEST_STEP][PASSED] - verifyElementPropertyValue(getResponse, "groups[0].pricingPlans[0].visualElements[6].key", "show_payment_logo"): Verify element property value successfully

2023-10-18 16:29:48 - [MESSAGE][PASSED] - Verify element property value successfully

2023-10-18 16:29:48 - [TEST_STEP][PASSED] - verifyElementPropertyValue(getResponse, "groups[0].pricingPlans[0].visualElements[6].value", "true"): Verify element property value successfully

2023-10-18 16:29:48 - [MESSAGE][PASSED] - Verify element property value successfully

2023-10-18 16:29:48 - [TEST_STEP][PASSED] - verifyElementPropertyValue(getResponse, "groups[0].pricingPlans[0].visualElements[8].key", "price"): Verify element property value successfully

2023-10-18 16:29:48 - [MESSAGE][PASSED] - Verify element property value successfully

2023-10-18 16:29:48 - [TEST_STEP][PASSED] - verifyElementPropertyValue(getResponse, "groups[0].pricingPlans[0].visualElements[8].value", "3.29"): Verify element property value successfully

2023-10-18 16:29:48 - [MESSAGE][PASSED] - Verify element property value successfully

2023-10-18 16:29:48 - [TEST_STEP][PASSED] - verifyElementPropertyValue(getResponse, "groups[0].pricingPlans[0].visualElements[9].key", "currency"): Verify element property value successfully

2023-10-18 16:29:48 - [MESSAGE][PASSED] - Verify element property value successfully

2023-10-18 16:29:48 - [TEST_STEP][PASSED] - verifyElementPropertyValue(getResponse, "groups[0].pricingPlans[0].visualElements[9].value", "KWD"): Verify element property value successfully

2023-10-18 16:29:48 - [MESSAGE][PASSED] - Verify element property value successfully

2023-10-18 16:29:48 - [TEST_STEP][PASSED] - verifyElementPropertyValue(getResponse, "groups[0].pricingPlans[0].visualElements[10].key", "duration"): Verify element property value successfully

2023-10-18 16:29:48 - [MESSAGE][PASSED] - Verify element property value successfully

2023-10-18 16:29:48 - [TEST_STEP][PASSED] - verifyElementPropertyValue(getResponse, "groups[0].pricingPlans[0].visualElements[10].value", "Mensuel"): Verify element property value successfully

2023-10-18 16:29:48 - [MESSAGE][PASSED] - Verify element property value successfully

2023-10-18 16:29:48 - [TEST_STEP][PASSED] - verifyElementPropertyValue(getResponse, "groups[0].pricingPlans[0].order", "0"): Verify element property value successfully

2023-10-18 16:29:48 - [MESSAGE][PASSED] - Verify element property value successfully

2023-10-18 16:29:48 - [TEST_STEP][PASSED] - verifyElementPropertyValue(getResponse, "groups[0].pricingPlans[0].period", "monthly"): Verify element property value successfully

2023-10-18 16:29:48 - [MESSAGE][PASSED] - Verify element property value successfully

2023-10-18 16:29:48 - [TEST_STEP][PASSED] - verifyElementPropertyValue(getResponse, "groups[0].pricingPlans[0].price", "3.29"): Verify element property value successfully

2023-10-18 16:29:48 - [MESSAGE][PASSED] - Verify element property value successfully

2023-10-18 16:29:48 - [TEST_STEP][PASSED] - verifyElementPropertyValue(getResponse, "groups[0].pricingPlans[0].currency", "KWD"): Verify element property value successfully

2023-10-18 16:29:48 - [MESSAGE][PASSED] - Verify element property value successfully

2023-10-18 16:29:48 - [TEST_STEP][PASSED] - verifyElementPropertyValue(getResponse, "groups[0].pricingPlans[0].pricingPlanData[0].productId", "KWT_B2C_SHAHID_VIP_1M"): Verify element property value successfully

2023-10-18 16:29:48 - [MESSAGE][PASSED] - Verify element property value successfully

2023-10-18 16:29:48 - [TEST_STEP][PASSED] - verifyElementPropertyValue(getResponse, "groups[0].pricingPlans[0].pricingPlanData[0].subPricingPlanIds", "[mbc.shahid.gccmonthly]"): Verify element property value successfully

2023-10-18 16:29:48 - [MESSAGE][PASSED] - Verify element property value successfully

2023-10-18 16:29:48 - [TEST_STEP][PASSED] - verifyElementPropertyValue(getResponse, "groups[0].pricingPlans[0].pricingPlanData[0].paymentMethod", "GOOGLE_IAP"): Verify element property value successfully

2023-10-18 16:29:48 - [MESSAGE][PASSED] - Verify element property value successfully

2023-10-18 16:29:48 - [TEST_STEP][PASSED] - verifyElementPropertyValue(getResponse, "groups[0].pricingPlans[0].pricingPlanData[0].freeTrialEnabled", "false"): Verify element property value successfully

2023-10-18 16:29:48 - [MESSAGE][PASSED] - Verify element property value successfully

2023-10-18 16:29:48 - [TEST_STEP][PASSED] - verifyElementPropertyValue(getResponse, "groups[0].pricingPlans[0].pricingPlanData[0].visualElements[1].key", "CTA_text"): Verify element property value successfully

2023-10-18 16:29:48 - [MESSAGE][PASSED] - Verify element property value successfully

2023-10-18 16:29:48 - [TEST_STEP][PASSED] - verifyElementPropertyValue(getResponse, "groups[0].pricingPlans[0].pricingPlanData[0].visualElements[1].value", "S’abonner"): Verify element property value successfully

2023-10-18 16:29:48 - [MESSAGE][PASSED] - Verify element property value successfully

2023-10-18 16:29:48 - [TEST_STEP][PASSED] - verifyElementPropertyValue(getResponse, "groups[0].pricingPlans[0].pricingPlanData[0].visualElements[2].key", "logo"): Verify element property value successfully

2023-10-18 16:29:48 - [MESSAGE][PASSED] - Verify element property value successfully

2023-10-18 16:29:48 - [TEST_STEP][PASSED] - verifyElementPropertyValue(getResponse, "groups[0].pricingPlans[0].pricingPlanData[0].visualElements[2].value", "google"): Verify element property value successfully

2023-10-18 16:29:48 - [MESSAGE][PASSED] - Verify element property value successfully

2023-10-18 16:29:48 - [TEST_STEP][PASSED] - verifyElementPropertyValue(getResponse, "groups[0].pricingPlans[0].pricingPlanData[0].priceLabel", "3.29"): Verify element property value successfully

2023-10-18 16:29:48 - [MESSAGE][PASSED] - Verify element property value successfully

2023-10-18 16:29:48 - [TEST_STEP][PASSED] - verifyElementPropertyValue(getResponse, "groups[0].pricingPlans[0].pricingPlanData[0].currencyLabel", "KWD"): Verify element property value successfully

2023-10-18 16:29:48 - [MESSAGE][PASSED] - Verify element property value successfully

2023-10-18 16:29:48 - [TEST_STEP][PASSED] - verifyElementPropertyValue(getResponse, "groups[0].pricingPlans[2].featured", "false"): Verify element property value successfully

2023-10-18 16:29:48 - [MESSAGE][PASSED] - Verify element property value successfully

2023-10-18 16:29:48 - [TEST_STEP][PASSED] - verifyElementPropertyValue(getResponse, "groups[0].pricingPlans[2].packageId", "SHAHID_VIP"): Verify element property value successfully

2023-10-18 16:29:48 - [MESSAGE][PASSED] - Verify element property value successfully

2023-10-18 16:29:48 - [TEST_STEP][PASSED] - verifyElementPropertyValue(getResponse, "groups[0].pricingPlans[2].catalogId", "VIP"): Verify element property value successfully

2023-10-18 16:29:48 - [MESSAGE][PASSED] - Verify element property value successfully

2023-10-18 16:29:48 - [TEST_STEP][PASSED] - verifyElementPropertyValue(getResponse, "groups[0].pricingPlans[2].visualElements[0].key", "Header_1_text"): Verify element property value successfully

2023-10-18 16:29:48 - [MESSAGE][PASSED] - Verify element property value successfully

2023-10-18 16:29:48 - [TEST_STEP][PASSED] - verifyElementPropertyValue(getResponse, "groups[0].pricingPlans[2].visualElements[0].value", "Abonnez-vous dès maintenant et profitez de vos programmes sans publicité"): Verify element property value successfully

2023-10-18 16:29:48 - [MESSAGE][PASSED] - Verify element property value successfully

2023-10-18 16:29:48 - [TEST_STEP][PASSED] - verifyElementPropertyValue(getResponse, "groups[0].pricingPlans[2].visualElements[1].key", "display_title"): Verify element property value successfully

2023-10-18 16:29:48 - [MESSAGE][PASSED] - Verify element property value successfully

2023-10-18 16:29:48 - [TEST_STEP][FAILED] - verifyElementPropertyValue(getResponse, "groups[0].pricingPlans[2].visualElements[1].value", "Plan Annuel "): Expected element property value 'Plan Annuel ' is not equal with actual property value 'Plan Annuel ​'

2023-10-18 16:29:48 - [MESSAGE][FAILED] - Expected element property value 'Plan Annuel ' is not equal with actual property value 'Plan Annuel ​'

2023-10-18 16:29:48 - [TEST_STEP][PASSED] - verifyElementPropertyValue(getResponse, "groups[0].pricingPlans[2].visualElements[2].key", "tag_text"): Verify element property value successfully

2023-10-18 16:29:48 - [MESSAGE][PASSED] - Verify element property value successfully

2023-10-18 16:29:48 - [TEST_STEP][PASSED] - verifyElementPropertyValue(getResponse, "groups[0].pricingPlans[2].visualElements[2].value", "Économisez 30%"): Verify element property value successfully

2023-10-18 16:29:48 - [MESSAGE][PASSED] - Verify element property value successfully

2023-10-18 16:29:48 - [TEST_STEP][PASSED] - verifyElementPropertyValue(getResponse, "groups[0].pricingPlans[2].visualElements[3].key", "promo_text"): Verify element property value successfully

2023-10-18 16:29:48 - [MESSAGE][PASSED] - Verify element property value successfully

2023-10-18 16:29:48 - [TEST_STEP][PASSED] - verifyElementPropertyValue(getResponse, "groups[0].pricingPlans[2].visualElements[3].value", "2.29 KWD/ mois"): Verify element property value successfully

2023-10-18 16:29:48 - [MESSAGE][PASSED] - Verify element property value successfully

2023-10-18 16:29:48 - [TEST_STEP][PASSED] - verifyElementPropertyValue(getResponse, "groups[0].pricingPlans[2].visualElements[4].key", "deduction_text"): Verify element property value successfully

2023-10-18 16:29:48 - [MESSAGE][PASSED] - Verify element property value successfully

2023-10-18 16:29:48 - [TEST_STEP][PASSED] - verifyElementPropertyValue(getResponse, "groups[0].pricingPlans[2].visualElements[4].value", "27.59 KWD facturés chaque année"): Verify element property value successfully

2023-10-18 16:29:48 - [MESSAGE][PASSED] - Verify element property value successfully

2023-10-18 16:29:48 - [TEST_STEP][PASSED] - verifyElementPropertyValue(getResponse, "groups[0].pricingPlans[2].visualElements[7].key", "show_payment_logo"): Verify element property value successfully

2023-10-18 16:29:48 - [MESSAGE][PASSED] - Verify element property value successfully

2023-10-18 16:29:48 - [TEST_STEP][PASSED] - verifyElementPropertyValue(getResponse, "groups[0].pricingPlans[2].visualElements[7].value", "true"): Verify element property value successfully

2023-10-18 16:29:48 - [MESSAGE][PASSED] - Verify element property value successfully

2023-10-18 16:29:48 - [TEST_STEP][PASSED] - verifyElementPropertyValue(getResponse, "groups[0].pricingPlans[2].visualElements[8].key", "show_tag"): Verify element property value successfully

2023-10-18 16:29:48 - [MESSAGE][PASSED] - Verify element property value successfully

2023-10-18 16:29:48 - [TEST_STEP][PASSED] - verifyElementPropertyValue(getResponse, "groups[0].pricingPlans[2].visualElements[8].value", "true"): Verify element property value successfully

2023-10-18 16:29:48 - [MESSAGE][PASSED] - Verify element property value successfully

2023-10-18 16:29:48 - [TEST_STEP][PASSED] - verifyElementPropertyValue(getResponse, "groups[0].pricingPlans[2].visualElements[10].key", "price"): Verify element property value successfully

2023-10-18 16:29:48 - [MESSAGE][PASSED] - Verify element property value successfully

2023-10-18 16:29:48 - [TEST_STEP][PASSED] - verifyElementPropertyValue(getResponse, "groups[0].pricingPlans[2].visualElements[10].value", "27.59"): Verify element property value successfully

2023-10-18 16:29:48 - [MESSAGE][PASSED] - Verify element property value successfully

2023-10-18 16:29:48 - [TEST_STEP][PASSED] - verifyElementPropertyValue(getResponse, "groups[0].pricingPlans[2].visualElements[11].key", "currency"): Verify element property value successfully

2023-10-18 16:29:48 - [MESSAGE][PASSED] - Verify element property value successfully

2023-10-18 16:29:48 - [TEST_STEP][PASSED] - verifyElementPropertyValue(getResponse, "groups[0].pricingPlans[2].visualElements[11].value", "KWD"): Verify element property value successfully

2023-10-18 16:29:48 - [MESSAGE][PASSED] - Verify element property value successfully

2023-10-18 16:29:48 - [TEST_STEP][PASSED] - verifyElementPropertyValue(getResponse, "groups[0].pricingPlans[2].visualElements[12].key", "duration"): Verify element property value successfully

2023-10-18 16:29:48 - [MESSAGE][PASSED] - Verify element property value successfully

2023-10-18 16:29:48 - [TEST_STEP][PASSED] - verifyElementPropertyValue(getResponse, "groups[0].pricingPlans[2].visualElements[12].value", "Annuel"): Verify element property value successfully

2023-10-18 16:29:48 - [MESSAGE][PASSED] - Verify element property value successfully

2023-10-18 16:29:48 - [TEST_STEP][PASSED] - verifyElementPropertyValue(getResponse, "groups[0].pricingPlans[2].order", "2"): Verify element property value successfully

2023-10-18 16:29:48 - [MESSAGE][PASSED] - Verify element property value successfully

2023-10-18 16:29:48 - [TEST_STEP][PASSED] - verifyElementPropertyValue(getResponse, "groups[0].pricingPlans[2].period", "yearly"): Verify element property value successfully

2023-10-18 16:29:48 - [MESSAGE][PASSED] - Verify element property value successfully

2023-10-18 16:29:48 - [TEST_STEP][PASSED] - verifyElementPropertyValue(getResponse, "groups[0].pricingPlans[2].price", "27.59"): Verify element property value successfully

2023-10-18 16:29:48 - [MESSAGE][PASSED] - Verify element property value successfully

2023-10-18 16:29:48 - [TEST_STEP][PASSED] - verifyElementPropertyValue(getResponse, "groups[0].pricingPlans[2].currency", "KWD"): Verify element property value successfully

2023-10-18 16:29:48 - [MESSAGE][PASSED] - Verify element property value successfully

2023-10-18 16:29:48 - [TEST_STEP][PASSED] - verifyElementPropertyValue(getResponse, "groups[0].pricingPlans[2].pricingPlanData[0].productId", "KWT_B2C_SHAHID_VIP_12M"): Verify element property value successfully

2023-10-18 16:29:48 - [MESSAGE][PASSED] - Verify element property value successfully

2023-10-18 16:29:48 - [TEST_STEP][PASSED] - verifyElementPropertyValue(getResponse, "groups[0].pricingPlans[2].pricingPlanData[0].subPricingPlanIds", "[mbc.shahid.plusyearly]"): Verify element property value successfully

2023-10-18 16:29:48 - [MESSAGE][PASSED] - Verify element property value successfully

2023-10-18 16:29:48 - [TEST_STEP][PASSED] - verifyElementPropertyValue(getResponse, "groups[0].pricingPlans[2].pricingPlanData[0].paymentMethod", "GOOGLE_IAP"): Verify element property value successfully

2023-10-18 16:29:48 - [MESSAGE][PASSED] - Verify element property value successfully

2023-10-18 16:29:48 - [TEST_STEP][PASSED] - verifyElementPropertyValue(getResponse, "groups[0].pricingPlans[2].pricingPlanData[0].freeTrialEnabled", "false"): Verify element property value successfully

2023-10-18 16:29:48 - [MESSAGE][PASSED] - Verify element property value successfully

2023-10-18 16:29:48 - [TEST_STEP][PASSED] - verifyElementPropertyValue(getResponse, "groups[0].pricingPlans[2].pricingPlanData[0].visualElements[1].key", "CTA_text"): Verify element property value successfully

2023-10-18 16:29:48 - [MESSAGE][PASSED] - Verify element property value successfully

2023-10-18 16:29:48 - [TEST_STEP][PASSED] - verifyElementPropertyValue(getResponse, "groups[0].pricingPlans[2].pricingPlanData[0].visualElements[1].value", "S’abonner"): Verify element property value successfully

2023-10-18 16:29:48 - [MESSAGE][PASSED] - Verify element property value successfully

2023-10-18 16:29:48 - [TEST_STEP][PASSED] - verifyElementPropertyValue(getResponse, "groups[0].pricingPlans[2].pricingPlanData[0].visualElements[2].key", "logo"): Verify element property value successfully

2023-10-18 16:29:48 - [MESSAGE][PASSED] - Verify element property value successfully

2023-10-18 16:29:48 - [TEST_STEP][PASSED] - verifyElementPropertyValue(getResponse, "groups[0].pricingPlans[2].pricingPlanData[0].visualElements[2].value", "google"): Verify element property value successfully

2023-10-18 16:29:48 - [MESSAGE][PASSED] - Verify element property value successfully

2023-10-18 16:29:48 - [TEST_STEP][PASSED] - verifyElementPropertyValue(getResponse, "groups[0].pricingPlans[2].pricingPlanData[0].priceLabel", "27.59"): Verify element property value successfully

2023-10-18 16:29:48 - [MESSAGE][PASSED] - Verify element property value successfully

2023-10-18 16:29:48 - [TEST_STEP][PASSED] - verifyElementPropertyValue(getResponse, "groups[0].pricingPlans[2].pricingPlanData[0].currencyLabel", "KWD"): Verify element property value successfully

2023-10-18 16:29:48 - [MESSAGE][PASSED] - Verify element property value successfully

2023-10-18 16:29:48 - [TEST_STEP][PASSED] - verifyElementPropertyValue(getResponse, "groups[0].pricingPlans[2].pricingPlanData[0].allowedForAcquisition", "true"): Verify element property value successfully

2023-10-18 16:29:48 - [MESSAGE][PASSED] - Verify element property value successfully

2023-10-18 16:29:48 - [TEST_STEP][PASSED] - verifyElementPropertyValue(getResponse, "visualElements[0].key", "main_CTA_text_1"): Verify element property value successfully

2023-10-18 16:29:48 - [MESSAGE][PASSED] - Verify element property value successfully

2023-10-18 16:29:48 - [TEST_STEP][PASSED] - verifyElementPropertyValue(getResponse, "visualElements[0].value", "Abonnez-vous dès maintenant et profitez de vos programmes sans publicité"): Verify element property value successfully

2023-10-18 16:29:48 - [MESSAGE][PASSED] - Verify element property value successfully

2023-10-18 16:29:48 - [TEST_STEP][PASSED] - verifyElementPropertyValue(getResponse, "visualElements[2].key", "main_disclaimer_text"): Verify element property value successfully

2023-10-18 16:29:48 - [MESSAGE][PASSED] - Verify element property value successfully

2023-10-18 16:29:48 - [TEST_STEP][PASSED] - verifyElementPropertyValue(getResponse, "visualElements[2].value", "L'offre n'est pas valable pour les anciens abonnés via Google Play. Les frais d’abonnement peuvent varier selon le pays, le moyen de paiement, le forfait, les taxes, les taux de change et les frais bancaires. Les conditions générales d’utilisation s’appliquent."): Verify element property value successfully

2023-10-18 16:29:48 - [MESSAGE][PASSED] - Verify element property value successfully

2023-10-18 16:29:48 - [TEST_STEP][PASSED] - verifyElementPropertyValue(getResponse, "visualElements[4].key", "display_type"): Verify element property value successfully

2023-10-18 16:29:48 - [MESSAGE][PASSED] - Verify element property value successfully

2023-10-18 16:29:48 - [TEST_STEP][PASSED] - verifyElementPropertyValue(getResponse, "visualElements[4].value", "vertical"): Verify element property value successfully

2023-10-18 16:29:48 - [MESSAGE][PASSED] - Verify element property value successfully

2023-10-18 16:29:48 - [TEST_STEP][PASSED] - verifyElementPropertyValue(getResponse, "defaultPackageId", "SHAHID_VIP"): Verify element property value successfully

2023-10-18 16:29:48 - [MESSAGE][PASSED] - Verify element property value successfully]]></system-out>
         <system-err><![CDATA[2023-10-18 16:29:45 - [TEST_CASE][FAILED] - Test Cases/ANDROID/KWT PI/ANDROID_FR_getSubscriptionConfigForKWT_VIP: Test Cases/ANDROID/KWT PI/ANDROID_FR_getSubscriptionConfigForKWT_VIP FAILED.
Reason:
com.kms.katalon.core.exception.StepFailedException: Expected element property value 'Plan Annuel ' is not equal with actual property value 'Plan Annuel ​'
	at com.kms.katalon.core.keyword.internal.KeywordMain.stepFailed(KeywordMain.groovy:39)
	at com.kms.katalon.core.webservice.keyword.builtin.VerifyElementPropertyValueKeyword$_verifyElementPropertyValue_closure1.doCall(VerifyElementPropertyValueKeyword.groovy:56)
	at com.kms.katalon.core.webservice.keyword.builtin.VerifyElementPropertyValueKeyword$_verifyElementPropertyValue_closure1.call(VerifyElementPropertyValueKeyword.groovy)
	at com.kms.katalon.core.keyword.internal.KeywordMain.runKeyword(KeywordMain.groovy:75)
	at com.kms.katalon.core.webservice.keyword.builtin.VerifyElementPropertyValueKeyword.verifyElementPropertyValue(VerifyElementPropertyValueKeyword.groovy:48)
	at com.kms.katalon.core.webservice.keyword.builtin.VerifyElementPropertyValueKeyword.execute(VerifyElementPropertyValueKeyword.groovy:43)
	at com.kms.katalon.core.keyword.internal.KeywordExecutor.executeKeywordForPlatform(KeywordExecutor.groovy:74)
	at com.kms.katalon.core.webservice.keyword.WSBuiltInKeywords.verifyElementPropertyValue(WSBuiltInKeywords.groovy:190)
	at com.kms.katalon.core.webservice.keyword.WSBuiltInKeywords$verifyElementPropertyValue$1.call(Unknown Source)
	at ANDROID_FR_getSubscriptionConfigForKWT_VIP.run(ANDROID_FR_getSubscriptionConfigForKWT_VIP:241)
	at com.kms.katalon.core.main.ScriptEngine.run(ScriptEngine.java:194)
	at com.kms.katalon.core.main.ScriptEngine.runScriptAsRawText(ScriptEngine.java:119)
	at com.kms.katalon.core.main.TestCaseExecutor.runScript(TestCaseExecutor.java:448)
	at com.kms.katalon.core.main.TestCaseExecutor.doExecute(TestCaseExecutor.java:439)
	at com.kms.katalon.core.main.TestCaseExecutor.processExecutionPhase(TestCaseExecutor.java:418)
	at com.kms.katalon.core.main.TestCaseExecutor.accessMainPhase(TestCaseExecutor.java:410)
	at com.kms.katalon.core.main.TestCaseExecutor.execute(TestCaseExecutor.java:285)
	at com.kms.katalon.core.common.CommonExecutor.accessTestCaseMainPhase(CommonExecutor.java:65)
	at com.kms.katalon.core.main.TestSuiteExecutor.accessTestSuiteMainPhase(TestSuiteExecutor.java:148)
	at com.kms.katalon.core.main.TestSuiteExecutor.execute(TestSuiteExecutor.java:106)
	at com.kms.katalon.core.main.TestCaseMain.startTestSuite(TestCaseMain.java:187)
	at com.kms.katalon.core.main.TestCaseMain$startTestSuite$0.call(Unknown Source)
	at TempTestSuite1697635146473.run(TempTestSuite1697635146473.groovy:36)]]></system-err>
      </testcase>
      <testcase name="Test Cases/ANDROID/KWT PI/ANDROID_FR_getSubscriptionConfigForKWt_Ultimate" time="2.601" classname="Test Cases/ANDROID/KWT PI/ANDROID_FR_getSubscriptionConfigForKWt_Ultimate" status="FAILED">
         <failure type="FAILED" message="Test Cases/ANDROID/KWT PI/ANDROID_FR_getSubscriptionConfigForKWt_Ultimate FAILED.
Reason:
com.kms.katalon.core.exception.StepFailedException: Expected element property value 'Plan Annuel ' is not equal with actual property value 'Plan Annuel ​'
	at com.kms.katalon.core.keyword.internal.KeywordMain.stepFailed(KeywordMain.groovy:39)
	at com.kms.katalon.core.webservice.keyword.builtin.VerifyElementPropertyValueKeyword$_verifyElementPropertyValue_closure1.doCall(VerifyElementPropertyValueKeyword.groovy:56)
	at com.kms.katalon.core.webservice.keyword.builtin.VerifyElementPropertyValueKeyword$_verifyElementPropertyValue_closure1.call(VerifyElementPropertyValueKeyword.groovy)
	at com.kms.katalon.core.keyword.internal.KeywordMain.runKeyword(KeywordMain.groovy:75)
	at com.kms.katalon.core.webservice.keyword.builtin.VerifyElementPropertyValueKeyword.verifyElementPropertyValue(VerifyElementPropertyValueKeyword.groovy:48)
	at com.kms.katalon.core.webservice.keyword.builtin.VerifyElementPropertyValueKeyword.execute(VerifyElementPropertyValueKeyword.groovy:43)
	at com.kms.katalon.core.keyword.internal.KeywordExecutor.executeKeywordForPlatform(KeywordExecutor.groovy:74)
	at com.kms.katalon.core.webservice.keyword.WSBuiltInKeywords.verifyElementPropertyValue(WSBuiltInKeywords.groovy:190)
	at com.kms.katalon.core.webservice.keyword.WSBuiltInKeywords$verifyElementPropertyValue$1.call(Unknown Source)
	at ANDROID_FR_getSubscriptionConfigForKWt_Ultimate.run(ANDROID_FR_getSubscriptionConfigForKWt_Ultimate:100)
	at com.kms.katalon.core.main.ScriptEngine.run(ScriptEngine.java:194)
	at com.kms.katalon.core.main.ScriptEngine.runScriptAsRawText(ScriptEngine.java:119)
	at com.kms.katalon.core.main.TestCaseExecutor.runScript(TestCaseExecutor.java:448)
	at com.kms.katalon.core.main.TestCaseExecutor.doExecute(TestCaseExecutor.java:439)
	at com.kms.katalon.core.main.TestCaseExecutor.processExecutionPhase(TestCaseExecutor.java:418)
	at com.kms.katalon.core.main.TestCaseExecutor.accessMainPhase(TestCaseExecutor.java:410)
	at com.kms.katalon.core.main.TestCaseExecutor.execute(TestCaseExecutor.java:285)
	at com.kms.katalon.core.common.CommonExecutor.accessTestCaseMainPhase(CommonExecutor.java:65)
	at com.kms.katalon.core.main.TestSuiteExecutor.accessTestSuiteMainPhase(TestSuiteExecutor.java:148)
	at com.kms.katalon.core.main.TestSuiteExecutor.execute(TestSuiteExecutor.java:106)
	at com.kms.katalon.core.main.TestCaseMain.startTestSuite(TestCaseMain.java:187)
	at com.kms.katalon.core.main.TestCaseMain$startTestSuite$0.call(Unknown Source)
	at TempTestSuite1697635146473.run(TempTestSuite1697635146473.groovy:36)
"/>
         <system-out><![CDATA[2023-10-18 16:29:48 - [TEST_CASE][FAILED] - Test Cases/ANDROID/KWT PI/ANDROID_FR_getSubscriptionConfigForKWt_Ultimate: Test Cases/ANDROID/KWT PI/ANDROID_FR_getSubscriptionConfigForKWt_Ultimate FAILED.
Reason:
com.kms.katalon.core.exception.StepFailedException: Expected element property value 'Plan Annuel ' is not equal with actual property value 'Plan Annuel ​'
	at com.kms.katalon.core.keyword.internal.KeywordMain.stepFailed(KeywordMain.groovy:39)
	at com.kms.katalon.core.webservice.keyword.builtin.VerifyElementPropertyValueKeyword$_verifyElementPropertyValue_closure1.doCall(VerifyElementPropertyValueKeyword.groovy:56)
	at com.kms.katalon.core.webservice.keyword.builtin.VerifyElementPropertyValueKeyword$_verifyElementPropertyValue_closure1.call(VerifyElementPropertyValueKeyword.groovy)
	at com.kms.katalon.core.keyword.internal.KeywordMain.runKeyword(KeywordMain.groovy:75)
	at com.kms.katalon.core.webservice.keyword.builtin.VerifyElementPropertyValueKeyword.verifyElementPropertyValue(VerifyElementPropertyValueKeyword.groovy:48)
	at com.kms.katalon.core.webservice.keyword.builtin.VerifyElementPropertyValueKeyword.execute(VerifyElementPropertyValueKeyword.groovy:43)
	at com.kms.katalon.core.keyword.internal.KeywordExecutor.executeKeywordForPlatform(KeywordExecutor.groovy:74)
	at com.kms.katalon.core.webservice.keyword.WSBuiltInKeywords.verifyElementPropertyValue(WSBuiltInKeywords.groovy:190)
	at com.kms.katalon.core.webservice.keyword.WSBuiltInKeywords$verifyElementPropertyValue$1.call(Unknown Source)
	at ANDROID_FR_getSubscriptionConfigForKWt_Ultimate.run(ANDROID_FR_getSubscriptionConfigForKWt_Ultimate:100)
	at com.kms.katalon.core.main.ScriptEngine.run(ScriptEngine.java:194)
	at com.kms.katalon.core.main.ScriptEngine.runScriptAsRawText(ScriptEngine.java:119)
	at com.kms.katalon.core.main.TestCaseExecutor.runScript(TestCaseExecutor.java:448)
	at com.kms.katalon.core.main.TestCaseExecutor.doExecute(TestCaseExecutor.java:439)
	at com.kms.katalon.core.main.TestCaseExecutor.processExecutionPhase(TestCaseExecutor.java:418)
	at com.kms.katalon.core.main.TestCaseExecutor.accessMainPhase(TestCaseExecutor.java:410)
	at com.kms.katalon.core.main.TestCaseExecutor.execute(TestCaseExecutor.java:285)
	at com.kms.katalon.core.common.CommonExecutor.accessTestCaseMainPhase(CommonExecutor.java:65)
	at com.kms.katalon.core.main.TestSuiteExecutor.accessTestSuiteMainPhase(TestSuiteExecutor.java:148)
	at com.kms.katalon.core.main.TestSuiteExecutor.execute(TestSuiteExecutor.java:106)
	at com.kms.katalon.core.main.TestCaseMain.startTestSuite(TestCaseMain.java:187)
	at com.kms.katalon.core.main.TestCaseMain$startTestSuite$0.call(Unknown Source)
	at TempTestSuite1697635146473.run(TempTestSuite1697635146473.groovy:36)


2023-10-18 16:29:49 - [TEST_STEP][PASSED] - getResponse = config_files.getConfigFile.getConfig("ANDROID_APP", "FR", "SHAHID_VIP_GEA_SPORT", "KW", "false"): config_files.getConfigFile.getConfig is PASSED

2023-10-18 16:29:49 - [MESSAGE][INFO] - HAR: /Users/admin/git/shahid-configuration/Reports/20231018_161841/Android/KWT PI/20231018_161906/requests/main/3.har

2023-10-18 16:29:49 - [MESSAGE][PASSED] - Send request successfully

2023-10-18 16:29:49 - [MESSAGE][PASSED] - config_files.getConfigFile.getConfig is PASSED

2023-10-18 16:29:49 - [TEST_STEP][PASSED] - verifyResponseStatusCode(getResponse, 200): Verify response status code successfully

2023-10-18 16:29:49 - [MESSAGE][PASSED] - Verify response status code successfully

2023-10-18 16:29:49 - [TEST_STEP][PASSED] - verifyElementPropertyValue(getResponse, "country", "KWT"): Verify element property value successfully

2023-10-18 16:29:49 - [MESSAGE][PASSED] - Verify element property value successfully

2023-10-18 16:29:49 - [TEST_STEP][PASSED] - verifyElementPropertyValue(getResponse, "platform", "[ANDROID_APP]"): Verify element property value successfully

2023-10-18 16:29:49 - [MESSAGE][PASSED] - Verify element property value successfully

2023-10-18 16:29:49 - [TEST_STEP][PASSED] - verifyElementPropertyValue(getResponse, "groups[0].pricingPlans[0].featured", "true"): Verify element property value successfully

2023-10-18 16:29:49 - [MESSAGE][PASSED] - Verify element property value successfully

2023-10-18 16:29:49 - [TEST_STEP][PASSED] - verifyElementPropertyValue(getResponse, "groups[0].pricingPlans[0].packageId", "SHAHID_VIP_GEA_SPORT"): Verify element property value successfully

2023-10-18 16:29:49 - [MESSAGE][PASSED] - Verify element property value successfully

2023-10-18 16:29:49 - [TEST_STEP][PASSED] - verifyElementPropertyValue(getResponse, "groups[0].pricingPlans[0].catalogId", "GEA"): Verify element property value successfully

2023-10-18 16:29:49 - [MESSAGE][PASSED] - Verify element property value successfully

2023-10-18 16:29:49 - [TEST_STEP][PASSED] - verifyElementPropertyValue(getResponse, "groups[0].pricingPlans[0].visualElements[0].key", "Header_1_text"): Verify element property value successfully

2023-10-18 16:29:49 - [MESSAGE][PASSED] - Verify element property value successfully

2023-10-18 16:29:49 - [TEST_STEP][PASSED] - verifyElementPropertyValue(getResponse, "groups[0].pricingPlans[0].visualElements[0].value", "Abonnez-vous dès maintenant et profitez de vos programmes sans publicité"): Verify element property value successfully

2023-10-18 16:29:49 - [MESSAGE][PASSED] - Verify element property value successfully

2023-10-18 16:29:49 - [TEST_STEP][PASSED] - verifyElementPropertyValue(getResponse, "groups[0].pricingPlans[0].visualElements[1].key", "display_title"): Verify element property value successfully

2023-10-18 16:29:49 - [MESSAGE][PASSED] - Verify element property value successfully

2023-10-18 16:29:49 - [TEST_STEP][PASSED] - verifyElementPropertyValue(getResponse, "groups[0].pricingPlans[0].visualElements[1].value", "Plan Mensuel"): Verify element property value successfully

2023-10-18 16:29:49 - [MESSAGE][PASSED] - Verify element property value successfully

2023-10-18 16:29:49 - [TEST_STEP][PASSED] - verifyElementPropertyValue(getResponse, "groups[0].pricingPlans[0].visualElements[3].key", "promo_text"): Verify element property value successfully

2023-10-18 16:29:49 - [MESSAGE][PASSED] - Verify element property value successfully

2023-10-18 16:29:49 - [TEST_STEP][PASSED] - verifyElementPropertyValue(getResponse, "groups[0].pricingPlans[0].visualElements[3].value", "6.59 KWD / mois"): Verify element property value successfully

2023-10-18 16:29:49 - [MESSAGE][PASSED] - Verify element property value successfully

2023-10-18 16:29:49 - [TEST_STEP][PASSED] - verifyElementPropertyValue(getResponse, "groups[0].pricingPlans[0].visualElements[4].key", "deduction_text"): Verify element property value successfully

2023-10-18 16:29:49 - [MESSAGE][PASSED] - Verify element property value successfully

2023-10-18 16:29:49 - [TEST_STEP][PASSED] - verifyElementPropertyValue(getResponse, "groups[0].pricingPlans[0].visualElements[4].value", "facturation mensuelle"): Verify element property value successfully

2023-10-18 16:29:49 - [MESSAGE][PASSED] - Verify element property value successfully

2023-10-18 16:29:49 - [TEST_STEP][PASSED] - verifyElementPropertyValue(getResponse, "groups[0].pricingPlans[0].visualElements[7].key", "show_payment_logo"): Verify element property value successfully

2023-10-18 16:29:49 - [MESSAGE][PASSED] - Verify element property value successfully

2023-10-18 16:29:49 - [TEST_STEP][PASSED] - verifyElementPropertyValue(getResponse, "groups[0].pricingPlans[0].visualElements[7].value", "true"): Verify element property value successfully

2023-10-18 16:29:49 - [MESSAGE][PASSED] - Verify element property value successfully

2023-10-18 16:29:49 - [TEST_STEP][PASSED] - verifyElementPropertyValue(getResponse, "groups[0].pricingPlans[0].visualElements[8].key", "show_tag"): Verify element property value successfully

2023-10-18 16:29:49 - [MESSAGE][PASSED] - Verify element property value successfully

2023-10-18 16:29:49 - [TEST_STEP][PASSED] - verifyElementPropertyValue(getResponse, "groups[0].pricingPlans[0].visualElements[8].value", "false"): Verify element property value successfully

2023-10-18 16:29:49 - [MESSAGE][PASSED] - Verify element property value successfully

2023-10-18 16:29:49 - [TEST_STEP][PASSED] - verifyElementPropertyValue(getResponse, "groups[0].pricingPlans[0].visualElements[10].key", "price"): Verify element property value successfully

2023-10-18 16:29:49 - [MESSAGE][PASSED] - Verify element property value successfully

2023-10-18 16:29:49 - [TEST_STEP][PASSED] - verifyElementPropertyValue(getResponse, "groups[0].pricingPlans[0].visualElements[10].value", "6.59"): Verify element property value successfully

2023-10-18 16:29:49 - [MESSAGE][PASSED] - Verify element property value successfully

2023-10-18 16:29:49 - [TEST_STEP][PASSED] - verifyElementPropertyValue(getResponse, "groups[0].pricingPlans[0].visualElements[11].key", "currency"): Verify element property value successfully

2023-10-18 16:29:49 - [MESSAGE][PASSED] - Verify element property value successfully

2023-10-18 16:29:49 - [TEST_STEP][PASSED] - verifyElementPropertyValue(getResponse, "groups[0].pricingPlans[0].visualElements[11].value", "KWD"): Verify element property value successfully

2023-10-18 16:29:49 - [MESSAGE][PASSED] - Verify element property value successfully

2023-10-18 16:29:49 - [TEST_STEP][PASSED] - verifyElementPropertyValue(getResponse, "groups[0].pricingPlans[0].visualElements[12].key", "duration"): Verify element property value successfully

2023-10-18 16:29:49 - [MESSAGE][PASSED] - Verify element property value successfully

2023-10-18 16:29:49 - [TEST_STEP][PASSED] - verifyElementPropertyValue(getResponse, "groups[0].pricingPlans[0].visualElements[12].value", "Mensuel"): Verify element property value successfully

2023-10-18 16:29:49 - [MESSAGE][PASSED] - Verify element property value successfully

2023-10-18 16:29:49 - [TEST_STEP][PASSED] - verifyElementPropertyValue(getResponse, "groups[0].pricingPlans[0].visualElements[13].key", "featured_tag_text"): Verify element property value successfully

2023-10-18 16:29:50 - [MESSAGE][PASSED] - Verify element property value successfully

2023-10-18 16:29:50 - [TEST_STEP][PASSED] - verifyElementPropertyValue(getResponse, "groups[0].pricingPlans[0].visualElements[13].value", "Le plus populaire"): Verify element property value successfully

2023-10-18 16:29:50 - [MESSAGE][PASSED] - Verify element property value successfully

2023-10-18 16:29:50 - [TEST_STEP][PASSED] - verifyElementPropertyValue(getResponse, "groups[0].pricingPlans[0].order", "9"): Verify element property value successfully

2023-10-18 16:29:50 - [MESSAGE][PASSED] - Verify element property value successfully

2023-10-18 16:29:50 - [TEST_STEP][PASSED] - verifyElementPropertyValue(getResponse, "groups[0].pricingPlans[0].period", "monthly"): Verify element property value successfully

2023-10-18 16:29:50 - [MESSAGE][PASSED] - Verify element property value successfully

2023-10-18 16:29:50 - [TEST_STEP][PASSED] - verifyElementPropertyValue(getResponse, "groups[0].pricingPlans[0].price", "6.59"): Verify element property value successfully

2023-10-18 16:29:50 - [MESSAGE][PASSED] - Verify element property value successfully

2023-10-18 16:29:50 - [TEST_STEP][PASSED] - verifyElementPropertyValue(getResponse, "groups[0].pricingPlans[0].currency", "KWD"): Verify element property value successfully

2023-10-18 16:29:50 - [MESSAGE][PASSED] - Verify element property value successfully

2023-10-18 16:29:50 - [TEST_STEP][PASSED] - verifyElementPropertyValue(getResponse, "groups[0].pricingPlans[0].pricingPlanData[0].productId", "KWT_B2C_SHAHID_VIP_GEA_SPORT_1M"): Verify element property value successfully

2023-10-18 16:29:50 - [MESSAGE][PASSED] - Verify element property value successfully

2023-10-18 16:29:50 - [TEST_STEP][PASSED] - verifyElementPropertyValue(getResponse, "groups[0].pricingPlans[0].pricingPlanData[0].subPricingPlanIds", "[net.shahid.monthly.platinumgea]"): Verify element property value successfully

2023-10-18 16:29:50 - [MESSAGE][PASSED] - Verify element property value successfully

2023-10-18 16:29:50 - [TEST_STEP][PASSED] - verifyElementPropertyValue(getResponse, "groups[0].pricingPlans[0].pricingPlanData[0].paymentMethod", "GOOGLE_IAP"): Verify element property value successfully

2023-10-18 16:29:50 - [MESSAGE][PASSED] - Verify element property value successfully

2023-10-18 16:29:50 - [TEST_STEP][PASSED] - verifyElementPropertyValue(getResponse, "groups[0].pricingPlans[0].pricingPlanData[0].freeTrialEnabled", "false"): Verify element property value successfully

2023-10-18 16:29:50 - [MESSAGE][PASSED] - Verify element property value successfully

2023-10-18 16:29:50 - [TEST_STEP][PASSED] - verifyElementPropertyValue(getResponse, "groups[0].pricingPlans[0].pricingPlanData[0].visualElements[1].key", "CTA_text"): Verify element property value successfully

2023-10-18 16:29:50 - [MESSAGE][PASSED] - Verify element property value successfully

2023-10-18 16:29:50 - [TEST_STEP][PASSED] - verifyElementPropertyValue(getResponse, "groups[0].pricingPlans[0].pricingPlanData[0].visualElements[1].value", "S’abonner"): Verify element property value successfully

2023-10-18 16:29:50 - [MESSAGE][PASSED] - Verify element property value successfully

2023-10-18 16:29:50 - [TEST_STEP][PASSED] - verifyElementPropertyValue(getResponse, "groups[0].pricingPlans[0].pricingPlanData[0].visualElements[2].key", "logo"): Verify element property value successfully

2023-10-18 16:29:50 - [MESSAGE][PASSED] - Verify element property value successfully

2023-10-18 16:29:50 - [TEST_STEP][PASSED] - verifyElementPropertyValue(getResponse, "groups[0].pricingPlans[0].pricingPlanData[0].visualElements[2].value", "google"): Verify element property value successfully

2023-10-18 16:29:50 - [MESSAGE][PASSED] - Verify element property value successfully

2023-10-18 16:29:50 - [TEST_STEP][PASSED] - verifyElementPropertyValue(getResponse, "groups[0].pricingPlans[0].pricingPlanData[0].priceLabel", "6.59"): Verify element property value successfully

2023-10-18 16:29:50 - [MESSAGE][PASSED] - Verify element property value successfully

2023-10-18 16:29:50 - [TEST_STEP][PASSED] - verifyElementPropertyValue(getResponse, "groups[0].pricingPlans[0].pricingPlanData[0].currencyLabel", "KWD"): Verify element property value successfully

2023-10-18 16:29:50 - [MESSAGE][PASSED] - Verify element property value successfully

2023-10-18 16:29:50 - [TEST_STEP][PASSED] - verifyElementPropertyValue(getResponse, "groups[0].pricingPlans[2].featured", "false"): Verify element property value successfully

2023-10-18 16:29:50 - [MESSAGE][PASSED] - Verify element property value successfully

2023-10-18 16:29:50 - [TEST_STEP][PASSED] - verifyElementPropertyValue(getResponse, "groups[0].pricingPlans[2].packageId", "SHAHID_VIP_GEA_SPORT"): Verify element property value successfully

2023-10-18 16:29:50 - [MESSAGE][PASSED] - Verify element property value successfully

2023-10-18 16:29:50 - [TEST_STEP][PASSED] - verifyElementPropertyValue(getResponse, "groups[0].pricingPlans[2].catalogId", "GEA"): Verify element property value successfully

2023-10-18 16:29:50 - [MESSAGE][PASSED] - Verify element property value successfully

2023-10-18 16:29:50 - [TEST_STEP][PASSED] - verifyElementPropertyValue(getResponse, "groups[0].pricingPlans[2].visualElements[0].key", "Header_1_text"): Verify element property value successfully

2023-10-18 16:29:50 - [MESSAGE][PASSED] - Verify element property value successfully

2023-10-18 16:29:50 - [TEST_STEP][PASSED] - verifyElementPropertyValue(getResponse, "groups[0].pricingPlans[2].visualElements[0].value", "Abonnez-vous dès maintenant et profitez de vos programmes sans publicité"): Verify element property value successfully

2023-10-18 16:29:50 - [MESSAGE][PASSED] - Verify element property value successfully

2023-10-18 16:29:50 - [TEST_STEP][PASSED] - verifyElementPropertyValue(getResponse, "groups[0].pricingPlans[2].visualElements[1].key", "display_title"): Verify element property value successfully

2023-10-18 16:29:50 - [MESSAGE][PASSED] - Verify element property value successfully

2023-10-18 16:29:50 - [TEST_STEP][FAILED] - verifyElementPropertyValue(getResponse, "groups[0].pricingPlans[2].visualElements[1].value", "Plan Annuel "): Expected element property value 'Plan Annuel ' is not equal with actual property value 'Plan Annuel ​'

2023-10-18 16:29:50 - [MESSAGE][FAILED] - Expected element property value 'Plan Annuel ' is not equal with actual property value 'Plan Annuel ​'

2023-10-18 16:29:50 - [TEST_STEP][PASSED] - verifyElementPropertyValue(getResponse, "groups[0].pricingPlans[2].visualElements[2].key", "tag_text"): Verify element property value successfully

2023-10-18 16:29:50 - [MESSAGE][PASSED] - Verify element property value successfully

2023-10-18 16:29:50 - [TEST_STEP][PASSED] - verifyElementPropertyValue(getResponse, "groups[0].pricingPlans[2].visualElements[2].value", "Économisez 16%"): Verify element property value successfully

2023-10-18 16:29:50 - [MESSAGE][PASSED] - Verify element property value successfully

2023-10-18 16:29:50 - [TEST_STEP][PASSED] - verifyElementPropertyValue(getResponse, "groups[0].pricingPlans[2].visualElements[3].key", "promo_text"): Verify element property value successfully

2023-10-18 16:29:50 - [MESSAGE][PASSED] - Verify element property value successfully

2023-10-18 16:29:50 - [TEST_STEP][PASSED] - verifyElementPropertyValue(getResponse, "groups[0].pricingPlans[2].visualElements[3].value", "5.56 KWD / mois"): Verify element property value successfully

2023-10-18 16:29:50 - [MESSAGE][PASSED] - Verify element property value successfully

2023-10-18 16:29:50 - [TEST_STEP][PASSED] - verifyElementPropertyValue(getResponse, "groups[0].pricingPlans[2].visualElements[4].key", "deduction_text"): Verify element property value successfully

2023-10-18 16:29:50 - [MESSAGE][PASSED] - Verify element property value successfully

2023-10-18 16:29:50 - [TEST_STEP][PASSED] - verifyElementPropertyValue(getResponse, "groups[0].pricingPlans[2].visualElements[4].value", "66.79 KWD facturés chaque année"): Verify element property value successfully

2023-10-18 16:29:50 - [MESSAGE][PASSED] - Verify element property value successfully

2023-10-18 16:29:50 - [TEST_STEP][PASSED] - verifyElementPropertyValue(getResponse, "groups[0].pricingPlans[2].visualElements[7].key", "show_payment_logo"): Verify element property value successfully

2023-10-18 16:29:50 - [MESSAGE][PASSED] - Verify element property value successfully

2023-10-18 16:29:50 - [TEST_STEP][PASSED] - verifyElementPropertyValue(getResponse, "groups[0].pricingPlans[2].visualElements[7].value", "true"): Verify element property value successfully

2023-10-18 16:29:50 - [MESSAGE][PASSED] - Verify element property value successfully

2023-10-18 16:29:50 - [TEST_STEP][PASSED] - verifyElementPropertyValue(getResponse, "groups[0].pricingPlans[2].visualElements[8].key", "show_tag"): Verify element property value successfully

2023-10-18 16:29:50 - [MESSAGE][PASSED] - Verify element property value successfully

2023-10-18 16:29:50 - [TEST_STEP][PASSED] - verifyElementPropertyValue(getResponse, "groups[0].pricingPlans[2].visualElements[8].value", "true"): Verify element property value successfully

2023-10-18 16:29:50 - [MESSAGE][PASSED] - Verify element property value successfully

2023-10-18 16:29:50 - [TEST_STEP][PASSED] - verifyElementPropertyValue(getResponse, "groups[0].pricingPlans[2].visualElements[10].key", "price"): Verify element property value successfully

2023-10-18 16:29:50 - [MESSAGE][PASSED] - Verify element property value successfully

2023-10-18 16:29:50 - [TEST_STEP][PASSED] - verifyElementPropertyValue(getResponse, "groups[0].pricingPlans[2].visualElements[10].value", "66.79"): Verify element property value successfully

2023-10-18 16:29:50 - [MESSAGE][PASSED] - Verify element property value successfully

2023-10-18 16:29:50 - [TEST_STEP][PASSED] - verifyElementPropertyValue(getResponse, "groups[0].pricingPlans[2].visualElements[11].key", "currency"): Verify element property value successfully

2023-10-18 16:29:50 - [MESSAGE][PASSED] - Verify element property value successfully

2023-10-18 16:29:50 - [TEST_STEP][PASSED] - verifyElementPropertyValue(getResponse, "groups[0].pricingPlans[2].visualElements[11].value", "KWD"): Verify element property value successfully

2023-10-18 16:29:50 - [MESSAGE][PASSED] - Verify element property value successfully

2023-10-18 16:29:50 - [TEST_STEP][PASSED] - verifyElementPropertyValue(getResponse, "groups[0].pricingPlans[2].visualElements[12].key", "duration"): Verify element property value successfully

2023-10-18 16:29:50 - [MESSAGE][PASSED] - Verify element property value successfully

2023-10-18 16:29:50 - [TEST_STEP][PASSED] - verifyElementPropertyValue(getResponse, "groups[0].pricingPlans[2].visualElements[12].value", "Annuel"): Verify element property value successfully

2023-10-18 16:29:50 - [MESSAGE][PASSED] - Verify element property value successfully

2023-10-18 16:29:50 - [TEST_STEP][PASSED] - verifyElementPropertyValue(getResponse, "groups[0].pricingPlans[2].order", "11"): Verify element property value successfully

2023-10-18 16:29:50 - [MESSAGE][PASSED] - Verify element property value successfully

2023-10-18 16:29:50 - [TEST_STEP][PASSED] - verifyElementPropertyValue(getResponse, "groups[0].pricingPlans[2].period", "yearly"): Verify element property value successfully

2023-10-18 16:29:50 - [MESSAGE][PASSED] - Verify element property value successfully

2023-10-18 16:29:50 - [TEST_STEP][PASSED] - verifyElementPropertyValue(getResponse, "groups[0].pricingPlans[2].price", "66.79"): Verify element property value successfully

2023-10-18 16:29:50 - [MESSAGE][PASSED] - Verify element property value successfully

2023-10-18 16:29:50 - [TEST_STEP][PASSED] - verifyElementPropertyValue(getResponse, "groups[0].pricingPlans[2].currency", "KWD"): Verify element property value successfully

2023-10-18 16:29:50 - [MESSAGE][PASSED] - Verify element property value successfully

2023-10-18 16:29:50 - [TEST_STEP][PASSED] - verifyElementPropertyValue(getResponse, "groups[0].pricingPlans[2].pricingPlanData[0].productId", "KWT_B2C_SHAHID_VIP_GEA_SPORT_12M"): Verify element property value successfully

2023-10-18 16:29:50 - [MESSAGE][PASSED] - Verify element property value successfully

2023-10-18 16:29:50 - [TEST_STEP][PASSED] - verifyElementPropertyValue(getResponse, "groups[0].pricingPlans[2].pricingPlanData[0].subPricingPlanIds", "[net.shahid.12months.platinumgea]"): Verify element property value successfully

2023-10-18 16:29:50 - [MESSAGE][PASSED] - Verify element property value successfully

2023-10-18 16:29:50 - [TEST_STEP][PASSED] - verifyElementPropertyValue(getResponse, "groups[0].pricingPlans[2].pricingPlanData[0].paymentMethod", "GOOGLE_IAP"): Verify element property value successfully

2023-10-18 16:29:50 - [MESSAGE][PASSED] - Verify element property value successfully

2023-10-18 16:29:50 - [TEST_STEP][PASSED] - verifyElementPropertyValue(getResponse, "groups[0].pricingPlans[2].pricingPlanData[0].freeTrialEnabled", "false"): Verify element property value successfully

2023-10-18 16:29:50 - [MESSAGE][PASSED] - Verify element property value successfully

2023-10-18 16:29:50 - [TEST_STEP][PASSED] - verifyElementPropertyValue(getResponse, "groups[0].pricingPlans[2].pricingPlanData[0].visualElements[1].key", "CTA_text"): Verify element property value successfully

2023-10-18 16:29:50 - [MESSAGE][PASSED] - Verify element property value successfully

2023-10-18 16:29:50 - [TEST_STEP][PASSED] - verifyElementPropertyValue(getResponse, "groups[0].pricingPlans[2].pricingPlanData[0].visualElements[1].value", "S’abonner"): Verify element property value successfully

2023-10-18 16:29:50 - [MESSAGE][PASSED] - Verify element property value successfully

2023-10-18 16:29:50 - [TEST_STEP][PASSED] - verifyElementPropertyValue(getResponse, "groups[0].pricingPlans[2].pricingPlanData[0].visualElements[2].key", "logo"): Verify element property value successfully

2023-10-18 16:29:50 - [MESSAGE][PASSED] - Verify element property value successfully

2023-10-18 16:29:50 - [TEST_STEP][PASSED] - verifyElementPropertyValue(getResponse, "groups[0].pricingPlans[2].pricingPlanData[0].visualElements[2].value", "google"): Verify element property value successfully

2023-10-18 16:29:50 - [MESSAGE][PASSED] - Verify element property value successfully

2023-10-18 16:29:50 - [TEST_STEP][PASSED] - verifyElementPropertyValue(getResponse, "groups[0].pricingPlans[2].pricingPlanData[0].priceLabel", "66.79"): Verify element property value successfully

2023-10-18 16:29:50 - [MESSAGE][PASSED] - Verify element property value successfully

2023-10-18 16:29:50 - [TEST_STEP][PASSED] - verifyElementPropertyValue(getResponse, "groups[0].pricingPlans[2].pricingPlanData[0].currencyLabel", "KWD"): Verify element property value successfully

2023-10-18 16:29:50 - [MESSAGE][PASSED] - Verify element property value successfully

2023-10-18 16:29:50 - [TEST_STEP][PASSED] - verifyElementPropertyValue(getResponse, "groups[0].pricingPlans[2].pricingPlanData[0].allowedForAcquisition", "true"): Verify element property value successfully

2023-10-18 16:29:50 - [MESSAGE][PASSED] - Verify element property value successfully

2023-10-18 16:29:50 - [TEST_STEP][PASSED] - verifyElementPropertyValue(getResponse, "groups[0].pricingPlans[2].pricingPlanData[0].showIn[0]", "VERTICAL_MODE"): Verify element property value successfully

2023-10-18 16:29:50 - [MESSAGE][PASSED] - Verify element property value successfully

2023-10-18 16:29:50 - [TEST_STEP][PASSED] - verifyElementPropertyValue(getResponse, "groups[0].pricingPlans[2].pricingPlanData[0].showIn[1]", "HORIZONTAL_MODE"): Verify element property value successfully

2023-10-18 16:29:50 - [MESSAGE][PASSED] - Verify element property value successfully

2023-10-18 16:29:50 - [TEST_STEP][PASSED] - verifyElementPropertyValue(getResponse, "visualElements[0].key", "main_CTA_text_1"): Verify element property value successfully

2023-10-18 16:29:50 - [MESSAGE][PASSED] - Verify element property value successfully

2023-10-18 16:29:50 - [TEST_STEP][PASSED] - verifyElementPropertyValue(getResponse, "visualElements[0].value", "Abonnez-vous dès maintenant et profitez de vos programmes sans publicité"): Verify element property value successfully

2023-10-18 16:29:50 - [MESSAGE][PASSED] - Verify element property value successfully

2023-10-18 16:29:50 - [TEST_STEP][PASSED] - verifyElementPropertyValue(getResponse, "visualElements[2].key", "main_disclaimer_text"): Verify element property value successfully

2023-10-18 16:29:50 - [MESSAGE][PASSED] - Verify element property value successfully

2023-10-18 16:29:50 - [TEST_STEP][PASSED] - verifyElementPropertyValue(getResponse, "visualElements[2].value", "L'offre n'est pas valable pour les anciens abonnés via Google Play. Les frais d’abonnement peuvent varier selon le pays, le moyen de paiement, le forfait, les taxes, les taux de change et les frais bancaires. Les conditions générales d’utilisation s’appliquent."): Verify element property value successfully

2023-10-18 16:29:50 - [MESSAGE][PASSED] - Verify element property value successfully

2023-10-18 16:29:50 - [TEST_STEP][PASSED] - verifyElementPropertyValue(getResponse, "visualElements[4].key", "display_type"): Verify element property value successfully

2023-10-18 16:29:50 - [MESSAGE][PASSED] - Verify element property value successfully

2023-10-18 16:29:50 - [TEST_STEP][PASSED] - verifyElementPropertyValue(getResponse, "visualElements[4].value", "vertical"): Verify element property value successfully

2023-10-18 16:29:50 - [MESSAGE][PASSED] - Verify element property value successfully

2023-10-18 16:29:50 - [TEST_STEP][PASSED] - verifyElementPropertyValue(getResponse, "defaultPackageId", "SHAHID_VIP"): Verify element property value successfully

2023-10-18 16:29:50 - [MESSAGE][PASSED] - Verify element property value successfully]]></system-out>
         <system-err><![CDATA[2023-10-18 16:29:48 - [TEST_CASE][FAILED] - Test Cases/ANDROID/KWT PI/ANDROID_FR_getSubscriptionConfigForKWt_Ultimate: Test Cases/ANDROID/KWT PI/ANDROID_FR_getSubscriptionConfigForKWt_Ultimate FAILED.
Reason:
com.kms.katalon.core.exception.StepFailedException: Expected element property value 'Plan Annuel ' is not equal with actual property value 'Plan Annuel ​'
	at com.kms.katalon.core.keyword.internal.KeywordMain.stepFailed(KeywordMain.groovy:39)
	at com.kms.katalon.core.webservice.keyword.builtin.VerifyElementPropertyValueKeyword$_verifyElementPropertyValue_closure1.doCall(VerifyElementPropertyValueKeyword.groovy:56)
	at com.kms.katalon.core.webservice.keyword.builtin.VerifyElementPropertyValueKeyword$_verifyElementPropertyValue_closure1.call(VerifyElementPropertyValueKeyword.groovy)
	at com.kms.katalon.core.keyword.internal.KeywordMain.runKeyword(KeywordMain.groovy:75)
	at com.kms.katalon.core.webservice.keyword.builtin.VerifyElementPropertyValueKeyword.verifyElementPropertyValue(VerifyElementPropertyValueKeyword.groovy:48)
	at com.kms.katalon.core.webservice.keyword.builtin.VerifyElementPropertyValueKeyword.execute(VerifyElementPropertyValueKeyword.groovy:43)
	at com.kms.katalon.core.keyword.internal.KeywordExecutor.executeKeywordForPlatform(KeywordExecutor.groovy:74)
	at com.kms.katalon.core.webservice.keyword.WSBuiltInKeywords.verifyElementPropertyValue(WSBuiltInKeywords.groovy:190)
	at com.kms.katalon.core.webservice.keyword.WSBuiltInKeywords$verifyElementPropertyValue$1.call(Unknown Source)
	at ANDROID_FR_getSubscriptionConfigForKWt_Ultimate.run(ANDROID_FR_getSubscriptionConfigForKWt_Ultimate:100)
	at com.kms.katalon.core.main.ScriptEngine.run(ScriptEngine.java:194)
	at com.kms.katalon.core.main.ScriptEngine.runScriptAsRawText(ScriptEngine.java:119)
	at com.kms.katalon.core.main.TestCaseExecutor.runScript(TestCaseExecutor.java:448)
	at com.kms.katalon.core.main.TestCaseExecutor.doExecute(TestCaseExecutor.java:439)
	at com.kms.katalon.core.main.TestCaseExecutor.processExecutionPhase(TestCaseExecutor.java:418)
	at com.kms.katalon.core.main.TestCaseExecutor.accessMainPhase(TestCaseExecutor.java:410)
	at com.kms.katalon.core.main.TestCaseExecutor.execute(TestCaseExecutor.java:285)
	at com.kms.katalon.core.common.CommonExecutor.accessTestCaseMainPhase(CommonExecutor.java:65)
	at com.kms.katalon.core.main.TestSuiteExecutor.accessTestSuiteMainPhase(TestSuiteExecutor.java:148)
	at com.kms.katalon.core.main.TestSuiteExecutor.execute(TestSuiteExecutor.java:106)
	at com.kms.katalon.core.main.TestCaseMain.startTestSuite(TestCaseMain.java:187)
	at com.kms.katalon.core.main.TestCaseMain$startTestSuite$0.call(Unknown Source)
	at TempTestSuite1697635146473.run(TempTestSuite1697635146473.groovy:36)]]></system-err>
      </testcase>
      <testcase name="Test Cases/ANDROID/KWT PI/ANDROID_AR_getSubscriptionConfigForKWT_SPORT" time="2.76" classname="Test Cases/ANDROID/KWT PI/ANDROID_AR_getSubscriptionConfigForKWT_SPORT" status="PASSED">
         <system-out><![CDATA[2023-10-18 16:29:51 - [TEST_CASE][PASSED] - Test Cases/ANDROID/KWT PI/ANDROID_AR_getSubscriptionConfigForKWT_SPORT: Test Cases/ANDROID/KWT PI/ANDROID_AR_getSubscriptionConfigForKWT_SPORT

2023-10-18 16:29:51 - [TEST_STEP][PASSED] - getResponse = config_files.getConfigFile.getConfig("ANDROID_APP", "AR", "SHAHID_VIP_SPORT", "KW", "false"): config_files.getConfigFile.getConfig is PASSED

2023-10-18 16:29:52 - [MESSAGE][INFO] - HAR: /Users/admin/git/shahid-configuration/Reports/20231018_161841/Android/KWT PI/20231018_161906/requests/main/4.har

2023-10-18 16:29:52 - [MESSAGE][PASSED] - Send request successfully

2023-10-18 16:29:52 - [MESSAGE][PASSED] - config_files.getConfigFile.getConfig is PASSED

2023-10-18 16:29:52 - [TEST_STEP][PASSED] - verifyResponseStatusCode(getResponse, 200): Verify response status code successfully

2023-10-18 16:29:52 - [MESSAGE][PASSED] - Verify response status code successfully

2023-10-18 16:29:52 - [TEST_STEP][PASSED] - verifyElementPropertyValue(getResponse, "country", "KWT"): Verify element property value successfully

2023-10-18 16:29:52 - [MESSAGE][PASSED] - Verify element property value successfully

2023-10-18 16:29:52 - [TEST_STEP][PASSED] - verifyElementPropertyValue(getResponse, "platform", "[ANDROID_APP]"): Verify element property value successfully

2023-10-18 16:29:52 - [MESSAGE][PASSED] - Verify element property value successfully

2023-10-18 16:29:52 - [TEST_STEP][PASSED] - verifyElementPropertyValue(getResponse, "offers[3].offerId", "winback-sport-30-offer"): Verify element property value successfully

2023-10-18 16:29:52 - [MESSAGE][PASSED] - Verify element property value successfully

2023-10-18 16:29:52 - [TEST_STEP][PASSED] - verifyElementPropertyValue(getResponse, "offers[3].offerParam", "sportsoffer30"): Verify element property value successfully

2023-10-18 16:29:52 - [MESSAGE][PASSED] - Verify element property value successfully

2023-10-18 16:29:52 - [TEST_STEP][PASSED] - verifyElementPropertyValue(getResponse, "offers[3].groups[0].pricingPlans[0].featured", "true"): Verify element property value successfully

2023-10-18 16:29:52 - [MESSAGE][PASSED] - Verify element property value successfully

2023-10-18 16:29:52 - [TEST_STEP][PASSED] - verifyElementPropertyValue(getResponse, "offers[3].groups[0].pricingPlans[0].period", "monthly"): Verify element property value successfully

2023-10-18 16:29:52 - [MESSAGE][PASSED] - Verify element property value successfully

2023-10-18 16:29:52 - [TEST_STEP][PASSED] - verifyElementPropertyValue(getResponse, "offers[3].groups[0].pricingPlans[0].featured", "true"): Verify element property value successfully

2023-10-18 16:29:52 - [MESSAGE][PASSED] - Verify element property value successfully

2023-10-18 16:29:52 - [TEST_STEP][PASSED] - verifyElementPropertyValue(getResponse, "offers[3].groups[0].pricingPlans[0].price", "3.99"): Verify element property value successfully

2023-10-18 16:29:52 - [MESSAGE][PASSED] - Verify element property value successfully

2023-10-18 16:29:52 - [TEST_STEP][PASSED] - verifyElementPropertyValue(getResponse, "offers[3].groups[0].pricingPlans[0].currency", "KWD"): Verify element property value successfully

2023-10-18 16:29:52 - [MESSAGE][PASSED] - Verify element property value successfully

2023-10-18 16:29:52 - [TEST_STEP][PASSED] - verifyElementPropertyValue(getResponse, "offers[3].groups[0].pricingPlans[0].order", "0"): Verify element property value successfully

2023-10-18 16:29:52 - [MESSAGE][PASSED] - Verify element property value successfully

2023-10-18 16:29:52 - [TEST_STEP][PASSED] - verifyElementPropertyValue(getResponse, "offers[3].groups[0].pricingPlans[0].packageId", "SHAHID_VIP_SPORT"): Verify element property value successfully

2023-10-18 16:29:52 - [MESSAGE][PASSED] - Verify element property value successfully

2023-10-18 16:29:52 - [TEST_STEP][PASSED] - verifyElementPropertyValue(getResponse, "offers[3].groups[0].pricingPlans[0].catalogId", "SPORT"): Verify element property value successfully

2023-10-18 16:29:52 - [MESSAGE][PASSED] - Verify element property value successfully

2023-10-18 16:29:52 - [TEST_STEP][PASSED] - verifyElementPropertyValue(getResponse, "offers[3].groups[0].pricingPlans[0].visualElements[0].key", "Header_1_text"): Verify element property value successfully

2023-10-18 16:29:52 - [MESSAGE][PASSED] - Verify element property value successfully

2023-10-18 16:29:52 - [TEST_STEP][PASSED] - verifyElementPropertyValue(getResponse, "offers[3].groups[0].pricingPlans[0].visualElements[0].value", "شاهد أقوى المسلسلات و الأفلام حصرياً دون توقف"): Verify element property value successfully

2023-10-18 16:29:52 - [MESSAGE][PASSED] - Verify element property value successfully

2023-10-18 16:29:52 - [TEST_STEP][PASSED] - verifyElementPropertyValue(getResponse, "offers[3].groups[0].pricingPlans[0].visualElements[1].key", "display_title"): Verify element property value successfully

2023-10-18 16:29:52 - [MESSAGE][PASSED] - Verify element property value successfully

2023-10-18 16:29:52 - [TEST_STEP][PASSED] - verifyElementPropertyValue(getResponse, "offers[3].groups[0].pricingPlans[0].visualElements[1].value", "احصل على خصم 30%"): Verify element property value successfully

2023-10-18 16:29:52 - [MESSAGE][PASSED] - Verify element property value successfully

2023-10-18 16:29:52 - [TEST_STEP][PASSED] - verifyElementPropertyValue(getResponse, "offers[3].groups[0].pricingPlans[0].visualElements[3].key", "deduction_text"): Verify element property value successfully

2023-10-18 16:29:52 - [MESSAGE][PASSED] - Verify element property value successfully

2023-10-18 16:29:52 - [TEST_STEP][PASSED] - verifyElementPropertyValue(getResponse, "offers[3].groups[0].pricingPlans[0].visualElements[3].value", "تدفع شهرياً"): Verify element property value successfully

2023-10-18 16:29:52 - [MESSAGE][PASSED] - Verify element property value successfully

2023-10-18 16:29:52 - [TEST_STEP][PASSED] - verifyElementPropertyValue(getResponse, "offers[3].groups[0].pricingPlans[0].visualElements[6].key", "show_payment_logo"): Verify element property value successfully

2023-10-18 16:29:52 - [MESSAGE][PASSED] - Verify element property value successfully

2023-10-18 16:29:52 - [TEST_STEP][PASSED] - verifyElementPropertyValue(getResponse, "offers[3].groups[0].pricingPlans[0].visualElements[6].value", "true"): Verify element property value successfully

2023-10-18 16:29:52 - [MESSAGE][PASSED] - Verify element property value successfully

2023-10-18 16:29:52 - [TEST_STEP][PASSED] - verifyElementPropertyValue(getResponse, "offers[3].groups[0].pricingPlans[0].visualElements[8].key", "price"): Verify element property value successfully

2023-10-18 16:29:52 - [MESSAGE][PASSED] - Verify element property value successfully

2023-10-18 16:29:52 - [TEST_STEP][PASSED] - verifyElementPropertyValue(getResponse, "offers[3].groups[0].pricingPlans[0].visualElements[8].value", "3.99"): Verify element property value successfully

2023-10-18 16:29:52 - [MESSAGE][PASSED] - Verify element property value successfully

2023-10-18 16:29:52 - [TEST_STEP][PASSED] - verifyElementPropertyValue(getResponse, "offers[3].groups[0].pricingPlans[0].visualElements[9].key", "currency"): Verify element property value successfully

2023-10-18 16:29:52 - [MESSAGE][PASSED] - Verify element property value successfully

2023-10-18 16:29:52 - [TEST_STEP][PASSED] - verifyElementPropertyValue(getResponse, "offers[3].groups[0].pricingPlans[0].visualElements[9].value", "KWD"): Verify element property value successfully

2023-10-18 16:29:52 - [MESSAGE][PASSED] - Verify element property value successfully

2023-10-18 16:29:52 - [TEST_STEP][PASSED] - verifyElementPropertyValue(getResponse, "offers[3].groups[0].pricingPlans[0].visualElements[10].key", "duration"): Verify element property value successfully

2023-10-18 16:29:52 - [MESSAGE][PASSED] - Verify element property value successfully

2023-10-18 16:29:52 - [TEST_STEP][PASSED] - verifyElementPropertyValue(getResponse, "offers[3].groups[0].pricingPlans[0].visualElements[10].value", "شهرياً"): Verify element property value successfully

2023-10-18 16:29:52 - [MESSAGE][PASSED] - Verify element property value successfully

2023-10-18 16:29:52 - [TEST_STEP][PASSED] - verifyElementPropertyValue(getResponse, "offers[3].groups[0].pricingPlans[0].visualElements[11].key", "featured_tag_text"): Verify element property value successfully

2023-10-18 16:29:52 - [MESSAGE][PASSED] - Verify element property value successfully

2023-10-18 16:29:52 - [TEST_STEP][PASSED] - verifyElementPropertyValue(getResponse, "offers[3].groups[0].pricingPlans[0].visualElements[11].value", "عرض لمدة محدودة"): Verify element property value successfully

2023-10-18 16:29:52 - [MESSAGE][PASSED] - Verify element property value successfully

2023-10-18 16:29:52 - [TEST_STEP][PASSED] - verifyElementPropertyValue(getResponse, "offers[3].groups[0].pricingPlans[0].visualElements[13].key", "tag_text"): Verify element property value successfully

2023-10-18 16:29:52 - [MESSAGE][PASSED] - Verify element property value successfully

2023-10-18 16:29:52 - [TEST_STEP][PASSED] - verifyElementPropertyValue(getResponse, "offers[3].groups[0].pricingPlans[0].visualElements[13].value", "وفر 30%"): Verify element property value successfully

2023-10-18 16:29:52 - [MESSAGE][PASSED] - Verify element property value successfully

2023-10-18 16:29:52 - [TEST_STEP][PASSED] - verifyElementPropertyValue(getResponse, "offers[3].groups[0].pricingPlans[0].visualElements[12].key", "show_tag"): Verify element property value successfully

2023-10-18 16:29:52 - [MESSAGE][PASSED] - Verify element property value successfully

2023-10-18 16:29:52 - [TEST_STEP][PASSED] - verifyElementPropertyValue(getResponse, "offers[3].groups[0].pricingPlans[0].visualElements[12].value", "true"): Verify element property value successfully

2023-10-18 16:29:52 - [MESSAGE][PASSED] - Verify element property value successfully

2023-10-18 16:29:52 - [TEST_STEP][PASSED] - verifyElementPropertyValue(getResponse, "offers[3].groups[0].pricingPlans[0].pricingPlanData[0].productId", "KWT_B2C_SHAHID_VIP_SPORT_1M"): Verify element property value successfully

2023-10-18 16:29:52 - [MESSAGE][PASSED] - Verify element property value successfully

2023-10-18 16:29:52 - [TEST_STEP][PASSED] - verifyElementPropertyValue(getResponse, "offers[3].groups[0].pricingPlans[0].pricingPlanData[0].subPricingPlanIds", "[net.shahid.monthly.vipsports]"): Verify element property value successfully

2023-10-18 16:29:52 - [MESSAGE][PASSED] - Verify element property value successfully

2023-10-18 16:29:52 - [TEST_STEP][PASSED] - verifyElementPropertyValue(getResponse, "offers[3].groups[0].pricingPlans[0].pricingPlanData[0].paymentMethod", "GOOGLE_IAP"): Verify element property value successfully

2023-10-18 16:29:52 - [MESSAGE][PASSED] - Verify element property value successfully

2023-10-18 16:29:52 - [TEST_STEP][PASSED] - verifyElementPropertyValue(getResponse, "offers[3].groups[0].pricingPlans[0].pricingPlanData[0].freeTrialEnabled", "false"): Verify element property value successfully

2023-10-18 16:29:52 - [MESSAGE][PASSED] - Verify element property value successfully

2023-10-18 16:29:52 - [TEST_STEP][PASSED] - verifyElementPropertyValue(getResponse, "offers[3].groups[0].pricingPlans[0].pricingPlanData[0].priceLabel", "3.99"): Verify element property value successfully

2023-10-18 16:29:52 - [MESSAGE][PASSED] - Verify element property value successfully

2023-10-18 16:29:52 - [TEST_STEP][PASSED] - verifyElementPropertyValue(getResponse, "offers[3].groups[0].pricingPlans[0].pricingPlanData[0].currencyLabel", "KWD"): Verify element property value successfully

2023-10-18 16:29:52 - [MESSAGE][PASSED] - Verify element property value successfully

2023-10-18 16:29:52 - [TEST_STEP][PASSED] - verifyElementPropertyValue(getResponse, "offers[3].groups[0].pricingPlans[0].pricingPlanData[0].dealId", "GW_WB_SPORT_30P_KWT"): Verify element property value successfully

2023-10-18 16:29:52 - [MESSAGE][PASSED] - Verify element property value successfully

2023-10-18 16:29:52 - [TEST_STEP][PASSED] - verifyElementPropertyValue(getResponse, "offers[3].groups[0].pricingPlans[0].pricingPlanData[0].allowedForAcquisition", "true"): Verify element property value successfully

2023-10-18 16:29:52 - [MESSAGE][PASSED] - Verify element property value successfully

2023-10-18 16:29:52 - [TEST_STEP][PASSED] - verifyElementPropertyValue(getResponse, "offers[3].groups[0].pricingPlans[0].pricingPlanData[0].visualElements[1].key", "CTA_text"): Verify element property value successfully

2023-10-18 16:29:52 - [MESSAGE][PASSED] - Verify element property value successfully

2023-10-18 16:29:52 - [TEST_STEP][PASSED] - verifyElementPropertyValue(getResponse, "offers[3].groups[0].pricingPlans[0].pricingPlanData[0].visualElements[1].value", "اشترك"): Verify element property value successfully

2023-10-18 16:29:52 - [MESSAGE][PASSED] - Verify element property value successfully

2023-10-18 16:29:52 - [TEST_STEP][PASSED] - verifyElementPropertyValue(getResponse, "offers[3].groups[0].pricingPlans[0].pricingPlanData[0].visualElements[2].key", "logo"): Verify element property value successfully

2023-10-18 16:29:52 - [MESSAGE][PASSED] - Verify element property value successfully

2023-10-18 16:29:52 - [TEST_STEP][PASSED] - verifyElementPropertyValue(getResponse, "offers[3].groups[0].pricingPlans[0].pricingPlanData[0].visualElements[2].value", "google"): Verify element property value successfully

2023-10-18 16:29:52 - [MESSAGE][PASSED] - Verify element property value successfully

2023-10-18 16:29:52 - [TEST_STEP][PASSED] - verifyElementPropertyValue(getResponse, "offers[4].offerId", "winback-sport-40-offer"): Verify element property value successfully

2023-10-18 16:29:52 - [MESSAGE][PASSED] - Verify element property value successfully

2023-10-18 16:29:52 - [TEST_STEP][PASSED] - verifyElementPropertyValue(getResponse, "offers[4].offerParam", "sportsoffer40"): Verify element property value successfully

2023-10-18 16:29:52 - [MESSAGE][PASSED] - Verify element property value successfully

2023-10-18 16:29:52 - [TEST_STEP][PASSED] - verifyElementPropertyValue(getResponse, "offers[4].groups[0].pricingPlans[0].featured", "true"): Verify element property value successfully

2023-10-18 16:29:52 - [MESSAGE][PASSED] - Verify element property value successfully

2023-10-18 16:29:52 - [TEST_STEP][PASSED] - verifyElementPropertyValue(getResponse, "offers[4].groups[0].pricingPlans[0].period", "monthly"): Verify element property value successfully

2023-10-18 16:29:52 - [MESSAGE][PASSED] - Verify element property value successfully

2023-10-18 16:29:52 - [TEST_STEP][PASSED] - verifyElementPropertyValue(getResponse, "offers[4].groups[0].pricingPlans[0].featured", "true"): Verify element property value successfully

2023-10-18 16:29:52 - [MESSAGE][PASSED] - Verify element property value successfully

2023-10-18 16:29:52 - [TEST_STEP][PASSED] - verifyElementPropertyValue(getResponse, "offers[4].groups[0].pricingPlans[0].price", "3.49"): Verify element property value successfully

2023-10-18 16:29:53 - [MESSAGE][PASSED] - Verify element property value successfully

2023-10-18 16:29:53 - [TEST_STEP][PASSED] - verifyElementPropertyValue(getResponse, "offers[4].groups[0].pricingPlans[0].currency", "KWD"): Verify element property value successfully

2023-10-18 16:29:53 - [MESSAGE][PASSED] - Verify element property value successfully

2023-10-18 16:29:53 - [TEST_STEP][PASSED] - verifyElementPropertyValue(getResponse, "offers[4].groups[0].pricingPlans[0].order", "0"): Verify element property value successfully

2023-10-18 16:29:53 - [MESSAGE][PASSED] - Verify element property value successfully

2023-10-18 16:29:53 - [TEST_STEP][PASSED] - verifyElementPropertyValue(getResponse, "offers[4].groups[0].pricingPlans[0].packageId", "SHAHID_VIP_SPORT"): Verify element property value successfully

2023-10-18 16:29:53 - [MESSAGE][PASSED] - Verify element property value successfully

2023-10-18 16:29:53 - [TEST_STEP][PASSED] - verifyElementPropertyValue(getResponse, "offers[4].groups[0].pricingPlans[0].catalogId", "SPORT"): Verify element property value successfully

2023-10-18 16:29:53 - [MESSAGE][PASSED] - Verify element property value successfully

2023-10-18 16:29:53 - [TEST_STEP][PASSED] - verifyElementPropertyValue(getResponse, "offers[4].groups[0].pricingPlans[0].visualElements[0].key", "Header_1_text"): Verify element property value successfully

2023-10-18 16:29:53 - [MESSAGE][PASSED] - Verify element property value successfully

2023-10-18 16:29:53 - [TEST_STEP][PASSED] - verifyElementPropertyValue(getResponse, "offers[4].groups[0].pricingPlans[0].visualElements[0].value", "شاهد أقوى المسلسلات و الأفلام حصرياً دون توقف"): Verify element property value successfully

2023-10-18 16:29:53 - [MESSAGE][PASSED] - Verify element property value successfully

2023-10-18 16:29:53 - [TEST_STEP][PASSED] - verifyElementPropertyValue(getResponse, "offers[4].groups[0].pricingPlans[0].visualElements[1].key", "display_title"): Verify element property value successfully

2023-10-18 16:29:53 - [MESSAGE][PASSED] - Verify element property value successfully

2023-10-18 16:29:53 - [TEST_STEP][PASSED] - verifyElementPropertyValue(getResponse, "offers[4].groups[0].pricingPlans[0].visualElements[1].value", "احصل على خصم 40%"): Verify element property value successfully

2023-10-18 16:29:53 - [MESSAGE][PASSED] - Verify element property value successfully

2023-10-18 16:29:53 - [TEST_STEP][PASSED] - verifyElementPropertyValue(getResponse, "offers[4].groups[0].pricingPlans[0].visualElements[3].key", "deduction_text"): Verify element property value successfully

2023-10-18 16:29:53 - [MESSAGE][PASSED] - Verify element property value successfully

2023-10-18 16:29:53 - [TEST_STEP][PASSED] - verifyElementPropertyValue(getResponse, "offers[4].groups[0].pricingPlans[0].visualElements[3].value", "تدفع شهرياً"): Verify element property value successfully

2023-10-18 16:29:53 - [MESSAGE][PASSED] - Verify element property value successfully

2023-10-18 16:29:53 - [TEST_STEP][PASSED] - verifyElementPropertyValue(getResponse, "offers[4].groups[0].pricingPlans[0].visualElements[6].key", "show_payment_logo"): Verify element property value successfully

2023-10-18 16:29:53 - [MESSAGE][PASSED] - Verify element property value successfully

2023-10-18 16:29:53 - [TEST_STEP][PASSED] - verifyElementPropertyValue(getResponse, "offers[4].groups[0].pricingPlans[0].visualElements[6].value", "true"): Verify element property value successfully

2023-10-18 16:29:53 - [MESSAGE][PASSED] - Verify element property value successfully

2023-10-18 16:29:53 - [TEST_STEP][PASSED] - verifyElementPropertyValue(getResponse, "offers[4].groups[0].pricingPlans[0].visualElements[8].key", "price"): Verify element property value successfully

2023-10-18 16:29:53 - [MESSAGE][PASSED] - Verify element property value successfully

2023-10-18 16:29:53 - [TEST_STEP][PASSED] - verifyElementPropertyValue(getResponse, "offers[4].groups[0].pricingPlans[0].visualElements[8].value", "3.49"): Verify element property value successfully

2023-10-18 16:29:53 - [MESSAGE][PASSED] - Verify element property value successfully

2023-10-18 16:29:53 - [TEST_STEP][PASSED] - verifyElementPropertyValue(getResponse, "offers[4].groups[0].pricingPlans[0].visualElements[9].key", "currency"): Verify element property value successfully

2023-10-18 16:29:53 - [MESSAGE][PASSED] - Verify element property value successfully

2023-10-18 16:29:53 - [TEST_STEP][PASSED] - verifyElementPropertyValue(getResponse, "offers[4].groups[0].pricingPlans[0].visualElements[9].value", "KWD"): Verify element property value successfully

2023-10-18 16:29:53 - [MESSAGE][PASSED] - Verify element property value successfully

2023-10-18 16:29:53 - [TEST_STEP][PASSED] - verifyElementPropertyValue(getResponse, "offers[4].groups[0].pricingPlans[0].visualElements[10].key", "duration"): Verify element property value successfully

2023-10-18 16:29:53 - [MESSAGE][PASSED] - Verify element property value successfully

2023-10-18 16:29:53 - [TEST_STEP][PASSED] - verifyElementPropertyValue(getResponse, "offers[4].groups[0].pricingPlans[0].visualElements[10].value", "شهرياً"): Verify element property value successfully

2023-10-18 16:29:53 - [MESSAGE][PASSED] - Verify element property value successfully

2023-10-18 16:29:53 - [TEST_STEP][PASSED] - verifyElementPropertyValue(getResponse, "offers[4].groups[0].pricingPlans[0].visualElements[11].key", "featured_tag_text"): Verify element property value successfully

2023-10-18 16:29:53 - [MESSAGE][PASSED] - Verify element property value successfully

2023-10-18 16:29:53 - [TEST_STEP][PASSED] - verifyElementPropertyValue(getResponse, "offers[4].groups[0].pricingPlans[0].visualElements[11].value", "عرض لمدة محدودة"): Verify element property value successfully

2023-10-18 16:29:53 - [MESSAGE][PASSED] - Verify element property value successfully

2023-10-18 16:29:53 - [TEST_STEP][PASSED] - verifyElementPropertyValue(getResponse, "offers[4].groups[0].pricingPlans[0].visualElements[13].key", "tag_text"): Verify element property value successfully

2023-10-18 16:29:53 - [MESSAGE][PASSED] - Verify element property value successfully

2023-10-18 16:29:53 - [TEST_STEP][PASSED] - verifyElementPropertyValue(getResponse, "offers[4].groups[0].pricingPlans[0].visualElements[13].value", "وفر 40%"): Verify element property value successfully

2023-10-18 16:29:53 - [MESSAGE][PASSED] - Verify element property value successfully

2023-10-18 16:29:53 - [TEST_STEP][PASSED] - verifyElementPropertyValue(getResponse, "offers[4].groups[0].pricingPlans[0].visualElements[12].key", "show_tag"): Verify element property value successfully

2023-10-18 16:29:53 - [MESSAGE][PASSED] - Verify element property value successfully

2023-10-18 16:29:53 - [TEST_STEP][PASSED] - verifyElementPropertyValue(getResponse, "offers[4].groups[0].pricingPlans[0].visualElements[12].value", "true"): Verify element property value successfully

2023-10-18 16:29:53 - [MESSAGE][PASSED] - Verify element property value successfully

2023-10-18 16:29:53 - [TEST_STEP][PASSED] - verifyElementPropertyValue(getResponse, "offers[4].groups[0].pricingPlans[0].pricingPlanData[0].productId", "KWT_B2C_SHAHID_VIP_SPORT_1M"): Verify element property value successfully

2023-10-18 16:29:53 - [MESSAGE][PASSED] - Verify element property value successfully

2023-10-18 16:29:53 - [TEST_STEP][PASSED] - verifyElementPropertyValue(getResponse, "offers[4].groups[0].pricingPlans[0].pricingPlanData[0].subPricingPlanIds", "[net.shahid.monthly.vipsports]"): Verify element property value successfully

2023-10-18 16:29:53 - [MESSAGE][PASSED] - Verify element property value successfully

2023-10-18 16:29:53 - [TEST_STEP][PASSED] - verifyElementPropertyValue(getResponse, "offers[4].groups[0].pricingPlans[0].pricingPlanData[0].paymentMethod", "GOOGLE_IAP"): Verify element property value successfully

2023-10-18 16:29:53 - [MESSAGE][PASSED] - Verify element property value successfully

2023-10-18 16:29:53 - [TEST_STEP][PASSED] - verifyElementPropertyValue(getResponse, "offers[4].groups[0].pricingPlans[0].pricingPlanData[0].freeTrialEnabled", "false"): Verify element property value successfully

2023-10-18 16:29:53 - [MESSAGE][PASSED] - Verify element property value successfully

2023-10-18 16:29:53 - [TEST_STEP][PASSED] - verifyElementPropertyValue(getResponse, "offers[4].groups[0].pricingPlans[0].pricingPlanData[0].priceLabel", "3.49"): Verify element property value successfully

2023-10-18 16:29:53 - [MESSAGE][PASSED] - Verify element property value successfully

2023-10-18 16:29:53 - [TEST_STEP][PASSED] - verifyElementPropertyValue(getResponse, "offers[4].groups[0].pricingPlans[0].pricingPlanData[0].currencyLabel", "KWD"): Verify element property value successfully

2023-10-18 16:29:53 - [MESSAGE][PASSED] - Verify element property value successfully

2023-10-18 16:29:53 - [TEST_STEP][PASSED] - verifyElementPropertyValue(getResponse, "offers[4].groups[0].pricingPlans[0].pricingPlanData[0].dealId", "GW_WB_SPORT_40P_KWT"): Verify element property value successfully

2023-10-18 16:29:53 - [MESSAGE][PASSED] - Verify element property value successfully

2023-10-18 16:29:53 - [TEST_STEP][PASSED] - verifyElementPropertyValue(getResponse, "offers[4].groups[0].pricingPlans[0].pricingPlanData[0].allowedForAcquisition", "true"): Verify element property value successfully

2023-10-18 16:29:53 - [MESSAGE][PASSED] - Verify element property value successfully

2023-10-18 16:29:53 - [TEST_STEP][PASSED] - verifyElementPropertyValue(getResponse, "offers[4].groups[0].pricingPlans[0].pricingPlanData[0].visualElements[1].key", "CTA_text"): Verify element property value successfully

2023-10-18 16:29:53 - [MESSAGE][PASSED] - Verify element property value successfully

2023-10-18 16:29:53 - [TEST_STEP][PASSED] - verifyElementPropertyValue(getResponse, "offers[4].groups[0].pricingPlans[0].pricingPlanData[0].visualElements[1].value", "اشترك"): Verify element property value successfully

2023-10-18 16:29:53 - [MESSAGE][PASSED] - Verify element property value successfully

2023-10-18 16:29:53 - [TEST_STEP][PASSED] - verifyElementPropertyValue(getResponse, "offers[4].groups[0].pricingPlans[0].pricingPlanData[0].visualElements[2].key", "logo"): Verify element property value successfully

2023-10-18 16:29:53 - [MESSAGE][PASSED] - Verify element property value successfully

2023-10-18 16:29:53 - [TEST_STEP][PASSED] - verifyElementPropertyValue(getResponse, "offers[4].groups[0].pricingPlans[0].pricingPlanData[0].visualElements[2].value", "google"): Verify element property value successfully

2023-10-18 16:29:53 - [MESSAGE][PASSED] - Verify element property value successfully

2023-10-18 16:29:53 - [TEST_STEP][PASSED] - verifyElementPropertyValue(getResponse, "offers[5].offerId", "winback-sport-50-offer"): Verify element property value successfully

2023-10-18 16:29:53 - [MESSAGE][PASSED] - Verify element property value successfully

2023-10-18 16:29:53 - [TEST_STEP][PASSED] - verifyElementPropertyValue(getResponse, "offers[5].offerParam", "sportsoffer50"): Verify element property value successfully

2023-10-18 16:29:53 - [MESSAGE][PASSED] - Verify element property value successfully

2023-10-18 16:29:53 - [TEST_STEP][PASSED] - verifyElementPropertyValue(getResponse, "offers[5].groups[0].pricingPlans[0].featured", "true"): Verify element property value successfully

2023-10-18 16:29:53 - [MESSAGE][PASSED] - Verify element property value successfully

2023-10-18 16:29:53 - [TEST_STEP][PASSED] - verifyElementPropertyValue(getResponse, "offers[5].groups[0].pricingPlans[0].period", "monthly"): Verify element property value successfully

2023-10-18 16:29:53 - [MESSAGE][PASSED] - Verify element property value successfully

2023-10-18 16:29:53 - [TEST_STEP][PASSED] - verifyElementPropertyValue(getResponse, "offers[5].groups[0].pricingPlans[0].featured", "true"): Verify element property value successfully

2023-10-18 16:29:53 - [MESSAGE][PASSED] - Verify element property value successfully

2023-10-18 16:29:53 - [TEST_STEP][PASSED] - verifyElementPropertyValue(getResponse, "offers[5].groups[0].pricingPlans[0].price", "2.89"): Verify element property value successfully

2023-10-18 16:29:53 - [MESSAGE][PASSED] - Verify element property value successfully

2023-10-18 16:29:53 - [TEST_STEP][PASSED] - verifyElementPropertyValue(getResponse, "offers[5].groups[0].pricingPlans[0].currency", "KWD"): Verify element property value successfully

2023-10-18 16:29:53 - [MESSAGE][PASSED] - Verify element property value successfully

2023-10-18 16:29:53 - [TEST_STEP][PASSED] - verifyElementPropertyValue(getResponse, "offers[5].groups[0].pricingPlans[0].order", "0"): Verify element property value successfully

2023-10-18 16:29:53 - [MESSAGE][PASSED] - Verify element property value successfully

2023-10-18 16:29:53 - [TEST_STEP][PASSED] - verifyElementPropertyValue(getResponse, "offers[5].groups[0].pricingPlans[0].packageId", "SHAHID_VIP_SPORT"): Verify element property value successfully

2023-10-18 16:29:53 - [MESSAGE][PASSED] - Verify element property value successfully

2023-10-18 16:29:53 - [TEST_STEP][PASSED] - verifyElementPropertyValue(getResponse, "offers[5].groups[0].pricingPlans[0].catalogId", "SPORT"): Verify element property value successfully

2023-10-18 16:29:53 - [MESSAGE][PASSED] - Verify element property value successfully

2023-10-18 16:29:53 - [TEST_STEP][PASSED] - verifyElementPropertyValue(getResponse, "offers[5].groups[0].pricingPlans[0].visualElements[0].key", "Header_1_text"): Verify element property value successfully

2023-10-18 16:29:53 - [MESSAGE][PASSED] - Verify element property value successfully

2023-10-18 16:29:53 - [TEST_STEP][PASSED] - verifyElementPropertyValue(getResponse, "offers[5].groups[0].pricingPlans[0].visualElements[0].value", "شاهد أقوى المسلسلات و الأفلام حصرياً دون توقف"): Verify element property value successfully

2023-10-18 16:29:53 - [MESSAGE][PASSED] - Verify element property value successfully

2023-10-18 16:29:53 - [TEST_STEP][PASSED] - verifyElementPropertyValue(getResponse, "offers[5].groups[0].pricingPlans[0].visualElements[1].key", "display_title"): Verify element property value successfully

2023-10-18 16:29:53 - [MESSAGE][PASSED] - Verify element property value successfully

2023-10-18 16:29:53 - [TEST_STEP][PASSED] - verifyElementPropertyValue(getResponse, "offers[5].groups[0].pricingPlans[0].visualElements[1].value", "احصل على خصم 50%"): Verify element property value successfully

2023-10-18 16:29:53 - [MESSAGE][PASSED] - Verify element property value successfully

2023-10-18 16:29:53 - [TEST_STEP][PASSED] - verifyElementPropertyValue(getResponse, "offers[5].groups[0].pricingPlans[0].visualElements[3].key", "deduction_text"): Verify element property value successfully

2023-10-18 16:29:53 - [MESSAGE][PASSED] - Verify element property value successfully

2023-10-18 16:29:53 - [TEST_STEP][PASSED] - verifyElementPropertyValue(getResponse, "offers[5].groups[0].pricingPlans[0].visualElements[3].value", "تدفع شهرياً"): Verify element property value successfully

2023-10-18 16:29:53 - [MESSAGE][PASSED] - Verify element property value successfully

2023-10-18 16:29:53 - [TEST_STEP][PASSED] - verifyElementPropertyValue(getResponse, "offers[5].groups[0].pricingPlans[0].visualElements[6].key", "show_payment_logo"): Verify element property value successfully

2023-10-18 16:29:53 - [MESSAGE][PASSED] - Verify element property value successfully

2023-10-18 16:29:53 - [TEST_STEP][PASSED] - verifyElementPropertyValue(getResponse, "offers[5].groups[0].pricingPlans[0].visualElements[6].value", "true"): Verify element property value successfully

2023-10-18 16:29:53 - [MESSAGE][PASSED] - Verify element property value successfully

2023-10-18 16:29:53 - [TEST_STEP][PASSED] - verifyElementPropertyValue(getResponse, "offers[5].groups[0].pricingPlans[0].visualElements[8].key", "price"): Verify element property value successfully

2023-10-18 16:29:53 - [MESSAGE][PASSED] - Verify element property value successfully

2023-10-18 16:29:53 - [TEST_STEP][PASSED] - verifyElementPropertyValue(getResponse, "offers[5].groups[0].pricingPlans[0].visualElements[8].value", "2.89"): Verify element property value successfully

2023-10-18 16:29:53 - [MESSAGE][PASSED] - Verify element property value successfully

2023-10-18 16:29:53 - [TEST_STEP][PASSED] - verifyElementPropertyValue(getResponse, "offers[5].groups[0].pricingPlans[0].visualElements[9].key", "currency"): Verify element property value successfully

2023-10-18 16:29:53 - [MESSAGE][PASSED] - Verify element property value successfully

2023-10-18 16:29:53 - [TEST_STEP][PASSED] - verifyElementPropertyValue(getResponse, "offers[5].groups[0].pricingPlans[0].visualElements[9].value", "KWD"): Verify element property value successfully

2023-10-18 16:29:53 - [MESSAGE][PASSED] - Verify element property value successfully

2023-10-18 16:29:53 - [TEST_STEP][PASSED] - verifyElementPropertyValue(getResponse, "offers[5].groups[0].pricingPlans[0].visualElements[10].key", "duration"): Verify element property value successfully

2023-10-18 16:29:53 - [MESSAGE][PASSED] - Verify element property value successfully

2023-10-18 16:29:53 - [TEST_STEP][PASSED] - verifyElementPropertyValue(getResponse, "offers[5].groups[0].pricingPlans[0].visualElements[10].value", "شهرياً"): Verify element property value successfully

2023-10-18 16:29:53 - [MESSAGE][PASSED] - Verify element property value successfully

2023-10-18 16:29:53 - [TEST_STEP][PASSED] - verifyElementPropertyValue(getResponse, "offers[5].groups[0].pricingPlans[0].visualElements[11].key", "featured_tag_text"): Verify element property value successfully

2023-10-18 16:29:53 - [MESSAGE][PASSED] - Verify element property value successfully

2023-10-18 16:29:53 - [TEST_STEP][PASSED] - verifyElementPropertyValue(getResponse, "offers[5].groups[0].pricingPlans[0].visualElements[11].value", "عرض لمدة محدودة"): Verify element property value successfully

2023-10-18 16:29:53 - [MESSAGE][PASSED] - Verify element property value successfully

2023-10-18 16:29:53 - [TEST_STEP][PASSED] - verifyElementPropertyValue(getResponse, "offers[5].groups[0].pricingPlans[0].visualElements[13].key", "tag_text"): Verify element property value successfully

2023-10-18 16:29:53 - [MESSAGE][PASSED] - Verify element property value successfully

2023-10-18 16:29:53 - [TEST_STEP][PASSED] - verifyElementPropertyValue(getResponse, "offers[5].groups[0].pricingPlans[0].visualElements[13].value", "وفر 50%"): Verify element property value successfully

2023-10-18 16:29:53 - [MESSAGE][PASSED] - Verify element property value successfully

2023-10-18 16:29:53 - [TEST_STEP][PASSED] - verifyElementPropertyValue(getResponse, "offers[5].groups[0].pricingPlans[0].visualElements[12].key", "show_tag"): Verify element property value successfully

2023-10-18 16:29:53 - [MESSAGE][PASSED] - Verify element property value successfully

2023-10-18 16:29:53 - [TEST_STEP][PASSED] - verifyElementPropertyValue(getResponse, "offers[5].groups[0].pricingPlans[0].visualElements[12].value", "true"): Verify element property value successfully

2023-10-18 16:29:53 - [MESSAGE][PASSED] - Verify element property value successfully

2023-10-18 16:29:53 - [TEST_STEP][PASSED] - verifyElementPropertyValue(getResponse, "offers[5].groups[0].pricingPlans[0].pricingPlanData[0].productId", "KWT_B2C_SHAHID_VIP_SPORT_1M"): Verify element property value successfully

2023-10-18 16:29:53 - [MESSAGE][PASSED] - Verify element property value successfully

2023-10-18 16:29:53 - [TEST_STEP][PASSED] - verifyElementPropertyValue(getResponse, "offers[5].groups[0].pricingPlans[0].pricingPlanData[0].subPricingPlanIds", "[net.shahid.monthly.vipsports]"): Verify element property value successfully

2023-10-18 16:29:53 - [MESSAGE][PASSED] - Verify element property value successfully

2023-10-18 16:29:53 - [TEST_STEP][PASSED] - verifyElementPropertyValue(getResponse, "offers[5].groups[0].pricingPlans[0].pricingPlanData[0].paymentMethod", "GOOGLE_IAP"): Verify element property value successfully

2023-10-18 16:29:53 - [MESSAGE][PASSED] - Verify element property value successfully

2023-10-18 16:29:53 - [TEST_STEP][PASSED] - verifyElementPropertyValue(getResponse, "offers[5].groups[0].pricingPlans[0].pricingPlanData[0].freeTrialEnabled", "false"): Verify element property value successfully

2023-10-18 16:29:53 - [MESSAGE][PASSED] - Verify element property value successfully

2023-10-18 16:29:53 - [TEST_STEP][PASSED] - verifyElementPropertyValue(getResponse, "offers[5].groups[0].pricingPlans[0].pricingPlanData[0].priceLabel", "2.89"): Verify element property value successfully

2023-10-18 16:29:53 - [MESSAGE][PASSED] - Verify element property value successfully

2023-10-18 16:29:53 - [TEST_STEP][PASSED] - verifyElementPropertyValue(getResponse, "offers[5].groups[0].pricingPlans[0].pricingPlanData[0].currencyLabel", "KWD"): Verify element property value successfully

2023-10-18 16:29:53 - [MESSAGE][PASSED] - Verify element property value successfully

2023-10-18 16:29:53 - [TEST_STEP][PASSED] - verifyElementPropertyValue(getResponse, "offers[5].groups[0].pricingPlans[0].pricingPlanData[0].dealId", "GW_WB_SPORT_50P_KWT"): Verify element property value successfully

2023-10-18 16:29:53 - [MESSAGE][PASSED] - Verify element property value successfully

2023-10-18 16:29:53 - [TEST_STEP][PASSED] - verifyElementPropertyValue(getResponse, "offers[5].groups[0].pricingPlans[0].pricingPlanData[0].allowedForAcquisition", "true"): Verify element property value successfully

2023-10-18 16:29:53 - [MESSAGE][PASSED] - Verify element property value successfully

2023-10-18 16:29:53 - [TEST_STEP][PASSED] - verifyElementPropertyValue(getResponse, "offers[5].groups[0].pricingPlans[0].pricingPlanData[0].visualElements[1].key", "CTA_text"): Verify element property value successfully

2023-10-18 16:29:53 - [MESSAGE][PASSED] - Verify element property value successfully

2023-10-18 16:29:53 - [TEST_STEP][PASSED] - verifyElementPropertyValue(getResponse, "offers[5].groups[0].pricingPlans[0].pricingPlanData[0].visualElements[1].value", "اشترك"): Verify element property value successfully

2023-10-18 16:29:53 - [MESSAGE][PASSED] - Verify element property value successfully

2023-10-18 16:29:53 - [TEST_STEP][PASSED] - verifyElementPropertyValue(getResponse, "offers[5].groups[0].pricingPlans[0].pricingPlanData[0].visualElements[2].key", "logo"): Verify element property value successfully

2023-10-18 16:29:53 - [MESSAGE][PASSED] - Verify element property value successfully

2023-10-18 16:29:53 - [TEST_STEP][PASSED] - verifyElementPropertyValue(getResponse, "offers[5].groups[0].pricingPlans[0].pricingPlanData[0].visualElements[2].value", "google"): Verify element property value successfully

2023-10-18 16:29:53 - [MESSAGE][PASSED] - Verify element property value successfully

2023-10-18 16:29:53 - [TEST_STEP][PASSED] - verifyElementPropertyValue(getResponse, "groups[0].pricingPlans[0].featured", "true"): Verify element property value successfully

2023-10-18 16:29:53 - [MESSAGE][PASSED] - Verify element property value successfully

2023-10-18 16:29:53 - [TEST_STEP][PASSED] - verifyElementPropertyValue(getResponse, "groups[0].pricingPlans[0].packageId", "SHAHID_VIP_SPORT"): Verify element property value successfully

2023-10-18 16:29:53 - [MESSAGE][PASSED] - Verify element property value successfully

2023-10-18 16:29:53 - [TEST_STEP][PASSED] - verifyElementPropertyValue(getResponse, "groups[0].pricingPlans[0].catalogId", "SPORT"): Verify element property value successfully

2023-10-18 16:29:53 - [MESSAGE][PASSED] - Verify element property value successfully

2023-10-18 16:29:53 - [TEST_STEP][PASSED] - verifyElementPropertyValue(getResponse, "groups[0].pricingPlans[0].visualElements[0].key", "Header_1_text"): Verify element property value successfully

2023-10-18 16:29:53 - [MESSAGE][PASSED] - Verify element property value successfully

2023-10-18 16:29:53 - [TEST_STEP][PASSED] - verifyElementPropertyValue(getResponse, "groups[0].pricingPlans[0].visualElements[0].value", "شاهد أقوى المسلسلات و الأفلام حصرياً دون توقف"): Verify element property value successfully

2023-10-18 16:29:53 - [MESSAGE][PASSED] - Verify element property value successfully

2023-10-18 16:29:53 - [TEST_STEP][PASSED] - verifyElementPropertyValue(getResponse, "groups[0].pricingPlans[0].visualElements[1].key", "display_title"): Verify element property value successfully

2023-10-18 16:29:53 - [MESSAGE][PASSED] - Verify element property value successfully

2023-10-18 16:29:53 - [TEST_STEP][PASSED] - verifyElementPropertyValue(getResponse, "groups[0].pricingPlans[0].visualElements[1].value", "الاشتراك الشهري  "): Verify element property value successfully

2023-10-18 16:29:53 - [MESSAGE][PASSED] - Verify element property value successfully

2023-10-18 16:29:53 - [TEST_STEP][PASSED] - verifyElementPropertyValue(getResponse, "groups[0].pricingPlans[0].visualElements[2].key", "promo_text"): Verify element property value successfully

2023-10-18 16:29:53 - [MESSAGE][PASSED] - Verify element property value successfully

2023-10-18 16:29:53 - [TEST_STEP][PASSED] - verifyElementPropertyValue(getResponse, "groups[0].pricingPlans[0].visualElements[2].value", "5.69 KWD / شهرياً"): Verify element property value successfully

2023-10-18 16:29:53 - [MESSAGE][PASSED] - Verify element property value successfully

2023-10-18 16:29:53 - [TEST_STEP][PASSED] - verifyElementPropertyValue(getResponse, "groups[0].pricingPlans[0].visualElements[3].key", "deduction_text"): Verify element property value successfully

2023-10-18 16:29:53 - [MESSAGE][PASSED] - Verify element property value successfully

2023-10-18 16:29:53 - [TEST_STEP][PASSED] - verifyElementPropertyValue(getResponse, "groups[0].pricingPlans[0].visualElements[3].value", "تدفع شهرياً"): Verify element property value successfully

2023-10-18 16:29:53 - [MESSAGE][PASSED] - Verify element property value successfully

2023-10-18 16:29:53 - [TEST_STEP][PASSED] - verifyElementPropertyValue(getResponse, "groups[0].pricingPlans[0].visualElements[6].key", "show_payment_logo"): Verify element property value successfully

2023-10-18 16:29:53 - [MESSAGE][PASSED] - Verify element property value successfully

2023-10-18 16:29:53 - [TEST_STEP][PASSED] - verifyElementPropertyValue(getResponse, "groups[0].pricingPlans[0].visualElements[6].value", "true"): Verify element property value successfully

2023-10-18 16:29:53 - [MESSAGE][PASSED] - Verify element property value successfully

2023-10-18 16:29:53 - [TEST_STEP][PASSED] - verifyElementPropertyValue(getResponse, "groups[0].pricingPlans[0].visualElements[8].key", "price"): Verify element property value successfully

2023-10-18 16:29:53 - [MESSAGE][PASSED] - Verify element property value successfully

2023-10-18 16:29:53 - [TEST_STEP][PASSED] - verifyElementPropertyValue(getResponse, "groups[0].pricingPlans[0].visualElements[8].value", "5.69"): Verify element property value successfully

2023-10-18 16:29:53 - [MESSAGE][PASSED] - Verify element property value successfully

2023-10-18 16:29:53 - [TEST_STEP][PASSED] - verifyElementPropertyValue(getResponse, "groups[0].pricingPlans[0].visualElements[9].key", "currency"): Verify element property value successfully

2023-10-18 16:29:53 - [MESSAGE][PASSED] - Verify element property value successfully

2023-10-18 16:29:53 - [TEST_STEP][PASSED] - verifyElementPropertyValue(getResponse, "groups[0].pricingPlans[0].visualElements[9].value", "KWD"): Verify element property value successfully

2023-10-18 16:29:53 - [MESSAGE][PASSED] - Verify element property value successfully

2023-10-18 16:29:53 - [TEST_STEP][PASSED] - verifyElementPropertyValue(getResponse, "groups[0].pricingPlans[0].visualElements[10].key", "duration"): Verify element property value successfully

2023-10-18 16:29:53 - [MESSAGE][PASSED] - Verify element property value successfully

2023-10-18 16:29:53 - [TEST_STEP][PASSED] - verifyElementPropertyValue(getResponse, "groups[0].pricingPlans[0].visualElements[10].value", "شهرياً"): Verify element property value successfully

2023-10-18 16:29:53 - [MESSAGE][PASSED] - Verify element property value successfully

2023-10-18 16:29:53 - [TEST_STEP][PASSED] - verifyElementPropertyValue(getResponse, "groups[0].pricingPlans[0].order", "3"): Verify element property value successfully

2023-10-18 16:29:53 - [MESSAGE][PASSED] - Verify element property value successfully

2023-10-18 16:29:53 - [TEST_STEP][PASSED] - verifyElementPropertyValue(getResponse, "groups[0].pricingPlans[0].period", "monthly"): Verify element property value successfully

2023-10-18 16:29:53 - [MESSAGE][PASSED] - Verify element property value successfully

2023-10-18 16:29:53 - [TEST_STEP][PASSED] - verifyElementPropertyValue(getResponse, "groups[0].pricingPlans[0].price", "5.69"): Verify element property value successfully

2023-10-18 16:29:53 - [MESSAGE][PASSED] - Verify element property value successfully

2023-10-18 16:29:53 - [TEST_STEP][PASSED] - verifyElementPropertyValue(getResponse, "groups[0].pricingPlans[0].currency", "KWD"): Verify element property value successfully

2023-10-18 16:29:53 - [MESSAGE][PASSED] - Verify element property value successfully

2023-10-18 16:29:53 - [TEST_STEP][PASSED] - verifyElementPropertyValue(getResponse, "groups[0].pricingPlans[0].pricingPlanData[0].productId", "KWT_B2C_SHAHID_VIP_SPORT_1M"): Verify element property value successfully

2023-10-18 16:29:53 - [MESSAGE][PASSED] - Verify element property value successfully

2023-10-18 16:29:53 - [TEST_STEP][PASSED] - verifyElementPropertyValue(getResponse, "groups[0].pricingPlans[0].pricingPlanData[0].subPricingPlanIds", "[net.shahid.monthly.vipsports]"): Verify element property value successfully

2023-10-18 16:29:53 - [MESSAGE][PASSED] - Verify element property value successfully

2023-10-18 16:29:53 - [TEST_STEP][PASSED] - verifyElementPropertyValue(getResponse, "groups[0].pricingPlans[0].pricingPlanData[0].paymentMethod", "GOOGLE_IAP"): Verify element property value successfully

2023-10-18 16:29:53 - [MESSAGE][PASSED] - Verify element property value successfully

2023-10-18 16:29:53 - [TEST_STEP][PASSED] - verifyElementPropertyValue(getResponse, "groups[0].pricingPlans[0].pricingPlanData[0].freeTrialEnabled", "false"): Verify element property value successfully

2023-10-18 16:29:53 - [MESSAGE][PASSED] - Verify element property value successfully

2023-10-18 16:29:53 - [TEST_STEP][PASSED] - verifyElementPropertyValue(getResponse, "groups[0].pricingPlans[0].pricingPlanData[0].visualElements[1].key", "CTA_text"): Verify element property value successfully

2023-10-18 16:29:53 - [MESSAGE][PASSED] - Verify element property value successfully

2023-10-18 16:29:53 - [TEST_STEP][PASSED] - verifyElementPropertyValue(getResponse, "groups[0].pricingPlans[0].pricingPlanData[0].visualElements[1].value", "اشترك"): Verify element property value successfully

2023-10-18 16:29:53 - [MESSAGE][PASSED] - Verify element property value successfully

2023-10-18 16:29:53 - [TEST_STEP][PASSED] - verifyElementPropertyValue(getResponse, "groups[0].pricingPlans[0].pricingPlanData[0].visualElements[2].key", "logo"): Verify element property value successfully

2023-10-18 16:29:53 - [MESSAGE][PASSED] - Verify element property value successfully

2023-10-18 16:29:53 - [TEST_STEP][PASSED] - verifyElementPropertyValue(getResponse, "groups[0].pricingPlans[0].pricingPlanData[0].visualElements[2].value", "google"): Verify element property value successfully

2023-10-18 16:29:53 - [MESSAGE][PASSED] - Verify element property value successfully

2023-10-18 16:29:53 - [TEST_STEP][PASSED] - verifyElementPropertyValue(getResponse, "groups[0].pricingPlans[0].pricingPlanData[0].priceLabel", "5.69"): Verify element property value successfully

2023-10-18 16:29:53 - [MESSAGE][PASSED] - Verify element property value successfully

2023-10-18 16:29:53 - [TEST_STEP][PASSED] - verifyElementPropertyValue(getResponse, "groups[0].pricingPlans[0].pricingPlanData[0].currencyLabel", "KWD"): Verify element property value successfully

2023-10-18 16:29:53 - [MESSAGE][PASSED] - Verify element property value successfully

2023-10-18 16:29:53 - [TEST_STEP][PASSED] - verifyElementPropertyValue(getResponse, "groups[0].pricingPlans[2].featured", "false"): Verify element property value successfully

2023-10-18 16:29:53 - [MESSAGE][PASSED] - Verify element property value successfully

2023-10-18 16:29:53 - [TEST_STEP][PASSED] - verifyElementPropertyValue(getResponse, "groups[0].pricingPlans[2].packageId", "SHAHID_VIP_SPORT"): Verify element property value successfully

2023-10-18 16:29:53 - [MESSAGE][PASSED] - Verify element property value successfully

2023-10-18 16:29:53 - [TEST_STEP][PASSED] - verifyElementPropertyValue(getResponse, "groups[0].pricingPlans[2].catalogId", "SPORT"): Verify element property value successfully

2023-10-18 16:29:53 - [MESSAGE][PASSED] - Verify element property value successfully

2023-10-18 16:29:53 - [TEST_STEP][PASSED] - verifyElementPropertyValue(getResponse, "groups[0].pricingPlans[2].visualElements[0].key", "Header_1_text"): Verify element property value successfully

2023-10-18 16:29:53 - [MESSAGE][PASSED] - Verify element property value successfully

2023-10-18 16:29:53 - [TEST_STEP][PASSED] - verifyElementPropertyValue(getResponse, "groups[0].pricingPlans[2].visualElements[0].value", "شاهد أقوى المسلسلات و الأفلام حصرياً دون توقف"): Verify element property value successfully

2023-10-18 16:29:53 - [MESSAGE][PASSED] - Verify element property value successfully

2023-10-18 16:29:53 - [TEST_STEP][PASSED] - verifyElementPropertyValue(getResponse, "groups[0].pricingPlans[2].visualElements[1].key", "display_title"): Verify element property value successfully

2023-10-18 16:29:53 - [MESSAGE][PASSED] - Verify element property value successfully

2023-10-18 16:29:53 - [TEST_STEP][PASSED] - verifyElementPropertyValue(getResponse, "groups[0].pricingPlans[2].visualElements[1].value", "الاشتراك السنوي "): Verify element property value successfully

2023-10-18 16:29:53 - [MESSAGE][PASSED] - Verify element property value successfully

2023-10-18 16:29:53 - [TEST_STEP][PASSED] - verifyElementPropertyValue(getResponse, "groups[0].pricingPlans[2].visualElements[2].key", "tag_text"): Verify element property value successfully

2023-10-18 16:29:53 - [MESSAGE][PASSED] - Verify element property value successfully

2023-10-18 16:29:53 - [TEST_STEP][PASSED] - verifyElementPropertyValue(getResponse, "groups[0].pricingPlans[2].visualElements[2].value", "وفر17%"): Verify element property value successfully

2023-10-18 16:29:53 - [MESSAGE][PASSED] - Verify element property value successfully

2023-10-18 16:29:53 - [TEST_STEP][PASSED] - verifyElementPropertyValue(getResponse, "groups[0].pricingPlans[2].visualElements[3].key", "promo_text"): Verify element property value successfully

2023-10-18 16:29:53 - [MESSAGE][PASSED] - Verify element property value successfully

2023-10-18 16:29:53 - [TEST_STEP][PASSED] - verifyElementPropertyValue(getResponse, "groups[0].pricingPlans[2].visualElements[3].value", "4.74 KWD / شهرياً"): Verify element property value successfully

2023-10-18 16:29:54 - [MESSAGE][PASSED] - Verify element property value successfully

2023-10-18 16:29:54 - [TEST_STEP][PASSED] - verifyElementPropertyValue(getResponse, "groups[0].pricingPlans[2].visualElements[4].key", "deduction_text"): Verify element property value successfully

2023-10-18 16:29:54 - [MESSAGE][PASSED] - Verify element property value successfully

2023-10-18 16:29:54 - [TEST_STEP][PASSED] - verifyElementPropertyValue(getResponse, "groups[0].pricingPlans[2].visualElements[4].value", " 56.99 KWD  تدفع سنوياً"): Verify element property value successfully

2023-10-18 16:29:54 - [MESSAGE][PASSED] - Verify element property value successfully

2023-10-18 16:29:54 - [TEST_STEP][PASSED] - verifyElementPropertyValue(getResponse, "groups[0].pricingPlans[2].visualElements[7].key", "show_payment_logo"): Verify element property value successfully

2023-10-18 16:29:54 - [MESSAGE][PASSED] - Verify element property value successfully

2023-10-18 16:29:54 - [TEST_STEP][PASSED] - verifyElementPropertyValue(getResponse, "groups[0].pricingPlans[2].visualElements[7].value", "true"): Verify element property value successfully

2023-10-18 16:29:54 - [MESSAGE][PASSED] - Verify element property value successfully

2023-10-18 16:29:54 - [TEST_STEP][PASSED] - verifyElementPropertyValue(getResponse, "groups[0].pricingPlans[2].visualElements[8].key", "show_tag"): Verify element property value successfully

2023-10-18 16:29:54 - [MESSAGE][PASSED] - Verify element property value successfully

2023-10-18 16:29:54 - [TEST_STEP][PASSED] - verifyElementPropertyValue(getResponse, "groups[0].pricingPlans[2].visualElements[8].value", "true"): Verify element property value successfully

2023-10-18 16:29:54 - [MESSAGE][PASSED] - Verify element property value successfully

2023-10-18 16:29:54 - [TEST_STEP][PASSED] - verifyElementPropertyValue(getResponse, "groups[0].pricingPlans[2].visualElements[10].key", "price"): Verify element property value successfully

2023-10-18 16:29:54 - [MESSAGE][PASSED] - Verify element property value successfully

2023-10-18 16:29:54 - [TEST_STEP][PASSED] - verifyElementPropertyValue(getResponse, "groups[0].pricingPlans[2].visualElements[10].value", "56.99"): Verify element property value successfully

2023-10-18 16:29:54 - [MESSAGE][PASSED] - Verify element property value successfully

2023-10-18 16:29:54 - [TEST_STEP][PASSED] - verifyElementPropertyValue(getResponse, "groups[0].pricingPlans[2].visualElements[11].key", "currency"): Verify element property value successfully

2023-10-18 16:29:54 - [MESSAGE][PASSED] - Verify element property value successfully

2023-10-18 16:29:54 - [TEST_STEP][PASSED] - verifyElementPropertyValue(getResponse, "groups[0].pricingPlans[2].visualElements[11].value", "KWD"): Verify element property value successfully

2023-10-18 16:29:54 - [MESSAGE][PASSED] - Verify element property value successfully

2023-10-18 16:29:54 - [TEST_STEP][PASSED] - verifyElementPropertyValue(getResponse, "groups[0].pricingPlans[2].visualElements[12].key", "duration"): Verify element property value successfully

2023-10-18 16:29:54 - [MESSAGE][PASSED] - Verify element property value successfully

2023-10-18 16:29:54 - [TEST_STEP][PASSED] - verifyElementPropertyValue(getResponse, "groups[0].pricingPlans[2].visualElements[12].value", "سنوياً"): Verify element property value successfully

2023-10-18 16:29:54 - [MESSAGE][PASSED] - Verify element property value successfully

2023-10-18 16:29:54 - [TEST_STEP][PASSED] - verifyElementPropertyValue(getResponse, "groups[0].pricingPlans[2].order", "5"): Verify element property value successfully

2023-10-18 16:29:54 - [MESSAGE][PASSED] - Verify element property value successfully

2023-10-18 16:29:54 - [TEST_STEP][PASSED] - verifyElementPropertyValue(getResponse, "groups[0].pricingPlans[2].period", "yearly"): Verify element property value successfully

2023-10-18 16:29:54 - [MESSAGE][PASSED] - Verify element property value successfully

2023-10-18 16:29:54 - [TEST_STEP][PASSED] - verifyElementPropertyValue(getResponse, "groups[0].pricingPlans[2].price", "56.99"): Verify element property value successfully

2023-10-18 16:29:54 - [MESSAGE][PASSED] - Verify element property value successfully

2023-10-18 16:29:54 - [TEST_STEP][PASSED] - verifyElementPropertyValue(getResponse, "groups[0].pricingPlans[2].currency", "KWD"): Verify element property value successfully

2023-10-18 16:29:54 - [MESSAGE][PASSED] - Verify element property value successfully

2023-10-18 16:29:54 - [TEST_STEP][PASSED] - verifyElementPropertyValue(getResponse, "groups[0].pricingPlans[2].pricingPlanData[0].productId", "KWT_B2C_SHAHID_VIP_SPORT_12M"): Verify element property value successfully

2023-10-18 16:29:54 - [MESSAGE][PASSED] - Verify element property value successfully

2023-10-18 16:29:54 - [TEST_STEP][PASSED] - verifyElementPropertyValue(getResponse, "groups[0].pricingPlans[2].pricingPlanData[0].subPricingPlanIds", "[net.shahid.yearly.vipsports]"): Verify element property value successfully

2023-10-18 16:29:54 - [MESSAGE][PASSED] - Verify element property value successfully

2023-10-18 16:29:54 - [TEST_STEP][PASSED] - verifyElementPropertyValue(getResponse, "groups[0].pricingPlans[2].pricingPlanData[0].paymentMethod", "GOOGLE_IAP"): Verify element property value successfully

2023-10-18 16:29:54 - [MESSAGE][PASSED] - Verify element property value successfully

2023-10-18 16:29:54 - [TEST_STEP][PASSED] - verifyElementPropertyValue(getResponse, "groups[0].pricingPlans[2].pricingPlanData[0].freeTrialEnabled", "false"): Verify element property value successfully

2023-10-18 16:29:54 - [MESSAGE][PASSED] - Verify element property value successfully

2023-10-18 16:29:54 - [TEST_STEP][PASSED] - verifyElementPropertyValue(getResponse, "groups[0].pricingPlans[2].pricingPlanData[0].visualElements[1].key", "CTA_text"): Verify element property value successfully

2023-10-18 16:29:54 - [MESSAGE][PASSED] - Verify element property value successfully

2023-10-18 16:29:54 - [TEST_STEP][PASSED] - verifyElementPropertyValue(getResponse, "groups[0].pricingPlans[2].pricingPlanData[0].visualElements[1].value", "اشترك"): Verify element property value successfully

2023-10-18 16:29:54 - [MESSAGE][PASSED] - Verify element property value successfully

2023-10-18 16:29:54 - [TEST_STEP][PASSED] - verifyElementPropertyValue(getResponse, "groups[0].pricingPlans[2].pricingPlanData[0].visualElements[2].key", "logo"): Verify element property value successfully

2023-10-18 16:29:54 - [MESSAGE][PASSED] - Verify element property value successfully

2023-10-18 16:29:54 - [TEST_STEP][PASSED] - verifyElementPropertyValue(getResponse, "groups[0].pricingPlans[2].pricingPlanData[0].visualElements[2].value", "google"): Verify element property value successfully

2023-10-18 16:29:54 - [MESSAGE][PASSED] - Verify element property value successfully

2023-10-18 16:29:54 - [TEST_STEP][PASSED] - verifyElementPropertyValue(getResponse, "groups[0].pricingPlans[2].pricingPlanData[0].priceLabel", "56.99"): Verify element property value successfully

2023-10-18 16:29:54 - [MESSAGE][PASSED] - Verify element property value successfully

2023-10-18 16:29:54 - [TEST_STEP][PASSED] - verifyElementPropertyValue(getResponse, "groups[0].pricingPlans[2].pricingPlanData[0].currencyLabel", "KWD"): Verify element property value successfully

2023-10-18 16:29:54 - [MESSAGE][PASSED] - Verify element property value successfully

2023-10-18 16:29:54 - [TEST_STEP][PASSED] - verifyElementPropertyValue(getResponse, "groups[0].pricingPlans[2].pricingPlanData[0].allowedForAcquisition", "true"): Verify element property value successfully

2023-10-18 16:29:54 - [MESSAGE][PASSED] - Verify element property value successfully

2023-10-18 16:29:54 - [TEST_STEP][PASSED] - verifyElementPropertyValue(getResponse, "visualElements[0].key", "main_CTA_text_1"): Verify element property value successfully

2023-10-18 16:29:54 - [MESSAGE][PASSED] - Verify element property value successfully

2023-10-18 16:29:54 - [TEST_STEP][PASSED] - verifyElementPropertyValue(getResponse, "visualElements[0].value", "شاهد أقوى المسلسلات و الأفلام حصرياً دون توقف"): Verify element property value successfully

2023-10-18 16:29:54 - [MESSAGE][PASSED] - Verify element property value successfully

2023-10-18 16:29:54 - [TEST_STEP][PASSED] - verifyElementPropertyValue(getResponse, "visualElements[2].key", "main_disclaimer_text"): Verify element property value successfully

2023-10-18 16:29:54 - [MESSAGE][PASSED] - Verify element property value successfully

2023-10-18 16:29:54 - [TEST_STEP][PASSED] - verifyElementPropertyValue(getResponse, "visualElements[2].value", "العرض غير متاح للمشتركين السابقين عبر جوجل بلاي. رسوم الاشتراك قد تختلف بناءً على البلد أو طريقة الدفع أو باقة الاشتراك أو الضريبة المضافة أو معامل تحويل العملات والرسوم البنكية. تطبّق الشروط والأحكام."): Verify element property value successfully

2023-10-18 16:29:54 - [MESSAGE][PASSED] - Verify element property value successfully

2023-10-18 16:29:54 - [TEST_STEP][PASSED] - verifyElementPropertyValue(getResponse, "visualElements[4].key", "display_type"): Verify element property value successfully

2023-10-18 16:29:54 - [MESSAGE][PASSED] - Verify element property value successfully

2023-10-18 16:29:54 - [TEST_STEP][PASSED] - verifyElementPropertyValue(getResponse, "visualElements[4].value", "vertical"): Verify element property value successfully

2023-10-18 16:29:54 - [MESSAGE][PASSED] - Verify element property value successfully

2023-10-18 16:29:54 - [TEST_STEP][PASSED] - verifyElementPropertyValue(getResponse, "defaultPackageId", "SHAHID_VIP"): Verify element property value successfully

2023-10-18 16:29:54 - [MESSAGE][PASSED] - Verify element property value successfully]]></system-out>
         <system-err><![CDATA[]]></system-err>
      </testcase>
      <testcase name="Test Cases/ANDROID/KWT PI/ANDROID_FR_getSubscriptionConfigForKWT_SPORT" time="2.629" classname="Test Cases/ANDROID/KWT PI/ANDROID_FR_getSubscriptionConfigForKWT_SPORT" status="FAILED">
         <failure type="FAILED" message="Test Cases/ANDROID/KWT PI/ANDROID_FR_getSubscriptionConfigForKWT_SPORT FAILED.
Reason:
com.kms.katalon.core.exception.StepFailedException: Expected element property value 'Plan Annuel ' is not equal with actual property value 'Plan Annuel ​'
	at com.kms.katalon.core.keyword.internal.KeywordMain.stepFailed(KeywordMain.groovy:39)
	at com.kms.katalon.core.webservice.keyword.builtin.VerifyElementPropertyValueKeyword$_verifyElementPropertyValue_closure1.doCall(VerifyElementPropertyValueKeyword.groovy:56)
	at com.kms.katalon.core.webservice.keyword.builtin.VerifyElementPropertyValueKeyword$_verifyElementPropertyValue_closure1.call(VerifyElementPropertyValueKeyword.groovy)
	at com.kms.katalon.core.keyword.internal.KeywordMain.runKeyword(KeywordMain.groovy:75)
	at com.kms.katalon.core.webservice.keyword.builtin.VerifyElementPropertyValueKeyword.verifyElementPropertyValue(VerifyElementPropertyValueKeyword.groovy:48)
	at com.kms.katalon.core.webservice.keyword.builtin.VerifyElementPropertyValueKeyword.execute(VerifyElementPropertyValueKeyword.groovy:43)
	at com.kms.katalon.core.keyword.internal.KeywordExecutor.executeKeywordForPlatform(KeywordExecutor.groovy:74)
	at com.kms.katalon.core.webservice.keyword.WSBuiltInKeywords.verifyElementPropertyValue(WSBuiltInKeywords.groovy:190)
	at com.kms.katalon.core.webservice.keyword.WSBuiltInKeywords$verifyElementPropertyValue$1.call(Unknown Source)
	at ANDROID_FR_getSubscriptionConfigForKWT_SPORT.run(ANDROID_FR_getSubscriptionConfigForKWT_SPORT:247)
	at com.kms.katalon.core.main.ScriptEngine.run(ScriptEngine.java:194)
	at com.kms.katalon.core.main.ScriptEngine.runScriptAsRawText(ScriptEngine.java:119)
	at com.kms.katalon.core.main.TestCaseExecutor.runScript(TestCaseExecutor.java:448)
	at com.kms.katalon.core.main.TestCaseExecutor.doExecute(TestCaseExecutor.java:439)
	at com.kms.katalon.core.main.TestCaseExecutor.processExecutionPhase(TestCaseExecutor.java:418)
	at com.kms.katalon.core.main.TestCaseExecutor.accessMainPhase(TestCaseExecutor.java:410)
	at com.kms.katalon.core.main.TestCaseExecutor.execute(TestCaseExecutor.java:285)
	at com.kms.katalon.core.common.CommonExecutor.accessTestCaseMainPhase(CommonExecutor.java:65)
	at com.kms.katalon.core.main.TestSuiteExecutor.accessTestSuiteMainPhase(TestSuiteExecutor.java:148)
	at com.kms.katalon.core.main.TestSuiteExecutor.execute(TestSuiteExecutor.java:106)
	at com.kms.katalon.core.main.TestCaseMain.startTestSuite(TestCaseMain.java:187)
	at com.kms.katalon.core.main.TestCaseMain$startTestSuite$0.call(Unknown Source)
	at TempTestSuite1697635146473.run(TempTestSuite1697635146473.groovy:36)
"/>
         <system-out><![CDATA[2023-10-18 16:29:54 - [TEST_CASE][FAILED] - Test Cases/ANDROID/KWT PI/ANDROID_FR_getSubscriptionConfigForKWT_SPORT: Test Cases/ANDROID/KWT PI/ANDROID_FR_getSubscriptionConfigForKWT_SPORT FAILED.
Reason:
com.kms.katalon.core.exception.StepFailedException: Expected element property value 'Plan Annuel ' is not equal with actual property value 'Plan Annuel ​'
	at com.kms.katalon.core.keyword.internal.KeywordMain.stepFailed(KeywordMain.groovy:39)
	at com.kms.katalon.core.webservice.keyword.builtin.VerifyElementPropertyValueKeyword$_verifyElementPropertyValue_closure1.doCall(VerifyElementPropertyValueKeyword.groovy:56)
	at com.kms.katalon.core.webservice.keyword.builtin.VerifyElementPropertyValueKeyword$_verifyElementPropertyValue_closure1.call(VerifyElementPropertyValueKeyword.groovy)
	at com.kms.katalon.core.keyword.internal.KeywordMain.runKeyword(KeywordMain.groovy:75)
	at com.kms.katalon.core.webservice.keyword.builtin.VerifyElementPropertyValueKeyword.verifyElementPropertyValue(VerifyElementPropertyValueKeyword.groovy:48)
	at com.kms.katalon.core.webservice.keyword.builtin.VerifyElementPropertyValueKeyword.execute(VerifyElementPropertyValueKeyword.groovy:43)
	at com.kms.katalon.core.keyword.internal.KeywordExecutor.executeKeywordForPlatform(KeywordExecutor.groovy:74)
	at com.kms.katalon.core.webservice.keyword.WSBuiltInKeywords.verifyElementPropertyValue(WSBuiltInKeywords.groovy:190)
	at com.kms.katalon.core.webservice.keyword.WSBuiltInKeywords$verifyElementPropertyValue$1.call(Unknown Source)
	at ANDROID_FR_getSubscriptionConfigForKWT_SPORT.run(ANDROID_FR_getSubscriptionConfigForKWT_SPORT:247)
	at com.kms.katalon.core.main.ScriptEngine.run(ScriptEngine.java:194)
	at com.kms.katalon.core.main.ScriptEngine.runScriptAsRawText(ScriptEngine.java:119)
	at com.kms.katalon.core.main.TestCaseExecutor.runScript(TestCaseExecutor.java:448)
	at com.kms.katalon.core.main.TestCaseExecutor.doExecute(TestCaseExecutor.java:439)
	at com.kms.katalon.core.main.TestCaseExecutor.processExecutionPhase(TestCaseExecutor.java:418)
	at com.kms.katalon.core.main.TestCaseExecutor.accessMainPhase(TestCaseExecutor.java:410)
	at com.kms.katalon.core.main.TestCaseExecutor.execute(TestCaseExecutor.java:285)
	at com.kms.katalon.core.common.CommonExecutor.accessTestCaseMainPhase(CommonExecutor.java:65)
	at com.kms.katalon.core.main.TestSuiteExecutor.accessTestSuiteMainPhase(TestSuiteExecutor.java:148)
	at com.kms.katalon.core.main.TestSuiteExecutor.execute(TestSuiteExecutor.java:106)
	at com.kms.katalon.core.main.TestCaseMain.startTestSuite(TestCaseMain.java:187)
	at com.kms.katalon.core.main.TestCaseMain$startTestSuite$0.call(Unknown Source)
	at TempTestSuite1697635146473.run(TempTestSuite1697635146473.groovy:36)


2023-10-18 16:29:54 - [TEST_STEP][PASSED] - getResponse = config_files.getConfigFile.getConfig("ANDROID_APP", "FR", "SHAHID_VIP_SPORT", "KW", "false"): config_files.getConfigFile.getConfig is PASSED

2023-10-18 16:29:55 - [MESSAGE][INFO] - HAR: /Users/admin/git/shahid-configuration/Reports/20231018_161841/Android/KWT PI/20231018_161906/requests/main/5.har

2023-10-18 16:29:55 - [MESSAGE][PASSED] - Send request successfully

2023-10-18 16:29:55 - [MESSAGE][PASSED] - config_files.getConfigFile.getConfig is PASSED

2023-10-18 16:29:55 - [TEST_STEP][PASSED] - verifyResponseStatusCode(getResponse, 200): Verify response status code successfully

2023-10-18 16:29:55 - [MESSAGE][PASSED] - Verify response status code successfully

2023-10-18 16:29:55 - [TEST_STEP][PASSED] - verifyElementPropertyValue(getResponse, "country", "KWT"): Verify element property value successfully

2023-10-18 16:29:55 - [MESSAGE][PASSED] - Verify element property value successfully

2023-10-18 16:29:55 - [TEST_STEP][PASSED] - verifyElementPropertyValue(getResponse, "platform", "[ANDROID_APP]"): Verify element property value successfully

2023-10-18 16:29:55 - [MESSAGE][PASSED] - Verify element property value successfully

2023-10-18 16:29:55 - [TEST_STEP][PASSED] - verifyElementPropertyValue(getResponse, "offers[3].offerId", "winback-sport-30-offer"): Verify element property value successfully

2023-10-18 16:29:55 - [MESSAGE][PASSED] - Verify element property value successfully

2023-10-18 16:29:55 - [TEST_STEP][PASSED] - verifyElementPropertyValue(getResponse, "offers[3].offerParam", "sportsoffer30"): Verify element property value successfully

2023-10-18 16:29:55 - [MESSAGE][PASSED] - Verify element property value successfully

2023-10-18 16:29:55 - [TEST_STEP][PASSED] - verifyElementPropertyValue(getResponse, "offers[3].groups[0].pricingPlans[0].featured", "true"): Verify element property value successfully

2023-10-18 16:29:55 - [MESSAGE][PASSED] - Verify element property value successfully

2023-10-18 16:29:55 - [TEST_STEP][PASSED] - verifyElementPropertyValue(getResponse, "offers[3].groups[0].pricingPlans[0].period", "monthly"): Verify element property value successfully

2023-10-18 16:29:55 - [MESSAGE][PASSED] - Verify element property value successfully

2023-10-18 16:29:55 - [TEST_STEP][PASSED] - verifyElementPropertyValue(getResponse, "offers[3].groups[0].pricingPlans[0].featured", "true"): Verify element property value successfully

2023-10-18 16:29:55 - [MESSAGE][PASSED] - Verify element property value successfully

2023-10-18 16:29:55 - [TEST_STEP][PASSED] - verifyElementPropertyValue(getResponse, "offers[3].groups[0].pricingPlans[0].price", "3.99"): Verify element property value successfully

2023-10-18 16:29:55 - [MESSAGE][PASSED] - Verify element property value successfully

2023-10-18 16:29:55 - [TEST_STEP][PASSED] - verifyElementPropertyValue(getResponse, "offers[3].groups[0].pricingPlans[0].currency", "KWD"): Verify element property value successfully

2023-10-18 16:29:55 - [MESSAGE][PASSED] - Verify element property value successfully

2023-10-18 16:29:55 - [TEST_STEP][PASSED] - verifyElementPropertyValue(getResponse, "offers[3].groups[0].pricingPlans[0].order", "0"): Verify element property value successfully

2023-10-18 16:29:55 - [MESSAGE][PASSED] - Verify element property value successfully

2023-10-18 16:29:55 - [TEST_STEP][PASSED] - verifyElementPropertyValue(getResponse, "offers[3].groups[0].pricingPlans[0].packageId", "SHAHID_VIP_SPORT"): Verify element property value successfully

2023-10-18 16:29:55 - [MESSAGE][PASSED] - Verify element property value successfully

2023-10-18 16:29:55 - [TEST_STEP][PASSED] - verifyElementPropertyValue(getResponse, "offers[3].groups[0].pricingPlans[0].catalogId", "SPORT"): Verify element property value successfully

2023-10-18 16:29:55 - [MESSAGE][PASSED] - Verify element property value successfully

2023-10-18 16:29:55 - [TEST_STEP][PASSED] - verifyElementPropertyValue(getResponse, "offers[3].groups[0].pricingPlans[0].visualElements[0].key", "Header_1_text"): Verify element property value successfully

2023-10-18 16:29:55 - [MESSAGE][PASSED] - Verify element property value successfully

2023-10-18 16:29:55 - [TEST_STEP][PASSED] - verifyElementPropertyValue(getResponse, "offers[3].groups[0].pricingPlans[0].visualElements[0].value", "Abonnez-vous dès maintenant et profitez de vos programmes sans publicité"): Verify element property value successfully

2023-10-18 16:29:55 - [MESSAGE][PASSED] - Verify element property value successfully

2023-10-18 16:29:55 - [TEST_STEP][PASSED] - verifyElementPropertyValue(getResponse, "offers[3].groups[0].pricingPlans[0].visualElements[1].key", "display_title"): Verify element property value successfully

2023-10-18 16:29:55 - [MESSAGE][PASSED] - Verify element property value successfully

2023-10-18 16:29:55 - [TEST_STEP][PASSED] - verifyElementPropertyValue(getResponse, "offers[3].groups[0].pricingPlans[0].visualElements[1].value", "30% de réduction"): Verify element property value successfully

2023-10-18 16:29:55 - [MESSAGE][PASSED] - Verify element property value successfully

2023-10-18 16:29:55 - [TEST_STEP][PASSED] - verifyElementPropertyValue(getResponse, "offers[3].groups[0].pricingPlans[0].visualElements[3].key", "deduction_text"): Verify element property value successfully

2023-10-18 16:29:55 - [MESSAGE][PASSED] - Verify element property value successfully

2023-10-18 16:29:55 - [TEST_STEP][PASSED] - verifyElementPropertyValue(getResponse, "offers[3].groups[0].pricingPlans[0].visualElements[3].value", "facturation mensuelle"): Verify element property value successfully

2023-10-18 16:29:55 - [MESSAGE][PASSED] - Verify element property value successfully

2023-10-18 16:29:55 - [TEST_STEP][PASSED] - verifyElementPropertyValue(getResponse, "offers[3].groups[0].pricingPlans[0].visualElements[6].key", "show_payment_logo"): Verify element property value successfully

2023-10-18 16:29:55 - [MESSAGE][PASSED] - Verify element property value successfully

2023-10-18 16:29:55 - [TEST_STEP][PASSED] - verifyElementPropertyValue(getResponse, "offers[3].groups[0].pricingPlans[0].visualElements[6].value", "true"): Verify element property value successfully

2023-10-18 16:29:55 - [MESSAGE][PASSED] - Verify element property value successfully

2023-10-18 16:29:55 - [TEST_STEP][PASSED] - verifyElementPropertyValue(getResponse, "offers[3].groups[0].pricingPlans[0].visualElements[8].key", "price"): Verify element property value successfully

2023-10-18 16:29:55 - [MESSAGE][PASSED] - Verify element property value successfully

2023-10-18 16:29:55 - [TEST_STEP][PASSED] - verifyElementPropertyValue(getResponse, "offers[3].groups[0].pricingPlans[0].visualElements[8].value", "3.99"): Verify element property value successfully

2023-10-18 16:29:55 - [MESSAGE][PASSED] - Verify element property value successfully

2023-10-18 16:29:55 - [TEST_STEP][PASSED] - verifyElementPropertyValue(getResponse, "offers[3].groups[0].pricingPlans[0].visualElements[9].key", "currency"): Verify element property value successfully

2023-10-18 16:29:55 - [MESSAGE][PASSED] - Verify element property value successfully

2023-10-18 16:29:55 - [TEST_STEP][PASSED] - verifyElementPropertyValue(getResponse, "offers[3].groups[0].pricingPlans[0].visualElements[9].value", "KWD"): Verify element property value successfully

2023-10-18 16:29:55 - [MESSAGE][PASSED] - Verify element property value successfully

2023-10-18 16:29:55 - [TEST_STEP][PASSED] - verifyElementPropertyValue(getResponse, "offers[3].groups[0].pricingPlans[0].visualElements[10].key", "duration"): Verify element property value successfully

2023-10-18 16:29:55 - [MESSAGE][PASSED] - Verify element property value successfully

2023-10-18 16:29:55 - [TEST_STEP][PASSED] - verifyElementPropertyValue(getResponse, "offers[3].groups[0].pricingPlans[0].visualElements[10].value", "Mensuel"): Verify element property value successfully

2023-10-18 16:29:55 - [MESSAGE][PASSED] - Verify element property value successfully

2023-10-18 16:29:55 - [TEST_STEP][PASSED] - verifyElementPropertyValue(getResponse, "offers[3].groups[0].pricingPlans[0].visualElements[11].key", "featured_tag_text"): Verify element property value successfully

2023-10-18 16:29:55 - [MESSAGE][PASSED] - Verify element property value successfully

2023-10-18 16:29:55 - [TEST_STEP][PASSED] - verifyElementPropertyValue(getResponse, "offers[3].groups[0].pricingPlans[0].visualElements[11].value", "Offre limitée"): Verify element property value successfully

2023-10-18 16:29:55 - [MESSAGE][PASSED] - Verify element property value successfully

2023-10-18 16:29:55 - [TEST_STEP][PASSED] - verifyElementPropertyValue(getResponse, "offers[3].groups[0].pricingPlans[0].visualElements[13].key", "tag_text"): Verify element property value successfully

2023-10-18 16:29:55 - [MESSAGE][PASSED] - Verify element property value successfully

2023-10-18 16:29:55 - [TEST_STEP][PASSED] - verifyElementPropertyValue(getResponse, "offers[3].groups[0].pricingPlans[0].visualElements[13].value", "Économisez 30% "): Verify element property value successfully

2023-10-18 16:29:55 - [MESSAGE][PASSED] - Verify element property value successfully

2023-10-18 16:29:55 - [TEST_STEP][PASSED] - verifyElementPropertyValue(getResponse, "offers[3].groups[0].pricingPlans[0].visualElements[12].key", "show_tag"): Verify element property value successfully

2023-10-18 16:29:55 - [MESSAGE][PASSED] - Verify element property value successfully

2023-10-18 16:29:55 - [TEST_STEP][PASSED] - verifyElementPropertyValue(getResponse, "offers[3].groups[0].pricingPlans[0].visualElements[12].value", "true"): Verify element property value successfully

2023-10-18 16:29:55 - [MESSAGE][PASSED] - Verify element property value successfully

2023-10-18 16:29:55 - [TEST_STEP][PASSED] - verifyElementPropertyValue(getResponse, "offers[3].groups[0].pricingPlans[0].pricingPlanData[0].productId", "KWT_B2C_SHAHID_VIP_SPORT_1M"): Verify element property value successfully

2023-10-18 16:29:55 - [MESSAGE][PASSED] - Verify element property value successfully

2023-10-18 16:29:55 - [TEST_STEP][PASSED] - verifyElementPropertyValue(getResponse, "offers[3].groups[0].pricingPlans[0].pricingPlanData[0].subPricingPlanIds", "[net.shahid.monthly.vipsports]"): Verify element property value successfully

2023-10-18 16:29:55 - [MESSAGE][PASSED] - Verify element property value successfully

2023-10-18 16:29:55 - [TEST_STEP][PASSED] - verifyElementPropertyValue(getResponse, "offers[3].groups[0].pricingPlans[0].pricingPlanData[0].paymentMethod", "GOOGLE_IAP"): Verify element property value successfully

2023-10-18 16:29:55 - [MESSAGE][PASSED] - Verify element property value successfully

2023-10-18 16:29:55 - [TEST_STEP][PASSED] - verifyElementPropertyValue(getResponse, "offers[3].groups[0].pricingPlans[0].pricingPlanData[0].freeTrialEnabled", "false"): Verify element property value successfully

2023-10-18 16:29:55 - [MESSAGE][PASSED] - Verify element property value successfully

2023-10-18 16:29:55 - [TEST_STEP][PASSED] - verifyElementPropertyValue(getResponse, "offers[3].groups[0].pricingPlans[0].pricingPlanData[0].priceLabel", "3.99"): Verify element property value successfully

2023-10-18 16:29:55 - [MESSAGE][PASSED] - Verify element property value successfully

2023-10-18 16:29:55 - [TEST_STEP][PASSED] - verifyElementPropertyValue(getResponse, "offers[3].groups[0].pricingPlans[0].pricingPlanData[0].currencyLabel", "KWD"): Verify element property value successfully

2023-10-18 16:29:55 - [MESSAGE][PASSED] - Verify element property value successfully

2023-10-18 16:29:55 - [TEST_STEP][PASSED] - verifyElementPropertyValue(getResponse, "offers[3].groups[0].pricingPlans[0].pricingPlanData[0].dealId", "GW_WB_SPORT_30P_KWT"): Verify element property value successfully

2023-10-18 16:29:55 - [MESSAGE][PASSED] - Verify element property value successfully

2023-10-18 16:29:55 - [TEST_STEP][PASSED] - verifyElementPropertyValue(getResponse, "offers[3].groups[0].pricingPlans[0].pricingPlanData[0].allowedForAcquisition", "true"): Verify element property value successfully

2023-10-18 16:29:55 - [MESSAGE][PASSED] - Verify element property value successfully

2023-10-18 16:29:55 - [TEST_STEP][PASSED] - verifyElementPropertyValue(getResponse, "offers[3].groups[0].pricingPlans[0].pricingPlanData[0].visualElements[1].key", "CTA_text"): Verify element property value successfully

2023-10-18 16:29:55 - [MESSAGE][PASSED] - Verify element property value successfully

2023-10-18 16:29:55 - [TEST_STEP][PASSED] - verifyElementPropertyValue(getResponse, "offers[3].groups[0].pricingPlans[0].pricingPlanData[0].visualElements[1].value", "S’abonner"): Verify element property value successfully

2023-10-18 16:29:55 - [MESSAGE][PASSED] - Verify element property value successfully

2023-10-18 16:29:55 - [TEST_STEP][PASSED] - verifyElementPropertyValue(getResponse, "offers[3].groups[0].pricingPlans[0].pricingPlanData[0].visualElements[2].key", "logo"): Verify element property value successfully

2023-10-18 16:29:55 - [MESSAGE][PASSED] - Verify element property value successfully

2023-10-18 16:29:55 - [TEST_STEP][PASSED] - verifyElementPropertyValue(getResponse, "offers[3].groups[0].pricingPlans[0].pricingPlanData[0].visualElements[2].value", "google"): Verify element property value successfully

2023-10-18 16:29:55 - [MESSAGE][PASSED] - Verify element property value successfully

2023-10-18 16:29:55 - [TEST_STEP][PASSED] - verifyElementPropertyValue(getResponse, "offers[4].offerId", "winback-sport-40-offer"): Verify element property value successfully

2023-10-18 16:29:55 - [MESSAGE][PASSED] - Verify element property value successfully

2023-10-18 16:29:55 - [TEST_STEP][PASSED] - verifyElementPropertyValue(getResponse, "offers[4].offerParam", "sportsoffer40"): Verify element property value successfully

2023-10-18 16:29:55 - [MESSAGE][PASSED] - Verify element property value successfully

2023-10-18 16:29:55 - [TEST_STEP][PASSED] - verifyElementPropertyValue(getResponse, "offers[4].groups[0].pricingPlans[0].featured", "true"): Verify element property value successfully

2023-10-18 16:29:55 - [MESSAGE][PASSED] - Verify element property value successfully

2023-10-18 16:29:55 - [TEST_STEP][PASSED] - verifyElementPropertyValue(getResponse, "offers[4].groups[0].pricingPlans[0].period", "monthly"): Verify element property value successfully

2023-10-18 16:29:55 - [MESSAGE][PASSED] - Verify element property value successfully

2023-10-18 16:29:55 - [TEST_STEP][PASSED] - verifyElementPropertyValue(getResponse, "offers[4].groups[0].pricingPlans[0].featured", "true"): Verify element property value successfully

2023-10-18 16:29:55 - [MESSAGE][PASSED] - Verify element property value successfully

2023-10-18 16:29:55 - [TEST_STEP][PASSED] - verifyElementPropertyValue(getResponse, "offers[4].groups[0].pricingPlans[0].price", "3.49"): Verify element property value successfully

2023-10-18 16:29:55 - [MESSAGE][PASSED] - Verify element property value successfully

2023-10-18 16:29:55 - [TEST_STEP][PASSED] - verifyElementPropertyValue(getResponse, "offers[4].groups[0].pricingPlans[0].currency", "KWD"): Verify element property value successfully

2023-10-18 16:29:55 - [MESSAGE][PASSED] - Verify element property value successfully

2023-10-18 16:29:55 - [TEST_STEP][PASSED] - verifyElementPropertyValue(getResponse, "offers[4].groups[0].pricingPlans[0].order", "0"): Verify element property value successfully

2023-10-18 16:29:55 - [MESSAGE][PASSED] - Verify element property value successfully

2023-10-18 16:29:55 - [TEST_STEP][PASSED] - verifyElementPropertyValue(getResponse, "offers[4].groups[0].pricingPlans[0].packageId", "SHAHID_VIP_SPORT"): Verify element property value successfully

2023-10-18 16:29:55 - [MESSAGE][PASSED] - Verify element property value successfully

2023-10-18 16:29:55 - [TEST_STEP][PASSED] - verifyElementPropertyValue(getResponse, "offers[4].groups[0].pricingPlans[0].catalogId", "SPORT"): Verify element property value successfully

2023-10-18 16:29:55 - [MESSAGE][PASSED] - Verify element property value successfully

2023-10-18 16:29:55 - [TEST_STEP][PASSED] - verifyElementPropertyValue(getResponse, "offers[4].groups[0].pricingPlans[0].visualElements[0].key", "Header_1_text"): Verify element property value successfully

2023-10-18 16:29:55 - [MESSAGE][PASSED] - Verify element property value successfully

2023-10-18 16:29:55 - [TEST_STEP][PASSED] - verifyElementPropertyValue(getResponse, "offers[4].groups[0].pricingPlans[0].visualElements[0].value", "Abonnez-vous dès maintenant et profitez de vos programmes sans publicité"): Verify element property value successfully

2023-10-18 16:29:55 - [MESSAGE][PASSED] - Verify element property value successfully

2023-10-18 16:29:55 - [TEST_STEP][PASSED] - verifyElementPropertyValue(getResponse, "offers[4].groups[0].pricingPlans[0].visualElements[1].key", "display_title"): Verify element property value successfully

2023-10-18 16:29:55 - [MESSAGE][PASSED] - Verify element property value successfully

2023-10-18 16:29:55 - [TEST_STEP][PASSED] - verifyElementPropertyValue(getResponse, "offers[4].groups[0].pricingPlans[0].visualElements[1].value", "40% de réduction"): Verify element property value successfully

2023-10-18 16:29:55 - [MESSAGE][PASSED] - Verify element property value successfully

2023-10-18 16:29:55 - [TEST_STEP][PASSED] - verifyElementPropertyValue(getResponse, "offers[4].groups[0].pricingPlans[0].visualElements[3].key", "deduction_text"): Verify element property value successfully

2023-10-18 16:29:55 - [MESSAGE][PASSED] - Verify element property value successfully

2023-10-18 16:29:55 - [TEST_STEP][PASSED] - verifyElementPropertyValue(getResponse, "offers[4].groups[0].pricingPlans[0].visualElements[3].value", "facturation mensuelle"): Verify element property value successfully

2023-10-18 16:29:55 - [MESSAGE][PASSED] - Verify element property value successfully

2023-10-18 16:29:55 - [TEST_STEP][PASSED] - verifyElementPropertyValue(getResponse, "offers[4].groups[0].pricingPlans[0].visualElements[6].key", "show_payment_logo"): Verify element property value successfully

2023-10-18 16:29:55 - [MESSAGE][PASSED] - Verify element property value successfully

2023-10-18 16:29:55 - [TEST_STEP][PASSED] - verifyElementPropertyValue(getResponse, "offers[4].groups[0].pricingPlans[0].visualElements[6].value", "true"): Verify element property value successfully

2023-10-18 16:29:55 - [MESSAGE][PASSED] - Verify element property value successfully

2023-10-18 16:29:55 - [TEST_STEP][PASSED] - verifyElementPropertyValue(getResponse, "offers[4].groups[0].pricingPlans[0].visualElements[8].key", "price"): Verify element property value successfully

2023-10-18 16:29:55 - [MESSAGE][PASSED] - Verify element property value successfully

2023-10-18 16:29:55 - [TEST_STEP][PASSED] - verifyElementPropertyValue(getResponse, "offers[4].groups[0].pricingPlans[0].visualElements[8].value", "3.49"): Verify element property value successfully

2023-10-18 16:29:55 - [MESSAGE][PASSED] - Verify element property value successfully

2023-10-18 16:29:55 - [TEST_STEP][PASSED] - verifyElementPropertyValue(getResponse, "offers[4].groups[0].pricingPlans[0].visualElements[9].key", "currency"): Verify element property value successfully

2023-10-18 16:29:55 - [MESSAGE][PASSED] - Verify element property value successfully

2023-10-18 16:29:55 - [TEST_STEP][PASSED] - verifyElementPropertyValue(getResponse, "offers[4].groups[0].pricingPlans[0].visualElements[9].value", "KWD"): Verify element property value successfully

2023-10-18 16:29:55 - [MESSAGE][PASSED] - Verify element property value successfully

2023-10-18 16:29:55 - [TEST_STEP][PASSED] - verifyElementPropertyValue(getResponse, "offers[4].groups[0].pricingPlans[0].visualElements[10].key", "duration"): Verify element property value successfully

2023-10-18 16:29:55 - [MESSAGE][PASSED] - Verify element property value successfully

2023-10-18 16:29:55 - [TEST_STEP][PASSED] - verifyElementPropertyValue(getResponse, "offers[4].groups[0].pricingPlans[0].visualElements[10].value", "Mensuel"): Verify element property value successfully

2023-10-18 16:29:55 - [MESSAGE][PASSED] - Verify element property value successfully

2023-10-18 16:29:55 - [TEST_STEP][PASSED] - verifyElementPropertyValue(getResponse, "offers[4].groups[0].pricingPlans[0].visualElements[11].key", "featured_tag_text"): Verify element property value successfully

2023-10-18 16:29:55 - [MESSAGE][PASSED] - Verify element property value successfully

2023-10-18 16:29:55 - [TEST_STEP][PASSED] - verifyElementPropertyValue(getResponse, "offers[4].groups[0].pricingPlans[0].visualElements[11].value", "Offre limitée"): Verify element property value successfully

2023-10-18 16:29:55 - [MESSAGE][PASSED] - Verify element property value successfully

2023-10-18 16:29:55 - [TEST_STEP][PASSED] - verifyElementPropertyValue(getResponse, "offers[4].groups[0].pricingPlans[0].visualElements[13].key", "tag_text"): Verify element property value successfully

2023-10-18 16:29:55 - [MESSAGE][PASSED] - Verify element property value successfully

2023-10-18 16:29:55 - [TEST_STEP][PASSED] - verifyElementPropertyValue(getResponse, "offers[4].groups[0].pricingPlans[0].visualElements[13].value", "Économisez 40% "): Verify element property value successfully

2023-10-18 16:29:55 - [MESSAGE][PASSED] - Verify element property value successfully

2023-10-18 16:29:55 - [TEST_STEP][PASSED] - verifyElementPropertyValue(getResponse, "offers[4].groups[0].pricingPlans[0].visualElements[12].key", "show_tag"): Verify element property value successfully

2023-10-18 16:29:55 - [MESSAGE][PASSED] - Verify element property value successfully

2023-10-18 16:29:55 - [TEST_STEP][PASSED] - verifyElementPropertyValue(getResponse, "offers[4].groups[0].pricingPlans[0].visualElements[12].value", "true"): Verify element property value successfully

2023-10-18 16:29:55 - [MESSAGE][PASSED] - Verify element property value successfully

2023-10-18 16:29:55 - [TEST_STEP][PASSED] - verifyElementPropertyValue(getResponse, "offers[4].groups[0].pricingPlans[0].pricingPlanData[0].productId", "KWT_B2C_SHAHID_VIP_SPORT_1M"): Verify element property value successfully

2023-10-18 16:29:55 - [MESSAGE][PASSED] - Verify element property value successfully

2023-10-18 16:29:55 - [TEST_STEP][PASSED] - verifyElementPropertyValue(getResponse, "offers[4].groups[0].pricingPlans[0].pricingPlanData[0].subPricingPlanIds", "[net.shahid.monthly.vipsports]"): Verify element property value successfully

2023-10-18 16:29:55 - [MESSAGE][PASSED] - Verify element property value successfully

2023-10-18 16:29:55 - [TEST_STEP][PASSED] - verifyElementPropertyValue(getResponse, "offers[4].groups[0].pricingPlans[0].pricingPlanData[0].paymentMethod", "GOOGLE_IAP"): Verify element property value successfully

2023-10-18 16:29:55 - [MESSAGE][PASSED] - Verify element property value successfully

2023-10-18 16:29:55 - [TEST_STEP][PASSED] - verifyElementPropertyValue(getResponse, "offers[4].groups[0].pricingPlans[0].pricingPlanData[0].freeTrialEnabled", "false"): Verify element property value successfully

2023-10-18 16:29:55 - [MESSAGE][PASSED] - Verify element property value successfully

2023-10-18 16:29:55 - [TEST_STEP][PASSED] - verifyElementPropertyValue(getResponse, "offers[4].groups[0].pricingPlans[0].pricingPlanData[0].priceLabel", "3.49"): Verify element property value successfully

2023-10-18 16:29:55 - [MESSAGE][PASSED] - Verify element property value successfully

2023-10-18 16:29:55 - [TEST_STEP][PASSED] - verifyElementPropertyValue(getResponse, "offers[4].groups[0].pricingPlans[0].pricingPlanData[0].currencyLabel", "KWD"): Verify element property value successfully

2023-10-18 16:29:55 - [MESSAGE][PASSED] - Verify element property value successfully

2023-10-18 16:29:55 - [TEST_STEP][PASSED] - verifyElementPropertyValue(getResponse, "offers[4].groups[0].pricingPlans[0].pricingPlanData[0].dealId", "GW_WB_SPORT_40P_KWT"): Verify element property value successfully

2023-10-18 16:29:55 - [MESSAGE][PASSED] - Verify element property value successfully

2023-10-18 16:29:55 - [TEST_STEP][PASSED] - verifyElementPropertyValue(getResponse, "offers[4].groups[0].pricingPlans[0].pricingPlanData[0].allowedForAcquisition", "true"): Verify element property value successfully

2023-10-18 16:29:55 - [MESSAGE][PASSED] - Verify element property value successfully

2023-10-18 16:29:55 - [TEST_STEP][PASSED] - verifyElementPropertyValue(getResponse, "offers[4].groups[0].pricingPlans[0].pricingPlanData[0].visualElements[1].key", "CTA_text"): Verify element property value successfully

2023-10-18 16:29:55 - [MESSAGE][PASSED] - Verify element property value successfully

2023-10-18 16:29:55 - [TEST_STEP][PASSED] - verifyElementPropertyValue(getResponse, "offers[4].groups[0].pricingPlans[0].pricingPlanData[0].visualElements[1].value", "S’abonner"): Verify element property value successfully

2023-10-18 16:29:55 - [MESSAGE][PASSED] - Verify element property value successfully

2023-10-18 16:29:55 - [TEST_STEP][PASSED] - verifyElementPropertyValue(getResponse, "offers[4].groups[0].pricingPlans[0].pricingPlanData[0].visualElements[2].key", "logo"): Verify element property value successfully

2023-10-18 16:29:55 - [MESSAGE][PASSED] - Verify element property value successfully

2023-10-18 16:29:55 - [TEST_STEP][PASSED] - verifyElementPropertyValue(getResponse, "offers[4].groups[0].pricingPlans[0].pricingPlanData[0].visualElements[2].value", "google"): Verify element property value successfully

2023-10-18 16:29:55 - [MESSAGE][PASSED] - Verify element property value successfully

2023-10-18 16:29:55 - [TEST_STEP][PASSED] - verifyElementPropertyValue(getResponse, "offers[5].offerId", "winback-sport-50-offer"): Verify element property value successfully

2023-10-18 16:29:55 - [MESSAGE][PASSED] - Verify element property value successfully

2023-10-18 16:29:55 - [TEST_STEP][PASSED] - verifyElementPropertyValue(getResponse, "offers[5].offerParam", "sportsoffer50"): Verify element property value successfully

2023-10-18 16:29:55 - [MESSAGE][PASSED] - Verify element property value successfully

2023-10-18 16:29:55 - [TEST_STEP][PASSED] - verifyElementPropertyValue(getResponse, "offers[5].groups[0].pricingPlans[0].featured", "true"): Verify element property value successfully

2023-10-18 16:29:55 - [MESSAGE][PASSED] - Verify element property value successfully

2023-10-18 16:29:55 - [TEST_STEP][PASSED] - verifyElementPropertyValue(getResponse, "offers[5].groups[0].pricingPlans[0].period", "monthly"): Verify element property value successfully

2023-10-18 16:29:55 - [MESSAGE][PASSED] - Verify element property value successfully

2023-10-18 16:29:55 - [TEST_STEP][PASSED] - verifyElementPropertyValue(getResponse, "offers[5].groups[0].pricingPlans[0].featured", "true"): Verify element property value successfully

2023-10-18 16:29:55 - [MESSAGE][PASSED] - Verify element property value successfully

2023-10-18 16:29:55 - [TEST_STEP][PASSED] - verifyElementPropertyValue(getResponse, "offers[5].groups[0].pricingPlans[0].price", "2.89"): Verify element property value successfully

2023-10-18 16:29:55 - [MESSAGE][PASSED] - Verify element property value successfully

2023-10-18 16:29:55 - [TEST_STEP][PASSED] - verifyElementPropertyValue(getResponse, "offers[5].groups[0].pricingPlans[0].currency", "KWD"): Verify element property value successfully

2023-10-18 16:29:55 - [MESSAGE][PASSED] - Verify element property value successfully

2023-10-18 16:29:55 - [TEST_STEP][PASSED] - verifyElementPropertyValue(getResponse, "offers[5].groups[0].pricingPlans[0].order", "0"): Verify element property value successfully

2023-10-18 16:29:55 - [MESSAGE][PASSED] - Verify element property value successfully

2023-10-18 16:29:55 - [TEST_STEP][PASSED] - verifyElementPropertyValue(getResponse, "offers[5].groups[0].pricingPlans[0].packageId", "SHAHID_VIP_SPORT"): Verify element property value successfully

2023-10-18 16:29:55 - [MESSAGE][PASSED] - Verify element property value successfully

2023-10-18 16:29:55 - [TEST_STEP][PASSED] - verifyElementPropertyValue(getResponse, "offers[5].groups[0].pricingPlans[0].catalogId", "SPORT"): Verify element property value successfully

2023-10-18 16:29:55 - [MESSAGE][PASSED] - Verify element property value successfully

2023-10-18 16:29:55 - [TEST_STEP][PASSED] - verifyElementPropertyValue(getResponse, "offers[5].groups[0].pricingPlans[0].visualElements[0].key", "Header_1_text"): Verify element property value successfully

2023-10-18 16:29:56 - [MESSAGE][PASSED] - Verify element property value successfully

2023-10-18 16:29:56 - [TEST_STEP][PASSED] - verifyElementPropertyValue(getResponse, "offers[5].groups[0].pricingPlans[0].visualElements[0].value", "Abonnez-vous dès maintenant et profitez de vos programmes sans publicité"): Verify element property value successfully

2023-10-18 16:29:56 - [MESSAGE][PASSED] - Verify element property value successfully

2023-10-18 16:29:56 - [TEST_STEP][PASSED] - verifyElementPropertyValue(getResponse, "offers[5].groups[0].pricingPlans[0].visualElements[1].key", "display_title"): Verify element property value successfully

2023-10-18 16:29:56 - [MESSAGE][PASSED] - Verify element property value successfully

2023-10-18 16:29:56 - [TEST_STEP][PASSED] - verifyElementPropertyValue(getResponse, "offers[5].groups[0].pricingPlans[0].visualElements[1].value", "50% de réduction"): Verify element property value successfully

2023-10-18 16:29:56 - [MESSAGE][PASSED] - Verify element property value successfully

2023-10-18 16:29:56 - [TEST_STEP][PASSED] - verifyElementPropertyValue(getResponse, "offers[5].groups[0].pricingPlans[0].visualElements[3].key", "deduction_text"): Verify element property value successfully

2023-10-18 16:29:56 - [MESSAGE][PASSED] - Verify element property value successfully

2023-10-18 16:29:56 - [TEST_STEP][PASSED] - verifyElementPropertyValue(getResponse, "offers[5].groups[0].pricingPlans[0].visualElements[3].value", "facturation mensuelle"): Verify element property value successfully

2023-10-18 16:29:56 - [MESSAGE][PASSED] - Verify element property value successfully

2023-10-18 16:29:56 - [TEST_STEP][PASSED] - verifyElementPropertyValue(getResponse, "offers[5].groups[0].pricingPlans[0].visualElements[6].key", "show_payment_logo"): Verify element property value successfully

2023-10-18 16:29:56 - [MESSAGE][PASSED] - Verify element property value successfully

2023-10-18 16:29:56 - [TEST_STEP][PASSED] - verifyElementPropertyValue(getResponse, "offers[5].groups[0].pricingPlans[0].visualElements[6].value", "true"): Verify element property value successfully

2023-10-18 16:29:56 - [MESSAGE][PASSED] - Verify element property value successfully

2023-10-18 16:29:56 - [TEST_STEP][PASSED] - verifyElementPropertyValue(getResponse, "offers[5].groups[0].pricingPlans[0].visualElements[8].key", "price"): Verify element property value successfully

2023-10-18 16:29:56 - [MESSAGE][PASSED] - Verify element property value successfully

2023-10-18 16:29:56 - [TEST_STEP][PASSED] - verifyElementPropertyValue(getResponse, "offers[5].groups[0].pricingPlans[0].visualElements[8].value", "2.89"): Verify element property value successfully

2023-10-18 16:29:56 - [MESSAGE][PASSED] - Verify element property value successfully

2023-10-18 16:29:56 - [TEST_STEP][PASSED] - verifyElementPropertyValue(getResponse, "offers[5].groups[0].pricingPlans[0].visualElements[9].key", "currency"): Verify element property value successfully

2023-10-18 16:29:56 - [MESSAGE][PASSED] - Verify element property value successfully

2023-10-18 16:29:56 - [TEST_STEP][PASSED] - verifyElementPropertyValue(getResponse, "offers[5].groups[0].pricingPlans[0].visualElements[9].value", "KWD"): Verify element property value successfully

2023-10-18 16:29:56 - [MESSAGE][PASSED] - Verify element property value successfully

2023-10-18 16:29:56 - [TEST_STEP][PASSED] - verifyElementPropertyValue(getResponse, "offers[5].groups[0].pricingPlans[0].visualElements[10].key", "duration"): Verify element property value successfully

2023-10-18 16:29:56 - [MESSAGE][PASSED] - Verify element property value successfully

2023-10-18 16:29:56 - [TEST_STEP][PASSED] - verifyElementPropertyValue(getResponse, "offers[5].groups[0].pricingPlans[0].visualElements[10].value", "Mensuel"): Verify element property value successfully

2023-10-18 16:29:56 - [MESSAGE][PASSED] - Verify element property value successfully

2023-10-18 16:29:56 - [TEST_STEP][PASSED] - verifyElementPropertyValue(getResponse, "offers[5].groups[0].pricingPlans[0].visualElements[11].key", "featured_tag_text"): Verify element property value successfully

2023-10-18 16:29:56 - [MESSAGE][PASSED] - Verify element property value successfully

2023-10-18 16:29:56 - [TEST_STEP][PASSED] - verifyElementPropertyValue(getResponse, "offers[5].groups[0].pricingPlans[0].visualElements[11].value", "Offre limitée"): Verify element property value successfully

2023-10-18 16:29:56 - [MESSAGE][PASSED] - Verify element property value successfully

2023-10-18 16:29:56 - [TEST_STEP][PASSED] - verifyElementPropertyValue(getResponse, "offers[5].groups[0].pricingPlans[0].visualElements[13].key", "tag_text"): Verify element property value successfully

2023-10-18 16:29:56 - [MESSAGE][PASSED] - Verify element property value successfully

2023-10-18 16:29:56 - [TEST_STEP][PASSED] - verifyElementPropertyValue(getResponse, "offers[5].groups[0].pricingPlans[0].visualElements[13].value", "Économisez 50% "): Verify element property value successfully

2023-10-18 16:29:56 - [MESSAGE][PASSED] - Verify element property value successfully

2023-10-18 16:29:56 - [TEST_STEP][PASSED] - verifyElementPropertyValue(getResponse, "offers[5].groups[0].pricingPlans[0].visualElements[12].key", "show_tag"): Verify element property value successfully

2023-10-18 16:29:56 - [MESSAGE][PASSED] - Verify element property value successfully

2023-10-18 16:29:56 - [TEST_STEP][PASSED] - verifyElementPropertyValue(getResponse, "offers[5].groups[0].pricingPlans[0].visualElements[12].value", "true"): Verify element property value successfully

2023-10-18 16:29:56 - [MESSAGE][PASSED] - Verify element property value successfully

2023-10-18 16:29:56 - [TEST_STEP][PASSED] - verifyElementPropertyValue(getResponse, "offers[5].groups[0].pricingPlans[0].pricingPlanData[0].productId", "KWT_B2C_SHAHID_VIP_SPORT_1M"): Verify element property value successfully

2023-10-18 16:29:56 - [MESSAGE][PASSED] - Verify element property value successfully

2023-10-18 16:29:56 - [TEST_STEP][PASSED] - verifyElementPropertyValue(getResponse, "offers[5].groups[0].pricingPlans[0].pricingPlanData[0].subPricingPlanIds", "[net.shahid.monthly.vipsports]"): Verify element property value successfully

2023-10-18 16:29:56 - [MESSAGE][PASSED] - Verify element property value successfully

2023-10-18 16:29:56 - [TEST_STEP][PASSED] - verifyElementPropertyValue(getResponse, "offers[5].groups[0].pricingPlans[0].pricingPlanData[0].paymentMethod", "GOOGLE_IAP"): Verify element property value successfully

2023-10-18 16:29:56 - [MESSAGE][PASSED] - Verify element property value successfully

2023-10-18 16:29:56 - [TEST_STEP][PASSED] - verifyElementPropertyValue(getResponse, "offers[5].groups[0].pricingPlans[0].pricingPlanData[0].freeTrialEnabled", "false"): Verify element property value successfully

2023-10-18 16:29:56 - [MESSAGE][PASSED] - Verify element property value successfully

2023-10-18 16:29:56 - [TEST_STEP][PASSED] - verifyElementPropertyValue(getResponse, "offers[5].groups[0].pricingPlans[0].pricingPlanData[0].priceLabel", "2.89"): Verify element property value successfully

2023-10-18 16:29:56 - [MESSAGE][PASSED] - Verify element property value successfully

2023-10-18 16:29:56 - [TEST_STEP][PASSED] - verifyElementPropertyValue(getResponse, "offers[5].groups[0].pricingPlans[0].pricingPlanData[0].currencyLabel", "KWD"): Verify element property value successfully

2023-10-18 16:29:56 - [MESSAGE][PASSED] - Verify element property value successfully

2023-10-18 16:29:56 - [TEST_STEP][PASSED] - verifyElementPropertyValue(getResponse, "offers[5].groups[0].pricingPlans[0].pricingPlanData[0].dealId", "GW_WB_SPORT_50P_KWT"): Verify element property value successfully

2023-10-18 16:29:56 - [MESSAGE][PASSED] - Verify element property value successfully

2023-10-18 16:29:56 - [TEST_STEP][PASSED] - verifyElementPropertyValue(getResponse, "offers[5].groups[0].pricingPlans[0].pricingPlanData[0].allowedForAcquisition", "true"): Verify element property value successfully

2023-10-18 16:29:56 - [MESSAGE][PASSED] - Verify element property value successfully

2023-10-18 16:29:56 - [TEST_STEP][PASSED] - verifyElementPropertyValue(getResponse, "offers[5].groups[0].pricingPlans[0].pricingPlanData[0].visualElements[1].key", "CTA_text"): Verify element property value successfully

2023-10-18 16:29:56 - [MESSAGE][PASSED] - Verify element property value successfully

2023-10-18 16:29:56 - [TEST_STEP][PASSED] - verifyElementPropertyValue(getResponse, "offers[5].groups[0].pricingPlans[0].pricingPlanData[0].visualElements[1].value", "S’abonner"): Verify element property value successfully

2023-10-18 16:29:56 - [MESSAGE][PASSED] - Verify element property value successfully

2023-10-18 16:29:56 - [TEST_STEP][PASSED] - verifyElementPropertyValue(getResponse, "offers[5].groups[0].pricingPlans[0].pricingPlanData[0].visualElements[2].key", "logo"): Verify element property value successfully

2023-10-18 16:29:56 - [MESSAGE][PASSED] - Verify element property value successfully

2023-10-18 16:29:56 - [TEST_STEP][PASSED] - verifyElementPropertyValue(getResponse, "offers[5].groups[0].pricingPlans[0].pricingPlanData[0].visualElements[2].value", "google"): Verify element property value successfully

2023-10-18 16:29:56 - [MESSAGE][PASSED] - Verify element property value successfully

2023-10-18 16:29:56 - [TEST_STEP][PASSED] - verifyElementPropertyValue(getResponse, "groups[0].pricingPlans[0].featured", "true"): Verify element property value successfully

2023-10-18 16:29:56 - [MESSAGE][PASSED] - Verify element property value successfully

2023-10-18 16:29:56 - [TEST_STEP][PASSED] - verifyElementPropertyValue(getResponse, "groups[0].pricingPlans[0].packageId", "SHAHID_VIP_SPORT"): Verify element property value successfully

2023-10-18 16:29:56 - [MESSAGE][PASSED] - Verify element property value successfully

2023-10-18 16:29:56 - [TEST_STEP][PASSED] - verifyElementPropertyValue(getResponse, "groups[0].pricingPlans[0].catalogId", "SPORT"): Verify element property value successfully

2023-10-18 16:29:56 - [MESSAGE][PASSED] - Verify element property value successfully

2023-10-18 16:29:56 - [TEST_STEP][PASSED] - verifyElementPropertyValue(getResponse, "groups[0].pricingPlans[0].visualElements[0].key", "Header_1_text"): Verify element property value successfully

2023-10-18 16:29:56 - [MESSAGE][PASSED] - Verify element property value successfully

2023-10-18 16:29:56 - [TEST_STEP][PASSED] - verifyElementPropertyValue(getResponse, "groups[0].pricingPlans[0].visualElements[0].value", "Abonnez-vous dès maintenant et profitez de vos programmes sans publicité"): Verify element property value successfully

2023-10-18 16:29:56 - [MESSAGE][PASSED] - Verify element property value successfully

2023-10-18 16:29:56 - [TEST_STEP][PASSED] - verifyElementPropertyValue(getResponse, "groups[0].pricingPlans[0].visualElements[1].key", "display_title"): Verify element property value successfully

2023-10-18 16:29:56 - [MESSAGE][PASSED] - Verify element property value successfully

2023-10-18 16:29:56 - [TEST_STEP][PASSED] - verifyElementPropertyValue(getResponse, "groups[0].pricingPlans[0].visualElements[1].value", "Plan Mensuel"): Verify element property value successfully

2023-10-18 16:29:56 - [MESSAGE][PASSED] - Verify element property value successfully

2023-10-18 16:29:56 - [TEST_STEP][PASSED] - verifyElementPropertyValue(getResponse, "groups[0].pricingPlans[0].visualElements[2].key", "promo_text"): Verify element property value successfully

2023-10-18 16:29:56 - [MESSAGE][PASSED] - Verify element property value successfully

2023-10-18 16:29:56 - [TEST_STEP][PASSED] - verifyElementPropertyValue(getResponse, "groups[0].pricingPlans[0].visualElements[2].value", "5.69 KWD / mois"): Verify element property value successfully

2023-10-18 16:29:56 - [MESSAGE][PASSED] - Verify element property value successfully

2023-10-18 16:29:56 - [TEST_STEP][PASSED] - verifyElementPropertyValue(getResponse, "groups[0].pricingPlans[0].visualElements[3].key", "deduction_text"): Verify element property value successfully

2023-10-18 16:29:56 - [MESSAGE][PASSED] - Verify element property value successfully

2023-10-18 16:29:56 - [TEST_STEP][PASSED] - verifyElementPropertyValue(getResponse, "groups[0].pricingPlans[0].visualElements[3].value", "facturation mensuelle"): Verify element property value successfully

2023-10-18 16:29:56 - [MESSAGE][PASSED] - Verify element property value successfully

2023-10-18 16:29:56 - [TEST_STEP][PASSED] - verifyElementPropertyValue(getResponse, "groups[0].pricingPlans[0].visualElements[6].key", "show_payment_logo"): Verify element property value successfully

2023-10-18 16:29:56 - [MESSAGE][PASSED] - Verify element property value successfully

2023-10-18 16:29:56 - [TEST_STEP][PASSED] - verifyElementPropertyValue(getResponse, "groups[0].pricingPlans[0].visualElements[6].value", "true"): Verify element property value successfully

2023-10-18 16:29:56 - [MESSAGE][PASSED] - Verify element property value successfully

2023-10-18 16:29:56 - [TEST_STEP][PASSED] - verifyElementPropertyValue(getResponse, "groups[0].pricingPlans[0].visualElements[8].key", "price"): Verify element property value successfully

2023-10-18 16:29:56 - [MESSAGE][PASSED] - Verify element property value successfully

2023-10-18 16:29:56 - [TEST_STEP][PASSED] - verifyElementPropertyValue(getResponse, "groups[0].pricingPlans[0].visualElements[8].value", "5.69"): Verify element property value successfully

2023-10-18 16:29:56 - [MESSAGE][PASSED] - Verify element property value successfully

2023-10-18 16:29:56 - [TEST_STEP][PASSED] - verifyElementPropertyValue(getResponse, "groups[0].pricingPlans[0].visualElements[9].key", "currency"): Verify element property value successfully

2023-10-18 16:29:56 - [MESSAGE][PASSED] - Verify element property value successfully

2023-10-18 16:29:56 - [TEST_STEP][PASSED] - verifyElementPropertyValue(getResponse, "groups[0].pricingPlans[0].visualElements[9].value", "KWD"): Verify element property value successfully

2023-10-18 16:29:56 - [MESSAGE][PASSED] - Verify element property value successfully

2023-10-18 16:29:56 - [TEST_STEP][PASSED] - verifyElementPropertyValue(getResponse, "groups[0].pricingPlans[0].visualElements[10].key", "duration"): Verify element property value successfully

2023-10-18 16:29:56 - [MESSAGE][PASSED] - Verify element property value successfully

2023-10-18 16:29:56 - [TEST_STEP][PASSED] - verifyElementPropertyValue(getResponse, "groups[0].pricingPlans[0].visualElements[10].value", "Mensuel"): Verify element property value successfully

2023-10-18 16:29:56 - [MESSAGE][PASSED] - Verify element property value successfully

2023-10-18 16:29:56 - [TEST_STEP][PASSED] - verifyElementPropertyValue(getResponse, "groups[0].pricingPlans[0].visualElements[11].key", "featured_tag_text"): Verify element property value successfully

2023-10-18 16:29:56 - [MESSAGE][PASSED] - Verify element property value successfully

2023-10-18 16:29:56 - [TEST_STEP][PASSED] - verifyElementPropertyValue(getResponse, "groups[0].pricingPlans[0].visualElements[11].value", "Le plus populaire"): Verify element property value successfully

2023-10-18 16:29:56 - [MESSAGE][PASSED] - Verify element property value successfully

2023-10-18 16:29:56 - [TEST_STEP][PASSED] - verifyElementPropertyValue(getResponse, "groups[0].pricingPlans[0].order", "3"): Verify element property value successfully

2023-10-18 16:29:56 - [MESSAGE][PASSED] - Verify element property value successfully

2023-10-18 16:29:56 - [TEST_STEP][PASSED] - verifyElementPropertyValue(getResponse, "groups[0].pricingPlans[0].period", "monthly"): Verify element property value successfully

2023-10-18 16:29:56 - [MESSAGE][PASSED] - Verify element property value successfully

2023-10-18 16:29:56 - [TEST_STEP][PASSED] - verifyElementPropertyValue(getResponse, "groups[0].pricingPlans[0].price", "5.69"): Verify element property value successfully

2023-10-18 16:29:56 - [MESSAGE][PASSED] - Verify element property value successfully

2023-10-18 16:29:56 - [TEST_STEP][PASSED] - verifyElementPropertyValue(getResponse, "groups[0].pricingPlans[0].currency", "KWD"): Verify element property value successfully

2023-10-18 16:29:56 - [MESSAGE][PASSED] - Verify element property value successfully

2023-10-18 16:29:56 - [TEST_STEP][PASSED] - verifyElementPropertyValue(getResponse, "groups[0].pricingPlans[0].pricingPlanData[0].productId", "KWT_B2C_SHAHID_VIP_SPORT_1M"): Verify element property value successfully

2023-10-18 16:29:56 - [MESSAGE][PASSED] - Verify element property value successfully

2023-10-18 16:29:56 - [TEST_STEP][PASSED] - verifyElementPropertyValue(getResponse, "groups[0].pricingPlans[0].pricingPlanData[0].subPricingPlanIds", "[net.shahid.monthly.vipsports]"): Verify element property value successfully

2023-10-18 16:29:56 - [MESSAGE][PASSED] - Verify element property value successfully

2023-10-18 16:29:56 - [TEST_STEP][PASSED] - verifyElementPropertyValue(getResponse, "groups[0].pricingPlans[0].pricingPlanData[0].paymentMethod", "GOOGLE_IAP"): Verify element property value successfully

2023-10-18 16:29:56 - [MESSAGE][PASSED] - Verify element property value successfully

2023-10-18 16:29:56 - [TEST_STEP][PASSED] - verifyElementPropertyValue(getResponse, "groups[0].pricingPlans[0].pricingPlanData[0].freeTrialEnabled", "false"): Verify element property value successfully

2023-10-18 16:29:56 - [MESSAGE][PASSED] - Verify element property value successfully

2023-10-18 16:29:56 - [TEST_STEP][PASSED] - verifyElementPropertyValue(getResponse, "groups[0].pricingPlans[0].pricingPlanData[0].visualElements[1].key", "CTA_text"): Verify element property value successfully

2023-10-18 16:29:56 - [MESSAGE][PASSED] - Verify element property value successfully

2023-10-18 16:29:56 - [TEST_STEP][PASSED] - verifyElementPropertyValue(getResponse, "groups[0].pricingPlans[0].pricingPlanData[0].visualElements[1].value", "S’abonner"): Verify element property value successfully

2023-10-18 16:29:56 - [MESSAGE][PASSED] - Verify element property value successfully

2023-10-18 16:29:56 - [TEST_STEP][PASSED] - verifyElementPropertyValue(getResponse, "groups[0].pricingPlans[0].pricingPlanData[0].visualElements[2].key", "logo"): Verify element property value successfully

2023-10-18 16:29:56 - [MESSAGE][PASSED] - Verify element property value successfully

2023-10-18 16:29:56 - [TEST_STEP][PASSED] - verifyElementPropertyValue(getResponse, "groups[0].pricingPlans[0].pricingPlanData[0].visualElements[2].value", "google"): Verify element property value successfully

2023-10-18 16:29:56 - [MESSAGE][PASSED] - Verify element property value successfully

2023-10-18 16:29:56 - [TEST_STEP][PASSED] - verifyElementPropertyValue(getResponse, "groups[0].pricingPlans[0].pricingPlanData[0].priceLabel", "5.69"): Verify element property value successfully

2023-10-18 16:29:56 - [MESSAGE][PASSED] - Verify element property value successfully

2023-10-18 16:29:56 - [TEST_STEP][PASSED] - verifyElementPropertyValue(getResponse, "groups[0].pricingPlans[0].pricingPlanData[0].currencyLabel", "KWD"): Verify element property value successfully

2023-10-18 16:29:56 - [MESSAGE][PASSED] - Verify element property value successfully

2023-10-18 16:29:56 - [TEST_STEP][PASSED] - verifyElementPropertyValue(getResponse, "groups[0].pricingPlans[2].featured", "false"): Verify element property value successfully

2023-10-18 16:29:56 - [MESSAGE][PASSED] - Verify element property value successfully

2023-10-18 16:29:56 - [TEST_STEP][PASSED] - verifyElementPropertyValue(getResponse, "groups[0].pricingPlans[2].packageId", "SHAHID_VIP_SPORT"): Verify element property value successfully

2023-10-18 16:29:56 - [MESSAGE][PASSED] - Verify element property value successfully

2023-10-18 16:29:56 - [TEST_STEP][PASSED] - verifyElementPropertyValue(getResponse, "groups[0].pricingPlans[2].catalogId", "SPORT"): Verify element property value successfully

2023-10-18 16:29:56 - [MESSAGE][PASSED] - Verify element property value successfully

2023-10-18 16:29:56 - [TEST_STEP][PASSED] - verifyElementPropertyValue(getResponse, "groups[0].pricingPlans[2].visualElements[0].key", "Header_1_text"): Verify element property value successfully

2023-10-18 16:29:56 - [MESSAGE][PASSED] - Verify element property value successfully

2023-10-18 16:29:56 - [TEST_STEP][PASSED] - verifyElementPropertyValue(getResponse, "groups[0].pricingPlans[2].visualElements[0].value", "Abonnez-vous dès maintenant et profitez de vos programmes sans publicité"): Verify element property value successfully

2023-10-18 16:29:56 - [MESSAGE][PASSED] - Verify element property value successfully

2023-10-18 16:29:56 - [TEST_STEP][PASSED] - verifyElementPropertyValue(getResponse, "groups[0].pricingPlans[2].visualElements[1].key", "display_title"): Verify element property value successfully

2023-10-18 16:29:56 - [MESSAGE][PASSED] - Verify element property value successfully

2023-10-18 16:29:56 - [TEST_STEP][FAILED] - verifyElementPropertyValue(getResponse, "groups[0].pricingPlans[2].visualElements[1].value", "Plan Annuel "): Expected element property value 'Plan Annuel ' is not equal with actual property value 'Plan Annuel ​'

2023-10-18 16:29:56 - [MESSAGE][FAILED] - Expected element property value 'Plan Annuel ' is not equal with actual property value 'Plan Annuel ​'

2023-10-18 16:29:56 - [TEST_STEP][PASSED] - verifyElementPropertyValue(getResponse, "groups[0].pricingPlans[2].visualElements[2].key", "tag_text"): Verify element property value successfully

2023-10-18 16:29:56 - [MESSAGE][PASSED] - Verify element property value successfully

2023-10-18 16:29:56 - [TEST_STEP][PASSED] - verifyElementPropertyValue(getResponse, "groups[0].pricingPlans[2].visualElements[2].value", "Économisez 17%"): Verify element property value successfully

2023-10-18 16:29:56 - [MESSAGE][PASSED] - Verify element property value successfully

2023-10-18 16:29:56 - [TEST_STEP][PASSED] - verifyElementPropertyValue(getResponse, "groups[0].pricingPlans[2].visualElements[3].key", "promo_text"): Verify element property value successfully

2023-10-18 16:29:56 - [MESSAGE][PASSED] - Verify element property value successfully

2023-10-18 16:29:56 - [TEST_STEP][PASSED] - verifyElementPropertyValue(getResponse, "groups[0].pricingPlans[2].visualElements[3].value", "4.74 KWD/ mois"): Verify element property value successfully

2023-10-18 16:29:56 - [MESSAGE][PASSED] - Verify element property value successfully

2023-10-18 16:29:56 - [TEST_STEP][PASSED] - verifyElementPropertyValue(getResponse, "groups[0].pricingPlans[2].visualElements[4].key", "deduction_text"): Verify element property value successfully

2023-10-18 16:29:56 - [MESSAGE][PASSED] - Verify element property value successfully

2023-10-18 16:29:56 - [TEST_STEP][PASSED] - verifyElementPropertyValue(getResponse, "groups[0].pricingPlans[2].visualElements[4].value", "56.99 KWD facturés chaque année"): Verify element property value successfully

2023-10-18 16:29:56 - [MESSAGE][PASSED] - Verify element property value successfully

2023-10-18 16:29:56 - [TEST_STEP][PASSED] - verifyElementPropertyValue(getResponse, "groups[0].pricingPlans[2].visualElements[7].key", "show_payment_logo"): Verify element property value successfully

2023-10-18 16:29:56 - [MESSAGE][PASSED] - Verify element property value successfully

2023-10-18 16:29:56 - [TEST_STEP][PASSED] - verifyElementPropertyValue(getResponse, "groups[0].pricingPlans[2].visualElements[7].value", "true"): Verify element property value successfully

2023-10-18 16:29:56 - [MESSAGE][PASSED] - Verify element property value successfully

2023-10-18 16:29:56 - [TEST_STEP][PASSED] - verifyElementPropertyValue(getResponse, "groups[0].pricingPlans[2].visualElements[8].key", "show_tag"): Verify element property value successfully

2023-10-18 16:29:56 - [MESSAGE][PASSED] - Verify element property value successfully

2023-10-18 16:29:56 - [TEST_STEP][PASSED] - verifyElementPropertyValue(getResponse, "groups[0].pricingPlans[2].visualElements[8].value", "true"): Verify element property value successfully

2023-10-18 16:29:56 - [MESSAGE][PASSED] - Verify element property value successfully

2023-10-18 16:29:56 - [TEST_STEP][PASSED] - verifyElementPropertyValue(getResponse, "groups[0].pricingPlans[2].visualElements[10].key", "price"): Verify element property value successfully

2023-10-18 16:29:56 - [MESSAGE][PASSED] - Verify element property value successfully

2023-10-18 16:29:56 - [TEST_STEP][PASSED] - verifyElementPropertyValue(getResponse, "groups[0].pricingPlans[2].visualElements[10].value", "56.99"): Verify element property value successfully

2023-10-18 16:29:56 - [MESSAGE][PASSED] - Verify element property value successfully

2023-10-18 16:29:56 - [TEST_STEP][PASSED] - verifyElementPropertyValue(getResponse, "groups[0].pricingPlans[2].visualElements[11].key", "currency"): Verify element property value successfully

2023-10-18 16:29:56 - [MESSAGE][PASSED] - Verify element property value successfully

2023-10-18 16:29:56 - [TEST_STEP][PASSED] - verifyElementPropertyValue(getResponse, "groups[0].pricingPlans[2].visualElements[11].value", "KWD"): Verify element property value successfully

2023-10-18 16:29:56 - [MESSAGE][PASSED] - Verify element property value successfully

2023-10-18 16:29:56 - [TEST_STEP][PASSED] - verifyElementPropertyValue(getResponse, "groups[0].pricingPlans[2].visualElements[12].key", "duration"): Verify element property value successfully

2023-10-18 16:29:56 - [MESSAGE][PASSED] - Verify element property value successfully

2023-10-18 16:29:56 - [TEST_STEP][PASSED] - verifyElementPropertyValue(getResponse, "groups[0].pricingPlans[2].visualElements[12].value", "Annuel"): Verify element property value successfully

2023-10-18 16:29:56 - [MESSAGE][PASSED] - Verify element property value successfully

2023-10-18 16:29:56 - [TEST_STEP][PASSED] - verifyElementPropertyValue(getResponse, "groups[0].pricingPlans[2].order", "5"): Verify element property value successfully

2023-10-18 16:29:56 - [MESSAGE][PASSED] - Verify element property value successfully

2023-10-18 16:29:56 - [TEST_STEP][PASSED] - verifyElementPropertyValue(getResponse, "groups[0].pricingPlans[2].period", "yearly"): Verify element property value successfully

2023-10-18 16:29:56 - [MESSAGE][PASSED] - Verify element property value successfully

2023-10-18 16:29:56 - [TEST_STEP][PASSED] - verifyElementPropertyValue(getResponse, "groups[0].pricingPlans[2].price", "56.99"): Verify element property value successfully

2023-10-18 16:29:56 - [MESSAGE][PASSED] - Verify element property value successfully

2023-10-18 16:29:56 - [TEST_STEP][PASSED] - verifyElementPropertyValue(getResponse, "groups[0].pricingPlans[2].currency", "KWD"): Verify element property value successfully

2023-10-18 16:29:56 - [MESSAGE][PASSED] - Verify element property value successfully

2023-10-18 16:29:56 - [TEST_STEP][PASSED] - verifyElementPropertyValue(getResponse, "groups[0].pricingPlans[2].pricingPlanData[0].productId", "KWT_B2C_SHAHID_VIP_SPORT_12M"): Verify element property value successfully

2023-10-18 16:29:56 - [MESSAGE][PASSED] - Verify element property value successfully

2023-10-18 16:29:56 - [TEST_STEP][PASSED] - verifyElementPropertyValue(getResponse, "groups[0].pricingPlans[2].pricingPlanData[0].subPricingPlanIds", "[net.shahid.yearly.vipsports]"): Verify element property value successfully

2023-10-18 16:29:56 - [MESSAGE][PASSED] - Verify element property value successfully

2023-10-18 16:29:56 - [TEST_STEP][PASSED] - verifyElementPropertyValue(getResponse, "groups[0].pricingPlans[2].pricingPlanData[0].paymentMethod", "GOOGLE_IAP"): Verify element property value successfully

2023-10-18 16:29:56 - [MESSAGE][PASSED] - Verify element property value successfully

2023-10-18 16:29:56 - [TEST_STEP][PASSED] - verifyElementPropertyValue(getResponse, "groups[0].pricingPlans[2].pricingPlanData[0].freeTrialEnabled", "false"): Verify element property value successfully

2023-10-18 16:29:56 - [MESSAGE][PASSED] - Verify element property value successfully

2023-10-18 16:29:56 - [TEST_STEP][PASSED] - verifyElementPropertyValue(getResponse, "groups[0].pricingPlans[2].pricingPlanData[0].visualElements[1].key", "CTA_text"): Verify element property value successfully

2023-10-18 16:29:56 - [MESSAGE][PASSED] - Verify element property value successfully

2023-10-18 16:29:56 - [TEST_STEP][PASSED] - verifyElementPropertyValue(getResponse, "groups[0].pricingPlans[2].pricingPlanData[0].visualElements[1].value", "S’abonner"): Verify element property value successfully

2023-10-18 16:29:56 - [MESSAGE][PASSED] - Verify element property value successfully

2023-10-18 16:29:56 - [TEST_STEP][PASSED] - verifyElementPropertyValue(getResponse, "groups[0].pricingPlans[2].pricingPlanData[0].visualElements[2].key", "logo"): Verify element property value successfully

2023-10-18 16:29:56 - [MESSAGE][PASSED] - Verify element property value successfully

2023-10-18 16:29:56 - [TEST_STEP][PASSED] - verifyElementPropertyValue(getResponse, "groups[0].pricingPlans[2].pricingPlanData[0].visualElements[2].value", "google"): Verify element property value successfully

2023-10-18 16:29:56 - [MESSAGE][PASSED] - Verify element property value successfully

2023-10-18 16:29:56 - [TEST_STEP][PASSED] - verifyElementPropertyValue(getResponse, "groups[0].pricingPlans[2].pricingPlanData[0].priceLabel", "56.99"): Verify element property value successfully

2023-10-18 16:29:56 - [MESSAGE][PASSED] - Verify element property value successfully

2023-10-18 16:29:56 - [TEST_STEP][PASSED] - verifyElementPropertyValue(getResponse, "groups[0].pricingPlans[2].pricingPlanData[0].currencyLabel", "KWD"): Verify element property value successfully

2023-10-18 16:29:56 - [MESSAGE][PASSED] - Verify element property value successfully

2023-10-18 16:29:56 - [TEST_STEP][PASSED] - verifyElementPropertyValue(getResponse, "groups[0].pricingPlans[2].pricingPlanData[0].allowedForAcquisition", "true"): Verify element property value successfully

2023-10-18 16:29:56 - [MESSAGE][PASSED] - Verify element property value successfully

2023-10-18 16:29:56 - [TEST_STEP][PASSED] - verifyElementPropertyValue(getResponse, "visualElements[0].key", "main_CTA_text_1"): Verify element property value successfully

2023-10-18 16:29:56 - [MESSAGE][PASSED] - Verify element property value successfully

2023-10-18 16:29:56 - [TEST_STEP][PASSED] - verifyElementPropertyValue(getResponse, "visualElements[0].value", "Abonnez-vous dès maintenant et profitez de vos programmes sans publicité"): Verify element property value successfully

2023-10-18 16:29:56 - [MESSAGE][PASSED] - Verify element property value successfully

2023-10-18 16:29:56 - [TEST_STEP][PASSED] - verifyElementPropertyValue(getResponse, "visualElements[2].key", "main_disclaimer_text"): Verify element property value successfully

2023-10-18 16:29:56 - [MESSAGE][PASSED] - Verify element property value successfully

2023-10-18 16:29:56 - [TEST_STEP][PASSED] - verifyElementPropertyValue(getResponse, "visualElements[2].value", "L'offre n'est pas valable pour les anciens abonnés via Google Play. Les frais d’abonnement peuvent varier selon le pays, le moyen de paiement, le forfait, les taxes, les taux de change et les frais bancaires. Les conditions générales d’utilisation s’appliquent."): Verify element property value successfully

2023-10-18 16:29:56 - [MESSAGE][PASSED] - Verify element property value successfully

2023-10-18 16:29:56 - [TEST_STEP][PASSED] - verifyElementPropertyValue(getResponse, "visualElements[4].key", "display_type"): Verify element property value successfully

2023-10-18 16:29:56 - [MESSAGE][PASSED] - Verify element property value successfully

2023-10-18 16:29:56 - [TEST_STEP][PASSED] - verifyElementPropertyValue(getResponse, "visualElements[4].value", "vertical"): Verify element property value successfully

2023-10-18 16:29:56 - [MESSAGE][PASSED] - Verify element property value successfully

2023-10-18 16:29:56 - [TEST_STEP][PASSED] - verifyElementPropertyValue(getResponse, "defaultPackageId", "SHAHID_VIP"): Verify element property value successfully

2023-10-18 16:29:56 - [MESSAGE][PASSED] - Verify element property value successfully]]></system-out>
         <system-err><![CDATA[2023-10-18 16:29:54 - [TEST_CASE][FAILED] - Test Cases/ANDROID/KWT PI/ANDROID_FR_getSubscriptionConfigForKWT_SPORT: Test Cases/ANDROID/KWT PI/ANDROID_FR_getSubscriptionConfigForKWT_SPORT FAILED.
Reason:
com.kms.katalon.core.exception.StepFailedException: Expected element property value 'Plan Annuel ' is not equal with actual property value 'Plan Annuel ​'
	at com.kms.katalon.core.keyword.internal.KeywordMain.stepFailed(KeywordMain.groovy:39)
	at com.kms.katalon.core.webservice.keyword.builtin.VerifyElementPropertyValueKeyword$_verifyElementPropertyValue_closure1.doCall(VerifyElementPropertyValueKeyword.groovy:56)
	at com.kms.katalon.core.webservice.keyword.builtin.VerifyElementPropertyValueKeyword$_verifyElementPropertyValue_closure1.call(VerifyElementPropertyValueKeyword.groovy)
	at com.kms.katalon.core.keyword.internal.KeywordMain.runKeyword(KeywordMain.groovy:75)
	at com.kms.katalon.core.webservice.keyword.builtin.VerifyElementPropertyValueKeyword.verifyElementPropertyValue(VerifyElementPropertyValueKeyword.groovy:48)
	at com.kms.katalon.core.webservice.keyword.builtin.VerifyElementPropertyValueKeyword.execute(VerifyElementPropertyValueKeyword.groovy:43)
	at com.kms.katalon.core.keyword.internal.KeywordExecutor.executeKeywordForPlatform(KeywordExecutor.groovy:74)
	at com.kms.katalon.core.webservice.keyword.WSBuiltInKeywords.verifyElementPropertyValue(WSBuiltInKeywords.groovy:190)
	at com.kms.katalon.core.webservice.keyword.WSBuiltInKeywords$verifyElementPropertyValue$1.call(Unknown Source)
	at ANDROID_FR_getSubscriptionConfigForKWT_SPORT.run(ANDROID_FR_getSubscriptionConfigForKWT_SPORT:247)
	at com.kms.katalon.core.main.ScriptEngine.run(ScriptEngine.java:194)
	at com.kms.katalon.core.main.ScriptEngine.runScriptAsRawText(ScriptEngine.java:119)
	at com.kms.katalon.core.main.TestCaseExecutor.runScript(TestCaseExecutor.java:448)
	at com.kms.katalon.core.main.TestCaseExecutor.doExecute(TestCaseExecutor.java:439)
	at com.kms.katalon.core.main.TestCaseExecutor.processExecutionPhase(TestCaseExecutor.java:418)
	at com.kms.katalon.core.main.TestCaseExecutor.accessMainPhase(TestCaseExecutor.java:410)
	at com.kms.katalon.core.main.TestCaseExecutor.execute(TestCaseExecutor.java:285)
	at com.kms.katalon.core.common.CommonExecutor.accessTestCaseMainPhase(CommonExecutor.java:65)
	at com.kms.katalon.core.main.TestSuiteExecutor.accessTestSuiteMainPhase(TestSuiteExecutor.java:148)
	at com.kms.katalon.core.main.TestSuiteExecutor.execute(TestSuiteExecutor.java:106)
	at com.kms.katalon.core.main.TestCaseMain.startTestSuite(TestCaseMain.java:187)
	at com.kms.katalon.core.main.TestCaseMain$startTestSuite$0.call(Unknown Source)
	at TempTestSuite1697635146473.run(TempTestSuite1697635146473.groovy:36)]]></system-err>
      </testcase>
      <system-out><![CDATA[2023-10-18 16:29:38 - [TEST_SUITE][FAILED] - KWT PI: Test Cases/ANDROID/KWT PI/ANDROID_EN_getSubscriptionConfigForKWT_SPORT FAILED.
Reason:
com.kms.katalon.core.exception.StepFailedException: Expected element property value '30% Discount Offer' is not equal with actual property value '30% Discount Offer​'
	at com.kms.katalon.core.keyword.internal.KeywordMain.stepFailed(KeywordMain.groovy:39)
	at com.kms.katalon.core.webservice.keyword.builtin.VerifyElementPropertyValueKeyword$_verifyElementPropertyValue_closure1.doCall(VerifyElementPropertyValueKeyword.groovy:56)
	at com.kms.katalon.core.webservice.keyword.builtin.VerifyElementPropertyValueKeyword$_verifyElementPropertyValue_closure1.call(VerifyElementPropertyValueKeyword.groovy)
	at com.kms.katalon.core.keyword.internal.KeywordMain.runKeyword(KeywordMain.groovy:75)
	at com.kms.katalon.core.webservice.keyword.builtin.VerifyElementPropertyValueKeyword.verifyElementPropertyValue(VerifyElementPropertyValueKeyword.groovy:48)
	at com.kms.katalon.core.webservice.keyword.builtin.VerifyElementPropertyValueKeyword.execute(VerifyElementPropertyValueKeyword.groovy:43)
	at com.kms.katalon.core.keyword.internal.KeywordExecutor.executeKeywordForPlatform(KeywordExecutor.groovy:74)
	at com.kms.katalon.core.webservice.keyword.WSBuiltInKeywords.verifyElementPropertyValue(WSBuiltInKeywords.groovy:190)
	at com.kms.katalon.core.webservice.keyword.WSBuiltInKeywords$verifyElementPropertyValue$1.call(Unknown Source)
	at ANDROID_EN_getSubscriptionConfigForKWT_SPORT.run(ANDROID_EN_getSubscriptionConfigForKWT_SPORT:60)
	at com.kms.katalon.core.main.ScriptEngine.run(ScriptEngine.java:194)
	at com.kms.katalon.core.main.ScriptEngine.runScriptAsRawText(ScriptEngine.java:119)
	at com.kms.katalon.core.main.TestCaseExecutor.runScript(TestCaseExecutor.java:448)
	at com.kms.katalon.core.main.TestCaseExecutor.doExecute(TestCaseExecutor.java:439)
	at com.kms.katalon.core.main.TestCaseExecutor.processExecutionPhase(TestCaseExecutor.java:418)
	at com.kms.katalon.core.main.TestCaseExecutor.accessMainPhase(TestCaseExecutor.java:410)
	at com.kms.katalon.core.main.TestCaseExecutor.execute(TestCaseExecutor.java:285)
	at com.kms.katalon.core.common.CommonExecutor.accessTestCaseMainPhase(CommonExecutor.java:65)
	at com.kms.katalon.core.main.TestSuiteExecutor.accessTestSuiteMainPhase(TestSuiteExecutor.java:148)
	at com.kms.katalon.core.main.TestSuiteExecutor.execute(TestSuiteExecutor.java:106)
	at com.kms.katalon.core.main.TestCaseMain.startTestSuite(TestCaseMain.java:187)
	at com.kms.katalon.core.main.TestCaseMain$startTestSuite$0.call(Unknown Source)
	at TempTestSuite1697635146473.run(TempTestSuite1697635146473.groovy:36)]]></system-out>
      <system-err><![CDATA[2023-10-18 16:29:38 - [TEST_SUITE][FAILED] - KWT PI: Test Cases/ANDROID/KWT PI/ANDROID_EN_getSubscriptionConfigForKWT_SPORT FAILED.
Reason:
com.kms.katalon.core.exception.StepFailedException: Expected element property value '30% Discount Offer' is not equal with actual property value '30% Discount Offer​'
	at com.kms.katalon.core.keyword.internal.KeywordMain.stepFailed(KeywordMain.groovy:39)
	at com.kms.katalon.core.webservice.keyword.builtin.VerifyElementPropertyValueKeyword$_verifyElementPropertyValue_closure1.doCall(VerifyElementPropertyValueKeyword.groovy:56)
	at com.kms.katalon.core.webservice.keyword.builtin.VerifyElementPropertyValueKeyword$_verifyElementPropertyValue_closure1.call(VerifyElementPropertyValueKeyword.groovy)
	at com.kms.katalon.core.keyword.internal.KeywordMain.runKeyword(KeywordMain.groovy:75)
	at com.kms.katalon.core.webservice.keyword.builtin.VerifyElementPropertyValueKeyword.verifyElementPropertyValue(VerifyElementPropertyValueKeyword.groovy:48)
	at com.kms.katalon.core.webservice.keyword.builtin.VerifyElementPropertyValueKeyword.execute(VerifyElementPropertyValueKeyword.groovy:43)
	at com.kms.katalon.core.keyword.internal.KeywordExecutor.executeKeywordForPlatform(KeywordExecutor.groovy:74)
	at com.kms.katalon.core.webservice.keyword.WSBuiltInKeywords.verifyElementPropertyValue(WSBuiltInKeywords.groovy:190)
	at com.kms.katalon.core.webservice.keyword.WSBuiltInKeywords$verifyElementPropertyValue$1.call(Unknown Source)
	at ANDROID_EN_getSubscriptionConfigForKWT_SPORT.run(ANDROID_EN_getSubscriptionConfigForKWT_SPORT:60)
	at com.kms.katalon.core.main.ScriptEngine.run(ScriptEngine.java:194)
	at com.kms.katalon.core.main.ScriptEngine.runScriptAsRawText(ScriptEngine.java:119)
	at com.kms.katalon.core.main.TestCaseExecutor.runScript(TestCaseExecutor.java:448)
	at com.kms.katalon.core.main.TestCaseExecutor.doExecute(TestCaseExecutor.java:439)
	at com.kms.katalon.core.main.TestCaseExecutor.processExecutionPhase(TestCaseExecutor.java:418)
	at com.kms.katalon.core.main.TestCaseExecutor.accessMainPhase(TestCaseExecutor.java:410)
	at com.kms.katalon.core.main.TestCaseExecutor.execute(TestCaseExecutor.java:285)
	at com.kms.katalon.core.common.CommonExecutor.accessTestCaseMainPhase(CommonExecutor.java:65)
	at com.kms.katalon.core.main.TestSuiteExecutor.accessTestSuiteMainPhase(TestSuiteExecutor.java:148)
	at com.kms.katalon.core.main.TestSuiteExecutor.execute(TestSuiteExecutor.java:106)
	at com.kms.katalon.core.main.TestCaseMain.startTestSuite(TestCaseMain.java:187)
	at com.kms.katalon.core.main.TestCaseMain$startTestSuite$0.call(Unknown Source)
	at TempTestSuite1697635146473.run(TempTestSuite1697635146473.groovy:36)]]></system-err>
   </testsuite>
</testsuites>
