<?xml version="1.0" encoding="UTF-8"?>
<testsuites name="PSE" time="19.043" tests="6" failures="4" errors="0">
   <testsuite name="PSE" tests="6" failures="4" errors="0" time="19.043" skipped="0" timestamp="2023-10-16 14:13:20" hostname="admin - 10.109.12.148" id="Test Suites/WEB/PSE">
      <properties>
         <property name="deviceName" value=""/>
         <property name="devicePlatform" value=""/>
         <property name="logFolder" value="/Users/admin/git/shahid-configuration/Reports/20231016_140310/WEB/PSE/20231016_140327"/>
         <property name="logFiles" value="/Users/admin/git/shahid-configuration/Reports/20231016_140310/WEB/PSE/20231016_140327/execution0.log"/>
         <property name="attachments" value=""/>
         <property name="hostName" value="admin - 10.109.12.148"/>
         <property name="hostAddress" value="10.109.12.148"/>
         <property name="os" value="Mac OS X 64bit"/>
         <property name="katalonVersion" value="8.6.6.208"/>
      </properties>
      <testcase name="Test Cases/WEB - CHROME/PSE PI/WEB_FR_getSubscriptionConfigForPSE_VIP" time="4.708" classname="Test Cases/WEB - CHROME/PSE PI/WEB_FR_getSubscriptionConfigForPSE_VIP" status="FAILED">
         <failure type="FAILED" message="Test Cases/WEB - CHROME/PSE PI/WEB_FR_getSubscriptionConfigForPSE_VIP FAILED.
Reason:
com.kms.katalon.core.exception.StepFailedException: Expected element property value 'Plan Mensuel' is not equal with actual property value 'Plan Mensuel '
	at com.kms.katalon.core.keyword.internal.KeywordMain.stepFailed(KeywordMain.groovy:39)
	at com.kms.katalon.core.webservice.keyword.builtin.VerifyElementPropertyValueKeyword$_verifyElementPropertyValue_closure1.doCall(VerifyElementPropertyValueKeyword.groovy:56)
	at com.kms.katalon.core.webservice.keyword.builtin.VerifyElementPropertyValueKeyword$_verifyElementPropertyValue_closure1.call(VerifyElementPropertyValueKeyword.groovy)
	at com.kms.katalon.core.keyword.internal.KeywordMain.runKeyword(KeywordMain.groovy:75)
	at com.kms.katalon.core.webservice.keyword.builtin.VerifyElementPropertyValueKeyword.verifyElementPropertyValue(VerifyElementPropertyValueKeyword.groovy:48)
	at com.kms.katalon.core.webservice.keyword.builtin.VerifyElementPropertyValueKeyword.execute(VerifyElementPropertyValueKeyword.groovy:43)
	at com.kms.katalon.core.keyword.internal.KeywordExecutor.executeKeywordForPlatform(KeywordExecutor.groovy:74)
	at com.kms.katalon.core.webservice.keyword.WSBuiltInKeywords.verifyElementPropertyValue(WSBuiltInKeywords.groovy:190)
	at com.kms.katalon.core.webservice.keyword.WSBuiltInKeywords$verifyElementPropertyValue$1.call(Unknown Source)
	at WEB_FR_getSubscriptionConfigForPSE_VIP.run(WEB_FR_getSubscriptionConfigForPSE_VIP:212)
	at com.kms.katalon.core.main.ScriptEngine.run(ScriptEngine.java:194)
	at com.kms.katalon.core.main.ScriptEngine.runScriptAsRawText(ScriptEngine.java:119)
	at com.kms.katalon.core.main.TestCaseExecutor.runScript(TestCaseExecutor.java:448)
	at com.kms.katalon.core.main.TestCaseExecutor.doExecute(TestCaseExecutor.java:439)
	at com.kms.katalon.core.main.TestCaseExecutor.processExecutionPhase(TestCaseExecutor.java:418)
	at com.kms.katalon.core.main.TestCaseExecutor.accessMainPhase(TestCaseExecutor.java:410)
	at com.kms.katalon.core.main.TestCaseExecutor.execute(TestCaseExecutor.java:285)
	at com.kms.katalon.core.common.CommonExecutor.accessTestCaseMainPhase(CommonExecutor.java:65)
	at com.kms.katalon.core.main.TestSuiteExecutor.accessTestSuiteMainPhase(TestSuiteExecutor.java:148)
	at com.kms.katalon.core.main.TestSuiteExecutor.execute(TestSuiteExecutor.java:106)
	at com.kms.katalon.core.main.TestCaseMain.startTestSuite(TestCaseMain.java:187)
	at com.kms.katalon.core.main.TestCaseMain$startTestSuite$0.call(Unknown Source)
	at TempTestSuite1697454207688.run(TempTestSuite1697454207688.groovy:36)
"/>
         <system-out><![CDATA[2023-10-16 14:13:21 - [TEST_CASE][FAILED] - Test Cases/WEB - CHROME/PSE PI/WEB_FR_getSubscriptionConfigForPSE_VIP: Test Cases/WEB - CHROME/PSE PI/WEB_FR_getSubscriptionConfigForPSE_VIP FAILED.
Reason:
com.kms.katalon.core.exception.StepFailedException: Expected element property value 'Plan Mensuel' is not equal with actual property value 'Plan Mensuel '
	at com.kms.katalon.core.keyword.internal.KeywordMain.stepFailed(KeywordMain.groovy:39)
	at com.kms.katalon.core.webservice.keyword.builtin.VerifyElementPropertyValueKeyword$_verifyElementPropertyValue_closure1.doCall(VerifyElementPropertyValueKeyword.groovy:56)
	at com.kms.katalon.core.webservice.keyword.builtin.VerifyElementPropertyValueKeyword$_verifyElementPropertyValue_closure1.call(VerifyElementPropertyValueKeyword.groovy)
	at com.kms.katalon.core.keyword.internal.KeywordMain.runKeyword(KeywordMain.groovy:75)
	at com.kms.katalon.core.webservice.keyword.builtin.VerifyElementPropertyValueKeyword.verifyElementPropertyValue(VerifyElementPropertyValueKeyword.groovy:48)
	at com.kms.katalon.core.webservice.keyword.builtin.VerifyElementPropertyValueKeyword.execute(VerifyElementPropertyValueKeyword.groovy:43)
	at com.kms.katalon.core.keyword.internal.KeywordExecutor.executeKeywordForPlatform(KeywordExecutor.groovy:74)
	at com.kms.katalon.core.webservice.keyword.WSBuiltInKeywords.verifyElementPropertyValue(WSBuiltInKeywords.groovy:190)
	at com.kms.katalon.core.webservice.keyword.WSBuiltInKeywords$verifyElementPropertyValue$1.call(Unknown Source)
	at WEB_FR_getSubscriptionConfigForPSE_VIP.run(WEB_FR_getSubscriptionConfigForPSE_VIP:212)
	at com.kms.katalon.core.main.ScriptEngine.run(ScriptEngine.java:194)
	at com.kms.katalon.core.main.ScriptEngine.runScriptAsRawText(ScriptEngine.java:119)
	at com.kms.katalon.core.main.TestCaseExecutor.runScript(TestCaseExecutor.java:448)
	at com.kms.katalon.core.main.TestCaseExecutor.doExecute(TestCaseExecutor.java:439)
	at com.kms.katalon.core.main.TestCaseExecutor.processExecutionPhase(TestCaseExecutor.java:418)
	at com.kms.katalon.core.main.TestCaseExecutor.accessMainPhase(TestCaseExecutor.java:410)
	at com.kms.katalon.core.main.TestCaseExecutor.execute(TestCaseExecutor.java:285)
	at com.kms.katalon.core.common.CommonExecutor.accessTestCaseMainPhase(CommonExecutor.java:65)
	at com.kms.katalon.core.main.TestSuiteExecutor.accessTestSuiteMainPhase(TestSuiteExecutor.java:148)
	at com.kms.katalon.core.main.TestSuiteExecutor.execute(TestSuiteExecutor.java:106)
	at com.kms.katalon.core.main.TestCaseMain.startTestSuite(TestCaseMain.java:187)
	at com.kms.katalon.core.main.TestCaseMain$startTestSuite$0.call(Unknown Source)
	at TempTestSuite1697454207688.run(TempTestSuite1697454207688.groovy:36)


2023-10-16 14:13:21 - [TEST_STEP][PASSED] - getResponse = config_files.getConfigFile.getConfig("WEB", "FR", "SHAHID_VIP", "PS", "false"): config_files.getConfigFile.getConfig is PASSED

2023-10-16 14:13:23 - [MESSAGE][INFO] - HAR: /Users/admin/git/shahid-configuration/Reports/20231016_140310/WEB/PSE/20231016_140327/requests/main/0.har

2023-10-16 14:13:23 - [MESSAGE][PASSED] - Send request successfully

2023-10-16 14:13:23 - [MESSAGE][PASSED] - config_files.getConfigFile.getConfig is PASSED

2023-10-16 14:13:23 - [TEST_STEP][PASSED] - verifyResponseStatusCode(getResponse, 200): Verify response status code successfully

2023-10-16 14:13:23 - [MESSAGE][PASSED] - Verify response status code successfully

2023-10-16 14:13:23 - [TEST_STEP][PASSED] - verifyElementPropertyValue(getResponse, "country", "PSE"): Verify element property value successfully

2023-10-16 14:13:23 - [MESSAGE][PASSED] - Verify element property value successfully

2023-10-16 14:13:23 - [TEST_STEP][PASSED] - verifyElementPropertyValue(getResponse, "platform", "[WEB]"): Verify element property value successfully

2023-10-16 14:13:23 - [MESSAGE][PASSED] - Verify element property value successfully

2023-10-16 14:13:23 - [TEST_STEP][PASSED] - verifyElementPropertyValue(getResponse, "offers[0].offerId", "winback-30-offer"): Verify element property value successfully

2023-10-16 14:13:23 - [MESSAGE][PASSED] - Verify element property value successfully

2023-10-16 14:13:23 - [TEST_STEP][PASSED] - verifyElementPropertyValue(getResponse, "offers[0].offerParam", "winback30"): Verify element property value successfully

2023-10-16 14:13:23 - [MESSAGE][PASSED] - Verify element property value successfully

2023-10-16 14:13:23 - [TEST_STEP][PASSED] - verifyElementPropertyValue(getResponse, "offers[0].groups[0].pricingPlans[0].featured", "true"): Verify element property value successfully

2023-10-16 14:13:23 - [MESSAGE][PASSED] - Verify element property value successfully

2023-10-16 14:13:23 - [TEST_STEP][PASSED] - verifyElementPropertyValue(getResponse, "offers[0].groups[0].pricingPlans[0].period", "monthly"): Verify element property value successfully

2023-10-16 14:13:23 - [MESSAGE][PASSED] - Verify element property value successfully

2023-10-16 14:13:23 - [TEST_STEP][PASSED] - verifyElementPropertyValue(getResponse, "offers[0].groups[0].pricingPlans[0].featured", "true"): Verify element property value successfully

2023-10-16 14:13:23 - [MESSAGE][PASSED] - Verify element property value successfully

2023-10-16 14:13:23 - [TEST_STEP][PASSED] - verifyElementPropertyValue(getResponse, "offers[0].groups[0].pricingPlans[0].price", "11.9"): Verify element property value successfully

2023-10-16 14:13:23 - [MESSAGE][PASSED] - Verify element property value successfully

2023-10-16 14:13:23 - [TEST_STEP][PASSED] - verifyElementPropertyValue(getResponse, "offers[0].groups[0].pricingPlans[0].currency", "₪"): Verify element property value successfully

2023-10-16 14:13:23 - [MESSAGE][PASSED] - Verify element property value successfully

2023-10-16 14:13:23 - [TEST_STEP][PASSED] - verifyElementPropertyValue(getResponse, "offers[0].groups[0].pricingPlans[0].order", "0"): Verify element property value successfully

2023-10-16 14:13:23 - [MESSAGE][PASSED] - Verify element property value successfully

2023-10-16 14:13:23 - [TEST_STEP][PASSED] - verifyElementPropertyValue(getResponse, "offers[0].groups[0].pricingPlans[0].packageId", "SHAHID_VIP"): Verify element property value successfully

2023-10-16 14:13:23 - [MESSAGE][PASSED] - Verify element property value successfully

2023-10-16 14:13:23 - [TEST_STEP][PASSED] - verifyElementPropertyValue(getResponse, "offers[0].groups[0].pricingPlans[0].catalogId", "VIP"): Verify element property value successfully

2023-10-16 14:13:23 - [MESSAGE][PASSED] - Verify element property value successfully

2023-10-16 14:13:23 - [TEST_STEP][PASSED] - verifyElementPropertyValue(getResponse, "offers[0].groups[0].pricingPlans[0].visualElements[0].key", "Header_1_text"): Verify element property value successfully

2023-10-16 14:13:23 - [MESSAGE][PASSED] - Verify element property value successfully

2023-10-16 14:13:23 - [TEST_STEP][PASSED] - verifyElementPropertyValue(getResponse, "offers[0].groups[0].pricingPlans[0].visualElements[0].value", "Abonnez-vous dès maintenant et profitez de vos programmes sans publicité"): Verify element property value successfully

2023-10-16 14:13:23 - [MESSAGE][PASSED] - Verify element property value successfully

2023-10-16 14:13:23 - [TEST_STEP][PASSED] - verifyElementPropertyValue(getResponse, "offers[0].groups[0].pricingPlans[0].visualElements[1].key", "display_title"): Verify element property value successfully

2023-10-16 14:13:23 - [MESSAGE][PASSED] - Verify element property value successfully

2023-10-16 14:13:23 - [TEST_STEP][PASSED] - verifyElementPropertyValue(getResponse, "offers[0].groups[0].pricingPlans[0].visualElements[1].value", "30% de réduction"): Verify element property value successfully

2023-10-16 14:13:23 - [MESSAGE][PASSED] - Verify element property value successfully

2023-10-16 14:13:23 - [TEST_STEP][PASSED] - verifyElementPropertyValue(getResponse, "offers[0].groups[0].pricingPlans[0].visualElements[2].key", "promo_text"): Verify element property value successfully

2023-10-16 14:13:23 - [MESSAGE][PASSED] - Verify element property value successfully

2023-10-16 14:13:23 - [TEST_STEP][PASSED] - verifyElementPropertyValue(getResponse, "offers[0].groups[0].pricingPlans[0].visualElements[2].value", "11.9 ₪ / mois"): Verify element property value successfully

2023-10-16 14:13:23 - [MESSAGE][PASSED] - Verify element property value successfully

2023-10-16 14:13:23 - [TEST_STEP][PASSED] - verifyElementPropertyValue(getResponse, "offers[0].groups[0].pricingPlans[0].visualElements[3].key", "deduction_text"): Verify element property value successfully

2023-10-16 14:13:23 - [MESSAGE][PASSED] - Verify element property value successfully

2023-10-16 14:13:23 - [TEST_STEP][PASSED] - verifyElementPropertyValue(getResponse, "offers[0].groups[0].pricingPlans[0].visualElements[3].value", "facturation mensuelle"): Verify element property value successfully

2023-10-16 14:13:23 - [MESSAGE][PASSED] - Verify element property value successfully

2023-10-16 14:13:23 - [TEST_STEP][PASSED] - verifyElementPropertyValue(getResponse, "offers[0].groups[0].pricingPlans[0].visualElements[6].key", "show_payment_logo"): Verify element property value successfully

2023-10-16 14:13:23 - [MESSAGE][PASSED] - Verify element property value successfully

2023-10-16 14:13:23 - [TEST_STEP][PASSED] - verifyElementPropertyValue(getResponse, "offers[0].groups[0].pricingPlans[0].visualElements[6].value", "true"): Verify element property value successfully

2023-10-16 14:13:23 - [MESSAGE][PASSED] - Verify element property value successfully

2023-10-16 14:13:23 - [TEST_STEP][PASSED] - verifyElementPropertyValue(getResponse, "offers[0].groups[0].pricingPlans[0].visualElements[8].key", "price"): Verify element property value successfully

2023-10-16 14:13:23 - [MESSAGE][PASSED] - Verify element property value successfully

2023-10-16 14:13:23 - [TEST_STEP][PASSED] - verifyElementPropertyValue(getResponse, "offers[0].groups[0].pricingPlans[0].visualElements[8].value", "11.9"): Verify element property value successfully

2023-10-16 14:13:23 - [MESSAGE][PASSED] - Verify element property value successfully

2023-10-16 14:13:23 - [TEST_STEP][PASSED] - verifyElementPropertyValue(getResponse, "offers[0].groups[0].pricingPlans[0].visualElements[9].key", "currency"): Verify element property value successfully

2023-10-16 14:13:23 - [MESSAGE][PASSED] - Verify element property value successfully

2023-10-16 14:13:23 - [TEST_STEP][PASSED] - verifyElementPropertyValue(getResponse, "offers[0].groups[0].pricingPlans[0].visualElements[9].value", "₪"): Verify element property value successfully

2023-10-16 14:13:23 - [MESSAGE][PASSED] - Verify element property value successfully

2023-10-16 14:13:23 - [TEST_STEP][PASSED] - verifyElementPropertyValue(getResponse, "offers[0].groups[0].pricingPlans[0].visualElements[10].key", "duration"): Verify element property value successfully

2023-10-16 14:13:23 - [MESSAGE][PASSED] - Verify element property value successfully

2023-10-16 14:13:23 - [TEST_STEP][PASSED] - verifyElementPropertyValue(getResponse, "offers[0].groups[0].pricingPlans[0].visualElements[10].value", "Mensuel"): Verify element property value successfully

2023-10-16 14:13:23 - [MESSAGE][PASSED] - Verify element property value successfully

2023-10-16 14:13:23 - [TEST_STEP][PASSED] - verifyElementPropertyValue(getResponse, "offers[0].groups[0].pricingPlans[0].visualElements[11].key", "featured_tag_text"): Verify element property value successfully

2023-10-16 14:13:23 - [MESSAGE][PASSED] - Verify element property value successfully

2023-10-16 14:13:23 - [TEST_STEP][PASSED] - verifyElementPropertyValue(getResponse, "offers[0].groups[0].pricingPlans[0].visualElements[11].value", "Offre limitée"): Verify element property value successfully

2023-10-16 14:13:23 - [MESSAGE][PASSED] - Verify element property value successfully

2023-10-16 14:13:23 - [TEST_STEP][PASSED] - verifyElementPropertyValue(getResponse, "offers[0].groups[0].pricingPlans[0].visualElements[13].key", "tag_text"): Verify element property value successfully

2023-10-16 14:13:23 - [MESSAGE][PASSED] - Verify element property value successfully

2023-10-16 14:13:23 - [TEST_STEP][PASSED] - verifyElementPropertyValue(getResponse, "offers[0].groups[0].pricingPlans[0].visualElements[13].value", "Économisez 30% "): Verify element property value successfully

2023-10-16 14:13:23 - [MESSAGE][PASSED] - Verify element property value successfully

2023-10-16 14:13:23 - [TEST_STEP][PASSED] - verifyElementPropertyValue(getResponse, "offers[0].groups[0].pricingPlans[0].visualElements[12].key", "show_tag"): Verify element property value successfully

2023-10-16 14:13:23 - [MESSAGE][PASSED] - Verify element property value successfully

2023-10-16 14:13:23 - [TEST_STEP][PASSED] - verifyElementPropertyValue(getResponse, "offers[0].groups[0].pricingPlans[0].visualElements[12].value", "true"): Verify element property value successfully

2023-10-16 14:13:23 - [MESSAGE][PASSED] - Verify element property value successfully

2023-10-16 14:13:23 - [TEST_STEP][PASSED] - verifyElementPropertyValue(getResponse, "offers[0].groups[0].pricingPlans[0].pricingPlanData[0].productId", "PSE_B2C_SHAHID_VIP_1M"): Verify element property value successfully

2023-10-16 14:13:23 - [MESSAGE][PASSED] - Verify element property value successfully

2023-10-16 14:13:23 - [TEST_STEP][PASSED] - verifyElementPropertyValue(getResponse, "offers[0].groups[0].pricingPlans[0].pricingPlanData[0].paymentMethod", "CREDIT_CARD"): Verify element property value successfully

2023-10-16 14:13:23 - [MESSAGE][PASSED] - Verify element property value successfully

2023-10-16 14:13:23 - [TEST_STEP][PASSED] - verifyElementPropertyValue(getResponse, "offers[0].groups[0].pricingPlans[0].pricingPlanData[0].freeTrialEnabled", "false"): Verify element property value successfully

2023-10-16 14:13:23 - [MESSAGE][PASSED] - Verify element property value successfully

2023-10-16 14:13:23 - [TEST_STEP][PASSED] - verifyElementPropertyValue(getResponse, "offers[0].groups[0].pricingPlans[0].pricingPlanData[0].showIn[0]", "VERTICAL_MODE"): Verify element property value successfully

2023-10-16 14:13:23 - [MESSAGE][PASSED] - Verify element property value successfully

2023-10-16 14:13:23 - [TEST_STEP][PASSED] - verifyElementPropertyValue(getResponse, "offers[0].groups[0].pricingPlans[0].pricingPlanData[0].showIn[1]", "HORIZONTAL_MODE"): Verify element property value successfully

2023-10-16 14:13:23 - [MESSAGE][PASSED] - Verify element property value successfully

2023-10-16 14:13:23 - [TEST_STEP][PASSED] - verifyElementPropertyValue(getResponse, "offers[0].groups[0].pricingPlans[0].pricingPlanData[0].priceLabel", "11.9"): Verify element property value successfully

2023-10-16 14:13:23 - [MESSAGE][PASSED] - Verify element property value successfully

2023-10-16 14:13:23 - [TEST_STEP][PASSED] - verifyElementPropertyValue(getResponse, "offers[0].groups[0].pricingPlans[0].pricingPlanData[0].currencyLabel", "₪"): Verify element property value successfully

2023-10-16 14:13:23 - [MESSAGE][PASSED] - Verify element property value successfully

2023-10-16 14:13:23 - [TEST_STEP][PASSED] - verifyElementPropertyValue(getResponse, "offers[0].groups[0].pricingPlans[0].pricingPlanData[0].dealId", "RE_30P_PSE"): Verify element property value successfully

2023-10-16 14:13:23 - [MESSAGE][PASSED] - Verify element property value successfully

2023-10-16 14:13:23 - [TEST_STEP][PASSED] - verifyElementPropertyValue(getResponse, "offers[0].groups[0].pricingPlans[0].pricingPlanData[0].allowedForAcquisition", "true"): Verify element property value successfully

2023-10-16 14:13:23 - [MESSAGE][PASSED] - Verify element property value successfully

2023-10-16 14:13:23 - [TEST_STEP][PASSED] - verifyElementPropertyValue(getResponse, "offers[0].groups[0].pricingPlans[0].pricingPlanData[0].visualElements[0].key", "title"): Verify element property value successfully

2023-10-16 14:13:23 - [MESSAGE][PASSED] - Verify element property value successfully

2023-10-16 14:13:23 - [TEST_STEP][PASSED] - verifyElementPropertyValue(getResponse, "offers[0].groups[0].pricingPlans[0].pricingPlanData[0].visualElements[0].value", "Carte de crédit/débit"): Verify element property value successfully

2023-10-16 14:13:23 - [MESSAGE][PASSED] - Verify element property value successfully

2023-10-16 14:13:23 - [TEST_STEP][PASSED] - verifyElementPropertyValue(getResponse, "offers[0].groups[0].pricingPlans[0].pricingPlanData[0].visualElements[1].key", "CTA_text"): Verify element property value successfully

2023-10-16 14:13:23 - [MESSAGE][PASSED] - Verify element property value successfully

2023-10-16 14:13:23 - [TEST_STEP][PASSED] - verifyElementPropertyValue(getResponse, "offers[0].groups[0].pricingPlans[0].pricingPlanData[0].visualElements[1].value", "S'abonner"): Verify element property value successfully

2023-10-16 14:13:23 - [MESSAGE][PASSED] - Verify element property value successfully

2023-10-16 14:13:23 - [TEST_STEP][PASSED] - verifyElementPropertyValue(getResponse, "offers[0].groups[0].pricingPlans[0].pricingPlanData[0].visualElements[2].key", "logo"): Verify element property value successfully

2023-10-16 14:13:23 - [MESSAGE][PASSED] - Verify element property value successfully

2023-10-16 14:13:23 - [TEST_STEP][PASSED] - verifyElementPropertyValue(getResponse, "offers[0].groups[0].pricingPlans[0].pricingPlanData[0].visualElements[2].value", "https://static.s3.shahid.mbc.net/widget-images/icons/iconCreditCard.png"): Verify element property value successfully

2023-10-16 14:13:23 - [MESSAGE][PASSED] - Verify element property value successfully

2023-10-16 14:13:23 - [TEST_STEP][PASSED] - verifyElementPropertyValue(getResponse, "offers[1].offerId", "winback-40-offer"): Verify element property value successfully

2023-10-16 14:13:23 - [MESSAGE][PASSED] - Verify element property value successfully

2023-10-16 14:13:23 - [TEST_STEP][PASSED] - verifyElementPropertyValue(getResponse, "offers[1].offerParam", "winback40"): Verify element property value successfully

2023-10-16 14:13:23 - [MESSAGE][PASSED] - Verify element property value successfully

2023-10-16 14:13:23 - [TEST_STEP][PASSED] - verifyElementPropertyValue(getResponse, "offers[1].groups[0].pricingPlans[0].featured", "true"): Verify element property value successfully

2023-10-16 14:13:23 - [MESSAGE][PASSED] - Verify element property value successfully

2023-10-16 14:13:23 - [TEST_STEP][PASSED] - verifyElementPropertyValue(getResponse, "offers[1].groups[0].pricingPlans[0].period", "monthly"): Verify element property value successfully

2023-10-16 14:13:23 - [MESSAGE][PASSED] - Verify element property value successfully

2023-10-16 14:13:23 - [TEST_STEP][PASSED] - verifyElementPropertyValue(getResponse, "offers[1].groups[0].pricingPlans[0].featured", "true"): Verify element property value successfully

2023-10-16 14:13:24 - [MESSAGE][PASSED] - Verify element property value successfully

2023-10-16 14:13:24 - [TEST_STEP][PASSED] - verifyElementPropertyValue(getResponse, "offers[1].groups[0].pricingPlans[0].price", "10.9"): Verify element property value successfully

2023-10-16 14:13:24 - [MESSAGE][PASSED] - Verify element property value successfully

2023-10-16 14:13:24 - [TEST_STEP][PASSED] - verifyElementPropertyValue(getResponse, "offers[1].groups[0].pricingPlans[0].currency", "₪"): Verify element property value successfully

2023-10-16 14:13:24 - [MESSAGE][PASSED] - Verify element property value successfully

2023-10-16 14:13:24 - [TEST_STEP][PASSED] - verifyElementPropertyValue(getResponse, "offers[1].groups[0].pricingPlans[0].order", "0"): Verify element property value successfully

2023-10-16 14:13:24 - [MESSAGE][PASSED] - Verify element property value successfully

2023-10-16 14:13:24 - [TEST_STEP][PASSED] - verifyElementPropertyValue(getResponse, "offers[1].groups[0].pricingPlans[0].packageId", "SHAHID_VIP"): Verify element property value successfully

2023-10-16 14:13:24 - [MESSAGE][PASSED] - Verify element property value successfully

2023-10-16 14:13:24 - [TEST_STEP][PASSED] - verifyElementPropertyValue(getResponse, "offers[1].groups[0].pricingPlans[0].catalogId", "VIP"): Verify element property value successfully

2023-10-16 14:13:24 - [MESSAGE][PASSED] - Verify element property value successfully

2023-10-16 14:13:24 - [TEST_STEP][PASSED] - verifyElementPropertyValue(getResponse, "offers[1].groups[0].pricingPlans[0].visualElements[0].key", "Header_1_text"): Verify element property value successfully

2023-10-16 14:13:24 - [MESSAGE][PASSED] - Verify element property value successfully

2023-10-16 14:13:24 - [TEST_STEP][PASSED] - verifyElementPropertyValue(getResponse, "offers[1].groups[0].pricingPlans[0].visualElements[0].value", "Abonnez-vous dès maintenant et profitez de vos programmes sans publicité"): Verify element property value successfully

2023-10-16 14:13:24 - [MESSAGE][PASSED] - Verify element property value successfully

2023-10-16 14:13:24 - [TEST_STEP][PASSED] - verifyElementPropertyValue(getResponse, "offers[1].groups[0].pricingPlans[0].visualElements[1].key", "display_title"): Verify element property value successfully

2023-10-16 14:13:24 - [MESSAGE][PASSED] - Verify element property value successfully

2023-10-16 14:13:24 - [TEST_STEP][PASSED] - verifyElementPropertyValue(getResponse, "offers[1].groups[0].pricingPlans[0].visualElements[1].value", "40% de réduction"): Verify element property value successfully

2023-10-16 14:13:24 - [MESSAGE][PASSED] - Verify element property value successfully

2023-10-16 14:13:24 - [TEST_STEP][PASSED] - verifyElementPropertyValue(getResponse, "offers[1].groups[0].pricingPlans[0].visualElements[2].key", "promo_text"): Verify element property value successfully

2023-10-16 14:13:24 - [MESSAGE][PASSED] - Verify element property value successfully

2023-10-16 14:13:24 - [TEST_STEP][PASSED] - verifyElementPropertyValue(getResponse, "offers[1].groups[0].pricingPlans[0].visualElements[2].value", "11.9 ₪ / mois"): Verify element property value successfully

2023-10-16 14:13:24 - [MESSAGE][PASSED] - Verify element property value successfully

2023-10-16 14:13:24 - [TEST_STEP][PASSED] - verifyElementPropertyValue(getResponse, "offers[1].groups[0].pricingPlans[0].visualElements[3].key", "deduction_text"): Verify element property value successfully

2023-10-16 14:13:24 - [MESSAGE][PASSED] - Verify element property value successfully

2023-10-16 14:13:24 - [TEST_STEP][PASSED] - verifyElementPropertyValue(getResponse, "offers[1].groups[0].pricingPlans[0].visualElements[3].value", "facturation mensuelle"): Verify element property value successfully

2023-10-16 14:13:24 - [MESSAGE][PASSED] - Verify element property value successfully

2023-10-16 14:13:24 - [TEST_STEP][PASSED] - verifyElementPropertyValue(getResponse, "offers[1].groups[0].pricingPlans[0].visualElements[6].key", "show_payment_logo"): Verify element property value successfully

2023-10-16 14:13:24 - [MESSAGE][PASSED] - Verify element property value successfully

2023-10-16 14:13:24 - [TEST_STEP][PASSED] - verifyElementPropertyValue(getResponse, "offers[1].groups[0].pricingPlans[0].visualElements[6].value", "true"): Verify element property value successfully

2023-10-16 14:13:24 - [MESSAGE][PASSED] - Verify element property value successfully

2023-10-16 14:13:24 - [TEST_STEP][PASSED] - verifyElementPropertyValue(getResponse, "offers[1].groups[0].pricingPlans[0].visualElements[8].key", "price"): Verify element property value successfully

2023-10-16 14:13:24 - [MESSAGE][PASSED] - Verify element property value successfully

2023-10-16 14:13:24 - [TEST_STEP][PASSED] - verifyElementPropertyValue(getResponse, "offers[1].groups[0].pricingPlans[0].visualElements[8].value", "10.9"): Verify element property value successfully

2023-10-16 14:13:24 - [MESSAGE][PASSED] - Verify element property value successfully

2023-10-16 14:13:24 - [TEST_STEP][PASSED] - verifyElementPropertyValue(getResponse, "offers[1].groups[0].pricingPlans[0].visualElements[9].key", "currency"): Verify element property value successfully

2023-10-16 14:13:24 - [MESSAGE][PASSED] - Verify element property value successfully

2023-10-16 14:13:24 - [TEST_STEP][PASSED] - verifyElementPropertyValue(getResponse, "offers[1].groups[0].pricingPlans[0].visualElements[9].value", "₪"): Verify element property value successfully

2023-10-16 14:13:24 - [MESSAGE][PASSED] - Verify element property value successfully

2023-10-16 14:13:24 - [TEST_STEP][PASSED] - verifyElementPropertyValue(getResponse, "offers[1].groups[0].pricingPlans[0].visualElements[10].key", "duration"): Verify element property value successfully

2023-10-16 14:13:24 - [MESSAGE][PASSED] - Verify element property value successfully

2023-10-16 14:13:24 - [TEST_STEP][PASSED] - verifyElementPropertyValue(getResponse, "offers[1].groups[0].pricingPlans[0].visualElements[10].value", "Mensuel"): Verify element property value successfully

2023-10-16 14:13:24 - [MESSAGE][PASSED] - Verify element property value successfully

2023-10-16 14:13:24 - [TEST_STEP][PASSED] - verifyElementPropertyValue(getResponse, "offers[1].groups[0].pricingPlans[0].visualElements[11].key", "featured_tag_text"): Verify element property value successfully

2023-10-16 14:13:24 - [MESSAGE][PASSED] - Verify element property value successfully

2023-10-16 14:13:24 - [TEST_STEP][PASSED] - verifyElementPropertyValue(getResponse, "offers[1].groups[0].pricingPlans[0].visualElements[11].value", "Offre limitée"): Verify element property value successfully

2023-10-16 14:13:24 - [MESSAGE][PASSED] - Verify element property value successfully

2023-10-16 14:13:24 - [TEST_STEP][PASSED] - verifyElementPropertyValue(getResponse, "offers[1].groups[0].pricingPlans[0].visualElements[13].key", "tag_text"): Verify element property value successfully

2023-10-16 14:13:24 - [MESSAGE][PASSED] - Verify element property value successfully

2023-10-16 14:13:24 - [TEST_STEP][PASSED] - verifyElementPropertyValue(getResponse, "offers[1].groups[0].pricingPlans[0].visualElements[13].value", "Économisez 40% "): Verify element property value successfully

2023-10-16 14:13:24 - [MESSAGE][PASSED] - Verify element property value successfully

2023-10-16 14:13:24 - [TEST_STEP][PASSED] - verifyElementPropertyValue(getResponse, "offers[1].groups[0].pricingPlans[0].visualElements[12].key", "show_tag"): Verify element property value successfully

2023-10-16 14:13:24 - [MESSAGE][PASSED] - Verify element property value successfully

2023-10-16 14:13:24 - [TEST_STEP][PASSED] - verifyElementPropertyValue(getResponse, "offers[1].groups[0].pricingPlans[0].visualElements[12].value", "true"): Verify element property value successfully

2023-10-16 14:13:24 - [MESSAGE][PASSED] - Verify element property value successfully

2023-10-16 14:13:24 - [TEST_STEP][PASSED] - verifyElementPropertyValue(getResponse, "offers[1].groups[0].pricingPlans[0].pricingPlanData[0].productId", "PSE_B2C_SHAHID_VIP_1M"): Verify element property value successfully

2023-10-16 14:13:24 - [MESSAGE][PASSED] - Verify element property value successfully

2023-10-16 14:13:24 - [TEST_STEP][PASSED] - verifyElementPropertyValue(getResponse, "offers[1].groups[0].pricingPlans[0].pricingPlanData[0].paymentMethod", "CREDIT_CARD"): Verify element property value successfully

2023-10-16 14:13:24 - [MESSAGE][PASSED] - Verify element property value successfully

2023-10-16 14:13:24 - [TEST_STEP][PASSED] - verifyElementPropertyValue(getResponse, "offers[1].groups[0].pricingPlans[0].pricingPlanData[0].freeTrialEnabled", "false"): Verify element property value successfully

2023-10-16 14:13:24 - [MESSAGE][PASSED] - Verify element property value successfully

2023-10-16 14:13:24 - [TEST_STEP][PASSED] - verifyElementPropertyValue(getResponse, "offers[1].groups[0].pricingPlans[0].pricingPlanData[0].showIn[0]", "VERTICAL_MODE"): Verify element property value successfully

2023-10-16 14:13:24 - [MESSAGE][PASSED] - Verify element property value successfully

2023-10-16 14:13:24 - [TEST_STEP][PASSED] - verifyElementPropertyValue(getResponse, "offers[1].groups[0].pricingPlans[0].pricingPlanData[0].showIn[1]", "HORIZONTAL_MODE"): Verify element property value successfully

2023-10-16 14:13:24 - [MESSAGE][PASSED] - Verify element property value successfully

2023-10-16 14:13:24 - [TEST_STEP][PASSED] - verifyElementPropertyValue(getResponse, "offers[1].groups[0].pricingPlans[0].pricingPlanData[0].priceLabel", "10.9"): Verify element property value successfully

2023-10-16 14:13:24 - [MESSAGE][PASSED] - Verify element property value successfully

2023-10-16 14:13:24 - [TEST_STEP][PASSED] - verifyElementPropertyValue(getResponse, "offers[1].groups[0].pricingPlans[0].pricingPlanData[0].currencyLabel", "₪"): Verify element property value successfully

2023-10-16 14:13:24 - [MESSAGE][PASSED] - Verify element property value successfully

2023-10-16 14:13:24 - [TEST_STEP][PASSED] - verifyElementPropertyValue(getResponse, "offers[1].groups[0].pricingPlans[0].pricingPlanData[0].dealId", "RE_40P_PSE"): Verify element property value successfully

2023-10-16 14:13:24 - [MESSAGE][PASSED] - Verify element property value successfully

2023-10-16 14:13:24 - [TEST_STEP][PASSED] - verifyElementPropertyValue(getResponse, "offers[1].groups[0].pricingPlans[0].pricingPlanData[0].allowedForAcquisition", "true"): Verify element property value successfully

2023-10-16 14:13:24 - [MESSAGE][PASSED] - Verify element property value successfully

2023-10-16 14:13:24 - [TEST_STEP][PASSED] - verifyElementPropertyValue(getResponse, "offers[1].groups[0].pricingPlans[0].pricingPlanData[0].visualElements[0].key", "title"): Verify element property value successfully

2023-10-16 14:13:24 - [MESSAGE][PASSED] - Verify element property value successfully

2023-10-16 14:13:24 - [TEST_STEP][PASSED] - verifyElementPropertyValue(getResponse, "offers[1].groups[0].pricingPlans[0].pricingPlanData[0].visualElements[0].value", "Carte de crédit/débit"): Verify element property value successfully

2023-10-16 14:13:24 - [MESSAGE][PASSED] - Verify element property value successfully

2023-10-16 14:13:24 - [TEST_STEP][PASSED] - verifyElementPropertyValue(getResponse, "offers[1].groups[0].pricingPlans[0].pricingPlanData[0].visualElements[1].key", "CTA_text"): Verify element property value successfully

2023-10-16 14:13:24 - [MESSAGE][PASSED] - Verify element property value successfully

2023-10-16 14:13:24 - [TEST_STEP][PASSED] - verifyElementPropertyValue(getResponse, "offers[1].groups[0].pricingPlans[0].pricingPlanData[0].visualElements[1].value", "S'abonner"): Verify element property value successfully

2023-10-16 14:13:24 - [MESSAGE][PASSED] - Verify element property value successfully

2023-10-16 14:13:24 - [TEST_STEP][PASSED] - verifyElementPropertyValue(getResponse, "offers[1].groups[0].pricingPlans[0].pricingPlanData[0].visualElements[2].key", "logo"): Verify element property value successfully

2023-10-16 14:13:24 - [MESSAGE][PASSED] - Verify element property value successfully

2023-10-16 14:13:24 - [TEST_STEP][PASSED] - verifyElementPropertyValue(getResponse, "offers[1].groups[0].pricingPlans[0].pricingPlanData[0].visualElements[2].value", "https://static.s3.shahid.mbc.net/widget-images/icons/iconCreditCard.png"): Verify element property value successfully

2023-10-16 14:13:24 - [MESSAGE][PASSED] - Verify element property value successfully

2023-10-16 14:13:24 - [TEST_STEP][PASSED] - verifyElementPropertyValue(getResponse, "offers[2].offerId", "winback-50-offer"): Verify element property value successfully

2023-10-16 14:13:24 - [MESSAGE][PASSED] - Verify element property value successfully

2023-10-16 14:13:24 - [TEST_STEP][PASSED] - verifyElementPropertyValue(getResponse, "offers[2].offerParam", "winback50"): Verify element property value successfully

2023-10-16 14:13:24 - [MESSAGE][PASSED] - Verify element property value successfully

2023-10-16 14:13:24 - [TEST_STEP][PASSED] - verifyElementPropertyValue(getResponse, "offers[2].groups[0].pricingPlans[0].featured", "true"): Verify element property value successfully

2023-10-16 14:13:24 - [MESSAGE][PASSED] - Verify element property value successfully

2023-10-16 14:13:24 - [TEST_STEP][PASSED] - verifyElementPropertyValue(getResponse, "offers[2].groups[0].pricingPlans[0].period", "monthly"): Verify element property value successfully

2023-10-16 14:13:24 - [MESSAGE][PASSED] - Verify element property value successfully

2023-10-16 14:13:24 - [TEST_STEP][PASSED] - verifyElementPropertyValue(getResponse, "offers[2].groups[0].pricingPlans[0].featured", "true"): Verify element property value successfully

2023-10-16 14:13:24 - [MESSAGE][PASSED] - Verify element property value successfully

2023-10-16 14:13:24 - [TEST_STEP][PASSED] - verifyElementPropertyValue(getResponse, "offers[2].groups[0].pricingPlans[0].price", "8.9"): Verify element property value successfully

2023-10-16 14:13:24 - [MESSAGE][PASSED] - Verify element property value successfully

2023-10-16 14:13:24 - [TEST_STEP][PASSED] - verifyElementPropertyValue(getResponse, "offers[2].groups[0].pricingPlans[0].currency", "₪"): Verify element property value successfully

2023-10-16 14:13:24 - [MESSAGE][PASSED] - Verify element property value successfully

2023-10-16 14:13:24 - [TEST_STEP][PASSED] - verifyElementPropertyValue(getResponse, "offers[2].groups[0].pricingPlans[0].order", "0"): Verify element property value successfully

2023-10-16 14:13:24 - [MESSAGE][PASSED] - Verify element property value successfully

2023-10-16 14:13:24 - [TEST_STEP][PASSED] - verifyElementPropertyValue(getResponse, "offers[2].groups[0].pricingPlans[0].packageId", "SHAHID_VIP"): Verify element property value successfully

2023-10-16 14:13:24 - [MESSAGE][PASSED] - Verify element property value successfully

2023-10-16 14:13:24 - [TEST_STEP][PASSED] - verifyElementPropertyValue(getResponse, "offers[2].groups[0].pricingPlans[0].catalogId", "VIP"): Verify element property value successfully

2023-10-16 14:13:24 - [MESSAGE][PASSED] - Verify element property value successfully

2023-10-16 14:13:24 - [TEST_STEP][PASSED] - verifyElementPropertyValue(getResponse, "offers[2].groups[0].pricingPlans[0].visualElements[0].key", "Header_1_text"): Verify element property value successfully

2023-10-16 14:13:24 - [MESSAGE][PASSED] - Verify element property value successfully

2023-10-16 14:13:24 - [TEST_STEP][PASSED] - verifyElementPropertyValue(getResponse, "offers[2].groups[0].pricingPlans[0].visualElements[0].value", "Abonnez-vous dès maintenant et profitez de vos programmes sans publicité"): Verify element property value successfully

2023-10-16 14:13:24 - [MESSAGE][PASSED] - Verify element property value successfully

2023-10-16 14:13:24 - [TEST_STEP][PASSED] - verifyElementPropertyValue(getResponse, "offers[2].groups[0].pricingPlans[0].visualElements[1].key", "display_title"): Verify element property value successfully

2023-10-16 14:13:24 - [MESSAGE][PASSED] - Verify element property value successfully

2023-10-16 14:13:24 - [TEST_STEP][PASSED] - verifyElementPropertyValue(getResponse, "offers[2].groups[0].pricingPlans[0].visualElements[1].value", "50% de réduction"): Verify element property value successfully

2023-10-16 14:13:24 - [MESSAGE][PASSED] - Verify element property value successfully

2023-10-16 14:13:24 - [TEST_STEP][PASSED] - verifyElementPropertyValue(getResponse, "offers[2].groups[0].pricingPlans[0].visualElements[2].key", "promo_text"): Verify element property value successfully

2023-10-16 14:13:24 - [MESSAGE][PASSED] - Verify element property value successfully

2023-10-16 14:13:24 - [TEST_STEP][PASSED] - verifyElementPropertyValue(getResponse, "offers[2].groups[0].pricingPlans[0].visualElements[2].value", "11.9 ₪ / mois"): Verify element property value successfully

2023-10-16 14:13:24 - [MESSAGE][PASSED] - Verify element property value successfully

2023-10-16 14:13:24 - [TEST_STEP][PASSED] - verifyElementPropertyValue(getResponse, "offers[2].groups[0].pricingPlans[0].visualElements[3].key", "deduction_text"): Verify element property value successfully

2023-10-16 14:13:24 - [MESSAGE][PASSED] - Verify element property value successfully

2023-10-16 14:13:24 - [TEST_STEP][PASSED] - verifyElementPropertyValue(getResponse, "offers[2].groups[0].pricingPlans[0].visualElements[3].value", "facturation mensuelle"): Verify element property value successfully

2023-10-16 14:13:24 - [MESSAGE][PASSED] - Verify element property value successfully

2023-10-16 14:13:24 - [TEST_STEP][PASSED] - verifyElementPropertyValue(getResponse, "offers[2].groups[0].pricingPlans[0].visualElements[6].key", "show_payment_logo"): Verify element property value successfully

2023-10-16 14:13:24 - [MESSAGE][PASSED] - Verify element property value successfully

2023-10-16 14:13:24 - [TEST_STEP][PASSED] - verifyElementPropertyValue(getResponse, "offers[2].groups[0].pricingPlans[0].visualElements[6].value", "true"): Verify element property value successfully

2023-10-16 14:13:24 - [MESSAGE][PASSED] - Verify element property value successfully

2023-10-16 14:13:24 - [TEST_STEP][PASSED] - verifyElementPropertyValue(getResponse, "offers[2].groups[0].pricingPlans[0].visualElements[8].key", "price"): Verify element property value successfully

2023-10-16 14:13:24 - [MESSAGE][PASSED] - Verify element property value successfully

2023-10-16 14:13:24 - [TEST_STEP][PASSED] - verifyElementPropertyValue(getResponse, "offers[2].groups[0].pricingPlans[0].visualElements[8].value", "8.9"): Verify element property value successfully

2023-10-16 14:13:24 - [MESSAGE][PASSED] - Verify element property value successfully

2023-10-16 14:13:24 - [TEST_STEP][PASSED] - verifyElementPropertyValue(getResponse, "offers[2].groups[0].pricingPlans[0].visualElements[9].key", "currency"): Verify element property value successfully

2023-10-16 14:13:24 - [MESSAGE][PASSED] - Verify element property value successfully

2023-10-16 14:13:24 - [TEST_STEP][PASSED] - verifyElementPropertyValue(getResponse, "offers[2].groups[0].pricingPlans[0].visualElements[9].value", "₪"): Verify element property value successfully

2023-10-16 14:13:24 - [MESSAGE][PASSED] - Verify element property value successfully

2023-10-16 14:13:24 - [TEST_STEP][PASSED] - verifyElementPropertyValue(getResponse, "offers[2].groups[0].pricingPlans[0].visualElements[10].key", "duration"): Verify element property value successfully

2023-10-16 14:13:24 - [MESSAGE][PASSED] - Verify element property value successfully

2023-10-16 14:13:24 - [TEST_STEP][PASSED] - verifyElementPropertyValue(getResponse, "offers[2].groups[0].pricingPlans[0].visualElements[10].value", "Mensuel"): Verify element property value successfully

2023-10-16 14:13:24 - [MESSAGE][PASSED] - Verify element property value successfully

2023-10-16 14:13:24 - [TEST_STEP][PASSED] - verifyElementPropertyValue(getResponse, "offers[2].groups[0].pricingPlans[0].visualElements[11].key", "featured_tag_text"): Verify element property value successfully

2023-10-16 14:13:24 - [MESSAGE][PASSED] - Verify element property value successfully

2023-10-16 14:13:24 - [TEST_STEP][PASSED] - verifyElementPropertyValue(getResponse, "offers[2].groups[0].pricingPlans[0].visualElements[11].value", "Offre limitée"): Verify element property value successfully

2023-10-16 14:13:24 - [MESSAGE][PASSED] - Verify element property value successfully

2023-10-16 14:13:24 - [TEST_STEP][PASSED] - verifyElementPropertyValue(getResponse, "offers[2].groups[0].pricingPlans[0].visualElements[13].key", "tag_text"): Verify element property value successfully

2023-10-16 14:13:24 - [MESSAGE][PASSED] - Verify element property value successfully

2023-10-16 14:13:24 - [TEST_STEP][PASSED] - verifyElementPropertyValue(getResponse, "offers[2].groups[0].pricingPlans[0].visualElements[13].value", "Économisez 50% "): Verify element property value successfully

2023-10-16 14:13:24 - [MESSAGE][PASSED] - Verify element property value successfully

2023-10-16 14:13:24 - [TEST_STEP][PASSED] - verifyElementPropertyValue(getResponse, "offers[2].groups[0].pricingPlans[0].visualElements[12].key", "show_tag"): Verify element property value successfully

2023-10-16 14:13:24 - [MESSAGE][PASSED] - Verify element property value successfully

2023-10-16 14:13:24 - [TEST_STEP][PASSED] - verifyElementPropertyValue(getResponse, "offers[2].groups[0].pricingPlans[0].visualElements[12].value", "true"): Verify element property value successfully

2023-10-16 14:13:24 - [MESSAGE][PASSED] - Verify element property value successfully

2023-10-16 14:13:24 - [TEST_STEP][PASSED] - verifyElementPropertyValue(getResponse, "offers[2].groups[0].pricingPlans[0].pricingPlanData[0].productId", "PSE_B2C_SHAHID_VIP_1M"): Verify element property value successfully

2023-10-16 14:13:24 - [MESSAGE][PASSED] - Verify element property value successfully

2023-10-16 14:13:24 - [TEST_STEP][PASSED] - verifyElementPropertyValue(getResponse, "offers[2].groups[0].pricingPlans[0].pricingPlanData[0].paymentMethod", "CREDIT_CARD"): Verify element property value successfully

2023-10-16 14:13:24 - [MESSAGE][PASSED] - Verify element property value successfully

2023-10-16 14:13:24 - [TEST_STEP][PASSED] - verifyElementPropertyValue(getResponse, "offers[2].groups[0].pricingPlans[0].pricingPlanData[0].freeTrialEnabled", "false"): Verify element property value successfully

2023-10-16 14:13:24 - [MESSAGE][PASSED] - Verify element property value successfully

2023-10-16 14:13:24 - [TEST_STEP][PASSED] - verifyElementPropertyValue(getResponse, "offers[2].groups[0].pricingPlans[0].pricingPlanData[0].showIn[0]", "VERTICAL_MODE"): Verify element property value successfully

2023-10-16 14:13:24 - [MESSAGE][PASSED] - Verify element property value successfully

2023-10-16 14:13:24 - [TEST_STEP][PASSED] - verifyElementPropertyValue(getResponse, "offers[2].groups[0].pricingPlans[0].pricingPlanData[0].showIn[1]", "HORIZONTAL_MODE"): Verify element property value successfully

2023-10-16 14:13:24 - [MESSAGE][PASSED] - Verify element property value successfully

2023-10-16 14:13:24 - [TEST_STEP][PASSED] - verifyElementPropertyValue(getResponse, "offers[2].groups[0].pricingPlans[0].pricingPlanData[0].priceLabel", "8.9"): Verify element property value successfully

2023-10-16 14:13:24 - [MESSAGE][PASSED] - Verify element property value successfully

2023-10-16 14:13:24 - [TEST_STEP][PASSED] - verifyElementPropertyValue(getResponse, "offers[2].groups[0].pricingPlans[0].pricingPlanData[0].currencyLabel", "₪"): Verify element property value successfully

2023-10-16 14:13:24 - [MESSAGE][PASSED] - Verify element property value successfully

2023-10-16 14:13:24 - [TEST_STEP][PASSED] - verifyElementPropertyValue(getResponse, "offers[2].groups[0].pricingPlans[0].pricingPlanData[0].dealId", "RE_50P_PSE"): Verify element property value successfully

2023-10-16 14:13:24 - [MESSAGE][PASSED] - Verify element property value successfully

2023-10-16 14:13:24 - [TEST_STEP][PASSED] - verifyElementPropertyValue(getResponse, "offers[2].groups[0].pricingPlans[0].pricingPlanData[0].allowedForAcquisition", "true"): Verify element property value successfully

2023-10-16 14:13:24 - [MESSAGE][PASSED] - Verify element property value successfully

2023-10-16 14:13:24 - [TEST_STEP][PASSED] - verifyElementPropertyValue(getResponse, "offers[2].groups[0].pricingPlans[0].pricingPlanData[0].visualElements[0].key", "title"): Verify element property value successfully

2023-10-16 14:13:24 - [MESSAGE][PASSED] - Verify element property value successfully

2023-10-16 14:13:24 - [TEST_STEP][PASSED] - verifyElementPropertyValue(getResponse, "offers[2].groups[0].pricingPlans[0].pricingPlanData[0].visualElements[0].value", "Carte de crédit/débit"): Verify element property value successfully

2023-10-16 14:13:24 - [MESSAGE][PASSED] - Verify element property value successfully

2023-10-16 14:13:24 - [TEST_STEP][PASSED] - verifyElementPropertyValue(getResponse, "offers[2].groups[0].pricingPlans[0].pricingPlanData[0].visualElements[1].key", "CTA_text"): Verify element property value successfully

2023-10-16 14:13:24 - [MESSAGE][PASSED] - Verify element property value successfully

2023-10-16 14:13:24 - [TEST_STEP][PASSED] - verifyElementPropertyValue(getResponse, "offers[2].groups[0].pricingPlans[0].pricingPlanData[0].visualElements[1].value", "S'abonner"): Verify element property value successfully

2023-10-16 14:13:24 - [MESSAGE][PASSED] - Verify element property value successfully

2023-10-16 14:13:24 - [TEST_STEP][PASSED] - verifyElementPropertyValue(getResponse, "offers[2].groups[0].pricingPlans[0].pricingPlanData[0].visualElements[2].key", "logo"): Verify element property value successfully

2023-10-16 14:13:24 - [MESSAGE][PASSED] - Verify element property value successfully

2023-10-16 14:13:24 - [TEST_STEP][PASSED] - verifyElementPropertyValue(getResponse, "offers[2].groups[0].pricingPlans[0].pricingPlanData[0].visualElements[2].value", "https://static.s3.shahid.mbc.net/widget-images/icons/iconCreditCard.png"): Verify element property value successfully

2023-10-16 14:13:24 - [MESSAGE][PASSED] - Verify element property value successfully

2023-10-16 14:13:24 - [TEST_STEP][PASSED] - verifyElementPropertyValue(getResponse, "groups[0].pricingPlans[0].featured", "true"): Verify element property value successfully

2023-10-16 14:13:24 - [MESSAGE][PASSED] - Verify element property value successfully

2023-10-16 14:13:24 - [TEST_STEP][PASSED] - verifyElementPropertyValue(getResponse, "groups[0].pricingPlans[0].packageId", "SHAHID_VIP"): Verify element property value successfully

2023-10-16 14:13:24 - [MESSAGE][PASSED] - Verify element property value successfully

2023-10-16 14:13:24 - [TEST_STEP][PASSED] - verifyElementPropertyValue(getResponse, "groups[0].pricingPlans[0].catalogId", "VIP"): Verify element property value successfully

2023-10-16 14:13:25 - [MESSAGE][PASSED] - Verify element property value successfully

2023-10-16 14:13:25 - [TEST_STEP][PASSED] - verifyElementPropertyValue(getResponse, "groups[0].pricingPlans[0].visualElements[0].key", "Header_1_text"): Verify element property value successfully

2023-10-16 14:13:25 - [MESSAGE][PASSED] - Verify element property value successfully

2023-10-16 14:13:25 - [TEST_STEP][PASSED] - verifyElementPropertyValue(getResponse, "groups[0].pricingPlans[0].visualElements[0].value", "Abonnez-vous dès maintenant et profitez de vos programmes sans publicité"): Verify element property value successfully

2023-10-16 14:13:25 - [MESSAGE][PASSED] - Verify element property value successfully

2023-10-16 14:13:25 - [TEST_STEP][PASSED] - verifyElementPropertyValue(getResponse, "groups[0].pricingPlans[0].visualElements[1].key", "display_title"): Verify element property value successfully

2023-10-16 14:13:25 - [MESSAGE][PASSED] - Verify element property value successfully

2023-10-16 14:13:25 - [TEST_STEP][FAILED] - verifyElementPropertyValue(getResponse, "groups[0].pricingPlans[0].visualElements[1].value", "Plan Mensuel"): Expected element property value 'Plan Mensuel' is not equal with actual property value 'Plan Mensuel '

2023-10-16 14:13:25 - [MESSAGE][FAILED] - Expected element property value 'Plan Mensuel' is not equal with actual property value 'Plan Mensuel '

2023-10-16 14:13:25 - [TEST_STEP][PASSED] - verifyElementPropertyValue(getResponse, "groups[0].pricingPlans[0].visualElements[2].key", "promo_text"): Verify element property value successfully

2023-10-16 14:13:25 - [MESSAGE][PASSED] - Verify element property value successfully

2023-10-16 14:13:25 - [TEST_STEP][PASSED] - verifyElementPropertyValue(getResponse, "groups[0].pricingPlans[0].visualElements[2].value", "16.9   ₪ / mois"): Verify element property value successfully

2023-10-16 14:13:25 - [MESSAGE][PASSED] - Verify element property value successfully

2023-10-16 14:13:25 - [TEST_STEP][PASSED] - verifyElementPropertyValue(getResponse, "groups[0].pricingPlans[0].visualElements[3].key", "deduction_text"): Verify element property value successfully

2023-10-16 14:13:25 - [MESSAGE][PASSED] - Verify element property value successfully

2023-10-16 14:13:25 - [TEST_STEP][PASSED] - verifyElementPropertyValue(getResponse, "groups[0].pricingPlans[0].visualElements[3].value", "facturation mensuelle"): Verify element property value successfully

2023-10-16 14:13:25 - [MESSAGE][PASSED] - Verify element property value successfully

2023-10-16 14:13:25 - [TEST_STEP][PASSED] - verifyElementPropertyValue(getResponse, "groups[0].pricingPlans[0].visualElements[6].key", "show_payment_logo"): Verify element property value successfully

2023-10-16 14:13:25 - [MESSAGE][PASSED] - Verify element property value successfully

2023-10-16 14:13:25 - [TEST_STEP][PASSED] - verifyElementPropertyValue(getResponse, "groups[0].pricingPlans[0].visualElements[6].value", "true"): Verify element property value successfully

2023-10-16 14:13:25 - [MESSAGE][PASSED] - Verify element property value successfully

2023-10-16 14:13:25 - [TEST_STEP][PASSED] - verifyElementPropertyValue(getResponse, "groups[0].pricingPlans[0].visualElements[8].key", "price"): Verify element property value successfully

2023-10-16 14:13:25 - [MESSAGE][PASSED] - Verify element property value successfully

2023-10-16 14:13:25 - [TEST_STEP][PASSED] - verifyElementPropertyValue(getResponse, "groups[0].pricingPlans[0].visualElements[8].value", "16.9 "): Verify element property value successfully

2023-10-16 14:13:25 - [MESSAGE][PASSED] - Verify element property value successfully

2023-10-16 14:13:25 - [TEST_STEP][PASSED] - verifyElementPropertyValue(getResponse, "groups[0].pricingPlans[0].visualElements[9].key", "currency"): Verify element property value successfully

2023-10-16 14:13:25 - [MESSAGE][PASSED] - Verify element property value successfully

2023-10-16 14:13:25 - [TEST_STEP][PASSED] - verifyElementPropertyValue(getResponse, "groups[0].pricingPlans[0].visualElements[9].value", "₪"): Verify element property value successfully

2023-10-16 14:13:25 - [MESSAGE][PASSED] - Verify element property value successfully

2023-10-16 14:13:25 - [TEST_STEP][PASSED] - verifyElementPropertyValue(getResponse, "groups[0].pricingPlans[0].visualElements[10].key", "duration"): Verify element property value successfully

2023-10-16 14:13:25 - [MESSAGE][PASSED] - Verify element property value successfully

2023-10-16 14:13:25 - [TEST_STEP][PASSED] - verifyElementPropertyValue(getResponse, "groups[0].pricingPlans[0].visualElements[10].value", "Mensuel"): Verify element property value successfully

2023-10-16 14:13:25 - [MESSAGE][PASSED] - Verify element property value successfully

2023-10-16 14:13:25 - [TEST_STEP][PASSED] - verifyElementPropertyValue(getResponse, "groups[0].pricingPlans[0].order", "0"): Verify element property value successfully

2023-10-16 14:13:25 - [MESSAGE][PASSED] - Verify element property value successfully

2023-10-16 14:13:25 - [TEST_STEP][PASSED] - verifyElementPropertyValue(getResponse, "groups[0].pricingPlans[0].period", "monthly"): Verify element property value successfully

2023-10-16 14:13:25 - [MESSAGE][PASSED] - Verify element property value successfully

2023-10-16 14:13:25 - [TEST_STEP][PASSED] - verifyElementPropertyValue(getResponse, "groups[0].pricingPlans[0].price", "16.9"): Verify element property value successfully

2023-10-16 14:13:25 - [MESSAGE][PASSED] - Verify element property value successfully

2023-10-16 14:13:25 - [TEST_STEP][PASSED] - verifyElementPropertyValue(getResponse, "groups[0].pricingPlans[0].currency", "₪"): Verify element property value successfully

2023-10-16 14:13:25 - [MESSAGE][PASSED] - Verify element property value successfully

2023-10-16 14:13:25 - [TEST_STEP][PASSED] - verifyElementPropertyValue(getResponse, "groups[0].pricingPlans[0].pricingPlanData[0].productId", "PSE_B2C_SHAHID_VIP_1M"): Verify element property value successfully

2023-10-16 14:13:25 - [MESSAGE][PASSED] - Verify element property value successfully

2023-10-16 14:13:25 - [TEST_STEP][PASSED] - verifyElementPropertyValue(getResponse, "groups[0].pricingPlans[0].pricingPlanData[0].subPricingPlanIds", "null"): Verify element property value successfully

2023-10-16 14:13:25 - [MESSAGE][PASSED] - Verify element property value successfully

2023-10-16 14:13:25 - [TEST_STEP][PASSED] - verifyElementPropertyValue(getResponse, "groups[0].pricingPlans[0].pricingPlanData[0].paymentMethod", "CREDIT_CARD"): Verify element property value successfully

2023-10-16 14:13:25 - [MESSAGE][PASSED] - Verify element property value successfully

2023-10-16 14:13:25 - [TEST_STEP][PASSED] - verifyElementPropertyValue(getResponse, "groups[0].pricingPlans[0].pricingPlanData[0].freeTrialEnabled", "false"): Verify element property value successfully

2023-10-16 14:13:25 - [MESSAGE][PASSED] - Verify element property value successfully

2023-10-16 14:13:25 - [TEST_STEP][PASSED] - verifyElementPropertyValue(getResponse, "groups[0].pricingPlans[0].pricingPlanData[0].visualElements[0].key", "title"): Verify element property value successfully

2023-10-16 14:13:25 - [MESSAGE][PASSED] - Verify element property value successfully

2023-10-16 14:13:25 - [TEST_STEP][PASSED] - verifyElementPropertyValue(getResponse, "groups[0].pricingPlans[0].pricingPlanData[0].visualElements[0].value", "Carte de crédit/débit"): Verify element property value successfully

2023-10-16 14:13:25 - [MESSAGE][PASSED] - Verify element property value successfully

2023-10-16 14:13:25 - [TEST_STEP][PASSED] - verifyElementPropertyValue(getResponse, "groups[0].pricingPlans[0].pricingPlanData[0].visualElements[1].key", "CTA_text"): Verify element property value successfully

2023-10-16 14:13:25 - [MESSAGE][PASSED] - Verify element property value successfully

2023-10-16 14:13:25 - [TEST_STEP][PASSED] - verifyElementPropertyValue(getResponse, "groups[0].pricingPlans[0].pricingPlanData[0].visualElements[1].value", "S'abonner"): Verify element property value successfully

2023-10-16 14:13:25 - [MESSAGE][PASSED] - Verify element property value successfully

2023-10-16 14:13:25 - [TEST_STEP][PASSED] - verifyElementPropertyValue(getResponse, "groups[0].pricingPlans[0].pricingPlanData[0].visualElements[2].key", "logo"): Verify element property value successfully

2023-10-16 14:13:25 - [MESSAGE][PASSED] - Verify element property value successfully

2023-10-16 14:13:25 - [TEST_STEP][PASSED] - verifyElementPropertyValue(getResponse, "groups[0].pricingPlans[0].pricingPlanData[0].visualElements[2].value", "https://static.s3.shahid.mbc.net/widget-images/icons/iconCreditCard.png"): Verify element property value successfully

2023-10-16 14:13:25 - [MESSAGE][PASSED] - Verify element property value successfully

2023-10-16 14:13:25 - [TEST_STEP][PASSED] - verifyElementPropertyValue(getResponse, "groups[0].pricingPlans[0].pricingPlanData[0].priceLabel", "16.9 "): Verify element property value successfully

2023-10-16 14:13:25 - [MESSAGE][PASSED] - Verify element property value successfully

2023-10-16 14:13:25 - [TEST_STEP][PASSED] - verifyElementPropertyValue(getResponse, "groups[0].pricingPlans[0].pricingPlanData[0].currencyLabel", "₪"): Verify element property value successfully

2023-10-16 14:13:25 - [MESSAGE][PASSED] - Verify element property value successfully

2023-10-16 14:13:25 - [TEST_STEP][PASSED] - verifyElementPropertyValue(getResponse, "groups[0].pricingPlans[1].featured", "false"): Verify element property value successfully

2023-10-16 14:13:25 - [MESSAGE][PASSED] - Verify element property value successfully

2023-10-16 14:13:25 - [TEST_STEP][PASSED] - verifyElementPropertyValue(getResponse, "groups[0].pricingPlans[1].packageId", "SHAHID_VIP"): Verify element property value successfully

2023-10-16 14:13:25 - [MESSAGE][PASSED] - Verify element property value successfully

2023-10-16 14:13:25 - [TEST_STEP][PASSED] - verifyElementPropertyValue(getResponse, "groups[0].pricingPlans[1].catalogId", "VIP"): Verify element property value successfully

2023-10-16 14:13:25 - [MESSAGE][PASSED] - Verify element property value successfully

2023-10-16 14:13:25 - [TEST_STEP][PASSED] - verifyElementPropertyValue(getResponse, "groups[0].pricingPlans[1].visualElements[0].key", "Header_1_text"): Verify element property value successfully

2023-10-16 14:13:25 - [MESSAGE][PASSED] - Verify element property value successfully

2023-10-16 14:13:25 - [TEST_STEP][PASSED] - verifyElementPropertyValue(getResponse, "groups[0].pricingPlans[1].visualElements[0].value", "Abonnez-vous dès maintenant et profitez de vos programmes sans publicité"): Verify element property value successfully

2023-10-16 14:13:25 - [MESSAGE][PASSED] - Verify element property value successfully

2023-10-16 14:13:25 - [TEST_STEP][PASSED] - verifyElementPropertyValue(getResponse, "groups[0].pricingPlans[1].visualElements[1].key", "display_title"): Verify element property value successfully

2023-10-16 14:13:25 - [MESSAGE][PASSED] - Verify element property value successfully

2023-10-16 14:13:25 - [TEST_STEP][PASSED] - verifyElementPropertyValue(getResponse, "groups[0].pricingPlans[1].visualElements[1].value", "Plan Annuel"): Verify element property value successfully

2023-10-16 14:13:25 - [MESSAGE][PASSED] - Verify element property value successfully

2023-10-16 14:13:25 - [TEST_STEP][PASSED] - verifyElementPropertyValue(getResponse, "groups[0].pricingPlans[1].visualElements[2].key", "tag_text"): Verify element property value successfully

2023-10-16 14:13:25 - [MESSAGE][PASSED] - Verify element property value successfully

2023-10-16 14:13:25 - [TEST_STEP][PASSED] - verifyElementPropertyValue(getResponse, "groups[0].pricingPlans[1].visualElements[2].value", "Économisez 30%"): Verify element property value successfully

2023-10-16 14:13:25 - [MESSAGE][PASSED] - Verify element property value successfully

2023-10-16 14:13:25 - [TEST_STEP][PASSED] - verifyElementPropertyValue(getResponse, "groups[0].pricingPlans[1].visualElements[3].key", "promo_text"): Verify element property value successfully

2023-10-16 14:13:25 - [MESSAGE][PASSED] - Verify element property value successfully

2023-10-16 14:13:25 - [TEST_STEP][PASSED] - verifyElementPropertyValue(getResponse, "groups[0].pricingPlans[1].visualElements[3].value", "11.9 ₪/ mois"): Verify element property value successfully

2023-10-16 14:13:25 - [MESSAGE][PASSED] - Verify element property value successfully

2023-10-16 14:13:25 - [TEST_STEP][PASSED] - verifyElementPropertyValue(getResponse, "groups[0].pricingPlans[1].visualElements[4].key", "deduction_text"): Verify element property value successfully

2023-10-16 14:13:25 - [MESSAGE][PASSED] - Verify element property value successfully

2023-10-16 14:13:25 - [TEST_STEP][PASSED] - verifyElementPropertyValue(getResponse, "groups[0].pricingPlans[1].visualElements[4].value", "142.9 ₪ facturés chaque année"): Verify element property value successfully

2023-10-16 14:13:25 - [MESSAGE][PASSED] - Verify element property value successfully

2023-10-16 14:13:25 - [TEST_STEP][PASSED] - verifyElementPropertyValue(getResponse, "groups[0].pricingPlans[1].visualElements[7].key", "show_payment_logo"): Verify element property value successfully

2023-10-16 14:13:25 - [MESSAGE][PASSED] - Verify element property value successfully

2023-10-16 14:13:25 - [TEST_STEP][PASSED] - verifyElementPropertyValue(getResponse, "groups[0].pricingPlans[1].visualElements[7].value", "true"): Verify element property value successfully

2023-10-16 14:13:25 - [MESSAGE][PASSED] - Verify element property value successfully

2023-10-16 14:13:25 - [TEST_STEP][PASSED] - verifyElementPropertyValue(getResponse, "groups[0].pricingPlans[1].visualElements[8].key", "show_tag"): Verify element property value successfully

2023-10-16 14:13:25 - [MESSAGE][PASSED] - Verify element property value successfully

2023-10-16 14:13:25 - [TEST_STEP][PASSED] - verifyElementPropertyValue(getResponse, "groups[0].pricingPlans[1].visualElements[8].value", "true"): Verify element property value successfully

2023-10-16 14:13:25 - [MESSAGE][PASSED] - Verify element property value successfully

2023-10-16 14:13:25 - [TEST_STEP][PASSED] - verifyElementPropertyValue(getResponse, "groups[0].pricingPlans[1].visualElements[10].key", "price"): Verify element property value successfully

2023-10-16 14:13:25 - [MESSAGE][PASSED] - Verify element property value successfully

2023-10-16 14:13:25 - [TEST_STEP][PASSED] - verifyElementPropertyValue(getResponse, "groups[0].pricingPlans[1].visualElements[10].value", "142.9"): Verify element property value successfully

2023-10-16 14:13:25 - [MESSAGE][PASSED] - Verify element property value successfully

2023-10-16 14:13:25 - [TEST_STEP][PASSED] - verifyElementPropertyValue(getResponse, "groups[0].pricingPlans[1].visualElements[11].key", "currency"): Verify element property value successfully

2023-10-16 14:13:25 - [MESSAGE][PASSED] - Verify element property value successfully

2023-10-16 14:13:25 - [TEST_STEP][PASSED] - verifyElementPropertyValue(getResponse, "groups[0].pricingPlans[1].visualElements[11].value", "₪"): Verify element property value successfully

2023-10-16 14:13:25 - [MESSAGE][PASSED] - Verify element property value successfully

2023-10-16 14:13:25 - [TEST_STEP][PASSED] - verifyElementPropertyValue(getResponse, "groups[0].pricingPlans[1].visualElements[12].key", "duration"): Verify element property value successfully

2023-10-16 14:13:25 - [MESSAGE][PASSED] - Verify element property value successfully

2023-10-16 14:13:25 - [TEST_STEP][PASSED] - verifyElementPropertyValue(getResponse, "groups[0].pricingPlans[1].visualElements[12].value", "Annuel"): Verify element property value successfully

2023-10-16 14:13:25 - [MESSAGE][PASSED] - Verify element property value successfully

2023-10-16 14:13:25 - [TEST_STEP][PASSED] - verifyElementPropertyValue(getResponse, "groups[0].pricingPlans[1].order", "2"): Verify element property value successfully

2023-10-16 14:13:25 - [MESSAGE][PASSED] - Verify element property value successfully

2023-10-16 14:13:25 - [TEST_STEP][PASSED] - verifyElementPropertyValue(getResponse, "groups[0].pricingPlans[1].period", "yearly"): Verify element property value successfully

2023-10-16 14:13:25 - [MESSAGE][PASSED] - Verify element property value successfully

2023-10-16 14:13:25 - [TEST_STEP][PASSED] - verifyElementPropertyValue(getResponse, "groups[0].pricingPlans[1].price", "142.9"): Verify element property value successfully

2023-10-16 14:13:25 - [MESSAGE][PASSED] - Verify element property value successfully

2023-10-16 14:13:25 - [TEST_STEP][PASSED] - verifyElementPropertyValue(getResponse, "groups[0].pricingPlans[1].currency", "₪"): Verify element property value successfully

2023-10-16 14:13:25 - [MESSAGE][PASSED] - Verify element property value successfully

2023-10-16 14:13:25 - [TEST_STEP][PASSED] - verifyElementPropertyValue(getResponse, "groups[0].pricingPlans[1].pricingPlanData[0].productId", "PSE_B2C_SHAHID_VIP_12M"): Verify element property value successfully

2023-10-16 14:13:25 - [MESSAGE][PASSED] - Verify element property value successfully

2023-10-16 14:13:25 - [TEST_STEP][PASSED] - verifyElementPropertyValue(getResponse, "groups[0].pricingPlans[1].pricingPlanData[0].subPricingPlanIds", "null"): Verify element property value successfully

2023-10-16 14:13:25 - [MESSAGE][PASSED] - Verify element property value successfully

2023-10-16 14:13:25 - [TEST_STEP][PASSED] - verifyElementPropertyValue(getResponse, "groups[0].pricingPlans[1].pricingPlanData[0].paymentMethod", "CREDIT_CARD"): Verify element property value successfully

2023-10-16 14:13:25 - [MESSAGE][PASSED] - Verify element property value successfully

2023-10-16 14:13:25 - [TEST_STEP][PASSED] - verifyElementPropertyValue(getResponse, "groups[0].pricingPlans[1].pricingPlanData[0].freeTrialEnabled", "false"): Verify element property value successfully

2023-10-16 14:13:25 - [MESSAGE][PASSED] - Verify element property value successfully

2023-10-16 14:13:25 - [TEST_STEP][PASSED] - verifyElementPropertyValue(getResponse, "groups[0].pricingPlans[1].pricingPlanData[0].visualElements[0].key", "title"): Verify element property value successfully

2023-10-16 14:13:25 - [MESSAGE][PASSED] - Verify element property value successfully

2023-10-16 14:13:25 - [TEST_STEP][PASSED] - verifyElementPropertyValue(getResponse, "groups[0].pricingPlans[1].pricingPlanData[0].visualElements[0].value", "Carte de crédit/débit"): Verify element property value successfully

2023-10-16 14:13:25 - [MESSAGE][PASSED] - Verify element property value successfully

2023-10-16 14:13:25 - [TEST_STEP][PASSED] - verifyElementPropertyValue(getResponse, "groups[0].pricingPlans[1].pricingPlanData[0].visualElements[1].key", "CTA_text"): Verify element property value successfully

2023-10-16 14:13:25 - [MESSAGE][PASSED] - Verify element property value successfully

2023-10-16 14:13:25 - [TEST_STEP][PASSED] - verifyElementPropertyValue(getResponse, "groups[0].pricingPlans[1].pricingPlanData[0].visualElements[1].value", "S'abonner"): Verify element property value successfully

2023-10-16 14:13:25 - [MESSAGE][PASSED] - Verify element property value successfully

2023-10-16 14:13:25 - [TEST_STEP][PASSED] - verifyElementPropertyValue(getResponse, "groups[0].pricingPlans[1].pricingPlanData[0].visualElements[2].key", "logo"): Verify element property value successfully

2023-10-16 14:13:25 - [MESSAGE][PASSED] - Verify element property value successfully

2023-10-16 14:13:25 - [TEST_STEP][PASSED] - verifyElementPropertyValue(getResponse, "groups[0].pricingPlans[1].pricingPlanData[0].visualElements[2].value", "https://static.s3.shahid.mbc.net/widget-images/icons/iconCreditCard.png"): Verify element property value successfully

2023-10-16 14:13:25 - [MESSAGE][PASSED] - Verify element property value successfully

2023-10-16 14:13:25 - [TEST_STEP][PASSED] - verifyElementPropertyValue(getResponse, "groups[0].pricingPlans[1].pricingPlanData[0].priceLabel", "142.9"): Verify element property value successfully

2023-10-16 14:13:25 - [MESSAGE][PASSED] - Verify element property value successfully

2023-10-16 14:13:25 - [TEST_STEP][PASSED] - verifyElementPropertyValue(getResponse, "groups[0].pricingPlans[1].pricingPlanData[0].currencyLabel", "₪"): Verify element property value successfully

2023-10-16 14:13:25 - [MESSAGE][PASSED] - Verify element property value successfully

2023-10-16 14:13:25 - [TEST_STEP][PASSED] - verifyElementPropertyValue(getResponse, "groups[0].pricingPlans[1].pricingPlanData[0].allowedForAcquisition", "true"): Verify element property value successfully

2023-10-16 14:13:25 - [MESSAGE][PASSED] - Verify element property value successfully

2023-10-16 14:13:25 - [TEST_STEP][PASSED] - verifyElementPropertyValue(getResponse, "groups[0].pricingPlans[1].pricingPlanData[0].showIn[0]", "VERTICAL_MODE"): Verify element property value successfully

2023-10-16 14:13:25 - [MESSAGE][PASSED] - Verify element property value successfully

2023-10-16 14:13:25 - [TEST_STEP][PASSED] - verifyElementPropertyValue(getResponse, "groups[0].pricingPlans[1].pricingPlanData[0].showIn[1]", "HORIZONTAL_MODE"): Verify element property value successfully

2023-10-16 14:13:25 - [MESSAGE][PASSED] - Verify element property value successfully

2023-10-16 14:13:25 - [TEST_STEP][PASSED] - verifyElementPropertyValue(getResponse, "visualElements[0].key", "main_CTA_text_1"): Verify element property value successfully

2023-10-16 14:13:25 - [MESSAGE][PASSED] - Verify element property value successfully

2023-10-16 14:13:25 - [TEST_STEP][PASSED] - verifyElementPropertyValue(getResponse, "visualElements[0].value", "Abonnez-vous dès maintenant et profitez de vos programmes sans publicité"): Verify element property value successfully

2023-10-16 14:13:25 - [MESSAGE][PASSED] - Verify element property value successfully

2023-10-16 14:13:25 - [TEST_STEP][PASSED] - verifyElementPropertyValue(getResponse, "visualElements[2].key", "main_disclaimer_text"): Verify element property value successfully

2023-10-16 14:13:25 - [MESSAGE][PASSED] - Verify element property value successfully

2023-10-16 14:13:25 - [TEST_STEP][PASSED] - verifyElementPropertyValue(getResponse, "visualElements[2].value", "Les frais d'abonnement peuvent varier selon le pays, le moyen de paiement, le forfait, les taxes, les taux de change et les frais bancaires. Les conditions générales d'utilisation s'appliquent."): Verify element property value successfully

2023-10-16 14:13:25 - [MESSAGE][PASSED] - Verify element property value successfully

2023-10-16 14:13:25 - [TEST_STEP][PASSED] - verifyElementPropertyValue(getResponse, "visualElements[4].key", "display_type"): Verify element property value successfully

2023-10-16 14:13:25 - [MESSAGE][PASSED] - Verify element property value successfully

2023-10-16 14:13:25 - [TEST_STEP][PASSED] - verifyElementPropertyValue(getResponse, "visualElements[4].value", "vertical"): Verify element property value successfully

2023-10-16 14:13:25 - [MESSAGE][PASSED] - Verify element property value successfully

2023-10-16 14:13:25 - [TEST_STEP][PASSED] - verifyElementPropertyValue(getResponse, "defaultPackageId", "SHAHID_VIP"): Verify element property value successfully

2023-10-16 14:13:25 - [MESSAGE][PASSED] - Verify element property value successfully]]></system-out>
         <system-err><![CDATA[2023-10-16 14:13:21 - [TEST_CASE][FAILED] - Test Cases/WEB - CHROME/PSE PI/WEB_FR_getSubscriptionConfigForPSE_VIP: Test Cases/WEB - CHROME/PSE PI/WEB_FR_getSubscriptionConfigForPSE_VIP FAILED.
Reason:
com.kms.katalon.core.exception.StepFailedException: Expected element property value 'Plan Mensuel' is not equal with actual property value 'Plan Mensuel '
	at com.kms.katalon.core.keyword.internal.KeywordMain.stepFailed(KeywordMain.groovy:39)
	at com.kms.katalon.core.webservice.keyword.builtin.VerifyElementPropertyValueKeyword$_verifyElementPropertyValue_closure1.doCall(VerifyElementPropertyValueKeyword.groovy:56)
	at com.kms.katalon.core.webservice.keyword.builtin.VerifyElementPropertyValueKeyword$_verifyElementPropertyValue_closure1.call(VerifyElementPropertyValueKeyword.groovy)
	at com.kms.katalon.core.keyword.internal.KeywordMain.runKeyword(KeywordMain.groovy:75)
	at com.kms.katalon.core.webservice.keyword.builtin.VerifyElementPropertyValueKeyword.verifyElementPropertyValue(VerifyElementPropertyValueKeyword.groovy:48)
	at com.kms.katalon.core.webservice.keyword.builtin.VerifyElementPropertyValueKeyword.execute(VerifyElementPropertyValueKeyword.groovy:43)
	at com.kms.katalon.core.keyword.internal.KeywordExecutor.executeKeywordForPlatform(KeywordExecutor.groovy:74)
	at com.kms.katalon.core.webservice.keyword.WSBuiltInKeywords.verifyElementPropertyValue(WSBuiltInKeywords.groovy:190)
	at com.kms.katalon.core.webservice.keyword.WSBuiltInKeywords$verifyElementPropertyValue$1.call(Unknown Source)
	at WEB_FR_getSubscriptionConfigForPSE_VIP.run(WEB_FR_getSubscriptionConfigForPSE_VIP:212)
	at com.kms.katalon.core.main.ScriptEngine.run(ScriptEngine.java:194)
	at com.kms.katalon.core.main.ScriptEngine.runScriptAsRawText(ScriptEngine.java:119)
	at com.kms.katalon.core.main.TestCaseExecutor.runScript(TestCaseExecutor.java:448)
	at com.kms.katalon.core.main.TestCaseExecutor.doExecute(TestCaseExecutor.java:439)
	at com.kms.katalon.core.main.TestCaseExecutor.processExecutionPhase(TestCaseExecutor.java:418)
	at com.kms.katalon.core.main.TestCaseExecutor.accessMainPhase(TestCaseExecutor.java:410)
	at com.kms.katalon.core.main.TestCaseExecutor.execute(TestCaseExecutor.java:285)
	at com.kms.katalon.core.common.CommonExecutor.accessTestCaseMainPhase(CommonExecutor.java:65)
	at com.kms.katalon.core.main.TestSuiteExecutor.accessTestSuiteMainPhase(TestSuiteExecutor.java:148)
	at com.kms.katalon.core.main.TestSuiteExecutor.execute(TestSuiteExecutor.java:106)
	at com.kms.katalon.core.main.TestCaseMain.startTestSuite(TestCaseMain.java:187)
	at com.kms.katalon.core.main.TestCaseMain$startTestSuite$0.call(Unknown Source)
	at TempTestSuite1697454207688.run(TempTestSuite1697454207688.groovy:36)]]></system-err>
      </testcase>
      <testcase name="Test Cases/WEB - CHROME/PSE PI/WEB_AR_getSubscriptionConfigForPSE_GEA" time="1.714" classname="Test Cases/WEB - CHROME/PSE PI/WEB_AR_getSubscriptionConfigForPSE_GEA" status="FAILED">
         <failure type="FAILED" message="Test Cases/WEB - CHROME/PSE PI/WEB_AR_getSubscriptionConfigForPSE_GEA FAILED.
Reason:
com.kms.katalon.core.exception.StepFailedException: Expected element property value ' الأكثر مبيعاً' is not equal with actual property value ' الأكثر مبيعاً'
	at com.kms.katalon.core.keyword.internal.KeywordMain.stepFailed(KeywordMain.groovy:39)
	at com.kms.katalon.core.webservice.keyword.builtin.VerifyElementPropertyValueKeyword$_verifyElementPropertyValue_closure1.doCall(VerifyElementPropertyValueKeyword.groovy:56)
	at com.kms.katalon.core.webservice.keyword.builtin.VerifyElementPropertyValueKeyword$_verifyElementPropertyValue_closure1.call(VerifyElementPropertyValueKeyword.groovy)
	at com.kms.katalon.core.keyword.internal.KeywordMain.runKeyword(KeywordMain.groovy:75)
	at com.kms.katalon.core.webservice.keyword.builtin.VerifyElementPropertyValueKeyword.verifyElementPropertyValue(VerifyElementPropertyValueKeyword.groovy:48)
	at com.kms.katalon.core.webservice.keyword.builtin.VerifyElementPropertyValueKeyword.execute(VerifyElementPropertyValueKeyword.groovy:43)
	at com.kms.katalon.core.keyword.internal.KeywordExecutor.executeKeywordForPlatform(KeywordExecutor.groovy:74)
	at com.kms.katalon.core.webservice.keyword.WSBuiltInKeywords.verifyElementPropertyValue(WSBuiltInKeywords.groovy:190)
	at com.kms.katalon.core.webservice.keyword.WSBuiltInKeywords$verifyElementPropertyValue$1.call(Unknown Source)
	at WEB_AR_getSubscriptionConfigForPSE_GEA.run(WEB_AR_getSubscriptionConfigForPSE_GEA:69)
	at com.kms.katalon.core.main.ScriptEngine.run(ScriptEngine.java:194)
	at com.kms.katalon.core.main.ScriptEngine.runScriptAsRawText(ScriptEngine.java:119)
	at com.kms.katalon.core.main.TestCaseExecutor.runScript(TestCaseExecutor.java:448)
	at com.kms.katalon.core.main.TestCaseExecutor.doExecute(TestCaseExecutor.java:439)
	at com.kms.katalon.core.main.TestCaseExecutor.processExecutionPhase(TestCaseExecutor.java:418)
	at com.kms.katalon.core.main.TestCaseExecutor.accessMainPhase(TestCaseExecutor.java:410)
	at com.kms.katalon.core.main.TestCaseExecutor.execute(TestCaseExecutor.java:285)
	at com.kms.katalon.core.common.CommonExecutor.accessTestCaseMainPhase(CommonExecutor.java:65)
	at com.kms.katalon.core.main.TestSuiteExecutor.accessTestSuiteMainPhase(TestSuiteExecutor.java:148)
	at com.kms.katalon.core.main.TestSuiteExecutor.execute(TestSuiteExecutor.java:106)
	at com.kms.katalon.core.main.TestCaseMain.startTestSuite(TestCaseMain.java:187)
	at com.kms.katalon.core.main.TestCaseMain$startTestSuite$0.call(Unknown Source)
	at TempTestSuite1697454207688.run(TempTestSuite1697454207688.groovy:36)
"/>
         <system-out><![CDATA[2023-10-16 14:13:25 - [TEST_CASE][FAILED] - Test Cases/WEB - CHROME/PSE PI/WEB_AR_getSubscriptionConfigForPSE_GEA: Test Cases/WEB - CHROME/PSE PI/WEB_AR_getSubscriptionConfigForPSE_GEA FAILED.
Reason:
com.kms.katalon.core.exception.StepFailedException: Expected element property value ' الأكثر مبيعاً' is not equal with actual property value ' الأكثر مبيعاً'
	at com.kms.katalon.core.keyword.internal.KeywordMain.stepFailed(KeywordMain.groovy:39)
	at com.kms.katalon.core.webservice.keyword.builtin.VerifyElementPropertyValueKeyword$_verifyElementPropertyValue_closure1.doCall(VerifyElementPropertyValueKeyword.groovy:56)
	at com.kms.katalon.core.webservice.keyword.builtin.VerifyElementPropertyValueKeyword$_verifyElementPropertyValue_closure1.call(VerifyElementPropertyValueKeyword.groovy)
	at com.kms.katalon.core.keyword.internal.KeywordMain.runKeyword(KeywordMain.groovy:75)
	at com.kms.katalon.core.webservice.keyword.builtin.VerifyElementPropertyValueKeyword.verifyElementPropertyValue(VerifyElementPropertyValueKeyword.groovy:48)
	at com.kms.katalon.core.webservice.keyword.builtin.VerifyElementPropertyValueKeyword.execute(VerifyElementPropertyValueKeyword.groovy:43)
	at com.kms.katalon.core.keyword.internal.KeywordExecutor.executeKeywordForPlatform(KeywordExecutor.groovy:74)
	at com.kms.katalon.core.webservice.keyword.WSBuiltInKeywords.verifyElementPropertyValue(WSBuiltInKeywords.groovy:190)
	at com.kms.katalon.core.webservice.keyword.WSBuiltInKeywords$verifyElementPropertyValue$1.call(Unknown Source)
	at WEB_AR_getSubscriptionConfigForPSE_GEA.run(WEB_AR_getSubscriptionConfigForPSE_GEA:69)
	at com.kms.katalon.core.main.ScriptEngine.run(ScriptEngine.java:194)
	at com.kms.katalon.core.main.ScriptEngine.runScriptAsRawText(ScriptEngine.java:119)
	at com.kms.katalon.core.main.TestCaseExecutor.runScript(TestCaseExecutor.java:448)
	at com.kms.katalon.core.main.TestCaseExecutor.doExecute(TestCaseExecutor.java:439)
	at com.kms.katalon.core.main.TestCaseExecutor.processExecutionPhase(TestCaseExecutor.java:418)
	at com.kms.katalon.core.main.TestCaseExecutor.accessMainPhase(TestCaseExecutor.java:410)
	at com.kms.katalon.core.main.TestCaseExecutor.execute(TestCaseExecutor.java:285)
	at com.kms.katalon.core.common.CommonExecutor.accessTestCaseMainPhase(CommonExecutor.java:65)
	at com.kms.katalon.core.main.TestSuiteExecutor.accessTestSuiteMainPhase(TestSuiteExecutor.java:148)
	at com.kms.katalon.core.main.TestSuiteExecutor.execute(TestSuiteExecutor.java:106)
	at com.kms.katalon.core.main.TestCaseMain.startTestSuite(TestCaseMain.java:187)
	at com.kms.katalon.core.main.TestCaseMain$startTestSuite$0.call(Unknown Source)
	at TempTestSuite1697454207688.run(TempTestSuite1697454207688.groovy:36)


2023-10-16 14:13:25 - [TEST_STEP][PASSED] - getResponse = config_files.getConfigFile.getConfig("WEB", "AR", "SHAHID_VIP_GEA", "PS", "false"): config_files.getConfigFile.getConfig is PASSED

2023-10-16 14:13:26 - [MESSAGE][INFO] - HAR: /Users/admin/git/shahid-configuration/Reports/20231016_140310/WEB/PSE/20231016_140327/requests/main/1.har

2023-10-16 14:13:26 - [MESSAGE][PASSED] - Send request successfully

2023-10-16 14:13:26 - [MESSAGE][PASSED] - config_files.getConfigFile.getConfig is PASSED

2023-10-16 14:13:26 - [TEST_STEP][PASSED] - verifyResponseStatusCode(getResponse, 200): Verify response status code successfully

2023-10-16 14:13:26 - [MESSAGE][PASSED] - Verify response status code successfully

2023-10-16 14:13:26 - [TEST_STEP][PASSED] - verifyElementPropertyValue(getResponse, "country", "PSE"): Verify element property value successfully

2023-10-16 14:13:26 - [MESSAGE][PASSED] - Verify element property value successfully

2023-10-16 14:13:26 - [TEST_STEP][PASSED] - verifyElementPropertyValue(getResponse, "platform", "[WEB]"): Verify element property value successfully

2023-10-16 14:13:26 - [MESSAGE][PASSED] - Verify element property value successfully

2023-10-16 14:13:26 - [TEST_STEP][PASSED] - verifyElementPropertyValue(getResponse, "groups[0].pricingPlans[0].featured", "true"): Verify element property value successfully

2023-10-16 14:13:26 - [MESSAGE][PASSED] - Verify element property value successfully

2023-10-16 14:13:26 - [TEST_STEP][PASSED] - verifyElementPropertyValue(getResponse, "groups[0].pricingPlans[0].packageId", "SHAHID_VIP_GEA"): Verify element property value successfully

2023-10-16 14:13:26 - [MESSAGE][PASSED] - Verify element property value successfully

2023-10-16 14:13:26 - [TEST_STEP][PASSED] - verifyElementPropertyValue(getResponse, "groups[0].pricingPlans[0].catalogId", "GEA"): Verify element property value successfully

2023-10-16 14:13:26 - [MESSAGE][PASSED] - Verify element property value successfully

2023-10-16 14:13:26 - [TEST_STEP][PASSED] - verifyElementPropertyValue(getResponse, "groups[0].pricingPlans[0].visualElements[0].key", "Header_1_text"): Verify element property value successfully

2023-10-16 14:13:26 - [MESSAGE][PASSED] - Verify element property value successfully

2023-10-16 14:13:26 - [TEST_STEP][PASSED] - verifyElementPropertyValue(getResponse, "groups[0].pricingPlans[0].visualElements[0].value", "شاهد أقوى المسلسلات و الأفلام حصرياً دون توقف"): Verify element property value successfully

2023-10-16 14:13:26 - [MESSAGE][PASSED] - Verify element property value successfully

2023-10-16 14:13:26 - [TEST_STEP][PASSED] - verifyElementPropertyValue(getResponse, "groups[0].pricingPlans[0].visualElements[1].key", "display_title"): Verify element property value successfully

2023-10-16 14:13:26 - [MESSAGE][PASSED] - Verify element property value successfully

2023-10-16 14:13:26 - [TEST_STEP][PASSED] - verifyElementPropertyValue(getResponse, "groups[0].pricingPlans[0].visualElements[1].value", "الاشتراك الشهري"): Verify element property value successfully

2023-10-16 14:13:26 - [MESSAGE][PASSED] - Verify element property value successfully

2023-10-16 14:13:26 - [TEST_STEP][PASSED] - verifyElementPropertyValue(getResponse, "groups[0].pricingPlans[0].visualElements[3].key", "promo_text"): Verify element property value successfully

2023-10-16 14:13:26 - [MESSAGE][PASSED] - Verify element property value successfully

2023-10-16 14:13:26 - [TEST_STEP][PASSED] - verifyElementPropertyValue(getResponse, "groups[0].pricingPlans[0].visualElements[3].value", "25.9 ₪ / شهرياً"): Verify element property value successfully

2023-10-16 14:13:26 - [MESSAGE][PASSED] - Verify element property value successfully

2023-10-16 14:13:26 - [TEST_STEP][PASSED] - verifyElementPropertyValue(getResponse, "groups[0].pricingPlans[0].visualElements[4].key", "deduction_text"): Verify element property value successfully

2023-10-16 14:13:26 - [MESSAGE][PASSED] - Verify element property value successfully

2023-10-16 14:13:26 - [TEST_STEP][PASSED] - verifyElementPropertyValue(getResponse, "groups[0].pricingPlans[0].visualElements[4].value", "تدفع شهرياً"): Verify element property value successfully

2023-10-16 14:13:26 - [MESSAGE][PASSED] - Verify element property value successfully

2023-10-16 14:13:26 - [TEST_STEP][PASSED] - verifyElementPropertyValue(getResponse, "groups[0].pricingPlans[0].visualElements[7].key", "show_payment_logo"): Verify element property value successfully

2023-10-16 14:13:26 - [MESSAGE][PASSED] - Verify element property value successfully

2023-10-16 14:13:26 - [TEST_STEP][PASSED] - verifyElementPropertyValue(getResponse, "groups[0].pricingPlans[0].visualElements[7].value", "true"): Verify element property value successfully

2023-10-16 14:13:26 - [MESSAGE][PASSED] - Verify element property value successfully

2023-10-16 14:13:26 - [TEST_STEP][PASSED] - verifyElementPropertyValue(getResponse, "groups[0].pricingPlans[0].visualElements[8].key", "show_tag"): Verify element property value successfully

2023-10-16 14:13:26 - [MESSAGE][PASSED] - Verify element property value successfully

2023-10-16 14:13:26 - [TEST_STEP][PASSED] - verifyElementPropertyValue(getResponse, "groups[0].pricingPlans[0].visualElements[8].value", "false"): Verify element property value successfully

2023-10-16 14:13:26 - [MESSAGE][PASSED] - Verify element property value successfully

2023-10-16 14:13:26 - [TEST_STEP][PASSED] - verifyElementPropertyValue(getResponse, "groups[0].pricingPlans[0].visualElements[10].key", "price"): Verify element property value successfully

2023-10-16 14:13:26 - [MESSAGE][PASSED] - Verify element property value successfully

2023-10-16 14:13:26 - [TEST_STEP][PASSED] - verifyElementPropertyValue(getResponse, "groups[0].pricingPlans[0].visualElements[10].value", "25.9"): Verify element property value successfully

2023-10-16 14:13:26 - [MESSAGE][PASSED] - Verify element property value successfully

2023-10-16 14:13:26 - [TEST_STEP][PASSED] - verifyElementPropertyValue(getResponse, "groups[0].pricingPlans[0].visualElements[11].key", "currency"): Verify element property value successfully

2023-10-16 14:13:26 - [MESSAGE][PASSED] - Verify element property value successfully

2023-10-16 14:13:26 - [TEST_STEP][PASSED] - verifyElementPropertyValue(getResponse, "groups[0].pricingPlans[0].visualElements[11].value", "₪"): Verify element property value successfully

2023-10-16 14:13:26 - [MESSAGE][PASSED] - Verify element property value successfully

2023-10-16 14:13:26 - [TEST_STEP][PASSED] - verifyElementPropertyValue(getResponse, "groups[0].pricingPlans[0].visualElements[12].key", "duration"): Verify element property value successfully

2023-10-16 14:13:26 - [MESSAGE][PASSED] - Verify element property value successfully

2023-10-16 14:13:26 - [TEST_STEP][PASSED] - verifyElementPropertyValue(getResponse, "groups[0].pricingPlans[0].visualElements[12].value", "شهرياً"): Verify element property value successfully

2023-10-16 14:13:26 - [MESSAGE][PASSED] - Verify element property value successfully

2023-10-16 14:13:26 - [TEST_STEP][PASSED] - verifyElementPropertyValue(getResponse, "groups[0].pricingPlans[0].visualElements[13].key", "featured_tag_text"): Verify element property value successfully

2023-10-16 14:13:26 - [MESSAGE][PASSED] - Verify element property value successfully

2023-10-16 14:13:26 - [TEST_STEP][FAILED] - verifyElementPropertyValue(getResponse, "groups[0].pricingPlans[0].visualElements[13].value", " الأكثر مبيعاً"): Expected element property value ' الأكثر مبيعاً' is not equal with actual property value ' الأكثر مبيعاً'

2023-10-16 14:13:26 - [MESSAGE][FAILED] - Expected element property value ' الأكثر مبيعاً' is not equal with actual property value ' الأكثر مبيعاً'

2023-10-16 14:13:26 - [TEST_STEP][PASSED] - verifyElementPropertyValue(getResponse, "groups[0].pricingPlans[0].order", "6"): Verify element property value successfully

2023-10-16 14:13:26 - [MESSAGE][PASSED] - Verify element property value successfully

2023-10-16 14:13:26 - [TEST_STEP][PASSED] - verifyElementPropertyValue(getResponse, "groups[0].pricingPlans[0].period", "monthly"): Verify element property value successfully

2023-10-16 14:13:26 - [MESSAGE][PASSED] - Verify element property value successfully

2023-10-16 14:13:26 - [TEST_STEP][PASSED] - verifyElementPropertyValue(getResponse, "groups[0].pricingPlans[0].price", "25.9"): Verify element property value successfully

2023-10-16 14:13:26 - [MESSAGE][PASSED] - Verify element property value successfully

2023-10-16 14:13:26 - [TEST_STEP][PASSED] - verifyElementPropertyValue(getResponse, "groups[0].pricingPlans[0].currency", "₪"): Verify element property value successfully

2023-10-16 14:13:26 - [MESSAGE][PASSED] - Verify element property value successfully

2023-10-16 14:13:26 - [TEST_STEP][PASSED] - verifyElementPropertyValue(getResponse, "groups[0].pricingPlans[0].pricingPlanData[0].productId", "PSE_B2C_SHAHID_VIP_GEA_1M"): Verify element property value successfully

2023-10-16 14:13:26 - [MESSAGE][PASSED] - Verify element property value successfully

2023-10-16 14:13:26 - [TEST_STEP][PASSED] - verifyElementPropertyValue(getResponse, "groups[0].pricingPlans[0].pricingPlanData[0].subPricingPlanIds", "null"): Verify element property value successfully

2023-10-16 14:13:26 - [MESSAGE][PASSED] - Verify element property value successfully

2023-10-16 14:13:26 - [TEST_STEP][PASSED] - verifyElementPropertyValue(getResponse, "groups[0].pricingPlans[0].pricingPlanData[0].paymentMethod", "CREDIT_CARD"): Verify element property value successfully

2023-10-16 14:13:26 - [MESSAGE][PASSED] - Verify element property value successfully

2023-10-16 14:13:26 - [TEST_STEP][PASSED] - verifyElementPropertyValue(getResponse, "groups[0].pricingPlans[0].pricingPlanData[0].freeTrialEnabled", "false"): Verify element property value successfully

2023-10-16 14:13:26 - [MESSAGE][PASSED] - Verify element property value successfully

2023-10-16 14:13:26 - [TEST_STEP][PASSED] - verifyElementPropertyValue(getResponse, "groups[0].pricingPlans[0].pricingPlanData[0].visualElements[0].key", "title"): Verify element property value successfully

2023-10-16 14:13:26 - [MESSAGE][PASSED] - Verify element property value successfully

2023-10-16 14:13:26 - [TEST_STEP][PASSED] - verifyElementPropertyValue(getResponse, "groups[0].pricingPlans[0].pricingPlanData[0].visualElements[0].value", "البطاقة المصرفية"): Verify element property value successfully

2023-10-16 14:13:26 - [MESSAGE][PASSED] - Verify element property value successfully

2023-10-16 14:13:26 - [TEST_STEP][PASSED] - verifyElementPropertyValue(getResponse, "groups[0].pricingPlans[0].pricingPlanData[0].visualElements[1].key", "CTA_text"): Verify element property value successfully

2023-10-16 14:13:26 - [MESSAGE][PASSED] - Verify element property value successfully

2023-10-16 14:13:26 - [TEST_STEP][PASSED] - verifyElementPropertyValue(getResponse, "groups[0].pricingPlans[0].pricingPlanData[0].visualElements[1].value", "اشترك"): Verify element property value successfully

2023-10-16 14:13:26 - [MESSAGE][PASSED] - Verify element property value successfully

2023-10-16 14:13:26 - [TEST_STEP][PASSED] - verifyElementPropertyValue(getResponse, "groups[0].pricingPlans[0].pricingPlanData[0].visualElements[2].key", "logo"): Verify element property value successfully

2023-10-16 14:13:26 - [MESSAGE][PASSED] - Verify element property value successfully

2023-10-16 14:13:26 - [TEST_STEP][PASSED] - verifyElementPropertyValue(getResponse, "groups[0].pricingPlans[0].pricingPlanData[0].visualElements[2].value", "https://static.s3.shahid.mbc.net/widget-images/icons/iconCreditCard.png"): Verify element property value successfully

2023-10-16 14:13:26 - [MESSAGE][PASSED] - Verify element property value successfully

2023-10-16 14:13:26 - [TEST_STEP][PASSED] - verifyElementPropertyValue(getResponse, "groups[0].pricingPlans[0].pricingPlanData[0].priceLabel", "25.9"): Verify element property value successfully

2023-10-16 14:13:26 - [MESSAGE][PASSED] - Verify element property value successfully

2023-10-16 14:13:26 - [TEST_STEP][PASSED] - verifyElementPropertyValue(getResponse, "groups[0].pricingPlans[0].pricingPlanData[0].currencyLabel", "₪"): Verify element property value successfully

2023-10-16 14:13:26 - [MESSAGE][PASSED] - Verify element property value successfully

2023-10-16 14:13:26 - [TEST_STEP][PASSED] - verifyElementPropertyValue(getResponse, "groups[0].pricingPlans[0].pricingPlanData[0].allowedForAcquisition", "true"): Verify element property value successfully

2023-10-16 14:13:26 - [MESSAGE][PASSED] - Verify element property value successfully

2023-10-16 14:13:26 - [TEST_STEP][PASSED] - verifyElementPropertyValue(getResponse, "groups[0].pricingPlans[1].featured", "false"): Verify element property value successfully

2023-10-16 14:13:26 - [MESSAGE][PASSED] - Verify element property value successfully

2023-10-16 14:13:26 - [TEST_STEP][PASSED] - verifyElementPropertyValue(getResponse, "groups[0].pricingPlans[1].packageId", "SHAHID_VIP_GEA"): Verify element property value successfully

2023-10-16 14:13:26 - [MESSAGE][PASSED] - Verify element property value successfully

2023-10-16 14:13:26 - [TEST_STEP][PASSED] - verifyElementPropertyValue(getResponse, "groups[0].pricingPlans[1].catalogId", "GEA"): Verify element property value successfully

2023-10-16 14:13:26 - [MESSAGE][PASSED] - Verify element property value successfully

2023-10-16 14:13:26 - [TEST_STEP][PASSED] - verifyElementPropertyValue(getResponse, "groups[0].pricingPlans[1].visualElements[0].key", "Header_1_text"): Verify element property value successfully

2023-10-16 14:13:27 - [MESSAGE][PASSED] - Verify element property value successfully

2023-10-16 14:13:27 - [TEST_STEP][PASSED] - verifyElementPropertyValue(getResponse, "groups[0].pricingPlans[1].visualElements[0].value", "شاهد أقوى المسلسلات و الأفلام حصرياً دون توقف"): Verify element property value successfully

2023-10-16 14:13:27 - [MESSAGE][PASSED] - Verify element property value successfully

2023-10-16 14:13:27 - [TEST_STEP][PASSED] - verifyElementPropertyValue(getResponse, "groups[0].pricingPlans[1].visualElements[1].key", "display_title"): Verify element property value successfully

2023-10-16 14:13:27 - [MESSAGE][PASSED] - Verify element property value successfully

2023-10-16 14:13:27 - [TEST_STEP][PASSED] - verifyElementPropertyValue(getResponse, "groups[0].pricingPlans[1].visualElements[1].value", "الاشتراك السنوي"): Verify element property value successfully

2023-10-16 14:13:27 - [MESSAGE][PASSED] - Verify element property value successfully

2023-10-16 14:13:27 - [TEST_STEP][PASSED] - verifyElementPropertyValue(getResponse, "groups[0].pricingPlans[1].visualElements[2].key", "tag_text"): Verify element property value successfully

2023-10-16 14:13:27 - [MESSAGE][PASSED] - Verify element property value successfully

2023-10-16 14:13:27 - [TEST_STEP][PASSED] - verifyElementPropertyValue(getResponse, "groups[0].pricingPlans[1].visualElements[2].value", "وفر18%"): Verify element property value successfully

2023-10-16 14:13:27 - [MESSAGE][PASSED] - Verify element property value successfully

2023-10-16 14:13:27 - [TEST_STEP][PASSED] - verifyElementPropertyValue(getResponse, "groups[0].pricingPlans[1].visualElements[3].key", "promo_text"): Verify element property value successfully

2023-10-16 14:13:27 - [MESSAGE][PASSED] - Verify element property value successfully

2023-10-16 14:13:27 - [TEST_STEP][PASSED] - verifyElementPropertyValue(getResponse, "groups[0].pricingPlans[1].visualElements[3].value", "21.15 ₪ / شهرياً"): Verify element property value successfully

2023-10-16 14:13:27 - [MESSAGE][PASSED] - Verify element property value successfully

2023-10-16 14:13:27 - [TEST_STEP][PASSED] - verifyElementPropertyValue(getResponse, "groups[0].pricingPlans[1].visualElements[4].key", "deduction_text"): Verify element property value successfully

2023-10-16 14:13:27 - [MESSAGE][PASSED] - Verify element property value successfully

2023-10-16 14:13:27 - [TEST_STEP][PASSED] - verifyElementPropertyValue(getResponse, "groups[0].pricingPlans[1].visualElements[4].value", " 252.9 ₪  تدفع سنوياً"): Verify element property value successfully

2023-10-16 14:13:27 - [MESSAGE][PASSED] - Verify element property value successfully

2023-10-16 14:13:27 - [TEST_STEP][PASSED] - verifyElementPropertyValue(getResponse, "groups[0].pricingPlans[1].visualElements[7].key", "show_payment_logo"): Verify element property value successfully

2023-10-16 14:13:27 - [MESSAGE][PASSED] - Verify element property value successfully

2023-10-16 14:13:27 - [TEST_STEP][PASSED] - verifyElementPropertyValue(getResponse, "groups[0].pricingPlans[1].visualElements[7].value", "true"): Verify element property value successfully

2023-10-16 14:13:27 - [MESSAGE][PASSED] - Verify element property value successfully

2023-10-16 14:13:27 - [TEST_STEP][PASSED] - verifyElementPropertyValue(getResponse, "groups[0].pricingPlans[1].visualElements[8].key", "show_tag"): Verify element property value successfully

2023-10-16 14:13:27 - [MESSAGE][PASSED] - Verify element property value successfully

2023-10-16 14:13:27 - [TEST_STEP][PASSED] - verifyElementPropertyValue(getResponse, "groups[0].pricingPlans[1].visualElements[8].value", "true"): Verify element property value successfully

2023-10-16 14:13:27 - [MESSAGE][PASSED] - Verify element property value successfully

2023-10-16 14:13:27 - [TEST_STEP][PASSED] - verifyElementPropertyValue(getResponse, "groups[0].pricingPlans[1].visualElements[10].key", "price"): Verify element property value successfully

2023-10-16 14:13:27 - [MESSAGE][PASSED] - Verify element property value successfully

2023-10-16 14:13:27 - [TEST_STEP][PASSED] - verifyElementPropertyValue(getResponse, "groups[0].pricingPlans[1].visualElements[10].value", "252.9"): Verify element property value successfully

2023-10-16 14:13:27 - [MESSAGE][PASSED] - Verify element property value successfully

2023-10-16 14:13:27 - [TEST_STEP][PASSED] - verifyElementPropertyValue(getResponse, "groups[0].pricingPlans[1].visualElements[11].key", "currency"): Verify element property value successfully

2023-10-16 14:13:27 - [MESSAGE][PASSED] - Verify element property value successfully

2023-10-16 14:13:27 - [TEST_STEP][PASSED] - verifyElementPropertyValue(getResponse, "groups[0].pricingPlans[1].visualElements[11].value", "₪"): Verify element property value successfully

2023-10-16 14:13:27 - [MESSAGE][PASSED] - Verify element property value successfully

2023-10-16 14:13:27 - [TEST_STEP][PASSED] - verifyElementPropertyValue(getResponse, "groups[0].pricingPlans[1].visualElements[12].key", "duration"): Verify element property value successfully

2023-10-16 14:13:27 - [MESSAGE][PASSED] - Verify element property value successfully

2023-10-16 14:13:27 - [TEST_STEP][PASSED] - verifyElementPropertyValue(getResponse, "groups[0].pricingPlans[1].visualElements[12].value", "سنوياً"): Verify element property value successfully

2023-10-16 14:13:27 - [MESSAGE][PASSED] - Verify element property value successfully

2023-10-16 14:13:27 - [TEST_STEP][PASSED] - verifyElementPropertyValue(getResponse, "groups[0].pricingPlans[1].order", "8"): Verify element property value successfully

2023-10-16 14:13:27 - [MESSAGE][PASSED] - Verify element property value successfully

2023-10-16 14:13:27 - [TEST_STEP][PASSED] - verifyElementPropertyValue(getResponse, "groups[0].pricingPlans[1].period", "yearly"): Verify element property value successfully

2023-10-16 14:13:27 - [MESSAGE][PASSED] - Verify element property value successfully

2023-10-16 14:13:27 - [TEST_STEP][PASSED] - verifyElementPropertyValue(getResponse, "groups[0].pricingPlans[1].price", "252.9"): Verify element property value successfully

2023-10-16 14:13:27 - [MESSAGE][PASSED] - Verify element property value successfully

2023-10-16 14:13:27 - [TEST_STEP][PASSED] - verifyElementPropertyValue(getResponse, "groups[0].pricingPlans[1].currency", "₪"): Verify element property value successfully

2023-10-16 14:13:27 - [MESSAGE][PASSED] - Verify element property value successfully

2023-10-16 14:13:27 - [TEST_STEP][PASSED] - verifyElementPropertyValue(getResponse, "groups[0].pricingPlans[1].pricingPlanData[0].productId", "PSE_B2C_SHAHID_VIP_GEA_12M"): Verify element property value successfully

2023-10-16 14:13:27 - [MESSAGE][PASSED] - Verify element property value successfully

2023-10-16 14:13:27 - [TEST_STEP][PASSED] - verifyElementPropertyValue(getResponse, "groups[0].pricingPlans[1].pricingPlanData[0].subPricingPlanIds", "null"): Verify element property value successfully

2023-10-16 14:13:27 - [MESSAGE][PASSED] - Verify element property value successfully

2023-10-16 14:13:27 - [TEST_STEP][PASSED] - verifyElementPropertyValue(getResponse, "groups[0].pricingPlans[1].pricingPlanData[0].paymentMethod", "CREDIT_CARD"): Verify element property value successfully

2023-10-16 14:13:27 - [MESSAGE][PASSED] - Verify element property value successfully

2023-10-16 14:13:27 - [TEST_STEP][PASSED] - verifyElementPropertyValue(getResponse, "groups[0].pricingPlans[1].pricingPlanData[0].freeTrialEnabled", "false"): Verify element property value successfully

2023-10-16 14:13:27 - [MESSAGE][PASSED] - Verify element property value successfully

2023-10-16 14:13:27 - [TEST_STEP][PASSED] - verifyElementPropertyValue(getResponse, "groups[0].pricingPlans[1].pricingPlanData[0].visualElements[0].key", "title"): Verify element property value successfully

2023-10-16 14:13:27 - [MESSAGE][PASSED] - Verify element property value successfully

2023-10-16 14:13:27 - [TEST_STEP][PASSED] - verifyElementPropertyValue(getResponse, "groups[0].pricingPlans[1].pricingPlanData[0].visualElements[0].value", "البطاقة المصرفية"): Verify element property value successfully

2023-10-16 14:13:27 - [MESSAGE][PASSED] - Verify element property value successfully

2023-10-16 14:13:27 - [TEST_STEP][PASSED] - verifyElementPropertyValue(getResponse, "groups[0].pricingPlans[1].pricingPlanData[0].visualElements[1].key", "CTA_text"): Verify element property value successfully

2023-10-16 14:13:27 - [MESSAGE][PASSED] - Verify element property value successfully

2023-10-16 14:13:27 - [TEST_STEP][PASSED] - verifyElementPropertyValue(getResponse, "groups[0].pricingPlans[1].pricingPlanData[0].visualElements[1].value", "اشترك"): Verify element property value successfully

2023-10-16 14:13:27 - [MESSAGE][PASSED] - Verify element property value successfully

2023-10-16 14:13:27 - [TEST_STEP][PASSED] - verifyElementPropertyValue(getResponse, "groups[0].pricingPlans[1].pricingPlanData[0].visualElements[2].key", "logo"): Verify element property value successfully

2023-10-16 14:13:27 - [MESSAGE][PASSED] - Verify element property value successfully

2023-10-16 14:13:27 - [TEST_STEP][PASSED] - verifyElementPropertyValue(getResponse, "groups[0].pricingPlans[1].pricingPlanData[0].visualElements[2].value", "https://static.s3.shahid.mbc.net/widget-images/icons/iconCreditCard.png"): Verify element property value successfully

2023-10-16 14:13:27 - [MESSAGE][PASSED] - Verify element property value successfully

2023-10-16 14:13:27 - [TEST_STEP][PASSED] - verifyElementPropertyValue(getResponse, "groups[0].pricingPlans[1].pricingPlanData[0].priceLabel", "252.9"): Verify element property value successfully

2023-10-16 14:13:27 - [MESSAGE][PASSED] - Verify element property value successfully

2023-10-16 14:13:27 - [TEST_STEP][PASSED] - verifyElementPropertyValue(getResponse, "groups[0].pricingPlans[1].pricingPlanData[0].currencyLabel", "₪"): Verify element property value successfully

2023-10-16 14:13:27 - [MESSAGE][PASSED] - Verify element property value successfully

2023-10-16 14:13:27 - [TEST_STEP][PASSED] - verifyElementPropertyValue(getResponse, "groups[0].pricingPlans[1].pricingPlanData[0].allowedForAcquisition", "true"): Verify element property value successfully

2023-10-16 14:13:27 - [MESSAGE][PASSED] - Verify element property value successfully

2023-10-16 14:13:27 - [TEST_STEP][PASSED] - verifyElementPropertyValue(getResponse, "groups[0].pricingPlans[1].pricingPlanData[0].showIn[0]", "VERTICAL_MODE"): Verify element property value successfully

2023-10-16 14:13:27 - [MESSAGE][PASSED] - Verify element property value successfully

2023-10-16 14:13:27 - [TEST_STEP][PASSED] - verifyElementPropertyValue(getResponse, "groups[0].pricingPlans[1].pricingPlanData[0].showIn[1]", "HORIZONTAL_MODE"): Verify element property value successfully

2023-10-16 14:13:27 - [MESSAGE][PASSED] - Verify element property value successfully

2023-10-16 14:13:27 - [TEST_STEP][PASSED] - verifyElementPropertyValue(getResponse, "visualElements[0].key", "main_CTA_text_1"): Verify element property value successfully

2023-10-16 14:13:27 - [MESSAGE][PASSED] - Verify element property value successfully

2023-10-16 14:13:27 - [TEST_STEP][PASSED] - verifyElementPropertyValue(getResponse, "visualElements[0].value", "شاهد أقوى المسلسلات و الأفلام حصرياً دون توقف"): Verify element property value successfully

2023-10-16 14:13:27 - [MESSAGE][PASSED] - Verify element property value successfully

2023-10-16 14:13:27 - [TEST_STEP][PASSED] - verifyElementPropertyValue(getResponse, "visualElements[2].key", "main_disclaimer_text"): Verify element property value successfully

2023-10-16 14:13:27 - [MESSAGE][PASSED] - Verify element property value successfully

2023-10-16 14:13:27 - [TEST_STEP][PASSED] - verifyElementPropertyValue(getResponse, "visualElements[2].value", "رسوم الاشتراك قد تختلف بناءً على البلد أو طريقة الدفع أو باقة الاشتراك أو الضريبة المضافة أو معامل تحويل العملات والرسوم البنكية. تطبّق الشروط والأحكام."): Verify element property value successfully

2023-10-16 14:13:27 - [MESSAGE][PASSED] - Verify element property value successfully

2023-10-16 14:13:27 - [TEST_STEP][PASSED] - verifyElementPropertyValue(getResponse, "visualElements[4].key", "display_type"): Verify element property value successfully

2023-10-16 14:13:27 - [MESSAGE][PASSED] - Verify element property value successfully

2023-10-16 14:13:27 - [TEST_STEP][PASSED] - verifyElementPropertyValue(getResponse, "visualElements[4].value", "vertical"): Verify element property value successfully

2023-10-16 14:13:27 - [MESSAGE][PASSED] - Verify element property value successfully

2023-10-16 14:13:27 - [TEST_STEP][PASSED] - verifyElementPropertyValue(getResponse, "pages[0].visualElements[0].key", "alternative_payment_title"): Verify element property value successfully

2023-10-16 14:13:27 - [MESSAGE][PASSED] - Verify element property value successfully

2023-10-16 14:13:27 - [TEST_STEP][PASSED] - verifyElementPropertyValue(getResponse, "pages[0].visualElements[0].value", "أو قم باختيار إحدى الطرق البديلة التالية"): Verify element property value successfully

2023-10-16 14:13:27 - [MESSAGE][PASSED] - Verify element property value successfully

2023-10-16 14:13:27 - [TEST_STEP][PASSED] - verifyElementPropertyValue(getResponse, "pages[0].visualElements[1].key", "label_text"): Verify element property value successfully

2023-10-16 14:13:27 - [MESSAGE][PASSED] - Verify element property value successfully

2023-10-16 14:13:27 - [TEST_STEP][PASSED] - verifyElementPropertyValue(getResponse, "pages[0].visualElements[1].value", "طرق الدفع الأخرى"): Verify element property value successfully

2023-10-16 14:13:27 - [MESSAGE][PASSED] - Verify element property value successfully

2023-10-16 14:13:27 - [TEST_STEP][PASSED] - verifyElementPropertyValue(getResponse, "pages[0].visualElements[3].key", "CTA_text"): Verify element property value successfully

2023-10-16 14:13:27 - [MESSAGE][PASSED] - Verify element property value successfully

2023-10-16 14:13:27 - [TEST_STEP][PASSED] - verifyElementPropertyValue(getResponse, "pages[0].visualElements[3].value", "اضغط هنا"): Verify element property value successfully

2023-10-16 14:13:27 - [MESSAGE][PASSED] - Verify element property value successfully

2023-10-16 14:13:27 - [TEST_STEP][PASSED] - verifyElementPropertyValue(getResponse, "pages[0].visualElements[4].key", "main_title"): Verify element property value successfully

2023-10-16 14:13:27 - [MESSAGE][PASSED] - Verify element property value successfully

2023-10-16 14:13:27 - [TEST_STEP][PASSED] - verifyElementPropertyValue(getResponse, "pages[0].visualElements[4].value", "طرق الدفع الأخرى"): Verify element property value successfully

2023-10-16 14:13:27 - [MESSAGE][PASSED] - Verify element property value successfully

2023-10-16 14:13:27 - [TEST_STEP][PASSED] - verifyElementPropertyValue(getResponse, "pages[0].visualElements[6].key", "alternative_payment_methods"): Verify element property value successfully

2023-10-16 14:13:27 - [MESSAGE][PASSED] - Verify element property value successfully

2023-10-16 14:13:27 - [TEST_STEP][PASSED] - verifyElementPropertyValue(getResponse, "pages[0].visualElements[6].value", "يمكنك شراء قسيمة شاهد التسويقية من أي من بائعي التجزئة التاليين"): Verify element property value successfully

2023-10-16 14:13:27 - [MESSAGE][PASSED] - Verify element property value successfully

2023-10-16 14:13:27 - [TEST_STEP][PASSED] - verifyElementPropertyValue(getResponse, "defaultPackageId", "SHAHID_VIP"): Verify element property value successfully

2023-10-16 14:13:27 - [MESSAGE][PASSED] - Verify element property value successfully]]></system-out>
         <system-err><![CDATA[2023-10-16 14:13:25 - [TEST_CASE][FAILED] - Test Cases/WEB - CHROME/PSE PI/WEB_AR_getSubscriptionConfigForPSE_GEA: Test Cases/WEB - CHROME/PSE PI/WEB_AR_getSubscriptionConfigForPSE_GEA FAILED.
Reason:
com.kms.katalon.core.exception.StepFailedException: Expected element property value ' الأكثر مبيعاً' is not equal with actual property value ' الأكثر مبيعاً'
	at com.kms.katalon.core.keyword.internal.KeywordMain.stepFailed(KeywordMain.groovy:39)
	at com.kms.katalon.core.webservice.keyword.builtin.VerifyElementPropertyValueKeyword$_verifyElementPropertyValue_closure1.doCall(VerifyElementPropertyValueKeyword.groovy:56)
	at com.kms.katalon.core.webservice.keyword.builtin.VerifyElementPropertyValueKeyword$_verifyElementPropertyValue_closure1.call(VerifyElementPropertyValueKeyword.groovy)
	at com.kms.katalon.core.keyword.internal.KeywordMain.runKeyword(KeywordMain.groovy:75)
	at com.kms.katalon.core.webservice.keyword.builtin.VerifyElementPropertyValueKeyword.verifyElementPropertyValue(VerifyElementPropertyValueKeyword.groovy:48)
	at com.kms.katalon.core.webservice.keyword.builtin.VerifyElementPropertyValueKeyword.execute(VerifyElementPropertyValueKeyword.groovy:43)
	at com.kms.katalon.core.keyword.internal.KeywordExecutor.executeKeywordForPlatform(KeywordExecutor.groovy:74)
	at com.kms.katalon.core.webservice.keyword.WSBuiltInKeywords.verifyElementPropertyValue(WSBuiltInKeywords.groovy:190)
	at com.kms.katalon.core.webservice.keyword.WSBuiltInKeywords$verifyElementPropertyValue$1.call(Unknown Source)
	at WEB_AR_getSubscriptionConfigForPSE_GEA.run(WEB_AR_getSubscriptionConfigForPSE_GEA:69)
	at com.kms.katalon.core.main.ScriptEngine.run(ScriptEngine.java:194)
	at com.kms.katalon.core.main.ScriptEngine.runScriptAsRawText(ScriptEngine.java:119)
	at com.kms.katalon.core.main.TestCaseExecutor.runScript(TestCaseExecutor.java:448)
	at com.kms.katalon.core.main.TestCaseExecutor.doExecute(TestCaseExecutor.java:439)
	at com.kms.katalon.core.main.TestCaseExecutor.processExecutionPhase(TestCaseExecutor.java:418)
	at com.kms.katalon.core.main.TestCaseExecutor.accessMainPhase(TestCaseExecutor.java:410)
	at com.kms.katalon.core.main.TestCaseExecutor.execute(TestCaseExecutor.java:285)
	at com.kms.katalon.core.common.CommonExecutor.accessTestCaseMainPhase(CommonExecutor.java:65)
	at com.kms.katalon.core.main.TestSuiteExecutor.accessTestSuiteMainPhase(TestSuiteExecutor.java:148)
	at com.kms.katalon.core.main.TestSuiteExecutor.execute(TestSuiteExecutor.java:106)
	at com.kms.katalon.core.main.TestCaseMain.startTestSuite(TestCaseMain.java:187)
	at com.kms.katalon.core.main.TestCaseMain$startTestSuite$0.call(Unknown Source)
	at TempTestSuite1697454207688.run(TempTestSuite1697454207688.groovy:36)]]></system-err>
      </testcase>
      <testcase name="Test Cases/WEB - CHROME/PSE PI/WEB_EN_getSubscriptionConfigForPSE_SPORT" time="3.601" classname="Test Cases/WEB - CHROME/PSE PI/WEB_EN_getSubscriptionConfigForPSE_SPORT" status="FAILED">
         <failure type="FAILED" message="Test Cases/WEB - CHROME/PSE PI/WEB_EN_getSubscriptionConfigForPSE_SPORT FAILED.
Reason:
com.kms.katalon.core.exception.StepFailedException: Expected element property value '30% Discount Offer' is not equal with actual property value '30% Discount Offer​'
	at com.kms.katalon.core.keyword.internal.KeywordMain.stepFailed(KeywordMain.groovy:39)
	at com.kms.katalon.core.webservice.keyword.builtin.VerifyElementPropertyValueKeyword$_verifyElementPropertyValue_closure1.doCall(VerifyElementPropertyValueKeyword.groovy:56)
	at com.kms.katalon.core.webservice.keyword.builtin.VerifyElementPropertyValueKeyword$_verifyElementPropertyValue_closure1.call(VerifyElementPropertyValueKeyword.groovy)
	at com.kms.katalon.core.keyword.internal.KeywordMain.runKeyword(KeywordMain.groovy:75)
	at com.kms.katalon.core.webservice.keyword.builtin.VerifyElementPropertyValueKeyword.verifyElementPropertyValue(VerifyElementPropertyValueKeyword.groovy:48)
	at com.kms.katalon.core.webservice.keyword.builtin.VerifyElementPropertyValueKeyword.execute(VerifyElementPropertyValueKeyword.groovy:43)
	at com.kms.katalon.core.keyword.internal.KeywordExecutor.executeKeywordForPlatform(KeywordExecutor.groovy:74)
	at com.kms.katalon.core.webservice.keyword.WSBuiltInKeywords.verifyElementPropertyValue(WSBuiltInKeywords.groovy:190)
	at com.kms.katalon.core.webservice.keyword.WSBuiltInKeywords$verifyElementPropertyValue$1.call(Unknown Source)
	at WEB_EN_getSubscriptionConfigForPSE_SPORT.run(WEB_EN_getSubscriptionConfigForPSE_SPORT:59)
	at com.kms.katalon.core.main.ScriptEngine.run(ScriptEngine.java:194)
	at com.kms.katalon.core.main.ScriptEngine.runScriptAsRawText(ScriptEngine.java:119)
	at com.kms.katalon.core.main.TestCaseExecutor.runScript(TestCaseExecutor.java:448)
	at com.kms.katalon.core.main.TestCaseExecutor.doExecute(TestCaseExecutor.java:439)
	at com.kms.katalon.core.main.TestCaseExecutor.processExecutionPhase(TestCaseExecutor.java:418)
	at com.kms.katalon.core.main.TestCaseExecutor.accessMainPhase(TestCaseExecutor.java:410)
	at com.kms.katalon.core.main.TestCaseExecutor.execute(TestCaseExecutor.java:285)
	at com.kms.katalon.core.common.CommonExecutor.accessTestCaseMainPhase(CommonExecutor.java:65)
	at com.kms.katalon.core.main.TestSuiteExecutor.accessTestSuiteMainPhase(TestSuiteExecutor.java:148)
	at com.kms.katalon.core.main.TestSuiteExecutor.execute(TestSuiteExecutor.java:106)
	at com.kms.katalon.core.main.TestCaseMain.startTestSuite(TestCaseMain.java:187)
	at com.kms.katalon.core.main.TestCaseMain$startTestSuite$0.call(Unknown Source)
	at TempTestSuite1697454207688.run(TempTestSuite1697454207688.groovy:36)
"/>
         <system-out><![CDATA[2023-10-16 14:13:27 - [TEST_CASE][FAILED] - Test Cases/WEB - CHROME/PSE PI/WEB_EN_getSubscriptionConfigForPSE_SPORT: Test Cases/WEB - CHROME/PSE PI/WEB_EN_getSubscriptionConfigForPSE_SPORT FAILED.
Reason:
com.kms.katalon.core.exception.StepFailedException: Expected element property value '30% Discount Offer' is not equal with actual property value '30% Discount Offer​'
	at com.kms.katalon.core.keyword.internal.KeywordMain.stepFailed(KeywordMain.groovy:39)
	at com.kms.katalon.core.webservice.keyword.builtin.VerifyElementPropertyValueKeyword$_verifyElementPropertyValue_closure1.doCall(VerifyElementPropertyValueKeyword.groovy:56)
	at com.kms.katalon.core.webservice.keyword.builtin.VerifyElementPropertyValueKeyword$_verifyElementPropertyValue_closure1.call(VerifyElementPropertyValueKeyword.groovy)
	at com.kms.katalon.core.keyword.internal.KeywordMain.runKeyword(KeywordMain.groovy:75)
	at com.kms.katalon.core.webservice.keyword.builtin.VerifyElementPropertyValueKeyword.verifyElementPropertyValue(VerifyElementPropertyValueKeyword.groovy:48)
	at com.kms.katalon.core.webservice.keyword.builtin.VerifyElementPropertyValueKeyword.execute(VerifyElementPropertyValueKeyword.groovy:43)
	at com.kms.katalon.core.keyword.internal.KeywordExecutor.executeKeywordForPlatform(KeywordExecutor.groovy:74)
	at com.kms.katalon.core.webservice.keyword.WSBuiltInKeywords.verifyElementPropertyValue(WSBuiltInKeywords.groovy:190)
	at com.kms.katalon.core.webservice.keyword.WSBuiltInKeywords$verifyElementPropertyValue$1.call(Unknown Source)
	at WEB_EN_getSubscriptionConfigForPSE_SPORT.run(WEB_EN_getSubscriptionConfigForPSE_SPORT:59)
	at com.kms.katalon.core.main.ScriptEngine.run(ScriptEngine.java:194)
	at com.kms.katalon.core.main.ScriptEngine.runScriptAsRawText(ScriptEngine.java:119)
	at com.kms.katalon.core.main.TestCaseExecutor.runScript(TestCaseExecutor.java:448)
	at com.kms.katalon.core.main.TestCaseExecutor.doExecute(TestCaseExecutor.java:439)
	at com.kms.katalon.core.main.TestCaseExecutor.processExecutionPhase(TestCaseExecutor.java:418)
	at com.kms.katalon.core.main.TestCaseExecutor.accessMainPhase(TestCaseExecutor.java:410)
	at com.kms.katalon.core.main.TestCaseExecutor.execute(TestCaseExecutor.java:285)
	at com.kms.katalon.core.common.CommonExecutor.accessTestCaseMainPhase(CommonExecutor.java:65)
	at com.kms.katalon.core.main.TestSuiteExecutor.accessTestSuiteMainPhase(TestSuiteExecutor.java:148)
	at com.kms.katalon.core.main.TestSuiteExecutor.execute(TestSuiteExecutor.java:106)
	at com.kms.katalon.core.main.TestCaseMain.startTestSuite(TestCaseMain.java:187)
	at com.kms.katalon.core.main.TestCaseMain$startTestSuite$0.call(Unknown Source)
	at TempTestSuite1697454207688.run(TempTestSuite1697454207688.groovy:36)


2023-10-16 14:13:27 - [TEST_STEP][PASSED] - getResponse = config_files.getConfigFile.getConfig("WEB", "EN", "SHAHID_VIP_SPORT", "PS", "false"): config_files.getConfigFile.getConfig is PASSED

2023-10-16 14:13:28 - [MESSAGE][INFO] - HAR: /Users/admin/git/shahid-configuration/Reports/20231016_140310/WEB/PSE/20231016_140327/requests/main/2.har

2023-10-16 14:13:28 - [MESSAGE][PASSED] - Send request successfully

2023-10-16 14:13:28 - [MESSAGE][PASSED] - config_files.getConfigFile.getConfig is PASSED

2023-10-16 14:13:28 - [TEST_STEP][PASSED] - verifyResponseStatusCode(getResponse, 200): Verify response status code successfully

2023-10-16 14:13:28 - [MESSAGE][PASSED] - Verify response status code successfully

2023-10-16 14:13:28 - [TEST_STEP][PASSED] - verifyElementPropertyValue(getResponse, "country", "PSE"): Verify element property value successfully

2023-10-16 14:13:28 - [MESSAGE][PASSED] - Verify element property value successfully

2023-10-16 14:13:28 - [TEST_STEP][PASSED] - verifyElementPropertyValue(getResponse, "platform", "[WEB]"): Verify element property value successfully

2023-10-16 14:13:28 - [MESSAGE][PASSED] - Verify element property value successfully

2023-10-16 14:13:28 - [TEST_STEP][PASSED] - verifyElementPropertyValue(getResponse, "offers[5].offerId", "winback-sport-30-offer"): Verify element property value successfully

2023-10-16 14:13:28 - [MESSAGE][PASSED] - Verify element property value successfully

2023-10-16 14:13:28 - [TEST_STEP][PASSED] - verifyElementPropertyValue(getResponse, "offers[5].offerParam", "sportsoffer30"): Verify element property value successfully

2023-10-16 14:13:28 - [MESSAGE][PASSED] - Verify element property value successfully

2023-10-16 14:13:28 - [TEST_STEP][PASSED] - verifyElementPropertyValue(getResponse, "offers[5].groups[0].pricingPlans[0].featured", "true"): Verify element property value successfully

2023-10-16 14:13:28 - [MESSAGE][PASSED] - Verify element property value successfully

2023-10-16 14:13:28 - [TEST_STEP][PASSED] - verifyElementPropertyValue(getResponse, "offers[5].groups[0].pricingPlans[0].period", "monthly"): Verify element property value successfully

2023-10-16 14:13:28 - [MESSAGE][PASSED] - Verify element property value successfully

2023-10-16 14:13:28 - [TEST_STEP][PASSED] - verifyElementPropertyValue(getResponse, "offers[5].groups[0].pricingPlans[0].featured", "true"): Verify element property value successfully

2023-10-16 14:13:28 - [MESSAGE][PASSED] - Verify element property value successfully

2023-10-16 14:13:28 - [TEST_STEP][PASSED] - verifyElementPropertyValue(getResponse, "offers[5].groups[0].pricingPlans[0].price", "23.9"): Verify element property value successfully

2023-10-16 14:13:28 - [MESSAGE][PASSED] - Verify element property value successfully

2023-10-16 14:13:28 - [TEST_STEP][PASSED] - verifyElementPropertyValue(getResponse, "offers[5].groups[0].pricingPlans[0].currency", "₪"): Verify element property value successfully

2023-10-16 14:13:28 - [MESSAGE][PASSED] - Verify element property value successfully

2023-10-16 14:13:28 - [TEST_STEP][PASSED] - verifyElementPropertyValue(getResponse, "offers[5].groups[0].pricingPlans[0].order", "0"): Verify element property value successfully

2023-10-16 14:13:28 - [MESSAGE][PASSED] - Verify element property value successfully

2023-10-16 14:13:28 - [TEST_STEP][PASSED] - verifyElementPropertyValue(getResponse, "offers[5].groups[0].pricingPlans[0].packageId", "SHAHID_VIP_SPORT"): Verify element property value successfully

2023-10-16 14:13:28 - [MESSAGE][PASSED] - Verify element property value successfully

2023-10-16 14:13:28 - [TEST_STEP][PASSED] - verifyElementPropertyValue(getResponse, "offers[5].groups[0].pricingPlans[0].catalogId", "SPORT"): Verify element property value successfully

2023-10-16 14:13:28 - [MESSAGE][PASSED] - Verify element property value successfully

2023-10-16 14:13:28 - [TEST_STEP][PASSED] - verifyElementPropertyValue(getResponse, "offers[5].groups[0].pricingPlans[0].visualElements[0].key", "Header_1_text"): Verify element property value successfully

2023-10-16 14:13:28 - [MESSAGE][PASSED] - Verify element property value successfully

2023-10-16 14:13:28 - [TEST_STEP][PASSED] - verifyElementPropertyValue(getResponse, "offers[5].groups[0].pricingPlans[0].visualElements[0].value", "Watch the most powerful series and movies exclusively without stopping"): Verify element property value successfully

2023-10-16 14:13:28 - [MESSAGE][PASSED] - Verify element property value successfully

2023-10-16 14:13:28 - [TEST_STEP][PASSED] - verifyElementPropertyValue(getResponse, "offers[5].groups[0].pricingPlans[0].visualElements[1].key", "display_title"): Verify element property value successfully

2023-10-16 14:13:28 - [MESSAGE][PASSED] - Verify element property value successfully

2023-10-16 14:13:28 - [TEST_STEP][FAILED] - verifyElementPropertyValue(getResponse, "offers[5].groups[0].pricingPlans[0].visualElements[1].value", "30% Discount Offer"): Expected element property value '30% Discount Offer' is not equal with actual property value '30% Discount Offer​'

2023-10-16 14:13:28 - [MESSAGE][FAILED] - Expected element property value '30% Discount Offer' is not equal with actual property value '30% Discount Offer​'

2023-10-16 14:13:28 - [TEST_STEP][PASSED] - verifyElementPropertyValue(getResponse, "offers[5].groups[0].pricingPlans[0].visualElements[3].key", "deduction_text"): Verify element property value successfully

2023-10-16 14:13:28 - [MESSAGE][PASSED] - Verify element property value successfully

2023-10-16 14:13:28 - [TEST_STEP][PASSED] - verifyElementPropertyValue(getResponse, "offers[5].groups[0].pricingPlans[0].visualElements[3].value", "billed every month"): Verify element property value successfully

2023-10-16 14:13:28 - [MESSAGE][PASSED] - Verify element property value successfully

2023-10-16 14:13:28 - [TEST_STEP][PASSED] - verifyElementPropertyValue(getResponse, "offers[5].groups[0].pricingPlans[0].visualElements[6].key", "show_payment_logo"): Verify element property value successfully

2023-10-16 14:13:28 - [MESSAGE][PASSED] - Verify element property value successfully

2023-10-16 14:13:28 - [TEST_STEP][PASSED] - verifyElementPropertyValue(getResponse, "offers[5].groups[0].pricingPlans[0].visualElements[6].value", "true"): Verify element property value successfully

2023-10-16 14:13:28 - [MESSAGE][PASSED] - Verify element property value successfully

2023-10-16 14:13:28 - [TEST_STEP][PASSED] - verifyElementPropertyValue(getResponse, "offers[5].groups[0].pricingPlans[0].visualElements[8].key", "price"): Verify element property value successfully

2023-10-16 14:13:28 - [MESSAGE][PASSED] - Verify element property value successfully

2023-10-16 14:13:28 - [TEST_STEP][PASSED] - verifyElementPropertyValue(getResponse, "offers[5].groups[0].pricingPlans[0].visualElements[8].value", "23.9"): Verify element property value successfully

2023-10-16 14:13:28 - [MESSAGE][PASSED] - Verify element property value successfully

2023-10-16 14:13:28 - [TEST_STEP][PASSED] - verifyElementPropertyValue(getResponse, "offers[5].groups[0].pricingPlans[0].visualElements[9].key", "currency"): Verify element property value successfully

2023-10-16 14:13:28 - [MESSAGE][PASSED] - Verify element property value successfully

2023-10-16 14:13:28 - [TEST_STEP][PASSED] - verifyElementPropertyValue(getResponse, "offers[5].groups[0].pricingPlans[0].visualElements[9].value", "₪"): Verify element property value successfully

2023-10-16 14:13:28 - [MESSAGE][PASSED] - Verify element property value successfully

2023-10-16 14:13:28 - [TEST_STEP][PASSED] - verifyElementPropertyValue(getResponse, "offers[5].groups[0].pricingPlans[0].visualElements[10].key", "duration"): Verify element property value successfully

2023-10-16 14:13:28 - [MESSAGE][PASSED] - Verify element property value successfully

2023-10-16 14:13:28 - [TEST_STEP][PASSED] - verifyElementPropertyValue(getResponse, "offers[5].groups[0].pricingPlans[0].visualElements[10].value", "Monthly"): Verify element property value successfully

2023-10-16 14:13:28 - [MESSAGE][PASSED] - Verify element property value successfully

2023-10-16 14:13:28 - [TEST_STEP][PASSED] - verifyElementPropertyValue(getResponse, "offers[5].groups[0].pricingPlans[0].visualElements[11].key", "featured_tag_text"): Verify element property value successfully

2023-10-16 14:13:28 - [MESSAGE][PASSED] - Verify element property value successfully

2023-10-16 14:13:28 - [TEST_STEP][PASSED] - verifyElementPropertyValue(getResponse, "offers[5].groups[0].pricingPlans[0].visualElements[11].value", "Limited Time Offer"): Verify element property value successfully

2023-10-16 14:13:28 - [MESSAGE][PASSED] - Verify element property value successfully

2023-10-16 14:13:28 - [TEST_STEP][PASSED] - verifyElementPropertyValue(getResponse, "offers[5].groups[0].pricingPlans[0].visualElements[12].key", "show_tag"): Verify element property value successfully

2023-10-16 14:13:28 - [MESSAGE][PASSED] - Verify element property value successfully

2023-10-16 14:13:28 - [TEST_STEP][PASSED] - verifyElementPropertyValue(getResponse, "offers[5].groups[0].pricingPlans[0].visualElements[12].value", "true"): Verify element property value successfully

2023-10-16 14:13:29 - [MESSAGE][PASSED] - Verify element property value successfully

2023-10-16 14:13:29 - [TEST_STEP][PASSED] - verifyElementPropertyValue(getResponse, "offers[5].groups[0].pricingPlans[0].visualElements[13].key", "tag_text"): Verify element property value successfully

2023-10-16 14:13:29 - [MESSAGE][PASSED] - Verify element property value successfully

2023-10-16 14:13:29 - [TEST_STEP][PASSED] - verifyElementPropertyValue(getResponse, "offers[5].groups[0].pricingPlans[0].visualElements[13].value", "Save 30%"): Verify element property value successfully

2023-10-16 14:13:29 - [MESSAGE][PASSED] - Verify element property value successfully

2023-10-16 14:13:29 - [TEST_STEP][PASSED] - verifyElementPropertyValue(getResponse, "offers[5].groups[0].pricingPlans[0].pricingPlanData[0].productId", "PSE_B2C_SHAHID_VIP_SPORT_1M"): Verify element property value successfully

2023-10-16 14:13:29 - [MESSAGE][PASSED] - Verify element property value successfully

2023-10-16 14:13:29 - [TEST_STEP][PASSED] - verifyElementPropertyValue(getResponse, "offers[5].groups[0].pricingPlans[0].pricingPlanData[0].paymentMethod", "CREDIT_CARD"): Verify element property value successfully

2023-10-16 14:13:29 - [MESSAGE][PASSED] - Verify element property value successfully

2023-10-16 14:13:29 - [TEST_STEP][PASSED] - verifyElementPropertyValue(getResponse, "offers[5].groups[0].pricingPlans[0].pricingPlanData[0].freeTrialEnabled", "false"): Verify element property value successfully

2023-10-16 14:13:29 - [MESSAGE][PASSED] - Verify element property value successfully

2023-10-16 14:13:29 - [TEST_STEP][PASSED] - verifyElementPropertyValue(getResponse, "offers[5].groups[0].pricingPlans[0].pricingPlanData[0].showIn[0]", "VERTICAL_MODE"): Verify element property value successfully

2023-10-16 14:13:29 - [MESSAGE][PASSED] - Verify element property value successfully

2023-10-16 14:13:29 - [TEST_STEP][PASSED] - verifyElementPropertyValue(getResponse, "offers[5].groups[0].pricingPlans[0].pricingPlanData[0].showIn[1]", "HORIZONTAL_MODE"): Verify element property value successfully

2023-10-16 14:13:29 - [MESSAGE][PASSED] - Verify element property value successfully

2023-10-16 14:13:29 - [TEST_STEP][PASSED] - verifyElementPropertyValue(getResponse, "offers[5].groups[0].pricingPlans[0].pricingPlanData[0].priceLabel", "23.9"): Verify element property value successfully

2023-10-16 14:13:29 - [MESSAGE][PASSED] - Verify element property value successfully

2023-10-16 14:13:29 - [TEST_STEP][PASSED] - verifyElementPropertyValue(getResponse, "offers[5].groups[0].pricingPlans[0].pricingPlanData[0].currencyLabel", "₪"): Verify element property value successfully

2023-10-16 14:13:29 - [MESSAGE][PASSED] - Verify element property value successfully

2023-10-16 14:13:29 - [TEST_STEP][PASSED] - verifyElementPropertyValue(getResponse, "offers[5].groups[0].pricingPlans[0].pricingPlanData[0].dealId", "WB_SPORT_30P_PSE"): Verify element property value successfully

2023-10-16 14:13:29 - [MESSAGE][PASSED] - Verify element property value successfully

2023-10-16 14:13:29 - [TEST_STEP][PASSED] - verifyElementPropertyValue(getResponse, "offers[5].groups[0].pricingPlans[0].pricingPlanData[0].allowedForAcquisition", "true"): Verify element property value successfully

2023-10-16 14:13:29 - [MESSAGE][PASSED] - Verify element property value successfully

2023-10-16 14:13:29 - [TEST_STEP][PASSED] - verifyElementPropertyValue(getResponse, "offers[5].groups[0].pricingPlans[0].pricingPlanData[0].visualElements[0].key", "title"): Verify element property value successfully

2023-10-16 14:13:29 - [MESSAGE][PASSED] - Verify element property value successfully

2023-10-16 14:13:29 - [TEST_STEP][PASSED] - verifyElementPropertyValue(getResponse, "offers[5].groups[0].pricingPlans[0].pricingPlanData[0].visualElements[0].value", "Credit/Debit Card"): Verify element property value successfully

2023-10-16 14:13:29 - [MESSAGE][PASSED] - Verify element property value successfully

2023-10-16 14:13:29 - [TEST_STEP][PASSED] - verifyElementPropertyValue(getResponse, "offers[5].groups[0].pricingPlans[0].pricingPlanData[0].visualElements[1].key", "CTA_text"): Verify element property value successfully

2023-10-16 14:13:29 - [MESSAGE][PASSED] - Verify element property value successfully

2023-10-16 14:13:29 - [TEST_STEP][PASSED] - verifyElementPropertyValue(getResponse, "offers[5].groups[0].pricingPlans[0].pricingPlanData[0].visualElements[1].value", "Subscribe"): Verify element property value successfully

2023-10-16 14:13:29 - [MESSAGE][PASSED] - Verify element property value successfully

2023-10-16 14:13:29 - [TEST_STEP][PASSED] - verifyElementPropertyValue(getResponse, "offers[5].groups[0].pricingPlans[0].pricingPlanData[0].visualElements[2].key", "logo"): Verify element property value successfully

2023-10-16 14:13:29 - [MESSAGE][PASSED] - Verify element property value successfully

2023-10-16 14:13:29 - [TEST_STEP][PASSED] - verifyElementPropertyValue(getResponse, "offers[5].groups[0].pricingPlans[0].pricingPlanData[0].visualElements[2].value", "https://static.s3.shahid.mbc.net/widget-images/icons/iconCreditCard.png"): Verify element property value successfully

2023-10-16 14:13:29 - [MESSAGE][PASSED] - Verify element property value successfully

2023-10-16 14:13:29 - [TEST_STEP][PASSED] - verifyElementPropertyValue(getResponse, "offers[6].offerId", "winback-sport-40-offer"): Verify element property value successfully

2023-10-16 14:13:29 - [MESSAGE][PASSED] - Verify element property value successfully

2023-10-16 14:13:29 - [TEST_STEP][PASSED] - verifyElementPropertyValue(getResponse, "offers[6].offerParam", "sportsoffer40"): Verify element property value successfully

2023-10-16 14:13:29 - [MESSAGE][PASSED] - Verify element property value successfully

2023-10-16 14:13:29 - [TEST_STEP][PASSED] - verifyElementPropertyValue(getResponse, "offers[6].groups[0].pricingPlans[0].featured", "true"): Verify element property value successfully

2023-10-16 14:13:29 - [MESSAGE][PASSED] - Verify element property value successfully

2023-10-16 14:13:29 - [TEST_STEP][PASSED] - verifyElementPropertyValue(getResponse, "offers[6].groups[0].pricingPlans[0].period", "monthly"): Verify element property value successfully

2023-10-16 14:13:29 - [MESSAGE][PASSED] - Verify element property value successfully

2023-10-16 14:13:29 - [TEST_STEP][PASSED] - verifyElementPropertyValue(getResponse, "offers[6].groups[0].pricingPlans[0].featured", "true"): Verify element property value successfully

2023-10-16 14:13:29 - [MESSAGE][PASSED] - Verify element property value successfully

2023-10-16 14:13:29 - [TEST_STEP][PASSED] - verifyElementPropertyValue(getResponse, "offers[6].groups[0].pricingPlans[0].price", "20.9"): Verify element property value successfully

2023-10-16 14:13:29 - [MESSAGE][PASSED] - Verify element property value successfully

2023-10-16 14:13:29 - [TEST_STEP][PASSED] - verifyElementPropertyValue(getResponse, "offers[6].groups[0].pricingPlans[0].currency", "₪"): Verify element property value successfully

2023-10-16 14:13:29 - [MESSAGE][PASSED] - Verify element property value successfully

2023-10-16 14:13:29 - [TEST_STEP][PASSED] - verifyElementPropertyValue(getResponse, "offers[6].groups[0].pricingPlans[0].order", "0"): Verify element property value successfully

2023-10-16 14:13:29 - [MESSAGE][PASSED] - Verify element property value successfully

2023-10-16 14:13:29 - [TEST_STEP][PASSED] - verifyElementPropertyValue(getResponse, "offers[6].groups[0].pricingPlans[0].packageId", "SHAHID_VIP_SPORT"): Verify element property value successfully

2023-10-16 14:13:29 - [MESSAGE][PASSED] - Verify element property value successfully

2023-10-16 14:13:29 - [TEST_STEP][PASSED] - verifyElementPropertyValue(getResponse, "offers[6].groups[0].pricingPlans[0].catalogId", "SPORT"): Verify element property value successfully

2023-10-16 14:13:29 - [MESSAGE][PASSED] - Verify element property value successfully

2023-10-16 14:13:29 - [TEST_STEP][PASSED] - verifyElementPropertyValue(getResponse, "offers[6].groups[0].pricingPlans[0].visualElements[0].key", "Header_1_text"): Verify element property value successfully

2023-10-16 14:13:29 - [MESSAGE][PASSED] - Verify element property value successfully

2023-10-16 14:13:29 - [TEST_STEP][PASSED] - verifyElementPropertyValue(getResponse, "offers[6].groups[0].pricingPlans[0].visualElements[0].value", "Watch the most powerful series and movies exclusively without stopping"): Verify element property value successfully

2023-10-16 14:13:29 - [MESSAGE][PASSED] - Verify element property value successfully

2023-10-16 14:13:29 - [TEST_STEP][PASSED] - verifyElementPropertyValue(getResponse, "offers[6].groups[0].pricingPlans[0].visualElements[1].key", "display_title"): Verify element property value successfully

2023-10-16 14:13:29 - [MESSAGE][PASSED] - Verify element property value successfully

2023-10-16 14:13:29 - [TEST_STEP][FAILED] - verifyElementPropertyValue(getResponse, "offers[6].groups[0].pricingPlans[0].visualElements[1].value", "40% Discount Offer"): Expected element property value '40% Discount Offer' is not equal with actual property value '40% Discount Offer​'

2023-10-16 14:13:29 - [MESSAGE][FAILED] - Expected element property value '40% Discount Offer' is not equal with actual property value '40% Discount Offer​'

2023-10-16 14:13:29 - [TEST_STEP][PASSED] - verifyElementPropertyValue(getResponse, "offers[6].groups[0].pricingPlans[0].visualElements[3].key", "deduction_text"): Verify element property value successfully

2023-10-16 14:13:29 - [MESSAGE][PASSED] - Verify element property value successfully

2023-10-16 14:13:29 - [TEST_STEP][PASSED] - verifyElementPropertyValue(getResponse, "offers[6].groups[0].pricingPlans[0].visualElements[3].value", "billed every month"): Verify element property value successfully

2023-10-16 14:13:29 - [MESSAGE][PASSED] - Verify element property value successfully

2023-10-16 14:13:29 - [TEST_STEP][PASSED] - verifyElementPropertyValue(getResponse, "offers[6].groups[0].pricingPlans[0].visualElements[6].key", "show_payment_logo"): Verify element property value successfully

2023-10-16 14:13:29 - [MESSAGE][PASSED] - Verify element property value successfully

2023-10-16 14:13:29 - [TEST_STEP][PASSED] - verifyElementPropertyValue(getResponse, "offers[6].groups[0].pricingPlans[0].visualElements[6].value", "true"): Verify element property value successfully

2023-10-16 14:13:29 - [MESSAGE][PASSED] - Verify element property value successfully

2023-10-16 14:13:29 - [TEST_STEP][PASSED] - verifyElementPropertyValue(getResponse, "offers[6].groups[0].pricingPlans[0].visualElements[8].key", "price"): Verify element property value successfully

2023-10-16 14:13:29 - [MESSAGE][PASSED] - Verify element property value successfully

2023-10-16 14:13:29 - [TEST_STEP][PASSED] - verifyElementPropertyValue(getResponse, "offers[6].groups[0].pricingPlans[0].visualElements[8].value", "20.9"): Verify element property value successfully

2023-10-16 14:13:29 - [MESSAGE][PASSED] - Verify element property value successfully

2023-10-16 14:13:29 - [TEST_STEP][PASSED] - verifyElementPropertyValue(getResponse, "offers[6].groups[0].pricingPlans[0].visualElements[9].key", "currency"): Verify element property value successfully

2023-10-16 14:13:29 - [MESSAGE][PASSED] - Verify element property value successfully

2023-10-16 14:13:29 - [TEST_STEP][PASSED] - verifyElementPropertyValue(getResponse, "offers[6].groups[0].pricingPlans[0].visualElements[9].value", "₪"): Verify element property value successfully

2023-10-16 14:13:29 - [MESSAGE][PASSED] - Verify element property value successfully

2023-10-16 14:13:29 - [TEST_STEP][PASSED] - verifyElementPropertyValue(getResponse, "offers[6].groups[0].pricingPlans[0].visualElements[10].key", "duration"): Verify element property value successfully

2023-10-16 14:13:29 - [MESSAGE][PASSED] - Verify element property value successfully

2023-10-16 14:13:29 - [TEST_STEP][PASSED] - verifyElementPropertyValue(getResponse, "offers[6].groups[0].pricingPlans[0].visualElements[10].value", "Monthly"): Verify element property value successfully

2023-10-16 14:13:29 - [MESSAGE][PASSED] - Verify element property value successfully

2023-10-16 14:13:29 - [TEST_STEP][PASSED] - verifyElementPropertyValue(getResponse, "offers[6].groups[0].pricingPlans[0].visualElements[11].key", "featured_tag_text"): Verify element property value successfully

2023-10-16 14:13:29 - [MESSAGE][PASSED] - Verify element property value successfully

2023-10-16 14:13:29 - [TEST_STEP][PASSED] - verifyElementPropertyValue(getResponse, "offers[6].groups[0].pricingPlans[0].visualElements[11].value", "Limited Time Offer"): Verify element property value successfully

2023-10-16 14:13:29 - [MESSAGE][PASSED] - Verify element property value successfully

2023-10-16 14:13:29 - [TEST_STEP][PASSED] - verifyElementPropertyValue(getResponse, "offers[6].groups[0].pricingPlans[0].visualElements[13].key", "tag_text"): Verify element property value successfully

2023-10-16 14:13:29 - [MESSAGE][PASSED] - Verify element property value successfully

2023-10-16 14:13:29 - [TEST_STEP][PASSED] - verifyElementPropertyValue(getResponse, "offers[6].groups[0].pricingPlans[0].visualElements[13].value", "Save 40%"): Verify element property value successfully

2023-10-16 14:13:29 - [MESSAGE][PASSED] - Verify element property value successfully

2023-10-16 14:13:29 - [TEST_STEP][PASSED] - verifyElementPropertyValue(getResponse, "offers[6].groups[0].pricingPlans[0].visualElements[12].key", "show_tag"): Verify element property value successfully

2023-10-16 14:13:29 - [MESSAGE][PASSED] - Verify element property value successfully

2023-10-16 14:13:29 - [TEST_STEP][PASSED] - verifyElementPropertyValue(getResponse, "offers[6].groups[0].pricingPlans[0].visualElements[12].value", "true"): Verify element property value successfully

2023-10-16 14:13:29 - [MESSAGE][PASSED] - Verify element property value successfully

2023-10-16 14:13:29 - [TEST_STEP][PASSED] - verifyElementPropertyValue(getResponse, "offers[6].groups[0].pricingPlans[0].pricingPlanData[0].productId", "PSE_B2C_SHAHID_VIP_SPORT_1M"): Verify element property value successfully

2023-10-16 14:13:29 - [MESSAGE][PASSED] - Verify element property value successfully

2023-10-16 14:13:29 - [TEST_STEP][PASSED] - verifyElementPropertyValue(getResponse, "offers[6].groups[0].pricingPlans[0].pricingPlanData[0].paymentMethod", "CREDIT_CARD"): Verify element property value successfully

2023-10-16 14:13:29 - [MESSAGE][PASSED] - Verify element property value successfully

2023-10-16 14:13:29 - [TEST_STEP][PASSED] - verifyElementPropertyValue(getResponse, "offers[6].groups[0].pricingPlans[0].pricingPlanData[0].freeTrialEnabled", "false"): Verify element property value successfully

2023-10-16 14:13:29 - [MESSAGE][PASSED] - Verify element property value successfully

2023-10-16 14:13:29 - [TEST_STEP][PASSED] - verifyElementPropertyValue(getResponse, "offers[6].groups[0].pricingPlans[0].pricingPlanData[0].showIn[0]", "VERTICAL_MODE"): Verify element property value successfully

2023-10-16 14:13:29 - [MESSAGE][PASSED] - Verify element property value successfully

2023-10-16 14:13:29 - [TEST_STEP][PASSED] - verifyElementPropertyValue(getResponse, "offers[6].groups[0].pricingPlans[0].pricingPlanData[0].showIn[1]", "HORIZONTAL_MODE"): Verify element property value successfully

2023-10-16 14:13:29 - [MESSAGE][PASSED] - Verify element property value successfully

2023-10-16 14:13:29 - [TEST_STEP][PASSED] - verifyElementPropertyValue(getResponse, "offers[6].groups[0].pricingPlans[0].pricingPlanData[0].priceLabel", "20.9"): Verify element property value successfully

2023-10-16 14:13:29 - [MESSAGE][PASSED] - Verify element property value successfully

2023-10-16 14:13:29 - [TEST_STEP][PASSED] - verifyElementPropertyValue(getResponse, "offers[6].groups[0].pricingPlans[0].pricingPlanData[0].currencyLabel", "₪"): Verify element property value successfully

2023-10-16 14:13:29 - [MESSAGE][PASSED] - Verify element property value successfully

2023-10-16 14:13:29 - [TEST_STEP][PASSED] - verifyElementPropertyValue(getResponse, "offers[6].groups[0].pricingPlans[0].pricingPlanData[0].dealId", "WB_SPORT_40P_PSE"): Verify element property value successfully

2023-10-16 14:13:29 - [MESSAGE][PASSED] - Verify element property value successfully

2023-10-16 14:13:29 - [TEST_STEP][PASSED] - verifyElementPropertyValue(getResponse, "offers[6].groups[0].pricingPlans[0].pricingPlanData[0].allowedForAcquisition", "true"): Verify element property value successfully

2023-10-16 14:13:29 - [MESSAGE][PASSED] - Verify element property value successfully

2023-10-16 14:13:29 - [TEST_STEP][PASSED] - verifyElementPropertyValue(getResponse, "offers[6].groups[0].pricingPlans[0].pricingPlanData[0].visualElements[0].key", "title"): Verify element property value successfully

2023-10-16 14:13:29 - [MESSAGE][PASSED] - Verify element property value successfully

2023-10-16 14:13:29 - [TEST_STEP][PASSED] - verifyElementPropertyValue(getResponse, "offers[6].groups[0].pricingPlans[0].pricingPlanData[0].visualElements[0].value", "Credit/Debit Card"): Verify element property value successfully

2023-10-16 14:13:29 - [MESSAGE][PASSED] - Verify element property value successfully

2023-10-16 14:13:29 - [TEST_STEP][PASSED] - verifyElementPropertyValue(getResponse, "offers[6].groups[0].pricingPlans[0].pricingPlanData[0].visualElements[1].key", "CTA_text"): Verify element property value successfully

2023-10-16 14:13:29 - [MESSAGE][PASSED] - Verify element property value successfully

2023-10-16 14:13:29 - [TEST_STEP][PASSED] - verifyElementPropertyValue(getResponse, "offers[6].groups[0].pricingPlans[0].pricingPlanData[0].visualElements[1].value", "Subscribe"): Verify element property value successfully

2023-10-16 14:13:29 - [MESSAGE][PASSED] - Verify element property value successfully

2023-10-16 14:13:29 - [TEST_STEP][PASSED] - verifyElementPropertyValue(getResponse, "offers[6].groups[0].pricingPlans[0].pricingPlanData[0].visualElements[2].key", "logo"): Verify element property value successfully

2023-10-16 14:13:29 - [MESSAGE][PASSED] - Verify element property value successfully

2023-10-16 14:13:29 - [TEST_STEP][PASSED] - verifyElementPropertyValue(getResponse, "offers[6].groups[0].pricingPlans[0].pricingPlanData[0].visualElements[2].value", "https://static.s3.shahid.mbc.net/widget-images/icons/iconCreditCard.png"): Verify element property value successfully

2023-10-16 14:13:29 - [MESSAGE][PASSED] - Verify element property value successfully

2023-10-16 14:13:29 - [TEST_STEP][PASSED] - verifyElementPropertyValue(getResponse, "offers[7].offerId", "winback-sport-50-offer"): Verify element property value successfully

2023-10-16 14:13:29 - [MESSAGE][PASSED] - Verify element property value successfully

2023-10-16 14:13:29 - [TEST_STEP][PASSED] - verifyElementPropertyValue(getResponse, "offers[7].offerParam", "sportsoffer50"): Verify element property value successfully

2023-10-16 14:13:29 - [MESSAGE][PASSED] - Verify element property value successfully

2023-10-16 14:13:29 - [TEST_STEP][PASSED] - verifyElementPropertyValue(getResponse, "offers[7].groups[0].pricingPlans[0].featured", "true"): Verify element property value successfully

2023-10-16 14:13:29 - [MESSAGE][PASSED] - Verify element property value successfully

2023-10-16 14:13:29 - [TEST_STEP][PASSED] - verifyElementPropertyValue(getResponse, "offers[7].groups[0].pricingPlans[0].period", "monthly"): Verify element property value successfully

2023-10-16 14:13:29 - [MESSAGE][PASSED] - Verify element property value successfully

2023-10-16 14:13:29 - [TEST_STEP][PASSED] - verifyElementPropertyValue(getResponse, "offers[7].groups[0].pricingPlans[0].featured", "true"): Verify element property value successfully

2023-10-16 14:13:29 - [MESSAGE][PASSED] - Verify element property value successfully

2023-10-16 14:13:29 - [TEST_STEP][PASSED] - verifyElementPropertyValue(getResponse, "offers[7].groups[0].pricingPlans[0].price", "16.9"): Verify element property value successfully

2023-10-16 14:13:29 - [MESSAGE][PASSED] - Verify element property value successfully

2023-10-16 14:13:29 - [TEST_STEP][PASSED] - verifyElementPropertyValue(getResponse, "offers[7].groups[0].pricingPlans[0].currency", "₪"): Verify element property value successfully

2023-10-16 14:13:29 - [MESSAGE][PASSED] - Verify element property value successfully

2023-10-16 14:13:29 - [TEST_STEP][PASSED] - verifyElementPropertyValue(getResponse, "offers[7].groups[0].pricingPlans[0].order", "0"): Verify element property value successfully

2023-10-16 14:13:29 - [MESSAGE][PASSED] - Verify element property value successfully

2023-10-16 14:13:29 - [TEST_STEP][PASSED] - verifyElementPropertyValue(getResponse, "offers[7].groups[0].pricingPlans[0].packageId", "SHAHID_VIP_SPORT"): Verify element property value successfully

2023-10-16 14:13:29 - [MESSAGE][PASSED] - Verify element property value successfully

2023-10-16 14:13:29 - [TEST_STEP][PASSED] - verifyElementPropertyValue(getResponse, "offers[7].groups[0].pricingPlans[0].catalogId", "SPORT"): Verify element property value successfully

2023-10-16 14:13:29 - [MESSAGE][PASSED] - Verify element property value successfully

2023-10-16 14:13:29 - [TEST_STEP][PASSED] - verifyElementPropertyValue(getResponse, "offers[7].groups[0].pricingPlans[0].visualElements[0].key", "Header_1_text"): Verify element property value successfully

2023-10-16 14:13:29 - [MESSAGE][PASSED] - Verify element property value successfully

2023-10-16 14:13:29 - [TEST_STEP][PASSED] - verifyElementPropertyValue(getResponse, "offers[7].groups[0].pricingPlans[0].visualElements[0].value", "Watch the most powerful series and movies exclusively without stopping"): Verify element property value successfully

2023-10-16 14:13:29 - [MESSAGE][PASSED] - Verify element property value successfully

2023-10-16 14:13:29 - [TEST_STEP][PASSED] - verifyElementPropertyValue(getResponse, "offers[7].groups[0].pricingPlans[0].visualElements[1].key", "display_title"): Verify element property value successfully

2023-10-16 14:13:29 - [MESSAGE][PASSED] - Verify element property value successfully

2023-10-16 14:13:29 - [TEST_STEP][FAILED] - verifyElementPropertyValue(getResponse, "offers[7].groups[0].pricingPlans[0].visualElements[1].value", "50% Discount Offer"): Expected element property value '50% Discount Offer' is not equal with actual property value '50% Discount Offer​'

2023-10-16 14:13:29 - [MESSAGE][FAILED] - Expected element property value '50% Discount Offer' is not equal with actual property value '50% Discount Offer​'

2023-10-16 14:13:29 - [TEST_STEP][PASSED] - verifyElementPropertyValue(getResponse, "offers[7].groups[0].pricingPlans[0].visualElements[3].key", "deduction_text"): Verify element property value successfully

2023-10-16 14:13:29 - [MESSAGE][PASSED] - Verify element property value successfully

2023-10-16 14:13:29 - [TEST_STEP][PASSED] - verifyElementPropertyValue(getResponse, "offers[7].groups[0].pricingPlans[0].visualElements[3].value", "billed every month"): Verify element property value successfully

2023-10-16 14:13:29 - [MESSAGE][PASSED] - Verify element property value successfully

2023-10-16 14:13:29 - [TEST_STEP][PASSED] - verifyElementPropertyValue(getResponse, "offers[7].groups[0].pricingPlans[0].visualElements[6].key", "show_payment_logo"): Verify element property value successfully

2023-10-16 14:13:29 - [MESSAGE][PASSED] - Verify element property value successfully

2023-10-16 14:13:29 - [TEST_STEP][PASSED] - verifyElementPropertyValue(getResponse, "offers[7].groups[0].pricingPlans[0].visualElements[6].value", "true"): Verify element property value successfully

2023-10-16 14:13:29 - [MESSAGE][PASSED] - Verify element property value successfully

2023-10-16 14:13:29 - [TEST_STEP][PASSED] - verifyElementPropertyValue(getResponse, "offers[7].groups[0].pricingPlans[0].visualElements[8].key", "price"): Verify element property value successfully

2023-10-16 14:13:29 - [MESSAGE][PASSED] - Verify element property value successfully

2023-10-16 14:13:29 - [TEST_STEP][PASSED] - verifyElementPropertyValue(getResponse, "offers[7].groups[0].pricingPlans[0].visualElements[8].value", "16.9"): Verify element property value successfully

2023-10-16 14:13:29 - [MESSAGE][PASSED] - Verify element property value successfully

2023-10-16 14:13:29 - [TEST_STEP][PASSED] - verifyElementPropertyValue(getResponse, "offers[7].groups[0].pricingPlans[0].visualElements[9].key", "currency"): Verify element property value successfully

2023-10-16 14:13:29 - [MESSAGE][PASSED] - Verify element property value successfully

2023-10-16 14:13:29 - [TEST_STEP][PASSED] - verifyElementPropertyValue(getResponse, "offers[7].groups[0].pricingPlans[0].visualElements[9].value", "₪"): Verify element property value successfully

2023-10-16 14:13:29 - [MESSAGE][PASSED] - Verify element property value successfully

2023-10-16 14:13:29 - [TEST_STEP][PASSED] - verifyElementPropertyValue(getResponse, "offers[7].groups[0].pricingPlans[0].visualElements[10].key", "duration"): Verify element property value successfully

2023-10-16 14:13:29 - [MESSAGE][PASSED] - Verify element property value successfully

2023-10-16 14:13:29 - [TEST_STEP][PASSED] - verifyElementPropertyValue(getResponse, "offers[7].groups[0].pricingPlans[0].visualElements[10].value", "Monthly"): Verify element property value successfully

2023-10-16 14:13:29 - [MESSAGE][PASSED] - Verify element property value successfully

2023-10-16 14:13:29 - [TEST_STEP][PASSED] - verifyElementPropertyValue(getResponse, "offers[7].groups[0].pricingPlans[0].visualElements[11].key", "featured_tag_text"): Verify element property value successfully

2023-10-16 14:13:29 - [MESSAGE][PASSED] - Verify element property value successfully

2023-10-16 14:13:29 - [TEST_STEP][PASSED] - verifyElementPropertyValue(getResponse, "offers[7].groups[0].pricingPlans[0].visualElements[11].value", "Limited Time Offer"): Verify element property value successfully

2023-10-16 14:13:29 - [MESSAGE][PASSED] - Verify element property value successfully

2023-10-16 14:13:29 - [TEST_STEP][PASSED] - verifyElementPropertyValue(getResponse, "offers[7].groups[0].pricingPlans[0].visualElements[13].key", "tag_text"): Verify element property value successfully

2023-10-16 14:13:29 - [MESSAGE][PASSED] - Verify element property value successfully

2023-10-16 14:13:29 - [TEST_STEP][PASSED] - verifyElementPropertyValue(getResponse, "offers[7].groups[0].pricingPlans[0].visualElements[13].value", "Save 50%"): Verify element property value successfully

2023-10-16 14:13:29 - [MESSAGE][PASSED] - Verify element property value successfully

2023-10-16 14:13:29 - [TEST_STEP][PASSED] - verifyElementPropertyValue(getResponse, "offers[7].groups[0].pricingPlans[0].visualElements[12].key", "show_tag"): Verify element property value successfully

2023-10-16 14:13:29 - [MESSAGE][PASSED] - Verify element property value successfully

2023-10-16 14:13:29 - [TEST_STEP][PASSED] - verifyElementPropertyValue(getResponse, "offers[7].groups[0].pricingPlans[0].visualElements[12].value", "true"): Verify element property value successfully

2023-10-16 14:13:29 - [MESSAGE][PASSED] - Verify element property value successfully

2023-10-16 14:13:29 - [TEST_STEP][PASSED] - verifyElementPropertyValue(getResponse, "offers[7].groups[0].pricingPlans[0].pricingPlanData[0].productId", "PSE_B2C_SHAHID_VIP_SPORT_1M"): Verify element property value successfully

2023-10-16 14:13:29 - [MESSAGE][PASSED] - Verify element property value successfully

2023-10-16 14:13:29 - [TEST_STEP][PASSED] - verifyElementPropertyValue(getResponse, "offers[7].groups[0].pricingPlans[0].pricingPlanData[0].paymentMethod", "CREDIT_CARD"): Verify element property value successfully

2023-10-16 14:13:29 - [MESSAGE][PASSED] - Verify element property value successfully

2023-10-16 14:13:29 - [TEST_STEP][PASSED] - verifyElementPropertyValue(getResponse, "offers[7].groups[0].pricingPlans[0].pricingPlanData[0].freeTrialEnabled", "false"): Verify element property value successfully

2023-10-16 14:13:29 - [MESSAGE][PASSED] - Verify element property value successfully

2023-10-16 14:13:29 - [TEST_STEP][PASSED] - verifyElementPropertyValue(getResponse, "offers[7].groups[0].pricingPlans[0].pricingPlanData[0].showIn[0]", "VERTICAL_MODE"): Verify element property value successfully

2023-10-16 14:13:29 - [MESSAGE][PASSED] - Verify element property value successfully

2023-10-16 14:13:29 - [TEST_STEP][PASSED] - verifyElementPropertyValue(getResponse, "offers[7].groups[0].pricingPlans[0].pricingPlanData[0].showIn[1]", "HORIZONTAL_MODE"): Verify element property value successfully

2023-10-16 14:13:29 - [MESSAGE][PASSED] - Verify element property value successfully

2023-10-16 14:13:29 - [TEST_STEP][PASSED] - verifyElementPropertyValue(getResponse, "offers[7].groups[0].pricingPlans[0].pricingPlanData[0].priceLabel", "16.9"): Verify element property value successfully

2023-10-16 14:13:29 - [MESSAGE][PASSED] - Verify element property value successfully

2023-10-16 14:13:29 - [TEST_STEP][PASSED] - verifyElementPropertyValue(getResponse, "offers[7].groups[0].pricingPlans[0].pricingPlanData[0].currencyLabel", "₪"): Verify element property value successfully

2023-10-16 14:13:30 - [MESSAGE][PASSED] - Verify element property value successfully

2023-10-16 14:13:30 - [TEST_STEP][PASSED] - verifyElementPropertyValue(getResponse, "offers[7].groups[0].pricingPlans[0].pricingPlanData[0].dealId", "WB_SPORT_50P_PSE"): Verify element property value successfully

2023-10-16 14:13:30 - [MESSAGE][PASSED] - Verify element property value successfully

2023-10-16 14:13:30 - [TEST_STEP][PASSED] - verifyElementPropertyValue(getResponse, "offers[7].groups[0].pricingPlans[0].pricingPlanData[0].allowedForAcquisition", "true"): Verify element property value successfully

2023-10-16 14:13:30 - [MESSAGE][PASSED] - Verify element property value successfully

2023-10-16 14:13:30 - [TEST_STEP][PASSED] - verifyElementPropertyValue(getResponse, "offers[7].groups[0].pricingPlans[0].pricingPlanData[0].visualElements[0].key", "title"): Verify element property value successfully

2023-10-16 14:13:30 - [MESSAGE][PASSED] - Verify element property value successfully

2023-10-16 14:13:30 - [TEST_STEP][PASSED] - verifyElementPropertyValue(getResponse, "offers[7].groups[0].pricingPlans[0].pricingPlanData[0].visualElements[0].value", "Credit/Debit Card"): Verify element property value successfully

2023-10-16 14:13:30 - [MESSAGE][PASSED] - Verify element property value successfully

2023-10-16 14:13:30 - [TEST_STEP][PASSED] - verifyElementPropertyValue(getResponse, "offers[7].groups[0].pricingPlans[0].pricingPlanData[0].visualElements[1].key", "CTA_text"): Verify element property value successfully

2023-10-16 14:13:30 - [MESSAGE][PASSED] - Verify element property value successfully

2023-10-16 14:13:30 - [TEST_STEP][PASSED] - verifyElementPropertyValue(getResponse, "offers[7].groups[0].pricingPlans[0].pricingPlanData[0].visualElements[1].value", "Subscribe"): Verify element property value successfully

2023-10-16 14:13:30 - [MESSAGE][PASSED] - Verify element property value successfully

2023-10-16 14:13:30 - [TEST_STEP][PASSED] - verifyElementPropertyValue(getResponse, "offers[7].groups[0].pricingPlans[0].pricingPlanData[0].visualElements[2].key", "logo"): Verify element property value successfully

2023-10-16 14:13:30 - [MESSAGE][PASSED] - Verify element property value successfully

2023-10-16 14:13:30 - [TEST_STEP][PASSED] - verifyElementPropertyValue(getResponse, "offers[7].groups[0].pricingPlans[0].pricingPlanData[0].visualElements[2].value", "https://static.s3.shahid.mbc.net/widget-images/icons/iconCreditCard.png"): Verify element property value successfully

2023-10-16 14:13:30 - [MESSAGE][PASSED] - Verify element property value successfully

2023-10-16 14:13:30 - [TEST_STEP][PASSED] - verifyElementPropertyValue(getResponse, "groups[0].pricingPlans[0].featured", "true"): Verify element property value successfully

2023-10-16 14:13:30 - [MESSAGE][PASSED] - Verify element property value successfully

2023-10-16 14:13:30 - [TEST_STEP][PASSED] - verifyElementPropertyValue(getResponse, "groups[0].pricingPlans[0].packageId", "SHAHID_VIP_SPORT"): Verify element property value successfully

2023-10-16 14:13:30 - [MESSAGE][PASSED] - Verify element property value successfully

2023-10-16 14:13:30 - [TEST_STEP][PASSED] - verifyElementPropertyValue(getResponse, "groups[0].pricingPlans[0].catalogId", "SPORT"): Verify element property value successfully

2023-10-16 14:13:30 - [MESSAGE][PASSED] - Verify element property value successfully

2023-10-16 14:13:30 - [TEST_STEP][PASSED] - verifyElementPropertyValue(getResponse, "groups[0].pricingPlans[0].visualElements[0].key", "Header_1_text"): Verify element property value successfully

2023-10-16 14:13:30 - [MESSAGE][PASSED] - Verify element property value successfully

2023-10-16 14:13:30 - [TEST_STEP][PASSED] - verifyElementPropertyValue(getResponse, "groups[0].pricingPlans[0].visualElements[0].value", "Watch the most powerful series and movies exclusively without stopping"): Verify element property value successfully

2023-10-16 14:13:30 - [MESSAGE][PASSED] - Verify element property value successfully

2023-10-16 14:13:30 - [TEST_STEP][PASSED] - verifyElementPropertyValue(getResponse, "groups[0].pricingPlans[0].visualElements[1].key", "display_title"): Verify element property value successfully

2023-10-16 14:13:30 - [MESSAGE][PASSED] - Verify element property value successfully

2023-10-16 14:13:30 - [TEST_STEP][PASSED] - verifyElementPropertyValue(getResponse, "groups[0].pricingPlans[0].visualElements[1].value", "Monthly Plan"): Verify element property value successfully

2023-10-16 14:13:30 - [MESSAGE][PASSED] - Verify element property value successfully

2023-10-16 14:13:30 - [TEST_STEP][PASSED] - verifyElementPropertyValue(getResponse, "groups[0].pricingPlans[0].visualElements[2].key", "promo_text"): Verify element property value successfully

2023-10-16 14:13:30 - [MESSAGE][PASSED] - Verify element property value successfully

2023-10-16 14:13:30 - [TEST_STEP][PASSED] - verifyElementPropertyValue(getResponse, "groups[0].pricingPlans[0].visualElements[2].value", "33.9 ₪ / month"): Verify element property value successfully

2023-10-16 14:13:30 - [MESSAGE][PASSED] - Verify element property value successfully

2023-10-16 14:13:30 - [TEST_STEP][PASSED] - verifyElementPropertyValue(getResponse, "groups[0].pricingPlans[0].visualElements[3].key", "deduction_text"): Verify element property value successfully

2023-10-16 14:13:30 - [MESSAGE][PASSED] - Verify element property value successfully

2023-10-16 14:13:30 - [TEST_STEP][PASSED] - verifyElementPropertyValue(getResponse, "groups[0].pricingPlans[0].visualElements[3].value", "billed every month"): Verify element property value successfully

2023-10-16 14:13:30 - [MESSAGE][PASSED] - Verify element property value successfully

2023-10-16 14:13:30 - [TEST_STEP][PASSED] - verifyElementPropertyValue(getResponse, "groups[0].pricingPlans[0].visualElements[6].key", "show_payment_logo"): Verify element property value successfully

2023-10-16 14:13:30 - [MESSAGE][PASSED] - Verify element property value successfully

2023-10-16 14:13:30 - [TEST_STEP][PASSED] - verifyElementPropertyValue(getResponse, "groups[0].pricingPlans[0].visualElements[6].value", "true"): Verify element property value successfully

2023-10-16 14:13:30 - [MESSAGE][PASSED] - Verify element property value successfully

2023-10-16 14:13:30 - [TEST_STEP][PASSED] - verifyElementPropertyValue(getResponse, "groups[0].pricingPlans[0].visualElements[8].key", "price"): Verify element property value successfully

2023-10-16 14:13:30 - [MESSAGE][PASSED] - Verify element property value successfully

2023-10-16 14:13:30 - [TEST_STEP][PASSED] - verifyElementPropertyValue(getResponse, "groups[0].pricingPlans[0].visualElements[8].value", "33.9"): Verify element property value successfully

2023-10-16 14:13:30 - [MESSAGE][PASSED] - Verify element property value successfully

2023-10-16 14:13:30 - [TEST_STEP][PASSED] - verifyElementPropertyValue(getResponse, "groups[0].pricingPlans[0].visualElements[9].key", "currency"): Verify element property value successfully

2023-10-16 14:13:30 - [MESSAGE][PASSED] - Verify element property value successfully

2023-10-16 14:13:30 - [TEST_STEP][PASSED] - verifyElementPropertyValue(getResponse, "groups[0].pricingPlans[0].visualElements[9].value", "₪"): Verify element property value successfully

2023-10-16 14:13:30 - [MESSAGE][PASSED] - Verify element property value successfully

2023-10-16 14:13:30 - [TEST_STEP][PASSED] - verifyElementPropertyValue(getResponse, "groups[0].pricingPlans[0].visualElements[10].key", "duration"): Verify element property value successfully

2023-10-16 14:13:30 - [MESSAGE][PASSED] - Verify element property value successfully

2023-10-16 14:13:30 - [TEST_STEP][PASSED] - verifyElementPropertyValue(getResponse, "groups[0].pricingPlans[0].visualElements[10].value", "Monthly"): Verify element property value successfully

2023-10-16 14:13:30 - [MESSAGE][PASSED] - Verify element property value successfully

2023-10-16 14:13:30 - [TEST_STEP][PASSED] - verifyElementPropertyValue(getResponse, "groups[0].pricingPlans[0].order", "3"): Verify element property value successfully

2023-10-16 14:13:30 - [MESSAGE][PASSED] - Verify element property value successfully

2023-10-16 14:13:30 - [TEST_STEP][PASSED] - verifyElementPropertyValue(getResponse, "groups[0].pricingPlans[0].period", "monthly"): Verify element property value successfully

2023-10-16 14:13:30 - [MESSAGE][PASSED] - Verify element property value successfully

2023-10-16 14:13:30 - [TEST_STEP][PASSED] - verifyElementPropertyValue(getResponse, "groups[0].pricingPlans[0].price", "33.9"): Verify element property value successfully

2023-10-16 14:13:30 - [MESSAGE][PASSED] - Verify element property value successfully

2023-10-16 14:13:30 - [TEST_STEP][PASSED] - verifyElementPropertyValue(getResponse, "groups[0].pricingPlans[0].currency", "₪"): Verify element property value successfully

2023-10-16 14:13:30 - [MESSAGE][PASSED] - Verify element property value successfully

2023-10-16 14:13:30 - [TEST_STEP][PASSED] - verifyElementPropertyValue(getResponse, "groups[0].pricingPlans[0].pricingPlanData[0].productId", "PSE_B2C_SHAHID_VIP_SPORT_1M"): Verify element property value successfully

2023-10-16 14:13:30 - [MESSAGE][PASSED] - Verify element property value successfully

2023-10-16 14:13:30 - [TEST_STEP][PASSED] - verifyElementPropertyValue(getResponse, "groups[0].pricingPlans[0].pricingPlanData[0].subPricingPlanIds", "null"): Verify element property value successfully

2023-10-16 14:13:30 - [MESSAGE][PASSED] - Verify element property value successfully

2023-10-16 14:13:30 - [TEST_STEP][PASSED] - verifyElementPropertyValue(getResponse, "groups[0].pricingPlans[0].pricingPlanData[0].paymentMethod", "CREDIT_CARD"): Verify element property value successfully

2023-10-16 14:13:30 - [MESSAGE][PASSED] - Verify element property value successfully

2023-10-16 14:13:30 - [TEST_STEP][PASSED] - verifyElementPropertyValue(getResponse, "groups[0].pricingPlans[0].pricingPlanData[0].freeTrialEnabled", "false"): Verify element property value successfully

2023-10-16 14:13:30 - [MESSAGE][PASSED] - Verify element property value successfully

2023-10-16 14:13:30 - [TEST_STEP][PASSED] - verifyElementPropertyValue(getResponse, "groups[0].pricingPlans[0].pricingPlanData[0].visualElements[0].key", "title"): Verify element property value successfully

2023-10-16 14:13:30 - [MESSAGE][PASSED] - Verify element property value successfully

2023-10-16 14:13:30 - [TEST_STEP][PASSED] - verifyElementPropertyValue(getResponse, "groups[0].pricingPlans[0].pricingPlanData[0].visualElements[0].value", "Credit/Debit Card"): Verify element property value successfully

2023-10-16 14:13:30 - [MESSAGE][PASSED] - Verify element property value successfully

2023-10-16 14:13:30 - [TEST_STEP][PASSED] - verifyElementPropertyValue(getResponse, "groups[0].pricingPlans[0].pricingPlanData[0].visualElements[1].key", "CTA_text"): Verify element property value successfully

2023-10-16 14:13:30 - [MESSAGE][PASSED] - Verify element property value successfully

2023-10-16 14:13:30 - [TEST_STEP][PASSED] - verifyElementPropertyValue(getResponse, "groups[0].pricingPlans[0].pricingPlanData[0].visualElements[1].value", "Subscribe"): Verify element property value successfully

2023-10-16 14:13:30 - [MESSAGE][PASSED] - Verify element property value successfully

2023-10-16 14:13:30 - [TEST_STEP][PASSED] - verifyElementPropertyValue(getResponse, "groups[0].pricingPlans[0].pricingPlanData[0].visualElements[2].key", "logo"): Verify element property value successfully

2023-10-16 14:13:30 - [MESSAGE][PASSED] - Verify element property value successfully

2023-10-16 14:13:30 - [TEST_STEP][PASSED] - verifyElementPropertyValue(getResponse, "groups[0].pricingPlans[0].pricingPlanData[0].visualElements[2].value", "https://static.s3.shahid.mbc.net/widget-images/icons/iconCreditCard.png"): Verify element property value successfully

2023-10-16 14:13:30 - [MESSAGE][PASSED] - Verify element property value successfully

2023-10-16 14:13:30 - [TEST_STEP][PASSED] - verifyElementPropertyValue(getResponse, "groups[0].pricingPlans[0].pricingPlanData[0].priceLabel", "33.9"): Verify element property value successfully

2023-10-16 14:13:30 - [MESSAGE][PASSED] - Verify element property value successfully

2023-10-16 14:13:30 - [TEST_STEP][PASSED] - verifyElementPropertyValue(getResponse, "groups[0].pricingPlans[0].pricingPlanData[0].currencyLabel", "₪"): Verify element property value successfully

2023-10-16 14:13:30 - [MESSAGE][PASSED] - Verify element property value successfully

2023-10-16 14:13:30 - [TEST_STEP][PASSED] - verifyElementPropertyValue(getResponse, "groups[0].pricingPlans[1].featured", "false"): Verify element property value successfully

2023-10-16 14:13:30 - [MESSAGE][PASSED] - Verify element property value successfully

2023-10-16 14:13:30 - [TEST_STEP][PASSED] - verifyElementPropertyValue(getResponse, "groups[0].pricingPlans[1].packageId", "SHAHID_VIP_SPORT"): Verify element property value successfully

2023-10-16 14:13:30 - [MESSAGE][PASSED] - Verify element property value successfully

2023-10-16 14:13:30 - [TEST_STEP][PASSED] - verifyElementPropertyValue(getResponse, "groups[0].pricingPlans[1].catalogId", "SPORT"): Verify element property value successfully

2023-10-16 14:13:30 - [MESSAGE][PASSED] - Verify element property value successfully

2023-10-16 14:13:30 - [TEST_STEP][PASSED] - verifyElementPropertyValue(getResponse, "groups[0].pricingPlans[1].visualElements[0].key", "Header_1_text"): Verify element property value successfully

2023-10-16 14:13:30 - [MESSAGE][PASSED] - Verify element property value successfully

2023-10-16 14:13:30 - [TEST_STEP][PASSED] - verifyElementPropertyValue(getResponse, "groups[0].pricingPlans[1].visualElements[0].value", "Watch the most powerful series and movies exclusively without stopping"): Verify element property value successfully

2023-10-16 14:13:30 - [MESSAGE][PASSED] - Verify element property value successfully

2023-10-16 14:13:30 - [TEST_STEP][PASSED] - verifyElementPropertyValue(getResponse, "groups[0].pricingPlans[1].visualElements[1].key", "display_title"): Verify element property value successfully

2023-10-16 14:13:30 - [MESSAGE][PASSED] - Verify element property value successfully

2023-10-16 14:13:30 - [TEST_STEP][PASSED] - verifyElementPropertyValue(getResponse, "groups[0].pricingPlans[1].visualElements[1].value", "Annual Plan"): Verify element property value successfully

2023-10-16 14:13:30 - [MESSAGE][PASSED] - Verify element property value successfully

2023-10-16 14:13:30 - [TEST_STEP][PASSED] - verifyElementPropertyValue(getResponse, "groups[0].pricingPlans[1].visualElements[2].key", "tag_text"): Verify element property value successfully

2023-10-16 14:13:30 - [MESSAGE][PASSED] - Verify element property value successfully

2023-10-16 14:13:30 - [TEST_STEP][PASSED] - verifyElementPropertyValue(getResponse, "groups[0].pricingPlans[1].visualElements[2].value", "Save 15%"): Verify element property value successfully

2023-10-16 14:13:30 - [MESSAGE][PASSED] - Verify element property value successfully

2023-10-16 14:13:30 - [TEST_STEP][PASSED] - verifyElementPropertyValue(getResponse, "groups[0].pricingPlans[1].visualElements[3].key", "promo_text"): Verify element property value successfully

2023-10-16 14:13:30 - [MESSAGE][PASSED] - Verify element property value successfully

2023-10-16 14:13:30 - [TEST_STEP][PASSED] - verifyElementPropertyValue(getResponse, "groups[0].pricingPlans[1].visualElements[3].value", "28.74 ₪/ month"): Verify element property value successfully

2023-10-16 14:13:30 - [MESSAGE][PASSED] - Verify element property value successfully

2023-10-16 14:13:30 - [TEST_STEP][PASSED] - verifyElementPropertyValue(getResponse, "groups[0].pricingPlans[1].visualElements[4].key", "deduction_text"): Verify element property value successfully

2023-10-16 14:13:30 - [MESSAGE][PASSED] - Verify element property value successfully

2023-10-16 14:13:30 - [TEST_STEP][PASSED] - verifyElementPropertyValue(getResponse, "groups[0].pricingPlans[1].visualElements[4].value", "344.9 ₪ billed every year"): Verify element property value successfully

2023-10-16 14:13:30 - [MESSAGE][PASSED] - Verify element property value successfully

2023-10-16 14:13:30 - [TEST_STEP][PASSED] - verifyElementPropertyValue(getResponse, "groups[0].pricingPlans[1].visualElements[7].key", "show_payment_logo"): Verify element property value successfully

2023-10-16 14:13:30 - [MESSAGE][PASSED] - Verify element property value successfully

2023-10-16 14:13:30 - [TEST_STEP][PASSED] - verifyElementPropertyValue(getResponse, "groups[0].pricingPlans[1].visualElements[7].value", "true"): Verify element property value successfully

2023-10-16 14:13:30 - [MESSAGE][PASSED] - Verify element property value successfully

2023-10-16 14:13:30 - [TEST_STEP][PASSED] - verifyElementPropertyValue(getResponse, "groups[0].pricingPlans[1].visualElements[8].key", "show_tag"): Verify element property value successfully

2023-10-16 14:13:30 - [MESSAGE][PASSED] - Verify element property value successfully

2023-10-16 14:13:30 - [TEST_STEP][PASSED] - verifyElementPropertyValue(getResponse, "groups[0].pricingPlans[1].visualElements[8].value", "true"): Verify element property value successfully

2023-10-16 14:13:30 - [MESSAGE][PASSED] - Verify element property value successfully

2023-10-16 14:13:30 - [TEST_STEP][PASSED] - verifyElementPropertyValue(getResponse, "groups[0].pricingPlans[1].visualElements[10].key", "price"): Verify element property value successfully

2023-10-16 14:13:30 - [MESSAGE][PASSED] - Verify element property value successfully

2023-10-16 14:13:30 - [TEST_STEP][PASSED] - verifyElementPropertyValue(getResponse, "groups[0].pricingPlans[1].visualElements[10].value", "344.9"): Verify element property value successfully

2023-10-16 14:13:30 - [MESSAGE][PASSED] - Verify element property value successfully

2023-10-16 14:13:30 - [TEST_STEP][PASSED] - verifyElementPropertyValue(getResponse, "groups[0].pricingPlans[1].visualElements[11].key", "currency"): Verify element property value successfully

2023-10-16 14:13:30 - [MESSAGE][PASSED] - Verify element property value successfully

2023-10-16 14:13:30 - [TEST_STEP][PASSED] - verifyElementPropertyValue(getResponse, "groups[0].pricingPlans[1].visualElements[11].value", "₪"): Verify element property value successfully

2023-10-16 14:13:30 - [MESSAGE][PASSED] - Verify element property value successfully

2023-10-16 14:13:30 - [TEST_STEP][PASSED] - verifyElementPropertyValue(getResponse, "groups[0].pricingPlans[1].visualElements[12].key", "duration"): Verify element property value successfully

2023-10-16 14:13:30 - [MESSAGE][PASSED] - Verify element property value successfully

2023-10-16 14:13:30 - [TEST_STEP][PASSED] - verifyElementPropertyValue(getResponse, "groups[0].pricingPlans[1].visualElements[12].value", "yearly"): Verify element property value successfully

2023-10-16 14:13:30 - [MESSAGE][PASSED] - Verify element property value successfully

2023-10-16 14:13:30 - [TEST_STEP][PASSED] - verifyElementPropertyValue(getResponse, "groups[0].pricingPlans[1].order", "5"): Verify element property value successfully

2023-10-16 14:13:30 - [MESSAGE][PASSED] - Verify element property value successfully

2023-10-16 14:13:30 - [TEST_STEP][PASSED] - verifyElementPropertyValue(getResponse, "groups[0].pricingPlans[1].period", "yearly"): Verify element property value successfully

2023-10-16 14:13:30 - [MESSAGE][PASSED] - Verify element property value successfully

2023-10-16 14:13:30 - [TEST_STEP][PASSED] - verifyElementPropertyValue(getResponse, "groups[0].pricingPlans[1].price", "344.9"): Verify element property value successfully

2023-10-16 14:13:30 - [MESSAGE][PASSED] - Verify element property value successfully

2023-10-16 14:13:30 - [TEST_STEP][PASSED] - verifyElementPropertyValue(getResponse, "groups[0].pricingPlans[1].currency", "₪"): Verify element property value successfully

2023-10-16 14:13:30 - [MESSAGE][PASSED] - Verify element property value successfully

2023-10-16 14:13:30 - [TEST_STEP][PASSED] - verifyElementPropertyValue(getResponse, "groups[0].pricingPlans[1].pricingPlanData[0].productId", "PSE_B2C_SHAHID_VIP_SPORT_12M"): Verify element property value successfully

2023-10-16 14:13:30 - [MESSAGE][PASSED] - Verify element property value successfully

2023-10-16 14:13:30 - [TEST_STEP][PASSED] - verifyElementPropertyValue(getResponse, "groups[0].pricingPlans[1].pricingPlanData[0].subPricingPlanIds", "null"): Verify element property value successfully

2023-10-16 14:13:30 - [MESSAGE][PASSED] - Verify element property value successfully

2023-10-16 14:13:30 - [TEST_STEP][PASSED] - verifyElementPropertyValue(getResponse, "groups[0].pricingPlans[1].pricingPlanData[0].paymentMethod", "CREDIT_CARD"): Verify element property value successfully

2023-10-16 14:13:30 - [MESSAGE][PASSED] - Verify element property value successfully

2023-10-16 14:13:30 - [TEST_STEP][PASSED] - verifyElementPropertyValue(getResponse, "groups[0].pricingPlans[1].pricingPlanData[0].freeTrialEnabled", "false"): Verify element property value successfully

2023-10-16 14:13:30 - [MESSAGE][PASSED] - Verify element property value successfully

2023-10-16 14:13:30 - [TEST_STEP][PASSED] - verifyElementPropertyValue(getResponse, "groups[0].pricingPlans[1].pricingPlanData[0].visualElements[0].key", "title"): Verify element property value successfully

2023-10-16 14:13:30 - [MESSAGE][PASSED] - Verify element property value successfully

2023-10-16 14:13:30 - [TEST_STEP][PASSED] - verifyElementPropertyValue(getResponse, "groups[0].pricingPlans[1].pricingPlanData[0].visualElements[0].value", "Credit/Debit Card"): Verify element property value successfully

2023-10-16 14:13:30 - [MESSAGE][PASSED] - Verify element property value successfully

2023-10-16 14:13:30 - [TEST_STEP][PASSED] - verifyElementPropertyValue(getResponse, "groups[0].pricingPlans[1].pricingPlanData[0].visualElements[1].key", "CTA_text"): Verify element property value successfully

2023-10-16 14:13:30 - [MESSAGE][PASSED] - Verify element property value successfully

2023-10-16 14:13:30 - [TEST_STEP][PASSED] - verifyElementPropertyValue(getResponse, "groups[0].pricingPlans[1].pricingPlanData[0].visualElements[1].value", "Subscribe"): Verify element property value successfully

2023-10-16 14:13:30 - [MESSAGE][PASSED] - Verify element property value successfully

2023-10-16 14:13:30 - [TEST_STEP][PASSED] - verifyElementPropertyValue(getResponse, "groups[0].pricingPlans[1].pricingPlanData[0].visualElements[2].key", "logo"): Verify element property value successfully

2023-10-16 14:13:30 - [MESSAGE][PASSED] - Verify element property value successfully

2023-10-16 14:13:30 - [TEST_STEP][PASSED] - verifyElementPropertyValue(getResponse, "groups[0].pricingPlans[1].pricingPlanData[0].visualElements[2].value", "https://static.s3.shahid.mbc.net/widget-images/icons/iconCreditCard.png"): Verify element property value successfully

2023-10-16 14:13:30 - [MESSAGE][PASSED] - Verify element property value successfully

2023-10-16 14:13:30 - [TEST_STEP][PASSED] - verifyElementPropertyValue(getResponse, "groups[0].pricingPlans[1].pricingPlanData[0].priceLabel", "344.9"): Verify element property value successfully

2023-10-16 14:13:30 - [MESSAGE][PASSED] - Verify element property value successfully

2023-10-16 14:13:30 - [TEST_STEP][PASSED] - verifyElementPropertyValue(getResponse, "groups[0].pricingPlans[1].pricingPlanData[0].currencyLabel", "₪"): Verify element property value successfully

2023-10-16 14:13:30 - [MESSAGE][PASSED] - Verify element property value successfully

2023-10-16 14:13:30 - [TEST_STEP][PASSED] - verifyElementPropertyValue(getResponse, "groups[0].pricingPlans[1].pricingPlanData[0].allowedForAcquisition", "true"): Verify element property value successfully

2023-10-16 14:13:30 - [MESSAGE][PASSED] - Verify element property value successfully

2023-10-16 14:13:30 - [TEST_STEP][PASSED] - verifyElementPropertyValue(getResponse, "groups[0].pricingPlans[1].pricingPlanData[0].showIn[0]", "VERTICAL_MODE"): Verify element property value successfully

2023-10-16 14:13:30 - [MESSAGE][PASSED] - Verify element property value successfully

2023-10-16 14:13:30 - [TEST_STEP][PASSED] - verifyElementPropertyValue(getResponse, "groups[0].pricingPlans[1].pricingPlanData[0].showIn[1]", "HORIZONTAL_MODE"): Verify element property value successfully

2023-10-16 14:13:30 - [MESSAGE][PASSED] - Verify element property value successfully

2023-10-16 14:13:30 - [TEST_STEP][PASSED] - verifyElementPropertyValue(getResponse, "visualElements[0].key", "main_CTA_text_1"): Verify element property value successfully

2023-10-16 14:13:30 - [MESSAGE][PASSED] - Verify element property value successfully

2023-10-16 14:13:30 - [TEST_STEP][PASSED] - verifyElementPropertyValue(getResponse, "visualElements[0].value", "Watch the most powerful series and movies exclusively without stopping"): Verify element property value successfully

2023-10-16 14:13:30 - [MESSAGE][PASSED] - Verify element property value successfully

2023-10-16 14:13:30 - [TEST_STEP][PASSED] - verifyElementPropertyValue(getResponse, "visualElements[2].key", "main_disclaimer_text"): Verify element property value successfully

2023-10-16 14:13:30 - [MESSAGE][PASSED] - Verify element property value successfully

2023-10-16 14:13:30 - [TEST_STEP][PASSED] - verifyElementPropertyValue(getResponse, "visualElements[2].value", "Subscription fees may vary depending on the country, payment method, subscription package, added tax, currency conversion factor, and bank fees. Terms and conditions apply."): Verify element property value successfully

2023-10-16 14:13:30 - [MESSAGE][PASSED] - Verify element property value successfully

2023-10-16 14:13:30 - [TEST_STEP][PASSED] - verifyElementPropertyValue(getResponse, "visualElements[4].key", "display_type"): Verify element property value successfully

2023-10-16 14:13:30 - [MESSAGE][PASSED] - Verify element property value successfully

2023-10-16 14:13:30 - [TEST_STEP][PASSED] - verifyElementPropertyValue(getResponse, "visualElements[4].value", "vertical"): Verify element property value successfully

2023-10-16 14:13:30 - [MESSAGE][PASSED] - Verify element property value successfully

2023-10-16 14:13:30 - [TEST_STEP][PASSED] - verifyElementPropertyValue(getResponse, "pages[0].visualElements[0].key", "alternative_payment_title"): Verify element property value successfully

2023-10-16 14:13:31 - [MESSAGE][PASSED] - Verify element property value successfully

2023-10-16 14:13:31 - [TEST_STEP][PASSED] - verifyElementPropertyValue(getResponse, "pages[0].visualElements[0].value", "Or choose one of the following alternative methods"): Verify element property value successfully

2023-10-16 14:13:31 - [MESSAGE][PASSED] - Verify element property value successfully

2023-10-16 14:13:31 - [TEST_STEP][PASSED] - verifyElementPropertyValue(getResponse, "pages[0].visualElements[1].key", "label_text"): Verify element property value successfully

2023-10-16 14:13:31 - [MESSAGE][PASSED] - Verify element property value successfully

2023-10-16 14:13:31 - [TEST_STEP][FAILED] - verifyElementPropertyValue(getResponse, "pages[0].visualElements[1].value", "Other Payment Methods"): Expected element property value 'Other Payment Methods' is not equal with actual property value 'Other payment methods'

2023-10-16 14:13:31 - [MESSAGE][FAILED] - Expected element property value 'Other Payment Methods' is not equal with actual property value 'Other payment methods'

2023-10-16 14:13:31 - [TEST_STEP][PASSED] - verifyElementPropertyValue(getResponse, "pages[0].visualElements[3].key", "CTA_text"): Verify element property value successfully

2023-10-16 14:13:31 - [MESSAGE][PASSED] - Verify element property value successfully

2023-10-16 14:13:31 - [TEST_STEP][PASSED] - verifyElementPropertyValue(getResponse, "pages[0].visualElements[3].value", "Click here"): Verify element property value successfully

2023-10-16 14:13:31 - [MESSAGE][PASSED] - Verify element property value successfully

2023-10-16 14:13:31 - [TEST_STEP][PASSED] - verifyElementPropertyValue(getResponse, "pages[0].visualElements[4].key", "main_title"): Verify element property value successfully

2023-10-16 14:13:31 - [MESSAGE][PASSED] - Verify element property value successfully

2023-10-16 14:13:31 - [TEST_STEP][PASSED] - verifyElementPropertyValue(getResponse, "pages[0].visualElements[4].value", "Other Payment Methods"): Verify element property value successfully

2023-10-16 14:13:31 - [MESSAGE][PASSED] - Verify element property value successfully

2023-10-16 14:13:31 - [TEST_STEP][PASSED] - verifyElementPropertyValue(getResponse, "pages[0].visualElements[6].key", "alternative_payment_methods"): Verify element property value successfully

2023-10-16 14:13:31 - [MESSAGE][PASSED] - Verify element property value successfully

2023-10-16 14:13:31 - [TEST_STEP][PASSED] - verifyElementPropertyValue(getResponse, "pages[0].visualElements[6].value", "You can get Shahid voucher from any of the following retailers"): Verify element property value successfully

2023-10-16 14:13:31 - [MESSAGE][PASSED] - Verify element property value successfully

2023-10-16 14:13:31 - [TEST_STEP][PASSED] - verifyElementPropertyValue(getResponse, "defaultPackageId", "SHAHID_VIP"): Verify element property value successfully

2023-10-16 14:13:31 - [MESSAGE][PASSED] - Verify element property value successfully]]></system-out>
         <system-err><![CDATA[2023-10-16 14:13:27 - [TEST_CASE][FAILED] - Test Cases/WEB - CHROME/PSE PI/WEB_EN_getSubscriptionConfigForPSE_SPORT: Test Cases/WEB - CHROME/PSE PI/WEB_EN_getSubscriptionConfigForPSE_SPORT FAILED.
Reason:
com.kms.katalon.core.exception.StepFailedException: Expected element property value '30% Discount Offer' is not equal with actual property value '30% Discount Offer​'
	at com.kms.katalon.core.keyword.internal.KeywordMain.stepFailed(KeywordMain.groovy:39)
	at com.kms.katalon.core.webservice.keyword.builtin.VerifyElementPropertyValueKeyword$_verifyElementPropertyValue_closure1.doCall(VerifyElementPropertyValueKeyword.groovy:56)
	at com.kms.katalon.core.webservice.keyword.builtin.VerifyElementPropertyValueKeyword$_verifyElementPropertyValue_closure1.call(VerifyElementPropertyValueKeyword.groovy)
	at com.kms.katalon.core.keyword.internal.KeywordMain.runKeyword(KeywordMain.groovy:75)
	at com.kms.katalon.core.webservice.keyword.builtin.VerifyElementPropertyValueKeyword.verifyElementPropertyValue(VerifyElementPropertyValueKeyword.groovy:48)
	at com.kms.katalon.core.webservice.keyword.builtin.VerifyElementPropertyValueKeyword.execute(VerifyElementPropertyValueKeyword.groovy:43)
	at com.kms.katalon.core.keyword.internal.KeywordExecutor.executeKeywordForPlatform(KeywordExecutor.groovy:74)
	at com.kms.katalon.core.webservice.keyword.WSBuiltInKeywords.verifyElementPropertyValue(WSBuiltInKeywords.groovy:190)
	at com.kms.katalon.core.webservice.keyword.WSBuiltInKeywords$verifyElementPropertyValue$1.call(Unknown Source)
	at WEB_EN_getSubscriptionConfigForPSE_SPORT.run(WEB_EN_getSubscriptionConfigForPSE_SPORT:59)
	at com.kms.katalon.core.main.ScriptEngine.run(ScriptEngine.java:194)
	at com.kms.katalon.core.main.ScriptEngine.runScriptAsRawText(ScriptEngine.java:119)
	at com.kms.katalon.core.main.TestCaseExecutor.runScript(TestCaseExecutor.java:448)
	at com.kms.katalon.core.main.TestCaseExecutor.doExecute(TestCaseExecutor.java:439)
	at com.kms.katalon.core.main.TestCaseExecutor.processExecutionPhase(TestCaseExecutor.java:418)
	at com.kms.katalon.core.main.TestCaseExecutor.accessMainPhase(TestCaseExecutor.java:410)
	at com.kms.katalon.core.main.TestCaseExecutor.execute(TestCaseExecutor.java:285)
	at com.kms.katalon.core.common.CommonExecutor.accessTestCaseMainPhase(CommonExecutor.java:65)
	at com.kms.katalon.core.main.TestSuiteExecutor.accessTestSuiteMainPhase(TestSuiteExecutor.java:148)
	at com.kms.katalon.core.main.TestSuiteExecutor.execute(TestSuiteExecutor.java:106)
	at com.kms.katalon.core.main.TestCaseMain.startTestSuite(TestCaseMain.java:187)
	at com.kms.katalon.core.main.TestCaseMain$startTestSuite$0.call(Unknown Source)
	at TempTestSuite1697454207688.run(TempTestSuite1697454207688.groovy:36)]]></system-err>
      </testcase>
      <testcase name="Test Cases/WEB - CHROME/PSE PI/WEB_FR_getSubscriptionConfigForPSE_Ultimate" time="1.805" classname="Test Cases/WEB - CHROME/PSE PI/WEB_FR_getSubscriptionConfigForPSE_Ultimate" status="PASSED">
         <system-out><![CDATA[2023-10-16 14:13:31 - [TEST_CASE][PASSED] - Test Cases/WEB - CHROME/PSE PI/WEB_FR_getSubscriptionConfigForPSE_Ultimate: Test Cases/WEB - CHROME/PSE PI/WEB_FR_getSubscriptionConfigForPSE_Ultimate

2023-10-16 14:13:31 - [TEST_STEP][PASSED] - getResponse = config_files.getConfigFile.getConfig("WEB", "FR", "SHAHID_VIP_GEA_SPORT", "PS", "false"): config_files.getConfigFile.getConfig is PASSED

2023-10-16 14:13:32 - [MESSAGE][INFO] - HAR: /Users/admin/git/shahid-configuration/Reports/20231016_140310/WEB/PSE/20231016_140327/requests/main/3.har

2023-10-16 14:13:32 - [MESSAGE][PASSED] - Send request successfully

2023-10-16 14:13:32 - [MESSAGE][PASSED] - config_files.getConfigFile.getConfig is PASSED

2023-10-16 14:13:32 - [TEST_STEP][PASSED] - verifyResponseStatusCode(getResponse, 200): Verify response status code successfully

2023-10-16 14:13:32 - [MESSAGE][PASSED] - Verify response status code successfully

2023-10-16 14:13:32 - [TEST_STEP][PASSED] - verifyElementPropertyValue(getResponse, "country", "PSE"): Verify element property value successfully

2023-10-16 14:13:32 - [MESSAGE][PASSED] - Verify element property value successfully

2023-10-16 14:13:32 - [TEST_STEP][PASSED] - verifyElementPropertyValue(getResponse, "platform", "[WEB]"): Verify element property value successfully

2023-10-16 14:13:32 - [MESSAGE][PASSED] - Verify element property value successfully

2023-10-16 14:13:32 - [TEST_STEP][PASSED] - verifyElementPropertyValue(getResponse, "groups[0].pricingPlans[0].featured", "true"): Verify element property value successfully

2023-10-16 14:13:32 - [MESSAGE][PASSED] - Verify element property value successfully

2023-10-16 14:13:32 - [TEST_STEP][PASSED] - verifyElementPropertyValue(getResponse, "groups[0].pricingPlans[0].packageId", "SHAHID_VIP_GEA_SPORT"): Verify element property value successfully

2023-10-16 14:13:32 - [MESSAGE][PASSED] - Verify element property value successfully

2023-10-16 14:13:32 - [TEST_STEP][PASSED] - verifyElementPropertyValue(getResponse, "groups[0].pricingPlans[0].catalogId", "GEA"): Verify element property value successfully

2023-10-16 14:13:32 - [MESSAGE][PASSED] - Verify element property value successfully

2023-10-16 14:13:32 - [TEST_STEP][PASSED] - verifyElementPropertyValue(getResponse, "groups[0].pricingPlans[0].visualElements[0].key", "Header_1_text"): Verify element property value successfully

2023-10-16 14:13:32 - [MESSAGE][PASSED] - Verify element property value successfully

2023-10-16 14:13:32 - [TEST_STEP][PASSED] - verifyElementPropertyValue(getResponse, "groups[0].pricingPlans[0].visualElements[0].value", "Abonnez-vous dès maintenant et profitez de vos programmes sans publicité"): Verify element property value successfully

2023-10-16 14:13:32 - [MESSAGE][PASSED] - Verify element property value successfully

2023-10-16 14:13:32 - [TEST_STEP][PASSED] - verifyElementPropertyValue(getResponse, "groups[0].pricingPlans[0].visualElements[1].key", "display_title"): Verify element property value successfully

2023-10-16 14:13:32 - [MESSAGE][PASSED] - Verify element property value successfully

2023-10-16 14:13:32 - [TEST_STEP][PASSED] - verifyElementPropertyValue(getResponse, "groups[0].pricingPlans[0].visualElements[1].value", "Plan Mensuel"): Verify element property value successfully

2023-10-16 14:13:32 - [MESSAGE][PASSED] - Verify element property value successfully

2023-10-16 14:13:32 - [TEST_STEP][PASSED] - verifyElementPropertyValue(getResponse, "groups[0].pricingPlans[0].visualElements[3].key", "promo_text"): Verify element property value successfully

2023-10-16 14:13:32 - [MESSAGE][PASSED] - Verify element property value successfully

2023-10-16 14:13:32 - [TEST_STEP][PASSED] - verifyElementPropertyValue(getResponse, "groups[0].pricingPlans[0].visualElements[3].value", "42.9 ₪ / mois"): Verify element property value successfully

2023-10-16 14:13:32 - [MESSAGE][PASSED] - Verify element property value successfully

2023-10-16 14:13:32 - [TEST_STEP][PASSED] - verifyElementPropertyValue(getResponse, "groups[0].pricingPlans[0].visualElements[4].key", "deduction_text"): Verify element property value successfully

2023-10-16 14:13:32 - [MESSAGE][PASSED] - Verify element property value successfully

2023-10-16 14:13:32 - [TEST_STEP][PASSED] - verifyElementPropertyValue(getResponse, "groups[0].pricingPlans[0].visualElements[4].value", "facturation mensuelle"): Verify element property value successfully

2023-10-16 14:13:32 - [MESSAGE][PASSED] - Verify element property value successfully

2023-10-16 14:13:32 - [TEST_STEP][PASSED] - verifyElementPropertyValue(getResponse, "groups[0].pricingPlans[0].visualElements[7].key", "show_payment_logo"): Verify element property value successfully

2023-10-16 14:13:32 - [MESSAGE][PASSED] - Verify element property value successfully

2023-10-16 14:13:32 - [TEST_STEP][PASSED] - verifyElementPropertyValue(getResponse, "groups[0].pricingPlans[0].visualElements[7].value", "true"): Verify element property value successfully

2023-10-16 14:13:32 - [MESSAGE][PASSED] - Verify element property value successfully

2023-10-16 14:13:32 - [TEST_STEP][PASSED] - verifyElementPropertyValue(getResponse, "groups[0].pricingPlans[0].visualElements[8].key", "show_tag"): Verify element property value successfully

2023-10-16 14:13:32 - [MESSAGE][PASSED] - Verify element property value successfully

2023-10-16 14:13:32 - [TEST_STEP][PASSED] - verifyElementPropertyValue(getResponse, "groups[0].pricingPlans[0].visualElements[8].value", "false"): Verify element property value successfully

2023-10-16 14:13:32 - [MESSAGE][PASSED] - Verify element property value successfully

2023-10-16 14:13:32 - [TEST_STEP][PASSED] - verifyElementPropertyValue(getResponse, "groups[0].pricingPlans[0].visualElements[10].key", "price"): Verify element property value successfully

2023-10-16 14:13:32 - [MESSAGE][PASSED] - Verify element property value successfully

2023-10-16 14:13:32 - [TEST_STEP][PASSED] - verifyElementPropertyValue(getResponse, "groups[0].pricingPlans[0].visualElements[10].value", "42.9"): Verify element property value successfully

2023-10-16 14:13:32 - [MESSAGE][PASSED] - Verify element property value successfully

2023-10-16 14:13:32 - [TEST_STEP][PASSED] - verifyElementPropertyValue(getResponse, "groups[0].pricingPlans[0].visualElements[11].key", "currency"): Verify element property value successfully

2023-10-16 14:13:32 - [MESSAGE][PASSED] - Verify element property value successfully

2023-10-16 14:13:32 - [TEST_STEP][PASSED] - verifyElementPropertyValue(getResponse, "groups[0].pricingPlans[0].visualElements[11].value", "₪"): Verify element property value successfully

2023-10-16 14:13:32 - [MESSAGE][PASSED] - Verify element property value successfully

2023-10-16 14:13:32 - [TEST_STEP][PASSED] - verifyElementPropertyValue(getResponse, "groups[0].pricingPlans[0].visualElements[12].key", "duration"): Verify element property value successfully

2023-10-16 14:13:32 - [MESSAGE][PASSED] - Verify element property value successfully

2023-10-16 14:13:32 - [TEST_STEP][PASSED] - verifyElementPropertyValue(getResponse, "groups[0].pricingPlans[0].visualElements[12].value", "Mensuel"): Verify element property value successfully

2023-10-16 14:13:32 - [MESSAGE][PASSED] - Verify element property value successfully

2023-10-16 14:13:32 - [TEST_STEP][PASSED] - verifyElementPropertyValue(getResponse, "groups[0].pricingPlans[0].visualElements[13].key", "featured_tag_text"): Verify element property value successfully

2023-10-16 14:13:32 - [MESSAGE][PASSED] - Verify element property value successfully

2023-10-16 14:13:32 - [TEST_STEP][PASSED] - verifyElementPropertyValue(getResponse, "groups[0].pricingPlans[0].visualElements[13].value", "Le plus populaire"): Verify element property value successfully

2023-10-16 14:13:32 - [MESSAGE][PASSED] - Verify element property value successfully

2023-10-16 14:13:32 - [TEST_STEP][PASSED] - verifyElementPropertyValue(getResponse, "groups[0].pricingPlans[0].order", "9"): Verify element property value successfully

2023-10-16 14:13:32 - [MESSAGE][PASSED] - Verify element property value successfully

2023-10-16 14:13:32 - [TEST_STEP][PASSED] - verifyElementPropertyValue(getResponse, "groups[0].pricingPlans[0].period", "monthly"): Verify element property value successfully

2023-10-16 14:13:32 - [MESSAGE][PASSED] - Verify element property value successfully

2023-10-16 14:13:32 - [TEST_STEP][PASSED] - verifyElementPropertyValue(getResponse, "groups[0].pricingPlans[0].price", "42.9"): Verify element property value successfully

2023-10-16 14:13:32 - [MESSAGE][PASSED] - Verify element property value successfully

2023-10-16 14:13:32 - [TEST_STEP][PASSED] - verifyElementPropertyValue(getResponse, "groups[0].pricingPlans[0].currency", "₪"): Verify element property value successfully

2023-10-16 14:13:32 - [MESSAGE][PASSED] - Verify element property value successfully

2023-10-16 14:13:32 - [TEST_STEP][PASSED] - verifyElementPropertyValue(getResponse, "groups[0].pricingPlans[0].pricingPlanData[0].productId", "PSE_B2C_SHAHID_VIP_GEA_SPORT_1M"): Verify element property value successfully

2023-10-16 14:13:32 - [MESSAGE][PASSED] - Verify element property value successfully

2023-10-16 14:13:32 - [TEST_STEP][PASSED] - verifyElementPropertyValue(getResponse, "groups[0].pricingPlans[0].pricingPlanData[0].subPricingPlanIds", "null"): Verify element property value successfully

2023-10-16 14:13:32 - [MESSAGE][PASSED] - Verify element property value successfully

2023-10-16 14:13:32 - [TEST_STEP][PASSED] - verifyElementPropertyValue(getResponse, "groups[0].pricingPlans[0].pricingPlanData[0].paymentMethod", "CREDIT_CARD"): Verify element property value successfully

2023-10-16 14:13:32 - [MESSAGE][PASSED] - Verify element property value successfully

2023-10-16 14:13:32 - [TEST_STEP][PASSED] - verifyElementPropertyValue(getResponse, "groups[0].pricingPlans[0].pricingPlanData[0].freeTrialEnabled", "false"): Verify element property value successfully

2023-10-16 14:13:32 - [MESSAGE][PASSED] - Verify element property value successfully

2023-10-16 14:13:32 - [TEST_STEP][PASSED] - verifyElementPropertyValue(getResponse, "groups[0].pricingPlans[0].pricingPlanData[0].visualElements[0].key", "title"): Verify element property value successfully

2023-10-16 14:13:32 - [MESSAGE][PASSED] - Verify element property value successfully

2023-10-16 14:13:32 - [TEST_STEP][PASSED] - verifyElementPropertyValue(getResponse, "groups[0].pricingPlans[0].pricingPlanData[0].visualElements[0].value", "Carte de crédit/débit"): Verify element property value successfully

2023-10-16 14:13:32 - [MESSAGE][PASSED] - Verify element property value successfully

2023-10-16 14:13:32 - [TEST_STEP][PASSED] - verifyElementPropertyValue(getResponse, "groups[0].pricingPlans[0].pricingPlanData[0].visualElements[1].key", "CTA_text"): Verify element property value successfully

2023-10-16 14:13:32 - [MESSAGE][PASSED] - Verify element property value successfully

2023-10-16 14:13:32 - [TEST_STEP][PASSED] - verifyElementPropertyValue(getResponse, "groups[0].pricingPlans[0].pricingPlanData[0].visualElements[1].value", "S'abonner"): Verify element property value successfully

2023-10-16 14:13:32 - [MESSAGE][PASSED] - Verify element property value successfully

2023-10-16 14:13:32 - [TEST_STEP][PASSED] - verifyElementPropertyValue(getResponse, "groups[0].pricingPlans[0].pricingPlanData[0].visualElements[2].key", "logo"): Verify element property value successfully

2023-10-16 14:13:32 - [MESSAGE][PASSED] - Verify element property value successfully

2023-10-16 14:13:32 - [TEST_STEP][PASSED] - verifyElementPropertyValue(getResponse, "groups[0].pricingPlans[0].pricingPlanData[0].visualElements[2].value", "https://static.s3.shahid.mbc.net/widget-images/icons/iconCreditCard.png"): Verify element property value successfully

2023-10-16 14:13:32 - [MESSAGE][PASSED] - Verify element property value successfully

2023-10-16 14:13:32 - [TEST_STEP][PASSED] - verifyElementPropertyValue(getResponse, "groups[0].pricingPlans[0].pricingPlanData[0].priceLabel", "42.9"): Verify element property value successfully

2023-10-16 14:13:32 - [MESSAGE][PASSED] - Verify element property value successfully

2023-10-16 14:13:32 - [TEST_STEP][PASSED] - verifyElementPropertyValue(getResponse, "groups[0].pricingPlans[0].pricingPlanData[0].currencyLabel", "₪"): Verify element property value successfully

2023-10-16 14:13:32 - [MESSAGE][PASSED] - Verify element property value successfully

2023-10-16 14:13:32 - [TEST_STEP][PASSED] - verifyElementPropertyValue(getResponse, "groups[0].pricingPlans[0].pricingPlanData[0].allowedForAcquisition", "true"): Verify element property value successfully

2023-10-16 14:13:32 - [MESSAGE][PASSED] - Verify element property value successfully

2023-10-16 14:13:32 - [TEST_STEP][PASSED] - verifyElementPropertyValue(getResponse, "groups[0].pricingPlans[1].featured", "false"): Verify element property value successfully

2023-10-16 14:13:32 - [MESSAGE][PASSED] - Verify element property value successfully

2023-10-16 14:13:32 - [TEST_STEP][PASSED] - verifyElementPropertyValue(getResponse, "groups[0].pricingPlans[1].packageId", "SHAHID_VIP_GEA_SPORT"): Verify element property value successfully

2023-10-16 14:13:32 - [MESSAGE][PASSED] - Verify element property value successfully

2023-10-16 14:13:32 - [TEST_STEP][PASSED] - verifyElementPropertyValue(getResponse, "groups[0].pricingPlans[1].catalogId", "GEA"): Verify element property value successfully

2023-10-16 14:13:32 - [MESSAGE][PASSED] - Verify element property value successfully

2023-10-16 14:13:32 - [TEST_STEP][PASSED] - verifyElementPropertyValue(getResponse, "groups[0].pricingPlans[1].visualElements[0].key", "Header_1_text"): Verify element property value successfully

2023-10-16 14:13:32 - [MESSAGE][PASSED] - Verify element property value successfully

2023-10-16 14:13:32 - [TEST_STEP][PASSED] - verifyElementPropertyValue(getResponse, "groups[0].pricingPlans[1].visualElements[0].value", "Abonnez-vous dès maintenant et profitez de vos programmes sans publicité"): Verify element property value successfully

2023-10-16 14:13:32 - [MESSAGE][PASSED] - Verify element property value successfully

2023-10-16 14:13:32 - [TEST_STEP][PASSED] - verifyElementPropertyValue(getResponse, "groups[0].pricingPlans[1].visualElements[1].key", "display_title"): Verify element property value successfully

2023-10-16 14:13:32 - [MESSAGE][PASSED] - Verify element property value successfully

2023-10-16 14:13:32 - [TEST_STEP][PASSED] - verifyElementPropertyValue(getResponse, "groups[0].pricingPlans[1].visualElements[1].value", "Plan Annuel"): Verify element property value successfully

2023-10-16 14:13:32 - [MESSAGE][PASSED] - Verify element property value successfully

2023-10-16 14:13:32 - [TEST_STEP][PASSED] - verifyElementPropertyValue(getResponse, "groups[0].pricingPlans[1].visualElements[2].key", "tag_text"): Verify element property value successfully

2023-10-16 14:13:32 - [MESSAGE][PASSED] - Verify element property value successfully

2023-10-16 14:13:32 - [TEST_STEP][PASSED] - verifyElementPropertyValue(getResponse, "groups[0].pricingPlans[1].visualElements[2].value", "Économisez 12%"): Verify element property value successfully

2023-10-16 14:13:32 - [MESSAGE][PASSED] - Verify element property value successfully

2023-10-16 14:13:32 - [TEST_STEP][PASSED] - verifyElementPropertyValue(getResponse, "groups[0].pricingPlans[1].visualElements[3].key", "promo_text"): Verify element property value successfully

2023-10-16 14:13:32 - [MESSAGE][PASSED] - Verify element property value successfully

2023-10-16 14:13:32 - [TEST_STEP][PASSED] - verifyElementPropertyValue(getResponse, "groups[0].pricingPlans[1].visualElements[3].value", "37.9 ₪ / mois"): Verify element property value successfully

2023-10-16 14:13:32 - [MESSAGE][PASSED] - Verify element property value successfully

2023-10-16 14:13:32 - [TEST_STEP][PASSED] - verifyElementPropertyValue(getResponse, "groups[0].pricingPlans[1].visualElements[4].key", "deduction_text"): Verify element property value successfully

2023-10-16 14:13:32 - [MESSAGE][PASSED] - Verify element property value successfully

2023-10-16 14:13:32 - [TEST_STEP][PASSED] - verifyElementPropertyValue(getResponse, "groups[0].pricingPlans[1].visualElements[4].value", "454.9 ₪ facturés chaque année"): Verify element property value successfully

2023-10-16 14:13:32 - [MESSAGE][PASSED] - Verify element property value successfully

2023-10-16 14:13:32 - [TEST_STEP][PASSED] - verifyElementPropertyValue(getResponse, "groups[0].pricingPlans[1].visualElements[7].key", "show_payment_logo"): Verify element property value successfully

2023-10-16 14:13:32 - [MESSAGE][PASSED] - Verify element property value successfully

2023-10-16 14:13:32 - [TEST_STEP][PASSED] - verifyElementPropertyValue(getResponse, "groups[0].pricingPlans[1].visualElements[7].value", "true"): Verify element property value successfully

2023-10-16 14:13:32 - [MESSAGE][PASSED] - Verify element property value successfully

2023-10-16 14:13:32 - [TEST_STEP][PASSED] - verifyElementPropertyValue(getResponse, "groups[0].pricingPlans[1].visualElements[8].key", "show_tag"): Verify element property value successfully

2023-10-16 14:13:32 - [MESSAGE][PASSED] - Verify element property value successfully

2023-10-16 14:13:32 - [TEST_STEP][PASSED] - verifyElementPropertyValue(getResponse, "groups[0].pricingPlans[1].visualElements[8].value", "true"): Verify element property value successfully

2023-10-16 14:13:32 - [MESSAGE][PASSED] - Verify element property value successfully

2023-10-16 14:13:32 - [TEST_STEP][PASSED] - verifyElementPropertyValue(getResponse, "groups[0].pricingPlans[1].visualElements[10].key", "price"): Verify element property value successfully

2023-10-16 14:13:32 - [MESSAGE][PASSED] - Verify element property value successfully

2023-10-16 14:13:32 - [TEST_STEP][PASSED] - verifyElementPropertyValue(getResponse, "groups[0].pricingPlans[1].visualElements[10].value", "454.9"): Verify element property value successfully

2023-10-16 14:13:32 - [MESSAGE][PASSED] - Verify element property value successfully

2023-10-16 14:13:32 - [TEST_STEP][PASSED] - verifyElementPropertyValue(getResponse, "groups[0].pricingPlans[1].visualElements[11].key", "currency"): Verify element property value successfully

2023-10-16 14:13:32 - [MESSAGE][PASSED] - Verify element property value successfully

2023-10-16 14:13:32 - [TEST_STEP][PASSED] - verifyElementPropertyValue(getResponse, "groups[0].pricingPlans[1].visualElements[11].value", "₪"): Verify element property value successfully

2023-10-16 14:13:32 - [MESSAGE][PASSED] - Verify element property value successfully

2023-10-16 14:13:32 - [TEST_STEP][PASSED] - verifyElementPropertyValue(getResponse, "groups[0].pricingPlans[1].visualElements[12].key", "duration"): Verify element property value successfully

2023-10-16 14:13:32 - [MESSAGE][PASSED] - Verify element property value successfully

2023-10-16 14:13:32 - [TEST_STEP][PASSED] - verifyElementPropertyValue(getResponse, "groups[0].pricingPlans[1].visualElements[12].value", "Annuel"): Verify element property value successfully

2023-10-16 14:13:32 - [MESSAGE][PASSED] - Verify element property value successfully

2023-10-16 14:13:32 - [TEST_STEP][PASSED] - verifyElementPropertyValue(getResponse, "groups[0].pricingPlans[1].order", "11"): Verify element property value successfully

2023-10-16 14:13:32 - [MESSAGE][PASSED] - Verify element property value successfully

2023-10-16 14:13:32 - [TEST_STEP][PASSED] - verifyElementPropertyValue(getResponse, "groups[0].pricingPlans[1].period", "yearly"): Verify element property value successfully

2023-10-16 14:13:32 - [MESSAGE][PASSED] - Verify element property value successfully

2023-10-16 14:13:32 - [TEST_STEP][PASSED] - verifyElementPropertyValue(getResponse, "groups[0].pricingPlans[1].price", "454.9"): Verify element property value successfully

2023-10-16 14:13:32 - [MESSAGE][PASSED] - Verify element property value successfully

2023-10-16 14:13:32 - [TEST_STEP][PASSED] - verifyElementPropertyValue(getResponse, "groups[0].pricingPlans[1].currency", "₪"): Verify element property value successfully

2023-10-16 14:13:32 - [MESSAGE][PASSED] - Verify element property value successfully

2023-10-16 14:13:32 - [TEST_STEP][PASSED] - verifyElementPropertyValue(getResponse, "groups[0].pricingPlans[1].pricingPlanData[0].productId", "PSE_B2C_SHAHID_VIP_GEA_SPORT_12M"): Verify element property value successfully

2023-10-16 14:13:32 - [MESSAGE][PASSED] - Verify element property value successfully

2023-10-16 14:13:32 - [TEST_STEP][PASSED] - verifyElementPropertyValue(getResponse, "groups[0].pricingPlans[1].pricingPlanData[0].subPricingPlanIds", "null"): Verify element property value successfully

2023-10-16 14:13:32 - [MESSAGE][PASSED] - Verify element property value successfully

2023-10-16 14:13:32 - [TEST_STEP][PASSED] - verifyElementPropertyValue(getResponse, "groups[0].pricingPlans[1].pricingPlanData[0].paymentMethod", "CREDIT_CARD"): Verify element property value successfully

2023-10-16 14:13:32 - [MESSAGE][PASSED] - Verify element property value successfully

2023-10-16 14:13:32 - [TEST_STEP][PASSED] - verifyElementPropertyValue(getResponse, "groups[0].pricingPlans[1].pricingPlanData[0].freeTrialEnabled", "false"): Verify element property value successfully

2023-10-16 14:13:32 - [MESSAGE][PASSED] - Verify element property value successfully

2023-10-16 14:13:32 - [TEST_STEP][PASSED] - verifyElementPropertyValue(getResponse, "groups[0].pricingPlans[1].pricingPlanData[0].visualElements[0].key", "title"): Verify element property value successfully

2023-10-16 14:13:32 - [MESSAGE][PASSED] - Verify element property value successfully

2023-10-16 14:13:32 - [TEST_STEP][PASSED] - verifyElementPropertyValue(getResponse, "groups[0].pricingPlans[1].pricingPlanData[0].visualElements[0].value", "Carte de crédit/débit"): Verify element property value successfully

2023-10-16 14:13:32 - [MESSAGE][PASSED] - Verify element property value successfully

2023-10-16 14:13:32 - [TEST_STEP][PASSED] - verifyElementPropertyValue(getResponse, "groups[0].pricingPlans[1].pricingPlanData[0].visualElements[1].key", "CTA_text"): Verify element property value successfully

2023-10-16 14:13:32 - [MESSAGE][PASSED] - Verify element property value successfully

2023-10-16 14:13:32 - [TEST_STEP][PASSED] - verifyElementPropertyValue(getResponse, "groups[0].pricingPlans[1].pricingPlanData[0].visualElements[1].value", "S'abonner"): Verify element property value successfully

2023-10-16 14:13:32 - [MESSAGE][PASSED] - Verify element property value successfully

2023-10-16 14:13:32 - [TEST_STEP][PASSED] - verifyElementPropertyValue(getResponse, "groups[0].pricingPlans[1].pricingPlanData[0].visualElements[2].key", "logo"): Verify element property value successfully

2023-10-16 14:13:32 - [MESSAGE][PASSED] - Verify element property value successfully

2023-10-16 14:13:32 - [TEST_STEP][PASSED] - verifyElementPropertyValue(getResponse, "groups[0].pricingPlans[1].pricingPlanData[0].visualElements[2].value", "https://static.s3.shahid.mbc.net/widget-images/icons/iconCreditCard.png"): Verify element property value successfully

2023-10-16 14:13:32 - [MESSAGE][PASSED] - Verify element property value successfully

2023-10-16 14:13:32 - [TEST_STEP][PASSED] - verifyElementPropertyValue(getResponse, "groups[0].pricingPlans[1].pricingPlanData[0].priceLabel", "454.9"): Verify element property value successfully

2023-10-16 14:13:32 - [MESSAGE][PASSED] - Verify element property value successfully

2023-10-16 14:13:32 - [TEST_STEP][PASSED] - verifyElementPropertyValue(getResponse, "groups[0].pricingPlans[1].pricingPlanData[0].currencyLabel", "₪"): Verify element property value successfully

2023-10-16 14:13:32 - [MESSAGE][PASSED] - Verify element property value successfully

2023-10-16 14:13:32 - [TEST_STEP][PASSED] - verifyElementPropertyValue(getResponse, "groups[0].pricingPlans[1].pricingPlanData[0].allowedForAcquisition", "true"): Verify element property value successfully

2023-10-16 14:13:32 - [MESSAGE][PASSED] - Verify element property value successfully

2023-10-16 14:13:32 - [TEST_STEP][PASSED] - verifyElementPropertyValue(getResponse, "groups[0].pricingPlans[1].pricingPlanData[0].showIn[0]", "VERTICAL_MODE"): Verify element property value successfully

2023-10-16 14:13:32 - [MESSAGE][PASSED] - Verify element property value successfully

2023-10-16 14:13:32 - [TEST_STEP][PASSED] - verifyElementPropertyValue(getResponse, "groups[0].pricingPlans[1].pricingPlanData[0].showIn[1]", "HORIZONTAL_MODE"): Verify element property value successfully

2023-10-16 14:13:32 - [MESSAGE][PASSED] - Verify element property value successfully

2023-10-16 14:13:32 - [TEST_STEP][PASSED] - verifyElementPropertyValue(getResponse, "visualElements[0].key", "main_CTA_text_1"): Verify element property value successfully

2023-10-16 14:13:32 - [MESSAGE][PASSED] - Verify element property value successfully

2023-10-16 14:13:32 - [TEST_STEP][PASSED] - verifyElementPropertyValue(getResponse, "visualElements[0].value", "Abonnez-vous dès maintenant et profitez de vos programmes sans publicité"): Verify element property value successfully

2023-10-16 14:13:32 - [MESSAGE][PASSED] - Verify element property value successfully

2023-10-16 14:13:32 - [TEST_STEP][PASSED] - verifyElementPropertyValue(getResponse, "visualElements[2].key", "main_disclaimer_text"): Verify element property value successfully

2023-10-16 14:13:32 - [MESSAGE][PASSED] - Verify element property value successfully

2023-10-16 14:13:32 - [TEST_STEP][PASSED] - verifyElementPropertyValue(getResponse, "visualElements[2].value", "Les frais d'abonnement peuvent varier selon le pays, le moyen de paiement, le forfait, les taxes, les taux de change et les frais bancaires. Les conditions générales d'utilisation s'appliquent."): Verify element property value successfully

2023-10-16 14:13:32 - [MESSAGE][PASSED] - Verify element property value successfully

2023-10-16 14:13:32 - [TEST_STEP][PASSED] - verifyElementPropertyValue(getResponse, "visualElements[4].key", "display_type"): Verify element property value successfully

2023-10-16 14:13:32 - [MESSAGE][PASSED] - Verify element property value successfully

2023-10-16 14:13:32 - [TEST_STEP][PASSED] - verifyElementPropertyValue(getResponse, "visualElements[4].value", "vertical"): Verify element property value successfully

2023-10-16 14:13:32 - [MESSAGE][PASSED] - Verify element property value successfully

2023-10-16 14:13:32 - [TEST_STEP][PASSED] - verifyElementPropertyValue(getResponse, "pages[0].visualElements[0].key", "alternative_payment_title"): Verify element property value successfully

2023-10-16 14:13:32 - [MESSAGE][PASSED] - Verify element property value successfully

2023-10-16 14:13:32 - [TEST_STEP][PASSED] - verifyElementPropertyValue(getResponse, "pages[0].visualElements[0].value", "Ou choisissez l'un des autres moyens de paiement suivants"): Verify element property value successfully

2023-10-16 14:13:32 - [MESSAGE][PASSED] - Verify element property value successfully

2023-10-16 14:13:32 - [TEST_STEP][PASSED] - verifyElementPropertyValue(getResponse, "pages[0].visualElements[1].key", "label_text"): Verify element property value successfully

2023-10-16 14:13:32 - [MESSAGE][PASSED] - Verify element property value successfully

2023-10-16 14:13:32 - [TEST_STEP][PASSED] - verifyElementPropertyValue(getResponse, "pages[0].visualElements[1].value", "Autres moyens de paiement"): Verify element property value successfully

2023-10-16 14:13:32 - [MESSAGE][PASSED] - Verify element property value successfully

2023-10-16 14:13:32 - [TEST_STEP][PASSED] - verifyElementPropertyValue(getResponse, "pages[0].visualElements[3].key", "CTA_text"): Verify element property value successfully

2023-10-16 14:13:32 - [MESSAGE][PASSED] - Verify element property value successfully

2023-10-16 14:13:32 - [TEST_STEP][PASSED] - verifyElementPropertyValue(getResponse, "pages[0].visualElements[3].value", "Cliquez ici"): Verify element property value successfully

2023-10-16 14:13:32 - [MESSAGE][PASSED] - Verify element property value successfully

2023-10-16 14:13:32 - [TEST_STEP][PASSED] - verifyElementPropertyValue(getResponse, "pages[0].visualElements[4].key", "main_title"): Verify element property value successfully

2023-10-16 14:13:32 - [MESSAGE][PASSED] - Verify element property value successfully

2023-10-16 14:13:32 - [TEST_STEP][PASSED] - verifyElementPropertyValue(getResponse, "pages[0].visualElements[4].value", "Autres moyens de paiement"): Verify element property value successfully

2023-10-16 14:13:32 - [MESSAGE][PASSED] - Verify element property value successfully

2023-10-16 14:13:32 - [TEST_STEP][PASSED] - verifyElementPropertyValue(getResponse, "pages[0].visualElements[6].key", "alternative_payment_methods"): Verify element property value successfully

2023-10-16 14:13:32 - [MESSAGE][PASSED] - Verify element property value successfully

2023-10-16 14:13:32 - [TEST_STEP][PASSED] - verifyElementPropertyValue(getResponse, "pages[0].visualElements[6].value", "Vous pouvez vous procurer un code promo Shahid auprès de l'un des points de vente suivants"): Verify element property value successfully

2023-10-16 14:13:32 - [MESSAGE][PASSED] - Verify element property value successfully

2023-10-16 14:13:32 - [TEST_STEP][PASSED] - verifyElementPropertyValue(getResponse, "defaultPackageId", "SHAHID_VIP"): Verify element property value successfully

2023-10-16 14:13:32 - [MESSAGE][PASSED] - Verify element property value successfully]]></system-out>
         <system-err><![CDATA[]]></system-err>
      </testcase>
      <testcase name="Test Cases/WEB - CHROME/PSE PI/WEB_AR_getSubscriptionConfigForPSE_SPORT" time="3.884" classname="Test Cases/WEB - CHROME/PSE PI/WEB_AR_getSubscriptionConfigForPSE_SPORT" status="PASSED">
         <system-out><![CDATA[2023-10-16 14:13:32 - [TEST_CASE][PASSED] - Test Cases/WEB - CHROME/PSE PI/WEB_AR_getSubscriptionConfigForPSE_SPORT: Test Cases/WEB - CHROME/PSE PI/WEB_AR_getSubscriptionConfigForPSE_SPORT

2023-10-16 14:13:33 - [TEST_STEP][PASSED] - getResponse = config_files.getConfigFile.getConfig("WEB", "AR", "SHAHID_VIP_SPORT", "PS", "false"): config_files.getConfigFile.getConfig is PASSED

2023-10-16 14:13:34 - [MESSAGE][INFO] - HAR: /Users/admin/git/shahid-configuration/Reports/20231016_140310/WEB/PSE/20231016_140327/requests/main/4.har

2023-10-16 14:13:34 - [MESSAGE][PASSED] - Send request successfully

2023-10-16 14:13:34 - [MESSAGE][PASSED] - config_files.getConfigFile.getConfig is PASSED

2023-10-16 14:13:34 - [TEST_STEP][PASSED] - verifyResponseStatusCode(getResponse, 200): Verify response status code successfully

2023-10-16 14:13:34 - [MESSAGE][PASSED] - Verify response status code successfully

2023-10-16 14:13:34 - [TEST_STEP][PASSED] - verifyElementPropertyValue(getResponse, "country", "PSE"): Verify element property value successfully

2023-10-16 14:13:34 - [MESSAGE][PASSED] - Verify element property value successfully

2023-10-16 14:13:34 - [TEST_STEP][PASSED] - verifyElementPropertyValue(getResponse, "platform", "[WEB]"): Verify element property value successfully

2023-10-16 14:13:34 - [MESSAGE][PASSED] - Verify element property value successfully

2023-10-16 14:13:34 - [TEST_STEP][PASSED] - verifyElementPropertyValue(getResponse, "offers[5].offerId", "winback-sport-30-offer"): Verify element property value successfully

2023-10-16 14:13:34 - [MESSAGE][PASSED] - Verify element property value successfully

2023-10-16 14:13:34 - [TEST_STEP][PASSED] - verifyElementPropertyValue(getResponse, "offers[5].offerParam", "sportsoffer30"): Verify element property value successfully

2023-10-16 14:13:34 - [MESSAGE][PASSED] - Verify element property value successfully

2023-10-16 14:13:34 - [TEST_STEP][PASSED] - verifyElementPropertyValue(getResponse, "offers[5].groups[0].pricingPlans[0].featured", "true"): Verify element property value successfully

2023-10-16 14:13:34 - [MESSAGE][PASSED] - Verify element property value successfully

2023-10-16 14:13:34 - [TEST_STEP][PASSED] - verifyElementPropertyValue(getResponse, "offers[5].groups[0].pricingPlans[0].period", "monthly"): Verify element property value successfully

2023-10-16 14:13:34 - [MESSAGE][PASSED] - Verify element property value successfully

2023-10-16 14:13:34 - [TEST_STEP][PASSED] - verifyElementPropertyValue(getResponse, "offers[5].groups[0].pricingPlans[0].featured", "true"): Verify element property value successfully

2023-10-16 14:13:34 - [MESSAGE][PASSED] - Verify element property value successfully

2023-10-16 14:13:34 - [TEST_STEP][PASSED] - verifyElementPropertyValue(getResponse, "offers[5].groups[0].pricingPlans[0].price", "23.9"): Verify element property value successfully

2023-10-16 14:13:34 - [MESSAGE][PASSED] - Verify element property value successfully

2023-10-16 14:13:34 - [TEST_STEP][PASSED] - verifyElementPropertyValue(getResponse, "offers[5].groups[0].pricingPlans[0].currency", "₪"): Verify element property value successfully

2023-10-16 14:13:34 - [MESSAGE][PASSED] - Verify element property value successfully

2023-10-16 14:13:34 - [TEST_STEP][PASSED] - verifyElementPropertyValue(getResponse, "offers[5].groups[0].pricingPlans[0].order", "0"): Verify element property value successfully

2023-10-16 14:13:34 - [MESSAGE][PASSED] - Verify element property value successfully

2023-10-16 14:13:34 - [TEST_STEP][PASSED] - verifyElementPropertyValue(getResponse, "offers[5].groups[0].pricingPlans[0].packageId", "SHAHID_VIP_SPORT"): Verify element property value successfully

2023-10-16 14:13:34 - [MESSAGE][PASSED] - Verify element property value successfully

2023-10-16 14:13:34 - [TEST_STEP][PASSED] - verifyElementPropertyValue(getResponse, "offers[5].groups[0].pricingPlans[0].catalogId", "SPORT"): Verify element property value successfully

2023-10-16 14:13:34 - [MESSAGE][PASSED] - Verify element property value successfully

2023-10-16 14:13:34 - [TEST_STEP][PASSED] - verifyElementPropertyValue(getResponse, "offers[5].groups[0].pricingPlans[0].visualElements[0].key", "Header_1_text"): Verify element property value successfully

2023-10-16 14:13:34 - [MESSAGE][PASSED] - Verify element property value successfully

2023-10-16 14:13:34 - [TEST_STEP][PASSED] - verifyElementPropertyValue(getResponse, "offers[5].groups[0].pricingPlans[0].visualElements[0].value", "شاهد أقوى المسلسلات و الأفلام حصرياً دون توقف"): Verify element property value successfully

2023-10-16 14:13:34 - [MESSAGE][PASSED] - Verify element property value successfully

2023-10-16 14:13:34 - [TEST_STEP][PASSED] - verifyElementPropertyValue(getResponse, "offers[5].groups[0].pricingPlans[0].visualElements[1].key", "display_title"): Verify element property value successfully

2023-10-16 14:13:34 - [MESSAGE][PASSED] - Verify element property value successfully

2023-10-16 14:13:34 - [TEST_STEP][PASSED] - verifyElementPropertyValue(getResponse, "offers[5].groups[0].pricingPlans[0].visualElements[1].value", "احصل على خصم 30%"): Verify element property value successfully

2023-10-16 14:13:34 - [MESSAGE][PASSED] - Verify element property value successfully

2023-10-16 14:13:34 - [TEST_STEP][PASSED] - verifyElementPropertyValue(getResponse, "offers[5].groups[0].pricingPlans[0].visualElements[3].key", "deduction_text"): Verify element property value successfully

2023-10-16 14:13:34 - [MESSAGE][PASSED] - Verify element property value successfully

2023-10-16 14:13:34 - [TEST_STEP][PASSED] - verifyElementPropertyValue(getResponse, "offers[5].groups[0].pricingPlans[0].visualElements[3].value", "تدفع شهرياً"): Verify element property value successfully

2023-10-16 14:13:34 - [MESSAGE][PASSED] - Verify element property value successfully

2023-10-16 14:13:34 - [TEST_STEP][PASSED] - verifyElementPropertyValue(getResponse, "offers[5].groups[0].pricingPlans[0].visualElements[6].key", "show_payment_logo"): Verify element property value successfully

2023-10-16 14:13:34 - [MESSAGE][PASSED] - Verify element property value successfully

2023-10-16 14:13:34 - [TEST_STEP][PASSED] - verifyElementPropertyValue(getResponse, "offers[5].groups[0].pricingPlans[0].visualElements[6].value", "true"): Verify element property value successfully

2023-10-16 14:13:34 - [MESSAGE][PASSED] - Verify element property value successfully

2023-10-16 14:13:34 - [TEST_STEP][PASSED] - verifyElementPropertyValue(getResponse, "offers[5].groups[0].pricingPlans[0].visualElements[8].key", "price"): Verify element property value successfully

2023-10-16 14:13:34 - [MESSAGE][PASSED] - Verify element property value successfully

2023-10-16 14:13:34 - [TEST_STEP][PASSED] - verifyElementPropertyValue(getResponse, "offers[5].groups[0].pricingPlans[0].visualElements[8].value", "23.9"): Verify element property value successfully

2023-10-16 14:13:34 - [MESSAGE][PASSED] - Verify element property value successfully

2023-10-16 14:13:34 - [TEST_STEP][PASSED] - verifyElementPropertyValue(getResponse, "offers[5].groups[0].pricingPlans[0].visualElements[9].key", "currency"): Verify element property value successfully

2023-10-16 14:13:34 - [MESSAGE][PASSED] - Verify element property value successfully

2023-10-16 14:13:34 - [TEST_STEP][PASSED] - verifyElementPropertyValue(getResponse, "offers[5].groups[0].pricingPlans[0].visualElements[9].value", "₪"): Verify element property value successfully

2023-10-16 14:13:34 - [MESSAGE][PASSED] - Verify element property value successfully

2023-10-16 14:13:34 - [TEST_STEP][PASSED] - verifyElementPropertyValue(getResponse, "offers[5].groups[0].pricingPlans[0].visualElements[10].key", "duration"): Verify element property value successfully

2023-10-16 14:13:35 - [MESSAGE][PASSED] - Verify element property value successfully

2023-10-16 14:13:35 - [TEST_STEP][PASSED] - verifyElementPropertyValue(getResponse, "offers[5].groups[0].pricingPlans[0].visualElements[10].value", "شهرياً"): Verify element property value successfully

2023-10-16 14:13:35 - [MESSAGE][PASSED] - Verify element property value successfully

2023-10-16 14:13:35 - [TEST_STEP][PASSED] - verifyElementPropertyValue(getResponse, "offers[5].groups[0].pricingPlans[0].visualElements[11].key", "featured_tag_text"): Verify element property value successfully

2023-10-16 14:13:35 - [MESSAGE][PASSED] - Verify element property value successfully

2023-10-16 14:13:35 - [TEST_STEP][PASSED] - verifyElementPropertyValue(getResponse, "offers[5].groups[0].pricingPlans[0].visualElements[11].value", "عرض لمدة محدودة"): Verify element property value successfully

2023-10-16 14:13:35 - [MESSAGE][PASSED] - Verify element property value successfully

2023-10-16 14:13:35 - [TEST_STEP][PASSED] - verifyElementPropertyValue(getResponse, "offers[5].groups[0].pricingPlans[0].visualElements[13].key", "tag_text"): Verify element property value successfully

2023-10-16 14:13:35 - [MESSAGE][PASSED] - Verify element property value successfully

2023-10-16 14:13:35 - [TEST_STEP][PASSED] - verifyElementPropertyValue(getResponse, "offers[5].groups[0].pricingPlans[0].visualElements[13].value", "وفر 30%"): Verify element property value successfully

2023-10-16 14:13:35 - [MESSAGE][PASSED] - Verify element property value successfully

2023-10-16 14:13:35 - [TEST_STEP][PASSED] - verifyElementPropertyValue(getResponse, "offers[5].groups[0].pricingPlans[0].visualElements[12].key", "show_tag"): Verify element property value successfully

2023-10-16 14:13:35 - [MESSAGE][PASSED] - Verify element property value successfully

2023-10-16 14:13:35 - [TEST_STEP][PASSED] - verifyElementPropertyValue(getResponse, "offers[5].groups[0].pricingPlans[0].visualElements[12].value", "true"): Verify element property value successfully

2023-10-16 14:13:35 - [MESSAGE][PASSED] - Verify element property value successfully

2023-10-16 14:13:35 - [TEST_STEP][PASSED] - verifyElementPropertyValue(getResponse, "offers[5].groups[0].pricingPlans[0].pricingPlanData[0].productId", "PSE_B2C_SHAHID_VIP_SPORT_1M"): Verify element property value successfully

2023-10-16 14:13:35 - [MESSAGE][PASSED] - Verify element property value successfully

2023-10-16 14:13:35 - [TEST_STEP][PASSED] - verifyElementPropertyValue(getResponse, "offers[5].groups[0].pricingPlans[0].pricingPlanData[0].paymentMethod", "CREDIT_CARD"): Verify element property value successfully

2023-10-16 14:13:35 - [MESSAGE][PASSED] - Verify element property value successfully

2023-10-16 14:13:35 - [TEST_STEP][PASSED] - verifyElementPropertyValue(getResponse, "offers[5].groups[0].pricingPlans[0].pricingPlanData[0].freeTrialEnabled", "false"): Verify element property value successfully

2023-10-16 14:13:35 - [MESSAGE][PASSED] - Verify element property value successfully

2023-10-16 14:13:35 - [TEST_STEP][PASSED] - verifyElementPropertyValue(getResponse, "offers[5].groups[0].pricingPlans[0].pricingPlanData[0].showIn[0]", "VERTICAL_MODE"): Verify element property value successfully

2023-10-16 14:13:35 - [MESSAGE][PASSED] - Verify element property value successfully

2023-10-16 14:13:35 - [TEST_STEP][PASSED] - verifyElementPropertyValue(getResponse, "offers[5].groups[0].pricingPlans[0].pricingPlanData[0].showIn[1]", "HORIZONTAL_MODE"): Verify element property value successfully

2023-10-16 14:13:35 - [MESSAGE][PASSED] - Verify element property value successfully

2023-10-16 14:13:35 - [TEST_STEP][PASSED] - verifyElementPropertyValue(getResponse, "offers[5].groups[0].pricingPlans[0].pricingPlanData[0].priceLabel", "23.9"): Verify element property value successfully

2023-10-16 14:13:35 - [MESSAGE][PASSED] - Verify element property value successfully

2023-10-16 14:13:35 - [TEST_STEP][PASSED] - verifyElementPropertyValue(getResponse, "offers[5].groups[0].pricingPlans[0].pricingPlanData[0].currencyLabel", "₪"): Verify element property value successfully

2023-10-16 14:13:35 - [MESSAGE][PASSED] - Verify element property value successfully

2023-10-16 14:13:35 - [TEST_STEP][PASSED] - verifyElementPropertyValue(getResponse, "offers[5].groups[0].pricingPlans[0].pricingPlanData[0].dealId", "WB_SPORT_30P_PSE"): Verify element property value successfully

2023-10-16 14:13:35 - [MESSAGE][PASSED] - Verify element property value successfully

2023-10-16 14:13:35 - [TEST_STEP][PASSED] - verifyElementPropertyValue(getResponse, "offers[5].groups[0].pricingPlans[0].pricingPlanData[0].allowedForAcquisition", "true"): Verify element property value successfully

2023-10-16 14:13:35 - [MESSAGE][PASSED] - Verify element property value successfully

2023-10-16 14:13:35 - [TEST_STEP][PASSED] - verifyElementPropertyValue(getResponse, "offers[5].groups[0].pricingPlans[0].pricingPlanData[0].visualElements[0].key", "title"): Verify element property value successfully

2023-10-16 14:13:35 - [MESSAGE][PASSED] - Verify element property value successfully

2023-10-16 14:13:35 - [TEST_STEP][PASSED] - verifyElementPropertyValue(getResponse, "offers[5].groups[0].pricingPlans[0].pricingPlanData[0].visualElements[0].value", "البطاقة المصرفية"): Verify element property value successfully

2023-10-16 14:13:35 - [MESSAGE][PASSED] - Verify element property value successfully

2023-10-16 14:13:35 - [TEST_STEP][PASSED] - verifyElementPropertyValue(getResponse, "offers[5].groups[0].pricingPlans[0].pricingPlanData[0].visualElements[1].key", "CTA_text"): Verify element property value successfully

2023-10-16 14:13:35 - [MESSAGE][PASSED] - Verify element property value successfully

2023-10-16 14:13:35 - [TEST_STEP][PASSED] - verifyElementPropertyValue(getResponse, "offers[5].groups[0].pricingPlans[0].pricingPlanData[0].visualElements[1].value", "اشترك"): Verify element property value successfully

2023-10-16 14:13:35 - [MESSAGE][PASSED] - Verify element property value successfully

2023-10-16 14:13:35 - [TEST_STEP][PASSED] - verifyElementPropertyValue(getResponse, "offers[5].groups[0].pricingPlans[0].pricingPlanData[0].visualElements[2].key", "logo"): Verify element property value successfully

2023-10-16 14:13:35 - [MESSAGE][PASSED] - Verify element property value successfully

2023-10-16 14:13:35 - [TEST_STEP][PASSED] - verifyElementPropertyValue(getResponse, "offers[5].groups[0].pricingPlans[0].pricingPlanData[0].visualElements[2].value", "https://static.s3.shahid.mbc.net/widget-images/icons/iconCreditCard.png"): Verify element property value successfully

2023-10-16 14:13:35 - [MESSAGE][PASSED] - Verify element property value successfully

2023-10-16 14:13:35 - [TEST_STEP][PASSED] - verifyElementPropertyValue(getResponse, "offers[6].offerId", "winback-sport-40-offer"): Verify element property value successfully

2023-10-16 14:13:35 - [MESSAGE][PASSED] - Verify element property value successfully

2023-10-16 14:13:35 - [TEST_STEP][PASSED] - verifyElementPropertyValue(getResponse, "offers[6].offerParam", "sportsoffer40"): Verify element property value successfully

2023-10-16 14:13:35 - [MESSAGE][PASSED] - Verify element property value successfully

2023-10-16 14:13:35 - [TEST_STEP][PASSED] - verifyElementPropertyValue(getResponse, "offers[6].groups[0].pricingPlans[0].featured", "true"): Verify element property value successfully

2023-10-16 14:13:35 - [MESSAGE][PASSED] - Verify element property value successfully

2023-10-16 14:13:35 - [TEST_STEP][PASSED] - verifyElementPropertyValue(getResponse, "offers[6].groups[0].pricingPlans[0].period", "monthly"): Verify element property value successfully

2023-10-16 14:13:35 - [MESSAGE][PASSED] - Verify element property value successfully

2023-10-16 14:13:35 - [TEST_STEP][PASSED] - verifyElementPropertyValue(getResponse, "offers[6].groups[0].pricingPlans[0].featured", "true"): Verify element property value successfully

2023-10-16 14:13:35 - [MESSAGE][PASSED] - Verify element property value successfully

2023-10-16 14:13:35 - [TEST_STEP][PASSED] - verifyElementPropertyValue(getResponse, "offers[6].groups[0].pricingPlans[0].price", "20.9"): Verify element property value successfully

2023-10-16 14:13:35 - [MESSAGE][PASSED] - Verify element property value successfully

2023-10-16 14:13:35 - [TEST_STEP][PASSED] - verifyElementPropertyValue(getResponse, "offers[6].groups[0].pricingPlans[0].currency", "₪"): Verify element property value successfully

2023-10-16 14:13:35 - [MESSAGE][PASSED] - Verify element property value successfully

2023-10-16 14:13:35 - [TEST_STEP][PASSED] - verifyElementPropertyValue(getResponse, "offers[6].groups[0].pricingPlans[0].order", "0"): Verify element property value successfully

2023-10-16 14:13:35 - [MESSAGE][PASSED] - Verify element property value successfully

2023-10-16 14:13:35 - [TEST_STEP][PASSED] - verifyElementPropertyValue(getResponse, "offers[6].groups[0].pricingPlans[0].packageId", "SHAHID_VIP_SPORT"): Verify element property value successfully

2023-10-16 14:13:35 - [MESSAGE][PASSED] - Verify element property value successfully

2023-10-16 14:13:35 - [TEST_STEP][PASSED] - verifyElementPropertyValue(getResponse, "offers[6].groups[0].pricingPlans[0].catalogId", "SPORT"): Verify element property value successfully

2023-10-16 14:13:35 - [MESSAGE][PASSED] - Verify element property value successfully

2023-10-16 14:13:35 - [TEST_STEP][PASSED] - verifyElementPropertyValue(getResponse, "offers[6].groups[0].pricingPlans[0].visualElements[0].key", "Header_1_text"): Verify element property value successfully

2023-10-16 14:13:35 - [MESSAGE][PASSED] - Verify element property value successfully

2023-10-16 14:13:35 - [TEST_STEP][PASSED] - verifyElementPropertyValue(getResponse, "offers[6].groups[0].pricingPlans[0].visualElements[0].value", "شاهد أقوى المسلسلات و الأفلام حصرياً دون توقف"): Verify element property value successfully

2023-10-16 14:13:35 - [MESSAGE][PASSED] - Verify element property value successfully

2023-10-16 14:13:35 - [TEST_STEP][PASSED] - verifyElementPropertyValue(getResponse, "offers[6].groups[0].pricingPlans[0].visualElements[1].key", "display_title"): Verify element property value successfully

2023-10-16 14:13:35 - [MESSAGE][PASSED] - Verify element property value successfully

2023-10-16 14:13:35 - [TEST_STEP][PASSED] - verifyElementPropertyValue(getResponse, "offers[6].groups[0].pricingPlans[0].visualElements[1].value", "احصل على خصم 40%"): Verify element property value successfully

2023-10-16 14:13:35 - [MESSAGE][PASSED] - Verify element property value successfully

2023-10-16 14:13:35 - [TEST_STEP][PASSED] - verifyElementPropertyValue(getResponse, "offers[6].groups[0].pricingPlans[0].visualElements[3].key", "deduction_text"): Verify element property value successfully

2023-10-16 14:13:35 - [MESSAGE][PASSED] - Verify element property value successfully

2023-10-16 14:13:35 - [TEST_STEP][PASSED] - verifyElementPropertyValue(getResponse, "offers[6].groups[0].pricingPlans[0].visualElements[3].value", "تدفع شهرياً"): Verify element property value successfully

2023-10-16 14:13:35 - [MESSAGE][PASSED] - Verify element property value successfully

2023-10-16 14:13:35 - [TEST_STEP][PASSED] - verifyElementPropertyValue(getResponse, "offers[6].groups[0].pricingPlans[0].visualElements[6].key", "show_payment_logo"): Verify element property value successfully

2023-10-16 14:13:35 - [MESSAGE][PASSED] - Verify element property value successfully

2023-10-16 14:13:35 - [TEST_STEP][PASSED] - verifyElementPropertyValue(getResponse, "offers[6].groups[0].pricingPlans[0].visualElements[6].value", "true"): Verify element property value successfully

2023-10-16 14:13:35 - [MESSAGE][PASSED] - Verify element property value successfully

2023-10-16 14:13:35 - [TEST_STEP][PASSED] - verifyElementPropertyValue(getResponse, "offers[6].groups[0].pricingPlans[0].visualElements[8].key", "price"): Verify element property value successfully

2023-10-16 14:13:35 - [MESSAGE][PASSED] - Verify element property value successfully

2023-10-16 14:13:35 - [TEST_STEP][PASSED] - verifyElementPropertyValue(getResponse, "offers[6].groups[0].pricingPlans[0].visualElements[8].value", "20.9"): Verify element property value successfully

2023-10-16 14:13:35 - [MESSAGE][PASSED] - Verify element property value successfully

2023-10-16 14:13:35 - [TEST_STEP][PASSED] - verifyElementPropertyValue(getResponse, "offers[6].groups[0].pricingPlans[0].visualElements[9].key", "currency"): Verify element property value successfully

2023-10-16 14:13:35 - [MESSAGE][PASSED] - Verify element property value successfully

2023-10-16 14:13:35 - [TEST_STEP][PASSED] - verifyElementPropertyValue(getResponse, "offers[6].groups[0].pricingPlans[0].visualElements[9].value", "₪"): Verify element property value successfully

2023-10-16 14:13:35 - [MESSAGE][PASSED] - Verify element property value successfully

2023-10-16 14:13:35 - [TEST_STEP][PASSED] - verifyElementPropertyValue(getResponse, "offers[6].groups[0].pricingPlans[0].visualElements[10].key", "duration"): Verify element property value successfully

2023-10-16 14:13:35 - [MESSAGE][PASSED] - Verify element property value successfully

2023-10-16 14:13:35 - [TEST_STEP][PASSED] - verifyElementPropertyValue(getResponse, "offers[6].groups[0].pricingPlans[0].visualElements[10].value", "شهرياً"): Verify element property value successfully

2023-10-16 14:13:35 - [MESSAGE][PASSED] - Verify element property value successfully

2023-10-16 14:13:35 - [TEST_STEP][PASSED] - verifyElementPropertyValue(getResponse, "offers[6].groups[0].pricingPlans[0].visualElements[11].key", "featured_tag_text"): Verify element property value successfully

2023-10-16 14:13:35 - [MESSAGE][PASSED] - Verify element property value successfully

2023-10-16 14:13:35 - [TEST_STEP][PASSED] - verifyElementPropertyValue(getResponse, "offers[6].groups[0].pricingPlans[0].visualElements[11].value", "عرض لمدة محدودة"): Verify element property value successfully

2023-10-16 14:13:35 - [MESSAGE][PASSED] - Verify element property value successfully

2023-10-16 14:13:35 - [TEST_STEP][PASSED] - verifyElementPropertyValue(getResponse, "offers[6].groups[0].pricingPlans[0].visualElements[13].key", "tag_text"): Verify element property value successfully

2023-10-16 14:13:35 - [MESSAGE][PASSED] - Verify element property value successfully

2023-10-16 14:13:35 - [TEST_STEP][PASSED] - verifyElementPropertyValue(getResponse, "offers[6].groups[0].pricingPlans[0].visualElements[13].value", "وفر 40%"): Verify element property value successfully

2023-10-16 14:13:35 - [MESSAGE][PASSED] - Verify element property value successfully

2023-10-16 14:13:35 - [TEST_STEP][PASSED] - verifyElementPropertyValue(getResponse, "offers[6].groups[0].pricingPlans[0].visualElements[12].key", "show_tag"): Verify element property value successfully

2023-10-16 14:13:35 - [MESSAGE][PASSED] - Verify element property value successfully

2023-10-16 14:13:35 - [TEST_STEP][PASSED] - verifyElementPropertyValue(getResponse, "offers[6].groups[0].pricingPlans[0].visualElements[12].value", "true"): Verify element property value successfully

2023-10-16 14:13:35 - [MESSAGE][PASSED] - Verify element property value successfully

2023-10-16 14:13:35 - [TEST_STEP][PASSED] - verifyElementPropertyValue(getResponse, "offers[6].groups[0].pricingPlans[0].pricingPlanData[0].productId", "PSE_B2C_SHAHID_VIP_SPORT_1M"): Verify element property value successfully

2023-10-16 14:13:35 - [MESSAGE][PASSED] - Verify element property value successfully

2023-10-16 14:13:35 - [TEST_STEP][PASSED] - verifyElementPropertyValue(getResponse, "offers[6].groups[0].pricingPlans[0].pricingPlanData[0].paymentMethod", "CREDIT_CARD"): Verify element property value successfully

2023-10-16 14:13:35 - [MESSAGE][PASSED] - Verify element property value successfully

2023-10-16 14:13:35 - [TEST_STEP][PASSED] - verifyElementPropertyValue(getResponse, "offers[6].groups[0].pricingPlans[0].pricingPlanData[0].freeTrialEnabled", "false"): Verify element property value successfully

2023-10-16 14:13:35 - [MESSAGE][PASSED] - Verify element property value successfully

2023-10-16 14:13:35 - [TEST_STEP][PASSED] - verifyElementPropertyValue(getResponse, "offers[6].groups[0].pricingPlans[0].pricingPlanData[0].showIn[0]", "VERTICAL_MODE"): Verify element property value successfully

2023-10-16 14:13:35 - [MESSAGE][PASSED] - Verify element property value successfully

2023-10-16 14:13:35 - [TEST_STEP][PASSED] - verifyElementPropertyValue(getResponse, "offers[6].groups[0].pricingPlans[0].pricingPlanData[0].showIn[1]", "HORIZONTAL_MODE"): Verify element property value successfully

2023-10-16 14:13:35 - [MESSAGE][PASSED] - Verify element property value successfully

2023-10-16 14:13:35 - [TEST_STEP][PASSED] - verifyElementPropertyValue(getResponse, "offers[6].groups[0].pricingPlans[0].pricingPlanData[0].priceLabel", "20.9"): Verify element property value successfully

2023-10-16 14:13:35 - [MESSAGE][PASSED] - Verify element property value successfully

2023-10-16 14:13:35 - [TEST_STEP][PASSED] - verifyElementPropertyValue(getResponse, "offers[6].groups[0].pricingPlans[0].pricingPlanData[0].currencyLabel", "₪"): Verify element property value successfully

2023-10-16 14:13:35 - [MESSAGE][PASSED] - Verify element property value successfully

2023-10-16 14:13:35 - [TEST_STEP][PASSED] - verifyElementPropertyValue(getResponse, "offers[6].groups[0].pricingPlans[0].pricingPlanData[0].dealId", "WB_SPORT_40P_PSE"): Verify element property value successfully

2023-10-16 14:13:35 - [MESSAGE][PASSED] - Verify element property value successfully

2023-10-16 14:13:35 - [TEST_STEP][PASSED] - verifyElementPropertyValue(getResponse, "offers[6].groups[0].pricingPlans[0].pricingPlanData[0].allowedForAcquisition", "true"): Verify element property value successfully

2023-10-16 14:13:35 - [MESSAGE][PASSED] - Verify element property value successfully

2023-10-16 14:13:35 - [TEST_STEP][PASSED] - verifyElementPropertyValue(getResponse, "offers[6].groups[0].pricingPlans[0].pricingPlanData[0].visualElements[0].key", "title"): Verify element property value successfully

2023-10-16 14:13:35 - [MESSAGE][PASSED] - Verify element property value successfully

2023-10-16 14:13:35 - [TEST_STEP][PASSED] - verifyElementPropertyValue(getResponse, "offers[6].groups[0].pricingPlans[0].pricingPlanData[0].visualElements[0].value", "البطاقة المصرفية"): Verify element property value successfully

2023-10-16 14:13:35 - [MESSAGE][PASSED] - Verify element property value successfully

2023-10-16 14:13:35 - [TEST_STEP][PASSED] - verifyElementPropertyValue(getResponse, "offers[6].groups[0].pricingPlans[0].pricingPlanData[0].visualElements[1].key", "CTA_text"): Verify element property value successfully

2023-10-16 14:13:35 - [MESSAGE][PASSED] - Verify element property value successfully

2023-10-16 14:13:35 - [TEST_STEP][PASSED] - verifyElementPropertyValue(getResponse, "offers[6].groups[0].pricingPlans[0].pricingPlanData[0].visualElements[1].value", "اشترك"): Verify element property value successfully

2023-10-16 14:13:35 - [MESSAGE][PASSED] - Verify element property value successfully

2023-10-16 14:13:35 - [TEST_STEP][PASSED] - verifyElementPropertyValue(getResponse, "offers[6].groups[0].pricingPlans[0].pricingPlanData[0].visualElements[2].key", "logo"): Verify element property value successfully

2023-10-16 14:13:35 - [MESSAGE][PASSED] - Verify element property value successfully

2023-10-16 14:13:35 - [TEST_STEP][PASSED] - verifyElementPropertyValue(getResponse, "offers[6].groups[0].pricingPlans[0].pricingPlanData[0].visualElements[2].value", "https://static.s3.shahid.mbc.net/widget-images/icons/iconCreditCard.png"): Verify element property value successfully

2023-10-16 14:13:35 - [MESSAGE][PASSED] - Verify element property value successfully

2023-10-16 14:13:35 - [TEST_STEP][PASSED] - verifyElementPropertyValue(getResponse, "offers[7].offerId", "winback-sport-50-offer"): Verify element property value successfully

2023-10-16 14:13:35 - [MESSAGE][PASSED] - Verify element property value successfully

2023-10-16 14:13:35 - [TEST_STEP][PASSED] - verifyElementPropertyValue(getResponse, "offers[7].offerParam", "sportsoffer50"): Verify element property value successfully

2023-10-16 14:13:35 - [MESSAGE][PASSED] - Verify element property value successfully

2023-10-16 14:13:35 - [TEST_STEP][PASSED] - verifyElementPropertyValue(getResponse, "offers[7].groups[0].pricingPlans[0].featured", "true"): Verify element property value successfully

2023-10-16 14:13:35 - [MESSAGE][PASSED] - Verify element property value successfully

2023-10-16 14:13:35 - [TEST_STEP][PASSED] - verifyElementPropertyValue(getResponse, "offers[7].groups[0].pricingPlans[0].period", "monthly"): Verify element property value successfully

2023-10-16 14:13:35 - [MESSAGE][PASSED] - Verify element property value successfully

2023-10-16 14:13:35 - [TEST_STEP][PASSED] - verifyElementPropertyValue(getResponse, "offers[7].groups[0].pricingPlans[0].featured", "true"): Verify element property value successfully

2023-10-16 14:13:35 - [MESSAGE][PASSED] - Verify element property value successfully

2023-10-16 14:13:35 - [TEST_STEP][PASSED] - verifyElementPropertyValue(getResponse, "offers[7].groups[0].pricingPlans[0].price", "16.9"): Verify element property value successfully

2023-10-16 14:13:35 - [MESSAGE][PASSED] - Verify element property value successfully

2023-10-16 14:13:35 - [TEST_STEP][PASSED] - verifyElementPropertyValue(getResponse, "offers[7].groups[0].pricingPlans[0].currency", "₪"): Verify element property value successfully

2023-10-16 14:13:35 - [MESSAGE][PASSED] - Verify element property value successfully

2023-10-16 14:13:35 - [TEST_STEP][PASSED] - verifyElementPropertyValue(getResponse, "offers[7].groups[0].pricingPlans[0].order", "0"): Verify element property value successfully

2023-10-16 14:13:35 - [MESSAGE][PASSED] - Verify element property value successfully

2023-10-16 14:13:35 - [TEST_STEP][PASSED] - verifyElementPropertyValue(getResponse, "offers[7].groups[0].pricingPlans[0].packageId", "SHAHID_VIP_SPORT"): Verify element property value successfully

2023-10-16 14:13:35 - [MESSAGE][PASSED] - Verify element property value successfully

2023-10-16 14:13:35 - [TEST_STEP][PASSED] - verifyElementPropertyValue(getResponse, "offers[7].groups[0].pricingPlans[0].catalogId", "SPORT"): Verify element property value successfully

2023-10-16 14:13:35 - [MESSAGE][PASSED] - Verify element property value successfully

2023-10-16 14:13:35 - [TEST_STEP][PASSED] - verifyElementPropertyValue(getResponse, "offers[7].groups[0].pricingPlans[0].visualElements[0].key", "Header_1_text"): Verify element property value successfully

2023-10-16 14:13:35 - [MESSAGE][PASSED] - Verify element property value successfully

2023-10-16 14:13:35 - [TEST_STEP][PASSED] - verifyElementPropertyValue(getResponse, "offers[7].groups[0].pricingPlans[0].visualElements[0].value", "شاهد أقوى المسلسلات و الأفلام حصرياً دون توقف"): Verify element property value successfully

2023-10-16 14:13:35 - [MESSAGE][PASSED] - Verify element property value successfully

2023-10-16 14:13:35 - [TEST_STEP][PASSED] - verifyElementPropertyValue(getResponse, "offers[7].groups[0].pricingPlans[0].visualElements[1].key", "display_title"): Verify element property value successfully

2023-10-16 14:13:35 - [MESSAGE][PASSED] - Verify element property value successfully

2023-10-16 14:13:35 - [TEST_STEP][PASSED] - verifyElementPropertyValue(getResponse, "offers[7].groups[0].pricingPlans[0].visualElements[1].value", "احصل على خصم 50%"): Verify element property value successfully

2023-10-16 14:13:35 - [MESSAGE][PASSED] - Verify element property value successfully

2023-10-16 14:13:35 - [TEST_STEP][PASSED] - verifyElementPropertyValue(getResponse, "offers[7].groups[0].pricingPlans[0].visualElements[3].key", "deduction_text"): Verify element property value successfully

2023-10-16 14:13:35 - [MESSAGE][PASSED] - Verify element property value successfully

2023-10-16 14:13:35 - [TEST_STEP][PASSED] - verifyElementPropertyValue(getResponse, "offers[7].groups[0].pricingPlans[0].visualElements[3].value", "تدفع شهرياً"): Verify element property value successfully

2023-10-16 14:13:35 - [MESSAGE][PASSED] - Verify element property value successfully

2023-10-16 14:13:35 - [TEST_STEP][PASSED] - verifyElementPropertyValue(getResponse, "offers[7].groups[0].pricingPlans[0].visualElements[6].key", "show_payment_logo"): Verify element property value successfully

2023-10-16 14:13:35 - [MESSAGE][PASSED] - Verify element property value successfully

2023-10-16 14:13:35 - [TEST_STEP][PASSED] - verifyElementPropertyValue(getResponse, "offers[7].groups[0].pricingPlans[0].visualElements[6].value", "true"): Verify element property value successfully

2023-10-16 14:13:35 - [MESSAGE][PASSED] - Verify element property value successfully

2023-10-16 14:13:35 - [TEST_STEP][PASSED] - verifyElementPropertyValue(getResponse, "offers[7].groups[0].pricingPlans[0].visualElements[8].key", "price"): Verify element property value successfully

2023-10-16 14:13:35 - [MESSAGE][PASSED] - Verify element property value successfully

2023-10-16 14:13:35 - [TEST_STEP][PASSED] - verifyElementPropertyValue(getResponse, "offers[7].groups[0].pricingPlans[0].visualElements[8].value", "16.9"): Verify element property value successfully

2023-10-16 14:13:35 - [MESSAGE][PASSED] - Verify element property value successfully

2023-10-16 14:13:35 - [TEST_STEP][PASSED] - verifyElementPropertyValue(getResponse, "offers[7].groups[0].pricingPlans[0].visualElements[9].key", "currency"): Verify element property value successfully

2023-10-16 14:13:35 - [MESSAGE][PASSED] - Verify element property value successfully

2023-10-16 14:13:35 - [TEST_STEP][PASSED] - verifyElementPropertyValue(getResponse, "offers[7].groups[0].pricingPlans[0].visualElements[9].value", "₪"): Verify element property value successfully

2023-10-16 14:13:35 - [MESSAGE][PASSED] - Verify element property value successfully

2023-10-16 14:13:35 - [TEST_STEP][PASSED] - verifyElementPropertyValue(getResponse, "offers[7].groups[0].pricingPlans[0].visualElements[10].key", "duration"): Verify element property value successfully

2023-10-16 14:13:35 - [MESSAGE][PASSED] - Verify element property value successfully

2023-10-16 14:13:35 - [TEST_STEP][PASSED] - verifyElementPropertyValue(getResponse, "offers[7].groups[0].pricingPlans[0].visualElements[10].value", "شهرياً"): Verify element property value successfully

2023-10-16 14:13:35 - [MESSAGE][PASSED] - Verify element property value successfully

2023-10-16 14:13:35 - [TEST_STEP][PASSED] - verifyElementPropertyValue(getResponse, "offers[7].groups[0].pricingPlans[0].visualElements[11].key", "featured_tag_text"): Verify element property value successfully

2023-10-16 14:13:35 - [MESSAGE][PASSED] - Verify element property value successfully

2023-10-16 14:13:35 - [TEST_STEP][PASSED] - verifyElementPropertyValue(getResponse, "offers[7].groups[0].pricingPlans[0].visualElements[11].value", "عرض لمدة محدودة"): Verify element property value successfully

2023-10-16 14:13:35 - [MESSAGE][PASSED] - Verify element property value successfully

2023-10-16 14:13:35 - [TEST_STEP][PASSED] - verifyElementPropertyValue(getResponse, "offers[7].groups[0].pricingPlans[0].visualElements[13].key", "tag_text"): Verify element property value successfully

2023-10-16 14:13:35 - [MESSAGE][PASSED] - Verify element property value successfully

2023-10-16 14:13:35 - [TEST_STEP][PASSED] - verifyElementPropertyValue(getResponse, "offers[7].groups[0].pricingPlans[0].visualElements[13].value", "وفر 50%"): Verify element property value successfully

2023-10-16 14:13:35 - [MESSAGE][PASSED] - Verify element property value successfully

2023-10-16 14:13:35 - [TEST_STEP][PASSED] - verifyElementPropertyValue(getResponse, "offers[7].groups[0].pricingPlans[0].visualElements[12].key", "show_tag"): Verify element property value successfully

2023-10-16 14:13:35 - [MESSAGE][PASSED] - Verify element property value successfully

2023-10-16 14:13:35 - [TEST_STEP][PASSED] - verifyElementPropertyValue(getResponse, "offers[7].groups[0].pricingPlans[0].visualElements[12].value", "true"): Verify element property value successfully

2023-10-16 14:13:35 - [MESSAGE][PASSED] - Verify element property value successfully

2023-10-16 14:13:35 - [TEST_STEP][PASSED] - verifyElementPropertyValue(getResponse, "offers[7].groups[0].pricingPlans[0].pricingPlanData[0].productId", "PSE_B2C_SHAHID_VIP_SPORT_1M"): Verify element property value successfully

2023-10-16 14:13:35 - [MESSAGE][PASSED] - Verify element property value successfully

2023-10-16 14:13:35 - [TEST_STEP][PASSED] - verifyElementPropertyValue(getResponse, "offers[7].groups[0].pricingPlans[0].pricingPlanData[0].paymentMethod", "CREDIT_CARD"): Verify element property value successfully

2023-10-16 14:13:35 - [MESSAGE][PASSED] - Verify element property value successfully

2023-10-16 14:13:35 - [TEST_STEP][PASSED] - verifyElementPropertyValue(getResponse, "offers[7].groups[0].pricingPlans[0].pricingPlanData[0].freeTrialEnabled", "false"): Verify element property value successfully

2023-10-16 14:13:35 - [MESSAGE][PASSED] - Verify element property value successfully

2023-10-16 14:13:35 - [TEST_STEP][PASSED] - verifyElementPropertyValue(getResponse, "offers[7].groups[0].pricingPlans[0].pricingPlanData[0].showIn[0]", "VERTICAL_MODE"): Verify element property value successfully

2023-10-16 14:13:35 - [MESSAGE][PASSED] - Verify element property value successfully

2023-10-16 14:13:35 - [TEST_STEP][PASSED] - verifyElementPropertyValue(getResponse, "offers[7].groups[0].pricingPlans[0].pricingPlanData[0].showIn[1]", "HORIZONTAL_MODE"): Verify element property value successfully

2023-10-16 14:13:35 - [MESSAGE][PASSED] - Verify element property value successfully

2023-10-16 14:13:35 - [TEST_STEP][PASSED] - verifyElementPropertyValue(getResponse, "offers[7].groups[0].pricingPlans[0].pricingPlanData[0].priceLabel", "16.9"): Verify element property value successfully

2023-10-16 14:13:35 - [MESSAGE][PASSED] - Verify element property value successfully

2023-10-16 14:13:35 - [TEST_STEP][PASSED] - verifyElementPropertyValue(getResponse, "offers[7].groups[0].pricingPlans[0].pricingPlanData[0].currencyLabel", "₪"): Verify element property value successfully

2023-10-16 14:13:35 - [MESSAGE][PASSED] - Verify element property value successfully

2023-10-16 14:13:35 - [TEST_STEP][PASSED] - verifyElementPropertyValue(getResponse, "offers[7].groups[0].pricingPlans[0].pricingPlanData[0].dealId", "WB_SPORT_50P_PSE"): Verify element property value successfully

2023-10-16 14:13:35 - [MESSAGE][PASSED] - Verify element property value successfully

2023-10-16 14:13:35 - [TEST_STEP][PASSED] - verifyElementPropertyValue(getResponse, "offers[7].groups[0].pricingPlans[0].pricingPlanData[0].allowedForAcquisition", "true"): Verify element property value successfully

2023-10-16 14:13:35 - [MESSAGE][PASSED] - Verify element property value successfully

2023-10-16 14:13:35 - [TEST_STEP][PASSED] - verifyElementPropertyValue(getResponse, "offers[7].groups[0].pricingPlans[0].pricingPlanData[0].visualElements[0].key", "title"): Verify element property value successfully

2023-10-16 14:13:35 - [MESSAGE][PASSED] - Verify element property value successfully

2023-10-16 14:13:35 - [TEST_STEP][PASSED] - verifyElementPropertyValue(getResponse, "offers[7].groups[0].pricingPlans[0].pricingPlanData[0].visualElements[0].value", "البطاقة المصرفية"): Verify element property value successfully

2023-10-16 14:13:35 - [MESSAGE][PASSED] - Verify element property value successfully

2023-10-16 14:13:35 - [TEST_STEP][PASSED] - verifyElementPropertyValue(getResponse, "offers[7].groups[0].pricingPlans[0].pricingPlanData[0].visualElements[1].key", "CTA_text"): Verify element property value successfully

2023-10-16 14:13:35 - [MESSAGE][PASSED] - Verify element property value successfully

2023-10-16 14:13:35 - [TEST_STEP][PASSED] - verifyElementPropertyValue(getResponse, "offers[7].groups[0].pricingPlans[0].pricingPlanData[0].visualElements[1].value", "اشترك"): Verify element property value successfully

2023-10-16 14:13:35 - [MESSAGE][PASSED] - Verify element property value successfully

2023-10-16 14:13:35 - [TEST_STEP][PASSED] - verifyElementPropertyValue(getResponse, "offers[7].groups[0].pricingPlans[0].pricingPlanData[0].visualElements[2].key", "logo"): Verify element property value successfully

2023-10-16 14:13:35 - [MESSAGE][PASSED] - Verify element property value successfully

2023-10-16 14:13:35 - [TEST_STEP][PASSED] - verifyElementPropertyValue(getResponse, "offers[7].groups[0].pricingPlans[0].pricingPlanData[0].visualElements[2].value", "https://static.s3.shahid.mbc.net/widget-images/icons/iconCreditCard.png"): Verify element property value successfully

2023-10-16 14:13:36 - [MESSAGE][PASSED] - Verify element property value successfully

2023-10-16 14:13:36 - [TEST_STEP][PASSED] - verifyElementPropertyValue(getResponse, "groups[0].pricingPlans[0].featured", "true"): Verify element property value successfully

2023-10-16 14:13:36 - [MESSAGE][PASSED] - Verify element property value successfully

2023-10-16 14:13:36 - [TEST_STEP][PASSED] - verifyElementPropertyValue(getResponse, "groups[0].pricingPlans[0].packageId", "SHAHID_VIP_SPORT"): Verify element property value successfully

2023-10-16 14:13:36 - [MESSAGE][PASSED] - Verify element property value successfully

2023-10-16 14:13:36 - [TEST_STEP][PASSED] - verifyElementPropertyValue(getResponse, "groups[0].pricingPlans[0].catalogId", "SPORT"): Verify element property value successfully

2023-10-16 14:13:36 - [MESSAGE][PASSED] - Verify element property value successfully

2023-10-16 14:13:36 - [TEST_STEP][PASSED] - verifyElementPropertyValue(getResponse, "groups[0].pricingPlans[0].visualElements[0].key", "Header_1_text"): Verify element property value successfully

2023-10-16 14:13:36 - [MESSAGE][PASSED] - Verify element property value successfully

2023-10-16 14:13:36 - [TEST_STEP][PASSED] - verifyElementPropertyValue(getResponse, "groups[0].pricingPlans[0].visualElements[0].value", "شاهد أقوى المسلسلات و الأفلام حصرياً دون توقف"): Verify element property value successfully

2023-10-16 14:13:36 - [MESSAGE][PASSED] - Verify element property value successfully

2023-10-16 14:13:36 - [TEST_STEP][PASSED] - verifyElementPropertyValue(getResponse, "groups[0].pricingPlans[0].visualElements[1].key", "display_title"): Verify element property value successfully

2023-10-16 14:13:36 - [MESSAGE][PASSED] - Verify element property value successfully

2023-10-16 14:13:36 - [TEST_STEP][PASSED] - verifyElementPropertyValue(getResponse, "groups[0].pricingPlans[0].visualElements[1].value", "الاشتراك الشهري "): Verify element property value successfully

2023-10-16 14:13:36 - [MESSAGE][PASSED] - Verify element property value successfully

2023-10-16 14:13:36 - [TEST_STEP][PASSED] - verifyElementPropertyValue(getResponse, "groups[0].pricingPlans[0].visualElements[2].key", "promo_text"): Verify element property value successfully

2023-10-16 14:13:36 - [MESSAGE][PASSED] - Verify element property value successfully

2023-10-16 14:13:36 - [TEST_STEP][PASSED] - verifyElementPropertyValue(getResponse, "groups[0].pricingPlans[0].visualElements[2].value", "33.9 ₪ / شهرياً"): Verify element property value successfully

2023-10-16 14:13:36 - [MESSAGE][PASSED] - Verify element property value successfully

2023-10-16 14:13:36 - [TEST_STEP][PASSED] - verifyElementPropertyValue(getResponse, "groups[0].pricingPlans[0].visualElements[3].key", "deduction_text"): Verify element property value successfully

2023-10-16 14:13:36 - [MESSAGE][PASSED] - Verify element property value successfully

2023-10-16 14:13:36 - [TEST_STEP][PASSED] - verifyElementPropertyValue(getResponse, "groups[0].pricingPlans[0].visualElements[3].value", "تدفع شهرياً"): Verify element property value successfully

2023-10-16 14:13:36 - [MESSAGE][PASSED] - Verify element property value successfully

2023-10-16 14:13:36 - [TEST_STEP][PASSED] - verifyElementPropertyValue(getResponse, "groups[0].pricingPlans[0].visualElements[6].key", "show_payment_logo"): Verify element property value successfully

2023-10-16 14:13:36 - [MESSAGE][PASSED] - Verify element property value successfully

2023-10-16 14:13:36 - [TEST_STEP][PASSED] - verifyElementPropertyValue(getResponse, "groups[0].pricingPlans[0].visualElements[6].value", "true"): Verify element property value successfully

2023-10-16 14:13:36 - [MESSAGE][PASSED] - Verify element property value successfully

2023-10-16 14:13:36 - [TEST_STEP][PASSED] - verifyElementPropertyValue(getResponse, "groups[0].pricingPlans[0].visualElements[8].key", "price"): Verify element property value successfully

2023-10-16 14:13:36 - [MESSAGE][PASSED] - Verify element property value successfully

2023-10-16 14:13:36 - [TEST_STEP][PASSED] - verifyElementPropertyValue(getResponse, "groups[0].pricingPlans[0].visualElements[8].value", "33.9"): Verify element property value successfully

2023-10-16 14:13:36 - [MESSAGE][PASSED] - Verify element property value successfully

2023-10-16 14:13:36 - [TEST_STEP][PASSED] - verifyElementPropertyValue(getResponse, "groups[0].pricingPlans[0].visualElements[9].key", "currency"): Verify element property value successfully

2023-10-16 14:13:36 - [MESSAGE][PASSED] - Verify element property value successfully

2023-10-16 14:13:36 - [TEST_STEP][PASSED] - verifyElementPropertyValue(getResponse, "groups[0].pricingPlans[0].visualElements[9].value", "₪"): Verify element property value successfully

2023-10-16 14:13:36 - [MESSAGE][PASSED] - Verify element property value successfully

2023-10-16 14:13:36 - [TEST_STEP][PASSED] - verifyElementPropertyValue(getResponse, "groups[0].pricingPlans[0].visualElements[10].key", "duration"): Verify element property value successfully

2023-10-16 14:13:36 - [MESSAGE][PASSED] - Verify element property value successfully

2023-10-16 14:13:36 - [TEST_STEP][PASSED] - verifyElementPropertyValue(getResponse, "groups[0].pricingPlans[0].visualElements[10].value", "شهرياً"): Verify element property value successfully

2023-10-16 14:13:36 - [MESSAGE][PASSED] - Verify element property value successfully

2023-10-16 14:13:36 - [TEST_STEP][PASSED] - verifyElementPropertyValue(getResponse, "groups[0].pricingPlans[0].visualElements[11].key", "featured_tag_text"): Verify element property value successfully

2023-10-16 14:13:36 - [MESSAGE][PASSED] - Verify element property value successfully

2023-10-16 14:13:36 - [TEST_STEP][PASSED] - verifyElementPropertyValue(getResponse, "groups[0].pricingPlans[0].visualElements[11].value", "الأكثر مبيعاً"): Verify element property value successfully

2023-10-16 14:13:36 - [MESSAGE][PASSED] - Verify element property value successfully

2023-10-16 14:13:36 - [TEST_STEP][PASSED] - verifyElementPropertyValue(getResponse, "groups[0].pricingPlans[0].order", "3"): Verify element property value successfully

2023-10-16 14:13:36 - [MESSAGE][PASSED] - Verify element property value successfully

2023-10-16 14:13:36 - [TEST_STEP][PASSED] - verifyElementPropertyValue(getResponse, "groups[0].pricingPlans[0].period", "monthly"): Verify element property value successfully

2023-10-16 14:13:36 - [MESSAGE][PASSED] - Verify element property value successfully

2023-10-16 14:13:36 - [TEST_STEP][PASSED] - verifyElementPropertyValue(getResponse, "groups[0].pricingPlans[0].price", "33.9"): Verify element property value successfully

2023-10-16 14:13:36 - [MESSAGE][PASSED] - Verify element property value successfully

2023-10-16 14:13:36 - [TEST_STEP][PASSED] - verifyElementPropertyValue(getResponse, "groups[0].pricingPlans[0].currency", "₪"): Verify element property value successfully

2023-10-16 14:13:36 - [MESSAGE][PASSED] - Verify element property value successfully

2023-10-16 14:13:36 - [TEST_STEP][PASSED] - verifyElementPropertyValue(getResponse, "groups[0].pricingPlans[0].pricingPlanData[0].productId", "PSE_B2C_SHAHID_VIP_SPORT_1M"): Verify element property value successfully

2023-10-16 14:13:36 - [MESSAGE][PASSED] - Verify element property value successfully

2023-10-16 14:13:36 - [TEST_STEP][PASSED] - verifyElementPropertyValue(getResponse, "groups[0].pricingPlans[0].pricingPlanData[0].subPricingPlanIds", "null"): Verify element property value successfully

2023-10-16 14:13:36 - [MESSAGE][PASSED] - Verify element property value successfully

2023-10-16 14:13:36 - [TEST_STEP][PASSED] - verifyElementPropertyValue(getResponse, "groups[0].pricingPlans[0].pricingPlanData[0].paymentMethod", "CREDIT_CARD"): Verify element property value successfully

2023-10-16 14:13:36 - [MESSAGE][PASSED] - Verify element property value successfully

2023-10-16 14:13:36 - [TEST_STEP][PASSED] - verifyElementPropertyValue(getResponse, "groups[0].pricingPlans[0].pricingPlanData[0].freeTrialEnabled", "false"): Verify element property value successfully

2023-10-16 14:13:36 - [MESSAGE][PASSED] - Verify element property value successfully

2023-10-16 14:13:36 - [TEST_STEP][PASSED] - verifyElementPropertyValue(getResponse, "groups[0].pricingPlans[0].pricingPlanData[0].visualElements[0].key", "title"): Verify element property value successfully

2023-10-16 14:13:36 - [MESSAGE][PASSED] - Verify element property value successfully

2023-10-16 14:13:36 - [TEST_STEP][PASSED] - verifyElementPropertyValue(getResponse, "groups[0].pricingPlans[0].pricingPlanData[0].visualElements[0].value", "البطاقة المصرفية"): Verify element property value successfully

2023-10-16 14:13:36 - [MESSAGE][PASSED] - Verify element property value successfully

2023-10-16 14:13:36 - [TEST_STEP][PASSED] - verifyElementPropertyValue(getResponse, "groups[0].pricingPlans[0].pricingPlanData[0].visualElements[1].key", "CTA_text"): Verify element property value successfully

2023-10-16 14:13:36 - [MESSAGE][PASSED] - Verify element property value successfully

2023-10-16 14:13:36 - [TEST_STEP][PASSED] - verifyElementPropertyValue(getResponse, "groups[0].pricingPlans[0].pricingPlanData[0].visualElements[1].value", "اشترك"): Verify element property value successfully

2023-10-16 14:13:36 - [MESSAGE][PASSED] - Verify element property value successfully

2023-10-16 14:13:36 - [TEST_STEP][PASSED] - verifyElementPropertyValue(getResponse, "groups[0].pricingPlans[0].pricingPlanData[0].visualElements[2].key", "logo"): Verify element property value successfully

2023-10-16 14:13:36 - [MESSAGE][PASSED] - Verify element property value successfully

2023-10-16 14:13:36 - [TEST_STEP][PASSED] - verifyElementPropertyValue(getResponse, "groups[0].pricingPlans[0].pricingPlanData[0].visualElements[2].value", "https://static.s3.shahid.mbc.net/widget-images/icons/iconCreditCard.png"): Verify element property value successfully

2023-10-16 14:13:36 - [MESSAGE][PASSED] - Verify element property value successfully

2023-10-16 14:13:36 - [TEST_STEP][PASSED] - verifyElementPropertyValue(getResponse, "groups[0].pricingPlans[0].pricingPlanData[0].priceLabel", "33.9"): Verify element property value successfully

2023-10-16 14:13:36 - [MESSAGE][PASSED] - Verify element property value successfully

2023-10-16 14:13:36 - [TEST_STEP][PASSED] - verifyElementPropertyValue(getResponse, "groups[0].pricingPlans[0].pricingPlanData[0].currencyLabel", "₪"): Verify element property value successfully

2023-10-16 14:13:36 - [MESSAGE][PASSED] - Verify element property value successfully

2023-10-16 14:13:36 - [TEST_STEP][PASSED] - verifyElementPropertyValue(getResponse, "groups[0].pricingPlans[1].featured", "false"): Verify element property value successfully

2023-10-16 14:13:36 - [MESSAGE][PASSED] - Verify element property value successfully

2023-10-16 14:13:36 - [TEST_STEP][PASSED] - verifyElementPropertyValue(getResponse, "groups[0].pricingPlans[1].packageId", "SHAHID_VIP_SPORT"): Verify element property value successfully

2023-10-16 14:13:36 - [MESSAGE][PASSED] - Verify element property value successfully

2023-10-16 14:13:36 - [TEST_STEP][PASSED] - verifyElementPropertyValue(getResponse, "groups[0].pricingPlans[1].catalogId", "SPORT"): Verify element property value successfully

2023-10-16 14:13:36 - [MESSAGE][PASSED] - Verify element property value successfully

2023-10-16 14:13:36 - [TEST_STEP][PASSED] - verifyElementPropertyValue(getResponse, "groups[0].pricingPlans[1].visualElements[0].key", "Header_1_text"): Verify element property value successfully

2023-10-16 14:13:36 - [MESSAGE][PASSED] - Verify element property value successfully

2023-10-16 14:13:36 - [TEST_STEP][PASSED] - verifyElementPropertyValue(getResponse, "groups[0].pricingPlans[1].visualElements[0].value", "شاهد أقوى المسلسلات و الأفلام حصرياً دون توقف"): Verify element property value successfully

2023-10-16 14:13:36 - [MESSAGE][PASSED] - Verify element property value successfully

2023-10-16 14:13:36 - [TEST_STEP][PASSED] - verifyElementPropertyValue(getResponse, "groups[0].pricingPlans[1].visualElements[1].key", "display_title"): Verify element property value successfully

2023-10-16 14:13:36 - [MESSAGE][PASSED] - Verify element property value successfully

2023-10-16 14:13:36 - [TEST_STEP][PASSED] - verifyElementPropertyValue(getResponse, "groups[0].pricingPlans[1].visualElements[1].value", "الاشتراك السنوي"): Verify element property value successfully

2023-10-16 14:13:36 - [MESSAGE][PASSED] - Verify element property value successfully

2023-10-16 14:13:36 - [TEST_STEP][PASSED] - verifyElementPropertyValue(getResponse, "groups[0].pricingPlans[1].visualElements[2].key", "tag_text"): Verify element property value successfully

2023-10-16 14:13:36 - [MESSAGE][PASSED] - Verify element property value successfully

2023-10-16 14:13:36 - [TEST_STEP][PASSED] - verifyElementPropertyValue(getResponse, "groups[0].pricingPlans[1].visualElements[2].value", "وفر15%"): Verify element property value successfully

2023-10-16 14:13:36 - [MESSAGE][PASSED] - Verify element property value successfully

2023-10-16 14:13:36 - [TEST_STEP][PASSED] - verifyElementPropertyValue(getResponse, "groups[0].pricingPlans[1].visualElements[3].key", "promo_text"): Verify element property value successfully

2023-10-16 14:13:36 - [MESSAGE][PASSED] - Verify element property value successfully

2023-10-16 14:13:36 - [TEST_STEP][PASSED] - verifyElementPropertyValue(getResponse, "groups[0].pricingPlans[1].visualElements[3].value", "28.74 ₪ / شهرياً"): Verify element property value successfully

2023-10-16 14:13:36 - [MESSAGE][PASSED] - Verify element property value successfully

2023-10-16 14:13:36 - [TEST_STEP][PASSED] - verifyElementPropertyValue(getResponse, "groups[0].pricingPlans[1].visualElements[4].key", "deduction_text"): Verify element property value successfully

2023-10-16 14:13:36 - [MESSAGE][PASSED] - Verify element property value successfully

2023-10-16 14:13:36 - [TEST_STEP][PASSED] - verifyElementPropertyValue(getResponse, "groups[0].pricingPlans[1].visualElements[4].value", " 344.9 ₪  تدفع سنوياً"): Verify element property value successfully

2023-10-16 14:13:36 - [MESSAGE][PASSED] - Verify element property value successfully

2023-10-16 14:13:36 - [TEST_STEP][PASSED] - verifyElementPropertyValue(getResponse, "groups[0].pricingPlans[1].visualElements[7].key", "show_payment_logo"): Verify element property value successfully

2023-10-16 14:13:36 - [MESSAGE][PASSED] - Verify element property value successfully

2023-10-16 14:13:36 - [TEST_STEP][PASSED] - verifyElementPropertyValue(getResponse, "groups[0].pricingPlans[1].visualElements[7].value", "true"): Verify element property value successfully

2023-10-16 14:13:36 - [MESSAGE][PASSED] - Verify element property value successfully

2023-10-16 14:13:36 - [TEST_STEP][PASSED] - verifyElementPropertyValue(getResponse, "groups[0].pricingPlans[1].visualElements[8].key", "show_tag"): Verify element property value successfully

2023-10-16 14:13:36 - [MESSAGE][PASSED] - Verify element property value successfully

2023-10-16 14:13:36 - [TEST_STEP][PASSED] - verifyElementPropertyValue(getResponse, "groups[0].pricingPlans[1].visualElements[8].value", "true"): Verify element property value successfully

2023-10-16 14:13:36 - [MESSAGE][PASSED] - Verify element property value successfully

2023-10-16 14:13:36 - [TEST_STEP][PASSED] - verifyElementPropertyValue(getResponse, "groups[0].pricingPlans[1].visualElements[10].key", "price"): Verify element property value successfully

2023-10-16 14:13:36 - [MESSAGE][PASSED] - Verify element property value successfully

2023-10-16 14:13:36 - [TEST_STEP][PASSED] - verifyElementPropertyValue(getResponse, "groups[0].pricingPlans[1].visualElements[10].value", "344.9"): Verify element property value successfully

2023-10-16 14:13:36 - [MESSAGE][PASSED] - Verify element property value successfully

2023-10-16 14:13:36 - [TEST_STEP][PASSED] - verifyElementPropertyValue(getResponse, "groups[0].pricingPlans[1].visualElements[11].key", "currency"): Verify element property value successfully

2023-10-16 14:13:36 - [MESSAGE][PASSED] - Verify element property value successfully

2023-10-16 14:13:36 - [TEST_STEP][PASSED] - verifyElementPropertyValue(getResponse, "groups[0].pricingPlans[1].visualElements[11].value", "₪"): Verify element property value successfully

2023-10-16 14:13:36 - [MESSAGE][PASSED] - Verify element property value successfully

2023-10-16 14:13:36 - [TEST_STEP][PASSED] - verifyElementPropertyValue(getResponse, "groups[0].pricingPlans[1].visualElements[12].key", "duration"): Verify element property value successfully

2023-10-16 14:13:36 - [MESSAGE][PASSED] - Verify element property value successfully

2023-10-16 14:13:36 - [TEST_STEP][PASSED] - verifyElementPropertyValue(getResponse, "groups[0].pricingPlans[1].visualElements[12].value", "سنوياً"): Verify element property value successfully

2023-10-16 14:13:36 - [MESSAGE][PASSED] - Verify element property value successfully

2023-10-16 14:13:36 - [TEST_STEP][PASSED] - verifyElementPropertyValue(getResponse, "groups[0].pricingPlans[1].order", "5"): Verify element property value successfully

2023-10-16 14:13:36 - [MESSAGE][PASSED] - Verify element property value successfully

2023-10-16 14:13:36 - [TEST_STEP][PASSED] - verifyElementPropertyValue(getResponse, "groups[0].pricingPlans[1].period", "yearly"): Verify element property value successfully

2023-10-16 14:13:36 - [MESSAGE][PASSED] - Verify element property value successfully

2023-10-16 14:13:36 - [TEST_STEP][PASSED] - verifyElementPropertyValue(getResponse, "groups[0].pricingPlans[1].price", "344.9"): Verify element property value successfully

2023-10-16 14:13:36 - [MESSAGE][PASSED] - Verify element property value successfully

2023-10-16 14:13:36 - [TEST_STEP][PASSED] - verifyElementPropertyValue(getResponse, "groups[0].pricingPlans[1].currency", "₪"): Verify element property value successfully

2023-10-16 14:13:36 - [MESSAGE][PASSED] - Verify element property value successfully

2023-10-16 14:13:36 - [TEST_STEP][PASSED] - verifyElementPropertyValue(getResponse, "groups[0].pricingPlans[1].pricingPlanData[0].productId", "PSE_B2C_SHAHID_VIP_SPORT_12M"): Verify element property value successfully

2023-10-16 14:13:36 - [MESSAGE][PASSED] - Verify element property value successfully

2023-10-16 14:13:36 - [TEST_STEP][PASSED] - verifyElementPropertyValue(getResponse, "groups[0].pricingPlans[1].pricingPlanData[0].subPricingPlanIds", "null"): Verify element property value successfully

2023-10-16 14:13:36 - [MESSAGE][PASSED] - Verify element property value successfully

2023-10-16 14:13:36 - [TEST_STEP][PASSED] - verifyElementPropertyValue(getResponse, "groups[0].pricingPlans[1].pricingPlanData[0].paymentMethod", "CREDIT_CARD"): Verify element property value successfully

2023-10-16 14:13:36 - [MESSAGE][PASSED] - Verify element property value successfully

2023-10-16 14:13:36 - [TEST_STEP][PASSED] - verifyElementPropertyValue(getResponse, "groups[0].pricingPlans[1].pricingPlanData[0].freeTrialEnabled", "false"): Verify element property value successfully

2023-10-16 14:13:36 - [MESSAGE][PASSED] - Verify element property value successfully

2023-10-16 14:13:36 - [TEST_STEP][PASSED] - verifyElementPropertyValue(getResponse, "groups[0].pricingPlans[1].pricingPlanData[0].visualElements[0].key", "title"): Verify element property value successfully

2023-10-16 14:13:36 - [MESSAGE][PASSED] - Verify element property value successfully

2023-10-16 14:13:36 - [TEST_STEP][PASSED] - verifyElementPropertyValue(getResponse, "groups[0].pricingPlans[1].pricingPlanData[0].visualElements[0].value", "البطاقة المصرفية"): Verify element property value successfully

2023-10-16 14:13:36 - [MESSAGE][PASSED] - Verify element property value successfully

2023-10-16 14:13:36 - [TEST_STEP][PASSED] - verifyElementPropertyValue(getResponse, "groups[0].pricingPlans[1].pricingPlanData[0].visualElements[1].key", "CTA_text"): Verify element property value successfully

2023-10-16 14:13:36 - [MESSAGE][PASSED] - Verify element property value successfully

2023-10-16 14:13:36 - [TEST_STEP][PASSED] - verifyElementPropertyValue(getResponse, "groups[0].pricingPlans[1].pricingPlanData[0].visualElements[1].value", "اشترك"): Verify element property value successfully

2023-10-16 14:13:36 - [MESSAGE][PASSED] - Verify element property value successfully

2023-10-16 14:13:36 - [TEST_STEP][PASSED] - verifyElementPropertyValue(getResponse, "groups[0].pricingPlans[1].pricingPlanData[0].visualElements[2].key", "logo"): Verify element property value successfully

2023-10-16 14:13:36 - [MESSAGE][PASSED] - Verify element property value successfully

2023-10-16 14:13:36 - [TEST_STEP][PASSED] - verifyElementPropertyValue(getResponse, "groups[0].pricingPlans[1].pricingPlanData[0].visualElements[2].value", "https://static.s3.shahid.mbc.net/widget-images/icons/iconCreditCard.png"): Verify element property value successfully

2023-10-16 14:13:36 - [MESSAGE][PASSED] - Verify element property value successfully

2023-10-16 14:13:36 - [TEST_STEP][PASSED] - verifyElementPropertyValue(getResponse, "groups[0].pricingPlans[1].pricingPlanData[0].priceLabel", "344.9"): Verify element property value successfully

2023-10-16 14:13:36 - [MESSAGE][PASSED] - Verify element property value successfully

2023-10-16 14:13:36 - [TEST_STEP][PASSED] - verifyElementPropertyValue(getResponse, "groups[0].pricingPlans[1].pricingPlanData[0].currencyLabel", "₪"): Verify element property value successfully

2023-10-16 14:13:36 - [MESSAGE][PASSED] - Verify element property value successfully

2023-10-16 14:13:36 - [TEST_STEP][PASSED] - verifyElementPropertyValue(getResponse, "groups[0].pricingPlans[1].pricingPlanData[0].allowedForAcquisition", "true"): Verify element property value successfully

2023-10-16 14:13:36 - [MESSAGE][PASSED] - Verify element property value successfully

2023-10-16 14:13:36 - [TEST_STEP][PASSED] - verifyElementPropertyValue(getResponse, "groups[0].pricingPlans[1].pricingPlanData[0].showIn[0]", "VERTICAL_MODE"): Verify element property value successfully

2023-10-16 14:13:36 - [MESSAGE][PASSED] - Verify element property value successfully

2023-10-16 14:13:36 - [TEST_STEP][PASSED] - verifyElementPropertyValue(getResponse, "groups[0].pricingPlans[1].pricingPlanData[0].showIn[1]", "HORIZONTAL_MODE"): Verify element property value successfully

2023-10-16 14:13:36 - [MESSAGE][PASSED] - Verify element property value successfully

2023-10-16 14:13:36 - [TEST_STEP][PASSED] - verifyElementPropertyValue(getResponse, "visualElements[0].key", "main_CTA_text_1"): Verify element property value successfully

2023-10-16 14:13:36 - [MESSAGE][PASSED] - Verify element property value successfully

2023-10-16 14:13:36 - [TEST_STEP][PASSED] - verifyElementPropertyValue(getResponse, "visualElements[0].value", "شاهد أقوى المسلسلات و الأفلام حصرياً دون توقف"): Verify element property value successfully

2023-10-16 14:13:36 - [MESSAGE][PASSED] - Verify element property value successfully

2023-10-16 14:13:36 - [TEST_STEP][PASSED] - verifyElementPropertyValue(getResponse, "visualElements[2].key", "main_disclaimer_text"): Verify element property value successfully

2023-10-16 14:13:36 - [MESSAGE][PASSED] - Verify element property value successfully

2023-10-16 14:13:36 - [TEST_STEP][PASSED] - verifyElementPropertyValue(getResponse, "visualElements[2].value", "رسوم الاشتراك قد تختلف بناءً على البلد أو طريقة الدفع أو باقة الاشتراك أو الضريبة المضافة أو معامل تحويل العملات والرسوم البنكية. تطبّق الشروط والأحكام."): Verify element property value successfully

2023-10-16 14:13:36 - [MESSAGE][PASSED] - Verify element property value successfully

2023-10-16 14:13:36 - [TEST_STEP][PASSED] - verifyElementPropertyValue(getResponse, "visualElements[4].key", "display_type"): Verify element property value successfully

2023-10-16 14:13:36 - [MESSAGE][PASSED] - Verify element property value successfully

2023-10-16 14:13:36 - [TEST_STEP][PASSED] - verifyElementPropertyValue(getResponse, "visualElements[4].value", "vertical"): Verify element property value successfully

2023-10-16 14:13:36 - [MESSAGE][PASSED] - Verify element property value successfully

2023-10-16 14:13:36 - [TEST_STEP][PASSED] - verifyElementPropertyValue(getResponse, "pages[0].visualElements[0].key", "alternative_payment_title"): Verify element property value successfully

2023-10-16 14:13:36 - [MESSAGE][PASSED] - Verify element property value successfully

2023-10-16 14:13:36 - [TEST_STEP][PASSED] - verifyElementPropertyValue(getResponse, "pages[0].visualElements[0].value", "أو قم باختيار إحدى الطرق البديلة التالية"): Verify element property value successfully

2023-10-16 14:13:36 - [MESSAGE][PASSED] - Verify element property value successfully

2023-10-16 14:13:36 - [TEST_STEP][PASSED] - verifyElementPropertyValue(getResponse, "pages[0].visualElements[1].key", "label_text"): Verify element property value successfully

2023-10-16 14:13:36 - [MESSAGE][PASSED] - Verify element property value successfully

2023-10-16 14:13:36 - [TEST_STEP][PASSED] - verifyElementPropertyValue(getResponse, "pages[0].visualElements[1].value", "طرق الدفع الأخرى"): Verify element property value successfully

2023-10-16 14:13:36 - [MESSAGE][PASSED] - Verify element property value successfully

2023-10-16 14:13:36 - [TEST_STEP][PASSED] - verifyElementPropertyValue(getResponse, "pages[0].visualElements[3].key", "CTA_text"): Verify element property value successfully

2023-10-16 14:13:36 - [MESSAGE][PASSED] - Verify element property value successfully

2023-10-16 14:13:36 - [TEST_STEP][PASSED] - verifyElementPropertyValue(getResponse, "pages[0].visualElements[3].value", "اضغط هنا"): Verify element property value successfully

2023-10-16 14:13:36 - [MESSAGE][PASSED] - Verify element property value successfully

2023-10-16 14:13:36 - [TEST_STEP][PASSED] - verifyElementPropertyValue(getResponse, "pages[0].visualElements[4].key", "main_title"): Verify element property value successfully

2023-10-16 14:13:36 - [MESSAGE][PASSED] - Verify element property value successfully

2023-10-16 14:13:36 - [TEST_STEP][PASSED] - verifyElementPropertyValue(getResponse, "pages[0].visualElements[4].value", "طرق الدفع الأخرى"): Verify element property value successfully

2023-10-16 14:13:36 - [MESSAGE][PASSED] - Verify element property value successfully

2023-10-16 14:13:36 - [TEST_STEP][PASSED] - verifyElementPropertyValue(getResponse, "pages[0].visualElements[6].key", "alternative_payment_methods"): Verify element property value successfully

2023-10-16 14:13:36 - [MESSAGE][PASSED] - Verify element property value successfully

2023-10-16 14:13:36 - [TEST_STEP][PASSED] - verifyElementPropertyValue(getResponse, "pages[0].visualElements[6].value", "يمكنك شراء قسيمة شاهد التسويقية من أي من بائعي التجزئة التاليين"): Verify element property value successfully

2023-10-16 14:13:36 - [MESSAGE][PASSED] - Verify element property value successfully

2023-10-16 14:13:36 - [TEST_STEP][PASSED] - verifyElementPropertyValue(getResponse, "defaultPackageId", "SHAHID_VIP"): Verify element property value successfully

2023-10-16 14:13:36 - [MESSAGE][PASSED] - Verify element property value successfully]]></system-out>
         <system-err><![CDATA[]]></system-err>
      </testcase>
      <testcase name="Test Cases/WEB - CHROME/PSE PI/WEB_FR_getSubscriptionConfigForPSE_SPORT" time="3.112" classname="Test Cases/WEB - CHROME/PSE PI/WEB_FR_getSubscriptionConfigForPSE_SPORT" status="FAILED">
         <failure type="FAILED" message="Test Cases/WEB - CHROME/PSE PI/WEB_FR_getSubscriptionConfigForPSE_SPORT FAILED.
Reason:
com.kms.katalon.core.exception.StepFailedException: Expected element property value 'Ou choisissez l'un des autres moyens de paiement suivants'' is not equal with actual property value 'Ou choisissez l'un des autres moyens de paiement suivants'
	at com.kms.katalon.core.keyword.internal.KeywordMain.stepFailed(KeywordMain.groovy:39)
	at com.kms.katalon.core.webservice.keyword.builtin.VerifyElementPropertyValueKeyword$_verifyElementPropertyValue_closure1.doCall(VerifyElementPropertyValueKeyword.groovy:56)
	at com.kms.katalon.core.webservice.keyword.builtin.VerifyElementPropertyValueKeyword$_verifyElementPropertyValue_closure1.call(VerifyElementPropertyValueKeyword.groovy)
	at com.kms.katalon.core.keyword.internal.KeywordMain.runKeyword(KeywordMain.groovy:75)
	at com.kms.katalon.core.webservice.keyword.builtin.VerifyElementPropertyValueKeyword.verifyElementPropertyValue(VerifyElementPropertyValueKeyword.groovy:48)
	at com.kms.katalon.core.webservice.keyword.builtin.VerifyElementPropertyValueKeyword.execute(VerifyElementPropertyValueKeyword.groovy:43)
	at com.kms.katalon.core.keyword.internal.KeywordExecutor.executeKeywordForPlatform(KeywordExecutor.groovy:74)
	at com.kms.katalon.core.webservice.keyword.WSBuiltInKeywords.verifyElementPropertyValue(WSBuiltInKeywords.groovy:190)
	at com.kms.katalon.core.webservice.keyword.WSBuiltInKeywords$verifyElementPropertyValue$1.call(Unknown Source)
	at WEB_FR_getSubscriptionConfigForPSE_SPORT.run(WEB_FR_getSubscriptionConfigForPSE_SPORT:303)
	at com.kms.katalon.core.main.ScriptEngine.run(ScriptEngine.java:194)
	at com.kms.katalon.core.main.ScriptEngine.runScriptAsRawText(ScriptEngine.java:119)
	at com.kms.katalon.core.main.TestCaseExecutor.runScript(TestCaseExecutor.java:448)
	at com.kms.katalon.core.main.TestCaseExecutor.doExecute(TestCaseExecutor.java:439)
	at com.kms.katalon.core.main.TestCaseExecutor.processExecutionPhase(TestCaseExecutor.java:418)
	at com.kms.katalon.core.main.TestCaseExecutor.accessMainPhase(TestCaseExecutor.java:410)
	at com.kms.katalon.core.main.TestCaseExecutor.execute(TestCaseExecutor.java:285)
	at com.kms.katalon.core.common.CommonExecutor.accessTestCaseMainPhase(CommonExecutor.java:65)
	at com.kms.katalon.core.main.TestSuiteExecutor.accessTestSuiteMainPhase(TestSuiteExecutor.java:148)
	at com.kms.katalon.core.main.TestSuiteExecutor.execute(TestSuiteExecutor.java:106)
	at com.kms.katalon.core.main.TestCaseMain.startTestSuite(TestCaseMain.java:187)
	at com.kms.katalon.core.main.TestCaseMain$startTestSuite$0.call(Unknown Source)
	at TempTestSuite1697454207688.run(TempTestSuite1697454207688.groovy:36)
"/>
         <system-out><![CDATA[2023-10-16 14:13:36 - [TEST_CASE][FAILED] - Test Cases/WEB - CHROME/PSE PI/WEB_FR_getSubscriptionConfigForPSE_SPORT: Test Cases/WEB - CHROME/PSE PI/WEB_FR_getSubscriptionConfigForPSE_SPORT FAILED.
Reason:
com.kms.katalon.core.exception.StepFailedException: Expected element property value 'Ou choisissez l'un des autres moyens de paiement suivants'' is not equal with actual property value 'Ou choisissez l'un des autres moyens de paiement suivants'
	at com.kms.katalon.core.keyword.internal.KeywordMain.stepFailed(KeywordMain.groovy:39)
	at com.kms.katalon.core.webservice.keyword.builtin.VerifyElementPropertyValueKeyword$_verifyElementPropertyValue_closure1.doCall(VerifyElementPropertyValueKeyword.groovy:56)
	at com.kms.katalon.core.webservice.keyword.builtin.VerifyElementPropertyValueKeyword$_verifyElementPropertyValue_closure1.call(VerifyElementPropertyValueKeyword.groovy)
	at com.kms.katalon.core.keyword.internal.KeywordMain.runKeyword(KeywordMain.groovy:75)
	at com.kms.katalon.core.webservice.keyword.builtin.VerifyElementPropertyValueKeyword.verifyElementPropertyValue(VerifyElementPropertyValueKeyword.groovy:48)
	at com.kms.katalon.core.webservice.keyword.builtin.VerifyElementPropertyValueKeyword.execute(VerifyElementPropertyValueKeyword.groovy:43)
	at com.kms.katalon.core.keyword.internal.KeywordExecutor.executeKeywordForPlatform(KeywordExecutor.groovy:74)
	at com.kms.katalon.core.webservice.keyword.WSBuiltInKeywords.verifyElementPropertyValue(WSBuiltInKeywords.groovy:190)
	at com.kms.katalon.core.webservice.keyword.WSBuiltInKeywords$verifyElementPropertyValue$1.call(Unknown Source)
	at WEB_FR_getSubscriptionConfigForPSE_SPORT.run(WEB_FR_getSubscriptionConfigForPSE_SPORT:303)
	at com.kms.katalon.core.main.ScriptEngine.run(ScriptEngine.java:194)
	at com.kms.katalon.core.main.ScriptEngine.runScriptAsRawText(ScriptEngine.java:119)
	at com.kms.katalon.core.main.TestCaseExecutor.runScript(TestCaseExecutor.java:448)
	at com.kms.katalon.core.main.TestCaseExecutor.doExecute(TestCaseExecutor.java:439)
	at com.kms.katalon.core.main.TestCaseExecutor.processExecutionPhase(TestCaseExecutor.java:418)
	at com.kms.katalon.core.main.TestCaseExecutor.accessMainPhase(TestCaseExecutor.java:410)
	at com.kms.katalon.core.main.TestCaseExecutor.execute(TestCaseExecutor.java:285)
	at com.kms.katalon.core.common.CommonExecutor.accessTestCaseMainPhase(CommonExecutor.java:65)
	at com.kms.katalon.core.main.TestSuiteExecutor.accessTestSuiteMainPhase(TestSuiteExecutor.java:148)
	at com.kms.katalon.core.main.TestSuiteExecutor.execute(TestSuiteExecutor.java:106)
	at com.kms.katalon.core.main.TestCaseMain.startTestSuite(TestCaseMain.java:187)
	at com.kms.katalon.core.main.TestCaseMain$startTestSuite$0.call(Unknown Source)
	at TempTestSuite1697454207688.run(TempTestSuite1697454207688.groovy:36)


2023-10-16 14:13:36 - [TEST_STEP][PASSED] - getResponse = config_files.getConfigFile.getConfig("WEB", "FR", "SHAHID_VIP_SPORT", "PS", "false"): config_files.getConfigFile.getConfig is PASSED

2023-10-16 14:13:37 - [MESSAGE][INFO] - HAR: /Users/admin/git/shahid-configuration/Reports/20231016_140310/WEB/PSE/20231016_140327/requests/main/5.har

2023-10-16 14:13:37 - [MESSAGE][PASSED] - Send request successfully

2023-10-16 14:13:37 - [MESSAGE][PASSED] - config_files.getConfigFile.getConfig is PASSED

2023-10-16 14:13:37 - [TEST_STEP][PASSED] - verifyResponseStatusCode(getResponse, 200): Verify response status code successfully

2023-10-16 14:13:37 - [MESSAGE][PASSED] - Verify response status code successfully

2023-10-16 14:13:37 - [TEST_STEP][PASSED] - verifyElementPropertyValue(getResponse, "country", "PSE"): Verify element property value successfully

2023-10-16 14:13:37 - [MESSAGE][PASSED] - Verify element property value successfully

2023-10-16 14:13:37 - [TEST_STEP][PASSED] - verifyElementPropertyValue(getResponse, "platform", "[WEB]"): Verify element property value successfully

2023-10-16 14:13:37 - [MESSAGE][PASSED] - Verify element property value successfully

2023-10-16 14:13:37 - [TEST_STEP][PASSED] - verifyElementPropertyValue(getResponse, "offers[5].offerId", "winback-sport-30-offer"): Verify element property value successfully

2023-10-16 14:13:37 - [MESSAGE][PASSED] - Verify element property value successfully

2023-10-16 14:13:37 - [TEST_STEP][PASSED] - verifyElementPropertyValue(getResponse, "offers[5].offerParam", "sportsoffer30"): Verify element property value successfully

2023-10-16 14:13:37 - [MESSAGE][PASSED] - Verify element property value successfully

2023-10-16 14:13:37 - [TEST_STEP][PASSED] - verifyElementPropertyValue(getResponse, "offers[5].groups[0].pricingPlans[0].featured", "true"): Verify element property value successfully

2023-10-16 14:13:37 - [MESSAGE][PASSED] - Verify element property value successfully

2023-10-16 14:13:37 - [TEST_STEP][PASSED] - verifyElementPropertyValue(getResponse, "offers[5].groups[0].pricingPlans[0].period", "monthly"): Verify element property value successfully

2023-10-16 14:13:37 - [MESSAGE][PASSED] - Verify element property value successfully

2023-10-16 14:13:37 - [TEST_STEP][PASSED] - verifyElementPropertyValue(getResponse, "offers[5].groups[0].pricingPlans[0].featured", "true"): Verify element property value successfully

2023-10-16 14:13:37 - [MESSAGE][PASSED] - Verify element property value successfully

2023-10-16 14:13:37 - [TEST_STEP][PASSED] - verifyElementPropertyValue(getResponse, "offers[5].groups[0].pricingPlans[0].price", "23.9"): Verify element property value successfully

2023-10-16 14:13:37 - [MESSAGE][PASSED] - Verify element property value successfully

2023-10-16 14:13:37 - [TEST_STEP][PASSED] - verifyElementPropertyValue(getResponse, "offers[5].groups[0].pricingPlans[0].currency", "₪"): Verify element property value successfully

2023-10-16 14:13:37 - [MESSAGE][PASSED] - Verify element property value successfully

2023-10-16 14:13:37 - [TEST_STEP][PASSED] - verifyElementPropertyValue(getResponse, "offers[5].groups[0].pricingPlans[0].order", "0"): Verify element property value successfully

2023-10-16 14:13:37 - [MESSAGE][PASSED] - Verify element property value successfully

2023-10-16 14:13:37 - [TEST_STEP][PASSED] - verifyElementPropertyValue(getResponse, "offers[5].groups[0].pricingPlans[0].packageId", "SHAHID_VIP_SPORT"): Verify element property value successfully

2023-10-16 14:13:37 - [MESSAGE][PASSED] - Verify element property value successfully

2023-10-16 14:13:37 - [TEST_STEP][PASSED] - verifyElementPropertyValue(getResponse, "offers[5].groups[0].pricingPlans[0].catalogId", "SPORT"): Verify element property value successfully

2023-10-16 14:13:37 - [MESSAGE][PASSED] - Verify element property value successfully

2023-10-16 14:13:37 - [TEST_STEP][PASSED] - verifyElementPropertyValue(getResponse, "offers[5].groups[0].pricingPlans[0].visualElements[0].key", "Header_1_text"): Verify element property value successfully

2023-10-16 14:13:37 - [MESSAGE][PASSED] - Verify element property value successfully

2023-10-16 14:13:37 - [TEST_STEP][PASSED] - verifyElementPropertyValue(getResponse, "offers[5].groups[0].pricingPlans[0].visualElements[0].value", "Abonnez-vous dès maintenant et profitez de vos programmes sans publicité"): Verify element property value successfully

2023-10-16 14:13:37 - [MESSAGE][PASSED] - Verify element property value successfully

2023-10-16 14:13:37 - [TEST_STEP][PASSED] - verifyElementPropertyValue(getResponse, "offers[5].groups[0].pricingPlans[0].visualElements[1].key", "display_title"): Verify element property value successfully

2023-10-16 14:13:37 - [MESSAGE][PASSED] - Verify element property value successfully

2023-10-16 14:13:37 - [TEST_STEP][PASSED] - verifyElementPropertyValue(getResponse, "offers[5].groups[0].pricingPlans[0].visualElements[1].value", "30% de réduction"): Verify element property value successfully

2023-10-16 14:13:37 - [MESSAGE][PASSED] - Verify element property value successfully

2023-10-16 14:13:37 - [TEST_STEP][PASSED] - verifyElementPropertyValue(getResponse, "offers[5].groups[0].pricingPlans[0].visualElements[3].key", "deduction_text"): Verify element property value successfully

2023-10-16 14:13:37 - [MESSAGE][PASSED] - Verify element property value successfully

2023-10-16 14:13:37 - [TEST_STEP][PASSED] - verifyElementPropertyValue(getResponse, "offers[5].groups[0].pricingPlans[0].visualElements[3].value", "facturation mensuelle"): Verify element property value successfully

2023-10-16 14:13:37 - [MESSAGE][PASSED] - Verify element property value successfully

2023-10-16 14:13:37 - [TEST_STEP][PASSED] - verifyElementPropertyValue(getResponse, "offers[5].groups[0].pricingPlans[0].visualElements[6].key", "show_payment_logo"): Verify element property value successfully

2023-10-16 14:13:37 - [MESSAGE][PASSED] - Verify element property value successfully

2023-10-16 14:13:37 - [TEST_STEP][PASSED] - verifyElementPropertyValue(getResponse, "offers[5].groups[0].pricingPlans[0].visualElements[6].value", "true"): Verify element property value successfully

2023-10-16 14:13:37 - [MESSAGE][PASSED] - Verify element property value successfully

2023-10-16 14:13:37 - [TEST_STEP][PASSED] - verifyElementPropertyValue(getResponse, "offers[5].groups[0].pricingPlans[0].visualElements[8].key", "price"): Verify element property value successfully

2023-10-16 14:13:37 - [MESSAGE][PASSED] - Verify element property value successfully

2023-10-16 14:13:37 - [TEST_STEP][PASSED] - verifyElementPropertyValue(getResponse, "offers[5].groups[0].pricingPlans[0].visualElements[8].value", "23.9"): Verify element property value successfully

2023-10-16 14:13:37 - [MESSAGE][PASSED] - Verify element property value successfully

2023-10-16 14:13:37 - [TEST_STEP][PASSED] - verifyElementPropertyValue(getResponse, "offers[5].groups[0].pricingPlans[0].visualElements[9].key", "currency"): Verify element property value successfully

2023-10-16 14:13:37 - [MESSAGE][PASSED] - Verify element property value successfully

2023-10-16 14:13:37 - [TEST_STEP][PASSED] - verifyElementPropertyValue(getResponse, "offers[5].groups[0].pricingPlans[0].visualElements[9].value", "₪"): Verify element property value successfully

2023-10-16 14:13:37 - [MESSAGE][PASSED] - Verify element property value successfully

2023-10-16 14:13:37 - [TEST_STEP][PASSED] - verifyElementPropertyValue(getResponse, "offers[5].groups[0].pricingPlans[0].visualElements[10].key", "duration"): Verify element property value successfully

2023-10-16 14:13:37 - [MESSAGE][PASSED] - Verify element property value successfully

2023-10-16 14:13:37 - [TEST_STEP][PASSED] - verifyElementPropertyValue(getResponse, "offers[5].groups[0].pricingPlans[0].visualElements[10].value", "Mensuel"): Verify element property value successfully

2023-10-16 14:13:37 - [MESSAGE][PASSED] - Verify element property value successfully

2023-10-16 14:13:37 - [TEST_STEP][PASSED] - verifyElementPropertyValue(getResponse, "offers[5].groups[0].pricingPlans[0].visualElements[11].key", "featured_tag_text"): Verify element property value successfully

2023-10-16 14:13:37 - [MESSAGE][PASSED] - Verify element property value successfully

2023-10-16 14:13:37 - [TEST_STEP][PASSED] - verifyElementPropertyValue(getResponse, "offers[5].groups[0].pricingPlans[0].visualElements[11].value", "Offre limitée"): Verify element property value successfully

2023-10-16 14:13:37 - [MESSAGE][PASSED] - Verify element property value successfully

2023-10-16 14:13:37 - [TEST_STEP][PASSED] - verifyElementPropertyValue(getResponse, "offers[5].groups[0].pricingPlans[0].visualElements[13].key", "tag_text"): Verify element property value successfully

2023-10-16 14:13:37 - [MESSAGE][PASSED] - Verify element property value successfully

2023-10-16 14:13:37 - [TEST_STEP][PASSED] - verifyElementPropertyValue(getResponse, "offers[5].groups[0].pricingPlans[0].visualElements[13].value", "Économisez 30% "): Verify element property value successfully

2023-10-16 14:13:37 - [MESSAGE][PASSED] - Verify element property value successfully

2023-10-16 14:13:37 - [TEST_STEP][PASSED] - verifyElementPropertyValue(getResponse, "offers[5].groups[0].pricingPlans[0].visualElements[12].key", "show_tag"): Verify element property value successfully

2023-10-16 14:13:37 - [MESSAGE][PASSED] - Verify element property value successfully

2023-10-16 14:13:37 - [TEST_STEP][PASSED] - verifyElementPropertyValue(getResponse, "offers[5].groups[0].pricingPlans[0].visualElements[12].value", "true"): Verify element property value successfully

2023-10-16 14:13:38 - [MESSAGE][PASSED] - Verify element property value successfully

2023-10-16 14:13:38 - [TEST_STEP][PASSED] - verifyElementPropertyValue(getResponse, "offers[5].groups[0].pricingPlans[0].pricingPlanData[0].productId", "PSE_B2C_SHAHID_VIP_SPORT_1M"): Verify element property value successfully

2023-10-16 14:13:38 - [MESSAGE][PASSED] - Verify element property value successfully

2023-10-16 14:13:38 - [TEST_STEP][PASSED] - verifyElementPropertyValue(getResponse, "offers[5].groups[0].pricingPlans[0].pricingPlanData[0].paymentMethod", "CREDIT_CARD"): Verify element property value successfully

2023-10-16 14:13:38 - [MESSAGE][PASSED] - Verify element property value successfully

2023-10-16 14:13:38 - [TEST_STEP][PASSED] - verifyElementPropertyValue(getResponse, "offers[5].groups[0].pricingPlans[0].pricingPlanData[0].freeTrialEnabled", "false"): Verify element property value successfully

2023-10-16 14:13:38 - [MESSAGE][PASSED] - Verify element property value successfully

2023-10-16 14:13:38 - [TEST_STEP][PASSED] - verifyElementPropertyValue(getResponse, "offers[5].groups[0].pricingPlans[0].pricingPlanData[0].showIn[0]", "VERTICAL_MODE"): Verify element property value successfully

2023-10-16 14:13:38 - [MESSAGE][PASSED] - Verify element property value successfully

2023-10-16 14:13:38 - [TEST_STEP][PASSED] - verifyElementPropertyValue(getResponse, "offers[5].groups[0].pricingPlans[0].pricingPlanData[0].showIn[1]", "HORIZONTAL_MODE"): Verify element property value successfully

2023-10-16 14:13:38 - [MESSAGE][PASSED] - Verify element property value successfully

2023-10-16 14:13:38 - [TEST_STEP][PASSED] - verifyElementPropertyValue(getResponse, "offers[5].groups[0].pricingPlans[0].pricingPlanData[0].priceLabel", "23.9"): Verify element property value successfully

2023-10-16 14:13:38 - [MESSAGE][PASSED] - Verify element property value successfully

2023-10-16 14:13:38 - [TEST_STEP][PASSED] - verifyElementPropertyValue(getResponse, "offers[5].groups[0].pricingPlans[0].pricingPlanData[0].currencyLabel", "₪"): Verify element property value successfully

2023-10-16 14:13:38 - [MESSAGE][PASSED] - Verify element property value successfully

2023-10-16 14:13:38 - [TEST_STEP][PASSED] - verifyElementPropertyValue(getResponse, "offers[5].groups[0].pricingPlans[0].pricingPlanData[0].dealId", "WB_SPORT_30P_PSE"): Verify element property value successfully

2023-10-16 14:13:38 - [MESSAGE][PASSED] - Verify element property value successfully

2023-10-16 14:13:38 - [TEST_STEP][PASSED] - verifyElementPropertyValue(getResponse, "offers[5].groups[0].pricingPlans[0].pricingPlanData[0].allowedForAcquisition", "true"): Verify element property value successfully

2023-10-16 14:13:38 - [MESSAGE][PASSED] - Verify element property value successfully

2023-10-16 14:13:38 - [TEST_STEP][PASSED] - verifyElementPropertyValue(getResponse, "offers[5].groups[0].pricingPlans[0].pricingPlanData[0].visualElements[0].key", "title"): Verify element property value successfully

2023-10-16 14:13:38 - [MESSAGE][PASSED] - Verify element property value successfully

2023-10-16 14:13:38 - [TEST_STEP][PASSED] - verifyElementPropertyValue(getResponse, "offers[5].groups[0].pricingPlans[0].pricingPlanData[0].visualElements[0].value", "Carte de crédit/débit"): Verify element property value successfully

2023-10-16 14:13:38 - [MESSAGE][PASSED] - Verify element property value successfully

2023-10-16 14:13:38 - [TEST_STEP][PASSED] - verifyElementPropertyValue(getResponse, "offers[5].groups[0].pricingPlans[0].pricingPlanData[0].visualElements[1].key", "CTA_text"): Verify element property value successfully

2023-10-16 14:13:38 - [MESSAGE][PASSED] - Verify element property value successfully

2023-10-16 14:13:38 - [TEST_STEP][PASSED] - verifyElementPropertyValue(getResponse, "offers[5].groups[0].pricingPlans[0].pricingPlanData[0].visualElements[1].value", "S’abonner"): Verify element property value successfully

2023-10-16 14:13:38 - [MESSAGE][PASSED] - Verify element property value successfully

2023-10-16 14:13:38 - [TEST_STEP][PASSED] - verifyElementPropertyValue(getResponse, "offers[5].groups[0].pricingPlans[0].pricingPlanData[0].visualElements[2].key", "logo"): Verify element property value successfully

2023-10-16 14:13:38 - [MESSAGE][PASSED] - Verify element property value successfully

2023-10-16 14:13:38 - [TEST_STEP][PASSED] - verifyElementPropertyValue(getResponse, "offers[5].groups[0].pricingPlans[0].pricingPlanData[0].visualElements[2].value", "https://static.s3.shahid.mbc.net/widget-images/icons/iconCreditCard.png"): Verify element property value successfully

2023-10-16 14:13:38 - [MESSAGE][PASSED] - Verify element property value successfully

2023-10-16 14:13:38 - [TEST_STEP][PASSED] - verifyElementPropertyValue(getResponse, "offers[6].offerId", "winback-sport-40-offer"): Verify element property value successfully

2023-10-16 14:13:38 - [MESSAGE][PASSED] - Verify element property value successfully

2023-10-16 14:13:38 - [TEST_STEP][PASSED] - verifyElementPropertyValue(getResponse, "offers[6].offerParam", "sportsoffer40"): Verify element property value successfully

2023-10-16 14:13:38 - [MESSAGE][PASSED] - Verify element property value successfully

2023-10-16 14:13:38 - [TEST_STEP][PASSED] - verifyElementPropertyValue(getResponse, "offers[6].groups[0].pricingPlans[0].featured", "true"): Verify element property value successfully

2023-10-16 14:13:38 - [MESSAGE][PASSED] - Verify element property value successfully

2023-10-16 14:13:38 - [TEST_STEP][PASSED] - verifyElementPropertyValue(getResponse, "offers[6].groups[0].pricingPlans[0].period", "monthly"): Verify element property value successfully

2023-10-16 14:13:38 - [MESSAGE][PASSED] - Verify element property value successfully

2023-10-16 14:13:38 - [TEST_STEP][PASSED] - verifyElementPropertyValue(getResponse, "offers[6].groups[0].pricingPlans[0].featured", "true"): Verify element property value successfully

2023-10-16 14:13:38 - [MESSAGE][PASSED] - Verify element property value successfully

2023-10-16 14:13:38 - [TEST_STEP][PASSED] - verifyElementPropertyValue(getResponse, "offers[6].groups[0].pricingPlans[0].price", "20.9"): Verify element property value successfully

2023-10-16 14:13:38 - [MESSAGE][PASSED] - Verify element property value successfully

2023-10-16 14:13:38 - [TEST_STEP][PASSED] - verifyElementPropertyValue(getResponse, "offers[6].groups[0].pricingPlans[0].currency", "₪"): Verify element property value successfully

2023-10-16 14:13:38 - [MESSAGE][PASSED] - Verify element property value successfully

2023-10-16 14:13:38 - [TEST_STEP][PASSED] - verifyElementPropertyValue(getResponse, "offers[6].groups[0].pricingPlans[0].order", "0"): Verify element property value successfully

2023-10-16 14:13:38 - [MESSAGE][PASSED] - Verify element property value successfully

2023-10-16 14:13:38 - [TEST_STEP][PASSED] - verifyElementPropertyValue(getResponse, "offers[6].groups[0].pricingPlans[0].packageId", "SHAHID_VIP_SPORT"): Verify element property value successfully

2023-10-16 14:13:38 - [MESSAGE][PASSED] - Verify element property value successfully

2023-10-16 14:13:38 - [TEST_STEP][PASSED] - verifyElementPropertyValue(getResponse, "offers[6].groups[0].pricingPlans[0].catalogId", "SPORT"): Verify element property value successfully

2023-10-16 14:13:38 - [MESSAGE][PASSED] - Verify element property value successfully

2023-10-16 14:13:38 - [TEST_STEP][PASSED] - verifyElementPropertyValue(getResponse, "offers[6].groups[0].pricingPlans[0].visualElements[0].key", "Header_1_text"): Verify element property value successfully

2023-10-16 14:13:38 - [MESSAGE][PASSED] - Verify element property value successfully

2023-10-16 14:13:38 - [TEST_STEP][PASSED] - verifyElementPropertyValue(getResponse, "offers[6].groups[0].pricingPlans[0].visualElements[0].value", "Abonnez-vous dès maintenant et profitez de vos programmes sans publicité"): Verify element property value successfully

2023-10-16 14:13:38 - [MESSAGE][PASSED] - Verify element property value successfully

2023-10-16 14:13:38 - [TEST_STEP][PASSED] - verifyElementPropertyValue(getResponse, "offers[6].groups[0].pricingPlans[0].visualElements[1].key", "display_title"): Verify element property value successfully

2023-10-16 14:13:38 - [MESSAGE][PASSED] - Verify element property value successfully

2023-10-16 14:13:38 - [TEST_STEP][PASSED] - verifyElementPropertyValue(getResponse, "offers[6].groups[0].pricingPlans[0].visualElements[1].value", "40% de réduction"): Verify element property value successfully

2023-10-16 14:13:38 - [MESSAGE][PASSED] - Verify element property value successfully

2023-10-16 14:13:38 - [TEST_STEP][PASSED] - verifyElementPropertyValue(getResponse, "offers[6].groups[0].pricingPlans[0].visualElements[3].key", "deduction_text"): Verify element property value successfully

2023-10-16 14:13:38 - [MESSAGE][PASSED] - Verify element property value successfully

2023-10-16 14:13:38 - [TEST_STEP][PASSED] - verifyElementPropertyValue(getResponse, "offers[6].groups[0].pricingPlans[0].visualElements[3].value", "facturation mensuelle"): Verify element property value successfully

2023-10-16 14:13:38 - [MESSAGE][PASSED] - Verify element property value successfully

2023-10-16 14:13:38 - [TEST_STEP][PASSED] - verifyElementPropertyValue(getResponse, "offers[6].groups[0].pricingPlans[0].visualElements[6].key", "show_payment_logo"): Verify element property value successfully

2023-10-16 14:13:38 - [MESSAGE][PASSED] - Verify element property value successfully

2023-10-16 14:13:38 - [TEST_STEP][PASSED] - verifyElementPropertyValue(getResponse, "offers[6].groups[0].pricingPlans[0].visualElements[6].value", "true"): Verify element property value successfully

2023-10-16 14:13:38 - [MESSAGE][PASSED] - Verify element property value successfully

2023-10-16 14:13:38 - [TEST_STEP][PASSED] - verifyElementPropertyValue(getResponse, "offers[6].groups[0].pricingPlans[0].visualElements[8].key", "price"): Verify element property value successfully

2023-10-16 14:13:38 - [MESSAGE][PASSED] - Verify element property value successfully

2023-10-16 14:13:38 - [TEST_STEP][PASSED] - verifyElementPropertyValue(getResponse, "offers[6].groups[0].pricingPlans[0].visualElements[8].value", "20.9"): Verify element property value successfully

2023-10-16 14:13:38 - [MESSAGE][PASSED] - Verify element property value successfully

2023-10-16 14:13:38 - [TEST_STEP][PASSED] - verifyElementPropertyValue(getResponse, "offers[6].groups[0].pricingPlans[0].visualElements[9].key", "currency"): Verify element property value successfully

2023-10-16 14:13:38 - [MESSAGE][PASSED] - Verify element property value successfully

2023-10-16 14:13:38 - [TEST_STEP][PASSED] - verifyElementPropertyValue(getResponse, "offers[6].groups[0].pricingPlans[0].visualElements[9].value", "₪"): Verify element property value successfully

2023-10-16 14:13:38 - [MESSAGE][PASSED] - Verify element property value successfully

2023-10-16 14:13:38 - [TEST_STEP][PASSED] - verifyElementPropertyValue(getResponse, "offers[6].groups[0].pricingPlans[0].visualElements[10].key", "duration"): Verify element property value successfully

2023-10-16 14:13:38 - [MESSAGE][PASSED] - Verify element property value successfully

2023-10-16 14:13:38 - [TEST_STEP][PASSED] - verifyElementPropertyValue(getResponse, "offers[6].groups[0].pricingPlans[0].visualElements[10].value", "Mensuel"): Verify element property value successfully

2023-10-16 14:13:38 - [MESSAGE][PASSED] - Verify element property value successfully

2023-10-16 14:13:38 - [TEST_STEP][PASSED] - verifyElementPropertyValue(getResponse, "offers[6].groups[0].pricingPlans[0].visualElements[11].key", "featured_tag_text"): Verify element property value successfully

2023-10-16 14:13:38 - [MESSAGE][PASSED] - Verify element property value successfully

2023-10-16 14:13:38 - [TEST_STEP][PASSED] - verifyElementPropertyValue(getResponse, "offers[6].groups[0].pricingPlans[0].visualElements[11].value", "Offre limitée"): Verify element property value successfully

2023-10-16 14:13:38 - [MESSAGE][PASSED] - Verify element property value successfully

2023-10-16 14:13:38 - [TEST_STEP][PASSED] - verifyElementPropertyValue(getResponse, "offers[6].groups[0].pricingPlans[0].visualElements[13].key", "tag_text"): Verify element property value successfully

2023-10-16 14:13:38 - [MESSAGE][PASSED] - Verify element property value successfully

2023-10-16 14:13:38 - [TEST_STEP][PASSED] - verifyElementPropertyValue(getResponse, "offers[6].groups[0].pricingPlans[0].visualElements[13].value", "Économisez 40% "): Verify element property value successfully

2023-10-16 14:13:38 - [MESSAGE][PASSED] - Verify element property value successfully

2023-10-16 14:13:38 - [TEST_STEP][PASSED] - verifyElementPropertyValue(getResponse, "offers[6].groups[0].pricingPlans[0].visualElements[12].key", "show_tag"): Verify element property value successfully

2023-10-16 14:13:38 - [MESSAGE][PASSED] - Verify element property value successfully

2023-10-16 14:13:38 - [TEST_STEP][PASSED] - verifyElementPropertyValue(getResponse, "offers[6].groups[0].pricingPlans[0].visualElements[12].value", "true"): Verify element property value successfully

2023-10-16 14:13:38 - [MESSAGE][PASSED] - Verify element property value successfully

2023-10-16 14:13:38 - [TEST_STEP][PASSED] - verifyElementPropertyValue(getResponse, "offers[6].groups[0].pricingPlans[0].pricingPlanData[0].productId", "PSE_B2C_SHAHID_VIP_SPORT_1M"): Verify element property value successfully

2023-10-16 14:13:38 - [MESSAGE][PASSED] - Verify element property value successfully

2023-10-16 14:13:38 - [TEST_STEP][PASSED] - verifyElementPropertyValue(getResponse, "offers[6].groups[0].pricingPlans[0].pricingPlanData[0].paymentMethod", "CREDIT_CARD"): Verify element property value successfully

2023-10-16 14:13:38 - [MESSAGE][PASSED] - Verify element property value successfully

2023-10-16 14:13:38 - [TEST_STEP][PASSED] - verifyElementPropertyValue(getResponse, "offers[6].groups[0].pricingPlans[0].pricingPlanData[0].freeTrialEnabled", "false"): Verify element property value successfully

2023-10-16 14:13:38 - [MESSAGE][PASSED] - Verify element property value successfully

2023-10-16 14:13:38 - [TEST_STEP][PASSED] - verifyElementPropertyValue(getResponse, "offers[6].groups[0].pricingPlans[0].pricingPlanData[0].showIn[0]", "VERTICAL_MODE"): Verify element property value successfully

2023-10-16 14:13:38 - [MESSAGE][PASSED] - Verify element property value successfully

2023-10-16 14:13:38 - [TEST_STEP][PASSED] - verifyElementPropertyValue(getResponse, "offers[6].groups[0].pricingPlans[0].pricingPlanData[0].showIn[1]", "HORIZONTAL_MODE"): Verify element property value successfully

2023-10-16 14:13:38 - [MESSAGE][PASSED] - Verify element property value successfully

2023-10-16 14:13:38 - [TEST_STEP][PASSED] - verifyElementPropertyValue(getResponse, "offers[6].groups[0].pricingPlans[0].pricingPlanData[0].priceLabel", "20.9"): Verify element property value successfully

2023-10-16 14:13:38 - [MESSAGE][PASSED] - Verify element property value successfully

2023-10-16 14:13:38 - [TEST_STEP][PASSED] - verifyElementPropertyValue(getResponse, "offers[6].groups[0].pricingPlans[0].pricingPlanData[0].currencyLabel", "₪"): Verify element property value successfully

2023-10-16 14:13:38 - [MESSAGE][PASSED] - Verify element property value successfully

2023-10-16 14:13:38 - [TEST_STEP][PASSED] - verifyElementPropertyValue(getResponse, "offers[6].groups[0].pricingPlans[0].pricingPlanData[0].dealId", "WB_SPORT_40P_PSE"): Verify element property value successfully

2023-10-16 14:13:38 - [MESSAGE][PASSED] - Verify element property value successfully

2023-10-16 14:13:38 - [TEST_STEP][PASSED] - verifyElementPropertyValue(getResponse, "offers[6].groups[0].pricingPlans[0].pricingPlanData[0].allowedForAcquisition", "true"): Verify element property value successfully

2023-10-16 14:13:38 - [MESSAGE][PASSED] - Verify element property value successfully

2023-10-16 14:13:38 - [TEST_STEP][PASSED] - verifyElementPropertyValue(getResponse, "offers[6].groups[0].pricingPlans[0].pricingPlanData[0].visualElements[0].key", "title"): Verify element property value successfully

2023-10-16 14:13:38 - [MESSAGE][PASSED] - Verify element property value successfully

2023-10-16 14:13:38 - [TEST_STEP][PASSED] - verifyElementPropertyValue(getResponse, "offers[6].groups[0].pricingPlans[0].pricingPlanData[0].visualElements[0].value", "Carte de crédit/débit"): Verify element property value successfully

2023-10-16 14:13:38 - [MESSAGE][PASSED] - Verify element property value successfully

2023-10-16 14:13:38 - [TEST_STEP][PASSED] - verifyElementPropertyValue(getResponse, "offers[6].groups[0].pricingPlans[0].pricingPlanData[0].visualElements[1].key", "CTA_text"): Verify element property value successfully

2023-10-16 14:13:38 - [MESSAGE][PASSED] - Verify element property value successfully

2023-10-16 14:13:38 - [TEST_STEP][PASSED] - verifyElementPropertyValue(getResponse, "offers[6].groups[0].pricingPlans[0].pricingPlanData[0].visualElements[1].value", "S’abonner"): Verify element property value successfully

2023-10-16 14:13:38 - [MESSAGE][PASSED] - Verify element property value successfully

2023-10-16 14:13:38 - [TEST_STEP][PASSED] - verifyElementPropertyValue(getResponse, "offers[6].groups[0].pricingPlans[0].pricingPlanData[0].visualElements[2].key", "logo"): Verify element property value successfully

2023-10-16 14:13:38 - [MESSAGE][PASSED] - Verify element property value successfully

2023-10-16 14:13:38 - [TEST_STEP][PASSED] - verifyElementPropertyValue(getResponse, "offers[6].groups[0].pricingPlans[0].pricingPlanData[0].visualElements[2].value", "https://static.s3.shahid.mbc.net/widget-images/icons/iconCreditCard.png"): Verify element property value successfully

2023-10-16 14:13:38 - [MESSAGE][PASSED] - Verify element property value successfully

2023-10-16 14:13:38 - [TEST_STEP][PASSED] - verifyElementPropertyValue(getResponse, "offers[7].offerId", "winback-sport-50-offer"): Verify element property value successfully

2023-10-16 14:13:38 - [MESSAGE][PASSED] - Verify element property value successfully

2023-10-16 14:13:38 - [TEST_STEP][PASSED] - verifyElementPropertyValue(getResponse, "offers[7].offerParam", "sportsoffer50"): Verify element property value successfully

2023-10-16 14:13:38 - [MESSAGE][PASSED] - Verify element property value successfully

2023-10-16 14:13:38 - [TEST_STEP][PASSED] - verifyElementPropertyValue(getResponse, "offers[7].groups[0].pricingPlans[0].featured", "true"): Verify element property value successfully

2023-10-16 14:13:38 - [MESSAGE][PASSED] - Verify element property value successfully

2023-10-16 14:13:38 - [TEST_STEP][PASSED] - verifyElementPropertyValue(getResponse, "offers[7].groups[0].pricingPlans[0].period", "monthly"): Verify element property value successfully

2023-10-16 14:13:38 - [MESSAGE][PASSED] - Verify element property value successfully

2023-10-16 14:13:38 - [TEST_STEP][PASSED] - verifyElementPropertyValue(getResponse, "offers[7].groups[0].pricingPlans[0].featured", "true"): Verify element property value successfully

2023-10-16 14:13:38 - [MESSAGE][PASSED] - Verify element property value successfully

2023-10-16 14:13:38 - [TEST_STEP][PASSED] - verifyElementPropertyValue(getResponse, "offers[7].groups[0].pricingPlans[0].price", "16.9"): Verify element property value successfully

2023-10-16 14:13:38 - [MESSAGE][PASSED] - Verify element property value successfully

2023-10-16 14:13:38 - [TEST_STEP][PASSED] - verifyElementPropertyValue(getResponse, "offers[7].groups[0].pricingPlans[0].currency", "₪"): Verify element property value successfully

2023-10-16 14:13:38 - [MESSAGE][PASSED] - Verify element property value successfully

2023-10-16 14:13:38 - [TEST_STEP][PASSED] - verifyElementPropertyValue(getResponse, "offers[7].groups[0].pricingPlans[0].order", "0"): Verify element property value successfully

2023-10-16 14:13:38 - [MESSAGE][PASSED] - Verify element property value successfully

2023-10-16 14:13:38 - [TEST_STEP][PASSED] - verifyElementPropertyValue(getResponse, "offers[7].groups[0].pricingPlans[0].packageId", "SHAHID_VIP_SPORT"): Verify element property value successfully

2023-10-16 14:13:38 - [MESSAGE][PASSED] - Verify element property value successfully

2023-10-16 14:13:38 - [TEST_STEP][PASSED] - verifyElementPropertyValue(getResponse, "offers[7].groups[0].pricingPlans[0].catalogId", "SPORT"): Verify element property value successfully

2023-10-16 14:13:38 - [MESSAGE][PASSED] - Verify element property value successfully

2023-10-16 14:13:38 - [TEST_STEP][PASSED] - verifyElementPropertyValue(getResponse, "offers[7].groups[0].pricingPlans[0].visualElements[0].key", "Header_1_text"): Verify element property value successfully

2023-10-16 14:13:38 - [MESSAGE][PASSED] - Verify element property value successfully

2023-10-16 14:13:38 - [TEST_STEP][PASSED] - verifyElementPropertyValue(getResponse, "offers[7].groups[0].pricingPlans[0].visualElements[0].value", "Abonnez-vous dès maintenant et profitez de vos programmes sans publicité"): Verify element property value successfully

2023-10-16 14:13:38 - [MESSAGE][PASSED] - Verify element property value successfully

2023-10-16 14:13:38 - [TEST_STEP][PASSED] - verifyElementPropertyValue(getResponse, "offers[7].groups[0].pricingPlans[0].visualElements[1].key", "display_title"): Verify element property value successfully

2023-10-16 14:13:38 - [MESSAGE][PASSED] - Verify element property value successfully

2023-10-16 14:13:38 - [TEST_STEP][PASSED] - verifyElementPropertyValue(getResponse, "offers[7].groups[0].pricingPlans[0].visualElements[1].value", "50% de réduction"): Verify element property value successfully

2023-10-16 14:13:38 - [MESSAGE][PASSED] - Verify element property value successfully

2023-10-16 14:13:38 - [TEST_STEP][PASSED] - verifyElementPropertyValue(getResponse, "offers[7].groups[0].pricingPlans[0].visualElements[3].key", "deduction_text"): Verify element property value successfully

2023-10-16 14:13:38 - [MESSAGE][PASSED] - Verify element property value successfully

2023-10-16 14:13:38 - [TEST_STEP][PASSED] - verifyElementPropertyValue(getResponse, "offers[7].groups[0].pricingPlans[0].visualElements[3].value", "facturation mensuelle"): Verify element property value successfully

2023-10-16 14:13:38 - [MESSAGE][PASSED] - Verify element property value successfully

2023-10-16 14:13:38 - [TEST_STEP][PASSED] - verifyElementPropertyValue(getResponse, "offers[7].groups[0].pricingPlans[0].visualElements[6].key", "show_payment_logo"): Verify element property value successfully

2023-10-16 14:13:38 - [MESSAGE][PASSED] - Verify element property value successfully

2023-10-16 14:13:38 - [TEST_STEP][PASSED] - verifyElementPropertyValue(getResponse, "offers[7].groups[0].pricingPlans[0].visualElements[6].value", "true"): Verify element property value successfully

2023-10-16 14:13:38 - [MESSAGE][PASSED] - Verify element property value successfully

2023-10-16 14:13:38 - [TEST_STEP][PASSED] - verifyElementPropertyValue(getResponse, "offers[7].groups[0].pricingPlans[0].visualElements[8].key", "price"): Verify element property value successfully

2023-10-16 14:13:38 - [MESSAGE][PASSED] - Verify element property value successfully

2023-10-16 14:13:38 - [TEST_STEP][PASSED] - verifyElementPropertyValue(getResponse, "offers[7].groups[0].pricingPlans[0].visualElements[8].value", "16.9"): Verify element property value successfully

2023-10-16 14:13:38 - [MESSAGE][PASSED] - Verify element property value successfully

2023-10-16 14:13:38 - [TEST_STEP][PASSED] - verifyElementPropertyValue(getResponse, "offers[7].groups[0].pricingPlans[0].visualElements[9].key", "currency"): Verify element property value successfully

2023-10-16 14:13:38 - [MESSAGE][PASSED] - Verify element property value successfully

2023-10-16 14:13:38 - [TEST_STEP][PASSED] - verifyElementPropertyValue(getResponse, "offers[7].groups[0].pricingPlans[0].visualElements[9].value", "₪"): Verify element property value successfully

2023-10-16 14:13:38 - [MESSAGE][PASSED] - Verify element property value successfully

2023-10-16 14:13:38 - [TEST_STEP][PASSED] - verifyElementPropertyValue(getResponse, "offers[7].groups[0].pricingPlans[0].visualElements[10].key", "duration"): Verify element property value successfully

2023-10-16 14:13:38 - [MESSAGE][PASSED] - Verify element property value successfully

2023-10-16 14:13:38 - [TEST_STEP][PASSED] - verifyElementPropertyValue(getResponse, "offers[7].groups[0].pricingPlans[0].visualElements[10].value", "Mensuel"): Verify element property value successfully

2023-10-16 14:13:38 - [MESSAGE][PASSED] - Verify element property value successfully

2023-10-16 14:13:38 - [TEST_STEP][PASSED] - verifyElementPropertyValue(getResponse, "offers[7].groups[0].pricingPlans[0].visualElements[11].key", "featured_tag_text"): Verify element property value successfully

2023-10-16 14:13:38 - [MESSAGE][PASSED] - Verify element property value successfully

2023-10-16 14:13:38 - [TEST_STEP][PASSED] - verifyElementPropertyValue(getResponse, "offers[7].groups[0].pricingPlans[0].visualElements[11].value", "Offre limitée"): Verify element property value successfully

2023-10-16 14:13:38 - [MESSAGE][PASSED] - Verify element property value successfully

2023-10-16 14:13:38 - [TEST_STEP][PASSED] - verifyElementPropertyValue(getResponse, "offers[7].groups[0].pricingPlans[0].visualElements[13].key", "tag_text"): Verify element property value successfully

2023-10-16 14:13:38 - [MESSAGE][PASSED] - Verify element property value successfully

2023-10-16 14:13:38 - [TEST_STEP][PASSED] - verifyElementPropertyValue(getResponse, "offers[7].groups[0].pricingPlans[0].visualElements[13].value", "Économisez 50% "): Verify element property value successfully

2023-10-16 14:13:38 - [MESSAGE][PASSED] - Verify element property value successfully

2023-10-16 14:13:38 - [TEST_STEP][PASSED] - verifyElementPropertyValue(getResponse, "offers[7].groups[0].pricingPlans[0].visualElements[12].key", "show_tag"): Verify element property value successfully

2023-10-16 14:13:38 - [MESSAGE][PASSED] - Verify element property value successfully

2023-10-16 14:13:38 - [TEST_STEP][PASSED] - verifyElementPropertyValue(getResponse, "offers[7].groups[0].pricingPlans[0].visualElements[12].value", "true"): Verify element property value successfully

2023-10-16 14:13:38 - [MESSAGE][PASSED] - Verify element property value successfully

2023-10-16 14:13:38 - [TEST_STEP][PASSED] - verifyElementPropertyValue(getResponse, "offers[7].groups[0].pricingPlans[0].pricingPlanData[0].productId", "PSE_B2C_SHAHID_VIP_SPORT_1M"): Verify element property value successfully

2023-10-16 14:13:38 - [MESSAGE][PASSED] - Verify element property value successfully

2023-10-16 14:13:38 - [TEST_STEP][PASSED] - verifyElementPropertyValue(getResponse, "offers[7].groups[0].pricingPlans[0].pricingPlanData[0].paymentMethod", "CREDIT_CARD"): Verify element property value successfully

2023-10-16 14:13:38 - [MESSAGE][PASSED] - Verify element property value successfully

2023-10-16 14:13:38 - [TEST_STEP][PASSED] - verifyElementPropertyValue(getResponse, "offers[7].groups[0].pricingPlans[0].pricingPlanData[0].freeTrialEnabled", "false"): Verify element property value successfully

2023-10-16 14:13:38 - [MESSAGE][PASSED] - Verify element property value successfully

2023-10-16 14:13:38 - [TEST_STEP][PASSED] - verifyElementPropertyValue(getResponse, "offers[7].groups[0].pricingPlans[0].pricingPlanData[0].showIn[0]", "VERTICAL_MODE"): Verify element property value successfully

2023-10-16 14:13:39 - [MESSAGE][PASSED] - Verify element property value successfully

2023-10-16 14:13:39 - [TEST_STEP][PASSED] - verifyElementPropertyValue(getResponse, "offers[7].groups[0].pricingPlans[0].pricingPlanData[0].showIn[1]", "HORIZONTAL_MODE"): Verify element property value successfully

2023-10-16 14:13:39 - [MESSAGE][PASSED] - Verify element property value successfully

2023-10-16 14:13:39 - [TEST_STEP][PASSED] - verifyElementPropertyValue(getResponse, "offers[7].groups[0].pricingPlans[0].pricingPlanData[0].priceLabel", "16.9"): Verify element property value successfully

2023-10-16 14:13:39 - [MESSAGE][PASSED] - Verify element property value successfully

2023-10-16 14:13:39 - [TEST_STEP][PASSED] - verifyElementPropertyValue(getResponse, "offers[7].groups[0].pricingPlans[0].pricingPlanData[0].currencyLabel", "₪"): Verify element property value successfully

2023-10-16 14:13:39 - [MESSAGE][PASSED] - Verify element property value successfully

2023-10-16 14:13:39 - [TEST_STEP][PASSED] - verifyElementPropertyValue(getResponse, "offers[7].groups[0].pricingPlans[0].pricingPlanData[0].dealId", "WB_SPORT_50P_PSE"): Verify element property value successfully

2023-10-16 14:13:39 - [MESSAGE][PASSED] - Verify element property value successfully

2023-10-16 14:13:39 - [TEST_STEP][PASSED] - verifyElementPropertyValue(getResponse, "offers[7].groups[0].pricingPlans[0].pricingPlanData[0].allowedForAcquisition", "true"): Verify element property value successfully

2023-10-16 14:13:39 - [MESSAGE][PASSED] - Verify element property value successfully

2023-10-16 14:13:39 - [TEST_STEP][PASSED] - verifyElementPropertyValue(getResponse, "offers[7].groups[0].pricingPlans[0].pricingPlanData[0].visualElements[0].key", "title"): Verify element property value successfully

2023-10-16 14:13:39 - [MESSAGE][PASSED] - Verify element property value successfully

2023-10-16 14:13:39 - [TEST_STEP][PASSED] - verifyElementPropertyValue(getResponse, "offers[7].groups[0].pricingPlans[0].pricingPlanData[0].visualElements[0].value", "Carte de crédit/débit"): Verify element property value successfully

2023-10-16 14:13:39 - [MESSAGE][PASSED] - Verify element property value successfully

2023-10-16 14:13:39 - [TEST_STEP][PASSED] - verifyElementPropertyValue(getResponse, "offers[7].groups[0].pricingPlans[0].pricingPlanData[0].visualElements[1].key", "CTA_text"): Verify element property value successfully

2023-10-16 14:13:39 - [MESSAGE][PASSED] - Verify element property value successfully

2023-10-16 14:13:39 - [TEST_STEP][PASSED] - verifyElementPropertyValue(getResponse, "offers[7].groups[0].pricingPlans[0].pricingPlanData[0].visualElements[1].value", "S’abonner"): Verify element property value successfully

2023-10-16 14:13:39 - [MESSAGE][PASSED] - Verify element property value successfully

2023-10-16 14:13:39 - [TEST_STEP][PASSED] - verifyElementPropertyValue(getResponse, "offers[7].groups[0].pricingPlans[0].pricingPlanData[0].visualElements[2].key", "logo"): Verify element property value successfully

2023-10-16 14:13:39 - [MESSAGE][PASSED] - Verify element property value successfully

2023-10-16 14:13:39 - [TEST_STEP][PASSED] - verifyElementPropertyValue(getResponse, "offers[7].groups[0].pricingPlans[0].pricingPlanData[0].visualElements[2].value", "https://static.s3.shahid.mbc.net/widget-images/icons/iconCreditCard.png"): Verify element property value successfully

2023-10-16 14:13:39 - [MESSAGE][PASSED] - Verify element property value successfully

2023-10-16 14:13:39 - [TEST_STEP][PASSED] - verifyElementPropertyValue(getResponse, "groups[0].pricingPlans[0].featured", "true"): Verify element property value successfully

2023-10-16 14:13:39 - [MESSAGE][PASSED] - Verify element property value successfully

2023-10-16 14:13:39 - [TEST_STEP][PASSED] - verifyElementPropertyValue(getResponse, "groups[0].pricingPlans[0].packageId", "SHAHID_VIP_SPORT"): Verify element property value successfully

2023-10-16 14:13:39 - [MESSAGE][PASSED] - Verify element property value successfully

2023-10-16 14:13:39 - [TEST_STEP][PASSED] - verifyElementPropertyValue(getResponse, "groups[0].pricingPlans[0].catalogId", "SPORT"): Verify element property value successfully

2023-10-16 14:13:39 - [MESSAGE][PASSED] - Verify element property value successfully

2023-10-16 14:13:39 - [TEST_STEP][PASSED] - verifyElementPropertyValue(getResponse, "groups[0].pricingPlans[0].visualElements[0].key", "Header_1_text"): Verify element property value successfully

2023-10-16 14:13:39 - [MESSAGE][PASSED] - Verify element property value successfully

2023-10-16 14:13:39 - [TEST_STEP][PASSED] - verifyElementPropertyValue(getResponse, "groups[0].pricingPlans[0].visualElements[0].value", "Abonnez-vous dès maintenant et profitez de vos programmes sans publicité"): Verify element property value successfully

2023-10-16 14:13:39 - [MESSAGE][PASSED] - Verify element property value successfully

2023-10-16 14:13:39 - [TEST_STEP][PASSED] - verifyElementPropertyValue(getResponse, "groups[0].pricingPlans[0].visualElements[1].key", "display_title"): Verify element property value successfully

2023-10-16 14:13:39 - [MESSAGE][PASSED] - Verify element property value successfully

2023-10-16 14:13:39 - [TEST_STEP][PASSED] - verifyElementPropertyValue(getResponse, "groups[0].pricingPlans[0].visualElements[1].value", "Plan Mensuel "): Verify element property value successfully

2023-10-16 14:13:39 - [MESSAGE][PASSED] - Verify element property value successfully

2023-10-16 14:13:39 - [TEST_STEP][PASSED] - verifyElementPropertyValue(getResponse, "groups[0].pricingPlans[0].visualElements[2].key", "promo_text"): Verify element property value successfully

2023-10-16 14:13:39 - [MESSAGE][PASSED] - Verify element property value successfully

2023-10-16 14:13:39 - [TEST_STEP][PASSED] - verifyElementPropertyValue(getResponse, "groups[0].pricingPlans[0].visualElements[2].value", "33.9 ₪ / mois"): Verify element property value successfully

2023-10-16 14:13:39 - [MESSAGE][PASSED] - Verify element property value successfully

2023-10-16 14:13:39 - [TEST_STEP][PASSED] - verifyElementPropertyValue(getResponse, "groups[0].pricingPlans[0].visualElements[3].key", "deduction_text"): Verify element property value successfully

2023-10-16 14:13:39 - [MESSAGE][PASSED] - Verify element property value successfully

2023-10-16 14:13:39 - [TEST_STEP][PASSED] - verifyElementPropertyValue(getResponse, "groups[0].pricingPlans[0].visualElements[3].value", "facturation mensuelle"): Verify element property value successfully

2023-10-16 14:13:39 - [MESSAGE][PASSED] - Verify element property value successfully

2023-10-16 14:13:39 - [TEST_STEP][PASSED] - verifyElementPropertyValue(getResponse, "groups[0].pricingPlans[0].visualElements[6].key", "show_payment_logo"): Verify element property value successfully

2023-10-16 14:13:39 - [MESSAGE][PASSED] - Verify element property value successfully

2023-10-16 14:13:39 - [TEST_STEP][PASSED] - verifyElementPropertyValue(getResponse, "groups[0].pricingPlans[0].visualElements[6].value", "true"): Verify element property value successfully

2023-10-16 14:13:39 - [MESSAGE][PASSED] - Verify element property value successfully

2023-10-16 14:13:39 - [TEST_STEP][PASSED] - verifyElementPropertyValue(getResponse, "groups[0].pricingPlans[0].visualElements[8].key", "price"): Verify element property value successfully

2023-10-16 14:13:39 - [MESSAGE][PASSED] - Verify element property value successfully

2023-10-16 14:13:39 - [TEST_STEP][PASSED] - verifyElementPropertyValue(getResponse, "groups[0].pricingPlans[0].visualElements[8].value", "33.9"): Verify element property value successfully

2023-10-16 14:13:39 - [MESSAGE][PASSED] - Verify element property value successfully

2023-10-16 14:13:39 - [TEST_STEP][PASSED] - verifyElementPropertyValue(getResponse, "groups[0].pricingPlans[0].visualElements[9].key", "currency"): Verify element property value successfully

2023-10-16 14:13:39 - [MESSAGE][PASSED] - Verify element property value successfully

2023-10-16 14:13:39 - [TEST_STEP][PASSED] - verifyElementPropertyValue(getResponse, "groups[0].pricingPlans[0].visualElements[9].value", "₪"): Verify element property value successfully

2023-10-16 14:13:39 - [MESSAGE][PASSED] - Verify element property value successfully

2023-10-16 14:13:39 - [TEST_STEP][PASSED] - verifyElementPropertyValue(getResponse, "groups[0].pricingPlans[0].visualElements[10].key", "duration"): Verify element property value successfully

2023-10-16 14:13:39 - [MESSAGE][PASSED] - Verify element property value successfully

2023-10-16 14:13:39 - [TEST_STEP][PASSED] - verifyElementPropertyValue(getResponse, "groups[0].pricingPlans[0].visualElements[10].value", "Mensuel"): Verify element property value successfully

2023-10-16 14:13:39 - [MESSAGE][PASSED] - Verify element property value successfully

2023-10-16 14:13:39 - [TEST_STEP][PASSED] - verifyElementPropertyValue(getResponse, "groups[0].pricingPlans[0].order", "3"): Verify element property value successfully

2023-10-16 14:13:39 - [MESSAGE][PASSED] - Verify element property value successfully

2023-10-16 14:13:39 - [TEST_STEP][PASSED] - verifyElementPropertyValue(getResponse, "groups[0].pricingPlans[0].period", "monthly"): Verify element property value successfully

2023-10-16 14:13:39 - [MESSAGE][PASSED] - Verify element property value successfully

2023-10-16 14:13:39 - [TEST_STEP][PASSED] - verifyElementPropertyValue(getResponse, "groups[0].pricingPlans[0].price", "33.9"): Verify element property value successfully

2023-10-16 14:13:39 - [MESSAGE][PASSED] - Verify element property value successfully

2023-10-16 14:13:39 - [TEST_STEP][PASSED] - verifyElementPropertyValue(getResponse, "groups[0].pricingPlans[0].currency", "₪"): Verify element property value successfully

2023-10-16 14:13:39 - [MESSAGE][PASSED] - Verify element property value successfully

2023-10-16 14:13:39 - [TEST_STEP][PASSED] - verifyElementPropertyValue(getResponse, "groups[0].pricingPlans[0].pricingPlanData[0].productId", "PSE_B2C_SHAHID_VIP_SPORT_1M"): Verify element property value successfully

2023-10-16 14:13:39 - [MESSAGE][PASSED] - Verify element property value successfully

2023-10-16 14:13:39 - [TEST_STEP][PASSED] - verifyElementPropertyValue(getResponse, "groups[0].pricingPlans[0].pricingPlanData[0].subPricingPlanIds", "null"): Verify element property value successfully

2023-10-16 14:13:39 - [MESSAGE][PASSED] - Verify element property value successfully

2023-10-16 14:13:39 - [TEST_STEP][PASSED] - verifyElementPropertyValue(getResponse, "groups[0].pricingPlans[0].pricingPlanData[0].paymentMethod", "CREDIT_CARD"): Verify element property value successfully

2023-10-16 14:13:39 - [MESSAGE][PASSED] - Verify element property value successfully

2023-10-16 14:13:39 - [TEST_STEP][PASSED] - verifyElementPropertyValue(getResponse, "groups[0].pricingPlans[0].pricingPlanData[0].freeTrialEnabled", "false"): Verify element property value successfully

2023-10-16 14:13:39 - [MESSAGE][PASSED] - Verify element property value successfully

2023-10-16 14:13:39 - [TEST_STEP][PASSED] - verifyElementPropertyValue(getResponse, "groups[0].pricingPlans[0].pricingPlanData[0].visualElements[0].key", "title"): Verify element property value successfully

2023-10-16 14:13:39 - [MESSAGE][PASSED] - Verify element property value successfully

2023-10-16 14:13:39 - [TEST_STEP][PASSED] - verifyElementPropertyValue(getResponse, "groups[0].pricingPlans[0].pricingPlanData[0].visualElements[0].value", "Carte de crédit/débit"): Verify element property value successfully

2023-10-16 14:13:39 - [MESSAGE][PASSED] - Verify element property value successfully

2023-10-16 14:13:39 - [TEST_STEP][PASSED] - verifyElementPropertyValue(getResponse, "groups[0].pricingPlans[0].pricingPlanData[0].visualElements[1].key", "CTA_text"): Verify element property value successfully

2023-10-16 14:13:39 - [MESSAGE][PASSED] - Verify element property value successfully

2023-10-16 14:13:39 - [TEST_STEP][PASSED] - verifyElementPropertyValue(getResponse, "groups[0].pricingPlans[0].pricingPlanData[0].visualElements[1].value", "S'abonner"): Verify element property value successfully

2023-10-16 14:13:39 - [MESSAGE][PASSED] - Verify element property value successfully

2023-10-16 14:13:39 - [TEST_STEP][PASSED] - verifyElementPropertyValue(getResponse, "groups[0].pricingPlans[0].pricingPlanData[0].visualElements[2].key", "logo"): Verify element property value successfully

2023-10-16 14:13:39 - [MESSAGE][PASSED] - Verify element property value successfully

2023-10-16 14:13:39 - [TEST_STEP][PASSED] - verifyElementPropertyValue(getResponse, "groups[0].pricingPlans[0].pricingPlanData[0].visualElements[2].value", "https://static.s3.shahid.mbc.net/widget-images/icons/iconCreditCard.png"): Verify element property value successfully

2023-10-16 14:13:39 - [MESSAGE][PASSED] - Verify element property value successfully

2023-10-16 14:13:39 - [TEST_STEP][PASSED] - verifyElementPropertyValue(getResponse, "groups[0].pricingPlans[0].pricingPlanData[0].priceLabel", "33.9"): Verify element property value successfully

2023-10-16 14:13:39 - [MESSAGE][PASSED] - Verify element property value successfully

2023-10-16 14:13:39 - [TEST_STEP][PASSED] - verifyElementPropertyValue(getResponse, "groups[0].pricingPlans[0].pricingPlanData[0].currencyLabel", "₪"): Verify element property value successfully

2023-10-16 14:13:39 - [MESSAGE][PASSED] - Verify element property value successfully

2023-10-16 14:13:39 - [TEST_STEP][PASSED] - verifyElementPropertyValue(getResponse, "groups[0].pricingPlans[1].featured", "false"): Verify element property value successfully

2023-10-16 14:13:39 - [MESSAGE][PASSED] - Verify element property value successfully

2023-10-16 14:13:39 - [TEST_STEP][PASSED] - verifyElementPropertyValue(getResponse, "groups[0].pricingPlans[1].packageId", "SHAHID_VIP_SPORT"): Verify element property value successfully

2023-10-16 14:13:39 - [MESSAGE][PASSED] - Verify element property value successfully

2023-10-16 14:13:39 - [TEST_STEP][PASSED] - verifyElementPropertyValue(getResponse, "groups[0].pricingPlans[1].catalogId", "SPORT"): Verify element property value successfully

2023-10-16 14:13:39 - [MESSAGE][PASSED] - Verify element property value successfully

2023-10-16 14:13:39 - [TEST_STEP][PASSED] - verifyElementPropertyValue(getResponse, "groups[0].pricingPlans[1].visualElements[0].key", "Header_1_text"): Verify element property value successfully

2023-10-16 14:13:39 - [MESSAGE][PASSED] - Verify element property value successfully

2023-10-16 14:13:39 - [TEST_STEP][PASSED] - verifyElementPropertyValue(getResponse, "groups[0].pricingPlans[1].visualElements[0].value", "Abonnez-vous dès maintenant et profitez de vos programmes sans publicité"): Verify element property value successfully

2023-10-16 14:13:39 - [MESSAGE][PASSED] - Verify element property value successfully

2023-10-16 14:13:39 - [TEST_STEP][PASSED] - verifyElementPropertyValue(getResponse, "groups[0].pricingPlans[1].visualElements[1].key", "display_title"): Verify element property value successfully

2023-10-16 14:13:39 - [MESSAGE][PASSED] - Verify element property value successfully

2023-10-16 14:13:39 - [TEST_STEP][PASSED] - verifyElementPropertyValue(getResponse, "groups[0].pricingPlans[1].visualElements[1].value", "Plan Annuel"): Verify element property value successfully

2023-10-16 14:13:39 - [MESSAGE][PASSED] - Verify element property value successfully

2023-10-16 14:13:39 - [TEST_STEP][PASSED] - verifyElementPropertyValue(getResponse, "groups[0].pricingPlans[1].visualElements[2].key", "tag_text"): Verify element property value successfully

2023-10-16 14:13:39 - [MESSAGE][PASSED] - Verify element property value successfully

2023-10-16 14:13:39 - [TEST_STEP][PASSED] - verifyElementPropertyValue(getResponse, "groups[0].pricingPlans[1].visualElements[2].value", "Économisez 15%"): Verify element property value successfully

2023-10-16 14:13:39 - [MESSAGE][PASSED] - Verify element property value successfully

2023-10-16 14:13:39 - [TEST_STEP][PASSED] - verifyElementPropertyValue(getResponse, "groups[0].pricingPlans[1].visualElements[3].key", "promo_text"): Verify element property value successfully

2023-10-16 14:13:39 - [MESSAGE][PASSED] - Verify element property value successfully

2023-10-16 14:13:39 - [TEST_STEP][PASSED] - verifyElementPropertyValue(getResponse, "groups[0].pricingPlans[1].visualElements[3].value", "28.74 ₪/ mois"): Verify element property value successfully

2023-10-16 14:13:39 - [MESSAGE][PASSED] - Verify element property value successfully

2023-10-16 14:13:39 - [TEST_STEP][PASSED] - verifyElementPropertyValue(getResponse, "groups[0].pricingPlans[1].visualElements[4].key", "deduction_text"): Verify element property value successfully

2023-10-16 14:13:39 - [MESSAGE][PASSED] - Verify element property value successfully

2023-10-16 14:13:39 - [TEST_STEP][PASSED] - verifyElementPropertyValue(getResponse, "groups[0].pricingPlans[1].visualElements[4].value", "344.9 ₪ facturés chaque année"): Verify element property value successfully

2023-10-16 14:13:39 - [MESSAGE][PASSED] - Verify element property value successfully

2023-10-16 14:13:39 - [TEST_STEP][PASSED] - verifyElementPropertyValue(getResponse, "groups[0].pricingPlans[1].visualElements[7].key", "show_payment_logo"): Verify element property value successfully

2023-10-16 14:13:39 - [MESSAGE][PASSED] - Verify element property value successfully

2023-10-16 14:13:39 - [TEST_STEP][PASSED] - verifyElementPropertyValue(getResponse, "groups[0].pricingPlans[1].visualElements[7].value", "true"): Verify element property value successfully

2023-10-16 14:13:39 - [MESSAGE][PASSED] - Verify element property value successfully

2023-10-16 14:13:39 - [TEST_STEP][PASSED] - verifyElementPropertyValue(getResponse, "groups[0].pricingPlans[1].visualElements[8].key", "show_tag"): Verify element property value successfully

2023-10-16 14:13:39 - [MESSAGE][PASSED] - Verify element property value successfully

2023-10-16 14:13:39 - [TEST_STEP][PASSED] - verifyElementPropertyValue(getResponse, "groups[0].pricingPlans[1].visualElements[8].value", "true"): Verify element property value successfully

2023-10-16 14:13:39 - [MESSAGE][PASSED] - Verify element property value successfully

2023-10-16 14:13:39 - [TEST_STEP][PASSED] - verifyElementPropertyValue(getResponse, "groups[0].pricingPlans[1].visualElements[10].key", "price"): Verify element property value successfully

2023-10-16 14:13:39 - [MESSAGE][PASSED] - Verify element property value successfully

2023-10-16 14:13:39 - [TEST_STEP][PASSED] - verifyElementPropertyValue(getResponse, "groups[0].pricingPlans[1].visualElements[10].value", "344.9"): Verify element property value successfully

2023-10-16 14:13:39 - [MESSAGE][PASSED] - Verify element property value successfully

2023-10-16 14:13:39 - [TEST_STEP][PASSED] - verifyElementPropertyValue(getResponse, "groups[0].pricingPlans[1].visualElements[11].key", "currency"): Verify element property value successfully

2023-10-16 14:13:39 - [MESSAGE][PASSED] - Verify element property value successfully

2023-10-16 14:13:39 - [TEST_STEP][PASSED] - verifyElementPropertyValue(getResponse, "groups[0].pricingPlans[1].visualElements[11].value", "₪"): Verify element property value successfully

2023-10-16 14:13:39 - [MESSAGE][PASSED] - Verify element property value successfully

2023-10-16 14:13:39 - [TEST_STEP][PASSED] - verifyElementPropertyValue(getResponse, "groups[0].pricingPlans[1].visualElements[12].key", "duration"): Verify element property value successfully

2023-10-16 14:13:39 - [MESSAGE][PASSED] - Verify element property value successfully

2023-10-16 14:13:39 - [TEST_STEP][PASSED] - verifyElementPropertyValue(getResponse, "groups[0].pricingPlans[1].visualElements[12].value", "Annuel"): Verify element property value successfully

2023-10-16 14:13:39 - [MESSAGE][PASSED] - Verify element property value successfully

2023-10-16 14:13:39 - [TEST_STEP][PASSED] - verifyElementPropertyValue(getResponse, "groups[0].pricingPlans[1].order", "5"): Verify element property value successfully

2023-10-16 14:13:39 - [MESSAGE][PASSED] - Verify element property value successfully

2023-10-16 14:13:39 - [TEST_STEP][PASSED] - verifyElementPropertyValue(getResponse, "groups[0].pricingPlans[1].period", "yearly"): Verify element property value successfully

2023-10-16 14:13:39 - [MESSAGE][PASSED] - Verify element property value successfully

2023-10-16 14:13:39 - [TEST_STEP][PASSED] - verifyElementPropertyValue(getResponse, "groups[0].pricingPlans[1].price", "344.9"): Verify element property value successfully

2023-10-16 14:13:39 - [MESSAGE][PASSED] - Verify element property value successfully

2023-10-16 14:13:39 - [TEST_STEP][PASSED] - verifyElementPropertyValue(getResponse, "groups[0].pricingPlans[1].currency", "₪"): Verify element property value successfully

2023-10-16 14:13:39 - [MESSAGE][PASSED] - Verify element property value successfully

2023-10-16 14:13:39 - [TEST_STEP][PASSED] - verifyElementPropertyValue(getResponse, "groups[0].pricingPlans[1].pricingPlanData[0].productId", "PSE_B2C_SHAHID_VIP_SPORT_12M"): Verify element property value successfully

2023-10-16 14:13:39 - [MESSAGE][PASSED] - Verify element property value successfully

2023-10-16 14:13:39 - [TEST_STEP][PASSED] - verifyElementPropertyValue(getResponse, "groups[0].pricingPlans[1].pricingPlanData[0].subPricingPlanIds", "null"): Verify element property value successfully

2023-10-16 14:13:39 - [MESSAGE][PASSED] - Verify element property value successfully

2023-10-16 14:13:39 - [TEST_STEP][PASSED] - verifyElementPropertyValue(getResponse, "groups[0].pricingPlans[1].pricingPlanData[0].paymentMethod", "CREDIT_CARD"): Verify element property value successfully

2023-10-16 14:13:39 - [MESSAGE][PASSED] - Verify element property value successfully

2023-10-16 14:13:39 - [TEST_STEP][PASSED] - verifyElementPropertyValue(getResponse, "groups[0].pricingPlans[1].pricingPlanData[0].freeTrialEnabled", "false"): Verify element property value successfully

2023-10-16 14:13:39 - [MESSAGE][PASSED] - Verify element property value successfully

2023-10-16 14:13:39 - [TEST_STEP][PASSED] - verifyElementPropertyValue(getResponse, "groups[0].pricingPlans[1].pricingPlanData[0].visualElements[0].key", "title"): Verify element property value successfully

2023-10-16 14:13:39 - [MESSAGE][PASSED] - Verify element property value successfully

2023-10-16 14:13:39 - [TEST_STEP][PASSED] - verifyElementPropertyValue(getResponse, "groups[0].pricingPlans[1].pricingPlanData[0].visualElements[0].value", "Carte de crédit/débit"): Verify element property value successfully

2023-10-16 14:13:39 - [MESSAGE][PASSED] - Verify element property value successfully

2023-10-16 14:13:39 - [TEST_STEP][PASSED] - verifyElementPropertyValue(getResponse, "groups[0].pricingPlans[1].pricingPlanData[0].visualElements[1].key", "CTA_text"): Verify element property value successfully

2023-10-16 14:13:39 - [MESSAGE][PASSED] - Verify element property value successfully

2023-10-16 14:13:39 - [TEST_STEP][PASSED] - verifyElementPropertyValue(getResponse, "groups[0].pricingPlans[1].pricingPlanData[0].visualElements[1].value", "S'abonner"): Verify element property value successfully

2023-10-16 14:13:39 - [MESSAGE][PASSED] - Verify element property value successfully

2023-10-16 14:13:39 - [TEST_STEP][PASSED] - verifyElementPropertyValue(getResponse, "groups[0].pricingPlans[1].pricingPlanData[0].visualElements[2].key", "logo"): Verify element property value successfully

2023-10-16 14:13:39 - [MESSAGE][PASSED] - Verify element property value successfully

2023-10-16 14:13:39 - [TEST_STEP][PASSED] - verifyElementPropertyValue(getResponse, "groups[0].pricingPlans[1].pricingPlanData[0].visualElements[2].value", "https://static.s3.shahid.mbc.net/widget-images/icons/iconCreditCard.png"): Verify element property value successfully

2023-10-16 14:13:39 - [MESSAGE][PASSED] - Verify element property value successfully

2023-10-16 14:13:39 - [TEST_STEP][PASSED] - verifyElementPropertyValue(getResponse, "groups[0].pricingPlans[1].pricingPlanData[0].priceLabel", "344.9"): Verify element property value successfully

2023-10-16 14:13:39 - [MESSAGE][PASSED] - Verify element property value successfully

2023-10-16 14:13:39 - [TEST_STEP][PASSED] - verifyElementPropertyValue(getResponse, "groups[0].pricingPlans[1].pricingPlanData[0].currencyLabel", "₪"): Verify element property value successfully

2023-10-16 14:13:39 - [MESSAGE][PASSED] - Verify element property value successfully

2023-10-16 14:13:39 - [TEST_STEP][PASSED] - verifyElementPropertyValue(getResponse, "groups[0].pricingPlans[1].pricingPlanData[0].allowedForAcquisition", "true"): Verify element property value successfully

2023-10-16 14:13:39 - [MESSAGE][PASSED] - Verify element property value successfully

2023-10-16 14:13:39 - [TEST_STEP][PASSED] - verifyElementPropertyValue(getResponse, "groups[0].pricingPlans[1].pricingPlanData[0].showIn[0]", "VERTICAL_MODE"): Verify element property value successfully

2023-10-16 14:13:39 - [MESSAGE][PASSED] - Verify element property value successfully

2023-10-16 14:13:39 - [TEST_STEP][PASSED] - verifyElementPropertyValue(getResponse, "groups[0].pricingPlans[1].pricingPlanData[0].showIn[1]", "HORIZONTAL_MODE"): Verify element property value successfully

2023-10-16 14:13:39 - [MESSAGE][PASSED] - Verify element property value successfully

2023-10-16 14:13:39 - [TEST_STEP][PASSED] - verifyElementPropertyValue(getResponse, "visualElements[0].key", "main_CTA_text_1"): Verify element property value successfully

2023-10-16 14:13:39 - [MESSAGE][PASSED] - Verify element property value successfully

2023-10-16 14:13:39 - [TEST_STEP][PASSED] - verifyElementPropertyValue(getResponse, "visualElements[0].value", "Abonnez-vous dès maintenant et profitez de vos programmes sans publicité"): Verify element property value successfully

2023-10-16 14:13:39 - [MESSAGE][PASSED] - Verify element property value successfully

2023-10-16 14:13:39 - [TEST_STEP][PASSED] - verifyElementPropertyValue(getResponse, "visualElements[2].key", "main_disclaimer_text"): Verify element property value successfully

2023-10-16 14:13:39 - [MESSAGE][PASSED] - Verify element property value successfully

2023-10-16 14:13:39 - [TEST_STEP][PASSED] - verifyElementPropertyValue(getResponse, "visualElements[2].value", "Les frais d'abonnement peuvent varier selon le pays, le moyen de paiement, le forfait, les taxes, les taux de change et les frais bancaires. Les conditions générales d'utilisation s'appliquent."): Verify element property value successfully

2023-10-16 14:13:39 - [MESSAGE][PASSED] - Verify element property value successfully

2023-10-16 14:13:39 - [TEST_STEP][PASSED] - verifyElementPropertyValue(getResponse, "visualElements[4].key", "display_type"): Verify element property value successfully

2023-10-16 14:13:39 - [MESSAGE][PASSED] - Verify element property value successfully

2023-10-16 14:13:39 - [TEST_STEP][PASSED] - verifyElementPropertyValue(getResponse, "visualElements[4].value", "vertical"): Verify element property value successfully

2023-10-16 14:13:39 - [MESSAGE][PASSED] - Verify element property value successfully

2023-10-16 14:13:39 - [TEST_STEP][PASSED] - verifyElementPropertyValue(getResponse, "pages[0].visualElements[0].key", "alternative_payment_title"): Verify element property value successfully

2023-10-16 14:13:39 - [MESSAGE][PASSED] - Verify element property value successfully

2023-10-16 14:13:39 - [TEST_STEP][FAILED] - verifyElementPropertyValue(getResponse, "pages[0].visualElements[0].value", "Ou choisissez l'un des autres moyens de paiement suivants'"): Expected element property value 'Ou choisissez l'un des autres moyens de paiement suivants'' is not equal with actual property value 'Ou choisissez l'un des autres moyens de paiement suivants'

2023-10-16 14:13:39 - [MESSAGE][FAILED] - Expected element property value 'Ou choisissez l'un des autres moyens de paiement suivants'' is not equal with actual property value 'Ou choisissez l'un des autres moyens de paiement suivants'

2023-10-16 14:13:39 - [TEST_STEP][PASSED] - verifyElementPropertyValue(getResponse, "pages[0].visualElements[1].key", "label_text"): Verify element property value successfully

2023-10-16 14:13:39 - [MESSAGE][PASSED] - Verify element property value successfully

2023-10-16 14:13:39 - [TEST_STEP][PASSED] - verifyElementPropertyValue(getResponse, "pages[0].visualElements[1].value", "Autres moyens de paiement"): Verify element property value successfully

2023-10-16 14:13:39 - [MESSAGE][PASSED] - Verify element property value successfully

2023-10-16 14:13:39 - [TEST_STEP][PASSED] - verifyElementPropertyValue(getResponse, "pages[0].visualElements[3].key", "CTA_text"): Verify element property value successfully

2023-10-16 14:13:39 - [MESSAGE][PASSED] - Verify element property value successfully

2023-10-16 14:13:39 - [TEST_STEP][PASSED] - verifyElementPropertyValue(getResponse, "pages[0].visualElements[3].value", "Cliquez ici"): Verify element property value successfully

2023-10-16 14:13:39 - [MESSAGE][PASSED] - Verify element property value successfully

2023-10-16 14:13:39 - [TEST_STEP][PASSED] - verifyElementPropertyValue(getResponse, "pages[0].visualElements[4].key", "main_title"): Verify element property value successfully

2023-10-16 14:13:39 - [MESSAGE][PASSED] - Verify element property value successfully

2023-10-16 14:13:39 - [TEST_STEP][PASSED] - verifyElementPropertyValue(getResponse, "pages[0].visualElements[4].value", "Autres moyens de paiement"): Verify element property value successfully

2023-10-16 14:13:39 - [MESSAGE][PASSED] - Verify element property value successfully

2023-10-16 14:13:39 - [TEST_STEP][PASSED] - verifyElementPropertyValue(getResponse, "pages[0].visualElements[6].key", "alternative_payment_methods"): Verify element property value successfully

2023-10-16 14:13:39 - [MESSAGE][PASSED] - Verify element property value successfully

2023-10-16 14:13:39 - [TEST_STEP][PASSED] - verifyElementPropertyValue(getResponse, "pages[0].visualElements[6].value", "Vous pouvez vous procurer un code promo Shahid auprès de l'un des points de vente suivants"): Verify element property value successfully

2023-10-16 14:13:39 - [MESSAGE][PASSED] - Verify element property value successfully

2023-10-16 14:13:39 - [TEST_STEP][PASSED] - verifyElementPropertyValue(getResponse, "defaultPackageId", "SHAHID_VIP"): Verify element property value successfully

2023-10-16 14:13:39 - [MESSAGE][PASSED] - Verify element property value successfully]]></system-out>
         <system-err><![CDATA[2023-10-16 14:13:36 - [TEST_CASE][FAILED] - Test Cases/WEB - CHROME/PSE PI/WEB_FR_getSubscriptionConfigForPSE_SPORT: Test Cases/WEB - CHROME/PSE PI/WEB_FR_getSubscriptionConfigForPSE_SPORT FAILED.
Reason:
com.kms.katalon.core.exception.StepFailedException: Expected element property value 'Ou choisissez l'un des autres moyens de paiement suivants'' is not equal with actual property value 'Ou choisissez l'un des autres moyens de paiement suivants'
	at com.kms.katalon.core.keyword.internal.KeywordMain.stepFailed(KeywordMain.groovy:39)
	at com.kms.katalon.core.webservice.keyword.builtin.VerifyElementPropertyValueKeyword$_verifyElementPropertyValue_closure1.doCall(VerifyElementPropertyValueKeyword.groovy:56)
	at com.kms.katalon.core.webservice.keyword.builtin.VerifyElementPropertyValueKeyword$_verifyElementPropertyValue_closure1.call(VerifyElementPropertyValueKeyword.groovy)
	at com.kms.katalon.core.keyword.internal.KeywordMain.runKeyword(KeywordMain.groovy:75)
	at com.kms.katalon.core.webservice.keyword.builtin.VerifyElementPropertyValueKeyword.verifyElementPropertyValue(VerifyElementPropertyValueKeyword.groovy:48)
	at com.kms.katalon.core.webservice.keyword.builtin.VerifyElementPropertyValueKeyword.execute(VerifyElementPropertyValueKeyword.groovy:43)
	at com.kms.katalon.core.keyword.internal.KeywordExecutor.executeKeywordForPlatform(KeywordExecutor.groovy:74)
	at com.kms.katalon.core.webservice.keyword.WSBuiltInKeywords.verifyElementPropertyValue(WSBuiltInKeywords.groovy:190)
	at com.kms.katalon.core.webservice.keyword.WSBuiltInKeywords$verifyElementPropertyValue$1.call(Unknown Source)
	at WEB_FR_getSubscriptionConfigForPSE_SPORT.run(WEB_FR_getSubscriptionConfigForPSE_SPORT:303)
	at com.kms.katalon.core.main.ScriptEngine.run(ScriptEngine.java:194)
	at com.kms.katalon.core.main.ScriptEngine.runScriptAsRawText(ScriptEngine.java:119)
	at com.kms.katalon.core.main.TestCaseExecutor.runScript(TestCaseExecutor.java:448)
	at com.kms.katalon.core.main.TestCaseExecutor.doExecute(TestCaseExecutor.java:439)
	at com.kms.katalon.core.main.TestCaseExecutor.processExecutionPhase(TestCaseExecutor.java:418)
	at com.kms.katalon.core.main.TestCaseExecutor.accessMainPhase(TestCaseExecutor.java:410)
	at com.kms.katalon.core.main.TestCaseExecutor.execute(TestCaseExecutor.java:285)
	at com.kms.katalon.core.common.CommonExecutor.accessTestCaseMainPhase(CommonExecutor.java:65)
	at com.kms.katalon.core.main.TestSuiteExecutor.accessTestSuiteMainPhase(TestSuiteExecutor.java:148)
	at com.kms.katalon.core.main.TestSuiteExecutor.execute(TestSuiteExecutor.java:106)
	at com.kms.katalon.core.main.TestCaseMain.startTestSuite(TestCaseMain.java:187)
	at com.kms.katalon.core.main.TestCaseMain$startTestSuite$0.call(Unknown Source)
	at TempTestSuite1697454207688.run(TempTestSuite1697454207688.groovy:36)]]></system-err>
      </testcase>
      <system-out><![CDATA[2023-10-16 14:13:20 - [TEST_SUITE][FAILED] - PSE: Test Cases/WEB - CHROME/PSE PI/WEB_FR_getSubscriptionConfigForPSE_VIP FAILED.
Reason:
com.kms.katalon.core.exception.StepFailedException: Expected element property value 'Plan Mensuel' is not equal with actual property value 'Plan Mensuel '
	at com.kms.katalon.core.keyword.internal.KeywordMain.stepFailed(KeywordMain.groovy:39)
	at com.kms.katalon.core.webservice.keyword.builtin.VerifyElementPropertyValueKeyword$_verifyElementPropertyValue_closure1.doCall(VerifyElementPropertyValueKeyword.groovy:56)
	at com.kms.katalon.core.webservice.keyword.builtin.VerifyElementPropertyValueKeyword$_verifyElementPropertyValue_closure1.call(VerifyElementPropertyValueKeyword.groovy)
	at com.kms.katalon.core.keyword.internal.KeywordMain.runKeyword(KeywordMain.groovy:75)
	at com.kms.katalon.core.webservice.keyword.builtin.VerifyElementPropertyValueKeyword.verifyElementPropertyValue(VerifyElementPropertyValueKeyword.groovy:48)
	at com.kms.katalon.core.webservice.keyword.builtin.VerifyElementPropertyValueKeyword.execute(VerifyElementPropertyValueKeyword.groovy:43)
	at com.kms.katalon.core.keyword.internal.KeywordExecutor.executeKeywordForPlatform(KeywordExecutor.groovy:74)
	at com.kms.katalon.core.webservice.keyword.WSBuiltInKeywords.verifyElementPropertyValue(WSBuiltInKeywords.groovy:190)
	at com.kms.katalon.core.webservice.keyword.WSBuiltInKeywords$verifyElementPropertyValue$1.call(Unknown Source)
	at WEB_FR_getSubscriptionConfigForPSE_VIP.run(WEB_FR_getSubscriptionConfigForPSE_VIP:212)
	at com.kms.katalon.core.main.ScriptEngine.run(ScriptEngine.java:194)
	at com.kms.katalon.core.main.ScriptEngine.runScriptAsRawText(ScriptEngine.java:119)
	at com.kms.katalon.core.main.TestCaseExecutor.runScript(TestCaseExecutor.java:448)
	at com.kms.katalon.core.main.TestCaseExecutor.doExecute(TestCaseExecutor.java:439)
	at com.kms.katalon.core.main.TestCaseExecutor.processExecutionPhase(TestCaseExecutor.java:418)
	at com.kms.katalon.core.main.TestCaseExecutor.accessMainPhase(TestCaseExecutor.java:410)
	at com.kms.katalon.core.main.TestCaseExecutor.execute(TestCaseExecutor.java:285)
	at com.kms.katalon.core.common.CommonExecutor.accessTestCaseMainPhase(CommonExecutor.java:65)
	at com.kms.katalon.core.main.TestSuiteExecutor.accessTestSuiteMainPhase(TestSuiteExecutor.java:148)
	at com.kms.katalon.core.main.TestSuiteExecutor.execute(TestSuiteExecutor.java:106)
	at com.kms.katalon.core.main.TestCaseMain.startTestSuite(TestCaseMain.java:187)
	at com.kms.katalon.core.main.TestCaseMain$startTestSuite$0.call(Unknown Source)
	at TempTestSuite1697454207688.run(TempTestSuite1697454207688.groovy:36)]]></system-out>
      <system-err><![CDATA[2023-10-16 14:13:20 - [TEST_SUITE][FAILED] - PSE: Test Cases/WEB - CHROME/PSE PI/WEB_FR_getSubscriptionConfigForPSE_VIP FAILED.
Reason:
com.kms.katalon.core.exception.StepFailedException: Expected element property value 'Plan Mensuel' is not equal with actual property value 'Plan Mensuel '
	at com.kms.katalon.core.keyword.internal.KeywordMain.stepFailed(KeywordMain.groovy:39)
	at com.kms.katalon.core.webservice.keyword.builtin.VerifyElementPropertyValueKeyword$_verifyElementPropertyValue_closure1.doCall(VerifyElementPropertyValueKeyword.groovy:56)
	at com.kms.katalon.core.webservice.keyword.builtin.VerifyElementPropertyValueKeyword$_verifyElementPropertyValue_closure1.call(VerifyElementPropertyValueKeyword.groovy)
	at com.kms.katalon.core.keyword.internal.KeywordMain.runKeyword(KeywordMain.groovy:75)
	at com.kms.katalon.core.webservice.keyword.builtin.VerifyElementPropertyValueKeyword.verifyElementPropertyValue(VerifyElementPropertyValueKeyword.groovy:48)
	at com.kms.katalon.core.webservice.keyword.builtin.VerifyElementPropertyValueKeyword.execute(VerifyElementPropertyValueKeyword.groovy:43)
	at com.kms.katalon.core.keyword.internal.KeywordExecutor.executeKeywordForPlatform(KeywordExecutor.groovy:74)
	at com.kms.katalon.core.webservice.keyword.WSBuiltInKeywords.verifyElementPropertyValue(WSBuiltInKeywords.groovy:190)
	at com.kms.katalon.core.webservice.keyword.WSBuiltInKeywords$verifyElementPropertyValue$1.call(Unknown Source)
	at WEB_FR_getSubscriptionConfigForPSE_VIP.run(WEB_FR_getSubscriptionConfigForPSE_VIP:212)
	at com.kms.katalon.core.main.ScriptEngine.run(ScriptEngine.java:194)
	at com.kms.katalon.core.main.ScriptEngine.runScriptAsRawText(ScriptEngine.java:119)
	at com.kms.katalon.core.main.TestCaseExecutor.runScript(TestCaseExecutor.java:448)
	at com.kms.katalon.core.main.TestCaseExecutor.doExecute(TestCaseExecutor.java:439)
	at com.kms.katalon.core.main.TestCaseExecutor.processExecutionPhase(TestCaseExecutor.java:418)
	at com.kms.katalon.core.main.TestCaseExecutor.accessMainPhase(TestCaseExecutor.java:410)
	at com.kms.katalon.core.main.TestCaseExecutor.execute(TestCaseExecutor.java:285)
	at com.kms.katalon.core.common.CommonExecutor.accessTestCaseMainPhase(CommonExecutor.java:65)
	at com.kms.katalon.core.main.TestSuiteExecutor.accessTestSuiteMainPhase(TestSuiteExecutor.java:148)
	at com.kms.katalon.core.main.TestSuiteExecutor.execute(TestSuiteExecutor.java:106)
	at com.kms.katalon.core.main.TestCaseMain.startTestSuite(TestCaseMain.java:187)
	at com.kms.katalon.core.main.TestCaseMain$startTestSuite$0.call(Unknown Source)
	at TempTestSuite1697454207688.run(TempTestSuite1697454207688.groovy:36)]]></system-err>
   </testsuite>
</testsuites>
