<?xml version="1.0" encoding="UTF-8"?>
<testsuites name="ISR" time="111.659" tests="10" failures="3" errors="0">
   <testsuite name="ISR" tests="10" failures="3" errors="0" time="111.659" skipped="0" timestamp="2023-10-16 14:03:59" hostname="admin - 10.109.12.148" id="Test Suites/WEB/ISR">
      <properties>
         <property name="deviceName" value=""/>
         <property name="devicePlatform" value=""/>
         <property name="logFolder" value="/Users/admin/git/shahid-configuration/Reports/20231016_140310/WEB/ISR/20231016_140311"/>
         <property name="logFiles" value="/Users/admin/git/shahid-configuration/Reports/20231016_140310/WEB/ISR/20231016_140311/execution0.log"/>
         <property name="attachments" value=""/>
         <property name="hostName" value="admin - 10.109.12.148"/>
         <property name="hostAddress" value="10.109.12.148"/>
         <property name="os" value="Mac OS X 64bit"/>
         <property name="katalonVersion" value="8.6.6.208"/>
      </properties>
      <testcase name="Test Cases/WEB - CHROME/ISR PI/WEB_AR_getSubscriptionConfigForISR_SPORT" time="3.474" classname="Test Cases/WEB - CHROME/ISR PI/WEB_AR_getSubscriptionConfigForISR_SPORT" status="PASSED">
         <system-out><![CDATA[2023-10-16 14:03:59 - [TEST_CASE][PASSED] - Test Cases/WEB - CHROME/ISR PI/WEB_AR_getSubscriptionConfigForISR_SPORT: Test Cases/WEB - CHROME/ISR PI/WEB_AR_getSubscriptionConfigForISR_SPORT

2023-10-16 14:04:00 - [TEST_STEP][PASSED] - getResponse = config_files.getConfigFile.getConfig("WEB", "AR", "SHAHID_VIP_SPORT", "IL", "false"): config_files.getConfigFile.getConfig is PASSED

2023-10-16 14:04:02 - [MESSAGE][INFO] - HAR: /Users/admin/git/shahid-configuration/Reports/20231016_140310/WEB/ISR/20231016_140311/requests/main/0.har

2023-10-16 14:04:02 - [MESSAGE][PASSED] - Send request successfully

2023-10-16 14:04:02 - [MESSAGE][PASSED] - config_files.getConfigFile.getConfig is PASSED

2023-10-16 14:04:02 - [TEST_STEP][PASSED] - verifyResponseStatusCode(getResponse, 200): Verify response status code successfully

2023-10-16 14:04:02 - [MESSAGE][PASSED] - Verify response status code successfully

2023-10-16 14:04:02 - [TEST_STEP][PASSED] - verifyElementPropertyValue(getResponse, "country", "ISR"): Verify element property value successfully

2023-10-16 14:04:02 - [MESSAGE][PASSED] - Verify element property value successfully

2023-10-16 14:04:02 - [TEST_STEP][PASSED] - verifyElementPropertyValue(getResponse, "platform", "[WEB]"): Verify element property value successfully

2023-10-16 14:04:02 - [MESSAGE][PASSED] - Verify element property value successfully

2023-10-16 14:04:02 - [TEST_STEP][PASSED] - verifyElementPropertyValue(getResponse, "groups[0].pricingPlans[0].featured", "true"): Verify element property value successfully

2023-10-16 14:04:02 - [MESSAGE][PASSED] - Verify element property value successfully

2023-10-16 14:04:02 - [TEST_STEP][PASSED] - verifyElementPropertyValue(getResponse, "groups[0].pricingPlans[0].packageId", "SHAHID_VIP_SPORT"): Verify element property value successfully

2023-10-16 14:04:02 - [MESSAGE][PASSED] - Verify element property value successfully

2023-10-16 14:04:02 - [TEST_STEP][PASSED] - verifyElementPropertyValue(getResponse, "groups[0].pricingPlans[0].catalogId", "SPORT"): Verify element property value successfully

2023-10-16 14:04:02 - [MESSAGE][PASSED] - Verify element property value successfully

2023-10-16 14:04:02 - [TEST_STEP][PASSED] - verifyElementPropertyValue(getResponse, "groups[0].pricingPlans[0].visualElements[0].key", "Header_1_text"): Verify element property value successfully

2023-10-16 14:04:02 - [MESSAGE][PASSED] - Verify element property value successfully

2023-10-16 14:04:02 - [TEST_STEP][PASSED] - verifyElementPropertyValue(getResponse, "groups[0].pricingPlans[0].visualElements[0].value", "شاهد أقوى المسلسلات و الأفلام حصرياً دون توقف"): Verify element property value successfully

2023-10-16 14:04:02 - [MESSAGE][PASSED] - Verify element property value successfully

2023-10-16 14:04:02 - [TEST_STEP][PASSED] - verifyElementPropertyValue(getResponse, "groups[0].pricingPlans[0].visualElements[1].key", "display_title"): Verify element property value successfully

2023-10-16 14:04:02 - [MESSAGE][PASSED] - Verify element property value successfully

2023-10-16 14:04:02 - [TEST_STEP][PASSED] - verifyElementPropertyValue(getResponse, "groups[0].pricingPlans[0].visualElements[1].value", "الاشتراك الشهري "): Verify element property value successfully

2023-10-16 14:04:02 - [MESSAGE][PASSED] - Verify element property value successfully

2023-10-16 14:04:02 - [TEST_STEP][PASSED] - verifyElementPropertyValue(getResponse, "groups[0].pricingPlans[0].visualElements[2].key", "promo_text"): Verify element property value successfully

2023-10-16 14:04:02 - [MESSAGE][PASSED] - Verify element property value successfully

2023-10-16 14:04:02 - [TEST_STEP][PASSED] - verifyElementPropertyValue(getResponse, "groups[0].pricingPlans[0].visualElements[2].value", "43.9 ₪ / شهرياً"): Verify element property value successfully

2023-10-16 14:04:02 - [MESSAGE][PASSED] - Verify element property value successfully

2023-10-16 14:04:02 - [TEST_STEP][PASSED] - verifyElementPropertyValue(getResponse, "groups[0].pricingPlans[0].visualElements[3].key", "deduction_text"): Verify element property value successfully

2023-10-16 14:04:02 - [MESSAGE][PASSED] - Verify element property value successfully

2023-10-16 14:04:02 - [TEST_STEP][PASSED] - verifyElementPropertyValue(getResponse, "groups[0].pricingPlans[0].visualElements[3].value", "تدفع شهرياً"): Verify element property value successfully

2023-10-16 14:04:02 - [MESSAGE][PASSED] - Verify element property value successfully

2023-10-16 14:04:02 - [TEST_STEP][PASSED] - verifyElementPropertyValue(getResponse, "groups[0].pricingPlans[0].visualElements[6].key", "show_payment_logo"): Verify element property value successfully

2023-10-16 14:04:02 - [MESSAGE][PASSED] - Verify element property value successfully

2023-10-16 14:04:02 - [TEST_STEP][PASSED] - verifyElementPropertyValue(getResponse, "groups[0].pricingPlans[0].visualElements[6].value", "true"): Verify element property value successfully

2023-10-16 14:04:02 - [MESSAGE][PASSED] - Verify element property value successfully

2023-10-16 14:04:02 - [TEST_STEP][PASSED] - verifyElementPropertyValue(getResponse, "groups[0].pricingPlans[0].visualElements[8].key", "price"): Verify element property value successfully

2023-10-16 14:04:02 - [MESSAGE][PASSED] - Verify element property value successfully

2023-10-16 14:04:02 - [TEST_STEP][PASSED] - verifyElementPropertyValue(getResponse, "groups[0].pricingPlans[0].visualElements[8].value", "43.9"): Verify element property value successfully

2023-10-16 14:04:02 - [MESSAGE][PASSED] - Verify element property value successfully

2023-10-16 14:04:02 - [TEST_STEP][PASSED] - verifyElementPropertyValue(getResponse, "groups[0].pricingPlans[0].visualElements[9].key", "currency"): Verify element property value successfully

2023-10-16 14:04:02 - [MESSAGE][PASSED] - Verify element property value successfully

2023-10-16 14:04:02 - [TEST_STEP][PASSED] - verifyElementPropertyValue(getResponse, "groups[0].pricingPlans[0].visualElements[9].value", "₪"): Verify element property value successfully

2023-10-16 14:04:02 - [MESSAGE][PASSED] - Verify element property value successfully

2023-10-16 14:04:02 - [TEST_STEP][PASSED] - verifyElementPropertyValue(getResponse, "groups[0].pricingPlans[0].visualElements[10].key", "duration"): Verify element property value successfully

2023-10-16 14:04:02 - [MESSAGE][PASSED] - Verify element property value successfully

2023-10-16 14:04:02 - [TEST_STEP][PASSED] - verifyElementPropertyValue(getResponse, "groups[0].pricingPlans[0].visualElements[10].value", "شهرياً"): Verify element property value successfully

2023-10-16 14:04:02 - [MESSAGE][PASSED] - Verify element property value successfully

2023-10-16 14:04:02 - [TEST_STEP][PASSED] - verifyElementPropertyValue(getResponse, "groups[0].pricingPlans[0].visualElements[11].key", "featured_tag_text"): Verify element property value successfully

2023-10-16 14:04:02 - [MESSAGE][PASSED] - Verify element property value successfully

2023-10-16 14:04:02 - [TEST_STEP][PASSED] - verifyElementPropertyValue(getResponse, "groups[0].pricingPlans[0].visualElements[11].value", "الأكثر مبيعاً"): Verify element property value successfully

2023-10-16 14:04:02 - [MESSAGE][PASSED] - Verify element property value successfully

2023-10-16 14:04:02 - [TEST_STEP][PASSED] - verifyElementPropertyValue(getResponse, "groups[0].pricingPlans[0].order", "3"): Verify element property value successfully

2023-10-16 14:04:02 - [MESSAGE][PASSED] - Verify element property value successfully

2023-10-16 14:04:02 - [TEST_STEP][PASSED] - verifyElementPropertyValue(getResponse, "groups[0].pricingPlans[0].period", "monthly"): Verify element property value successfully

2023-10-16 14:04:02 - [MESSAGE][PASSED] - Verify element property value successfully

2023-10-16 14:04:02 - [TEST_STEP][PASSED] - verifyElementPropertyValue(getResponse, "groups[0].pricingPlans[0].price", "43.9"): Verify element property value successfully

2023-10-16 14:04:02 - [MESSAGE][PASSED] - Verify element property value successfully

2023-10-16 14:04:02 - [TEST_STEP][PASSED] - verifyElementPropertyValue(getResponse, "groups[0].pricingPlans[0].currency", "₪"): Verify element property value successfully

2023-10-16 14:04:02 - [MESSAGE][PASSED] - Verify element property value successfully

2023-10-16 14:04:02 - [TEST_STEP][PASSED] - verifyElementPropertyValue(getResponse, "groups[0].pricingPlans[0].pricingPlanData[0].productId", "ISR_B2C_SHAHID_VIP_SPORT_1M"): Verify element property value successfully

2023-10-16 14:04:02 - [MESSAGE][PASSED] - Verify element property value successfully

2023-10-16 14:04:02 - [TEST_STEP][PASSED] - verifyElementPropertyValue(getResponse, "groups[0].pricingPlans[0].pricingPlanData[0].subPricingPlanIds", "null"): Verify element property value successfully

2023-10-16 14:04:02 - [MESSAGE][PASSED] - Verify element property value successfully

2023-10-16 14:04:02 - [TEST_STEP][PASSED] - verifyElementPropertyValue(getResponse, "groups[0].pricingPlans[0].pricingPlanData[0].paymentMethod", "CREDIT_CARD"): Verify element property value successfully

2023-10-16 14:04:02 - [MESSAGE][PASSED] - Verify element property value successfully

2023-10-16 14:04:02 - [TEST_STEP][PASSED] - verifyElementPropertyValue(getResponse, "groups[0].pricingPlans[0].pricingPlanData[0].freeTrialEnabled", "false"): Verify element property value successfully

2023-10-16 14:04:02 - [MESSAGE][PASSED] - Verify element property value successfully

2023-10-16 14:04:02 - [TEST_STEP][PASSED] - verifyElementPropertyValue(getResponse, "groups[0].pricingPlans[0].pricingPlanData[0].visualElements[0].key", "title"): Verify element property value successfully

2023-10-16 14:04:02 - [MESSAGE][PASSED] - Verify element property value successfully

2023-10-16 14:04:02 - [TEST_STEP][PASSED] - verifyElementPropertyValue(getResponse, "groups[0].pricingPlans[0].pricingPlanData[0].visualElements[0].value", "البطاقة المصرفية"): Verify element property value successfully

2023-10-16 14:04:02 - [MESSAGE][PASSED] - Verify element property value successfully

2023-10-16 14:04:02 - [TEST_STEP][PASSED] - verifyElementPropertyValue(getResponse, "groups[0].pricingPlans[0].pricingPlanData[0].visualElements[1].key", "CTA_text"): Verify element property value successfully

2023-10-16 14:04:02 - [MESSAGE][PASSED] - Verify element property value successfully

2023-10-16 14:04:02 - [TEST_STEP][PASSED] - verifyElementPropertyValue(getResponse, "groups[0].pricingPlans[0].pricingPlanData[0].visualElements[1].value", "اشترك"): Verify element property value successfully

2023-10-16 14:04:02 - [MESSAGE][PASSED] - Verify element property value successfully

2023-10-16 14:04:02 - [TEST_STEP][PASSED] - verifyElementPropertyValue(getResponse, "groups[0].pricingPlans[0].pricingPlanData[0].visualElements[2].key", "logo"): Verify element property value successfully

2023-10-16 14:04:02 - [MESSAGE][PASSED] - Verify element property value successfully

2023-10-16 14:04:02 - [TEST_STEP][PASSED] - verifyElementPropertyValue(getResponse, "groups[0].pricingPlans[0].pricingPlanData[0].visualElements[2].value", "https://static.s3.shahid.mbc.net/widget-images/icons/iconCreditCard.png"): Verify element property value successfully

2023-10-16 14:04:02 - [MESSAGE][PASSED] - Verify element property value successfully

2023-10-16 14:04:02 - [TEST_STEP][PASSED] - verifyElementPropertyValue(getResponse, "groups[0].pricingPlans[0].pricingPlanData[0].priceLabel", "43.9"): Verify element property value successfully

2023-10-16 14:04:02 - [MESSAGE][PASSED] - Verify element property value successfully

2023-10-16 14:04:02 - [TEST_STEP][PASSED] - verifyElementPropertyValue(getResponse, "groups[0].pricingPlans[0].pricingPlanData[0].currencyLabel", "₪"): Verify element property value successfully

2023-10-16 14:04:02 - [MESSAGE][PASSED] - Verify element property value successfully

2023-10-16 14:04:02 - [TEST_STEP][PASSED] - verifyElementPropertyValue(getResponse, "groups[0].pricingPlans[1].featured", "false"): Verify element property value successfully

2023-10-16 14:04:02 - [MESSAGE][PASSED] - Verify element property value successfully

2023-10-16 14:04:02 - [TEST_STEP][PASSED] - verifyElementPropertyValue(getResponse, "groups[0].pricingPlans[1].packageId", "SHAHID_VIP_SPORT"): Verify element property value successfully

2023-10-16 14:04:02 - [MESSAGE][PASSED] - Verify element property value successfully

2023-10-16 14:04:02 - [TEST_STEP][PASSED] - verifyElementPropertyValue(getResponse, "groups[0].pricingPlans[1].catalogId", "SPORT"): Verify element property value successfully

2023-10-16 14:04:02 - [MESSAGE][PASSED] - Verify element property value successfully

2023-10-16 14:04:02 - [TEST_STEP][PASSED] - verifyElementPropertyValue(getResponse, "groups[0].pricingPlans[1].visualElements[0].key", "Header_1_text"): Verify element property value successfully

2023-10-16 14:04:02 - [MESSAGE][PASSED] - Verify element property value successfully

2023-10-16 14:04:02 - [TEST_STEP][PASSED] - verifyElementPropertyValue(getResponse, "groups[0].pricingPlans[1].visualElements[0].value", "شاهد أقوى المسلسلات و الأفلام حصرياً دون توقف"): Verify element property value successfully

2023-10-16 14:04:02 - [MESSAGE][PASSED] - Verify element property value successfully

2023-10-16 14:04:02 - [TEST_STEP][PASSED] - verifyElementPropertyValue(getResponse, "groups[0].pricingPlans[1].visualElements[1].key", "display_title"): Verify element property value successfully

2023-10-16 14:04:02 - [MESSAGE][PASSED] - Verify element property value successfully

2023-10-16 14:04:02 - [TEST_STEP][PASSED] - verifyElementPropertyValue(getResponse, "groups[0].pricingPlans[1].visualElements[1].value", "الاشتراك السنوي"): Verify element property value successfully

2023-10-16 14:04:02 - [MESSAGE][PASSED] - Verify element property value successfully

2023-10-16 14:04:02 - [TEST_STEP][PASSED] - verifyElementPropertyValue(getResponse, "groups[0].pricingPlans[1].visualElements[2].key", "tag_text"): Verify element property value successfully

2023-10-16 14:04:02 - [MESSAGE][PASSED] - Verify element property value successfully

2023-10-16 14:04:02 - [TEST_STEP][PASSED] - verifyElementPropertyValue(getResponse, "groups[0].pricingPlans[1].visualElements[2].value", "وفر32%"): Verify element property value successfully

2023-10-16 14:04:02 - [MESSAGE][PASSED] - Verify element property value successfully

2023-10-16 14:04:02 - [TEST_STEP][PASSED] - verifyElementPropertyValue(getResponse, "groups[0].pricingPlans[1].visualElements[3].key", "promo_text"): Verify element property value successfully

2023-10-16 14:04:02 - [MESSAGE][PASSED] - Verify element property value successfully

2023-10-16 14:04:02 - [TEST_STEP][PASSED] - verifyElementPropertyValue(getResponse, "groups[0].pricingPlans[1].visualElements[3].value", "29.99 ₪ / شهرياً"): Verify element property value successfully

2023-10-16 14:04:02 - [MESSAGE][PASSED] - Verify element property value successfully

2023-10-16 14:04:02 - [TEST_STEP][PASSED] - verifyElementPropertyValue(getResponse, "groups[0].pricingPlans[1].visualElements[4].key", "deduction_text"): Verify element property value successfully

2023-10-16 14:04:02 - [MESSAGE][PASSED] - Verify element property value successfully

2023-10-16 14:04:02 - [TEST_STEP][PASSED] - verifyElementPropertyValue(getResponse, "groups[0].pricingPlans[1].visualElements[4].value", " 359.9 ₪  تدفع سنوياً"): Verify element property value successfully

2023-10-16 14:04:02 - [MESSAGE][PASSED] - Verify element property value successfully

2023-10-16 14:04:02 - [TEST_STEP][PASSED] - verifyElementPropertyValue(getResponse, "groups[0].pricingPlans[1].visualElements[7].key", "show_payment_logo"): Verify element property value successfully

2023-10-16 14:04:02 - [MESSAGE][PASSED] - Verify element property value successfully

2023-10-16 14:04:02 - [TEST_STEP][PASSED] - verifyElementPropertyValue(getResponse, "groups[0].pricingPlans[1].visualElements[7].value", "true"): Verify element property value successfully

2023-10-16 14:04:02 - [MESSAGE][PASSED] - Verify element property value successfully

2023-10-16 14:04:02 - [TEST_STEP][PASSED] - verifyElementPropertyValue(getResponse, "groups[0].pricingPlans[1].visualElements[8].key", "show_tag"): Verify element property value successfully

2023-10-16 14:04:02 - [MESSAGE][PASSED] - Verify element property value successfully

2023-10-16 14:04:02 - [TEST_STEP][PASSED] - verifyElementPropertyValue(getResponse, "groups[0].pricingPlans[1].visualElements[8].value", "true"): Verify element property value successfully

2023-10-16 14:04:02 - [MESSAGE][PASSED] - Verify element property value successfully

2023-10-16 14:04:02 - [TEST_STEP][PASSED] - verifyElementPropertyValue(getResponse, "groups[0].pricingPlans[1].visualElements[10].key", "price"): Verify element property value successfully

2023-10-16 14:04:02 - [MESSAGE][PASSED] - Verify element property value successfully

2023-10-16 14:04:02 - [TEST_STEP][PASSED] - verifyElementPropertyValue(getResponse, "groups[0].pricingPlans[1].visualElements[10].value", "359.9"): Verify element property value successfully

2023-10-16 14:04:02 - [MESSAGE][PASSED] - Verify element property value successfully

2023-10-16 14:04:02 - [TEST_STEP][PASSED] - verifyElementPropertyValue(getResponse, "groups[0].pricingPlans[1].visualElements[11].key", "currency"): Verify element property value successfully

2023-10-16 14:04:02 - [MESSAGE][PASSED] - Verify element property value successfully

2023-10-16 14:04:02 - [TEST_STEP][PASSED] - verifyElementPropertyValue(getResponse, "groups[0].pricingPlans[1].visualElements[11].value", "₪"): Verify element property value successfully

2023-10-16 14:04:02 - [MESSAGE][PASSED] - Verify element property value successfully

2023-10-16 14:04:02 - [TEST_STEP][PASSED] - verifyElementPropertyValue(getResponse, "groups[0].pricingPlans[1].visualElements[12].key", "duration"): Verify element property value successfully

2023-10-16 14:04:03 - [MESSAGE][PASSED] - Verify element property value successfully

2023-10-16 14:04:03 - [TEST_STEP][PASSED] - verifyElementPropertyValue(getResponse, "groups[0].pricingPlans[1].visualElements[12].value", "سنوياً"): Verify element property value successfully

2023-10-16 14:04:03 - [MESSAGE][PASSED] - Verify element property value successfully

2023-10-16 14:04:03 - [TEST_STEP][PASSED] - verifyElementPropertyValue(getResponse, "groups[0].pricingPlans[1].order", "5"): Verify element property value successfully

2023-10-16 14:04:03 - [MESSAGE][PASSED] - Verify element property value successfully

2023-10-16 14:04:03 - [TEST_STEP][PASSED] - verifyElementPropertyValue(getResponse, "groups[0].pricingPlans[1].period", "yearly"): Verify element property value successfully

2023-10-16 14:04:03 - [MESSAGE][PASSED] - Verify element property value successfully

2023-10-16 14:04:03 - [TEST_STEP][PASSED] - verifyElementPropertyValue(getResponse, "groups[0].pricingPlans[1].price", "359.9"): Verify element property value successfully

2023-10-16 14:04:03 - [MESSAGE][PASSED] - Verify element property value successfully

2023-10-16 14:04:03 - [TEST_STEP][PASSED] - verifyElementPropertyValue(getResponse, "groups[0].pricingPlans[1].currency", "₪"): Verify element property value successfully

2023-10-16 14:04:03 - [MESSAGE][PASSED] - Verify element property value successfully

2023-10-16 14:04:03 - [TEST_STEP][PASSED] - verifyElementPropertyValue(getResponse, "groups[0].pricingPlans[1].pricingPlanData[0].productId", "ISR_B2C_SHAHID_VIP_SPORT_12M"): Verify element property value successfully

2023-10-16 14:04:03 - [MESSAGE][PASSED] - Verify element property value successfully

2023-10-16 14:04:03 - [TEST_STEP][PASSED] - verifyElementPropertyValue(getResponse, "groups[0].pricingPlans[1].pricingPlanData[0].subPricingPlanIds", "null"): Verify element property value successfully

2023-10-16 14:04:03 - [MESSAGE][PASSED] - Verify element property value successfully

2023-10-16 14:04:03 - [TEST_STEP][PASSED] - verifyElementPropertyValue(getResponse, "groups[0].pricingPlans[1].pricingPlanData[0].paymentMethod", "CREDIT_CARD"): Verify element property value successfully

2023-10-16 14:04:03 - [MESSAGE][PASSED] - Verify element property value successfully

2023-10-16 14:04:03 - [TEST_STEP][PASSED] - verifyElementPropertyValue(getResponse, "groups[0].pricingPlans[1].pricingPlanData[0].freeTrialEnabled", "false"): Verify element property value successfully

2023-10-16 14:04:03 - [MESSAGE][PASSED] - Verify element property value successfully

2023-10-16 14:04:03 - [TEST_STEP][PASSED] - verifyElementPropertyValue(getResponse, "groups[0].pricingPlans[1].pricingPlanData[0].visualElements[0].key", "title"): Verify element property value successfully

2023-10-16 14:04:03 - [MESSAGE][PASSED] - Verify element property value successfully

2023-10-16 14:04:03 - [TEST_STEP][PASSED] - verifyElementPropertyValue(getResponse, "groups[0].pricingPlans[1].pricingPlanData[0].visualElements[0].value", "البطاقة المصرفية"): Verify element property value successfully

2023-10-16 14:04:03 - [MESSAGE][PASSED] - Verify element property value successfully

2023-10-16 14:04:03 - [TEST_STEP][PASSED] - verifyElementPropertyValue(getResponse, "groups[0].pricingPlans[1].pricingPlanData[0].visualElements[1].key", "CTA_text"): Verify element property value successfully

2023-10-16 14:04:03 - [MESSAGE][PASSED] - Verify element property value successfully

2023-10-16 14:04:03 - [TEST_STEP][PASSED] - verifyElementPropertyValue(getResponse, "groups[0].pricingPlans[1].pricingPlanData[0].visualElements[1].value", "اشترك"): Verify element property value successfully

2023-10-16 14:04:03 - [MESSAGE][PASSED] - Verify element property value successfully

2023-10-16 14:04:03 - [TEST_STEP][PASSED] - verifyElementPropertyValue(getResponse, "groups[0].pricingPlans[1].pricingPlanData[0].visualElements[2].key", "logo"): Verify element property value successfully

2023-10-16 14:04:03 - [MESSAGE][PASSED] - Verify element property value successfully

2023-10-16 14:04:03 - [TEST_STEP][PASSED] - verifyElementPropertyValue(getResponse, "groups[0].pricingPlans[1].pricingPlanData[0].visualElements[2].value", "https://static.s3.shahid.mbc.net/widget-images/icons/iconCreditCard.png"): Verify element property value successfully

2023-10-16 14:04:03 - [MESSAGE][PASSED] - Verify element property value successfully

2023-10-16 14:04:03 - [TEST_STEP][PASSED] - verifyElementPropertyValue(getResponse, "groups[0].pricingPlans[1].pricingPlanData[0].priceLabel", "359.9"): Verify element property value successfully

2023-10-16 14:04:03 - [MESSAGE][PASSED] - Verify element property value successfully

2023-10-16 14:04:03 - [TEST_STEP][PASSED] - verifyElementPropertyValue(getResponse, "groups[0].pricingPlans[1].pricingPlanData[0].currencyLabel", "₪"): Verify element property value successfully

2023-10-16 14:04:03 - [MESSAGE][PASSED] - Verify element property value successfully

2023-10-16 14:04:03 - [TEST_STEP][PASSED] - verifyElementPropertyValue(getResponse, "groups[0].pricingPlans[1].pricingPlanData[0].allowedForAcquisition", "true"): Verify element property value successfully

2023-10-16 14:04:03 - [MESSAGE][PASSED] - Verify element property value successfully

2023-10-16 14:04:03 - [TEST_STEP][PASSED] - verifyElementPropertyValue(getResponse, "groups[0].pricingPlans[1].pricingPlanData[0].showIn[0]", "VERTICAL_MODE"): Verify element property value successfully

2023-10-16 14:04:03 - [MESSAGE][PASSED] - Verify element property value successfully

2023-10-16 14:04:03 - [TEST_STEP][PASSED] - verifyElementPropertyValue(getResponse, "groups[0].pricingPlans[1].pricingPlanData[0].showIn[1]", "HORIZONTAL_MODE"): Verify element property value successfully

2023-10-16 14:04:03 - [MESSAGE][PASSED] - Verify element property value successfully

2023-10-16 14:04:03 - [TEST_STEP][PASSED] - verifyElementPropertyValue(getResponse, "visualElements[0].key", "main_CTA_text_1"): Verify element property value successfully

2023-10-16 14:04:03 - [MESSAGE][PASSED] - Verify element property value successfully

2023-10-16 14:04:03 - [TEST_STEP][PASSED] - verifyElementPropertyValue(getResponse, "visualElements[0].value", "شاهد أقوى المسلسلات و الأفلام حصرياً دون توقف"): Verify element property value successfully

2023-10-16 14:04:03 - [MESSAGE][PASSED] - Verify element property value successfully

2023-10-16 14:04:03 - [TEST_STEP][PASSED] - verifyElementPropertyValue(getResponse, "visualElements[2].key", "main_disclaimer_text"): Verify element property value successfully

2023-10-16 14:04:03 - [MESSAGE][PASSED] - Verify element property value successfully

2023-10-16 14:04:03 - [TEST_STEP][PASSED] - verifyElementPropertyValue(getResponse, "visualElements[2].value", "رسوم الاشتراك قد تختلف بناءً على البلد أو طريقة الدفع أو باقة الاشتراك أو الضريبة المضافة أو معامل تحويل العملات والرسوم البنكية. تطبّق الشروط والأحكام."): Verify element property value successfully

2023-10-16 14:04:03 - [MESSAGE][PASSED] - Verify element property value successfully

2023-10-16 14:04:03 - [TEST_STEP][PASSED] - verifyElementPropertyValue(getResponse, "visualElements[4].key", "display_type"): Verify element property value successfully

2023-10-16 14:04:03 - [MESSAGE][PASSED] - Verify element property value successfully

2023-10-16 14:04:03 - [TEST_STEP][PASSED] - verifyElementPropertyValue(getResponse, "visualElements[4].value", "vertical"): Verify element property value successfully

2023-10-16 14:04:03 - [MESSAGE][PASSED] - Verify element property value successfully

2023-10-16 14:04:03 - [TEST_STEP][PASSED] - verifyElementPropertyValue(getResponse, "pages[0].visualElements[0].key", "alternative_payment_title"): Verify element property value successfully

2023-10-16 14:04:03 - [MESSAGE][PASSED] - Verify element property value successfully

2023-10-16 14:04:03 - [TEST_STEP][PASSED] - verifyElementPropertyValue(getResponse, "pages[0].visualElements[0].value", "أو قم باختيار إحدى الطرق البديلة التالية"): Verify element property value successfully

2023-10-16 14:04:03 - [MESSAGE][PASSED] - Verify element property value successfully

2023-10-16 14:04:03 - [TEST_STEP][PASSED] - verifyElementPropertyValue(getResponse, "pages[0].visualElements[1].key", "label_text"): Verify element property value successfully

2023-10-16 14:04:03 - [MESSAGE][PASSED] - Verify element property value successfully

2023-10-16 14:04:03 - [TEST_STEP][PASSED] - verifyElementPropertyValue(getResponse, "pages[0].visualElements[1].value", "طرق الدفع الأخرى"): Verify element property value successfully

2023-10-16 14:04:03 - [MESSAGE][PASSED] - Verify element property value successfully

2023-10-16 14:04:03 - [TEST_STEP][PASSED] - verifyElementPropertyValue(getResponse, "pages[0].visualElements[3].key", "CTA_text"): Verify element property value successfully

2023-10-16 14:04:03 - [MESSAGE][PASSED] - Verify element property value successfully

2023-10-16 14:04:03 - [TEST_STEP][PASSED] - verifyElementPropertyValue(getResponse, "pages[0].visualElements[3].value", "اضغط هنا"): Verify element property value successfully

2023-10-16 14:04:03 - [MESSAGE][PASSED] - Verify element property value successfully

2023-10-16 14:04:03 - [TEST_STEP][PASSED] - verifyElementPropertyValue(getResponse, "pages[0].visualElements[4].key", "main_title"): Verify element property value successfully

2023-10-16 14:04:03 - [MESSAGE][PASSED] - Verify element property value successfully

2023-10-16 14:04:03 - [TEST_STEP][PASSED] - verifyElementPropertyValue(getResponse, "pages[0].visualElements[4].value", "طرق الدفع الأخرى"): Verify element property value successfully

2023-10-16 14:04:03 - [MESSAGE][PASSED] - Verify element property value successfully

2023-10-16 14:04:03 - [TEST_STEP][PASSED] - verifyElementPropertyValue(getResponse, "pages[0].visualElements[6].key", "alternative_payment_methods"): Verify element property value successfully

2023-10-16 14:04:03 - [MESSAGE][PASSED] - Verify element property value successfully

2023-10-16 14:04:03 - [TEST_STEP][PASSED] - verifyElementPropertyValue(getResponse, "pages[0].visualElements[6].value", "يمكنك شراء قسيمة شاهد التسويقية من أي من بائعي التجزئة التاليين"): Verify element property value successfully

2023-10-16 14:04:03 - [MESSAGE][PASSED] - Verify element property value successfully

2023-10-16 14:04:03 - [TEST_STEP][PASSED] - verifyElementPropertyValue(getResponse, "defaultPackageId", "SHAHID_VIP"): Verify element property value successfully

2023-10-16 14:04:03 - [MESSAGE][PASSED] - Verify element property value successfully]]></system-out>
         <system-err><![CDATA[]]></system-err>
      </testcase>
      <testcase name="Test Cases/WEB - CHROME/ISR PI/WEB_FR_getSubscriptionConfigForISR_GEA" time="1.723" classname="Test Cases/WEB - CHROME/ISR PI/WEB_FR_getSubscriptionConfigForISR_GEA" status="PASSED">
         <system-out><![CDATA[2023-10-16 14:04:03 - [TEST_CASE][PASSED] - Test Cases/WEB - CHROME/ISR PI/WEB_FR_getSubscriptionConfigForISR_GEA: Test Cases/WEB - CHROME/ISR PI/WEB_FR_getSubscriptionConfigForISR_GEA

2023-10-16 14:04:03 - [TEST_STEP][PASSED] - getResponse = config_files.getConfigFile.getConfig("WEB", "FR", "SHAHID_VIP_GEA", "IL", "false"): config_files.getConfigFile.getConfig is PASSED

2023-10-16 14:04:04 - [MESSAGE][INFO] - HAR: /Users/admin/git/shahid-configuration/Reports/20231016_140310/WEB/ISR/20231016_140311/requests/main/1.har

2023-10-16 14:04:04 - [MESSAGE][PASSED] - Send request successfully

2023-10-16 14:04:04 - [MESSAGE][PASSED] - config_files.getConfigFile.getConfig is PASSED

2023-10-16 14:04:04 - [TEST_STEP][PASSED] - verifyResponseStatusCode(getResponse, 200): Verify response status code successfully

2023-10-16 14:04:04 - [MESSAGE][PASSED] - Verify response status code successfully

2023-10-16 14:04:04 - [TEST_STEP][PASSED] - verifyElementPropertyValue(getResponse, "country", "ISR"): Verify element property value successfully

2023-10-16 14:04:04 - [MESSAGE][PASSED] - Verify element property value successfully

2023-10-16 14:04:04 - [TEST_STEP][PASSED] - verifyElementPropertyValue(getResponse, "platform", "[WEB]"): Verify element property value successfully

2023-10-16 14:04:04 - [MESSAGE][PASSED] - Verify element property value successfully

2023-10-16 14:04:04 - [TEST_STEP][PASSED] - verifyElementPropertyValue(getResponse, "groups[0].pricingPlans[0].featured", "true"): Verify element property value successfully

2023-10-16 14:04:04 - [MESSAGE][PASSED] - Verify element property value successfully

2023-10-16 14:04:04 - [TEST_STEP][PASSED] - verifyElementPropertyValue(getResponse, "groups[0].pricingPlans[0].packageId", "SHAHID_VIP_GEA"): Verify element property value successfully

2023-10-16 14:04:04 - [MESSAGE][PASSED] - Verify element property value successfully

2023-10-16 14:04:04 - [TEST_STEP][PASSED] - verifyElementPropertyValue(getResponse, "groups[0].pricingPlans[0].catalogId", "GEA"): Verify element property value successfully

2023-10-16 14:04:04 - [MESSAGE][PASSED] - Verify element property value successfully

2023-10-16 14:04:04 - [TEST_STEP][PASSED] - verifyElementPropertyValue(getResponse, "groups[0].pricingPlans[0].visualElements[0].key", "Header_1_text"): Verify element property value successfully

2023-10-16 14:04:04 - [MESSAGE][PASSED] - Verify element property value successfully

2023-10-16 14:04:04 - [TEST_STEP][PASSED] - verifyElementPropertyValue(getResponse, "groups[0].pricingPlans[0].visualElements[0].value", "Abonnez-vous dès maintenant et profitez de vos programmes sans publicité"): Verify element property value successfully

2023-10-16 14:04:04 - [MESSAGE][PASSED] - Verify element property value successfully

2023-10-16 14:04:04 - [TEST_STEP][PASSED] - verifyElementPropertyValue(getResponse, "groups[0].pricingPlans[0].visualElements[1].key", "display_title"): Verify element property value successfully

2023-10-16 14:04:04 - [MESSAGE][PASSED] - Verify element property value successfully

2023-10-16 14:04:04 - [TEST_STEP][PASSED] - verifyElementPropertyValue(getResponse, "groups[0].pricingPlans[0].visualElements[1].value", "Plan Mensuel"): Verify element property value successfully

2023-10-16 14:04:04 - [MESSAGE][PASSED] - Verify element property value successfully

2023-10-16 14:04:04 - [TEST_STEP][PASSED] - verifyElementPropertyValue(getResponse, "groups[0].pricingPlans[0].visualElements[3].key", "promo_text"): Verify element property value successfully

2023-10-16 14:04:04 - [MESSAGE][PASSED] - Verify element property value successfully

2023-10-16 14:04:04 - [TEST_STEP][PASSED] - verifyElementPropertyValue(getResponse, "groups[0].pricingPlans[0].visualElements[3].value", "29.9 ₪ / mois"): Verify element property value successfully

2023-10-16 14:04:04 - [MESSAGE][PASSED] - Verify element property value successfully

2023-10-16 14:04:04 - [TEST_STEP][PASSED] - verifyElementPropertyValue(getResponse, "groups[0].pricingPlans[0].visualElements[4].key", "deduction_text"): Verify element property value successfully

2023-10-16 14:04:04 - [MESSAGE][PASSED] - Verify element property value successfully

2023-10-16 14:04:04 - [TEST_STEP][PASSED] - verifyElementPropertyValue(getResponse, "groups[0].pricingPlans[0].visualElements[4].value", "facturation mensuelle"): Verify element property value successfully

2023-10-16 14:04:04 - [MESSAGE][PASSED] - Verify element property value successfully

2023-10-16 14:04:04 - [TEST_STEP][PASSED] - verifyElementPropertyValue(getResponse, "groups[0].pricingPlans[0].visualElements[7].key", "show_payment_logo"): Verify element property value successfully

2023-10-16 14:04:04 - [MESSAGE][PASSED] - Verify element property value successfully

2023-10-16 14:04:04 - [TEST_STEP][PASSED] - verifyElementPropertyValue(getResponse, "groups[0].pricingPlans[0].visualElements[7].value", "true"): Verify element property value successfully

2023-10-16 14:04:04 - [MESSAGE][PASSED] - Verify element property value successfully

2023-10-16 14:04:04 - [TEST_STEP][PASSED] - verifyElementPropertyValue(getResponse, "groups[0].pricingPlans[0].visualElements[8].key", "show_tag"): Verify element property value successfully

2023-10-16 14:04:04 - [MESSAGE][PASSED] - Verify element property value successfully

2023-10-16 14:04:04 - [TEST_STEP][PASSED] - verifyElementPropertyValue(getResponse, "groups[0].pricingPlans[0].visualElements[8].value", "false"): Verify element property value successfully

2023-10-16 14:04:04 - [MESSAGE][PASSED] - Verify element property value successfully

2023-10-16 14:04:04 - [TEST_STEP][PASSED] - verifyElementPropertyValue(getResponse, "groups[0].pricingPlans[0].visualElements[10].key", "price"): Verify element property value successfully

2023-10-16 14:04:04 - [MESSAGE][PASSED] - Verify element property value successfully

2023-10-16 14:04:04 - [TEST_STEP][PASSED] - verifyElementPropertyValue(getResponse, "groups[0].pricingPlans[0].visualElements[10].value", "29.9"): Verify element property value successfully

2023-10-16 14:04:04 - [MESSAGE][PASSED] - Verify element property value successfully

2023-10-16 14:04:04 - [TEST_STEP][PASSED] - verifyElementPropertyValue(getResponse, "groups[0].pricingPlans[0].visualElements[11].key", "currency"): Verify element property value successfully

2023-10-16 14:04:04 - [MESSAGE][PASSED] - Verify element property value successfully

2023-10-16 14:04:04 - [TEST_STEP][PASSED] - verifyElementPropertyValue(getResponse, "groups[0].pricingPlans[0].visualElements[11].value", "₪"): Verify element property value successfully

2023-10-16 14:04:04 - [MESSAGE][PASSED] - Verify element property value successfully

2023-10-16 14:04:04 - [TEST_STEP][PASSED] - verifyElementPropertyValue(getResponse, "groups[0].pricingPlans[0].visualElements[12].key", "duration"): Verify element property value successfully

2023-10-16 14:04:04 - [MESSAGE][PASSED] - Verify element property value successfully

2023-10-16 14:04:04 - [TEST_STEP][PASSED] - verifyElementPropertyValue(getResponse, "groups[0].pricingPlans[0].visualElements[12].value", "Mensuel"): Verify element property value successfully

2023-10-16 14:04:04 - [MESSAGE][PASSED] - Verify element property value successfully

2023-10-16 14:04:04 - [TEST_STEP][PASSED] - verifyElementPropertyValue(getResponse, "groups[0].pricingPlans[0].visualElements[13].key", "featured_tag_text"): Verify element property value successfully

2023-10-16 14:04:04 - [MESSAGE][PASSED] - Verify element property value successfully

2023-10-16 14:04:04 - [TEST_STEP][PASSED] - verifyElementPropertyValue(getResponse, "groups[0].pricingPlans[0].visualElements[13].value", "Le plus populaire"): Verify element property value successfully

2023-10-16 14:04:04 - [MESSAGE][PASSED] - Verify element property value successfully

2023-10-16 14:04:04 - [TEST_STEP][PASSED] - verifyElementPropertyValue(getResponse, "groups[0].pricingPlans[0].order", "6"): Verify element property value successfully

2023-10-16 14:04:04 - [MESSAGE][PASSED] - Verify element property value successfully

2023-10-16 14:04:04 - [TEST_STEP][PASSED] - verifyElementPropertyValue(getResponse, "groups[0].pricingPlans[0].period", "monthly"): Verify element property value successfully

2023-10-16 14:04:04 - [MESSAGE][PASSED] - Verify element property value successfully

2023-10-16 14:04:04 - [TEST_STEP][PASSED] - verifyElementPropertyValue(getResponse, "groups[0].pricingPlans[0].price", "29.9"): Verify element property value successfully

2023-10-16 14:04:04 - [MESSAGE][PASSED] - Verify element property value successfully

2023-10-16 14:04:04 - [TEST_STEP][PASSED] - verifyElementPropertyValue(getResponse, "groups[0].pricingPlans[0].currency", "₪"): Verify element property value successfully

2023-10-16 14:04:04 - [MESSAGE][PASSED] - Verify element property value successfully

2023-10-16 14:04:04 - [TEST_STEP][PASSED] - verifyElementPropertyValue(getResponse, "groups[0].pricingPlans[0].pricingPlanData[0].productId", "ISR_B2C_SHAHID_VIP_GEA_1M"): Verify element property value successfully

2023-10-16 14:04:04 - [MESSAGE][PASSED] - Verify element property value successfully

2023-10-16 14:04:04 - [TEST_STEP][PASSED] - verifyElementPropertyValue(getResponse, "groups[0].pricingPlans[0].pricingPlanData[0].subPricingPlanIds", "null"): Verify element property value successfully

2023-10-16 14:04:04 - [MESSAGE][PASSED] - Verify element property value successfully

2023-10-16 14:04:04 - [TEST_STEP][PASSED] - verifyElementPropertyValue(getResponse, "groups[0].pricingPlans[0].pricingPlanData[0].paymentMethod", "CREDIT_CARD"): Verify element property value successfully

2023-10-16 14:04:04 - [MESSAGE][PASSED] - Verify element property value successfully

2023-10-16 14:04:04 - [TEST_STEP][PASSED] - verifyElementPropertyValue(getResponse, "groups[0].pricingPlans[0].pricingPlanData[0].freeTrialEnabled", "false"): Verify element property value successfully

2023-10-16 14:04:04 - [MESSAGE][PASSED] - Verify element property value successfully

2023-10-16 14:04:04 - [TEST_STEP][PASSED] - verifyElementPropertyValue(getResponse, "groups[0].pricingPlans[0].pricingPlanData[0].visualElements[0].key", "title"): Verify element property value successfully

2023-10-16 14:04:04 - [MESSAGE][PASSED] - Verify element property value successfully

2023-10-16 14:04:04 - [TEST_STEP][PASSED] - verifyElementPropertyValue(getResponse, "groups[0].pricingPlans[0].pricingPlanData[0].visualElements[0].value", "Carte de crédit/débit"): Verify element property value successfully

2023-10-16 14:04:04 - [MESSAGE][PASSED] - Verify element property value successfully

2023-10-16 14:04:04 - [TEST_STEP][PASSED] - verifyElementPropertyValue(getResponse, "groups[0].pricingPlans[0].pricingPlanData[0].visualElements[1].key", "CTA_text"): Verify element property value successfully

2023-10-16 14:04:04 - [MESSAGE][PASSED] - Verify element property value successfully

2023-10-16 14:04:04 - [TEST_STEP][PASSED] - verifyElementPropertyValue(getResponse, "groups[0].pricingPlans[0].pricingPlanData[0].visualElements[1].value", "S'abonner"): Verify element property value successfully

2023-10-16 14:04:04 - [MESSAGE][PASSED] - Verify element property value successfully

2023-10-16 14:04:04 - [TEST_STEP][PASSED] - verifyElementPropertyValue(getResponse, "groups[0].pricingPlans[0].pricingPlanData[0].visualElements[2].key", "logo"): Verify element property value successfully

2023-10-16 14:04:04 - [MESSAGE][PASSED] - Verify element property value successfully

2023-10-16 14:04:04 - [TEST_STEP][PASSED] - verifyElementPropertyValue(getResponse, "groups[0].pricingPlans[0].pricingPlanData[0].visualElements[2].value", "https://static.s3.shahid.mbc.net/widget-images/icons/iconCreditCard.png"): Verify element property value successfully

2023-10-16 14:04:04 - [MESSAGE][PASSED] - Verify element property value successfully

2023-10-16 14:04:04 - [TEST_STEP][PASSED] - verifyElementPropertyValue(getResponse, "groups[0].pricingPlans[0].pricingPlanData[0].priceLabel", "29.9"): Verify element property value successfully

2023-10-16 14:04:04 - [MESSAGE][PASSED] - Verify element property value successfully

2023-10-16 14:04:04 - [TEST_STEP][PASSED] - verifyElementPropertyValue(getResponse, "groups[0].pricingPlans[0].pricingPlanData[0].currencyLabel", "₪"): Verify element property value successfully

2023-10-16 14:04:04 - [MESSAGE][PASSED] - Verify element property value successfully

2023-10-16 14:04:04 - [TEST_STEP][PASSED] - verifyElementPropertyValue(getResponse, "groups[0].pricingPlans[0].pricingPlanData[0].allowedForAcquisition", "true"): Verify element property value successfully

2023-10-16 14:04:04 - [MESSAGE][PASSED] - Verify element property value successfully

2023-10-16 14:04:04 - [TEST_STEP][PASSED] - verifyElementPropertyValue(getResponse, "groups[0].pricingPlans[1].featured", "false"): Verify element property value successfully

2023-10-16 14:04:04 - [MESSAGE][PASSED] - Verify element property value successfully

2023-10-16 14:04:04 - [TEST_STEP][PASSED] - verifyElementPropertyValue(getResponse, "groups[0].pricingPlans[1].packageId", "SHAHID_VIP_GEA"): Verify element property value successfully

2023-10-16 14:04:04 - [MESSAGE][PASSED] - Verify element property value successfully

2023-10-16 14:04:04 - [TEST_STEP][PASSED] - verifyElementPropertyValue(getResponse, "groups[0].pricingPlans[1].catalogId", "GEA"): Verify element property value successfully

2023-10-16 14:04:04 - [MESSAGE][PASSED] - Verify element property value successfully

2023-10-16 14:04:04 - [TEST_STEP][PASSED] - verifyElementPropertyValue(getResponse, "groups[0].pricingPlans[1].visualElements[0].key", "Header_1_text"): Verify element property value successfully

2023-10-16 14:04:04 - [MESSAGE][PASSED] - Verify element property value successfully

2023-10-16 14:04:04 - [TEST_STEP][PASSED] - verifyElementPropertyValue(getResponse, "groups[0].pricingPlans[1].visualElements[0].value", "Abonnez-vous dès maintenant et profitez de vos programmes sans publicité"): Verify element property value successfully

2023-10-16 14:04:04 - [MESSAGE][PASSED] - Verify element property value successfully

2023-10-16 14:04:04 - [TEST_STEP][PASSED] - verifyElementPropertyValue(getResponse, "groups[0].pricingPlans[1].visualElements[1].key", "display_title"): Verify element property value successfully

2023-10-16 14:04:04 - [MESSAGE][PASSED] - Verify element property value successfully

2023-10-16 14:04:04 - [TEST_STEP][PASSED] - verifyElementPropertyValue(getResponse, "groups[0].pricingPlans[1].visualElements[1].value", "Plan Annuel"): Verify element property value successfully

2023-10-16 14:04:04 - [MESSAGE][PASSED] - Verify element property value successfully

2023-10-16 14:04:04 - [TEST_STEP][PASSED] - verifyElementPropertyValue(getResponse, "groups[0].pricingPlans[1].visualElements[2].key", "tag_text"): Verify element property value successfully

2023-10-16 14:04:04 - [MESSAGE][PASSED] - Verify element property value successfully

2023-10-16 14:04:04 - [TEST_STEP][PASSED] - verifyElementPropertyValue(getResponse, "groups[0].pricingPlans[1].visualElements[2].value", "Économisez 23%"): Verify element property value successfully

2023-10-16 14:04:04 - [MESSAGE][PASSED] - Verify element property value successfully

2023-10-16 14:04:04 - [TEST_STEP][PASSED] - verifyElementPropertyValue(getResponse, "groups[0].pricingPlans[1].visualElements[3].key", "promo_text"): Verify element property value successfully

2023-10-16 14:04:04 - [MESSAGE][PASSED] - Verify element property value successfully

2023-10-16 14:04:04 - [TEST_STEP][PASSED] - verifyElementPropertyValue(getResponse, "groups[0].pricingPlans[1].visualElements[3].value", "22.9 ₪ / mois"): Verify element property value successfully

2023-10-16 14:04:04 - [MESSAGE][PASSED] - Verify element property value successfully

2023-10-16 14:04:04 - [TEST_STEP][PASSED] - verifyElementPropertyValue(getResponse, "groups[0].pricingPlans[1].visualElements[4].key", "deduction_text"): Verify element property value successfully

2023-10-16 14:04:04 - [MESSAGE][PASSED] - Verify element property value successfully

2023-10-16 14:04:04 - [TEST_STEP][PASSED] - verifyElementPropertyValue(getResponse, "groups[0].pricingPlans[1].visualElements[4].value", "274.9 ₪ facturés chaque année"): Verify element property value successfully

2023-10-16 14:04:04 - [MESSAGE][PASSED] - Verify element property value successfully

2023-10-16 14:04:04 - [TEST_STEP][PASSED] - verifyElementPropertyValue(getResponse, "groups[0].pricingPlans[1].visualElements[7].key", "show_payment_logo"): Verify element property value successfully

2023-10-16 14:04:04 - [MESSAGE][PASSED] - Verify element property value successfully

2023-10-16 14:04:04 - [TEST_STEP][PASSED] - verifyElementPropertyValue(getResponse, "groups[0].pricingPlans[1].visualElements[7].value", "true"): Verify element property value successfully

2023-10-16 14:04:04 - [MESSAGE][PASSED] - Verify element property value successfully

2023-10-16 14:04:04 - [TEST_STEP][PASSED] - verifyElementPropertyValue(getResponse, "groups[0].pricingPlans[1].visualElements[8].key", "show_tag"): Verify element property value successfully

2023-10-16 14:04:04 - [MESSAGE][PASSED] - Verify element property value successfully

2023-10-16 14:04:04 - [TEST_STEP][PASSED] - verifyElementPropertyValue(getResponse, "groups[0].pricingPlans[1].visualElements[8].value", "true"): Verify element property value successfully

2023-10-16 14:04:04 - [MESSAGE][PASSED] - Verify element property value successfully

2023-10-16 14:04:04 - [TEST_STEP][PASSED] - verifyElementPropertyValue(getResponse, "groups[0].pricingPlans[1].visualElements[10].key", "price"): Verify element property value successfully

2023-10-16 14:04:04 - [MESSAGE][PASSED] - Verify element property value successfully

2023-10-16 14:04:04 - [TEST_STEP][PASSED] - verifyElementPropertyValue(getResponse, "groups[0].pricingPlans[1].visualElements[10].value", "274.9"): Verify element property value successfully

2023-10-16 14:04:04 - [MESSAGE][PASSED] - Verify element property value successfully

2023-10-16 14:04:04 - [TEST_STEP][PASSED] - verifyElementPropertyValue(getResponse, "groups[0].pricingPlans[1].visualElements[11].key", "currency"): Verify element property value successfully

2023-10-16 14:04:04 - [MESSAGE][PASSED] - Verify element property value successfully

2023-10-16 14:04:04 - [TEST_STEP][PASSED] - verifyElementPropertyValue(getResponse, "groups[0].pricingPlans[1].visualElements[11].value", "₪"): Verify element property value successfully

2023-10-16 14:04:04 - [MESSAGE][PASSED] - Verify element property value successfully

2023-10-16 14:04:04 - [TEST_STEP][PASSED] - verifyElementPropertyValue(getResponse, "groups[0].pricingPlans[1].visualElements[12].key", "duration"): Verify element property value successfully

2023-10-16 14:04:04 - [MESSAGE][PASSED] - Verify element property value successfully

2023-10-16 14:04:04 - [TEST_STEP][PASSED] - verifyElementPropertyValue(getResponse, "groups[0].pricingPlans[1].visualElements[12].value", "Annuel"): Verify element property value successfully

2023-10-16 14:04:04 - [MESSAGE][PASSED] - Verify element property value successfully

2023-10-16 14:04:04 - [TEST_STEP][PASSED] - verifyElementPropertyValue(getResponse, "groups[0].pricingPlans[1].order", "8"): Verify element property value successfully

2023-10-16 14:04:04 - [MESSAGE][PASSED] - Verify element property value successfully

2023-10-16 14:04:04 - [TEST_STEP][PASSED] - verifyElementPropertyValue(getResponse, "groups[0].pricingPlans[1].period", "yearly"): Verify element property value successfully

2023-10-16 14:04:04 - [MESSAGE][PASSED] - Verify element property value successfully

2023-10-16 14:04:04 - [TEST_STEP][PASSED] - verifyElementPropertyValue(getResponse, "groups[0].pricingPlans[1].price", "274.9"): Verify element property value successfully

2023-10-16 14:04:04 - [MESSAGE][PASSED] - Verify element property value successfully

2023-10-16 14:04:04 - [TEST_STEP][PASSED] - verifyElementPropertyValue(getResponse, "groups[0].pricingPlans[1].currency", "₪"): Verify element property value successfully

2023-10-16 14:04:04 - [MESSAGE][PASSED] - Verify element property value successfully

2023-10-16 14:04:04 - [TEST_STEP][PASSED] - verifyElementPropertyValue(getResponse, "groups[0].pricingPlans[1].pricingPlanData[0].productId", "ISR_B2C_SHAHID_VIP_GEA_12M"): Verify element property value successfully

2023-10-16 14:04:04 - [MESSAGE][PASSED] - Verify element property value successfully

2023-10-16 14:04:04 - [TEST_STEP][PASSED] - verifyElementPropertyValue(getResponse, "groups[0].pricingPlans[1].pricingPlanData[0].subPricingPlanIds", "null"): Verify element property value successfully

2023-10-16 14:04:04 - [MESSAGE][PASSED] - Verify element property value successfully

2023-10-16 14:04:04 - [TEST_STEP][PASSED] - verifyElementPropertyValue(getResponse, "groups[0].pricingPlans[1].pricingPlanData[0].paymentMethod", "CREDIT_CARD"): Verify element property value successfully

2023-10-16 14:04:04 - [MESSAGE][PASSED] - Verify element property value successfully

2023-10-16 14:04:04 - [TEST_STEP][PASSED] - verifyElementPropertyValue(getResponse, "groups[0].pricingPlans[1].pricingPlanData[0].freeTrialEnabled", "false"): Verify element property value successfully

2023-10-16 14:04:04 - [MESSAGE][PASSED] - Verify element property value successfully

2023-10-16 14:04:04 - [TEST_STEP][PASSED] - verifyElementPropertyValue(getResponse, "groups[0].pricingPlans[1].pricingPlanData[0].visualElements[0].key", "title"): Verify element property value successfully

2023-10-16 14:04:04 - [MESSAGE][PASSED] - Verify element property value successfully

2023-10-16 14:04:04 - [TEST_STEP][PASSED] - verifyElementPropertyValue(getResponse, "groups[0].pricingPlans[1].pricingPlanData[0].visualElements[0].value", "Carte de crédit/débit"): Verify element property value successfully

2023-10-16 14:04:04 - [MESSAGE][PASSED] - Verify element property value successfully

2023-10-16 14:04:04 - [TEST_STEP][PASSED] - verifyElementPropertyValue(getResponse, "groups[0].pricingPlans[1].pricingPlanData[0].visualElements[1].key", "CTA_text"): Verify element property value successfully

2023-10-16 14:04:04 - [MESSAGE][PASSED] - Verify element property value successfully

2023-10-16 14:04:04 - [TEST_STEP][PASSED] - verifyElementPropertyValue(getResponse, "groups[0].pricingPlans[1].pricingPlanData[0].visualElements[1].value", "S'abonner"): Verify element property value successfully

2023-10-16 14:04:04 - [MESSAGE][PASSED] - Verify element property value successfully

2023-10-16 14:04:04 - [TEST_STEP][PASSED] - verifyElementPropertyValue(getResponse, "groups[0].pricingPlans[1].pricingPlanData[0].visualElements[2].key", "logo"): Verify element property value successfully

2023-10-16 14:04:04 - [MESSAGE][PASSED] - Verify element property value successfully

2023-10-16 14:04:04 - [TEST_STEP][PASSED] - verifyElementPropertyValue(getResponse, "groups[0].pricingPlans[1].pricingPlanData[0].visualElements[2].value", "https://static.s3.shahid.mbc.net/widget-images/icons/iconCreditCard.png"): Verify element property value successfully

2023-10-16 14:04:04 - [MESSAGE][PASSED] - Verify element property value successfully

2023-10-16 14:04:04 - [TEST_STEP][PASSED] - verifyElementPropertyValue(getResponse, "groups[0].pricingPlans[1].pricingPlanData[0].priceLabel", "274.9"): Verify element property value successfully

2023-10-16 14:04:04 - [MESSAGE][PASSED] - Verify element property value successfully

2023-10-16 14:04:04 - [TEST_STEP][PASSED] - verifyElementPropertyValue(getResponse, "groups[0].pricingPlans[1].pricingPlanData[0].currencyLabel", "₪"): Verify element property value successfully

2023-10-16 14:04:04 - [MESSAGE][PASSED] - Verify element property value successfully

2023-10-16 14:04:04 - [TEST_STEP][PASSED] - verifyElementPropertyValue(getResponse, "groups[0].pricingPlans[1].pricingPlanData[0].allowedForAcquisition", "true"): Verify element property value successfully

2023-10-16 14:04:04 - [MESSAGE][PASSED] - Verify element property value successfully

2023-10-16 14:04:04 - [TEST_STEP][PASSED] - verifyElementPropertyValue(getResponse, "groups[0].pricingPlans[1].pricingPlanData[0].showIn[0]", "VERTICAL_MODE"): Verify element property value successfully

2023-10-16 14:04:04 - [MESSAGE][PASSED] - Verify element property value successfully

2023-10-16 14:04:04 - [TEST_STEP][PASSED] - verifyElementPropertyValue(getResponse, "groups[0].pricingPlans[1].pricingPlanData[0].showIn[1]", "HORIZONTAL_MODE"): Verify element property value successfully

2023-10-16 14:04:04 - [MESSAGE][PASSED] - Verify element property value successfully

2023-10-16 14:04:04 - [TEST_STEP][PASSED] - verifyElementPropertyValue(getResponse, "visualElements[0].key", "main_CTA_text_1"): Verify element property value successfully

2023-10-16 14:04:04 - [MESSAGE][PASSED] - Verify element property value successfully

2023-10-16 14:04:04 - [TEST_STEP][PASSED] - verifyElementPropertyValue(getResponse, "visualElements[0].value", "Abonnez-vous dès maintenant et profitez de vos programmes sans publicité"): Verify element property value successfully

2023-10-16 14:04:05 - [MESSAGE][PASSED] - Verify element property value successfully

2023-10-16 14:04:05 - [TEST_STEP][PASSED] - verifyElementPropertyValue(getResponse, "visualElements[2].key", "main_disclaimer_text"): Verify element property value successfully

2023-10-16 14:04:05 - [MESSAGE][PASSED] - Verify element property value successfully

2023-10-16 14:04:05 - [TEST_STEP][PASSED] - verifyElementPropertyValue(getResponse, "visualElements[2].value", "Les frais d'abonnement peuvent varier selon le pays, le moyen de paiement, le forfait, les taxes, les taux de change et les frais bancaires. Les conditions générales d'utilisation s'appliquent."): Verify element property value successfully

2023-10-16 14:04:05 - [MESSAGE][PASSED] - Verify element property value successfully

2023-10-16 14:04:05 - [TEST_STEP][PASSED] - verifyElementPropertyValue(getResponse, "visualElements[4].key", "display_type"): Verify element property value successfully

2023-10-16 14:04:05 - [MESSAGE][PASSED] - Verify element property value successfully

2023-10-16 14:04:05 - [TEST_STEP][PASSED] - verifyElementPropertyValue(getResponse, "visualElements[4].value", "vertical"): Verify element property value successfully

2023-10-16 14:04:05 - [MESSAGE][PASSED] - Verify element property value successfully

2023-10-16 14:04:05 - [TEST_STEP][PASSED] - verifyElementPropertyValue(getResponse, "pages[0].visualElements[0].key", "alternative_payment_title"): Verify element property value successfully

2023-10-16 14:04:05 - [MESSAGE][PASSED] - Verify element property value successfully

2023-10-16 14:04:05 - [TEST_STEP][PASSED] - verifyElementPropertyValue(getResponse, "pages[0].visualElements[0].value", "Ou choisissez l'un des autres moyens de paiement suivants"): Verify element property value successfully

2023-10-16 14:04:05 - [MESSAGE][PASSED] - Verify element property value successfully

2023-10-16 14:04:05 - [TEST_STEP][PASSED] - verifyElementPropertyValue(getResponse, "pages[0].visualElements[1].key", "label_text"): Verify element property value successfully

2023-10-16 14:04:05 - [MESSAGE][PASSED] - Verify element property value successfully

2023-10-16 14:04:05 - [TEST_STEP][PASSED] - verifyElementPropertyValue(getResponse, "pages[0].visualElements[1].value", "Autres moyens de paiement"): Verify element property value successfully

2023-10-16 14:04:05 - [MESSAGE][PASSED] - Verify element property value successfully

2023-10-16 14:04:05 - [TEST_STEP][PASSED] - verifyElementPropertyValue(getResponse, "pages[0].visualElements[3].key", "CTA_text"): Verify element property value successfully

2023-10-16 14:04:05 - [MESSAGE][PASSED] - Verify element property value successfully

2023-10-16 14:04:05 - [TEST_STEP][PASSED] - verifyElementPropertyValue(getResponse, "pages[0].visualElements[3].value", "Cliquez ici"): Verify element property value successfully

2023-10-16 14:04:05 - [MESSAGE][PASSED] - Verify element property value successfully

2023-10-16 14:04:05 - [TEST_STEP][PASSED] - verifyElementPropertyValue(getResponse, "pages[0].visualElements[4].key", "main_title"): Verify element property value successfully

2023-10-16 14:04:05 - [MESSAGE][PASSED] - Verify element property value successfully

2023-10-16 14:04:05 - [TEST_STEP][PASSED] - verifyElementPropertyValue(getResponse, "pages[0].visualElements[4].value", "Autres moyens de paiement"): Verify element property value successfully

2023-10-16 14:04:05 - [MESSAGE][PASSED] - Verify element property value successfully

2023-10-16 14:04:05 - [TEST_STEP][PASSED] - verifyElementPropertyValue(getResponse, "pages[0].visualElements[6].key", "alternative_payment_methods"): Verify element property value successfully

2023-10-16 14:04:05 - [MESSAGE][PASSED] - Verify element property value successfully

2023-10-16 14:04:05 - [TEST_STEP][PASSED] - verifyElementPropertyValue(getResponse, "pages[0].visualElements[6].value", "Vous pouvez vous procurer un code promo Shahid auprès de l'un des points de vente suivants"): Verify element property value successfully

2023-10-16 14:04:05 - [MESSAGE][PASSED] - Verify element property value successfully

2023-10-16 14:04:05 - [TEST_STEP][PASSED] - verifyElementPropertyValue(getResponse, "defaultPackageId", "SHAHID_VIP"): Verify element property value successfully

2023-10-16 14:04:05 - [MESSAGE][PASSED] - Verify element property value successfully]]></system-out>
         <system-err><![CDATA[]]></system-err>
      </testcase>
      <testcase name="Test Cases/WEB - CHROME/ISR PI/WEB_FR_getSubscriptionConfigForISR_Ultimate" time="2.145" classname="Test Cases/WEB - CHROME/ISR PI/WEB_FR_getSubscriptionConfigForISR_Ultimate" status="PASSED">
         <system-out><![CDATA[2023-10-16 14:04:05 - [TEST_CASE][PASSED] - Test Cases/WEB - CHROME/ISR PI/WEB_FR_getSubscriptionConfigForISR_Ultimate: Test Cases/WEB - CHROME/ISR PI/WEB_FR_getSubscriptionConfigForISR_Ultimate

2023-10-16 14:04:05 - [TEST_STEP][PASSED] - getResponse = config_files.getConfigFile.getConfig("WEB", "FR", "SHAHID_VIP_GEA_SPORT", "IL", "false"): config_files.getConfigFile.getConfig is PASSED

2023-10-16 14:04:06 - [MESSAGE][INFO] - HAR: /Users/admin/git/shahid-configuration/Reports/20231016_140310/WEB/ISR/20231016_140311/requests/main/2.har

2023-10-16 14:04:06 - [MESSAGE][PASSED] - Send request successfully

2023-10-16 14:04:06 - [MESSAGE][PASSED] - config_files.getConfigFile.getConfig is PASSED

2023-10-16 14:04:06 - [TEST_STEP][PASSED] - verifyResponseStatusCode(getResponse, 200): Verify response status code successfully

2023-10-16 14:04:06 - [MESSAGE][PASSED] - Verify response status code successfully

2023-10-16 14:04:06 - [TEST_STEP][PASSED] - verifyElementPropertyValue(getResponse, "country", "ISR"): Verify element property value successfully

2023-10-16 14:04:06 - [MESSAGE][PASSED] - Verify element property value successfully

2023-10-16 14:04:06 - [TEST_STEP][PASSED] - verifyElementPropertyValue(getResponse, "platform", "[WEB]"): Verify element property value successfully

2023-10-16 14:04:06 - [MESSAGE][PASSED] - Verify element property value successfully

2023-10-16 14:04:06 - [TEST_STEP][PASSED] - verifyElementPropertyValue(getResponse, "groups[0].pricingPlans[0].featured", "true"): Verify element property value successfully

2023-10-16 14:04:06 - [MESSAGE][PASSED] - Verify element property value successfully

2023-10-16 14:04:06 - [TEST_STEP][PASSED] - verifyElementPropertyValue(getResponse, "groups[0].pricingPlans[0].packageId", "SHAHID_VIP_GEA_SPORT"): Verify element property value successfully

2023-10-16 14:04:06 - [MESSAGE][PASSED] - Verify element property value successfully

2023-10-16 14:04:06 - [TEST_STEP][PASSED] - verifyElementPropertyValue(getResponse, "groups[0].pricingPlans[0].catalogId", "GEA"): Verify element property value successfully

2023-10-16 14:04:06 - [MESSAGE][PASSED] - Verify element property value successfully

2023-10-16 14:04:06 - [TEST_STEP][PASSED] - verifyElementPropertyValue(getResponse, "groups[0].pricingPlans[0].visualElements[0].key", "Header_1_text"): Verify element property value successfully

2023-10-16 14:04:06 - [MESSAGE][PASSED] - Verify element property value successfully

2023-10-16 14:04:06 - [TEST_STEP][PASSED] - verifyElementPropertyValue(getResponse, "groups[0].pricingPlans[0].visualElements[0].value", "Abonnez-vous dès maintenant et profitez de vos programmes sans publicité"): Verify element property value successfully

2023-10-16 14:04:06 - [MESSAGE][PASSED] - Verify element property value successfully

2023-10-16 14:04:06 - [TEST_STEP][PASSED] - verifyElementPropertyValue(getResponse, "groups[0].pricingPlans[0].visualElements[1].key", "display_title"): Verify element property value successfully

2023-10-16 14:04:06 - [MESSAGE][PASSED] - Verify element property value successfully

2023-10-16 14:04:06 - [TEST_STEP][PASSED] - verifyElementPropertyValue(getResponse, "groups[0].pricingPlans[0].visualElements[1].value", "Plan Mensuel"): Verify element property value successfully

2023-10-16 14:04:06 - [MESSAGE][PASSED] - Verify element property value successfully

2023-10-16 14:04:06 - [TEST_STEP][PASSED] - verifyElementPropertyValue(getResponse, "groups[0].pricingPlans[0].visualElements[3].key", "promo_text"): Verify element property value successfully

2023-10-16 14:04:06 - [MESSAGE][PASSED] - Verify element property value successfully

2023-10-16 14:04:06 - [TEST_STEP][PASSED] - verifyElementPropertyValue(getResponse, "groups[0].pricingPlans[0].visualElements[3].value", "51.9 ₪ / mois"): Verify element property value successfully

2023-10-16 14:04:06 - [MESSAGE][PASSED] - Verify element property value successfully

2023-10-16 14:04:06 - [TEST_STEP][PASSED] - verifyElementPropertyValue(getResponse, "groups[0].pricingPlans[0].visualElements[4].key", "deduction_text"): Verify element property value successfully

2023-10-16 14:04:06 - [MESSAGE][PASSED] - Verify element property value successfully

2023-10-16 14:04:06 - [TEST_STEP][PASSED] - verifyElementPropertyValue(getResponse, "groups[0].pricingPlans[0].visualElements[4].value", "facturation mensuelle"): Verify element property value successfully

2023-10-16 14:04:06 - [MESSAGE][PASSED] - Verify element property value successfully

2023-10-16 14:04:06 - [TEST_STEP][PASSED] - verifyElementPropertyValue(getResponse, "groups[0].pricingPlans[0].visualElements[7].key", "show_payment_logo"): Verify element property value successfully

2023-10-16 14:04:06 - [MESSAGE][PASSED] - Verify element property value successfully

2023-10-16 14:04:06 - [TEST_STEP][PASSED] - verifyElementPropertyValue(getResponse, "groups[0].pricingPlans[0].visualElements[7].value", "true"): Verify element property value successfully

2023-10-16 14:04:06 - [MESSAGE][PASSED] - Verify element property value successfully

2023-10-16 14:04:06 - [TEST_STEP][PASSED] - verifyElementPropertyValue(getResponse, "groups[0].pricingPlans[0].visualElements[8].key", "show_tag"): Verify element property value successfully

2023-10-16 14:04:06 - [MESSAGE][PASSED] - Verify element property value successfully

2023-10-16 14:04:06 - [TEST_STEP][PASSED] - verifyElementPropertyValue(getResponse, "groups[0].pricingPlans[0].visualElements[8].value", "false"): Verify element property value successfully

2023-10-16 14:04:06 - [MESSAGE][PASSED] - Verify element property value successfully

2023-10-16 14:04:06 - [TEST_STEP][PASSED] - verifyElementPropertyValue(getResponse, "groups[0].pricingPlans[0].visualElements[10].key", "price"): Verify element property value successfully

2023-10-16 14:04:06 - [MESSAGE][PASSED] - Verify element property value successfully

2023-10-16 14:04:06 - [TEST_STEP][PASSED] - verifyElementPropertyValue(getResponse, "groups[0].pricingPlans[0].visualElements[10].value", "51.9"): Verify element property value successfully

2023-10-16 14:04:06 - [MESSAGE][PASSED] - Verify element property value successfully

2023-10-16 14:04:06 - [TEST_STEP][PASSED] - verifyElementPropertyValue(getResponse, "groups[0].pricingPlans[0].visualElements[11].key", "currency"): Verify element property value successfully

2023-10-16 14:04:06 - [MESSAGE][PASSED] - Verify element property value successfully

2023-10-16 14:04:06 - [TEST_STEP][PASSED] - verifyElementPropertyValue(getResponse, "groups[0].pricingPlans[0].visualElements[11].value", "₪"): Verify element property value successfully

2023-10-16 14:04:06 - [MESSAGE][PASSED] - Verify element property value successfully

2023-10-16 14:04:06 - [TEST_STEP][PASSED] - verifyElementPropertyValue(getResponse, "groups[0].pricingPlans[0].visualElements[12].key", "duration"): Verify element property value successfully

2023-10-16 14:04:06 - [MESSAGE][PASSED] - Verify element property value successfully

2023-10-16 14:04:06 - [TEST_STEP][PASSED] - verifyElementPropertyValue(getResponse, "groups[0].pricingPlans[0].visualElements[12].value", "Mensuel"): Verify element property value successfully

2023-10-16 14:04:06 - [MESSAGE][PASSED] - Verify element property value successfully

2023-10-16 14:04:06 - [TEST_STEP][PASSED] - verifyElementPropertyValue(getResponse, "groups[0].pricingPlans[0].visualElements[13].key", "featured_tag_text"): Verify element property value successfully

2023-10-16 14:04:06 - [MESSAGE][PASSED] - Verify element property value successfully

2023-10-16 14:04:06 - [TEST_STEP][PASSED] - verifyElementPropertyValue(getResponse, "groups[0].pricingPlans[0].visualElements[13].value", "Le plus populaire"): Verify element property value successfully

2023-10-16 14:04:06 - [MESSAGE][PASSED] - Verify element property value successfully

2023-10-16 14:04:06 - [TEST_STEP][PASSED] - verifyElementPropertyValue(getResponse, "groups[0].pricingPlans[0].order", "9"): Verify element property value successfully

2023-10-16 14:04:06 - [MESSAGE][PASSED] - Verify element property value successfully

2023-10-16 14:04:06 - [TEST_STEP][PASSED] - verifyElementPropertyValue(getResponse, "groups[0].pricingPlans[0].period", "monthly"): Verify element property value successfully

2023-10-16 14:04:06 - [MESSAGE][PASSED] - Verify element property value successfully

2023-10-16 14:04:06 - [TEST_STEP][PASSED] - verifyElementPropertyValue(getResponse, "groups[0].pricingPlans[0].price", "51.9"): Verify element property value successfully

2023-10-16 14:04:06 - [MESSAGE][PASSED] - Verify element property value successfully

2023-10-16 14:04:06 - [TEST_STEP][PASSED] - verifyElementPropertyValue(getResponse, "groups[0].pricingPlans[0].currency", "₪"): Verify element property value successfully

2023-10-16 14:04:06 - [MESSAGE][PASSED] - Verify element property value successfully

2023-10-16 14:04:06 - [TEST_STEP][PASSED] - verifyElementPropertyValue(getResponse, "groups[0].pricingPlans[0].pricingPlanData[0].productId", "ISR_B2C_SHAHID_VIP_GEA_SPORT_1M"): Verify element property value successfully

2023-10-16 14:04:06 - [MESSAGE][PASSED] - Verify element property value successfully

2023-10-16 14:04:06 - [TEST_STEP][PASSED] - verifyElementPropertyValue(getResponse, "groups[0].pricingPlans[0].pricingPlanData[0].subPricingPlanIds", "null"): Verify element property value successfully

2023-10-16 14:04:06 - [MESSAGE][PASSED] - Verify element property value successfully

2023-10-16 14:04:06 - [TEST_STEP][PASSED] - verifyElementPropertyValue(getResponse, "groups[0].pricingPlans[0].pricingPlanData[0].paymentMethod", "CREDIT_CARD"): Verify element property value successfully

2023-10-16 14:04:06 - [MESSAGE][PASSED] - Verify element property value successfully

2023-10-16 14:04:06 - [TEST_STEP][PASSED] - verifyElementPropertyValue(getResponse, "groups[0].pricingPlans[0].pricingPlanData[0].freeTrialEnabled", "false"): Verify element property value successfully

2023-10-16 14:04:06 - [MESSAGE][PASSED] - Verify element property value successfully

2023-10-16 14:04:06 - [TEST_STEP][PASSED] - verifyElementPropertyValue(getResponse, "groups[0].pricingPlans[0].pricingPlanData[0].visualElements[0].key", "title"): Verify element property value successfully

2023-10-16 14:04:06 - [MESSAGE][PASSED] - Verify element property value successfully

2023-10-16 14:04:06 - [TEST_STEP][PASSED] - verifyElementPropertyValue(getResponse, "groups[0].pricingPlans[0].pricingPlanData[0].visualElements[0].value", "Carte de crédit/débit"): Verify element property value successfully

2023-10-16 14:04:06 - [MESSAGE][PASSED] - Verify element property value successfully

2023-10-16 14:04:06 - [TEST_STEP][PASSED] - verifyElementPropertyValue(getResponse, "groups[0].pricingPlans[0].pricingPlanData[0].visualElements[1].key", "CTA_text"): Verify element property value successfully

2023-10-16 14:04:06 - [MESSAGE][PASSED] - Verify element property value successfully

2023-10-16 14:04:06 - [TEST_STEP][PASSED] - verifyElementPropertyValue(getResponse, "groups[0].pricingPlans[0].pricingPlanData[0].visualElements[1].value", "S'abonner"): Verify element property value successfully

2023-10-16 14:04:06 - [MESSAGE][PASSED] - Verify element property value successfully

2023-10-16 14:04:06 - [TEST_STEP][PASSED] - verifyElementPropertyValue(getResponse, "groups[0].pricingPlans[0].pricingPlanData[0].visualElements[2].key", "logo"): Verify element property value successfully

2023-10-16 14:04:06 - [MESSAGE][PASSED] - Verify element property value successfully

2023-10-16 14:04:06 - [TEST_STEP][PASSED] - verifyElementPropertyValue(getResponse, "groups[0].pricingPlans[0].pricingPlanData[0].visualElements[2].value", "https://static.s3.shahid.mbc.net/widget-images/icons/iconCreditCard.png"): Verify element property value successfully

2023-10-16 14:04:06 - [MESSAGE][PASSED] - Verify element property value successfully

2023-10-16 14:04:06 - [TEST_STEP][PASSED] - verifyElementPropertyValue(getResponse, "groups[0].pricingPlans[0].pricingPlanData[0].priceLabel", "51.9"): Verify element property value successfully

2023-10-16 14:04:06 - [MESSAGE][PASSED] - Verify element property value successfully

2023-10-16 14:04:06 - [TEST_STEP][PASSED] - verifyElementPropertyValue(getResponse, "groups[0].pricingPlans[0].pricingPlanData[0].currencyLabel", "₪"): Verify element property value successfully

2023-10-16 14:04:06 - [MESSAGE][PASSED] - Verify element property value successfully

2023-10-16 14:04:06 - [TEST_STEP][PASSED] - verifyElementPropertyValue(getResponse, "groups[0].pricingPlans[0].pricingPlanData[0].allowedForAcquisition", "true"): Verify element property value successfully

2023-10-16 14:04:06 - [MESSAGE][PASSED] - Verify element property value successfully

2023-10-16 14:04:06 - [TEST_STEP][PASSED] - verifyElementPropertyValue(getResponse, "groups[0].pricingPlans[1].featured", "false"): Verify element property value successfully

2023-10-16 14:04:06 - [MESSAGE][PASSED] - Verify element property value successfully

2023-10-16 14:04:06 - [TEST_STEP][PASSED] - verifyElementPropertyValue(getResponse, "groups[0].pricingPlans[1].packageId", "SHAHID_VIP_GEA_SPORT"): Verify element property value successfully

2023-10-16 14:04:06 - [MESSAGE][PASSED] - Verify element property value successfully

2023-10-16 14:04:06 - [TEST_STEP][PASSED] - verifyElementPropertyValue(getResponse, "groups[0].pricingPlans[1].catalogId", "GEA"): Verify element property value successfully

2023-10-16 14:04:06 - [MESSAGE][PASSED] - Verify element property value successfully

2023-10-16 14:04:06 - [TEST_STEP][PASSED] - verifyElementPropertyValue(getResponse, "groups[0].pricingPlans[1].visualElements[0].key", "Header_1_text"): Verify element property value successfully

2023-10-16 14:04:06 - [MESSAGE][PASSED] - Verify element property value successfully

2023-10-16 14:04:06 - [TEST_STEP][PASSED] - verifyElementPropertyValue(getResponse, "groups[0].pricingPlans[1].visualElements[0].value", "Abonnez-vous dès maintenant et profitez de vos programmes sans publicité"): Verify element property value successfully

2023-10-16 14:04:06 - [MESSAGE][PASSED] - Verify element property value successfully

2023-10-16 14:04:06 - [TEST_STEP][PASSED] - verifyElementPropertyValue(getResponse, "groups[0].pricingPlans[1].visualElements[1].key", "display_title"): Verify element property value successfully

2023-10-16 14:04:06 - [MESSAGE][PASSED] - Verify element property value successfully

2023-10-16 14:04:06 - [TEST_STEP][PASSED] - verifyElementPropertyValue(getResponse, "groups[0].pricingPlans[1].visualElements[1].value", "Plan Annuel"): Verify element property value successfully

2023-10-16 14:04:06 - [MESSAGE][PASSED] - Verify element property value successfully

2023-10-16 14:04:06 - [TEST_STEP][PASSED] - verifyElementPropertyValue(getResponse, "groups[0].pricingPlans[1].visualElements[2].key", "tag_text"): Verify element property value successfully

2023-10-16 14:04:06 - [MESSAGE][PASSED] - Verify element property value successfully

2023-10-16 14:04:06 - [TEST_STEP][PASSED] - verifyElementPropertyValue(getResponse, "groups[0].pricingPlans[1].visualElements[2].value", "Économisez 27%"): Verify element property value successfully

2023-10-16 14:04:06 - [MESSAGE][PASSED] - Verify element property value successfully

2023-10-16 14:04:06 - [TEST_STEP][PASSED] - verifyElementPropertyValue(getResponse, "groups[0].pricingPlans[1].visualElements[3].key", "promo_text"): Verify element property value successfully

2023-10-16 14:04:06 - [MESSAGE][PASSED] - Verify element property value successfully

2023-10-16 14:04:06 - [TEST_STEP][PASSED] - verifyElementPropertyValue(getResponse, "groups[0].pricingPlans[1].visualElements[3].value", "37.9 ₪ / mois"): Verify element property value successfully

2023-10-16 14:04:06 - [MESSAGE][PASSED] - Verify element property value successfully

2023-10-16 14:04:06 - [TEST_STEP][PASSED] - verifyElementPropertyValue(getResponse, "groups[0].pricingPlans[1].visualElements[4].key", "deduction_text"): Verify element property value successfully

2023-10-16 14:04:06 - [MESSAGE][PASSED] - Verify element property value successfully

2023-10-16 14:04:06 - [TEST_STEP][PASSED] - verifyElementPropertyValue(getResponse, "groups[0].pricingPlans[1].visualElements[4].value", "454.9 ₪ facturés chaque année"): Verify element property value successfully

2023-10-16 14:04:06 - [MESSAGE][PASSED] - Verify element property value successfully

2023-10-16 14:04:06 - [TEST_STEP][PASSED] - verifyElementPropertyValue(getResponse, "groups[0].pricingPlans[1].visualElements[7].key", "show_payment_logo"): Verify element property value successfully

2023-10-16 14:04:06 - [MESSAGE][PASSED] - Verify element property value successfully

2023-10-16 14:04:06 - [TEST_STEP][PASSED] - verifyElementPropertyValue(getResponse, "groups[0].pricingPlans[1].visualElements[7].value", "true"): Verify element property value successfully

2023-10-16 14:04:06 - [MESSAGE][PASSED] - Verify element property value successfully

2023-10-16 14:04:06 - [TEST_STEP][PASSED] - verifyElementPropertyValue(getResponse, "groups[0].pricingPlans[1].visualElements[8].key", "show_tag"): Verify element property value successfully

2023-10-16 14:04:06 - [MESSAGE][PASSED] - Verify element property value successfully

2023-10-16 14:04:06 - [TEST_STEP][PASSED] - verifyElementPropertyValue(getResponse, "groups[0].pricingPlans[1].visualElements[8].value", "true"): Verify element property value successfully

2023-10-16 14:04:06 - [MESSAGE][PASSED] - Verify element property value successfully

2023-10-16 14:04:06 - [TEST_STEP][PASSED] - verifyElementPropertyValue(getResponse, "groups[0].pricingPlans[1].visualElements[10].key", "price"): Verify element property value successfully

2023-10-16 14:04:06 - [MESSAGE][PASSED] - Verify element property value successfully

2023-10-16 14:04:06 - [TEST_STEP][PASSED] - verifyElementPropertyValue(getResponse, "groups[0].pricingPlans[1].visualElements[10].value", "454.9"): Verify element property value successfully

2023-10-16 14:04:06 - [MESSAGE][PASSED] - Verify element property value successfully

2023-10-16 14:04:06 - [TEST_STEP][PASSED] - verifyElementPropertyValue(getResponse, "groups[0].pricingPlans[1].visualElements[11].key", "currency"): Verify element property value successfully

2023-10-16 14:04:06 - [MESSAGE][PASSED] - Verify element property value successfully

2023-10-16 14:04:06 - [TEST_STEP][PASSED] - verifyElementPropertyValue(getResponse, "groups[0].pricingPlans[1].visualElements[11].value", "₪"): Verify element property value successfully

2023-10-16 14:04:06 - [MESSAGE][PASSED] - Verify element property value successfully

2023-10-16 14:04:06 - [TEST_STEP][PASSED] - verifyElementPropertyValue(getResponse, "groups[0].pricingPlans[1].visualElements[12].key", "duration"): Verify element property value successfully

2023-10-16 14:04:06 - [MESSAGE][PASSED] - Verify element property value successfully

2023-10-16 14:04:06 - [TEST_STEP][PASSED] - verifyElementPropertyValue(getResponse, "groups[0].pricingPlans[1].visualElements[12].value", "Annuel"): Verify element property value successfully

2023-10-16 14:04:06 - [MESSAGE][PASSED] - Verify element property value successfully

2023-10-16 14:04:06 - [TEST_STEP][PASSED] - verifyElementPropertyValue(getResponse, "groups[0].pricingPlans[1].order", "11"): Verify element property value successfully

2023-10-16 14:04:07 - [MESSAGE][PASSED] - Verify element property value successfully

2023-10-16 14:04:07 - [TEST_STEP][PASSED] - verifyElementPropertyValue(getResponse, "groups[0].pricingPlans[1].period", "yearly"): Verify element property value successfully

2023-10-16 14:04:07 - [MESSAGE][PASSED] - Verify element property value successfully

2023-10-16 14:04:07 - [TEST_STEP][PASSED] - verifyElementPropertyValue(getResponse, "groups[0].pricingPlans[1].price", "454.9"): Verify element property value successfully

2023-10-16 14:04:07 - [MESSAGE][PASSED] - Verify element property value successfully

2023-10-16 14:04:07 - [TEST_STEP][PASSED] - verifyElementPropertyValue(getResponse, "groups[0].pricingPlans[1].currency", "₪"): Verify element property value successfully

2023-10-16 14:04:07 - [MESSAGE][PASSED] - Verify element property value successfully

2023-10-16 14:04:07 - [TEST_STEP][PASSED] - verifyElementPropertyValue(getResponse, "groups[0].pricingPlans[1].pricingPlanData[0].productId", "ISR_B2C_SHAHID_VIP_GEA_SPORT_12M"): Verify element property value successfully

2023-10-16 14:04:07 - [MESSAGE][PASSED] - Verify element property value successfully

2023-10-16 14:04:07 - [TEST_STEP][PASSED] - verifyElementPropertyValue(getResponse, "groups[0].pricingPlans[1].pricingPlanData[0].subPricingPlanIds", "null"): Verify element property value successfully

2023-10-16 14:04:07 - [MESSAGE][PASSED] - Verify element property value successfully

2023-10-16 14:04:07 - [TEST_STEP][PASSED] - verifyElementPropertyValue(getResponse, "groups[0].pricingPlans[1].pricingPlanData[0].paymentMethod", "CREDIT_CARD"): Verify element property value successfully

2023-10-16 14:04:07 - [MESSAGE][PASSED] - Verify element property value successfully

2023-10-16 14:04:07 - [TEST_STEP][PASSED] - verifyElementPropertyValue(getResponse, "groups[0].pricingPlans[1].pricingPlanData[0].freeTrialEnabled", "false"): Verify element property value successfully

2023-10-16 14:04:07 - [MESSAGE][PASSED] - Verify element property value successfully

2023-10-16 14:04:07 - [TEST_STEP][PASSED] - verifyElementPropertyValue(getResponse, "groups[0].pricingPlans[1].pricingPlanData[0].visualElements[0].key", "title"): Verify element property value successfully

2023-10-16 14:04:07 - [MESSAGE][PASSED] - Verify element property value successfully

2023-10-16 14:04:07 - [TEST_STEP][PASSED] - verifyElementPropertyValue(getResponse, "groups[0].pricingPlans[1].pricingPlanData[0].visualElements[0].value", "Carte de crédit/débit"): Verify element property value successfully

2023-10-16 14:04:07 - [MESSAGE][PASSED] - Verify element property value successfully

2023-10-16 14:04:07 - [TEST_STEP][PASSED] - verifyElementPropertyValue(getResponse, "groups[0].pricingPlans[1].pricingPlanData[0].visualElements[1].key", "CTA_text"): Verify element property value successfully

2023-10-16 14:04:07 - [MESSAGE][PASSED] - Verify element property value successfully

2023-10-16 14:04:07 - [TEST_STEP][PASSED] - verifyElementPropertyValue(getResponse, "groups[0].pricingPlans[1].pricingPlanData[0].visualElements[1].value", "S'abonner"): Verify element property value successfully

2023-10-16 14:04:07 - [MESSAGE][PASSED] - Verify element property value successfully

2023-10-16 14:04:07 - [TEST_STEP][PASSED] - verifyElementPropertyValue(getResponse, "groups[0].pricingPlans[1].pricingPlanData[0].visualElements[2].key", "logo"): Verify element property value successfully

2023-10-16 14:04:07 - [MESSAGE][PASSED] - Verify element property value successfully

2023-10-16 14:04:07 - [TEST_STEP][PASSED] - verifyElementPropertyValue(getResponse, "groups[0].pricingPlans[1].pricingPlanData[0].visualElements[2].value", "https://static.s3.shahid.mbc.net/widget-images/icons/iconCreditCard.png"): Verify element property value successfully

2023-10-16 14:04:07 - [MESSAGE][PASSED] - Verify element property value successfully

2023-10-16 14:04:07 - [TEST_STEP][PASSED] - verifyElementPropertyValue(getResponse, "groups[0].pricingPlans[1].pricingPlanData[0].priceLabel", "454.9"): Verify element property value successfully

2023-10-16 14:04:07 - [MESSAGE][PASSED] - Verify element property value successfully

2023-10-16 14:04:07 - [TEST_STEP][PASSED] - verifyElementPropertyValue(getResponse, "groups[0].pricingPlans[1].pricingPlanData[0].currencyLabel", "₪"): Verify element property value successfully

2023-10-16 14:04:07 - [MESSAGE][PASSED] - Verify element property value successfully

2023-10-16 14:04:07 - [TEST_STEP][PASSED] - verifyElementPropertyValue(getResponse, "groups[0].pricingPlans[1].pricingPlanData[0].allowedForAcquisition", "true"): Verify element property value successfully

2023-10-16 14:04:07 - [MESSAGE][PASSED] - Verify element property value successfully

2023-10-16 14:04:07 - [TEST_STEP][PASSED] - verifyElementPropertyValue(getResponse, "groups[0].pricingPlans[1].pricingPlanData[0].showIn[0]", "VERTICAL_MODE"): Verify element property value successfully

2023-10-16 14:04:07 - [MESSAGE][PASSED] - Verify element property value successfully

2023-10-16 14:04:07 - [TEST_STEP][PASSED] - verifyElementPropertyValue(getResponse, "groups[0].pricingPlans[1].pricingPlanData[0].showIn[1]", "HORIZONTAL_MODE"): Verify element property value successfully

2023-10-16 14:04:07 - [MESSAGE][PASSED] - Verify element property value successfully

2023-10-16 14:04:07 - [TEST_STEP][PASSED] - verifyElementPropertyValue(getResponse, "visualElements[0].key", "main_CTA_text_1"): Verify element property value successfully

2023-10-16 14:04:07 - [MESSAGE][PASSED] - Verify element property value successfully

2023-10-16 14:04:07 - [TEST_STEP][PASSED] - verifyElementPropertyValue(getResponse, "visualElements[0].value", "Abonnez-vous dès maintenant et profitez de vos programmes sans publicité"): Verify element property value successfully

2023-10-16 14:04:07 - [MESSAGE][PASSED] - Verify element property value successfully

2023-10-16 14:04:07 - [TEST_STEP][PASSED] - verifyElementPropertyValue(getResponse, "visualElements[2].key", "main_disclaimer_text"): Verify element property value successfully

2023-10-16 14:04:07 - [MESSAGE][PASSED] - Verify element property value successfully

2023-10-16 14:04:07 - [TEST_STEP][PASSED] - verifyElementPropertyValue(getResponse, "visualElements[2].value", "Les frais d'abonnement peuvent varier selon le pays, le moyen de paiement, le forfait, les taxes, les taux de change et les frais bancaires. Les conditions générales d'utilisation s'appliquent."): Verify element property value successfully

2023-10-16 14:04:07 - [MESSAGE][PASSED] - Verify element property value successfully

2023-10-16 14:04:07 - [TEST_STEP][PASSED] - verifyElementPropertyValue(getResponse, "visualElements[4].key", "display_type"): Verify element property value successfully

2023-10-16 14:04:07 - [MESSAGE][PASSED] - Verify element property value successfully

2023-10-16 14:04:07 - [TEST_STEP][PASSED] - verifyElementPropertyValue(getResponse, "visualElements[4].value", "vertical"): Verify element property value successfully

2023-10-16 14:04:07 - [MESSAGE][PASSED] - Verify element property value successfully

2023-10-16 14:04:07 - [TEST_STEP][PASSED] - verifyElementPropertyValue(getResponse, "pages[0].visualElements[0].key", "alternative_payment_title"): Verify element property value successfully

2023-10-16 14:04:07 - [MESSAGE][PASSED] - Verify element property value successfully

2023-10-16 14:04:07 - [TEST_STEP][PASSED] - verifyElementPropertyValue(getResponse, "pages[0].visualElements[0].value", "Ou choisissez l'un des autres moyens de paiement suivants"): Verify element property value successfully

2023-10-16 14:04:07 - [MESSAGE][PASSED] - Verify element property value successfully

2023-10-16 14:04:07 - [TEST_STEP][PASSED] - verifyElementPropertyValue(getResponse, "pages[0].visualElements[1].key", "label_text"): Verify element property value successfully

2023-10-16 14:04:07 - [MESSAGE][PASSED] - Verify element property value successfully

2023-10-16 14:04:07 - [TEST_STEP][PASSED] - verifyElementPropertyValue(getResponse, "pages[0].visualElements[1].value", "Autres moyens de paiement"): Verify element property value successfully

2023-10-16 14:04:07 - [MESSAGE][PASSED] - Verify element property value successfully

2023-10-16 14:04:07 - [TEST_STEP][PASSED] - verifyElementPropertyValue(getResponse, "pages[0].visualElements[3].key", "CTA_text"): Verify element property value successfully

2023-10-16 14:04:07 - [MESSAGE][PASSED] - Verify element property value successfully

2023-10-16 14:04:07 - [TEST_STEP][PASSED] - verifyElementPropertyValue(getResponse, "pages[0].visualElements[3].value", "Cliquez ici"): Verify element property value successfully

2023-10-16 14:04:07 - [MESSAGE][PASSED] - Verify element property value successfully

2023-10-16 14:04:07 - [TEST_STEP][PASSED] - verifyElementPropertyValue(getResponse, "pages[0].visualElements[4].key", "main_title"): Verify element property value successfully

2023-10-16 14:04:07 - [MESSAGE][PASSED] - Verify element property value successfully

2023-10-16 14:04:07 - [TEST_STEP][PASSED] - verifyElementPropertyValue(getResponse, "pages[0].visualElements[4].value", "Autres moyens de paiement"): Verify element property value successfully

2023-10-16 14:04:07 - [MESSAGE][PASSED] - Verify element property value successfully

2023-10-16 14:04:07 - [TEST_STEP][PASSED] - verifyElementPropertyValue(getResponse, "pages[0].visualElements[6].key", "alternative_payment_methods"): Verify element property value successfully

2023-10-16 14:04:07 - [MESSAGE][PASSED] - Verify element property value successfully

2023-10-16 14:04:07 - [TEST_STEP][PASSED] - verifyElementPropertyValue(getResponse, "pages[0].visualElements[6].value", "Vous pouvez vous procurer un code promo Shahid auprès de l'un des points de vente suivants"): Verify element property value successfully

2023-10-16 14:04:07 - [MESSAGE][PASSED] - Verify element property value successfully

2023-10-16 14:04:07 - [TEST_STEP][PASSED] - verifyElementPropertyValue(getResponse, "defaultPackageId", "SHAHID_VIP"): Verify element property value successfully

2023-10-16 14:04:07 - [MESSAGE][PASSED] - Verify element property value successfully]]></system-out>
         <system-err><![CDATA[]]></system-err>
      </testcase>
      <testcase name="Test Cases/WEB - CHROME/ISR PI/WEB_FR_getSubscriptionConfigForISR_VIP" time="1.845" classname="Test Cases/WEB - CHROME/ISR PI/WEB_FR_getSubscriptionConfigForISR_VIP" status="FAILED">
         <failure type="FAILED" message="Test Cases/WEB - CHROME/ISR PI/WEB_FR_getSubscriptionConfigForISR_VIP FAILED.
Reason:
com.kms.katalon.core.exception.StepFailedException: Expected element property value 'Plan Annuel' is not equal with actual property value 'Plan Annuel ​'
	at com.kms.katalon.core.keyword.internal.KeywordMain.stepFailed(KeywordMain.groovy:39)
	at com.kms.katalon.core.webservice.keyword.builtin.VerifyElementPropertyValueKeyword$_verifyElementPropertyValue_closure1.doCall(VerifyElementPropertyValueKeyword.groovy:56)
	at com.kms.katalon.core.webservice.keyword.builtin.VerifyElementPropertyValueKeyword$_verifyElementPropertyValue_closure1.call(VerifyElementPropertyValueKeyword.groovy)
	at com.kms.katalon.core.keyword.internal.KeywordMain.runKeyword(KeywordMain.groovy:75)
	at com.kms.katalon.core.webservice.keyword.builtin.VerifyElementPropertyValueKeyword.verifyElementPropertyValue(VerifyElementPropertyValueKeyword.groovy:48)
	at com.kms.katalon.core.webservice.keyword.builtin.VerifyElementPropertyValueKeyword.execute(VerifyElementPropertyValueKeyword.groovy:43)
	at com.kms.katalon.core.keyword.internal.KeywordExecutor.executeKeywordForPlatform(KeywordExecutor.groovy:74)
	at com.kms.katalon.core.webservice.keyword.WSBuiltInKeywords.verifyElementPropertyValue(WSBuiltInKeywords.groovy:190)
	at com.kms.katalon.core.webservice.keyword.WSBuiltInKeywords$verifyElementPropertyValue$1.call(Unknown Source)
	at WEB_FR_getSubscriptionConfigForISR_VIP.run(WEB_FR_getSubscriptionConfigForISR_VIP:100)
	at com.kms.katalon.core.main.ScriptEngine.run(ScriptEngine.java:194)
	at com.kms.katalon.core.main.ScriptEngine.runScriptAsRawText(ScriptEngine.java:119)
	at com.kms.katalon.core.main.TestCaseExecutor.runScript(TestCaseExecutor.java:448)
	at com.kms.katalon.core.main.TestCaseExecutor.doExecute(TestCaseExecutor.java:439)
	at com.kms.katalon.core.main.TestCaseExecutor.processExecutionPhase(TestCaseExecutor.java:418)
	at com.kms.katalon.core.main.TestCaseExecutor.accessMainPhase(TestCaseExecutor.java:410)
	at com.kms.katalon.core.main.TestCaseExecutor.execute(TestCaseExecutor.java:285)
	at com.kms.katalon.core.common.CommonExecutor.accessTestCaseMainPhase(CommonExecutor.java:65)
	at com.kms.katalon.core.main.TestSuiteExecutor.accessTestSuiteMainPhase(TestSuiteExecutor.java:148)
	at com.kms.katalon.core.main.TestSuiteExecutor.execute(TestSuiteExecutor.java:106)
	at com.kms.katalon.core.main.TestCaseMain.startTestSuite(TestCaseMain.java:187)
	at com.kms.katalon.core.main.TestCaseMain$startTestSuite$0.call(Unknown Source)
	at TempTestSuite1697454191890.run(TempTestSuite1697454191890.groovy:36)
"/>
         <system-out><![CDATA[2023-10-16 14:04:07 - [TEST_CASE][FAILED] - Test Cases/WEB - CHROME/ISR PI/WEB_FR_getSubscriptionConfigForISR_VIP: Test Cases/WEB - CHROME/ISR PI/WEB_FR_getSubscriptionConfigForISR_VIP FAILED.
Reason:
com.kms.katalon.core.exception.StepFailedException: Expected element property value 'Plan Annuel' is not equal with actual property value 'Plan Annuel ​'
	at com.kms.katalon.core.keyword.internal.KeywordMain.stepFailed(KeywordMain.groovy:39)
	at com.kms.katalon.core.webservice.keyword.builtin.VerifyElementPropertyValueKeyword$_verifyElementPropertyValue_closure1.doCall(VerifyElementPropertyValueKeyword.groovy:56)
	at com.kms.katalon.core.webservice.keyword.builtin.VerifyElementPropertyValueKeyword$_verifyElementPropertyValue_closure1.call(VerifyElementPropertyValueKeyword.groovy)
	at com.kms.katalon.core.keyword.internal.KeywordMain.runKeyword(KeywordMain.groovy:75)
	at com.kms.katalon.core.webservice.keyword.builtin.VerifyElementPropertyValueKeyword.verifyElementPropertyValue(VerifyElementPropertyValueKeyword.groovy:48)
	at com.kms.katalon.core.webservice.keyword.builtin.VerifyElementPropertyValueKeyword.execute(VerifyElementPropertyValueKeyword.groovy:43)
	at com.kms.katalon.core.keyword.internal.KeywordExecutor.executeKeywordForPlatform(KeywordExecutor.groovy:74)
	at com.kms.katalon.core.webservice.keyword.WSBuiltInKeywords.verifyElementPropertyValue(WSBuiltInKeywords.groovy:190)
	at com.kms.katalon.core.webservice.keyword.WSBuiltInKeywords$verifyElementPropertyValue$1.call(Unknown Source)
	at WEB_FR_getSubscriptionConfigForISR_VIP.run(WEB_FR_getSubscriptionConfigForISR_VIP:100)
	at com.kms.katalon.core.main.ScriptEngine.run(ScriptEngine.java:194)
	at com.kms.katalon.core.main.ScriptEngine.runScriptAsRawText(ScriptEngine.java:119)
	at com.kms.katalon.core.main.TestCaseExecutor.runScript(TestCaseExecutor.java:448)
	at com.kms.katalon.core.main.TestCaseExecutor.doExecute(TestCaseExecutor.java:439)
	at com.kms.katalon.core.main.TestCaseExecutor.processExecutionPhase(TestCaseExecutor.java:418)
	at com.kms.katalon.core.main.TestCaseExecutor.accessMainPhase(TestCaseExecutor.java:410)
	at com.kms.katalon.core.main.TestCaseExecutor.execute(TestCaseExecutor.java:285)
	at com.kms.katalon.core.common.CommonExecutor.accessTestCaseMainPhase(CommonExecutor.java:65)
	at com.kms.katalon.core.main.TestSuiteExecutor.accessTestSuiteMainPhase(TestSuiteExecutor.java:148)
	at com.kms.katalon.core.main.TestSuiteExecutor.execute(TestSuiteExecutor.java:106)
	at com.kms.katalon.core.main.TestCaseMain.startTestSuite(TestCaseMain.java:187)
	at com.kms.katalon.core.main.TestCaseMain$startTestSuite$0.call(Unknown Source)
	at TempTestSuite1697454191890.run(TempTestSuite1697454191890.groovy:36)


2023-10-16 14:04:07 - [TEST_STEP][PASSED] - getResponse = config_files.getConfigFile.getConfig("WEB", "FR", "SHAHID_VIP", "IL", "false"): config_files.getConfigFile.getConfig is PASSED

2023-10-16 14:04:08 - [MESSAGE][INFO] - HAR: /Users/admin/git/shahid-configuration/Reports/20231016_140310/WEB/ISR/20231016_140311/requests/main/3.har

2023-10-16 14:04:08 - [MESSAGE][PASSED] - Send request successfully

2023-10-16 14:04:08 - [MESSAGE][PASSED] - config_files.getConfigFile.getConfig is PASSED

2023-10-16 14:04:08 - [TEST_STEP][PASSED] - verifyResponseStatusCode(getResponse, 200): Verify response status code successfully

2023-10-16 14:04:08 - [MESSAGE][PASSED] - Verify response status code successfully

2023-10-16 14:04:08 - [TEST_STEP][PASSED] - verifyElementPropertyValue(getResponse, "country", "ISR"): Verify element property value successfully

2023-10-16 14:04:08 - [MESSAGE][PASSED] - Verify element property value successfully

2023-10-16 14:04:08 - [TEST_STEP][PASSED] - verifyElementPropertyValue(getResponse, "platform", "[WEB]"): Verify element property value successfully

2023-10-16 14:04:08 - [MESSAGE][PASSED] - Verify element property value successfully

2023-10-16 14:04:08 - [TEST_STEP][PASSED] - verifyElementPropertyValue(getResponse, "groups[0].pricingPlans[0].featured", "true"): Verify element property value successfully

2023-10-16 14:04:08 - [MESSAGE][PASSED] - Verify element property value successfully

2023-10-16 14:04:08 - [TEST_STEP][PASSED] - verifyElementPropertyValue(getResponse, "groups[0].pricingPlans[0].packageId", "SHAHID_VIP"): Verify element property value successfully

2023-10-16 14:04:08 - [MESSAGE][PASSED] - Verify element property value successfully

2023-10-16 14:04:08 - [TEST_STEP][PASSED] - verifyElementPropertyValue(getResponse, "groups[0].pricingPlans[0].catalogId", "VIP"): Verify element property value successfully

2023-10-16 14:04:08 - [MESSAGE][PASSED] - Verify element property value successfully

2023-10-16 14:04:08 - [TEST_STEP][PASSED] - verifyElementPropertyValue(getResponse, "groups[0].pricingPlans[0].visualElements[0].key", "Header_1_text"): Verify element property value successfully

2023-10-16 14:04:08 - [MESSAGE][PASSED] - Verify element property value successfully

2023-10-16 14:04:08 - [TEST_STEP][PASSED] - verifyElementPropertyValue(getResponse, "groups[0].pricingPlans[0].visualElements[0].value", "Abonnez-vous dès maintenant et profitez de vos programmes sans publicité"): Verify element property value successfully

2023-10-16 14:04:08 - [MESSAGE][PASSED] - Verify element property value successfully

2023-10-16 14:04:08 - [TEST_STEP][PASSED] - verifyElementPropertyValue(getResponse, "groups[0].pricingPlans[0].visualElements[1].key", "display_title"): Verify element property value successfully

2023-10-16 14:04:08 - [MESSAGE][PASSED] - Verify element property value successfully

2023-10-16 14:04:08 - [TEST_STEP][PASSED] - verifyElementPropertyValue(getResponse, "groups[0].pricingPlans[0].visualElements[1].value", "Plan Mensuel"): Verify element property value successfully

2023-10-16 14:04:08 - [MESSAGE][PASSED] - Verify element property value successfully

2023-10-16 14:04:08 - [TEST_STEP][PASSED] - verifyElementPropertyValue(getResponse, "groups[0].pricingPlans[0].visualElements[2].key", "promo_text"): Verify element property value successfully

2023-10-16 14:04:08 - [MESSAGE][PASSED] - Verify element property value successfully

2023-10-16 14:04:08 - [TEST_STEP][PASSED] - verifyElementPropertyValue(getResponse, "groups[0].pricingPlans[0].visualElements[2].value", "21.9 ₪ / mois"): Verify element property value successfully

2023-10-16 14:04:08 - [MESSAGE][PASSED] - Verify element property value successfully

2023-10-16 14:04:08 - [TEST_STEP][PASSED] - verifyElementPropertyValue(getResponse, "groups[0].pricingPlans[0].visualElements[3].key", "deduction_text"): Verify element property value successfully

2023-10-16 14:04:08 - [MESSAGE][PASSED] - Verify element property value successfully

2023-10-16 14:04:08 - [TEST_STEP][PASSED] - verifyElementPropertyValue(getResponse, "groups[0].pricingPlans[0].visualElements[3].value", "facturation mensuelle"): Verify element property value successfully

2023-10-16 14:04:08 - [MESSAGE][PASSED] - Verify element property value successfully

2023-10-16 14:04:08 - [TEST_STEP][PASSED] - verifyElementPropertyValue(getResponse, "groups[0].pricingPlans[0].visualElements[6].key", "show_payment_logo"): Verify element property value successfully

2023-10-16 14:04:08 - [MESSAGE][PASSED] - Verify element property value successfully

2023-10-16 14:04:08 - [TEST_STEP][PASSED] - verifyElementPropertyValue(getResponse, "groups[0].pricingPlans[0].visualElements[6].value", "true"): Verify element property value successfully

2023-10-16 14:04:08 - [MESSAGE][PASSED] - Verify element property value successfully

2023-10-16 14:04:08 - [TEST_STEP][PASSED] - verifyElementPropertyValue(getResponse, "groups[0].pricingPlans[0].visualElements[8].key", "price"): Verify element property value successfully

2023-10-16 14:04:08 - [MESSAGE][PASSED] - Verify element property value successfully

2023-10-16 14:04:08 - [TEST_STEP][PASSED] - verifyElementPropertyValue(getResponse, "groups[0].pricingPlans[0].visualElements[8].value", "21.9"): Verify element property value successfully

2023-10-16 14:04:08 - [MESSAGE][PASSED] - Verify element property value successfully

2023-10-16 14:04:08 - [TEST_STEP][PASSED] - verifyElementPropertyValue(getResponse, "groups[0].pricingPlans[0].visualElements[9].key", "currency"): Verify element property value successfully

2023-10-16 14:04:08 - [MESSAGE][PASSED] - Verify element property value successfully

2023-10-16 14:04:08 - [TEST_STEP][PASSED] - verifyElementPropertyValue(getResponse, "groups[0].pricingPlans[0].visualElements[9].value", "₪"): Verify element property value successfully

2023-10-16 14:04:08 - [MESSAGE][PASSED] - Verify element property value successfully

2023-10-16 14:04:08 - [TEST_STEP][PASSED] - verifyElementPropertyValue(getResponse, "groups[0].pricingPlans[0].visualElements[10].key", "duration"): Verify element property value successfully

2023-10-16 14:04:08 - [MESSAGE][PASSED] - Verify element property value successfully

2023-10-16 14:04:08 - [TEST_STEP][PASSED] - verifyElementPropertyValue(getResponse, "groups[0].pricingPlans[0].visualElements[10].value", "Mensuel"): Verify element property value successfully

2023-10-16 14:04:08 - [MESSAGE][PASSED] - Verify element property value successfully

2023-10-16 14:04:08 - [TEST_STEP][PASSED] - verifyElementPropertyValue(getResponse, "groups[0].pricingPlans[0].order", "0"): Verify element property value successfully

2023-10-16 14:04:08 - [MESSAGE][PASSED] - Verify element property value successfully

2023-10-16 14:04:08 - [TEST_STEP][PASSED] - verifyElementPropertyValue(getResponse, "groups[0].pricingPlans[0].period", "monthly"): Verify element property value successfully

2023-10-16 14:04:08 - [MESSAGE][PASSED] - Verify element property value successfully

2023-10-16 14:04:08 - [TEST_STEP][PASSED] - verifyElementPropertyValue(getResponse, "groups[0].pricingPlans[0].price", "21.9"): Verify element property value successfully

2023-10-16 14:04:08 - [MESSAGE][PASSED] - Verify element property value successfully

2023-10-16 14:04:08 - [TEST_STEP][PASSED] - verifyElementPropertyValue(getResponse, "groups[0].pricingPlans[0].currency", "₪"): Verify element property value successfully

2023-10-16 14:04:08 - [MESSAGE][PASSED] - Verify element property value successfully

2023-10-16 14:04:08 - [TEST_STEP][PASSED] - verifyElementPropertyValue(getResponse, "groups[0].pricingPlans[0].pricingPlanData[0].productId", "ISR_B2C_SHAHID_VIP_1M"): Verify element property value successfully

2023-10-16 14:04:08 - [MESSAGE][PASSED] - Verify element property value successfully

2023-10-16 14:04:08 - [TEST_STEP][PASSED] - verifyElementPropertyValue(getResponse, "groups[0].pricingPlans[0].pricingPlanData[0].subPricingPlanIds", "null"): Verify element property value successfully

2023-10-16 14:04:08 - [MESSAGE][PASSED] - Verify element property value successfully

2023-10-16 14:04:08 - [TEST_STEP][PASSED] - verifyElementPropertyValue(getResponse, "groups[0].pricingPlans[0].pricingPlanData[0].paymentMethod", "CREDIT_CARD"): Verify element property value successfully

2023-10-16 14:04:08 - [MESSAGE][PASSED] - Verify element property value successfully

2023-10-16 14:04:08 - [TEST_STEP][PASSED] - verifyElementPropertyValue(getResponse, "groups[0].pricingPlans[0].pricingPlanData[0].freeTrialEnabled", "false"): Verify element property value successfully

2023-10-16 14:04:08 - [MESSAGE][PASSED] - Verify element property value successfully

2023-10-16 14:04:08 - [TEST_STEP][PASSED] - verifyElementPropertyValue(getResponse, "groups[0].pricingPlans[0].pricingPlanData[0].visualElements[0].key", "title"): Verify element property value successfully

2023-10-16 14:04:08 - [MESSAGE][PASSED] - Verify element property value successfully

2023-10-16 14:04:08 - [TEST_STEP][PASSED] - verifyElementPropertyValue(getResponse, "groups[0].pricingPlans[0].pricingPlanData[0].visualElements[0].value", "Carte de crédit/débit"): Verify element property value successfully

2023-10-16 14:04:08 - [MESSAGE][PASSED] - Verify element property value successfully

2023-10-16 14:04:08 - [TEST_STEP][PASSED] - verifyElementPropertyValue(getResponse, "groups[0].pricingPlans[0].pricingPlanData[0].visualElements[1].key", "CTA_text"): Verify element property value successfully

2023-10-16 14:04:08 - [MESSAGE][PASSED] - Verify element property value successfully

2023-10-16 14:04:08 - [TEST_STEP][PASSED] - verifyElementPropertyValue(getResponse, "groups[0].pricingPlans[0].pricingPlanData[0].visualElements[1].value", "S'abonner"): Verify element property value successfully

2023-10-16 14:04:08 - [MESSAGE][PASSED] - Verify element property value successfully

2023-10-16 14:04:08 - [TEST_STEP][PASSED] - verifyElementPropertyValue(getResponse, "groups[0].pricingPlans[0].pricingPlanData[0].visualElements[2].key", "logo"): Verify element property value successfully

2023-10-16 14:04:08 - [MESSAGE][PASSED] - Verify element property value successfully

2023-10-16 14:04:08 - [TEST_STEP][PASSED] - verifyElementPropertyValue(getResponse, "groups[0].pricingPlans[0].pricingPlanData[0].visualElements[2].value", "https://static.s3.shahid.mbc.net/widget-images/icons/iconCreditCard.png"): Verify element property value successfully

2023-10-16 14:04:08 - [MESSAGE][PASSED] - Verify element property value successfully

2023-10-16 14:04:08 - [TEST_STEP][PASSED] - verifyElementPropertyValue(getResponse, "groups[0].pricingPlans[0].pricingPlanData[0].priceLabel", "21.9"): Verify element property value successfully

2023-10-16 14:04:08 - [MESSAGE][PASSED] - Verify element property value successfully

2023-10-16 14:04:08 - [TEST_STEP][PASSED] - verifyElementPropertyValue(getResponse, "groups[0].pricingPlans[0].pricingPlanData[0].currencyLabel", "₪"): Verify element property value successfully

2023-10-16 14:04:08 - [MESSAGE][PASSED] - Verify element property value successfully

2023-10-16 14:04:08 - [TEST_STEP][PASSED] - verifyElementPropertyValue(getResponse, "groups[0].pricingPlans[1].featured", "false"): Verify element property value successfully

2023-10-16 14:04:08 - [MESSAGE][PASSED] - Verify element property value successfully

2023-10-16 14:04:08 - [TEST_STEP][PASSED] - verifyElementPropertyValue(getResponse, "groups[0].pricingPlans[1].packageId", "SHAHID_VIP"): Verify element property value successfully

2023-10-16 14:04:08 - [MESSAGE][PASSED] - Verify element property value successfully

2023-10-16 14:04:08 - [TEST_STEP][PASSED] - verifyElementPropertyValue(getResponse, "groups[0].pricingPlans[1].catalogId", "VIP"): Verify element property value successfully

2023-10-16 14:04:08 - [MESSAGE][PASSED] - Verify element property value successfully

2023-10-16 14:04:08 - [TEST_STEP][PASSED] - verifyElementPropertyValue(getResponse, "groups[0].pricingPlans[1].visualElements[0].key", "Header_1_text"): Verify element property value successfully

2023-10-16 14:04:08 - [MESSAGE][PASSED] - Verify element property value successfully

2023-10-16 14:04:08 - [TEST_STEP][PASSED] - verifyElementPropertyValue(getResponse, "groups[0].pricingPlans[1].visualElements[0].value", "Abonnez-vous dès maintenant et profitez de vos programmes sans publicité"): Verify element property value successfully

2023-10-16 14:04:08 - [MESSAGE][PASSED] - Verify element property value successfully

2023-10-16 14:04:08 - [TEST_STEP][PASSED] - verifyElementPropertyValue(getResponse, "groups[0].pricingPlans[1].visualElements[1].key", "display_title"): Verify element property value successfully

2023-10-16 14:04:08 - [MESSAGE][PASSED] - Verify element property value successfully

2023-10-16 14:04:08 - [TEST_STEP][FAILED] - verifyElementPropertyValue(getResponse, "groups[0].pricingPlans[1].visualElements[1].value", "Plan Annuel"): Expected element property value 'Plan Annuel' is not equal with actual property value 'Plan Annuel ​'

2023-10-16 14:04:08 - [MESSAGE][FAILED] - Expected element property value 'Plan Annuel' is not equal with actual property value 'Plan Annuel ​'

2023-10-16 14:04:08 - [TEST_STEP][PASSED] - verifyElementPropertyValue(getResponse, "groups[0].pricingPlans[1].visualElements[2].key", "tag_text"): Verify element property value successfully

2023-10-16 14:04:08 - [MESSAGE][PASSED] - Verify element property value successfully

2023-10-16 14:04:08 - [TEST_STEP][PASSED] - verifyElementPropertyValue(getResponse, "groups[0].pricingPlans[1].visualElements[2].value", "Économisez 29%"): Verify element property value successfully

2023-10-16 14:04:08 - [MESSAGE][PASSED] - Verify element property value successfully

2023-10-16 14:04:08 - [TEST_STEP][PASSED] - verifyElementPropertyValue(getResponse, "groups[0].pricingPlans[1].visualElements[3].key", "promo_text"): Verify element property value successfully

2023-10-16 14:04:08 - [MESSAGE][PASSED] - Verify element property value successfully

2023-10-16 14:04:08 - [TEST_STEP][PASSED] - verifyElementPropertyValue(getResponse, "groups[0].pricingPlans[1].visualElements[3].value", "15.65 ₪/ mois"): Verify element property value successfully

2023-10-16 14:04:08 - [MESSAGE][PASSED] - Verify element property value successfully

2023-10-16 14:04:08 - [TEST_STEP][PASSED] - verifyElementPropertyValue(getResponse, "groups[0].pricingPlans[1].visualElements[4].key", "deduction_text"): Verify element property value successfully

2023-10-16 14:04:08 - [MESSAGE][PASSED] - Verify element property value successfully

2023-10-16 14:04:08 - [TEST_STEP][PASSED] - verifyElementPropertyValue(getResponse, "groups[0].pricingPlans[1].visualElements[4].value", "187.9 ₪ facturés chaque année"): Verify element property value successfully

2023-10-16 14:04:08 - [MESSAGE][PASSED] - Verify element property value successfully

2023-10-16 14:04:08 - [TEST_STEP][PASSED] - verifyElementPropertyValue(getResponse, "groups[0].pricingPlans[1].visualElements[7].key", "show_payment_logo"): Verify element property value successfully

2023-10-16 14:04:08 - [MESSAGE][PASSED] - Verify element property value successfully

2023-10-16 14:04:08 - [TEST_STEP][PASSED] - verifyElementPropertyValue(getResponse, "groups[0].pricingPlans[1].visualElements[7].value", "true"): Verify element property value successfully

2023-10-16 14:04:08 - [MESSAGE][PASSED] - Verify element property value successfully

2023-10-16 14:04:08 - [TEST_STEP][PASSED] - verifyElementPropertyValue(getResponse, "groups[0].pricingPlans[1].visualElements[8].key", "show_tag"): Verify element property value successfully

2023-10-16 14:04:08 - [MESSAGE][PASSED] - Verify element property value successfully

2023-10-16 14:04:08 - [TEST_STEP][PASSED] - verifyElementPropertyValue(getResponse, "groups[0].pricingPlans[1].visualElements[8].value", "true"): Verify element property value successfully

2023-10-16 14:04:08 - [MESSAGE][PASSED] - Verify element property value successfully

2023-10-16 14:04:08 - [TEST_STEP][PASSED] - verifyElementPropertyValue(getResponse, "groups[0].pricingPlans[1].visualElements[10].key", "price"): Verify element property value successfully

2023-10-16 14:04:08 - [MESSAGE][PASSED] - Verify element property value successfully

2023-10-16 14:04:08 - [TEST_STEP][PASSED] - verifyElementPropertyValue(getResponse, "groups[0].pricingPlans[1].visualElements[10].value", "187.9"): Verify element property value successfully

2023-10-16 14:04:08 - [MESSAGE][PASSED] - Verify element property value successfully

2023-10-16 14:04:08 - [TEST_STEP][PASSED] - verifyElementPropertyValue(getResponse, "groups[0].pricingPlans[1].visualElements[11].key", "currency"): Verify element property value successfully

2023-10-16 14:04:08 - [MESSAGE][PASSED] - Verify element property value successfully

2023-10-16 14:04:08 - [TEST_STEP][PASSED] - verifyElementPropertyValue(getResponse, "groups[0].pricingPlans[1].visualElements[11].value", "₪"): Verify element property value successfully

2023-10-16 14:04:08 - [MESSAGE][PASSED] - Verify element property value successfully

2023-10-16 14:04:08 - [TEST_STEP][PASSED] - verifyElementPropertyValue(getResponse, "groups[0].pricingPlans[1].visualElements[12].key", "duration"): Verify element property value successfully

2023-10-16 14:04:08 - [MESSAGE][PASSED] - Verify element property value successfully

2023-10-16 14:04:08 - [TEST_STEP][PASSED] - verifyElementPropertyValue(getResponse, "groups[0].pricingPlans[1].visualElements[12].value", "Annuel"): Verify element property value successfully

2023-10-16 14:04:08 - [MESSAGE][PASSED] - Verify element property value successfully

2023-10-16 14:04:08 - [TEST_STEP][PASSED] - verifyElementPropertyValue(getResponse, "groups[0].pricingPlans[1].order", "2"): Verify element property value successfully

2023-10-16 14:04:08 - [MESSAGE][PASSED] - Verify element property value successfully

2023-10-16 14:04:08 - [TEST_STEP][PASSED] - verifyElementPropertyValue(getResponse, "groups[0].pricingPlans[1].period", "yearly"): Verify element property value successfully

2023-10-16 14:04:08 - [MESSAGE][PASSED] - Verify element property value successfully

2023-10-16 14:04:08 - [TEST_STEP][PASSED] - verifyElementPropertyValue(getResponse, "groups[0].pricingPlans[1].price", "187.9"): Verify element property value successfully

2023-10-16 14:04:08 - [MESSAGE][PASSED] - Verify element property value successfully

2023-10-16 14:04:08 - [TEST_STEP][PASSED] - verifyElementPropertyValue(getResponse, "groups[0].pricingPlans[1].currency", "₪"): Verify element property value successfully

2023-10-16 14:04:08 - [MESSAGE][PASSED] - Verify element property value successfully

2023-10-16 14:04:08 - [TEST_STEP][PASSED] - verifyElementPropertyValue(getResponse, "groups[0].pricingPlans[1].pricingPlanData[0].productId", "ISR_B2C_SHAHID_VIP_12M"): Verify element property value successfully

2023-10-16 14:04:08 - [MESSAGE][PASSED] - Verify element property value successfully

2023-10-16 14:04:08 - [TEST_STEP][PASSED] - verifyElementPropertyValue(getResponse, "groups[0].pricingPlans[1].pricingPlanData[0].subPricingPlanIds", "null"): Verify element property value successfully

2023-10-16 14:04:08 - [MESSAGE][PASSED] - Verify element property value successfully

2023-10-16 14:04:08 - [TEST_STEP][PASSED] - verifyElementPropertyValue(getResponse, "groups[0].pricingPlans[1].pricingPlanData[0].paymentMethod", "CREDIT_CARD"): Verify element property value successfully

2023-10-16 14:04:08 - [MESSAGE][PASSED] - Verify element property value successfully

2023-10-16 14:04:08 - [TEST_STEP][PASSED] - verifyElementPropertyValue(getResponse, "groups[0].pricingPlans[1].pricingPlanData[0].freeTrialEnabled", "false"): Verify element property value successfully

2023-10-16 14:04:08 - [MESSAGE][PASSED] - Verify element property value successfully

2023-10-16 14:04:08 - [TEST_STEP][PASSED] - verifyElementPropertyValue(getResponse, "groups[0].pricingPlans[1].pricingPlanData[0].visualElements[0].key", "title"): Verify element property value successfully

2023-10-16 14:04:08 - [MESSAGE][PASSED] - Verify element property value successfully

2023-10-16 14:04:08 - [TEST_STEP][PASSED] - verifyElementPropertyValue(getResponse, "groups[0].pricingPlans[1].pricingPlanData[0].visualElements[0].value", "Carte de crédit/débit"): Verify element property value successfully

2023-10-16 14:04:08 - [MESSAGE][PASSED] - Verify element property value successfully

2023-10-16 14:04:08 - [TEST_STEP][PASSED] - verifyElementPropertyValue(getResponse, "groups[0].pricingPlans[1].pricingPlanData[0].visualElements[1].key", "CTA_text"): Verify element property value successfully

2023-10-16 14:04:08 - [MESSAGE][PASSED] - Verify element property value successfully

2023-10-16 14:04:08 - [TEST_STEP][PASSED] - verifyElementPropertyValue(getResponse, "groups[0].pricingPlans[1].pricingPlanData[0].visualElements[1].value", "S'abonner"): Verify element property value successfully

2023-10-16 14:04:08 - [MESSAGE][PASSED] - Verify element property value successfully

2023-10-16 14:04:08 - [TEST_STEP][PASSED] - verifyElementPropertyValue(getResponse, "groups[0].pricingPlans[1].pricingPlanData[0].visualElements[2].key", "logo"): Verify element property value successfully

2023-10-16 14:04:09 - [MESSAGE][PASSED] - Verify element property value successfully

2023-10-16 14:04:09 - [TEST_STEP][PASSED] - verifyElementPropertyValue(getResponse, "groups[0].pricingPlans[1].pricingPlanData[0].visualElements[2].value", "https://static.s3.shahid.mbc.net/widget-images/icons/iconCreditCard.png"): Verify element property value successfully

2023-10-16 14:04:09 - [MESSAGE][PASSED] - Verify element property value successfully

2023-10-16 14:04:09 - [TEST_STEP][PASSED] - verifyElementPropertyValue(getResponse, "groups[0].pricingPlans[1].pricingPlanData[0].priceLabel", "187.9"): Verify element property value successfully

2023-10-16 14:04:09 - [MESSAGE][PASSED] - Verify element property value successfully

2023-10-16 14:04:09 - [TEST_STEP][PASSED] - verifyElementPropertyValue(getResponse, "groups[0].pricingPlans[1].pricingPlanData[0].currencyLabel", "₪"): Verify element property value successfully

2023-10-16 14:04:09 - [MESSAGE][PASSED] - Verify element property value successfully

2023-10-16 14:04:09 - [TEST_STEP][PASSED] - verifyElementPropertyValue(getResponse, "groups[0].pricingPlans[1].pricingPlanData[0].allowedForAcquisition", "true"): Verify element property value successfully

2023-10-16 14:04:09 - [MESSAGE][PASSED] - Verify element property value successfully

2023-10-16 14:04:09 - [TEST_STEP][PASSED] - verifyElementPropertyValue(getResponse, "groups[0].pricingPlans[1].pricingPlanData[0].showIn[0]", "VERTICAL_MODE"): Verify element property value successfully

2023-10-16 14:04:09 - [MESSAGE][PASSED] - Verify element property value successfully

2023-10-16 14:04:09 - [TEST_STEP][PASSED] - verifyElementPropertyValue(getResponse, "groups[0].pricingPlans[1].pricingPlanData[0].showIn[1]", "HORIZONTAL_MODE"): Verify element property value successfully

2023-10-16 14:04:09 - [MESSAGE][PASSED] - Verify element property value successfully

2023-10-16 14:04:09 - [TEST_STEP][PASSED] - verifyElementPropertyValue(getResponse, "visualElements[0].key", "main_CTA_text_1"): Verify element property value successfully

2023-10-16 14:04:09 - [MESSAGE][PASSED] - Verify element property value successfully

2023-10-16 14:04:09 - [TEST_STEP][PASSED] - verifyElementPropertyValue(getResponse, "visualElements[0].value", "Abonnez-vous dès maintenant et profitez de vos programmes sans publicité"): Verify element property value successfully

2023-10-16 14:04:09 - [MESSAGE][PASSED] - Verify element property value successfully

2023-10-16 14:04:09 - [TEST_STEP][PASSED] - verifyElementPropertyValue(getResponse, "visualElements[2].key", "main_disclaimer_text"): Verify element property value successfully

2023-10-16 14:04:09 - [MESSAGE][PASSED] - Verify element property value successfully

2023-10-16 14:04:09 - [TEST_STEP][PASSED] - verifyElementPropertyValue(getResponse, "visualElements[2].value", "Les frais d'abonnement peuvent varier selon le pays, le moyen de paiement, le forfait, les taxes, les taux de change et les frais bancaires. Les conditions générales d'utilisation s'appliquent."): Verify element property value successfully

2023-10-16 14:04:09 - [MESSAGE][PASSED] - Verify element property value successfully

2023-10-16 14:04:09 - [TEST_STEP][PASSED] - verifyElementPropertyValue(getResponse, "visualElements[4].key", "display_type"): Verify element property value successfully

2023-10-16 14:04:09 - [MESSAGE][PASSED] - Verify element property value successfully

2023-10-16 14:04:09 - [TEST_STEP][PASSED] - verifyElementPropertyValue(getResponse, "visualElements[4].value", "vertical"): Verify element property value successfully

2023-10-16 14:04:09 - [MESSAGE][PASSED] - Verify element property value successfully

2023-10-16 14:04:09 - [TEST_STEP][PASSED] - verifyElementPropertyValue(getResponse, "defaultPackageId", "SHAHID_VIP"): Verify element property value successfully

2023-10-16 14:04:09 - [MESSAGE][PASSED] - Verify element property value successfully]]></system-out>
         <system-err><![CDATA[2023-10-16 14:04:07 - [TEST_CASE][FAILED] - Test Cases/WEB - CHROME/ISR PI/WEB_FR_getSubscriptionConfigForISR_VIP: Test Cases/WEB - CHROME/ISR PI/WEB_FR_getSubscriptionConfigForISR_VIP FAILED.
Reason:
com.kms.katalon.core.exception.StepFailedException: Expected element property value 'Plan Annuel' is not equal with actual property value 'Plan Annuel ​'
	at com.kms.katalon.core.keyword.internal.KeywordMain.stepFailed(KeywordMain.groovy:39)
	at com.kms.katalon.core.webservice.keyword.builtin.VerifyElementPropertyValueKeyword$_verifyElementPropertyValue_closure1.doCall(VerifyElementPropertyValueKeyword.groovy:56)
	at com.kms.katalon.core.webservice.keyword.builtin.VerifyElementPropertyValueKeyword$_verifyElementPropertyValue_closure1.call(VerifyElementPropertyValueKeyword.groovy)
	at com.kms.katalon.core.keyword.internal.KeywordMain.runKeyword(KeywordMain.groovy:75)
	at com.kms.katalon.core.webservice.keyword.builtin.VerifyElementPropertyValueKeyword.verifyElementPropertyValue(VerifyElementPropertyValueKeyword.groovy:48)
	at com.kms.katalon.core.webservice.keyword.builtin.VerifyElementPropertyValueKeyword.execute(VerifyElementPropertyValueKeyword.groovy:43)
	at com.kms.katalon.core.keyword.internal.KeywordExecutor.executeKeywordForPlatform(KeywordExecutor.groovy:74)
	at com.kms.katalon.core.webservice.keyword.WSBuiltInKeywords.verifyElementPropertyValue(WSBuiltInKeywords.groovy:190)
	at com.kms.katalon.core.webservice.keyword.WSBuiltInKeywords$verifyElementPropertyValue$1.call(Unknown Source)
	at WEB_FR_getSubscriptionConfigForISR_VIP.run(WEB_FR_getSubscriptionConfigForISR_VIP:100)
	at com.kms.katalon.core.main.ScriptEngine.run(ScriptEngine.java:194)
	at com.kms.katalon.core.main.ScriptEngine.runScriptAsRawText(ScriptEngine.java:119)
	at com.kms.katalon.core.main.TestCaseExecutor.runScript(TestCaseExecutor.java:448)
	at com.kms.katalon.core.main.TestCaseExecutor.doExecute(TestCaseExecutor.java:439)
	at com.kms.katalon.core.main.TestCaseExecutor.processExecutionPhase(TestCaseExecutor.java:418)
	at com.kms.katalon.core.main.TestCaseExecutor.accessMainPhase(TestCaseExecutor.java:410)
	at com.kms.katalon.core.main.TestCaseExecutor.execute(TestCaseExecutor.java:285)
	at com.kms.katalon.core.common.CommonExecutor.accessTestCaseMainPhase(CommonExecutor.java:65)
	at com.kms.katalon.core.main.TestSuiteExecutor.accessTestSuiteMainPhase(TestSuiteExecutor.java:148)
	at com.kms.katalon.core.main.TestSuiteExecutor.execute(TestSuiteExecutor.java:106)
	at com.kms.katalon.core.main.TestCaseMain.startTestSuite(TestCaseMain.java:187)
	at com.kms.katalon.core.main.TestCaseMain$startTestSuite$0.call(Unknown Source)
	at TempTestSuite1697454191890.run(TempTestSuite1697454191890.groovy:36)]]></system-err>
      </testcase>
      <testcase name="Test Cases/WEB - CHROME/ISR PI/WEB_AR_getOffersForISR_SPORT" time="15.873" classname="Test Cases/WEB - CHROME/ISR PI/WEB_AR_getOffersForISR_SPORT" status="PASSED">
         <system-out><![CDATA[2023-10-16 14:04:09 - [TEST_CASE][PASSED] - Test Cases/WEB - CHROME/ISR PI/WEB_AR_getOffersForISR_SPORT: Test Cases/WEB - CHROME/ISR PI/WEB_AR_getOffersForISR_SPORT

2023-10-16 14:04:09 - [TEST_STEP][PASSED] - getResponse = config_files.getConfigFile.getConfig("WEB", "AR", "SHAHID_VIP_SPORT", "IL", "false"): config_files.getConfigFile.getConfig is PASSED

2023-10-16 14:04:10 - [MESSAGE][INFO] - HAR: /Users/admin/git/shahid-configuration/Reports/20231016_140310/WEB/ISR/20231016_140311/requests/main/4.har

2023-10-16 14:04:10 - [MESSAGE][PASSED] - Send request successfully

2023-10-16 14:04:10 - [MESSAGE][PASSED] - config_files.getConfigFile.getConfig is PASSED

2023-10-16 14:04:10 - [TEST_STEP][PASSED] - verifyResponseStatusCode(getResponse, 200): Verify response status code successfully

2023-10-16 14:04:10 - [MESSAGE][PASSED] - Verify response status code successfully

2023-10-16 14:04:10 - [TEST_STEP][PASSED] - verifyElementPropertyValue(getResponse, "country", "ISR"): Verify element property value successfully

2023-10-16 14:04:10 - [MESSAGE][PASSED] - Verify element property value successfully

2023-10-16 14:04:10 - [TEST_STEP][PASSED] - verifyElementPropertyValue(getResponse, "platform", "[WEB]"): Verify element property value successfully

2023-10-16 14:04:10 - [MESSAGE][PASSED] - Verify element property value successfully

2023-10-16 14:04:10 - [TEST_STEP][PASSED] - verifyElementPropertyValue(getResponse, "offers[5].offerId", "winback-sport-30-offer"): Verify element property value successfully

2023-10-16 14:04:10 - [MESSAGE][PASSED] - Verify element property value successfully

2023-10-16 14:04:10 - [TEST_STEP][PASSED] - verifyElementPropertyValue(getResponse, "offers[5].offerParam", "sportsoffer30"): Verify element property value successfully

2023-10-16 14:04:10 - [MESSAGE][PASSED] - Verify element property value successfully

2023-10-16 14:04:10 - [TEST_STEP][PASSED] - verifyElementPropertyValue(getResponse, "offers[5].groups[0].pricingPlans[0].featured", "true"): Verify element property value successfully

2023-10-16 14:04:10 - [MESSAGE][PASSED] - Verify element property value successfully

2023-10-16 14:04:10 - [TEST_STEP][PASSED] - verifyElementPropertyValue(getResponse, "offers[5].groups[0].pricingPlans[0].period", "monthly"): Verify element property value successfully

2023-10-16 14:04:10 - [MESSAGE][PASSED] - Verify element property value successfully

2023-10-16 14:04:10 - [TEST_STEP][PASSED] - verifyElementPropertyValue(getResponse, "offers[5].groups[0].pricingPlans[0].featured", "true"): Verify element property value successfully

2023-10-16 14:04:10 - [MESSAGE][PASSED] - Verify element property value successfully

2023-10-16 14:04:10 - [TEST_STEP][PASSED] - verifyElementPropertyValue(getResponse, "offers[5].groups[0].pricingPlans[0].price", "30.9"): Verify element property value successfully

2023-10-16 14:04:10 - [MESSAGE][PASSED] - Verify element property value successfully

2023-10-16 14:04:10 - [TEST_STEP][PASSED] - verifyElementPropertyValue(getResponse, "offers[5].groups[0].pricingPlans[0].currency", "₪"): Verify element property value successfully

2023-10-16 14:04:10 - [MESSAGE][PASSED] - Verify element property value successfully

2023-10-16 14:04:10 - [TEST_STEP][PASSED] - verifyElementPropertyValue(getResponse, "offers[5].groups[0].pricingPlans[0].order", "0"): Verify element property value successfully

2023-10-16 14:04:10 - [MESSAGE][PASSED] - Verify element property value successfully

2023-10-16 14:04:10 - [TEST_STEP][PASSED] - verifyElementPropertyValue(getResponse, "offers[5].groups[0].pricingPlans[0].packageId", "SHAHID_VIP_SPORT"): Verify element property value successfully

2023-10-16 14:04:10 - [MESSAGE][PASSED] - Verify element property value successfully

2023-10-16 14:04:10 - [TEST_STEP][PASSED] - verifyElementPropertyValue(getResponse, "offers[5].groups[0].pricingPlans[0].catalogId", "SPORT"): Verify element property value successfully

2023-10-16 14:04:10 - [MESSAGE][PASSED] - Verify element property value successfully

2023-10-16 14:04:10 - [TEST_STEP][PASSED] - verifyElementPropertyValue(getResponse, "offers[5].groups[0].pricingPlans[0].visualElements[0].key", "Header_1_text"): Verify element property value successfully

2023-10-16 14:04:10 - [MESSAGE][PASSED] - Verify element property value successfully

2023-10-16 14:04:10 - [TEST_STEP][PASSED] - verifyElementPropertyValue(getResponse, "offers[5].groups[0].pricingPlans[0].visualElements[0].value", "شاهد أقوى المسلسلات و الأفلام حصرياً دون توقف"): Verify element property value successfully

2023-10-16 14:04:10 - [MESSAGE][PASSED] - Verify element property value successfully

2023-10-16 14:04:10 - [TEST_STEP][PASSED] - verifyElementPropertyValue(getResponse, "offers[5].groups[0].pricingPlans[0].visualElements[1].key", "display_title"): Verify element property value successfully

2023-10-16 14:04:10 - [MESSAGE][PASSED] - Verify element property value successfully

2023-10-16 14:04:10 - [TEST_STEP][PASSED] - verifyElementPropertyValue(getResponse, "offers[5].groups[0].pricingPlans[0].visualElements[1].value", "احصل على خصم 30%"): Verify element property value successfully

2023-10-16 14:04:10 - [MESSAGE][PASSED] - Verify element property value successfully

2023-10-16 14:04:10 - [TEST_STEP][PASSED] - verifyElementPropertyValue(getResponse, "offers[5].groups[0].pricingPlans[0].visualElements[3].key", "deduction_text"): Verify element property value successfully

2023-10-16 14:04:10 - [MESSAGE][PASSED] - Verify element property value successfully

2023-10-16 14:04:10 - [TEST_STEP][PASSED] - verifyElementPropertyValue(getResponse, "offers[5].groups[0].pricingPlans[0].visualElements[3].value", "تدفع شهرياً"): Verify element property value successfully

2023-10-16 14:04:10 - [MESSAGE][PASSED] - Verify element property value successfully

2023-10-16 14:04:10 - [TEST_STEP][PASSED] - verifyElementPropertyValue(getResponse, "offers[5].groups[0].pricingPlans[0].visualElements[6].key", "show_payment_logo"): Verify element property value successfully

2023-10-16 14:04:10 - [MESSAGE][PASSED] - Verify element property value successfully

2023-10-16 14:04:10 - [TEST_STEP][PASSED] - verifyElementPropertyValue(getResponse, "offers[5].groups[0].pricingPlans[0].visualElements[6].value", "true"): Verify element property value successfully

2023-10-16 14:04:10 - [MESSAGE][PASSED] - Verify element property value successfully

2023-10-16 14:04:10 - [TEST_STEP][PASSED] - verifyElementPropertyValue(getResponse, "offers[5].groups[0].pricingPlans[0].visualElements[8].key", "price"): Verify element property value successfully

2023-10-16 14:04:10 - [MESSAGE][PASSED] - Verify element property value successfully

2023-10-16 14:04:10 - [TEST_STEP][PASSED] - verifyElementPropertyValue(getResponse, "offers[5].groups[0].pricingPlans[0].visualElements[8].value", "30.9"): Verify element property value successfully

2023-10-16 14:04:10 - [MESSAGE][PASSED] - Verify element property value successfully

2023-10-16 14:04:10 - [TEST_STEP][PASSED] - verifyElementPropertyValue(getResponse, "offers[5].groups[0].pricingPlans[0].visualElements[9].key", "currency"): Verify element property value successfully

2023-10-16 14:04:10 - [MESSAGE][PASSED] - Verify element property value successfully

2023-10-16 14:04:10 - [TEST_STEP][PASSED] - verifyElementPropertyValue(getResponse, "offers[5].groups[0].pricingPlans[0].visualElements[9].value", "₪"): Verify element property value successfully

2023-10-16 14:04:10 - [MESSAGE][PASSED] - Verify element property value successfully

2023-10-16 14:04:10 - [TEST_STEP][PASSED] - verifyElementPropertyValue(getResponse, "offers[5].groups[0].pricingPlans[0].visualElements[10].key", "duration"): Verify element property value successfully

2023-10-16 14:04:10 - [MESSAGE][PASSED] - Verify element property value successfully

2023-10-16 14:04:10 - [TEST_STEP][PASSED] - verifyElementPropertyValue(getResponse, "offers[5].groups[0].pricingPlans[0].visualElements[10].value", "شهرياً"): Verify element property value successfully

2023-10-16 14:04:10 - [MESSAGE][PASSED] - Verify element property value successfully

2023-10-16 14:04:10 - [TEST_STEP][PASSED] - verifyElementPropertyValue(getResponse, "offers[5].groups[0].pricingPlans[0].visualElements[11].key", "featured_tag_text"): Verify element property value successfully

2023-10-16 14:04:10 - [MESSAGE][PASSED] - Verify element property value successfully

2023-10-16 14:04:10 - [TEST_STEP][PASSED] - verifyElementPropertyValue(getResponse, "offers[5].groups[0].pricingPlans[0].visualElements[11].value", "عرض لمدة محدودة"): Verify element property value successfully

2023-10-16 14:04:10 - [MESSAGE][PASSED] - Verify element property value successfully

2023-10-16 14:04:10 - [TEST_STEP][PASSED] - verifyElementPropertyValue(getResponse, "offers[5].groups[0].pricingPlans[0].visualElements[13].key", "tag_text"): Verify element property value successfully

2023-10-16 14:04:10 - [MESSAGE][PASSED] - Verify element property value successfully

2023-10-16 14:04:10 - [TEST_STEP][PASSED] - verifyElementPropertyValue(getResponse, "offers[5].groups[0].pricingPlans[0].visualElements[13].value", "وفر 30%"): Verify element property value successfully

2023-10-16 14:04:10 - [MESSAGE][PASSED] - Verify element property value successfully

2023-10-16 14:04:10 - [TEST_STEP][PASSED] - verifyElementPropertyValue(getResponse, "offers[5].groups[0].pricingPlans[0].visualElements[12].key", "show_tag"): Verify element property value successfully

2023-10-16 14:04:10 - [MESSAGE][PASSED] - Verify element property value successfully

2023-10-16 14:04:10 - [TEST_STEP][PASSED] - verifyElementPropertyValue(getResponse, "offers[5].groups[0].pricingPlans[0].visualElements[12].value", "true"): Verify element property value successfully

2023-10-16 14:04:10 - [MESSAGE][PASSED] - Verify element property value successfully

2023-10-16 14:04:10 - [TEST_STEP][PASSED] - verifyElementPropertyValue(getResponse, "offers[5].groups[0].pricingPlans[0].pricingPlanData[0].productId", "ISR_B2C_SHAHID_VIP_SPORT_1M"): Verify element property value successfully

2023-10-16 14:04:10 - [MESSAGE][PASSED] - Verify element property value successfully

2023-10-16 14:04:10 - [TEST_STEP][PASSED] - verifyElementPropertyValue(getResponse, "offers[5].groups[0].pricingPlans[0].pricingPlanData[0].paymentMethod", "CREDIT_CARD"): Verify element property value successfully

2023-10-16 14:04:10 - [MESSAGE][PASSED] - Verify element property value successfully

2023-10-16 14:04:10 - [TEST_STEP][PASSED] - verifyElementPropertyValue(getResponse, "offers[5].groups[0].pricingPlans[0].pricingPlanData[0].freeTrialEnabled", "false"): Verify element property value successfully

2023-10-16 14:04:10 - [MESSAGE][PASSED] - Verify element property value successfully

2023-10-16 14:04:10 - [TEST_STEP][PASSED] - verifyElementPropertyValue(getResponse, "offers[5].groups[0].pricingPlans[0].pricingPlanData[0].showIn[0]", "VERTICAL_MODE"): Verify element property value successfully

2023-10-16 14:04:10 - [MESSAGE][PASSED] - Verify element property value successfully

2023-10-16 14:04:10 - [TEST_STEP][PASSED] - verifyElementPropertyValue(getResponse, "offers[5].groups[0].pricingPlans[0].pricingPlanData[0].showIn[1]", "HORIZONTAL_MODE"): Verify element property value successfully

2023-10-16 14:04:10 - [MESSAGE][PASSED] - Verify element property value successfully

2023-10-16 14:04:10 - [TEST_STEP][PASSED] - verifyElementPropertyValue(getResponse, "offers[5].groups[0].pricingPlans[0].pricingPlanData[0].priceLabel", "30.9"): Verify element property value successfully

2023-10-16 14:04:10 - [MESSAGE][PASSED] - Verify element property value successfully

2023-10-16 14:04:10 - [TEST_STEP][PASSED] - verifyElementPropertyValue(getResponse, "offers[5].groups[0].pricingPlans[0].pricingPlanData[0].currencyLabel", "₪"): Verify element property value successfully

2023-10-16 14:04:10 - [MESSAGE][PASSED] - Verify element property value successfully

2023-10-16 14:04:10 - [TEST_STEP][PASSED] - verifyElementPropertyValue(getResponse, "offers[5].groups[0].pricingPlans[0].pricingPlanData[0].dealId", "WB_SPORT_30P_ISR"): Verify element property value successfully

2023-10-16 14:04:10 - [MESSAGE][PASSED] - Verify element property value successfully

2023-10-16 14:04:10 - [TEST_STEP][PASSED] - verifyElementPropertyValue(getResponse, "offers[5].groups[0].pricingPlans[0].pricingPlanData[0].allowedForAcquisition", "true"): Verify element property value successfully

2023-10-16 14:04:10 - [MESSAGE][PASSED] - Verify element property value successfully

2023-10-16 14:04:10 - [TEST_STEP][PASSED] - verifyElementPropertyValue(getResponse, "offers[5].groups[0].pricingPlans[0].pricingPlanData[0].visualElements[0].key", "title"): Verify element property value successfully

2023-10-16 14:04:10 - [MESSAGE][PASSED] - Verify element property value successfully

2023-10-16 14:04:10 - [TEST_STEP][PASSED] - verifyElementPropertyValue(getResponse, "offers[5].groups[0].pricingPlans[0].pricingPlanData[0].visualElements[0].value", "البطاقة المصرفية"): Verify element property value successfully

2023-10-16 14:04:10 - [MESSAGE][PASSED] - Verify element property value successfully

2023-10-16 14:04:10 - [TEST_STEP][PASSED] - verifyElementPropertyValue(getResponse, "offers[5].groups[0].pricingPlans[0].pricingPlanData[0].visualElements[1].key", "CTA_text"): Verify element property value successfully

2023-10-16 14:04:10 - [MESSAGE][PASSED] - Verify element property value successfully

2023-10-16 14:04:10 - [TEST_STEP][PASSED] - verifyElementPropertyValue(getResponse, "offers[5].groups[0].pricingPlans[0].pricingPlanData[0].visualElements[1].value", "اشترك"): Verify element property value successfully

2023-10-16 14:04:10 - [MESSAGE][PASSED] - Verify element property value successfully

2023-10-16 14:04:10 - [TEST_STEP][PASSED] - verifyElementPropertyValue(getResponse, "offers[5].groups[0].pricingPlans[0].pricingPlanData[0].visualElements[2].key", "logo"): Verify element property value successfully

2023-10-16 14:04:10 - [MESSAGE][PASSED] - Verify element property value successfully

2023-10-16 14:04:10 - [TEST_STEP][PASSED] - verifyElementPropertyValue(getResponse, "offers[5].groups[0].pricingPlans[0].pricingPlanData[0].visualElements[2].value", "https://static.s3.shahid.mbc.net/widget-images/icons/iconCreditCard.png"): Verify element property value successfully

2023-10-16 14:04:10 - [MESSAGE][PASSED] - Verify element property value successfully

2023-10-16 14:04:10 - [TEST_STEP][PASSED] - verifyElementPropertyValue(getResponse, "offers[6].offerId", "winback-sport-40-offer"): Verify element property value successfully

2023-10-16 14:04:10 - [MESSAGE][PASSED] - Verify element property value successfully

2023-10-16 14:04:10 - [TEST_STEP][PASSED] - verifyElementPropertyValue(getResponse, "offers[6].offerParam", "sportsoffer40"): Verify element property value successfully

2023-10-16 14:04:10 - [MESSAGE][PASSED] - Verify element property value successfully

2023-10-16 14:04:10 - [TEST_STEP][PASSED] - verifyElementPropertyValue(getResponse, "offers[6].groups[0].pricingPlans[0].featured", "true"): Verify element property value successfully

2023-10-16 14:04:10 - [MESSAGE][PASSED] - Verify element property value successfully

2023-10-16 14:04:10 - [TEST_STEP][PASSED] - verifyElementPropertyValue(getResponse, "offers[6].groups[0].pricingPlans[0].period", "monthly"): Verify element property value successfully

2023-10-16 14:04:10 - [MESSAGE][PASSED] - Verify element property value successfully

2023-10-16 14:04:10 - [TEST_STEP][PASSED] - verifyElementPropertyValue(getResponse, "offers[6].groups[0].pricingPlans[0].featured", "true"): Verify element property value successfully

2023-10-16 14:04:10 - [MESSAGE][PASSED] - Verify element property value successfully

2023-10-16 14:04:10 - [TEST_STEP][PASSED] - verifyElementPropertyValue(getResponse, "offers[6].groups[0].pricingPlans[0].price", "26.5"): Verify element property value successfully

2023-10-16 14:04:10 - [MESSAGE][PASSED] - Verify element property value successfully

2023-10-16 14:04:10 - [TEST_STEP][PASSED] - verifyElementPropertyValue(getResponse, "offers[6].groups[0].pricingPlans[0].currency", "₪"): Verify element property value successfully

2023-10-16 14:04:10 - [MESSAGE][PASSED] - Verify element property value successfully

2023-10-16 14:04:13 - [TEST_STEP][PASSED] - verifyElementPropertyValue(getResponse, "offers[6].groups[0].pricingPlans[0].order", "0"): Verify element property value successfully

2023-10-16 14:04:13 - [MESSAGE][PASSED] - Verify element property value successfully

2023-10-16 14:04:13 - [TEST_STEP][PASSED] - verifyElementPropertyValue(getResponse, "offers[6].groups[0].pricingPlans[0].packageId", "SHAHID_VIP_SPORT"): Verify element property value successfully

2023-10-16 14:04:13 - [MESSAGE][PASSED] - Verify element property value successfully

2023-10-16 14:04:13 - [TEST_STEP][PASSED] - verifyElementPropertyValue(getResponse, "offers[6].groups[0].pricingPlans[0].catalogId", "SPORT"): Verify element property value successfully

2023-10-16 14:04:13 - [MESSAGE][PASSED] - Verify element property value successfully

2023-10-16 14:04:13 - [TEST_STEP][PASSED] - verifyElementPropertyValue(getResponse, "offers[6].groups[0].pricingPlans[0].visualElements[0].key", "Header_1_text"): Verify element property value successfully

2023-10-16 14:04:13 - [MESSAGE][PASSED] - Verify element property value successfully

2023-10-16 14:04:13 - [TEST_STEP][PASSED] - verifyElementPropertyValue(getResponse, "offers[6].groups[0].pricingPlans[0].visualElements[0].value", "شاهد أقوى المسلسلات و الأفلام حصرياً دون توقف"): Verify element property value successfully

2023-10-16 14:04:13 - [MESSAGE][PASSED] - Verify element property value successfully

2023-10-16 14:04:13 - [TEST_STEP][PASSED] - verifyElementPropertyValue(getResponse, "offers[6].groups[0].pricingPlans[0].visualElements[1].key", "display_title"): Verify element property value successfully

2023-10-16 14:04:13 - [MESSAGE][PASSED] - Verify element property value successfully

2023-10-16 14:04:13 - [TEST_STEP][PASSED] - verifyElementPropertyValue(getResponse, "offers[6].groups[0].pricingPlans[0].visualElements[1].value", "احصل على خصم 40%"): Verify element property value successfully

2023-10-16 14:04:13 - [MESSAGE][PASSED] - Verify element property value successfully

2023-10-16 14:04:13 - [TEST_STEP][PASSED] - verifyElementPropertyValue(getResponse, "offers[6].groups[0].pricingPlans[0].visualElements[3].key", "deduction_text"): Verify element property value successfully

2023-10-16 14:04:13 - [MESSAGE][PASSED] - Verify element property value successfully

2023-10-16 14:04:13 - [TEST_STEP][PASSED] - verifyElementPropertyValue(getResponse, "offers[6].groups[0].pricingPlans[0].visualElements[3].value", "تدفع شهرياً"): Verify element property value successfully

2023-10-16 14:04:13 - [MESSAGE][PASSED] - Verify element property value successfully

2023-10-16 14:04:13 - [TEST_STEP][PASSED] - verifyElementPropertyValue(getResponse, "offers[6].groups[0].pricingPlans[0].visualElements[6].key", "show_payment_logo"): Verify element property value successfully

2023-10-16 14:04:13 - [MESSAGE][PASSED] - Verify element property value successfully

2023-10-16 14:04:13 - [TEST_STEP][PASSED] - verifyElementPropertyValue(getResponse, "offers[6].groups[0].pricingPlans[0].visualElements[6].value", "true"): Verify element property value successfully

2023-10-16 14:04:13 - [MESSAGE][PASSED] - Verify element property value successfully

2023-10-16 14:04:13 - [TEST_STEP][PASSED] - verifyElementPropertyValue(getResponse, "offers[6].groups[0].pricingPlans[0].visualElements[8].key", "price"): Verify element property value successfully

2023-10-16 14:04:13 - [MESSAGE][PASSED] - Verify element property value successfully

2023-10-16 14:04:13 - [TEST_STEP][PASSED] - verifyElementPropertyValue(getResponse, "offers[6].groups[0].pricingPlans[0].visualElements[8].value", "26.5"): Verify element property value successfully

2023-10-16 14:04:13 - [MESSAGE][PASSED] - Verify element property value successfully

2023-10-16 14:04:13 - [TEST_STEP][PASSED] - verifyElementPropertyValue(getResponse, "offers[6].groups[0].pricingPlans[0].visualElements[9].key", "currency"): Verify element property value successfully

2023-10-16 14:04:13 - [MESSAGE][PASSED] - Verify element property value successfully

2023-10-16 14:04:13 - [TEST_STEP][PASSED] - verifyElementPropertyValue(getResponse, "offers[6].groups[0].pricingPlans[0].visualElements[9].value", "₪"): Verify element property value successfully

2023-10-16 14:04:13 - [MESSAGE][PASSED] - Verify element property value successfully

2023-10-16 14:04:13 - [TEST_STEP][PASSED] - verifyElementPropertyValue(getResponse, "offers[6].groups[0].pricingPlans[0].visualElements[10].key", "duration"): Verify element property value successfully

2023-10-16 14:04:13 - [MESSAGE][PASSED] - Verify element property value successfully

2023-10-16 14:04:13 - [TEST_STEP][PASSED] - verifyElementPropertyValue(getResponse, "offers[6].groups[0].pricingPlans[0].visualElements[10].value", "شهرياً"): Verify element property value successfully

2023-10-16 14:04:13 - [MESSAGE][PASSED] - Verify element property value successfully

2023-10-16 14:04:13 - [TEST_STEP][PASSED] - verifyElementPropertyValue(getResponse, "offers[6].groups[0].pricingPlans[0].visualElements[11].key", "featured_tag_text"): Verify element property value successfully

2023-10-16 14:04:13 - [MESSAGE][PASSED] - Verify element property value successfully

2023-10-16 14:04:13 - [TEST_STEP][PASSED] - verifyElementPropertyValue(getResponse, "offers[6].groups[0].pricingPlans[0].visualElements[11].value", "عرض لمدة محدودة"): Verify element property value successfully

2023-10-16 14:04:13 - [MESSAGE][PASSED] - Verify element property value successfully

2023-10-16 14:04:13 - [TEST_STEP][PASSED] - verifyElementPropertyValue(getResponse, "offers[6].groups[0].pricingPlans[0].visualElements[13].key", "tag_text"): Verify element property value successfully

2023-10-16 14:04:13 - [MESSAGE][PASSED] - Verify element property value successfully

2023-10-16 14:04:13 - [TEST_STEP][PASSED] - verifyElementPropertyValue(getResponse, "offers[6].groups[0].pricingPlans[0].visualElements[13].value", "وفر 40%"): Verify element property value successfully

2023-10-16 14:04:13 - [MESSAGE][PASSED] - Verify element property value successfully

2023-10-16 14:04:13 - [TEST_STEP][PASSED] - verifyElementPropertyValue(getResponse, "offers[6].groups[0].pricingPlans[0].visualElements[12].key", "show_tag"): Verify element property value successfully

2023-10-16 14:04:13 - [MESSAGE][PASSED] - Verify element property value successfully

2023-10-16 14:04:13 - [TEST_STEP][PASSED] - verifyElementPropertyValue(getResponse, "offers[6].groups[0].pricingPlans[0].visualElements[12].value", "true"): Verify element property value successfully

2023-10-16 14:04:13 - [MESSAGE][PASSED] - Verify element property value successfully

2023-10-16 14:04:13 - [TEST_STEP][PASSED] - verifyElementPropertyValue(getResponse, "offers[6].groups[0].pricingPlans[0].pricingPlanData[0].productId", "ISR_B2C_SHAHID_VIP_SPORT_1M"): Verify element property value successfully

2023-10-16 14:04:13 - [MESSAGE][PASSED] - Verify element property value successfully

2023-10-16 14:04:13 - [TEST_STEP][PASSED] - verifyElementPropertyValue(getResponse, "offers[6].groups[0].pricingPlans[0].pricingPlanData[0].paymentMethod", "CREDIT_CARD"): Verify element property value successfully

2023-10-16 14:04:13 - [MESSAGE][PASSED] - Verify element property value successfully

2023-10-16 14:04:13 - [TEST_STEP][PASSED] - verifyElementPropertyValue(getResponse, "offers[6].groups[0].pricingPlans[0].pricingPlanData[0].freeTrialEnabled", "false"): Verify element property value successfully

2023-10-16 14:04:13 - [MESSAGE][PASSED] - Verify element property value successfully

2023-10-16 14:04:13 - [TEST_STEP][PASSED] - verifyElementPropertyValue(getResponse, "offers[6].groups[0].pricingPlans[0].pricingPlanData[0].showIn[0]", "VERTICAL_MODE"): Verify element property value successfully

2023-10-16 14:04:13 - [MESSAGE][PASSED] - Verify element property value successfully

2023-10-16 14:04:13 - [TEST_STEP][PASSED] - verifyElementPropertyValue(getResponse, "offers[6].groups[0].pricingPlans[0].pricingPlanData[0].showIn[1]", "HORIZONTAL_MODE"): Verify element property value successfully

2023-10-16 14:04:13 - [MESSAGE][PASSED] - Verify element property value successfully

2023-10-16 14:04:13 - [TEST_STEP][PASSED] - verifyElementPropertyValue(getResponse, "offers[6].groups[0].pricingPlans[0].pricingPlanData[0].priceLabel", "26.5"): Verify element property value successfully

2023-10-16 14:04:13 - [MESSAGE][PASSED] - Verify element property value successfully

2023-10-16 14:04:13 - [TEST_STEP][PASSED] - verifyElementPropertyValue(getResponse, "offers[6].groups[0].pricingPlans[0].pricingPlanData[0].currencyLabel", "₪"): Verify element property value successfully

2023-10-16 14:04:13 - [MESSAGE][PASSED] - Verify element property value successfully

2023-10-16 14:04:13 - [TEST_STEP][PASSED] - verifyElementPropertyValue(getResponse, "offers[6].groups[0].pricingPlans[0].pricingPlanData[0].dealId", "WB_SPORT_40P_ISR"): Verify element property value successfully

2023-10-16 14:04:13 - [MESSAGE][PASSED] - Verify element property value successfully

2023-10-16 14:04:13 - [TEST_STEP][PASSED] - verifyElementPropertyValue(getResponse, "offers[6].groups[0].pricingPlans[0].pricingPlanData[0].allowedForAcquisition", "true"): Verify element property value successfully

2023-10-16 14:04:13 - [MESSAGE][PASSED] - Verify element property value successfully

2023-10-16 14:04:13 - [TEST_STEP][PASSED] - verifyElementPropertyValue(getResponse, "offers[6].groups[0].pricingPlans[0].pricingPlanData[0].visualElements[0].key", "title"): Verify element property value successfully

2023-10-16 14:04:13 - [MESSAGE][PASSED] - Verify element property value successfully

2023-10-16 14:04:13 - [TEST_STEP][PASSED] - verifyElementPropertyValue(getResponse, "offers[6].groups[0].pricingPlans[0].pricingPlanData[0].visualElements[0].value", "البطاقة المصرفية"): Verify element property value successfully

2023-10-16 14:04:13 - [MESSAGE][PASSED] - Verify element property value successfully

2023-10-16 14:04:13 - [TEST_STEP][PASSED] - verifyElementPropertyValue(getResponse, "offers[6].groups[0].pricingPlans[0].pricingPlanData[0].visualElements[1].key", "CTA_text"): Verify element property value successfully

2023-10-16 14:04:13 - [MESSAGE][PASSED] - Verify element property value successfully

2023-10-16 14:04:13 - [TEST_STEP][PASSED] - verifyElementPropertyValue(getResponse, "offers[6].groups[0].pricingPlans[0].pricingPlanData[0].visualElements[1].value", "اشترك"): Verify element property value successfully

2023-10-16 14:04:13 - [MESSAGE][PASSED] - Verify element property value successfully

2023-10-16 14:04:13 - [TEST_STEP][PASSED] - verifyElementPropertyValue(getResponse, "offers[6].groups[0].pricingPlans[0].pricingPlanData[0].visualElements[2].key", "logo"): Verify element property value successfully

2023-10-16 14:04:13 - [MESSAGE][PASSED] - Verify element property value successfully

2023-10-16 14:04:13 - [TEST_STEP][PASSED] - verifyElementPropertyValue(getResponse, "offers[6].groups[0].pricingPlans[0].pricingPlanData[0].visualElements[2].value", "https://static.s3.shahid.mbc.net/widget-images/icons/iconCreditCard.png"): Verify element property value successfully

2023-10-16 14:04:13 - [MESSAGE][PASSED] - Verify element property value successfully

2023-10-16 14:04:13 - [TEST_STEP][PASSED] - verifyElementPropertyValue(getResponse, "offers[7].offerId", "winback-sport-50-offer"): Verify element property value successfully

2023-10-16 14:04:13 - [MESSAGE][PASSED] - Verify element property value successfully

2023-10-16 14:04:13 - [TEST_STEP][PASSED] - verifyElementPropertyValue(getResponse, "offers[7].offerParam", "sportsoffer50"): Verify element property value successfully

2023-10-16 14:04:13 - [MESSAGE][PASSED] - Verify element property value successfully

2023-10-16 14:04:13 - [TEST_STEP][PASSED] - verifyElementPropertyValue(getResponse, "offers[7].groups[0].pricingPlans[0].featured", "true"): Verify element property value successfully

2023-10-16 14:04:13 - [MESSAGE][PASSED] - Verify element property value successfully

2023-10-16 14:04:13 - [TEST_STEP][PASSED] - verifyElementPropertyValue(getResponse, "offers[7].groups[0].pricingPlans[0].period", "monthly"): Verify element property value successfully

2023-10-16 14:04:14 - [MESSAGE][PASSED] - Verify element property value successfully

2023-10-16 14:04:14 - [TEST_STEP][PASSED] - verifyElementPropertyValue(getResponse, "offers[7].groups[0].pricingPlans[0].featured", "true"): Verify element property value successfully

2023-10-16 14:04:14 - [MESSAGE][PASSED] - Verify element property value successfully

2023-10-16 14:04:14 - [TEST_STEP][PASSED] - verifyElementPropertyValue(getResponse, "offers[7].groups[0].pricingPlans[0].price", "22.0"): Verify element property value successfully

2023-10-16 14:04:14 - [MESSAGE][PASSED] - Verify element property value successfully

2023-10-16 14:04:14 - [TEST_STEP][PASSED] - verifyElementPropertyValue(getResponse, "offers[7].groups[0].pricingPlans[0].currency", "₪"): Verify element property value successfully

2023-10-16 14:04:14 - [MESSAGE][PASSED] - Verify element property value successfully

2023-10-16 14:04:14 - [TEST_STEP][PASSED] - verifyElementPropertyValue(getResponse, "offers[7].groups[0].pricingPlans[0].order", "0"): Verify element property value successfully

2023-10-16 14:04:14 - [MESSAGE][PASSED] - Verify element property value successfully

2023-10-16 14:04:14 - [TEST_STEP][PASSED] - verifyElementPropertyValue(getResponse, "offers[7].groups[0].pricingPlans[0].packageId", "SHAHID_VIP_SPORT"): Verify element property value successfully

2023-10-16 14:04:14 - [MESSAGE][PASSED] - Verify element property value successfully

2023-10-16 14:04:14 - [TEST_STEP][PASSED] - verifyElementPropertyValue(getResponse, "offers[7].groups[0].pricingPlans[0].catalogId", "SPORT"): Verify element property value successfully

2023-10-16 14:04:14 - [MESSAGE][PASSED] - Verify element property value successfully

2023-10-16 14:04:14 - [TEST_STEP][PASSED] - verifyElementPropertyValue(getResponse, "offers[7].groups[0].pricingPlans[0].visualElements[0].key", "Header_1_text"): Verify element property value successfully

2023-10-16 14:04:14 - [MESSAGE][PASSED] - Verify element property value successfully

2023-10-16 14:04:14 - [TEST_STEP][PASSED] - verifyElementPropertyValue(getResponse, "offers[7].groups[0].pricingPlans[0].visualElements[0].value", "شاهد أقوى المسلسلات و الأفلام حصرياً دون توقف"): Verify element property value successfully

2023-10-16 14:04:14 - [MESSAGE][PASSED] - Verify element property value successfully

2023-10-16 14:04:14 - [TEST_STEP][PASSED] - verifyElementPropertyValue(getResponse, "offers[7].groups[0].pricingPlans[0].visualElements[1].key", "display_title"): Verify element property value successfully

2023-10-16 14:04:14 - [MESSAGE][PASSED] - Verify element property value successfully

2023-10-16 14:04:14 - [TEST_STEP][PASSED] - verifyElementPropertyValue(getResponse, "offers[7].groups[0].pricingPlans[0].visualElements[1].value", "احصل على خصم 50%"): Verify element property value successfully

2023-10-16 14:04:14 - [MESSAGE][PASSED] - Verify element property value successfully

2023-10-16 14:04:14 - [TEST_STEP][PASSED] - verifyElementPropertyValue(getResponse, "offers[7].groups[0].pricingPlans[0].visualElements[3].key", "deduction_text"): Verify element property value successfully

2023-10-16 14:04:14 - [MESSAGE][PASSED] - Verify element property value successfully

2023-10-16 14:04:14 - [TEST_STEP][PASSED] - verifyElementPropertyValue(getResponse, "offers[7].groups[0].pricingPlans[0].visualElements[3].value", "تدفع شهرياً"): Verify element property value successfully

2023-10-16 14:04:14 - [MESSAGE][PASSED] - Verify element property value successfully

2023-10-16 14:04:14 - [TEST_STEP][PASSED] - verifyElementPropertyValue(getResponse, "offers[7].groups[0].pricingPlans[0].visualElements[6].key", "show_payment_logo"): Verify element property value successfully

2023-10-16 14:04:14 - [MESSAGE][PASSED] - Verify element property value successfully

2023-10-16 14:04:14 - [TEST_STEP][PASSED] - verifyElementPropertyValue(getResponse, "offers[7].groups[0].pricingPlans[0].visualElements[6].value", "true"): Verify element property value successfully

2023-10-16 14:04:14 - [MESSAGE][PASSED] - Verify element property value successfully

2023-10-16 14:04:14 - [TEST_STEP][PASSED] - verifyElementPropertyValue(getResponse, "offers[7].groups[0].pricingPlans[0].visualElements[8].key", "price"): Verify element property value successfully

2023-10-16 14:04:14 - [MESSAGE][PASSED] - Verify element property value successfully

2023-10-16 14:04:14 - [TEST_STEP][PASSED] - verifyElementPropertyValue(getResponse, "offers[7].groups[0].pricingPlans[0].visualElements[8].value", "22"): Verify element property value successfully

2023-10-16 14:04:14 - [MESSAGE][PASSED] - Verify element property value successfully

2023-10-16 14:04:14 - [TEST_STEP][PASSED] - verifyElementPropertyValue(getResponse, "offers[7].groups[0].pricingPlans[0].visualElements[9].key", "currency"): Verify element property value successfully

2023-10-16 14:04:14 - [MESSAGE][PASSED] - Verify element property value successfully

2023-10-16 14:04:14 - [TEST_STEP][PASSED] - verifyElementPropertyValue(getResponse, "offers[7].groups[0].pricingPlans[0].visualElements[9].value", "₪"): Verify element property value successfully

2023-10-16 14:04:14 - [MESSAGE][PASSED] - Verify element property value successfully

2023-10-16 14:04:14 - [TEST_STEP][PASSED] - verifyElementPropertyValue(getResponse, "offers[7].groups[0].pricingPlans[0].visualElements[10].key", "duration"): Verify element property value successfully

2023-10-16 14:04:14 - [MESSAGE][PASSED] - Verify element property value successfully

2023-10-16 14:04:14 - [TEST_STEP][PASSED] - verifyElementPropertyValue(getResponse, "offers[7].groups[0].pricingPlans[0].visualElements[10].value", "شهرياً"): Verify element property value successfully

2023-10-16 14:04:14 - [MESSAGE][PASSED] - Verify element property value successfully

2023-10-16 14:04:14 - [TEST_STEP][PASSED] - verifyElementPropertyValue(getResponse, "offers[7].groups[0].pricingPlans[0].visualElements[11].key", "featured_tag_text"): Verify element property value successfully

2023-10-16 14:04:14 - [MESSAGE][PASSED] - Verify element property value successfully

2023-10-16 14:04:14 - [TEST_STEP][PASSED] - verifyElementPropertyValue(getResponse, "offers[7].groups[0].pricingPlans[0].visualElements[11].value", "عرض لمدة محدودة"): Verify element property value successfully

2023-10-16 14:04:14 - [MESSAGE][PASSED] - Verify element property value successfully

2023-10-16 14:04:14 - [TEST_STEP][PASSED] - verifyElementPropertyValue(getResponse, "offers[7].groups[0].pricingPlans[0].visualElements[13].key", "tag_text"): Verify element property value successfully

2023-10-16 14:04:14 - [MESSAGE][PASSED] - Verify element property value successfully

2023-10-16 14:04:14 - [TEST_STEP][PASSED] - verifyElementPropertyValue(getResponse, "offers[7].groups[0].pricingPlans[0].visualElements[13].value", "وفر 50%"): Verify element property value successfully

2023-10-16 14:04:14 - [MESSAGE][PASSED] - Verify element property value successfully

2023-10-16 14:04:14 - [TEST_STEP][PASSED] - verifyElementPropertyValue(getResponse, "offers[7].groups[0].pricingPlans[0].visualElements[12].key", "show_tag"): Verify element property value successfully

2023-10-16 14:04:14 - [MESSAGE][PASSED] - Verify element property value successfully

2023-10-16 14:04:14 - [TEST_STEP][PASSED] - verifyElementPropertyValue(getResponse, "offers[7].groups[0].pricingPlans[0].visualElements[12].value", "true"): Verify element property value successfully

2023-10-16 14:04:14 - [MESSAGE][PASSED] - Verify element property value successfully

2023-10-16 14:04:14 - [TEST_STEP][PASSED] - verifyElementPropertyValue(getResponse, "offers[7].groups[0].pricingPlans[0].pricingPlanData[0].productId", "ISR_B2C_SHAHID_VIP_SPORT_1M"): Verify element property value successfully

2023-10-16 14:04:14 - [MESSAGE][PASSED] - Verify element property value successfully

2023-10-16 14:04:14 - [TEST_STEP][PASSED] - verifyElementPropertyValue(getResponse, "offers[7].groups[0].pricingPlans[0].pricingPlanData[0].paymentMethod", "CREDIT_CARD"): Verify element property value successfully

2023-10-16 14:04:14 - [MESSAGE][PASSED] - Verify element property value successfully

2023-10-16 14:04:14 - [TEST_STEP][PASSED] - verifyElementPropertyValue(getResponse, "offers[7].groups[0].pricingPlans[0].pricingPlanData[0].freeTrialEnabled", "false"): Verify element property value successfully

2023-10-16 14:04:14 - [MESSAGE][PASSED] - Verify element property value successfully

2023-10-16 14:04:14 - [TEST_STEP][PASSED] - verifyElementPropertyValue(getResponse, "offers[7].groups[0].pricingPlans[0].pricingPlanData[0].showIn[0]", "VERTICAL_MODE"): Verify element property value successfully

2023-10-16 14:04:14 - [MESSAGE][PASSED] - Verify element property value successfully

2023-10-16 14:04:14 - [TEST_STEP][PASSED] - verifyElementPropertyValue(getResponse, "offers[7].groups[0].pricingPlans[0].pricingPlanData[0].showIn[1]", "HORIZONTAL_MODE"): Verify element property value successfully

2023-10-16 14:04:14 - [MESSAGE][PASSED] - Verify element property value successfully

2023-10-16 14:04:14 - [TEST_STEP][PASSED] - verifyElementPropertyValue(getResponse, "offers[7].groups[0].pricingPlans[0].pricingPlanData[0].priceLabel", "22"): Verify element property value successfully

2023-10-16 14:04:14 - [MESSAGE][PASSED] - Verify element property value successfully

2023-10-16 14:04:14 - [TEST_STEP][PASSED] - verifyElementPropertyValue(getResponse, "offers[7].groups[0].pricingPlans[0].pricingPlanData[0].currencyLabel", "₪"): Verify element property value successfully

2023-10-16 14:04:14 - [MESSAGE][PASSED] - Verify element property value successfully

2023-10-16 14:04:14 - [TEST_STEP][PASSED] - verifyElementPropertyValue(getResponse, "offers[7].groups[0].pricingPlans[0].pricingPlanData[0].dealId", "WB_SPORT_50P_ISR"): Verify element property value successfully

2023-10-16 14:04:14 - [MESSAGE][PASSED] - Verify element property value successfully

2023-10-16 14:04:14 - [TEST_STEP][PASSED] - verifyElementPropertyValue(getResponse, "offers[7].groups[0].pricingPlans[0].pricingPlanData[0].allowedForAcquisition", "true"): Verify element property value successfully

2023-10-16 14:04:14 - [MESSAGE][PASSED] - Verify element property value successfully

2023-10-16 14:04:14 - [TEST_STEP][PASSED] - verifyElementPropertyValue(getResponse, "offers[7].groups[0].pricingPlans[0].pricingPlanData[0].visualElements[0].key", "title"): Verify element property value successfully

2023-10-16 14:04:14 - [MESSAGE][PASSED] - Verify element property value successfully

2023-10-16 14:04:14 - [TEST_STEP][PASSED] - verifyElementPropertyValue(getResponse, "offers[7].groups[0].pricingPlans[0].pricingPlanData[0].visualElements[0].value", "البطاقة المصرفية"): Verify element property value successfully

2023-10-16 14:04:14 - [MESSAGE][PASSED] - Verify element property value successfully

2023-10-16 14:04:14 - [TEST_STEP][PASSED] - verifyElementPropertyValue(getResponse, "offers[7].groups[0].pricingPlans[0].pricingPlanData[0].visualElements[1].key", "CTA_text"): Verify element property value successfully

2023-10-16 14:04:14 - [MESSAGE][PASSED] - Verify element property value successfully

2023-10-16 14:04:14 - [TEST_STEP][PASSED] - verifyElementPropertyValue(getResponse, "offers[7].groups[0].pricingPlans[0].pricingPlanData[0].visualElements[1].value", "اشترك"): Verify element property value successfully

2023-10-16 14:04:14 - [MESSAGE][PASSED] - Verify element property value successfully

2023-10-16 14:04:14 - [TEST_STEP][PASSED] - verifyElementPropertyValue(getResponse, "offers[7].groups[0].pricingPlans[0].pricingPlanData[0].visualElements[2].key", "logo"): Verify element property value successfully

2023-10-16 14:04:14 - [MESSAGE][PASSED] - Verify element property value successfully

2023-10-16 14:04:14 - [TEST_STEP][PASSED] - verifyElementPropertyValue(getResponse, "offers[7].groups[0].pricingPlans[0].pricingPlanData[0].visualElements[2].value", "https://static.s3.shahid.mbc.net/widget-images/icons/iconCreditCard.png"): Verify element property value successfully

2023-10-16 14:04:14 - [MESSAGE][PASSED] - Verify element property value successfully

2023-10-16 14:04:14 - [TEST_STEP][PASSED] - verifyElementPropertyValue(getResponse, "offers[11].offerId", "byg-sport-30-offer"): Verify element property value successfully

2023-10-16 14:04:14 - [MESSAGE][PASSED] - Verify element property value successfully

2023-10-16 14:04:14 - [TEST_STEP][PASSED] - verifyElementPropertyValue(getResponse, "offers[11].offerParam", "bygsportsoffer30"): Verify element property value successfully

2023-10-16 14:04:14 - [MESSAGE][PASSED] - Verify element property value successfully

2023-10-16 14:04:14 - [TEST_STEP][PASSED] - verifyElementPropertyValue(getResponse, "offers[11].groups[0].pricingPlans[0].featured", "true"): Verify element property value successfully

2023-10-16 14:04:14 - [MESSAGE][PASSED] - Verify element property value successfully

2023-10-16 14:04:14 - [TEST_STEP][PASSED] - verifyElementPropertyValue(getResponse, "offers[11].groups[0].pricingPlans[0].period", "monthly"): Verify element property value successfully

2023-10-16 14:04:14 - [MESSAGE][PASSED] - Verify element property value successfully

2023-10-16 14:04:14 - [TEST_STEP][PASSED] - verifyElementPropertyValue(getResponse, "offers[11].groups[0].pricingPlans[0].featured", "true"): Verify element property value successfully

2023-10-16 14:04:14 - [MESSAGE][PASSED] - Verify element property value successfully

2023-10-16 14:04:14 - [TEST_STEP][PASSED] - verifyElementPropertyValue(getResponse, "offers[11].groups[0].pricingPlans[0].price", "30.9"): Verify element property value successfully

2023-10-16 14:04:14 - [MESSAGE][PASSED] - Verify element property value successfully

2023-10-16 14:04:14 - [TEST_STEP][PASSED] - verifyElementPropertyValue(getResponse, "offers[11].groups[0].pricingPlans[0].currency", "₪"): Verify element property value successfully

2023-10-16 14:04:14 - [MESSAGE][PASSED] - Verify element property value successfully

2023-10-16 14:04:14 - [TEST_STEP][PASSED] - verifyElementPropertyValue(getResponse, "offers[11].groups[0].pricingPlans[0].order", "0"): Verify element property value successfully

2023-10-16 14:04:14 - [MESSAGE][PASSED] - Verify element property value successfully

2023-10-16 14:04:14 - [TEST_STEP][PASSED] - verifyElementPropertyValue(getResponse, "offers[11].groups[0].pricingPlans[0].packageId", "SHAHID_VIP_SPORT"): Verify element property value successfully

2023-10-16 14:04:14 - [MESSAGE][PASSED] - Verify element property value successfully

2023-10-16 14:04:14 - [TEST_STEP][PASSED] - verifyElementPropertyValue(getResponse, "offers[11].groups[0].pricingPlans[0].catalogId", "SPORT"): Verify element property value successfully

2023-10-16 14:04:14 - [MESSAGE][PASSED] - Verify element property value successfully

2023-10-16 14:04:14 - [TEST_STEP][PASSED] - verifyElementPropertyValue(getResponse, "offers[11].groups[0].pricingPlans[0].visualElements[0].key", "Header_1_text"): Verify element property value successfully

2023-10-16 14:04:14 - [MESSAGE][PASSED] - Verify element property value successfully

2023-10-16 14:04:14 - [TEST_STEP][PASSED] - verifyElementPropertyValue(getResponse, "offers[11].groups[0].pricingPlans[0].visualElements[0].value", "شاهد أقوى المسلسلات و الأفلام حصرياً دون توقف"): Verify element property value successfully

2023-10-16 14:04:14 - [MESSAGE][PASSED] - Verify element property value successfully

2023-10-16 14:04:14 - [TEST_STEP][PASSED] - verifyElementPropertyValue(getResponse, "offers[11].groups[0].pricingPlans[0].visualElements[1].key", "display_title"): Verify element property value successfully

2023-10-16 14:04:14 - [MESSAGE][PASSED] - Verify element property value successfully

2023-10-16 14:04:14 - [TEST_STEP][PASSED] - verifyElementPropertyValue(getResponse, "offers[11].groups[0].pricingPlans[0].visualElements[1].value", "احصل على خصم 30%"): Verify element property value successfully

2023-10-16 14:04:14 - [MESSAGE][PASSED] - Verify element property value successfully

2023-10-16 14:04:14 - [TEST_STEP][PASSED] - verifyElementPropertyValue(getResponse, "offers[11].groups[0].pricingPlans[0].visualElements[3].key", "deduction_text"): Verify element property value successfully

2023-10-16 14:04:14 - [MESSAGE][PASSED] - Verify element property value successfully

2023-10-16 14:04:14 - [TEST_STEP][PASSED] - verifyElementPropertyValue(getResponse, "offers[11].groups[0].pricingPlans[0].visualElements[3].value", "تدفع شهرياً"): Verify element property value successfully

2023-10-16 14:04:14 - [MESSAGE][PASSED] - Verify element property value successfully

2023-10-16 14:04:14 - [TEST_STEP][PASSED] - verifyElementPropertyValue(getResponse, "offers[11].groups[0].pricingPlans[0].visualElements[6].key", "show_payment_logo"): Verify element property value successfully

2023-10-16 14:04:14 - [MESSAGE][PASSED] - Verify element property value successfully

2023-10-16 14:04:14 - [TEST_STEP][PASSED] - verifyElementPropertyValue(getResponse, "offers[11].groups[0].pricingPlans[0].visualElements[6].value", "true"): Verify element property value successfully

2023-10-16 14:04:14 - [MESSAGE][PASSED] - Verify element property value successfully

2023-10-16 14:04:14 - [TEST_STEP][PASSED] - verifyElementPropertyValue(getResponse, "offers[11].groups[0].pricingPlans[0].visualElements[8].key", "price"): Verify element property value successfully

2023-10-16 14:04:14 - [MESSAGE][PASSED] - Verify element property value successfully

2023-10-16 14:04:14 - [TEST_STEP][PASSED] - verifyElementPropertyValue(getResponse, "offers[11].groups[0].pricingPlans[0].visualElements[8].value", "30.9"): Verify element property value successfully

2023-10-16 14:04:14 - [MESSAGE][PASSED] - Verify element property value successfully

2023-10-16 14:04:14 - [TEST_STEP][PASSED] - verifyElementPropertyValue(getResponse, "offers[11].groups[0].pricingPlans[0].visualElements[9].key", "currency"): Verify element property value successfully

2023-10-16 14:04:14 - [MESSAGE][PASSED] - Verify element property value successfully

2023-10-16 14:04:14 - [TEST_STEP][PASSED] - verifyElementPropertyValue(getResponse, "offers[11].groups[0].pricingPlans[0].visualElements[9].value", "₪"): Verify element property value successfully

2023-10-16 14:04:14 - [MESSAGE][PASSED] - Verify element property value successfully

2023-10-16 14:04:14 - [TEST_STEP][PASSED] - verifyElementPropertyValue(getResponse, "offers[11].groups[0].pricingPlans[0].visualElements[10].key", "duration"): Verify element property value successfully

2023-10-16 14:04:14 - [MESSAGE][PASSED] - Verify element property value successfully

2023-10-16 14:04:14 - [TEST_STEP][PASSED] - verifyElementPropertyValue(getResponse, "offers[11].groups[0].pricingPlans[0].visualElements[10].value", "شهرياً"): Verify element property value successfully

2023-10-16 14:04:14 - [MESSAGE][PASSED] - Verify element property value successfully

2023-10-16 14:04:14 - [TEST_STEP][PASSED] - verifyElementPropertyValue(getResponse, "offers[11].groups[0].pricingPlans[0].visualElements[11].key", "featured_tag_text"): Verify element property value successfully

2023-10-16 14:04:14 - [MESSAGE][PASSED] - Verify element property value successfully

2023-10-16 14:04:14 - [TEST_STEP][PASSED] - verifyElementPropertyValue(getResponse, "offers[11].groups[0].pricingPlans[0].visualElements[11].value", "عرض لمدة محدودة"): Verify element property value successfully

2023-10-16 14:04:14 - [MESSAGE][PASSED] - Verify element property value successfully

2023-10-16 14:04:14 - [TEST_STEP][PASSED] - verifyElementPropertyValue(getResponse, "offers[11].groups[0].pricingPlans[0].visualElements[13].key", "tag_text"): Verify element property value successfully

2023-10-16 14:04:14 - [MESSAGE][PASSED] - Verify element property value successfully

2023-10-16 14:04:14 - [TEST_STEP][PASSED] - verifyElementPropertyValue(getResponse, "offers[11].groups[0].pricingPlans[0].visualElements[13].value", "وفر 30%"): Verify element property value successfully

2023-10-16 14:04:14 - [MESSAGE][PASSED] - Verify element property value successfully

2023-10-16 14:04:14 - [TEST_STEP][PASSED] - verifyElementPropertyValue(getResponse, "offers[11].groups[0].pricingPlans[0].visualElements[12].key", "show_tag"): Verify element property value successfully

2023-10-16 14:04:14 - [MESSAGE][PASSED] - Verify element property value successfully

2023-10-16 14:04:14 - [TEST_STEP][PASSED] - verifyElementPropertyValue(getResponse, "offers[11].groups[0].pricingPlans[0].visualElements[12].value", "true"): Verify element property value successfully

2023-10-16 14:04:14 - [MESSAGE][PASSED] - Verify element property value successfully

2023-10-16 14:04:14 - [TEST_STEP][PASSED] - verifyElementPropertyValue(getResponse, "offers[11].groups[0].pricingPlans[0].pricingPlanData[0].productId", "ISR_B2C_SHAHID_VIP_SPORT_1M"): Verify element property value successfully

2023-10-16 14:04:14 - [MESSAGE][PASSED] - Verify element property value successfully

2023-10-16 14:04:14 - [TEST_STEP][PASSED] - verifyElementPropertyValue(getResponse, "offers[11].groups[0].pricingPlans[0].pricingPlanData[0].paymentMethod", "CREDIT_CARD"): Verify element property value successfully

2023-10-16 14:04:14 - [MESSAGE][PASSED] - Verify element property value successfully

2023-10-16 14:04:14 - [TEST_STEP][PASSED] - verifyElementPropertyValue(getResponse, "offers[11].groups[0].pricingPlans[0].pricingPlanData[0].freeTrialEnabled", "false"): Verify element property value successfully

2023-10-16 14:04:14 - [MESSAGE][PASSED] - Verify element property value successfully

2023-10-16 14:04:14 - [TEST_STEP][PASSED] - verifyElementPropertyValue(getResponse, "offers[11].groups[0].pricingPlans[0].pricingPlanData[0].showIn[0]", "VERTICAL_MODE"): Verify element property value successfully

2023-10-16 14:04:14 - [MESSAGE][PASSED] - Verify element property value successfully

2023-10-16 14:04:14 - [TEST_STEP][PASSED] - verifyElementPropertyValue(getResponse, "offers[11].groups[0].pricingPlans[0].pricingPlanData[0].showIn[1]", "HORIZONTAL_MODE"): Verify element property value successfully

2023-10-16 14:04:14 - [MESSAGE][PASSED] - Verify element property value successfully

2023-10-16 14:04:14 - [TEST_STEP][PASSED] - verifyElementPropertyValue(getResponse, "offers[11].groups[0].pricingPlans[0].pricingPlanData[0].priceLabel", "30.9"): Verify element property value successfully

2023-10-16 14:04:14 - [MESSAGE][PASSED] - Verify element property value successfully

2023-10-16 14:04:14 - [TEST_STEP][PASSED] - verifyElementPropertyValue(getResponse, "offers[11].groups[0].pricingPlans[0].pricingPlanData[0].currencyLabel", "₪"): Verify element property value successfully

2023-10-16 14:04:14 - [MESSAGE][PASSED] - Verify element property value successfully

2023-10-16 14:04:14 - [TEST_STEP][PASSED] - verifyElementPropertyValue(getResponse, "offers[11].groups[0].pricingPlans[0].pricingPlanData[0].dealId", "BYG_SPORT_30P_ISR"): Verify element property value successfully

2023-10-16 14:04:14 - [MESSAGE][PASSED] - Verify element property value successfully

2023-10-16 14:04:14 - [TEST_STEP][PASSED] - verifyElementPropertyValue(getResponse, "offers[11].groups[0].pricingPlans[0].pricingPlanData[0].allowedForAcquisition", "true"): Verify element property value successfully

2023-10-16 14:04:14 - [MESSAGE][PASSED] - Verify element property value successfully

2023-10-16 14:04:14 - [TEST_STEP][PASSED] - verifyElementPropertyValue(getResponse, "offers[11].groups[0].pricingPlans[0].pricingPlanData[0].visualElements[0].key", "title"): Verify element property value successfully

2023-10-16 14:04:14 - [MESSAGE][PASSED] - Verify element property value successfully

2023-10-16 14:04:14 - [TEST_STEP][PASSED] - verifyElementPropertyValue(getResponse, "offers[11].groups[0].pricingPlans[0].pricingPlanData[0].visualElements[0].value", "البطاقة المصرفية"): Verify element property value successfully

2023-10-16 14:04:14 - [MESSAGE][PASSED] - Verify element property value successfully

2023-10-16 14:04:14 - [TEST_STEP][PASSED] - verifyElementPropertyValue(getResponse, "offers[11].groups[0].pricingPlans[0].pricingPlanData[0].visualElements[1].key", "CTA_text"): Verify element property value successfully

2023-10-16 14:04:14 - [MESSAGE][PASSED] - Verify element property value successfully

2023-10-16 14:04:14 - [TEST_STEP][PASSED] - verifyElementPropertyValue(getResponse, "offers[11].groups[0].pricingPlans[0].pricingPlanData[0].visualElements[1].value", "اشترك"): Verify element property value successfully

2023-10-16 14:04:14 - [MESSAGE][PASSED] - Verify element property value successfully

2023-10-16 14:04:14 - [TEST_STEP][PASSED] - verifyElementPropertyValue(getResponse, "offers[11].groups[0].pricingPlans[0].pricingPlanData[0].visualElements[2].key", "logo"): Verify element property value successfully

2023-10-16 14:04:14 - [MESSAGE][PASSED] - Verify element property value successfully

2023-10-16 14:04:14 - [TEST_STEP][PASSED] - verifyElementPropertyValue(getResponse, "offers[11].groups[0].pricingPlans[0].pricingPlanData[0].visualElements[2].value", "https://static.s3.shahid.mbc.net/widget-images/icons/iconCreditCard.png"): Verify element property value successfully

2023-10-16 14:04:14 - [MESSAGE][PASSED] - Verify element property value successfully

2023-10-16 14:04:14 - [TEST_STEP][PASSED] - verifyElementPropertyValue(getResponse, "offers[12].offerId", "byg-sport-40-offer"): Verify element property value successfully

2023-10-16 14:04:14 - [MESSAGE][PASSED] - Verify element property value successfully

2023-10-16 14:04:14 - [TEST_STEP][PASSED] - verifyElementPropertyValue(getResponse, "offers[12].offerParam", "bygsportsoffer40"): Verify element property value successfully

2023-10-16 14:04:14 - [MESSAGE][PASSED] - Verify element property value successfully

2023-10-16 14:04:14 - [TEST_STEP][PASSED] - verifyElementPropertyValue(getResponse, "offers[12].groups[0].pricingPlans[0].featured", "true"): Verify element property value successfully

2023-10-16 14:04:14 - [MESSAGE][PASSED] - Verify element property value successfully

2023-10-16 14:04:14 - [TEST_STEP][PASSED] - verifyElementPropertyValue(getResponse, "offers[12].groups[0].pricingPlans[0].period", "monthly"): Verify element property value successfully

2023-10-16 14:04:14 - [MESSAGE][PASSED] - Verify element property value successfully

2023-10-16 14:04:14 - [TEST_STEP][PASSED] - verifyElementPropertyValue(getResponse, "offers[12].groups[0].pricingPlans[0].featured", "true"): Verify element property value successfully

2023-10-16 14:04:14 - [MESSAGE][PASSED] - Verify element property value successfully

2023-10-16 14:04:14 - [TEST_STEP][PASSED] - verifyElementPropertyValue(getResponse, "offers[12].groups[0].pricingPlans[0].price", "26.5"): Verify element property value successfully

2023-10-16 14:04:14 - [MESSAGE][PASSED] - Verify element property value successfully

2023-10-16 14:04:14 - [TEST_STEP][PASSED] - verifyElementPropertyValue(getResponse, "offers[12].groups[0].pricingPlans[0].currency", "₪"): Verify element property value successfully

2023-10-16 14:04:14 - [MESSAGE][PASSED] - Verify element property value successfully

2023-10-16 14:04:14 - [TEST_STEP][PASSED] - verifyElementPropertyValue(getResponse, "offers[12].groups[0].pricingPlans[0].order", "0"): Verify element property value successfully

2023-10-16 14:04:14 - [MESSAGE][PASSED] - Verify element property value successfully

2023-10-16 14:04:14 - [TEST_STEP][PASSED] - verifyElementPropertyValue(getResponse, "offers[12].groups[0].pricingPlans[0].packageId", "SHAHID_VIP_SPORT"): Verify element property value successfully

2023-10-16 14:04:14 - [MESSAGE][PASSED] - Verify element property value successfully

2023-10-16 14:04:14 - [TEST_STEP][PASSED] - verifyElementPropertyValue(getResponse, "offers[12].groups[0].pricingPlans[0].catalogId", "SPORT"): Verify element property value successfully

2023-10-16 14:04:14 - [MESSAGE][PASSED] - Verify element property value successfully

2023-10-16 14:04:14 - [TEST_STEP][PASSED] - verifyElementPropertyValue(getResponse, "offers[12].groups[0].pricingPlans[0].visualElements[0].key", "Header_1_text"): Verify element property value successfully

2023-10-16 14:04:14 - [MESSAGE][PASSED] - Verify element property value successfully

2023-10-16 14:04:14 - [TEST_STEP][PASSED] - verifyElementPropertyValue(getResponse, "offers[12].groups[0].pricingPlans[0].visualElements[0].value", "شاهد أقوى المسلسلات و الأفلام حصرياً دون توقف"): Verify element property value successfully

2023-10-16 14:04:14 - [MESSAGE][PASSED] - Verify element property value successfully

2023-10-16 14:04:14 - [TEST_STEP][PASSED] - verifyElementPropertyValue(getResponse, "offers[12].groups[0].pricingPlans[0].visualElements[1].key", "display_title"): Verify element property value successfully

2023-10-16 14:04:14 - [MESSAGE][PASSED] - Verify element property value successfully

2023-10-16 14:04:14 - [TEST_STEP][PASSED] - verifyElementPropertyValue(getResponse, "offers[12].groups[0].pricingPlans[0].visualElements[1].value", "احصل على خصم 40%"): Verify element property value successfully

2023-10-16 14:04:14 - [MESSAGE][PASSED] - Verify element property value successfully

2023-10-16 14:04:14 - [TEST_STEP][PASSED] - verifyElementPropertyValue(getResponse, "offers[12].groups[0].pricingPlans[0].visualElements[3].key", "deduction_text"): Verify element property value successfully

2023-10-16 14:04:14 - [MESSAGE][PASSED] - Verify element property value successfully

2023-10-16 14:04:14 - [TEST_STEP][PASSED] - verifyElementPropertyValue(getResponse, "offers[12].groups[0].pricingPlans[0].visualElements[3].value", "تدفع شهرياً"): Verify element property value successfully

2023-10-16 14:04:14 - [MESSAGE][PASSED] - Verify element property value successfully

2023-10-16 14:04:14 - [TEST_STEP][PASSED] - verifyElementPropertyValue(getResponse, "offers[12].groups[0].pricingPlans[0].visualElements[6].key", "show_payment_logo"): Verify element property value successfully

2023-10-16 14:04:14 - [MESSAGE][PASSED] - Verify element property value successfully

2023-10-16 14:04:14 - [TEST_STEP][PASSED] - verifyElementPropertyValue(getResponse, "offers[12].groups[0].pricingPlans[0].visualElements[6].value", "true"): Verify element property value successfully

2023-10-16 14:04:14 - [MESSAGE][PASSED] - Verify element property value successfully

2023-10-16 14:04:14 - [TEST_STEP][PASSED] - verifyElementPropertyValue(getResponse, "offers[12].groups[0].pricingPlans[0].visualElements[8].key", "price"): Verify element property value successfully

2023-10-16 14:04:14 - [MESSAGE][PASSED] - Verify element property value successfully

2023-10-16 14:04:14 - [TEST_STEP][PASSED] - verifyElementPropertyValue(getResponse, "offers[12].groups[0].pricingPlans[0].visualElements[8].value", "26.5"): Verify element property value successfully

2023-10-16 14:04:14 - [MESSAGE][PASSED] - Verify element property value successfully

2023-10-16 14:04:14 - [TEST_STEP][PASSED] - verifyElementPropertyValue(getResponse, "offers[12].groups[0].pricingPlans[0].visualElements[9].key", "currency"): Verify element property value successfully

2023-10-16 14:04:14 - [MESSAGE][PASSED] - Verify element property value successfully

2023-10-16 14:04:14 - [TEST_STEP][PASSED] - verifyElementPropertyValue(getResponse, "offers[12].groups[0].pricingPlans[0].visualElements[9].value", "₪"): Verify element property value successfully

2023-10-16 14:04:14 - [MESSAGE][PASSED] - Verify element property value successfully

2023-10-16 14:04:14 - [TEST_STEP][PASSED] - verifyElementPropertyValue(getResponse, "offers[12].groups[0].pricingPlans[0].visualElements[10].key", "duration"): Verify element property value successfully

2023-10-16 14:04:14 - [MESSAGE][PASSED] - Verify element property value successfully

2023-10-16 14:04:14 - [TEST_STEP][PASSED] - verifyElementPropertyValue(getResponse, "offers[12].groups[0].pricingPlans[0].visualElements[10].value", "شهرياً"): Verify element property value successfully

2023-10-16 14:04:14 - [MESSAGE][PASSED] - Verify element property value successfully

2023-10-16 14:04:14 - [TEST_STEP][PASSED] - verifyElementPropertyValue(getResponse, "offers[12].groups[0].pricingPlans[0].visualElements[11].key", "featured_tag_text"): Verify element property value successfully

2023-10-16 14:04:14 - [MESSAGE][PASSED] - Verify element property value successfully

2023-10-16 14:04:14 - [TEST_STEP][PASSED] - verifyElementPropertyValue(getResponse, "offers[12].groups[0].pricingPlans[0].visualElements[11].value", "عرض لمدة محدودة"): Verify element property value successfully

2023-10-16 14:04:14 - [MESSAGE][PASSED] - Verify element property value successfully

2023-10-16 14:04:14 - [TEST_STEP][PASSED] - verifyElementPropertyValue(getResponse, "offers[12].groups[0].pricingPlans[0].visualElements[13].key", "tag_text"): Verify element property value successfully

2023-10-16 14:04:14 - [MESSAGE][PASSED] - Verify element property value successfully

2023-10-16 14:04:14 - [TEST_STEP][PASSED] - verifyElementPropertyValue(getResponse, "offers[12].groups[0].pricingPlans[0].visualElements[13].value", "وفر 40%"): Verify element property value successfully

2023-10-16 14:04:14 - [MESSAGE][PASSED] - Verify element property value successfully

2023-10-16 14:04:14 - [TEST_STEP][PASSED] - verifyElementPropertyValue(getResponse, "offers[12].groups[0].pricingPlans[0].visualElements[12].key", "show_tag"): Verify element property value successfully

2023-10-16 14:04:14 - [MESSAGE][PASSED] - Verify element property value successfully

2023-10-16 14:04:14 - [TEST_STEP][PASSED] - verifyElementPropertyValue(getResponse, "offers[12].groups[0].pricingPlans[0].visualElements[12].value", "true"): Verify element property value successfully

2023-10-16 14:04:14 - [MESSAGE][PASSED] - Verify element property value successfully

2023-10-16 14:04:14 - [TEST_STEP][PASSED] - verifyElementPropertyValue(getResponse, "offers[12].groups[0].pricingPlans[0].pricingPlanData[0].productId", "ISR_B2C_SHAHID_VIP_SPORT_1M"): Verify element property value successfully

2023-10-16 14:04:14 - [MESSAGE][PASSED] - Verify element property value successfully

2023-10-16 14:04:14 - [TEST_STEP][PASSED] - verifyElementPropertyValue(getResponse, "offers[12].groups[0].pricingPlans[0].pricingPlanData[0].paymentMethod", "CREDIT_CARD"): Verify element property value successfully

2023-10-16 14:04:14 - [MESSAGE][PASSED] - Verify element property value successfully

2023-10-16 14:04:14 - [TEST_STEP][PASSED] - verifyElementPropertyValue(getResponse, "offers[12].groups[0].pricingPlans[0].pricingPlanData[0].freeTrialEnabled", "false"): Verify element property value successfully

2023-10-16 14:04:14 - [MESSAGE][PASSED] - Verify element property value successfully

2023-10-16 14:04:14 - [TEST_STEP][PASSED] - verifyElementPropertyValue(getResponse, "offers[12].groups[0].pricingPlans[0].pricingPlanData[0].showIn[0]", "VERTICAL_MODE"): Verify element property value successfully

2023-10-16 14:04:14 - [MESSAGE][PASSED] - Verify element property value successfully

2023-10-16 14:04:14 - [TEST_STEP][PASSED] - verifyElementPropertyValue(getResponse, "offers[12].groups[0].pricingPlans[0].pricingPlanData[0].showIn[1]", "HORIZONTAL_MODE"): Verify element property value successfully

2023-10-16 14:04:14 - [MESSAGE][PASSED] - Verify element property value successfully

2023-10-16 14:04:14 - [TEST_STEP][PASSED] - verifyElementPropertyValue(getResponse, "offers[12].groups[0].pricingPlans[0].pricingPlanData[0].priceLabel", "26.5"): Verify element property value successfully

2023-10-16 14:04:15 - [MESSAGE][PASSED] - Verify element property value successfully

2023-10-16 14:04:15 - [TEST_STEP][PASSED] - verifyElementPropertyValue(getResponse, "offers[12].groups[0].pricingPlans[0].pricingPlanData[0].currencyLabel", "₪"): Verify element property value successfully

2023-10-16 14:04:15 - [MESSAGE][PASSED] - Verify element property value successfully

2023-10-16 14:04:19 - [TEST_STEP][PASSED] - verifyElementPropertyValue(getResponse, "offers[12].groups[0].pricingPlans[0].pricingPlanData[0].dealId", "BYG_SPORT_40P_ISR"): Verify element property value successfully

2023-10-16 14:04:19 - [MESSAGE][PASSED] - Verify element property value successfully

2023-10-16 14:04:19 - [TEST_STEP][PASSED] - verifyElementPropertyValue(getResponse, "offers[12].groups[0].pricingPlans[0].pricingPlanData[0].allowedForAcquisition", "true"): Verify element property value successfully

2023-10-16 14:04:24 - [MESSAGE][PASSED] - Verify element property value successfully

2023-10-16 14:04:24 - [TEST_STEP][PASSED] - verifyElementPropertyValue(getResponse, "offers[12].groups[0].pricingPlans[0].pricingPlanData[0].visualElements[0].key", "title"): Verify element property value successfully

2023-10-16 14:04:24 - [MESSAGE][PASSED] - Verify element property value successfully

2023-10-16 14:04:24 - [TEST_STEP][PASSED] - verifyElementPropertyValue(getResponse, "offers[12].groups[0].pricingPlans[0].pricingPlanData[0].visualElements[0].value", "البطاقة المصرفية"): Verify element property value successfully

2023-10-16 14:04:24 - [MESSAGE][PASSED] - Verify element property value successfully

2023-10-16 14:04:24 - [TEST_STEP][PASSED] - verifyElementPropertyValue(getResponse, "offers[12].groups[0].pricingPlans[0].pricingPlanData[0].visualElements[1].key", "CTA_text"): Verify element property value successfully

2023-10-16 14:04:24 - [MESSAGE][PASSED] - Verify element property value successfully

2023-10-16 14:04:24 - [TEST_STEP][PASSED] - verifyElementPropertyValue(getResponse, "offers[12].groups[0].pricingPlans[0].pricingPlanData[0].visualElements[1].value", "اشترك"): Verify element property value successfully

2023-10-16 14:04:24 - [MESSAGE][PASSED] - Verify element property value successfully

2023-10-16 14:04:24 - [TEST_STEP][PASSED] - verifyElementPropertyValue(getResponse, "offers[12].groups[0].pricingPlans[0].pricingPlanData[0].visualElements[2].key", "logo"): Verify element property value successfully

2023-10-16 14:04:24 - [MESSAGE][PASSED] - Verify element property value successfully

2023-10-16 14:04:24 - [TEST_STEP][PASSED] - verifyElementPropertyValue(getResponse, "offers[12].groups[0].pricingPlans[0].pricingPlanData[0].visualElements[2].value", "https://static.s3.shahid.mbc.net/widget-images/icons/iconCreditCard.png"): Verify element property value successfully

2023-10-16 14:04:24 - [MESSAGE][PASSED] - Verify element property value successfully

2023-10-16 14:04:24 - [TEST_STEP][PASSED] - verifyElementPropertyValue(getResponse, "offers[13].offerId", "byg-sport-50-offer"): Verify element property value successfully

2023-10-16 14:04:24 - [MESSAGE][PASSED] - Verify element property value successfully

2023-10-16 14:04:24 - [TEST_STEP][PASSED] - verifyElementPropertyValue(getResponse, "offers[13].offerParam", "bygsportsoffer50"): Verify element property value successfully

2023-10-16 14:04:24 - [MESSAGE][PASSED] - Verify element property value successfully

2023-10-16 14:04:24 - [TEST_STEP][PASSED] - verifyElementPropertyValue(getResponse, "offers[13].groups[0].pricingPlans[0].featured", "true"): Verify element property value successfully

2023-10-16 14:04:24 - [MESSAGE][PASSED] - Verify element property value successfully

2023-10-16 14:04:24 - [TEST_STEP][PASSED] - verifyElementPropertyValue(getResponse, "offers[13].groups[0].pricingPlans[0].period", "monthly"): Verify element property value successfully

2023-10-16 14:04:24 - [MESSAGE][PASSED] - Verify element property value successfully

2023-10-16 14:04:24 - [TEST_STEP][PASSED] - verifyElementPropertyValue(getResponse, "offers[13].groups[0].pricingPlans[0].featured", "true"): Verify element property value successfully

2023-10-16 14:04:24 - [MESSAGE][PASSED] - Verify element property value successfully

2023-10-16 14:04:24 - [TEST_STEP][PASSED] - verifyElementPropertyValue(getResponse, "offers[13].groups[0].pricingPlans[0].price", "22.0"): Verify element property value successfully

2023-10-16 14:04:24 - [MESSAGE][PASSED] - Verify element property value successfully

2023-10-16 14:04:24 - [TEST_STEP][PASSED] - verifyElementPropertyValue(getResponse, "offers[13].groups[0].pricingPlans[0].currency", "₪"): Verify element property value successfully

2023-10-16 14:04:24 - [MESSAGE][PASSED] - Verify element property value successfully

2023-10-16 14:04:24 - [TEST_STEP][PASSED] - verifyElementPropertyValue(getResponse, "offers[13].groups[0].pricingPlans[0].order", "0"): Verify element property value successfully

2023-10-16 14:04:24 - [MESSAGE][PASSED] - Verify element property value successfully

2023-10-16 14:04:24 - [TEST_STEP][PASSED] - verifyElementPropertyValue(getResponse, "offers[13].groups[0].pricingPlans[0].packageId", "SHAHID_VIP_SPORT"): Verify element property value successfully

2023-10-16 14:04:24 - [MESSAGE][PASSED] - Verify element property value successfully

2023-10-16 14:04:24 - [TEST_STEP][PASSED] - verifyElementPropertyValue(getResponse, "offers[13].groups[0].pricingPlans[0].catalogId", "SPORT"): Verify element property value successfully

2023-10-16 14:04:24 - [MESSAGE][PASSED] - Verify element property value successfully

2023-10-16 14:04:24 - [TEST_STEP][PASSED] - verifyElementPropertyValue(getResponse, "offers[13].groups[0].pricingPlans[0].visualElements[0].key", "Header_1_text"): Verify element property value successfully

2023-10-16 14:04:24 - [MESSAGE][PASSED] - Verify element property value successfully

2023-10-16 14:04:24 - [TEST_STEP][PASSED] - verifyElementPropertyValue(getResponse, "offers[13].groups[0].pricingPlans[0].visualElements[0].value", "شاهد أقوى المسلسلات و الأفلام حصرياً دون توقف"): Verify element property value successfully

2023-10-16 14:04:24 - [MESSAGE][PASSED] - Verify element property value successfully

2023-10-16 14:04:24 - [TEST_STEP][PASSED] - verifyElementPropertyValue(getResponse, "offers[13].groups[0].pricingPlans[0].visualElements[1].key", "display_title"): Verify element property value successfully

2023-10-16 14:04:24 - [MESSAGE][PASSED] - Verify element property value successfully

2023-10-16 14:04:24 - [TEST_STEP][PASSED] - verifyElementPropertyValue(getResponse, "offers[13].groups[0].pricingPlans[0].visualElements[1].value", "احصل على خصم 50%"): Verify element property value successfully

2023-10-16 14:04:24 - [MESSAGE][PASSED] - Verify element property value successfully

2023-10-16 14:04:24 - [TEST_STEP][PASSED] - verifyElementPropertyValue(getResponse, "offers[13].groups[0].pricingPlans[0].visualElements[3].key", "deduction_text"): Verify element property value successfully

2023-10-16 14:04:24 - [MESSAGE][PASSED] - Verify element property value successfully

2023-10-16 14:04:24 - [TEST_STEP][PASSED] - verifyElementPropertyValue(getResponse, "offers[13].groups[0].pricingPlans[0].visualElements[3].value", "تدفع شهرياً"): Verify element property value successfully

2023-10-16 14:04:24 - [MESSAGE][PASSED] - Verify element property value successfully

2023-10-16 14:04:24 - [TEST_STEP][PASSED] - verifyElementPropertyValue(getResponse, "offers[13].groups[0].pricingPlans[0].visualElements[6].key", "show_payment_logo"): Verify element property value successfully

2023-10-16 14:04:24 - [MESSAGE][PASSED] - Verify element property value successfully

2023-10-16 14:04:24 - [TEST_STEP][PASSED] - verifyElementPropertyValue(getResponse, "offers[13].groups[0].pricingPlans[0].visualElements[6].value", "true"): Verify element property value successfully

2023-10-16 14:04:24 - [MESSAGE][PASSED] - Verify element property value successfully

2023-10-16 14:04:24 - [TEST_STEP][PASSED] - verifyElementPropertyValue(getResponse, "offers[13].groups[0].pricingPlans[0].visualElements[8].key", "price"): Verify element property value successfully

2023-10-16 14:04:24 - [MESSAGE][PASSED] - Verify element property value successfully

2023-10-16 14:04:24 - [TEST_STEP][PASSED] - verifyElementPropertyValue(getResponse, "offers[13].groups[0].pricingPlans[0].visualElements[8].value", "22"): Verify element property value successfully

2023-10-16 14:04:24 - [MESSAGE][PASSED] - Verify element property value successfully

2023-10-16 14:04:24 - [TEST_STEP][PASSED] - verifyElementPropertyValue(getResponse, "offers[13].groups[0].pricingPlans[0].visualElements[9].key", "currency"): Verify element property value successfully

2023-10-16 14:04:24 - [MESSAGE][PASSED] - Verify element property value successfully

2023-10-16 14:04:24 - [TEST_STEP][PASSED] - verifyElementPropertyValue(getResponse, "offers[13].groups[0].pricingPlans[0].visualElements[9].value", "₪"): Verify element property value successfully

2023-10-16 14:04:24 - [MESSAGE][PASSED] - Verify element property value successfully

2023-10-16 14:04:24 - [TEST_STEP][PASSED] - verifyElementPropertyValue(getResponse, "offers[13].groups[0].pricingPlans[0].visualElements[10].key", "duration"): Verify element property value successfully

2023-10-16 14:04:24 - [MESSAGE][PASSED] - Verify element property value successfully

2023-10-16 14:04:24 - [TEST_STEP][PASSED] - verifyElementPropertyValue(getResponse, "offers[13].groups[0].pricingPlans[0].visualElements[10].value", "شهرياً"): Verify element property value successfully

2023-10-16 14:04:24 - [MESSAGE][PASSED] - Verify element property value successfully

2023-10-16 14:04:24 - [TEST_STEP][PASSED] - verifyElementPropertyValue(getResponse, "offers[13].groups[0].pricingPlans[0].visualElements[11].key", "featured_tag_text"): Verify element property value successfully

2023-10-16 14:04:24 - [MESSAGE][PASSED] - Verify element property value successfully

2023-10-16 14:04:24 - [TEST_STEP][PASSED] - verifyElementPropertyValue(getResponse, "offers[13].groups[0].pricingPlans[0].visualElements[11].value", "عرض لمدة محدودة"): Verify element property value successfully

2023-10-16 14:04:24 - [MESSAGE][PASSED] - Verify element property value successfully

2023-10-16 14:04:24 - [TEST_STEP][PASSED] - verifyElementPropertyValue(getResponse, "offers[13].groups[0].pricingPlans[0].visualElements[13].key", "tag_text"): Verify element property value successfully

2023-10-16 14:04:24 - [MESSAGE][PASSED] - Verify element property value successfully

2023-10-16 14:04:24 - [TEST_STEP][PASSED] - verifyElementPropertyValue(getResponse, "offers[13].groups[0].pricingPlans[0].visualElements[13].value", "وفر 50%"): Verify element property value successfully

2023-10-16 14:04:24 - [MESSAGE][PASSED] - Verify element property value successfully

2023-10-16 14:04:24 - [TEST_STEP][PASSED] - verifyElementPropertyValue(getResponse, "offers[13].groups[0].pricingPlans[0].visualElements[12].key", "show_tag"): Verify element property value successfully

2023-10-16 14:04:24 - [MESSAGE][PASSED] - Verify element property value successfully

2023-10-16 14:04:24 - [TEST_STEP][PASSED] - verifyElementPropertyValue(getResponse, "offers[13].groups[0].pricingPlans[0].visualElements[12].value", "true"): Verify element property value successfully

2023-10-16 14:04:24 - [MESSAGE][PASSED] - Verify element property value successfully

2023-10-16 14:04:24 - [TEST_STEP][PASSED] - verifyElementPropertyValue(getResponse, "offers[13].groups[0].pricingPlans[0].pricingPlanData[0].productId", "ISR_B2C_SHAHID_VIP_SPORT_1M"): Verify element property value successfully

2023-10-16 14:04:24 - [MESSAGE][PASSED] - Verify element property value successfully

2023-10-16 14:04:24 - [TEST_STEP][PASSED] - verifyElementPropertyValue(getResponse, "offers[13].groups[0].pricingPlans[0].pricingPlanData[0].paymentMethod", "CREDIT_CARD"): Verify element property value successfully

2023-10-16 14:04:24 - [MESSAGE][PASSED] - Verify element property value successfully

2023-10-16 14:04:24 - [TEST_STEP][PASSED] - verifyElementPropertyValue(getResponse, "offers[13].groups[0].pricingPlans[0].pricingPlanData[0].freeTrialEnabled", "false"): Verify element property value successfully

2023-10-16 14:04:24 - [MESSAGE][PASSED] - Verify element property value successfully

2023-10-16 14:04:24 - [TEST_STEP][PASSED] - verifyElementPropertyValue(getResponse, "offers[13].groups[0].pricingPlans[0].pricingPlanData[0].showIn[0]", "VERTICAL_MODE"): Verify element property value successfully

2023-10-16 14:04:24 - [MESSAGE][PASSED] - Verify element property value successfully

2023-10-16 14:04:24 - [TEST_STEP][PASSED] - verifyElementPropertyValue(getResponse, "offers[13].groups[0].pricingPlans[0].pricingPlanData[0].showIn[1]", "HORIZONTAL_MODE"): Verify element property value successfully

2023-10-16 14:04:24 - [MESSAGE][PASSED] - Verify element property value successfully

2023-10-16 14:04:24 - [TEST_STEP][PASSED] - verifyElementPropertyValue(getResponse, "offers[13].groups[0].pricingPlans[0].pricingPlanData[0].priceLabel", "22"): Verify element property value successfully

2023-10-16 14:04:24 - [MESSAGE][PASSED] - Verify element property value successfully

2023-10-16 14:04:24 - [TEST_STEP][PASSED] - verifyElementPropertyValue(getResponse, "offers[13].groups[0].pricingPlans[0].pricingPlanData[0].currencyLabel", "₪"): Verify element property value successfully

2023-10-16 14:04:24 - [MESSAGE][PASSED] - Verify element property value successfully

2023-10-16 14:04:24 - [TEST_STEP][PASSED] - verifyElementPropertyValue(getResponse, "offers[13].groups[0].pricingPlans[0].pricingPlanData[0].dealId", "BYG_SPORT_50P_ISR"): Verify element property value successfully

2023-10-16 14:04:24 - [MESSAGE][PASSED] - Verify element property value successfully

2023-10-16 14:04:24 - [TEST_STEP][PASSED] - verifyElementPropertyValue(getResponse, "offers[13].groups[0].pricingPlans[0].pricingPlanData[0].allowedForAcquisition", "true"): Verify element property value successfully

2023-10-16 14:04:24 - [MESSAGE][PASSED] - Verify element property value successfully

2023-10-16 14:04:24 - [TEST_STEP][PASSED] - verifyElementPropertyValue(getResponse, "offers[13].groups[0].pricingPlans[0].pricingPlanData[0].visualElements[0].key", "title"): Verify element property value successfully

2023-10-16 14:04:24 - [MESSAGE][PASSED] - Verify element property value successfully

2023-10-16 14:04:24 - [TEST_STEP][PASSED] - verifyElementPropertyValue(getResponse, "offers[13].groups[0].pricingPlans[0].pricingPlanData[0].visualElements[0].value", "البطاقة المصرفية"): Verify element property value successfully

2023-10-16 14:04:24 - [MESSAGE][PASSED] - Verify element property value successfully

2023-10-16 14:04:24 - [TEST_STEP][PASSED] - verifyElementPropertyValue(getResponse, "offers[13].groups[0].pricingPlans[0].pricingPlanData[0].visualElements[1].key", "CTA_text"): Verify element property value successfully

2023-10-16 14:04:24 - [MESSAGE][PASSED] - Verify element property value successfully

2023-10-16 14:04:24 - [TEST_STEP][PASSED] - verifyElementPropertyValue(getResponse, "offers[13].groups[0].pricingPlans[0].pricingPlanData[0].visualElements[1].value", "اشترك"): Verify element property value successfully

2023-10-16 14:04:24 - [MESSAGE][PASSED] - Verify element property value successfully

2023-10-16 14:04:24 - [TEST_STEP][PASSED] - verifyElementPropertyValue(getResponse, "offers[13].groups[0].pricingPlans[0].pricingPlanData[0].visualElements[2].key", "logo"): Verify element property value successfully

2023-10-16 14:04:25 - [MESSAGE][PASSED] - Verify element property value successfully

2023-10-16 14:04:25 - [TEST_STEP][PASSED] - verifyElementPropertyValue(getResponse, "offers[13].groups[0].pricingPlans[0].pricingPlanData[0].visualElements[2].value", "https://static.s3.shahid.mbc.net/widget-images/icons/iconCreditCard.png"): Verify element property value successfully

2023-10-16 14:04:25 - [MESSAGE][PASSED] - Verify element property value successfully]]></system-out>
         <system-err><![CDATA[]]></system-err>
      </testcase>
      <testcase name="Test Cases/WEB - CHROME/ISR PI/WEB_AR_getOffersForISR_VIP" time="13.886" classname="Test Cases/WEB - CHROME/ISR PI/WEB_AR_getOffersForISR_VIP" status="PASSED">
         <system-out><![CDATA[2023-10-16 14:04:25 - [TEST_CASE][PASSED] - Test Cases/WEB - CHROME/ISR PI/WEB_AR_getOffersForISR_VIP: Test Cases/WEB - CHROME/ISR PI/WEB_AR_getOffersForISR_VIP

2023-10-16 14:04:25 - [TEST_STEP][PASSED] - getResponse = config_files.getConfigFile.getConfig("WEB", "AR", "SHAHID_VIP", "IL", "false"): config_files.getConfigFile.getConfig is PASSED

2023-10-16 14:04:25 - [MESSAGE][INFO] - HAR: /Users/admin/git/shahid-configuration/Reports/20231016_140310/WEB/ISR/20231016_140311/requests/main/5.har

2023-10-16 14:04:25 - [MESSAGE][PASSED] - Send request successfully

2023-10-16 14:04:25 - [MESSAGE][PASSED] - config_files.getConfigFile.getConfig is PASSED

2023-10-16 14:04:25 - [TEST_STEP][PASSED] - verifyResponseStatusCode(getResponse, 200): Verify response status code successfully

2023-10-16 14:04:25 - [MESSAGE][PASSED] - Verify response status code successfully

2023-10-16 14:04:25 - [TEST_STEP][PASSED] - verifyElementPropertyValue(getResponse, "country", "ISR"): Verify element property value successfully

2023-10-16 14:04:25 - [MESSAGE][PASSED] - Verify element property value successfully

2023-10-16 14:04:25 - [TEST_STEP][PASSED] - verifyElementPropertyValue(getResponse, "platform", "[WEB]"): Verify element property value successfully

2023-10-16 14:04:25 - [MESSAGE][PASSED] - Verify element property value successfully

2023-10-16 14:04:25 - [TEST_STEP][PASSED] - verifyElementPropertyValue(getResponse, "offers[0].offerId", "winback-30-offer"): Verify element property value successfully

2023-10-16 14:04:25 - [MESSAGE][PASSED] - Verify element property value successfully

2023-10-16 14:04:25 - [TEST_STEP][PASSED] - verifyElementPropertyValue(getResponse, "offers[0].offerParam", "winback30"): Verify element property value successfully

2023-10-16 14:04:25 - [MESSAGE][PASSED] - Verify element property value successfully

2023-10-16 14:04:25 - [TEST_STEP][PASSED] - verifyElementPropertyValue(getResponse, "offers[0].groups[0].pricingPlans[0].featured", "true"): Verify element property value successfully

2023-10-16 14:04:25 - [MESSAGE][PASSED] - Verify element property value successfully

2023-10-16 14:04:26 - [TEST_STEP][PASSED] - verifyElementPropertyValue(getResponse, "offers[0].groups[0].pricingPlans[0].period", "monthly"): Verify element property value successfully

2023-10-16 14:04:26 - [MESSAGE][PASSED] - Verify element property value successfully

2023-10-16 14:04:26 - [TEST_STEP][PASSED] - verifyElementPropertyValue(getResponse, "offers[0].groups[0].pricingPlans[0].featured", "true"): Verify element property value successfully

2023-10-16 14:04:26 - [MESSAGE][PASSED] - Verify element property value successfully

2023-10-16 14:04:26 - [TEST_STEP][PASSED] - verifyElementPropertyValue(getResponse, "offers[0].groups[0].pricingPlans[0].price", "15.5"): Verify element property value successfully

2023-10-16 14:04:26 - [MESSAGE][PASSED] - Verify element property value successfully

2023-10-16 14:04:26 - [TEST_STEP][PASSED] - verifyElementPropertyValue(getResponse, "offers[0].groups[0].pricingPlans[0].currency", "₪"): Verify element property value successfully

2023-10-16 14:04:26 - [MESSAGE][PASSED] - Verify element property value successfully

2023-10-16 14:04:26 - [TEST_STEP][PASSED] - verifyElementPropertyValue(getResponse, "offers[0].groups[0].pricingPlans[0].order", "0"): Verify element property value successfully

2023-10-16 14:04:26 - [MESSAGE][PASSED] - Verify element property value successfully

2023-10-16 14:04:26 - [TEST_STEP][PASSED] - verifyElementPropertyValue(getResponse, "offers[0].groups[0].pricingPlans[0].packageId", "SHAHID_VIP"): Verify element property value successfully

2023-10-16 14:04:26 - [MESSAGE][PASSED] - Verify element property value successfully

2023-10-16 14:04:26 - [TEST_STEP][PASSED] - verifyElementPropertyValue(getResponse, "offers[0].groups[0].pricingPlans[0].catalogId", "VIP"): Verify element property value successfully

2023-10-16 14:04:26 - [MESSAGE][PASSED] - Verify element property value successfully

2023-10-16 14:04:26 - [TEST_STEP][PASSED] - verifyElementPropertyValue(getResponse, "offers[0].groups[0].pricingPlans[0].visualElements[0].key", "Header_1_text"): Verify element property value successfully

2023-10-16 14:04:26 - [MESSAGE][PASSED] - Verify element property value successfully

2023-10-16 14:04:26 - [TEST_STEP][PASSED] - verifyElementPropertyValue(getResponse, "offers[0].groups[0].pricingPlans[0].visualElements[0].value", "شاهد أقوى المسلسلات و الأفلام حصرياً دون توقف"): Verify element property value successfully

2023-10-16 14:04:26 - [MESSAGE][PASSED] - Verify element property value successfully

2023-10-16 14:04:26 - [TEST_STEP][PASSED] - verifyElementPropertyValue(getResponse, "offers[0].groups[0].pricingPlans[0].visualElements[1].key", "display_title"): Verify element property value successfully

2023-10-16 14:04:26 - [MESSAGE][PASSED] - Verify element property value successfully

2023-10-16 14:04:26 - [TEST_STEP][PASSED] - verifyElementPropertyValue(getResponse, "offers[0].groups[0].pricingPlans[0].visualElements[1].value", "احصل على خصم 30%"): Verify element property value successfully

2023-10-16 14:04:26 - [MESSAGE][PASSED] - Verify element property value successfully

2023-10-16 14:04:26 - [TEST_STEP][PASSED] - verifyElementPropertyValue(getResponse, "offers[0].groups[0].pricingPlans[0].visualElements[3].key", "deduction_text"): Verify element property value successfully

2023-10-16 14:04:26 - [MESSAGE][PASSED] - Verify element property value successfully

2023-10-16 14:04:26 - [TEST_STEP][PASSED] - verifyElementPropertyValue(getResponse, "offers[0].groups[0].pricingPlans[0].visualElements[3].value", "تدفع شهرياً"): Verify element property value successfully

2023-10-16 14:04:26 - [MESSAGE][PASSED] - Verify element property value successfully

2023-10-16 14:04:26 - [TEST_STEP][PASSED] - verifyElementPropertyValue(getResponse, "offers[0].groups[0].pricingPlans[0].visualElements[6].key", "show_payment_logo"): Verify element property value successfully

2023-10-16 14:04:26 - [MESSAGE][PASSED] - Verify element property value successfully

2023-10-16 14:04:26 - [TEST_STEP][PASSED] - verifyElementPropertyValue(getResponse, "offers[0].groups[0].pricingPlans[0].visualElements[6].value", "true"): Verify element property value successfully

2023-10-16 14:04:26 - [MESSAGE][PASSED] - Verify element property value successfully

2023-10-16 14:04:26 - [TEST_STEP][PASSED] - verifyElementPropertyValue(getResponse, "offers[0].groups[0].pricingPlans[0].visualElements[8].key", "price"): Verify element property value successfully

2023-10-16 14:04:26 - [MESSAGE][PASSED] - Verify element property value successfully

2023-10-16 14:04:26 - [TEST_STEP][PASSED] - verifyElementPropertyValue(getResponse, "offers[0].groups[0].pricingPlans[0].visualElements[8].value", "15.5"): Verify element property value successfully

2023-10-16 14:04:26 - [MESSAGE][PASSED] - Verify element property value successfully

2023-10-16 14:04:26 - [TEST_STEP][PASSED] - verifyElementPropertyValue(getResponse, "offers[0].groups[0].pricingPlans[0].visualElements[9].key", "currency"): Verify element property value successfully

2023-10-16 14:04:26 - [MESSAGE][PASSED] - Verify element property value successfully

2023-10-16 14:04:26 - [TEST_STEP][PASSED] - verifyElementPropertyValue(getResponse, "offers[0].groups[0].pricingPlans[0].visualElements[9].value", "₪"): Verify element property value successfully

2023-10-16 14:04:26 - [MESSAGE][PASSED] - Verify element property value successfully

2023-10-16 14:04:26 - [TEST_STEP][PASSED] - verifyElementPropertyValue(getResponse, "offers[0].groups[0].pricingPlans[0].visualElements[10].key", "duration"): Verify element property value successfully

2023-10-16 14:04:26 - [MESSAGE][PASSED] - Verify element property value successfully

2023-10-16 14:04:26 - [TEST_STEP][PASSED] - verifyElementPropertyValue(getResponse, "offers[0].groups[0].pricingPlans[0].visualElements[10].value", "شهرياً"): Verify element property value successfully

2023-10-16 14:04:26 - [MESSAGE][PASSED] - Verify element property value successfully

2023-10-16 14:04:26 - [TEST_STEP][PASSED] - verifyElementPropertyValue(getResponse, "offers[0].groups[0].pricingPlans[0].visualElements[11].key", "featured_tag_text"): Verify element property value successfully

2023-10-16 14:04:26 - [MESSAGE][PASSED] - Verify element property value successfully

2023-10-16 14:04:26 - [TEST_STEP][PASSED] - verifyElementPropertyValue(getResponse, "offers[0].groups[0].pricingPlans[0].visualElements[11].value", "عرض لمدة محدودة"): Verify element property value successfully

2023-10-16 14:04:26 - [MESSAGE][PASSED] - Verify element property value successfully

2023-10-16 14:04:26 - [TEST_STEP][PASSED] - verifyElementPropertyValue(getResponse, "offers[0].groups[0].pricingPlans[0].visualElements[13].key", "tag_text"): Verify element property value successfully

2023-10-16 14:04:26 - [MESSAGE][PASSED] - Verify element property value successfully

2023-10-16 14:04:26 - [TEST_STEP][PASSED] - verifyElementPropertyValue(getResponse, "offers[0].groups[0].pricingPlans[0].visualElements[13].value", "وفر 30%"): Verify element property value successfully

2023-10-16 14:04:26 - [MESSAGE][PASSED] - Verify element property value successfully

2023-10-16 14:04:26 - [TEST_STEP][PASSED] - verifyElementPropertyValue(getResponse, "offers[0].groups[0].pricingPlans[0].visualElements[12].key", "show_tag"): Verify element property value successfully

2023-10-16 14:04:26 - [MESSAGE][PASSED] - Verify element property value successfully

2023-10-16 14:04:26 - [TEST_STEP][PASSED] - verifyElementPropertyValue(getResponse, "offers[0].groups[0].pricingPlans[0].visualElements[12].value", "true"): Verify element property value successfully

2023-10-16 14:04:26 - [MESSAGE][PASSED] - Verify element property value successfully

2023-10-16 14:04:26 - [TEST_STEP][PASSED] - verifyElementPropertyValue(getResponse, "offers[0].groups[0].pricingPlans[0].pricingPlanData[0].productId", "ISR_B2C_SHAHID_VIP_1M"): Verify element property value successfully

2023-10-16 14:04:26 - [MESSAGE][PASSED] - Verify element property value successfully

2023-10-16 14:04:26 - [TEST_STEP][PASSED] - verifyElementPropertyValue(getResponse, "offers[0].groups[0].pricingPlans[0].pricingPlanData[0].paymentMethod", "CREDIT_CARD"): Verify element property value successfully

2023-10-16 14:04:26 - [MESSAGE][PASSED] - Verify element property value successfully

2023-10-16 14:04:26 - [TEST_STEP][PASSED] - verifyElementPropertyValue(getResponse, "offers[0].groups[0].pricingPlans[0].pricingPlanData[0].freeTrialEnabled", "false"): Verify element property value successfully

2023-10-16 14:04:26 - [MESSAGE][PASSED] - Verify element property value successfully

2023-10-16 14:04:26 - [TEST_STEP][PASSED] - verifyElementPropertyValue(getResponse, "offers[0].groups[0].pricingPlans[0].pricingPlanData[0].showIn[0]", "VERTICAL_MODE"): Verify element property value successfully

2023-10-16 14:04:26 - [MESSAGE][PASSED] - Verify element property value successfully

2023-10-16 14:04:26 - [TEST_STEP][PASSED] - verifyElementPropertyValue(getResponse, "offers[0].groups[0].pricingPlans[0].pricingPlanData[0].showIn[1]", "HORIZONTAL_MODE"): Verify element property value successfully

2023-10-16 14:04:26 - [MESSAGE][PASSED] - Verify element property value successfully

2023-10-16 14:04:26 - [TEST_STEP][PASSED] - verifyElementPropertyValue(getResponse, "offers[0].groups[0].pricingPlans[0].pricingPlanData[0].priceLabel", "15.5"): Verify element property value successfully

2023-10-16 14:04:26 - [MESSAGE][PASSED] - Verify element property value successfully

2023-10-16 14:04:26 - [TEST_STEP][PASSED] - verifyElementPropertyValue(getResponse, "offers[0].groups[0].pricingPlans[0].pricingPlanData[0].currencyLabel", "₪"): Verify element property value successfully

2023-10-16 14:04:26 - [MESSAGE][PASSED] - Verify element property value successfully

2023-10-16 14:04:26 - [TEST_STEP][PASSED] - verifyElementPropertyValue(getResponse, "offers[0].groups[0].pricingPlans[0].pricingPlanData[0].dealId", "RE_30P_ISR"): Verify element property value successfully

2023-10-16 14:04:26 - [MESSAGE][PASSED] - Verify element property value successfully

2023-10-16 14:04:26 - [TEST_STEP][PASSED] - verifyElementPropertyValue(getResponse, "offers[0].groups[0].pricingPlans[0].pricingPlanData[0].allowedForAcquisition", "true"): Verify element property value successfully

2023-10-16 14:04:26 - [MESSAGE][PASSED] - Verify element property value successfully

2023-10-16 14:04:26 - [TEST_STEP][PASSED] - verifyElementPropertyValue(getResponse, "offers[0].groups[0].pricingPlans[0].pricingPlanData[0].visualElements[0].key", "title"): Verify element property value successfully

2023-10-16 14:04:26 - [MESSAGE][PASSED] - Verify element property value successfully

2023-10-16 14:04:26 - [TEST_STEP][PASSED] - verifyElementPropertyValue(getResponse, "offers[0].groups[0].pricingPlans[0].pricingPlanData[0].visualElements[0].value", "البطاقة المصرفية"): Verify element property value successfully

2023-10-16 14:04:26 - [MESSAGE][PASSED] - Verify element property value successfully

2023-10-16 14:04:26 - [TEST_STEP][PASSED] - verifyElementPropertyValue(getResponse, "offers[0].groups[0].pricingPlans[0].pricingPlanData[0].visualElements[1].key", "CTA_text"): Verify element property value successfully

2023-10-16 14:04:26 - [MESSAGE][PASSED] - Verify element property value successfully

2023-10-16 14:04:26 - [TEST_STEP][PASSED] - verifyElementPropertyValue(getResponse, "offers[0].groups[0].pricingPlans[0].pricingPlanData[0].visualElements[1].value", "اشترك"): Verify element property value successfully

2023-10-16 14:04:26 - [MESSAGE][PASSED] - Verify element property value successfully

2023-10-16 14:04:26 - [TEST_STEP][PASSED] - verifyElementPropertyValue(getResponse, "offers[0].groups[0].pricingPlans[0].pricingPlanData[0].visualElements[2].key", "logo"): Verify element property value successfully

2023-10-16 14:04:26 - [MESSAGE][PASSED] - Verify element property value successfully

2023-10-16 14:04:26 - [TEST_STEP][PASSED] - verifyElementPropertyValue(getResponse, "offers[0].groups[0].pricingPlans[0].pricingPlanData[0].visualElements[2].value", "https://static.s3.shahid.mbc.net/widget-images/icons/iconCreditCard.png"): Verify element property value successfully

2023-10-16 14:04:26 - [MESSAGE][PASSED] - Verify element property value successfully

2023-10-16 14:04:26 - [TEST_STEP][PASSED] - verifyElementPropertyValue(getResponse, "offers[1].offerId", "winback-40-offer"): Verify element property value successfully

2023-10-16 14:04:26 - [MESSAGE][PASSED] - Verify element property value successfully

2023-10-16 14:04:26 - [TEST_STEP][PASSED] - verifyElementPropertyValue(getResponse, "offers[1].offerParam", "winback40"): Verify element property value successfully

2023-10-16 14:04:26 - [MESSAGE][PASSED] - Verify element property value successfully

2023-10-16 14:04:26 - [TEST_STEP][PASSED] - verifyElementPropertyValue(getResponse, "offers[1].groups[0].pricingPlans[0].featured", "true"): Verify element property value successfully

2023-10-16 14:04:26 - [MESSAGE][PASSED] - Verify element property value successfully

2023-10-16 14:04:26 - [TEST_STEP][PASSED] - verifyElementPropertyValue(getResponse, "offers[1].groups[0].pricingPlans[0].period", "monthly"): Verify element property value successfully

2023-10-16 14:04:26 - [MESSAGE][PASSED] - Verify element property value successfully

2023-10-16 14:04:26 - [TEST_STEP][PASSED] - verifyElementPropertyValue(getResponse, "offers[1].groups[0].pricingPlans[0].featured", "true"): Verify element property value successfully

2023-10-16 14:04:26 - [MESSAGE][PASSED] - Verify element property value successfully

2023-10-16 14:04:26 - [TEST_STEP][PASSED] - verifyElementPropertyValue(getResponse, "offers[1].groups[0].pricingPlans[0].price", "13.5"): Verify element property value successfully

2023-10-16 14:04:26 - [MESSAGE][PASSED] - Verify element property value successfully

2023-10-16 14:04:26 - [TEST_STEP][PASSED] - verifyElementPropertyValue(getResponse, "offers[1].groups[0].pricingPlans[0].currency", "₪"): Verify element property value successfully

2023-10-16 14:04:26 - [MESSAGE][PASSED] - Verify element property value successfully

2023-10-16 14:04:26 - [TEST_STEP][PASSED] - verifyElementPropertyValue(getResponse, "offers[1].groups[0].pricingPlans[0].order", "0"): Verify element property value successfully

2023-10-16 14:04:26 - [MESSAGE][PASSED] - Verify element property value successfully

2023-10-16 14:04:26 - [TEST_STEP][PASSED] - verifyElementPropertyValue(getResponse, "offers[1].groups[0].pricingPlans[0].packageId", "SHAHID_VIP"): Verify element property value successfully

2023-10-16 14:04:26 - [MESSAGE][PASSED] - Verify element property value successfully

2023-10-16 14:04:26 - [TEST_STEP][PASSED] - verifyElementPropertyValue(getResponse, "offers[1].groups[0].pricingPlans[0].catalogId", "VIP"): Verify element property value successfully

2023-10-16 14:04:26 - [MESSAGE][PASSED] - Verify element property value successfully

2023-10-16 14:04:26 - [TEST_STEP][PASSED] - verifyElementPropertyValue(getResponse, "offers[1].groups[0].pricingPlans[0].visualElements[0].key", "Header_1_text"): Verify element property value successfully

2023-10-16 14:04:26 - [MESSAGE][PASSED] - Verify element property value successfully

2023-10-16 14:04:26 - [TEST_STEP][PASSED] - verifyElementPropertyValue(getResponse, "offers[1].groups[0].pricingPlans[0].visualElements[0].value", "شاهد أقوى المسلسلات و الأفلام حصرياً دون توقف"): Verify element property value successfully

2023-10-16 14:04:26 - [MESSAGE][PASSED] - Verify element property value successfully

2023-10-16 14:04:26 - [TEST_STEP][PASSED] - verifyElementPropertyValue(getResponse, "offers[1].groups[0].pricingPlans[0].visualElements[1].key", "display_title"): Verify element property value successfully

2023-10-16 14:04:26 - [MESSAGE][PASSED] - Verify element property value successfully

2023-10-16 14:04:26 - [TEST_STEP][PASSED] - verifyElementPropertyValue(getResponse, "offers[1].groups[0].pricingPlans[0].visualElements[1].value", "احصل على خصم 40%"): Verify element property value successfully

2023-10-16 14:04:26 - [MESSAGE][PASSED] - Verify element property value successfully

2023-10-16 14:04:26 - [TEST_STEP][PASSED] - verifyElementPropertyValue(getResponse, "offers[1].groups[0].pricingPlans[0].visualElements[3].key", "deduction_text"): Verify element property value successfully

2023-10-16 14:04:26 - [MESSAGE][PASSED] - Verify element property value successfully

2023-10-16 14:04:26 - [TEST_STEP][PASSED] - verifyElementPropertyValue(getResponse, "offers[1].groups[0].pricingPlans[0].visualElements[3].value", "تدفع شهرياً"): Verify element property value successfully

2023-10-16 14:04:26 - [MESSAGE][PASSED] - Verify element property value successfully

2023-10-16 14:04:26 - [TEST_STEP][PASSED] - verifyElementPropertyValue(getResponse, "offers[1].groups[0].pricingPlans[0].visualElements[6].key", "show_payment_logo"): Verify element property value successfully

2023-10-16 14:04:26 - [MESSAGE][PASSED] - Verify element property value successfully

2023-10-16 14:04:26 - [TEST_STEP][PASSED] - verifyElementPropertyValue(getResponse, "offers[1].groups[0].pricingPlans[0].visualElements[6].value", "true"): Verify element property value successfully

2023-10-16 14:04:26 - [MESSAGE][PASSED] - Verify element property value successfully

2023-10-16 14:04:26 - [TEST_STEP][PASSED] - verifyElementPropertyValue(getResponse, "offers[1].groups[0].pricingPlans[0].visualElements[8].key", "price"): Verify element property value successfully

2023-10-16 14:04:26 - [MESSAGE][PASSED] - Verify element property value successfully

2023-10-16 14:04:26 - [TEST_STEP][PASSED] - verifyElementPropertyValue(getResponse, "offers[1].groups[0].pricingPlans[0].visualElements[8].value", "13.5"): Verify element property value successfully

2023-10-16 14:04:26 - [MESSAGE][PASSED] - Verify element property value successfully

2023-10-16 14:04:26 - [TEST_STEP][PASSED] - verifyElementPropertyValue(getResponse, "offers[1].groups[0].pricingPlans[0].visualElements[9].key", "currency"): Verify element property value successfully

2023-10-16 14:04:26 - [MESSAGE][PASSED] - Verify element property value successfully

2023-10-16 14:04:26 - [TEST_STEP][PASSED] - verifyElementPropertyValue(getResponse, "offers[1].groups[0].pricingPlans[0].visualElements[9].value", "₪"): Verify element property value successfully

2023-10-16 14:04:26 - [MESSAGE][PASSED] - Verify element property value successfully

2023-10-16 14:04:26 - [TEST_STEP][PASSED] - verifyElementPropertyValue(getResponse, "offers[1].groups[0].pricingPlans[0].visualElements[10].key", "duration"): Verify element property value successfully

2023-10-16 14:04:26 - [MESSAGE][PASSED] - Verify element property value successfully

2023-10-16 14:04:26 - [TEST_STEP][PASSED] - verifyElementPropertyValue(getResponse, "offers[1].groups[0].pricingPlans[0].visualElements[10].value", "شهرياً"): Verify element property value successfully

2023-10-16 14:04:26 - [MESSAGE][PASSED] - Verify element property value successfully

2023-10-16 14:04:26 - [TEST_STEP][PASSED] - verifyElementPropertyValue(getResponse, "offers[1].groups[0].pricingPlans[0].visualElements[11].key", "featured_tag_text"): Verify element property value successfully

2023-10-16 14:04:26 - [MESSAGE][PASSED] - Verify element property value successfully

2023-10-16 14:04:26 - [TEST_STEP][PASSED] - verifyElementPropertyValue(getResponse, "offers[1].groups[0].pricingPlans[0].visualElements[11].value", "عرض لمدة محدودة"): Verify element property value successfully

2023-10-16 14:04:26 - [MESSAGE][PASSED] - Verify element property value successfully

2023-10-16 14:04:26 - [TEST_STEP][PASSED] - verifyElementPropertyValue(getResponse, "offers[1].groups[0].pricingPlans[0].visualElements[13].key", "tag_text"): Verify element property value successfully

2023-10-16 14:04:26 - [MESSAGE][PASSED] - Verify element property value successfully

2023-10-16 14:04:26 - [TEST_STEP][PASSED] - verifyElementPropertyValue(getResponse, "offers[1].groups[0].pricingPlans[0].visualElements[13].value", "وفر 40%"): Verify element property value successfully

2023-10-16 14:04:26 - [MESSAGE][PASSED] - Verify element property value successfully

2023-10-16 14:04:26 - [TEST_STEP][PASSED] - verifyElementPropertyValue(getResponse, "offers[1].groups[0].pricingPlans[0].visualElements[12].key", "show_tag"): Verify element property value successfully

2023-10-16 14:04:26 - [MESSAGE][PASSED] - Verify element property value successfully

2023-10-16 14:04:26 - [TEST_STEP][PASSED] - verifyElementPropertyValue(getResponse, "offers[1].groups[0].pricingPlans[0].visualElements[12].value", "true"): Verify element property value successfully

2023-10-16 14:04:26 - [MESSAGE][PASSED] - Verify element property value successfully

2023-10-16 14:04:26 - [TEST_STEP][PASSED] - verifyElementPropertyValue(getResponse, "offers[1].groups[0].pricingPlans[0].pricingPlanData[0].productId", "ISR_B2C_SHAHID_VIP_1M"): Verify element property value successfully

2023-10-16 14:04:26 - [MESSAGE][PASSED] - Verify element property value successfully

2023-10-16 14:04:26 - [TEST_STEP][PASSED] - verifyElementPropertyValue(getResponse, "offers[1].groups[0].pricingPlans[0].pricingPlanData[0].paymentMethod", "CREDIT_CARD"): Verify element property value successfully

2023-10-16 14:04:26 - [MESSAGE][PASSED] - Verify element property value successfully

2023-10-16 14:04:26 - [TEST_STEP][PASSED] - verifyElementPropertyValue(getResponse, "offers[1].groups[0].pricingPlans[0].pricingPlanData[0].freeTrialEnabled", "false"): Verify element property value successfully

2023-10-16 14:04:26 - [MESSAGE][PASSED] - Verify element property value successfully

2023-10-16 14:04:26 - [TEST_STEP][PASSED] - verifyElementPropertyValue(getResponse, "offers[1].groups[0].pricingPlans[0].pricingPlanData[0].showIn[0]", "VERTICAL_MODE"): Verify element property value successfully

2023-10-16 14:04:26 - [MESSAGE][PASSED] - Verify element property value successfully

2023-10-16 14:04:26 - [TEST_STEP][PASSED] - verifyElementPropertyValue(getResponse, "offers[1].groups[0].pricingPlans[0].pricingPlanData[0].showIn[1]", "HORIZONTAL_MODE"): Verify element property value successfully

2023-10-16 14:04:26 - [MESSAGE][PASSED] - Verify element property value successfully

2023-10-16 14:04:26 - [TEST_STEP][PASSED] - verifyElementPropertyValue(getResponse, "offers[1].groups[0].pricingPlans[0].pricingPlanData[0].priceLabel", "13.5"): Verify element property value successfully

2023-10-16 14:04:26 - [MESSAGE][PASSED] - Verify element property value successfully

2023-10-16 14:04:26 - [TEST_STEP][PASSED] - verifyElementPropertyValue(getResponse, "offers[1].groups[0].pricingPlans[0].pricingPlanData[0].currencyLabel", "₪"): Verify element property value successfully

2023-10-16 14:04:26 - [MESSAGE][PASSED] - Verify element property value successfully

2023-10-16 14:04:26 - [TEST_STEP][PASSED] - verifyElementPropertyValue(getResponse, "offers[1].groups[0].pricingPlans[0].pricingPlanData[0].dealId", "RE_40P_ISR"): Verify element property value successfully

2023-10-16 14:04:26 - [MESSAGE][PASSED] - Verify element property value successfully

2023-10-16 14:04:26 - [TEST_STEP][PASSED] - verifyElementPropertyValue(getResponse, "offers[1].groups[0].pricingPlans[0].pricingPlanData[0].allowedForAcquisition", "true"): Verify element property value successfully

2023-10-16 14:04:26 - [MESSAGE][PASSED] - Verify element property value successfully

2023-10-16 14:04:26 - [TEST_STEP][PASSED] - verifyElementPropertyValue(getResponse, "offers[1].groups[0].pricingPlans[0].pricingPlanData[0].visualElements[0].key", "title"): Verify element property value successfully

2023-10-16 14:04:26 - [MESSAGE][PASSED] - Verify element property value successfully

2023-10-16 14:04:26 - [TEST_STEP][PASSED] - verifyElementPropertyValue(getResponse, "offers[1].groups[0].pricingPlans[0].pricingPlanData[0].visualElements[0].value", "البطاقة المصرفية"): Verify element property value successfully

2023-10-16 14:04:26 - [MESSAGE][PASSED] - Verify element property value successfully

2023-10-16 14:04:26 - [TEST_STEP][PASSED] - verifyElementPropertyValue(getResponse, "offers[1].groups[0].pricingPlans[0].pricingPlanData[0].visualElements[1].key", "CTA_text"): Verify element property value successfully

2023-10-16 14:04:26 - [MESSAGE][PASSED] - Verify element property value successfully

2023-10-16 14:04:26 - [TEST_STEP][PASSED] - verifyElementPropertyValue(getResponse, "offers[1].groups[0].pricingPlans[0].pricingPlanData[0].visualElements[1].value", "اشترك"): Verify element property value successfully

2023-10-16 14:04:26 - [MESSAGE][PASSED] - Verify element property value successfully

2023-10-16 14:04:26 - [TEST_STEP][PASSED] - verifyElementPropertyValue(getResponse, "offers[1].groups[0].pricingPlans[0].pricingPlanData[0].visualElements[2].key", "logo"): Verify element property value successfully

2023-10-16 14:04:26 - [MESSAGE][PASSED] - Verify element property value successfully

2023-10-16 14:04:26 - [TEST_STEP][PASSED] - verifyElementPropertyValue(getResponse, "offers[1].groups[0].pricingPlans[0].pricingPlanData[0].visualElements[2].value", "https://static.s3.shahid.mbc.net/widget-images/icons/iconCreditCard.png"): Verify element property value successfully

2023-10-16 14:04:26 - [MESSAGE][PASSED] - Verify element property value successfully

2023-10-16 14:04:26 - [TEST_STEP][PASSED] - verifyElementPropertyValue(getResponse, "offers[2].offerId", "winback-50-offer"): Verify element property value successfully

2023-10-16 14:04:26 - [MESSAGE][PASSED] - Verify element property value successfully

2023-10-16 14:04:26 - [TEST_STEP][PASSED] - verifyElementPropertyValue(getResponse, "offers[2].offerParam", "winback50"): Verify element property value successfully

2023-10-16 14:04:26 - [MESSAGE][PASSED] - Verify element property value successfully

2023-10-16 14:04:26 - [TEST_STEP][PASSED] - verifyElementPropertyValue(getResponse, "offers[2].groups[0].pricingPlans[0].featured", "true"): Verify element property value successfully

2023-10-16 14:04:26 - [MESSAGE][PASSED] - Verify element property value successfully

2023-10-16 14:04:26 - [TEST_STEP][PASSED] - verifyElementPropertyValue(getResponse, "offers[2].groups[0].pricingPlans[0].period", "monthly"): Verify element property value successfully

2023-10-16 14:04:26 - [MESSAGE][PASSED] - Verify element property value successfully

2023-10-16 14:04:26 - [TEST_STEP][PASSED] - verifyElementPropertyValue(getResponse, "offers[2].groups[0].pricingPlans[0].featured", "true"): Verify element property value successfully

2023-10-16 14:04:26 - [MESSAGE][PASSED] - Verify element property value successfully

2023-10-16 14:04:26 - [TEST_STEP][PASSED] - verifyElementPropertyValue(getResponse, "offers[2].groups[0].pricingPlans[0].price", "11.0"): Verify element property value successfully

2023-10-16 14:04:26 - [MESSAGE][PASSED] - Verify element property value successfully

2023-10-16 14:04:26 - [TEST_STEP][PASSED] - verifyElementPropertyValue(getResponse, "offers[2].groups[0].pricingPlans[0].currency", "₪"): Verify element property value successfully

2023-10-16 14:04:26 - [MESSAGE][PASSED] - Verify element property value successfully

2023-10-16 14:04:26 - [TEST_STEP][PASSED] - verifyElementPropertyValue(getResponse, "offers[2].groups[0].pricingPlans[0].order", "0"): Verify element property value successfully

2023-10-16 14:04:26 - [MESSAGE][PASSED] - Verify element property value successfully

2023-10-16 14:04:26 - [TEST_STEP][PASSED] - verifyElementPropertyValue(getResponse, "offers[2].groups[0].pricingPlans[0].packageId", "SHAHID_VIP"): Verify element property value successfully

2023-10-16 14:04:26 - [MESSAGE][PASSED] - Verify element property value successfully

2023-10-16 14:04:26 - [TEST_STEP][PASSED] - verifyElementPropertyValue(getResponse, "offers[2].groups[0].pricingPlans[0].catalogId", "VIP"): Verify element property value successfully

2023-10-16 14:04:26 - [MESSAGE][PASSED] - Verify element property value successfully

2023-10-16 14:04:26 - [TEST_STEP][PASSED] - verifyElementPropertyValue(getResponse, "offers[2].groups[0].pricingPlans[0].visualElements[0].key", "Header_1_text"): Verify element property value successfully

2023-10-16 14:04:26 - [MESSAGE][PASSED] - Verify element property value successfully

2023-10-16 14:04:26 - [TEST_STEP][PASSED] - verifyElementPropertyValue(getResponse, "offers[2].groups[0].pricingPlans[0].visualElements[0].value", "شاهد أقوى المسلسلات و الأفلام حصرياً دون توقف"): Verify element property value successfully

2023-10-16 14:04:26 - [MESSAGE][PASSED] - Verify element property value successfully

2023-10-16 14:04:26 - [TEST_STEP][PASSED] - verifyElementPropertyValue(getResponse, "offers[2].groups[0].pricingPlans[0].visualElements[1].key", "display_title"): Verify element property value successfully

2023-10-16 14:04:26 - [MESSAGE][PASSED] - Verify element property value successfully

2023-10-16 14:04:26 - [TEST_STEP][PASSED] - verifyElementPropertyValue(getResponse, "offers[2].groups[0].pricingPlans[0].visualElements[1].value", "احصل على خصم 50%"): Verify element property value successfully

2023-10-16 14:04:26 - [MESSAGE][PASSED] - Verify element property value successfully

2023-10-16 14:04:26 - [TEST_STEP][PASSED] - verifyElementPropertyValue(getResponse, "offers[2].groups[0].pricingPlans[0].visualElements[3].key", "deduction_text"): Verify element property value successfully

2023-10-16 14:04:26 - [MESSAGE][PASSED] - Verify element property value successfully

2023-10-16 14:04:26 - [TEST_STEP][PASSED] - verifyElementPropertyValue(getResponse, "offers[2].groups[0].pricingPlans[0].visualElements[3].value", "تدفع شهرياً"): Verify element property value successfully

2023-10-16 14:04:26 - [MESSAGE][PASSED] - Verify element property value successfully

2023-10-16 14:04:26 - [TEST_STEP][PASSED] - verifyElementPropertyValue(getResponse, "offers[2].groups[0].pricingPlans[0].visualElements[6].key", "show_payment_logo"): Verify element property value successfully

2023-10-16 14:04:26 - [MESSAGE][PASSED] - Verify element property value successfully

2023-10-16 14:04:26 - [TEST_STEP][PASSED] - verifyElementPropertyValue(getResponse, "offers[2].groups[0].pricingPlans[0].visualElements[6].value", "true"): Verify element property value successfully

2023-10-16 14:04:26 - [MESSAGE][PASSED] - Verify element property value successfully

2023-10-16 14:04:26 - [TEST_STEP][PASSED] - verifyElementPropertyValue(getResponse, "offers[2].groups[0].pricingPlans[0].visualElements[8].key", "price"): Verify element property value successfully

2023-10-16 14:04:26 - [MESSAGE][PASSED] - Verify element property value successfully

2023-10-16 14:04:26 - [TEST_STEP][PASSED] - verifyElementPropertyValue(getResponse, "offers[2].groups[0].pricingPlans[0].visualElements[8].value", "11"): Verify element property value successfully

2023-10-16 14:04:26 - [MESSAGE][PASSED] - Verify element property value successfully

2023-10-16 14:04:37 - [TEST_STEP][PASSED] - verifyElementPropertyValue(getResponse, "offers[2].groups[0].pricingPlans[0].visualElements[9].key", "currency"): Verify element property value successfully

2023-10-16 14:04:37 - [MESSAGE][PASSED] - Verify element property value successfully

2023-10-16 14:04:37 - [TEST_STEP][PASSED] - verifyElementPropertyValue(getResponse, "offers[2].groups[0].pricingPlans[0].visualElements[9].value", "₪"): Verify element property value successfully

2023-10-16 14:04:37 - [MESSAGE][PASSED] - Verify element property value successfully

2023-10-16 14:04:37 - [TEST_STEP][PASSED] - verifyElementPropertyValue(getResponse, "offers[2].groups[0].pricingPlans[0].visualElements[10].key", "duration"): Verify element property value successfully

2023-10-16 14:04:37 - [MESSAGE][PASSED] - Verify element property value successfully

2023-10-16 14:04:37 - [TEST_STEP][PASSED] - verifyElementPropertyValue(getResponse, "offers[2].groups[0].pricingPlans[0].visualElements[10].value", "شهرياً"): Verify element property value successfully

2023-10-16 14:04:37 - [MESSAGE][PASSED] - Verify element property value successfully

2023-10-16 14:04:37 - [TEST_STEP][PASSED] - verifyElementPropertyValue(getResponse, "offers[2].groups[0].pricingPlans[0].visualElements[11].key", "featured_tag_text"): Verify element property value successfully

2023-10-16 14:04:37 - [MESSAGE][PASSED] - Verify element property value successfully

2023-10-16 14:04:37 - [TEST_STEP][PASSED] - verifyElementPropertyValue(getResponse, "offers[2].groups[0].pricingPlans[0].visualElements[11].value", "عرض لمدة محدودة"): Verify element property value successfully

2023-10-16 14:04:37 - [MESSAGE][PASSED] - Verify element property value successfully

2023-10-16 14:04:37 - [TEST_STEP][PASSED] - verifyElementPropertyValue(getResponse, "offers[2].groups[0].pricingPlans[0].visualElements[13].key", "tag_text"): Verify element property value successfully

2023-10-16 14:04:37 - [MESSAGE][PASSED] - Verify element property value successfully

2023-10-16 14:04:37 - [TEST_STEP][PASSED] - verifyElementPropertyValue(getResponse, "offers[2].groups[0].pricingPlans[0].visualElements[13].value", "وفر 50%"): Verify element property value successfully

2023-10-16 14:04:37 - [MESSAGE][PASSED] - Verify element property value successfully

2023-10-16 14:04:37 - [TEST_STEP][PASSED] - verifyElementPropertyValue(getResponse, "offers[2].groups[0].pricingPlans[0].visualElements[12].key", "show_tag"): Verify element property value successfully

2023-10-16 14:04:37 - [MESSAGE][PASSED] - Verify element property value successfully

2023-10-16 14:04:37 - [TEST_STEP][PASSED] - verifyElementPropertyValue(getResponse, "offers[2].groups[0].pricingPlans[0].visualElements[12].value", "true"): Verify element property value successfully

2023-10-16 14:04:37 - [MESSAGE][PASSED] - Verify element property value successfully

2023-10-16 14:04:37 - [TEST_STEP][PASSED] - verifyElementPropertyValue(getResponse, "offers[2].groups[0].pricingPlans[0].pricingPlanData[0].productId", "ISR_B2C_SHAHID_VIP_1M"): Verify element property value successfully

2023-10-16 14:04:37 - [MESSAGE][PASSED] - Verify element property value successfully

2023-10-16 14:04:37 - [TEST_STEP][PASSED] - verifyElementPropertyValue(getResponse, "offers[2].groups[0].pricingPlans[0].pricingPlanData[0].paymentMethod", "CREDIT_CARD"): Verify element property value successfully

2023-10-16 14:04:37 - [MESSAGE][PASSED] - Verify element property value successfully

2023-10-16 14:04:37 - [TEST_STEP][PASSED] - verifyElementPropertyValue(getResponse, "offers[2].groups[0].pricingPlans[0].pricingPlanData[0].freeTrialEnabled", "false"): Verify element property value successfully

2023-10-16 14:04:37 - [MESSAGE][PASSED] - Verify element property value successfully

2023-10-16 14:04:37 - [TEST_STEP][PASSED] - verifyElementPropertyValue(getResponse, "offers[2].groups[0].pricingPlans[0].pricingPlanData[0].showIn[0]", "VERTICAL_MODE"): Verify element property value successfully

2023-10-16 14:04:37 - [MESSAGE][PASSED] - Verify element property value successfully

2023-10-16 14:04:37 - [TEST_STEP][PASSED] - verifyElementPropertyValue(getResponse, "offers[2].groups[0].pricingPlans[0].pricingPlanData[0].showIn[1]", "HORIZONTAL_MODE"): Verify element property value successfully

2023-10-16 14:04:37 - [MESSAGE][PASSED] - Verify element property value successfully

2023-10-16 14:04:37 - [TEST_STEP][PASSED] - verifyElementPropertyValue(getResponse, "offers[2].groups[0].pricingPlans[0].pricingPlanData[0].priceLabel", "11"): Verify element property value successfully

2023-10-16 14:04:37 - [MESSAGE][PASSED] - Verify element property value successfully

2023-10-16 14:04:37 - [TEST_STEP][PASSED] - verifyElementPropertyValue(getResponse, "offers[2].groups[0].pricingPlans[0].pricingPlanData[0].currencyLabel", "₪"): Verify element property value successfully

2023-10-16 14:04:37 - [MESSAGE][PASSED] - Verify element property value successfully

2023-10-16 14:04:37 - [TEST_STEP][PASSED] - verifyElementPropertyValue(getResponse, "offers[2].groups[0].pricingPlans[0].pricingPlanData[0].dealId", "RE_50P_ISR"): Verify element property value successfully

2023-10-16 14:04:37 - [MESSAGE][PASSED] - Verify element property value successfully

2023-10-16 14:04:37 - [TEST_STEP][PASSED] - verifyElementPropertyValue(getResponse, "offers[2].groups[0].pricingPlans[0].pricingPlanData[0].allowedForAcquisition", "true"): Verify element property value successfully

2023-10-16 14:04:37 - [MESSAGE][PASSED] - Verify element property value successfully

2023-10-16 14:04:37 - [TEST_STEP][PASSED] - verifyElementPropertyValue(getResponse, "offers[2].groups[0].pricingPlans[0].pricingPlanData[0].visualElements[0].key", "title"): Verify element property value successfully

2023-10-16 14:04:37 - [MESSAGE][PASSED] - Verify element property value successfully

2023-10-16 14:04:37 - [TEST_STEP][PASSED] - verifyElementPropertyValue(getResponse, "offers[2].groups[0].pricingPlans[0].pricingPlanData[0].visualElements[0].value", "البطاقة المصرفية"): Verify element property value successfully

2023-10-16 14:04:37 - [MESSAGE][PASSED] - Verify element property value successfully

2023-10-16 14:04:37 - [TEST_STEP][PASSED] - verifyElementPropertyValue(getResponse, "offers[2].groups[0].pricingPlans[0].pricingPlanData[0].visualElements[1].key", "CTA_text"): Verify element property value successfully

2023-10-16 14:04:37 - [MESSAGE][PASSED] - Verify element property value successfully

2023-10-16 14:04:37 - [TEST_STEP][PASSED] - verifyElementPropertyValue(getResponse, "offers[2].groups[0].pricingPlans[0].pricingPlanData[0].visualElements[1].value", "اشترك"): Verify element property value successfully

2023-10-16 14:04:37 - [MESSAGE][PASSED] - Verify element property value successfully

2023-10-16 14:04:37 - [TEST_STEP][PASSED] - verifyElementPropertyValue(getResponse, "offers[2].groups[0].pricingPlans[0].pricingPlanData[0].visualElements[2].key", "logo"): Verify element property value successfully

2023-10-16 14:04:37 - [MESSAGE][PASSED] - Verify element property value successfully

2023-10-16 14:04:37 - [TEST_STEP][PASSED] - verifyElementPropertyValue(getResponse, "offers[2].groups[0].pricingPlans[0].pricingPlanData[0].visualElements[2].value", "https://static.s3.shahid.mbc.net/widget-images/icons/iconCreditCard.png"): Verify element property value successfully

2023-10-16 14:04:37 - [MESSAGE][PASSED] - Verify element property value successfully

2023-10-16 14:04:37 - [TEST_STEP][PASSED] - verifyElementPropertyValue(getResponse, "offers[8].offerId", "byg-30-offer"): Verify element property value successfully

2023-10-16 14:04:37 - [MESSAGE][PASSED] - Verify element property value successfully

2023-10-16 14:04:37 - [TEST_STEP][PASSED] - verifyElementPropertyValue(getResponse, "offers[8].offerParam", "bygoffer30"): Verify element property value successfully

2023-10-16 14:04:37 - [MESSAGE][PASSED] - Verify element property value successfully

2023-10-16 14:04:37 - [TEST_STEP][PASSED] - verifyElementPropertyValue(getResponse, "offers[8].groups[0].pricingPlans[0].featured", "true"): Verify element property value successfully

2023-10-16 14:04:37 - [MESSAGE][PASSED] - Verify element property value successfully

2023-10-16 14:04:37 - [TEST_STEP][PASSED] - verifyElementPropertyValue(getResponse, "offers[8].groups[0].pricingPlans[0].period", "monthly"): Verify element property value successfully

2023-10-16 14:04:37 - [MESSAGE][PASSED] - Verify element property value successfully

2023-10-16 14:04:37 - [TEST_STEP][PASSED] - verifyElementPropertyValue(getResponse, "offers[8].groups[0].pricingPlans[0].featured", "true"): Verify element property value successfully

2023-10-16 14:04:37 - [MESSAGE][PASSED] - Verify element property value successfully

2023-10-16 14:04:37 - [TEST_STEP][PASSED] - verifyElementPropertyValue(getResponse, "offers[8].groups[0].pricingPlans[0].price", "15.5"): Verify element property value successfully

2023-10-16 14:04:37 - [MESSAGE][PASSED] - Verify element property value successfully

2023-10-16 14:04:37 - [TEST_STEP][PASSED] - verifyElementPropertyValue(getResponse, "offers[8].groups[0].pricingPlans[0].currency", "₪"): Verify element property value successfully

2023-10-16 14:04:37 - [MESSAGE][PASSED] - Verify element property value successfully

2023-10-16 14:04:37 - [TEST_STEP][PASSED] - verifyElementPropertyValue(getResponse, "offers[8].groups[0].pricingPlans[0].order", "0"): Verify element property value successfully

2023-10-16 14:04:37 - [MESSAGE][PASSED] - Verify element property value successfully

2023-10-16 14:04:37 - [TEST_STEP][PASSED] - verifyElementPropertyValue(getResponse, "offers[8].groups[0].pricingPlans[0].packageId", "SHAHID_VIP"): Verify element property value successfully

2023-10-16 14:04:37 - [MESSAGE][PASSED] - Verify element property value successfully

2023-10-16 14:04:37 - [TEST_STEP][PASSED] - verifyElementPropertyValue(getResponse, "offers[8].groups[0].pricingPlans[0].catalogId", "VIP"): Verify element property value successfully

2023-10-16 14:04:37 - [MESSAGE][PASSED] - Verify element property value successfully

2023-10-16 14:04:37 - [TEST_STEP][PASSED] - verifyElementPropertyValue(getResponse, "offers[8].groups[0].pricingPlans[0].visualElements[0].key", "Header_1_text"): Verify element property value successfully

2023-10-16 14:04:37 - [MESSAGE][PASSED] - Verify element property value successfully

2023-10-16 14:04:37 - [TEST_STEP][PASSED] - verifyElementPropertyValue(getResponse, "offers[8].groups[0].pricingPlans[0].visualElements[0].value", "شاهد أقوى المسلسلات و الأفلام حصرياً دون توقف"): Verify element property value successfully

2023-10-16 14:04:37 - [MESSAGE][PASSED] - Verify element property value successfully

2023-10-16 14:04:37 - [TEST_STEP][PASSED] - verifyElementPropertyValue(getResponse, "offers[8].groups[0].pricingPlans[0].visualElements[1].key", "display_title"): Verify element property value successfully

2023-10-16 14:04:37 - [MESSAGE][PASSED] - Verify element property value successfully

2023-10-16 14:04:37 - [TEST_STEP][PASSED] - verifyElementPropertyValue(getResponse, "offers[8].groups[0].pricingPlans[0].visualElements[1].value", "احصل على خصم 30%"): Verify element property value successfully

2023-10-16 14:04:37 - [MESSAGE][PASSED] - Verify element property value successfully

2023-10-16 14:04:37 - [TEST_STEP][PASSED] - verifyElementPropertyValue(getResponse, "offers[8].groups[0].pricingPlans[0].visualElements[3].key", "deduction_text"): Verify element property value successfully

2023-10-16 14:04:37 - [MESSAGE][PASSED] - Verify element property value successfully

2023-10-16 14:04:37 - [TEST_STEP][PASSED] - verifyElementPropertyValue(getResponse, "offers[8].groups[0].pricingPlans[0].visualElements[3].value", "تدفع شهرياً"): Verify element property value successfully

2023-10-16 14:04:37 - [MESSAGE][PASSED] - Verify element property value successfully

2023-10-16 14:04:37 - [TEST_STEP][PASSED] - verifyElementPropertyValue(getResponse, "offers[8].groups[0].pricingPlans[0].visualElements[6].key", "show_payment_logo"): Verify element property value successfully

2023-10-16 14:04:37 - [MESSAGE][PASSED] - Verify element property value successfully

2023-10-16 14:04:37 - [TEST_STEP][PASSED] - verifyElementPropertyValue(getResponse, "offers[8].groups[0].pricingPlans[0].visualElements[6].value", "true"): Verify element property value successfully

2023-10-16 14:04:37 - [MESSAGE][PASSED] - Verify element property value successfully

2023-10-16 14:04:37 - [TEST_STEP][PASSED] - verifyElementPropertyValue(getResponse, "offers[8].groups[0].pricingPlans[0].visualElements[8].key", "price"): Verify element property value successfully

2023-10-16 14:04:37 - [MESSAGE][PASSED] - Verify element property value successfully

2023-10-16 14:04:37 - [TEST_STEP][PASSED] - verifyElementPropertyValue(getResponse, "offers[8].groups[0].pricingPlans[0].visualElements[8].value", "15.5"): Verify element property value successfully

2023-10-16 14:04:37 - [MESSAGE][PASSED] - Verify element property value successfully

2023-10-16 14:04:37 - [TEST_STEP][PASSED] - verifyElementPropertyValue(getResponse, "offers[8].groups[0].pricingPlans[0].visualElements[9].key", "currency"): Verify element property value successfully

2023-10-16 14:04:37 - [MESSAGE][PASSED] - Verify element property value successfully

2023-10-16 14:04:37 - [TEST_STEP][PASSED] - verifyElementPropertyValue(getResponse, "offers[8].groups[0].pricingPlans[0].visualElements[9].value", "₪"): Verify element property value successfully

2023-10-16 14:04:37 - [MESSAGE][PASSED] - Verify element property value successfully

2023-10-16 14:04:37 - [TEST_STEP][PASSED] - verifyElementPropertyValue(getResponse, "offers[8].groups[0].pricingPlans[0].visualElements[10].key", "duration"): Verify element property value successfully

2023-10-16 14:04:37 - [MESSAGE][PASSED] - Verify element property value successfully

2023-10-16 14:04:37 - [TEST_STEP][PASSED] - verifyElementPropertyValue(getResponse, "offers[8].groups[0].pricingPlans[0].visualElements[10].value", "شهرياً"): Verify element property value successfully

2023-10-16 14:04:38 - [MESSAGE][PASSED] - Verify element property value successfully

2023-10-16 14:04:38 - [TEST_STEP][PASSED] - verifyElementPropertyValue(getResponse, "offers[8].groups[0].pricingPlans[0].visualElements[11].key", "featured_tag_text"): Verify element property value successfully

2023-10-16 14:04:38 - [MESSAGE][PASSED] - Verify element property value successfully

2023-10-16 14:04:38 - [TEST_STEP][PASSED] - verifyElementPropertyValue(getResponse, "offers[8].groups[0].pricingPlans[0].visualElements[11].value", "عرض لمدة محدودة"): Verify element property value successfully

2023-10-16 14:04:38 - [MESSAGE][PASSED] - Verify element property value successfully

2023-10-16 14:04:38 - [TEST_STEP][PASSED] - verifyElementPropertyValue(getResponse, "offers[8].groups[0].pricingPlans[0].visualElements[13].key", "tag_text"): Verify element property value successfully

2023-10-16 14:04:38 - [MESSAGE][PASSED] - Verify element property value successfully

2023-10-16 14:04:38 - [TEST_STEP][PASSED] - verifyElementPropertyValue(getResponse, "offers[8].groups[0].pricingPlans[0].visualElements[13].value", "وفر 30%"): Verify element property value successfully

2023-10-16 14:04:38 - [MESSAGE][PASSED] - Verify element property value successfully

2023-10-16 14:04:38 - [TEST_STEP][PASSED] - verifyElementPropertyValue(getResponse, "offers[8].groups[0].pricingPlans[0].visualElements[12].key", "show_tag"): Verify element property value successfully

2023-10-16 14:04:38 - [MESSAGE][PASSED] - Verify element property value successfully

2023-10-16 14:04:38 - [TEST_STEP][PASSED] - verifyElementPropertyValue(getResponse, "offers[8].groups[0].pricingPlans[0].visualElements[12].value", "true"): Verify element property value successfully

2023-10-16 14:04:38 - [MESSAGE][PASSED] - Verify element property value successfully

2023-10-16 14:04:38 - [TEST_STEP][PASSED] - verifyElementPropertyValue(getResponse, "offers[8].groups[0].pricingPlans[0].pricingPlanData[0].productId", "ISR_B2C_SHAHID_VIP_1M"): Verify element property value successfully

2023-10-16 14:04:38 - [MESSAGE][PASSED] - Verify element property value successfully

2023-10-16 14:04:38 - [TEST_STEP][PASSED] - verifyElementPropertyValue(getResponse, "offers[8].groups[0].pricingPlans[0].pricingPlanData[0].paymentMethod", "CREDIT_CARD"): Verify element property value successfully

2023-10-16 14:04:38 - [MESSAGE][PASSED] - Verify element property value successfully

2023-10-16 14:04:38 - [TEST_STEP][PASSED] - verifyElementPropertyValue(getResponse, "offers[8].groups[0].pricingPlans[0].pricingPlanData[0].freeTrialEnabled", "false"): Verify element property value successfully

2023-10-16 14:04:38 - [MESSAGE][PASSED] - Verify element property value successfully

2023-10-16 14:04:38 - [TEST_STEP][PASSED] - verifyElementPropertyValue(getResponse, "offers[8].groups[0].pricingPlans[0].pricingPlanData[0].showIn[0]", "VERTICAL_MODE"): Verify element property value successfully

2023-10-16 14:04:38 - [MESSAGE][PASSED] - Verify element property value successfully

2023-10-16 14:04:38 - [TEST_STEP][PASSED] - verifyElementPropertyValue(getResponse, "offers[8].groups[0].pricingPlans[0].pricingPlanData[0].showIn[1]", "HORIZONTAL_MODE"): Verify element property value successfully

2023-10-16 14:04:38 - [MESSAGE][PASSED] - Verify element property value successfully

2023-10-16 14:04:38 - [TEST_STEP][PASSED] - verifyElementPropertyValue(getResponse, "offers[8].groups[0].pricingPlans[0].pricingPlanData[0].priceLabel", "15.5"): Verify element property value successfully

2023-10-16 14:04:38 - [MESSAGE][PASSED] - Verify element property value successfully

2023-10-16 14:04:38 - [TEST_STEP][PASSED] - verifyElementPropertyValue(getResponse, "offers[8].groups[0].pricingPlans[0].pricingPlanData[0].currencyLabel", "₪"): Verify element property value successfully

2023-10-16 14:04:38 - [MESSAGE][PASSED] - Verify element property value successfully

2023-10-16 14:04:38 - [TEST_STEP][PASSED] - verifyElementPropertyValue(getResponse, "offers[8].groups[0].pricingPlans[0].pricingPlanData[0].dealId", "BYG_30P_ISR"): Verify element property value successfully

2023-10-16 14:04:38 - [MESSAGE][PASSED] - Verify element property value successfully

2023-10-16 14:04:38 - [TEST_STEP][PASSED] - verifyElementPropertyValue(getResponse, "offers[8].groups[0].pricingPlans[0].pricingPlanData[0].allowedForAcquisition", "true"): Verify element property value successfully

2023-10-16 14:04:38 - [MESSAGE][PASSED] - Verify element property value successfully

2023-10-16 14:04:38 - [TEST_STEP][PASSED] - verifyElementPropertyValue(getResponse, "offers[8].groups[0].pricingPlans[0].pricingPlanData[0].visualElements[0].key", "title"): Verify element property value successfully

2023-10-16 14:04:38 - [MESSAGE][PASSED] - Verify element property value successfully

2023-10-16 14:04:38 - [TEST_STEP][PASSED] - verifyElementPropertyValue(getResponse, "offers[8].groups[0].pricingPlans[0].pricingPlanData[0].visualElements[0].value", "البطاقة المصرفية"): Verify element property value successfully

2023-10-16 14:04:38 - [MESSAGE][PASSED] - Verify element property value successfully

2023-10-16 14:04:38 - [TEST_STEP][PASSED] - verifyElementPropertyValue(getResponse, "offers[8].groups[0].pricingPlans[0].pricingPlanData[0].visualElements[1].key", "CTA_text"): Verify element property value successfully

2023-10-16 14:04:38 - [MESSAGE][PASSED] - Verify element property value successfully

2023-10-16 14:04:38 - [TEST_STEP][PASSED] - verifyElementPropertyValue(getResponse, "offers[8].groups[0].pricingPlans[0].pricingPlanData[0].visualElements[1].value", "اشترك"): Verify element property value successfully

2023-10-16 14:04:38 - [MESSAGE][PASSED] - Verify element property value successfully

2023-10-16 14:04:38 - [TEST_STEP][PASSED] - verifyElementPropertyValue(getResponse, "offers[8].groups[0].pricingPlans[0].pricingPlanData[0].visualElements[2].key", "logo"): Verify element property value successfully

2023-10-16 14:04:38 - [MESSAGE][PASSED] - Verify element property value successfully

2023-10-16 14:04:38 - [TEST_STEP][PASSED] - verifyElementPropertyValue(getResponse, "offers[8].groups[0].pricingPlans[0].pricingPlanData[0].visualElements[2].value", "https://static.s3.shahid.mbc.net/widget-images/icons/iconCreditCard.png"): Verify element property value successfully

2023-10-16 14:04:38 - [MESSAGE][PASSED] - Verify element property value successfully

2023-10-16 14:04:38 - [TEST_STEP][PASSED] - verifyElementPropertyValue(getResponse, "offers[9].offerId", "byg-40-offer"): Verify element property value successfully

2023-10-16 14:04:38 - [MESSAGE][PASSED] - Verify element property value successfully

2023-10-16 14:04:38 - [TEST_STEP][PASSED] - verifyElementPropertyValue(getResponse, "offers[9].offerParam", "bygoffer40"): Verify element property value successfully

2023-10-16 14:04:38 - [MESSAGE][PASSED] - Verify element property value successfully

2023-10-16 14:04:38 - [TEST_STEP][PASSED] - verifyElementPropertyValue(getResponse, "offers[9].groups[0].pricingPlans[0].featured", "true"): Verify element property value successfully

2023-10-16 14:04:38 - [MESSAGE][PASSED] - Verify element property value successfully

2023-10-16 14:04:38 - [TEST_STEP][PASSED] - verifyElementPropertyValue(getResponse, "offers[9].groups[0].pricingPlans[0].period", "monthly"): Verify element property value successfully

2023-10-16 14:04:38 - [MESSAGE][PASSED] - Verify element property value successfully

2023-10-16 14:04:38 - [TEST_STEP][PASSED] - verifyElementPropertyValue(getResponse, "offers[9].groups[0].pricingPlans[0].featured", "true"): Verify element property value successfully

2023-10-16 14:04:38 - [MESSAGE][PASSED] - Verify element property value successfully

2023-10-16 14:04:38 - [TEST_STEP][PASSED] - verifyElementPropertyValue(getResponse, "offers[9].groups[0].pricingPlans[0].price", "13.5"): Verify element property value successfully

2023-10-16 14:04:38 - [MESSAGE][PASSED] - Verify element property value successfully

2023-10-16 14:04:38 - [TEST_STEP][PASSED] - verifyElementPropertyValue(getResponse, "offers[9].groups[0].pricingPlans[0].currency", "₪"): Verify element property value successfully

2023-10-16 14:04:38 - [MESSAGE][PASSED] - Verify element property value successfully

2023-10-16 14:04:38 - [TEST_STEP][PASSED] - verifyElementPropertyValue(getResponse, "offers[9].groups[0].pricingPlans[0].order", "0"): Verify element property value successfully

2023-10-16 14:04:38 - [MESSAGE][PASSED] - Verify element property value successfully

2023-10-16 14:04:38 - [TEST_STEP][PASSED] - verifyElementPropertyValue(getResponse, "offers[9].groups[0].pricingPlans[0].packageId", "SHAHID_VIP"): Verify element property value successfully

2023-10-16 14:04:38 - [MESSAGE][PASSED] - Verify element property value successfully

2023-10-16 14:04:38 - [TEST_STEP][PASSED] - verifyElementPropertyValue(getResponse, "offers[9].groups[0].pricingPlans[0].catalogId", "VIP"): Verify element property value successfully

2023-10-16 14:04:38 - [MESSAGE][PASSED] - Verify element property value successfully

2023-10-16 14:04:38 - [TEST_STEP][PASSED] - verifyElementPropertyValue(getResponse, "offers[9].groups[0].pricingPlans[0].visualElements[0].key", "Header_1_text"): Verify element property value successfully

2023-10-16 14:04:38 - [MESSAGE][PASSED] - Verify element property value successfully

2023-10-16 14:04:38 - [TEST_STEP][PASSED] - verifyElementPropertyValue(getResponse, "offers[9].groups[0].pricingPlans[0].visualElements[0].value", "شاهد أقوى المسلسلات و الأفلام حصرياً دون توقف"): Verify element property value successfully

2023-10-16 14:04:38 - [MESSAGE][PASSED] - Verify element property value successfully

2023-10-16 14:04:38 - [TEST_STEP][PASSED] - verifyElementPropertyValue(getResponse, "offers[9].groups[0].pricingPlans[0].visualElements[1].key", "display_title"): Verify element property value successfully

2023-10-16 14:04:38 - [MESSAGE][PASSED] - Verify element property value successfully

2023-10-16 14:04:38 - [TEST_STEP][PASSED] - verifyElementPropertyValue(getResponse, "offers[9].groups[0].pricingPlans[0].visualElements[1].value", "احصل على خصم 40%"): Verify element property value successfully

2023-10-16 14:04:38 - [MESSAGE][PASSED] - Verify element property value successfully

2023-10-16 14:04:38 - [TEST_STEP][PASSED] - verifyElementPropertyValue(getResponse, "offers[9].groups[0].pricingPlans[0].visualElements[3].key", "deduction_text"): Verify element property value successfully

2023-10-16 14:04:38 - [MESSAGE][PASSED] - Verify element property value successfully

2023-10-16 14:04:38 - [TEST_STEP][PASSED] - verifyElementPropertyValue(getResponse, "offers[9].groups[0].pricingPlans[0].visualElements[3].value", "تدفع شهرياً"): Verify element property value successfully

2023-10-16 14:04:38 - [MESSAGE][PASSED] - Verify element property value successfully

2023-10-16 14:04:38 - [TEST_STEP][PASSED] - verifyElementPropertyValue(getResponse, "offers[9].groups[0].pricingPlans[0].visualElements[6].key", "show_payment_logo"): Verify element property value successfully

2023-10-16 14:04:38 - [MESSAGE][PASSED] - Verify element property value successfully

2023-10-16 14:04:38 - [TEST_STEP][PASSED] - verifyElementPropertyValue(getResponse, "offers[9].groups[0].pricingPlans[0].visualElements[6].value", "true"): Verify element property value successfully

2023-10-16 14:04:38 - [MESSAGE][PASSED] - Verify element property value successfully

2023-10-16 14:04:38 - [TEST_STEP][PASSED] - verifyElementPropertyValue(getResponse, "offers[9].groups[0].pricingPlans[0].visualElements[8].key", "price"): Verify element property value successfully

2023-10-16 14:04:38 - [MESSAGE][PASSED] - Verify element property value successfully

2023-10-16 14:04:38 - [TEST_STEP][PASSED] - verifyElementPropertyValue(getResponse, "offers[9].groups[0].pricingPlans[0].visualElements[8].value", "13.5"): Verify element property value successfully

2023-10-16 14:04:38 - [MESSAGE][PASSED] - Verify element property value successfully

2023-10-16 14:04:38 - [TEST_STEP][PASSED] - verifyElementPropertyValue(getResponse, "offers[9].groups[0].pricingPlans[0].visualElements[9].key", "currency"): Verify element property value successfully

2023-10-16 14:04:38 - [MESSAGE][PASSED] - Verify element property value successfully

2023-10-16 14:04:38 - [TEST_STEP][PASSED] - verifyElementPropertyValue(getResponse, "offers[9].groups[0].pricingPlans[0].visualElements[9].value", "₪"): Verify element property value successfully

2023-10-16 14:04:38 - [MESSAGE][PASSED] - Verify element property value successfully

2023-10-16 14:04:38 - [TEST_STEP][PASSED] - verifyElementPropertyValue(getResponse, "offers[9].groups[0].pricingPlans[0].visualElements[10].key", "duration"): Verify element property value successfully

2023-10-16 14:04:38 - [MESSAGE][PASSED] - Verify element property value successfully

2023-10-16 14:04:38 - [TEST_STEP][PASSED] - verifyElementPropertyValue(getResponse, "offers[9].groups[0].pricingPlans[0].visualElements[10].value", "شهرياً"): Verify element property value successfully

2023-10-16 14:04:38 - [MESSAGE][PASSED] - Verify element property value successfully

2023-10-16 14:04:38 - [TEST_STEP][PASSED] - verifyElementPropertyValue(getResponse, "offers[9].groups[0].pricingPlans[0].visualElements[11].key", "featured_tag_text"): Verify element property value successfully

2023-10-16 14:04:38 - [MESSAGE][PASSED] - Verify element property value successfully

2023-10-16 14:04:38 - [TEST_STEP][PASSED] - verifyElementPropertyValue(getResponse, "offers[9].groups[0].pricingPlans[0].visualElements[11].value", "عرض لمدة محدودة"): Verify element property value successfully

2023-10-16 14:04:38 - [MESSAGE][PASSED] - Verify element property value successfully

2023-10-16 14:04:38 - [TEST_STEP][PASSED] - verifyElementPropertyValue(getResponse, "offers[9].groups[0].pricingPlans[0].visualElements[13].key", "tag_text"): Verify element property value successfully

2023-10-16 14:04:38 - [MESSAGE][PASSED] - Verify element property value successfully

2023-10-16 14:04:38 - [TEST_STEP][PASSED] - verifyElementPropertyValue(getResponse, "offers[9].groups[0].pricingPlans[0].visualElements[13].value", "وفر 40%"): Verify element property value successfully

2023-10-16 14:04:38 - [MESSAGE][PASSED] - Verify element property value successfully

2023-10-16 14:04:38 - [TEST_STEP][PASSED] - verifyElementPropertyValue(getResponse, "offers[9].groups[0].pricingPlans[0].visualElements[12].key", "show_tag"): Verify element property value successfully

2023-10-16 14:04:38 - [MESSAGE][PASSED] - Verify element property value successfully

2023-10-16 14:04:38 - [TEST_STEP][PASSED] - verifyElementPropertyValue(getResponse, "offers[9].groups[0].pricingPlans[0].visualElements[12].value", "true"): Verify element property value successfully

2023-10-16 14:04:38 - [MESSAGE][PASSED] - Verify element property value successfully

2023-10-16 14:04:38 - [TEST_STEP][PASSED] - verifyElementPropertyValue(getResponse, "offers[9].groups[0].pricingPlans[0].pricingPlanData[0].productId", "ISR_B2C_SHAHID_VIP_1M"): Verify element property value successfully

2023-10-16 14:04:38 - [MESSAGE][PASSED] - Verify element property value successfully

2023-10-16 14:04:38 - [TEST_STEP][PASSED] - verifyElementPropertyValue(getResponse, "offers[9].groups[0].pricingPlans[0].pricingPlanData[0].paymentMethod", "CREDIT_CARD"): Verify element property value successfully

2023-10-16 14:04:38 - [MESSAGE][PASSED] - Verify element property value successfully

2023-10-16 14:04:38 - [TEST_STEP][PASSED] - verifyElementPropertyValue(getResponse, "offers[9].groups[0].pricingPlans[0].pricingPlanData[0].freeTrialEnabled", "false"): Verify element property value successfully

2023-10-16 14:04:38 - [MESSAGE][PASSED] - Verify element property value successfully

2023-10-16 14:04:38 - [TEST_STEP][PASSED] - verifyElementPropertyValue(getResponse, "offers[9].groups[0].pricingPlans[0].pricingPlanData[0].showIn[0]", "VERTICAL_MODE"): Verify element property value successfully

2023-10-16 14:04:38 - [MESSAGE][PASSED] - Verify element property value successfully

2023-10-16 14:04:38 - [TEST_STEP][PASSED] - verifyElementPropertyValue(getResponse, "offers[9].groups[0].pricingPlans[0].pricingPlanData[0].showIn[1]", "HORIZONTAL_MODE"): Verify element property value successfully

2023-10-16 14:04:38 - [MESSAGE][PASSED] - Verify element property value successfully

2023-10-16 14:04:38 - [TEST_STEP][PASSED] - verifyElementPropertyValue(getResponse, "offers[9].groups[0].pricingPlans[0].pricingPlanData[0].priceLabel", "13.5"): Verify element property value successfully

2023-10-16 14:04:38 - [MESSAGE][PASSED] - Verify element property value successfully

2023-10-16 14:04:38 - [TEST_STEP][PASSED] - verifyElementPropertyValue(getResponse, "offers[9].groups[0].pricingPlans[0].pricingPlanData[0].currencyLabel", "₪"): Verify element property value successfully

2023-10-16 14:04:38 - [MESSAGE][PASSED] - Verify element property value successfully

2023-10-16 14:04:38 - [TEST_STEP][PASSED] - verifyElementPropertyValue(getResponse, "offers[9].groups[0].pricingPlans[0].pricingPlanData[0].dealId", "BYG_40P_ISR"): Verify element property value successfully

2023-10-16 14:04:38 - [MESSAGE][PASSED] - Verify element property value successfully

2023-10-16 14:04:38 - [TEST_STEP][PASSED] - verifyElementPropertyValue(getResponse, "offers[9].groups[0].pricingPlans[0].pricingPlanData[0].allowedForAcquisition", "true"): Verify element property value successfully

2023-10-16 14:04:38 - [MESSAGE][PASSED] - Verify element property value successfully

2023-10-16 14:04:38 - [TEST_STEP][PASSED] - verifyElementPropertyValue(getResponse, "offers[9].groups[0].pricingPlans[0].pricingPlanData[0].visualElements[0].key", "title"): Verify element property value successfully

2023-10-16 14:04:38 - [MESSAGE][PASSED] - Verify element property value successfully

2023-10-16 14:04:38 - [TEST_STEP][PASSED] - verifyElementPropertyValue(getResponse, "offers[9].groups[0].pricingPlans[0].pricingPlanData[0].visualElements[0].value", "البطاقة المصرفية"): Verify element property value successfully

2023-10-16 14:04:38 - [MESSAGE][PASSED] - Verify element property value successfully

2023-10-16 14:04:38 - [TEST_STEP][PASSED] - verifyElementPropertyValue(getResponse, "offers[9].groups[0].pricingPlans[0].pricingPlanData[0].visualElements[1].key", "CTA_text"): Verify element property value successfully

2023-10-16 14:04:38 - [MESSAGE][PASSED] - Verify element property value successfully

2023-10-16 14:04:38 - [TEST_STEP][PASSED] - verifyElementPropertyValue(getResponse, "offers[9].groups[0].pricingPlans[0].pricingPlanData[0].visualElements[1].value", "اشترك"): Verify element property value successfully

2023-10-16 14:04:38 - [MESSAGE][PASSED] - Verify element property value successfully

2023-10-16 14:04:38 - [TEST_STEP][PASSED] - verifyElementPropertyValue(getResponse, "offers[9].groups[0].pricingPlans[0].pricingPlanData[0].visualElements[2].key", "logo"): Verify element property value successfully

2023-10-16 14:04:38 - [MESSAGE][PASSED] - Verify element property value successfully

2023-10-16 14:04:38 - [TEST_STEP][PASSED] - verifyElementPropertyValue(getResponse, "offers[9].groups[0].pricingPlans[0].pricingPlanData[0].visualElements[2].value", "https://static.s3.shahid.mbc.net/widget-images/icons/iconCreditCard.png"): Verify element property value successfully

2023-10-16 14:04:38 - [MESSAGE][PASSED] - Verify element property value successfully

2023-10-16 14:04:38 - [TEST_STEP][PASSED] - verifyElementPropertyValue(getResponse, "offers[10].offerId", "byg-50-offer"): Verify element property value successfully

2023-10-16 14:04:38 - [MESSAGE][PASSED] - Verify element property value successfully

2023-10-16 14:04:38 - [TEST_STEP][PASSED] - verifyElementPropertyValue(getResponse, "offers[10].offerParam", "bygoffer50"): Verify element property value successfully

2023-10-16 14:04:38 - [MESSAGE][PASSED] - Verify element property value successfully

2023-10-16 14:04:38 - [TEST_STEP][PASSED] - verifyElementPropertyValue(getResponse, "offers[10].groups[0].pricingPlans[0].featured", "true"): Verify element property value successfully

2023-10-16 14:04:38 - [MESSAGE][PASSED] - Verify element property value successfully

2023-10-16 14:04:38 - [TEST_STEP][PASSED] - verifyElementPropertyValue(getResponse, "offers[10].groups[0].pricingPlans[0].period", "monthly"): Verify element property value successfully

2023-10-16 14:04:38 - [MESSAGE][PASSED] - Verify element property value successfully

2023-10-16 14:04:38 - [TEST_STEP][PASSED] - verifyElementPropertyValue(getResponse, "offers[10].groups[0].pricingPlans[0].featured", "true"): Verify element property value successfully

2023-10-16 14:04:38 - [MESSAGE][PASSED] - Verify element property value successfully

2023-10-16 14:04:38 - [TEST_STEP][PASSED] - verifyElementPropertyValue(getResponse, "offers[10].groups[0].pricingPlans[0].price", "11.0"): Verify element property value successfully

2023-10-16 14:04:38 - [MESSAGE][PASSED] - Verify element property value successfully

2023-10-16 14:04:38 - [TEST_STEP][PASSED] - verifyElementPropertyValue(getResponse, "offers[10].groups[0].pricingPlans[0].currency", "₪"): Verify element property value successfully

2023-10-16 14:04:38 - [MESSAGE][PASSED] - Verify element property value successfully

2023-10-16 14:04:38 - [TEST_STEP][PASSED] - verifyElementPropertyValue(getResponse, "offers[10].groups[0].pricingPlans[0].order", "0"): Verify element property value successfully

2023-10-16 14:04:38 - [MESSAGE][PASSED] - Verify element property value successfully

2023-10-16 14:04:38 - [TEST_STEP][PASSED] - verifyElementPropertyValue(getResponse, "offers[10].groups[0].pricingPlans[0].packageId", "SHAHID_VIP"): Verify element property value successfully

2023-10-16 14:04:38 - [MESSAGE][PASSED] - Verify element property value successfully

2023-10-16 14:04:38 - [TEST_STEP][PASSED] - verifyElementPropertyValue(getResponse, "offers[10].groups[0].pricingPlans[0].catalogId", "VIP"): Verify element property value successfully

2023-10-16 14:04:38 - [MESSAGE][PASSED] - Verify element property value successfully

2023-10-16 14:04:38 - [TEST_STEP][PASSED] - verifyElementPropertyValue(getResponse, "offers[10].groups[0].pricingPlans[0].visualElements[0].key", "Header_1_text"): Verify element property value successfully

2023-10-16 14:04:38 - [MESSAGE][PASSED] - Verify element property value successfully

2023-10-16 14:04:38 - [TEST_STEP][PASSED] - verifyElementPropertyValue(getResponse, "offers[10].groups[0].pricingPlans[0].visualElements[0].value", "شاهد أقوى المسلسلات و الأفلام حصرياً دون توقف"): Verify element property value successfully

2023-10-16 14:04:38 - [MESSAGE][PASSED] - Verify element property value successfully

2023-10-16 14:04:38 - [TEST_STEP][PASSED] - verifyElementPropertyValue(getResponse, "offers[10].groups[0].pricingPlans[0].visualElements[1].key", "display_title"): Verify element property value successfully

2023-10-16 14:04:38 - [MESSAGE][PASSED] - Verify element property value successfully

2023-10-16 14:04:38 - [TEST_STEP][PASSED] - verifyElementPropertyValue(getResponse, "offers[10].groups[0].pricingPlans[0].visualElements[1].value", "احصل على خصم 50%"): Verify element property value successfully

2023-10-16 14:04:38 - [MESSAGE][PASSED] - Verify element property value successfully

2023-10-16 14:04:38 - [TEST_STEP][PASSED] - verifyElementPropertyValue(getResponse, "offers[10].groups[0].pricingPlans[0].visualElements[3].key", "deduction_text"): Verify element property value successfully

2023-10-16 14:04:38 - [MESSAGE][PASSED] - Verify element property value successfully

2023-10-16 14:04:38 - [TEST_STEP][PASSED] - verifyElementPropertyValue(getResponse, "offers[10].groups[0].pricingPlans[0].visualElements[3].value", "تدفع شهرياً"): Verify element property value successfully

2023-10-16 14:04:38 - [MESSAGE][PASSED] - Verify element property value successfully

2023-10-16 14:04:38 - [TEST_STEP][PASSED] - verifyElementPropertyValue(getResponse, "offers[10].groups[0].pricingPlans[0].visualElements[6].key", "show_payment_logo"): Verify element property value successfully

2023-10-16 14:04:38 - [MESSAGE][PASSED] - Verify element property value successfully

2023-10-16 14:04:38 - [TEST_STEP][PASSED] - verifyElementPropertyValue(getResponse, "offers[10].groups[0].pricingPlans[0].visualElements[6].value", "true"): Verify element property value successfully

2023-10-16 14:04:38 - [MESSAGE][PASSED] - Verify element property value successfully

2023-10-16 14:04:38 - [TEST_STEP][PASSED] - verifyElementPropertyValue(getResponse, "offers[10].groups[0].pricingPlans[0].visualElements[8].key", "price"): Verify element property value successfully

2023-10-16 14:04:38 - [MESSAGE][PASSED] - Verify element property value successfully

2023-10-16 14:04:38 - [TEST_STEP][PASSED] - verifyElementPropertyValue(getResponse, "offers[10].groups[0].pricingPlans[0].visualElements[8].value", "11"): Verify element property value successfully

2023-10-16 14:04:38 - [MESSAGE][PASSED] - Verify element property value successfully

2023-10-16 14:04:38 - [TEST_STEP][PASSED] - verifyElementPropertyValue(getResponse, "offers[10].groups[0].pricingPlans[0].visualElements[9].key", "currency"): Verify element property value successfully

2023-10-16 14:04:38 - [MESSAGE][PASSED] - Verify element property value successfully

2023-10-16 14:04:38 - [TEST_STEP][PASSED] - verifyElementPropertyValue(getResponse, "offers[10].groups[0].pricingPlans[0].visualElements[9].value", "₪"): Verify element property value successfully

2023-10-16 14:04:38 - [MESSAGE][PASSED] - Verify element property value successfully

2023-10-16 14:04:38 - [TEST_STEP][PASSED] - verifyElementPropertyValue(getResponse, "offers[10].groups[0].pricingPlans[0].visualElements[10].key", "duration"): Verify element property value successfully

2023-10-16 14:04:38 - [MESSAGE][PASSED] - Verify element property value successfully

2023-10-16 14:04:38 - [TEST_STEP][PASSED] - verifyElementPropertyValue(getResponse, "offers[10].groups[0].pricingPlans[0].visualElements[10].value", "شهرياً"): Verify element property value successfully

2023-10-16 14:04:38 - [MESSAGE][PASSED] - Verify element property value successfully

2023-10-16 14:04:38 - [TEST_STEP][PASSED] - verifyElementPropertyValue(getResponse, "offers[10].groups[0].pricingPlans[0].visualElements[11].key", "featured_tag_text"): Verify element property value successfully

2023-10-16 14:04:38 - [MESSAGE][PASSED] - Verify element property value successfully

2023-10-16 14:04:38 - [TEST_STEP][PASSED] - verifyElementPropertyValue(getResponse, "offers[10].groups[0].pricingPlans[0].visualElements[11].value", "عرض لمدة محدودة"): Verify element property value successfully

2023-10-16 14:04:38 - [MESSAGE][PASSED] - Verify element property value successfully

2023-10-16 14:04:38 - [TEST_STEP][PASSED] - verifyElementPropertyValue(getResponse, "offers[10].groups[0].pricingPlans[0].visualElements[13].key", "tag_text"): Verify element property value successfully

2023-10-16 14:04:38 - [MESSAGE][PASSED] - Verify element property value successfully

2023-10-16 14:04:38 - [TEST_STEP][PASSED] - verifyElementPropertyValue(getResponse, "offers[10].groups[0].pricingPlans[0].visualElements[13].value", "وفر 50%"): Verify element property value successfully

2023-10-16 14:04:38 - [MESSAGE][PASSED] - Verify element property value successfully

2023-10-16 14:04:38 - [TEST_STEP][PASSED] - verifyElementPropertyValue(getResponse, "offers[10].groups[0].pricingPlans[0].visualElements[12].key", "show_tag"): Verify element property value successfully

2023-10-16 14:04:38 - [MESSAGE][PASSED] - Verify element property value successfully

2023-10-16 14:04:38 - [TEST_STEP][PASSED] - verifyElementPropertyValue(getResponse, "offers[10].groups[0].pricingPlans[0].visualElements[12].value", "true"): Verify element property value successfully

2023-10-16 14:04:38 - [MESSAGE][PASSED] - Verify element property value successfully

2023-10-16 14:04:38 - [TEST_STEP][PASSED] - verifyElementPropertyValue(getResponse, "offers[10].groups[0].pricingPlans[0].pricingPlanData[0].productId", "ISR_B2C_SHAHID_VIP_1M"): Verify element property value successfully

2023-10-16 14:04:38 - [MESSAGE][PASSED] - Verify element property value successfully

2023-10-16 14:04:38 - [TEST_STEP][PASSED] - verifyElementPropertyValue(getResponse, "offers[10].groups[0].pricingPlans[0].pricingPlanData[0].paymentMethod", "CREDIT_CARD"): Verify element property value successfully

2023-10-16 14:04:38 - [MESSAGE][PASSED] - Verify element property value successfully

2023-10-16 14:04:38 - [TEST_STEP][PASSED] - verifyElementPropertyValue(getResponse, "offers[10].groups[0].pricingPlans[0].pricingPlanData[0].freeTrialEnabled", "false"): Verify element property value successfully

2023-10-16 14:04:38 - [MESSAGE][PASSED] - Verify element property value successfully

2023-10-16 14:04:38 - [TEST_STEP][PASSED] - verifyElementPropertyValue(getResponse, "offers[10].groups[0].pricingPlans[0].pricingPlanData[0].showIn[0]", "VERTICAL_MODE"): Verify element property value successfully

2023-10-16 14:04:38 - [MESSAGE][PASSED] - Verify element property value successfully

2023-10-16 14:04:38 - [TEST_STEP][PASSED] - verifyElementPropertyValue(getResponse, "offers[10].groups[0].pricingPlans[0].pricingPlanData[0].showIn[1]", "HORIZONTAL_MODE"): Verify element property value successfully

2023-10-16 14:04:38 - [MESSAGE][PASSED] - Verify element property value successfully

2023-10-16 14:04:38 - [TEST_STEP][PASSED] - verifyElementPropertyValue(getResponse, "offers[10].groups[0].pricingPlans[0].pricingPlanData[0].priceLabel", "11"): Verify element property value successfully

2023-10-16 14:04:38 - [MESSAGE][PASSED] - Verify element property value successfully

2023-10-16 14:04:38 - [TEST_STEP][PASSED] - verifyElementPropertyValue(getResponse, "offers[10].groups[0].pricingPlans[0].pricingPlanData[0].currencyLabel", "₪"): Verify element property value successfully

2023-10-16 14:04:38 - [MESSAGE][PASSED] - Verify element property value successfully

2023-10-16 14:04:38 - [TEST_STEP][PASSED] - verifyElementPropertyValue(getResponse, "offers[10].groups[0].pricingPlans[0].pricingPlanData[0].dealId", "BYG_50P_ISR"): Verify element property value successfully

2023-10-16 14:04:38 - [MESSAGE][PASSED] - Verify element property value successfully

2023-10-16 14:04:38 - [TEST_STEP][PASSED] - verifyElementPropertyValue(getResponse, "offers[10].groups[0].pricingPlans[0].pricingPlanData[0].allowedForAcquisition", "true"): Verify element property value successfully

2023-10-16 14:04:38 - [MESSAGE][PASSED] - Verify element property value successfully

2023-10-16 14:04:38 - [TEST_STEP][PASSED] - verifyElementPropertyValue(getResponse, "offers[10].groups[0].pricingPlans[0].pricingPlanData[0].visualElements[0].key", "title"): Verify element property value successfully

2023-10-16 14:04:38 - [MESSAGE][PASSED] - Verify element property value successfully

2023-10-16 14:04:38 - [TEST_STEP][PASSED] - verifyElementPropertyValue(getResponse, "offers[10].groups[0].pricingPlans[0].pricingPlanData[0].visualElements[0].value", "البطاقة المصرفية"): Verify element property value successfully

2023-10-16 14:04:38 - [MESSAGE][PASSED] - Verify element property value successfully

2023-10-16 14:04:38 - [TEST_STEP][PASSED] - verifyElementPropertyValue(getResponse, "offers[10].groups[0].pricingPlans[0].pricingPlanData[0].visualElements[1].key", "CTA_text"): Verify element property value successfully

2023-10-16 14:04:38 - [MESSAGE][PASSED] - Verify element property value successfully

2023-10-16 14:04:38 - [TEST_STEP][PASSED] - verifyElementPropertyValue(getResponse, "offers[10].groups[0].pricingPlans[0].pricingPlanData[0].visualElements[1].value", "اشترك"): Verify element property value successfully

2023-10-16 14:04:38 - [MESSAGE][PASSED] - Verify element property value successfully

2023-10-16 14:04:38 - [TEST_STEP][PASSED] - verifyElementPropertyValue(getResponse, "offers[10].groups[0].pricingPlans[0].pricingPlanData[0].visualElements[2].key", "logo"): Verify element property value successfully

2023-10-16 14:04:38 - [MESSAGE][PASSED] - Verify element property value successfully

2023-10-16 14:04:38 - [TEST_STEP][PASSED] - verifyElementPropertyValue(getResponse, "offers[10].groups[0].pricingPlans[0].pricingPlanData[0].visualElements[2].value", "https://static.s3.shahid.mbc.net/widget-images/icons/iconCreditCard.png"): Verify element property value successfully

2023-10-16 14:04:38 - [MESSAGE][PASSED] - Verify element property value successfully]]></system-out>
         <system-err><![CDATA[]]></system-err>
      </testcase>
      <testcase name="Test Cases/WEB - CHROME/ISR PI/WEB_EN_getOffersForISR_SPORT" time="20.626" classname="Test Cases/WEB - CHROME/ISR PI/WEB_EN_getOffersForISR_SPORT" status="FAILED">
         <failure type="FAILED" message="Test Cases/WEB - CHROME/ISR PI/WEB_EN_getOffersForISR_SPORT FAILED.
Reason:
com.kms.katalon.core.exception.StepFailedException: Expected element property value '30% Discount Offer' is not equal with actual property value '30% Discount Offer​'
	at com.kms.katalon.core.keyword.internal.KeywordMain.stepFailed(KeywordMain.groovy:39)
	at com.kms.katalon.core.webservice.keyword.builtin.VerifyElementPropertyValueKeyword$_verifyElementPropertyValue_closure1.doCall(VerifyElementPropertyValueKeyword.groovy:56)
	at com.kms.katalon.core.webservice.keyword.builtin.VerifyElementPropertyValueKeyword$_verifyElementPropertyValue_closure1.call(VerifyElementPropertyValueKeyword.groovy)
	at com.kms.katalon.core.keyword.internal.KeywordMain.runKeyword(KeywordMain.groovy:75)
	at com.kms.katalon.core.webservice.keyword.builtin.VerifyElementPropertyValueKeyword.verifyElementPropertyValue(VerifyElementPropertyValueKeyword.groovy:48)
	at com.kms.katalon.core.webservice.keyword.builtin.VerifyElementPropertyValueKeyword.execute(VerifyElementPropertyValueKeyword.groovy:43)
	at com.kms.katalon.core.keyword.internal.KeywordExecutor.executeKeywordForPlatform(KeywordExecutor.groovy:74)
	at com.kms.katalon.core.webservice.keyword.WSBuiltInKeywords.verifyElementPropertyValue(WSBuiltInKeywords.groovy:190)
	at com.kms.katalon.core.webservice.keyword.WSBuiltInKeywords$verifyElementPropertyValue$1.call(Unknown Source)
	at WEB_EN_getOffersForISR_SPORT.run(WEB_EN_getOffersForISR_SPORT:46)
	at com.kms.katalon.core.main.ScriptEngine.run(ScriptEngine.java:194)
	at com.kms.katalon.core.main.ScriptEngine.runScriptAsRawText(ScriptEngine.java:119)
	at com.kms.katalon.core.main.TestCaseExecutor.runScript(TestCaseExecutor.java:448)
	at com.kms.katalon.core.main.TestCaseExecutor.doExecute(TestCaseExecutor.java:439)
	at com.kms.katalon.core.main.TestCaseExecutor.processExecutionPhase(TestCaseExecutor.java:418)
	at com.kms.katalon.core.main.TestCaseExecutor.accessMainPhase(TestCaseExecutor.java:410)
	at com.kms.katalon.core.main.TestCaseExecutor.execute(TestCaseExecutor.java:285)
	at com.kms.katalon.core.common.CommonExecutor.accessTestCaseMainPhase(CommonExecutor.java:65)
	at com.kms.katalon.core.main.TestSuiteExecutor.accessTestSuiteMainPhase(TestSuiteExecutor.java:148)
	at com.kms.katalon.core.main.TestSuiteExecutor.execute(TestSuiteExecutor.java:106)
	at com.kms.katalon.core.main.TestCaseMain.startTestSuite(TestCaseMain.java:187)
	at com.kms.katalon.core.main.TestCaseMain$startTestSuite$0.call(Unknown Source)
	at TempTestSuite1697454191890.run(TempTestSuite1697454191890.groovy:36)
"/>
         <system-out><![CDATA[2023-10-16 14:04:38 - [TEST_CASE][FAILED] - Test Cases/WEB - CHROME/ISR PI/WEB_EN_getOffersForISR_SPORT: Test Cases/WEB - CHROME/ISR PI/WEB_EN_getOffersForISR_SPORT FAILED.
Reason:
com.kms.katalon.core.exception.StepFailedException: Expected element property value '30% Discount Offer' is not equal with actual property value '30% Discount Offer​'
	at com.kms.katalon.core.keyword.internal.KeywordMain.stepFailed(KeywordMain.groovy:39)
	at com.kms.katalon.core.webservice.keyword.builtin.VerifyElementPropertyValueKeyword$_verifyElementPropertyValue_closure1.doCall(VerifyElementPropertyValueKeyword.groovy:56)
	at com.kms.katalon.core.webservice.keyword.builtin.VerifyElementPropertyValueKeyword$_verifyElementPropertyValue_closure1.call(VerifyElementPropertyValueKeyword.groovy)
	at com.kms.katalon.core.keyword.internal.KeywordMain.runKeyword(KeywordMain.groovy:75)
	at com.kms.katalon.core.webservice.keyword.builtin.VerifyElementPropertyValueKeyword.verifyElementPropertyValue(VerifyElementPropertyValueKeyword.groovy:48)
	at com.kms.katalon.core.webservice.keyword.builtin.VerifyElementPropertyValueKeyword.execute(VerifyElementPropertyValueKeyword.groovy:43)
	at com.kms.katalon.core.keyword.internal.KeywordExecutor.executeKeywordForPlatform(KeywordExecutor.groovy:74)
	at com.kms.katalon.core.webservice.keyword.WSBuiltInKeywords.verifyElementPropertyValue(WSBuiltInKeywords.groovy:190)
	at com.kms.katalon.core.webservice.keyword.WSBuiltInKeywords$verifyElementPropertyValue$1.call(Unknown Source)
	at WEB_EN_getOffersForISR_SPORT.run(WEB_EN_getOffersForISR_SPORT:46)
	at com.kms.katalon.core.main.ScriptEngine.run(ScriptEngine.java:194)
	at com.kms.katalon.core.main.ScriptEngine.runScriptAsRawText(ScriptEngine.java:119)
	at com.kms.katalon.core.main.TestCaseExecutor.runScript(TestCaseExecutor.java:448)
	at com.kms.katalon.core.main.TestCaseExecutor.doExecute(TestCaseExecutor.java:439)
	at com.kms.katalon.core.main.TestCaseExecutor.processExecutionPhase(TestCaseExecutor.java:418)
	at com.kms.katalon.core.main.TestCaseExecutor.accessMainPhase(TestCaseExecutor.java:410)
	at com.kms.katalon.core.main.TestCaseExecutor.execute(TestCaseExecutor.java:285)
	at com.kms.katalon.core.common.CommonExecutor.accessTestCaseMainPhase(CommonExecutor.java:65)
	at com.kms.katalon.core.main.TestSuiteExecutor.accessTestSuiteMainPhase(TestSuiteExecutor.java:148)
	at com.kms.katalon.core.main.TestSuiteExecutor.execute(TestSuiteExecutor.java:106)
	at com.kms.katalon.core.main.TestCaseMain.startTestSuite(TestCaseMain.java:187)
	at com.kms.katalon.core.main.TestCaseMain$startTestSuite$0.call(Unknown Source)
	at TempTestSuite1697454191890.run(TempTestSuite1697454191890.groovy:36)


2023-10-16 14:04:39 - [TEST_STEP][PASSED] - getResponse = config_files.getConfigFile.getConfig("WEB", "EN", "SHAHID_VIP_SPORT", "IL", "false"): config_files.getConfigFile.getConfig is PASSED

2023-10-16 14:04:39 - [MESSAGE][INFO] - HAR: /Users/admin/git/shahid-configuration/Reports/20231016_140310/WEB/ISR/20231016_140311/requests/main/6.har

2023-10-16 14:04:39 - [MESSAGE][PASSED] - Send request successfully

2023-10-16 14:04:39 - [MESSAGE][PASSED] - config_files.getConfigFile.getConfig is PASSED

2023-10-16 14:04:39 - [TEST_STEP][PASSED] - verifyResponseStatusCode(getResponse, 200): Verify response status code successfully

2023-10-16 14:04:39 - [MESSAGE][PASSED] - Verify response status code successfully

2023-10-16 14:04:39 - [TEST_STEP][PASSED] - verifyElementPropertyValue(getResponse, "country", "ISR"): Verify element property value successfully

2023-10-16 14:04:39 - [MESSAGE][PASSED] - Verify element property value successfully

2023-10-16 14:04:39 - [TEST_STEP][PASSED] - verifyElementPropertyValue(getResponse, "platform", "[WEB]"): Verify element property value successfully

2023-10-16 14:04:39 - [MESSAGE][PASSED] - Verify element property value successfully

2023-10-16 14:04:39 - [TEST_STEP][PASSED] - verifyElementPropertyValue(getResponse, "offers[5].offerId", "winback-sport-30-offer"): Verify element property value successfully

2023-10-16 14:04:39 - [MESSAGE][PASSED] - Verify element property value successfully

2023-10-16 14:04:39 - [TEST_STEP][PASSED] - verifyElementPropertyValue(getResponse, "offers[5].offerParam", "sportsoffer30"): Verify element property value successfully

2023-10-16 14:04:39 - [MESSAGE][PASSED] - Verify element property value successfully

2023-10-16 14:04:39 - [TEST_STEP][PASSED] - verifyElementPropertyValue(getResponse, "offers[5].groups[0].pricingPlans[0].featured", "true"): Verify element property value successfully

2023-10-16 14:04:39 - [MESSAGE][PASSED] - Verify element property value successfully

2023-10-16 14:04:39 - [TEST_STEP][PASSED] - verifyElementPropertyValue(getResponse, "offers[5].groups[0].pricingPlans[0].period", "monthly"): Verify element property value successfully

2023-10-16 14:04:43 - [MESSAGE][PASSED] - Verify element property value successfully

2023-10-16 14:04:43 - [TEST_STEP][PASSED] - verifyElementPropertyValue(getResponse, "offers[5].groups[0].pricingPlans[0].featured", "true"): Verify element property value successfully

2023-10-16 14:04:43 - [MESSAGE][PASSED] - Verify element property value successfully

2023-10-16 14:04:43 - [TEST_STEP][PASSED] - verifyElementPropertyValue(getResponse, "offers[5].groups[0].pricingPlans[0].price", "30.9"): Verify element property value successfully

2023-10-16 14:04:43 - [MESSAGE][PASSED] - Verify element property value successfully

2023-10-16 14:04:46 - [TEST_STEP][PASSED] - verifyElementPropertyValue(getResponse, "offers[5].groups[0].pricingPlans[0].currency", "₪"): Verify element property value successfully

2023-10-16 14:04:46 - [MESSAGE][PASSED] - Verify element property value successfully

2023-10-16 14:04:46 - [TEST_STEP][PASSED] - verifyElementPropertyValue(getResponse, "offers[5].groups[0].pricingPlans[0].order", "0"): Verify element property value successfully

2023-10-16 14:04:46 - [MESSAGE][PASSED] - Verify element property value successfully

2023-10-16 14:04:46 - [TEST_STEP][PASSED] - verifyElementPropertyValue(getResponse, "offers[5].groups[0].pricingPlans[0].packageId", "SHAHID_VIP_SPORT"): Verify element property value successfully

2023-10-16 14:04:46 - [MESSAGE][PASSED] - Verify element property value successfully

2023-10-16 14:04:46 - [TEST_STEP][PASSED] - verifyElementPropertyValue(getResponse, "offers[5].groups[0].pricingPlans[0].catalogId", "SPORT"): Verify element property value successfully

2023-10-16 14:04:46 - [MESSAGE][PASSED] - Verify element property value successfully

2023-10-16 14:04:46 - [TEST_STEP][PASSED] - verifyElementPropertyValue(getResponse, "offers[5].groups[0].pricingPlans[0].visualElements[0].key", "Header_1_text"): Verify element property value successfully

2023-10-16 14:04:46 - [MESSAGE][PASSED] - Verify element property value successfully

2023-10-16 14:04:46 - [TEST_STEP][PASSED] - verifyElementPropertyValue(getResponse, "offers[5].groups[0].pricingPlans[0].visualElements[0].value", "Watch the most powerful series and movies exclusively without stopping"): Verify element property value successfully

2023-10-16 14:04:46 - [MESSAGE][PASSED] - Verify element property value successfully

2023-10-16 14:04:46 - [TEST_STEP][PASSED] - verifyElementPropertyValue(getResponse, "offers[5].groups[0].pricingPlans[0].visualElements[1].key", "display_title"): Verify element property value successfully

2023-10-16 14:04:46 - [MESSAGE][PASSED] - Verify element property value successfully

2023-10-16 14:04:46 - [TEST_STEP][FAILED] - verifyElementPropertyValue(getResponse, "offers[5].groups[0].pricingPlans[0].visualElements[1].value", "30% Discount Offer"): Expected element property value '30% Discount Offer' is not equal with actual property value '30% Discount Offer​'

2023-10-16 14:04:46 - [MESSAGE][FAILED] - Expected element property value '30% Discount Offer' is not equal with actual property value '30% Discount Offer​'

2023-10-16 14:04:46 - [TEST_STEP][PASSED] - verifyElementPropertyValue(getResponse, "offers[5].groups[0].pricingPlans[0].visualElements[3].key", "deduction_text"): Verify element property value successfully

2023-10-16 14:04:46 - [MESSAGE][PASSED] - Verify element property value successfully

2023-10-16 14:04:46 - [TEST_STEP][PASSED] - verifyElementPropertyValue(getResponse, "offers[5].groups[0].pricingPlans[0].visualElements[3].value", "billed every month"): Verify element property value successfully

2023-10-16 14:04:46 - [MESSAGE][PASSED] - Verify element property value successfully

2023-10-16 14:04:46 - [TEST_STEP][PASSED] - verifyElementPropertyValue(getResponse, "offers[5].groups[0].pricingPlans[0].visualElements[6].key", "show_payment_logo"): Verify element property value successfully

2023-10-16 14:04:46 - [MESSAGE][PASSED] - Verify element property value successfully

2023-10-16 14:04:46 - [TEST_STEP][PASSED] - verifyElementPropertyValue(getResponse, "offers[5].groups[0].pricingPlans[0].visualElements[6].value", "true"): Verify element property value successfully

2023-10-16 14:04:46 - [MESSAGE][PASSED] - Verify element property value successfully

2023-10-16 14:04:46 - [TEST_STEP][PASSED] - verifyElementPropertyValue(getResponse, "offers[5].groups[0].pricingPlans[0].visualElements[8].key", "price"): Verify element property value successfully

2023-10-16 14:04:46 - [MESSAGE][PASSED] - Verify element property value successfully

2023-10-16 14:04:46 - [TEST_STEP][PASSED] - verifyElementPropertyValue(getResponse, "offers[5].groups[0].pricingPlans[0].visualElements[8].value", "30.9"): Verify element property value successfully

2023-10-16 14:04:46 - [MESSAGE][PASSED] - Verify element property value successfully

2023-10-16 14:04:46 - [TEST_STEP][PASSED] - verifyElementPropertyValue(getResponse, "offers[5].groups[0].pricingPlans[0].visualElements[9].key", "currency"): Verify element property value successfully

2023-10-16 14:04:46 - [MESSAGE][PASSED] - Verify element property value successfully

2023-10-16 14:04:46 - [TEST_STEP][PASSED] - verifyElementPropertyValue(getResponse, "offers[5].groups[0].pricingPlans[0].visualElements[9].value", "₪"): Verify element property value successfully

2023-10-16 14:04:46 - [MESSAGE][PASSED] - Verify element property value successfully

2023-10-16 14:04:46 - [TEST_STEP][PASSED] - verifyElementPropertyValue(getResponse, "offers[5].groups[0].pricingPlans[0].visualElements[10].key", "duration"): Verify element property value successfully

2023-10-16 14:04:46 - [MESSAGE][PASSED] - Verify element property value successfully

2023-10-16 14:04:46 - [TEST_STEP][PASSED] - verifyElementPropertyValue(getResponse, "offers[5].groups[0].pricingPlans[0].visualElements[10].value", "Monthly"): Verify element property value successfully

2023-10-16 14:04:46 - [MESSAGE][PASSED] - Verify element property value successfully

2023-10-16 14:04:46 - [TEST_STEP][PASSED] - verifyElementPropertyValue(getResponse, "offers[5].groups[0].pricingPlans[0].visualElements[11].key", "featured_tag_text"): Verify element property value successfully

2023-10-16 14:04:46 - [MESSAGE][PASSED] - Verify element property value successfully

2023-10-16 14:04:46 - [TEST_STEP][PASSED] - verifyElementPropertyValue(getResponse, "offers[5].groups[0].pricingPlans[0].visualElements[11].value", "Limited Time Offer"): Verify element property value successfully

2023-10-16 14:04:46 - [MESSAGE][PASSED] - Verify element property value successfully

2023-10-16 14:04:46 - [TEST_STEP][PASSED] - verifyElementPropertyValue(getResponse, "offers[5].groups[0].pricingPlans[0].visualElements[12].key", "show_tag"): Verify element property value successfully

2023-10-16 14:04:46 - [MESSAGE][PASSED] - Verify element property value successfully

2023-10-16 14:04:46 - [TEST_STEP][PASSED] - verifyElementPropertyValue(getResponse, "offers[5].groups[0].pricingPlans[0].visualElements[12].value", "true"): Verify element property value successfully

2023-10-16 14:04:46 - [MESSAGE][PASSED] - Verify element property value successfully

2023-10-16 14:04:46 - [TEST_STEP][PASSED] - verifyElementPropertyValue(getResponse, "offers[5].groups[0].pricingPlans[0].visualElements[13].key", "tag_text"): Verify element property value successfully

2023-10-16 14:04:46 - [MESSAGE][PASSED] - Verify element property value successfully

2023-10-16 14:04:46 - [TEST_STEP][PASSED] - verifyElementPropertyValue(getResponse, "offers[5].groups[0].pricingPlans[0].visualElements[13].value", "Save 30%"): Verify element property value successfully

2023-10-16 14:04:46 - [MESSAGE][PASSED] - Verify element property value successfully

2023-10-16 14:04:46 - [TEST_STEP][PASSED] - verifyElementPropertyValue(getResponse, "offers[5].groups[0].pricingPlans[0].pricingPlanData[0].productId", "ISR_B2C_SHAHID_VIP_SPORT_1M"): Verify element property value successfully

2023-10-16 14:04:46 - [MESSAGE][PASSED] - Verify element property value successfully

2023-10-16 14:04:46 - [TEST_STEP][PASSED] - verifyElementPropertyValue(getResponse, "offers[5].groups[0].pricingPlans[0].pricingPlanData[0].paymentMethod", "CREDIT_CARD"): Verify element property value successfully

2023-10-16 14:04:46 - [MESSAGE][PASSED] - Verify element property value successfully

2023-10-16 14:04:46 - [TEST_STEP][PASSED] - verifyElementPropertyValue(getResponse, "offers[5].groups[0].pricingPlans[0].pricingPlanData[0].freeTrialEnabled", "false"): Verify element property value successfully

2023-10-16 14:04:46 - [MESSAGE][PASSED] - Verify element property value successfully

2023-10-16 14:04:46 - [TEST_STEP][PASSED] - verifyElementPropertyValue(getResponse, "offers[5].groups[0].pricingPlans[0].pricingPlanData[0].showIn[0]", "VERTICAL_MODE"): Verify element property value successfully

2023-10-16 14:04:46 - [MESSAGE][PASSED] - Verify element property value successfully

2023-10-16 14:04:46 - [TEST_STEP][PASSED] - verifyElementPropertyValue(getResponse, "offers[5].groups[0].pricingPlans[0].pricingPlanData[0].showIn[1]", "HORIZONTAL_MODE"): Verify element property value successfully

2023-10-16 14:04:46 - [MESSAGE][PASSED] - Verify element property value successfully

2023-10-16 14:04:46 - [TEST_STEP][PASSED] - verifyElementPropertyValue(getResponse, "offers[5].groups[0].pricingPlans[0].pricingPlanData[0].priceLabel", "30.9"): Verify element property value successfully

2023-10-16 14:04:46 - [MESSAGE][PASSED] - Verify element property value successfully

2023-10-16 14:04:46 - [TEST_STEP][PASSED] - verifyElementPropertyValue(getResponse, "offers[5].groups[0].pricingPlans[0].pricingPlanData[0].currencyLabel", "₪"): Verify element property value successfully

2023-10-16 14:04:46 - [MESSAGE][PASSED] - Verify element property value successfully

2023-10-16 14:04:46 - [TEST_STEP][PASSED] - verifyElementPropertyValue(getResponse, "offers[5].groups[0].pricingPlans[0].pricingPlanData[0].dealId", "WB_SPORT_30P_ISR"): Verify element property value successfully

2023-10-16 14:04:46 - [MESSAGE][PASSED] - Verify element property value successfully

2023-10-16 14:04:46 - [TEST_STEP][PASSED] - verifyElementPropertyValue(getResponse, "offers[5].groups[0].pricingPlans[0].pricingPlanData[0].allowedForAcquisition", "true"): Verify element property value successfully

2023-10-16 14:04:46 - [MESSAGE][PASSED] - Verify element property value successfully

2023-10-16 14:04:46 - [TEST_STEP][PASSED] - verifyElementPropertyValue(getResponse, "offers[5].groups[0].pricingPlans[0].pricingPlanData[0].visualElements[0].key", "title"): Verify element property value successfully

2023-10-16 14:04:47 - [MESSAGE][PASSED] - Verify element property value successfully

2023-10-16 14:04:47 - [TEST_STEP][PASSED] - verifyElementPropertyValue(getResponse, "offers[5].groups[0].pricingPlans[0].pricingPlanData[0].visualElements[0].value", "Credit/Debit Card"): Verify element property value successfully

2023-10-16 14:04:47 - [MESSAGE][PASSED] - Verify element property value successfully

2023-10-16 14:04:47 - [TEST_STEP][PASSED] - verifyElementPropertyValue(getResponse, "offers[5].groups[0].pricingPlans[0].pricingPlanData[0].visualElements[1].key", "CTA_text"): Verify element property value successfully

2023-10-16 14:04:47 - [MESSAGE][PASSED] - Verify element property value successfully

2023-10-16 14:04:47 - [TEST_STEP][PASSED] - verifyElementPropertyValue(getResponse, "offers[5].groups[0].pricingPlans[0].pricingPlanData[0].visualElements[1].value", "Subscribe"): Verify element property value successfully

2023-10-16 14:04:47 - [MESSAGE][PASSED] - Verify element property value successfully

2023-10-16 14:04:47 - [TEST_STEP][PASSED] - verifyElementPropertyValue(getResponse, "offers[5].groups[0].pricingPlans[0].pricingPlanData[0].visualElements[2].key", "logo"): Verify element property value successfully

2023-10-16 14:04:47 - [MESSAGE][PASSED] - Verify element property value successfully

2023-10-16 14:04:47 - [TEST_STEP][PASSED] - verifyElementPropertyValue(getResponse, "offers[5].groups[0].pricingPlans[0].pricingPlanData[0].visualElements[2].value", "https://static.s3.shahid.mbc.net/widget-images/icons/iconCreditCard.png"): Verify element property value successfully

2023-10-16 14:04:47 - [MESSAGE][PASSED] - Verify element property value successfully

2023-10-16 14:04:47 - [TEST_STEP][PASSED] - verifyElementPropertyValue(getResponse, "offers[6].offerId", "winback-sport-40-offer"): Verify element property value successfully

2023-10-16 14:04:47 - [MESSAGE][PASSED] - Verify element property value successfully

2023-10-16 14:04:47 - [TEST_STEP][PASSED] - verifyElementPropertyValue(getResponse, "offers[6].offerParam", "sportsoffer40"): Verify element property value successfully

2023-10-16 14:04:47 - [MESSAGE][PASSED] - Verify element property value successfully

2023-10-16 14:04:47 - [TEST_STEP][PASSED] - verifyElementPropertyValue(getResponse, "offers[6].groups[0].pricingPlans[0].featured", "true"): Verify element property value successfully

2023-10-16 14:04:47 - [MESSAGE][PASSED] - Verify element property value successfully

2023-10-16 14:04:47 - [TEST_STEP][PASSED] - verifyElementPropertyValue(getResponse, "offers[6].groups[0].pricingPlans[0].period", "monthly"): Verify element property value successfully

2023-10-16 14:04:47 - [MESSAGE][PASSED] - Verify element property value successfully

2023-10-16 14:04:47 - [TEST_STEP][PASSED] - verifyElementPropertyValue(getResponse, "offers[6].groups[0].pricingPlans[0].featured", "true"): Verify element property value successfully

2023-10-16 14:04:47 - [MESSAGE][PASSED] - Verify element property value successfully

2023-10-16 14:04:47 - [TEST_STEP][PASSED] - verifyElementPropertyValue(getResponse, "offers[6].groups[0].pricingPlans[0].price", "26.5"): Verify element property value successfully

2023-10-16 14:04:47 - [MESSAGE][PASSED] - Verify element property value successfully

2023-10-16 14:04:47 - [TEST_STEP][PASSED] - verifyElementPropertyValue(getResponse, "offers[6].groups[0].pricingPlans[0].currency", "₪"): Verify element property value successfully

2023-10-16 14:04:47 - [MESSAGE][PASSED] - Verify element property value successfully

2023-10-16 14:04:47 - [TEST_STEP][PASSED] - verifyElementPropertyValue(getResponse, "offers[6].groups[0].pricingPlans[0].order", "0"): Verify element property value successfully

2023-10-16 14:04:47 - [MESSAGE][PASSED] - Verify element property value successfully

2023-10-16 14:04:47 - [TEST_STEP][PASSED] - verifyElementPropertyValue(getResponse, "offers[6].groups[0].pricingPlans[0].packageId", "SHAHID_VIP_SPORT"): Verify element property value successfully

2023-10-16 14:04:47 - [MESSAGE][PASSED] - Verify element property value successfully

2023-10-16 14:04:47 - [TEST_STEP][PASSED] - verifyElementPropertyValue(getResponse, "offers[6].groups[0].pricingPlans[0].catalogId", "SPORT"): Verify element property value successfully

2023-10-16 14:04:47 - [MESSAGE][PASSED] - Verify element property value successfully

2023-10-16 14:04:47 - [TEST_STEP][PASSED] - verifyElementPropertyValue(getResponse, "offers[6].groups[0].pricingPlans[0].visualElements[0].key", "Header_1_text"): Verify element property value successfully

2023-10-16 14:04:47 - [MESSAGE][PASSED] - Verify element property value successfully

2023-10-16 14:04:47 - [TEST_STEP][PASSED] - verifyElementPropertyValue(getResponse, "offers[6].groups[0].pricingPlans[0].visualElements[0].value", "Watch the most powerful series and movies exclusively without stopping"): Verify element property value successfully

2023-10-16 14:04:47 - [MESSAGE][PASSED] - Verify element property value successfully

2023-10-16 14:04:47 - [TEST_STEP][PASSED] - verifyElementPropertyValue(getResponse, "offers[6].groups[0].pricingPlans[0].visualElements[1].key", "display_title"): Verify element property value successfully

2023-10-16 14:04:47 - [MESSAGE][PASSED] - Verify element property value successfully

2023-10-16 14:04:47 - [TEST_STEP][FAILED] - verifyElementPropertyValue(getResponse, "offers[6].groups[0].pricingPlans[0].visualElements[1].value", "40% Discount Offer"): Expected element property value '40% Discount Offer' is not equal with actual property value '40% Discount Offer​'

2023-10-16 14:04:47 - [MESSAGE][FAILED] - Expected element property value '40% Discount Offer' is not equal with actual property value '40% Discount Offer​'

2023-10-16 14:04:47 - [TEST_STEP][PASSED] - verifyElementPropertyValue(getResponse, "offers[6].groups[0].pricingPlans[0].visualElements[3].key", "deduction_text"): Verify element property value successfully

2023-10-16 14:04:47 - [MESSAGE][PASSED] - Verify element property value successfully

2023-10-16 14:04:47 - [TEST_STEP][PASSED] - verifyElementPropertyValue(getResponse, "offers[6].groups[0].pricingPlans[0].visualElements[3].value", "billed every month"): Verify element property value successfully

2023-10-16 14:04:47 - [MESSAGE][PASSED] - Verify element property value successfully

2023-10-16 14:04:47 - [TEST_STEP][PASSED] - verifyElementPropertyValue(getResponse, "offers[6].groups[0].pricingPlans[0].visualElements[6].key", "show_payment_logo"): Verify element property value successfully

2023-10-16 14:04:47 - [MESSAGE][PASSED] - Verify element property value successfully

2023-10-16 14:04:47 - [TEST_STEP][PASSED] - verifyElementPropertyValue(getResponse, "offers[6].groups[0].pricingPlans[0].visualElements[6].value", "true"): Verify element property value successfully

2023-10-16 14:04:47 - [MESSAGE][PASSED] - Verify element property value successfully

2023-10-16 14:04:47 - [TEST_STEP][PASSED] - verifyElementPropertyValue(getResponse, "offers[6].groups[0].pricingPlans[0].visualElements[8].key", "price"): Verify element property value successfully

2023-10-16 14:04:47 - [MESSAGE][PASSED] - Verify element property value successfully

2023-10-16 14:04:47 - [TEST_STEP][PASSED] - verifyElementPropertyValue(getResponse, "offers[6].groups[0].pricingPlans[0].visualElements[8].value", "26.5"): Verify element property value successfully

2023-10-16 14:04:47 - [MESSAGE][PASSED] - Verify element property value successfully

2023-10-16 14:04:47 - [TEST_STEP][PASSED] - verifyElementPropertyValue(getResponse, "offers[6].groups[0].pricingPlans[0].visualElements[9].key", "currency"): Verify element property value successfully

2023-10-16 14:04:47 - [MESSAGE][PASSED] - Verify element property value successfully

2023-10-16 14:04:47 - [TEST_STEP][PASSED] - verifyElementPropertyValue(getResponse, "offers[6].groups[0].pricingPlans[0].visualElements[9].value", "₪"): Verify element property value successfully

2023-10-16 14:04:47 - [MESSAGE][PASSED] - Verify element property value successfully

2023-10-16 14:04:47 - [TEST_STEP][PASSED] - verifyElementPropertyValue(getResponse, "offers[6].groups[0].pricingPlans[0].visualElements[10].key", "duration"): Verify element property value successfully

2023-10-16 14:04:47 - [MESSAGE][PASSED] - Verify element property value successfully

2023-10-16 14:04:47 - [TEST_STEP][PASSED] - verifyElementPropertyValue(getResponse, "offers[6].groups[0].pricingPlans[0].visualElements[10].value", "Monthly"): Verify element property value successfully

2023-10-16 14:04:47 - [MESSAGE][PASSED] - Verify element property value successfully

2023-10-16 14:04:47 - [TEST_STEP][PASSED] - verifyElementPropertyValue(getResponse, "offers[6].groups[0].pricingPlans[0].visualElements[11].key", "featured_tag_text"): Verify element property value successfully

2023-10-16 14:04:47 - [MESSAGE][PASSED] - Verify element property value successfully

2023-10-16 14:04:47 - [TEST_STEP][PASSED] - verifyElementPropertyValue(getResponse, "offers[6].groups[0].pricingPlans[0].visualElements[11].value", "Limited Time Offer"): Verify element property value successfully

2023-10-16 14:04:47 - [MESSAGE][PASSED] - Verify element property value successfully

2023-10-16 14:04:47 - [TEST_STEP][PASSED] - verifyElementPropertyValue(getResponse, "offers[6].groups[0].pricingPlans[0].visualElements[13].key", "tag_text"): Verify element property value successfully

2023-10-16 14:04:47 - [MESSAGE][PASSED] - Verify element property value successfully

2023-10-16 14:04:47 - [TEST_STEP][PASSED] - verifyElementPropertyValue(getResponse, "offers[6].groups[0].pricingPlans[0].visualElements[13].value", "Save 40%"): Verify element property value successfully

2023-10-16 14:04:47 - [MESSAGE][PASSED] - Verify element property value successfully

2023-10-16 14:04:47 - [TEST_STEP][PASSED] - verifyElementPropertyValue(getResponse, "offers[6].groups[0].pricingPlans[0].visualElements[12].key", "show_tag"): Verify element property value successfully

2023-10-16 14:04:47 - [MESSAGE][PASSED] - Verify element property value successfully

2023-10-16 14:04:47 - [TEST_STEP][PASSED] - verifyElementPropertyValue(getResponse, "offers[6].groups[0].pricingPlans[0].visualElements[12].value", "true"): Verify element property value successfully

2023-10-16 14:04:47 - [MESSAGE][PASSED] - Verify element property value successfully

2023-10-16 14:04:47 - [TEST_STEP][PASSED] - verifyElementPropertyValue(getResponse, "offers[6].groups[0].pricingPlans[0].pricingPlanData[0].productId", "ISR_B2C_SHAHID_VIP_SPORT_1M"): Verify element property value successfully

2023-10-16 14:04:47 - [MESSAGE][PASSED] - Verify element property value successfully

2023-10-16 14:04:47 - [TEST_STEP][PASSED] - verifyElementPropertyValue(getResponse, "offers[6].groups[0].pricingPlans[0].pricingPlanData[0].paymentMethod", "CREDIT_CARD"): Verify element property value successfully

2023-10-16 14:04:47 - [MESSAGE][PASSED] - Verify element property value successfully

2023-10-16 14:04:47 - [TEST_STEP][PASSED] - verifyElementPropertyValue(getResponse, "offers[6].groups[0].pricingPlans[0].pricingPlanData[0].freeTrialEnabled", "false"): Verify element property value successfully

2023-10-16 14:04:47 - [MESSAGE][PASSED] - Verify element property value successfully

2023-10-16 14:04:47 - [TEST_STEP][PASSED] - verifyElementPropertyValue(getResponse, "offers[6].groups[0].pricingPlans[0].pricingPlanData[0].showIn[0]", "VERTICAL_MODE"): Verify element property value successfully

2023-10-16 14:04:47 - [MESSAGE][PASSED] - Verify element property value successfully

2023-10-16 14:04:47 - [TEST_STEP][PASSED] - verifyElementPropertyValue(getResponse, "offers[6].groups[0].pricingPlans[0].pricingPlanData[0].showIn[1]", "HORIZONTAL_MODE"): Verify element property value successfully

2023-10-16 14:04:47 - [MESSAGE][PASSED] - Verify element property value successfully

2023-10-16 14:04:47 - [TEST_STEP][PASSED] - verifyElementPropertyValue(getResponse, "offers[6].groups[0].pricingPlans[0].pricingPlanData[0].priceLabel", "26.5"): Verify element property value successfully

2023-10-16 14:04:47 - [MESSAGE][PASSED] - Verify element property value successfully

2023-10-16 14:04:47 - [TEST_STEP][PASSED] - verifyElementPropertyValue(getResponse, "offers[6].groups[0].pricingPlans[0].pricingPlanData[0].currencyLabel", "₪"): Verify element property value successfully

2023-10-16 14:04:47 - [MESSAGE][PASSED] - Verify element property value successfully

2023-10-16 14:04:47 - [TEST_STEP][PASSED] - verifyElementPropertyValue(getResponse, "offers[6].groups[0].pricingPlans[0].pricingPlanData[0].dealId", "WB_SPORT_40P_ISR"): Verify element property value successfully

2023-10-16 14:04:47 - [MESSAGE][PASSED] - Verify element property value successfully

2023-10-16 14:04:47 - [TEST_STEP][PASSED] - verifyElementPropertyValue(getResponse, "offers[6].groups[0].pricingPlans[0].pricingPlanData[0].allowedForAcquisition", "true"): Verify element property value successfully

2023-10-16 14:04:47 - [MESSAGE][PASSED] - Verify element property value successfully

2023-10-16 14:04:47 - [TEST_STEP][PASSED] - verifyElementPropertyValue(getResponse, "offers[6].groups[0].pricingPlans[0].pricingPlanData[0].visualElements[0].key", "title"): Verify element property value successfully

2023-10-16 14:04:47 - [MESSAGE][PASSED] - Verify element property value successfully

2023-10-16 14:04:47 - [TEST_STEP][PASSED] - verifyElementPropertyValue(getResponse, "offers[6].groups[0].pricingPlans[0].pricingPlanData[0].visualElements[0].value", "Credit/Debit Card"): Verify element property value successfully

2023-10-16 14:04:47 - [MESSAGE][PASSED] - Verify element property value successfully

2023-10-16 14:04:47 - [TEST_STEP][PASSED] - verifyElementPropertyValue(getResponse, "offers[6].groups[0].pricingPlans[0].pricingPlanData[0].visualElements[1].key", "CTA_text"): Verify element property value successfully

2023-10-16 14:04:47 - [MESSAGE][PASSED] - Verify element property value successfully

2023-10-16 14:04:47 - [TEST_STEP][PASSED] - verifyElementPropertyValue(getResponse, "offers[6].groups[0].pricingPlans[0].pricingPlanData[0].visualElements[1].value", "Subscribe"): Verify element property value successfully

2023-10-16 14:04:47 - [MESSAGE][PASSED] - Verify element property value successfully

2023-10-16 14:04:47 - [TEST_STEP][PASSED] - verifyElementPropertyValue(getResponse, "offers[6].groups[0].pricingPlans[0].pricingPlanData[0].visualElements[2].key", "logo"): Verify element property value successfully

2023-10-16 14:04:47 - [MESSAGE][PASSED] - Verify element property value successfully

2023-10-16 14:04:47 - [TEST_STEP][PASSED] - verifyElementPropertyValue(getResponse, "offers[6].groups[0].pricingPlans[0].pricingPlanData[0].visualElements[2].value", "https://static.s3.shahid.mbc.net/widget-images/icons/iconCreditCard.png"): Verify element property value successfully

2023-10-16 14:04:47 - [MESSAGE][PASSED] - Verify element property value successfully

2023-10-16 14:04:47 - [TEST_STEP][PASSED] - verifyElementPropertyValue(getResponse, "offers[7].offerId", "winback-sport-50-offer"): Verify element property value successfully

2023-10-16 14:04:47 - [MESSAGE][PASSED] - Verify element property value successfully

2023-10-16 14:04:47 - [TEST_STEP][PASSED] - verifyElementPropertyValue(getResponse, "offers[7].offerParam", "sportsoffer50"): Verify element property value successfully

2023-10-16 14:04:47 - [MESSAGE][PASSED] - Verify element property value successfully

2023-10-16 14:04:47 - [TEST_STEP][PASSED] - verifyElementPropertyValue(getResponse, "offers[7].groups[0].pricingPlans[0].featured", "true"): Verify element property value successfully

2023-10-16 14:04:47 - [MESSAGE][PASSED] - Verify element property value successfully

2023-10-16 14:04:47 - [TEST_STEP][PASSED] - verifyElementPropertyValue(getResponse, "offers[7].groups[0].pricingPlans[0].period", "monthly"): Verify element property value successfully

2023-10-16 14:04:47 - [MESSAGE][PASSED] - Verify element property value successfully

2023-10-16 14:04:47 - [TEST_STEP][PASSED] - verifyElementPropertyValue(getResponse, "offers[7].groups[0].pricingPlans[0].featured", "true"): Verify element property value successfully

2023-10-16 14:04:47 - [MESSAGE][PASSED] - Verify element property value successfully

2023-10-16 14:04:47 - [TEST_STEP][PASSED] - verifyElementPropertyValue(getResponse, "offers[7].groups[0].pricingPlans[0].price", "22.0"): Verify element property value successfully

2023-10-16 14:04:47 - [MESSAGE][PASSED] - Verify element property value successfully

2023-10-16 14:04:47 - [TEST_STEP][PASSED] - verifyElementPropertyValue(getResponse, "offers[7].groups[0].pricingPlans[0].currency", "₪"): Verify element property value successfully

2023-10-16 14:04:47 - [MESSAGE][PASSED] - Verify element property value successfully

2023-10-16 14:04:47 - [TEST_STEP][PASSED] - verifyElementPropertyValue(getResponse, "offers[7].groups[0].pricingPlans[0].order", "0"): Verify element property value successfully

2023-10-16 14:04:47 - [MESSAGE][PASSED] - Verify element property value successfully

2023-10-16 14:04:47 - [TEST_STEP][PASSED] - verifyElementPropertyValue(getResponse, "offers[7].groups[0].pricingPlans[0].packageId", "SHAHID_VIP_SPORT"): Verify element property value successfully

2023-10-16 14:04:47 - [MESSAGE][PASSED] - Verify element property value successfully

2023-10-16 14:04:47 - [TEST_STEP][PASSED] - verifyElementPropertyValue(getResponse, "offers[7].groups[0].pricingPlans[0].catalogId", "SPORT"): Verify element property value successfully

2023-10-16 14:04:47 - [MESSAGE][PASSED] - Verify element property value successfully

2023-10-16 14:04:47 - [TEST_STEP][PASSED] - verifyElementPropertyValue(getResponse, "offers[7].groups[0].pricingPlans[0].visualElements[0].key", "Header_1_text"): Verify element property value successfully

2023-10-16 14:04:47 - [MESSAGE][PASSED] - Verify element property value successfully

2023-10-16 14:04:47 - [TEST_STEP][PASSED] - verifyElementPropertyValue(getResponse, "offers[7].groups[0].pricingPlans[0].visualElements[0].value", "Watch the most powerful series and movies exclusively without stopping"): Verify element property value successfully

2023-10-16 14:04:47 - [MESSAGE][PASSED] - Verify element property value successfully

2023-10-16 14:04:47 - [TEST_STEP][PASSED] - verifyElementPropertyValue(getResponse, "offers[7].groups[0].pricingPlans[0].visualElements[1].key", "display_title"): Verify element property value successfully

2023-10-16 14:04:47 - [MESSAGE][PASSED] - Verify element property value successfully

2023-10-16 14:04:47 - [TEST_STEP][FAILED] - verifyElementPropertyValue(getResponse, "offers[7].groups[0].pricingPlans[0].visualElements[1].value", "50% Discount Offer"): Expected element property value '50% Discount Offer' is not equal with actual property value '50% Discount Offer​'

2023-10-16 14:04:47 - [MESSAGE][FAILED] - Expected element property value '50% Discount Offer' is not equal with actual property value '50% Discount Offer​'

2023-10-16 14:04:47 - [TEST_STEP][PASSED] - verifyElementPropertyValue(getResponse, "offers[7].groups[0].pricingPlans[0].visualElements[3].key", "deduction_text"): Verify element property value successfully

2023-10-16 14:04:47 - [MESSAGE][PASSED] - Verify element property value successfully

2023-10-16 14:04:47 - [TEST_STEP][PASSED] - verifyElementPropertyValue(getResponse, "offers[7].groups[0].pricingPlans[0].visualElements[3].value", "billed every month"): Verify element property value successfully

2023-10-16 14:04:47 - [MESSAGE][PASSED] - Verify element property value successfully

2023-10-16 14:04:47 - [TEST_STEP][PASSED] - verifyElementPropertyValue(getResponse, "offers[7].groups[0].pricingPlans[0].visualElements[6].key", "show_payment_logo"): Verify element property value successfully

2023-10-16 14:04:47 - [MESSAGE][PASSED] - Verify element property value successfully

2023-10-16 14:04:47 - [TEST_STEP][PASSED] - verifyElementPropertyValue(getResponse, "offers[7].groups[0].pricingPlans[0].visualElements[6].value", "true"): Verify element property value successfully

2023-10-16 14:04:47 - [MESSAGE][PASSED] - Verify element property value successfully

2023-10-16 14:04:47 - [TEST_STEP][PASSED] - verifyElementPropertyValue(getResponse, "offers[7].groups[0].pricingPlans[0].visualElements[8].key", "price"): Verify element property value successfully

2023-10-16 14:04:47 - [MESSAGE][PASSED] - Verify element property value successfully

2023-10-16 14:04:47 - [TEST_STEP][PASSED] - verifyElementPropertyValue(getResponse, "offers[7].groups[0].pricingPlans[0].visualElements[8].value", "22"): Verify element property value successfully

2023-10-16 14:04:47 - [MESSAGE][PASSED] - Verify element property value successfully

2023-10-16 14:04:47 - [TEST_STEP][PASSED] - verifyElementPropertyValue(getResponse, "offers[7].groups[0].pricingPlans[0].visualElements[9].key", "currency"): Verify element property value successfully

2023-10-16 14:04:47 - [MESSAGE][PASSED] - Verify element property value successfully

2023-10-16 14:04:47 - [TEST_STEP][PASSED] - verifyElementPropertyValue(getResponse, "offers[7].groups[0].pricingPlans[0].visualElements[9].value", "₪"): Verify element property value successfully

2023-10-16 14:04:47 - [MESSAGE][PASSED] - Verify element property value successfully

2023-10-16 14:04:47 - [TEST_STEP][PASSED] - verifyElementPropertyValue(getResponse, "offers[7].groups[0].pricingPlans[0].visualElements[10].key", "duration"): Verify element property value successfully

2023-10-16 14:04:47 - [MESSAGE][PASSED] - Verify element property value successfully

2023-10-16 14:04:47 - [TEST_STEP][PASSED] - verifyElementPropertyValue(getResponse, "offers[7].groups[0].pricingPlans[0].visualElements[10].value", "Monthly"): Verify element property value successfully

2023-10-16 14:04:47 - [MESSAGE][PASSED] - Verify element property value successfully

2023-10-16 14:04:47 - [TEST_STEP][PASSED] - verifyElementPropertyValue(getResponse, "offers[7].groups[0].pricingPlans[0].visualElements[11].key", "featured_tag_text"): Verify element property value successfully

2023-10-16 14:04:47 - [MESSAGE][PASSED] - Verify element property value successfully

2023-10-16 14:04:47 - [TEST_STEP][PASSED] - verifyElementPropertyValue(getResponse, "offers[7].groups[0].pricingPlans[0].visualElements[11].value", "Limited Time Offer"): Verify element property value successfully

2023-10-16 14:04:47 - [MESSAGE][PASSED] - Verify element property value successfully

2023-10-16 14:04:47 - [TEST_STEP][PASSED] - verifyElementPropertyValue(getResponse, "offers[7].groups[0].pricingPlans[0].visualElements[13].key", "tag_text"): Verify element property value successfully

2023-10-16 14:04:47 - [MESSAGE][PASSED] - Verify element property value successfully

2023-10-16 14:04:47 - [TEST_STEP][PASSED] - verifyElementPropertyValue(getResponse, "offers[7].groups[0].pricingPlans[0].visualElements[13].value", "Save 50%"): Verify element property value successfully

2023-10-16 14:04:47 - [MESSAGE][PASSED] - Verify element property value successfully

2023-10-16 14:04:47 - [TEST_STEP][PASSED] - verifyElementPropertyValue(getResponse, "offers[7].groups[0].pricingPlans[0].visualElements[12].key", "show_tag"): Verify element property value successfully

2023-10-16 14:04:47 - [MESSAGE][PASSED] - Verify element property value successfully

2023-10-16 14:04:47 - [TEST_STEP][PASSED] - verifyElementPropertyValue(getResponse, "offers[7].groups[0].pricingPlans[0].visualElements[12].value", "true"): Verify element property value successfully

2023-10-16 14:04:47 - [MESSAGE][PASSED] - Verify element property value successfully

2023-10-16 14:04:47 - [TEST_STEP][PASSED] - verifyElementPropertyValue(getResponse, "offers[7].groups[0].pricingPlans[0].pricingPlanData[0].productId", "ISR_B2C_SHAHID_VIP_SPORT_1M"): Verify element property value successfully

2023-10-16 14:04:47 - [MESSAGE][PASSED] - Verify element property value successfully

2023-10-16 14:04:47 - [TEST_STEP][PASSED] - verifyElementPropertyValue(getResponse, "offers[7].groups[0].pricingPlans[0].pricingPlanData[0].paymentMethod", "CREDIT_CARD"): Verify element property value successfully

2023-10-16 14:04:47 - [MESSAGE][PASSED] - Verify element property value successfully

2023-10-16 14:04:47 - [TEST_STEP][PASSED] - verifyElementPropertyValue(getResponse, "offers[7].groups[0].pricingPlans[0].pricingPlanData[0].freeTrialEnabled", "false"): Verify element property value successfully

2023-10-16 14:04:47 - [MESSAGE][PASSED] - Verify element property value successfully

2023-10-16 14:04:47 - [TEST_STEP][PASSED] - verifyElementPropertyValue(getResponse, "offers[7].groups[0].pricingPlans[0].pricingPlanData[0].showIn[0]", "VERTICAL_MODE"): Verify element property value successfully

2023-10-16 14:04:47 - [MESSAGE][PASSED] - Verify element property value successfully

2023-10-16 14:04:47 - [TEST_STEP][PASSED] - verifyElementPropertyValue(getResponse, "offers[7].groups[0].pricingPlans[0].pricingPlanData[0].showIn[1]", "HORIZONTAL_MODE"): Verify element property value successfully

2023-10-16 14:04:47 - [MESSAGE][PASSED] - Verify element property value successfully

2023-10-16 14:04:47 - [TEST_STEP][PASSED] - verifyElementPropertyValue(getResponse, "offers[7].groups[0].pricingPlans[0].pricingPlanData[0].priceLabel", "22"): Verify element property value successfully

2023-10-16 14:04:47 - [MESSAGE][PASSED] - Verify element property value successfully

2023-10-16 14:04:47 - [TEST_STEP][PASSED] - verifyElementPropertyValue(getResponse, "offers[7].groups[0].pricingPlans[0].pricingPlanData[0].currencyLabel", "₪"): Verify element property value successfully

2023-10-16 14:04:47 - [MESSAGE][PASSED] - Verify element property value successfully

2023-10-16 14:04:47 - [TEST_STEP][PASSED] - verifyElementPropertyValue(getResponse, "offers[7].groups[0].pricingPlans[0].pricingPlanData[0].dealId", "WB_SPORT_50P_ISR"): Verify element property value successfully

2023-10-16 14:04:47 - [MESSAGE][PASSED] - Verify element property value successfully

2023-10-16 14:04:47 - [TEST_STEP][PASSED] - verifyElementPropertyValue(getResponse, "offers[7].groups[0].pricingPlans[0].pricingPlanData[0].allowedForAcquisition", "true"): Verify element property value successfully

2023-10-16 14:04:47 - [MESSAGE][PASSED] - Verify element property value successfully

2023-10-16 14:04:47 - [TEST_STEP][PASSED] - verifyElementPropertyValue(getResponse, "offers[7].groups[0].pricingPlans[0].pricingPlanData[0].visualElements[0].key", "title"): Verify element property value successfully

2023-10-16 14:04:47 - [MESSAGE][PASSED] - Verify element property value successfully

2023-10-16 14:04:47 - [TEST_STEP][PASSED] - verifyElementPropertyValue(getResponse, "offers[7].groups[0].pricingPlans[0].pricingPlanData[0].visualElements[0].value", "Credit/Debit Card"): Verify element property value successfully

2023-10-16 14:04:47 - [MESSAGE][PASSED] - Verify element property value successfully

2023-10-16 14:04:47 - [TEST_STEP][PASSED] - verifyElementPropertyValue(getResponse, "offers[7].groups[0].pricingPlans[0].pricingPlanData[0].visualElements[1].key", "CTA_text"): Verify element property value successfully

2023-10-16 14:04:47 - [MESSAGE][PASSED] - Verify element property value successfully

2023-10-16 14:04:47 - [TEST_STEP][PASSED] - verifyElementPropertyValue(getResponse, "offers[7].groups[0].pricingPlans[0].pricingPlanData[0].visualElements[1].value", "Subscribe"): Verify element property value successfully

2023-10-16 14:04:47 - [MESSAGE][PASSED] - Verify element property value successfully

2023-10-16 14:04:47 - [TEST_STEP][PASSED] - verifyElementPropertyValue(getResponse, "offers[7].groups[0].pricingPlans[0].pricingPlanData[0].visualElements[2].key", "logo"): Verify element property value successfully

2023-10-16 14:04:47 - [MESSAGE][PASSED] - Verify element property value successfully

2023-10-16 14:04:47 - [TEST_STEP][PASSED] - verifyElementPropertyValue(getResponse, "offers[7].groups[0].pricingPlans[0].pricingPlanData[0].visualElements[2].value", "https://static.s3.shahid.mbc.net/widget-images/icons/iconCreditCard.png"): Verify element property value successfully

2023-10-16 14:04:47 - [MESSAGE][PASSED] - Verify element property value successfully

2023-10-16 14:04:47 - [TEST_STEP][PASSED] - verifyElementPropertyValue(getResponse, "offers[11].offerId", "byg-sport-30-offer"): Verify element property value successfully

2023-10-16 14:04:47 - [MESSAGE][PASSED] - Verify element property value successfully

2023-10-16 14:04:47 - [TEST_STEP][PASSED] - verifyElementPropertyValue(getResponse, "offers[11].offerParam", "bygsportsoffer30"): Verify element property value successfully

2023-10-16 14:04:47 - [MESSAGE][PASSED] - Verify element property value successfully

2023-10-16 14:04:47 - [TEST_STEP][PASSED] - verifyElementPropertyValue(getResponse, "offers[11].groups[0].pricingPlans[0].featured", "true"): Verify element property value successfully

2023-10-16 14:04:47 - [MESSAGE][PASSED] - Verify element property value successfully

2023-10-16 14:04:47 - [TEST_STEP][PASSED] - verifyElementPropertyValue(getResponse, "offers[11].groups[0].pricingPlans[0].period", "monthly"): Verify element property value successfully

2023-10-16 14:04:47 - [MESSAGE][PASSED] - Verify element property value successfully

2023-10-16 14:04:47 - [TEST_STEP][PASSED] - verifyElementPropertyValue(getResponse, "offers[11].groups[0].pricingPlans[0].featured", "true"): Verify element property value successfully

2023-10-16 14:04:47 - [MESSAGE][PASSED] - Verify element property value successfully

2023-10-16 14:04:47 - [TEST_STEP][PASSED] - verifyElementPropertyValue(getResponse, "offers[11].groups[0].pricingPlans[0].price", "30.9"): Verify element property value successfully

2023-10-16 14:04:47 - [MESSAGE][PASSED] - Verify element property value successfully

2023-10-16 14:04:47 - [TEST_STEP][PASSED] - verifyElementPropertyValue(getResponse, "offers[11].groups[0].pricingPlans[0].currency", "₪"): Verify element property value successfully

2023-10-16 14:04:47 - [MESSAGE][PASSED] - Verify element property value successfully

2023-10-16 14:04:47 - [TEST_STEP][PASSED] - verifyElementPropertyValue(getResponse, "offers[11].groups[0].pricingPlans[0].order", "0"): Verify element property value successfully

2023-10-16 14:04:47 - [MESSAGE][PASSED] - Verify element property value successfully

2023-10-16 14:04:47 - [TEST_STEP][PASSED] - verifyElementPropertyValue(getResponse, "offers[11].groups[0].pricingPlans[0].packageId", "SHAHID_VIP_SPORT"): Verify element property value successfully

2023-10-16 14:04:47 - [MESSAGE][PASSED] - Verify element property value successfully

2023-10-16 14:04:47 - [TEST_STEP][PASSED] - verifyElementPropertyValue(getResponse, "offers[11].groups[0].pricingPlans[0].catalogId", "SPORT"): Verify element property value successfully

2023-10-16 14:04:47 - [MESSAGE][PASSED] - Verify element property value successfully

2023-10-16 14:04:47 - [TEST_STEP][PASSED] - verifyElementPropertyValue(getResponse, "offers[11].groups[0].pricingPlans[0].visualElements[0].key", "Header_1_text"): Verify element property value successfully

2023-10-16 14:04:47 - [MESSAGE][PASSED] - Verify element property value successfully

2023-10-16 14:04:47 - [TEST_STEP][PASSED] - verifyElementPropertyValue(getResponse, "offers[11].groups[0].pricingPlans[0].visualElements[0].value", "Watch the most powerful series and movies exclusively without stopping"): Verify element property value successfully

2023-10-16 14:04:47 - [MESSAGE][PASSED] - Verify element property value successfully

2023-10-16 14:04:47 - [TEST_STEP][PASSED] - verifyElementPropertyValue(getResponse, "offers[11].groups[0].pricingPlans[0].visualElements[1].key", "display_title"): Verify element property value successfully

2023-10-16 14:04:47 - [MESSAGE][PASSED] - Verify element property value successfully

2023-10-16 14:04:47 - [TEST_STEP][FAILED] - verifyElementPropertyValue(getResponse, "offers[11].groups[0].pricingPlans[0].visualElements[1].value", "30% Discount Offer"): Expected element property value '30% Discount Offer' is not equal with actual property value '30% Discount Offer​'

2023-10-16 14:04:47 - [MESSAGE][FAILED] - Expected element property value '30% Discount Offer' is not equal with actual property value '30% Discount Offer​'

2023-10-16 14:04:47 - [TEST_STEP][PASSED] - verifyElementPropertyValue(getResponse, "offers[11].groups[0].pricingPlans[0].visualElements[3].key", "deduction_text"): Verify element property value successfully

2023-10-16 14:04:47 - [MESSAGE][PASSED] - Verify element property value successfully

2023-10-16 14:04:47 - [TEST_STEP][PASSED] - verifyElementPropertyValue(getResponse, "offers[11].groups[0].pricingPlans[0].visualElements[3].value", "billed every month"): Verify element property value successfully

2023-10-16 14:04:47 - [MESSAGE][PASSED] - Verify element property value successfully

2023-10-16 14:04:47 - [TEST_STEP][PASSED] - verifyElementPropertyValue(getResponse, "offers[11].groups[0].pricingPlans[0].visualElements[6].key", "show_payment_logo"): Verify element property value successfully

2023-10-16 14:04:47 - [MESSAGE][PASSED] - Verify element property value successfully

2023-10-16 14:04:47 - [TEST_STEP][PASSED] - verifyElementPropertyValue(getResponse, "offers[11].groups[0].pricingPlans[0].visualElements[6].value", "true"): Verify element property value successfully

2023-10-16 14:04:47 - [MESSAGE][PASSED] - Verify element property value successfully

2023-10-16 14:04:47 - [TEST_STEP][PASSED] - verifyElementPropertyValue(getResponse, "offers[11].groups[0].pricingPlans[0].visualElements[8].key", "price"): Verify element property value successfully

2023-10-16 14:04:47 - [MESSAGE][PASSED] - Verify element property value successfully

2023-10-16 14:04:47 - [TEST_STEP][PASSED] - verifyElementPropertyValue(getResponse, "offers[11].groups[0].pricingPlans[0].visualElements[8].value", "30.9"): Verify element property value successfully

2023-10-16 14:04:47 - [MESSAGE][PASSED] - Verify element property value successfully

2023-10-16 14:04:47 - [TEST_STEP][PASSED] - verifyElementPropertyValue(getResponse, "offers[11].groups[0].pricingPlans[0].visualElements[9].key", "currency"): Verify element property value successfully

2023-10-16 14:04:47 - [MESSAGE][PASSED] - Verify element property value successfully

2023-10-16 14:04:47 - [TEST_STEP][PASSED] - verifyElementPropertyValue(getResponse, "offers[11].groups[0].pricingPlans[0].visualElements[9].value", "₪"): Verify element property value successfully

2023-10-16 14:04:47 - [MESSAGE][PASSED] - Verify element property value successfully

2023-10-16 14:04:47 - [TEST_STEP][PASSED] - verifyElementPropertyValue(getResponse, "offers[11].groups[0].pricingPlans[0].visualElements[10].key", "duration"): Verify element property value successfully

2023-10-16 14:04:47 - [MESSAGE][PASSED] - Verify element property value successfully

2023-10-16 14:04:47 - [TEST_STEP][PASSED] - verifyElementPropertyValue(getResponse, "offers[11].groups[0].pricingPlans[0].visualElements[10].value", "Monthly"): Verify element property value successfully

2023-10-16 14:04:47 - [MESSAGE][PASSED] - Verify element property value successfully

2023-10-16 14:04:47 - [TEST_STEP][PASSED] - verifyElementPropertyValue(getResponse, "offers[11].groups[0].pricingPlans[0].visualElements[11].key", "featured_tag_text"): Verify element property value successfully

2023-10-16 14:04:47 - [MESSAGE][PASSED] - Verify element property value successfully

2023-10-16 14:04:47 - [TEST_STEP][PASSED] - verifyElementPropertyValue(getResponse, "offers[11].groups[0].pricingPlans[0].visualElements[11].value", "Limited Time Offer"): Verify element property value successfully

2023-10-16 14:04:47 - [MESSAGE][PASSED] - Verify element property value successfully

2023-10-16 14:04:47 - [TEST_STEP][PASSED] - verifyElementPropertyValue(getResponse, "offers[11].groups[0].pricingPlans[0].visualElements[12].key", "show_tag"): Verify element property value successfully

2023-10-16 14:04:47 - [MESSAGE][PASSED] - Verify element property value successfully

2023-10-16 14:04:47 - [TEST_STEP][PASSED] - verifyElementPropertyValue(getResponse, "offers[11].groups[0].pricingPlans[0].visualElements[12].value", "true"): Verify element property value successfully

2023-10-16 14:04:47 - [MESSAGE][PASSED] - Verify element property value successfully

2023-10-16 14:04:47 - [TEST_STEP][PASSED] - verifyElementPropertyValue(getResponse, "offers[11].groups[0].pricingPlans[0].visualElements[13].key", "tag_text"): Verify element property value successfully

2023-10-16 14:04:47 - [MESSAGE][PASSED] - Verify element property value successfully

2023-10-16 14:04:47 - [TEST_STEP][PASSED] - verifyElementPropertyValue(getResponse, "offers[11].groups[0].pricingPlans[0].visualElements[13].value", "Save 30%"): Verify element property value successfully

2023-10-16 14:04:47 - [MESSAGE][PASSED] - Verify element property value successfully

2023-10-16 14:04:47 - [TEST_STEP][PASSED] - verifyElementPropertyValue(getResponse, "offers[11].groups[0].pricingPlans[0].pricingPlanData[0].productId", "ISR_B2C_SHAHID_VIP_SPORT_1M"): Verify element property value successfully

2023-10-16 14:04:47 - [MESSAGE][PASSED] - Verify element property value successfully

2023-10-16 14:04:47 - [TEST_STEP][PASSED] - verifyElementPropertyValue(getResponse, "offers[11].groups[0].pricingPlans[0].pricingPlanData[0].paymentMethod", "CREDIT_CARD"): Verify element property value successfully

2023-10-16 14:04:48 - [MESSAGE][PASSED] - Verify element property value successfully

2023-10-16 14:04:48 - [TEST_STEP][PASSED] - verifyElementPropertyValue(getResponse, "offers[11].groups[0].pricingPlans[0].pricingPlanData[0].freeTrialEnabled", "false"): Verify element property value successfully

2023-10-16 14:04:48 - [MESSAGE][PASSED] - Verify element property value successfully

2023-10-16 14:04:48 - [TEST_STEP][PASSED] - verifyElementPropertyValue(getResponse, "offers[11].groups[0].pricingPlans[0].pricingPlanData[0].showIn[0]", "VERTICAL_MODE"): Verify element property value successfully

2023-10-16 14:04:48 - [MESSAGE][PASSED] - Verify element property value successfully

2023-10-16 14:04:48 - [TEST_STEP][PASSED] - verifyElementPropertyValue(getResponse, "offers[11].groups[0].pricingPlans[0].pricingPlanData[0].showIn[1]", "HORIZONTAL_MODE"): Verify element property value successfully

2023-10-16 14:04:48 - [MESSAGE][PASSED] - Verify element property value successfully

2023-10-16 14:04:48 - [TEST_STEP][PASSED] - verifyElementPropertyValue(getResponse, "offers[11].groups[0].pricingPlans[0].pricingPlanData[0].priceLabel", "30.9"): Verify element property value successfully

2023-10-16 14:04:48 - [MESSAGE][PASSED] - Verify element property value successfully

2023-10-16 14:04:51 - [TEST_STEP][PASSED] - verifyElementPropertyValue(getResponse, "offers[11].groups[0].pricingPlans[0].pricingPlanData[0].currencyLabel", "₪"): Verify element property value successfully

2023-10-16 14:04:52 - [MESSAGE][PASSED] - Verify element property value successfully

2023-10-16 14:04:52 - [TEST_STEP][PASSED] - verifyElementPropertyValue(getResponse, "offers[11].groups[0].pricingPlans[0].pricingPlanData[0].dealId", "BYG_SPORT_30P_ISR"): Verify element property value successfully

2023-10-16 14:04:52 - [MESSAGE][PASSED] - Verify element property value successfully

2023-10-16 14:04:52 - [TEST_STEP][PASSED] - verifyElementPropertyValue(getResponse, "offers[11].groups[0].pricingPlans[0].pricingPlanData[0].allowedForAcquisition", "true"): Verify element property value successfully

2023-10-16 14:04:52 - [MESSAGE][PASSED] - Verify element property value successfully

2023-10-16 14:04:52 - [TEST_STEP][PASSED] - verifyElementPropertyValue(getResponse, "offers[11].groups[0].pricingPlans[0].pricingPlanData[0].visualElements[0].key", "title"): Verify element property value successfully

2023-10-16 14:04:58 - [MESSAGE][PASSED] - Verify element property value successfully

2023-10-16 14:04:58 - [TEST_STEP][PASSED] - verifyElementPropertyValue(getResponse, "offers[11].groups[0].pricingPlans[0].pricingPlanData[0].visualElements[0].value", "Credit/Debit Card"): Verify element property value successfully

2023-10-16 14:04:58 - [MESSAGE][PASSED] - Verify element property value successfully

2023-10-16 14:04:58 - [TEST_STEP][PASSED] - verifyElementPropertyValue(getResponse, "offers[11].groups[0].pricingPlans[0].pricingPlanData[0].visualElements[1].key", "CTA_text"): Verify element property value successfully

2023-10-16 14:04:58 - [MESSAGE][PASSED] - Verify element property value successfully

2023-10-16 14:04:58 - [TEST_STEP][PASSED] - verifyElementPropertyValue(getResponse, "offers[11].groups[0].pricingPlans[0].pricingPlanData[0].visualElements[1].value", "Subscribe"): Verify element property value successfully

2023-10-16 14:04:58 - [MESSAGE][PASSED] - Verify element property value successfully

2023-10-16 14:04:58 - [TEST_STEP][PASSED] - verifyElementPropertyValue(getResponse, "offers[11].groups[0].pricingPlans[0].pricingPlanData[0].visualElements[2].key", "logo"): Verify element property value successfully

2023-10-16 14:04:58 - [MESSAGE][PASSED] - Verify element property value successfully

2023-10-16 14:04:58 - [TEST_STEP][PASSED] - verifyElementPropertyValue(getResponse, "offers[11].groups[0].pricingPlans[0].pricingPlanData[0].visualElements[2].value", "https://static.s3.shahid.mbc.net/widget-images/icons/iconCreditCard.png"): Verify element property value successfully

2023-10-16 14:04:58 - [MESSAGE][PASSED] - Verify element property value successfully

2023-10-16 14:04:58 - [TEST_STEP][PASSED] - verifyElementPropertyValue(getResponse, "offers[12].offerId", "byg-sport-40-offer"): Verify element property value successfully

2023-10-16 14:04:58 - [MESSAGE][PASSED] - Verify element property value successfully

2023-10-16 14:04:58 - [TEST_STEP][PASSED] - verifyElementPropertyValue(getResponse, "offers[12].offerParam", "bygsportsoffer40"): Verify element property value successfully

2023-10-16 14:04:58 - [MESSAGE][PASSED] - Verify element property value successfully

2023-10-16 14:04:58 - [TEST_STEP][PASSED] - verifyElementPropertyValue(getResponse, "offers[12].groups[0].pricingPlans[0].featured", "true"): Verify element property value successfully

2023-10-16 14:04:58 - [MESSAGE][PASSED] - Verify element property value successfully

2023-10-16 14:04:58 - [TEST_STEP][PASSED] - verifyElementPropertyValue(getResponse, "offers[12].groups[0].pricingPlans[0].period", "monthly"): Verify element property value successfully

2023-10-16 14:04:58 - [MESSAGE][PASSED] - Verify element property value successfully

2023-10-16 14:04:58 - [TEST_STEP][PASSED] - verifyElementPropertyValue(getResponse, "offers[12].groups[0].pricingPlans[0].featured", "true"): Verify element property value successfully

2023-10-16 14:04:58 - [MESSAGE][PASSED] - Verify element property value successfully

2023-10-16 14:04:58 - [TEST_STEP][PASSED] - verifyElementPropertyValue(getResponse, "offers[12].groups[0].pricingPlans[0].price", "26.5"): Verify element property value successfully

2023-10-16 14:04:58 - [MESSAGE][PASSED] - Verify element property value successfully

2023-10-16 14:04:58 - [TEST_STEP][PASSED] - verifyElementPropertyValue(getResponse, "offers[12].groups[0].pricingPlans[0].currency", "₪"): Verify element property value successfully

2023-10-16 14:04:58 - [MESSAGE][PASSED] - Verify element property value successfully

2023-10-16 14:04:58 - [TEST_STEP][PASSED] - verifyElementPropertyValue(getResponse, "offers[12].groups[0].pricingPlans[0].order", "0"): Verify element property value successfully

2023-10-16 14:04:58 - [MESSAGE][PASSED] - Verify element property value successfully

2023-10-16 14:04:58 - [TEST_STEP][PASSED] - verifyElementPropertyValue(getResponse, "offers[12].groups[0].pricingPlans[0].packageId", "SHAHID_VIP_SPORT"): Verify element property value successfully

2023-10-16 14:04:58 - [MESSAGE][PASSED] - Verify element property value successfully

2023-10-16 14:04:58 - [TEST_STEP][PASSED] - verifyElementPropertyValue(getResponse, "offers[12].groups[0].pricingPlans[0].catalogId", "SPORT"): Verify element property value successfully

2023-10-16 14:04:58 - [MESSAGE][PASSED] - Verify element property value successfully

2023-10-16 14:04:58 - [TEST_STEP][PASSED] - verifyElementPropertyValue(getResponse, "offers[12].groups[0].pricingPlans[0].visualElements[0].key", "Header_1_text"): Verify element property value successfully

2023-10-16 14:04:58 - [MESSAGE][PASSED] - Verify element property value successfully

2023-10-16 14:04:58 - [TEST_STEP][PASSED] - verifyElementPropertyValue(getResponse, "offers[12].groups[0].pricingPlans[0].visualElements[0].value", "Watch the most powerful series and movies exclusively without stopping"): Verify element property value successfully

2023-10-16 14:04:58 - [MESSAGE][PASSED] - Verify element property value successfully

2023-10-16 14:04:58 - [TEST_STEP][PASSED] - verifyElementPropertyValue(getResponse, "offers[12].groups[0].pricingPlans[0].visualElements[1].key", "display_title"): Verify element property value successfully

2023-10-16 14:04:58 - [MESSAGE][PASSED] - Verify element property value successfully

2023-10-16 14:04:58 - [TEST_STEP][FAILED] - verifyElementPropertyValue(getResponse, "offers[12].groups[0].pricingPlans[0].visualElements[1].value", "40% Discount Offer"): Expected element property value '40% Discount Offer' is not equal with actual property value '40% Discount Offer​'

2023-10-16 14:04:58 - [MESSAGE][FAILED] - Expected element property value '40% Discount Offer' is not equal with actual property value '40% Discount Offer​'

2023-10-16 14:04:58 - [TEST_STEP][PASSED] - verifyElementPropertyValue(getResponse, "offers[12].groups[0].pricingPlans[0].visualElements[3].key", "deduction_text"): Verify element property value successfully

2023-10-16 14:04:58 - [MESSAGE][PASSED] - Verify element property value successfully

2023-10-16 14:04:58 - [TEST_STEP][PASSED] - verifyElementPropertyValue(getResponse, "offers[12].groups[0].pricingPlans[0].visualElements[3].value", "billed every month"): Verify element property value successfully

2023-10-16 14:04:58 - [MESSAGE][PASSED] - Verify element property value successfully

2023-10-16 14:04:58 - [TEST_STEP][PASSED] - verifyElementPropertyValue(getResponse, "offers[12].groups[0].pricingPlans[0].visualElements[6].key", "show_payment_logo"): Verify element property value successfully

2023-10-16 14:04:58 - [MESSAGE][PASSED] - Verify element property value successfully

2023-10-16 14:04:58 - [TEST_STEP][PASSED] - verifyElementPropertyValue(getResponse, "offers[12].groups[0].pricingPlans[0].visualElements[6].value", "true"): Verify element property value successfully

2023-10-16 14:04:58 - [MESSAGE][PASSED] - Verify element property value successfully

2023-10-16 14:04:58 - [TEST_STEP][PASSED] - verifyElementPropertyValue(getResponse, "offers[12].groups[0].pricingPlans[0].visualElements[8].key", "price"): Verify element property value successfully

2023-10-16 14:04:58 - [MESSAGE][PASSED] - Verify element property value successfully

2023-10-16 14:04:58 - [TEST_STEP][PASSED] - verifyElementPropertyValue(getResponse, "offers[12].groups[0].pricingPlans[0].visualElements[8].value", "26.5"): Verify element property value successfully

2023-10-16 14:04:58 - [MESSAGE][PASSED] - Verify element property value successfully

2023-10-16 14:04:58 - [TEST_STEP][PASSED] - verifyElementPropertyValue(getResponse, "offers[12].groups[0].pricingPlans[0].visualElements[9].key", "currency"): Verify element property value successfully

2023-10-16 14:04:58 - [MESSAGE][PASSED] - Verify element property value successfully

2023-10-16 14:04:58 - [TEST_STEP][PASSED] - verifyElementPropertyValue(getResponse, "offers[12].groups[0].pricingPlans[0].visualElements[9].value", "₪"): Verify element property value successfully

2023-10-16 14:04:59 - [MESSAGE][PASSED] - Verify element property value successfully

2023-10-16 14:04:59 - [TEST_STEP][PASSED] - verifyElementPropertyValue(getResponse, "offers[12].groups[0].pricingPlans[0].visualElements[10].key", "duration"): Verify element property value successfully

2023-10-16 14:04:59 - [MESSAGE][PASSED] - Verify element property value successfully

2023-10-16 14:04:59 - [TEST_STEP][PASSED] - verifyElementPropertyValue(getResponse, "offers[12].groups[0].pricingPlans[0].visualElements[10].value", "Monthly"): Verify element property value successfully

2023-10-16 14:04:59 - [MESSAGE][PASSED] - Verify element property value successfully

2023-10-16 14:04:59 - [TEST_STEP][PASSED] - verifyElementPropertyValue(getResponse, "offers[12].groups[0].pricingPlans[0].visualElements[11].key", "featured_tag_text"): Verify element property value successfully

2023-10-16 14:04:59 - [MESSAGE][PASSED] - Verify element property value successfully

2023-10-16 14:04:59 - [TEST_STEP][PASSED] - verifyElementPropertyValue(getResponse, "offers[12].groups[0].pricingPlans[0].visualElements[11].value", "Limited Time Offer"): Verify element property value successfully

2023-10-16 14:04:59 - [MESSAGE][PASSED] - Verify element property value successfully

2023-10-16 14:04:59 - [TEST_STEP][PASSED] - verifyElementPropertyValue(getResponse, "offers[12].groups[0].pricingPlans[0].visualElements[13].key", "tag_text"): Verify element property value successfully

2023-10-16 14:04:59 - [MESSAGE][PASSED] - Verify element property value successfully

2023-10-16 14:04:59 - [TEST_STEP][PASSED] - verifyElementPropertyValue(getResponse, "offers[12].groups[0].pricingPlans[0].visualElements[13].value", "Save 40%"): Verify element property value successfully

2023-10-16 14:04:59 - [MESSAGE][PASSED] - Verify element property value successfully

2023-10-16 14:04:59 - [TEST_STEP][PASSED] - verifyElementPropertyValue(getResponse, "offers[12].groups[0].pricingPlans[0].visualElements[12].key", "show_tag"): Verify element property value successfully

2023-10-16 14:04:59 - [MESSAGE][PASSED] - Verify element property value successfully

2023-10-16 14:04:59 - [TEST_STEP][PASSED] - verifyElementPropertyValue(getResponse, "offers[12].groups[0].pricingPlans[0].visualElements[12].value", "true"): Verify element property value successfully

2023-10-16 14:04:59 - [MESSAGE][PASSED] - Verify element property value successfully

2023-10-16 14:04:59 - [TEST_STEP][PASSED] - verifyElementPropertyValue(getResponse, "offers[12].groups[0].pricingPlans[0].pricingPlanData[0].productId", "ISR_B2C_SHAHID_VIP_SPORT_1M"): Verify element property value successfully

2023-10-16 14:04:59 - [MESSAGE][PASSED] - Verify element property value successfully

2023-10-16 14:04:59 - [TEST_STEP][PASSED] - verifyElementPropertyValue(getResponse, "offers[12].groups[0].pricingPlans[0].pricingPlanData[0].paymentMethod", "CREDIT_CARD"): Verify element property value successfully

2023-10-16 14:04:59 - [MESSAGE][PASSED] - Verify element property value successfully

2023-10-16 14:04:59 - [TEST_STEP][PASSED] - verifyElementPropertyValue(getResponse, "offers[12].groups[0].pricingPlans[0].pricingPlanData[0].freeTrialEnabled", "false"): Verify element property value successfully

2023-10-16 14:04:59 - [MESSAGE][PASSED] - Verify element property value successfully

2023-10-16 14:04:59 - [TEST_STEP][PASSED] - verifyElementPropertyValue(getResponse, "offers[12].groups[0].pricingPlans[0].pricingPlanData[0].showIn[0]", "VERTICAL_MODE"): Verify element property value successfully

2023-10-16 14:04:59 - [MESSAGE][PASSED] - Verify element property value successfully

2023-10-16 14:04:59 - [TEST_STEP][PASSED] - verifyElementPropertyValue(getResponse, "offers[12].groups[0].pricingPlans[0].pricingPlanData[0].showIn[1]", "HORIZONTAL_MODE"): Verify element property value successfully

2023-10-16 14:04:59 - [MESSAGE][PASSED] - Verify element property value successfully

2023-10-16 14:04:59 - [TEST_STEP][PASSED] - verifyElementPropertyValue(getResponse, "offers[12].groups[0].pricingPlans[0].pricingPlanData[0].priceLabel", "26.5"): Verify element property value successfully

2023-10-16 14:04:59 - [MESSAGE][PASSED] - Verify element property value successfully

2023-10-16 14:04:59 - [TEST_STEP][PASSED] - verifyElementPropertyValue(getResponse, "offers[12].groups[0].pricingPlans[0].pricingPlanData[0].currencyLabel", "₪"): Verify element property value successfully

2023-10-16 14:04:59 - [MESSAGE][PASSED] - Verify element property value successfully

2023-10-16 14:04:59 - [TEST_STEP][PASSED] - verifyElementPropertyValue(getResponse, "offers[12].groups[0].pricingPlans[0].pricingPlanData[0].dealId", "BYG_SPORT_40P_ISR"): Verify element property value successfully

2023-10-16 14:04:59 - [MESSAGE][PASSED] - Verify element property value successfully

2023-10-16 14:04:59 - [TEST_STEP][PASSED] - verifyElementPropertyValue(getResponse, "offers[12].groups[0].pricingPlans[0].pricingPlanData[0].allowedForAcquisition", "true"): Verify element property value successfully

2023-10-16 14:04:59 - [MESSAGE][PASSED] - Verify element property value successfully

2023-10-16 14:04:59 - [TEST_STEP][PASSED] - verifyElementPropertyValue(getResponse, "offers[12].groups[0].pricingPlans[0].pricingPlanData[0].visualElements[0].key", "title"): Verify element property value successfully

2023-10-16 14:04:59 - [MESSAGE][PASSED] - Verify element property value successfully

2023-10-16 14:04:59 - [TEST_STEP][PASSED] - verifyElementPropertyValue(getResponse, "offers[12].groups[0].pricingPlans[0].pricingPlanData[0].visualElements[0].value", "Credit/Debit Card"): Verify element property value successfully

2023-10-16 14:04:59 - [MESSAGE][PASSED] - Verify element property value successfully

2023-10-16 14:04:59 - [TEST_STEP][PASSED] - verifyElementPropertyValue(getResponse, "offers[12].groups[0].pricingPlans[0].pricingPlanData[0].visualElements[1].key", "CTA_text"): Verify element property value successfully

2023-10-16 14:04:59 - [MESSAGE][PASSED] - Verify element property value successfully

2023-10-16 14:04:59 - [TEST_STEP][PASSED] - verifyElementPropertyValue(getResponse, "offers[12].groups[0].pricingPlans[0].pricingPlanData[0].visualElements[1].value", "Subscribe"): Verify element property value successfully

2023-10-16 14:04:59 - [MESSAGE][PASSED] - Verify element property value successfully

2023-10-16 14:04:59 - [TEST_STEP][PASSED] - verifyElementPropertyValue(getResponse, "offers[12].groups[0].pricingPlans[0].pricingPlanData[0].visualElements[2].key", "logo"): Verify element property value successfully

2023-10-16 14:04:59 - [MESSAGE][PASSED] - Verify element property value successfully

2023-10-16 14:04:59 - [TEST_STEP][PASSED] - verifyElementPropertyValue(getResponse, "offers[12].groups[0].pricingPlans[0].pricingPlanData[0].visualElements[2].value", "https://static.s3.shahid.mbc.net/widget-images/icons/iconCreditCard.png"): Verify element property value successfully

2023-10-16 14:04:59 - [MESSAGE][PASSED] - Verify element property value successfully

2023-10-16 14:04:59 - [TEST_STEP][PASSED] - verifyElementPropertyValue(getResponse, "offers[13].offerId", "byg-sport-50-offer"): Verify element property value successfully

2023-10-16 14:04:59 - [MESSAGE][PASSED] - Verify element property value successfully

2023-10-16 14:04:59 - [TEST_STEP][PASSED] - verifyElementPropertyValue(getResponse, "offers[13].offerParam", "bygsportsoffer50"): Verify element property value successfully

2023-10-16 14:04:59 - [MESSAGE][PASSED] - Verify element property value successfully

2023-10-16 14:04:59 - [TEST_STEP][PASSED] - verifyElementPropertyValue(getResponse, "offers[13].groups[0].pricingPlans[0].featured", "true"): Verify element property value successfully

2023-10-16 14:04:59 - [MESSAGE][PASSED] - Verify element property value successfully

2023-10-16 14:04:59 - [TEST_STEP][PASSED] - verifyElementPropertyValue(getResponse, "offers[13].groups[0].pricingPlans[0].period", "monthly"): Verify element property value successfully

2023-10-16 14:04:59 - [MESSAGE][PASSED] - Verify element property value successfully

2023-10-16 14:04:59 - [TEST_STEP][PASSED] - verifyElementPropertyValue(getResponse, "offers[13].groups[0].pricingPlans[0].featured", "true"): Verify element property value successfully

2023-10-16 14:04:59 - [MESSAGE][PASSED] - Verify element property value successfully

2023-10-16 14:04:59 - [TEST_STEP][PASSED] - verifyElementPropertyValue(getResponse, "offers[13].groups[0].pricingPlans[0].price", "22.0"): Verify element property value successfully

2023-10-16 14:04:59 - [MESSAGE][PASSED] - Verify element property value successfully

2023-10-16 14:04:59 - [TEST_STEP][PASSED] - verifyElementPropertyValue(getResponse, "offers[13].groups[0].pricingPlans[0].currency", "₪"): Verify element property value successfully

2023-10-16 14:04:59 - [MESSAGE][PASSED] - Verify element property value successfully

2023-10-16 14:04:59 - [TEST_STEP][PASSED] - verifyElementPropertyValue(getResponse, "offers[13].groups[0].pricingPlans[0].order", "0"): Verify element property value successfully

2023-10-16 14:04:59 - [MESSAGE][PASSED] - Verify element property value successfully

2023-10-16 14:04:59 - [TEST_STEP][PASSED] - verifyElementPropertyValue(getResponse, "offers[13].groups[0].pricingPlans[0].packageId", "SHAHID_VIP_SPORT"): Verify element property value successfully

2023-10-16 14:04:59 - [MESSAGE][PASSED] - Verify element property value successfully

2023-10-16 14:04:59 - [TEST_STEP][PASSED] - verifyElementPropertyValue(getResponse, "offers[13].groups[0].pricingPlans[0].catalogId", "SPORT"): Verify element property value successfully

2023-10-16 14:04:59 - [MESSAGE][PASSED] - Verify element property value successfully

2023-10-16 14:04:59 - [TEST_STEP][PASSED] - verifyElementPropertyValue(getResponse, "offers[13].groups[0].pricingPlans[0].visualElements[0].key", "Header_1_text"): Verify element property value successfully

2023-10-16 14:04:59 - [MESSAGE][PASSED] - Verify element property value successfully

2023-10-16 14:04:59 - [TEST_STEP][PASSED] - verifyElementPropertyValue(getResponse, "offers[13].groups[0].pricingPlans[0].visualElements[0].value", "Watch the most powerful series and movies exclusively without stopping"): Verify element property value successfully

2023-10-16 14:04:59 - [MESSAGE][PASSED] - Verify element property value successfully

2023-10-16 14:04:59 - [TEST_STEP][PASSED] - verifyElementPropertyValue(getResponse, "offers[13].groups[0].pricingPlans[0].visualElements[1].key", "display_title"): Verify element property value successfully

2023-10-16 14:04:59 - [MESSAGE][PASSED] - Verify element property value successfully

2023-10-16 14:04:59 - [TEST_STEP][FAILED] - verifyElementPropertyValue(getResponse, "offers[13].groups[0].pricingPlans[0].visualElements[1].value", "50% Discount Offer"): Expected element property value '50% Discount Offer' is not equal with actual property value '50% Discount Offer​'

2023-10-16 14:04:59 - [MESSAGE][FAILED] - Expected element property value '50% Discount Offer' is not equal with actual property value '50% Discount Offer​'

2023-10-16 14:04:59 - [TEST_STEP][PASSED] - verifyElementPropertyValue(getResponse, "offers[13].groups[0].pricingPlans[0].visualElements[3].key", "deduction_text"): Verify element property value successfully

2023-10-16 14:04:59 - [MESSAGE][PASSED] - Verify element property value successfully

2023-10-16 14:04:59 - [TEST_STEP][PASSED] - verifyElementPropertyValue(getResponse, "offers[13].groups[0].pricingPlans[0].visualElements[3].value", "billed every month"): Verify element property value successfully

2023-10-16 14:04:59 - [MESSAGE][PASSED] - Verify element property value successfully

2023-10-16 14:04:59 - [TEST_STEP][PASSED] - verifyElementPropertyValue(getResponse, "offers[13].groups[0].pricingPlans[0].visualElements[6].key", "show_payment_logo"): Verify element property value successfully

2023-10-16 14:04:59 - [MESSAGE][PASSED] - Verify element property value successfully

2023-10-16 14:04:59 - [TEST_STEP][PASSED] - verifyElementPropertyValue(getResponse, "offers[13].groups[0].pricingPlans[0].visualElements[6].value", "true"): Verify element property value successfully

2023-10-16 14:04:59 - [MESSAGE][PASSED] - Verify element property value successfully

2023-10-16 14:04:59 - [TEST_STEP][PASSED] - verifyElementPropertyValue(getResponse, "offers[13].groups[0].pricingPlans[0].visualElements[8].key", "price"): Verify element property value successfully

2023-10-16 14:04:59 - [MESSAGE][PASSED] - Verify element property value successfully

2023-10-16 14:04:59 - [TEST_STEP][PASSED] - verifyElementPropertyValue(getResponse, "offers[13].groups[0].pricingPlans[0].visualElements[8].value", "22"): Verify element property value successfully

2023-10-16 14:04:59 - [MESSAGE][PASSED] - Verify element property value successfully

2023-10-16 14:04:59 - [TEST_STEP][PASSED] - verifyElementPropertyValue(getResponse, "offers[13].groups[0].pricingPlans[0].visualElements[9].key", "currency"): Verify element property value successfully

2023-10-16 14:04:59 - [MESSAGE][PASSED] - Verify element property value successfully

2023-10-16 14:04:59 - [TEST_STEP][PASSED] - verifyElementPropertyValue(getResponse, "offers[13].groups[0].pricingPlans[0].visualElements[9].value", "₪"): Verify element property value successfully

2023-10-16 14:04:59 - [MESSAGE][PASSED] - Verify element property value successfully

2023-10-16 14:04:59 - [TEST_STEP][PASSED] - verifyElementPropertyValue(getResponse, "offers[13].groups[0].pricingPlans[0].visualElements[10].key", "duration"): Verify element property value successfully

2023-10-16 14:04:59 - [MESSAGE][PASSED] - Verify element property value successfully

2023-10-16 14:04:59 - [TEST_STEP][PASSED] - verifyElementPropertyValue(getResponse, "offers[13].groups[0].pricingPlans[0].visualElements[10].value", "Monthly"): Verify element property value successfully

2023-10-16 14:04:59 - [MESSAGE][PASSED] - Verify element property value successfully

2023-10-16 14:04:59 - [TEST_STEP][PASSED] - verifyElementPropertyValue(getResponse, "offers[13].groups[0].pricingPlans[0].visualElements[11].key", "featured_tag_text"): Verify element property value successfully

2023-10-16 14:04:59 - [MESSAGE][PASSED] - Verify element property value successfully

2023-10-16 14:04:59 - [TEST_STEP][PASSED] - verifyElementPropertyValue(getResponse, "offers[13].groups[0].pricingPlans[0].visualElements[11].value", "Limited Time Offer"): Verify element property value successfully

2023-10-16 14:04:59 - [MESSAGE][PASSED] - Verify element property value successfully

2023-10-16 14:04:59 - [TEST_STEP][PASSED] - verifyElementPropertyValue(getResponse, "offers[13].groups[0].pricingPlans[0].visualElements[13].key", "tag_text"): Verify element property value successfully

2023-10-16 14:04:59 - [MESSAGE][PASSED] - Verify element property value successfully

2023-10-16 14:04:59 - [TEST_STEP][PASSED] - verifyElementPropertyValue(getResponse, "offers[13].groups[0].pricingPlans[0].visualElements[13].value", "Save 50%"): Verify element property value successfully

2023-10-16 14:04:59 - [MESSAGE][PASSED] - Verify element property value successfully

2023-10-16 14:04:59 - [TEST_STEP][PASSED] - verifyElementPropertyValue(getResponse, "offers[13].groups[0].pricingPlans[0].visualElements[12].key", "show_tag"): Verify element property value successfully

2023-10-16 14:04:59 - [MESSAGE][PASSED] - Verify element property value successfully

2023-10-16 14:04:59 - [TEST_STEP][PASSED] - verifyElementPropertyValue(getResponse, "offers[13].groups[0].pricingPlans[0].visualElements[12].value", "true"): Verify element property value successfully

2023-10-16 14:04:59 - [MESSAGE][PASSED] - Verify element property value successfully

2023-10-16 14:04:59 - [TEST_STEP][PASSED] - verifyElementPropertyValue(getResponse, "offers[13].groups[0].pricingPlans[0].pricingPlanData[0].productId", "ISR_B2C_SHAHID_VIP_SPORT_1M"): Verify element property value successfully

2023-10-16 14:04:59 - [MESSAGE][PASSED] - Verify element property value successfully

2023-10-16 14:04:59 - [TEST_STEP][PASSED] - verifyElementPropertyValue(getResponse, "offers[13].groups[0].pricingPlans[0].pricingPlanData[0].paymentMethod", "CREDIT_CARD"): Verify element property value successfully

2023-10-16 14:04:59 - [MESSAGE][PASSED] - Verify element property value successfully

2023-10-16 14:04:59 - [TEST_STEP][PASSED] - verifyElementPropertyValue(getResponse, "offers[13].groups[0].pricingPlans[0].pricingPlanData[0].freeTrialEnabled", "false"): Verify element property value successfully

2023-10-16 14:04:59 - [MESSAGE][PASSED] - Verify element property value successfully

2023-10-16 14:04:59 - [TEST_STEP][PASSED] - verifyElementPropertyValue(getResponse, "offers[13].groups[0].pricingPlans[0].pricingPlanData[0].showIn[0]", "VERTICAL_MODE"): Verify element property value successfully

2023-10-16 14:04:59 - [MESSAGE][PASSED] - Verify element property value successfully

2023-10-16 14:04:59 - [TEST_STEP][PASSED] - verifyElementPropertyValue(getResponse, "offers[13].groups[0].pricingPlans[0].pricingPlanData[0].showIn[1]", "HORIZONTAL_MODE"): Verify element property value successfully

2023-10-16 14:04:59 - [MESSAGE][PASSED] - Verify element property value successfully

2023-10-16 14:04:59 - [TEST_STEP][PASSED] - verifyElementPropertyValue(getResponse, "offers[13].groups[0].pricingPlans[0].pricingPlanData[0].priceLabel", "22"): Verify element property value successfully

2023-10-16 14:04:59 - [MESSAGE][PASSED] - Verify element property value successfully

2023-10-16 14:04:59 - [TEST_STEP][PASSED] - verifyElementPropertyValue(getResponse, "offers[13].groups[0].pricingPlans[0].pricingPlanData[0].currencyLabel", "₪"): Verify element property value successfully

2023-10-16 14:04:59 - [MESSAGE][PASSED] - Verify element property value successfully

2023-10-16 14:04:59 - [TEST_STEP][PASSED] - verifyElementPropertyValue(getResponse, "offers[13].groups[0].pricingPlans[0].pricingPlanData[0].dealId", "BYG_SPORT_50P_ISR"): Verify element property value successfully

2023-10-16 14:04:59 - [MESSAGE][PASSED] - Verify element property value successfully

2023-10-16 14:04:59 - [TEST_STEP][PASSED] - verifyElementPropertyValue(getResponse, "offers[13].groups[0].pricingPlans[0].pricingPlanData[0].allowedForAcquisition", "true"): Verify element property value successfully

2023-10-16 14:04:59 - [MESSAGE][PASSED] - Verify element property value successfully

2023-10-16 14:04:59 - [TEST_STEP][PASSED] - verifyElementPropertyValue(getResponse, "offers[13].groups[0].pricingPlans[0].pricingPlanData[0].visualElements[0].key", "title"): Verify element property value successfully

2023-10-16 14:04:59 - [MESSAGE][PASSED] - Verify element property value successfully

2023-10-16 14:04:59 - [TEST_STEP][PASSED] - verifyElementPropertyValue(getResponse, "offers[13].groups[0].pricingPlans[0].pricingPlanData[0].visualElements[0].value", "Credit/Debit Card"): Verify element property value successfully

2023-10-16 14:04:59 - [MESSAGE][PASSED] - Verify element property value successfully

2023-10-16 14:04:59 - [TEST_STEP][PASSED] - verifyElementPropertyValue(getResponse, "offers[13].groups[0].pricingPlans[0].pricingPlanData[0].visualElements[1].key", "CTA_text"): Verify element property value successfully

2023-10-16 14:04:59 - [MESSAGE][PASSED] - Verify element property value successfully

2023-10-16 14:04:59 - [TEST_STEP][PASSED] - verifyElementPropertyValue(getResponse, "offers[13].groups[0].pricingPlans[0].pricingPlanData[0].visualElements[1].value", "Subscribe"): Verify element property value successfully

2023-10-16 14:04:59 - [MESSAGE][PASSED] - Verify element property value successfully

2023-10-16 14:04:59 - [TEST_STEP][PASSED] - verifyElementPropertyValue(getResponse, "offers[13].groups[0].pricingPlans[0].pricingPlanData[0].visualElements[2].key", "logo"): Verify element property value successfully

2023-10-16 14:04:59 - [MESSAGE][PASSED] - Verify element property value successfully

2023-10-16 14:04:59 - [TEST_STEP][PASSED] - verifyElementPropertyValue(getResponse, "offers[13].groups[0].pricingPlans[0].pricingPlanData[0].visualElements[2].value", "https://static.s3.shahid.mbc.net/widget-images/icons/iconCreditCard.png"): Verify element property value successfully

2023-10-16 14:04:59 - [MESSAGE][PASSED] - Verify element property value successfully]]></system-out>
         <system-err><![CDATA[2023-10-16 14:04:38 - [TEST_CASE][FAILED] - Test Cases/WEB - CHROME/ISR PI/WEB_EN_getOffersForISR_SPORT: Test Cases/WEB - CHROME/ISR PI/WEB_EN_getOffersForISR_SPORT FAILED.
Reason:
com.kms.katalon.core.exception.StepFailedException: Expected element property value '30% Discount Offer' is not equal with actual property value '30% Discount Offer​'
	at com.kms.katalon.core.keyword.internal.KeywordMain.stepFailed(KeywordMain.groovy:39)
	at com.kms.katalon.core.webservice.keyword.builtin.VerifyElementPropertyValueKeyword$_verifyElementPropertyValue_closure1.doCall(VerifyElementPropertyValueKeyword.groovy:56)
	at com.kms.katalon.core.webservice.keyword.builtin.VerifyElementPropertyValueKeyword$_verifyElementPropertyValue_closure1.call(VerifyElementPropertyValueKeyword.groovy)
	at com.kms.katalon.core.keyword.internal.KeywordMain.runKeyword(KeywordMain.groovy:75)
	at com.kms.katalon.core.webservice.keyword.builtin.VerifyElementPropertyValueKeyword.verifyElementPropertyValue(VerifyElementPropertyValueKeyword.groovy:48)
	at com.kms.katalon.core.webservice.keyword.builtin.VerifyElementPropertyValueKeyword.execute(VerifyElementPropertyValueKeyword.groovy:43)
	at com.kms.katalon.core.keyword.internal.KeywordExecutor.executeKeywordForPlatform(KeywordExecutor.groovy:74)
	at com.kms.katalon.core.webservice.keyword.WSBuiltInKeywords.verifyElementPropertyValue(WSBuiltInKeywords.groovy:190)
	at com.kms.katalon.core.webservice.keyword.WSBuiltInKeywords$verifyElementPropertyValue$1.call(Unknown Source)
	at WEB_EN_getOffersForISR_SPORT.run(WEB_EN_getOffersForISR_SPORT:46)
	at com.kms.katalon.core.main.ScriptEngine.run(ScriptEngine.java:194)
	at com.kms.katalon.core.main.ScriptEngine.runScriptAsRawText(ScriptEngine.java:119)
	at com.kms.katalon.core.main.TestCaseExecutor.runScript(TestCaseExecutor.java:448)
	at com.kms.katalon.core.main.TestCaseExecutor.doExecute(TestCaseExecutor.java:439)
	at com.kms.katalon.core.main.TestCaseExecutor.processExecutionPhase(TestCaseExecutor.java:418)
	at com.kms.katalon.core.main.TestCaseExecutor.accessMainPhase(TestCaseExecutor.java:410)
	at com.kms.katalon.core.main.TestCaseExecutor.execute(TestCaseExecutor.java:285)
	at com.kms.katalon.core.common.CommonExecutor.accessTestCaseMainPhase(CommonExecutor.java:65)
	at com.kms.katalon.core.main.TestSuiteExecutor.accessTestSuiteMainPhase(TestSuiteExecutor.java:148)
	at com.kms.katalon.core.main.TestSuiteExecutor.execute(TestSuiteExecutor.java:106)
	at com.kms.katalon.core.main.TestCaseMain.startTestSuite(TestCaseMain.java:187)
	at com.kms.katalon.core.main.TestCaseMain$startTestSuite$0.call(Unknown Source)
	at TempTestSuite1697454191890.run(TempTestSuite1697454191890.groovy:36)]]></system-err>
      </testcase>
      <testcase name="Test Cases/WEB - CHROME/ISR PI/WEB_EN_getOffersForISR_VIP" time="29.475" classname="Test Cases/WEB - CHROME/ISR PI/WEB_EN_getOffersForISR_VIP" status="FAILED">
         <failure type="FAILED" message="Test Cases/WEB - CHROME/ISR PI/WEB_EN_getOffersForISR_VIP FAILED.
Reason:
com.kms.katalon.core.exception.StepFailedException: Expected element property value '30% Discount Offer' is not equal with actual property value '30% Discount Offer​'
	at com.kms.katalon.core.keyword.internal.KeywordMain.stepFailed(KeywordMain.groovy:39)
	at com.kms.katalon.core.webservice.keyword.builtin.VerifyElementPropertyValueKeyword$_verifyElementPropertyValue_closure1.doCall(VerifyElementPropertyValueKeyword.groovy:56)
	at com.kms.katalon.core.webservice.keyword.builtin.VerifyElementPropertyValueKeyword$_verifyElementPropertyValue_closure1.call(VerifyElementPropertyValueKeyword.groovy)
	at com.kms.katalon.core.keyword.internal.KeywordMain.runKeyword(KeywordMain.groovy:75)
	at com.kms.katalon.core.webservice.keyword.builtin.VerifyElementPropertyValueKeyword.verifyElementPropertyValue(VerifyElementPropertyValueKeyword.groovy:48)
	at com.kms.katalon.core.webservice.keyword.builtin.VerifyElementPropertyValueKeyword.execute(VerifyElementPropertyValueKeyword.groovy:43)
	at com.kms.katalon.core.keyword.internal.KeywordExecutor.executeKeywordForPlatform(KeywordExecutor.groovy:74)
	at com.kms.katalon.core.webservice.keyword.WSBuiltInKeywords.verifyElementPropertyValue(WSBuiltInKeywords.groovy:190)
	at com.kms.katalon.core.webservice.keyword.WSBuiltInKeywords$verifyElementPropertyValue$1.call(Unknown Source)
	at WEB_EN_getOffersForISR_VIP.run(WEB_EN_getOffersForISR_VIP:61)
	at com.kms.katalon.core.main.ScriptEngine.run(ScriptEngine.java:194)
	at com.kms.katalon.core.main.ScriptEngine.runScriptAsRawText(ScriptEngine.java:119)
	at com.kms.katalon.core.main.TestCaseExecutor.runScript(TestCaseExecutor.java:448)
	at com.kms.katalon.core.main.TestCaseExecutor.doExecute(TestCaseExecutor.java:439)
	at com.kms.katalon.core.main.TestCaseExecutor.processExecutionPhase(TestCaseExecutor.java:418)
	at com.kms.katalon.core.main.TestCaseExecutor.accessMainPhase(TestCaseExecutor.java:410)
	at com.kms.katalon.core.main.TestCaseExecutor.execute(TestCaseExecutor.java:285)
	at com.kms.katalon.core.common.CommonExecutor.accessTestCaseMainPhase(CommonExecutor.java:65)
	at com.kms.katalon.core.main.TestSuiteExecutor.accessTestSuiteMainPhase(TestSuiteExecutor.java:148)
	at com.kms.katalon.core.main.TestSuiteExecutor.execute(TestSuiteExecutor.java:106)
	at com.kms.katalon.core.main.TestCaseMain.startTestSuite(TestCaseMain.java:187)
	at com.kms.katalon.core.main.TestCaseMain$startTestSuite$0.call(Unknown Source)
	at TempTestSuite1697454191890.run(TempTestSuite1697454191890.groovy:36)
"/>
         <system-out><![CDATA[2023-10-16 14:04:59 - [TEST_CASE][FAILED] - Test Cases/WEB - CHROME/ISR PI/WEB_EN_getOffersForISR_VIP: Test Cases/WEB - CHROME/ISR PI/WEB_EN_getOffersForISR_VIP FAILED.
Reason:
com.kms.katalon.core.exception.StepFailedException: Expected element property value '30% Discount Offer' is not equal with actual property value '30% Discount Offer​'
	at com.kms.katalon.core.keyword.internal.KeywordMain.stepFailed(KeywordMain.groovy:39)
	at com.kms.katalon.core.webservice.keyword.builtin.VerifyElementPropertyValueKeyword$_verifyElementPropertyValue_closure1.doCall(VerifyElementPropertyValueKeyword.groovy:56)
	at com.kms.katalon.core.webservice.keyword.builtin.VerifyElementPropertyValueKeyword$_verifyElementPropertyValue_closure1.call(VerifyElementPropertyValueKeyword.groovy)
	at com.kms.katalon.core.keyword.internal.KeywordMain.runKeyword(KeywordMain.groovy:75)
	at com.kms.katalon.core.webservice.keyword.builtin.VerifyElementPropertyValueKeyword.verifyElementPropertyValue(VerifyElementPropertyValueKeyword.groovy:48)
	at com.kms.katalon.core.webservice.keyword.builtin.VerifyElementPropertyValueKeyword.execute(VerifyElementPropertyValueKeyword.groovy:43)
	at com.kms.katalon.core.keyword.internal.KeywordExecutor.executeKeywordForPlatform(KeywordExecutor.groovy:74)
	at com.kms.katalon.core.webservice.keyword.WSBuiltInKeywords.verifyElementPropertyValue(WSBuiltInKeywords.groovy:190)
	at com.kms.katalon.core.webservice.keyword.WSBuiltInKeywords$verifyElementPropertyValue$1.call(Unknown Source)
	at WEB_EN_getOffersForISR_VIP.run(WEB_EN_getOffersForISR_VIP:61)
	at com.kms.katalon.core.main.ScriptEngine.run(ScriptEngine.java:194)
	at com.kms.katalon.core.main.ScriptEngine.runScriptAsRawText(ScriptEngine.java:119)
	at com.kms.katalon.core.main.TestCaseExecutor.runScript(TestCaseExecutor.java:448)
	at com.kms.katalon.core.main.TestCaseExecutor.doExecute(TestCaseExecutor.java:439)
	at com.kms.katalon.core.main.TestCaseExecutor.processExecutionPhase(TestCaseExecutor.java:418)
	at com.kms.katalon.core.main.TestCaseExecutor.accessMainPhase(TestCaseExecutor.java:410)
	at com.kms.katalon.core.main.TestCaseExecutor.execute(TestCaseExecutor.java:285)
	at com.kms.katalon.core.common.CommonExecutor.accessTestCaseMainPhase(CommonExecutor.java:65)
	at com.kms.katalon.core.main.TestSuiteExecutor.accessTestSuiteMainPhase(TestSuiteExecutor.java:148)
	at com.kms.katalon.core.main.TestSuiteExecutor.execute(TestSuiteExecutor.java:106)
	at com.kms.katalon.core.main.TestCaseMain.startTestSuite(TestCaseMain.java:187)
	at com.kms.katalon.core.main.TestCaseMain$startTestSuite$0.call(Unknown Source)
	at TempTestSuite1697454191890.run(TempTestSuite1697454191890.groovy:36)


2023-10-16 14:04:59 - [TEST_STEP][PASSED] - getResponse = config_files.getConfigFile.getConfig("WEB", "EN", "SHAHID_VIP", "IL", "false"): config_files.getConfigFile.getConfig is PASSED

2023-10-16 14:05:00 - [MESSAGE][INFO] - HAR: /Users/admin/git/shahid-configuration/Reports/20231016_140310/WEB/ISR/20231016_140311/requests/main/7.har

2023-10-16 14:05:00 - [MESSAGE][PASSED] - Send request successfully

2023-10-16 14:05:00 - [MESSAGE][PASSED] - config_files.getConfigFile.getConfig is PASSED

2023-10-16 14:05:00 - [TEST_STEP][PASSED] - verifyResponseStatusCode(getResponse, 200): Verify response status code successfully

2023-10-16 14:05:00 - [MESSAGE][PASSED] - Verify response status code successfully

2023-10-16 14:05:00 - [TEST_STEP][PASSED] - verifyElementPropertyValue(getResponse, "country", "ISR"): Verify element property value successfully

2023-10-16 14:05:00 - [MESSAGE][PASSED] - Verify element property value successfully

2023-10-16 14:05:00 - [TEST_STEP][PASSED] - verifyElementPropertyValue(getResponse, "platform", "[WEB]"): Verify element property value successfully

2023-10-16 14:05:00 - [MESSAGE][PASSED] - Verify element property value successfully

2023-10-16 14:05:00 - [TEST_STEP][PASSED] - verifyElementPropertyValue(getResponse, "offers[0].offerId", "winback-30-offer"): Verify element property value successfully

2023-10-16 14:05:00 - [MESSAGE][PASSED] - Verify element property value successfully

2023-10-16 14:05:00 - [TEST_STEP][PASSED] - verifyElementPropertyValue(getResponse, "offers[0].offerParam", "winback30"): Verify element property value successfully

2023-10-16 14:05:00 - [MESSAGE][PASSED] - Verify element property value successfully

2023-10-16 14:05:00 - [TEST_STEP][PASSED] - verifyElementPropertyValue(getResponse, "offers[0].groups[0].pricingPlans[0].featured", "true"): Verify element property value successfully

2023-10-16 14:05:00 - [MESSAGE][PASSED] - Verify element property value successfully

2023-10-16 14:05:00 - [TEST_STEP][PASSED] - verifyElementPropertyValue(getResponse, "offers[0].groups[0].pricingPlans[0].period", "monthly"): Verify element property value successfully

2023-10-16 14:05:00 - [MESSAGE][PASSED] - Verify element property value successfully

2023-10-16 14:05:00 - [TEST_STEP][PASSED] - verifyElementPropertyValue(getResponse, "offers[0].groups[0].pricingPlans[0].featured", "true"): Verify element property value successfully

2023-10-16 14:05:00 - [MESSAGE][PASSED] - Verify element property value successfully

2023-10-16 14:05:00 - [TEST_STEP][PASSED] - verifyElementPropertyValue(getResponse, "offers[0].groups[0].pricingPlans[0].price", "15.5"): Verify element property value successfully

2023-10-16 14:05:00 - [MESSAGE][PASSED] - Verify element property value successfully

2023-10-16 14:05:00 - [TEST_STEP][PASSED] - verifyElementPropertyValue(getResponse, "offers[0].groups[0].pricingPlans[0].currency", "₪"): Verify element property value successfully

2023-10-16 14:05:00 - [MESSAGE][PASSED] - Verify element property value successfully

2023-10-16 14:05:00 - [TEST_STEP][PASSED] - verifyElementPropertyValue(getResponse, "offers[0].groups[0].pricingPlans[0].order", "0"): Verify element property value successfully

2023-10-16 14:05:00 - [MESSAGE][PASSED] - Verify element property value successfully

2023-10-16 14:05:00 - [TEST_STEP][PASSED] - verifyElementPropertyValue(getResponse, "offers[0].groups[0].pricingPlans[0].packageId", "SHAHID_VIP"): Verify element property value successfully

2023-10-16 14:05:00 - [MESSAGE][PASSED] - Verify element property value successfully

2023-10-16 14:05:00 - [TEST_STEP][PASSED] - verifyElementPropertyValue(getResponse, "offers[0].groups[0].pricingPlans[0].catalogId", "VIP"): Verify element property value successfully

2023-10-16 14:05:00 - [MESSAGE][PASSED] - Verify element property value successfully

2023-10-16 14:05:00 - [TEST_STEP][PASSED] - verifyElementPropertyValue(getResponse, "offers[0].groups[0].pricingPlans[0].visualElements[0].key", "Header_1_text"): Verify element property value successfully

2023-10-16 14:05:00 - [MESSAGE][PASSED] - Verify element property value successfully

2023-10-16 14:05:00 - [TEST_STEP][PASSED] - verifyElementPropertyValue(getResponse, "offers[0].groups[0].pricingPlans[0].visualElements[0].value", "Watch the most powerful series and movies exclusively without stopping"): Verify element property value successfully

2023-10-16 14:05:00 - [MESSAGE][PASSED] - Verify element property value successfully

2023-10-16 14:05:00 - [TEST_STEP][PASSED] - verifyElementPropertyValue(getResponse, "offers[0].groups[0].pricingPlans[0].visualElements[1].key", "display_title"): Verify element property value successfully

2023-10-16 14:05:00 - [MESSAGE][PASSED] - Verify element property value successfully

2023-10-16 14:05:00 - [TEST_STEP][FAILED] - verifyElementPropertyValue(getResponse, "offers[0].groups[0].pricingPlans[0].visualElements[1].value", "30% Discount Offer"): Expected element property value '30% Discount Offer' is not equal with actual property value '30% Discount Offer​'

2023-10-16 14:05:00 - [MESSAGE][FAILED] - Expected element property value '30% Discount Offer' is not equal with actual property value '30% Discount Offer​'

2023-10-16 14:05:00 - [TEST_STEP][PASSED] - verifyElementPropertyValue(getResponse, "offers[0].groups[0].pricingPlans[0].visualElements[3].key", "deduction_text"): Verify element property value successfully

2023-10-16 14:05:00 - [MESSAGE][PASSED] - Verify element property value successfully

2023-10-16 14:05:00 - [TEST_STEP][PASSED] - verifyElementPropertyValue(getResponse, "offers[0].groups[0].pricingPlans[0].visualElements[3].value", "billed every month"): Verify element property value successfully

2023-10-16 14:05:00 - [MESSAGE][PASSED] - Verify element property value successfully

2023-10-16 14:05:00 - [TEST_STEP][PASSED] - verifyElementPropertyValue(getResponse, "offers[0].groups[0].pricingPlans[0].visualElements[6].key", "show_payment_logo"): Verify element property value successfully

2023-10-16 14:05:00 - [MESSAGE][PASSED] - Verify element property value successfully

2023-10-16 14:05:00 - [TEST_STEP][PASSED] - verifyElementPropertyValue(getResponse, "offers[0].groups[0].pricingPlans[0].visualElements[6].value", "true"): Verify element property value successfully

2023-10-16 14:05:00 - [MESSAGE][PASSED] - Verify element property value successfully

2023-10-16 14:05:00 - [TEST_STEP][PASSED] - verifyElementPropertyValue(getResponse, "offers[0].groups[0].pricingPlans[0].visualElements[8].key", "price"): Verify element property value successfully

2023-10-16 14:05:00 - [MESSAGE][PASSED] - Verify element property value successfully

2023-10-16 14:05:00 - [TEST_STEP][PASSED] - verifyElementPropertyValue(getResponse, "offers[0].groups[0].pricingPlans[0].visualElements[8].value", "15.5"): Verify element property value successfully

2023-10-16 14:05:00 - [MESSAGE][PASSED] - Verify element property value successfully

2023-10-16 14:05:00 - [TEST_STEP][PASSED] - verifyElementPropertyValue(getResponse, "offers[0].groups[0].pricingPlans[0].visualElements[9].key", "currency"): Verify element property value successfully

2023-10-16 14:05:00 - [MESSAGE][PASSED] - Verify element property value successfully

2023-10-16 14:05:00 - [TEST_STEP][PASSED] - verifyElementPropertyValue(getResponse, "offers[0].groups[0].pricingPlans[0].visualElements[9].value", "₪"): Verify element property value successfully

2023-10-16 14:05:00 - [MESSAGE][PASSED] - Verify element property value successfully

2023-10-16 14:05:00 - [TEST_STEP][PASSED] - verifyElementPropertyValue(getResponse, "offers[0].groups[0].pricingPlans[0].visualElements[10].key", "duration"): Verify element property value successfully

2023-10-16 14:05:00 - [MESSAGE][PASSED] - Verify element property value successfully

2023-10-16 14:05:00 - [TEST_STEP][PASSED] - verifyElementPropertyValue(getResponse, "offers[0].groups[0].pricingPlans[0].visualElements[10].value", "Monthly"): Verify element property value successfully

2023-10-16 14:05:00 - [MESSAGE][PASSED] - Verify element property value successfully

2023-10-16 14:05:00 - [TEST_STEP][PASSED] - verifyElementPropertyValue(getResponse, "offers[0].groups[0].pricingPlans[0].visualElements[11].key", "featured_tag_text"): Verify element property value successfully

2023-10-16 14:05:00 - [MESSAGE][PASSED] - Verify element property value successfully

2023-10-16 14:05:00 - [TEST_STEP][PASSED] - verifyElementPropertyValue(getResponse, "offers[0].groups[0].pricingPlans[0].visualElements[11].value", "Limited Time Offer"): Verify element property value successfully

2023-10-16 14:05:00 - [MESSAGE][PASSED] - Verify element property value successfully

2023-10-16 14:05:00 - [TEST_STEP][PASSED] - verifyElementPropertyValue(getResponse, "offers[0].groups[0].pricingPlans[0].visualElements[12].key", "show_tag"): Verify element property value successfully

2023-10-16 14:05:00 - [MESSAGE][PASSED] - Verify element property value successfully

2023-10-16 14:05:00 - [TEST_STEP][PASSED] - verifyElementPropertyValue(getResponse, "offers[0].groups[0].pricingPlans[0].visualElements[12].value", "true"): Verify element property value successfully

2023-10-16 14:05:00 - [MESSAGE][PASSED] - Verify element property value successfully

2023-10-16 14:05:00 - [TEST_STEP][PASSED] - verifyElementPropertyValue(getResponse, "offers[0].groups[0].pricingPlans[0].visualElements[13].key", "tag_text"): Verify element property value successfully

2023-10-16 14:05:00 - [MESSAGE][PASSED] - Verify element property value successfully

2023-10-16 14:05:00 - [TEST_STEP][PASSED] - verifyElementPropertyValue(getResponse, "offers[0].groups[0].pricingPlans[0].visualElements[13].value", "Save 30%"): Verify element property value successfully

2023-10-16 14:05:00 - [MESSAGE][PASSED] - Verify element property value successfully

2023-10-16 14:05:00 - [TEST_STEP][PASSED] - verifyElementPropertyValue(getResponse, "offers[0].groups[0].pricingPlans[0].pricingPlanData[0].productId", "ISR_B2C_SHAHID_VIP_1M"): Verify element property value successfully

2023-10-16 14:05:00 - [MESSAGE][PASSED] - Verify element property value successfully

2023-10-16 14:05:00 - [TEST_STEP][PASSED] - verifyElementPropertyValue(getResponse, "offers[0].groups[0].pricingPlans[0].pricingPlanData[0].paymentMethod", "CREDIT_CARD"): Verify element property value successfully

2023-10-16 14:05:00 - [MESSAGE][PASSED] - Verify element property value successfully

2023-10-16 14:05:00 - [TEST_STEP][PASSED] - verifyElementPropertyValue(getResponse, "offers[0].groups[0].pricingPlans[0].pricingPlanData[0].freeTrialEnabled", "false"): Verify element property value successfully

2023-10-16 14:05:00 - [MESSAGE][PASSED] - Verify element property value successfully

2023-10-16 14:05:00 - [TEST_STEP][PASSED] - verifyElementPropertyValue(getResponse, "offers[0].groups[0].pricingPlans[0].pricingPlanData[0].showIn[0]", "VERTICAL_MODE"): Verify element property value successfully

2023-10-16 14:05:00 - [MESSAGE][PASSED] - Verify element property value successfully

2023-10-16 14:05:00 - [TEST_STEP][PASSED] - verifyElementPropertyValue(getResponse, "offers[0].groups[0].pricingPlans[0].pricingPlanData[0].showIn[1]", "HORIZONTAL_MODE"): Verify element property value successfully

2023-10-16 14:05:00 - [MESSAGE][PASSED] - Verify element property value successfully

2023-10-16 14:05:00 - [TEST_STEP][PASSED] - verifyElementPropertyValue(getResponse, "offers[0].groups[0].pricingPlans[0].pricingPlanData[0].priceLabel", "15.5"): Verify element property value successfully

2023-10-16 14:05:00 - [MESSAGE][PASSED] - Verify element property value successfully

2023-10-16 14:05:00 - [TEST_STEP][PASSED] - verifyElementPropertyValue(getResponse, "offers[0].groups[0].pricingPlans[0].pricingPlanData[0].currencyLabel", "₪"): Verify element property value successfully

2023-10-16 14:05:00 - [MESSAGE][PASSED] - Verify element property value successfully

2023-10-16 14:05:00 - [TEST_STEP][PASSED] - verifyElementPropertyValue(getResponse, "offers[0].groups[0].pricingPlans[0].pricingPlanData[0].dealId", "RE_30P_ISR"): Verify element property value successfully

2023-10-16 14:05:00 - [MESSAGE][PASSED] - Verify element property value successfully

2023-10-16 14:05:00 - [TEST_STEP][PASSED] - verifyElementPropertyValue(getResponse, "offers[0].groups[0].pricingPlans[0].pricingPlanData[0].allowedForAcquisition", "true"): Verify element property value successfully

2023-10-16 14:05:00 - [MESSAGE][PASSED] - Verify element property value successfully

2023-10-16 14:05:00 - [TEST_STEP][PASSED] - verifyElementPropertyValue(getResponse, "offers[0].groups[0].pricingPlans[0].pricingPlanData[0].visualElements[0].key", "title"): Verify element property value successfully

2023-10-16 14:05:00 - [MESSAGE][PASSED] - Verify element property value successfully

2023-10-16 14:05:00 - [TEST_STEP][PASSED] - verifyElementPropertyValue(getResponse, "offers[0].groups[0].pricingPlans[0].pricingPlanData[0].visualElements[0].value", "Credit/Debit Card"): Verify element property value successfully

2023-10-16 14:05:00 - [MESSAGE][PASSED] - Verify element property value successfully

2023-10-16 14:05:00 - [TEST_STEP][PASSED] - verifyElementPropertyValue(getResponse, "offers[0].groups[0].pricingPlans[0].pricingPlanData[0].visualElements[1].key", "CTA_text"): Verify element property value successfully

2023-10-16 14:05:00 - [MESSAGE][PASSED] - Verify element property value successfully

2023-10-16 14:05:00 - [TEST_STEP][PASSED] - verifyElementPropertyValue(getResponse, "offers[0].groups[0].pricingPlans[0].pricingPlanData[0].visualElements[1].value", "Subscribe"): Verify element property value successfully

2023-10-16 14:05:00 - [MESSAGE][PASSED] - Verify element property value successfully

2023-10-16 14:05:00 - [TEST_STEP][PASSED] - verifyElementPropertyValue(getResponse, "offers[0].groups[0].pricingPlans[0].pricingPlanData[0].visualElements[2].key", "logo"): Verify element property value successfully

2023-10-16 14:05:00 - [MESSAGE][PASSED] - Verify element property value successfully

2023-10-16 14:05:00 - [TEST_STEP][PASSED] - verifyElementPropertyValue(getResponse, "offers[0].groups[0].pricingPlans[0].pricingPlanData[0].visualElements[2].value", "https://static.s3.shahid.mbc.net/widget-images/icons/iconCreditCard.png"): Verify element property value successfully

2023-10-16 14:05:00 - [MESSAGE][PASSED] - Verify element property value successfully

2023-10-16 14:05:00 - [TEST_STEP][PASSED] - verifyElementPropertyValue(getResponse, "offers[1].offerId", "winback-40-offer"): Verify element property value successfully

2023-10-16 14:05:00 - [MESSAGE][PASSED] - Verify element property value successfully

2023-10-16 14:05:00 - [TEST_STEP][PASSED] - verifyElementPropertyValue(getResponse, "offers[1].offerParam", "winback40"): Verify element property value successfully

2023-10-16 14:05:00 - [MESSAGE][PASSED] - Verify element property value successfully

2023-10-16 14:05:00 - [TEST_STEP][PASSED] - verifyElementPropertyValue(getResponse, "offers[1].groups[0].pricingPlans[0].featured", "true"): Verify element property value successfully

2023-10-16 14:05:00 - [MESSAGE][PASSED] - Verify element property value successfully

2023-10-16 14:05:00 - [TEST_STEP][PASSED] - verifyElementPropertyValue(getResponse, "offers[1].groups[0].pricingPlans[0].period", "monthly"): Verify element property value successfully

2023-10-16 14:05:00 - [MESSAGE][PASSED] - Verify element property value successfully

2023-10-16 14:05:00 - [TEST_STEP][PASSED] - verifyElementPropertyValue(getResponse, "offers[1].groups[0].pricingPlans[0].featured", "true"): Verify element property value successfully

2023-10-16 14:05:00 - [MESSAGE][PASSED] - Verify element property value successfully

2023-10-16 14:05:00 - [TEST_STEP][PASSED] - verifyElementPropertyValue(getResponse, "offers[1].groups[0].pricingPlans[0].price", "13.5"): Verify element property value successfully

2023-10-16 14:05:00 - [MESSAGE][PASSED] - Verify element property value successfully

2023-10-16 14:05:00 - [TEST_STEP][PASSED] - verifyElementPropertyValue(getResponse, "offers[1].groups[0].pricingPlans[0].currency", "₪"): Verify element property value successfully

2023-10-16 14:05:00 - [MESSAGE][PASSED] - Verify element property value successfully

2023-10-16 14:05:00 - [TEST_STEP][PASSED] - verifyElementPropertyValue(getResponse, "offers[1].groups[0].pricingPlans[0].order", "0"): Verify element property value successfully

2023-10-16 14:05:00 - [MESSAGE][PASSED] - Verify element property value successfully

2023-10-16 14:05:00 - [TEST_STEP][PASSED] - verifyElementPropertyValue(getResponse, "offers[1].groups[0].pricingPlans[0].packageId", "SHAHID_VIP"): Verify element property value successfully

2023-10-16 14:05:00 - [MESSAGE][PASSED] - Verify element property value successfully

2023-10-16 14:05:00 - [TEST_STEP][PASSED] - verifyElementPropertyValue(getResponse, "offers[1].groups[0].pricingPlans[0].catalogId", "VIP"): Verify element property value successfully

2023-10-16 14:05:00 - [MESSAGE][PASSED] - Verify element property value successfully

2023-10-16 14:05:00 - [TEST_STEP][PASSED] - verifyElementPropertyValue(getResponse, "offers[1].groups[0].pricingPlans[0].visualElements[0].key", "Header_1_text"): Verify element property value successfully

2023-10-16 14:05:00 - [MESSAGE][PASSED] - Verify element property value successfully

2023-10-16 14:05:00 - [TEST_STEP][PASSED] - verifyElementPropertyValue(getResponse, "offers[1].groups[0].pricingPlans[0].visualElements[0].value", "Watch the most powerful series and movies exclusively without stopping"): Verify element property value successfully

2023-10-16 14:05:00 - [MESSAGE][PASSED] - Verify element property value successfully

2023-10-16 14:05:00 - [TEST_STEP][PASSED] - verifyElementPropertyValue(getResponse, "offers[1].groups[0].pricingPlans[0].visualElements[1].key", "display_title"): Verify element property value successfully

2023-10-16 14:05:00 - [MESSAGE][PASSED] - Verify element property value successfully

2023-10-16 14:05:00 - [TEST_STEP][FAILED] - verifyElementPropertyValue(getResponse, "offers[1].groups[0].pricingPlans[0].visualElements[1].value", "40% Discount Offer"): Expected element property value '40% Discount Offer' is not equal with actual property value '40% Discount Offer​'

2023-10-16 14:05:00 - [MESSAGE][FAILED] - Expected element property value '40% Discount Offer' is not equal with actual property value '40% Discount Offer​'

2023-10-16 14:05:00 - [TEST_STEP][PASSED] - verifyElementPropertyValue(getResponse, "offers[1].groups[0].pricingPlans[0].visualElements[3].key", "deduction_text"): Verify element property value successfully

2023-10-16 14:05:00 - [MESSAGE][PASSED] - Verify element property value successfully

2023-10-16 14:05:00 - [TEST_STEP][PASSED] - verifyElementPropertyValue(getResponse, "offers[1].groups[0].pricingPlans[0].visualElements[3].value", "billed every month"): Verify element property value successfully

2023-10-16 14:05:00 - [MESSAGE][PASSED] - Verify element property value successfully

2023-10-16 14:05:00 - [TEST_STEP][PASSED] - verifyElementPropertyValue(getResponse, "offers[1].groups[0].pricingPlans[0].visualElements[6].key", "show_payment_logo"): Verify element property value successfully

2023-10-16 14:05:00 - [MESSAGE][PASSED] - Verify element property value successfully

2023-10-16 14:05:04 - [TEST_STEP][PASSED] - verifyElementPropertyValue(getResponse, "offers[1].groups[0].pricingPlans[0].visualElements[6].value", "true"): Verify element property value successfully

2023-10-16 14:05:04 - [MESSAGE][PASSED] - Verify element property value successfully

2023-10-16 14:05:04 - [TEST_STEP][PASSED] - verifyElementPropertyValue(getResponse, "offers[1].groups[0].pricingPlans[0].visualElements[8].key", "price"): Verify element property value successfully

2023-10-16 14:05:04 - [MESSAGE][PASSED] - Verify element property value successfully

2023-10-16 14:05:04 - [TEST_STEP][PASSED] - verifyElementPropertyValue(getResponse, "offers[1].groups[0].pricingPlans[0].visualElements[8].value", "13.5"): Verify element property value successfully

2023-10-16 14:05:04 - [MESSAGE][PASSED] - Verify element property value successfully

2023-10-16 14:05:04 - [TEST_STEP][PASSED] - verifyElementPropertyValue(getResponse, "offers[1].groups[0].pricingPlans[0].visualElements[9].key", "currency"): Verify element property value successfully

2023-10-16 14:05:04 - [MESSAGE][PASSED] - Verify element property value successfully

2023-10-16 14:05:04 - [TEST_STEP][PASSED] - verifyElementPropertyValue(getResponse, "offers[1].groups[0].pricingPlans[0].visualElements[9].value", "₪"): Verify element property value successfully

2023-10-16 14:05:04 - [MESSAGE][PASSED] - Verify element property value successfully

2023-10-16 14:05:08 - [TEST_STEP][PASSED] - verifyElementPropertyValue(getResponse, "offers[1].groups[0].pricingPlans[0].visualElements[10].key", "duration"): Verify element property value successfully

2023-10-16 14:05:08 - [MESSAGE][PASSED] - Verify element property value successfully

2023-10-16 14:05:08 - [TEST_STEP][PASSED] - verifyElementPropertyValue(getResponse, "offers[1].groups[0].pricingPlans[0].visualElements[10].value", "Monthly"): Verify element property value successfully

2023-10-16 14:05:08 - [MESSAGE][PASSED] - Verify element property value successfully

2023-10-16 14:05:08 - [TEST_STEP][PASSED] - verifyElementPropertyValue(getResponse, "offers[1].groups[0].pricingPlans[0].visualElements[11].key", "featured_tag_text"): Verify element property value successfully

2023-10-16 14:05:08 - [MESSAGE][PASSED] - Verify element property value successfully

2023-10-16 14:05:08 - [TEST_STEP][PASSED] - verifyElementPropertyValue(getResponse, "offers[1].groups[0].pricingPlans[0].visualElements[11].value", "Limited Time Offer"): Verify element property value successfully

2023-10-16 14:05:08 - [MESSAGE][PASSED] - Verify element property value successfully

2023-10-16 14:05:08 - [TEST_STEP][PASSED] - verifyElementPropertyValue(getResponse, "offers[1].groups[0].pricingPlans[0].visualElements[13].key", "tag_text"): Verify element property value successfully

2023-10-16 14:05:08 - [MESSAGE][PASSED] - Verify element property value successfully

2023-10-16 14:05:08 - [TEST_STEP][PASSED] - verifyElementPropertyValue(getResponse, "offers[1].groups[0].pricingPlans[0].visualElements[13].value", "Save 40%"): Verify element property value successfully

2023-10-16 14:05:08 - [MESSAGE][PASSED] - Verify element property value successfully

2023-10-16 14:05:08 - [TEST_STEP][PASSED] - verifyElementPropertyValue(getResponse, "offers[1].groups[0].pricingPlans[0].visualElements[12].key", "show_tag"): Verify element property value successfully

2023-10-16 14:05:08 - [MESSAGE][PASSED] - Verify element property value successfully

2023-10-16 14:05:08 - [TEST_STEP][PASSED] - verifyElementPropertyValue(getResponse, "offers[1].groups[0].pricingPlans[0].visualElements[12].value", "true"): Verify element property value successfully

2023-10-16 14:05:08 - [MESSAGE][PASSED] - Verify element property value successfully

2023-10-16 14:05:08 - [TEST_STEP][PASSED] - verifyElementPropertyValue(getResponse, "offers[1].groups[0].pricingPlans[0].pricingPlanData[0].productId", "ISR_B2C_SHAHID_VIP_1M"): Verify element property value successfully

2023-10-16 14:05:08 - [MESSAGE][PASSED] - Verify element property value successfully

2023-10-16 14:05:08 - [TEST_STEP][PASSED] - verifyElementPropertyValue(getResponse, "offers[1].groups[0].pricingPlans[0].pricingPlanData[0].paymentMethod", "CREDIT_CARD"): Verify element property value successfully

2023-10-16 14:05:08 - [MESSAGE][PASSED] - Verify element property value successfully

2023-10-16 14:05:08 - [TEST_STEP][PASSED] - verifyElementPropertyValue(getResponse, "offers[1].groups[0].pricingPlans[0].pricingPlanData[0].freeTrialEnabled", "false"): Verify element property value successfully

2023-10-16 14:05:08 - [MESSAGE][PASSED] - Verify element property value successfully

2023-10-16 14:05:08 - [TEST_STEP][PASSED] - verifyElementPropertyValue(getResponse, "offers[1].groups[0].pricingPlans[0].pricingPlanData[0].showIn[0]", "VERTICAL_MODE"): Verify element property value successfully

2023-10-16 14:05:08 - [MESSAGE][PASSED] - Verify element property value successfully

2023-10-16 14:05:08 - [TEST_STEP][PASSED] - verifyElementPropertyValue(getResponse, "offers[1].groups[0].pricingPlans[0].pricingPlanData[0].showIn[1]", "HORIZONTAL_MODE"): Verify element property value successfully

2023-10-16 14:05:08 - [MESSAGE][PASSED] - Verify element property value successfully

2023-10-16 14:05:08 - [TEST_STEP][PASSED] - verifyElementPropertyValue(getResponse, "offers[1].groups[0].pricingPlans[0].pricingPlanData[0].priceLabel", "13.5"): Verify element property value successfully

2023-10-16 14:05:08 - [MESSAGE][PASSED] - Verify element property value successfully

2023-10-16 14:05:08 - [TEST_STEP][PASSED] - verifyElementPropertyValue(getResponse, "offers[1].groups[0].pricingPlans[0].pricingPlanData[0].currencyLabel", "₪"): Verify element property value successfully

2023-10-16 14:05:08 - [MESSAGE][PASSED] - Verify element property value successfully

2023-10-16 14:05:08 - [TEST_STEP][PASSED] - verifyElementPropertyValue(getResponse, "offers[1].groups[0].pricingPlans[0].pricingPlanData[0].dealId", "RE_40P_ISR"): Verify element property value successfully

2023-10-16 14:05:08 - [MESSAGE][PASSED] - Verify element property value successfully

2023-10-16 14:05:08 - [TEST_STEP][PASSED] - verifyElementPropertyValue(getResponse, "offers[1].groups[0].pricingPlans[0].pricingPlanData[0].allowedForAcquisition", "true"): Verify element property value successfully

2023-10-16 14:05:08 - [MESSAGE][PASSED] - Verify element property value successfully

2023-10-16 14:05:08 - [TEST_STEP][PASSED] - verifyElementPropertyValue(getResponse, "offers[1].groups[0].pricingPlans[0].pricingPlanData[0].visualElements[0].key", "title"): Verify element property value successfully

2023-10-16 14:05:08 - [MESSAGE][PASSED] - Verify element property value successfully

2023-10-16 14:05:08 - [TEST_STEP][PASSED] - verifyElementPropertyValue(getResponse, "offers[1].groups[0].pricingPlans[0].pricingPlanData[0].visualElements[0].value", "Credit/Debit Card"): Verify element property value successfully

2023-10-16 14:05:08 - [MESSAGE][PASSED] - Verify element property value successfully

2023-10-16 14:05:08 - [TEST_STEP][PASSED] - verifyElementPropertyValue(getResponse, "offers[1].groups[0].pricingPlans[0].pricingPlanData[0].visualElements[1].key", "CTA_text"): Verify element property value successfully

2023-10-16 14:05:08 - [MESSAGE][PASSED] - Verify element property value successfully

2023-10-16 14:05:08 - [TEST_STEP][PASSED] - verifyElementPropertyValue(getResponse, "offers[1].groups[0].pricingPlans[0].pricingPlanData[0].visualElements[1].value", "Subscribe"): Verify element property value successfully

2023-10-16 14:05:08 - [MESSAGE][PASSED] - Verify element property value successfully

2023-10-16 14:05:08 - [TEST_STEP][PASSED] - verifyElementPropertyValue(getResponse, "offers[1].groups[0].pricingPlans[0].pricingPlanData[0].visualElements[2].key", "logo"): Verify element property value successfully

2023-10-16 14:05:08 - [MESSAGE][PASSED] - Verify element property value successfully

2023-10-16 14:05:08 - [TEST_STEP][PASSED] - verifyElementPropertyValue(getResponse, "offers[1].groups[0].pricingPlans[0].pricingPlanData[0].visualElements[2].value", "https://static.s3.shahid.mbc.net/widget-images/icons/iconCreditCard.png"): Verify element property value successfully

2023-10-16 14:05:08 - [MESSAGE][PASSED] - Verify element property value successfully

2023-10-16 14:05:08 - [TEST_STEP][PASSED] - verifyElementPropertyValue(getResponse, "offers[2].offerId", "winback-50-offer"): Verify element property value successfully

2023-10-16 14:05:08 - [MESSAGE][PASSED] - Verify element property value successfully

2023-10-16 14:05:08 - [TEST_STEP][PASSED] - verifyElementPropertyValue(getResponse, "offers[2].offerParam", "winback50"): Verify element property value successfully

2023-10-16 14:05:08 - [MESSAGE][PASSED] - Verify element property value successfully

2023-10-16 14:05:08 - [TEST_STEP][PASSED] - verifyElementPropertyValue(getResponse, "offers[2].groups[0].pricingPlans[0].featured", "true"): Verify element property value successfully

2023-10-16 14:05:08 - [MESSAGE][PASSED] - Verify element property value successfully

2023-10-16 14:05:08 - [TEST_STEP][PASSED] - verifyElementPropertyValue(getResponse, "offers[2].groups[0].pricingPlans[0].period", "monthly"): Verify element property value successfully

2023-10-16 14:05:08 - [MESSAGE][PASSED] - Verify element property value successfully

2023-10-16 14:05:08 - [TEST_STEP][PASSED] - verifyElementPropertyValue(getResponse, "offers[2].groups[0].pricingPlans[0].featured", "true"): Verify element property value successfully

2023-10-16 14:05:08 - [MESSAGE][PASSED] - Verify element property value successfully

2023-10-16 14:05:08 - [TEST_STEP][PASSED] - verifyElementPropertyValue(getResponse, "offers[2].groups[0].pricingPlans[0].price", "11.0"): Verify element property value successfully

2023-10-16 14:05:08 - [MESSAGE][PASSED] - Verify element property value successfully

2023-10-16 14:05:08 - [TEST_STEP][PASSED] - verifyElementPropertyValue(getResponse, "offers[2].groups[0].pricingPlans[0].currency", "₪"): Verify element property value successfully

2023-10-16 14:05:08 - [MESSAGE][PASSED] - Verify element property value successfully

2023-10-16 14:05:08 - [TEST_STEP][PASSED] - verifyElementPropertyValue(getResponse, "offers[2].groups[0].pricingPlans[0].order", "0"): Verify element property value successfully

2023-10-16 14:05:08 - [MESSAGE][PASSED] - Verify element property value successfully

2023-10-16 14:05:08 - [TEST_STEP][PASSED] - verifyElementPropertyValue(getResponse, "offers[2].groups[0].pricingPlans[0].packageId", "SHAHID_VIP"): Verify element property value successfully

2023-10-16 14:05:08 - [MESSAGE][PASSED] - Verify element property value successfully

2023-10-16 14:05:08 - [TEST_STEP][PASSED] - verifyElementPropertyValue(getResponse, "offers[2].groups[0].pricingPlans[0].catalogId", "VIP"): Verify element property value successfully

2023-10-16 14:05:08 - [MESSAGE][PASSED] - Verify element property value successfully

2023-10-16 14:05:08 - [TEST_STEP][PASSED] - verifyElementPropertyValue(getResponse, "offers[2].groups[0].pricingPlans[0].visualElements[0].key", "Header_1_text"): Verify element property value successfully

2023-10-16 14:05:08 - [MESSAGE][PASSED] - Verify element property value successfully

2023-10-16 14:05:08 - [TEST_STEP][PASSED] - verifyElementPropertyValue(getResponse, "offers[2].groups[0].pricingPlans[0].visualElements[0].value", "Watch the most powerful series and movies exclusively without stopping"): Verify element property value successfully

2023-10-16 14:05:08 - [MESSAGE][PASSED] - Verify element property value successfully

2023-10-16 14:05:08 - [TEST_STEP][PASSED] - verifyElementPropertyValue(getResponse, "offers[2].groups[0].pricingPlans[0].visualElements[1].key", "display_title"): Verify element property value successfully

2023-10-16 14:05:08 - [MESSAGE][PASSED] - Verify element property value successfully

2023-10-16 14:05:08 - [TEST_STEP][FAILED] - verifyElementPropertyValue(getResponse, "offers[2].groups[0].pricingPlans[0].visualElements[1].value", "50% Discount Offer"): Expected element property value '50% Discount Offer' is not equal with actual property value '50% Discount Offer​'

2023-10-16 14:05:08 - [MESSAGE][FAILED] - Expected element property value '50% Discount Offer' is not equal with actual property value '50% Discount Offer​'

2023-10-16 14:05:08 - [TEST_STEP][PASSED] - verifyElementPropertyValue(getResponse, "offers[2].groups[0].pricingPlans[0].visualElements[3].key", "deduction_text"): Verify element property value successfully

2023-10-16 14:05:08 - [MESSAGE][PASSED] - Verify element property value successfully

2023-10-16 14:05:08 - [TEST_STEP][PASSED] - verifyElementPropertyValue(getResponse, "offers[2].groups[0].pricingPlans[0].visualElements[3].value", "billed every month"): Verify element property value successfully

2023-10-16 14:05:08 - [MESSAGE][PASSED] - Verify element property value successfully

2023-10-16 14:05:08 - [TEST_STEP][PASSED] - verifyElementPropertyValue(getResponse, "offers[2].groups[0].pricingPlans[0].visualElements[6].key", "show_payment_logo"): Verify element property value successfully

2023-10-16 14:05:08 - [MESSAGE][PASSED] - Verify element property value successfully

2023-10-16 14:05:08 - [TEST_STEP][PASSED] - verifyElementPropertyValue(getResponse, "offers[2].groups[0].pricingPlans[0].visualElements[6].value", "true"): Verify element property value successfully

2023-10-16 14:05:08 - [MESSAGE][PASSED] - Verify element property value successfully

2023-10-16 14:05:08 - [TEST_STEP][PASSED] - verifyElementPropertyValue(getResponse, "offers[2].groups[0].pricingPlans[0].visualElements[8].key", "price"): Verify element property value successfully

2023-10-16 14:05:08 - [MESSAGE][PASSED] - Verify element property value successfully

2023-10-16 14:05:08 - [TEST_STEP][PASSED] - verifyElementPropertyValue(getResponse, "offers[2].groups[0].pricingPlans[0].visualElements[8].value", "11"): Verify element property value successfully

2023-10-16 14:05:08 - [MESSAGE][PASSED] - Verify element property value successfully

2023-10-16 14:05:08 - [TEST_STEP][PASSED] - verifyElementPropertyValue(getResponse, "offers[2].groups[0].pricingPlans[0].visualElements[9].key", "currency"): Verify element property value successfully

2023-10-16 14:05:08 - [MESSAGE][PASSED] - Verify element property value successfully

2023-10-16 14:05:08 - [TEST_STEP][PASSED] - verifyElementPropertyValue(getResponse, "offers[2].groups[0].pricingPlans[0].visualElements[9].value", "₪"): Verify element property value successfully

2023-10-16 14:05:08 - [MESSAGE][PASSED] - Verify element property value successfully

2023-10-16 14:05:08 - [TEST_STEP][PASSED] - verifyElementPropertyValue(getResponse, "offers[2].groups[0].pricingPlans[0].visualElements[10].key", "duration"): Verify element property value successfully

2023-10-16 14:05:08 - [MESSAGE][PASSED] - Verify element property value successfully

2023-10-16 14:05:08 - [TEST_STEP][PASSED] - verifyElementPropertyValue(getResponse, "offers[2].groups[0].pricingPlans[0].visualElements[10].value", "Monthly"): Verify element property value successfully

2023-10-16 14:05:08 - [MESSAGE][PASSED] - Verify element property value successfully

2023-10-16 14:05:08 - [TEST_STEP][PASSED] - verifyElementPropertyValue(getResponse, "offers[2].groups[0].pricingPlans[0].visualElements[11].key", "featured_tag_text"): Verify element property value successfully

2023-10-16 14:05:08 - [MESSAGE][PASSED] - Verify element property value successfully

2023-10-16 14:05:08 - [TEST_STEP][PASSED] - verifyElementPropertyValue(getResponse, "offers[2].groups[0].pricingPlans[0].visualElements[11].value", "Limited Time Offer"): Verify element property value successfully

2023-10-16 14:05:08 - [MESSAGE][PASSED] - Verify element property value successfully

2023-10-16 14:05:08 - [TEST_STEP][PASSED] - verifyElementPropertyValue(getResponse, "offers[2].groups[0].pricingPlans[0].visualElements[13].key", "tag_text"): Verify element property value successfully

2023-10-16 14:05:08 - [MESSAGE][PASSED] - Verify element property value successfully

2023-10-16 14:05:08 - [TEST_STEP][PASSED] - verifyElementPropertyValue(getResponse, "offers[2].groups[0].pricingPlans[0].visualElements[13].value", "Save 50%"): Verify element property value successfully

2023-10-16 14:05:08 - [MESSAGE][PASSED] - Verify element property value successfully

2023-10-16 14:05:08 - [TEST_STEP][PASSED] - verifyElementPropertyValue(getResponse, "offers[2].groups[0].pricingPlans[0].visualElements[12].key", "show_tag"): Verify element property value successfully

2023-10-16 14:05:08 - [MESSAGE][PASSED] - Verify element property value successfully

2023-10-16 14:05:08 - [TEST_STEP][PASSED] - verifyElementPropertyValue(getResponse, "offers[2].groups[0].pricingPlans[0].visualElements[12].value", "true"): Verify element property value successfully

2023-10-16 14:05:08 - [MESSAGE][PASSED] - Verify element property value successfully

2023-10-16 14:05:08 - [TEST_STEP][PASSED] - verifyElementPropertyValue(getResponse, "offers[2].groups[0].pricingPlans[0].pricingPlanData[0].productId", "ISR_B2C_SHAHID_VIP_1M"): Verify element property value successfully

2023-10-16 14:05:08 - [MESSAGE][PASSED] - Verify element property value successfully

2023-10-16 14:05:08 - [TEST_STEP][PASSED] - verifyElementPropertyValue(getResponse, "offers[2].groups[0].pricingPlans[0].pricingPlanData[0].paymentMethod", "CREDIT_CARD"): Verify element property value successfully

2023-10-16 14:05:08 - [MESSAGE][PASSED] - Verify element property value successfully

2023-10-16 14:05:08 - [TEST_STEP][PASSED] - verifyElementPropertyValue(getResponse, "offers[2].groups[0].pricingPlans[0].pricingPlanData[0].freeTrialEnabled", "false"): Verify element property value successfully

2023-10-16 14:05:08 - [MESSAGE][PASSED] - Verify element property value successfully

2023-10-16 14:05:08 - [TEST_STEP][PASSED] - verifyElementPropertyValue(getResponse, "offers[2].groups[0].pricingPlans[0].pricingPlanData[0].showIn[0]", "VERTICAL_MODE"): Verify element property value successfully

2023-10-16 14:05:08 - [MESSAGE][PASSED] - Verify element property value successfully

2023-10-16 14:05:08 - [TEST_STEP][PASSED] - verifyElementPropertyValue(getResponse, "offers[2].groups[0].pricingPlans[0].pricingPlanData[0].showIn[1]", "HORIZONTAL_MODE"): Verify element property value successfully

2023-10-16 14:05:08 - [MESSAGE][PASSED] - Verify element property value successfully

2023-10-16 14:05:08 - [TEST_STEP][PASSED] - verifyElementPropertyValue(getResponse, "offers[2].groups[0].pricingPlans[0].pricingPlanData[0].priceLabel", "11"): Verify element property value successfully

2023-10-16 14:05:08 - [MESSAGE][PASSED] - Verify element property value successfully

2023-10-16 14:05:08 - [TEST_STEP][PASSED] - verifyElementPropertyValue(getResponse, "offers[2].groups[0].pricingPlans[0].pricingPlanData[0].currencyLabel", "₪"): Verify element property value successfully

2023-10-16 14:05:08 - [MESSAGE][PASSED] - Verify element property value successfully

2023-10-16 14:05:08 - [TEST_STEP][PASSED] - verifyElementPropertyValue(getResponse, "offers[2].groups[0].pricingPlans[0].pricingPlanData[0].dealId", "RE_50P_ISR"): Verify element property value successfully

2023-10-16 14:05:08 - [MESSAGE][PASSED] - Verify element property value successfully

2023-10-16 14:05:08 - [TEST_STEP][PASSED] - verifyElementPropertyValue(getResponse, "offers[2].groups[0].pricingPlans[0].pricingPlanData[0].allowedForAcquisition", "true"): Verify element property value successfully

2023-10-16 14:05:08 - [MESSAGE][PASSED] - Verify element property value successfully

2023-10-16 14:05:08 - [TEST_STEP][PASSED] - verifyElementPropertyValue(getResponse, "offers[2].groups[0].pricingPlans[0].pricingPlanData[0].visualElements[0].key", "title"): Verify element property value successfully

2023-10-16 14:05:08 - [MESSAGE][PASSED] - Verify element property value successfully

2023-10-16 14:05:08 - [TEST_STEP][PASSED] - verifyElementPropertyValue(getResponse, "offers[2].groups[0].pricingPlans[0].pricingPlanData[0].visualElements[0].value", "Credit/Debit Card"): Verify element property value successfully

2023-10-16 14:05:08 - [MESSAGE][PASSED] - Verify element property value successfully

2023-10-16 14:05:08 - [TEST_STEP][PASSED] - verifyElementPropertyValue(getResponse, "offers[2].groups[0].pricingPlans[0].pricingPlanData[0].visualElements[1].key", "CTA_text"): Verify element property value successfully

2023-10-16 14:05:08 - [MESSAGE][PASSED] - Verify element property value successfully

2023-10-16 14:05:08 - [TEST_STEP][PASSED] - verifyElementPropertyValue(getResponse, "offers[2].groups[0].pricingPlans[0].pricingPlanData[0].visualElements[1].value", "Subscribe"): Verify element property value successfully

2023-10-16 14:05:08 - [MESSAGE][PASSED] - Verify element property value successfully

2023-10-16 14:05:08 - [TEST_STEP][PASSED] - verifyElementPropertyValue(getResponse, "offers[2].groups[0].pricingPlans[0].pricingPlanData[0].visualElements[2].key", "logo"): Verify element property value successfully

2023-10-16 14:05:08 - [MESSAGE][PASSED] - Verify element property value successfully

2023-10-16 14:05:08 - [TEST_STEP][PASSED] - verifyElementPropertyValue(getResponse, "offers[2].groups[0].pricingPlans[0].pricingPlanData[0].visualElements[2].value", "https://static.s3.shahid.mbc.net/widget-images/icons/iconCreditCard.png"): Verify element property value successfully

2023-10-16 14:05:08 - [MESSAGE][PASSED] - Verify element property value successfully

2023-10-16 14:05:08 - [TEST_STEP][PASSED] - verifyElementPropertyValue(getResponse, "offers[8].offerId", "byg-30-offer"): Verify element property value successfully

2023-10-16 14:05:08 - [MESSAGE][PASSED] - Verify element property value successfully

2023-10-16 14:05:08 - [TEST_STEP][PASSED] - verifyElementPropertyValue(getResponse, "offers[8].offerParam", "bygoffer30"): Verify element property value successfully

2023-10-16 14:05:08 - [MESSAGE][PASSED] - Verify element property value successfully

2023-10-16 14:05:08 - [TEST_STEP][PASSED] - verifyElementPropertyValue(getResponse, "offers[8].groups[0].pricingPlans[0].featured", "true"): Verify element property value successfully

2023-10-16 14:05:08 - [MESSAGE][PASSED] - Verify element property value successfully

2023-10-16 14:05:08 - [TEST_STEP][PASSED] - verifyElementPropertyValue(getResponse, "offers[8].groups[0].pricingPlans[0].period", "monthly"): Verify element property value successfully

2023-10-16 14:05:08 - [MESSAGE][PASSED] - Verify element property value successfully

2023-10-16 14:05:08 - [TEST_STEP][PASSED] - verifyElementPropertyValue(getResponse, "offers[8].groups[0].pricingPlans[0].featured", "true"): Verify element property value successfully

2023-10-16 14:05:08 - [MESSAGE][PASSED] - Verify element property value successfully

2023-10-16 14:05:08 - [TEST_STEP][PASSED] - verifyElementPropertyValue(getResponse, "offers[8].groups[0].pricingPlans[0].price", "15.5"): Verify element property value successfully

2023-10-16 14:05:08 - [MESSAGE][PASSED] - Verify element property value successfully

2023-10-16 14:05:08 - [TEST_STEP][PASSED] - verifyElementPropertyValue(getResponse, "offers[8].groups[0].pricingPlans[0].currency", "₪"): Verify element property value successfully

2023-10-16 14:05:08 - [MESSAGE][PASSED] - Verify element property value successfully

2023-10-16 14:05:08 - [TEST_STEP][PASSED] - verifyElementPropertyValue(getResponse, "offers[8].groups[0].pricingPlans[0].order", "0"): Verify element property value successfully

2023-10-16 14:05:08 - [MESSAGE][PASSED] - Verify element property value successfully

2023-10-16 14:05:08 - [TEST_STEP][PASSED] - verifyElementPropertyValue(getResponse, "offers[8].groups[0].pricingPlans[0].packageId", "SHAHID_VIP"): Verify element property value successfully

2023-10-16 14:05:08 - [MESSAGE][PASSED] - Verify element property value successfully

2023-10-16 14:05:08 - [TEST_STEP][PASSED] - verifyElementPropertyValue(getResponse, "offers[8].groups[0].pricingPlans[0].catalogId", "VIP"): Verify element property value successfully

2023-10-16 14:05:08 - [MESSAGE][PASSED] - Verify element property value successfully

2023-10-16 14:05:08 - [TEST_STEP][PASSED] - verifyElementPropertyValue(getResponse, "offers[8].groups[0].pricingPlans[0].visualElements[0].key", "Header_1_text"): Verify element property value successfully

2023-10-16 14:05:08 - [MESSAGE][PASSED] - Verify element property value successfully

2023-10-16 14:05:08 - [TEST_STEP][PASSED] - verifyElementPropertyValue(getResponse, "offers[8].groups[0].pricingPlans[0].visualElements[0].value", "Watch the most powerful series and movies exclusively without stopping"): Verify element property value successfully

2023-10-16 14:05:08 - [MESSAGE][PASSED] - Verify element property value successfully

2023-10-16 14:05:08 - [TEST_STEP][PASSED] - verifyElementPropertyValue(getResponse, "offers[8].groups[0].pricingPlans[0].visualElements[1].key", "display_title"): Verify element property value successfully

2023-10-16 14:05:08 - [MESSAGE][PASSED] - Verify element property value successfully

2023-10-16 14:05:08 - [TEST_STEP][FAILED] - verifyElementPropertyValue(getResponse, "offers[8].groups[0].pricingPlans[0].visualElements[1].value", "30% Discount Offer"): Expected element property value '30% Discount Offer' is not equal with actual property value '30% Discount Offer​'

2023-10-16 14:05:08 - [MESSAGE][FAILED] - Expected element property value '30% Discount Offer' is not equal with actual property value '30% Discount Offer​'

2023-10-16 14:05:08 - [TEST_STEP][PASSED] - verifyElementPropertyValue(getResponse, "offers[8].groups[0].pricingPlans[0].visualElements[3].key", "deduction_text"): Verify element property value successfully

2023-10-16 14:05:08 - [MESSAGE][PASSED] - Verify element property value successfully

2023-10-16 14:05:08 - [TEST_STEP][PASSED] - verifyElementPropertyValue(getResponse, "offers[8].groups[0].pricingPlans[0].visualElements[3].value", "billed every month"): Verify element property value successfully

2023-10-16 14:05:08 - [MESSAGE][PASSED] - Verify element property value successfully

2023-10-16 14:05:08 - [TEST_STEP][PASSED] - verifyElementPropertyValue(getResponse, "offers[8].groups[0].pricingPlans[0].visualElements[6].key", "show_payment_logo"): Verify element property value successfully

2023-10-16 14:05:08 - [MESSAGE][PASSED] - Verify element property value successfully

2023-10-16 14:05:08 - [TEST_STEP][PASSED] - verifyElementPropertyValue(getResponse, "offers[8].groups[0].pricingPlans[0].visualElements[6].value", "true"): Verify element property value successfully

2023-10-16 14:05:08 - [MESSAGE][PASSED] - Verify element property value successfully

2023-10-16 14:05:08 - [TEST_STEP][PASSED] - verifyElementPropertyValue(getResponse, "offers[8].groups[0].pricingPlans[0].visualElements[8].key", "price"): Verify element property value successfully

2023-10-16 14:05:08 - [MESSAGE][PASSED] - Verify element property value successfully

2023-10-16 14:05:08 - [TEST_STEP][PASSED] - verifyElementPropertyValue(getResponse, "offers[8].groups[0].pricingPlans[0].visualElements[8].value", "15.5"): Verify element property value successfully

2023-10-16 14:05:08 - [MESSAGE][PASSED] - Verify element property value successfully

2023-10-16 14:05:08 - [TEST_STEP][PASSED] - verifyElementPropertyValue(getResponse, "offers[8].groups[0].pricingPlans[0].visualElements[9].key", "currency"): Verify element property value successfully

2023-10-16 14:05:08 - [MESSAGE][PASSED] - Verify element property value successfully

2023-10-16 14:05:08 - [TEST_STEP][PASSED] - verifyElementPropertyValue(getResponse, "offers[8].groups[0].pricingPlans[0].visualElements[9].value", "₪"): Verify element property value successfully

2023-10-16 14:05:08 - [MESSAGE][PASSED] - Verify element property value successfully

2023-10-16 14:05:08 - [TEST_STEP][PASSED] - verifyElementPropertyValue(getResponse, "offers[8].groups[0].pricingPlans[0].visualElements[10].key", "duration"): Verify element property value successfully

2023-10-16 14:05:08 - [MESSAGE][PASSED] - Verify element property value successfully

2023-10-16 14:05:08 - [TEST_STEP][PASSED] - verifyElementPropertyValue(getResponse, "offers[8].groups[0].pricingPlans[0].visualElements[10].value", "Monthly"): Verify element property value successfully

2023-10-16 14:05:08 - [MESSAGE][PASSED] - Verify element property value successfully

2023-10-16 14:05:08 - [TEST_STEP][PASSED] - verifyElementPropertyValue(getResponse, "offers[8].groups[0].pricingPlans[0].visualElements[11].key", "featured_tag_text"): Verify element property value successfully

2023-10-16 14:05:08 - [MESSAGE][PASSED] - Verify element property value successfully

2023-10-16 14:05:08 - [TEST_STEP][PASSED] - verifyElementPropertyValue(getResponse, "offers[8].groups[0].pricingPlans[0].visualElements[11].value", "Limited Time Offer"): Verify element property value successfully

2023-10-16 14:05:08 - [MESSAGE][PASSED] - Verify element property value successfully

2023-10-16 14:05:08 - [TEST_STEP][PASSED] - verifyElementPropertyValue(getResponse, "offers[8].groups[0].pricingPlans[0].visualElements[12].key", "show_tag"): Verify element property value successfully

2023-10-16 14:05:08 - [MESSAGE][PASSED] - Verify element property value successfully

2023-10-16 14:05:08 - [TEST_STEP][PASSED] - verifyElementPropertyValue(getResponse, "offers[8].groups[0].pricingPlans[0].visualElements[12].value", "true"): Verify element property value successfully

2023-10-16 14:05:08 - [MESSAGE][PASSED] - Verify element property value successfully

2023-10-16 14:05:08 - [TEST_STEP][PASSED] - verifyElementPropertyValue(getResponse, "offers[8].groups[0].pricingPlans[0].visualElements[13].key", "tag_text"): Verify element property value successfully

2023-10-16 14:05:08 - [MESSAGE][PASSED] - Verify element property value successfully

2023-10-16 14:05:08 - [TEST_STEP][PASSED] - verifyElementPropertyValue(getResponse, "offers[8].groups[0].pricingPlans[0].visualElements[13].value", "Save 30%"): Verify element property value successfully

2023-10-16 14:05:08 - [MESSAGE][PASSED] - Verify element property value successfully

2023-10-16 14:05:08 - [TEST_STEP][PASSED] - verifyElementPropertyValue(getResponse, "offers[8].groups[0].pricingPlans[0].pricingPlanData[0].productId", "ISR_B2C_SHAHID_VIP_1M"): Verify element property value successfully

2023-10-16 14:05:08 - [MESSAGE][PASSED] - Verify element property value successfully

2023-10-16 14:05:08 - [TEST_STEP][PASSED] - verifyElementPropertyValue(getResponse, "offers[8].groups[0].pricingPlans[0].pricingPlanData[0].paymentMethod", "CREDIT_CARD"): Verify element property value successfully

2023-10-16 14:05:08 - [MESSAGE][PASSED] - Verify element property value successfully

2023-10-16 14:05:08 - [TEST_STEP][PASSED] - verifyElementPropertyValue(getResponse, "offers[8].groups[0].pricingPlans[0].pricingPlanData[0].freeTrialEnabled", "false"): Verify element property value successfully

2023-10-16 14:05:08 - [MESSAGE][PASSED] - Verify element property value successfully

2023-10-16 14:05:08 - [TEST_STEP][PASSED] - verifyElementPropertyValue(getResponse, "offers[8].groups[0].pricingPlans[0].pricingPlanData[0].showIn[0]", "VERTICAL_MODE"): Verify element property value successfully

2023-10-16 14:05:08 - [MESSAGE][PASSED] - Verify element property value successfully

2023-10-16 14:05:08 - [TEST_STEP][PASSED] - verifyElementPropertyValue(getResponse, "offers[8].groups[0].pricingPlans[0].pricingPlanData[0].showIn[1]", "HORIZONTAL_MODE"): Verify element property value successfully

2023-10-16 14:05:08 - [MESSAGE][PASSED] - Verify element property value successfully

2023-10-16 14:05:08 - [TEST_STEP][PASSED] - verifyElementPropertyValue(getResponse, "offers[8].groups[0].pricingPlans[0].pricingPlanData[0].priceLabel", "15.5"): Verify element property value successfully

2023-10-16 14:05:08 - [MESSAGE][PASSED] - Verify element property value successfully

2023-10-16 14:05:08 - [TEST_STEP][PASSED] - verifyElementPropertyValue(getResponse, "offers[8].groups[0].pricingPlans[0].pricingPlanData[0].currencyLabel", "₪"): Verify element property value successfully

2023-10-16 14:05:09 - [MESSAGE][PASSED] - Verify element property value successfully

2023-10-16 14:05:09 - [TEST_STEP][PASSED] - verifyElementPropertyValue(getResponse, "offers[8].groups[0].pricingPlans[0].pricingPlanData[0].dealId", "BYG_30P_ISR"): Verify element property value successfully

2023-10-16 14:05:09 - [MESSAGE][PASSED] - Verify element property value successfully

2023-10-16 14:05:09 - [TEST_STEP][PASSED] - verifyElementPropertyValue(getResponse, "offers[8].groups[0].pricingPlans[0].pricingPlanData[0].allowedForAcquisition", "true"): Verify element property value successfully

2023-10-16 14:05:09 - [MESSAGE][PASSED] - Verify element property value successfully

2023-10-16 14:05:09 - [TEST_STEP][PASSED] - verifyElementPropertyValue(getResponse, "offers[8].groups[0].pricingPlans[0].pricingPlanData[0].visualElements[0].key", "title"): Verify element property value successfully

2023-10-16 14:05:09 - [MESSAGE][PASSED] - Verify element property value successfully

2023-10-16 14:05:09 - [TEST_STEP][PASSED] - verifyElementPropertyValue(getResponse, "offers[8].groups[0].pricingPlans[0].pricingPlanData[0].visualElements[0].value", "Credit/Debit Card"): Verify element property value successfully

2023-10-16 14:05:09 - [MESSAGE][PASSED] - Verify element property value successfully

2023-10-16 14:05:09 - [TEST_STEP][PASSED] - verifyElementPropertyValue(getResponse, "offers[8].groups[0].pricingPlans[0].pricingPlanData[0].visualElements[1].key", "CTA_text"): Verify element property value successfully

2023-10-16 14:05:09 - [MESSAGE][PASSED] - Verify element property value successfully

2023-10-16 14:05:09 - [TEST_STEP][PASSED] - verifyElementPropertyValue(getResponse, "offers[8].groups[0].pricingPlans[0].pricingPlanData[0].visualElements[1].value", "Subscribe"): Verify element property value successfully

2023-10-16 14:05:09 - [MESSAGE][PASSED] - Verify element property value successfully

2023-10-16 14:05:09 - [TEST_STEP][PASSED] - verifyElementPropertyValue(getResponse, "offers[8].groups[0].pricingPlans[0].pricingPlanData[0].visualElements[2].key", "logo"): Verify element property value successfully

2023-10-16 14:05:09 - [MESSAGE][PASSED] - Verify element property value successfully

2023-10-16 14:05:09 - [TEST_STEP][PASSED] - verifyElementPropertyValue(getResponse, "offers[8].groups[0].pricingPlans[0].pricingPlanData[0].visualElements[2].value", "https://static.s3.shahid.mbc.net/widget-images/icons/iconCreditCard.png"): Verify element property value successfully

2023-10-16 14:05:09 - [MESSAGE][PASSED] - Verify element property value successfully

2023-10-16 14:05:09 - [TEST_STEP][PASSED] - verifyElementPropertyValue(getResponse, "offers[9].offerId", "byg-40-offer"): Verify element property value successfully

2023-10-16 14:05:09 - [MESSAGE][PASSED] - Verify element property value successfully

2023-10-16 14:05:09 - [TEST_STEP][PASSED] - verifyElementPropertyValue(getResponse, "offers[9].offerParam", "bygoffer40"): Verify element property value successfully

2023-10-16 14:05:09 - [MESSAGE][PASSED] - Verify element property value successfully

2023-10-16 14:05:09 - [TEST_STEP][PASSED] - verifyElementPropertyValue(getResponse, "offers[9].groups[0].pricingPlans[0].featured", "true"): Verify element property value successfully

2023-10-16 14:05:09 - [MESSAGE][PASSED] - Verify element property value successfully

2023-10-16 14:05:09 - [TEST_STEP][PASSED] - verifyElementPropertyValue(getResponse, "offers[9].groups[0].pricingPlans[0].period", "monthly"): Verify element property value successfully

2023-10-16 14:05:09 - [MESSAGE][PASSED] - Verify element property value successfully

2023-10-16 14:05:09 - [TEST_STEP][PASSED] - verifyElementPropertyValue(getResponse, "offers[9].groups[0].pricingPlans[0].featured", "true"): Verify element property value successfully

2023-10-16 14:05:09 - [MESSAGE][PASSED] - Verify element property value successfully

2023-10-16 14:05:09 - [TEST_STEP][PASSED] - verifyElementPropertyValue(getResponse, "offers[9].groups[0].pricingPlans[0].price", "13.5"): Verify element property value successfully

2023-10-16 14:05:09 - [MESSAGE][PASSED] - Verify element property value successfully

2023-10-16 14:05:09 - [TEST_STEP][PASSED] - verifyElementPropertyValue(getResponse, "offers[9].groups[0].pricingPlans[0].currency", "₪"): Verify element property value successfully

2023-10-16 14:05:09 - [MESSAGE][PASSED] - Verify element property value successfully

2023-10-16 14:05:09 - [TEST_STEP][PASSED] - verifyElementPropertyValue(getResponse, "offers[9].groups[0].pricingPlans[0].order", "0"): Verify element property value successfully

2023-10-16 14:05:09 - [MESSAGE][PASSED] - Verify element property value successfully

2023-10-16 14:05:09 - [TEST_STEP][PASSED] - verifyElementPropertyValue(getResponse, "offers[9].groups[0].pricingPlans[0].packageId", "SHAHID_VIP"): Verify element property value successfully

2023-10-16 14:05:09 - [MESSAGE][PASSED] - Verify element property value successfully

2023-10-16 14:05:09 - [TEST_STEP][PASSED] - verifyElementPropertyValue(getResponse, "offers[9].groups[0].pricingPlans[0].catalogId", "VIP"): Verify element property value successfully

2023-10-16 14:05:09 - [MESSAGE][PASSED] - Verify element property value successfully

2023-10-16 14:05:09 - [TEST_STEP][PASSED] - verifyElementPropertyValue(getResponse, "offers[9].groups[0].pricingPlans[0].visualElements[0].key", "Header_1_text"): Verify element property value successfully

2023-10-16 14:05:09 - [MESSAGE][PASSED] - Verify element property value successfully

2023-10-16 14:05:09 - [TEST_STEP][PASSED] - verifyElementPropertyValue(getResponse, "offers[9].groups[0].pricingPlans[0].visualElements[0].value", "Watch the most powerful series and movies exclusively without stopping"): Verify element property value successfully

2023-10-16 14:05:09 - [MESSAGE][PASSED] - Verify element property value successfully

2023-10-16 14:05:09 - [TEST_STEP][PASSED] - verifyElementPropertyValue(getResponse, "offers[9].groups[0].pricingPlans[0].visualElements[1].key", "display_title"): Verify element property value successfully

2023-10-16 14:05:09 - [MESSAGE][PASSED] - Verify element property value successfully

2023-10-16 14:05:09 - [TEST_STEP][FAILED] - verifyElementPropertyValue(getResponse, "offers[9].groups[0].pricingPlans[0].visualElements[1].value", "40% Discount Offer"): Expected element property value '40% Discount Offer' is not equal with actual property value '40% Discount Offer​'

2023-10-16 14:05:09 - [MESSAGE][FAILED] - Expected element property value '40% Discount Offer' is not equal with actual property value '40% Discount Offer​'

2023-10-16 14:05:09 - [TEST_STEP][PASSED] - verifyElementPropertyValue(getResponse, "offers[9].groups[0].pricingPlans[0].visualElements[3].key", "deduction_text"): Verify element property value successfully

2023-10-16 14:05:09 - [MESSAGE][PASSED] - Verify element property value successfully

2023-10-16 14:05:09 - [TEST_STEP][PASSED] - verifyElementPropertyValue(getResponse, "offers[9].groups[0].pricingPlans[0].visualElements[3].value", "billed every month"): Verify element property value successfully

2023-10-16 14:05:09 - [MESSAGE][PASSED] - Verify element property value successfully

2023-10-16 14:05:09 - [TEST_STEP][PASSED] - verifyElementPropertyValue(getResponse, "offers[9].groups[0].pricingPlans[0].visualElements[6].key", "show_payment_logo"): Verify element property value successfully

2023-10-16 14:05:09 - [MESSAGE][PASSED] - Verify element property value successfully

2023-10-16 14:05:09 - [TEST_STEP][PASSED] - verifyElementPropertyValue(getResponse, "offers[9].groups[0].pricingPlans[0].visualElements[6].value", "true"): Verify element property value successfully

2023-10-16 14:05:09 - [MESSAGE][PASSED] - Verify element property value successfully

2023-10-16 14:05:09 - [TEST_STEP][PASSED] - verifyElementPropertyValue(getResponse, "offers[9].groups[0].pricingPlans[0].visualElements[8].key", "price"): Verify element property value successfully

2023-10-16 14:05:09 - [MESSAGE][PASSED] - Verify element property value successfully

2023-10-16 14:05:09 - [TEST_STEP][PASSED] - verifyElementPropertyValue(getResponse, "offers[9].groups[0].pricingPlans[0].visualElements[8].value", "13.5"): Verify element property value successfully

2023-10-16 14:05:09 - [MESSAGE][PASSED] - Verify element property value successfully

2023-10-16 14:05:09 - [TEST_STEP][PASSED] - verifyElementPropertyValue(getResponse, "offers[9].groups[0].pricingPlans[0].visualElements[9].key", "currency"): Verify element property value successfully

2023-10-16 14:05:09 - [MESSAGE][PASSED] - Verify element property value successfully

2023-10-16 14:05:09 - [TEST_STEP][PASSED] - verifyElementPropertyValue(getResponse, "offers[9].groups[0].pricingPlans[0].visualElements[9].value", "₪"): Verify element property value successfully

2023-10-16 14:05:09 - [MESSAGE][PASSED] - Verify element property value successfully

2023-10-16 14:05:09 - [TEST_STEP][PASSED] - verifyElementPropertyValue(getResponse, "offers[9].groups[0].pricingPlans[0].visualElements[10].key", "duration"): Verify element property value successfully

2023-10-16 14:05:09 - [MESSAGE][PASSED] - Verify element property value successfully

2023-10-16 14:05:09 - [TEST_STEP][PASSED] - verifyElementPropertyValue(getResponse, "offers[9].groups[0].pricingPlans[0].visualElements[10].value", "Monthly"): Verify element property value successfully

2023-10-16 14:05:09 - [MESSAGE][PASSED] - Verify element property value successfully

2023-10-16 14:05:09 - [TEST_STEP][PASSED] - verifyElementPropertyValue(getResponse, "offers[9].groups[0].pricingPlans[0].visualElements[11].key", "featured_tag_text"): Verify element property value successfully

2023-10-16 14:05:09 - [MESSAGE][PASSED] - Verify element property value successfully

2023-10-16 14:05:09 - [TEST_STEP][PASSED] - verifyElementPropertyValue(getResponse, "offers[9].groups[0].pricingPlans[0].visualElements[11].value", "Limited Time Offer"): Verify element property value successfully

2023-10-16 14:05:09 - [MESSAGE][PASSED] - Verify element property value successfully

2023-10-16 14:05:09 - [TEST_STEP][PASSED] - verifyElementPropertyValue(getResponse, "offers[9].groups[0].pricingPlans[0].visualElements[13].key", "tag_text"): Verify element property value successfully

2023-10-16 14:05:09 - [MESSAGE][PASSED] - Verify element property value successfully

2023-10-16 14:05:09 - [TEST_STEP][PASSED] - verifyElementPropertyValue(getResponse, "offers[9].groups[0].pricingPlans[0].visualElements[13].value", "Save 40%"): Verify element property value successfully

2023-10-16 14:05:09 - [MESSAGE][PASSED] - Verify element property value successfully

2023-10-16 14:05:09 - [TEST_STEP][PASSED] - verifyElementPropertyValue(getResponse, "offers[9].groups[0].pricingPlans[0].visualElements[12].key", "show_tag"): Verify element property value successfully

2023-10-16 14:05:09 - [MESSAGE][PASSED] - Verify element property value successfully

2023-10-16 14:05:09 - [TEST_STEP][PASSED] - verifyElementPropertyValue(getResponse, "offers[9].groups[0].pricingPlans[0].visualElements[12].value", "true"): Verify element property value successfully

2023-10-16 14:05:09 - [MESSAGE][PASSED] - Verify element property value successfully

2023-10-16 14:05:09 - [TEST_STEP][PASSED] - verifyElementPropertyValue(getResponse, "offers[9].groups[0].pricingPlans[0].pricingPlanData[0].productId", "ISR_B2C_SHAHID_VIP_1M"): Verify element property value successfully

2023-10-16 14:05:09 - [MESSAGE][PASSED] - Verify element property value successfully

2023-10-16 14:05:09 - [TEST_STEP][PASSED] - verifyElementPropertyValue(getResponse, "offers[9].groups[0].pricingPlans[0].pricingPlanData[0].paymentMethod", "CREDIT_CARD"): Verify element property value successfully

2023-10-16 14:05:09 - [MESSAGE][PASSED] - Verify element property value successfully

2023-10-16 14:05:09 - [TEST_STEP][PASSED] - verifyElementPropertyValue(getResponse, "offers[9].groups[0].pricingPlans[0].pricingPlanData[0].freeTrialEnabled", "false"): Verify element property value successfully

2023-10-16 14:05:09 - [MESSAGE][PASSED] - Verify element property value successfully

2023-10-16 14:05:09 - [TEST_STEP][PASSED] - verifyElementPropertyValue(getResponse, "offers[9].groups[0].pricingPlans[0].pricingPlanData[0].showIn[0]", "VERTICAL_MODE"): Verify element property value successfully

2023-10-16 14:05:09 - [MESSAGE][PASSED] - Verify element property value successfully

2023-10-16 14:05:09 - [TEST_STEP][PASSED] - verifyElementPropertyValue(getResponse, "offers[9].groups[0].pricingPlans[0].pricingPlanData[0].showIn[1]", "HORIZONTAL_MODE"): Verify element property value successfully

2023-10-16 14:05:09 - [MESSAGE][PASSED] - Verify element property value successfully

2023-10-16 14:05:09 - [TEST_STEP][PASSED] - verifyElementPropertyValue(getResponse, "offers[9].groups[0].pricingPlans[0].pricingPlanData[0].priceLabel", "13.5"): Verify element property value successfully

2023-10-16 14:05:09 - [MESSAGE][PASSED] - Verify element property value successfully

2023-10-16 14:05:09 - [TEST_STEP][PASSED] - verifyElementPropertyValue(getResponse, "offers[9].groups[0].pricingPlans[0].pricingPlanData[0].currencyLabel", "₪"): Verify element property value successfully

2023-10-16 14:05:09 - [MESSAGE][PASSED] - Verify element property value successfully

2023-10-16 14:05:09 - [TEST_STEP][PASSED] - verifyElementPropertyValue(getResponse, "offers[9].groups[0].pricingPlans[0].pricingPlanData[0].dealId", "BYG_40P_ISR"): Verify element property value successfully

2023-10-16 14:05:09 - [MESSAGE][PASSED] - Verify element property value successfully

2023-10-16 14:05:09 - [TEST_STEP][PASSED] - verifyElementPropertyValue(getResponse, "offers[9].groups[0].pricingPlans[0].pricingPlanData[0].allowedForAcquisition", "true"): Verify element property value successfully

2023-10-16 14:05:09 - [MESSAGE][PASSED] - Verify element property value successfully

2023-10-16 14:05:09 - [TEST_STEP][PASSED] - verifyElementPropertyValue(getResponse, "offers[9].groups[0].pricingPlans[0].pricingPlanData[0].visualElements[0].key", "title"): Verify element property value successfully

2023-10-16 14:05:09 - [MESSAGE][PASSED] - Verify element property value successfully

2023-10-16 14:05:09 - [TEST_STEP][PASSED] - verifyElementPropertyValue(getResponse, "offers[9].groups[0].pricingPlans[0].pricingPlanData[0].visualElements[0].value", "Credit/Debit Card"): Verify element property value successfully

2023-10-16 14:05:09 - [MESSAGE][PASSED] - Verify element property value successfully

2023-10-16 14:05:09 - [TEST_STEP][PASSED] - verifyElementPropertyValue(getResponse, "offers[9].groups[0].pricingPlans[0].pricingPlanData[0].visualElements[1].key", "CTA_text"): Verify element property value successfully

2023-10-16 14:05:09 - [MESSAGE][PASSED] - Verify element property value successfully

2023-10-16 14:05:09 - [TEST_STEP][PASSED] - verifyElementPropertyValue(getResponse, "offers[9].groups[0].pricingPlans[0].pricingPlanData[0].visualElements[1].value", "Subscribe"): Verify element property value successfully

2023-10-16 14:05:09 - [MESSAGE][PASSED] - Verify element property value successfully

2023-10-16 14:05:09 - [TEST_STEP][PASSED] - verifyElementPropertyValue(getResponse, "offers[9].groups[0].pricingPlans[0].pricingPlanData[0].visualElements[2].key", "logo"): Verify element property value successfully

2023-10-16 14:05:09 - [MESSAGE][PASSED] - Verify element property value successfully

2023-10-16 14:05:09 - [TEST_STEP][PASSED] - verifyElementPropertyValue(getResponse, "offers[9].groups[0].pricingPlans[0].pricingPlanData[0].visualElements[2].value", "https://static.s3.shahid.mbc.net/widget-images/icons/iconCreditCard.png"): Verify element property value successfully

2023-10-16 14:05:09 - [MESSAGE][PASSED] - Verify element property value successfully

2023-10-16 14:05:09 - [TEST_STEP][PASSED] - verifyElementPropertyValue(getResponse, "offers[10].offerId", "byg-50-offer"): Verify element property value successfully

2023-10-16 14:05:09 - [MESSAGE][PASSED] - Verify element property value successfully

2023-10-16 14:05:09 - [TEST_STEP][PASSED] - verifyElementPropertyValue(getResponse, "offers[10].offerParam", "bygoffer50"): Verify element property value successfully

2023-10-16 14:05:09 - [MESSAGE][PASSED] - Verify element property value successfully

2023-10-16 14:05:09 - [TEST_STEP][PASSED] - verifyElementPropertyValue(getResponse, "offers[10].groups[0].pricingPlans[0].featured", "true"): Verify element property value successfully

2023-10-16 14:05:09 - [MESSAGE][PASSED] - Verify element property value successfully

2023-10-16 14:05:09 - [TEST_STEP][PASSED] - verifyElementPropertyValue(getResponse, "offers[10].groups[0].pricingPlans[0].period", "monthly"): Verify element property value successfully

2023-10-16 14:05:09 - [MESSAGE][PASSED] - Verify element property value successfully

2023-10-16 14:05:09 - [TEST_STEP][PASSED] - verifyElementPropertyValue(getResponse, "offers[10].groups[0].pricingPlans[0].featured", "true"): Verify element property value successfully

2023-10-16 14:05:09 - [MESSAGE][PASSED] - Verify element property value successfully

2023-10-16 14:05:09 - [TEST_STEP][PASSED] - verifyElementPropertyValue(getResponse, "offers[10].groups[0].pricingPlans[0].price", "11.0"): Verify element property value successfully

2023-10-16 14:05:09 - [MESSAGE][PASSED] - Verify element property value successfully

2023-10-16 14:05:09 - [TEST_STEP][PASSED] - verifyElementPropertyValue(getResponse, "offers[10].groups[0].pricingPlans[0].currency", "₪"): Verify element property value successfully

2023-10-16 14:05:09 - [MESSAGE][PASSED] - Verify element property value successfully

2023-10-16 14:05:09 - [TEST_STEP][PASSED] - verifyElementPropertyValue(getResponse, "offers[10].groups[0].pricingPlans[0].order", "0"): Verify element property value successfully

2023-10-16 14:05:09 - [MESSAGE][PASSED] - Verify element property value successfully

2023-10-16 14:05:09 - [TEST_STEP][PASSED] - verifyElementPropertyValue(getResponse, "offers[10].groups[0].pricingPlans[0].packageId", "SHAHID_VIP"): Verify element property value successfully

2023-10-16 14:05:09 - [MESSAGE][PASSED] - Verify element property value successfully

2023-10-16 14:05:09 - [TEST_STEP][PASSED] - verifyElementPropertyValue(getResponse, "offers[10].groups[0].pricingPlans[0].catalogId", "VIP"): Verify element property value successfully

2023-10-16 14:05:09 - [MESSAGE][PASSED] - Verify element property value successfully

2023-10-16 14:05:09 - [TEST_STEP][PASSED] - verifyElementPropertyValue(getResponse, "offers[10].groups[0].pricingPlans[0].visualElements[0].key", "Header_1_text"): Verify element property value successfully

2023-10-16 14:05:09 - [MESSAGE][PASSED] - Verify element property value successfully

2023-10-16 14:05:13 - [TEST_STEP][PASSED] - verifyElementPropertyValue(getResponse, "offers[10].groups[0].pricingPlans[0].visualElements[0].value", "Watch the most powerful series and movies exclusively without stopping"): Verify element property value successfully

2023-10-16 14:05:13 - [MESSAGE][PASSED] - Verify element property value successfully

2023-10-16 14:05:13 - [TEST_STEP][PASSED] - verifyElementPropertyValue(getResponse, "offers[10].groups[0].pricingPlans[0].visualElements[1].key", "display_title"): Verify element property value successfully

2023-10-16 14:05:13 - [MESSAGE][PASSED] - Verify element property value successfully

2023-10-16 14:05:13 - [TEST_STEP][FAILED] - verifyElementPropertyValue(getResponse, "offers[10].groups[0].pricingPlans[0].visualElements[1].value", "50% Discount Offer"): Expected element property value '50% Discount Offer' is not equal with actual property value '50% Discount Offer​'

2023-10-16 14:05:13 - [MESSAGE][FAILED] - Expected element property value '50% Discount Offer' is not equal with actual property value '50% Discount Offer​'

2023-10-16 14:05:13 - [TEST_STEP][PASSED] - verifyElementPropertyValue(getResponse, "offers[10].groups[0].pricingPlans[0].visualElements[3].key", "deduction_text"): Verify element property value successfully

2023-10-16 14:05:13 - [MESSAGE][PASSED] - Verify element property value successfully

2023-10-16 14:05:28 - [TEST_STEP][PASSED] - verifyElementPropertyValue(getResponse, "offers[10].groups[0].pricingPlans[0].visualElements[3].value", "billed every month"): Verify element property value successfully

2023-10-16 14:05:28 - [MESSAGE][PASSED] - Verify element property value successfully

2023-10-16 14:05:28 - [TEST_STEP][PASSED] - verifyElementPropertyValue(getResponse, "offers[10].groups[0].pricingPlans[0].visualElements[6].key", "show_payment_logo"): Verify element property value successfully

2023-10-16 14:05:28 - [MESSAGE][PASSED] - Verify element property value successfully

2023-10-16 14:05:28 - [TEST_STEP][PASSED] - verifyElementPropertyValue(getResponse, "offers[10].groups[0].pricingPlans[0].visualElements[6].value", "true"): Verify element property value successfully

2023-10-16 14:05:28 - [MESSAGE][PASSED] - Verify element property value successfully

2023-10-16 14:05:28 - [TEST_STEP][PASSED] - verifyElementPropertyValue(getResponse, "offers[10].groups[0].pricingPlans[0].visualElements[8].key", "price"): Verify element property value successfully

2023-10-16 14:05:28 - [MESSAGE][PASSED] - Verify element property value successfully

2023-10-16 14:05:28 - [TEST_STEP][PASSED] - verifyElementPropertyValue(getResponse, "offers[10].groups[0].pricingPlans[0].visualElements[8].value", "11"): Verify element property value successfully

2023-10-16 14:05:28 - [MESSAGE][PASSED] - Verify element property value successfully

2023-10-16 14:05:28 - [TEST_STEP][PASSED] - verifyElementPropertyValue(getResponse, "offers[10].groups[0].pricingPlans[0].visualElements[9].key", "currency"): Verify element property value successfully

2023-10-16 14:05:28 - [MESSAGE][PASSED] - Verify element property value successfully

2023-10-16 14:05:28 - [TEST_STEP][PASSED] - verifyElementPropertyValue(getResponse, "offers[10].groups[0].pricingPlans[0].visualElements[9].value", "₪"): Verify element property value successfully

2023-10-16 14:05:28 - [MESSAGE][PASSED] - Verify element property value successfully

2023-10-16 14:05:28 - [TEST_STEP][PASSED] - verifyElementPropertyValue(getResponse, "offers[10].groups[0].pricingPlans[0].visualElements[10].key", "duration"): Verify element property value successfully

2023-10-16 14:05:28 - [MESSAGE][PASSED] - Verify element property value successfully

2023-10-16 14:05:28 - [TEST_STEP][PASSED] - verifyElementPropertyValue(getResponse, "offers[10].groups[0].pricingPlans[0].visualElements[10].value", "Monthly"): Verify element property value successfully

2023-10-16 14:05:28 - [MESSAGE][PASSED] - Verify element property value successfully

2023-10-16 14:05:28 - [TEST_STEP][PASSED] - verifyElementPropertyValue(getResponse, "offers[10].groups[0].pricingPlans[0].visualElements[11].key", "featured_tag_text"): Verify element property value successfully

2023-10-16 14:05:28 - [MESSAGE][PASSED] - Verify element property value successfully

2023-10-16 14:05:28 - [TEST_STEP][PASSED] - verifyElementPropertyValue(getResponse, "offers[10].groups[0].pricingPlans[0].visualElements[11].value", "Limited Time Offer"): Verify element property value successfully

2023-10-16 14:05:28 - [MESSAGE][PASSED] - Verify element property value successfully

2023-10-16 14:05:28 - [TEST_STEP][PASSED] - verifyElementPropertyValue(getResponse, "offers[10].groups[0].pricingPlans[0].visualElements[13].key", "tag_text"): Verify element property value successfully

2023-10-16 14:05:28 - [MESSAGE][PASSED] - Verify element property value successfully

2023-10-16 14:05:28 - [TEST_STEP][PASSED] - verifyElementPropertyValue(getResponse, "offers[10].groups[0].pricingPlans[0].visualElements[13].value", "Save 50%"): Verify element property value successfully

2023-10-16 14:05:28 - [MESSAGE][PASSED] - Verify element property value successfully

2023-10-16 14:05:28 - [TEST_STEP][PASSED] - verifyElementPropertyValue(getResponse, "offers[10].groups[0].pricingPlans[0].visualElements[12].key", "show_tag"): Verify element property value successfully

2023-10-16 14:05:28 - [MESSAGE][PASSED] - Verify element property value successfully

2023-10-16 14:05:28 - [TEST_STEP][PASSED] - verifyElementPropertyValue(getResponse, "offers[10].groups[0].pricingPlans[0].visualElements[12].value", "true"): Verify element property value successfully

2023-10-16 14:05:28 - [MESSAGE][PASSED] - Verify element property value successfully

2023-10-16 14:05:28 - [TEST_STEP][PASSED] - verifyElementPropertyValue(getResponse, "offers[10].groups[0].pricingPlans[0].pricingPlanData[0].productId", "ISR_B2C_SHAHID_VIP_1M"): Verify element property value successfully

2023-10-16 14:05:28 - [MESSAGE][PASSED] - Verify element property value successfully

2023-10-16 14:05:28 - [TEST_STEP][PASSED] - verifyElementPropertyValue(getResponse, "offers[10].groups[0].pricingPlans[0].pricingPlanData[0].paymentMethod", "CREDIT_CARD"): Verify element property value successfully

2023-10-16 14:05:28 - [MESSAGE][PASSED] - Verify element property value successfully

2023-10-16 14:05:28 - [TEST_STEP][PASSED] - verifyElementPropertyValue(getResponse, "offers[10].groups[0].pricingPlans[0].pricingPlanData[0].freeTrialEnabled", "false"): Verify element property value successfully

2023-10-16 14:05:28 - [MESSAGE][PASSED] - Verify element property value successfully

2023-10-16 14:05:28 - [TEST_STEP][PASSED] - verifyElementPropertyValue(getResponse, "offers[10].groups[0].pricingPlans[0].pricingPlanData[0].showIn[0]", "VERTICAL_MODE"): Verify element property value successfully

2023-10-16 14:05:28 - [MESSAGE][PASSED] - Verify element property value successfully

2023-10-16 14:05:28 - [TEST_STEP][PASSED] - verifyElementPropertyValue(getResponse, "offers[10].groups[0].pricingPlans[0].pricingPlanData[0].showIn[1]", "HORIZONTAL_MODE"): Verify element property value successfully

2023-10-16 14:05:28 - [MESSAGE][PASSED] - Verify element property value successfully

2023-10-16 14:05:28 - [TEST_STEP][PASSED] - verifyElementPropertyValue(getResponse, "offers[10].groups[0].pricingPlans[0].pricingPlanData[0].priceLabel", "11"): Verify element property value successfully

2023-10-16 14:05:28 - [MESSAGE][PASSED] - Verify element property value successfully

2023-10-16 14:05:28 - [TEST_STEP][PASSED] - verifyElementPropertyValue(getResponse, "offers[10].groups[0].pricingPlans[0].pricingPlanData[0].currencyLabel", "₪"): Verify element property value successfully

2023-10-16 14:05:28 - [MESSAGE][PASSED] - Verify element property value successfully

2023-10-16 14:05:28 - [TEST_STEP][PASSED] - verifyElementPropertyValue(getResponse, "offers[10].groups[0].pricingPlans[0].pricingPlanData[0].dealId", "BYG_50P_ISR"): Verify element property value successfully

2023-10-16 14:05:28 - [MESSAGE][PASSED] - Verify element property value successfully

2023-10-16 14:05:28 - [TEST_STEP][PASSED] - verifyElementPropertyValue(getResponse, "offers[10].groups[0].pricingPlans[0].pricingPlanData[0].allowedForAcquisition", "true"): Verify element property value successfully

2023-10-16 14:05:28 - [MESSAGE][PASSED] - Verify element property value successfully

2023-10-16 14:05:28 - [TEST_STEP][PASSED] - verifyElementPropertyValue(getResponse, "offers[10].groups[0].pricingPlans[0].pricingPlanData[0].visualElements[0].key", "title"): Verify element property value successfully

2023-10-16 14:05:28 - [MESSAGE][PASSED] - Verify element property value successfully

2023-10-16 14:05:28 - [TEST_STEP][PASSED] - verifyElementPropertyValue(getResponse, "offers[10].groups[0].pricingPlans[0].pricingPlanData[0].visualElements[0].value", "Credit/Debit Card"): Verify element property value successfully

2023-10-16 14:05:28 - [MESSAGE][PASSED] - Verify element property value successfully

2023-10-16 14:05:28 - [TEST_STEP][PASSED] - verifyElementPropertyValue(getResponse, "offers[10].groups[0].pricingPlans[0].pricingPlanData[0].visualElements[1].key", "CTA_text"): Verify element property value successfully

2023-10-16 14:05:28 - [MESSAGE][PASSED] - Verify element property value successfully

2023-10-16 14:05:28 - [TEST_STEP][PASSED] - verifyElementPropertyValue(getResponse, "offers[10].groups[0].pricingPlans[0].pricingPlanData[0].visualElements[1].value", "Subscribe"): Verify element property value successfully

2023-10-16 14:05:29 - [MESSAGE][PASSED] - Verify element property value successfully

2023-10-16 14:05:29 - [TEST_STEP][PASSED] - verifyElementPropertyValue(getResponse, "offers[10].groups[0].pricingPlans[0].pricingPlanData[0].visualElements[2].key", "logo"): Verify element property value successfully

2023-10-16 14:05:29 - [MESSAGE][PASSED] - Verify element property value successfully

2023-10-16 14:05:29 - [TEST_STEP][PASSED] - verifyElementPropertyValue(getResponse, "offers[10].groups[0].pricingPlans[0].pricingPlanData[0].visualElements[2].value", "https://static.s3.shahid.mbc.net/widget-images/icons/iconCreditCard.png"): Verify element property value successfully

2023-10-16 14:05:29 - [MESSAGE][PASSED] - Verify element property value successfully]]></system-out>
         <system-err><![CDATA[2023-10-16 14:04:59 - [TEST_CASE][FAILED] - Test Cases/WEB - CHROME/ISR PI/WEB_EN_getOffersForISR_VIP: Test Cases/WEB - CHROME/ISR PI/WEB_EN_getOffersForISR_VIP FAILED.
Reason:
com.kms.katalon.core.exception.StepFailedException: Expected element property value '30% Discount Offer' is not equal with actual property value '30% Discount Offer​'
	at com.kms.katalon.core.keyword.internal.KeywordMain.stepFailed(KeywordMain.groovy:39)
	at com.kms.katalon.core.webservice.keyword.builtin.VerifyElementPropertyValueKeyword$_verifyElementPropertyValue_closure1.doCall(VerifyElementPropertyValueKeyword.groovy:56)
	at com.kms.katalon.core.webservice.keyword.builtin.VerifyElementPropertyValueKeyword$_verifyElementPropertyValue_closure1.call(VerifyElementPropertyValueKeyword.groovy)
	at com.kms.katalon.core.keyword.internal.KeywordMain.runKeyword(KeywordMain.groovy:75)
	at com.kms.katalon.core.webservice.keyword.builtin.VerifyElementPropertyValueKeyword.verifyElementPropertyValue(VerifyElementPropertyValueKeyword.groovy:48)
	at com.kms.katalon.core.webservice.keyword.builtin.VerifyElementPropertyValueKeyword.execute(VerifyElementPropertyValueKeyword.groovy:43)
	at com.kms.katalon.core.keyword.internal.KeywordExecutor.executeKeywordForPlatform(KeywordExecutor.groovy:74)
	at com.kms.katalon.core.webservice.keyword.WSBuiltInKeywords.verifyElementPropertyValue(WSBuiltInKeywords.groovy:190)
	at com.kms.katalon.core.webservice.keyword.WSBuiltInKeywords$verifyElementPropertyValue$1.call(Unknown Source)
	at WEB_EN_getOffersForISR_VIP.run(WEB_EN_getOffersForISR_VIP:61)
	at com.kms.katalon.core.main.ScriptEngine.run(ScriptEngine.java:194)
	at com.kms.katalon.core.main.ScriptEngine.runScriptAsRawText(ScriptEngine.java:119)
	at com.kms.katalon.core.main.TestCaseExecutor.runScript(TestCaseExecutor.java:448)
	at com.kms.katalon.core.main.TestCaseExecutor.doExecute(TestCaseExecutor.java:439)
	at com.kms.katalon.core.main.TestCaseExecutor.processExecutionPhase(TestCaseExecutor.java:418)
	at com.kms.katalon.core.main.TestCaseExecutor.accessMainPhase(TestCaseExecutor.java:410)
	at com.kms.katalon.core.main.TestCaseExecutor.execute(TestCaseExecutor.java:285)
	at com.kms.katalon.core.common.CommonExecutor.accessTestCaseMainPhase(CommonExecutor.java:65)
	at com.kms.katalon.core.main.TestSuiteExecutor.accessTestSuiteMainPhase(TestSuiteExecutor.java:148)
	at com.kms.katalon.core.main.TestSuiteExecutor.execute(TestSuiteExecutor.java:106)
	at com.kms.katalon.core.main.TestCaseMain.startTestSuite(TestCaseMain.java:187)
	at com.kms.katalon.core.main.TestCaseMain$startTestSuite$0.call(Unknown Source)
	at TempTestSuite1697454191890.run(TempTestSuite1697454191890.groovy:36)]]></system-err>
      </testcase>
      <testcase name="Test Cases/WEB - CHROME/ISR PI/WEB_FR_getOffersForISR_SPORT" time="3.036" classname="Test Cases/WEB - CHROME/ISR PI/WEB_FR_getOffersForISR_SPORT" status="PASSED">
         <system-out><![CDATA[2023-10-16 14:05:29 - [TEST_CASE][PASSED] - Test Cases/WEB - CHROME/ISR PI/WEB_FR_getOffersForISR_SPORT: Test Cases/WEB - CHROME/ISR PI/WEB_FR_getOffersForISR_SPORT

2023-10-16 14:05:29 - [TEST_STEP][PASSED] - getResponse = config_files.getConfigFile.getConfig("WEB", "FR", "SHAHID_VIP_SPORT", "IL", "false"): config_files.getConfigFile.getConfig is PASSED

2023-10-16 14:05:30 - [MESSAGE][INFO] - HAR: /Users/admin/git/shahid-configuration/Reports/20231016_140310/WEB/ISR/20231016_140311/requests/main/8.har

2023-10-16 14:05:30 - [MESSAGE][PASSED] - Send request successfully

2023-10-16 14:05:30 - [MESSAGE][PASSED] - config_files.getConfigFile.getConfig is PASSED

2023-10-16 14:05:30 - [TEST_STEP][PASSED] - verifyResponseStatusCode(getResponse, 200): Verify response status code successfully

2023-10-16 14:05:30 - [MESSAGE][PASSED] - Verify response status code successfully

2023-10-16 14:05:30 - [TEST_STEP][PASSED] - verifyElementPropertyValue(getResponse, "country", "ISR"): Verify element property value successfully

2023-10-16 14:05:30 - [MESSAGE][PASSED] - Verify element property value successfully

2023-10-16 14:05:30 - [TEST_STEP][PASSED] - verifyElementPropertyValue(getResponse, "platform", "[WEB]"): Verify element property value successfully

2023-10-16 14:05:30 - [MESSAGE][PASSED] - Verify element property value successfully

2023-10-16 14:05:30 - [TEST_STEP][PASSED] - verifyElementPropertyValue(getResponse, "offers[5].offerId", "winback-sport-30-offer"): Verify element property value successfully

2023-10-16 14:05:30 - [MESSAGE][PASSED] - Verify element property value successfully

2023-10-16 14:05:30 - [TEST_STEP][PASSED] - verifyElementPropertyValue(getResponse, "offers[5].offerParam", "sportsoffer30"): Verify element property value successfully

2023-10-16 14:05:30 - [MESSAGE][PASSED] - Verify element property value successfully

2023-10-16 14:05:30 - [TEST_STEP][PASSED] - verifyElementPropertyValue(getResponse, "offers[5].groups[0].pricingPlans[0].featured", "true"): Verify element property value successfully

2023-10-16 14:05:30 - [MESSAGE][PASSED] - Verify element property value successfully

2023-10-16 14:05:30 - [TEST_STEP][PASSED] - verifyElementPropertyValue(getResponse, "offers[5].groups[0].pricingPlans[0].period", "monthly"): Verify element property value successfully

2023-10-16 14:05:30 - [MESSAGE][PASSED] - Verify element property value successfully

2023-10-16 14:05:30 - [TEST_STEP][PASSED] - verifyElementPropertyValue(getResponse, "offers[5].groups[0].pricingPlans[0].featured", "true"): Verify element property value successfully

2023-10-16 14:05:30 - [MESSAGE][PASSED] - Verify element property value successfully

2023-10-16 14:05:30 - [TEST_STEP][PASSED] - verifyElementPropertyValue(getResponse, "offers[5].groups[0].pricingPlans[0].price", "30.9"): Verify element property value successfully

2023-10-16 14:05:30 - [MESSAGE][PASSED] - Verify element property value successfully

2023-10-16 14:05:30 - [TEST_STEP][PASSED] - verifyElementPropertyValue(getResponse, "offers[5].groups[0].pricingPlans[0].currency", "₪"): Verify element property value successfully

2023-10-16 14:05:30 - [MESSAGE][PASSED] - Verify element property value successfully

2023-10-16 14:05:30 - [TEST_STEP][PASSED] - verifyElementPropertyValue(getResponse, "offers[5].groups[0].pricingPlans[0].order", "0"): Verify element property value successfully

2023-10-16 14:05:30 - [MESSAGE][PASSED] - Verify element property value successfully

2023-10-16 14:05:30 - [TEST_STEP][PASSED] - verifyElementPropertyValue(getResponse, "offers[5].groups[0].pricingPlans[0].packageId", "SHAHID_VIP_SPORT"): Verify element property value successfully

2023-10-16 14:05:30 - [MESSAGE][PASSED] - Verify element property value successfully

2023-10-16 14:05:30 - [TEST_STEP][PASSED] - verifyElementPropertyValue(getResponse, "offers[5].groups[0].pricingPlans[0].catalogId", "SPORT"): Verify element property value successfully

2023-10-16 14:05:30 - [MESSAGE][PASSED] - Verify element property value successfully

2023-10-16 14:05:30 - [TEST_STEP][PASSED] - verifyElementPropertyValue(getResponse, "offers[5].groups[0].pricingPlans[0].visualElements[0].key", "Header_1_text"): Verify element property value successfully

2023-10-16 14:05:30 - [MESSAGE][PASSED] - Verify element property value successfully

2023-10-16 14:05:30 - [TEST_STEP][PASSED] - verifyElementPropertyValue(getResponse, "offers[5].groups[0].pricingPlans[0].visualElements[0].value", "Abonnez-vous dès maintenant et profitez de vos programmes sans publicité"): Verify element property value successfully

2023-10-16 14:05:30 - [MESSAGE][PASSED] - Verify element property value successfully

2023-10-16 14:05:30 - [TEST_STEP][PASSED] - verifyElementPropertyValue(getResponse, "offers[5].groups[0].pricingPlans[0].visualElements[1].key", "display_title"): Verify element property value successfully

2023-10-16 14:05:30 - [MESSAGE][PASSED] - Verify element property value successfully

2023-10-16 14:05:30 - [TEST_STEP][PASSED] - verifyElementPropertyValue(getResponse, "offers[5].groups[0].pricingPlans[0].visualElements[1].value", "30% de réduction"): Verify element property value successfully

2023-10-16 14:05:30 - [MESSAGE][PASSED] - Verify element property value successfully

2023-10-16 14:05:30 - [TEST_STEP][PASSED] - verifyElementPropertyValue(getResponse, "offers[5].groups[0].pricingPlans[0].visualElements[3].key", "deduction_text"): Verify element property value successfully

2023-10-16 14:05:30 - [MESSAGE][PASSED] - Verify element property value successfully

2023-10-16 14:05:30 - [TEST_STEP][PASSED] - verifyElementPropertyValue(getResponse, "offers[5].groups[0].pricingPlans[0].visualElements[3].value", "facturation mensuelle"): Verify element property value successfully

2023-10-16 14:05:30 - [MESSAGE][PASSED] - Verify element property value successfully

2023-10-16 14:05:30 - [TEST_STEP][PASSED] - verifyElementPropertyValue(getResponse, "offers[5].groups[0].pricingPlans[0].visualElements[6].key", "show_payment_logo"): Verify element property value successfully

2023-10-16 14:05:30 - [MESSAGE][PASSED] - Verify element property value successfully

2023-10-16 14:05:30 - [TEST_STEP][PASSED] - verifyElementPropertyValue(getResponse, "offers[5].groups[0].pricingPlans[0].visualElements[6].value", "true"): Verify element property value successfully

2023-10-16 14:05:30 - [MESSAGE][PASSED] - Verify element property value successfully

2023-10-16 14:05:30 - [TEST_STEP][PASSED] - verifyElementPropertyValue(getResponse, "offers[5].groups[0].pricingPlans[0].visualElements[8].key", "price"): Verify element property value successfully

2023-10-16 14:05:30 - [MESSAGE][PASSED] - Verify element property value successfully

2023-10-16 14:05:30 - [TEST_STEP][PASSED] - verifyElementPropertyValue(getResponse, "offers[5].groups[0].pricingPlans[0].visualElements[8].value", "30.9"): Verify element property value successfully

2023-10-16 14:05:30 - [MESSAGE][PASSED] - Verify element property value successfully

2023-10-16 14:05:30 - [TEST_STEP][PASSED] - verifyElementPropertyValue(getResponse, "offers[5].groups[0].pricingPlans[0].visualElements[9].key", "currency"): Verify element property value successfully

2023-10-16 14:05:30 - [MESSAGE][PASSED] - Verify element property value successfully

2023-10-16 14:05:30 - [TEST_STEP][PASSED] - verifyElementPropertyValue(getResponse, "offers[5].groups[0].pricingPlans[0].visualElements[9].value", "₪"): Verify element property value successfully

2023-10-16 14:05:30 - [MESSAGE][PASSED] - Verify element property value successfully

2023-10-16 14:05:30 - [TEST_STEP][PASSED] - verifyElementPropertyValue(getResponse, "offers[5].groups[0].pricingPlans[0].visualElements[10].key", "duration"): Verify element property value successfully

2023-10-16 14:05:30 - [MESSAGE][PASSED] - Verify element property value successfully

2023-10-16 14:05:30 - [TEST_STEP][PASSED] - verifyElementPropertyValue(getResponse, "offers[5].groups[0].pricingPlans[0].visualElements[10].value", "Mensuel"): Verify element property value successfully

2023-10-16 14:05:30 - [MESSAGE][PASSED] - Verify element property value successfully

2023-10-16 14:05:30 - [TEST_STEP][PASSED] - verifyElementPropertyValue(getResponse, "offers[5].groups[0].pricingPlans[0].visualElements[11].key", "featured_tag_text"): Verify element property value successfully

2023-10-16 14:05:30 - [MESSAGE][PASSED] - Verify element property value successfully

2023-10-16 14:05:30 - [TEST_STEP][PASSED] - verifyElementPropertyValue(getResponse, "offers[5].groups[0].pricingPlans[0].visualElements[11].value", "Offre limitée"): Verify element property value successfully

2023-10-16 14:05:30 - [MESSAGE][PASSED] - Verify element property value successfully

2023-10-16 14:05:30 - [TEST_STEP][PASSED] - verifyElementPropertyValue(getResponse, "offers[5].groups[0].pricingPlans[0].visualElements[13].key", "tag_text"): Verify element property value successfully

2023-10-16 14:05:30 - [MESSAGE][PASSED] - Verify element property value successfully

2023-10-16 14:05:30 - [TEST_STEP][PASSED] - verifyElementPropertyValue(getResponse, "offers[5].groups[0].pricingPlans[0].visualElements[13].value", "Économisez 30% "): Verify element property value successfully

2023-10-16 14:05:30 - [MESSAGE][PASSED] - Verify element property value successfully

2023-10-16 14:05:30 - [TEST_STEP][PASSED] - verifyElementPropertyValue(getResponse, "offers[5].groups[0].pricingPlans[0].visualElements[12].key", "show_tag"): Verify element property value successfully

2023-10-16 14:05:30 - [MESSAGE][PASSED] - Verify element property value successfully

2023-10-16 14:05:30 - [TEST_STEP][PASSED] - verifyElementPropertyValue(getResponse, "offers[5].groups[0].pricingPlans[0].visualElements[12].value", "true"): Verify element property value successfully

2023-10-16 14:05:30 - [MESSAGE][PASSED] - Verify element property value successfully

2023-10-16 14:05:30 - [TEST_STEP][PASSED] - verifyElementPropertyValue(getResponse, "offers[5].groups[0].pricingPlans[0].pricingPlanData[0].productId", "ISR_B2C_SHAHID_VIP_SPORT_1M"): Verify element property value successfully

2023-10-16 14:05:30 - [MESSAGE][PASSED] - Verify element property value successfully

2023-10-16 14:05:30 - [TEST_STEP][PASSED] - verifyElementPropertyValue(getResponse, "offers[5].groups[0].pricingPlans[0].pricingPlanData[0].paymentMethod", "CREDIT_CARD"): Verify element property value successfully

2023-10-16 14:05:30 - [MESSAGE][PASSED] - Verify element property value successfully

2023-10-16 14:05:30 - [TEST_STEP][PASSED] - verifyElementPropertyValue(getResponse, "offers[5].groups[0].pricingPlans[0].pricingPlanData[0].freeTrialEnabled", "false"): Verify element property value successfully

2023-10-16 14:05:30 - [MESSAGE][PASSED] - Verify element property value successfully

2023-10-16 14:05:30 - [TEST_STEP][PASSED] - verifyElementPropertyValue(getResponse, "offers[5].groups[0].pricingPlans[0].pricingPlanData[0].showIn[0]", "VERTICAL_MODE"): Verify element property value successfully

2023-10-16 14:05:30 - [MESSAGE][PASSED] - Verify element property value successfully

2023-10-16 14:05:30 - [TEST_STEP][PASSED] - verifyElementPropertyValue(getResponse, "offers[5].groups[0].pricingPlans[0].pricingPlanData[0].showIn[1]", "HORIZONTAL_MODE"): Verify element property value successfully

2023-10-16 14:05:30 - [MESSAGE][PASSED] - Verify element property value successfully

2023-10-16 14:05:30 - [TEST_STEP][PASSED] - verifyElementPropertyValue(getResponse, "offers[5].groups[0].pricingPlans[0].pricingPlanData[0].priceLabel", "30.9"): Verify element property value successfully

2023-10-16 14:05:30 - [MESSAGE][PASSED] - Verify element property value successfully

2023-10-16 14:05:30 - [TEST_STEP][PASSED] - verifyElementPropertyValue(getResponse, "offers[5].groups[0].pricingPlans[0].pricingPlanData[0].currencyLabel", "₪"): Verify element property value successfully

2023-10-16 14:05:30 - [MESSAGE][PASSED] - Verify element property value successfully

2023-10-16 14:05:30 - [TEST_STEP][PASSED] - verifyElementPropertyValue(getResponse, "offers[5].groups[0].pricingPlans[0].pricingPlanData[0].dealId", "WB_SPORT_30P_ISR"): Verify element property value successfully

2023-10-16 14:05:30 - [MESSAGE][PASSED] - Verify element property value successfully

2023-10-16 14:05:30 - [TEST_STEP][PASSED] - verifyElementPropertyValue(getResponse, "offers[5].groups[0].pricingPlans[0].pricingPlanData[0].allowedForAcquisition", "true"): Verify element property value successfully

2023-10-16 14:05:30 - [MESSAGE][PASSED] - Verify element property value successfully

2023-10-16 14:05:30 - [TEST_STEP][PASSED] - verifyElementPropertyValue(getResponse, "offers[5].groups[0].pricingPlans[0].pricingPlanData[0].visualElements[0].key", "title"): Verify element property value successfully

2023-10-16 14:05:30 - [MESSAGE][PASSED] - Verify element property value successfully

2023-10-16 14:05:30 - [TEST_STEP][PASSED] - verifyElementPropertyValue(getResponse, "offers[5].groups[0].pricingPlans[0].pricingPlanData[0].visualElements[0].value", "Carte de crédit/débit"): Verify element property value successfully

2023-10-16 14:05:30 - [MESSAGE][PASSED] - Verify element property value successfully

2023-10-16 14:05:30 - [TEST_STEP][PASSED] - verifyElementPropertyValue(getResponse, "offers[5].groups[0].pricingPlans[0].pricingPlanData[0].visualElements[1].key", "CTA_text"): Verify element property value successfully

2023-10-16 14:05:30 - [MESSAGE][PASSED] - Verify element property value successfully

2023-10-16 14:05:30 - [TEST_STEP][PASSED] - verifyElementPropertyValue(getResponse, "offers[5].groups[0].pricingPlans[0].pricingPlanData[0].visualElements[1].value", "S’abonner"): Verify element property value successfully

2023-10-16 14:05:30 - [MESSAGE][PASSED] - Verify element property value successfully

2023-10-16 14:05:30 - [TEST_STEP][PASSED] - verifyElementPropertyValue(getResponse, "offers[5].groups[0].pricingPlans[0].pricingPlanData[0].visualElements[2].key", "logo"): Verify element property value successfully

2023-10-16 14:05:30 - [MESSAGE][PASSED] - Verify element property value successfully

2023-10-16 14:05:30 - [TEST_STEP][PASSED] - verifyElementPropertyValue(getResponse, "offers[5].groups[0].pricingPlans[0].pricingPlanData[0].visualElements[2].value", "https://static.s3.shahid.mbc.net/widget-images/icons/iconCreditCard.png"): Verify element property value successfully

2023-10-16 14:05:30 - [MESSAGE][PASSED] - Verify element property value successfully

2023-10-16 14:05:30 - [TEST_STEP][PASSED] - verifyElementPropertyValue(getResponse, "offers[6].offerId", "winback-sport-40-offer"): Verify element property value successfully

2023-10-16 14:05:30 - [MESSAGE][PASSED] - Verify element property value successfully

2023-10-16 14:05:30 - [TEST_STEP][PASSED] - verifyElementPropertyValue(getResponse, "offers[6].offerParam", "sportsoffer40"): Verify element property value successfully

2023-10-16 14:05:30 - [MESSAGE][PASSED] - Verify element property value successfully

2023-10-16 14:05:30 - [TEST_STEP][PASSED] - verifyElementPropertyValue(getResponse, "offers[6].groups[0].pricingPlans[0].featured", "true"): Verify element property value successfully

2023-10-16 14:05:30 - [MESSAGE][PASSED] - Verify element property value successfully

2023-10-16 14:05:30 - [TEST_STEP][PASSED] - verifyElementPropertyValue(getResponse, "offers[6].groups[0].pricingPlans[0].period", "monthly"): Verify element property value successfully

2023-10-16 14:05:30 - [MESSAGE][PASSED] - Verify element property value successfully

2023-10-16 14:05:30 - [TEST_STEP][PASSED] - verifyElementPropertyValue(getResponse, "offers[6].groups[0].pricingPlans[0].featured", "true"): Verify element property value successfully

2023-10-16 14:05:30 - [MESSAGE][PASSED] - Verify element property value successfully

2023-10-16 14:05:30 - [TEST_STEP][PASSED] - verifyElementPropertyValue(getResponse, "offers[6].groups[0].pricingPlans[0].price", "26.5"): Verify element property value successfully

2023-10-16 14:05:30 - [MESSAGE][PASSED] - Verify element property value successfully

2023-10-16 14:05:30 - [TEST_STEP][PASSED] - verifyElementPropertyValue(getResponse, "offers[6].groups[0].pricingPlans[0].currency", "₪"): Verify element property value successfully

2023-10-16 14:05:30 - [MESSAGE][PASSED] - Verify element property value successfully

2023-10-16 14:05:30 - [TEST_STEP][PASSED] - verifyElementPropertyValue(getResponse, "offers[6].groups[0].pricingPlans[0].order", "0"): Verify element property value successfully

2023-10-16 14:05:30 - [MESSAGE][PASSED] - Verify element property value successfully

2023-10-16 14:05:30 - [TEST_STEP][PASSED] - verifyElementPropertyValue(getResponse, "offers[6].groups[0].pricingPlans[0].packageId", "SHAHID_VIP_SPORT"): Verify element property value successfully

2023-10-16 14:05:30 - [MESSAGE][PASSED] - Verify element property value successfully

2023-10-16 14:05:30 - [TEST_STEP][PASSED] - verifyElementPropertyValue(getResponse, "offers[6].groups[0].pricingPlans[0].catalogId", "SPORT"): Verify element property value successfully

2023-10-16 14:05:30 - [MESSAGE][PASSED] - Verify element property value successfully

2023-10-16 14:05:30 - [TEST_STEP][PASSED] - verifyElementPropertyValue(getResponse, "offers[6].groups[0].pricingPlans[0].visualElements[0].key", "Header_1_text"): Verify element property value successfully

2023-10-16 14:05:30 - [MESSAGE][PASSED] - Verify element property value successfully

2023-10-16 14:05:30 - [TEST_STEP][PASSED] - verifyElementPropertyValue(getResponse, "offers[6].groups[0].pricingPlans[0].visualElements[0].value", "Abonnez-vous dès maintenant et profitez de vos programmes sans publicité"): Verify element property value successfully

2023-10-16 14:05:30 - [MESSAGE][PASSED] - Verify element property value successfully

2023-10-16 14:05:30 - [TEST_STEP][PASSED] - verifyElementPropertyValue(getResponse, "offers[6].groups[0].pricingPlans[0].visualElements[1].key", "display_title"): Verify element property value successfully

2023-10-16 14:05:30 - [MESSAGE][PASSED] - Verify element property value successfully

2023-10-16 14:05:30 - [TEST_STEP][PASSED] - verifyElementPropertyValue(getResponse, "offers[6].groups[0].pricingPlans[0].visualElements[1].value", "40% de réduction"): Verify element property value successfully

2023-10-16 14:05:30 - [MESSAGE][PASSED] - Verify element property value successfully

2023-10-16 14:05:30 - [TEST_STEP][PASSED] - verifyElementPropertyValue(getResponse, "offers[6].groups[0].pricingPlans[0].visualElements[3].key", "deduction_text"): Verify element property value successfully

2023-10-16 14:05:30 - [MESSAGE][PASSED] - Verify element property value successfully

2023-10-16 14:05:30 - [TEST_STEP][PASSED] - verifyElementPropertyValue(getResponse, "offers[6].groups[0].pricingPlans[0].visualElements[3].value", "facturation mensuelle"): Verify element property value successfully

2023-10-16 14:05:30 - [MESSAGE][PASSED] - Verify element property value successfully

2023-10-16 14:05:30 - [TEST_STEP][PASSED] - verifyElementPropertyValue(getResponse, "offers[6].groups[0].pricingPlans[0].visualElements[6].key", "show_payment_logo"): Verify element property value successfully

2023-10-16 14:05:30 - [MESSAGE][PASSED] - Verify element property value successfully

2023-10-16 14:05:30 - [TEST_STEP][PASSED] - verifyElementPropertyValue(getResponse, "offers[6].groups[0].pricingPlans[0].visualElements[6].value", "true"): Verify element property value successfully

2023-10-16 14:05:30 - [MESSAGE][PASSED] - Verify element property value successfully

2023-10-16 14:05:30 - [TEST_STEP][PASSED] - verifyElementPropertyValue(getResponse, "offers[6].groups[0].pricingPlans[0].visualElements[8].key", "price"): Verify element property value successfully

2023-10-16 14:05:30 - [MESSAGE][PASSED] - Verify element property value successfully

2023-10-16 14:05:30 - [TEST_STEP][PASSED] - verifyElementPropertyValue(getResponse, "offers[6].groups[0].pricingPlans[0].visualElements[8].value", "26.5"): Verify element property value successfully

2023-10-16 14:05:30 - [MESSAGE][PASSED] - Verify element property value successfully

2023-10-16 14:05:30 - [TEST_STEP][PASSED] - verifyElementPropertyValue(getResponse, "offers[6].groups[0].pricingPlans[0].visualElements[9].key", "currency"): Verify element property value successfully

2023-10-16 14:05:30 - [MESSAGE][PASSED] - Verify element property value successfully

2023-10-16 14:05:30 - [TEST_STEP][PASSED] - verifyElementPropertyValue(getResponse, "offers[6].groups[0].pricingPlans[0].visualElements[9].value", "₪"): Verify element property value successfully

2023-10-16 14:05:30 - [MESSAGE][PASSED] - Verify element property value successfully

2023-10-16 14:05:30 - [TEST_STEP][PASSED] - verifyElementPropertyValue(getResponse, "offers[6].groups[0].pricingPlans[0].visualElements[10].key", "duration"): Verify element property value successfully

2023-10-16 14:05:30 - [MESSAGE][PASSED] - Verify element property value successfully

2023-10-16 14:05:30 - [TEST_STEP][PASSED] - verifyElementPropertyValue(getResponse, "offers[6].groups[0].pricingPlans[0].visualElements[10].value", "Mensuel"): Verify element property value successfully

2023-10-16 14:05:30 - [MESSAGE][PASSED] - Verify element property value successfully

2023-10-16 14:05:30 - [TEST_STEP][PASSED] - verifyElementPropertyValue(getResponse, "offers[6].groups[0].pricingPlans[0].visualElements[11].key", "featured_tag_text"): Verify element property value successfully

2023-10-16 14:05:30 - [MESSAGE][PASSED] - Verify element property value successfully

2023-10-16 14:05:30 - [TEST_STEP][PASSED] - verifyElementPropertyValue(getResponse, "offers[6].groups[0].pricingPlans[0].visualElements[11].value", "Offre limitée"): Verify element property value successfully

2023-10-16 14:05:30 - [MESSAGE][PASSED] - Verify element property value successfully

2023-10-16 14:05:30 - [TEST_STEP][PASSED] - verifyElementPropertyValue(getResponse, "offers[6].groups[0].pricingPlans[0].visualElements[13].key", "tag_text"): Verify element property value successfully

2023-10-16 14:05:30 - [MESSAGE][PASSED] - Verify element property value successfully

2023-10-16 14:05:30 - [TEST_STEP][PASSED] - verifyElementPropertyValue(getResponse, "offers[6].groups[0].pricingPlans[0].visualElements[13].value", "Économisez 40% "): Verify element property value successfully

2023-10-16 14:05:30 - [MESSAGE][PASSED] - Verify element property value successfully

2023-10-16 14:05:30 - [TEST_STEP][PASSED] - verifyElementPropertyValue(getResponse, "offers[6].groups[0].pricingPlans[0].visualElements[12].key", "show_tag"): Verify element property value successfully

2023-10-16 14:05:30 - [MESSAGE][PASSED] - Verify element property value successfully

2023-10-16 14:05:30 - [TEST_STEP][PASSED] - verifyElementPropertyValue(getResponse, "offers[6].groups[0].pricingPlans[0].visualElements[12].value", "true"): Verify element property value successfully

2023-10-16 14:05:30 - [MESSAGE][PASSED] - Verify element property value successfully

2023-10-16 14:05:30 - [TEST_STEP][PASSED] - verifyElementPropertyValue(getResponse, "offers[6].groups[0].pricingPlans[0].pricingPlanData[0].productId", "ISR_B2C_SHAHID_VIP_SPORT_1M"): Verify element property value successfully

2023-10-16 14:05:30 - [MESSAGE][PASSED] - Verify element property value successfully

2023-10-16 14:05:30 - [TEST_STEP][PASSED] - verifyElementPropertyValue(getResponse, "offers[6].groups[0].pricingPlans[0].pricingPlanData[0].paymentMethod", "CREDIT_CARD"): Verify element property value successfully

2023-10-16 14:05:30 - [MESSAGE][PASSED] - Verify element property value successfully

2023-10-16 14:05:30 - [TEST_STEP][PASSED] - verifyElementPropertyValue(getResponse, "offers[6].groups[0].pricingPlans[0].pricingPlanData[0].freeTrialEnabled", "false"): Verify element property value successfully

2023-10-16 14:05:30 - [MESSAGE][PASSED] - Verify element property value successfully

2023-10-16 14:05:30 - [TEST_STEP][PASSED] - verifyElementPropertyValue(getResponse, "offers[6].groups[0].pricingPlans[0].pricingPlanData[0].showIn[0]", "VERTICAL_MODE"): Verify element property value successfully

2023-10-16 14:05:30 - [MESSAGE][PASSED] - Verify element property value successfully

2023-10-16 14:05:30 - [TEST_STEP][PASSED] - verifyElementPropertyValue(getResponse, "offers[6].groups[0].pricingPlans[0].pricingPlanData[0].showIn[1]", "HORIZONTAL_MODE"): Verify element property value successfully

2023-10-16 14:05:30 - [MESSAGE][PASSED] - Verify element property value successfully

2023-10-16 14:05:30 - [TEST_STEP][PASSED] - verifyElementPropertyValue(getResponse, "offers[6].groups[0].pricingPlans[0].pricingPlanData[0].priceLabel", "26.5"): Verify element property value successfully

2023-10-16 14:05:30 - [MESSAGE][PASSED] - Verify element property value successfully

2023-10-16 14:05:30 - [TEST_STEP][PASSED] - verifyElementPropertyValue(getResponse, "offers[6].groups[0].pricingPlans[0].pricingPlanData[0].currencyLabel", "₪"): Verify element property value successfully

2023-10-16 14:05:30 - [MESSAGE][PASSED] - Verify element property value successfully

2023-10-16 14:05:30 - [TEST_STEP][PASSED] - verifyElementPropertyValue(getResponse, "offers[6].groups[0].pricingPlans[0].pricingPlanData[0].dealId", "WB_SPORT_40P_ISR"): Verify element property value successfully

2023-10-16 14:05:30 - [MESSAGE][PASSED] - Verify element property value successfully

2023-10-16 14:05:30 - [TEST_STEP][PASSED] - verifyElementPropertyValue(getResponse, "offers[6].groups[0].pricingPlans[0].pricingPlanData[0].allowedForAcquisition", "true"): Verify element property value successfully

2023-10-16 14:05:30 - [MESSAGE][PASSED] - Verify element property value successfully

2023-10-16 14:05:30 - [TEST_STEP][PASSED] - verifyElementPropertyValue(getResponse, "offers[6].groups[0].pricingPlans[0].pricingPlanData[0].visualElements[0].key", "title"): Verify element property value successfully

2023-10-16 14:05:30 - [MESSAGE][PASSED] - Verify element property value successfully

2023-10-16 14:05:30 - [TEST_STEP][PASSED] - verifyElementPropertyValue(getResponse, "offers[6].groups[0].pricingPlans[0].pricingPlanData[0].visualElements[0].value", "Carte de crédit/débit"): Verify element property value successfully

2023-10-16 14:05:30 - [MESSAGE][PASSED] - Verify element property value successfully

2023-10-16 14:05:30 - [TEST_STEP][PASSED] - verifyElementPropertyValue(getResponse, "offers[6].groups[0].pricingPlans[0].pricingPlanData[0].visualElements[1].key", "CTA_text"): Verify element property value successfully

2023-10-16 14:05:30 - [MESSAGE][PASSED] - Verify element property value successfully

2023-10-16 14:05:30 - [TEST_STEP][PASSED] - verifyElementPropertyValue(getResponse, "offers[6].groups[0].pricingPlans[0].pricingPlanData[0].visualElements[1].value", "S’abonner"): Verify element property value successfully

2023-10-16 14:05:30 - [MESSAGE][PASSED] - Verify element property value successfully

2023-10-16 14:05:30 - [TEST_STEP][PASSED] - verifyElementPropertyValue(getResponse, "offers[6].groups[0].pricingPlans[0].pricingPlanData[0].visualElements[2].key", "logo"): Verify element property value successfully

2023-10-16 14:05:30 - [MESSAGE][PASSED] - Verify element property value successfully

2023-10-16 14:05:30 - [TEST_STEP][PASSED] - verifyElementPropertyValue(getResponse, "offers[6].groups[0].pricingPlans[0].pricingPlanData[0].visualElements[2].value", "https://static.s3.shahid.mbc.net/widget-images/icons/iconCreditCard.png"): Verify element property value successfully

2023-10-16 14:05:30 - [MESSAGE][PASSED] - Verify element property value successfully

2023-10-16 14:05:30 - [TEST_STEP][PASSED] - verifyElementPropertyValue(getResponse, "offers[7].offerId", "winback-sport-50-offer"): Verify element property value successfully

2023-10-16 14:05:30 - [MESSAGE][PASSED] - Verify element property value successfully

2023-10-16 14:05:30 - [TEST_STEP][PASSED] - verifyElementPropertyValue(getResponse, "offers[7].offerParam", "sportsoffer50"): Verify element property value successfully

2023-10-16 14:05:30 - [MESSAGE][PASSED] - Verify element property value successfully

2023-10-16 14:05:30 - [TEST_STEP][PASSED] - verifyElementPropertyValue(getResponse, "offers[7].groups[0].pricingPlans[0].featured", "true"): Verify element property value successfully

2023-10-16 14:05:30 - [MESSAGE][PASSED] - Verify element property value successfully

2023-10-16 14:05:30 - [TEST_STEP][PASSED] - verifyElementPropertyValue(getResponse, "offers[7].groups[0].pricingPlans[0].period", "monthly"): Verify element property value successfully

2023-10-16 14:05:30 - [MESSAGE][PASSED] - Verify element property value successfully

2023-10-16 14:05:30 - [TEST_STEP][PASSED] - verifyElementPropertyValue(getResponse, "offers[7].groups[0].pricingPlans[0].featured", "true"): Verify element property value successfully

2023-10-16 14:05:30 - [MESSAGE][PASSED] - Verify element property value successfully

2023-10-16 14:05:30 - [TEST_STEP][PASSED] - verifyElementPropertyValue(getResponse, "offers[7].groups[0].pricingPlans[0].price", "22.0"): Verify element property value successfully

2023-10-16 14:05:30 - [MESSAGE][PASSED] - Verify element property value successfully

2023-10-16 14:05:30 - [TEST_STEP][PASSED] - verifyElementPropertyValue(getResponse, "offers[7].groups[0].pricingPlans[0].currency", "₪"): Verify element property value successfully

2023-10-16 14:05:30 - [MESSAGE][PASSED] - Verify element property value successfully

2023-10-16 14:05:30 - [TEST_STEP][PASSED] - verifyElementPropertyValue(getResponse, "offers[7].groups[0].pricingPlans[0].order", "0"): Verify element property value successfully

2023-10-16 14:05:30 - [MESSAGE][PASSED] - Verify element property value successfully

2023-10-16 14:05:30 - [TEST_STEP][PASSED] - verifyElementPropertyValue(getResponse, "offers[7].groups[0].pricingPlans[0].packageId", "SHAHID_VIP_SPORT"): Verify element property value successfully

2023-10-16 14:05:30 - [MESSAGE][PASSED] - Verify element property value successfully

2023-10-16 14:05:30 - [TEST_STEP][PASSED] - verifyElementPropertyValue(getResponse, "offers[7].groups[0].pricingPlans[0].catalogId", "SPORT"): Verify element property value successfully

2023-10-16 14:05:30 - [MESSAGE][PASSED] - Verify element property value successfully

2023-10-16 14:05:30 - [TEST_STEP][PASSED] - verifyElementPropertyValue(getResponse, "offers[7].groups[0].pricingPlans[0].visualElements[0].key", "Header_1_text"): Verify element property value successfully

2023-10-16 14:05:30 - [MESSAGE][PASSED] - Verify element property value successfully

2023-10-16 14:05:30 - [TEST_STEP][PASSED] - verifyElementPropertyValue(getResponse, "offers[7].groups[0].pricingPlans[0].visualElements[0].value", "Abonnez-vous dès maintenant et profitez de vos programmes sans publicité"): Verify element property value successfully

2023-10-16 14:05:30 - [MESSAGE][PASSED] - Verify element property value successfully

2023-10-16 14:05:30 - [TEST_STEP][PASSED] - verifyElementPropertyValue(getResponse, "offers[7].groups[0].pricingPlans[0].visualElements[1].key", "display_title"): Verify element property value successfully

2023-10-16 14:05:30 - [MESSAGE][PASSED] - Verify element property value successfully

2023-10-16 14:05:30 - [TEST_STEP][PASSED] - verifyElementPropertyValue(getResponse, "offers[7].groups[0].pricingPlans[0].visualElements[1].value", "50% de réduction"): Verify element property value successfully

2023-10-16 14:05:30 - [MESSAGE][PASSED] - Verify element property value successfully

2023-10-16 14:05:30 - [TEST_STEP][PASSED] - verifyElementPropertyValue(getResponse, "offers[7].groups[0].pricingPlans[0].visualElements[3].key", "deduction_text"): Verify element property value successfully

2023-10-16 14:05:30 - [MESSAGE][PASSED] - Verify element property value successfully

2023-10-16 14:05:30 - [TEST_STEP][PASSED] - verifyElementPropertyValue(getResponse, "offers[7].groups[0].pricingPlans[0].visualElements[3].value", "facturation mensuelle"): Verify element property value successfully

2023-10-16 14:05:30 - [MESSAGE][PASSED] - Verify element property value successfully

2023-10-16 14:05:30 - [TEST_STEP][PASSED] - verifyElementPropertyValue(getResponse, "offers[7].groups[0].pricingPlans[0].visualElements[6].key", "show_payment_logo"): Verify element property value successfully

2023-10-16 14:05:30 - [MESSAGE][PASSED] - Verify element property value successfully

2023-10-16 14:05:30 - [TEST_STEP][PASSED] - verifyElementPropertyValue(getResponse, "offers[7].groups[0].pricingPlans[0].visualElements[6].value", "true"): Verify element property value successfully

2023-10-16 14:05:30 - [MESSAGE][PASSED] - Verify element property value successfully

2023-10-16 14:05:30 - [TEST_STEP][PASSED] - verifyElementPropertyValue(getResponse, "offers[7].groups[0].pricingPlans[0].visualElements[8].key", "price"): Verify element property value successfully

2023-10-16 14:05:30 - [MESSAGE][PASSED] - Verify element property value successfully

2023-10-16 14:05:30 - [TEST_STEP][PASSED] - verifyElementPropertyValue(getResponse, "offers[7].groups[0].pricingPlans[0].visualElements[8].value", "22"): Verify element property value successfully

2023-10-16 14:05:30 - [MESSAGE][PASSED] - Verify element property value successfully

2023-10-16 14:05:30 - [TEST_STEP][PASSED] - verifyElementPropertyValue(getResponse, "offers[7].groups[0].pricingPlans[0].visualElements[9].key", "currency"): Verify element property value successfully

2023-10-16 14:05:30 - [MESSAGE][PASSED] - Verify element property value successfully

2023-10-16 14:05:30 - [TEST_STEP][PASSED] - verifyElementPropertyValue(getResponse, "offers[7].groups[0].pricingPlans[0].visualElements[9].value", "₪"): Verify element property value successfully

2023-10-16 14:05:30 - [MESSAGE][PASSED] - Verify element property value successfully

2023-10-16 14:05:30 - [TEST_STEP][PASSED] - verifyElementPropertyValue(getResponse, "offers[7].groups[0].pricingPlans[0].visualElements[10].key", "duration"): Verify element property value successfully

2023-10-16 14:05:30 - [MESSAGE][PASSED] - Verify element property value successfully

2023-10-16 14:05:30 - [TEST_STEP][PASSED] - verifyElementPropertyValue(getResponse, "offers[7].groups[0].pricingPlans[0].visualElements[10].value", "Mensuel"): Verify element property value successfully

2023-10-16 14:05:30 - [MESSAGE][PASSED] - Verify element property value successfully

2023-10-16 14:05:30 - [TEST_STEP][PASSED] - verifyElementPropertyValue(getResponse, "offers[7].groups[0].pricingPlans[0].visualElements[11].key", "featured_tag_text"): Verify element property value successfully

2023-10-16 14:05:30 - [MESSAGE][PASSED] - Verify element property value successfully

2023-10-16 14:05:30 - [TEST_STEP][PASSED] - verifyElementPropertyValue(getResponse, "offers[7].groups[0].pricingPlans[0].visualElements[11].value", "Offre limitée"): Verify element property value successfully

2023-10-16 14:05:30 - [MESSAGE][PASSED] - Verify element property value successfully

2023-10-16 14:05:30 - [TEST_STEP][PASSED] - verifyElementPropertyValue(getResponse, "offers[7].groups[0].pricingPlans[0].visualElements[13].key", "tag_text"): Verify element property value successfully

2023-10-16 14:05:30 - [MESSAGE][PASSED] - Verify element property value successfully

2023-10-16 14:05:30 - [TEST_STEP][PASSED] - verifyElementPropertyValue(getResponse, "offers[7].groups[0].pricingPlans[0].visualElements[13].value", "Économisez 50% "): Verify element property value successfully

2023-10-16 14:05:30 - [MESSAGE][PASSED] - Verify element property value successfully

2023-10-16 14:05:30 - [TEST_STEP][PASSED] - verifyElementPropertyValue(getResponse, "offers[7].groups[0].pricingPlans[0].visualElements[12].key", "show_tag"): Verify element property value successfully

2023-10-16 14:05:30 - [MESSAGE][PASSED] - Verify element property value successfully

2023-10-16 14:05:30 - [TEST_STEP][PASSED] - verifyElementPropertyValue(getResponse, "offers[7].groups[0].pricingPlans[0].visualElements[12].value", "true"): Verify element property value successfully

2023-10-16 14:05:30 - [MESSAGE][PASSED] - Verify element property value successfully

2023-10-16 14:05:30 - [TEST_STEP][PASSED] - verifyElementPropertyValue(getResponse, "offers[7].groups[0].pricingPlans[0].pricingPlanData[0].productId", "ISR_B2C_SHAHID_VIP_SPORT_1M"): Verify element property value successfully

2023-10-16 14:05:30 - [MESSAGE][PASSED] - Verify element property value successfully

2023-10-16 14:05:30 - [TEST_STEP][PASSED] - verifyElementPropertyValue(getResponse, "offers[7].groups[0].pricingPlans[0].pricingPlanData[0].paymentMethod", "CREDIT_CARD"): Verify element property value successfully

2023-10-16 14:05:30 - [MESSAGE][PASSED] - Verify element property value successfully

2023-10-16 14:05:30 - [TEST_STEP][PASSED] - verifyElementPropertyValue(getResponse, "offers[7].groups[0].pricingPlans[0].pricingPlanData[0].freeTrialEnabled", "false"): Verify element property value successfully

2023-10-16 14:05:30 - [MESSAGE][PASSED] - Verify element property value successfully

2023-10-16 14:05:30 - [TEST_STEP][PASSED] - verifyElementPropertyValue(getResponse, "offers[7].groups[0].pricingPlans[0].pricingPlanData[0].showIn[0]", "VERTICAL_MODE"): Verify element property value successfully

2023-10-16 14:05:30 - [MESSAGE][PASSED] - Verify element property value successfully

2023-10-16 14:05:30 - [TEST_STEP][PASSED] - verifyElementPropertyValue(getResponse, "offers[7].groups[0].pricingPlans[0].pricingPlanData[0].showIn[1]", "HORIZONTAL_MODE"): Verify element property value successfully

2023-10-16 14:05:30 - [MESSAGE][PASSED] - Verify element property value successfully

2023-10-16 14:05:30 - [TEST_STEP][PASSED] - verifyElementPropertyValue(getResponse, "offers[7].groups[0].pricingPlans[0].pricingPlanData[0].priceLabel", "22"): Verify element property value successfully

2023-10-16 14:05:30 - [MESSAGE][PASSED] - Verify element property value successfully

2023-10-16 14:05:30 - [TEST_STEP][PASSED] - verifyElementPropertyValue(getResponse, "offers[7].groups[0].pricingPlans[0].pricingPlanData[0].currencyLabel", "₪"): Verify element property value successfully

2023-10-16 14:05:30 - [MESSAGE][PASSED] - Verify element property value successfully

2023-10-16 14:05:30 - [TEST_STEP][PASSED] - verifyElementPropertyValue(getResponse, "offers[7].groups[0].pricingPlans[0].pricingPlanData[0].dealId", "WB_SPORT_50P_ISR"): Verify element property value successfully

2023-10-16 14:05:30 - [MESSAGE][PASSED] - Verify element property value successfully

2023-10-16 14:05:30 - [TEST_STEP][PASSED] - verifyElementPropertyValue(getResponse, "offers[7].groups[0].pricingPlans[0].pricingPlanData[0].allowedForAcquisition", "true"): Verify element property value successfully

2023-10-16 14:05:31 - [MESSAGE][PASSED] - Verify element property value successfully

2023-10-16 14:05:31 - [TEST_STEP][PASSED] - verifyElementPropertyValue(getResponse, "offers[7].groups[0].pricingPlans[0].pricingPlanData[0].visualElements[0].key", "title"): Verify element property value successfully

2023-10-16 14:05:31 - [MESSAGE][PASSED] - Verify element property value successfully

2023-10-16 14:05:31 - [TEST_STEP][PASSED] - verifyElementPropertyValue(getResponse, "offers[7].groups[0].pricingPlans[0].pricingPlanData[0].visualElements[0].value", "Carte de crédit/débit"): Verify element property value successfully

2023-10-16 14:05:31 - [MESSAGE][PASSED] - Verify element property value successfully

2023-10-16 14:05:31 - [TEST_STEP][PASSED] - verifyElementPropertyValue(getResponse, "offers[7].groups[0].pricingPlans[0].pricingPlanData[0].visualElements[1].key", "CTA_text"): Verify element property value successfully

2023-10-16 14:05:31 - [MESSAGE][PASSED] - Verify element property value successfully

2023-10-16 14:05:31 - [TEST_STEP][PASSED] - verifyElementPropertyValue(getResponse, "offers[7].groups[0].pricingPlans[0].pricingPlanData[0].visualElements[1].value", "S’abonner"): Verify element property value successfully

2023-10-16 14:05:31 - [MESSAGE][PASSED] - Verify element property value successfully

2023-10-16 14:05:31 - [TEST_STEP][PASSED] - verifyElementPropertyValue(getResponse, "offers[7].groups[0].pricingPlans[0].pricingPlanData[0].visualElements[2].key", "logo"): Verify element property value successfully

2023-10-16 14:05:31 - [MESSAGE][PASSED] - Verify element property value successfully

2023-10-16 14:05:31 - [TEST_STEP][PASSED] - verifyElementPropertyValue(getResponse, "offers[7].groups[0].pricingPlans[0].pricingPlanData[0].visualElements[2].value", "https://static.s3.shahid.mbc.net/widget-images/icons/iconCreditCard.png"): Verify element property value successfully

2023-10-16 14:05:31 - [MESSAGE][PASSED] - Verify element property value successfully

2023-10-16 14:05:31 - [TEST_STEP][PASSED] - verifyElementPropertyValue(getResponse, "offers[11].offerId", "byg-sport-30-offer"): Verify element property value successfully

2023-10-16 14:05:31 - [MESSAGE][PASSED] - Verify element property value successfully

2023-10-16 14:05:31 - [TEST_STEP][PASSED] - verifyElementPropertyValue(getResponse, "offers[11].offerParam", "bygsportsoffer30"): Verify element property value successfully

2023-10-16 14:05:31 - [MESSAGE][PASSED] - Verify element property value successfully

2023-10-16 14:05:31 - [TEST_STEP][PASSED] - verifyElementPropertyValue(getResponse, "offers[11].groups[0].pricingPlans[0].featured", "true"): Verify element property value successfully

2023-10-16 14:05:31 - [MESSAGE][PASSED] - Verify element property value successfully

2023-10-16 14:05:31 - [TEST_STEP][PASSED] - verifyElementPropertyValue(getResponse, "offers[11].groups[0].pricingPlans[0].period", "monthly"): Verify element property value successfully

2023-10-16 14:05:31 - [MESSAGE][PASSED] - Verify element property value successfully

2023-10-16 14:05:31 - [TEST_STEP][PASSED] - verifyElementPropertyValue(getResponse, "offers[11].groups[0].pricingPlans[0].featured", "true"): Verify element property value successfully

2023-10-16 14:05:31 - [MESSAGE][PASSED] - Verify element property value successfully

2023-10-16 14:05:31 - [TEST_STEP][PASSED] - verifyElementPropertyValue(getResponse, "offers[11].groups[0].pricingPlans[0].price", "30.9"): Verify element property value successfully

2023-10-16 14:05:31 - [MESSAGE][PASSED] - Verify element property value successfully

2023-10-16 14:05:31 - [TEST_STEP][PASSED] - verifyElementPropertyValue(getResponse, "offers[11].groups[0].pricingPlans[0].currency", "₪"): Verify element property value successfully

2023-10-16 14:05:31 - [MESSAGE][PASSED] - Verify element property value successfully

2023-10-16 14:05:31 - [TEST_STEP][PASSED] - verifyElementPropertyValue(getResponse, "offers[11].groups[0].pricingPlans[0].order", "0"): Verify element property value successfully

2023-10-16 14:05:31 - [MESSAGE][PASSED] - Verify element property value successfully

2023-10-16 14:05:31 - [TEST_STEP][PASSED] - verifyElementPropertyValue(getResponse, "offers[11].groups[0].pricingPlans[0].packageId", "SHAHID_VIP_SPORT"): Verify element property value successfully

2023-10-16 14:05:31 - [MESSAGE][PASSED] - Verify element property value successfully

2023-10-16 14:05:31 - [TEST_STEP][PASSED] - verifyElementPropertyValue(getResponse, "offers[11].groups[0].pricingPlans[0].catalogId", "SPORT"): Verify element property value successfully

2023-10-16 14:05:31 - [MESSAGE][PASSED] - Verify element property value successfully

2023-10-16 14:05:31 - [TEST_STEP][PASSED] - verifyElementPropertyValue(getResponse, "offers[11].groups[0].pricingPlans[0].visualElements[0].key", "Header_1_text"): Verify element property value successfully

2023-10-16 14:05:31 - [MESSAGE][PASSED] - Verify element property value successfully

2023-10-16 14:05:31 - [TEST_STEP][PASSED] - verifyElementPropertyValue(getResponse, "offers[11].groups[0].pricingPlans[0].visualElements[0].value", "Abonnez-vous dès maintenant et profitez de vos programmes sans publicité"): Verify element property value successfully

2023-10-16 14:05:31 - [MESSAGE][PASSED] - Verify element property value successfully

2023-10-16 14:05:31 - [TEST_STEP][PASSED] - verifyElementPropertyValue(getResponse, "offers[11].groups[0].pricingPlans[0].visualElements[1].key", "display_title"): Verify element property value successfully

2023-10-16 14:05:31 - [MESSAGE][PASSED] - Verify element property value successfully

2023-10-16 14:05:31 - [TEST_STEP][PASSED] - verifyElementPropertyValue(getResponse, "offers[11].groups[0].pricingPlans[0].visualElements[1].value", "30% de réduction"): Verify element property value successfully

2023-10-16 14:05:31 - [MESSAGE][PASSED] - Verify element property value successfully

2023-10-16 14:05:31 - [TEST_STEP][PASSED] - verifyElementPropertyValue(getResponse, "offers[11].groups[0].pricingPlans[0].visualElements[3].key", "deduction_text"): Verify element property value successfully

2023-10-16 14:05:31 - [MESSAGE][PASSED] - Verify element property value successfully

2023-10-16 14:05:31 - [TEST_STEP][PASSED] - verifyElementPropertyValue(getResponse, "offers[11].groups[0].pricingPlans[0].visualElements[3].value", "facturation mensuelle"): Verify element property value successfully

2023-10-16 14:05:31 - [MESSAGE][PASSED] - Verify element property value successfully

2023-10-16 14:05:31 - [TEST_STEP][PASSED] - verifyElementPropertyValue(getResponse, "offers[11].groups[0].pricingPlans[0].visualElements[6].key", "show_payment_logo"): Verify element property value successfully

2023-10-16 14:05:31 - [MESSAGE][PASSED] - Verify element property value successfully

2023-10-16 14:05:31 - [TEST_STEP][PASSED] - verifyElementPropertyValue(getResponse, "offers[11].groups[0].pricingPlans[0].visualElements[6].value", "true"): Verify element property value successfully

2023-10-16 14:05:31 - [MESSAGE][PASSED] - Verify element property value successfully

2023-10-16 14:05:31 - [TEST_STEP][PASSED] - verifyElementPropertyValue(getResponse, "offers[11].groups[0].pricingPlans[0].visualElements[8].key", "price"): Verify element property value successfully

2023-10-16 14:05:31 - [MESSAGE][PASSED] - Verify element property value successfully

2023-10-16 14:05:31 - [TEST_STEP][PASSED] - verifyElementPropertyValue(getResponse, "offers[11].groups[0].pricingPlans[0].visualElements[8].value", "30.9"): Verify element property value successfully

2023-10-16 14:05:31 - [MESSAGE][PASSED] - Verify element property value successfully

2023-10-16 14:05:31 - [TEST_STEP][PASSED] - verifyElementPropertyValue(getResponse, "offers[11].groups[0].pricingPlans[0].visualElements[9].key", "currency"): Verify element property value successfully

2023-10-16 14:05:31 - [MESSAGE][PASSED] - Verify element property value successfully

2023-10-16 14:05:31 - [TEST_STEP][PASSED] - verifyElementPropertyValue(getResponse, "offers[11].groups[0].pricingPlans[0].visualElements[9].value", "₪"): Verify element property value successfully

2023-10-16 14:05:31 - [MESSAGE][PASSED] - Verify element property value successfully

2023-10-16 14:05:31 - [TEST_STEP][PASSED] - verifyElementPropertyValue(getResponse, "offers[11].groups[0].pricingPlans[0].visualElements[10].key", "duration"): Verify element property value successfully

2023-10-16 14:05:31 - [MESSAGE][PASSED] - Verify element property value successfully

2023-10-16 14:05:31 - [TEST_STEP][PASSED] - verifyElementPropertyValue(getResponse, "offers[11].groups[0].pricingPlans[0].visualElements[10].value", "Mensuel"): Verify element property value successfully

2023-10-16 14:05:31 - [MESSAGE][PASSED] - Verify element property value successfully

2023-10-16 14:05:31 - [TEST_STEP][PASSED] - verifyElementPropertyValue(getResponse, "offers[11].groups[0].pricingPlans[0].visualElements[11].key", "featured_tag_text"): Verify element property value successfully

2023-10-16 14:05:31 - [MESSAGE][PASSED] - Verify element property value successfully

2023-10-16 14:05:31 - [TEST_STEP][PASSED] - verifyElementPropertyValue(getResponse, "offers[11].groups[0].pricingPlans[0].visualElements[11].value", "Offre limitée"): Verify element property value successfully

2023-10-16 14:05:31 - [MESSAGE][PASSED] - Verify element property value successfully

2023-10-16 14:05:31 - [TEST_STEP][PASSED] - verifyElementPropertyValue(getResponse, "offers[11].groups[0].pricingPlans[0].visualElements[13].key", "tag_text"): Verify element property value successfully

2023-10-16 14:05:31 - [MESSAGE][PASSED] - Verify element property value successfully

2023-10-16 14:05:31 - [TEST_STEP][PASSED] - verifyElementPropertyValue(getResponse, "offers[11].groups[0].pricingPlans[0].visualElements[13].value", "Économisez 30% "): Verify element property value successfully

2023-10-16 14:05:31 - [MESSAGE][PASSED] - Verify element property value successfully

2023-10-16 14:05:31 - [TEST_STEP][PASSED] - verifyElementPropertyValue(getResponse, "offers[11].groups[0].pricingPlans[0].visualElements[12].key", "show_tag"): Verify element property value successfully

2023-10-16 14:05:31 - [MESSAGE][PASSED] - Verify element property value successfully

2023-10-16 14:05:31 - [TEST_STEP][PASSED] - verifyElementPropertyValue(getResponse, "offers[11].groups[0].pricingPlans[0].visualElements[12].value", "true"): Verify element property value successfully

2023-10-16 14:05:31 - [MESSAGE][PASSED] - Verify element property value successfully

2023-10-16 14:05:31 - [TEST_STEP][PASSED] - verifyElementPropertyValue(getResponse, "offers[11].groups[0].pricingPlans[0].pricingPlanData[0].productId", "ISR_B2C_SHAHID_VIP_SPORT_1M"): Verify element property value successfully

2023-10-16 14:05:31 - [MESSAGE][PASSED] - Verify element property value successfully

2023-10-16 14:05:31 - [TEST_STEP][PASSED] - verifyElementPropertyValue(getResponse, "offers[11].groups[0].pricingPlans[0].pricingPlanData[0].paymentMethod", "CREDIT_CARD"): Verify element property value successfully

2023-10-16 14:05:31 - [MESSAGE][PASSED] - Verify element property value successfully

2023-10-16 14:05:31 - [TEST_STEP][PASSED] - verifyElementPropertyValue(getResponse, "offers[11].groups[0].pricingPlans[0].pricingPlanData[0].freeTrialEnabled", "false"): Verify element property value successfully

2023-10-16 14:05:31 - [MESSAGE][PASSED] - Verify element property value successfully

2023-10-16 14:05:31 - [TEST_STEP][PASSED] - verifyElementPropertyValue(getResponse, "offers[11].groups[0].pricingPlans[0].pricingPlanData[0].showIn[0]", "VERTICAL_MODE"): Verify element property value successfully

2023-10-16 14:05:31 - [MESSAGE][PASSED] - Verify element property value successfully

2023-10-16 14:05:31 - [TEST_STEP][PASSED] - verifyElementPropertyValue(getResponse, "offers[11].groups[0].pricingPlans[0].pricingPlanData[0].showIn[1]", "HORIZONTAL_MODE"): Verify element property value successfully

2023-10-16 14:05:31 - [MESSAGE][PASSED] - Verify element property value successfully

2023-10-16 14:05:31 - [TEST_STEP][PASSED] - verifyElementPropertyValue(getResponse, "offers[11].groups[0].pricingPlans[0].pricingPlanData[0].priceLabel", "30.9"): Verify element property value successfully

2023-10-16 14:05:31 - [MESSAGE][PASSED] - Verify element property value successfully

2023-10-16 14:05:31 - [TEST_STEP][PASSED] - verifyElementPropertyValue(getResponse, "offers[11].groups[0].pricingPlans[0].pricingPlanData[0].currencyLabel", "₪"): Verify element property value successfully

2023-10-16 14:05:31 - [MESSAGE][PASSED] - Verify element property value successfully

2023-10-16 14:05:31 - [TEST_STEP][PASSED] - verifyElementPropertyValue(getResponse, "offers[11].groups[0].pricingPlans[0].pricingPlanData[0].dealId", "BYG_SPORT_30P_ISR"): Verify element property value successfully

2023-10-16 14:05:31 - [MESSAGE][PASSED] - Verify element property value successfully

2023-10-16 14:05:31 - [TEST_STEP][PASSED] - verifyElementPropertyValue(getResponse, "offers[11].groups[0].pricingPlans[0].pricingPlanData[0].allowedForAcquisition", "true"): Verify element property value successfully

2023-10-16 14:05:31 - [MESSAGE][PASSED] - Verify element property value successfully

2023-10-16 14:05:31 - [TEST_STEP][PASSED] - verifyElementPropertyValue(getResponse, "offers[11].groups[0].pricingPlans[0].pricingPlanData[0].visualElements[0].key", "title"): Verify element property value successfully

2023-10-16 14:05:31 - [MESSAGE][PASSED] - Verify element property value successfully

2023-10-16 14:05:31 - [TEST_STEP][PASSED] - verifyElementPropertyValue(getResponse, "offers[11].groups[0].pricingPlans[0].pricingPlanData[0].visualElements[0].value", "Carte de crédit/débit"): Verify element property value successfully

2023-10-16 14:05:31 - [MESSAGE][PASSED] - Verify element property value successfully

2023-10-16 14:05:31 - [TEST_STEP][PASSED] - verifyElementPropertyValue(getResponse, "offers[11].groups[0].pricingPlans[0].pricingPlanData[0].visualElements[1].key", "CTA_text"): Verify element property value successfully

2023-10-16 14:05:31 - [MESSAGE][PASSED] - Verify element property value successfully

2023-10-16 14:05:31 - [TEST_STEP][PASSED] - verifyElementPropertyValue(getResponse, "offers[11].groups[0].pricingPlans[0].pricingPlanData[0].visualElements[1].value", "S’abonner"): Verify element property value successfully

2023-10-16 14:05:31 - [MESSAGE][PASSED] - Verify element property value successfully

2023-10-16 14:05:31 - [TEST_STEP][PASSED] - verifyElementPropertyValue(getResponse, "offers[11].groups[0].pricingPlans[0].pricingPlanData[0].visualElements[2].key", "logo"): Verify element property value successfully

2023-10-16 14:05:31 - [MESSAGE][PASSED] - Verify element property value successfully

2023-10-16 14:05:31 - [TEST_STEP][PASSED] - verifyElementPropertyValue(getResponse, "offers[11].groups[0].pricingPlans[0].pricingPlanData[0].visualElements[2].value", "https://static.s3.shahid.mbc.net/widget-images/icons/iconCreditCard.png"): Verify element property value successfully

2023-10-16 14:05:31 - [MESSAGE][PASSED] - Verify element property value successfully

2023-10-16 14:05:31 - [TEST_STEP][PASSED] - verifyElementPropertyValue(getResponse, "offers[12].offerId", "byg-sport-40-offer"): Verify element property value successfully

2023-10-16 14:05:31 - [MESSAGE][PASSED] - Verify element property value successfully

2023-10-16 14:05:31 - [TEST_STEP][PASSED] - verifyElementPropertyValue(getResponse, "offers[12].offerParam", "bygsportsoffer40"): Verify element property value successfully

2023-10-16 14:05:31 - [MESSAGE][PASSED] - Verify element property value successfully

2023-10-16 14:05:31 - [TEST_STEP][PASSED] - verifyElementPropertyValue(getResponse, "offers[12].groups[0].pricingPlans[0].featured", "true"): Verify element property value successfully

2023-10-16 14:05:31 - [MESSAGE][PASSED] - Verify element property value successfully

2023-10-16 14:05:31 - [TEST_STEP][PASSED] - verifyElementPropertyValue(getResponse, "offers[12].groups[0].pricingPlans[0].period", "monthly"): Verify element property value successfully

2023-10-16 14:05:31 - [MESSAGE][PASSED] - Verify element property value successfully

2023-10-16 14:05:31 - [TEST_STEP][PASSED] - verifyElementPropertyValue(getResponse, "offers[12].groups[0].pricingPlans[0].featured", "true"): Verify element property value successfully

2023-10-16 14:05:31 - [MESSAGE][PASSED] - Verify element property value successfully

2023-10-16 14:05:31 - [TEST_STEP][PASSED] - verifyElementPropertyValue(getResponse, "offers[12].groups[0].pricingPlans[0].price", "26.5"): Verify element property value successfully

2023-10-16 14:05:31 - [MESSAGE][PASSED] - Verify element property value successfully

2023-10-16 14:05:31 - [TEST_STEP][PASSED] - verifyElementPropertyValue(getResponse, "offers[12].groups[0].pricingPlans[0].currency", "₪"): Verify element property value successfully

2023-10-16 14:05:31 - [MESSAGE][PASSED] - Verify element property value successfully

2023-10-16 14:05:31 - [TEST_STEP][PASSED] - verifyElementPropertyValue(getResponse, "offers[12].groups[0].pricingPlans[0].order", "0"): Verify element property value successfully

2023-10-16 14:05:31 - [MESSAGE][PASSED] - Verify element property value successfully

2023-10-16 14:05:31 - [TEST_STEP][PASSED] - verifyElementPropertyValue(getResponse, "offers[12].groups[0].pricingPlans[0].packageId", "SHAHID_VIP_SPORT"): Verify element property value successfully

2023-10-16 14:05:31 - [MESSAGE][PASSED] - Verify element property value successfully

2023-10-16 14:05:31 - [TEST_STEP][PASSED] - verifyElementPropertyValue(getResponse, "offers[12].groups[0].pricingPlans[0].catalogId", "SPORT"): Verify element property value successfully

2023-10-16 14:05:31 - [MESSAGE][PASSED] - Verify element property value successfully

2023-10-16 14:05:31 - [TEST_STEP][PASSED] - verifyElementPropertyValue(getResponse, "offers[12].groups[0].pricingPlans[0].visualElements[0].key", "Header_1_text"): Verify element property value successfully

2023-10-16 14:05:31 - [MESSAGE][PASSED] - Verify element property value successfully

2023-10-16 14:05:31 - [TEST_STEP][PASSED] - verifyElementPropertyValue(getResponse, "offers[12].groups[0].pricingPlans[0].visualElements[0].value", "Abonnez-vous dès maintenant et profitez de vos programmes sans publicité"): Verify element property value successfully

2023-10-16 14:05:31 - [MESSAGE][PASSED] - Verify element property value successfully

2023-10-16 14:05:31 - [TEST_STEP][PASSED] - verifyElementPropertyValue(getResponse, "offers[12].groups[0].pricingPlans[0].visualElements[1].key", "display_title"): Verify element property value successfully

2023-10-16 14:05:31 - [MESSAGE][PASSED] - Verify element property value successfully

2023-10-16 14:05:31 - [TEST_STEP][PASSED] - verifyElementPropertyValue(getResponse, "offers[12].groups[0].pricingPlans[0].visualElements[1].value", "40% de réduction"): Verify element property value successfully

2023-10-16 14:05:31 - [MESSAGE][PASSED] - Verify element property value successfully

2023-10-16 14:05:31 - [TEST_STEP][PASSED] - verifyElementPropertyValue(getResponse, "offers[12].groups[0].pricingPlans[0].visualElements[3].key", "deduction_text"): Verify element property value successfully

2023-10-16 14:05:31 - [MESSAGE][PASSED] - Verify element property value successfully

2023-10-16 14:05:31 - [TEST_STEP][PASSED] - verifyElementPropertyValue(getResponse, "offers[12].groups[0].pricingPlans[0].visualElements[3].value", "facturation mensuelle"): Verify element property value successfully

2023-10-16 14:05:31 - [MESSAGE][PASSED] - Verify element property value successfully

2023-10-16 14:05:31 - [TEST_STEP][PASSED] - verifyElementPropertyValue(getResponse, "offers[12].groups[0].pricingPlans[0].visualElements[6].key", "show_payment_logo"): Verify element property value successfully

2023-10-16 14:05:31 - [MESSAGE][PASSED] - Verify element property value successfully

2023-10-16 14:05:31 - [TEST_STEP][PASSED] - verifyElementPropertyValue(getResponse, "offers[12].groups[0].pricingPlans[0].visualElements[6].value", "true"): Verify element property value successfully

2023-10-16 14:05:31 - [MESSAGE][PASSED] - Verify element property value successfully

2023-10-16 14:05:31 - [TEST_STEP][PASSED] - verifyElementPropertyValue(getResponse, "offers[12].groups[0].pricingPlans[0].visualElements[8].key", "price"): Verify element property value successfully

2023-10-16 14:05:31 - [MESSAGE][PASSED] - Verify element property value successfully

2023-10-16 14:05:31 - [TEST_STEP][PASSED] - verifyElementPropertyValue(getResponse, "offers[12].groups[0].pricingPlans[0].visualElements[8].value", "26.5"): Verify element property value successfully

2023-10-16 14:05:31 - [MESSAGE][PASSED] - Verify element property value successfully

2023-10-16 14:05:31 - [TEST_STEP][PASSED] - verifyElementPropertyValue(getResponse, "offers[12].groups[0].pricingPlans[0].visualElements[9].key", "currency"): Verify element property value successfully

2023-10-16 14:05:31 - [MESSAGE][PASSED] - Verify element property value successfully

2023-10-16 14:05:31 - [TEST_STEP][PASSED] - verifyElementPropertyValue(getResponse, "offers[12].groups[0].pricingPlans[0].visualElements[9].value", "₪"): Verify element property value successfully

2023-10-16 14:05:31 - [MESSAGE][PASSED] - Verify element property value successfully

2023-10-16 14:05:31 - [TEST_STEP][PASSED] - verifyElementPropertyValue(getResponse, "offers[12].groups[0].pricingPlans[0].visualElements[10].key", "duration"): Verify element property value successfully

2023-10-16 14:05:31 - [MESSAGE][PASSED] - Verify element property value successfully

2023-10-16 14:05:31 - [TEST_STEP][PASSED] - verifyElementPropertyValue(getResponse, "offers[12].groups[0].pricingPlans[0].visualElements[10].value", "Mensuel"): Verify element property value successfully

2023-10-16 14:05:31 - [MESSAGE][PASSED] - Verify element property value successfully

2023-10-16 14:05:31 - [TEST_STEP][PASSED] - verifyElementPropertyValue(getResponse, "offers[12].groups[0].pricingPlans[0].visualElements[11].key", "featured_tag_text"): Verify element property value successfully

2023-10-16 14:05:31 - [MESSAGE][PASSED] - Verify element property value successfully

2023-10-16 14:05:31 - [TEST_STEP][PASSED] - verifyElementPropertyValue(getResponse, "offers[12].groups[0].pricingPlans[0].visualElements[11].value", "Offre limitée"): Verify element property value successfully

2023-10-16 14:05:31 - [MESSAGE][PASSED] - Verify element property value successfully

2023-10-16 14:05:31 - [TEST_STEP][PASSED] - verifyElementPropertyValue(getResponse, "offers[12].groups[0].pricingPlans[0].visualElements[13].key", "tag_text"): Verify element property value successfully

2023-10-16 14:05:31 - [MESSAGE][PASSED] - Verify element property value successfully

2023-10-16 14:05:31 - [TEST_STEP][PASSED] - verifyElementPropertyValue(getResponse, "offers[12].groups[0].pricingPlans[0].visualElements[13].value", "Économisez 40% "): Verify element property value successfully

2023-10-16 14:05:31 - [MESSAGE][PASSED] - Verify element property value successfully

2023-10-16 14:05:31 - [TEST_STEP][PASSED] - verifyElementPropertyValue(getResponse, "offers[12].groups[0].pricingPlans[0].visualElements[12].key", "show_tag"): Verify element property value successfully

2023-10-16 14:05:31 - [MESSAGE][PASSED] - Verify element property value successfully

2023-10-16 14:05:31 - [TEST_STEP][PASSED] - verifyElementPropertyValue(getResponse, "offers[12].groups[0].pricingPlans[0].visualElements[12].value", "true"): Verify element property value successfully

2023-10-16 14:05:31 - [MESSAGE][PASSED] - Verify element property value successfully

2023-10-16 14:05:31 - [TEST_STEP][PASSED] - verifyElementPropertyValue(getResponse, "offers[12].groups[0].pricingPlans[0].pricingPlanData[0].productId", "ISR_B2C_SHAHID_VIP_SPORT_1M"): Verify element property value successfully

2023-10-16 14:05:31 - [MESSAGE][PASSED] - Verify element property value successfully

2023-10-16 14:05:31 - [TEST_STEP][PASSED] - verifyElementPropertyValue(getResponse, "offers[12].groups[0].pricingPlans[0].pricingPlanData[0].paymentMethod", "CREDIT_CARD"): Verify element property value successfully

2023-10-16 14:05:31 - [MESSAGE][PASSED] - Verify element property value successfully

2023-10-16 14:05:31 - [TEST_STEP][PASSED] - verifyElementPropertyValue(getResponse, "offers[12].groups[0].pricingPlans[0].pricingPlanData[0].freeTrialEnabled", "false"): Verify element property value successfully

2023-10-16 14:05:31 - [MESSAGE][PASSED] - Verify element property value successfully

2023-10-16 14:05:31 - [TEST_STEP][PASSED] - verifyElementPropertyValue(getResponse, "offers[12].groups[0].pricingPlans[0].pricingPlanData[0].showIn[0]", "VERTICAL_MODE"): Verify element property value successfully

2023-10-16 14:05:31 - [MESSAGE][PASSED] - Verify element property value successfully

2023-10-16 14:05:31 - [TEST_STEP][PASSED] - verifyElementPropertyValue(getResponse, "offers[12].groups[0].pricingPlans[0].pricingPlanData[0].showIn[1]", "HORIZONTAL_MODE"): Verify element property value successfully

2023-10-16 14:05:31 - [MESSAGE][PASSED] - Verify element property value successfully

2023-10-16 14:05:31 - [TEST_STEP][PASSED] - verifyElementPropertyValue(getResponse, "offers[12].groups[0].pricingPlans[0].pricingPlanData[0].priceLabel", "26.5"): Verify element property value successfully

2023-10-16 14:05:31 - [MESSAGE][PASSED] - Verify element property value successfully

2023-10-16 14:05:31 - [TEST_STEP][PASSED] - verifyElementPropertyValue(getResponse, "offers[12].groups[0].pricingPlans[0].pricingPlanData[0].currencyLabel", "₪"): Verify element property value successfully

2023-10-16 14:05:31 - [MESSAGE][PASSED] - Verify element property value successfully

2023-10-16 14:05:31 - [TEST_STEP][PASSED] - verifyElementPropertyValue(getResponse, "offers[12].groups[0].pricingPlans[0].pricingPlanData[0].dealId", "BYG_SPORT_40P_ISR"): Verify element property value successfully

2023-10-16 14:05:31 - [MESSAGE][PASSED] - Verify element property value successfully

2023-10-16 14:05:31 - [TEST_STEP][PASSED] - verifyElementPropertyValue(getResponse, "offers[12].groups[0].pricingPlans[0].pricingPlanData[0].allowedForAcquisition", "true"): Verify element property value successfully

2023-10-16 14:05:31 - [MESSAGE][PASSED] - Verify element property value successfully

2023-10-16 14:05:31 - [TEST_STEP][PASSED] - verifyElementPropertyValue(getResponse, "offers[12].groups[0].pricingPlans[0].pricingPlanData[0].visualElements[0].key", "title"): Verify element property value successfully

2023-10-16 14:05:31 - [MESSAGE][PASSED] - Verify element property value successfully

2023-10-16 14:05:31 - [TEST_STEP][PASSED] - verifyElementPropertyValue(getResponse, "offers[12].groups[0].pricingPlans[0].pricingPlanData[0].visualElements[0].value", "Carte de crédit/débit"): Verify element property value successfully

2023-10-16 14:05:31 - [MESSAGE][PASSED] - Verify element property value successfully

2023-10-16 14:05:31 - [TEST_STEP][PASSED] - verifyElementPropertyValue(getResponse, "offers[12].groups[0].pricingPlans[0].pricingPlanData[0].visualElements[1].key", "CTA_text"): Verify element property value successfully

2023-10-16 14:05:31 - [MESSAGE][PASSED] - Verify element property value successfully

2023-10-16 14:05:31 - [TEST_STEP][PASSED] - verifyElementPropertyValue(getResponse, "offers[12].groups[0].pricingPlans[0].pricingPlanData[0].visualElements[1].value", "S’abonner"): Verify element property value successfully

2023-10-16 14:05:31 - [MESSAGE][PASSED] - Verify element property value successfully

2023-10-16 14:05:31 - [TEST_STEP][PASSED] - verifyElementPropertyValue(getResponse, "offers[12].groups[0].pricingPlans[0].pricingPlanData[0].visualElements[2].key", "logo"): Verify element property value successfully

2023-10-16 14:05:31 - [MESSAGE][PASSED] - Verify element property value successfully

2023-10-16 14:05:31 - [TEST_STEP][PASSED] - verifyElementPropertyValue(getResponse, "offers[12].groups[0].pricingPlans[0].pricingPlanData[0].visualElements[2].value", "https://static.s3.shahid.mbc.net/widget-images/icons/iconCreditCard.png"): Verify element property value successfully

2023-10-16 14:05:31 - [MESSAGE][PASSED] - Verify element property value successfully

2023-10-16 14:05:31 - [TEST_STEP][PASSED] - verifyElementPropertyValue(getResponse, "offers[13].offerId", "byg-sport-50-offer"): Verify element property value successfully

2023-10-16 14:05:31 - [MESSAGE][PASSED] - Verify element property value successfully

2023-10-16 14:05:31 - [TEST_STEP][PASSED] - verifyElementPropertyValue(getResponse, "offers[13].offerParam", "bygsportsoffer50"): Verify element property value successfully

2023-10-16 14:05:31 - [MESSAGE][PASSED] - Verify element property value successfully

2023-10-16 14:05:31 - [TEST_STEP][PASSED] - verifyElementPropertyValue(getResponse, "offers[13].groups[0].pricingPlans[0].featured", "true"): Verify element property value successfully

2023-10-16 14:05:31 - [MESSAGE][PASSED] - Verify element property value successfully

2023-10-16 14:05:31 - [TEST_STEP][PASSED] - verifyElementPropertyValue(getResponse, "offers[13].groups[0].pricingPlans[0].period", "monthly"): Verify element property value successfully

2023-10-16 14:05:31 - [MESSAGE][PASSED] - Verify element property value successfully

2023-10-16 14:05:31 - [TEST_STEP][PASSED] - verifyElementPropertyValue(getResponse, "offers[13].groups[0].pricingPlans[0].featured", "true"): Verify element property value successfully

2023-10-16 14:05:31 - [MESSAGE][PASSED] - Verify element property value successfully

2023-10-16 14:05:31 - [TEST_STEP][PASSED] - verifyElementPropertyValue(getResponse, "offers[13].groups[0].pricingPlans[0].price", "22.0"): Verify element property value successfully

2023-10-16 14:05:31 - [MESSAGE][PASSED] - Verify element property value successfully

2023-10-16 14:05:31 - [TEST_STEP][PASSED] - verifyElementPropertyValue(getResponse, "offers[13].groups[0].pricingPlans[0].currency", "₪"): Verify element property value successfully

2023-10-16 14:05:31 - [MESSAGE][PASSED] - Verify element property value successfully

2023-10-16 14:05:31 - [TEST_STEP][PASSED] - verifyElementPropertyValue(getResponse, "offers[13].groups[0].pricingPlans[0].order", "0"): Verify element property value successfully

2023-10-16 14:05:31 - [MESSAGE][PASSED] - Verify element property value successfully

2023-10-16 14:05:31 - [TEST_STEP][PASSED] - verifyElementPropertyValue(getResponse, "offers[13].groups[0].pricingPlans[0].packageId", "SHAHID_VIP_SPORT"): Verify element property value successfully

2023-10-16 14:05:31 - [MESSAGE][PASSED] - Verify element property value successfully

2023-10-16 14:05:31 - [TEST_STEP][PASSED] - verifyElementPropertyValue(getResponse, "offers[13].groups[0].pricingPlans[0].catalogId", "SPORT"): Verify element property value successfully

2023-10-16 14:05:31 - [MESSAGE][PASSED] - Verify element property value successfully

2023-10-16 14:05:31 - [TEST_STEP][PASSED] - verifyElementPropertyValue(getResponse, "offers[13].groups[0].pricingPlans[0].visualElements[0].key", "Header_1_text"): Verify element property value successfully

2023-10-16 14:05:31 - [MESSAGE][PASSED] - Verify element property value successfully

2023-10-16 14:05:31 - [TEST_STEP][PASSED] - verifyElementPropertyValue(getResponse, "offers[13].groups[0].pricingPlans[0].visualElements[0].value", "Abonnez-vous dès maintenant et profitez de vos programmes sans publicité"): Verify element property value successfully

2023-10-16 14:05:31 - [MESSAGE][PASSED] - Verify element property value successfully

2023-10-16 14:05:31 - [TEST_STEP][PASSED] - verifyElementPropertyValue(getResponse, "offers[13].groups[0].pricingPlans[0].visualElements[1].key", "display_title"): Verify element property value successfully

2023-10-16 14:05:31 - [MESSAGE][PASSED] - Verify element property value successfully

2023-10-16 14:05:31 - [TEST_STEP][PASSED] - verifyElementPropertyValue(getResponse, "offers[13].groups[0].pricingPlans[0].visualElements[1].value", "50% de réduction"): Verify element property value successfully

2023-10-16 14:05:31 - [MESSAGE][PASSED] - Verify element property value successfully

2023-10-16 14:05:31 - [TEST_STEP][PASSED] - verifyElementPropertyValue(getResponse, "offers[13].groups[0].pricingPlans[0].visualElements[3].key", "deduction_text"): Verify element property value successfully

2023-10-16 14:05:31 - [MESSAGE][PASSED] - Verify element property value successfully

2023-10-16 14:05:31 - [TEST_STEP][PASSED] - verifyElementPropertyValue(getResponse, "offers[13].groups[0].pricingPlans[0].visualElements[3].value", "facturation mensuelle"): Verify element property value successfully

2023-10-16 14:05:31 - [MESSAGE][PASSED] - Verify element property value successfully

2023-10-16 14:05:31 - [TEST_STEP][PASSED] - verifyElementPropertyValue(getResponse, "offers[13].groups[0].pricingPlans[0].visualElements[6].key", "show_payment_logo"): Verify element property value successfully

2023-10-16 14:05:31 - [MESSAGE][PASSED] - Verify element property value successfully

2023-10-16 14:05:31 - [TEST_STEP][PASSED] - verifyElementPropertyValue(getResponse, "offers[13].groups[0].pricingPlans[0].visualElements[6].value", "true"): Verify element property value successfully

2023-10-16 14:05:31 - [MESSAGE][PASSED] - Verify element property value successfully

2023-10-16 14:05:31 - [TEST_STEP][PASSED] - verifyElementPropertyValue(getResponse, "offers[13].groups[0].pricingPlans[0].visualElements[8].key", "price"): Verify element property value successfully

2023-10-16 14:05:31 - [MESSAGE][PASSED] - Verify element property value successfully

2023-10-16 14:05:31 - [TEST_STEP][PASSED] - verifyElementPropertyValue(getResponse, "offers[13].groups[0].pricingPlans[0].visualElements[8].value", "22"): Verify element property value successfully

2023-10-16 14:05:31 - [MESSAGE][PASSED] - Verify element property value successfully

2023-10-16 14:05:31 - [TEST_STEP][PASSED] - verifyElementPropertyValue(getResponse, "offers[13].groups[0].pricingPlans[0].visualElements[9].key", "currency"): Verify element property value successfully

2023-10-16 14:05:31 - [MESSAGE][PASSED] - Verify element property value successfully

2023-10-16 14:05:31 - [TEST_STEP][PASSED] - verifyElementPropertyValue(getResponse, "offers[13].groups[0].pricingPlans[0].visualElements[9].value", "₪"): Verify element property value successfully

2023-10-16 14:05:31 - [MESSAGE][PASSED] - Verify element property value successfully

2023-10-16 14:05:31 - [TEST_STEP][PASSED] - verifyElementPropertyValue(getResponse, "offers[13].groups[0].pricingPlans[0].visualElements[10].key", "duration"): Verify element property value successfully

2023-10-16 14:05:31 - [MESSAGE][PASSED] - Verify element property value successfully

2023-10-16 14:05:31 - [TEST_STEP][PASSED] - verifyElementPropertyValue(getResponse, "offers[13].groups[0].pricingPlans[0].visualElements[10].value", "Mensuel"): Verify element property value successfully

2023-10-16 14:05:31 - [MESSAGE][PASSED] - Verify element property value successfully

2023-10-16 14:05:31 - [TEST_STEP][PASSED] - verifyElementPropertyValue(getResponse, "offers[13].groups[0].pricingPlans[0].visualElements[11].key", "featured_tag_text"): Verify element property value successfully

2023-10-16 14:05:31 - [MESSAGE][PASSED] - Verify element property value successfully

2023-10-16 14:05:31 - [TEST_STEP][PASSED] - verifyElementPropertyValue(getResponse, "offers[13].groups[0].pricingPlans[0].visualElements[11].value", "Offre limitée"): Verify element property value successfully

2023-10-16 14:05:31 - [MESSAGE][PASSED] - Verify element property value successfully

2023-10-16 14:05:31 - [TEST_STEP][PASSED] - verifyElementPropertyValue(getResponse, "offers[13].groups[0].pricingPlans[0].visualElements[13].key", "tag_text"): Verify element property value successfully

2023-10-16 14:05:31 - [MESSAGE][PASSED] - Verify element property value successfully

2023-10-16 14:05:31 - [TEST_STEP][PASSED] - verifyElementPropertyValue(getResponse, "offers[13].groups[0].pricingPlans[0].visualElements[13].value", "Économisez 50% "): Verify element property value successfully

2023-10-16 14:05:31 - [MESSAGE][PASSED] - Verify element property value successfully

2023-10-16 14:05:31 - [TEST_STEP][PASSED] - verifyElementPropertyValue(getResponse, "offers[13].groups[0].pricingPlans[0].visualElements[12].key", "show_tag"): Verify element property value successfully

2023-10-16 14:05:31 - [MESSAGE][PASSED] - Verify element property value successfully

2023-10-16 14:05:31 - [TEST_STEP][PASSED] - verifyElementPropertyValue(getResponse, "offers[13].groups[0].pricingPlans[0].visualElements[12].value", "true"): Verify element property value successfully

2023-10-16 14:05:31 - [MESSAGE][PASSED] - Verify element property value successfully

2023-10-16 14:05:31 - [TEST_STEP][PASSED] - verifyElementPropertyValue(getResponse, "offers[13].groups[0].pricingPlans[0].pricingPlanData[0].productId", "ISR_B2C_SHAHID_VIP_SPORT_1M"): Verify element property value successfully

2023-10-16 14:05:31 - [MESSAGE][PASSED] - Verify element property value successfully

2023-10-16 14:05:31 - [TEST_STEP][PASSED] - verifyElementPropertyValue(getResponse, "offers[13].groups[0].pricingPlans[0].pricingPlanData[0].paymentMethod", "CREDIT_CARD"): Verify element property value successfully

2023-10-16 14:05:31 - [MESSAGE][PASSED] - Verify element property value successfully

2023-10-16 14:05:31 - [TEST_STEP][PASSED] - verifyElementPropertyValue(getResponse, "offers[13].groups[0].pricingPlans[0].pricingPlanData[0].freeTrialEnabled", "false"): Verify element property value successfully

2023-10-16 14:05:31 - [MESSAGE][PASSED] - Verify element property value successfully

2023-10-16 14:05:31 - [TEST_STEP][PASSED] - verifyElementPropertyValue(getResponse, "offers[13].groups[0].pricingPlans[0].pricingPlanData[0].showIn[0]", "VERTICAL_MODE"): Verify element property value successfully

2023-10-16 14:05:31 - [MESSAGE][PASSED] - Verify element property value successfully

2023-10-16 14:05:31 - [TEST_STEP][PASSED] - verifyElementPropertyValue(getResponse, "offers[13].groups[0].pricingPlans[0].pricingPlanData[0].showIn[1]", "HORIZONTAL_MODE"): Verify element property value successfully

2023-10-16 14:05:31 - [MESSAGE][PASSED] - Verify element property value successfully

2023-10-16 14:05:31 - [TEST_STEP][PASSED] - verifyElementPropertyValue(getResponse, "offers[13].groups[0].pricingPlans[0].pricingPlanData[0].priceLabel", "22"): Verify element property value successfully

2023-10-16 14:05:31 - [MESSAGE][PASSED] - Verify element property value successfully

2023-10-16 14:05:31 - [TEST_STEP][PASSED] - verifyElementPropertyValue(getResponse, "offers[13].groups[0].pricingPlans[0].pricingPlanData[0].currencyLabel", "₪"): Verify element property value successfully

2023-10-16 14:05:31 - [MESSAGE][PASSED] - Verify element property value successfully

2023-10-16 14:05:31 - [TEST_STEP][PASSED] - verifyElementPropertyValue(getResponse, "offers[13].groups[0].pricingPlans[0].pricingPlanData[0].dealId", "BYG_SPORT_50P_ISR"): Verify element property value successfully

2023-10-16 14:05:32 - [MESSAGE][PASSED] - Verify element property value successfully

2023-10-16 14:05:32 - [TEST_STEP][PASSED] - verifyElementPropertyValue(getResponse, "offers[13].groups[0].pricingPlans[0].pricingPlanData[0].allowedForAcquisition", "true"): Verify element property value successfully

2023-10-16 14:05:32 - [MESSAGE][PASSED] - Verify element property value successfully

2023-10-16 14:05:32 - [TEST_STEP][PASSED] - verifyElementPropertyValue(getResponse, "offers[13].groups[0].pricingPlans[0].pricingPlanData[0].visualElements[0].key", "title"): Verify element property value successfully

2023-10-16 14:05:32 - [MESSAGE][PASSED] - Verify element property value successfully

2023-10-16 14:05:32 - [TEST_STEP][PASSED] - verifyElementPropertyValue(getResponse, "offers[13].groups[0].pricingPlans[0].pricingPlanData[0].visualElements[0].value", "Carte de crédit/débit"): Verify element property value successfully

2023-10-16 14:05:32 - [MESSAGE][PASSED] - Verify element property value successfully

2023-10-16 14:05:32 - [TEST_STEP][PASSED] - verifyElementPropertyValue(getResponse, "offers[13].groups[0].pricingPlans[0].pricingPlanData[0].visualElements[1].key", "CTA_text"): Verify element property value successfully

2023-10-16 14:05:32 - [MESSAGE][PASSED] - Verify element property value successfully

2023-10-16 14:05:32 - [TEST_STEP][PASSED] - verifyElementPropertyValue(getResponse, "offers[13].groups[0].pricingPlans[0].pricingPlanData[0].visualElements[1].value", "S’abonner"): Verify element property value successfully

2023-10-16 14:05:32 - [MESSAGE][PASSED] - Verify element property value successfully

2023-10-16 14:05:32 - [TEST_STEP][PASSED] - verifyElementPropertyValue(getResponse, "offers[13].groups[0].pricingPlans[0].pricingPlanData[0].visualElements[2].key", "logo"): Verify element property value successfully

2023-10-16 14:05:32 - [MESSAGE][PASSED] - Verify element property value successfully

2023-10-16 14:05:32 - [TEST_STEP][PASSED] - verifyElementPropertyValue(getResponse, "offers[13].groups[0].pricingPlans[0].pricingPlanData[0].visualElements[2].value", "https://static.s3.shahid.mbc.net/widget-images/icons/iconCreditCard.png"): Verify element property value successfully

2023-10-16 14:05:32 - [MESSAGE][PASSED] - Verify element property value successfully]]></system-out>
         <system-err><![CDATA[]]></system-err>
      </testcase>
      <testcase name="Test Cases/WEB - CHROME/ISR PI/WEB_FR_getOffersForISR_VIP" time="19.365" classname="Test Cases/WEB - CHROME/ISR PI/WEB_FR_getOffersForISR_VIP" status="PASSED">
         <system-out><![CDATA[2023-10-16 14:05:32 - [TEST_CASE][PASSED] - Test Cases/WEB - CHROME/ISR PI/WEB_FR_getOffersForISR_VIP: Test Cases/WEB - CHROME/ISR PI/WEB_FR_getOffersForISR_VIP

2023-10-16 14:05:32 - [TEST_STEP][PASSED] - getResponse = config_files.getConfigFile.getConfig("WEB", "FR", "SHAHID_VIP", "IL", "false"): config_files.getConfigFile.getConfig is PASSED

2023-10-16 14:05:36 - [MESSAGE][INFO] - HAR: /Users/admin/git/shahid-configuration/Reports/20231016_140310/WEB/ISR/20231016_140311/requests/main/9.har

2023-10-16 14:05:36 - [MESSAGE][PASSED] - Send request successfully

2023-10-16 14:05:36 - [MESSAGE][PASSED] - config_files.getConfigFile.getConfig is PASSED

2023-10-16 14:05:36 - [TEST_STEP][PASSED] - verifyResponseStatusCode(getResponse, 200): Verify response status code successfully

2023-10-16 14:05:36 - [MESSAGE][PASSED] - Verify response status code successfully

2023-10-16 14:05:36 - [TEST_STEP][PASSED] - verifyElementPropertyValue(getResponse, "country", "ISR"): Verify element property value successfully

2023-10-16 14:05:36 - [MESSAGE][PASSED] - Verify element property value successfully

2023-10-16 14:05:36 - [TEST_STEP][PASSED] - verifyElementPropertyValue(getResponse, "platform", "[WEB]"): Verify element property value successfully

2023-10-16 14:05:36 - [MESSAGE][PASSED] - Verify element property value successfully

2023-10-16 14:05:36 - [TEST_STEP][PASSED] - verifyElementPropertyValue(getResponse, "offers[0].offerId", "winback-30-offer"): Verify element property value successfully

2023-10-16 14:05:40 - [MESSAGE][PASSED] - Verify element property value successfully

2023-10-16 14:05:40 - [TEST_STEP][PASSED] - verifyElementPropertyValue(getResponse, "offers[0].offerParam", "winback30"): Verify element property value successfully

2023-10-16 14:05:40 - [MESSAGE][PASSED] - Verify element property value successfully

2023-10-16 14:05:40 - [TEST_STEP][PASSED] - verifyElementPropertyValue(getResponse, "offers[0].groups[0].pricingPlans[0].featured", "true"): Verify element property value successfully

2023-10-16 14:05:40 - [MESSAGE][PASSED] - Verify element property value successfully

2023-10-16 14:05:40 - [TEST_STEP][PASSED] - verifyElementPropertyValue(getResponse, "offers[0].groups[0].pricingPlans[0].period", "monthly"): Verify element property value successfully

2023-10-16 14:05:40 - [MESSAGE][PASSED] - Verify element property value successfully

2023-10-16 14:05:40 - [TEST_STEP][PASSED] - verifyElementPropertyValue(getResponse, "offers[0].groups[0].pricingPlans[0].featured", "true"): Verify element property value successfully

2023-10-16 14:05:40 - [MESSAGE][PASSED] - Verify element property value successfully

2023-10-16 14:05:40 - [TEST_STEP][PASSED] - verifyElementPropertyValue(getResponse, "offers[0].groups[0].pricingPlans[0].price", "15.5"): Verify element property value successfully

2023-10-16 14:05:40 - [MESSAGE][PASSED] - Verify element property value successfully

2023-10-16 14:05:40 - [TEST_STEP][PASSED] - verifyElementPropertyValue(getResponse, "offers[0].groups[0].pricingPlans[0].currency", "₪"): Verify element property value successfully

2023-10-16 14:05:40 - [MESSAGE][PASSED] - Verify element property value successfully

2023-10-16 14:05:40 - [TEST_STEP][PASSED] - verifyElementPropertyValue(getResponse, "offers[0].groups[0].pricingPlans[0].order", "0"): Verify element property value successfully

2023-10-16 14:05:40 - [MESSAGE][PASSED] - Verify element property value successfully

2023-10-16 14:05:40 - [TEST_STEP][PASSED] - verifyElementPropertyValue(getResponse, "offers[0].groups[0].pricingPlans[0].packageId", "SHAHID_VIP"): Verify element property value successfully

2023-10-16 14:05:40 - [MESSAGE][PASSED] - Verify element property value successfully

2023-10-16 14:05:40 - [TEST_STEP][PASSED] - verifyElementPropertyValue(getResponse, "offers[0].groups[0].pricingPlans[0].catalogId", "VIP"): Verify element property value successfully

2023-10-16 14:05:40 - [MESSAGE][PASSED] - Verify element property value successfully

2023-10-16 14:05:40 - [TEST_STEP][PASSED] - verifyElementPropertyValue(getResponse, "offers[0].groups[0].pricingPlans[0].visualElements[0].key", "Header_1_text"): Verify element property value successfully

2023-10-16 14:05:40 - [MESSAGE][PASSED] - Verify element property value successfully

2023-10-16 14:05:40 - [TEST_STEP][PASSED] - verifyElementPropertyValue(getResponse, "offers[0].groups[0].pricingPlans[0].visualElements[0].value", "Abonnez-vous dès maintenant et profitez de vos programmes sans publicité"): Verify element property value successfully

2023-10-16 14:05:40 - [MESSAGE][PASSED] - Verify element property value successfully

2023-10-16 14:05:40 - [TEST_STEP][PASSED] - verifyElementPropertyValue(getResponse, "offers[0].groups[0].pricingPlans[0].visualElements[1].key", "display_title"): Verify element property value successfully

2023-10-16 14:05:40 - [MESSAGE][PASSED] - Verify element property value successfully

2023-10-16 14:05:40 - [TEST_STEP][PASSED] - verifyElementPropertyValue(getResponse, "offers[0].groups[0].pricingPlans[0].visualElements[1].value", "30% de réduction"): Verify element property value successfully

2023-10-16 14:05:40 - [MESSAGE][PASSED] - Verify element property value successfully

2023-10-16 14:05:40 - [TEST_STEP][PASSED] - verifyElementPropertyValue(getResponse, "offers[0].groups[0].pricingPlans[0].visualElements[3].key", "deduction_text"): Verify element property value successfully

2023-10-16 14:05:40 - [MESSAGE][PASSED] - Verify element property value successfully

2023-10-16 14:05:40 - [TEST_STEP][PASSED] - verifyElementPropertyValue(getResponse, "offers[0].groups[0].pricingPlans[0].visualElements[3].value", "facturation mensuelle"): Verify element property value successfully

2023-10-16 14:05:40 - [MESSAGE][PASSED] - Verify element property value successfully

2023-10-16 14:05:40 - [TEST_STEP][PASSED] - verifyElementPropertyValue(getResponse, "offers[0].groups[0].pricingPlans[0].visualElements[6].key", "show_payment_logo"): Verify element property value successfully

2023-10-16 14:05:40 - [MESSAGE][PASSED] - Verify element property value successfully

2023-10-16 14:05:40 - [TEST_STEP][PASSED] - verifyElementPropertyValue(getResponse, "offers[0].groups[0].pricingPlans[0].visualElements[6].value", "true"): Verify element property value successfully

2023-10-16 14:05:40 - [MESSAGE][PASSED] - Verify element property value successfully

2023-10-16 14:05:40 - [TEST_STEP][PASSED] - verifyElementPropertyValue(getResponse, "offers[0].groups[0].pricingPlans[0].visualElements[8].key", "price"): Verify element property value successfully

2023-10-16 14:05:40 - [MESSAGE][PASSED] - Verify element property value successfully

2023-10-16 14:05:40 - [TEST_STEP][PASSED] - verifyElementPropertyValue(getResponse, "offers[0].groups[0].pricingPlans[0].visualElements[8].value", "15.5"): Verify element property value successfully

2023-10-16 14:05:40 - [MESSAGE][PASSED] - Verify element property value successfully

2023-10-16 14:05:40 - [TEST_STEP][PASSED] - verifyElementPropertyValue(getResponse, "offers[0].groups[0].pricingPlans[0].visualElements[9].key", "currency"): Verify element property value successfully

2023-10-16 14:05:40 - [MESSAGE][PASSED] - Verify element property value successfully

2023-10-16 14:05:40 - [TEST_STEP][PASSED] - verifyElementPropertyValue(getResponse, "offers[0].groups[0].pricingPlans[0].visualElements[9].value", "₪"): Verify element property value successfully

2023-10-16 14:05:40 - [MESSAGE][PASSED] - Verify element property value successfully

2023-10-16 14:05:40 - [TEST_STEP][PASSED] - verifyElementPropertyValue(getResponse, "offers[0].groups[0].pricingPlans[0].visualElements[10].key", "duration"): Verify element property value successfully

2023-10-16 14:05:40 - [MESSAGE][PASSED] - Verify element property value successfully

2023-10-16 14:05:40 - [TEST_STEP][PASSED] - verifyElementPropertyValue(getResponse, "offers[0].groups[0].pricingPlans[0].visualElements[10].value", "Mensuel"): Verify element property value successfully

2023-10-16 14:05:40 - [MESSAGE][PASSED] - Verify element property value successfully

2023-10-16 14:05:40 - [TEST_STEP][PASSED] - verifyElementPropertyValue(getResponse, "offers[0].groups[0].pricingPlans[0].visualElements[11].key", "featured_tag_text"): Verify element property value successfully

2023-10-16 14:05:40 - [MESSAGE][PASSED] - Verify element property value successfully

2023-10-16 14:05:40 - [TEST_STEP][PASSED] - verifyElementPropertyValue(getResponse, "offers[0].groups[0].pricingPlans[0].visualElements[11].value", "Offre limitée"): Verify element property value successfully

2023-10-16 14:05:40 - [MESSAGE][PASSED] - Verify element property value successfully

2023-10-16 14:05:40 - [TEST_STEP][PASSED] - verifyElementPropertyValue(getResponse, "offers[0].groups[0].pricingPlans[0].visualElements[13].key", "tag_text"): Verify element property value successfully

2023-10-16 14:05:40 - [MESSAGE][PASSED] - Verify element property value successfully

2023-10-16 14:05:40 - [TEST_STEP][PASSED] - verifyElementPropertyValue(getResponse, "offers[0].groups[0].pricingPlans[0].visualElements[13].value", "Économisez 30% "): Verify element property value successfully

2023-10-16 14:05:40 - [MESSAGE][PASSED] - Verify element property value successfully

2023-10-16 14:05:40 - [TEST_STEP][PASSED] - verifyElementPropertyValue(getResponse, "offers[0].groups[0].pricingPlans[0].visualElements[12].key", "show_tag"): Verify element property value successfully

2023-10-16 14:05:40 - [MESSAGE][PASSED] - Verify element property value successfully

2023-10-16 14:05:40 - [TEST_STEP][PASSED] - verifyElementPropertyValue(getResponse, "offers[0].groups[0].pricingPlans[0].visualElements[12].value", "true"): Verify element property value successfully

2023-10-16 14:05:40 - [MESSAGE][PASSED] - Verify element property value successfully

2023-10-16 14:05:40 - [TEST_STEP][PASSED] - verifyElementPropertyValue(getResponse, "offers[0].groups[0].pricingPlans[0].pricingPlanData[0].productId", "ISR_B2C_SHAHID_VIP_1M"): Verify element property value successfully

2023-10-16 14:05:40 - [MESSAGE][PASSED] - Verify element property value successfully

2023-10-16 14:05:40 - [TEST_STEP][PASSED] - verifyElementPropertyValue(getResponse, "offers[0].groups[0].pricingPlans[0].pricingPlanData[0].paymentMethod", "CREDIT_CARD"): Verify element property value successfully

2023-10-16 14:05:41 - [MESSAGE][PASSED] - Verify element property value successfully

2023-10-16 14:05:41 - [TEST_STEP][PASSED] - verifyElementPropertyValue(getResponse, "offers[0].groups[0].pricingPlans[0].pricingPlanData[0].freeTrialEnabled", "false"): Verify element property value successfully

2023-10-16 14:05:41 - [MESSAGE][PASSED] - Verify element property value successfully

2023-10-16 14:05:41 - [TEST_STEP][PASSED] - verifyElementPropertyValue(getResponse, "offers[0].groups[0].pricingPlans[0].pricingPlanData[0].showIn[0]", "VERTICAL_MODE"): Verify element property value successfully

2023-10-16 14:05:41 - [MESSAGE][PASSED] - Verify element property value successfully

2023-10-16 14:05:41 - [TEST_STEP][PASSED] - verifyElementPropertyValue(getResponse, "offers[0].groups[0].pricingPlans[0].pricingPlanData[0].showIn[1]", "HORIZONTAL_MODE"): Verify element property value successfully

2023-10-16 14:05:41 - [MESSAGE][PASSED] - Verify element property value successfully

2023-10-16 14:05:41 - [TEST_STEP][PASSED] - verifyElementPropertyValue(getResponse, "offers[0].groups[0].pricingPlans[0].pricingPlanData[0].priceLabel", "15.5"): Verify element property value successfully

2023-10-16 14:05:41 - [MESSAGE][PASSED] - Verify element property value successfully

2023-10-16 14:05:41 - [TEST_STEP][PASSED] - verifyElementPropertyValue(getResponse, "offers[0].groups[0].pricingPlans[0].pricingPlanData[0].currencyLabel", "₪"): Verify element property value successfully

2023-10-16 14:05:41 - [MESSAGE][PASSED] - Verify element property value successfully

2023-10-16 14:05:41 - [TEST_STEP][PASSED] - verifyElementPropertyValue(getResponse, "offers[0].groups[0].pricingPlans[0].pricingPlanData[0].dealId", "RE_30P_ISR"): Verify element property value successfully

2023-10-16 14:05:41 - [MESSAGE][PASSED] - Verify element property value successfully

2023-10-16 14:05:41 - [TEST_STEP][PASSED] - verifyElementPropertyValue(getResponse, "offers[0].groups[0].pricingPlans[0].pricingPlanData[0].allowedForAcquisition", "true"): Verify element property value successfully

2023-10-16 14:05:41 - [MESSAGE][PASSED] - Verify element property value successfully

2023-10-16 14:05:41 - [TEST_STEP][PASSED] - verifyElementPropertyValue(getResponse, "offers[0].groups[0].pricingPlans[0].pricingPlanData[0].visualElements[0].key", "title"): Verify element property value successfully

2023-10-16 14:05:41 - [MESSAGE][PASSED] - Verify element property value successfully

2023-10-16 14:05:41 - [TEST_STEP][PASSED] - verifyElementPropertyValue(getResponse, "offers[0].groups[0].pricingPlans[0].pricingPlanData[0].visualElements[0].value", "Carte de crédit/débit"): Verify element property value successfully

2023-10-16 14:05:41 - [MESSAGE][PASSED] - Verify element property value successfully

2023-10-16 14:05:41 - [TEST_STEP][PASSED] - verifyElementPropertyValue(getResponse, "offers[0].groups[0].pricingPlans[0].pricingPlanData[0].visualElements[1].key", "CTA_text"): Verify element property value successfully

2023-10-16 14:05:41 - [MESSAGE][PASSED] - Verify element property value successfully

2023-10-16 14:05:41 - [TEST_STEP][PASSED] - verifyElementPropertyValue(getResponse, "offers[0].groups[0].pricingPlans[0].pricingPlanData[0].visualElements[1].value", "S'abonner"): Verify element property value successfully

2023-10-16 14:05:41 - [MESSAGE][PASSED] - Verify element property value successfully

2023-10-16 14:05:41 - [TEST_STEP][PASSED] - verifyElementPropertyValue(getResponse, "offers[0].groups[0].pricingPlans[0].pricingPlanData[0].visualElements[2].key", "logo"): Verify element property value successfully

2023-10-16 14:05:41 - [MESSAGE][PASSED] - Verify element property value successfully

2023-10-16 14:05:41 - [TEST_STEP][PASSED] - verifyElementPropertyValue(getResponse, "offers[0].groups[0].pricingPlans[0].pricingPlanData[0].visualElements[2].value", "https://static.s3.shahid.mbc.net/widget-images/icons/iconCreditCard.png"): Verify element property value successfully

2023-10-16 14:05:41 - [MESSAGE][PASSED] - Verify element property value successfully

2023-10-16 14:05:41 - [TEST_STEP][PASSED] - verifyElementPropertyValue(getResponse, "offers[1].offerId", "winback-40-offer"): Verify element property value successfully

2023-10-16 14:05:41 - [MESSAGE][PASSED] - Verify element property value successfully

2023-10-16 14:05:41 - [TEST_STEP][PASSED] - verifyElementPropertyValue(getResponse, "offers[1].offerParam", "winback40"): Verify element property value successfully

2023-10-16 14:05:41 - [MESSAGE][PASSED] - Verify element property value successfully

2023-10-16 14:05:41 - [TEST_STEP][PASSED] - verifyElementPropertyValue(getResponse, "offers[1].groups[0].pricingPlans[0].featured", "true"): Verify element property value successfully

2023-10-16 14:05:41 - [MESSAGE][PASSED] - Verify element property value successfully

2023-10-16 14:05:41 - [TEST_STEP][PASSED] - verifyElementPropertyValue(getResponse, "offers[1].groups[0].pricingPlans[0].period", "monthly"): Verify element property value successfully

2023-10-16 14:05:41 - [MESSAGE][PASSED] - Verify element property value successfully

2023-10-16 14:05:41 - [TEST_STEP][PASSED] - verifyElementPropertyValue(getResponse, "offers[1].groups[0].pricingPlans[0].featured", "true"): Verify element property value successfully

2023-10-16 14:05:41 - [MESSAGE][PASSED] - Verify element property value successfully

2023-10-16 14:05:41 - [TEST_STEP][PASSED] - verifyElementPropertyValue(getResponse, "offers[1].groups[0].pricingPlans[0].price", "13.5"): Verify element property value successfully

2023-10-16 14:05:41 - [MESSAGE][PASSED] - Verify element property value successfully

2023-10-16 14:05:41 - [TEST_STEP][PASSED] - verifyElementPropertyValue(getResponse, "offers[1].groups[0].pricingPlans[0].currency", "₪"): Verify element property value successfully

2023-10-16 14:05:41 - [MESSAGE][PASSED] - Verify element property value successfully

2023-10-16 14:05:41 - [TEST_STEP][PASSED] - verifyElementPropertyValue(getResponse, "offers[1].groups[0].pricingPlans[0].order", "0"): Verify element property value successfully

2023-10-16 14:05:41 - [MESSAGE][PASSED] - Verify element property value successfully

2023-10-16 14:05:41 - [TEST_STEP][PASSED] - verifyElementPropertyValue(getResponse, "offers[1].groups[0].pricingPlans[0].packageId", "SHAHID_VIP"): Verify element property value successfully

2023-10-16 14:05:41 - [MESSAGE][PASSED] - Verify element property value successfully

2023-10-16 14:05:41 - [TEST_STEP][PASSED] - verifyElementPropertyValue(getResponse, "offers[1].groups[0].pricingPlans[0].catalogId", "VIP"): Verify element property value successfully

2023-10-16 14:05:41 - [MESSAGE][PASSED] - Verify element property value successfully

2023-10-16 14:05:41 - [TEST_STEP][PASSED] - verifyElementPropertyValue(getResponse, "offers[1].groups[0].pricingPlans[0].visualElements[0].key", "Header_1_text"): Verify element property value successfully

2023-10-16 14:05:41 - [MESSAGE][PASSED] - Verify element property value successfully

2023-10-16 14:05:41 - [TEST_STEP][PASSED] - verifyElementPropertyValue(getResponse, "offers[1].groups[0].pricingPlans[0].visualElements[0].value", "Abonnez-vous dès maintenant et profitez de vos programmes sans publicité"): Verify element property value successfully

2023-10-16 14:05:41 - [MESSAGE][PASSED] - Verify element property value successfully

2023-10-16 14:05:41 - [TEST_STEP][PASSED] - verifyElementPropertyValue(getResponse, "offers[1].groups[0].pricingPlans[0].visualElements[1].key", "display_title"): Verify element property value successfully

2023-10-16 14:05:41 - [MESSAGE][PASSED] - Verify element property value successfully

2023-10-16 14:05:41 - [TEST_STEP][PASSED] - verifyElementPropertyValue(getResponse, "offers[1].groups[0].pricingPlans[0].visualElements[1].value", "40% de réduction"): Verify element property value successfully

2023-10-16 14:05:41 - [MESSAGE][PASSED] - Verify element property value successfully

2023-10-16 14:05:41 - [TEST_STEP][PASSED] - verifyElementPropertyValue(getResponse, "offers[1].groups[0].pricingPlans[0].visualElements[3].key", "deduction_text"): Verify element property value successfully

2023-10-16 14:05:41 - [MESSAGE][PASSED] - Verify element property value successfully

2023-10-16 14:05:41 - [TEST_STEP][PASSED] - verifyElementPropertyValue(getResponse, "offers[1].groups[0].pricingPlans[0].visualElements[3].value", "facturation mensuelle"): Verify element property value successfully

2023-10-16 14:05:41 - [MESSAGE][PASSED] - Verify element property value successfully

2023-10-16 14:05:41 - [TEST_STEP][PASSED] - verifyElementPropertyValue(getResponse, "offers[1].groups[0].pricingPlans[0].visualElements[6].key", "show_payment_logo"): Verify element property value successfully

2023-10-16 14:05:41 - [MESSAGE][PASSED] - Verify element property value successfully

2023-10-16 14:05:41 - [TEST_STEP][PASSED] - verifyElementPropertyValue(getResponse, "offers[1].groups[0].pricingPlans[0].visualElements[6].value", "true"): Verify element property value successfully

2023-10-16 14:05:41 - [MESSAGE][PASSED] - Verify element property value successfully

2023-10-16 14:05:41 - [TEST_STEP][PASSED] - verifyElementPropertyValue(getResponse, "offers[1].groups[0].pricingPlans[0].visualElements[8].key", "price"): Verify element property value successfully

2023-10-16 14:05:41 - [MESSAGE][PASSED] - Verify element property value successfully

2023-10-16 14:05:41 - [TEST_STEP][PASSED] - verifyElementPropertyValue(getResponse, "offers[1].groups[0].pricingPlans[0].visualElements[8].value", "13.5"): Verify element property value successfully

2023-10-16 14:05:41 - [MESSAGE][PASSED] - Verify element property value successfully

2023-10-16 14:05:41 - [TEST_STEP][PASSED] - verifyElementPropertyValue(getResponse, "offers[1].groups[0].pricingPlans[0].visualElements[9].key", "currency"): Verify element property value successfully

2023-10-16 14:05:41 - [MESSAGE][PASSED] - Verify element property value successfully

2023-10-16 14:05:41 - [TEST_STEP][PASSED] - verifyElementPropertyValue(getResponse, "offers[1].groups[0].pricingPlans[0].visualElements[9].value", "₪"): Verify element property value successfully

2023-10-16 14:05:41 - [MESSAGE][PASSED] - Verify element property value successfully

2023-10-16 14:05:41 - [TEST_STEP][PASSED] - verifyElementPropertyValue(getResponse, "offers[1].groups[0].pricingPlans[0].visualElements[10].key", "duration"): Verify element property value successfully

2023-10-16 14:05:41 - [MESSAGE][PASSED] - Verify element property value successfully

2023-10-16 14:05:41 - [TEST_STEP][PASSED] - verifyElementPropertyValue(getResponse, "offers[1].groups[0].pricingPlans[0].visualElements[10].value", "Mensuel"): Verify element property value successfully

2023-10-16 14:05:41 - [MESSAGE][PASSED] - Verify element property value successfully

2023-10-16 14:05:41 - [TEST_STEP][PASSED] - verifyElementPropertyValue(getResponse, "offers[1].groups[0].pricingPlans[0].visualElements[11].key", "featured_tag_text"): Verify element property value successfully

2023-10-16 14:05:41 - [MESSAGE][PASSED] - Verify element property value successfully

2023-10-16 14:05:41 - [TEST_STEP][PASSED] - verifyElementPropertyValue(getResponse, "offers[1].groups[0].pricingPlans[0].visualElements[11].value", "Offre limitée"): Verify element property value successfully

2023-10-16 14:05:41 - [MESSAGE][PASSED] - Verify element property value successfully

2023-10-16 14:05:41 - [TEST_STEP][PASSED] - verifyElementPropertyValue(getResponse, "offers[1].groups[0].pricingPlans[0].visualElements[13].key", "tag_text"): Verify element property value successfully

2023-10-16 14:05:41 - [MESSAGE][PASSED] - Verify element property value successfully

2023-10-16 14:05:41 - [TEST_STEP][PASSED] - verifyElementPropertyValue(getResponse, "offers[1].groups[0].pricingPlans[0].visualElements[13].value", "Économisez 40% "): Verify element property value successfully

2023-10-16 14:05:41 - [MESSAGE][PASSED] - Verify element property value successfully

2023-10-16 14:05:41 - [TEST_STEP][PASSED] - verifyElementPropertyValue(getResponse, "offers[1].groups[0].pricingPlans[0].visualElements[12].key", "show_tag"): Verify element property value successfully

2023-10-16 14:05:41 - [MESSAGE][PASSED] - Verify element property value successfully

2023-10-16 14:05:41 - [TEST_STEP][PASSED] - verifyElementPropertyValue(getResponse, "offers[1].groups[0].pricingPlans[0].visualElements[12].value", "true"): Verify element property value successfully

2023-10-16 14:05:41 - [MESSAGE][PASSED] - Verify element property value successfully

2023-10-16 14:05:41 - [TEST_STEP][PASSED] - verifyElementPropertyValue(getResponse, "offers[1].groups[0].pricingPlans[0].pricingPlanData[0].productId", "ISR_B2C_SHAHID_VIP_1M"): Verify element property value successfully

2023-10-16 14:05:41 - [MESSAGE][PASSED] - Verify element property value successfully

2023-10-16 14:05:41 - [TEST_STEP][PASSED] - verifyElementPropertyValue(getResponse, "offers[1].groups[0].pricingPlans[0].pricingPlanData[0].paymentMethod", "CREDIT_CARD"): Verify element property value successfully

2023-10-16 14:05:41 - [MESSAGE][PASSED] - Verify element property value successfully

2023-10-16 14:05:41 - [TEST_STEP][PASSED] - verifyElementPropertyValue(getResponse, "offers[1].groups[0].pricingPlans[0].pricingPlanData[0].freeTrialEnabled", "false"): Verify element property value successfully

2023-10-16 14:05:41 - [MESSAGE][PASSED] - Verify element property value successfully

2023-10-16 14:05:41 - [TEST_STEP][PASSED] - verifyElementPropertyValue(getResponse, "offers[1].groups[0].pricingPlans[0].pricingPlanData[0].showIn[0]", "VERTICAL_MODE"): Verify element property value successfully

2023-10-16 14:05:41 - [MESSAGE][PASSED] - Verify element property value successfully

2023-10-16 14:05:41 - [TEST_STEP][PASSED] - verifyElementPropertyValue(getResponse, "offers[1].groups[0].pricingPlans[0].pricingPlanData[0].showIn[1]", "HORIZONTAL_MODE"): Verify element property value successfully

2023-10-16 14:05:41 - [MESSAGE][PASSED] - Verify element property value successfully

2023-10-16 14:05:41 - [TEST_STEP][PASSED] - verifyElementPropertyValue(getResponse, "offers[1].groups[0].pricingPlans[0].pricingPlanData[0].priceLabel", "13.5"): Verify element property value successfully

2023-10-16 14:05:41 - [MESSAGE][PASSED] - Verify element property value successfully

2023-10-16 14:05:41 - [TEST_STEP][PASSED] - verifyElementPropertyValue(getResponse, "offers[1].groups[0].pricingPlans[0].pricingPlanData[0].currencyLabel", "₪"): Verify element property value successfully

2023-10-16 14:05:41 - [MESSAGE][PASSED] - Verify element property value successfully

2023-10-16 14:05:41 - [TEST_STEP][PASSED] - verifyElementPropertyValue(getResponse, "offers[1].groups[0].pricingPlans[0].pricingPlanData[0].dealId", "RE_40P_ISR"): Verify element property value successfully

2023-10-16 14:05:41 - [MESSAGE][PASSED] - Verify element property value successfully

2023-10-16 14:05:41 - [TEST_STEP][PASSED] - verifyElementPropertyValue(getResponse, "offers[1].groups[0].pricingPlans[0].pricingPlanData[0].allowedForAcquisition", "true"): Verify element property value successfully

2023-10-16 14:05:41 - [MESSAGE][PASSED] - Verify element property value successfully

2023-10-16 14:05:41 - [TEST_STEP][PASSED] - verifyElementPropertyValue(getResponse, "offers[1].groups[0].pricingPlans[0].pricingPlanData[0].visualElements[0].key", "title"): Verify element property value successfully

2023-10-16 14:05:41 - [MESSAGE][PASSED] - Verify element property value successfully

2023-10-16 14:05:41 - [TEST_STEP][PASSED] - verifyElementPropertyValue(getResponse, "offers[1].groups[0].pricingPlans[0].pricingPlanData[0].visualElements[0].value", "Carte de crédit/débit"): Verify element property value successfully

2023-10-16 14:05:41 - [MESSAGE][PASSED] - Verify element property value successfully

2023-10-16 14:05:41 - [TEST_STEP][PASSED] - verifyElementPropertyValue(getResponse, "offers[1].groups[0].pricingPlans[0].pricingPlanData[0].visualElements[1].key", "CTA_text"): Verify element property value successfully

2023-10-16 14:05:41 - [MESSAGE][PASSED] - Verify element property value successfully

2023-10-16 14:05:41 - [TEST_STEP][PASSED] - verifyElementPropertyValue(getResponse, "offers[1].groups[0].pricingPlans[0].pricingPlanData[0].visualElements[1].value", "S'abonner"): Verify element property value successfully

2023-10-16 14:05:41 - [MESSAGE][PASSED] - Verify element property value successfully

2023-10-16 14:05:41 - [TEST_STEP][PASSED] - verifyElementPropertyValue(getResponse, "offers[1].groups[0].pricingPlans[0].pricingPlanData[0].visualElements[2].key", "logo"): Verify element property value successfully

2023-10-16 14:05:41 - [MESSAGE][PASSED] - Verify element property value successfully

2023-10-16 14:05:41 - [TEST_STEP][PASSED] - verifyElementPropertyValue(getResponse, "offers[1].groups[0].pricingPlans[0].pricingPlanData[0].visualElements[2].value", "https://static.s3.shahid.mbc.net/widget-images/icons/iconCreditCard.png"): Verify element property value successfully

2023-10-16 14:05:41 - [MESSAGE][PASSED] - Verify element property value successfully

2023-10-16 14:05:41 - [TEST_STEP][PASSED] - verifyElementPropertyValue(getResponse, "offers[2].offerId", "winback-50-offer"): Verify element property value successfully

2023-10-16 14:05:41 - [MESSAGE][PASSED] - Verify element property value successfully

2023-10-16 14:05:41 - [TEST_STEP][PASSED] - verifyElementPropertyValue(getResponse, "offers[2].offerParam", "winback50"): Verify element property value successfully

2023-10-16 14:05:41 - [MESSAGE][PASSED] - Verify element property value successfully

2023-10-16 14:05:41 - [TEST_STEP][PASSED] - verifyElementPropertyValue(getResponse, "offers[2].groups[0].pricingPlans[0].featured", "true"): Verify element property value successfully

2023-10-16 14:05:41 - [MESSAGE][PASSED] - Verify element property value successfully

2023-10-16 14:05:41 - [TEST_STEP][PASSED] - verifyElementPropertyValue(getResponse, "offers[2].groups[0].pricingPlans[0].period", "monthly"): Verify element property value successfully

2023-10-16 14:05:41 - [MESSAGE][PASSED] - Verify element property value successfully

2023-10-16 14:05:41 - [TEST_STEP][PASSED] - verifyElementPropertyValue(getResponse, "offers[2].groups[0].pricingPlans[0].featured", "true"): Verify element property value successfully

2023-10-16 14:05:41 - [MESSAGE][PASSED] - Verify element property value successfully

2023-10-16 14:05:41 - [TEST_STEP][PASSED] - verifyElementPropertyValue(getResponse, "offers[2].groups[0].pricingPlans[0].price", "11.0"): Verify element property value successfully

2023-10-16 14:05:41 - [MESSAGE][PASSED] - Verify element property value successfully

2023-10-16 14:05:41 - [TEST_STEP][PASSED] - verifyElementPropertyValue(getResponse, "offers[2].groups[0].pricingPlans[0].currency", "₪"): Verify element property value successfully

2023-10-16 14:05:41 - [MESSAGE][PASSED] - Verify element property value successfully

2023-10-16 14:05:41 - [TEST_STEP][PASSED] - verifyElementPropertyValue(getResponse, "offers[2].groups[0].pricingPlans[0].order", "0"): Verify element property value successfully

2023-10-16 14:05:41 - [MESSAGE][PASSED] - Verify element property value successfully

2023-10-16 14:05:41 - [TEST_STEP][PASSED] - verifyElementPropertyValue(getResponse, "offers[2].groups[0].pricingPlans[0].packageId", "SHAHID_VIP"): Verify element property value successfully

2023-10-16 14:05:41 - [MESSAGE][PASSED] - Verify element property value successfully

2023-10-16 14:05:41 - [TEST_STEP][PASSED] - verifyElementPropertyValue(getResponse, "offers[2].groups[0].pricingPlans[0].catalogId", "VIP"): Verify element property value successfully

2023-10-16 14:05:41 - [MESSAGE][PASSED] - Verify element property value successfully

2023-10-16 14:05:41 - [TEST_STEP][PASSED] - verifyElementPropertyValue(getResponse, "offers[2].groups[0].pricingPlans[0].visualElements[0].key", "Header_1_text"): Verify element property value successfully

2023-10-16 14:05:41 - [MESSAGE][PASSED] - Verify element property value successfully

2023-10-16 14:05:41 - [TEST_STEP][PASSED] - verifyElementPropertyValue(getResponse, "offers[2].groups[0].pricingPlans[0].visualElements[0].value", "Abonnez-vous dès maintenant et profitez de vos programmes sans publicité"): Verify element property value successfully

2023-10-16 14:05:41 - [MESSAGE][PASSED] - Verify element property value successfully

2023-10-16 14:05:41 - [TEST_STEP][PASSED] - verifyElementPropertyValue(getResponse, "offers[2].groups[0].pricingPlans[0].visualElements[1].key", "display_title"): Verify element property value successfully

2023-10-16 14:05:41 - [MESSAGE][PASSED] - Verify element property value successfully

2023-10-16 14:05:41 - [TEST_STEP][PASSED] - verifyElementPropertyValue(getResponse, "offers[2].groups[0].pricingPlans[0].visualElements[1].value", "50% de réduction"): Verify element property value successfully

2023-10-16 14:05:41 - [MESSAGE][PASSED] - Verify element property value successfully

2023-10-16 14:05:41 - [TEST_STEP][PASSED] - verifyElementPropertyValue(getResponse, "offers[2].groups[0].pricingPlans[0].visualElements[3].key", "deduction_text"): Verify element property value successfully

2023-10-16 14:05:41 - [MESSAGE][PASSED] - Verify element property value successfully

2023-10-16 14:05:41 - [TEST_STEP][PASSED] - verifyElementPropertyValue(getResponse, "offers[2].groups[0].pricingPlans[0].visualElements[3].value", "facturation mensuelle"): Verify element property value successfully

2023-10-16 14:05:41 - [MESSAGE][PASSED] - Verify element property value successfully

2023-10-16 14:05:41 - [TEST_STEP][PASSED] - verifyElementPropertyValue(getResponse, "offers[2].groups[0].pricingPlans[0].visualElements[6].key", "show_payment_logo"): Verify element property value successfully

2023-10-16 14:05:41 - [MESSAGE][PASSED] - Verify element property value successfully

2023-10-16 14:05:41 - [TEST_STEP][PASSED] - verifyElementPropertyValue(getResponse, "offers[2].groups[0].pricingPlans[0].visualElements[6].value", "true"): Verify element property value successfully

2023-10-16 14:05:41 - [MESSAGE][PASSED] - Verify element property value successfully

2023-10-16 14:05:41 - [TEST_STEP][PASSED] - verifyElementPropertyValue(getResponse, "offers[2].groups[0].pricingPlans[0].visualElements[8].key", "price"): Verify element property value successfully

2023-10-16 14:05:41 - [MESSAGE][PASSED] - Verify element property value successfully

2023-10-16 14:05:41 - [TEST_STEP][PASSED] - verifyElementPropertyValue(getResponse, "offers[2].groups[0].pricingPlans[0].visualElements[8].value", "11"): Verify element property value successfully

2023-10-16 14:05:41 - [MESSAGE][PASSED] - Verify element property value successfully

2023-10-16 14:05:41 - [TEST_STEP][PASSED] - verifyElementPropertyValue(getResponse, "offers[2].groups[0].pricingPlans[0].visualElements[9].key", "currency"): Verify element property value successfully

2023-10-16 14:05:41 - [MESSAGE][PASSED] - Verify element property value successfully

2023-10-16 14:05:41 - [TEST_STEP][PASSED] - verifyElementPropertyValue(getResponse, "offers[2].groups[0].pricingPlans[0].visualElements[9].value", "₪"): Verify element property value successfully

2023-10-16 14:05:41 - [MESSAGE][PASSED] - Verify element property value successfully

2023-10-16 14:05:41 - [TEST_STEP][PASSED] - verifyElementPropertyValue(getResponse, "offers[2].groups[0].pricingPlans[0].visualElements[10].key", "duration"): Verify element property value successfully

2023-10-16 14:05:41 - [MESSAGE][PASSED] - Verify element property value successfully

2023-10-16 14:05:41 - [TEST_STEP][PASSED] - verifyElementPropertyValue(getResponse, "offers[2].groups[0].pricingPlans[0].visualElements[10].value", "Mensuel"): Verify element property value successfully

2023-10-16 14:05:41 - [MESSAGE][PASSED] - Verify element property value successfully

2023-10-16 14:05:41 - [TEST_STEP][PASSED] - verifyElementPropertyValue(getResponse, "offers[2].groups[0].pricingPlans[0].visualElements[11].key", "featured_tag_text"): Verify element property value successfully

2023-10-16 14:05:41 - [MESSAGE][PASSED] - Verify element property value successfully

2023-10-16 14:05:41 - [TEST_STEP][PASSED] - verifyElementPropertyValue(getResponse, "offers[2].groups[0].pricingPlans[0].visualElements[11].value", "Offre limitée"): Verify element property value successfully

2023-10-16 14:05:41 - [MESSAGE][PASSED] - Verify element property value successfully

2023-10-16 14:05:41 - [TEST_STEP][PASSED] - verifyElementPropertyValue(getResponse, "offers[2].groups[0].pricingPlans[0].visualElements[13].key", "tag_text"): Verify element property value successfully

2023-10-16 14:05:41 - [MESSAGE][PASSED] - Verify element property value successfully

2023-10-16 14:05:41 - [TEST_STEP][PASSED] - verifyElementPropertyValue(getResponse, "offers[2].groups[0].pricingPlans[0].visualElements[13].value", "Économisez 50% "): Verify element property value successfully

2023-10-16 14:05:41 - [MESSAGE][PASSED] - Verify element property value successfully

2023-10-16 14:05:41 - [TEST_STEP][PASSED] - verifyElementPropertyValue(getResponse, "offers[2].groups[0].pricingPlans[0].visualElements[12].key", "show_tag"): Verify element property value successfully

2023-10-16 14:05:41 - [MESSAGE][PASSED] - Verify element property value successfully

2023-10-16 14:05:41 - [TEST_STEP][PASSED] - verifyElementPropertyValue(getResponse, "offers[2].groups[0].pricingPlans[0].visualElements[12].value", "true"): Verify element property value successfully

2023-10-16 14:05:41 - [MESSAGE][PASSED] - Verify element property value successfully

2023-10-16 14:05:41 - [TEST_STEP][PASSED] - verifyElementPropertyValue(getResponse, "offers[2].groups[0].pricingPlans[0].pricingPlanData[0].productId", "ISR_B2C_SHAHID_VIP_1M"): Verify element property value successfully

2023-10-16 14:05:41 - [MESSAGE][PASSED] - Verify element property value successfully

2023-10-16 14:05:41 - [TEST_STEP][PASSED] - verifyElementPropertyValue(getResponse, "offers[2].groups[0].pricingPlans[0].pricingPlanData[0].paymentMethod", "CREDIT_CARD"): Verify element property value successfully

2023-10-16 14:05:41 - [MESSAGE][PASSED] - Verify element property value successfully

2023-10-16 14:05:41 - [TEST_STEP][PASSED] - verifyElementPropertyValue(getResponse, "offers[2].groups[0].pricingPlans[0].pricingPlanData[0].freeTrialEnabled", "false"): Verify element property value successfully

2023-10-16 14:05:41 - [MESSAGE][PASSED] - Verify element property value successfully

2023-10-16 14:05:41 - [TEST_STEP][PASSED] - verifyElementPropertyValue(getResponse, "offers[2].groups[0].pricingPlans[0].pricingPlanData[0].showIn[0]", "VERTICAL_MODE"): Verify element property value successfully

2023-10-16 14:05:41 - [MESSAGE][PASSED] - Verify element property value successfully

2023-10-16 14:05:41 - [TEST_STEP][PASSED] - verifyElementPropertyValue(getResponse, "offers[2].groups[0].pricingPlans[0].pricingPlanData[0].showIn[1]", "HORIZONTAL_MODE"): Verify element property value successfully

2023-10-16 14:05:41 - [MESSAGE][PASSED] - Verify element property value successfully

2023-10-16 14:05:41 - [TEST_STEP][PASSED] - verifyElementPropertyValue(getResponse, "offers[2].groups[0].pricingPlans[0].pricingPlanData[0].priceLabel", "11"): Verify element property value successfully

2023-10-16 14:05:41 - [MESSAGE][PASSED] - Verify element property value successfully

2023-10-16 14:05:41 - [TEST_STEP][PASSED] - verifyElementPropertyValue(getResponse, "offers[2].groups[0].pricingPlans[0].pricingPlanData[0].currencyLabel", "₪"): Verify element property value successfully

2023-10-16 14:05:41 - [MESSAGE][PASSED] - Verify element property value successfully

2023-10-16 14:05:41 - [TEST_STEP][PASSED] - verifyElementPropertyValue(getResponse, "offers[2].groups[0].pricingPlans[0].pricingPlanData[0].dealId", "RE_50P_ISR"): Verify element property value successfully

2023-10-16 14:05:41 - [MESSAGE][PASSED] - Verify element property value successfully

2023-10-16 14:05:41 - [TEST_STEP][PASSED] - verifyElementPropertyValue(getResponse, "offers[2].groups[0].pricingPlans[0].pricingPlanData[0].allowedForAcquisition", "true"): Verify element property value successfully

2023-10-16 14:05:41 - [MESSAGE][PASSED] - Verify element property value successfully

2023-10-16 14:05:41 - [TEST_STEP][PASSED] - verifyElementPropertyValue(getResponse, "offers[2].groups[0].pricingPlans[0].pricingPlanData[0].visualElements[0].key", "title"): Verify element property value successfully

2023-10-16 14:05:41 - [MESSAGE][PASSED] - Verify element property value successfully

2023-10-16 14:05:41 - [TEST_STEP][PASSED] - verifyElementPropertyValue(getResponse, "offers[2].groups[0].pricingPlans[0].pricingPlanData[0].visualElements[0].value", "Carte de crédit/débit"): Verify element property value successfully

2023-10-16 14:05:41 - [MESSAGE][PASSED] - Verify element property value successfully

2023-10-16 14:05:41 - [TEST_STEP][PASSED] - verifyElementPropertyValue(getResponse, "offers[2].groups[0].pricingPlans[0].pricingPlanData[0].visualElements[1].key", "CTA_text"): Verify element property value successfully

2023-10-16 14:05:41 - [MESSAGE][PASSED] - Verify element property value successfully

2023-10-16 14:05:41 - [TEST_STEP][PASSED] - verifyElementPropertyValue(getResponse, "offers[2].groups[0].pricingPlans[0].pricingPlanData[0].visualElements[1].value", "S'abonner"): Verify element property value successfully

2023-10-16 14:05:41 - [MESSAGE][PASSED] - Verify element property value successfully

2023-10-16 14:05:41 - [TEST_STEP][PASSED] - verifyElementPropertyValue(getResponse, "offers[2].groups[0].pricingPlans[0].pricingPlanData[0].visualElements[2].key", "logo"): Verify element property value successfully

2023-10-16 14:05:41 - [MESSAGE][PASSED] - Verify element property value successfully

2023-10-16 14:05:41 - [TEST_STEP][PASSED] - verifyElementPropertyValue(getResponse, "offers[2].groups[0].pricingPlans[0].pricingPlanData[0].visualElements[2].value", "https://static.s3.shahid.mbc.net/widget-images/icons/iconCreditCard.png"): Verify element property value successfully

2023-10-16 14:05:41 - [MESSAGE][PASSED] - Verify element property value successfully

2023-10-16 14:05:41 - [TEST_STEP][PASSED] - verifyElementPropertyValue(getResponse, "offers[8].offerId", "byg-30-offer"): Verify element property value successfully

2023-10-16 14:05:41 - [MESSAGE][PASSED] - Verify element property value successfully

2023-10-16 14:05:41 - [TEST_STEP][PASSED] - verifyElementPropertyValue(getResponse, "offers[8].offerParam", "bygoffer30"): Verify element property value successfully

2023-10-16 14:05:41 - [MESSAGE][PASSED] - Verify element property value successfully

2023-10-16 14:05:41 - [TEST_STEP][PASSED] - verifyElementPropertyValue(getResponse, "offers[8].groups[0].pricingPlans[0].featured", "true"): Verify element property value successfully

2023-10-16 14:05:41 - [MESSAGE][PASSED] - Verify element property value successfully

2023-10-16 14:05:41 - [TEST_STEP][PASSED] - verifyElementPropertyValue(getResponse, "offers[8].groups[0].pricingPlans[0].period", "monthly"): Verify element property value successfully

2023-10-16 14:05:41 - [MESSAGE][PASSED] - Verify element property value successfully

2023-10-16 14:05:41 - [TEST_STEP][PASSED] - verifyElementPropertyValue(getResponse, "offers[8].groups[0].pricingPlans[0].featured", "true"): Verify element property value successfully

2023-10-16 14:05:41 - [MESSAGE][PASSED] - Verify element property value successfully

2023-10-16 14:05:41 - [TEST_STEP][PASSED] - verifyElementPropertyValue(getResponse, "offers[8].groups[0].pricingPlans[0].price", "15.5"): Verify element property value successfully

2023-10-16 14:05:41 - [MESSAGE][PASSED] - Verify element property value successfully

2023-10-16 14:05:41 - [TEST_STEP][PASSED] - verifyElementPropertyValue(getResponse, "offers[8].groups[0].pricingPlans[0].currency", "₪"): Verify element property value successfully

2023-10-16 14:05:41 - [MESSAGE][PASSED] - Verify element property value successfully

2023-10-16 14:05:41 - [TEST_STEP][PASSED] - verifyElementPropertyValue(getResponse, "offers[8].groups[0].pricingPlans[0].order", "0"): Verify element property value successfully

2023-10-16 14:05:41 - [MESSAGE][PASSED] - Verify element property value successfully

2023-10-16 14:05:41 - [TEST_STEP][PASSED] - verifyElementPropertyValue(getResponse, "offers[8].groups[0].pricingPlans[0].packageId", "SHAHID_VIP"): Verify element property value successfully

2023-10-16 14:05:41 - [MESSAGE][PASSED] - Verify element property value successfully

2023-10-16 14:05:41 - [TEST_STEP][PASSED] - verifyElementPropertyValue(getResponse, "offers[8].groups[0].pricingPlans[0].catalogId", "VIP"): Verify element property value successfully

2023-10-16 14:05:41 - [MESSAGE][PASSED] - Verify element property value successfully

2023-10-16 14:05:41 - [TEST_STEP][PASSED] - verifyElementPropertyValue(getResponse, "offers[8].groups[0].pricingPlans[0].visualElements[0].key", "Header_1_text"): Verify element property value successfully

2023-10-16 14:05:41 - [MESSAGE][PASSED] - Verify element property value successfully

2023-10-16 14:05:41 - [TEST_STEP][PASSED] - verifyElementPropertyValue(getResponse, "offers[8].groups[0].pricingPlans[0].visualElements[0].value", "Abonnez-vous dès maintenant et profitez de vos programmes sans publicité"): Verify element property value successfully

2023-10-16 14:05:41 - [MESSAGE][PASSED] - Verify element property value successfully

2023-10-16 14:05:41 - [TEST_STEP][PASSED] - verifyElementPropertyValue(getResponse, "offers[8].groups[0].pricingPlans[0].visualElements[1].key", "display_title"): Verify element property value successfully

2023-10-16 14:05:41 - [MESSAGE][PASSED] - Verify element property value successfully

2023-10-16 14:05:41 - [TEST_STEP][PASSED] - verifyElementPropertyValue(getResponse, "offers[8].groups[0].pricingPlans[0].visualElements[1].value", "30% de réduction"): Verify element property value successfully

2023-10-16 14:05:41 - [MESSAGE][PASSED] - Verify element property value successfully

2023-10-16 14:05:41 - [TEST_STEP][PASSED] - verifyElementPropertyValue(getResponse, "offers[8].groups[0].pricingPlans[0].visualElements[3].key", "deduction_text"): Verify element property value successfully

2023-10-16 14:05:45 - [MESSAGE][PASSED] - Verify element property value successfully

2023-10-16 14:05:45 - [TEST_STEP][PASSED] - verifyElementPropertyValue(getResponse, "offers[8].groups[0].pricingPlans[0].visualElements[3].value", "facturation mensuelle"): Verify element property value successfully

2023-10-16 14:05:45 - [MESSAGE][PASSED] - Verify element property value successfully

2023-10-16 14:05:45 - [TEST_STEP][PASSED] - verifyElementPropertyValue(getResponse, "offers[8].groups[0].pricingPlans[0].visualElements[6].key", "show_payment_logo"): Verify element property value successfully

2023-10-16 14:05:45 - [MESSAGE][PASSED] - Verify element property value successfully

2023-10-16 14:05:45 - [TEST_STEP][PASSED] - verifyElementPropertyValue(getResponse, "offers[8].groups[0].pricingPlans[0].visualElements[6].value", "true"): Verify element property value successfully

2023-10-16 14:05:45 - [MESSAGE][PASSED] - Verify element property value successfully

2023-10-16 14:05:45 - [TEST_STEP][PASSED] - verifyElementPropertyValue(getResponse, "offers[8].groups[0].pricingPlans[0].visualElements[8].key", "price"): Verify element property value successfully

2023-10-16 14:05:45 - [MESSAGE][PASSED] - Verify element property value successfully

2023-10-16 14:05:50 - [TEST_STEP][PASSED] - verifyElementPropertyValue(getResponse, "offers[8].groups[0].pricingPlans[0].visualElements[8].value", "15.5"): Verify element property value successfully

2023-10-16 14:05:50 - [MESSAGE][PASSED] - Verify element property value successfully

2023-10-16 14:05:50 - [TEST_STEP][PASSED] - verifyElementPropertyValue(getResponse, "offers[8].groups[0].pricingPlans[0].visualElements[9].key", "currency"): Verify element property value successfully

2023-10-16 14:05:50 - [MESSAGE][PASSED] - Verify element property value successfully

2023-10-16 14:05:50 - [TEST_STEP][PASSED] - verifyElementPropertyValue(getResponse, "offers[8].groups[0].pricingPlans[0].visualElements[9].value", "₪"): Verify element property value successfully

2023-10-16 14:05:50 - [MESSAGE][PASSED] - Verify element property value successfully

2023-10-16 14:05:50 - [TEST_STEP][PASSED] - verifyElementPropertyValue(getResponse, "offers[8].groups[0].pricingPlans[0].visualElements[10].key", "duration"): Verify element property value successfully

2023-10-16 14:05:50 - [MESSAGE][PASSED] - Verify element property value successfully

2023-10-16 14:05:50 - [TEST_STEP][PASSED] - verifyElementPropertyValue(getResponse, "offers[8].groups[0].pricingPlans[0].visualElements[10].value", "Mensuel"): Verify element property value successfully

2023-10-16 14:05:50 - [MESSAGE][PASSED] - Verify element property value successfully

2023-10-16 14:05:50 - [TEST_STEP][PASSED] - verifyElementPropertyValue(getResponse, "offers[8].groups[0].pricingPlans[0].visualElements[11].key", "featured_tag_text"): Verify element property value successfully

2023-10-16 14:05:50 - [MESSAGE][PASSED] - Verify element property value successfully

2023-10-16 14:05:50 - [TEST_STEP][PASSED] - verifyElementPropertyValue(getResponse, "offers[8].groups[0].pricingPlans[0].visualElements[11].value", "Offre limitée"): Verify element property value successfully

2023-10-16 14:05:50 - [MESSAGE][PASSED] - Verify element property value successfully

2023-10-16 14:05:50 - [TEST_STEP][PASSED] - verifyElementPropertyValue(getResponse, "offers[8].groups[0].pricingPlans[0].visualElements[13].key", "tag_text"): Verify element property value successfully

2023-10-16 14:05:50 - [MESSAGE][PASSED] - Verify element property value successfully

2023-10-16 14:05:50 - [TEST_STEP][PASSED] - verifyElementPropertyValue(getResponse, "offers[8].groups[0].pricingPlans[0].visualElements[13].value", "Économisez 30% "): Verify element property value successfully

2023-10-16 14:05:50 - [MESSAGE][PASSED] - Verify element property value successfully

2023-10-16 14:05:50 - [TEST_STEP][PASSED] - verifyElementPropertyValue(getResponse, "offers[8].groups[0].pricingPlans[0].visualElements[12].key", "show_tag"): Verify element property value successfully

2023-10-16 14:05:50 - [MESSAGE][PASSED] - Verify element property value successfully

2023-10-16 14:05:50 - [TEST_STEP][PASSED] - verifyElementPropertyValue(getResponse, "offers[8].groups[0].pricingPlans[0].visualElements[12].value", "true"): Verify element property value successfully

2023-10-16 14:05:50 - [MESSAGE][PASSED] - Verify element property value successfully

2023-10-16 14:05:50 - [TEST_STEP][PASSED] - verifyElementPropertyValue(getResponse, "offers[8].groups[0].pricingPlans[0].pricingPlanData[0].productId", "ISR_B2C_SHAHID_VIP_1M"): Verify element property value successfully

2023-10-16 14:05:50 - [MESSAGE][PASSED] - Verify element property value successfully

2023-10-16 14:05:50 - [TEST_STEP][PASSED] - verifyElementPropertyValue(getResponse, "offers[8].groups[0].pricingPlans[0].pricingPlanData[0].paymentMethod", "CREDIT_CARD"): Verify element property value successfully

2023-10-16 14:05:50 - [MESSAGE][PASSED] - Verify element property value successfully

2023-10-16 14:05:50 - [TEST_STEP][PASSED] - verifyElementPropertyValue(getResponse, "offers[8].groups[0].pricingPlans[0].pricingPlanData[0].freeTrialEnabled", "false"): Verify element property value successfully

2023-10-16 14:05:50 - [MESSAGE][PASSED] - Verify element property value successfully

2023-10-16 14:05:50 - [TEST_STEP][PASSED] - verifyElementPropertyValue(getResponse, "offers[8].groups[0].pricingPlans[0].pricingPlanData[0].showIn[0]", "VERTICAL_MODE"): Verify element property value successfully

2023-10-16 14:05:50 - [MESSAGE][PASSED] - Verify element property value successfully

2023-10-16 14:05:50 - [TEST_STEP][PASSED] - verifyElementPropertyValue(getResponse, "offers[8].groups[0].pricingPlans[0].pricingPlanData[0].showIn[1]", "HORIZONTAL_MODE"): Verify element property value successfully

2023-10-16 14:05:50 - [MESSAGE][PASSED] - Verify element property value successfully

2023-10-16 14:05:50 - [TEST_STEP][PASSED] - verifyElementPropertyValue(getResponse, "offers[8].groups[0].pricingPlans[0].pricingPlanData[0].priceLabel", "15.5"): Verify element property value successfully

2023-10-16 14:05:50 - [MESSAGE][PASSED] - Verify element property value successfully

2023-10-16 14:05:50 - [TEST_STEP][PASSED] - verifyElementPropertyValue(getResponse, "offers[8].groups[0].pricingPlans[0].pricingPlanData[0].currencyLabel", "₪"): Verify element property value successfully

2023-10-16 14:05:50 - [MESSAGE][PASSED] - Verify element property value successfully

2023-10-16 14:05:50 - [TEST_STEP][PASSED] - verifyElementPropertyValue(getResponse, "offers[8].groups[0].pricingPlans[0].pricingPlanData[0].dealId", "BYG_30P_ISR"): Verify element property value successfully

2023-10-16 14:05:50 - [MESSAGE][PASSED] - Verify element property value successfully

2023-10-16 14:05:50 - [TEST_STEP][PASSED] - verifyElementPropertyValue(getResponse, "offers[8].groups[0].pricingPlans[0].pricingPlanData[0].allowedForAcquisition", "true"): Verify element property value successfully

2023-10-16 14:05:50 - [MESSAGE][PASSED] - Verify element property value successfully

2023-10-16 14:05:50 - [TEST_STEP][PASSED] - verifyElementPropertyValue(getResponse, "offers[8].groups[0].pricingPlans[0].pricingPlanData[0].visualElements[0].key", "title"): Verify element property value successfully

2023-10-16 14:05:50 - [MESSAGE][PASSED] - Verify element property value successfully

2023-10-16 14:05:50 - [TEST_STEP][PASSED] - verifyElementPropertyValue(getResponse, "offers[8].groups[0].pricingPlans[0].pricingPlanData[0].visualElements[0].value", "Carte de crédit/débit"): Verify element property value successfully

2023-10-16 14:05:50 - [MESSAGE][PASSED] - Verify element property value successfully

2023-10-16 14:05:50 - [TEST_STEP][PASSED] - verifyElementPropertyValue(getResponse, "offers[8].groups[0].pricingPlans[0].pricingPlanData[0].visualElements[1].key", "CTA_text"): Verify element property value successfully

2023-10-16 14:05:50 - [MESSAGE][PASSED] - Verify element property value successfully

2023-10-16 14:05:50 - [TEST_STEP][PASSED] - verifyElementPropertyValue(getResponse, "offers[8].groups[0].pricingPlans[0].pricingPlanData[0].visualElements[1].value", "S’abonner"): Verify element property value successfully

2023-10-16 14:05:50 - [MESSAGE][PASSED] - Verify element property value successfully

2023-10-16 14:05:50 - [TEST_STEP][PASSED] - verifyElementPropertyValue(getResponse, "offers[8].groups[0].pricingPlans[0].pricingPlanData[0].visualElements[2].key", "logo"): Verify element property value successfully

2023-10-16 14:05:50 - [MESSAGE][PASSED] - Verify element property value successfully

2023-10-16 14:05:50 - [TEST_STEP][PASSED] - verifyElementPropertyValue(getResponse, "offers[8].groups[0].pricingPlans[0].pricingPlanData[0].visualElements[2].value", "https://static.s3.shahid.mbc.net/widget-images/icons/iconCreditCard.png"): Verify element property value successfully

2023-10-16 14:05:50 - [MESSAGE][PASSED] - Verify element property value successfully

2023-10-16 14:05:50 - [TEST_STEP][PASSED] - verifyElementPropertyValue(getResponse, "offers[9].offerId", "byg-40-offer"): Verify element property value successfully

2023-10-16 14:05:50 - [MESSAGE][PASSED] - Verify element property value successfully

2023-10-16 14:05:50 - [TEST_STEP][PASSED] - verifyElementPropertyValue(getResponse, "offers[9].offerParam", "bygoffer40"): Verify element property value successfully

2023-10-16 14:05:50 - [MESSAGE][PASSED] - Verify element property value successfully

2023-10-16 14:05:50 - [TEST_STEP][PASSED] - verifyElementPropertyValue(getResponse, "offers[9].groups[0].pricingPlans[0].featured", "true"): Verify element property value successfully

2023-10-16 14:05:50 - [MESSAGE][PASSED] - Verify element property value successfully

2023-10-16 14:05:50 - [TEST_STEP][PASSED] - verifyElementPropertyValue(getResponse, "offers[9].groups[0].pricingPlans[0].period", "monthly"): Verify element property value successfully

2023-10-16 14:05:50 - [MESSAGE][PASSED] - Verify element property value successfully

2023-10-16 14:05:50 - [TEST_STEP][PASSED] - verifyElementPropertyValue(getResponse, "offers[9].groups[0].pricingPlans[0].featured", "true"): Verify element property value successfully

2023-10-16 14:05:50 - [MESSAGE][PASSED] - Verify element property value successfully

2023-10-16 14:05:50 - [TEST_STEP][PASSED] - verifyElementPropertyValue(getResponse, "offers[9].groups[0].pricingPlans[0].price", "13.5"): Verify element property value successfully

2023-10-16 14:05:50 - [MESSAGE][PASSED] - Verify element property value successfully

2023-10-16 14:05:50 - [TEST_STEP][PASSED] - verifyElementPropertyValue(getResponse, "offers[9].groups[0].pricingPlans[0].currency", "₪"): Verify element property value successfully

2023-10-16 14:05:50 - [MESSAGE][PASSED] - Verify element property value successfully

2023-10-16 14:05:50 - [TEST_STEP][PASSED] - verifyElementPropertyValue(getResponse, "offers[9].groups[0].pricingPlans[0].order", "0"): Verify element property value successfully

2023-10-16 14:05:50 - [MESSAGE][PASSED] - Verify element property value successfully

2023-10-16 14:05:50 - [TEST_STEP][PASSED] - verifyElementPropertyValue(getResponse, "offers[9].groups[0].pricingPlans[0].packageId", "SHAHID_VIP"): Verify element property value successfully

2023-10-16 14:05:50 - [MESSAGE][PASSED] - Verify element property value successfully

2023-10-16 14:05:50 - [TEST_STEP][PASSED] - verifyElementPropertyValue(getResponse, "offers[9].groups[0].pricingPlans[0].catalogId", "VIP"): Verify element property value successfully

2023-10-16 14:05:50 - [MESSAGE][PASSED] - Verify element property value successfully

2023-10-16 14:05:50 - [TEST_STEP][PASSED] - verifyElementPropertyValue(getResponse, "offers[9].groups[0].pricingPlans[0].visualElements[0].key", "Header_1_text"): Verify element property value successfully

2023-10-16 14:05:50 - [MESSAGE][PASSED] - Verify element property value successfully

2023-10-16 14:05:50 - [TEST_STEP][PASSED] - verifyElementPropertyValue(getResponse, "offers[9].groups[0].pricingPlans[0].visualElements[0].value", "Abonnez-vous dès maintenant et profitez de vos programmes sans publicité"): Verify element property value successfully

2023-10-16 14:05:50 - [MESSAGE][PASSED] - Verify element property value successfully

2023-10-16 14:05:50 - [TEST_STEP][PASSED] - verifyElementPropertyValue(getResponse, "offers[9].groups[0].pricingPlans[0].visualElements[1].key", "display_title"): Verify element property value successfully

2023-10-16 14:05:50 - [MESSAGE][PASSED] - Verify element property value successfully

2023-10-16 14:05:50 - [TEST_STEP][PASSED] - verifyElementPropertyValue(getResponse, "offers[9].groups[0].pricingPlans[0].visualElements[1].value", "40% de réduction"): Verify element property value successfully

2023-10-16 14:05:50 - [MESSAGE][PASSED] - Verify element property value successfully

2023-10-16 14:05:50 - [TEST_STEP][PASSED] - verifyElementPropertyValue(getResponse, "offers[9].groups[0].pricingPlans[0].visualElements[3].key", "deduction_text"): Verify element property value successfully

2023-10-16 14:05:50 - [MESSAGE][PASSED] - Verify element property value successfully

2023-10-16 14:05:50 - [TEST_STEP][PASSED] - verifyElementPropertyValue(getResponse, "offers[9].groups[0].pricingPlans[0].visualElements[3].value", "facturation mensuelle"): Verify element property value successfully

2023-10-16 14:05:50 - [MESSAGE][PASSED] - Verify element property value successfully

2023-10-16 14:05:50 - [TEST_STEP][PASSED] - verifyElementPropertyValue(getResponse, "offers[9].groups[0].pricingPlans[0].visualElements[6].key", "show_payment_logo"): Verify element property value successfully

2023-10-16 14:05:50 - [MESSAGE][PASSED] - Verify element property value successfully

2023-10-16 14:05:50 - [TEST_STEP][PASSED] - verifyElementPropertyValue(getResponse, "offers[9].groups[0].pricingPlans[0].visualElements[6].value", "true"): Verify element property value successfully

2023-10-16 14:05:50 - [MESSAGE][PASSED] - Verify element property value successfully

2023-10-16 14:05:50 - [TEST_STEP][PASSED] - verifyElementPropertyValue(getResponse, "offers[9].groups[0].pricingPlans[0].visualElements[8].key", "price"): Verify element property value successfully

2023-10-16 14:05:50 - [MESSAGE][PASSED] - Verify element property value successfully

2023-10-16 14:05:50 - [TEST_STEP][PASSED] - verifyElementPropertyValue(getResponse, "offers[9].groups[0].pricingPlans[0].visualElements[8].value", "13.5"): Verify element property value successfully

2023-10-16 14:05:50 - [MESSAGE][PASSED] - Verify element property value successfully

2023-10-16 14:05:50 - [TEST_STEP][PASSED] - verifyElementPropertyValue(getResponse, "offers[9].groups[0].pricingPlans[0].visualElements[9].key", "currency"): Verify element property value successfully

2023-10-16 14:05:50 - [MESSAGE][PASSED] - Verify element property value successfully

2023-10-16 14:05:50 - [TEST_STEP][PASSED] - verifyElementPropertyValue(getResponse, "offers[9].groups[0].pricingPlans[0].visualElements[9].value", "₪"): Verify element property value successfully

2023-10-16 14:05:50 - [MESSAGE][PASSED] - Verify element property value successfully

2023-10-16 14:05:50 - [TEST_STEP][PASSED] - verifyElementPropertyValue(getResponse, "offers[9].groups[0].pricingPlans[0].visualElements[10].key", "duration"): Verify element property value successfully

2023-10-16 14:05:50 - [MESSAGE][PASSED] - Verify element property value successfully

2023-10-16 14:05:50 - [TEST_STEP][PASSED] - verifyElementPropertyValue(getResponse, "offers[9].groups[0].pricingPlans[0].visualElements[10].value", "Mensuel"): Verify element property value successfully

2023-10-16 14:05:50 - [MESSAGE][PASSED] - Verify element property value successfully

2023-10-16 14:05:50 - [TEST_STEP][PASSED] - verifyElementPropertyValue(getResponse, "offers[9].groups[0].pricingPlans[0].visualElements[11].key", "featured_tag_text"): Verify element property value successfully

2023-10-16 14:05:50 - [MESSAGE][PASSED] - Verify element property value successfully

2023-10-16 14:05:50 - [TEST_STEP][PASSED] - verifyElementPropertyValue(getResponse, "offers[9].groups[0].pricingPlans[0].visualElements[11].value", "Offre limitée"): Verify element property value successfully

2023-10-16 14:05:50 - [MESSAGE][PASSED] - Verify element property value successfully

2023-10-16 14:05:50 - [TEST_STEP][PASSED] - verifyElementPropertyValue(getResponse, "offers[9].groups[0].pricingPlans[0].visualElements[13].key", "tag_text"): Verify element property value successfully

2023-10-16 14:05:50 - [MESSAGE][PASSED] - Verify element property value successfully

2023-10-16 14:05:50 - [TEST_STEP][PASSED] - verifyElementPropertyValue(getResponse, "offers[9].groups[0].pricingPlans[0].visualElements[13].value", "Économisez 40% "): Verify element property value successfully

2023-10-16 14:05:50 - [MESSAGE][PASSED] - Verify element property value successfully

2023-10-16 14:05:50 - [TEST_STEP][PASSED] - verifyElementPropertyValue(getResponse, "offers[9].groups[0].pricingPlans[0].visualElements[12].key", "show_tag"): Verify element property value successfully

2023-10-16 14:05:50 - [MESSAGE][PASSED] - Verify element property value successfully

2023-10-16 14:05:50 - [TEST_STEP][PASSED] - verifyElementPropertyValue(getResponse, "offers[9].groups[0].pricingPlans[0].visualElements[12].value", "true"): Verify element property value successfully

2023-10-16 14:05:50 - [MESSAGE][PASSED] - Verify element property value successfully

2023-10-16 14:05:50 - [TEST_STEP][PASSED] - verifyElementPropertyValue(getResponse, "offers[9].groups[0].pricingPlans[0].pricingPlanData[0].productId", "ISR_B2C_SHAHID_VIP_1M"): Verify element property value successfully

2023-10-16 14:05:50 - [MESSAGE][PASSED] - Verify element property value successfully

2023-10-16 14:05:50 - [TEST_STEP][PASSED] - verifyElementPropertyValue(getResponse, "offers[9].groups[0].pricingPlans[0].pricingPlanData[0].paymentMethod", "CREDIT_CARD"): Verify element property value successfully

2023-10-16 14:05:50 - [MESSAGE][PASSED] - Verify element property value successfully

2023-10-16 14:05:50 - [TEST_STEP][PASSED] - verifyElementPropertyValue(getResponse, "offers[9].groups[0].pricingPlans[0].pricingPlanData[0].freeTrialEnabled", "false"): Verify element property value successfully

2023-10-16 14:05:50 - [MESSAGE][PASSED] - Verify element property value successfully

2023-10-16 14:05:50 - [TEST_STEP][PASSED] - verifyElementPropertyValue(getResponse, "offers[9].groups[0].pricingPlans[0].pricingPlanData[0].showIn[0]", "VERTICAL_MODE"): Verify element property value successfully

2023-10-16 14:05:51 - [MESSAGE][PASSED] - Verify element property value successfully

2023-10-16 14:05:51 - [TEST_STEP][PASSED] - verifyElementPropertyValue(getResponse, "offers[9].groups[0].pricingPlans[0].pricingPlanData[0].showIn[1]", "HORIZONTAL_MODE"): Verify element property value successfully

2023-10-16 14:05:51 - [MESSAGE][PASSED] - Verify element property value successfully

2023-10-16 14:05:51 - [TEST_STEP][PASSED] - verifyElementPropertyValue(getResponse, "offers[9].groups[0].pricingPlans[0].pricingPlanData[0].priceLabel", "13.5"): Verify element property value successfully

2023-10-16 14:05:51 - [MESSAGE][PASSED] - Verify element property value successfully

2023-10-16 14:05:51 - [TEST_STEP][PASSED] - verifyElementPropertyValue(getResponse, "offers[9].groups[0].pricingPlans[0].pricingPlanData[0].currencyLabel", "₪"): Verify element property value successfully

2023-10-16 14:05:51 - [MESSAGE][PASSED] - Verify element property value successfully

2023-10-16 14:05:51 - [TEST_STEP][PASSED] - verifyElementPropertyValue(getResponse, "offers[9].groups[0].pricingPlans[0].pricingPlanData[0].dealId", "BYG_40P_ISR"): Verify element property value successfully

2023-10-16 14:05:51 - [MESSAGE][PASSED] - Verify element property value successfully

2023-10-16 14:05:51 - [TEST_STEP][PASSED] - verifyElementPropertyValue(getResponse, "offers[9].groups[0].pricingPlans[0].pricingPlanData[0].allowedForAcquisition", "true"): Verify element property value successfully

2023-10-16 14:05:51 - [MESSAGE][PASSED] - Verify element property value successfully

2023-10-16 14:05:51 - [TEST_STEP][PASSED] - verifyElementPropertyValue(getResponse, "offers[9].groups[0].pricingPlans[0].pricingPlanData[0].visualElements[0].key", "title"): Verify element property value successfully

2023-10-16 14:05:51 - [MESSAGE][PASSED] - Verify element property value successfully

2023-10-16 14:05:51 - [TEST_STEP][PASSED] - verifyElementPropertyValue(getResponse, "offers[9].groups[0].pricingPlans[0].pricingPlanData[0].visualElements[0].value", "Carte de crédit/débit"): Verify element property value successfully

2023-10-16 14:05:51 - [MESSAGE][PASSED] - Verify element property value successfully

2023-10-16 14:05:51 - [TEST_STEP][PASSED] - verifyElementPropertyValue(getResponse, "offers[9].groups[0].pricingPlans[0].pricingPlanData[0].visualElements[1].key", "CTA_text"): Verify element property value successfully

2023-10-16 14:05:51 - [MESSAGE][PASSED] - Verify element property value successfully

2023-10-16 14:05:51 - [TEST_STEP][PASSED] - verifyElementPropertyValue(getResponse, "offers[9].groups[0].pricingPlans[0].pricingPlanData[0].visualElements[1].value", "S’abonner"): Verify element property value successfully

2023-10-16 14:05:51 - [MESSAGE][PASSED] - Verify element property value successfully

2023-10-16 14:05:51 - [TEST_STEP][PASSED] - verifyElementPropertyValue(getResponse, "offers[9].groups[0].pricingPlans[0].pricingPlanData[0].visualElements[2].key", "logo"): Verify element property value successfully

2023-10-16 14:05:51 - [MESSAGE][PASSED] - Verify element property value successfully

2023-10-16 14:05:51 - [TEST_STEP][PASSED] - verifyElementPropertyValue(getResponse, "offers[9].groups[0].pricingPlans[0].pricingPlanData[0].visualElements[2].value", "https://static.s3.shahid.mbc.net/widget-images/icons/iconCreditCard.png"): Verify element property value successfully

2023-10-16 14:05:51 - [MESSAGE][PASSED] - Verify element property value successfully

2023-10-16 14:05:51 - [TEST_STEP][PASSED] - verifyElementPropertyValue(getResponse, "offers[10].offerId", "byg-50-offer"): Verify element property value successfully

2023-10-16 14:05:51 - [MESSAGE][PASSED] - Verify element property value successfully

2023-10-16 14:05:51 - [TEST_STEP][PASSED] - verifyElementPropertyValue(getResponse, "offers[10].offerParam", "bygoffer50"): Verify element property value successfully

2023-10-16 14:05:51 - [MESSAGE][PASSED] - Verify element property value successfully

2023-10-16 14:05:51 - [TEST_STEP][PASSED] - verifyElementPropertyValue(getResponse, "offers[10].groups[0].pricingPlans[0].featured", "true"): Verify element property value successfully

2023-10-16 14:05:51 - [MESSAGE][PASSED] - Verify element property value successfully

2023-10-16 14:05:51 - [TEST_STEP][PASSED] - verifyElementPropertyValue(getResponse, "offers[10].groups[0].pricingPlans[0].period", "monthly"): Verify element property value successfully

2023-10-16 14:05:51 - [MESSAGE][PASSED] - Verify element property value successfully

2023-10-16 14:05:51 - [TEST_STEP][PASSED] - verifyElementPropertyValue(getResponse, "offers[10].groups[0].pricingPlans[0].featured", "true"): Verify element property value successfully

2023-10-16 14:05:51 - [MESSAGE][PASSED] - Verify element property value successfully

2023-10-16 14:05:51 - [TEST_STEP][PASSED] - verifyElementPropertyValue(getResponse, "offers[10].groups[0].pricingPlans[0].price", "11.0"): Verify element property value successfully

2023-10-16 14:05:51 - [MESSAGE][PASSED] - Verify element property value successfully

2023-10-16 14:05:51 - [TEST_STEP][PASSED] - verifyElementPropertyValue(getResponse, "offers[10].groups[0].pricingPlans[0].currency", "₪"): Verify element property value successfully

2023-10-16 14:05:51 - [MESSAGE][PASSED] - Verify element property value successfully

2023-10-16 14:05:51 - [TEST_STEP][PASSED] - verifyElementPropertyValue(getResponse, "offers[10].groups[0].pricingPlans[0].order", "0"): Verify element property value successfully

2023-10-16 14:05:51 - [MESSAGE][PASSED] - Verify element property value successfully

2023-10-16 14:05:51 - [TEST_STEP][PASSED] - verifyElementPropertyValue(getResponse, "offers[10].groups[0].pricingPlans[0].packageId", "SHAHID_VIP"): Verify element property value successfully

2023-10-16 14:05:51 - [MESSAGE][PASSED] - Verify element property value successfully

2023-10-16 14:05:51 - [TEST_STEP][PASSED] - verifyElementPropertyValue(getResponse, "offers[10].groups[0].pricingPlans[0].catalogId", "VIP"): Verify element property value successfully

2023-10-16 14:05:51 - [MESSAGE][PASSED] - Verify element property value successfully

2023-10-16 14:05:51 - [TEST_STEP][PASSED] - verifyElementPropertyValue(getResponse, "offers[10].groups[0].pricingPlans[0].visualElements[0].key", "Header_1_text"): Verify element property value successfully

2023-10-16 14:05:51 - [MESSAGE][PASSED] - Verify element property value successfully

2023-10-16 14:05:51 - [TEST_STEP][PASSED] - verifyElementPropertyValue(getResponse, "offers[10].groups[0].pricingPlans[0].visualElements[0].value", "Abonnez-vous dès maintenant et profitez de vos programmes sans publicité"): Verify element property value successfully

2023-10-16 14:05:51 - [MESSAGE][PASSED] - Verify element property value successfully

2023-10-16 14:05:51 - [TEST_STEP][PASSED] - verifyElementPropertyValue(getResponse, "offers[10].groups[0].pricingPlans[0].visualElements[1].key", "display_title"): Verify element property value successfully

2023-10-16 14:05:51 - [MESSAGE][PASSED] - Verify element property value successfully

2023-10-16 14:05:51 - [TEST_STEP][PASSED] - verifyElementPropertyValue(getResponse, "offers[10].groups[0].pricingPlans[0].visualElements[1].value", "50% de réduction"): Verify element property value successfully

2023-10-16 14:05:51 - [MESSAGE][PASSED] - Verify element property value successfully

2023-10-16 14:05:51 - [TEST_STEP][PASSED] - verifyElementPropertyValue(getResponse, "offers[10].groups[0].pricingPlans[0].visualElements[3].key", "deduction_text"): Verify element property value successfully

2023-10-16 14:05:51 - [MESSAGE][PASSED] - Verify element property value successfully

2023-10-16 14:05:51 - [TEST_STEP][PASSED] - verifyElementPropertyValue(getResponse, "offers[10].groups[0].pricingPlans[0].visualElements[3].value", "facturation mensuelle"): Verify element property value successfully

2023-10-16 14:05:51 - [MESSAGE][PASSED] - Verify element property value successfully

2023-10-16 14:05:51 - [TEST_STEP][PASSED] - verifyElementPropertyValue(getResponse, "offers[10].groups[0].pricingPlans[0].visualElements[6].key", "show_payment_logo"): Verify element property value successfully

2023-10-16 14:05:51 - [MESSAGE][PASSED] - Verify element property value successfully

2023-10-16 14:05:51 - [TEST_STEP][PASSED] - verifyElementPropertyValue(getResponse, "offers[10].groups[0].pricingPlans[0].visualElements[6].value", "true"): Verify element property value successfully

2023-10-16 14:05:51 - [MESSAGE][PASSED] - Verify element property value successfully

2023-10-16 14:05:51 - [TEST_STEP][PASSED] - verifyElementPropertyValue(getResponse, "offers[10].groups[0].pricingPlans[0].visualElements[8].key", "price"): Verify element property value successfully

2023-10-16 14:05:51 - [MESSAGE][PASSED] - Verify element property value successfully

2023-10-16 14:05:51 - [TEST_STEP][PASSED] - verifyElementPropertyValue(getResponse, "offers[10].groups[0].pricingPlans[0].visualElements[8].value", "11"): Verify element property value successfully

2023-10-16 14:05:51 - [MESSAGE][PASSED] - Verify element property value successfully

2023-10-16 14:05:51 - [TEST_STEP][PASSED] - verifyElementPropertyValue(getResponse, "offers[10].groups[0].pricingPlans[0].visualElements[9].key", "currency"): Verify element property value successfully

2023-10-16 14:05:51 - [MESSAGE][PASSED] - Verify element property value successfully

2023-10-16 14:05:51 - [TEST_STEP][PASSED] - verifyElementPropertyValue(getResponse, "offers[10].groups[0].pricingPlans[0].visualElements[9].value", "₪"): Verify element property value successfully

2023-10-16 14:05:51 - [MESSAGE][PASSED] - Verify element property value successfully

2023-10-16 14:05:51 - [TEST_STEP][PASSED] - verifyElementPropertyValue(getResponse, "offers[10].groups[0].pricingPlans[0].visualElements[10].key", "duration"): Verify element property value successfully

2023-10-16 14:05:51 - [MESSAGE][PASSED] - Verify element property value successfully

2023-10-16 14:05:51 - [TEST_STEP][PASSED] - verifyElementPropertyValue(getResponse, "offers[10].groups[0].pricingPlans[0].visualElements[10].value", "Mensuel"): Verify element property value successfully

2023-10-16 14:05:51 - [MESSAGE][PASSED] - Verify element property value successfully

2023-10-16 14:05:51 - [TEST_STEP][PASSED] - verifyElementPropertyValue(getResponse, "offers[10].groups[0].pricingPlans[0].visualElements[11].key", "featured_tag_text"): Verify element property value successfully

2023-10-16 14:05:51 - [MESSAGE][PASSED] - Verify element property value successfully

2023-10-16 14:05:51 - [TEST_STEP][PASSED] - verifyElementPropertyValue(getResponse, "offers[10].groups[0].pricingPlans[0].visualElements[11].value", "Offre limitée"): Verify element property value successfully

2023-10-16 14:05:51 - [MESSAGE][PASSED] - Verify element property value successfully

2023-10-16 14:05:51 - [TEST_STEP][PASSED] - verifyElementPropertyValue(getResponse, "offers[10].groups[0].pricingPlans[0].visualElements[13].key", "tag_text"): Verify element property value successfully

2023-10-16 14:05:51 - [MESSAGE][PASSED] - Verify element property value successfully

2023-10-16 14:05:51 - [TEST_STEP][PASSED] - verifyElementPropertyValue(getResponse, "offers[10].groups[0].pricingPlans[0].visualElements[13].value", "Économisez 50% "): Verify element property value successfully

2023-10-16 14:05:51 - [MESSAGE][PASSED] - Verify element property value successfully

2023-10-16 14:05:51 - [TEST_STEP][PASSED] - verifyElementPropertyValue(getResponse, "offers[10].groups[0].pricingPlans[0].visualElements[12].key", "show_tag"): Verify element property value successfully

2023-10-16 14:05:51 - [MESSAGE][PASSED] - Verify element property value successfully

2023-10-16 14:05:51 - [TEST_STEP][PASSED] - verifyElementPropertyValue(getResponse, "offers[10].groups[0].pricingPlans[0].visualElements[12].value", "true"): Verify element property value successfully

2023-10-16 14:05:51 - [MESSAGE][PASSED] - Verify element property value successfully

2023-10-16 14:05:51 - [TEST_STEP][PASSED] - verifyElementPropertyValue(getResponse, "offers[10].groups[0].pricingPlans[0].pricingPlanData[0].productId", "ISR_B2C_SHAHID_VIP_1M"): Verify element property value successfully

2023-10-16 14:05:51 - [MESSAGE][PASSED] - Verify element property value successfully

2023-10-16 14:05:51 - [TEST_STEP][PASSED] - verifyElementPropertyValue(getResponse, "offers[10].groups[0].pricingPlans[0].pricingPlanData[0].paymentMethod", "CREDIT_CARD"): Verify element property value successfully

2023-10-16 14:05:51 - [MESSAGE][PASSED] - Verify element property value successfully

2023-10-16 14:05:51 - [TEST_STEP][PASSED] - verifyElementPropertyValue(getResponse, "offers[10].groups[0].pricingPlans[0].pricingPlanData[0].freeTrialEnabled", "false"): Verify element property value successfully

2023-10-16 14:05:51 - [MESSAGE][PASSED] - Verify element property value successfully

2023-10-16 14:05:51 - [TEST_STEP][PASSED] - verifyElementPropertyValue(getResponse, "offers[10].groups[0].pricingPlans[0].pricingPlanData[0].showIn[0]", "VERTICAL_MODE"): Verify element property value successfully

2023-10-16 14:05:51 - [MESSAGE][PASSED] - Verify element property value successfully

2023-10-16 14:05:51 - [TEST_STEP][PASSED] - verifyElementPropertyValue(getResponse, "offers[10].groups[0].pricingPlans[0].pricingPlanData[0].showIn[1]", "HORIZONTAL_MODE"): Verify element property value successfully

2023-10-16 14:05:51 - [MESSAGE][PASSED] - Verify element property value successfully

2023-10-16 14:05:51 - [TEST_STEP][PASSED] - verifyElementPropertyValue(getResponse, "offers[10].groups[0].pricingPlans[0].pricingPlanData[0].priceLabel", "11"): Verify element property value successfully

2023-10-16 14:05:51 - [MESSAGE][PASSED] - Verify element property value successfully

2023-10-16 14:05:51 - [TEST_STEP][PASSED] - verifyElementPropertyValue(getResponse, "offers[10].groups[0].pricingPlans[0].pricingPlanData[0].currencyLabel", "₪"): Verify element property value successfully

2023-10-16 14:05:51 - [MESSAGE][PASSED] - Verify element property value successfully

2023-10-16 14:05:51 - [TEST_STEP][PASSED] - verifyElementPropertyValue(getResponse, "offers[10].groups[0].pricingPlans[0].pricingPlanData[0].dealId", "BYG_50P_ISR"): Verify element property value successfully

2023-10-16 14:05:51 - [MESSAGE][PASSED] - Verify element property value successfully

2023-10-16 14:05:51 - [TEST_STEP][PASSED] - verifyElementPropertyValue(getResponse, "offers[10].groups[0].pricingPlans[0].pricingPlanData[0].allowedForAcquisition", "true"): Verify element property value successfully

2023-10-16 14:05:51 - [MESSAGE][PASSED] - Verify element property value successfully

2023-10-16 14:05:51 - [TEST_STEP][PASSED] - verifyElementPropertyValue(getResponse, "offers[10].groups[0].pricingPlans[0].pricingPlanData[0].visualElements[0].key", "title"): Verify element property value successfully

2023-10-16 14:05:51 - [MESSAGE][PASSED] - Verify element property value successfully

2023-10-16 14:05:51 - [TEST_STEP][PASSED] - verifyElementPropertyValue(getResponse, "offers[10].groups[0].pricingPlans[0].pricingPlanData[0].visualElements[0].value", "Carte de crédit/débit"): Verify element property value successfully

2023-10-16 14:05:51 - [MESSAGE][PASSED] - Verify element property value successfully

2023-10-16 14:05:51 - [TEST_STEP][PASSED] - verifyElementPropertyValue(getResponse, "offers[10].groups[0].pricingPlans[0].pricingPlanData[0].visualElements[1].key", "CTA_text"): Verify element property value successfully

2023-10-16 14:05:51 - [MESSAGE][PASSED] - Verify element property value successfully

2023-10-16 14:05:51 - [TEST_STEP][PASSED] - verifyElementPropertyValue(getResponse, "offers[10].groups[0].pricingPlans[0].pricingPlanData[0].visualElements[1].value", "S’abonner"): Verify element property value successfully

2023-10-16 14:05:51 - [MESSAGE][PASSED] - Verify element property value successfully

2023-10-16 14:05:51 - [TEST_STEP][PASSED] - verifyElementPropertyValue(getResponse, "offers[10].groups[0].pricingPlans[0].pricingPlanData[0].visualElements[2].key", "logo"): Verify element property value successfully

2023-10-16 14:05:51 - [MESSAGE][PASSED] - Verify element property value successfully

2023-10-16 14:05:51 - [TEST_STEP][PASSED] - verifyElementPropertyValue(getResponse, "offers[10].groups[0].pricingPlans[0].pricingPlanData[0].visualElements[2].value", "https://static.s3.shahid.mbc.net/widget-images/icons/iconCreditCard.png"): Verify element property value successfully

2023-10-16 14:05:51 - [MESSAGE][PASSED] - Verify element property value successfully]]></system-out>
         <system-err><![CDATA[]]></system-err>
      </testcase>
      <system-out><![CDATA[2023-10-16 14:03:59 - [TEST_SUITE][FAILED] - ISR: Test Cases/WEB - CHROME/ISR PI/WEB_FR_getSubscriptionConfigForISR_VIP FAILED.
Reason:
com.kms.katalon.core.exception.StepFailedException: Expected element property value 'Plan Annuel' is not equal with actual property value 'Plan Annuel ​'
	at com.kms.katalon.core.keyword.internal.KeywordMain.stepFailed(KeywordMain.groovy:39)
	at com.kms.katalon.core.webservice.keyword.builtin.VerifyElementPropertyValueKeyword$_verifyElementPropertyValue_closure1.doCall(VerifyElementPropertyValueKeyword.groovy:56)
	at com.kms.katalon.core.webservice.keyword.builtin.VerifyElementPropertyValueKeyword$_verifyElementPropertyValue_closure1.call(VerifyElementPropertyValueKeyword.groovy)
	at com.kms.katalon.core.keyword.internal.KeywordMain.runKeyword(KeywordMain.groovy:75)
	at com.kms.katalon.core.webservice.keyword.builtin.VerifyElementPropertyValueKeyword.verifyElementPropertyValue(VerifyElementPropertyValueKeyword.groovy:48)
	at com.kms.katalon.core.webservice.keyword.builtin.VerifyElementPropertyValueKeyword.execute(VerifyElementPropertyValueKeyword.groovy:43)
	at com.kms.katalon.core.keyword.internal.KeywordExecutor.executeKeywordForPlatform(KeywordExecutor.groovy:74)
	at com.kms.katalon.core.webservice.keyword.WSBuiltInKeywords.verifyElementPropertyValue(WSBuiltInKeywords.groovy:190)
	at com.kms.katalon.core.webservice.keyword.WSBuiltInKeywords$verifyElementPropertyValue$1.call(Unknown Source)
	at WEB_FR_getSubscriptionConfigForISR_VIP.run(WEB_FR_getSubscriptionConfigForISR_VIP:100)
	at com.kms.katalon.core.main.ScriptEngine.run(ScriptEngine.java:194)
	at com.kms.katalon.core.main.ScriptEngine.runScriptAsRawText(ScriptEngine.java:119)
	at com.kms.katalon.core.main.TestCaseExecutor.runScript(TestCaseExecutor.java:448)
	at com.kms.katalon.core.main.TestCaseExecutor.doExecute(TestCaseExecutor.java:439)
	at com.kms.katalon.core.main.TestCaseExecutor.processExecutionPhase(TestCaseExecutor.java:418)
	at com.kms.katalon.core.main.TestCaseExecutor.accessMainPhase(TestCaseExecutor.java:410)
	at com.kms.katalon.core.main.TestCaseExecutor.execute(TestCaseExecutor.java:285)
	at com.kms.katalon.core.common.CommonExecutor.accessTestCaseMainPhase(CommonExecutor.java:65)
	at com.kms.katalon.core.main.TestSuiteExecutor.accessTestSuiteMainPhase(TestSuiteExecutor.java:148)
	at com.kms.katalon.core.main.TestSuiteExecutor.execute(TestSuiteExecutor.java:106)
	at com.kms.katalon.core.main.TestCaseMain.startTestSuite(TestCaseMain.java:187)
	at com.kms.katalon.core.main.TestCaseMain$startTestSuite$0.call(Unknown Source)
	at TempTestSuite1697454191890.run(TempTestSuite1697454191890.groovy:36)]]></system-out>
      <system-err><![CDATA[2023-10-16 14:03:59 - [TEST_SUITE][FAILED] - ISR: Test Cases/WEB - CHROME/ISR PI/WEB_FR_getSubscriptionConfigForISR_VIP FAILED.
Reason:
com.kms.katalon.core.exception.StepFailedException: Expected element property value 'Plan Annuel' is not equal with actual property value 'Plan Annuel ​'
	at com.kms.katalon.core.keyword.internal.KeywordMain.stepFailed(KeywordMain.groovy:39)
	at com.kms.katalon.core.webservice.keyword.builtin.VerifyElementPropertyValueKeyword$_verifyElementPropertyValue_closure1.doCall(VerifyElementPropertyValueKeyword.groovy:56)
	at com.kms.katalon.core.webservice.keyword.builtin.VerifyElementPropertyValueKeyword$_verifyElementPropertyValue_closure1.call(VerifyElementPropertyValueKeyword.groovy)
	at com.kms.katalon.core.keyword.internal.KeywordMain.runKeyword(KeywordMain.groovy:75)
	at com.kms.katalon.core.webservice.keyword.builtin.VerifyElementPropertyValueKeyword.verifyElementPropertyValue(VerifyElementPropertyValueKeyword.groovy:48)
	at com.kms.katalon.core.webservice.keyword.builtin.VerifyElementPropertyValueKeyword.execute(VerifyElementPropertyValueKeyword.groovy:43)
	at com.kms.katalon.core.keyword.internal.KeywordExecutor.executeKeywordForPlatform(KeywordExecutor.groovy:74)
	at com.kms.katalon.core.webservice.keyword.WSBuiltInKeywords.verifyElementPropertyValue(WSBuiltInKeywords.groovy:190)
	at com.kms.katalon.core.webservice.keyword.WSBuiltInKeywords$verifyElementPropertyValue$1.call(Unknown Source)
	at WEB_FR_getSubscriptionConfigForISR_VIP.run(WEB_FR_getSubscriptionConfigForISR_VIP:100)
	at com.kms.katalon.core.main.ScriptEngine.run(ScriptEngine.java:194)
	at com.kms.katalon.core.main.ScriptEngine.runScriptAsRawText(ScriptEngine.java:119)
	at com.kms.katalon.core.main.TestCaseExecutor.runScript(TestCaseExecutor.java:448)
	at com.kms.katalon.core.main.TestCaseExecutor.doExecute(TestCaseExecutor.java:439)
	at com.kms.katalon.core.main.TestCaseExecutor.processExecutionPhase(TestCaseExecutor.java:418)
	at com.kms.katalon.core.main.TestCaseExecutor.accessMainPhase(TestCaseExecutor.java:410)
	at com.kms.katalon.core.main.TestCaseExecutor.execute(TestCaseExecutor.java:285)
	at com.kms.katalon.core.common.CommonExecutor.accessTestCaseMainPhase(CommonExecutor.java:65)
	at com.kms.katalon.core.main.TestSuiteExecutor.accessTestSuiteMainPhase(TestSuiteExecutor.java:148)
	at com.kms.katalon.core.main.TestSuiteExecutor.execute(TestSuiteExecutor.java:106)
	at com.kms.katalon.core.main.TestCaseMain.startTestSuite(TestCaseMain.java:187)
	at com.kms.katalon.core.main.TestCaseMain$startTestSuite$0.call(Unknown Source)
	at TempTestSuite1697454191890.run(TempTestSuite1697454191890.groovy:36)]]></system-err>
   </testsuite>
</testsuites>
