<?xml version="1.0" encoding="UTF-8"?>
<testsuites name="JOR" time="35.194" tests="10" failures="4" errors="0">
   <testsuite name="JOR" tests="10" failures="4" errors="0" time="35.194" skipped="0" timestamp="2023-10-16 14:07:40" hostname="admin - 10.109.12.148" id="Test Suites/WEB/JOR">
      <properties>
         <property name="deviceName" value=""/>
         <property name="devicePlatform" value=""/>
         <property name="logFolder" value="/Users/admin/git/shahid-configuration/Reports/20231016_140310/WEB/JOR/20231016_140315"/>
         <property name="logFiles" value="/Users/admin/git/shahid-configuration/Reports/20231016_140310/WEB/JOR/20231016_140315/execution0.log"/>
         <property name="attachments" value=""/>
         <property name="hostName" value="admin - 10.109.12.148"/>
         <property name="hostAddress" value="10.109.12.148"/>
         <property name="os" value="Mac OS X 64bit"/>
         <property name="katalonVersion" value="8.6.6.208"/>
      </properties>
      <testcase name="Test Cases/WEB - CHROME/JOR PI/WEB_EN_getSubscriptionConfigForJOR_VIP" time="4.26" classname="Test Cases/WEB - CHROME/JOR PI/WEB_EN_getSubscriptionConfigForJOR_VIP" status="FAILED">
         <failure type="FAILED" message="Test Cases/WEB - CHROME/JOR PI/WEB_EN_getSubscriptionConfigForJOR_VIP FAILED.
Reason:
com.kms.katalon.core.exception.StepFailedException: Expected element property value 'Other Payment Methods' is not equal with actual property value 'Other payment methods'
	at com.kms.katalon.core.keyword.internal.KeywordMain.stepFailed(KeywordMain.groovy:39)
	at com.kms.katalon.core.webservice.keyword.builtin.VerifyElementPropertyValueKeyword$_verifyElementPropertyValue_closure1.doCall(VerifyElementPropertyValueKeyword.groovy:56)
	at com.kms.katalon.core.webservice.keyword.builtin.VerifyElementPropertyValueKeyword$_verifyElementPropertyValue_closure1.call(VerifyElementPropertyValueKeyword.groovy)
	at com.kms.katalon.core.keyword.internal.KeywordMain.runKeyword(KeywordMain.groovy:75)
	at com.kms.katalon.core.webservice.keyword.builtin.VerifyElementPropertyValueKeyword.verifyElementPropertyValue(VerifyElementPropertyValueKeyword.groovy:48)
	at com.kms.katalon.core.webservice.keyword.builtin.VerifyElementPropertyValueKeyword.execute(VerifyElementPropertyValueKeyword.groovy:43)
	at com.kms.katalon.core.keyword.internal.KeywordExecutor.executeKeywordForPlatform(KeywordExecutor.groovy:74)
	at com.kms.katalon.core.webservice.keyword.WSBuiltInKeywords.verifyElementPropertyValue(WSBuiltInKeywords.groovy:190)
	at com.kms.katalon.core.webservice.keyword.WSBuiltInKeywords$verifyElementPropertyValue$1.call(Unknown Source)
	at WEB_EN_getSubscriptionConfigForJOR_VIP.run(WEB_EN_getSubscriptionConfigForJOR_VIP:257)
	at com.kms.katalon.core.main.ScriptEngine.run(ScriptEngine.java:194)
	at com.kms.katalon.core.main.ScriptEngine.runScriptAsRawText(ScriptEngine.java:119)
	at com.kms.katalon.core.main.TestCaseExecutor.runScript(TestCaseExecutor.java:448)
	at com.kms.katalon.core.main.TestCaseExecutor.doExecute(TestCaseExecutor.java:439)
	at com.kms.katalon.core.main.TestCaseExecutor.processExecutionPhase(TestCaseExecutor.java:418)
	at com.kms.katalon.core.main.TestCaseExecutor.accessMainPhase(TestCaseExecutor.java:410)
	at com.kms.katalon.core.main.TestCaseExecutor.execute(TestCaseExecutor.java:285)
	at com.kms.katalon.core.common.CommonExecutor.accessTestCaseMainPhase(CommonExecutor.java:65)
	at com.kms.katalon.core.main.TestSuiteExecutor.accessTestSuiteMainPhase(TestSuiteExecutor.java:148)
	at com.kms.katalon.core.main.TestSuiteExecutor.execute(TestSuiteExecutor.java:106)
	at com.kms.katalon.core.main.TestCaseMain.startTestSuite(TestCaseMain.java:187)
	at com.kms.katalon.core.main.TestCaseMain$startTestSuite$0.call(Unknown Source)
	at TempTestSuite1697454195634.run(TempTestSuite1697454195634.groovy:36)
"/>
         <system-out><![CDATA[2023-10-16 14:07:40 - [TEST_CASE][FAILED] - Test Cases/WEB - CHROME/JOR PI/WEB_EN_getSubscriptionConfigForJOR_VIP: Test Cases/WEB - CHROME/JOR PI/WEB_EN_getSubscriptionConfigForJOR_VIP FAILED.
Reason:
com.kms.katalon.core.exception.StepFailedException: Expected element property value 'Other Payment Methods' is not equal with actual property value 'Other payment methods'
	at com.kms.katalon.core.keyword.internal.KeywordMain.stepFailed(KeywordMain.groovy:39)
	at com.kms.katalon.core.webservice.keyword.builtin.VerifyElementPropertyValueKeyword$_verifyElementPropertyValue_closure1.doCall(VerifyElementPropertyValueKeyword.groovy:56)
	at com.kms.katalon.core.webservice.keyword.builtin.VerifyElementPropertyValueKeyword$_verifyElementPropertyValue_closure1.call(VerifyElementPropertyValueKeyword.groovy)
	at com.kms.katalon.core.keyword.internal.KeywordMain.runKeyword(KeywordMain.groovy:75)
	at com.kms.katalon.core.webservice.keyword.builtin.VerifyElementPropertyValueKeyword.verifyElementPropertyValue(VerifyElementPropertyValueKeyword.groovy:48)
	at com.kms.katalon.core.webservice.keyword.builtin.VerifyElementPropertyValueKeyword.execute(VerifyElementPropertyValueKeyword.groovy:43)
	at com.kms.katalon.core.keyword.internal.KeywordExecutor.executeKeywordForPlatform(KeywordExecutor.groovy:74)
	at com.kms.katalon.core.webservice.keyword.WSBuiltInKeywords.verifyElementPropertyValue(WSBuiltInKeywords.groovy:190)
	at com.kms.katalon.core.webservice.keyword.WSBuiltInKeywords$verifyElementPropertyValue$1.call(Unknown Source)
	at WEB_EN_getSubscriptionConfigForJOR_VIP.run(WEB_EN_getSubscriptionConfigForJOR_VIP:257)
	at com.kms.katalon.core.main.ScriptEngine.run(ScriptEngine.java:194)
	at com.kms.katalon.core.main.ScriptEngine.runScriptAsRawText(ScriptEngine.java:119)
	at com.kms.katalon.core.main.TestCaseExecutor.runScript(TestCaseExecutor.java:448)
	at com.kms.katalon.core.main.TestCaseExecutor.doExecute(TestCaseExecutor.java:439)
	at com.kms.katalon.core.main.TestCaseExecutor.processExecutionPhase(TestCaseExecutor.java:418)
	at com.kms.katalon.core.main.TestCaseExecutor.accessMainPhase(TestCaseExecutor.java:410)
	at com.kms.katalon.core.main.TestCaseExecutor.execute(TestCaseExecutor.java:285)
	at com.kms.katalon.core.common.CommonExecutor.accessTestCaseMainPhase(CommonExecutor.java:65)
	at com.kms.katalon.core.main.TestSuiteExecutor.accessTestSuiteMainPhase(TestSuiteExecutor.java:148)
	at com.kms.katalon.core.main.TestSuiteExecutor.execute(TestSuiteExecutor.java:106)
	at com.kms.katalon.core.main.TestCaseMain.startTestSuite(TestCaseMain.java:187)
	at com.kms.katalon.core.main.TestCaseMain$startTestSuite$0.call(Unknown Source)
	at TempTestSuite1697454195634.run(TempTestSuite1697454195634.groovy:36)


2023-10-16 14:07:40 - [TEST_STEP][PASSED] - getResponse = config_files.getConfigFile.getConfig("WEB", "EN", "SHAHID_VIP", "JO", "false"): config_files.getConfigFile.getConfig is PASSED

2023-10-16 14:07:42 - [MESSAGE][INFO] - HAR: /Users/admin/git/shahid-configuration/Reports/20231016_140310/WEB/JOR/20231016_140315/requests/main/0.har

2023-10-16 14:07:42 - [MESSAGE][PASSED] - Send request successfully

2023-10-16 14:07:42 - [MESSAGE][PASSED] - config_files.getConfigFile.getConfig is PASSED

2023-10-16 14:07:42 - [TEST_STEP][PASSED] - verifyResponseStatusCode(getResponse, 200): Verify response status code successfully

2023-10-16 14:07:42 - [MESSAGE][PASSED] - Verify response status code successfully

2023-10-16 14:07:42 - [TEST_STEP][PASSED] - verifyElementPropertyValue(getResponse, "country", "JOR"): Verify element property value successfully

2023-10-16 14:07:42 - [MESSAGE][PASSED] - Verify element property value successfully

2023-10-16 14:07:42 - [TEST_STEP][PASSED] - verifyElementPropertyValue(getResponse, "platform", "[WEB]"): Verify element property value successfully

2023-10-16 14:07:42 - [MESSAGE][PASSED] - Verify element property value successfully

2023-10-16 14:07:42 - [TEST_STEP][PASSED] - verifyElementPropertyValue(getResponse, "groups[0].pricingPlans[0].featured", "true"): Verify element property value successfully

2023-10-16 14:07:42 - [MESSAGE][PASSED] - Verify element property value successfully

2023-10-16 14:07:42 - [TEST_STEP][PASSED] - verifyElementPropertyValue(getResponse, "groups[0].pricingPlans[0].packageId", "SHAHID_VIP"): Verify element property value successfully

2023-10-16 14:07:42 - [MESSAGE][PASSED] - Verify element property value successfully

2023-10-16 14:07:42 - [TEST_STEP][PASSED] - verifyElementPropertyValue(getResponse, "groups[0].pricingPlans[0].catalogId", "VIP"): Verify element property value successfully

2023-10-16 14:07:42 - [MESSAGE][PASSED] - Verify element property value successfully

2023-10-16 14:07:42 - [TEST_STEP][PASSED] - verifyElementPropertyValue(getResponse, "groups[0].pricingPlans[0].visualElements[0].key", "Header_1_text"): Verify element property value successfully

2023-10-16 14:07:42 - [MESSAGE][PASSED] - Verify element property value successfully

2023-10-16 14:07:42 - [TEST_STEP][PASSED] - verifyElementPropertyValue(getResponse, "groups[0].pricingPlans[0].visualElements[0].value", "Watch the most powerful series and movies exclusively without stopping"): Verify element property value successfully

2023-10-16 14:07:42 - [MESSAGE][PASSED] - Verify element property value successfully

2023-10-16 14:07:42 - [TEST_STEP][PASSED] - verifyElementPropertyValue(getResponse, "groups[0].pricingPlans[0].visualElements[1].key", "display_title"): Verify element property value successfully

2023-10-16 14:07:42 - [MESSAGE][PASSED] - Verify element property value successfully

2023-10-16 14:07:42 - [TEST_STEP][PASSED] - verifyElementPropertyValue(getResponse, "groups[0].pricingPlans[0].visualElements[1].value", "Monthly Plan"): Verify element property value successfully

2023-10-16 14:07:42 - [MESSAGE][PASSED] - Verify element property value successfully

2023-10-16 14:07:42 - [TEST_STEP][PASSED] - verifyElementPropertyValue(getResponse, "groups[0].pricingPlans[0].visualElements[2].key", "promo_text"): Verify element property value successfully

2023-10-16 14:07:42 - [MESSAGE][PASSED] - Verify element property value successfully

2023-10-16 14:07:42 - [TEST_STEP][PASSED] - verifyElementPropertyValue(getResponse, "groups[0].pricingPlans[0].visualElements[2].value", "2.99 JOD / month"): Verify element property value successfully

2023-10-16 14:07:42 - [MESSAGE][PASSED] - Verify element property value successfully

2023-10-16 14:07:42 - [TEST_STEP][PASSED] - verifyElementPropertyValue(getResponse, "groups[0].pricingPlans[0].visualElements[3].key", "deduction_text"): Verify element property value successfully

2023-10-16 14:07:42 - [MESSAGE][PASSED] - Verify element property value successfully

2023-10-16 14:07:42 - [TEST_STEP][PASSED] - verifyElementPropertyValue(getResponse, "groups[0].pricingPlans[0].visualElements[3].value", "billed every month"): Verify element property value successfully

2023-10-16 14:07:42 - [MESSAGE][PASSED] - Verify element property value successfully

2023-10-16 14:07:42 - [TEST_STEP][PASSED] - verifyElementPropertyValue(getResponse, "groups[0].pricingPlans[0].visualElements[6].key", "show_payment_logo"): Verify element property value successfully

2023-10-16 14:07:42 - [MESSAGE][PASSED] - Verify element property value successfully

2023-10-16 14:07:42 - [TEST_STEP][PASSED] - verifyElementPropertyValue(getResponse, "groups[0].pricingPlans[0].visualElements[6].value", "true"): Verify element property value successfully

2023-10-16 14:07:43 - [MESSAGE][PASSED] - Verify element property value successfully

2023-10-16 14:07:43 - [TEST_STEP][PASSED] - verifyElementPropertyValue(getResponse, "groups[0].pricingPlans[0].visualElements[11].key", "featured_tag_text"): Verify element property value successfully

2023-10-16 14:07:43 - [MESSAGE][PASSED] - Verify element property value successfully

2023-10-16 14:07:43 - [TEST_STEP][PASSED] - verifyElementPropertyValue(getResponse, "groups[0].pricingPlans[0].visualElements[11].value", "Most popular"): Verify element property value successfully

2023-10-16 14:07:43 - [MESSAGE][PASSED] - Verify element property value successfully

2023-10-16 14:07:43 - [TEST_STEP][PASSED] - verifyElementPropertyValue(getResponse, "groups[0].pricingPlans[0].visualElements[8].key", "price"): Verify element property value successfully

2023-10-16 14:07:43 - [MESSAGE][PASSED] - Verify element property value successfully

2023-10-16 14:07:43 - [TEST_STEP][PASSED] - verifyElementPropertyValue(getResponse, "groups[0].pricingPlans[0].visualElements[8].value", "2.99"): Verify element property value successfully

2023-10-16 14:07:43 - [MESSAGE][PASSED] - Verify element property value successfully

2023-10-16 14:07:43 - [TEST_STEP][PASSED] - verifyElementPropertyValue(getResponse, "groups[0].pricingPlans[0].visualElements[9].key", "currency"): Verify element property value successfully

2023-10-16 14:07:43 - [MESSAGE][PASSED] - Verify element property value successfully

2023-10-16 14:07:43 - [TEST_STEP][PASSED] - verifyElementPropertyValue(getResponse, "groups[0].pricingPlans[0].visualElements[9].value", "JOD"): Verify element property value successfully

2023-10-16 14:07:43 - [MESSAGE][PASSED] - Verify element property value successfully

2023-10-16 14:07:43 - [TEST_STEP][PASSED] - verifyElementPropertyValue(getResponse, "groups[0].pricingPlans[0].visualElements[10].key", "duration"): Verify element property value successfully

2023-10-16 14:07:43 - [MESSAGE][PASSED] - Verify element property value successfully

2023-10-16 14:07:43 - [TEST_STEP][PASSED] - verifyElementPropertyValue(getResponse, "groups[0].pricingPlans[0].visualElements[10].value", "Monthly"): Verify element property value successfully

2023-10-16 14:07:43 - [MESSAGE][PASSED] - Verify element property value successfully

2023-10-16 14:07:43 - [TEST_STEP][PASSED] - verifyElementPropertyValue(getResponse, "groups[0].pricingPlans[0].order", "0"): Verify element property value successfully

2023-10-16 14:07:43 - [MESSAGE][PASSED] - Verify element property value successfully

2023-10-16 14:07:43 - [TEST_STEP][PASSED] - verifyElementPropertyValue(getResponse, "groups[0].pricingPlans[0].period", "monthly"): Verify element property value successfully

2023-10-16 14:07:43 - [MESSAGE][PASSED] - Verify element property value successfully

2023-10-16 14:07:43 - [TEST_STEP][PASSED] - verifyElementPropertyValue(getResponse, "groups[0].pricingPlans[0].price", "2.99"): Verify element property value successfully

2023-10-16 14:07:43 - [MESSAGE][PASSED] - Verify element property value successfully

2023-10-16 14:07:43 - [TEST_STEP][PASSED] - verifyElementPropertyValue(getResponse, "groups[0].pricingPlans[0].currency", "JOD"): Verify element property value successfully

2023-10-16 14:07:43 - [MESSAGE][PASSED] - Verify element property value successfully

2023-10-16 14:07:43 - [TEST_STEP][PASSED] - verifyElementPropertyValue(getResponse, "groups[0].pricingPlans[0].pricingPlanData[0].productId", "JOR_B2C_SHAHID_VIP_1M"): Verify element property value successfully

2023-10-16 14:07:43 - [MESSAGE][PASSED] - Verify element property value successfully

2023-10-16 14:07:43 - [TEST_STEP][PASSED] - verifyElementPropertyValue(getResponse, "groups[0].pricingPlans[0].pricingPlanData[0].subPricingPlanIds", "null"): Verify element property value successfully

2023-10-16 14:07:43 - [MESSAGE][PASSED] - Verify element property value successfully

2023-10-16 14:07:43 - [TEST_STEP][PASSED] - verifyElementPropertyValue(getResponse, "groups[0].pricingPlans[0].pricingPlanData[0].paymentMethod", "CREDIT_CARD"): Verify element property value successfully

2023-10-16 14:07:43 - [MESSAGE][PASSED] - Verify element property value successfully

2023-10-16 14:07:43 - [TEST_STEP][PASSED] - verifyElementPropertyValue(getResponse, "groups[0].pricingPlans[0].pricingPlanData[0].freeTrialEnabled", "false"): Verify element property value successfully

2023-10-16 14:07:43 - [MESSAGE][PASSED] - Verify element property value successfully

2023-10-16 14:07:43 - [TEST_STEP][PASSED] - verifyElementPropertyValue(getResponse, "groups[0].pricingPlans[0].pricingPlanData[0].visualElements[0].key", "title"): Verify element property value successfully

2023-10-16 14:07:43 - [MESSAGE][PASSED] - Verify element property value successfully

2023-10-16 14:07:43 - [TEST_STEP][PASSED] - verifyElementPropertyValue(getResponse, "groups[0].pricingPlans[0].pricingPlanData[0].visualElements[0].value", "Credit/Debit Card"): Verify element property value successfully

2023-10-16 14:07:43 - [MESSAGE][PASSED] - Verify element property value successfully

2023-10-16 14:07:43 - [TEST_STEP][PASSED] - verifyElementPropertyValue(getResponse, "groups[0].pricingPlans[0].pricingPlanData[0].visualElements[1].key", "CTA_text"): Verify element property value successfully

2023-10-16 14:07:43 - [MESSAGE][PASSED] - Verify element property value successfully

2023-10-16 14:07:43 - [TEST_STEP][PASSED] - verifyElementPropertyValue(getResponse, "groups[0].pricingPlans[0].pricingPlanData[0].visualElements[1].value", "Subscribe"): Verify element property value successfully

2023-10-16 14:07:43 - [MESSAGE][PASSED] - Verify element property value successfully

2023-10-16 14:07:43 - [TEST_STEP][PASSED] - verifyElementPropertyValue(getResponse, "groups[0].pricingPlans[0].pricingPlanData[0].visualElements[2].key", "logo"): Verify element property value successfully

2023-10-16 14:07:43 - [MESSAGE][PASSED] - Verify element property value successfully

2023-10-16 14:07:43 - [TEST_STEP][PASSED] - verifyElementPropertyValue(getResponse, "groups[0].pricingPlans[0].pricingPlanData[0].visualElements[2].value", "https://static.s3.shahid.mbc.net/widget-images/icons/iconCreditCard.png"): Verify element property value successfully

2023-10-16 14:07:43 - [MESSAGE][PASSED] - Verify element property value successfully

2023-10-16 14:07:43 - [TEST_STEP][PASSED] - verifyElementPropertyValue(getResponse, "groups[0].pricingPlans[0].pricingPlanData[0].priceLabel", "2.99"): Verify element property value successfully

2023-10-16 14:07:43 - [MESSAGE][PASSED] - Verify element property value successfully

2023-10-16 14:07:43 - [TEST_STEP][PASSED] - verifyElementPropertyValue(getResponse, "groups[0].pricingPlans[0].pricingPlanData[0].currencyLabel", "JOD"): Verify element property value successfully

2023-10-16 14:07:43 - [MESSAGE][PASSED] - Verify element property value successfully

2023-10-16 14:07:43 - [TEST_STEP][PASSED] - verifyElementPropertyValue(getResponse, "groups[0].pricingPlans[0].pricingPlanData[1].pricingPlanId", "TPay_Zain_JO"): Verify element property value successfully

2023-10-16 14:07:43 - [MESSAGE][PASSED] - Verify element property value successfully

2023-10-16 14:07:43 - [TEST_STEP][PASSED] - verifyElementPropertyValue(getResponse, "groups[0].pricingPlans[0].pricingPlanData[1].productId", "JOR_B2C_SHAHID_VIP_1M"): Verify element property value successfully

2023-10-16 14:07:43 - [MESSAGE][PASSED] - Verify element property value successfully

2023-10-16 14:07:43 - [TEST_STEP][PASSED] - verifyElementPropertyValue(getResponse, "groups[0].pricingPlans[0].pricingPlanData[1].subPricingPlanIds[0]", "41601"): Verify element property value successfully

2023-10-16 14:07:43 - [MESSAGE][PASSED] - Verify element property value successfully

2023-10-16 14:07:43 - [TEST_STEP][PASSED] - verifyElementPropertyValue(getResponse, "groups[0].pricingPlans[0].pricingPlanData[1].paymentMethod", "MOBILE_PAY"): Verify element property value successfully

2023-10-16 14:07:43 - [MESSAGE][PASSED] - Verify element property value successfully

2023-10-16 14:07:43 - [TEST_STEP][PASSED] - verifyElementPropertyValue(getResponse, "groups[0].pricingPlans[0].pricingPlanData[1].freeTrialEnabled", "false"): Verify element property value successfully

2023-10-16 14:07:43 - [MESSAGE][PASSED] - Verify element property value successfully

2023-10-16 14:07:43 - [TEST_STEP][PASSED] - verifyElementPropertyValue(getResponse, "groups[0].pricingPlans[0].pricingPlanData[1].visualElements[0].key", "payment_option_group"): Verify element property value successfully

2023-10-16 14:07:43 - [MESSAGE][PASSED] - Verify element property value successfully

2023-10-16 14:07:43 - [TEST_STEP][PASSED] - verifyElementPropertyValue(getResponse, "groups[0].pricingPlans[0].pricingPlanData[1].visualElements[0].value", "true"): Verify element property value successfully

2023-10-16 14:07:43 - [MESSAGE][PASSED] - Verify element property value successfully

2023-10-16 14:07:43 - [TEST_STEP][PASSED] - verifyElementPropertyValue(getResponse, "groups[0].pricingPlans[0].pricingPlanData[1].visualElements[1].key", "title"): Verify element property value successfully

2023-10-16 14:07:43 - [MESSAGE][PASSED] - Verify element property value successfully

2023-10-16 14:07:43 - [TEST_STEP][PASSED] - verifyElementPropertyValue(getResponse, "groups[0].pricingPlans[0].pricingPlanData[1].visualElements[1].value", "Mobile Payment"): Verify element property value successfully

2023-10-16 14:07:43 - [MESSAGE][PASSED] - Verify element property value successfully

2023-10-16 14:07:43 - [TEST_STEP][PASSED] - verifyElementPropertyValue(getResponse, "groups[0].pricingPlans[0].pricingPlanData[1].visualElements[2].key", "CTA_text"): Verify element property value successfully

2023-10-16 14:07:43 - [MESSAGE][PASSED] - Verify element property value successfully

2023-10-16 14:07:43 - [TEST_STEP][PASSED] - verifyElementPropertyValue(getResponse, "groups[0].pricingPlans[0].pricingPlanData[1].visualElements[2].value", "Subscribe"): Verify element property value successfully

2023-10-16 14:07:43 - [MESSAGE][PASSED] - Verify element property value successfully

2023-10-16 14:07:43 - [TEST_STEP][PASSED] - verifyElementPropertyValue(getResponse, "groups[0].pricingPlans[0].pricingPlanData[1].visualElements[3].key", "logo"): Verify element property value successfully

2023-10-16 14:07:43 - [MESSAGE][PASSED] - Verify element property value successfully

2023-10-16 14:07:43 - [TEST_STEP][PASSED] - verifyElementPropertyValue(getResponse, "groups[0].pricingPlans[0].pricingPlanData[1].visualElements[3].value", "https://static.s3.shahid.mbc.net/widget-images/icons/iconMobile.png"): Verify element property value successfully

2023-10-16 14:07:43 - [MESSAGE][PASSED] - Verify element property value successfully

2023-10-16 14:07:43 - [TEST_STEP][PASSED] - verifyElementPropertyValue(getResponse, "groups[0].pricingPlans[0].pricingPlanData[1].priceLabel", "2.99"): Verify element property value successfully

2023-10-16 14:07:43 - [MESSAGE][PASSED] - Verify element property value successfully

2023-10-16 14:07:43 - [TEST_STEP][PASSED] - verifyElementPropertyValue(getResponse, "groups[0].pricingPlans[0].pricingPlanData[1].currencyLabel", "JOD"): Verify element property value successfully

2023-10-16 14:07:43 - [MESSAGE][PASSED] - Verify element property value successfully

2023-10-16 14:07:43 - [TEST_STEP][PASSED] - verifyElementPropertyValue(getResponse, "groups[0].pricingPlans[0].pricingPlanData[1].allowedForAcquisition", "true"): Verify element property value successfully

2023-10-16 14:07:43 - [MESSAGE][PASSED] - Verify element property value successfully

2023-10-16 14:07:43 - [TEST_STEP][PASSED] - verifyElementPropertyValue(getResponse, "groups[0].pricingPlans[0].pricingPlanData[2].pricingPlanId", "TPay_Orange_JO"): Verify element property value successfully

2023-10-16 14:07:43 - [MESSAGE][PASSED] - Verify element property value successfully

2023-10-16 14:07:43 - [TEST_STEP][PASSED] - verifyElementPropertyValue(getResponse, "groups[0].pricingPlans[0].pricingPlanData[2].productId", "JOR_B2C_SHAHID_VIP_1M"): Verify element property value successfully

2023-10-16 14:07:43 - [MESSAGE][PASSED] - Verify element property value successfully

2023-10-16 14:07:43 - [TEST_STEP][PASSED] - verifyElementPropertyValue(getResponse, "groups[0].pricingPlans[0].pricingPlanData[2].subPricingPlanIds[0]", "41677"): Verify element property value successfully

2023-10-16 14:07:43 - [MESSAGE][PASSED] - Verify element property value successfully

2023-10-16 14:07:43 - [TEST_STEP][PASSED] - verifyElementPropertyValue(getResponse, "groups[0].pricingPlans[0].pricingPlanData[2].paymentMethod", "MOBILE_PAY"): Verify element property value successfully

2023-10-16 14:07:43 - [MESSAGE][PASSED] - Verify element property value successfully

2023-10-16 14:07:43 - [TEST_STEP][PASSED] - verifyElementPropertyValue(getResponse, "groups[0].pricingPlans[0].pricingPlanData[2].freeTrialEnabled", "false"): Verify element property value successfully

2023-10-16 14:07:43 - [MESSAGE][PASSED] - Verify element property value successfully

2023-10-16 14:07:43 - [TEST_STEP][PASSED] - verifyElementPropertyValue(getResponse, "groups[0].pricingPlans[0].pricingPlanData[2].priceLabel", "2.99"): Verify element property value successfully

2023-10-16 14:07:43 - [MESSAGE][PASSED] - Verify element property value successfully

2023-10-16 14:07:43 - [TEST_STEP][PASSED] - verifyElementPropertyValue(getResponse, "groups[0].pricingPlans[0].pricingPlanData[2].currencyLabel", "JOD"): Verify element property value successfully

2023-10-16 14:07:43 - [MESSAGE][PASSED] - Verify element property value successfully

2023-10-16 14:07:43 - [TEST_STEP][PASSED] - verifyElementPropertyValue(getResponse, "groups[0].pricingPlans[0].pricingPlanData[2].allowedForAcquisition", "true"): Verify element property value successfully

2023-10-16 14:07:43 - [MESSAGE][PASSED] - Verify element property value successfully

2023-10-16 14:07:43 - [TEST_STEP][PASSED] - verifyElementPropertyValue(getResponse, "groups[0].pricingPlans[0].pricingPlanData[3].pricingPlanId", "TPay_Umniah_JO"): Verify element property value successfully

2023-10-16 14:07:43 - [MESSAGE][PASSED] - Verify element property value successfully

2023-10-16 14:07:43 - [TEST_STEP][PASSED] - verifyElementPropertyValue(getResponse, "groups[0].pricingPlans[0].pricingPlanData[3].productId", "JOR_B2C_SHAHID_VIP_1M"): Verify element property value successfully

2023-10-16 14:07:43 - [MESSAGE][PASSED] - Verify element property value successfully

2023-10-16 14:07:43 - [TEST_STEP][PASSED] - verifyElementPropertyValue(getResponse, "groups[0].pricingPlans[0].pricingPlanData[3].subPricingPlanIds[0]", "41603"): Verify element property value successfully

2023-10-16 14:07:43 - [MESSAGE][PASSED] - Verify element property value successfully

2023-10-16 14:07:43 - [TEST_STEP][PASSED] - verifyElementPropertyValue(getResponse, "groups[0].pricingPlans[0].pricingPlanData[3].paymentMethod", "MOBILE_PAY"): Verify element property value successfully

2023-10-16 14:07:43 - [MESSAGE][PASSED] - Verify element property value successfully

2023-10-16 14:07:43 - [TEST_STEP][PASSED] - verifyElementPropertyValue(getResponse, "groups[0].pricingPlans[0].pricingPlanData[3].freeTrialEnabled", "false"): Verify element property value successfully

2023-10-16 14:07:43 - [MESSAGE][PASSED] - Verify element property value successfully

2023-10-16 14:07:43 - [TEST_STEP][PASSED] - verifyElementPropertyValue(getResponse, "groups[0].pricingPlans[0].pricingPlanData[3].priceLabel", "2.99"): Verify element property value successfully

2023-10-16 14:07:43 - [MESSAGE][PASSED] - Verify element property value successfully

2023-10-16 14:07:43 - [TEST_STEP][PASSED] - verifyElementPropertyValue(getResponse, "groups[0].pricingPlans[0].pricingPlanData[3].currencyLabel", "JOD"): Verify element property value successfully

2023-10-16 14:07:43 - [MESSAGE][PASSED] - Verify element property value successfully

2023-10-16 14:07:43 - [TEST_STEP][PASSED] - verifyElementPropertyValue(getResponse, "groups[0].pricingPlans[0].pricingPlanData[3].allowedForAcquisition", "true"): Verify element property value successfully

2023-10-16 14:07:43 - [MESSAGE][PASSED] - Verify element property value successfully

2023-10-16 14:07:43 - [TEST_STEP][PASSED] - verifyElementPropertyValue(getResponse, "groups[0].pricingPlans[1].featured", "false"): Verify element property value successfully

2023-10-16 14:07:43 - [MESSAGE][PASSED] - Verify element property value successfully

2023-10-16 14:07:43 - [TEST_STEP][PASSED] - verifyElementPropertyValue(getResponse, "groups[0].pricingPlans[1].packageId", "SHAHID_VIP"): Verify element property value successfully

2023-10-16 14:07:43 - [MESSAGE][PASSED] - Verify element property value successfully

2023-10-16 14:07:43 - [TEST_STEP][PASSED] - verifyElementPropertyValue(getResponse, "groups[0].pricingPlans[1].catalogId", "VIP"): Verify element property value successfully

2023-10-16 14:07:43 - [MESSAGE][PASSED] - Verify element property value successfully

2023-10-16 14:07:43 - [TEST_STEP][PASSED] - verifyElementPropertyValue(getResponse, "groups[0].pricingPlans[1].visualElements[0].key", "Header_1_text"): Verify element property value successfully

2023-10-16 14:07:43 - [MESSAGE][PASSED] - Verify element property value successfully

2023-10-16 14:07:43 - [TEST_STEP][PASSED] - verifyElementPropertyValue(getResponse, "groups[0].pricingPlans[1].visualElements[0].value", "Watch the most powerful series and movies exclusively without stopping"): Verify element property value successfully

2023-10-16 14:07:43 - [MESSAGE][PASSED] - Verify element property value successfully

2023-10-16 14:07:43 - [TEST_STEP][PASSED] - verifyElementPropertyValue(getResponse, "groups[0].pricingPlans[1].visualElements[1].key", "display_title"): Verify element property value successfully

2023-10-16 14:07:43 - [MESSAGE][PASSED] - Verify element property value successfully

2023-10-16 14:07:43 - [TEST_STEP][PASSED] - verifyElementPropertyValue(getResponse, "groups[0].pricingPlans[1].visualElements[1].value", "Annual Plan"): Verify element property value successfully

2023-10-16 14:07:43 - [MESSAGE][PASSED] - Verify element property value successfully

2023-10-16 14:07:43 - [TEST_STEP][PASSED] - verifyElementPropertyValue(getResponse, "groups[0].pricingPlans[1].visualElements[2].key", "tag_text"): Verify element property value successfully

2023-10-16 14:07:43 - [MESSAGE][PASSED] - Verify element property value successfully

2023-10-16 14:07:43 - [TEST_STEP][PASSED] - verifyElementPropertyValue(getResponse, "groups[0].pricingPlans[1].visualElements[2].value", "Save 28%"): Verify element property value successfully

2023-10-16 14:07:43 - [MESSAGE][PASSED] - Verify element property value successfully

2023-10-16 14:07:43 - [TEST_STEP][PASSED] - verifyElementPropertyValue(getResponse, "groups[0].pricingPlans[1].visualElements[3].key", "promo_text"): Verify element property value successfully

2023-10-16 14:07:43 - [MESSAGE][PASSED] - Verify element property value successfully

2023-10-16 14:07:43 - [TEST_STEP][PASSED] - verifyElementPropertyValue(getResponse, "groups[0].pricingPlans[1].visualElements[3].value", "2.14 JOD/ month"): Verify element property value successfully

2023-10-16 14:07:43 - [MESSAGE][PASSED] - Verify element property value successfully

2023-10-16 14:07:43 - [TEST_STEP][PASSED] - verifyElementPropertyValue(getResponse, "groups[0].pricingPlans[1].visualElements[4].key", "deduction_text"): Verify element property value successfully

2023-10-16 14:07:43 - [MESSAGE][PASSED] - Verify element property value successfully

2023-10-16 14:07:43 - [TEST_STEP][PASSED] - verifyElementPropertyValue(getResponse, "groups[0].pricingPlans[1].visualElements[4].value", "25.69 JOD billed every year"): Verify element property value successfully

2023-10-16 14:07:43 - [MESSAGE][PASSED] - Verify element property value successfully

2023-10-16 14:07:43 - [TEST_STEP][PASSED] - verifyElementPropertyValue(getResponse, "groups[0].pricingPlans[1].visualElements[7].key", "show_payment_logo"): Verify element property value successfully

2023-10-16 14:07:43 - [MESSAGE][PASSED] - Verify element property value successfully

2023-10-16 14:07:43 - [TEST_STEP][PASSED] - verifyElementPropertyValue(getResponse, "groups[0].pricingPlans[1].visualElements[7].value", "true"): Verify element property value successfully

2023-10-16 14:07:43 - [MESSAGE][PASSED] - Verify element property value successfully

2023-10-16 14:07:43 - [TEST_STEP][PASSED] - verifyElementPropertyValue(getResponse, "groups[0].pricingPlans[1].visualElements[8].key", "show_tag"): Verify element property value successfully

2023-10-16 14:07:43 - [MESSAGE][PASSED] - Verify element property value successfully

2023-10-16 14:07:43 - [TEST_STEP][PASSED] - verifyElementPropertyValue(getResponse, "groups[0].pricingPlans[1].visualElements[8].value", "true"): Verify element property value successfully

2023-10-16 14:07:43 - [MESSAGE][PASSED] - Verify element property value successfully

2023-10-16 14:07:43 - [TEST_STEP][PASSED] - verifyElementPropertyValue(getResponse, "groups[0].pricingPlans[1].visualElements[10].key", "price"): Verify element property value successfully

2023-10-16 14:07:43 - [MESSAGE][PASSED] - Verify element property value successfully

2023-10-16 14:07:43 - [TEST_STEP][PASSED] - verifyElementPropertyValue(getResponse, "groups[0].pricingPlans[1].visualElements[10].value", "25.69"): Verify element property value successfully

2023-10-16 14:07:43 - [MESSAGE][PASSED] - Verify element property value successfully

2023-10-16 14:07:43 - [TEST_STEP][PASSED] - verifyElementPropertyValue(getResponse, "groups[0].pricingPlans[1].visualElements[11].key", "currency"): Verify element property value successfully

2023-10-16 14:07:43 - [MESSAGE][PASSED] - Verify element property value successfully

2023-10-16 14:07:43 - [TEST_STEP][PASSED] - verifyElementPropertyValue(getResponse, "groups[0].pricingPlans[1].visualElements[11].value", "JOD"): Verify element property value successfully

2023-10-16 14:07:43 - [MESSAGE][PASSED] - Verify element property value successfully

2023-10-16 14:07:43 - [TEST_STEP][PASSED] - verifyElementPropertyValue(getResponse, "groups[0].pricingPlans[1].visualElements[12].key", "duration"): Verify element property value successfully

2023-10-16 14:07:43 - [MESSAGE][PASSED] - Verify element property value successfully

2023-10-16 14:07:43 - [TEST_STEP][PASSED] - verifyElementPropertyValue(getResponse, "groups[0].pricingPlans[1].visualElements[12].value", "yearly"): Verify element property value successfully

2023-10-16 14:07:43 - [MESSAGE][PASSED] - Verify element property value successfully

2023-10-16 14:07:43 - [TEST_STEP][PASSED] - verifyElementPropertyValue(getResponse, "groups[0].pricingPlans[1].order", "2"): Verify element property value successfully

2023-10-16 14:07:43 - [MESSAGE][PASSED] - Verify element property value successfully

2023-10-16 14:07:43 - [TEST_STEP][PASSED] - verifyElementPropertyValue(getResponse, "groups[0].pricingPlans[1].period", "yearly"): Verify element property value successfully

2023-10-16 14:07:43 - [MESSAGE][PASSED] - Verify element property value successfully

2023-10-16 14:07:43 - [TEST_STEP][PASSED] - verifyElementPropertyValue(getResponse, "groups[0].pricingPlans[1].price", "25.69"): Verify element property value successfully

2023-10-16 14:07:43 - [MESSAGE][PASSED] - Verify element property value successfully

2023-10-16 14:07:43 - [TEST_STEP][PASSED] - verifyElementPropertyValue(getResponse, "groups[0].pricingPlans[1].currency", "JOD"): Verify element property value successfully

2023-10-16 14:07:43 - [MESSAGE][PASSED] - Verify element property value successfully

2023-10-16 14:07:43 - [TEST_STEP][PASSED] - verifyElementPropertyValue(getResponse, "groups[0].pricingPlans[1].pricingPlanData[0].productId", "JOR_B2C_SHAHID_VIP_12M"): Verify element property value successfully

2023-10-16 14:07:43 - [MESSAGE][PASSED] - Verify element property value successfully

2023-10-16 14:07:43 - [TEST_STEP][PASSED] - verifyElementPropertyValue(getResponse, "groups[0].pricingPlans[1].pricingPlanData[0].subPricingPlanIds", "null"): Verify element property value successfully

2023-10-16 14:07:43 - [MESSAGE][PASSED] - Verify element property value successfully

2023-10-16 14:07:43 - [TEST_STEP][PASSED] - verifyElementPropertyValue(getResponse, "groups[0].pricingPlans[1].pricingPlanData[0].paymentMethod", "CREDIT_CARD"): Verify element property value successfully

2023-10-16 14:07:43 - [MESSAGE][PASSED] - Verify element property value successfully

2023-10-16 14:07:43 - [TEST_STEP][PASSED] - verifyElementPropertyValue(getResponse, "groups[0].pricingPlans[1].pricingPlanData[0].freeTrialEnabled", "false"): Verify element property value successfully

2023-10-16 14:07:43 - [MESSAGE][PASSED] - Verify element property value successfully

2023-10-16 14:07:43 - [TEST_STEP][PASSED] - verifyElementPropertyValue(getResponse, "groups[0].pricingPlans[1].pricingPlanData[0].visualElements[0].key", "title"): Verify element property value successfully

2023-10-16 14:07:43 - [MESSAGE][PASSED] - Verify element property value successfully

2023-10-16 14:07:43 - [TEST_STEP][PASSED] - verifyElementPropertyValue(getResponse, "groups[0].pricingPlans[1].pricingPlanData[0].visualElements[0].value", "Credit/Debit Card"): Verify element property value successfully

2023-10-16 14:07:43 - [MESSAGE][PASSED] - Verify element property value successfully

2023-10-16 14:07:43 - [TEST_STEP][PASSED] - verifyElementPropertyValue(getResponse, "groups[0].pricingPlans[1].pricingPlanData[0].visualElements[1].key", "CTA_text"): Verify element property value successfully

2023-10-16 14:07:43 - [MESSAGE][PASSED] - Verify element property value successfully

2023-10-16 14:07:43 - [TEST_STEP][PASSED] - verifyElementPropertyValue(getResponse, "groups[0].pricingPlans[1].pricingPlanData[0].visualElements[1].value", "Subscribe"): Verify element property value successfully

2023-10-16 14:07:43 - [MESSAGE][PASSED] - Verify element property value successfully

2023-10-16 14:07:43 - [TEST_STEP][PASSED] - verifyElementPropertyValue(getResponse, "groups[0].pricingPlans[1].pricingPlanData[0].visualElements[2].key", "logo"): Verify element property value successfully

2023-10-16 14:07:43 - [MESSAGE][PASSED] - Verify element property value successfully

2023-10-16 14:07:43 - [TEST_STEP][PASSED] - verifyElementPropertyValue(getResponse, "groups[0].pricingPlans[1].pricingPlanData[0].visualElements[2].value", "https://static.s3.shahid.mbc.net/widget-images/icons/iconCreditCard.png"): Verify element property value successfully

2023-10-16 14:07:44 - [MESSAGE][PASSED] - Verify element property value successfully

2023-10-16 14:07:44 - [TEST_STEP][PASSED] - verifyElementPropertyValue(getResponse, "groups[0].pricingPlans[1].pricingPlanData[0].priceLabel", "25.69"): Verify element property value successfully

2023-10-16 14:07:44 - [MESSAGE][PASSED] - Verify element property value successfully

2023-10-16 14:07:44 - [TEST_STEP][PASSED] - verifyElementPropertyValue(getResponse, "groups[0].pricingPlans[1].pricingPlanData[0].currencyLabel", "JOD"): Verify element property value successfully

2023-10-16 14:07:44 - [MESSAGE][PASSED] - Verify element property value successfully

2023-10-16 14:07:44 - [TEST_STEP][PASSED] - verifyElementPropertyValue(getResponse, "groups[0].pricingPlans[1].pricingPlanData[0].allowedForAcquisition", "true"): Verify element property value successfully

2023-10-16 14:07:44 - [MESSAGE][PASSED] - Verify element property value successfully

2023-10-16 14:07:44 - [TEST_STEP][PASSED] - verifyElementPropertyValue(getResponse, "groups[0].pricingPlans[1].pricingPlanData[0].showIn[0]", "VERTICAL_MODE"): Verify element property value successfully

2023-10-16 14:07:44 - [MESSAGE][PASSED] - Verify element property value successfully

2023-10-16 14:07:44 - [TEST_STEP][PASSED] - verifyElementPropertyValue(getResponse, "groups[0].pricingPlans[1].pricingPlanData[0].showIn[1]", "HORIZONTAL_MODE"): Verify element property value successfully

2023-10-16 14:07:44 - [MESSAGE][PASSED] - Verify element property value successfully

2023-10-16 14:07:44 - [TEST_STEP][PASSED] - verifyElementPropertyValue(getResponse, "deals[0].param", "arabbank"): Verify element property value successfully

2023-10-16 14:07:44 - [MESSAGE][PASSED] - Verify element property value successfully

2023-10-16 14:07:44 - [TEST_STEP][PASSED] - verifyElementPropertyValue(getResponse, "deals[0].skipLandingPage", "true"): Verify element property value successfully

2023-10-16 14:07:44 - [MESSAGE][PASSED] - Verify element property value successfully

2023-10-16 14:07:44 - [TEST_STEP][PASSED] - verifyElementPropertyValue(getResponse, "deals[0].visible", "true"): Verify element property value successfully

2023-10-16 14:07:44 - [MESSAGE][PASSED] - Verify element property value successfully

2023-10-16 14:07:44 - [TEST_STEP][PASSED] - verifyElementPropertyValue(getResponse, "deals[0].dealType", "deal_with_pricing_plan"): Verify element property value successfully

2023-10-16 14:07:44 - [MESSAGE][PASSED] - Verify element property value successfully

2023-10-16 14:07:44 - [TEST_STEP][PASSED] - verifyElementPropertyValue(getResponse, "deals[0].template", "BANK_CARD"): Verify element property value successfully

2023-10-16 14:07:44 - [MESSAGE][PASSED] - Verify element property value successfully

2023-10-16 14:07:44 - [TEST_STEP][PASSED] - verifyElementPropertyValue(getResponse, "deals[0].visualElements[1].key", "display_title"): Verify element property value successfully

2023-10-16 14:07:44 - [MESSAGE][PASSED] - Verify element property value successfully

2023-10-16 14:07:44 - [TEST_STEP][PASSED] - verifyElementPropertyValue(getResponse, "deals[0].visualElements[1].value", "Arab bank offer"): Verify element property value successfully

2023-10-16 14:07:44 - [MESSAGE][PASSED] - Verify element property value successfully

2023-10-16 14:07:44 - [TEST_STEP][PASSED] - verifyElementPropertyValue(getResponse, "deals[0].visualElements[2].key", "deduction_text"): Verify element property value successfully

2023-10-16 14:07:44 - [MESSAGE][PASSED] - Verify element property value successfully

2023-10-16 14:07:44 - [TEST_STEP][PASSED] - verifyElementPropertyValue(getResponse, "deals[0].visualElements[2].value", "Get 3 additional months for free upon subscribing to the monthly plan"): Verify element property value successfully

2023-10-16 14:07:44 - [MESSAGE][PASSED] - Verify element property value successfully

2023-10-16 14:07:44 - [TEST_STEP][PASSED] - verifyElementPropertyValue(getResponse, "deals[0].visualElements[4].key", "promo_text"): Verify element property value successfully

2023-10-16 14:07:44 - [MESSAGE][PASSED] - Verify element property value successfully

2023-10-16 14:07:44 - [TEST_STEP][PASSED] - verifyElementPropertyValue(getResponse, "deals[0].visualElements[4].value", "2.99 JOD / Month"): Verify element property value successfully

2023-10-16 14:07:44 - [MESSAGE][PASSED] - Verify element property value successfully

2023-10-16 14:07:44 - [TEST_STEP][PASSED] - verifyElementPropertyValue(getResponse, "deals[0].visualElements[6].key", "CTA_text"): Verify element property value successfully

2023-10-16 14:07:44 - [MESSAGE][PASSED] - Verify element property value successfully

2023-10-16 14:07:44 - [TEST_STEP][PASSED] - verifyElementPropertyValue(getResponse, "deals[0].visualElements[6].value", "Redeem the offer"): Verify element property value successfully

2023-10-16 14:07:44 - [MESSAGE][PASSED] - Verify element property value successfully

2023-10-16 14:07:44 - [TEST_STEP][PASSED] - verifyElementPropertyValue(getResponse, "deals[0].visualElements[7].key", "main_partner_logo"): Verify element property value successfully

2023-10-16 14:07:44 - [MESSAGE][PASSED] - Verify element property value successfully

2023-10-16 14:07:44 - [TEST_STEP][PASSED] - verifyElementPropertyValue(getResponse, "deals[0].visualElements[7].value", "https://shahid-static.s3.us-east-1.amazonaws.com/widget-images/subscription/arab-bank-logo.png"): Verify element property value successfully

2023-10-16 14:07:44 - [MESSAGE][PASSED] - Verify element property value successfully

2023-10-16 14:07:44 - [TEST_STEP][PASSED] - verifyElementPropertyValue(getResponse, "deals[0].groups[0].pricingPlans[0].featured", "false"): Verify element property value successfully

2023-10-16 14:07:44 - [MESSAGE][PASSED] - Verify element property value successfully

2023-10-16 14:07:44 - [TEST_STEP][PASSED] - verifyElementPropertyValue(getResponse, "deals[0].groups[0].pricingPlans[0].liteRegistrationEnabled", "true"): Verify element property value successfully

2023-10-16 14:07:44 - [MESSAGE][PASSED] - Verify element property value successfully

2023-10-16 14:07:44 - [TEST_STEP][PASSED] - verifyElementPropertyValue(getResponse, "deals[0].groups[0].pricingPlans[0].packageName", "monthly"): Verify element property value successfully

2023-10-16 14:07:44 - [MESSAGE][PASSED] - Verify element property value successfully

2023-10-16 14:07:44 - [TEST_STEP][PASSED] - verifyElementPropertyValue(getResponse, "deals[0].groups[0].pricingPlans[0].price", "2.99"): Verify element property value successfully

2023-10-16 14:07:44 - [MESSAGE][PASSED] - Verify element property value successfully

2023-10-16 14:07:44 - [TEST_STEP][PASSED] - verifyElementPropertyValue(getResponse, "deals[0].groups[0].pricingPlans[0].priceLabel", "2.99"): Verify element property value successfully

2023-10-16 14:07:44 - [MESSAGE][PASSED] - Verify element property value successfully

2023-10-16 14:07:44 - [TEST_STEP][PASSED] - verifyElementPropertyValue(getResponse, "deals[0].groups[0].pricingPlans[0].currency", "JOD"): Verify element property value successfully

2023-10-16 14:07:44 - [MESSAGE][PASSED] - Verify element property value successfully

2023-10-16 14:07:44 - [TEST_STEP][PASSED] - verifyElementPropertyValue(getResponse, "deals[0].groups[0].pricingPlans[0].currencyLabel", "JOD"): Verify element property value successfully

2023-10-16 14:07:44 - [MESSAGE][PASSED] - Verify element property value successfully

2023-10-16 14:07:44 - [TEST_STEP][PASSED] - verifyElementPropertyValue(getResponse, "deals[0].groups[0].pricingPlans[0].packageId", "SHAHID_VIP"): Verify element property value successfully

2023-10-16 14:07:44 - [MESSAGE][PASSED] - Verify element property value successfully

2023-10-16 14:07:44 - [TEST_STEP][PASSED] - verifyElementPropertyValue(getResponse, "deals[0].groups[0].pricingPlans[0].catalogId", "VIP"): Verify element property value successfully

2023-10-16 14:07:44 - [MESSAGE][PASSED] - Verify element property value successfully

2023-10-16 14:07:44 - [TEST_STEP][PASSED] - verifyElementPropertyValue(getResponse, "deals[0].groups[0].pricingPlans[0].visualElements[0].key", "Header_1_text"): Verify element property value successfully

2023-10-16 14:07:44 - [MESSAGE][PASSED] - Verify element property value successfully

2023-10-16 14:07:44 - [TEST_STEP][PASSED] - verifyElementPropertyValue(getResponse, "deals[0].groups[0].pricingPlans[0].visualElements[0].value", "Subscribe to 1 Month now! and receive 3 Months top up"): Verify element property value successfully

2023-10-16 14:07:44 - [MESSAGE][PASSED] - Verify element property value successfully

2023-10-16 14:07:44 - [TEST_STEP][PASSED] - verifyElementPropertyValue(getResponse, "deals[0].groups[0].pricingPlans[0].visualElements[2].key", "tab_name"): Verify element property value successfully

2023-10-16 14:07:44 - [MESSAGE][PASSED] - Verify element property value successfully

2023-10-16 14:07:44 - [TEST_STEP][PASSED] - verifyElementPropertyValue(getResponse, "deals[0].groups[0].pricingPlans[0].visualElements[2].value", "Arab Bank Offer"): Verify element property value successfully

2023-10-16 14:07:44 - [MESSAGE][PASSED] - Verify element property value successfully

2023-10-16 14:07:44 - [TEST_STEP][PASSED] - verifyElementPropertyValue(getResponse, "deals[0].groups[0].pricingPlans[0].visualElements[7].key", "show_payment_logo"): Verify element property value successfully

2023-10-16 14:07:44 - [MESSAGE][PASSED] - Verify element property value successfully

2023-10-16 14:07:44 - [TEST_STEP][PASSED] - verifyElementPropertyValue(getResponse, "deals[0].groups[0].pricingPlans[0].visualElements[7].value", "true"): Verify element property value successfully

2023-10-16 14:07:44 - [MESSAGE][PASSED] - Verify element property value successfully

2023-10-16 14:07:44 - [TEST_STEP][PASSED] - verifyElementPropertyValue(getResponse, "deals[0].groups[0].pricingPlans[0].visualElements[8].key", "show_tag"): Verify element property value successfully

2023-10-16 14:07:44 - [MESSAGE][PASSED] - Verify element property value successfully

2023-10-16 14:07:44 - [TEST_STEP][PASSED] - verifyElementPropertyValue(getResponse, "deals[0].groups[0].pricingPlans[0].visualElements[8].value", "true"): Verify element property value successfully

2023-10-16 14:07:44 - [MESSAGE][PASSED] - Verify element property value successfully

2023-10-16 14:07:44 - [TEST_STEP][PASSED] - verifyElementPropertyValue(getResponse, "deals[0].groups[0].pricingPlans[0].visualElements[11].key", "price"): Verify element property value successfully

2023-10-16 14:07:44 - [MESSAGE][PASSED] - Verify element property value successfully

2023-10-16 14:07:44 - [TEST_STEP][PASSED] - verifyElementPropertyValue(getResponse, "deals[0].groups[0].pricingPlans[0].visualElements[11].value", "2.99"): Verify element property value successfully

2023-10-16 14:07:44 - [MESSAGE][PASSED] - Verify element property value successfully

2023-10-16 14:07:44 - [TEST_STEP][PASSED] - verifyElementPropertyValue(getResponse, "deals[0].groups[0].pricingPlans[0].visualElements[12].key", "currency"): Verify element property value successfully

2023-10-16 14:07:44 - [MESSAGE][PASSED] - Verify element property value successfully

2023-10-16 14:07:44 - [TEST_STEP][PASSED] - verifyElementPropertyValue(getResponse, "deals[0].groups[0].pricingPlans[0].visualElements[12].value", "JOD"): Verify element property value successfully

2023-10-16 14:07:44 - [MESSAGE][PASSED] - Verify element property value successfully

2023-10-16 14:07:44 - [TEST_STEP][PASSED] - verifyElementPropertyValue(getResponse, "deals[0].groups[0].pricingPlans[0].visualElements[13].key", "duration"): Verify element property value successfully

2023-10-16 14:07:44 - [MESSAGE][PASSED] - Verify element property value successfully

2023-10-16 14:07:44 - [TEST_STEP][PASSED] - verifyElementPropertyValue(getResponse, "deals[0].groups[0].pricingPlans[0].visualElements[13].value", "monthly"): Verify element property value successfully

2023-10-16 14:07:44 - [MESSAGE][PASSED] - Verify element property value successfully

2023-10-16 14:07:44 - [TEST_STEP][PASSED] - verifyElementPropertyValue(getResponse, "deals[0].groups[0].pricingPlans[0].visualElements[17].key", "CC_logo"): Verify element property value successfully

2023-10-16 14:07:44 - [MESSAGE][PASSED] - Verify element property value successfully

2023-10-16 14:07:44 - [TEST_STEP][PASSED] - verifyElementPropertyValue(getResponse, "deals[0].groups[0].pricingPlans[0].visualElements[17].value[0]", "visa"): Verify element property value successfully

2023-10-16 14:07:44 - [MESSAGE][PASSED] - Verify element property value successfully

2023-10-16 14:07:44 - [TEST_STEP][PASSED] - verifyElementPropertyValue(getResponse, "deals[0].groups[0].pricingPlans[0].visualElements[17].value[1]", "master"): Verify element property value successfully

2023-10-16 14:07:44 - [MESSAGE][PASSED] - Verify element property value successfully

2023-10-16 14:07:44 - [TEST_STEP][PASSED] - verifyElementPropertyValue(getResponse, "deals[0].groups[0].pricingPlans[0].pricingPlanData[0].productId", "JOR_B2C_SHAHID_VIP_1M"): Verify element property value successfully

2023-10-16 14:07:44 - [MESSAGE][PASSED] - Verify element property value successfully

2023-10-16 14:07:44 - [TEST_STEP][PASSED] - verifyElementPropertyValue(getResponse, "deals[0].groups[0].pricingPlans[0].pricingPlanData[0].paymentMethod", "CREDIT_CARD"): Verify element property value successfully

2023-10-16 14:07:44 - [MESSAGE][PASSED] - Verify element property value successfully

2023-10-16 14:07:44 - [TEST_STEP][PASSED] - verifyElementPropertyValue(getResponse, "deals[0].groups[0].pricingPlans[0].pricingPlanData[0].priceLabel", "2.99"): Verify element property value successfully

2023-10-16 14:07:44 - [MESSAGE][PASSED] - Verify element property value successfully

2023-10-16 14:07:44 - [TEST_STEP][PASSED] - verifyElementPropertyValue(getResponse, "deals[0].groups[0].pricingPlans[0].pricingPlanData[0].currencyLabel", "JOD"): Verify element property value successfully

2023-10-16 14:07:44 - [MESSAGE][PASSED] - Verify element property value successfully

2023-10-16 14:07:44 - [TEST_STEP][PASSED] - verifyElementPropertyValue(getResponse, "deals[0].groups[0].pricingPlans[0].pricingPlanData[0].dealId", "ABOF001"): Verify element property value successfully

2023-10-16 14:07:44 - [MESSAGE][PASSED] - Verify element property value successfully

2023-10-16 14:07:44 - [TEST_STEP][PASSED] - verifyElementPropertyValue(getResponse, "deals[0].groups[0].pricingPlans[0].pricingPlanData[0].showForAnonymous", "true"): Verify element property value successfully

2023-10-16 14:07:44 - [MESSAGE][PASSED] - Verify element property value successfully

2023-10-16 14:07:44 - [TEST_STEP][PASSED] - verifyElementPropertyValue(getResponse, "deals[0].specialOfferLandingPage.visualElements[0].key", "pop_up_tab_title"): Verify element property value successfully

2023-10-16 14:07:44 - [MESSAGE][PASSED] - Verify element property value successfully

2023-10-16 14:07:44 - [TEST_STEP][PASSED] - verifyElementPropertyValue(getResponse, "deals[0].specialOfferLandingPage.visualElements[0].value[0]", "Terms and Conditions  "): Verify element property value successfully

2023-10-16 14:07:44 - [MESSAGE][PASSED] - Verify element property value successfully

2023-10-16 14:07:44 - [TEST_STEP][PASSED] - verifyElementPropertyValue(getResponse, "deals[0].specialOfferLandingPage.visualElements[1].key", "pop_up_tab_content"): Verify element property value successfully

2023-10-16 14:07:44 - [MESSAGE][PASSED] - Verify element property value successfully

2023-10-16 14:07:44 - [TEST_STEP][PASSED] - verifyElementPropertyValue(getResponse, "deals[0].specialOfferLandingPage.visualElements[1].value[0]", "<ul> <li> This offer is available for new and returning Shahid VIP subscribers. </li>  <li> The offer is valid until May 31, 2022. </li>  <li> For inquiries, contact us at: care@shahid.net. </li> <li> This offer is available only on the Monthly Plan. </li> <li> You can avail this offer by subscribing through shahid.net/arabbank only. </li></ul>"): Verify element property value successfully

2023-10-16 14:07:44 - [MESSAGE][PASSED] - Verify element property value successfully

2023-10-16 14:07:44 - [TEST_STEP][PASSED] - verifyElementPropertyValue(getResponse, "deals[0].specialOfferLandingPage.visualElements[2].key", "partner_logo"): Verify element property value successfully

2023-10-16 14:07:44 - [MESSAGE][PASSED] - Verify element property value successfully

2023-10-16 14:07:44 - [TEST_STEP][PASSED] - verifyElementPropertyValue(getResponse, "deals[0].specialOfferLandingPage.visualElements[2].value", "https://shahid-static.s3.us-east-1.amazonaws.com/widget-images/subscription/arab-bank-logo.png"): Verify element property value successfully

2023-10-16 14:07:44 - [MESSAGE][PASSED] - Verify element property value successfully

2023-10-16 14:07:44 - [TEST_STEP][PASSED] - verifyElementPropertyValue(getResponse, "deals[0].specialOfferLandingPage.visualElements[4].key", "partner_name"): Verify element property value successfully

2023-10-16 14:07:44 - [MESSAGE][PASSED] - Verify element property value successfully

2023-10-16 14:07:44 - [TEST_STEP][PASSED] - verifyElementPropertyValue(getResponse, "deals[0].specialOfferLandingPage.visualElements[4].value", "Arab_Bank"): Verify element property value successfully

2023-10-16 14:07:44 - [MESSAGE][PASSED] - Verify element property value successfully

2023-10-16 14:07:44 - [TEST_STEP][PASSED] - verifyElementPropertyValue(getResponse, "deals[0].specialOfferLandingPage.visualElements[6].key", "continue_cta"): Verify element property value successfully

2023-10-16 14:07:44 - [MESSAGE][PASSED] - Verify element property value successfully

2023-10-16 14:07:44 - [TEST_STEP][PASSED] - verifyElementPropertyValue(getResponse, "deals[0].specialOfferLandingPage.visualElements[6].value", "Try Shahid VIP"): Verify element property value successfully

2023-10-16 14:07:44 - [MESSAGE][PASSED] - Verify element property value successfully

2023-10-16 14:07:44 - [TEST_STEP][PASSED] - verifyElementPropertyValue(getResponse, "deals[0].specialOfferLandingPage.visualElements[7].key", "guideline_cta"): Verify element property value successfully

2023-10-16 14:07:44 - [MESSAGE][PASSED] - Verify element property value successfully

2023-10-16 14:07:44 - [TEST_STEP][PASSED] - verifyElementPropertyValue(getResponse, "deals[0].specialOfferLandingPage.visualElements[7].value[0]", "Terms and Conditions Apply"): Verify element property value successfully

2023-10-16 14:07:44 - [MESSAGE][PASSED] - Verify element property value successfully

2023-10-16 14:07:44 - [TEST_STEP][PASSED] - verifyElementPropertyValue(getResponse, "deals[0].specialOfferLandingPage.cards[0].title", "'Monthly Plan"): Verify element property value successfully

2023-10-16 14:07:44 - [MESSAGE][PASSED] - Verify element property value successfully

2023-10-16 14:07:44 - [TEST_STEP][PASSED] - verifyElementPropertyValue(getResponse, "deals[0].specialOfferLandingPage.cards[0].image", "https://shahid-static.s3.us-east-1.amazonaws.com/widget-images/subscription/ArabBank.jpg"): Verify element property value successfully

2023-10-16 14:07:44 - [MESSAGE][PASSED] - Verify element property value successfully

2023-10-16 14:07:44 - [TEST_STEP][PASSED] - verifyElementPropertyValue(getResponse, "visualElements[0].key", "main_CTA_text_1"): Verify element property value successfully

2023-10-16 14:07:44 - [MESSAGE][PASSED] - Verify element property value successfully

2023-10-16 14:07:44 - [TEST_STEP][PASSED] - verifyElementPropertyValue(getResponse, "visualElements[0].value", "Watch the most powerful series and movies exclusively without stopping"): Verify element property value successfully

2023-10-16 14:07:44 - [MESSAGE][PASSED] - Verify element property value successfully

2023-10-16 14:07:44 - [TEST_STEP][PASSED] - verifyElementPropertyValue(getResponse, "visualElements[2].key", "main_disclaimer_text"): Verify element property value successfully

2023-10-16 14:07:44 - [MESSAGE][PASSED] - Verify element property value successfully

2023-10-16 14:07:44 - [TEST_STEP][PASSED] - verifyElementPropertyValue(getResponse, "visualElements[2].value", "Subscription fees may vary depending on the country, payment method, subscription package, added tax, currency conversion factor, and bank fees. Terms and conditions apply."): Verify element property value successfully

2023-10-16 14:07:44 - [MESSAGE][PASSED] - Verify element property value successfully

2023-10-16 14:07:44 - [TEST_STEP][PASSED] - verifyElementPropertyValue(getResponse, "visualElements[4].key", "display_type"): Verify element property value successfully

2023-10-16 14:07:44 - [MESSAGE][PASSED] - Verify element property value successfully

2023-10-16 14:07:44 - [TEST_STEP][PASSED] - verifyElementPropertyValue(getResponse, "visualElements[4].value", "vertical"): Verify element property value successfully

2023-10-16 14:07:44 - [MESSAGE][PASSED] - Verify element property value successfully

2023-10-16 14:07:44 - [TEST_STEP][PASSED] - verifyElementPropertyValue(getResponse, "pages[0].visualElements[0].key", "alternative_payment_title"): Verify element property value successfully

2023-10-16 14:07:44 - [MESSAGE][PASSED] - Verify element property value successfully

2023-10-16 14:07:44 - [TEST_STEP][PASSED] - verifyElementPropertyValue(getResponse, "pages[0].visualElements[0].value", "Or choose one of the following alternative methods"): Verify element property value successfully

2023-10-16 14:07:44 - [MESSAGE][PASSED] - Verify element property value successfully

2023-10-16 14:07:44 - [TEST_STEP][PASSED] - verifyElementPropertyValue(getResponse, "pages[0].visualElements[1].key", "label_text"): Verify element property value successfully

2023-10-16 14:07:44 - [MESSAGE][PASSED] - Verify element property value successfully

2023-10-16 14:07:44 - [TEST_STEP][FAILED] - verifyElementPropertyValue(getResponse, "pages[0].visualElements[1].value", "Other Payment Methods"): Expected element property value 'Other Payment Methods' is not equal with actual property value 'Other payment methods'

2023-10-16 14:07:44 - [MESSAGE][FAILED] - Expected element property value 'Other Payment Methods' is not equal with actual property value 'Other payment methods'

2023-10-16 14:07:44 - [TEST_STEP][PASSED] - verifyElementPropertyValue(getResponse, "pages[0].visualElements[3].key", "CTA_text"): Verify element property value successfully

2023-10-16 14:07:44 - [MESSAGE][PASSED] - Verify element property value successfully

2023-10-16 14:07:44 - [TEST_STEP][PASSED] - verifyElementPropertyValue(getResponse, "pages[0].visualElements[3].value", "Click here"): Verify element property value successfully

2023-10-16 14:07:44 - [MESSAGE][PASSED] - Verify element property value successfully

2023-10-16 14:07:44 - [TEST_STEP][PASSED] - verifyElementPropertyValue(getResponse, "pages[0].visualElements[4].key", "main_title"): Verify element property value successfully

2023-10-16 14:07:44 - [MESSAGE][PASSED] - Verify element property value successfully

2023-10-16 14:07:44 - [TEST_STEP][PASSED] - verifyElementPropertyValue(getResponse, "pages[0].visualElements[4].value", "Other Payment Methods"): Verify element property value successfully

2023-10-16 14:07:44 - [MESSAGE][PASSED] - Verify element property value successfully

2023-10-16 14:07:44 - [TEST_STEP][PASSED] - verifyElementPropertyValue(getResponse, "pages[0].visualElements[6].key", "alternative_payment_methods"): Verify element property value successfully

2023-10-16 14:07:44 - [MESSAGE][PASSED] - Verify element property value successfully

2023-10-16 14:07:44 - [TEST_STEP][PASSED] - verifyElementPropertyValue(getResponse, "pages[0].visualElements[6].value", "You can get Shahid voucher from any of the following retailers"): Verify element property value successfully

2023-10-16 14:07:44 - [MESSAGE][PASSED] - Verify element property value successfully

2023-10-16 14:07:44 - [TEST_STEP][PASSED] - verifyElementPropertyValue(getResponse, "partners[0].name", "Like Card"): Verify element property value successfully

2023-10-16 14:07:44 - [MESSAGE][PASSED] - Verify element property value successfully

2023-10-16 14:07:44 - [TEST_STEP][PASSED] - verifyElementPropertyValue(getResponse, "partners[0].link", "https://like4card.com/All-Shahid_VIP?country_id=15"): Verify element property value successfully

2023-10-16 14:07:44 - [MESSAGE][PASSED] - Verify element property value successfully

2023-10-16 14:07:44 - [TEST_STEP][PASSED] - verifyElementPropertyValue(getResponse, "partners[0].logo", "https://static.s3.shahid.mbc.net/widget-images/logos/likecard@2x.png"): Verify element property value successfully

2023-10-16 14:07:44 - [MESSAGE][PASSED] - Verify element property value successfully

2023-10-16 14:07:44 - [TEST_STEP][PASSED] - verifyElementPropertyValue(getResponse, "partners[0].visible", "true"): Verify element property value successfully

2023-10-16 14:07:44 - [MESSAGE][PASSED] - Verify element property value successfully

2023-10-16 14:07:44 - [TEST_STEP][PASSED] - verifyElementPropertyValue(getResponse, "partners[0].visualElements[0].key", "text"): Verify element property value successfully

2023-10-16 14:07:44 - [MESSAGE][PASSED] - Verify element property value successfully

2023-10-16 14:07:44 - [TEST_STEP][PASSED] - verifyElementPropertyValue(getResponse, "partners[0].visualElements[0].value", "More Information"): Verify element property value successfully

2023-10-16 14:07:44 - [MESSAGE][PASSED] - Verify element property value successfully

2023-10-16 14:07:44 - [TEST_STEP][PASSED] - verifyElementPropertyValue(getResponse, "partners[1].name", "Zain Cash Jordan"): Verify element property value successfully

2023-10-16 14:07:44 - [MESSAGE][PASSED] - Verify element property value successfully

2023-10-16 14:07:44 - [TEST_STEP][PASSED] - verifyElementPropertyValue(getResponse, "partners[1].link", "https://apps.apple.com/us/app/zain-cash-jordan/id1472544421"): Verify element property value successfully

2023-10-16 14:07:44 - [MESSAGE][PASSED] - Verify element property value successfully

2023-10-16 14:07:44 - [TEST_STEP][PASSED] - verifyElementPropertyValue(getResponse, "partners[1].logo", "https://static.s3.shahid.mbc.net/widget-images/logos/zaincash@2x.png"): Verify element property value successfully

2023-10-16 14:07:44 - [MESSAGE][PASSED] - Verify element property value successfully

2023-10-16 14:07:44 - [TEST_STEP][PASSED] - verifyElementPropertyValue(getResponse, "partners[1].visible", "true"): Verify element property value successfully

2023-10-16 14:07:44 - [MESSAGE][PASSED] - Verify element property value successfully

2023-10-16 14:07:44 - [TEST_STEP][PASSED] - verifyElementPropertyValue(getResponse, "partners[1].visualElements[0].key", "text"): Verify element property value successfully

2023-10-16 14:07:44 - [MESSAGE][PASSED] - Verify element property value successfully

2023-10-16 14:07:44 - [TEST_STEP][PASSED] - verifyElementPropertyValue(getResponse, "partners[1].visualElements[0].value", "More Information"): Verify element property value successfully

2023-10-16 14:07:44 - [MESSAGE][PASSED] - Verify element property value successfully

2023-10-16 14:07:44 - [TEST_STEP][PASSED] - verifyElementPropertyValue(getResponse, "partners[2].name", "Arab bank of jordan"): Verify element property value successfully

2023-10-16 14:07:44 - [MESSAGE][PASSED] - Verify element property value successfully

2023-10-16 14:07:44 - [TEST_STEP][PASSED] - verifyElementPropertyValue(getResponse, "partners[2].link", "https://play.google.com/store/apps/details?id=com.arabbank.arabimobilev2"): Verify element property value successfully

2023-10-16 14:07:44 - [MESSAGE][PASSED] - Verify element property value successfully

2023-10-16 14:07:44 - [TEST_STEP][PASSED] - verifyElementPropertyValue(getResponse, "partners[2].logo", "https://static.s3.shahid.mbc.net/widget-images/logos/arab-bank@2x.png"): Verify element property value successfully

2023-10-16 14:07:44 - [MESSAGE][PASSED] - Verify element property value successfully

2023-10-16 14:07:44 - [TEST_STEP][PASSED] - verifyElementPropertyValue(getResponse, "partners[2].visible", "true"): Verify element property value successfully

2023-10-16 14:07:44 - [MESSAGE][PASSED] - Verify element property value successfully

2023-10-16 14:07:44 - [TEST_STEP][PASSED] - verifyElementPropertyValue(getResponse, "partners[2].visualElements[0].key", "text"): Verify element property value successfully

2023-10-16 14:07:44 - [MESSAGE][PASSED] - Verify element property value successfully

2023-10-16 14:07:44 - [TEST_STEP][PASSED] - verifyElementPropertyValue(getResponse, "partners[2].visualElements[0].value", "More Information"): Verify element property value successfully

2023-10-16 14:07:44 - [MESSAGE][PASSED] - Verify element property value successfully

2023-10-16 14:07:44 - [TEST_STEP][PASSED] - verifyElementPropertyValue(getResponse, "defaultPackageId", "SHAHID_VIP"): Verify element property value successfully

2023-10-16 14:07:44 - [MESSAGE][PASSED] - Verify element property value successfully]]></system-out>
         <system-err><![CDATA[2023-10-16 14:07:40 - [TEST_CASE][FAILED] - Test Cases/WEB - CHROME/JOR PI/WEB_EN_getSubscriptionConfigForJOR_VIP: Test Cases/WEB - CHROME/JOR PI/WEB_EN_getSubscriptionConfigForJOR_VIP FAILED.
Reason:
com.kms.katalon.core.exception.StepFailedException: Expected element property value 'Other Payment Methods' is not equal with actual property value 'Other payment methods'
	at com.kms.katalon.core.keyword.internal.KeywordMain.stepFailed(KeywordMain.groovy:39)
	at com.kms.katalon.core.webservice.keyword.builtin.VerifyElementPropertyValueKeyword$_verifyElementPropertyValue_closure1.doCall(VerifyElementPropertyValueKeyword.groovy:56)
	at com.kms.katalon.core.webservice.keyword.builtin.VerifyElementPropertyValueKeyword$_verifyElementPropertyValue_closure1.call(VerifyElementPropertyValueKeyword.groovy)
	at com.kms.katalon.core.keyword.internal.KeywordMain.runKeyword(KeywordMain.groovy:75)
	at com.kms.katalon.core.webservice.keyword.builtin.VerifyElementPropertyValueKeyword.verifyElementPropertyValue(VerifyElementPropertyValueKeyword.groovy:48)
	at com.kms.katalon.core.webservice.keyword.builtin.VerifyElementPropertyValueKeyword.execute(VerifyElementPropertyValueKeyword.groovy:43)
	at com.kms.katalon.core.keyword.internal.KeywordExecutor.executeKeywordForPlatform(KeywordExecutor.groovy:74)
	at com.kms.katalon.core.webservice.keyword.WSBuiltInKeywords.verifyElementPropertyValue(WSBuiltInKeywords.groovy:190)
	at com.kms.katalon.core.webservice.keyword.WSBuiltInKeywords$verifyElementPropertyValue$1.call(Unknown Source)
	at WEB_EN_getSubscriptionConfigForJOR_VIP.run(WEB_EN_getSubscriptionConfigForJOR_VIP:257)
	at com.kms.katalon.core.main.ScriptEngine.run(ScriptEngine.java:194)
	at com.kms.katalon.core.main.ScriptEngine.runScriptAsRawText(ScriptEngine.java:119)
	at com.kms.katalon.core.main.TestCaseExecutor.runScript(TestCaseExecutor.java:448)
	at com.kms.katalon.core.main.TestCaseExecutor.doExecute(TestCaseExecutor.java:439)
	at com.kms.katalon.core.main.TestCaseExecutor.processExecutionPhase(TestCaseExecutor.java:418)
	at com.kms.katalon.core.main.TestCaseExecutor.accessMainPhase(TestCaseExecutor.java:410)
	at com.kms.katalon.core.main.TestCaseExecutor.execute(TestCaseExecutor.java:285)
	at com.kms.katalon.core.common.CommonExecutor.accessTestCaseMainPhase(CommonExecutor.java:65)
	at com.kms.katalon.core.main.TestSuiteExecutor.accessTestSuiteMainPhase(TestSuiteExecutor.java:148)
	at com.kms.katalon.core.main.TestSuiteExecutor.execute(TestSuiteExecutor.java:106)
	at com.kms.katalon.core.main.TestCaseMain.startTestSuite(TestCaseMain.java:187)
	at com.kms.katalon.core.main.TestCaseMain$startTestSuite$0.call(Unknown Source)
	at TempTestSuite1697454195634.run(TempTestSuite1697454195634.groovy:36)]]></system-err>
      </testcase>
      <testcase name="Test Cases/WEB - CHROME/JOR PI/WEB_EN_getSubscriptionConfigForJOR_Ultimate" time="1.5" classname="Test Cases/WEB - CHROME/JOR PI/WEB_EN_getSubscriptionConfigForJOR_Ultimate" status="PASSED">
         <system-out><![CDATA[2023-10-16 14:07:44 - [TEST_CASE][PASSED] - Test Cases/WEB - CHROME/JOR PI/WEB_EN_getSubscriptionConfigForJOR_Ultimate: Test Cases/WEB - CHROME/JOR PI/WEB_EN_getSubscriptionConfigForJOR_Ultimate

2023-10-16 14:07:45 - [TEST_STEP][PASSED] - getResponse = config_files.getConfigFile.getConfig("WEB", "EN", "SHAHID_VIP_GEA_SPORT", "JO", "false"): config_files.getConfigFile.getConfig is PASSED

2023-10-16 14:07:45 - [MESSAGE][INFO] - HAR: /Users/admin/git/shahid-configuration/Reports/20231016_140310/WEB/JOR/20231016_140315/requests/main/1.har

2023-10-16 14:07:45 - [MESSAGE][PASSED] - Send request successfully

2023-10-16 14:07:45 - [MESSAGE][PASSED] - config_files.getConfigFile.getConfig is PASSED

2023-10-16 14:07:45 - [TEST_STEP][PASSED] - verifyResponseStatusCode(getResponse, 200): Verify response status code successfully

2023-10-16 14:07:45 - [MESSAGE][PASSED] - Verify response status code successfully

2023-10-16 14:07:45 - [TEST_STEP][PASSED] - verifyElementPropertyValue(getResponse, "country", "JOR"): Verify element property value successfully

2023-10-16 14:07:45 - [MESSAGE][PASSED] - Verify element property value successfully

2023-10-16 14:07:45 - [TEST_STEP][PASSED] - verifyElementPropertyValue(getResponse, "platform", "[WEB]"): Verify element property value successfully

2023-10-16 14:07:45 - [MESSAGE][PASSED] - Verify element property value successfully

2023-10-16 14:07:45 - [TEST_STEP][PASSED] - verifyElementPropertyValue(getResponse, "groups[0].pricingPlans[0].featured", "true"): Verify element property value successfully

2023-10-16 14:07:45 - [MESSAGE][PASSED] - Verify element property value successfully

2023-10-16 14:07:45 - [TEST_STEP][PASSED] - verifyElementPropertyValue(getResponse, "groups[0].pricingPlans[0].packageId", "SHAHID_VIP_GEA_SPORT"): Verify element property value successfully

2023-10-16 14:07:45 - [MESSAGE][PASSED] - Verify element property value successfully

2023-10-16 14:07:45 - [TEST_STEP][PASSED] - verifyElementPropertyValue(getResponse, "groups[0].pricingPlans[0].catalogId", "GEA"): Verify element property value successfully

2023-10-16 14:07:45 - [MESSAGE][PASSED] - Verify element property value successfully

2023-10-16 14:07:45 - [TEST_STEP][PASSED] - verifyElementPropertyValue(getResponse, "groups[0].pricingPlans[0].visualElements[0].key", "Header_1_text"): Verify element property value successfully

2023-10-16 14:07:45 - [MESSAGE][PASSED] - Verify element property value successfully

2023-10-16 14:07:45 - [TEST_STEP][PASSED] - verifyElementPropertyValue(getResponse, "groups[0].pricingPlans[0].visualElements[0].value", "Watch the most powerful series and movies exclusively without stopping"): Verify element property value successfully

2023-10-16 14:07:45 - [MESSAGE][PASSED] - Verify element property value successfully

2023-10-16 14:07:45 - [TEST_STEP][PASSED] - verifyElementPropertyValue(getResponse, "groups[0].pricingPlans[0].visualElements[1].key", "display_title"): Verify element property value successfully

2023-10-16 14:07:45 - [MESSAGE][PASSED] - Verify element property value successfully

2023-10-16 14:07:45 - [TEST_STEP][PASSED] - verifyElementPropertyValue(getResponse, "groups[0].pricingPlans[0].visualElements[1].value", "Monthly Plan"): Verify element property value successfully

2023-10-16 14:07:45 - [MESSAGE][PASSED] - Verify element property value successfully

2023-10-16 14:07:45 - [TEST_STEP][PASSED] - verifyElementPropertyValue(getResponse, "groups[0].pricingPlans[0].visualElements[3].key", "promo_text"): Verify element property value successfully

2023-10-16 14:07:45 - [MESSAGE][PASSED] - Verify element property value successfully

2023-10-16 14:07:45 - [TEST_STEP][PASSED] - verifyElementPropertyValue(getResponse, "groups[0].pricingPlans[0].visualElements[3].value", "7.99 JOD / month"): Verify element property value successfully

2023-10-16 14:07:45 - [MESSAGE][PASSED] - Verify element property value successfully

2023-10-16 14:07:45 - [TEST_STEP][PASSED] - verifyElementPropertyValue(getResponse, "groups[0].pricingPlans[0].visualElements[4].key", "deduction_text"): Verify element property value successfully

2023-10-16 14:07:45 - [MESSAGE][PASSED] - Verify element property value successfully

2023-10-16 14:07:45 - [TEST_STEP][PASSED] - verifyElementPropertyValue(getResponse, "groups[0].pricingPlans[0].visualElements[4].value", "billed every month"): Verify element property value successfully

2023-10-16 14:07:45 - [MESSAGE][PASSED] - Verify element property value successfully

2023-10-16 14:07:45 - [TEST_STEP][PASSED] - verifyElementPropertyValue(getResponse, "groups[0].pricingPlans[0].visualElements[7].key", "show_payment_logo"): Verify element property value successfully

2023-10-16 14:07:45 - [MESSAGE][PASSED] - Verify element property value successfully

2023-10-16 14:07:45 - [TEST_STEP][PASSED] - verifyElementPropertyValue(getResponse, "groups[0].pricingPlans[0].visualElements[7].value", "true"): Verify element property value successfully

2023-10-16 14:07:45 - [MESSAGE][PASSED] - Verify element property value successfully

2023-10-16 14:07:45 - [TEST_STEP][PASSED] - verifyElementPropertyValue(getResponse, "groups[0].pricingPlans[0].visualElements[8].key", "show_tag"): Verify element property value successfully

2023-10-16 14:07:45 - [MESSAGE][PASSED] - Verify element property value successfully

2023-10-16 14:07:45 - [TEST_STEP][PASSED] - verifyElementPropertyValue(getResponse, "groups[0].pricingPlans[0].visualElements[8].value", "false"): Verify element property value successfully

2023-10-16 14:07:45 - [MESSAGE][PASSED] - Verify element property value successfully

2023-10-16 14:07:45 - [TEST_STEP][PASSED] - verifyElementPropertyValue(getResponse, "groups[0].pricingPlans[0].visualElements[10].key", "price"): Verify element property value successfully

2023-10-16 14:07:45 - [MESSAGE][PASSED] - Verify element property value successfully

2023-10-16 14:07:45 - [TEST_STEP][PASSED] - verifyElementPropertyValue(getResponse, "groups[0].pricingPlans[0].visualElements[10].value", "7.99"): Verify element property value successfully

2023-10-16 14:07:45 - [MESSAGE][PASSED] - Verify element property value successfully

2023-10-16 14:07:45 - [TEST_STEP][PASSED] - verifyElementPropertyValue(getResponse, "groups[0].pricingPlans[0].visualElements[11].key", "currency"): Verify element property value successfully

2023-10-16 14:07:45 - [MESSAGE][PASSED] - Verify element property value successfully

2023-10-16 14:07:45 - [TEST_STEP][PASSED] - verifyElementPropertyValue(getResponse, "groups[0].pricingPlans[0].visualElements[11].value", "JOD"): Verify element property value successfully

2023-10-16 14:07:45 - [MESSAGE][PASSED] - Verify element property value successfully

2023-10-16 14:07:45 - [TEST_STEP][PASSED] - verifyElementPropertyValue(getResponse, "groups[0].pricingPlans[0].visualElements[12].key", "duration"): Verify element property value successfully

2023-10-16 14:07:45 - [MESSAGE][PASSED] - Verify element property value successfully

2023-10-16 14:07:45 - [TEST_STEP][PASSED] - verifyElementPropertyValue(getResponse, "groups[0].pricingPlans[0].visualElements[12].value", "Monthly"): Verify element property value successfully

2023-10-16 14:07:45 - [MESSAGE][PASSED] - Verify element property value successfully

2023-10-16 14:07:45 - [TEST_STEP][PASSED] - verifyElementPropertyValue(getResponse, "groups[0].pricingPlans[0].visualElements[13].key", "featured_tag_text"): Verify element property value successfully

2023-10-16 14:07:45 - [MESSAGE][PASSED] - Verify element property value successfully

2023-10-16 14:07:45 - [TEST_STEP][PASSED] - verifyElementPropertyValue(getResponse, "groups[0].pricingPlans[0].visualElements[13].value", "Most popular"): Verify element property value successfully

2023-10-16 14:07:45 - [MESSAGE][PASSED] - Verify element property value successfully

2023-10-16 14:07:45 - [TEST_STEP][PASSED] - verifyElementPropertyValue(getResponse, "groups[0].pricingPlans[0].order", "9"): Verify element property value successfully

2023-10-16 14:07:45 - [MESSAGE][PASSED] - Verify element property value successfully

2023-10-16 14:07:45 - [TEST_STEP][PASSED] - verifyElementPropertyValue(getResponse, "groups[0].pricingPlans[0].period", "monthly"): Verify element property value successfully

2023-10-16 14:07:45 - [MESSAGE][PASSED] - Verify element property value successfully

2023-10-16 14:07:45 - [TEST_STEP][PASSED] - verifyElementPropertyValue(getResponse, "groups[0].pricingPlans[0].price", "7.99"): Verify element property value successfully

2023-10-16 14:07:45 - [MESSAGE][PASSED] - Verify element property value successfully

2023-10-16 14:07:45 - [TEST_STEP][PASSED] - verifyElementPropertyValue(getResponse, "groups[0].pricingPlans[0].currency", "JOD"): Verify element property value successfully

2023-10-16 14:07:45 - [MESSAGE][PASSED] - Verify element property value successfully

2023-10-16 14:07:45 - [TEST_STEP][PASSED] - verifyElementPropertyValue(getResponse, "groups[0].pricingPlans[0].pricingPlanData[0].productId", "JOR_B2C_SHAHID_VIP_GEA_SPORT_1M"): Verify element property value successfully

2023-10-16 14:07:45 - [MESSAGE][PASSED] - Verify element property value successfully

2023-10-16 14:07:45 - [TEST_STEP][PASSED] - verifyElementPropertyValue(getResponse, "groups[0].pricingPlans[0].pricingPlanData[0].subPricingPlanIds", "null"): Verify element property value successfully

2023-10-16 14:07:45 - [MESSAGE][PASSED] - Verify element property value successfully

2023-10-16 14:07:45 - [TEST_STEP][PASSED] - verifyElementPropertyValue(getResponse, "groups[0].pricingPlans[0].pricingPlanData[0].paymentMethod", "CREDIT_CARD"): Verify element property value successfully

2023-10-16 14:07:45 - [MESSAGE][PASSED] - Verify element property value successfully

2023-10-16 14:07:45 - [TEST_STEP][PASSED] - verifyElementPropertyValue(getResponse, "groups[0].pricingPlans[0].pricingPlanData[0].freeTrialEnabled", "false"): Verify element property value successfully

2023-10-16 14:07:45 - [MESSAGE][PASSED] - Verify element property value successfully

2023-10-16 14:07:45 - [TEST_STEP][PASSED] - verifyElementPropertyValue(getResponse, "groups[0].pricingPlans[0].pricingPlanData[0].visualElements[0].key", "title"): Verify element property value successfully

2023-10-16 14:07:45 - [MESSAGE][PASSED] - Verify element property value successfully

2023-10-16 14:07:45 - [TEST_STEP][PASSED] - verifyElementPropertyValue(getResponse, "groups[0].pricingPlans[0].pricingPlanData[0].visualElements[0].value", "Credit/Debit Card"): Verify element property value successfully

2023-10-16 14:07:45 - [MESSAGE][PASSED] - Verify element property value successfully

2023-10-16 14:07:45 - [TEST_STEP][PASSED] - verifyElementPropertyValue(getResponse, "groups[0].pricingPlans[0].pricingPlanData[0].visualElements[1].key", "CTA_text"): Verify element property value successfully

2023-10-16 14:07:45 - [MESSAGE][PASSED] - Verify element property value successfully

2023-10-16 14:07:45 - [TEST_STEP][PASSED] - verifyElementPropertyValue(getResponse, "groups[0].pricingPlans[0].pricingPlanData[0].visualElements[1].value", "Subscribe"): Verify element property value successfully

2023-10-16 14:07:45 - [MESSAGE][PASSED] - Verify element property value successfully

2023-10-16 14:07:45 - [TEST_STEP][PASSED] - verifyElementPropertyValue(getResponse, "groups[0].pricingPlans[0].pricingPlanData[0].visualElements[2].key", "logo"): Verify element property value successfully

2023-10-16 14:07:45 - [MESSAGE][PASSED] - Verify element property value successfully

2023-10-16 14:07:45 - [TEST_STEP][PASSED] - verifyElementPropertyValue(getResponse, "groups[0].pricingPlans[0].pricingPlanData[0].visualElements[2].value", "https://static.s3.shahid.mbc.net/widget-images/icons/iconCreditCard.png"): Verify element property value successfully

2023-10-16 14:07:45 - [MESSAGE][PASSED] - Verify element property value successfully

2023-10-16 14:07:46 - [TEST_STEP][PASSED] - verifyElementPropertyValue(getResponse, "groups[0].pricingPlans[0].pricingPlanData[0].priceLabel", "7.99"): Verify element property value successfully

2023-10-16 14:07:46 - [MESSAGE][PASSED] - Verify element property value successfully

2023-10-16 14:07:46 - [TEST_STEP][PASSED] - verifyElementPropertyValue(getResponse, "groups[0].pricingPlans[0].pricingPlanData[0].currencyLabel", "JOD"): Verify element property value successfully

2023-10-16 14:07:46 - [MESSAGE][PASSED] - Verify element property value successfully

2023-10-16 14:07:46 - [TEST_STEP][PASSED] - verifyElementPropertyValue(getResponse, "groups[0].pricingPlans[0].pricingPlanData[0].allowedForAcquisition", "true"): Verify element property value successfully

2023-10-16 14:07:46 - [MESSAGE][PASSED] - Verify element property value successfully

2023-10-16 14:07:46 - [TEST_STEP][PASSED] - verifyElementPropertyValue(getResponse, "groups[0].pricingPlans[1].featured", "false"): Verify element property value successfully

2023-10-16 14:07:46 - [MESSAGE][PASSED] - Verify element property value successfully

2023-10-16 14:07:46 - [TEST_STEP][PASSED] - verifyElementPropertyValue(getResponse, "groups[0].pricingPlans[1].packageId", "SHAHID_VIP_GEA_SPORT"): Verify element property value successfully

2023-10-16 14:07:46 - [MESSAGE][PASSED] - Verify element property value successfully

2023-10-16 14:07:46 - [TEST_STEP][PASSED] - verifyElementPropertyValue(getResponse, "groups[0].pricingPlans[1].catalogId", "GEA"): Verify element property value successfully

2023-10-16 14:07:46 - [MESSAGE][PASSED] - Verify element property value successfully

2023-10-16 14:07:46 - [TEST_STEP][PASSED] - verifyElementPropertyValue(getResponse, "groups[0].pricingPlans[1].visualElements[0].key", "Header_1_text"): Verify element property value successfully

2023-10-16 14:07:46 - [MESSAGE][PASSED] - Verify element property value successfully

2023-10-16 14:07:46 - [TEST_STEP][PASSED] - verifyElementPropertyValue(getResponse, "groups[0].pricingPlans[1].visualElements[0].value", "Watch the most powerful series and movies exclusively without stopping"): Verify element property value successfully

2023-10-16 14:07:46 - [MESSAGE][PASSED] - Verify element property value successfully

2023-10-16 14:07:46 - [TEST_STEP][PASSED] - verifyElementPropertyValue(getResponse, "groups[0].pricingPlans[1].visualElements[1].key", "display_title"): Verify element property value successfully

2023-10-16 14:07:46 - [MESSAGE][PASSED] - Verify element property value successfully

2023-10-16 14:07:46 - [TEST_STEP][PASSED] - verifyElementPropertyValue(getResponse, "groups[0].pricingPlans[1].visualElements[1].value", "Annual Plan"): Verify element property value successfully

2023-10-16 14:07:46 - [MESSAGE][PASSED] - Verify element property value successfully

2023-10-16 14:07:46 - [TEST_STEP][PASSED] - verifyElementPropertyValue(getResponse, "groups[0].pricingPlans[1].visualElements[2].key", "tag_text"): Verify element property value successfully

2023-10-16 14:07:46 - [MESSAGE][PASSED] - Verify element property value successfully

2023-10-16 14:07:46 - [TEST_STEP][PASSED] - verifyElementPropertyValue(getResponse, "groups[0].pricingPlans[1].visualElements[2].value", "Save 33%"): Verify element property value successfully

2023-10-16 14:07:46 - [MESSAGE][PASSED] - Verify element property value successfully

2023-10-16 14:07:46 - [TEST_STEP][PASSED] - verifyElementPropertyValue(getResponse, "groups[0].pricingPlans[1].visualElements[3].key", "promo_text"): Verify element property value successfully

2023-10-16 14:07:46 - [MESSAGE][PASSED] - Verify element property value successfully

2023-10-16 14:07:46 - [TEST_STEP][PASSED] - verifyElementPropertyValue(getResponse, "groups[0].pricingPlans[1].visualElements[3].value", "5.33 JOD / month"): Verify element property value successfully

2023-10-16 14:07:46 - [MESSAGE][PASSED] - Verify element property value successfully

2023-10-16 14:07:46 - [TEST_STEP][PASSED] - verifyElementPropertyValue(getResponse, "groups[0].pricingPlans[1].visualElements[4].key", "deduction_text"): Verify element property value successfully

2023-10-16 14:07:46 - [MESSAGE][PASSED] - Verify element property value successfully

2023-10-16 14:07:46 - [TEST_STEP][PASSED] - verifyElementPropertyValue(getResponse, "groups[0].pricingPlans[1].visualElements[4].value", "63.99 JOD billed every year"): Verify element property value successfully

2023-10-16 14:07:46 - [MESSAGE][PASSED] - Verify element property value successfully

2023-10-16 14:07:46 - [TEST_STEP][PASSED] - verifyElementPropertyValue(getResponse, "groups[0].pricingPlans[1].visualElements[7].key", "show_payment_logo"): Verify element property value successfully

2023-10-16 14:07:46 - [MESSAGE][PASSED] - Verify element property value successfully

2023-10-16 14:07:46 - [TEST_STEP][PASSED] - verifyElementPropertyValue(getResponse, "groups[0].pricingPlans[1].visualElements[7].value", "true"): Verify element property value successfully

2023-10-16 14:07:46 - [MESSAGE][PASSED] - Verify element property value successfully

2023-10-16 14:07:46 - [TEST_STEP][PASSED] - verifyElementPropertyValue(getResponse, "groups[0].pricingPlans[1].visualElements[8].key", "show_tag"): Verify element property value successfully

2023-10-16 14:07:46 - [MESSAGE][PASSED] - Verify element property value successfully

2023-10-16 14:07:46 - [TEST_STEP][PASSED] - verifyElementPropertyValue(getResponse, "groups[0].pricingPlans[1].visualElements[8].value", "true"): Verify element property value successfully

2023-10-16 14:07:46 - [MESSAGE][PASSED] - Verify element property value successfully

2023-10-16 14:07:46 - [TEST_STEP][PASSED] - verifyElementPropertyValue(getResponse, "groups[0].pricingPlans[1].visualElements[10].key", "price"): Verify element property value successfully

2023-10-16 14:07:46 - [MESSAGE][PASSED] - Verify element property value successfully

2023-10-16 14:07:46 - [TEST_STEP][PASSED] - verifyElementPropertyValue(getResponse, "groups[0].pricingPlans[1].visualElements[10].value", "63.99"): Verify element property value successfully

2023-10-16 14:07:46 - [MESSAGE][PASSED] - Verify element property value successfully

2023-10-16 14:07:46 - [TEST_STEP][PASSED] - verifyElementPropertyValue(getResponse, "groups[0].pricingPlans[1].visualElements[11].key", "currency"): Verify element property value successfully

2023-10-16 14:07:46 - [MESSAGE][PASSED] - Verify element property value successfully

2023-10-16 14:07:46 - [TEST_STEP][PASSED] - verifyElementPropertyValue(getResponse, "groups[0].pricingPlans[1].visualElements[11].value", "JOD"): Verify element property value successfully

2023-10-16 14:07:46 - [MESSAGE][PASSED] - Verify element property value successfully

2023-10-16 14:07:46 - [TEST_STEP][PASSED] - verifyElementPropertyValue(getResponse, "groups[0].pricingPlans[1].visualElements[12].key", "duration"): Verify element property value successfully

2023-10-16 14:07:46 - [MESSAGE][PASSED] - Verify element property value successfully

2023-10-16 14:07:46 - [TEST_STEP][PASSED] - verifyElementPropertyValue(getResponse, "groups[0].pricingPlans[1].visualElements[12].value", "yearly"): Verify element property value successfully

2023-10-16 14:07:46 - [MESSAGE][PASSED] - Verify element property value successfully

2023-10-16 14:07:46 - [TEST_STEP][PASSED] - verifyElementPropertyValue(getResponse, "groups[0].pricingPlans[1].order", "11"): Verify element property value successfully

2023-10-16 14:07:46 - [MESSAGE][PASSED] - Verify element property value successfully

2023-10-16 14:07:46 - [TEST_STEP][PASSED] - verifyElementPropertyValue(getResponse, "groups[0].pricingPlans[1].period", "yearly"): Verify element property value successfully

2023-10-16 14:07:46 - [MESSAGE][PASSED] - Verify element property value successfully

2023-10-16 14:07:46 - [TEST_STEP][PASSED] - verifyElementPropertyValue(getResponse, "groups[0].pricingPlans[1].price", "63.99"): Verify element property value successfully

2023-10-16 14:07:46 - [MESSAGE][PASSED] - Verify element property value successfully

2023-10-16 14:07:46 - [TEST_STEP][PASSED] - verifyElementPropertyValue(getResponse, "groups[0].pricingPlans[1].currency", "JOD"): Verify element property value successfully

2023-10-16 14:07:46 - [MESSAGE][PASSED] - Verify element property value successfully

2023-10-16 14:07:46 - [TEST_STEP][PASSED] - verifyElementPropertyValue(getResponse, "groups[0].pricingPlans[1].pricingPlanData[0].productId", "JOR_B2C_SHAHID_VIP_GEA_SPORT_12M"): Verify element property value successfully

2023-10-16 14:07:46 - [MESSAGE][PASSED] - Verify element property value successfully

2023-10-16 14:07:46 - [TEST_STEP][PASSED] - verifyElementPropertyValue(getResponse, "groups[0].pricingPlans[1].pricingPlanData[0].subPricingPlanIds", "null"): Verify element property value successfully

2023-10-16 14:07:46 - [MESSAGE][PASSED] - Verify element property value successfully

2023-10-16 14:07:46 - [TEST_STEP][PASSED] - verifyElementPropertyValue(getResponse, "groups[0].pricingPlans[1].pricingPlanData[0].paymentMethod", "CREDIT_CARD"): Verify element property value successfully

2023-10-16 14:07:46 - [MESSAGE][PASSED] - Verify element property value successfully

2023-10-16 14:07:46 - [TEST_STEP][PASSED] - verifyElementPropertyValue(getResponse, "groups[0].pricingPlans[1].pricingPlanData[0].freeTrialEnabled", "false"): Verify element property value successfully

2023-10-16 14:07:46 - [MESSAGE][PASSED] - Verify element property value successfully

2023-10-16 14:07:46 - [TEST_STEP][PASSED] - verifyElementPropertyValue(getResponse, "groups[0].pricingPlans[1].pricingPlanData[0].visualElements[0].key", "title"): Verify element property value successfully

2023-10-16 14:07:46 - [MESSAGE][PASSED] - Verify element property value successfully

2023-10-16 14:07:46 - [TEST_STEP][PASSED] - verifyElementPropertyValue(getResponse, "groups[0].pricingPlans[1].pricingPlanData[0].visualElements[0].value", "Credit/Debit Card"): Verify element property value successfully

2023-10-16 14:07:46 - [MESSAGE][PASSED] - Verify element property value successfully

2023-10-16 14:07:46 - [TEST_STEP][PASSED] - verifyElementPropertyValue(getResponse, "groups[0].pricingPlans[1].pricingPlanData[0].visualElements[1].key", "CTA_text"): Verify element property value successfully

2023-10-16 14:07:46 - [MESSAGE][PASSED] - Verify element property value successfully

2023-10-16 14:07:46 - [TEST_STEP][PASSED] - verifyElementPropertyValue(getResponse, "groups[0].pricingPlans[1].pricingPlanData[0].visualElements[1].value", "Subscribe"): Verify element property value successfully

2023-10-16 14:07:46 - [MESSAGE][PASSED] - Verify element property value successfully

2023-10-16 14:07:46 - [TEST_STEP][PASSED] - verifyElementPropertyValue(getResponse, "groups[0].pricingPlans[1].pricingPlanData[0].visualElements[2].key", "logo"): Verify element property value successfully

2023-10-16 14:07:46 - [MESSAGE][PASSED] - Verify element property value successfully

2023-10-16 14:07:46 - [TEST_STEP][PASSED] - verifyElementPropertyValue(getResponse, "groups[0].pricingPlans[1].pricingPlanData[0].visualElements[2].value", "https://static.s3.shahid.mbc.net/widget-images/icons/iconCreditCard.png"): Verify element property value successfully

2023-10-16 14:07:46 - [MESSAGE][PASSED] - Verify element property value successfully

2023-10-16 14:07:46 - [TEST_STEP][PASSED] - verifyElementPropertyValue(getResponse, "groups[0].pricingPlans[1].pricingPlanData[0].priceLabel", "63.99"): Verify element property value successfully

2023-10-16 14:07:46 - [MESSAGE][PASSED] - Verify element property value successfully

2023-10-16 14:07:46 - [TEST_STEP][PASSED] - verifyElementPropertyValue(getResponse, "groups[0].pricingPlans[1].pricingPlanData[0].currencyLabel", "JOD"): Verify element property value successfully

2023-10-16 14:07:46 - [MESSAGE][PASSED] - Verify element property value successfully

2023-10-16 14:07:46 - [TEST_STEP][PASSED] - verifyElementPropertyValue(getResponse, "groups[0].pricingPlans[1].pricingPlanData[0].allowedForAcquisition", "true"): Verify element property value successfully

2023-10-16 14:07:46 - [MESSAGE][PASSED] - Verify element property value successfully

2023-10-16 14:07:46 - [TEST_STEP][PASSED] - verifyElementPropertyValue(getResponse, "groups[0].pricingPlans[1].pricingPlanData[0].showIn[0]", "VERTICAL_MODE"): Verify element property value successfully

2023-10-16 14:07:46 - [MESSAGE][PASSED] - Verify element property value successfully

2023-10-16 14:07:46 - [TEST_STEP][PASSED] - verifyElementPropertyValue(getResponse, "groups[0].pricingPlans[1].pricingPlanData[0].showIn[1]", "HORIZONTAL_MODE"): Verify element property value successfully

2023-10-16 14:07:46 - [MESSAGE][PASSED] - Verify element property value successfully

2023-10-16 14:07:46 - [TEST_STEP][PASSED] - verifyElementPropertyValue(getResponse, "visualElements[0].key", "main_CTA_text_1"): Verify element property value successfully

2023-10-16 14:07:46 - [MESSAGE][PASSED] - Verify element property value successfully

2023-10-16 14:07:46 - [TEST_STEP][PASSED] - verifyElementPropertyValue(getResponse, "visualElements[0].value", "Watch the most powerful series and movies exclusively without stopping"): Verify element property value successfully

2023-10-16 14:07:46 - [MESSAGE][PASSED] - Verify element property value successfully

2023-10-16 14:07:46 - [TEST_STEP][PASSED] - verifyElementPropertyValue(getResponse, "visualElements[2].key", "main_disclaimer_text"): Verify element property value successfully

2023-10-16 14:07:46 - [MESSAGE][PASSED] - Verify element property value successfully

2023-10-16 14:07:46 - [TEST_STEP][PASSED] - verifyElementPropertyValue(getResponse, "visualElements[2].value", "Subscription fees may vary depending on the country, payment method, subscription package, added tax, currency conversion factor, and bank fees. Terms and conditions apply."): Verify element property value successfully

2023-10-16 14:07:46 - [MESSAGE][PASSED] - Verify element property value successfully

2023-10-16 14:07:46 - [TEST_STEP][PASSED] - verifyElementPropertyValue(getResponse, "visualElements[4].key", "display_type"): Verify element property value successfully

2023-10-16 14:07:46 - [MESSAGE][PASSED] - Verify element property value successfully

2023-10-16 14:07:46 - [TEST_STEP][PASSED] - verifyElementPropertyValue(getResponse, "visualElements[4].value", "vertical"): Verify element property value successfully

2023-10-16 14:07:46 - [MESSAGE][PASSED] - Verify element property value successfully

2023-10-16 14:07:46 - [TEST_STEP][PASSED] - verifyElementPropertyValue(getResponse, "defaultPackageId", "SHAHID_VIP"): Verify element property value successfully

2023-10-16 14:07:46 - [MESSAGE][PASSED] - Verify element property value successfully]]></system-out>
         <system-err><![CDATA[]]></system-err>
      </testcase>
      <testcase name="Test Cases/WEB - CHROME/JOR PI/WEB_AR_getSubscriptionConfigForJOR_GEA" time="1.735" classname="Test Cases/WEB - CHROME/JOR PI/WEB_AR_getSubscriptionConfigForJOR_GEA" status="FAILED">
         <failure type="FAILED" message="Test Cases/WEB - CHROME/JOR PI/WEB_AR_getSubscriptionConfigForJOR_GEA FAILED.
Reason:
com.kms.katalon.core.exception.StepFailedException: Expected element property value ' الأكثر مبيعاً' is not equal with actual property value ' الأكثر مبيعاً'
	at com.kms.katalon.core.keyword.internal.KeywordMain.stepFailed(KeywordMain.groovy:39)
	at com.kms.katalon.core.webservice.keyword.builtin.VerifyElementPropertyValueKeyword$_verifyElementPropertyValue_closure1.doCall(VerifyElementPropertyValueKeyword.groovy:56)
	at com.kms.katalon.core.webservice.keyword.builtin.VerifyElementPropertyValueKeyword$_verifyElementPropertyValue_closure1.call(VerifyElementPropertyValueKeyword.groovy)
	at com.kms.katalon.core.keyword.internal.KeywordMain.runKeyword(KeywordMain.groovy:75)
	at com.kms.katalon.core.webservice.keyword.builtin.VerifyElementPropertyValueKeyword.verifyElementPropertyValue(VerifyElementPropertyValueKeyword.groovy:48)
	at com.kms.katalon.core.webservice.keyword.builtin.VerifyElementPropertyValueKeyword.execute(VerifyElementPropertyValueKeyword.groovy:43)
	at com.kms.katalon.core.keyword.internal.KeywordExecutor.executeKeywordForPlatform(KeywordExecutor.groovy:74)
	at com.kms.katalon.core.webservice.keyword.WSBuiltInKeywords.verifyElementPropertyValue(WSBuiltInKeywords.groovy:190)
	at com.kms.katalon.core.webservice.keyword.WSBuiltInKeywords$verifyElementPropertyValue$1.call(Unknown Source)
	at WEB_AR_getSubscriptionConfigForJOR_GEA.run(WEB_AR_getSubscriptionConfigForJOR_GEA:69)
	at com.kms.katalon.core.main.ScriptEngine.run(ScriptEngine.java:194)
	at com.kms.katalon.core.main.ScriptEngine.runScriptAsRawText(ScriptEngine.java:119)
	at com.kms.katalon.core.main.TestCaseExecutor.runScript(TestCaseExecutor.java:448)
	at com.kms.katalon.core.main.TestCaseExecutor.doExecute(TestCaseExecutor.java:439)
	at com.kms.katalon.core.main.TestCaseExecutor.processExecutionPhase(TestCaseExecutor.java:418)
	at com.kms.katalon.core.main.TestCaseExecutor.accessMainPhase(TestCaseExecutor.java:410)
	at com.kms.katalon.core.main.TestCaseExecutor.execute(TestCaseExecutor.java:285)
	at com.kms.katalon.core.common.CommonExecutor.accessTestCaseMainPhase(CommonExecutor.java:65)
	at com.kms.katalon.core.main.TestSuiteExecutor.accessTestSuiteMainPhase(TestSuiteExecutor.java:148)
	at com.kms.katalon.core.main.TestSuiteExecutor.execute(TestSuiteExecutor.java:106)
	at com.kms.katalon.core.main.TestCaseMain.startTestSuite(TestCaseMain.java:187)
	at com.kms.katalon.core.main.TestCaseMain$startTestSuite$0.call(Unknown Source)
	at TempTestSuite1697454195634.run(TempTestSuite1697454195634.groovy:36)
"/>
         <system-out><![CDATA[2023-10-16 14:07:46 - [TEST_CASE][FAILED] - Test Cases/WEB - CHROME/JOR PI/WEB_AR_getSubscriptionConfigForJOR_GEA: Test Cases/WEB - CHROME/JOR PI/WEB_AR_getSubscriptionConfigForJOR_GEA FAILED.
Reason:
com.kms.katalon.core.exception.StepFailedException: Expected element property value ' الأكثر مبيعاً' is not equal with actual property value ' الأكثر مبيعاً'
	at com.kms.katalon.core.keyword.internal.KeywordMain.stepFailed(KeywordMain.groovy:39)
	at com.kms.katalon.core.webservice.keyword.builtin.VerifyElementPropertyValueKeyword$_verifyElementPropertyValue_closure1.doCall(VerifyElementPropertyValueKeyword.groovy:56)
	at com.kms.katalon.core.webservice.keyword.builtin.VerifyElementPropertyValueKeyword$_verifyElementPropertyValue_closure1.call(VerifyElementPropertyValueKeyword.groovy)
	at com.kms.katalon.core.keyword.internal.KeywordMain.runKeyword(KeywordMain.groovy:75)
	at com.kms.katalon.core.webservice.keyword.builtin.VerifyElementPropertyValueKeyword.verifyElementPropertyValue(VerifyElementPropertyValueKeyword.groovy:48)
	at com.kms.katalon.core.webservice.keyword.builtin.VerifyElementPropertyValueKeyword.execute(VerifyElementPropertyValueKeyword.groovy:43)
	at com.kms.katalon.core.keyword.internal.KeywordExecutor.executeKeywordForPlatform(KeywordExecutor.groovy:74)
	at com.kms.katalon.core.webservice.keyword.WSBuiltInKeywords.verifyElementPropertyValue(WSBuiltInKeywords.groovy:190)
	at com.kms.katalon.core.webservice.keyword.WSBuiltInKeywords$verifyElementPropertyValue$1.call(Unknown Source)
	at WEB_AR_getSubscriptionConfigForJOR_GEA.run(WEB_AR_getSubscriptionConfigForJOR_GEA:69)
	at com.kms.katalon.core.main.ScriptEngine.run(ScriptEngine.java:194)
	at com.kms.katalon.core.main.ScriptEngine.runScriptAsRawText(ScriptEngine.java:119)
	at com.kms.katalon.core.main.TestCaseExecutor.runScript(TestCaseExecutor.java:448)
	at com.kms.katalon.core.main.TestCaseExecutor.doExecute(TestCaseExecutor.java:439)
	at com.kms.katalon.core.main.TestCaseExecutor.processExecutionPhase(TestCaseExecutor.java:418)
	at com.kms.katalon.core.main.TestCaseExecutor.accessMainPhase(TestCaseExecutor.java:410)
	at com.kms.katalon.core.main.TestCaseExecutor.execute(TestCaseExecutor.java:285)
	at com.kms.katalon.core.common.CommonExecutor.accessTestCaseMainPhase(CommonExecutor.java:65)
	at com.kms.katalon.core.main.TestSuiteExecutor.accessTestSuiteMainPhase(TestSuiteExecutor.java:148)
	at com.kms.katalon.core.main.TestSuiteExecutor.execute(TestSuiteExecutor.java:106)
	at com.kms.katalon.core.main.TestCaseMain.startTestSuite(TestCaseMain.java:187)
	at com.kms.katalon.core.main.TestCaseMain$startTestSuite$0.call(Unknown Source)
	at TempTestSuite1697454195634.run(TempTestSuite1697454195634.groovy:36)


2023-10-16 14:07:46 - [TEST_STEP][PASSED] - getResponse = config_files.getConfigFile.getConfig("WEB", "AR", "SHAHID_VIP_GEA", "JO", "false"): config_files.getConfigFile.getConfig is PASSED

2023-10-16 14:07:47 - [MESSAGE][INFO] - HAR: /Users/admin/git/shahid-configuration/Reports/20231016_140310/WEB/JOR/20231016_140315/requests/main/2.har

2023-10-16 14:07:47 - [MESSAGE][PASSED] - Send request successfully

2023-10-16 14:07:47 - [MESSAGE][PASSED] - config_files.getConfigFile.getConfig is PASSED

2023-10-16 14:07:47 - [TEST_STEP][PASSED] - verifyResponseStatusCode(getResponse, 200): Verify response status code successfully

2023-10-16 14:07:47 - [MESSAGE][PASSED] - Verify response status code successfully

2023-10-16 14:07:47 - [TEST_STEP][PASSED] - verifyElementPropertyValue(getResponse, "country", "JOR"): Verify element property value successfully

2023-10-16 14:07:47 - [MESSAGE][PASSED] - Verify element property value successfully

2023-10-16 14:07:47 - [TEST_STEP][PASSED] - verifyElementPropertyValue(getResponse, "platform", "[WEB]"): Verify element property value successfully

2023-10-16 14:07:47 - [MESSAGE][PASSED] - Verify element property value successfully

2023-10-16 14:07:47 - [TEST_STEP][PASSED] - verifyElementPropertyValue(getResponse, "groups[0].pricingPlans[0].featured", "true"): Verify element property value successfully

2023-10-16 14:07:47 - [MESSAGE][PASSED] - Verify element property value successfully

2023-10-16 14:07:47 - [TEST_STEP][PASSED] - verifyElementPropertyValue(getResponse, "groups[0].pricingPlans[0].packageId", "SHAHID_VIP_GEA"): Verify element property value successfully

2023-10-16 14:07:47 - [MESSAGE][PASSED] - Verify element property value successfully

2023-10-16 14:07:47 - [TEST_STEP][PASSED] - verifyElementPropertyValue(getResponse, "groups[0].pricingPlans[0].catalogId", "GEA"): Verify element property value successfully

2023-10-16 14:07:47 - [MESSAGE][PASSED] - Verify element property value successfully

2023-10-16 14:07:47 - [TEST_STEP][PASSED] - verifyElementPropertyValue(getResponse, "groups[0].pricingPlans[0].visualElements[0].key", "Header_1_text"): Verify element property value successfully

2023-10-16 14:07:47 - [MESSAGE][PASSED] - Verify element property value successfully

2023-10-16 14:07:47 - [TEST_STEP][PASSED] - verifyElementPropertyValue(getResponse, "groups[0].pricingPlans[0].visualElements[0].value", "شاهد أقوى المسلسلات و الأفلام حصرياً دون توقف"): Verify element property value successfully

2023-10-16 14:07:47 - [MESSAGE][PASSED] - Verify element property value successfully

2023-10-16 14:07:47 - [TEST_STEP][PASSED] - verifyElementPropertyValue(getResponse, "groups[0].pricingPlans[0].visualElements[1].key", "display_title"): Verify element property value successfully

2023-10-16 14:07:47 - [MESSAGE][PASSED] - Verify element property value successfully

2023-10-16 14:07:47 - [TEST_STEP][PASSED] - verifyElementPropertyValue(getResponse, "groups[0].pricingPlans[0].visualElements[1].value", "الاشتراك الشهري"): Verify element property value successfully

2023-10-16 14:07:47 - [MESSAGE][PASSED] - Verify element property value successfully

2023-10-16 14:07:47 - [TEST_STEP][PASSED] - verifyElementPropertyValue(getResponse, "groups[0].pricingPlans[0].visualElements[3].key", "promo_text"): Verify element property value successfully

2023-10-16 14:07:47 - [MESSAGE][PASSED] - Verify element property value successfully

2023-10-16 14:07:47 - [TEST_STEP][PASSED] - verifyElementPropertyValue(getResponse, "groups[0].pricingPlans[0].visualElements[3].value", "4.99 JOD / شهرياً"): Verify element property value successfully

2023-10-16 14:07:47 - [MESSAGE][PASSED] - Verify element property value successfully

2023-10-16 14:07:47 - [TEST_STEP][PASSED] - verifyElementPropertyValue(getResponse, "groups[0].pricingPlans[0].visualElements[4].key", "deduction_text"): Verify element property value successfully

2023-10-16 14:07:47 - [MESSAGE][PASSED] - Verify element property value successfully

2023-10-16 14:07:47 - [TEST_STEP][PASSED] - verifyElementPropertyValue(getResponse, "groups[0].pricingPlans[0].visualElements[4].value", "تدفع شهرياً"): Verify element property value successfully

2023-10-16 14:07:47 - [MESSAGE][PASSED] - Verify element property value successfully

2023-10-16 14:07:47 - [TEST_STEP][PASSED] - verifyElementPropertyValue(getResponse, "groups[0].pricingPlans[0].visualElements[7].key", "show_payment_logo"): Verify element property value successfully

2023-10-16 14:07:47 - [MESSAGE][PASSED] - Verify element property value successfully

2023-10-16 14:07:47 - [TEST_STEP][PASSED] - verifyElementPropertyValue(getResponse, "groups[0].pricingPlans[0].visualElements[7].value", "true"): Verify element property value successfully

2023-10-16 14:07:47 - [MESSAGE][PASSED] - Verify element property value successfully

2023-10-16 14:07:47 - [TEST_STEP][PASSED] - verifyElementPropertyValue(getResponse, "groups[0].pricingPlans[0].visualElements[8].key", "show_tag"): Verify element property value successfully

2023-10-16 14:07:47 - [MESSAGE][PASSED] - Verify element property value successfully

2023-10-16 14:07:47 - [TEST_STEP][PASSED] - verifyElementPropertyValue(getResponse, "groups[0].pricingPlans[0].visualElements[8].value", "false"): Verify element property value successfully

2023-10-16 14:07:47 - [MESSAGE][PASSED] - Verify element property value successfully

2023-10-16 14:07:47 - [TEST_STEP][PASSED] - verifyElementPropertyValue(getResponse, "groups[0].pricingPlans[0].visualElements[10].key", "price"): Verify element property value successfully

2023-10-16 14:07:47 - [MESSAGE][PASSED] - Verify element property value successfully

2023-10-16 14:07:47 - [TEST_STEP][PASSED] - verifyElementPropertyValue(getResponse, "groups[0].pricingPlans[0].visualElements[10].value", "4.99"): Verify element property value successfully

2023-10-16 14:07:47 - [MESSAGE][PASSED] - Verify element property value successfully

2023-10-16 14:07:47 - [TEST_STEP][PASSED] - verifyElementPropertyValue(getResponse, "groups[0].pricingPlans[0].visualElements[11].key", "currency"): Verify element property value successfully

2023-10-16 14:07:47 - [MESSAGE][PASSED] - Verify element property value successfully

2023-10-16 14:07:47 - [TEST_STEP][PASSED] - verifyElementPropertyValue(getResponse, "groups[0].pricingPlans[0].visualElements[11].value", "JOD"): Verify element property value successfully

2023-10-16 14:07:47 - [MESSAGE][PASSED] - Verify element property value successfully

2023-10-16 14:07:47 - [TEST_STEP][PASSED] - verifyElementPropertyValue(getResponse, "groups[0].pricingPlans[0].visualElements[12].key", "duration"): Verify element property value successfully

2023-10-16 14:07:47 - [MESSAGE][PASSED] - Verify element property value successfully

2023-10-16 14:07:47 - [TEST_STEP][PASSED] - verifyElementPropertyValue(getResponse, "groups[0].pricingPlans[0].visualElements[12].value", "شهرياً"): Verify element property value successfully

2023-10-16 14:07:47 - [MESSAGE][PASSED] - Verify element property value successfully

2023-10-16 14:07:47 - [TEST_STEP][PASSED] - verifyElementPropertyValue(getResponse, "groups[0].pricingPlans[0].visualElements[13].key", "featured_tag_text"): Verify element property value successfully

2023-10-16 14:07:47 - [MESSAGE][PASSED] - Verify element property value successfully

2023-10-16 14:07:47 - [TEST_STEP][FAILED] - verifyElementPropertyValue(getResponse, "groups[0].pricingPlans[0].visualElements[13].value", " الأكثر مبيعاً"): Expected element property value ' الأكثر مبيعاً' is not equal with actual property value ' الأكثر مبيعاً'

2023-10-16 14:07:47 - [MESSAGE][FAILED] - Expected element property value ' الأكثر مبيعاً' is not equal with actual property value ' الأكثر مبيعاً'

2023-10-16 14:07:47 - [TEST_STEP][PASSED] - verifyElementPropertyValue(getResponse, "groups[0].pricingPlans[0].order", "6"): Verify element property value successfully

2023-10-16 14:07:47 - [MESSAGE][PASSED] - Verify element property value successfully

2023-10-16 14:07:47 - [TEST_STEP][PASSED] - verifyElementPropertyValue(getResponse, "groups[0].pricingPlans[0].period", "monthly"): Verify element property value successfully

2023-10-16 14:07:47 - [MESSAGE][PASSED] - Verify element property value successfully

2023-10-16 14:07:47 - [TEST_STEP][PASSED] - verifyElementPropertyValue(getResponse, "groups[0].pricingPlans[0].price", "4.99"): Verify element property value successfully

2023-10-16 14:07:47 - [MESSAGE][PASSED] - Verify element property value successfully

2023-10-16 14:07:47 - [TEST_STEP][PASSED] - verifyElementPropertyValue(getResponse, "groups[0].pricingPlans[0].currency", "JOD"): Verify element property value successfully

2023-10-16 14:07:47 - [MESSAGE][PASSED] - Verify element property value successfully

2023-10-16 14:07:47 - [TEST_STEP][PASSED] - verifyElementPropertyValue(getResponse, "groups[0].pricingPlans[0].pricingPlanData[0].productId", "JOR_B2C_SHAHID_VIP_GEA_1M"): Verify element property value successfully

2023-10-16 14:07:47 - [MESSAGE][PASSED] - Verify element property value successfully

2023-10-16 14:07:47 - [TEST_STEP][PASSED] - verifyElementPropertyValue(getResponse, "groups[0].pricingPlans[0].pricingPlanData[0].subPricingPlanIds", "null"): Verify element property value successfully

2023-10-16 14:07:47 - [MESSAGE][PASSED] - Verify element property value successfully

2023-10-16 14:07:47 - [TEST_STEP][PASSED] - verifyElementPropertyValue(getResponse, "groups[0].pricingPlans[0].pricingPlanData[0].paymentMethod", "CREDIT_CARD"): Verify element property value successfully

2023-10-16 14:07:47 - [MESSAGE][PASSED] - Verify element property value successfully

2023-10-16 14:07:47 - [TEST_STEP][PASSED] - verifyElementPropertyValue(getResponse, "groups[0].pricingPlans[0].pricingPlanData[0].freeTrialEnabled", "false"): Verify element property value successfully

2023-10-16 14:07:47 - [MESSAGE][PASSED] - Verify element property value successfully

2023-10-16 14:07:47 - [TEST_STEP][PASSED] - verifyElementPropertyValue(getResponse, "groups[0].pricingPlans[0].pricingPlanData[0].visualElements[0].key", "title"): Verify element property value successfully

2023-10-16 14:07:47 - [MESSAGE][PASSED] - Verify element property value successfully

2023-10-16 14:07:47 - [TEST_STEP][PASSED] - verifyElementPropertyValue(getResponse, "groups[0].pricingPlans[0].pricingPlanData[0].visualElements[0].value", "البطاقة المصرفية"): Verify element property value successfully

2023-10-16 14:07:47 - [MESSAGE][PASSED] - Verify element property value successfully

2023-10-16 14:07:47 - [TEST_STEP][PASSED] - verifyElementPropertyValue(getResponse, "groups[0].pricingPlans[0].pricingPlanData[0].visualElements[1].key", "CTA_text"): Verify element property value successfully

2023-10-16 14:07:47 - [MESSAGE][PASSED] - Verify element property value successfully

2023-10-16 14:07:47 - [TEST_STEP][PASSED] - verifyElementPropertyValue(getResponse, "groups[0].pricingPlans[0].pricingPlanData[0].visualElements[1].value", "اشترك"): Verify element property value successfully

2023-10-16 14:07:47 - [MESSAGE][PASSED] - Verify element property value successfully

2023-10-16 14:07:47 - [TEST_STEP][PASSED] - verifyElementPropertyValue(getResponse, "groups[0].pricingPlans[0].pricingPlanData[0].visualElements[2].key", "logo"): Verify element property value successfully

2023-10-16 14:07:47 - [MESSAGE][PASSED] - Verify element property value successfully

2023-10-16 14:07:47 - [TEST_STEP][PASSED] - verifyElementPropertyValue(getResponse, "groups[0].pricingPlans[0].pricingPlanData[0].visualElements[2].value", "https://static.s3.shahid.mbc.net/widget-images/icons/iconCreditCard.png"): Verify element property value successfully

2023-10-16 14:07:47 - [MESSAGE][PASSED] - Verify element property value successfully

2023-10-16 14:07:47 - [TEST_STEP][PASSED] - verifyElementPropertyValue(getResponse, "groups[0].pricingPlans[0].pricingPlanData[0].priceLabel", "4.99"): Verify element property value successfully

2023-10-16 14:07:47 - [MESSAGE][PASSED] - Verify element property value successfully

2023-10-16 14:07:47 - [TEST_STEP][PASSED] - verifyElementPropertyValue(getResponse, "groups[0].pricingPlans[0].pricingPlanData[0].currencyLabel", "JOD"): Verify element property value successfully

2023-10-16 14:07:47 - [MESSAGE][PASSED] - Verify element property value successfully

2023-10-16 14:07:47 - [TEST_STEP][PASSED] - verifyElementPropertyValue(getResponse, "groups[0].pricingPlans[0].pricingPlanData[0].allowedForAcquisition", "true"): Verify element property value successfully

2023-10-16 14:07:47 - [MESSAGE][PASSED] - Verify element property value successfully

2023-10-16 14:07:47 - [TEST_STEP][PASSED] - verifyElementPropertyValue(getResponse, "groups[0].pricingPlans[1].featured", "false"): Verify element property value successfully

2023-10-16 14:07:47 - [MESSAGE][PASSED] - Verify element property value successfully

2023-10-16 14:07:47 - [TEST_STEP][PASSED] - verifyElementPropertyValue(getResponse, "groups[0].pricingPlans[1].packageId", "SHAHID_VIP_GEA"): Verify element property value successfully

2023-10-16 14:07:47 - [MESSAGE][PASSED] - Verify element property value successfully

2023-10-16 14:07:47 - [TEST_STEP][PASSED] - verifyElementPropertyValue(getResponse, "groups[0].pricingPlans[1].catalogId", "GEA"): Verify element property value successfully

2023-10-16 14:07:47 - [MESSAGE][PASSED] - Verify element property value successfully

2023-10-16 14:07:47 - [TEST_STEP][PASSED] - verifyElementPropertyValue(getResponse, "groups[0].pricingPlans[1].visualElements[0].key", "Header_1_text"): Verify element property value successfully

2023-10-16 14:07:47 - [MESSAGE][PASSED] - Verify element property value successfully

2023-10-16 14:07:47 - [TEST_STEP][PASSED] - verifyElementPropertyValue(getResponse, "groups[0].pricingPlans[1].visualElements[0].value", "شاهد أقوى المسلسلات و الأفلام حصرياً دون توقف"): Verify element property value successfully

2023-10-16 14:07:47 - [MESSAGE][PASSED] - Verify element property value successfully

2023-10-16 14:07:47 - [TEST_STEP][PASSED] - verifyElementPropertyValue(getResponse, "groups[0].pricingPlans[1].visualElements[1].key", "display_title"): Verify element property value successfully

2023-10-16 14:07:47 - [MESSAGE][PASSED] - Verify element property value successfully

2023-10-16 14:07:47 - [TEST_STEP][PASSED] - verifyElementPropertyValue(getResponse, "groups[0].pricingPlans[1].visualElements[1].value", "الاشتراك السنوي"): Verify element property value successfully

2023-10-16 14:07:47 - [MESSAGE][PASSED] - Verify element property value successfully

2023-10-16 14:07:47 - [TEST_STEP][PASSED] - verifyElementPropertyValue(getResponse, "groups[0].pricingPlans[1].visualElements[2].key", "tag_text"): Verify element property value successfully

2023-10-16 14:07:47 - [MESSAGE][PASSED] - Verify element property value successfully

2023-10-16 14:07:47 - [TEST_STEP][PASSED] - verifyElementPropertyValue(getResponse, "groups[0].pricingPlans[1].visualElements[2].value", "وفر27%"): Verify element property value successfully

2023-10-16 14:07:47 - [MESSAGE][PASSED] - Verify element property value successfully

2023-10-16 14:07:47 - [TEST_STEP][PASSED] - verifyElementPropertyValue(getResponse, "groups[0].pricingPlans[1].visualElements[3].key", "promo_text"): Verify element property value successfully

2023-10-16 14:07:47 - [MESSAGE][PASSED] - Verify element property value successfully

2023-10-16 14:07:47 - [TEST_STEP][PASSED] - verifyElementPropertyValue(getResponse, "groups[0].pricingPlans[1].visualElements[3].value", "3.66 JOD / شهرياً"): Verify element property value successfully

2023-10-16 14:07:47 - [MESSAGE][PASSED] - Verify element property value successfully

2023-10-16 14:07:47 - [TEST_STEP][PASSED] - verifyElementPropertyValue(getResponse, "groups[0].pricingPlans[1].visualElements[4].key", "deduction_text"): Verify element property value successfully

2023-10-16 14:07:47 - [MESSAGE][PASSED] - Verify element property value successfully

2023-10-16 14:07:47 - [TEST_STEP][PASSED] - verifyElementPropertyValue(getResponse, "groups[0].pricingPlans[1].visualElements[4].value", " 43.99 JOD  تدفع سنوياً"): Verify element property value successfully

2023-10-16 14:07:47 - [MESSAGE][PASSED] - Verify element property value successfully

2023-10-16 14:07:47 - [TEST_STEP][PASSED] - verifyElementPropertyValue(getResponse, "groups[0].pricingPlans[1].visualElements[7].key", "show_payment_logo"): Verify element property value successfully

2023-10-16 14:07:47 - [MESSAGE][PASSED] - Verify element property value successfully

2023-10-16 14:07:47 - [TEST_STEP][PASSED] - verifyElementPropertyValue(getResponse, "groups[0].pricingPlans[1].visualElements[7].value", "true"): Verify element property value successfully

2023-10-16 14:07:47 - [MESSAGE][PASSED] - Verify element property value successfully

2023-10-16 14:07:47 - [TEST_STEP][PASSED] - verifyElementPropertyValue(getResponse, "groups[0].pricingPlans[1].visualElements[8].key", "show_tag"): Verify element property value successfully

2023-10-16 14:07:47 - [MESSAGE][PASSED] - Verify element property value successfully

2023-10-16 14:07:47 - [TEST_STEP][PASSED] - verifyElementPropertyValue(getResponse, "groups[0].pricingPlans[1].visualElements[8].value", "true"): Verify element property value successfully

2023-10-16 14:07:47 - [MESSAGE][PASSED] - Verify element property value successfully

2023-10-16 14:07:47 - [TEST_STEP][PASSED] - verifyElementPropertyValue(getResponse, "groups[0].pricingPlans[1].visualElements[10].key", "price"): Verify element property value successfully

2023-10-16 14:07:47 - [MESSAGE][PASSED] - Verify element property value successfully

2023-10-16 14:07:47 - [TEST_STEP][PASSED] - verifyElementPropertyValue(getResponse, "groups[0].pricingPlans[1].visualElements[10].value", "43.99"): Verify element property value successfully

2023-10-16 14:07:47 - [MESSAGE][PASSED] - Verify element property value successfully

2023-10-16 14:07:47 - [TEST_STEP][PASSED] - verifyElementPropertyValue(getResponse, "groups[0].pricingPlans[1].visualElements[11].key", "currency"): Verify element property value successfully

2023-10-16 14:07:47 - [MESSAGE][PASSED] - Verify element property value successfully

2023-10-16 14:07:47 - [TEST_STEP][PASSED] - verifyElementPropertyValue(getResponse, "groups[0].pricingPlans[1].visualElements[11].value", "JOD"): Verify element property value successfully

2023-10-16 14:07:47 - [MESSAGE][PASSED] - Verify element property value successfully

2023-10-16 14:07:47 - [TEST_STEP][PASSED] - verifyElementPropertyValue(getResponse, "groups[0].pricingPlans[1].visualElements[12].key", "duration"): Verify element property value successfully

2023-10-16 14:07:47 - [MESSAGE][PASSED] - Verify element property value successfully

2023-10-16 14:07:47 - [TEST_STEP][PASSED] - verifyElementPropertyValue(getResponse, "groups[0].pricingPlans[1].visualElements[12].value", "سنوياً"): Verify element property value successfully

2023-10-16 14:07:47 - [MESSAGE][PASSED] - Verify element property value successfully

2023-10-16 14:07:47 - [TEST_STEP][PASSED] - verifyElementPropertyValue(getResponse, "groups[0].pricingPlans[1].order", "8"): Verify element property value successfully

2023-10-16 14:07:47 - [MESSAGE][PASSED] - Verify element property value successfully

2023-10-16 14:07:47 - [TEST_STEP][PASSED] - verifyElementPropertyValue(getResponse, "groups[0].pricingPlans[1].period", "yearly"): Verify element property value successfully

2023-10-16 14:07:47 - [MESSAGE][PASSED] - Verify element property value successfully

2023-10-16 14:07:47 - [TEST_STEP][PASSED] - verifyElementPropertyValue(getResponse, "groups[0].pricingPlans[1].price", "43.99"): Verify element property value successfully

2023-10-16 14:07:47 - [MESSAGE][PASSED] - Verify element property value successfully

2023-10-16 14:07:47 - [TEST_STEP][PASSED] - verifyElementPropertyValue(getResponse, "groups[0].pricingPlans[1].currency", "JOD"): Verify element property value successfully

2023-10-16 14:07:47 - [MESSAGE][PASSED] - Verify element property value successfully

2023-10-16 14:07:47 - [TEST_STEP][PASSED] - verifyElementPropertyValue(getResponse, "groups[0].pricingPlans[1].pricingPlanData[0].productId", "JOR_B2C_SHAHID_VIP_GEA_12M"): Verify element property value successfully

2023-10-16 14:07:47 - [MESSAGE][PASSED] - Verify element property value successfully

2023-10-16 14:07:47 - [TEST_STEP][PASSED] - verifyElementPropertyValue(getResponse, "groups[0].pricingPlans[1].pricingPlanData[0].subPricingPlanIds", "null"): Verify element property value successfully

2023-10-16 14:07:47 - [MESSAGE][PASSED] - Verify element property value successfully

2023-10-16 14:07:47 - [TEST_STEP][PASSED] - verifyElementPropertyValue(getResponse, "groups[0].pricingPlans[1].pricingPlanData[0].paymentMethod", "CREDIT_CARD"): Verify element property value successfully

2023-10-16 14:07:47 - [MESSAGE][PASSED] - Verify element property value successfully

2023-10-16 14:07:47 - [TEST_STEP][PASSED] - verifyElementPropertyValue(getResponse, "groups[0].pricingPlans[1].pricingPlanData[0].freeTrialEnabled", "false"): Verify element property value successfully

2023-10-16 14:07:47 - [MESSAGE][PASSED] - Verify element property value successfully

2023-10-16 14:07:47 - [TEST_STEP][PASSED] - verifyElementPropertyValue(getResponse, "groups[0].pricingPlans[1].pricingPlanData[0].visualElements[0].key", "title"): Verify element property value successfully

2023-10-16 14:07:47 - [MESSAGE][PASSED] - Verify element property value successfully

2023-10-16 14:07:47 - [TEST_STEP][PASSED] - verifyElementPropertyValue(getResponse, "groups[0].pricingPlans[1].pricingPlanData[0].visualElements[0].value", "البطاقة المصرفية"): Verify element property value successfully

2023-10-16 14:07:47 - [MESSAGE][PASSED] - Verify element property value successfully

2023-10-16 14:07:47 - [TEST_STEP][PASSED] - verifyElementPropertyValue(getResponse, "groups[0].pricingPlans[1].pricingPlanData[0].visualElements[1].key", "CTA_text"): Verify element property value successfully

2023-10-16 14:07:47 - [MESSAGE][PASSED] - Verify element property value successfully

2023-10-16 14:07:47 - [TEST_STEP][PASSED] - verifyElementPropertyValue(getResponse, "groups[0].pricingPlans[1].pricingPlanData[0].visualElements[1].value", "اشترك"): Verify element property value successfully

2023-10-16 14:07:47 - [MESSAGE][PASSED] - Verify element property value successfully

2023-10-16 14:07:47 - [TEST_STEP][PASSED] - verifyElementPropertyValue(getResponse, "groups[0].pricingPlans[1].pricingPlanData[0].visualElements[2].key", "logo"): Verify element property value successfully

2023-10-16 14:07:47 - [MESSAGE][PASSED] - Verify element property value successfully

2023-10-16 14:07:47 - [TEST_STEP][PASSED] - verifyElementPropertyValue(getResponse, "groups[0].pricingPlans[1].pricingPlanData[0].visualElements[2].value", "https://static.s3.shahid.mbc.net/widget-images/icons/iconCreditCard.png"): Verify element property value successfully

2023-10-16 14:07:47 - [MESSAGE][PASSED] - Verify element property value successfully

2023-10-16 14:07:47 - [TEST_STEP][PASSED] - verifyElementPropertyValue(getResponse, "groups[0].pricingPlans[1].pricingPlanData[0].priceLabel", "43.99"): Verify element property value successfully

2023-10-16 14:07:47 - [MESSAGE][PASSED] - Verify element property value successfully

2023-10-16 14:07:47 - [TEST_STEP][PASSED] - verifyElementPropertyValue(getResponse, "groups[0].pricingPlans[1].pricingPlanData[0].currencyLabel", "JOD"): Verify element property value successfully

2023-10-16 14:07:47 - [MESSAGE][PASSED] - Verify element property value successfully

2023-10-16 14:07:47 - [TEST_STEP][PASSED] - verifyElementPropertyValue(getResponse, "groups[0].pricingPlans[1].pricingPlanData[0].allowedForAcquisition", "true"): Verify element property value successfully

2023-10-16 14:07:47 - [MESSAGE][PASSED] - Verify element property value successfully

2023-10-16 14:07:47 - [TEST_STEP][PASSED] - verifyElementPropertyValue(getResponse, "groups[0].pricingPlans[1].pricingPlanData[0].showIn[0]", "VERTICAL_MODE"): Verify element property value successfully

2023-10-16 14:07:47 - [MESSAGE][PASSED] - Verify element property value successfully

2023-10-16 14:07:47 - [TEST_STEP][PASSED] - verifyElementPropertyValue(getResponse, "groups[0].pricingPlans[1].pricingPlanData[0].showIn[1]", "HORIZONTAL_MODE"): Verify element property value successfully

2023-10-16 14:07:47 - [MESSAGE][PASSED] - Verify element property value successfully

2023-10-16 14:07:47 - [TEST_STEP][PASSED] - verifyElementPropertyValue(getResponse, "visualElements[0].key", "main_CTA_text_1"): Verify element property value successfully

2023-10-16 14:07:47 - [MESSAGE][PASSED] - Verify element property value successfully

2023-10-16 14:07:47 - [TEST_STEP][PASSED] - verifyElementPropertyValue(getResponse, "visualElements[0].value", "شاهد أقوى المسلسلات و الأفلام حصرياً دون توقف"): Verify element property value successfully

2023-10-16 14:07:47 - [MESSAGE][PASSED] - Verify element property value successfully

2023-10-16 14:07:47 - [TEST_STEP][PASSED] - verifyElementPropertyValue(getResponse, "visualElements[2].key", "main_disclaimer_text"): Verify element property value successfully

2023-10-16 14:07:47 - [MESSAGE][PASSED] - Verify element property value successfully

2023-10-16 14:07:47 - [TEST_STEP][PASSED] - verifyElementPropertyValue(getResponse, "visualElements[2].value", "رسوم الاشتراك قد تختلف بناءً على البلد أو طريقة الدفع أو باقة الاشتراك أو الضريبة المضافة أو معامل تحويل العملات والرسوم البنكية. تطبّق الشروط والأحكام."): Verify element property value successfully

2023-10-16 14:07:47 - [MESSAGE][PASSED] - Verify element property value successfully

2023-10-16 14:07:47 - [TEST_STEP][PASSED] - verifyElementPropertyValue(getResponse, "visualElements[4].key", "display_type"): Verify element property value successfully

2023-10-16 14:07:47 - [MESSAGE][PASSED] - Verify element property value successfully

2023-10-16 14:07:47 - [TEST_STEP][PASSED] - verifyElementPropertyValue(getResponse, "visualElements[4].value", "vertical"): Verify element property value successfully

2023-10-16 14:07:47 - [MESSAGE][PASSED] - Verify element property value successfully

2023-10-16 14:07:47 - [TEST_STEP][PASSED] - verifyElementPropertyValue(getResponse, "pages[0].visualElements[0].key", "alternative_payment_title"): Verify element property value successfully

2023-10-16 14:07:47 - [MESSAGE][PASSED] - Verify element property value successfully

2023-10-16 14:07:47 - [TEST_STEP][PASSED] - verifyElementPropertyValue(getResponse, "pages[0].visualElements[0].value", "أو قم باختيار إحدى الطرق البديلة التالية"): Verify element property value successfully

2023-10-16 14:07:47 - [MESSAGE][PASSED] - Verify element property value successfully

2023-10-16 14:07:47 - [TEST_STEP][PASSED] - verifyElementPropertyValue(getResponse, "pages[0].visualElements[1].key", "label_text"): Verify element property value successfully

2023-10-16 14:07:47 - [MESSAGE][PASSED] - Verify element property value successfully

2023-10-16 14:07:47 - [TEST_STEP][PASSED] - verifyElementPropertyValue(getResponse, "pages[0].visualElements[1].value", "طرق الدفع الأخرى"): Verify element property value successfully

2023-10-16 14:07:47 - [MESSAGE][PASSED] - Verify element property value successfully

2023-10-16 14:07:47 - [TEST_STEP][PASSED] - verifyElementPropertyValue(getResponse, "pages[0].visualElements[3].key", "CTA_text"): Verify element property value successfully

2023-10-16 14:07:47 - [MESSAGE][PASSED] - Verify element property value successfully

2023-10-16 14:07:47 - [TEST_STEP][PASSED] - verifyElementPropertyValue(getResponse, "pages[0].visualElements[3].value", "اضغط هنا"): Verify element property value successfully

2023-10-16 14:07:47 - [MESSAGE][PASSED] - Verify element property value successfully

2023-10-16 14:07:47 - [TEST_STEP][PASSED] - verifyElementPropertyValue(getResponse, "pages[0].visualElements[4].key", "main_title"): Verify element property value successfully

2023-10-16 14:07:47 - [MESSAGE][PASSED] - Verify element property value successfully

2023-10-16 14:07:47 - [TEST_STEP][PASSED] - verifyElementPropertyValue(getResponse, "pages[0].visualElements[4].value", "طرق الدفع الأخرى"): Verify element property value successfully

2023-10-16 14:07:47 - [MESSAGE][PASSED] - Verify element property value successfully

2023-10-16 14:07:47 - [TEST_STEP][PASSED] - verifyElementPropertyValue(getResponse, "pages[0].visualElements[6].key", "alternative_payment_methods"): Verify element property value successfully

2023-10-16 14:07:47 - [MESSAGE][PASSED] - Verify element property value successfully

2023-10-16 14:07:47 - [TEST_STEP][PASSED] - verifyElementPropertyValue(getResponse, "pages[0].visualElements[6].value", "يمكنك شراء قسيمة شاهد التسويقية من أي من بائعي التجزئة التاليين"): Verify element property value successfully

2023-10-16 14:07:47 - [MESSAGE][PASSED] - Verify element property value successfully

2023-10-16 14:07:47 - [TEST_STEP][PASSED] - verifyElementPropertyValue(getResponse, "partners[0].name", "Like Card"): Verify element property value successfully

2023-10-16 14:07:47 - [MESSAGE][PASSED] - Verify element property value successfully

2023-10-16 14:07:47 - [TEST_STEP][PASSED] - verifyElementPropertyValue(getResponse, "partners[0].link", "https://like4card.com/All-Shahid_VIP?country_id=15"): Verify element property value successfully

2023-10-16 14:07:48 - [MESSAGE][PASSED] - Verify element property value successfully

2023-10-16 14:07:48 - [TEST_STEP][PASSED] - verifyElementPropertyValue(getResponse, "partners[0].logo", "https://static.s3.shahid.mbc.net/widget-images/logos/likecard@2x.png"): Verify element property value successfully

2023-10-16 14:07:48 - [MESSAGE][PASSED] - Verify element property value successfully

2023-10-16 14:07:48 - [TEST_STEP][PASSED] - verifyElementPropertyValue(getResponse, "partners[0].visible", "true"): Verify element property value successfully

2023-10-16 14:07:48 - [MESSAGE][PASSED] - Verify element property value successfully

2023-10-16 14:07:48 - [TEST_STEP][PASSED] - verifyElementPropertyValue(getResponse, "partners[0].visualElements[0].key", "text"): Verify element property value successfully

2023-10-16 14:07:48 - [MESSAGE][PASSED] - Verify element property value successfully

2023-10-16 14:07:48 - [TEST_STEP][PASSED] - verifyElementPropertyValue(getResponse, "partners[0].visualElements[0].value", "معلومات إضافية"): Verify element property value successfully

2023-10-16 14:07:48 - [MESSAGE][PASSED] - Verify element property value successfully

2023-10-16 14:07:48 - [TEST_STEP][PASSED] - verifyElementPropertyValue(getResponse, "partners[1].name", "Zain Cash Jordan"): Verify element property value successfully

2023-10-16 14:07:48 - [MESSAGE][PASSED] - Verify element property value successfully

2023-10-16 14:07:48 - [TEST_STEP][PASSED] - verifyElementPropertyValue(getResponse, "partners[1].link", "https://apps.apple.com/us/app/zain-cash-jordan/id1472544421"): Verify element property value successfully

2023-10-16 14:07:48 - [MESSAGE][PASSED] - Verify element property value successfully

2023-10-16 14:07:48 - [TEST_STEP][PASSED] - verifyElementPropertyValue(getResponse, "partners[1].logo", "https://static.s3.shahid.mbc.net/widget-images/logos/zaincash@2x.png"): Verify element property value successfully

2023-10-16 14:07:48 - [MESSAGE][PASSED] - Verify element property value successfully

2023-10-16 14:07:48 - [TEST_STEP][PASSED] - verifyElementPropertyValue(getResponse, "partners[1].visible", "true"): Verify element property value successfully

2023-10-16 14:07:48 - [MESSAGE][PASSED] - Verify element property value successfully

2023-10-16 14:07:48 - [TEST_STEP][PASSED] - verifyElementPropertyValue(getResponse, "partners[1].visualElements[0].key", "text"): Verify element property value successfully

2023-10-16 14:07:48 - [MESSAGE][PASSED] - Verify element property value successfully

2023-10-16 14:07:48 - [TEST_STEP][PASSED] - verifyElementPropertyValue(getResponse, "partners[1].visualElements[0].value", "معلومات إضافية"): Verify element property value successfully

2023-10-16 14:07:48 - [MESSAGE][PASSED] - Verify element property value successfully

2023-10-16 14:07:48 - [TEST_STEP][PASSED] - verifyElementPropertyValue(getResponse, "partners[2].name", "Arab bank of jordan"): Verify element property value successfully

2023-10-16 14:07:48 - [MESSAGE][PASSED] - Verify element property value successfully

2023-10-16 14:07:48 - [TEST_STEP][PASSED] - verifyElementPropertyValue(getResponse, "partners[2].link", "https://play.google.com/store/apps/details?id=com.arabbank.arabimobilev2"): Verify element property value successfully

2023-10-16 14:07:48 - [MESSAGE][PASSED] - Verify element property value successfully

2023-10-16 14:07:48 - [TEST_STEP][PASSED] - verifyElementPropertyValue(getResponse, "partners[2].logo", "https://static.s3.shahid.mbc.net/widget-images/logos/arab-bank@2x.png"): Verify element property value successfully

2023-10-16 14:07:48 - [MESSAGE][PASSED] - Verify element property value successfully

2023-10-16 14:07:48 - [TEST_STEP][PASSED] - verifyElementPropertyValue(getResponse, "partners[2].visible", "true"): Verify element property value successfully

2023-10-16 14:07:48 - [MESSAGE][PASSED] - Verify element property value successfully

2023-10-16 14:07:48 - [TEST_STEP][PASSED] - verifyElementPropertyValue(getResponse, "partners[2].visualElements[0].key", "text"): Verify element property value successfully

2023-10-16 14:07:48 - [MESSAGE][PASSED] - Verify element property value successfully

2023-10-16 14:07:48 - [TEST_STEP][PASSED] - verifyElementPropertyValue(getResponse, "partners[2].visualElements[0].value", "معلومات إضافية"): Verify element property value successfully

2023-10-16 14:07:48 - [MESSAGE][PASSED] - Verify element property value successfully

2023-10-16 14:07:48 - [TEST_STEP][PASSED] - verifyElementPropertyValue(getResponse, "defaultPackageId", "SHAHID_VIP"): Verify element property value successfully

2023-10-16 14:07:48 - [MESSAGE][PASSED] - Verify element property value successfully]]></system-out>
         <system-err><![CDATA[2023-10-16 14:07:46 - [TEST_CASE][FAILED] - Test Cases/WEB - CHROME/JOR PI/WEB_AR_getSubscriptionConfigForJOR_GEA: Test Cases/WEB - CHROME/JOR PI/WEB_AR_getSubscriptionConfigForJOR_GEA FAILED.
Reason:
com.kms.katalon.core.exception.StepFailedException: Expected element property value ' الأكثر مبيعاً' is not equal with actual property value ' الأكثر مبيعاً'
	at com.kms.katalon.core.keyword.internal.KeywordMain.stepFailed(KeywordMain.groovy:39)
	at com.kms.katalon.core.webservice.keyword.builtin.VerifyElementPropertyValueKeyword$_verifyElementPropertyValue_closure1.doCall(VerifyElementPropertyValueKeyword.groovy:56)
	at com.kms.katalon.core.webservice.keyword.builtin.VerifyElementPropertyValueKeyword$_verifyElementPropertyValue_closure1.call(VerifyElementPropertyValueKeyword.groovy)
	at com.kms.katalon.core.keyword.internal.KeywordMain.runKeyword(KeywordMain.groovy:75)
	at com.kms.katalon.core.webservice.keyword.builtin.VerifyElementPropertyValueKeyword.verifyElementPropertyValue(VerifyElementPropertyValueKeyword.groovy:48)
	at com.kms.katalon.core.webservice.keyword.builtin.VerifyElementPropertyValueKeyword.execute(VerifyElementPropertyValueKeyword.groovy:43)
	at com.kms.katalon.core.keyword.internal.KeywordExecutor.executeKeywordForPlatform(KeywordExecutor.groovy:74)
	at com.kms.katalon.core.webservice.keyword.WSBuiltInKeywords.verifyElementPropertyValue(WSBuiltInKeywords.groovy:190)
	at com.kms.katalon.core.webservice.keyword.WSBuiltInKeywords$verifyElementPropertyValue$1.call(Unknown Source)
	at WEB_AR_getSubscriptionConfigForJOR_GEA.run(WEB_AR_getSubscriptionConfigForJOR_GEA:69)
	at com.kms.katalon.core.main.ScriptEngine.run(ScriptEngine.java:194)
	at com.kms.katalon.core.main.ScriptEngine.runScriptAsRawText(ScriptEngine.java:119)
	at com.kms.katalon.core.main.TestCaseExecutor.runScript(TestCaseExecutor.java:448)
	at com.kms.katalon.core.main.TestCaseExecutor.doExecute(TestCaseExecutor.java:439)
	at com.kms.katalon.core.main.TestCaseExecutor.processExecutionPhase(TestCaseExecutor.java:418)
	at com.kms.katalon.core.main.TestCaseExecutor.accessMainPhase(TestCaseExecutor.java:410)
	at com.kms.katalon.core.main.TestCaseExecutor.execute(TestCaseExecutor.java:285)
	at com.kms.katalon.core.common.CommonExecutor.accessTestCaseMainPhase(CommonExecutor.java:65)
	at com.kms.katalon.core.main.TestSuiteExecutor.accessTestSuiteMainPhase(TestSuiteExecutor.java:148)
	at com.kms.katalon.core.main.TestSuiteExecutor.execute(TestSuiteExecutor.java:106)
	at com.kms.katalon.core.main.TestCaseMain.startTestSuite(TestCaseMain.java:187)
	at com.kms.katalon.core.main.TestCaseMain$startTestSuite$0.call(Unknown Source)
	at TempTestSuite1697454195634.run(TempTestSuite1697454195634.groovy:36)]]></system-err>
      </testcase>
      <testcase name="Test Cases/WEB - CHROME/JOR PI/WEB_FR_getSubscriptionConfigForJOR_SPORT" time="1.782" classname="Test Cases/WEB - CHROME/JOR PI/WEB_FR_getSubscriptionConfigForJOR_SPORT" status="PASSED">
         <system-out><![CDATA[2023-10-16 14:07:48 - [TEST_CASE][PASSED] - Test Cases/WEB - CHROME/JOR PI/WEB_FR_getSubscriptionConfigForJOR_SPORT: Test Cases/WEB - CHROME/JOR PI/WEB_FR_getSubscriptionConfigForJOR_SPORT

2023-10-16 14:07:48 - [TEST_STEP][PASSED] - getResponse = config_files.getConfigFile.getConfig("WEB", "FR", "SHAHID_VIP_SPORT", "JO", "false"): config_files.getConfigFile.getConfig is PASSED

2023-10-16 14:07:49 - [MESSAGE][INFO] - HAR: /Users/admin/git/shahid-configuration/Reports/20231016_140310/WEB/JOR/20231016_140315/requests/main/3.har

2023-10-16 14:07:49 - [MESSAGE][PASSED] - Send request successfully

2023-10-16 14:07:49 - [MESSAGE][PASSED] - config_files.getConfigFile.getConfig is PASSED

2023-10-16 14:07:49 - [TEST_STEP][PASSED] - verifyResponseStatusCode(getResponse, 200): Verify response status code successfully

2023-10-16 14:07:49 - [MESSAGE][PASSED] - Verify response status code successfully

2023-10-16 14:07:49 - [TEST_STEP][PASSED] - verifyElementPropertyValue(getResponse, "country", "JOR"): Verify element property value successfully

2023-10-16 14:07:49 - [MESSAGE][PASSED] - Verify element property value successfully

2023-10-16 14:07:49 - [TEST_STEP][PASSED] - verifyElementPropertyValue(getResponse, "platform", "[WEB]"): Verify element property value successfully

2023-10-16 14:07:49 - [MESSAGE][PASSED] - Verify element property value successfully

2023-10-16 14:07:49 - [TEST_STEP][PASSED] - verifyElementPropertyValue(getResponse, "groups[0].pricingPlans[0].featured", "true"): Verify element property value successfully

2023-10-16 14:07:49 - [MESSAGE][PASSED] - Verify element property value successfully

2023-10-16 14:07:49 - [TEST_STEP][PASSED] - verifyElementPropertyValue(getResponse, "groups[0].pricingPlans[0].packageId", "SHAHID_VIP_SPORT"): Verify element property value successfully

2023-10-16 14:07:49 - [MESSAGE][PASSED] - Verify element property value successfully

2023-10-16 14:07:49 - [TEST_STEP][PASSED] - verifyElementPropertyValue(getResponse, "groups[0].pricingPlans[0].catalogId", "SPORT"): Verify element property value successfully

2023-10-16 14:07:49 - [MESSAGE][PASSED] - Verify element property value successfully

2023-10-16 14:07:49 - [TEST_STEP][PASSED] - verifyElementPropertyValue(getResponse, "groups[0].pricingPlans[0].visualElements[0].key", "Header_1_text"): Verify element property value successfully

2023-10-16 14:07:49 - [MESSAGE][PASSED] - Verify element property value successfully

2023-10-16 14:07:49 - [TEST_STEP][PASSED] - verifyElementPropertyValue(getResponse, "groups[0].pricingPlans[0].visualElements[0].value", "Abonnez-vous dès maintenant et profitez de vos programmes sans publicité"): Verify element property value successfully

2023-10-16 14:07:49 - [MESSAGE][PASSED] - Verify element property value successfully

2023-10-16 14:07:49 - [TEST_STEP][PASSED] - verifyElementPropertyValue(getResponse, "groups[0].pricingPlans[0].visualElements[1].key", "display_title"): Verify element property value successfully

2023-10-16 14:07:49 - [MESSAGE][PASSED] - Verify element property value successfully

2023-10-16 14:07:49 - [TEST_STEP][PASSED] - verifyElementPropertyValue(getResponse, "groups[0].pricingPlans[0].visualElements[1].value", "Plan Mensuel"): Verify element property value successfully

2023-10-16 14:07:49 - [MESSAGE][PASSED] - Verify element property value successfully

2023-10-16 14:07:49 - [TEST_STEP][PASSED] - verifyElementPropertyValue(getResponse, "groups[0].pricingPlans[0].visualElements[2].key", "promo_text"): Verify element property value successfully

2023-10-16 14:07:49 - [MESSAGE][PASSED] - Verify element property value successfully

2023-10-16 14:07:49 - [TEST_STEP][PASSED] - verifyElementPropertyValue(getResponse, "groups[0].pricingPlans[0].visualElements[2].value", "5.99 JOD / mois"): Verify element property value successfully

2023-10-16 14:07:49 - [MESSAGE][PASSED] - Verify element property value successfully

2023-10-16 14:07:49 - [TEST_STEP][PASSED] - verifyElementPropertyValue(getResponse, "groups[0].pricingPlans[0].visualElements[3].key", "deduction_text"): Verify element property value successfully

2023-10-16 14:07:49 - [MESSAGE][PASSED] - Verify element property value successfully

2023-10-16 14:07:49 - [TEST_STEP][PASSED] - verifyElementPropertyValue(getResponse, "groups[0].pricingPlans[0].visualElements[3].value", "facturation mensuelle"): Verify element property value successfully

2023-10-16 14:07:49 - [MESSAGE][PASSED] - Verify element property value successfully

2023-10-16 14:07:49 - [TEST_STEP][PASSED] - verifyElementPropertyValue(getResponse, "groups[0].pricingPlans[0].visualElements[6].key", "show_payment_logo"): Verify element property value successfully

2023-10-16 14:07:49 - [MESSAGE][PASSED] - Verify element property value successfully

2023-10-16 14:07:49 - [TEST_STEP][PASSED] - verifyElementPropertyValue(getResponse, "groups[0].pricingPlans[0].visualElements[6].value", "true"): Verify element property value successfully

2023-10-16 14:07:49 - [MESSAGE][PASSED] - Verify element property value successfully

2023-10-16 14:07:49 - [TEST_STEP][PASSED] - verifyElementPropertyValue(getResponse, "groups[0].pricingPlans[0].visualElements[8].key", "price"): Verify element property value successfully

2023-10-16 14:07:49 - [MESSAGE][PASSED] - Verify element property value successfully

2023-10-16 14:07:49 - [TEST_STEP][PASSED] - verifyElementPropertyValue(getResponse, "groups[0].pricingPlans[0].visualElements[8].value", "5.99"): Verify element property value successfully

2023-10-16 14:07:49 - [MESSAGE][PASSED] - Verify element property value successfully

2023-10-16 14:07:49 - [TEST_STEP][PASSED] - verifyElementPropertyValue(getResponse, "groups[0].pricingPlans[0].visualElements[9].key", "currency"): Verify element property value successfully

2023-10-16 14:07:49 - [MESSAGE][PASSED] - Verify element property value successfully

2023-10-16 14:07:49 - [TEST_STEP][PASSED] - verifyElementPropertyValue(getResponse, "groups[0].pricingPlans[0].visualElements[9].value", "JOD"): Verify element property value successfully

2023-10-16 14:07:49 - [MESSAGE][PASSED] - Verify element property value successfully

2023-10-16 14:07:49 - [TEST_STEP][PASSED] - verifyElementPropertyValue(getResponse, "groups[0].pricingPlans[0].visualElements[10].key", "duration"): Verify element property value successfully

2023-10-16 14:07:49 - [MESSAGE][PASSED] - Verify element property value successfully

2023-10-16 14:07:49 - [TEST_STEP][PASSED] - verifyElementPropertyValue(getResponse, "groups[0].pricingPlans[0].visualElements[10].value", "Mensuel"): Verify element property value successfully

2023-10-16 14:07:49 - [MESSAGE][PASSED] - Verify element property value successfully

2023-10-16 14:07:49 - [TEST_STEP][PASSED] - verifyElementPropertyValue(getResponse, "groups[0].pricingPlans[0].visualElements[11].key", "featured_tag_text"): Verify element property value successfully

2023-10-16 14:07:49 - [MESSAGE][PASSED] - Verify element property value successfully

2023-10-16 14:07:49 - [TEST_STEP][PASSED] - verifyElementPropertyValue(getResponse, "groups[0].pricingPlans[0].visualElements[11].value", "Le plus populaire"): Verify element property value successfully

2023-10-16 14:07:49 - [MESSAGE][PASSED] - Verify element property value successfully

2023-10-16 14:07:49 - [TEST_STEP][PASSED] - verifyElementPropertyValue(getResponse, "groups[0].pricingPlans[0].order", "3"): Verify element property value successfully

2023-10-16 14:07:49 - [MESSAGE][PASSED] - Verify element property value successfully

2023-10-16 14:07:49 - [TEST_STEP][PASSED] - verifyElementPropertyValue(getResponse, "groups[0].pricingPlans[0].period", "monthly"): Verify element property value successfully

2023-10-16 14:07:49 - [MESSAGE][PASSED] - Verify element property value successfully

2023-10-16 14:07:49 - [TEST_STEP][PASSED] - verifyElementPropertyValue(getResponse, "groups[0].pricingPlans[0].price", "5.99"): Verify element property value successfully

2023-10-16 14:07:49 - [MESSAGE][PASSED] - Verify element property value successfully

2023-10-16 14:07:49 - [TEST_STEP][PASSED] - verifyElementPropertyValue(getResponse, "groups[0].pricingPlans[0].currency", "JOD"): Verify element property value successfully

2023-10-16 14:07:49 - [MESSAGE][PASSED] - Verify element property value successfully

2023-10-16 14:07:49 - [TEST_STEP][PASSED] - verifyElementPropertyValue(getResponse, "groups[0].pricingPlans[0].pricingPlanData[0].productId", "JOR_B2C_SHAHID_VIP_SPORT_1M"): Verify element property value successfully

2023-10-16 14:07:49 - [MESSAGE][PASSED] - Verify element property value successfully

2023-10-16 14:07:49 - [TEST_STEP][PASSED] - verifyElementPropertyValue(getResponse, "groups[0].pricingPlans[0].pricingPlanData[0].subPricingPlanIds", "null"): Verify element property value successfully

2023-10-16 14:07:49 - [MESSAGE][PASSED] - Verify element property value successfully

2023-10-16 14:07:49 - [TEST_STEP][PASSED] - verifyElementPropertyValue(getResponse, "groups[0].pricingPlans[0].pricingPlanData[0].paymentMethod", "CREDIT_CARD"): Verify element property value successfully

2023-10-16 14:07:49 - [MESSAGE][PASSED] - Verify element property value successfully

2023-10-16 14:07:49 - [TEST_STEP][PASSED] - verifyElementPropertyValue(getResponse, "groups[0].pricingPlans[0].pricingPlanData[0].freeTrialEnabled", "false"): Verify element property value successfully

2023-10-16 14:07:49 - [MESSAGE][PASSED] - Verify element property value successfully

2023-10-16 14:07:49 - [TEST_STEP][PASSED] - verifyElementPropertyValue(getResponse, "groups[0].pricingPlans[0].pricingPlanData[0].visualElements[0].key", "title"): Verify element property value successfully

2023-10-16 14:07:49 - [MESSAGE][PASSED] - Verify element property value successfully

2023-10-16 14:07:49 - [TEST_STEP][PASSED] - verifyElementPropertyValue(getResponse, "groups[0].pricingPlans[0].pricingPlanData[0].visualElements[0].value", "Carte de crédit/débit"): Verify element property value successfully

2023-10-16 14:07:49 - [MESSAGE][PASSED] - Verify element property value successfully

2023-10-16 14:07:49 - [TEST_STEP][PASSED] - verifyElementPropertyValue(getResponse, "groups[0].pricingPlans[0].pricingPlanData[0].visualElements[1].key", "CTA_text"): Verify element property value successfully

2023-10-16 14:07:49 - [MESSAGE][PASSED] - Verify element property value successfully

2023-10-16 14:07:49 - [TEST_STEP][PASSED] - verifyElementPropertyValue(getResponse, "groups[0].pricingPlans[0].pricingPlanData[0].visualElements[1].value", "S’abonner"): Verify element property value successfully

2023-10-16 14:07:49 - [MESSAGE][PASSED] - Verify element property value successfully

2023-10-16 14:07:49 - [TEST_STEP][PASSED] - verifyElementPropertyValue(getResponse, "groups[0].pricingPlans[0].pricingPlanData[0].visualElements[2].key", "logo"): Verify element property value successfully

2023-10-16 14:07:49 - [MESSAGE][PASSED] - Verify element property value successfully

2023-10-16 14:07:49 - [TEST_STEP][PASSED] - verifyElementPropertyValue(getResponse, "groups[0].pricingPlans[0].pricingPlanData[0].visualElements[2].value", "https://static.s3.shahid.mbc.net/widget-images/icons/iconCreditCard.png"): Verify element property value successfully

2023-10-16 14:07:49 - [MESSAGE][PASSED] - Verify element property value successfully

2023-10-16 14:07:49 - [TEST_STEP][PASSED] - verifyElementPropertyValue(getResponse, "groups[0].pricingPlans[0].pricingPlanData[0].priceLabel", "5.99"): Verify element property value successfully

2023-10-16 14:07:49 - [MESSAGE][PASSED] - Verify element property value successfully

2023-10-16 14:07:49 - [TEST_STEP][PASSED] - verifyElementPropertyValue(getResponse, "groups[0].pricingPlans[0].pricingPlanData[0].currencyLabel", "JOD"): Verify element property value successfully

2023-10-16 14:07:49 - [MESSAGE][PASSED] - Verify element property value successfully

2023-10-16 14:07:49 - [TEST_STEP][PASSED] - verifyElementPropertyValue(getResponse, "groups[0].pricingPlans[1].featured", "false"): Verify element property value successfully

2023-10-16 14:07:49 - [MESSAGE][PASSED] - Verify element property value successfully

2023-10-16 14:07:49 - [TEST_STEP][PASSED] - verifyElementPropertyValue(getResponse, "groups[0].pricingPlans[1].packageId", "SHAHID_VIP_SPORT"): Verify element property value successfully

2023-10-16 14:07:49 - [MESSAGE][PASSED] - Verify element property value successfully

2023-10-16 14:07:49 - [TEST_STEP][PASSED] - verifyElementPropertyValue(getResponse, "groups[0].pricingPlans[1].catalogId", "SPORT"): Verify element property value successfully

2023-10-16 14:07:49 - [MESSAGE][PASSED] - Verify element property value successfully

2023-10-16 14:07:49 - [TEST_STEP][PASSED] - verifyElementPropertyValue(getResponse, "groups[0].pricingPlans[1].visualElements[0].key", "Header_1_text"): Verify element property value successfully

2023-10-16 14:07:49 - [MESSAGE][PASSED] - Verify element property value successfully

2023-10-16 14:07:49 - [TEST_STEP][PASSED] - verifyElementPropertyValue(getResponse, "groups[0].pricingPlans[1].visualElements[0].value", "Abonnez-vous dès maintenant et profitez de vos programmes sans publicité"): Verify element property value successfully

2023-10-16 14:07:49 - [MESSAGE][PASSED] - Verify element property value successfully

2023-10-16 14:07:49 - [TEST_STEP][PASSED] - verifyElementPropertyValue(getResponse, "groups[0].pricingPlans[1].visualElements[1].key", "display_title"): Verify element property value successfully

2023-10-16 14:07:49 - [MESSAGE][PASSED] - Verify element property value successfully

2023-10-16 14:07:49 - [TEST_STEP][PASSED] - verifyElementPropertyValue(getResponse, "groups[0].pricingPlans[1].visualElements[1].value", "Plan Annuel"): Verify element property value successfully

2023-10-16 14:07:49 - [MESSAGE][PASSED] - Verify element property value successfully

2023-10-16 14:07:49 - [TEST_STEP][PASSED] - verifyElementPropertyValue(getResponse, "groups[0].pricingPlans[1].visualElements[2].key", "tag_text"): Verify element property value successfully

2023-10-16 14:07:49 - [MESSAGE][PASSED] - Verify element property value successfully

2023-10-16 14:07:49 - [TEST_STEP][PASSED] - verifyElementPropertyValue(getResponse, "groups[0].pricingPlans[1].visualElements[2].value", "Économisez 43%"): Verify element property value successfully

2023-10-16 14:07:49 - [MESSAGE][PASSED] - Verify element property value successfully

2023-10-16 14:07:49 - [TEST_STEP][PASSED] - verifyElementPropertyValue(getResponse, "groups[0].pricingPlans[1].visualElements[3].key", "promo_text"): Verify element property value successfully

2023-10-16 14:07:49 - [MESSAGE][PASSED] - Verify element property value successfully

2023-10-16 14:07:49 - [TEST_STEP][PASSED] - verifyElementPropertyValue(getResponse, "groups[0].pricingPlans[1].visualElements[3].value", "3.39 JOD/ mois"): Verify element property value successfully

2023-10-16 14:07:49 - [MESSAGE][PASSED] - Verify element property value successfully

2023-10-16 14:07:49 - [TEST_STEP][PASSED] - verifyElementPropertyValue(getResponse, "groups[0].pricingPlans[1].visualElements[4].key", "deduction_text"): Verify element property value successfully

2023-10-16 14:07:49 - [MESSAGE][PASSED] - Verify element property value successfully

2023-10-16 14:07:49 - [TEST_STEP][PASSED] - verifyElementPropertyValue(getResponse, "groups[0].pricingPlans[1].visualElements[4].value", "40.79 JOD facturés chaque année"): Verify element property value successfully

2023-10-16 14:07:49 - [MESSAGE][PASSED] - Verify element property value successfully

2023-10-16 14:07:49 - [TEST_STEP][PASSED] - verifyElementPropertyValue(getResponse, "groups[0].pricingPlans[1].visualElements[7].key", "show_payment_logo"): Verify element property value successfully

2023-10-16 14:07:49 - [MESSAGE][PASSED] - Verify element property value successfully

2023-10-16 14:07:49 - [TEST_STEP][PASSED] - verifyElementPropertyValue(getResponse, "groups[0].pricingPlans[1].visualElements[7].value", "true"): Verify element property value successfully

2023-10-16 14:07:49 - [MESSAGE][PASSED] - Verify element property value successfully

2023-10-16 14:07:49 - [TEST_STEP][PASSED] - verifyElementPropertyValue(getResponse, "groups[0].pricingPlans[1].visualElements[8].key", "show_tag"): Verify element property value successfully

2023-10-16 14:07:49 - [MESSAGE][PASSED] - Verify element property value successfully

2023-10-16 14:07:49 - [TEST_STEP][PASSED] - verifyElementPropertyValue(getResponse, "groups[0].pricingPlans[1].visualElements[8].value", "true"): Verify element property value successfully

2023-10-16 14:07:49 - [MESSAGE][PASSED] - Verify element property value successfully

2023-10-16 14:07:49 - [TEST_STEP][PASSED] - verifyElementPropertyValue(getResponse, "groups[0].pricingPlans[1].visualElements[10].key", "price"): Verify element property value successfully

2023-10-16 14:07:49 - [MESSAGE][PASSED] - Verify element property value successfully

2023-10-16 14:07:49 - [TEST_STEP][PASSED] - verifyElementPropertyValue(getResponse, "groups[0].pricingPlans[1].visualElements[10].value", "40.79"): Verify element property value successfully

2023-10-16 14:07:49 - [MESSAGE][PASSED] - Verify element property value successfully

2023-10-16 14:07:49 - [TEST_STEP][PASSED] - verifyElementPropertyValue(getResponse, "groups[0].pricingPlans[1].visualElements[11].key", "currency"): Verify element property value successfully

2023-10-16 14:07:49 - [MESSAGE][PASSED] - Verify element property value successfully

2023-10-16 14:07:49 - [TEST_STEP][PASSED] - verifyElementPropertyValue(getResponse, "groups[0].pricingPlans[1].visualElements[11].value", "JOD"): Verify element property value successfully

2023-10-16 14:07:49 - [MESSAGE][PASSED] - Verify element property value successfully

2023-10-16 14:07:49 - [TEST_STEP][PASSED] - verifyElementPropertyValue(getResponse, "groups[0].pricingPlans[1].visualElements[12].key", "duration"): Verify element property value successfully

2023-10-16 14:07:49 - [MESSAGE][PASSED] - Verify element property value successfully

2023-10-16 14:07:49 - [TEST_STEP][PASSED] - verifyElementPropertyValue(getResponse, "groups[0].pricingPlans[1].visualElements[12].value", "Annuel"): Verify element property value successfully

2023-10-16 14:07:49 - [MESSAGE][PASSED] - Verify element property value successfully

2023-10-16 14:07:49 - [TEST_STEP][PASSED] - verifyElementPropertyValue(getResponse, "groups[0].pricingPlans[1].order", "5"): Verify element property value successfully

2023-10-16 14:07:49 - [MESSAGE][PASSED] - Verify element property value successfully

2023-10-16 14:07:49 - [TEST_STEP][PASSED] - verifyElementPropertyValue(getResponse, "groups[0].pricingPlans[1].period", "yearly"): Verify element property value successfully

2023-10-16 14:07:49 - [MESSAGE][PASSED] - Verify element property value successfully

2023-10-16 14:07:49 - [TEST_STEP][PASSED] - verifyElementPropertyValue(getResponse, "groups[0].pricingPlans[1].price", "40.79"): Verify element property value successfully

2023-10-16 14:07:49 - [MESSAGE][PASSED] - Verify element property value successfully

2023-10-16 14:07:49 - [TEST_STEP][PASSED] - verifyElementPropertyValue(getResponse, "groups[0].pricingPlans[1].currency", "JOD"): Verify element property value successfully

2023-10-16 14:07:49 - [MESSAGE][PASSED] - Verify element property value successfully

2023-10-16 14:07:49 - [TEST_STEP][PASSED] - verifyElementPropertyValue(getResponse, "groups[0].pricingPlans[1].pricingPlanData[0].productId", "JOR_B2C_SHAHID_VIP_SPORT_12M"): Verify element property value successfully

2023-10-16 14:07:49 - [MESSAGE][PASSED] - Verify element property value successfully

2023-10-16 14:07:49 - [TEST_STEP][PASSED] - verifyElementPropertyValue(getResponse, "groups[0].pricingPlans[1].pricingPlanData[0].subPricingPlanIds", "null"): Verify element property value successfully

2023-10-16 14:07:49 - [MESSAGE][PASSED] - Verify element property value successfully

2023-10-16 14:07:49 - [TEST_STEP][PASSED] - verifyElementPropertyValue(getResponse, "groups[0].pricingPlans[1].pricingPlanData[0].paymentMethod", "CREDIT_CARD"): Verify element property value successfully

2023-10-16 14:07:49 - [MESSAGE][PASSED] - Verify element property value successfully

2023-10-16 14:07:49 - [TEST_STEP][PASSED] - verifyElementPropertyValue(getResponse, "groups[0].pricingPlans[1].pricingPlanData[0].freeTrialEnabled", "false"): Verify element property value successfully

2023-10-16 14:07:49 - [MESSAGE][PASSED] - Verify element property value successfully

2023-10-16 14:07:49 - [TEST_STEP][PASSED] - verifyElementPropertyValue(getResponse, "groups[0].pricingPlans[1].pricingPlanData[0].visualElements[0].key", "title"): Verify element property value successfully

2023-10-16 14:07:49 - [MESSAGE][PASSED] - Verify element property value successfully

2023-10-16 14:07:49 - [TEST_STEP][PASSED] - verifyElementPropertyValue(getResponse, "groups[0].pricingPlans[1].pricingPlanData[0].visualElements[0].value", "Carte de crédit/débit"): Verify element property value successfully

2023-10-16 14:07:49 - [MESSAGE][PASSED] - Verify element property value successfully

2023-10-16 14:07:49 - [TEST_STEP][PASSED] - verifyElementPropertyValue(getResponse, "groups[0].pricingPlans[1].pricingPlanData[0].visualElements[1].key", "CTA_text"): Verify element property value successfully

2023-10-16 14:07:49 - [MESSAGE][PASSED] - Verify element property value successfully

2023-10-16 14:07:49 - [TEST_STEP][PASSED] - verifyElementPropertyValue(getResponse, "groups[0].pricingPlans[1].pricingPlanData[0].visualElements[1].value", "S’abonner"): Verify element property value successfully

2023-10-16 14:07:49 - [MESSAGE][PASSED] - Verify element property value successfully

2023-10-16 14:07:49 - [TEST_STEP][PASSED] - verifyElementPropertyValue(getResponse, "groups[0].pricingPlans[1].pricingPlanData[0].visualElements[2].key", "logo"): Verify element property value successfully

2023-10-16 14:07:49 - [MESSAGE][PASSED] - Verify element property value successfully

2023-10-16 14:07:49 - [TEST_STEP][PASSED] - verifyElementPropertyValue(getResponse, "groups[0].pricingPlans[1].pricingPlanData[0].visualElements[2].value", "https://static.s3.shahid.mbc.net/widget-images/icons/iconCreditCard.png"): Verify element property value successfully

2023-10-16 14:07:49 - [MESSAGE][PASSED] - Verify element property value successfully

2023-10-16 14:07:49 - [TEST_STEP][PASSED] - verifyElementPropertyValue(getResponse, "groups[0].pricingPlans[1].pricingPlanData[0].priceLabel", "40.79"): Verify element property value successfully

2023-10-16 14:07:49 - [MESSAGE][PASSED] - Verify element property value successfully

2023-10-16 14:07:49 - [TEST_STEP][PASSED] - verifyElementPropertyValue(getResponse, "groups[0].pricingPlans[1].pricingPlanData[0].currencyLabel", "JOD"): Verify element property value successfully

2023-10-16 14:07:49 - [MESSAGE][PASSED] - Verify element property value successfully

2023-10-16 14:07:49 - [TEST_STEP][PASSED] - verifyElementPropertyValue(getResponse, "groups[0].pricingPlans[1].pricingPlanData[0].allowedForAcquisition", "true"): Verify element property value successfully

2023-10-16 14:07:49 - [MESSAGE][PASSED] - Verify element property value successfully

2023-10-16 14:07:49 - [TEST_STEP][PASSED] - verifyElementPropertyValue(getResponse, "groups[0].pricingPlans[1].pricingPlanData[0].showIn[0]", "VERTICAL_MODE"): Verify element property value successfully

2023-10-16 14:07:49 - [MESSAGE][PASSED] - Verify element property value successfully

2023-10-16 14:07:49 - [TEST_STEP][PASSED] - verifyElementPropertyValue(getResponse, "groups[0].pricingPlans[1].pricingPlanData[0].showIn[1]", "HORIZONTAL_MODE"): Verify element property value successfully

2023-10-16 14:07:49 - [MESSAGE][PASSED] - Verify element property value successfully

2023-10-16 14:07:49 - [TEST_STEP][PASSED] - verifyElementPropertyValue(getResponse, "visualElements[0].key", "main_CTA_text_1"): Verify element property value successfully

2023-10-16 14:07:49 - [MESSAGE][PASSED] - Verify element property value successfully

2023-10-16 14:07:49 - [TEST_STEP][PASSED] - verifyElementPropertyValue(getResponse, "visualElements[0].value", "Abonnez-vous dès maintenant et profitez de vos programmes sans publicité"): Verify element property value successfully

2023-10-16 14:07:49 - [MESSAGE][PASSED] - Verify element property value successfully

2023-10-16 14:07:49 - [TEST_STEP][PASSED] - verifyElementPropertyValue(getResponse, "visualElements[2].key", "main_disclaimer_text"): Verify element property value successfully

2023-10-16 14:07:49 - [MESSAGE][PASSED] - Verify element property value successfully

2023-10-16 14:07:49 - [TEST_STEP][PASSED] - verifyElementPropertyValue(getResponse, "visualElements[2].value", "Les frais d’abonnement peuvent varier selon le pays, le moyen de paiement, le forfait, les taxes, les taux de change et les frais bancaires. Les conditions générales d’utilisation s’appliquent."): Verify element property value successfully

2023-10-16 14:07:49 - [MESSAGE][PASSED] - Verify element property value successfully

2023-10-16 14:07:49 - [TEST_STEP][PASSED] - verifyElementPropertyValue(getResponse, "visualElements[4].key", "display_type"): Verify element property value successfully

2023-10-16 14:07:49 - [MESSAGE][PASSED] - Verify element property value successfully

2023-10-16 14:07:49 - [TEST_STEP][PASSED] - verifyElementPropertyValue(getResponse, "visualElements[4].value", "vertical"): Verify element property value successfully

2023-10-16 14:07:49 - [MESSAGE][PASSED] - Verify element property value successfully

2023-10-16 14:07:49 - [TEST_STEP][PASSED] - verifyElementPropertyValue(getResponse, "pages[0].visualElements[0].key", "alternative_payment_title"): Verify element property value successfully

2023-10-16 14:07:49 - [MESSAGE][PASSED] - Verify element property value successfully

2023-10-16 14:07:49 - [TEST_STEP][PASSED] - verifyElementPropertyValue(getResponse, "pages[0].visualElements[0].value", "Ou choisissez l'un des autres moyens de paiement suivants"): Verify element property value successfully

2023-10-16 14:07:49 - [MESSAGE][PASSED] - Verify element property value successfully

2023-10-16 14:07:49 - [TEST_STEP][PASSED] - verifyElementPropertyValue(getResponse, "pages[0].visualElements[1].key", "label_text"): Verify element property value successfully

2023-10-16 14:07:49 - [MESSAGE][PASSED] - Verify element property value successfully

2023-10-16 14:07:49 - [TEST_STEP][PASSED] - verifyElementPropertyValue(getResponse, "pages[0].visualElements[1].value", "Autres moyens de paiement"): Verify element property value successfully

2023-10-16 14:07:49 - [MESSAGE][PASSED] - Verify element property value successfully

2023-10-16 14:07:49 - [TEST_STEP][PASSED] - verifyElementPropertyValue(getResponse, "pages[0].visualElements[3].key", "CTA_text"): Verify element property value successfully

2023-10-16 14:07:49 - [MESSAGE][PASSED] - Verify element property value successfully

2023-10-16 14:07:49 - [TEST_STEP][PASSED] - verifyElementPropertyValue(getResponse, "pages[0].visualElements[3].value", "Cliquez ici"): Verify element property value successfully

2023-10-16 14:07:49 - [MESSAGE][PASSED] - Verify element property value successfully

2023-10-16 14:07:49 - [TEST_STEP][PASSED] - verifyElementPropertyValue(getResponse, "pages[0].visualElements[4].key", "main_title"): Verify element property value successfully

2023-10-16 14:07:49 - [MESSAGE][PASSED] - Verify element property value successfully

2023-10-16 14:07:49 - [TEST_STEP][PASSED] - verifyElementPropertyValue(getResponse, "pages[0].visualElements[4].value", "Autres moyens de paiement"): Verify element property value successfully

2023-10-16 14:07:49 - [MESSAGE][PASSED] - Verify element property value successfully

2023-10-16 14:07:49 - [TEST_STEP][PASSED] - verifyElementPropertyValue(getResponse, "pages[0].visualElements[6].key", "alternative_payment_methods"): Verify element property value successfully

2023-10-16 14:07:49 - [MESSAGE][PASSED] - Verify element property value successfully

2023-10-16 14:07:49 - [TEST_STEP][PASSED] - verifyElementPropertyValue(getResponse, "pages[0].visualElements[6].value", "Vous pouvez vous procurer un code promo Shahid auprès de l'un des points de vente suivants"): Verify element property value successfully

2023-10-16 14:07:49 - [MESSAGE][PASSED] - Verify element property value successfully

2023-10-16 14:07:49 - [TEST_STEP][PASSED] - verifyElementPropertyValue(getResponse, "partners[0].name", "Like Card"): Verify element property value successfully

2023-10-16 14:07:49 - [MESSAGE][PASSED] - Verify element property value successfully

2023-10-16 14:07:49 - [TEST_STEP][PASSED] - verifyElementPropertyValue(getResponse, "partners[0].link", "https://like4card.com/All-Shahid_VIP?country_id=15"): Verify element property value successfully

2023-10-16 14:07:49 - [MESSAGE][PASSED] - Verify element property value successfully

2023-10-16 14:07:49 - [TEST_STEP][PASSED] - verifyElementPropertyValue(getResponse, "partners[0].logo", "https://static.s3.shahid.mbc.net/widget-images/logos/likecard@2x.png"): Verify element property value successfully

2023-10-16 14:07:49 - [MESSAGE][PASSED] - Verify element property value successfully

2023-10-16 14:07:49 - [TEST_STEP][PASSED] - verifyElementPropertyValue(getResponse, "partners[0].visible", "true"): Verify element property value successfully

2023-10-16 14:07:49 - [MESSAGE][PASSED] - Verify element property value successfully

2023-10-16 14:07:49 - [TEST_STEP][PASSED] - verifyElementPropertyValue(getResponse, "partners[0].visualElements[0].key", "text"): Verify element property value successfully

2023-10-16 14:07:49 - [MESSAGE][PASSED] - Verify element property value successfully

2023-10-16 14:07:49 - [TEST_STEP][PASSED] - verifyElementPropertyValue(getResponse, "partners[0].visualElements[0].value", "Plus d’informations"): Verify element property value successfully

2023-10-16 14:07:49 - [MESSAGE][PASSED] - Verify element property value successfully

2023-10-16 14:07:49 - [TEST_STEP][PASSED] - verifyElementPropertyValue(getResponse, "partners[1].name", "Zain Cash Jordan"): Verify element property value successfully

2023-10-16 14:07:49 - [MESSAGE][PASSED] - Verify element property value successfully

2023-10-16 14:07:49 - [TEST_STEP][PASSED] - verifyElementPropertyValue(getResponse, "partners[1].link", "https://apps.apple.com/us/app/zain-cash-jordan/id1472544421"): Verify element property value successfully

2023-10-16 14:07:49 - [MESSAGE][PASSED] - Verify element property value successfully

2023-10-16 14:07:49 - [TEST_STEP][PASSED] - verifyElementPropertyValue(getResponse, "partners[1].logo", "https://static.s3.shahid.mbc.net/widget-images/logos/zaincash@2x.png"): Verify element property value successfully

2023-10-16 14:07:49 - [MESSAGE][PASSED] - Verify element property value successfully

2023-10-16 14:07:49 - [TEST_STEP][PASSED] - verifyElementPropertyValue(getResponse, "partners[1].visible", "true"): Verify element property value successfully

2023-10-16 14:07:49 - [MESSAGE][PASSED] - Verify element property value successfully

2023-10-16 14:07:49 - [TEST_STEP][PASSED] - verifyElementPropertyValue(getResponse, "partners[1].visualElements[0].key", "text"): Verify element property value successfully

2023-10-16 14:07:49 - [MESSAGE][PASSED] - Verify element property value successfully

2023-10-16 14:07:49 - [TEST_STEP][PASSED] - verifyElementPropertyValue(getResponse, "partners[1].visualElements[0].value", "Plus d’informations"): Verify element property value successfully

2023-10-16 14:07:49 - [MESSAGE][PASSED] - Verify element property value successfully

2023-10-16 14:07:49 - [TEST_STEP][PASSED] - verifyElementPropertyValue(getResponse, "partners[2].name", "Arab bank of jordan"): Verify element property value successfully

2023-10-16 14:07:49 - [MESSAGE][PASSED] - Verify element property value successfully

2023-10-16 14:07:49 - [TEST_STEP][PASSED] - verifyElementPropertyValue(getResponse, "partners[2].link", "https://play.google.com/store/apps/details?id=com.arabbank.arabimobilev2"): Verify element property value successfully

2023-10-16 14:07:49 - [MESSAGE][PASSED] - Verify element property value successfully

2023-10-16 14:07:49 - [TEST_STEP][PASSED] - verifyElementPropertyValue(getResponse, "partners[2].logo", "https://static.s3.shahid.mbc.net/widget-images/logos/arab-bank@2x.png"): Verify element property value successfully

2023-10-16 14:07:49 - [MESSAGE][PASSED] - Verify element property value successfully

2023-10-16 14:07:49 - [TEST_STEP][PASSED] - verifyElementPropertyValue(getResponse, "partners[2].visible", "true"): Verify element property value successfully

2023-10-16 14:07:49 - [MESSAGE][PASSED] - Verify element property value successfully

2023-10-16 14:07:49 - [TEST_STEP][PASSED] - verifyElementPropertyValue(getResponse, "partners[2].visualElements[0].key", "text"): Verify element property value successfully

2023-10-16 14:07:49 - [MESSAGE][PASSED] - Verify element property value successfully

2023-10-16 14:07:49 - [TEST_STEP][PASSED] - verifyElementPropertyValue(getResponse, "partners[2].visualElements[0].value", "Plus d’informations"): Verify element property value successfully

2023-10-16 14:07:49 - [MESSAGE][PASSED] - Verify element property value successfully

2023-10-16 14:07:49 - [TEST_STEP][PASSED] - verifyElementPropertyValue(getResponse, "defaultPackageId", "SHAHID_VIP"): Verify element property value successfully

2023-10-16 14:07:49 - [MESSAGE][PASSED] - Verify element property value successfully]]></system-out>
         <system-err><![CDATA[]]></system-err>
      </testcase>
      <testcase name="Test Cases/WEB - CHROME/JOR PI/WEB_AR_getOffersForJOR_SPORT" time="4.638" classname="Test Cases/WEB - CHROME/JOR PI/WEB_AR_getOffersForJOR_SPORT" status="PASSED">
         <system-out><![CDATA[2023-10-16 14:07:49 - [TEST_CASE][PASSED] - Test Cases/WEB - CHROME/JOR PI/WEB_AR_getOffersForJOR_SPORT: Test Cases/WEB - CHROME/JOR PI/WEB_AR_getOffersForJOR_SPORT

2023-10-16 14:07:50 - [TEST_STEP][PASSED] - getResponse = config_files.getConfigFile.getConfig("WEB", "AR", "SHAHID_VIP_SPORT", "JO", "false"): config_files.getConfigFile.getConfig is PASSED

2023-10-16 14:07:50 - [MESSAGE][INFO] - HAR: /Users/admin/git/shahid-configuration/Reports/20231016_140310/WEB/JOR/20231016_140315/requests/main/4.har

2023-10-16 14:07:50 - [MESSAGE][PASSED] - Send request successfully

2023-10-16 14:07:50 - [MESSAGE][PASSED] - config_files.getConfigFile.getConfig is PASSED

2023-10-16 14:07:50 - [TEST_STEP][PASSED] - verifyResponseStatusCode(getResponse, 200): Verify response status code successfully

2023-10-16 14:07:50 - [MESSAGE][PASSED] - Verify response status code successfully

2023-10-16 14:07:50 - [TEST_STEP][PASSED] - verifyElementPropertyValue(getResponse, "country", "JOR"): Verify element property value successfully

2023-10-16 14:07:50 - [MESSAGE][PASSED] - Verify element property value successfully

2023-10-16 14:07:50 - [TEST_STEP][PASSED] - verifyElementPropertyValue(getResponse, "platform", "[WEB]"): Verify element property value successfully

2023-10-16 14:07:51 - [MESSAGE][PASSED] - Verify element property value successfully

2023-10-16 14:07:51 - [TEST_STEP][PASSED] - verifyElementPropertyValue(getResponse, "offers[5].offerId", "winback-sport-30-offer"): Verify element property value successfully

2023-10-16 14:07:51 - [MESSAGE][PASSED] - Verify element property value successfully

2023-10-16 14:07:51 - [TEST_STEP][PASSED] - verifyElementPropertyValue(getResponse, "offers[5].offerParam", "sportsoffer30"): Verify element property value successfully

2023-10-16 14:07:51 - [MESSAGE][PASSED] - Verify element property value successfully

2023-10-16 14:07:51 - [TEST_STEP][PASSED] - verifyElementPropertyValue(getResponse, "offers[5].groups[0].pricingPlans[0].featured", "true"): Verify element property value successfully

2023-10-16 14:07:51 - [MESSAGE][PASSED] - Verify element property value successfully

2023-10-16 14:07:51 - [TEST_STEP][PASSED] - verifyElementPropertyValue(getResponse, "offers[5].groups[0].pricingPlans[0].period", "monthly"): Verify element property value successfully

2023-10-16 14:07:51 - [MESSAGE][PASSED] - Verify element property value successfully

2023-10-16 14:07:51 - [TEST_STEP][PASSED] - verifyElementPropertyValue(getResponse, "offers[5].groups[0].pricingPlans[0].featured", "true"): Verify element property value successfully

2023-10-16 14:07:51 - [MESSAGE][PASSED] - Verify element property value successfully

2023-10-16 14:07:51 - [TEST_STEP][PASSED] - verifyElementPropertyValue(getResponse, "offers[5].groups[0].pricingPlans[0].price", "4.19"): Verify element property value successfully

2023-10-16 14:07:51 - [MESSAGE][PASSED] - Verify element property value successfully

2023-10-16 14:07:51 - [TEST_STEP][PASSED] - verifyElementPropertyValue(getResponse, "offers[5].groups[0].pricingPlans[0].currency", "JOD"): Verify element property value successfully

2023-10-16 14:07:51 - [MESSAGE][PASSED] - Verify element property value successfully

2023-10-16 14:07:51 - [TEST_STEP][PASSED] - verifyElementPropertyValue(getResponse, "offers[5].groups[0].pricingPlans[0].order", "0"): Verify element property value successfully

2023-10-16 14:07:51 - [MESSAGE][PASSED] - Verify element property value successfully

2023-10-16 14:07:51 - [TEST_STEP][PASSED] - verifyElementPropertyValue(getResponse, "offers[5].groups[0].pricingPlans[0].packageId", "SHAHID_VIP_SPORT"): Verify element property value successfully

2023-10-16 14:07:51 - [MESSAGE][PASSED] - Verify element property value successfully

2023-10-16 14:07:51 - [TEST_STEP][PASSED] - verifyElementPropertyValue(getResponse, "offers[5].groups[0].pricingPlans[0].catalogId", "SPORT"): Verify element property value successfully

2023-10-16 14:07:51 - [MESSAGE][PASSED] - Verify element property value successfully

2023-10-16 14:07:51 - [TEST_STEP][PASSED] - verifyElementPropertyValue(getResponse, "offers[5].groups[0].pricingPlans[0].visualElements[0].key", "Header_1_text"): Verify element property value successfully

2023-10-16 14:07:51 - [MESSAGE][PASSED] - Verify element property value successfully

2023-10-16 14:07:51 - [TEST_STEP][PASSED] - verifyElementPropertyValue(getResponse, "offers[5].groups[0].pricingPlans[0].visualElements[0].value", "شاهد أقوى المسلسلات و الأفلام حصرياً دون توقف"): Verify element property value successfully

2023-10-16 14:07:51 - [MESSAGE][PASSED] - Verify element property value successfully

2023-10-16 14:07:51 - [TEST_STEP][PASSED] - verifyElementPropertyValue(getResponse, "offers[5].groups[0].pricingPlans[0].visualElements[1].key", "display_title"): Verify element property value successfully

2023-10-16 14:07:51 - [MESSAGE][PASSED] - Verify element property value successfully

2023-10-16 14:07:51 - [TEST_STEP][PASSED] - verifyElementPropertyValue(getResponse, "offers[5].groups[0].pricingPlans[0].visualElements[1].value", "احصل على خصم 30%"): Verify element property value successfully

2023-10-16 14:07:51 - [MESSAGE][PASSED] - Verify element property value successfully

2023-10-16 14:07:51 - [TEST_STEP][PASSED] - verifyElementPropertyValue(getResponse, "offers[5].groups[0].pricingPlans[0].visualElements[3].key", "deduction_text"): Verify element property value successfully

2023-10-16 14:07:51 - [MESSAGE][PASSED] - Verify element property value successfully

2023-10-16 14:07:51 - [TEST_STEP][PASSED] - verifyElementPropertyValue(getResponse, "offers[5].groups[0].pricingPlans[0].visualElements[3].value", "تدفع شهرياً"): Verify element property value successfully

2023-10-16 14:07:51 - [MESSAGE][PASSED] - Verify element property value successfully

2023-10-16 14:07:51 - [TEST_STEP][PASSED] - verifyElementPropertyValue(getResponse, "offers[5].groups[0].pricingPlans[0].visualElements[6].key", "show_payment_logo"): Verify element property value successfully

2023-10-16 14:07:51 - [MESSAGE][PASSED] - Verify element property value successfully

2023-10-16 14:07:51 - [TEST_STEP][PASSED] - verifyElementPropertyValue(getResponse, "offers[5].groups[0].pricingPlans[0].visualElements[6].value", "true"): Verify element property value successfully

2023-10-16 14:07:51 - [MESSAGE][PASSED] - Verify element property value successfully

2023-10-16 14:07:51 - [TEST_STEP][PASSED] - verifyElementPropertyValue(getResponse, "offers[5].groups[0].pricingPlans[0].visualElements[8].key", "price"): Verify element property value successfully

2023-10-16 14:07:51 - [MESSAGE][PASSED] - Verify element property value successfully

2023-10-16 14:07:51 - [TEST_STEP][PASSED] - verifyElementPropertyValue(getResponse, "offers[5].groups[0].pricingPlans[0].visualElements[8].value", "4.19"): Verify element property value successfully

2023-10-16 14:07:51 - [MESSAGE][PASSED] - Verify element property value successfully

2023-10-16 14:07:51 - [TEST_STEP][PASSED] - verifyElementPropertyValue(getResponse, "offers[5].groups[0].pricingPlans[0].visualElements[9].key", "currency"): Verify element property value successfully

2023-10-16 14:07:51 - [MESSAGE][PASSED] - Verify element property value successfully

2023-10-16 14:07:51 - [TEST_STEP][PASSED] - verifyElementPropertyValue(getResponse, "offers[5].groups[0].pricingPlans[0].visualElements[9].value", "JOD"): Verify element property value successfully

2023-10-16 14:07:51 - [MESSAGE][PASSED] - Verify element property value successfully

2023-10-16 14:07:51 - [TEST_STEP][PASSED] - verifyElementPropertyValue(getResponse, "offers[5].groups[0].pricingPlans[0].visualElements[10].key", "duration"): Verify element property value successfully

2023-10-16 14:07:51 - [MESSAGE][PASSED] - Verify element property value successfully

2023-10-16 14:07:51 - [TEST_STEP][PASSED] - verifyElementPropertyValue(getResponse, "offers[5].groups[0].pricingPlans[0].visualElements[10].value", "شهرياً"): Verify element property value successfully

2023-10-16 14:07:51 - [MESSAGE][PASSED] - Verify element property value successfully

2023-10-16 14:07:51 - [TEST_STEP][PASSED] - verifyElementPropertyValue(getResponse, "offers[5].groups[0].pricingPlans[0].visualElements[11].key", "featured_tag_text"): Verify element property value successfully

2023-10-16 14:07:51 - [MESSAGE][PASSED] - Verify element property value successfully

2023-10-16 14:07:51 - [TEST_STEP][PASSED] - verifyElementPropertyValue(getResponse, "offers[5].groups[0].pricingPlans[0].visualElements[11].value", "عرض لمدة محدودة"): Verify element property value successfully

2023-10-16 14:07:51 - [MESSAGE][PASSED] - Verify element property value successfully

2023-10-16 14:07:51 - [TEST_STEP][PASSED] - verifyElementPropertyValue(getResponse, "offers[5].groups[0].pricingPlans[0].visualElements[13].key", "tag_text"): Verify element property value successfully

2023-10-16 14:07:51 - [MESSAGE][PASSED] - Verify element property value successfully

2023-10-16 14:07:51 - [TEST_STEP][PASSED] - verifyElementPropertyValue(getResponse, "offers[5].groups[0].pricingPlans[0].visualElements[13].value", "وفر 30%"): Verify element property value successfully

2023-10-16 14:07:51 - [MESSAGE][PASSED] - Verify element property value successfully

2023-10-16 14:07:51 - [TEST_STEP][PASSED] - verifyElementPropertyValue(getResponse, "offers[5].groups[0].pricingPlans[0].visualElements[12].key", "show_tag"): Verify element property value successfully

2023-10-16 14:07:51 - [MESSAGE][PASSED] - Verify element property value successfully

2023-10-16 14:07:51 - [TEST_STEP][PASSED] - verifyElementPropertyValue(getResponse, "offers[5].groups[0].pricingPlans[0].visualElements[12].value", "true"): Verify element property value successfully

2023-10-16 14:07:51 - [MESSAGE][PASSED] - Verify element property value successfully

2023-10-16 14:07:51 - [TEST_STEP][PASSED] - verifyElementPropertyValue(getResponse, "offers[5].groups[0].pricingPlans[0].pricingPlanData[0].productId", "JOR_B2C_SHAHID_VIP_SPORT_1M"): Verify element property value successfully

2023-10-16 14:07:51 - [MESSAGE][PASSED] - Verify element property value successfully

2023-10-16 14:07:51 - [TEST_STEP][PASSED] - verifyElementPropertyValue(getResponse, "offers[5].groups[0].pricingPlans[0].pricingPlanData[0].paymentMethod", "CREDIT_CARD"): Verify element property value successfully

2023-10-16 14:07:51 - [MESSAGE][PASSED] - Verify element property value successfully

2023-10-16 14:07:51 - [TEST_STEP][PASSED] - verifyElementPropertyValue(getResponse, "offers[5].groups[0].pricingPlans[0].pricingPlanData[0].freeTrialEnabled", "false"): Verify element property value successfully

2023-10-16 14:07:51 - [MESSAGE][PASSED] - Verify element property value successfully

2023-10-16 14:07:51 - [TEST_STEP][PASSED] - verifyElementPropertyValue(getResponse, "offers[5].groups[0].pricingPlans[0].pricingPlanData[0].showIn[0]", "VERTICAL_MODE"): Verify element property value successfully

2023-10-16 14:07:51 - [MESSAGE][PASSED] - Verify element property value successfully

2023-10-16 14:07:51 - [TEST_STEP][PASSED] - verifyElementPropertyValue(getResponse, "offers[5].groups[0].pricingPlans[0].pricingPlanData[0].showIn[1]", "HORIZONTAL_MODE"): Verify element property value successfully

2023-10-16 14:07:51 - [MESSAGE][PASSED] - Verify element property value successfully

2023-10-16 14:07:51 - [TEST_STEP][PASSED] - verifyElementPropertyValue(getResponse, "offers[5].groups[0].pricingPlans[0].pricingPlanData[0].priceLabel", "4.19"): Verify element property value successfully

2023-10-16 14:07:51 - [MESSAGE][PASSED] - Verify element property value successfully

2023-10-16 14:07:51 - [TEST_STEP][PASSED] - verifyElementPropertyValue(getResponse, "offers[5].groups[0].pricingPlans[0].pricingPlanData[0].currencyLabel", "JOD"): Verify element property value successfully

2023-10-16 14:07:51 - [MESSAGE][PASSED] - Verify element property value successfully

2023-10-16 14:07:51 - [TEST_STEP][PASSED] - verifyElementPropertyValue(getResponse, "offers[5].groups[0].pricingPlans[0].pricingPlanData[0].dealId", "WB_SPORT_30P_JOR"): Verify element property value successfully

2023-10-16 14:07:51 - [MESSAGE][PASSED] - Verify element property value successfully

2023-10-16 14:07:51 - [TEST_STEP][PASSED] - verifyElementPropertyValue(getResponse, "offers[5].groups[0].pricingPlans[0].pricingPlanData[0].allowedForAcquisition", "true"): Verify element property value successfully

2023-10-16 14:07:51 - [MESSAGE][PASSED] - Verify element property value successfully

2023-10-16 14:07:51 - [TEST_STEP][PASSED] - verifyElementPropertyValue(getResponse, "offers[5].groups[0].pricingPlans[0].pricingPlanData[0].visualElements[0].key", "title"): Verify element property value successfully

2023-10-16 14:07:51 - [MESSAGE][PASSED] - Verify element property value successfully

2023-10-16 14:07:51 - [TEST_STEP][PASSED] - verifyElementPropertyValue(getResponse, "offers[5].groups[0].pricingPlans[0].pricingPlanData[0].visualElements[0].value", "البطاقة المصرفية"): Verify element property value successfully

2023-10-16 14:07:51 - [MESSAGE][PASSED] - Verify element property value successfully

2023-10-16 14:07:51 - [TEST_STEP][PASSED] - verifyElementPropertyValue(getResponse, "offers[5].groups[0].pricingPlans[0].pricingPlanData[0].visualElements[1].key", "CTA_text"): Verify element property value successfully

2023-10-16 14:07:51 - [MESSAGE][PASSED] - Verify element property value successfully

2023-10-16 14:07:51 - [TEST_STEP][PASSED] - verifyElementPropertyValue(getResponse, "offers[5].groups[0].pricingPlans[0].pricingPlanData[0].visualElements[1].value", "اشترك"): Verify element property value successfully

2023-10-16 14:07:51 - [MESSAGE][PASSED] - Verify element property value successfully

2023-10-16 14:07:51 - [TEST_STEP][PASSED] - verifyElementPropertyValue(getResponse, "offers[5].groups[0].pricingPlans[0].pricingPlanData[0].visualElements[2].key", "logo"): Verify element property value successfully

2023-10-16 14:07:51 - [MESSAGE][PASSED] - Verify element property value successfully

2023-10-16 14:07:51 - [TEST_STEP][PASSED] - verifyElementPropertyValue(getResponse, "offers[5].groups[0].pricingPlans[0].pricingPlanData[0].visualElements[2].value", "https://static.s3.shahid.mbc.net/widget-images/icons/iconCreditCard.png"): Verify element property value successfully

2023-10-16 14:07:51 - [MESSAGE][PASSED] - Verify element property value successfully

2023-10-16 14:07:51 - [TEST_STEP][PASSED] - verifyElementPropertyValue(getResponse, "offers[6].offerId", "winback-sport-40-offer"): Verify element property value successfully

2023-10-16 14:07:51 - [MESSAGE][PASSED] - Verify element property value successfully

2023-10-16 14:07:51 - [TEST_STEP][PASSED] - verifyElementPropertyValue(getResponse, "offers[6].offerParam", "sportsoffer40"): Verify element property value successfully

2023-10-16 14:07:51 - [MESSAGE][PASSED] - Verify element property value successfully

2023-10-16 14:07:51 - [TEST_STEP][PASSED] - verifyElementPropertyValue(getResponse, "offers[6].groups[0].pricingPlans[0].featured", "true"): Verify element property value successfully

2023-10-16 14:07:51 - [MESSAGE][PASSED] - Verify element property value successfully

2023-10-16 14:07:51 - [TEST_STEP][PASSED] - verifyElementPropertyValue(getResponse, "offers[6].groups[0].pricingPlans[0].period", "monthly"): Verify element property value successfully

2023-10-16 14:07:51 - [MESSAGE][PASSED] - Verify element property value successfully

2023-10-16 14:07:51 - [TEST_STEP][PASSED] - verifyElementPropertyValue(getResponse, "offers[6].groups[0].pricingPlans[0].featured", "true"): Verify element property value successfully

2023-10-16 14:07:51 - [MESSAGE][PASSED] - Verify element property value successfully

2023-10-16 14:07:51 - [TEST_STEP][PASSED] - verifyElementPropertyValue(getResponse, "offers[6].groups[0].pricingPlans[0].price", "3.59"): Verify element property value successfully

2023-10-16 14:07:51 - [MESSAGE][PASSED] - Verify element property value successfully

2023-10-16 14:07:51 - [TEST_STEP][PASSED] - verifyElementPropertyValue(getResponse, "offers[6].groups[0].pricingPlans[0].currency", "JOD"): Verify element property value successfully

2023-10-16 14:07:51 - [MESSAGE][PASSED] - Verify element property value successfully

2023-10-16 14:07:51 - [TEST_STEP][PASSED] - verifyElementPropertyValue(getResponse, "offers[6].groups[0].pricingPlans[0].order", "0"): Verify element property value successfully

2023-10-16 14:07:51 - [MESSAGE][PASSED] - Verify element property value successfully

2023-10-16 14:07:51 - [TEST_STEP][PASSED] - verifyElementPropertyValue(getResponse, "offers[6].groups[0].pricingPlans[0].packageId", "SHAHID_VIP_SPORT"): Verify element property value successfully

2023-10-16 14:07:51 - [MESSAGE][PASSED] - Verify element property value successfully

2023-10-16 14:07:51 - [TEST_STEP][PASSED] - verifyElementPropertyValue(getResponse, "offers[6].groups[0].pricingPlans[0].catalogId", "SPORT"): Verify element property value successfully

2023-10-16 14:07:51 - [MESSAGE][PASSED] - Verify element property value successfully

2023-10-16 14:07:51 - [TEST_STEP][PASSED] - verifyElementPropertyValue(getResponse, "offers[6].groups[0].pricingPlans[0].visualElements[0].key", "Header_1_text"): Verify element property value successfully

2023-10-16 14:07:51 - [MESSAGE][PASSED] - Verify element property value successfully

2023-10-16 14:07:51 - [TEST_STEP][PASSED] - verifyElementPropertyValue(getResponse, "offers[6].groups[0].pricingPlans[0].visualElements[0].value", "شاهد أقوى المسلسلات و الأفلام حصرياً دون توقف"): Verify element property value successfully

2023-10-16 14:07:51 - [MESSAGE][PASSED] - Verify element property value successfully

2023-10-16 14:07:51 - [TEST_STEP][PASSED] - verifyElementPropertyValue(getResponse, "offers[6].groups[0].pricingPlans[0].visualElements[1].key", "display_title"): Verify element property value successfully

2023-10-16 14:07:51 - [MESSAGE][PASSED] - Verify element property value successfully

2023-10-16 14:07:51 - [TEST_STEP][PASSED] - verifyElementPropertyValue(getResponse, "offers[6].groups[0].pricingPlans[0].visualElements[1].value", "احصل على خصم 40%"): Verify element property value successfully

2023-10-16 14:07:51 - [MESSAGE][PASSED] - Verify element property value successfully

2023-10-16 14:07:51 - [TEST_STEP][PASSED] - verifyElementPropertyValue(getResponse, "offers[6].groups[0].pricingPlans[0].visualElements[3].key", "deduction_text"): Verify element property value successfully

2023-10-16 14:07:51 - [MESSAGE][PASSED] - Verify element property value successfully

2023-10-16 14:07:51 - [TEST_STEP][PASSED] - verifyElementPropertyValue(getResponse, "offers[6].groups[0].pricingPlans[0].visualElements[3].value", "تدفع شهرياً"): Verify element property value successfully

2023-10-16 14:07:51 - [MESSAGE][PASSED] - Verify element property value successfully

2023-10-16 14:07:51 - [TEST_STEP][PASSED] - verifyElementPropertyValue(getResponse, "offers[6].groups[0].pricingPlans[0].visualElements[6].key", "show_payment_logo"): Verify element property value successfully

2023-10-16 14:07:51 - [MESSAGE][PASSED] - Verify element property value successfully

2023-10-16 14:07:51 - [TEST_STEP][PASSED] - verifyElementPropertyValue(getResponse, "offers[6].groups[0].pricingPlans[0].visualElements[6].value", "true"): Verify element property value successfully

2023-10-16 14:07:51 - [MESSAGE][PASSED] - Verify element property value successfully

2023-10-16 14:07:51 - [TEST_STEP][PASSED] - verifyElementPropertyValue(getResponse, "offers[6].groups[0].pricingPlans[0].visualElements[8].key", "price"): Verify element property value successfully

2023-10-16 14:07:51 - [MESSAGE][PASSED] - Verify element property value successfully

2023-10-16 14:07:51 - [TEST_STEP][PASSED] - verifyElementPropertyValue(getResponse, "offers[6].groups[0].pricingPlans[0].visualElements[8].value", "3.59"): Verify element property value successfully

2023-10-16 14:07:51 - [MESSAGE][PASSED] - Verify element property value successfully

2023-10-16 14:07:51 - [TEST_STEP][PASSED] - verifyElementPropertyValue(getResponse, "offers[6].groups[0].pricingPlans[0].visualElements[9].key", "currency"): Verify element property value successfully

2023-10-16 14:07:51 - [MESSAGE][PASSED] - Verify element property value successfully

2023-10-16 14:07:51 - [TEST_STEP][PASSED] - verifyElementPropertyValue(getResponse, "offers[6].groups[0].pricingPlans[0].visualElements[9].value", "JOD"): Verify element property value successfully

2023-10-16 14:07:51 - [MESSAGE][PASSED] - Verify element property value successfully

2023-10-16 14:07:51 - [TEST_STEP][PASSED] - verifyElementPropertyValue(getResponse, "offers[6].groups[0].pricingPlans[0].visualElements[10].key", "duration"): Verify element property value successfully

2023-10-16 14:07:51 - [MESSAGE][PASSED] - Verify element property value successfully

2023-10-16 14:07:51 - [TEST_STEP][PASSED] - verifyElementPropertyValue(getResponse, "offers[6].groups[0].pricingPlans[0].visualElements[10].value", "شهرياً"): Verify element property value successfully

2023-10-16 14:07:51 - [MESSAGE][PASSED] - Verify element property value successfully

2023-10-16 14:07:51 - [TEST_STEP][PASSED] - verifyElementPropertyValue(getResponse, "offers[6].groups[0].pricingPlans[0].visualElements[11].key", "featured_tag_text"): Verify element property value successfully

2023-10-16 14:07:51 - [MESSAGE][PASSED] - Verify element property value successfully

2023-10-16 14:07:51 - [TEST_STEP][PASSED] - verifyElementPropertyValue(getResponse, "offers[6].groups[0].pricingPlans[0].visualElements[11].value", "عرض لمدة محدودة"): Verify element property value successfully

2023-10-16 14:07:51 - [MESSAGE][PASSED] - Verify element property value successfully

2023-10-16 14:07:51 - [TEST_STEP][PASSED] - verifyElementPropertyValue(getResponse, "offers[6].groups[0].pricingPlans[0].visualElements[13].key", "tag_text"): Verify element property value successfully

2023-10-16 14:07:51 - [MESSAGE][PASSED] - Verify element property value successfully

2023-10-16 14:07:51 - [TEST_STEP][PASSED] - verifyElementPropertyValue(getResponse, "offers[6].groups[0].pricingPlans[0].visualElements[13].value", "وفر 40%"): Verify element property value successfully

2023-10-16 14:07:51 - [MESSAGE][PASSED] - Verify element property value successfully

2023-10-16 14:07:51 - [TEST_STEP][PASSED] - verifyElementPropertyValue(getResponse, "offers[6].groups[0].pricingPlans[0].visualElements[12].key", "show_tag"): Verify element property value successfully

2023-10-16 14:07:51 - [MESSAGE][PASSED] - Verify element property value successfully

2023-10-16 14:07:51 - [TEST_STEP][PASSED] - verifyElementPropertyValue(getResponse, "offers[6].groups[0].pricingPlans[0].visualElements[12].value", "true"): Verify element property value successfully

2023-10-16 14:07:51 - [MESSAGE][PASSED] - Verify element property value successfully

2023-10-16 14:07:51 - [TEST_STEP][PASSED] - verifyElementPropertyValue(getResponse, "offers[6].groups[0].pricingPlans[0].pricingPlanData[0].productId", "JOR_B2C_SHAHID_VIP_SPORT_1M"): Verify element property value successfully

2023-10-16 14:07:51 - [MESSAGE][PASSED] - Verify element property value successfully

2023-10-16 14:07:51 - [TEST_STEP][PASSED] - verifyElementPropertyValue(getResponse, "offers[6].groups[0].pricingPlans[0].pricingPlanData[0].paymentMethod", "CREDIT_CARD"): Verify element property value successfully

2023-10-16 14:07:51 - [MESSAGE][PASSED] - Verify element property value successfully

2023-10-16 14:07:51 - [TEST_STEP][PASSED] - verifyElementPropertyValue(getResponse, "offers[6].groups[0].pricingPlans[0].pricingPlanData[0].freeTrialEnabled", "false"): Verify element property value successfully

2023-10-16 14:07:51 - [MESSAGE][PASSED] - Verify element property value successfully

2023-10-16 14:07:51 - [TEST_STEP][PASSED] - verifyElementPropertyValue(getResponse, "offers[6].groups[0].pricingPlans[0].pricingPlanData[0].showIn[0]", "VERTICAL_MODE"): Verify element property value successfully

2023-10-16 14:07:51 - [MESSAGE][PASSED] - Verify element property value successfully

2023-10-16 14:07:51 - [TEST_STEP][PASSED] - verifyElementPropertyValue(getResponse, "offers[6].groups[0].pricingPlans[0].pricingPlanData[0].showIn[1]", "HORIZONTAL_MODE"): Verify element property value successfully

2023-10-16 14:07:51 - [MESSAGE][PASSED] - Verify element property value successfully

2023-10-16 14:07:51 - [TEST_STEP][PASSED] - verifyElementPropertyValue(getResponse, "offers[6].groups[0].pricingPlans[0].pricingPlanData[0].priceLabel", "3.59"): Verify element property value successfully

2023-10-16 14:07:51 - [MESSAGE][PASSED] - Verify element property value successfully

2023-10-16 14:07:51 - [TEST_STEP][PASSED] - verifyElementPropertyValue(getResponse, "offers[6].groups[0].pricingPlans[0].pricingPlanData[0].currencyLabel", "JOD"): Verify element property value successfully

2023-10-16 14:07:51 - [MESSAGE][PASSED] - Verify element property value successfully

2023-10-16 14:07:51 - [TEST_STEP][PASSED] - verifyElementPropertyValue(getResponse, "offers[6].groups[0].pricingPlans[0].pricingPlanData[0].dealId", "WB_SPORT_40P_JOR"): Verify element property value successfully

2023-10-16 14:07:51 - [MESSAGE][PASSED] - Verify element property value successfully

2023-10-16 14:07:51 - [TEST_STEP][PASSED] - verifyElementPropertyValue(getResponse, "offers[6].groups[0].pricingPlans[0].pricingPlanData[0].allowedForAcquisition", "true"): Verify element property value successfully

2023-10-16 14:07:51 - [MESSAGE][PASSED] - Verify element property value successfully

2023-10-16 14:07:51 - [TEST_STEP][PASSED] - verifyElementPropertyValue(getResponse, "offers[6].groups[0].pricingPlans[0].pricingPlanData[0].visualElements[0].key", "title"): Verify element property value successfully

2023-10-16 14:07:51 - [MESSAGE][PASSED] - Verify element property value successfully

2023-10-16 14:07:51 - [TEST_STEP][PASSED] - verifyElementPropertyValue(getResponse, "offers[6].groups[0].pricingPlans[0].pricingPlanData[0].visualElements[0].value", "البطاقة المصرفية"): Verify element property value successfully

2023-10-16 14:07:51 - [MESSAGE][PASSED] - Verify element property value successfully

2023-10-16 14:07:51 - [TEST_STEP][PASSED] - verifyElementPropertyValue(getResponse, "offers[6].groups[0].pricingPlans[0].pricingPlanData[0].visualElements[1].key", "CTA_text"): Verify element property value successfully

2023-10-16 14:07:51 - [MESSAGE][PASSED] - Verify element property value successfully

2023-10-16 14:07:51 - [TEST_STEP][PASSED] - verifyElementPropertyValue(getResponse, "offers[6].groups[0].pricingPlans[0].pricingPlanData[0].visualElements[1].value", "اشترك"): Verify element property value successfully

2023-10-16 14:07:51 - [MESSAGE][PASSED] - Verify element property value successfully

2023-10-16 14:07:51 - [TEST_STEP][PASSED] - verifyElementPropertyValue(getResponse, "offers[6].groups[0].pricingPlans[0].pricingPlanData[0].visualElements[2].key", "logo"): Verify element property value successfully

2023-10-16 14:07:51 - [MESSAGE][PASSED] - Verify element property value successfully

2023-10-16 14:07:51 - [TEST_STEP][PASSED] - verifyElementPropertyValue(getResponse, "offers[6].groups[0].pricingPlans[0].pricingPlanData[0].visualElements[2].value", "https://static.s3.shahid.mbc.net/widget-images/icons/iconCreditCard.png"): Verify element property value successfully

2023-10-16 14:07:51 - [MESSAGE][PASSED] - Verify element property value successfully

2023-10-16 14:07:51 - [TEST_STEP][PASSED] - verifyElementPropertyValue(getResponse, "offers[7].offerId", "winback-sport-50-offer"): Verify element property value successfully

2023-10-16 14:07:51 - [MESSAGE][PASSED] - Verify element property value successfully

2023-10-16 14:07:51 - [TEST_STEP][PASSED] - verifyElementPropertyValue(getResponse, "offers[7].offerParam", "sportsoffer50"): Verify element property value successfully

2023-10-16 14:07:51 - [MESSAGE][PASSED] - Verify element property value successfully

2023-10-16 14:07:51 - [TEST_STEP][PASSED] - verifyElementPropertyValue(getResponse, "offers[7].groups[0].pricingPlans[0].featured", "true"): Verify element property value successfully

2023-10-16 14:07:51 - [MESSAGE][PASSED] - Verify element property value successfully

2023-10-16 14:07:51 - [TEST_STEP][PASSED] - verifyElementPropertyValue(getResponse, "offers[7].groups[0].pricingPlans[0].period", "monthly"): Verify element property value successfully

2023-10-16 14:07:51 - [MESSAGE][PASSED] - Verify element property value successfully

2023-10-16 14:07:51 - [TEST_STEP][PASSED] - verifyElementPropertyValue(getResponse, "offers[7].groups[0].pricingPlans[0].featured", "true"): Verify element property value successfully

2023-10-16 14:07:51 - [MESSAGE][PASSED] - Verify element property value successfully

2023-10-16 14:07:51 - [TEST_STEP][PASSED] - verifyElementPropertyValue(getResponse, "offers[7].groups[0].pricingPlans[0].price", "2.99"): Verify element property value successfully

2023-10-16 14:07:51 - [MESSAGE][PASSED] - Verify element property value successfully

2023-10-16 14:07:51 - [TEST_STEP][PASSED] - verifyElementPropertyValue(getResponse, "offers[7].groups[0].pricingPlans[0].currency", "JOD"): Verify element property value successfully

2023-10-16 14:07:51 - [MESSAGE][PASSED] - Verify element property value successfully

2023-10-16 14:07:51 - [TEST_STEP][PASSED] - verifyElementPropertyValue(getResponse, "offers[7].groups[0].pricingPlans[0].order", "0"): Verify element property value successfully

2023-10-16 14:07:51 - [MESSAGE][PASSED] - Verify element property value successfully

2023-10-16 14:07:51 - [TEST_STEP][PASSED] - verifyElementPropertyValue(getResponse, "offers[7].groups[0].pricingPlans[0].packageId", "SHAHID_VIP_SPORT"): Verify element property value successfully

2023-10-16 14:07:51 - [MESSAGE][PASSED] - Verify element property value successfully

2023-10-16 14:07:51 - [TEST_STEP][PASSED] - verifyElementPropertyValue(getResponse, "offers[7].groups[0].pricingPlans[0].catalogId", "SPORT"): Verify element property value successfully

2023-10-16 14:07:51 - [MESSAGE][PASSED] - Verify element property value successfully

2023-10-16 14:07:51 - [TEST_STEP][PASSED] - verifyElementPropertyValue(getResponse, "offers[7].groups[0].pricingPlans[0].visualElements[0].key", "Header_1_text"): Verify element property value successfully

2023-10-16 14:07:51 - [MESSAGE][PASSED] - Verify element property value successfully

2023-10-16 14:07:51 - [TEST_STEP][PASSED] - verifyElementPropertyValue(getResponse, "offers[7].groups[0].pricingPlans[0].visualElements[0].value", "شاهد أقوى المسلسلات و الأفلام حصرياً دون توقف"): Verify element property value successfully

2023-10-16 14:07:51 - [MESSAGE][PASSED] - Verify element property value successfully

2023-10-16 14:07:51 - [TEST_STEP][PASSED] - verifyElementPropertyValue(getResponse, "offers[7].groups[0].pricingPlans[0].visualElements[1].key", "display_title"): Verify element property value successfully

2023-10-16 14:07:51 - [MESSAGE][PASSED] - Verify element property value successfully

2023-10-16 14:07:51 - [TEST_STEP][PASSED] - verifyElementPropertyValue(getResponse, "offers[7].groups[0].pricingPlans[0].visualElements[1].value", "احصل على خصم 50%"): Verify element property value successfully

2023-10-16 14:07:51 - [MESSAGE][PASSED] - Verify element property value successfully

2023-10-16 14:07:51 - [TEST_STEP][PASSED] - verifyElementPropertyValue(getResponse, "offers[7].groups[0].pricingPlans[0].visualElements[3].key", "deduction_text"): Verify element property value successfully

2023-10-16 14:07:51 - [MESSAGE][PASSED] - Verify element property value successfully

2023-10-16 14:07:51 - [TEST_STEP][PASSED] - verifyElementPropertyValue(getResponse, "offers[7].groups[0].pricingPlans[0].visualElements[3].value", "تدفع شهرياً"): Verify element property value successfully

2023-10-16 14:07:51 - [MESSAGE][PASSED] - Verify element property value successfully

2023-10-16 14:07:51 - [TEST_STEP][PASSED] - verifyElementPropertyValue(getResponse, "offers[7].groups[0].pricingPlans[0].visualElements[6].key", "show_payment_logo"): Verify element property value successfully

2023-10-16 14:07:51 - [MESSAGE][PASSED] - Verify element property value successfully

2023-10-16 14:07:51 - [TEST_STEP][PASSED] - verifyElementPropertyValue(getResponse, "offers[7].groups[0].pricingPlans[0].visualElements[6].value", "true"): Verify element property value successfully

2023-10-16 14:07:51 - [MESSAGE][PASSED] - Verify element property value successfully

2023-10-16 14:07:51 - [TEST_STEP][PASSED] - verifyElementPropertyValue(getResponse, "offers[7].groups[0].pricingPlans[0].visualElements[8].key", "price"): Verify element property value successfully

2023-10-16 14:07:51 - [MESSAGE][PASSED] - Verify element property value successfully

2023-10-16 14:07:51 - [TEST_STEP][PASSED] - verifyElementPropertyValue(getResponse, "offers[7].groups[0].pricingPlans[0].visualElements[8].value", "2.99"): Verify element property value successfully

2023-10-16 14:07:51 - [MESSAGE][PASSED] - Verify element property value successfully

2023-10-16 14:07:51 - [TEST_STEP][PASSED] - verifyElementPropertyValue(getResponse, "offers[7].groups[0].pricingPlans[0].visualElements[9].key", "currency"): Verify element property value successfully

2023-10-16 14:07:51 - [MESSAGE][PASSED] - Verify element property value successfully

2023-10-16 14:07:51 - [TEST_STEP][PASSED] - verifyElementPropertyValue(getResponse, "offers[7].groups[0].pricingPlans[0].visualElements[9].value", "JOD"): Verify element property value successfully

2023-10-16 14:07:51 - [MESSAGE][PASSED] - Verify element property value successfully

2023-10-16 14:07:51 - [TEST_STEP][PASSED] - verifyElementPropertyValue(getResponse, "offers[7].groups[0].pricingPlans[0].visualElements[10].key", "duration"): Verify element property value successfully

2023-10-16 14:07:51 - [MESSAGE][PASSED] - Verify element property value successfully

2023-10-16 14:07:51 - [TEST_STEP][PASSED] - verifyElementPropertyValue(getResponse, "offers[7].groups[0].pricingPlans[0].visualElements[10].value", "شهرياً"): Verify element property value successfully

2023-10-16 14:07:51 - [MESSAGE][PASSED] - Verify element property value successfully

2023-10-16 14:07:51 - [TEST_STEP][PASSED] - verifyElementPropertyValue(getResponse, "offers[7].groups[0].pricingPlans[0].visualElements[11].key", "featured_tag_text"): Verify element property value successfully

2023-10-16 14:07:51 - [MESSAGE][PASSED] - Verify element property value successfully

2023-10-16 14:07:51 - [TEST_STEP][PASSED] - verifyElementPropertyValue(getResponse, "offers[7].groups[0].pricingPlans[0].visualElements[11].value", "عرض لمدة محدودة"): Verify element property value successfully

2023-10-16 14:07:51 - [MESSAGE][PASSED] - Verify element property value successfully

2023-10-16 14:07:51 - [TEST_STEP][PASSED] - verifyElementPropertyValue(getResponse, "offers[7].groups[0].pricingPlans[0].visualElements[13].key", "tag_text"): Verify element property value successfully

2023-10-16 14:07:51 - [MESSAGE][PASSED] - Verify element property value successfully

2023-10-16 14:07:51 - [TEST_STEP][PASSED] - verifyElementPropertyValue(getResponse, "offers[7].groups[0].pricingPlans[0].visualElements[13].value", "وفر 50%"): Verify element property value successfully

2023-10-16 14:07:51 - [MESSAGE][PASSED] - Verify element property value successfully

2023-10-16 14:07:51 - [TEST_STEP][PASSED] - verifyElementPropertyValue(getResponse, "offers[7].groups[0].pricingPlans[0].visualElements[12].key", "show_tag"): Verify element property value successfully

2023-10-16 14:07:51 - [MESSAGE][PASSED] - Verify element property value successfully

2023-10-16 14:07:51 - [TEST_STEP][PASSED] - verifyElementPropertyValue(getResponse, "offers[7].groups[0].pricingPlans[0].visualElements[12].value", "true"): Verify element property value successfully

2023-10-16 14:07:51 - [MESSAGE][PASSED] - Verify element property value successfully

2023-10-16 14:07:51 - [TEST_STEP][PASSED] - verifyElementPropertyValue(getResponse, "offers[7].groups[0].pricingPlans[0].pricingPlanData[0].productId", "JOR_B2C_SHAHID_VIP_SPORT_1M"): Verify element property value successfully

2023-10-16 14:07:51 - [MESSAGE][PASSED] - Verify element property value successfully

2023-10-16 14:07:51 - [TEST_STEP][PASSED] - verifyElementPropertyValue(getResponse, "offers[7].groups[0].pricingPlans[0].pricingPlanData[0].paymentMethod", "CREDIT_CARD"): Verify element property value successfully

2023-10-16 14:07:51 - [MESSAGE][PASSED] - Verify element property value successfully

2023-10-16 14:07:51 - [TEST_STEP][PASSED] - verifyElementPropertyValue(getResponse, "offers[7].groups[0].pricingPlans[0].pricingPlanData[0].freeTrialEnabled", "false"): Verify element property value successfully

2023-10-16 14:07:51 - [MESSAGE][PASSED] - Verify element property value successfully

2023-10-16 14:07:51 - [TEST_STEP][PASSED] - verifyElementPropertyValue(getResponse, "offers[7].groups[0].pricingPlans[0].pricingPlanData[0].showIn[0]", "VERTICAL_MODE"): Verify element property value successfully

2023-10-16 14:07:51 - [MESSAGE][PASSED] - Verify element property value successfully

2023-10-16 14:07:51 - [TEST_STEP][PASSED] - verifyElementPropertyValue(getResponse, "offers[7].groups[0].pricingPlans[0].pricingPlanData[0].showIn[1]", "HORIZONTAL_MODE"): Verify element property value successfully

2023-10-16 14:07:51 - [MESSAGE][PASSED] - Verify element property value successfully

2023-10-16 14:07:51 - [TEST_STEP][PASSED] - verifyElementPropertyValue(getResponse, "offers[7].groups[0].pricingPlans[0].pricingPlanData[0].priceLabel", "2.99"): Verify element property value successfully

2023-10-16 14:07:51 - [MESSAGE][PASSED] - Verify element property value successfully

2023-10-16 14:07:51 - [TEST_STEP][PASSED] - verifyElementPropertyValue(getResponse, "offers[7].groups[0].pricingPlans[0].pricingPlanData[0].currencyLabel", "JOD"): Verify element property value successfully

2023-10-16 14:07:51 - [MESSAGE][PASSED] - Verify element property value successfully

2023-10-16 14:07:51 - [TEST_STEP][PASSED] - verifyElementPropertyValue(getResponse, "offers[7].groups[0].pricingPlans[0].pricingPlanData[0].dealId", "WB_SPORT_50P_JOR"): Verify element property value successfully

2023-10-16 14:07:51 - [MESSAGE][PASSED] - Verify element property value successfully

2023-10-16 14:07:51 - [TEST_STEP][PASSED] - verifyElementPropertyValue(getResponse, "offers[7].groups[0].pricingPlans[0].pricingPlanData[0].allowedForAcquisition", "true"): Verify element property value successfully

2023-10-16 14:07:51 - [MESSAGE][PASSED] - Verify element property value successfully

2023-10-16 14:07:51 - [TEST_STEP][PASSED] - verifyElementPropertyValue(getResponse, "offers[7].groups[0].pricingPlans[0].pricingPlanData[0].visualElements[0].key", "title"): Verify element property value successfully

2023-10-16 14:07:51 - [MESSAGE][PASSED] - Verify element property value successfully

2023-10-16 14:07:51 - [TEST_STEP][PASSED] - verifyElementPropertyValue(getResponse, "offers[7].groups[0].pricingPlans[0].pricingPlanData[0].visualElements[0].value", "البطاقة المصرفية"): Verify element property value successfully

2023-10-16 14:07:51 - [MESSAGE][PASSED] - Verify element property value successfully

2023-10-16 14:07:51 - [TEST_STEP][PASSED] - verifyElementPropertyValue(getResponse, "offers[7].groups[0].pricingPlans[0].pricingPlanData[0].visualElements[1].key", "CTA_text"): Verify element property value successfully

2023-10-16 14:07:52 - [MESSAGE][PASSED] - Verify element property value successfully

2023-10-16 14:07:52 - [TEST_STEP][PASSED] - verifyElementPropertyValue(getResponse, "offers[7].groups[0].pricingPlans[0].pricingPlanData[0].visualElements[1].value", "اشترك"): Verify element property value successfully

2023-10-16 14:07:52 - [MESSAGE][PASSED] - Verify element property value successfully

2023-10-16 14:07:52 - [TEST_STEP][PASSED] - verifyElementPropertyValue(getResponse, "offers[7].groups[0].pricingPlans[0].pricingPlanData[0].visualElements[2].key", "logo"): Verify element property value successfully

2023-10-16 14:07:52 - [MESSAGE][PASSED] - Verify element property value successfully

2023-10-16 14:07:52 - [TEST_STEP][PASSED] - verifyElementPropertyValue(getResponse, "offers[7].groups[0].pricingPlans[0].pricingPlanData[0].visualElements[2].value", "https://static.s3.shahid.mbc.net/widget-images/icons/iconCreditCard.png"): Verify element property value successfully

2023-10-16 14:07:52 - [MESSAGE][PASSED] - Verify element property value successfully

2023-10-16 14:07:52 - [TEST_STEP][PASSED] - verifyElementPropertyValue(getResponse, "offers[11].offerId", "byg-sport-30-offer"): Verify element property value successfully

2023-10-16 14:07:52 - [MESSAGE][PASSED] - Verify element property value successfully

2023-10-16 14:07:52 - [TEST_STEP][PASSED] - verifyElementPropertyValue(getResponse, "offers[11].offerParam", "bygsportsoffer30"): Verify element property value successfully

2023-10-16 14:07:52 - [MESSAGE][PASSED] - Verify element property value successfully

2023-10-16 14:07:52 - [TEST_STEP][PASSED] - verifyElementPropertyValue(getResponse, "offers[11].groups[0].pricingPlans[0].featured", "true"): Verify element property value successfully

2023-10-16 14:07:52 - [MESSAGE][PASSED] - Verify element property value successfully

2023-10-16 14:07:52 - [TEST_STEP][PASSED] - verifyElementPropertyValue(getResponse, "offers[11].groups[0].pricingPlans[0].period", "monthly"): Verify element property value successfully

2023-10-16 14:07:52 - [MESSAGE][PASSED] - Verify element property value successfully

2023-10-16 14:07:52 - [TEST_STEP][PASSED] - verifyElementPropertyValue(getResponse, "offers[11].groups[0].pricingPlans[0].featured", "true"): Verify element property value successfully

2023-10-16 14:07:52 - [MESSAGE][PASSED] - Verify element property value successfully

2023-10-16 14:07:52 - [TEST_STEP][PASSED] - verifyElementPropertyValue(getResponse, "offers[11].groups[0].pricingPlans[0].price", "4.19"): Verify element property value successfully

2023-10-16 14:07:52 - [MESSAGE][PASSED] - Verify element property value successfully

2023-10-16 14:07:52 - [TEST_STEP][PASSED] - verifyElementPropertyValue(getResponse, "offers[11].groups[0].pricingPlans[0].currency", "JOD"): Verify element property value successfully

2023-10-16 14:07:52 - [MESSAGE][PASSED] - Verify element property value successfully

2023-10-16 14:07:52 - [TEST_STEP][PASSED] - verifyElementPropertyValue(getResponse, "offers[11].groups[0].pricingPlans[0].order", "0"): Verify element property value successfully

2023-10-16 14:07:52 - [MESSAGE][PASSED] - Verify element property value successfully

2023-10-16 14:07:52 - [TEST_STEP][PASSED] - verifyElementPropertyValue(getResponse, "offers[11].groups[0].pricingPlans[0].packageId", "SHAHID_VIP_SPORT"): Verify element property value successfully

2023-10-16 14:07:52 - [MESSAGE][PASSED] - Verify element property value successfully

2023-10-16 14:07:52 - [TEST_STEP][PASSED] - verifyElementPropertyValue(getResponse, "offers[11].groups[0].pricingPlans[0].catalogId", "SPORT"): Verify element property value successfully

2023-10-16 14:07:52 - [MESSAGE][PASSED] - Verify element property value successfully

2023-10-16 14:07:52 - [TEST_STEP][PASSED] - verifyElementPropertyValue(getResponse, "offers[11].groups[0].pricingPlans[0].visualElements[0].key", "Header_1_text"): Verify element property value successfully

2023-10-16 14:07:52 - [MESSAGE][PASSED] - Verify element property value successfully

2023-10-16 14:07:52 - [TEST_STEP][PASSED] - verifyElementPropertyValue(getResponse, "offers[11].groups[0].pricingPlans[0].visualElements[0].value", "شاهد أقوى المسلسلات و الأفلام حصرياً دون توقف"): Verify element property value successfully

2023-10-16 14:07:52 - [MESSAGE][PASSED] - Verify element property value successfully

2023-10-16 14:07:52 - [TEST_STEP][PASSED] - verifyElementPropertyValue(getResponse, "offers[11].groups[0].pricingPlans[0].visualElements[1].key", "display_title"): Verify element property value successfully

2023-10-16 14:07:52 - [MESSAGE][PASSED] - Verify element property value successfully

2023-10-16 14:07:52 - [TEST_STEP][PASSED] - verifyElementPropertyValue(getResponse, "offers[11].groups[0].pricingPlans[0].visualElements[1].value", "احصل على خصم 30%"): Verify element property value successfully

2023-10-16 14:07:52 - [MESSAGE][PASSED] - Verify element property value successfully

2023-10-16 14:07:52 - [TEST_STEP][PASSED] - verifyElementPropertyValue(getResponse, "offers[11].groups[0].pricingPlans[0].visualElements[3].key", "deduction_text"): Verify element property value successfully

2023-10-16 14:07:52 - [MESSAGE][PASSED] - Verify element property value successfully

2023-10-16 14:07:52 - [TEST_STEP][PASSED] - verifyElementPropertyValue(getResponse, "offers[11].groups[0].pricingPlans[0].visualElements[3].value", "تدفع شهرياً"): Verify element property value successfully

2023-10-16 14:07:52 - [MESSAGE][PASSED] - Verify element property value successfully

2023-10-16 14:07:52 - [TEST_STEP][PASSED] - verifyElementPropertyValue(getResponse, "offers[11].groups[0].pricingPlans[0].visualElements[6].key", "show_payment_logo"): Verify element property value successfully

2023-10-16 14:07:52 - [MESSAGE][PASSED] - Verify element property value successfully

2023-10-16 14:07:52 - [TEST_STEP][PASSED] - verifyElementPropertyValue(getResponse, "offers[11].groups[0].pricingPlans[0].visualElements[6].value", "true"): Verify element property value successfully

2023-10-16 14:07:52 - [MESSAGE][PASSED] - Verify element property value successfully

2023-10-16 14:07:52 - [TEST_STEP][PASSED] - verifyElementPropertyValue(getResponse, "offers[11].groups[0].pricingPlans[0].visualElements[8].key", "price"): Verify element property value successfully

2023-10-16 14:07:52 - [MESSAGE][PASSED] - Verify element property value successfully

2023-10-16 14:07:52 - [TEST_STEP][PASSED] - verifyElementPropertyValue(getResponse, "offers[11].groups[0].pricingPlans[0].visualElements[8].value", "4.19"): Verify element property value successfully

2023-10-16 14:07:52 - [MESSAGE][PASSED] - Verify element property value successfully

2023-10-16 14:07:52 - [TEST_STEP][PASSED] - verifyElementPropertyValue(getResponse, "offers[11].groups[0].pricingPlans[0].visualElements[9].key", "currency"): Verify element property value successfully

2023-10-16 14:07:52 - [MESSAGE][PASSED] - Verify element property value successfully

2023-10-16 14:07:52 - [TEST_STEP][PASSED] - verifyElementPropertyValue(getResponse, "offers[11].groups[0].pricingPlans[0].visualElements[9].value", "JOD"): Verify element property value successfully

2023-10-16 14:07:52 - [MESSAGE][PASSED] - Verify element property value successfully

2023-10-16 14:07:52 - [TEST_STEP][PASSED] - verifyElementPropertyValue(getResponse, "offers[11].groups[0].pricingPlans[0].visualElements[10].key", "duration"): Verify element property value successfully

2023-10-16 14:07:52 - [MESSAGE][PASSED] - Verify element property value successfully

2023-10-16 14:07:52 - [TEST_STEP][PASSED] - verifyElementPropertyValue(getResponse, "offers[11].groups[0].pricingPlans[0].visualElements[10].value", "شهرياً"): Verify element property value successfully

2023-10-16 14:07:52 - [MESSAGE][PASSED] - Verify element property value successfully

2023-10-16 14:07:52 - [TEST_STEP][PASSED] - verifyElementPropertyValue(getResponse, "offers[11].groups[0].pricingPlans[0].visualElements[11].key", "featured_tag_text"): Verify element property value successfully

2023-10-16 14:07:52 - [MESSAGE][PASSED] - Verify element property value successfully

2023-10-16 14:07:52 - [TEST_STEP][PASSED] - verifyElementPropertyValue(getResponse, "offers[11].groups[0].pricingPlans[0].visualElements[11].value", "عرض لمدة محدودة"): Verify element property value successfully

2023-10-16 14:07:52 - [MESSAGE][PASSED] - Verify element property value successfully

2023-10-16 14:07:52 - [TEST_STEP][PASSED] - verifyElementPropertyValue(getResponse, "offers[11].groups[0].pricingPlans[0].visualElements[13].key", "tag_text"): Verify element property value successfully

2023-10-16 14:07:52 - [MESSAGE][PASSED] - Verify element property value successfully

2023-10-16 14:07:52 - [TEST_STEP][PASSED] - verifyElementPropertyValue(getResponse, "offers[11].groups[0].pricingPlans[0].visualElements[13].value", "وفر 30%"): Verify element property value successfully

2023-10-16 14:07:52 - [MESSAGE][PASSED] - Verify element property value successfully

2023-10-16 14:07:52 - [TEST_STEP][PASSED] - verifyElementPropertyValue(getResponse, "offers[11].groups[0].pricingPlans[0].visualElements[12].key", "show_tag"): Verify element property value successfully

2023-10-16 14:07:52 - [MESSAGE][PASSED] - Verify element property value successfully

2023-10-16 14:07:52 - [TEST_STEP][PASSED] - verifyElementPropertyValue(getResponse, "offers[11].groups[0].pricingPlans[0].visualElements[12].value", "true"): Verify element property value successfully

2023-10-16 14:07:52 - [MESSAGE][PASSED] - Verify element property value successfully

2023-10-16 14:07:52 - [TEST_STEP][PASSED] - verifyElementPropertyValue(getResponse, "offers[11].groups[0].pricingPlans[0].pricingPlanData[0].productId", "JOR_B2C_SHAHID_VIP_SPORT_1M"): Verify element property value successfully

2023-10-16 14:07:52 - [MESSAGE][PASSED] - Verify element property value successfully

2023-10-16 14:07:52 - [TEST_STEP][PASSED] - verifyElementPropertyValue(getResponse, "offers[11].groups[0].pricingPlans[0].pricingPlanData[0].paymentMethod", "CREDIT_CARD"): Verify element property value successfully

2023-10-16 14:07:52 - [MESSAGE][PASSED] - Verify element property value successfully

2023-10-16 14:07:52 - [TEST_STEP][PASSED] - verifyElementPropertyValue(getResponse, "offers[11].groups[0].pricingPlans[0].pricingPlanData[0].freeTrialEnabled", "false"): Verify element property value successfully

2023-10-16 14:07:52 - [MESSAGE][PASSED] - Verify element property value successfully

2023-10-16 14:07:52 - [TEST_STEP][PASSED] - verifyElementPropertyValue(getResponse, "offers[11].groups[0].pricingPlans[0].pricingPlanData[0].showIn[0]", "VERTICAL_MODE"): Verify element property value successfully

2023-10-16 14:07:52 - [MESSAGE][PASSED] - Verify element property value successfully

2023-10-16 14:07:52 - [TEST_STEP][PASSED] - verifyElementPropertyValue(getResponse, "offers[11].groups[0].pricingPlans[0].pricingPlanData[0].showIn[1]", "HORIZONTAL_MODE"): Verify element property value successfully

2023-10-16 14:07:52 - [MESSAGE][PASSED] - Verify element property value successfully

2023-10-16 14:07:52 - [TEST_STEP][PASSED] - verifyElementPropertyValue(getResponse, "offers[11].groups[0].pricingPlans[0].pricingPlanData[0].priceLabel", "4.19"): Verify element property value successfully

2023-10-16 14:07:52 - [MESSAGE][PASSED] - Verify element property value successfully

2023-10-16 14:07:52 - [TEST_STEP][PASSED] - verifyElementPropertyValue(getResponse, "offers[11].groups[0].pricingPlans[0].pricingPlanData[0].currencyLabel", "JOD"): Verify element property value successfully

2023-10-16 14:07:52 - [MESSAGE][PASSED] - Verify element property value successfully

2023-10-16 14:07:52 - [TEST_STEP][PASSED] - verifyElementPropertyValue(getResponse, "offers[11].groups[0].pricingPlans[0].pricingPlanData[0].dealId", "BYG_SPORT_30P_JOR"): Verify element property value successfully

2023-10-16 14:07:52 - [MESSAGE][PASSED] - Verify element property value successfully

2023-10-16 14:07:52 - [TEST_STEP][PASSED] - verifyElementPropertyValue(getResponse, "offers[11].groups[0].pricingPlans[0].pricingPlanData[0].allowedForAcquisition", "true"): Verify element property value successfully

2023-10-16 14:07:52 - [MESSAGE][PASSED] - Verify element property value successfully

2023-10-16 14:07:52 - [TEST_STEP][PASSED] - verifyElementPropertyValue(getResponse, "offers[11].groups[0].pricingPlans[0].pricingPlanData[0].visualElements[0].key", "title"): Verify element property value successfully

2023-10-16 14:07:52 - [MESSAGE][PASSED] - Verify element property value successfully

2023-10-16 14:07:52 - [TEST_STEP][PASSED] - verifyElementPropertyValue(getResponse, "offers[11].groups[0].pricingPlans[0].pricingPlanData[0].visualElements[0].value", "البطاقة المصرفية"): Verify element property value successfully

2023-10-16 14:07:52 - [MESSAGE][PASSED] - Verify element property value successfully

2023-10-16 14:07:52 - [TEST_STEP][PASSED] - verifyElementPropertyValue(getResponse, "offers[11].groups[0].pricingPlans[0].pricingPlanData[0].visualElements[1].key", "CTA_text"): Verify element property value successfully

2023-10-16 14:07:52 - [MESSAGE][PASSED] - Verify element property value successfully

2023-10-16 14:07:52 - [TEST_STEP][PASSED] - verifyElementPropertyValue(getResponse, "offers[11].groups[0].pricingPlans[0].pricingPlanData[0].visualElements[1].value", "اشترك"): Verify element property value successfully

2023-10-16 14:07:52 - [MESSAGE][PASSED] - Verify element property value successfully

2023-10-16 14:07:52 - [TEST_STEP][PASSED] - verifyElementPropertyValue(getResponse, "offers[11].groups[0].pricingPlans[0].pricingPlanData[0].visualElements[2].key", "logo"): Verify element property value successfully

2023-10-16 14:07:52 - [MESSAGE][PASSED] - Verify element property value successfully

2023-10-16 14:07:52 - [TEST_STEP][PASSED] - verifyElementPropertyValue(getResponse, "offers[11].groups[0].pricingPlans[0].pricingPlanData[0].visualElements[2].value", "https://static.s3.shahid.mbc.net/widget-images/icons/iconCreditCard.png"): Verify element property value successfully

2023-10-16 14:07:52 - [MESSAGE][PASSED] - Verify element property value successfully

2023-10-16 14:07:52 - [TEST_STEP][PASSED] - verifyElementPropertyValue(getResponse, "offers[12].offerId", "byg-sport-40-offer"): Verify element property value successfully

2023-10-16 14:07:52 - [MESSAGE][PASSED] - Verify element property value successfully

2023-10-16 14:07:52 - [TEST_STEP][PASSED] - verifyElementPropertyValue(getResponse, "offers[12].offerParam", "bygsportsoffer40"): Verify element property value successfully

2023-10-16 14:07:52 - [MESSAGE][PASSED] - Verify element property value successfully

2023-10-16 14:07:52 - [TEST_STEP][PASSED] - verifyElementPropertyValue(getResponse, "offers[12].groups[0].pricingPlans[0].featured", "true"): Verify element property value successfully

2023-10-16 14:07:52 - [MESSAGE][PASSED] - Verify element property value successfully

2023-10-16 14:07:52 - [TEST_STEP][PASSED] - verifyElementPropertyValue(getResponse, "offers[12].groups[0].pricingPlans[0].period", "monthly"): Verify element property value successfully

2023-10-16 14:07:52 - [MESSAGE][PASSED] - Verify element property value successfully

2023-10-16 14:07:52 - [TEST_STEP][PASSED] - verifyElementPropertyValue(getResponse, "offers[12].groups[0].pricingPlans[0].featured", "true"): Verify element property value successfully

2023-10-16 14:07:52 - [MESSAGE][PASSED] - Verify element property value successfully

2023-10-16 14:07:52 - [TEST_STEP][PASSED] - verifyElementPropertyValue(getResponse, "offers[12].groups[0].pricingPlans[0].price", "3.59"): Verify element property value successfully

2023-10-16 14:07:52 - [MESSAGE][PASSED] - Verify element property value successfully

2023-10-16 14:07:52 - [TEST_STEP][PASSED] - verifyElementPropertyValue(getResponse, "offers[12].groups[0].pricingPlans[0].currency", "JOD"): Verify element property value successfully

2023-10-16 14:07:52 - [MESSAGE][PASSED] - Verify element property value successfully

2023-10-16 14:07:52 - [TEST_STEP][PASSED] - verifyElementPropertyValue(getResponse, "offers[12].groups[0].pricingPlans[0].order", "0"): Verify element property value successfully

2023-10-16 14:07:52 - [MESSAGE][PASSED] - Verify element property value successfully

2023-10-16 14:07:52 - [TEST_STEP][PASSED] - verifyElementPropertyValue(getResponse, "offers[12].groups[0].pricingPlans[0].packageId", "SHAHID_VIP_SPORT"): Verify element property value successfully

2023-10-16 14:07:52 - [MESSAGE][PASSED] - Verify element property value successfully

2023-10-16 14:07:52 - [TEST_STEP][PASSED] - verifyElementPropertyValue(getResponse, "offers[12].groups[0].pricingPlans[0].catalogId", "SPORT"): Verify element property value successfully

2023-10-16 14:07:52 - [MESSAGE][PASSED] - Verify element property value successfully

2023-10-16 14:07:52 - [TEST_STEP][PASSED] - verifyElementPropertyValue(getResponse, "offers[12].groups[0].pricingPlans[0].visualElements[0].key", "Header_1_text"): Verify element property value successfully

2023-10-16 14:07:52 - [MESSAGE][PASSED] - Verify element property value successfully

2023-10-16 14:07:52 - [TEST_STEP][PASSED] - verifyElementPropertyValue(getResponse, "offers[12].groups[0].pricingPlans[0].visualElements[0].value", "شاهد أقوى المسلسلات و الأفلام حصرياً دون توقف"): Verify element property value successfully

2023-10-16 14:07:52 - [MESSAGE][PASSED] - Verify element property value successfully

2023-10-16 14:07:52 - [TEST_STEP][PASSED] - verifyElementPropertyValue(getResponse, "offers[12].groups[0].pricingPlans[0].visualElements[1].key", "display_title"): Verify element property value successfully

2023-10-16 14:07:52 - [MESSAGE][PASSED] - Verify element property value successfully

2023-10-16 14:07:52 - [TEST_STEP][PASSED] - verifyElementPropertyValue(getResponse, "offers[12].groups[0].pricingPlans[0].visualElements[1].value", "احصل على خصم 40%"): Verify element property value successfully

2023-10-16 14:07:52 - [MESSAGE][PASSED] - Verify element property value successfully

2023-10-16 14:07:52 - [TEST_STEP][PASSED] - verifyElementPropertyValue(getResponse, "offers[12].groups[0].pricingPlans[0].visualElements[3].key", "deduction_text"): Verify element property value successfully

2023-10-16 14:07:52 - [MESSAGE][PASSED] - Verify element property value successfully

2023-10-16 14:07:52 - [TEST_STEP][PASSED] - verifyElementPropertyValue(getResponse, "offers[12].groups[0].pricingPlans[0].visualElements[3].value", "تدفع شهرياً"): Verify element property value successfully

2023-10-16 14:07:52 - [MESSAGE][PASSED] - Verify element property value successfully

2023-10-16 14:07:52 - [TEST_STEP][PASSED] - verifyElementPropertyValue(getResponse, "offers[12].groups[0].pricingPlans[0].visualElements[6].key", "show_payment_logo"): Verify element property value successfully

2023-10-16 14:07:52 - [MESSAGE][PASSED] - Verify element property value successfully

2023-10-16 14:07:52 - [TEST_STEP][PASSED] - verifyElementPropertyValue(getResponse, "offers[12].groups[0].pricingPlans[0].visualElements[6].value", "true"): Verify element property value successfully

2023-10-16 14:07:52 - [MESSAGE][PASSED] - Verify element property value successfully

2023-10-16 14:07:54 - [TEST_STEP][PASSED] - verifyElementPropertyValue(getResponse, "offers[12].groups[0].pricingPlans[0].visualElements[8].key", "price"): Verify element property value successfully

2023-10-16 14:07:54 - [MESSAGE][PASSED] - Verify element property value successfully

2023-10-16 14:07:54 - [TEST_STEP][PASSED] - verifyElementPropertyValue(getResponse, "offers[12].groups[0].pricingPlans[0].visualElements[8].value", "3.59"): Verify element property value successfully

2023-10-16 14:07:54 - [MESSAGE][PASSED] - Verify element property value successfully

2023-10-16 14:07:54 - [TEST_STEP][PASSED] - verifyElementPropertyValue(getResponse, "offers[12].groups[0].pricingPlans[0].visualElements[9].key", "currency"): Verify element property value successfully

2023-10-16 14:07:54 - [MESSAGE][PASSED] - Verify element property value successfully

2023-10-16 14:07:54 - [TEST_STEP][PASSED] - verifyElementPropertyValue(getResponse, "offers[12].groups[0].pricingPlans[0].visualElements[9].value", "JOD"): Verify element property value successfully

2023-10-16 14:07:54 - [MESSAGE][PASSED] - Verify element property value successfully

2023-10-16 14:07:54 - [TEST_STEP][PASSED] - verifyElementPropertyValue(getResponse, "offers[12].groups[0].pricingPlans[0].visualElements[10].key", "duration"): Verify element property value successfully

2023-10-16 14:07:54 - [MESSAGE][PASSED] - Verify element property value successfully

2023-10-16 14:07:54 - [TEST_STEP][PASSED] - verifyElementPropertyValue(getResponse, "offers[12].groups[0].pricingPlans[0].visualElements[10].value", "شهرياً"): Verify element property value successfully

2023-10-16 14:07:54 - [MESSAGE][PASSED] - Verify element property value successfully

2023-10-16 14:07:54 - [TEST_STEP][PASSED] - verifyElementPropertyValue(getResponse, "offers[12].groups[0].pricingPlans[0].visualElements[11].key", "featured_tag_text"): Verify element property value successfully

2023-10-16 14:07:54 - [MESSAGE][PASSED] - Verify element property value successfully

2023-10-16 14:07:54 - [TEST_STEP][PASSED] - verifyElementPropertyValue(getResponse, "offers[12].groups[0].pricingPlans[0].visualElements[11].value", "عرض لمدة محدودة"): Verify element property value successfully

2023-10-16 14:07:54 - [MESSAGE][PASSED] - Verify element property value successfully

2023-10-16 14:07:54 - [TEST_STEP][PASSED] - verifyElementPropertyValue(getResponse, "offers[12].groups[0].pricingPlans[0].visualElements[13].key", "tag_text"): Verify element property value successfully

2023-10-16 14:07:54 - [MESSAGE][PASSED] - Verify element property value successfully

2023-10-16 14:07:54 - [TEST_STEP][PASSED] - verifyElementPropertyValue(getResponse, "offers[12].groups[0].pricingPlans[0].visualElements[13].value", "وفر 40%"): Verify element property value successfully

2023-10-16 14:07:54 - [MESSAGE][PASSED] - Verify element property value successfully

2023-10-16 14:07:54 - [TEST_STEP][PASSED] - verifyElementPropertyValue(getResponse, "offers[12].groups[0].pricingPlans[0].visualElements[12].key", "show_tag"): Verify element property value successfully

2023-10-16 14:07:54 - [MESSAGE][PASSED] - Verify element property value successfully

2023-10-16 14:07:54 - [TEST_STEP][PASSED] - verifyElementPropertyValue(getResponse, "offers[12].groups[0].pricingPlans[0].visualElements[12].value", "true"): Verify element property value successfully

2023-10-16 14:07:54 - [MESSAGE][PASSED] - Verify element property value successfully

2023-10-16 14:07:54 - [TEST_STEP][PASSED] - verifyElementPropertyValue(getResponse, "offers[12].groups[0].pricingPlans[0].pricingPlanData[0].productId", "JOR_B2C_SHAHID_VIP_SPORT_1M"): Verify element property value successfully

2023-10-16 14:07:54 - [MESSAGE][PASSED] - Verify element property value successfully

2023-10-16 14:07:54 - [TEST_STEP][PASSED] - verifyElementPropertyValue(getResponse, "offers[12].groups[0].pricingPlans[0].pricingPlanData[0].paymentMethod", "CREDIT_CARD"): Verify element property value successfully

2023-10-16 14:07:54 - [MESSAGE][PASSED] - Verify element property value successfully

2023-10-16 14:07:54 - [TEST_STEP][PASSED] - verifyElementPropertyValue(getResponse, "offers[12].groups[0].pricingPlans[0].pricingPlanData[0].freeTrialEnabled", "false"): Verify element property value successfully

2023-10-16 14:07:54 - [MESSAGE][PASSED] - Verify element property value successfully

2023-10-16 14:07:54 - [TEST_STEP][PASSED] - verifyElementPropertyValue(getResponse, "offers[12].groups[0].pricingPlans[0].pricingPlanData[0].showIn[0]", "VERTICAL_MODE"): Verify element property value successfully

2023-10-16 14:07:54 - [MESSAGE][PASSED] - Verify element property value successfully

2023-10-16 14:07:54 - [TEST_STEP][PASSED] - verifyElementPropertyValue(getResponse, "offers[12].groups[0].pricingPlans[0].pricingPlanData[0].showIn[1]", "HORIZONTAL_MODE"): Verify element property value successfully

2023-10-16 14:07:54 - [MESSAGE][PASSED] - Verify element property value successfully

2023-10-16 14:07:54 - [TEST_STEP][PASSED] - verifyElementPropertyValue(getResponse, "offers[12].groups[0].pricingPlans[0].pricingPlanData[0].priceLabel", "3.59"): Verify element property value successfully

2023-10-16 14:07:54 - [MESSAGE][PASSED] - Verify element property value successfully

2023-10-16 14:07:54 - [TEST_STEP][PASSED] - verifyElementPropertyValue(getResponse, "offers[12].groups[0].pricingPlans[0].pricingPlanData[0].currencyLabel", "JOD"): Verify element property value successfully

2023-10-16 14:07:54 - [MESSAGE][PASSED] - Verify element property value successfully

2023-10-16 14:07:54 - [TEST_STEP][PASSED] - verifyElementPropertyValue(getResponse, "offers[12].groups[0].pricingPlans[0].pricingPlanData[0].dealId", "BYG_SPORT_40P_JOR"): Verify element property value successfully

2023-10-16 14:07:54 - [MESSAGE][PASSED] - Verify element property value successfully

2023-10-16 14:07:54 - [TEST_STEP][PASSED] - verifyElementPropertyValue(getResponse, "offers[12].groups[0].pricingPlans[0].pricingPlanData[0].allowedForAcquisition", "true"): Verify element property value successfully

2023-10-16 14:07:54 - [MESSAGE][PASSED] - Verify element property value successfully

2023-10-16 14:07:54 - [TEST_STEP][PASSED] - verifyElementPropertyValue(getResponse, "offers[12].groups[0].pricingPlans[0].pricingPlanData[0].visualElements[0].key", "title"): Verify element property value successfully

2023-10-16 14:07:54 - [MESSAGE][PASSED] - Verify element property value successfully

2023-10-16 14:07:54 - [TEST_STEP][PASSED] - verifyElementPropertyValue(getResponse, "offers[12].groups[0].pricingPlans[0].pricingPlanData[0].visualElements[0].value", "البطاقة المصرفية"): Verify element property value successfully

2023-10-16 14:07:54 - [MESSAGE][PASSED] - Verify element property value successfully

2023-10-16 14:07:54 - [TEST_STEP][PASSED] - verifyElementPropertyValue(getResponse, "offers[12].groups[0].pricingPlans[0].pricingPlanData[0].visualElements[1].key", "CTA_text"): Verify element property value successfully

2023-10-16 14:07:54 - [MESSAGE][PASSED] - Verify element property value successfully

2023-10-16 14:07:54 - [TEST_STEP][PASSED] - verifyElementPropertyValue(getResponse, "offers[12].groups[0].pricingPlans[0].pricingPlanData[0].visualElements[1].value", "اشترك"): Verify element property value successfully

2023-10-16 14:07:54 - [MESSAGE][PASSED] - Verify element property value successfully

2023-10-16 14:07:54 - [TEST_STEP][PASSED] - verifyElementPropertyValue(getResponse, "offers[12].groups[0].pricingPlans[0].pricingPlanData[0].visualElements[2].key", "logo"): Verify element property value successfully

2023-10-16 14:07:54 - [MESSAGE][PASSED] - Verify element property value successfully

2023-10-16 14:07:54 - [TEST_STEP][PASSED] - verifyElementPropertyValue(getResponse, "offers[12].groups[0].pricingPlans[0].pricingPlanData[0].visualElements[2].value", "https://static.s3.shahid.mbc.net/widget-images/icons/iconCreditCard.png"): Verify element property value successfully

2023-10-16 14:07:54 - [MESSAGE][PASSED] - Verify element property value successfully

2023-10-16 14:07:54 - [TEST_STEP][PASSED] - verifyElementPropertyValue(getResponse, "offers[13].offerId", "byg-sport-50-offer"): Verify element property value successfully

2023-10-16 14:07:54 - [MESSAGE][PASSED] - Verify element property value successfully

2023-10-16 14:07:54 - [TEST_STEP][PASSED] - verifyElementPropertyValue(getResponse, "offers[13].offerParam", "bygsportsoffer50"): Verify element property value successfully

2023-10-16 14:07:54 - [MESSAGE][PASSED] - Verify element property value successfully

2023-10-16 14:07:54 - [TEST_STEP][PASSED] - verifyElementPropertyValue(getResponse, "offers[13].groups[0].pricingPlans[0].featured", "true"): Verify element property value successfully

2023-10-16 14:07:54 - [MESSAGE][PASSED] - Verify element property value successfully

2023-10-16 14:07:54 - [TEST_STEP][PASSED] - verifyElementPropertyValue(getResponse, "offers[13].groups[0].pricingPlans[0].period", "monthly"): Verify element property value successfully

2023-10-16 14:07:54 - [MESSAGE][PASSED] - Verify element property value successfully

2023-10-16 14:07:54 - [TEST_STEP][PASSED] - verifyElementPropertyValue(getResponse, "offers[13].groups[0].pricingPlans[0].featured", "true"): Verify element property value successfully

2023-10-16 14:07:54 - [MESSAGE][PASSED] - Verify element property value successfully

2023-10-16 14:07:54 - [TEST_STEP][PASSED] - verifyElementPropertyValue(getResponse, "offers[13].groups[0].pricingPlans[0].price", "2.99"): Verify element property value successfully

2023-10-16 14:07:54 - [MESSAGE][PASSED] - Verify element property value successfully

2023-10-16 14:07:54 - [TEST_STEP][PASSED] - verifyElementPropertyValue(getResponse, "offers[13].groups[0].pricingPlans[0].currency", "JOD"): Verify element property value successfully

2023-10-16 14:07:54 - [MESSAGE][PASSED] - Verify element property value successfully

2023-10-16 14:07:54 - [TEST_STEP][PASSED] - verifyElementPropertyValue(getResponse, "offers[13].groups[0].pricingPlans[0].order", "0"): Verify element property value successfully

2023-10-16 14:07:54 - [MESSAGE][PASSED] - Verify element property value successfully

2023-10-16 14:07:54 - [TEST_STEP][PASSED] - verifyElementPropertyValue(getResponse, "offers[13].groups[0].pricingPlans[0].packageId", "SHAHID_VIP_SPORT"): Verify element property value successfully

2023-10-16 14:07:54 - [MESSAGE][PASSED] - Verify element property value successfully

2023-10-16 14:07:54 - [TEST_STEP][PASSED] - verifyElementPropertyValue(getResponse, "offers[13].groups[0].pricingPlans[0].catalogId", "SPORT"): Verify element property value successfully

2023-10-16 14:07:54 - [MESSAGE][PASSED] - Verify element property value successfully

2023-10-16 14:07:54 - [TEST_STEP][PASSED] - verifyElementPropertyValue(getResponse, "offers[13].groups[0].pricingPlans[0].visualElements[0].key", "Header_1_text"): Verify element property value successfully

2023-10-16 14:07:54 - [MESSAGE][PASSED] - Verify element property value successfully

2023-10-16 14:07:54 - [TEST_STEP][PASSED] - verifyElementPropertyValue(getResponse, "offers[13].groups[0].pricingPlans[0].visualElements[0].value", "شاهد أقوى المسلسلات و الأفلام حصرياً دون توقف"): Verify element property value successfully

2023-10-16 14:07:54 - [MESSAGE][PASSED] - Verify element property value successfully

2023-10-16 14:07:54 - [TEST_STEP][PASSED] - verifyElementPropertyValue(getResponse, "offers[13].groups[0].pricingPlans[0].visualElements[1].key", "display_title"): Verify element property value successfully

2023-10-16 14:07:54 - [MESSAGE][PASSED] - Verify element property value successfully

2023-10-16 14:07:54 - [TEST_STEP][PASSED] - verifyElementPropertyValue(getResponse, "offers[13].groups[0].pricingPlans[0].visualElements[1].value", "احصل على خصم 50%"): Verify element property value successfully

2023-10-16 14:07:54 - [MESSAGE][PASSED] - Verify element property value successfully

2023-10-16 14:07:54 - [TEST_STEP][PASSED] - verifyElementPropertyValue(getResponse, "offers[13].groups[0].pricingPlans[0].visualElements[3].key", "deduction_text"): Verify element property value successfully

2023-10-16 14:07:54 - [MESSAGE][PASSED] - Verify element property value successfully

2023-10-16 14:07:54 - [TEST_STEP][PASSED] - verifyElementPropertyValue(getResponse, "offers[13].groups[0].pricingPlans[0].visualElements[3].value", "تدفع شهرياً"): Verify element property value successfully

2023-10-16 14:07:54 - [MESSAGE][PASSED] - Verify element property value successfully

2023-10-16 14:07:54 - [TEST_STEP][PASSED] - verifyElementPropertyValue(getResponse, "offers[13].groups[0].pricingPlans[0].visualElements[6].key", "show_payment_logo"): Verify element property value successfully

2023-10-16 14:07:54 - [MESSAGE][PASSED] - Verify element property value successfully

2023-10-16 14:07:54 - [TEST_STEP][PASSED] - verifyElementPropertyValue(getResponse, "offers[13].groups[0].pricingPlans[0].visualElements[6].value", "true"): Verify element property value successfully

2023-10-16 14:07:54 - [MESSAGE][PASSED] - Verify element property value successfully

2023-10-16 14:07:54 - [TEST_STEP][PASSED] - verifyElementPropertyValue(getResponse, "offers[13].groups[0].pricingPlans[0].visualElements[8].key", "price"): Verify element property value successfully

2023-10-16 14:07:54 - [MESSAGE][PASSED] - Verify element property value successfully

2023-10-16 14:07:54 - [TEST_STEP][PASSED] - verifyElementPropertyValue(getResponse, "offers[13].groups[0].pricingPlans[0].visualElements[8].value", "2.99"): Verify element property value successfully

2023-10-16 14:07:54 - [MESSAGE][PASSED] - Verify element property value successfully

2023-10-16 14:07:54 - [TEST_STEP][PASSED] - verifyElementPropertyValue(getResponse, "offers[13].groups[0].pricingPlans[0].visualElements[9].key", "currency"): Verify element property value successfully

2023-10-16 14:07:54 - [MESSAGE][PASSED] - Verify element property value successfully

2023-10-16 14:07:54 - [TEST_STEP][PASSED] - verifyElementPropertyValue(getResponse, "offers[13].groups[0].pricingPlans[0].visualElements[9].value", "JOD"): Verify element property value successfully

2023-10-16 14:07:54 - [MESSAGE][PASSED] - Verify element property value successfully

2023-10-16 14:07:54 - [TEST_STEP][PASSED] - verifyElementPropertyValue(getResponse, "offers[13].groups[0].pricingPlans[0].visualElements[10].key", "duration"): Verify element property value successfully

2023-10-16 14:07:54 - [MESSAGE][PASSED] - Verify element property value successfully

2023-10-16 14:07:54 - [TEST_STEP][PASSED] - verifyElementPropertyValue(getResponse, "offers[13].groups[0].pricingPlans[0].visualElements[10].value", "شهرياً"): Verify element property value successfully

2023-10-16 14:07:54 - [MESSAGE][PASSED] - Verify element property value successfully

2023-10-16 14:07:54 - [TEST_STEP][PASSED] - verifyElementPropertyValue(getResponse, "offers[13].groups[0].pricingPlans[0].visualElements[11].key", "featured_tag_text"): Verify element property value successfully

2023-10-16 14:07:54 - [MESSAGE][PASSED] - Verify element property value successfully

2023-10-16 14:07:54 - [TEST_STEP][PASSED] - verifyElementPropertyValue(getResponse, "offers[13].groups[0].pricingPlans[0].visualElements[11].value", "عرض لمدة محدودة"): Verify element property value successfully

2023-10-16 14:07:54 - [MESSAGE][PASSED] - Verify element property value successfully

2023-10-16 14:07:54 - [TEST_STEP][PASSED] - verifyElementPropertyValue(getResponse, "offers[13].groups[0].pricingPlans[0].visualElements[13].key", "tag_text"): Verify element property value successfully

2023-10-16 14:07:54 - [MESSAGE][PASSED] - Verify element property value successfully

2023-10-16 14:07:54 - [TEST_STEP][PASSED] - verifyElementPropertyValue(getResponse, "offers[13].groups[0].pricingPlans[0].visualElements[13].value", "وفر 50%"): Verify element property value successfully

2023-10-16 14:07:54 - [MESSAGE][PASSED] - Verify element property value successfully

2023-10-16 14:07:54 - [TEST_STEP][PASSED] - verifyElementPropertyValue(getResponse, "offers[13].groups[0].pricingPlans[0].visualElements[12].key", "show_tag"): Verify element property value successfully

2023-10-16 14:07:54 - [MESSAGE][PASSED] - Verify element property value successfully

2023-10-16 14:07:54 - [TEST_STEP][PASSED] - verifyElementPropertyValue(getResponse, "offers[13].groups[0].pricingPlans[0].visualElements[12].value", "true"): Verify element property value successfully

2023-10-16 14:07:54 - [MESSAGE][PASSED] - Verify element property value successfully

2023-10-16 14:07:54 - [TEST_STEP][PASSED] - verifyElementPropertyValue(getResponse, "offers[13].groups[0].pricingPlans[0].pricingPlanData[0].productId", "JOR_B2C_SHAHID_VIP_SPORT_1M"): Verify element property value successfully

2023-10-16 14:07:54 - [MESSAGE][PASSED] - Verify element property value successfully

2023-10-16 14:07:54 - [TEST_STEP][PASSED] - verifyElementPropertyValue(getResponse, "offers[13].groups[0].pricingPlans[0].pricingPlanData[0].paymentMethod", "CREDIT_CARD"): Verify element property value successfully

2023-10-16 14:07:54 - [MESSAGE][PASSED] - Verify element property value successfully

2023-10-16 14:07:54 - [TEST_STEP][PASSED] - verifyElementPropertyValue(getResponse, "offers[13].groups[0].pricingPlans[0].pricingPlanData[0].freeTrialEnabled", "false"): Verify element property value successfully

2023-10-16 14:07:54 - [MESSAGE][PASSED] - Verify element property value successfully

2023-10-16 14:07:54 - [TEST_STEP][PASSED] - verifyElementPropertyValue(getResponse, "offers[13].groups[0].pricingPlans[0].pricingPlanData[0].showIn[0]", "VERTICAL_MODE"): Verify element property value successfully

2023-10-16 14:07:54 - [MESSAGE][PASSED] - Verify element property value successfully

2023-10-16 14:07:54 - [TEST_STEP][PASSED] - verifyElementPropertyValue(getResponse, "offers[13].groups[0].pricingPlans[0].pricingPlanData[0].showIn[1]", "HORIZONTAL_MODE"): Verify element property value successfully

2023-10-16 14:07:54 - [MESSAGE][PASSED] - Verify element property value successfully

2023-10-16 14:07:54 - [TEST_STEP][PASSED] - verifyElementPropertyValue(getResponse, "offers[13].groups[0].pricingPlans[0].pricingPlanData[0].priceLabel", "2.99"): Verify element property value successfully

2023-10-16 14:07:54 - [MESSAGE][PASSED] - Verify element property value successfully

2023-10-16 14:07:54 - [TEST_STEP][PASSED] - verifyElementPropertyValue(getResponse, "offers[13].groups[0].pricingPlans[0].pricingPlanData[0].currencyLabel", "JOD"): Verify element property value successfully

2023-10-16 14:07:54 - [MESSAGE][PASSED] - Verify element property value successfully

2023-10-16 14:07:54 - [TEST_STEP][PASSED] - verifyElementPropertyValue(getResponse, "offers[13].groups[0].pricingPlans[0].pricingPlanData[0].dealId", "BYG_SPORT_50P_JOR"): Verify element property value successfully

2023-10-16 14:07:54 - [MESSAGE][PASSED] - Verify element property value successfully

2023-10-16 14:07:54 - [TEST_STEP][PASSED] - verifyElementPropertyValue(getResponse, "offers[13].groups[0].pricingPlans[0].pricingPlanData[0].allowedForAcquisition", "true"): Verify element property value successfully

2023-10-16 14:07:54 - [MESSAGE][PASSED] - Verify element property value successfully

2023-10-16 14:07:54 - [TEST_STEP][PASSED] - verifyElementPropertyValue(getResponse, "offers[13].groups[0].pricingPlans[0].pricingPlanData[0].visualElements[0].key", "title"): Verify element property value successfully

2023-10-16 14:07:54 - [MESSAGE][PASSED] - Verify element property value successfully

2023-10-16 14:07:54 - [TEST_STEP][PASSED] - verifyElementPropertyValue(getResponse, "offers[13].groups[0].pricingPlans[0].pricingPlanData[0].visualElements[0].value", "البطاقة المصرفية"): Verify element property value successfully

2023-10-16 14:07:54 - [MESSAGE][PASSED] - Verify element property value successfully

2023-10-16 14:07:54 - [TEST_STEP][PASSED] - verifyElementPropertyValue(getResponse, "offers[13].groups[0].pricingPlans[0].pricingPlanData[0].visualElements[1].key", "CTA_text"): Verify element property value successfully

2023-10-16 14:07:54 - [MESSAGE][PASSED] - Verify element property value successfully

2023-10-16 14:07:54 - [TEST_STEP][PASSED] - verifyElementPropertyValue(getResponse, "offers[13].groups[0].pricingPlans[0].pricingPlanData[0].visualElements[1].value", "اشترك"): Verify element property value successfully

2023-10-16 14:07:54 - [MESSAGE][PASSED] - Verify element property value successfully

2023-10-16 14:07:54 - [TEST_STEP][PASSED] - verifyElementPropertyValue(getResponse, "offers[13].groups[0].pricingPlans[0].pricingPlanData[0].visualElements[2].key", "logo"): Verify element property value successfully

2023-10-16 14:07:54 - [MESSAGE][PASSED] - Verify element property value successfully

2023-10-16 14:07:54 - [TEST_STEP][PASSED] - verifyElementPropertyValue(getResponse, "offers[13].groups[0].pricingPlans[0].pricingPlanData[0].visualElements[2].value", "https://static.s3.shahid.mbc.net/widget-images/icons/iconCreditCard.png"): Verify element property value successfully

2023-10-16 14:07:54 - [MESSAGE][PASSED] - Verify element property value successfully]]></system-out>
         <system-err><![CDATA[]]></system-err>
      </testcase>
      <testcase name="Test Cases/WEB - CHROME/JOR PI/WEB_AR_getOffersForJOR_VIP" time="4.314" classname="Test Cases/WEB - CHROME/JOR PI/WEB_AR_getOffersForJOR_VIP" status="PASSED">
         <system-out><![CDATA[2023-10-16 14:07:54 - [TEST_CASE][PASSED] - Test Cases/WEB - CHROME/JOR PI/WEB_AR_getOffersForJOR_VIP: Test Cases/WEB - CHROME/JOR PI/WEB_AR_getOffersForJOR_VIP

2023-10-16 14:07:54 - [TEST_STEP][PASSED] - getResponse = config_files.getConfigFile.getConfig("WEB", "AR", "SHAHID_VIP", "JO", "false"): config_files.getConfigFile.getConfig is PASSED

2023-10-16 14:07:55 - [MESSAGE][INFO] - HAR: /Users/admin/git/shahid-configuration/Reports/20231016_140310/WEB/JOR/20231016_140315/requests/main/5.har

2023-10-16 14:07:55 - [MESSAGE][PASSED] - Send request successfully

2023-10-16 14:07:55 - [MESSAGE][PASSED] - config_files.getConfigFile.getConfig is PASSED

2023-10-16 14:07:55 - [TEST_STEP][PASSED] - verifyResponseStatusCode(getResponse, 200): Verify response status code successfully

2023-10-16 14:07:55 - [MESSAGE][PASSED] - Verify response status code successfully

2023-10-16 14:07:55 - [TEST_STEP][PASSED] - verifyElementPropertyValue(getResponse, "country", "JOR"): Verify element property value successfully

2023-10-16 14:07:55 - [MESSAGE][PASSED] - Verify element property value successfully

2023-10-16 14:07:55 - [TEST_STEP][PASSED] - verifyElementPropertyValue(getResponse, "platform", "[WEB]"): Verify element property value successfully

2023-10-16 14:07:55 - [MESSAGE][PASSED] - Verify element property value successfully

2023-10-16 14:07:55 - [TEST_STEP][PASSED] - verifyElementPropertyValue(getResponse, "offers[0].offerId", "winback-30-offer"): Verify element property value successfully

2023-10-16 14:07:55 - [MESSAGE][PASSED] - Verify element property value successfully

2023-10-16 14:07:55 - [TEST_STEP][PASSED] - verifyElementPropertyValue(getResponse, "offers[0].offerParam", "winback30"): Verify element property value successfully

2023-10-16 14:07:55 - [MESSAGE][PASSED] - Verify element property value successfully

2023-10-16 14:07:55 - [TEST_STEP][PASSED] - verifyElementPropertyValue(getResponse, "offers[0].groups[0].pricingPlans[0].featured", "true"): Verify element property value successfully

2023-10-16 14:07:55 - [MESSAGE][PASSED] - Verify element property value successfully

2023-10-16 14:07:55 - [TEST_STEP][PASSED] - verifyElementPropertyValue(getResponse, "offers[0].groups[0].pricingPlans[0].period", "monthly"): Verify element property value successfully

2023-10-16 14:07:55 - [MESSAGE][PASSED] - Verify element property value successfully

2023-10-16 14:07:55 - [TEST_STEP][PASSED] - verifyElementPropertyValue(getResponse, "offers[0].groups[0].pricingPlans[0].featured", "true"): Verify element property value successfully

2023-10-16 14:07:55 - [MESSAGE][PASSED] - Verify element property value successfully

2023-10-16 14:07:55 - [TEST_STEP][PASSED] - verifyElementPropertyValue(getResponse, "offers[0].groups[0].pricingPlans[0].price", "2.09"): Verify element property value successfully

2023-10-16 14:07:55 - [MESSAGE][PASSED] - Verify element property value successfully

2023-10-16 14:07:55 - [TEST_STEP][PASSED] - verifyElementPropertyValue(getResponse, "offers[0].groups[0].pricingPlans[0].currency", "JOD"): Verify element property value successfully

2023-10-16 14:07:55 - [MESSAGE][PASSED] - Verify element property value successfully

2023-10-16 14:07:55 - [TEST_STEP][PASSED] - verifyElementPropertyValue(getResponse, "offers[0].groups[0].pricingPlans[0].order", "0"): Verify element property value successfully

2023-10-16 14:07:55 - [MESSAGE][PASSED] - Verify element property value successfully

2023-10-16 14:07:55 - [TEST_STEP][PASSED] - verifyElementPropertyValue(getResponse, "offers[0].groups[0].pricingPlans[0].packageId", "SHAHID_VIP"): Verify element property value successfully

2023-10-16 14:07:55 - [MESSAGE][PASSED] - Verify element property value successfully

2023-10-16 14:07:55 - [TEST_STEP][PASSED] - verifyElementPropertyValue(getResponse, "offers[0].groups[0].pricingPlans[0].catalogId", "VIP"): Verify element property value successfully

2023-10-16 14:07:55 - [MESSAGE][PASSED] - Verify element property value successfully

2023-10-16 14:07:55 - [TEST_STEP][PASSED] - verifyElementPropertyValue(getResponse, "offers[0].groups[0].pricingPlans[0].visualElements[0].key", "Header_1_text"): Verify element property value successfully

2023-10-16 14:07:55 - [MESSAGE][PASSED] - Verify element property value successfully

2023-10-16 14:07:55 - [TEST_STEP][PASSED] - verifyElementPropertyValue(getResponse, "offers[0].groups[0].pricingPlans[0].visualElements[0].value", "شاهد أقوى المسلسلات و الأفلام حصرياً دون توقف"): Verify element property value successfully

2023-10-16 14:07:55 - [MESSAGE][PASSED] - Verify element property value successfully

2023-10-16 14:07:55 - [TEST_STEP][PASSED] - verifyElementPropertyValue(getResponse, "offers[0].groups[0].pricingPlans[0].visualElements[1].key", "display_title"): Verify element property value successfully

2023-10-16 14:07:55 - [MESSAGE][PASSED] - Verify element property value successfully

2023-10-16 14:07:55 - [TEST_STEP][PASSED] - verifyElementPropertyValue(getResponse, "offers[0].groups[0].pricingPlans[0].visualElements[1].value", "احصل على خصم 30%"): Verify element property value successfully

2023-10-16 14:07:55 - [MESSAGE][PASSED] - Verify element property value successfully

2023-10-16 14:07:55 - [TEST_STEP][PASSED] - verifyElementPropertyValue(getResponse, "offers[0].groups[0].pricingPlans[0].visualElements[3].key", "deduction_text"): Verify element property value successfully

2023-10-16 14:07:55 - [MESSAGE][PASSED] - Verify element property value successfully

2023-10-16 14:07:55 - [TEST_STEP][PASSED] - verifyElementPropertyValue(getResponse, "offers[0].groups[0].pricingPlans[0].visualElements[3].value", "تدفع شهرياً"): Verify element property value successfully

2023-10-16 14:07:55 - [MESSAGE][PASSED] - Verify element property value successfully

2023-10-16 14:07:55 - [TEST_STEP][PASSED] - verifyElementPropertyValue(getResponse, "offers[0].groups[0].pricingPlans[0].visualElements[6].key", "show_payment_logo"): Verify element property value successfully

2023-10-16 14:07:55 - [MESSAGE][PASSED] - Verify element property value successfully

2023-10-16 14:07:55 - [TEST_STEP][PASSED] - verifyElementPropertyValue(getResponse, "offers[0].groups[0].pricingPlans[0].visualElements[6].value", "true"): Verify element property value successfully

2023-10-16 14:07:55 - [MESSAGE][PASSED] - Verify element property value successfully

2023-10-16 14:07:55 - [TEST_STEP][PASSED] - verifyElementPropertyValue(getResponse, "offers[0].groups[0].pricingPlans[0].visualElements[8].key", "price"): Verify element property value successfully

2023-10-16 14:07:55 - [MESSAGE][PASSED] - Verify element property value successfully

2023-10-16 14:07:55 - [TEST_STEP][PASSED] - verifyElementPropertyValue(getResponse, "offers[0].groups[0].pricingPlans[0].visualElements[8].value", "2.09"): Verify element property value successfully

2023-10-16 14:07:55 - [MESSAGE][PASSED] - Verify element property value successfully

2023-10-16 14:07:55 - [TEST_STEP][PASSED] - verifyElementPropertyValue(getResponse, "offers[0].groups[0].pricingPlans[0].visualElements[9].key", "currency"): Verify element property value successfully

2023-10-16 14:07:55 - [MESSAGE][PASSED] - Verify element property value successfully

2023-10-16 14:07:55 - [TEST_STEP][PASSED] - verifyElementPropertyValue(getResponse, "offers[0].groups[0].pricingPlans[0].visualElements[9].value", "JOD"): Verify element property value successfully

2023-10-16 14:07:55 - [MESSAGE][PASSED] - Verify element property value successfully

2023-10-16 14:07:55 - [TEST_STEP][PASSED] - verifyElementPropertyValue(getResponse, "offers[0].groups[0].pricingPlans[0].visualElements[10].key", "duration"): Verify element property value successfully

2023-10-16 14:07:55 - [MESSAGE][PASSED] - Verify element property value successfully

2023-10-16 14:07:55 - [TEST_STEP][PASSED] - verifyElementPropertyValue(getResponse, "offers[0].groups[0].pricingPlans[0].visualElements[10].value", "شهرياً"): Verify element property value successfully

2023-10-16 14:07:55 - [MESSAGE][PASSED] - Verify element property value successfully

2023-10-16 14:07:55 - [TEST_STEP][PASSED] - verifyElementPropertyValue(getResponse, "offers[0].groups[0].pricingPlans[0].visualElements[11].key", "featured_tag_text"): Verify element property value successfully

2023-10-16 14:07:55 - [MESSAGE][PASSED] - Verify element property value successfully

2023-10-16 14:07:55 - [TEST_STEP][PASSED] - verifyElementPropertyValue(getResponse, "offers[0].groups[0].pricingPlans[0].visualElements[11].value", "عرض لمدة محدودة"): Verify element property value successfully

2023-10-16 14:07:55 - [MESSAGE][PASSED] - Verify element property value successfully

2023-10-16 14:07:55 - [TEST_STEP][PASSED] - verifyElementPropertyValue(getResponse, "offers[0].groups[0].pricingPlans[0].visualElements[13].key", "tag_text"): Verify element property value successfully

2023-10-16 14:07:55 - [MESSAGE][PASSED] - Verify element property value successfully

2023-10-16 14:07:55 - [TEST_STEP][PASSED] - verifyElementPropertyValue(getResponse, "offers[0].groups[0].pricingPlans[0].visualElements[13].value", "وفر 30%"): Verify element property value successfully

2023-10-16 14:07:55 - [MESSAGE][PASSED] - Verify element property value successfully

2023-10-16 14:07:55 - [TEST_STEP][PASSED] - verifyElementPropertyValue(getResponse, "offers[0].groups[0].pricingPlans[0].visualElements[12].key", "show_tag"): Verify element property value successfully

2023-10-16 14:07:55 - [MESSAGE][PASSED] - Verify element property value successfully

2023-10-16 14:07:55 - [TEST_STEP][PASSED] - verifyElementPropertyValue(getResponse, "offers[0].groups[0].pricingPlans[0].visualElements[12].value", "true"): Verify element property value successfully

2023-10-16 14:07:55 - [MESSAGE][PASSED] - Verify element property value successfully

2023-10-16 14:07:55 - [TEST_STEP][PASSED] - verifyElementPropertyValue(getResponse, "offers[0].groups[0].pricingPlans[0].pricingPlanData[0].productId", "JOR_B2C_SHAHID_VIP_1M"): Verify element property value successfully

2023-10-16 14:07:55 - [MESSAGE][PASSED] - Verify element property value successfully

2023-10-16 14:07:55 - [TEST_STEP][PASSED] - verifyElementPropertyValue(getResponse, "offers[0].groups[0].pricingPlans[0].pricingPlanData[0].paymentMethod", "CREDIT_CARD"): Verify element property value successfully

2023-10-16 14:07:55 - [MESSAGE][PASSED] - Verify element property value successfully

2023-10-16 14:07:55 - [TEST_STEP][PASSED] - verifyElementPropertyValue(getResponse, "offers[0].groups[0].pricingPlans[0].pricingPlanData[0].freeTrialEnabled", "false"): Verify element property value successfully

2023-10-16 14:07:55 - [MESSAGE][PASSED] - Verify element property value successfully

2023-10-16 14:07:55 - [TEST_STEP][PASSED] - verifyElementPropertyValue(getResponse, "offers[0].groups[0].pricingPlans[0].pricingPlanData[0].showIn[0]", "VERTICAL_MODE"): Verify element property value successfully

2023-10-16 14:07:55 - [MESSAGE][PASSED] - Verify element property value successfully

2023-10-16 14:07:55 - [TEST_STEP][PASSED] - verifyElementPropertyValue(getResponse, "offers[0].groups[0].pricingPlans[0].pricingPlanData[0].showIn[1]", "HORIZONTAL_MODE"): Verify element property value successfully

2023-10-16 14:07:55 - [MESSAGE][PASSED] - Verify element property value successfully

2023-10-16 14:07:55 - [TEST_STEP][PASSED] - verifyElementPropertyValue(getResponse, "offers[0].groups[0].pricingPlans[0].pricingPlanData[0].priceLabel", "2.09"): Verify element property value successfully

2023-10-16 14:07:55 - [MESSAGE][PASSED] - Verify element property value successfully

2023-10-16 14:07:55 - [TEST_STEP][PASSED] - verifyElementPropertyValue(getResponse, "offers[0].groups[0].pricingPlans[0].pricingPlanData[0].currencyLabel", "JOD"): Verify element property value successfully

2023-10-16 14:07:55 - [MESSAGE][PASSED] - Verify element property value successfully

2023-10-16 14:07:55 - [TEST_STEP][PASSED] - verifyElementPropertyValue(getResponse, "offers[0].groups[0].pricingPlans[0].pricingPlanData[0].dealId", "RE_30P_JOR"): Verify element property value successfully

2023-10-16 14:07:55 - [MESSAGE][PASSED] - Verify element property value successfully

2023-10-16 14:07:55 - [TEST_STEP][PASSED] - verifyElementPropertyValue(getResponse, "offers[0].groups[0].pricingPlans[0].pricingPlanData[0].allowedForAcquisition", "true"): Verify element property value successfully

2023-10-16 14:07:55 - [MESSAGE][PASSED] - Verify element property value successfully

2023-10-16 14:07:55 - [TEST_STEP][PASSED] - verifyElementPropertyValue(getResponse, "offers[0].groups[0].pricingPlans[0].pricingPlanData[0].visualElements[0].key", "title"): Verify element property value successfully

2023-10-16 14:07:55 - [MESSAGE][PASSED] - Verify element property value successfully

2023-10-16 14:07:55 - [TEST_STEP][PASSED] - verifyElementPropertyValue(getResponse, "offers[0].groups[0].pricingPlans[0].pricingPlanData[0].visualElements[0].value", "البطاقة المصرفية"): Verify element property value successfully

2023-10-16 14:07:55 - [MESSAGE][PASSED] - Verify element property value successfully

2023-10-16 14:07:55 - [TEST_STEP][PASSED] - verifyElementPropertyValue(getResponse, "offers[0].groups[0].pricingPlans[0].pricingPlanData[0].visualElements[1].key", "CTA_text"): Verify element property value successfully

2023-10-16 14:07:55 - [MESSAGE][PASSED] - Verify element property value successfully

2023-10-16 14:07:55 - [TEST_STEP][PASSED] - verifyElementPropertyValue(getResponse, "offers[0].groups[0].pricingPlans[0].pricingPlanData[0].visualElements[1].value", "اشترك"): Verify element property value successfully

2023-10-16 14:07:55 - [MESSAGE][PASSED] - Verify element property value successfully

2023-10-16 14:07:55 - [TEST_STEP][PASSED] - verifyElementPropertyValue(getResponse, "offers[0].groups[0].pricingPlans[0].pricingPlanData[0].visualElements[2].key", "logo"): Verify element property value successfully

2023-10-16 14:07:55 - [MESSAGE][PASSED] - Verify element property value successfully

2023-10-16 14:07:55 - [TEST_STEP][PASSED] - verifyElementPropertyValue(getResponse, "offers[0].groups[0].pricingPlans[0].pricingPlanData[0].visualElements[2].value", "https://static.s3.shahid.mbc.net/widget-images/icons/iconCreditCard.png"): Verify element property value successfully

2023-10-16 14:07:55 - [MESSAGE][PASSED] - Verify element property value successfully

2023-10-16 14:07:55 - [TEST_STEP][PASSED] - verifyElementPropertyValue(getResponse, "offers[1].offerId", "winback-40-offer"): Verify element property value successfully

2023-10-16 14:07:55 - [MESSAGE][PASSED] - Verify element property value successfully

2023-10-16 14:07:55 - [TEST_STEP][PASSED] - verifyElementPropertyValue(getResponse, "offers[1].offerParam", "winback40"): Verify element property value successfully

2023-10-16 14:07:55 - [MESSAGE][PASSED] - Verify element property value successfully

2023-10-16 14:07:55 - [TEST_STEP][PASSED] - verifyElementPropertyValue(getResponse, "offers[1].groups[0].pricingPlans[0].featured", "true"): Verify element property value successfully

2023-10-16 14:07:55 - [MESSAGE][PASSED] - Verify element property value successfully

2023-10-16 14:07:55 - [TEST_STEP][PASSED] - verifyElementPropertyValue(getResponse, "offers[1].groups[0].pricingPlans[0].period", "monthly"): Verify element property value successfully

2023-10-16 14:07:55 - [MESSAGE][PASSED] - Verify element property value successfully

2023-10-16 14:07:55 - [TEST_STEP][PASSED] - verifyElementPropertyValue(getResponse, "offers[1].groups[0].pricingPlans[0].featured", "true"): Verify element property value successfully

2023-10-16 14:07:55 - [MESSAGE][PASSED] - Verify element property value successfully

2023-10-16 14:07:55 - [TEST_STEP][PASSED] - verifyElementPropertyValue(getResponse, "offers[1].groups[0].pricingPlans[0].price", "1.79"): Verify element property value successfully

2023-10-16 14:07:55 - [MESSAGE][PASSED] - Verify element property value successfully

2023-10-16 14:07:55 - [TEST_STEP][PASSED] - verifyElementPropertyValue(getResponse, "offers[1].groups[0].pricingPlans[0].currency", "JOD"): Verify element property value successfully

2023-10-16 14:07:55 - [MESSAGE][PASSED] - Verify element property value successfully

2023-10-16 14:07:55 - [TEST_STEP][PASSED] - verifyElementPropertyValue(getResponse, "offers[1].groups[0].pricingPlans[0].order", "0"): Verify element property value successfully

2023-10-16 14:07:55 - [MESSAGE][PASSED] - Verify element property value successfully

2023-10-16 14:07:55 - [TEST_STEP][PASSED] - verifyElementPropertyValue(getResponse, "offers[1].groups[0].pricingPlans[0].packageId", "SHAHID_VIP"): Verify element property value successfully

2023-10-16 14:07:55 - [MESSAGE][PASSED] - Verify element property value successfully

2023-10-16 14:07:55 - [TEST_STEP][PASSED] - verifyElementPropertyValue(getResponse, "offers[1].groups[0].pricingPlans[0].catalogId", "VIP"): Verify element property value successfully

2023-10-16 14:07:55 - [MESSAGE][PASSED] - Verify element property value successfully

2023-10-16 14:07:55 - [TEST_STEP][PASSED] - verifyElementPropertyValue(getResponse, "offers[1].groups[0].pricingPlans[0].visualElements[0].key", "Header_1_text"): Verify element property value successfully

2023-10-16 14:07:55 - [MESSAGE][PASSED] - Verify element property value successfully

2023-10-16 14:07:55 - [TEST_STEP][PASSED] - verifyElementPropertyValue(getResponse, "offers[1].groups[0].pricingPlans[0].visualElements[0].value", "شاهد أقوى المسلسلات و الأفلام حصرياً دون توقف"): Verify element property value successfully

2023-10-16 14:07:55 - [MESSAGE][PASSED] - Verify element property value successfully

2023-10-16 14:07:55 - [TEST_STEP][PASSED] - verifyElementPropertyValue(getResponse, "offers[1].groups[0].pricingPlans[0].visualElements[1].key", "display_title"): Verify element property value successfully

2023-10-16 14:07:55 - [MESSAGE][PASSED] - Verify element property value successfully

2023-10-16 14:07:55 - [TEST_STEP][PASSED] - verifyElementPropertyValue(getResponse, "offers[1].groups[0].pricingPlans[0].visualElements[1].value", "احصل على خصم 40%"): Verify element property value successfully

2023-10-16 14:07:55 - [MESSAGE][PASSED] - Verify element property value successfully

2023-10-16 14:07:55 - [TEST_STEP][PASSED] - verifyElementPropertyValue(getResponse, "offers[1].groups[0].pricingPlans[0].visualElements[3].key", "deduction_text"): Verify element property value successfully

2023-10-16 14:07:55 - [MESSAGE][PASSED] - Verify element property value successfully

2023-10-16 14:07:55 - [TEST_STEP][PASSED] - verifyElementPropertyValue(getResponse, "offers[1].groups[0].pricingPlans[0].visualElements[3].value", "تدفع شهرياً"): Verify element property value successfully

2023-10-16 14:07:55 - [MESSAGE][PASSED] - Verify element property value successfully

2023-10-16 14:07:55 - [TEST_STEP][PASSED] - verifyElementPropertyValue(getResponse, "offers[1].groups[0].pricingPlans[0].visualElements[6].key", "show_payment_logo"): Verify element property value successfully

2023-10-16 14:07:56 - [MESSAGE][PASSED] - Verify element property value successfully

2023-10-16 14:07:56 - [TEST_STEP][PASSED] - verifyElementPropertyValue(getResponse, "offers[1].groups[0].pricingPlans[0].visualElements[6].value", "true"): Verify element property value successfully

2023-10-16 14:07:56 - [MESSAGE][PASSED] - Verify element property value successfully

2023-10-16 14:07:56 - [TEST_STEP][PASSED] - verifyElementPropertyValue(getResponse, "offers[1].groups[0].pricingPlans[0].visualElements[8].key", "price"): Verify element property value successfully

2023-10-16 14:07:56 - [MESSAGE][PASSED] - Verify element property value successfully

2023-10-16 14:07:56 - [TEST_STEP][PASSED] - verifyElementPropertyValue(getResponse, "offers[1].groups[0].pricingPlans[0].visualElements[8].value", "1.79"): Verify element property value successfully

2023-10-16 14:07:56 - [MESSAGE][PASSED] - Verify element property value successfully

2023-10-16 14:07:56 - [TEST_STEP][PASSED] - verifyElementPropertyValue(getResponse, "offers[1].groups[0].pricingPlans[0].visualElements[9].key", "currency"): Verify element property value successfully

2023-10-16 14:07:56 - [MESSAGE][PASSED] - Verify element property value successfully

2023-10-16 14:07:56 - [TEST_STEP][PASSED] - verifyElementPropertyValue(getResponse, "offers[1].groups[0].pricingPlans[0].visualElements[9].value", "JOD"): Verify element property value successfully

2023-10-16 14:07:56 - [MESSAGE][PASSED] - Verify element property value successfully

2023-10-16 14:07:56 - [TEST_STEP][PASSED] - verifyElementPropertyValue(getResponse, "offers[1].groups[0].pricingPlans[0].visualElements[10].key", "duration"): Verify element property value successfully

2023-10-16 14:07:56 - [MESSAGE][PASSED] - Verify element property value successfully

2023-10-16 14:07:56 - [TEST_STEP][PASSED] - verifyElementPropertyValue(getResponse, "offers[1].groups[0].pricingPlans[0].visualElements[10].value", "شهرياً"): Verify element property value successfully

2023-10-16 14:07:56 - [MESSAGE][PASSED] - Verify element property value successfully

2023-10-16 14:07:56 - [TEST_STEP][PASSED] - verifyElementPropertyValue(getResponse, "offers[1].groups[0].pricingPlans[0].visualElements[11].key", "featured_tag_text"): Verify element property value successfully

2023-10-16 14:07:56 - [MESSAGE][PASSED] - Verify element property value successfully

2023-10-16 14:07:56 - [TEST_STEP][PASSED] - verifyElementPropertyValue(getResponse, "offers[1].groups[0].pricingPlans[0].visualElements[11].value", "عرض لمدة محدودة"): Verify element property value successfully

2023-10-16 14:07:56 - [MESSAGE][PASSED] - Verify element property value successfully

2023-10-16 14:07:56 - [TEST_STEP][PASSED] - verifyElementPropertyValue(getResponse, "offers[1].groups[0].pricingPlans[0].visualElements[13].key", "tag_text"): Verify element property value successfully

2023-10-16 14:07:56 - [MESSAGE][PASSED] - Verify element property value successfully

2023-10-16 14:07:56 - [TEST_STEP][PASSED] - verifyElementPropertyValue(getResponse, "offers[1].groups[0].pricingPlans[0].visualElements[13].value", "وفر 40%"): Verify element property value successfully

2023-10-16 14:07:56 - [MESSAGE][PASSED] - Verify element property value successfully

2023-10-16 14:07:56 - [TEST_STEP][PASSED] - verifyElementPropertyValue(getResponse, "offers[1].groups[0].pricingPlans[0].visualElements[12].key", "show_tag"): Verify element property value successfully

2023-10-16 14:07:56 - [MESSAGE][PASSED] - Verify element property value successfully

2023-10-16 14:07:56 - [TEST_STEP][PASSED] - verifyElementPropertyValue(getResponse, "offers[1].groups[0].pricingPlans[0].visualElements[12].value", "true"): Verify element property value successfully

2023-10-16 14:07:56 - [MESSAGE][PASSED] - Verify element property value successfully

2023-10-16 14:07:56 - [TEST_STEP][PASSED] - verifyElementPropertyValue(getResponse, "offers[1].groups[0].pricingPlans[0].pricingPlanData[0].productId", "JOR_B2C_SHAHID_VIP_1M"): Verify element property value successfully

2023-10-16 14:07:56 - [MESSAGE][PASSED] - Verify element property value successfully

2023-10-16 14:07:56 - [TEST_STEP][PASSED] - verifyElementPropertyValue(getResponse, "offers[1].groups[0].pricingPlans[0].pricingPlanData[0].paymentMethod", "CREDIT_CARD"): Verify element property value successfully

2023-10-16 14:07:56 - [MESSAGE][PASSED] - Verify element property value successfully

2023-10-16 14:07:56 - [TEST_STEP][PASSED] - verifyElementPropertyValue(getResponse, "offers[1].groups[0].pricingPlans[0].pricingPlanData[0].freeTrialEnabled", "false"): Verify element property value successfully

2023-10-16 14:07:56 - [MESSAGE][PASSED] - Verify element property value successfully

2023-10-16 14:07:56 - [TEST_STEP][PASSED] - verifyElementPropertyValue(getResponse, "offers[1].groups[0].pricingPlans[0].pricingPlanData[0].showIn[0]", "VERTICAL_MODE"): Verify element property value successfully

2023-10-16 14:07:56 - [MESSAGE][PASSED] - Verify element property value successfully

2023-10-16 14:07:56 - [TEST_STEP][PASSED] - verifyElementPropertyValue(getResponse, "offers[1].groups[0].pricingPlans[0].pricingPlanData[0].showIn[1]", "HORIZONTAL_MODE"): Verify element property value successfully

2023-10-16 14:07:56 - [MESSAGE][PASSED] - Verify element property value successfully

2023-10-16 14:07:56 - [TEST_STEP][PASSED] - verifyElementPropertyValue(getResponse, "offers[1].groups[0].pricingPlans[0].pricingPlanData[0].priceLabel", "1.79"): Verify element property value successfully

2023-10-16 14:07:56 - [MESSAGE][PASSED] - Verify element property value successfully

2023-10-16 14:07:56 - [TEST_STEP][PASSED] - verifyElementPropertyValue(getResponse, "offers[1].groups[0].pricingPlans[0].pricingPlanData[0].currencyLabel", "JOD"): Verify element property value successfully

2023-10-16 14:07:56 - [MESSAGE][PASSED] - Verify element property value successfully

2023-10-16 14:07:56 - [TEST_STEP][PASSED] - verifyElementPropertyValue(getResponse, "offers[1].groups[0].pricingPlans[0].pricingPlanData[0].dealId", "RE_40P_JOR"): Verify element property value successfully

2023-10-16 14:07:56 - [MESSAGE][PASSED] - Verify element property value successfully

2023-10-16 14:07:56 - [TEST_STEP][PASSED] - verifyElementPropertyValue(getResponse, "offers[1].groups[0].pricingPlans[0].pricingPlanData[0].allowedForAcquisition", "true"): Verify element property value successfully

2023-10-16 14:07:56 - [MESSAGE][PASSED] - Verify element property value successfully

2023-10-16 14:07:56 - [TEST_STEP][PASSED] - verifyElementPropertyValue(getResponse, "offers[1].groups[0].pricingPlans[0].pricingPlanData[0].visualElements[0].key", "title"): Verify element property value successfully

2023-10-16 14:07:56 - [MESSAGE][PASSED] - Verify element property value successfully

2023-10-16 14:07:56 - [TEST_STEP][PASSED] - verifyElementPropertyValue(getResponse, "offers[1].groups[0].pricingPlans[0].pricingPlanData[0].visualElements[0].value", "البطاقة المصرفية"): Verify element property value successfully

2023-10-16 14:07:56 - [MESSAGE][PASSED] - Verify element property value successfully

2023-10-16 14:07:56 - [TEST_STEP][PASSED] - verifyElementPropertyValue(getResponse, "offers[1].groups[0].pricingPlans[0].pricingPlanData[0].visualElements[1].key", "CTA_text"): Verify element property value successfully

2023-10-16 14:07:56 - [MESSAGE][PASSED] - Verify element property value successfully

2023-10-16 14:07:56 - [TEST_STEP][PASSED] - verifyElementPropertyValue(getResponse, "offers[1].groups[0].pricingPlans[0].pricingPlanData[0].visualElements[1].value", "اشترك"): Verify element property value successfully

2023-10-16 14:07:56 - [MESSAGE][PASSED] - Verify element property value successfully

2023-10-16 14:07:57 - [TEST_STEP][PASSED] - verifyElementPropertyValue(getResponse, "offers[1].groups[0].pricingPlans[0].pricingPlanData[0].visualElements[2].key", "logo"): Verify element property value successfully

2023-10-16 14:07:57 - [MESSAGE][PASSED] - Verify element property value successfully

2023-10-16 14:07:57 - [TEST_STEP][PASSED] - verifyElementPropertyValue(getResponse, "offers[1].groups[0].pricingPlans[0].pricingPlanData[0].visualElements[2].value", "https://static.s3.shahid.mbc.net/widget-images/icons/iconCreditCard.png"): Verify element property value successfully

2023-10-16 14:07:57 - [MESSAGE][PASSED] - Verify element property value successfully

2023-10-16 14:07:57 - [TEST_STEP][PASSED] - verifyElementPropertyValue(getResponse, "offers[2].offerId", "winback-50-offer"): Verify element property value successfully

2023-10-16 14:07:57 - [MESSAGE][PASSED] - Verify element property value successfully

2023-10-16 14:07:57 - [TEST_STEP][PASSED] - verifyElementPropertyValue(getResponse, "offers[2].offerParam", "winback50"): Verify element property value successfully

2023-10-16 14:07:57 - [MESSAGE][PASSED] - Verify element property value successfully

2023-10-16 14:07:57 - [TEST_STEP][PASSED] - verifyElementPropertyValue(getResponse, "offers[2].groups[0].pricingPlans[0].featured", "true"): Verify element property value successfully

2023-10-16 14:07:57 - [MESSAGE][PASSED] - Verify element property value successfully

2023-10-16 14:07:57 - [TEST_STEP][PASSED] - verifyElementPropertyValue(getResponse, "offers[2].groups[0].pricingPlans[0].period", "monthly"): Verify element property value successfully

2023-10-16 14:07:57 - [MESSAGE][PASSED] - Verify element property value successfully

2023-10-16 14:07:57 - [TEST_STEP][PASSED] - verifyElementPropertyValue(getResponse, "offers[2].groups[0].pricingPlans[0].featured", "true"): Verify element property value successfully

2023-10-16 14:07:57 - [MESSAGE][PASSED] - Verify element property value successfully

2023-10-16 14:07:57 - [TEST_STEP][PASSED] - verifyElementPropertyValue(getResponse, "offers[2].groups[0].pricingPlans[0].price", "1.49"): Verify element property value successfully

2023-10-16 14:07:57 - [MESSAGE][PASSED] - Verify element property value successfully

2023-10-16 14:07:57 - [TEST_STEP][PASSED] - verifyElementPropertyValue(getResponse, "offers[2].groups[0].pricingPlans[0].currency", "JOD"): Verify element property value successfully

2023-10-16 14:07:57 - [MESSAGE][PASSED] - Verify element property value successfully

2023-10-16 14:07:57 - [TEST_STEP][PASSED] - verifyElementPropertyValue(getResponse, "offers[2].groups[0].pricingPlans[0].order", "0"): Verify element property value successfully

2023-10-16 14:07:57 - [MESSAGE][PASSED] - Verify element property value successfully

2023-10-16 14:07:57 - [TEST_STEP][PASSED] - verifyElementPropertyValue(getResponse, "offers[2].groups[0].pricingPlans[0].packageId", "SHAHID_VIP"): Verify element property value successfully

2023-10-16 14:07:57 - [MESSAGE][PASSED] - Verify element property value successfully

2023-10-16 14:07:57 - [TEST_STEP][PASSED] - verifyElementPropertyValue(getResponse, "offers[2].groups[0].pricingPlans[0].catalogId", "VIP"): Verify element property value successfully

2023-10-16 14:07:57 - [MESSAGE][PASSED] - Verify element property value successfully

2023-10-16 14:07:57 - [TEST_STEP][PASSED] - verifyElementPropertyValue(getResponse, "offers[2].groups[0].pricingPlans[0].visualElements[0].key", "Header_1_text"): Verify element property value successfully

2023-10-16 14:07:57 - [MESSAGE][PASSED] - Verify element property value successfully

2023-10-16 14:07:57 - [TEST_STEP][PASSED] - verifyElementPropertyValue(getResponse, "offers[2].groups[0].pricingPlans[0].visualElements[0].value", "شاهد أقوى المسلسلات و الأفلام حصرياً دون توقف"): Verify element property value successfully

2023-10-16 14:07:57 - [MESSAGE][PASSED] - Verify element property value successfully

2023-10-16 14:07:57 - [TEST_STEP][PASSED] - verifyElementPropertyValue(getResponse, "offers[2].groups[0].pricingPlans[0].visualElements[1].key", "display_title"): Verify element property value successfully

2023-10-16 14:07:57 - [MESSAGE][PASSED] - Verify element property value successfully

2023-10-16 14:07:57 - [TEST_STEP][PASSED] - verifyElementPropertyValue(getResponse, "offers[2].groups[0].pricingPlans[0].visualElements[1].value", "احصل على خصم 50%"): Verify element property value successfully

2023-10-16 14:07:57 - [MESSAGE][PASSED] - Verify element property value successfully

2023-10-16 14:07:57 - [TEST_STEP][PASSED] - verifyElementPropertyValue(getResponse, "offers[2].groups[0].pricingPlans[0].visualElements[3].key", "deduction_text"): Verify element property value successfully

2023-10-16 14:07:57 - [MESSAGE][PASSED] - Verify element property value successfully

2023-10-16 14:07:57 - [TEST_STEP][PASSED] - verifyElementPropertyValue(getResponse, "offers[2].groups[0].pricingPlans[0].visualElements[3].value", "تدفع شهرياً"): Verify element property value successfully

2023-10-16 14:07:57 - [MESSAGE][PASSED] - Verify element property value successfully

2023-10-16 14:07:57 - [TEST_STEP][PASSED] - verifyElementPropertyValue(getResponse, "offers[2].groups[0].pricingPlans[0].visualElements[6].key", "show_payment_logo"): Verify element property value successfully

2023-10-16 14:07:57 - [MESSAGE][PASSED] - Verify element property value successfully

2023-10-16 14:07:57 - [TEST_STEP][PASSED] - verifyElementPropertyValue(getResponse, "offers[2].groups[0].pricingPlans[0].visualElements[6].value", "true"): Verify element property value successfully

2023-10-16 14:07:57 - [MESSAGE][PASSED] - Verify element property value successfully

2023-10-16 14:07:57 - [TEST_STEP][PASSED] - verifyElementPropertyValue(getResponse, "offers[2].groups[0].pricingPlans[0].visualElements[8].key", "price"): Verify element property value successfully

2023-10-16 14:07:57 - [MESSAGE][PASSED] - Verify element property value successfully

2023-10-16 14:07:57 - [TEST_STEP][PASSED] - verifyElementPropertyValue(getResponse, "offers[2].groups[0].pricingPlans[0].visualElements[8].value", "1.49"): Verify element property value successfully

2023-10-16 14:07:57 - [MESSAGE][PASSED] - Verify element property value successfully

2023-10-16 14:07:57 - [TEST_STEP][PASSED] - verifyElementPropertyValue(getResponse, "offers[2].groups[0].pricingPlans[0].visualElements[9].key", "currency"): Verify element property value successfully

2023-10-16 14:07:57 - [MESSAGE][PASSED] - Verify element property value successfully

2023-10-16 14:07:57 - [TEST_STEP][PASSED] - verifyElementPropertyValue(getResponse, "offers[2].groups[0].pricingPlans[0].visualElements[9].value", "JOD"): Verify element property value successfully

2023-10-16 14:07:57 - [MESSAGE][PASSED] - Verify element property value successfully

2023-10-16 14:07:57 - [TEST_STEP][PASSED] - verifyElementPropertyValue(getResponse, "offers[2].groups[0].pricingPlans[0].visualElements[10].key", "duration"): Verify element property value successfully

2023-10-16 14:07:57 - [MESSAGE][PASSED] - Verify element property value successfully

2023-10-16 14:07:57 - [TEST_STEP][PASSED] - verifyElementPropertyValue(getResponse, "offers[2].groups[0].pricingPlans[0].visualElements[10].value", "شهرياً"): Verify element property value successfully

2023-10-16 14:07:57 - [MESSAGE][PASSED] - Verify element property value successfully

2023-10-16 14:07:57 - [TEST_STEP][PASSED] - verifyElementPropertyValue(getResponse, "offers[2].groups[0].pricingPlans[0].visualElements[11].key", "featured_tag_text"): Verify element property value successfully

2023-10-16 14:07:57 - [MESSAGE][PASSED] - Verify element property value successfully

2023-10-16 14:07:57 - [TEST_STEP][PASSED] - verifyElementPropertyValue(getResponse, "offers[2].groups[0].pricingPlans[0].visualElements[11].value", "عرض لمدة محدودة"): Verify element property value successfully

2023-10-16 14:07:57 - [MESSAGE][PASSED] - Verify element property value successfully

2023-10-16 14:07:57 - [TEST_STEP][PASSED] - verifyElementPropertyValue(getResponse, "offers[2].groups[0].pricingPlans[0].visualElements[13].key", "tag_text"): Verify element property value successfully

2023-10-16 14:07:57 - [MESSAGE][PASSED] - Verify element property value successfully

2023-10-16 14:07:57 - [TEST_STEP][PASSED] - verifyElementPropertyValue(getResponse, "offers[2].groups[0].pricingPlans[0].visualElements[13].value", "وفر 50%"): Verify element property value successfully

2023-10-16 14:07:57 - [MESSAGE][PASSED] - Verify element property value successfully

2023-10-16 14:07:57 - [TEST_STEP][PASSED] - verifyElementPropertyValue(getResponse, "offers[2].groups[0].pricingPlans[0].visualElements[12].key", "show_tag"): Verify element property value successfully

2023-10-16 14:07:57 - [MESSAGE][PASSED] - Verify element property value successfully

2023-10-16 14:07:57 - [TEST_STEP][PASSED] - verifyElementPropertyValue(getResponse, "offers[2].groups[0].pricingPlans[0].visualElements[12].value", "true"): Verify element property value successfully

2023-10-16 14:07:57 - [MESSAGE][PASSED] - Verify element property value successfully

2023-10-16 14:07:57 - [TEST_STEP][PASSED] - verifyElementPropertyValue(getResponse, "offers[2].groups[0].pricingPlans[0].pricingPlanData[0].productId", "JOR_B2C_SHAHID_VIP_1M"): Verify element property value successfully

2023-10-16 14:07:57 - [MESSAGE][PASSED] - Verify element property value successfully

2023-10-16 14:07:57 - [TEST_STEP][PASSED] - verifyElementPropertyValue(getResponse, "offers[2].groups[0].pricingPlans[0].pricingPlanData[0].paymentMethod", "CREDIT_CARD"): Verify element property value successfully

2023-10-16 14:07:57 - [MESSAGE][PASSED] - Verify element property value successfully

2023-10-16 14:07:57 - [TEST_STEP][PASSED] - verifyElementPropertyValue(getResponse, "offers[2].groups[0].pricingPlans[0].pricingPlanData[0].freeTrialEnabled", "false"): Verify element property value successfully

2023-10-16 14:07:57 - [MESSAGE][PASSED] - Verify element property value successfully

2023-10-16 14:07:57 - [TEST_STEP][PASSED] - verifyElementPropertyValue(getResponse, "offers[2].groups[0].pricingPlans[0].pricingPlanData[0].showIn[0]", "VERTICAL_MODE"): Verify element property value successfully

2023-10-16 14:07:57 - [MESSAGE][PASSED] - Verify element property value successfully

2023-10-16 14:07:57 - [TEST_STEP][PASSED] - verifyElementPropertyValue(getResponse, "offers[2].groups[0].pricingPlans[0].pricingPlanData[0].showIn[1]", "HORIZONTAL_MODE"): Verify element property value successfully

2023-10-16 14:07:57 - [MESSAGE][PASSED] - Verify element property value successfully

2023-10-16 14:07:57 - [TEST_STEP][PASSED] - verifyElementPropertyValue(getResponse, "offers[2].groups[0].pricingPlans[0].pricingPlanData[0].priceLabel", "1.49"): Verify element property value successfully

2023-10-16 14:07:57 - [MESSAGE][PASSED] - Verify element property value successfully

2023-10-16 14:07:57 - [TEST_STEP][PASSED] - verifyElementPropertyValue(getResponse, "offers[2].groups[0].pricingPlans[0].pricingPlanData[0].currencyLabel", "JOD"): Verify element property value successfully

2023-10-16 14:07:57 - [MESSAGE][PASSED] - Verify element property value successfully

2023-10-16 14:07:57 - [TEST_STEP][PASSED] - verifyElementPropertyValue(getResponse, "offers[2].groups[0].pricingPlans[0].pricingPlanData[0].dealId", "RE_50P_JOR"): Verify element property value successfully

2023-10-16 14:07:57 - [MESSAGE][PASSED] - Verify element property value successfully

2023-10-16 14:07:57 - [TEST_STEP][PASSED] - verifyElementPropertyValue(getResponse, "offers[2].groups[0].pricingPlans[0].pricingPlanData[0].allowedForAcquisition", "true"): Verify element property value successfully

2023-10-16 14:07:57 - [MESSAGE][PASSED] - Verify element property value successfully

2023-10-16 14:07:57 - [TEST_STEP][PASSED] - verifyElementPropertyValue(getResponse, "offers[2].groups[0].pricingPlans[0].pricingPlanData[0].visualElements[0].key", "title"): Verify element property value successfully

2023-10-16 14:07:57 - [MESSAGE][PASSED] - Verify element property value successfully

2023-10-16 14:07:57 - [TEST_STEP][PASSED] - verifyElementPropertyValue(getResponse, "offers[2].groups[0].pricingPlans[0].pricingPlanData[0].visualElements[0].value", "البطاقة المصرفية"): Verify element property value successfully

2023-10-16 14:07:57 - [MESSAGE][PASSED] - Verify element property value successfully

2023-10-16 14:07:57 - [TEST_STEP][PASSED] - verifyElementPropertyValue(getResponse, "offers[2].groups[0].pricingPlans[0].pricingPlanData[0].visualElements[1].key", "CTA_text"): Verify element property value successfully

2023-10-16 14:07:57 - [MESSAGE][PASSED] - Verify element property value successfully

2023-10-16 14:07:57 - [TEST_STEP][PASSED] - verifyElementPropertyValue(getResponse, "offers[2].groups[0].pricingPlans[0].pricingPlanData[0].visualElements[1].value", "اشترك"): Verify element property value successfully

2023-10-16 14:07:57 - [MESSAGE][PASSED] - Verify element property value successfully

2023-10-16 14:07:57 - [TEST_STEP][PASSED] - verifyElementPropertyValue(getResponse, "offers[2].groups[0].pricingPlans[0].pricingPlanData[0].visualElements[2].key", "logo"): Verify element property value successfully

2023-10-16 14:07:57 - [MESSAGE][PASSED] - Verify element property value successfully

2023-10-16 14:07:57 - [TEST_STEP][PASSED] - verifyElementPropertyValue(getResponse, "offers[2].groups[0].pricingPlans[0].pricingPlanData[0].visualElements[2].value", "https://static.s3.shahid.mbc.net/widget-images/icons/iconCreditCard.png"): Verify element property value successfully

2023-10-16 14:07:57 - [MESSAGE][PASSED] - Verify element property value successfully

2023-10-16 14:07:57 - [TEST_STEP][PASSED] - verifyElementPropertyValue(getResponse, "offers[8].offerId", "byg-30-offer"): Verify element property value successfully

2023-10-16 14:07:57 - [MESSAGE][PASSED] - Verify element property value successfully

2023-10-16 14:07:57 - [TEST_STEP][PASSED] - verifyElementPropertyValue(getResponse, "offers[8].offerParam", "bygoffer30"): Verify element property value successfully

2023-10-16 14:07:57 - [MESSAGE][PASSED] - Verify element property value successfully

2023-10-16 14:07:57 - [TEST_STEP][PASSED] - verifyElementPropertyValue(getResponse, "offers[8].groups[0].pricingPlans[0].featured", "true"): Verify element property value successfully

2023-10-16 14:07:57 - [MESSAGE][PASSED] - Verify element property value successfully

2023-10-16 14:07:57 - [TEST_STEP][PASSED] - verifyElementPropertyValue(getResponse, "offers[8].groups[0].pricingPlans[0].period", "monthly"): Verify element property value successfully

2023-10-16 14:07:57 - [MESSAGE][PASSED] - Verify element property value successfully

2023-10-16 14:07:57 - [TEST_STEP][PASSED] - verifyElementPropertyValue(getResponse, "offers[8].groups[0].pricingPlans[0].featured", "true"): Verify element property value successfully

2023-10-16 14:07:57 - [MESSAGE][PASSED] - Verify element property value successfully

2023-10-16 14:07:57 - [TEST_STEP][PASSED] - verifyElementPropertyValue(getResponse, "offers[8].groups[0].pricingPlans[0].price", "2.09"): Verify element property value successfully

2023-10-16 14:07:57 - [MESSAGE][PASSED] - Verify element property value successfully

2023-10-16 14:07:57 - [TEST_STEP][PASSED] - verifyElementPropertyValue(getResponse, "offers[8].groups[0].pricingPlans[0].currency", "JOD"): Verify element property value successfully

2023-10-16 14:07:57 - [MESSAGE][PASSED] - Verify element property value successfully

2023-10-16 14:07:57 - [TEST_STEP][PASSED] - verifyElementPropertyValue(getResponse, "offers[8].groups[0].pricingPlans[0].order", "0"): Verify element property value successfully

2023-10-16 14:07:57 - [MESSAGE][PASSED] - Verify element property value successfully

2023-10-16 14:07:57 - [TEST_STEP][PASSED] - verifyElementPropertyValue(getResponse, "offers[8].groups[0].pricingPlans[0].packageId", "SHAHID_VIP"): Verify element property value successfully

2023-10-16 14:07:57 - [MESSAGE][PASSED] - Verify element property value successfully

2023-10-16 14:07:57 - [TEST_STEP][PASSED] - verifyElementPropertyValue(getResponse, "offers[8].groups[0].pricingPlans[0].catalogId", "VIP"): Verify element property value successfully

2023-10-16 14:07:57 - [MESSAGE][PASSED] - Verify element property value successfully

2023-10-16 14:07:57 - [TEST_STEP][PASSED] - verifyElementPropertyValue(getResponse, "offers[8].groups[0].pricingPlans[0].visualElements[0].key", "Header_1_text"): Verify element property value successfully

2023-10-16 14:07:57 - [MESSAGE][PASSED] - Verify element property value successfully

2023-10-16 14:07:57 - [TEST_STEP][PASSED] - verifyElementPropertyValue(getResponse, "offers[8].groups[0].pricingPlans[0].visualElements[0].value", "شاهد أقوى المسلسلات و الأفلام حصرياً دون توقف"): Verify element property value successfully

2023-10-16 14:07:57 - [MESSAGE][PASSED] - Verify element property value successfully

2023-10-16 14:07:57 - [TEST_STEP][PASSED] - verifyElementPropertyValue(getResponse, "offers[8].groups[0].pricingPlans[0].visualElements[1].key", "display_title"): Verify element property value successfully

2023-10-16 14:07:57 - [MESSAGE][PASSED] - Verify element property value successfully

2023-10-16 14:07:57 - [TEST_STEP][PASSED] - verifyElementPropertyValue(getResponse, "offers[8].groups[0].pricingPlans[0].visualElements[1].value", "احصل على خصم 30%"): Verify element property value successfully

2023-10-16 14:07:57 - [MESSAGE][PASSED] - Verify element property value successfully

2023-10-16 14:07:57 - [TEST_STEP][PASSED] - verifyElementPropertyValue(getResponse, "offers[8].groups[0].pricingPlans[0].visualElements[3].key", "deduction_text"): Verify element property value successfully

2023-10-16 14:07:57 - [MESSAGE][PASSED] - Verify element property value successfully

2023-10-16 14:07:57 - [TEST_STEP][PASSED] - verifyElementPropertyValue(getResponse, "offers[8].groups[0].pricingPlans[0].visualElements[3].value", "تدفع شهرياً"): Verify element property value successfully

2023-10-16 14:07:57 - [MESSAGE][PASSED] - Verify element property value successfully

2023-10-16 14:07:57 - [TEST_STEP][PASSED] - verifyElementPropertyValue(getResponse, "offers[8].groups[0].pricingPlans[0].visualElements[6].key", "show_payment_logo"): Verify element property value successfully

2023-10-16 14:07:57 - [MESSAGE][PASSED] - Verify element property value successfully

2023-10-16 14:07:57 - [TEST_STEP][PASSED] - verifyElementPropertyValue(getResponse, "offers[8].groups[0].pricingPlans[0].visualElements[6].value", "true"): Verify element property value successfully

2023-10-16 14:07:57 - [MESSAGE][PASSED] - Verify element property value successfully

2023-10-16 14:07:57 - [TEST_STEP][PASSED] - verifyElementPropertyValue(getResponse, "offers[8].groups[0].pricingPlans[0].visualElements[8].key", "price"): Verify element property value successfully

2023-10-16 14:07:57 - [MESSAGE][PASSED] - Verify element property value successfully

2023-10-16 14:07:57 - [TEST_STEP][PASSED] - verifyElementPropertyValue(getResponse, "offers[8].groups[0].pricingPlans[0].visualElements[8].value", "2.09"): Verify element property value successfully

2023-10-16 14:07:57 - [MESSAGE][PASSED] - Verify element property value successfully

2023-10-16 14:07:57 - [TEST_STEP][PASSED] - verifyElementPropertyValue(getResponse, "offers[8].groups[0].pricingPlans[0].visualElements[9].key", "currency"): Verify element property value successfully

2023-10-16 14:07:57 - [MESSAGE][PASSED] - Verify element property value successfully

2023-10-16 14:07:57 - [TEST_STEP][PASSED] - verifyElementPropertyValue(getResponse, "offers[8].groups[0].pricingPlans[0].visualElements[9].value", "JOD"): Verify element property value successfully

2023-10-16 14:07:57 - [MESSAGE][PASSED] - Verify element property value successfully

2023-10-16 14:07:57 - [TEST_STEP][PASSED] - verifyElementPropertyValue(getResponse, "offers[8].groups[0].pricingPlans[0].visualElements[10].key", "duration"): Verify element property value successfully

2023-10-16 14:07:57 - [MESSAGE][PASSED] - Verify element property value successfully

2023-10-16 14:07:57 - [TEST_STEP][PASSED] - verifyElementPropertyValue(getResponse, "offers[8].groups[0].pricingPlans[0].visualElements[10].value", "شهرياً"): Verify element property value successfully

2023-10-16 14:07:57 - [MESSAGE][PASSED] - Verify element property value successfully

2023-10-16 14:07:57 - [TEST_STEP][PASSED] - verifyElementPropertyValue(getResponse, "offers[8].groups[0].pricingPlans[0].visualElements[11].key", "featured_tag_text"): Verify element property value successfully

2023-10-16 14:07:57 - [MESSAGE][PASSED] - Verify element property value successfully

2023-10-16 14:07:57 - [TEST_STEP][PASSED] - verifyElementPropertyValue(getResponse, "offers[8].groups[0].pricingPlans[0].visualElements[11].value", "عرض لمدة محدودة"): Verify element property value successfully

2023-10-16 14:07:58 - [MESSAGE][PASSED] - Verify element property value successfully

2023-10-16 14:07:58 - [TEST_STEP][PASSED] - verifyElementPropertyValue(getResponse, "offers[8].groups[0].pricingPlans[0].visualElements[13].key", "tag_text"): Verify element property value successfully

2023-10-16 14:07:58 - [MESSAGE][PASSED] - Verify element property value successfully

2023-10-16 14:07:58 - [TEST_STEP][PASSED] - verifyElementPropertyValue(getResponse, "offers[8].groups[0].pricingPlans[0].visualElements[13].value", "وفر 30%"): Verify element property value successfully

2023-10-16 14:07:58 - [MESSAGE][PASSED] - Verify element property value successfully

2023-10-16 14:07:58 - [TEST_STEP][PASSED] - verifyElementPropertyValue(getResponse, "offers[8].groups[0].pricingPlans[0].visualElements[12].key", "show_tag"): Verify element property value successfully

2023-10-16 14:07:58 - [MESSAGE][PASSED] - Verify element property value successfully

2023-10-16 14:07:58 - [TEST_STEP][PASSED] - verifyElementPropertyValue(getResponse, "offers[8].groups[0].pricingPlans[0].visualElements[12].value", "true"): Verify element property value successfully

2023-10-16 14:07:58 - [MESSAGE][PASSED] - Verify element property value successfully

2023-10-16 14:07:58 - [TEST_STEP][PASSED] - verifyElementPropertyValue(getResponse, "offers[8].groups[0].pricingPlans[0].pricingPlanData[0].productId", "JOR_B2C_SHAHID_VIP_1M"): Verify element property value successfully

2023-10-16 14:07:58 - [MESSAGE][PASSED] - Verify element property value successfully

2023-10-16 14:07:58 - [TEST_STEP][PASSED] - verifyElementPropertyValue(getResponse, "offers[8].groups[0].pricingPlans[0].pricingPlanData[0].paymentMethod", "CREDIT_CARD"): Verify element property value successfully

2023-10-16 14:07:58 - [MESSAGE][PASSED] - Verify element property value successfully

2023-10-16 14:07:58 - [TEST_STEP][PASSED] - verifyElementPropertyValue(getResponse, "offers[8].groups[0].pricingPlans[0].pricingPlanData[0].freeTrialEnabled", "false"): Verify element property value successfully

2023-10-16 14:07:58 - [MESSAGE][PASSED] - Verify element property value successfully

2023-10-16 14:07:58 - [TEST_STEP][PASSED] - verifyElementPropertyValue(getResponse, "offers[8].groups[0].pricingPlans[0].pricingPlanData[0].showIn[0]", "VERTICAL_MODE"): Verify element property value successfully

2023-10-16 14:07:58 - [MESSAGE][PASSED] - Verify element property value successfully

2023-10-16 14:07:58 - [TEST_STEP][PASSED] - verifyElementPropertyValue(getResponse, "offers[8].groups[0].pricingPlans[0].pricingPlanData[0].showIn[1]", "HORIZONTAL_MODE"): Verify element property value successfully

2023-10-16 14:07:58 - [MESSAGE][PASSED] - Verify element property value successfully

2023-10-16 14:07:58 - [TEST_STEP][PASSED] - verifyElementPropertyValue(getResponse, "offers[8].groups[0].pricingPlans[0].pricingPlanData[0].priceLabel", "2.09"): Verify element property value successfully

2023-10-16 14:07:58 - [MESSAGE][PASSED] - Verify element property value successfully

2023-10-16 14:07:58 - [TEST_STEP][PASSED] - verifyElementPropertyValue(getResponse, "offers[8].groups[0].pricingPlans[0].pricingPlanData[0].currencyLabel", "JOD"): Verify element property value successfully

2023-10-16 14:07:58 - [MESSAGE][PASSED] - Verify element property value successfully

2023-10-16 14:07:58 - [TEST_STEP][PASSED] - verifyElementPropertyValue(getResponse, "offers[8].groups[0].pricingPlans[0].pricingPlanData[0].dealId", "BYG_30P_JOR"): Verify element property value successfully

2023-10-16 14:07:58 - [MESSAGE][PASSED] - Verify element property value successfully

2023-10-16 14:07:58 - [TEST_STEP][PASSED] - verifyElementPropertyValue(getResponse, "offers[8].groups[0].pricingPlans[0].pricingPlanData[0].allowedForAcquisition", "true"): Verify element property value successfully

2023-10-16 14:07:58 - [MESSAGE][PASSED] - Verify element property value successfully

2023-10-16 14:07:58 - [TEST_STEP][PASSED] - verifyElementPropertyValue(getResponse, "offers[8].groups[0].pricingPlans[0].pricingPlanData[0].visualElements[0].key", "title"): Verify element property value successfully

2023-10-16 14:07:58 - [MESSAGE][PASSED] - Verify element property value successfully

2023-10-16 14:07:58 - [TEST_STEP][PASSED] - verifyElementPropertyValue(getResponse, "offers[8].groups[0].pricingPlans[0].pricingPlanData[0].visualElements[0].value", "البطاقة المصرفية"): Verify element property value successfully

2023-10-16 14:07:58 - [MESSAGE][PASSED] - Verify element property value successfully

2023-10-16 14:07:58 - [TEST_STEP][PASSED] - verifyElementPropertyValue(getResponse, "offers[8].groups[0].pricingPlans[0].pricingPlanData[0].visualElements[1].key", "CTA_text"): Verify element property value successfully

2023-10-16 14:07:58 - [MESSAGE][PASSED] - Verify element property value successfully

2023-10-16 14:07:58 - [TEST_STEP][PASSED] - verifyElementPropertyValue(getResponse, "offers[8].groups[0].pricingPlans[0].pricingPlanData[0].visualElements[1].value", "اشترك"): Verify element property value successfully

2023-10-16 14:07:58 - [MESSAGE][PASSED] - Verify element property value successfully

2023-10-16 14:07:58 - [TEST_STEP][PASSED] - verifyElementPropertyValue(getResponse, "offers[8].groups[0].pricingPlans[0].pricingPlanData[0].visualElements[2].key", "logo"): Verify element property value successfully

2023-10-16 14:07:58 - [MESSAGE][PASSED] - Verify element property value successfully

2023-10-16 14:07:58 - [TEST_STEP][PASSED] - verifyElementPropertyValue(getResponse, "offers[8].groups[0].pricingPlans[0].pricingPlanData[0].visualElements[2].value", "https://static.s3.shahid.mbc.net/widget-images/icons/iconCreditCard.png"): Verify element property value successfully

2023-10-16 14:07:58 - [MESSAGE][PASSED] - Verify element property value successfully

2023-10-16 14:07:58 - [TEST_STEP][PASSED] - verifyElementPropertyValue(getResponse, "offers[9].offerId", "byg-40-offer"): Verify element property value successfully

2023-10-16 14:07:58 - [MESSAGE][PASSED] - Verify element property value successfully

2023-10-16 14:07:58 - [TEST_STEP][PASSED] - verifyElementPropertyValue(getResponse, "offers[9].offerParam", "bygoffer40"): Verify element property value successfully

2023-10-16 14:07:58 - [MESSAGE][PASSED] - Verify element property value successfully

2023-10-16 14:07:58 - [TEST_STEP][PASSED] - verifyElementPropertyValue(getResponse, "offers[9].groups[0].pricingPlans[0].featured", "true"): Verify element property value successfully

2023-10-16 14:07:58 - [MESSAGE][PASSED] - Verify element property value successfully

2023-10-16 14:07:58 - [TEST_STEP][PASSED] - verifyElementPropertyValue(getResponse, "offers[9].groups[0].pricingPlans[0].period", "monthly"): Verify element property value successfully

2023-10-16 14:07:58 - [MESSAGE][PASSED] - Verify element property value successfully

2023-10-16 14:07:58 - [TEST_STEP][PASSED] - verifyElementPropertyValue(getResponse, "offers[9].groups[0].pricingPlans[0].featured", "true"): Verify element property value successfully

2023-10-16 14:07:58 - [MESSAGE][PASSED] - Verify element property value successfully

2023-10-16 14:07:58 - [TEST_STEP][PASSED] - verifyElementPropertyValue(getResponse, "offers[9].groups[0].pricingPlans[0].price", "1.79"): Verify element property value successfully

2023-10-16 14:07:58 - [MESSAGE][PASSED] - Verify element property value successfully

2023-10-16 14:07:58 - [TEST_STEP][PASSED] - verifyElementPropertyValue(getResponse, "offers[9].groups[0].pricingPlans[0].currency", "JOD"): Verify element property value successfully

2023-10-16 14:07:58 - [MESSAGE][PASSED] - Verify element property value successfully

2023-10-16 14:07:58 - [TEST_STEP][PASSED] - verifyElementPropertyValue(getResponse, "offers[9].groups[0].pricingPlans[0].order", "0"): Verify element property value successfully

2023-10-16 14:07:58 - [MESSAGE][PASSED] - Verify element property value successfully

2023-10-16 14:07:58 - [TEST_STEP][PASSED] - verifyElementPropertyValue(getResponse, "offers[9].groups[0].pricingPlans[0].packageId", "SHAHID_VIP"): Verify element property value successfully

2023-10-16 14:07:58 - [MESSAGE][PASSED] - Verify element property value successfully

2023-10-16 14:07:58 - [TEST_STEP][PASSED] - verifyElementPropertyValue(getResponse, "offers[9].groups[0].pricingPlans[0].catalogId", "VIP"): Verify element property value successfully

2023-10-16 14:07:58 - [MESSAGE][PASSED] - Verify element property value successfully

2023-10-16 14:07:58 - [TEST_STEP][PASSED] - verifyElementPropertyValue(getResponse, "offers[9].groups[0].pricingPlans[0].visualElements[0].key", "Header_1_text"): Verify element property value successfully

2023-10-16 14:07:58 - [MESSAGE][PASSED] - Verify element property value successfully

2023-10-16 14:07:58 - [TEST_STEP][PASSED] - verifyElementPropertyValue(getResponse, "offers[9].groups[0].pricingPlans[0].visualElements[0].value", "شاهد أقوى المسلسلات و الأفلام حصرياً دون توقف"): Verify element property value successfully

2023-10-16 14:07:58 - [MESSAGE][PASSED] - Verify element property value successfully

2023-10-16 14:07:58 - [TEST_STEP][PASSED] - verifyElementPropertyValue(getResponse, "offers[9].groups[0].pricingPlans[0].visualElements[1].key", "display_title"): Verify element property value successfully

2023-10-16 14:07:58 - [MESSAGE][PASSED] - Verify element property value successfully

2023-10-16 14:07:58 - [TEST_STEP][PASSED] - verifyElementPropertyValue(getResponse, "offers[9].groups[0].pricingPlans[0].visualElements[1].value", "احصل على خصم 40%"): Verify element property value successfully

2023-10-16 14:07:58 - [MESSAGE][PASSED] - Verify element property value successfully

2023-10-16 14:07:58 - [TEST_STEP][PASSED] - verifyElementPropertyValue(getResponse, "offers[9].groups[0].pricingPlans[0].visualElements[3].key", "deduction_text"): Verify element property value successfully

2023-10-16 14:07:58 - [MESSAGE][PASSED] - Verify element property value successfully

2023-10-16 14:07:58 - [TEST_STEP][PASSED] - verifyElementPropertyValue(getResponse, "offers[9].groups[0].pricingPlans[0].visualElements[3].value", "تدفع شهرياً"): Verify element property value successfully

2023-10-16 14:07:58 - [MESSAGE][PASSED] - Verify element property value successfully

2023-10-16 14:07:58 - [TEST_STEP][PASSED] - verifyElementPropertyValue(getResponse, "offers[9].groups[0].pricingPlans[0].visualElements[6].key", "show_payment_logo"): Verify element property value successfully

2023-10-16 14:07:58 - [MESSAGE][PASSED] - Verify element property value successfully

2023-10-16 14:07:58 - [TEST_STEP][PASSED] - verifyElementPropertyValue(getResponse, "offers[9].groups[0].pricingPlans[0].visualElements[6].value", "true"): Verify element property value successfully

2023-10-16 14:07:58 - [MESSAGE][PASSED] - Verify element property value successfully

2023-10-16 14:07:58 - [TEST_STEP][PASSED] - verifyElementPropertyValue(getResponse, "offers[9].groups[0].pricingPlans[0].visualElements[8].key", "price"): Verify element property value successfully

2023-10-16 14:07:58 - [MESSAGE][PASSED] - Verify element property value successfully

2023-10-16 14:07:58 - [TEST_STEP][PASSED] - verifyElementPropertyValue(getResponse, "offers[9].groups[0].pricingPlans[0].visualElements[8].value", "1.79"): Verify element property value successfully

2023-10-16 14:07:58 - [MESSAGE][PASSED] - Verify element property value successfully

2023-10-16 14:07:58 - [TEST_STEP][PASSED] - verifyElementPropertyValue(getResponse, "offers[9].groups[0].pricingPlans[0].visualElements[9].key", "currency"): Verify element property value successfully

2023-10-16 14:07:58 - [MESSAGE][PASSED] - Verify element property value successfully

2023-10-16 14:07:58 - [TEST_STEP][PASSED] - verifyElementPropertyValue(getResponse, "offers[9].groups[0].pricingPlans[0].visualElements[9].value", "JOD"): Verify element property value successfully

2023-10-16 14:07:58 - [MESSAGE][PASSED] - Verify element property value successfully

2023-10-16 14:07:58 - [TEST_STEP][PASSED] - verifyElementPropertyValue(getResponse, "offers[9].groups[0].pricingPlans[0].visualElements[10].key", "duration"): Verify element property value successfully

2023-10-16 14:07:58 - [MESSAGE][PASSED] - Verify element property value successfully

2023-10-16 14:07:58 - [TEST_STEP][PASSED] - verifyElementPropertyValue(getResponse, "offers[9].groups[0].pricingPlans[0].visualElements[10].value", "شهرياً"): Verify element property value successfully

2023-10-16 14:07:58 - [MESSAGE][PASSED] - Verify element property value successfully

2023-10-16 14:07:58 - [TEST_STEP][PASSED] - verifyElementPropertyValue(getResponse, "offers[9].groups[0].pricingPlans[0].visualElements[11].key", "featured_tag_text"): Verify element property value successfully

2023-10-16 14:07:58 - [MESSAGE][PASSED] - Verify element property value successfully

2023-10-16 14:07:58 - [TEST_STEP][PASSED] - verifyElementPropertyValue(getResponse, "offers[9].groups[0].pricingPlans[0].visualElements[11].value", "عرض لمدة محدودة"): Verify element property value successfully

2023-10-16 14:07:58 - [MESSAGE][PASSED] - Verify element property value successfully

2023-10-16 14:07:58 - [TEST_STEP][PASSED] - verifyElementPropertyValue(getResponse, "offers[9].groups[0].pricingPlans[0].visualElements[13].key", "tag_text"): Verify element property value successfully

2023-10-16 14:07:58 - [MESSAGE][PASSED] - Verify element property value successfully

2023-10-16 14:07:58 - [TEST_STEP][PASSED] - verifyElementPropertyValue(getResponse, "offers[9].groups[0].pricingPlans[0].visualElements[13].value", "وفر 40%"): Verify element property value successfully

2023-10-16 14:07:58 - [MESSAGE][PASSED] - Verify element property value successfully

2023-10-16 14:07:58 - [TEST_STEP][PASSED] - verifyElementPropertyValue(getResponse, "offers[9].groups[0].pricingPlans[0].visualElements[12].key", "show_tag"): Verify element property value successfully

2023-10-16 14:07:58 - [MESSAGE][PASSED] - Verify element property value successfully

2023-10-16 14:07:58 - [TEST_STEP][PASSED] - verifyElementPropertyValue(getResponse, "offers[9].groups[0].pricingPlans[0].visualElements[12].value", "true"): Verify element property value successfully

2023-10-16 14:07:58 - [MESSAGE][PASSED] - Verify element property value successfully

2023-10-16 14:07:58 - [TEST_STEP][PASSED] - verifyElementPropertyValue(getResponse, "offers[9].groups[0].pricingPlans[0].pricingPlanData[0].productId", "JOR_B2C_SHAHID_VIP_1M"): Verify element property value successfully

2023-10-16 14:07:58 - [MESSAGE][PASSED] - Verify element property value successfully

2023-10-16 14:07:58 - [TEST_STEP][PASSED] - verifyElementPropertyValue(getResponse, "offers[9].groups[0].pricingPlans[0].pricingPlanData[0].paymentMethod", "CREDIT_CARD"): Verify element property value successfully

2023-10-16 14:07:58 - [MESSAGE][PASSED] - Verify element property value successfully

2023-10-16 14:07:58 - [TEST_STEP][PASSED] - verifyElementPropertyValue(getResponse, "offers[9].groups[0].pricingPlans[0].pricingPlanData[0].freeTrialEnabled", "false"): Verify element property value successfully

2023-10-16 14:07:58 - [MESSAGE][PASSED] - Verify element property value successfully

2023-10-16 14:07:58 - [TEST_STEP][PASSED] - verifyElementPropertyValue(getResponse, "offers[9].groups[0].pricingPlans[0].pricingPlanData[0].showIn[0]", "VERTICAL_MODE"): Verify element property value successfully

2023-10-16 14:07:58 - [MESSAGE][PASSED] - Verify element property value successfully

2023-10-16 14:07:58 - [TEST_STEP][PASSED] - verifyElementPropertyValue(getResponse, "offers[9].groups[0].pricingPlans[0].pricingPlanData[0].showIn[1]", "HORIZONTAL_MODE"): Verify element property value successfully

2023-10-16 14:07:58 - [MESSAGE][PASSED] - Verify element property value successfully

2023-10-16 14:07:58 - [TEST_STEP][PASSED] - verifyElementPropertyValue(getResponse, "offers[9].groups[0].pricingPlans[0].pricingPlanData[0].priceLabel", "1.79"): Verify element property value successfully

2023-10-16 14:07:58 - [MESSAGE][PASSED] - Verify element property value successfully

2023-10-16 14:07:58 - [TEST_STEP][PASSED] - verifyElementPropertyValue(getResponse, "offers[9].groups[0].pricingPlans[0].pricingPlanData[0].currencyLabel", "JOD"): Verify element property value successfully

2023-10-16 14:07:58 - [MESSAGE][PASSED] - Verify element property value successfully

2023-10-16 14:07:58 - [TEST_STEP][PASSED] - verifyElementPropertyValue(getResponse, "offers[9].groups[0].pricingPlans[0].pricingPlanData[0].dealId", "BYG_40P_JOR"): Verify element property value successfully

2023-10-16 14:07:58 - [MESSAGE][PASSED] - Verify element property value successfully

2023-10-16 14:07:58 - [TEST_STEP][PASSED] - verifyElementPropertyValue(getResponse, "offers[9].groups[0].pricingPlans[0].pricingPlanData[0].allowedForAcquisition", "true"): Verify element property value successfully

2023-10-16 14:07:58 - [MESSAGE][PASSED] - Verify element property value successfully

2023-10-16 14:07:58 - [TEST_STEP][PASSED] - verifyElementPropertyValue(getResponse, "offers[9].groups[0].pricingPlans[0].pricingPlanData[0].visualElements[0].key", "title"): Verify element property value successfully

2023-10-16 14:07:58 - [MESSAGE][PASSED] - Verify element property value successfully

2023-10-16 14:07:58 - [TEST_STEP][PASSED] - verifyElementPropertyValue(getResponse, "offers[9].groups[0].pricingPlans[0].pricingPlanData[0].visualElements[0].value", "البطاقة المصرفية"): Verify element property value successfully

2023-10-16 14:07:58 - [MESSAGE][PASSED] - Verify element property value successfully

2023-10-16 14:07:58 - [TEST_STEP][PASSED] - verifyElementPropertyValue(getResponse, "offers[9].groups[0].pricingPlans[0].pricingPlanData[0].visualElements[1].key", "CTA_text"): Verify element property value successfully

2023-10-16 14:07:58 - [MESSAGE][PASSED] - Verify element property value successfully

2023-10-16 14:07:58 - [TEST_STEP][PASSED] - verifyElementPropertyValue(getResponse, "offers[9].groups[0].pricingPlans[0].pricingPlanData[0].visualElements[1].value", "اشترك"): Verify element property value successfully

2023-10-16 14:07:58 - [MESSAGE][PASSED] - Verify element property value successfully

2023-10-16 14:07:58 - [TEST_STEP][PASSED] - verifyElementPropertyValue(getResponse, "offers[9].groups[0].pricingPlans[0].pricingPlanData[0].visualElements[2].key", "logo"): Verify element property value successfully

2023-10-16 14:07:58 - [MESSAGE][PASSED] - Verify element property value successfully

2023-10-16 14:07:58 - [TEST_STEP][PASSED] - verifyElementPropertyValue(getResponse, "offers[9].groups[0].pricingPlans[0].pricingPlanData[0].visualElements[2].value", "https://static.s3.shahid.mbc.net/widget-images/icons/iconCreditCard.png"): Verify element property value successfully

2023-10-16 14:07:58 - [MESSAGE][PASSED] - Verify element property value successfully

2023-10-16 14:07:58 - [TEST_STEP][PASSED] - verifyElementPropertyValue(getResponse, "offers[10].offerId", "byg-50-offer"): Verify element property value successfully

2023-10-16 14:07:58 - [MESSAGE][PASSED] - Verify element property value successfully

2023-10-16 14:07:58 - [TEST_STEP][PASSED] - verifyElementPropertyValue(getResponse, "offers[10].offerParam", "bygoffer50"): Verify element property value successfully

2023-10-16 14:07:58 - [MESSAGE][PASSED] - Verify element property value successfully

2023-10-16 14:07:58 - [TEST_STEP][PASSED] - verifyElementPropertyValue(getResponse, "offers[10].groups[0].pricingPlans[0].featured", "true"): Verify element property value successfully

2023-10-16 14:07:58 - [MESSAGE][PASSED] - Verify element property value successfully

2023-10-16 14:07:58 - [TEST_STEP][PASSED] - verifyElementPropertyValue(getResponse, "offers[10].groups[0].pricingPlans[0].period", "monthly"): Verify element property value successfully

2023-10-16 14:07:58 - [MESSAGE][PASSED] - Verify element property value successfully

2023-10-16 14:07:58 - [TEST_STEP][PASSED] - verifyElementPropertyValue(getResponse, "offers[10].groups[0].pricingPlans[0].featured", "true"): Verify element property value successfully

2023-10-16 14:07:58 - [MESSAGE][PASSED] - Verify element property value successfully

2023-10-16 14:07:58 - [TEST_STEP][PASSED] - verifyElementPropertyValue(getResponse, "offers[10].groups[0].pricingPlans[0].price", "1.49"): Verify element property value successfully

2023-10-16 14:07:58 - [MESSAGE][PASSED] - Verify element property value successfully

2023-10-16 14:07:58 - [TEST_STEP][PASSED] - verifyElementPropertyValue(getResponse, "offers[10].groups[0].pricingPlans[0].currency", "JOD"): Verify element property value successfully

2023-10-16 14:07:58 - [MESSAGE][PASSED] - Verify element property value successfully

2023-10-16 14:07:58 - [TEST_STEP][PASSED] - verifyElementPropertyValue(getResponse, "offers[10].groups[0].pricingPlans[0].order", "0"): Verify element property value successfully

2023-10-16 14:07:58 - [MESSAGE][PASSED] - Verify element property value successfully

2023-10-16 14:07:58 - [TEST_STEP][PASSED] - verifyElementPropertyValue(getResponse, "offers[10].groups[0].pricingPlans[0].packageId", "SHAHID_VIP"): Verify element property value successfully

2023-10-16 14:07:58 - [MESSAGE][PASSED] - Verify element property value successfully

2023-10-16 14:07:58 - [TEST_STEP][PASSED] - verifyElementPropertyValue(getResponse, "offers[10].groups[0].pricingPlans[0].catalogId", "VIP"): Verify element property value successfully

2023-10-16 14:07:58 - [MESSAGE][PASSED] - Verify element property value successfully

2023-10-16 14:07:58 - [TEST_STEP][PASSED] - verifyElementPropertyValue(getResponse, "offers[10].groups[0].pricingPlans[0].visualElements[0].key", "Header_1_text"): Verify element property value successfully

2023-10-16 14:07:58 - [MESSAGE][PASSED] - Verify element property value successfully

2023-10-16 14:07:58 - [TEST_STEP][PASSED] - verifyElementPropertyValue(getResponse, "offers[10].groups[0].pricingPlans[0].visualElements[0].value", "شاهد أقوى المسلسلات و الأفلام حصرياً دون توقف"): Verify element property value successfully

2023-10-16 14:07:58 - [MESSAGE][PASSED] - Verify element property value successfully

2023-10-16 14:07:58 - [TEST_STEP][PASSED] - verifyElementPropertyValue(getResponse, "offers[10].groups[0].pricingPlans[0].visualElements[1].key", "display_title"): Verify element property value successfully

2023-10-16 14:07:58 - [MESSAGE][PASSED] - Verify element property value successfully

2023-10-16 14:07:58 - [TEST_STEP][PASSED] - verifyElementPropertyValue(getResponse, "offers[10].groups[0].pricingPlans[0].visualElements[1].value", "احصل على خصم 50%"): Verify element property value successfully

2023-10-16 14:07:58 - [MESSAGE][PASSED] - Verify element property value successfully

2023-10-16 14:07:58 - [TEST_STEP][PASSED] - verifyElementPropertyValue(getResponse, "offers[10].groups[0].pricingPlans[0].visualElements[3].key", "deduction_text"): Verify element property value successfully

2023-10-16 14:07:58 - [MESSAGE][PASSED] - Verify element property value successfully

2023-10-16 14:07:58 - [TEST_STEP][PASSED] - verifyElementPropertyValue(getResponse, "offers[10].groups[0].pricingPlans[0].visualElements[3].value", "تدفع شهرياً"): Verify element property value successfully

2023-10-16 14:07:58 - [MESSAGE][PASSED] - Verify element property value successfully

2023-10-16 14:07:58 - [TEST_STEP][PASSED] - verifyElementPropertyValue(getResponse, "offers[10].groups[0].pricingPlans[0].visualElements[6].key", "show_payment_logo"): Verify element property value successfully

2023-10-16 14:07:58 - [MESSAGE][PASSED] - Verify element property value successfully

2023-10-16 14:07:58 - [TEST_STEP][PASSED] - verifyElementPropertyValue(getResponse, "offers[10].groups[0].pricingPlans[0].visualElements[6].value", "true"): Verify element property value successfully

2023-10-16 14:07:58 - [MESSAGE][PASSED] - Verify element property value successfully

2023-10-16 14:07:58 - [TEST_STEP][PASSED] - verifyElementPropertyValue(getResponse, "offers[10].groups[0].pricingPlans[0].visualElements[8].key", "price"): Verify element property value successfully

2023-10-16 14:07:58 - [MESSAGE][PASSED] - Verify element property value successfully

2023-10-16 14:07:58 - [TEST_STEP][PASSED] - verifyElementPropertyValue(getResponse, "offers[10].groups[0].pricingPlans[0].visualElements[8].value", "1.49"): Verify element property value successfully

2023-10-16 14:07:58 - [MESSAGE][PASSED] - Verify element property value successfully

2023-10-16 14:07:58 - [TEST_STEP][PASSED] - verifyElementPropertyValue(getResponse, "offers[10].groups[0].pricingPlans[0].visualElements[9].key", "currency"): Verify element property value successfully

2023-10-16 14:07:58 - [MESSAGE][PASSED] - Verify element property value successfully

2023-10-16 14:07:58 - [TEST_STEP][PASSED] - verifyElementPropertyValue(getResponse, "offers[10].groups[0].pricingPlans[0].visualElements[9].value", "JOD"): Verify element property value successfully

2023-10-16 14:07:58 - [MESSAGE][PASSED] - Verify element property value successfully

2023-10-16 14:07:58 - [TEST_STEP][PASSED] - verifyElementPropertyValue(getResponse, "offers[10].groups[0].pricingPlans[0].visualElements[10].key", "duration"): Verify element property value successfully

2023-10-16 14:07:58 - [MESSAGE][PASSED] - Verify element property value successfully

2023-10-16 14:07:58 - [TEST_STEP][PASSED] - verifyElementPropertyValue(getResponse, "offers[10].groups[0].pricingPlans[0].visualElements[10].value", "شهرياً"): Verify element property value successfully

2023-10-16 14:07:58 - [MESSAGE][PASSED] - Verify element property value successfully

2023-10-16 14:07:58 - [TEST_STEP][PASSED] - verifyElementPropertyValue(getResponse, "offers[10].groups[0].pricingPlans[0].visualElements[11].key", "featured_tag_text"): Verify element property value successfully

2023-10-16 14:07:58 - [MESSAGE][PASSED] - Verify element property value successfully

2023-10-16 14:07:58 - [TEST_STEP][PASSED] - verifyElementPropertyValue(getResponse, "offers[10].groups[0].pricingPlans[0].visualElements[11].value", "عرض لمدة محدودة"): Verify element property value successfully

2023-10-16 14:07:58 - [MESSAGE][PASSED] - Verify element property value successfully

2023-10-16 14:07:58 - [TEST_STEP][PASSED] - verifyElementPropertyValue(getResponse, "offers[10].groups[0].pricingPlans[0].visualElements[13].key", "tag_text"): Verify element property value successfully

2023-10-16 14:07:58 - [MESSAGE][PASSED] - Verify element property value successfully

2023-10-16 14:07:58 - [TEST_STEP][PASSED] - verifyElementPropertyValue(getResponse, "offers[10].groups[0].pricingPlans[0].visualElements[13].value", "وفر 50%"): Verify element property value successfully

2023-10-16 14:07:58 - [MESSAGE][PASSED] - Verify element property value successfully

2023-10-16 14:07:58 - [TEST_STEP][PASSED] - verifyElementPropertyValue(getResponse, "offers[10].groups[0].pricingPlans[0].visualElements[12].key", "show_tag"): Verify element property value successfully

2023-10-16 14:07:58 - [MESSAGE][PASSED] - Verify element property value successfully

2023-10-16 14:07:58 - [TEST_STEP][PASSED] - verifyElementPropertyValue(getResponse, "offers[10].groups[0].pricingPlans[0].visualElements[12].value", "true"): Verify element property value successfully

2023-10-16 14:07:58 - [MESSAGE][PASSED] - Verify element property value successfully

2023-10-16 14:07:58 - [TEST_STEP][PASSED] - verifyElementPropertyValue(getResponse, "offers[10].groups[0].pricingPlans[0].pricingPlanData[0].productId", "JOR_B2C_SHAHID_VIP_1M"): Verify element property value successfully

2023-10-16 14:07:58 - [MESSAGE][PASSED] - Verify element property value successfully

2023-10-16 14:07:58 - [TEST_STEP][PASSED] - verifyElementPropertyValue(getResponse, "offers[10].groups[0].pricingPlans[0].pricingPlanData[0].paymentMethod", "CREDIT_CARD"): Verify element property value successfully

2023-10-16 14:07:58 - [MESSAGE][PASSED] - Verify element property value successfully

2023-10-16 14:07:58 - [TEST_STEP][PASSED] - verifyElementPropertyValue(getResponse, "offers[10].groups[0].pricingPlans[0].pricingPlanData[0].freeTrialEnabled", "false"): Verify element property value successfully

2023-10-16 14:07:58 - [MESSAGE][PASSED] - Verify element property value successfully

2023-10-16 14:07:58 - [TEST_STEP][PASSED] - verifyElementPropertyValue(getResponse, "offers[10].groups[0].pricingPlans[0].pricingPlanData[0].showIn[0]", "VERTICAL_MODE"): Verify element property value successfully

2023-10-16 14:07:58 - [MESSAGE][PASSED] - Verify element property value successfully

2023-10-16 14:07:58 - [TEST_STEP][PASSED] - verifyElementPropertyValue(getResponse, "offers[10].groups[0].pricingPlans[0].pricingPlanData[0].showIn[1]", "HORIZONTAL_MODE"): Verify element property value successfully

2023-10-16 14:07:58 - [MESSAGE][PASSED] - Verify element property value successfully

2023-10-16 14:07:58 - [TEST_STEP][PASSED] - verifyElementPropertyValue(getResponse, "offers[10].groups[0].pricingPlans[0].pricingPlanData[0].priceLabel", "1.49"): Verify element property value successfully

2023-10-16 14:07:58 - [MESSAGE][PASSED] - Verify element property value successfully

2023-10-16 14:07:58 - [TEST_STEP][PASSED] - verifyElementPropertyValue(getResponse, "offers[10].groups[0].pricingPlans[0].pricingPlanData[0].currencyLabel", "JOD"): Verify element property value successfully

2023-10-16 14:07:58 - [MESSAGE][PASSED] - Verify element property value successfully

2023-10-16 14:07:58 - [TEST_STEP][PASSED] - verifyElementPropertyValue(getResponse, "offers[10].groups[0].pricingPlans[0].pricingPlanData[0].dealId", "BYG_50P_JOR"): Verify element property value successfully

2023-10-16 14:07:58 - [MESSAGE][PASSED] - Verify element property value successfully

2023-10-16 14:07:58 - [TEST_STEP][PASSED] - verifyElementPropertyValue(getResponse, "offers[10].groups[0].pricingPlans[0].pricingPlanData[0].allowedForAcquisition", "true"): Verify element property value successfully

2023-10-16 14:07:58 - [MESSAGE][PASSED] - Verify element property value successfully

2023-10-16 14:07:58 - [TEST_STEP][PASSED] - verifyElementPropertyValue(getResponse, "offers[10].groups[0].pricingPlans[0].pricingPlanData[0].visualElements[0].key", "title"): Verify element property value successfully

2023-10-16 14:07:58 - [MESSAGE][PASSED] - Verify element property value successfully

2023-10-16 14:07:58 - [TEST_STEP][PASSED] - verifyElementPropertyValue(getResponse, "offers[10].groups[0].pricingPlans[0].pricingPlanData[0].visualElements[0].value", "البطاقة المصرفية"): Verify element property value successfully

2023-10-16 14:07:58 - [MESSAGE][PASSED] - Verify element property value successfully

2023-10-16 14:07:58 - [TEST_STEP][PASSED] - verifyElementPropertyValue(getResponse, "offers[10].groups[0].pricingPlans[0].pricingPlanData[0].visualElements[1].key", "CTA_text"): Verify element property value successfully

2023-10-16 14:07:58 - [MESSAGE][PASSED] - Verify element property value successfully

2023-10-16 14:07:58 - [TEST_STEP][PASSED] - verifyElementPropertyValue(getResponse, "offers[10].groups[0].pricingPlans[0].pricingPlanData[0].visualElements[1].value", "اشترك"): Verify element property value successfully

2023-10-16 14:07:58 - [MESSAGE][PASSED] - Verify element property value successfully

2023-10-16 14:07:58 - [TEST_STEP][PASSED] - verifyElementPropertyValue(getResponse, "offers[10].groups[0].pricingPlans[0].pricingPlanData[0].visualElements[2].key", "logo"): Verify element property value successfully

2023-10-16 14:07:58 - [MESSAGE][PASSED] - Verify element property value successfully

2023-10-16 14:07:58 - [TEST_STEP][PASSED] - verifyElementPropertyValue(getResponse, "offers[10].groups[0].pricingPlans[0].pricingPlanData[0].visualElements[2].value", "https://static.s3.shahid.mbc.net/widget-images/icons/iconCreditCard.png"): Verify element property value successfully

2023-10-16 14:07:58 - [MESSAGE][PASSED] - Verify element property value successfully]]></system-out>
         <system-err><![CDATA[]]></system-err>
      </testcase>
      <testcase name="Test Cases/WEB - CHROME/JOR PI/WEB_EN_getOffersForJOR_SPORT" time="4.097" classname="Test Cases/WEB - CHROME/JOR PI/WEB_EN_getOffersForJOR_SPORT" status="FAILED">
         <failure type="FAILED" message="Test Cases/WEB - CHROME/JOR PI/WEB_EN_getOffersForJOR_SPORT FAILED.
Reason:
com.kms.katalon.core.exception.StepFailedException: Expected element property value '30% Discount Offer' is not equal with actual property value '30% Discount Offer​'
	at com.kms.katalon.core.keyword.internal.KeywordMain.stepFailed(KeywordMain.groovy:39)
	at com.kms.katalon.core.webservice.keyword.builtin.VerifyElementPropertyValueKeyword$_verifyElementPropertyValue_closure1.doCall(VerifyElementPropertyValueKeyword.groovy:56)
	at com.kms.katalon.core.webservice.keyword.builtin.VerifyElementPropertyValueKeyword$_verifyElementPropertyValue_closure1.call(VerifyElementPropertyValueKeyword.groovy)
	at com.kms.katalon.core.keyword.internal.KeywordMain.runKeyword(KeywordMain.groovy:75)
	at com.kms.katalon.core.webservice.keyword.builtin.VerifyElementPropertyValueKeyword.verifyElementPropertyValue(VerifyElementPropertyValueKeyword.groovy:48)
	at com.kms.katalon.core.webservice.keyword.builtin.VerifyElementPropertyValueKeyword.execute(VerifyElementPropertyValueKeyword.groovy:43)
	at com.kms.katalon.core.keyword.internal.KeywordExecutor.executeKeywordForPlatform(KeywordExecutor.groovy:74)
	at com.kms.katalon.core.webservice.keyword.WSBuiltInKeywords.verifyElementPropertyValue(WSBuiltInKeywords.groovy:190)
	at com.kms.katalon.core.webservice.keyword.WSBuiltInKeywords$verifyElementPropertyValue$1.call(Unknown Source)
	at WEB_EN_getOffersForJOR_SPORT.run(WEB_EN_getOffersForJOR_SPORT:45)
	at com.kms.katalon.core.main.ScriptEngine.run(ScriptEngine.java:194)
	at com.kms.katalon.core.main.ScriptEngine.runScriptAsRawText(ScriptEngine.java:119)
	at com.kms.katalon.core.main.TestCaseExecutor.runScript(TestCaseExecutor.java:448)
	at com.kms.katalon.core.main.TestCaseExecutor.doExecute(TestCaseExecutor.java:439)
	at com.kms.katalon.core.main.TestCaseExecutor.processExecutionPhase(TestCaseExecutor.java:418)
	at com.kms.katalon.core.main.TestCaseExecutor.accessMainPhase(TestCaseExecutor.java:410)
	at com.kms.katalon.core.main.TestCaseExecutor.execute(TestCaseExecutor.java:285)
	at com.kms.katalon.core.common.CommonExecutor.accessTestCaseMainPhase(CommonExecutor.java:65)
	at com.kms.katalon.core.main.TestSuiteExecutor.accessTestSuiteMainPhase(TestSuiteExecutor.java:148)
	at com.kms.katalon.core.main.TestSuiteExecutor.execute(TestSuiteExecutor.java:106)
	at com.kms.katalon.core.main.TestCaseMain.startTestSuite(TestCaseMain.java:187)
	at com.kms.katalon.core.main.TestCaseMain$startTestSuite$0.call(Unknown Source)
	at TempTestSuite1697454195634.run(TempTestSuite1697454195634.groovy:36)
"/>
         <system-out><![CDATA[2023-10-16 14:07:58 - [TEST_CASE][FAILED] - Test Cases/WEB - CHROME/JOR PI/WEB_EN_getOffersForJOR_SPORT: Test Cases/WEB - CHROME/JOR PI/WEB_EN_getOffersForJOR_SPORT FAILED.
Reason:
com.kms.katalon.core.exception.StepFailedException: Expected element property value '30% Discount Offer' is not equal with actual property value '30% Discount Offer​'
	at com.kms.katalon.core.keyword.internal.KeywordMain.stepFailed(KeywordMain.groovy:39)
	at com.kms.katalon.core.webservice.keyword.builtin.VerifyElementPropertyValueKeyword$_verifyElementPropertyValue_closure1.doCall(VerifyElementPropertyValueKeyword.groovy:56)
	at com.kms.katalon.core.webservice.keyword.builtin.VerifyElementPropertyValueKeyword$_verifyElementPropertyValue_closure1.call(VerifyElementPropertyValueKeyword.groovy)
	at com.kms.katalon.core.keyword.internal.KeywordMain.runKeyword(KeywordMain.groovy:75)
	at com.kms.katalon.core.webservice.keyword.builtin.VerifyElementPropertyValueKeyword.verifyElementPropertyValue(VerifyElementPropertyValueKeyword.groovy:48)
	at com.kms.katalon.core.webservice.keyword.builtin.VerifyElementPropertyValueKeyword.execute(VerifyElementPropertyValueKeyword.groovy:43)
	at com.kms.katalon.core.keyword.internal.KeywordExecutor.executeKeywordForPlatform(KeywordExecutor.groovy:74)
	at com.kms.katalon.core.webservice.keyword.WSBuiltInKeywords.verifyElementPropertyValue(WSBuiltInKeywords.groovy:190)
	at com.kms.katalon.core.webservice.keyword.WSBuiltInKeywords$verifyElementPropertyValue$1.call(Unknown Source)
	at WEB_EN_getOffersForJOR_SPORT.run(WEB_EN_getOffersForJOR_SPORT:45)
	at com.kms.katalon.core.main.ScriptEngine.run(ScriptEngine.java:194)
	at com.kms.katalon.core.main.ScriptEngine.runScriptAsRawText(ScriptEngine.java:119)
	at com.kms.katalon.core.main.TestCaseExecutor.runScript(TestCaseExecutor.java:448)
	at com.kms.katalon.core.main.TestCaseExecutor.doExecute(TestCaseExecutor.java:439)
	at com.kms.katalon.core.main.TestCaseExecutor.processExecutionPhase(TestCaseExecutor.java:418)
	at com.kms.katalon.core.main.TestCaseExecutor.accessMainPhase(TestCaseExecutor.java:410)
	at com.kms.katalon.core.main.TestCaseExecutor.execute(TestCaseExecutor.java:285)
	at com.kms.katalon.core.common.CommonExecutor.accessTestCaseMainPhase(CommonExecutor.java:65)
	at com.kms.katalon.core.main.TestSuiteExecutor.accessTestSuiteMainPhase(TestSuiteExecutor.java:148)
	at com.kms.katalon.core.main.TestSuiteExecutor.execute(TestSuiteExecutor.java:106)
	at com.kms.katalon.core.main.TestCaseMain.startTestSuite(TestCaseMain.java:187)
	at com.kms.katalon.core.main.TestCaseMain$startTestSuite$0.call(Unknown Source)
	at TempTestSuite1697454195634.run(TempTestSuite1697454195634.groovy:36)


2023-10-16 14:07:59 - [TEST_STEP][PASSED] - getResponse = config_files.getConfigFile.getConfig("WEB", "EN", "SHAHID_VIP_SPORT", "JO", "false"): config_files.getConfigFile.getConfig is PASSED

2023-10-16 14:07:59 - [MESSAGE][INFO] - HAR: /Users/admin/git/shahid-configuration/Reports/20231016_140310/WEB/JOR/20231016_140315/requests/main/6.har

2023-10-16 14:07:59 - [MESSAGE][PASSED] - Send request successfully

2023-10-16 14:07:59 - [MESSAGE][PASSED] - config_files.getConfigFile.getConfig is PASSED

2023-10-16 14:07:59 - [TEST_STEP][PASSED] - verifyResponseStatusCode(getResponse, 200): Verify response status code successfully

2023-10-16 14:07:59 - [MESSAGE][PASSED] - Verify response status code successfully

2023-10-16 14:07:59 - [TEST_STEP][PASSED] - verifyElementPropertyValue(getResponse, "country", "JOR"): Verify element property value successfully

2023-10-16 14:07:59 - [MESSAGE][PASSED] - Verify element property value successfully

2023-10-16 14:07:59 - [TEST_STEP][PASSED] - verifyElementPropertyValue(getResponse, "platform", "[WEB]"): Verify element property value successfully

2023-10-16 14:07:59 - [MESSAGE][PASSED] - Verify element property value successfully

2023-10-16 14:07:59 - [TEST_STEP][PASSED] - verifyElementPropertyValue(getResponse, "offers[5].offerId", "winback-sport-30-offer"): Verify element property value successfully

2023-10-16 14:07:59 - [MESSAGE][PASSED] - Verify element property value successfully

2023-10-16 14:07:59 - [TEST_STEP][PASSED] - verifyElementPropertyValue(getResponse, "offers[5].offerParam", "sportsoffer30"): Verify element property value successfully

2023-10-16 14:07:59 - [MESSAGE][PASSED] - Verify element property value successfully

2023-10-16 14:07:59 - [TEST_STEP][PASSED] - verifyElementPropertyValue(getResponse, "offers[5].groups[0].pricingPlans[0].featured", "true"): Verify element property value successfully

2023-10-16 14:07:59 - [MESSAGE][PASSED] - Verify element property value successfully

2023-10-16 14:07:59 - [TEST_STEP][PASSED] - verifyElementPropertyValue(getResponse, "offers[5].groups[0].pricingPlans[0].period", "monthly"): Verify element property value successfully

2023-10-16 14:07:59 - [MESSAGE][PASSED] - Verify element property value successfully

2023-10-16 14:07:59 - [TEST_STEP][PASSED] - verifyElementPropertyValue(getResponse, "offers[5].groups[0].pricingPlans[0].featured", "true"): Verify element property value successfully

2023-10-16 14:07:59 - [MESSAGE][PASSED] - Verify element property value successfully

2023-10-16 14:07:59 - [TEST_STEP][PASSED] - verifyElementPropertyValue(getResponse, "offers[5].groups[0].pricingPlans[0].price", "4.19"): Verify element property value successfully

2023-10-16 14:07:59 - [MESSAGE][PASSED] - Verify element property value successfully

2023-10-16 14:07:59 - [TEST_STEP][PASSED] - verifyElementPropertyValue(getResponse, "offers[5].groups[0].pricingPlans[0].currency", "JOD"): Verify element property value successfully

2023-10-16 14:07:59 - [MESSAGE][PASSED] - Verify element property value successfully

2023-10-16 14:07:59 - [TEST_STEP][PASSED] - verifyElementPropertyValue(getResponse, "offers[5].groups[0].pricingPlans[0].order", "0"): Verify element property value successfully

2023-10-16 14:07:59 - [MESSAGE][PASSED] - Verify element property value successfully

2023-10-16 14:07:59 - [TEST_STEP][PASSED] - verifyElementPropertyValue(getResponse, "offers[5].groups[0].pricingPlans[0].packageId", "SHAHID_VIP_SPORT"): Verify element property value successfully

2023-10-16 14:07:59 - [MESSAGE][PASSED] - Verify element property value successfully

2023-10-16 14:07:59 - [TEST_STEP][PASSED] - verifyElementPropertyValue(getResponse, "offers[5].groups[0].pricingPlans[0].catalogId", "SPORT"): Verify element property value successfully

2023-10-16 14:07:59 - [MESSAGE][PASSED] - Verify element property value successfully

2023-10-16 14:07:59 - [TEST_STEP][PASSED] - verifyElementPropertyValue(getResponse, "offers[5].groups[0].pricingPlans[0].visualElements[0].key", "Header_1_text"): Verify element property value successfully

2023-10-16 14:07:59 - [MESSAGE][PASSED] - Verify element property value successfully

2023-10-16 14:07:59 - [TEST_STEP][PASSED] - verifyElementPropertyValue(getResponse, "offers[5].groups[0].pricingPlans[0].visualElements[0].value", "Watch the most powerful series and movies exclusively without stopping"): Verify element property value successfully

2023-10-16 14:07:59 - [MESSAGE][PASSED] - Verify element property value successfully

2023-10-16 14:07:59 - [TEST_STEP][PASSED] - verifyElementPropertyValue(getResponse, "offers[5].groups[0].pricingPlans[0].visualElements[1].key", "display_title"): Verify element property value successfully

2023-10-16 14:07:59 - [MESSAGE][PASSED] - Verify element property value successfully

2023-10-16 14:07:59 - [TEST_STEP][FAILED] - verifyElementPropertyValue(getResponse, "offers[5].groups[0].pricingPlans[0].visualElements[1].value", "30% Discount Offer"): Expected element property value '30% Discount Offer' is not equal with actual property value '30% Discount Offer​'

2023-10-16 14:07:59 - [MESSAGE][FAILED] - Expected element property value '30% Discount Offer' is not equal with actual property value '30% Discount Offer​'

2023-10-16 14:07:59 - [TEST_STEP][PASSED] - verifyElementPropertyValue(getResponse, "offers[5].groups[0].pricingPlans[0].visualElements[3].key", "deduction_text"): Verify element property value successfully

2023-10-16 14:07:59 - [MESSAGE][PASSED] - Verify element property value successfully

2023-10-16 14:07:59 - [TEST_STEP][PASSED] - verifyElementPropertyValue(getResponse, "offers[5].groups[0].pricingPlans[0].visualElements[3].value", "billed every month"): Verify element property value successfully

2023-10-16 14:07:59 - [MESSAGE][PASSED] - Verify element property value successfully

2023-10-16 14:07:59 - [TEST_STEP][PASSED] - verifyElementPropertyValue(getResponse, "offers[5].groups[0].pricingPlans[0].visualElements[6].key", "show_payment_logo"): Verify element property value successfully

2023-10-16 14:07:59 - [MESSAGE][PASSED] - Verify element property value successfully

2023-10-16 14:07:59 - [TEST_STEP][PASSED] - verifyElementPropertyValue(getResponse, "offers[5].groups[0].pricingPlans[0].visualElements[6].value", "true"): Verify element property value successfully

2023-10-16 14:07:59 - [MESSAGE][PASSED] - Verify element property value successfully

2023-10-16 14:07:59 - [TEST_STEP][PASSED] - verifyElementPropertyValue(getResponse, "offers[5].groups[0].pricingPlans[0].visualElements[8].key", "price"): Verify element property value successfully

2023-10-16 14:07:59 - [MESSAGE][PASSED] - Verify element property value successfully

2023-10-16 14:07:59 - [TEST_STEP][PASSED] - verifyElementPropertyValue(getResponse, "offers[5].groups[0].pricingPlans[0].visualElements[8].value", "4.19"): Verify element property value successfully

2023-10-16 14:07:59 - [MESSAGE][PASSED] - Verify element property value successfully

2023-10-16 14:07:59 - [TEST_STEP][PASSED] - verifyElementPropertyValue(getResponse, "offers[5].groups[0].pricingPlans[0].visualElements[9].key", "currency"): Verify element property value successfully

2023-10-16 14:07:59 - [MESSAGE][PASSED] - Verify element property value successfully

2023-10-16 14:07:59 - [TEST_STEP][PASSED] - verifyElementPropertyValue(getResponse, "offers[5].groups[0].pricingPlans[0].visualElements[9].value", "JOD"): Verify element property value successfully

2023-10-16 14:07:59 - [MESSAGE][PASSED] - Verify element property value successfully

2023-10-16 14:07:59 - [TEST_STEP][PASSED] - verifyElementPropertyValue(getResponse, "offers[5].groups[0].pricingPlans[0].visualElements[10].key", "duration"): Verify element property value successfully

2023-10-16 14:07:59 - [MESSAGE][PASSED] - Verify element property value successfully

2023-10-16 14:07:59 - [TEST_STEP][PASSED] - verifyElementPropertyValue(getResponse, "offers[5].groups[0].pricingPlans[0].visualElements[10].value", "Monthly"): Verify element property value successfully

2023-10-16 14:07:59 - [MESSAGE][PASSED] - Verify element property value successfully

2023-10-16 14:07:59 - [TEST_STEP][PASSED] - verifyElementPropertyValue(getResponse, "offers[5].groups[0].pricingPlans[0].visualElements[11].key", "featured_tag_text"): Verify element property value successfully

2023-10-16 14:07:59 - [MESSAGE][PASSED] - Verify element property value successfully

2023-10-16 14:07:59 - [TEST_STEP][PASSED] - verifyElementPropertyValue(getResponse, "offers[5].groups[0].pricingPlans[0].visualElements[11].value", "Limited Time Offer"): Verify element property value successfully

2023-10-16 14:07:59 - [MESSAGE][PASSED] - Verify element property value successfully

2023-10-16 14:07:59 - [TEST_STEP][PASSED] - verifyElementPropertyValue(getResponse, "offers[5].groups[0].pricingPlans[0].visualElements[12].key", "show_tag"): Verify element property value successfully

2023-10-16 14:07:59 - [MESSAGE][PASSED] - Verify element property value successfully

2023-10-16 14:07:59 - [TEST_STEP][PASSED] - verifyElementPropertyValue(getResponse, "offers[5].groups[0].pricingPlans[0].visualElements[12].value", "true"): Verify element property value successfully

2023-10-16 14:07:59 - [MESSAGE][PASSED] - Verify element property value successfully

2023-10-16 14:07:59 - [TEST_STEP][PASSED] - verifyElementPropertyValue(getResponse, "offers[5].groups[0].pricingPlans[0].visualElements[13].key", "tag_text"): Verify element property value successfully

2023-10-16 14:08:00 - [MESSAGE][PASSED] - Verify element property value successfully

2023-10-16 14:08:00 - [TEST_STEP][PASSED] - verifyElementPropertyValue(getResponse, "offers[5].groups[0].pricingPlans[0].visualElements[13].value", "Save 30%"): Verify element property value successfully

2023-10-16 14:08:00 - [MESSAGE][PASSED] - Verify element property value successfully

2023-10-16 14:08:00 - [TEST_STEP][PASSED] - verifyElementPropertyValue(getResponse, "offers[5].groups[0].pricingPlans[0].pricingPlanData[0].productId", "JOR_B2C_SHAHID_VIP_SPORT_1M"): Verify element property value successfully

2023-10-16 14:08:00 - [MESSAGE][PASSED] - Verify element property value successfully

2023-10-16 14:08:00 - [TEST_STEP][PASSED] - verifyElementPropertyValue(getResponse, "offers[5].groups[0].pricingPlans[0].pricingPlanData[0].paymentMethod", "CREDIT_CARD"): Verify element property value successfully

2023-10-16 14:08:00 - [MESSAGE][PASSED] - Verify element property value successfully

2023-10-16 14:08:00 - [TEST_STEP][PASSED] - verifyElementPropertyValue(getResponse, "offers[5].groups[0].pricingPlans[0].pricingPlanData[0].freeTrialEnabled", "false"): Verify element property value successfully

2023-10-16 14:08:00 - [MESSAGE][PASSED] - Verify element property value successfully

2023-10-16 14:08:00 - [TEST_STEP][PASSED] - verifyElementPropertyValue(getResponse, "offers[5].groups[0].pricingPlans[0].pricingPlanData[0].showIn[0]", "VERTICAL_MODE"): Verify element property value successfully

2023-10-16 14:08:00 - [MESSAGE][PASSED] - Verify element property value successfully

2023-10-16 14:08:00 - [TEST_STEP][PASSED] - verifyElementPropertyValue(getResponse, "offers[5].groups[0].pricingPlans[0].pricingPlanData[0].showIn[1]", "HORIZONTAL_MODE"): Verify element property value successfully

2023-10-16 14:08:00 - [MESSAGE][PASSED] - Verify element property value successfully

2023-10-16 14:08:00 - [TEST_STEP][PASSED] - verifyElementPropertyValue(getResponse, "offers[5].groups[0].pricingPlans[0].pricingPlanData[0].priceLabel", "4.19"): Verify element property value successfully

2023-10-16 14:08:00 - [MESSAGE][PASSED] - Verify element property value successfully

2023-10-16 14:08:00 - [TEST_STEP][PASSED] - verifyElementPropertyValue(getResponse, "offers[5].groups[0].pricingPlans[0].pricingPlanData[0].currencyLabel", "JOD"): Verify element property value successfully

2023-10-16 14:08:00 - [MESSAGE][PASSED] - Verify element property value successfully

2023-10-16 14:08:00 - [TEST_STEP][PASSED] - verifyElementPropertyValue(getResponse, "offers[5].groups[0].pricingPlans[0].pricingPlanData[0].dealId", "WB_SPORT_30P_JOR"): Verify element property value successfully

2023-10-16 14:08:00 - [MESSAGE][PASSED] - Verify element property value successfully

2023-10-16 14:08:00 - [TEST_STEP][PASSED] - verifyElementPropertyValue(getResponse, "offers[5].groups[0].pricingPlans[0].pricingPlanData[0].allowedForAcquisition", "true"): Verify element property value successfully

2023-10-16 14:08:00 - [MESSAGE][PASSED] - Verify element property value successfully

2023-10-16 14:08:00 - [TEST_STEP][PASSED] - verifyElementPropertyValue(getResponse, "offers[5].groups[0].pricingPlans[0].pricingPlanData[0].visualElements[0].key", "title"): Verify element property value successfully

2023-10-16 14:08:00 - [MESSAGE][PASSED] - Verify element property value successfully

2023-10-16 14:08:00 - [TEST_STEP][PASSED] - verifyElementPropertyValue(getResponse, "offers[5].groups[0].pricingPlans[0].pricingPlanData[0].visualElements[0].value", "Credit/Debit Card"): Verify element property value successfully

2023-10-16 14:08:00 - [MESSAGE][PASSED] - Verify element property value successfully

2023-10-16 14:08:00 - [TEST_STEP][PASSED] - verifyElementPropertyValue(getResponse, "offers[5].groups[0].pricingPlans[0].pricingPlanData[0].visualElements[1].key", "CTA_text"): Verify element property value successfully

2023-10-16 14:08:00 - [MESSAGE][PASSED] - Verify element property value successfully

2023-10-16 14:08:00 - [TEST_STEP][PASSED] - verifyElementPropertyValue(getResponse, "offers[5].groups[0].pricingPlans[0].pricingPlanData[0].visualElements[1].value", "Subscribe"): Verify element property value successfully

2023-10-16 14:08:00 - [MESSAGE][PASSED] - Verify element property value successfully

2023-10-16 14:08:00 - [TEST_STEP][PASSED] - verifyElementPropertyValue(getResponse, "offers[5].groups[0].pricingPlans[0].pricingPlanData[0].visualElements[2].key", "logo"): Verify element property value successfully

2023-10-16 14:08:00 - [MESSAGE][PASSED] - Verify element property value successfully

2023-10-16 14:08:00 - [TEST_STEP][PASSED] - verifyElementPropertyValue(getResponse, "offers[5].groups[0].pricingPlans[0].pricingPlanData[0].visualElements[2].value", "https://static.s3.shahid.mbc.net/widget-images/icons/iconCreditCard.png"): Verify element property value successfully

2023-10-16 14:08:00 - [MESSAGE][PASSED] - Verify element property value successfully

2023-10-16 14:08:00 - [TEST_STEP][PASSED] - verifyElementPropertyValue(getResponse, "offers[6].offerId", "winback-sport-40-offer"): Verify element property value successfully

2023-10-16 14:08:00 - [MESSAGE][PASSED] - Verify element property value successfully

2023-10-16 14:08:00 - [TEST_STEP][PASSED] - verifyElementPropertyValue(getResponse, "offers[6].offerParam", "sportsoffer40"): Verify element property value successfully

2023-10-16 14:08:00 - [MESSAGE][PASSED] - Verify element property value successfully

2023-10-16 14:08:00 - [TEST_STEP][PASSED] - verifyElementPropertyValue(getResponse, "offers[6].groups[0].pricingPlans[0].featured", "true"): Verify element property value successfully

2023-10-16 14:08:00 - [MESSAGE][PASSED] - Verify element property value successfully

2023-10-16 14:08:00 - [TEST_STEP][PASSED] - verifyElementPropertyValue(getResponse, "offers[6].groups[0].pricingPlans[0].period", "monthly"): Verify element property value successfully

2023-10-16 14:08:00 - [MESSAGE][PASSED] - Verify element property value successfully

2023-10-16 14:08:00 - [TEST_STEP][PASSED] - verifyElementPropertyValue(getResponse, "offers[6].groups[0].pricingPlans[0].featured", "true"): Verify element property value successfully

2023-10-16 14:08:00 - [MESSAGE][PASSED] - Verify element property value successfully

2023-10-16 14:08:00 - [TEST_STEP][PASSED] - verifyElementPropertyValue(getResponse, "offers[6].groups[0].pricingPlans[0].price", "3.59"): Verify element property value successfully

2023-10-16 14:08:00 - [MESSAGE][PASSED] - Verify element property value successfully

2023-10-16 14:08:00 - [TEST_STEP][PASSED] - verifyElementPropertyValue(getResponse, "offers[6].groups[0].pricingPlans[0].currency", "JOD"): Verify element property value successfully

2023-10-16 14:08:00 - [MESSAGE][PASSED] - Verify element property value successfully

2023-10-16 14:08:00 - [TEST_STEP][PASSED] - verifyElementPropertyValue(getResponse, "offers[6].groups[0].pricingPlans[0].order", "0"): Verify element property value successfully

2023-10-16 14:08:00 - [MESSAGE][PASSED] - Verify element property value successfully

2023-10-16 14:08:00 - [TEST_STEP][PASSED] - verifyElementPropertyValue(getResponse, "offers[6].groups[0].pricingPlans[0].packageId", "SHAHID_VIP_SPORT"): Verify element property value successfully

2023-10-16 14:08:00 - [MESSAGE][PASSED] - Verify element property value successfully

2023-10-16 14:08:00 - [TEST_STEP][PASSED] - verifyElementPropertyValue(getResponse, "offers[6].groups[0].pricingPlans[0].catalogId", "SPORT"): Verify element property value successfully

2023-10-16 14:08:00 - [MESSAGE][PASSED] - Verify element property value successfully

2023-10-16 14:08:00 - [TEST_STEP][PASSED] - verifyElementPropertyValue(getResponse, "offers[6].groups[0].pricingPlans[0].visualElements[0].key", "Header_1_text"): Verify element property value successfully

2023-10-16 14:08:00 - [MESSAGE][PASSED] - Verify element property value successfully

2023-10-16 14:08:00 - [TEST_STEP][PASSED] - verifyElementPropertyValue(getResponse, "offers[6].groups[0].pricingPlans[0].visualElements[0].value", "Watch the most powerful series and movies exclusively without stopping"): Verify element property value successfully

2023-10-16 14:08:00 - [MESSAGE][PASSED] - Verify element property value successfully

2023-10-16 14:08:00 - [TEST_STEP][PASSED] - verifyElementPropertyValue(getResponse, "offers[6].groups[0].pricingPlans[0].visualElements[1].key", "display_title"): Verify element property value successfully

2023-10-16 14:08:00 - [MESSAGE][PASSED] - Verify element property value successfully

2023-10-16 14:08:00 - [TEST_STEP][FAILED] - verifyElementPropertyValue(getResponse, "offers[6].groups[0].pricingPlans[0].visualElements[1].value", "40% Discount Offer"): Expected element property value '40% Discount Offer' is not equal with actual property value '40% Discount Offer​'

2023-10-16 14:08:00 - [MESSAGE][FAILED] - Expected element property value '40% Discount Offer' is not equal with actual property value '40% Discount Offer​'

2023-10-16 14:08:00 - [TEST_STEP][PASSED] - verifyElementPropertyValue(getResponse, "offers[6].groups[0].pricingPlans[0].visualElements[3].key", "deduction_text"): Verify element property value successfully

2023-10-16 14:08:00 - [MESSAGE][PASSED] - Verify element property value successfully

2023-10-16 14:08:00 - [TEST_STEP][PASSED] - verifyElementPropertyValue(getResponse, "offers[6].groups[0].pricingPlans[0].visualElements[3].value", "billed every month"): Verify element property value successfully

2023-10-16 14:08:00 - [MESSAGE][PASSED] - Verify element property value successfully

2023-10-16 14:08:00 - [TEST_STEP][PASSED] - verifyElementPropertyValue(getResponse, "offers[6].groups[0].pricingPlans[0].visualElements[6].key", "show_payment_logo"): Verify element property value successfully

2023-10-16 14:08:00 - [MESSAGE][PASSED] - Verify element property value successfully

2023-10-16 14:08:00 - [TEST_STEP][PASSED] - verifyElementPropertyValue(getResponse, "offers[6].groups[0].pricingPlans[0].visualElements[6].value", "true"): Verify element property value successfully

2023-10-16 14:08:00 - [MESSAGE][PASSED] - Verify element property value successfully

2023-10-16 14:08:00 - [TEST_STEP][PASSED] - verifyElementPropertyValue(getResponse, "offers[6].groups[0].pricingPlans[0].visualElements[8].key", "price"): Verify element property value successfully

2023-10-16 14:08:00 - [MESSAGE][PASSED] - Verify element property value successfully

2023-10-16 14:08:00 - [TEST_STEP][PASSED] - verifyElementPropertyValue(getResponse, "offers[6].groups[0].pricingPlans[0].visualElements[8].value", "3.59"): Verify element property value successfully

2023-10-16 14:08:00 - [MESSAGE][PASSED] - Verify element property value successfully

2023-10-16 14:08:00 - [TEST_STEP][PASSED] - verifyElementPropertyValue(getResponse, "offers[6].groups[0].pricingPlans[0].visualElements[9].key", "currency"): Verify element property value successfully

2023-10-16 14:08:00 - [MESSAGE][PASSED] - Verify element property value successfully

2023-10-16 14:08:00 - [TEST_STEP][PASSED] - verifyElementPropertyValue(getResponse, "offers[6].groups[0].pricingPlans[0].visualElements[9].value", "JOD"): Verify element property value successfully

2023-10-16 14:08:00 - [MESSAGE][PASSED] - Verify element property value successfully

2023-10-16 14:08:00 - [TEST_STEP][PASSED] - verifyElementPropertyValue(getResponse, "offers[6].groups[0].pricingPlans[0].visualElements[10].key", "duration"): Verify element property value successfully

2023-10-16 14:08:00 - [MESSAGE][PASSED] - Verify element property value successfully

2023-10-16 14:08:00 - [TEST_STEP][PASSED] - verifyElementPropertyValue(getResponse, "offers[6].groups[0].pricingPlans[0].visualElements[10].value", "Monthly"): Verify element property value successfully

2023-10-16 14:08:00 - [MESSAGE][PASSED] - Verify element property value successfully

2023-10-16 14:08:00 - [TEST_STEP][PASSED] - verifyElementPropertyValue(getResponse, "offers[6].groups[0].pricingPlans[0].visualElements[11].key", "featured_tag_text"): Verify element property value successfully

2023-10-16 14:08:00 - [MESSAGE][PASSED] - Verify element property value successfully

2023-10-16 14:08:00 - [TEST_STEP][PASSED] - verifyElementPropertyValue(getResponse, "offers[6].groups[0].pricingPlans[0].visualElements[11].value", "Limited Time Offer"): Verify element property value successfully

2023-10-16 14:08:00 - [MESSAGE][PASSED] - Verify element property value successfully

2023-10-16 14:08:00 - [TEST_STEP][PASSED] - verifyElementPropertyValue(getResponse, "offers[6].groups[0].pricingPlans[0].visualElements[13].key", "tag_text"): Verify element property value successfully

2023-10-16 14:08:00 - [MESSAGE][PASSED] - Verify element property value successfully

2023-10-16 14:08:00 - [TEST_STEP][PASSED] - verifyElementPropertyValue(getResponse, "offers[6].groups[0].pricingPlans[0].visualElements[13].value", "Save 40%"): Verify element property value successfully

2023-10-16 14:08:00 - [MESSAGE][PASSED] - Verify element property value successfully

2023-10-16 14:08:00 - [TEST_STEP][PASSED] - verifyElementPropertyValue(getResponse, "offers[6].groups[0].pricingPlans[0].visualElements[12].key", "show_tag"): Verify element property value successfully

2023-10-16 14:08:00 - [MESSAGE][PASSED] - Verify element property value successfully

2023-10-16 14:08:00 - [TEST_STEP][PASSED] - verifyElementPropertyValue(getResponse, "offers[6].groups[0].pricingPlans[0].visualElements[12].value", "true"): Verify element property value successfully

2023-10-16 14:08:00 - [MESSAGE][PASSED] - Verify element property value successfully

2023-10-16 14:08:00 - [TEST_STEP][PASSED] - verifyElementPropertyValue(getResponse, "offers[6].groups[0].pricingPlans[0].pricingPlanData[0].productId", "JOR_B2C_SHAHID_VIP_SPORT_1M"): Verify element property value successfully

2023-10-16 14:08:00 - [MESSAGE][PASSED] - Verify element property value successfully

2023-10-16 14:08:00 - [TEST_STEP][PASSED] - verifyElementPropertyValue(getResponse, "offers[6].groups[0].pricingPlans[0].pricingPlanData[0].paymentMethod", "CREDIT_CARD"): Verify element property value successfully

2023-10-16 14:08:00 - [MESSAGE][PASSED] - Verify element property value successfully

2023-10-16 14:08:00 - [TEST_STEP][PASSED] - verifyElementPropertyValue(getResponse, "offers[6].groups[0].pricingPlans[0].pricingPlanData[0].freeTrialEnabled", "false"): Verify element property value successfully

2023-10-16 14:08:00 - [MESSAGE][PASSED] - Verify element property value successfully

2023-10-16 14:08:00 - [TEST_STEP][PASSED] - verifyElementPropertyValue(getResponse, "offers[6].groups[0].pricingPlans[0].pricingPlanData[0].showIn[0]", "VERTICAL_MODE"): Verify element property value successfully

2023-10-16 14:08:00 - [MESSAGE][PASSED] - Verify element property value successfully

2023-10-16 14:08:00 - [TEST_STEP][PASSED] - verifyElementPropertyValue(getResponse, "offers[6].groups[0].pricingPlans[0].pricingPlanData[0].showIn[1]", "HORIZONTAL_MODE"): Verify element property value successfully

2023-10-16 14:08:00 - [MESSAGE][PASSED] - Verify element property value successfully

2023-10-16 14:08:00 - [TEST_STEP][PASSED] - verifyElementPropertyValue(getResponse, "offers[6].groups[0].pricingPlans[0].pricingPlanData[0].priceLabel", "3.59"): Verify element property value successfully

2023-10-16 14:08:00 - [MESSAGE][PASSED] - Verify element property value successfully

2023-10-16 14:08:00 - [TEST_STEP][PASSED] - verifyElementPropertyValue(getResponse, "offers[6].groups[0].pricingPlans[0].pricingPlanData[0].currencyLabel", "JOD"): Verify element property value successfully

2023-10-16 14:08:00 - [MESSAGE][PASSED] - Verify element property value successfully

2023-10-16 14:08:00 - [TEST_STEP][PASSED] - verifyElementPropertyValue(getResponse, "offers[6].groups[0].pricingPlans[0].pricingPlanData[0].dealId", "WB_SPORT_40P_JOR"): Verify element property value successfully

2023-10-16 14:08:00 - [MESSAGE][PASSED] - Verify element property value successfully

2023-10-16 14:08:00 - [TEST_STEP][PASSED] - verifyElementPropertyValue(getResponse, "offers[6].groups[0].pricingPlans[0].pricingPlanData[0].allowedForAcquisition", "true"): Verify element property value successfully

2023-10-16 14:08:00 - [MESSAGE][PASSED] - Verify element property value successfully

2023-10-16 14:08:00 - [TEST_STEP][PASSED] - verifyElementPropertyValue(getResponse, "offers[6].groups[0].pricingPlans[0].pricingPlanData[0].visualElements[0].key", "title"): Verify element property value successfully

2023-10-16 14:08:00 - [MESSAGE][PASSED] - Verify element property value successfully

2023-10-16 14:08:00 - [TEST_STEP][PASSED] - verifyElementPropertyValue(getResponse, "offers[6].groups[0].pricingPlans[0].pricingPlanData[0].visualElements[0].value", "Credit/Debit Card"): Verify element property value successfully

2023-10-16 14:08:00 - [MESSAGE][PASSED] - Verify element property value successfully

2023-10-16 14:08:00 - [TEST_STEP][PASSED] - verifyElementPropertyValue(getResponse, "offers[6].groups[0].pricingPlans[0].pricingPlanData[0].visualElements[1].key", "CTA_text"): Verify element property value successfully

2023-10-16 14:08:00 - [MESSAGE][PASSED] - Verify element property value successfully

2023-10-16 14:08:00 - [TEST_STEP][PASSED] - verifyElementPropertyValue(getResponse, "offers[6].groups[0].pricingPlans[0].pricingPlanData[0].visualElements[1].value", "Subscribe"): Verify element property value successfully

2023-10-16 14:08:00 - [MESSAGE][PASSED] - Verify element property value successfully

2023-10-16 14:08:00 - [TEST_STEP][PASSED] - verifyElementPropertyValue(getResponse, "offers[6].groups[0].pricingPlans[0].pricingPlanData[0].visualElements[2].key", "logo"): Verify element property value successfully

2023-10-16 14:08:00 - [MESSAGE][PASSED] - Verify element property value successfully

2023-10-16 14:08:00 - [TEST_STEP][PASSED] - verifyElementPropertyValue(getResponse, "offers[6].groups[0].pricingPlans[0].pricingPlanData[0].visualElements[2].value", "https://static.s3.shahid.mbc.net/widget-images/icons/iconCreditCard.png"): Verify element property value successfully

2023-10-16 14:08:00 - [MESSAGE][PASSED] - Verify element property value successfully

2023-10-16 14:08:00 - [TEST_STEP][PASSED] - verifyElementPropertyValue(getResponse, "offers[7].offerId", "winback-sport-50-offer"): Verify element property value successfully

2023-10-16 14:08:00 - [MESSAGE][PASSED] - Verify element property value successfully

2023-10-16 14:08:00 - [TEST_STEP][PASSED] - verifyElementPropertyValue(getResponse, "offers[7].offerParam", "sportsoffer50"): Verify element property value successfully

2023-10-16 14:08:00 - [MESSAGE][PASSED] - Verify element property value successfully

2023-10-16 14:08:00 - [TEST_STEP][PASSED] - verifyElementPropertyValue(getResponse, "offers[7].groups[0].pricingPlans[0].featured", "true"): Verify element property value successfully

2023-10-16 14:08:00 - [MESSAGE][PASSED] - Verify element property value successfully

2023-10-16 14:08:00 - [TEST_STEP][PASSED] - verifyElementPropertyValue(getResponse, "offers[7].groups[0].pricingPlans[0].period", "monthly"): Verify element property value successfully

2023-10-16 14:08:00 - [MESSAGE][PASSED] - Verify element property value successfully

2023-10-16 14:08:00 - [TEST_STEP][PASSED] - verifyElementPropertyValue(getResponse, "offers[7].groups[0].pricingPlans[0].featured", "true"): Verify element property value successfully

2023-10-16 14:08:00 - [MESSAGE][PASSED] - Verify element property value successfully

2023-10-16 14:08:00 - [TEST_STEP][PASSED] - verifyElementPropertyValue(getResponse, "offers[7].groups[0].pricingPlans[0].price", "2.99"): Verify element property value successfully

2023-10-16 14:08:00 - [MESSAGE][PASSED] - Verify element property value successfully

2023-10-16 14:08:00 - [TEST_STEP][PASSED] - verifyElementPropertyValue(getResponse, "offers[7].groups[0].pricingPlans[0].currency", "JOD"): Verify element property value successfully

2023-10-16 14:08:00 - [MESSAGE][PASSED] - Verify element property value successfully

2023-10-16 14:08:00 - [TEST_STEP][PASSED] - verifyElementPropertyValue(getResponse, "offers[7].groups[0].pricingPlans[0].order", "0"): Verify element property value successfully

2023-10-16 14:08:00 - [MESSAGE][PASSED] - Verify element property value successfully

2023-10-16 14:08:00 - [TEST_STEP][PASSED] - verifyElementPropertyValue(getResponse, "offers[7].groups[0].pricingPlans[0].packageId", "SHAHID_VIP_SPORT"): Verify element property value successfully

2023-10-16 14:08:00 - [MESSAGE][PASSED] - Verify element property value successfully

2023-10-16 14:08:00 - [TEST_STEP][PASSED] - verifyElementPropertyValue(getResponse, "offers[7].groups[0].pricingPlans[0].catalogId", "SPORT"): Verify element property value successfully

2023-10-16 14:08:00 - [MESSAGE][PASSED] - Verify element property value successfully

2023-10-16 14:08:00 - [TEST_STEP][PASSED] - verifyElementPropertyValue(getResponse, "offers[7].groups[0].pricingPlans[0].visualElements[0].key", "Header_1_text"): Verify element property value successfully

2023-10-16 14:08:00 - [MESSAGE][PASSED] - Verify element property value successfully

2023-10-16 14:08:00 - [TEST_STEP][PASSED] - verifyElementPropertyValue(getResponse, "offers[7].groups[0].pricingPlans[0].visualElements[0].value", "Watch the most powerful series and movies exclusively without stopping"): Verify element property value successfully

2023-10-16 14:08:00 - [MESSAGE][PASSED] - Verify element property value successfully

2023-10-16 14:08:00 - [TEST_STEP][PASSED] - verifyElementPropertyValue(getResponse, "offers[7].groups[0].pricingPlans[0].visualElements[1].key", "display_title"): Verify element property value successfully

2023-10-16 14:08:00 - [MESSAGE][PASSED] - Verify element property value successfully

2023-10-16 14:08:00 - [TEST_STEP][FAILED] - verifyElementPropertyValue(getResponse, "offers[7].groups[0].pricingPlans[0].visualElements[1].value", "50% Discount Offer"): Expected element property value '50% Discount Offer' is not equal with actual property value '50% Discount Offer​'

2023-10-16 14:08:00 - [MESSAGE][FAILED] - Expected element property value '50% Discount Offer' is not equal with actual property value '50% Discount Offer​'

2023-10-16 14:08:00 - [TEST_STEP][PASSED] - verifyElementPropertyValue(getResponse, "offers[7].groups[0].pricingPlans[0].visualElements[3].key", "deduction_text"): Verify element property value successfully

2023-10-16 14:08:00 - [MESSAGE][PASSED] - Verify element property value successfully

2023-10-16 14:08:00 - [TEST_STEP][PASSED] - verifyElementPropertyValue(getResponse, "offers[7].groups[0].pricingPlans[0].visualElements[3].value", "billed every month"): Verify element property value successfully

2023-10-16 14:08:00 - [MESSAGE][PASSED] - Verify element property value successfully

2023-10-16 14:08:00 - [TEST_STEP][PASSED] - verifyElementPropertyValue(getResponse, "offers[7].groups[0].pricingPlans[0].visualElements[6].key", "show_payment_logo"): Verify element property value successfully

2023-10-16 14:08:00 - [MESSAGE][PASSED] - Verify element property value successfully

2023-10-16 14:08:00 - [TEST_STEP][PASSED] - verifyElementPropertyValue(getResponse, "offers[7].groups[0].pricingPlans[0].visualElements[6].value", "true"): Verify element property value successfully

2023-10-16 14:08:00 - [MESSAGE][PASSED] - Verify element property value successfully

2023-10-16 14:08:00 - [TEST_STEP][PASSED] - verifyElementPropertyValue(getResponse, "offers[7].groups[0].pricingPlans[0].visualElements[8].key", "price"): Verify element property value successfully

2023-10-16 14:08:00 - [MESSAGE][PASSED] - Verify element property value successfully

2023-10-16 14:08:00 - [TEST_STEP][PASSED] - verifyElementPropertyValue(getResponse, "offers[7].groups[0].pricingPlans[0].visualElements[8].value", "2.99"): Verify element property value successfully

2023-10-16 14:08:00 - [MESSAGE][PASSED] - Verify element property value successfully

2023-10-16 14:08:00 - [TEST_STEP][PASSED] - verifyElementPropertyValue(getResponse, "offers[7].groups[0].pricingPlans[0].visualElements[9].key", "currency"): Verify element property value successfully

2023-10-16 14:08:00 - [MESSAGE][PASSED] - Verify element property value successfully

2023-10-16 14:08:00 - [TEST_STEP][PASSED] - verifyElementPropertyValue(getResponse, "offers[7].groups[0].pricingPlans[0].visualElements[9].value", "JOD"): Verify element property value successfully

2023-10-16 14:08:00 - [MESSAGE][PASSED] - Verify element property value successfully

2023-10-16 14:08:00 - [TEST_STEP][PASSED] - verifyElementPropertyValue(getResponse, "offers[7].groups[0].pricingPlans[0].visualElements[10].key", "duration"): Verify element property value successfully

2023-10-16 14:08:00 - [MESSAGE][PASSED] - Verify element property value successfully

2023-10-16 14:08:00 - [TEST_STEP][PASSED] - verifyElementPropertyValue(getResponse, "offers[7].groups[0].pricingPlans[0].visualElements[10].value", "Monthly"): Verify element property value successfully

2023-10-16 14:08:00 - [MESSAGE][PASSED] - Verify element property value successfully

2023-10-16 14:08:00 - [TEST_STEP][PASSED] - verifyElementPropertyValue(getResponse, "offers[7].groups[0].pricingPlans[0].visualElements[11].key", "featured_tag_text"): Verify element property value successfully

2023-10-16 14:08:00 - [MESSAGE][PASSED] - Verify element property value successfully

2023-10-16 14:08:00 - [TEST_STEP][PASSED] - verifyElementPropertyValue(getResponse, "offers[7].groups[0].pricingPlans[0].visualElements[11].value", "Limited Time Offer"): Verify element property value successfully

2023-10-16 14:08:00 - [MESSAGE][PASSED] - Verify element property value successfully

2023-10-16 14:08:00 - [TEST_STEP][PASSED] - verifyElementPropertyValue(getResponse, "offers[7].groups[0].pricingPlans[0].visualElements[13].key", "tag_text"): Verify element property value successfully

2023-10-16 14:08:00 - [MESSAGE][PASSED] - Verify element property value successfully

2023-10-16 14:08:00 - [TEST_STEP][PASSED] - verifyElementPropertyValue(getResponse, "offers[7].groups[0].pricingPlans[0].visualElements[13].value", "Save 50%"): Verify element property value successfully

2023-10-16 14:08:00 - [MESSAGE][PASSED] - Verify element property value successfully

2023-10-16 14:08:00 - [TEST_STEP][PASSED] - verifyElementPropertyValue(getResponse, "offers[7].groups[0].pricingPlans[0].visualElements[12].key", "show_tag"): Verify element property value successfully

2023-10-16 14:08:00 - [MESSAGE][PASSED] - Verify element property value successfully

2023-10-16 14:08:01 - [TEST_STEP][PASSED] - verifyElementPropertyValue(getResponse, "offers[7].groups[0].pricingPlans[0].visualElements[12].value", "true"): Verify element property value successfully

2023-10-16 14:08:01 - [MESSAGE][PASSED] - Verify element property value successfully

2023-10-16 14:08:01 - [TEST_STEP][PASSED] - verifyElementPropertyValue(getResponse, "offers[7].groups[0].pricingPlans[0].pricingPlanData[0].productId", "JOR_B2C_SHAHID_VIP_SPORT_1M"): Verify element property value successfully

2023-10-16 14:08:01 - [MESSAGE][PASSED] - Verify element property value successfully

2023-10-16 14:08:01 - [TEST_STEP][PASSED] - verifyElementPropertyValue(getResponse, "offers[7].groups[0].pricingPlans[0].pricingPlanData[0].paymentMethod", "CREDIT_CARD"): Verify element property value successfully

2023-10-16 14:08:01 - [MESSAGE][PASSED] - Verify element property value successfully

2023-10-16 14:08:01 - [TEST_STEP][PASSED] - verifyElementPropertyValue(getResponse, "offers[7].groups[0].pricingPlans[0].pricingPlanData[0].freeTrialEnabled", "false"): Verify element property value successfully

2023-10-16 14:08:01 - [MESSAGE][PASSED] - Verify element property value successfully

2023-10-16 14:08:01 - [TEST_STEP][PASSED] - verifyElementPropertyValue(getResponse, "offers[7].groups[0].pricingPlans[0].pricingPlanData[0].showIn[0]", "VERTICAL_MODE"): Verify element property value successfully

2023-10-16 14:08:01 - [MESSAGE][PASSED] - Verify element property value successfully

2023-10-16 14:08:01 - [TEST_STEP][PASSED] - verifyElementPropertyValue(getResponse, "offers[7].groups[0].pricingPlans[0].pricingPlanData[0].showIn[1]", "HORIZONTAL_MODE"): Verify element property value successfully

2023-10-16 14:08:01 - [MESSAGE][PASSED] - Verify element property value successfully

2023-10-16 14:08:01 - [TEST_STEP][PASSED] - verifyElementPropertyValue(getResponse, "offers[7].groups[0].pricingPlans[0].pricingPlanData[0].priceLabel", "2.99"): Verify element property value successfully

2023-10-16 14:08:01 - [MESSAGE][PASSED] - Verify element property value successfully

2023-10-16 14:08:01 - [TEST_STEP][PASSED] - verifyElementPropertyValue(getResponse, "offers[7].groups[0].pricingPlans[0].pricingPlanData[0].currencyLabel", "JOD"): Verify element property value successfully

2023-10-16 14:08:01 - [MESSAGE][PASSED] - Verify element property value successfully

2023-10-16 14:08:01 - [TEST_STEP][PASSED] - verifyElementPropertyValue(getResponse, "offers[7].groups[0].pricingPlans[0].pricingPlanData[0].dealId", "WB_SPORT_50P_JOR"): Verify element property value successfully

2023-10-16 14:08:01 - [MESSAGE][PASSED] - Verify element property value successfully

2023-10-16 14:08:01 - [TEST_STEP][PASSED] - verifyElementPropertyValue(getResponse, "offers[7].groups[0].pricingPlans[0].pricingPlanData[0].allowedForAcquisition", "true"): Verify element property value successfully

2023-10-16 14:08:01 - [MESSAGE][PASSED] - Verify element property value successfully

2023-10-16 14:08:01 - [TEST_STEP][PASSED] - verifyElementPropertyValue(getResponse, "offers[7].groups[0].pricingPlans[0].pricingPlanData[0].visualElements[0].key", "title"): Verify element property value successfully

2023-10-16 14:08:01 - [MESSAGE][PASSED] - Verify element property value successfully

2023-10-16 14:08:01 - [TEST_STEP][PASSED] - verifyElementPropertyValue(getResponse, "offers[7].groups[0].pricingPlans[0].pricingPlanData[0].visualElements[0].value", "Credit/Debit Card"): Verify element property value successfully

2023-10-16 14:08:01 - [MESSAGE][PASSED] - Verify element property value successfully

2023-10-16 14:08:01 - [TEST_STEP][PASSED] - verifyElementPropertyValue(getResponse, "offers[7].groups[0].pricingPlans[0].pricingPlanData[0].visualElements[1].key", "CTA_text"): Verify element property value successfully

2023-10-16 14:08:01 - [MESSAGE][PASSED] - Verify element property value successfully

2023-10-16 14:08:01 - [TEST_STEP][PASSED] - verifyElementPropertyValue(getResponse, "offers[7].groups[0].pricingPlans[0].pricingPlanData[0].visualElements[1].value", "Subscribe"): Verify element property value successfully

2023-10-16 14:08:01 - [MESSAGE][PASSED] - Verify element property value successfully

2023-10-16 14:08:01 - [TEST_STEP][PASSED] - verifyElementPropertyValue(getResponse, "offers[7].groups[0].pricingPlans[0].pricingPlanData[0].visualElements[2].key", "logo"): Verify element property value successfully

2023-10-16 14:08:01 - [MESSAGE][PASSED] - Verify element property value successfully

2023-10-16 14:08:01 - [TEST_STEP][PASSED] - verifyElementPropertyValue(getResponse, "offers[7].groups[0].pricingPlans[0].pricingPlanData[0].visualElements[2].value", "https://static.s3.shahid.mbc.net/widget-images/icons/iconCreditCard.png"): Verify element property value successfully

2023-10-16 14:08:01 - [MESSAGE][PASSED] - Verify element property value successfully

2023-10-16 14:08:01 - [TEST_STEP][PASSED] - verifyElementPropertyValue(getResponse, "offers[11].offerId", "byg-sport-30-offer"): Verify element property value successfully

2023-10-16 14:08:01 - [MESSAGE][PASSED] - Verify element property value successfully

2023-10-16 14:08:01 - [TEST_STEP][PASSED] - verifyElementPropertyValue(getResponse, "offers[11].offerParam", "bygsportsoffer30"): Verify element property value successfully

2023-10-16 14:08:01 - [MESSAGE][PASSED] - Verify element property value successfully

2023-10-16 14:08:01 - [TEST_STEP][PASSED] - verifyElementPropertyValue(getResponse, "offers[11].groups[0].pricingPlans[0].featured", "true"): Verify element property value successfully

2023-10-16 14:08:01 - [MESSAGE][PASSED] - Verify element property value successfully

2023-10-16 14:08:01 - [TEST_STEP][PASSED] - verifyElementPropertyValue(getResponse, "offers[11].groups[0].pricingPlans[0].period", "monthly"): Verify element property value successfully

2023-10-16 14:08:01 - [MESSAGE][PASSED] - Verify element property value successfully

2023-10-16 14:08:01 - [TEST_STEP][PASSED] - verifyElementPropertyValue(getResponse, "offers[11].groups[0].pricingPlans[0].featured", "true"): Verify element property value successfully

2023-10-16 14:08:01 - [MESSAGE][PASSED] - Verify element property value successfully

2023-10-16 14:08:01 - [TEST_STEP][PASSED] - verifyElementPropertyValue(getResponse, "offers[11].groups[0].pricingPlans[0].price", "4.19"): Verify element property value successfully

2023-10-16 14:08:01 - [MESSAGE][PASSED] - Verify element property value successfully

2023-10-16 14:08:01 - [TEST_STEP][PASSED] - verifyElementPropertyValue(getResponse, "offers[11].groups[0].pricingPlans[0].currency", "JOD"): Verify element property value successfully

2023-10-16 14:08:01 - [MESSAGE][PASSED] - Verify element property value successfully

2023-10-16 14:08:01 - [TEST_STEP][PASSED] - verifyElementPropertyValue(getResponse, "offers[11].groups[0].pricingPlans[0].order", "0"): Verify element property value successfully

2023-10-16 14:08:01 - [MESSAGE][PASSED] - Verify element property value successfully

2023-10-16 14:08:01 - [TEST_STEP][PASSED] - verifyElementPropertyValue(getResponse, "offers[11].groups[0].pricingPlans[0].packageId", "SHAHID_VIP_SPORT"): Verify element property value successfully

2023-10-16 14:08:01 - [MESSAGE][PASSED] - Verify element property value successfully

2023-10-16 14:08:01 - [TEST_STEP][PASSED] - verifyElementPropertyValue(getResponse, "offers[11].groups[0].pricingPlans[0].catalogId", "SPORT"): Verify element property value successfully

2023-10-16 14:08:01 - [MESSAGE][PASSED] - Verify element property value successfully

2023-10-16 14:08:01 - [TEST_STEP][PASSED] - verifyElementPropertyValue(getResponse, "offers[11].groups[0].pricingPlans[0].visualElements[0].key", "Header_1_text"): Verify element property value successfully

2023-10-16 14:08:01 - [MESSAGE][PASSED] - Verify element property value successfully

2023-10-16 14:08:01 - [TEST_STEP][PASSED] - verifyElementPropertyValue(getResponse, "offers[11].groups[0].pricingPlans[0].visualElements[0].value", "Watch the most powerful series and movies exclusively without stopping"): Verify element property value successfully

2023-10-16 14:08:01 - [MESSAGE][PASSED] - Verify element property value successfully

2023-10-16 14:08:01 - [TEST_STEP][PASSED] - verifyElementPropertyValue(getResponse, "offers[11].groups[0].pricingPlans[0].visualElements[1].key", "display_title"): Verify element property value successfully

2023-10-16 14:08:02 - [MESSAGE][PASSED] - Verify element property value successfully

2023-10-16 14:08:02 - [TEST_STEP][FAILED] - verifyElementPropertyValue(getResponse, "offers[11].groups[0].pricingPlans[0].visualElements[1].value", "30% Discount Offer"): Expected element property value '30% Discount Offer' is not equal with actual property value '30% Discount Offer​'

2023-10-16 14:08:02 - [MESSAGE][FAILED] - Expected element property value '30% Discount Offer' is not equal with actual property value '30% Discount Offer​'

2023-10-16 14:08:02 - [TEST_STEP][PASSED] - verifyElementPropertyValue(getResponse, "offers[11].groups[0].pricingPlans[0].visualElements[3].key", "deduction_text"): Verify element property value successfully

2023-10-16 14:08:02 - [MESSAGE][PASSED] - Verify element property value successfully

2023-10-16 14:08:02 - [TEST_STEP][PASSED] - verifyElementPropertyValue(getResponse, "offers[11].groups[0].pricingPlans[0].visualElements[3].value", "billed every month"): Verify element property value successfully

2023-10-16 14:08:02 - [MESSAGE][PASSED] - Verify element property value successfully

2023-10-16 14:08:02 - [TEST_STEP][PASSED] - verifyElementPropertyValue(getResponse, "offers[11].groups[0].pricingPlans[0].visualElements[6].key", "show_payment_logo"): Verify element property value successfully

2023-10-16 14:08:02 - [MESSAGE][PASSED] - Verify element property value successfully

2023-10-16 14:08:02 - [TEST_STEP][PASSED] - verifyElementPropertyValue(getResponse, "offers[11].groups[0].pricingPlans[0].visualElements[6].value", "true"): Verify element property value successfully

2023-10-16 14:08:02 - [MESSAGE][PASSED] - Verify element property value successfully

2023-10-16 14:08:02 - [TEST_STEP][PASSED] - verifyElementPropertyValue(getResponse, "offers[11].groups[0].pricingPlans[0].visualElements[8].key", "price"): Verify element property value successfully

2023-10-16 14:08:02 - [MESSAGE][PASSED] - Verify element property value successfully

2023-10-16 14:08:02 - [TEST_STEP][PASSED] - verifyElementPropertyValue(getResponse, "offers[11].groups[0].pricingPlans[0].visualElements[8].value", "4.19"): Verify element property value successfully

2023-10-16 14:08:02 - [MESSAGE][PASSED] - Verify element property value successfully

2023-10-16 14:08:02 - [TEST_STEP][PASSED] - verifyElementPropertyValue(getResponse, "offers[11].groups[0].pricingPlans[0].visualElements[9].key", "currency"): Verify element property value successfully

2023-10-16 14:08:02 - [MESSAGE][PASSED] - Verify element property value successfully

2023-10-16 14:08:02 - [TEST_STEP][PASSED] - verifyElementPropertyValue(getResponse, "offers[11].groups[0].pricingPlans[0].visualElements[9].value", "JOD"): Verify element property value successfully

2023-10-16 14:08:02 - [MESSAGE][PASSED] - Verify element property value successfully

2023-10-16 14:08:02 - [TEST_STEP][PASSED] - verifyElementPropertyValue(getResponse, "offers[11].groups[0].pricingPlans[0].visualElements[10].key", "duration"): Verify element property value successfully

2023-10-16 14:08:02 - [MESSAGE][PASSED] - Verify element property value successfully

2023-10-16 14:08:02 - [TEST_STEP][PASSED] - verifyElementPropertyValue(getResponse, "offers[11].groups[0].pricingPlans[0].visualElements[10].value", "Monthly"): Verify element property value successfully

2023-10-16 14:08:02 - [MESSAGE][PASSED] - Verify element property value successfully

2023-10-16 14:08:02 - [TEST_STEP][PASSED] - verifyElementPropertyValue(getResponse, "offers[11].groups[0].pricingPlans[0].visualElements[11].key", "featured_tag_text"): Verify element property value successfully

2023-10-16 14:08:02 - [MESSAGE][PASSED] - Verify element property value successfully

2023-10-16 14:08:02 - [TEST_STEP][PASSED] - verifyElementPropertyValue(getResponse, "offers[11].groups[0].pricingPlans[0].visualElements[11].value", "Limited Time Offer"): Verify element property value successfully

2023-10-16 14:08:02 - [MESSAGE][PASSED] - Verify element property value successfully

2023-10-16 14:08:02 - [TEST_STEP][PASSED] - verifyElementPropertyValue(getResponse, "offers[11].groups[0].pricingPlans[0].visualElements[12].key", "show_tag"): Verify element property value successfully

2023-10-16 14:08:02 - [MESSAGE][PASSED] - Verify element property value successfully

2023-10-16 14:08:02 - [TEST_STEP][PASSED] - verifyElementPropertyValue(getResponse, "offers[11].groups[0].pricingPlans[0].visualElements[12].value", "true"): Verify element property value successfully

2023-10-16 14:08:02 - [MESSAGE][PASSED] - Verify element property value successfully

2023-10-16 14:08:02 - [TEST_STEP][PASSED] - verifyElementPropertyValue(getResponse, "offers[11].groups[0].pricingPlans[0].visualElements[13].key", "tag_text"): Verify element property value successfully

2023-10-16 14:08:02 - [MESSAGE][PASSED] - Verify element property value successfully

2023-10-16 14:08:02 - [TEST_STEP][PASSED] - verifyElementPropertyValue(getResponse, "offers[11].groups[0].pricingPlans[0].visualElements[13].value", "Save 30%"): Verify element property value successfully

2023-10-16 14:08:02 - [MESSAGE][PASSED] - Verify element property value successfully

2023-10-16 14:08:02 - [TEST_STEP][PASSED] - verifyElementPropertyValue(getResponse, "offers[11].groups[0].pricingPlans[0].pricingPlanData[0].productId", "JOR_B2C_SHAHID_VIP_SPORT_1M"): Verify element property value successfully

2023-10-16 14:08:02 - [MESSAGE][PASSED] - Verify element property value successfully

2023-10-16 14:08:02 - [TEST_STEP][PASSED] - verifyElementPropertyValue(getResponse, "offers[11].groups[0].pricingPlans[0].pricingPlanData[0].paymentMethod", "CREDIT_CARD"): Verify element property value successfully

2023-10-16 14:08:02 - [MESSAGE][PASSED] - Verify element property value successfully

2023-10-16 14:08:02 - [TEST_STEP][PASSED] - verifyElementPropertyValue(getResponse, "offers[11].groups[0].pricingPlans[0].pricingPlanData[0].freeTrialEnabled", "false"): Verify element property value successfully

2023-10-16 14:08:02 - [MESSAGE][PASSED] - Verify element property value successfully

2023-10-16 14:08:02 - [TEST_STEP][PASSED] - verifyElementPropertyValue(getResponse, "offers[11].groups[0].pricingPlans[0].pricingPlanData[0].showIn[0]", "VERTICAL_MODE"): Verify element property value successfully

2023-10-16 14:08:02 - [MESSAGE][PASSED] - Verify element property value successfully

2023-10-16 14:08:02 - [TEST_STEP][PASSED] - verifyElementPropertyValue(getResponse, "offers[11].groups[0].pricingPlans[0].pricingPlanData[0].showIn[1]", "HORIZONTAL_MODE"): Verify element property value successfully

2023-10-16 14:08:02 - [MESSAGE][PASSED] - Verify element property value successfully

2023-10-16 14:08:02 - [TEST_STEP][PASSED] - verifyElementPropertyValue(getResponse, "offers[11].groups[0].pricingPlans[0].pricingPlanData[0].priceLabel", "4.19"): Verify element property value successfully

2023-10-16 14:08:02 - [MESSAGE][PASSED] - Verify element property value successfully

2023-10-16 14:08:02 - [TEST_STEP][PASSED] - verifyElementPropertyValue(getResponse, "offers[11].groups[0].pricingPlans[0].pricingPlanData[0].currencyLabel", "JOD"): Verify element property value successfully

2023-10-16 14:08:02 - [MESSAGE][PASSED] - Verify element property value successfully

2023-10-16 14:08:02 - [TEST_STEP][PASSED] - verifyElementPropertyValue(getResponse, "offers[11].groups[0].pricingPlans[0].pricingPlanData[0].dealId", "BYG_SPORT_30P_JOR"): Verify element property value successfully

2023-10-16 14:08:02 - [MESSAGE][PASSED] - Verify element property value successfully

2023-10-16 14:08:02 - [TEST_STEP][PASSED] - verifyElementPropertyValue(getResponse, "offers[11].groups[0].pricingPlans[0].pricingPlanData[0].allowedForAcquisition", "true"): Verify element property value successfully

2023-10-16 14:08:02 - [MESSAGE][PASSED] - Verify element property value successfully

2023-10-16 14:08:02 - [TEST_STEP][PASSED] - verifyElementPropertyValue(getResponse, "offers[11].groups[0].pricingPlans[0].pricingPlanData[0].visualElements[0].key", "title"): Verify element property value successfully

2023-10-16 14:08:02 - [MESSAGE][PASSED] - Verify element property value successfully

2023-10-16 14:08:02 - [TEST_STEP][PASSED] - verifyElementPropertyValue(getResponse, "offers[11].groups[0].pricingPlans[0].pricingPlanData[0].visualElements[0].value", "Credit/Debit Card"): Verify element property value successfully

2023-10-16 14:08:02 - [MESSAGE][PASSED] - Verify element property value successfully

2023-10-16 14:08:02 - [TEST_STEP][PASSED] - verifyElementPropertyValue(getResponse, "offers[11].groups[0].pricingPlans[0].pricingPlanData[0].visualElements[1].key", "CTA_text"): Verify element property value successfully

2023-10-16 14:08:02 - [MESSAGE][PASSED] - Verify element property value successfully

2023-10-16 14:08:02 - [TEST_STEP][PASSED] - verifyElementPropertyValue(getResponse, "offers[11].groups[0].pricingPlans[0].pricingPlanData[0].visualElements[1].value", "Subscribe"): Verify element property value successfully

2023-10-16 14:08:02 - [MESSAGE][PASSED] - Verify element property value successfully

2023-10-16 14:08:02 - [TEST_STEP][PASSED] - verifyElementPropertyValue(getResponse, "offers[11].groups[0].pricingPlans[0].pricingPlanData[0].visualElements[2].key", "logo"): Verify element property value successfully

2023-10-16 14:08:02 - [MESSAGE][PASSED] - Verify element property value successfully

2023-10-16 14:08:02 - [TEST_STEP][PASSED] - verifyElementPropertyValue(getResponse, "offers[11].groups[0].pricingPlans[0].pricingPlanData[0].visualElements[2].value", "https://static.s3.shahid.mbc.net/widget-images/icons/iconCreditCard.png"): Verify element property value successfully

2023-10-16 14:08:02 - [MESSAGE][PASSED] - Verify element property value successfully

2023-10-16 14:08:02 - [TEST_STEP][PASSED] - verifyElementPropertyValue(getResponse, "offers[12].offerId", "byg-sport-40-offer"): Verify element property value successfully

2023-10-16 14:08:02 - [MESSAGE][PASSED] - Verify element property value successfully

2023-10-16 14:08:02 - [TEST_STEP][PASSED] - verifyElementPropertyValue(getResponse, "offers[12].offerParam", "bygsportsoffer40"): Verify element property value successfully

2023-10-16 14:08:02 - [MESSAGE][PASSED] - Verify element property value successfully

2023-10-16 14:08:02 - [TEST_STEP][PASSED] - verifyElementPropertyValue(getResponse, "offers[12].groups[0].pricingPlans[0].featured", "true"): Verify element property value successfully

2023-10-16 14:08:02 - [MESSAGE][PASSED] - Verify element property value successfully

2023-10-16 14:08:02 - [TEST_STEP][PASSED] - verifyElementPropertyValue(getResponse, "offers[12].groups[0].pricingPlans[0].period", "monthly"): Verify element property value successfully

2023-10-16 14:08:02 - [MESSAGE][PASSED] - Verify element property value successfully

2023-10-16 14:08:02 - [TEST_STEP][PASSED] - verifyElementPropertyValue(getResponse, "offers[12].groups[0].pricingPlans[0].featured", "true"): Verify element property value successfully

2023-10-16 14:08:02 - [MESSAGE][PASSED] - Verify element property value successfully

2023-10-16 14:08:02 - [TEST_STEP][PASSED] - verifyElementPropertyValue(getResponse, "offers[12].groups[0].pricingPlans[0].price", "3.59"): Verify element property value successfully

2023-10-16 14:08:02 - [MESSAGE][PASSED] - Verify element property value successfully

2023-10-16 14:08:02 - [TEST_STEP][PASSED] - verifyElementPropertyValue(getResponse, "offers[12].groups[0].pricingPlans[0].currency", "JOD"): Verify element property value successfully

2023-10-16 14:08:02 - [MESSAGE][PASSED] - Verify element property value successfully

2023-10-16 14:08:02 - [TEST_STEP][PASSED] - verifyElementPropertyValue(getResponse, "offers[12].groups[0].pricingPlans[0].order", "0"): Verify element property value successfully

2023-10-16 14:08:02 - [MESSAGE][PASSED] - Verify element property value successfully

2023-10-16 14:08:02 - [TEST_STEP][PASSED] - verifyElementPropertyValue(getResponse, "offers[12].groups[0].pricingPlans[0].packageId", "SHAHID_VIP_SPORT"): Verify element property value successfully

2023-10-16 14:08:02 - [MESSAGE][PASSED] - Verify element property value successfully

2023-10-16 14:08:02 - [TEST_STEP][PASSED] - verifyElementPropertyValue(getResponse, "offers[12].groups[0].pricingPlans[0].catalogId", "SPORT"): Verify element property value successfully

2023-10-16 14:08:02 - [MESSAGE][PASSED] - Verify element property value successfully

2023-10-16 14:08:02 - [TEST_STEP][PASSED] - verifyElementPropertyValue(getResponse, "offers[12].groups[0].pricingPlans[0].visualElements[0].key", "Header_1_text"): Verify element property value successfully

2023-10-16 14:08:02 - [MESSAGE][PASSED] - Verify element property value successfully

2023-10-16 14:08:02 - [TEST_STEP][PASSED] - verifyElementPropertyValue(getResponse, "offers[12].groups[0].pricingPlans[0].visualElements[0].value", "Watch the most powerful series and movies exclusively without stopping"): Verify element property value successfully

2023-10-16 14:08:02 - [MESSAGE][PASSED] - Verify element property value successfully

2023-10-16 14:08:02 - [TEST_STEP][PASSED] - verifyElementPropertyValue(getResponse, "offers[12].groups[0].pricingPlans[0].visualElements[1].key", "display_title"): Verify element property value successfully

2023-10-16 14:08:02 - [MESSAGE][PASSED] - Verify element property value successfully

2023-10-16 14:08:02 - [TEST_STEP][FAILED] - verifyElementPropertyValue(getResponse, "offers[12].groups[0].pricingPlans[0].visualElements[1].value", "40% Discount Offer"): Expected element property value '40% Discount Offer' is not equal with actual property value '40% Discount Offer​'

2023-10-16 14:08:02 - [MESSAGE][FAILED] - Expected element property value '40% Discount Offer' is not equal with actual property value '40% Discount Offer​'

2023-10-16 14:08:02 - [TEST_STEP][PASSED] - verifyElementPropertyValue(getResponse, "offers[12].groups[0].pricingPlans[0].visualElements[3].key", "deduction_text"): Verify element property value successfully

2023-10-16 14:08:02 - [MESSAGE][PASSED] - Verify element property value successfully

2023-10-16 14:08:02 - [TEST_STEP][PASSED] - verifyElementPropertyValue(getResponse, "offers[12].groups[0].pricingPlans[0].visualElements[3].value", "billed every month"): Verify element property value successfully

2023-10-16 14:08:02 - [MESSAGE][PASSED] - Verify element property value successfully

2023-10-16 14:08:02 - [TEST_STEP][PASSED] - verifyElementPropertyValue(getResponse, "offers[12].groups[0].pricingPlans[0].visualElements[6].key", "show_payment_logo"): Verify element property value successfully

2023-10-16 14:08:02 - [MESSAGE][PASSED] - Verify element property value successfully

2023-10-16 14:08:02 - [TEST_STEP][PASSED] - verifyElementPropertyValue(getResponse, "offers[12].groups[0].pricingPlans[0].visualElements[6].value", "true"): Verify element property value successfully

2023-10-16 14:08:02 - [MESSAGE][PASSED] - Verify element property value successfully

2023-10-16 14:08:02 - [TEST_STEP][PASSED] - verifyElementPropertyValue(getResponse, "offers[12].groups[0].pricingPlans[0].visualElements[8].key", "price"): Verify element property value successfully

2023-10-16 14:08:02 - [MESSAGE][PASSED] - Verify element property value successfully

2023-10-16 14:08:02 - [TEST_STEP][PASSED] - verifyElementPropertyValue(getResponse, "offers[12].groups[0].pricingPlans[0].visualElements[8].value", "3.59"): Verify element property value successfully

2023-10-16 14:08:02 - [MESSAGE][PASSED] - Verify element property value successfully

2023-10-16 14:08:02 - [TEST_STEP][PASSED] - verifyElementPropertyValue(getResponse, "offers[12].groups[0].pricingPlans[0].visualElements[9].key", "currency"): Verify element property value successfully

2023-10-16 14:08:02 - [MESSAGE][PASSED] - Verify element property value successfully

2023-10-16 14:08:02 - [TEST_STEP][PASSED] - verifyElementPropertyValue(getResponse, "offers[12].groups[0].pricingPlans[0].visualElements[9].value", "JOD"): Verify element property value successfully

2023-10-16 14:08:02 - [MESSAGE][PASSED] - Verify element property value successfully

2023-10-16 14:08:02 - [TEST_STEP][PASSED] - verifyElementPropertyValue(getResponse, "offers[12].groups[0].pricingPlans[0].visualElements[10].key", "duration"): Verify element property value successfully

2023-10-16 14:08:02 - [MESSAGE][PASSED] - Verify element property value successfully

2023-10-16 14:08:02 - [TEST_STEP][PASSED] - verifyElementPropertyValue(getResponse, "offers[12].groups[0].pricingPlans[0].visualElements[10].value", "Monthly"): Verify element property value successfully

2023-10-16 14:08:02 - [MESSAGE][PASSED] - Verify element property value successfully

2023-10-16 14:08:02 - [TEST_STEP][PASSED] - verifyElementPropertyValue(getResponse, "offers[12].groups[0].pricingPlans[0].visualElements[11].key", "featured_tag_text"): Verify element property value successfully

2023-10-16 14:08:02 - [MESSAGE][PASSED] - Verify element property value successfully

2023-10-16 14:08:02 - [TEST_STEP][PASSED] - verifyElementPropertyValue(getResponse, "offers[12].groups[0].pricingPlans[0].visualElements[11].value", "Limited Time Offer"): Verify element property value successfully

2023-10-16 14:08:02 - [MESSAGE][PASSED] - Verify element property value successfully

2023-10-16 14:08:02 - [TEST_STEP][PASSED] - verifyElementPropertyValue(getResponse, "offers[12].groups[0].pricingPlans[0].visualElements[13].key", "tag_text"): Verify element property value successfully

2023-10-16 14:08:02 - [MESSAGE][PASSED] - Verify element property value successfully

2023-10-16 14:08:02 - [TEST_STEP][PASSED] - verifyElementPropertyValue(getResponse, "offers[12].groups[0].pricingPlans[0].visualElements[13].value", "Save 40%"): Verify element property value successfully

2023-10-16 14:08:02 - [MESSAGE][PASSED] - Verify element property value successfully

2023-10-16 14:08:02 - [TEST_STEP][PASSED] - verifyElementPropertyValue(getResponse, "offers[12].groups[0].pricingPlans[0].visualElements[12].key", "show_tag"): Verify element property value successfully

2023-10-16 14:08:02 - [MESSAGE][PASSED] - Verify element property value successfully

2023-10-16 14:08:02 - [TEST_STEP][PASSED] - verifyElementPropertyValue(getResponse, "offers[12].groups[0].pricingPlans[0].visualElements[12].value", "true"): Verify element property value successfully

2023-10-16 14:08:02 - [MESSAGE][PASSED] - Verify element property value successfully

2023-10-16 14:08:02 - [TEST_STEP][PASSED] - verifyElementPropertyValue(getResponse, "offers[12].groups[0].pricingPlans[0].pricingPlanData[0].productId", "JOR_B2C_SHAHID_VIP_SPORT_1M"): Verify element property value successfully

2023-10-16 14:08:02 - [MESSAGE][PASSED] - Verify element property value successfully

2023-10-16 14:08:02 - [TEST_STEP][PASSED] - verifyElementPropertyValue(getResponse, "offers[12].groups[0].pricingPlans[0].pricingPlanData[0].paymentMethod", "CREDIT_CARD"): Verify element property value successfully

2023-10-16 14:08:02 - [MESSAGE][PASSED] - Verify element property value successfully

2023-10-16 14:08:02 - [TEST_STEP][PASSED] - verifyElementPropertyValue(getResponse, "offers[12].groups[0].pricingPlans[0].pricingPlanData[0].freeTrialEnabled", "false"): Verify element property value successfully

2023-10-16 14:08:02 - [MESSAGE][PASSED] - Verify element property value successfully

2023-10-16 14:08:02 - [TEST_STEP][PASSED] - verifyElementPropertyValue(getResponse, "offers[12].groups[0].pricingPlans[0].pricingPlanData[0].showIn[0]", "VERTICAL_MODE"): Verify element property value successfully

2023-10-16 14:08:02 - [MESSAGE][PASSED] - Verify element property value successfully

2023-10-16 14:08:02 - [TEST_STEP][PASSED] - verifyElementPropertyValue(getResponse, "offers[12].groups[0].pricingPlans[0].pricingPlanData[0].showIn[1]", "HORIZONTAL_MODE"): Verify element property value successfully

2023-10-16 14:08:02 - [MESSAGE][PASSED] - Verify element property value successfully

2023-10-16 14:08:02 - [TEST_STEP][PASSED] - verifyElementPropertyValue(getResponse, "offers[12].groups[0].pricingPlans[0].pricingPlanData[0].priceLabel", "3.59"): Verify element property value successfully

2023-10-16 14:08:02 - [MESSAGE][PASSED] - Verify element property value successfully

2023-10-16 14:08:02 - [TEST_STEP][PASSED] - verifyElementPropertyValue(getResponse, "offers[12].groups[0].pricingPlans[0].pricingPlanData[0].currencyLabel", "JOD"): Verify element property value successfully

2023-10-16 14:08:02 - [MESSAGE][PASSED] - Verify element property value successfully

2023-10-16 14:08:02 - [TEST_STEP][PASSED] - verifyElementPropertyValue(getResponse, "offers[12].groups[0].pricingPlans[0].pricingPlanData[0].dealId", "BYG_SPORT_40P_JOR"): Verify element property value successfully

2023-10-16 14:08:02 - [MESSAGE][PASSED] - Verify element property value successfully

2023-10-16 14:08:02 - [TEST_STEP][PASSED] - verifyElementPropertyValue(getResponse, "offers[12].groups[0].pricingPlans[0].pricingPlanData[0].allowedForAcquisition", "true"): Verify element property value successfully

2023-10-16 14:08:02 - [MESSAGE][PASSED] - Verify element property value successfully

2023-10-16 14:08:02 - [TEST_STEP][PASSED] - verifyElementPropertyValue(getResponse, "offers[12].groups[0].pricingPlans[0].pricingPlanData[0].visualElements[0].key", "title"): Verify element property value successfully

2023-10-16 14:08:02 - [MESSAGE][PASSED] - Verify element property value successfully

2023-10-16 14:08:02 - [TEST_STEP][PASSED] - verifyElementPropertyValue(getResponse, "offers[12].groups[0].pricingPlans[0].pricingPlanData[0].visualElements[0].value", "Credit/Debit Card"): Verify element property value successfully

2023-10-16 14:08:02 - [MESSAGE][PASSED] - Verify element property value successfully

2023-10-16 14:08:02 - [TEST_STEP][PASSED] - verifyElementPropertyValue(getResponse, "offers[12].groups[0].pricingPlans[0].pricingPlanData[0].visualElements[1].key", "CTA_text"): Verify element property value successfully

2023-10-16 14:08:02 - [MESSAGE][PASSED] - Verify element property value successfully

2023-10-16 14:08:02 - [TEST_STEP][PASSED] - verifyElementPropertyValue(getResponse, "offers[12].groups[0].pricingPlans[0].pricingPlanData[0].visualElements[1].value", "Subscribe"): Verify element property value successfully

2023-10-16 14:08:02 - [MESSAGE][PASSED] - Verify element property value successfully

2023-10-16 14:08:02 - [TEST_STEP][PASSED] - verifyElementPropertyValue(getResponse, "offers[12].groups[0].pricingPlans[0].pricingPlanData[0].visualElements[2].key", "logo"): Verify element property value successfully

2023-10-16 14:08:02 - [MESSAGE][PASSED] - Verify element property value successfully

2023-10-16 14:08:02 - [TEST_STEP][PASSED] - verifyElementPropertyValue(getResponse, "offers[12].groups[0].pricingPlans[0].pricingPlanData[0].visualElements[2].value", "https://static.s3.shahid.mbc.net/widget-images/icons/iconCreditCard.png"): Verify element property value successfully

2023-10-16 14:08:02 - [MESSAGE][PASSED] - Verify element property value successfully

2023-10-16 14:08:02 - [TEST_STEP][PASSED] - verifyElementPropertyValue(getResponse, "offers[13].offerId", "byg-sport-50-offer"): Verify element property value successfully

2023-10-16 14:08:02 - [MESSAGE][PASSED] - Verify element property value successfully

2023-10-16 14:08:02 - [TEST_STEP][PASSED] - verifyElementPropertyValue(getResponse, "offers[13].offerParam", "bygsportsoffer50"): Verify element property value successfully

2023-10-16 14:08:02 - [MESSAGE][PASSED] - Verify element property value successfully

2023-10-16 14:08:02 - [TEST_STEP][PASSED] - verifyElementPropertyValue(getResponse, "offers[13].groups[0].pricingPlans[0].featured", "true"): Verify element property value successfully

2023-10-16 14:08:02 - [MESSAGE][PASSED] - Verify element property value successfully

2023-10-16 14:08:02 - [TEST_STEP][PASSED] - verifyElementPropertyValue(getResponse, "offers[13].groups[0].pricingPlans[0].period", "monthly"): Verify element property value successfully

2023-10-16 14:08:02 - [MESSAGE][PASSED] - Verify element property value successfully

2023-10-16 14:08:02 - [TEST_STEP][PASSED] - verifyElementPropertyValue(getResponse, "offers[13].groups[0].pricingPlans[0].featured", "true"): Verify element property value successfully

2023-10-16 14:08:02 - [MESSAGE][PASSED] - Verify element property value successfully

2023-10-16 14:08:02 - [TEST_STEP][PASSED] - verifyElementPropertyValue(getResponse, "offers[13].groups[0].pricingPlans[0].price", "2.99"): Verify element property value successfully

2023-10-16 14:08:02 - [MESSAGE][PASSED] - Verify element property value successfully

2023-10-16 14:08:02 - [TEST_STEP][PASSED] - verifyElementPropertyValue(getResponse, "offers[13].groups[0].pricingPlans[0].currency", "JOD"): Verify element property value successfully

2023-10-16 14:08:02 - [MESSAGE][PASSED] - Verify element property value successfully

2023-10-16 14:08:02 - [TEST_STEP][PASSED] - verifyElementPropertyValue(getResponse, "offers[13].groups[0].pricingPlans[0].order", "0"): Verify element property value successfully

2023-10-16 14:08:02 - [MESSAGE][PASSED] - Verify element property value successfully

2023-10-16 14:08:02 - [TEST_STEP][PASSED] - verifyElementPropertyValue(getResponse, "offers[13].groups[0].pricingPlans[0].packageId", "SHAHID_VIP_SPORT"): Verify element property value successfully

2023-10-16 14:08:02 - [MESSAGE][PASSED] - Verify element property value successfully

2023-10-16 14:08:02 - [TEST_STEP][PASSED] - verifyElementPropertyValue(getResponse, "offers[13].groups[0].pricingPlans[0].catalogId", "SPORT"): Verify element property value successfully

2023-10-16 14:08:02 - [MESSAGE][PASSED] - Verify element property value successfully

2023-10-16 14:08:02 - [TEST_STEP][PASSED] - verifyElementPropertyValue(getResponse, "offers[13].groups[0].pricingPlans[0].visualElements[0].key", "Header_1_text"): Verify element property value successfully

2023-10-16 14:08:02 - [MESSAGE][PASSED] - Verify element property value successfully

2023-10-16 14:08:02 - [TEST_STEP][PASSED] - verifyElementPropertyValue(getResponse, "offers[13].groups[0].pricingPlans[0].visualElements[0].value", "Watch the most powerful series and movies exclusively without stopping"): Verify element property value successfully

2023-10-16 14:08:02 - [MESSAGE][PASSED] - Verify element property value successfully

2023-10-16 14:08:02 - [TEST_STEP][PASSED] - verifyElementPropertyValue(getResponse, "offers[13].groups[0].pricingPlans[0].visualElements[1].key", "display_title"): Verify element property value successfully

2023-10-16 14:08:02 - [MESSAGE][PASSED] - Verify element property value successfully

2023-10-16 14:08:02 - [TEST_STEP][FAILED] - verifyElementPropertyValue(getResponse, "offers[13].groups[0].pricingPlans[0].visualElements[1].value", "50% Discount Offer"): Expected element property value '50% Discount Offer' is not equal with actual property value '50% Discount Offer​'

2023-10-16 14:08:02 - [MESSAGE][FAILED] - Expected element property value '50% Discount Offer' is not equal with actual property value '50% Discount Offer​'

2023-10-16 14:08:02 - [TEST_STEP][PASSED] - verifyElementPropertyValue(getResponse, "offers[13].groups[0].pricingPlans[0].visualElements[3].key", "deduction_text"): Verify element property value successfully

2023-10-16 14:08:02 - [MESSAGE][PASSED] - Verify element property value successfully

2023-10-16 14:08:02 - [TEST_STEP][PASSED] - verifyElementPropertyValue(getResponse, "offers[13].groups[0].pricingPlans[0].visualElements[3].value", "billed every month"): Verify element property value successfully

2023-10-16 14:08:02 - [MESSAGE][PASSED] - Verify element property value successfully

2023-10-16 14:08:02 - [TEST_STEP][PASSED] - verifyElementPropertyValue(getResponse, "offers[13].groups[0].pricingPlans[0].visualElements[6].key", "show_payment_logo"): Verify element property value successfully

2023-10-16 14:08:02 - [MESSAGE][PASSED] - Verify element property value successfully

2023-10-16 14:08:02 - [TEST_STEP][PASSED] - verifyElementPropertyValue(getResponse, "offers[13].groups[0].pricingPlans[0].visualElements[6].value", "true"): Verify element property value successfully

2023-10-16 14:08:02 - [MESSAGE][PASSED] - Verify element property value successfully

2023-10-16 14:08:02 - [TEST_STEP][PASSED] - verifyElementPropertyValue(getResponse, "offers[13].groups[0].pricingPlans[0].visualElements[8].key", "price"): Verify element property value successfully

2023-10-16 14:08:02 - [MESSAGE][PASSED] - Verify element property value successfully

2023-10-16 14:08:02 - [TEST_STEP][PASSED] - verifyElementPropertyValue(getResponse, "offers[13].groups[0].pricingPlans[0].visualElements[8].value", "2.99"): Verify element property value successfully

2023-10-16 14:08:02 - [MESSAGE][PASSED] - Verify element property value successfully

2023-10-16 14:08:02 - [TEST_STEP][PASSED] - verifyElementPropertyValue(getResponse, "offers[13].groups[0].pricingPlans[0].visualElements[9].key", "currency"): Verify element property value successfully

2023-10-16 14:08:02 - [MESSAGE][PASSED] - Verify element property value successfully

2023-10-16 14:08:02 - [TEST_STEP][PASSED] - verifyElementPropertyValue(getResponse, "offers[13].groups[0].pricingPlans[0].visualElements[9].value", "JOD"): Verify element property value successfully

2023-10-16 14:08:02 - [MESSAGE][PASSED] - Verify element property value successfully

2023-10-16 14:08:02 - [TEST_STEP][PASSED] - verifyElementPropertyValue(getResponse, "offers[13].groups[0].pricingPlans[0].visualElements[10].key", "duration"): Verify element property value successfully

2023-10-16 14:08:02 - [MESSAGE][PASSED] - Verify element property value successfully

2023-10-16 14:08:02 - [TEST_STEP][PASSED] - verifyElementPropertyValue(getResponse, "offers[13].groups[0].pricingPlans[0].visualElements[10].value", "Monthly"): Verify element property value successfully

2023-10-16 14:08:02 - [MESSAGE][PASSED] - Verify element property value successfully

2023-10-16 14:08:02 - [TEST_STEP][PASSED] - verifyElementPropertyValue(getResponse, "offers[13].groups[0].pricingPlans[0].visualElements[11].key", "featured_tag_text"): Verify element property value successfully

2023-10-16 14:08:02 - [MESSAGE][PASSED] - Verify element property value successfully

2023-10-16 14:08:02 - [TEST_STEP][PASSED] - verifyElementPropertyValue(getResponse, "offers[13].groups[0].pricingPlans[0].visualElements[11].value", "Limited Time Offer"): Verify element property value successfully

2023-10-16 14:08:02 - [MESSAGE][PASSED] - Verify element property value successfully

2023-10-16 14:08:02 - [TEST_STEP][PASSED] - verifyElementPropertyValue(getResponse, "offers[13].groups[0].pricingPlans[0].visualElements[13].key", "tag_text"): Verify element property value successfully

2023-10-16 14:08:02 - [MESSAGE][PASSED] - Verify element property value successfully

2023-10-16 14:08:02 - [TEST_STEP][PASSED] - verifyElementPropertyValue(getResponse, "offers[13].groups[0].pricingPlans[0].visualElements[13].value", "Save 50%"): Verify element property value successfully

2023-10-16 14:08:02 - [MESSAGE][PASSED] - Verify element property value successfully

2023-10-16 14:08:02 - [TEST_STEP][PASSED] - verifyElementPropertyValue(getResponse, "offers[13].groups[0].pricingPlans[0].visualElements[12].key", "show_tag"): Verify element property value successfully

2023-10-16 14:08:02 - [MESSAGE][PASSED] - Verify element property value successfully

2023-10-16 14:08:02 - [TEST_STEP][PASSED] - verifyElementPropertyValue(getResponse, "offers[13].groups[0].pricingPlans[0].visualElements[12].value", "true"): Verify element property value successfully

2023-10-16 14:08:02 - [MESSAGE][PASSED] - Verify element property value successfully

2023-10-16 14:08:02 - [TEST_STEP][PASSED] - verifyElementPropertyValue(getResponse, "offers[13].groups[0].pricingPlans[0].pricingPlanData[0].productId", "JOR_B2C_SHAHID_VIP_SPORT_1M"): Verify element property value successfully

2023-10-16 14:08:02 - [MESSAGE][PASSED] - Verify element property value successfully

2023-10-16 14:08:02 - [TEST_STEP][PASSED] - verifyElementPropertyValue(getResponse, "offers[13].groups[0].pricingPlans[0].pricingPlanData[0].paymentMethod", "CREDIT_CARD"): Verify element property value successfully

2023-10-16 14:08:02 - [MESSAGE][PASSED] - Verify element property value successfully

2023-10-16 14:08:02 - [TEST_STEP][PASSED] - verifyElementPropertyValue(getResponse, "offers[13].groups[0].pricingPlans[0].pricingPlanData[0].freeTrialEnabled", "false"): Verify element property value successfully

2023-10-16 14:08:02 - [MESSAGE][PASSED] - Verify element property value successfully

2023-10-16 14:08:02 - [TEST_STEP][PASSED] - verifyElementPropertyValue(getResponse, "offers[13].groups[0].pricingPlans[0].pricingPlanData[0].showIn[0]", "VERTICAL_MODE"): Verify element property value successfully

2023-10-16 14:08:02 - [MESSAGE][PASSED] - Verify element property value successfully

2023-10-16 14:08:02 - [TEST_STEP][PASSED] - verifyElementPropertyValue(getResponse, "offers[13].groups[0].pricingPlans[0].pricingPlanData[0].showIn[1]", "HORIZONTAL_MODE"): Verify element property value successfully

2023-10-16 14:08:02 - [MESSAGE][PASSED] - Verify element property value successfully

2023-10-16 14:08:02 - [TEST_STEP][PASSED] - verifyElementPropertyValue(getResponse, "offers[13].groups[0].pricingPlans[0].pricingPlanData[0].priceLabel", "2.99"): Verify element property value successfully

2023-10-16 14:08:02 - [MESSAGE][PASSED] - Verify element property value successfully

2023-10-16 14:08:02 - [TEST_STEP][PASSED] - verifyElementPropertyValue(getResponse, "offers[13].groups[0].pricingPlans[0].pricingPlanData[0].currencyLabel", "JOD"): Verify element property value successfully

2023-10-16 14:08:02 - [MESSAGE][PASSED] - Verify element property value successfully

2023-10-16 14:08:02 - [TEST_STEP][PASSED] - verifyElementPropertyValue(getResponse, "offers[13].groups[0].pricingPlans[0].pricingPlanData[0].dealId", "BYG_SPORT_50P_JOR"): Verify element property value successfully

2023-10-16 14:08:02 - [MESSAGE][PASSED] - Verify element property value successfully

2023-10-16 14:08:02 - [TEST_STEP][PASSED] - verifyElementPropertyValue(getResponse, "offers[13].groups[0].pricingPlans[0].pricingPlanData[0].allowedForAcquisition", "true"): Verify element property value successfully

2023-10-16 14:08:02 - [MESSAGE][PASSED] - Verify element property value successfully

2023-10-16 14:08:02 - [TEST_STEP][PASSED] - verifyElementPropertyValue(getResponse, "offers[13].groups[0].pricingPlans[0].pricingPlanData[0].visualElements[0].key", "title"): Verify element property value successfully

2023-10-16 14:08:02 - [MESSAGE][PASSED] - Verify element property value successfully

2023-10-16 14:08:02 - [TEST_STEP][PASSED] - verifyElementPropertyValue(getResponse, "offers[13].groups[0].pricingPlans[0].pricingPlanData[0].visualElements[0].value", "Credit/Debit Card"): Verify element property value successfully

2023-10-16 14:08:02 - [MESSAGE][PASSED] - Verify element property value successfully

2023-10-16 14:08:02 - [TEST_STEP][PASSED] - verifyElementPropertyValue(getResponse, "offers[13].groups[0].pricingPlans[0].pricingPlanData[0].visualElements[1].key", "CTA_text"): Verify element property value successfully

2023-10-16 14:08:02 - [MESSAGE][PASSED] - Verify element property value successfully

2023-10-16 14:08:02 - [TEST_STEP][PASSED] - verifyElementPropertyValue(getResponse, "offers[13].groups[0].pricingPlans[0].pricingPlanData[0].visualElements[1].value", "Subscribe"): Verify element property value successfully

2023-10-16 14:08:02 - [MESSAGE][PASSED] - Verify element property value successfully

2023-10-16 14:08:02 - [TEST_STEP][PASSED] - verifyElementPropertyValue(getResponse, "offers[13].groups[0].pricingPlans[0].pricingPlanData[0].visualElements[2].key", "logo"): Verify element property value successfully

2023-10-16 14:08:03 - [MESSAGE][PASSED] - Verify element property value successfully

2023-10-16 14:08:03 - [TEST_STEP][PASSED] - verifyElementPropertyValue(getResponse, "offers[13].groups[0].pricingPlans[0].pricingPlanData[0].visualElements[2].value", "https://static.s3.shahid.mbc.net/widget-images/icons/iconCreditCard.png"): Verify element property value successfully

2023-10-16 14:08:03 - [MESSAGE][PASSED] - Verify element property value successfully]]></system-out>
         <system-err><![CDATA[2023-10-16 14:07:58 - [TEST_CASE][FAILED] - Test Cases/WEB - CHROME/JOR PI/WEB_EN_getOffersForJOR_SPORT: Test Cases/WEB - CHROME/JOR PI/WEB_EN_getOffersForJOR_SPORT FAILED.
Reason:
com.kms.katalon.core.exception.StepFailedException: Expected element property value '30% Discount Offer' is not equal with actual property value '30% Discount Offer​'
	at com.kms.katalon.core.keyword.internal.KeywordMain.stepFailed(KeywordMain.groovy:39)
	at com.kms.katalon.core.webservice.keyword.builtin.VerifyElementPropertyValueKeyword$_verifyElementPropertyValue_closure1.doCall(VerifyElementPropertyValueKeyword.groovy:56)
	at com.kms.katalon.core.webservice.keyword.builtin.VerifyElementPropertyValueKeyword$_verifyElementPropertyValue_closure1.call(VerifyElementPropertyValueKeyword.groovy)
	at com.kms.katalon.core.keyword.internal.KeywordMain.runKeyword(KeywordMain.groovy:75)
	at com.kms.katalon.core.webservice.keyword.builtin.VerifyElementPropertyValueKeyword.verifyElementPropertyValue(VerifyElementPropertyValueKeyword.groovy:48)
	at com.kms.katalon.core.webservice.keyword.builtin.VerifyElementPropertyValueKeyword.execute(VerifyElementPropertyValueKeyword.groovy:43)
	at com.kms.katalon.core.keyword.internal.KeywordExecutor.executeKeywordForPlatform(KeywordExecutor.groovy:74)
	at com.kms.katalon.core.webservice.keyword.WSBuiltInKeywords.verifyElementPropertyValue(WSBuiltInKeywords.groovy:190)
	at com.kms.katalon.core.webservice.keyword.WSBuiltInKeywords$verifyElementPropertyValue$1.call(Unknown Source)
	at WEB_EN_getOffersForJOR_SPORT.run(WEB_EN_getOffersForJOR_SPORT:45)
	at com.kms.katalon.core.main.ScriptEngine.run(ScriptEngine.java:194)
	at com.kms.katalon.core.main.ScriptEngine.runScriptAsRawText(ScriptEngine.java:119)
	at com.kms.katalon.core.main.TestCaseExecutor.runScript(TestCaseExecutor.java:448)
	at com.kms.katalon.core.main.TestCaseExecutor.doExecute(TestCaseExecutor.java:439)
	at com.kms.katalon.core.main.TestCaseExecutor.processExecutionPhase(TestCaseExecutor.java:418)
	at com.kms.katalon.core.main.TestCaseExecutor.accessMainPhase(TestCaseExecutor.java:410)
	at com.kms.katalon.core.main.TestCaseExecutor.execute(TestCaseExecutor.java:285)
	at com.kms.katalon.core.common.CommonExecutor.accessTestCaseMainPhase(CommonExecutor.java:65)
	at com.kms.katalon.core.main.TestSuiteExecutor.accessTestSuiteMainPhase(TestSuiteExecutor.java:148)
	at com.kms.katalon.core.main.TestSuiteExecutor.execute(TestSuiteExecutor.java:106)
	at com.kms.katalon.core.main.TestCaseMain.startTestSuite(TestCaseMain.java:187)
	at com.kms.katalon.core.main.TestCaseMain$startTestSuite$0.call(Unknown Source)
	at TempTestSuite1697454195634.run(TempTestSuite1697454195634.groovy:36)]]></system-err>
      </testcase>
      <testcase name="Test Cases/WEB - CHROME/JOR PI/WEB_EN_getOffersForJOR_VIP" time="4.966" classname="Test Cases/WEB - CHROME/JOR PI/WEB_EN_getOffersForJOR_VIP" status="FAILED">
         <failure type="FAILED" message="Test Cases/WEB - CHROME/JOR PI/WEB_EN_getOffersForJOR_VIP FAILED.
Reason:
com.kms.katalon.core.exception.StepFailedException: Expected element property value '30% Discount Offer' is not equal with actual property value '30% Discount Offer​'
	at com.kms.katalon.core.keyword.internal.KeywordMain.stepFailed(KeywordMain.groovy:39)
	at com.kms.katalon.core.webservice.keyword.builtin.VerifyElementPropertyValueKeyword$_verifyElementPropertyValue_closure1.doCall(VerifyElementPropertyValueKeyword.groovy:56)
	at com.kms.katalon.core.webservice.keyword.builtin.VerifyElementPropertyValueKeyword$_verifyElementPropertyValue_closure1.call(VerifyElementPropertyValueKeyword.groovy)
	at com.kms.katalon.core.keyword.internal.KeywordMain.runKeyword(KeywordMain.groovy:75)
	at com.kms.katalon.core.webservice.keyword.builtin.VerifyElementPropertyValueKeyword.verifyElementPropertyValue(VerifyElementPropertyValueKeyword.groovy:48)
	at com.kms.katalon.core.webservice.keyword.builtin.VerifyElementPropertyValueKeyword.execute(VerifyElementPropertyValueKeyword.groovy:43)
	at com.kms.katalon.core.keyword.internal.KeywordExecutor.executeKeywordForPlatform(KeywordExecutor.groovy:74)
	at com.kms.katalon.core.webservice.keyword.WSBuiltInKeywords.verifyElementPropertyValue(WSBuiltInKeywords.groovy:190)
	at com.kms.katalon.core.webservice.keyword.WSBuiltInKeywords$verifyElementPropertyValue$1.call(Unknown Source)
	at WEB_EN_getOffersForJOR_VIP.run(WEB_EN_getOffersForJOR_VIP:61)
	at com.kms.katalon.core.main.ScriptEngine.run(ScriptEngine.java:194)
	at com.kms.katalon.core.main.ScriptEngine.runScriptAsRawText(ScriptEngine.java:119)
	at com.kms.katalon.core.main.TestCaseExecutor.runScript(TestCaseExecutor.java:448)
	at com.kms.katalon.core.main.TestCaseExecutor.doExecute(TestCaseExecutor.java:439)
	at com.kms.katalon.core.main.TestCaseExecutor.processExecutionPhase(TestCaseExecutor.java:418)
	at com.kms.katalon.core.main.TestCaseExecutor.accessMainPhase(TestCaseExecutor.java:410)
	at com.kms.katalon.core.main.TestCaseExecutor.execute(TestCaseExecutor.java:285)
	at com.kms.katalon.core.common.CommonExecutor.accessTestCaseMainPhase(CommonExecutor.java:65)
	at com.kms.katalon.core.main.TestSuiteExecutor.accessTestSuiteMainPhase(TestSuiteExecutor.java:148)
	at com.kms.katalon.core.main.TestSuiteExecutor.execute(TestSuiteExecutor.java:106)
	at com.kms.katalon.core.main.TestCaseMain.startTestSuite(TestCaseMain.java:187)
	at com.kms.katalon.core.main.TestCaseMain$startTestSuite$0.call(Unknown Source)
	at TempTestSuite1697454195634.run(TempTestSuite1697454195634.groovy:36)
"/>
         <system-out><![CDATA[2023-10-16 14:08:03 - [TEST_CASE][FAILED] - Test Cases/WEB - CHROME/JOR PI/WEB_EN_getOffersForJOR_VIP: Test Cases/WEB - CHROME/JOR PI/WEB_EN_getOffersForJOR_VIP FAILED.
Reason:
com.kms.katalon.core.exception.StepFailedException: Expected element property value '30% Discount Offer' is not equal with actual property value '30% Discount Offer​'
	at com.kms.katalon.core.keyword.internal.KeywordMain.stepFailed(KeywordMain.groovy:39)
	at com.kms.katalon.core.webservice.keyword.builtin.VerifyElementPropertyValueKeyword$_verifyElementPropertyValue_closure1.doCall(VerifyElementPropertyValueKeyword.groovy:56)
	at com.kms.katalon.core.webservice.keyword.builtin.VerifyElementPropertyValueKeyword$_verifyElementPropertyValue_closure1.call(VerifyElementPropertyValueKeyword.groovy)
	at com.kms.katalon.core.keyword.internal.KeywordMain.runKeyword(KeywordMain.groovy:75)
	at com.kms.katalon.core.webservice.keyword.builtin.VerifyElementPropertyValueKeyword.verifyElementPropertyValue(VerifyElementPropertyValueKeyword.groovy:48)
	at com.kms.katalon.core.webservice.keyword.builtin.VerifyElementPropertyValueKeyword.execute(VerifyElementPropertyValueKeyword.groovy:43)
	at com.kms.katalon.core.keyword.internal.KeywordExecutor.executeKeywordForPlatform(KeywordExecutor.groovy:74)
	at com.kms.katalon.core.webservice.keyword.WSBuiltInKeywords.verifyElementPropertyValue(WSBuiltInKeywords.groovy:190)
	at com.kms.katalon.core.webservice.keyword.WSBuiltInKeywords$verifyElementPropertyValue$1.call(Unknown Source)
	at WEB_EN_getOffersForJOR_VIP.run(WEB_EN_getOffersForJOR_VIP:61)
	at com.kms.katalon.core.main.ScriptEngine.run(ScriptEngine.java:194)
	at com.kms.katalon.core.main.ScriptEngine.runScriptAsRawText(ScriptEngine.java:119)
	at com.kms.katalon.core.main.TestCaseExecutor.runScript(TestCaseExecutor.java:448)
	at com.kms.katalon.core.main.TestCaseExecutor.doExecute(TestCaseExecutor.java:439)
	at com.kms.katalon.core.main.TestCaseExecutor.processExecutionPhase(TestCaseExecutor.java:418)
	at com.kms.katalon.core.main.TestCaseExecutor.accessMainPhase(TestCaseExecutor.java:410)
	at com.kms.katalon.core.main.TestCaseExecutor.execute(TestCaseExecutor.java:285)
	at com.kms.katalon.core.common.CommonExecutor.accessTestCaseMainPhase(CommonExecutor.java:65)
	at com.kms.katalon.core.main.TestSuiteExecutor.accessTestSuiteMainPhase(TestSuiteExecutor.java:148)
	at com.kms.katalon.core.main.TestSuiteExecutor.execute(TestSuiteExecutor.java:106)
	at com.kms.katalon.core.main.TestCaseMain.startTestSuite(TestCaseMain.java:187)
	at com.kms.katalon.core.main.TestCaseMain$startTestSuite$0.call(Unknown Source)
	at TempTestSuite1697454195634.run(TempTestSuite1697454195634.groovy:36)


2023-10-16 14:08:03 - [TEST_STEP][PASSED] - getResponse = config_files.getConfigFile.getConfig("WEB", "EN", "SHAHID_VIP", "JO", "false"): config_files.getConfigFile.getConfig is PASSED

2023-10-16 14:08:03 - [MESSAGE][INFO] - HAR: /Users/admin/git/shahid-configuration/Reports/20231016_140310/WEB/JOR/20231016_140315/requests/main/7.har

2023-10-16 14:08:03 - [MESSAGE][PASSED] - Send request successfully

2023-10-16 14:08:03 - [MESSAGE][PASSED] - config_files.getConfigFile.getConfig is PASSED

2023-10-16 14:08:03 - [TEST_STEP][PASSED] - verifyResponseStatusCode(getResponse, 200): Verify response status code successfully

2023-10-16 14:08:03 - [MESSAGE][PASSED] - Verify response status code successfully

2023-10-16 14:08:03 - [TEST_STEP][PASSED] - verifyElementPropertyValue(getResponse, "country", "JOR"): Verify element property value successfully

2023-10-16 14:08:03 - [MESSAGE][PASSED] - Verify element property value successfully

2023-10-16 14:08:03 - [TEST_STEP][PASSED] - verifyElementPropertyValue(getResponse, "platform", "[WEB]"): Verify element property value successfully

2023-10-16 14:08:03 - [MESSAGE][PASSED] - Verify element property value successfully

2023-10-16 14:08:03 - [TEST_STEP][PASSED] - verifyElementPropertyValue(getResponse, "offers[0].offerId", "winback-30-offer"): Verify element property value successfully

2023-10-16 14:08:04 - [MESSAGE][PASSED] - Verify element property value successfully

2023-10-16 14:08:04 - [TEST_STEP][PASSED] - verifyElementPropertyValue(getResponse, "offers[0].offerParam", "winback30"): Verify element property value successfully

2023-10-16 14:08:04 - [MESSAGE][PASSED] - Verify element property value successfully

2023-10-16 14:08:04 - [TEST_STEP][PASSED] - verifyElementPropertyValue(getResponse, "offers[0].groups[0].pricingPlans[0].featured", "true"): Verify element property value successfully

2023-10-16 14:08:04 - [MESSAGE][PASSED] - Verify element property value successfully

2023-10-16 14:08:04 - [TEST_STEP][PASSED] - verifyElementPropertyValue(getResponse, "offers[0].groups[0].pricingPlans[0].period", "monthly"): Verify element property value successfully

2023-10-16 14:08:04 - [MESSAGE][PASSED] - Verify element property value successfully

2023-10-16 14:08:04 - [TEST_STEP][PASSED] - verifyElementPropertyValue(getResponse, "offers[0].groups[0].pricingPlans[0].featured", "true"): Verify element property value successfully

2023-10-16 14:08:04 - [MESSAGE][PASSED] - Verify element property value successfully

2023-10-16 14:08:04 - [TEST_STEP][PASSED] - verifyElementPropertyValue(getResponse, "offers[0].groups[0].pricingPlans[0].price", "2.09"): Verify element property value successfully

2023-10-16 14:08:04 - [MESSAGE][PASSED] - Verify element property value successfully

2023-10-16 14:08:04 - [TEST_STEP][PASSED] - verifyElementPropertyValue(getResponse, "offers[0].groups[0].pricingPlans[0].currency", "JOD"): Verify element property value successfully

2023-10-16 14:08:04 - [MESSAGE][PASSED] - Verify element property value successfully

2023-10-16 14:08:04 - [TEST_STEP][PASSED] - verifyElementPropertyValue(getResponse, "offers[0].groups[0].pricingPlans[0].order", "0"): Verify element property value successfully

2023-10-16 14:08:04 - [MESSAGE][PASSED] - Verify element property value successfully

2023-10-16 14:08:04 - [TEST_STEP][PASSED] - verifyElementPropertyValue(getResponse, "offers[0].groups[0].pricingPlans[0].packageId", "SHAHID_VIP"): Verify element property value successfully

2023-10-16 14:08:04 - [MESSAGE][PASSED] - Verify element property value successfully

2023-10-16 14:08:04 - [TEST_STEP][PASSED] - verifyElementPropertyValue(getResponse, "offers[0].groups[0].pricingPlans[0].catalogId", "VIP"): Verify element property value successfully

2023-10-16 14:08:04 - [MESSAGE][PASSED] - Verify element property value successfully

2023-10-16 14:08:04 - [TEST_STEP][PASSED] - verifyElementPropertyValue(getResponse, "offers[0].groups[0].pricingPlans[0].visualElements[0].key", "Header_1_text"): Verify element property value successfully

2023-10-16 14:08:04 - [MESSAGE][PASSED] - Verify element property value successfully

2023-10-16 14:08:04 - [TEST_STEP][PASSED] - verifyElementPropertyValue(getResponse, "offers[0].groups[0].pricingPlans[0].visualElements[0].value", "Watch the most powerful series and movies exclusively without stopping"): Verify element property value successfully

2023-10-16 14:08:04 - [MESSAGE][PASSED] - Verify element property value successfully

2023-10-16 14:08:04 - [TEST_STEP][PASSED] - verifyElementPropertyValue(getResponse, "offers[0].groups[0].pricingPlans[0].visualElements[1].key", "display_title"): Verify element property value successfully

2023-10-16 14:08:04 - [MESSAGE][PASSED] - Verify element property value successfully

2023-10-16 14:08:04 - [TEST_STEP][FAILED] - verifyElementPropertyValue(getResponse, "offers[0].groups[0].pricingPlans[0].visualElements[1].value", "30% Discount Offer"): Expected element property value '30% Discount Offer' is not equal with actual property value '30% Discount Offer​'

2023-10-16 14:08:04 - [MESSAGE][FAILED] - Expected element property value '30% Discount Offer' is not equal with actual property value '30% Discount Offer​'

2023-10-16 14:08:04 - [TEST_STEP][PASSED] - verifyElementPropertyValue(getResponse, "offers[0].groups[0].pricingPlans[0].visualElements[3].key", "deduction_text"): Verify element property value successfully

2023-10-16 14:08:04 - [MESSAGE][PASSED] - Verify element property value successfully

2023-10-16 14:08:04 - [TEST_STEP][PASSED] - verifyElementPropertyValue(getResponse, "offers[0].groups[0].pricingPlans[0].visualElements[3].value", "billed every month"): Verify element property value successfully

2023-10-16 14:08:04 - [MESSAGE][PASSED] - Verify element property value successfully

2023-10-16 14:08:04 - [TEST_STEP][PASSED] - verifyElementPropertyValue(getResponse, "offers[0].groups[0].pricingPlans[0].visualElements[6].key", "show_payment_logo"): Verify element property value successfully

2023-10-16 14:08:04 - [MESSAGE][PASSED] - Verify element property value successfully

2023-10-16 14:08:04 - [TEST_STEP][PASSED] - verifyElementPropertyValue(getResponse, "offers[0].groups[0].pricingPlans[0].visualElements[6].value", "true"): Verify element property value successfully

2023-10-16 14:08:04 - [MESSAGE][PASSED] - Verify element property value successfully

2023-10-16 14:08:04 - [TEST_STEP][PASSED] - verifyElementPropertyValue(getResponse, "offers[0].groups[0].pricingPlans[0].visualElements[8].key", "price"): Verify element property value successfully

2023-10-16 14:08:04 - [MESSAGE][PASSED] - Verify element property value successfully

2023-10-16 14:08:04 - [TEST_STEP][PASSED] - verifyElementPropertyValue(getResponse, "offers[0].groups[0].pricingPlans[0].visualElements[8].value", "2.09"): Verify element property value successfully

2023-10-16 14:08:04 - [MESSAGE][PASSED] - Verify element property value successfully

2023-10-16 14:08:04 - [TEST_STEP][PASSED] - verifyElementPropertyValue(getResponse, "offers[0].groups[0].pricingPlans[0].visualElements[9].key", "currency"): Verify element property value successfully

2023-10-16 14:08:04 - [MESSAGE][PASSED] - Verify element property value successfully

2023-10-16 14:08:04 - [TEST_STEP][PASSED] - verifyElementPropertyValue(getResponse, "offers[0].groups[0].pricingPlans[0].visualElements[9].value", "JOD"): Verify element property value successfully

2023-10-16 14:08:04 - [MESSAGE][PASSED] - Verify element property value successfully

2023-10-16 14:08:04 - [TEST_STEP][PASSED] - verifyElementPropertyValue(getResponse, "offers[0].groups[0].pricingPlans[0].visualElements[10].key", "duration"): Verify element property value successfully

2023-10-16 14:08:04 - [MESSAGE][PASSED] - Verify element property value successfully

2023-10-16 14:08:04 - [TEST_STEP][PASSED] - verifyElementPropertyValue(getResponse, "offers[0].groups[0].pricingPlans[0].visualElements[10].value", "Monthly"): Verify element property value successfully

2023-10-16 14:08:04 - [MESSAGE][PASSED] - Verify element property value successfully

2023-10-16 14:08:04 - [TEST_STEP][PASSED] - verifyElementPropertyValue(getResponse, "offers[0].groups[0].pricingPlans[0].visualElements[11].key", "featured_tag_text"): Verify element property value successfully

2023-10-16 14:08:04 - [MESSAGE][PASSED] - Verify element property value successfully

2023-10-16 14:08:04 - [TEST_STEP][PASSED] - verifyElementPropertyValue(getResponse, "offers[0].groups[0].pricingPlans[0].visualElements[11].value", "Limited Time Offer"): Verify element property value successfully

2023-10-16 14:08:04 - [MESSAGE][PASSED] - Verify element property value successfully

2023-10-16 14:08:04 - [TEST_STEP][PASSED] - verifyElementPropertyValue(getResponse, "offers[0].groups[0].pricingPlans[0].visualElements[12].key", "show_tag"): Verify element property value successfully

2023-10-16 14:08:04 - [MESSAGE][PASSED] - Verify element property value successfully

2023-10-16 14:08:04 - [TEST_STEP][PASSED] - verifyElementPropertyValue(getResponse, "offers[0].groups[0].pricingPlans[0].visualElements[12].value", "true"): Verify element property value successfully

2023-10-16 14:08:04 - [MESSAGE][PASSED] - Verify element property value successfully

2023-10-16 14:08:04 - [TEST_STEP][PASSED] - verifyElementPropertyValue(getResponse, "offers[0].groups[0].pricingPlans[0].visualElements[13].key", "tag_text"): Verify element property value successfully

2023-10-16 14:08:04 - [MESSAGE][PASSED] - Verify element property value successfully

2023-10-16 14:08:04 - [TEST_STEP][PASSED] - verifyElementPropertyValue(getResponse, "offers[0].groups[0].pricingPlans[0].visualElements[13].value", "Save 30%"): Verify element property value successfully

2023-10-16 14:08:04 - [MESSAGE][PASSED] - Verify element property value successfully

2023-10-16 14:08:04 - [TEST_STEP][PASSED] - verifyElementPropertyValue(getResponse, "offers[0].groups[0].pricingPlans[0].pricingPlanData[0].productId", "JOR_B2C_SHAHID_VIP_1M"): Verify element property value successfully

2023-10-16 14:08:04 - [MESSAGE][PASSED] - Verify element property value successfully

2023-10-16 14:08:04 - [TEST_STEP][PASSED] - verifyElementPropertyValue(getResponse, "offers[0].groups[0].pricingPlans[0].pricingPlanData[0].paymentMethod", "CREDIT_CARD"): Verify element property value successfully

2023-10-16 14:08:04 - [MESSAGE][PASSED] - Verify element property value successfully

2023-10-16 14:08:04 - [TEST_STEP][PASSED] - verifyElementPropertyValue(getResponse, "offers[0].groups[0].pricingPlans[0].pricingPlanData[0].freeTrialEnabled", "false"): Verify element property value successfully

2023-10-16 14:08:04 - [MESSAGE][PASSED] - Verify element property value successfully

2023-10-16 14:08:04 - [TEST_STEP][PASSED] - verifyElementPropertyValue(getResponse, "offers[0].groups[0].pricingPlans[0].pricingPlanData[0].showIn[0]", "VERTICAL_MODE"): Verify element property value successfully

2023-10-16 14:08:04 - [MESSAGE][PASSED] - Verify element property value successfully

2023-10-16 14:08:04 - [TEST_STEP][PASSED] - verifyElementPropertyValue(getResponse, "offers[0].groups[0].pricingPlans[0].pricingPlanData[0].showIn[1]", "HORIZONTAL_MODE"): Verify element property value successfully

2023-10-16 14:08:04 - [MESSAGE][PASSED] - Verify element property value successfully

2023-10-16 14:08:04 - [TEST_STEP][PASSED] - verifyElementPropertyValue(getResponse, "offers[0].groups[0].pricingPlans[0].pricingPlanData[0].priceLabel", "2.09"): Verify element property value successfully

2023-10-16 14:08:04 - [MESSAGE][PASSED] - Verify element property value successfully

2023-10-16 14:08:04 - [TEST_STEP][PASSED] - verifyElementPropertyValue(getResponse, "offers[0].groups[0].pricingPlans[0].pricingPlanData[0].currencyLabel", "JOD"): Verify element property value successfully

2023-10-16 14:08:04 - [MESSAGE][PASSED] - Verify element property value successfully

2023-10-16 14:08:04 - [TEST_STEP][PASSED] - verifyElementPropertyValue(getResponse, "offers[0].groups[0].pricingPlans[0].pricingPlanData[0].dealId", "RE_30P_JOR"): Verify element property value successfully

2023-10-16 14:08:04 - [MESSAGE][PASSED] - Verify element property value successfully

2023-10-16 14:08:04 - [TEST_STEP][PASSED] - verifyElementPropertyValue(getResponse, "offers[0].groups[0].pricingPlans[0].pricingPlanData[0].allowedForAcquisition", "true"): Verify element property value successfully

2023-10-16 14:08:04 - [MESSAGE][PASSED] - Verify element property value successfully

2023-10-16 14:08:04 - [TEST_STEP][PASSED] - verifyElementPropertyValue(getResponse, "offers[0].groups[0].pricingPlans[0].pricingPlanData[0].visualElements[0].key", "title"): Verify element property value successfully

2023-10-16 14:08:04 - [MESSAGE][PASSED] - Verify element property value successfully

2023-10-16 14:08:04 - [TEST_STEP][PASSED] - verifyElementPropertyValue(getResponse, "offers[0].groups[0].pricingPlans[0].pricingPlanData[0].visualElements[0].value", "Credit/Debit Card"): Verify element property value successfully

2023-10-16 14:08:04 - [MESSAGE][PASSED] - Verify element property value successfully

2023-10-16 14:08:04 - [TEST_STEP][PASSED] - verifyElementPropertyValue(getResponse, "offers[0].groups[0].pricingPlans[0].pricingPlanData[0].visualElements[1].key", "CTA_text"): Verify element property value successfully

2023-10-16 14:08:04 - [MESSAGE][PASSED] - Verify element property value successfully

2023-10-16 14:08:04 - [TEST_STEP][PASSED] - verifyElementPropertyValue(getResponse, "offers[0].groups[0].pricingPlans[0].pricingPlanData[0].visualElements[1].value", "Subscribe"): Verify element property value successfully

2023-10-16 14:08:04 - [MESSAGE][PASSED] - Verify element property value successfully

2023-10-16 14:08:04 - [TEST_STEP][PASSED] - verifyElementPropertyValue(getResponse, "offers[0].groups[0].pricingPlans[0].pricingPlanData[0].visualElements[2].key", "logo"): Verify element property value successfully

2023-10-16 14:08:04 - [MESSAGE][PASSED] - Verify element property value successfully

2023-10-16 14:08:04 - [TEST_STEP][PASSED] - verifyElementPropertyValue(getResponse, "offers[0].groups[0].pricingPlans[0].pricingPlanData[0].visualElements[2].value", "https://static.s3.shahid.mbc.net/widget-images/icons/iconCreditCard.png"): Verify element property value successfully

2023-10-16 14:08:04 - [MESSAGE][PASSED] - Verify element property value successfully

2023-10-16 14:08:04 - [TEST_STEP][PASSED] - verifyElementPropertyValue(getResponse, "offers[1].offerId", "winback-40-offer"): Verify element property value successfully

2023-10-16 14:08:04 - [MESSAGE][PASSED] - Verify element property value successfully

2023-10-16 14:08:04 - [TEST_STEP][PASSED] - verifyElementPropertyValue(getResponse, "offers[1].offerParam", "winback40"): Verify element property value successfully

2023-10-16 14:08:04 - [MESSAGE][PASSED] - Verify element property value successfully

2023-10-16 14:08:04 - [TEST_STEP][PASSED] - verifyElementPropertyValue(getResponse, "offers[1].groups[0].pricingPlans[0].featured", "true"): Verify element property value successfully

2023-10-16 14:08:04 - [MESSAGE][PASSED] - Verify element property value successfully

2023-10-16 14:08:04 - [TEST_STEP][PASSED] - verifyElementPropertyValue(getResponse, "offers[1].groups[0].pricingPlans[0].period", "monthly"): Verify element property value successfully

2023-10-16 14:08:04 - [MESSAGE][PASSED] - Verify element property value successfully

2023-10-16 14:08:04 - [TEST_STEP][PASSED] - verifyElementPropertyValue(getResponse, "offers[1].groups[0].pricingPlans[0].featured", "true"): Verify element property value successfully

2023-10-16 14:08:04 - [MESSAGE][PASSED] - Verify element property value successfully

2023-10-16 14:08:04 - [TEST_STEP][PASSED] - verifyElementPropertyValue(getResponse, "offers[1].groups[0].pricingPlans[0].price", "1.79"): Verify element property value successfully

2023-10-16 14:08:04 - [MESSAGE][PASSED] - Verify element property value successfully

2023-10-16 14:08:04 - [TEST_STEP][PASSED] - verifyElementPropertyValue(getResponse, "offers[1].groups[0].pricingPlans[0].currency", "JOD"): Verify element property value successfully

2023-10-16 14:08:04 - [MESSAGE][PASSED] - Verify element property value successfully

2023-10-16 14:08:04 - [TEST_STEP][PASSED] - verifyElementPropertyValue(getResponse, "offers[1].groups[0].pricingPlans[0].order", "0"): Verify element property value successfully

2023-10-16 14:08:04 - [MESSAGE][PASSED] - Verify element property value successfully

2023-10-16 14:08:04 - [TEST_STEP][PASSED] - verifyElementPropertyValue(getResponse, "offers[1].groups[0].pricingPlans[0].packageId", "SHAHID_VIP"): Verify element property value successfully

2023-10-16 14:08:04 - [MESSAGE][PASSED] - Verify element property value successfully

2023-10-16 14:08:04 - [TEST_STEP][PASSED] - verifyElementPropertyValue(getResponse, "offers[1].groups[0].pricingPlans[0].catalogId", "VIP"): Verify element property value successfully

2023-10-16 14:08:04 - [MESSAGE][PASSED] - Verify element property value successfully

2023-10-16 14:08:04 - [TEST_STEP][PASSED] - verifyElementPropertyValue(getResponse, "offers[1].groups[0].pricingPlans[0].visualElements[0].key", "Header_1_text"): Verify element property value successfully

2023-10-16 14:08:04 - [MESSAGE][PASSED] - Verify element property value successfully

2023-10-16 14:08:04 - [TEST_STEP][PASSED] - verifyElementPropertyValue(getResponse, "offers[1].groups[0].pricingPlans[0].visualElements[0].value", "Watch the most powerful series and movies exclusively without stopping"): Verify element property value successfully

2023-10-16 14:08:04 - [MESSAGE][PASSED] - Verify element property value successfully

2023-10-16 14:08:04 - [TEST_STEP][PASSED] - verifyElementPropertyValue(getResponse, "offers[1].groups[0].pricingPlans[0].visualElements[1].key", "display_title"): Verify element property value successfully

2023-10-16 14:08:04 - [MESSAGE][PASSED] - Verify element property value successfully

2023-10-16 14:08:04 - [TEST_STEP][FAILED] - verifyElementPropertyValue(getResponse, "offers[1].groups[0].pricingPlans[0].visualElements[1].value", "40% Discount Offer"): Expected element property value '40% Discount Offer' is not equal with actual property value '40% Discount Offer​'

2023-10-16 14:08:04 - [MESSAGE][FAILED] - Expected element property value '40% Discount Offer' is not equal with actual property value '40% Discount Offer​'

2023-10-16 14:08:04 - [TEST_STEP][PASSED] - verifyElementPropertyValue(getResponse, "offers[1].groups[0].pricingPlans[0].visualElements[3].key", "deduction_text"): Verify element property value successfully

2023-10-16 14:08:04 - [MESSAGE][PASSED] - Verify element property value successfully

2023-10-16 14:08:04 - [TEST_STEP][PASSED] - verifyElementPropertyValue(getResponse, "offers[1].groups[0].pricingPlans[0].visualElements[3].value", "billed every month"): Verify element property value successfully

2023-10-16 14:08:04 - [MESSAGE][PASSED] - Verify element property value successfully

2023-10-16 14:08:04 - [TEST_STEP][PASSED] - verifyElementPropertyValue(getResponse, "offers[1].groups[0].pricingPlans[0].visualElements[6].key", "show_payment_logo"): Verify element property value successfully

2023-10-16 14:08:04 - [MESSAGE][PASSED] - Verify element property value successfully

2023-10-16 14:08:04 - [TEST_STEP][PASSED] - verifyElementPropertyValue(getResponse, "offers[1].groups[0].pricingPlans[0].visualElements[6].value", "true"): Verify element property value successfully

2023-10-16 14:08:04 - [MESSAGE][PASSED] - Verify element property value successfully

2023-10-16 14:08:04 - [TEST_STEP][PASSED] - verifyElementPropertyValue(getResponse, "offers[1].groups[0].pricingPlans[0].visualElements[8].key", "price"): Verify element property value successfully

2023-10-16 14:08:04 - [MESSAGE][PASSED] - Verify element property value successfully

2023-10-16 14:08:04 - [TEST_STEP][PASSED] - verifyElementPropertyValue(getResponse, "offers[1].groups[0].pricingPlans[0].visualElements[8].value", "1.79"): Verify element property value successfully

2023-10-16 14:08:04 - [MESSAGE][PASSED] - Verify element property value successfully

2023-10-16 14:08:04 - [TEST_STEP][PASSED] - verifyElementPropertyValue(getResponse, "offers[1].groups[0].pricingPlans[0].visualElements[9].key", "currency"): Verify element property value successfully

2023-10-16 14:08:04 - [MESSAGE][PASSED] - Verify element property value successfully

2023-10-16 14:08:04 - [TEST_STEP][PASSED] - verifyElementPropertyValue(getResponse, "offers[1].groups[0].pricingPlans[0].visualElements[9].value", "JOD"): Verify element property value successfully

2023-10-16 14:08:04 - [MESSAGE][PASSED] - Verify element property value successfully

2023-10-16 14:08:04 - [TEST_STEP][PASSED] - verifyElementPropertyValue(getResponse, "offers[1].groups[0].pricingPlans[0].visualElements[10].key", "duration"): Verify element property value successfully

2023-10-16 14:08:04 - [MESSAGE][PASSED] - Verify element property value successfully

2023-10-16 14:08:04 - [TEST_STEP][PASSED] - verifyElementPropertyValue(getResponse, "offers[1].groups[0].pricingPlans[0].visualElements[10].value", "Monthly"): Verify element property value successfully

2023-10-16 14:08:04 - [MESSAGE][PASSED] - Verify element property value successfully

2023-10-16 14:08:04 - [TEST_STEP][PASSED] - verifyElementPropertyValue(getResponse, "offers[1].groups[0].pricingPlans[0].visualElements[11].key", "featured_tag_text"): Verify element property value successfully

2023-10-16 14:08:04 - [MESSAGE][PASSED] - Verify element property value successfully

2023-10-16 14:08:04 - [TEST_STEP][PASSED] - verifyElementPropertyValue(getResponse, "offers[1].groups[0].pricingPlans[0].visualElements[11].value", "Limited Time Offer"): Verify element property value successfully

2023-10-16 14:08:04 - [MESSAGE][PASSED] - Verify element property value successfully

2023-10-16 14:08:04 - [TEST_STEP][PASSED] - verifyElementPropertyValue(getResponse, "offers[1].groups[0].pricingPlans[0].visualElements[13].key", "tag_text"): Verify element property value successfully

2023-10-16 14:08:04 - [MESSAGE][PASSED] - Verify element property value successfully

2023-10-16 14:08:04 - [TEST_STEP][PASSED] - verifyElementPropertyValue(getResponse, "offers[1].groups[0].pricingPlans[0].visualElements[13].value", "Save 40%"): Verify element property value successfully

2023-10-16 14:08:04 - [MESSAGE][PASSED] - Verify element property value successfully

2023-10-16 14:08:04 - [TEST_STEP][PASSED] - verifyElementPropertyValue(getResponse, "offers[1].groups[0].pricingPlans[0].visualElements[12].key", "show_tag"): Verify element property value successfully

2023-10-16 14:08:04 - [MESSAGE][PASSED] - Verify element property value successfully

2023-10-16 14:08:04 - [TEST_STEP][PASSED] - verifyElementPropertyValue(getResponse, "offers[1].groups[0].pricingPlans[0].visualElements[12].value", "true"): Verify element property value successfully

2023-10-16 14:08:04 - [MESSAGE][PASSED] - Verify element property value successfully

2023-10-16 14:08:04 - [TEST_STEP][PASSED] - verifyElementPropertyValue(getResponse, "offers[1].groups[0].pricingPlans[0].pricingPlanData[0].productId", "JOR_B2C_SHAHID_VIP_1M"): Verify element property value successfully

2023-10-16 14:08:04 - [MESSAGE][PASSED] - Verify element property value successfully

2023-10-16 14:08:04 - [TEST_STEP][PASSED] - verifyElementPropertyValue(getResponse, "offers[1].groups[0].pricingPlans[0].pricingPlanData[0].paymentMethod", "CREDIT_CARD"): Verify element property value successfully

2023-10-16 14:08:04 - [MESSAGE][PASSED] - Verify element property value successfully

2023-10-16 14:08:04 - [TEST_STEP][PASSED] - verifyElementPropertyValue(getResponse, "offers[1].groups[0].pricingPlans[0].pricingPlanData[0].freeTrialEnabled", "false"): Verify element property value successfully

2023-10-16 14:08:04 - [MESSAGE][PASSED] - Verify element property value successfully

2023-10-16 14:08:04 - [TEST_STEP][PASSED] - verifyElementPropertyValue(getResponse, "offers[1].groups[0].pricingPlans[0].pricingPlanData[0].showIn[0]", "VERTICAL_MODE"): Verify element property value successfully

2023-10-16 14:08:04 - [MESSAGE][PASSED] - Verify element property value successfully

2023-10-16 14:08:04 - [TEST_STEP][PASSED] - verifyElementPropertyValue(getResponse, "offers[1].groups[0].pricingPlans[0].pricingPlanData[0].showIn[1]", "HORIZONTAL_MODE"): Verify element property value successfully

2023-10-16 14:08:04 - [MESSAGE][PASSED] - Verify element property value successfully

2023-10-16 14:08:04 - [TEST_STEP][PASSED] - verifyElementPropertyValue(getResponse, "offers[1].groups[0].pricingPlans[0].pricingPlanData[0].priceLabel", "1.79"): Verify element property value successfully

2023-10-16 14:08:04 - [MESSAGE][PASSED] - Verify element property value successfully

2023-10-16 14:08:04 - [TEST_STEP][PASSED] - verifyElementPropertyValue(getResponse, "offers[1].groups[0].pricingPlans[0].pricingPlanData[0].currencyLabel", "JOD"): Verify element property value successfully

2023-10-16 14:08:04 - [MESSAGE][PASSED] - Verify element property value successfully

2023-10-16 14:08:04 - [TEST_STEP][PASSED] - verifyElementPropertyValue(getResponse, "offers[1].groups[0].pricingPlans[0].pricingPlanData[0].dealId", "RE_40P_JOR"): Verify element property value successfully

2023-10-16 14:08:04 - [MESSAGE][PASSED] - Verify element property value successfully

2023-10-16 14:08:04 - [TEST_STEP][PASSED] - verifyElementPropertyValue(getResponse, "offers[1].groups[0].pricingPlans[0].pricingPlanData[0].allowedForAcquisition", "true"): Verify element property value successfully

2023-10-16 14:08:04 - [MESSAGE][PASSED] - Verify element property value successfully

2023-10-16 14:08:04 - [TEST_STEP][PASSED] - verifyElementPropertyValue(getResponse, "offers[1].groups[0].pricingPlans[0].pricingPlanData[0].visualElements[0].key", "title"): Verify element property value successfully

2023-10-16 14:08:04 - [MESSAGE][PASSED] - Verify element property value successfully

2023-10-16 14:08:04 - [TEST_STEP][PASSED] - verifyElementPropertyValue(getResponse, "offers[1].groups[0].pricingPlans[0].pricingPlanData[0].visualElements[0].value", "Credit/Debit Card"): Verify element property value successfully

2023-10-16 14:08:04 - [MESSAGE][PASSED] - Verify element property value successfully

2023-10-16 14:08:04 - [TEST_STEP][PASSED] - verifyElementPropertyValue(getResponse, "offers[1].groups[0].pricingPlans[0].pricingPlanData[0].visualElements[1].key", "CTA_text"): Verify element property value successfully

2023-10-16 14:08:04 - [MESSAGE][PASSED] - Verify element property value successfully

2023-10-16 14:08:04 - [TEST_STEP][PASSED] - verifyElementPropertyValue(getResponse, "offers[1].groups[0].pricingPlans[0].pricingPlanData[0].visualElements[1].value", "Subscribe"): Verify element property value successfully

2023-10-16 14:08:04 - [MESSAGE][PASSED] - Verify element property value successfully

2023-10-16 14:08:04 - [TEST_STEP][PASSED] - verifyElementPropertyValue(getResponse, "offers[1].groups[0].pricingPlans[0].pricingPlanData[0].visualElements[2].key", "logo"): Verify element property value successfully

2023-10-16 14:08:04 - [MESSAGE][PASSED] - Verify element property value successfully

2023-10-16 14:08:04 - [TEST_STEP][PASSED] - verifyElementPropertyValue(getResponse, "offers[1].groups[0].pricingPlans[0].pricingPlanData[0].visualElements[2].value", "https://static.s3.shahid.mbc.net/widget-images/icons/iconCreditCard.png"): Verify element property value successfully

2023-10-16 14:08:04 - [MESSAGE][PASSED] - Verify element property value successfully

2023-10-16 14:08:04 - [TEST_STEP][PASSED] - verifyElementPropertyValue(getResponse, "offers[2].offerId", "winback-50-offer"): Verify element property value successfully

2023-10-16 14:08:04 - [MESSAGE][PASSED] - Verify element property value successfully

2023-10-16 14:08:04 - [TEST_STEP][PASSED] - verifyElementPropertyValue(getResponse, "offers[2].offerParam", "winback50"): Verify element property value successfully

2023-10-16 14:08:04 - [MESSAGE][PASSED] - Verify element property value successfully

2023-10-16 14:08:04 - [TEST_STEP][PASSED] - verifyElementPropertyValue(getResponse, "offers[2].groups[0].pricingPlans[0].featured", "true"): Verify element property value successfully

2023-10-16 14:08:04 - [MESSAGE][PASSED] - Verify element property value successfully

2023-10-16 14:08:04 - [TEST_STEP][PASSED] - verifyElementPropertyValue(getResponse, "offers[2].groups[0].pricingPlans[0].period", "monthly"): Verify element property value successfully

2023-10-16 14:08:04 - [MESSAGE][PASSED] - Verify element property value successfully

2023-10-16 14:08:04 - [TEST_STEP][PASSED] - verifyElementPropertyValue(getResponse, "offers[2].groups[0].pricingPlans[0].featured", "true"): Verify element property value successfully

2023-10-16 14:08:04 - [MESSAGE][PASSED] - Verify element property value successfully

2023-10-16 14:08:04 - [TEST_STEP][PASSED] - verifyElementPropertyValue(getResponse, "offers[2].groups[0].pricingPlans[0].price", "1.49"): Verify element property value successfully

2023-10-16 14:08:04 - [MESSAGE][PASSED] - Verify element property value successfully

2023-10-16 14:08:04 - [TEST_STEP][PASSED] - verifyElementPropertyValue(getResponse, "offers[2].groups[0].pricingPlans[0].currency", "JOD"): Verify element property value successfully

2023-10-16 14:08:04 - [MESSAGE][PASSED] - Verify element property value successfully

2023-10-16 14:08:04 - [TEST_STEP][PASSED] - verifyElementPropertyValue(getResponse, "offers[2].groups[0].pricingPlans[0].order", "0"): Verify element property value successfully

2023-10-16 14:08:04 - [MESSAGE][PASSED] - Verify element property value successfully

2023-10-16 14:08:04 - [TEST_STEP][PASSED] - verifyElementPropertyValue(getResponse, "offers[2].groups[0].pricingPlans[0].packageId", "SHAHID_VIP"): Verify element property value successfully

2023-10-16 14:08:04 - [MESSAGE][PASSED] - Verify element property value successfully

2023-10-16 14:08:04 - [TEST_STEP][PASSED] - verifyElementPropertyValue(getResponse, "offers[2].groups[0].pricingPlans[0].catalogId", "VIP"): Verify element property value successfully

2023-10-16 14:08:04 - [MESSAGE][PASSED] - Verify element property value successfully

2023-10-16 14:08:04 - [TEST_STEP][PASSED] - verifyElementPropertyValue(getResponse, "offers[2].groups[0].pricingPlans[0].visualElements[0].key", "Header_1_text"): Verify element property value successfully

2023-10-16 14:08:04 - [MESSAGE][PASSED] - Verify element property value successfully

2023-10-16 14:08:04 - [TEST_STEP][PASSED] - verifyElementPropertyValue(getResponse, "offers[2].groups[0].pricingPlans[0].visualElements[0].value", "Watch the most powerful series and movies exclusively without stopping"): Verify element property value successfully

2023-10-16 14:08:04 - [MESSAGE][PASSED] - Verify element property value successfully

2023-10-16 14:08:04 - [TEST_STEP][PASSED] - verifyElementPropertyValue(getResponse, "offers[2].groups[0].pricingPlans[0].visualElements[1].key", "display_title"): Verify element property value successfully

2023-10-16 14:08:04 - [MESSAGE][PASSED] - Verify element property value successfully

2023-10-16 14:08:04 - [TEST_STEP][FAILED] - verifyElementPropertyValue(getResponse, "offers[2].groups[0].pricingPlans[0].visualElements[1].value", "50% Discount Offer"): Expected element property value '50% Discount Offer' is not equal with actual property value '50% Discount Offer​'

2023-10-16 14:08:04 - [MESSAGE][FAILED] - Expected element property value '50% Discount Offer' is not equal with actual property value '50% Discount Offer​'

2023-10-16 14:08:04 - [TEST_STEP][PASSED] - verifyElementPropertyValue(getResponse, "offers[2].groups[0].pricingPlans[0].visualElements[3].key", "deduction_text"): Verify element property value successfully

2023-10-16 14:08:04 - [MESSAGE][PASSED] - Verify element property value successfully

2023-10-16 14:08:04 - [TEST_STEP][PASSED] - verifyElementPropertyValue(getResponse, "offers[2].groups[0].pricingPlans[0].visualElements[3].value", "billed every month"): Verify element property value successfully

2023-10-16 14:08:04 - [MESSAGE][PASSED] - Verify element property value successfully

2023-10-16 14:08:04 - [TEST_STEP][PASSED] - verifyElementPropertyValue(getResponse, "offers[2].groups[0].pricingPlans[0].visualElements[6].key", "show_payment_logo"): Verify element property value successfully

2023-10-16 14:08:04 - [MESSAGE][PASSED] - Verify element property value successfully

2023-10-16 14:08:04 - [TEST_STEP][PASSED] - verifyElementPropertyValue(getResponse, "offers[2].groups[0].pricingPlans[0].visualElements[6].value", "true"): Verify element property value successfully

2023-10-16 14:08:04 - [MESSAGE][PASSED] - Verify element property value successfully

2023-10-16 14:08:04 - [TEST_STEP][PASSED] - verifyElementPropertyValue(getResponse, "offers[2].groups[0].pricingPlans[0].visualElements[8].key", "price"): Verify element property value successfully

2023-10-16 14:08:04 - [MESSAGE][PASSED] - Verify element property value successfully

2023-10-16 14:08:04 - [TEST_STEP][PASSED] - verifyElementPropertyValue(getResponse, "offers[2].groups[0].pricingPlans[0].visualElements[8].value", "1.49"): Verify element property value successfully

2023-10-16 14:08:04 - [MESSAGE][PASSED] - Verify element property value successfully

2023-10-16 14:08:04 - [TEST_STEP][PASSED] - verifyElementPropertyValue(getResponse, "offers[2].groups[0].pricingPlans[0].visualElements[9].key", "currency"): Verify element property value successfully

2023-10-16 14:08:04 - [MESSAGE][PASSED] - Verify element property value successfully

2023-10-16 14:08:04 - [TEST_STEP][PASSED] - verifyElementPropertyValue(getResponse, "offers[2].groups[0].pricingPlans[0].visualElements[9].value", "JOD"): Verify element property value successfully

2023-10-16 14:08:04 - [MESSAGE][PASSED] - Verify element property value successfully

2023-10-16 14:08:04 - [TEST_STEP][PASSED] - verifyElementPropertyValue(getResponse, "offers[2].groups[0].pricingPlans[0].visualElements[10].key", "duration"): Verify element property value successfully

2023-10-16 14:08:04 - [MESSAGE][PASSED] - Verify element property value successfully

2023-10-16 14:08:04 - [TEST_STEP][PASSED] - verifyElementPropertyValue(getResponse, "offers[2].groups[0].pricingPlans[0].visualElements[10].value", "Monthly"): Verify element property value successfully

2023-10-16 14:08:04 - [MESSAGE][PASSED] - Verify element property value successfully

2023-10-16 14:08:04 - [TEST_STEP][PASSED] - verifyElementPropertyValue(getResponse, "offers[2].groups[0].pricingPlans[0].visualElements[11].key", "featured_tag_text"): Verify element property value successfully

2023-10-16 14:08:04 - [MESSAGE][PASSED] - Verify element property value successfully

2023-10-16 14:08:04 - [TEST_STEP][PASSED] - verifyElementPropertyValue(getResponse, "offers[2].groups[0].pricingPlans[0].visualElements[11].value", "Limited Time Offer"): Verify element property value successfully

2023-10-16 14:08:04 - [MESSAGE][PASSED] - Verify element property value successfully

2023-10-16 14:08:04 - [TEST_STEP][PASSED] - verifyElementPropertyValue(getResponse, "offers[2].groups[0].pricingPlans[0].visualElements[13].key", "tag_text"): Verify element property value successfully

2023-10-16 14:08:04 - [MESSAGE][PASSED] - Verify element property value successfully

2023-10-16 14:08:04 - [TEST_STEP][PASSED] - verifyElementPropertyValue(getResponse, "offers[2].groups[0].pricingPlans[0].visualElements[13].value", "Save 50%"): Verify element property value successfully

2023-10-16 14:08:04 - [MESSAGE][PASSED] - Verify element property value successfully

2023-10-16 14:08:04 - [TEST_STEP][PASSED] - verifyElementPropertyValue(getResponse, "offers[2].groups[0].pricingPlans[0].visualElements[12].key", "show_tag"): Verify element property value successfully

2023-10-16 14:08:04 - [MESSAGE][PASSED] - Verify element property value successfully

2023-10-16 14:08:04 - [TEST_STEP][PASSED] - verifyElementPropertyValue(getResponse, "offers[2].groups[0].pricingPlans[0].visualElements[12].value", "true"): Verify element property value successfully

2023-10-16 14:08:04 - [MESSAGE][PASSED] - Verify element property value successfully

2023-10-16 14:08:04 - [TEST_STEP][PASSED] - verifyElementPropertyValue(getResponse, "offers[2].groups[0].pricingPlans[0].pricingPlanData[0].productId", "JOR_B2C_SHAHID_VIP_1M"): Verify element property value successfully

2023-10-16 14:08:04 - [MESSAGE][PASSED] - Verify element property value successfully

2023-10-16 14:08:04 - [TEST_STEP][PASSED] - verifyElementPropertyValue(getResponse, "offers[2].groups[0].pricingPlans[0].pricingPlanData[0].paymentMethod", "CREDIT_CARD"): Verify element property value successfully

2023-10-16 14:08:04 - [MESSAGE][PASSED] - Verify element property value successfully

2023-10-16 14:08:04 - [TEST_STEP][PASSED] - verifyElementPropertyValue(getResponse, "offers[2].groups[0].pricingPlans[0].pricingPlanData[0].freeTrialEnabled", "false"): Verify element property value successfully

2023-10-16 14:08:04 - [MESSAGE][PASSED] - Verify element property value successfully

2023-10-16 14:08:04 - [TEST_STEP][PASSED] - verifyElementPropertyValue(getResponse, "offers[2].groups[0].pricingPlans[0].pricingPlanData[0].showIn[0]", "VERTICAL_MODE"): Verify element property value successfully

2023-10-16 14:08:04 - [MESSAGE][PASSED] - Verify element property value successfully

2023-10-16 14:08:04 - [TEST_STEP][PASSED] - verifyElementPropertyValue(getResponse, "offers[2].groups[0].pricingPlans[0].pricingPlanData[0].showIn[1]", "HORIZONTAL_MODE"): Verify element property value successfully

2023-10-16 14:08:04 - [MESSAGE][PASSED] - Verify element property value successfully

2023-10-16 14:08:04 - [TEST_STEP][PASSED] - verifyElementPropertyValue(getResponse, "offers[2].groups[0].pricingPlans[0].pricingPlanData[0].priceLabel", "1.49"): Verify element property value successfully

2023-10-16 14:08:04 - [MESSAGE][PASSED] - Verify element property value successfully

2023-10-16 14:08:04 - [TEST_STEP][PASSED] - verifyElementPropertyValue(getResponse, "offers[2].groups[0].pricingPlans[0].pricingPlanData[0].currencyLabel", "JOD"): Verify element property value successfully

2023-10-16 14:08:04 - [MESSAGE][PASSED] - Verify element property value successfully

2023-10-16 14:08:04 - [TEST_STEP][PASSED] - verifyElementPropertyValue(getResponse, "offers[2].groups[0].pricingPlans[0].pricingPlanData[0].dealId", "RE_50P_JOR"): Verify element property value successfully

2023-10-16 14:08:04 - [MESSAGE][PASSED] - Verify element property value successfully

2023-10-16 14:08:04 - [TEST_STEP][PASSED] - verifyElementPropertyValue(getResponse, "offers[2].groups[0].pricingPlans[0].pricingPlanData[0].allowedForAcquisition", "true"): Verify element property value successfully

2023-10-16 14:08:04 - [MESSAGE][PASSED] - Verify element property value successfully

2023-10-16 14:08:04 - [TEST_STEP][PASSED] - verifyElementPropertyValue(getResponse, "offers[2].groups[0].pricingPlans[0].pricingPlanData[0].visualElements[0].key", "title"): Verify element property value successfully

2023-10-16 14:08:04 - [MESSAGE][PASSED] - Verify element property value successfully

2023-10-16 14:08:04 - [TEST_STEP][PASSED] - verifyElementPropertyValue(getResponse, "offers[2].groups[0].pricingPlans[0].pricingPlanData[0].visualElements[0].value", "Credit/Debit Card"): Verify element property value successfully

2023-10-16 14:08:04 - [MESSAGE][PASSED] - Verify element property value successfully

2023-10-16 14:08:04 - [TEST_STEP][PASSED] - verifyElementPropertyValue(getResponse, "offers[2].groups[0].pricingPlans[0].pricingPlanData[0].visualElements[1].key", "CTA_text"): Verify element property value successfully

2023-10-16 14:08:04 - [MESSAGE][PASSED] - Verify element property value successfully

2023-10-16 14:08:04 - [TEST_STEP][PASSED] - verifyElementPropertyValue(getResponse, "offers[2].groups[0].pricingPlans[0].pricingPlanData[0].visualElements[1].value", "Subscribe"): Verify element property value successfully

2023-10-16 14:08:04 - [MESSAGE][PASSED] - Verify element property value successfully

2023-10-16 14:08:04 - [TEST_STEP][PASSED] - verifyElementPropertyValue(getResponse, "offers[2].groups[0].pricingPlans[0].pricingPlanData[0].visualElements[2].key", "logo"): Verify element property value successfully

2023-10-16 14:08:04 - [MESSAGE][PASSED] - Verify element property value successfully

2023-10-16 14:08:04 - [TEST_STEP][PASSED] - verifyElementPropertyValue(getResponse, "offers[2].groups[0].pricingPlans[0].pricingPlanData[0].visualElements[2].value", "https://static.s3.shahid.mbc.net/widget-images/icons/iconCreditCard.png"): Verify element property value successfully

2023-10-16 14:08:04 - [MESSAGE][PASSED] - Verify element property value successfully

2023-10-16 14:08:04 - [TEST_STEP][PASSED] - verifyElementPropertyValue(getResponse, "offers[8].offerId", "byg-30-offer"): Verify element property value successfully

2023-10-16 14:08:05 - [MESSAGE][PASSED] - Verify element property value successfully

2023-10-16 14:08:05 - [TEST_STEP][PASSED] - verifyElementPropertyValue(getResponse, "offers[8].offerParam", "bygoffer30"): Verify element property value successfully

2023-10-16 14:08:05 - [MESSAGE][PASSED] - Verify element property value successfully

2023-10-16 14:08:05 - [TEST_STEP][PASSED] - verifyElementPropertyValue(getResponse, "offers[8].groups[0].pricingPlans[0].featured", "true"): Verify element property value successfully

2023-10-16 14:08:05 - [MESSAGE][PASSED] - Verify element property value successfully

2023-10-16 14:08:05 - [TEST_STEP][PASSED] - verifyElementPropertyValue(getResponse, "offers[8].groups[0].pricingPlans[0].period", "monthly"): Verify element property value successfully

2023-10-16 14:08:05 - [MESSAGE][PASSED] - Verify element property value successfully

2023-10-16 14:08:05 - [TEST_STEP][PASSED] - verifyElementPropertyValue(getResponse, "offers[8].groups[0].pricingPlans[0].featured", "true"): Verify element property value successfully

2023-10-16 14:08:05 - [MESSAGE][PASSED] - Verify element property value successfully

2023-10-16 14:08:05 - [TEST_STEP][PASSED] - verifyElementPropertyValue(getResponse, "offers[8].groups[0].pricingPlans[0].price", "2.09"): Verify element property value successfully

2023-10-16 14:08:05 - [MESSAGE][PASSED] - Verify element property value successfully

2023-10-16 14:08:05 - [TEST_STEP][PASSED] - verifyElementPropertyValue(getResponse, "offers[8].groups[0].pricingPlans[0].currency", "JOD"): Verify element property value successfully

2023-10-16 14:08:05 - [MESSAGE][PASSED] - Verify element property value successfully

2023-10-16 14:08:05 - [TEST_STEP][PASSED] - verifyElementPropertyValue(getResponse, "offers[8].groups[0].pricingPlans[0].order", "0"): Verify element property value successfully

2023-10-16 14:08:05 - [MESSAGE][PASSED] - Verify element property value successfully

2023-10-16 14:08:05 - [TEST_STEP][PASSED] - verifyElementPropertyValue(getResponse, "offers[8].groups[0].pricingPlans[0].packageId", "SHAHID_VIP"): Verify element property value successfully

2023-10-16 14:08:05 - [MESSAGE][PASSED] - Verify element property value successfully

2023-10-16 14:08:05 - [TEST_STEP][PASSED] - verifyElementPropertyValue(getResponse, "offers[8].groups[0].pricingPlans[0].catalogId", "VIP"): Verify element property value successfully

2023-10-16 14:08:05 - [MESSAGE][PASSED] - Verify element property value successfully

2023-10-16 14:08:05 - [TEST_STEP][PASSED] - verifyElementPropertyValue(getResponse, "offers[8].groups[0].pricingPlans[0].visualElements[0].key", "Header_1_text"): Verify element property value successfully

2023-10-16 14:08:05 - [MESSAGE][PASSED] - Verify element property value successfully

2023-10-16 14:08:05 - [TEST_STEP][PASSED] - verifyElementPropertyValue(getResponse, "offers[8].groups[0].pricingPlans[0].visualElements[0].value", "Watch the most powerful series and movies exclusively without stopping"): Verify element property value successfully

2023-10-16 14:08:05 - [MESSAGE][PASSED] - Verify element property value successfully

2023-10-16 14:08:05 - [TEST_STEP][PASSED] - verifyElementPropertyValue(getResponse, "offers[8].groups[0].pricingPlans[0].visualElements[1].key", "display_title"): Verify element property value successfully

2023-10-16 14:08:05 - [MESSAGE][PASSED] - Verify element property value successfully

2023-10-16 14:08:05 - [TEST_STEP][FAILED] - verifyElementPropertyValue(getResponse, "offers[8].groups[0].pricingPlans[0].visualElements[1].value", "30% Discount Offer"): Expected element property value '30% Discount Offer' is not equal with actual property value '30% Discount Offer​'

2023-10-16 14:08:05 - [MESSAGE][FAILED] - Expected element property value '30% Discount Offer' is not equal with actual property value '30% Discount Offer​'

2023-10-16 14:08:05 - [TEST_STEP][PASSED] - verifyElementPropertyValue(getResponse, "offers[8].groups[0].pricingPlans[0].visualElements[3].key", "deduction_text"): Verify element property value successfully

2023-10-16 14:08:05 - [MESSAGE][PASSED] - Verify element property value successfully

2023-10-16 14:08:05 - [TEST_STEP][PASSED] - verifyElementPropertyValue(getResponse, "offers[8].groups[0].pricingPlans[0].visualElements[3].value", "billed every month"): Verify element property value successfully

2023-10-16 14:08:05 - [MESSAGE][PASSED] - Verify element property value successfully

2023-10-16 14:08:05 - [TEST_STEP][PASSED] - verifyElementPropertyValue(getResponse, "offers[8].groups[0].pricingPlans[0].visualElements[6].key", "show_payment_logo"): Verify element property value successfully

2023-10-16 14:08:05 - [MESSAGE][PASSED] - Verify element property value successfully

2023-10-16 14:08:05 - [TEST_STEP][PASSED] - verifyElementPropertyValue(getResponse, "offers[8].groups[0].pricingPlans[0].visualElements[6].value", "true"): Verify element property value successfully

2023-10-16 14:08:05 - [MESSAGE][PASSED] - Verify element property value successfully

2023-10-16 14:08:05 - [TEST_STEP][PASSED] - verifyElementPropertyValue(getResponse, "offers[8].groups[0].pricingPlans[0].visualElements[8].key", "price"): Verify element property value successfully

2023-10-16 14:08:05 - [MESSAGE][PASSED] - Verify element property value successfully

2023-10-16 14:08:05 - [TEST_STEP][PASSED] - verifyElementPropertyValue(getResponse, "offers[8].groups[0].pricingPlans[0].visualElements[8].value", "2.09"): Verify element property value successfully

2023-10-16 14:08:05 - [MESSAGE][PASSED] - Verify element property value successfully

2023-10-16 14:08:05 - [TEST_STEP][PASSED] - verifyElementPropertyValue(getResponse, "offers[8].groups[0].pricingPlans[0].visualElements[9].key", "currency"): Verify element property value successfully

2023-10-16 14:08:05 - [MESSAGE][PASSED] - Verify element property value successfully

2023-10-16 14:08:07 - [TEST_STEP][PASSED] - verifyElementPropertyValue(getResponse, "offers[8].groups[0].pricingPlans[0].visualElements[9].value", "JOD"): Verify element property value successfully

2023-10-16 14:08:07 - [MESSAGE][PASSED] - Verify element property value successfully

2023-10-16 14:08:07 - [TEST_STEP][PASSED] - verifyElementPropertyValue(getResponse, "offers[8].groups[0].pricingPlans[0].visualElements[10].key", "duration"): Verify element property value successfully

2023-10-16 14:08:07 - [MESSAGE][PASSED] - Verify element property value successfully

2023-10-16 14:08:07 - [TEST_STEP][PASSED] - verifyElementPropertyValue(getResponse, "offers[8].groups[0].pricingPlans[0].visualElements[10].value", "Monthly"): Verify element property value successfully

2023-10-16 14:08:07 - [MESSAGE][PASSED] - Verify element property value successfully

2023-10-16 14:08:07 - [TEST_STEP][PASSED] - verifyElementPropertyValue(getResponse, "offers[8].groups[0].pricingPlans[0].visualElements[11].key", "featured_tag_text"): Verify element property value successfully

2023-10-16 14:08:07 - [MESSAGE][PASSED] - Verify element property value successfully

2023-10-16 14:08:07 - [TEST_STEP][PASSED] - verifyElementPropertyValue(getResponse, "offers[8].groups[0].pricingPlans[0].visualElements[11].value", "Limited Time Offer"): Verify element property value successfully

2023-10-16 14:08:07 - [MESSAGE][PASSED] - Verify element property value successfully

2023-10-16 14:08:07 - [TEST_STEP][PASSED] - verifyElementPropertyValue(getResponse, "offers[8].groups[0].pricingPlans[0].visualElements[12].key", "show_tag"): Verify element property value successfully

2023-10-16 14:08:07 - [MESSAGE][PASSED] - Verify element property value successfully

2023-10-16 14:08:07 - [TEST_STEP][PASSED] - verifyElementPropertyValue(getResponse, "offers[8].groups[0].pricingPlans[0].visualElements[12].value", "true"): Verify element property value successfully

2023-10-16 14:08:07 - [MESSAGE][PASSED] - Verify element property value successfully

2023-10-16 14:08:07 - [TEST_STEP][PASSED] - verifyElementPropertyValue(getResponse, "offers[8].groups[0].pricingPlans[0].visualElements[13].key", "tag_text"): Verify element property value successfully

2023-10-16 14:08:07 - [MESSAGE][PASSED] - Verify element property value successfully

2023-10-16 14:08:07 - [TEST_STEP][PASSED] - verifyElementPropertyValue(getResponse, "offers[8].groups[0].pricingPlans[0].visualElements[13].value", "Save 30%"): Verify element property value successfully

2023-10-16 14:08:07 - [MESSAGE][PASSED] - Verify element property value successfully

2023-10-16 14:08:07 - [TEST_STEP][PASSED] - verifyElementPropertyValue(getResponse, "offers[8].groups[0].pricingPlans[0].pricingPlanData[0].productId", "JOR_B2C_SHAHID_VIP_1M"): Verify element property value successfully

2023-10-16 14:08:07 - [MESSAGE][PASSED] - Verify element property value successfully

2023-10-16 14:08:07 - [TEST_STEP][PASSED] - verifyElementPropertyValue(getResponse, "offers[8].groups[0].pricingPlans[0].pricingPlanData[0].paymentMethod", "CREDIT_CARD"): Verify element property value successfully

2023-10-16 14:08:07 - [MESSAGE][PASSED] - Verify element property value successfully

2023-10-16 14:08:07 - [TEST_STEP][PASSED] - verifyElementPropertyValue(getResponse, "offers[8].groups[0].pricingPlans[0].pricingPlanData[0].freeTrialEnabled", "false"): Verify element property value successfully

2023-10-16 14:08:07 - [MESSAGE][PASSED] - Verify element property value successfully

2023-10-16 14:08:07 - [TEST_STEP][PASSED] - verifyElementPropertyValue(getResponse, "offers[8].groups[0].pricingPlans[0].pricingPlanData[0].showIn[0]", "VERTICAL_MODE"): Verify element property value successfully

2023-10-16 14:08:07 - [MESSAGE][PASSED] - Verify element property value successfully

2023-10-16 14:08:07 - [TEST_STEP][PASSED] - verifyElementPropertyValue(getResponse, "offers[8].groups[0].pricingPlans[0].pricingPlanData[0].showIn[1]", "HORIZONTAL_MODE"): Verify element property value successfully

2023-10-16 14:08:07 - [MESSAGE][PASSED] - Verify element property value successfully

2023-10-16 14:08:07 - [TEST_STEP][PASSED] - verifyElementPropertyValue(getResponse, "offers[8].groups[0].pricingPlans[0].pricingPlanData[0].priceLabel", "2.09"): Verify element property value successfully

2023-10-16 14:08:07 - [MESSAGE][PASSED] - Verify element property value successfully

2023-10-16 14:08:07 - [TEST_STEP][PASSED] - verifyElementPropertyValue(getResponse, "offers[8].groups[0].pricingPlans[0].pricingPlanData[0].currencyLabel", "JOD"): Verify element property value successfully

2023-10-16 14:08:07 - [MESSAGE][PASSED] - Verify element property value successfully

2023-10-16 14:08:07 - [TEST_STEP][PASSED] - verifyElementPropertyValue(getResponse, "offers[8].groups[0].pricingPlans[0].pricingPlanData[0].dealId", "BYG_30P_JOR"): Verify element property value successfully

2023-10-16 14:08:07 - [MESSAGE][PASSED] - Verify element property value successfully

2023-10-16 14:08:07 - [TEST_STEP][PASSED] - verifyElementPropertyValue(getResponse, "offers[8].groups[0].pricingPlans[0].pricingPlanData[0].allowedForAcquisition", "true"): Verify element property value successfully

2023-10-16 14:08:07 - [MESSAGE][PASSED] - Verify element property value successfully

2023-10-16 14:08:07 - [TEST_STEP][PASSED] - verifyElementPropertyValue(getResponse, "offers[8].groups[0].pricingPlans[0].pricingPlanData[0].visualElements[0].key", "title"): Verify element property value successfully

2023-10-16 14:08:07 - [MESSAGE][PASSED] - Verify element property value successfully

2023-10-16 14:08:07 - [TEST_STEP][PASSED] - verifyElementPropertyValue(getResponse, "offers[8].groups[0].pricingPlans[0].pricingPlanData[0].visualElements[0].value", "Credit/Debit Card"): Verify element property value successfully

2023-10-16 14:08:07 - [MESSAGE][PASSED] - Verify element property value successfully

2023-10-16 14:08:07 - [TEST_STEP][PASSED] - verifyElementPropertyValue(getResponse, "offers[8].groups[0].pricingPlans[0].pricingPlanData[0].visualElements[1].key", "CTA_text"): Verify element property value successfully

2023-10-16 14:08:07 - [MESSAGE][PASSED] - Verify element property value successfully

2023-10-16 14:08:07 - [TEST_STEP][PASSED] - verifyElementPropertyValue(getResponse, "offers[8].groups[0].pricingPlans[0].pricingPlanData[0].visualElements[1].value", "Subscribe"): Verify element property value successfully

2023-10-16 14:08:07 - [MESSAGE][PASSED] - Verify element property value successfully

2023-10-16 14:08:07 - [TEST_STEP][PASSED] - verifyElementPropertyValue(getResponse, "offers[8].groups[0].pricingPlans[0].pricingPlanData[0].visualElements[2].key", "logo"): Verify element property value successfully

2023-10-16 14:08:07 - [MESSAGE][PASSED] - Verify element property value successfully

2023-10-16 14:08:07 - [TEST_STEP][PASSED] - verifyElementPropertyValue(getResponse, "offers[8].groups[0].pricingPlans[0].pricingPlanData[0].visualElements[2].value", "https://static.s3.shahid.mbc.net/widget-images/icons/iconCreditCard.png"): Verify element property value successfully

2023-10-16 14:08:07 - [MESSAGE][PASSED] - Verify element property value successfully

2023-10-16 14:08:07 - [TEST_STEP][PASSED] - verifyElementPropertyValue(getResponse, "offers[9].offerId", "byg-40-offer"): Verify element property value successfully

2023-10-16 14:08:07 - [MESSAGE][PASSED] - Verify element property value successfully

2023-10-16 14:08:07 - [TEST_STEP][PASSED] - verifyElementPropertyValue(getResponse, "offers[9].offerParam", "bygoffer40"): Verify element property value successfully

2023-10-16 14:08:07 - [MESSAGE][PASSED] - Verify element property value successfully

2023-10-16 14:08:07 - [TEST_STEP][PASSED] - verifyElementPropertyValue(getResponse, "offers[9].groups[0].pricingPlans[0].featured", "true"): Verify element property value successfully

2023-10-16 14:08:07 - [MESSAGE][PASSED] - Verify element property value successfully

2023-10-16 14:08:07 - [TEST_STEP][PASSED] - verifyElementPropertyValue(getResponse, "offers[9].groups[0].pricingPlans[0].period", "monthly"): Verify element property value successfully

2023-10-16 14:08:07 - [MESSAGE][PASSED] - Verify element property value successfully

2023-10-16 14:08:07 - [TEST_STEP][PASSED] - verifyElementPropertyValue(getResponse, "offers[9].groups[0].pricingPlans[0].featured", "true"): Verify element property value successfully

2023-10-16 14:08:07 - [MESSAGE][PASSED] - Verify element property value successfully

2023-10-16 14:08:07 - [TEST_STEP][PASSED] - verifyElementPropertyValue(getResponse, "offers[9].groups[0].pricingPlans[0].price", "1.79"): Verify element property value successfully

2023-10-16 14:08:07 - [MESSAGE][PASSED] - Verify element property value successfully

2023-10-16 14:08:07 - [TEST_STEP][PASSED] - verifyElementPropertyValue(getResponse, "offers[9].groups[0].pricingPlans[0].currency", "JOD"): Verify element property value successfully

2023-10-16 14:08:07 - [MESSAGE][PASSED] - Verify element property value successfully

2023-10-16 14:08:07 - [TEST_STEP][PASSED] - verifyElementPropertyValue(getResponse, "offers[9].groups[0].pricingPlans[0].order", "0"): Verify element property value successfully

2023-10-16 14:08:07 - [MESSAGE][PASSED] - Verify element property value successfully

2023-10-16 14:08:07 - [TEST_STEP][PASSED] - verifyElementPropertyValue(getResponse, "offers[9].groups[0].pricingPlans[0].packageId", "SHAHID_VIP"): Verify element property value successfully

2023-10-16 14:08:07 - [MESSAGE][PASSED] - Verify element property value successfully

2023-10-16 14:08:07 - [TEST_STEP][PASSED] - verifyElementPropertyValue(getResponse, "offers[9].groups[0].pricingPlans[0].catalogId", "VIP"): Verify element property value successfully

2023-10-16 14:08:07 - [MESSAGE][PASSED] - Verify element property value successfully

2023-10-16 14:08:07 - [TEST_STEP][PASSED] - verifyElementPropertyValue(getResponse, "offers[9].groups[0].pricingPlans[0].visualElements[0].key", "Header_1_text"): Verify element property value successfully

2023-10-16 14:08:07 - [MESSAGE][PASSED] - Verify element property value successfully

2023-10-16 14:08:07 - [TEST_STEP][PASSED] - verifyElementPropertyValue(getResponse, "offers[9].groups[0].pricingPlans[0].visualElements[0].value", "Watch the most powerful series and movies exclusively without stopping"): Verify element property value successfully

2023-10-16 14:08:07 - [MESSAGE][PASSED] - Verify element property value successfully

2023-10-16 14:08:07 - [TEST_STEP][PASSED] - verifyElementPropertyValue(getResponse, "offers[9].groups[0].pricingPlans[0].visualElements[1].key", "display_title"): Verify element property value successfully

2023-10-16 14:08:07 - [MESSAGE][PASSED] - Verify element property value successfully

2023-10-16 14:08:07 - [TEST_STEP][FAILED] - verifyElementPropertyValue(getResponse, "offers[9].groups[0].pricingPlans[0].visualElements[1].value", "40% Discount Offer"): Expected element property value '40% Discount Offer' is not equal with actual property value '40% Discount Offer​'

2023-10-16 14:08:07 - [MESSAGE][FAILED] - Expected element property value '40% Discount Offer' is not equal with actual property value '40% Discount Offer​'

2023-10-16 14:08:07 - [TEST_STEP][PASSED] - verifyElementPropertyValue(getResponse, "offers[9].groups[0].pricingPlans[0].visualElements[3].key", "deduction_text"): Verify element property value successfully

2023-10-16 14:08:07 - [MESSAGE][PASSED] - Verify element property value successfully

2023-10-16 14:08:07 - [TEST_STEP][PASSED] - verifyElementPropertyValue(getResponse, "offers[9].groups[0].pricingPlans[0].visualElements[3].value", "billed every month"): Verify element property value successfully

2023-10-16 14:08:07 - [MESSAGE][PASSED] - Verify element property value successfully

2023-10-16 14:08:07 - [TEST_STEP][PASSED] - verifyElementPropertyValue(getResponse, "offers[9].groups[0].pricingPlans[0].visualElements[6].key", "show_payment_logo"): Verify element property value successfully

2023-10-16 14:08:07 - [MESSAGE][PASSED] - Verify element property value successfully

2023-10-16 14:08:07 - [TEST_STEP][PASSED] - verifyElementPropertyValue(getResponse, "offers[9].groups[0].pricingPlans[0].visualElements[6].value", "true"): Verify element property value successfully

2023-10-16 14:08:07 - [MESSAGE][PASSED] - Verify element property value successfully

2023-10-16 14:08:07 - [TEST_STEP][PASSED] - verifyElementPropertyValue(getResponse, "offers[9].groups[0].pricingPlans[0].visualElements[8].key", "price"): Verify element property value successfully

2023-10-16 14:08:07 - [MESSAGE][PASSED] - Verify element property value successfully

2023-10-16 14:08:07 - [TEST_STEP][PASSED] - verifyElementPropertyValue(getResponse, "offers[9].groups[0].pricingPlans[0].visualElements[8].value", "1.79"): Verify element property value successfully

2023-10-16 14:08:07 - [MESSAGE][PASSED] - Verify element property value successfully

2023-10-16 14:08:07 - [TEST_STEP][PASSED] - verifyElementPropertyValue(getResponse, "offers[9].groups[0].pricingPlans[0].visualElements[9].key", "currency"): Verify element property value successfully

2023-10-16 14:08:07 - [MESSAGE][PASSED] - Verify element property value successfully

2023-10-16 14:08:07 - [TEST_STEP][PASSED] - verifyElementPropertyValue(getResponse, "offers[9].groups[0].pricingPlans[0].visualElements[9].value", "JOD"): Verify element property value successfully

2023-10-16 14:08:07 - [MESSAGE][PASSED] - Verify element property value successfully

2023-10-16 14:08:07 - [TEST_STEP][PASSED] - verifyElementPropertyValue(getResponse, "offers[9].groups[0].pricingPlans[0].visualElements[10].key", "duration"): Verify element property value successfully

2023-10-16 14:08:07 - [MESSAGE][PASSED] - Verify element property value successfully

2023-10-16 14:08:07 - [TEST_STEP][PASSED] - verifyElementPropertyValue(getResponse, "offers[9].groups[0].pricingPlans[0].visualElements[10].value", "Monthly"): Verify element property value successfully

2023-10-16 14:08:07 - [MESSAGE][PASSED] - Verify element property value successfully

2023-10-16 14:08:07 - [TEST_STEP][PASSED] - verifyElementPropertyValue(getResponse, "offers[9].groups[0].pricingPlans[0].visualElements[11].key", "featured_tag_text"): Verify element property value successfully

2023-10-16 14:08:07 - [MESSAGE][PASSED] - Verify element property value successfully

2023-10-16 14:08:07 - [TEST_STEP][PASSED] - verifyElementPropertyValue(getResponse, "offers[9].groups[0].pricingPlans[0].visualElements[11].value", "Limited Time Offer"): Verify element property value successfully

2023-10-16 14:08:07 - [MESSAGE][PASSED] - Verify element property value successfully

2023-10-16 14:08:07 - [TEST_STEP][PASSED] - verifyElementPropertyValue(getResponse, "offers[9].groups[0].pricingPlans[0].visualElements[13].key", "tag_text"): Verify element property value successfully

2023-10-16 14:08:07 - [MESSAGE][PASSED] - Verify element property value successfully

2023-10-16 14:08:07 - [TEST_STEP][PASSED] - verifyElementPropertyValue(getResponse, "offers[9].groups[0].pricingPlans[0].visualElements[13].value", "Save 40%"): Verify element property value successfully

2023-10-16 14:08:07 - [MESSAGE][PASSED] - Verify element property value successfully

2023-10-16 14:08:07 - [TEST_STEP][PASSED] - verifyElementPropertyValue(getResponse, "offers[9].groups[0].pricingPlans[0].visualElements[12].key", "show_tag"): Verify element property value successfully

2023-10-16 14:08:07 - [MESSAGE][PASSED] - Verify element property value successfully

2023-10-16 14:08:07 - [TEST_STEP][PASSED] - verifyElementPropertyValue(getResponse, "offers[9].groups[0].pricingPlans[0].visualElements[12].value", "true"): Verify element property value successfully

2023-10-16 14:08:07 - [MESSAGE][PASSED] - Verify element property value successfully

2023-10-16 14:08:07 - [TEST_STEP][PASSED] - verifyElementPropertyValue(getResponse, "offers[9].groups[0].pricingPlans[0].pricingPlanData[0].productId", "JOR_B2C_SHAHID_VIP_1M"): Verify element property value successfully

2023-10-16 14:08:07 - [MESSAGE][PASSED] - Verify element property value successfully

2023-10-16 14:08:07 - [TEST_STEP][PASSED] - verifyElementPropertyValue(getResponse, "offers[9].groups[0].pricingPlans[0].pricingPlanData[0].paymentMethod", "CREDIT_CARD"): Verify element property value successfully

2023-10-16 14:08:07 - [MESSAGE][PASSED] - Verify element property value successfully

2023-10-16 14:08:07 - [TEST_STEP][PASSED] - verifyElementPropertyValue(getResponse, "offers[9].groups[0].pricingPlans[0].pricingPlanData[0].freeTrialEnabled", "false"): Verify element property value successfully

2023-10-16 14:08:07 - [MESSAGE][PASSED] - Verify element property value successfully

2023-10-16 14:08:07 - [TEST_STEP][PASSED] - verifyElementPropertyValue(getResponse, "offers[9].groups[0].pricingPlans[0].pricingPlanData[0].showIn[0]", "VERTICAL_MODE"): Verify element property value successfully

2023-10-16 14:08:07 - [MESSAGE][PASSED] - Verify element property value successfully

2023-10-16 14:08:07 - [TEST_STEP][PASSED] - verifyElementPropertyValue(getResponse, "offers[9].groups[0].pricingPlans[0].pricingPlanData[0].showIn[1]", "HORIZONTAL_MODE"): Verify element property value successfully

2023-10-16 14:08:07 - [MESSAGE][PASSED] - Verify element property value successfully

2023-10-16 14:08:07 - [TEST_STEP][PASSED] - verifyElementPropertyValue(getResponse, "offers[9].groups[0].pricingPlans[0].pricingPlanData[0].priceLabel", "1.79"): Verify element property value successfully

2023-10-16 14:08:07 - [MESSAGE][PASSED] - Verify element property value successfully

2023-10-16 14:08:07 - [TEST_STEP][PASSED] - verifyElementPropertyValue(getResponse, "offers[9].groups[0].pricingPlans[0].pricingPlanData[0].currencyLabel", "JOD"): Verify element property value successfully

2023-10-16 14:08:07 - [MESSAGE][PASSED] - Verify element property value successfully

2023-10-16 14:08:07 - [TEST_STEP][PASSED] - verifyElementPropertyValue(getResponse, "offers[9].groups[0].pricingPlans[0].pricingPlanData[0].dealId", "BYG_40P_JOR"): Verify element property value successfully

2023-10-16 14:08:07 - [MESSAGE][PASSED] - Verify element property value successfully

2023-10-16 14:08:07 - [TEST_STEP][PASSED] - verifyElementPropertyValue(getResponse, "offers[9].groups[0].pricingPlans[0].pricingPlanData[0].allowedForAcquisition", "true"): Verify element property value successfully

2023-10-16 14:08:07 - [MESSAGE][PASSED] - Verify element property value successfully

2023-10-16 14:08:07 - [TEST_STEP][PASSED] - verifyElementPropertyValue(getResponse, "offers[9].groups[0].pricingPlans[0].pricingPlanData[0].visualElements[0].key", "title"): Verify element property value successfully

2023-10-16 14:08:07 - [MESSAGE][PASSED] - Verify element property value successfully

2023-10-16 14:08:07 - [TEST_STEP][PASSED] - verifyElementPropertyValue(getResponse, "offers[9].groups[0].pricingPlans[0].pricingPlanData[0].visualElements[0].value", "Credit/Debit Card"): Verify element property value successfully

2023-10-16 14:08:07 - [MESSAGE][PASSED] - Verify element property value successfully

2023-10-16 14:08:07 - [TEST_STEP][PASSED] - verifyElementPropertyValue(getResponse, "offers[9].groups[0].pricingPlans[0].pricingPlanData[0].visualElements[1].key", "CTA_text"): Verify element property value successfully

2023-10-16 14:08:07 - [MESSAGE][PASSED] - Verify element property value successfully

2023-10-16 14:08:07 - [TEST_STEP][PASSED] - verifyElementPropertyValue(getResponse, "offers[9].groups[0].pricingPlans[0].pricingPlanData[0].visualElements[1].value", "Subscribe"): Verify element property value successfully

2023-10-16 14:08:07 - [MESSAGE][PASSED] - Verify element property value successfully

2023-10-16 14:08:07 - [TEST_STEP][PASSED] - verifyElementPropertyValue(getResponse, "offers[9].groups[0].pricingPlans[0].pricingPlanData[0].visualElements[2].key", "logo"): Verify element property value successfully

2023-10-16 14:08:07 - [MESSAGE][PASSED] - Verify element property value successfully

2023-10-16 14:08:07 - [TEST_STEP][PASSED] - verifyElementPropertyValue(getResponse, "offers[9].groups[0].pricingPlans[0].pricingPlanData[0].visualElements[2].value", "https://static.s3.shahid.mbc.net/widget-images/icons/iconCreditCard.png"): Verify element property value successfully

2023-10-16 14:08:07 - [MESSAGE][PASSED] - Verify element property value successfully

2023-10-16 14:08:07 - [TEST_STEP][PASSED] - verifyElementPropertyValue(getResponse, "offers[10].offerId", "byg-50-offer"): Verify element property value successfully

2023-10-16 14:08:07 - [MESSAGE][PASSED] - Verify element property value successfully

2023-10-16 14:08:07 - [TEST_STEP][PASSED] - verifyElementPropertyValue(getResponse, "offers[10].offerParam", "bygoffer50"): Verify element property value successfully

2023-10-16 14:08:07 - [MESSAGE][PASSED] - Verify element property value successfully

2023-10-16 14:08:07 - [TEST_STEP][PASSED] - verifyElementPropertyValue(getResponse, "offers[10].groups[0].pricingPlans[0].featured", "true"): Verify element property value successfully

2023-10-16 14:08:07 - [MESSAGE][PASSED] - Verify element property value successfully

2023-10-16 14:08:07 - [TEST_STEP][PASSED] - verifyElementPropertyValue(getResponse, "offers[10].groups[0].pricingPlans[0].period", "monthly"): Verify element property value successfully

2023-10-16 14:08:07 - [MESSAGE][PASSED] - Verify element property value successfully

2023-10-16 14:08:07 - [TEST_STEP][PASSED] - verifyElementPropertyValue(getResponse, "offers[10].groups[0].pricingPlans[0].featured", "true"): Verify element property value successfully

2023-10-16 14:08:07 - [MESSAGE][PASSED] - Verify element property value successfully

2023-10-16 14:08:07 - [TEST_STEP][PASSED] - verifyElementPropertyValue(getResponse, "offers[10].groups[0].pricingPlans[0].price", "1.49"): Verify element property value successfully

2023-10-16 14:08:07 - [MESSAGE][PASSED] - Verify element property value successfully

2023-10-16 14:08:07 - [TEST_STEP][PASSED] - verifyElementPropertyValue(getResponse, "offers[10].groups[0].pricingPlans[0].currency", "JOD"): Verify element property value successfully

2023-10-16 14:08:07 - [MESSAGE][PASSED] - Verify element property value successfully

2023-10-16 14:08:07 - [TEST_STEP][PASSED] - verifyElementPropertyValue(getResponse, "offers[10].groups[0].pricingPlans[0].order", "0"): Verify element property value successfully

2023-10-16 14:08:07 - [MESSAGE][PASSED] - Verify element property value successfully

2023-10-16 14:08:07 - [TEST_STEP][PASSED] - verifyElementPropertyValue(getResponse, "offers[10].groups[0].pricingPlans[0].packageId", "SHAHID_VIP"): Verify element property value successfully

2023-10-16 14:08:07 - [MESSAGE][PASSED] - Verify element property value successfully

2023-10-16 14:08:07 - [TEST_STEP][PASSED] - verifyElementPropertyValue(getResponse, "offers[10].groups[0].pricingPlans[0].catalogId", "VIP"): Verify element property value successfully

2023-10-16 14:08:07 - [MESSAGE][PASSED] - Verify element property value successfully

2023-10-16 14:08:07 - [TEST_STEP][PASSED] - verifyElementPropertyValue(getResponse, "offers[10].groups[0].pricingPlans[0].visualElements[0].key", "Header_1_text"): Verify element property value successfully

2023-10-16 14:08:07 - [MESSAGE][PASSED] - Verify element property value successfully

2023-10-16 14:08:07 - [TEST_STEP][PASSED] - verifyElementPropertyValue(getResponse, "offers[10].groups[0].pricingPlans[0].visualElements[0].value", "Watch the most powerful series and movies exclusively without stopping"): Verify element property value successfully

2023-10-16 14:08:07 - [MESSAGE][PASSED] - Verify element property value successfully

2023-10-16 14:08:07 - [TEST_STEP][PASSED] - verifyElementPropertyValue(getResponse, "offers[10].groups[0].pricingPlans[0].visualElements[1].key", "display_title"): Verify element property value successfully

2023-10-16 14:08:07 - [MESSAGE][PASSED] - Verify element property value successfully

2023-10-16 14:08:07 - [TEST_STEP][FAILED] - verifyElementPropertyValue(getResponse, "offers[10].groups[0].pricingPlans[0].visualElements[1].value", "50% Discount Offer"): Expected element property value '50% Discount Offer' is not equal with actual property value '50% Discount Offer​'

2023-10-16 14:08:07 - [MESSAGE][FAILED] - Expected element property value '50% Discount Offer' is not equal with actual property value '50% Discount Offer​'

2023-10-16 14:08:07 - [TEST_STEP][PASSED] - verifyElementPropertyValue(getResponse, "offers[10].groups[0].pricingPlans[0].visualElements[3].key", "deduction_text"): Verify element property value successfully

2023-10-16 14:08:07 - [MESSAGE][PASSED] - Verify element property value successfully

2023-10-16 14:08:07 - [TEST_STEP][PASSED] - verifyElementPropertyValue(getResponse, "offers[10].groups[0].pricingPlans[0].visualElements[3].value", "billed every month"): Verify element property value successfully

2023-10-16 14:08:07 - [MESSAGE][PASSED] - Verify element property value successfully

2023-10-16 14:08:07 - [TEST_STEP][PASSED] - verifyElementPropertyValue(getResponse, "offers[10].groups[0].pricingPlans[0].visualElements[6].key", "show_payment_logo"): Verify element property value successfully

2023-10-16 14:08:07 - [MESSAGE][PASSED] - Verify element property value successfully

2023-10-16 14:08:07 - [TEST_STEP][PASSED] - verifyElementPropertyValue(getResponse, "offers[10].groups[0].pricingPlans[0].visualElements[6].value", "true"): Verify element property value successfully

2023-10-16 14:08:07 - [MESSAGE][PASSED] - Verify element property value successfully

2023-10-16 14:08:07 - [TEST_STEP][PASSED] - verifyElementPropertyValue(getResponse, "offers[10].groups[0].pricingPlans[0].visualElements[8].key", "price"): Verify element property value successfully

2023-10-16 14:08:07 - [MESSAGE][PASSED] - Verify element property value successfully

2023-10-16 14:08:07 - [TEST_STEP][PASSED] - verifyElementPropertyValue(getResponse, "offers[10].groups[0].pricingPlans[0].visualElements[8].value", "1.49"): Verify element property value successfully

2023-10-16 14:08:07 - [MESSAGE][PASSED] - Verify element property value successfully

2023-10-16 14:08:07 - [TEST_STEP][PASSED] - verifyElementPropertyValue(getResponse, "offers[10].groups[0].pricingPlans[0].visualElements[9].key", "currency"): Verify element property value successfully

2023-10-16 14:08:07 - [MESSAGE][PASSED] - Verify element property value successfully

2023-10-16 14:08:07 - [TEST_STEP][PASSED] - verifyElementPropertyValue(getResponse, "offers[10].groups[0].pricingPlans[0].visualElements[9].value", "JOD"): Verify element property value successfully

2023-10-16 14:08:07 - [MESSAGE][PASSED] - Verify element property value successfully

2023-10-16 14:08:07 - [TEST_STEP][PASSED] - verifyElementPropertyValue(getResponse, "offers[10].groups[0].pricingPlans[0].visualElements[10].key", "duration"): Verify element property value successfully

2023-10-16 14:08:07 - [MESSAGE][PASSED] - Verify element property value successfully

2023-10-16 14:08:07 - [TEST_STEP][PASSED] - verifyElementPropertyValue(getResponse, "offers[10].groups[0].pricingPlans[0].visualElements[10].value", "Monthly"): Verify element property value successfully

2023-10-16 14:08:07 - [MESSAGE][PASSED] - Verify element property value successfully

2023-10-16 14:08:07 - [TEST_STEP][PASSED] - verifyElementPropertyValue(getResponse, "offers[10].groups[0].pricingPlans[0].visualElements[11].key", "featured_tag_text"): Verify element property value successfully

2023-10-16 14:08:07 - [MESSAGE][PASSED] - Verify element property value successfully

2023-10-16 14:08:07 - [TEST_STEP][PASSED] - verifyElementPropertyValue(getResponse, "offers[10].groups[0].pricingPlans[0].visualElements[11].value", "Limited Time Offer"): Verify element property value successfully

2023-10-16 14:08:07 - [MESSAGE][PASSED] - Verify element property value successfully

2023-10-16 14:08:07 - [TEST_STEP][PASSED] - verifyElementPropertyValue(getResponse, "offers[10].groups[0].pricingPlans[0].visualElements[13].key", "tag_text"): Verify element property value successfully

2023-10-16 14:08:07 - [MESSAGE][PASSED] - Verify element property value successfully

2023-10-16 14:08:07 - [TEST_STEP][PASSED] - verifyElementPropertyValue(getResponse, "offers[10].groups[0].pricingPlans[0].visualElements[13].value", "Save 50%"): Verify element property value successfully

2023-10-16 14:08:07 - [MESSAGE][PASSED] - Verify element property value successfully

2023-10-16 14:08:07 - [TEST_STEP][PASSED] - verifyElementPropertyValue(getResponse, "offers[10].groups[0].pricingPlans[0].visualElements[12].key", "show_tag"): Verify element property value successfully

2023-10-16 14:08:07 - [MESSAGE][PASSED] - Verify element property value successfully

2023-10-16 14:08:07 - [TEST_STEP][PASSED] - verifyElementPropertyValue(getResponse, "offers[10].groups[0].pricingPlans[0].visualElements[12].value", "true"): Verify element property value successfully

2023-10-16 14:08:07 - [MESSAGE][PASSED] - Verify element property value successfully

2023-10-16 14:08:07 - [TEST_STEP][PASSED] - verifyElementPropertyValue(getResponse, "offers[10].groups[0].pricingPlans[0].pricingPlanData[0].productId", "JOR_B2C_SHAHID_VIP_1M"): Verify element property value successfully

2023-10-16 14:08:07 - [MESSAGE][PASSED] - Verify element property value successfully

2023-10-16 14:08:07 - [TEST_STEP][PASSED] - verifyElementPropertyValue(getResponse, "offers[10].groups[0].pricingPlans[0].pricingPlanData[0].paymentMethod", "CREDIT_CARD"): Verify element property value successfully

2023-10-16 14:08:07 - [MESSAGE][PASSED] - Verify element property value successfully

2023-10-16 14:08:07 - [TEST_STEP][PASSED] - verifyElementPropertyValue(getResponse, "offers[10].groups[0].pricingPlans[0].pricingPlanData[0].freeTrialEnabled", "false"): Verify element property value successfully

2023-10-16 14:08:07 - [MESSAGE][PASSED] - Verify element property value successfully

2023-10-16 14:08:07 - [TEST_STEP][PASSED] - verifyElementPropertyValue(getResponse, "offers[10].groups[0].pricingPlans[0].pricingPlanData[0].showIn[0]", "VERTICAL_MODE"): Verify element property value successfully

2023-10-16 14:08:07 - [MESSAGE][PASSED] - Verify element property value successfully

2023-10-16 14:08:07 - [TEST_STEP][PASSED] - verifyElementPropertyValue(getResponse, "offers[10].groups[0].pricingPlans[0].pricingPlanData[0].showIn[1]", "HORIZONTAL_MODE"): Verify element property value successfully

2023-10-16 14:08:07 - [MESSAGE][PASSED] - Verify element property value successfully

2023-10-16 14:08:07 - [TEST_STEP][PASSED] - verifyElementPropertyValue(getResponse, "offers[10].groups[0].pricingPlans[0].pricingPlanData[0].priceLabel", "1.49"): Verify element property value successfully

2023-10-16 14:08:07 - [MESSAGE][PASSED] - Verify element property value successfully

2023-10-16 14:08:07 - [TEST_STEP][PASSED] - verifyElementPropertyValue(getResponse, "offers[10].groups[0].pricingPlans[0].pricingPlanData[0].currencyLabel", "JOD"): Verify element property value successfully

2023-10-16 14:08:07 - [MESSAGE][PASSED] - Verify element property value successfully

2023-10-16 14:08:07 - [TEST_STEP][PASSED] - verifyElementPropertyValue(getResponse, "offers[10].groups[0].pricingPlans[0].pricingPlanData[0].dealId", "BYG_50P_JOR"): Verify element property value successfully

2023-10-16 14:08:07 - [MESSAGE][PASSED] - Verify element property value successfully

2023-10-16 14:08:07 - [TEST_STEP][PASSED] - verifyElementPropertyValue(getResponse, "offers[10].groups[0].pricingPlans[0].pricingPlanData[0].allowedForAcquisition", "true"): Verify element property value successfully

2023-10-16 14:08:07 - [MESSAGE][PASSED] - Verify element property value successfully

2023-10-16 14:08:07 - [TEST_STEP][PASSED] - verifyElementPropertyValue(getResponse, "offers[10].groups[0].pricingPlans[0].pricingPlanData[0].visualElements[0].key", "title"): Verify element property value successfully

2023-10-16 14:08:07 - [MESSAGE][PASSED] - Verify element property value successfully

2023-10-16 14:08:07 - [TEST_STEP][PASSED] - verifyElementPropertyValue(getResponse, "offers[10].groups[0].pricingPlans[0].pricingPlanData[0].visualElements[0].value", "Credit/Debit Card"): Verify element property value successfully

2023-10-16 14:08:07 - [MESSAGE][PASSED] - Verify element property value successfully

2023-10-16 14:08:07 - [TEST_STEP][PASSED] - verifyElementPropertyValue(getResponse, "offers[10].groups[0].pricingPlans[0].pricingPlanData[0].visualElements[1].key", "CTA_text"): Verify element property value successfully

2023-10-16 14:08:07 - [MESSAGE][PASSED] - Verify element property value successfully

2023-10-16 14:08:07 - [TEST_STEP][PASSED] - verifyElementPropertyValue(getResponse, "offers[10].groups[0].pricingPlans[0].pricingPlanData[0].visualElements[1].value", "Subscribe"): Verify element property value successfully

2023-10-16 14:08:07 - [MESSAGE][PASSED] - Verify element property value successfully

2023-10-16 14:08:07 - [TEST_STEP][PASSED] - verifyElementPropertyValue(getResponse, "offers[10].groups[0].pricingPlans[0].pricingPlanData[0].visualElements[2].key", "logo"): Verify element property value successfully

2023-10-16 14:08:07 - [MESSAGE][PASSED] - Verify element property value successfully

2023-10-16 14:08:07 - [TEST_STEP][PASSED] - verifyElementPropertyValue(getResponse, "offers[10].groups[0].pricingPlans[0].pricingPlanData[0].visualElements[2].value", "https://static.s3.shahid.mbc.net/widget-images/icons/iconCreditCard.png"): Verify element property value successfully

2023-10-16 14:08:07 - [MESSAGE][PASSED] - Verify element property value successfully]]></system-out>
         <system-err><![CDATA[2023-10-16 14:08:03 - [TEST_CASE][FAILED] - Test Cases/WEB - CHROME/JOR PI/WEB_EN_getOffersForJOR_VIP: Test Cases/WEB - CHROME/JOR PI/WEB_EN_getOffersForJOR_VIP FAILED.
Reason:
com.kms.katalon.core.exception.StepFailedException: Expected element property value '30% Discount Offer' is not equal with actual property value '30% Discount Offer​'
	at com.kms.katalon.core.keyword.internal.KeywordMain.stepFailed(KeywordMain.groovy:39)
	at com.kms.katalon.core.webservice.keyword.builtin.VerifyElementPropertyValueKeyword$_verifyElementPropertyValue_closure1.doCall(VerifyElementPropertyValueKeyword.groovy:56)
	at com.kms.katalon.core.webservice.keyword.builtin.VerifyElementPropertyValueKeyword$_verifyElementPropertyValue_closure1.call(VerifyElementPropertyValueKeyword.groovy)
	at com.kms.katalon.core.keyword.internal.KeywordMain.runKeyword(KeywordMain.groovy:75)
	at com.kms.katalon.core.webservice.keyword.builtin.VerifyElementPropertyValueKeyword.verifyElementPropertyValue(VerifyElementPropertyValueKeyword.groovy:48)
	at com.kms.katalon.core.webservice.keyword.builtin.VerifyElementPropertyValueKeyword.execute(VerifyElementPropertyValueKeyword.groovy:43)
	at com.kms.katalon.core.keyword.internal.KeywordExecutor.executeKeywordForPlatform(KeywordExecutor.groovy:74)
	at com.kms.katalon.core.webservice.keyword.WSBuiltInKeywords.verifyElementPropertyValue(WSBuiltInKeywords.groovy:190)
	at com.kms.katalon.core.webservice.keyword.WSBuiltInKeywords$verifyElementPropertyValue$1.call(Unknown Source)
	at WEB_EN_getOffersForJOR_VIP.run(WEB_EN_getOffersForJOR_VIP:61)
	at com.kms.katalon.core.main.ScriptEngine.run(ScriptEngine.java:194)
	at com.kms.katalon.core.main.ScriptEngine.runScriptAsRawText(ScriptEngine.java:119)
	at com.kms.katalon.core.main.TestCaseExecutor.runScript(TestCaseExecutor.java:448)
	at com.kms.katalon.core.main.TestCaseExecutor.doExecute(TestCaseExecutor.java:439)
	at com.kms.katalon.core.main.TestCaseExecutor.processExecutionPhase(TestCaseExecutor.java:418)
	at com.kms.katalon.core.main.TestCaseExecutor.accessMainPhase(TestCaseExecutor.java:410)
	at com.kms.katalon.core.main.TestCaseExecutor.execute(TestCaseExecutor.java:285)
	at com.kms.katalon.core.common.CommonExecutor.accessTestCaseMainPhase(CommonExecutor.java:65)
	at com.kms.katalon.core.main.TestSuiteExecutor.accessTestSuiteMainPhase(TestSuiteExecutor.java:148)
	at com.kms.katalon.core.main.TestSuiteExecutor.execute(TestSuiteExecutor.java:106)
	at com.kms.katalon.core.main.TestCaseMain.startTestSuite(TestCaseMain.java:187)
	at com.kms.katalon.core.main.TestCaseMain$startTestSuite$0.call(Unknown Source)
	at TempTestSuite1697454195634.run(TempTestSuite1697454195634.groovy:36)]]></system-err>
      </testcase>
      <testcase name="Test Cases/WEB - CHROME/JOR PI/WEB_FR_getOffersForJOR_SPORT" time="3.832" classname="Test Cases/WEB - CHROME/JOR PI/WEB_FR_getOffersForJOR_SPORT" status="PASSED">
         <system-out><![CDATA[2023-10-16 14:08:07 - [TEST_CASE][PASSED] - Test Cases/WEB - CHROME/JOR PI/WEB_FR_getOffersForJOR_SPORT: Test Cases/WEB - CHROME/JOR PI/WEB_FR_getOffersForJOR_SPORT

2023-10-16 14:08:08 - [TEST_STEP][PASSED] - getResponse = config_files.getConfigFile.getConfig("WEB", "FR", "SHAHID_VIP_SPORT", "JO", "false"): config_files.getConfigFile.getConfig is PASSED

2023-10-16 14:08:08 - [MESSAGE][INFO] - HAR: /Users/admin/git/shahid-configuration/Reports/20231016_140310/WEB/JOR/20231016_140315/requests/main/8.har

2023-10-16 14:08:08 - [MESSAGE][PASSED] - Send request successfully

2023-10-16 14:08:08 - [MESSAGE][PASSED] - config_files.getConfigFile.getConfig is PASSED

2023-10-16 14:08:08 - [TEST_STEP][PASSED] - verifyResponseStatusCode(getResponse, 200): Verify response status code successfully

2023-10-16 14:08:08 - [MESSAGE][PASSED] - Verify response status code successfully

2023-10-16 14:08:08 - [TEST_STEP][PASSED] - verifyElementPropertyValue(getResponse, "country", "JOR"): Verify element property value successfully

2023-10-16 14:08:08 - [MESSAGE][PASSED] - Verify element property value successfully

2023-10-16 14:08:08 - [TEST_STEP][PASSED] - verifyElementPropertyValue(getResponse, "platform", "[WEB]"): Verify element property value successfully

2023-10-16 14:08:08 - [MESSAGE][PASSED] - Verify element property value successfully

2023-10-16 14:08:08 - [TEST_STEP][PASSED] - verifyElementPropertyValue(getResponse, "offers[5].offerId", "winback-sport-30-offer"): Verify element property value successfully

2023-10-16 14:08:08 - [MESSAGE][PASSED] - Verify element property value successfully

2023-10-16 14:08:08 - [TEST_STEP][PASSED] - verifyElementPropertyValue(getResponse, "offers[5].offerParam", "sportsoffer30"): Verify element property value successfully

2023-10-16 14:08:08 - [MESSAGE][PASSED] - Verify element property value successfully

2023-10-16 14:08:08 - [TEST_STEP][PASSED] - verifyElementPropertyValue(getResponse, "offers[5].groups[0].pricingPlans[0].featured", "true"): Verify element property value successfully

2023-10-16 14:08:08 - [MESSAGE][PASSED] - Verify element property value successfully

2023-10-16 14:08:08 - [TEST_STEP][PASSED] - verifyElementPropertyValue(getResponse, "offers[5].groups[0].pricingPlans[0].period", "monthly"): Verify element property value successfully

2023-10-16 14:08:08 - [MESSAGE][PASSED] - Verify element property value successfully

2023-10-16 14:08:08 - [TEST_STEP][PASSED] - verifyElementPropertyValue(getResponse, "offers[5].groups[0].pricingPlans[0].featured", "true"): Verify element property value successfully

2023-10-16 14:08:08 - [MESSAGE][PASSED] - Verify element property value successfully

2023-10-16 14:08:08 - [TEST_STEP][PASSED] - verifyElementPropertyValue(getResponse, "offers[5].groups[0].pricingPlans[0].price", "4.19"): Verify element property value successfully

2023-10-16 14:08:08 - [MESSAGE][PASSED] - Verify element property value successfully

2023-10-16 14:08:08 - [TEST_STEP][PASSED] - verifyElementPropertyValue(getResponse, "offers[5].groups[0].pricingPlans[0].currency", "JOD"): Verify element property value successfully

2023-10-16 14:08:08 - [MESSAGE][PASSED] - Verify element property value successfully

2023-10-16 14:08:08 - [TEST_STEP][PASSED] - verifyElementPropertyValue(getResponse, "offers[5].groups[0].pricingPlans[0].order", "0"): Verify element property value successfully

2023-10-16 14:08:08 - [MESSAGE][PASSED] - Verify element property value successfully

2023-10-16 14:08:08 - [TEST_STEP][PASSED] - verifyElementPropertyValue(getResponse, "offers[5].groups[0].pricingPlans[0].packageId", "SHAHID_VIP_SPORT"): Verify element property value successfully

2023-10-16 14:08:09 - [MESSAGE][PASSED] - Verify element property value successfully

2023-10-16 14:08:09 - [TEST_STEP][PASSED] - verifyElementPropertyValue(getResponse, "offers[5].groups[0].pricingPlans[0].catalogId", "SPORT"): Verify element property value successfully

2023-10-16 14:08:09 - [MESSAGE][PASSED] - Verify element property value successfully

2023-10-16 14:08:09 - [TEST_STEP][PASSED] - verifyElementPropertyValue(getResponse, "offers[5].groups[0].pricingPlans[0].visualElements[0].key", "Header_1_text"): Verify element property value successfully

2023-10-16 14:08:09 - [MESSAGE][PASSED] - Verify element property value successfully

2023-10-16 14:08:09 - [TEST_STEP][PASSED] - verifyElementPropertyValue(getResponse, "offers[5].groups[0].pricingPlans[0].visualElements[0].value", "Abonnez-vous dès maintenant et profitez de vos programmes sans publicité"): Verify element property value successfully

2023-10-16 14:08:09 - [MESSAGE][PASSED] - Verify element property value successfully

2023-10-16 14:08:09 - [TEST_STEP][PASSED] - verifyElementPropertyValue(getResponse, "offers[5].groups[0].pricingPlans[0].visualElements[1].key", "display_title"): Verify element property value successfully

2023-10-16 14:08:09 - [MESSAGE][PASSED] - Verify element property value successfully

2023-10-16 14:08:09 - [TEST_STEP][PASSED] - verifyElementPropertyValue(getResponse, "offers[5].groups[0].pricingPlans[0].visualElements[1].value", "30% de réduction"): Verify element property value successfully

2023-10-16 14:08:09 - [MESSAGE][PASSED] - Verify element property value successfully

2023-10-16 14:08:09 - [TEST_STEP][PASSED] - verifyElementPropertyValue(getResponse, "offers[5].groups[0].pricingPlans[0].visualElements[3].key", "deduction_text"): Verify element property value successfully

2023-10-16 14:08:09 - [MESSAGE][PASSED] - Verify element property value successfully

2023-10-16 14:08:09 - [TEST_STEP][PASSED] - verifyElementPropertyValue(getResponse, "offers[5].groups[0].pricingPlans[0].visualElements[3].value", "facturation mensuelle"): Verify element property value successfully

2023-10-16 14:08:09 - [MESSAGE][PASSED] - Verify element property value successfully

2023-10-16 14:08:09 - [TEST_STEP][PASSED] - verifyElementPropertyValue(getResponse, "offers[5].groups[0].pricingPlans[0].visualElements[6].key", "show_payment_logo"): Verify element property value successfully

2023-10-16 14:08:09 - [MESSAGE][PASSED] - Verify element property value successfully

2023-10-16 14:08:09 - [TEST_STEP][PASSED] - verifyElementPropertyValue(getResponse, "offers[5].groups[0].pricingPlans[0].visualElements[6].value", "true"): Verify element property value successfully

2023-10-16 14:08:09 - [MESSAGE][PASSED] - Verify element property value successfully

2023-10-16 14:08:09 - [TEST_STEP][PASSED] - verifyElementPropertyValue(getResponse, "offers[5].groups[0].pricingPlans[0].visualElements[8].key", "price"): Verify element property value successfully

2023-10-16 14:08:09 - [MESSAGE][PASSED] - Verify element property value successfully

2023-10-16 14:08:09 - [TEST_STEP][PASSED] - verifyElementPropertyValue(getResponse, "offers[5].groups[0].pricingPlans[0].visualElements[8].value", "4.19"): Verify element property value successfully

2023-10-16 14:08:09 - [MESSAGE][PASSED] - Verify element property value successfully

2023-10-16 14:08:09 - [TEST_STEP][PASSED] - verifyElementPropertyValue(getResponse, "offers[5].groups[0].pricingPlans[0].visualElements[9].key", "currency"): Verify element property value successfully

2023-10-16 14:08:09 - [MESSAGE][PASSED] - Verify element property value successfully

2023-10-16 14:08:09 - [TEST_STEP][PASSED] - verifyElementPropertyValue(getResponse, "offers[5].groups[0].pricingPlans[0].visualElements[9].value", "JOD"): Verify element property value successfully

2023-10-16 14:08:09 - [MESSAGE][PASSED] - Verify element property value successfully

2023-10-16 14:08:09 - [TEST_STEP][PASSED] - verifyElementPropertyValue(getResponse, "offers[5].groups[0].pricingPlans[0].visualElements[10].key", "duration"): Verify element property value successfully

2023-10-16 14:08:09 - [MESSAGE][PASSED] - Verify element property value successfully

2023-10-16 14:08:09 - [TEST_STEP][PASSED] - verifyElementPropertyValue(getResponse, "offers[5].groups[0].pricingPlans[0].visualElements[10].value", "Mensuel"): Verify element property value successfully

2023-10-16 14:08:09 - [MESSAGE][PASSED] - Verify element property value successfully

2023-10-16 14:08:09 - [TEST_STEP][PASSED] - verifyElementPropertyValue(getResponse, "offers[5].groups[0].pricingPlans[0].visualElements[11].key", "featured_tag_text"): Verify element property value successfully

2023-10-16 14:08:09 - [MESSAGE][PASSED] - Verify element property value successfully

2023-10-16 14:08:09 - [TEST_STEP][PASSED] - verifyElementPropertyValue(getResponse, "offers[5].groups[0].pricingPlans[0].visualElements[11].value", "Offre limitée"): Verify element property value successfully

2023-10-16 14:08:09 - [MESSAGE][PASSED] - Verify element property value successfully

2023-10-16 14:08:09 - [TEST_STEP][PASSED] - verifyElementPropertyValue(getResponse, "offers[5].groups[0].pricingPlans[0].visualElements[13].key", "tag_text"): Verify element property value successfully

2023-10-16 14:08:09 - [MESSAGE][PASSED] - Verify element property value successfully

2023-10-16 14:08:09 - [TEST_STEP][PASSED] - verifyElementPropertyValue(getResponse, "offers[5].groups[0].pricingPlans[0].visualElements[13].value", "Économisez 30% "): Verify element property value successfully

2023-10-16 14:08:09 - [MESSAGE][PASSED] - Verify element property value successfully

2023-10-16 14:08:09 - [TEST_STEP][PASSED] - verifyElementPropertyValue(getResponse, "offers[5].groups[0].pricingPlans[0].visualElements[12].key", "show_tag"): Verify element property value successfully

2023-10-16 14:08:09 - [MESSAGE][PASSED] - Verify element property value successfully

2023-10-16 14:08:09 - [TEST_STEP][PASSED] - verifyElementPropertyValue(getResponse, "offers[5].groups[0].pricingPlans[0].visualElements[12].value", "true"): Verify element property value successfully

2023-10-16 14:08:09 - [MESSAGE][PASSED] - Verify element property value successfully

2023-10-16 14:08:09 - [TEST_STEP][PASSED] - verifyElementPropertyValue(getResponse, "offers[5].groups[0].pricingPlans[0].pricingPlanData[0].productId", "JOR_B2C_SHAHID_VIP_SPORT_1M"): Verify element property value successfully

2023-10-16 14:08:09 - [MESSAGE][PASSED] - Verify element property value successfully

2023-10-16 14:08:09 - [TEST_STEP][PASSED] - verifyElementPropertyValue(getResponse, "offers[5].groups[0].pricingPlans[0].pricingPlanData[0].paymentMethod", "CREDIT_CARD"): Verify element property value successfully

2023-10-16 14:08:09 - [MESSAGE][PASSED] - Verify element property value successfully

2023-10-16 14:08:09 - [TEST_STEP][PASSED] - verifyElementPropertyValue(getResponse, "offers[5].groups[0].pricingPlans[0].pricingPlanData[0].freeTrialEnabled", "false"): Verify element property value successfully

2023-10-16 14:08:09 - [MESSAGE][PASSED] - Verify element property value successfully

2023-10-16 14:08:09 - [TEST_STEP][PASSED] - verifyElementPropertyValue(getResponse, "offers[5].groups[0].pricingPlans[0].pricingPlanData[0].showIn[0]", "VERTICAL_MODE"): Verify element property value successfully

2023-10-16 14:08:09 - [MESSAGE][PASSED] - Verify element property value successfully

2023-10-16 14:08:09 - [TEST_STEP][PASSED] - verifyElementPropertyValue(getResponse, "offers[5].groups[0].pricingPlans[0].pricingPlanData[0].showIn[1]", "HORIZONTAL_MODE"): Verify element property value successfully

2023-10-16 14:08:09 - [MESSAGE][PASSED] - Verify element property value successfully

2023-10-16 14:08:09 - [TEST_STEP][PASSED] - verifyElementPropertyValue(getResponse, "offers[5].groups[0].pricingPlans[0].pricingPlanData[0].priceLabel", "4.19"): Verify element property value successfully

2023-10-16 14:08:09 - [MESSAGE][PASSED] - Verify element property value successfully

2023-10-16 14:08:09 - [TEST_STEP][PASSED] - verifyElementPropertyValue(getResponse, "offers[5].groups[0].pricingPlans[0].pricingPlanData[0].currencyLabel", "JOD"): Verify element property value successfully

2023-10-16 14:08:09 - [MESSAGE][PASSED] - Verify element property value successfully

2023-10-16 14:08:09 - [TEST_STEP][PASSED] - verifyElementPropertyValue(getResponse, "offers[5].groups[0].pricingPlans[0].pricingPlanData[0].dealId", "WB_SPORT_30P_JOR"): Verify element property value successfully

2023-10-16 14:08:09 - [MESSAGE][PASSED] - Verify element property value successfully

2023-10-16 14:08:09 - [TEST_STEP][PASSED] - verifyElementPropertyValue(getResponse, "offers[5].groups[0].pricingPlans[0].pricingPlanData[0].allowedForAcquisition", "true"): Verify element property value successfully

2023-10-16 14:08:09 - [MESSAGE][PASSED] - Verify element property value successfully

2023-10-16 14:08:09 - [TEST_STEP][PASSED] - verifyElementPropertyValue(getResponse, "offers[5].groups[0].pricingPlans[0].pricingPlanData[0].visualElements[0].key", "title"): Verify element property value successfully

2023-10-16 14:08:09 - [MESSAGE][PASSED] - Verify element property value successfully

2023-10-16 14:08:09 - [TEST_STEP][PASSED] - verifyElementPropertyValue(getResponse, "offers[5].groups[0].pricingPlans[0].pricingPlanData[0].visualElements[0].value", "Carte de crédit/débit"): Verify element property value successfully

2023-10-16 14:08:09 - [MESSAGE][PASSED] - Verify element property value successfully

2023-10-16 14:08:09 - [TEST_STEP][PASSED] - verifyElementPropertyValue(getResponse, "offers[5].groups[0].pricingPlans[0].pricingPlanData[0].visualElements[1].key", "CTA_text"): Verify element property value successfully

2023-10-16 14:08:09 - [MESSAGE][PASSED] - Verify element property value successfully

2023-10-16 14:08:09 - [TEST_STEP][PASSED] - verifyElementPropertyValue(getResponse, "offers[5].groups[0].pricingPlans[0].pricingPlanData[0].visualElements[1].value", "S’abonner"): Verify element property value successfully

2023-10-16 14:08:09 - [MESSAGE][PASSED] - Verify element property value successfully

2023-10-16 14:08:09 - [TEST_STEP][PASSED] - verifyElementPropertyValue(getResponse, "offers[5].groups[0].pricingPlans[0].pricingPlanData[0].visualElements[2].key", "logo"): Verify element property value successfully

2023-10-16 14:08:09 - [MESSAGE][PASSED] - Verify element property value successfully

2023-10-16 14:08:09 - [TEST_STEP][PASSED] - verifyElementPropertyValue(getResponse, "offers[5].groups[0].pricingPlans[0].pricingPlanData[0].visualElements[2].value", "https://static.s3.shahid.mbc.net/widget-images/icons/iconCreditCard.png"): Verify element property value successfully

2023-10-16 14:08:09 - [MESSAGE][PASSED] - Verify element property value successfully

2023-10-16 14:08:09 - [TEST_STEP][PASSED] - verifyElementPropertyValue(getResponse, "offers[6].offerId", "winback-sport-40-offer"): Verify element property value successfully

2023-10-16 14:08:09 - [MESSAGE][PASSED] - Verify element property value successfully

2023-10-16 14:08:09 - [TEST_STEP][PASSED] - verifyElementPropertyValue(getResponse, "offers[6].offerParam", "sportsoffer40"): Verify element property value successfully

2023-10-16 14:08:09 - [MESSAGE][PASSED] - Verify element property value successfully

2023-10-16 14:08:09 - [TEST_STEP][PASSED] - verifyElementPropertyValue(getResponse, "offers[6].groups[0].pricingPlans[0].featured", "true"): Verify element property value successfully

2023-10-16 14:08:09 - [MESSAGE][PASSED] - Verify element property value successfully

2023-10-16 14:08:09 - [TEST_STEP][PASSED] - verifyElementPropertyValue(getResponse, "offers[6].groups[0].pricingPlans[0].period", "monthly"): Verify element property value successfully

2023-10-16 14:08:09 - [MESSAGE][PASSED] - Verify element property value successfully

2023-10-16 14:08:09 - [TEST_STEP][PASSED] - verifyElementPropertyValue(getResponse, "offers[6].groups[0].pricingPlans[0].featured", "true"): Verify element property value successfully

2023-10-16 14:08:09 - [MESSAGE][PASSED] - Verify element property value successfully

2023-10-16 14:08:09 - [TEST_STEP][PASSED] - verifyElementPropertyValue(getResponse, "offers[6].groups[0].pricingPlans[0].price", "3.59"): Verify element property value successfully

2023-10-16 14:08:09 - [MESSAGE][PASSED] - Verify element property value successfully

2023-10-16 14:08:09 - [TEST_STEP][PASSED] - verifyElementPropertyValue(getResponse, "offers[6].groups[0].pricingPlans[0].currency", "JOD"): Verify element property value successfully

2023-10-16 14:08:09 - [MESSAGE][PASSED] - Verify element property value successfully

2023-10-16 14:08:09 - [TEST_STEP][PASSED] - verifyElementPropertyValue(getResponse, "offers[6].groups[0].pricingPlans[0].order", "0"): Verify element property value successfully

2023-10-16 14:08:09 - [MESSAGE][PASSED] - Verify element property value successfully

2023-10-16 14:08:09 - [TEST_STEP][PASSED] - verifyElementPropertyValue(getResponse, "offers[6].groups[0].pricingPlans[0].packageId", "SHAHID_VIP_SPORT"): Verify element property value successfully

2023-10-16 14:08:09 - [MESSAGE][PASSED] - Verify element property value successfully

2023-10-16 14:08:09 - [TEST_STEP][PASSED] - verifyElementPropertyValue(getResponse, "offers[6].groups[0].pricingPlans[0].catalogId", "SPORT"): Verify element property value successfully

2023-10-16 14:08:09 - [MESSAGE][PASSED] - Verify element property value successfully

2023-10-16 14:08:09 - [TEST_STEP][PASSED] - verifyElementPropertyValue(getResponse, "offers[6].groups[0].pricingPlans[0].visualElements[0].key", "Header_1_text"): Verify element property value successfully

2023-10-16 14:08:09 - [MESSAGE][PASSED] - Verify element property value successfully

2023-10-16 14:08:09 - [TEST_STEP][PASSED] - verifyElementPropertyValue(getResponse, "offers[6].groups[0].pricingPlans[0].visualElements[0].value", "Abonnez-vous dès maintenant et profitez de vos programmes sans publicité"): Verify element property value successfully

2023-10-16 14:08:09 - [MESSAGE][PASSED] - Verify element property value successfully

2023-10-16 14:08:09 - [TEST_STEP][PASSED] - verifyElementPropertyValue(getResponse, "offers[6].groups[0].pricingPlans[0].visualElements[1].key", "display_title"): Verify element property value successfully

2023-10-16 14:08:09 - [MESSAGE][PASSED] - Verify element property value successfully

2023-10-16 14:08:09 - [TEST_STEP][PASSED] - verifyElementPropertyValue(getResponse, "offers[6].groups[0].pricingPlans[0].visualElements[1].value", "40% de réduction"): Verify element property value successfully

2023-10-16 14:08:09 - [MESSAGE][PASSED] - Verify element property value successfully

2023-10-16 14:08:09 - [TEST_STEP][PASSED] - verifyElementPropertyValue(getResponse, "offers[6].groups[0].pricingPlans[0].visualElements[3].key", "deduction_text"): Verify element property value successfully

2023-10-16 14:08:09 - [MESSAGE][PASSED] - Verify element property value successfully

2023-10-16 14:08:09 - [TEST_STEP][PASSED] - verifyElementPropertyValue(getResponse, "offers[6].groups[0].pricingPlans[0].visualElements[3].value", "facturation mensuelle"): Verify element property value successfully

2023-10-16 14:08:09 - [MESSAGE][PASSED] - Verify element property value successfully

2023-10-16 14:08:09 - [TEST_STEP][PASSED] - verifyElementPropertyValue(getResponse, "offers[6].groups[0].pricingPlans[0].visualElements[6].key", "show_payment_logo"): Verify element property value successfully

2023-10-16 14:08:09 - [MESSAGE][PASSED] - Verify element property value successfully

2023-10-16 14:08:09 - [TEST_STEP][PASSED] - verifyElementPropertyValue(getResponse, "offers[6].groups[0].pricingPlans[0].visualElements[6].value", "true"): Verify element property value successfully

2023-10-16 14:08:09 - [MESSAGE][PASSED] - Verify element property value successfully

2023-10-16 14:08:09 - [TEST_STEP][PASSED] - verifyElementPropertyValue(getResponse, "offers[6].groups[0].pricingPlans[0].visualElements[8].key", "price"): Verify element property value successfully

2023-10-16 14:08:09 - [MESSAGE][PASSED] - Verify element property value successfully

2023-10-16 14:08:09 - [TEST_STEP][PASSED] - verifyElementPropertyValue(getResponse, "offers[6].groups[0].pricingPlans[0].visualElements[8].value", "3.59"): Verify element property value successfully

2023-10-16 14:08:09 - [MESSAGE][PASSED] - Verify element property value successfully

2023-10-16 14:08:09 - [TEST_STEP][PASSED] - verifyElementPropertyValue(getResponse, "offers[6].groups[0].pricingPlans[0].visualElements[9].key", "currency"): Verify element property value successfully

2023-10-16 14:08:09 - [MESSAGE][PASSED] - Verify element property value successfully

2023-10-16 14:08:09 - [TEST_STEP][PASSED] - verifyElementPropertyValue(getResponse, "offers[6].groups[0].pricingPlans[0].visualElements[9].value", "JOD"): Verify element property value successfully

2023-10-16 14:08:09 - [MESSAGE][PASSED] - Verify element property value successfully

2023-10-16 14:08:09 - [TEST_STEP][PASSED] - verifyElementPropertyValue(getResponse, "offers[6].groups[0].pricingPlans[0].visualElements[10].key", "duration"): Verify element property value successfully

2023-10-16 14:08:09 - [MESSAGE][PASSED] - Verify element property value successfully

2023-10-16 14:08:09 - [TEST_STEP][PASSED] - verifyElementPropertyValue(getResponse, "offers[6].groups[0].pricingPlans[0].visualElements[10].value", "Mensuel"): Verify element property value successfully

2023-10-16 14:08:09 - [MESSAGE][PASSED] - Verify element property value successfully

2023-10-16 14:08:09 - [TEST_STEP][PASSED] - verifyElementPropertyValue(getResponse, "offers[6].groups[0].pricingPlans[0].visualElements[11].key", "featured_tag_text"): Verify element property value successfully

2023-10-16 14:08:09 - [MESSAGE][PASSED] - Verify element property value successfully

2023-10-16 14:08:09 - [TEST_STEP][PASSED] - verifyElementPropertyValue(getResponse, "offers[6].groups[0].pricingPlans[0].visualElements[11].value", "Offre limitée"): Verify element property value successfully

2023-10-16 14:08:09 - [MESSAGE][PASSED] - Verify element property value successfully

2023-10-16 14:08:09 - [TEST_STEP][PASSED] - verifyElementPropertyValue(getResponse, "offers[6].groups[0].pricingPlans[0].visualElements[13].key", "tag_text"): Verify element property value successfully

2023-10-16 14:08:09 - [MESSAGE][PASSED] - Verify element property value successfully

2023-10-16 14:08:09 - [TEST_STEP][PASSED] - verifyElementPropertyValue(getResponse, "offers[6].groups[0].pricingPlans[0].visualElements[13].value", "Économisez 40% "): Verify element property value successfully

2023-10-16 14:08:09 - [MESSAGE][PASSED] - Verify element property value successfully

2023-10-16 14:08:09 - [TEST_STEP][PASSED] - verifyElementPropertyValue(getResponse, "offers[6].groups[0].pricingPlans[0].visualElements[12].key", "show_tag"): Verify element property value successfully

2023-10-16 14:08:09 - [MESSAGE][PASSED] - Verify element property value successfully

2023-10-16 14:08:09 - [TEST_STEP][PASSED] - verifyElementPropertyValue(getResponse, "offers[6].groups[0].pricingPlans[0].visualElements[12].value", "true"): Verify element property value successfully

2023-10-16 14:08:09 - [MESSAGE][PASSED] - Verify element property value successfully

2023-10-16 14:08:09 - [TEST_STEP][PASSED] - verifyElementPropertyValue(getResponse, "offers[6].groups[0].pricingPlans[0].pricingPlanData[0].productId", "JOR_B2C_SHAHID_VIP_SPORT_1M"): Verify element property value successfully

2023-10-16 14:08:09 - [MESSAGE][PASSED] - Verify element property value successfully

2023-10-16 14:08:09 - [TEST_STEP][PASSED] - verifyElementPropertyValue(getResponse, "offers[6].groups[0].pricingPlans[0].pricingPlanData[0].paymentMethod", "CREDIT_CARD"): Verify element property value successfully

2023-10-16 14:08:09 - [MESSAGE][PASSED] - Verify element property value successfully

2023-10-16 14:08:09 - [TEST_STEP][PASSED] - verifyElementPropertyValue(getResponse, "offers[6].groups[0].pricingPlans[0].pricingPlanData[0].freeTrialEnabled", "false"): Verify element property value successfully

2023-10-16 14:08:09 - [MESSAGE][PASSED] - Verify element property value successfully

2023-10-16 14:08:09 - [TEST_STEP][PASSED] - verifyElementPropertyValue(getResponse, "offers[6].groups[0].pricingPlans[0].pricingPlanData[0].showIn[0]", "VERTICAL_MODE"): Verify element property value successfully

2023-10-16 14:08:09 - [MESSAGE][PASSED] - Verify element property value successfully

2023-10-16 14:08:09 - [TEST_STEP][PASSED] - verifyElementPropertyValue(getResponse, "offers[6].groups[0].pricingPlans[0].pricingPlanData[0].showIn[1]", "HORIZONTAL_MODE"): Verify element property value successfully

2023-10-16 14:08:09 - [MESSAGE][PASSED] - Verify element property value successfully

2023-10-16 14:08:09 - [TEST_STEP][PASSED] - verifyElementPropertyValue(getResponse, "offers[6].groups[0].pricingPlans[0].pricingPlanData[0].priceLabel", "3.59"): Verify element property value successfully

2023-10-16 14:08:09 - [MESSAGE][PASSED] - Verify element property value successfully

2023-10-16 14:08:09 - [TEST_STEP][PASSED] - verifyElementPropertyValue(getResponse, "offers[6].groups[0].pricingPlans[0].pricingPlanData[0].currencyLabel", "JOD"): Verify element property value successfully

2023-10-16 14:08:09 - [MESSAGE][PASSED] - Verify element property value successfully

2023-10-16 14:08:09 - [TEST_STEP][PASSED] - verifyElementPropertyValue(getResponse, "offers[6].groups[0].pricingPlans[0].pricingPlanData[0].dealId", "WB_SPORT_40P_JOR"): Verify element property value successfully

2023-10-16 14:08:09 - [MESSAGE][PASSED] - Verify element property value successfully

2023-10-16 14:08:09 - [TEST_STEP][PASSED] - verifyElementPropertyValue(getResponse, "offers[6].groups[0].pricingPlans[0].pricingPlanData[0].allowedForAcquisition", "true"): Verify element property value successfully

2023-10-16 14:08:09 - [MESSAGE][PASSED] - Verify element property value successfully

2023-10-16 14:08:09 - [TEST_STEP][PASSED] - verifyElementPropertyValue(getResponse, "offers[6].groups[0].pricingPlans[0].pricingPlanData[0].visualElements[0].key", "title"): Verify element property value successfully

2023-10-16 14:08:09 - [MESSAGE][PASSED] - Verify element property value successfully

2023-10-16 14:08:09 - [TEST_STEP][PASSED] - verifyElementPropertyValue(getResponse, "offers[6].groups[0].pricingPlans[0].pricingPlanData[0].visualElements[0].value", "Carte de crédit/débit"): Verify element property value successfully

2023-10-16 14:08:09 - [MESSAGE][PASSED] - Verify element property value successfully

2023-10-16 14:08:09 - [TEST_STEP][PASSED] - verifyElementPropertyValue(getResponse, "offers[6].groups[0].pricingPlans[0].pricingPlanData[0].visualElements[1].key", "CTA_text"): Verify element property value successfully

2023-10-16 14:08:09 - [MESSAGE][PASSED] - Verify element property value successfully

2023-10-16 14:08:09 - [TEST_STEP][PASSED] - verifyElementPropertyValue(getResponse, "offers[6].groups[0].pricingPlans[0].pricingPlanData[0].visualElements[1].value", "S’abonner"): Verify element property value successfully

2023-10-16 14:08:09 - [MESSAGE][PASSED] - Verify element property value successfully

2023-10-16 14:08:09 - [TEST_STEP][PASSED] - verifyElementPropertyValue(getResponse, "offers[6].groups[0].pricingPlans[0].pricingPlanData[0].visualElements[2].key", "logo"): Verify element property value successfully

2023-10-16 14:08:09 - [MESSAGE][PASSED] - Verify element property value successfully

2023-10-16 14:08:09 - [TEST_STEP][PASSED] - verifyElementPropertyValue(getResponse, "offers[6].groups[0].pricingPlans[0].pricingPlanData[0].visualElements[2].value", "https://static.s3.shahid.mbc.net/widget-images/icons/iconCreditCard.png"): Verify element property value successfully

2023-10-16 14:08:09 - [MESSAGE][PASSED] - Verify element property value successfully

2023-10-16 14:08:09 - [TEST_STEP][PASSED] - verifyElementPropertyValue(getResponse, "offers[7].offerId", "winback-sport-50-offer"): Verify element property value successfully

2023-10-16 14:08:09 - [MESSAGE][PASSED] - Verify element property value successfully

2023-10-16 14:08:09 - [TEST_STEP][PASSED] - verifyElementPropertyValue(getResponse, "offers[7].offerParam", "sportsoffer50"): Verify element property value successfully

2023-10-16 14:08:09 - [MESSAGE][PASSED] - Verify element property value successfully

2023-10-16 14:08:09 - [TEST_STEP][PASSED] - verifyElementPropertyValue(getResponse, "offers[7].groups[0].pricingPlans[0].featured", "true"): Verify element property value successfully

2023-10-16 14:08:09 - [MESSAGE][PASSED] - Verify element property value successfully

2023-10-16 14:08:09 - [TEST_STEP][PASSED] - verifyElementPropertyValue(getResponse, "offers[7].groups[0].pricingPlans[0].period", "monthly"): Verify element property value successfully

2023-10-16 14:08:09 - [MESSAGE][PASSED] - Verify element property value successfully

2023-10-16 14:08:09 - [TEST_STEP][PASSED] - verifyElementPropertyValue(getResponse, "offers[7].groups[0].pricingPlans[0].featured", "true"): Verify element property value successfully

2023-10-16 14:08:09 - [MESSAGE][PASSED] - Verify element property value successfully

2023-10-16 14:08:09 - [TEST_STEP][PASSED] - verifyElementPropertyValue(getResponse, "offers[7].groups[0].pricingPlans[0].price", "2.99"): Verify element property value successfully

2023-10-16 14:08:09 - [MESSAGE][PASSED] - Verify element property value successfully

2023-10-16 14:08:09 - [TEST_STEP][PASSED] - verifyElementPropertyValue(getResponse, "offers[7].groups[0].pricingPlans[0].currency", "JOD"): Verify element property value successfully

2023-10-16 14:08:09 - [MESSAGE][PASSED] - Verify element property value successfully

2023-10-16 14:08:09 - [TEST_STEP][PASSED] - verifyElementPropertyValue(getResponse, "offers[7].groups[0].pricingPlans[0].order", "0"): Verify element property value successfully

2023-10-16 14:08:09 - [MESSAGE][PASSED] - Verify element property value successfully

2023-10-16 14:08:09 - [TEST_STEP][PASSED] - verifyElementPropertyValue(getResponse, "offers[7].groups[0].pricingPlans[0].packageId", "SHAHID_VIP_SPORT"): Verify element property value successfully

2023-10-16 14:08:09 - [MESSAGE][PASSED] - Verify element property value successfully

2023-10-16 14:08:09 - [TEST_STEP][PASSED] - verifyElementPropertyValue(getResponse, "offers[7].groups[0].pricingPlans[0].catalogId", "SPORT"): Verify element property value successfully

2023-10-16 14:08:09 - [MESSAGE][PASSED] - Verify element property value successfully

2023-10-16 14:08:09 - [TEST_STEP][PASSED] - verifyElementPropertyValue(getResponse, "offers[7].groups[0].pricingPlans[0].visualElements[0].key", "Header_1_text"): Verify element property value successfully

2023-10-16 14:08:09 - [MESSAGE][PASSED] - Verify element property value successfully

2023-10-16 14:08:09 - [TEST_STEP][PASSED] - verifyElementPropertyValue(getResponse, "offers[7].groups[0].pricingPlans[0].visualElements[0].value", "Abonnez-vous dès maintenant et profitez de vos programmes sans publicité"): Verify element property value successfully

2023-10-16 14:08:09 - [MESSAGE][PASSED] - Verify element property value successfully

2023-10-16 14:08:09 - [TEST_STEP][PASSED] - verifyElementPropertyValue(getResponse, "offers[7].groups[0].pricingPlans[0].visualElements[1].key", "display_title"): Verify element property value successfully

2023-10-16 14:08:09 - [MESSAGE][PASSED] - Verify element property value successfully

2023-10-16 14:08:09 - [TEST_STEP][PASSED] - verifyElementPropertyValue(getResponse, "offers[7].groups[0].pricingPlans[0].visualElements[1].value", "50% de réduction"): Verify element property value successfully

2023-10-16 14:08:09 - [MESSAGE][PASSED] - Verify element property value successfully

2023-10-16 14:08:09 - [TEST_STEP][PASSED] - verifyElementPropertyValue(getResponse, "offers[7].groups[0].pricingPlans[0].visualElements[3].key", "deduction_text"): Verify element property value successfully

2023-10-16 14:08:09 - [MESSAGE][PASSED] - Verify element property value successfully

2023-10-16 14:08:09 - [TEST_STEP][PASSED] - verifyElementPropertyValue(getResponse, "offers[7].groups[0].pricingPlans[0].visualElements[3].value", "facturation mensuelle"): Verify element property value successfully

2023-10-16 14:08:09 - [MESSAGE][PASSED] - Verify element property value successfully

2023-10-16 14:08:09 - [TEST_STEP][PASSED] - verifyElementPropertyValue(getResponse, "offers[7].groups[0].pricingPlans[0].visualElements[6].key", "show_payment_logo"): Verify element property value successfully

2023-10-16 14:08:09 - [MESSAGE][PASSED] - Verify element property value successfully

2023-10-16 14:08:09 - [TEST_STEP][PASSED] - verifyElementPropertyValue(getResponse, "offers[7].groups[0].pricingPlans[0].visualElements[6].value", "true"): Verify element property value successfully

2023-10-16 14:08:09 - [MESSAGE][PASSED] - Verify element property value successfully

2023-10-16 14:08:09 - [TEST_STEP][PASSED] - verifyElementPropertyValue(getResponse, "offers[7].groups[0].pricingPlans[0].visualElements[8].key", "price"): Verify element property value successfully

2023-10-16 14:08:09 - [MESSAGE][PASSED] - Verify element property value successfully

2023-10-16 14:08:09 - [TEST_STEP][PASSED] - verifyElementPropertyValue(getResponse, "offers[7].groups[0].pricingPlans[0].visualElements[8].value", "2.99"): Verify element property value successfully

2023-10-16 14:08:09 - [MESSAGE][PASSED] - Verify element property value successfully

2023-10-16 14:08:09 - [TEST_STEP][PASSED] - verifyElementPropertyValue(getResponse, "offers[7].groups[0].pricingPlans[0].visualElements[9].key", "currency"): Verify element property value successfully

2023-10-16 14:08:09 - [MESSAGE][PASSED] - Verify element property value successfully

2023-10-16 14:08:09 - [TEST_STEP][PASSED] - verifyElementPropertyValue(getResponse, "offers[7].groups[0].pricingPlans[0].visualElements[9].value", "JOD"): Verify element property value successfully

2023-10-16 14:08:09 - [MESSAGE][PASSED] - Verify element property value successfully

2023-10-16 14:08:09 - [TEST_STEP][PASSED] - verifyElementPropertyValue(getResponse, "offers[7].groups[0].pricingPlans[0].visualElements[10].key", "duration"): Verify element property value successfully

2023-10-16 14:08:09 - [MESSAGE][PASSED] - Verify element property value successfully

2023-10-16 14:08:09 - [TEST_STEP][PASSED] - verifyElementPropertyValue(getResponse, "offers[7].groups[0].pricingPlans[0].visualElements[10].value", "Mensuel"): Verify element property value successfully

2023-10-16 14:08:09 - [MESSAGE][PASSED] - Verify element property value successfully

2023-10-16 14:08:09 - [TEST_STEP][PASSED] - verifyElementPropertyValue(getResponse, "offers[7].groups[0].pricingPlans[0].visualElements[11].key", "featured_tag_text"): Verify element property value successfully

2023-10-16 14:08:09 - [MESSAGE][PASSED] - Verify element property value successfully

2023-10-16 14:08:09 - [TEST_STEP][PASSED] - verifyElementPropertyValue(getResponse, "offers[7].groups[0].pricingPlans[0].visualElements[11].value", "Offre limitée"): Verify element property value successfully

2023-10-16 14:08:09 - [MESSAGE][PASSED] - Verify element property value successfully

2023-10-16 14:08:09 - [TEST_STEP][PASSED] - verifyElementPropertyValue(getResponse, "offers[7].groups[0].pricingPlans[0].visualElements[13].key", "tag_text"): Verify element property value successfully

2023-10-16 14:08:09 - [MESSAGE][PASSED] - Verify element property value successfully

2023-10-16 14:08:09 - [TEST_STEP][PASSED] - verifyElementPropertyValue(getResponse, "offers[7].groups[0].pricingPlans[0].visualElements[13].value", "Économisez 50% "): Verify element property value successfully

2023-10-16 14:08:09 - [MESSAGE][PASSED] - Verify element property value successfully

2023-10-16 14:08:09 - [TEST_STEP][PASSED] - verifyElementPropertyValue(getResponse, "offers[7].groups[0].pricingPlans[0].visualElements[12].key", "show_tag"): Verify element property value successfully

2023-10-16 14:08:09 - [MESSAGE][PASSED] - Verify element property value successfully

2023-10-16 14:08:09 - [TEST_STEP][PASSED] - verifyElementPropertyValue(getResponse, "offers[7].groups[0].pricingPlans[0].visualElements[12].value", "true"): Verify element property value successfully

2023-10-16 14:08:09 - [MESSAGE][PASSED] - Verify element property value successfully

2023-10-16 14:08:09 - [TEST_STEP][PASSED] - verifyElementPropertyValue(getResponse, "offers[7].groups[0].pricingPlans[0].pricingPlanData[0].productId", "JOR_B2C_SHAHID_VIP_SPORT_1M"): Verify element property value successfully

2023-10-16 14:08:09 - [MESSAGE][PASSED] - Verify element property value successfully

2023-10-16 14:08:09 - [TEST_STEP][PASSED] - verifyElementPropertyValue(getResponse, "offers[7].groups[0].pricingPlans[0].pricingPlanData[0].paymentMethod", "CREDIT_CARD"): Verify element property value successfully

2023-10-16 14:08:09 - [MESSAGE][PASSED] - Verify element property value successfully

2023-10-16 14:08:09 - [TEST_STEP][PASSED] - verifyElementPropertyValue(getResponse, "offers[7].groups[0].pricingPlans[0].pricingPlanData[0].freeTrialEnabled", "false"): Verify element property value successfully

2023-10-16 14:08:09 - [MESSAGE][PASSED] - Verify element property value successfully

2023-10-16 14:08:09 - [TEST_STEP][PASSED] - verifyElementPropertyValue(getResponse, "offers[7].groups[0].pricingPlans[0].pricingPlanData[0].showIn[0]", "VERTICAL_MODE"): Verify element property value successfully

2023-10-16 14:08:09 - [MESSAGE][PASSED] - Verify element property value successfully

2023-10-16 14:08:09 - [TEST_STEP][PASSED] - verifyElementPropertyValue(getResponse, "offers[7].groups[0].pricingPlans[0].pricingPlanData[0].showIn[1]", "HORIZONTAL_MODE"): Verify element property value successfully

2023-10-16 14:08:09 - [MESSAGE][PASSED] - Verify element property value successfully

2023-10-16 14:08:09 - [TEST_STEP][PASSED] - verifyElementPropertyValue(getResponse, "offers[7].groups[0].pricingPlans[0].pricingPlanData[0].priceLabel", "2.99"): Verify element property value successfully

2023-10-16 14:08:09 - [MESSAGE][PASSED] - Verify element property value successfully

2023-10-16 14:08:09 - [TEST_STEP][PASSED] - verifyElementPropertyValue(getResponse, "offers[7].groups[0].pricingPlans[0].pricingPlanData[0].currencyLabel", "JOD"): Verify element property value successfully

2023-10-16 14:08:09 - [MESSAGE][PASSED] - Verify element property value successfully

2023-10-16 14:08:09 - [TEST_STEP][PASSED] - verifyElementPropertyValue(getResponse, "offers[7].groups[0].pricingPlans[0].pricingPlanData[0].dealId", "WB_SPORT_50P_JOR"): Verify element property value successfully

2023-10-16 14:08:09 - [MESSAGE][PASSED] - Verify element property value successfully

2023-10-16 14:08:09 - [TEST_STEP][PASSED] - verifyElementPropertyValue(getResponse, "offers[7].groups[0].pricingPlans[0].pricingPlanData[0].allowedForAcquisition", "true"): Verify element property value successfully

2023-10-16 14:08:09 - [MESSAGE][PASSED] - Verify element property value successfully

2023-10-16 14:08:09 - [TEST_STEP][PASSED] - verifyElementPropertyValue(getResponse, "offers[7].groups[0].pricingPlans[0].pricingPlanData[0].visualElements[0].key", "title"): Verify element property value successfully

2023-10-16 14:08:09 - [MESSAGE][PASSED] - Verify element property value successfully

2023-10-16 14:08:09 - [TEST_STEP][PASSED] - verifyElementPropertyValue(getResponse, "offers[7].groups[0].pricingPlans[0].pricingPlanData[0].visualElements[0].value", "Carte de crédit/débit"): Verify element property value successfully

2023-10-16 14:08:09 - [MESSAGE][PASSED] - Verify element property value successfully

2023-10-16 14:08:09 - [TEST_STEP][PASSED] - verifyElementPropertyValue(getResponse, "offers[7].groups[0].pricingPlans[0].pricingPlanData[0].visualElements[1].key", "CTA_text"): Verify element property value successfully

2023-10-16 14:08:09 - [MESSAGE][PASSED] - Verify element property value successfully

2023-10-16 14:08:09 - [TEST_STEP][PASSED] - verifyElementPropertyValue(getResponse, "offers[7].groups[0].pricingPlans[0].pricingPlanData[0].visualElements[1].value", "S’abonner"): Verify element property value successfully

2023-10-16 14:08:09 - [MESSAGE][PASSED] - Verify element property value successfully

2023-10-16 14:08:09 - [TEST_STEP][PASSED] - verifyElementPropertyValue(getResponse, "offers[7].groups[0].pricingPlans[0].pricingPlanData[0].visualElements[2].key", "logo"): Verify element property value successfully

2023-10-16 14:08:09 - [MESSAGE][PASSED] - Verify element property value successfully

2023-10-16 14:08:09 - [TEST_STEP][PASSED] - verifyElementPropertyValue(getResponse, "offers[7].groups[0].pricingPlans[0].pricingPlanData[0].visualElements[2].value", "https://static.s3.shahid.mbc.net/widget-images/icons/iconCreditCard.png"): Verify element property value successfully

2023-10-16 14:08:09 - [MESSAGE][PASSED] - Verify element property value successfully

2023-10-16 14:08:09 - [TEST_STEP][PASSED] - verifyElementPropertyValue(getResponse, "offers[11].offerId", "byg-sport-30-offer"): Verify element property value successfully

2023-10-16 14:08:09 - [MESSAGE][PASSED] - Verify element property value successfully

2023-10-16 14:08:09 - [TEST_STEP][PASSED] - verifyElementPropertyValue(getResponse, "offers[11].offerParam", "bygsportsoffer30"): Verify element property value successfully

2023-10-16 14:08:09 - [MESSAGE][PASSED] - Verify element property value successfully

2023-10-16 14:08:09 - [TEST_STEP][PASSED] - verifyElementPropertyValue(getResponse, "offers[11].groups[0].pricingPlans[0].featured", "true"): Verify element property value successfully

2023-10-16 14:08:09 - [MESSAGE][PASSED] - Verify element property value successfully

2023-10-16 14:08:09 - [TEST_STEP][PASSED] - verifyElementPropertyValue(getResponse, "offers[11].groups[0].pricingPlans[0].period", "monthly"): Verify element property value successfully

2023-10-16 14:08:09 - [MESSAGE][PASSED] - Verify element property value successfully

2023-10-16 14:08:09 - [TEST_STEP][PASSED] - verifyElementPropertyValue(getResponse, "offers[11].groups[0].pricingPlans[0].featured", "true"): Verify element property value successfully

2023-10-16 14:08:10 - [MESSAGE][PASSED] - Verify element property value successfully

2023-10-16 14:08:10 - [TEST_STEP][PASSED] - verifyElementPropertyValue(getResponse, "offers[11].groups[0].pricingPlans[0].price", "4.19"): Verify element property value successfully

2023-10-16 14:08:10 - [MESSAGE][PASSED] - Verify element property value successfully

2023-10-16 14:08:10 - [TEST_STEP][PASSED] - verifyElementPropertyValue(getResponse, "offers[11].groups[0].pricingPlans[0].currency", "JOD"): Verify element property value successfully

2023-10-16 14:08:10 - [MESSAGE][PASSED] - Verify element property value successfully

2023-10-16 14:08:10 - [TEST_STEP][PASSED] - verifyElementPropertyValue(getResponse, "offers[11].groups[0].pricingPlans[0].order", "0"): Verify element property value successfully

2023-10-16 14:08:10 - [MESSAGE][PASSED] - Verify element property value successfully

2023-10-16 14:08:10 - [TEST_STEP][PASSED] - verifyElementPropertyValue(getResponse, "offers[11].groups[0].pricingPlans[0].packageId", "SHAHID_VIP_SPORT"): Verify element property value successfully

2023-10-16 14:08:10 - [MESSAGE][PASSED] - Verify element property value successfully

2023-10-16 14:08:10 - [TEST_STEP][PASSED] - verifyElementPropertyValue(getResponse, "offers[11].groups[0].pricingPlans[0].catalogId", "SPORT"): Verify element property value successfully

2023-10-16 14:08:10 - [MESSAGE][PASSED] - Verify element property value successfully

2023-10-16 14:08:10 - [TEST_STEP][PASSED] - verifyElementPropertyValue(getResponse, "offers[11].groups[0].pricingPlans[0].visualElements[0].key", "Header_1_text"): Verify element property value successfully

2023-10-16 14:08:10 - [MESSAGE][PASSED] - Verify element property value successfully

2023-10-16 14:08:10 - [TEST_STEP][PASSED] - verifyElementPropertyValue(getResponse, "offers[11].groups[0].pricingPlans[0].visualElements[0].value", "Abonnez-vous dès maintenant et profitez de vos programmes sans publicité"): Verify element property value successfully

2023-10-16 14:08:10 - [MESSAGE][PASSED] - Verify element property value successfully

2023-10-16 14:08:10 - [TEST_STEP][PASSED] - verifyElementPropertyValue(getResponse, "offers[11].groups[0].pricingPlans[0].visualElements[1].key", "display_title"): Verify element property value successfully

2023-10-16 14:08:10 - [MESSAGE][PASSED] - Verify element property value successfully

2023-10-16 14:08:10 - [TEST_STEP][PASSED] - verifyElementPropertyValue(getResponse, "offers[11].groups[0].pricingPlans[0].visualElements[1].value", "30% de réduction"): Verify element property value successfully

2023-10-16 14:08:10 - [MESSAGE][PASSED] - Verify element property value successfully

2023-10-16 14:08:10 - [TEST_STEP][PASSED] - verifyElementPropertyValue(getResponse, "offers[11].groups[0].pricingPlans[0].visualElements[3].key", "deduction_text"): Verify element property value successfully

2023-10-16 14:08:10 - [MESSAGE][PASSED] - Verify element property value successfully

2023-10-16 14:08:10 - [TEST_STEP][PASSED] - verifyElementPropertyValue(getResponse, "offers[11].groups[0].pricingPlans[0].visualElements[3].value", "facturation mensuelle"): Verify element property value successfully

2023-10-16 14:08:10 - [MESSAGE][PASSED] - Verify element property value successfully

2023-10-16 14:08:10 - [TEST_STEP][PASSED] - verifyElementPropertyValue(getResponse, "offers[11].groups[0].pricingPlans[0].visualElements[6].key", "show_payment_logo"): Verify element property value successfully

2023-10-16 14:08:10 - [MESSAGE][PASSED] - Verify element property value successfully

2023-10-16 14:08:10 - [TEST_STEP][PASSED] - verifyElementPropertyValue(getResponse, "offers[11].groups[0].pricingPlans[0].visualElements[6].value", "true"): Verify element property value successfully

2023-10-16 14:08:10 - [MESSAGE][PASSED] - Verify element property value successfully

2023-10-16 14:08:10 - [TEST_STEP][PASSED] - verifyElementPropertyValue(getResponse, "offers[11].groups[0].pricingPlans[0].visualElements[8].key", "price"): Verify element property value successfully

2023-10-16 14:08:10 - [MESSAGE][PASSED] - Verify element property value successfully

2023-10-16 14:08:10 - [TEST_STEP][PASSED] - verifyElementPropertyValue(getResponse, "offers[11].groups[0].pricingPlans[0].visualElements[8].value", "4.19"): Verify element property value successfully

2023-10-16 14:08:10 - [MESSAGE][PASSED] - Verify element property value successfully

2023-10-16 14:08:10 - [TEST_STEP][PASSED] - verifyElementPropertyValue(getResponse, "offers[11].groups[0].pricingPlans[0].visualElements[9].key", "currency"): Verify element property value successfully

2023-10-16 14:08:10 - [MESSAGE][PASSED] - Verify element property value successfully

2023-10-16 14:08:10 - [TEST_STEP][PASSED] - verifyElementPropertyValue(getResponse, "offers[11].groups[0].pricingPlans[0].visualElements[9].value", "JOD"): Verify element property value successfully

2023-10-16 14:08:10 - [MESSAGE][PASSED] - Verify element property value successfully

2023-10-16 14:08:10 - [TEST_STEP][PASSED] - verifyElementPropertyValue(getResponse, "offers[11].groups[0].pricingPlans[0].visualElements[10].key", "duration"): Verify element property value successfully

2023-10-16 14:08:10 - [MESSAGE][PASSED] - Verify element property value successfully

2023-10-16 14:08:10 - [TEST_STEP][PASSED] - verifyElementPropertyValue(getResponse, "offers[11].groups[0].pricingPlans[0].visualElements[10].value", "Mensuel"): Verify element property value successfully

2023-10-16 14:08:10 - [MESSAGE][PASSED] - Verify element property value successfully

2023-10-16 14:08:10 - [TEST_STEP][PASSED] - verifyElementPropertyValue(getResponse, "offers[11].groups[0].pricingPlans[0].visualElements[11].key", "featured_tag_text"): Verify element property value successfully

2023-10-16 14:08:10 - [MESSAGE][PASSED] - Verify element property value successfully

2023-10-16 14:08:10 - [TEST_STEP][PASSED] - verifyElementPropertyValue(getResponse, "offers[11].groups[0].pricingPlans[0].visualElements[11].value", "Offre limitée"): Verify element property value successfully

2023-10-16 14:08:10 - [MESSAGE][PASSED] - Verify element property value successfully

2023-10-16 14:08:10 - [TEST_STEP][PASSED] - verifyElementPropertyValue(getResponse, "offers[11].groups[0].pricingPlans[0].visualElements[13].key", "tag_text"): Verify element property value successfully

2023-10-16 14:08:10 - [MESSAGE][PASSED] - Verify element property value successfully

2023-10-16 14:08:10 - [TEST_STEP][PASSED] - verifyElementPropertyValue(getResponse, "offers[11].groups[0].pricingPlans[0].visualElements[13].value", "Économisez 30% "): Verify element property value successfully

2023-10-16 14:08:10 - [MESSAGE][PASSED] - Verify element property value successfully

2023-10-16 14:08:10 - [TEST_STEP][PASSED] - verifyElementPropertyValue(getResponse, "offers[11].groups[0].pricingPlans[0].visualElements[12].key", "show_tag"): Verify element property value successfully

2023-10-16 14:08:10 - [MESSAGE][PASSED] - Verify element property value successfully

2023-10-16 14:08:10 - [TEST_STEP][PASSED] - verifyElementPropertyValue(getResponse, "offers[11].groups[0].pricingPlans[0].visualElements[12].value", "true"): Verify element property value successfully

2023-10-16 14:08:10 - [MESSAGE][PASSED] - Verify element property value successfully

2023-10-16 14:08:10 - [TEST_STEP][PASSED] - verifyElementPropertyValue(getResponse, "offers[11].groups[0].pricingPlans[0].pricingPlanData[0].productId", "JOR_B2C_SHAHID_VIP_SPORT_1M"): Verify element property value successfully

2023-10-16 14:08:10 - [MESSAGE][PASSED] - Verify element property value successfully

2023-10-16 14:08:10 - [TEST_STEP][PASSED] - verifyElementPropertyValue(getResponse, "offers[11].groups[0].pricingPlans[0].pricingPlanData[0].paymentMethod", "CREDIT_CARD"): Verify element property value successfully

2023-10-16 14:08:10 - [MESSAGE][PASSED] - Verify element property value successfully

2023-10-16 14:08:10 - [TEST_STEP][PASSED] - verifyElementPropertyValue(getResponse, "offers[11].groups[0].pricingPlans[0].pricingPlanData[0].freeTrialEnabled", "false"): Verify element property value successfully

2023-10-16 14:08:10 - [MESSAGE][PASSED] - Verify element property value successfully

2023-10-16 14:08:10 - [TEST_STEP][PASSED] - verifyElementPropertyValue(getResponse, "offers[11].groups[0].pricingPlans[0].pricingPlanData[0].showIn[0]", "VERTICAL_MODE"): Verify element property value successfully

2023-10-16 14:08:10 - [MESSAGE][PASSED] - Verify element property value successfully

2023-10-16 14:08:10 - [TEST_STEP][PASSED] - verifyElementPropertyValue(getResponse, "offers[11].groups[0].pricingPlans[0].pricingPlanData[0].showIn[1]", "HORIZONTAL_MODE"): Verify element property value successfully

2023-10-16 14:08:10 - [MESSAGE][PASSED] - Verify element property value successfully

2023-10-16 14:08:10 - [TEST_STEP][PASSED] - verifyElementPropertyValue(getResponse, "offers[11].groups[0].pricingPlans[0].pricingPlanData[0].priceLabel", "4.19"): Verify element property value successfully

2023-10-16 14:08:10 - [MESSAGE][PASSED] - Verify element property value successfully

2023-10-16 14:08:10 - [TEST_STEP][PASSED] - verifyElementPropertyValue(getResponse, "offers[11].groups[0].pricingPlans[0].pricingPlanData[0].currencyLabel", "JOD"): Verify element property value successfully

2023-10-16 14:08:10 - [MESSAGE][PASSED] - Verify element property value successfully

2023-10-16 14:08:10 - [TEST_STEP][PASSED] - verifyElementPropertyValue(getResponse, "offers[11].groups[0].pricingPlans[0].pricingPlanData[0].dealId", "BYG_SPORT_30P_JOR"): Verify element property value successfully

2023-10-16 14:08:10 - [MESSAGE][PASSED] - Verify element property value successfully

2023-10-16 14:08:10 - [TEST_STEP][PASSED] - verifyElementPropertyValue(getResponse, "offers[11].groups[0].pricingPlans[0].pricingPlanData[0].allowedForAcquisition", "true"): Verify element property value successfully

2023-10-16 14:08:10 - [MESSAGE][PASSED] - Verify element property value successfully

2023-10-16 14:08:10 - [TEST_STEP][PASSED] - verifyElementPropertyValue(getResponse, "offers[11].groups[0].pricingPlans[0].pricingPlanData[0].visualElements[0].key", "title"): Verify element property value successfully

2023-10-16 14:08:10 - [MESSAGE][PASSED] - Verify element property value successfully

2023-10-16 14:08:10 - [TEST_STEP][PASSED] - verifyElementPropertyValue(getResponse, "offers[11].groups[0].pricingPlans[0].pricingPlanData[0].visualElements[0].value", "Carte de crédit/débit"): Verify element property value successfully

2023-10-16 14:08:10 - [MESSAGE][PASSED] - Verify element property value successfully

2023-10-16 14:08:10 - [TEST_STEP][PASSED] - verifyElementPropertyValue(getResponse, "offers[11].groups[0].pricingPlans[0].pricingPlanData[0].visualElements[1].key", "CTA_text"): Verify element property value successfully

2023-10-16 14:08:10 - [MESSAGE][PASSED] - Verify element property value successfully

2023-10-16 14:08:10 - [TEST_STEP][PASSED] - verifyElementPropertyValue(getResponse, "offers[11].groups[0].pricingPlans[0].pricingPlanData[0].visualElements[1].value", "S’abonner"): Verify element property value successfully

2023-10-16 14:08:10 - [MESSAGE][PASSED] - Verify element property value successfully

2023-10-16 14:08:10 - [TEST_STEP][PASSED] - verifyElementPropertyValue(getResponse, "offers[11].groups[0].pricingPlans[0].pricingPlanData[0].visualElements[2].key", "logo"): Verify element property value successfully

2023-10-16 14:08:10 - [MESSAGE][PASSED] - Verify element property value successfully

2023-10-16 14:08:10 - [TEST_STEP][PASSED] - verifyElementPropertyValue(getResponse, "offers[11].groups[0].pricingPlans[0].pricingPlanData[0].visualElements[2].value", "https://static.s3.shahid.mbc.net/widget-images/icons/iconCreditCard.png"): Verify element property value successfully

2023-10-16 14:08:10 - [MESSAGE][PASSED] - Verify element property value successfully

2023-10-16 14:08:10 - [TEST_STEP][PASSED] - verifyElementPropertyValue(getResponse, "offers[12].offerId", "byg-sport-40-offer"): Verify element property value successfully

2023-10-16 14:08:10 - [MESSAGE][PASSED] - Verify element property value successfully

2023-10-16 14:08:10 - [TEST_STEP][PASSED] - verifyElementPropertyValue(getResponse, "offers[12].offerParam", "bygsportsoffer40"): Verify element property value successfully

2023-10-16 14:08:10 - [MESSAGE][PASSED] - Verify element property value successfully

2023-10-16 14:08:10 - [TEST_STEP][PASSED] - verifyElementPropertyValue(getResponse, "offers[12].groups[0].pricingPlans[0].featured", "true"): Verify element property value successfully

2023-10-16 14:08:10 - [MESSAGE][PASSED] - Verify element property value successfully

2023-10-16 14:08:10 - [TEST_STEP][PASSED] - verifyElementPropertyValue(getResponse, "offers[12].groups[0].pricingPlans[0].period", "monthly"): Verify element property value successfully

2023-10-16 14:08:10 - [MESSAGE][PASSED] - Verify element property value successfully

2023-10-16 14:08:10 - [TEST_STEP][PASSED] - verifyElementPropertyValue(getResponse, "offers[12].groups[0].pricingPlans[0].featured", "true"): Verify element property value successfully

2023-10-16 14:08:10 - [MESSAGE][PASSED] - Verify element property value successfully

2023-10-16 14:08:10 - [TEST_STEP][PASSED] - verifyElementPropertyValue(getResponse, "offers[12].groups[0].pricingPlans[0].price", "3.59"): Verify element property value successfully

2023-10-16 14:08:10 - [MESSAGE][PASSED] - Verify element property value successfully

2023-10-16 14:08:10 - [TEST_STEP][PASSED] - verifyElementPropertyValue(getResponse, "offers[12].groups[0].pricingPlans[0].currency", "JOD"): Verify element property value successfully

2023-10-16 14:08:10 - [MESSAGE][PASSED] - Verify element property value successfully

2023-10-16 14:08:11 - [TEST_STEP][PASSED] - verifyElementPropertyValue(getResponse, "offers[12].groups[0].pricingPlans[0].order", "0"): Verify element property value successfully

2023-10-16 14:08:11 - [MESSAGE][PASSED] - Verify element property value successfully

2023-10-16 14:08:11 - [TEST_STEP][PASSED] - verifyElementPropertyValue(getResponse, "offers[12].groups[0].pricingPlans[0].packageId", "SHAHID_VIP_SPORT"): Verify element property value successfully

2023-10-16 14:08:11 - [MESSAGE][PASSED] - Verify element property value successfully

2023-10-16 14:08:11 - [TEST_STEP][PASSED] - verifyElementPropertyValue(getResponse, "offers[12].groups[0].pricingPlans[0].catalogId", "SPORT"): Verify element property value successfully

2023-10-16 14:08:11 - [MESSAGE][PASSED] - Verify element property value successfully

2023-10-16 14:08:11 - [TEST_STEP][PASSED] - verifyElementPropertyValue(getResponse, "offers[12].groups[0].pricingPlans[0].visualElements[0].key", "Header_1_text"): Verify element property value successfully

2023-10-16 14:08:11 - [MESSAGE][PASSED] - Verify element property value successfully

2023-10-16 14:08:11 - [TEST_STEP][PASSED] - verifyElementPropertyValue(getResponse, "offers[12].groups[0].pricingPlans[0].visualElements[0].value", "Abonnez-vous dès maintenant et profitez de vos programmes sans publicité"): Verify element property value successfully

2023-10-16 14:08:11 - [MESSAGE][PASSED] - Verify element property value successfully

2023-10-16 14:08:11 - [TEST_STEP][PASSED] - verifyElementPropertyValue(getResponse, "offers[12].groups[0].pricingPlans[0].visualElements[1].key", "display_title"): Verify element property value successfully

2023-10-16 14:08:11 - [MESSAGE][PASSED] - Verify element property value successfully

2023-10-16 14:08:11 - [TEST_STEP][PASSED] - verifyElementPropertyValue(getResponse, "offers[12].groups[0].pricingPlans[0].visualElements[1].value", "40% de réduction"): Verify element property value successfully

2023-10-16 14:08:11 - [MESSAGE][PASSED] - Verify element property value successfully

2023-10-16 14:08:11 - [TEST_STEP][PASSED] - verifyElementPropertyValue(getResponse, "offers[12].groups[0].pricingPlans[0].visualElements[3].key", "deduction_text"): Verify element property value successfully

2023-10-16 14:08:11 - [MESSAGE][PASSED] - Verify element property value successfully

2023-10-16 14:08:11 - [TEST_STEP][PASSED] - verifyElementPropertyValue(getResponse, "offers[12].groups[0].pricingPlans[0].visualElements[3].value", "facturation mensuelle"): Verify element property value successfully

2023-10-16 14:08:11 - [MESSAGE][PASSED] - Verify element property value successfully

2023-10-16 14:08:11 - [TEST_STEP][PASSED] - verifyElementPropertyValue(getResponse, "offers[12].groups[0].pricingPlans[0].visualElements[6].key", "show_payment_logo"): Verify element property value successfully

2023-10-16 14:08:11 - [MESSAGE][PASSED] - Verify element property value successfully

2023-10-16 14:08:11 - [TEST_STEP][PASSED] - verifyElementPropertyValue(getResponse, "offers[12].groups[0].pricingPlans[0].visualElements[6].value", "true"): Verify element property value successfully

2023-10-16 14:08:11 - [MESSAGE][PASSED] - Verify element property value successfully

2023-10-16 14:08:11 - [TEST_STEP][PASSED] - verifyElementPropertyValue(getResponse, "offers[12].groups[0].pricingPlans[0].visualElements[8].key", "price"): Verify element property value successfully

2023-10-16 14:08:11 - [MESSAGE][PASSED] - Verify element property value successfully

2023-10-16 14:08:11 - [TEST_STEP][PASSED] - verifyElementPropertyValue(getResponse, "offers[12].groups[0].pricingPlans[0].visualElements[8].value", "3.59"): Verify element property value successfully

2023-10-16 14:08:11 - [MESSAGE][PASSED] - Verify element property value successfully

2023-10-16 14:08:11 - [TEST_STEP][PASSED] - verifyElementPropertyValue(getResponse, "offers[12].groups[0].pricingPlans[0].visualElements[9].key", "currency"): Verify element property value successfully

2023-10-16 14:08:11 - [MESSAGE][PASSED] - Verify element property value successfully

2023-10-16 14:08:11 - [TEST_STEP][PASSED] - verifyElementPropertyValue(getResponse, "offers[12].groups[0].pricingPlans[0].visualElements[9].value", "JOD"): Verify element property value successfully

2023-10-16 14:08:11 - [MESSAGE][PASSED] - Verify element property value successfully

2023-10-16 14:08:11 - [TEST_STEP][PASSED] - verifyElementPropertyValue(getResponse, "offers[12].groups[0].pricingPlans[0].visualElements[10].key", "duration"): Verify element property value successfully

2023-10-16 14:08:11 - [MESSAGE][PASSED] - Verify element property value successfully

2023-10-16 14:08:11 - [TEST_STEP][PASSED] - verifyElementPropertyValue(getResponse, "offers[12].groups[0].pricingPlans[0].visualElements[10].value", "Mensuel"): Verify element property value successfully

2023-10-16 14:08:11 - [MESSAGE][PASSED] - Verify element property value successfully

2023-10-16 14:08:11 - [TEST_STEP][PASSED] - verifyElementPropertyValue(getResponse, "offers[12].groups[0].pricingPlans[0].visualElements[11].key", "featured_tag_text"): Verify element property value successfully

2023-10-16 14:08:11 - [MESSAGE][PASSED] - Verify element property value successfully

2023-10-16 14:08:11 - [TEST_STEP][PASSED] - verifyElementPropertyValue(getResponse, "offers[12].groups[0].pricingPlans[0].visualElements[11].value", "Offre limitée"): Verify element property value successfully

2023-10-16 14:08:11 - [MESSAGE][PASSED] - Verify element property value successfully

2023-10-16 14:08:11 - [TEST_STEP][PASSED] - verifyElementPropertyValue(getResponse, "offers[12].groups[0].pricingPlans[0].visualElements[13].key", "tag_text"): Verify element property value successfully

2023-10-16 14:08:11 - [MESSAGE][PASSED] - Verify element property value successfully

2023-10-16 14:08:11 - [TEST_STEP][PASSED] - verifyElementPropertyValue(getResponse, "offers[12].groups[0].pricingPlans[0].visualElements[13].value", "Économisez 40% "): Verify element property value successfully

2023-10-16 14:08:11 - [MESSAGE][PASSED] - Verify element property value successfully

2023-10-16 14:08:11 - [TEST_STEP][PASSED] - verifyElementPropertyValue(getResponse, "offers[12].groups[0].pricingPlans[0].visualElements[12].key", "show_tag"): Verify element property value successfully

2023-10-16 14:08:11 - [MESSAGE][PASSED] - Verify element property value successfully

2023-10-16 14:08:11 - [TEST_STEP][PASSED] - verifyElementPropertyValue(getResponse, "offers[12].groups[0].pricingPlans[0].visualElements[12].value", "true"): Verify element property value successfully

2023-10-16 14:08:11 - [MESSAGE][PASSED] - Verify element property value successfully

2023-10-16 14:08:11 - [TEST_STEP][PASSED] - verifyElementPropertyValue(getResponse, "offers[12].groups[0].pricingPlans[0].pricingPlanData[0].productId", "JOR_B2C_SHAHID_VIP_SPORT_1M"): Verify element property value successfully

2023-10-16 14:08:11 - [MESSAGE][PASSED] - Verify element property value successfully

2023-10-16 14:08:11 - [TEST_STEP][PASSED] - verifyElementPropertyValue(getResponse, "offers[12].groups[0].pricingPlans[0].pricingPlanData[0].paymentMethod", "CREDIT_CARD"): Verify element property value successfully

2023-10-16 14:08:11 - [MESSAGE][PASSED] - Verify element property value successfully

2023-10-16 14:08:11 - [TEST_STEP][PASSED] - verifyElementPropertyValue(getResponse, "offers[12].groups[0].pricingPlans[0].pricingPlanData[0].freeTrialEnabled", "false"): Verify element property value successfully

2023-10-16 14:08:11 - [MESSAGE][PASSED] - Verify element property value successfully

2023-10-16 14:08:11 - [TEST_STEP][PASSED] - verifyElementPropertyValue(getResponse, "offers[12].groups[0].pricingPlans[0].pricingPlanData[0].showIn[0]", "VERTICAL_MODE"): Verify element property value successfully

2023-10-16 14:08:11 - [MESSAGE][PASSED] - Verify element property value successfully

2023-10-16 14:08:11 - [TEST_STEP][PASSED] - verifyElementPropertyValue(getResponse, "offers[12].groups[0].pricingPlans[0].pricingPlanData[0].showIn[1]", "HORIZONTAL_MODE"): Verify element property value successfully

2023-10-16 14:08:11 - [MESSAGE][PASSED] - Verify element property value successfully

2023-10-16 14:08:11 - [TEST_STEP][PASSED] - verifyElementPropertyValue(getResponse, "offers[12].groups[0].pricingPlans[0].pricingPlanData[0].priceLabel", "3.59"): Verify element property value successfully

2023-10-16 14:08:11 - [MESSAGE][PASSED] - Verify element property value successfully

2023-10-16 14:08:11 - [TEST_STEP][PASSED] - verifyElementPropertyValue(getResponse, "offers[12].groups[0].pricingPlans[0].pricingPlanData[0].currencyLabel", "JOD"): Verify element property value successfully

2023-10-16 14:08:11 - [MESSAGE][PASSED] - Verify element property value successfully

2023-10-16 14:08:11 - [TEST_STEP][PASSED] - verifyElementPropertyValue(getResponse, "offers[12].groups[0].pricingPlans[0].pricingPlanData[0].dealId", "BYG_SPORT_40P_JOR"): Verify element property value successfully

2023-10-16 14:08:11 - [MESSAGE][PASSED] - Verify element property value successfully

2023-10-16 14:08:11 - [TEST_STEP][PASSED] - verifyElementPropertyValue(getResponse, "offers[12].groups[0].pricingPlans[0].pricingPlanData[0].allowedForAcquisition", "true"): Verify element property value successfully

2023-10-16 14:08:11 - [MESSAGE][PASSED] - Verify element property value successfully

2023-10-16 14:08:11 - [TEST_STEP][PASSED] - verifyElementPropertyValue(getResponse, "offers[12].groups[0].pricingPlans[0].pricingPlanData[0].visualElements[0].key", "title"): Verify element property value successfully

2023-10-16 14:08:11 - [MESSAGE][PASSED] - Verify element property value successfully

2023-10-16 14:08:11 - [TEST_STEP][PASSED] - verifyElementPropertyValue(getResponse, "offers[12].groups[0].pricingPlans[0].pricingPlanData[0].visualElements[0].value", "Carte de crédit/débit"): Verify element property value successfully

2023-10-16 14:08:11 - [MESSAGE][PASSED] - Verify element property value successfully

2023-10-16 14:08:11 - [TEST_STEP][PASSED] - verifyElementPropertyValue(getResponse, "offers[12].groups[0].pricingPlans[0].pricingPlanData[0].visualElements[1].key", "CTA_text"): Verify element property value successfully

2023-10-16 14:08:11 - [MESSAGE][PASSED] - Verify element property value successfully

2023-10-16 14:08:11 - [TEST_STEP][PASSED] - verifyElementPropertyValue(getResponse, "offers[12].groups[0].pricingPlans[0].pricingPlanData[0].visualElements[1].value", "S’abonner"): Verify element property value successfully

2023-10-16 14:08:11 - [MESSAGE][PASSED] - Verify element property value successfully

2023-10-16 14:08:11 - [TEST_STEP][PASSED] - verifyElementPropertyValue(getResponse, "offers[12].groups[0].pricingPlans[0].pricingPlanData[0].visualElements[2].key", "logo"): Verify element property value successfully

2023-10-16 14:08:11 - [MESSAGE][PASSED] - Verify element property value successfully

2023-10-16 14:08:11 - [TEST_STEP][PASSED] - verifyElementPropertyValue(getResponse, "offers[12].groups[0].pricingPlans[0].pricingPlanData[0].visualElements[2].value", "https://static.s3.shahid.mbc.net/widget-images/icons/iconCreditCard.png"): Verify element property value successfully

2023-10-16 14:08:11 - [MESSAGE][PASSED] - Verify element property value successfully

2023-10-16 14:08:11 - [TEST_STEP][PASSED] - verifyElementPropertyValue(getResponse, "offers[13].offerId", "byg-sport-50-offer"): Verify element property value successfully

2023-10-16 14:08:11 - [MESSAGE][PASSED] - Verify element property value successfully

2023-10-16 14:08:11 - [TEST_STEP][PASSED] - verifyElementPropertyValue(getResponse, "offers[13].offerParam", "bygsportsoffer50"): Verify element property value successfully

2023-10-16 14:08:11 - [MESSAGE][PASSED] - Verify element property value successfully

2023-10-16 14:08:11 - [TEST_STEP][PASSED] - verifyElementPropertyValue(getResponse, "offers[13].groups[0].pricingPlans[0].featured", "true"): Verify element property value successfully

2023-10-16 14:08:11 - [MESSAGE][PASSED] - Verify element property value successfully

2023-10-16 14:08:11 - [TEST_STEP][PASSED] - verifyElementPropertyValue(getResponse, "offers[13].groups[0].pricingPlans[0].period", "monthly"): Verify element property value successfully

2023-10-16 14:08:11 - [MESSAGE][PASSED] - Verify element property value successfully

2023-10-16 14:08:11 - [TEST_STEP][PASSED] - verifyElementPropertyValue(getResponse, "offers[13].groups[0].pricingPlans[0].featured", "true"): Verify element property value successfully

2023-10-16 14:08:11 - [MESSAGE][PASSED] - Verify element property value successfully

2023-10-16 14:08:11 - [TEST_STEP][PASSED] - verifyElementPropertyValue(getResponse, "offers[13].groups[0].pricingPlans[0].price", "2.99"): Verify element property value successfully

2023-10-16 14:08:11 - [MESSAGE][PASSED] - Verify element property value successfully

2023-10-16 14:08:11 - [TEST_STEP][PASSED] - verifyElementPropertyValue(getResponse, "offers[13].groups[0].pricingPlans[0].currency", "JOD"): Verify element property value successfully

2023-10-16 14:08:11 - [MESSAGE][PASSED] - Verify element property value successfully

2023-10-16 14:08:11 - [TEST_STEP][PASSED] - verifyElementPropertyValue(getResponse, "offers[13].groups[0].pricingPlans[0].order", "0"): Verify element property value successfully

2023-10-16 14:08:11 - [MESSAGE][PASSED] - Verify element property value successfully

2023-10-16 14:08:11 - [TEST_STEP][PASSED] - verifyElementPropertyValue(getResponse, "offers[13].groups[0].pricingPlans[0].packageId", "SHAHID_VIP_SPORT"): Verify element property value successfully

2023-10-16 14:08:11 - [MESSAGE][PASSED] - Verify element property value successfully

2023-10-16 14:08:11 - [TEST_STEP][PASSED] - verifyElementPropertyValue(getResponse, "offers[13].groups[0].pricingPlans[0].catalogId", "SPORT"): Verify element property value successfully

2023-10-16 14:08:11 - [MESSAGE][PASSED] - Verify element property value successfully

2023-10-16 14:08:11 - [TEST_STEP][PASSED] - verifyElementPropertyValue(getResponse, "offers[13].groups[0].pricingPlans[0].visualElements[0].key", "Header_1_text"): Verify element property value successfully

2023-10-16 14:08:11 - [MESSAGE][PASSED] - Verify element property value successfully

2023-10-16 14:08:11 - [TEST_STEP][PASSED] - verifyElementPropertyValue(getResponse, "offers[13].groups[0].pricingPlans[0].visualElements[0].value", "Abonnez-vous dès maintenant et profitez de vos programmes sans publicité"): Verify element property value successfully

2023-10-16 14:08:11 - [MESSAGE][PASSED] - Verify element property value successfully

2023-10-16 14:08:11 - [TEST_STEP][PASSED] - verifyElementPropertyValue(getResponse, "offers[13].groups[0].pricingPlans[0].visualElements[1].key", "display_title"): Verify element property value successfully

2023-10-16 14:08:11 - [MESSAGE][PASSED] - Verify element property value successfully

2023-10-16 14:08:11 - [TEST_STEP][PASSED] - verifyElementPropertyValue(getResponse, "offers[13].groups[0].pricingPlans[0].visualElements[1].value", "50% de réduction"): Verify element property value successfully

2023-10-16 14:08:11 - [MESSAGE][PASSED] - Verify element property value successfully

2023-10-16 14:08:11 - [TEST_STEP][PASSED] - verifyElementPropertyValue(getResponse, "offers[13].groups[0].pricingPlans[0].visualElements[3].key", "deduction_text"): Verify element property value successfully

2023-10-16 14:08:11 - [MESSAGE][PASSED] - Verify element property value successfully

2023-10-16 14:08:11 - [TEST_STEP][PASSED] - verifyElementPropertyValue(getResponse, "offers[13].groups[0].pricingPlans[0].visualElements[3].value", "facturation mensuelle"): Verify element property value successfully

2023-10-16 14:08:11 - [MESSAGE][PASSED] - Verify element property value successfully

2023-10-16 14:08:11 - [TEST_STEP][PASSED] - verifyElementPropertyValue(getResponse, "offers[13].groups[0].pricingPlans[0].visualElements[6].key", "show_payment_logo"): Verify element property value successfully

2023-10-16 14:08:11 - [MESSAGE][PASSED] - Verify element property value successfully

2023-10-16 14:08:11 - [TEST_STEP][PASSED] - verifyElementPropertyValue(getResponse, "offers[13].groups[0].pricingPlans[0].visualElements[6].value", "true"): Verify element property value successfully

2023-10-16 14:08:11 - [MESSAGE][PASSED] - Verify element property value successfully

2023-10-16 14:08:11 - [TEST_STEP][PASSED] - verifyElementPropertyValue(getResponse, "offers[13].groups[0].pricingPlans[0].visualElements[8].key", "price"): Verify element property value successfully

2023-10-16 14:08:11 - [MESSAGE][PASSED] - Verify element property value successfully

2023-10-16 14:08:11 - [TEST_STEP][PASSED] - verifyElementPropertyValue(getResponse, "offers[13].groups[0].pricingPlans[0].visualElements[8].value", "2.99"): Verify element property value successfully

2023-10-16 14:08:11 - [MESSAGE][PASSED] - Verify element property value successfully

2023-10-16 14:08:11 - [TEST_STEP][PASSED] - verifyElementPropertyValue(getResponse, "offers[13].groups[0].pricingPlans[0].visualElements[9].key", "currency"): Verify element property value successfully

2023-10-16 14:08:11 - [MESSAGE][PASSED] - Verify element property value successfully

2023-10-16 14:08:11 - [TEST_STEP][PASSED] - verifyElementPropertyValue(getResponse, "offers[13].groups[0].pricingPlans[0].visualElements[9].value", "JOD"): Verify element property value successfully

2023-10-16 14:08:11 - [MESSAGE][PASSED] - Verify element property value successfully

2023-10-16 14:08:11 - [TEST_STEP][PASSED] - verifyElementPropertyValue(getResponse, "offers[13].groups[0].pricingPlans[0].visualElements[10].key", "duration"): Verify element property value successfully

2023-10-16 14:08:11 - [MESSAGE][PASSED] - Verify element property value successfully

2023-10-16 14:08:11 - [TEST_STEP][PASSED] - verifyElementPropertyValue(getResponse, "offers[13].groups[0].pricingPlans[0].visualElements[10].value", "Mensuel"): Verify element property value successfully

2023-10-16 14:08:11 - [MESSAGE][PASSED] - Verify element property value successfully

2023-10-16 14:08:11 - [TEST_STEP][PASSED] - verifyElementPropertyValue(getResponse, "offers[13].groups[0].pricingPlans[0].visualElements[11].key", "featured_tag_text"): Verify element property value successfully

2023-10-16 14:08:11 - [MESSAGE][PASSED] - Verify element property value successfully

2023-10-16 14:08:11 - [TEST_STEP][PASSED] - verifyElementPropertyValue(getResponse, "offers[13].groups[0].pricingPlans[0].visualElements[11].value", "Offre limitée"): Verify element property value successfully

2023-10-16 14:08:11 - [MESSAGE][PASSED] - Verify element property value successfully

2023-10-16 14:08:11 - [TEST_STEP][PASSED] - verifyElementPropertyValue(getResponse, "offers[13].groups[0].pricingPlans[0].visualElements[13].key", "tag_text"): Verify element property value successfully

2023-10-16 14:08:11 - [MESSAGE][PASSED] - Verify element property value successfully

2023-10-16 14:08:11 - [TEST_STEP][PASSED] - verifyElementPropertyValue(getResponse, "offers[13].groups[0].pricingPlans[0].visualElements[13].value", "Économisez 50% "): Verify element property value successfully

2023-10-16 14:08:11 - [MESSAGE][PASSED] - Verify element property value successfully

2023-10-16 14:08:11 - [TEST_STEP][PASSED] - verifyElementPropertyValue(getResponse, "offers[13].groups[0].pricingPlans[0].visualElements[12].key", "show_tag"): Verify element property value successfully

2023-10-16 14:08:11 - [MESSAGE][PASSED] - Verify element property value successfully

2023-10-16 14:08:11 - [TEST_STEP][PASSED] - verifyElementPropertyValue(getResponse, "offers[13].groups[0].pricingPlans[0].visualElements[12].value", "true"): Verify element property value successfully

2023-10-16 14:08:11 - [MESSAGE][PASSED] - Verify element property value successfully

2023-10-16 14:08:11 - [TEST_STEP][PASSED] - verifyElementPropertyValue(getResponse, "offers[13].groups[0].pricingPlans[0].pricingPlanData[0].productId", "JOR_B2C_SHAHID_VIP_SPORT_1M"): Verify element property value successfully

2023-10-16 14:08:11 - [MESSAGE][PASSED] - Verify element property value successfully

2023-10-16 14:08:11 - [TEST_STEP][PASSED] - verifyElementPropertyValue(getResponse, "offers[13].groups[0].pricingPlans[0].pricingPlanData[0].paymentMethod", "CREDIT_CARD"): Verify element property value successfully

2023-10-16 14:08:11 - [MESSAGE][PASSED] - Verify element property value successfully

2023-10-16 14:08:11 - [TEST_STEP][PASSED] - verifyElementPropertyValue(getResponse, "offers[13].groups[0].pricingPlans[0].pricingPlanData[0].freeTrialEnabled", "false"): Verify element property value successfully

2023-10-16 14:08:11 - [MESSAGE][PASSED] - Verify element property value successfully

2023-10-16 14:08:11 - [TEST_STEP][PASSED] - verifyElementPropertyValue(getResponse, "offers[13].groups[0].pricingPlans[0].pricingPlanData[0].showIn[0]", "VERTICAL_MODE"): Verify element property value successfully

2023-10-16 14:08:11 - [MESSAGE][PASSED] - Verify element property value successfully

2023-10-16 14:08:11 - [TEST_STEP][PASSED] - verifyElementPropertyValue(getResponse, "offers[13].groups[0].pricingPlans[0].pricingPlanData[0].showIn[1]", "HORIZONTAL_MODE"): Verify element property value successfully

2023-10-16 14:08:11 - [MESSAGE][PASSED] - Verify element property value successfully

2023-10-16 14:08:11 - [TEST_STEP][PASSED] - verifyElementPropertyValue(getResponse, "offers[13].groups[0].pricingPlans[0].pricingPlanData[0].priceLabel", "2.99"): Verify element property value successfully

2023-10-16 14:08:11 - [MESSAGE][PASSED] - Verify element property value successfully

2023-10-16 14:08:11 - [TEST_STEP][PASSED] - verifyElementPropertyValue(getResponse, "offers[13].groups[0].pricingPlans[0].pricingPlanData[0].currencyLabel", "JOD"): Verify element property value successfully

2023-10-16 14:08:11 - [MESSAGE][PASSED] - Verify element property value successfully

2023-10-16 14:08:11 - [TEST_STEP][PASSED] - verifyElementPropertyValue(getResponse, "offers[13].groups[0].pricingPlans[0].pricingPlanData[0].dealId", "BYG_SPORT_50P_JOR"): Verify element property value successfully

2023-10-16 14:08:11 - [MESSAGE][PASSED] - Verify element property value successfully

2023-10-16 14:08:11 - [TEST_STEP][PASSED] - verifyElementPropertyValue(getResponse, "offers[13].groups[0].pricingPlans[0].pricingPlanData[0].allowedForAcquisition", "true"): Verify element property value successfully

2023-10-16 14:08:11 - [MESSAGE][PASSED] - Verify element property value successfully

2023-10-16 14:08:11 - [TEST_STEP][PASSED] - verifyElementPropertyValue(getResponse, "offers[13].groups[0].pricingPlans[0].pricingPlanData[0].visualElements[0].key", "title"): Verify element property value successfully

2023-10-16 14:08:11 - [MESSAGE][PASSED] - Verify element property value successfully

2023-10-16 14:08:11 - [TEST_STEP][PASSED] - verifyElementPropertyValue(getResponse, "offers[13].groups[0].pricingPlans[0].pricingPlanData[0].visualElements[0].value", "Carte de crédit/débit"): Verify element property value successfully

2023-10-16 14:08:11 - [MESSAGE][PASSED] - Verify element property value successfully

2023-10-16 14:08:11 - [TEST_STEP][PASSED] - verifyElementPropertyValue(getResponse, "offers[13].groups[0].pricingPlans[0].pricingPlanData[0].visualElements[1].key", "CTA_text"): Verify element property value successfully

2023-10-16 14:08:11 - [MESSAGE][PASSED] - Verify element property value successfully

2023-10-16 14:08:11 - [TEST_STEP][PASSED] - verifyElementPropertyValue(getResponse, "offers[13].groups[0].pricingPlans[0].pricingPlanData[0].visualElements[1].value", "S’abonner"): Verify element property value successfully

2023-10-16 14:08:11 - [MESSAGE][PASSED] - Verify element property value successfully

2023-10-16 14:08:11 - [TEST_STEP][PASSED] - verifyElementPropertyValue(getResponse, "offers[13].groups[0].pricingPlans[0].pricingPlanData[0].visualElements[2].key", "logo"): Verify element property value successfully

2023-10-16 14:08:11 - [MESSAGE][PASSED] - Verify element property value successfully

2023-10-16 14:08:11 - [TEST_STEP][PASSED] - verifyElementPropertyValue(getResponse, "offers[13].groups[0].pricingPlans[0].pricingPlanData[0].visualElements[2].value", "https://static.s3.shahid.mbc.net/widget-images/icons/iconCreditCard.png"): Verify element property value successfully

2023-10-16 14:08:11 - [MESSAGE][PASSED] - Verify element property value successfully]]></system-out>
         <system-err><![CDATA[]]></system-err>
      </testcase>
      <testcase name="Test Cases/WEB - CHROME/JOR PI/WEB_FR_getOffersForJOR_VIP" time="3.811" classname="Test Cases/WEB - CHROME/JOR PI/WEB_FR_getOffersForJOR_VIP" status="PASSED">
         <system-out><![CDATA[2023-10-16 14:08:11 - [TEST_CASE][PASSED] - Test Cases/WEB - CHROME/JOR PI/WEB_FR_getOffersForJOR_VIP: Test Cases/WEB - CHROME/JOR PI/WEB_FR_getOffersForJOR_VIP

2023-10-16 14:08:12 - [TEST_STEP][PASSED] - getResponse = config_files.getConfigFile.getConfig("WEB", "FR", "SHAHID_VIP", "JO", "false"): config_files.getConfigFile.getConfig is PASSED

2023-10-16 14:08:12 - [MESSAGE][INFO] - HAR: /Users/admin/git/shahid-configuration/Reports/20231016_140310/WEB/JOR/20231016_140315/requests/main/9.har

2023-10-16 14:08:12 - [MESSAGE][PASSED] - Send request successfully

2023-10-16 14:08:13 - [MESSAGE][PASSED] - config_files.getConfigFile.getConfig is PASSED

2023-10-16 14:08:13 - [TEST_STEP][PASSED] - verifyResponseStatusCode(getResponse, 200): Verify response status code successfully

2023-10-16 14:08:13 - [MESSAGE][PASSED] - Verify response status code successfully

2023-10-16 14:08:13 - [TEST_STEP][PASSED] - verifyElementPropertyValue(getResponse, "country", "JOR"): Verify element property value successfully

2023-10-16 14:08:13 - [MESSAGE][PASSED] - Verify element property value successfully

2023-10-16 14:08:13 - [TEST_STEP][PASSED] - verifyElementPropertyValue(getResponse, "platform", "[WEB]"): Verify element property value successfully

2023-10-16 14:08:13 - [MESSAGE][PASSED] - Verify element property value successfully

2023-10-16 14:08:13 - [TEST_STEP][PASSED] - verifyElementPropertyValue(getResponse, "offers[0].offerId", "winback-30-offer"): Verify element property value successfully

2023-10-16 14:08:13 - [MESSAGE][PASSED] - Verify element property value successfully

2023-10-16 14:08:13 - [TEST_STEP][PASSED] - verifyElementPropertyValue(getResponse, "offers[0].offerParam", "winback30"): Verify element property value successfully

2023-10-16 14:08:13 - [MESSAGE][PASSED] - Verify element property value successfully

2023-10-16 14:08:13 - [TEST_STEP][PASSED] - verifyElementPropertyValue(getResponse, "offers[0].groups[0].pricingPlans[0].featured", "true"): Verify element property value successfully

2023-10-16 14:08:13 - [MESSAGE][PASSED] - Verify element property value successfully

2023-10-16 14:08:13 - [TEST_STEP][PASSED] - verifyElementPropertyValue(getResponse, "offers[0].groups[0].pricingPlans[0].period", "monthly"): Verify element property value successfully

2023-10-16 14:08:13 - [MESSAGE][PASSED] - Verify element property value successfully

2023-10-16 14:08:13 - [TEST_STEP][PASSED] - verifyElementPropertyValue(getResponse, "offers[0].groups[0].pricingPlans[0].featured", "true"): Verify element property value successfully

2023-10-16 14:08:13 - [MESSAGE][PASSED] - Verify element property value successfully

2023-10-16 14:08:13 - [TEST_STEP][PASSED] - verifyElementPropertyValue(getResponse, "offers[0].groups[0].pricingPlans[0].price", "2.09"): Verify element property value successfully

2023-10-16 14:08:13 - [MESSAGE][PASSED] - Verify element property value successfully

2023-10-16 14:08:13 - [TEST_STEP][PASSED] - verifyElementPropertyValue(getResponse, "offers[0].groups[0].pricingPlans[0].currency", "JOD"): Verify element property value successfully

2023-10-16 14:08:13 - [MESSAGE][PASSED] - Verify element property value successfully

2023-10-16 14:08:13 - [TEST_STEP][PASSED] - verifyElementPropertyValue(getResponse, "offers[0].groups[0].pricingPlans[0].order", "0"): Verify element property value successfully

2023-10-16 14:08:13 - [MESSAGE][PASSED] - Verify element property value successfully

2023-10-16 14:08:13 - [TEST_STEP][PASSED] - verifyElementPropertyValue(getResponse, "offers[0].groups[0].pricingPlans[0].packageId", "SHAHID_VIP"): Verify element property value successfully

2023-10-16 14:08:13 - [MESSAGE][PASSED] - Verify element property value successfully

2023-10-16 14:08:13 - [TEST_STEP][PASSED] - verifyElementPropertyValue(getResponse, "offers[0].groups[0].pricingPlans[0].catalogId", "VIP"): Verify element property value successfully

2023-10-16 14:08:13 - [MESSAGE][PASSED] - Verify element property value successfully

2023-10-16 14:08:13 - [TEST_STEP][PASSED] - verifyElementPropertyValue(getResponse, "offers[0].groups[0].pricingPlans[0].visualElements[0].key", "Header_1_text"): Verify element property value successfully

2023-10-16 14:08:13 - [MESSAGE][PASSED] - Verify element property value successfully

2023-10-16 14:08:13 - [TEST_STEP][PASSED] - verifyElementPropertyValue(getResponse, "offers[0].groups[0].pricingPlans[0].visualElements[0].value", "Abonnez-vous dès maintenant et profitez de vos programmes sans publicité"): Verify element property value successfully

2023-10-16 14:08:13 - [MESSAGE][PASSED] - Verify element property value successfully

2023-10-16 14:08:13 - [TEST_STEP][PASSED] - verifyElementPropertyValue(getResponse, "offers[0].groups[0].pricingPlans[0].visualElements[1].key", "display_title"): Verify element property value successfully

2023-10-16 14:08:13 - [MESSAGE][PASSED] - Verify element property value successfully

2023-10-16 14:08:13 - [TEST_STEP][PASSED] - verifyElementPropertyValue(getResponse, "offers[0].groups[0].pricingPlans[0].visualElements[1].value", "30% de réduction"): Verify element property value successfully

2023-10-16 14:08:13 - [MESSAGE][PASSED] - Verify element property value successfully

2023-10-16 14:08:13 - [TEST_STEP][PASSED] - verifyElementPropertyValue(getResponse, "offers[0].groups[0].pricingPlans[0].visualElements[3].key", "deduction_text"): Verify element property value successfully

2023-10-16 14:08:13 - [MESSAGE][PASSED] - Verify element property value successfully

2023-10-16 14:08:13 - [TEST_STEP][PASSED] - verifyElementPropertyValue(getResponse, "offers[0].groups[0].pricingPlans[0].visualElements[3].value", "facturation mensuelle"): Verify element property value successfully

2023-10-16 14:08:13 - [MESSAGE][PASSED] - Verify element property value successfully

2023-10-16 14:08:13 - [TEST_STEP][PASSED] - verifyElementPropertyValue(getResponse, "offers[0].groups[0].pricingPlans[0].visualElements[6].key", "show_payment_logo"): Verify element property value successfully

2023-10-16 14:08:13 - [MESSAGE][PASSED] - Verify element property value successfully

2023-10-16 14:08:13 - [TEST_STEP][PASSED] - verifyElementPropertyValue(getResponse, "offers[0].groups[0].pricingPlans[0].visualElements[6].value", "true"): Verify element property value successfully

2023-10-16 14:08:13 - [MESSAGE][PASSED] - Verify element property value successfully

2023-10-16 14:08:13 - [TEST_STEP][PASSED] - verifyElementPropertyValue(getResponse, "offers[0].groups[0].pricingPlans[0].visualElements[8].key", "price"): Verify element property value successfully

2023-10-16 14:08:13 - [MESSAGE][PASSED] - Verify element property value successfully

2023-10-16 14:08:13 - [TEST_STEP][PASSED] - verifyElementPropertyValue(getResponse, "offers[0].groups[0].pricingPlans[0].visualElements[8].value", "2.09"): Verify element property value successfully

2023-10-16 14:08:13 - [MESSAGE][PASSED] - Verify element property value successfully

2023-10-16 14:08:13 - [TEST_STEP][PASSED] - verifyElementPropertyValue(getResponse, "offers[0].groups[0].pricingPlans[0].visualElements[9].key", "currency"): Verify element property value successfully

2023-10-16 14:08:13 - [MESSAGE][PASSED] - Verify element property value successfully

2023-10-16 14:08:13 - [TEST_STEP][PASSED] - verifyElementPropertyValue(getResponse, "offers[0].groups[0].pricingPlans[0].visualElements[9].value", "JOD"): Verify element property value successfully

2023-10-16 14:08:13 - [MESSAGE][PASSED] - Verify element property value successfully

2023-10-16 14:08:13 - [TEST_STEP][PASSED] - verifyElementPropertyValue(getResponse, "offers[0].groups[0].pricingPlans[0].visualElements[10].key", "duration"): Verify element property value successfully

2023-10-16 14:08:13 - [MESSAGE][PASSED] - Verify element property value successfully

2023-10-16 14:08:13 - [TEST_STEP][PASSED] - verifyElementPropertyValue(getResponse, "offers[0].groups[0].pricingPlans[0].visualElements[10].value", "Mensuel"): Verify element property value successfully

2023-10-16 14:08:13 - [MESSAGE][PASSED] - Verify element property value successfully

2023-10-16 14:08:13 - [TEST_STEP][PASSED] - verifyElementPropertyValue(getResponse, "offers[0].groups[0].pricingPlans[0].visualElements[11].key", "featured_tag_text"): Verify element property value successfully

2023-10-16 14:08:13 - [MESSAGE][PASSED] - Verify element property value successfully

2023-10-16 14:08:13 - [TEST_STEP][PASSED] - verifyElementPropertyValue(getResponse, "offers[0].groups[0].pricingPlans[0].visualElements[11].value", "Offre limitée"): Verify element property value successfully

2023-10-16 14:08:13 - [MESSAGE][PASSED] - Verify element property value successfully

2023-10-16 14:08:13 - [TEST_STEP][PASSED] - verifyElementPropertyValue(getResponse, "offers[0].groups[0].pricingPlans[0].visualElements[13].key", "tag_text"): Verify element property value successfully

2023-10-16 14:08:13 - [MESSAGE][PASSED] - Verify element property value successfully

2023-10-16 14:08:13 - [TEST_STEP][PASSED] - verifyElementPropertyValue(getResponse, "offers[0].groups[0].pricingPlans[0].visualElements[13].value", "Économisez 30% "): Verify element property value successfully

2023-10-16 14:08:13 - [MESSAGE][PASSED] - Verify element property value successfully

2023-10-16 14:08:13 - [TEST_STEP][PASSED] - verifyElementPropertyValue(getResponse, "offers[0].groups[0].pricingPlans[0].visualElements[12].key", "show_tag"): Verify element property value successfully

2023-10-16 14:08:13 - [MESSAGE][PASSED] - Verify element property value successfully

2023-10-16 14:08:13 - [TEST_STEP][PASSED] - verifyElementPropertyValue(getResponse, "offers[0].groups[0].pricingPlans[0].visualElements[12].value", "true"): Verify element property value successfully

2023-10-16 14:08:13 - [MESSAGE][PASSED] - Verify element property value successfully

2023-10-16 14:08:13 - [TEST_STEP][PASSED] - verifyElementPropertyValue(getResponse, "offers[0].groups[0].pricingPlans[0].pricingPlanData[0].productId", "JOR_B2C_SHAHID_VIP_1M"): Verify element property value successfully

2023-10-16 14:08:13 - [MESSAGE][PASSED] - Verify element property value successfully

2023-10-16 14:08:13 - [TEST_STEP][PASSED] - verifyElementPropertyValue(getResponse, "offers[0].groups[0].pricingPlans[0].pricingPlanData[0].paymentMethod", "CREDIT_CARD"): Verify element property value successfully

2023-10-16 14:08:13 - [MESSAGE][PASSED] - Verify element property value successfully

2023-10-16 14:08:13 - [TEST_STEP][PASSED] - verifyElementPropertyValue(getResponse, "offers[0].groups[0].pricingPlans[0].pricingPlanData[0].freeTrialEnabled", "false"): Verify element property value successfully

2023-10-16 14:08:13 - [MESSAGE][PASSED] - Verify element property value successfully

2023-10-16 14:08:13 - [TEST_STEP][PASSED] - verifyElementPropertyValue(getResponse, "offers[0].groups[0].pricingPlans[0].pricingPlanData[0].showIn[0]", "VERTICAL_MODE"): Verify element property value successfully

2023-10-16 14:08:13 - [MESSAGE][PASSED] - Verify element property value successfully

2023-10-16 14:08:13 - [TEST_STEP][PASSED] - verifyElementPropertyValue(getResponse, "offers[0].groups[0].pricingPlans[0].pricingPlanData[0].showIn[1]", "HORIZONTAL_MODE"): Verify element property value successfully

2023-10-16 14:08:13 - [MESSAGE][PASSED] - Verify element property value successfully

2023-10-16 14:08:13 - [TEST_STEP][PASSED] - verifyElementPropertyValue(getResponse, "offers[0].groups[0].pricingPlans[0].pricingPlanData[0].priceLabel", "2.09"): Verify element property value successfully

2023-10-16 14:08:13 - [MESSAGE][PASSED] - Verify element property value successfully

2023-10-16 14:08:13 - [TEST_STEP][PASSED] - verifyElementPropertyValue(getResponse, "offers[0].groups[0].pricingPlans[0].pricingPlanData[0].currencyLabel", "JOD"): Verify element property value successfully

2023-10-16 14:08:13 - [MESSAGE][PASSED] - Verify element property value successfully

2023-10-16 14:08:13 - [TEST_STEP][PASSED] - verifyElementPropertyValue(getResponse, "offers[0].groups[0].pricingPlans[0].pricingPlanData[0].dealId", "RE_30P_JOR"): Verify element property value successfully

2023-10-16 14:08:13 - [MESSAGE][PASSED] - Verify element property value successfully

2023-10-16 14:08:13 - [TEST_STEP][PASSED] - verifyElementPropertyValue(getResponse, "offers[0].groups[0].pricingPlans[0].pricingPlanData[0].allowedForAcquisition", "true"): Verify element property value successfully

2023-10-16 14:08:13 - [MESSAGE][PASSED] - Verify element property value successfully

2023-10-16 14:08:13 - [TEST_STEP][PASSED] - verifyElementPropertyValue(getResponse, "offers[0].groups[0].pricingPlans[0].pricingPlanData[0].visualElements[0].key", "title"): Verify element property value successfully

2023-10-16 14:08:13 - [MESSAGE][PASSED] - Verify element property value successfully

2023-10-16 14:08:13 - [TEST_STEP][PASSED] - verifyElementPropertyValue(getResponse, "offers[0].groups[0].pricingPlans[0].pricingPlanData[0].visualElements[0].value", "Carte de crédit/débit"): Verify element property value successfully

2023-10-16 14:08:13 - [MESSAGE][PASSED] - Verify element property value successfully

2023-10-16 14:08:13 - [TEST_STEP][PASSED] - verifyElementPropertyValue(getResponse, "offers[0].groups[0].pricingPlans[0].pricingPlanData[0].visualElements[1].key", "CTA_text"): Verify element property value successfully

2023-10-16 14:08:13 - [MESSAGE][PASSED] - Verify element property value successfully

2023-10-16 14:08:13 - [TEST_STEP][PASSED] - verifyElementPropertyValue(getResponse, "offers[0].groups[0].pricingPlans[0].pricingPlanData[0].visualElements[1].value", "S’abonner"): Verify element property value successfully

2023-10-16 14:08:13 - [MESSAGE][PASSED] - Verify element property value successfully

2023-10-16 14:08:13 - [TEST_STEP][PASSED] - verifyElementPropertyValue(getResponse, "offers[0].groups[0].pricingPlans[0].pricingPlanData[0].visualElements[2].key", "logo"): Verify element property value successfully

2023-10-16 14:08:13 - [MESSAGE][PASSED] - Verify element property value successfully

2023-10-16 14:08:13 - [TEST_STEP][PASSED] - verifyElementPropertyValue(getResponse, "offers[0].groups[0].pricingPlans[0].pricingPlanData[0].visualElements[2].value", "https://static.s3.shahid.mbc.net/widget-images/icons/iconCreditCard.png"): Verify element property value successfully

2023-10-16 14:08:13 - [MESSAGE][PASSED] - Verify element property value successfully

2023-10-16 14:08:13 - [TEST_STEP][PASSED] - verifyElementPropertyValue(getResponse, "offers[1].offerId", "winback-40-offer"): Verify element property value successfully

2023-10-16 14:08:13 - [MESSAGE][PASSED] - Verify element property value successfully

2023-10-16 14:08:13 - [TEST_STEP][PASSED] - verifyElementPropertyValue(getResponse, "offers[1].offerParam", "winback40"): Verify element property value successfully

2023-10-16 14:08:13 - [MESSAGE][PASSED] - Verify element property value successfully

2023-10-16 14:08:13 - [TEST_STEP][PASSED] - verifyElementPropertyValue(getResponse, "offers[1].groups[0].pricingPlans[0].featured", "true"): Verify element property value successfully

2023-10-16 14:08:13 - [MESSAGE][PASSED] - Verify element property value successfully

2023-10-16 14:08:13 - [TEST_STEP][PASSED] - verifyElementPropertyValue(getResponse, "offers[1].groups[0].pricingPlans[0].period", "monthly"): Verify element property value successfully

2023-10-16 14:08:13 - [MESSAGE][PASSED] - Verify element property value successfully

2023-10-16 14:08:13 - [TEST_STEP][PASSED] - verifyElementPropertyValue(getResponse, "offers[1].groups[0].pricingPlans[0].featured", "true"): Verify element property value successfully

2023-10-16 14:08:13 - [MESSAGE][PASSED] - Verify element property value successfully

2023-10-16 14:08:13 - [TEST_STEP][PASSED] - verifyElementPropertyValue(getResponse, "offers[1].groups[0].pricingPlans[0].price", "1.79"): Verify element property value successfully

2023-10-16 14:08:13 - [MESSAGE][PASSED] - Verify element property value successfully

2023-10-16 14:08:13 - [TEST_STEP][PASSED] - verifyElementPropertyValue(getResponse, "offers[1].groups[0].pricingPlans[0].currency", "JOD"): Verify element property value successfully

2023-10-16 14:08:13 - [MESSAGE][PASSED] - Verify element property value successfully

2023-10-16 14:08:13 - [TEST_STEP][PASSED] - verifyElementPropertyValue(getResponse, "offers[1].groups[0].pricingPlans[0].order", "0"): Verify element property value successfully

2023-10-16 14:08:13 - [MESSAGE][PASSED] - Verify element property value successfully

2023-10-16 14:08:13 - [TEST_STEP][PASSED] - verifyElementPropertyValue(getResponse, "offers[1].groups[0].pricingPlans[0].packageId", "SHAHID_VIP"): Verify element property value successfully

2023-10-16 14:08:13 - [MESSAGE][PASSED] - Verify element property value successfully

2023-10-16 14:08:13 - [TEST_STEP][PASSED] - verifyElementPropertyValue(getResponse, "offers[1].groups[0].pricingPlans[0].catalogId", "VIP"): Verify element property value successfully

2023-10-16 14:08:13 - [MESSAGE][PASSED] - Verify element property value successfully

2023-10-16 14:08:13 - [TEST_STEP][PASSED] - verifyElementPropertyValue(getResponse, "offers[1].groups[0].pricingPlans[0].visualElements[0].key", "Header_1_text"): Verify element property value successfully

2023-10-16 14:08:13 - [MESSAGE][PASSED] - Verify element property value successfully

2023-10-16 14:08:13 - [TEST_STEP][PASSED] - verifyElementPropertyValue(getResponse, "offers[1].groups[0].pricingPlans[0].visualElements[0].value", "Abonnez-vous dès maintenant et profitez de vos programmes sans publicité"): Verify element property value successfully

2023-10-16 14:08:13 - [MESSAGE][PASSED] - Verify element property value successfully

2023-10-16 14:08:13 - [TEST_STEP][PASSED] - verifyElementPropertyValue(getResponse, "offers[1].groups[0].pricingPlans[0].visualElements[1].key", "display_title"): Verify element property value successfully

2023-10-16 14:08:13 - [MESSAGE][PASSED] - Verify element property value successfully

2023-10-16 14:08:13 - [TEST_STEP][PASSED] - verifyElementPropertyValue(getResponse, "offers[1].groups[0].pricingPlans[0].visualElements[1].value", "40% de réduction"): Verify element property value successfully

2023-10-16 14:08:13 - [MESSAGE][PASSED] - Verify element property value successfully

2023-10-16 14:08:13 - [TEST_STEP][PASSED] - verifyElementPropertyValue(getResponse, "offers[1].groups[0].pricingPlans[0].visualElements[3].key", "deduction_text"): Verify element property value successfully

2023-10-16 14:08:13 - [MESSAGE][PASSED] - Verify element property value successfully

2023-10-16 14:08:13 - [TEST_STEP][PASSED] - verifyElementPropertyValue(getResponse, "offers[1].groups[0].pricingPlans[0].visualElements[3].value", "facturation mensuelle"): Verify element property value successfully

2023-10-16 14:08:13 - [MESSAGE][PASSED] - Verify element property value successfully

2023-10-16 14:08:13 - [TEST_STEP][PASSED] - verifyElementPropertyValue(getResponse, "offers[1].groups[0].pricingPlans[0].visualElements[6].key", "show_payment_logo"): Verify element property value successfully

2023-10-16 14:08:13 - [MESSAGE][PASSED] - Verify element property value successfully

2023-10-16 14:08:13 - [TEST_STEP][PASSED] - verifyElementPropertyValue(getResponse, "offers[1].groups[0].pricingPlans[0].visualElements[6].value", "true"): Verify element property value successfully

2023-10-16 14:08:13 - [MESSAGE][PASSED] - Verify element property value successfully

2023-10-16 14:08:13 - [TEST_STEP][PASSED] - verifyElementPropertyValue(getResponse, "offers[1].groups[0].pricingPlans[0].visualElements[8].key", "price"): Verify element property value successfully

2023-10-16 14:08:13 - [MESSAGE][PASSED] - Verify element property value successfully

2023-10-16 14:08:13 - [TEST_STEP][PASSED] - verifyElementPropertyValue(getResponse, "offers[1].groups[0].pricingPlans[0].visualElements[8].value", "1.79"): Verify element property value successfully

2023-10-16 14:08:13 - [MESSAGE][PASSED] - Verify element property value successfully

2023-10-16 14:08:13 - [TEST_STEP][PASSED] - verifyElementPropertyValue(getResponse, "offers[1].groups[0].pricingPlans[0].visualElements[9].key", "currency"): Verify element property value successfully

2023-10-16 14:08:13 - [MESSAGE][PASSED] - Verify element property value successfully

2023-10-16 14:08:13 - [TEST_STEP][PASSED] - verifyElementPropertyValue(getResponse, "offers[1].groups[0].pricingPlans[0].visualElements[9].value", "JOD"): Verify element property value successfully

2023-10-16 14:08:13 - [MESSAGE][PASSED] - Verify element property value successfully

2023-10-16 14:08:13 - [TEST_STEP][PASSED] - verifyElementPropertyValue(getResponse, "offers[1].groups[0].pricingPlans[0].visualElements[10].key", "duration"): Verify element property value successfully

2023-10-16 14:08:13 - [MESSAGE][PASSED] - Verify element property value successfully

2023-10-16 14:08:13 - [TEST_STEP][PASSED] - verifyElementPropertyValue(getResponse, "offers[1].groups[0].pricingPlans[0].visualElements[10].value", "Mensuel"): Verify element property value successfully

2023-10-16 14:08:13 - [MESSAGE][PASSED] - Verify element property value successfully

2023-10-16 14:08:13 - [TEST_STEP][PASSED] - verifyElementPropertyValue(getResponse, "offers[1].groups[0].pricingPlans[0].visualElements[11].key", "featured_tag_text"): Verify element property value successfully

2023-10-16 14:08:13 - [MESSAGE][PASSED] - Verify element property value successfully

2023-10-16 14:08:13 - [TEST_STEP][PASSED] - verifyElementPropertyValue(getResponse, "offers[1].groups[0].pricingPlans[0].visualElements[11].value", "Offre limitée"): Verify element property value successfully

2023-10-16 14:08:13 - [MESSAGE][PASSED] - Verify element property value successfully

2023-10-16 14:08:13 - [TEST_STEP][PASSED] - verifyElementPropertyValue(getResponse, "offers[1].groups[0].pricingPlans[0].visualElements[13].key", "tag_text"): Verify element property value successfully

2023-10-16 14:08:13 - [MESSAGE][PASSED] - Verify element property value successfully

2023-10-16 14:08:13 - [TEST_STEP][PASSED] - verifyElementPropertyValue(getResponse, "offers[1].groups[0].pricingPlans[0].visualElements[13].value", "Économisez 40% "): Verify element property value successfully

2023-10-16 14:08:13 - [MESSAGE][PASSED] - Verify element property value successfully

2023-10-16 14:08:13 - [TEST_STEP][PASSED] - verifyElementPropertyValue(getResponse, "offers[1].groups[0].pricingPlans[0].visualElements[12].key", "show_tag"): Verify element property value successfully

2023-10-16 14:08:13 - [MESSAGE][PASSED] - Verify element property value successfully

2023-10-16 14:08:13 - [TEST_STEP][PASSED] - verifyElementPropertyValue(getResponse, "offers[1].groups[0].pricingPlans[0].visualElements[12].value", "true"): Verify element property value successfully

2023-10-16 14:08:13 - [MESSAGE][PASSED] - Verify element property value successfully

2023-10-16 14:08:13 - [TEST_STEP][PASSED] - verifyElementPropertyValue(getResponse, "offers[1].groups[0].pricingPlans[0].pricingPlanData[0].productId", "JOR_B2C_SHAHID_VIP_1M"): Verify element property value successfully

2023-10-16 14:08:13 - [MESSAGE][PASSED] - Verify element property value successfully

2023-10-16 14:08:13 - [TEST_STEP][PASSED] - verifyElementPropertyValue(getResponse, "offers[1].groups[0].pricingPlans[0].pricingPlanData[0].paymentMethod", "CREDIT_CARD"): Verify element property value successfully

2023-10-16 14:08:13 - [MESSAGE][PASSED] - Verify element property value successfully

2023-10-16 14:08:13 - [TEST_STEP][PASSED] - verifyElementPropertyValue(getResponse, "offers[1].groups[0].pricingPlans[0].pricingPlanData[0].freeTrialEnabled", "false"): Verify element property value successfully

2023-10-16 14:08:13 - [MESSAGE][PASSED] - Verify element property value successfully

2023-10-16 14:08:13 - [TEST_STEP][PASSED] - verifyElementPropertyValue(getResponse, "offers[1].groups[0].pricingPlans[0].pricingPlanData[0].showIn[0]", "VERTICAL_MODE"): Verify element property value successfully

2023-10-16 14:08:13 - [MESSAGE][PASSED] - Verify element property value successfully

2023-10-16 14:08:13 - [TEST_STEP][PASSED] - verifyElementPropertyValue(getResponse, "offers[1].groups[0].pricingPlans[0].pricingPlanData[0].showIn[1]", "HORIZONTAL_MODE"): Verify element property value successfully

2023-10-16 14:08:13 - [MESSAGE][PASSED] - Verify element property value successfully

2023-10-16 14:08:13 - [TEST_STEP][PASSED] - verifyElementPropertyValue(getResponse, "offers[1].groups[0].pricingPlans[0].pricingPlanData[0].priceLabel", "1.79"): Verify element property value successfully

2023-10-16 14:08:13 - [MESSAGE][PASSED] - Verify element property value successfully

2023-10-16 14:08:13 - [TEST_STEP][PASSED] - verifyElementPropertyValue(getResponse, "offers[1].groups[0].pricingPlans[0].pricingPlanData[0].currencyLabel", "JOD"): Verify element property value successfully

2023-10-16 14:08:13 - [MESSAGE][PASSED] - Verify element property value successfully

2023-10-16 14:08:13 - [TEST_STEP][PASSED] - verifyElementPropertyValue(getResponse, "offers[1].groups[0].pricingPlans[0].pricingPlanData[0].dealId", "RE_40P_JOR"): Verify element property value successfully

2023-10-16 14:08:13 - [MESSAGE][PASSED] - Verify element property value successfully

2023-10-16 14:08:13 - [TEST_STEP][PASSED] - verifyElementPropertyValue(getResponse, "offers[1].groups[0].pricingPlans[0].pricingPlanData[0].allowedForAcquisition", "true"): Verify element property value successfully

2023-10-16 14:08:13 - [MESSAGE][PASSED] - Verify element property value successfully

2023-10-16 14:08:13 - [TEST_STEP][PASSED] - verifyElementPropertyValue(getResponse, "offers[1].groups[0].pricingPlans[0].pricingPlanData[0].visualElements[0].key", "title"): Verify element property value successfully

2023-10-16 14:08:13 - [MESSAGE][PASSED] - Verify element property value successfully

2023-10-16 14:08:13 - [TEST_STEP][PASSED] - verifyElementPropertyValue(getResponse, "offers[1].groups[0].pricingPlans[0].pricingPlanData[0].visualElements[0].value", "Carte de crédit/débit"): Verify element property value successfully

2023-10-16 14:08:13 - [MESSAGE][PASSED] - Verify element property value successfully

2023-10-16 14:08:13 - [TEST_STEP][PASSED] - verifyElementPropertyValue(getResponse, "offers[1].groups[0].pricingPlans[0].pricingPlanData[0].visualElements[1].key", "CTA_text"): Verify element property value successfully

2023-10-16 14:08:13 - [MESSAGE][PASSED] - Verify element property value successfully

2023-10-16 14:08:13 - [TEST_STEP][PASSED] - verifyElementPropertyValue(getResponse, "offers[1].groups[0].pricingPlans[0].pricingPlanData[0].visualElements[1].value", "S’abonner"): Verify element property value successfully

2023-10-16 14:08:13 - [MESSAGE][PASSED] - Verify element property value successfully

2023-10-16 14:08:13 - [TEST_STEP][PASSED] - verifyElementPropertyValue(getResponse, "offers[1].groups[0].pricingPlans[0].pricingPlanData[0].visualElements[2].key", "logo"): Verify element property value successfully

2023-10-16 14:08:13 - [MESSAGE][PASSED] - Verify element property value successfully

2023-10-16 14:08:13 - [TEST_STEP][PASSED] - verifyElementPropertyValue(getResponse, "offers[1].groups[0].pricingPlans[0].pricingPlanData[0].visualElements[2].value", "https://static.s3.shahid.mbc.net/widget-images/icons/iconCreditCard.png"): Verify element property value successfully

2023-10-16 14:08:13 - [MESSAGE][PASSED] - Verify element property value successfully

2023-10-16 14:08:13 - [TEST_STEP][PASSED] - verifyElementPropertyValue(getResponse, "offers[2].offerId", "winback-50-offer"): Verify element property value successfully

2023-10-16 14:08:13 - [MESSAGE][PASSED] - Verify element property value successfully

2023-10-16 14:08:13 - [TEST_STEP][PASSED] - verifyElementPropertyValue(getResponse, "offers[2].offerParam", "winback50"): Verify element property value successfully

2023-10-16 14:08:13 - [MESSAGE][PASSED] - Verify element property value successfully

2023-10-16 14:08:13 - [TEST_STEP][PASSED] - verifyElementPropertyValue(getResponse, "offers[2].groups[0].pricingPlans[0].featured", "true"): Verify element property value successfully

2023-10-16 14:08:13 - [MESSAGE][PASSED] - Verify element property value successfully

2023-10-16 14:08:13 - [TEST_STEP][PASSED] - verifyElementPropertyValue(getResponse, "offers[2].groups[0].pricingPlans[0].period", "monthly"): Verify element property value successfully

2023-10-16 14:08:13 - [MESSAGE][PASSED] - Verify element property value successfully

2023-10-16 14:08:13 - [TEST_STEP][PASSED] - verifyElementPropertyValue(getResponse, "offers[2].groups[0].pricingPlans[0].featured", "true"): Verify element property value successfully

2023-10-16 14:08:13 - [MESSAGE][PASSED] - Verify element property value successfully

2023-10-16 14:08:13 - [TEST_STEP][PASSED] - verifyElementPropertyValue(getResponse, "offers[2].groups[0].pricingPlans[0].price", "1.49"): Verify element property value successfully

2023-10-16 14:08:13 - [MESSAGE][PASSED] - Verify element property value successfully

2023-10-16 14:08:13 - [TEST_STEP][PASSED] - verifyElementPropertyValue(getResponse, "offers[2].groups[0].pricingPlans[0].currency", "JOD"): Verify element property value successfully

2023-10-16 14:08:13 - [MESSAGE][PASSED] - Verify element property value successfully

2023-10-16 14:08:13 - [TEST_STEP][PASSED] - verifyElementPropertyValue(getResponse, "offers[2].groups[0].pricingPlans[0].order", "0"): Verify element property value successfully

2023-10-16 14:08:13 - [MESSAGE][PASSED] - Verify element property value successfully

2023-10-16 14:08:13 - [TEST_STEP][PASSED] - verifyElementPropertyValue(getResponse, "offers[2].groups[0].pricingPlans[0].packageId", "SHAHID_VIP"): Verify element property value successfully

2023-10-16 14:08:13 - [MESSAGE][PASSED] - Verify element property value successfully

2023-10-16 14:08:13 - [TEST_STEP][PASSED] - verifyElementPropertyValue(getResponse, "offers[2].groups[0].pricingPlans[0].catalogId", "VIP"): Verify element property value successfully

2023-10-16 14:08:13 - [MESSAGE][PASSED] - Verify element property value successfully

2023-10-16 14:08:13 - [TEST_STEP][PASSED] - verifyElementPropertyValue(getResponse, "offers[2].groups[0].pricingPlans[0].visualElements[0].key", "Header_1_text"): Verify element property value successfully

2023-10-16 14:08:13 - [MESSAGE][PASSED] - Verify element property value successfully

2023-10-16 14:08:13 - [TEST_STEP][PASSED] - verifyElementPropertyValue(getResponse, "offers[2].groups[0].pricingPlans[0].visualElements[0].value", "Abonnez-vous dès maintenant et profitez de vos programmes sans publicité"): Verify element property value successfully

2023-10-16 14:08:13 - [MESSAGE][PASSED] - Verify element property value successfully

2023-10-16 14:08:13 - [TEST_STEP][PASSED] - verifyElementPropertyValue(getResponse, "offers[2].groups[0].pricingPlans[0].visualElements[1].key", "display_title"): Verify element property value successfully

2023-10-16 14:08:13 - [MESSAGE][PASSED] - Verify element property value successfully

2023-10-16 14:08:13 - [TEST_STEP][PASSED] - verifyElementPropertyValue(getResponse, "offers[2].groups[0].pricingPlans[0].visualElements[1].value", "50% de réduction"): Verify element property value successfully

2023-10-16 14:08:13 - [MESSAGE][PASSED] - Verify element property value successfully

2023-10-16 14:08:13 - [TEST_STEP][PASSED] - verifyElementPropertyValue(getResponse, "offers[2].groups[0].pricingPlans[0].visualElements[3].key", "deduction_text"): Verify element property value successfully

2023-10-16 14:08:13 - [MESSAGE][PASSED] - Verify element property value successfully

2023-10-16 14:08:13 - [TEST_STEP][PASSED] - verifyElementPropertyValue(getResponse, "offers[2].groups[0].pricingPlans[0].visualElements[3].value", "facturation mensuelle"): Verify element property value successfully

2023-10-16 14:08:13 - [MESSAGE][PASSED] - Verify element property value successfully

2023-10-16 14:08:13 - [TEST_STEP][PASSED] - verifyElementPropertyValue(getResponse, "offers[2].groups[0].pricingPlans[0].visualElements[6].key", "show_payment_logo"): Verify element property value successfully

2023-10-16 14:08:13 - [MESSAGE][PASSED] - Verify element property value successfully

2023-10-16 14:08:13 - [TEST_STEP][PASSED] - verifyElementPropertyValue(getResponse, "offers[2].groups[0].pricingPlans[0].visualElements[6].value", "true"): Verify element property value successfully

2023-10-16 14:08:13 - [MESSAGE][PASSED] - Verify element property value successfully

2023-10-16 14:08:13 - [TEST_STEP][PASSED] - verifyElementPropertyValue(getResponse, "offers[2].groups[0].pricingPlans[0].visualElements[8].key", "price"): Verify element property value successfully

2023-10-16 14:08:13 - [MESSAGE][PASSED] - Verify element property value successfully

2023-10-16 14:08:13 - [TEST_STEP][PASSED] - verifyElementPropertyValue(getResponse, "offers[2].groups[0].pricingPlans[0].visualElements[8].value", "1.49"): Verify element property value successfully

2023-10-16 14:08:13 - [MESSAGE][PASSED] - Verify element property value successfully

2023-10-16 14:08:13 - [TEST_STEP][PASSED] - verifyElementPropertyValue(getResponse, "offers[2].groups[0].pricingPlans[0].visualElements[9].key", "currency"): Verify element property value successfully

2023-10-16 14:08:13 - [MESSAGE][PASSED] - Verify element property value successfully

2023-10-16 14:08:13 - [TEST_STEP][PASSED] - verifyElementPropertyValue(getResponse, "offers[2].groups[0].pricingPlans[0].visualElements[9].value", "JOD"): Verify element property value successfully

2023-10-16 14:08:13 - [MESSAGE][PASSED] - Verify element property value successfully

2023-10-16 14:08:13 - [TEST_STEP][PASSED] - verifyElementPropertyValue(getResponse, "offers[2].groups[0].pricingPlans[0].visualElements[10].key", "duration"): Verify element property value successfully

2023-10-16 14:08:13 - [MESSAGE][PASSED] - Verify element property value successfully

2023-10-16 14:08:13 - [TEST_STEP][PASSED] - verifyElementPropertyValue(getResponse, "offers[2].groups[0].pricingPlans[0].visualElements[10].value", "Mensuel"): Verify element property value successfully

2023-10-16 14:08:13 - [MESSAGE][PASSED] - Verify element property value successfully

2023-10-16 14:08:13 - [TEST_STEP][PASSED] - verifyElementPropertyValue(getResponse, "offers[2].groups[0].pricingPlans[0].visualElements[11].key", "featured_tag_text"): Verify element property value successfully

2023-10-16 14:08:13 - [MESSAGE][PASSED] - Verify element property value successfully

2023-10-16 14:08:13 - [TEST_STEP][PASSED] - verifyElementPropertyValue(getResponse, "offers[2].groups[0].pricingPlans[0].visualElements[11].value", "Offre limitée"): Verify element property value successfully

2023-10-16 14:08:13 - [MESSAGE][PASSED] - Verify element property value successfully

2023-10-16 14:08:13 - [TEST_STEP][PASSED] - verifyElementPropertyValue(getResponse, "offers[2].groups[0].pricingPlans[0].visualElements[13].key", "tag_text"): Verify element property value successfully

2023-10-16 14:08:13 - [MESSAGE][PASSED] - Verify element property value successfully

2023-10-16 14:08:13 - [TEST_STEP][PASSED] - verifyElementPropertyValue(getResponse, "offers[2].groups[0].pricingPlans[0].visualElements[13].value", "Économisez 50% "): Verify element property value successfully

2023-10-16 14:08:13 - [MESSAGE][PASSED] - Verify element property value successfully

2023-10-16 14:08:13 - [TEST_STEP][PASSED] - verifyElementPropertyValue(getResponse, "offers[2].groups[0].pricingPlans[0].visualElements[12].key", "show_tag"): Verify element property value successfully

2023-10-16 14:08:13 - [MESSAGE][PASSED] - Verify element property value successfully

2023-10-16 14:08:13 - [TEST_STEP][PASSED] - verifyElementPropertyValue(getResponse, "offers[2].groups[0].pricingPlans[0].visualElements[12].value", "true"): Verify element property value successfully

2023-10-16 14:08:13 - [MESSAGE][PASSED] - Verify element property value successfully

2023-10-16 14:08:13 - [TEST_STEP][PASSED] - verifyElementPropertyValue(getResponse, "offers[2].groups[0].pricingPlans[0].pricingPlanData[0].productId", "JOR_B2C_SHAHID_VIP_1M"): Verify element property value successfully

2023-10-16 14:08:13 - [MESSAGE][PASSED] - Verify element property value successfully

2023-10-16 14:08:13 - [TEST_STEP][PASSED] - verifyElementPropertyValue(getResponse, "offers[2].groups[0].pricingPlans[0].pricingPlanData[0].paymentMethod", "CREDIT_CARD"): Verify element property value successfully

2023-10-16 14:08:13 - [MESSAGE][PASSED] - Verify element property value successfully

2023-10-16 14:08:13 - [TEST_STEP][PASSED] - verifyElementPropertyValue(getResponse, "offers[2].groups[0].pricingPlans[0].pricingPlanData[0].freeTrialEnabled", "false"): Verify element property value successfully

2023-10-16 14:08:13 - [MESSAGE][PASSED] - Verify element property value successfully

2023-10-16 14:08:13 - [TEST_STEP][PASSED] - verifyElementPropertyValue(getResponse, "offers[2].groups[0].pricingPlans[0].pricingPlanData[0].showIn[0]", "VERTICAL_MODE"): Verify element property value successfully

2023-10-16 14:08:13 - [MESSAGE][PASSED] - Verify element property value successfully

2023-10-16 14:08:13 - [TEST_STEP][PASSED] - verifyElementPropertyValue(getResponse, "offers[2].groups[0].pricingPlans[0].pricingPlanData[0].showIn[1]", "HORIZONTAL_MODE"): Verify element property value successfully

2023-10-16 14:08:13 - [MESSAGE][PASSED] - Verify element property value successfully

2023-10-16 14:08:13 - [TEST_STEP][PASSED] - verifyElementPropertyValue(getResponse, "offers[2].groups[0].pricingPlans[0].pricingPlanData[0].priceLabel", "1.49"): Verify element property value successfully

2023-10-16 14:08:13 - [MESSAGE][PASSED] - Verify element property value successfully

2023-10-16 14:08:13 - [TEST_STEP][PASSED] - verifyElementPropertyValue(getResponse, "offers[2].groups[0].pricingPlans[0].pricingPlanData[0].currencyLabel", "JOD"): Verify element property value successfully

2023-10-16 14:08:13 - [MESSAGE][PASSED] - Verify element property value successfully

2023-10-16 14:08:13 - [TEST_STEP][PASSED] - verifyElementPropertyValue(getResponse, "offers[2].groups[0].pricingPlans[0].pricingPlanData[0].dealId", "RE_50P_JOR"): Verify element property value successfully

2023-10-16 14:08:13 - [MESSAGE][PASSED] - Verify element property value successfully

2023-10-16 14:08:13 - [TEST_STEP][PASSED] - verifyElementPropertyValue(getResponse, "offers[2].groups[0].pricingPlans[0].pricingPlanData[0].allowedForAcquisition", "true"): Verify element property value successfully

2023-10-16 14:08:13 - [MESSAGE][PASSED] - Verify element property value successfully

2023-10-16 14:08:13 - [TEST_STEP][PASSED] - verifyElementPropertyValue(getResponse, "offers[2].groups[0].pricingPlans[0].pricingPlanData[0].visualElements[0].key", "title"): Verify element property value successfully

2023-10-16 14:08:13 - [MESSAGE][PASSED] - Verify element property value successfully

2023-10-16 14:08:13 - [TEST_STEP][PASSED] - verifyElementPropertyValue(getResponse, "offers[2].groups[0].pricingPlans[0].pricingPlanData[0].visualElements[0].value", "Carte de crédit/débit"): Verify element property value successfully

2023-10-16 14:08:13 - [MESSAGE][PASSED] - Verify element property value successfully

2023-10-16 14:08:13 - [TEST_STEP][PASSED] - verifyElementPropertyValue(getResponse, "offers[2].groups[0].pricingPlans[0].pricingPlanData[0].visualElements[1].key", "CTA_text"): Verify element property value successfully

2023-10-16 14:08:13 - [MESSAGE][PASSED] - Verify element property value successfully

2023-10-16 14:08:13 - [TEST_STEP][PASSED] - verifyElementPropertyValue(getResponse, "offers[2].groups[0].pricingPlans[0].pricingPlanData[0].visualElements[1].value", "S’abonner"): Verify element property value successfully

2023-10-16 14:08:14 - [MESSAGE][PASSED] - Verify element property value successfully

2023-10-16 14:08:14 - [TEST_STEP][PASSED] - verifyElementPropertyValue(getResponse, "offers[2].groups[0].pricingPlans[0].pricingPlanData[0].visualElements[2].key", "logo"): Verify element property value successfully

2023-10-16 14:08:14 - [MESSAGE][PASSED] - Verify element property value successfully

2023-10-16 14:08:14 - [TEST_STEP][PASSED] - verifyElementPropertyValue(getResponse, "offers[2].groups[0].pricingPlans[0].pricingPlanData[0].visualElements[2].value", "https://static.s3.shahid.mbc.net/widget-images/icons/iconCreditCard.png"): Verify element property value successfully

2023-10-16 14:08:14 - [MESSAGE][PASSED] - Verify element property value successfully

2023-10-16 14:08:14 - [TEST_STEP][PASSED] - verifyElementPropertyValue(getResponse, "offers[8].offerId", "byg-30-offer"): Verify element property value successfully

2023-10-16 14:08:14 - [MESSAGE][PASSED] - Verify element property value successfully

2023-10-16 14:08:14 - [TEST_STEP][PASSED] - verifyElementPropertyValue(getResponse, "offers[8].offerParam", "bygoffer30"): Verify element property value successfully

2023-10-16 14:08:14 - [MESSAGE][PASSED] - Verify element property value successfully

2023-10-16 14:08:14 - [TEST_STEP][PASSED] - verifyElementPropertyValue(getResponse, "offers[8].groups[0].pricingPlans[0].featured", "true"): Verify element property value successfully

2023-10-16 14:08:14 - [MESSAGE][PASSED] - Verify element property value successfully

2023-10-16 14:08:14 - [TEST_STEP][PASSED] - verifyElementPropertyValue(getResponse, "offers[8].groups[0].pricingPlans[0].period", "monthly"): Verify element property value successfully

2023-10-16 14:08:14 - [MESSAGE][PASSED] - Verify element property value successfully

2023-10-16 14:08:14 - [TEST_STEP][PASSED] - verifyElementPropertyValue(getResponse, "offers[8].groups[0].pricingPlans[0].featured", "true"): Verify element property value successfully

2023-10-16 14:08:14 - [MESSAGE][PASSED] - Verify element property value successfully

2023-10-16 14:08:14 - [TEST_STEP][PASSED] - verifyElementPropertyValue(getResponse, "offers[8].groups[0].pricingPlans[0].price", "2.09"): Verify element property value successfully

2023-10-16 14:08:14 - [MESSAGE][PASSED] - Verify element property value successfully

2023-10-16 14:08:14 - [TEST_STEP][PASSED] - verifyElementPropertyValue(getResponse, "offers[8].groups[0].pricingPlans[0].currency", "JOD"): Verify element property value successfully

2023-10-16 14:08:14 - [MESSAGE][PASSED] - Verify element property value successfully

2023-10-16 14:08:14 - [TEST_STEP][PASSED] - verifyElementPropertyValue(getResponse, "offers[8].groups[0].pricingPlans[0].order", "0"): Verify element property value successfully

2023-10-16 14:08:14 - [MESSAGE][PASSED] - Verify element property value successfully

2023-10-16 14:08:14 - [TEST_STEP][PASSED] - verifyElementPropertyValue(getResponse, "offers[8].groups[0].pricingPlans[0].packageId", "SHAHID_VIP"): Verify element property value successfully

2023-10-16 14:08:14 - [MESSAGE][PASSED] - Verify element property value successfully

2023-10-16 14:08:14 - [TEST_STEP][PASSED] - verifyElementPropertyValue(getResponse, "offers[8].groups[0].pricingPlans[0].catalogId", "VIP"): Verify element property value successfully

2023-10-16 14:08:14 - [MESSAGE][PASSED] - Verify element property value successfully

2023-10-16 14:08:14 - [TEST_STEP][PASSED] - verifyElementPropertyValue(getResponse, "offers[8].groups[0].pricingPlans[0].visualElements[0].key", "Header_1_text"): Verify element property value successfully

2023-10-16 14:08:14 - [MESSAGE][PASSED] - Verify element property value successfully

2023-10-16 14:08:14 - [TEST_STEP][PASSED] - verifyElementPropertyValue(getResponse, "offers[8].groups[0].pricingPlans[0].visualElements[0].value", "Abonnez-vous dès maintenant et profitez de vos programmes sans publicité"): Verify element property value successfully

2023-10-16 14:08:14 - [MESSAGE][PASSED] - Verify element property value successfully

2023-10-16 14:08:14 - [TEST_STEP][PASSED] - verifyElementPropertyValue(getResponse, "offers[8].groups[0].pricingPlans[0].visualElements[1].key", "display_title"): Verify element property value successfully

2023-10-16 14:08:14 - [MESSAGE][PASSED] - Verify element property value successfully

2023-10-16 14:08:14 - [TEST_STEP][PASSED] - verifyElementPropertyValue(getResponse, "offers[8].groups[0].pricingPlans[0].visualElements[1].value", "30% de réduction"): Verify element property value successfully

2023-10-16 14:08:14 - [MESSAGE][PASSED] - Verify element property value successfully

2023-10-16 14:08:14 - [TEST_STEP][PASSED] - verifyElementPropertyValue(getResponse, "offers[8].groups[0].pricingPlans[0].visualElements[3].key", "deduction_text"): Verify element property value successfully

2023-10-16 14:08:14 - [MESSAGE][PASSED] - Verify element property value successfully

2023-10-16 14:08:14 - [TEST_STEP][PASSED] - verifyElementPropertyValue(getResponse, "offers[8].groups[0].pricingPlans[0].visualElements[3].value", "facturation mensuelle"): Verify element property value successfully

2023-10-16 14:08:14 - [MESSAGE][PASSED] - Verify element property value successfully

2023-10-16 14:08:14 - [TEST_STEP][PASSED] - verifyElementPropertyValue(getResponse, "offers[8].groups[0].pricingPlans[0].visualElements[6].key", "show_payment_logo"): Verify element property value successfully

2023-10-16 14:08:14 - [MESSAGE][PASSED] - Verify element property value successfully

2023-10-16 14:08:14 - [TEST_STEP][PASSED] - verifyElementPropertyValue(getResponse, "offers[8].groups[0].pricingPlans[0].visualElements[6].value", "true"): Verify element property value successfully

2023-10-16 14:08:14 - [MESSAGE][PASSED] - Verify element property value successfully

2023-10-16 14:08:14 - [TEST_STEP][PASSED] - verifyElementPropertyValue(getResponse, "offers[8].groups[0].pricingPlans[0].visualElements[8].key", "price"): Verify element property value successfully

2023-10-16 14:08:14 - [MESSAGE][PASSED] - Verify element property value successfully

2023-10-16 14:08:14 - [TEST_STEP][PASSED] - verifyElementPropertyValue(getResponse, "offers[8].groups[0].pricingPlans[0].visualElements[8].value", "2.09"): Verify element property value successfully

2023-10-16 14:08:14 - [MESSAGE][PASSED] - Verify element property value successfully

2023-10-16 14:08:14 - [TEST_STEP][PASSED] - verifyElementPropertyValue(getResponse, "offers[8].groups[0].pricingPlans[0].visualElements[9].key", "currency"): Verify element property value successfully

2023-10-16 14:08:14 - [MESSAGE][PASSED] - Verify element property value successfully

2023-10-16 14:08:14 - [TEST_STEP][PASSED] - verifyElementPropertyValue(getResponse, "offers[8].groups[0].pricingPlans[0].visualElements[9].value", "JOD"): Verify element property value successfully

2023-10-16 14:08:14 - [MESSAGE][PASSED] - Verify element property value successfully

2023-10-16 14:08:14 - [TEST_STEP][PASSED] - verifyElementPropertyValue(getResponse, "offers[8].groups[0].pricingPlans[0].visualElements[10].key", "duration"): Verify element property value successfully

2023-10-16 14:08:14 - [MESSAGE][PASSED] - Verify element property value successfully

2023-10-16 14:08:14 - [TEST_STEP][PASSED] - verifyElementPropertyValue(getResponse, "offers[8].groups[0].pricingPlans[0].visualElements[10].value", "Mensuel"): Verify element property value successfully

2023-10-16 14:08:14 - [MESSAGE][PASSED] - Verify element property value successfully

2023-10-16 14:08:14 - [TEST_STEP][PASSED] - verifyElementPropertyValue(getResponse, "offers[8].groups[0].pricingPlans[0].visualElements[11].key", "featured_tag_text"): Verify element property value successfully

2023-10-16 14:08:14 - [MESSAGE][PASSED] - Verify element property value successfully

2023-10-16 14:08:14 - [TEST_STEP][PASSED] - verifyElementPropertyValue(getResponse, "offers[8].groups[0].pricingPlans[0].visualElements[11].value", "Offre limitée"): Verify element property value successfully

2023-10-16 14:08:14 - [MESSAGE][PASSED] - Verify element property value successfully

2023-10-16 14:08:14 - [TEST_STEP][PASSED] - verifyElementPropertyValue(getResponse, "offers[8].groups[0].pricingPlans[0].visualElements[13].key", "tag_text"): Verify element property value successfully

2023-10-16 14:08:14 - [MESSAGE][PASSED] - Verify element property value successfully

2023-10-16 14:08:14 - [TEST_STEP][PASSED] - verifyElementPropertyValue(getResponse, "offers[8].groups[0].pricingPlans[0].visualElements[13].value", "Économisez 30% "): Verify element property value successfully

2023-10-16 14:08:14 - [MESSAGE][PASSED] - Verify element property value successfully

2023-10-16 14:08:14 - [TEST_STEP][PASSED] - verifyElementPropertyValue(getResponse, "offers[8].groups[0].pricingPlans[0].visualElements[12].key", "show_tag"): Verify element property value successfully

2023-10-16 14:08:14 - [MESSAGE][PASSED] - Verify element property value successfully

2023-10-16 14:08:14 - [TEST_STEP][PASSED] - verifyElementPropertyValue(getResponse, "offers[8].groups[0].pricingPlans[0].visualElements[12].value", "true"): Verify element property value successfully

2023-10-16 14:08:14 - [MESSAGE][PASSED] - Verify element property value successfully

2023-10-16 14:08:14 - [TEST_STEP][PASSED] - verifyElementPropertyValue(getResponse, "offers[8].groups[0].pricingPlans[0].pricingPlanData[0].productId", "JOR_B2C_SHAHID_VIP_1M"): Verify element property value successfully

2023-10-16 14:08:14 - [MESSAGE][PASSED] - Verify element property value successfully

2023-10-16 14:08:14 - [TEST_STEP][PASSED] - verifyElementPropertyValue(getResponse, "offers[8].groups[0].pricingPlans[0].pricingPlanData[0].paymentMethod", "CREDIT_CARD"): Verify element property value successfully

2023-10-16 14:08:14 - [MESSAGE][PASSED] - Verify element property value successfully

2023-10-16 14:08:14 - [TEST_STEP][PASSED] - verifyElementPropertyValue(getResponse, "offers[8].groups[0].pricingPlans[0].pricingPlanData[0].freeTrialEnabled", "false"): Verify element property value successfully

2023-10-16 14:08:14 - [MESSAGE][PASSED] - Verify element property value successfully

2023-10-16 14:08:14 - [TEST_STEP][PASSED] - verifyElementPropertyValue(getResponse, "offers[8].groups[0].pricingPlans[0].pricingPlanData[0].showIn[0]", "VERTICAL_MODE"): Verify element property value successfully

2023-10-16 14:08:14 - [MESSAGE][PASSED] - Verify element property value successfully

2023-10-16 14:08:14 - [TEST_STEP][PASSED] - verifyElementPropertyValue(getResponse, "offers[8].groups[0].pricingPlans[0].pricingPlanData[0].showIn[1]", "HORIZONTAL_MODE"): Verify element property value successfully

2023-10-16 14:08:14 - [MESSAGE][PASSED] - Verify element property value successfully

2023-10-16 14:08:14 - [TEST_STEP][PASSED] - verifyElementPropertyValue(getResponse, "offers[8].groups[0].pricingPlans[0].pricingPlanData[0].priceLabel", "2.09"): Verify element property value successfully

2023-10-16 14:08:14 - [MESSAGE][PASSED] - Verify element property value successfully

2023-10-16 14:08:14 - [TEST_STEP][PASSED] - verifyElementPropertyValue(getResponse, "offers[8].groups[0].pricingPlans[0].pricingPlanData[0].currencyLabel", "JOD"): Verify element property value successfully

2023-10-16 14:08:14 - [MESSAGE][PASSED] - Verify element property value successfully

2023-10-16 14:08:14 - [TEST_STEP][PASSED] - verifyElementPropertyValue(getResponse, "offers[8].groups[0].pricingPlans[0].pricingPlanData[0].dealId", "BYG_30P_JOR"): Verify element property value successfully

2023-10-16 14:08:14 - [MESSAGE][PASSED] - Verify element property value successfully

2023-10-16 14:08:14 - [TEST_STEP][PASSED] - verifyElementPropertyValue(getResponse, "offers[8].groups[0].pricingPlans[0].pricingPlanData[0].allowedForAcquisition", "true"): Verify element property value successfully

2023-10-16 14:08:14 - [MESSAGE][PASSED] - Verify element property value successfully

2023-10-16 14:08:14 - [TEST_STEP][PASSED] - verifyElementPropertyValue(getResponse, "offers[8].groups[0].pricingPlans[0].pricingPlanData[0].visualElements[0].key", "title"): Verify element property value successfully

2023-10-16 14:08:14 - [MESSAGE][PASSED] - Verify element property value successfully

2023-10-16 14:08:14 - [TEST_STEP][PASSED] - verifyElementPropertyValue(getResponse, "offers[8].groups[0].pricingPlans[0].pricingPlanData[0].visualElements[0].value", "Carte de crédit/débit"): Verify element property value successfully

2023-10-16 14:08:14 - [MESSAGE][PASSED] - Verify element property value successfully

2023-10-16 14:08:14 - [TEST_STEP][PASSED] - verifyElementPropertyValue(getResponse, "offers[8].groups[0].pricingPlans[0].pricingPlanData[0].visualElements[1].key", "CTA_text"): Verify element property value successfully

2023-10-16 14:08:14 - [MESSAGE][PASSED] - Verify element property value successfully

2023-10-16 14:08:14 - [TEST_STEP][PASSED] - verifyElementPropertyValue(getResponse, "offers[8].groups[0].pricingPlans[0].pricingPlanData[0].visualElements[1].value", "S’abonner"): Verify element property value successfully

2023-10-16 14:08:14 - [MESSAGE][PASSED] - Verify element property value successfully

2023-10-16 14:08:14 - [TEST_STEP][PASSED] - verifyElementPropertyValue(getResponse, "offers[8].groups[0].pricingPlans[0].pricingPlanData[0].visualElements[2].key", "logo"): Verify element property value successfully

2023-10-16 14:08:14 - [MESSAGE][PASSED] - Verify element property value successfully

2023-10-16 14:08:14 - [TEST_STEP][PASSED] - verifyElementPropertyValue(getResponse, "offers[8].groups[0].pricingPlans[0].pricingPlanData[0].visualElements[2].value", "https://static.s3.shahid.mbc.net/widget-images/icons/iconCreditCard.png"): Verify element property value successfully

2023-10-16 14:08:14 - [MESSAGE][PASSED] - Verify element property value successfully

2023-10-16 14:08:14 - [TEST_STEP][PASSED] - verifyElementPropertyValue(getResponse, "offers[9].offerId", "byg-40-offer"): Verify element property value successfully

2023-10-16 14:08:14 - [MESSAGE][PASSED] - Verify element property value successfully

2023-10-16 14:08:14 - [TEST_STEP][PASSED] - verifyElementPropertyValue(getResponse, "offers[9].offerParam", "bygoffer40"): Verify element property value successfully

2023-10-16 14:08:14 - [MESSAGE][PASSED] - Verify element property value successfully

2023-10-16 14:08:14 - [TEST_STEP][PASSED] - verifyElementPropertyValue(getResponse, "offers[9].groups[0].pricingPlans[0].featured", "true"): Verify element property value successfully

2023-10-16 14:08:14 - [MESSAGE][PASSED] - Verify element property value successfully

2023-10-16 14:08:14 - [TEST_STEP][PASSED] - verifyElementPropertyValue(getResponse, "offers[9].groups[0].pricingPlans[0].period", "monthly"): Verify element property value successfully

2023-10-16 14:08:14 - [MESSAGE][PASSED] - Verify element property value successfully

2023-10-16 14:08:14 - [TEST_STEP][PASSED] - verifyElementPropertyValue(getResponse, "offers[9].groups[0].pricingPlans[0].featured", "true"): Verify element property value successfully

2023-10-16 14:08:14 - [MESSAGE][PASSED] - Verify element property value successfully

2023-10-16 14:08:14 - [TEST_STEP][PASSED] - verifyElementPropertyValue(getResponse, "offers[9].groups[0].pricingPlans[0].price", "1.79"): Verify element property value successfully

2023-10-16 14:08:14 - [MESSAGE][PASSED] - Verify element property value successfully

2023-10-16 14:08:14 - [TEST_STEP][PASSED] - verifyElementPropertyValue(getResponse, "offers[9].groups[0].pricingPlans[0].currency", "JOD"): Verify element property value successfully

2023-10-16 14:08:14 - [MESSAGE][PASSED] - Verify element property value successfully

2023-10-16 14:08:14 - [TEST_STEP][PASSED] - verifyElementPropertyValue(getResponse, "offers[9].groups[0].pricingPlans[0].order", "0"): Verify element property value successfully

2023-10-16 14:08:14 - [MESSAGE][PASSED] - Verify element property value successfully

2023-10-16 14:08:14 - [TEST_STEP][PASSED] - verifyElementPropertyValue(getResponse, "offers[9].groups[0].pricingPlans[0].packageId", "SHAHID_VIP"): Verify element property value successfully

2023-10-16 14:08:14 - [MESSAGE][PASSED] - Verify element property value successfully

2023-10-16 14:08:14 - [TEST_STEP][PASSED] - verifyElementPropertyValue(getResponse, "offers[9].groups[0].pricingPlans[0].catalogId", "VIP"): Verify element property value successfully

2023-10-16 14:08:14 - [MESSAGE][PASSED] - Verify element property value successfully

2023-10-16 14:08:14 - [TEST_STEP][PASSED] - verifyElementPropertyValue(getResponse, "offers[9].groups[0].pricingPlans[0].visualElements[0].key", "Header_1_text"): Verify element property value successfully

2023-10-16 14:08:14 - [MESSAGE][PASSED] - Verify element property value successfully

2023-10-16 14:08:14 - [TEST_STEP][PASSED] - verifyElementPropertyValue(getResponse, "offers[9].groups[0].pricingPlans[0].visualElements[0].value", "Abonnez-vous dès maintenant et profitez de vos programmes sans publicité"): Verify element property value successfully

2023-10-16 14:08:14 - [MESSAGE][PASSED] - Verify element property value successfully

2023-10-16 14:08:14 - [TEST_STEP][PASSED] - verifyElementPropertyValue(getResponse, "offers[9].groups[0].pricingPlans[0].visualElements[1].key", "display_title"): Verify element property value successfully

2023-10-16 14:08:14 - [MESSAGE][PASSED] - Verify element property value successfully

2023-10-16 14:08:14 - [TEST_STEP][PASSED] - verifyElementPropertyValue(getResponse, "offers[9].groups[0].pricingPlans[0].visualElements[1].value", "40% de réduction"): Verify element property value successfully

2023-10-16 14:08:14 - [MESSAGE][PASSED] - Verify element property value successfully

2023-10-16 14:08:14 - [TEST_STEP][PASSED] - verifyElementPropertyValue(getResponse, "offers[9].groups[0].pricingPlans[0].visualElements[3].key", "deduction_text"): Verify element property value successfully

2023-10-16 14:08:14 - [MESSAGE][PASSED] - Verify element property value successfully

2023-10-16 14:08:14 - [TEST_STEP][PASSED] - verifyElementPropertyValue(getResponse, "offers[9].groups[0].pricingPlans[0].visualElements[3].value", "facturation mensuelle"): Verify element property value successfully

2023-10-16 14:08:14 - [MESSAGE][PASSED] - Verify element property value successfully

2023-10-16 14:08:14 - [TEST_STEP][PASSED] - verifyElementPropertyValue(getResponse, "offers[9].groups[0].pricingPlans[0].visualElements[6].key", "show_payment_logo"): Verify element property value successfully

2023-10-16 14:08:14 - [MESSAGE][PASSED] - Verify element property value successfully

2023-10-16 14:08:14 - [TEST_STEP][PASSED] - verifyElementPropertyValue(getResponse, "offers[9].groups[0].pricingPlans[0].visualElements[6].value", "true"): Verify element property value successfully

2023-10-16 14:08:14 - [MESSAGE][PASSED] - Verify element property value successfully

2023-10-16 14:08:14 - [TEST_STEP][PASSED] - verifyElementPropertyValue(getResponse, "offers[9].groups[0].pricingPlans[0].visualElements[8].key", "price"): Verify element property value successfully

2023-10-16 14:08:14 - [MESSAGE][PASSED] - Verify element property value successfully

2023-10-16 14:08:14 - [TEST_STEP][PASSED] - verifyElementPropertyValue(getResponse, "offers[9].groups[0].pricingPlans[0].visualElements[8].value", "1.79"): Verify element property value successfully

2023-10-16 14:08:14 - [MESSAGE][PASSED] - Verify element property value successfully

2023-10-16 14:08:14 - [TEST_STEP][PASSED] - verifyElementPropertyValue(getResponse, "offers[9].groups[0].pricingPlans[0].visualElements[9].key", "currency"): Verify element property value successfully

2023-10-16 14:08:14 - [MESSAGE][PASSED] - Verify element property value successfully

2023-10-16 14:08:14 - [TEST_STEP][PASSED] - verifyElementPropertyValue(getResponse, "offers[9].groups[0].pricingPlans[0].visualElements[9].value", "JOD"): Verify element property value successfully

2023-10-16 14:08:14 - [MESSAGE][PASSED] - Verify element property value successfully

2023-10-16 14:08:14 - [TEST_STEP][PASSED] - verifyElementPropertyValue(getResponse, "offers[9].groups[0].pricingPlans[0].visualElements[10].key", "duration"): Verify element property value successfully

2023-10-16 14:08:14 - [MESSAGE][PASSED] - Verify element property value successfully

2023-10-16 14:08:14 - [TEST_STEP][PASSED] - verifyElementPropertyValue(getResponse, "offers[9].groups[0].pricingPlans[0].visualElements[10].value", "Mensuel"): Verify element property value successfully

2023-10-16 14:08:14 - [MESSAGE][PASSED] - Verify element property value successfully

2023-10-16 14:08:14 - [TEST_STEP][PASSED] - verifyElementPropertyValue(getResponse, "offers[9].groups[0].pricingPlans[0].visualElements[11].key", "featured_tag_text"): Verify element property value successfully

2023-10-16 14:08:14 - [MESSAGE][PASSED] - Verify element property value successfully

2023-10-16 14:08:14 - [TEST_STEP][PASSED] - verifyElementPropertyValue(getResponse, "offers[9].groups[0].pricingPlans[0].visualElements[11].value", "Offre limitée"): Verify element property value successfully

2023-10-16 14:08:14 - [MESSAGE][PASSED] - Verify element property value successfully

2023-10-16 14:08:14 - [TEST_STEP][PASSED] - verifyElementPropertyValue(getResponse, "offers[9].groups[0].pricingPlans[0].visualElements[13].key", "tag_text"): Verify element property value successfully

2023-10-16 14:08:14 - [MESSAGE][PASSED] - Verify element property value successfully

2023-10-16 14:08:14 - [TEST_STEP][PASSED] - verifyElementPropertyValue(getResponse, "offers[9].groups[0].pricingPlans[0].visualElements[13].value", "Économisez 40% "): Verify element property value successfully

2023-10-16 14:08:14 - [MESSAGE][PASSED] - Verify element property value successfully

2023-10-16 14:08:14 - [TEST_STEP][PASSED] - verifyElementPropertyValue(getResponse, "offers[9].groups[0].pricingPlans[0].visualElements[12].key", "show_tag"): Verify element property value successfully

2023-10-16 14:08:14 - [MESSAGE][PASSED] - Verify element property value successfully

2023-10-16 14:08:14 - [TEST_STEP][PASSED] - verifyElementPropertyValue(getResponse, "offers[9].groups[0].pricingPlans[0].visualElements[12].value", "true"): Verify element property value successfully

2023-10-16 14:08:14 - [MESSAGE][PASSED] - Verify element property value successfully

2023-10-16 14:08:14 - [TEST_STEP][PASSED] - verifyElementPropertyValue(getResponse, "offers[9].groups[0].pricingPlans[0].pricingPlanData[0].productId", "JOR_B2C_SHAHID_VIP_1M"): Verify element property value successfully

2023-10-16 14:08:14 - [MESSAGE][PASSED] - Verify element property value successfully

2023-10-16 14:08:14 - [TEST_STEP][PASSED] - verifyElementPropertyValue(getResponse, "offers[9].groups[0].pricingPlans[0].pricingPlanData[0].paymentMethod", "CREDIT_CARD"): Verify element property value successfully

2023-10-16 14:08:14 - [MESSAGE][PASSED] - Verify element property value successfully

2023-10-16 14:08:14 - [TEST_STEP][PASSED] - verifyElementPropertyValue(getResponse, "offers[9].groups[0].pricingPlans[0].pricingPlanData[0].freeTrialEnabled", "false"): Verify element property value successfully

2023-10-16 14:08:14 - [MESSAGE][PASSED] - Verify element property value successfully

2023-10-16 14:08:14 - [TEST_STEP][PASSED] - verifyElementPropertyValue(getResponse, "offers[9].groups[0].pricingPlans[0].pricingPlanData[0].showIn[0]", "VERTICAL_MODE"): Verify element property value successfully

2023-10-16 14:08:14 - [MESSAGE][PASSED] - Verify element property value successfully

2023-10-16 14:08:14 - [TEST_STEP][PASSED] - verifyElementPropertyValue(getResponse, "offers[9].groups[0].pricingPlans[0].pricingPlanData[0].showIn[1]", "HORIZONTAL_MODE"): Verify element property value successfully

2023-10-16 14:08:14 - [MESSAGE][PASSED] - Verify element property value successfully

2023-10-16 14:08:14 - [TEST_STEP][PASSED] - verifyElementPropertyValue(getResponse, "offers[9].groups[0].pricingPlans[0].pricingPlanData[0].priceLabel", "1.79"): Verify element property value successfully

2023-10-16 14:08:14 - [MESSAGE][PASSED] - Verify element property value successfully

2023-10-16 14:08:14 - [TEST_STEP][PASSED] - verifyElementPropertyValue(getResponse, "offers[9].groups[0].pricingPlans[0].pricingPlanData[0].currencyLabel", "JOD"): Verify element property value successfully

2023-10-16 14:08:14 - [MESSAGE][PASSED] - Verify element property value successfully

2023-10-16 14:08:14 - [TEST_STEP][PASSED] - verifyElementPropertyValue(getResponse, "offers[9].groups[0].pricingPlans[0].pricingPlanData[0].dealId", "BYG_40P_JOR"): Verify element property value successfully

2023-10-16 14:08:14 - [MESSAGE][PASSED] - Verify element property value successfully

2023-10-16 14:08:14 - [TEST_STEP][PASSED] - verifyElementPropertyValue(getResponse, "offers[9].groups[0].pricingPlans[0].pricingPlanData[0].allowedForAcquisition", "true"): Verify element property value successfully

2023-10-16 14:08:14 - [MESSAGE][PASSED] - Verify element property value successfully

2023-10-16 14:08:14 - [TEST_STEP][PASSED] - verifyElementPropertyValue(getResponse, "offers[9].groups[0].pricingPlans[0].pricingPlanData[0].visualElements[0].key", "title"): Verify element property value successfully

2023-10-16 14:08:14 - [MESSAGE][PASSED] - Verify element property value successfully

2023-10-16 14:08:14 - [TEST_STEP][PASSED] - verifyElementPropertyValue(getResponse, "offers[9].groups[0].pricingPlans[0].pricingPlanData[0].visualElements[0].value", "Carte de crédit/débit"): Verify element property value successfully

2023-10-16 14:08:14 - [MESSAGE][PASSED] - Verify element property value successfully

2023-10-16 14:08:14 - [TEST_STEP][PASSED] - verifyElementPropertyValue(getResponse, "offers[9].groups[0].pricingPlans[0].pricingPlanData[0].visualElements[1].key", "CTA_text"): Verify element property value successfully

2023-10-16 14:08:14 - [MESSAGE][PASSED] - Verify element property value successfully

2023-10-16 14:08:14 - [TEST_STEP][PASSED] - verifyElementPropertyValue(getResponse, "offers[9].groups[0].pricingPlans[0].pricingPlanData[0].visualElements[1].value", "S’abonner"): Verify element property value successfully

2023-10-16 14:08:14 - [MESSAGE][PASSED] - Verify element property value successfully

2023-10-16 14:08:14 - [TEST_STEP][PASSED] - verifyElementPropertyValue(getResponse, "offers[9].groups[0].pricingPlans[0].pricingPlanData[0].visualElements[2].key", "logo"): Verify element property value successfully

2023-10-16 14:08:14 - [MESSAGE][PASSED] - Verify element property value successfully

2023-10-16 14:08:14 - [TEST_STEP][PASSED] - verifyElementPropertyValue(getResponse, "offers[9].groups[0].pricingPlans[0].pricingPlanData[0].visualElements[2].value", "https://static.s3.shahid.mbc.net/widget-images/icons/iconCreditCard.png"): Verify element property value successfully

2023-10-16 14:08:14 - [MESSAGE][PASSED] - Verify element property value successfully

2023-10-16 14:08:14 - [TEST_STEP][PASSED] - verifyElementPropertyValue(getResponse, "offers[10].offerId", "byg-50-offer"): Verify element property value successfully

2023-10-16 14:08:14 - [MESSAGE][PASSED] - Verify element property value successfully

2023-10-16 14:08:14 - [TEST_STEP][PASSED] - verifyElementPropertyValue(getResponse, "offers[10].offerParam", "bygoffer50"): Verify element property value successfully

2023-10-16 14:08:14 - [MESSAGE][PASSED] - Verify element property value successfully

2023-10-16 14:08:14 - [TEST_STEP][PASSED] - verifyElementPropertyValue(getResponse, "offers[10].groups[0].pricingPlans[0].featured", "true"): Verify element property value successfully

2023-10-16 14:08:14 - [MESSAGE][PASSED] - Verify element property value successfully

2023-10-16 14:08:14 - [TEST_STEP][PASSED] - verifyElementPropertyValue(getResponse, "offers[10].groups[0].pricingPlans[0].period", "monthly"): Verify element property value successfully

2023-10-16 14:08:14 - [MESSAGE][PASSED] - Verify element property value successfully

2023-10-16 14:08:14 - [TEST_STEP][PASSED] - verifyElementPropertyValue(getResponse, "offers[10].groups[0].pricingPlans[0].featured", "true"): Verify element property value successfully

2023-10-16 14:08:14 - [MESSAGE][PASSED] - Verify element property value successfully

2023-10-16 14:08:14 - [TEST_STEP][PASSED] - verifyElementPropertyValue(getResponse, "offers[10].groups[0].pricingPlans[0].price", "1.49"): Verify element property value successfully

2023-10-16 14:08:14 - [MESSAGE][PASSED] - Verify element property value successfully

2023-10-16 14:08:14 - [TEST_STEP][PASSED] - verifyElementPropertyValue(getResponse, "offers[10].groups[0].pricingPlans[0].currency", "JOD"): Verify element property value successfully

2023-10-16 14:08:14 - [MESSAGE][PASSED] - Verify element property value successfully

2023-10-16 14:08:14 - [TEST_STEP][PASSED] - verifyElementPropertyValue(getResponse, "offers[10].groups[0].pricingPlans[0].order", "0"): Verify element property value successfully

2023-10-16 14:08:14 - [MESSAGE][PASSED] - Verify element property value successfully

2023-10-16 14:08:14 - [TEST_STEP][PASSED] - verifyElementPropertyValue(getResponse, "offers[10].groups[0].pricingPlans[0].packageId", "SHAHID_VIP"): Verify element property value successfully

2023-10-16 14:08:14 - [MESSAGE][PASSED] - Verify element property value successfully

2023-10-16 14:08:14 - [TEST_STEP][PASSED] - verifyElementPropertyValue(getResponse, "offers[10].groups[0].pricingPlans[0].catalogId", "VIP"): Verify element property value successfully

2023-10-16 14:08:14 - [MESSAGE][PASSED] - Verify element property value successfully

2023-10-16 14:08:14 - [TEST_STEP][PASSED] - verifyElementPropertyValue(getResponse, "offers[10].groups[0].pricingPlans[0].visualElements[0].key", "Header_1_text"): Verify element property value successfully

2023-10-16 14:08:14 - [MESSAGE][PASSED] - Verify element property value successfully

2023-10-16 14:08:14 - [TEST_STEP][PASSED] - verifyElementPropertyValue(getResponse, "offers[10].groups[0].pricingPlans[0].visualElements[0].value", "Abonnez-vous dès maintenant et profitez de vos programmes sans publicité"): Verify element property value successfully

2023-10-16 14:08:15 - [MESSAGE][PASSED] - Verify element property value successfully

2023-10-16 14:08:15 - [TEST_STEP][PASSED] - verifyElementPropertyValue(getResponse, "offers[10].groups[0].pricingPlans[0].visualElements[1].key", "display_title"): Verify element property value successfully

2023-10-16 14:08:15 - [MESSAGE][PASSED] - Verify element property value successfully

2023-10-16 14:08:15 - [TEST_STEP][PASSED] - verifyElementPropertyValue(getResponse, "offers[10].groups[0].pricingPlans[0].visualElements[1].value", "50% de réduction"): Verify element property value successfully

2023-10-16 14:08:15 - [MESSAGE][PASSED] - Verify element property value successfully

2023-10-16 14:08:15 - [TEST_STEP][PASSED] - verifyElementPropertyValue(getResponse, "offers[10].groups[0].pricingPlans[0].visualElements[3].key", "deduction_text"): Verify element property value successfully

2023-10-16 14:08:15 - [MESSAGE][PASSED] - Verify element property value successfully

2023-10-16 14:08:15 - [TEST_STEP][PASSED] - verifyElementPropertyValue(getResponse, "offers[10].groups[0].pricingPlans[0].visualElements[3].value", "facturation mensuelle"): Verify element property value successfully

2023-10-16 14:08:15 - [MESSAGE][PASSED] - Verify element property value successfully

2023-10-16 14:08:15 - [TEST_STEP][PASSED] - verifyElementPropertyValue(getResponse, "offers[10].groups[0].pricingPlans[0].visualElements[6].key", "show_payment_logo"): Verify element property value successfully

2023-10-16 14:08:15 - [MESSAGE][PASSED] - Verify element property value successfully

2023-10-16 14:08:15 - [TEST_STEP][PASSED] - verifyElementPropertyValue(getResponse, "offers[10].groups[0].pricingPlans[0].visualElements[6].value", "true"): Verify element property value successfully

2023-10-16 14:08:15 - [MESSAGE][PASSED] - Verify element property value successfully

2023-10-16 14:08:15 - [TEST_STEP][PASSED] - verifyElementPropertyValue(getResponse, "offers[10].groups[0].pricingPlans[0].visualElements[8].key", "price"): Verify element property value successfully

2023-10-16 14:08:15 - [MESSAGE][PASSED] - Verify element property value successfully

2023-10-16 14:08:15 - [TEST_STEP][PASSED] - verifyElementPropertyValue(getResponse, "offers[10].groups[0].pricingPlans[0].visualElements[8].value", "1.49"): Verify element property value successfully

2023-10-16 14:08:15 - [MESSAGE][PASSED] - Verify element property value successfully

2023-10-16 14:08:15 - [TEST_STEP][PASSED] - verifyElementPropertyValue(getResponse, "offers[10].groups[0].pricingPlans[0].visualElements[9].key", "currency"): Verify element property value successfully

2023-10-16 14:08:15 - [MESSAGE][PASSED] - Verify element property value successfully

2023-10-16 14:08:15 - [TEST_STEP][PASSED] - verifyElementPropertyValue(getResponse, "offers[10].groups[0].pricingPlans[0].visualElements[9].value", "JOD"): Verify element property value successfully

2023-10-16 14:08:15 - [MESSAGE][PASSED] - Verify element property value successfully

2023-10-16 14:08:15 - [TEST_STEP][PASSED] - verifyElementPropertyValue(getResponse, "offers[10].groups[0].pricingPlans[0].visualElements[10].key", "duration"): Verify element property value successfully

2023-10-16 14:08:15 - [MESSAGE][PASSED] - Verify element property value successfully

2023-10-16 14:08:15 - [TEST_STEP][PASSED] - verifyElementPropertyValue(getResponse, "offers[10].groups[0].pricingPlans[0].visualElements[10].value", "Mensuel"): Verify element property value successfully

2023-10-16 14:08:15 - [MESSAGE][PASSED] - Verify element property value successfully

2023-10-16 14:08:15 - [TEST_STEP][PASSED] - verifyElementPropertyValue(getResponse, "offers[10].groups[0].pricingPlans[0].visualElements[11].key", "featured_tag_text"): Verify element property value successfully

2023-10-16 14:08:15 - [MESSAGE][PASSED] - Verify element property value successfully

2023-10-16 14:08:15 - [TEST_STEP][PASSED] - verifyElementPropertyValue(getResponse, "offers[10].groups[0].pricingPlans[0].visualElements[11].value", "Offre limitée"): Verify element property value successfully

2023-10-16 14:08:15 - [MESSAGE][PASSED] - Verify element property value successfully

2023-10-16 14:08:15 - [TEST_STEP][PASSED] - verifyElementPropertyValue(getResponse, "offers[10].groups[0].pricingPlans[0].visualElements[13].key", "tag_text"): Verify element property value successfully

2023-10-16 14:08:15 - [MESSAGE][PASSED] - Verify element property value successfully

2023-10-16 14:08:15 - [TEST_STEP][PASSED] - verifyElementPropertyValue(getResponse, "offers[10].groups[0].pricingPlans[0].visualElements[13].value", "Économisez 50% "): Verify element property value successfully

2023-10-16 14:08:15 - [MESSAGE][PASSED] - Verify element property value successfully

2023-10-16 14:08:15 - [TEST_STEP][PASSED] - verifyElementPropertyValue(getResponse, "offers[10].groups[0].pricingPlans[0].visualElements[12].key", "show_tag"): Verify element property value successfully

2023-10-16 14:08:15 - [MESSAGE][PASSED] - Verify element property value successfully

2023-10-16 14:08:15 - [TEST_STEP][PASSED] - verifyElementPropertyValue(getResponse, "offers[10].groups[0].pricingPlans[0].visualElements[12].value", "true"): Verify element property value successfully

2023-10-16 14:08:15 - [MESSAGE][PASSED] - Verify element property value successfully

2023-10-16 14:08:15 - [TEST_STEP][PASSED] - verifyElementPropertyValue(getResponse, "offers[10].groups[0].pricingPlans[0].pricingPlanData[0].productId", "JOR_B2C_SHAHID_VIP_1M"): Verify element property value successfully

2023-10-16 14:08:15 - [MESSAGE][PASSED] - Verify element property value successfully

2023-10-16 14:08:15 - [TEST_STEP][PASSED] - verifyElementPropertyValue(getResponse, "offers[10].groups[0].pricingPlans[0].pricingPlanData[0].paymentMethod", "CREDIT_CARD"): Verify element property value successfully

2023-10-16 14:08:15 - [MESSAGE][PASSED] - Verify element property value successfully

2023-10-16 14:08:15 - [TEST_STEP][PASSED] - verifyElementPropertyValue(getResponse, "offers[10].groups[0].pricingPlans[0].pricingPlanData[0].freeTrialEnabled", "false"): Verify element property value successfully

2023-10-16 14:08:15 - [MESSAGE][PASSED] - Verify element property value successfully

2023-10-16 14:08:15 - [TEST_STEP][PASSED] - verifyElementPropertyValue(getResponse, "offers[10].groups[0].pricingPlans[0].pricingPlanData[0].showIn[0]", "VERTICAL_MODE"): Verify element property value successfully

2023-10-16 14:08:15 - [MESSAGE][PASSED] - Verify element property value successfully

2023-10-16 14:08:15 - [TEST_STEP][PASSED] - verifyElementPropertyValue(getResponse, "offers[10].groups[0].pricingPlans[0].pricingPlanData[0].showIn[1]", "HORIZONTAL_MODE"): Verify element property value successfully

2023-10-16 14:08:15 - [MESSAGE][PASSED] - Verify element property value successfully

2023-10-16 14:08:15 - [TEST_STEP][PASSED] - verifyElementPropertyValue(getResponse, "offers[10].groups[0].pricingPlans[0].pricingPlanData[0].priceLabel", "1.49"): Verify element property value successfully

2023-10-16 14:08:15 - [MESSAGE][PASSED] - Verify element property value successfully

2023-10-16 14:08:15 - [TEST_STEP][PASSED] - verifyElementPropertyValue(getResponse, "offers[10].groups[0].pricingPlans[0].pricingPlanData[0].currencyLabel", "JOD"): Verify element property value successfully

2023-10-16 14:08:15 - [MESSAGE][PASSED] - Verify element property value successfully

2023-10-16 14:08:15 - [TEST_STEP][PASSED] - verifyElementPropertyValue(getResponse, "offers[10].groups[0].pricingPlans[0].pricingPlanData[0].dealId", "BYG_50P_JOR"): Verify element property value successfully

2023-10-16 14:08:15 - [MESSAGE][PASSED] - Verify element property value successfully

2023-10-16 14:08:15 - [TEST_STEP][PASSED] - verifyElementPropertyValue(getResponse, "offers[10].groups[0].pricingPlans[0].pricingPlanData[0].allowedForAcquisition", "true"): Verify element property value successfully

2023-10-16 14:08:15 - [MESSAGE][PASSED] - Verify element property value successfully

2023-10-16 14:08:15 - [TEST_STEP][PASSED] - verifyElementPropertyValue(getResponse, "offers[10].groups[0].pricingPlans[0].pricingPlanData[0].visualElements[0].key", "title"): Verify element property value successfully

2023-10-16 14:08:15 - [MESSAGE][PASSED] - Verify element property value successfully

2023-10-16 14:08:15 - [TEST_STEP][PASSED] - verifyElementPropertyValue(getResponse, "offers[10].groups[0].pricingPlans[0].pricingPlanData[0].visualElements[0].value", "Carte de crédit/débit"): Verify element property value successfully

2023-10-16 14:08:15 - [MESSAGE][PASSED] - Verify element property value successfully

2023-10-16 14:08:15 - [TEST_STEP][PASSED] - verifyElementPropertyValue(getResponse, "offers[10].groups[0].pricingPlans[0].pricingPlanData[0].visualElements[1].key", "CTA_text"): Verify element property value successfully

2023-10-16 14:08:15 - [MESSAGE][PASSED] - Verify element property value successfully

2023-10-16 14:08:15 - [TEST_STEP][PASSED] - verifyElementPropertyValue(getResponse, "offers[10].groups[0].pricingPlans[0].pricingPlanData[0].visualElements[1].value", "S’abonner"): Verify element property value successfully

2023-10-16 14:08:15 - [MESSAGE][PASSED] - Verify element property value successfully

2023-10-16 14:08:15 - [TEST_STEP][PASSED] - verifyElementPropertyValue(getResponse, "offers[10].groups[0].pricingPlans[0].pricingPlanData[0].visualElements[2].key", "logo"): Verify element property value successfully

2023-10-16 14:08:15 - [MESSAGE][PASSED] - Verify element property value successfully

2023-10-16 14:08:15 - [TEST_STEP][PASSED] - verifyElementPropertyValue(getResponse, "offers[10].groups[0].pricingPlans[0].pricingPlanData[0].visualElements[2].value", "https://static.s3.shahid.mbc.net/widget-images/icons/iconCreditCard.png"): Verify element property value successfully

2023-10-16 14:08:15 - [MESSAGE][PASSED] - Verify element property value successfully]]></system-out>
         <system-err><![CDATA[]]></system-err>
      </testcase>
      <system-out><![CDATA[2023-10-16 14:07:40 - [TEST_SUITE][FAILED] - JOR: Test Cases/WEB - CHROME/JOR PI/WEB_EN_getSubscriptionConfigForJOR_VIP FAILED.
Reason:
com.kms.katalon.core.exception.StepFailedException: Expected element property value 'Other Payment Methods' is not equal with actual property value 'Other payment methods'
	at com.kms.katalon.core.keyword.internal.KeywordMain.stepFailed(KeywordMain.groovy:39)
	at com.kms.katalon.core.webservice.keyword.builtin.VerifyElementPropertyValueKeyword$_verifyElementPropertyValue_closure1.doCall(VerifyElementPropertyValueKeyword.groovy:56)
	at com.kms.katalon.core.webservice.keyword.builtin.VerifyElementPropertyValueKeyword$_verifyElementPropertyValue_closure1.call(VerifyElementPropertyValueKeyword.groovy)
	at com.kms.katalon.core.keyword.internal.KeywordMain.runKeyword(KeywordMain.groovy:75)
	at com.kms.katalon.core.webservice.keyword.builtin.VerifyElementPropertyValueKeyword.verifyElementPropertyValue(VerifyElementPropertyValueKeyword.groovy:48)
	at com.kms.katalon.core.webservice.keyword.builtin.VerifyElementPropertyValueKeyword.execute(VerifyElementPropertyValueKeyword.groovy:43)
	at com.kms.katalon.core.keyword.internal.KeywordExecutor.executeKeywordForPlatform(KeywordExecutor.groovy:74)
	at com.kms.katalon.core.webservice.keyword.WSBuiltInKeywords.verifyElementPropertyValue(WSBuiltInKeywords.groovy:190)
	at com.kms.katalon.core.webservice.keyword.WSBuiltInKeywords$verifyElementPropertyValue$1.call(Unknown Source)
	at WEB_EN_getSubscriptionConfigForJOR_VIP.run(WEB_EN_getSubscriptionConfigForJOR_VIP:257)
	at com.kms.katalon.core.main.ScriptEngine.run(ScriptEngine.java:194)
	at com.kms.katalon.core.main.ScriptEngine.runScriptAsRawText(ScriptEngine.java:119)
	at com.kms.katalon.core.main.TestCaseExecutor.runScript(TestCaseExecutor.java:448)
	at com.kms.katalon.core.main.TestCaseExecutor.doExecute(TestCaseExecutor.java:439)
	at com.kms.katalon.core.main.TestCaseExecutor.processExecutionPhase(TestCaseExecutor.java:418)
	at com.kms.katalon.core.main.TestCaseExecutor.accessMainPhase(TestCaseExecutor.java:410)
	at com.kms.katalon.core.main.TestCaseExecutor.execute(TestCaseExecutor.java:285)
	at com.kms.katalon.core.common.CommonExecutor.accessTestCaseMainPhase(CommonExecutor.java:65)
	at com.kms.katalon.core.main.TestSuiteExecutor.accessTestSuiteMainPhase(TestSuiteExecutor.java:148)
	at com.kms.katalon.core.main.TestSuiteExecutor.execute(TestSuiteExecutor.java:106)
	at com.kms.katalon.core.main.TestCaseMain.startTestSuite(TestCaseMain.java:187)
	at com.kms.katalon.core.main.TestCaseMain$startTestSuite$0.call(Unknown Source)
	at TempTestSuite1697454195634.run(TempTestSuite1697454195634.groovy:36)]]></system-out>
      <system-err><![CDATA[2023-10-16 14:07:40 - [TEST_SUITE][FAILED] - JOR: Test Cases/WEB - CHROME/JOR PI/WEB_EN_getSubscriptionConfigForJOR_VIP FAILED.
Reason:
com.kms.katalon.core.exception.StepFailedException: Expected element property value 'Other Payment Methods' is not equal with actual property value 'Other payment methods'
	at com.kms.katalon.core.keyword.internal.KeywordMain.stepFailed(KeywordMain.groovy:39)
	at com.kms.katalon.core.webservice.keyword.builtin.VerifyElementPropertyValueKeyword$_verifyElementPropertyValue_closure1.doCall(VerifyElementPropertyValueKeyword.groovy:56)
	at com.kms.katalon.core.webservice.keyword.builtin.VerifyElementPropertyValueKeyword$_verifyElementPropertyValue_closure1.call(VerifyElementPropertyValueKeyword.groovy)
	at com.kms.katalon.core.keyword.internal.KeywordMain.runKeyword(KeywordMain.groovy:75)
	at com.kms.katalon.core.webservice.keyword.builtin.VerifyElementPropertyValueKeyword.verifyElementPropertyValue(VerifyElementPropertyValueKeyword.groovy:48)
	at com.kms.katalon.core.webservice.keyword.builtin.VerifyElementPropertyValueKeyword.execute(VerifyElementPropertyValueKeyword.groovy:43)
	at com.kms.katalon.core.keyword.internal.KeywordExecutor.executeKeywordForPlatform(KeywordExecutor.groovy:74)
	at com.kms.katalon.core.webservice.keyword.WSBuiltInKeywords.verifyElementPropertyValue(WSBuiltInKeywords.groovy:190)
	at com.kms.katalon.core.webservice.keyword.WSBuiltInKeywords$verifyElementPropertyValue$1.call(Unknown Source)
	at WEB_EN_getSubscriptionConfigForJOR_VIP.run(WEB_EN_getSubscriptionConfigForJOR_VIP:257)
	at com.kms.katalon.core.main.ScriptEngine.run(ScriptEngine.java:194)
	at com.kms.katalon.core.main.ScriptEngine.runScriptAsRawText(ScriptEngine.java:119)
	at com.kms.katalon.core.main.TestCaseExecutor.runScript(TestCaseExecutor.java:448)
	at com.kms.katalon.core.main.TestCaseExecutor.doExecute(TestCaseExecutor.java:439)
	at com.kms.katalon.core.main.TestCaseExecutor.processExecutionPhase(TestCaseExecutor.java:418)
	at com.kms.katalon.core.main.TestCaseExecutor.accessMainPhase(TestCaseExecutor.java:410)
	at com.kms.katalon.core.main.TestCaseExecutor.execute(TestCaseExecutor.java:285)
	at com.kms.katalon.core.common.CommonExecutor.accessTestCaseMainPhase(CommonExecutor.java:65)
	at com.kms.katalon.core.main.TestSuiteExecutor.accessTestSuiteMainPhase(TestSuiteExecutor.java:148)
	at com.kms.katalon.core.main.TestSuiteExecutor.execute(TestSuiteExecutor.java:106)
	at com.kms.katalon.core.main.TestCaseMain.startTestSuite(TestCaseMain.java:187)
	at com.kms.katalon.core.main.TestCaseMain$startTestSuite$0.call(Unknown Source)
	at TempTestSuite1697454195634.run(TempTestSuite1697454195634.groovy:36)]]></system-err>
   </testsuite>
</testsuites>
