<?xml version="1.0" encoding="UTF-8"?>
<testsuites name="OMN PI" time="20.231" tests="6" failures="4" errors="0">
   <testsuite name="OMN PI" tests="6" failures="4" errors="0" time="20.231" skipped="0" timestamp="2023-10-18 16:22:14" hostname="admin - 172.20.10.6" id="Test Suites/Android/OMN PI">
      <properties>
         <property name="deviceName" value=""/>
         <property name="devicePlatform" value=""/>
         <property name="logFolder" value="/Users/admin/git/shahid-configuration/Reports/20231018_161841/Android/OMN PI/20231018_161846"/>
         <property name="logFiles" value="/Users/admin/git/shahid-configuration/Reports/20231018_161841/Android/OMN PI/20231018_161846/execution0.log"/>
         <property name="attachments" value=""/>
         <property name="hostName" value="admin - 172.20.10.6"/>
         <property name="hostAddress" value="172.20.10.6"/>
         <property name="os" value="Mac OS X 64bit"/>
         <property name="katalonVersion" value="8.6.6.208"/>
      </properties>
      <testcase name="Test Cases/ANDROID/OMN PI/ANDROID_AR_getSubscriptionConfigForOMN_GEA" time="3.694" classname="Test Cases/ANDROID/OMN PI/ANDROID_AR_getSubscriptionConfigForOMN_GEA" status="PASSED">
         <system-out><![CDATA[2023-10-18 16:22:14 - [TEST_CASE][PASSED] - Test Cases/ANDROID/OMN PI/ANDROID_AR_getSubscriptionConfigForOMN_GEA: Test Cases/ANDROID/OMN PI/ANDROID_AR_getSubscriptionConfigForOMN_GEA

2023-10-18 16:22:14 - [TEST_STEP][PASSED] - getResponse = config_files.getConfigFile.getConfig("ANDROID_APP", "AR", "SHAHID_VIP_GEA", "OM", "false"): config_files.getConfigFile.getConfig is PASSED

2023-10-18 16:22:16 - [MESSAGE][INFO] - HAR: /Users/admin/git/shahid-configuration/Reports/20231018_161841/Android/OMN PI/20231018_161846/requests/main/0.har

2023-10-18 16:22:17 - [MESSAGE][PASSED] - Send request successfully

2023-10-18 16:22:17 - [MESSAGE][PASSED] - config_files.getConfigFile.getConfig is PASSED

2023-10-18 16:22:17 - [TEST_STEP][PASSED] - verifyResponseStatusCode(getResponse, 200): Verify response status code successfully

2023-10-18 16:22:17 - [MESSAGE][PASSED] - Verify response status code successfully

2023-10-18 16:22:17 - [TEST_STEP][PASSED] - verifyElementPropertyValue(getResponse, "country", "OMN"): Verify element property value successfully

2023-10-18 16:22:17 - [MESSAGE][PASSED] - Verify element property value successfully

2023-10-18 16:22:17 - [TEST_STEP][PASSED] - verifyElementPropertyValue(getResponse, "platform", "[ANDROID_APP]"): Verify element property value successfully

2023-10-18 16:22:17 - [MESSAGE][PASSED] - Verify element property value successfully

2023-10-18 16:22:17 - [TEST_STEP][PASSED] - verifyElementPropertyValue(getResponse, "groups[0].pricingPlans[0].featured", "true"): Verify element property value successfully

2023-10-18 16:22:17 - [MESSAGE][PASSED] - Verify element property value successfully

2023-10-18 16:22:17 - [TEST_STEP][PASSED] - verifyElementPropertyValue(getResponse, "groups[0].pricingPlans[0].packageId", "SHAHID_VIP_GEA"): Verify element property value successfully

2023-10-18 16:22:17 - [MESSAGE][PASSED] - Verify element property value successfully

2023-10-18 16:22:17 - [TEST_STEP][PASSED] - verifyElementPropertyValue(getResponse, "groups[0].pricingPlans[0].catalogId", "GEA"): Verify element property value successfully

2023-10-18 16:22:17 - [MESSAGE][PASSED] - Verify element property value successfully

2023-10-18 16:22:17 - [TEST_STEP][PASSED] - verifyElementPropertyValue(getResponse, "groups[0].pricingPlans[0].visualElements[0].key", "Header_1_text"): Verify element property value successfully

2023-10-18 16:22:17 - [MESSAGE][PASSED] - Verify element property value successfully

2023-10-18 16:22:17 - [TEST_STEP][PASSED] - verifyElementPropertyValue(getResponse, "groups[0].pricingPlans[0].visualElements[0].value", "شاهد أقوى المسلسلات و الأفلام حصرياً دون توقف"): Verify element property value successfully

2023-10-18 16:22:17 - [MESSAGE][PASSED] - Verify element property value successfully

2023-10-18 16:22:17 - [TEST_STEP][PASSED] - verifyElementPropertyValue(getResponse, "groups[0].pricingPlans[0].visualElements[1].key", "display_title"): Verify element property value successfully

2023-10-18 16:22:17 - [MESSAGE][PASSED] - Verify element property value successfully

2023-10-18 16:22:17 - [TEST_STEP][PASSED] - verifyElementPropertyValue(getResponse, "groups[0].pricingPlans[0].visualElements[1].value", "الاشتراك الشهري "): Verify element property value successfully

2023-10-18 16:22:17 - [MESSAGE][PASSED] - Verify element property value successfully

2023-10-18 16:22:17 - [TEST_STEP][PASSED] - verifyElementPropertyValue(getResponse, "groups[0].pricingPlans[0].visualElements[3].key", "promo_text"): Verify element property value successfully

2023-10-18 16:22:17 - [MESSAGE][PASSED] - Verify element property value successfully

2023-10-18 16:22:17 - [TEST_STEP][PASSED] - verifyElementPropertyValue(getResponse, "groups[0].pricingPlans[0].visualElements[3].value", "4.99 OMR / شهرياً"): Verify element property value successfully

2023-10-18 16:22:17 - [MESSAGE][PASSED] - Verify element property value successfully

2023-10-18 16:22:17 - [TEST_STEP][PASSED] - verifyElementPropertyValue(getResponse, "groups[0].pricingPlans[0].visualElements[4].key", "deduction_text"): Verify element property value successfully

2023-10-18 16:22:17 - [MESSAGE][PASSED] - Verify element property value successfully

2023-10-18 16:22:17 - [TEST_STEP][PASSED] - verifyElementPropertyValue(getResponse, "groups[0].pricingPlans[0].visualElements[4].value", "تدفع شهرياً"): Verify element property value successfully

2023-10-18 16:22:17 - [MESSAGE][PASSED] - Verify element property value successfully

2023-10-18 16:22:17 - [TEST_STEP][PASSED] - verifyElementPropertyValue(getResponse, "groups[0].pricingPlans[0].visualElements[7].key", "show_payment_logo"): Verify element property value successfully

2023-10-18 16:22:17 - [MESSAGE][PASSED] - Verify element property value successfully

2023-10-18 16:22:17 - [TEST_STEP][PASSED] - verifyElementPropertyValue(getResponse, "groups[0].pricingPlans[0].visualElements[7].value", "true"): Verify element property value successfully

2023-10-18 16:22:17 - [MESSAGE][PASSED] - Verify element property value successfully

2023-10-18 16:22:17 - [TEST_STEP][PASSED] - verifyElementPropertyValue(getResponse, "groups[0].pricingPlans[0].visualElements[8].key", "show_tag"): Verify element property value successfully

2023-10-18 16:22:17 - [MESSAGE][PASSED] - Verify element property value successfully

2023-10-18 16:22:17 - [TEST_STEP][PASSED] - verifyElementPropertyValue(getResponse, "groups[0].pricingPlans[0].visualElements[8].value", "false"): Verify element property value successfully

2023-10-18 16:22:17 - [MESSAGE][PASSED] - Verify element property value successfully

2023-10-18 16:22:17 - [TEST_STEP][PASSED] - verifyElementPropertyValue(getResponse, "groups[0].pricingPlans[0].visualElements[10].key", "price"): Verify element property value successfully

2023-10-18 16:22:17 - [MESSAGE][PASSED] - Verify element property value successfully

2023-10-18 16:22:17 - [TEST_STEP][PASSED] - verifyElementPropertyValue(getResponse, "groups[0].pricingPlans[0].visualElements[10].value", "4.99"): Verify element property value successfully

2023-10-18 16:22:17 - [MESSAGE][PASSED] - Verify element property value successfully

2023-10-18 16:22:17 - [TEST_STEP][PASSED] - verifyElementPropertyValue(getResponse, "groups[0].pricingPlans[0].visualElements[11].key", "currency"): Verify element property value successfully

2023-10-18 16:22:17 - [MESSAGE][PASSED] - Verify element property value successfully

2023-10-18 16:22:17 - [TEST_STEP][PASSED] - verifyElementPropertyValue(getResponse, "groups[0].pricingPlans[0].visualElements[11].value", "OMR"): Verify element property value successfully

2023-10-18 16:22:17 - [MESSAGE][PASSED] - Verify element property value successfully

2023-10-18 16:22:17 - [TEST_STEP][PASSED] - verifyElementPropertyValue(getResponse, "groups[0].pricingPlans[0].visualElements[12].key", "duration"): Verify element property value successfully

2023-10-18 16:22:17 - [MESSAGE][PASSED] - Verify element property value successfully

2023-10-18 16:22:17 - [TEST_STEP][PASSED] - verifyElementPropertyValue(getResponse, "groups[0].pricingPlans[0].visualElements[12].value", "شهرياً"): Verify element property value successfully

2023-10-18 16:22:17 - [MESSAGE][PASSED] - Verify element property value successfully

2023-10-18 16:22:17 - [TEST_STEP][PASSED] - verifyElementPropertyValue(getResponse, "groups[0].pricingPlans[0].visualElements[13].key", "featured_tag_text"): Verify element property value successfully

2023-10-18 16:22:17 - [MESSAGE][PASSED] - Verify element property value successfully

2023-10-18 16:22:17 - [TEST_STEP][PASSED] - verifyElementPropertyValue(getResponse, "groups[0].pricingPlans[0].visualElements[13].value", " الأكثر مبيعاً"): Verify element property value successfully

2023-10-18 16:22:17 - [MESSAGE][PASSED] - Verify element property value successfully

2023-10-18 16:22:17 - [TEST_STEP][PASSED] - verifyElementPropertyValue(getResponse, "groups[0].pricingPlans[0].order", "6"): Verify element property value successfully

2023-10-18 16:22:17 - [MESSAGE][PASSED] - Verify element property value successfully

2023-10-18 16:22:17 - [TEST_STEP][PASSED] - verifyElementPropertyValue(getResponse, "groups[0].pricingPlans[0].period", "monthly"): Verify element property value successfully

2023-10-18 16:22:17 - [MESSAGE][PASSED] - Verify element property value successfully

2023-10-18 16:22:17 - [TEST_STEP][PASSED] - verifyElementPropertyValue(getResponse, "groups[0].pricingPlans[0].price", "4.99"): Verify element property value successfully

2023-10-18 16:22:17 - [MESSAGE][PASSED] - Verify element property value successfully

2023-10-18 16:22:17 - [TEST_STEP][PASSED] - verifyElementPropertyValue(getResponse, "groups[0].pricingPlans[0].currency", "OMR"): Verify element property value successfully

2023-10-18 16:22:17 - [MESSAGE][PASSED] - Verify element property value successfully

2023-10-18 16:22:17 - [TEST_STEP][PASSED] - verifyElementPropertyValue(getResponse, "groups[0].pricingPlans[0].pricingPlanData[0].productId", "OMN_B2C_SHAHID_VIP_GEA_1M"): Verify element property value successfully

2023-10-18 16:22:17 - [MESSAGE][PASSED] - Verify element property value successfully

2023-10-18 16:22:17 - [TEST_STEP][PASSED] - verifyElementPropertyValue(getResponse, "groups[0].pricingPlans[0].pricingPlanData[0].subPricingPlanIds", "[net.shahid.monthly.gea]"): Verify element property value successfully

2023-10-18 16:22:17 - [MESSAGE][PASSED] - Verify element property value successfully

2023-10-18 16:22:17 - [TEST_STEP][PASSED] - verifyElementPropertyValue(getResponse, "groups[0].pricingPlans[0].pricingPlanData[0].paymentMethod", "GOOGLE_IAP"): Verify element property value successfully

2023-10-18 16:22:17 - [MESSAGE][PASSED] - Verify element property value successfully

2023-10-18 16:22:17 - [TEST_STEP][PASSED] - verifyElementPropertyValue(getResponse, "groups[0].pricingPlans[0].pricingPlanData[0].freeTrialEnabled", "false"): Verify element property value successfully

2023-10-18 16:22:17 - [MESSAGE][PASSED] - Verify element property value successfully

2023-10-18 16:22:17 - [TEST_STEP][PASSED] - verifyElementPropertyValue(getResponse, "groups[0].pricingPlans[0].pricingPlanData[0].visualElements[1].key", "CTA_text"): Verify element property value successfully

2023-10-18 16:22:17 - [MESSAGE][PASSED] - Verify element property value successfully

2023-10-18 16:22:17 - [TEST_STEP][PASSED] - verifyElementPropertyValue(getResponse, "groups[0].pricingPlans[0].pricingPlanData[0].visualElements[1].value", "اشترك"): Verify element property value successfully

2023-10-18 16:22:17 - [MESSAGE][PASSED] - Verify element property value successfully

2023-10-18 16:22:17 - [TEST_STEP][PASSED] - verifyElementPropertyValue(getResponse, "groups[0].pricingPlans[0].pricingPlanData[0].visualElements[2].key", "logo"): Verify element property value successfully

2023-10-18 16:22:17 - [MESSAGE][PASSED] - Verify element property value successfully

2023-10-18 16:22:17 - [TEST_STEP][PASSED] - verifyElementPropertyValue(getResponse, "groups[0].pricingPlans[0].pricingPlanData[0].visualElements[2].value", "google"): Verify element property value successfully

2023-10-18 16:22:17 - [MESSAGE][PASSED] - Verify element property value successfully

2023-10-18 16:22:17 - [TEST_STEP][PASSED] - verifyElementPropertyValue(getResponse, "groups[0].pricingPlans[0].pricingPlanData[0].priceLabel", "4.99"): Verify element property value successfully

2023-10-18 16:22:17 - [MESSAGE][PASSED] - Verify element property value successfully

2023-10-18 16:22:17 - [TEST_STEP][PASSED] - verifyElementPropertyValue(getResponse, "groups[0].pricingPlans[0].pricingPlanData[0].currencyLabel", "OMR"): Verify element property value successfully

2023-10-18 16:22:17 - [MESSAGE][PASSED] - Verify element property value successfully

2023-10-18 16:22:17 - [TEST_STEP][PASSED] - verifyElementPropertyValue(getResponse, "groups[0].pricingPlans[2].featured", "false"): Verify element property value successfully

2023-10-18 16:22:17 - [MESSAGE][PASSED] - Verify element property value successfully

2023-10-18 16:22:17 - [TEST_STEP][PASSED] - verifyElementPropertyValue(getResponse, "groups[0].pricingPlans[2].packageId", "SHAHID_VIP_GEA"): Verify element property value successfully

2023-10-18 16:22:17 - [MESSAGE][PASSED] - Verify element property value successfully

2023-10-18 16:22:17 - [TEST_STEP][PASSED] - verifyElementPropertyValue(getResponse, "groups[0].pricingPlans[2].catalogId", "GEA"): Verify element property value successfully

2023-10-18 16:22:17 - [MESSAGE][PASSED] - Verify element property value successfully

2023-10-18 16:22:17 - [TEST_STEP][PASSED] - verifyElementPropertyValue(getResponse, "groups[0].pricingPlans[2].visualElements[0].key", "Header_1_text"): Verify element property value successfully

2023-10-18 16:22:17 - [MESSAGE][PASSED] - Verify element property value successfully

2023-10-18 16:22:17 - [TEST_STEP][PASSED] - verifyElementPropertyValue(getResponse, "groups[0].pricingPlans[2].visualElements[0].value", "شاهد أقوى المسلسلات و الأفلام حصرياً دون توقف"): Verify element property value successfully

2023-10-18 16:22:17 - [MESSAGE][PASSED] - Verify element property value successfully

2023-10-18 16:22:17 - [TEST_STEP][PASSED] - verifyElementPropertyValue(getResponse, "groups[0].pricingPlans[2].visualElements[1].key", "display_title"): Verify element property value successfully

2023-10-18 16:22:17 - [MESSAGE][PASSED] - Verify element property value successfully

2023-10-18 16:22:17 - [TEST_STEP][PASSED] - verifyElementPropertyValue(getResponse, "groups[0].pricingPlans[2].visualElements[1].value", "الاشتراك السنوي"): Verify element property value successfully

2023-10-18 16:22:17 - [MESSAGE][PASSED] - Verify element property value successfully

2023-10-18 16:22:17 - [TEST_STEP][PASSED] - verifyElementPropertyValue(getResponse, "groups[0].pricingPlans[2].visualElements[2].key", "tag_text"): Verify element property value successfully

2023-10-18 16:22:17 - [MESSAGE][PASSED] - Verify element property value successfully

2023-10-18 16:22:17 - [TEST_STEP][PASSED] - verifyElementPropertyValue(getResponse, "groups[0].pricingPlans[2].visualElements[2].value", "وفر24%"): Verify element property value successfully

2023-10-18 16:22:17 - [MESSAGE][PASSED] - Verify element property value successfully

2023-10-18 16:22:17 - [TEST_STEP][PASSED] - verifyElementPropertyValue(getResponse, "groups[0].pricingPlans[2].visualElements[3].key", "promo_text"): Verify element property value successfully

2023-10-18 16:22:17 - [MESSAGE][PASSED] - Verify element property value successfully

2023-10-18 16:22:17 - [TEST_STEP][PASSED] - verifyElementPropertyValue(getResponse, "groups[0].pricingPlans[2].visualElements[3].value", "3.81 OMR / شهرياً"): Verify element property value successfully

2023-10-18 16:22:17 - [MESSAGE][PASSED] - Verify element property value successfully

2023-10-18 16:22:17 - [TEST_STEP][PASSED] - verifyElementPropertyValue(getResponse, "groups[0].pricingPlans[2].visualElements[4].key", "deduction_text"): Verify element property value successfully

2023-10-18 16:22:17 - [MESSAGE][PASSED] - Verify element property value successfully

2023-10-18 16:22:17 - [TEST_STEP][PASSED] - verifyElementPropertyValue(getResponse, "groups[0].pricingPlans[2].visualElements[4].value", " 45.79 OMR تدفع سنوياً"): Verify element property value successfully

2023-10-18 16:22:17 - [MESSAGE][PASSED] - Verify element property value successfully

2023-10-18 16:22:17 - [TEST_STEP][PASSED] - verifyElementPropertyValue(getResponse, "groups[0].pricingPlans[2].visualElements[7].key", "show_payment_logo"): Verify element property value successfully

2023-10-18 16:22:17 - [MESSAGE][PASSED] - Verify element property value successfully

2023-10-18 16:22:17 - [TEST_STEP][PASSED] - verifyElementPropertyValue(getResponse, "groups[0].pricingPlans[2].visualElements[7].value", "true"): Verify element property value successfully

2023-10-18 16:22:17 - [MESSAGE][PASSED] - Verify element property value successfully

2023-10-18 16:22:17 - [TEST_STEP][PASSED] - verifyElementPropertyValue(getResponse, "groups[0].pricingPlans[2].visualElements[8].key", "show_tag"): Verify element property value successfully

2023-10-18 16:22:17 - [MESSAGE][PASSED] - Verify element property value successfully

2023-10-18 16:22:17 - [TEST_STEP][PASSED] - verifyElementPropertyValue(getResponse, "groups[0].pricingPlans[2].visualElements[8].value", "true"): Verify element property value successfully

2023-10-18 16:22:17 - [MESSAGE][PASSED] - Verify element property value successfully

2023-10-18 16:22:17 - [TEST_STEP][PASSED] - verifyElementPropertyValue(getResponse, "groups[0].pricingPlans[2].visualElements[10].key", "price"): Verify element property value successfully

2023-10-18 16:22:17 - [MESSAGE][PASSED] - Verify element property value successfully

2023-10-18 16:22:17 - [TEST_STEP][PASSED] - verifyElementPropertyValue(getResponse, "groups[0].pricingPlans[2].visualElements[10].value", "45.79"): Verify element property value successfully

2023-10-18 16:22:17 - [MESSAGE][PASSED] - Verify element property value successfully

2023-10-18 16:22:17 - [TEST_STEP][PASSED] - verifyElementPropertyValue(getResponse, "groups[0].pricingPlans[2].visualElements[11].key", "currency"): Verify element property value successfully

2023-10-18 16:22:17 - [MESSAGE][PASSED] - Verify element property value successfully

2023-10-18 16:22:17 - [TEST_STEP][PASSED] - verifyElementPropertyValue(getResponse, "groups[0].pricingPlans[2].visualElements[11].value", "OMR"): Verify element property value successfully

2023-10-18 16:22:17 - [MESSAGE][PASSED] - Verify element property value successfully

2023-10-18 16:22:17 - [TEST_STEP][PASSED] - verifyElementPropertyValue(getResponse, "groups[0].pricingPlans[2].visualElements[12].key", "duration"): Verify element property value successfully

2023-10-18 16:22:17 - [MESSAGE][PASSED] - Verify element property value successfully

2023-10-18 16:22:17 - [TEST_STEP][PASSED] - verifyElementPropertyValue(getResponse, "groups[0].pricingPlans[2].visualElements[12].value", "سنوياً"): Verify element property value successfully

2023-10-18 16:22:17 - [MESSAGE][PASSED] - Verify element property value successfully

2023-10-18 16:22:17 - [TEST_STEP][PASSED] - verifyElementPropertyValue(getResponse, "groups[0].pricingPlans[2].order", "8"): Verify element property value successfully

2023-10-18 16:22:17 - [MESSAGE][PASSED] - Verify element property value successfully

2023-10-18 16:22:17 - [TEST_STEP][PASSED] - verifyElementPropertyValue(getResponse, "groups[0].pricingPlans[2].period", "yearly"): Verify element property value successfully

2023-10-18 16:22:17 - [MESSAGE][PASSED] - Verify element property value successfully

2023-10-18 16:22:17 - [TEST_STEP][PASSED] - verifyElementPropertyValue(getResponse, "groups[0].pricingPlans[2].price", "45.79"): Verify element property value successfully

2023-10-18 16:22:17 - [MESSAGE][PASSED] - Verify element property value successfully

2023-10-18 16:22:17 - [TEST_STEP][PASSED] - verifyElementPropertyValue(getResponse, "groups[0].pricingPlans[2].currency", "OMR"): Verify element property value successfully

2023-10-18 16:22:17 - [MESSAGE][PASSED] - Verify element property value successfully

2023-10-18 16:22:17 - [TEST_STEP][PASSED] - verifyElementPropertyValue(getResponse, "groups[0].pricingPlans[2].pricingPlanData[0].productId", "OMN_B2C_SHAHID_VIP_GEA_12M"): Verify element property value successfully

2023-10-18 16:22:17 - [MESSAGE][PASSED] - Verify element property value successfully

2023-10-18 16:22:17 - [TEST_STEP][PASSED] - verifyElementPropertyValue(getResponse, "groups[0].pricingPlans[2].pricingPlanData[0].subPricingPlanIds", "[net.shahid.12months.gea]"): Verify element property value successfully

2023-10-18 16:22:17 - [MESSAGE][PASSED] - Verify element property value successfully

2023-10-18 16:22:17 - [TEST_STEP][PASSED] - verifyElementPropertyValue(getResponse, "groups[0].pricingPlans[2].pricingPlanData[0].paymentMethod", "GOOGLE_IAP"): Verify element property value successfully

2023-10-18 16:22:17 - [MESSAGE][PASSED] - Verify element property value successfully

2023-10-18 16:22:17 - [TEST_STEP][PASSED] - verifyElementPropertyValue(getResponse, "groups[0].pricingPlans[2].pricingPlanData[0].freeTrialEnabled", "false"): Verify element property value successfully

2023-10-18 16:22:17 - [MESSAGE][PASSED] - Verify element property value successfully

2023-10-18 16:22:17 - [TEST_STEP][PASSED] - verifyElementPropertyValue(getResponse, "groups[0].pricingPlans[2].pricingPlanData[0].visualElements[1].key", "CTA_text"): Verify element property value successfully

2023-10-18 16:22:18 - [MESSAGE][PASSED] - Verify element property value successfully

2023-10-18 16:22:18 - [TEST_STEP][PASSED] - verifyElementPropertyValue(getResponse, "groups[0].pricingPlans[2].pricingPlanData[0].visualElements[1].value", "اشترك"): Verify element property value successfully

2023-10-18 16:22:18 - [MESSAGE][PASSED] - Verify element property value successfully

2023-10-18 16:22:18 - [TEST_STEP][PASSED] - verifyElementPropertyValue(getResponse, "groups[0].pricingPlans[2].pricingPlanData[0].visualElements[2].key", "logo"): Verify element property value successfully

2023-10-18 16:22:18 - [MESSAGE][PASSED] - Verify element property value successfully

2023-10-18 16:22:18 - [TEST_STEP][PASSED] - verifyElementPropertyValue(getResponse, "groups[0].pricingPlans[2].pricingPlanData[0].visualElements[2].value", "google"): Verify element property value successfully

2023-10-18 16:22:18 - [MESSAGE][PASSED] - Verify element property value successfully

2023-10-18 16:22:18 - [TEST_STEP][PASSED] - verifyElementPropertyValue(getResponse, "groups[0].pricingPlans[2].pricingPlanData[0].priceLabel", "45.79"): Verify element property value successfully

2023-10-18 16:22:18 - [MESSAGE][PASSED] - Verify element property value successfully

2023-10-18 16:22:18 - [TEST_STEP][PASSED] - verifyElementPropertyValue(getResponse, "groups[0].pricingPlans[2].pricingPlanData[0].currencyLabel", "OMR"): Verify element property value successfully

2023-10-18 16:22:18 - [MESSAGE][PASSED] - Verify element property value successfully

2023-10-18 16:22:18 - [TEST_STEP][PASSED] - verifyElementPropertyValue(getResponse, "groups[0].pricingPlans[2].pricingPlanData[0].allowedForAcquisition", "true"): Verify element property value successfully

2023-10-18 16:22:18 - [MESSAGE][PASSED] - Verify element property value successfully

2023-10-18 16:22:18 - [TEST_STEP][PASSED] - verifyElementPropertyValue(getResponse, "groups[0].pricingPlans[2].pricingPlanData[0].showIn[0]", "VERTICAL_MODE"): Verify element property value successfully

2023-10-18 16:22:18 - [MESSAGE][PASSED] - Verify element property value successfully

2023-10-18 16:22:18 - [TEST_STEP][PASSED] - verifyElementPropertyValue(getResponse, "groups[0].pricingPlans[2].pricingPlanData[0].showIn[1]", "HORIZONTAL_MODE"): Verify element property value successfully

2023-10-18 16:22:18 - [MESSAGE][PASSED] - Verify element property value successfully

2023-10-18 16:22:18 - [TEST_STEP][PASSED] - verifyElementPropertyValue(getResponse, "visualElements[0].key", "main_CTA_text_1"): Verify element property value successfully

2023-10-18 16:22:18 - [MESSAGE][PASSED] - Verify element property value successfully

2023-10-18 16:22:18 - [TEST_STEP][PASSED] - verifyElementPropertyValue(getResponse, "visualElements[0].value", "شاهد أقوى المسلسلات و الأفلام حصرياً دون توقف"): Verify element property value successfully

2023-10-18 16:22:18 - [MESSAGE][PASSED] - Verify element property value successfully

2023-10-18 16:22:18 - [TEST_STEP][PASSED] - verifyElementPropertyValue(getResponse, "visualElements[2].key", "main_disclaimer_text"): Verify element property value successfully

2023-10-18 16:22:18 - [MESSAGE][PASSED] - Verify element property value successfully

2023-10-18 16:22:18 - [TEST_STEP][PASSED] - verifyElementPropertyValue(getResponse, "visualElements[2].value", "العرض غير متاح للمشتركين السابقين عبر جوجل بلاي. رسوم الاشتراك قد تختلف بناءً على البلد أو طريقة الدفع أو باقة الاشتراك أو الضريبة المضافة أو معامل تحويل العملات والرسوم البنكية. تطبّق الشروط والأحكام."): Verify element property value successfully

2023-10-18 16:22:18 - [MESSAGE][PASSED] - Verify element property value successfully

2023-10-18 16:22:18 - [TEST_STEP][PASSED] - verifyElementPropertyValue(getResponse, "visualElements[4].key", "display_type"): Verify element property value successfully

2023-10-18 16:22:18 - [MESSAGE][PASSED] - Verify element property value successfully

2023-10-18 16:22:18 - [TEST_STEP][PASSED] - verifyElementPropertyValue(getResponse, "visualElements[4].value", "vertical"): Verify element property value successfully

2023-10-18 16:22:18 - [MESSAGE][PASSED] - Verify element property value successfully

2023-10-18 16:22:18 - [TEST_STEP][PASSED] - verifyElementPropertyValue(getResponse, "defaultPackageId", "SHAHID_VIP"): Verify element property value successfully

2023-10-18 16:22:18 - [MESSAGE][PASSED] - Verify element property value successfully]]></system-out>
         <system-err><![CDATA[]]></system-err>
      </testcase>
      <testcase name="Test Cases/ANDROID/OMN PI/ANDROID_EN_getSubscriptionConfigForOMN_SPORT" time="3.062" classname="Test Cases/ANDROID/OMN PI/ANDROID_EN_getSubscriptionConfigForOMN_SPORT" status="FAILED">
         <failure type="FAILED" message="Test Cases/ANDROID/OMN PI/ANDROID_EN_getSubscriptionConfigForOMN_SPORT FAILED.
Reason:
com.kms.katalon.core.exception.StepFailedException: Expected element property value '30% Discount Offer' is not equal with actual property value '30% Discount Offer​'
	at com.kms.katalon.core.keyword.internal.KeywordMain.stepFailed(KeywordMain.groovy:39)
	at com.kms.katalon.core.webservice.keyword.builtin.VerifyElementPropertyValueKeyword$_verifyElementPropertyValue_closure1.doCall(VerifyElementPropertyValueKeyword.groovy:56)
	at com.kms.katalon.core.webservice.keyword.builtin.VerifyElementPropertyValueKeyword$_verifyElementPropertyValue_closure1.call(VerifyElementPropertyValueKeyword.groovy)
	at com.kms.katalon.core.keyword.internal.KeywordMain.runKeyword(KeywordMain.groovy:75)
	at com.kms.katalon.core.webservice.keyword.builtin.VerifyElementPropertyValueKeyword.verifyElementPropertyValue(VerifyElementPropertyValueKeyword.groovy:48)
	at com.kms.katalon.core.webservice.keyword.builtin.VerifyElementPropertyValueKeyword.execute(VerifyElementPropertyValueKeyword.groovy:43)
	at com.kms.katalon.core.keyword.internal.KeywordExecutor.executeKeywordForPlatform(KeywordExecutor.groovy:74)
	at com.kms.katalon.core.webservice.keyword.WSBuiltInKeywords.verifyElementPropertyValue(WSBuiltInKeywords.groovy:190)
	at com.kms.katalon.core.webservice.keyword.WSBuiltInKeywords$verifyElementPropertyValue$1.call(Unknown Source)
	at ANDROID_EN_getSubscriptionConfigForOMN_SPORT.run(ANDROID_EN_getSubscriptionConfigForOMN_SPORT:60)
	at com.kms.katalon.core.main.ScriptEngine.run(ScriptEngine.java:194)
	at com.kms.katalon.core.main.ScriptEngine.runScriptAsRawText(ScriptEngine.java:119)
	at com.kms.katalon.core.main.TestCaseExecutor.runScript(TestCaseExecutor.java:448)
	at com.kms.katalon.core.main.TestCaseExecutor.doExecute(TestCaseExecutor.java:439)
	at com.kms.katalon.core.main.TestCaseExecutor.processExecutionPhase(TestCaseExecutor.java:418)
	at com.kms.katalon.core.main.TestCaseExecutor.accessMainPhase(TestCaseExecutor.java:410)
	at com.kms.katalon.core.main.TestCaseExecutor.execute(TestCaseExecutor.java:285)
	at com.kms.katalon.core.common.CommonExecutor.accessTestCaseMainPhase(CommonExecutor.java:65)
	at com.kms.katalon.core.main.TestSuiteExecutor.accessTestSuiteMainPhase(TestSuiteExecutor.java:148)
	at com.kms.katalon.core.main.TestSuiteExecutor.execute(TestSuiteExecutor.java:106)
	at com.kms.katalon.core.main.TestCaseMain.startTestSuite(TestCaseMain.java:187)
	at com.kms.katalon.core.main.TestCaseMain$startTestSuite$0.call(Unknown Source)
	at TempTestSuite1697635126638.run(TempTestSuite1697635126638.groovy:36)
"/>
         <system-out><![CDATA[2023-10-18 16:22:18 - [TEST_CASE][FAILED] - Test Cases/ANDROID/OMN PI/ANDROID_EN_getSubscriptionConfigForOMN_SPORT: Test Cases/ANDROID/OMN PI/ANDROID_EN_getSubscriptionConfigForOMN_SPORT FAILED.
Reason:
com.kms.katalon.core.exception.StepFailedException: Expected element property value '30% Discount Offer' is not equal with actual property value '30% Discount Offer​'
	at com.kms.katalon.core.keyword.internal.KeywordMain.stepFailed(KeywordMain.groovy:39)
	at com.kms.katalon.core.webservice.keyword.builtin.VerifyElementPropertyValueKeyword$_verifyElementPropertyValue_closure1.doCall(VerifyElementPropertyValueKeyword.groovy:56)
	at com.kms.katalon.core.webservice.keyword.builtin.VerifyElementPropertyValueKeyword$_verifyElementPropertyValue_closure1.call(VerifyElementPropertyValueKeyword.groovy)
	at com.kms.katalon.core.keyword.internal.KeywordMain.runKeyword(KeywordMain.groovy:75)
	at com.kms.katalon.core.webservice.keyword.builtin.VerifyElementPropertyValueKeyword.verifyElementPropertyValue(VerifyElementPropertyValueKeyword.groovy:48)
	at com.kms.katalon.core.webservice.keyword.builtin.VerifyElementPropertyValueKeyword.execute(VerifyElementPropertyValueKeyword.groovy:43)
	at com.kms.katalon.core.keyword.internal.KeywordExecutor.executeKeywordForPlatform(KeywordExecutor.groovy:74)
	at com.kms.katalon.core.webservice.keyword.WSBuiltInKeywords.verifyElementPropertyValue(WSBuiltInKeywords.groovy:190)
	at com.kms.katalon.core.webservice.keyword.WSBuiltInKeywords$verifyElementPropertyValue$1.call(Unknown Source)
	at ANDROID_EN_getSubscriptionConfigForOMN_SPORT.run(ANDROID_EN_getSubscriptionConfigForOMN_SPORT:60)
	at com.kms.katalon.core.main.ScriptEngine.run(ScriptEngine.java:194)
	at com.kms.katalon.core.main.ScriptEngine.runScriptAsRawText(ScriptEngine.java:119)
	at com.kms.katalon.core.main.TestCaseExecutor.runScript(TestCaseExecutor.java:448)
	at com.kms.katalon.core.main.TestCaseExecutor.doExecute(TestCaseExecutor.java:439)
	at com.kms.katalon.core.main.TestCaseExecutor.processExecutionPhase(TestCaseExecutor.java:418)
	at com.kms.katalon.core.main.TestCaseExecutor.accessMainPhase(TestCaseExecutor.java:410)
	at com.kms.katalon.core.main.TestCaseExecutor.execute(TestCaseExecutor.java:285)
	at com.kms.katalon.core.common.CommonExecutor.accessTestCaseMainPhase(CommonExecutor.java:65)
	at com.kms.katalon.core.main.TestSuiteExecutor.accessTestSuiteMainPhase(TestSuiteExecutor.java:148)
	at com.kms.katalon.core.main.TestSuiteExecutor.execute(TestSuiteExecutor.java:106)
	at com.kms.katalon.core.main.TestCaseMain.startTestSuite(TestCaseMain.java:187)
	at com.kms.katalon.core.main.TestCaseMain$startTestSuite$0.call(Unknown Source)
	at TempTestSuite1697635126638.run(TempTestSuite1697635126638.groovy:36)


2023-10-18 16:22:18 - [TEST_STEP][PASSED] - getResponse = config_files.getConfigFile.getConfig("ANDROID_APP", "EN", "SHAHID_VIP_SPORT", "OM", "false"): config_files.getConfigFile.getConfig is PASSED

2023-10-18 16:22:19 - [MESSAGE][INFO] - HAR: /Users/admin/git/shahid-configuration/Reports/20231018_161841/Android/OMN PI/20231018_161846/requests/main/1.har

2023-10-18 16:22:19 - [MESSAGE][PASSED] - Send request successfully

2023-10-18 16:22:19 - [MESSAGE][PASSED] - config_files.getConfigFile.getConfig is PASSED

2023-10-18 16:22:19 - [TEST_STEP][PASSED] - verifyResponseStatusCode(getResponse, 200): Verify response status code successfully

2023-10-18 16:22:19 - [MESSAGE][PASSED] - Verify response status code successfully

2023-10-18 16:22:19 - [TEST_STEP][PASSED] - verifyElementPropertyValue(getResponse, "country", "OMN"): Verify element property value successfully

2023-10-18 16:22:19 - [MESSAGE][PASSED] - Verify element property value successfully

2023-10-18 16:22:19 - [TEST_STEP][PASSED] - verifyElementPropertyValue(getResponse, "platform", "[ANDROID_APP]"): Verify element property value successfully

2023-10-18 16:22:19 - [MESSAGE][PASSED] - Verify element property value successfully

2023-10-18 16:22:19 - [TEST_STEP][PASSED] - verifyElementPropertyValue(getResponse, "offers[3].offerId", "winback-sport-30-offer"): Verify element property value successfully

2023-10-18 16:22:19 - [MESSAGE][PASSED] - Verify element property value successfully

2023-10-18 16:22:19 - [TEST_STEP][PASSED] - verifyElementPropertyValue(getResponse, "offers[3].offerParam", "sportsoffer30"): Verify element property value successfully

2023-10-18 16:22:19 - [MESSAGE][PASSED] - Verify element property value successfully

2023-10-18 16:22:19 - [TEST_STEP][PASSED] - verifyElementPropertyValue(getResponse, "offers[3].groups[0].pricingPlans[0].featured", "true"): Verify element property value successfully

2023-10-18 16:22:19 - [MESSAGE][PASSED] - Verify element property value successfully

2023-10-18 16:22:19 - [TEST_STEP][PASSED] - verifyElementPropertyValue(getResponse, "offers[3].groups[0].pricingPlans[0].period", "monthly"): Verify element property value successfully

2023-10-18 16:22:19 - [MESSAGE][PASSED] - Verify element property value successfully

2023-10-18 16:22:19 - [TEST_STEP][PASSED] - verifyElementPropertyValue(getResponse, "offers[3].groups[0].pricingPlans[0].featured", "true"): Verify element property value successfully

2023-10-18 16:22:19 - [MESSAGE][PASSED] - Verify element property value successfully

2023-10-18 16:22:19 - [TEST_STEP][PASSED] - verifyElementPropertyValue(getResponse, "offers[3].groups[0].pricingPlans[0].price", "4.89"): Verify element property value successfully

2023-10-18 16:22:19 - [MESSAGE][PASSED] - Verify element property value successfully

2023-10-18 16:22:19 - [TEST_STEP][PASSED] - verifyElementPropertyValue(getResponse, "offers[3].groups[0].pricingPlans[0].currency", "OMR"): Verify element property value successfully

2023-10-18 16:22:19 - [MESSAGE][PASSED] - Verify element property value successfully

2023-10-18 16:22:19 - [TEST_STEP][PASSED] - verifyElementPropertyValue(getResponse, "offers[3].groups[0].pricingPlans[0].order", "0"): Verify element property value successfully

2023-10-18 16:22:19 - [MESSAGE][PASSED] - Verify element property value successfully

2023-10-18 16:22:19 - [TEST_STEP][PASSED] - verifyElementPropertyValue(getResponse, "offers[3].groups[0].pricingPlans[0].packageId", "SHAHID_VIP_SPORT"): Verify element property value successfully

2023-10-18 16:22:19 - [MESSAGE][PASSED] - Verify element property value successfully

2023-10-18 16:22:19 - [TEST_STEP][PASSED] - verifyElementPropertyValue(getResponse, "offers[3].groups[0].pricingPlans[0].catalogId", "SPORT"): Verify element property value successfully

2023-10-18 16:22:19 - [MESSAGE][PASSED] - Verify element property value successfully

2023-10-18 16:22:19 - [TEST_STEP][PASSED] - verifyElementPropertyValue(getResponse, "offers[3].groups[0].pricingPlans[0].visualElements[0].key", "Header_1_text"): Verify element property value successfully

2023-10-18 16:22:19 - [MESSAGE][PASSED] - Verify element property value successfully

2023-10-18 16:22:19 - [TEST_STEP][PASSED] - verifyElementPropertyValue(getResponse, "offers[3].groups[0].pricingPlans[0].visualElements[0].value", "Watch the most powerful series and movies exclusively without stopping"): Verify element property value successfully

2023-10-18 16:22:19 - [MESSAGE][PASSED] - Verify element property value successfully

2023-10-18 16:22:19 - [TEST_STEP][PASSED] - verifyElementPropertyValue(getResponse, "offers[3].groups[0].pricingPlans[0].visualElements[1].key", "display_title"): Verify element property value successfully

2023-10-18 16:22:19 - [MESSAGE][PASSED] - Verify element property value successfully

2023-10-18 16:22:19 - [TEST_STEP][FAILED] - verifyElementPropertyValue(getResponse, "offers[3].groups[0].pricingPlans[0].visualElements[1].value", "30% Discount Offer"): Expected element property value '30% Discount Offer' is not equal with actual property value '30% Discount Offer​'

2023-10-18 16:22:19 - [MESSAGE][FAILED] - Expected element property value '30% Discount Offer' is not equal with actual property value '30% Discount Offer​'

2023-10-18 16:22:19 - [TEST_STEP][PASSED] - verifyElementPropertyValue(getResponse, "offers[3].groups[0].pricingPlans[0].visualElements[3].key", "deduction_text"): Verify element property value successfully

2023-10-18 16:22:19 - [MESSAGE][PASSED] - Verify element property value successfully

2023-10-18 16:22:19 - [TEST_STEP][PASSED] - verifyElementPropertyValue(getResponse, "offers[3].groups[0].pricingPlans[0].visualElements[3].value", "billed every month"): Verify element property value successfully

2023-10-18 16:22:19 - [MESSAGE][PASSED] - Verify element property value successfully

2023-10-18 16:22:19 - [TEST_STEP][PASSED] - verifyElementPropertyValue(getResponse, "offers[3].groups[0].pricingPlans[0].visualElements[6].key", "show_payment_logo"): Verify element property value successfully

2023-10-18 16:22:19 - [MESSAGE][PASSED] - Verify element property value successfully

2023-10-18 16:22:19 - [TEST_STEP][PASSED] - verifyElementPropertyValue(getResponse, "offers[3].groups[0].pricingPlans[0].visualElements[6].value", "true"): Verify element property value successfully

2023-10-18 16:22:19 - [MESSAGE][PASSED] - Verify element property value successfully

2023-10-18 16:22:19 - [TEST_STEP][PASSED] - verifyElementPropertyValue(getResponse, "offers[3].groups[0].pricingPlans[0].visualElements[8].key", "price"): Verify element property value successfully

2023-10-18 16:22:19 - [MESSAGE][PASSED] - Verify element property value successfully

2023-10-18 16:22:19 - [TEST_STEP][PASSED] - verifyElementPropertyValue(getResponse, "offers[3].groups[0].pricingPlans[0].visualElements[8].value", "4.89"): Verify element property value successfully

2023-10-18 16:22:19 - [MESSAGE][PASSED] - Verify element property value successfully

2023-10-18 16:22:19 - [TEST_STEP][PASSED] - verifyElementPropertyValue(getResponse, "offers[3].groups[0].pricingPlans[0].visualElements[9].key", "currency"): Verify element property value successfully

2023-10-18 16:22:19 - [MESSAGE][PASSED] - Verify element property value successfully

2023-10-18 16:22:19 - [TEST_STEP][PASSED] - verifyElementPropertyValue(getResponse, "offers[3].groups[0].pricingPlans[0].visualElements[9].value", "OMR"): Verify element property value successfully

2023-10-18 16:22:19 - [MESSAGE][PASSED] - Verify element property value successfully

2023-10-18 16:22:19 - [TEST_STEP][PASSED] - verifyElementPropertyValue(getResponse, "offers[3].groups[0].pricingPlans[0].visualElements[10].key", "duration"): Verify element property value successfully

2023-10-18 16:22:19 - [MESSAGE][PASSED] - Verify element property value successfully

2023-10-18 16:22:19 - [TEST_STEP][PASSED] - verifyElementPropertyValue(getResponse, "offers[3].groups[0].pricingPlans[0].visualElements[10].value", "Monthly"): Verify element property value successfully

2023-10-18 16:22:19 - [MESSAGE][PASSED] - Verify element property value successfully

2023-10-18 16:22:19 - [TEST_STEP][PASSED] - verifyElementPropertyValue(getResponse, "offers[3].groups[0].pricingPlans[0].visualElements[11].key", "featured_tag_text"): Verify element property value successfully

2023-10-18 16:22:19 - [MESSAGE][PASSED] - Verify element property value successfully

2023-10-18 16:22:19 - [TEST_STEP][PASSED] - verifyElementPropertyValue(getResponse, "offers[3].groups[0].pricingPlans[0].visualElements[11].value", "Limited Time Offer"): Verify element property value successfully

2023-10-18 16:22:19 - [MESSAGE][PASSED] - Verify element property value successfully

2023-10-18 16:22:19 - [TEST_STEP][PASSED] - verifyElementPropertyValue(getResponse, "offers[3].groups[0].pricingPlans[0].visualElements[12].key", "show_tag"): Verify element property value successfully

2023-10-18 16:22:19 - [MESSAGE][PASSED] - Verify element property value successfully

2023-10-18 16:22:19 - [TEST_STEP][PASSED] - verifyElementPropertyValue(getResponse, "offers[3].groups[0].pricingPlans[0].visualElements[12].value", "true"): Verify element property value successfully

2023-10-18 16:22:19 - [MESSAGE][PASSED] - Verify element property value successfully

2023-10-18 16:22:19 - [TEST_STEP][PASSED] - verifyElementPropertyValue(getResponse, "offers[3].groups[0].pricingPlans[0].visualElements[13].key", "tag_text"): Verify element property value successfully

2023-10-18 16:22:19 - [MESSAGE][PASSED] - Verify element property value successfully

2023-10-18 16:22:19 - [TEST_STEP][PASSED] - verifyElementPropertyValue(getResponse, "offers[3].groups[0].pricingPlans[0].visualElements[13].value", "Save 30%"): Verify element property value successfully

2023-10-18 16:22:19 - [MESSAGE][PASSED] - Verify element property value successfully

2023-10-18 16:22:19 - [TEST_STEP][PASSED] - verifyElementPropertyValue(getResponse, "offers[3].groups[0].pricingPlans[0].pricingPlanData[0].productId", "OMN_B2C_SHAHID_VIP_SPORT_1M"): Verify element property value successfully

2023-10-18 16:22:19 - [MESSAGE][PASSED] - Verify element property value successfully

2023-10-18 16:22:19 - [TEST_STEP][PASSED] - verifyElementPropertyValue(getResponse, "offers[3].groups[0].pricingPlans[0].pricingPlanData[0].subPricingPlanIds", "[net.shahid.monthly.vipsports]"): Verify element property value successfully

2023-10-18 16:22:19 - [MESSAGE][PASSED] - Verify element property value successfully

2023-10-18 16:22:19 - [TEST_STEP][PASSED] - verifyElementPropertyValue(getResponse, "offers[3].groups[0].pricingPlans[0].pricingPlanData[0].paymentMethod", "GOOGLE_IAP"): Verify element property value successfully

2023-10-18 16:22:19 - [MESSAGE][PASSED] - Verify element property value successfully

2023-10-18 16:22:19 - [TEST_STEP][PASSED] - verifyElementPropertyValue(getResponse, "offers[3].groups[0].pricingPlans[0].pricingPlanData[0].freeTrialEnabled", "false"): Verify element property value successfully

2023-10-18 16:22:19 - [MESSAGE][PASSED] - Verify element property value successfully

2023-10-18 16:22:19 - [TEST_STEP][PASSED] - verifyElementPropertyValue(getResponse, "offers[3].groups[0].pricingPlans[0].pricingPlanData[0].priceLabel", "4.89"): Verify element property value successfully

2023-10-18 16:22:19 - [MESSAGE][PASSED] - Verify element property value successfully

2023-10-18 16:22:19 - [TEST_STEP][PASSED] - verifyElementPropertyValue(getResponse, "offers[3].groups[0].pricingPlans[0].pricingPlanData[0].currencyLabel", "OMR"): Verify element property value successfully

2023-10-18 16:22:19 - [MESSAGE][PASSED] - Verify element property value successfully

2023-10-18 16:22:19 - [TEST_STEP][PASSED] - verifyElementPropertyValue(getResponse, "offers[3].groups[0].pricingPlans[0].pricingPlanData[0].dealId", "GW_WB_SPORT_30P_OMN"): Verify element property value successfully

2023-10-18 16:22:19 - [MESSAGE][PASSED] - Verify element property value successfully

2023-10-18 16:22:19 - [TEST_STEP][PASSED] - verifyElementPropertyValue(getResponse, "offers[3].groups[0].pricingPlans[0].pricingPlanData[0].allowedForAcquisition", "true"): Verify element property value successfully

2023-10-18 16:22:19 - [MESSAGE][PASSED] - Verify element property value successfully

2023-10-18 16:22:19 - [TEST_STEP][PASSED] - verifyElementPropertyValue(getResponse, "offers[3].groups[0].pricingPlans[0].pricingPlanData[0].visualElements[1].key", "CTA_text"): Verify element property value successfully

2023-10-18 16:22:19 - [MESSAGE][PASSED] - Verify element property value successfully

2023-10-18 16:22:19 - [TEST_STEP][PASSED] - verifyElementPropertyValue(getResponse, "offers[3].groups[0].pricingPlans[0].pricingPlanData[0].visualElements[1].value", "Subscribe"): Verify element property value successfully

2023-10-18 16:22:19 - [MESSAGE][PASSED] - Verify element property value successfully

2023-10-18 16:22:19 - [TEST_STEP][PASSED] - verifyElementPropertyValue(getResponse, "offers[3].groups[0].pricingPlans[0].pricingPlanData[0].visualElements[2].key", "logo"): Verify element property value successfully

2023-10-18 16:22:19 - [MESSAGE][PASSED] - Verify element property value successfully

2023-10-18 16:22:19 - [TEST_STEP][PASSED] - verifyElementPropertyValue(getResponse, "offers[3].groups[0].pricingPlans[0].pricingPlanData[0].visualElements[2].value", "google"): Verify element property value successfully

2023-10-18 16:22:19 - [MESSAGE][PASSED] - Verify element property value successfully

2023-10-18 16:22:19 - [TEST_STEP][PASSED] - verifyElementPropertyValue(getResponse, "offers[4].offerId", "winback-sport-40-offer"): Verify element property value successfully

2023-10-18 16:22:19 - [MESSAGE][PASSED] - Verify element property value successfully

2023-10-18 16:22:19 - [TEST_STEP][PASSED] - verifyElementPropertyValue(getResponse, "offers[4].offerParam", "sportsoffer40"): Verify element property value successfully

2023-10-18 16:22:19 - [MESSAGE][PASSED] - Verify element property value successfully

2023-10-18 16:22:19 - [TEST_STEP][PASSED] - verifyElementPropertyValue(getResponse, "offers[4].groups[0].pricingPlans[0].featured", "true"): Verify element property value successfully

2023-10-18 16:22:19 - [MESSAGE][PASSED] - Verify element property value successfully

2023-10-18 16:22:19 - [TEST_STEP][PASSED] - verifyElementPropertyValue(getResponse, "offers[4].groups[0].pricingPlans[0].period", "monthly"): Verify element property value successfully

2023-10-18 16:22:19 - [MESSAGE][PASSED] - Verify element property value successfully

2023-10-18 16:22:19 - [TEST_STEP][PASSED] - verifyElementPropertyValue(getResponse, "offers[4].groups[0].pricingPlans[0].featured", "true"): Verify element property value successfully

2023-10-18 16:22:19 - [MESSAGE][PASSED] - Verify element property value successfully

2023-10-18 16:22:19 - [TEST_STEP][PASSED] - verifyElementPropertyValue(getResponse, "offers[4].groups[0].pricingPlans[0].price", "4.19"): Verify element property value successfully

2023-10-18 16:22:19 - [MESSAGE][PASSED] - Verify element property value successfully

2023-10-18 16:22:19 - [TEST_STEP][PASSED] - verifyElementPropertyValue(getResponse, "offers[4].groups[0].pricingPlans[0].currency", "OMR"): Verify element property value successfully

2023-10-18 16:22:19 - [MESSAGE][PASSED] - Verify element property value successfully

2023-10-18 16:22:19 - [TEST_STEP][PASSED] - verifyElementPropertyValue(getResponse, "offers[4].groups[0].pricingPlans[0].order", "0"): Verify element property value successfully

2023-10-18 16:22:19 - [MESSAGE][PASSED] - Verify element property value successfully

2023-10-18 16:22:19 - [TEST_STEP][PASSED] - verifyElementPropertyValue(getResponse, "offers[4].groups[0].pricingPlans[0].packageId", "SHAHID_VIP_SPORT"): Verify element property value successfully

2023-10-18 16:22:19 - [MESSAGE][PASSED] - Verify element property value successfully

2023-10-18 16:22:19 - [TEST_STEP][PASSED] - verifyElementPropertyValue(getResponse, "offers[4].groups[0].pricingPlans[0].catalogId", "SPORT"): Verify element property value successfully

2023-10-18 16:22:19 - [MESSAGE][PASSED] - Verify element property value successfully

2023-10-18 16:22:19 - [TEST_STEP][PASSED] - verifyElementPropertyValue(getResponse, "offers[4].groups[0].pricingPlans[0].visualElements[0].key", "Header_1_text"): Verify element property value successfully

2023-10-18 16:22:19 - [MESSAGE][PASSED] - Verify element property value successfully

2023-10-18 16:22:19 - [TEST_STEP][PASSED] - verifyElementPropertyValue(getResponse, "offers[4].groups[0].pricingPlans[0].visualElements[0].value", "Watch the most powerful series and movies exclusively without stopping"): Verify element property value successfully

2023-10-18 16:22:19 - [MESSAGE][PASSED] - Verify element property value successfully

2023-10-18 16:22:19 - [TEST_STEP][PASSED] - verifyElementPropertyValue(getResponse, "offers[4].groups[0].pricingPlans[0].visualElements[1].key", "display_title"): Verify element property value successfully

2023-10-18 16:22:19 - [MESSAGE][PASSED] - Verify element property value successfully

2023-10-18 16:22:19 - [TEST_STEP][FAILED] - verifyElementPropertyValue(getResponse, "offers[4].groups[0].pricingPlans[0].visualElements[1].value", "40% Discount Offer"): Expected element property value '40% Discount Offer' is not equal with actual property value '40% Discount Offer​'

2023-10-18 16:22:19 - [MESSAGE][FAILED] - Expected element property value '40% Discount Offer' is not equal with actual property value '40% Discount Offer​'

2023-10-18 16:22:19 - [TEST_STEP][PASSED] - verifyElementPropertyValue(getResponse, "offers[4].groups[0].pricingPlans[0].visualElements[3].key", "deduction_text"): Verify element property value successfully

2023-10-18 16:22:19 - [MESSAGE][PASSED] - Verify element property value successfully

2023-10-18 16:22:19 - [TEST_STEP][PASSED] - verifyElementPropertyValue(getResponse, "offers[4].groups[0].pricingPlans[0].visualElements[3].value", "billed every month"): Verify element property value successfully

2023-10-18 16:22:19 - [MESSAGE][PASSED] - Verify element property value successfully

2023-10-18 16:22:19 - [TEST_STEP][PASSED] - verifyElementPropertyValue(getResponse, "offers[4].groups[0].pricingPlans[0].visualElements[6].key", "show_payment_logo"): Verify element property value successfully

2023-10-18 16:22:19 - [MESSAGE][PASSED] - Verify element property value successfully

2023-10-18 16:22:19 - [TEST_STEP][PASSED] - verifyElementPropertyValue(getResponse, "offers[4].groups[0].pricingPlans[0].visualElements[6].value", "true"): Verify element property value successfully

2023-10-18 16:22:19 - [MESSAGE][PASSED] - Verify element property value successfully

2023-10-18 16:22:19 - [TEST_STEP][PASSED] - verifyElementPropertyValue(getResponse, "offers[4].groups[0].pricingPlans[0].visualElements[8].key", "price"): Verify element property value successfully

2023-10-18 16:22:19 - [MESSAGE][PASSED] - Verify element property value successfully

2023-10-18 16:22:19 - [TEST_STEP][PASSED] - verifyElementPropertyValue(getResponse, "offers[4].groups[0].pricingPlans[0].visualElements[8].value", "4.19"): Verify element property value successfully

2023-10-18 16:22:19 - [MESSAGE][PASSED] - Verify element property value successfully

2023-10-18 16:22:19 - [TEST_STEP][PASSED] - verifyElementPropertyValue(getResponse, "offers[4].groups[0].pricingPlans[0].visualElements[9].key", "currency"): Verify element property value successfully

2023-10-18 16:22:19 - [MESSAGE][PASSED] - Verify element property value successfully

2023-10-18 16:22:19 - [TEST_STEP][PASSED] - verifyElementPropertyValue(getResponse, "offers[4].groups[0].pricingPlans[0].visualElements[9].value", "OMR"): Verify element property value successfully

2023-10-18 16:22:19 - [MESSAGE][PASSED] - Verify element property value successfully

2023-10-18 16:22:19 - [TEST_STEP][PASSED] - verifyElementPropertyValue(getResponse, "offers[4].groups[0].pricingPlans[0].visualElements[10].key", "duration"): Verify element property value successfully

2023-10-18 16:22:19 - [MESSAGE][PASSED] - Verify element property value successfully

2023-10-18 16:22:19 - [TEST_STEP][PASSED] - verifyElementPropertyValue(getResponse, "offers[4].groups[0].pricingPlans[0].visualElements[10].value", "Monthly"): Verify element property value successfully

2023-10-18 16:22:19 - [MESSAGE][PASSED] - Verify element property value successfully

2023-10-18 16:22:19 - [TEST_STEP][PASSED] - verifyElementPropertyValue(getResponse, "offers[4].groups[0].pricingPlans[0].visualElements[11].key", "featured_tag_text"): Verify element property value successfully

2023-10-18 16:22:19 - [MESSAGE][PASSED] - Verify element property value successfully

2023-10-18 16:22:19 - [TEST_STEP][PASSED] - verifyElementPropertyValue(getResponse, "offers[4].groups[0].pricingPlans[0].visualElements[11].value", "Limited Time Offer"): Verify element property value successfully

2023-10-18 16:22:19 - [MESSAGE][PASSED] - Verify element property value successfully

2023-10-18 16:22:19 - [TEST_STEP][PASSED] - verifyElementPropertyValue(getResponse, "offers[4].groups[0].pricingPlans[0].visualElements[13].key", "tag_text"): Verify element property value successfully

2023-10-18 16:22:19 - [MESSAGE][PASSED] - Verify element property value successfully

2023-10-18 16:22:19 - [TEST_STEP][PASSED] - verifyElementPropertyValue(getResponse, "offers[4].groups[0].pricingPlans[0].visualElements[13].value", "Save 40%"): Verify element property value successfully

2023-10-18 16:22:20 - [MESSAGE][PASSED] - Verify element property value successfully

2023-10-18 16:22:20 - [TEST_STEP][PASSED] - verifyElementPropertyValue(getResponse, "offers[4].groups[0].pricingPlans[0].visualElements[12].key", "show_tag"): Verify element property value successfully

2023-10-18 16:22:20 - [MESSAGE][PASSED] - Verify element property value successfully

2023-10-18 16:22:20 - [TEST_STEP][PASSED] - verifyElementPropertyValue(getResponse, "offers[4].groups[0].pricingPlans[0].visualElements[12].value", "true"): Verify element property value successfully

2023-10-18 16:22:20 - [MESSAGE][PASSED] - Verify element property value successfully

2023-10-18 16:22:20 - [TEST_STEP][PASSED] - verifyElementPropertyValue(getResponse, "offers[4].groups[0].pricingPlans[0].pricingPlanData[0].productId", "OMN_B2C_SHAHID_VIP_SPORT_1M"): Verify element property value successfully

2023-10-18 16:22:20 - [MESSAGE][PASSED] - Verify element property value successfully

2023-10-18 16:22:20 - [TEST_STEP][PASSED] - verifyElementPropertyValue(getResponse, "offers[4].groups[0].pricingPlans[0].pricingPlanData[0].subPricingPlanIds", "[net.shahid.monthly.vipsports]"): Verify element property value successfully

2023-10-18 16:22:20 - [MESSAGE][PASSED] - Verify element property value successfully

2023-10-18 16:22:20 - [TEST_STEP][PASSED] - verifyElementPropertyValue(getResponse, "offers[4].groups[0].pricingPlans[0].pricingPlanData[0].paymentMethod", "GOOGLE_IAP"): Verify element property value successfully

2023-10-18 16:22:20 - [MESSAGE][PASSED] - Verify element property value successfully

2023-10-18 16:22:20 - [TEST_STEP][PASSED] - verifyElementPropertyValue(getResponse, "offers[4].groups[0].pricingPlans[0].pricingPlanData[0].freeTrialEnabled", "false"): Verify element property value successfully

2023-10-18 16:22:20 - [MESSAGE][PASSED] - Verify element property value successfully

2023-10-18 16:22:20 - [TEST_STEP][PASSED] - verifyElementPropertyValue(getResponse, "offers[4].groups[0].pricingPlans[0].pricingPlanData[0].priceLabel", "4.19"): Verify element property value successfully

2023-10-18 16:22:20 - [MESSAGE][PASSED] - Verify element property value successfully

2023-10-18 16:22:20 - [TEST_STEP][PASSED] - verifyElementPropertyValue(getResponse, "offers[4].groups[0].pricingPlans[0].pricingPlanData[0].currencyLabel", "OMR"): Verify element property value successfully

2023-10-18 16:22:20 - [MESSAGE][PASSED] - Verify element property value successfully

2023-10-18 16:22:20 - [TEST_STEP][PASSED] - verifyElementPropertyValue(getResponse, "offers[4].groups[0].pricingPlans[0].pricingPlanData[0].dealId", "GW_WB_SPORT_40P_OMN"): Verify element property value successfully

2023-10-18 16:22:20 - [MESSAGE][PASSED] - Verify element property value successfully

2023-10-18 16:22:20 - [TEST_STEP][PASSED] - verifyElementPropertyValue(getResponse, "offers[4].groups[0].pricingPlans[0].pricingPlanData[0].allowedForAcquisition", "true"): Verify element property value successfully

2023-10-18 16:22:20 - [MESSAGE][PASSED] - Verify element property value successfully

2023-10-18 16:22:20 - [TEST_STEP][PASSED] - verifyElementPropertyValue(getResponse, "offers[4].groups[0].pricingPlans[0].pricingPlanData[0].visualElements[1].key", "CTA_text"): Verify element property value successfully

2023-10-18 16:22:20 - [MESSAGE][PASSED] - Verify element property value successfully

2023-10-18 16:22:20 - [TEST_STEP][PASSED] - verifyElementPropertyValue(getResponse, "offers[4].groups[0].pricingPlans[0].pricingPlanData[0].visualElements[1].value", "Subscribe"): Verify element property value successfully

2023-10-18 16:22:20 - [MESSAGE][PASSED] - Verify element property value successfully

2023-10-18 16:22:20 - [TEST_STEP][PASSED] - verifyElementPropertyValue(getResponse, "offers[4].groups[0].pricingPlans[0].pricingPlanData[0].visualElements[2].key", "logo"): Verify element property value successfully

2023-10-18 16:22:20 - [MESSAGE][PASSED] - Verify element property value successfully

2023-10-18 16:22:20 - [TEST_STEP][PASSED] - verifyElementPropertyValue(getResponse, "offers[4].groups[0].pricingPlans[0].pricingPlanData[0].visualElements[2].value", "google"): Verify element property value successfully

2023-10-18 16:22:20 - [MESSAGE][PASSED] - Verify element property value successfully

2023-10-18 16:22:20 - [TEST_STEP][PASSED] - verifyElementPropertyValue(getResponse, "offers[5].offerId", "winback-sport-50-offer"): Verify element property value successfully

2023-10-18 16:22:20 - [MESSAGE][PASSED] - Verify element property value successfully

2023-10-18 16:22:20 - [TEST_STEP][PASSED] - verifyElementPropertyValue(getResponse, "offers[5].offerParam", "sportsoffer50"): Verify element property value successfully

2023-10-18 16:22:20 - [MESSAGE][PASSED] - Verify element property value successfully

2023-10-18 16:22:20 - [TEST_STEP][PASSED] - verifyElementPropertyValue(getResponse, "offers[5].groups[0].pricingPlans[0].featured", "true"): Verify element property value successfully

2023-10-18 16:22:20 - [MESSAGE][PASSED] - Verify element property value successfully

2023-10-18 16:22:20 - [TEST_STEP][PASSED] - verifyElementPropertyValue(getResponse, "offers[5].groups[0].pricingPlans[0].period", "monthly"): Verify element property value successfully

2023-10-18 16:22:20 - [MESSAGE][PASSED] - Verify element property value successfully

2023-10-18 16:22:20 - [TEST_STEP][PASSED] - verifyElementPropertyValue(getResponse, "offers[5].groups[0].pricingPlans[0].featured", "true"): Verify element property value successfully

2023-10-18 16:22:20 - [MESSAGE][PASSED] - Verify element property value successfully

2023-10-18 16:22:20 - [TEST_STEP][PASSED] - verifyElementPropertyValue(getResponse, "offers[5].groups[0].pricingPlans[0].price", "3.49"): Verify element property value successfully

2023-10-18 16:22:20 - [MESSAGE][PASSED] - Verify element property value successfully

2023-10-18 16:22:20 - [TEST_STEP][PASSED] - verifyElementPropertyValue(getResponse, "offers[5].groups[0].pricingPlans[0].currency", "OMR"): Verify element property value successfully

2023-10-18 16:22:20 - [MESSAGE][PASSED] - Verify element property value successfully

2023-10-18 16:22:20 - [TEST_STEP][PASSED] - verifyElementPropertyValue(getResponse, "offers[5].groups[0].pricingPlans[0].order", "0"): Verify element property value successfully

2023-10-18 16:22:20 - [MESSAGE][PASSED] - Verify element property value successfully

2023-10-18 16:22:20 - [TEST_STEP][PASSED] - verifyElementPropertyValue(getResponse, "offers[5].groups[0].pricingPlans[0].packageId", "SHAHID_VIP_SPORT"): Verify element property value successfully

2023-10-18 16:22:20 - [MESSAGE][PASSED] - Verify element property value successfully

2023-10-18 16:22:20 - [TEST_STEP][PASSED] - verifyElementPropertyValue(getResponse, "offers[5].groups[0].pricingPlans[0].catalogId", "SPORT"): Verify element property value successfully

2023-10-18 16:22:20 - [MESSAGE][PASSED] - Verify element property value successfully

2023-10-18 16:22:20 - [TEST_STEP][PASSED] - verifyElementPropertyValue(getResponse, "offers[5].groups[0].pricingPlans[0].visualElements[0].key", "Header_1_text"): Verify element property value successfully

2023-10-18 16:22:20 - [MESSAGE][PASSED] - Verify element property value successfully

2023-10-18 16:22:20 - [TEST_STEP][PASSED] - verifyElementPropertyValue(getResponse, "offers[5].groups[0].pricingPlans[0].visualElements[0].value", "Watch the most powerful series and movies exclusively without stopping"): Verify element property value successfully

2023-10-18 16:22:20 - [MESSAGE][PASSED] - Verify element property value successfully

2023-10-18 16:22:20 - [TEST_STEP][PASSED] - verifyElementPropertyValue(getResponse, "offers[5].groups[0].pricingPlans[0].visualElements[1].key", "display_title"): Verify element property value successfully

2023-10-18 16:22:20 - [MESSAGE][PASSED] - Verify element property value successfully

2023-10-18 16:22:20 - [TEST_STEP][FAILED] - verifyElementPropertyValue(getResponse, "offers[5].groups[0].pricingPlans[0].visualElements[1].value", "50% Discount Offer"): Expected element property value '50% Discount Offer' is not equal with actual property value '50% Discount Offer​'

2023-10-18 16:22:20 - [MESSAGE][FAILED] - Expected element property value '50% Discount Offer' is not equal with actual property value '50% Discount Offer​'

2023-10-18 16:22:20 - [TEST_STEP][PASSED] - verifyElementPropertyValue(getResponse, "offers[5].groups[0].pricingPlans[0].visualElements[3].key", "deduction_text"): Verify element property value successfully

2023-10-18 16:22:20 - [MESSAGE][PASSED] - Verify element property value successfully

2023-10-18 16:22:20 - [TEST_STEP][PASSED] - verifyElementPropertyValue(getResponse, "offers[5].groups[0].pricingPlans[0].visualElements[3].value", "billed every month"): Verify element property value successfully

2023-10-18 16:22:20 - [MESSAGE][PASSED] - Verify element property value successfully

2023-10-18 16:22:20 - [TEST_STEP][PASSED] - verifyElementPropertyValue(getResponse, "offers[5].groups[0].pricingPlans[0].visualElements[6].key", "show_payment_logo"): Verify element property value successfully

2023-10-18 16:22:20 - [MESSAGE][PASSED] - Verify element property value successfully

2023-10-18 16:22:20 - [TEST_STEP][PASSED] - verifyElementPropertyValue(getResponse, "offers[5].groups[0].pricingPlans[0].visualElements[6].value", "true"): Verify element property value successfully

2023-10-18 16:22:20 - [MESSAGE][PASSED] - Verify element property value successfully

2023-10-18 16:22:20 - [TEST_STEP][PASSED] - verifyElementPropertyValue(getResponse, "offers[5].groups[0].pricingPlans[0].visualElements[8].key", "price"): Verify element property value successfully

2023-10-18 16:22:20 - [MESSAGE][PASSED] - Verify element property value successfully

2023-10-18 16:22:20 - [TEST_STEP][PASSED] - verifyElementPropertyValue(getResponse, "offers[5].groups[0].pricingPlans[0].visualElements[8].value", "3.49"): Verify element property value successfully

2023-10-18 16:22:20 - [MESSAGE][PASSED] - Verify element property value successfully

2023-10-18 16:22:20 - [TEST_STEP][PASSED] - verifyElementPropertyValue(getResponse, "offers[5].groups[0].pricingPlans[0].visualElements[9].key", "currency"): Verify element property value successfully

2023-10-18 16:22:20 - [MESSAGE][PASSED] - Verify element property value successfully

2023-10-18 16:22:20 - [TEST_STEP][PASSED] - verifyElementPropertyValue(getResponse, "offers[5].groups[0].pricingPlans[0].visualElements[9].value", "OMR"): Verify element property value successfully

2023-10-18 16:22:20 - [MESSAGE][PASSED] - Verify element property value successfully

2023-10-18 16:22:20 - [TEST_STEP][PASSED] - verifyElementPropertyValue(getResponse, "offers[5].groups[0].pricingPlans[0].visualElements[10].key", "duration"): Verify element property value successfully

2023-10-18 16:22:20 - [MESSAGE][PASSED] - Verify element property value successfully

2023-10-18 16:22:20 - [TEST_STEP][PASSED] - verifyElementPropertyValue(getResponse, "offers[5].groups[0].pricingPlans[0].visualElements[10].value", "Monthly"): Verify element property value successfully

2023-10-18 16:22:20 - [MESSAGE][PASSED] - Verify element property value successfully

2023-10-18 16:22:20 - [TEST_STEP][PASSED] - verifyElementPropertyValue(getResponse, "offers[5].groups[0].pricingPlans[0].visualElements[11].key", "featured_tag_text"): Verify element property value successfully

2023-10-18 16:22:20 - [MESSAGE][PASSED] - Verify element property value successfully

2023-10-18 16:22:20 - [TEST_STEP][PASSED] - verifyElementPropertyValue(getResponse, "offers[5].groups[0].pricingPlans[0].visualElements[11].value", "Limited Time Offer"): Verify element property value successfully

2023-10-18 16:22:20 - [MESSAGE][PASSED] - Verify element property value successfully

2023-10-18 16:22:20 - [TEST_STEP][PASSED] - verifyElementPropertyValue(getResponse, "offers[5].groups[0].pricingPlans[0].visualElements[13].key", "tag_text"): Verify element property value successfully

2023-10-18 16:22:20 - [MESSAGE][PASSED] - Verify element property value successfully

2023-10-18 16:22:20 - [TEST_STEP][PASSED] - verifyElementPropertyValue(getResponse, "offers[5].groups[0].pricingPlans[0].visualElements[13].value", "Save 50%"): Verify element property value successfully

2023-10-18 16:22:20 - [MESSAGE][PASSED] - Verify element property value successfully

2023-10-18 16:22:20 - [TEST_STEP][PASSED] - verifyElementPropertyValue(getResponse, "offers[5].groups[0].pricingPlans[0].visualElements[12].key", "show_tag"): Verify element property value successfully

2023-10-18 16:22:20 - [MESSAGE][PASSED] - Verify element property value successfully

2023-10-18 16:22:20 - [TEST_STEP][PASSED] - verifyElementPropertyValue(getResponse, "offers[5].groups[0].pricingPlans[0].visualElements[12].value", "true"): Verify element property value successfully

2023-10-18 16:22:20 - [MESSAGE][PASSED] - Verify element property value successfully

2023-10-18 16:22:20 - [TEST_STEP][PASSED] - verifyElementPropertyValue(getResponse, "offers[5].groups[0].pricingPlans[0].pricingPlanData[0].productId", "OMN_B2C_SHAHID_VIP_SPORT_1M"): Verify element property value successfully

2023-10-18 16:22:20 - [MESSAGE][PASSED] - Verify element property value successfully

2023-10-18 16:22:20 - [TEST_STEP][PASSED] - verifyElementPropertyValue(getResponse, "offers[5].groups[0].pricingPlans[0].pricingPlanData[0].subPricingPlanIds", "[net.shahid.monthly.vipsports]"): Verify element property value successfully

2023-10-18 16:22:20 - [MESSAGE][PASSED] - Verify element property value successfully

2023-10-18 16:22:20 - [TEST_STEP][PASSED] - verifyElementPropertyValue(getResponse, "offers[5].groups[0].pricingPlans[0].pricingPlanData[0].paymentMethod", "GOOGLE_IAP"): Verify element property value successfully

2023-10-18 16:22:20 - [MESSAGE][PASSED] - Verify element property value successfully

2023-10-18 16:22:20 - [TEST_STEP][PASSED] - verifyElementPropertyValue(getResponse, "offers[5].groups[0].pricingPlans[0].pricingPlanData[0].freeTrialEnabled", "false"): Verify element property value successfully

2023-10-18 16:22:20 - [MESSAGE][PASSED] - Verify element property value successfully

2023-10-18 16:22:20 - [TEST_STEP][PASSED] - verifyElementPropertyValue(getResponse, "offers[5].groups[0].pricingPlans[0].pricingPlanData[0].priceLabel", "3.49"): Verify element property value successfully

2023-10-18 16:22:20 - [MESSAGE][PASSED] - Verify element property value successfully

2023-10-18 16:22:20 - [TEST_STEP][PASSED] - verifyElementPropertyValue(getResponse, "offers[5].groups[0].pricingPlans[0].pricingPlanData[0].currencyLabel", "OMR"): Verify element property value successfully

2023-10-18 16:22:20 - [MESSAGE][PASSED] - Verify element property value successfully

2023-10-18 16:22:20 - [TEST_STEP][PASSED] - verifyElementPropertyValue(getResponse, "offers[5].groups[0].pricingPlans[0].pricingPlanData[0].dealId", "GW_WB_SPORT_50P_OMN"): Verify element property value successfully

2023-10-18 16:22:20 - [MESSAGE][PASSED] - Verify element property value successfully

2023-10-18 16:22:20 - [TEST_STEP][PASSED] - verifyElementPropertyValue(getResponse, "offers[5].groups[0].pricingPlans[0].pricingPlanData[0].allowedForAcquisition", "true"): Verify element property value successfully

2023-10-18 16:22:20 - [MESSAGE][PASSED] - Verify element property value successfully

2023-10-18 16:22:20 - [TEST_STEP][PASSED] - verifyElementPropertyValue(getResponse, "offers[5].groups[0].pricingPlans[0].pricingPlanData[0].visualElements[1].key", "CTA_text"): Verify element property value successfully

2023-10-18 16:22:20 - [MESSAGE][PASSED] - Verify element property value successfully

2023-10-18 16:22:20 - [TEST_STEP][PASSED] - verifyElementPropertyValue(getResponse, "offers[5].groups[0].pricingPlans[0].pricingPlanData[0].visualElements[1].value", "Subscribe"): Verify element property value successfully

2023-10-18 16:22:20 - [MESSAGE][PASSED] - Verify element property value successfully

2023-10-18 16:22:20 - [TEST_STEP][PASSED] - verifyElementPropertyValue(getResponse, "offers[5].groups[0].pricingPlans[0].pricingPlanData[0].visualElements[2].key", "logo"): Verify element property value successfully

2023-10-18 16:22:20 - [MESSAGE][PASSED] - Verify element property value successfully

2023-10-18 16:22:20 - [TEST_STEP][PASSED] - verifyElementPropertyValue(getResponse, "offers[5].groups[0].pricingPlans[0].pricingPlanData[0].visualElements[2].value", "google"): Verify element property value successfully

2023-10-18 16:22:20 - [MESSAGE][PASSED] - Verify element property value successfully

2023-10-18 16:22:20 - [TEST_STEP][PASSED] - verifyElementPropertyValue(getResponse, "groups[0].pricingPlans[0].featured", "true"): Verify element property value successfully

2023-10-18 16:22:20 - [MESSAGE][PASSED] - Verify element property value successfully

2023-10-18 16:22:20 - [TEST_STEP][PASSED] - verifyElementPropertyValue(getResponse, "groups[0].pricingPlans[0].packageId", "SHAHID_VIP_SPORT"): Verify element property value successfully

2023-10-18 16:22:20 - [MESSAGE][PASSED] - Verify element property value successfully

2023-10-18 16:22:20 - [TEST_STEP][PASSED] - verifyElementPropertyValue(getResponse, "groups[0].pricingPlans[0].catalogId", "SPORT"): Verify element property value successfully

2023-10-18 16:22:20 - [MESSAGE][PASSED] - Verify element property value successfully

2023-10-18 16:22:20 - [TEST_STEP][PASSED] - verifyElementPropertyValue(getResponse, "groups[0].pricingPlans[0].visualElements[0].key", "Header_1_text"): Verify element property value successfully

2023-10-18 16:22:20 - [MESSAGE][PASSED] - Verify element property value successfully

2023-10-18 16:22:20 - [TEST_STEP][PASSED] - verifyElementPropertyValue(getResponse, "groups[0].pricingPlans[0].visualElements[0].value", "Watch the most powerful series and movies exclusively without stopping"): Verify element property value successfully

2023-10-18 16:22:20 - [MESSAGE][PASSED] - Verify element property value successfully

2023-10-18 16:22:20 - [TEST_STEP][PASSED] - verifyElementPropertyValue(getResponse, "groups[0].pricingPlans[0].visualElements[1].key", "display_title"): Verify element property value successfully

2023-10-18 16:22:20 - [MESSAGE][PASSED] - Verify element property value successfully

2023-10-18 16:22:20 - [TEST_STEP][PASSED] - verifyElementPropertyValue(getResponse, "groups[0].pricingPlans[0].visualElements[1].value", "Monthly Plan"): Verify element property value successfully

2023-10-18 16:22:20 - [MESSAGE][PASSED] - Verify element property value successfully

2023-10-18 16:22:20 - [TEST_STEP][PASSED] - verifyElementPropertyValue(getResponse, "groups[0].pricingPlans[0].visualElements[2].key", "promo_text"): Verify element property value successfully

2023-10-18 16:22:20 - [MESSAGE][PASSED] - Verify element property value successfully

2023-10-18 16:22:20 - [TEST_STEP][PASSED] - verifyElementPropertyValue(getResponse, "groups[0].pricingPlans[0].visualElements[2].value", "6.99 OMR  / month"): Verify element property value successfully

2023-10-18 16:22:20 - [MESSAGE][PASSED] - Verify element property value successfully

2023-10-18 16:22:20 - [TEST_STEP][PASSED] - verifyElementPropertyValue(getResponse, "groups[0].pricingPlans[0].visualElements[3].key", "deduction_text"): Verify element property value successfully

2023-10-18 16:22:20 - [MESSAGE][PASSED] - Verify element property value successfully

2023-10-18 16:22:20 - [TEST_STEP][PASSED] - verifyElementPropertyValue(getResponse, "groups[0].pricingPlans[0].visualElements[3].value", "billed every month"): Verify element property value successfully

2023-10-18 16:22:20 - [MESSAGE][PASSED] - Verify element property value successfully

2023-10-18 16:22:20 - [TEST_STEP][PASSED] - verifyElementPropertyValue(getResponse, "groups[0].pricingPlans[0].visualElements[6].key", "show_payment_logo"): Verify element property value successfully

2023-10-18 16:22:20 - [MESSAGE][PASSED] - Verify element property value successfully

2023-10-18 16:22:20 - [TEST_STEP][PASSED] - verifyElementPropertyValue(getResponse, "groups[0].pricingPlans[0].visualElements[6].value", "true"): Verify element property value successfully

2023-10-18 16:22:20 - [MESSAGE][PASSED] - Verify element property value successfully

2023-10-18 16:22:20 - [TEST_STEP][PASSED] - verifyElementPropertyValue(getResponse, "groups[0].pricingPlans[0].visualElements[8].key", "price"): Verify element property value successfully

2023-10-18 16:22:20 - [MESSAGE][PASSED] - Verify element property value successfully

2023-10-18 16:22:20 - [TEST_STEP][PASSED] - verifyElementPropertyValue(getResponse, "groups[0].pricingPlans[0].visualElements[8].value", "6.99"): Verify element property value successfully

2023-10-18 16:22:20 - [MESSAGE][PASSED] - Verify element property value successfully

2023-10-18 16:22:20 - [TEST_STEP][PASSED] - verifyElementPropertyValue(getResponse, "groups[0].pricingPlans[0].visualElements[9].key", "currency"): Verify element property value successfully

2023-10-18 16:22:20 - [MESSAGE][PASSED] - Verify element property value successfully

2023-10-18 16:22:20 - [TEST_STEP][PASSED] - verifyElementPropertyValue(getResponse, "groups[0].pricingPlans[0].visualElements[9].value", "OMR"): Verify element property value successfully

2023-10-18 16:22:20 - [MESSAGE][PASSED] - Verify element property value successfully

2023-10-18 16:22:20 - [TEST_STEP][PASSED] - verifyElementPropertyValue(getResponse, "groups[0].pricingPlans[0].visualElements[10].key", "duration"): Verify element property value successfully

2023-10-18 16:22:20 - [MESSAGE][PASSED] - Verify element property value successfully

2023-10-18 16:22:20 - [TEST_STEP][PASSED] - verifyElementPropertyValue(getResponse, "groups[0].pricingPlans[0].visualElements[10].value", "Monthly"): Verify element property value successfully

2023-10-18 16:22:20 - [MESSAGE][PASSED] - Verify element property value successfully

2023-10-18 16:22:20 - [TEST_STEP][PASSED] - verifyElementPropertyValue(getResponse, "groups[0].pricingPlans[0].order", "3"): Verify element property value successfully

2023-10-18 16:22:20 - [MESSAGE][PASSED] - Verify element property value successfully

2023-10-18 16:22:20 - [TEST_STEP][PASSED] - verifyElementPropertyValue(getResponse, "groups[0].pricingPlans[0].period", "monthly"): Verify element property value successfully

2023-10-18 16:22:20 - [MESSAGE][PASSED] - Verify element property value successfully

2023-10-18 16:22:20 - [TEST_STEP][PASSED] - verifyElementPropertyValue(getResponse, "groups[0].pricingPlans[0].price", "6.99"): Verify element property value successfully

2023-10-18 16:22:20 - [MESSAGE][PASSED] - Verify element property value successfully

2023-10-18 16:22:20 - [TEST_STEP][PASSED] - verifyElementPropertyValue(getResponse, "groups[0].pricingPlans[0].currency", "OMR"): Verify element property value successfully

2023-10-18 16:22:20 - [MESSAGE][PASSED] - Verify element property value successfully

2023-10-18 16:22:20 - [TEST_STEP][PASSED] - verifyElementPropertyValue(getResponse, "groups[0].pricingPlans[0].pricingPlanData[0].productId", "OMN_B2C_SHAHID_VIP_SPORT_1M"): Verify element property value successfully

2023-10-18 16:22:20 - [MESSAGE][PASSED] - Verify element property value successfully

2023-10-18 16:22:20 - [TEST_STEP][PASSED] - verifyElementPropertyValue(getResponse, "groups[0].pricingPlans[0].pricingPlanData[0].subPricingPlanIds", "[net.shahid.monthly.vipsports]"): Verify element property value successfully

2023-10-18 16:22:20 - [MESSAGE][PASSED] - Verify element property value successfully

2023-10-18 16:22:20 - [TEST_STEP][PASSED] - verifyElementPropertyValue(getResponse, "groups[0].pricingPlans[0].pricingPlanData[0].paymentMethod", "GOOGLE_IAP"): Verify element property value successfully

2023-10-18 16:22:20 - [MESSAGE][PASSED] - Verify element property value successfully

2023-10-18 16:22:20 - [TEST_STEP][PASSED] - verifyElementPropertyValue(getResponse, "groups[0].pricingPlans[0].pricingPlanData[0].freeTrialEnabled", "false"): Verify element property value successfully

2023-10-18 16:22:20 - [MESSAGE][PASSED] - Verify element property value successfully

2023-10-18 16:22:20 - [TEST_STEP][PASSED] - verifyElementPropertyValue(getResponse, "groups[0].pricingPlans[0].pricingPlanData[0].visualElements[1].key", "CTA_text"): Verify element property value successfully

2023-10-18 16:22:20 - [MESSAGE][PASSED] - Verify element property value successfully

2023-10-18 16:22:20 - [TEST_STEP][PASSED] - verifyElementPropertyValue(getResponse, "groups[0].pricingPlans[0].pricingPlanData[0].visualElements[1].value", "Subscribe"): Verify element property value successfully

2023-10-18 16:22:20 - [MESSAGE][PASSED] - Verify element property value successfully

2023-10-18 16:22:20 - [TEST_STEP][PASSED] - verifyElementPropertyValue(getResponse, "groups[0].pricingPlans[0].pricingPlanData[0].visualElements[2].key", "logo"): Verify element property value successfully

2023-10-18 16:22:20 - [MESSAGE][PASSED] - Verify element property value successfully

2023-10-18 16:22:20 - [TEST_STEP][PASSED] - verifyElementPropertyValue(getResponse, "groups[0].pricingPlans[0].pricingPlanData[0].visualElements[2].value", "google"): Verify element property value successfully

2023-10-18 16:22:20 - [MESSAGE][PASSED] - Verify element property value successfully

2023-10-18 16:22:20 - [TEST_STEP][PASSED] - verifyElementPropertyValue(getResponse, "groups[0].pricingPlans[0].pricingPlanData[0].priceLabel", "6.99"): Verify element property value successfully

2023-10-18 16:22:20 - [MESSAGE][PASSED] - Verify element property value successfully

2023-10-18 16:22:20 - [TEST_STEP][PASSED] - verifyElementPropertyValue(getResponse, "groups[0].pricingPlans[0].pricingPlanData[0].currencyLabel", "OMR"): Verify element property value successfully

2023-10-18 16:22:20 - [MESSAGE][PASSED] - Verify element property value successfully

2023-10-18 16:22:20 - [TEST_STEP][PASSED] - verifyElementPropertyValue(getResponse, "groups[0].pricingPlans[2].featured", "false"): Verify element property value successfully

2023-10-18 16:22:20 - [MESSAGE][PASSED] - Verify element property value successfully

2023-10-18 16:22:20 - [TEST_STEP][PASSED] - verifyElementPropertyValue(getResponse, "groups[0].pricingPlans[2].packageId", "SHAHID_VIP_SPORT"): Verify element property value successfully

2023-10-18 16:22:20 - [MESSAGE][PASSED] - Verify element property value successfully

2023-10-18 16:22:20 - [TEST_STEP][PASSED] - verifyElementPropertyValue(getResponse, "groups[0].pricingPlans[2].catalogId", "SPORT"): Verify element property value successfully

2023-10-18 16:22:20 - [MESSAGE][PASSED] - Verify element property value successfully

2023-10-18 16:22:20 - [TEST_STEP][PASSED] - verifyElementPropertyValue(getResponse, "groups[0].pricingPlans[2].visualElements[0].key", "Header_1_text"): Verify element property value successfully

2023-10-18 16:22:20 - [MESSAGE][PASSED] - Verify element property value successfully

2023-10-18 16:22:20 - [TEST_STEP][PASSED] - verifyElementPropertyValue(getResponse, "groups[0].pricingPlans[2].visualElements[0].value", "Watch the most powerful series and movies exclusively without stopping"): Verify element property value successfully

2023-10-18 16:22:20 - [MESSAGE][PASSED] - Verify element property value successfully

2023-10-18 16:22:20 - [TEST_STEP][PASSED] - verifyElementPropertyValue(getResponse, "groups[0].pricingPlans[2].visualElements[1].key", "display_title"): Verify element property value successfully

2023-10-18 16:22:20 - [MESSAGE][PASSED] - Verify element property value successfully

2023-10-18 16:22:20 - [TEST_STEP][PASSED] - verifyElementPropertyValue(getResponse, "groups[0].pricingPlans[2].visualElements[1].value", "Annual Plan"): Verify element property value successfully

2023-10-18 16:22:20 - [MESSAGE][PASSED] - Verify element property value successfully

2023-10-18 16:22:20 - [TEST_STEP][PASSED] - verifyElementPropertyValue(getResponse, "groups[0].pricingPlans[2].visualElements[2].key", "tag_text"): Verify element property value successfully

2023-10-18 16:22:20 - [MESSAGE][PASSED] - Verify element property value successfully

2023-10-18 16:22:20 - [TEST_STEP][PASSED] - verifyElementPropertyValue(getResponse, "groups[0].pricingPlans[2].visualElements[2].value", "Save 17%"): Verify element property value successfully

2023-10-18 16:22:20 - [MESSAGE][PASSED] - Verify element property value successfully

2023-10-18 16:22:20 - [TEST_STEP][PASSED] - verifyElementPropertyValue(getResponse, "groups[0].pricingPlans[2].visualElements[3].key", "promo_text"): Verify element property value successfully

2023-10-18 16:22:20 - [MESSAGE][PASSED] - Verify element property value successfully

2023-10-18 16:22:20 - [TEST_STEP][PASSED] - verifyElementPropertyValue(getResponse, "groups[0].pricingPlans[2].visualElements[3].value", "5.82 OMR/ month"): Verify element property value successfully

2023-10-18 16:22:20 - [MESSAGE][PASSED] - Verify element property value successfully

2023-10-18 16:22:20 - [TEST_STEP][PASSED] - verifyElementPropertyValue(getResponse, "groups[0].pricingPlans[2].visualElements[4].key", "deduction_text"): Verify element property value successfully

2023-10-18 16:22:20 - [MESSAGE][PASSED] - Verify element property value successfully

2023-10-18 16:22:20 - [TEST_STEP][PASSED] - verifyElementPropertyValue(getResponse, "groups[0].pricingPlans[2].visualElements[4].value", "69.89 OMR billed every year"): Verify element property value successfully

2023-10-18 16:22:20 - [MESSAGE][PASSED] - Verify element property value successfully

2023-10-18 16:22:20 - [TEST_STEP][PASSED] - verifyElementPropertyValue(getResponse, "groups[0].pricingPlans[2].visualElements[7].key", "show_payment_logo"): Verify element property value successfully

2023-10-18 16:22:20 - [MESSAGE][PASSED] - Verify element property value successfully

2023-10-18 16:22:20 - [TEST_STEP][PASSED] - verifyElementPropertyValue(getResponse, "groups[0].pricingPlans[2].visualElements[7].value", "true"): Verify element property value successfully

2023-10-18 16:22:20 - [MESSAGE][PASSED] - Verify element property value successfully

2023-10-18 16:22:20 - [TEST_STEP][PASSED] - verifyElementPropertyValue(getResponse, "groups[0].pricingPlans[2].visualElements[8].key", "show_tag"): Verify element property value successfully

2023-10-18 16:22:20 - [MESSAGE][PASSED] - Verify element property value successfully

2023-10-18 16:22:20 - [TEST_STEP][PASSED] - verifyElementPropertyValue(getResponse, "groups[0].pricingPlans[2].visualElements[8].value", "true"): Verify element property value successfully

2023-10-18 16:22:20 - [MESSAGE][PASSED] - Verify element property value successfully

2023-10-18 16:22:20 - [TEST_STEP][PASSED] - verifyElementPropertyValue(getResponse, "groups[0].pricingPlans[2].visualElements[10].key", "price"): Verify element property value successfully

2023-10-18 16:22:20 - [MESSAGE][PASSED] - Verify element property value successfully

2023-10-18 16:22:20 - [TEST_STEP][PASSED] - verifyElementPropertyValue(getResponse, "groups[0].pricingPlans[2].visualElements[10].value", "69.89"): Verify element property value successfully

2023-10-18 16:22:20 - [MESSAGE][PASSED] - Verify element property value successfully

2023-10-18 16:22:20 - [TEST_STEP][PASSED] - verifyElementPropertyValue(getResponse, "groups[0].pricingPlans[2].visualElements[11].key", "currency"): Verify element property value successfully

2023-10-18 16:22:21 - [MESSAGE][PASSED] - Verify element property value successfully

2023-10-18 16:22:21 - [TEST_STEP][PASSED] - verifyElementPropertyValue(getResponse, "groups[0].pricingPlans[2].visualElements[11].value", "OMR"): Verify element property value successfully

2023-10-18 16:22:21 - [MESSAGE][PASSED] - Verify element property value successfully

2023-10-18 16:22:21 - [TEST_STEP][PASSED] - verifyElementPropertyValue(getResponse, "groups[0].pricingPlans[2].visualElements[12].key", "duration"): Verify element property value successfully

2023-10-18 16:22:21 - [MESSAGE][PASSED] - Verify element property value successfully

2023-10-18 16:22:21 - [TEST_STEP][PASSED] - verifyElementPropertyValue(getResponse, "groups[0].pricingPlans[2].visualElements[12].value", "yearly"): Verify element property value successfully

2023-10-18 16:22:21 - [MESSAGE][PASSED] - Verify element property value successfully

2023-10-18 16:22:21 - [TEST_STEP][PASSED] - verifyElementPropertyValue(getResponse, "groups[0].pricingPlans[2].order", "5"): Verify element property value successfully

2023-10-18 16:22:21 - [MESSAGE][PASSED] - Verify element property value successfully

2023-10-18 16:22:21 - [TEST_STEP][PASSED] - verifyElementPropertyValue(getResponse, "groups[0].pricingPlans[2].period", "yearly"): Verify element property value successfully

2023-10-18 16:22:21 - [MESSAGE][PASSED] - Verify element property value successfully

2023-10-18 16:22:21 - [TEST_STEP][PASSED] - verifyElementPropertyValue(getResponse, "groups[0].pricingPlans[2].price", "69.89"): Verify element property value successfully

2023-10-18 16:22:21 - [MESSAGE][PASSED] - Verify element property value successfully

2023-10-18 16:22:21 - [TEST_STEP][PASSED] - verifyElementPropertyValue(getResponse, "groups[0].pricingPlans[2].currency", "OMR"): Verify element property value successfully

2023-10-18 16:22:21 - [MESSAGE][PASSED] - Verify element property value successfully

2023-10-18 16:22:21 - [TEST_STEP][PASSED] - verifyElementPropertyValue(getResponse, "groups[0].pricingPlans[2].pricingPlanData[0].productId", "OMN_B2C_SHAHID_VIP_SPORT_12M"): Verify element property value successfully

2023-10-18 16:22:21 - [MESSAGE][PASSED] - Verify element property value successfully

2023-10-18 16:22:21 - [TEST_STEP][PASSED] - verifyElementPropertyValue(getResponse, "groups[0].pricingPlans[2].pricingPlanData[0].subPricingPlanIds", "[net.shahid.yearly.vipsports]"): Verify element property value successfully

2023-10-18 16:22:21 - [MESSAGE][PASSED] - Verify element property value successfully

2023-10-18 16:22:21 - [TEST_STEP][PASSED] - verifyElementPropertyValue(getResponse, "groups[0].pricingPlans[2].pricingPlanData[0].paymentMethod", "GOOGLE_IAP"): Verify element property value successfully

2023-10-18 16:22:21 - [MESSAGE][PASSED] - Verify element property value successfully

2023-10-18 16:22:21 - [TEST_STEP][PASSED] - verifyElementPropertyValue(getResponse, "groups[0].pricingPlans[2].pricingPlanData[0].freeTrialEnabled", "false"): Verify element property value successfully

2023-10-18 16:22:21 - [MESSAGE][PASSED] - Verify element property value successfully

2023-10-18 16:22:21 - [TEST_STEP][PASSED] - verifyElementPropertyValue(getResponse, "groups[0].pricingPlans[2].pricingPlanData[0].visualElements[1].key", "CTA_text"): Verify element property value successfully

2023-10-18 16:22:21 - [MESSAGE][PASSED] - Verify element property value successfully

2023-10-18 16:22:21 - [TEST_STEP][PASSED] - verifyElementPropertyValue(getResponse, "groups[0].pricingPlans[2].pricingPlanData[0].visualElements[1].value", "Subscribe"): Verify element property value successfully

2023-10-18 16:22:21 - [MESSAGE][PASSED] - Verify element property value successfully

2023-10-18 16:22:21 - [TEST_STEP][PASSED] - verifyElementPropertyValue(getResponse, "groups[0].pricingPlans[2].pricingPlanData[0].visualElements[2].key", "logo"): Verify element property value successfully

2023-10-18 16:22:21 - [MESSAGE][PASSED] - Verify element property value successfully

2023-10-18 16:22:21 - [TEST_STEP][PASSED] - verifyElementPropertyValue(getResponse, "groups[0].pricingPlans[2].pricingPlanData[0].visualElements[2].value", "google"): Verify element property value successfully

2023-10-18 16:22:21 - [MESSAGE][PASSED] - Verify element property value successfully

2023-10-18 16:22:21 - [TEST_STEP][PASSED] - verifyElementPropertyValue(getResponse, "groups[0].pricingPlans[2].pricingPlanData[0].priceLabel", "69.89"): Verify element property value successfully

2023-10-18 16:22:21 - [MESSAGE][PASSED] - Verify element property value successfully

2023-10-18 16:22:21 - [TEST_STEP][PASSED] - verifyElementPropertyValue(getResponse, "groups[0].pricingPlans[2].pricingPlanData[0].currencyLabel", "OMR"): Verify element property value successfully

2023-10-18 16:22:21 - [MESSAGE][PASSED] - Verify element property value successfully

2023-10-18 16:22:21 - [TEST_STEP][PASSED] - verifyElementPropertyValue(getResponse, "groups[0].pricingPlans[2].pricingPlanData[0].allowedForAcquisition", "true"): Verify element property value successfully

2023-10-18 16:22:21 - [MESSAGE][PASSED] - Verify element property value successfully

2023-10-18 16:22:21 - [TEST_STEP][PASSED] - verifyElementPropertyValue(getResponse, "groups[0].pricingPlans[2].pricingPlanData[0].showIn[0]", "VERTICAL_MODE"): Verify element property value successfully

2023-10-18 16:22:21 - [MESSAGE][PASSED] - Verify element property value successfully

2023-10-18 16:22:21 - [TEST_STEP][PASSED] - verifyElementPropertyValue(getResponse, "groups[0].pricingPlans[2].pricingPlanData[0].showIn[1]", "HORIZONTAL_MODE"): Verify element property value successfully

2023-10-18 16:22:21 - [MESSAGE][PASSED] - Verify element property value successfully

2023-10-18 16:22:21 - [TEST_STEP][PASSED] - verifyElementPropertyValue(getResponse, "visualElements[0].key", "main_CTA_text_1"): Verify element property value successfully

2023-10-18 16:22:21 - [MESSAGE][PASSED] - Verify element property value successfully

2023-10-18 16:22:21 - [TEST_STEP][PASSED] - verifyElementPropertyValue(getResponse, "visualElements[0].value", "Watch the most powerful series and movies exclusively without stopping"): Verify element property value successfully

2023-10-18 16:22:21 - [MESSAGE][PASSED] - Verify element property value successfully

2023-10-18 16:22:21 - [TEST_STEP][PASSED] - verifyElementPropertyValue(getResponse, "visualElements[2].key", "main_disclaimer_text"): Verify element property value successfully

2023-10-18 16:22:21 - [MESSAGE][PASSED] - Verify element property value successfully

2023-10-18 16:22:21 - [TEST_STEP][PASSED] - verifyElementPropertyValue(getResponse, "visualElements[2].value", "This offer is not valid for users previously subscribed through Google Play. Subscription fees may vary depending on the country, payment method, subscription package, added tax, currency conversion factor, and bank fees. Terms and conditions apply."): Verify element property value successfully

2023-10-18 16:22:21 - [MESSAGE][PASSED] - Verify element property value successfully

2023-10-18 16:22:21 - [TEST_STEP][PASSED] - verifyElementPropertyValue(getResponse, "visualElements[4].key", "display_type"): Verify element property value successfully

2023-10-18 16:22:21 - [MESSAGE][PASSED] - Verify element property value successfully

2023-10-18 16:22:21 - [TEST_STEP][PASSED] - verifyElementPropertyValue(getResponse, "visualElements[4].value", "vertical"): Verify element property value successfully

2023-10-18 16:22:21 - [MESSAGE][PASSED] - Verify element property value successfully

2023-10-18 16:22:21 - [TEST_STEP][PASSED] - verifyElementPropertyValue(getResponse, "defaultPackageId", "SHAHID_VIP"): Verify element property value successfully

2023-10-18 16:22:21 - [MESSAGE][PASSED] - Verify element property value successfully]]></system-out>
         <system-err><![CDATA[2023-10-18 16:22:18 - [TEST_CASE][FAILED] - Test Cases/ANDROID/OMN PI/ANDROID_EN_getSubscriptionConfigForOMN_SPORT: Test Cases/ANDROID/OMN PI/ANDROID_EN_getSubscriptionConfigForOMN_SPORT FAILED.
Reason:
com.kms.katalon.core.exception.StepFailedException: Expected element property value '30% Discount Offer' is not equal with actual property value '30% Discount Offer​'
	at com.kms.katalon.core.keyword.internal.KeywordMain.stepFailed(KeywordMain.groovy:39)
	at com.kms.katalon.core.webservice.keyword.builtin.VerifyElementPropertyValueKeyword$_verifyElementPropertyValue_closure1.doCall(VerifyElementPropertyValueKeyword.groovy:56)
	at com.kms.katalon.core.webservice.keyword.builtin.VerifyElementPropertyValueKeyword$_verifyElementPropertyValue_closure1.call(VerifyElementPropertyValueKeyword.groovy)
	at com.kms.katalon.core.keyword.internal.KeywordMain.runKeyword(KeywordMain.groovy:75)
	at com.kms.katalon.core.webservice.keyword.builtin.VerifyElementPropertyValueKeyword.verifyElementPropertyValue(VerifyElementPropertyValueKeyword.groovy:48)
	at com.kms.katalon.core.webservice.keyword.builtin.VerifyElementPropertyValueKeyword.execute(VerifyElementPropertyValueKeyword.groovy:43)
	at com.kms.katalon.core.keyword.internal.KeywordExecutor.executeKeywordForPlatform(KeywordExecutor.groovy:74)
	at com.kms.katalon.core.webservice.keyword.WSBuiltInKeywords.verifyElementPropertyValue(WSBuiltInKeywords.groovy:190)
	at com.kms.katalon.core.webservice.keyword.WSBuiltInKeywords$verifyElementPropertyValue$1.call(Unknown Source)
	at ANDROID_EN_getSubscriptionConfigForOMN_SPORT.run(ANDROID_EN_getSubscriptionConfigForOMN_SPORT:60)
	at com.kms.katalon.core.main.ScriptEngine.run(ScriptEngine.java:194)
	at com.kms.katalon.core.main.ScriptEngine.runScriptAsRawText(ScriptEngine.java:119)
	at com.kms.katalon.core.main.TestCaseExecutor.runScript(TestCaseExecutor.java:448)
	at com.kms.katalon.core.main.TestCaseExecutor.doExecute(TestCaseExecutor.java:439)
	at com.kms.katalon.core.main.TestCaseExecutor.processExecutionPhase(TestCaseExecutor.java:418)
	at com.kms.katalon.core.main.TestCaseExecutor.accessMainPhase(TestCaseExecutor.java:410)
	at com.kms.katalon.core.main.TestCaseExecutor.execute(TestCaseExecutor.java:285)
	at com.kms.katalon.core.common.CommonExecutor.accessTestCaseMainPhase(CommonExecutor.java:65)
	at com.kms.katalon.core.main.TestSuiteExecutor.accessTestSuiteMainPhase(TestSuiteExecutor.java:148)
	at com.kms.katalon.core.main.TestSuiteExecutor.execute(TestSuiteExecutor.java:106)
	at com.kms.katalon.core.main.TestCaseMain.startTestSuite(TestCaseMain.java:187)
	at com.kms.katalon.core.main.TestCaseMain$startTestSuite$0.call(Unknown Source)
	at TempTestSuite1697635126638.run(TempTestSuite1697635126638.groovy:36)]]></system-err>
      </testcase>
      <testcase name="Test Cases/ANDROID/OMN PI/ANDROID_FR_getSubscriptionConfigForOMN_Ultimate" time="1.67" classname="Test Cases/ANDROID/OMN PI/ANDROID_FR_getSubscriptionConfigForOMN_Ultimate" status="FAILED">
         <failure type="FAILED" message="Test Cases/ANDROID/OMN PI/ANDROID_FR_getSubscriptionConfigForOMN_Ultimate FAILED.
Reason:
com.kms.katalon.core.exception.StepFailedException: Expected element property value 'Plan Annuel ' is not equal with actual property value 'Plan Annuel ​'
	at com.kms.katalon.core.keyword.internal.KeywordMain.stepFailed(KeywordMain.groovy:39)
	at com.kms.katalon.core.webservice.keyword.builtin.VerifyElementPropertyValueKeyword$_verifyElementPropertyValue_closure1.doCall(VerifyElementPropertyValueKeyword.groovy:56)
	at com.kms.katalon.core.webservice.keyword.builtin.VerifyElementPropertyValueKeyword$_verifyElementPropertyValue_closure1.call(VerifyElementPropertyValueKeyword.groovy)
	at com.kms.katalon.core.keyword.internal.KeywordMain.runKeyword(KeywordMain.groovy:75)
	at com.kms.katalon.core.webservice.keyword.builtin.VerifyElementPropertyValueKeyword.verifyElementPropertyValue(VerifyElementPropertyValueKeyword.groovy:48)
	at com.kms.katalon.core.webservice.keyword.builtin.VerifyElementPropertyValueKeyword.execute(VerifyElementPropertyValueKeyword.groovy:43)
	at com.kms.katalon.core.keyword.internal.KeywordExecutor.executeKeywordForPlatform(KeywordExecutor.groovy:74)
	at com.kms.katalon.core.webservice.keyword.WSBuiltInKeywords.verifyElementPropertyValue(WSBuiltInKeywords.groovy:190)
	at com.kms.katalon.core.webservice.keyword.WSBuiltInKeywords$verifyElementPropertyValue$1.call(Unknown Source)
	at ANDROID_FR_getSubscriptionConfigForOMN_Ultimate.run(ANDROID_FR_getSubscriptionConfigForOMN_Ultimate:100)
	at com.kms.katalon.core.main.ScriptEngine.run(ScriptEngine.java:194)
	at com.kms.katalon.core.main.ScriptEngine.runScriptAsRawText(ScriptEngine.java:119)
	at com.kms.katalon.core.main.TestCaseExecutor.runScript(TestCaseExecutor.java:448)
	at com.kms.katalon.core.main.TestCaseExecutor.doExecute(TestCaseExecutor.java:439)
	at com.kms.katalon.core.main.TestCaseExecutor.processExecutionPhase(TestCaseExecutor.java:418)
	at com.kms.katalon.core.main.TestCaseExecutor.accessMainPhase(TestCaseExecutor.java:410)
	at com.kms.katalon.core.main.TestCaseExecutor.execute(TestCaseExecutor.java:285)
	at com.kms.katalon.core.common.CommonExecutor.accessTestCaseMainPhase(CommonExecutor.java:65)
	at com.kms.katalon.core.main.TestSuiteExecutor.accessTestSuiteMainPhase(TestSuiteExecutor.java:148)
	at com.kms.katalon.core.main.TestSuiteExecutor.execute(TestSuiteExecutor.java:106)
	at com.kms.katalon.core.main.TestCaseMain.startTestSuite(TestCaseMain.java:187)
	at com.kms.katalon.core.main.TestCaseMain$startTestSuite$0.call(Unknown Source)
	at TempTestSuite1697635126638.run(TempTestSuite1697635126638.groovy:36)
"/>
         <system-out><![CDATA[2023-10-18 16:22:21 - [TEST_CASE][FAILED] - Test Cases/ANDROID/OMN PI/ANDROID_FR_getSubscriptionConfigForOMN_Ultimate: Test Cases/ANDROID/OMN PI/ANDROID_FR_getSubscriptionConfigForOMN_Ultimate FAILED.
Reason:
com.kms.katalon.core.exception.StepFailedException: Expected element property value 'Plan Annuel ' is not equal with actual property value 'Plan Annuel ​'
	at com.kms.katalon.core.keyword.internal.KeywordMain.stepFailed(KeywordMain.groovy:39)
	at com.kms.katalon.core.webservice.keyword.builtin.VerifyElementPropertyValueKeyword$_verifyElementPropertyValue_closure1.doCall(VerifyElementPropertyValueKeyword.groovy:56)
	at com.kms.katalon.core.webservice.keyword.builtin.VerifyElementPropertyValueKeyword$_verifyElementPropertyValue_closure1.call(VerifyElementPropertyValueKeyword.groovy)
	at com.kms.katalon.core.keyword.internal.KeywordMain.runKeyword(KeywordMain.groovy:75)
	at com.kms.katalon.core.webservice.keyword.builtin.VerifyElementPropertyValueKeyword.verifyElementPropertyValue(VerifyElementPropertyValueKeyword.groovy:48)
	at com.kms.katalon.core.webservice.keyword.builtin.VerifyElementPropertyValueKeyword.execute(VerifyElementPropertyValueKeyword.groovy:43)
	at com.kms.katalon.core.keyword.internal.KeywordExecutor.executeKeywordForPlatform(KeywordExecutor.groovy:74)
	at com.kms.katalon.core.webservice.keyword.WSBuiltInKeywords.verifyElementPropertyValue(WSBuiltInKeywords.groovy:190)
	at com.kms.katalon.core.webservice.keyword.WSBuiltInKeywords$verifyElementPropertyValue$1.call(Unknown Source)
	at ANDROID_FR_getSubscriptionConfigForOMN_Ultimate.run(ANDROID_FR_getSubscriptionConfigForOMN_Ultimate:100)
	at com.kms.katalon.core.main.ScriptEngine.run(ScriptEngine.java:194)
	at com.kms.katalon.core.main.ScriptEngine.runScriptAsRawText(ScriptEngine.java:119)
	at com.kms.katalon.core.main.TestCaseExecutor.runScript(TestCaseExecutor.java:448)
	at com.kms.katalon.core.main.TestCaseExecutor.doExecute(TestCaseExecutor.java:439)
	at com.kms.katalon.core.main.TestCaseExecutor.processExecutionPhase(TestCaseExecutor.java:418)
	at com.kms.katalon.core.main.TestCaseExecutor.accessMainPhase(TestCaseExecutor.java:410)
	at com.kms.katalon.core.main.TestCaseExecutor.execute(TestCaseExecutor.java:285)
	at com.kms.katalon.core.common.CommonExecutor.accessTestCaseMainPhase(CommonExecutor.java:65)
	at com.kms.katalon.core.main.TestSuiteExecutor.accessTestSuiteMainPhase(TestSuiteExecutor.java:148)
	at com.kms.katalon.core.main.TestSuiteExecutor.execute(TestSuiteExecutor.java:106)
	at com.kms.katalon.core.main.TestCaseMain.startTestSuite(TestCaseMain.java:187)
	at com.kms.katalon.core.main.TestCaseMain$startTestSuite$0.call(Unknown Source)
	at TempTestSuite1697635126638.run(TempTestSuite1697635126638.groovy:36)


2023-10-18 16:22:21 - [TEST_STEP][PASSED] - getResponse = config_files.getConfigFile.getConfig("ANDROID_APP", "FR", "SHAHID_VIP_GEA_SPORT", "OM", "false"): config_files.getConfigFile.getConfig is PASSED

2023-10-18 16:22:22 - [MESSAGE][INFO] - HAR: /Users/admin/git/shahid-configuration/Reports/20231018_161841/Android/OMN PI/20231018_161846/requests/main/2.har

2023-10-18 16:22:22 - [MESSAGE][PASSED] - Send request successfully

2023-10-18 16:22:22 - [MESSAGE][PASSED] - config_files.getConfigFile.getConfig is PASSED

2023-10-18 16:22:22 - [TEST_STEP][PASSED] - verifyResponseStatusCode(getResponse, 200): Verify response status code successfully

2023-10-18 16:22:22 - [MESSAGE][PASSED] - Verify response status code successfully

2023-10-18 16:22:22 - [TEST_STEP][PASSED] - verifyElementPropertyValue(getResponse, "country", "OMN"): Verify element property value successfully

2023-10-18 16:22:22 - [MESSAGE][PASSED] - Verify element property value successfully

2023-10-18 16:22:22 - [TEST_STEP][PASSED] - verifyElementPropertyValue(getResponse, "platform", "[ANDROID_APP]"): Verify element property value successfully

2023-10-18 16:22:22 - [MESSAGE][PASSED] - Verify element property value successfully

2023-10-18 16:22:22 - [TEST_STEP][PASSED] - verifyElementPropertyValue(getResponse, "groups[0].pricingPlans[0].featured", "true"): Verify element property value successfully

2023-10-18 16:22:22 - [MESSAGE][PASSED] - Verify element property value successfully

2023-10-18 16:22:22 - [TEST_STEP][PASSED] - verifyElementPropertyValue(getResponse, "groups[0].pricingPlans[0].packageId", "SHAHID_VIP_GEA_SPORT"): Verify element property value successfully

2023-10-18 16:22:22 - [MESSAGE][PASSED] - Verify element property value successfully

2023-10-18 16:22:22 - [TEST_STEP][PASSED] - verifyElementPropertyValue(getResponse, "groups[0].pricingPlans[0].catalogId", "GEA"): Verify element property value successfully

2023-10-18 16:22:22 - [MESSAGE][PASSED] - Verify element property value successfully

2023-10-18 16:22:22 - [TEST_STEP][PASSED] - verifyElementPropertyValue(getResponse, "groups[0].pricingPlans[0].visualElements[0].key", "Header_1_text"): Verify element property value successfully

2023-10-18 16:22:22 - [MESSAGE][PASSED] - Verify element property value successfully

2023-10-18 16:22:22 - [TEST_STEP][PASSED] - verifyElementPropertyValue(getResponse, "groups[0].pricingPlans[0].visualElements[0].value", "Abonnez-vous dès maintenant et profitez de vos programmes sans publicité"): Verify element property value successfully

2023-10-18 16:22:22 - [MESSAGE][PASSED] - Verify element property value successfully

2023-10-18 16:22:22 - [TEST_STEP][PASSED] - verifyElementPropertyValue(getResponse, "groups[0].pricingPlans[0].visualElements[1].key", "display_title"): Verify element property value successfully

2023-10-18 16:22:22 - [MESSAGE][PASSED] - Verify element property value successfully

2023-10-18 16:22:22 - [TEST_STEP][PASSED] - verifyElementPropertyValue(getResponse, "groups[0].pricingPlans[0].visualElements[1].value", "Plan Mensuel"): Verify element property value successfully

2023-10-18 16:22:22 - [MESSAGE][PASSED] - Verify element property value successfully

2023-10-18 16:22:22 - [TEST_STEP][PASSED] - verifyElementPropertyValue(getResponse, "groups[0].pricingPlans[0].visualElements[3].key", "promo_text"): Verify element property value successfully

2023-10-18 16:22:22 - [MESSAGE][PASSED] - Verify element property value successfully

2023-10-18 16:22:22 - [TEST_STEP][PASSED] - verifyElementPropertyValue(getResponse, "groups[0].pricingPlans[0].visualElements[3].value", "7.99 OMR  / mois"): Verify element property value successfully

2023-10-18 16:22:22 - [MESSAGE][PASSED] - Verify element property value successfully

2023-10-18 16:22:22 - [TEST_STEP][PASSED] - verifyElementPropertyValue(getResponse, "groups[0].pricingPlans[0].visualElements[4].key", "deduction_text"): Verify element property value successfully

2023-10-18 16:22:22 - [MESSAGE][PASSED] - Verify element property value successfully

2023-10-18 16:22:22 - [TEST_STEP][PASSED] - verifyElementPropertyValue(getResponse, "groups[0].pricingPlans[0].visualElements[4].value", "facturation mensuelle"): Verify element property value successfully

2023-10-18 16:22:22 - [MESSAGE][PASSED] - Verify element property value successfully

2023-10-18 16:22:22 - [TEST_STEP][PASSED] - verifyElementPropertyValue(getResponse, "groups[0].pricingPlans[0].visualElements[7].key", "show_payment_logo"): Verify element property value successfully

2023-10-18 16:22:22 - [MESSAGE][PASSED] - Verify element property value successfully

2023-10-18 16:22:22 - [TEST_STEP][PASSED] - verifyElementPropertyValue(getResponse, "groups[0].pricingPlans[0].visualElements[7].value", "true"): Verify element property value successfully

2023-10-18 16:22:22 - [MESSAGE][PASSED] - Verify element property value successfully

2023-10-18 16:22:22 - [TEST_STEP][PASSED] - verifyElementPropertyValue(getResponse, "groups[0].pricingPlans[0].visualElements[8].key", "show_tag"): Verify element property value successfully

2023-10-18 16:22:22 - [MESSAGE][PASSED] - Verify element property value successfully

2023-10-18 16:22:22 - [TEST_STEP][PASSED] - verifyElementPropertyValue(getResponse, "groups[0].pricingPlans[0].visualElements[8].value", "false"): Verify element property value successfully

2023-10-18 16:22:22 - [MESSAGE][PASSED] - Verify element property value successfully

2023-10-18 16:22:22 - [TEST_STEP][PASSED] - verifyElementPropertyValue(getResponse, "groups[0].pricingPlans[0].visualElements[10].key", "price"): Verify element property value successfully

2023-10-18 16:22:22 - [MESSAGE][PASSED] - Verify element property value successfully

2023-10-18 16:22:22 - [TEST_STEP][PASSED] - verifyElementPropertyValue(getResponse, "groups[0].pricingPlans[0].visualElements[10].value", "7.99"): Verify element property value successfully

2023-10-18 16:22:22 - [MESSAGE][PASSED] - Verify element property value successfully

2023-10-18 16:22:22 - [TEST_STEP][PASSED] - verifyElementPropertyValue(getResponse, "groups[0].pricingPlans[0].visualElements[11].key", "currency"): Verify element property value successfully

2023-10-18 16:22:22 - [MESSAGE][PASSED] - Verify element property value successfully

2023-10-18 16:22:22 - [TEST_STEP][PASSED] - verifyElementPropertyValue(getResponse, "groups[0].pricingPlans[0].visualElements[11].value", "OMR"): Verify element property value successfully

2023-10-18 16:22:22 - [MESSAGE][PASSED] - Verify element property value successfully

2023-10-18 16:22:22 - [TEST_STEP][PASSED] - verifyElementPropertyValue(getResponse, "groups[0].pricingPlans[0].visualElements[12].key", "duration"): Verify element property value successfully

2023-10-18 16:22:22 - [MESSAGE][PASSED] - Verify element property value successfully

2023-10-18 16:22:22 - [TEST_STEP][PASSED] - verifyElementPropertyValue(getResponse, "groups[0].pricingPlans[0].visualElements[12].value", "Mensuel"): Verify element property value successfully

2023-10-18 16:22:22 - [MESSAGE][PASSED] - Verify element property value successfully

2023-10-18 16:22:22 - [TEST_STEP][PASSED] - verifyElementPropertyValue(getResponse, "groups[0].pricingPlans[0].visualElements[13].key", "featured_tag_text"): Verify element property value successfully

2023-10-18 16:22:22 - [MESSAGE][PASSED] - Verify element property value successfully

2023-10-18 16:22:22 - [TEST_STEP][PASSED] - verifyElementPropertyValue(getResponse, "groups[0].pricingPlans[0].visualElements[13].value", "Le plus populaire"): Verify element property value successfully

2023-10-18 16:22:22 - [MESSAGE][PASSED] - Verify element property value successfully

2023-10-18 16:22:22 - [TEST_STEP][PASSED] - verifyElementPropertyValue(getResponse, "groups[0].pricingPlans[0].order", "9"): Verify element property value successfully

2023-10-18 16:22:22 - [MESSAGE][PASSED] - Verify element property value successfully

2023-10-18 16:22:22 - [TEST_STEP][PASSED] - verifyElementPropertyValue(getResponse, "groups[0].pricingPlans[0].period", "monthly"): Verify element property value successfully

2023-10-18 16:22:22 - [MESSAGE][PASSED] - Verify element property value successfully

2023-10-18 16:22:22 - [TEST_STEP][PASSED] - verifyElementPropertyValue(getResponse, "groups[0].pricingPlans[0].price", "7.99"): Verify element property value successfully

2023-10-18 16:22:22 - [MESSAGE][PASSED] - Verify element property value successfully

2023-10-18 16:22:22 - [TEST_STEP][PASSED] - verifyElementPropertyValue(getResponse, "groups[0].pricingPlans[0].currency", "OMR"): Verify element property value successfully

2023-10-18 16:22:22 - [MESSAGE][PASSED] - Verify element property value successfully

2023-10-18 16:22:22 - [TEST_STEP][PASSED] - verifyElementPropertyValue(getResponse, "groups[0].pricingPlans[0].pricingPlanData[0].productId", "OMN_B2C_SHAHID_VIP_GEA_SPORT_1M"): Verify element property value successfully

2023-10-18 16:22:22 - [MESSAGE][PASSED] - Verify element property value successfully

2023-10-18 16:22:22 - [TEST_STEP][PASSED] - verifyElementPropertyValue(getResponse, "groups[0].pricingPlans[0].pricingPlanData[0].subPricingPlanIds", "[net.shahid.monthly.platinumgea]"): Verify element property value successfully

2023-10-18 16:22:22 - [MESSAGE][PASSED] - Verify element property value successfully

2023-10-18 16:22:22 - [TEST_STEP][PASSED] - verifyElementPropertyValue(getResponse, "groups[0].pricingPlans[0].pricingPlanData[0].paymentMethod", "GOOGLE_IAP"): Verify element property value successfully

2023-10-18 16:22:22 - [MESSAGE][PASSED] - Verify element property value successfully

2023-10-18 16:22:22 - [TEST_STEP][PASSED] - verifyElementPropertyValue(getResponse, "groups[0].pricingPlans[0].pricingPlanData[0].freeTrialEnabled", "false"): Verify element property value successfully

2023-10-18 16:22:22 - [MESSAGE][PASSED] - Verify element property value successfully

2023-10-18 16:22:22 - [TEST_STEP][PASSED] - verifyElementPropertyValue(getResponse, "groups[0].pricingPlans[0].pricingPlanData[0].visualElements[1].key", "CTA_text"): Verify element property value successfully

2023-10-18 16:22:22 - [MESSAGE][PASSED] - Verify element property value successfully

2023-10-18 16:22:22 - [TEST_STEP][PASSED] - verifyElementPropertyValue(getResponse, "groups[0].pricingPlans[0].pricingPlanData[0].visualElements[1].value", "S’abonner"): Verify element property value successfully

2023-10-18 16:22:22 - [MESSAGE][PASSED] - Verify element property value successfully

2023-10-18 16:22:22 - [TEST_STEP][PASSED] - verifyElementPropertyValue(getResponse, "groups[0].pricingPlans[0].pricingPlanData[0].visualElements[2].key", "logo"): Verify element property value successfully

2023-10-18 16:22:22 - [MESSAGE][PASSED] - Verify element property value successfully

2023-10-18 16:22:22 - [TEST_STEP][PASSED] - verifyElementPropertyValue(getResponse, "groups[0].pricingPlans[0].pricingPlanData[0].visualElements[2].value", "google"): Verify element property value successfully

2023-10-18 16:22:22 - [MESSAGE][PASSED] - Verify element property value successfully

2023-10-18 16:22:22 - [TEST_STEP][PASSED] - verifyElementPropertyValue(getResponse, "groups[0].pricingPlans[0].pricingPlanData[0].priceLabel", "7.99"): Verify element property value successfully

2023-10-18 16:22:22 - [MESSAGE][PASSED] - Verify element property value successfully

2023-10-18 16:22:22 - [TEST_STEP][PASSED] - verifyElementPropertyValue(getResponse, "groups[0].pricingPlans[0].pricingPlanData[0].currencyLabel", "OMR"): Verify element property value successfully

2023-10-18 16:22:22 - [MESSAGE][PASSED] - Verify element property value successfully

2023-10-18 16:22:22 - [TEST_STEP][PASSED] - verifyElementPropertyValue(getResponse, "groups[0].pricingPlans[2].featured", "false"): Verify element property value successfully

2023-10-18 16:22:22 - [MESSAGE][PASSED] - Verify element property value successfully

2023-10-18 16:22:22 - [TEST_STEP][PASSED] - verifyElementPropertyValue(getResponse, "groups[0].pricingPlans[2].packageId", "SHAHID_VIP_GEA_SPORT"): Verify element property value successfully

2023-10-18 16:22:22 - [MESSAGE][PASSED] - Verify element property value successfully

2023-10-18 16:22:22 - [TEST_STEP][PASSED] - verifyElementPropertyValue(getResponse, "groups[0].pricingPlans[2].catalogId", "GEA"): Verify element property value successfully

2023-10-18 16:22:22 - [MESSAGE][PASSED] - Verify element property value successfully

2023-10-18 16:22:22 - [TEST_STEP][PASSED] - verifyElementPropertyValue(getResponse, "groups[0].pricingPlans[2].visualElements[0].key", "Header_1_text"): Verify element property value successfully

2023-10-18 16:22:22 - [MESSAGE][PASSED] - Verify element property value successfully

2023-10-18 16:22:22 - [TEST_STEP][PASSED] - verifyElementPropertyValue(getResponse, "groups[0].pricingPlans[2].visualElements[0].value", "Abonnez-vous dès maintenant et profitez de vos programmes sans publicité"): Verify element property value successfully

2023-10-18 16:22:22 - [MESSAGE][PASSED] - Verify element property value successfully

2023-10-18 16:22:22 - [TEST_STEP][PASSED] - verifyElementPropertyValue(getResponse, "groups[0].pricingPlans[2].visualElements[1].key", "display_title"): Verify element property value successfully

2023-10-18 16:22:22 - [MESSAGE][PASSED] - Verify element property value successfully

2023-10-18 16:22:22 - [TEST_STEP][FAILED] - verifyElementPropertyValue(getResponse, "groups[0].pricingPlans[2].visualElements[1].value", "Plan Annuel "): Expected element property value 'Plan Annuel ' is not equal with actual property value 'Plan Annuel ​'

2023-10-18 16:22:22 - [MESSAGE][FAILED] - Expected element property value 'Plan Annuel ' is not equal with actual property value 'Plan Annuel ​'

2023-10-18 16:22:22 - [TEST_STEP][PASSED] - verifyElementPropertyValue(getResponse, "groups[0].pricingPlans[2].visualElements[2].key", "tag_text"): Verify element property value successfully

2023-10-18 16:22:22 - [MESSAGE][PASSED] - Verify element property value successfully

2023-10-18 16:22:22 - [TEST_STEP][PASSED] - verifyElementPropertyValue(getResponse, "groups[0].pricingPlans[2].visualElements[2].value", "Économisez 15%"): Verify element property value successfully

2023-10-18 16:22:22 - [MESSAGE][PASSED] - Verify element property value successfully

2023-10-18 16:22:22 - [TEST_STEP][PASSED] - verifyElementPropertyValue(getResponse, "groups[0].pricingPlans[2].visualElements[3].key", "promo_text"): Verify element property value successfully

2023-10-18 16:22:22 - [MESSAGE][PASSED] - Verify element property value successfully

2023-10-18 16:22:22 - [TEST_STEP][PASSED] - verifyElementPropertyValue(getResponse, "groups[0].pricingPlans[2].visualElements[3].value", "6.82 OMR / mois"): Verify element property value successfully

2023-10-18 16:22:22 - [MESSAGE][PASSED] - Verify element property value successfully

2023-10-18 16:22:22 - [TEST_STEP][PASSED] - verifyElementPropertyValue(getResponse, "groups[0].pricingPlans[2].visualElements[4].key", "deduction_text"): Verify element property value successfully

2023-10-18 16:22:22 - [MESSAGE][PASSED] - Verify element property value successfully

2023-10-18 16:22:22 - [TEST_STEP][PASSED] - verifyElementPropertyValue(getResponse, "groups[0].pricingPlans[2].visualElements[4].value", "81.89 OMR facturés chaque année"): Verify element property value successfully

2023-10-18 16:22:22 - [MESSAGE][PASSED] - Verify element property value successfully

2023-10-18 16:22:22 - [TEST_STEP][PASSED] - verifyElementPropertyValue(getResponse, "groups[0].pricingPlans[2].visualElements[7].key", "show_payment_logo"): Verify element property value successfully

2023-10-18 16:22:22 - [MESSAGE][PASSED] - Verify element property value successfully

2023-10-18 16:22:22 - [TEST_STEP][PASSED] - verifyElementPropertyValue(getResponse, "groups[0].pricingPlans[2].visualElements[7].value", "true"): Verify element property value successfully

2023-10-18 16:22:22 - [MESSAGE][PASSED] - Verify element property value successfully

2023-10-18 16:22:22 - [TEST_STEP][PASSED] - verifyElementPropertyValue(getResponse, "groups[0].pricingPlans[2].visualElements[8].key", "show_tag"): Verify element property value successfully

2023-10-18 16:22:22 - [MESSAGE][PASSED] - Verify element property value successfully

2023-10-18 16:22:22 - [TEST_STEP][PASSED] - verifyElementPropertyValue(getResponse, "groups[0].pricingPlans[2].visualElements[8].value", "true"): Verify element property value successfully

2023-10-18 16:22:22 - [MESSAGE][PASSED] - Verify element property value successfully

2023-10-18 16:22:22 - [TEST_STEP][PASSED] - verifyElementPropertyValue(getResponse, "groups[0].pricingPlans[2].visualElements[10].key", "price"): Verify element property value successfully

2023-10-18 16:22:22 - [MESSAGE][PASSED] - Verify element property value successfully

2023-10-18 16:22:22 - [TEST_STEP][PASSED] - verifyElementPropertyValue(getResponse, "groups[0].pricingPlans[2].visualElements[10].value", "81.89"): Verify element property value successfully

2023-10-18 16:22:22 - [MESSAGE][PASSED] - Verify element property value successfully

2023-10-18 16:22:22 - [TEST_STEP][PASSED] - verifyElementPropertyValue(getResponse, "groups[0].pricingPlans[2].visualElements[11].key", "currency"): Verify element property value successfully

2023-10-18 16:22:22 - [MESSAGE][PASSED] - Verify element property value successfully

2023-10-18 16:22:22 - [TEST_STEP][PASSED] - verifyElementPropertyValue(getResponse, "groups[0].pricingPlans[2].visualElements[11].value", "OMR"): Verify element property value successfully

2023-10-18 16:22:22 - [MESSAGE][PASSED] - Verify element property value successfully

2023-10-18 16:22:22 - [TEST_STEP][PASSED] - verifyElementPropertyValue(getResponse, "groups[0].pricingPlans[2].visualElements[12].key", "duration"): Verify element property value successfully

2023-10-18 16:22:22 - [MESSAGE][PASSED] - Verify element property value successfully

2023-10-18 16:22:22 - [TEST_STEP][PASSED] - verifyElementPropertyValue(getResponse, "groups[0].pricingPlans[2].visualElements[12].value", "Annuel"): Verify element property value successfully

2023-10-18 16:22:22 - [MESSAGE][PASSED] - Verify element property value successfully

2023-10-18 16:22:22 - [TEST_STEP][PASSED] - verifyElementPropertyValue(getResponse, "groups[0].pricingPlans[2].order", "11"): Verify element property value successfully

2023-10-18 16:22:22 - [MESSAGE][PASSED] - Verify element property value successfully

2023-10-18 16:22:22 - [TEST_STEP][PASSED] - verifyElementPropertyValue(getResponse, "groups[0].pricingPlans[2].period", "yearly"): Verify element property value successfully

2023-10-18 16:22:22 - [MESSAGE][PASSED] - Verify element property value successfully

2023-10-18 16:22:22 - [TEST_STEP][PASSED] - verifyElementPropertyValue(getResponse, "groups[0].pricingPlans[2].price", "81.89"): Verify element property value successfully

2023-10-18 16:22:22 - [MESSAGE][PASSED] - Verify element property value successfully

2023-10-18 16:22:22 - [TEST_STEP][PASSED] - verifyElementPropertyValue(getResponse, "groups[0].pricingPlans[2].currency", "OMR"): Verify element property value successfully

2023-10-18 16:22:22 - [MESSAGE][PASSED] - Verify element property value successfully

2023-10-18 16:22:22 - [TEST_STEP][PASSED] - verifyElementPropertyValue(getResponse, "groups[0].pricingPlans[2].pricingPlanData[0].productId", "OMN_B2C_SHAHID_VIP_GEA_SPORT_12M"): Verify element property value successfully

2023-10-18 16:22:22 - [MESSAGE][PASSED] - Verify element property value successfully

2023-10-18 16:22:22 - [TEST_STEP][PASSED] - verifyElementPropertyValue(getResponse, "groups[0].pricingPlans[2].pricingPlanData[0].subPricingPlanIds", "[net.shahid.12months.platinumgea]"): Verify element property value successfully

2023-10-18 16:22:22 - [MESSAGE][PASSED] - Verify element property value successfully

2023-10-18 16:22:22 - [TEST_STEP][PASSED] - verifyElementPropertyValue(getResponse, "groups[0].pricingPlans[2].pricingPlanData[0].paymentMethod", "GOOGLE_IAP"): Verify element property value successfully

2023-10-18 16:22:22 - [MESSAGE][PASSED] - Verify element property value successfully

2023-10-18 16:22:22 - [TEST_STEP][PASSED] - verifyElementPropertyValue(getResponse, "groups[0].pricingPlans[2].pricingPlanData[0].freeTrialEnabled", "false"): Verify element property value successfully

2023-10-18 16:22:22 - [MESSAGE][PASSED] - Verify element property value successfully

2023-10-18 16:22:22 - [TEST_STEP][PASSED] - verifyElementPropertyValue(getResponse, "groups[0].pricingPlans[2].pricingPlanData[0].visualElements[1].key", "CTA_text"): Verify element property value successfully

2023-10-18 16:22:22 - [MESSAGE][PASSED] - Verify element property value successfully

2023-10-18 16:22:22 - [TEST_STEP][PASSED] - verifyElementPropertyValue(getResponse, "groups[0].pricingPlans[2].pricingPlanData[0].visualElements[1].value", "S’abonner"): Verify element property value successfully

2023-10-18 16:22:22 - [MESSAGE][PASSED] - Verify element property value successfully

2023-10-18 16:22:22 - [TEST_STEP][PASSED] - verifyElementPropertyValue(getResponse, "groups[0].pricingPlans[2].pricingPlanData[0].visualElements[2].key", "logo"): Verify element property value successfully

2023-10-18 16:22:22 - [MESSAGE][PASSED] - Verify element property value successfully

2023-10-18 16:22:22 - [TEST_STEP][PASSED] - verifyElementPropertyValue(getResponse, "groups[0].pricingPlans[2].pricingPlanData[0].visualElements[2].value", "google"): Verify element property value successfully

2023-10-18 16:22:22 - [MESSAGE][PASSED] - Verify element property value successfully

2023-10-18 16:22:22 - [TEST_STEP][PASSED] - verifyElementPropertyValue(getResponse, "groups[0].pricingPlans[2].pricingPlanData[0].priceLabel", "81.89"): Verify element property value successfully

2023-10-18 16:22:22 - [MESSAGE][PASSED] - Verify element property value successfully

2023-10-18 16:22:22 - [TEST_STEP][PASSED] - verifyElementPropertyValue(getResponse, "groups[0].pricingPlans[2].pricingPlanData[0].currencyLabel", "OMR"): Verify element property value successfully

2023-10-18 16:22:22 - [MESSAGE][PASSED] - Verify element property value successfully

2023-10-18 16:22:22 - [TEST_STEP][PASSED] - verifyElementPropertyValue(getResponse, "groups[0].pricingPlans[2].pricingPlanData[0].allowedForAcquisition", "true"): Verify element property value successfully

2023-10-18 16:22:22 - [MESSAGE][PASSED] - Verify element property value successfully

2023-10-18 16:22:22 - [TEST_STEP][PASSED] - verifyElementPropertyValue(getResponse, "groups[0].pricingPlans[2].pricingPlanData[0].showIn[0]", "VERTICAL_MODE"): Verify element property value successfully

2023-10-18 16:22:22 - [MESSAGE][PASSED] - Verify element property value successfully

2023-10-18 16:22:22 - [TEST_STEP][PASSED] - verifyElementPropertyValue(getResponse, "groups[0].pricingPlans[2].pricingPlanData[0].showIn[1]", "HORIZONTAL_MODE"): Verify element property value successfully

2023-10-18 16:22:22 - [MESSAGE][PASSED] - Verify element property value successfully

2023-10-18 16:22:22 - [TEST_STEP][PASSED] - verifyElementPropertyValue(getResponse, "visualElements[0].key", "main_CTA_text_1"): Verify element property value successfully

2023-10-18 16:22:22 - [MESSAGE][PASSED] - Verify element property value successfully

2023-10-18 16:22:22 - [TEST_STEP][PASSED] - verifyElementPropertyValue(getResponse, "visualElements[0].value", "Abonnez-vous dès maintenant et profitez de vos programmes sans publicité"): Verify element property value successfully

2023-10-18 16:22:22 - [MESSAGE][PASSED] - Verify element property value successfully

2023-10-18 16:22:22 - [TEST_STEP][PASSED] - verifyElementPropertyValue(getResponse, "visualElements[2].key", "main_disclaimer_text"): Verify element property value successfully

2023-10-18 16:22:22 - [MESSAGE][PASSED] - Verify element property value successfully

2023-10-18 16:22:22 - [TEST_STEP][PASSED] - verifyElementPropertyValue(getResponse, "visualElements[2].value", "L'offre n'est pas valable pour les anciens abonnés via Google Play. Les frais d’abonnement peuvent varier selon le pays, le moyen de paiement, le forfait, les taxes, les taux de change et les frais bancaires. Les conditions générales d’utilisation s’appliquent."): Verify element property value successfully

2023-10-18 16:22:22 - [MESSAGE][PASSED] - Verify element property value successfully

2023-10-18 16:22:22 - [TEST_STEP][PASSED] - verifyElementPropertyValue(getResponse, "visualElements[4].key", "display_type"): Verify element property value successfully

2023-10-18 16:22:22 - [MESSAGE][PASSED] - Verify element property value successfully

2023-10-18 16:22:22 - [TEST_STEP][PASSED] - verifyElementPropertyValue(getResponse, "visualElements[4].value", "vertical"): Verify element property value successfully

2023-10-18 16:22:22 - [MESSAGE][PASSED] - Verify element property value successfully

2023-10-18 16:22:22 - [TEST_STEP][PASSED] - verifyElementPropertyValue(getResponse, "defaultPackageId", "SHAHID_VIP"): Verify element property value successfully

2023-10-18 16:22:22 - [MESSAGE][PASSED] - Verify element property value successfully]]></system-out>
         <system-err><![CDATA[2023-10-18 16:22:21 - [TEST_CASE][FAILED] - Test Cases/ANDROID/OMN PI/ANDROID_FR_getSubscriptionConfigForOMN_Ultimate: Test Cases/ANDROID/OMN PI/ANDROID_FR_getSubscriptionConfigForOMN_Ultimate FAILED.
Reason:
com.kms.katalon.core.exception.StepFailedException: Expected element property value 'Plan Annuel ' is not equal with actual property value 'Plan Annuel ​'
	at com.kms.katalon.core.keyword.internal.KeywordMain.stepFailed(KeywordMain.groovy:39)
	at com.kms.katalon.core.webservice.keyword.builtin.VerifyElementPropertyValueKeyword$_verifyElementPropertyValue_closure1.doCall(VerifyElementPropertyValueKeyword.groovy:56)
	at com.kms.katalon.core.webservice.keyword.builtin.VerifyElementPropertyValueKeyword$_verifyElementPropertyValue_closure1.call(VerifyElementPropertyValueKeyword.groovy)
	at com.kms.katalon.core.keyword.internal.KeywordMain.runKeyword(KeywordMain.groovy:75)
	at com.kms.katalon.core.webservice.keyword.builtin.VerifyElementPropertyValueKeyword.verifyElementPropertyValue(VerifyElementPropertyValueKeyword.groovy:48)
	at com.kms.katalon.core.webservice.keyword.builtin.VerifyElementPropertyValueKeyword.execute(VerifyElementPropertyValueKeyword.groovy:43)
	at com.kms.katalon.core.keyword.internal.KeywordExecutor.executeKeywordForPlatform(KeywordExecutor.groovy:74)
	at com.kms.katalon.core.webservice.keyword.WSBuiltInKeywords.verifyElementPropertyValue(WSBuiltInKeywords.groovy:190)
	at com.kms.katalon.core.webservice.keyword.WSBuiltInKeywords$verifyElementPropertyValue$1.call(Unknown Source)
	at ANDROID_FR_getSubscriptionConfigForOMN_Ultimate.run(ANDROID_FR_getSubscriptionConfigForOMN_Ultimate:100)
	at com.kms.katalon.core.main.ScriptEngine.run(ScriptEngine.java:194)
	at com.kms.katalon.core.main.ScriptEngine.runScriptAsRawText(ScriptEngine.java:119)
	at com.kms.katalon.core.main.TestCaseExecutor.runScript(TestCaseExecutor.java:448)
	at com.kms.katalon.core.main.TestCaseExecutor.doExecute(TestCaseExecutor.java:439)
	at com.kms.katalon.core.main.TestCaseExecutor.processExecutionPhase(TestCaseExecutor.java:418)
	at com.kms.katalon.core.main.TestCaseExecutor.accessMainPhase(TestCaseExecutor.java:410)
	at com.kms.katalon.core.main.TestCaseExecutor.execute(TestCaseExecutor.java:285)
	at com.kms.katalon.core.common.CommonExecutor.accessTestCaseMainPhase(CommonExecutor.java:65)
	at com.kms.katalon.core.main.TestSuiteExecutor.accessTestSuiteMainPhase(TestSuiteExecutor.java:148)
	at com.kms.katalon.core.main.TestSuiteExecutor.execute(TestSuiteExecutor.java:106)
	at com.kms.katalon.core.main.TestCaseMain.startTestSuite(TestCaseMain.java:187)
	at com.kms.katalon.core.main.TestCaseMain$startTestSuite$0.call(Unknown Source)
	at TempTestSuite1697635126638.run(TempTestSuite1697635126638.groovy:36)]]></system-err>
      </testcase>
      <testcase name="Test Cases/ANDROID/OMN PI/ANDROID_FR_getSubscriptionConfigForOMN_VIP" time="2.863" classname="Test Cases/ANDROID/OMN PI/ANDROID_FR_getSubscriptionConfigForOMN_VIP" status="FAILED">
         <failure type="FAILED" message="Test Cases/ANDROID/OMN PI/ANDROID_FR_getSubscriptionConfigForOMN_VIP FAILED.
Reason:
com.kms.katalon.core.exception.StepFailedException: Expected element property value 'Plan Annuel ' is not equal with actual property value 'Plan Annuel ​'
	at com.kms.katalon.core.keyword.internal.KeywordMain.stepFailed(KeywordMain.groovy:39)
	at com.kms.katalon.core.webservice.keyword.builtin.VerifyElementPropertyValueKeyword$_verifyElementPropertyValue_closure1.doCall(VerifyElementPropertyValueKeyword.groovy:56)
	at com.kms.katalon.core.webservice.keyword.builtin.VerifyElementPropertyValueKeyword$_verifyElementPropertyValue_closure1.call(VerifyElementPropertyValueKeyword.groovy)
	at com.kms.katalon.core.keyword.internal.KeywordMain.runKeyword(KeywordMain.groovy:75)
	at com.kms.katalon.core.webservice.keyword.builtin.VerifyElementPropertyValueKeyword.verifyElementPropertyValue(VerifyElementPropertyValueKeyword.groovy:48)
	at com.kms.katalon.core.webservice.keyword.builtin.VerifyElementPropertyValueKeyword.execute(VerifyElementPropertyValueKeyword.groovy:43)
	at com.kms.katalon.core.keyword.internal.KeywordExecutor.executeKeywordForPlatform(KeywordExecutor.groovy:74)
	at com.kms.katalon.core.webservice.keyword.WSBuiltInKeywords.verifyElementPropertyValue(WSBuiltInKeywords.groovy:190)
	at com.kms.katalon.core.webservice.keyword.WSBuiltInKeywords$verifyElementPropertyValue$1.call(Unknown Source)
	at ANDROID_FR_getSubscriptionConfigForOMN_VIP.run(ANDROID_FR_getSubscriptionConfigForOMN_VIP:249)
	at com.kms.katalon.core.main.ScriptEngine.run(ScriptEngine.java:194)
	at com.kms.katalon.core.main.ScriptEngine.runScriptAsRawText(ScriptEngine.java:119)
	at com.kms.katalon.core.main.TestCaseExecutor.runScript(TestCaseExecutor.java:448)
	at com.kms.katalon.core.main.TestCaseExecutor.doExecute(TestCaseExecutor.java:439)
	at com.kms.katalon.core.main.TestCaseExecutor.processExecutionPhase(TestCaseExecutor.java:418)
	at com.kms.katalon.core.main.TestCaseExecutor.accessMainPhase(TestCaseExecutor.java:410)
	at com.kms.katalon.core.main.TestCaseExecutor.execute(TestCaseExecutor.java:285)
	at com.kms.katalon.core.common.CommonExecutor.accessTestCaseMainPhase(CommonExecutor.java:65)
	at com.kms.katalon.core.main.TestSuiteExecutor.accessTestSuiteMainPhase(TestSuiteExecutor.java:148)
	at com.kms.katalon.core.main.TestSuiteExecutor.execute(TestSuiteExecutor.java:106)
	at com.kms.katalon.core.main.TestCaseMain.startTestSuite(TestCaseMain.java:187)
	at com.kms.katalon.core.main.TestCaseMain$startTestSuite$0.call(Unknown Source)
	at TempTestSuite1697635126638.run(TempTestSuite1697635126638.groovy:36)
"/>
         <system-out><![CDATA[2023-10-18 16:22:22 - [TEST_CASE][FAILED] - Test Cases/ANDROID/OMN PI/ANDROID_FR_getSubscriptionConfigForOMN_VIP: Test Cases/ANDROID/OMN PI/ANDROID_FR_getSubscriptionConfigForOMN_VIP FAILED.
Reason:
com.kms.katalon.core.exception.StepFailedException: Expected element property value 'Plan Annuel ' is not equal with actual property value 'Plan Annuel ​'
	at com.kms.katalon.core.keyword.internal.KeywordMain.stepFailed(KeywordMain.groovy:39)
	at com.kms.katalon.core.webservice.keyword.builtin.VerifyElementPropertyValueKeyword$_verifyElementPropertyValue_closure1.doCall(VerifyElementPropertyValueKeyword.groovy:56)
	at com.kms.katalon.core.webservice.keyword.builtin.VerifyElementPropertyValueKeyword$_verifyElementPropertyValue_closure1.call(VerifyElementPropertyValueKeyword.groovy)
	at com.kms.katalon.core.keyword.internal.KeywordMain.runKeyword(KeywordMain.groovy:75)
	at com.kms.katalon.core.webservice.keyword.builtin.VerifyElementPropertyValueKeyword.verifyElementPropertyValue(VerifyElementPropertyValueKeyword.groovy:48)
	at com.kms.katalon.core.webservice.keyword.builtin.VerifyElementPropertyValueKeyword.execute(VerifyElementPropertyValueKeyword.groovy:43)
	at com.kms.katalon.core.keyword.internal.KeywordExecutor.executeKeywordForPlatform(KeywordExecutor.groovy:74)
	at com.kms.katalon.core.webservice.keyword.WSBuiltInKeywords.verifyElementPropertyValue(WSBuiltInKeywords.groovy:190)
	at com.kms.katalon.core.webservice.keyword.WSBuiltInKeywords$verifyElementPropertyValue$1.call(Unknown Source)
	at ANDROID_FR_getSubscriptionConfigForOMN_VIP.run(ANDROID_FR_getSubscriptionConfigForOMN_VIP:249)
	at com.kms.katalon.core.main.ScriptEngine.run(ScriptEngine.java:194)
	at com.kms.katalon.core.main.ScriptEngine.runScriptAsRawText(ScriptEngine.java:119)
	at com.kms.katalon.core.main.TestCaseExecutor.runScript(TestCaseExecutor.java:448)
	at com.kms.katalon.core.main.TestCaseExecutor.doExecute(TestCaseExecutor.java:439)
	at com.kms.katalon.core.main.TestCaseExecutor.processExecutionPhase(TestCaseExecutor.java:418)
	at com.kms.katalon.core.main.TestCaseExecutor.accessMainPhase(TestCaseExecutor.java:410)
	at com.kms.katalon.core.main.TestCaseExecutor.execute(TestCaseExecutor.java:285)
	at com.kms.katalon.core.common.CommonExecutor.accessTestCaseMainPhase(CommonExecutor.java:65)
	at com.kms.katalon.core.main.TestSuiteExecutor.accessTestSuiteMainPhase(TestSuiteExecutor.java:148)
	at com.kms.katalon.core.main.TestSuiteExecutor.execute(TestSuiteExecutor.java:106)
	at com.kms.katalon.core.main.TestCaseMain.startTestSuite(TestCaseMain.java:187)
	at com.kms.katalon.core.main.TestCaseMain$startTestSuite$0.call(Unknown Source)
	at TempTestSuite1697635126638.run(TempTestSuite1697635126638.groovy:36)


2023-10-18 16:22:23 - [TEST_STEP][PASSED] - getResponse = config_files.getConfigFile.getConfig("ANDROID_APP", "FR", "SHAHID_VIP", "OM", "false"): config_files.getConfigFile.getConfig is PASSED

2023-10-18 16:22:23 - [MESSAGE][INFO] - HAR: /Users/admin/git/shahid-configuration/Reports/20231018_161841/Android/OMN PI/20231018_161846/requests/main/3.har

2023-10-18 16:22:23 - [MESSAGE][PASSED] - Send request successfully

2023-10-18 16:22:23 - [MESSAGE][PASSED] - config_files.getConfigFile.getConfig is PASSED

2023-10-18 16:22:23 - [TEST_STEP][PASSED] - verifyResponseStatusCode(getResponse, 200): Verify response status code successfully

2023-10-18 16:22:23 - [MESSAGE][PASSED] - Verify response status code successfully

2023-10-18 16:22:23 - [TEST_STEP][PASSED] - verifyElementPropertyValue(getResponse, "country", "OMN"): Verify element property value successfully

2023-10-18 16:22:23 - [MESSAGE][PASSED] - Verify element property value successfully

2023-10-18 16:22:23 - [TEST_STEP][PASSED] - verifyElementPropertyValue(getResponse, "platform", "[ANDROID_APP]"): Verify element property value successfully

2023-10-18 16:22:23 - [MESSAGE][PASSED] - Verify element property value successfully

2023-10-18 16:22:23 - [TEST_STEP][PASSED] - verifyElementPropertyValue(getResponse, "offers[0].offerId", "winback-30-offer"): Verify element property value successfully

2023-10-18 16:22:23 - [MESSAGE][PASSED] - Verify element property value successfully

2023-10-18 16:22:23 - [TEST_STEP][PASSED] - verifyElementPropertyValue(getResponse, "offers[0].offerParam", "winback30"): Verify element property value successfully

2023-10-18 16:22:23 - [MESSAGE][PASSED] - Verify element property value successfully

2023-10-18 16:22:23 - [TEST_STEP][PASSED] - verifyElementPropertyValue(getResponse, "offers[0].groups[0].pricingPlans[0].featured", "true"): Verify element property value successfully

2023-10-18 16:22:23 - [MESSAGE][PASSED] - Verify element property value successfully

2023-10-18 16:22:23 - [TEST_STEP][PASSED] - verifyElementPropertyValue(getResponse, "offers[0].groups[0].pricingPlans[0].period", "monthly"): Verify element property value successfully

2023-10-18 16:22:23 - [MESSAGE][PASSED] - Verify element property value successfully

2023-10-18 16:22:23 - [TEST_STEP][PASSED] - verifyElementPropertyValue(getResponse, "offers[0].groups[0].pricingPlans[0].featured", "true"): Verify element property value successfully

2023-10-18 16:22:24 - [MESSAGE][PASSED] - Verify element property value successfully

2023-10-18 16:22:24 - [TEST_STEP][PASSED] - verifyElementPropertyValue(getResponse, "offers[0].groups[0].pricingPlans[0].price", "2.79"): Verify element property value successfully

2023-10-18 16:22:24 - [MESSAGE][PASSED] - Verify element property value successfully

2023-10-18 16:22:24 - [TEST_STEP][PASSED] - verifyElementPropertyValue(getResponse, "offers[0].groups[0].pricingPlans[0].currency", "OMR"): Verify element property value successfully

2023-10-18 16:22:24 - [MESSAGE][PASSED] - Verify element property value successfully

2023-10-18 16:22:24 - [TEST_STEP][PASSED] - verifyElementPropertyValue(getResponse, "offers[0].groups[0].pricingPlans[0].order", "0"): Verify element property value successfully

2023-10-18 16:22:24 - [MESSAGE][PASSED] - Verify element property value successfully

2023-10-18 16:22:24 - [TEST_STEP][PASSED] - verifyElementPropertyValue(getResponse, "offers[0].groups[0].pricingPlans[0].packageId", "SHAHID_VIP"): Verify element property value successfully

2023-10-18 16:22:24 - [MESSAGE][PASSED] - Verify element property value successfully

2023-10-18 16:22:24 - [TEST_STEP][PASSED] - verifyElementPropertyValue(getResponse, "offers[0].groups[0].pricingPlans[0].catalogId", "VIP"): Verify element property value successfully

2023-10-18 16:22:24 - [MESSAGE][PASSED] - Verify element property value successfully

2023-10-18 16:22:24 - [TEST_STEP][PASSED] - verifyElementPropertyValue(getResponse, "offers[0].groups[0].pricingPlans[0].visualElements[0].key", "Header_1_text"): Verify element property value successfully

2023-10-18 16:22:24 - [MESSAGE][PASSED] - Verify element property value successfully

2023-10-18 16:22:24 - [TEST_STEP][PASSED] - verifyElementPropertyValue(getResponse, "offers[0].groups[0].pricingPlans[0].visualElements[0].value", "Abonnez-vous dès maintenant et profitez de vos programmes sans publicité"): Verify element property value successfully

2023-10-18 16:22:24 - [MESSAGE][PASSED] - Verify element property value successfully

2023-10-18 16:22:24 - [TEST_STEP][PASSED] - verifyElementPropertyValue(getResponse, "offers[0].groups[0].pricingPlans[0].visualElements[1].key", "display_title"): Verify element property value successfully

2023-10-18 16:22:24 - [MESSAGE][PASSED] - Verify element property value successfully

2023-10-18 16:22:24 - [TEST_STEP][PASSED] - verifyElementPropertyValue(getResponse, "offers[0].groups[0].pricingPlans[0].visualElements[1].value", "30% de réduction"): Verify element property value successfully

2023-10-18 16:22:24 - [MESSAGE][PASSED] - Verify element property value successfully

2023-10-18 16:22:24 - [TEST_STEP][PASSED] - verifyElementPropertyValue(getResponse, "offers[0].groups[0].pricingPlans[0].visualElements[2].key", "promo_text"): Verify element property value successfully

2023-10-18 16:22:24 - [MESSAGE][PASSED] - Verify element property value successfully

2023-10-18 16:22:24 - [TEST_STEP][PASSED] - verifyElementPropertyValue(getResponse, "offers[0].groups[0].pricingPlans[0].visualElements[3].key", "deduction_text"): Verify element property value successfully

2023-10-18 16:22:24 - [MESSAGE][PASSED] - Verify element property value successfully

2023-10-18 16:22:24 - [TEST_STEP][PASSED] - verifyElementPropertyValue(getResponse, "offers[0].groups[0].pricingPlans[0].visualElements[3].value", "facturation mensuelle"): Verify element property value successfully

2023-10-18 16:22:24 - [MESSAGE][PASSED] - Verify element property value successfully

2023-10-18 16:22:24 - [TEST_STEP][PASSED] - verifyElementPropertyValue(getResponse, "offers[0].groups[0].pricingPlans[0].visualElements[6].key", "show_payment_logo"): Verify element property value successfully

2023-10-18 16:22:24 - [MESSAGE][PASSED] - Verify element property value successfully

2023-10-18 16:22:24 - [TEST_STEP][PASSED] - verifyElementPropertyValue(getResponse, "offers[0].groups[0].pricingPlans[0].visualElements[6].value", "true"): Verify element property value successfully

2023-10-18 16:22:24 - [MESSAGE][PASSED] - Verify element property value successfully

2023-10-18 16:22:24 - [TEST_STEP][PASSED] - verifyElementPropertyValue(getResponse, "offers[0].groups[0].pricingPlans[0].visualElements[8].key", "price"): Verify element property value successfully

2023-10-18 16:22:24 - [MESSAGE][PASSED] - Verify element property value successfully

2023-10-18 16:22:24 - [TEST_STEP][PASSED] - verifyElementPropertyValue(getResponse, "offers[0].groups[0].pricingPlans[0].visualElements[8].value", "2.79"): Verify element property value successfully

2023-10-18 16:22:24 - [MESSAGE][PASSED] - Verify element property value successfully

2023-10-18 16:22:24 - [TEST_STEP][PASSED] - verifyElementPropertyValue(getResponse, "offers[0].groups[0].pricingPlans[0].visualElements[9].key", "currency"): Verify element property value successfully

2023-10-18 16:22:24 - [MESSAGE][PASSED] - Verify element property value successfully

2023-10-18 16:22:24 - [TEST_STEP][PASSED] - verifyElementPropertyValue(getResponse, "offers[0].groups[0].pricingPlans[0].visualElements[9].value", "OMR"): Verify element property value successfully

2023-10-18 16:22:24 - [MESSAGE][PASSED] - Verify element property value successfully

2023-10-18 16:22:24 - [TEST_STEP][PASSED] - verifyElementPropertyValue(getResponse, "offers[0].groups[0].pricingPlans[0].visualElements[10].key", "duration"): Verify element property value successfully

2023-10-18 16:22:24 - [MESSAGE][PASSED] - Verify element property value successfully

2023-10-18 16:22:24 - [TEST_STEP][PASSED] - verifyElementPropertyValue(getResponse, "offers[0].groups[0].pricingPlans[0].visualElements[10].value", "Mensuel"): Verify element property value successfully

2023-10-18 16:22:24 - [MESSAGE][PASSED] - Verify element property value successfully

2023-10-18 16:22:24 - [TEST_STEP][PASSED] - verifyElementPropertyValue(getResponse, "offers[0].groups[0].pricingPlans[0].visualElements[11].key", "featured_tag_text"): Verify element property value successfully

2023-10-18 16:22:24 - [MESSAGE][PASSED] - Verify element property value successfully

2023-10-18 16:22:24 - [TEST_STEP][PASSED] - verifyElementPropertyValue(getResponse, "offers[0].groups[0].pricingPlans[0].visualElements[11].value", "Offre limitée"): Verify element property value successfully

2023-10-18 16:22:24 - [MESSAGE][PASSED] - Verify element property value successfully

2023-10-18 16:22:24 - [TEST_STEP][PASSED] - verifyElementPropertyValue(getResponse, "offers[0].groups[0].pricingPlans[0].visualElements[13].key", "tag_text"): Verify element property value successfully

2023-10-18 16:22:24 - [MESSAGE][PASSED] - Verify element property value successfully

2023-10-18 16:22:24 - [TEST_STEP][PASSED] - verifyElementPropertyValue(getResponse, "offers[0].groups[0].pricingPlans[0].visualElements[13].value", "Économisez 30% "): Verify element property value successfully

2023-10-18 16:22:24 - [MESSAGE][PASSED] - Verify element property value successfully

2023-10-18 16:22:24 - [TEST_STEP][PASSED] - verifyElementPropertyValue(getResponse, "offers[0].groups[0].pricingPlans[0].visualElements[12].key", "show_tag"): Verify element property value successfully

2023-10-18 16:22:24 - [MESSAGE][PASSED] - Verify element property value successfully

2023-10-18 16:22:24 - [TEST_STEP][PASSED] - verifyElementPropertyValue(getResponse, "offers[0].groups[0].pricingPlans[0].visualElements[12].value", "true"): Verify element property value successfully

2023-10-18 16:22:24 - [MESSAGE][PASSED] - Verify element property value successfully

2023-10-18 16:22:24 - [TEST_STEP][PASSED] - verifyElementPropertyValue(getResponse, "offers[0].groups[0].pricingPlans[0].pricingPlanData[0].productId", "OMN_B2C_SHAHID_VIP_1M"): Verify element property value successfully

2023-10-18 16:22:24 - [MESSAGE][PASSED] - Verify element property value successfully

2023-10-18 16:22:24 - [TEST_STEP][PASSED] - verifyElementPropertyValue(getResponse, "offers[0].groups[0].pricingPlans[0].pricingPlanData[0].subPricingPlanIds", "[mbc.shahid.gccmonthly]"): Verify element property value successfully

2023-10-18 16:22:24 - [MESSAGE][PASSED] - Verify element property value successfully

2023-10-18 16:22:24 - [TEST_STEP][PASSED] - verifyElementPropertyValue(getResponse, "offers[0].groups[0].pricingPlans[0].pricingPlanData[0].paymentMethod", "GOOGLE_IAP"): Verify element property value successfully

2023-10-18 16:22:24 - [MESSAGE][PASSED] - Verify element property value successfully

2023-10-18 16:22:24 - [TEST_STEP][PASSED] - verifyElementPropertyValue(getResponse, "offers[0].groups[0].pricingPlans[0].pricingPlanData[0].freeTrialEnabled", "false"): Verify element property value successfully

2023-10-18 16:22:24 - [MESSAGE][PASSED] - Verify element property value successfully

2023-10-18 16:22:24 - [TEST_STEP][PASSED] - verifyElementPropertyValue(getResponse, "offers[0].groups[0].pricingPlans[0].pricingPlanData[0].showIn[0]", "VERTICAL_MODE"): Verify element property value successfully

2023-10-18 16:22:24 - [MESSAGE][PASSED] - Verify element property value successfully

2023-10-18 16:22:24 - [TEST_STEP][PASSED] - verifyElementPropertyValue(getResponse, "offers[0].groups[0].pricingPlans[0].pricingPlanData[0].showIn[1]", "HORIZONTAL_MODE"): Verify element property value successfully

2023-10-18 16:22:24 - [MESSAGE][PASSED] - Verify element property value successfully

2023-10-18 16:22:24 - [TEST_STEP][PASSED] - verifyElementPropertyValue(getResponse, "offers[0].groups[0].pricingPlans[0].pricingPlanData[0].priceLabel", "2.79"): Verify element property value successfully

2023-10-18 16:22:24 - [MESSAGE][PASSED] - Verify element property value successfully

2023-10-18 16:22:24 - [TEST_STEP][PASSED] - verifyElementPropertyValue(getResponse, "offers[0].groups[0].pricingPlans[0].pricingPlanData[0].currencyLabel", "OMR"): Verify element property value successfully

2023-10-18 16:22:24 - [MESSAGE][PASSED] - Verify element property value successfully

2023-10-18 16:22:24 - [TEST_STEP][PASSED] - verifyElementPropertyValue(getResponse, "offers[0].groups[0].pricingPlans[0].pricingPlanData[0].dealId", "GW_RE_30P_OMN"): Verify element property value successfully

2023-10-18 16:22:24 - [MESSAGE][PASSED] - Verify element property value successfully

2023-10-18 16:22:24 - [TEST_STEP][PASSED] - verifyElementPropertyValue(getResponse, "offers[0].groups[0].pricingPlans[0].pricingPlanData[0].allowedForAcquisition", "true"): Verify element property value successfully

2023-10-18 16:22:24 - [MESSAGE][PASSED] - Verify element property value successfully

2023-10-18 16:22:24 - [TEST_STEP][PASSED] - verifyElementPropertyValue(getResponse, "offers[0].groups[0].pricingPlans[0].pricingPlanData[0].visualElements[1].key", "CTA_text"): Verify element property value successfully

2023-10-18 16:22:24 - [MESSAGE][PASSED] - Verify element property value successfully

2023-10-18 16:22:24 - [TEST_STEP][PASSED] - verifyElementPropertyValue(getResponse, "offers[0].groups[0].pricingPlans[0].pricingPlanData[0].visualElements[1].value", "S’abonner"): Verify element property value successfully

2023-10-18 16:22:24 - [MESSAGE][PASSED] - Verify element property value successfully

2023-10-18 16:22:24 - [TEST_STEP][PASSED] - verifyElementPropertyValue(getResponse, "offers[0].groups[0].pricingPlans[0].pricingPlanData[0].visualElements[2].key", "logo"): Verify element property value successfully

2023-10-18 16:22:24 - [MESSAGE][PASSED] - Verify element property value successfully

2023-10-18 16:22:24 - [TEST_STEP][PASSED] - verifyElementPropertyValue(getResponse, "offers[0].groups[0].pricingPlans[0].pricingPlanData[0].visualElements[2].value", "google"): Verify element property value successfully

2023-10-18 16:22:24 - [MESSAGE][PASSED] - Verify element property value successfully

2023-10-18 16:22:24 - [TEST_STEP][PASSED] - verifyElementPropertyValue(getResponse, "offers[1].offerId", "winback-40-offer"): Verify element property value successfully

2023-10-18 16:22:24 - [MESSAGE][PASSED] - Verify element property value successfully

2023-10-18 16:22:24 - [TEST_STEP][PASSED] - verifyElementPropertyValue(getResponse, "offers[1].offerParam", "winback40"): Verify element property value successfully

2023-10-18 16:22:24 - [MESSAGE][PASSED] - Verify element property value successfully

2023-10-18 16:22:24 - [TEST_STEP][PASSED] - verifyElementPropertyValue(getResponse, "offers[1].groups[0].pricingPlans[0].featured", "true"): Verify element property value successfully

2023-10-18 16:22:24 - [MESSAGE][PASSED] - Verify element property value successfully

2023-10-18 16:22:24 - [TEST_STEP][PASSED] - verifyElementPropertyValue(getResponse, "offers[1].groups[0].pricingPlans[0].period", "monthly"): Verify element property value successfully

2023-10-18 16:22:24 - [MESSAGE][PASSED] - Verify element property value successfully

2023-10-18 16:22:24 - [TEST_STEP][PASSED] - verifyElementPropertyValue(getResponse, "offers[1].groups[0].pricingPlans[0].featured", "true"): Verify element property value successfully

2023-10-18 16:22:24 - [MESSAGE][PASSED] - Verify element property value successfully

2023-10-18 16:22:24 - [TEST_STEP][PASSED] - verifyElementPropertyValue(getResponse, "offers[1].groups[0].pricingPlans[0].price", "2.39"): Verify element property value successfully

2023-10-18 16:22:24 - [MESSAGE][PASSED] - Verify element property value successfully

2023-10-18 16:22:24 - [TEST_STEP][PASSED] - verifyElementPropertyValue(getResponse, "offers[1].groups[0].pricingPlans[0].currency", "OMR"): Verify element property value successfully

2023-10-18 16:22:24 - [MESSAGE][PASSED] - Verify element property value successfully

2023-10-18 16:22:24 - [TEST_STEP][PASSED] - verifyElementPropertyValue(getResponse, "offers[1].groups[0].pricingPlans[0].order", "0"): Verify element property value successfully

2023-10-18 16:22:24 - [MESSAGE][PASSED] - Verify element property value successfully

2023-10-18 16:22:24 - [TEST_STEP][PASSED] - verifyElementPropertyValue(getResponse, "offers[1].groups[0].pricingPlans[0].packageId", "SHAHID_VIP"): Verify element property value successfully

2023-10-18 16:22:24 - [MESSAGE][PASSED] - Verify element property value successfully

2023-10-18 16:22:24 - [TEST_STEP][PASSED] - verifyElementPropertyValue(getResponse, "offers[1].groups[0].pricingPlans[0].catalogId", "VIP"): Verify element property value successfully

2023-10-18 16:22:24 - [MESSAGE][PASSED] - Verify element property value successfully

2023-10-18 16:22:24 - [TEST_STEP][PASSED] - verifyElementPropertyValue(getResponse, "offers[1].groups[0].pricingPlans[0].visualElements[0].key", "Header_1_text"): Verify element property value successfully

2023-10-18 16:22:24 - [MESSAGE][PASSED] - Verify element property value successfully

2023-10-18 16:22:24 - [TEST_STEP][PASSED] - verifyElementPropertyValue(getResponse, "offers[1].groups[0].pricingPlans[0].visualElements[0].value", "Abonnez-vous dès maintenant et profitez de vos programmes sans publicité"): Verify element property value successfully

2023-10-18 16:22:24 - [MESSAGE][PASSED] - Verify element property value successfully

2023-10-18 16:22:24 - [TEST_STEP][PASSED] - verifyElementPropertyValue(getResponse, "offers[1].groups[0].pricingPlans[0].visualElements[1].key", "display_title"): Verify element property value successfully

2023-10-18 16:22:24 - [MESSAGE][PASSED] - Verify element property value successfully

2023-10-18 16:22:24 - [TEST_STEP][PASSED] - verifyElementPropertyValue(getResponse, "offers[1].groups[0].pricingPlans[0].visualElements[1].value", "40% de réduction"): Verify element property value successfully

2023-10-18 16:22:24 - [MESSAGE][PASSED] - Verify element property value successfully

2023-10-18 16:22:24 - [TEST_STEP][PASSED] - verifyElementPropertyValue(getResponse, "offers[1].groups[0].pricingPlans[0].visualElements[2].key", "promo_text"): Verify element property value successfully

2023-10-18 16:22:24 - [MESSAGE][PASSED] - Verify element property value successfully

2023-10-18 16:22:24 - [TEST_STEP][PASSED] - verifyElementPropertyValue(getResponse, "offers[1].groups[0].pricingPlans[0].visualElements[3].key", "deduction_text"): Verify element property value successfully

2023-10-18 16:22:24 - [MESSAGE][PASSED] - Verify element property value successfully

2023-10-18 16:22:24 - [TEST_STEP][PASSED] - verifyElementPropertyValue(getResponse, "offers[1].groups[0].pricingPlans[0].visualElements[3].value", "facturation mensuelle"): Verify element property value successfully

2023-10-18 16:22:24 - [MESSAGE][PASSED] - Verify element property value successfully

2023-10-18 16:22:24 - [TEST_STEP][PASSED] - verifyElementPropertyValue(getResponse, "offers[1].groups[0].pricingPlans[0].visualElements[6].key", "show_payment_logo"): Verify element property value successfully

2023-10-18 16:22:24 - [MESSAGE][PASSED] - Verify element property value successfully

2023-10-18 16:22:24 - [TEST_STEP][PASSED] - verifyElementPropertyValue(getResponse, "offers[1].groups[0].pricingPlans[0].visualElements[6].value", "true"): Verify element property value successfully

2023-10-18 16:22:24 - [MESSAGE][PASSED] - Verify element property value successfully

2023-10-18 16:22:24 - [TEST_STEP][PASSED] - verifyElementPropertyValue(getResponse, "offers[1].groups[0].pricingPlans[0].visualElements[8].key", "price"): Verify element property value successfully

2023-10-18 16:22:24 - [MESSAGE][PASSED] - Verify element property value successfully

2023-10-18 16:22:24 - [TEST_STEP][PASSED] - verifyElementPropertyValue(getResponse, "offers[1].groups[0].pricingPlans[0].visualElements[8].value", "2.39"): Verify element property value successfully

2023-10-18 16:22:24 - [MESSAGE][PASSED] - Verify element property value successfully

2023-10-18 16:22:24 - [TEST_STEP][PASSED] - verifyElementPropertyValue(getResponse, "offers[1].groups[0].pricingPlans[0].visualElements[9].key", "currency"): Verify element property value successfully

2023-10-18 16:22:24 - [MESSAGE][PASSED] - Verify element property value successfully

2023-10-18 16:22:24 - [TEST_STEP][PASSED] - verifyElementPropertyValue(getResponse, "offers[1].groups[0].pricingPlans[0].visualElements[9].value", "OMR"): Verify element property value successfully

2023-10-18 16:22:24 - [MESSAGE][PASSED] - Verify element property value successfully

2023-10-18 16:22:24 - [TEST_STEP][PASSED] - verifyElementPropertyValue(getResponse, "offers[1].groups[0].pricingPlans[0].visualElements[10].key", "duration"): Verify element property value successfully

2023-10-18 16:22:24 - [MESSAGE][PASSED] - Verify element property value successfully

2023-10-18 16:22:24 - [TEST_STEP][PASSED] - verifyElementPropertyValue(getResponse, "offers[1].groups[0].pricingPlans[0].visualElements[10].value", "Mensuel"): Verify element property value successfully

2023-10-18 16:22:24 - [MESSAGE][PASSED] - Verify element property value successfully

2023-10-18 16:22:24 - [TEST_STEP][PASSED] - verifyElementPropertyValue(getResponse, "offers[1].groups[0].pricingPlans[0].visualElements[11].key", "featured_tag_text"): Verify element property value successfully

2023-10-18 16:22:24 - [MESSAGE][PASSED] - Verify element property value successfully

2023-10-18 16:22:24 - [TEST_STEP][PASSED] - verifyElementPropertyValue(getResponse, "offers[1].groups[0].pricingPlans[0].visualElements[11].value", "Offre limitée"): Verify element property value successfully

2023-10-18 16:22:24 - [MESSAGE][PASSED] - Verify element property value successfully

2023-10-18 16:22:24 - [TEST_STEP][PASSED] - verifyElementPropertyValue(getResponse, "offers[1].groups[0].pricingPlans[0].visualElements[13].key", "tag_text"): Verify element property value successfully

2023-10-18 16:22:24 - [MESSAGE][PASSED] - Verify element property value successfully

2023-10-18 16:22:24 - [TEST_STEP][PASSED] - verifyElementPropertyValue(getResponse, "offers[1].groups[0].pricingPlans[0].visualElements[13].value", "Économisez 40% "): Verify element property value successfully

2023-10-18 16:22:24 - [MESSAGE][PASSED] - Verify element property value successfully

2023-10-18 16:22:24 - [TEST_STEP][PASSED] - verifyElementPropertyValue(getResponse, "offers[1].groups[0].pricingPlans[0].visualElements[12].key", "show_tag"): Verify element property value successfully

2023-10-18 16:22:24 - [MESSAGE][PASSED] - Verify element property value successfully

2023-10-18 16:22:24 - [TEST_STEP][PASSED] - verifyElementPropertyValue(getResponse, "offers[1].groups[0].pricingPlans[0].visualElements[12].value", "true"): Verify element property value successfully

2023-10-18 16:22:24 - [MESSAGE][PASSED] - Verify element property value successfully

2023-10-18 16:22:24 - [TEST_STEP][PASSED] - verifyElementPropertyValue(getResponse, "offers[1].groups[0].pricingPlans[0].pricingPlanData[0].productId", "OMN_B2C_SHAHID_VIP_1M"): Verify element property value successfully

2023-10-18 16:22:24 - [MESSAGE][PASSED] - Verify element property value successfully

2023-10-18 16:22:24 - [TEST_STEP][PASSED] - verifyElementPropertyValue(getResponse, "offers[1].groups[0].pricingPlans[0].pricingPlanData[0].subPricingPlanIds", "[mbc.shahid.gccmonthly]"): Verify element property value successfully

2023-10-18 16:22:24 - [MESSAGE][PASSED] - Verify element property value successfully

2023-10-18 16:22:24 - [TEST_STEP][PASSED] - verifyElementPropertyValue(getResponse, "offers[1].groups[0].pricingPlans[0].pricingPlanData[0].paymentMethod", "GOOGLE_IAP"): Verify element property value successfully

2023-10-18 16:22:24 - [MESSAGE][PASSED] - Verify element property value successfully

2023-10-18 16:22:24 - [TEST_STEP][PASSED] - verifyElementPropertyValue(getResponse, "offers[1].groups[0].pricingPlans[0].pricingPlanData[0].freeTrialEnabled", "false"): Verify element property value successfully

2023-10-18 16:22:24 - [MESSAGE][PASSED] - Verify element property value successfully

2023-10-18 16:22:24 - [TEST_STEP][PASSED] - verifyElementPropertyValue(getResponse, "offers[1].groups[0].pricingPlans[0].pricingPlanData[0].showIn[0]", "VERTICAL_MODE"): Verify element property value successfully

2023-10-18 16:22:24 - [MESSAGE][PASSED] - Verify element property value successfully

2023-10-18 16:22:24 - [TEST_STEP][PASSED] - verifyElementPropertyValue(getResponse, "offers[1].groups[0].pricingPlans[0].pricingPlanData[0].showIn[1]", "HORIZONTAL_MODE"): Verify element property value successfully

2023-10-18 16:22:24 - [MESSAGE][PASSED] - Verify element property value successfully

2023-10-18 16:22:24 - [TEST_STEP][PASSED] - verifyElementPropertyValue(getResponse, "offers[1].groups[0].pricingPlans[0].pricingPlanData[0].priceLabel", "2.39"): Verify element property value successfully

2023-10-18 16:22:24 - [MESSAGE][PASSED] - Verify element property value successfully

2023-10-18 16:22:24 - [TEST_STEP][PASSED] - verifyElementPropertyValue(getResponse, "offers[1].groups[0].pricingPlans[0].pricingPlanData[0].currencyLabel", "OMR"): Verify element property value successfully

2023-10-18 16:22:24 - [MESSAGE][PASSED] - Verify element property value successfully

2023-10-18 16:22:24 - [TEST_STEP][PASSED] - verifyElementPropertyValue(getResponse, "offers[1].groups[0].pricingPlans[0].pricingPlanData[0].dealId", "GW_RE_40P_OMN"): Verify element property value successfully

2023-10-18 16:22:24 - [MESSAGE][PASSED] - Verify element property value successfully

2023-10-18 16:22:24 - [TEST_STEP][PASSED] - verifyElementPropertyValue(getResponse, "offers[1].groups[0].pricingPlans[0].pricingPlanData[0].allowedForAcquisition", "true"): Verify element property value successfully

2023-10-18 16:22:24 - [MESSAGE][PASSED] - Verify element property value successfully

2023-10-18 16:22:24 - [TEST_STEP][PASSED] - verifyElementPropertyValue(getResponse, "offers[1].groups[0].pricingPlans[0].pricingPlanData[0].visualElements[1].key", "CTA_text"): Verify element property value successfully

2023-10-18 16:22:24 - [MESSAGE][PASSED] - Verify element property value successfully

2023-10-18 16:22:24 - [TEST_STEP][PASSED] - verifyElementPropertyValue(getResponse, "offers[1].groups[0].pricingPlans[0].pricingPlanData[0].visualElements[1].value", "S’abonner"): Verify element property value successfully

2023-10-18 16:22:24 - [MESSAGE][PASSED] - Verify element property value successfully

2023-10-18 16:22:24 - [TEST_STEP][PASSED] - verifyElementPropertyValue(getResponse, "offers[1].groups[0].pricingPlans[0].pricingPlanData[0].visualElements[2].key", "logo"): Verify element property value successfully

2023-10-18 16:22:24 - [MESSAGE][PASSED] - Verify element property value successfully

2023-10-18 16:22:24 - [TEST_STEP][PASSED] - verifyElementPropertyValue(getResponse, "offers[1].groups[0].pricingPlans[0].pricingPlanData[0].visualElements[2].value", "google"): Verify element property value successfully

2023-10-18 16:22:24 - [MESSAGE][PASSED] - Verify element property value successfully

2023-10-18 16:22:24 - [TEST_STEP][PASSED] - verifyElementPropertyValue(getResponse, "offers[2].offerId", "winback-50-offer"): Verify element property value successfully

2023-10-18 16:22:24 - [MESSAGE][PASSED] - Verify element property value successfully

2023-10-18 16:22:24 - [TEST_STEP][PASSED] - verifyElementPropertyValue(getResponse, "offers[2].offerParam", "winback50"): Verify element property value successfully

2023-10-18 16:22:24 - [MESSAGE][PASSED] - Verify element property value successfully

2023-10-18 16:22:24 - [TEST_STEP][PASSED] - verifyElementPropertyValue(getResponse, "offers[2].groups[0].pricingPlans[0].featured", "true"): Verify element property value successfully

2023-10-18 16:22:24 - [MESSAGE][PASSED] - Verify element property value successfully

2023-10-18 16:22:24 - [TEST_STEP][PASSED] - verifyElementPropertyValue(getResponse, "offers[2].groups[0].pricingPlans[0].period", "monthly"): Verify element property value successfully

2023-10-18 16:22:24 - [MESSAGE][PASSED] - Verify element property value successfully

2023-10-18 16:22:24 - [TEST_STEP][PASSED] - verifyElementPropertyValue(getResponse, "offers[2].groups[0].pricingPlans[0].featured", "true"): Verify element property value successfully

2023-10-18 16:22:24 - [MESSAGE][PASSED] - Verify element property value successfully

2023-10-18 16:22:24 - [TEST_STEP][PASSED] - verifyElementPropertyValue(getResponse, "offers[2].groups[0].pricingPlans[0].price", "1.99"): Verify element property value successfully

2023-10-18 16:22:24 - [MESSAGE][PASSED] - Verify element property value successfully

2023-10-18 16:22:24 - [TEST_STEP][PASSED] - verifyElementPropertyValue(getResponse, "offers[2].groups[0].pricingPlans[0].currency", "OMR"): Verify element property value successfully

2023-10-18 16:22:24 - [MESSAGE][PASSED] - Verify element property value successfully

2023-10-18 16:22:24 - [TEST_STEP][PASSED] - verifyElementPropertyValue(getResponse, "offers[2].groups[0].pricingPlans[0].order", "0"): Verify element property value successfully

2023-10-18 16:22:24 - [MESSAGE][PASSED] - Verify element property value successfully

2023-10-18 16:22:24 - [TEST_STEP][PASSED] - verifyElementPropertyValue(getResponse, "offers[2].groups[0].pricingPlans[0].packageId", "SHAHID_VIP"): Verify element property value successfully

2023-10-18 16:22:24 - [MESSAGE][PASSED] - Verify element property value successfully

2023-10-18 16:22:24 - [TEST_STEP][PASSED] - verifyElementPropertyValue(getResponse, "offers[2].groups[0].pricingPlans[0].catalogId", "VIP"): Verify element property value successfully

2023-10-18 16:22:24 - [MESSAGE][PASSED] - Verify element property value successfully

2023-10-18 16:22:24 - [TEST_STEP][PASSED] - verifyElementPropertyValue(getResponse, "offers[2].groups[0].pricingPlans[0].visualElements[0].key", "Header_1_text"): Verify element property value successfully

2023-10-18 16:22:24 - [MESSAGE][PASSED] - Verify element property value successfully

2023-10-18 16:22:24 - [TEST_STEP][PASSED] - verifyElementPropertyValue(getResponse, "offers[2].groups[0].pricingPlans[0].visualElements[0].value", "Abonnez-vous dès maintenant et profitez de vos programmes sans publicité"): Verify element property value successfully

2023-10-18 16:22:24 - [MESSAGE][PASSED] - Verify element property value successfully

2023-10-18 16:22:24 - [TEST_STEP][PASSED] - verifyElementPropertyValue(getResponse, "offers[2].groups[0].pricingPlans[0].visualElements[1].key", "display_title"): Verify element property value successfully

2023-10-18 16:22:24 - [MESSAGE][PASSED] - Verify element property value successfully

2023-10-18 16:22:24 - [TEST_STEP][PASSED] - verifyElementPropertyValue(getResponse, "offers[2].groups[0].pricingPlans[0].visualElements[1].value", "50% de réduction"): Verify element property value successfully

2023-10-18 16:22:24 - [MESSAGE][PASSED] - Verify element property value successfully

2023-10-18 16:22:24 - [TEST_STEP][PASSED] - verifyElementPropertyValue(getResponse, "offers[2].groups[0].pricingPlans[0].visualElements[2].key", "promo_text"): Verify element property value successfully

2023-10-18 16:22:24 - [MESSAGE][PASSED] - Verify element property value successfully

2023-10-18 16:22:24 - [TEST_STEP][PASSED] - verifyElementPropertyValue(getResponse, "offers[2].groups[0].pricingPlans[0].visualElements[3].key", "deduction_text"): Verify element property value successfully

2023-10-18 16:22:24 - [MESSAGE][PASSED] - Verify element property value successfully

2023-10-18 16:22:24 - [TEST_STEP][PASSED] - verifyElementPropertyValue(getResponse, "offers[2].groups[0].pricingPlans[0].visualElements[3].value", "facturation mensuelle"): Verify element property value successfully

2023-10-18 16:22:24 - [MESSAGE][PASSED] - Verify element property value successfully

2023-10-18 16:22:24 - [TEST_STEP][PASSED] - verifyElementPropertyValue(getResponse, "offers[2].groups[0].pricingPlans[0].visualElements[6].key", "show_payment_logo"): Verify element property value successfully

2023-10-18 16:22:24 - [MESSAGE][PASSED] - Verify element property value successfully

2023-10-18 16:22:24 - [TEST_STEP][PASSED] - verifyElementPropertyValue(getResponse, "offers[2].groups[0].pricingPlans[0].visualElements[6].value", "true"): Verify element property value successfully

2023-10-18 16:22:24 - [MESSAGE][PASSED] - Verify element property value successfully

2023-10-18 16:22:24 - [TEST_STEP][PASSED] - verifyElementPropertyValue(getResponse, "offers[2].groups[0].pricingPlans[0].visualElements[8].key", "price"): Verify element property value successfully

2023-10-18 16:22:24 - [MESSAGE][PASSED] - Verify element property value successfully

2023-10-18 16:22:24 - [TEST_STEP][PASSED] - verifyElementPropertyValue(getResponse, "offers[2].groups[0].pricingPlans[0].visualElements[8].value", "1.99"): Verify element property value successfully

2023-10-18 16:22:24 - [MESSAGE][PASSED] - Verify element property value successfully

2023-10-18 16:22:24 - [TEST_STEP][PASSED] - verifyElementPropertyValue(getResponse, "offers[2].groups[0].pricingPlans[0].visualElements[9].key", "currency"): Verify element property value successfully

2023-10-18 16:22:24 - [MESSAGE][PASSED] - Verify element property value successfully

2023-10-18 16:22:24 - [TEST_STEP][PASSED] - verifyElementPropertyValue(getResponse, "offers[2].groups[0].pricingPlans[0].visualElements[9].value", "OMR"): Verify element property value successfully

2023-10-18 16:22:24 - [MESSAGE][PASSED] - Verify element property value successfully

2023-10-18 16:22:24 - [TEST_STEP][PASSED] - verifyElementPropertyValue(getResponse, "offers[2].groups[0].pricingPlans[0].visualElements[10].key", "duration"): Verify element property value successfully

2023-10-18 16:22:24 - [MESSAGE][PASSED] - Verify element property value successfully

2023-10-18 16:22:24 - [TEST_STEP][PASSED] - verifyElementPropertyValue(getResponse, "offers[2].groups[0].pricingPlans[0].visualElements[10].value", "Mensuel"): Verify element property value successfully

2023-10-18 16:22:24 - [MESSAGE][PASSED] - Verify element property value successfully

2023-10-18 16:22:24 - [TEST_STEP][PASSED] - verifyElementPropertyValue(getResponse, "offers[2].groups[0].pricingPlans[0].visualElements[11].key", "featured_tag_text"): Verify element property value successfully

2023-10-18 16:22:24 - [MESSAGE][PASSED] - Verify element property value successfully

2023-10-18 16:22:24 - [TEST_STEP][PASSED] - verifyElementPropertyValue(getResponse, "offers[2].groups[0].pricingPlans[0].visualElements[11].value", "Offre limitée"): Verify element property value successfully

2023-10-18 16:22:24 - [MESSAGE][PASSED] - Verify element property value successfully

2023-10-18 16:22:24 - [TEST_STEP][PASSED] - verifyElementPropertyValue(getResponse, "offers[2].groups[0].pricingPlans[0].visualElements[13].key", "tag_text"): Verify element property value successfully

2023-10-18 16:22:24 - [MESSAGE][PASSED] - Verify element property value successfully

2023-10-18 16:22:24 - [TEST_STEP][PASSED] - verifyElementPropertyValue(getResponse, "offers[2].groups[0].pricingPlans[0].visualElements[13].value", "Économisez 50% "): Verify element property value successfully

2023-10-18 16:22:24 - [MESSAGE][PASSED] - Verify element property value successfully

2023-10-18 16:22:24 - [TEST_STEP][PASSED] - verifyElementPropertyValue(getResponse, "offers[2].groups[0].pricingPlans[0].visualElements[12].key", "show_tag"): Verify element property value successfully

2023-10-18 16:22:24 - [MESSAGE][PASSED] - Verify element property value successfully

2023-10-18 16:22:24 - [TEST_STEP][PASSED] - verifyElementPropertyValue(getResponse, "offers[2].groups[0].pricingPlans[0].visualElements[12].value", "true"): Verify element property value successfully

2023-10-18 16:22:25 - [MESSAGE][PASSED] - Verify element property value successfully

2023-10-18 16:22:25 - [TEST_STEP][PASSED] - verifyElementPropertyValue(getResponse, "offers[2].groups[0].pricingPlans[0].pricingPlanData[0].productId", "OMN_B2C_SHAHID_VIP_1M"): Verify element property value successfully

2023-10-18 16:22:25 - [MESSAGE][PASSED] - Verify element property value successfully

2023-10-18 16:22:25 - [TEST_STEP][PASSED] - verifyElementPropertyValue(getResponse, "offers[2].groups[0].pricingPlans[0].pricingPlanData[0].subPricingPlanIds", "[mbc.shahid.gccmonthly]"): Verify element property value successfully

2023-10-18 16:22:25 - [MESSAGE][PASSED] - Verify element property value successfully

2023-10-18 16:22:25 - [TEST_STEP][PASSED] - verifyElementPropertyValue(getResponse, "offers[2].groups[0].pricingPlans[0].pricingPlanData[0].paymentMethod", "GOOGLE_IAP"): Verify element property value successfully

2023-10-18 16:22:25 - [MESSAGE][PASSED] - Verify element property value successfully

2023-10-18 16:22:25 - [TEST_STEP][PASSED] - verifyElementPropertyValue(getResponse, "offers[2].groups[0].pricingPlans[0].pricingPlanData[0].freeTrialEnabled", "false"): Verify element property value successfully

2023-10-18 16:22:25 - [MESSAGE][PASSED] - Verify element property value successfully

2023-10-18 16:22:25 - [TEST_STEP][PASSED] - verifyElementPropertyValue(getResponse, "offers[2].groups[0].pricingPlans[0].pricingPlanData[0].showIn[0]", "VERTICAL_MODE"): Verify element property value successfully

2023-10-18 16:22:25 - [MESSAGE][PASSED] - Verify element property value successfully

2023-10-18 16:22:25 - [TEST_STEP][PASSED] - verifyElementPropertyValue(getResponse, "offers[2].groups[0].pricingPlans[0].pricingPlanData[0].showIn[1]", "HORIZONTAL_MODE"): Verify element property value successfully

2023-10-18 16:22:25 - [MESSAGE][PASSED] - Verify element property value successfully

2023-10-18 16:22:25 - [TEST_STEP][PASSED] - verifyElementPropertyValue(getResponse, "offers[2].groups[0].pricingPlans[0].pricingPlanData[0].priceLabel", "1.99"): Verify element property value successfully

2023-10-18 16:22:25 - [MESSAGE][PASSED] - Verify element property value successfully

2023-10-18 16:22:25 - [TEST_STEP][PASSED] - verifyElementPropertyValue(getResponse, "offers[2].groups[0].pricingPlans[0].pricingPlanData[0].currencyLabel", "OMR"): Verify element property value successfully

2023-10-18 16:22:25 - [MESSAGE][PASSED] - Verify element property value successfully

2023-10-18 16:22:25 - [TEST_STEP][PASSED] - verifyElementPropertyValue(getResponse, "offers[2].groups[0].pricingPlans[0].pricingPlanData[0].dealId", "GW_RE_50P_OMN"): Verify element property value successfully

2023-10-18 16:22:25 - [MESSAGE][PASSED] - Verify element property value successfully

2023-10-18 16:22:25 - [TEST_STEP][PASSED] - verifyElementPropertyValue(getResponse, "offers[2].groups[0].pricingPlans[0].pricingPlanData[0].allowedForAcquisition", "true"): Verify element property value successfully

2023-10-18 16:22:25 - [MESSAGE][PASSED] - Verify element property value successfully

2023-10-18 16:22:25 - [TEST_STEP][PASSED] - verifyElementPropertyValue(getResponse, "offers[2].groups[0].pricingPlans[0].pricingPlanData[0].visualElements[1].key", "CTA_text"): Verify element property value successfully

2023-10-18 16:22:25 - [MESSAGE][PASSED] - Verify element property value successfully

2023-10-18 16:22:25 - [TEST_STEP][PASSED] - verifyElementPropertyValue(getResponse, "offers[2].groups[0].pricingPlans[0].pricingPlanData[0].visualElements[1].value", "S’abonner"): Verify element property value successfully

2023-10-18 16:22:25 - [MESSAGE][PASSED] - Verify element property value successfully

2023-10-18 16:22:25 - [TEST_STEP][PASSED] - verifyElementPropertyValue(getResponse, "offers[2].groups[0].pricingPlans[0].pricingPlanData[0].visualElements[2].key", "logo"): Verify element property value successfully

2023-10-18 16:22:25 - [MESSAGE][PASSED] - Verify element property value successfully

2023-10-18 16:22:25 - [TEST_STEP][PASSED] - verifyElementPropertyValue(getResponse, "offers[2].groups[0].pricingPlans[0].pricingPlanData[0].visualElements[2].value", "google"): Verify element property value successfully

2023-10-18 16:22:25 - [MESSAGE][PASSED] - Verify element property value successfully

2023-10-18 16:22:25 - [TEST_STEP][PASSED] - verifyElementPropertyValue(getResponse, "groups[0].pricingPlans[0].featured", "true"): Verify element property value successfully

2023-10-18 16:22:25 - [MESSAGE][PASSED] - Verify element property value successfully

2023-10-18 16:22:25 - [TEST_STEP][PASSED] - verifyElementPropertyValue(getResponse, "groups[0].pricingPlans[0].packageId", "SHAHID_VIP"): Verify element property value successfully

2023-10-18 16:22:25 - [MESSAGE][PASSED] - Verify element property value successfully

2023-10-18 16:22:25 - [TEST_STEP][PASSED] - verifyElementPropertyValue(getResponse, "groups[0].pricingPlans[0].catalogId", "VIP"): Verify element property value successfully

2023-10-18 16:22:25 - [MESSAGE][PASSED] - Verify element property value successfully

2023-10-18 16:22:25 - [TEST_STEP][PASSED] - verifyElementPropertyValue(getResponse, "groups[0].pricingPlans[0].visualElements[0].key", "Header_1_text"): Verify element property value successfully

2023-10-18 16:22:25 - [MESSAGE][PASSED] - Verify element property value successfully

2023-10-18 16:22:25 - [TEST_STEP][PASSED] - verifyElementPropertyValue(getResponse, "groups[0].pricingPlans[0].visualElements[0].value", "Abonnez-vous dès maintenant et profitez de vos programmes sans publicité"): Verify element property value successfully

2023-10-18 16:22:25 - [MESSAGE][PASSED] - Verify element property value successfully

2023-10-18 16:22:25 - [TEST_STEP][PASSED] - verifyElementPropertyValue(getResponse, "groups[0].pricingPlans[0].visualElements[1].key", "display_title"): Verify element property value successfully

2023-10-18 16:22:25 - [MESSAGE][PASSED] - Verify element property value successfully

2023-10-18 16:22:25 - [TEST_STEP][PASSED] - verifyElementPropertyValue(getResponse, "groups[0].pricingPlans[0].visualElements[1].value", "Plan Mensuel"): Verify element property value successfully

2023-10-18 16:22:25 - [MESSAGE][PASSED] - Verify element property value successfully

2023-10-18 16:22:25 - [TEST_STEP][PASSED] - verifyElementPropertyValue(getResponse, "groups[0].pricingPlans[0].visualElements[2].key", "promo_text"): Verify element property value successfully

2023-10-18 16:22:25 - [MESSAGE][PASSED] - Verify element property value successfully

2023-10-18 16:22:25 - [TEST_STEP][PASSED] - verifyElementPropertyValue(getResponse, "groups[0].pricingPlans[0].visualElements[2].value", "3.99 OMR/ mois"): Verify element property value successfully

2023-10-18 16:22:25 - [MESSAGE][PASSED] - Verify element property value successfully

2023-10-18 16:22:25 - [TEST_STEP][PASSED] - verifyElementPropertyValue(getResponse, "groups[0].pricingPlans[0].visualElements[3].key", "deduction_text"): Verify element property value successfully

2023-10-18 16:22:25 - [MESSAGE][PASSED] - Verify element property value successfully

2023-10-18 16:22:25 - [TEST_STEP][PASSED] - verifyElementPropertyValue(getResponse, "groups[0].pricingPlans[0].visualElements[3].value", "facturation mensuelle"): Verify element property value successfully

2023-10-18 16:22:25 - [MESSAGE][PASSED] - Verify element property value successfully

2023-10-18 16:22:25 - [TEST_STEP][PASSED] - verifyElementPropertyValue(getResponse, "groups[0].pricingPlans[0].visualElements[6].key", "show_payment_logo"): Verify element property value successfully

2023-10-18 16:22:25 - [MESSAGE][PASSED] - Verify element property value successfully

2023-10-18 16:22:25 - [TEST_STEP][PASSED] - verifyElementPropertyValue(getResponse, "groups[0].pricingPlans[0].visualElements[6].value", "true"): Verify element property value successfully

2023-10-18 16:22:25 - [MESSAGE][PASSED] - Verify element property value successfully

2023-10-18 16:22:25 - [TEST_STEP][PASSED] - verifyElementPropertyValue(getResponse, "groups[0].pricingPlans[0].visualElements[8].key", "price"): Verify element property value successfully

2023-10-18 16:22:25 - [MESSAGE][PASSED] - Verify element property value successfully

2023-10-18 16:22:25 - [TEST_STEP][PASSED] - verifyElementPropertyValue(getResponse, "groups[0].pricingPlans[0].visualElements[8].value", "3.99"): Verify element property value successfully

2023-10-18 16:22:25 - [MESSAGE][PASSED] - Verify element property value successfully

2023-10-18 16:22:25 - [TEST_STEP][PASSED] - verifyElementPropertyValue(getResponse, "groups[0].pricingPlans[0].visualElements[9].key", "currency"): Verify element property value successfully

2023-10-18 16:22:25 - [MESSAGE][PASSED] - Verify element property value successfully

2023-10-18 16:22:25 - [TEST_STEP][PASSED] - verifyElementPropertyValue(getResponse, "groups[0].pricingPlans[0].visualElements[9].value", "OMR"): Verify element property value successfully

2023-10-18 16:22:25 - [MESSAGE][PASSED] - Verify element property value successfully

2023-10-18 16:22:25 - [TEST_STEP][PASSED] - verifyElementPropertyValue(getResponse, "groups[0].pricingPlans[0].visualElements[10].key", "duration"): Verify element property value successfully

2023-10-18 16:22:25 - [MESSAGE][PASSED] - Verify element property value successfully

2023-10-18 16:22:25 - [TEST_STEP][PASSED] - verifyElementPropertyValue(getResponse, "groups[0].pricingPlans[0].visualElements[10].value", "Mensuel"): Verify element property value successfully

2023-10-18 16:22:25 - [MESSAGE][PASSED] - Verify element property value successfully

2023-10-18 16:22:25 - [TEST_STEP][PASSED] - verifyElementPropertyValue(getResponse, "groups[0].pricingPlans[0].order", "0"): Verify element property value successfully

2023-10-18 16:22:25 - [MESSAGE][PASSED] - Verify element property value successfully

2023-10-18 16:22:25 - [TEST_STEP][PASSED] - verifyElementPropertyValue(getResponse, "groups[0].pricingPlans[0].period", "monthly"): Verify element property value successfully

2023-10-18 16:22:25 - [MESSAGE][PASSED] - Verify element property value successfully

2023-10-18 16:22:25 - [TEST_STEP][PASSED] - verifyElementPropertyValue(getResponse, "groups[0].pricingPlans[0].price", "3.99"): Verify element property value successfully

2023-10-18 16:22:25 - [MESSAGE][PASSED] - Verify element property value successfully

2023-10-18 16:22:25 - [TEST_STEP][PASSED] - verifyElementPropertyValue(getResponse, "groups[0].pricingPlans[0].currency", "OMR"): Verify element property value successfully

2023-10-18 16:22:25 - [MESSAGE][PASSED] - Verify element property value successfully

2023-10-18 16:22:25 - [TEST_STEP][PASSED] - verifyElementPropertyValue(getResponse, "groups[0].pricingPlans[0].pricingPlanData[0].productId", "OMN_B2C_SHAHID_VIP_1M"): Verify element property value successfully

2023-10-18 16:22:25 - [MESSAGE][PASSED] - Verify element property value successfully

2023-10-18 16:22:25 - [TEST_STEP][PASSED] - verifyElementPropertyValue(getResponse, "groups[0].pricingPlans[0].pricingPlanData[0].subPricingPlanIds", "[mbc.shahid.gccmonthly]"): Verify element property value successfully

2023-10-18 16:22:25 - [MESSAGE][PASSED] - Verify element property value successfully

2023-10-18 16:22:25 - [TEST_STEP][PASSED] - verifyElementPropertyValue(getResponse, "groups[0].pricingPlans[0].pricingPlanData[0].paymentMethod", "GOOGLE_IAP"): Verify element property value successfully

2023-10-18 16:22:25 - [MESSAGE][PASSED] - Verify element property value successfully

2023-10-18 16:22:25 - [TEST_STEP][PASSED] - verifyElementPropertyValue(getResponse, "groups[0].pricingPlans[0].pricingPlanData[0].freeTrialEnabled", "false"): Verify element property value successfully

2023-10-18 16:22:25 - [MESSAGE][PASSED] - Verify element property value successfully

2023-10-18 16:22:25 - [TEST_STEP][PASSED] - verifyElementPropertyValue(getResponse, "groups[0].pricingPlans[0].pricingPlanData[0].visualElements[1].key", "CTA_text"): Verify element property value successfully

2023-10-18 16:22:25 - [MESSAGE][PASSED] - Verify element property value successfully

2023-10-18 16:22:25 - [TEST_STEP][PASSED] - verifyElementPropertyValue(getResponse, "groups[0].pricingPlans[0].pricingPlanData[0].visualElements[1].value", "S’abonner"): Verify element property value successfully

2023-10-18 16:22:25 - [MESSAGE][PASSED] - Verify element property value successfully

2023-10-18 16:22:25 - [TEST_STEP][PASSED] - verifyElementPropertyValue(getResponse, "groups[0].pricingPlans[0].pricingPlanData[0].visualElements[2].key", "logo"): Verify element property value successfully

2023-10-18 16:22:25 - [MESSAGE][PASSED] - Verify element property value successfully

2023-10-18 16:22:25 - [TEST_STEP][PASSED] - verifyElementPropertyValue(getResponse, "groups[0].pricingPlans[0].pricingPlanData[0].visualElements[2].value", "google"): Verify element property value successfully

2023-10-18 16:22:25 - [MESSAGE][PASSED] - Verify element property value successfully

2023-10-18 16:22:25 - [TEST_STEP][PASSED] - verifyElementPropertyValue(getResponse, "groups[0].pricingPlans[0].pricingPlanData[0].priceLabel", "3.99"): Verify element property value successfully

2023-10-18 16:22:25 - [MESSAGE][PASSED] - Verify element property value successfully

2023-10-18 16:22:25 - [TEST_STEP][PASSED] - verifyElementPropertyValue(getResponse, "groups[0].pricingPlans[0].pricingPlanData[0].currencyLabel", "OMR"): Verify element property value successfully

2023-10-18 16:22:25 - [MESSAGE][PASSED] - Verify element property value successfully

2023-10-18 16:22:25 - [TEST_STEP][PASSED] - verifyElementPropertyValue(getResponse, "groups[0].pricingPlans[2].featured", "false"): Verify element property value successfully

2023-10-18 16:22:25 - [MESSAGE][PASSED] - Verify element property value successfully

2023-10-18 16:22:25 - [TEST_STEP][PASSED] - verifyElementPropertyValue(getResponse, "groups[0].pricingPlans[2].packageId", "SHAHID_VIP"): Verify element property value successfully

2023-10-18 16:22:25 - [MESSAGE][PASSED] - Verify element property value successfully

2023-10-18 16:22:25 - [TEST_STEP][PASSED] - verifyElementPropertyValue(getResponse, "groups[0].pricingPlans[2].catalogId", "VIP"): Verify element property value successfully

2023-10-18 16:22:25 - [MESSAGE][PASSED] - Verify element property value successfully

2023-10-18 16:22:25 - [TEST_STEP][PASSED] - verifyElementPropertyValue(getResponse, "groups[0].pricingPlans[2].visualElements[0].key", "Header_1_text"): Verify element property value successfully

2023-10-18 16:22:25 - [MESSAGE][PASSED] - Verify element property value successfully

2023-10-18 16:22:25 - [TEST_STEP][PASSED] - verifyElementPropertyValue(getResponse, "groups[0].pricingPlans[2].visualElements[0].value", "Abonnez-vous dès maintenant et profitez de vos programmes sans publicité"): Verify element property value successfully

2023-10-18 16:22:25 - [MESSAGE][PASSED] - Verify element property value successfully

2023-10-18 16:22:25 - [TEST_STEP][PASSED] - verifyElementPropertyValue(getResponse, "groups[0].pricingPlans[2].visualElements[1].key", "display_title"): Verify element property value successfully

2023-10-18 16:22:25 - [MESSAGE][PASSED] - Verify element property value successfully

2023-10-18 16:22:25 - [TEST_STEP][FAILED] - verifyElementPropertyValue(getResponse, "groups[0].pricingPlans[2].visualElements[1].value", "Plan Annuel "): Expected element property value 'Plan Annuel ' is not equal with actual property value 'Plan Annuel ​'

2023-10-18 16:22:25 - [MESSAGE][FAILED] - Expected element property value 'Plan Annuel ' is not equal with actual property value 'Plan Annuel ​'

2023-10-18 16:22:25 - [TEST_STEP][PASSED] - verifyElementPropertyValue(getResponse, "groups[0].pricingPlans[2].visualElements[2].key", "tag_text"): Verify element property value successfully

2023-10-18 16:22:25 - [MESSAGE][PASSED] - Verify element property value successfully

2023-10-18 16:22:25 - [TEST_STEP][PASSED] - verifyElementPropertyValue(getResponse, "groups[0].pricingPlans[2].visualElements[2].value", "Économisez 29%"): Verify element property value successfully

2023-10-18 16:22:25 - [MESSAGE][PASSED] - Verify element property value successfully

2023-10-18 16:22:25 - [TEST_STEP][PASSED] - verifyElementPropertyValue(getResponse, "groups[0].pricingPlans[2].visualElements[3].key", "promo_text"): Verify element property value successfully

2023-10-18 16:22:25 - [MESSAGE][PASSED] - Verify element property value successfully

2023-10-18 16:22:25 - [TEST_STEP][PASSED] - verifyElementPropertyValue(getResponse, "groups[0].pricingPlans[2].visualElements[3].value", "2.81 OMR/ mois"): Verify element property value successfully

2023-10-18 16:22:25 - [MESSAGE][PASSED] - Verify element property value successfully

2023-10-18 16:22:25 - [TEST_STEP][PASSED] - verifyElementPropertyValue(getResponse, "groups[0].pricingPlans[2].visualElements[4].key", "deduction_text"): Verify element property value successfully

2023-10-18 16:22:25 - [MESSAGE][PASSED] - Verify element property value successfully

2023-10-18 16:22:25 - [TEST_STEP][PASSED] - verifyElementPropertyValue(getResponse, "groups[0].pricingPlans[2].visualElements[4].value", "33.79 OMR facturés chaque année"): Verify element property value successfully

2023-10-18 16:22:25 - [MESSAGE][PASSED] - Verify element property value successfully

2023-10-18 16:22:25 - [TEST_STEP][PASSED] - verifyElementPropertyValue(getResponse, "groups[0].pricingPlans[2].visualElements[7].key", "show_payment_logo"): Verify element property value successfully

2023-10-18 16:22:25 - [MESSAGE][PASSED] - Verify element property value successfully

2023-10-18 16:22:25 - [TEST_STEP][PASSED] - verifyElementPropertyValue(getResponse, "groups[0].pricingPlans[2].visualElements[7].value", "true"): Verify element property value successfully

2023-10-18 16:22:25 - [MESSAGE][PASSED] - Verify element property value successfully

2023-10-18 16:22:25 - [TEST_STEP][PASSED] - verifyElementPropertyValue(getResponse, "groups[0].pricingPlans[2].visualElements[8].key", "show_tag"): Verify element property value successfully

2023-10-18 16:22:25 - [MESSAGE][PASSED] - Verify element property value successfully

2023-10-18 16:22:25 - [TEST_STEP][PASSED] - verifyElementPropertyValue(getResponse, "groups[0].pricingPlans[2].visualElements[8].value", "true"): Verify element property value successfully

2023-10-18 16:22:25 - [MESSAGE][PASSED] - Verify element property value successfully

2023-10-18 16:22:25 - [TEST_STEP][PASSED] - verifyElementPropertyValue(getResponse, "groups[0].pricingPlans[2].visualElements[10].key", "price"): Verify element property value successfully

2023-10-18 16:22:25 - [MESSAGE][PASSED] - Verify element property value successfully

2023-10-18 16:22:25 - [TEST_STEP][PASSED] - verifyElementPropertyValue(getResponse, "groups[0].pricingPlans[2].visualElements[10].value", "33.79"): Verify element property value successfully

2023-10-18 16:22:25 - [MESSAGE][PASSED] - Verify element property value successfully

2023-10-18 16:22:25 - [TEST_STEP][PASSED] - verifyElementPropertyValue(getResponse, "groups[0].pricingPlans[2].visualElements[11].key", "currency"): Verify element property value successfully

2023-10-18 16:22:25 - [MESSAGE][PASSED] - Verify element property value successfully

2023-10-18 16:22:25 - [TEST_STEP][PASSED] - verifyElementPropertyValue(getResponse, "groups[0].pricingPlans[2].visualElements[11].value", "OMR"): Verify element property value successfully

2023-10-18 16:22:25 - [MESSAGE][PASSED] - Verify element property value successfully

2023-10-18 16:22:25 - [TEST_STEP][PASSED] - verifyElementPropertyValue(getResponse, "groups[0].pricingPlans[2].visualElements[12].key", "duration"): Verify element property value successfully

2023-10-18 16:22:25 - [MESSAGE][PASSED] - Verify element property value successfully

2023-10-18 16:22:25 - [TEST_STEP][PASSED] - verifyElementPropertyValue(getResponse, "groups[0].pricingPlans[2].visualElements[12].value", "Annuel"): Verify element property value successfully

2023-10-18 16:22:25 - [MESSAGE][PASSED] - Verify element property value successfully

2023-10-18 16:22:25 - [TEST_STEP][PASSED] - verifyElementPropertyValue(getResponse, "groups[0].pricingPlans[2].order", "2"): Verify element property value successfully

2023-10-18 16:22:25 - [MESSAGE][PASSED] - Verify element property value successfully

2023-10-18 16:22:25 - [TEST_STEP][PASSED] - verifyElementPropertyValue(getResponse, "groups[0].pricingPlans[2].period", "yearly"): Verify element property value successfully

2023-10-18 16:22:25 - [MESSAGE][PASSED] - Verify element property value successfully

2023-10-18 16:22:25 - [TEST_STEP][PASSED] - verifyElementPropertyValue(getResponse, "groups[0].pricingPlans[2].price", "33.79"): Verify element property value successfully

2023-10-18 16:22:25 - [MESSAGE][PASSED] - Verify element property value successfully

2023-10-18 16:22:25 - [TEST_STEP][PASSED] - verifyElementPropertyValue(getResponse, "groups[0].pricingPlans[2].currency", "OMR"): Verify element property value successfully

2023-10-18 16:22:25 - [MESSAGE][PASSED] - Verify element property value successfully

2023-10-18 16:22:25 - [TEST_STEP][PASSED] - verifyElementPropertyValue(getResponse, "groups[0].pricingPlans[2].pricingPlanData[0].productId", "OMN_B2C_SHAHID_VIP_12M"): Verify element property value successfully

2023-10-18 16:22:25 - [MESSAGE][PASSED] - Verify element property value successfully

2023-10-18 16:22:25 - [TEST_STEP][PASSED] - verifyElementPropertyValue(getResponse, "groups[0].pricingPlans[2].pricingPlanData[0].subPricingPlanIds", "[mbc.shahid.plusyearly]"): Verify element property value successfully

2023-10-18 16:22:25 - [MESSAGE][PASSED] - Verify element property value successfully

2023-10-18 16:22:25 - [TEST_STEP][PASSED] - verifyElementPropertyValue(getResponse, "groups[0].pricingPlans[2].pricingPlanData[0].paymentMethod", "GOOGLE_IAP"): Verify element property value successfully

2023-10-18 16:22:25 - [MESSAGE][PASSED] - Verify element property value successfully

2023-10-18 16:22:25 - [TEST_STEP][PASSED] - verifyElementPropertyValue(getResponse, "groups[0].pricingPlans[2].pricingPlanData[0].freeTrialEnabled", "false"): Verify element property value successfully

2023-10-18 16:22:25 - [MESSAGE][PASSED] - Verify element property value successfully

2023-10-18 16:22:25 - [TEST_STEP][PASSED] - verifyElementPropertyValue(getResponse, "groups[0].pricingPlans[2].pricingPlanData[0].visualElements[1].key", "CTA_text"): Verify element property value successfully

2023-10-18 16:22:25 - [MESSAGE][PASSED] - Verify element property value successfully

2023-10-18 16:22:25 - [TEST_STEP][PASSED] - verifyElementPropertyValue(getResponse, "groups[0].pricingPlans[2].pricingPlanData[0].visualElements[1].value", "S’abonner"): Verify element property value successfully

2023-10-18 16:22:25 - [MESSAGE][PASSED] - Verify element property value successfully

2023-10-18 16:22:25 - [TEST_STEP][PASSED] - verifyElementPropertyValue(getResponse, "groups[0].pricingPlans[2].pricingPlanData[0].visualElements[2].key", "logo"): Verify element property value successfully

2023-10-18 16:22:25 - [MESSAGE][PASSED] - Verify element property value successfully

2023-10-18 16:22:25 - [TEST_STEP][PASSED] - verifyElementPropertyValue(getResponse, "groups[0].pricingPlans[2].pricingPlanData[0].visualElements[2].value", "google"): Verify element property value successfully

2023-10-18 16:22:25 - [MESSAGE][PASSED] - Verify element property value successfully

2023-10-18 16:22:25 - [TEST_STEP][PASSED] - verifyElementPropertyValue(getResponse, "groups[0].pricingPlans[2].pricingPlanData[0].priceLabel", "33.79"): Verify element property value successfully

2023-10-18 16:22:25 - [MESSAGE][PASSED] - Verify element property value successfully

2023-10-18 16:22:25 - [TEST_STEP][PASSED] - verifyElementPropertyValue(getResponse, "groups[0].pricingPlans[2].pricingPlanData[0].currencyLabel", "OMR"): Verify element property value successfully

2023-10-18 16:22:25 - [MESSAGE][PASSED] - Verify element property value successfully

2023-10-18 16:22:25 - [TEST_STEP][PASSED] - verifyElementPropertyValue(getResponse, "groups[0].pricingPlans[2].pricingPlanData[0].allowedForAcquisition", "true"): Verify element property value successfully

2023-10-18 16:22:25 - [MESSAGE][PASSED] - Verify element property value successfully

2023-10-18 16:22:25 - [TEST_STEP][PASSED] - verifyElementPropertyValue(getResponse, "groups[0].pricingPlans[2].pricingPlanData[0].showIn[0]", "VERTICAL_MODE"): Verify element property value successfully

2023-10-18 16:22:25 - [MESSAGE][PASSED] - Verify element property value successfully

2023-10-18 16:22:25 - [TEST_STEP][PASSED] - verifyElementPropertyValue(getResponse, "groups[0].pricingPlans[2].pricingPlanData[0].showIn[1]", "HORIZONTAL_MODE"): Verify element property value successfully

2023-10-18 16:22:25 - [MESSAGE][PASSED] - Verify element property value successfully

2023-10-18 16:22:25 - [TEST_STEP][PASSED] - verifyElementPropertyValue(getResponse, "visualElements[0].key", "main_CTA_text_1"): Verify element property value successfully

2023-10-18 16:22:25 - [MESSAGE][PASSED] - Verify element property value successfully

2023-10-18 16:22:25 - [TEST_STEP][PASSED] - verifyElementPropertyValue(getResponse, "visualElements[0].value", "Abonnez-vous dès maintenant et profitez de vos programmes sans publicité"): Verify element property value successfully

2023-10-18 16:22:25 - [MESSAGE][PASSED] - Verify element property value successfully

2023-10-18 16:22:25 - [TEST_STEP][PASSED] - verifyElementPropertyValue(getResponse, "visualElements[2].key", "main_disclaimer_text"): Verify element property value successfully

2023-10-18 16:22:25 - [MESSAGE][PASSED] - Verify element property value successfully

2023-10-18 16:22:25 - [TEST_STEP][PASSED] - verifyElementPropertyValue(getResponse, "visualElements[2].value", "L'offre n'est pas valable pour les anciens abonnés via Google Play. Les frais d’abonnement peuvent varier selon le pays, le moyen de paiement, le forfait, les taxes, les taux de change et les frais bancaires. Les conditions générales d’utilisation s’appliquent."): Verify element property value successfully

2023-10-18 16:22:25 - [MESSAGE][PASSED] - Verify element property value successfully

2023-10-18 16:22:25 - [TEST_STEP][PASSED] - verifyElementPropertyValue(getResponse, "visualElements[4].key", "display_type"): Verify element property value successfully

2023-10-18 16:22:25 - [MESSAGE][PASSED] - Verify element property value successfully

2023-10-18 16:22:25 - [TEST_STEP][PASSED] - verifyElementPropertyValue(getResponse, "visualElements[4].value", "vertical"): Verify element property value successfully

2023-10-18 16:22:25 - [MESSAGE][PASSED] - Verify element property value successfully

2023-10-18 16:22:25 - [TEST_STEP][PASSED] - verifyElementPropertyValue(getResponse, "defaultPackageId", "SHAHID_VIP"): Verify element property value successfully

2023-10-18 16:22:25 - [MESSAGE][PASSED] - Verify element property value successfully]]></system-out>
         <system-err><![CDATA[2023-10-18 16:22:22 - [TEST_CASE][FAILED] - Test Cases/ANDROID/OMN PI/ANDROID_FR_getSubscriptionConfigForOMN_VIP: Test Cases/ANDROID/OMN PI/ANDROID_FR_getSubscriptionConfigForOMN_VIP FAILED.
Reason:
com.kms.katalon.core.exception.StepFailedException: Expected element property value 'Plan Annuel ' is not equal with actual property value 'Plan Annuel ​'
	at com.kms.katalon.core.keyword.internal.KeywordMain.stepFailed(KeywordMain.groovy:39)
	at com.kms.katalon.core.webservice.keyword.builtin.VerifyElementPropertyValueKeyword$_verifyElementPropertyValue_closure1.doCall(VerifyElementPropertyValueKeyword.groovy:56)
	at com.kms.katalon.core.webservice.keyword.builtin.VerifyElementPropertyValueKeyword$_verifyElementPropertyValue_closure1.call(VerifyElementPropertyValueKeyword.groovy)
	at com.kms.katalon.core.keyword.internal.KeywordMain.runKeyword(KeywordMain.groovy:75)
	at com.kms.katalon.core.webservice.keyword.builtin.VerifyElementPropertyValueKeyword.verifyElementPropertyValue(VerifyElementPropertyValueKeyword.groovy:48)
	at com.kms.katalon.core.webservice.keyword.builtin.VerifyElementPropertyValueKeyword.execute(VerifyElementPropertyValueKeyword.groovy:43)
	at com.kms.katalon.core.keyword.internal.KeywordExecutor.executeKeywordForPlatform(KeywordExecutor.groovy:74)
	at com.kms.katalon.core.webservice.keyword.WSBuiltInKeywords.verifyElementPropertyValue(WSBuiltInKeywords.groovy:190)
	at com.kms.katalon.core.webservice.keyword.WSBuiltInKeywords$verifyElementPropertyValue$1.call(Unknown Source)
	at ANDROID_FR_getSubscriptionConfigForOMN_VIP.run(ANDROID_FR_getSubscriptionConfigForOMN_VIP:249)
	at com.kms.katalon.core.main.ScriptEngine.run(ScriptEngine.java:194)
	at com.kms.katalon.core.main.ScriptEngine.runScriptAsRawText(ScriptEngine.java:119)
	at com.kms.katalon.core.main.TestCaseExecutor.runScript(TestCaseExecutor.java:448)
	at com.kms.katalon.core.main.TestCaseExecutor.doExecute(TestCaseExecutor.java:439)
	at com.kms.katalon.core.main.TestCaseExecutor.processExecutionPhase(TestCaseExecutor.java:418)
	at com.kms.katalon.core.main.TestCaseExecutor.accessMainPhase(TestCaseExecutor.java:410)
	at com.kms.katalon.core.main.TestCaseExecutor.execute(TestCaseExecutor.java:285)
	at com.kms.katalon.core.common.CommonExecutor.accessTestCaseMainPhase(CommonExecutor.java:65)
	at com.kms.katalon.core.main.TestSuiteExecutor.accessTestSuiteMainPhase(TestSuiteExecutor.java:148)
	at com.kms.katalon.core.main.TestSuiteExecutor.execute(TestSuiteExecutor.java:106)
	at com.kms.katalon.core.main.TestCaseMain.startTestSuite(TestCaseMain.java:187)
	at com.kms.katalon.core.main.TestCaseMain$startTestSuite$0.call(Unknown Source)
	at TempTestSuite1697635126638.run(TempTestSuite1697635126638.groovy:36)]]></system-err>
      </testcase>
      <testcase name="Test Cases/ANDROID/OMN PI/ANDROID_AR_getSubscriptionConfigForOMN_SPORT" time="6.041" classname="Test Cases/ANDROID/OMN PI/ANDROID_AR_getSubscriptionConfigForOMN_SPORT" status="PASSED">
         <system-out><![CDATA[2023-10-18 16:22:25 - [TEST_CASE][PASSED] - Test Cases/ANDROID/OMN PI/ANDROID_AR_getSubscriptionConfigForOMN_SPORT: Test Cases/ANDROID/OMN PI/ANDROID_AR_getSubscriptionConfigForOMN_SPORT

2023-10-18 16:22:25 - [TEST_STEP][PASSED] - getResponse = config_files.getConfigFile.getConfig("ANDROID_APP", "AR", "SHAHID_VIP_SPORT", "OM", "false"): config_files.getConfigFile.getConfig is PASSED

2023-10-18 16:22:26 - [MESSAGE][INFO] - HAR: /Users/admin/git/shahid-configuration/Reports/20231018_161841/Android/OMN PI/20231018_161846/requests/main/4.har

2023-10-18 16:22:26 - [MESSAGE][PASSED] - Send request successfully

2023-10-18 16:22:26 - [MESSAGE][PASSED] - config_files.getConfigFile.getConfig is PASSED

2023-10-18 16:22:26 - [TEST_STEP][PASSED] - verifyResponseStatusCode(getResponse, 200): Verify response status code successfully

2023-10-18 16:22:26 - [MESSAGE][PASSED] - Verify response status code successfully

2023-10-18 16:22:26 - [TEST_STEP][PASSED] - verifyElementPropertyValue(getResponse, "country", "OMN"): Verify element property value successfully

2023-10-18 16:22:26 - [MESSAGE][PASSED] - Verify element property value successfully

2023-10-18 16:22:26 - [TEST_STEP][PASSED] - verifyElementPropertyValue(getResponse, "platform", "[ANDROID_APP]"): Verify element property value successfully

2023-10-18 16:22:26 - [MESSAGE][PASSED] - Verify element property value successfully

2023-10-18 16:22:26 - [TEST_STEP][PASSED] - verifyElementPropertyValue(getResponse, "offers[3].offerId", "winback-sport-30-offer"): Verify element property value successfully

2023-10-18 16:22:26 - [MESSAGE][PASSED] - Verify element property value successfully

2023-10-18 16:22:26 - [TEST_STEP][PASSED] - verifyElementPropertyValue(getResponse, "offers[3].offerParam", "sportsoffer30"): Verify element property value successfully

2023-10-18 16:22:26 - [MESSAGE][PASSED] - Verify element property value successfully

2023-10-18 16:22:26 - [TEST_STEP][PASSED] - verifyElementPropertyValue(getResponse, "offers[3].groups[0].pricingPlans[0].featured", "true"): Verify element property value successfully

2023-10-18 16:22:26 - [MESSAGE][PASSED] - Verify element property value successfully

2023-10-18 16:22:26 - [TEST_STEP][PASSED] - verifyElementPropertyValue(getResponse, "offers[3].groups[0].pricingPlans[0].period", "monthly"): Verify element property value successfully

2023-10-18 16:22:26 - [MESSAGE][PASSED] - Verify element property value successfully

2023-10-18 16:22:26 - [TEST_STEP][PASSED] - verifyElementPropertyValue(getResponse, "offers[3].groups[0].pricingPlans[0].featured", "true"): Verify element property value successfully

2023-10-18 16:22:26 - [MESSAGE][PASSED] - Verify element property value successfully

2023-10-18 16:22:26 - [TEST_STEP][PASSED] - verifyElementPropertyValue(getResponse, "offers[3].groups[0].pricingPlans[0].price", "4.89"): Verify element property value successfully

2023-10-18 16:22:26 - [MESSAGE][PASSED] - Verify element property value successfully

2023-10-18 16:22:26 - [TEST_STEP][PASSED] - verifyElementPropertyValue(getResponse, "offers[3].groups[0].pricingPlans[0].currency", "OMR"): Verify element property value successfully

2023-10-18 16:22:26 - [MESSAGE][PASSED] - Verify element property value successfully

2023-10-18 16:22:26 - [TEST_STEP][PASSED] - verifyElementPropertyValue(getResponse, "offers[3].groups[0].pricingPlans[0].order", "0"): Verify element property value successfully

2023-10-18 16:22:26 - [MESSAGE][PASSED] - Verify element property value successfully

2023-10-18 16:22:26 - [TEST_STEP][PASSED] - verifyElementPropertyValue(getResponse, "offers[3].groups[0].pricingPlans[0].packageId", "SHAHID_VIP_SPORT"): Verify element property value successfully

2023-10-18 16:22:26 - [MESSAGE][PASSED] - Verify element property value successfully

2023-10-18 16:22:26 - [TEST_STEP][PASSED] - verifyElementPropertyValue(getResponse, "offers[3].groups[0].pricingPlans[0].catalogId", "SPORT"): Verify element property value successfully

2023-10-18 16:22:26 - [MESSAGE][PASSED] - Verify element property value successfully

2023-10-18 16:22:26 - [TEST_STEP][PASSED] - verifyElementPropertyValue(getResponse, "offers[3].groups[0].pricingPlans[0].visualElements[0].key", "Header_1_text"): Verify element property value successfully

2023-10-18 16:22:26 - [MESSAGE][PASSED] - Verify element property value successfully

2023-10-18 16:22:26 - [TEST_STEP][PASSED] - verifyElementPropertyValue(getResponse, "offers[3].groups[0].pricingPlans[0].visualElements[0].value", "شاهد أقوى المسلسلات و الأفلام حصرياً دون توقف"): Verify element property value successfully

2023-10-18 16:22:26 - [MESSAGE][PASSED] - Verify element property value successfully

2023-10-18 16:22:26 - [TEST_STEP][PASSED] - verifyElementPropertyValue(getResponse, "offers[3].groups[0].pricingPlans[0].visualElements[1].key", "display_title"): Verify element property value successfully

2023-10-18 16:22:26 - [MESSAGE][PASSED] - Verify element property value successfully

2023-10-18 16:22:26 - [TEST_STEP][PASSED] - verifyElementPropertyValue(getResponse, "offers[3].groups[0].pricingPlans[0].visualElements[1].value", "احصل على خصم 30%"): Verify element property value successfully

2023-10-18 16:22:26 - [MESSAGE][PASSED] - Verify element property value successfully

2023-10-18 16:22:26 - [TEST_STEP][PASSED] - verifyElementPropertyValue(getResponse, "offers[3].groups[0].pricingPlans[0].visualElements[3].key", "deduction_text"): Verify element property value successfully

2023-10-18 16:22:26 - [MESSAGE][PASSED] - Verify element property value successfully

2023-10-18 16:22:26 - [TEST_STEP][PASSED] - verifyElementPropertyValue(getResponse, "offers[3].groups[0].pricingPlans[0].visualElements[3].value", "تدفع شهرياً"): Verify element property value successfully

2023-10-18 16:22:26 - [MESSAGE][PASSED] - Verify element property value successfully

2023-10-18 16:22:26 - [TEST_STEP][PASSED] - verifyElementPropertyValue(getResponse, "offers[3].groups[0].pricingPlans[0].visualElements[6].key", "show_payment_logo"): Verify element property value successfully

2023-10-18 16:22:26 - [MESSAGE][PASSED] - Verify element property value successfully

2023-10-18 16:22:26 - [TEST_STEP][PASSED] - verifyElementPropertyValue(getResponse, "offers[3].groups[0].pricingPlans[0].visualElements[6].value", "true"): Verify element property value successfully

2023-10-18 16:22:26 - [MESSAGE][PASSED] - Verify element property value successfully

2023-10-18 16:22:26 - [TEST_STEP][PASSED] - verifyElementPropertyValue(getResponse, "offers[3].groups[0].pricingPlans[0].visualElements[8].key", "price"): Verify element property value successfully

2023-10-18 16:22:26 - [MESSAGE][PASSED] - Verify element property value successfully

2023-10-18 16:22:26 - [TEST_STEP][PASSED] - verifyElementPropertyValue(getResponse, "offers[3].groups[0].pricingPlans[0].visualElements[8].value", "4.89"): Verify element property value successfully

2023-10-18 16:22:26 - [MESSAGE][PASSED] - Verify element property value successfully

2023-10-18 16:22:26 - [TEST_STEP][PASSED] - verifyElementPropertyValue(getResponse, "offers[3].groups[0].pricingPlans[0].visualElements[9].key", "currency"): Verify element property value successfully

2023-10-18 16:22:26 - [MESSAGE][PASSED] - Verify element property value successfully

2023-10-18 16:22:26 - [TEST_STEP][PASSED] - verifyElementPropertyValue(getResponse, "offers[3].groups[0].pricingPlans[0].visualElements[9].value", "OMR"): Verify element property value successfully

2023-10-18 16:22:26 - [MESSAGE][PASSED] - Verify element property value successfully

2023-10-18 16:22:26 - [TEST_STEP][PASSED] - verifyElementPropertyValue(getResponse, "offers[3].groups[0].pricingPlans[0].visualElements[10].key", "duration"): Verify element property value successfully

2023-10-18 16:22:26 - [MESSAGE][PASSED] - Verify element property value successfully

2023-10-18 16:22:26 - [TEST_STEP][PASSED] - verifyElementPropertyValue(getResponse, "offers[3].groups[0].pricingPlans[0].visualElements[10].value", "شهرياً"): Verify element property value successfully

2023-10-18 16:22:26 - [MESSAGE][PASSED] - Verify element property value successfully

2023-10-18 16:22:26 - [TEST_STEP][PASSED] - verifyElementPropertyValue(getResponse, "offers[3].groups[0].pricingPlans[0].visualElements[11].key", "featured_tag_text"): Verify element property value successfully

2023-10-18 16:22:26 - [MESSAGE][PASSED] - Verify element property value successfully

2023-10-18 16:22:26 - [TEST_STEP][PASSED] - verifyElementPropertyValue(getResponse, "offers[3].groups[0].pricingPlans[0].visualElements[11].value", "عرض لمدة محدودة"): Verify element property value successfully

2023-10-18 16:22:26 - [MESSAGE][PASSED] - Verify element property value successfully

2023-10-18 16:22:26 - [TEST_STEP][PASSED] - verifyElementPropertyValue(getResponse, "offers[3].groups[0].pricingPlans[0].visualElements[13].key", "tag_text"): Verify element property value successfully

2023-10-18 16:22:27 - [MESSAGE][PASSED] - Verify element property value successfully

2023-10-18 16:22:27 - [TEST_STEP][PASSED] - verifyElementPropertyValue(getResponse, "offers[3].groups[0].pricingPlans[0].visualElements[13].value", "وفر 30%"): Verify element property value successfully

2023-10-18 16:22:27 - [MESSAGE][PASSED] - Verify element property value successfully

2023-10-18 16:22:27 - [TEST_STEP][PASSED] - verifyElementPropertyValue(getResponse, "offers[3].groups[0].pricingPlans[0].visualElements[12].key", "show_tag"): Verify element property value successfully

2023-10-18 16:22:27 - [MESSAGE][PASSED] - Verify element property value successfully

2023-10-18 16:22:27 - [TEST_STEP][PASSED] - verifyElementPropertyValue(getResponse, "offers[3].groups[0].pricingPlans[0].visualElements[12].value", "true"): Verify element property value successfully

2023-10-18 16:22:27 - [MESSAGE][PASSED] - Verify element property value successfully

2023-10-18 16:22:27 - [TEST_STEP][PASSED] - verifyElementPropertyValue(getResponse, "offers[3].groups[0].pricingPlans[0].pricingPlanData[0].productId", "OMN_B2C_SHAHID_VIP_SPORT_1M"): Verify element property value successfully

2023-10-18 16:22:27 - [MESSAGE][PASSED] - Verify element property value successfully

2023-10-18 16:22:27 - [TEST_STEP][PASSED] - verifyElementPropertyValue(getResponse, "offers[3].groups[0].pricingPlans[0].pricingPlanData[0].subPricingPlanIds", "[net.shahid.monthly.vipsports]"): Verify element property value successfully

2023-10-18 16:22:27 - [MESSAGE][PASSED] - Verify element property value successfully

2023-10-18 16:22:27 - [TEST_STEP][PASSED] - verifyElementPropertyValue(getResponse, "offers[3].groups[0].pricingPlans[0].pricingPlanData[0].paymentMethod", "GOOGLE_IAP"): Verify element property value successfully

2023-10-18 16:22:27 - [MESSAGE][PASSED] - Verify element property value successfully

2023-10-18 16:22:27 - [TEST_STEP][PASSED] - verifyElementPropertyValue(getResponse, "offers[3].groups[0].pricingPlans[0].pricingPlanData[0].freeTrialEnabled", "false"): Verify element property value successfully

2023-10-18 16:22:27 - [MESSAGE][PASSED] - Verify element property value successfully

2023-10-18 16:22:27 - [TEST_STEP][PASSED] - verifyElementPropertyValue(getResponse, "offers[3].groups[0].pricingPlans[0].pricingPlanData[0].priceLabel", "4.89"): Verify element property value successfully

2023-10-18 16:22:27 - [MESSAGE][PASSED] - Verify element property value successfully

2023-10-18 16:22:27 - [TEST_STEP][PASSED] - verifyElementPropertyValue(getResponse, "offers[3].groups[0].pricingPlans[0].pricingPlanData[0].currencyLabel", "OMR"): Verify element property value successfully

2023-10-18 16:22:27 - [MESSAGE][PASSED] - Verify element property value successfully

2023-10-18 16:22:27 - [TEST_STEP][PASSED] - verifyElementPropertyValue(getResponse, "offers[3].groups[0].pricingPlans[0].pricingPlanData[0].dealId", "GW_WB_SPORT_30P_OMN"): Verify element property value successfully

2023-10-18 16:22:27 - [MESSAGE][PASSED] - Verify element property value successfully

2023-10-18 16:22:27 - [TEST_STEP][PASSED] - verifyElementPropertyValue(getResponse, "offers[3].groups[0].pricingPlans[0].pricingPlanData[0].allowedForAcquisition", "true"): Verify element property value successfully

2023-10-18 16:22:27 - [MESSAGE][PASSED] - Verify element property value successfully

2023-10-18 16:22:27 - [TEST_STEP][PASSED] - verifyElementPropertyValue(getResponse, "offers[3].groups[0].pricingPlans[0].pricingPlanData[0].visualElements[1].key", "CTA_text"): Verify element property value successfully

2023-10-18 16:22:27 - [MESSAGE][PASSED] - Verify element property value successfully

2023-10-18 16:22:27 - [TEST_STEP][PASSED] - verifyElementPropertyValue(getResponse, "offers[3].groups[0].pricingPlans[0].pricingPlanData[0].visualElements[1].value", "اشترك"): Verify element property value successfully

2023-10-18 16:22:27 - [MESSAGE][PASSED] - Verify element property value successfully

2023-10-18 16:22:27 - [TEST_STEP][PASSED] - verifyElementPropertyValue(getResponse, "offers[3].groups[0].pricingPlans[0].pricingPlanData[0].visualElements[2].key", "logo"): Verify element property value successfully

2023-10-18 16:22:27 - [MESSAGE][PASSED] - Verify element property value successfully

2023-10-18 16:22:27 - [TEST_STEP][PASSED] - verifyElementPropertyValue(getResponse, "offers[3].groups[0].pricingPlans[0].pricingPlanData[0].visualElements[2].value", "google"): Verify element property value successfully

2023-10-18 16:22:27 - [MESSAGE][PASSED] - Verify element property value successfully

2023-10-18 16:22:27 - [TEST_STEP][PASSED] - verifyElementPropertyValue(getResponse, "offers[4].offerId", "winback-sport-40-offer"): Verify element property value successfully

2023-10-18 16:22:27 - [MESSAGE][PASSED] - Verify element property value successfully

2023-10-18 16:22:27 - [TEST_STEP][PASSED] - verifyElementPropertyValue(getResponse, "offers[4].offerParam", "sportsoffer40"): Verify element property value successfully

2023-10-18 16:22:27 - [MESSAGE][PASSED] - Verify element property value successfully

2023-10-18 16:22:27 - [TEST_STEP][PASSED] - verifyElementPropertyValue(getResponse, "offers[4].groups[0].pricingPlans[0].featured", "true"): Verify element property value successfully

2023-10-18 16:22:27 - [MESSAGE][PASSED] - Verify element property value successfully

2023-10-18 16:22:27 - [TEST_STEP][PASSED] - verifyElementPropertyValue(getResponse, "offers[4].groups[0].pricingPlans[0].period", "monthly"): Verify element property value successfully

2023-10-18 16:22:27 - [MESSAGE][PASSED] - Verify element property value successfully

2023-10-18 16:22:27 - [TEST_STEP][PASSED] - verifyElementPropertyValue(getResponse, "offers[4].groups[0].pricingPlans[0].featured", "true"): Verify element property value successfully

2023-10-18 16:22:27 - [MESSAGE][PASSED] - Verify element property value successfully

2023-10-18 16:22:27 - [TEST_STEP][PASSED] - verifyElementPropertyValue(getResponse, "offers[4].groups[0].pricingPlans[0].price", "4.19"): Verify element property value successfully

2023-10-18 16:22:27 - [MESSAGE][PASSED] - Verify element property value successfully

2023-10-18 16:22:27 - [TEST_STEP][PASSED] - verifyElementPropertyValue(getResponse, "offers[4].groups[0].pricingPlans[0].currency", "OMR"): Verify element property value successfully

2023-10-18 16:22:27 - [MESSAGE][PASSED] - Verify element property value successfully

2023-10-18 16:22:27 - [TEST_STEP][PASSED] - verifyElementPropertyValue(getResponse, "offers[4].groups[0].pricingPlans[0].order", "0"): Verify element property value successfully

2023-10-18 16:22:27 - [MESSAGE][PASSED] - Verify element property value successfully

2023-10-18 16:22:27 - [TEST_STEP][PASSED] - verifyElementPropertyValue(getResponse, "offers[4].groups[0].pricingPlans[0].packageId", "SHAHID_VIP_SPORT"): Verify element property value successfully

2023-10-18 16:22:27 - [MESSAGE][PASSED] - Verify element property value successfully

2023-10-18 16:22:27 - [TEST_STEP][PASSED] - verifyElementPropertyValue(getResponse, "offers[4].groups[0].pricingPlans[0].catalogId", "SPORT"): Verify element property value successfully

2023-10-18 16:22:27 - [MESSAGE][PASSED] - Verify element property value successfully

2023-10-18 16:22:27 - [TEST_STEP][PASSED] - verifyElementPropertyValue(getResponse, "offers[4].groups[0].pricingPlans[0].visualElements[0].key", "Header_1_text"): Verify element property value successfully

2023-10-18 16:22:27 - [MESSAGE][PASSED] - Verify element property value successfully

2023-10-18 16:22:27 - [TEST_STEP][PASSED] - verifyElementPropertyValue(getResponse, "offers[4].groups[0].pricingPlans[0].visualElements[0].value", "شاهد أقوى المسلسلات و الأفلام حصرياً دون توقف"): Verify element property value successfully

2023-10-18 16:22:27 - [MESSAGE][PASSED] - Verify element property value successfully

2023-10-18 16:22:27 - [TEST_STEP][PASSED] - verifyElementPropertyValue(getResponse, "offers[4].groups[0].pricingPlans[0].visualElements[1].key", "display_title"): Verify element property value successfully

2023-10-18 16:22:27 - [MESSAGE][PASSED] - Verify element property value successfully

2023-10-18 16:22:27 - [TEST_STEP][PASSED] - verifyElementPropertyValue(getResponse, "offers[4].groups[0].pricingPlans[0].visualElements[1].value", "احصل على خصم 40%"): Verify element property value successfully

2023-10-18 16:22:27 - [MESSAGE][PASSED] - Verify element property value successfully

2023-10-18 16:22:27 - [TEST_STEP][PASSED] - verifyElementPropertyValue(getResponse, "offers[4].groups[0].pricingPlans[0].visualElements[3].key", "deduction_text"): Verify element property value successfully

2023-10-18 16:22:27 - [MESSAGE][PASSED] - Verify element property value successfully

2023-10-18 16:22:27 - [TEST_STEP][PASSED] - verifyElementPropertyValue(getResponse, "offers[4].groups[0].pricingPlans[0].visualElements[3].value", "تدفع شهرياً"): Verify element property value successfully

2023-10-18 16:22:27 - [MESSAGE][PASSED] - Verify element property value successfully

2023-10-18 16:22:27 - [TEST_STEP][PASSED] - verifyElementPropertyValue(getResponse, "offers[4].groups[0].pricingPlans[0].visualElements[6].key", "show_payment_logo"): Verify element property value successfully

2023-10-18 16:22:27 - [MESSAGE][PASSED] - Verify element property value successfully

2023-10-18 16:22:27 - [TEST_STEP][PASSED] - verifyElementPropertyValue(getResponse, "offers[4].groups[0].pricingPlans[0].visualElements[6].value", "true"): Verify element property value successfully

2023-10-18 16:22:27 - [MESSAGE][PASSED] - Verify element property value successfully

2023-10-18 16:22:27 - [TEST_STEP][PASSED] - verifyElementPropertyValue(getResponse, "offers[4].groups[0].pricingPlans[0].visualElements[8].key", "price"): Verify element property value successfully

2023-10-18 16:22:27 - [MESSAGE][PASSED] - Verify element property value successfully

2023-10-18 16:22:27 - [TEST_STEP][PASSED] - verifyElementPropertyValue(getResponse, "offers[4].groups[0].pricingPlans[0].visualElements[8].value", "4.19"): Verify element property value successfully

2023-10-18 16:22:27 - [MESSAGE][PASSED] - Verify element property value successfully

2023-10-18 16:22:27 - [TEST_STEP][PASSED] - verifyElementPropertyValue(getResponse, "offers[4].groups[0].pricingPlans[0].visualElements[9].key", "currency"): Verify element property value successfully

2023-10-18 16:22:27 - [MESSAGE][PASSED] - Verify element property value successfully

2023-10-18 16:22:27 - [TEST_STEP][PASSED] - verifyElementPropertyValue(getResponse, "offers[4].groups[0].pricingPlans[0].visualElements[9].value", "OMR"): Verify element property value successfully

2023-10-18 16:22:27 - [MESSAGE][PASSED] - Verify element property value successfully

2023-10-18 16:22:27 - [TEST_STEP][PASSED] - verifyElementPropertyValue(getResponse, "offers[4].groups[0].pricingPlans[0].visualElements[10].key", "duration"): Verify element property value successfully

2023-10-18 16:22:27 - [MESSAGE][PASSED] - Verify element property value successfully

2023-10-18 16:22:27 - [TEST_STEP][PASSED] - verifyElementPropertyValue(getResponse, "offers[4].groups[0].pricingPlans[0].visualElements[10].value", "شهرياً"): Verify element property value successfully

2023-10-18 16:22:27 - [MESSAGE][PASSED] - Verify element property value successfully

2023-10-18 16:22:27 - [TEST_STEP][PASSED] - verifyElementPropertyValue(getResponse, "offers[4].groups[0].pricingPlans[0].visualElements[11].key", "featured_tag_text"): Verify element property value successfully

2023-10-18 16:22:27 - [MESSAGE][PASSED] - Verify element property value successfully

2023-10-18 16:22:27 - [TEST_STEP][PASSED] - verifyElementPropertyValue(getResponse, "offers[4].groups[0].pricingPlans[0].visualElements[11].value", "عرض لمدة محدودة"): Verify element property value successfully

2023-10-18 16:22:27 - [MESSAGE][PASSED] - Verify element property value successfully

2023-10-18 16:22:27 - [TEST_STEP][PASSED] - verifyElementPropertyValue(getResponse, "offers[4].groups[0].pricingPlans[0].visualElements[13].key", "tag_text"): Verify element property value successfully

2023-10-18 16:22:27 - [MESSAGE][PASSED] - Verify element property value successfully

2023-10-18 16:22:27 - [TEST_STEP][PASSED] - verifyElementPropertyValue(getResponse, "offers[4].groups[0].pricingPlans[0].visualElements[13].value", "وفر 40%"): Verify element property value successfully

2023-10-18 16:22:27 - [MESSAGE][PASSED] - Verify element property value successfully

2023-10-18 16:22:27 - [TEST_STEP][PASSED] - verifyElementPropertyValue(getResponse, "offers[4].groups[0].pricingPlans[0].visualElements[12].key", "show_tag"): Verify element property value successfully

2023-10-18 16:22:27 - [MESSAGE][PASSED] - Verify element property value successfully

2023-10-18 16:22:27 - [TEST_STEP][PASSED] - verifyElementPropertyValue(getResponse, "offers[4].groups[0].pricingPlans[0].visualElements[12].value", "true"): Verify element property value successfully

2023-10-18 16:22:27 - [MESSAGE][PASSED] - Verify element property value successfully

2023-10-18 16:22:27 - [TEST_STEP][PASSED] - verifyElementPropertyValue(getResponse, "offers[4].groups[0].pricingPlans[0].pricingPlanData[0].productId", "OMN_B2C_SHAHID_VIP_SPORT_1M"): Verify element property value successfully

2023-10-18 16:22:27 - [MESSAGE][PASSED] - Verify element property value successfully

2023-10-18 16:22:27 - [TEST_STEP][PASSED] - verifyElementPropertyValue(getResponse, "offers[4].groups[0].pricingPlans[0].pricingPlanData[0].subPricingPlanIds", "[net.shahid.monthly.vipsports]"): Verify element property value successfully

2023-10-18 16:22:27 - [MESSAGE][PASSED] - Verify element property value successfully

2023-10-18 16:22:27 - [TEST_STEP][PASSED] - verifyElementPropertyValue(getResponse, "offers[4].groups[0].pricingPlans[0].pricingPlanData[0].paymentMethod", "GOOGLE_IAP"): Verify element property value successfully

2023-10-18 16:22:27 - [MESSAGE][PASSED] - Verify element property value successfully

2023-10-18 16:22:27 - [TEST_STEP][PASSED] - verifyElementPropertyValue(getResponse, "offers[4].groups[0].pricingPlans[0].pricingPlanData[0].freeTrialEnabled", "false"): Verify element property value successfully

2023-10-18 16:22:27 - [MESSAGE][PASSED] - Verify element property value successfully

2023-10-18 16:22:27 - [TEST_STEP][PASSED] - verifyElementPropertyValue(getResponse, "offers[4].groups[0].pricingPlans[0].pricingPlanData[0].priceLabel", "4.19"): Verify element property value successfully

2023-10-18 16:22:27 - [MESSAGE][PASSED] - Verify element property value successfully

2023-10-18 16:22:27 - [TEST_STEP][PASSED] - verifyElementPropertyValue(getResponse, "offers[4].groups[0].pricingPlans[0].pricingPlanData[0].currencyLabel", "OMR"): Verify element property value successfully

2023-10-18 16:22:27 - [MESSAGE][PASSED] - Verify element property value successfully

2023-10-18 16:22:27 - [TEST_STEP][PASSED] - verifyElementPropertyValue(getResponse, "offers[4].groups[0].pricingPlans[0].pricingPlanData[0].dealId", "GW_WB_SPORT_40P_OMN"): Verify element property value successfully

2023-10-18 16:22:27 - [MESSAGE][PASSED] - Verify element property value successfully

2023-10-18 16:22:27 - [TEST_STEP][PASSED] - verifyElementPropertyValue(getResponse, "offers[4].groups[0].pricingPlans[0].pricingPlanData[0].allowedForAcquisition", "true"): Verify element property value successfully

2023-10-18 16:22:27 - [MESSAGE][PASSED] - Verify element property value successfully

2023-10-18 16:22:27 - [TEST_STEP][PASSED] - verifyElementPropertyValue(getResponse, "offers[4].groups[0].pricingPlans[0].pricingPlanData[0].visualElements[1].key", "CTA_text"): Verify element property value successfully

2023-10-18 16:22:27 - [MESSAGE][PASSED] - Verify element property value successfully

2023-10-18 16:22:27 - [TEST_STEP][PASSED] - verifyElementPropertyValue(getResponse, "offers[4].groups[0].pricingPlans[0].pricingPlanData[0].visualElements[1].value", "اشترك"): Verify element property value successfully

2023-10-18 16:22:27 - [MESSAGE][PASSED] - Verify element property value successfully

2023-10-18 16:22:27 - [TEST_STEP][PASSED] - verifyElementPropertyValue(getResponse, "offers[4].groups[0].pricingPlans[0].pricingPlanData[0].visualElements[2].key", "logo"): Verify element property value successfully

2023-10-18 16:22:27 - [MESSAGE][PASSED] - Verify element property value successfully

2023-10-18 16:22:27 - [TEST_STEP][PASSED] - verifyElementPropertyValue(getResponse, "offers[4].groups[0].pricingPlans[0].pricingPlanData[0].visualElements[2].value", "google"): Verify element property value successfully

2023-10-18 16:22:27 - [MESSAGE][PASSED] - Verify element property value successfully

2023-10-18 16:22:27 - [TEST_STEP][PASSED] - verifyElementPropertyValue(getResponse, "offers[5].offerId", "winback-sport-50-offer"): Verify element property value successfully

2023-10-18 16:22:27 - [MESSAGE][PASSED] - Verify element property value successfully

2023-10-18 16:22:27 - [TEST_STEP][PASSED] - verifyElementPropertyValue(getResponse, "offers[5].offerParam", "sportsoffer50"): Verify element property value successfully

2023-10-18 16:22:27 - [MESSAGE][PASSED] - Verify element property value successfully

2023-10-18 16:22:27 - [TEST_STEP][PASSED] - verifyElementPropertyValue(getResponse, "offers[5].groups[0].pricingPlans[0].featured", "true"): Verify element property value successfully

2023-10-18 16:22:27 - [MESSAGE][PASSED] - Verify element property value successfully

2023-10-18 16:22:27 - [TEST_STEP][PASSED] - verifyElementPropertyValue(getResponse, "offers[5].groups[0].pricingPlans[0].period", "monthly"): Verify element property value successfully

2023-10-18 16:22:27 - [MESSAGE][PASSED] - Verify element property value successfully

2023-10-18 16:22:27 - [TEST_STEP][PASSED] - verifyElementPropertyValue(getResponse, "offers[5].groups[0].pricingPlans[0].featured", "true"): Verify element property value successfully

2023-10-18 16:22:27 - [MESSAGE][PASSED] - Verify element property value successfully

2023-10-18 16:22:27 - [TEST_STEP][PASSED] - verifyElementPropertyValue(getResponse, "offers[5].groups[0].pricingPlans[0].price", "3.49"): Verify element property value successfully

2023-10-18 16:22:27 - [MESSAGE][PASSED] - Verify element property value successfully

2023-10-18 16:22:27 - [TEST_STEP][PASSED] - verifyElementPropertyValue(getResponse, "offers[5].groups[0].pricingPlans[0].currency", "OMR"): Verify element property value successfully

2023-10-18 16:22:27 - [MESSAGE][PASSED] - Verify element property value successfully

2023-10-18 16:22:27 - [TEST_STEP][PASSED] - verifyElementPropertyValue(getResponse, "offers[5].groups[0].pricingPlans[0].order", "0"): Verify element property value successfully

2023-10-18 16:22:27 - [MESSAGE][PASSED] - Verify element property value successfully

2023-10-18 16:22:27 - [TEST_STEP][PASSED] - verifyElementPropertyValue(getResponse, "offers[5].groups[0].pricingPlans[0].packageId", "SHAHID_VIP_SPORT"): Verify element property value successfully

2023-10-18 16:22:27 - [MESSAGE][PASSED] - Verify element property value successfully

2023-10-18 16:22:27 - [TEST_STEP][PASSED] - verifyElementPropertyValue(getResponse, "offers[5].groups[0].pricingPlans[0].catalogId", "SPORT"): Verify element property value successfully

2023-10-18 16:22:27 - [MESSAGE][PASSED] - Verify element property value successfully

2023-10-18 16:22:27 - [TEST_STEP][PASSED] - verifyElementPropertyValue(getResponse, "offers[5].groups[0].pricingPlans[0].visualElements[0].key", "Header_1_text"): Verify element property value successfully

2023-10-18 16:22:27 - [MESSAGE][PASSED] - Verify element property value successfully

2023-10-18 16:22:27 - [TEST_STEP][PASSED] - verifyElementPropertyValue(getResponse, "offers[5].groups[0].pricingPlans[0].visualElements[0].value", "شاهد أقوى المسلسلات و الأفلام حصرياً دون توقف"): Verify element property value successfully

2023-10-18 16:22:27 - [MESSAGE][PASSED] - Verify element property value successfully

2023-10-18 16:22:27 - [TEST_STEP][PASSED] - verifyElementPropertyValue(getResponse, "offers[5].groups[0].pricingPlans[0].visualElements[1].key", "display_title"): Verify element property value successfully

2023-10-18 16:22:27 - [MESSAGE][PASSED] - Verify element property value successfully

2023-10-18 16:22:27 - [TEST_STEP][PASSED] - verifyElementPropertyValue(getResponse, "offers[5].groups[0].pricingPlans[0].visualElements[1].value", "احصل على خصم 50%"): Verify element property value successfully

2023-10-18 16:22:27 - [MESSAGE][PASSED] - Verify element property value successfully

2023-10-18 16:22:27 - [TEST_STEP][PASSED] - verifyElementPropertyValue(getResponse, "offers[5].groups[0].pricingPlans[0].visualElements[3].key", "deduction_text"): Verify element property value successfully

2023-10-18 16:22:27 - [MESSAGE][PASSED] - Verify element property value successfully

2023-10-18 16:22:27 - [TEST_STEP][PASSED] - verifyElementPropertyValue(getResponse, "offers[5].groups[0].pricingPlans[0].visualElements[3].value", "تدفع شهرياً"): Verify element property value successfully

2023-10-18 16:22:27 - [MESSAGE][PASSED] - Verify element property value successfully

2023-10-18 16:22:27 - [TEST_STEP][PASSED] - verifyElementPropertyValue(getResponse, "offers[5].groups[0].pricingPlans[0].visualElements[6].key", "show_payment_logo"): Verify element property value successfully

2023-10-18 16:22:27 - [MESSAGE][PASSED] - Verify element property value successfully

2023-10-18 16:22:27 - [TEST_STEP][PASSED] - verifyElementPropertyValue(getResponse, "offers[5].groups[0].pricingPlans[0].visualElements[6].value", "true"): Verify element property value successfully

2023-10-18 16:22:27 - [MESSAGE][PASSED] - Verify element property value successfully

2023-10-18 16:22:27 - [TEST_STEP][PASSED] - verifyElementPropertyValue(getResponse, "offers[5].groups[0].pricingPlans[0].visualElements[8].key", "price"): Verify element property value successfully

2023-10-18 16:22:27 - [MESSAGE][PASSED] - Verify element property value successfully

2023-10-18 16:22:27 - [TEST_STEP][PASSED] - verifyElementPropertyValue(getResponse, "offers[5].groups[0].pricingPlans[0].visualElements[8].value", "3.49"): Verify element property value successfully

2023-10-18 16:22:27 - [MESSAGE][PASSED] - Verify element property value successfully

2023-10-18 16:22:27 - [TEST_STEP][PASSED] - verifyElementPropertyValue(getResponse, "offers[5].groups[0].pricingPlans[0].visualElements[9].key", "currency"): Verify element property value successfully

2023-10-18 16:22:27 - [MESSAGE][PASSED] - Verify element property value successfully

2023-10-18 16:22:27 - [TEST_STEP][PASSED] - verifyElementPropertyValue(getResponse, "offers[5].groups[0].pricingPlans[0].visualElements[9].value", "OMR"): Verify element property value successfully

2023-10-18 16:22:27 - [MESSAGE][PASSED] - Verify element property value successfully

2023-10-18 16:22:27 - [TEST_STEP][PASSED] - verifyElementPropertyValue(getResponse, "offers[5].groups[0].pricingPlans[0].visualElements[10].key", "duration"): Verify element property value successfully

2023-10-18 16:22:27 - [MESSAGE][PASSED] - Verify element property value successfully

2023-10-18 16:22:27 - [TEST_STEP][PASSED] - verifyElementPropertyValue(getResponse, "offers[5].groups[0].pricingPlans[0].visualElements[10].value", "شهرياً"): Verify element property value successfully

2023-10-18 16:22:27 - [MESSAGE][PASSED] - Verify element property value successfully

2023-10-18 16:22:27 - [TEST_STEP][PASSED] - verifyElementPropertyValue(getResponse, "offers[5].groups[0].pricingPlans[0].visualElements[11].key", "featured_tag_text"): Verify element property value successfully

2023-10-18 16:22:27 - [MESSAGE][PASSED] - Verify element property value successfully

2023-10-18 16:22:27 - [TEST_STEP][PASSED] - verifyElementPropertyValue(getResponse, "offers[5].groups[0].pricingPlans[0].visualElements[11].value", "عرض لمدة محدودة"): Verify element property value successfully

2023-10-18 16:22:27 - [MESSAGE][PASSED] - Verify element property value successfully

2023-10-18 16:22:27 - [TEST_STEP][PASSED] - verifyElementPropertyValue(getResponse, "offers[5].groups[0].pricingPlans[0].visualElements[13].key", "tag_text"): Verify element property value successfully

2023-10-18 16:22:27 - [MESSAGE][PASSED] - Verify element property value successfully

2023-10-18 16:22:27 - [TEST_STEP][PASSED] - verifyElementPropertyValue(getResponse, "offers[5].groups[0].pricingPlans[0].visualElements[13].value", "وفر 50%"): Verify element property value successfully

2023-10-18 16:22:27 - [MESSAGE][PASSED] - Verify element property value successfully

2023-10-18 16:22:27 - [TEST_STEP][PASSED] - verifyElementPropertyValue(getResponse, "offers[5].groups[0].pricingPlans[0].visualElements[12].key", "show_tag"): Verify element property value successfully

2023-10-18 16:22:27 - [MESSAGE][PASSED] - Verify element property value successfully

2023-10-18 16:22:27 - [TEST_STEP][PASSED] - verifyElementPropertyValue(getResponse, "offers[5].groups[0].pricingPlans[0].visualElements[12].value", "true"): Verify element property value successfully

2023-10-18 16:22:27 - [MESSAGE][PASSED] - Verify element property value successfully

2023-10-18 16:22:27 - [TEST_STEP][PASSED] - verifyElementPropertyValue(getResponse, "offers[5].groups[0].pricingPlans[0].pricingPlanData[0].productId", "OMN_B2C_SHAHID_VIP_SPORT_1M"): Verify element property value successfully

2023-10-18 16:22:27 - [MESSAGE][PASSED] - Verify element property value successfully

2023-10-18 16:22:27 - [TEST_STEP][PASSED] - verifyElementPropertyValue(getResponse, "offers[5].groups[0].pricingPlans[0].pricingPlanData[0].subPricingPlanIds", "[net.shahid.monthly.vipsports]"): Verify element property value successfully

2023-10-18 16:22:27 - [MESSAGE][PASSED] - Verify element property value successfully

2023-10-18 16:22:27 - [TEST_STEP][PASSED] - verifyElementPropertyValue(getResponse, "offers[5].groups[0].pricingPlans[0].pricingPlanData[0].paymentMethod", "GOOGLE_IAP"): Verify element property value successfully

2023-10-18 16:22:27 - [MESSAGE][PASSED] - Verify element property value successfully

2023-10-18 16:22:27 - [TEST_STEP][PASSED] - verifyElementPropertyValue(getResponse, "offers[5].groups[0].pricingPlans[0].pricingPlanData[0].freeTrialEnabled", "false"): Verify element property value successfully

2023-10-18 16:22:27 - [MESSAGE][PASSED] - Verify element property value successfully

2023-10-18 16:22:27 - [TEST_STEP][PASSED] - verifyElementPropertyValue(getResponse, "offers[5].groups[0].pricingPlans[0].pricingPlanData[0].priceLabel", "3.49"): Verify element property value successfully

2023-10-18 16:22:27 - [MESSAGE][PASSED] - Verify element property value successfully

2023-10-18 16:22:27 - [TEST_STEP][PASSED] - verifyElementPropertyValue(getResponse, "offers[5].groups[0].pricingPlans[0].pricingPlanData[0].currencyLabel", "OMR"): Verify element property value successfully

2023-10-18 16:22:27 - [MESSAGE][PASSED] - Verify element property value successfully

2023-10-18 16:22:27 - [TEST_STEP][PASSED] - verifyElementPropertyValue(getResponse, "offers[5].groups[0].pricingPlans[0].pricingPlanData[0].dealId", "GW_WB_SPORT_50P_OMN"): Verify element property value successfully

2023-10-18 16:22:27 - [MESSAGE][PASSED] - Verify element property value successfully

2023-10-18 16:22:27 - [TEST_STEP][PASSED] - verifyElementPropertyValue(getResponse, "offers[5].groups[0].pricingPlans[0].pricingPlanData[0].allowedForAcquisition", "true"): Verify element property value successfully

2023-10-18 16:22:27 - [MESSAGE][PASSED] - Verify element property value successfully

2023-10-18 16:22:27 - [TEST_STEP][PASSED] - verifyElementPropertyValue(getResponse, "offers[5].groups[0].pricingPlans[0].pricingPlanData[0].visualElements[1].key", "CTA_text"): Verify element property value successfully

2023-10-18 16:22:27 - [MESSAGE][PASSED] - Verify element property value successfully

2023-10-18 16:22:31 - [TEST_STEP][PASSED] - verifyElementPropertyValue(getResponse, "offers[5].groups[0].pricingPlans[0].pricingPlanData[0].visualElements[1].value", "اشترك"): Verify element property value successfully

2023-10-18 16:22:31 - [MESSAGE][PASSED] - Verify element property value successfully

2023-10-18 16:22:31 - [TEST_STEP][PASSED] - verifyElementPropertyValue(getResponse, "offers[5].groups[0].pricingPlans[0].pricingPlanData[0].visualElements[2].key", "logo"): Verify element property value successfully

2023-10-18 16:22:31 - [MESSAGE][PASSED] - Verify element property value successfully

2023-10-18 16:22:31 - [TEST_STEP][PASSED] - verifyElementPropertyValue(getResponse, "offers[5].groups[0].pricingPlans[0].pricingPlanData[0].visualElements[2].value", "google"): Verify element property value successfully

2023-10-18 16:22:31 - [MESSAGE][PASSED] - Verify element property value successfully

2023-10-18 16:22:31 - [TEST_STEP][PASSED] - verifyElementPropertyValue(getResponse, "groups[0].pricingPlans[0].featured", "true"): Verify element property value successfully

2023-10-18 16:22:31 - [MESSAGE][PASSED] - Verify element property value successfully

2023-10-18 16:22:31 - [TEST_STEP][PASSED] - verifyElementPropertyValue(getResponse, "groups[0].pricingPlans[0].packageId", "SHAHID_VIP_SPORT"): Verify element property value successfully

2023-10-18 16:22:31 - [MESSAGE][PASSED] - Verify element property value successfully

2023-10-18 16:22:31 - [TEST_STEP][PASSED] - verifyElementPropertyValue(getResponse, "groups[0].pricingPlans[0].catalogId", "SPORT"): Verify element property value successfully

2023-10-18 16:22:31 - [MESSAGE][PASSED] - Verify element property value successfully

2023-10-18 16:22:31 - [TEST_STEP][PASSED] - verifyElementPropertyValue(getResponse, "groups[0].pricingPlans[0].visualElements[0].key", "Header_1_text"): Verify element property value successfully

2023-10-18 16:22:31 - [MESSAGE][PASSED] - Verify element property value successfully

2023-10-18 16:22:31 - [TEST_STEP][PASSED] - verifyElementPropertyValue(getResponse, "groups[0].pricingPlans[0].visualElements[0].value", "شاهد أقوى المسلسلات و الأفلام حصرياً دون توقف"): Verify element property value successfully

2023-10-18 16:22:31 - [MESSAGE][PASSED] - Verify element property value successfully

2023-10-18 16:22:31 - [TEST_STEP][PASSED] - verifyElementPropertyValue(getResponse, "groups[0].pricingPlans[0].visualElements[1].key", "display_title"): Verify element property value successfully

2023-10-18 16:22:31 - [MESSAGE][PASSED] - Verify element property value successfully

2023-10-18 16:22:31 - [TEST_STEP][PASSED] - verifyElementPropertyValue(getResponse, "groups[0].pricingPlans[0].visualElements[1].value", "الاشتراك الشهري  "): Verify element property value successfully

2023-10-18 16:22:31 - [MESSAGE][PASSED] - Verify element property value successfully

2023-10-18 16:22:31 - [TEST_STEP][PASSED] - verifyElementPropertyValue(getResponse, "groups[0].pricingPlans[0].visualElements[2].key", "promo_text"): Verify element property value successfully

2023-10-18 16:22:31 - [MESSAGE][PASSED] - Verify element property value successfully

2023-10-18 16:22:31 - [TEST_STEP][PASSED] - verifyElementPropertyValue(getResponse, "groups[0].pricingPlans[0].visualElements[2].value", "6.99 OMR / شهرياً"): Verify element property value successfully

2023-10-18 16:22:31 - [MESSAGE][PASSED] - Verify element property value successfully

2023-10-18 16:22:31 - [TEST_STEP][PASSED] - verifyElementPropertyValue(getResponse, "groups[0].pricingPlans[0].visualElements[3].key", "deduction_text"): Verify element property value successfully

2023-10-18 16:22:31 - [MESSAGE][PASSED] - Verify element property value successfully

2023-10-18 16:22:31 - [TEST_STEP][PASSED] - verifyElementPropertyValue(getResponse, "groups[0].pricingPlans[0].visualElements[3].value", "تدفع شهرياً"): Verify element property value successfully

2023-10-18 16:22:31 - [MESSAGE][PASSED] - Verify element property value successfully

2023-10-18 16:22:31 - [TEST_STEP][PASSED] - verifyElementPropertyValue(getResponse, "groups[0].pricingPlans[0].visualElements[6].key", "show_payment_logo"): Verify element property value successfully

2023-10-18 16:22:31 - [MESSAGE][PASSED] - Verify element property value successfully

2023-10-18 16:22:31 - [TEST_STEP][PASSED] - verifyElementPropertyValue(getResponse, "groups[0].pricingPlans[0].visualElements[6].value", "true"): Verify element property value successfully

2023-10-18 16:22:31 - [MESSAGE][PASSED] - Verify element property value successfully

2023-10-18 16:22:31 - [TEST_STEP][PASSED] - verifyElementPropertyValue(getResponse, "groups[0].pricingPlans[0].visualElements[8].key", "price"): Verify element property value successfully

2023-10-18 16:22:31 - [MESSAGE][PASSED] - Verify element property value successfully

2023-10-18 16:22:31 - [TEST_STEP][PASSED] - verifyElementPropertyValue(getResponse, "groups[0].pricingPlans[0].visualElements[8].value", "6.99"): Verify element property value successfully

2023-10-18 16:22:31 - [MESSAGE][PASSED] - Verify element property value successfully

2023-10-18 16:22:31 - [TEST_STEP][PASSED] - verifyElementPropertyValue(getResponse, "groups[0].pricingPlans[0].visualElements[9].key", "currency"): Verify element property value successfully

2023-10-18 16:22:31 - [MESSAGE][PASSED] - Verify element property value successfully

2023-10-18 16:22:31 - [TEST_STEP][PASSED] - verifyElementPropertyValue(getResponse, "groups[0].pricingPlans[0].visualElements[9].value", "OMR"): Verify element property value successfully

2023-10-18 16:22:31 - [MESSAGE][PASSED] - Verify element property value successfully

2023-10-18 16:22:31 - [TEST_STEP][PASSED] - verifyElementPropertyValue(getResponse, "groups[0].pricingPlans[0].visualElements[10].key", "duration"): Verify element property value successfully

2023-10-18 16:22:31 - [MESSAGE][PASSED] - Verify element property value successfully

2023-10-18 16:22:31 - [TEST_STEP][PASSED] - verifyElementPropertyValue(getResponse, "groups[0].pricingPlans[0].visualElements[10].value", "شهرياً"): Verify element property value successfully

2023-10-18 16:22:31 - [MESSAGE][PASSED] - Verify element property value successfully

2023-10-18 16:22:31 - [TEST_STEP][PASSED] - verifyElementPropertyValue(getResponse, "groups[0].pricingPlans[0].order", "3"): Verify element property value successfully

2023-10-18 16:22:31 - [MESSAGE][PASSED] - Verify element property value successfully

2023-10-18 16:22:31 - [TEST_STEP][PASSED] - verifyElementPropertyValue(getResponse, "groups[0].pricingPlans[0].period", "monthly"): Verify element property value successfully

2023-10-18 16:22:31 - [MESSAGE][PASSED] - Verify element property value successfully

2023-10-18 16:22:31 - [TEST_STEP][PASSED] - verifyElementPropertyValue(getResponse, "groups[0].pricingPlans[0].price", "6.99"): Verify element property value successfully

2023-10-18 16:22:31 - [MESSAGE][PASSED] - Verify element property value successfully

2023-10-18 16:22:31 - [TEST_STEP][PASSED] - verifyElementPropertyValue(getResponse, "groups[0].pricingPlans[0].currency", "OMR"): Verify element property value successfully

2023-10-18 16:22:31 - [MESSAGE][PASSED] - Verify element property value successfully

2023-10-18 16:22:31 - [TEST_STEP][PASSED] - verifyElementPropertyValue(getResponse, "groups[0].pricingPlans[0].pricingPlanData[0].productId", "OMN_B2C_SHAHID_VIP_SPORT_1M"): Verify element property value successfully

2023-10-18 16:22:31 - [MESSAGE][PASSED] - Verify element property value successfully

2023-10-18 16:22:31 - [TEST_STEP][PASSED] - verifyElementPropertyValue(getResponse, "groups[0].pricingPlans[0].pricingPlanData[0].subPricingPlanIds", "[net.shahid.monthly.vipsports]"): Verify element property value successfully

2023-10-18 16:22:31 - [MESSAGE][PASSED] - Verify element property value successfully

2023-10-18 16:22:31 - [TEST_STEP][PASSED] - verifyElementPropertyValue(getResponse, "groups[0].pricingPlans[0].pricingPlanData[0].paymentMethod", "GOOGLE_IAP"): Verify element property value successfully

2023-10-18 16:22:31 - [MESSAGE][PASSED] - Verify element property value successfully

2023-10-18 16:22:31 - [TEST_STEP][PASSED] - verifyElementPropertyValue(getResponse, "groups[0].pricingPlans[0].pricingPlanData[0].freeTrialEnabled", "false"): Verify element property value successfully

2023-10-18 16:22:31 - [MESSAGE][PASSED] - Verify element property value successfully

2023-10-18 16:22:31 - [TEST_STEP][PASSED] - verifyElementPropertyValue(getResponse, "groups[0].pricingPlans[0].pricingPlanData[0].visualElements[1].key", "CTA_text"): Verify element property value successfully

2023-10-18 16:22:31 - [MESSAGE][PASSED] - Verify element property value successfully

2023-10-18 16:22:31 - [TEST_STEP][PASSED] - verifyElementPropertyValue(getResponse, "groups[0].pricingPlans[0].pricingPlanData[0].visualElements[1].value", "اشترك"): Verify element property value successfully

2023-10-18 16:22:31 - [MESSAGE][PASSED] - Verify element property value successfully

2023-10-18 16:22:31 - [TEST_STEP][PASSED] - verifyElementPropertyValue(getResponse, "groups[0].pricingPlans[0].pricingPlanData[0].visualElements[2].key", "logo"): Verify element property value successfully

2023-10-18 16:22:31 - [MESSAGE][PASSED] - Verify element property value successfully

2023-10-18 16:22:31 - [TEST_STEP][PASSED] - verifyElementPropertyValue(getResponse, "groups[0].pricingPlans[0].pricingPlanData[0].visualElements[2].value", "google"): Verify element property value successfully

2023-10-18 16:22:31 - [MESSAGE][PASSED] - Verify element property value successfully

2023-10-18 16:22:31 - [TEST_STEP][PASSED] - verifyElementPropertyValue(getResponse, "groups[0].pricingPlans[0].pricingPlanData[0].priceLabel", "6.99"): Verify element property value successfully

2023-10-18 16:22:31 - [MESSAGE][PASSED] - Verify element property value successfully

2023-10-18 16:22:31 - [TEST_STEP][PASSED] - verifyElementPropertyValue(getResponse, "groups[0].pricingPlans[0].pricingPlanData[0].currencyLabel", "OMR"): Verify element property value successfully

2023-10-18 16:22:31 - [MESSAGE][PASSED] - Verify element property value successfully

2023-10-18 16:22:31 - [TEST_STEP][PASSED] - verifyElementPropertyValue(getResponse, "groups[0].pricingPlans[2].featured", "false"): Verify element property value successfully

2023-10-18 16:22:31 - [MESSAGE][PASSED] - Verify element property value successfully

2023-10-18 16:22:31 - [TEST_STEP][PASSED] - verifyElementPropertyValue(getResponse, "groups[0].pricingPlans[2].packageId", "SHAHID_VIP_SPORT"): Verify element property value successfully

2023-10-18 16:22:31 - [MESSAGE][PASSED] - Verify element property value successfully

2023-10-18 16:22:31 - [TEST_STEP][PASSED] - verifyElementPropertyValue(getResponse, "groups[0].pricingPlans[2].catalogId", "SPORT"): Verify element property value successfully

2023-10-18 16:22:31 - [MESSAGE][PASSED] - Verify element property value successfully

2023-10-18 16:22:31 - [TEST_STEP][PASSED] - verifyElementPropertyValue(getResponse, "groups[0].pricingPlans[2].visualElements[0].key", "Header_1_text"): Verify element property value successfully

2023-10-18 16:22:31 - [MESSAGE][PASSED] - Verify element property value successfully

2023-10-18 16:22:31 - [TEST_STEP][PASSED] - verifyElementPropertyValue(getResponse, "groups[0].pricingPlans[2].visualElements[0].value", "شاهد أقوى المسلسلات و الأفلام حصرياً دون توقف"): Verify element property value successfully

2023-10-18 16:22:31 - [MESSAGE][PASSED] - Verify element property value successfully

2023-10-18 16:22:31 - [TEST_STEP][PASSED] - verifyElementPropertyValue(getResponse, "groups[0].pricingPlans[2].visualElements[1].key", "display_title"): Verify element property value successfully

2023-10-18 16:22:31 - [MESSAGE][PASSED] - Verify element property value successfully

2023-10-18 16:22:31 - [TEST_STEP][PASSED] - verifyElementPropertyValue(getResponse, "groups[0].pricingPlans[2].visualElements[1].value", "الاشتراك السنوي "): Verify element property value successfully

2023-10-18 16:22:31 - [MESSAGE][PASSED] - Verify element property value successfully

2023-10-18 16:22:31 - [TEST_STEP][PASSED] - verifyElementPropertyValue(getResponse, "groups[0].pricingPlans[2].visualElements[2].key", "tag_text"): Verify element property value successfully

2023-10-18 16:22:31 - [MESSAGE][PASSED] - Verify element property value successfully

2023-10-18 16:22:31 - [TEST_STEP][PASSED] - verifyElementPropertyValue(getResponse, "groups[0].pricingPlans[2].visualElements[2].value", "وفر17%"): Verify element property value successfully

2023-10-18 16:22:31 - [MESSAGE][PASSED] - Verify element property value successfully

2023-10-18 16:22:31 - [TEST_STEP][PASSED] - verifyElementPropertyValue(getResponse, "groups[0].pricingPlans[2].visualElements[3].key", "promo_text"): Verify element property value successfully

2023-10-18 16:22:31 - [MESSAGE][PASSED] - Verify element property value successfully

2023-10-18 16:22:31 - [TEST_STEP][PASSED] - verifyElementPropertyValue(getResponse, "groups[0].pricingPlans[2].visualElements[3].value", "5.82 OMR / شهرياً"): Verify element property value successfully

2023-10-18 16:22:31 - [MESSAGE][PASSED] - Verify element property value successfully

2023-10-18 16:22:31 - [TEST_STEP][PASSED] - verifyElementPropertyValue(getResponse, "groups[0].pricingPlans[2].visualElements[4].key", "deduction_text"): Verify element property value successfully

2023-10-18 16:22:31 - [MESSAGE][PASSED] - Verify element property value successfully

2023-10-18 16:22:31 - [TEST_STEP][PASSED] - verifyElementPropertyValue(getResponse, "groups[0].pricingPlans[2].visualElements[4].value", " 69.89 OMR  تدفع سنوياً"): Verify element property value successfully

2023-10-18 16:22:31 - [MESSAGE][PASSED] - Verify element property value successfully

2023-10-18 16:22:31 - [TEST_STEP][PASSED] - verifyElementPropertyValue(getResponse, "groups[0].pricingPlans[2].visualElements[7].key", "show_payment_logo"): Verify element property value successfully

2023-10-18 16:22:31 - [MESSAGE][PASSED] - Verify element property value successfully

2023-10-18 16:22:31 - [TEST_STEP][PASSED] - verifyElementPropertyValue(getResponse, "groups[0].pricingPlans[2].visualElements[7].value", "true"): Verify element property value successfully

2023-10-18 16:22:31 - [MESSAGE][PASSED] - Verify element property value successfully

2023-10-18 16:22:31 - [TEST_STEP][PASSED] - verifyElementPropertyValue(getResponse, "groups[0].pricingPlans[2].visualElements[8].key", "show_tag"): Verify element property value successfully

2023-10-18 16:22:31 - [MESSAGE][PASSED] - Verify element property value successfully

2023-10-18 16:22:31 - [TEST_STEP][PASSED] - verifyElementPropertyValue(getResponse, "groups[0].pricingPlans[2].visualElements[8].value", "true"): Verify element property value successfully

2023-10-18 16:22:31 - [MESSAGE][PASSED] - Verify element property value successfully

2023-10-18 16:22:31 - [TEST_STEP][PASSED] - verifyElementPropertyValue(getResponse, "groups[0].pricingPlans[2].visualElements[10].key", "price"): Verify element property value successfully

2023-10-18 16:22:31 - [MESSAGE][PASSED] - Verify element property value successfully

2023-10-18 16:22:31 - [TEST_STEP][PASSED] - verifyElementPropertyValue(getResponse, "groups[0].pricingPlans[2].visualElements[10].value", "69.89"): Verify element property value successfully

2023-10-18 16:22:31 - [MESSAGE][PASSED] - Verify element property value successfully

2023-10-18 16:22:31 - [TEST_STEP][PASSED] - verifyElementPropertyValue(getResponse, "groups[0].pricingPlans[2].visualElements[11].key", "currency"): Verify element property value successfully

2023-10-18 16:22:31 - [MESSAGE][PASSED] - Verify element property value successfully

2023-10-18 16:22:31 - [TEST_STEP][PASSED] - verifyElementPropertyValue(getResponse, "groups[0].pricingPlans[2].visualElements[11].value", "OMR"): Verify element property value successfully

2023-10-18 16:22:31 - [MESSAGE][PASSED] - Verify element property value successfully

2023-10-18 16:22:31 - [TEST_STEP][PASSED] - verifyElementPropertyValue(getResponse, "groups[0].pricingPlans[2].visualElements[12].key", "duration"): Verify element property value successfully

2023-10-18 16:22:31 - [MESSAGE][PASSED] - Verify element property value successfully

2023-10-18 16:22:31 - [TEST_STEP][PASSED] - verifyElementPropertyValue(getResponse, "groups[0].pricingPlans[2].visualElements[12].value", "سنوياً"): Verify element property value successfully

2023-10-18 16:22:31 - [MESSAGE][PASSED] - Verify element property value successfully

2023-10-18 16:22:31 - [TEST_STEP][PASSED] - verifyElementPropertyValue(getResponse, "groups[0].pricingPlans[2].order", "5"): Verify element property value successfully

2023-10-18 16:22:31 - [MESSAGE][PASSED] - Verify element property value successfully

2023-10-18 16:22:31 - [TEST_STEP][PASSED] - verifyElementPropertyValue(getResponse, "groups[0].pricingPlans[2].period", "yearly"): Verify element property value successfully

2023-10-18 16:22:31 - [MESSAGE][PASSED] - Verify element property value successfully

2023-10-18 16:22:31 - [TEST_STEP][PASSED] - verifyElementPropertyValue(getResponse, "groups[0].pricingPlans[2].price", "69.89"): Verify element property value successfully

2023-10-18 16:22:31 - [MESSAGE][PASSED] - Verify element property value successfully

2023-10-18 16:22:31 - [TEST_STEP][PASSED] - verifyElementPropertyValue(getResponse, "groups[0].pricingPlans[2].currency", "OMR"): Verify element property value successfully

2023-10-18 16:22:31 - [MESSAGE][PASSED] - Verify element property value successfully

2023-10-18 16:22:31 - [TEST_STEP][PASSED] - verifyElementPropertyValue(getResponse, "groups[0].pricingPlans[2].pricingPlanData[0].productId", "OMN_B2C_SHAHID_VIP_SPORT_12M"): Verify element property value successfully

2023-10-18 16:22:31 - [MESSAGE][PASSED] - Verify element property value successfully

2023-10-18 16:22:31 - [TEST_STEP][PASSED] - verifyElementPropertyValue(getResponse, "groups[0].pricingPlans[2].pricingPlanData[0].subPricingPlanIds", "[net.shahid.yearly.vipsports]"): Verify element property value successfully

2023-10-18 16:22:31 - [MESSAGE][PASSED] - Verify element property value successfully

2023-10-18 16:22:31 - [TEST_STEP][PASSED] - verifyElementPropertyValue(getResponse, "groups[0].pricingPlans[2].pricingPlanData[0].paymentMethod", "GOOGLE_IAP"): Verify element property value successfully

2023-10-18 16:22:31 - [MESSAGE][PASSED] - Verify element property value successfully

2023-10-18 16:22:31 - [TEST_STEP][PASSED] - verifyElementPropertyValue(getResponse, "groups[0].pricingPlans[2].pricingPlanData[0].freeTrialEnabled", "false"): Verify element property value successfully

2023-10-18 16:22:31 - [MESSAGE][PASSED] - Verify element property value successfully

2023-10-18 16:22:31 - [TEST_STEP][PASSED] - verifyElementPropertyValue(getResponse, "groups[0].pricingPlans[2].pricingPlanData[0].visualElements[1].key", "CTA_text"): Verify element property value successfully

2023-10-18 16:22:31 - [MESSAGE][PASSED] - Verify element property value successfully

2023-10-18 16:22:31 - [TEST_STEP][PASSED] - verifyElementPropertyValue(getResponse, "groups[0].pricingPlans[2].pricingPlanData[0].visualElements[1].value", "اشترك"): Verify element property value successfully

2023-10-18 16:22:31 - [MESSAGE][PASSED] - Verify element property value successfully

2023-10-18 16:22:31 - [TEST_STEP][PASSED] - verifyElementPropertyValue(getResponse, "groups[0].pricingPlans[2].pricingPlanData[0].visualElements[2].key", "logo"): Verify element property value successfully

2023-10-18 16:22:31 - [MESSAGE][PASSED] - Verify element property value successfully

2023-10-18 16:22:31 - [TEST_STEP][PASSED] - verifyElementPropertyValue(getResponse, "groups[0].pricingPlans[2].pricingPlanData[0].visualElements[2].value", "google"): Verify element property value successfully

2023-10-18 16:22:31 - [MESSAGE][PASSED] - Verify element property value successfully

2023-10-18 16:22:31 - [TEST_STEP][PASSED] - verifyElementPropertyValue(getResponse, "groups[0].pricingPlans[2].pricingPlanData[0].priceLabel", "69.89"): Verify element property value successfully

2023-10-18 16:22:31 - [MESSAGE][PASSED] - Verify element property value successfully

2023-10-18 16:22:31 - [TEST_STEP][PASSED] - verifyElementPropertyValue(getResponse, "groups[0].pricingPlans[2].pricingPlanData[0].currencyLabel", "OMR"): Verify element property value successfully

2023-10-18 16:22:31 - [MESSAGE][PASSED] - Verify element property value successfully

2023-10-18 16:22:31 - [TEST_STEP][PASSED] - verifyElementPropertyValue(getResponse, "groups[0].pricingPlans[2].pricingPlanData[0].allowedForAcquisition", "true"): Verify element property value successfully

2023-10-18 16:22:31 - [MESSAGE][PASSED] - Verify element property value successfully

2023-10-18 16:22:31 - [TEST_STEP][PASSED] - verifyElementPropertyValue(getResponse, "groups[0].pricingPlans[2].pricingPlanData[0].showIn[0]", "VERTICAL_MODE"): Verify element property value successfully

2023-10-18 16:22:31 - [MESSAGE][PASSED] - Verify element property value successfully

2023-10-18 16:22:31 - [TEST_STEP][PASSED] - verifyElementPropertyValue(getResponse, "groups[0].pricingPlans[2].pricingPlanData[0].showIn[1]", "HORIZONTAL_MODE"): Verify element property value successfully

2023-10-18 16:22:31 - [MESSAGE][PASSED] - Verify element property value successfully

2023-10-18 16:22:31 - [TEST_STEP][PASSED] - verifyElementPropertyValue(getResponse, "visualElements[0].key", "main_CTA_text_1"): Verify element property value successfully

2023-10-18 16:22:31 - [MESSAGE][PASSED] - Verify element property value successfully

2023-10-18 16:22:31 - [TEST_STEP][PASSED] - verifyElementPropertyValue(getResponse, "visualElements[0].value", "شاهد أقوى المسلسلات و الأفلام حصرياً دون توقف"): Verify element property value successfully

2023-10-18 16:22:31 - [MESSAGE][PASSED] - Verify element property value successfully

2023-10-18 16:22:31 - [TEST_STEP][PASSED] - verifyElementPropertyValue(getResponse, "visualElements[2].key", "main_disclaimer_text"): Verify element property value successfully

2023-10-18 16:22:31 - [MESSAGE][PASSED] - Verify element property value successfully

2023-10-18 16:22:31 - [TEST_STEP][PASSED] - verifyElementPropertyValue(getResponse, "visualElements[2].value", "العرض غير متاح للمشتركين السابقين عبر جوجل بلاي. رسوم الاشتراك قد تختلف بناءً على البلد أو طريقة الدفع أو باقة الاشتراك أو الضريبة المضافة أو معامل تحويل العملات والرسوم البنكية. تطبّق الشروط والأحكام."): Verify element property value successfully

2023-10-18 16:22:31 - [MESSAGE][PASSED] - Verify element property value successfully

2023-10-18 16:22:31 - [TEST_STEP][PASSED] - verifyElementPropertyValue(getResponse, "visualElements[4].key", "display_type"): Verify element property value successfully

2023-10-18 16:22:31 - [MESSAGE][PASSED] - Verify element property value successfully

2023-10-18 16:22:31 - [TEST_STEP][PASSED] - verifyElementPropertyValue(getResponse, "visualElements[4].value", "vertical"): Verify element property value successfully

2023-10-18 16:22:31 - [MESSAGE][PASSED] - Verify element property value successfully

2023-10-18 16:22:31 - [TEST_STEP][PASSED] - verifyElementPropertyValue(getResponse, "defaultPackageId", "SHAHID_VIP"): Verify element property value successfully

2023-10-18 16:22:31 - [MESSAGE][PASSED] - Verify element property value successfully]]></system-out>
         <system-err><![CDATA[]]></system-err>
      </testcase>
      <testcase name="Test Cases/ANDROID/OMN PI/ANDROID_FR_getSubscriptionConfigForOMN_SPORT" time="2.682" classname="Test Cases/ANDROID/OMN PI/ANDROID_FR_getSubscriptionConfigForOMN_SPORT" status="FAILED">
         <failure type="FAILED" message="Test Cases/ANDROID/OMN PI/ANDROID_FR_getSubscriptionConfigForOMN_SPORT FAILED.
Reason:
com.kms.katalon.core.exception.StepFailedException: Expected element property value 'Plan Annuel ' is not equal with actual property value 'Plan Annuel ​'
	at com.kms.katalon.core.keyword.internal.KeywordMain.stepFailed(KeywordMain.groovy:39)
	at com.kms.katalon.core.webservice.keyword.builtin.VerifyElementPropertyValueKeyword$_verifyElementPropertyValue_closure1.doCall(VerifyElementPropertyValueKeyword.groovy:56)
	at com.kms.katalon.core.webservice.keyword.builtin.VerifyElementPropertyValueKeyword$_verifyElementPropertyValue_closure1.call(VerifyElementPropertyValueKeyword.groovy)
	at com.kms.katalon.core.keyword.internal.KeywordMain.runKeyword(KeywordMain.groovy:75)
	at com.kms.katalon.core.webservice.keyword.builtin.VerifyElementPropertyValueKeyword.verifyElementPropertyValue(VerifyElementPropertyValueKeyword.groovy:48)
	at com.kms.katalon.core.webservice.keyword.builtin.VerifyElementPropertyValueKeyword.execute(VerifyElementPropertyValueKeyword.groovy:43)
	at com.kms.katalon.core.keyword.internal.KeywordExecutor.executeKeywordForPlatform(KeywordExecutor.groovy:74)
	at com.kms.katalon.core.webservice.keyword.WSBuiltInKeywords.verifyElementPropertyValue(WSBuiltInKeywords.groovy:190)
	at com.kms.katalon.core.webservice.keyword.WSBuiltInKeywords$verifyElementPropertyValue$1.call(Unknown Source)
	at ANDROID_FR_getSubscriptionConfigForOMN_SPORT.run(ANDROID_FR_getSubscriptionConfigForOMN_SPORT:247)
	at com.kms.katalon.core.main.ScriptEngine.run(ScriptEngine.java:194)
	at com.kms.katalon.core.main.ScriptEngine.runScriptAsRawText(ScriptEngine.java:119)
	at com.kms.katalon.core.main.TestCaseExecutor.runScript(TestCaseExecutor.java:448)
	at com.kms.katalon.core.main.TestCaseExecutor.doExecute(TestCaseExecutor.java:439)
	at com.kms.katalon.core.main.TestCaseExecutor.processExecutionPhase(TestCaseExecutor.java:418)
	at com.kms.katalon.core.main.TestCaseExecutor.accessMainPhase(TestCaseExecutor.java:410)
	at com.kms.katalon.core.main.TestCaseExecutor.execute(TestCaseExecutor.java:285)
	at com.kms.katalon.core.common.CommonExecutor.accessTestCaseMainPhase(CommonExecutor.java:65)
	at com.kms.katalon.core.main.TestSuiteExecutor.accessTestSuiteMainPhase(TestSuiteExecutor.java:148)
	at com.kms.katalon.core.main.TestSuiteExecutor.execute(TestSuiteExecutor.java:106)
	at com.kms.katalon.core.main.TestCaseMain.startTestSuite(TestCaseMain.java:187)
	at com.kms.katalon.core.main.TestCaseMain$startTestSuite$0.call(Unknown Source)
	at TempTestSuite1697635126638.run(TempTestSuite1697635126638.groovy:36)
"/>
         <system-out><![CDATA[2023-10-18 16:22:31 - [TEST_CASE][FAILED] - Test Cases/ANDROID/OMN PI/ANDROID_FR_getSubscriptionConfigForOMN_SPORT: Test Cases/ANDROID/OMN PI/ANDROID_FR_getSubscriptionConfigForOMN_SPORT FAILED.
Reason:
com.kms.katalon.core.exception.StepFailedException: Expected element property value 'Plan Annuel ' is not equal with actual property value 'Plan Annuel ​'
	at com.kms.katalon.core.keyword.internal.KeywordMain.stepFailed(KeywordMain.groovy:39)
	at com.kms.katalon.core.webservice.keyword.builtin.VerifyElementPropertyValueKeyword$_verifyElementPropertyValue_closure1.doCall(VerifyElementPropertyValueKeyword.groovy:56)
	at com.kms.katalon.core.webservice.keyword.builtin.VerifyElementPropertyValueKeyword$_verifyElementPropertyValue_closure1.call(VerifyElementPropertyValueKeyword.groovy)
	at com.kms.katalon.core.keyword.internal.KeywordMain.runKeyword(KeywordMain.groovy:75)
	at com.kms.katalon.core.webservice.keyword.builtin.VerifyElementPropertyValueKeyword.verifyElementPropertyValue(VerifyElementPropertyValueKeyword.groovy:48)
	at com.kms.katalon.core.webservice.keyword.builtin.VerifyElementPropertyValueKeyword.execute(VerifyElementPropertyValueKeyword.groovy:43)
	at com.kms.katalon.core.keyword.internal.KeywordExecutor.executeKeywordForPlatform(KeywordExecutor.groovy:74)
	at com.kms.katalon.core.webservice.keyword.WSBuiltInKeywords.verifyElementPropertyValue(WSBuiltInKeywords.groovy:190)
	at com.kms.katalon.core.webservice.keyword.WSBuiltInKeywords$verifyElementPropertyValue$1.call(Unknown Source)
	at ANDROID_FR_getSubscriptionConfigForOMN_SPORT.run(ANDROID_FR_getSubscriptionConfigForOMN_SPORT:247)
	at com.kms.katalon.core.main.ScriptEngine.run(ScriptEngine.java:194)
	at com.kms.katalon.core.main.ScriptEngine.runScriptAsRawText(ScriptEngine.java:119)
	at com.kms.katalon.core.main.TestCaseExecutor.runScript(TestCaseExecutor.java:448)
	at com.kms.katalon.core.main.TestCaseExecutor.doExecute(TestCaseExecutor.java:439)
	at com.kms.katalon.core.main.TestCaseExecutor.processExecutionPhase(TestCaseExecutor.java:418)
	at com.kms.katalon.core.main.TestCaseExecutor.accessMainPhase(TestCaseExecutor.java:410)
	at com.kms.katalon.core.main.TestCaseExecutor.execute(TestCaseExecutor.java:285)
	at com.kms.katalon.core.common.CommonExecutor.accessTestCaseMainPhase(CommonExecutor.java:65)
	at com.kms.katalon.core.main.TestSuiteExecutor.accessTestSuiteMainPhase(TestSuiteExecutor.java:148)
	at com.kms.katalon.core.main.TestSuiteExecutor.execute(TestSuiteExecutor.java:106)
	at com.kms.katalon.core.main.TestCaseMain.startTestSuite(TestCaseMain.java:187)
	at com.kms.katalon.core.main.TestCaseMain$startTestSuite$0.call(Unknown Source)
	at TempTestSuite1697635126638.run(TempTestSuite1697635126638.groovy:36)


2023-10-18 16:22:32 - [TEST_STEP][PASSED] - getResponse = config_files.getConfigFile.getConfig("ANDROID_APP", "FR", "SHAHID_VIP_SPORT", "OM", "false"): config_files.getConfigFile.getConfig is PASSED

2023-10-18 16:22:32 - [MESSAGE][INFO] - HAR: /Users/admin/git/shahid-configuration/Reports/20231018_161841/Android/OMN PI/20231018_161846/requests/main/5.har

2023-10-18 16:22:32 - [MESSAGE][PASSED] - Send request successfully

2023-10-18 16:22:32 - [MESSAGE][PASSED] - config_files.getConfigFile.getConfig is PASSED

2023-10-18 16:22:32 - [TEST_STEP][PASSED] - verifyResponseStatusCode(getResponse, 200): Verify response status code successfully

2023-10-18 16:22:32 - [MESSAGE][PASSED] - Verify response status code successfully

2023-10-18 16:22:32 - [TEST_STEP][PASSED] - verifyElementPropertyValue(getResponse, "country", "OMN"): Verify element property value successfully

2023-10-18 16:22:32 - [MESSAGE][PASSED] - Verify element property value successfully

2023-10-18 16:22:32 - [TEST_STEP][PASSED] - verifyElementPropertyValue(getResponse, "platform", "[ANDROID_APP]"): Verify element property value successfully

2023-10-18 16:22:32 - [MESSAGE][PASSED] - Verify element property value successfully

2023-10-18 16:22:32 - [TEST_STEP][PASSED] - verifyElementPropertyValue(getResponse, "offers[3].offerId", "winback-sport-30-offer"): Verify element property value successfully

2023-10-18 16:22:32 - [MESSAGE][PASSED] - Verify element property value successfully

2023-10-18 16:22:32 - [TEST_STEP][PASSED] - verifyElementPropertyValue(getResponse, "offers[3].offerParam", "sportsoffer30"): Verify element property value successfully

2023-10-18 16:22:32 - [MESSAGE][PASSED] - Verify element property value successfully

2023-10-18 16:22:32 - [TEST_STEP][PASSED] - verifyElementPropertyValue(getResponse, "offers[3].groups[0].pricingPlans[0].featured", "true"): Verify element property value successfully

2023-10-18 16:22:32 - [MESSAGE][PASSED] - Verify element property value successfully

2023-10-18 16:22:32 - [TEST_STEP][PASSED] - verifyElementPropertyValue(getResponse, "offers[3].groups[0].pricingPlans[0].period", "monthly"): Verify element property value successfully

2023-10-18 16:22:32 - [MESSAGE][PASSED] - Verify element property value successfully

2023-10-18 16:22:32 - [TEST_STEP][PASSED] - verifyElementPropertyValue(getResponse, "offers[3].groups[0].pricingPlans[0].featured", "true"): Verify element property value successfully

2023-10-18 16:22:32 - [MESSAGE][PASSED] - Verify element property value successfully

2023-10-18 16:22:32 - [TEST_STEP][PASSED] - verifyElementPropertyValue(getResponse, "offers[3].groups[0].pricingPlans[0].price", "4.89"): Verify element property value successfully

2023-10-18 16:22:32 - [MESSAGE][PASSED] - Verify element property value successfully

2023-10-18 16:22:32 - [TEST_STEP][PASSED] - verifyElementPropertyValue(getResponse, "offers[3].groups[0].pricingPlans[0].currency", "OMR"): Verify element property value successfully

2023-10-18 16:22:32 - [MESSAGE][PASSED] - Verify element property value successfully

2023-10-18 16:22:32 - [TEST_STEP][PASSED] - verifyElementPropertyValue(getResponse, "offers[3].groups[0].pricingPlans[0].order", "0"): Verify element property value successfully

2023-10-18 16:22:32 - [MESSAGE][PASSED] - Verify element property value successfully

2023-10-18 16:22:32 - [TEST_STEP][PASSED] - verifyElementPropertyValue(getResponse, "offers[3].groups[0].pricingPlans[0].packageId", "SHAHID_VIP_SPORT"): Verify element property value successfully

2023-10-18 16:22:32 - [MESSAGE][PASSED] - Verify element property value successfully

2023-10-18 16:22:32 - [TEST_STEP][PASSED] - verifyElementPropertyValue(getResponse, "offers[3].groups[0].pricingPlans[0].catalogId", "SPORT"): Verify element property value successfully

2023-10-18 16:22:32 - [MESSAGE][PASSED] - Verify element property value successfully

2023-10-18 16:22:32 - [TEST_STEP][PASSED] - verifyElementPropertyValue(getResponse, "offers[3].groups[0].pricingPlans[0].visualElements[0].key", "Header_1_text"): Verify element property value successfully

2023-10-18 16:22:32 - [MESSAGE][PASSED] - Verify element property value successfully

2023-10-18 16:22:32 - [TEST_STEP][PASSED] - verifyElementPropertyValue(getResponse, "offers[3].groups[0].pricingPlans[0].visualElements[0].value", "Abonnez-vous dès maintenant et profitez de vos programmes sans publicité"): Verify element property value successfully

2023-10-18 16:22:32 - [MESSAGE][PASSED] - Verify element property value successfully

2023-10-18 16:22:32 - [TEST_STEP][PASSED] - verifyElementPropertyValue(getResponse, "offers[3].groups[0].pricingPlans[0].visualElements[1].key", "display_title"): Verify element property value successfully

2023-10-18 16:22:32 - [MESSAGE][PASSED] - Verify element property value successfully

2023-10-18 16:22:32 - [TEST_STEP][PASSED] - verifyElementPropertyValue(getResponse, "offers[3].groups[0].pricingPlans[0].visualElements[1].value", "30% de réduction"): Verify element property value successfully

2023-10-18 16:22:32 - [MESSAGE][PASSED] - Verify element property value successfully

2023-10-18 16:22:32 - [TEST_STEP][PASSED] - verifyElementPropertyValue(getResponse, "offers[3].groups[0].pricingPlans[0].visualElements[3].key", "deduction_text"): Verify element property value successfully

2023-10-18 16:22:32 - [MESSAGE][PASSED] - Verify element property value successfully

2023-10-18 16:22:32 - [TEST_STEP][PASSED] - verifyElementPropertyValue(getResponse, "offers[3].groups[0].pricingPlans[0].visualElements[3].value", "facturation mensuelle"): Verify element property value successfully

2023-10-18 16:22:32 - [MESSAGE][PASSED] - Verify element property value successfully

2023-10-18 16:22:32 - [TEST_STEP][PASSED] - verifyElementPropertyValue(getResponse, "offers[3].groups[0].pricingPlans[0].visualElements[6].key", "show_payment_logo"): Verify element property value successfully

2023-10-18 16:22:32 - [MESSAGE][PASSED] - Verify element property value successfully

2023-10-18 16:22:32 - [TEST_STEP][PASSED] - verifyElementPropertyValue(getResponse, "offers[3].groups[0].pricingPlans[0].visualElements[6].value", "true"): Verify element property value successfully

2023-10-18 16:22:32 - [MESSAGE][PASSED] - Verify element property value successfully

2023-10-18 16:22:32 - [TEST_STEP][PASSED] - verifyElementPropertyValue(getResponse, "offers[3].groups[0].pricingPlans[0].visualElements[8].key", "price"): Verify element property value successfully

2023-10-18 16:22:32 - [MESSAGE][PASSED] - Verify element property value successfully

2023-10-18 16:22:32 - [TEST_STEP][PASSED] - verifyElementPropertyValue(getResponse, "offers[3].groups[0].pricingPlans[0].visualElements[8].value", "4.89"): Verify element property value successfully

2023-10-18 16:22:32 - [MESSAGE][PASSED] - Verify element property value successfully

2023-10-18 16:22:32 - [TEST_STEP][PASSED] - verifyElementPropertyValue(getResponse, "offers[3].groups[0].pricingPlans[0].visualElements[9].key", "currency"): Verify element property value successfully

2023-10-18 16:22:32 - [MESSAGE][PASSED] - Verify element property value successfully

2023-10-18 16:22:32 - [TEST_STEP][PASSED] - verifyElementPropertyValue(getResponse, "offers[3].groups[0].pricingPlans[0].visualElements[9].value", "OMR"): Verify element property value successfully

2023-10-18 16:22:32 - [MESSAGE][PASSED] - Verify element property value successfully

2023-10-18 16:22:32 - [TEST_STEP][PASSED] - verifyElementPropertyValue(getResponse, "offers[3].groups[0].pricingPlans[0].visualElements[10].key", "duration"): Verify element property value successfully

2023-10-18 16:22:33 - [MESSAGE][PASSED] - Verify element property value successfully

2023-10-18 16:22:33 - [TEST_STEP][PASSED] - verifyElementPropertyValue(getResponse, "offers[3].groups[0].pricingPlans[0].visualElements[10].value", "Mensuel"): Verify element property value successfully

2023-10-18 16:22:33 - [MESSAGE][PASSED] - Verify element property value successfully

2023-10-18 16:22:33 - [TEST_STEP][PASSED] - verifyElementPropertyValue(getResponse, "offers[3].groups[0].pricingPlans[0].visualElements[11].key", "featured_tag_text"): Verify element property value successfully

2023-10-18 16:22:33 - [MESSAGE][PASSED] - Verify element property value successfully

2023-10-18 16:22:33 - [TEST_STEP][PASSED] - verifyElementPropertyValue(getResponse, "offers[3].groups[0].pricingPlans[0].visualElements[11].value", "Offre limitée"): Verify element property value successfully

2023-10-18 16:22:33 - [MESSAGE][PASSED] - Verify element property value successfully

2023-10-18 16:22:33 - [TEST_STEP][PASSED] - verifyElementPropertyValue(getResponse, "offers[3].groups[0].pricingPlans[0].visualElements[13].key", "tag_text"): Verify element property value successfully

2023-10-18 16:22:33 - [MESSAGE][PASSED] - Verify element property value successfully

2023-10-18 16:22:33 - [TEST_STEP][PASSED] - verifyElementPropertyValue(getResponse, "offers[3].groups[0].pricingPlans[0].visualElements[13].value", "Économisez 30% "): Verify element property value successfully

2023-10-18 16:22:33 - [MESSAGE][PASSED] - Verify element property value successfully

2023-10-18 16:22:33 - [TEST_STEP][PASSED] - verifyElementPropertyValue(getResponse, "offers[3].groups[0].pricingPlans[0].visualElements[12].key", "show_tag"): Verify element property value successfully

2023-10-18 16:22:33 - [MESSAGE][PASSED] - Verify element property value successfully

2023-10-18 16:22:33 - [TEST_STEP][PASSED] - verifyElementPropertyValue(getResponse, "offers[3].groups[0].pricingPlans[0].visualElements[12].value", "true"): Verify element property value successfully

2023-10-18 16:22:33 - [MESSAGE][PASSED] - Verify element property value successfully

2023-10-18 16:22:33 - [TEST_STEP][PASSED] - verifyElementPropertyValue(getResponse, "offers[3].groups[0].pricingPlans[0].pricingPlanData[0].productId", "OMN_B2C_SHAHID_VIP_SPORT_1M"): Verify element property value successfully

2023-10-18 16:22:33 - [MESSAGE][PASSED] - Verify element property value successfully

2023-10-18 16:22:33 - [TEST_STEP][PASSED] - verifyElementPropertyValue(getResponse, "offers[3].groups[0].pricingPlans[0].pricingPlanData[0].subPricingPlanIds", "[net.shahid.monthly.vipsports]"): Verify element property value successfully

2023-10-18 16:22:33 - [MESSAGE][PASSED] - Verify element property value successfully

2023-10-18 16:22:33 - [TEST_STEP][PASSED] - verifyElementPropertyValue(getResponse, "offers[3].groups[0].pricingPlans[0].pricingPlanData[0].paymentMethod", "GOOGLE_IAP"): Verify element property value successfully

2023-10-18 16:22:33 - [MESSAGE][PASSED] - Verify element property value successfully

2023-10-18 16:22:33 - [TEST_STEP][PASSED] - verifyElementPropertyValue(getResponse, "offers[3].groups[0].pricingPlans[0].pricingPlanData[0].freeTrialEnabled", "false"): Verify element property value successfully

2023-10-18 16:22:33 - [MESSAGE][PASSED] - Verify element property value successfully

2023-10-18 16:22:33 - [TEST_STEP][PASSED] - verifyElementPropertyValue(getResponse, "offers[3].groups[0].pricingPlans[0].pricingPlanData[0].priceLabel", "4.89"): Verify element property value successfully

2023-10-18 16:22:33 - [MESSAGE][PASSED] - Verify element property value successfully

2023-10-18 16:22:33 - [TEST_STEP][PASSED] - verifyElementPropertyValue(getResponse, "offers[3].groups[0].pricingPlans[0].pricingPlanData[0].currencyLabel", "OMR"): Verify element property value successfully

2023-10-18 16:22:33 - [MESSAGE][PASSED] - Verify element property value successfully

2023-10-18 16:22:33 - [TEST_STEP][PASSED] - verifyElementPropertyValue(getResponse, "offers[3].groups[0].pricingPlans[0].pricingPlanData[0].dealId", "GW_WB_SPORT_30P_OMN"): Verify element property value successfully

2023-10-18 16:22:33 - [MESSAGE][PASSED] - Verify element property value successfully

2023-10-18 16:22:33 - [TEST_STEP][PASSED] - verifyElementPropertyValue(getResponse, "offers[3].groups[0].pricingPlans[0].pricingPlanData[0].allowedForAcquisition", "true"): Verify element property value successfully

2023-10-18 16:22:33 - [MESSAGE][PASSED] - Verify element property value successfully

2023-10-18 16:22:33 - [TEST_STEP][PASSED] - verifyElementPropertyValue(getResponse, "offers[3].groups[0].pricingPlans[0].pricingPlanData[0].visualElements[1].key", "CTA_text"): Verify element property value successfully

2023-10-18 16:22:33 - [MESSAGE][PASSED] - Verify element property value successfully

2023-10-18 16:22:33 - [TEST_STEP][PASSED] - verifyElementPropertyValue(getResponse, "offers[3].groups[0].pricingPlans[0].pricingPlanData[0].visualElements[1].value", "S’abonner"): Verify element property value successfully

2023-10-18 16:22:33 - [MESSAGE][PASSED] - Verify element property value successfully

2023-10-18 16:22:33 - [TEST_STEP][PASSED] - verifyElementPropertyValue(getResponse, "offers[3].groups[0].pricingPlans[0].pricingPlanData[0].visualElements[2].key", "logo"): Verify element property value successfully

2023-10-18 16:22:33 - [MESSAGE][PASSED] - Verify element property value successfully

2023-10-18 16:22:33 - [TEST_STEP][PASSED] - verifyElementPropertyValue(getResponse, "offers[3].groups[0].pricingPlans[0].pricingPlanData[0].visualElements[2].value", "google"): Verify element property value successfully

2023-10-18 16:22:33 - [MESSAGE][PASSED] - Verify element property value successfully

2023-10-18 16:22:33 - [TEST_STEP][PASSED] - verifyElementPropertyValue(getResponse, "offers[4].offerId", "winback-sport-40-offer"): Verify element property value successfully

2023-10-18 16:22:33 - [MESSAGE][PASSED] - Verify element property value successfully

2023-10-18 16:22:33 - [TEST_STEP][PASSED] - verifyElementPropertyValue(getResponse, "offers[4].offerParam", "sportsoffer40"): Verify element property value successfully

2023-10-18 16:22:33 - [MESSAGE][PASSED] - Verify element property value successfully

2023-10-18 16:22:33 - [TEST_STEP][PASSED] - verifyElementPropertyValue(getResponse, "offers[4].groups[0].pricingPlans[0].featured", "true"): Verify element property value successfully

2023-10-18 16:22:33 - [MESSAGE][PASSED] - Verify element property value successfully

2023-10-18 16:22:33 - [TEST_STEP][PASSED] - verifyElementPropertyValue(getResponse, "offers[4].groups[0].pricingPlans[0].period", "monthly"): Verify element property value successfully

2023-10-18 16:22:33 - [MESSAGE][PASSED] - Verify element property value successfully

2023-10-18 16:22:33 - [TEST_STEP][PASSED] - verifyElementPropertyValue(getResponse, "offers[4].groups[0].pricingPlans[0].featured", "true"): Verify element property value successfully

2023-10-18 16:22:33 - [MESSAGE][PASSED] - Verify element property value successfully

2023-10-18 16:22:33 - [TEST_STEP][PASSED] - verifyElementPropertyValue(getResponse, "offers[4].groups[0].pricingPlans[0].price", "4.19"): Verify element property value successfully

2023-10-18 16:22:33 - [MESSAGE][PASSED] - Verify element property value successfully

2023-10-18 16:22:33 - [TEST_STEP][PASSED] - verifyElementPropertyValue(getResponse, "offers[4].groups[0].pricingPlans[0].currency", "OMR"): Verify element property value successfully

2023-10-18 16:22:33 - [MESSAGE][PASSED] - Verify element property value successfully

2023-10-18 16:22:33 - [TEST_STEP][PASSED] - verifyElementPropertyValue(getResponse, "offers[4].groups[0].pricingPlans[0].order", "0"): Verify element property value successfully

2023-10-18 16:22:33 - [MESSAGE][PASSED] - Verify element property value successfully

2023-10-18 16:22:33 - [TEST_STEP][PASSED] - verifyElementPropertyValue(getResponse, "offers[4].groups[0].pricingPlans[0].packageId", "SHAHID_VIP_SPORT"): Verify element property value successfully

2023-10-18 16:22:33 - [MESSAGE][PASSED] - Verify element property value successfully

2023-10-18 16:22:33 - [TEST_STEP][PASSED] - verifyElementPropertyValue(getResponse, "offers[4].groups[0].pricingPlans[0].catalogId", "SPORT"): Verify element property value successfully

2023-10-18 16:22:33 - [MESSAGE][PASSED] - Verify element property value successfully

2023-10-18 16:22:33 - [TEST_STEP][PASSED] - verifyElementPropertyValue(getResponse, "offers[4].groups[0].pricingPlans[0].visualElements[0].key", "Header_1_text"): Verify element property value successfully

2023-10-18 16:22:33 - [MESSAGE][PASSED] - Verify element property value successfully

2023-10-18 16:22:33 - [TEST_STEP][PASSED] - verifyElementPropertyValue(getResponse, "offers[4].groups[0].pricingPlans[0].visualElements[0].value", "Abonnez-vous dès maintenant et profitez de vos programmes sans publicité"): Verify element property value successfully

2023-10-18 16:22:33 - [MESSAGE][PASSED] - Verify element property value successfully

2023-10-18 16:22:33 - [TEST_STEP][PASSED] - verifyElementPropertyValue(getResponse, "offers[4].groups[0].pricingPlans[0].visualElements[1].key", "display_title"): Verify element property value successfully

2023-10-18 16:22:33 - [MESSAGE][PASSED] - Verify element property value successfully

2023-10-18 16:22:33 - [TEST_STEP][PASSED] - verifyElementPropertyValue(getResponse, "offers[4].groups[0].pricingPlans[0].visualElements[1].value", "40% de réduction"): Verify element property value successfully

2023-10-18 16:22:33 - [MESSAGE][PASSED] - Verify element property value successfully

2023-10-18 16:22:33 - [TEST_STEP][PASSED] - verifyElementPropertyValue(getResponse, "offers[4].groups[0].pricingPlans[0].visualElements[3].key", "deduction_text"): Verify element property value successfully

2023-10-18 16:22:33 - [MESSAGE][PASSED] - Verify element property value successfully

2023-10-18 16:22:33 - [TEST_STEP][PASSED] - verifyElementPropertyValue(getResponse, "offers[4].groups[0].pricingPlans[0].visualElements[3].value", "facturation mensuelle"): Verify element property value successfully

2023-10-18 16:22:33 - [MESSAGE][PASSED] - Verify element property value successfully

2023-10-18 16:22:33 - [TEST_STEP][PASSED] - verifyElementPropertyValue(getResponse, "offers[4].groups[0].pricingPlans[0].visualElements[6].key", "show_payment_logo"): Verify element property value successfully

2023-10-18 16:22:33 - [MESSAGE][PASSED] - Verify element property value successfully

2023-10-18 16:22:33 - [TEST_STEP][PASSED] - verifyElementPropertyValue(getResponse, "offers[4].groups[0].pricingPlans[0].visualElements[6].value", "true"): Verify element property value successfully

2023-10-18 16:22:33 - [MESSAGE][PASSED] - Verify element property value successfully

2023-10-18 16:22:33 - [TEST_STEP][PASSED] - verifyElementPropertyValue(getResponse, "offers[4].groups[0].pricingPlans[0].visualElements[8].key", "price"): Verify element property value successfully

2023-10-18 16:22:33 - [MESSAGE][PASSED] - Verify element property value successfully

2023-10-18 16:22:33 - [TEST_STEP][PASSED] - verifyElementPropertyValue(getResponse, "offers[4].groups[0].pricingPlans[0].visualElements[8].value", "4.19"): Verify element property value successfully

2023-10-18 16:22:33 - [MESSAGE][PASSED] - Verify element property value successfully

2023-10-18 16:22:33 - [TEST_STEP][PASSED] - verifyElementPropertyValue(getResponse, "offers[4].groups[0].pricingPlans[0].visualElements[9].key", "currency"): Verify element property value successfully

2023-10-18 16:22:33 - [MESSAGE][PASSED] - Verify element property value successfully

2023-10-18 16:22:33 - [TEST_STEP][PASSED] - verifyElementPropertyValue(getResponse, "offers[4].groups[0].pricingPlans[0].visualElements[9].value", "OMR"): Verify element property value successfully

2023-10-18 16:22:33 - [MESSAGE][PASSED] - Verify element property value successfully

2023-10-18 16:22:33 - [TEST_STEP][PASSED] - verifyElementPropertyValue(getResponse, "offers[4].groups[0].pricingPlans[0].visualElements[10].key", "duration"): Verify element property value successfully

2023-10-18 16:22:33 - [MESSAGE][PASSED] - Verify element property value successfully

2023-10-18 16:22:33 - [TEST_STEP][PASSED] - verifyElementPropertyValue(getResponse, "offers[4].groups[0].pricingPlans[0].visualElements[10].value", "Mensuel"): Verify element property value successfully

2023-10-18 16:22:33 - [MESSAGE][PASSED] - Verify element property value successfully

2023-10-18 16:22:33 - [TEST_STEP][PASSED] - verifyElementPropertyValue(getResponse, "offers[4].groups[0].pricingPlans[0].visualElements[11].key", "featured_tag_text"): Verify element property value successfully

2023-10-18 16:22:33 - [MESSAGE][PASSED] - Verify element property value successfully

2023-10-18 16:22:33 - [TEST_STEP][PASSED] - verifyElementPropertyValue(getResponse, "offers[4].groups[0].pricingPlans[0].visualElements[11].value", "Offre limitée"): Verify element property value successfully

2023-10-18 16:22:33 - [MESSAGE][PASSED] - Verify element property value successfully

2023-10-18 16:22:33 - [TEST_STEP][PASSED] - verifyElementPropertyValue(getResponse, "offers[4].groups[0].pricingPlans[0].visualElements[13].key", "tag_text"): Verify element property value successfully

2023-10-18 16:22:33 - [MESSAGE][PASSED] - Verify element property value successfully

2023-10-18 16:22:33 - [TEST_STEP][PASSED] - verifyElementPropertyValue(getResponse, "offers[4].groups[0].pricingPlans[0].visualElements[13].value", "Économisez 40% "): Verify element property value successfully

2023-10-18 16:22:33 - [MESSAGE][PASSED] - Verify element property value successfully

2023-10-18 16:22:33 - [TEST_STEP][PASSED] - verifyElementPropertyValue(getResponse, "offers[4].groups[0].pricingPlans[0].visualElements[12].key", "show_tag"): Verify element property value successfully

2023-10-18 16:22:33 - [MESSAGE][PASSED] - Verify element property value successfully

2023-10-18 16:22:33 - [TEST_STEP][PASSED] - verifyElementPropertyValue(getResponse, "offers[4].groups[0].pricingPlans[0].visualElements[12].value", "true"): Verify element property value successfully

2023-10-18 16:22:33 - [MESSAGE][PASSED] - Verify element property value successfully

2023-10-18 16:22:33 - [TEST_STEP][PASSED] - verifyElementPropertyValue(getResponse, "offers[4].groups[0].pricingPlans[0].pricingPlanData[0].productId", "OMN_B2C_SHAHID_VIP_SPORT_1M"): Verify element property value successfully

2023-10-18 16:22:33 - [MESSAGE][PASSED] - Verify element property value successfully

2023-10-18 16:22:33 - [TEST_STEP][PASSED] - verifyElementPropertyValue(getResponse, "offers[4].groups[0].pricingPlans[0].pricingPlanData[0].subPricingPlanIds", "[net.shahid.monthly.vipsports]"): Verify element property value successfully

2023-10-18 16:22:33 - [MESSAGE][PASSED] - Verify element property value successfully

2023-10-18 16:22:33 - [TEST_STEP][PASSED] - verifyElementPropertyValue(getResponse, "offers[4].groups[0].pricingPlans[0].pricingPlanData[0].paymentMethod", "GOOGLE_IAP"): Verify element property value successfully

2023-10-18 16:22:33 - [MESSAGE][PASSED] - Verify element property value successfully

2023-10-18 16:22:33 - [TEST_STEP][PASSED] - verifyElementPropertyValue(getResponse, "offers[4].groups[0].pricingPlans[0].pricingPlanData[0].freeTrialEnabled", "false"): Verify element property value successfully

2023-10-18 16:22:33 - [MESSAGE][PASSED] - Verify element property value successfully

2023-10-18 16:22:33 - [TEST_STEP][PASSED] - verifyElementPropertyValue(getResponse, "offers[4].groups[0].pricingPlans[0].pricingPlanData[0].priceLabel", "4.19"): Verify element property value successfully

2023-10-18 16:22:33 - [MESSAGE][PASSED] - Verify element property value successfully

2023-10-18 16:22:33 - [TEST_STEP][PASSED] - verifyElementPropertyValue(getResponse, "offers[4].groups[0].pricingPlans[0].pricingPlanData[0].currencyLabel", "OMR"): Verify element property value successfully

2023-10-18 16:22:33 - [MESSAGE][PASSED] - Verify element property value successfully

2023-10-18 16:22:33 - [TEST_STEP][PASSED] - verifyElementPropertyValue(getResponse, "offers[4].groups[0].pricingPlans[0].pricingPlanData[0].dealId", "GW_WB_SPORT_40P_OMN"): Verify element property value successfully

2023-10-18 16:22:33 - [MESSAGE][PASSED] - Verify element property value successfully

2023-10-18 16:22:33 - [TEST_STEP][PASSED] - verifyElementPropertyValue(getResponse, "offers[4].groups[0].pricingPlans[0].pricingPlanData[0].allowedForAcquisition", "true"): Verify element property value successfully

2023-10-18 16:22:33 - [MESSAGE][PASSED] - Verify element property value successfully

2023-10-18 16:22:33 - [TEST_STEP][PASSED] - verifyElementPropertyValue(getResponse, "offers[4].groups[0].pricingPlans[0].pricingPlanData[0].visualElements[1].key", "CTA_text"): Verify element property value successfully

2023-10-18 16:22:33 - [MESSAGE][PASSED] - Verify element property value successfully

2023-10-18 16:22:33 - [TEST_STEP][PASSED] - verifyElementPropertyValue(getResponse, "offers[4].groups[0].pricingPlans[0].pricingPlanData[0].visualElements[1].value", "S’abonner"): Verify element property value successfully

2023-10-18 16:22:33 - [MESSAGE][PASSED] - Verify element property value successfully

2023-10-18 16:22:33 - [TEST_STEP][PASSED] - verifyElementPropertyValue(getResponse, "offers[4].groups[0].pricingPlans[0].pricingPlanData[0].visualElements[2].key", "logo"): Verify element property value successfully

2023-10-18 16:22:33 - [MESSAGE][PASSED] - Verify element property value successfully

2023-10-18 16:22:33 - [TEST_STEP][PASSED] - verifyElementPropertyValue(getResponse, "offers[4].groups[0].pricingPlans[0].pricingPlanData[0].visualElements[2].value", "google"): Verify element property value successfully

2023-10-18 16:22:33 - [MESSAGE][PASSED] - Verify element property value successfully

2023-10-18 16:22:33 - [TEST_STEP][PASSED] - verifyElementPropertyValue(getResponse, "offers[5].offerId", "winback-sport-50-offer"): Verify element property value successfully

2023-10-18 16:22:33 - [MESSAGE][PASSED] - Verify element property value successfully

2023-10-18 16:22:33 - [TEST_STEP][PASSED] - verifyElementPropertyValue(getResponse, "offers[5].offerParam", "sportsoffer50"): Verify element property value successfully

2023-10-18 16:22:33 - [MESSAGE][PASSED] - Verify element property value successfully

2023-10-18 16:22:33 - [TEST_STEP][PASSED] - verifyElementPropertyValue(getResponse, "offers[5].groups[0].pricingPlans[0].featured", "true"): Verify element property value successfully

2023-10-18 16:22:33 - [MESSAGE][PASSED] - Verify element property value successfully

2023-10-18 16:22:33 - [TEST_STEP][PASSED] - verifyElementPropertyValue(getResponse, "offers[5].groups[0].pricingPlans[0].period", "monthly"): Verify element property value successfully

2023-10-18 16:22:33 - [MESSAGE][PASSED] - Verify element property value successfully

2023-10-18 16:22:33 - [TEST_STEP][PASSED] - verifyElementPropertyValue(getResponse, "offers[5].groups[0].pricingPlans[0].featured", "true"): Verify element property value successfully

2023-10-18 16:22:33 - [MESSAGE][PASSED] - Verify element property value successfully

2023-10-18 16:22:33 - [TEST_STEP][PASSED] - verifyElementPropertyValue(getResponse, "offers[5].groups[0].pricingPlans[0].price", "3.49"): Verify element property value successfully

2023-10-18 16:22:33 - [MESSAGE][PASSED] - Verify element property value successfully

2023-10-18 16:22:33 - [TEST_STEP][PASSED] - verifyElementPropertyValue(getResponse, "offers[5].groups[0].pricingPlans[0].currency", "OMR"): Verify element property value successfully

2023-10-18 16:22:33 - [MESSAGE][PASSED] - Verify element property value successfully

2023-10-18 16:22:33 - [TEST_STEP][PASSED] - verifyElementPropertyValue(getResponse, "offers[5].groups[0].pricingPlans[0].order", "0"): Verify element property value successfully

2023-10-18 16:22:33 - [MESSAGE][PASSED] - Verify element property value successfully

2023-10-18 16:22:33 - [TEST_STEP][PASSED] - verifyElementPropertyValue(getResponse, "offers[5].groups[0].pricingPlans[0].packageId", "SHAHID_VIP_SPORT"): Verify element property value successfully

2023-10-18 16:22:33 - [MESSAGE][PASSED] - Verify element property value successfully

2023-10-18 16:22:33 - [TEST_STEP][PASSED] - verifyElementPropertyValue(getResponse, "offers[5].groups[0].pricingPlans[0].catalogId", "SPORT"): Verify element property value successfully

2023-10-18 16:22:33 - [MESSAGE][PASSED] - Verify element property value successfully

2023-10-18 16:22:33 - [TEST_STEP][PASSED] - verifyElementPropertyValue(getResponse, "offers[5].groups[0].pricingPlans[0].visualElements[0].key", "Header_1_text"): Verify element property value successfully

2023-10-18 16:22:33 - [MESSAGE][PASSED] - Verify element property value successfully

2023-10-18 16:22:33 - [TEST_STEP][PASSED] - verifyElementPropertyValue(getResponse, "offers[5].groups[0].pricingPlans[0].visualElements[0].value", "Abonnez-vous dès maintenant et profitez de vos programmes sans publicité"): Verify element property value successfully

2023-10-18 16:22:33 - [MESSAGE][PASSED] - Verify element property value successfully

2023-10-18 16:22:33 - [TEST_STEP][PASSED] - verifyElementPropertyValue(getResponse, "offers[5].groups[0].pricingPlans[0].visualElements[1].key", "display_title"): Verify element property value successfully

2023-10-18 16:22:33 - [MESSAGE][PASSED] - Verify element property value successfully

2023-10-18 16:22:33 - [TEST_STEP][PASSED] - verifyElementPropertyValue(getResponse, "offers[5].groups[0].pricingPlans[0].visualElements[1].value", "50% de réduction"): Verify element property value successfully

2023-10-18 16:22:33 - [MESSAGE][PASSED] - Verify element property value successfully

2023-10-18 16:22:33 - [TEST_STEP][PASSED] - verifyElementPropertyValue(getResponse, "offers[5].groups[0].pricingPlans[0].visualElements[3].key", "deduction_text"): Verify element property value successfully

2023-10-18 16:22:33 - [MESSAGE][PASSED] - Verify element property value successfully

2023-10-18 16:22:33 - [TEST_STEP][PASSED] - verifyElementPropertyValue(getResponse, "offers[5].groups[0].pricingPlans[0].visualElements[3].value", "facturation mensuelle"): Verify element property value successfully

2023-10-18 16:22:33 - [MESSAGE][PASSED] - Verify element property value successfully

2023-10-18 16:22:33 - [TEST_STEP][PASSED] - verifyElementPropertyValue(getResponse, "offers[5].groups[0].pricingPlans[0].visualElements[6].key", "show_payment_logo"): Verify element property value successfully

2023-10-18 16:22:33 - [MESSAGE][PASSED] - Verify element property value successfully

2023-10-18 16:22:33 - [TEST_STEP][PASSED] - verifyElementPropertyValue(getResponse, "offers[5].groups[0].pricingPlans[0].visualElements[6].value", "true"): Verify element property value successfully

2023-10-18 16:22:33 - [MESSAGE][PASSED] - Verify element property value successfully

2023-10-18 16:22:33 - [TEST_STEP][PASSED] - verifyElementPropertyValue(getResponse, "offers[5].groups[0].pricingPlans[0].visualElements[8].key", "price"): Verify element property value successfully

2023-10-18 16:22:33 - [MESSAGE][PASSED] - Verify element property value successfully

2023-10-18 16:22:33 - [TEST_STEP][PASSED] - verifyElementPropertyValue(getResponse, "offers[5].groups[0].pricingPlans[0].visualElements[8].value", "3.49"): Verify element property value successfully

2023-10-18 16:22:33 - [MESSAGE][PASSED] - Verify element property value successfully

2023-10-18 16:22:33 - [TEST_STEP][PASSED] - verifyElementPropertyValue(getResponse, "offers[5].groups[0].pricingPlans[0].visualElements[9].key", "currency"): Verify element property value successfully

2023-10-18 16:22:33 - [MESSAGE][PASSED] - Verify element property value successfully

2023-10-18 16:22:33 - [TEST_STEP][PASSED] - verifyElementPropertyValue(getResponse, "offers[5].groups[0].pricingPlans[0].visualElements[9].value", "OMR"): Verify element property value successfully

2023-10-18 16:22:33 - [MESSAGE][PASSED] - Verify element property value successfully

2023-10-18 16:22:33 - [TEST_STEP][PASSED] - verifyElementPropertyValue(getResponse, "offers[5].groups[0].pricingPlans[0].visualElements[10].key", "duration"): Verify element property value successfully

2023-10-18 16:22:33 - [MESSAGE][PASSED] - Verify element property value successfully

2023-10-18 16:22:33 - [TEST_STEP][PASSED] - verifyElementPropertyValue(getResponse, "offers[5].groups[0].pricingPlans[0].visualElements[10].value", "Mensuel"): Verify element property value successfully

2023-10-18 16:22:33 - [MESSAGE][PASSED] - Verify element property value successfully

2023-10-18 16:22:33 - [TEST_STEP][PASSED] - verifyElementPropertyValue(getResponse, "offers[5].groups[0].pricingPlans[0].visualElements[11].key", "featured_tag_text"): Verify element property value successfully

2023-10-18 16:22:33 - [MESSAGE][PASSED] - Verify element property value successfully

2023-10-18 16:22:33 - [TEST_STEP][PASSED] - verifyElementPropertyValue(getResponse, "offers[5].groups[0].pricingPlans[0].visualElements[11].value", "Offre limitée"): Verify element property value successfully

2023-10-18 16:22:33 - [MESSAGE][PASSED] - Verify element property value successfully

2023-10-18 16:22:33 - [TEST_STEP][PASSED] - verifyElementPropertyValue(getResponse, "offers[5].groups[0].pricingPlans[0].visualElements[13].key", "tag_text"): Verify element property value successfully

2023-10-18 16:22:33 - [MESSAGE][PASSED] - Verify element property value successfully

2023-10-18 16:22:33 - [TEST_STEP][PASSED] - verifyElementPropertyValue(getResponse, "offers[5].groups[0].pricingPlans[0].visualElements[13].value", "Économisez 50% "): Verify element property value successfully

2023-10-18 16:22:33 - [MESSAGE][PASSED] - Verify element property value successfully

2023-10-18 16:22:33 - [TEST_STEP][PASSED] - verifyElementPropertyValue(getResponse, "offers[5].groups[0].pricingPlans[0].visualElements[12].key", "show_tag"): Verify element property value successfully

2023-10-18 16:22:33 - [MESSAGE][PASSED] - Verify element property value successfully

2023-10-18 16:22:33 - [TEST_STEP][PASSED] - verifyElementPropertyValue(getResponse, "offers[5].groups[0].pricingPlans[0].visualElements[12].value", "true"): Verify element property value successfully

2023-10-18 16:22:33 - [MESSAGE][PASSED] - Verify element property value successfully

2023-10-18 16:22:33 - [TEST_STEP][PASSED] - verifyElementPropertyValue(getResponse, "offers[5].groups[0].pricingPlans[0].pricingPlanData[0].productId", "OMN_B2C_SHAHID_VIP_SPORT_1M"): Verify element property value successfully

2023-10-18 16:22:33 - [MESSAGE][PASSED] - Verify element property value successfully

2023-10-18 16:22:33 - [TEST_STEP][PASSED] - verifyElementPropertyValue(getResponse, "offers[5].groups[0].pricingPlans[0].pricingPlanData[0].subPricingPlanIds", "[net.shahid.monthly.vipsports]"): Verify element property value successfully

2023-10-18 16:22:33 - [MESSAGE][PASSED] - Verify element property value successfully

2023-10-18 16:22:33 - [TEST_STEP][PASSED] - verifyElementPropertyValue(getResponse, "offers[5].groups[0].pricingPlans[0].pricingPlanData[0].paymentMethod", "GOOGLE_IAP"): Verify element property value successfully

2023-10-18 16:22:33 - [MESSAGE][PASSED] - Verify element property value successfully

2023-10-18 16:22:33 - [TEST_STEP][PASSED] - verifyElementPropertyValue(getResponse, "offers[5].groups[0].pricingPlans[0].pricingPlanData[0].freeTrialEnabled", "false"): Verify element property value successfully

2023-10-18 16:22:33 - [MESSAGE][PASSED] - Verify element property value successfully

2023-10-18 16:22:33 - [TEST_STEP][PASSED] - verifyElementPropertyValue(getResponse, "offers[5].groups[0].pricingPlans[0].pricingPlanData[0].priceLabel", "3.49"): Verify element property value successfully

2023-10-18 16:22:33 - [MESSAGE][PASSED] - Verify element property value successfully

2023-10-18 16:22:33 - [TEST_STEP][PASSED] - verifyElementPropertyValue(getResponse, "offers[5].groups[0].pricingPlans[0].pricingPlanData[0].currencyLabel", "OMR"): Verify element property value successfully

2023-10-18 16:22:33 - [MESSAGE][PASSED] - Verify element property value successfully

2023-10-18 16:22:33 - [TEST_STEP][PASSED] - verifyElementPropertyValue(getResponse, "offers[5].groups[0].pricingPlans[0].pricingPlanData[0].dealId", "GW_WB_SPORT_50P_OMN"): Verify element property value successfully

2023-10-18 16:22:33 - [MESSAGE][PASSED] - Verify element property value successfully

2023-10-18 16:22:33 - [TEST_STEP][PASSED] - verifyElementPropertyValue(getResponse, "offers[5].groups[0].pricingPlans[0].pricingPlanData[0].allowedForAcquisition", "true"): Verify element property value successfully

2023-10-18 16:22:33 - [MESSAGE][PASSED] - Verify element property value successfully

2023-10-18 16:22:33 - [TEST_STEP][PASSED] - verifyElementPropertyValue(getResponse, "offers[5].groups[0].pricingPlans[0].pricingPlanData[0].visualElements[1].key", "CTA_text"): Verify element property value successfully

2023-10-18 16:22:33 - [MESSAGE][PASSED] - Verify element property value successfully

2023-10-18 16:22:33 - [TEST_STEP][PASSED] - verifyElementPropertyValue(getResponse, "offers[5].groups[0].pricingPlans[0].pricingPlanData[0].visualElements[1].value", "S’abonner"): Verify element property value successfully

2023-10-18 16:22:33 - [MESSAGE][PASSED] - Verify element property value successfully

2023-10-18 16:22:33 - [TEST_STEP][PASSED] - verifyElementPropertyValue(getResponse, "offers[5].groups[0].pricingPlans[0].pricingPlanData[0].visualElements[2].key", "logo"): Verify element property value successfully

2023-10-18 16:22:33 - [MESSAGE][PASSED] - Verify element property value successfully

2023-10-18 16:22:33 - [TEST_STEP][PASSED] - verifyElementPropertyValue(getResponse, "offers[5].groups[0].pricingPlans[0].pricingPlanData[0].visualElements[2].value", "google"): Verify element property value successfully

2023-10-18 16:22:33 - [MESSAGE][PASSED] - Verify element property value successfully

2023-10-18 16:22:33 - [TEST_STEP][PASSED] - verifyElementPropertyValue(getResponse, "groups[0].pricingPlans[0].featured", "true"): Verify element property value successfully

2023-10-18 16:22:33 - [MESSAGE][PASSED] - Verify element property value successfully

2023-10-18 16:22:33 - [TEST_STEP][PASSED] - verifyElementPropertyValue(getResponse, "groups[0].pricingPlans[0].packageId", "SHAHID_VIP_SPORT"): Verify element property value successfully

2023-10-18 16:22:33 - [MESSAGE][PASSED] - Verify element property value successfully

2023-10-18 16:22:33 - [TEST_STEP][PASSED] - verifyElementPropertyValue(getResponse, "groups[0].pricingPlans[0].catalogId", "SPORT"): Verify element property value successfully

2023-10-18 16:22:33 - [MESSAGE][PASSED] - Verify element property value successfully

2023-10-18 16:22:33 - [TEST_STEP][PASSED] - verifyElementPropertyValue(getResponse, "groups[0].pricingPlans[0].visualElements[0].key", "Header_1_text"): Verify element property value successfully

2023-10-18 16:22:33 - [MESSAGE][PASSED] - Verify element property value successfully

2023-10-18 16:22:33 - [TEST_STEP][PASSED] - verifyElementPropertyValue(getResponse, "groups[0].pricingPlans[0].visualElements[0].value", "Abonnez-vous dès maintenant et profitez de vos programmes sans publicité"): Verify element property value successfully

2023-10-18 16:22:33 - [MESSAGE][PASSED] - Verify element property value successfully

2023-10-18 16:22:33 - [TEST_STEP][PASSED] - verifyElementPropertyValue(getResponse, "groups[0].pricingPlans[0].visualElements[1].key", "display_title"): Verify element property value successfully

2023-10-18 16:22:33 - [MESSAGE][PASSED] - Verify element property value successfully

2023-10-18 16:22:33 - [TEST_STEP][PASSED] - verifyElementPropertyValue(getResponse, "groups[0].pricingPlans[0].visualElements[1].value", "Plan Mensuel"): Verify element property value successfully

2023-10-18 16:22:33 - [MESSAGE][PASSED] - Verify element property value successfully

2023-10-18 16:22:33 - [TEST_STEP][PASSED] - verifyElementPropertyValue(getResponse, "groups[0].pricingPlans[0].visualElements[2].key", "promo_text"): Verify element property value successfully

2023-10-18 16:22:33 - [MESSAGE][PASSED] - Verify element property value successfully

2023-10-18 16:22:33 - [TEST_STEP][PASSED] - verifyElementPropertyValue(getResponse, "groups[0].pricingPlans[0].visualElements[2].value", "6.99 OMR  / mois"): Verify element property value successfully

2023-10-18 16:22:33 - [MESSAGE][PASSED] - Verify element property value successfully

2023-10-18 16:22:33 - [TEST_STEP][PASSED] - verifyElementPropertyValue(getResponse, "groups[0].pricingPlans[0].visualElements[3].key", "deduction_text"): Verify element property value successfully

2023-10-18 16:22:33 - [MESSAGE][PASSED] - Verify element property value successfully

2023-10-18 16:22:33 - [TEST_STEP][PASSED] - verifyElementPropertyValue(getResponse, "groups[0].pricingPlans[0].visualElements[3].value", "facturation mensuelle"): Verify element property value successfully

2023-10-18 16:22:33 - [MESSAGE][PASSED] - Verify element property value successfully

2023-10-18 16:22:33 - [TEST_STEP][PASSED] - verifyElementPropertyValue(getResponse, "groups[0].pricingPlans[0].visualElements[6].key", "show_payment_logo"): Verify element property value successfully

2023-10-18 16:22:33 - [MESSAGE][PASSED] - Verify element property value successfully

2023-10-18 16:22:33 - [TEST_STEP][PASSED] - verifyElementPropertyValue(getResponse, "groups[0].pricingPlans[0].visualElements[6].value", "true"): Verify element property value successfully

2023-10-18 16:22:33 - [MESSAGE][PASSED] - Verify element property value successfully

2023-10-18 16:22:33 - [TEST_STEP][PASSED] - verifyElementPropertyValue(getResponse, "groups[0].pricingPlans[0].visualElements[8].key", "price"): Verify element property value successfully

2023-10-18 16:22:33 - [MESSAGE][PASSED] - Verify element property value successfully

2023-10-18 16:22:33 - [TEST_STEP][PASSED] - verifyElementPropertyValue(getResponse, "groups[0].pricingPlans[0].visualElements[8].value", "6.99"): Verify element property value successfully

2023-10-18 16:22:33 - [MESSAGE][PASSED] - Verify element property value successfully

2023-10-18 16:22:33 - [TEST_STEP][PASSED] - verifyElementPropertyValue(getResponse, "groups[0].pricingPlans[0].visualElements[9].key", "currency"): Verify element property value successfully

2023-10-18 16:22:33 - [MESSAGE][PASSED] - Verify element property value successfully

2023-10-18 16:22:33 - [TEST_STEP][PASSED] - verifyElementPropertyValue(getResponse, "groups[0].pricingPlans[0].visualElements[9].value", "OMR"): Verify element property value successfully

2023-10-18 16:22:33 - [MESSAGE][PASSED] - Verify element property value successfully

2023-10-18 16:22:33 - [TEST_STEP][PASSED] - verifyElementPropertyValue(getResponse, "groups[0].pricingPlans[0].visualElements[10].key", "duration"): Verify element property value successfully

2023-10-18 16:22:34 - [MESSAGE][PASSED] - Verify element property value successfully

2023-10-18 16:22:34 - [TEST_STEP][PASSED] - verifyElementPropertyValue(getResponse, "groups[0].pricingPlans[0].visualElements[10].value", "Mensuel"): Verify element property value successfully

2023-10-18 16:22:34 - [MESSAGE][PASSED] - Verify element property value successfully

2023-10-18 16:22:34 - [TEST_STEP][PASSED] - verifyElementPropertyValue(getResponse, "groups[0].pricingPlans[0].visualElements[11].key", "featured_tag_text"): Verify element property value successfully

2023-10-18 16:22:34 - [MESSAGE][PASSED] - Verify element property value successfully

2023-10-18 16:22:34 - [TEST_STEP][PASSED] - verifyElementPropertyValue(getResponse, "groups[0].pricingPlans[0].visualElements[11].value", "Le plus populaire"): Verify element property value successfully

2023-10-18 16:22:34 - [MESSAGE][PASSED] - Verify element property value successfully

2023-10-18 16:22:34 - [TEST_STEP][PASSED] - verifyElementPropertyValue(getResponse, "groups[0].pricingPlans[0].order", "3"): Verify element property value successfully

2023-10-18 16:22:34 - [MESSAGE][PASSED] - Verify element property value successfully

2023-10-18 16:22:34 - [TEST_STEP][PASSED] - verifyElementPropertyValue(getResponse, "groups[0].pricingPlans[0].period", "monthly"): Verify element property value successfully

2023-10-18 16:22:34 - [MESSAGE][PASSED] - Verify element property value successfully

2023-10-18 16:22:34 - [TEST_STEP][PASSED] - verifyElementPropertyValue(getResponse, "groups[0].pricingPlans[0].price", "6.99"): Verify element property value successfully

2023-10-18 16:22:34 - [MESSAGE][PASSED] - Verify element property value successfully

2023-10-18 16:22:34 - [TEST_STEP][PASSED] - verifyElementPropertyValue(getResponse, "groups[0].pricingPlans[0].currency", "OMR"): Verify element property value successfully

2023-10-18 16:22:34 - [MESSAGE][PASSED] - Verify element property value successfully

2023-10-18 16:22:34 - [TEST_STEP][PASSED] - verifyElementPropertyValue(getResponse, "groups[0].pricingPlans[0].pricingPlanData[0].productId", "OMN_B2C_SHAHID_VIP_SPORT_1M"): Verify element property value successfully

2023-10-18 16:22:34 - [MESSAGE][PASSED] - Verify element property value successfully

2023-10-18 16:22:34 - [TEST_STEP][PASSED] - verifyElementPropertyValue(getResponse, "groups[0].pricingPlans[0].pricingPlanData[0].subPricingPlanIds", "[net.shahid.monthly.vipsports]"): Verify element property value successfully

2023-10-18 16:22:34 - [MESSAGE][PASSED] - Verify element property value successfully

2023-10-18 16:22:34 - [TEST_STEP][PASSED] - verifyElementPropertyValue(getResponse, "groups[0].pricingPlans[0].pricingPlanData[0].paymentMethod", "GOOGLE_IAP"): Verify element property value successfully

2023-10-18 16:22:34 - [MESSAGE][PASSED] - Verify element property value successfully

2023-10-18 16:22:34 - [TEST_STEP][PASSED] - verifyElementPropertyValue(getResponse, "groups[0].pricingPlans[0].pricingPlanData[0].freeTrialEnabled", "false"): Verify element property value successfully

2023-10-18 16:22:34 - [MESSAGE][PASSED] - Verify element property value successfully

2023-10-18 16:22:34 - [TEST_STEP][PASSED] - verifyElementPropertyValue(getResponse, "groups[0].pricingPlans[0].pricingPlanData[0].visualElements[1].key", "CTA_text"): Verify element property value successfully

2023-10-18 16:22:34 - [MESSAGE][PASSED] - Verify element property value successfully

2023-10-18 16:22:34 - [TEST_STEP][PASSED] - verifyElementPropertyValue(getResponse, "groups[0].pricingPlans[0].pricingPlanData[0].visualElements[1].value", "S’abonner"): Verify element property value successfully

2023-10-18 16:22:34 - [MESSAGE][PASSED] - Verify element property value successfully

2023-10-18 16:22:34 - [TEST_STEP][PASSED] - verifyElementPropertyValue(getResponse, "groups[0].pricingPlans[0].pricingPlanData[0].visualElements[2].key", "logo"): Verify element property value successfully

2023-10-18 16:22:34 - [MESSAGE][PASSED] - Verify element property value successfully

2023-10-18 16:22:34 - [TEST_STEP][PASSED] - verifyElementPropertyValue(getResponse, "groups[0].pricingPlans[0].pricingPlanData[0].visualElements[2].value", "google"): Verify element property value successfully

2023-10-18 16:22:34 - [MESSAGE][PASSED] - Verify element property value successfully

2023-10-18 16:22:34 - [TEST_STEP][PASSED] - verifyElementPropertyValue(getResponse, "groups[0].pricingPlans[0].pricingPlanData[0].priceLabel", "6.99"): Verify element property value successfully

2023-10-18 16:22:34 - [MESSAGE][PASSED] - Verify element property value successfully

2023-10-18 16:22:34 - [TEST_STEP][PASSED] - verifyElementPropertyValue(getResponse, "groups[0].pricingPlans[0].pricingPlanData[0].currencyLabel", "OMR"): Verify element property value successfully

2023-10-18 16:22:34 - [MESSAGE][PASSED] - Verify element property value successfully

2023-10-18 16:22:34 - [TEST_STEP][PASSED] - verifyElementPropertyValue(getResponse, "groups[0].pricingPlans[2].featured", "false"): Verify element property value successfully

2023-10-18 16:22:34 - [MESSAGE][PASSED] - Verify element property value successfully

2023-10-18 16:22:34 - [TEST_STEP][PASSED] - verifyElementPropertyValue(getResponse, "groups[0].pricingPlans[2].packageId", "SHAHID_VIP_SPORT"): Verify element property value successfully

2023-10-18 16:22:34 - [MESSAGE][PASSED] - Verify element property value successfully

2023-10-18 16:22:34 - [TEST_STEP][PASSED] - verifyElementPropertyValue(getResponse, "groups[0].pricingPlans[2].catalogId", "SPORT"): Verify element property value successfully

2023-10-18 16:22:34 - [MESSAGE][PASSED] - Verify element property value successfully

2023-10-18 16:22:34 - [TEST_STEP][PASSED] - verifyElementPropertyValue(getResponse, "groups[0].pricingPlans[2].visualElements[0].key", "Header_1_text"): Verify element property value successfully

2023-10-18 16:22:34 - [MESSAGE][PASSED] - Verify element property value successfully

2023-10-18 16:22:34 - [TEST_STEP][PASSED] - verifyElementPropertyValue(getResponse, "groups[0].pricingPlans[2].visualElements[0].value", "Abonnez-vous dès maintenant et profitez de vos programmes sans publicité"): Verify element property value successfully

2023-10-18 16:22:34 - [MESSAGE][PASSED] - Verify element property value successfully

2023-10-18 16:22:34 - [TEST_STEP][PASSED] - verifyElementPropertyValue(getResponse, "groups[0].pricingPlans[2].visualElements[1].key", "display_title"): Verify element property value successfully

2023-10-18 16:22:34 - [MESSAGE][PASSED] - Verify element property value successfully

2023-10-18 16:22:34 - [TEST_STEP][FAILED] - verifyElementPropertyValue(getResponse, "groups[0].pricingPlans[2].visualElements[1].value", "Plan Annuel "): Expected element property value 'Plan Annuel ' is not equal with actual property value 'Plan Annuel ​'

2023-10-18 16:22:34 - [MESSAGE][FAILED] - Expected element property value 'Plan Annuel ' is not equal with actual property value 'Plan Annuel ​'

2023-10-18 16:22:34 - [TEST_STEP][PASSED] - verifyElementPropertyValue(getResponse, "groups[0].pricingPlans[2].visualElements[2].key", "tag_text"): Verify element property value successfully

2023-10-18 16:22:34 - [MESSAGE][PASSED] - Verify element property value successfully

2023-10-18 16:22:34 - [TEST_STEP][PASSED] - verifyElementPropertyValue(getResponse, "groups[0].pricingPlans[2].visualElements[2].value", "Économisez 17%"): Verify element property value successfully

2023-10-18 16:22:34 - [MESSAGE][PASSED] - Verify element property value successfully

2023-10-18 16:22:34 - [TEST_STEP][PASSED] - verifyElementPropertyValue(getResponse, "groups[0].pricingPlans[2].visualElements[3].key", "promo_text"): Verify element property value successfully

2023-10-18 16:22:34 - [MESSAGE][PASSED] - Verify element property value successfully

2023-10-18 16:22:34 - [TEST_STEP][PASSED] - verifyElementPropertyValue(getResponse, "groups[0].pricingPlans[2].visualElements[3].value", "5.82 OMR/ mois"): Verify element property value successfully

2023-10-18 16:22:34 - [MESSAGE][PASSED] - Verify element property value successfully

2023-10-18 16:22:34 - [TEST_STEP][PASSED] - verifyElementPropertyValue(getResponse, "groups[0].pricingPlans[2].visualElements[4].key", "deduction_text"): Verify element property value successfully

2023-10-18 16:22:34 - [MESSAGE][PASSED] - Verify element property value successfully

2023-10-18 16:22:34 - [TEST_STEP][PASSED] - verifyElementPropertyValue(getResponse, "groups[0].pricingPlans[2].visualElements[4].value", "69.89 OMR facturés chaque année"): Verify element property value successfully

2023-10-18 16:22:34 - [MESSAGE][PASSED] - Verify element property value successfully

2023-10-18 16:22:34 - [TEST_STEP][PASSED] - verifyElementPropertyValue(getResponse, "groups[0].pricingPlans[2].visualElements[7].key", "show_payment_logo"): Verify element property value successfully

2023-10-18 16:22:34 - [MESSAGE][PASSED] - Verify element property value successfully

2023-10-18 16:22:34 - [TEST_STEP][PASSED] - verifyElementPropertyValue(getResponse, "groups[0].pricingPlans[2].visualElements[7].value", "true"): Verify element property value successfully

2023-10-18 16:22:34 - [MESSAGE][PASSED] - Verify element property value successfully

2023-10-18 16:22:34 - [TEST_STEP][PASSED] - verifyElementPropertyValue(getResponse, "groups[0].pricingPlans[2].visualElements[8].key", "show_tag"): Verify element property value successfully

2023-10-18 16:22:34 - [MESSAGE][PASSED] - Verify element property value successfully

2023-10-18 16:22:34 - [TEST_STEP][PASSED] - verifyElementPropertyValue(getResponse, "groups[0].pricingPlans[2].visualElements[8].value", "true"): Verify element property value successfully

2023-10-18 16:22:34 - [MESSAGE][PASSED] - Verify element property value successfully

2023-10-18 16:22:34 - [TEST_STEP][PASSED] - verifyElementPropertyValue(getResponse, "groups[0].pricingPlans[2].visualElements[10].key", "price"): Verify element property value successfully

2023-10-18 16:22:34 - [MESSAGE][PASSED] - Verify element property value successfully

2023-10-18 16:22:34 - [TEST_STEP][PASSED] - verifyElementPropertyValue(getResponse, "groups[0].pricingPlans[2].visualElements[10].value", "69.89"): Verify element property value successfully

2023-10-18 16:22:34 - [MESSAGE][PASSED] - Verify element property value successfully

2023-10-18 16:22:34 - [TEST_STEP][PASSED] - verifyElementPropertyValue(getResponse, "groups[0].pricingPlans[2].visualElements[11].key", "currency"): Verify element property value successfully

2023-10-18 16:22:34 - [MESSAGE][PASSED] - Verify element property value successfully

2023-10-18 16:22:34 - [TEST_STEP][PASSED] - verifyElementPropertyValue(getResponse, "groups[0].pricingPlans[2].visualElements[11].value", "OMR"): Verify element property value successfully

2023-10-18 16:22:34 - [MESSAGE][PASSED] - Verify element property value successfully

2023-10-18 16:22:34 - [TEST_STEP][PASSED] - verifyElementPropertyValue(getResponse, "groups[0].pricingPlans[2].visualElements[12].key", "duration"): Verify element property value successfully

2023-10-18 16:22:34 - [MESSAGE][PASSED] - Verify element property value successfully

2023-10-18 16:22:34 - [TEST_STEP][PASSED] - verifyElementPropertyValue(getResponse, "groups[0].pricingPlans[2].visualElements[12].value", "Annuel"): Verify element property value successfully

2023-10-18 16:22:34 - [MESSAGE][PASSED] - Verify element property value successfully

2023-10-18 16:22:34 - [TEST_STEP][PASSED] - verifyElementPropertyValue(getResponse, "groups[0].pricingPlans[2].order", "5"): Verify element property value successfully

2023-10-18 16:22:34 - [MESSAGE][PASSED] - Verify element property value successfully

2023-10-18 16:22:34 - [TEST_STEP][PASSED] - verifyElementPropertyValue(getResponse, "groups[0].pricingPlans[2].period", "yearly"): Verify element property value successfully

2023-10-18 16:22:34 - [MESSAGE][PASSED] - Verify element property value successfully

2023-10-18 16:22:34 - [TEST_STEP][PASSED] - verifyElementPropertyValue(getResponse, "groups[0].pricingPlans[2].price", "69.89"): Verify element property value successfully

2023-10-18 16:22:34 - [MESSAGE][PASSED] - Verify element property value successfully

2023-10-18 16:22:34 - [TEST_STEP][PASSED] - verifyElementPropertyValue(getResponse, "groups[0].pricingPlans[2].currency", "OMR"): Verify element property value successfully

2023-10-18 16:22:34 - [MESSAGE][PASSED] - Verify element property value successfully

2023-10-18 16:22:34 - [TEST_STEP][PASSED] - verifyElementPropertyValue(getResponse, "groups[0].pricingPlans[2].pricingPlanData[0].productId", "OMN_B2C_SHAHID_VIP_SPORT_12M"): Verify element property value successfully

2023-10-18 16:22:34 - [MESSAGE][PASSED] - Verify element property value successfully

2023-10-18 16:22:34 - [TEST_STEP][PASSED] - verifyElementPropertyValue(getResponse, "groups[0].pricingPlans[2].pricingPlanData[0].subPricingPlanIds", "[net.shahid.yearly.vipsports]"): Verify element property value successfully

2023-10-18 16:22:34 - [MESSAGE][PASSED] - Verify element property value successfully

2023-10-18 16:22:34 - [TEST_STEP][PASSED] - verifyElementPropertyValue(getResponse, "groups[0].pricingPlans[2].pricingPlanData[0].paymentMethod", "GOOGLE_IAP"): Verify element property value successfully

2023-10-18 16:22:34 - [MESSAGE][PASSED] - Verify element property value successfully

2023-10-18 16:22:34 - [TEST_STEP][PASSED] - verifyElementPropertyValue(getResponse, "groups[0].pricingPlans[2].pricingPlanData[0].freeTrialEnabled", "false"): Verify element property value successfully

2023-10-18 16:22:34 - [MESSAGE][PASSED] - Verify element property value successfully

2023-10-18 16:22:34 - [TEST_STEP][PASSED] - verifyElementPropertyValue(getResponse, "groups[0].pricingPlans[2].pricingPlanData[0].visualElements[1].key", "CTA_text"): Verify element property value successfully

2023-10-18 16:22:34 - [MESSAGE][PASSED] - Verify element property value successfully

2023-10-18 16:22:34 - [TEST_STEP][PASSED] - verifyElementPropertyValue(getResponse, "groups[0].pricingPlans[2].pricingPlanData[0].visualElements[1].value", "S’abonner"): Verify element property value successfully

2023-10-18 16:22:34 - [MESSAGE][PASSED] - Verify element property value successfully

2023-10-18 16:22:34 - [TEST_STEP][PASSED] - verifyElementPropertyValue(getResponse, "groups[0].pricingPlans[2].pricingPlanData[0].visualElements[2].key", "logo"): Verify element property value successfully

2023-10-18 16:22:34 - [MESSAGE][PASSED] - Verify element property value successfully

2023-10-18 16:22:34 - [TEST_STEP][PASSED] - verifyElementPropertyValue(getResponse, "groups[0].pricingPlans[2].pricingPlanData[0].visualElements[2].value", "google"): Verify element property value successfully

2023-10-18 16:22:34 - [MESSAGE][PASSED] - Verify element property value successfully

2023-10-18 16:22:34 - [TEST_STEP][PASSED] - verifyElementPropertyValue(getResponse, "groups[0].pricingPlans[2].pricingPlanData[0].priceLabel", "69.89"): Verify element property value successfully

2023-10-18 16:22:34 - [MESSAGE][PASSED] - Verify element property value successfully

2023-10-18 16:22:34 - [TEST_STEP][PASSED] - verifyElementPropertyValue(getResponse, "groups[0].pricingPlans[2].pricingPlanData[0].currencyLabel", "OMR"): Verify element property value successfully

2023-10-18 16:22:34 - [MESSAGE][PASSED] - Verify element property value successfully

2023-10-18 16:22:34 - [TEST_STEP][PASSED] - verifyElementPropertyValue(getResponse, "groups[0].pricingPlans[2].pricingPlanData[0].allowedForAcquisition", "true"): Verify element property value successfully

2023-10-18 16:22:34 - [MESSAGE][PASSED] - Verify element property value successfully

2023-10-18 16:22:34 - [TEST_STEP][PASSED] - verifyElementPropertyValue(getResponse, "groups[0].pricingPlans[2].pricingPlanData[0].showIn[0]", "VERTICAL_MODE"): Verify element property value successfully

2023-10-18 16:22:34 - [MESSAGE][PASSED] - Verify element property value successfully

2023-10-18 16:22:34 - [TEST_STEP][PASSED] - verifyElementPropertyValue(getResponse, "groups[0].pricingPlans[2].pricingPlanData[0].showIn[1]", "HORIZONTAL_MODE"): Verify element property value successfully

2023-10-18 16:22:34 - [MESSAGE][PASSED] - Verify element property value successfully

2023-10-18 16:22:34 - [TEST_STEP][PASSED] - verifyElementPropertyValue(getResponse, "visualElements[0].key", "main_CTA_text_1"): Verify element property value successfully

2023-10-18 16:22:34 - [MESSAGE][PASSED] - Verify element property value successfully

2023-10-18 16:22:34 - [TEST_STEP][PASSED] - verifyElementPropertyValue(getResponse, "visualElements[0].value", "Abonnez-vous dès maintenant et profitez de vos programmes sans publicité"): Verify element property value successfully

2023-10-18 16:22:34 - [MESSAGE][PASSED] - Verify element property value successfully

2023-10-18 16:22:34 - [TEST_STEP][PASSED] - verifyElementPropertyValue(getResponse, "visualElements[2].key", "main_disclaimer_text"): Verify element property value successfully

2023-10-18 16:22:34 - [MESSAGE][PASSED] - Verify element property value successfully

2023-10-18 16:22:34 - [TEST_STEP][PASSED] - verifyElementPropertyValue(getResponse, "visualElements[2].value", "L'offre n'est pas valable pour les anciens abonnés via Google Play. Les frais d’abonnement peuvent varier selon le pays, le moyen de paiement, le forfait, les taxes, les taux de change et les frais bancaires. Les conditions générales d’utilisation s’appliquent."): Verify element property value successfully

2023-10-18 16:22:34 - [MESSAGE][PASSED] - Verify element property value successfully

2023-10-18 16:22:34 - [TEST_STEP][PASSED] - verifyElementPropertyValue(getResponse, "visualElements[4].key", "display_type"): Verify element property value successfully

2023-10-18 16:22:34 - [MESSAGE][PASSED] - Verify element property value successfully

2023-10-18 16:22:34 - [TEST_STEP][PASSED] - verifyElementPropertyValue(getResponse, "visualElements[4].value", "vertical"): Verify element property value successfully

2023-10-18 16:22:34 - [MESSAGE][PASSED] - Verify element property value successfully

2023-10-18 16:22:34 - [TEST_STEP][PASSED] - verifyElementPropertyValue(getResponse, "defaultPackageId", "SHAHID_VIP"): Verify element property value successfully

2023-10-18 16:22:34 - [MESSAGE][PASSED] - Verify element property value successfully]]></system-out>
         <system-err><![CDATA[2023-10-18 16:22:31 - [TEST_CASE][FAILED] - Test Cases/ANDROID/OMN PI/ANDROID_FR_getSubscriptionConfigForOMN_SPORT: Test Cases/ANDROID/OMN PI/ANDROID_FR_getSubscriptionConfigForOMN_SPORT FAILED.
Reason:
com.kms.katalon.core.exception.StepFailedException: Expected element property value 'Plan Annuel ' is not equal with actual property value 'Plan Annuel ​'
	at com.kms.katalon.core.keyword.internal.KeywordMain.stepFailed(KeywordMain.groovy:39)
	at com.kms.katalon.core.webservice.keyword.builtin.VerifyElementPropertyValueKeyword$_verifyElementPropertyValue_closure1.doCall(VerifyElementPropertyValueKeyword.groovy:56)
	at com.kms.katalon.core.webservice.keyword.builtin.VerifyElementPropertyValueKeyword$_verifyElementPropertyValue_closure1.call(VerifyElementPropertyValueKeyword.groovy)
	at com.kms.katalon.core.keyword.internal.KeywordMain.runKeyword(KeywordMain.groovy:75)
	at com.kms.katalon.core.webservice.keyword.builtin.VerifyElementPropertyValueKeyword.verifyElementPropertyValue(VerifyElementPropertyValueKeyword.groovy:48)
	at com.kms.katalon.core.webservice.keyword.builtin.VerifyElementPropertyValueKeyword.execute(VerifyElementPropertyValueKeyword.groovy:43)
	at com.kms.katalon.core.keyword.internal.KeywordExecutor.executeKeywordForPlatform(KeywordExecutor.groovy:74)
	at com.kms.katalon.core.webservice.keyword.WSBuiltInKeywords.verifyElementPropertyValue(WSBuiltInKeywords.groovy:190)
	at com.kms.katalon.core.webservice.keyword.WSBuiltInKeywords$verifyElementPropertyValue$1.call(Unknown Source)
	at ANDROID_FR_getSubscriptionConfigForOMN_SPORT.run(ANDROID_FR_getSubscriptionConfigForOMN_SPORT:247)
	at com.kms.katalon.core.main.ScriptEngine.run(ScriptEngine.java:194)
	at com.kms.katalon.core.main.ScriptEngine.runScriptAsRawText(ScriptEngine.java:119)
	at com.kms.katalon.core.main.TestCaseExecutor.runScript(TestCaseExecutor.java:448)
	at com.kms.katalon.core.main.TestCaseExecutor.doExecute(TestCaseExecutor.java:439)
	at com.kms.katalon.core.main.TestCaseExecutor.processExecutionPhase(TestCaseExecutor.java:418)
	at com.kms.katalon.core.main.TestCaseExecutor.accessMainPhase(TestCaseExecutor.java:410)
	at com.kms.katalon.core.main.TestCaseExecutor.execute(TestCaseExecutor.java:285)
	at com.kms.katalon.core.common.CommonExecutor.accessTestCaseMainPhase(CommonExecutor.java:65)
	at com.kms.katalon.core.main.TestSuiteExecutor.accessTestSuiteMainPhase(TestSuiteExecutor.java:148)
	at com.kms.katalon.core.main.TestSuiteExecutor.execute(TestSuiteExecutor.java:106)
	at com.kms.katalon.core.main.TestCaseMain.startTestSuite(TestCaseMain.java:187)
	at com.kms.katalon.core.main.TestCaseMain$startTestSuite$0.call(Unknown Source)
	at TempTestSuite1697635126638.run(TempTestSuite1697635126638.groovy:36)]]></system-err>
      </testcase>
      <system-out><![CDATA[2023-10-18 16:22:14 - [TEST_SUITE][FAILED] - OMN PI: Test Cases/ANDROID/OMN PI/ANDROID_EN_getSubscriptionConfigForOMN_SPORT FAILED.
Reason:
com.kms.katalon.core.exception.StepFailedException: Expected element property value '30% Discount Offer' is not equal with actual property value '30% Discount Offer​'
	at com.kms.katalon.core.keyword.internal.KeywordMain.stepFailed(KeywordMain.groovy:39)
	at com.kms.katalon.core.webservice.keyword.builtin.VerifyElementPropertyValueKeyword$_verifyElementPropertyValue_closure1.doCall(VerifyElementPropertyValueKeyword.groovy:56)
	at com.kms.katalon.core.webservice.keyword.builtin.VerifyElementPropertyValueKeyword$_verifyElementPropertyValue_closure1.call(VerifyElementPropertyValueKeyword.groovy)
	at com.kms.katalon.core.keyword.internal.KeywordMain.runKeyword(KeywordMain.groovy:75)
	at com.kms.katalon.core.webservice.keyword.builtin.VerifyElementPropertyValueKeyword.verifyElementPropertyValue(VerifyElementPropertyValueKeyword.groovy:48)
	at com.kms.katalon.core.webservice.keyword.builtin.VerifyElementPropertyValueKeyword.execute(VerifyElementPropertyValueKeyword.groovy:43)
	at com.kms.katalon.core.keyword.internal.KeywordExecutor.executeKeywordForPlatform(KeywordExecutor.groovy:74)
	at com.kms.katalon.core.webservice.keyword.WSBuiltInKeywords.verifyElementPropertyValue(WSBuiltInKeywords.groovy:190)
	at com.kms.katalon.core.webservice.keyword.WSBuiltInKeywords$verifyElementPropertyValue$1.call(Unknown Source)
	at ANDROID_EN_getSubscriptionConfigForOMN_SPORT.run(ANDROID_EN_getSubscriptionConfigForOMN_SPORT:60)
	at com.kms.katalon.core.main.ScriptEngine.run(ScriptEngine.java:194)
	at com.kms.katalon.core.main.ScriptEngine.runScriptAsRawText(ScriptEngine.java:119)
	at com.kms.katalon.core.main.TestCaseExecutor.runScript(TestCaseExecutor.java:448)
	at com.kms.katalon.core.main.TestCaseExecutor.doExecute(TestCaseExecutor.java:439)
	at com.kms.katalon.core.main.TestCaseExecutor.processExecutionPhase(TestCaseExecutor.java:418)
	at com.kms.katalon.core.main.TestCaseExecutor.accessMainPhase(TestCaseExecutor.java:410)
	at com.kms.katalon.core.main.TestCaseExecutor.execute(TestCaseExecutor.java:285)
	at com.kms.katalon.core.common.CommonExecutor.accessTestCaseMainPhase(CommonExecutor.java:65)
	at com.kms.katalon.core.main.TestSuiteExecutor.accessTestSuiteMainPhase(TestSuiteExecutor.java:148)
	at com.kms.katalon.core.main.TestSuiteExecutor.execute(TestSuiteExecutor.java:106)
	at com.kms.katalon.core.main.TestCaseMain.startTestSuite(TestCaseMain.java:187)
	at com.kms.katalon.core.main.TestCaseMain$startTestSuite$0.call(Unknown Source)
	at TempTestSuite1697635126638.run(TempTestSuite1697635126638.groovy:36)]]></system-out>
      <system-err><![CDATA[2023-10-18 16:22:14 - [TEST_SUITE][FAILED] - OMN PI: Test Cases/ANDROID/OMN PI/ANDROID_EN_getSubscriptionConfigForOMN_SPORT FAILED.
Reason:
com.kms.katalon.core.exception.StepFailedException: Expected element property value '30% Discount Offer' is not equal with actual property value '30% Discount Offer​'
	at com.kms.katalon.core.keyword.internal.KeywordMain.stepFailed(KeywordMain.groovy:39)
	at com.kms.katalon.core.webservice.keyword.builtin.VerifyElementPropertyValueKeyword$_verifyElementPropertyValue_closure1.doCall(VerifyElementPropertyValueKeyword.groovy:56)
	at com.kms.katalon.core.webservice.keyword.builtin.VerifyElementPropertyValueKeyword$_verifyElementPropertyValue_closure1.call(VerifyElementPropertyValueKeyword.groovy)
	at com.kms.katalon.core.keyword.internal.KeywordMain.runKeyword(KeywordMain.groovy:75)
	at com.kms.katalon.core.webservice.keyword.builtin.VerifyElementPropertyValueKeyword.verifyElementPropertyValue(VerifyElementPropertyValueKeyword.groovy:48)
	at com.kms.katalon.core.webservice.keyword.builtin.VerifyElementPropertyValueKeyword.execute(VerifyElementPropertyValueKeyword.groovy:43)
	at com.kms.katalon.core.keyword.internal.KeywordExecutor.executeKeywordForPlatform(KeywordExecutor.groovy:74)
	at com.kms.katalon.core.webservice.keyword.WSBuiltInKeywords.verifyElementPropertyValue(WSBuiltInKeywords.groovy:190)
	at com.kms.katalon.core.webservice.keyword.WSBuiltInKeywords$verifyElementPropertyValue$1.call(Unknown Source)
	at ANDROID_EN_getSubscriptionConfigForOMN_SPORT.run(ANDROID_EN_getSubscriptionConfigForOMN_SPORT:60)
	at com.kms.katalon.core.main.ScriptEngine.run(ScriptEngine.java:194)
	at com.kms.katalon.core.main.ScriptEngine.runScriptAsRawText(ScriptEngine.java:119)
	at com.kms.katalon.core.main.TestCaseExecutor.runScript(TestCaseExecutor.java:448)
	at com.kms.katalon.core.main.TestCaseExecutor.doExecute(TestCaseExecutor.java:439)
	at com.kms.katalon.core.main.TestCaseExecutor.processExecutionPhase(TestCaseExecutor.java:418)
	at com.kms.katalon.core.main.TestCaseExecutor.accessMainPhase(TestCaseExecutor.java:410)
	at com.kms.katalon.core.main.TestCaseExecutor.execute(TestCaseExecutor.java:285)
	at com.kms.katalon.core.common.CommonExecutor.accessTestCaseMainPhase(CommonExecutor.java:65)
	at com.kms.katalon.core.main.TestSuiteExecutor.accessTestSuiteMainPhase(TestSuiteExecutor.java:148)
	at com.kms.katalon.core.main.TestSuiteExecutor.execute(TestSuiteExecutor.java:106)
	at com.kms.katalon.core.main.TestCaseMain.startTestSuite(TestCaseMain.java:187)
	at com.kms.katalon.core.main.TestCaseMain$startTestSuite$0.call(Unknown Source)
	at TempTestSuite1697635126638.run(TempTestSuite1697635126638.groovy:36)]]></system-err>
   </testsuite>
</testsuites>
