<?xml version="1.0" encoding="UTF-8"?>
<testsuites name="SAU" time="34.409" tests="8" failures="6" errors="0">
   <testsuite name="SAU" tests="8" failures="6" errors="0" time="34.409" skipped="0" timestamp="2023-08-20 14:25:23" hostname="admin - 10.109.12.102" id="Test Suites/WEB-SAFARI/SAU">
      <properties>
         <property name="deviceName" value=""/>
         <property name="devicePlatform" value=""/>
         <property name="logFolder" value="/Users/admin/Desktop/KatalonProjects/Shahid-BYG/Reports/20230820_142039/WEB-SAFARI/SAU/20230820_142049"/>
         <property name="logFiles" value="/Users/admin/Desktop/KatalonProjects/Shahid-BYG/Reports/20230820_142039/WEB-SAFARI/SAU/20230820_142049/execution0.log"/>
         <property name="attachments" value=""/>
         <property name="hostName" value="admin - 10.109.12.102"/>
         <property name="hostAddress" value="10.109.12.102"/>
         <property name="os" value="Mac OS X 64bit"/>
         <property name="katalonVersion" value="8.5.1.208"/>
      </properties>
      <testcase name="Test Cases/WEB - SAFARI/SAU PI/WEB_AR_getSubscriptionConfigForSAU_GOBX" time="3.915" classname="Test Cases/WEB - SAFARI/SAU PI/WEB_AR_getSubscriptionConfigForSAU_GOBX" status="FAILED">
         <failure type="FAILED" message="Test Cases/WEB - SAFARI/SAU PI/WEB_AR_getSubscriptionConfigForSAU_GOBX FAILED.
Reason:
com.kms.katalon.core.exception.StepFailedException: Expected element property value 'شهرياً' is not equal with actual property value 'الاشتراك الشهري'
	at com.kms.katalon.core.keyword.internal.KeywordMain.stepFailed(KeywordMain.groovy:39)
	at com.kms.katalon.core.webservice.keyword.builtin.VerifyElementPropertyValueKeyword$_verifyElementPropertyValue_closure1.doCall(VerifyElementPropertyValueKeyword.groovy:56)
	at com.kms.katalon.core.webservice.keyword.builtin.VerifyElementPropertyValueKeyword$_verifyElementPropertyValue_closure1.call(VerifyElementPropertyValueKeyword.groovy)
	at com.kms.katalon.core.keyword.internal.KeywordMain.runKeyword(KeywordMain.groovy:74)
	at com.kms.katalon.core.webservice.keyword.builtin.VerifyElementPropertyValueKeyword.verifyElementPropertyValue(VerifyElementPropertyValueKeyword.groovy:48)
	at com.kms.katalon.core.webservice.keyword.builtin.VerifyElementPropertyValueKeyword.execute(VerifyElementPropertyValueKeyword.groovy:43)
	at com.kms.katalon.core.keyword.internal.KeywordExecutor.executeKeywordForPlatform(KeywordExecutor.groovy:74)
	at com.kms.katalon.core.webservice.keyword.WSBuiltInKeywords.verifyElementPropertyValue(WSBuiltInKeywords.groovy:190)
	at com.kms.katalon.core.webservice.keyword.WSBuiltInKeywords$verifyElementPropertyValue$1.call(Unknown Source)
	at WEB_AR_getSubscriptionConfigForSAU_GOBX.run(WEB_AR_getSubscriptionConfigForSAU_GOBX:67)
	at com.kms.katalon.core.main.ScriptEngine.run(ScriptEngine.java:194)
	at com.kms.katalon.core.main.ScriptEngine.runScriptAsRawText(ScriptEngine.java:119)
	at com.kms.katalon.core.main.TestCaseExecutor.runScript(TestCaseExecutor.java:448)
	at com.kms.katalon.core.main.TestCaseExecutor.doExecute(TestCaseExecutor.java:439)
	at com.kms.katalon.core.main.TestCaseExecutor.processExecutionPhase(TestCaseExecutor.java:418)
	at com.kms.katalon.core.main.TestCaseExecutor.accessMainPhase(TestCaseExecutor.java:410)
	at com.kms.katalon.core.main.TestCaseExecutor.execute(TestCaseExecutor.java:285)
	at com.kms.katalon.core.common.CommonExecutor.accessTestCaseMainPhase(CommonExecutor.java:65)
	at com.kms.katalon.core.main.TestSuiteExecutor.accessTestSuiteMainPhase(TestSuiteExecutor.java:151)
	at com.kms.katalon.core.main.TestSuiteExecutor.execute(TestSuiteExecutor.java:106)
	at com.kms.katalon.core.main.TestCaseMain.startTestSuite(TestCaseMain.java:185)
	at com.kms.katalon.core.main.TestCaseMain$startTestSuite$0.call(Unknown Source)
	at TempTestSuite1692530449060.run(TempTestSuite1692530449060.groovy:36)
"/>
         <system-out><![CDATA[2023-08-20 14:25:24 - [TEST_CASE][FAILED] - Test Cases/WEB - SAFARI/SAU PI/WEB_AR_getSubscriptionConfigForSAU_GOBX: Test Cases/WEB - SAFARI/SAU PI/WEB_AR_getSubscriptionConfigForSAU_GOBX FAILED.
Reason:
com.kms.katalon.core.exception.StepFailedException: Expected element property value 'شهرياً' is not equal with actual property value 'الاشتراك الشهري'
	at com.kms.katalon.core.keyword.internal.KeywordMain.stepFailed(KeywordMain.groovy:39)
	at com.kms.katalon.core.webservice.keyword.builtin.VerifyElementPropertyValueKeyword$_verifyElementPropertyValue_closure1.doCall(VerifyElementPropertyValueKeyword.groovy:56)
	at com.kms.katalon.core.webservice.keyword.builtin.VerifyElementPropertyValueKeyword$_verifyElementPropertyValue_closure1.call(VerifyElementPropertyValueKeyword.groovy)
	at com.kms.katalon.core.keyword.internal.KeywordMain.runKeyword(KeywordMain.groovy:74)
	at com.kms.katalon.core.webservice.keyword.builtin.VerifyElementPropertyValueKeyword.verifyElementPropertyValue(VerifyElementPropertyValueKeyword.groovy:48)
	at com.kms.katalon.core.webservice.keyword.builtin.VerifyElementPropertyValueKeyword.execute(VerifyElementPropertyValueKeyword.groovy:43)
	at com.kms.katalon.core.keyword.internal.KeywordExecutor.executeKeywordForPlatform(KeywordExecutor.groovy:74)
	at com.kms.katalon.core.webservice.keyword.WSBuiltInKeywords.verifyElementPropertyValue(WSBuiltInKeywords.groovy:190)
	at com.kms.katalon.core.webservice.keyword.WSBuiltInKeywords$verifyElementPropertyValue$1.call(Unknown Source)
	at WEB_AR_getSubscriptionConfigForSAU_GOBX.run(WEB_AR_getSubscriptionConfigForSAU_GOBX:67)
	at com.kms.katalon.core.main.ScriptEngine.run(ScriptEngine.java:194)
	at com.kms.katalon.core.main.ScriptEngine.runScriptAsRawText(ScriptEngine.java:119)
	at com.kms.katalon.core.main.TestCaseExecutor.runScript(TestCaseExecutor.java:448)
	at com.kms.katalon.core.main.TestCaseExecutor.doExecute(TestCaseExecutor.java:439)
	at com.kms.katalon.core.main.TestCaseExecutor.processExecutionPhase(TestCaseExecutor.java:418)
	at com.kms.katalon.core.main.TestCaseExecutor.accessMainPhase(TestCaseExecutor.java:410)
	at com.kms.katalon.core.main.TestCaseExecutor.execute(TestCaseExecutor.java:285)
	at com.kms.katalon.core.common.CommonExecutor.accessTestCaseMainPhase(CommonExecutor.java:65)
	at com.kms.katalon.core.main.TestSuiteExecutor.accessTestSuiteMainPhase(TestSuiteExecutor.java:151)
	at com.kms.katalon.core.main.TestSuiteExecutor.execute(TestSuiteExecutor.java:106)
	at com.kms.katalon.core.main.TestCaseMain.startTestSuite(TestCaseMain.java:185)
	at com.kms.katalon.core.main.TestCaseMain$startTestSuite$0.call(Unknown Source)
	at TempTestSuite1692530449060.run(TempTestSuite1692530449060.groovy:36)


2023-08-20 14:25:24 - [TEST_STEP][PASSED] - getResponse = config_files.getConfigFile.getConfig("WEB", "AR", "SHAHID_VIP_SPORT_GOBX", "SA", "true"): config_files.getConfigFile.getConfig is PASSED

2023-08-20 14:25:25 - [MESSAGE][INFO] - HAR: /Users/admin/Desktop/KatalonProjects/Shahid-BYG/Reports/20230820_142039/WEB-SAFARI/SAU/20230820_142049/requests/main/0.har

2023-08-20 14:25:25 - [MESSAGE][PASSED] - Send request successfully

2023-08-20 14:25:26 - [MESSAGE][PASSED] - config_files.getConfigFile.getConfig is PASSED

2023-08-20 14:25:26 - [TEST_STEP][PASSED] - verifyResponseStatusCode(getResponse, 200): Verify response status code successfully

2023-08-20 14:25:26 - [MESSAGE][PASSED] - Verify response status code successfully

2023-08-20 14:25:26 - [TEST_STEP][PASSED] - verifyElementPropertyValue(getResponse, "country", "SAU"): Verify element property value successfully

2023-08-20 14:25:26 - [MESSAGE][PASSED] - Verify element property value successfully

2023-08-20 14:25:26 - [TEST_STEP][PASSED] - verifyElementPropertyValue(getResponse, "platform", "[WEB]"): Verify element property value successfully

2023-08-20 14:25:26 - [MESSAGE][PASSED] - Verify element property value successfully

2023-08-20 14:25:26 - [TEST_STEP][PASSED] - verifyElementPropertyValue(getResponse, "groups[0].pricingPlans[0].featured", "true"): Verify element property value successfully

2023-08-20 14:25:26 - [MESSAGE][PASSED] - Verify element property value successfully

2023-08-20 14:25:26 - [TEST_STEP][PASSED] - verifyElementPropertyValue(getResponse, "groups[0].pricingPlans[0].packageId", "SHAHID_VIP_SPORT_GOBX"): Verify element property value successfully

2023-08-20 14:25:26 - [MESSAGE][PASSED] - Verify element property value successfully

2023-08-20 14:25:26 - [TEST_STEP][PASSED] - verifyElementPropertyValue(getResponse, "groups[0].pricingPlans[0].catalogId", "SPORT"): Verify element property value successfully

2023-08-20 14:25:26 - [MESSAGE][PASSED] - Verify element property value successfully

2023-08-20 14:25:26 - [TEST_STEP][PASSED] - verifyElementPropertyValue(getResponse, "groups[0].pricingPlans[0].visualElements[1].key", "Header_1_text"): Verify element property value successfully

2023-08-20 14:25:26 - [MESSAGE][PASSED] - Verify element property value successfully

2023-08-20 14:25:26 - [TEST_STEP][PASSED] - verifyElementPropertyValue(getResponse, "groups[0].pricingPlans[0].visualElements[1].value", "شاهد أقوى المسلسلات و الأفلام حصرياً دون توقف"): Verify element property value successfully

2023-08-20 14:25:26 - [MESSAGE][PASSED] - Verify element property value successfully

2023-08-20 14:25:26 - [TEST_STEP][PASSED] - verifyElementPropertyValue(getResponse, "groups[0].pricingPlans[0].visualElements[2].key", "display_title"): Verify element property value successfully

2023-08-20 14:25:26 - [MESSAGE][PASSED] - Verify element property value successfully

2023-08-20 14:25:26 - [TEST_STEP][PASSED] - verifyElementPropertyValue(getResponse, "groups[0].pricingPlans[0].visualElements[2].value", "الاشتراك الشهري "): Verify element property value successfully

2023-08-20 14:25:26 - [MESSAGE][PASSED] - Verify element property value successfully

2023-08-20 14:25:26 - [TEST_STEP][PASSED] - verifyElementPropertyValue(getResponse, "groups[0].pricingPlans[0].visualElements[3].key", "promo_text"): Verify element property value successfully

2023-08-20 14:25:26 - [MESSAGE][PASSED] - Verify element property value successfully

2023-08-20 14:25:26 - [TEST_STEP][PASSED] - verifyElementPropertyValue(getResponse, "groups[0].pricingPlans[0].visualElements[3].value", "84.99 SAR / شهرياً"): Verify element property value successfully

2023-08-20 14:25:26 - [MESSAGE][PASSED] - Verify element property value successfully

2023-08-20 14:25:26 - [TEST_STEP][PASSED] - verifyElementPropertyValue(getResponse, "groups[0].pricingPlans[0].visualElements[4].key", "deduction_text"): Verify element property value successfully

2023-08-20 14:25:26 - [MESSAGE][PASSED] - Verify element property value successfully

2023-08-20 14:25:26 - [TEST_STEP][PASSED] - verifyElementPropertyValue(getResponse, "groups[0].pricingPlans[0].visualElements[4].value", "تدفع شهرياً"): Verify element property value successfully

2023-08-20 14:25:26 - [MESSAGE][PASSED] - Verify element property value successfully

2023-08-20 14:25:26 - [TEST_STEP][PASSED] - verifyElementPropertyValue(getResponse, "groups[0].pricingPlans[0].visualElements[7].key", "show_payment_logo"): Verify element property value successfully

2023-08-20 14:25:26 - [MESSAGE][PASSED] - Verify element property value successfully

2023-08-20 14:25:26 - [TEST_STEP][PASSED] - verifyElementPropertyValue(getResponse, "groups[0].pricingPlans[0].visualElements[7].value", "true"): Verify element property value successfully

2023-08-20 14:25:26 - [MESSAGE][PASSED] - Verify element property value successfully

2023-08-20 14:25:26 - [TEST_STEP][PASSED] - verifyElementPropertyValue(getResponse, "groups[0].pricingPlans[0].visualElements[13].key", "show_tag"): Verify element property value successfully

2023-08-20 14:25:26 - [MESSAGE][PASSED] - Verify element property value successfully

2023-08-20 14:25:26 - [TEST_STEP][PASSED] - verifyElementPropertyValue(getResponse, "groups[0].pricingPlans[0].visualElements[13].value", "true"): Verify element property value successfully

2023-08-20 14:25:26 - [MESSAGE][PASSED] - Verify element property value successfully

2023-08-20 14:25:26 - [TEST_STEP][PASSED] - verifyElementPropertyValue(getResponse, "groups[0].pricingPlans[0].visualElements[9].key", "price"): Verify element property value successfully

2023-08-20 14:25:26 - [MESSAGE][PASSED] - Verify element property value successfully

2023-08-20 14:25:26 - [TEST_STEP][PASSED] - verifyElementPropertyValue(getResponse, "groups[0].pricingPlans[0].visualElements[9].value", "84.99"): Verify element property value successfully

2023-08-20 14:25:26 - [MESSAGE][PASSED] - Verify element property value successfully

2023-08-20 14:25:26 - [TEST_STEP][PASSED] - verifyElementPropertyValue(getResponse, "groups[0].pricingPlans[0].visualElements[10].key", "currency"): Verify element property value successfully

2023-08-20 14:25:26 - [MESSAGE][PASSED] - Verify element property value successfully

2023-08-20 14:25:26 - [TEST_STEP][PASSED] - verifyElementPropertyValue(getResponse, "groups[0].pricingPlans[0].visualElements[10].value", "SAR"): Verify element property value successfully

2023-08-20 14:25:26 - [MESSAGE][PASSED] - Verify element property value successfully

2023-08-20 14:25:26 - [TEST_STEP][PASSED] - verifyElementPropertyValue(getResponse, "groups[0].pricingPlans[0].visualElements[11].key", "duration"): Verify element property value successfully

2023-08-20 14:25:26 - [MESSAGE][PASSED] - Verify element property value successfully

2023-08-20 14:25:26 - [TEST_STEP][FAILED] - verifyElementPropertyValue(getResponse, "groups[0].pricingPlans[0].visualElements[11].value", "شهرياً"): Expected element property value 'شهرياً' is not equal with actual property value 'الاشتراك الشهري'

2023-08-20 14:25:26 - [MESSAGE][FAILED] - Expected element property value 'شهرياً' is not equal with actual property value 'الاشتراك الشهري'

2023-08-20 14:25:26 - [TEST_STEP][PASSED] - verifyElementPropertyValue(getResponse, "groups[0].pricingPlans[0].visualElements[12].key", "featured_tag_text"): Verify element property value successfully

2023-08-20 14:25:26 - [MESSAGE][PASSED] - Verify element property value successfully

2023-08-20 14:25:26 - [TEST_STEP][PASSED] - verifyElementPropertyValue(getResponse, "groups[0].pricingPlans[0].visualElements[12].value", "الأكثر مبيعاً"): Verify element property value successfully

2023-08-20 14:25:26 - [MESSAGE][PASSED] - Verify element property value successfully

2023-08-20 14:25:26 - [TEST_STEP][PASSED] - verifyElementPropertyValue(getResponse, "groups[0].pricingPlans[0].order", "12"): Verify element property value successfully

2023-08-20 14:25:26 - [MESSAGE][PASSED] - Verify element property value successfully

2023-08-20 14:25:26 - [TEST_STEP][PASSED] - verifyElementPropertyValue(getResponse, "groups[0].pricingPlans[0].period", "monthly"): Verify element property value successfully

2023-08-20 14:25:26 - [MESSAGE][PASSED] - Verify element property value successfully

2023-08-20 14:25:26 - [TEST_STEP][PASSED] - verifyElementPropertyValue(getResponse, "groups[0].pricingPlans[0].price", "84.99"): Verify element property value successfully

2023-08-20 14:25:26 - [MESSAGE][PASSED] - Verify element property value successfully

2023-08-20 14:25:26 - [TEST_STEP][PASSED] - verifyElementPropertyValue(getResponse, "groups[0].pricingPlans[0].currency", "SAR"): Verify element property value successfully

2023-08-20 14:25:26 - [MESSAGE][PASSED] - Verify element property value successfully

2023-08-20 14:25:26 - [TEST_STEP][PASSED] - verifyElementPropertyValue(getResponse, "groups[0].pricingPlans[0].pricingPlanData[0].productId", "KSA_B2C_SHAHID_VIP_SPORT_GOBOX_1M"): Verify element property value successfully

2023-08-20 14:25:26 - [MESSAGE][PASSED] - Verify element property value successfully

2023-08-20 14:25:26 - [TEST_STEP][PASSED] - verifyElementPropertyValue(getResponse, "groups[0].pricingPlans[0].pricingPlanData[0].subPricingPlanIds", "null"): Verify element property value successfully

2023-08-20 14:25:26 - [MESSAGE][PASSED] - Verify element property value successfully

2023-08-20 14:25:26 - [TEST_STEP][PASSED] - verifyElementPropertyValue(getResponse, "groups[0].pricingPlans[0].pricingPlanData[0].paymentMethod", "CREDIT_CARD"): Verify element property value successfully

2023-08-20 14:25:26 - [MESSAGE][PASSED] - Verify element property value successfully

2023-08-20 14:25:26 - [TEST_STEP][PASSED] - verifyElementPropertyValue(getResponse, "groups[0].pricingPlans[0].pricingPlanData[0].freeTrialEnabled", "false"): Verify element property value successfully

2023-08-20 14:25:26 - [MESSAGE][PASSED] - Verify element property value successfully

2023-08-20 14:25:26 - [TEST_STEP][PASSED] - verifyElementPropertyValue(getResponse, "groups[0].pricingPlans[0].pricingPlanData[0].visualElements[0].key", "title"): Verify element property value successfully

2023-08-20 14:25:26 - [MESSAGE][PASSED] - Verify element property value successfully

2023-08-20 14:25:26 - [TEST_STEP][PASSED] - verifyElementPropertyValue(getResponse, "groups[0].pricingPlans[0].pricingPlanData[0].visualElements[0].value", "البطاقة المصرفية"): Verify element property value successfully

2023-08-20 14:25:26 - [MESSAGE][PASSED] - Verify element property value successfully

2023-08-20 14:25:26 - [TEST_STEP][PASSED] - verifyElementPropertyValue(getResponse, "groups[0].pricingPlans[0].pricingPlanData[0].visualElements[1].key", "CTA_text"): Verify element property value successfully

2023-08-20 14:25:26 - [MESSAGE][PASSED] - Verify element property value successfully

2023-08-20 14:25:26 - [TEST_STEP][PASSED] - verifyElementPropertyValue(getResponse, "groups[0].pricingPlans[0].pricingPlanData[0].visualElements[1].value", "اشترك"): Verify element property value successfully

2023-08-20 14:25:26 - [MESSAGE][PASSED] - Verify element property value successfully

2023-08-20 14:25:26 - [TEST_STEP][PASSED] - verifyElementPropertyValue(getResponse, "groups[0].pricingPlans[0].pricingPlanData[0].visualElements[2].key", "logo"): Verify element property value successfully

2023-08-20 14:25:26 - [MESSAGE][PASSED] - Verify element property value successfully

2023-08-20 14:25:26 - [TEST_STEP][PASSED] - verifyElementPropertyValue(getResponse, "groups[0].pricingPlans[0].pricingPlanData[0].visualElements[2].value", "https://static.s3.shahid.mbc.net/widget-images/icons/iconCreditCard.png"): Verify element property value successfully

2023-08-20 14:25:26 - [MESSAGE][PASSED] - Verify element property value successfully

2023-08-20 14:25:26 - [TEST_STEP][PASSED] - verifyElementPropertyValue(getResponse, "groups[0].pricingPlans[0].pricingPlanData[0].priceLabel", "84.99"): Verify element property value successfully

2023-08-20 14:25:26 - [MESSAGE][PASSED] - Verify element property value successfully

2023-08-20 14:25:26 - [TEST_STEP][PASSED] - verifyElementPropertyValue(getResponse, "groups[0].pricingPlans[0].pricingPlanData[0].currencyLabel", "SAR"): Verify element property value successfully

2023-08-20 14:25:26 - [MESSAGE][PASSED] - Verify element property value successfully

2023-08-20 14:25:26 - [TEST_STEP][PASSED] - verifyElementPropertyValue(getResponse, "groups[0].pricingPlans[0].pricingPlanData[1].productId", "KSA_B2C_SHAHID_VIP_SPORT_GOBOX_1M"): Verify element property value successfully

2023-08-20 14:25:26 - [MESSAGE][PASSED] - Verify element property value successfully

2023-08-20 14:25:26 - [TEST_STEP][PASSED] - verifyElementPropertyValue(getResponse, "groups[0].pricingPlans[0].pricingPlanData[1].subPricingPlanIds", "null"): Verify element property value successfully

2023-08-20 14:25:26 - [MESSAGE][PASSED] - Verify element property value successfully

2023-08-20 14:25:26 - [TEST_STEP][PASSED] - verifyElementPropertyValue(getResponse, "groups[0].pricingPlans[0].pricingPlanData[1].paymentMethod", "APPLE_PAY"): Verify element property value successfully

2023-08-20 14:25:26 - [MESSAGE][PASSED] - Verify element property value successfully

2023-08-20 14:25:26 - [TEST_STEP][PASSED] - verifyElementPropertyValue(getResponse, "groups[0].pricingPlans[0].pricingPlanData[1].freeTrialEnabled", "false"): Verify element property value successfully

2023-08-20 14:25:26 - [MESSAGE][PASSED] - Verify element property value successfully

2023-08-20 14:25:26 - [TEST_STEP][PASSED] - verifyElementPropertyValue(getResponse, "groups[0].pricingPlans[0].pricingPlanData[1].visualElements[0].key", "title"): Verify element property value successfully

2023-08-20 14:25:26 - [MESSAGE][PASSED] - Verify element property value successfully

2023-08-20 14:25:26 - [TEST_STEP][PASSED] - verifyElementPropertyValue(getResponse, "groups[0].pricingPlans[0].pricingPlanData[1].visualElements[0].value", "Apple Pay"): Verify element property value successfully

2023-08-20 14:25:26 - [MESSAGE][PASSED] - Verify element property value successfully

2023-08-20 14:25:26 - [TEST_STEP][PASSED] - verifyElementPropertyValue(getResponse, "groups[0].pricingPlans[0].pricingPlanData[1].visualElements[1].key", "CTA_text"): Verify element property value successfully

2023-08-20 14:25:26 - [MESSAGE][PASSED] - Verify element property value successfully

2023-08-20 14:25:26 - [TEST_STEP][PASSED] - verifyElementPropertyValue(getResponse, "groups[0].pricingPlans[0].pricingPlanData[1].visualElements[1].value", "اشترك"): Verify element property value successfully

2023-08-20 14:25:26 - [MESSAGE][PASSED] - Verify element property value successfully

2023-08-20 14:25:26 - [TEST_STEP][PASSED] - verifyElementPropertyValue(getResponse, "groups[0].pricingPlans[0].pricingPlanData[1].visualElements[2].key", "logo"): Verify element property value successfully

2023-08-20 14:25:26 - [MESSAGE][PASSED] - Verify element property value successfully

2023-08-20 14:25:26 - [TEST_STEP][PASSED] - verifyElementPropertyValue(getResponse, "groups[0].pricingPlans[0].pricingPlanData[1].visualElements[2].value", "https://static.s3.shahid.mbc.net/widget-images/icons/ApplePay_PlanSelectionIcon.svg"): Verify element property value successfully

2023-08-20 14:25:26 - [MESSAGE][PASSED] - Verify element property value successfully

2023-08-20 14:25:26 - [TEST_STEP][PASSED] - verifyElementPropertyValue(getResponse, "groups[0].pricingPlans[0].pricingPlanData[1].priceLabel", "84.99"): Verify element property value successfully

2023-08-20 14:25:26 - [MESSAGE][PASSED] - Verify element property value successfully

2023-08-20 14:25:26 - [TEST_STEP][PASSED] - verifyElementPropertyValue(getResponse, "groups[0].pricingPlans[0].pricingPlanData[1].currencyLabel", "SAR"): Verify element property value successfully

2023-08-20 14:25:26 - [MESSAGE][PASSED] - Verify element property value successfully

2023-08-20 14:25:26 - [TEST_STEP][PASSED] - verifyElementPropertyValue(getResponse, "groups[0].pricingPlans[0].pricingPlanData[2].pricingPlanId", "TPay_Zain_SA"): Verify element property value successfully

2023-08-20 14:25:26 - [MESSAGE][PASSED] - Verify element property value successfully

2023-08-20 14:25:26 - [TEST_STEP][PASSED] - verifyElementPropertyValue(getResponse, "groups[0].pricingPlans[0].pricingPlanData[2].productId", "KSA_B2C_SHAHID_VIP_SPORT_GOBOX_1M"): Verify element property value successfully

2023-08-20 14:25:26 - [MESSAGE][PASSED] - Verify element property value successfully

2023-08-20 14:25:26 - [TEST_STEP][PASSED] - verifyElementPropertyValue(getResponse, "groups[0].pricingPlans[0].pricingPlanData[2].subPricingPlanIds[0]", "42004"): Verify element property value successfully

2023-08-20 14:25:26 - [MESSAGE][PASSED] - Verify element property value successfully

2023-08-20 14:25:26 - [TEST_STEP][PASSED] - verifyElementPropertyValue(getResponse, "groups[0].pricingPlans[0].pricingPlanData[2].paymentMethod", "MOBILE_PAY"): Verify element property value successfully

2023-08-20 14:25:26 - [MESSAGE][PASSED] - Verify element property value successfully

2023-08-20 14:25:26 - [TEST_STEP][PASSED] - verifyElementPropertyValue(getResponse, "groups[0].pricingPlans[0].pricingPlanData[2].freeTrialEnabled", "false"): Verify element property value successfully

2023-08-20 14:25:26 - [MESSAGE][PASSED] - Verify element property value successfully

2023-08-20 14:25:26 - [TEST_STEP][PASSED] - verifyElementPropertyValue(getResponse, "groups[0].pricingPlans[0].pricingPlanData[2].showIn[0]", "VERTICAL_MODE"): Verify element property value successfully

2023-08-20 14:25:26 - [MESSAGE][PASSED] - Verify element property value successfully

2023-08-20 14:25:26 - [TEST_STEP][PASSED] - verifyElementPropertyValue(getResponse, "groups[0].pricingPlans[0].pricingPlanData[2].showIn[1]", "HORIZONTAL_MODE"): Verify element property value successfully

2023-08-20 14:25:26 - [MESSAGE][PASSED] - Verify element property value successfully

2023-08-20 14:25:26 - [TEST_STEP][PASSED] - verifyElementPropertyValue(getResponse, "groups[0].pricingPlans[0].pricingPlanData[2].visualElements[0].key", "payment_option_group"): Verify element property value successfully

2023-08-20 14:25:26 - [MESSAGE][PASSED] - Verify element property value successfully

2023-08-20 14:25:26 - [TEST_STEP][PASSED] - verifyElementPropertyValue(getResponse, "groups[0].pricingPlans[0].pricingPlanData[2].visualElements[0].value", "true"): Verify element property value successfully

2023-08-20 14:25:26 - [MESSAGE][PASSED] - Verify element property value successfully

2023-08-20 14:25:26 - [TEST_STEP][PASSED] - verifyElementPropertyValue(getResponse, "groups[0].pricingPlans[0].pricingPlanData[2].visualElements[1].key", "title"): Verify element property value successfully

2023-08-20 14:25:26 - [MESSAGE][PASSED] - Verify element property value successfully

2023-08-20 14:25:26 - [TEST_STEP][PASSED] - verifyElementPropertyValue(getResponse, "groups[0].pricingPlans[0].pricingPlanData[2].visualElements[1].value", "الدفع عبر الجّوال"): Verify element property value successfully

2023-08-20 14:25:26 - [MESSAGE][PASSED] - Verify element property value successfully

2023-08-20 14:25:26 - [TEST_STEP][PASSED] - verifyElementPropertyValue(getResponse, "groups[0].pricingPlans[0].pricingPlanData[2].visualElements[2].key", "CTA_text"): Verify element property value successfully

2023-08-20 14:25:26 - [MESSAGE][PASSED] - Verify element property value successfully

2023-08-20 14:25:26 - [TEST_STEP][PASSED] - verifyElementPropertyValue(getResponse, "groups[0].pricingPlans[0].pricingPlanData[2].visualElements[2].value", "اشترك"): Verify element property value successfully

2023-08-20 14:25:26 - [MESSAGE][PASSED] - Verify element property value successfully

2023-08-20 14:25:26 - [TEST_STEP][PASSED] - verifyElementPropertyValue(getResponse, "groups[0].pricingPlans[0].pricingPlanData[2].visualElements[3].key", "logo"): Verify element property value successfully

2023-08-20 14:25:26 - [MESSAGE][PASSED] - Verify element property value successfully

2023-08-20 14:25:26 - [TEST_STEP][PASSED] - verifyElementPropertyValue(getResponse, "groups[0].pricingPlans[0].pricingPlanData[2].visualElements[3].value", "https://static.s3.shahid.mbc.net/widget-images/icons/iconMobile.png"): Verify element property value successfully

2023-08-20 14:25:26 - [MESSAGE][PASSED] - Verify element property value successfully

2023-08-20 14:25:26 - [TEST_STEP][PASSED] - verifyElementPropertyValue(getResponse, "groups[0].pricingPlans[0].pricingPlanData[2].priceLabel", "84.99"): Verify element property value successfully

2023-08-20 14:25:26 - [MESSAGE][PASSED] - Verify element property value successfully

2023-08-20 14:25:26 - [TEST_STEP][PASSED] - verifyElementPropertyValue(getResponse, "groups[0].pricingPlans[0].pricingPlanData[2].currencyLabel", "SAR"): Verify element property value successfully

2023-08-20 14:25:26 - [MESSAGE][PASSED] - Verify element property value successfully

2023-08-20 14:25:26 - [TEST_STEP][PASSED] - verifyElementPropertyValue(getResponse, "groups[0].pricingPlans[0].pricingPlanData[2].allowedForAcquisition", "true"): Verify element property value successfully

2023-08-20 14:25:26 - [MESSAGE][PASSED] - Verify element property value successfully

2023-08-20 14:25:26 - [TEST_STEP][PASSED] - verifyElementPropertyValue(getResponse, "groups[0].pricingPlans[0].pricingPlanData[3].pricingPlanId", "TPay_Mobily_SA"): Verify element property value successfully

2023-08-20 14:25:26 - [MESSAGE][PASSED] - Verify element property value successfully

2023-08-20 14:25:26 - [TEST_STEP][PASSED] - verifyElementPropertyValue(getResponse, "groups[0].pricingPlans[0].pricingPlanData[3].productId", "KSA_B2C_SHAHID_VIP_SPORT_GOBOX_1M"): Verify element property value successfully

2023-08-20 14:25:26 - [MESSAGE][PASSED] - Verify element property value successfully

2023-08-20 14:25:26 - [TEST_STEP][PASSED] - verifyElementPropertyValue(getResponse, "groups[0].pricingPlans[0].pricingPlanData[3].subPricingPlanIds[0]", "42003"): Verify element property value successfully

2023-08-20 14:25:26 - [MESSAGE][PASSED] - Verify element property value successfully

2023-08-20 14:25:26 - [TEST_STEP][PASSED] - verifyElementPropertyValue(getResponse, "groups[0].pricingPlans[0].pricingPlanData[3].paymentMethod", "MOBILE_PAY"): Verify element property value successfully

2023-08-20 14:25:26 - [MESSAGE][PASSED] - Verify element property value successfully

2023-08-20 14:25:26 - [TEST_STEP][PASSED] - verifyElementPropertyValue(getResponse, "groups[0].pricingPlans[0].pricingPlanData[3].freeTrialEnabled", "false"): Verify element property value successfully

2023-08-20 14:25:26 - [MESSAGE][PASSED] - Verify element property value successfully

2023-08-20 14:25:26 - [TEST_STEP][PASSED] - verifyElementPropertyValue(getResponse, "groups[0].pricingPlans[0].pricingPlanData[3].priceLabel", "84.99"): Verify element property value successfully

2023-08-20 14:25:26 - [MESSAGE][PASSED] - Verify element property value successfully

2023-08-20 14:25:26 - [TEST_STEP][PASSED] - verifyElementPropertyValue(getResponse, "groups[0].pricingPlans[0].pricingPlanData[3].currencyLabel", "SAR"): Verify element property value successfully

2023-08-20 14:25:26 - [MESSAGE][PASSED] - Verify element property value successfully

2023-08-20 14:25:26 - [TEST_STEP][PASSED] - verifyElementPropertyValue(getResponse, "groups[0].pricingPlans[0].pricingPlanData[3].allowedForAcquisition", "true"): Verify element property value successfully

2023-08-20 14:25:26 - [MESSAGE][PASSED] - Verify element property value successfully

2023-08-20 14:25:26 - [TEST_STEP][PASSED] - verifyElementPropertyValue(getResponse, "groups[0].pricingPlans[0].pricingPlanData[4].pricingPlanId", "TPay_STC_SA"): Verify element property value successfully

2023-08-20 14:25:26 - [MESSAGE][PASSED] - Verify element property value successfully

2023-08-20 14:25:26 - [TEST_STEP][PASSED] - verifyElementPropertyValue(getResponse, "groups[0].pricingPlans[0].pricingPlanData[4].productId", "KSA_B2C_SHAHID_VIP_SPORT_GOBOX_1M"): Verify element property value successfully

2023-08-20 14:25:26 - [MESSAGE][PASSED] - Verify element property value successfully

2023-08-20 14:25:26 - [TEST_STEP][PASSED] - verifyElementPropertyValue(getResponse, "groups[0].pricingPlans[0].pricingPlanData[4].subPricingPlanIds[0]", "42001"): Verify element property value successfully

2023-08-20 14:25:26 - [MESSAGE][PASSED] - Verify element property value successfully

2023-08-20 14:25:26 - [TEST_STEP][PASSED] - verifyElementPropertyValue(getResponse, "groups[0].pricingPlans[0].pricingPlanData[4].paymentMethod", "MOBILE_PAY"): Verify element property value successfully

2023-08-20 14:25:26 - [MESSAGE][PASSED] - Verify element property value successfully

2023-08-20 14:25:26 - [TEST_STEP][PASSED] - verifyElementPropertyValue(getResponse, "groups[0].pricingPlans[0].pricingPlanData[4].freeTrialEnabled", "false"): Verify element property value successfully

2023-08-20 14:25:26 - [MESSAGE][PASSED] - Verify element property value successfully

2023-08-20 14:25:26 - [TEST_STEP][PASSED] - verifyElementPropertyValue(getResponse, "groups[0].pricingPlans[0].pricingPlanData[4].priceLabel", "84.99"): Verify element property value successfully

2023-08-20 14:25:26 - [MESSAGE][PASSED] - Verify element property value successfully

2023-08-20 14:25:26 - [TEST_STEP][PASSED] - verifyElementPropertyValue(getResponse, "groups[0].pricingPlans[0].pricingPlanData[4].currencyLabel", "SAR"): Verify element property value successfully

2023-08-20 14:25:26 - [MESSAGE][PASSED] - Verify element property value successfully

2023-08-20 14:25:26 - [TEST_STEP][PASSED] - verifyElementPropertyValue(getResponse, "groups[0].pricingPlans[0].pricingPlanData[4].allowedForAcquisition", "true"): Verify element property value successfully

2023-08-20 14:25:26 - [MESSAGE][PASSED] - Verify element property value successfully

2023-08-20 14:25:26 - [TEST_STEP][PASSED] - verifyElementPropertyValue(getResponse, "groups[0].pricingPlans[2].featured", "false"): Verify element property value successfully

2023-08-20 14:25:26 - [MESSAGE][PASSED] - Verify element property value successfully

2023-08-20 14:25:26 - [TEST_STEP][PASSED] - verifyElementPropertyValue(getResponse, "groups[0].pricingPlans[2].packageId", "SHAHID_VIP_SPORT_GOBX"): Verify element property value successfully

2023-08-20 14:25:26 - [MESSAGE][PASSED] - Verify element property value successfully

2023-08-20 14:25:26 - [TEST_STEP][PASSED] - verifyElementPropertyValue(getResponse, "groups[0].pricingPlans[2].catalogId", "SPORT"): Verify element property value successfully

2023-08-20 14:25:27 - [MESSAGE][PASSED] - Verify element property value successfully

2023-08-20 14:25:27 - [TEST_STEP][PASSED] - verifyElementPropertyValue(getResponse, "groups[0].pricingPlans[2].visualElements[0].key", "Header_1_text"): Verify element property value successfully

2023-08-20 14:25:27 - [MESSAGE][PASSED] - Verify element property value successfully

2023-08-20 14:25:27 - [TEST_STEP][PASSED] - verifyElementPropertyValue(getResponse, "groups[0].pricingPlans[2].visualElements[0].value", "شاهد أقوى المسلسلات و الأفلام حصرياً دون توقف"): Verify element property value successfully

2023-08-20 14:25:27 - [MESSAGE][PASSED] - Verify element property value successfully

2023-08-20 14:25:27 - [TEST_STEP][PASSED] - verifyElementPropertyValue(getResponse, "groups[0].pricingPlans[2].visualElements[1].key", "display_title"): Verify element property value successfully

2023-08-20 14:25:27 - [MESSAGE][PASSED] - Verify element property value successfully

2023-08-20 14:25:27 - [TEST_STEP][PASSED] - verifyElementPropertyValue(getResponse, "groups[0].pricingPlans[2].visualElements[1].value", "الاشتراك السنوي"): Verify element property value successfully

2023-08-20 14:25:27 - [MESSAGE][PASSED] - Verify element property value successfully

2023-08-20 14:25:27 - [TEST_STEP][PASSED] - verifyElementPropertyValue(getResponse, "groups[0].pricingPlans[2].visualElements[2].key", "tag_text"): Verify element property value successfully

2023-08-20 14:25:27 - [MESSAGE][PASSED] - Verify element property value successfully

2023-08-20 14:25:27 - [TEST_STEP][PASSED] - verifyElementPropertyValue(getResponse, "groups[0].pricingPlans[2].visualElements[2].value", "وفر14%"): Verify element property value successfully

2023-08-20 14:25:27 - [MESSAGE][PASSED] - Verify element property value successfully

2023-08-20 14:25:27 - [TEST_STEP][PASSED] - verifyElementPropertyValue(getResponse, "groups[0].pricingPlans[2].visualElements[3].key", "promo_text"): Verify element property value successfully

2023-08-20 14:25:27 - [MESSAGE][PASSED] - Verify element property value successfully

2023-08-20 14:25:27 - [TEST_STEP][PASSED] - verifyElementPropertyValue(getResponse, "groups[0].pricingPlans[2].visualElements[3].value", "73.33 SAR / شهرياً"): Verify element property value successfully

2023-08-20 14:25:27 - [MESSAGE][PASSED] - Verify element property value successfully

2023-08-20 14:25:27 - [TEST_STEP][PASSED] - verifyElementPropertyValue(getResponse, "groups[0].pricingPlans[2].visualElements[4].key", "deduction_text"): Verify element property value successfully

2023-08-20 14:25:27 - [MESSAGE][PASSED] - Verify element property value successfully

2023-08-20 14:25:27 - [TEST_STEP][PASSED] - verifyElementPropertyValue(getResponse, "groups[0].pricingPlans[2].visualElements[4].value", " 879.99 SAR  تدفع سنوياً"): Verify element property value successfully

2023-08-20 14:25:27 - [MESSAGE][PASSED] - Verify element property value successfully

2023-08-20 14:25:27 - [TEST_STEP][PASSED] - verifyElementPropertyValue(getResponse, "groups[0].pricingPlans[2].visualElements[7].key", "show_payment_logo"): Verify element property value successfully

2023-08-20 14:25:27 - [MESSAGE][PASSED] - Verify element property value successfully

2023-08-20 14:25:27 - [TEST_STEP][PASSED] - verifyElementPropertyValue(getResponse, "groups[0].pricingPlans[2].visualElements[7].value", "true"): Verify element property value successfully

2023-08-20 14:25:27 - [MESSAGE][PASSED] - Verify element property value successfully

2023-08-20 14:25:27 - [TEST_STEP][PASSED] - verifyElementPropertyValue(getResponse, "groups[0].pricingPlans[2].visualElements[8].key", "show_tag"): Verify element property value successfully

2023-08-20 14:25:27 - [MESSAGE][PASSED] - Verify element property value successfully

2023-08-20 14:25:27 - [TEST_STEP][PASSED] - verifyElementPropertyValue(getResponse, "groups[0].pricingPlans[2].visualElements[8].value", "true"): Verify element property value successfully

2023-08-20 14:25:27 - [MESSAGE][PASSED] - Verify element property value successfully

2023-08-20 14:25:27 - [TEST_STEP][PASSED] - verifyElementPropertyValue(getResponse, "groups[0].pricingPlans[2].visualElements[10].key", "price"): Verify element property value successfully

2023-08-20 14:25:27 - [MESSAGE][PASSED] - Verify element property value successfully

2023-08-20 14:25:27 - [TEST_STEP][PASSED] - verifyElementPropertyValue(getResponse, "groups[0].pricingPlans[2].visualElements[10].value", "879.99"): Verify element property value successfully

2023-08-20 14:25:27 - [MESSAGE][PASSED] - Verify element property value successfully

2023-08-20 14:25:27 - [TEST_STEP][PASSED] - verifyElementPropertyValue(getResponse, "groups[0].pricingPlans[2].visualElements[11].key", "currency"): Verify element property value successfully

2023-08-20 14:25:27 - [MESSAGE][PASSED] - Verify element property value successfully

2023-08-20 14:25:27 - [TEST_STEP][PASSED] - verifyElementPropertyValue(getResponse, "groups[0].pricingPlans[2].visualElements[11].value", "SAR"): Verify element property value successfully

2023-08-20 14:25:27 - [MESSAGE][PASSED] - Verify element property value successfully

2023-08-20 14:25:27 - [TEST_STEP][PASSED] - verifyElementPropertyValue(getResponse, "groups[0].pricingPlans[2].visualElements[12].key", "duration"): Verify element property value successfully

2023-08-20 14:25:27 - [MESSAGE][PASSED] - Verify element property value successfully

2023-08-20 14:25:27 - [TEST_STEP][PASSED] - verifyElementPropertyValue(getResponse, "groups[0].pricingPlans[2].visualElements[12].value", "سنوياً"): Verify element property value successfully

2023-08-20 14:25:27 - [MESSAGE][PASSED] - Verify element property value successfully

2023-08-20 14:25:27 - [TEST_STEP][PASSED] - verifyElementPropertyValue(getResponse, "groups[0].pricingPlans[2].order", "14"): Verify element property value successfully

2023-08-20 14:25:27 - [MESSAGE][PASSED] - Verify element property value successfully

2023-08-20 14:25:27 - [TEST_STEP][PASSED] - verifyElementPropertyValue(getResponse, "groups[0].pricingPlans[2].period", "yearly"): Verify element property value successfully

2023-08-20 14:25:27 - [MESSAGE][PASSED] - Verify element property value successfully

2023-08-20 14:25:27 - [TEST_STEP][PASSED] - verifyElementPropertyValue(getResponse, "groups[0].pricingPlans[2].price", "879.99"): Verify element property value successfully

2023-08-20 14:25:27 - [MESSAGE][PASSED] - Verify element property value successfully

2023-08-20 14:25:27 - [TEST_STEP][PASSED] - verifyElementPropertyValue(getResponse, "groups[0].pricingPlans[2].currency", "SAR"): Verify element property value successfully

2023-08-20 14:25:27 - [MESSAGE][PASSED] - Verify element property value successfully

2023-08-20 14:25:27 - [TEST_STEP][PASSED] - verifyElementPropertyValue(getResponse, "groups[0].pricingPlans[2].pricingPlanData[0].productId", "KSA_B2C_SHAHID_VIP_SPORT_GOBOX_12M"): Verify element property value successfully

2023-08-20 14:25:27 - [MESSAGE][PASSED] - Verify element property value successfully

2023-08-20 14:25:27 - [TEST_STEP][PASSED] - verifyElementPropertyValue(getResponse, "groups[0].pricingPlans[2].pricingPlanData[0].subPricingPlanIds", "null"): Verify element property value successfully

2023-08-20 14:25:27 - [MESSAGE][PASSED] - Verify element property value successfully

2023-08-20 14:25:27 - [TEST_STEP][PASSED] - verifyElementPropertyValue(getResponse, "groups[0].pricingPlans[2].pricingPlanData[0].paymentMethod", "CREDIT_CARD"): Verify element property value successfully

2023-08-20 14:25:27 - [MESSAGE][PASSED] - Verify element property value successfully

2023-08-20 14:25:27 - [TEST_STEP][PASSED] - verifyElementPropertyValue(getResponse, "groups[0].pricingPlans[2].pricingPlanData[0].freeTrialEnabled", "false"): Verify element property value successfully

2023-08-20 14:25:27 - [MESSAGE][PASSED] - Verify element property value successfully

2023-08-20 14:25:27 - [TEST_STEP][PASSED] - verifyElementPropertyValue(getResponse, "groups[0].pricingPlans[2].pricingPlanData[0].visualElements[0].key", "title"): Verify element property value successfully

2023-08-20 14:25:27 - [MESSAGE][PASSED] - Verify element property value successfully

2023-08-20 14:25:27 - [TEST_STEP][PASSED] - verifyElementPropertyValue(getResponse, "groups[0].pricingPlans[2].pricingPlanData[0].visualElements[0].value", "البطاقة المصرفية"): Verify element property value successfully

2023-08-20 14:25:27 - [MESSAGE][PASSED] - Verify element property value successfully

2023-08-20 14:25:27 - [TEST_STEP][PASSED] - verifyElementPropertyValue(getResponse, "groups[0].pricingPlans[2].pricingPlanData[0].visualElements[1].key", "CTA_text"): Verify element property value successfully

2023-08-20 14:25:27 - [MESSAGE][PASSED] - Verify element property value successfully

2023-08-20 14:25:27 - [TEST_STEP][PASSED] - verifyElementPropertyValue(getResponse, "groups[0].pricingPlans[2].pricingPlanData[0].visualElements[1].value", "اشترك"): Verify element property value successfully

2023-08-20 14:25:27 - [MESSAGE][PASSED] - Verify element property value successfully

2023-08-20 14:25:27 - [TEST_STEP][PASSED] - verifyElementPropertyValue(getResponse, "groups[0].pricingPlans[2].pricingPlanData[0].visualElements[2].key", "logo"): Verify element property value successfully

2023-08-20 14:25:27 - [MESSAGE][PASSED] - Verify element property value successfully

2023-08-20 14:25:27 - [TEST_STEP][PASSED] - verifyElementPropertyValue(getResponse, "groups[0].pricingPlans[2].pricingPlanData[0].visualElements[2].value", "https://static.s3.shahid.mbc.net/widget-images/icons/iconCreditCard.png"): Verify element property value successfully

2023-08-20 14:25:27 - [MESSAGE][PASSED] - Verify element property value successfully

2023-08-20 14:25:27 - [TEST_STEP][PASSED] - verifyElementPropertyValue(getResponse, "groups[0].pricingPlans[2].pricingPlanData[0].priceLabel", "879.99"): Verify element property value successfully

2023-08-20 14:25:27 - [MESSAGE][PASSED] - Verify element property value successfully

2023-08-20 14:25:27 - [TEST_STEP][PASSED] - verifyElementPropertyValue(getResponse, "groups[0].pricingPlans[2].pricingPlanData[0].currencyLabel", "SAR"): Verify element property value successfully

2023-08-20 14:25:27 - [MESSAGE][PASSED] - Verify element property value successfully

2023-08-20 14:25:27 - [TEST_STEP][PASSED] - verifyElementPropertyValue(getResponse, "groups[0].pricingPlans[2].pricingPlanData[0].allowedForAcquisition", "true"): Verify element property value successfully

2023-08-20 14:25:27 - [MESSAGE][PASSED] - Verify element property value successfully

2023-08-20 14:25:27 - [TEST_STEP][PASSED] - verifyElementPropertyValue(getResponse, "groups[0].pricingPlans[2].pricingPlanData[0].showIn[0]", "VERTICAL_MODE"): Verify element property value successfully

2023-08-20 14:25:27 - [MESSAGE][PASSED] - Verify element property value successfully

2023-08-20 14:25:27 - [TEST_STEP][PASSED] - verifyElementPropertyValue(getResponse, "groups[0].pricingPlans[2].pricingPlanData[0].showIn[1]", "HORIZONTAL_MODE"): Verify element property value successfully

2023-08-20 14:25:27 - [MESSAGE][PASSED] - Verify element property value successfully

2023-08-20 14:25:27 - [TEST_STEP][PASSED] - verifyElementPropertyValue(getResponse, "groups[0].pricingPlans[2].pricingPlanData[1].productId", "KSA_B2C_SHAHID_VIP_SPORT_GOBOX_12M"): Verify element property value successfully

2023-08-20 14:25:27 - [MESSAGE][PASSED] - Verify element property value successfully

2023-08-20 14:25:27 - [TEST_STEP][PASSED] - verifyElementPropertyValue(getResponse, "groups[0].pricingPlans[2].pricingPlanData[1].subPricingPlanIds", "null"): Verify element property value successfully

2023-08-20 14:25:27 - [MESSAGE][PASSED] - Verify element property value successfully

2023-08-20 14:25:27 - [TEST_STEP][PASSED] - verifyElementPropertyValue(getResponse, "groups[0].pricingPlans[2].pricingPlanData[1].paymentMethod", "APPLE_PAY"): Verify element property value successfully

2023-08-20 14:25:27 - [MESSAGE][PASSED] - Verify element property value successfully

2023-08-20 14:25:27 - [TEST_STEP][PASSED] - verifyElementPropertyValue(getResponse, "groups[0].pricingPlans[2].pricingPlanData[1].freeTrialEnabled", "false"): Verify element property value successfully

2023-08-20 14:25:27 - [MESSAGE][PASSED] - Verify element property value successfully

2023-08-20 14:25:27 - [TEST_STEP][PASSED] - verifyElementPropertyValue(getResponse, "groups[0].pricingPlans[2].pricingPlanData[1].visualElements[0].key", "title"): Verify element property value successfully

2023-08-20 14:25:27 - [MESSAGE][PASSED] - Verify element property value successfully

2023-08-20 14:25:27 - [TEST_STEP][PASSED] - verifyElementPropertyValue(getResponse, "groups[0].pricingPlans[2].pricingPlanData[1].visualElements[0].value", "Apple Pay"): Verify element property value successfully

2023-08-20 14:25:27 - [MESSAGE][PASSED] - Verify element property value successfully

2023-08-20 14:25:27 - [TEST_STEP][PASSED] - verifyElementPropertyValue(getResponse, "groups[0].pricingPlans[2].pricingPlanData[1].visualElements[1].key", "CTA_text"): Verify element property value successfully

2023-08-20 14:25:27 - [MESSAGE][PASSED] - Verify element property value successfully

2023-08-20 14:25:27 - [TEST_STEP][PASSED] - verifyElementPropertyValue(getResponse, "groups[0].pricingPlans[2].pricingPlanData[1].visualElements[1].value", "اشترك"): Verify element property value successfully

2023-08-20 14:25:27 - [MESSAGE][PASSED] - Verify element property value successfully

2023-08-20 14:25:27 - [TEST_STEP][PASSED] - verifyElementPropertyValue(getResponse, "groups[0].pricingPlans[2].pricingPlanData[1].visualElements[2].key", "logo"): Verify element property value successfully

2023-08-20 14:25:27 - [MESSAGE][PASSED] - Verify element property value successfully

2023-08-20 14:25:27 - [TEST_STEP][PASSED] - verifyElementPropertyValue(getResponse, "groups[0].pricingPlans[2].pricingPlanData[1].visualElements[2].value", "https://static.s3.shahid.mbc.net/widget-images/icons/ApplePay_PlanSelectionIcon.svg"): Verify element property value successfully

2023-08-20 14:25:27 - [MESSAGE][PASSED] - Verify element property value successfully

2023-08-20 14:25:27 - [TEST_STEP][PASSED] - verifyElementPropertyValue(getResponse, "groups[0].pricingPlans[2].pricingPlanData[1].priceLabel", "879.99"): Verify element property value successfully

2023-08-20 14:25:27 - [MESSAGE][PASSED] - Verify element property value successfully

2023-08-20 14:25:27 - [TEST_STEP][PASSED] - verifyElementPropertyValue(getResponse, "groups[0].pricingPlans[2].pricingPlanData[1].currencyLabel", "SAR"): Verify element property value successfully

2023-08-20 14:25:27 - [MESSAGE][PASSED] - Verify element property value successfully

2023-08-20 14:25:27 - [TEST_STEP][PASSED] - verifyElementPropertyValue(getResponse, "groups[0].pricingPlans[2].pricingPlanData[1].allowedForAcquisition", "true"): Verify element property value successfully

2023-08-20 14:25:27 - [MESSAGE][PASSED] - Verify element property value successfully

2023-08-20 14:25:27 - [TEST_STEP][PASSED] - verifyElementPropertyValue(getResponse, "visualElements[0].key", "main_CTA_text_1"): Verify element property value successfully

2023-08-20 14:25:27 - [MESSAGE][PASSED] - Verify element property value successfully

2023-08-20 14:25:27 - [TEST_STEP][PASSED] - verifyElementPropertyValue(getResponse, "visualElements[0].value", "شاهد أقوى المسلسلات و الأفلام حصرياً دون توقف"): Verify element property value successfully

2023-08-20 14:25:27 - [MESSAGE][PASSED] - Verify element property value successfully

2023-08-20 14:25:27 - [TEST_STEP][PASSED] - verifyElementPropertyValue(getResponse, "visualElements[2].key", "main_disclaimer_text"): Verify element property value successfully

2023-08-20 14:25:27 - [MESSAGE][PASSED] - Verify element property value successfully

2023-08-20 14:25:27 - [TEST_STEP][PASSED] - verifyElementPropertyValue(getResponse, "visualElements[2].value", "رسوم الاشتراك قد تختلف بناءً على البلد أو طريقة الدفع أو باقة الاشتراك أو الضريبة المضافة أو معامل تحويل العملات والرسوم البنكية. تطبّق الشروط والأحكام."): Verify element property value successfully

2023-08-20 14:25:27 - [MESSAGE][PASSED] - Verify element property value successfully

2023-08-20 14:25:27 - [TEST_STEP][PASSED] - verifyElementPropertyValue(getResponse, "visualElements[4].key", "display_type"): Verify element property value successfully

2023-08-20 14:25:27 - [MESSAGE][PASSED] - Verify element property value successfully

2023-08-20 14:25:27 - [TEST_STEP][PASSED] - verifyElementPropertyValue(getResponse, "visualElements[4].value", "vertical"): Verify element property value successfully

2023-08-20 14:25:27 - [MESSAGE][PASSED] - Verify element property value successfully

2023-08-20 14:25:27 - [TEST_STEP][PASSED] - verifyElementPropertyValue(getResponse, "pages[0].visualElements[0].key", "alternative_payment_title"): Verify element property value successfully

2023-08-20 14:25:27 - [MESSAGE][PASSED] - Verify element property value successfully

2023-08-20 14:25:27 - [TEST_STEP][PASSED] - verifyElementPropertyValue(getResponse, "pages[0].visualElements[0].value", "أو قم باختيار إحدى الطرق البديلة التالية"): Verify element property value successfully

2023-08-20 14:25:27 - [MESSAGE][PASSED] - Verify element property value successfully

2023-08-20 14:25:27 - [TEST_STEP][PASSED] - verifyElementPropertyValue(getResponse, "pages[0].visualElements[1].key", "label_text"): Verify element property value successfully

2023-08-20 14:25:27 - [MESSAGE][PASSED] - Verify element property value successfully

2023-08-20 14:25:27 - [TEST_STEP][PASSED] - verifyElementPropertyValue(getResponse, "pages[0].visualElements[1].value", "طرق الدفع الأخرى"): Verify element property value successfully

2023-08-20 14:25:27 - [MESSAGE][PASSED] - Verify element property value successfully

2023-08-20 14:25:27 - [TEST_STEP][PASSED] - verifyElementPropertyValue(getResponse, "pages[0].visualElements[3].key", "CTA_text"): Verify element property value successfully

2023-08-20 14:25:27 - [MESSAGE][PASSED] - Verify element property value successfully

2023-08-20 14:25:27 - [TEST_STEP][PASSED] - verifyElementPropertyValue(getResponse, "pages[0].visualElements[3].value", "اضغط هنا"): Verify element property value successfully

2023-08-20 14:25:27 - [MESSAGE][PASSED] - Verify element property value successfully

2023-08-20 14:25:27 - [TEST_STEP][PASSED] - verifyElementPropertyValue(getResponse, "pages[0].visualElements[4].key", "main_title"): Verify element property value successfully

2023-08-20 14:25:27 - [MESSAGE][PASSED] - Verify element property value successfully

2023-08-20 14:25:27 - [TEST_STEP][PASSED] - verifyElementPropertyValue(getResponse, "pages[0].visualElements[4].value", "طرق الدفع الأخرى"): Verify element property value successfully

2023-08-20 14:25:27 - [MESSAGE][PASSED] - Verify element property value successfully

2023-08-20 14:25:27 - [TEST_STEP][PASSED] - verifyElementPropertyValue(getResponse, "pages[0].visualElements[6].key", "alternative_payment_methods"): Verify element property value successfully

2023-08-20 14:25:27 - [MESSAGE][PASSED] - Verify element property value successfully

2023-08-20 14:25:27 - [TEST_STEP][PASSED] - verifyElementPropertyValue(getResponse, "pages[0].visualElements[6].value", "يمكنك شراء قسيمة شاهد التسويقية من أي من بائعي التجزئة التاليين"): Verify element property value successfully

2023-08-20 14:25:27 - [MESSAGE][PASSED] - Verify element property value successfully

2023-08-20 14:25:27 - [TEST_STEP][PASSED] - verifyElementPropertyValue(getResponse, "partners[0].name", "STC Pay"): Verify element property value successfully

2023-08-20 14:25:27 - [MESSAGE][PASSED] - Verify element property value successfully

2023-08-20 14:25:27 - [TEST_STEP][PASSED] - verifyElementPropertyValue(getResponse, "partners[0].link", "https://stcpay.com.sa/download/"): Verify element property value successfully

2023-08-20 14:25:27 - [MESSAGE][PASSED] - Verify element property value successfully

2023-08-20 14:25:27 - [TEST_STEP][PASSED] - verifyElementPropertyValue(getResponse, "partners[0].logo", "https://static.s3.shahid.mbc.net/widget-images/logos/stcpay@2x.png"): Verify element property value successfully

2023-08-20 14:25:27 - [MESSAGE][PASSED] - Verify element property value successfully

2023-08-20 14:25:27 - [TEST_STEP][PASSED] - verifyElementPropertyValue(getResponse, "partners[0].visible", "true"): Verify element property value successfully

2023-08-20 14:25:27 - [MESSAGE][PASSED] - Verify element property value successfully

2023-08-20 14:25:27 - [TEST_STEP][PASSED] - verifyElementPropertyValue(getResponse, "partners[0].visualElements[0].key", "text"): Verify element property value successfully

2023-08-20 14:25:27 - [MESSAGE][PASSED] - Verify element property value successfully

2023-08-20 14:25:27 - [TEST_STEP][PASSED] - verifyElementPropertyValue(getResponse, "partners[0].visualElements[0].value", "معلومات إضافية"): Verify element property value successfully

2023-08-20 14:25:27 - [MESSAGE][PASSED] - Verify element property value successfully

2023-08-20 14:25:27 - [TEST_STEP][PASSED] - verifyElementPropertyValue(getResponse, "partners[1].name", "Virgin Megastore"): Verify element property value successfully

2023-08-20 14:25:27 - [MESSAGE][PASSED] - Verify element property value successfully

2023-08-20 14:25:27 - [TEST_STEP][PASSED] - verifyElementPropertyValue(getResponse, "partners[1].link", "https://www.virginmegastore.sa/store-finder"): Verify element property value successfully

2023-08-20 14:25:27 - [MESSAGE][PASSED] - Verify element property value successfully

2023-08-20 14:25:27 - [TEST_STEP][PASSED] - verifyElementPropertyValue(getResponse, "partners[1].logo", "https://static.s3.shahid.mbc.net/widget-images/logos/virgin-megastore@2x.png"): Verify element property value successfully

2023-08-20 14:25:27 - [MESSAGE][PASSED] - Verify element property value successfully

2023-08-20 14:25:27 - [TEST_STEP][PASSED] - verifyElementPropertyValue(getResponse, "partners[1].visible", "true"): Verify element property value successfully

2023-08-20 14:25:27 - [MESSAGE][PASSED] - Verify element property value successfully

2023-08-20 14:25:27 - [TEST_STEP][PASSED] - verifyElementPropertyValue(getResponse, "partners[1].visualElements[0].key", "text"): Verify element property value successfully

2023-08-20 14:25:27 - [MESSAGE][PASSED] - Verify element property value successfully

2023-08-20 14:25:27 - [TEST_STEP][PASSED] - verifyElementPropertyValue(getResponse, "partners[1].visualElements[0].value", "معلومات إضافية"): Verify element property value successfully

2023-08-20 14:25:27 - [MESSAGE][PASSED] - Verify element property value successfully

2023-08-20 14:25:27 - [TEST_STEP][PASSED] - verifyElementPropertyValue(getResponse, "partners[2].name", "Like Card"): Verify element property value successfully

2023-08-20 14:25:27 - [MESSAGE][PASSED] - Verify element property value successfully

2023-08-20 14:25:27 - [TEST_STEP][PASSED] - verifyElementPropertyValue(getResponse, "partners[2].link", "https://like4card.com/All-Shahid_VIP?country_id=2"): Verify element property value successfully

2023-08-20 14:25:27 - [MESSAGE][PASSED] - Verify element property value successfully

2023-08-20 14:25:27 - [TEST_STEP][PASSED] - verifyElementPropertyValue(getResponse, "partners[2].logo", "https://static.s3.shahid.mbc.net/widget-images/logos/likecard@2x.png"): Verify element property value successfully

2023-08-20 14:25:27 - [MESSAGE][PASSED] - Verify element property value successfully

2023-08-20 14:25:27 - [TEST_STEP][PASSED] - verifyElementPropertyValue(getResponse, "partners[2].visible", "true"): Verify element property value successfully

2023-08-20 14:25:27 - [MESSAGE][PASSED] - Verify element property value successfully

2023-08-20 14:25:27 - [TEST_STEP][PASSED] - verifyElementPropertyValue(getResponse, "partners[2].visualElements[0].key", "text"): Verify element property value successfully

2023-08-20 14:25:27 - [MESSAGE][PASSED] - Verify element property value successfully

2023-08-20 14:25:27 - [TEST_STEP][PASSED] - verifyElementPropertyValue(getResponse, "partners[2].visualElements[0].value", "معلومات إضافية"): Verify element property value successfully

2023-08-20 14:25:27 - [MESSAGE][PASSED] - Verify element property value successfully

2023-08-20 14:25:27 - [TEST_STEP][PASSED] - verifyElementPropertyValue(getResponse, "partners[3].name", "You Got a Gift"): Verify element property value successfully

2023-08-20 14:25:27 - [MESSAGE][PASSED] - Verify element property value successfully

2023-08-20 14:25:27 - [TEST_STEP][PASSED] - verifyElementPropertyValue(getResponse, "partners[3].link", "https://yougotagift.com/saudi/gift-card/shahidvip-gift-card-sa/"): Verify element property value successfully

2023-08-20 14:25:27 - [MESSAGE][PASSED] - Verify element property value successfully

2023-08-20 14:25:27 - [TEST_STEP][PASSED] - verifyElementPropertyValue(getResponse, "partners[3].logo", "https://shahid-static.s3.us-east-1.amazonaws.com/widget-images/logos/you-gota-gift.svg"): Verify element property value successfully

2023-08-20 14:25:27 - [MESSAGE][PASSED] - Verify element property value successfully

2023-08-20 14:25:27 - [TEST_STEP][PASSED] - verifyElementPropertyValue(getResponse, "partners[3].visible", "true"): Verify element property value successfully

2023-08-20 14:25:27 - [MESSAGE][PASSED] - Verify element property value successfully

2023-08-20 14:25:27 - [TEST_STEP][PASSED] - verifyElementPropertyValue(getResponse, "partners[3].visualElements[0].key", "text"): Verify element property value successfully

2023-08-20 14:25:27 - [MESSAGE][PASSED] - Verify element property value successfully

2023-08-20 14:25:27 - [TEST_STEP][PASSED] - verifyElementPropertyValue(getResponse, "partners[3].visualElements[0].value", "معلومات إضافية"): Verify element property value successfully

2023-08-20 14:25:27 - [MESSAGE][PASSED] - Verify element property value successfully

2023-08-20 14:25:27 - [TEST_STEP][PASSED] - verifyElementPropertyValue(getResponse, "partners[4].name", "Jarir"): Verify element property value successfully

2023-08-20 14:25:27 - [MESSAGE][PASSED] - Verify element property value successfully

2023-08-20 14:25:27 - [TEST_STEP][PASSED] - verifyElementPropertyValue(getResponse, "partners[4].link", "https://www.jarir.com/catalogsearch/result?search=Shahid"): Verify element property value successfully

2023-08-20 14:25:27 - [MESSAGE][PASSED] - Verify element property value successfully

2023-08-20 14:25:27 - [TEST_STEP][PASSED] - verifyElementPropertyValue(getResponse, "partners[4].logo", "https://shahid-static.s3.us-east-1.amazonaws.com/shahid-subscription-config/Logo_Jarir.png"): Verify element property value successfully

2023-08-20 14:25:27 - [MESSAGE][PASSED] - Verify element property value successfully

2023-08-20 14:25:27 - [TEST_STEP][PASSED] - verifyElementPropertyValue(getResponse, "partners[4].visible", "true"): Verify element property value successfully

2023-08-20 14:25:27 - [MESSAGE][PASSED] - Verify element property value successfully

2023-08-20 14:25:27 - [TEST_STEP][PASSED] - verifyElementPropertyValue(getResponse, "partners[4].visualElements[0].key", "text"): Verify element property value successfully

2023-08-20 14:25:27 - [MESSAGE][PASSED] - Verify element property value successfully

2023-08-20 14:25:27 - [TEST_STEP][PASSED] - verifyElementPropertyValue(getResponse, "partners[4].visualElements[0].value", "معلومات إضافية"): Verify element property value successfully

2023-08-20 14:25:27 - [MESSAGE][PASSED] - Verify element property value successfully

2023-08-20 14:25:27 - [TEST_STEP][PASSED] - verifyElementPropertyValue(getResponse, "partners[5].name", "Tokyo Games"): Verify element property value successfully

2023-08-20 14:25:27 - [MESSAGE][PASSED] - Verify element property value successfully

2023-08-20 14:25:27 - [TEST_STEP][PASSED] - verifyElementPropertyValue(getResponse, "partners[5].link", "https://www.tokyogames.com/en/301-shahid-cards"): Verify element property value successfully

2023-08-20 14:25:27 - [MESSAGE][PASSED] - Verify element property value successfully

2023-08-20 14:25:27 - [TEST_STEP][PASSED] - verifyElementPropertyValue(getResponse, "partners[5].logo", "https://shahid-static.s3.amazonaws.com/widget-images/logos/Logo_Alireza.png"): Verify element property value successfully

2023-08-20 14:25:27 - [MESSAGE][PASSED] - Verify element property value successfully

2023-08-20 14:25:27 - [TEST_STEP][PASSED] - verifyElementPropertyValue(getResponse, "partners[5].visible", "true"): Verify element property value successfully

2023-08-20 14:25:27 - [MESSAGE][PASSED] - Verify element property value successfully

2023-08-20 14:25:27 - [TEST_STEP][PASSED] - verifyElementPropertyValue(getResponse, "partners[5].visualElements[0].key", "text"): Verify element property value successfully

2023-08-20 14:25:27 - [MESSAGE][PASSED] - Verify element property value successfully

2023-08-20 14:25:27 - [TEST_STEP][PASSED] - verifyElementPropertyValue(getResponse, "partners[5].visualElements[0].value", "معلومات إضافية"): Verify element property value successfully

2023-08-20 14:25:27 - [MESSAGE][PASSED] - Verify element property value successfully

2023-08-20 14:25:27 - [TEST_STEP][PASSED] - verifyElementPropertyValue(getResponse, "defaultPackageId", "SHAHID_VIP"): Verify element property value successfully

2023-08-20 14:25:27 - [MESSAGE][PASSED] - Verify element property value successfully]]></system-out>
         <system-err><![CDATA[2023-08-20 14:25:24 - [TEST_CASE][FAILED] - Test Cases/WEB - SAFARI/SAU PI/WEB_AR_getSubscriptionConfigForSAU_GOBX: Test Cases/WEB - SAFARI/SAU PI/WEB_AR_getSubscriptionConfigForSAU_GOBX FAILED.
Reason:
com.kms.katalon.core.exception.StepFailedException: Expected element property value 'شهرياً' is not equal with actual property value 'الاشتراك الشهري'
	at com.kms.katalon.core.keyword.internal.KeywordMain.stepFailed(KeywordMain.groovy:39)
	at com.kms.katalon.core.webservice.keyword.builtin.VerifyElementPropertyValueKeyword$_verifyElementPropertyValue_closure1.doCall(VerifyElementPropertyValueKeyword.groovy:56)
	at com.kms.katalon.core.webservice.keyword.builtin.VerifyElementPropertyValueKeyword$_verifyElementPropertyValue_closure1.call(VerifyElementPropertyValueKeyword.groovy)
	at com.kms.katalon.core.keyword.internal.KeywordMain.runKeyword(KeywordMain.groovy:74)
	at com.kms.katalon.core.webservice.keyword.builtin.VerifyElementPropertyValueKeyword.verifyElementPropertyValue(VerifyElementPropertyValueKeyword.groovy:48)
	at com.kms.katalon.core.webservice.keyword.builtin.VerifyElementPropertyValueKeyword.execute(VerifyElementPropertyValueKeyword.groovy:43)
	at com.kms.katalon.core.keyword.internal.KeywordExecutor.executeKeywordForPlatform(KeywordExecutor.groovy:74)
	at com.kms.katalon.core.webservice.keyword.WSBuiltInKeywords.verifyElementPropertyValue(WSBuiltInKeywords.groovy:190)
	at com.kms.katalon.core.webservice.keyword.WSBuiltInKeywords$verifyElementPropertyValue$1.call(Unknown Source)
	at WEB_AR_getSubscriptionConfigForSAU_GOBX.run(WEB_AR_getSubscriptionConfigForSAU_GOBX:67)
	at com.kms.katalon.core.main.ScriptEngine.run(ScriptEngine.java:194)
	at com.kms.katalon.core.main.ScriptEngine.runScriptAsRawText(ScriptEngine.java:119)
	at com.kms.katalon.core.main.TestCaseExecutor.runScript(TestCaseExecutor.java:448)
	at com.kms.katalon.core.main.TestCaseExecutor.doExecute(TestCaseExecutor.java:439)
	at com.kms.katalon.core.main.TestCaseExecutor.processExecutionPhase(TestCaseExecutor.java:418)
	at com.kms.katalon.core.main.TestCaseExecutor.accessMainPhase(TestCaseExecutor.java:410)
	at com.kms.katalon.core.main.TestCaseExecutor.execute(TestCaseExecutor.java:285)
	at com.kms.katalon.core.common.CommonExecutor.accessTestCaseMainPhase(CommonExecutor.java:65)
	at com.kms.katalon.core.main.TestSuiteExecutor.accessTestSuiteMainPhase(TestSuiteExecutor.java:151)
	at com.kms.katalon.core.main.TestSuiteExecutor.execute(TestSuiteExecutor.java:106)
	at com.kms.katalon.core.main.TestCaseMain.startTestSuite(TestCaseMain.java:185)
	at com.kms.katalon.core.main.TestCaseMain$startTestSuite$0.call(Unknown Source)
	at TempTestSuite1692530449060.run(TempTestSuite1692530449060.groovy:36)]]></system-err>
      </testcase>
      <testcase name="Test Cases/WEB - SAFARI/SAU PI/WEB_EN_getSubscriptionConfigForSAU_Imagine" time="4.136" classname="Test Cases/WEB - SAFARI/SAU PI/WEB_EN_getSubscriptionConfigForSAU_Imagine" status="PASSED">
         <system-out><![CDATA[2023-08-20 14:25:27 - [TEST_CASE][PASSED] - Test Cases/WEB - SAFARI/SAU PI/WEB_EN_getSubscriptionConfigForSAU_Imagine: Test Cases/WEB - SAFARI/SAU PI/WEB_EN_getSubscriptionConfigForSAU_Imagine

2023-08-20 14:25:28 - [TEST_STEP][PASSED] - getResponse = config_files.getConfigFile.getConfig("WEB", "EN", "SHAHID_VIP_GEA", "SA", "true"): config_files.getConfigFile.getConfig is PASSED

2023-08-20 14:25:30 - [MESSAGE][INFO] - HAR: /Users/admin/Desktop/KatalonProjects/Shahid-BYG/Reports/20230820_142039/WEB-SAFARI/SAU/20230820_142049/requests/main/1.har

2023-08-20 14:25:30 - [MESSAGE][PASSED] - Send request successfully

2023-08-20 14:25:30 - [MESSAGE][PASSED] - config_files.getConfigFile.getConfig is PASSED

2023-08-20 14:25:30 - [TEST_STEP][PASSED] - verifyResponseStatusCode(getResponse, 200): Verify response status code successfully

2023-08-20 14:25:30 - [MESSAGE][PASSED] - Verify response status code successfully

2023-08-20 14:25:30 - [TEST_STEP][PASSED] - verifyElementPropertyValue(getResponse, "country", "SAU"): Verify element property value successfully

2023-08-20 14:25:30 - [MESSAGE][PASSED] - Verify element property value successfully

2023-08-20 14:25:30 - [TEST_STEP][PASSED] - verifyElementPropertyValue(getResponse, "platform", "[WEB]"): Verify element property value successfully

2023-08-20 14:25:30 - [MESSAGE][PASSED] - Verify element property value successfully

2023-08-20 14:25:30 - [TEST_STEP][PASSED] - verifyElementPropertyValue(getResponse, "groups[0].pricingPlans[0].featured", "true"): Verify element property value successfully

2023-08-20 14:25:30 - [MESSAGE][PASSED] - Verify element property value successfully

2023-08-20 14:25:30 - [TEST_STEP][PASSED] - verifyElementPropertyValue(getResponse, "groups[0].pricingPlans[0].packageId", "SHAHID_VIP_GEA"): Verify element property value successfully

2023-08-20 14:25:30 - [MESSAGE][PASSED] - Verify element property value successfully

2023-08-20 14:25:30 - [TEST_STEP][PASSED] - verifyElementPropertyValue(getResponse, "groups[0].pricingPlans[0].catalogId", "GEA"): Verify element property value successfully

2023-08-20 14:25:30 - [MESSAGE][PASSED] - Verify element property value successfully

2023-08-20 14:25:30 - [TEST_STEP][PASSED] - verifyElementPropertyValue(getResponse, "groups[0].pricingPlans[0].visualElements[0].key", "Header_1_text"): Verify element property value successfully

2023-08-20 14:25:30 - [MESSAGE][PASSED] - Verify element property value successfully

2023-08-20 14:25:30 - [TEST_STEP][PASSED] - verifyElementPropertyValue(getResponse, "groups[0].pricingPlans[0].visualElements[0].value", "Watch the most powerful series and movies exclusively without stopping"): Verify element property value successfully

2023-08-20 14:25:30 - [MESSAGE][PASSED] - Verify element property value successfully

2023-08-20 14:25:30 - [TEST_STEP][PASSED] - verifyElementPropertyValue(getResponse, "groups[0].pricingPlans[0].visualElements[1].key", "display_title"): Verify element property value successfully

2023-08-20 14:25:30 - [MESSAGE][PASSED] - Verify element property value successfully

2023-08-20 14:25:30 - [TEST_STEP][PASSED] - verifyElementPropertyValue(getResponse, "groups[0].pricingPlans[0].visualElements[1].value", "Monthly Plan"): Verify element property value successfully

2023-08-20 14:25:30 - [MESSAGE][PASSED] - Verify element property value successfully

2023-08-20 14:25:30 - [TEST_STEP][PASSED] - verifyElementPropertyValue(getResponse, "groups[0].pricingPlans[0].visualElements[3].key", "promo_text"): Verify element property value successfully

2023-08-20 14:25:30 - [MESSAGE][PASSED] - Verify element property value successfully

2023-08-20 14:25:30 - [TEST_STEP][PASSED] - verifyElementPropertyValue(getResponse, "groups[0].pricingPlans[0].visualElements[3].value", "49.99 SAR/ month"): Verify element property value successfully

2023-08-20 14:25:30 - [MESSAGE][PASSED] - Verify element property value successfully

2023-08-20 14:25:30 - [TEST_STEP][PASSED] - verifyElementPropertyValue(getResponse, "groups[0].pricingPlans[0].visualElements[4].key", "deduction_text"): Verify element property value successfully

2023-08-20 14:25:30 - [MESSAGE][PASSED] - Verify element property value successfully

2023-08-20 14:25:30 - [TEST_STEP][PASSED] - verifyElementPropertyValue(getResponse, "groups[0].pricingPlans[0].visualElements[4].value", "billed every month"): Verify element property value successfully

2023-08-20 14:25:30 - [MESSAGE][PASSED] - Verify element property value successfully

2023-08-20 14:25:30 - [TEST_STEP][PASSED] - verifyElementPropertyValue(getResponse, "groups[0].pricingPlans[0].visualElements[7].key", "show_payment_logo"): Verify element property value successfully

2023-08-20 14:25:30 - [MESSAGE][PASSED] - Verify element property value successfully

2023-08-20 14:25:30 - [TEST_STEP][PASSED] - verifyElementPropertyValue(getResponse, "groups[0].pricingPlans[0].visualElements[7].value", "true"): Verify element property value successfully

2023-08-20 14:25:30 - [MESSAGE][PASSED] - Verify element property value successfully

2023-08-20 14:25:30 - [TEST_STEP][PASSED] - verifyElementPropertyValue(getResponse, "groups[0].pricingPlans[0].visualElements[8].key", "show_tag"): Verify element property value successfully

2023-08-20 14:25:30 - [MESSAGE][PASSED] - Verify element property value successfully

2023-08-20 14:25:30 - [TEST_STEP][PASSED] - verifyElementPropertyValue(getResponse, "groups[0].pricingPlans[0].visualElements[8].value", "false"): Verify element property value successfully

2023-08-20 14:25:31 - [MESSAGE][PASSED] - Verify element property value successfully

2023-08-20 14:25:31 - [TEST_STEP][PASSED] - verifyElementPropertyValue(getResponse, "groups[0].pricingPlans[0].visualElements[10].key", "price"): Verify element property value successfully

2023-08-20 14:25:31 - [MESSAGE][PASSED] - Verify element property value successfully

2023-08-20 14:25:31 - [TEST_STEP][PASSED] - verifyElementPropertyValue(getResponse, "groups[0].pricingPlans[0].visualElements[10].value", "49.99"): Verify element property value successfully

2023-08-20 14:25:31 - [MESSAGE][PASSED] - Verify element property value successfully

2023-08-20 14:25:31 - [TEST_STEP][PASSED] - verifyElementPropertyValue(getResponse, "groups[0].pricingPlans[0].visualElements[11].key", "currency"): Verify element property value successfully

2023-08-20 14:25:31 - [MESSAGE][PASSED] - Verify element property value successfully

2023-08-20 14:25:31 - [TEST_STEP][PASSED] - verifyElementPropertyValue(getResponse, "groups[0].pricingPlans[0].visualElements[11].value", "SAR"): Verify element property value successfully

2023-08-20 14:25:31 - [MESSAGE][PASSED] - Verify element property value successfully

2023-08-20 14:25:31 - [TEST_STEP][PASSED] - verifyElementPropertyValue(getResponse, "groups[0].pricingPlans[0].visualElements[12].key", "duration"): Verify element property value successfully

2023-08-20 14:25:31 - [MESSAGE][PASSED] - Verify element property value successfully

2023-08-20 14:25:31 - [TEST_STEP][PASSED] - verifyElementPropertyValue(getResponse, "groups[0].pricingPlans[0].visualElements[12].value", "Monthly"): Verify element property value successfully

2023-08-20 14:25:31 - [MESSAGE][PASSED] - Verify element property value successfully

2023-08-20 14:25:31 - [TEST_STEP][PASSED] - verifyElementPropertyValue(getResponse, "groups[0].pricingPlans[0].visualElements[13].key", "featured_tag_text"): Verify element property value successfully

2023-08-20 14:25:31 - [MESSAGE][PASSED] - Verify element property value successfully

2023-08-20 14:25:31 - [TEST_STEP][PASSED] - verifyElementPropertyValue(getResponse, "groups[0].pricingPlans[0].visualElements[13].value", "Most popular"): Verify element property value successfully

2023-08-20 14:25:31 - [MESSAGE][PASSED] - Verify element property value successfully

2023-08-20 14:25:31 - [TEST_STEP][PASSED] - verifyElementPropertyValue(getResponse, "groups[0].pricingPlans[0].order", "6"): Verify element property value successfully

2023-08-20 14:25:31 - [MESSAGE][PASSED] - Verify element property value successfully

2023-08-20 14:25:31 - [TEST_STEP][PASSED] - verifyElementPropertyValue(getResponse, "groups[0].pricingPlans[0].period", "monthly"): Verify element property value successfully

2023-08-20 14:25:31 - [MESSAGE][PASSED] - Verify element property value successfully

2023-08-20 14:25:31 - [TEST_STEP][PASSED] - verifyElementPropertyValue(getResponse, "groups[0].pricingPlans[0].price", "49.99"): Verify element property value successfully

2023-08-20 14:25:31 - [MESSAGE][PASSED] - Verify element property value successfully

2023-08-20 14:25:31 - [TEST_STEP][PASSED] - verifyElementPropertyValue(getResponse, "groups[0].pricingPlans[0].currency", "SAR"): Verify element property value successfully

2023-08-20 14:25:31 - [MESSAGE][PASSED] - Verify element property value successfully

2023-08-20 14:25:31 - [TEST_STEP][PASSED] - verifyElementPropertyValue(getResponse, "groups[0].pricingPlans[0].pricingPlanData[0].productId", "KSA_B2C_SHAHID_VIP_GEA_1M"): Verify element property value successfully

2023-08-20 14:25:31 - [MESSAGE][PASSED] - Verify element property value successfully

2023-08-20 14:25:31 - [TEST_STEP][PASSED] - verifyElementPropertyValue(getResponse, "groups[0].pricingPlans[0].pricingPlanData[0].subPricingPlanIds", "null"): Verify element property value successfully

2023-08-20 14:25:31 - [MESSAGE][PASSED] - Verify element property value successfully

2023-08-20 14:25:31 - [TEST_STEP][PASSED] - verifyElementPropertyValue(getResponse, "groups[0].pricingPlans[0].pricingPlanData[0].paymentMethod", "CREDIT_CARD"): Verify element property value successfully

2023-08-20 14:25:31 - [MESSAGE][PASSED] - Verify element property value successfully

2023-08-20 14:25:31 - [TEST_STEP][PASSED] - verifyElementPropertyValue(getResponse, "groups[0].pricingPlans[0].pricingPlanData[0].freeTrialEnabled", "false"): Verify element property value successfully

2023-08-20 14:25:31 - [MESSAGE][PASSED] - Verify element property value successfully

2023-08-20 14:25:31 - [TEST_STEP][PASSED] - verifyElementPropertyValue(getResponse, "groups[0].pricingPlans[0].pricingPlanData[0].visualElements[0].key", "title"): Verify element property value successfully

2023-08-20 14:25:31 - [MESSAGE][PASSED] - Verify element property value successfully

2023-08-20 14:25:31 - [TEST_STEP][PASSED] - verifyElementPropertyValue(getResponse, "groups[0].pricingPlans[0].pricingPlanData[0].visualElements[0].value", "Credit/Debit Card"): Verify element property value successfully

2023-08-20 14:25:31 - [MESSAGE][PASSED] - Verify element property value successfully

2023-08-20 14:25:31 - [TEST_STEP][PASSED] - verifyElementPropertyValue(getResponse, "groups[0].pricingPlans[0].pricingPlanData[0].visualElements[1].key", "CTA_text"): Verify element property value successfully

2023-08-20 14:25:31 - [MESSAGE][PASSED] - Verify element property value successfully

2023-08-20 14:25:31 - [TEST_STEP][PASSED] - verifyElementPropertyValue(getResponse, "groups[0].pricingPlans[0].pricingPlanData[0].visualElements[1].value", "Subscribe"): Verify element property value successfully

2023-08-20 14:25:31 - [MESSAGE][PASSED] - Verify element property value successfully

2023-08-20 14:25:31 - [TEST_STEP][PASSED] - verifyElementPropertyValue(getResponse, "groups[0].pricingPlans[0].pricingPlanData[0].visualElements[2].key", "logo"): Verify element property value successfully

2023-08-20 14:25:31 - [MESSAGE][PASSED] - Verify element property value successfully

2023-08-20 14:25:31 - [TEST_STEP][PASSED] - verifyElementPropertyValue(getResponse, "groups[0].pricingPlans[0].pricingPlanData[0].visualElements[2].value", "https://static.s3.shahid.mbc.net/widget-images/icons/iconCreditCard.png"): Verify element property value successfully

2023-08-20 14:25:31 - [MESSAGE][PASSED] - Verify element property value successfully

2023-08-20 14:25:31 - [TEST_STEP][PASSED] - verifyElementPropertyValue(getResponse, "groups[0].pricingPlans[0].pricingPlanData[0].priceLabel", "49.99"): Verify element property value successfully

2023-08-20 14:25:31 - [MESSAGE][PASSED] - Verify element property value successfully

2023-08-20 14:25:31 - [TEST_STEP][PASSED] - verifyElementPropertyValue(getResponse, "groups[0].pricingPlans[0].pricingPlanData[0].currencyLabel", "SAR"): Verify element property value successfully

2023-08-20 14:25:31 - [MESSAGE][PASSED] - Verify element property value successfully

2023-08-20 14:25:31 - [TEST_STEP][PASSED] - verifyElementPropertyValue(getResponse, "groups[0].pricingPlans[0].pricingPlanData[1].productId", "KSA_B2C_SHAHID_VIP_GEA_1M"): Verify element property value successfully

2023-08-20 14:25:31 - [MESSAGE][PASSED] - Verify element property value successfully

2023-08-20 14:25:31 - [TEST_STEP][PASSED] - verifyElementPropertyValue(getResponse, "groups[0].pricingPlans[0].pricingPlanData[1].subPricingPlanIds", "null"): Verify element property value successfully

2023-08-20 14:25:31 - [MESSAGE][PASSED] - Verify element property value successfully

2023-08-20 14:25:31 - [TEST_STEP][PASSED] - verifyElementPropertyValue(getResponse, "groups[0].pricingPlans[0].pricingPlanData[1].paymentMethod", "APPLE_PAY"): Verify element property value successfully

2023-08-20 14:25:31 - [MESSAGE][PASSED] - Verify element property value successfully

2023-08-20 14:25:31 - [TEST_STEP][PASSED] - verifyElementPropertyValue(getResponse, "groups[0].pricingPlans[0].pricingPlanData[1].freeTrialEnabled", "false"): Verify element property value successfully

2023-08-20 14:25:31 - [MESSAGE][PASSED] - Verify element property value successfully

2023-08-20 14:25:31 - [TEST_STEP][PASSED] - verifyElementPropertyValue(getResponse, "groups[0].pricingPlans[0].pricingPlanData[1].visualElements[0].key", "title"): Verify element property value successfully

2023-08-20 14:25:31 - [MESSAGE][PASSED] - Verify element property value successfully

2023-08-20 14:25:31 - [TEST_STEP][PASSED] - verifyElementPropertyValue(getResponse, "groups[0].pricingPlans[0].pricingPlanData[1].visualElements[0].value", "Apple Pay"): Verify element property value successfully

2023-08-20 14:25:31 - [MESSAGE][PASSED] - Verify element property value successfully

2023-08-20 14:25:31 - [TEST_STEP][PASSED] - verifyElementPropertyValue(getResponse, "groups[0].pricingPlans[0].pricingPlanData[1].visualElements[1].key", "CTA_text"): Verify element property value successfully

2023-08-20 14:25:31 - [MESSAGE][PASSED] - Verify element property value successfully

2023-08-20 14:25:31 - [TEST_STEP][PASSED] - verifyElementPropertyValue(getResponse, "groups[0].pricingPlans[0].pricingPlanData[1].visualElements[1].value", "Subscribe"): Verify element property value successfully

2023-08-20 14:25:31 - [MESSAGE][PASSED] - Verify element property value successfully

2023-08-20 14:25:31 - [TEST_STEP][PASSED] - verifyElementPropertyValue(getResponse, "groups[0].pricingPlans[0].pricingPlanData[1].visualElements[2].key", "logo"): Verify element property value successfully

2023-08-20 14:25:31 - [MESSAGE][PASSED] - Verify element property value successfully

2023-08-20 14:25:31 - [TEST_STEP][PASSED] - verifyElementPropertyValue(getResponse, "groups[0].pricingPlans[0].pricingPlanData[1].visualElements[2].value", "https://static.s3.shahid.mbc.net/widget-images/icons/ApplePay_PlanSelectionIcon.svg"): Verify element property value successfully

2023-08-20 14:25:31 - [MESSAGE][PASSED] - Verify element property value successfully

2023-08-20 14:25:31 - [TEST_STEP][PASSED] - verifyElementPropertyValue(getResponse, "groups[0].pricingPlans[0].pricingPlanData[1].priceLabel", "49.99"): Verify element property value successfully

2023-08-20 14:25:31 - [MESSAGE][PASSED] - Verify element property value successfully

2023-08-20 14:25:31 - [TEST_STEP][PASSED] - verifyElementPropertyValue(getResponse, "groups[0].pricingPlans[0].pricingPlanData[1].currencyLabel", "SAR"): Verify element property value successfully

2023-08-20 14:25:31 - [MESSAGE][PASSED] - Verify element property value successfully

2023-08-20 14:25:31 - [TEST_STEP][PASSED] - verifyElementPropertyValue(getResponse, "groups[0].pricingPlans[0].pricingPlanData[2].pricingPlanId", "TPay_Zain_SA"): Verify element property value successfully

2023-08-20 14:25:31 - [MESSAGE][PASSED] - Verify element property value successfully

2023-08-20 14:25:31 - [TEST_STEP][PASSED] - verifyElementPropertyValue(getResponse, "groups[0].pricingPlans[0].pricingPlanData[2].productId", "KSA_B2C_SHAHID_VIP_GEA_1M"): Verify element property value successfully

2023-08-20 14:25:31 - [MESSAGE][PASSED] - Verify element property value successfully

2023-08-20 14:25:31 - [TEST_STEP][PASSED] - verifyElementPropertyValue(getResponse, "groups[0].pricingPlans[0].pricingPlanData[2].subPricingPlanIds[0]", "42004"): Verify element property value successfully

2023-08-20 14:25:31 - [MESSAGE][PASSED] - Verify element property value successfully

2023-08-20 14:25:31 - [TEST_STEP][PASSED] - verifyElementPropertyValue(getResponse, "groups[0].pricingPlans[0].pricingPlanData[2].paymentMethod", "MOBILE_PAY"): Verify element property value successfully

2023-08-20 14:25:31 - [MESSAGE][PASSED] - Verify element property value successfully

2023-08-20 14:25:31 - [TEST_STEP][PASSED] - verifyElementPropertyValue(getResponse, "groups[0].pricingPlans[0].pricingPlanData[2].freeTrialEnabled", "false"): Verify element property value successfully

2023-08-20 14:25:31 - [MESSAGE][PASSED] - Verify element property value successfully

2023-08-20 14:25:31 - [TEST_STEP][PASSED] - verifyElementPropertyValue(getResponse, "groups[0].pricingPlans[0].pricingPlanData[2].showIn[0]", "VERTICAL_MODE"): Verify element property value successfully

2023-08-20 14:25:31 - [MESSAGE][PASSED] - Verify element property value successfully

2023-08-20 14:25:31 - [TEST_STEP][PASSED] - verifyElementPropertyValue(getResponse, "groups[0].pricingPlans[0].pricingPlanData[2].showIn[1]", "HORIZONTAL_MODE"): Verify element property value successfully

2023-08-20 14:25:31 - [MESSAGE][PASSED] - Verify element property value successfully

2023-08-20 14:25:31 - [TEST_STEP][PASSED] - verifyElementPropertyValue(getResponse, "groups[0].pricingPlans[0].pricingPlanData[2].visualElements[0].key", "payment_option_group"): Verify element property value successfully

2023-08-20 14:25:31 - [MESSAGE][PASSED] - Verify element property value successfully

2023-08-20 14:25:31 - [TEST_STEP][PASSED] - verifyElementPropertyValue(getResponse, "groups[0].pricingPlans[0].pricingPlanData[2].visualElements[0].value", "true"): Verify element property value successfully

2023-08-20 14:25:31 - [MESSAGE][PASSED] - Verify element property value successfully

2023-08-20 14:25:31 - [TEST_STEP][PASSED] - verifyElementPropertyValue(getResponse, "groups[0].pricingPlans[0].pricingPlanData[2].visualElements[1].key", "title"): Verify element property value successfully

2023-08-20 14:25:31 - [MESSAGE][PASSED] - Verify element property value successfully

2023-08-20 14:25:31 - [TEST_STEP][PASSED] - verifyElementPropertyValue(getResponse, "groups[0].pricingPlans[0].pricingPlanData[2].visualElements[1].value", "Mobile Payment"): Verify element property value successfully

2023-08-20 14:25:31 - [MESSAGE][PASSED] - Verify element property value successfully

2023-08-20 14:25:31 - [TEST_STEP][PASSED] - verifyElementPropertyValue(getResponse, "groups[0].pricingPlans[0].pricingPlanData[2].visualElements[2].key", "CTA_text"): Verify element property value successfully

2023-08-20 14:25:31 - [MESSAGE][PASSED] - Verify element property value successfully

2023-08-20 14:25:31 - [TEST_STEP][PASSED] - verifyElementPropertyValue(getResponse, "groups[0].pricingPlans[0].pricingPlanData[2].visualElements[2].value", "Subscribe"): Verify element property value successfully

2023-08-20 14:25:31 - [MESSAGE][PASSED] - Verify element property value successfully

2023-08-20 14:25:31 - [TEST_STEP][PASSED] - verifyElementPropertyValue(getResponse, "groups[0].pricingPlans[0].pricingPlanData[2].visualElements[3].key", "logo"): Verify element property value successfully

2023-08-20 14:25:31 - [MESSAGE][PASSED] - Verify element property value successfully

2023-08-20 14:25:31 - [TEST_STEP][PASSED] - verifyElementPropertyValue(getResponse, "groups[0].pricingPlans[0].pricingPlanData[2].visualElements[3].value", "https://static.s3.shahid.mbc.net/widget-images/icons/iconMobile.png"): Verify element property value successfully

2023-08-20 14:25:31 - [MESSAGE][PASSED] - Verify element property value successfully

2023-08-20 14:25:31 - [TEST_STEP][PASSED] - verifyElementPropertyValue(getResponse, "groups[0].pricingPlans[0].pricingPlanData[2].priceLabel", "49.99"): Verify element property value successfully

2023-08-20 14:25:31 - [MESSAGE][PASSED] - Verify element property value successfully

2023-08-20 14:25:31 - [TEST_STEP][PASSED] - verifyElementPropertyValue(getResponse, "groups[0].pricingPlans[0].pricingPlanData[2].currencyLabel", "SAR"): Verify element property value successfully

2023-08-20 14:25:31 - [MESSAGE][PASSED] - Verify element property value successfully

2023-08-20 14:25:31 - [TEST_STEP][PASSED] - verifyElementPropertyValue(getResponse, "groups[0].pricingPlans[0].pricingPlanData[2].allowedForAcquisition", "true"): Verify element property value successfully

2023-08-20 14:25:31 - [MESSAGE][PASSED] - Verify element property value successfully

2023-08-20 14:25:31 - [TEST_STEP][PASSED] - verifyElementPropertyValue(getResponse, "groups[0].pricingPlans[0].pricingPlanData[3].pricingPlanId", "TPay_Mobily_SA"): Verify element property value successfully

2023-08-20 14:25:31 - [MESSAGE][PASSED] - Verify element property value successfully

2023-08-20 14:25:31 - [TEST_STEP][PASSED] - verifyElementPropertyValue(getResponse, "groups[0].pricingPlans[0].pricingPlanData[3].productId", "KSA_B2C_SHAHID_VIP_GEA_1M"): Verify element property value successfully

2023-08-20 14:25:31 - [MESSAGE][PASSED] - Verify element property value successfully

2023-08-20 14:25:31 - [TEST_STEP][PASSED] - verifyElementPropertyValue(getResponse, "groups[0].pricingPlans[0].pricingPlanData[3].subPricingPlanIds[0]", "42003"): Verify element property value successfully

2023-08-20 14:25:31 - [MESSAGE][PASSED] - Verify element property value successfully

2023-08-20 14:25:31 - [TEST_STEP][PASSED] - verifyElementPropertyValue(getResponse, "groups[0].pricingPlans[0].pricingPlanData[3].paymentMethod", "MOBILE_PAY"): Verify element property value successfully

2023-08-20 14:25:31 - [MESSAGE][PASSED] - Verify element property value successfully

2023-08-20 14:25:31 - [TEST_STEP][PASSED] - verifyElementPropertyValue(getResponse, "groups[0].pricingPlans[0].pricingPlanData[3].freeTrialEnabled", "false"): Verify element property value successfully

2023-08-20 14:25:31 - [MESSAGE][PASSED] - Verify element property value successfully

2023-08-20 14:25:31 - [TEST_STEP][PASSED] - verifyElementPropertyValue(getResponse, "groups[0].pricingPlans[0].pricingPlanData[3].priceLabel", "49.99"): Verify element property value successfully

2023-08-20 14:25:31 - [MESSAGE][PASSED] - Verify element property value successfully

2023-08-20 14:25:31 - [TEST_STEP][PASSED] - verifyElementPropertyValue(getResponse, "groups[0].pricingPlans[0].pricingPlanData[3].currencyLabel", "SAR"): Verify element property value successfully

2023-08-20 14:25:31 - [MESSAGE][PASSED] - Verify element property value successfully

2023-08-20 14:25:31 - [TEST_STEP][PASSED] - verifyElementPropertyValue(getResponse, "groups[0].pricingPlans[0].pricingPlanData[3].allowedForAcquisition", "true"): Verify element property value successfully

2023-08-20 14:25:31 - [MESSAGE][PASSED] - Verify element property value successfully

2023-08-20 14:25:31 - [TEST_STEP][PASSED] - verifyElementPropertyValue(getResponse, "groups[0].pricingPlans[0].pricingPlanData[4].pricingPlanId", "TPay_STC_SA"): Verify element property value successfully

2023-08-20 14:25:31 - [MESSAGE][PASSED] - Verify element property value successfully

2023-08-20 14:25:31 - [TEST_STEP][PASSED] - verifyElementPropertyValue(getResponse, "groups[0].pricingPlans[0].pricingPlanData[4].productId", "KSA_B2C_SHAHID_VIP_GEA_1M"): Verify element property value successfully

2023-08-20 14:25:31 - [MESSAGE][PASSED] - Verify element property value successfully

2023-08-20 14:25:31 - [TEST_STEP][PASSED] - verifyElementPropertyValue(getResponse, "groups[0].pricingPlans[0].pricingPlanData[4].subPricingPlanIds[0]", "42001"): Verify element property value successfully

2023-08-20 14:25:31 - [MESSAGE][PASSED] - Verify element property value successfully

2023-08-20 14:25:31 - [TEST_STEP][PASSED] - verifyElementPropertyValue(getResponse, "groups[0].pricingPlans[0].pricingPlanData[4].paymentMethod", "MOBILE_PAY"): Verify element property value successfully

2023-08-20 14:25:31 - [MESSAGE][PASSED] - Verify element property value successfully

2023-08-20 14:25:31 - [TEST_STEP][PASSED] - verifyElementPropertyValue(getResponse, "groups[0].pricingPlans[0].pricingPlanData[4].freeTrialEnabled", "false"): Verify element property value successfully

2023-08-20 14:25:31 - [MESSAGE][PASSED] - Verify element property value successfully

2023-08-20 14:25:31 - [TEST_STEP][PASSED] - verifyElementPropertyValue(getResponse, "groups[0].pricingPlans[0].pricingPlanData[4].priceLabel", "49.99"): Verify element property value successfully

2023-08-20 14:25:31 - [MESSAGE][PASSED] - Verify element property value successfully

2023-08-20 14:25:31 - [TEST_STEP][PASSED] - verifyElementPropertyValue(getResponse, "groups[0].pricingPlans[0].pricingPlanData[4].currencyLabel", "SAR"): Verify element property value successfully

2023-08-20 14:25:31 - [MESSAGE][PASSED] - Verify element property value successfully

2023-08-20 14:25:31 - [TEST_STEP][PASSED] - verifyElementPropertyValue(getResponse, "groups[0].pricingPlans[0].pricingPlanData[4].allowedForAcquisition", "true"): Verify element property value successfully

2023-08-20 14:25:31 - [MESSAGE][PASSED] - Verify element property value successfully

2023-08-20 14:25:31 - [TEST_STEP][PASSED] - verifyElementPropertyValue(getResponse, "groups[0].pricingPlans[2].featured", "false"): Verify element property value successfully

2023-08-20 14:25:31 - [MESSAGE][PASSED] - Verify element property value successfully

2023-08-20 14:25:31 - [TEST_STEP][PASSED] - verifyElementPropertyValue(getResponse, "groups[0].pricingPlans[2].packageId", "SHAHID_VIP_GEA"): Verify element property value successfully

2023-08-20 14:25:31 - [MESSAGE][PASSED] - Verify element property value successfully

2023-08-20 14:25:31 - [TEST_STEP][PASSED] - verifyElementPropertyValue(getResponse, "groups[0].pricingPlans[2].catalogId", "GEA"): Verify element property value successfully

2023-08-20 14:25:31 - [MESSAGE][PASSED] - Verify element property value successfully

2023-08-20 14:25:31 - [TEST_STEP][PASSED] - verifyElementPropertyValue(getResponse, "groups[0].pricingPlans[2].visualElements[0].key", "Header_1_text"): Verify element property value successfully

2023-08-20 14:25:31 - [MESSAGE][PASSED] - Verify element property value successfully

2023-08-20 14:25:31 - [TEST_STEP][PASSED] - verifyElementPropertyValue(getResponse, "groups[0].pricingPlans[2].visualElements[0].value", "Watch the most powerful series and movies exclusively without stopping"): Verify element property value successfully

2023-08-20 14:25:31 - [MESSAGE][PASSED] - Verify element property value successfully

2023-08-20 14:25:31 - [TEST_STEP][PASSED] - verifyElementPropertyValue(getResponse, "groups[0].pricingPlans[2].visualElements[1].key", "display_title"): Verify element property value successfully

2023-08-20 14:25:31 - [MESSAGE][PASSED] - Verify element property value successfully

2023-08-20 14:25:31 - [TEST_STEP][PASSED] - verifyElementPropertyValue(getResponse, "groups[0].pricingPlans[2].visualElements[1].value", "Annual Plan"): Verify element property value successfully

2023-08-20 14:25:31 - [MESSAGE][PASSED] - Verify element property value successfully

2023-08-20 14:25:31 - [TEST_STEP][PASSED] - verifyElementPropertyValue(getResponse, "groups[0].pricingPlans[2].visualElements[2].key", "tag_text"): Verify element property value successfully

2023-08-20 14:25:31 - [MESSAGE][PASSED] - Verify element property value successfully

2023-08-20 14:25:31 - [TEST_STEP][PASSED] - verifyElementPropertyValue(getResponse, "groups[0].pricingPlans[2].visualElements[2].value", "Save 23%"): Verify element property value successfully

2023-08-20 14:25:31 - [MESSAGE][PASSED] - Verify element property value successfully

2023-08-20 14:25:31 - [TEST_STEP][PASSED] - verifyElementPropertyValue(getResponse, "groups[0].pricingPlans[2].visualElements[3].key", "promo_text"): Verify element property value successfully

2023-08-20 14:25:31 - [MESSAGE][PASSED] - Verify element property value successfully

2023-08-20 14:25:31 - [TEST_STEP][PASSED] - verifyElementPropertyValue(getResponse, "groups[0].pricingPlans[2].visualElements[3].value", "38.33 SAR / month"): Verify element property value successfully

2023-08-20 14:25:31 - [MESSAGE][PASSED] - Verify element property value successfully

2023-08-20 14:25:31 - [TEST_STEP][PASSED] - verifyElementPropertyValue(getResponse, "groups[0].pricingPlans[2].visualElements[4].key", "deduction_text"): Verify element property value successfully

2023-08-20 14:25:31 - [MESSAGE][PASSED] - Verify element property value successfully

2023-08-20 14:25:31 - [TEST_STEP][PASSED] - verifyElementPropertyValue(getResponse, "groups[0].pricingPlans[2].visualElements[4].value", "459.99 SAR billed every year"): Verify element property value successfully

2023-08-20 14:25:31 - [MESSAGE][PASSED] - Verify element property value successfully

2023-08-20 14:25:31 - [TEST_STEP][PASSED] - verifyElementPropertyValue(getResponse, "groups[0].pricingPlans[2].visualElements[7].key", "show_payment_logo"): Verify element property value successfully

2023-08-20 14:25:31 - [MESSAGE][PASSED] - Verify element property value successfully

2023-08-20 14:25:31 - [TEST_STEP][PASSED] - verifyElementPropertyValue(getResponse, "groups[0].pricingPlans[2].visualElements[7].value", "true"): Verify element property value successfully

2023-08-20 14:25:31 - [MESSAGE][PASSED] - Verify element property value successfully

2023-08-20 14:25:31 - [TEST_STEP][PASSED] - verifyElementPropertyValue(getResponse, "groups[0].pricingPlans[2].visualElements[8].key", "show_tag"): Verify element property value successfully

2023-08-20 14:25:31 - [MESSAGE][PASSED] - Verify element property value successfully

2023-08-20 14:25:31 - [TEST_STEP][PASSED] - verifyElementPropertyValue(getResponse, "groups[0].pricingPlans[2].visualElements[8].value", "true"): Verify element property value successfully

2023-08-20 14:25:31 - [MESSAGE][PASSED] - Verify element property value successfully

2023-08-20 14:25:31 - [TEST_STEP][PASSED] - verifyElementPropertyValue(getResponse, "groups[0].pricingPlans[2].visualElements[10].key", "price"): Verify element property value successfully

2023-08-20 14:25:31 - [MESSAGE][PASSED] - Verify element property value successfully

2023-08-20 14:25:31 - [TEST_STEP][PASSED] - verifyElementPropertyValue(getResponse, "groups[0].pricingPlans[2].visualElements[10].value", "459.99"): Verify element property value successfully

2023-08-20 14:25:31 - [MESSAGE][PASSED] - Verify element property value successfully

2023-08-20 14:25:31 - [TEST_STEP][PASSED] - verifyElementPropertyValue(getResponse, "groups[0].pricingPlans[2].visualElements[11].key", "currency"): Verify element property value successfully

2023-08-20 14:25:31 - [MESSAGE][PASSED] - Verify element property value successfully

2023-08-20 14:25:31 - [TEST_STEP][PASSED] - verifyElementPropertyValue(getResponse, "groups[0].pricingPlans[2].visualElements[11].value", "SAR"): Verify element property value successfully

2023-08-20 14:25:31 - [MESSAGE][PASSED] - Verify element property value successfully

2023-08-20 14:25:31 - [TEST_STEP][PASSED] - verifyElementPropertyValue(getResponse, "groups[0].pricingPlans[2].visualElements[12].key", "duration"): Verify element property value successfully

2023-08-20 14:25:31 - [MESSAGE][PASSED] - Verify element property value successfully

2023-08-20 14:25:31 - [TEST_STEP][PASSED] - verifyElementPropertyValue(getResponse, "groups[0].pricingPlans[2].visualElements[12].value", "yearly"): Verify element property value successfully

2023-08-20 14:25:31 - [MESSAGE][PASSED] - Verify element property value successfully

2023-08-20 14:25:31 - [TEST_STEP][PASSED] - verifyElementPropertyValue(getResponse, "groups[0].pricingPlans[2].order", "8"): Verify element property value successfully

2023-08-20 14:25:31 - [MESSAGE][PASSED] - Verify element property value successfully

2023-08-20 14:25:31 - [TEST_STEP][PASSED] - verifyElementPropertyValue(getResponse, "groups[0].pricingPlans[2].period", "yearly"): Verify element property value successfully

2023-08-20 14:25:31 - [MESSAGE][PASSED] - Verify element property value successfully

2023-08-20 14:25:31 - [TEST_STEP][PASSED] - verifyElementPropertyValue(getResponse, "groups[0].pricingPlans[2].price", "459.99"): Verify element property value successfully

2023-08-20 14:25:31 - [MESSAGE][PASSED] - Verify element property value successfully

2023-08-20 14:25:31 - [TEST_STEP][PASSED] - verifyElementPropertyValue(getResponse, "groups[0].pricingPlans[2].currency", "SAR"): Verify element property value successfully

2023-08-20 14:25:31 - [MESSAGE][PASSED] - Verify element property value successfully

2023-08-20 14:25:31 - [TEST_STEP][PASSED] - verifyElementPropertyValue(getResponse, "groups[0].pricingPlans[2].pricingPlanData[0].productId", "KSA_B2C_SHAHID_VIP_GEA_12M"): Verify element property value successfully

2023-08-20 14:25:31 - [MESSAGE][PASSED] - Verify element property value successfully

2023-08-20 14:25:31 - [TEST_STEP][PASSED] - verifyElementPropertyValue(getResponse, "groups[0].pricingPlans[2].pricingPlanData[0].subPricingPlanIds", "null"): Verify element property value successfully

2023-08-20 14:25:31 - [MESSAGE][PASSED] - Verify element property value successfully

2023-08-20 14:25:31 - [TEST_STEP][PASSED] - verifyElementPropertyValue(getResponse, "groups[0].pricingPlans[2].pricingPlanData[0].paymentMethod", "CREDIT_CARD"): Verify element property value successfully

2023-08-20 14:25:31 - [MESSAGE][PASSED] - Verify element property value successfully

2023-08-20 14:25:31 - [TEST_STEP][PASSED] - verifyElementPropertyValue(getResponse, "groups[0].pricingPlans[2].pricingPlanData[0].freeTrialEnabled", "false"): Verify element property value successfully

2023-08-20 14:25:31 - [MESSAGE][PASSED] - Verify element property value successfully

2023-08-20 14:25:31 - [TEST_STEP][PASSED] - verifyElementPropertyValue(getResponse, "groups[0].pricingPlans[2].pricingPlanData[0].visualElements[0].key", "title"): Verify element property value successfully

2023-08-20 14:25:31 - [MESSAGE][PASSED] - Verify element property value successfully

2023-08-20 14:25:31 - [TEST_STEP][PASSED] - verifyElementPropertyValue(getResponse, "groups[0].pricingPlans[2].pricingPlanData[0].visualElements[0].value", "Credit/Debit Card"): Verify element property value successfully

2023-08-20 14:25:31 - [MESSAGE][PASSED] - Verify element property value successfully

2023-08-20 14:25:31 - [TEST_STEP][PASSED] - verifyElementPropertyValue(getResponse, "groups[0].pricingPlans[2].pricingPlanData[0].visualElements[1].key", "CTA_text"): Verify element property value successfully

2023-08-20 14:25:31 - [MESSAGE][PASSED] - Verify element property value successfully

2023-08-20 14:25:31 - [TEST_STEP][PASSED] - verifyElementPropertyValue(getResponse, "groups[0].pricingPlans[2].pricingPlanData[0].visualElements[1].value", "Subscribe"): Verify element property value successfully

2023-08-20 14:25:31 - [MESSAGE][PASSED] - Verify element property value successfully

2023-08-20 14:25:31 - [TEST_STEP][PASSED] - verifyElementPropertyValue(getResponse, "groups[0].pricingPlans[2].pricingPlanData[0].visualElements[2].key", "logo"): Verify element property value successfully

2023-08-20 14:25:31 - [MESSAGE][PASSED] - Verify element property value successfully

2023-08-20 14:25:31 - [TEST_STEP][PASSED] - verifyElementPropertyValue(getResponse, "groups[0].pricingPlans[2].pricingPlanData[0].visualElements[2].value", "https://static.s3.shahid.mbc.net/widget-images/icons/iconCreditCard.png"): Verify element property value successfully

2023-08-20 14:25:31 - [MESSAGE][PASSED] - Verify element property value successfully

2023-08-20 14:25:31 - [TEST_STEP][PASSED] - verifyElementPropertyValue(getResponse, "groups[0].pricingPlans[2].pricingPlanData[0].priceLabel", "459.99"): Verify element property value successfully

2023-08-20 14:25:31 - [MESSAGE][PASSED] - Verify element property value successfully

2023-08-20 14:25:31 - [TEST_STEP][PASSED] - verifyElementPropertyValue(getResponse, "groups[0].pricingPlans[2].pricingPlanData[0].currencyLabel", "SAR"): Verify element property value successfully

2023-08-20 14:25:31 - [MESSAGE][PASSED] - Verify element property value successfully

2023-08-20 14:25:31 - [TEST_STEP][PASSED] - verifyElementPropertyValue(getResponse, "groups[0].pricingPlans[2].pricingPlanData[0].allowedForAcquisition", "true"): Verify element property value successfully

2023-08-20 14:25:31 - [MESSAGE][PASSED] - Verify element property value successfully

2023-08-20 14:25:31 - [TEST_STEP][PASSED] - verifyElementPropertyValue(getResponse, "groups[0].pricingPlans[2].pricingPlanData[0].showIn[0]", "VERTICAL_MODE"): Verify element property value successfully

2023-08-20 14:25:31 - [MESSAGE][PASSED] - Verify element property value successfully

2023-08-20 14:25:31 - [TEST_STEP][PASSED] - verifyElementPropertyValue(getResponse, "groups[0].pricingPlans[2].pricingPlanData[0].showIn[1]", "HORIZONTAL_MODE"): Verify element property value successfully

2023-08-20 14:25:31 - [MESSAGE][PASSED] - Verify element property value successfully

2023-08-20 14:25:31 - [TEST_STEP][PASSED] - verifyElementPropertyValue(getResponse, "groups[0].pricingPlans[2].pricingPlanData[1].productId", "KSA_B2C_SHAHID_VIP_GEA_12M"): Verify element property value successfully

2023-08-20 14:25:31 - [MESSAGE][PASSED] - Verify element property value successfully

2023-08-20 14:25:31 - [TEST_STEP][PASSED] - verifyElementPropertyValue(getResponse, "groups[0].pricingPlans[2].pricingPlanData[1].subPricingPlanIds", "null"): Verify element property value successfully

2023-08-20 14:25:31 - [MESSAGE][PASSED] - Verify element property value successfully

2023-08-20 14:25:31 - [TEST_STEP][PASSED] - verifyElementPropertyValue(getResponse, "groups[0].pricingPlans[2].pricingPlanData[1].paymentMethod", "APPLE_PAY"): Verify element property value successfully

2023-08-20 14:25:31 - [MESSAGE][PASSED] - Verify element property value successfully

2023-08-20 14:25:31 - [TEST_STEP][PASSED] - verifyElementPropertyValue(getResponse, "groups[0].pricingPlans[2].pricingPlanData[1].freeTrialEnabled", "false"): Verify element property value successfully

2023-08-20 14:25:31 - [MESSAGE][PASSED] - Verify element property value successfully

2023-08-20 14:25:31 - [TEST_STEP][PASSED] - verifyElementPropertyValue(getResponse, "groups[0].pricingPlans[2].pricingPlanData[1].visualElements[0].key", "title"): Verify element property value successfully

2023-08-20 14:25:31 - [MESSAGE][PASSED] - Verify element property value successfully

2023-08-20 14:25:31 - [TEST_STEP][PASSED] - verifyElementPropertyValue(getResponse, "groups[0].pricingPlans[2].pricingPlanData[1].visualElements[0].value", "Apple Pay"): Verify element property value successfully

2023-08-20 14:25:31 - [MESSAGE][PASSED] - Verify element property value successfully

2023-08-20 14:25:31 - [TEST_STEP][PASSED] - verifyElementPropertyValue(getResponse, "groups[0].pricingPlans[2].pricingPlanData[1].visualElements[1].key", "CTA_text"): Verify element property value successfully

2023-08-20 14:25:31 - [MESSAGE][PASSED] - Verify element property value successfully

2023-08-20 14:25:31 - [TEST_STEP][PASSED] - verifyElementPropertyValue(getResponse, "groups[0].pricingPlans[2].pricingPlanData[1].visualElements[1].value", "Subscribe"): Verify element property value successfully

2023-08-20 14:25:31 - [MESSAGE][PASSED] - Verify element property value successfully

2023-08-20 14:25:31 - [TEST_STEP][PASSED] - verifyElementPropertyValue(getResponse, "groups[0].pricingPlans[2].pricingPlanData[1].visualElements[2].key", "logo"): Verify element property value successfully

2023-08-20 14:25:31 - [MESSAGE][PASSED] - Verify element property value successfully

2023-08-20 14:25:31 - [TEST_STEP][PASSED] - verifyElementPropertyValue(getResponse, "groups[0].pricingPlans[2].pricingPlanData[1].visualElements[2].value", "https://static.s3.shahid.mbc.net/widget-images/icons/ApplePay_PlanSelectionIcon.svg"): Verify element property value successfully

2023-08-20 14:25:32 - [MESSAGE][PASSED] - Verify element property value successfully

2023-08-20 14:25:32 - [TEST_STEP][PASSED] - verifyElementPropertyValue(getResponse, "groups[0].pricingPlans[2].pricingPlanData[1].priceLabel", "459.99"): Verify element property value successfully

2023-08-20 14:25:32 - [MESSAGE][PASSED] - Verify element property value successfully

2023-08-20 14:25:32 - [TEST_STEP][PASSED] - verifyElementPropertyValue(getResponse, "groups[0].pricingPlans[2].pricingPlanData[1].currencyLabel", "SAR"): Verify element property value successfully

2023-08-20 14:25:32 - [MESSAGE][PASSED] - Verify element property value successfully

2023-08-20 14:25:32 - [TEST_STEP][PASSED] - verifyElementPropertyValue(getResponse, "groups[0].pricingPlans[2].pricingPlanData[1].allowedForAcquisition", "true"): Verify element property value successfully

2023-08-20 14:25:32 - [MESSAGE][PASSED] - Verify element property value successfully

2023-08-20 14:25:32 - [TEST_STEP][PASSED] - verifyElementPropertyValue(getResponse, "visualElements[0].key", "main_CTA_text_1"): Verify element property value successfully

2023-08-20 14:25:32 - [MESSAGE][PASSED] - Verify element property value successfully

2023-08-20 14:25:32 - [TEST_STEP][PASSED] - verifyElementPropertyValue(getResponse, "visualElements[0].value", "Watch the most powerful series and movies exclusively without stopping"): Verify element property value successfully

2023-08-20 14:25:32 - [MESSAGE][PASSED] - Verify element property value successfully

2023-08-20 14:25:32 - [TEST_STEP][PASSED] - verifyElementPropertyValue(getResponse, "visualElements[2].key", "main_disclaimer_text"): Verify element property value successfully

2023-08-20 14:25:32 - [MESSAGE][PASSED] - Verify element property value successfully

2023-08-20 14:25:32 - [TEST_STEP][PASSED] - verifyElementPropertyValue(getResponse, "visualElements[2].value", "Subscription fees may vary depending on the country, payment method, subscription package, added tax, currency conversion factor, and bank fees. Terms and conditions apply."): Verify element property value successfully

2023-08-20 14:25:32 - [MESSAGE][PASSED] - Verify element property value successfully

2023-08-20 14:25:32 - [TEST_STEP][PASSED] - verifyElementPropertyValue(getResponse, "visualElements[4].key", "display_type"): Verify element property value successfully

2023-08-20 14:25:32 - [MESSAGE][PASSED] - Verify element property value successfully

2023-08-20 14:25:32 - [TEST_STEP][PASSED] - verifyElementPropertyValue(getResponse, "visualElements[4].value", "vertical"): Verify element property value successfully

2023-08-20 14:25:32 - [MESSAGE][PASSED] - Verify element property value successfully

2023-08-20 14:25:32 - [TEST_STEP][PASSED] - verifyElementPropertyValue(getResponse, "defaultPackageId", "SHAHID_VIP"): Verify element property value successfully

2023-08-20 14:25:32 - [MESSAGE][PASSED] - Verify element property value successfully]]></system-out>
         <system-err><![CDATA[]]></system-err>
      </testcase>
      <testcase name="Test Cases/WEB - SAFARI/SAU PI/WEB_FR_getSubscriptionConfigForSAU_Ultimate" time="2.539" classname="Test Cases/WEB - SAFARI/SAU PI/WEB_FR_getSubscriptionConfigForSAU_Ultimate" status="FAILED">
         <failure type="FAILED" message="Test Cases/WEB - SAFARI/SAU PI/WEB_FR_getSubscriptionConfigForSAU_Ultimate FAILED.
Reason:
com.kms.katalon.core.exception.StepFailedException: Expected element property value 'S'abonner' is not equal with actual property value 'S’abonner'
	at com.kms.katalon.core.keyword.internal.KeywordMain.stepFailed(KeywordMain.groovy:39)
	at com.kms.katalon.core.webservice.keyword.builtin.VerifyElementPropertyValueKeyword$_verifyElementPropertyValue_closure1.doCall(VerifyElementPropertyValueKeyword.groovy:56)
	at com.kms.katalon.core.webservice.keyword.builtin.VerifyElementPropertyValueKeyword$_verifyElementPropertyValue_closure1.call(VerifyElementPropertyValueKeyword.groovy)
	at com.kms.katalon.core.keyword.internal.KeywordMain.runKeyword(KeywordMain.groovy:74)
	at com.kms.katalon.core.webservice.keyword.builtin.VerifyElementPropertyValueKeyword.verifyElementPropertyValue(VerifyElementPropertyValueKeyword.groovy:48)
	at com.kms.katalon.core.webservice.keyword.builtin.VerifyElementPropertyValueKeyword.execute(VerifyElementPropertyValueKeyword.groovy:43)
	at com.kms.katalon.core.keyword.internal.KeywordExecutor.executeKeywordForPlatform(KeywordExecutor.groovy:74)
	at com.kms.katalon.core.webservice.keyword.WSBuiltInKeywords.verifyElementPropertyValue(WSBuiltInKeywords.groovy:190)
	at com.kms.katalon.core.webservice.keyword.WSBuiltInKeywords$verifyElementPropertyValue$1.call(Unknown Source)
	at WEB_FR_getSubscriptionConfigForSAU_Ultimate.run(WEB_FR_getSubscriptionConfigForSAU_Ultimate:99)
	at com.kms.katalon.core.main.ScriptEngine.run(ScriptEngine.java:194)
	at com.kms.katalon.core.main.ScriptEngine.runScriptAsRawText(ScriptEngine.java:119)
	at com.kms.katalon.core.main.TestCaseExecutor.runScript(TestCaseExecutor.java:448)
	at com.kms.katalon.core.main.TestCaseExecutor.doExecute(TestCaseExecutor.java:439)
	at com.kms.katalon.core.main.TestCaseExecutor.processExecutionPhase(TestCaseExecutor.java:418)
	at com.kms.katalon.core.main.TestCaseExecutor.accessMainPhase(TestCaseExecutor.java:410)
	at com.kms.katalon.core.main.TestCaseExecutor.execute(TestCaseExecutor.java:285)
	at com.kms.katalon.core.common.CommonExecutor.accessTestCaseMainPhase(CommonExecutor.java:65)
	at com.kms.katalon.core.main.TestSuiteExecutor.accessTestSuiteMainPhase(TestSuiteExecutor.java:151)
	at com.kms.katalon.core.main.TestSuiteExecutor.execute(TestSuiteExecutor.java:106)
	at com.kms.katalon.core.main.TestCaseMain.startTestSuite(TestCaseMain.java:185)
	at com.kms.katalon.core.main.TestCaseMain$startTestSuite$0.call(Unknown Source)
	at TempTestSuite1692530449060.run(TempTestSuite1692530449060.groovy:36)
"/>
         <system-out><![CDATA[2023-08-20 14:25:32 - [TEST_CASE][FAILED] - Test Cases/WEB - SAFARI/SAU PI/WEB_FR_getSubscriptionConfigForSAU_Ultimate: Test Cases/WEB - SAFARI/SAU PI/WEB_FR_getSubscriptionConfigForSAU_Ultimate FAILED.
Reason:
com.kms.katalon.core.exception.StepFailedException: Expected element property value 'S'abonner' is not equal with actual property value 'S’abonner'
	at com.kms.katalon.core.keyword.internal.KeywordMain.stepFailed(KeywordMain.groovy:39)
	at com.kms.katalon.core.webservice.keyword.builtin.VerifyElementPropertyValueKeyword$_verifyElementPropertyValue_closure1.doCall(VerifyElementPropertyValueKeyword.groovy:56)
	at com.kms.katalon.core.webservice.keyword.builtin.VerifyElementPropertyValueKeyword$_verifyElementPropertyValue_closure1.call(VerifyElementPropertyValueKeyword.groovy)
	at com.kms.katalon.core.keyword.internal.KeywordMain.runKeyword(KeywordMain.groovy:74)
	at com.kms.katalon.core.webservice.keyword.builtin.VerifyElementPropertyValueKeyword.verifyElementPropertyValue(VerifyElementPropertyValueKeyword.groovy:48)
	at com.kms.katalon.core.webservice.keyword.builtin.VerifyElementPropertyValueKeyword.execute(VerifyElementPropertyValueKeyword.groovy:43)
	at com.kms.katalon.core.keyword.internal.KeywordExecutor.executeKeywordForPlatform(KeywordExecutor.groovy:74)
	at com.kms.katalon.core.webservice.keyword.WSBuiltInKeywords.verifyElementPropertyValue(WSBuiltInKeywords.groovy:190)
	at com.kms.katalon.core.webservice.keyword.WSBuiltInKeywords$verifyElementPropertyValue$1.call(Unknown Source)
	at WEB_FR_getSubscriptionConfigForSAU_Ultimate.run(WEB_FR_getSubscriptionConfigForSAU_Ultimate:99)
	at com.kms.katalon.core.main.ScriptEngine.run(ScriptEngine.java:194)
	at com.kms.katalon.core.main.ScriptEngine.runScriptAsRawText(ScriptEngine.java:119)
	at com.kms.katalon.core.main.TestCaseExecutor.runScript(TestCaseExecutor.java:448)
	at com.kms.katalon.core.main.TestCaseExecutor.doExecute(TestCaseExecutor.java:439)
	at com.kms.katalon.core.main.TestCaseExecutor.processExecutionPhase(TestCaseExecutor.java:418)
	at com.kms.katalon.core.main.TestCaseExecutor.accessMainPhase(TestCaseExecutor.java:410)
	at com.kms.katalon.core.main.TestCaseExecutor.execute(TestCaseExecutor.java:285)
	at com.kms.katalon.core.common.CommonExecutor.accessTestCaseMainPhase(CommonExecutor.java:65)
	at com.kms.katalon.core.main.TestSuiteExecutor.accessTestSuiteMainPhase(TestSuiteExecutor.java:151)
	at com.kms.katalon.core.main.TestSuiteExecutor.execute(TestSuiteExecutor.java:106)
	at com.kms.katalon.core.main.TestCaseMain.startTestSuite(TestCaseMain.java:185)
	at com.kms.katalon.core.main.TestCaseMain$startTestSuite$0.call(Unknown Source)
	at TempTestSuite1692530449060.run(TempTestSuite1692530449060.groovy:36)


2023-08-20 14:25:32 - [TEST_STEP][PASSED] - getResponse = config_files.getConfigFile.getConfig("WEB", "FR", "SHAHID_VIP_GEA_SPORT", "SA", "true"): config_files.getConfigFile.getConfig is PASSED

2023-08-20 14:25:32 - [MESSAGE][INFO] - HAR: /Users/admin/Desktop/KatalonProjects/Shahid-BYG/Reports/20230820_142039/WEB-SAFARI/SAU/20230820_142049/requests/main/2.har

2023-08-20 14:25:32 - [MESSAGE][PASSED] - Send request successfully

2023-08-20 14:25:32 - [MESSAGE][PASSED] - config_files.getConfigFile.getConfig is PASSED

2023-08-20 14:25:32 - [TEST_STEP][PASSED] - verifyResponseStatusCode(getResponse, 200): Verify response status code successfully

2023-08-20 14:25:32 - [MESSAGE][PASSED] - Verify response status code successfully

2023-08-20 14:25:32 - [TEST_STEP][PASSED] - verifyElementPropertyValue(getResponse, "country", "SAU"): Verify element property value successfully

2023-08-20 14:25:32 - [MESSAGE][PASSED] - Verify element property value successfully

2023-08-20 14:25:32 - [TEST_STEP][PASSED] - verifyElementPropertyValue(getResponse, "platform", "[WEB]"): Verify element property value successfully

2023-08-20 14:25:32 - [MESSAGE][PASSED] - Verify element property value successfully

2023-08-20 14:25:32 - [TEST_STEP][PASSED] - verifyElementPropertyValue(getResponse, "groups[0].pricingPlans[0].featured", "true"): Verify element property value successfully

2023-08-20 14:25:33 - [MESSAGE][PASSED] - Verify element property value successfully

2023-08-20 14:25:33 - [TEST_STEP][PASSED] - verifyElementPropertyValue(getResponse, "groups[0].pricingPlans[0].packageId", "SHAHID_VIP_GEA_SPORT"): Verify element property value successfully

2023-08-20 14:25:33 - [MESSAGE][PASSED] - Verify element property value successfully

2023-08-20 14:25:33 - [TEST_STEP][PASSED] - verifyElementPropertyValue(getResponse, "groups[0].pricingPlans[0].catalogId", "GEA"): Verify element property value successfully

2023-08-20 14:25:33 - [MESSAGE][PASSED] - Verify element property value successfully

2023-08-20 14:25:33 - [TEST_STEP][PASSED] - verifyElementPropertyValue(getResponse, "groups[0].pricingPlans[0].visualElements[0].key", "Header_1_text"): Verify element property value successfully

2023-08-20 14:25:33 - [MESSAGE][PASSED] - Verify element property value successfully

2023-08-20 14:25:33 - [TEST_STEP][PASSED] - verifyElementPropertyValue(getResponse, "groups[0].pricingPlans[0].visualElements[0].value", "Abonnez-vous dès maintenant et profitez de vos programmes sans publicité"): Verify element property value successfully

2023-08-20 14:25:33 - [MESSAGE][PASSED] - Verify element property value successfully

2023-08-20 14:25:33 - [TEST_STEP][PASSED] - verifyElementPropertyValue(getResponse, "groups[0].pricingPlans[0].visualElements[1].key", "display_title"): Verify element property value successfully

2023-08-20 14:25:33 - [MESSAGE][PASSED] - Verify element property value successfully

2023-08-20 14:25:33 - [TEST_STEP][PASSED] - verifyElementPropertyValue(getResponse, "groups[0].pricingPlans[0].visualElements[1].value", "Plan Mensuel "): Verify element property value successfully

2023-08-20 14:25:33 - [MESSAGE][PASSED] - Verify element property value successfully

2023-08-20 14:25:33 - [TEST_STEP][PASSED] - verifyElementPropertyValue(getResponse, "groups[0].pricingPlans[0].visualElements[3].key", "promo_text"): Verify element property value successfully

2023-08-20 14:25:33 - [MESSAGE][PASSED] - Verify element property value successfully

2023-08-20 14:25:33 - [TEST_STEP][PASSED] - verifyElementPropertyValue(getResponse, "groups[0].pricingPlans[0].visualElements[3].value", "79.99 SAR / mois"): Verify element property value successfully

2023-08-20 14:25:33 - [MESSAGE][PASSED] - Verify element property value successfully

2023-08-20 14:25:33 - [TEST_STEP][PASSED] - verifyElementPropertyValue(getResponse, "groups[0].pricingPlans[0].visualElements[4].key", "deduction_text"): Verify element property value successfully

2023-08-20 14:25:33 - [MESSAGE][PASSED] - Verify element property value successfully

2023-08-20 14:25:33 - [TEST_STEP][PASSED] - verifyElementPropertyValue(getResponse, "groups[0].pricingPlans[0].visualElements[4].value", "facturation mensuelle"): Verify element property value successfully

2023-08-20 14:25:33 - [MESSAGE][PASSED] - Verify element property value successfully

2023-08-20 14:25:33 - [TEST_STEP][PASSED] - verifyElementPropertyValue(getResponse, "groups[0].pricingPlans[0].visualElements[7].key", "show_payment_logo"): Verify element property value successfully

2023-08-20 14:25:33 - [MESSAGE][PASSED] - Verify element property value successfully

2023-08-20 14:25:33 - [TEST_STEP][PASSED] - verifyElementPropertyValue(getResponse, "groups[0].pricingPlans[0].visualElements[7].value", "true"): Verify element property value successfully

2023-08-20 14:25:33 - [MESSAGE][PASSED] - Verify element property value successfully

2023-08-20 14:25:33 - [TEST_STEP][PASSED] - verifyElementPropertyValue(getResponse, "groups[0].pricingPlans[0].visualElements[8].key", "show_tag"): Verify element property value successfully

2023-08-20 14:25:33 - [MESSAGE][PASSED] - Verify element property value successfully

2023-08-20 14:25:33 - [TEST_STEP][PASSED] - verifyElementPropertyValue(getResponse, "groups[0].pricingPlans[0].visualElements[8].value", "false"): Verify element property value successfully

2023-08-20 14:25:33 - [MESSAGE][PASSED] - Verify element property value successfully

2023-08-20 14:25:33 - [TEST_STEP][PASSED] - verifyElementPropertyValue(getResponse, "groups[0].pricingPlans[0].visualElements[10].key", "price"): Verify element property value successfully

2023-08-20 14:25:33 - [MESSAGE][PASSED] - Verify element property value successfully

2023-08-20 14:25:33 - [TEST_STEP][PASSED] - verifyElementPropertyValue(getResponse, "groups[0].pricingPlans[0].visualElements[10].value", "79.99"): Verify element property value successfully

2023-08-20 14:25:33 - [MESSAGE][PASSED] - Verify element property value successfully

2023-08-20 14:25:33 - [TEST_STEP][PASSED] - verifyElementPropertyValue(getResponse, "groups[0].pricingPlans[0].visualElements[11].key", "currency"): Verify element property value successfully

2023-08-20 14:25:33 - [MESSAGE][PASSED] - Verify element property value successfully

2023-08-20 14:25:33 - [TEST_STEP][PASSED] - verifyElementPropertyValue(getResponse, "groups[0].pricingPlans[0].visualElements[11].value", "SAR"): Verify element property value successfully

2023-08-20 14:25:33 - [MESSAGE][PASSED] - Verify element property value successfully

2023-08-20 14:25:33 - [TEST_STEP][PASSED] - verifyElementPropertyValue(getResponse, "groups[0].pricingPlans[0].visualElements[12].key", "duration"): Verify element property value successfully

2023-08-20 14:25:33 - [MESSAGE][PASSED] - Verify element property value successfully

2023-08-20 14:25:33 - [TEST_STEP][PASSED] - verifyElementPropertyValue(getResponse, "groups[0].pricingPlans[0].visualElements[12].value", "Mensuel"): Verify element property value successfully

2023-08-20 14:25:33 - [MESSAGE][PASSED] - Verify element property value successfully

2023-08-20 14:25:33 - [TEST_STEP][PASSED] - verifyElementPropertyValue(getResponse, "groups[0].pricingPlans[0].visualElements[13].key", "featured_tag_text"): Verify element property value successfully

2023-08-20 14:25:33 - [MESSAGE][PASSED] - Verify element property value successfully

2023-08-20 14:25:33 - [TEST_STEP][PASSED] - verifyElementPropertyValue(getResponse, "groups[0].pricingPlans[0].visualElements[13].value", "Le plus populaire"): Verify element property value successfully

2023-08-20 14:25:33 - [MESSAGE][PASSED] - Verify element property value successfully

2023-08-20 14:25:33 - [TEST_STEP][PASSED] - verifyElementPropertyValue(getResponse, "groups[0].pricingPlans[0].order", "9"): Verify element property value successfully

2023-08-20 14:25:33 - [MESSAGE][PASSED] - Verify element property value successfully

2023-08-20 14:25:33 - [TEST_STEP][PASSED] - verifyElementPropertyValue(getResponse, "groups[0].pricingPlans[0].period", "monthly"): Verify element property value successfully

2023-08-20 14:25:33 - [MESSAGE][PASSED] - Verify element property value successfully

2023-08-20 14:25:33 - [TEST_STEP][PASSED] - verifyElementPropertyValue(getResponse, "groups[0].pricingPlans[0].price", "79.99"): Verify element property value successfully

2023-08-20 14:25:33 - [MESSAGE][PASSED] - Verify element property value successfully

2023-08-20 14:25:33 - [TEST_STEP][PASSED] - verifyElementPropertyValue(getResponse, "groups[0].pricingPlans[0].currency", "SAR"): Verify element property value successfully

2023-08-20 14:25:33 - [MESSAGE][PASSED] - Verify element property value successfully

2023-08-20 14:25:33 - [TEST_STEP][PASSED] - verifyElementPropertyValue(getResponse, "groups[0].pricingPlans[0].pricingPlanData[0].productId", "KSA_B2C_SHAHID_VIP_GEA_SPORT_1M"): Verify element property value successfully

2023-08-20 14:25:33 - [MESSAGE][PASSED] - Verify element property value successfully

2023-08-20 14:25:33 - [TEST_STEP][PASSED] - verifyElementPropertyValue(getResponse, "groups[0].pricingPlans[0].pricingPlanData[0].subPricingPlanIds", "null"): Verify element property value successfully

2023-08-20 14:25:33 - [MESSAGE][PASSED] - Verify element property value successfully

2023-08-20 14:25:33 - [TEST_STEP][PASSED] - verifyElementPropertyValue(getResponse, "groups[0].pricingPlans[0].pricingPlanData[0].paymentMethod", "CREDIT_CARD"): Verify element property value successfully

2023-08-20 14:25:33 - [MESSAGE][PASSED] - Verify element property value successfully

2023-08-20 14:25:33 - [TEST_STEP][PASSED] - verifyElementPropertyValue(getResponse, "groups[0].pricingPlans[0].pricingPlanData[0].freeTrialEnabled", "false"): Verify element property value successfully

2023-08-20 14:25:33 - [MESSAGE][PASSED] - Verify element property value successfully

2023-08-20 14:25:33 - [TEST_STEP][PASSED] - verifyElementPropertyValue(getResponse, "groups[0].pricingPlans[0].pricingPlanData[0].visualElements[0].key", "title"): Verify element property value successfully

2023-08-20 14:25:33 - [MESSAGE][PASSED] - Verify element property value successfully

2023-08-20 14:25:33 - [TEST_STEP][PASSED] - verifyElementPropertyValue(getResponse, "groups[0].pricingPlans[0].pricingPlanData[0].visualElements[0].value", "Carte de crédit/débit"): Verify element property value successfully

2023-08-20 14:25:33 - [MESSAGE][PASSED] - Verify element property value successfully

2023-08-20 14:25:33 - [TEST_STEP][PASSED] - verifyElementPropertyValue(getResponse, "groups[0].pricingPlans[0].pricingPlanData[0].visualElements[1].key", "CTA_text"): Verify element property value successfully

2023-08-20 14:25:33 - [MESSAGE][PASSED] - Verify element property value successfully

2023-08-20 14:25:33 - [TEST_STEP][PASSED] - verifyElementPropertyValue(getResponse, "groups[0].pricingPlans[0].pricingPlanData[0].visualElements[1].value", "S'abonner"): Verify element property value successfully

2023-08-20 14:25:33 - [MESSAGE][PASSED] - Verify element property value successfully

2023-08-20 14:25:33 - [TEST_STEP][PASSED] - verifyElementPropertyValue(getResponse, "groups[0].pricingPlans[0].pricingPlanData[0].visualElements[2].key", "logo"): Verify element property value successfully

2023-08-20 14:25:33 - [MESSAGE][PASSED] - Verify element property value successfully

2023-08-20 14:25:33 - [TEST_STEP][PASSED] - verifyElementPropertyValue(getResponse, "groups[0].pricingPlans[0].pricingPlanData[0].visualElements[2].value", "https://static.s3.shahid.mbc.net/widget-images/icons/iconCreditCard.png"): Verify element property value successfully

2023-08-20 14:25:33 - [MESSAGE][PASSED] - Verify element property value successfully

2023-08-20 14:25:33 - [TEST_STEP][PASSED] - verifyElementPropertyValue(getResponse, "groups[0].pricingPlans[0].pricingPlanData[0].priceLabel", "79.99"): Verify element property value successfully

2023-08-20 14:25:33 - [MESSAGE][PASSED] - Verify element property value successfully

2023-08-20 14:25:33 - [TEST_STEP][PASSED] - verifyElementPropertyValue(getResponse, "groups[0].pricingPlans[0].pricingPlanData[0].currencyLabel", "SAR"): Verify element property value successfully

2023-08-20 14:25:33 - [MESSAGE][PASSED] - Verify element property value successfully

2023-08-20 14:25:33 - [TEST_STEP][PASSED] - verifyElementPropertyValue(getResponse, "groups[0].pricingPlans[0].pricingPlanData[1].productId", "KSA_B2C_SHAHID_VIP_GEA_SPORT_1M"): Verify element property value successfully

2023-08-20 14:25:33 - [MESSAGE][PASSED] - Verify element property value successfully

2023-08-20 14:25:33 - [TEST_STEP][PASSED] - verifyElementPropertyValue(getResponse, "groups[0].pricingPlans[0].pricingPlanData[1].subPricingPlanIds", "null"): Verify element property value successfully

2023-08-20 14:25:33 - [MESSAGE][PASSED] - Verify element property value successfully

2023-08-20 14:25:33 - [TEST_STEP][PASSED] - verifyElementPropertyValue(getResponse, "groups[0].pricingPlans[0].pricingPlanData[1].paymentMethod", "APPLE_PAY"): Verify element property value successfully

2023-08-20 14:25:33 - [MESSAGE][PASSED] - Verify element property value successfully

2023-08-20 14:25:33 - [TEST_STEP][PASSED] - verifyElementPropertyValue(getResponse, "groups[0].pricingPlans[0].pricingPlanData[1].freeTrialEnabled", "false"): Verify element property value successfully

2023-08-20 14:25:33 - [MESSAGE][PASSED] - Verify element property value successfully

2023-08-20 14:25:33 - [TEST_STEP][PASSED] - verifyElementPropertyValue(getResponse, "groups[0].pricingPlans[0].pricingPlanData[1].visualElements[0].key", "title"): Verify element property value successfully

2023-08-20 14:25:33 - [MESSAGE][PASSED] - Verify element property value successfully

2023-08-20 14:25:33 - [TEST_STEP][PASSED] - verifyElementPropertyValue(getResponse, "groups[0].pricingPlans[0].pricingPlanData[1].visualElements[0].value", "Apple Pay"): Verify element property value successfully

2023-08-20 14:25:33 - [MESSAGE][PASSED] - Verify element property value successfully

2023-08-20 14:25:33 - [TEST_STEP][PASSED] - verifyElementPropertyValue(getResponse, "groups[0].pricingPlans[0].pricingPlanData[1].visualElements[1].key", "CTA_text"): Verify element property value successfully

2023-08-20 14:25:33 - [MESSAGE][PASSED] - Verify element property value successfully

2023-08-20 14:25:33 - [TEST_STEP][FAILED] - verifyElementPropertyValue(getResponse, "groups[0].pricingPlans[0].pricingPlanData[1].visualElements[1].value", "S'abonner"): Expected element property value 'S'abonner' is not equal with actual property value 'S’abonner'

2023-08-20 14:25:33 - [MESSAGE][FAILED] - Expected element property value 'S'abonner' is not equal with actual property value 'S’abonner'

2023-08-20 14:25:33 - [TEST_STEP][PASSED] - verifyElementPropertyValue(getResponse, "groups[0].pricingPlans[0].pricingPlanData[1].visualElements[2].key", "logo"): Verify element property value successfully

2023-08-20 14:25:33 - [MESSAGE][PASSED] - Verify element property value successfully

2023-08-20 14:25:33 - [TEST_STEP][PASSED] - verifyElementPropertyValue(getResponse, "groups[0].pricingPlans[0].pricingPlanData[1].visualElements[2].value", "https://static.s3.shahid.mbc.net/widget-images/icons/ApplePay_PlanSelectionIcon.svg"): Verify element property value successfully

2023-08-20 14:25:33 - [MESSAGE][PASSED] - Verify element property value successfully

2023-08-20 14:25:33 - [TEST_STEP][PASSED] - verifyElementPropertyValue(getResponse, "groups[0].pricingPlans[0].pricingPlanData[1].priceLabel", "79.99"): Verify element property value successfully

2023-08-20 14:25:33 - [MESSAGE][PASSED] - Verify element property value successfully

2023-08-20 14:25:33 - [TEST_STEP][PASSED] - verifyElementPropertyValue(getResponse, "groups[0].pricingPlans[0].pricingPlanData[1].currencyLabel", "SAR"): Verify element property value successfully

2023-08-20 14:25:33 - [MESSAGE][PASSED] - Verify element property value successfully

2023-08-20 14:25:33 - [TEST_STEP][PASSED] - verifyElementPropertyValue(getResponse, "groups[0].pricingPlans[0].pricingPlanData[2].pricingPlanId", "TPay_Zain_SA"): Verify element property value successfully

2023-08-20 14:25:33 - [MESSAGE][PASSED] - Verify element property value successfully

2023-08-20 14:25:33 - [TEST_STEP][PASSED] - verifyElementPropertyValue(getResponse, "groups[0].pricingPlans[0].pricingPlanData[2].productId", "KSA_B2C_SHAHID_VIP_GEA_SPORT_1M"): Verify element property value successfully

2023-08-20 14:25:33 - [MESSAGE][PASSED] - Verify element property value successfully

2023-08-20 14:25:33 - [TEST_STEP][PASSED] - verifyElementPropertyValue(getResponse, "groups[0].pricingPlans[0].pricingPlanData[2].subPricingPlanIds[0]", "42004"): Verify element property value successfully

2023-08-20 14:25:33 - [MESSAGE][PASSED] - Verify element property value successfully

2023-08-20 14:25:33 - [TEST_STEP][PASSED] - verifyElementPropertyValue(getResponse, "groups[0].pricingPlans[0].pricingPlanData[2].paymentMethod", "MOBILE_PAY"): Verify element property value successfully

2023-08-20 14:25:33 - [MESSAGE][PASSED] - Verify element property value successfully

2023-08-20 14:25:33 - [TEST_STEP][PASSED] - verifyElementPropertyValue(getResponse, "groups[0].pricingPlans[0].pricingPlanData[2].freeTrialEnabled", "false"): Verify element property value successfully

2023-08-20 14:25:33 - [MESSAGE][PASSED] - Verify element property value successfully

2023-08-20 14:25:33 - [TEST_STEP][PASSED] - verifyElementPropertyValue(getResponse, "groups[0].pricingPlans[0].pricingPlanData[2].showIn[0]", "VERTICAL_MODE"): Verify element property value successfully

2023-08-20 14:25:33 - [MESSAGE][PASSED] - Verify element property value successfully

2023-08-20 14:25:33 - [TEST_STEP][PASSED] - verifyElementPropertyValue(getResponse, "groups[0].pricingPlans[0].pricingPlanData[2].showIn[1]", "HORIZONTAL_MODE"): Verify element property value successfully

2023-08-20 14:25:33 - [MESSAGE][PASSED] - Verify element property value successfully

2023-08-20 14:25:33 - [TEST_STEP][PASSED] - verifyElementPropertyValue(getResponse, "groups[0].pricingPlans[0].pricingPlanData[2].visualElements[0].key", "payment_option_group"): Verify element property value successfully

2023-08-20 14:25:33 - [MESSAGE][PASSED] - Verify element property value successfully

2023-08-20 14:25:33 - [TEST_STEP][PASSED] - verifyElementPropertyValue(getResponse, "groups[0].pricingPlans[0].pricingPlanData[2].visualElements[0].value", "true"): Verify element property value successfully

2023-08-20 14:25:33 - [MESSAGE][PASSED] - Verify element property value successfully

2023-08-20 14:25:33 - [TEST_STEP][PASSED] - verifyElementPropertyValue(getResponse, "groups[0].pricingPlans[0].pricingPlanData[2].visualElements[1].key", "title"): Verify element property value successfully

2023-08-20 14:25:33 - [MESSAGE][PASSED] - Verify element property value successfully

2023-08-20 14:25:33 - [TEST_STEP][PASSED] - verifyElementPropertyValue(getResponse, "groups[0].pricingPlans[0].pricingPlanData[2].visualElements[1].value", "Paiement mobile"): Verify element property value successfully

2023-08-20 14:25:33 - [MESSAGE][PASSED] - Verify element property value successfully

2023-08-20 14:25:33 - [TEST_STEP][PASSED] - verifyElementPropertyValue(getResponse, "groups[0].pricingPlans[0].pricingPlanData[2].visualElements[2].key", "CTA_text"): Verify element property value successfully

2023-08-20 14:25:33 - [MESSAGE][PASSED] - Verify element property value successfully

2023-08-20 14:25:33 - [TEST_STEP][PASSED] - verifyElementPropertyValue(getResponse, "groups[0].pricingPlans[0].pricingPlanData[2].visualElements[2].value", "S'abonner"): Verify element property value successfully

2023-08-20 14:25:33 - [MESSAGE][PASSED] - Verify element property value successfully

2023-08-20 14:25:33 - [TEST_STEP][PASSED] - verifyElementPropertyValue(getResponse, "groups[0].pricingPlans[0].pricingPlanData[2].visualElements[3].key", "logo"): Verify element property value successfully

2023-08-20 14:25:33 - [MESSAGE][PASSED] - Verify element property value successfully

2023-08-20 14:25:33 - [TEST_STEP][PASSED] - verifyElementPropertyValue(getResponse, "groups[0].pricingPlans[0].pricingPlanData[2].visualElements[3].value", "https://static.s3.shahid.mbc.net/widget-images/icons/iconMobile.png"): Verify element property value successfully

2023-08-20 14:25:33 - [MESSAGE][PASSED] - Verify element property value successfully

2023-08-20 14:25:33 - [TEST_STEP][PASSED] - verifyElementPropertyValue(getResponse, "groups[0].pricingPlans[0].pricingPlanData[2].priceLabel", "79.99"): Verify element property value successfully

2023-08-20 14:25:33 - [MESSAGE][PASSED] - Verify element property value successfully

2023-08-20 14:25:33 - [TEST_STEP][PASSED] - verifyElementPropertyValue(getResponse, "groups[0].pricingPlans[0].pricingPlanData[2].currencyLabel", "SAR"): Verify element property value successfully

2023-08-20 14:25:33 - [MESSAGE][PASSED] - Verify element property value successfully

2023-08-20 14:25:33 - [TEST_STEP][PASSED] - verifyElementPropertyValue(getResponse, "groups[0].pricingPlans[0].pricingPlanData[2].allowedForAcquisition", "true"): Verify element property value successfully

2023-08-20 14:25:33 - [MESSAGE][PASSED] - Verify element property value successfully

2023-08-20 14:25:33 - [TEST_STEP][PASSED] - verifyElementPropertyValue(getResponse, "groups[0].pricingPlans[0].pricingPlanData[3].pricingPlanId", "TPay_Mobily_SA"): Verify element property value successfully

2023-08-20 14:25:33 - [MESSAGE][PASSED] - Verify element property value successfully

2023-08-20 14:25:33 - [TEST_STEP][PASSED] - verifyElementPropertyValue(getResponse, "groups[0].pricingPlans[0].pricingPlanData[3].productId", "KSA_B2C_SHAHID_VIP_GEA_SPORT_1M"): Verify element property value successfully

2023-08-20 14:25:33 - [MESSAGE][PASSED] - Verify element property value successfully

2023-08-20 14:25:33 - [TEST_STEP][PASSED] - verifyElementPropertyValue(getResponse, "groups[0].pricingPlans[0].pricingPlanData[3].subPricingPlanIds[0]", "42003"): Verify element property value successfully

2023-08-20 14:25:33 - [MESSAGE][PASSED] - Verify element property value successfully

2023-08-20 14:25:33 - [TEST_STEP][PASSED] - verifyElementPropertyValue(getResponse, "groups[0].pricingPlans[0].pricingPlanData[3].paymentMethod", "MOBILE_PAY"): Verify element property value successfully

2023-08-20 14:25:33 - [MESSAGE][PASSED] - Verify element property value successfully

2023-08-20 14:25:33 - [TEST_STEP][PASSED] - verifyElementPropertyValue(getResponse, "groups[0].pricingPlans[0].pricingPlanData[3].freeTrialEnabled", "false"): Verify element property value successfully

2023-08-20 14:25:33 - [MESSAGE][PASSED] - Verify element property value successfully

2023-08-20 14:25:33 - [TEST_STEP][PASSED] - verifyElementPropertyValue(getResponse, "groups[0].pricingPlans[0].pricingPlanData[3].priceLabel", "79.99"): Verify element property value successfully

2023-08-20 14:25:33 - [MESSAGE][PASSED] - Verify element property value successfully

2023-08-20 14:25:33 - [TEST_STEP][PASSED] - verifyElementPropertyValue(getResponse, "groups[0].pricingPlans[0].pricingPlanData[3].currencyLabel", "SAR"): Verify element property value successfully

2023-08-20 14:25:33 - [MESSAGE][PASSED] - Verify element property value successfully

2023-08-20 14:25:33 - [TEST_STEP][PASSED] - verifyElementPropertyValue(getResponse, "groups[0].pricingPlans[0].pricingPlanData[3].allowedForAcquisition", "true"): Verify element property value successfully

2023-08-20 14:25:33 - [MESSAGE][PASSED] - Verify element property value successfully

2023-08-20 14:25:33 - [TEST_STEP][PASSED] - verifyElementPropertyValue(getResponse, "groups[0].pricingPlans[0].pricingPlanData[4].pricingPlanId", "TPay_STC_SA"): Verify element property value successfully

2023-08-20 14:25:33 - [MESSAGE][PASSED] - Verify element property value successfully

2023-08-20 14:25:33 - [TEST_STEP][PASSED] - verifyElementPropertyValue(getResponse, "groups[0].pricingPlans[0].pricingPlanData[4].productId", "KSA_B2C_SHAHID_VIP_GEA_SPORT_1M"): Verify element property value successfully

2023-08-20 14:25:33 - [MESSAGE][PASSED] - Verify element property value successfully

2023-08-20 14:25:33 - [TEST_STEP][PASSED] - verifyElementPropertyValue(getResponse, "groups[0].pricingPlans[0].pricingPlanData[4].subPricingPlanIds[0]", "42001"): Verify element property value successfully

2023-08-20 14:25:33 - [MESSAGE][PASSED] - Verify element property value successfully

2023-08-20 14:25:33 - [TEST_STEP][PASSED] - verifyElementPropertyValue(getResponse, "groups[0].pricingPlans[0].pricingPlanData[4].paymentMethod", "MOBILE_PAY"): Verify element property value successfully

2023-08-20 14:25:33 - [MESSAGE][PASSED] - Verify element property value successfully

2023-08-20 14:25:33 - [TEST_STEP][PASSED] - verifyElementPropertyValue(getResponse, "groups[0].pricingPlans[0].pricingPlanData[4].freeTrialEnabled", "false"): Verify element property value successfully

2023-08-20 14:25:33 - [MESSAGE][PASSED] - Verify element property value successfully

2023-08-20 14:25:33 - [TEST_STEP][PASSED] - verifyElementPropertyValue(getResponse, "groups[0].pricingPlans[0].pricingPlanData[4].priceLabel", "79.99"): Verify element property value successfully

2023-08-20 14:25:33 - [MESSAGE][PASSED] - Verify element property value successfully

2023-08-20 14:25:33 - [TEST_STEP][PASSED] - verifyElementPropertyValue(getResponse, "groups[0].pricingPlans[0].pricingPlanData[4].currencyLabel", "SAR"): Verify element property value successfully

2023-08-20 14:25:33 - [MESSAGE][PASSED] - Verify element property value successfully

2023-08-20 14:25:33 - [TEST_STEP][PASSED] - verifyElementPropertyValue(getResponse, "groups[0].pricingPlans[0].pricingPlanData[4].allowedForAcquisition", "true"): Verify element property value successfully

2023-08-20 14:25:33 - [MESSAGE][PASSED] - Verify element property value successfully

2023-08-20 14:25:33 - [TEST_STEP][PASSED] - verifyElementPropertyValue(getResponse, "groups[0].pricingPlans[2].featured", "false"): Verify element property value successfully

2023-08-20 14:25:33 - [MESSAGE][PASSED] - Verify element property value successfully

2023-08-20 14:25:33 - [TEST_STEP][PASSED] - verifyElementPropertyValue(getResponse, "groups[0].pricingPlans[2].packageId", "SHAHID_VIP_GEA_SPORT"): Verify element property value successfully

2023-08-20 14:25:33 - [MESSAGE][PASSED] - Verify element property value successfully

2023-08-20 14:25:33 - [TEST_STEP][PASSED] - verifyElementPropertyValue(getResponse, "groups[0].pricingPlans[2].catalogId", "GEA"): Verify element property value successfully

2023-08-20 14:25:33 - [MESSAGE][PASSED] - Verify element property value successfully

2023-08-20 14:25:33 - [TEST_STEP][PASSED] - verifyElementPropertyValue(getResponse, "groups[0].pricingPlans[2].visualElements[0].key", "Header_1_text"): Verify element property value successfully

2023-08-20 14:25:33 - [MESSAGE][PASSED] - Verify element property value successfully

2023-08-20 14:25:33 - [TEST_STEP][PASSED] - verifyElementPropertyValue(getResponse, "groups[0].pricingPlans[2].visualElements[0].value", "Abonnez-vous dès maintenant et profitez de vos programmes sans publicité"): Verify element property value successfully

2023-08-20 14:25:33 - [MESSAGE][PASSED] - Verify element property value successfully

2023-08-20 14:25:33 - [TEST_STEP][PASSED] - verifyElementPropertyValue(getResponse, "groups[0].pricingPlans[2].visualElements[1].key", "display_title"): Verify element property value successfully

2023-08-20 14:25:33 - [MESSAGE][PASSED] - Verify element property value successfully

2023-08-20 14:25:33 - [TEST_STEP][PASSED] - verifyElementPropertyValue(getResponse, "groups[0].pricingPlans[2].visualElements[1].value", "Plan Annuel"): Verify element property value successfully

2023-08-20 14:25:33 - [MESSAGE][PASSED] - Verify element property value successfully

2023-08-20 14:25:33 - [TEST_STEP][PASSED] - verifyElementPropertyValue(getResponse, "groups[0].pricingPlans[2].visualElements[2].key", "tag_text"): Verify element property value successfully

2023-08-20 14:25:33 - [MESSAGE][PASSED] - Verify element property value successfully

2023-08-20 14:25:33 - [TEST_STEP][PASSED] - verifyElementPropertyValue(getResponse, "groups[0].pricingPlans[2].visualElements[2].value", "Économisez 14%"): Verify element property value successfully

2023-08-20 14:25:33 - [MESSAGE][PASSED] - Verify element property value successfully

2023-08-20 14:25:33 - [TEST_STEP][PASSED] - verifyElementPropertyValue(getResponse, "groups[0].pricingPlans[2].visualElements[3].key", "promo_text"): Verify element property value successfully

2023-08-20 14:25:33 - [MESSAGE][PASSED] - Verify element property value successfully

2023-08-20 14:25:33 - [TEST_STEP][PASSED] - verifyElementPropertyValue(getResponse, "groups[0].pricingPlans[2].visualElements[3].value", "69.16 SAR / mois"): Verify element property value successfully

2023-08-20 14:25:33 - [MESSAGE][PASSED] - Verify element property value successfully

2023-08-20 14:25:33 - [TEST_STEP][PASSED] - verifyElementPropertyValue(getResponse, "groups[0].pricingPlans[2].visualElements[4].key", "deduction_text"): Verify element property value successfully

2023-08-20 14:25:33 - [MESSAGE][PASSED] - Verify element property value successfully

2023-08-20 14:25:33 - [TEST_STEP][PASSED] - verifyElementPropertyValue(getResponse, "groups[0].pricingPlans[2].visualElements[4].value", "829.99 SAR facturés chaque année"): Verify element property value successfully

2023-08-20 14:25:33 - [MESSAGE][PASSED] - Verify element property value successfully

2023-08-20 14:25:33 - [TEST_STEP][PASSED] - verifyElementPropertyValue(getResponse, "groups[0].pricingPlans[2].visualElements[7].key", "show_payment_logo"): Verify element property value successfully

2023-08-20 14:25:33 - [MESSAGE][PASSED] - Verify element property value successfully

2023-08-20 14:25:33 - [TEST_STEP][PASSED] - verifyElementPropertyValue(getResponse, "groups[0].pricingPlans[2].visualElements[7].value", "true"): Verify element property value successfully

2023-08-20 14:25:33 - [MESSAGE][PASSED] - Verify element property value successfully

2023-08-20 14:25:33 - [TEST_STEP][PASSED] - verifyElementPropertyValue(getResponse, "groups[0].pricingPlans[2].visualElements[8].key", "show_tag"): Verify element property value successfully

2023-08-20 14:25:33 - [MESSAGE][PASSED] - Verify element property value successfully

2023-08-20 14:25:33 - [TEST_STEP][PASSED] - verifyElementPropertyValue(getResponse, "groups[0].pricingPlans[2].visualElements[8].value", "true"): Verify element property value successfully

2023-08-20 14:25:33 - [MESSAGE][PASSED] - Verify element property value successfully

2023-08-20 14:25:33 - [TEST_STEP][PASSED] - verifyElementPropertyValue(getResponse, "groups[0].pricingPlans[2].visualElements[10].key", "price"): Verify element property value successfully

2023-08-20 14:25:33 - [MESSAGE][PASSED] - Verify element property value successfully

2023-08-20 14:25:33 - [TEST_STEP][PASSED] - verifyElementPropertyValue(getResponse, "groups[0].pricingPlans[2].visualElements[10].value", "829.99"): Verify element property value successfully

2023-08-20 14:25:33 - [MESSAGE][PASSED] - Verify element property value successfully

2023-08-20 14:25:33 - [TEST_STEP][PASSED] - verifyElementPropertyValue(getResponse, "groups[0].pricingPlans[2].visualElements[11].key", "currency"): Verify element property value successfully

2023-08-20 14:25:33 - [MESSAGE][PASSED] - Verify element property value successfully

2023-08-20 14:25:33 - [TEST_STEP][PASSED] - verifyElementPropertyValue(getResponse, "groups[0].pricingPlans[2].visualElements[11].value", "SAR"): Verify element property value successfully

2023-08-20 14:25:33 - [MESSAGE][PASSED] - Verify element property value successfully

2023-08-20 14:25:33 - [TEST_STEP][PASSED] - verifyElementPropertyValue(getResponse, "groups[0].pricingPlans[2].visualElements[12].key", "duration"): Verify element property value successfully

2023-08-20 14:25:33 - [MESSAGE][PASSED] - Verify element property value successfully

2023-08-20 14:25:33 - [TEST_STEP][PASSED] - verifyElementPropertyValue(getResponse, "groups[0].pricingPlans[2].visualElements[12].value", "Annuel"): Verify element property value successfully

2023-08-20 14:25:33 - [MESSAGE][PASSED] - Verify element property value successfully

2023-08-20 14:25:33 - [TEST_STEP][PASSED] - verifyElementPropertyValue(getResponse, "groups[0].pricingPlans[2].order", "11"): Verify element property value successfully

2023-08-20 14:25:33 - [MESSAGE][PASSED] - Verify element property value successfully

2023-08-20 14:25:33 - [TEST_STEP][PASSED] - verifyElementPropertyValue(getResponse, "groups[0].pricingPlans[2].period", "yearly"): Verify element property value successfully

2023-08-20 14:25:33 - [MESSAGE][PASSED] - Verify element property value successfully

2023-08-20 14:25:33 - [TEST_STEP][PASSED] - verifyElementPropertyValue(getResponse, "groups[0].pricingPlans[2].price", "829.99"): Verify element property value successfully

2023-08-20 14:25:33 - [MESSAGE][PASSED] - Verify element property value successfully

2023-08-20 14:25:33 - [TEST_STEP][PASSED] - verifyElementPropertyValue(getResponse, "groups[0].pricingPlans[2].currency", "SAR"): Verify element property value successfully

2023-08-20 14:25:33 - [MESSAGE][PASSED] - Verify element property value successfully

2023-08-20 14:25:33 - [TEST_STEP][PASSED] - verifyElementPropertyValue(getResponse, "groups[0].pricingPlans[2].pricingPlanData[0].productId", "KSA_B2C_SHAHID_VIP_GEA_SPORT_12M"): Verify element property value successfully

2023-08-20 14:25:33 - [MESSAGE][PASSED] - Verify element property value successfully

2023-08-20 14:25:33 - [TEST_STEP][PASSED] - verifyElementPropertyValue(getResponse, "groups[0].pricingPlans[2].pricingPlanData[0].subPricingPlanIds", "null"): Verify element property value successfully

2023-08-20 14:25:33 - [MESSAGE][PASSED] - Verify element property value successfully

2023-08-20 14:25:33 - [TEST_STEP][PASSED] - verifyElementPropertyValue(getResponse, "groups[0].pricingPlans[2].pricingPlanData[0].paymentMethod", "CREDIT_CARD"): Verify element property value successfully

2023-08-20 14:25:33 - [MESSAGE][PASSED] - Verify element property value successfully

2023-08-20 14:25:33 - [TEST_STEP][PASSED] - verifyElementPropertyValue(getResponse, "groups[0].pricingPlans[2].pricingPlanData[0].freeTrialEnabled", "false"): Verify element property value successfully

2023-08-20 14:25:33 - [MESSAGE][PASSED] - Verify element property value successfully

2023-08-20 14:25:33 - [TEST_STEP][PASSED] - verifyElementPropertyValue(getResponse, "groups[0].pricingPlans[2].pricingPlanData[0].visualElements[0].key", "title"): Verify element property value successfully

2023-08-20 14:25:33 - [MESSAGE][PASSED] - Verify element property value successfully

2023-08-20 14:25:33 - [TEST_STEP][PASSED] - verifyElementPropertyValue(getResponse, "groups[0].pricingPlans[2].pricingPlanData[0].visualElements[0].value", "Carte de crédit/débit"): Verify element property value successfully

2023-08-20 14:25:33 - [MESSAGE][PASSED] - Verify element property value successfully

2023-08-20 14:25:33 - [TEST_STEP][PASSED] - verifyElementPropertyValue(getResponse, "groups[0].pricingPlans[2].pricingPlanData[0].visualElements[1].key", "CTA_text"): Verify element property value successfully

2023-08-20 14:25:33 - [MESSAGE][PASSED] - Verify element property value successfully

2023-08-20 14:25:33 - [TEST_STEP][PASSED] - verifyElementPropertyValue(getResponse, "groups[0].pricingPlans[2].pricingPlanData[0].visualElements[1].value", "S'abonner"): Verify element property value successfully

2023-08-20 14:25:34 - [MESSAGE][PASSED] - Verify element property value successfully

2023-08-20 14:25:34 - [TEST_STEP][PASSED] - verifyElementPropertyValue(getResponse, "groups[0].pricingPlans[2].pricingPlanData[0].visualElements[2].key", "logo"): Verify element property value successfully

2023-08-20 14:25:34 - [MESSAGE][PASSED] - Verify element property value successfully

2023-08-20 14:25:34 - [TEST_STEP][PASSED] - verifyElementPropertyValue(getResponse, "groups[0].pricingPlans[2].pricingPlanData[0].visualElements[2].value", "https://static.s3.shahid.mbc.net/widget-images/icons/iconCreditCard.png"): Verify element property value successfully

2023-08-20 14:25:34 - [MESSAGE][PASSED] - Verify element property value successfully

2023-08-20 14:25:34 - [TEST_STEP][PASSED] - verifyElementPropertyValue(getResponse, "groups[0].pricingPlans[2].pricingPlanData[0].priceLabel", "829.99"): Verify element property value successfully

2023-08-20 14:25:34 - [MESSAGE][PASSED] - Verify element property value successfully

2023-08-20 14:25:34 - [TEST_STEP][PASSED] - verifyElementPropertyValue(getResponse, "groups[0].pricingPlans[2].pricingPlanData[0].currencyLabel", "SAR"): Verify element property value successfully

2023-08-20 14:25:34 - [MESSAGE][PASSED] - Verify element property value successfully

2023-08-20 14:25:34 - [TEST_STEP][PASSED] - verifyElementPropertyValue(getResponse, "groups[0].pricingPlans[2].pricingPlanData[0].allowedForAcquisition", "true"): Verify element property value successfully

2023-08-20 14:25:34 - [MESSAGE][PASSED] - Verify element property value successfully

2023-08-20 14:25:34 - [TEST_STEP][PASSED] - verifyElementPropertyValue(getResponse, "groups[0].pricingPlans[2].pricingPlanData[0].showIn[0]", "VERTICAL_MODE"): Verify element property value successfully

2023-08-20 14:25:34 - [MESSAGE][PASSED] - Verify element property value successfully

2023-08-20 14:25:34 - [TEST_STEP][PASSED] - verifyElementPropertyValue(getResponse, "groups[0].pricingPlans[2].pricingPlanData[0].showIn[1]", "HORIZONTAL_MODE"): Verify element property value successfully

2023-08-20 14:25:34 - [MESSAGE][PASSED] - Verify element property value successfully

2023-08-20 14:25:34 - [TEST_STEP][PASSED] - verifyElementPropertyValue(getResponse, "groups[0].pricingPlans[2].pricingPlanData[1].productId", "KSA_B2C_SHAHID_VIP_GEA_SPORT_12M"): Verify element property value successfully

2023-08-20 14:25:34 - [MESSAGE][PASSED] - Verify element property value successfully

2023-08-20 14:25:34 - [TEST_STEP][PASSED] - verifyElementPropertyValue(getResponse, "groups[0].pricingPlans[2].pricingPlanData[1].subPricingPlanIds", "null"): Verify element property value successfully

2023-08-20 14:25:34 - [MESSAGE][PASSED] - Verify element property value successfully

2023-08-20 14:25:34 - [TEST_STEP][PASSED] - verifyElementPropertyValue(getResponse, "groups[0].pricingPlans[2].pricingPlanData[1].paymentMethod", "APPLE_PAY"): Verify element property value successfully

2023-08-20 14:25:34 - [MESSAGE][PASSED] - Verify element property value successfully

2023-08-20 14:25:34 - [TEST_STEP][PASSED] - verifyElementPropertyValue(getResponse, "groups[0].pricingPlans[2].pricingPlanData[1].freeTrialEnabled", "false"): Verify element property value successfully

2023-08-20 14:25:34 - [MESSAGE][PASSED] - Verify element property value successfully

2023-08-20 14:25:34 - [TEST_STEP][PASSED] - verifyElementPropertyValue(getResponse, "groups[0].pricingPlans[2].pricingPlanData[1].visualElements[0].key", "title"): Verify element property value successfully

2023-08-20 14:25:34 - [MESSAGE][PASSED] - Verify element property value successfully

2023-08-20 14:25:34 - [TEST_STEP][PASSED] - verifyElementPropertyValue(getResponse, "groups[0].pricingPlans[2].pricingPlanData[1].visualElements[0].value", "Apple Pay"): Verify element property value successfully

2023-08-20 14:25:34 - [MESSAGE][PASSED] - Verify element property value successfully

2023-08-20 14:25:34 - [TEST_STEP][PASSED] - verifyElementPropertyValue(getResponse, "groups[0].pricingPlans[2].pricingPlanData[1].visualElements[1].key", "CTA_text"): Verify element property value successfully

2023-08-20 14:25:34 - [MESSAGE][PASSED] - Verify element property value successfully

2023-08-20 14:25:34 - [TEST_STEP][FAILED] - verifyElementPropertyValue(getResponse, "groups[0].pricingPlans[2].pricingPlanData[1].visualElements[1].value", "S'abonner"): Expected element property value 'S'abonner' is not equal with actual property value 'S’abonner'

2023-08-20 14:25:34 - [MESSAGE][FAILED] - Expected element property value 'S'abonner' is not equal with actual property value 'S’abonner'

2023-08-20 14:25:34 - [TEST_STEP][PASSED] - verifyElementPropertyValue(getResponse, "groups[0].pricingPlans[2].pricingPlanData[1].visualElements[2].key", "logo"): Verify element property value successfully

2023-08-20 14:25:34 - [MESSAGE][PASSED] - Verify element property value successfully

2023-08-20 14:25:34 - [TEST_STEP][PASSED] - verifyElementPropertyValue(getResponse, "groups[0].pricingPlans[2].pricingPlanData[1].visualElements[2].value", "https://static.s3.shahid.mbc.net/widget-images/icons/ApplePay_PlanSelectionIcon.svg"): Verify element property value successfully

2023-08-20 14:25:34 - [MESSAGE][PASSED] - Verify element property value successfully

2023-08-20 14:25:34 - [TEST_STEP][PASSED] - verifyElementPropertyValue(getResponse, "groups[0].pricingPlans[2].pricingPlanData[1].priceLabel", "829.99"): Verify element property value successfully

2023-08-20 14:25:34 - [MESSAGE][PASSED] - Verify element property value successfully

2023-08-20 14:25:34 - [TEST_STEP][PASSED] - verifyElementPropertyValue(getResponse, "groups[0].pricingPlans[2].pricingPlanData[1].currencyLabel", "SAR"): Verify element property value successfully

2023-08-20 14:25:34 - [MESSAGE][PASSED] - Verify element property value successfully

2023-08-20 14:25:34 - [TEST_STEP][PASSED] - verifyElementPropertyValue(getResponse, "groups[0].pricingPlans[2].pricingPlanData[1].allowedForAcquisition", "true"): Verify element property value successfully

2023-08-20 14:25:34 - [MESSAGE][PASSED] - Verify element property value successfully

2023-08-20 14:25:34 - [TEST_STEP][PASSED] - verifyElementPropertyValue(getResponse, "visualElements[0].key", "main_CTA_text_1"): Verify element property value successfully

2023-08-20 14:25:34 - [MESSAGE][PASSED] - Verify element property value successfully

2023-08-20 14:25:34 - [TEST_STEP][PASSED] - verifyElementPropertyValue(getResponse, "visualElements[0].value", "Abonnez-vous dès maintenant et profitez de vos programmes sans publicité"): Verify element property value successfully

2023-08-20 14:25:34 - [MESSAGE][PASSED] - Verify element property value successfully

2023-08-20 14:25:34 - [TEST_STEP][PASSED] - verifyElementPropertyValue(getResponse, "visualElements[2].key", "main_disclaimer_text"): Verify element property value successfully

2023-08-20 14:25:34 - [MESSAGE][PASSED] - Verify element property value successfully

2023-08-20 14:25:34 - [TEST_STEP][PASSED] - verifyElementPropertyValue(getResponse, "visualElements[2].value", "Les frais d'abonnement peuvent varier selon le pays, le moyen de paiement, le forfait, les taxes, les taux de change et les frais bancaires. Les conditions générales d'utilisation s'appliquent."): Verify element property value successfully

2023-08-20 14:25:34 - [MESSAGE][PASSED] - Verify element property value successfully

2023-08-20 14:25:34 - [TEST_STEP][PASSED] - verifyElementPropertyValue(getResponse, "visualElements[4].key", "display_type"): Verify element property value successfully

2023-08-20 14:25:34 - [MESSAGE][PASSED] - Verify element property value successfully

2023-08-20 14:25:34 - [TEST_STEP][PASSED] - verifyElementPropertyValue(getResponse, "visualElements[4].value", "vertical"): Verify element property value successfully

2023-08-20 14:25:34 - [MESSAGE][PASSED] - Verify element property value successfully

2023-08-20 14:25:34 - [TEST_STEP][PASSED] - verifyElementPropertyValue(getResponse, "pages[0].visualElements[0].key", "alternative_payment_title"): Verify element property value successfully

2023-08-20 14:25:34 - [MESSAGE][PASSED] - Verify element property value successfully

2023-08-20 14:25:34 - [TEST_STEP][FAILED] - verifyElementPropertyValue(getResponse, "pages[0].visualElements[0].value", "Ou choisissez l’un des autres moyens de paiement suivants"): Expected element property value 'Ou choisissez l’un des autres moyens de paiement suivants' is not equal with actual property value 'Ou choisissez l'un des autres moyens de paiement suivants'

2023-08-20 14:25:34 - [MESSAGE][FAILED] - Expected element property value 'Ou choisissez l’un des autres moyens de paiement suivants' is not equal with actual property value 'Ou choisissez l'un des autres moyens de paiement suivants'

2023-08-20 14:25:34 - [TEST_STEP][PASSED] - verifyElementPropertyValue(getResponse, "pages[0].visualElements[1].key", "label_text"): Verify element property value successfully

2023-08-20 14:25:34 - [MESSAGE][PASSED] - Verify element property value successfully

2023-08-20 14:25:34 - [TEST_STEP][PASSED] - verifyElementPropertyValue(getResponse, "pages[0].visualElements[1].value", "Autres moyens de paiement"): Verify element property value successfully

2023-08-20 14:25:34 - [MESSAGE][PASSED] - Verify element property value successfully

2023-08-20 14:25:34 - [TEST_STEP][PASSED] - verifyElementPropertyValue(getResponse, "pages[0].visualElements[3].key", "CTA_text"): Verify element property value successfully

2023-08-20 14:25:34 - [MESSAGE][PASSED] - Verify element property value successfully

2023-08-20 14:25:34 - [TEST_STEP][PASSED] - verifyElementPropertyValue(getResponse, "pages[0].visualElements[3].value", "Cliquez ici"): Verify element property value successfully

2023-08-20 14:25:34 - [MESSAGE][PASSED] - Verify element property value successfully

2023-08-20 14:25:34 - [TEST_STEP][PASSED] - verifyElementPropertyValue(getResponse, "pages[0].visualElements[4].key", "main_title"): Verify element property value successfully

2023-08-20 14:25:34 - [MESSAGE][PASSED] - Verify element property value successfully

2023-08-20 14:25:34 - [TEST_STEP][PASSED] - verifyElementPropertyValue(getResponse, "pages[0].visualElements[4].value", "Autres moyens de paiement"): Verify element property value successfully

2023-08-20 14:25:34 - [MESSAGE][PASSED] - Verify element property value successfully

2023-08-20 14:25:34 - [TEST_STEP][PASSED] - verifyElementPropertyValue(getResponse, "pages[0].visualElements[6].key", "alternative_payment_methods"): Verify element property value successfully

2023-08-20 14:25:34 - [MESSAGE][PASSED] - Verify element property value successfully

2023-08-20 14:25:34 - [TEST_STEP][PASSED] - verifyElementPropertyValue(getResponse, "pages[0].visualElements[6].value", "Vous pouvez vous procurer un code promo Shahid auprès de l'un des points de vente suivants"): Verify element property value successfully

2023-08-20 14:25:34 - [MESSAGE][PASSED] - Verify element property value successfully

2023-08-20 14:25:34 - [TEST_STEP][PASSED] - verifyElementPropertyValue(getResponse, "partners[0].name", "STC Pay"): Verify element property value successfully

2023-08-20 14:25:34 - [MESSAGE][PASSED] - Verify element property value successfully

2023-08-20 14:25:34 - [TEST_STEP][FAILED] - verifyElementPropertyValue(getResponse, "partners[0].link", "http://stcpay.com.sa/sms/shahid"): Expected element property value 'http://stcpay.com.sa/sms/shahid' is not equal with actual property value 'https://stcpay.com.sa/download/'

2023-08-20 14:25:34 - [MESSAGE][FAILED] - Expected element property value 'http://stcpay.com.sa/sms/shahid' is not equal with actual property value 'https://stcpay.com.sa/download/'

2023-08-20 14:25:34 - [TEST_STEP][PASSED] - verifyElementPropertyValue(getResponse, "partners[0].logo", "https://static.s3.shahid.mbc.net/widget-images/logos/stcpay@2x.png"): Verify element property value successfully

2023-08-20 14:25:34 - [MESSAGE][PASSED] - Verify element property value successfully

2023-08-20 14:25:34 - [TEST_STEP][FAILED] - verifyElementPropertyValue(getResponse, "partners[0].visible", "false"): Expected element property value 'false' is not equal with actual property value 'true'

2023-08-20 14:25:34 - [MESSAGE][FAILED] - Expected element property value 'false' is not equal with actual property value 'true'

2023-08-20 14:25:34 - [TEST_STEP][PASSED] - verifyElementPropertyValue(getResponse, "partners[0].visualElements[0].key", "text"): Verify element property value successfully

2023-08-20 14:25:34 - [MESSAGE][PASSED] - Verify element property value successfully

2023-08-20 14:25:34 - [TEST_STEP][FAILED] - verifyElementPropertyValue(getResponse, "partners[0].visualElements[0].value", "Plus d'informations"): Expected element property value 'Plus d'informations' is not equal with actual property value 'Plus d’informations'

2023-08-20 14:25:34 - [MESSAGE][FAILED] - Expected element property value 'Plus d'informations' is not equal with actual property value 'Plus d’informations'

2023-08-20 14:25:34 - [TEST_STEP][PASSED] - verifyElementPropertyValue(getResponse, "partners[1].name", "Virgin Megastore"): Verify element property value successfully

2023-08-20 14:25:34 - [MESSAGE][PASSED] - Verify element property value successfully

2023-08-20 14:25:34 - [TEST_STEP][PASSED] - verifyElementPropertyValue(getResponse, "partners[1].link", "https://www.virginmegastore.sa/store-finder"): Verify element property value successfully

2023-08-20 14:25:34 - [MESSAGE][PASSED] - Verify element property value successfully

2023-08-20 14:25:34 - [TEST_STEP][PASSED] - verifyElementPropertyValue(getResponse, "partners[1].logo", "https://static.s3.shahid.mbc.net/widget-images/logos/virgin-megastore@2x.png"): Verify element property value successfully

2023-08-20 14:25:34 - [MESSAGE][PASSED] - Verify element property value successfully

2023-08-20 14:25:34 - [TEST_STEP][FAILED] - verifyElementPropertyValue(getResponse, "partners[1].visible", "false"): Expected element property value 'false' is not equal with actual property value 'true'

2023-08-20 14:25:34 - [MESSAGE][FAILED] - Expected element property value 'false' is not equal with actual property value 'true'

2023-08-20 14:25:34 - [TEST_STEP][PASSED] - verifyElementPropertyValue(getResponse, "partners[1].visualElements[0].key", "text"): Verify element property value successfully

2023-08-20 14:25:34 - [MESSAGE][PASSED] - Verify element property value successfully

2023-08-20 14:25:34 - [TEST_STEP][FAILED] - verifyElementPropertyValue(getResponse, "partners[1].visualElements[0].value", "Plus d'informations"): Expected element property value 'Plus d'informations' is not equal with actual property value 'Plus d’informations'

2023-08-20 14:25:34 - [MESSAGE][FAILED] - Expected element property value 'Plus d'informations' is not equal with actual property value 'Plus d’informations'

2023-08-20 14:25:34 - [TEST_STEP][PASSED] - verifyElementPropertyValue(getResponse, "partners[2].name", "Like Card"): Verify element property value successfully

2023-08-20 14:25:34 - [MESSAGE][PASSED] - Verify element property value successfully

2023-08-20 14:25:34 - [TEST_STEP][PASSED] - verifyElementPropertyValue(getResponse, "partners[2].link", "https://like4card.com/All-Shahid_VIP?country_id=2"): Verify element property value successfully

2023-08-20 14:25:34 - [MESSAGE][PASSED] - Verify element property value successfully

2023-08-20 14:25:34 - [TEST_STEP][PASSED] - verifyElementPropertyValue(getResponse, "partners[2].logo", "https://static.s3.shahid.mbc.net/widget-images/logos/likecard@2x.png"): Verify element property value successfully

2023-08-20 14:25:34 - [MESSAGE][PASSED] - Verify element property value successfully

2023-08-20 14:25:34 - [TEST_STEP][PASSED] - verifyElementPropertyValue(getResponse, "partners[2].visible", "true"): Verify element property value successfully

2023-08-20 14:25:34 - [MESSAGE][PASSED] - Verify element property value successfully

2023-08-20 14:25:34 - [TEST_STEP][PASSED] - verifyElementPropertyValue(getResponse, "partners[2].visualElements[0].key", "text"): Verify element property value successfully

2023-08-20 14:25:34 - [MESSAGE][PASSED] - Verify element property value successfully

2023-08-20 14:25:34 - [TEST_STEP][FAILED] - verifyElementPropertyValue(getResponse, "partners[2].visualElements[0].value", "Plus d'informations"): Expected element property value 'Plus d'informations' is not equal with actual property value 'Plus d’informations'

2023-08-20 14:25:34 - [MESSAGE][FAILED] - Expected element property value 'Plus d'informations' is not equal with actual property value 'Plus d’informations'

2023-08-20 14:25:34 - [TEST_STEP][PASSED] - verifyElementPropertyValue(getResponse, "partners[3].name", "You Got a Gift"): Verify element property value successfully

2023-08-20 14:25:34 - [MESSAGE][PASSED] - Verify element property value successfully

2023-08-20 14:25:34 - [TEST_STEP][PASSED] - verifyElementPropertyValue(getResponse, "partners[3].link", "https://yougotagift.com/saudi/gift-card/shahidvip-gift-card-sa/"): Verify element property value successfully

2023-08-20 14:25:34 - [MESSAGE][PASSED] - Verify element property value successfully

2023-08-20 14:25:34 - [TEST_STEP][PASSED] - verifyElementPropertyValue(getResponse, "partners[3].logo", "https://shahid-static.s3.us-east-1.amazonaws.com/widget-images/logos/you-gota-gift.svg"): Verify element property value successfully

2023-08-20 14:25:34 - [MESSAGE][PASSED] - Verify element property value successfully

2023-08-20 14:25:34 - [TEST_STEP][FAILED] - verifyElementPropertyValue(getResponse, "partners[3].visible", "false"): Expected element property value 'false' is not equal with actual property value 'true'

2023-08-20 14:25:34 - [MESSAGE][FAILED] - Expected element property value 'false' is not equal with actual property value 'true'

2023-08-20 14:25:34 - [TEST_STEP][PASSED] - verifyElementPropertyValue(getResponse, "partners[3].visualElements[0].key", "text"): Verify element property value successfully

2023-08-20 14:25:34 - [MESSAGE][PASSED] - Verify element property value successfully

2023-08-20 14:25:34 - [TEST_STEP][FAILED] - verifyElementPropertyValue(getResponse, "partners[3].visualElements[0].value", "Plus d'informations"): Expected element property value 'Plus d'informations' is not equal with actual property value 'Plus d’informations'

2023-08-20 14:25:34 - [MESSAGE][FAILED] - Expected element property value 'Plus d'informations' is not equal with actual property value 'Plus d’informations'

2023-08-20 14:25:34 - [TEST_STEP][PASSED] - verifyElementPropertyValue(getResponse, "partners[4].name", "Jarir"): Verify element property value successfully

2023-08-20 14:25:34 - [MESSAGE][PASSED] - Verify element property value successfully

2023-08-20 14:25:34 - [TEST_STEP][FAILED] - verifyElementPropertyValue(getResponse, "partners[4].link", "https://www.jarir.com/sa-en/storelocator/"): Expected element property value 'https://www.jarir.com/sa-en/storelocator/' is not equal with actual property value 'https://www.jarir.com/catalogsearch/result?search=Shahid'

2023-08-20 14:25:34 - [MESSAGE][FAILED] - Expected element property value 'https://www.jarir.com/sa-en/storelocator/' is not equal with actual property value 'https://www.jarir.com/catalogsearch/result?search=Shahid'

2023-08-20 14:25:34 - [TEST_STEP][PASSED] - verifyElementPropertyValue(getResponse, "partners[4].logo", "https://shahid-static.s3.us-east-1.amazonaws.com/shahid-subscription-config/Logo_Jarir.png"): Verify element property value successfully

2023-08-20 14:25:34 - [MESSAGE][PASSED] - Verify element property value successfully

2023-08-20 14:25:34 - [TEST_STEP][FAILED] - verifyElementPropertyValue(getResponse, "partners[4].visible", "false"): Expected element property value 'false' is not equal with actual property value 'true'

2023-08-20 14:25:34 - [MESSAGE][FAILED] - Expected element property value 'false' is not equal with actual property value 'true'

2023-08-20 14:25:34 - [TEST_STEP][PASSED] - verifyElementPropertyValue(getResponse, "partners[4].visualElements[0].key", "text"): Verify element property value successfully

2023-08-20 14:25:34 - [MESSAGE][PASSED] - Verify element property value successfully

2023-08-20 14:25:34 - [TEST_STEP][FAILED] - verifyElementPropertyValue(getResponse, "partners[4].visualElements[0].value", "Plus d'informations"): Expected element property value 'Plus d'informations' is not equal with actual property value 'Plus d’informations'

2023-08-20 14:25:34 - [MESSAGE][FAILED] - Expected element property value 'Plus d'informations' is not equal with actual property value 'Plus d’informations'

2023-08-20 14:25:34 - [TEST_STEP][FAILED] - verifyElementPropertyValue(getResponse, "partners[5].name", "Extra"): Expected element property value 'Extra' is not equal with actual property value 'Tokyo Games'

2023-08-20 14:25:34 - [MESSAGE][FAILED] - Expected element property value 'Extra' is not equal with actual property value 'Tokyo Games'

2023-08-20 14:25:34 - [TEST_STEP][FAILED] - verifyElementPropertyValue(getResponse, "partners[5].link", "https://www.extra.com/en-sa/store-finder"): Expected element property value 'https://www.extra.com/en-sa/store-finder' is not equal with actual property value 'https://www.tokyogames.com/en/301-shahid-cards'

2023-08-20 14:25:34 - [MESSAGE][FAILED] - Expected element property value 'https://www.extra.com/en-sa/store-finder' is not equal with actual property value 'https://www.tokyogames.com/en/301-shahid-cards'

2023-08-20 14:25:34 - [TEST_STEP][FAILED] - verifyElementPropertyValue(getResponse, "partners[5].logo", "https://shahid-static.s3.us-east-1.amazonaws.com/shahid-subscription-config/Extra%20Logo.png"): Expected element property value 'https://shahid-static.s3.us-east-1.amazonaws.com/shahid-subscription-config/Extra%20Logo.png' is not equal with actual property value 'https://shahid-static.s3.amazonaws.com/widget-images/logos/Logo_Alireza.png'

2023-08-20 14:25:34 - [MESSAGE][FAILED] - Expected element property value 'https://shahid-static.s3.us-east-1.amazonaws.com/shahid-subscription-config/Extra%20Logo.png' is not equal with actual property value 'https://shahid-static.s3.amazonaws.com/widget-images/logos/Logo_Alireza.png'

2023-08-20 14:25:34 - [TEST_STEP][FAILED] - verifyElementPropertyValue(getResponse, "partners[5].visible", "false"): Expected element property value 'false' is not equal with actual property value 'true'

2023-08-20 14:25:34 - [MESSAGE][FAILED] - Expected element property value 'false' is not equal with actual property value 'true'

2023-08-20 14:25:34 - [TEST_STEP][PASSED] - verifyElementPropertyValue(getResponse, "partners[5].visualElements[0].key", "text"): Verify element property value successfully

2023-08-20 14:25:34 - [MESSAGE][PASSED] - Verify element property value successfully

2023-08-20 14:25:34 - [TEST_STEP][FAILED] - verifyElementPropertyValue(getResponse, "partners[5].visualElements[0].value", "Plus d'informations"): Expected element property value 'Plus d'informations' is not equal with actual property value 'Plus d’informations'

2023-08-20 14:25:34 - [MESSAGE][FAILED] - Expected element property value 'Plus d'informations' is not equal with actual property value 'Plus d’informations'

2023-08-20 14:25:34 - [TEST_STEP][PASSED] - verifyElementPropertyValue(getResponse, "defaultPackageId", "SHAHID_VIP"): Verify element property value successfully

2023-08-20 14:25:34 - [MESSAGE][PASSED] - Verify element property value successfully]]></system-out>
         <system-err><![CDATA[2023-08-20 14:25:32 - [TEST_CASE][FAILED] - Test Cases/WEB - SAFARI/SAU PI/WEB_FR_getSubscriptionConfigForSAU_Ultimate: Test Cases/WEB - SAFARI/SAU PI/WEB_FR_getSubscriptionConfigForSAU_Ultimate FAILED.
Reason:
com.kms.katalon.core.exception.StepFailedException: Expected element property value 'S'abonner' is not equal with actual property value 'S’abonner'
	at com.kms.katalon.core.keyword.internal.KeywordMain.stepFailed(KeywordMain.groovy:39)
	at com.kms.katalon.core.webservice.keyword.builtin.VerifyElementPropertyValueKeyword$_verifyElementPropertyValue_closure1.doCall(VerifyElementPropertyValueKeyword.groovy:56)
	at com.kms.katalon.core.webservice.keyword.builtin.VerifyElementPropertyValueKeyword$_verifyElementPropertyValue_closure1.call(VerifyElementPropertyValueKeyword.groovy)
	at com.kms.katalon.core.keyword.internal.KeywordMain.runKeyword(KeywordMain.groovy:74)
	at com.kms.katalon.core.webservice.keyword.builtin.VerifyElementPropertyValueKeyword.verifyElementPropertyValue(VerifyElementPropertyValueKeyword.groovy:48)
	at com.kms.katalon.core.webservice.keyword.builtin.VerifyElementPropertyValueKeyword.execute(VerifyElementPropertyValueKeyword.groovy:43)
	at com.kms.katalon.core.keyword.internal.KeywordExecutor.executeKeywordForPlatform(KeywordExecutor.groovy:74)
	at com.kms.katalon.core.webservice.keyword.WSBuiltInKeywords.verifyElementPropertyValue(WSBuiltInKeywords.groovy:190)
	at com.kms.katalon.core.webservice.keyword.WSBuiltInKeywords$verifyElementPropertyValue$1.call(Unknown Source)
	at WEB_FR_getSubscriptionConfigForSAU_Ultimate.run(WEB_FR_getSubscriptionConfigForSAU_Ultimate:99)
	at com.kms.katalon.core.main.ScriptEngine.run(ScriptEngine.java:194)
	at com.kms.katalon.core.main.ScriptEngine.runScriptAsRawText(ScriptEngine.java:119)
	at com.kms.katalon.core.main.TestCaseExecutor.runScript(TestCaseExecutor.java:448)
	at com.kms.katalon.core.main.TestCaseExecutor.doExecute(TestCaseExecutor.java:439)
	at com.kms.katalon.core.main.TestCaseExecutor.processExecutionPhase(TestCaseExecutor.java:418)
	at com.kms.katalon.core.main.TestCaseExecutor.accessMainPhase(TestCaseExecutor.java:410)
	at com.kms.katalon.core.main.TestCaseExecutor.execute(TestCaseExecutor.java:285)
	at com.kms.katalon.core.common.CommonExecutor.accessTestCaseMainPhase(CommonExecutor.java:65)
	at com.kms.katalon.core.main.TestSuiteExecutor.accessTestSuiteMainPhase(TestSuiteExecutor.java:151)
	at com.kms.katalon.core.main.TestSuiteExecutor.execute(TestSuiteExecutor.java:106)
	at com.kms.katalon.core.main.TestCaseMain.startTestSuite(TestCaseMain.java:185)
	at com.kms.katalon.core.main.TestCaseMain$startTestSuite$0.call(Unknown Source)
	at TempTestSuite1692530449060.run(TempTestSuite1692530449060.groovy:36)]]></system-err>
      </testcase>
      <testcase name="Test Cases/WEB - SAFARI/SAU PI/WEB_FR_getSubscriptionConfigForSAU_VIP" time="3.436" classname="Test Cases/WEB - SAFARI/SAU PI/WEB_FR_getSubscriptionConfigForSAU_VIP" status="PASSED">
         <system-out><![CDATA[2023-08-20 14:25:34 - [TEST_CASE][PASSED] - Test Cases/WEB - SAFARI/SAU PI/WEB_FR_getSubscriptionConfigForSAU_VIP: Test Cases/WEB - SAFARI/SAU PI/WEB_FR_getSubscriptionConfigForSAU_VIP

2023-08-20 14:25:34 - [TEST_STEP][PASSED] - getResponse = config_files.getConfigFile.getConfig("WEB", "FR", "SHAHID_VIP", "SA", "true"): config_files.getConfigFile.getConfig is PASSED

2023-08-20 14:25:35 - [MESSAGE][INFO] - HAR: /Users/admin/Desktop/KatalonProjects/Shahid-BYG/Reports/20230820_142039/WEB-SAFARI/SAU/20230820_142049/requests/main/3.har

2023-08-20 14:25:35 - [MESSAGE][PASSED] - Send request successfully

2023-08-20 14:25:35 - [MESSAGE][PASSED] - config_files.getConfigFile.getConfig is PASSED

2023-08-20 14:25:35 - [TEST_STEP][PASSED] - verifyResponseStatusCode(getResponse, 200): Verify response status code successfully

2023-08-20 14:25:35 - [MESSAGE][PASSED] - Verify response status code successfully

2023-08-20 14:25:35 - [TEST_STEP][PASSED] - verifyElementPropertyValue(getResponse, "country", "SAU"): Verify element property value successfully

2023-08-20 14:25:35 - [MESSAGE][PASSED] - Verify element property value successfully

2023-08-20 14:25:35 - [TEST_STEP][PASSED] - verifyElementPropertyValue(getResponse, "platform", "[WEB]"): Verify element property value successfully

2023-08-20 14:25:35 - [MESSAGE][PASSED] - Verify element property value successfully

2023-08-20 14:25:35 - [TEST_STEP][PASSED] - verifyElementPropertyValue(getResponse, "groups[0].pricingPlans[0].featured", "true"): Verify element property value successfully

2023-08-20 14:25:35 - [MESSAGE][PASSED] - Verify element property value successfully

2023-08-20 14:25:35 - [TEST_STEP][PASSED] - verifyElementPropertyValue(getResponse, "groups[0].pricingPlans[0].packageId", "SHAHID_VIP"): Verify element property value successfully

2023-08-20 14:25:35 - [MESSAGE][PASSED] - Verify element property value successfully

2023-08-20 14:25:35 - [TEST_STEP][PASSED] - verifyElementPropertyValue(getResponse, "groups[0].pricingPlans[0].catalogId", "VIP"): Verify element property value successfully

2023-08-20 14:25:35 - [MESSAGE][PASSED] - Verify element property value successfully

2023-08-20 14:25:35 - [TEST_STEP][PASSED] - verifyElementPropertyValue(getResponse, "groups[0].pricingPlans[0].visualElements[0].key", "Header_1_text"): Verify element property value successfully

2023-08-20 14:25:35 - [MESSAGE][PASSED] - Verify element property value successfully

2023-08-20 14:25:35 - [TEST_STEP][PASSED] - verifyElementPropertyValue(getResponse, "groups[0].pricingPlans[0].visualElements[0].value", "Abonnez-vous dès maintenant et profitez de vos programmes sans publicité"): Verify element property value successfully

2023-08-20 14:25:35 - [MESSAGE][PASSED] - Verify element property value successfully

2023-08-20 14:25:35 - [TEST_STEP][PASSED] - verifyElementPropertyValue(getResponse, "groups[0].pricingPlans[0].visualElements[1].key", "display_title"): Verify element property value successfully

2023-08-20 14:25:35 - [MESSAGE][PASSED] - Verify element property value successfully

2023-08-20 14:25:35 - [TEST_STEP][PASSED] - verifyElementPropertyValue(getResponse, "groups[0].pricingPlans[0].visualElements[1].value", "Plan Mensuel "): Verify element property value successfully

2023-08-20 14:25:35 - [MESSAGE][PASSED] - Verify element property value successfully

2023-08-20 14:25:35 - [TEST_STEP][PASSED] - verifyElementPropertyValue(getResponse, "groups[0].pricingPlans[0].visualElements[2].key", "promo_text"): Verify element property value successfully

2023-08-20 14:25:35 - [MESSAGE][PASSED] - Verify element property value successfully

2023-08-20 14:25:35 - [TEST_STEP][PASSED] - verifyElementPropertyValue(getResponse, "groups[0].pricingPlans[0].visualElements[2].value", "39.99 SAR/ mois"): Verify element property value successfully

2023-08-20 14:25:35 - [MESSAGE][PASSED] - Verify element property value successfully

2023-08-20 14:25:35 - [TEST_STEP][PASSED] - verifyElementPropertyValue(getResponse, "groups[0].pricingPlans[0].visualElements[3].key", "deduction_text"): Verify element property value successfully

2023-08-20 14:25:35 - [MESSAGE][PASSED] - Verify element property value successfully

2023-08-20 14:25:35 - [TEST_STEP][PASSED] - verifyElementPropertyValue(getResponse, "groups[0].pricingPlans[0].visualElements[3].value", "facturation mensuelle"): Verify element property value successfully

2023-08-20 14:25:35 - [MESSAGE][PASSED] - Verify element property value successfully

2023-08-20 14:25:35 - [TEST_STEP][PASSED] - verifyElementPropertyValue(getResponse, "groups[0].pricingPlans[0].visualElements[6].key", "show_payment_logo"): Verify element property value successfully

2023-08-20 14:25:35 - [MESSAGE][PASSED] - Verify element property value successfully

2023-08-20 14:25:35 - [TEST_STEP][PASSED] - verifyElementPropertyValue(getResponse, "groups[0].pricingPlans[0].visualElements[6].value", "true"): Verify element property value successfully

2023-08-20 14:25:35 - [MESSAGE][PASSED] - Verify element property value successfully

2023-08-20 14:25:35 - [TEST_STEP][PASSED] - verifyElementPropertyValue(getResponse, "groups[0].pricingPlans[0].visualElements[8].key", "price"): Verify element property value successfully

2023-08-20 14:25:35 - [MESSAGE][PASSED] - Verify element property value successfully

2023-08-20 14:25:35 - [TEST_STEP][PASSED] - verifyElementPropertyValue(getResponse, "groups[0].pricingPlans[0].visualElements[8].value", "39.99"): Verify element property value successfully

2023-08-20 14:25:35 - [MESSAGE][PASSED] - Verify element property value successfully

2023-08-20 14:25:35 - [TEST_STEP][PASSED] - verifyElementPropertyValue(getResponse, "groups[0].pricingPlans[0].visualElements[9].key", "currency"): Verify element property value successfully

2023-08-20 14:25:35 - [MESSAGE][PASSED] - Verify element property value successfully

2023-08-20 14:25:35 - [TEST_STEP][PASSED] - verifyElementPropertyValue(getResponse, "groups[0].pricingPlans[0].visualElements[9].value", "SAR"): Verify element property value successfully

2023-08-20 14:25:35 - [MESSAGE][PASSED] - Verify element property value successfully

2023-08-20 14:25:35 - [TEST_STEP][PASSED] - verifyElementPropertyValue(getResponse, "groups[0].pricingPlans[0].visualElements[10].key", "duration"): Verify element property value successfully

2023-08-20 14:25:35 - [MESSAGE][PASSED] - Verify element property value successfully

2023-08-20 14:25:35 - [TEST_STEP][PASSED] - verifyElementPropertyValue(getResponse, "groups[0].pricingPlans[0].visualElements[10].value", "Mensuel"): Verify element property value successfully

2023-08-20 14:25:35 - [MESSAGE][PASSED] - Verify element property value successfully

2023-08-20 14:25:35 - [TEST_STEP][PASSED] - verifyElementPropertyValue(getResponse, "groups[0].pricingPlans[0].order", "0"): Verify element property value successfully

2023-08-20 14:25:35 - [MESSAGE][PASSED] - Verify element property value successfully

2023-08-20 14:25:35 - [TEST_STEP][PASSED] - verifyElementPropertyValue(getResponse, "groups[0].pricingPlans[0].period", "monthly"): Verify element property value successfully

2023-08-20 14:25:35 - [MESSAGE][PASSED] - Verify element property value successfully

2023-08-20 14:25:35 - [TEST_STEP][PASSED] - verifyElementPropertyValue(getResponse, "groups[0].pricingPlans[0].price", "39.99"): Verify element property value successfully

2023-08-20 14:25:35 - [MESSAGE][PASSED] - Verify element property value successfully

2023-08-20 14:25:35 - [TEST_STEP][PASSED] - verifyElementPropertyValue(getResponse, "groups[0].pricingPlans[0].currency", "SAR"): Verify element property value successfully

2023-08-20 14:25:35 - [MESSAGE][PASSED] - Verify element property value successfully

2023-08-20 14:25:35 - [TEST_STEP][PASSED] - verifyElementPropertyValue(getResponse, "groups[0].pricingPlans[0].pricingPlanData[0].productId", "KSA_B2C_SHAHID_VIP_1M"): Verify element property value successfully

2023-08-20 14:25:35 - [MESSAGE][PASSED] - Verify element property value successfully

2023-08-20 14:25:35 - [TEST_STEP][PASSED] - verifyElementPropertyValue(getResponse, "groups[0].pricingPlans[0].pricingPlanData[0].subPricingPlanIds", "null"): Verify element property value successfully

2023-08-20 14:25:35 - [MESSAGE][PASSED] - Verify element property value successfully

2023-08-20 14:25:35 - [TEST_STEP][PASSED] - verifyElementPropertyValue(getResponse, "groups[0].pricingPlans[0].pricingPlanData[0].paymentMethod", "CREDIT_CARD"): Verify element property value successfully

2023-08-20 14:25:35 - [MESSAGE][PASSED] - Verify element property value successfully

2023-08-20 14:25:35 - [TEST_STEP][PASSED] - verifyElementPropertyValue(getResponse, "groups[0].pricingPlans[0].pricingPlanData[0].freeTrialEnabled", "false"): Verify element property value successfully

2023-08-20 14:25:35 - [MESSAGE][PASSED] - Verify element property value successfully

2023-08-20 14:25:35 - [TEST_STEP][PASSED] - verifyElementPropertyValue(getResponse, "groups[0].pricingPlans[0].pricingPlanData[0].visualElements[0].key", "title"): Verify element property value successfully

2023-08-20 14:25:35 - [MESSAGE][PASSED] - Verify element property value successfully

2023-08-20 14:25:35 - [TEST_STEP][PASSED] - verifyElementPropertyValue(getResponse, "groups[0].pricingPlans[0].pricingPlanData[0].visualElements[0].value", "Carte de crédit/débit"): Verify element property value successfully

2023-08-20 14:25:35 - [MESSAGE][PASSED] - Verify element property value successfully

2023-08-20 14:25:35 - [TEST_STEP][PASSED] - verifyElementPropertyValue(getResponse, "groups[0].pricingPlans[0].pricingPlanData[0].visualElements[1].key", "CTA_text"): Verify element property value successfully

2023-08-20 14:25:35 - [MESSAGE][PASSED] - Verify element property value successfully

2023-08-20 14:25:35 - [TEST_STEP][PASSED] - verifyElementPropertyValue(getResponse, "groups[0].pricingPlans[0].pricingPlanData[0].visualElements[1].value", "S'abonner"): Verify element property value successfully

2023-08-20 14:25:35 - [MESSAGE][PASSED] - Verify element property value successfully

2023-08-20 14:25:35 - [TEST_STEP][PASSED] - verifyElementPropertyValue(getResponse, "groups[0].pricingPlans[0].pricingPlanData[0].visualElements[2].key", "logo"): Verify element property value successfully

2023-08-20 14:25:35 - [MESSAGE][PASSED] - Verify element property value successfully

2023-08-20 14:25:35 - [TEST_STEP][PASSED] - verifyElementPropertyValue(getResponse, "groups[0].pricingPlans[0].pricingPlanData[0].visualElements[2].value", "https://static.s3.shahid.mbc.net/widget-images/icons/iconCreditCard.png"): Verify element property value successfully

2023-08-20 14:25:35 - [MESSAGE][PASSED] - Verify element property value successfully

2023-08-20 14:25:35 - [TEST_STEP][PASSED] - verifyElementPropertyValue(getResponse, "groups[0].pricingPlans[0].pricingPlanData[0].priceLabel", "39.99"): Verify element property value successfully

2023-08-20 14:25:35 - [MESSAGE][PASSED] - Verify element property value successfully

2023-08-20 14:25:35 - [TEST_STEP][PASSED] - verifyElementPropertyValue(getResponse, "groups[0].pricingPlans[0].pricingPlanData[0].currencyLabel", "SAR"): Verify element property value successfully

2023-08-20 14:25:35 - [MESSAGE][PASSED] - Verify element property value successfully

2023-08-20 14:25:35 - [TEST_STEP][PASSED] - verifyElementPropertyValue(getResponse, "groups[0].pricingPlans[0].pricingPlanData[1].productId", "KSA_B2C_SHAHID_VIP_1M"): Verify element property value successfully

2023-08-20 14:25:35 - [MESSAGE][PASSED] - Verify element property value successfully

2023-08-20 14:25:35 - [TEST_STEP][PASSED] - verifyElementPropertyValue(getResponse, "groups[0].pricingPlans[0].pricingPlanData[1].subPricingPlanIds", "null"): Verify element property value successfully

2023-08-20 14:25:35 - [MESSAGE][PASSED] - Verify element property value successfully

2023-08-20 14:25:35 - [TEST_STEP][PASSED] - verifyElementPropertyValue(getResponse, "groups[0].pricingPlans[0].pricingPlanData[1].paymentMethod", "APPLE_PAY"): Verify element property value successfully

2023-08-20 14:25:35 - [MESSAGE][PASSED] - Verify element property value successfully

2023-08-20 14:25:35 - [TEST_STEP][PASSED] - verifyElementPropertyValue(getResponse, "groups[0].pricingPlans[0].pricingPlanData[1].freeTrialEnabled", "false"): Verify element property value successfully

2023-08-20 14:25:35 - [MESSAGE][PASSED] - Verify element property value successfully

2023-08-20 14:25:35 - [TEST_STEP][PASSED] - verifyElementPropertyValue(getResponse, "groups[0].pricingPlans[0].pricingPlanData[1].visualElements[0].key", "title"): Verify element property value successfully

2023-08-20 14:25:35 - [MESSAGE][PASSED] - Verify element property value successfully

2023-08-20 14:25:35 - [TEST_STEP][PASSED] - verifyElementPropertyValue(getResponse, "groups[0].pricingPlans[0].pricingPlanData[1].visualElements[0].value", "Apple Pay"): Verify element property value successfully

2023-08-20 14:25:35 - [MESSAGE][PASSED] - Verify element property value successfully

2023-08-20 14:25:35 - [TEST_STEP][PASSED] - verifyElementPropertyValue(getResponse, "groups[0].pricingPlans[0].pricingPlanData[1].visualElements[1].key", "CTA_text"): Verify element property value successfully

2023-08-20 14:25:35 - [MESSAGE][PASSED] - Verify element property value successfully

2023-08-20 14:25:35 - [TEST_STEP][PASSED] - verifyElementPropertyValue(getResponse, "groups[0].pricingPlans[0].pricingPlanData[1].visualElements[1].value", "S’abonner"): Verify element property value successfully

2023-08-20 14:25:35 - [MESSAGE][PASSED] - Verify element property value successfully

2023-08-20 14:25:35 - [TEST_STEP][PASSED] - verifyElementPropertyValue(getResponse, "groups[0].pricingPlans[0].pricingPlanData[1].visualElements[2].key", "logo"): Verify element property value successfully

2023-08-20 14:25:36 - [MESSAGE][PASSED] - Verify element property value successfully

2023-08-20 14:25:36 - [TEST_STEP][PASSED] - verifyElementPropertyValue(getResponse, "groups[0].pricingPlans[0].pricingPlanData[1].visualElements[2].value", "https://static.s3.shahid.mbc.net/widget-images/icons/ApplePay_PlanSelectionIcon.svg"): Verify element property value successfully

2023-08-20 14:25:36 - [MESSAGE][PASSED] - Verify element property value successfully

2023-08-20 14:25:36 - [TEST_STEP][PASSED] - verifyElementPropertyValue(getResponse, "groups[0].pricingPlans[0].pricingPlanData[1].priceLabel", "39.99"): Verify element property value successfully

2023-08-20 14:25:36 - [MESSAGE][PASSED] - Verify element property value successfully

2023-08-20 14:25:36 - [TEST_STEP][PASSED] - verifyElementPropertyValue(getResponse, "groups[0].pricingPlans[0].pricingPlanData[1].currencyLabel", "SAR"): Verify element property value successfully

2023-08-20 14:25:36 - [MESSAGE][PASSED] - Verify element property value successfully

2023-08-20 14:25:36 - [TEST_STEP][PASSED] - verifyElementPropertyValue(getResponse, "groups[0].pricingPlans[0].pricingPlanData[2].pricingPlanId", "TPay_Zain_SA"): Verify element property value successfully

2023-08-20 14:25:36 - [MESSAGE][PASSED] - Verify element property value successfully

2023-08-20 14:25:36 - [TEST_STEP][PASSED] - verifyElementPropertyValue(getResponse, "groups[0].pricingPlans[0].pricingPlanData[2].productId", "KSA_B2C_SHAHID_VIP_1M"): Verify element property value successfully

2023-08-20 14:25:36 - [MESSAGE][PASSED] - Verify element property value successfully

2023-08-20 14:25:36 - [TEST_STEP][PASSED] - verifyElementPropertyValue(getResponse, "groups[0].pricingPlans[0].pricingPlanData[2].subPricingPlanIds[0]", "42004"): Verify element property value successfully

2023-08-20 14:25:36 - [MESSAGE][PASSED] - Verify element property value successfully

2023-08-20 14:25:36 - [TEST_STEP][PASSED] - verifyElementPropertyValue(getResponse, "groups[0].pricingPlans[0].pricingPlanData[2].paymentMethod", "MOBILE_PAY"): Verify element property value successfully

2023-08-20 14:25:36 - [MESSAGE][PASSED] - Verify element property value successfully

2023-08-20 14:25:36 - [TEST_STEP][PASSED] - verifyElementPropertyValue(getResponse, "groups[0].pricingPlans[0].pricingPlanData[2].freeTrialEnabled", "false"): Verify element property value successfully

2023-08-20 14:25:36 - [MESSAGE][PASSED] - Verify element property value successfully

2023-08-20 14:25:36 - [TEST_STEP][PASSED] - verifyElementPropertyValue(getResponse, "groups[0].pricingPlans[0].pricingPlanData[2].showIn[0]", "VERTICAL_MODE"): Verify element property value successfully

2023-08-20 14:25:36 - [MESSAGE][PASSED] - Verify element property value successfully

2023-08-20 14:25:36 - [TEST_STEP][PASSED] - verifyElementPropertyValue(getResponse, "groups[0].pricingPlans[0].pricingPlanData[2].showIn[1]", "HORIZONTAL_MODE"): Verify element property value successfully

2023-08-20 14:25:36 - [MESSAGE][PASSED] - Verify element property value successfully

2023-08-20 14:25:36 - [TEST_STEP][PASSED] - verifyElementPropertyValue(getResponse, "groups[0].pricingPlans[0].pricingPlanData[2].visualElements[0].key", "payment_option_group"): Verify element property value successfully

2023-08-20 14:25:36 - [MESSAGE][PASSED] - Verify element property value successfully

2023-08-20 14:25:36 - [TEST_STEP][PASSED] - verifyElementPropertyValue(getResponse, "groups[0].pricingPlans[0].pricingPlanData[2].visualElements[0].value", "true"): Verify element property value successfully

2023-08-20 14:25:36 - [MESSAGE][PASSED] - Verify element property value successfully

2023-08-20 14:25:36 - [TEST_STEP][PASSED] - verifyElementPropertyValue(getResponse, "groups[0].pricingPlans[0].pricingPlanData[2].visualElements[1].key", "title"): Verify element property value successfully

2023-08-20 14:25:36 - [MESSAGE][PASSED] - Verify element property value successfully

2023-08-20 14:25:36 - [TEST_STEP][PASSED] - verifyElementPropertyValue(getResponse, "groups[0].pricingPlans[0].pricingPlanData[2].visualElements[1].value", "Paiement mobile"): Verify element property value successfully

2023-08-20 14:25:36 - [MESSAGE][PASSED] - Verify element property value successfully

2023-08-20 14:25:36 - [TEST_STEP][PASSED] - verifyElementPropertyValue(getResponse, "groups[0].pricingPlans[0].pricingPlanData[2].visualElements[2].key", "CTA_text"): Verify element property value successfully

2023-08-20 14:25:36 - [MESSAGE][PASSED] - Verify element property value successfully

2023-08-20 14:25:36 - [TEST_STEP][PASSED] - verifyElementPropertyValue(getResponse, "groups[0].pricingPlans[0].pricingPlanData[2].visualElements[2].value", "S'abonner"): Verify element property value successfully

2023-08-20 14:25:36 - [MESSAGE][PASSED] - Verify element property value successfully

2023-08-20 14:25:36 - [TEST_STEP][PASSED] - verifyElementPropertyValue(getResponse, "groups[0].pricingPlans[0].pricingPlanData[2].visualElements[3].key", "logo"): Verify element property value successfully

2023-08-20 14:25:36 - [MESSAGE][PASSED] - Verify element property value successfully

2023-08-20 14:25:36 - [TEST_STEP][PASSED] - verifyElementPropertyValue(getResponse, "groups[0].pricingPlans[0].pricingPlanData[2].visualElements[3].value", "https://static.s3.shahid.mbc.net/widget-images/icons/iconMobile.png"): Verify element property value successfully

2023-08-20 14:25:36 - [MESSAGE][PASSED] - Verify element property value successfully

2023-08-20 14:25:36 - [TEST_STEP][PASSED] - verifyElementPropertyValue(getResponse, "groups[0].pricingPlans[0].pricingPlanData[2].priceLabel", "39.99"): Verify element property value successfully

2023-08-20 14:25:36 - [MESSAGE][PASSED] - Verify element property value successfully

2023-08-20 14:25:36 - [TEST_STEP][PASSED] - verifyElementPropertyValue(getResponse, "groups[0].pricingPlans[0].pricingPlanData[2].currencyLabel", "SAR"): Verify element property value successfully

2023-08-20 14:25:36 - [MESSAGE][PASSED] - Verify element property value successfully

2023-08-20 14:25:36 - [TEST_STEP][PASSED] - verifyElementPropertyValue(getResponse, "groups[0].pricingPlans[0].pricingPlanData[2].allowedForAcquisition", "true"): Verify element property value successfully

2023-08-20 14:25:36 - [MESSAGE][PASSED] - Verify element property value successfully

2023-08-20 14:25:36 - [TEST_STEP][PASSED] - verifyElementPropertyValue(getResponse, "groups[0].pricingPlans[0].pricingPlanData[3].pricingPlanId", "TPay_Mobily_SA"): Verify element property value successfully

2023-08-20 14:25:36 - [MESSAGE][PASSED] - Verify element property value successfully

2023-08-20 14:25:36 - [TEST_STEP][PASSED] - verifyElementPropertyValue(getResponse, "groups[0].pricingPlans[0].pricingPlanData[3].productId", "KSA_B2C_SHAHID_VIP_1M"): Verify element property value successfully

2023-08-20 14:25:36 - [MESSAGE][PASSED] - Verify element property value successfully

2023-08-20 14:25:36 - [TEST_STEP][PASSED] - verifyElementPropertyValue(getResponse, "groups[0].pricingPlans[0].pricingPlanData[3].subPricingPlanIds[0]", "42003"): Verify element property value successfully

2023-08-20 14:25:36 - [MESSAGE][PASSED] - Verify element property value successfully

2023-08-20 14:25:36 - [TEST_STEP][PASSED] - verifyElementPropertyValue(getResponse, "groups[0].pricingPlans[0].pricingPlanData[3].paymentMethod", "MOBILE_PAY"): Verify element property value successfully

2023-08-20 14:25:36 - [MESSAGE][PASSED] - Verify element property value successfully

2023-08-20 14:25:36 - [TEST_STEP][PASSED] - verifyElementPropertyValue(getResponse, "groups[0].pricingPlans[0].pricingPlanData[3].freeTrialEnabled", "false"): Verify element property value successfully

2023-08-20 14:25:36 - [MESSAGE][PASSED] - Verify element property value successfully

2023-08-20 14:25:36 - [TEST_STEP][PASSED] - verifyElementPropertyValue(getResponse, "groups[0].pricingPlans[0].pricingPlanData[3].priceLabel", "39.99"): Verify element property value successfully

2023-08-20 14:25:36 - [MESSAGE][PASSED] - Verify element property value successfully

2023-08-20 14:25:36 - [TEST_STEP][PASSED] - verifyElementPropertyValue(getResponse, "groups[0].pricingPlans[0].pricingPlanData[3].currencyLabel", "SAR"): Verify element property value successfully

2023-08-20 14:25:36 - [MESSAGE][PASSED] - Verify element property value successfully

2023-08-20 14:25:36 - [TEST_STEP][PASSED] - verifyElementPropertyValue(getResponse, "groups[0].pricingPlans[0].pricingPlanData[3].allowedForAcquisition", "true"): Verify element property value successfully

2023-08-20 14:25:36 - [MESSAGE][PASSED] - Verify element property value successfully

2023-08-20 14:25:36 - [TEST_STEP][PASSED] - verifyElementPropertyValue(getResponse, "groups[0].pricingPlans[0].pricingPlanData[4].pricingPlanId", "TPay_STC_SA"): Verify element property value successfully

2023-08-20 14:25:36 - [MESSAGE][PASSED] - Verify element property value successfully

2023-08-20 14:25:36 - [TEST_STEP][PASSED] - verifyElementPropertyValue(getResponse, "groups[0].pricingPlans[0].pricingPlanData[4].productId", "KSA_B2C_SHAHID_VIP_1M"): Verify element property value successfully

2023-08-20 14:25:36 - [MESSAGE][PASSED] - Verify element property value successfully

2023-08-20 14:25:36 - [TEST_STEP][PASSED] - verifyElementPropertyValue(getResponse, "groups[0].pricingPlans[0].pricingPlanData[4].subPricingPlanIds[0]", "42001"): Verify element property value successfully

2023-08-20 14:25:36 - [MESSAGE][PASSED] - Verify element property value successfully

2023-08-20 14:25:36 - [TEST_STEP][PASSED] - verifyElementPropertyValue(getResponse, "groups[0].pricingPlans[0].pricingPlanData[4].paymentMethod", "MOBILE_PAY"): Verify element property value successfully

2023-08-20 14:25:36 - [MESSAGE][PASSED] - Verify element property value successfully

2023-08-20 14:25:36 - [TEST_STEP][PASSED] - verifyElementPropertyValue(getResponse, "groups[0].pricingPlans[0].pricingPlanData[4].freeTrialEnabled", "false"): Verify element property value successfully

2023-08-20 14:25:36 - [MESSAGE][PASSED] - Verify element property value successfully

2023-08-20 14:25:36 - [TEST_STEP][PASSED] - verifyElementPropertyValue(getResponse, "groups[0].pricingPlans[0].pricingPlanData[4].priceLabel", "39.99"): Verify element property value successfully

2023-08-20 14:25:36 - [MESSAGE][PASSED] - Verify element property value successfully

2023-08-20 14:25:36 - [TEST_STEP][PASSED] - verifyElementPropertyValue(getResponse, "groups[0].pricingPlans[0].pricingPlanData[4].currencyLabel", "SAR"): Verify element property value successfully

2023-08-20 14:25:36 - [MESSAGE][PASSED] - Verify element property value successfully

2023-08-20 14:25:36 - [TEST_STEP][PASSED] - verifyElementPropertyValue(getResponse, "groups[0].pricingPlans[0].pricingPlanData[4].allowedForAcquisition", "true"): Verify element property value successfully

2023-08-20 14:25:36 - [MESSAGE][PASSED] - Verify element property value successfully

2023-08-20 14:25:36 - [TEST_STEP][PASSED] - verifyElementPropertyValue(getResponse, "groups[0].pricingPlans[2].featured", "false"): Verify element property value successfully

2023-08-20 14:25:36 - [MESSAGE][PASSED] - Verify element property value successfully

2023-08-20 14:25:36 - [TEST_STEP][PASSED] - verifyElementPropertyValue(getResponse, "groups[0].pricingPlans[2].packageId", "SHAHID_VIP"): Verify element property value successfully

2023-08-20 14:25:36 - [MESSAGE][PASSED] - Verify element property value successfully

2023-08-20 14:25:36 - [TEST_STEP][PASSED] - verifyElementPropertyValue(getResponse, "groups[0].pricingPlans[2].catalogId", "VIP"): Verify element property value successfully

2023-08-20 14:25:36 - [MESSAGE][PASSED] - Verify element property value successfully

2023-08-20 14:25:36 - [TEST_STEP][PASSED] - verifyElementPropertyValue(getResponse, "groups[0].pricingPlans[2].visualElements[0].key", "Header_1_text"): Verify element property value successfully

2023-08-20 14:25:36 - [MESSAGE][PASSED] - Verify element property value successfully

2023-08-20 14:25:36 - [TEST_STEP][PASSED] - verifyElementPropertyValue(getResponse, "groups[0].pricingPlans[2].visualElements[0].value", "Abonnez-vous dès maintenant et profitez de vos programmes sans publicité"): Verify element property value successfully

2023-08-20 14:25:36 - [MESSAGE][PASSED] - Verify element property value successfully

2023-08-20 14:25:36 - [TEST_STEP][PASSED] - verifyElementPropertyValue(getResponse, "groups[0].pricingPlans[2].visualElements[1].key", "display_title"): Verify element property value successfully

2023-08-20 14:25:36 - [MESSAGE][PASSED] - Verify element property value successfully

2023-08-20 14:25:36 - [TEST_STEP][PASSED] - verifyElementPropertyValue(getResponse, "groups[0].pricingPlans[2].visualElements[1].value", "Plan Annuel"): Verify element property value successfully

2023-08-20 14:25:36 - [MESSAGE][PASSED] - Verify element property value successfully

2023-08-20 14:25:36 - [TEST_STEP][PASSED] - verifyElementPropertyValue(getResponse, "groups[0].pricingPlans[2].visualElements[2].key", "tag_text"): Verify element property value successfully

2023-08-20 14:25:36 - [MESSAGE][PASSED] - Verify element property value successfully

2023-08-20 14:25:36 - [TEST_STEP][PASSED] - verifyElementPropertyValue(getResponse, "groups[0].pricingPlans[2].visualElements[2].value", "Économisez 29%"): Verify element property value successfully

2023-08-20 14:25:36 - [MESSAGE][PASSED] - Verify element property value successfully

2023-08-20 14:25:36 - [TEST_STEP][PASSED] - verifyElementPropertyValue(getResponse, "groups[0].pricingPlans[2].visualElements[3].key", "promo_text"): Verify element property value successfully

2023-08-20 14:25:36 - [MESSAGE][PASSED] - Verify element property value successfully

2023-08-20 14:25:36 - [TEST_STEP][PASSED] - verifyElementPropertyValue(getResponse, "groups[0].pricingPlans[2].visualElements[3].value", "28.33 SAR/ mois"): Verify element property value successfully

2023-08-20 14:25:36 - [MESSAGE][PASSED] - Verify element property value successfully

2023-08-20 14:25:36 - [TEST_STEP][PASSED] - verifyElementPropertyValue(getResponse, "groups[0].pricingPlans[2].visualElements[4].key", "deduction_text"): Verify element property value successfully

2023-08-20 14:25:36 - [MESSAGE][PASSED] - Verify element property value successfully

2023-08-20 14:25:36 - [TEST_STEP][PASSED] - verifyElementPropertyValue(getResponse, "groups[0].pricingPlans[2].visualElements[4].value", "339.99 SAR facturés chaque année"): Verify element property value successfully

2023-08-20 14:25:36 - [MESSAGE][PASSED] - Verify element property value successfully

2023-08-20 14:25:36 - [TEST_STEP][PASSED] - verifyElementPropertyValue(getResponse, "groups[0].pricingPlans[2].visualElements[7].key", "show_payment_logo"): Verify element property value successfully

2023-08-20 14:25:36 - [MESSAGE][PASSED] - Verify element property value successfully

2023-08-20 14:25:36 - [TEST_STEP][PASSED] - verifyElementPropertyValue(getResponse, "groups[0].pricingPlans[2].visualElements[7].value", "true"): Verify element property value successfully

2023-08-20 14:25:36 - [MESSAGE][PASSED] - Verify element property value successfully

2023-08-20 14:25:36 - [TEST_STEP][PASSED] - verifyElementPropertyValue(getResponse, "groups[0].pricingPlans[2].visualElements[8].key", "show_tag"): Verify element property value successfully

2023-08-20 14:25:36 - [MESSAGE][PASSED] - Verify element property value successfully

2023-08-20 14:25:36 - [TEST_STEP][PASSED] - verifyElementPropertyValue(getResponse, "groups[0].pricingPlans[2].visualElements[8].value", "true"): Verify element property value successfully

2023-08-20 14:25:36 - [MESSAGE][PASSED] - Verify element property value successfully

2023-08-20 14:25:36 - [TEST_STEP][PASSED] - verifyElementPropertyValue(getResponse, "groups[0].pricingPlans[2].visualElements[10].key", "price"): Verify element property value successfully

2023-08-20 14:25:36 - [MESSAGE][PASSED] - Verify element property value successfully

2023-08-20 14:25:36 - [TEST_STEP][PASSED] - verifyElementPropertyValue(getResponse, "groups[0].pricingPlans[2].visualElements[10].value", "339.99"): Verify element property value successfully

2023-08-20 14:25:36 - [MESSAGE][PASSED] - Verify element property value successfully

2023-08-20 14:25:36 - [TEST_STEP][PASSED] - verifyElementPropertyValue(getResponse, "groups[0].pricingPlans[2].visualElements[11].key", "currency"): Verify element property value successfully

2023-08-20 14:25:36 - [MESSAGE][PASSED] - Verify element property value successfully

2023-08-20 14:25:36 - [TEST_STEP][PASSED] - verifyElementPropertyValue(getResponse, "groups[0].pricingPlans[2].visualElements[11].value", "SAR"): Verify element property value successfully

2023-08-20 14:25:36 - [MESSAGE][PASSED] - Verify element property value successfully

2023-08-20 14:25:36 - [TEST_STEP][PASSED] - verifyElementPropertyValue(getResponse, "groups[0].pricingPlans[2].visualElements[12].key", "duration"): Verify element property value successfully

2023-08-20 14:25:36 - [MESSAGE][PASSED] - Verify element property value successfully

2023-08-20 14:25:36 - [TEST_STEP][PASSED] - verifyElementPropertyValue(getResponse, "groups[0].pricingPlans[2].visualElements[12].value", "Annuel"): Verify element property value successfully

2023-08-20 14:25:36 - [MESSAGE][PASSED] - Verify element property value successfully

2023-08-20 14:25:36 - [TEST_STEP][PASSED] - verifyElementPropertyValue(getResponse, "groups[0].pricingPlans[2].order", "2"): Verify element property value successfully

2023-08-20 14:25:36 - [MESSAGE][PASSED] - Verify element property value successfully

2023-08-20 14:25:36 - [TEST_STEP][PASSED] - verifyElementPropertyValue(getResponse, "groups[0].pricingPlans[2].period", "yearly"): Verify element property value successfully

2023-08-20 14:25:36 - [MESSAGE][PASSED] - Verify element property value successfully

2023-08-20 14:25:36 - [TEST_STEP][PASSED] - verifyElementPropertyValue(getResponse, "groups[0].pricingPlans[2].price", "339.99"): Verify element property value successfully

2023-08-20 14:25:36 - [MESSAGE][PASSED] - Verify element property value successfully

2023-08-20 14:25:36 - [TEST_STEP][PASSED] - verifyElementPropertyValue(getResponse, "groups[0].pricingPlans[2].currency", "SAR"): Verify element property value successfully

2023-08-20 14:25:36 - [MESSAGE][PASSED] - Verify element property value successfully

2023-08-20 14:25:36 - [TEST_STEP][PASSED] - verifyElementPropertyValue(getResponse, "groups[0].pricingPlans[2].pricingPlanData[0].productId", "KSA_B2C_SHAHID_VIP_12M"): Verify element property value successfully

2023-08-20 14:25:36 - [MESSAGE][PASSED] - Verify element property value successfully

2023-08-20 14:25:36 - [TEST_STEP][PASSED] - verifyElementPropertyValue(getResponse, "groups[0].pricingPlans[2].pricingPlanData[0].subPricingPlanIds", "null"): Verify element property value successfully

2023-08-20 14:25:36 - [MESSAGE][PASSED] - Verify element property value successfully

2023-08-20 14:25:36 - [TEST_STEP][PASSED] - verifyElementPropertyValue(getResponse, "groups[0].pricingPlans[2].pricingPlanData[0].paymentMethod", "CREDIT_CARD"): Verify element property value successfully

2023-08-20 14:25:36 - [MESSAGE][PASSED] - Verify element property value successfully

2023-08-20 14:25:36 - [TEST_STEP][PASSED] - verifyElementPropertyValue(getResponse, "groups[0].pricingPlans[2].pricingPlanData[0].freeTrialEnabled", "false"): Verify element property value successfully

2023-08-20 14:25:36 - [MESSAGE][PASSED] - Verify element property value successfully

2023-08-20 14:25:36 - [TEST_STEP][PASSED] - verifyElementPropertyValue(getResponse, "groups[0].pricingPlans[2].pricingPlanData[0].visualElements[0].key", "title"): Verify element property value successfully

2023-08-20 14:25:36 - [MESSAGE][PASSED] - Verify element property value successfully

2023-08-20 14:25:36 - [TEST_STEP][PASSED] - verifyElementPropertyValue(getResponse, "groups[0].pricingPlans[2].pricingPlanData[0].visualElements[0].value", "Carte de crédit/débit"): Verify element property value successfully

2023-08-20 14:25:36 - [MESSAGE][PASSED] - Verify element property value successfully

2023-08-20 14:25:36 - [TEST_STEP][PASSED] - verifyElementPropertyValue(getResponse, "groups[0].pricingPlans[2].pricingPlanData[0].visualElements[1].key", "CTA_text"): Verify element property value successfully

2023-08-20 14:25:36 - [MESSAGE][PASSED] - Verify element property value successfully

2023-08-20 14:25:36 - [TEST_STEP][PASSED] - verifyElementPropertyValue(getResponse, "groups[0].pricingPlans[2].pricingPlanData[0].visualElements[1].value", "S'abonner"): Verify element property value successfully

2023-08-20 14:25:36 - [MESSAGE][PASSED] - Verify element property value successfully

2023-08-20 14:25:36 - [TEST_STEP][PASSED] - verifyElementPropertyValue(getResponse, "groups[0].pricingPlans[2].pricingPlanData[0].visualElements[2].key", "logo"): Verify element property value successfully

2023-08-20 14:25:36 - [MESSAGE][PASSED] - Verify element property value successfully

2023-08-20 14:25:36 - [TEST_STEP][PASSED] - verifyElementPropertyValue(getResponse, "groups[0].pricingPlans[2].pricingPlanData[0].visualElements[2].value", "https://static.s3.shahid.mbc.net/widget-images/icons/iconCreditCard.png"): Verify element property value successfully

2023-08-20 14:25:36 - [MESSAGE][PASSED] - Verify element property value successfully

2023-08-20 14:25:36 - [TEST_STEP][PASSED] - verifyElementPropertyValue(getResponse, "groups[0].pricingPlans[2].pricingPlanData[0].priceLabel", "339.99"): Verify element property value successfully

2023-08-20 14:25:36 - [MESSAGE][PASSED] - Verify element property value successfully

2023-08-20 14:25:36 - [TEST_STEP][PASSED] - verifyElementPropertyValue(getResponse, "groups[0].pricingPlans[2].pricingPlanData[0].currencyLabel", "SAR"): Verify element property value successfully

2023-08-20 14:25:36 - [MESSAGE][PASSED] - Verify element property value successfully

2023-08-20 14:25:36 - [TEST_STEP][PASSED] - verifyElementPropertyValue(getResponse, "groups[0].pricingPlans[2].pricingPlanData[0].allowedForAcquisition", "true"): Verify element property value successfully

2023-08-20 14:25:36 - [MESSAGE][PASSED] - Verify element property value successfully

2023-08-20 14:25:36 - [TEST_STEP][PASSED] - verifyElementPropertyValue(getResponse, "groups[0].pricingPlans[2].pricingPlanData[0].showIn[0]", "VERTICAL_MODE"): Verify element property value successfully

2023-08-20 14:25:36 - [MESSAGE][PASSED] - Verify element property value successfully

2023-08-20 14:25:36 - [TEST_STEP][PASSED] - verifyElementPropertyValue(getResponse, "groups[0].pricingPlans[2].pricingPlanData[0].showIn[1]", "HORIZONTAL_MODE"): Verify element property value successfully

2023-08-20 14:25:36 - [MESSAGE][PASSED] - Verify element property value successfully

2023-08-20 14:25:36 - [TEST_STEP][PASSED] - verifyElementPropertyValue(getResponse, "groups[0].pricingPlans[2].pricingPlanData[1].productId", "KSA_B2C_SHAHID_VIP_12M"): Verify element property value successfully

2023-08-20 14:25:36 - [MESSAGE][PASSED] - Verify element property value successfully

2023-08-20 14:25:36 - [TEST_STEP][PASSED] - verifyElementPropertyValue(getResponse, "groups[0].pricingPlans[2].pricingPlanData[1].subPricingPlanIds", "null"): Verify element property value successfully

2023-08-20 14:25:36 - [MESSAGE][PASSED] - Verify element property value successfully

2023-08-20 14:25:36 - [TEST_STEP][PASSED] - verifyElementPropertyValue(getResponse, "groups[0].pricingPlans[2].pricingPlanData[1].paymentMethod", "APPLE_PAY"): Verify element property value successfully

2023-08-20 14:25:36 - [MESSAGE][PASSED] - Verify element property value successfully

2023-08-20 14:25:36 - [TEST_STEP][PASSED] - verifyElementPropertyValue(getResponse, "groups[0].pricingPlans[2].pricingPlanData[1].freeTrialEnabled", "false"): Verify element property value successfully

2023-08-20 14:25:36 - [MESSAGE][PASSED] - Verify element property value successfully

2023-08-20 14:25:36 - [TEST_STEP][PASSED] - verifyElementPropertyValue(getResponse, "groups[0].pricingPlans[2].pricingPlanData[1].visualElements[0].key", "title"): Verify element property value successfully

2023-08-20 14:25:36 - [MESSAGE][PASSED] - Verify element property value successfully

2023-08-20 14:25:36 - [TEST_STEP][PASSED] - verifyElementPropertyValue(getResponse, "groups[0].pricingPlans[2].pricingPlanData[1].visualElements[0].value", "Apple Pay"): Verify element property value successfully

2023-08-20 14:25:36 - [MESSAGE][PASSED] - Verify element property value successfully

2023-08-20 14:25:36 - [TEST_STEP][PASSED] - verifyElementPropertyValue(getResponse, "groups[0].pricingPlans[2].pricingPlanData[1].visualElements[1].key", "CTA_text"): Verify element property value successfully

2023-08-20 14:25:36 - [MESSAGE][PASSED] - Verify element property value successfully

2023-08-20 14:25:36 - [TEST_STEP][PASSED] - verifyElementPropertyValue(getResponse, "groups[0].pricingPlans[2].pricingPlanData[1].visualElements[1].value", "S’abonner"): Verify element property value successfully

2023-08-20 14:25:36 - [MESSAGE][PASSED] - Verify element property value successfully

2023-08-20 14:25:36 - [TEST_STEP][PASSED] - verifyElementPropertyValue(getResponse, "groups[0].pricingPlans[2].pricingPlanData[1].visualElements[2].key", "logo"): Verify element property value successfully

2023-08-20 14:25:36 - [MESSAGE][PASSED] - Verify element property value successfully

2023-08-20 14:25:36 - [TEST_STEP][PASSED] - verifyElementPropertyValue(getResponse, "groups[0].pricingPlans[2].pricingPlanData[1].visualElements[2].value", "https://static.s3.shahid.mbc.net/widget-images/icons/ApplePay_PlanSelectionIcon.svg"): Verify element property value successfully

2023-08-20 14:25:36 - [MESSAGE][PASSED] - Verify element property value successfully

2023-08-20 14:25:36 - [TEST_STEP][PASSED] - verifyElementPropertyValue(getResponse, "groups[0].pricingPlans[2].pricingPlanData[1].priceLabel", "339.99"): Verify element property value successfully

2023-08-20 14:25:36 - [MESSAGE][PASSED] - Verify element property value successfully

2023-08-20 14:25:36 - [TEST_STEP][PASSED] - verifyElementPropertyValue(getResponse, "groups[0].pricingPlans[2].pricingPlanData[1].currencyLabel", "SAR"): Verify element property value successfully

2023-08-20 14:25:36 - [MESSAGE][PASSED] - Verify element property value successfully

2023-08-20 14:25:36 - [TEST_STEP][PASSED] - verifyElementPropertyValue(getResponse, "groups[0].pricingPlans[2].pricingPlanData[1].allowedForAcquisition", "true"): Verify element property value successfully

2023-08-20 14:25:36 - [MESSAGE][PASSED] - Verify element property value successfully

2023-08-20 14:25:36 - [TEST_STEP][PASSED] - verifyElementPropertyValue(getResponse, "deals[0].param", "stcksa"): Verify element property value successfully

2023-08-20 14:25:36 - [MESSAGE][PASSED] - Verify element property value successfully

2023-08-20 14:25:36 - [TEST_STEP][PASSED] - verifyElementPropertyValue(getResponse, "deals[0].skipLandingPage", "false"): Verify element property value successfully

2023-08-20 14:25:36 - [MESSAGE][PASSED] - Verify element property value successfully

2023-08-20 14:25:36 - [TEST_STEP][PASSED] - verifyElementPropertyValue(getResponse, "deals[0].visible", "false"): Verify element property value successfully

2023-08-20 14:25:36 - [MESSAGE][PASSED] - Verify element property value successfully

2023-08-20 14:25:36 - [TEST_STEP][PASSED] - verifyElementPropertyValue(getResponse, "deals[0].dealType", "deal_with_pricing_plan"): Verify element property value successfully

2023-08-20 14:25:36 - [MESSAGE][PASSED] - Verify element property value successfully

2023-08-20 14:25:36 - [TEST_STEP][PASSED] - verifyElementPropertyValue(getResponse, "deals[0].template", "TELCO"): Verify element property value successfully

2023-08-20 14:25:36 - [MESSAGE][PASSED] - Verify element property value successfully

2023-08-20 14:25:36 - [TEST_STEP][PASSED] - verifyElementPropertyValue(getResponse, "deals[0].visualElements[7].key", "main_partner_logo"): Verify element property value successfully

2023-08-20 14:25:36 - [MESSAGE][PASSED] - Verify element property value successfully

2023-08-20 14:25:36 - [TEST_STEP][PASSED] - verifyElementPropertyValue(getResponse, "deals[0].visualElements[7].value", "https://shahid-static.s3.us-east-1.amazonaws.com/shahid-subscription-config/STCLogo.png"): Verify element property value successfully

2023-08-20 14:25:36 - [MESSAGE][PASSED] - Verify element property value successfully

2023-08-20 14:25:36 - [TEST_STEP][PASSED] - verifyElementPropertyValue(getResponse, "deals[0].groups[0].pricingPlans[0].featured", "false"): Verify element property value successfully

2023-08-20 14:25:36 - [MESSAGE][PASSED] - Verify element property value successfully

2023-08-20 14:25:36 - [TEST_STEP][PASSED] - verifyElementPropertyValue(getResponse, "deals[0].groups[0].pricingPlans[0].liteRegistrationEnabled", "true"): Verify element property value successfully

2023-08-20 14:25:36 - [MESSAGE][PASSED] - Verify element property value successfully

2023-08-20 14:25:36 - [TEST_STEP][PASSED] - verifyElementPropertyValue(getResponse, "deals[0].groups[0].pricingPlans[0].packageName", "monthly"): Verify element property value successfully

2023-08-20 14:25:36 - [MESSAGE][PASSED] - Verify element property value successfully

2023-08-20 14:25:36 - [TEST_STEP][PASSED] - verifyElementPropertyValue(getResponse, "deals[0].groups[0].pricingPlans[0].price", "39.99"): Verify element property value successfully

2023-08-20 14:25:36 - [MESSAGE][PASSED] - Verify element property value successfully

2023-08-20 14:25:36 - [TEST_STEP][PASSED] - verifyElementPropertyValue(getResponse, "deals[0].groups[0].pricingPlans[0].currency", "SAR"): Verify element property value successfully

2023-08-20 14:25:36 - [MESSAGE][PASSED] - Verify element property value successfully

2023-08-20 14:25:36 - [TEST_STEP][PASSED] - verifyElementPropertyValue(getResponse, "deals[0].groups[0].pricingPlans[0].packageId", "SHAHID_VIP"): Verify element property value successfully

2023-08-20 14:25:36 - [MESSAGE][PASSED] - Verify element property value successfully

2023-08-20 14:25:36 - [TEST_STEP][PASSED] - verifyElementPropertyValue(getResponse, "deals[0].groups[0].pricingPlans[0].catalogId", "VIP"): Verify element property value successfully

2023-08-20 14:25:36 - [MESSAGE][PASSED] - Verify element property value successfully

2023-08-20 14:25:36 - [TEST_STEP][PASSED] - verifyElementPropertyValue(getResponse, "deals[0].groups[0].pricingPlans[0].visualElements[7].key", "show_payment_logo"): Verify element property value successfully

2023-08-20 14:25:36 - [MESSAGE][PASSED] - Verify element property value successfully

2023-08-20 14:25:36 - [TEST_STEP][PASSED] - verifyElementPropertyValue(getResponse, "deals[0].groups[0].pricingPlans[0].visualElements[7].value", "true"): Verify element property value successfully

2023-08-20 14:25:36 - [MESSAGE][PASSED] - Verify element property value successfully

2023-08-20 14:25:36 - [TEST_STEP][PASSED] - verifyElementPropertyValue(getResponse, "deals[0].groups[0].pricingPlans[0].visualElements[8].key", "show_tag"): Verify element property value successfully

2023-08-20 14:25:36 - [MESSAGE][PASSED] - Verify element property value successfully

2023-08-20 14:25:36 - [TEST_STEP][PASSED] - verifyElementPropertyValue(getResponse, "deals[0].groups[0].pricingPlans[0].visualElements[8].value", "true"): Verify element property value successfully

2023-08-20 14:25:36 - [MESSAGE][PASSED] - Verify element property value successfully

2023-08-20 14:25:36 - [TEST_STEP][PASSED] - verifyElementPropertyValue(getResponse, "deals[0].groups[0].pricingPlans[0].visualElements[11].key", "price"): Verify element property value successfully

2023-08-20 14:25:36 - [MESSAGE][PASSED] - Verify element property value successfully

2023-08-20 14:25:36 - [TEST_STEP][PASSED] - verifyElementPropertyValue(getResponse, "deals[0].groups[0].pricingPlans[0].visualElements[11].value", "39.99"): Verify element property value successfully

2023-08-20 14:25:36 - [MESSAGE][PASSED] - Verify element property value successfully

2023-08-20 14:25:36 - [TEST_STEP][PASSED] - verifyElementPropertyValue(getResponse, "deals[0].groups[0].pricingPlans[0].visualElements[12].key", "currency"): Verify element property value successfully

2023-08-20 14:25:36 - [MESSAGE][PASSED] - Verify element property value successfully

2023-08-20 14:25:36 - [TEST_STEP][PASSED] - verifyElementPropertyValue(getResponse, "deals[0].groups[0].pricingPlans[0].visualElements[12].value", "SAR"): Verify element property value successfully

2023-08-20 14:25:36 - [MESSAGE][PASSED] - Verify element property value successfully

2023-08-20 14:25:36 - [TEST_STEP][PASSED] - verifyElementPropertyValue(getResponse, "deals[0].groups[0].pricingPlans[0].visualElements[13].key", "duration"): Verify element property value successfully

2023-08-20 14:25:36 - [MESSAGE][PASSED] - Verify element property value successfully

2023-08-20 14:25:36 - [TEST_STEP][PASSED] - verifyElementPropertyValue(getResponse, "deals[0].groups[0].pricingPlans[0].visualElements[13].value", "Mensuel"): Verify element property value successfully

2023-08-20 14:25:36 - [MESSAGE][PASSED] - Verify element property value successfully

2023-08-20 14:25:36 - [TEST_STEP][PASSED] - verifyElementPropertyValue(getResponse, "deals[0].groups[0].pricingPlans[0].visualElements[17].key", "CC_logo"): Verify element property value successfully

2023-08-20 14:25:36 - [MESSAGE][PASSED] - Verify element property value successfully

2023-08-20 14:25:36 - [TEST_STEP][PASSED] - verifyElementPropertyValue(getResponse, "deals[0].groups[0].pricingPlans[0].visualElements[17].value[0]", "visa"): Verify element property value successfully

2023-08-20 14:25:36 - [MESSAGE][PASSED] - Verify element property value successfully

2023-08-20 14:25:36 - [TEST_STEP][PASSED] - verifyElementPropertyValue(getResponse, "deals[0].groups[0].pricingPlans[0].visualElements[17].value[1]", "master"): Verify element property value successfully

2023-08-20 14:25:36 - [MESSAGE][PASSED] - Verify element property value successfully

2023-08-20 14:25:36 - [TEST_STEP][PASSED] - verifyElementPropertyValue(getResponse, "deals[0].groups[0].pricingPlans[0].visualElements[18].key", "summary_text_1"): Verify element property value successfully

2023-08-20 14:25:36 - [MESSAGE][PASSED] - Verify element property value successfully

2023-08-20 14:25:36 - [TEST_STEP][PASSED] - verifyElementPropertyValue(getResponse, "deals[0].groups[0].pricingPlans[0].visualElements[18].value", "Shahid VIP - Le meilleur du divertissement au même endroit. Abonnez-vous dès maintenant pour SAR 39.99  par mois (TTC)"): Verify element property value successfully

2023-08-20 14:25:36 - [MESSAGE][PASSED] - Verify element property value successfully

2023-08-20 14:25:36 - [TEST_STEP][PASSED] - verifyElementPropertyValue(getResponse, "deals[0].groups[0].pricingPlans[0].visualElements[19].key", "summary_text_2"): Verify element property value successfully

2023-08-20 14:25:36 - [MESSAGE][PASSED] - Verify element property value successfully

2023-08-20 14:25:36 - [TEST_STEP][PASSED] - verifyElementPropertyValue(getResponse, "deals[0].groups[0].pricingPlans[0].visualElements[19].value", "Ce service sera renouvelé automatiquement."): Verify element property value successfully

2023-08-20 14:25:36 - [MESSAGE][PASSED] - Verify element property value successfully

2023-08-20 14:25:36 - [TEST_STEP][PASSED] - verifyElementPropertyValue(getResponse, "deals[0].groups[0].pricingPlans[0].pricingPlanData[0].pricingPlanId", "TPay_STC_SA"): Verify element property value successfully

2023-08-20 14:25:36 - [MESSAGE][PASSED] - Verify element property value successfully

2023-08-20 14:25:36 - [TEST_STEP][PASSED] - verifyElementPropertyValue(getResponse, "deals[0].groups[0].pricingPlans[0].pricingPlanData[0].productId", "KSA_B2C_SHAHID_VIP_1M"): Verify element property value successfully

2023-08-20 14:25:36 - [MESSAGE][PASSED] - Verify element property value successfully

2023-08-20 14:25:36 - [TEST_STEP][PASSED] - verifyElementPropertyValue(getResponse, "deals[0].groups[0].pricingPlans[0].pricingPlanData[0].subPricingPlanIds[0]", "42001"): Verify element property value successfully

2023-08-20 14:25:36 - [MESSAGE][PASSED] - Verify element property value successfully

2023-08-20 14:25:36 - [TEST_STEP][PASSED] - verifyElementPropertyValue(getResponse, "deals[0].groups[0].pricingPlans[0].pricingPlanData[0].paymentMethod", "MOBILE_PAY"): Verify element property value successfully

2023-08-20 14:25:36 - [MESSAGE][PASSED] - Verify element property value successfully

2023-08-20 14:25:36 - [TEST_STEP][PASSED] - verifyElementPropertyValue(getResponse, "deals[0].groups[0].pricingPlans[0].pricingPlanData[0].priceLabel", "39.99"): Verify element property value successfully

2023-08-20 14:25:36 - [MESSAGE][PASSED] - Verify element property value successfully

2023-08-20 14:25:36 - [TEST_STEP][PASSED] - verifyElementPropertyValue(getResponse, "deals[0].groups[0].pricingPlans[0].pricingPlanData[0].currencyLabel", "SAR"): Verify element property value successfully

2023-08-20 14:25:36 - [MESSAGE][PASSED] - Verify element property value successfully

2023-08-20 14:25:36 - [TEST_STEP][PASSED] - verifyElementPropertyValue(getResponse, "deals[0].groups[0].pricingPlans[0].pricingPlanData[0].dealId", "STC"): Verify element property value successfully

2023-08-20 14:25:36 - [MESSAGE][PASSED] - Verify element property value successfully

2023-08-20 14:25:36 - [TEST_STEP][PASSED] - verifyElementPropertyValue(getResponse, "deals[0].groups[0].pricingPlans[0].pricingPlanData[0].showForAnonymous", "true"): Verify element property value successfully

2023-08-20 14:25:37 - [MESSAGE][PASSED] - Verify element property value successfully

2023-08-20 14:25:37 - [TEST_STEP][PASSED] - verifyElementPropertyValue(getResponse, "deals[0].specialOfferLandingPage.visualElements[0].key", "pop_up_tab_title"): Verify element property value successfully

2023-08-20 14:25:37 - [MESSAGE][PASSED] - Verify element property value successfully

2023-08-20 14:25:37 - [TEST_STEP][PASSED] - verifyElementPropertyValue(getResponse, "deals[0].specialOfferLandingPage.visualElements[0].value[0]", "CGU"): Verify element property value successfully

2023-08-20 14:25:37 - [MESSAGE][PASSED] - Verify element property value successfully

2023-08-20 14:25:37 - [TEST_STEP][PASSED] - verifyElementPropertyValue(getResponse, "deals[0].specialOfferLandingPage.visualElements[1].key", "pop_up_tab_content"): Verify element property value successfully

2023-08-20 14:25:37 - [MESSAGE][PASSED] - Verify element property value successfully

2023-08-20 14:25:37 - [TEST_STEP][PASSED] - verifyElementPropertyValue(getResponse, "deals[0].specialOfferLandingPage.visualElements[1].value[0]", "<ul> <li> Ce service sera renouvelé automatiquement. </li> <li> Frais mensuels de SAR 34,99 (TVA incluse). </li> <li> Pour toute question, contactez-nous à l'adresse suivante : care@shahid.net </li> </ul>"): Verify element property value successfully

2023-08-20 14:25:37 - [MESSAGE][PASSED] - Verify element property value successfully

2023-08-20 14:25:37 - [TEST_STEP][PASSED] - verifyElementPropertyValue(getResponse, "deals[0].specialOfferLandingPage.visualElements[2].key", "partner_logo"): Verify element property value successfully

2023-08-20 14:25:37 - [MESSAGE][PASSED] - Verify element property value successfully

2023-08-20 14:25:37 - [TEST_STEP][PASSED] - verifyElementPropertyValue(getResponse, "deals[0].specialOfferLandingPage.visualElements[2].value", "https://shahid-static.s3.us-east-1.amazonaws.com/shahid-subscription-config/STCLogo.png"): Verify element property value successfully

2023-08-20 14:25:37 - [MESSAGE][PASSED] - Verify element property value successfully

2023-08-20 14:25:37 - [TEST_STEP][PASSED] - verifyElementPropertyValue(getResponse, "deals[0].specialOfferLandingPage.visualElements[4].key", "partner_name"): Verify element property value successfully

2023-08-20 14:25:37 - [MESSAGE][PASSED] - Verify element property value successfully

2023-08-20 14:25:37 - [TEST_STEP][PASSED] - verifyElementPropertyValue(getResponse, "deals[0].specialOfferLandingPage.visualElements[4].value", "STC"): Verify element property value successfully

2023-08-20 14:25:37 - [MESSAGE][PASSED] - Verify element property value successfully

2023-08-20 14:25:37 - [TEST_STEP][PASSED] - verifyElementPropertyValue(getResponse, "deals[0].specialOfferLandingPage.visualElements[6].key", "continue_cta"): Verify element property value successfully

2023-08-20 14:25:37 - [MESSAGE][PASSED] - Verify element property value successfully

2023-08-20 14:25:37 - [TEST_STEP][PASSED] - verifyElementPropertyValue(getResponse, "deals[0].specialOfferLandingPage.visualElements[6].value", "Essayez l'offre VIP Shahid"): Verify element property value successfully

2023-08-20 14:25:37 - [MESSAGE][PASSED] - Verify element property value successfully

2023-08-20 14:25:37 - [TEST_STEP][PASSED] - verifyElementPropertyValue(getResponse, "deals[0].specialOfferLandingPage.visualElements[7].key", "guideline_cta"): Verify element property value successfully

2023-08-20 14:25:37 - [MESSAGE][PASSED] - Verify element property value successfully

2023-08-20 14:25:37 - [TEST_STEP][PASSED] - verifyElementPropertyValue(getResponse, "deals[0].specialOfferLandingPage.visualElements[7].value[0]", "Les CGU s'appliquent."): Verify element property value successfully

2023-08-20 14:25:37 - [MESSAGE][PASSED] - Verify element property value successfully

2023-08-20 14:25:37 - [TEST_STEP][PASSED] - verifyElementPropertyValue(getResponse, "deals[0].specialOfferLandingPage.cards[0].title", "باقة اسبوعية"): Verify element property value successfully

2023-08-20 14:25:37 - [MESSAGE][PASSED] - Verify element property value successfully

2023-08-20 14:25:37 - [TEST_STEP][PASSED] - verifyElementPropertyValue(getResponse, "deals[0].specialOfferLandingPage.cards[0].image", "https://shahid-static.s3.amazonaws.com/shahid-subscription-config/LP/2022VIPLP.jpg"): Verify element property value successfully

2023-08-20 14:25:37 - [MESSAGE][PASSED] - Verify element property value successfully

2023-08-20 14:25:37 - [TEST_STEP][PASSED] - verifyElementPropertyValue(getResponse, "deals[1].param", "mobilyksa"): Verify element property value successfully

2023-08-20 14:25:37 - [MESSAGE][PASSED] - Verify element property value successfully

2023-08-20 14:25:37 - [TEST_STEP][PASSED] - verifyElementPropertyValue(getResponse, "deals[1].skipLandingPage", "false"): Verify element property value successfully

2023-08-20 14:25:37 - [MESSAGE][PASSED] - Verify element property value successfully

2023-08-20 14:25:37 - [TEST_STEP][PASSED] - verifyElementPropertyValue(getResponse, "deals[1].visible", "false"): Verify element property value successfully

2023-08-20 14:25:37 - [MESSAGE][PASSED] - Verify element property value successfully

2023-08-20 14:25:37 - [TEST_STEP][PASSED] - verifyElementPropertyValue(getResponse, "deals[1].dealType", "deal_with_pricing_plan"): Verify element property value successfully

2023-08-20 14:25:37 - [MESSAGE][PASSED] - Verify element property value successfully

2023-08-20 14:25:37 - [TEST_STEP][PASSED] - verifyElementPropertyValue(getResponse, "deals[1].template", "TELCO"): Verify element property value successfully

2023-08-20 14:25:37 - [MESSAGE][PASSED] - Verify element property value successfully

2023-08-20 14:25:37 - [TEST_STEP][PASSED] - verifyElementPropertyValue(getResponse, "deals[1].visualElements[7].key", "main_partner_logo"): Verify element property value successfully

2023-08-20 14:25:37 - [MESSAGE][PASSED] - Verify element property value successfully

2023-08-20 14:25:37 - [TEST_STEP][PASSED] - verifyElementPropertyValue(getResponse, "deals[1].visualElements[7].value", "https://shahid-static.s3.us-east-1.amazonaws.com/shahid-subscription-config/MobilyLogo.png"): Verify element property value successfully

2023-08-20 14:25:37 - [MESSAGE][PASSED] - Verify element property value successfully

2023-08-20 14:25:37 - [TEST_STEP][PASSED] - verifyElementPropertyValue(getResponse, "deals[1].groups[0].pricingPlans[0].featured", "false"): Verify element property value successfully

2023-08-20 14:25:37 - [MESSAGE][PASSED] - Verify element property value successfully

2023-08-20 14:25:37 - [TEST_STEP][PASSED] - verifyElementPropertyValue(getResponse, "deals[1].groups[0].pricingPlans[0].liteRegistrationEnabled", "true"): Verify element property value successfully

2023-08-20 14:25:37 - [MESSAGE][PASSED] - Verify element property value successfully

2023-08-20 14:25:37 - [TEST_STEP][PASSED] - verifyElementPropertyValue(getResponse, "deals[1].groups[0].pricingPlans[0].packageName", "monthly"): Verify element property value successfully

2023-08-20 14:25:37 - [MESSAGE][PASSED] - Verify element property value successfully

2023-08-20 14:25:37 - [TEST_STEP][PASSED] - verifyElementPropertyValue(getResponse, "deals[1].groups[0].pricingPlans[0].price", "39.99"): Verify element property value successfully

2023-08-20 14:25:37 - [MESSAGE][PASSED] - Verify element property value successfully

2023-08-20 14:25:37 - [TEST_STEP][PASSED] - verifyElementPropertyValue(getResponse, "deals[1].groups[0].pricingPlans[0].currency", "SAR"): Verify element property value successfully

2023-08-20 14:25:37 - [MESSAGE][PASSED] - Verify element property value successfully

2023-08-20 14:25:37 - [TEST_STEP][PASSED] - verifyElementPropertyValue(getResponse, "deals[1].groups[0].pricingPlans[0].packageId", "SHAHID_VIP"): Verify element property value successfully

2023-08-20 14:25:37 - [MESSAGE][PASSED] - Verify element property value successfully

2023-08-20 14:25:37 - [TEST_STEP][PASSED] - verifyElementPropertyValue(getResponse, "deals[1].groups[0].pricingPlans[0].catalogId", "VIP"): Verify element property value successfully

2023-08-20 14:25:37 - [MESSAGE][PASSED] - Verify element property value successfully

2023-08-20 14:25:37 - [TEST_STEP][PASSED] - verifyElementPropertyValue(getResponse, "deals[1].groups[0].pricingPlans[0].visualElements[7].key", "show_payment_logo"): Verify element property value successfully

2023-08-20 14:25:37 - [MESSAGE][PASSED] - Verify element property value successfully

2023-08-20 14:25:37 - [TEST_STEP][PASSED] - verifyElementPropertyValue(getResponse, "deals[1].groups[0].pricingPlans[0].visualElements[7].value", "true"): Verify element property value successfully

2023-08-20 14:25:37 - [MESSAGE][PASSED] - Verify element property value successfully

2023-08-20 14:25:37 - [TEST_STEP][PASSED] - verifyElementPropertyValue(getResponse, "deals[1].groups[0].pricingPlans[0].visualElements[8].key", "show_tag"): Verify element property value successfully

2023-08-20 14:25:37 - [MESSAGE][PASSED] - Verify element property value successfully

2023-08-20 14:25:37 - [TEST_STEP][PASSED] - verifyElementPropertyValue(getResponse, "deals[1].groups[0].pricingPlans[0].visualElements[8].value", "true"): Verify element property value successfully

2023-08-20 14:25:37 - [MESSAGE][PASSED] - Verify element property value successfully

2023-08-20 14:25:37 - [TEST_STEP][PASSED] - verifyElementPropertyValue(getResponse, "deals[1].groups[0].pricingPlans[0].visualElements[11].key", "price"): Verify element property value successfully

2023-08-20 14:25:37 - [MESSAGE][PASSED] - Verify element property value successfully

2023-08-20 14:25:37 - [TEST_STEP][PASSED] - verifyElementPropertyValue(getResponse, "deals[1].groups[0].pricingPlans[0].visualElements[11].value", "39.99"): Verify element property value successfully

2023-08-20 14:25:37 - [MESSAGE][PASSED] - Verify element property value successfully

2023-08-20 14:25:37 - [TEST_STEP][PASSED] - verifyElementPropertyValue(getResponse, "deals[1].groups[0].pricingPlans[0].visualElements[12].key", "currency"): Verify element property value successfully

2023-08-20 14:25:37 - [MESSAGE][PASSED] - Verify element property value successfully

2023-08-20 14:25:37 - [TEST_STEP][PASSED] - verifyElementPropertyValue(getResponse, "deals[1].groups[0].pricingPlans[0].visualElements[12].value", "SAR"): Verify element property value successfully

2023-08-20 14:25:37 - [MESSAGE][PASSED] - Verify element property value successfully

2023-08-20 14:25:37 - [TEST_STEP][PASSED] - verifyElementPropertyValue(getResponse, "deals[1].groups[0].pricingPlans[0].visualElements[13].key", "duration"): Verify element property value successfully

2023-08-20 14:25:37 - [MESSAGE][PASSED] - Verify element property value successfully

2023-08-20 14:25:37 - [TEST_STEP][PASSED] - verifyElementPropertyValue(getResponse, "deals[1].groups[0].pricingPlans[0].visualElements[13].value", "Mensuel"): Verify element property value successfully

2023-08-20 14:25:37 - [MESSAGE][PASSED] - Verify element property value successfully

2023-08-20 14:25:37 - [TEST_STEP][PASSED] - verifyElementPropertyValue(getResponse, "deals[1].groups[0].pricingPlans[0].visualElements[17].key", "CC_logo"): Verify element property value successfully

2023-08-20 14:25:37 - [MESSAGE][PASSED] - Verify element property value successfully

2023-08-20 14:25:37 - [TEST_STEP][PASSED] - verifyElementPropertyValue(getResponse, "deals[1].groups[0].pricingPlans[0].visualElements[17].value[0]", "visa"): Verify element property value successfully

2023-08-20 14:25:37 - [MESSAGE][PASSED] - Verify element property value successfully

2023-08-20 14:25:37 - [TEST_STEP][PASSED] - verifyElementPropertyValue(getResponse, "deals[1].groups[0].pricingPlans[0].visualElements[17].value[1]", "master"): Verify element property value successfully

2023-08-20 14:25:37 - [MESSAGE][PASSED] - Verify element property value successfully

2023-08-20 14:25:37 - [TEST_STEP][PASSED] - verifyElementPropertyValue(getResponse, "deals[1].groups[0].pricingPlans[0].visualElements[18].key", "summary_text_1"): Verify element property value successfully

2023-08-20 14:25:37 - [MESSAGE][PASSED] - Verify element property value successfully

2023-08-20 14:25:37 - [TEST_STEP][PASSED] - verifyElementPropertyValue(getResponse, "deals[1].groups[0].pricingPlans[0].visualElements[18].value", "Shahid VIP - Le meilleur du divertissement au même endroit. Abonnez-vous dès maintenant pour SAR 39.99  par mois (TTC)"): Verify element property value successfully

2023-08-20 14:25:37 - [MESSAGE][PASSED] - Verify element property value successfully

2023-08-20 14:25:37 - [TEST_STEP][PASSED] - verifyElementPropertyValue(getResponse, "deals[1].groups[0].pricingPlans[0].pricingPlanData[0].pricingPlanId", "TPay_Mobily_SA"): Verify element property value successfully

2023-08-20 14:25:37 - [MESSAGE][PASSED] - Verify element property value successfully

2023-08-20 14:25:37 - [TEST_STEP][PASSED] - verifyElementPropertyValue(getResponse, "deals[1].groups[0].pricingPlans[0].pricingPlanData[0].productId", "KSA_B2C_SHAHID_VIP_1M"): Verify element property value successfully

2023-08-20 14:25:37 - [MESSAGE][PASSED] - Verify element property value successfully

2023-08-20 14:25:37 - [TEST_STEP][PASSED] - verifyElementPropertyValue(getResponse, "deals[1].groups[0].pricingPlans[0].pricingPlanData[0].subPricingPlanIds[0]", "42003"): Verify element property value successfully

2023-08-20 14:25:37 - [MESSAGE][PASSED] - Verify element property value successfully

2023-08-20 14:25:37 - [TEST_STEP][PASSED] - verifyElementPropertyValue(getResponse, "deals[1].groups[0].pricingPlans[0].pricingPlanData[0].paymentMethod", "MOBILE_PAY"): Verify element property value successfully

2023-08-20 14:25:37 - [MESSAGE][PASSED] - Verify element property value successfully

2023-08-20 14:25:37 - [TEST_STEP][PASSED] - verifyElementPropertyValue(getResponse, "deals[1].groups[0].pricingPlans[0].pricingPlanData[0].priceLabel", "39.99"): Verify element property value successfully

2023-08-20 14:25:37 - [MESSAGE][PASSED] - Verify element property value successfully

2023-08-20 14:25:37 - [TEST_STEP][PASSED] - verifyElementPropertyValue(getResponse, "deals[1].groups[0].pricingPlans[0].pricingPlanData[0].currencyLabel", "SAR"): Verify element property value successfully

2023-08-20 14:25:37 - [MESSAGE][PASSED] - Verify element property value successfully

2023-08-20 14:25:37 - [TEST_STEP][PASSED] - verifyElementPropertyValue(getResponse, "deals[1].groups[0].pricingPlans[0].pricingPlanData[0].dealId", "MOBILY-KSA-LP-ALLUSER"): Verify element property value successfully

2023-08-20 14:25:37 - [MESSAGE][PASSED] - Verify element property value successfully

2023-08-20 14:25:37 - [TEST_STEP][PASSED] - verifyElementPropertyValue(getResponse, "deals[1].groups[0].pricingPlans[0].pricingPlanData[0].showForAnonymous", "true"): Verify element property value successfully

2023-08-20 14:25:37 - [MESSAGE][PASSED] - Verify element property value successfully

2023-08-20 14:25:37 - [TEST_STEP][PASSED] - verifyElementPropertyValue(getResponse, "deals[1].specialOfferLandingPage.visualElements[0].key", "pop_up_tab_title"): Verify element property value successfully

2023-08-20 14:25:37 - [MESSAGE][PASSED] - Verify element property value successfully

2023-08-20 14:25:37 - [TEST_STEP][PASSED] - verifyElementPropertyValue(getResponse, "deals[1].specialOfferLandingPage.visualElements[0].value[0]", "CGU"): Verify element property value successfully

2023-08-20 14:25:37 - [MESSAGE][PASSED] - Verify element property value successfully

2023-08-20 14:25:37 - [TEST_STEP][PASSED] - verifyElementPropertyValue(getResponse, "deals[1].specialOfferLandingPage.visualElements[1].key", "pop_up_tab_content"): Verify element property value successfully

2023-08-20 14:25:37 - [MESSAGE][PASSED] - Verify element property value successfully

2023-08-20 14:25:37 - [TEST_STEP][PASSED] - verifyElementPropertyValue(getResponse, "deals[1].specialOfferLandingPage.visualElements[1].value[0]", "<ul> <li> Ce service sera renouvelé automatiquement. </li> <li> Frais mensuels de SAR 34,99 (TVA incluse). </li> <li> Pour toute question, contactez-nous à l'adresse suivante : care@shahid.net </li> </ul>"): Verify element property value successfully

2023-08-20 14:25:37 - [MESSAGE][PASSED] - Verify element property value successfully

2023-08-20 14:25:37 - [TEST_STEP][PASSED] - verifyElementPropertyValue(getResponse, "deals[1].specialOfferLandingPage.visualElements[2].key", "partner_logo"): Verify element property value successfully

2023-08-20 14:25:37 - [MESSAGE][PASSED] - Verify element property value successfully

2023-08-20 14:25:37 - [TEST_STEP][PASSED] - verifyElementPropertyValue(getResponse, "deals[1].specialOfferLandingPage.visualElements[2].value", "https://shahid-static.s3.us-east-1.amazonaws.com/shahid-subscription-config/MobilyLogo.png"): Verify element property value successfully

2023-08-20 14:25:37 - [MESSAGE][PASSED] - Verify element property value successfully

2023-08-20 14:25:37 - [TEST_STEP][PASSED] - verifyElementPropertyValue(getResponse, "deals[1].specialOfferLandingPage.visualElements[4].key", "partner_name"): Verify element property value successfully

2023-08-20 14:25:37 - [MESSAGE][PASSED] - Verify element property value successfully

2023-08-20 14:25:37 - [TEST_STEP][PASSED] - verifyElementPropertyValue(getResponse, "deals[1].specialOfferLandingPage.visualElements[4].value", "MOBILY"): Verify element property value successfully

2023-08-20 14:25:37 - [MESSAGE][PASSED] - Verify element property value successfully

2023-08-20 14:25:37 - [TEST_STEP][PASSED] - verifyElementPropertyValue(getResponse, "deals[1].specialOfferLandingPage.visualElements[6].key", "continue_cta"): Verify element property value successfully

2023-08-20 14:25:37 - [MESSAGE][PASSED] - Verify element property value successfully

2023-08-20 14:25:37 - [TEST_STEP][PASSED] - verifyElementPropertyValue(getResponse, "deals[1].specialOfferLandingPage.visualElements[6].value", "Essayez l'offre VIP Shahid"): Verify element property value successfully

2023-08-20 14:25:37 - [MESSAGE][PASSED] - Verify element property value successfully

2023-08-20 14:25:37 - [TEST_STEP][PASSED] - verifyElementPropertyValue(getResponse, "deals[1].specialOfferLandingPage.visualElements[7].key", "guideline_cta"): Verify element property value successfully

2023-08-20 14:25:37 - [MESSAGE][PASSED] - Verify element property value successfully

2023-08-20 14:25:37 - [TEST_STEP][PASSED] - verifyElementPropertyValue(getResponse, "deals[1].specialOfferLandingPage.visualElements[7].value[0]", "Les CGU s'appliquent."): Verify element property value successfully

2023-08-20 14:25:37 - [MESSAGE][PASSED] - Verify element property value successfully

2023-08-20 14:25:37 - [TEST_STEP][PASSED] - verifyElementPropertyValue(getResponse, "deals[1].specialOfferLandingPage.cards[0].title", "باقة اسبوعية"): Verify element property value successfully

2023-08-20 14:25:37 - [MESSAGE][PASSED] - Verify element property value successfully

2023-08-20 14:25:37 - [TEST_STEP][PASSED] - verifyElementPropertyValue(getResponse, "deals[1].specialOfferLandingPage.cards[0].image", "https://shahid-static.s3.amazonaws.com/shahid-subscription-config/LP/2022VIPLP.jpg"): Verify element property value successfully

2023-08-20 14:25:37 - [MESSAGE][PASSED] - Verify element property value successfully

2023-08-20 14:25:37 - [TEST_STEP][PASSED] - verifyElementPropertyValue(getResponse, "deals[2].param", "zainksa"): Verify element property value successfully

2023-08-20 14:25:37 - [MESSAGE][PASSED] - Verify element property value successfully

2023-08-20 14:25:37 - [TEST_STEP][PASSED] - verifyElementPropertyValue(getResponse, "deals[2].skipLandingPage", "false"): Verify element property value successfully

2023-08-20 14:25:37 - [MESSAGE][PASSED] - Verify element property value successfully

2023-08-20 14:25:37 - [TEST_STEP][PASSED] - verifyElementPropertyValue(getResponse, "deals[2].visible", "false"): Verify element property value successfully

2023-08-20 14:25:37 - [MESSAGE][PASSED] - Verify element property value successfully

2023-08-20 14:25:37 - [TEST_STEP][PASSED] - verifyElementPropertyValue(getResponse, "deals[2].dealType", "deal_with_pricing_plan"): Verify element property value successfully

2023-08-20 14:25:37 - [MESSAGE][PASSED] - Verify element property value successfully

2023-08-20 14:25:37 - [TEST_STEP][PASSED] - verifyElementPropertyValue(getResponse, "deals[2].template", "TELCO"): Verify element property value successfully

2023-08-20 14:25:37 - [MESSAGE][PASSED] - Verify element property value successfully

2023-08-20 14:25:37 - [TEST_STEP][PASSED] - verifyElementPropertyValue(getResponse, "deals[2].visualElements[7].key", "main_partner_logo"): Verify element property value successfully

2023-08-20 14:25:37 - [MESSAGE][PASSED] - Verify element property value successfully

2023-08-20 14:25:37 - [TEST_STEP][PASSED] - verifyElementPropertyValue(getResponse, "deals[2].visualElements[7].value", "https://shahid-static.s3.us-east-1.amazonaws.com/shahid-subscription-config/ZainKSALogo.png"): Verify element property value successfully

2023-08-20 14:25:37 - [MESSAGE][PASSED] - Verify element property value successfully

2023-08-20 14:25:37 - [TEST_STEP][PASSED] - verifyElementPropertyValue(getResponse, "deals[2].groups[0].pricingPlans[0].featured", "false"): Verify element property value successfully

2023-08-20 14:25:37 - [MESSAGE][PASSED] - Verify element property value successfully

2023-08-20 14:25:37 - [TEST_STEP][PASSED] - verifyElementPropertyValue(getResponse, "deals[2].groups[0].pricingPlans[0].liteRegistrationEnabled", "true"): Verify element property value successfully

2023-08-20 14:25:37 - [MESSAGE][PASSED] - Verify element property value successfully

2023-08-20 14:25:37 - [TEST_STEP][PASSED] - verifyElementPropertyValue(getResponse, "deals[2].groups[0].pricingPlans[0].packageName", "monthly"): Verify element property value successfully

2023-08-20 14:25:37 - [MESSAGE][PASSED] - Verify element property value successfully

2023-08-20 14:25:37 - [TEST_STEP][PASSED] - verifyElementPropertyValue(getResponse, "deals[2].groups[0].pricingPlans[0].price", "39.99"): Verify element property value successfully

2023-08-20 14:25:37 - [MESSAGE][PASSED] - Verify element property value successfully

2023-08-20 14:25:37 - [TEST_STEP][PASSED] - verifyElementPropertyValue(getResponse, "deals[2].groups[0].pricingPlans[0].currency", "SAR"): Verify element property value successfully

2023-08-20 14:25:37 - [MESSAGE][PASSED] - Verify element property value successfully

2023-08-20 14:25:37 - [TEST_STEP][PASSED] - verifyElementPropertyValue(getResponse, "deals[2].groups[0].pricingPlans[0].packageId", "SHAHID_VIP"): Verify element property value successfully

2023-08-20 14:25:37 - [MESSAGE][PASSED] - Verify element property value successfully

2023-08-20 14:25:37 - [TEST_STEP][PASSED] - verifyElementPropertyValue(getResponse, "deals[2].groups[0].pricingPlans[0].catalogId", "VIP"): Verify element property value successfully

2023-08-20 14:25:37 - [MESSAGE][PASSED] - Verify element property value successfully

2023-08-20 14:25:37 - [TEST_STEP][PASSED] - verifyElementPropertyValue(getResponse, "deals[2].groups[0].pricingPlans[0].visualElements[7].key", "show_payment_logo"): Verify element property value successfully

2023-08-20 14:25:37 - [MESSAGE][PASSED] - Verify element property value successfully

2023-08-20 14:25:37 - [TEST_STEP][PASSED] - verifyElementPropertyValue(getResponse, "deals[2].groups[0].pricingPlans[0].visualElements[7].value", "true"): Verify element property value successfully

2023-08-20 14:25:37 - [MESSAGE][PASSED] - Verify element property value successfully

2023-08-20 14:25:37 - [TEST_STEP][PASSED] - verifyElementPropertyValue(getResponse, "deals[2].groups[0].pricingPlans[0].visualElements[8].key", "show_tag"): Verify element property value successfully

2023-08-20 14:25:37 - [MESSAGE][PASSED] - Verify element property value successfully

2023-08-20 14:25:37 - [TEST_STEP][PASSED] - verifyElementPropertyValue(getResponse, "deals[2].groups[0].pricingPlans[0].visualElements[8].value", "true"): Verify element property value successfully

2023-08-20 14:25:37 - [MESSAGE][PASSED] - Verify element property value successfully

2023-08-20 14:25:37 - [TEST_STEP][PASSED] - verifyElementPropertyValue(getResponse, "deals[2].groups[0].pricingPlans[0].visualElements[11].key", "price"): Verify element property value successfully

2023-08-20 14:25:37 - [MESSAGE][PASSED] - Verify element property value successfully

2023-08-20 14:25:37 - [TEST_STEP][PASSED] - verifyElementPropertyValue(getResponse, "deals[2].groups[0].pricingPlans[0].visualElements[11].value", "39.99"): Verify element property value successfully

2023-08-20 14:25:37 - [MESSAGE][PASSED] - Verify element property value successfully

2023-08-20 14:25:37 - [TEST_STEP][PASSED] - verifyElementPropertyValue(getResponse, "deals[2].groups[0].pricingPlans[0].visualElements[12].key", "currency"): Verify element property value successfully

2023-08-20 14:25:37 - [MESSAGE][PASSED] - Verify element property value successfully

2023-08-20 14:25:37 - [TEST_STEP][PASSED] - verifyElementPropertyValue(getResponse, "deals[2].groups[0].pricingPlans[0].visualElements[12].value", "SAR"): Verify element property value successfully

2023-08-20 14:25:37 - [MESSAGE][PASSED] - Verify element property value successfully

2023-08-20 14:25:37 - [TEST_STEP][PASSED] - verifyElementPropertyValue(getResponse, "deals[2].groups[0].pricingPlans[0].visualElements[13].key", "duration"): Verify element property value successfully

2023-08-20 14:25:37 - [MESSAGE][PASSED] - Verify element property value successfully

2023-08-20 14:25:37 - [TEST_STEP][PASSED] - verifyElementPropertyValue(getResponse, "deals[2].groups[0].pricingPlans[0].visualElements[13].value", "Mensuel"): Verify element property value successfully

2023-08-20 14:25:37 - [MESSAGE][PASSED] - Verify element property value successfully

2023-08-20 14:25:37 - [TEST_STEP][PASSED] - verifyElementPropertyValue(getResponse, "deals[2].groups[0].pricingPlans[0].visualElements[17].key", "CC_logo"): Verify element property value successfully

2023-08-20 14:25:37 - [MESSAGE][PASSED] - Verify element property value successfully

2023-08-20 14:25:37 - [TEST_STEP][PASSED] - verifyElementPropertyValue(getResponse, "deals[2].groups[0].pricingPlans[0].visualElements[17].value[0]", "visa"): Verify element property value successfully

2023-08-20 14:25:37 - [MESSAGE][PASSED] - Verify element property value successfully

2023-08-20 14:25:37 - [TEST_STEP][PASSED] - verifyElementPropertyValue(getResponse, "deals[2].groups[0].pricingPlans[0].visualElements[17].value[1]", "master"): Verify element property value successfully

2023-08-20 14:25:37 - [MESSAGE][PASSED] - Verify element property value successfully

2023-08-20 14:25:37 - [TEST_STEP][PASSED] - verifyElementPropertyValue(getResponse, "deals[2].groups[0].pricingPlans[0].visualElements[18].key", "summary_text_1"): Verify element property value successfully

2023-08-20 14:25:37 - [MESSAGE][PASSED] - Verify element property value successfully

2023-08-20 14:25:37 - [TEST_STEP][PASSED] - verifyElementPropertyValue(getResponse, "deals[2].groups[0].pricingPlans[0].visualElements[18].value", "Shahid VIP - Le meilleur du divertissement au même endroit. Abonnez-vous dès maintenant pour SAR 39.99  par mois (TTC)"): Verify element property value successfully

2023-08-20 14:25:37 - [MESSAGE][PASSED] - Verify element property value successfully

2023-08-20 14:25:37 - [TEST_STEP][PASSED] - verifyElementPropertyValue(getResponse, "deals[2].groups[0].pricingPlans[0].pricingPlanData[0].pricingPlanId", "TPay_Zain_SA"): Verify element property value successfully

2023-08-20 14:25:37 - [MESSAGE][PASSED] - Verify element property value successfully

2023-08-20 14:25:37 - [TEST_STEP][PASSED] - verifyElementPropertyValue(getResponse, "deals[2].groups[0].pricingPlans[0].pricingPlanData[0].productId", "KSA_B2C_SHAHID_VIP_1M"): Verify element property value successfully

2023-08-20 14:25:37 - [MESSAGE][PASSED] - Verify element property value successfully

2023-08-20 14:25:37 - [TEST_STEP][PASSED] - verifyElementPropertyValue(getResponse, "deals[2].groups[0].pricingPlans[0].pricingPlanData[0].subPricingPlanIds[0]", "42004"): Verify element property value successfully

2023-08-20 14:25:37 - [MESSAGE][PASSED] - Verify element property value successfully

2023-08-20 14:25:37 - [TEST_STEP][PASSED] - verifyElementPropertyValue(getResponse, "deals[2].groups[0].pricingPlans[0].pricingPlanData[0].paymentMethod", "MOBILE_PAY"): Verify element property value successfully

2023-08-20 14:25:37 - [MESSAGE][PASSED] - Verify element property value successfully

2023-08-20 14:25:37 - [TEST_STEP][PASSED] - verifyElementPropertyValue(getResponse, "deals[2].groups[0].pricingPlans[0].pricingPlanData[0].priceLabel", "39.99"): Verify element property value successfully

2023-08-20 14:25:37 - [MESSAGE][PASSED] - Verify element property value successfully

2023-08-20 14:25:37 - [TEST_STEP][PASSED] - verifyElementPropertyValue(getResponse, "deals[2].groups[0].pricingPlans[0].pricingPlanData[0].currencyLabel", "SAR"): Verify element property value successfully

2023-08-20 14:25:37 - [MESSAGE][PASSED] - Verify element property value successfully

2023-08-20 14:25:37 - [TEST_STEP][PASSED] - verifyElementPropertyValue(getResponse, "deals[2].groups[0].pricingPlans[0].pricingPlanData[0].dealId", "ZAIN-KSA-LP-ALLUSER"): Verify element property value successfully

2023-08-20 14:25:37 - [MESSAGE][PASSED] - Verify element property value successfully

2023-08-20 14:25:37 - [TEST_STEP][PASSED] - verifyElementPropertyValue(getResponse, "deals[2].groups[0].pricingPlans[0].pricingPlanData[0].showForAnonymous", "true"): Verify element property value successfully

2023-08-20 14:25:37 - [MESSAGE][PASSED] - Verify element property value successfully

2023-08-20 14:25:37 - [TEST_STEP][PASSED] - verifyElementPropertyValue(getResponse, "deals[2].specialOfferLandingPage.visualElements[0].key", "pop_up_tab_title"): Verify element property value successfully

2023-08-20 14:25:37 - [MESSAGE][PASSED] - Verify element property value successfully

2023-08-20 14:25:37 - [TEST_STEP][PASSED] - verifyElementPropertyValue(getResponse, "deals[2].specialOfferLandingPage.visualElements[0].value[0]", "CGU"): Verify element property value successfully

2023-08-20 14:25:37 - [MESSAGE][PASSED] - Verify element property value successfully

2023-08-20 14:25:37 - [TEST_STEP][PASSED] - verifyElementPropertyValue(getResponse, "deals[2].specialOfferLandingPage.visualElements[1].key", "pop_up_tab_content"): Verify element property value successfully

2023-08-20 14:25:37 - [MESSAGE][PASSED] - Verify element property value successfully

2023-08-20 14:25:37 - [TEST_STEP][PASSED] - verifyElementPropertyValue(getResponse, "deals[2].specialOfferLandingPage.visualElements[1].value[0]", "<ul> <li> Ce service sera renouvelé automatiquement. </li> <li> Frais mensuels de SAR 34,99 (TVA incluse). </li> <li> Pour toute question, contactez-nous à l'adresse suivante : care@shahid.net </li> </ul>"): Verify element property value successfully

2023-08-20 14:25:37 - [MESSAGE][PASSED] - Verify element property value successfully

2023-08-20 14:25:37 - [TEST_STEP][PASSED] - verifyElementPropertyValue(getResponse, "deals[2].specialOfferLandingPage.visualElements[2].key", "partner_logo"): Verify element property value successfully

2023-08-20 14:25:37 - [MESSAGE][PASSED] - Verify element property value successfully

2023-08-20 14:25:37 - [TEST_STEP][PASSED] - verifyElementPropertyValue(getResponse, "deals[2].specialOfferLandingPage.visualElements[2].value", "https://shahid-static.s3.us-east-1.amazonaws.com/shahid-subscription-config/ZainKSALogo.png"): Verify element property value successfully

2023-08-20 14:25:37 - [MESSAGE][PASSED] - Verify element property value successfully

2023-08-20 14:25:37 - [TEST_STEP][PASSED] - verifyElementPropertyValue(getResponse, "deals[2].specialOfferLandingPage.visualElements[4].key", "partner_name"): Verify element property value successfully

2023-08-20 14:25:37 - [MESSAGE][PASSED] - Verify element property value successfully

2023-08-20 14:25:37 - [TEST_STEP][PASSED] - verifyElementPropertyValue(getResponse, "deals[2].specialOfferLandingPage.visualElements[4].value", "ZAIN"): Verify element property value successfully

2023-08-20 14:25:37 - [MESSAGE][PASSED] - Verify element property value successfully

2023-08-20 14:25:37 - [TEST_STEP][PASSED] - verifyElementPropertyValue(getResponse, "deals[2].specialOfferLandingPage.visualElements[6].key", "continue_cta"): Verify element property value successfully

2023-08-20 14:25:37 - [MESSAGE][PASSED] - Verify element property value successfully

2023-08-20 14:25:37 - [TEST_STEP][PASSED] - verifyElementPropertyValue(getResponse, "deals[2].specialOfferLandingPage.visualElements[6].value", "Essayez l'offre VIP Shahid"): Verify element property value successfully

2023-08-20 14:25:37 - [MESSAGE][PASSED] - Verify element property value successfully

2023-08-20 14:25:37 - [TEST_STEP][PASSED] - verifyElementPropertyValue(getResponse, "deals[2].specialOfferLandingPage.visualElements[7].key", "guideline_cta"): Verify element property value successfully

2023-08-20 14:25:37 - [MESSAGE][PASSED] - Verify element property value successfully

2023-08-20 14:25:37 - [TEST_STEP][PASSED] - verifyElementPropertyValue(getResponse, "deals[2].specialOfferLandingPage.visualElements[7].value[0]", "Les CGU s'appliquent."): Verify element property value successfully

2023-08-20 14:25:37 - [MESSAGE][PASSED] - Verify element property value successfully

2023-08-20 14:25:37 - [TEST_STEP][PASSED] - verifyElementPropertyValue(getResponse, "deals[2].specialOfferLandingPage.cards[0].title", "باقة اسبوعية"): Verify element property value successfully

2023-08-20 14:25:37 - [MESSAGE][PASSED] - Verify element property value successfully

2023-08-20 14:25:37 - [TEST_STEP][PASSED] - verifyElementPropertyValue(getResponse, "deals[2].specialOfferLandingPage.cards[0].image", "https://shahid-static.s3.amazonaws.com/shahid-subscription-config/LP/2022VIPLP.jpg"): Verify element property value successfully

2023-08-20 14:25:37 - [MESSAGE][PASSED] - Verify element property value successfully

2023-08-20 14:25:37 - [TEST_STEP][PASSED] - verifyElementPropertyValue(getResponse, "visualElements[0].key", "main_CTA_text_1"): Verify element property value successfully

2023-08-20 14:25:37 - [MESSAGE][PASSED] - Verify element property value successfully

2023-08-20 14:25:37 - [TEST_STEP][PASSED] - verifyElementPropertyValue(getResponse, "visualElements[0].value", "Abonnez-vous dès maintenant et profitez de vos programmes sans publicité"): Verify element property value successfully

2023-08-20 14:25:37 - [MESSAGE][PASSED] - Verify element property value successfully

2023-08-20 14:25:37 - [TEST_STEP][PASSED] - verifyElementPropertyValue(getResponse, "visualElements[2].key", "main_disclaimer_text"): Verify element property value successfully

2023-08-20 14:25:37 - [MESSAGE][PASSED] - Verify element property value successfully

2023-08-20 14:25:37 - [TEST_STEP][PASSED] - verifyElementPropertyValue(getResponse, "visualElements[2].value", "Les frais d'abonnement peuvent varier selon le pays, le moyen de paiement, le forfait, les taxes, les taux de change et les frais bancaires. Les conditions générales d'utilisation s'appliquent."): Verify element property value successfully

2023-08-20 14:25:37 - [MESSAGE][PASSED] - Verify element property value successfully

2023-08-20 14:25:37 - [TEST_STEP][PASSED] - verifyElementPropertyValue(getResponse, "visualElements[4].key", "display_type"): Verify element property value successfully

2023-08-20 14:25:37 - [MESSAGE][PASSED] - Verify element property value successfully

2023-08-20 14:25:37 - [TEST_STEP][PASSED] - verifyElementPropertyValue(getResponse, "visualElements[4].value", "vertical"): Verify element property value successfully

2023-08-20 14:25:37 - [MESSAGE][PASSED] - Verify element property value successfully

2023-08-20 14:25:37 - [TEST_STEP][PASSED] - verifyElementPropertyValue(getResponse, "pages[0].visualElements[0].key", "alternative_payment_title"): Verify element property value successfully

2023-08-20 14:25:37 - [MESSAGE][PASSED] - Verify element property value successfully

2023-08-20 14:25:37 - [TEST_STEP][PASSED] - verifyElementPropertyValue(getResponse, "pages[0].visualElements[0].value", "Ou choisissez l'un des autres moyens de paiement suivants"): Verify element property value successfully

2023-08-20 14:25:37 - [MESSAGE][PASSED] - Verify element property value successfully

2023-08-20 14:25:37 - [TEST_STEP][PASSED] - verifyElementPropertyValue(getResponse, "pages[0].visualElements[1].key", "label_text"): Verify element property value successfully

2023-08-20 14:25:37 - [MESSAGE][PASSED] - Verify element property value successfully

2023-08-20 14:25:37 - [TEST_STEP][PASSED] - verifyElementPropertyValue(getResponse, "pages[0].visualElements[1].value", "Autres moyens de paiement"): Verify element property value successfully

2023-08-20 14:25:38 - [MESSAGE][PASSED] - Verify element property value successfully

2023-08-20 14:25:38 - [TEST_STEP][PASSED] - verifyElementPropertyValue(getResponse, "pages[0].visualElements[3].key", "CTA_text"): Verify element property value successfully

2023-08-20 14:25:38 - [MESSAGE][PASSED] - Verify element property value successfully

2023-08-20 14:25:38 - [TEST_STEP][PASSED] - verifyElementPropertyValue(getResponse, "pages[0].visualElements[3].value", "Cliquez ici"): Verify element property value successfully

2023-08-20 14:25:38 - [MESSAGE][PASSED] - Verify element property value successfully

2023-08-20 14:25:38 - [TEST_STEP][PASSED] - verifyElementPropertyValue(getResponse, "pages[0].visualElements[4].key", "main_title"): Verify element property value successfully

2023-08-20 14:25:38 - [MESSAGE][PASSED] - Verify element property value successfully

2023-08-20 14:25:38 - [TEST_STEP][PASSED] - verifyElementPropertyValue(getResponse, "pages[0].visualElements[4].value", "Autres moyens de paiement"): Verify element property value successfully

2023-08-20 14:25:38 - [MESSAGE][PASSED] - Verify element property value successfully

2023-08-20 14:25:38 - [TEST_STEP][PASSED] - verifyElementPropertyValue(getResponse, "pages[0].visualElements[6].key", "alternative_payment_methods"): Verify element property value successfully

2023-08-20 14:25:38 - [MESSAGE][PASSED] - Verify element property value successfully

2023-08-20 14:25:38 - [TEST_STEP][PASSED] - verifyElementPropertyValue(getResponse, "pages[0].visualElements[6].value", "Vous pouvez vous procurer un code promo Shahid auprès de l'un des points de vente suivants"): Verify element property value successfully

2023-08-20 14:25:38 - [MESSAGE][PASSED] - Verify element property value successfully

2023-08-20 14:25:38 - [TEST_STEP][PASSED] - verifyElementPropertyValue(getResponse, "defaultPackageId", "SHAHID_VIP"): Verify element property value successfully

2023-08-20 14:25:38 - [MESSAGE][PASSED] - Verify element property value successfully]]></system-out>
         <system-err><![CDATA[]]></system-err>
      </testcase>
      <testcase name="Test Cases/WEB - SAFARI/SAU PI/WEB_AR_getSubscriptionConfigForSAU_Imagine" time="5.043" classname="Test Cases/WEB - SAFARI/SAU PI/WEB_AR_getSubscriptionConfigForSAU_Imagine" status="FAILED">
         <failure type="FAILED" message="Test Cases/WEB - SAFARI/SAU PI/WEB_AR_getSubscriptionConfigForSAU_Imagine FAILED.
Reason:
com.kms.katalon.core.exception.StepFailedException: Expected element property value ' الأكثر مبيعاً' is not equal with actual property value ' الأكثر مبيعاً'
	at com.kms.katalon.core.keyword.internal.KeywordMain.stepFailed(KeywordMain.groovy:39)
	at com.kms.katalon.core.webservice.keyword.builtin.VerifyElementPropertyValueKeyword$_verifyElementPropertyValue_closure1.doCall(VerifyElementPropertyValueKeyword.groovy:56)
	at com.kms.katalon.core.webservice.keyword.builtin.VerifyElementPropertyValueKeyword$_verifyElementPropertyValue_closure1.call(VerifyElementPropertyValueKeyword.groovy)
	at com.kms.katalon.core.keyword.internal.KeywordMain.runKeyword(KeywordMain.groovy:74)
	at com.kms.katalon.core.webservice.keyword.builtin.VerifyElementPropertyValueKeyword.verifyElementPropertyValue(VerifyElementPropertyValueKeyword.groovy:48)
	at com.kms.katalon.core.webservice.keyword.builtin.VerifyElementPropertyValueKeyword.execute(VerifyElementPropertyValueKeyword.groovy:43)
	at com.kms.katalon.core.keyword.internal.KeywordExecutor.executeKeywordForPlatform(KeywordExecutor.groovy:74)
	at com.kms.katalon.core.webservice.keyword.WSBuiltInKeywords.verifyElementPropertyValue(WSBuiltInKeywords.groovy:190)
	at com.kms.katalon.core.webservice.keyword.WSBuiltInKeywords$verifyElementPropertyValue$1.call(Unknown Source)
	at WEB_AR_getSubscriptionConfigForSAU_Imagine.run(WEB_AR_getSubscriptionConfigForSAU_Imagine:72)
	at com.kms.katalon.core.main.ScriptEngine.run(ScriptEngine.java:194)
	at com.kms.katalon.core.main.ScriptEngine.runScriptAsRawText(ScriptEngine.java:119)
	at com.kms.katalon.core.main.TestCaseExecutor.runScript(TestCaseExecutor.java:448)
	at com.kms.katalon.core.main.TestCaseExecutor.doExecute(TestCaseExecutor.java:439)
	at com.kms.katalon.core.main.TestCaseExecutor.processExecutionPhase(TestCaseExecutor.java:418)
	at com.kms.katalon.core.main.TestCaseExecutor.accessMainPhase(TestCaseExecutor.java:410)
	at com.kms.katalon.core.main.TestCaseExecutor.execute(TestCaseExecutor.java:285)
	at com.kms.katalon.core.common.CommonExecutor.accessTestCaseMainPhase(CommonExecutor.java:65)
	at com.kms.katalon.core.main.TestSuiteExecutor.accessTestSuiteMainPhase(TestSuiteExecutor.java:151)
	at com.kms.katalon.core.main.TestSuiteExecutor.execute(TestSuiteExecutor.java:106)
	at com.kms.katalon.core.main.TestCaseMain.startTestSuite(TestCaseMain.java:185)
	at com.kms.katalon.core.main.TestCaseMain$startTestSuite$0.call(Unknown Source)
	at TempTestSuite1692530449060.run(TempTestSuite1692530449060.groovy:36)
"/>
         <system-out><![CDATA[2023-08-20 14:25:38 - [TEST_CASE][FAILED] - Test Cases/WEB - SAFARI/SAU PI/WEB_AR_getSubscriptionConfigForSAU_Imagine: Test Cases/WEB - SAFARI/SAU PI/WEB_AR_getSubscriptionConfigForSAU_Imagine FAILED.
Reason:
com.kms.katalon.core.exception.StepFailedException: Expected element property value ' الأكثر مبيعاً' is not equal with actual property value ' الأكثر مبيعاً'
	at com.kms.katalon.core.keyword.internal.KeywordMain.stepFailed(KeywordMain.groovy:39)
	at com.kms.katalon.core.webservice.keyword.builtin.VerifyElementPropertyValueKeyword$_verifyElementPropertyValue_closure1.doCall(VerifyElementPropertyValueKeyword.groovy:56)
	at com.kms.katalon.core.webservice.keyword.builtin.VerifyElementPropertyValueKeyword$_verifyElementPropertyValue_closure1.call(VerifyElementPropertyValueKeyword.groovy)
	at com.kms.katalon.core.keyword.internal.KeywordMain.runKeyword(KeywordMain.groovy:74)
	at com.kms.katalon.core.webservice.keyword.builtin.VerifyElementPropertyValueKeyword.verifyElementPropertyValue(VerifyElementPropertyValueKeyword.groovy:48)
	at com.kms.katalon.core.webservice.keyword.builtin.VerifyElementPropertyValueKeyword.execute(VerifyElementPropertyValueKeyword.groovy:43)
	at com.kms.katalon.core.keyword.internal.KeywordExecutor.executeKeywordForPlatform(KeywordExecutor.groovy:74)
	at com.kms.katalon.core.webservice.keyword.WSBuiltInKeywords.verifyElementPropertyValue(WSBuiltInKeywords.groovy:190)
	at com.kms.katalon.core.webservice.keyword.WSBuiltInKeywords$verifyElementPropertyValue$1.call(Unknown Source)
	at WEB_AR_getSubscriptionConfigForSAU_Imagine.run(WEB_AR_getSubscriptionConfigForSAU_Imagine:72)
	at com.kms.katalon.core.main.ScriptEngine.run(ScriptEngine.java:194)
	at com.kms.katalon.core.main.ScriptEngine.runScriptAsRawText(ScriptEngine.java:119)
	at com.kms.katalon.core.main.TestCaseExecutor.runScript(TestCaseExecutor.java:448)
	at com.kms.katalon.core.main.TestCaseExecutor.doExecute(TestCaseExecutor.java:439)
	at com.kms.katalon.core.main.TestCaseExecutor.processExecutionPhase(TestCaseExecutor.java:418)
	at com.kms.katalon.core.main.TestCaseExecutor.accessMainPhase(TestCaseExecutor.java:410)
	at com.kms.katalon.core.main.TestCaseExecutor.execute(TestCaseExecutor.java:285)
	at com.kms.katalon.core.common.CommonExecutor.accessTestCaseMainPhase(CommonExecutor.java:65)
	at com.kms.katalon.core.main.TestSuiteExecutor.accessTestSuiteMainPhase(TestSuiteExecutor.java:151)
	at com.kms.katalon.core.main.TestSuiteExecutor.execute(TestSuiteExecutor.java:106)
	at com.kms.katalon.core.main.TestCaseMain.startTestSuite(TestCaseMain.java:185)
	at com.kms.katalon.core.main.TestCaseMain$startTestSuite$0.call(Unknown Source)
	at TempTestSuite1692530449060.run(TempTestSuite1692530449060.groovy:36)


2023-08-20 14:25:38 - [TEST_STEP][PASSED] - getResponse = config_files.getConfigFile.getConfig("WEB", "AR", "SHAHID_VIP_GEA", "SA", "true"): config_files.getConfigFile.getConfig is PASSED

2023-08-20 14:25:39 - [MESSAGE][INFO] - HAR: /Users/admin/Desktop/KatalonProjects/Shahid-BYG/Reports/20230820_142039/WEB-SAFARI/SAU/20230820_142049/requests/main/4.har

2023-08-20 14:25:39 - [MESSAGE][PASSED] - Send request successfully

2023-08-20 14:25:39 - [MESSAGE][PASSED] - config_files.getConfigFile.getConfig is PASSED

2023-08-20 14:25:39 - [TEST_STEP][PASSED] - verifyResponseStatusCode(getResponse, 200): Verify response status code successfully

2023-08-20 14:25:39 - [MESSAGE][PASSED] - Verify response status code successfully

2023-08-20 14:25:39 - [TEST_STEP][PASSED] - verifyElementPropertyValue(getResponse, "country", "SAU"): Verify element property value successfully

2023-08-20 14:25:39 - [MESSAGE][PASSED] - Verify element property value successfully

2023-08-20 14:25:39 - [TEST_STEP][PASSED] - verifyElementPropertyValue(getResponse, "platform", "[WEB]"): Verify element property value successfully

2023-08-20 14:25:39 - [MESSAGE][PASSED] - Verify element property value successfully

2023-08-20 14:25:39 - [TEST_STEP][PASSED] - verifyElementPropertyValue(getResponse, "groups[0].pricingPlans[0].featured", "true"): Verify element property value successfully

2023-08-20 14:25:39 - [MESSAGE][PASSED] - Verify element property value successfully

2023-08-20 14:25:39 - [TEST_STEP][PASSED] - verifyElementPropertyValue(getResponse, "groups[0].pricingPlans[0].packageId", "SHAHID_VIP_GEA"): Verify element property value successfully

2023-08-20 14:25:39 - [MESSAGE][PASSED] - Verify element property value successfully

2023-08-20 14:25:39 - [TEST_STEP][PASSED] - verifyElementPropertyValue(getResponse, "groups[0].pricingPlans[0].catalogId", "GEA"): Verify element property value successfully

2023-08-20 14:25:39 - [MESSAGE][PASSED] - Verify element property value successfully

2023-08-20 14:25:39 - [TEST_STEP][PASSED] - verifyElementPropertyValue(getResponse, "groups[0].pricingPlans[0].visualElements[1].key", "Header_1_text"): Verify element property value successfully

2023-08-20 14:25:39 - [MESSAGE][PASSED] - Verify element property value successfully

2023-08-20 14:25:39 - [TEST_STEP][PASSED] - verifyElementPropertyValue(getResponse, "groups[0].pricingPlans[0].visualElements[1].value", "شاهد أقوى المسلسلات و الأفلام حصرياً دون توقف"): Verify element property value successfully

2023-08-20 14:25:39 - [MESSAGE][PASSED] - Verify element property value successfully

2023-08-20 14:25:39 - [TEST_STEP][PASSED] - verifyElementPropertyValue(getResponse, "groups[0].pricingPlans[0].visualElements[2].key", "display_title"): Verify element property value successfully

2023-08-20 14:25:39 - [MESSAGE][PASSED] - Verify element property value successfully

2023-08-20 14:25:39 - [TEST_STEP][PASSED] - verifyElementPropertyValue(getResponse, "groups[0].pricingPlans[0].visualElements[2].value", "الاشتراك الشهري "): Verify element property value successfully

2023-08-20 14:25:39 - [MESSAGE][PASSED] - Verify element property value successfully

2023-08-20 14:25:39 - [TEST_STEP][PASSED] - verifyElementPropertyValue(getResponse, "groups[0].pricingPlans[0].visualElements[3].key", "promo_text"): Verify element property value successfully

2023-08-20 14:25:39 - [MESSAGE][PASSED] - Verify element property value successfully

2023-08-20 14:25:39 - [TEST_STEP][PASSED] - verifyElementPropertyValue(getResponse, "groups[0].pricingPlans[0].visualElements[3].value", "49.99 SAR / شهرياً"): Verify element property value successfully

2023-08-20 14:25:39 - [MESSAGE][PASSED] - Verify element property value successfully

2023-08-20 14:25:39 - [TEST_STEP][PASSED] - verifyElementPropertyValue(getResponse, "groups[0].pricingPlans[0].visualElements[4].key", "deduction_text"): Verify element property value successfully

2023-08-20 14:25:39 - [MESSAGE][PASSED] - Verify element property value successfully

2023-08-20 14:25:39 - [TEST_STEP][PASSED] - verifyElementPropertyValue(getResponse, "groups[0].pricingPlans[0].visualElements[4].value", "تدفع شهرياً"): Verify element property value successfully

2023-08-20 14:25:39 - [MESSAGE][PASSED] - Verify element property value successfully

2023-08-20 14:25:39 - [TEST_STEP][PASSED] - verifyElementPropertyValue(getResponse, "groups[0].pricingPlans[0].visualElements[7].key", "show_payment_logo"): Verify element property value successfully

2023-08-20 14:25:39 - [MESSAGE][PASSED] - Verify element property value successfully

2023-08-20 14:25:39 - [TEST_STEP][PASSED] - verifyElementPropertyValue(getResponse, "groups[0].pricingPlans[0].visualElements[7].value", "true"): Verify element property value successfully

2023-08-20 14:25:39 - [MESSAGE][PASSED] - Verify element property value successfully

2023-08-20 14:25:39 - [TEST_STEP][PASSED] - verifyElementPropertyValue(getResponse, "groups[0].pricingPlans[0].visualElements[8].key", "show_tag"): Verify element property value successfully

2023-08-20 14:25:39 - [MESSAGE][PASSED] - Verify element property value successfully

2023-08-20 14:25:39 - [TEST_STEP][PASSED] - verifyElementPropertyValue(getResponse, "groups[0].pricingPlans[0].visualElements[8].value", "false"): Verify element property value successfully

2023-08-20 14:25:39 - [MESSAGE][PASSED] - Verify element property value successfully

2023-08-20 14:25:42 - [TEST_STEP][PASSED] - verifyElementPropertyValue(getResponse, "groups[0].pricingPlans[0].visualElements[10].key", "price"): Verify element property value successfully

2023-08-20 14:25:42 - [MESSAGE][PASSED] - Verify element property value successfully

2023-08-20 14:25:42 - [TEST_STEP][PASSED] - verifyElementPropertyValue(getResponse, "groups[0].pricingPlans[0].visualElements[10].value", "49.99"): Verify element property value successfully

2023-08-20 14:25:42 - [MESSAGE][PASSED] - Verify element property value successfully

2023-08-20 14:25:42 - [TEST_STEP][PASSED] - verifyElementPropertyValue(getResponse, "groups[0].pricingPlans[0].visualElements[11].key", "currency"): Verify element property value successfully

2023-08-20 14:25:42 - [MESSAGE][PASSED] - Verify element property value successfully

2023-08-20 14:25:42 - [TEST_STEP][PASSED] - verifyElementPropertyValue(getResponse, "groups[0].pricingPlans[0].visualElements[11].value", "SAR"): Verify element property value successfully

2023-08-20 14:25:42 - [MESSAGE][PASSED] - Verify element property value successfully

2023-08-20 14:25:42 - [TEST_STEP][PASSED] - verifyElementPropertyValue(getResponse, "groups[0].pricingPlans[0].visualElements[12].key", "duration"): Verify element property value successfully

2023-08-20 14:25:42 - [MESSAGE][PASSED] - Verify element property value successfully

2023-08-20 14:25:42 - [TEST_STEP][PASSED] - verifyElementPropertyValue(getResponse, "groups[0].pricingPlans[0].visualElements[12].value", "شهرياً"): Verify element property value successfully

2023-08-20 14:25:42 - [MESSAGE][PASSED] - Verify element property value successfully

2023-08-20 14:25:42 - [TEST_STEP][PASSED] - verifyElementPropertyValue(getResponse, "groups[0].pricingPlans[0].visualElements[13].key", "featured_tag_text"): Verify element property value successfully

2023-08-20 14:25:42 - [MESSAGE][PASSED] - Verify element property value successfully

2023-08-20 14:25:42 - [TEST_STEP][FAILED] - verifyElementPropertyValue(getResponse, "groups[0].pricingPlans[0].visualElements[13].value", " الأكثر مبيعاً"): Expected element property value ' الأكثر مبيعاً' is not equal with actual property value ' الأكثر مبيعاً'

2023-08-20 14:25:42 - [MESSAGE][FAILED] - Expected element property value ' الأكثر مبيعاً' is not equal with actual property value ' الأكثر مبيعاً'

2023-08-20 14:25:42 - [TEST_STEP][PASSED] - verifyElementPropertyValue(getResponse, "groups[0].pricingPlans[0].order", "6"): Verify element property value successfully

2023-08-20 14:25:42 - [MESSAGE][PASSED] - Verify element property value successfully

2023-08-20 14:25:42 - [TEST_STEP][PASSED] - verifyElementPropertyValue(getResponse, "groups[0].pricingPlans[0].period", "monthly"): Verify element property value successfully

2023-08-20 14:25:42 - [MESSAGE][PASSED] - Verify element property value successfully

2023-08-20 14:25:42 - [TEST_STEP][PASSED] - verifyElementPropertyValue(getResponse, "groups[0].pricingPlans[0].price", "49.99"): Verify element property value successfully

2023-08-20 14:25:42 - [MESSAGE][PASSED] - Verify element property value successfully

2023-08-20 14:25:42 - [TEST_STEP][PASSED] - verifyElementPropertyValue(getResponse, "groups[0].pricingPlans[0].currency", "SAR"): Verify element property value successfully

2023-08-20 14:25:42 - [MESSAGE][PASSED] - Verify element property value successfully

2023-08-20 14:25:42 - [TEST_STEP][PASSED] - verifyElementPropertyValue(getResponse, "groups[0].pricingPlans[0].pricingPlanData[0].productId", "KSA_B2C_SHAHID_VIP_GEA_1M"): Verify element property value successfully

2023-08-20 14:25:42 - [MESSAGE][PASSED] - Verify element property value successfully

2023-08-20 14:25:42 - [TEST_STEP][PASSED] - verifyElementPropertyValue(getResponse, "groups[0].pricingPlans[0].pricingPlanData[0].subPricingPlanIds", "null"): Verify element property value successfully

2023-08-20 14:25:42 - [MESSAGE][PASSED] - Verify element property value successfully

2023-08-20 14:25:42 - [TEST_STEP][PASSED] - verifyElementPropertyValue(getResponse, "groups[0].pricingPlans[0].pricingPlanData[0].paymentMethod", "CREDIT_CARD"): Verify element property value successfully

2023-08-20 14:25:42 - [MESSAGE][PASSED] - Verify element property value successfully

2023-08-20 14:25:42 - [TEST_STEP][PASSED] - verifyElementPropertyValue(getResponse, "groups[0].pricingPlans[0].pricingPlanData[0].freeTrialEnabled", "false"): Verify element property value successfully

2023-08-20 14:25:42 - [MESSAGE][PASSED] - Verify element property value successfully

2023-08-20 14:25:42 - [TEST_STEP][PASSED] - verifyElementPropertyValue(getResponse, "groups[0].pricingPlans[0].pricingPlanData[0].visualElements[0].key", "title"): Verify element property value successfully

2023-08-20 14:25:42 - [MESSAGE][PASSED] - Verify element property value successfully

2023-08-20 14:25:42 - [TEST_STEP][PASSED] - verifyElementPropertyValue(getResponse, "groups[0].pricingPlans[0].pricingPlanData[0].visualElements[0].value", "البطاقة المصرفية"): Verify element property value successfully

2023-08-20 14:25:42 - [MESSAGE][PASSED] - Verify element property value successfully

2023-08-20 14:25:42 - [TEST_STEP][PASSED] - verifyElementPropertyValue(getResponse, "groups[0].pricingPlans[0].pricingPlanData[0].visualElements[1].key", "CTA_text"): Verify element property value successfully

2023-08-20 14:25:42 - [MESSAGE][PASSED] - Verify element property value successfully

2023-08-20 14:25:42 - [TEST_STEP][PASSED] - verifyElementPropertyValue(getResponse, "groups[0].pricingPlans[0].pricingPlanData[0].visualElements[1].value", "اشترك"): Verify element property value successfully

2023-08-20 14:25:42 - [MESSAGE][PASSED] - Verify element property value successfully

2023-08-20 14:25:42 - [TEST_STEP][PASSED] - verifyElementPropertyValue(getResponse, "groups[0].pricingPlans[0].pricingPlanData[0].visualElements[2].key", "logo"): Verify element property value successfully

2023-08-20 14:25:42 - [MESSAGE][PASSED] - Verify element property value successfully

2023-08-20 14:25:42 - [TEST_STEP][PASSED] - verifyElementPropertyValue(getResponse, "groups[0].pricingPlans[0].pricingPlanData[0].visualElements[2].value", "https://static.s3.shahid.mbc.net/widget-images/icons/iconCreditCard.png"): Verify element property value successfully

2023-08-20 14:25:42 - [MESSAGE][PASSED] - Verify element property value successfully

2023-08-20 14:25:42 - [TEST_STEP][PASSED] - verifyElementPropertyValue(getResponse, "groups[0].pricingPlans[0].pricingPlanData[0].priceLabel", "49.99"): Verify element property value successfully

2023-08-20 14:25:42 - [MESSAGE][PASSED] - Verify element property value successfully

2023-08-20 14:25:42 - [TEST_STEP][PASSED] - verifyElementPropertyValue(getResponse, "groups[0].pricingPlans[0].pricingPlanData[0].currencyLabel", "SAR"): Verify element property value successfully

2023-08-20 14:25:42 - [MESSAGE][PASSED] - Verify element property value successfully

2023-08-20 14:25:42 - [TEST_STEP][PASSED] - verifyElementPropertyValue(getResponse, "groups[0].pricingPlans[0].pricingPlanData[1].productId", "KSA_B2C_SHAHID_VIP_GEA_1M"): Verify element property value successfully

2023-08-20 14:25:42 - [MESSAGE][PASSED] - Verify element property value successfully

2023-08-20 14:25:42 - [TEST_STEP][PASSED] - verifyElementPropertyValue(getResponse, "groups[0].pricingPlans[0].pricingPlanData[1].subPricingPlanIds", "null"): Verify element property value successfully

2023-08-20 14:25:42 - [MESSAGE][PASSED] - Verify element property value successfully

2023-08-20 14:25:42 - [TEST_STEP][PASSED] - verifyElementPropertyValue(getResponse, "groups[0].pricingPlans[0].pricingPlanData[1].paymentMethod", "APPLE_PAY"): Verify element property value successfully

2023-08-20 14:25:42 - [MESSAGE][PASSED] - Verify element property value successfully

2023-08-20 14:25:42 - [TEST_STEP][PASSED] - verifyElementPropertyValue(getResponse, "groups[0].pricingPlans[0].pricingPlanData[1].freeTrialEnabled", "false"): Verify element property value successfully

2023-08-20 14:25:42 - [MESSAGE][PASSED] - Verify element property value successfully

2023-08-20 14:25:42 - [TEST_STEP][PASSED] - verifyElementPropertyValue(getResponse, "groups[0].pricingPlans[0].pricingPlanData[1].visualElements[0].key", "title"): Verify element property value successfully

2023-08-20 14:25:42 - [MESSAGE][PASSED] - Verify element property value successfully

2023-08-20 14:25:42 - [TEST_STEP][PASSED] - verifyElementPropertyValue(getResponse, "groups[0].pricingPlans[0].pricingPlanData[1].visualElements[0].value", "Apple Pay"): Verify element property value successfully

2023-08-20 14:25:42 - [MESSAGE][PASSED] - Verify element property value successfully

2023-08-20 14:25:42 - [TEST_STEP][PASSED] - verifyElementPropertyValue(getResponse, "groups[0].pricingPlans[0].pricingPlanData[1].visualElements[1].key", "CTA_text"): Verify element property value successfully

2023-08-20 14:25:42 - [MESSAGE][PASSED] - Verify element property value successfully

2023-08-20 14:25:42 - [TEST_STEP][PASSED] - verifyElementPropertyValue(getResponse, "groups[0].pricingPlans[0].pricingPlanData[1].visualElements[1].value", "اشترك"): Verify element property value successfully

2023-08-20 14:25:42 - [MESSAGE][PASSED] - Verify element property value successfully

2023-08-20 14:25:42 - [TEST_STEP][PASSED] - verifyElementPropertyValue(getResponse, "groups[0].pricingPlans[0].pricingPlanData[1].visualElements[2].key", "logo"): Verify element property value successfully

2023-08-20 14:25:42 - [MESSAGE][PASSED] - Verify element property value successfully

2023-08-20 14:25:42 - [TEST_STEP][PASSED] - verifyElementPropertyValue(getResponse, "groups[0].pricingPlans[0].pricingPlanData[1].visualElements[2].value", "https://static.s3.shahid.mbc.net/widget-images/icons/ApplePay_PlanSelectionIcon.svg"): Verify element property value successfully

2023-08-20 14:25:42 - [MESSAGE][PASSED] - Verify element property value successfully

2023-08-20 14:25:42 - [TEST_STEP][PASSED] - verifyElementPropertyValue(getResponse, "groups[0].pricingPlans[0].pricingPlanData[1].priceLabel", "49.99"): Verify element property value successfully

2023-08-20 14:25:42 - [MESSAGE][PASSED] - Verify element property value successfully

2023-08-20 14:25:42 - [TEST_STEP][PASSED] - verifyElementPropertyValue(getResponse, "groups[0].pricingPlans[0].pricingPlanData[1].currencyLabel", "SAR"): Verify element property value successfully

2023-08-20 14:25:42 - [MESSAGE][PASSED] - Verify element property value successfully

2023-08-20 14:25:42 - [TEST_STEP][PASSED] - verifyElementPropertyValue(getResponse, "groups[0].pricingPlans[0].pricingPlanData[2].pricingPlanId", "TPay_Zain_SA"): Verify element property value successfully

2023-08-20 14:25:42 - [MESSAGE][PASSED] - Verify element property value successfully

2023-08-20 14:25:42 - [TEST_STEP][PASSED] - verifyElementPropertyValue(getResponse, "groups[0].pricingPlans[0].pricingPlanData[2].productId", "KSA_B2C_SHAHID_VIP_GEA_1M"): Verify element property value successfully

2023-08-20 14:25:42 - [MESSAGE][PASSED] - Verify element property value successfully

2023-08-20 14:25:42 - [TEST_STEP][PASSED] - verifyElementPropertyValue(getResponse, "groups[0].pricingPlans[0].pricingPlanData[2].subPricingPlanIds[0]", "42004"): Verify element property value successfully

2023-08-20 14:25:42 - [MESSAGE][PASSED] - Verify element property value successfully

2023-08-20 14:25:42 - [TEST_STEP][PASSED] - verifyElementPropertyValue(getResponse, "groups[0].pricingPlans[0].pricingPlanData[2].paymentMethod", "MOBILE_PAY"): Verify element property value successfully

2023-08-20 14:25:42 - [MESSAGE][PASSED] - Verify element property value successfully

2023-08-20 14:25:42 - [TEST_STEP][PASSED] - verifyElementPropertyValue(getResponse, "groups[0].pricingPlans[0].pricingPlanData[2].freeTrialEnabled", "false"): Verify element property value successfully

2023-08-20 14:25:42 - [MESSAGE][PASSED] - Verify element property value successfully

2023-08-20 14:25:42 - [TEST_STEP][PASSED] - verifyElementPropertyValue(getResponse, "groups[0].pricingPlans[0].pricingPlanData[2].showIn[0]", "VERTICAL_MODE"): Verify element property value successfully

2023-08-20 14:25:42 - [MESSAGE][PASSED] - Verify element property value successfully

2023-08-20 14:25:42 - [TEST_STEP][PASSED] - verifyElementPropertyValue(getResponse, "groups[0].pricingPlans[0].pricingPlanData[2].showIn[1]", "HORIZONTAL_MODE"): Verify element property value successfully

2023-08-20 14:25:42 - [MESSAGE][PASSED] - Verify element property value successfully

2023-08-20 14:25:42 - [TEST_STEP][PASSED] - verifyElementPropertyValue(getResponse, "groups[0].pricingPlans[0].pricingPlanData[2].visualElements[0].key", "payment_option_group"): Verify element property value successfully

2023-08-20 14:25:42 - [MESSAGE][PASSED] - Verify element property value successfully

2023-08-20 14:25:42 - [TEST_STEP][PASSED] - verifyElementPropertyValue(getResponse, "groups[0].pricingPlans[0].pricingPlanData[2].visualElements[0].value", "true"): Verify element property value successfully

2023-08-20 14:25:42 - [MESSAGE][PASSED] - Verify element property value successfully

2023-08-20 14:25:42 - [TEST_STEP][PASSED] - verifyElementPropertyValue(getResponse, "groups[0].pricingPlans[0].pricingPlanData[2].visualElements[1].key", "title"): Verify element property value successfully

2023-08-20 14:25:42 - [MESSAGE][PASSED] - Verify element property value successfully

2023-08-20 14:25:42 - [TEST_STEP][PASSED] - verifyElementPropertyValue(getResponse, "groups[0].pricingPlans[0].pricingPlanData[2].visualElements[1].value", "الدفع عبر الجّوال"): Verify element property value successfully

2023-08-20 14:25:42 - [MESSAGE][PASSED] - Verify element property value successfully

2023-08-20 14:25:42 - [TEST_STEP][PASSED] - verifyElementPropertyValue(getResponse, "groups[0].pricingPlans[0].pricingPlanData[2].visualElements[2].key", "CTA_text"): Verify element property value successfully

2023-08-20 14:25:42 - [MESSAGE][PASSED] - Verify element property value successfully

2023-08-20 14:25:42 - [TEST_STEP][PASSED] - verifyElementPropertyValue(getResponse, "groups[0].pricingPlans[0].pricingPlanData[2].visualElements[2].value", "اشترك"): Verify element property value successfully

2023-08-20 14:25:42 - [MESSAGE][PASSED] - Verify element property value successfully

2023-08-20 14:25:42 - [TEST_STEP][PASSED] - verifyElementPropertyValue(getResponse, "groups[0].pricingPlans[0].pricingPlanData[2].visualElements[3].key", "logo"): Verify element property value successfully

2023-08-20 14:25:42 - [MESSAGE][PASSED] - Verify element property value successfully

2023-08-20 14:25:42 - [TEST_STEP][PASSED] - verifyElementPropertyValue(getResponse, "groups[0].pricingPlans[0].pricingPlanData[2].visualElements[3].value", "https://static.s3.shahid.mbc.net/widget-images/icons/iconMobile.png"): Verify element property value successfully

2023-08-20 14:25:42 - [MESSAGE][PASSED] - Verify element property value successfully

2023-08-20 14:25:42 - [TEST_STEP][PASSED] - verifyElementPropertyValue(getResponse, "groups[0].pricingPlans[0].pricingPlanData[2].priceLabel", "49.99"): Verify element property value successfully

2023-08-20 14:25:42 - [MESSAGE][PASSED] - Verify element property value successfully

2023-08-20 14:25:42 - [TEST_STEP][PASSED] - verifyElementPropertyValue(getResponse, "groups[0].pricingPlans[0].pricingPlanData[2].currencyLabel", "SAR"): Verify element property value successfully

2023-08-20 14:25:42 - [MESSAGE][PASSED] - Verify element property value successfully

2023-08-20 14:25:42 - [TEST_STEP][PASSED] - verifyElementPropertyValue(getResponse, "groups[0].pricingPlans[0].pricingPlanData[2].allowedForAcquisition", "true"): Verify element property value successfully

2023-08-20 14:25:42 - [MESSAGE][PASSED] - Verify element property value successfully

2023-08-20 14:25:42 - [TEST_STEP][PASSED] - verifyElementPropertyValue(getResponse, "groups[0].pricingPlans[0].pricingPlanData[3].pricingPlanId", "TPay_Mobily_SA"): Verify element property value successfully

2023-08-20 14:25:42 - [MESSAGE][PASSED] - Verify element property value successfully

2023-08-20 14:25:42 - [TEST_STEP][PASSED] - verifyElementPropertyValue(getResponse, "groups[0].pricingPlans[0].pricingPlanData[3].productId", "KSA_B2C_SHAHID_VIP_GEA_1M"): Verify element property value successfully

2023-08-20 14:25:42 - [MESSAGE][PASSED] - Verify element property value successfully

2023-08-20 14:25:42 - [TEST_STEP][PASSED] - verifyElementPropertyValue(getResponse, "groups[0].pricingPlans[0].pricingPlanData[3].subPricingPlanIds[0]", "42003"): Verify element property value successfully

2023-08-20 14:25:42 - [MESSAGE][PASSED] - Verify element property value successfully

2023-08-20 14:25:42 - [TEST_STEP][PASSED] - verifyElementPropertyValue(getResponse, "groups[0].pricingPlans[0].pricingPlanData[3].paymentMethod", "MOBILE_PAY"): Verify element property value successfully

2023-08-20 14:25:42 - [MESSAGE][PASSED] - Verify element property value successfully

2023-08-20 14:25:42 - [TEST_STEP][PASSED] - verifyElementPropertyValue(getResponse, "groups[0].pricingPlans[0].pricingPlanData[3].freeTrialEnabled", "false"): Verify element property value successfully

2023-08-20 14:25:42 - [MESSAGE][PASSED] - Verify element property value successfully

2023-08-20 14:25:42 - [TEST_STEP][PASSED] - verifyElementPropertyValue(getResponse, "groups[0].pricingPlans[0].pricingPlanData[3].priceLabel", "49.99"): Verify element property value successfully

2023-08-20 14:25:42 - [MESSAGE][PASSED] - Verify element property value successfully

2023-08-20 14:25:42 - [TEST_STEP][PASSED] - verifyElementPropertyValue(getResponse, "groups[0].pricingPlans[0].pricingPlanData[3].currencyLabel", "SAR"): Verify element property value successfully

2023-08-20 14:25:42 - [MESSAGE][PASSED] - Verify element property value successfully

2023-08-20 14:25:42 - [TEST_STEP][PASSED] - verifyElementPropertyValue(getResponse, "groups[0].pricingPlans[0].pricingPlanData[3].allowedForAcquisition", "true"): Verify element property value successfully

2023-08-20 14:25:42 - [MESSAGE][PASSED] - Verify element property value successfully

2023-08-20 14:25:42 - [TEST_STEP][PASSED] - verifyElementPropertyValue(getResponse, "groups[0].pricingPlans[0].pricingPlanData[4].pricingPlanId", "TPay_STC_SA"): Verify element property value successfully

2023-08-20 14:25:42 - [MESSAGE][PASSED] - Verify element property value successfully

2023-08-20 14:25:42 - [TEST_STEP][PASSED] - verifyElementPropertyValue(getResponse, "groups[0].pricingPlans[0].pricingPlanData[4].productId", "KSA_B2C_SHAHID_VIP_GEA_1M"): Verify element property value successfully

2023-08-20 14:25:42 - [MESSAGE][PASSED] - Verify element property value successfully

2023-08-20 14:25:42 - [TEST_STEP][PASSED] - verifyElementPropertyValue(getResponse, "groups[0].pricingPlans[0].pricingPlanData[4].subPricingPlanIds[0]", "42001"): Verify element property value successfully

2023-08-20 14:25:42 - [MESSAGE][PASSED] - Verify element property value successfully

2023-08-20 14:25:42 - [TEST_STEP][PASSED] - verifyElementPropertyValue(getResponse, "groups[0].pricingPlans[0].pricingPlanData[4].paymentMethod", "MOBILE_PAY"): Verify element property value successfully

2023-08-20 14:25:42 - [MESSAGE][PASSED] - Verify element property value successfully

2023-08-20 14:25:42 - [TEST_STEP][PASSED] - verifyElementPropertyValue(getResponse, "groups[0].pricingPlans[0].pricingPlanData[4].freeTrialEnabled", "false"): Verify element property value successfully

2023-08-20 14:25:42 - [MESSAGE][PASSED] - Verify element property value successfully

2023-08-20 14:25:42 - [TEST_STEP][PASSED] - verifyElementPropertyValue(getResponse, "groups[0].pricingPlans[0].pricingPlanData[4].priceLabel", "49.99"): Verify element property value successfully

2023-08-20 14:25:42 - [MESSAGE][PASSED] - Verify element property value successfully

2023-08-20 14:25:42 - [TEST_STEP][PASSED] - verifyElementPropertyValue(getResponse, "groups[0].pricingPlans[0].pricingPlanData[4].currencyLabel", "SAR"): Verify element property value successfully

2023-08-20 14:25:42 - [MESSAGE][PASSED] - Verify element property value successfully

2023-08-20 14:25:42 - [TEST_STEP][PASSED] - verifyElementPropertyValue(getResponse, "groups[0].pricingPlans[0].pricingPlanData[4].allowedForAcquisition", "true"): Verify element property value successfully

2023-08-20 14:25:42 - [MESSAGE][PASSED] - Verify element property value successfully

2023-08-20 14:25:42 - [TEST_STEP][PASSED] - verifyElementPropertyValue(getResponse, "groups[0].pricingPlans[2].featured", "false"): Verify element property value successfully

2023-08-20 14:25:42 - [MESSAGE][PASSED] - Verify element property value successfully

2023-08-20 14:25:42 - [TEST_STEP][PASSED] - verifyElementPropertyValue(getResponse, "groups[0].pricingPlans[2].packageId", "SHAHID_VIP_GEA"): Verify element property value successfully

2023-08-20 14:25:42 - [MESSAGE][PASSED] - Verify element property value successfully

2023-08-20 14:25:42 - [TEST_STEP][PASSED] - verifyElementPropertyValue(getResponse, "groups[0].pricingPlans[2].catalogId", "GEA"): Verify element property value successfully

2023-08-20 14:25:42 - [MESSAGE][PASSED] - Verify element property value successfully

2023-08-20 14:25:42 - [TEST_STEP][PASSED] - verifyElementPropertyValue(getResponse, "groups[0].pricingPlans[2].visualElements[0].key", "Header_1_text"): Verify element property value successfully

2023-08-20 14:25:42 - [MESSAGE][PASSED] - Verify element property value successfully

2023-08-20 14:25:42 - [TEST_STEP][PASSED] - verifyElementPropertyValue(getResponse, "groups[0].pricingPlans[2].visualElements[0].value", "شاهد أقوى المسلسلات و الأفلام حصرياً دون توقف"): Verify element property value successfully

2023-08-20 14:25:42 - [MESSAGE][PASSED] - Verify element property value successfully

2023-08-20 14:25:42 - [TEST_STEP][PASSED] - verifyElementPropertyValue(getResponse, "groups[0].pricingPlans[2].visualElements[1].key", "display_title"): Verify element property value successfully

2023-08-20 14:25:42 - [MESSAGE][PASSED] - Verify element property value successfully

2023-08-20 14:25:42 - [TEST_STEP][PASSED] - verifyElementPropertyValue(getResponse, "groups[0].pricingPlans[2].visualElements[1].value", "الاشتراك السنوي"): Verify element property value successfully

2023-08-20 14:25:42 - [MESSAGE][PASSED] - Verify element property value successfully

2023-08-20 14:25:42 - [TEST_STEP][PASSED] - verifyElementPropertyValue(getResponse, "groups[0].pricingPlans[2].visualElements[2].key", "tag_text"): Verify element property value successfully

2023-08-20 14:25:42 - [MESSAGE][PASSED] - Verify element property value successfully

2023-08-20 14:25:42 - [TEST_STEP][PASSED] - verifyElementPropertyValue(getResponse, "groups[0].pricingPlans[2].visualElements[2].value", "وفر23%"): Verify element property value successfully

2023-08-20 14:25:42 - [MESSAGE][PASSED] - Verify element property value successfully

2023-08-20 14:25:42 - [TEST_STEP][PASSED] - verifyElementPropertyValue(getResponse, "groups[0].pricingPlans[2].visualElements[3].key", "promo_text"): Verify element property value successfully

2023-08-20 14:25:42 - [MESSAGE][PASSED] - Verify element property value successfully

2023-08-20 14:25:42 - [TEST_STEP][PASSED] - verifyElementPropertyValue(getResponse, "groups[0].pricingPlans[2].visualElements[3].value", "38.33 SAR / شهرياً"): Verify element property value successfully

2023-08-20 14:25:42 - [MESSAGE][PASSED] - Verify element property value successfully

2023-08-20 14:25:42 - [TEST_STEP][PASSED] - verifyElementPropertyValue(getResponse, "groups[0].pricingPlans[2].visualElements[4].key", "deduction_text"): Verify element property value successfully

2023-08-20 14:25:42 - [MESSAGE][PASSED] - Verify element property value successfully

2023-08-20 14:25:42 - [TEST_STEP][PASSED] - verifyElementPropertyValue(getResponse, "groups[0].pricingPlans[2].visualElements[4].value", " 459.99 SAR تدفع سنوياً"): Verify element property value successfully

2023-08-20 14:25:42 - [MESSAGE][PASSED] - Verify element property value successfully

2023-08-20 14:25:42 - [TEST_STEP][PASSED] - verifyElementPropertyValue(getResponse, "groups[0].pricingPlans[2].visualElements[7].key", "show_payment_logo"): Verify element property value successfully

2023-08-20 14:25:42 - [MESSAGE][PASSED] - Verify element property value successfully

2023-08-20 14:25:42 - [TEST_STEP][PASSED] - verifyElementPropertyValue(getResponse, "groups[0].pricingPlans[2].visualElements[7].value", "true"): Verify element property value successfully

2023-08-20 14:25:42 - [MESSAGE][PASSED] - Verify element property value successfully

2023-08-20 14:25:42 - [TEST_STEP][PASSED] - verifyElementPropertyValue(getResponse, "groups[0].pricingPlans[2].visualElements[8].key", "show_tag"): Verify element property value successfully

2023-08-20 14:25:42 - [MESSAGE][PASSED] - Verify element property value successfully

2023-08-20 14:25:42 - [TEST_STEP][PASSED] - verifyElementPropertyValue(getResponse, "groups[0].pricingPlans[2].visualElements[8].value", "true"): Verify element property value successfully

2023-08-20 14:25:42 - [MESSAGE][PASSED] - Verify element property value successfully

2023-08-20 14:25:42 - [TEST_STEP][PASSED] - verifyElementPropertyValue(getResponse, "groups[0].pricingPlans[2].visualElements[10].key", "price"): Verify element property value successfully

2023-08-20 14:25:42 - [MESSAGE][PASSED] - Verify element property value successfully

2023-08-20 14:25:42 - [TEST_STEP][PASSED] - verifyElementPropertyValue(getResponse, "groups[0].pricingPlans[2].visualElements[10].value", "459.99"): Verify element property value successfully

2023-08-20 14:25:42 - [MESSAGE][PASSED] - Verify element property value successfully

2023-08-20 14:25:42 - [TEST_STEP][PASSED] - verifyElementPropertyValue(getResponse, "groups[0].pricingPlans[2].visualElements[11].key", "currency"): Verify element property value successfully

2023-08-20 14:25:42 - [MESSAGE][PASSED] - Verify element property value successfully

2023-08-20 14:25:42 - [TEST_STEP][PASSED] - verifyElementPropertyValue(getResponse, "groups[0].pricingPlans[2].visualElements[11].value", "SAR"): Verify element property value successfully

2023-08-20 14:25:42 - [MESSAGE][PASSED] - Verify element property value successfully

2023-08-20 14:25:42 - [TEST_STEP][PASSED] - verifyElementPropertyValue(getResponse, "groups[0].pricingPlans[2].visualElements[12].key", "duration"): Verify element property value successfully

2023-08-20 14:25:42 - [MESSAGE][PASSED] - Verify element property value successfully

2023-08-20 14:25:42 - [TEST_STEP][PASSED] - verifyElementPropertyValue(getResponse, "groups[0].pricingPlans[2].visualElements[12].value", "سنوياً"): Verify element property value successfully

2023-08-20 14:25:42 - [MESSAGE][PASSED] - Verify element property value successfully

2023-08-20 14:25:42 - [TEST_STEP][PASSED] - verifyElementPropertyValue(getResponse, "groups[0].pricingPlans[2].order", "8"): Verify element property value successfully

2023-08-20 14:25:42 - [MESSAGE][PASSED] - Verify element property value successfully

2023-08-20 14:25:42 - [TEST_STEP][PASSED] - verifyElementPropertyValue(getResponse, "groups[0].pricingPlans[2].period", "yearly"): Verify element property value successfully

2023-08-20 14:25:42 - [MESSAGE][PASSED] - Verify element property value successfully

2023-08-20 14:25:42 - [TEST_STEP][PASSED] - verifyElementPropertyValue(getResponse, "groups[0].pricingPlans[2].price", "459.99"): Verify element property value successfully

2023-08-20 14:25:42 - [MESSAGE][PASSED] - Verify element property value successfully

2023-08-20 14:25:42 - [TEST_STEP][PASSED] - verifyElementPropertyValue(getResponse, "groups[0].pricingPlans[2].currency", "SAR"): Verify element property value successfully

2023-08-20 14:25:42 - [MESSAGE][PASSED] - Verify element property value successfully

2023-08-20 14:25:42 - [TEST_STEP][PASSED] - verifyElementPropertyValue(getResponse, "groups[0].pricingPlans[2].pricingPlanData[0].productId", "KSA_B2C_SHAHID_VIP_GEA_12M"): Verify element property value successfully

2023-08-20 14:25:42 - [MESSAGE][PASSED] - Verify element property value successfully

2023-08-20 14:25:42 - [TEST_STEP][PASSED] - verifyElementPropertyValue(getResponse, "groups[0].pricingPlans[2].pricingPlanData[0].subPricingPlanIds", "null"): Verify element property value successfully

2023-08-20 14:25:42 - [MESSAGE][PASSED] - Verify element property value successfully

2023-08-20 14:25:42 - [TEST_STEP][PASSED] - verifyElementPropertyValue(getResponse, "groups[0].pricingPlans[2].pricingPlanData[0].paymentMethod", "CREDIT_CARD"): Verify element property value successfully

2023-08-20 14:25:42 - [MESSAGE][PASSED] - Verify element property value successfully

2023-08-20 14:25:42 - [TEST_STEP][PASSED] - verifyElementPropertyValue(getResponse, "groups[0].pricingPlans[2].pricingPlanData[0].freeTrialEnabled", "false"): Verify element property value successfully

2023-08-20 14:25:42 - [MESSAGE][PASSED] - Verify element property value successfully

2023-08-20 14:25:42 - [TEST_STEP][PASSED] - verifyElementPropertyValue(getResponse, "groups[0].pricingPlans[2].pricingPlanData[0].visualElements[0].key", "title"): Verify element property value successfully

2023-08-20 14:25:42 - [MESSAGE][PASSED] - Verify element property value successfully

2023-08-20 14:25:42 - [TEST_STEP][PASSED] - verifyElementPropertyValue(getResponse, "groups[0].pricingPlans[2].pricingPlanData[0].visualElements[0].value", "البطاقة المصرفية"): Verify element property value successfully

2023-08-20 14:25:42 - [MESSAGE][PASSED] - Verify element property value successfully

2023-08-20 14:25:42 - [TEST_STEP][PASSED] - verifyElementPropertyValue(getResponse, "groups[0].pricingPlans[2].pricingPlanData[0].visualElements[1].key", "CTA_text"): Verify element property value successfully

2023-08-20 14:25:42 - [MESSAGE][PASSED] - Verify element property value successfully

2023-08-20 14:25:42 - [TEST_STEP][PASSED] - verifyElementPropertyValue(getResponse, "groups[0].pricingPlans[2].pricingPlanData[0].visualElements[1].value", "اشترك"): Verify element property value successfully

2023-08-20 14:25:42 - [MESSAGE][PASSED] - Verify element property value successfully

2023-08-20 14:25:42 - [TEST_STEP][PASSED] - verifyElementPropertyValue(getResponse, "groups[0].pricingPlans[2].pricingPlanData[0].visualElements[2].key", "logo"): Verify element property value successfully

2023-08-20 14:25:42 - [MESSAGE][PASSED] - Verify element property value successfully

2023-08-20 14:25:42 - [TEST_STEP][PASSED] - verifyElementPropertyValue(getResponse, "groups[0].pricingPlans[2].pricingPlanData[0].visualElements[2].value", "https://static.s3.shahid.mbc.net/widget-images/icons/iconCreditCard.png"): Verify element property value successfully

2023-08-20 14:25:42 - [MESSAGE][PASSED] - Verify element property value successfully

2023-08-20 14:25:42 - [TEST_STEP][PASSED] - verifyElementPropertyValue(getResponse, "groups[0].pricingPlans[2].pricingPlanData[0].priceLabel", "459.99"): Verify element property value successfully

2023-08-20 14:25:42 - [MESSAGE][PASSED] - Verify element property value successfully

2023-08-20 14:25:42 - [TEST_STEP][PASSED] - verifyElementPropertyValue(getResponse, "groups[0].pricingPlans[2].pricingPlanData[0].currencyLabel", "SAR"): Verify element property value successfully

2023-08-20 14:25:42 - [MESSAGE][PASSED] - Verify element property value successfully

2023-08-20 14:25:42 - [TEST_STEP][PASSED] - verifyElementPropertyValue(getResponse, "groups[0].pricingPlans[2].pricingPlanData[0].allowedForAcquisition", "true"): Verify element property value successfully

2023-08-20 14:25:42 - [MESSAGE][PASSED] - Verify element property value successfully

2023-08-20 14:25:42 - [TEST_STEP][PASSED] - verifyElementPropertyValue(getResponse, "groups[0].pricingPlans[2].pricingPlanData[0].showIn[0]", "VERTICAL_MODE"): Verify element property value successfully

2023-08-20 14:25:42 - [MESSAGE][PASSED] - Verify element property value successfully

2023-08-20 14:25:42 - [TEST_STEP][PASSED] - verifyElementPropertyValue(getResponse, "groups[0].pricingPlans[2].pricingPlanData[0].showIn[1]", "HORIZONTAL_MODE"): Verify element property value successfully

2023-08-20 14:25:42 - [MESSAGE][PASSED] - Verify element property value successfully

2023-08-20 14:25:42 - [TEST_STEP][PASSED] - verifyElementPropertyValue(getResponse, "groups[0].pricingPlans[2].pricingPlanData[1].productId", "KSA_B2C_SHAHID_VIP_GEA_12M"): Verify element property value successfully

2023-08-20 14:25:42 - [MESSAGE][PASSED] - Verify element property value successfully

2023-08-20 14:25:42 - [TEST_STEP][PASSED] - verifyElementPropertyValue(getResponse, "groups[0].pricingPlans[2].pricingPlanData[1].subPricingPlanIds", "null"): Verify element property value successfully

2023-08-20 14:25:42 - [MESSAGE][PASSED] - Verify element property value successfully

2023-08-20 14:25:42 - [TEST_STEP][PASSED] - verifyElementPropertyValue(getResponse, "groups[0].pricingPlans[2].pricingPlanData[1].paymentMethod", "APPLE_PAY"): Verify element property value successfully

2023-08-20 14:25:42 - [MESSAGE][PASSED] - Verify element property value successfully

2023-08-20 14:25:42 - [TEST_STEP][PASSED] - verifyElementPropertyValue(getResponse, "groups[0].pricingPlans[2].pricingPlanData[1].freeTrialEnabled", "false"): Verify element property value successfully

2023-08-20 14:25:42 - [MESSAGE][PASSED] - Verify element property value successfully

2023-08-20 14:25:42 - [TEST_STEP][PASSED] - verifyElementPropertyValue(getResponse, "groups[0].pricingPlans[2].pricingPlanData[1].visualElements[0].key", "title"): Verify element property value successfully

2023-08-20 14:25:42 - [MESSAGE][PASSED] - Verify element property value successfully

2023-08-20 14:25:42 - [TEST_STEP][PASSED] - verifyElementPropertyValue(getResponse, "groups[0].pricingPlans[2].pricingPlanData[1].visualElements[0].value", "Apple Pay"): Verify element property value successfully

2023-08-20 14:25:42 - [MESSAGE][PASSED] - Verify element property value successfully

2023-08-20 14:25:42 - [TEST_STEP][PASSED] - verifyElementPropertyValue(getResponse, "groups[0].pricingPlans[2].pricingPlanData[1].visualElements[1].key", "CTA_text"): Verify element property value successfully

2023-08-20 14:25:42 - [MESSAGE][PASSED] - Verify element property value successfully

2023-08-20 14:25:42 - [TEST_STEP][PASSED] - verifyElementPropertyValue(getResponse, "groups[0].pricingPlans[2].pricingPlanData[1].visualElements[1].value", "اشترك"): Verify element property value successfully

2023-08-20 14:25:42 - [MESSAGE][PASSED] - Verify element property value successfully

2023-08-20 14:25:42 - [TEST_STEP][PASSED] - verifyElementPropertyValue(getResponse, "groups[0].pricingPlans[2].pricingPlanData[1].visualElements[2].key", "logo"): Verify element property value successfully

2023-08-20 14:25:42 - [MESSAGE][PASSED] - Verify element property value successfully

2023-08-20 14:25:42 - [TEST_STEP][PASSED] - verifyElementPropertyValue(getResponse, "groups[0].pricingPlans[2].pricingPlanData[1].visualElements[2].value", "https://static.s3.shahid.mbc.net/widget-images/icons/ApplePay_PlanSelectionIcon.svg"): Verify element property value successfully

2023-08-20 14:25:42 - [MESSAGE][PASSED] - Verify element property value successfully

2023-08-20 14:25:42 - [TEST_STEP][PASSED] - verifyElementPropertyValue(getResponse, "groups[0].pricingPlans[2].pricingPlanData[1].priceLabel", "459.99"): Verify element property value successfully

2023-08-20 14:25:42 - [MESSAGE][PASSED] - Verify element property value successfully

2023-08-20 14:25:42 - [TEST_STEP][PASSED] - verifyElementPropertyValue(getResponse, "groups[0].pricingPlans[2].pricingPlanData[1].currencyLabel", "SAR"): Verify element property value successfully

2023-08-20 14:25:42 - [MESSAGE][PASSED] - Verify element property value successfully

2023-08-20 14:25:42 - [TEST_STEP][PASSED] - verifyElementPropertyValue(getResponse, "groups[0].pricingPlans[2].pricingPlanData[1].allowedForAcquisition", "true"): Verify element property value successfully

2023-08-20 14:25:42 - [MESSAGE][PASSED] - Verify element property value successfully

2023-08-20 14:25:42 - [TEST_STEP][PASSED] - verifyElementPropertyValue(getResponse, "visualElements[0].key", "main_CTA_text_1"): Verify element property value successfully

2023-08-20 14:25:42 - [MESSAGE][PASSED] - Verify element property value successfully

2023-08-20 14:25:42 - [TEST_STEP][PASSED] - verifyElementPropertyValue(getResponse, "visualElements[0].value", "شاهد أقوى المسلسلات و الأفلام حصرياً دون توقف"): Verify element property value successfully

2023-08-20 14:25:42 - [MESSAGE][PASSED] - Verify element property value successfully

2023-08-20 14:25:42 - [TEST_STEP][PASSED] - verifyElementPropertyValue(getResponse, "visualElements[2].key", "main_disclaimer_text"): Verify element property value successfully

2023-08-20 14:25:43 - [MESSAGE][PASSED] - Verify element property value successfully

2023-08-20 14:25:43 - [TEST_STEP][PASSED] - verifyElementPropertyValue(getResponse, "visualElements[2].value", "رسوم الاشتراك قد تختلف بناءً على البلد أو طريقة الدفع أو باقة الاشتراك أو الضريبة المضافة أو معامل تحويل العملات والرسوم البنكية. تطبّق الشروط والأحكام."): Verify element property value successfully

2023-08-20 14:25:43 - [MESSAGE][PASSED] - Verify element property value successfully

2023-08-20 14:25:43 - [TEST_STEP][PASSED] - verifyElementPropertyValue(getResponse, "visualElements[4].key", "display_type"): Verify element property value successfully

2023-08-20 14:25:43 - [MESSAGE][PASSED] - Verify element property value successfully

2023-08-20 14:25:43 - [TEST_STEP][PASSED] - verifyElementPropertyValue(getResponse, "visualElements[4].value", "vertical"): Verify element property value successfully

2023-08-20 14:25:43 - [MESSAGE][PASSED] - Verify element property value successfully

2023-08-20 14:25:43 - [TEST_STEP][PASSED] - verifyElementPropertyValue(getResponse, "pages[0].visualElements[0].key", "alternative_payment_title"): Verify element property value successfully

2023-08-20 14:25:43 - [MESSAGE][PASSED] - Verify element property value successfully

2023-08-20 14:25:43 - [TEST_STEP][PASSED] - verifyElementPropertyValue(getResponse, "pages[0].visualElements[0].value", "أو قم باختيار إحدى الطرق البديلة التالية"): Verify element property value successfully

2023-08-20 14:25:43 - [MESSAGE][PASSED] - Verify element property value successfully

2023-08-20 14:25:43 - [TEST_STEP][PASSED] - verifyElementPropertyValue(getResponse, "pages[0].visualElements[1].key", "label_text"): Verify element property value successfully

2023-08-20 14:25:43 - [MESSAGE][PASSED] - Verify element property value successfully

2023-08-20 14:25:43 - [TEST_STEP][PASSED] - verifyElementPropertyValue(getResponse, "pages[0].visualElements[1].value", "طرق الدفع الأخرى"): Verify element property value successfully

2023-08-20 14:25:43 - [MESSAGE][PASSED] - Verify element property value successfully

2023-08-20 14:25:43 - [TEST_STEP][PASSED] - verifyElementPropertyValue(getResponse, "pages[0].visualElements[3].key", "CTA_text"): Verify element property value successfully

2023-08-20 14:25:43 - [MESSAGE][PASSED] - Verify element property value successfully

2023-08-20 14:25:43 - [TEST_STEP][PASSED] - verifyElementPropertyValue(getResponse, "pages[0].visualElements[3].value", "اضغط هنا"): Verify element property value successfully

2023-08-20 14:25:43 - [MESSAGE][PASSED] - Verify element property value successfully

2023-08-20 14:25:43 - [TEST_STEP][PASSED] - verifyElementPropertyValue(getResponse, "pages[0].visualElements[4].key", "main_title"): Verify element property value successfully

2023-08-20 14:25:43 - [MESSAGE][PASSED] - Verify element property value successfully

2023-08-20 14:25:43 - [TEST_STEP][PASSED] - verifyElementPropertyValue(getResponse, "pages[0].visualElements[4].value", "طرق الدفع الأخرى"): Verify element property value successfully

2023-08-20 14:25:43 - [MESSAGE][PASSED] - Verify element property value successfully

2023-08-20 14:25:43 - [TEST_STEP][PASSED] - verifyElementPropertyValue(getResponse, "pages[0].visualElements[6].key", "alternative_payment_methods"): Verify element property value successfully

2023-08-20 14:25:43 - [MESSAGE][PASSED] - Verify element property value successfully

2023-08-20 14:25:43 - [TEST_STEP][PASSED] - verifyElementPropertyValue(getResponse, "pages[0].visualElements[6].value", "يمكنك شراء قسيمة شاهد التسويقية من أي من بائعي التجزئة التاليين"): Verify element property value successfully

2023-08-20 14:25:43 - [MESSAGE][PASSED] - Verify element property value successfully

2023-08-20 14:25:43 - [TEST_STEP][PASSED] - verifyElementPropertyValue(getResponse, "defaultPackageId", "SHAHID_VIP"): Verify element property value successfully

2023-08-20 14:25:43 - [MESSAGE][PASSED] - Verify element property value successfully]]></system-out>
         <system-err><![CDATA[2023-08-20 14:25:38 - [TEST_CASE][FAILED] - Test Cases/WEB - SAFARI/SAU PI/WEB_AR_getSubscriptionConfigForSAU_Imagine: Test Cases/WEB - SAFARI/SAU PI/WEB_AR_getSubscriptionConfigForSAU_Imagine FAILED.
Reason:
com.kms.katalon.core.exception.StepFailedException: Expected element property value ' الأكثر مبيعاً' is not equal with actual property value ' الأكثر مبيعاً'
	at com.kms.katalon.core.keyword.internal.KeywordMain.stepFailed(KeywordMain.groovy:39)
	at com.kms.katalon.core.webservice.keyword.builtin.VerifyElementPropertyValueKeyword$_verifyElementPropertyValue_closure1.doCall(VerifyElementPropertyValueKeyword.groovy:56)
	at com.kms.katalon.core.webservice.keyword.builtin.VerifyElementPropertyValueKeyword$_verifyElementPropertyValue_closure1.call(VerifyElementPropertyValueKeyword.groovy)
	at com.kms.katalon.core.keyword.internal.KeywordMain.runKeyword(KeywordMain.groovy:74)
	at com.kms.katalon.core.webservice.keyword.builtin.VerifyElementPropertyValueKeyword.verifyElementPropertyValue(VerifyElementPropertyValueKeyword.groovy:48)
	at com.kms.katalon.core.webservice.keyword.builtin.VerifyElementPropertyValueKeyword.execute(VerifyElementPropertyValueKeyword.groovy:43)
	at com.kms.katalon.core.keyword.internal.KeywordExecutor.executeKeywordForPlatform(KeywordExecutor.groovy:74)
	at com.kms.katalon.core.webservice.keyword.WSBuiltInKeywords.verifyElementPropertyValue(WSBuiltInKeywords.groovy:190)
	at com.kms.katalon.core.webservice.keyword.WSBuiltInKeywords$verifyElementPropertyValue$1.call(Unknown Source)
	at WEB_AR_getSubscriptionConfigForSAU_Imagine.run(WEB_AR_getSubscriptionConfigForSAU_Imagine:72)
	at com.kms.katalon.core.main.ScriptEngine.run(ScriptEngine.java:194)
	at com.kms.katalon.core.main.ScriptEngine.runScriptAsRawText(ScriptEngine.java:119)
	at com.kms.katalon.core.main.TestCaseExecutor.runScript(TestCaseExecutor.java:448)
	at com.kms.katalon.core.main.TestCaseExecutor.doExecute(TestCaseExecutor.java:439)
	at com.kms.katalon.core.main.TestCaseExecutor.processExecutionPhase(TestCaseExecutor.java:418)
	at com.kms.katalon.core.main.TestCaseExecutor.accessMainPhase(TestCaseExecutor.java:410)
	at com.kms.katalon.core.main.TestCaseExecutor.execute(TestCaseExecutor.java:285)
	at com.kms.katalon.core.common.CommonExecutor.accessTestCaseMainPhase(CommonExecutor.java:65)
	at com.kms.katalon.core.main.TestSuiteExecutor.accessTestSuiteMainPhase(TestSuiteExecutor.java:151)
	at com.kms.katalon.core.main.TestSuiteExecutor.execute(TestSuiteExecutor.java:106)
	at com.kms.katalon.core.main.TestCaseMain.startTestSuite(TestCaseMain.java:185)
	at com.kms.katalon.core.main.TestCaseMain$startTestSuite$0.call(Unknown Source)
	at TempTestSuite1692530449060.run(TempTestSuite1692530449060.groovy:36)]]></system-err>
      </testcase>
      <testcase name="Test Cases/WEB - SAFARI/SAU PI/WEB_EN_getSubscriptionConfigForSAU_Ultimate_GOBX" time="4.14" classname="Test Cases/WEB - SAFARI/SAU PI/WEB_EN_getSubscriptionConfigForSAU_Ultimate_GOBX" status="FAILED">
         <failure type="FAILED" message="Test Cases/WEB - SAFARI/SAU PI/WEB_EN_getSubscriptionConfigForSAU_Ultimate_GOBX FAILED.
Reason:
com.kms.katalon.core.exception.StepFailedException: Expected element property value 'Other Payment Methods' is not equal with actual property value 'Other payment methods'
	at com.kms.katalon.core.keyword.internal.KeywordMain.stepFailed(KeywordMain.groovy:39)
	at com.kms.katalon.core.webservice.keyword.builtin.VerifyElementPropertyValueKeyword$_verifyElementPropertyValue_closure1.doCall(VerifyElementPropertyValueKeyword.groovy:56)
	at com.kms.katalon.core.webservice.keyword.builtin.VerifyElementPropertyValueKeyword$_verifyElementPropertyValue_closure1.call(VerifyElementPropertyValueKeyword.groovy)
	at com.kms.katalon.core.keyword.internal.KeywordMain.runKeyword(KeywordMain.groovy:74)
	at com.kms.katalon.core.webservice.keyword.builtin.VerifyElementPropertyValueKeyword.verifyElementPropertyValue(VerifyElementPropertyValueKeyword.groovy:48)
	at com.kms.katalon.core.webservice.keyword.builtin.VerifyElementPropertyValueKeyword.execute(VerifyElementPropertyValueKeyword.groovy:43)
	at com.kms.katalon.core.keyword.internal.KeywordExecutor.executeKeywordForPlatform(KeywordExecutor.groovy:74)
	at com.kms.katalon.core.webservice.keyword.WSBuiltInKeywords.verifyElementPropertyValue(WSBuiltInKeywords.groovy:190)
	at com.kms.katalon.core.webservice.keyword.WSBuiltInKeywords$verifyElementPropertyValue$1.call(Unknown Source)
	at WEB_EN_getSubscriptionConfigForSAU_Ultimate_GOBX.run(WEB_EN_getSubscriptionConfigForSAU_Ultimate_GOBX:224)
	at com.kms.katalon.core.main.ScriptEngine.run(ScriptEngine.java:194)
	at com.kms.katalon.core.main.ScriptEngine.runScriptAsRawText(ScriptEngine.java:119)
	at com.kms.katalon.core.main.TestCaseExecutor.runScript(TestCaseExecutor.java:448)
	at com.kms.katalon.core.main.TestCaseExecutor.doExecute(TestCaseExecutor.java:439)
	at com.kms.katalon.core.main.TestCaseExecutor.processExecutionPhase(TestCaseExecutor.java:418)
	at com.kms.katalon.core.main.TestCaseExecutor.accessMainPhase(TestCaseExecutor.java:410)
	at com.kms.katalon.core.main.TestCaseExecutor.execute(TestCaseExecutor.java:285)
	at com.kms.katalon.core.common.CommonExecutor.accessTestCaseMainPhase(CommonExecutor.java:65)
	at com.kms.katalon.core.main.TestSuiteExecutor.accessTestSuiteMainPhase(TestSuiteExecutor.java:151)
	at com.kms.katalon.core.main.TestSuiteExecutor.execute(TestSuiteExecutor.java:106)
	at com.kms.katalon.core.main.TestCaseMain.startTestSuite(TestCaseMain.java:185)
	at com.kms.katalon.core.main.TestCaseMain$startTestSuite$0.call(Unknown Source)
	at TempTestSuite1692530449060.run(TempTestSuite1692530449060.groovy:36)
"/>
         <system-out><![CDATA[2023-08-20 14:25:43 - [TEST_CASE][FAILED] - Test Cases/WEB - SAFARI/SAU PI/WEB_EN_getSubscriptionConfigForSAU_Ultimate_GOBX: Test Cases/WEB - SAFARI/SAU PI/WEB_EN_getSubscriptionConfigForSAU_Ultimate_GOBX FAILED.
Reason:
com.kms.katalon.core.exception.StepFailedException: Expected element property value 'Other Payment Methods' is not equal with actual property value 'Other payment methods'
	at com.kms.katalon.core.keyword.internal.KeywordMain.stepFailed(KeywordMain.groovy:39)
	at com.kms.katalon.core.webservice.keyword.builtin.VerifyElementPropertyValueKeyword$_verifyElementPropertyValue_closure1.doCall(VerifyElementPropertyValueKeyword.groovy:56)
	at com.kms.katalon.core.webservice.keyword.builtin.VerifyElementPropertyValueKeyword$_verifyElementPropertyValue_closure1.call(VerifyElementPropertyValueKeyword.groovy)
	at com.kms.katalon.core.keyword.internal.KeywordMain.runKeyword(KeywordMain.groovy:74)
	at com.kms.katalon.core.webservice.keyword.builtin.VerifyElementPropertyValueKeyword.verifyElementPropertyValue(VerifyElementPropertyValueKeyword.groovy:48)
	at com.kms.katalon.core.webservice.keyword.builtin.VerifyElementPropertyValueKeyword.execute(VerifyElementPropertyValueKeyword.groovy:43)
	at com.kms.katalon.core.keyword.internal.KeywordExecutor.executeKeywordForPlatform(KeywordExecutor.groovy:74)
	at com.kms.katalon.core.webservice.keyword.WSBuiltInKeywords.verifyElementPropertyValue(WSBuiltInKeywords.groovy:190)
	at com.kms.katalon.core.webservice.keyword.WSBuiltInKeywords$verifyElementPropertyValue$1.call(Unknown Source)
	at WEB_EN_getSubscriptionConfigForSAU_Ultimate_GOBX.run(WEB_EN_getSubscriptionConfigForSAU_Ultimate_GOBX:224)
	at com.kms.katalon.core.main.ScriptEngine.run(ScriptEngine.java:194)
	at com.kms.katalon.core.main.ScriptEngine.runScriptAsRawText(ScriptEngine.java:119)
	at com.kms.katalon.core.main.TestCaseExecutor.runScript(TestCaseExecutor.java:448)
	at com.kms.katalon.core.main.TestCaseExecutor.doExecute(TestCaseExecutor.java:439)
	at com.kms.katalon.core.main.TestCaseExecutor.processExecutionPhase(TestCaseExecutor.java:418)
	at com.kms.katalon.core.main.TestCaseExecutor.accessMainPhase(TestCaseExecutor.java:410)
	at com.kms.katalon.core.main.TestCaseExecutor.execute(TestCaseExecutor.java:285)
	at com.kms.katalon.core.common.CommonExecutor.accessTestCaseMainPhase(CommonExecutor.java:65)
	at com.kms.katalon.core.main.TestSuiteExecutor.accessTestSuiteMainPhase(TestSuiteExecutor.java:151)
	at com.kms.katalon.core.main.TestSuiteExecutor.execute(TestSuiteExecutor.java:106)
	at com.kms.katalon.core.main.TestCaseMain.startTestSuite(TestCaseMain.java:185)
	at com.kms.katalon.core.main.TestCaseMain$startTestSuite$0.call(Unknown Source)
	at TempTestSuite1692530449060.run(TempTestSuite1692530449060.groovy:36)


2023-08-20 14:25:43 - [TEST_STEP][PASSED] - getResponse = config_files.getConfigFile.getConfig("WEB", "EN", "SHAHID_VIP_GEA_SPORT_GOBX", "SA", "true"): config_files.getConfigFile.getConfig is PASSED

2023-08-20 14:25:43 - [MESSAGE][INFO] - HAR: /Users/admin/Desktop/KatalonProjects/Shahid-BYG/Reports/20230820_142039/WEB-SAFARI/SAU/20230820_142049/requests/main/5.har

2023-08-20 14:25:43 - [MESSAGE][PASSED] - Send request successfully

2023-08-20 14:25:43 - [MESSAGE][PASSED] - config_files.getConfigFile.getConfig is PASSED

2023-08-20 14:25:43 - [TEST_STEP][PASSED] - verifyResponseStatusCode(getResponse, 200): Verify response status code successfully

2023-08-20 14:25:43 - [MESSAGE][PASSED] - Verify response status code successfully

2023-08-20 14:25:43 - [TEST_STEP][PASSED] - verifyElementPropertyValue(getResponse, "country", "SAU"): Verify element property value successfully

2023-08-20 14:25:44 - [MESSAGE][PASSED] - Verify element property value successfully

2023-08-20 14:25:44 - [TEST_STEP][PASSED] - verifyElementPropertyValue(getResponse, "platform", "[WEB]"): Verify element property value successfully

2023-08-20 14:25:44 - [MESSAGE][PASSED] - Verify element property value successfully

2023-08-20 14:25:44 - [TEST_STEP][PASSED] - verifyElementPropertyValue(getResponse, "groups[0].pricingPlans[0].featured", "true"): Verify element property value successfully

2023-08-20 14:25:44 - [MESSAGE][PASSED] - Verify element property value successfully

2023-08-20 14:25:44 - [TEST_STEP][PASSED] - verifyElementPropertyValue(getResponse, "groups[0].pricingPlans[0].packageId", "SHAHID_VIP_GEA_SPORT_GOBX"): Verify element property value successfully

2023-08-20 14:25:44 - [MESSAGE][PASSED] - Verify element property value successfully

2023-08-20 14:25:44 - [TEST_STEP][PASSED] - verifyElementPropertyValue(getResponse, "groups[0].pricingPlans[0].catalogId", "GEA"): Verify element property value successfully

2023-08-20 14:25:44 - [MESSAGE][PASSED] - Verify element property value successfully

2023-08-20 14:25:44 - [TEST_STEP][PASSED] - verifyElementPropertyValue(getResponse, "groups[0].pricingPlans[0].visualElements[0].key", "Header_1_text"): Verify element property value successfully

2023-08-20 14:25:44 - [MESSAGE][PASSED] - Verify element property value successfully

2023-08-20 14:25:44 - [TEST_STEP][PASSED] - verifyElementPropertyValue(getResponse, "groups[0].pricingPlans[0].visualElements[0].value", "Watch the most powerful series and movies exclusively without stopping"): Verify element property value successfully

2023-08-20 14:25:44 - [MESSAGE][PASSED] - Verify element property value successfully

2023-08-20 14:25:44 - [TEST_STEP][PASSED] - verifyElementPropertyValue(getResponse, "groups[0].pricingPlans[0].visualElements[1].key", "display_title"): Verify element property value successfully

2023-08-20 14:25:44 - [MESSAGE][PASSED] - Verify element property value successfully

2023-08-20 14:25:44 - [TEST_STEP][PASSED] - verifyElementPropertyValue(getResponse, "groups[0].pricingPlans[0].visualElements[1].value", "Monthly Plan"): Verify element property value successfully

2023-08-20 14:25:44 - [MESSAGE][PASSED] - Verify element property value successfully

2023-08-20 14:25:44 - [TEST_STEP][PASSED] - verifyElementPropertyValue(getResponse, "groups[0].pricingPlans[0].visualElements[3].key", "promo_text"): Verify element property value successfully

2023-08-20 14:25:44 - [MESSAGE][PASSED] - Verify element property value successfully

2023-08-20 14:25:44 - [TEST_STEP][PASSED] - verifyElementPropertyValue(getResponse, "groups[0].pricingPlans[0].visualElements[3].value", "94.99 SAR/ month"): Verify element property value successfully

2023-08-20 14:25:44 - [MESSAGE][PASSED] - Verify element property value successfully

2023-08-20 14:25:44 - [TEST_STEP][PASSED] - verifyElementPropertyValue(getResponse, "groups[0].pricingPlans[0].visualElements[4].key", "deduction_text"): Verify element property value successfully

2023-08-20 14:25:44 - [MESSAGE][PASSED] - Verify element property value successfully

2023-08-20 14:25:44 - [TEST_STEP][PASSED] - verifyElementPropertyValue(getResponse, "groups[0].pricingPlans[0].visualElements[4].value", "billed every month"): Verify element property value successfully

2023-08-20 14:25:44 - [MESSAGE][PASSED] - Verify element property value successfully

2023-08-20 14:25:44 - [TEST_STEP][PASSED] - verifyElementPropertyValue(getResponse, "groups[0].pricingPlans[0].visualElements[7].key", "show_payment_logo"): Verify element property value successfully

2023-08-20 14:25:44 - [MESSAGE][PASSED] - Verify element property value successfully

2023-08-20 14:25:44 - [TEST_STEP][PASSED] - verifyElementPropertyValue(getResponse, "groups[0].pricingPlans[0].visualElements[7].value", "true"): Verify element property value successfully

2023-08-20 14:25:44 - [MESSAGE][PASSED] - Verify element property value successfully

2023-08-20 14:25:44 - [TEST_STEP][PASSED] - verifyElementPropertyValue(getResponse, "groups[0].pricingPlans[0].visualElements[8].key", "show_tag"): Verify element property value successfully

2023-08-20 14:25:44 - [MESSAGE][PASSED] - Verify element property value successfully

2023-08-20 14:25:44 - [TEST_STEP][PASSED] - verifyElementPropertyValue(getResponse, "groups[0].pricingPlans[0].visualElements[8].value", "false"): Verify element property value successfully

2023-08-20 14:25:44 - [MESSAGE][PASSED] - Verify element property value successfully

2023-08-20 14:25:44 - [TEST_STEP][PASSED] - verifyElementPropertyValue(getResponse, "groups[0].pricingPlans[0].visualElements[10].key", "price"): Verify element property value successfully

2023-08-20 14:25:44 - [MESSAGE][PASSED] - Verify element property value successfully

2023-08-20 14:25:44 - [TEST_STEP][PASSED] - verifyElementPropertyValue(getResponse, "groups[0].pricingPlans[0].visualElements[10].value", "94.99"): Verify element property value successfully

2023-08-20 14:25:44 - [MESSAGE][PASSED] - Verify element property value successfully

2023-08-20 14:25:44 - [TEST_STEP][PASSED] - verifyElementPropertyValue(getResponse, "groups[0].pricingPlans[0].visualElements[11].key", "currency"): Verify element property value successfully

2023-08-20 14:25:44 - [MESSAGE][PASSED] - Verify element property value successfully

2023-08-20 14:25:44 - [TEST_STEP][PASSED] - verifyElementPropertyValue(getResponse, "groups[0].pricingPlans[0].visualElements[11].value", "SAR"): Verify element property value successfully

2023-08-20 14:25:44 - [MESSAGE][PASSED] - Verify element property value successfully

2023-08-20 14:25:44 - [TEST_STEP][PASSED] - verifyElementPropertyValue(getResponse, "groups[0].pricingPlans[0].visualElements[12].key", "duration"): Verify element property value successfully

2023-08-20 14:25:44 - [MESSAGE][PASSED] - Verify element property value successfully

2023-08-20 14:25:44 - [TEST_STEP][PASSED] - verifyElementPropertyValue(getResponse, "groups[0].pricingPlans[0].visualElements[12].value", "Monthly"): Verify element property value successfully

2023-08-20 14:25:44 - [MESSAGE][PASSED] - Verify element property value successfully

2023-08-20 14:25:44 - [TEST_STEP][PASSED] - verifyElementPropertyValue(getResponse, "groups[0].pricingPlans[0].visualElements[13].key", "featured_tag_text"): Verify element property value successfully

2023-08-20 14:25:44 - [MESSAGE][PASSED] - Verify element property value successfully

2023-08-20 14:25:44 - [TEST_STEP][PASSED] - verifyElementPropertyValue(getResponse, "groups[0].pricingPlans[0].visualElements[13].value", "Most popular"): Verify element property value successfully

2023-08-20 14:25:44 - [MESSAGE][PASSED] - Verify element property value successfully

2023-08-20 14:25:44 - [TEST_STEP][PASSED] - verifyElementPropertyValue(getResponse, "groups[0].pricingPlans[0].order", "15"): Verify element property value successfully

2023-08-20 14:25:44 - [MESSAGE][PASSED] - Verify element property value successfully

2023-08-20 14:25:44 - [TEST_STEP][PASSED] - verifyElementPropertyValue(getResponse, "groups[0].pricingPlans[0].period", "monthly"): Verify element property value successfully

2023-08-20 14:25:44 - [MESSAGE][PASSED] - Verify element property value successfully

2023-08-20 14:25:44 - [TEST_STEP][PASSED] - verifyElementPropertyValue(getResponse, "groups[0].pricingPlans[0].price", "94.99"): Verify element property value successfully

2023-08-20 14:25:44 - [MESSAGE][PASSED] - Verify element property value successfully

2023-08-20 14:25:44 - [TEST_STEP][PASSED] - verifyElementPropertyValue(getResponse, "groups[0].pricingPlans[0].currency", "SAR"): Verify element property value successfully

2023-08-20 14:25:44 - [MESSAGE][PASSED] - Verify element property value successfully

2023-08-20 14:25:44 - [TEST_STEP][PASSED] - verifyElementPropertyValue(getResponse, "groups[0].pricingPlans[0].pricingPlanData[0].productId", "KSA_B2C_SHAHID_VIP_GEA_SPORT_GOBX_1M"): Verify element property value successfully

2023-08-20 14:25:44 - [MESSAGE][PASSED] - Verify element property value successfully

2023-08-20 14:25:44 - [TEST_STEP][PASSED] - verifyElementPropertyValue(getResponse, "groups[0].pricingPlans[0].pricingPlanData[0].subPricingPlanIds", "null"): Verify element property value successfully

2023-08-20 14:25:44 - [MESSAGE][PASSED] - Verify element property value successfully

2023-08-20 14:25:44 - [TEST_STEP][PASSED] - verifyElementPropertyValue(getResponse, "groups[0].pricingPlans[0].pricingPlanData[0].paymentMethod", "CREDIT_CARD"): Verify element property value successfully

2023-08-20 14:25:44 - [MESSAGE][PASSED] - Verify element property value successfully

2023-08-20 14:25:44 - [TEST_STEP][PASSED] - verifyElementPropertyValue(getResponse, "groups[0].pricingPlans[0].pricingPlanData[0].freeTrialEnabled", "false"): Verify element property value successfully

2023-08-20 14:25:44 - [MESSAGE][PASSED] - Verify element property value successfully

2023-08-20 14:25:44 - [TEST_STEP][PASSED] - verifyElementPropertyValue(getResponse, "groups[0].pricingPlans[0].pricingPlanData[0].visualElements[0].key", "title"): Verify element property value successfully

2023-08-20 14:25:44 - [MESSAGE][PASSED] - Verify element property value successfully

2023-08-20 14:25:44 - [TEST_STEP][PASSED] - verifyElementPropertyValue(getResponse, "groups[0].pricingPlans[0].pricingPlanData[0].visualElements[0].value", "Credit/Debit Card"): Verify element property value successfully

2023-08-20 14:25:44 - [MESSAGE][PASSED] - Verify element property value successfully

2023-08-20 14:25:44 - [TEST_STEP][PASSED] - verifyElementPropertyValue(getResponse, "groups[0].pricingPlans[0].pricingPlanData[0].visualElements[1].key", "CTA_text"): Verify element property value successfully

2023-08-20 14:25:44 - [MESSAGE][PASSED] - Verify element property value successfully

2023-08-20 14:25:44 - [TEST_STEP][PASSED] - verifyElementPropertyValue(getResponse, "groups[0].pricingPlans[0].pricingPlanData[0].visualElements[1].value", "Subscribe"): Verify element property value successfully

2023-08-20 14:25:44 - [MESSAGE][PASSED] - Verify element property value successfully

2023-08-20 14:25:44 - [TEST_STEP][PASSED] - verifyElementPropertyValue(getResponse, "groups[0].pricingPlans[0].pricingPlanData[0].visualElements[2].key", "logo"): Verify element property value successfully

2023-08-20 14:25:44 - [MESSAGE][PASSED] - Verify element property value successfully

2023-08-20 14:25:44 - [TEST_STEP][PASSED] - verifyElementPropertyValue(getResponse, "groups[0].pricingPlans[0].pricingPlanData[0].visualElements[2].value", "https://static.s3.shahid.mbc.net/widget-images/icons/iconCreditCard.png"): Verify element property value successfully

2023-08-20 14:25:44 - [MESSAGE][PASSED] - Verify element property value successfully

2023-08-20 14:25:44 - [TEST_STEP][PASSED] - verifyElementPropertyValue(getResponse, "groups[0].pricingPlans[0].pricingPlanData[0].priceLabel", "94.99"): Verify element property value successfully

2023-08-20 14:25:44 - [MESSAGE][PASSED] - Verify element property value successfully

2023-08-20 14:25:44 - [TEST_STEP][PASSED] - verifyElementPropertyValue(getResponse, "groups[0].pricingPlans[0].pricingPlanData[0].currencyLabel", "SAR"): Verify element property value successfully

2023-08-20 14:25:44 - [MESSAGE][PASSED] - Verify element property value successfully

2023-08-20 14:25:44 - [TEST_STEP][PASSED] - verifyElementPropertyValue(getResponse, "groups[0].pricingPlans[0].pricingPlanData[1].productId", "KSA_B2C_SHAHID_VIP_GEA_SPORT_GOBX_1M"): Verify element property value successfully

2023-08-20 14:25:44 - [MESSAGE][PASSED] - Verify element property value successfully

2023-08-20 14:25:44 - [TEST_STEP][PASSED] - verifyElementPropertyValue(getResponse, "groups[0].pricingPlans[0].pricingPlanData[1].subPricingPlanIds", "null"): Verify element property value successfully

2023-08-20 14:25:44 - [MESSAGE][PASSED] - Verify element property value successfully

2023-08-20 14:25:44 - [TEST_STEP][PASSED] - verifyElementPropertyValue(getResponse, "groups[0].pricingPlans[0].pricingPlanData[1].paymentMethod", "APPLE_PAY"): Verify element property value successfully

2023-08-20 14:25:44 - [MESSAGE][PASSED] - Verify element property value successfully

2023-08-20 14:25:44 - [TEST_STEP][PASSED] - verifyElementPropertyValue(getResponse, "groups[0].pricingPlans[0].pricingPlanData[1].freeTrialEnabled", "false"): Verify element property value successfully

2023-08-20 14:25:44 - [MESSAGE][PASSED] - Verify element property value successfully

2023-08-20 14:25:44 - [TEST_STEP][PASSED] - verifyElementPropertyValue(getResponse, "groups[0].pricingPlans[0].pricingPlanData[1].visualElements[0].key", "title"): Verify element property value successfully

2023-08-20 14:25:44 - [MESSAGE][PASSED] - Verify element property value successfully

2023-08-20 14:25:44 - [TEST_STEP][PASSED] - verifyElementPropertyValue(getResponse, "groups[0].pricingPlans[0].pricingPlanData[1].visualElements[0].value", "Apple Pay"): Verify element property value successfully

2023-08-20 14:25:44 - [MESSAGE][PASSED] - Verify element property value successfully

2023-08-20 14:25:44 - [TEST_STEP][PASSED] - verifyElementPropertyValue(getResponse, "groups[0].pricingPlans[0].pricingPlanData[1].visualElements[1].key", "CTA_text"): Verify element property value successfully

2023-08-20 14:25:44 - [MESSAGE][PASSED] - Verify element property value successfully

2023-08-20 14:25:44 - [TEST_STEP][PASSED] - verifyElementPropertyValue(getResponse, "groups[0].pricingPlans[0].pricingPlanData[1].visualElements[1].value", "Subscribe"): Verify element property value successfully

2023-08-20 14:25:44 - [MESSAGE][PASSED] - Verify element property value successfully

2023-08-20 14:25:44 - [TEST_STEP][PASSED] - verifyElementPropertyValue(getResponse, "groups[0].pricingPlans[0].pricingPlanData[1].visualElements[2].key", "logo"): Verify element property value successfully

2023-08-20 14:25:44 - [MESSAGE][PASSED] - Verify element property value successfully

2023-08-20 14:25:44 - [TEST_STEP][PASSED] - verifyElementPropertyValue(getResponse, "groups[0].pricingPlans[0].pricingPlanData[1].visualElements[2].value", "https://static.s3.shahid.mbc.net/widget-images/icons/ApplePay_PlanSelectionIcon.svg"): Verify element property value successfully

2023-08-20 14:25:44 - [MESSAGE][PASSED] - Verify element property value successfully

2023-08-20 14:25:44 - [TEST_STEP][PASSED] - verifyElementPropertyValue(getResponse, "groups[0].pricingPlans[0].pricingPlanData[1].priceLabel", "94.99"): Verify element property value successfully

2023-08-20 14:25:44 - [MESSAGE][PASSED] - Verify element property value successfully

2023-08-20 14:25:44 - [TEST_STEP][PASSED] - verifyElementPropertyValue(getResponse, "groups[0].pricingPlans[0].pricingPlanData[1].currencyLabel", "SAR"): Verify element property value successfully

2023-08-20 14:25:44 - [MESSAGE][PASSED] - Verify element property value successfully

2023-08-20 14:25:44 - [TEST_STEP][PASSED] - verifyElementPropertyValue(getResponse, "groups[0].pricingPlans[0].pricingPlanData[2].pricingPlanId", "TPay_Zain_SA"): Verify element property value successfully

2023-08-20 14:25:44 - [MESSAGE][PASSED] - Verify element property value successfully

2023-08-20 14:25:44 - [TEST_STEP][PASSED] - verifyElementPropertyValue(getResponse, "groups[0].pricingPlans[0].pricingPlanData[2].productId", "KSA_B2C_SHAHID_VIP_GEA_SPORT_GOBX_1M"): Verify element property value successfully

2023-08-20 14:25:44 - [MESSAGE][PASSED] - Verify element property value successfully

2023-08-20 14:25:44 - [TEST_STEP][PASSED] - verifyElementPropertyValue(getResponse, "groups[0].pricingPlans[0].pricingPlanData[2].subPricingPlanIds[0]", "42004"): Verify element property value successfully

2023-08-20 14:25:44 - [MESSAGE][PASSED] - Verify element property value successfully

2023-08-20 14:25:44 - [TEST_STEP][PASSED] - verifyElementPropertyValue(getResponse, "groups[0].pricingPlans[0].pricingPlanData[2].paymentMethod", "MOBILE_PAY"): Verify element property value successfully

2023-08-20 14:25:44 - [MESSAGE][PASSED] - Verify element property value successfully

2023-08-20 14:25:44 - [TEST_STEP][PASSED] - verifyElementPropertyValue(getResponse, "groups[0].pricingPlans[0].pricingPlanData[2].freeTrialEnabled", "false"): Verify element property value successfully

2023-08-20 14:25:44 - [MESSAGE][PASSED] - Verify element property value successfully

2023-08-20 14:25:44 - [TEST_STEP][PASSED] - verifyElementPropertyValue(getResponse, "groups[0].pricingPlans[0].pricingPlanData[2].showIn[0]", "VERTICAL_MODE"): Verify element property value successfully

2023-08-20 14:25:44 - [MESSAGE][PASSED] - Verify element property value successfully

2023-08-20 14:25:44 - [TEST_STEP][PASSED] - verifyElementPropertyValue(getResponse, "groups[0].pricingPlans[0].pricingPlanData[2].showIn[1]", "HORIZONTAL_MODE"): Verify element property value successfully

2023-08-20 14:25:44 - [MESSAGE][PASSED] - Verify element property value successfully

2023-08-20 14:25:44 - [TEST_STEP][PASSED] - verifyElementPropertyValue(getResponse, "groups[0].pricingPlans[0].pricingPlanData[2].visualElements[0].key", "payment_option_group"): Verify element property value successfully

2023-08-20 14:25:44 - [MESSAGE][PASSED] - Verify element property value successfully

2023-08-20 14:25:44 - [TEST_STEP][PASSED] - verifyElementPropertyValue(getResponse, "groups[0].pricingPlans[0].pricingPlanData[2].visualElements[0].value", "true"): Verify element property value successfully

2023-08-20 14:25:44 - [MESSAGE][PASSED] - Verify element property value successfully

2023-08-20 14:25:44 - [TEST_STEP][PASSED] - verifyElementPropertyValue(getResponse, "groups[0].pricingPlans[0].pricingPlanData[2].visualElements[1].key", "title"): Verify element property value successfully

2023-08-20 14:25:44 - [MESSAGE][PASSED] - Verify element property value successfully

2023-08-20 14:25:44 - [TEST_STEP][PASSED] - verifyElementPropertyValue(getResponse, "groups[0].pricingPlans[0].pricingPlanData[2].visualElements[1].value", "Mobile Payment"): Verify element property value successfully

2023-08-20 14:25:44 - [MESSAGE][PASSED] - Verify element property value successfully

2023-08-20 14:25:44 - [TEST_STEP][PASSED] - verifyElementPropertyValue(getResponse, "groups[0].pricingPlans[0].pricingPlanData[2].visualElements[2].key", "CTA_text"): Verify element property value successfully

2023-08-20 14:25:44 - [MESSAGE][PASSED] - Verify element property value successfully

2023-08-20 14:25:44 - [TEST_STEP][PASSED] - verifyElementPropertyValue(getResponse, "groups[0].pricingPlans[0].pricingPlanData[2].visualElements[2].value", "Subscribe"): Verify element property value successfully

2023-08-20 14:25:44 - [MESSAGE][PASSED] - Verify element property value successfully

2023-08-20 14:25:44 - [TEST_STEP][PASSED] - verifyElementPropertyValue(getResponse, "groups[0].pricingPlans[0].pricingPlanData[2].visualElements[3].key", "logo"): Verify element property value successfully

2023-08-20 14:25:44 - [MESSAGE][PASSED] - Verify element property value successfully

2023-08-20 14:25:44 - [TEST_STEP][PASSED] - verifyElementPropertyValue(getResponse, "groups[0].pricingPlans[0].pricingPlanData[2].visualElements[3].value", "https://static.s3.shahid.mbc.net/widget-images/icons/iconMobile.png"): Verify element property value successfully

2023-08-20 14:25:44 - [MESSAGE][PASSED] - Verify element property value successfully

2023-08-20 14:25:44 - [TEST_STEP][PASSED] - verifyElementPropertyValue(getResponse, "groups[0].pricingPlans[0].pricingPlanData[2].priceLabel", "94.99"): Verify element property value successfully

2023-08-20 14:25:44 - [MESSAGE][PASSED] - Verify element property value successfully

2023-08-20 14:25:44 - [TEST_STEP][PASSED] - verifyElementPropertyValue(getResponse, "groups[0].pricingPlans[0].pricingPlanData[2].currencyLabel", "SAR"): Verify element property value successfully

2023-08-20 14:25:44 - [MESSAGE][PASSED] - Verify element property value successfully

2023-08-20 14:25:44 - [TEST_STEP][PASSED] - verifyElementPropertyValue(getResponse, "groups[0].pricingPlans[0].pricingPlanData[2].allowedForAcquisition", "true"): Verify element property value successfully

2023-08-20 14:25:44 - [MESSAGE][PASSED] - Verify element property value successfully

2023-08-20 14:25:44 - [TEST_STEP][PASSED] - verifyElementPropertyValue(getResponse, "groups[0].pricingPlans[0].pricingPlanData[3].pricingPlanId", "TPay_Mobily_SA"): Verify element property value successfully

2023-08-20 14:25:44 - [MESSAGE][PASSED] - Verify element property value successfully

2023-08-20 14:25:44 - [TEST_STEP][PASSED] - verifyElementPropertyValue(getResponse, "groups[0].pricingPlans[0].pricingPlanData[3].productId", "KSA_B2C_SHAHID_VIP_GEA_SPORT_GOBX_1M"): Verify element property value successfully

2023-08-20 14:25:44 - [MESSAGE][PASSED] - Verify element property value successfully

2023-08-20 14:25:44 - [TEST_STEP][PASSED] - verifyElementPropertyValue(getResponse, "groups[0].pricingPlans[0].pricingPlanData[3].subPricingPlanIds[0]", "42003"): Verify element property value successfully

2023-08-20 14:25:44 - [MESSAGE][PASSED] - Verify element property value successfully

2023-08-20 14:25:44 - [TEST_STEP][PASSED] - verifyElementPropertyValue(getResponse, "groups[0].pricingPlans[0].pricingPlanData[3].paymentMethod", "MOBILE_PAY"): Verify element property value successfully

2023-08-20 14:25:44 - [MESSAGE][PASSED] - Verify element property value successfully

2023-08-20 14:25:44 - [TEST_STEP][PASSED] - verifyElementPropertyValue(getResponse, "groups[0].pricingPlans[0].pricingPlanData[3].freeTrialEnabled", "false"): Verify element property value successfully

2023-08-20 14:25:44 - [MESSAGE][PASSED] - Verify element property value successfully

2023-08-20 14:25:44 - [TEST_STEP][PASSED] - verifyElementPropertyValue(getResponse, "groups[0].pricingPlans[0].pricingPlanData[3].priceLabel", "94.99"): Verify element property value successfully

2023-08-20 14:25:44 - [MESSAGE][PASSED] - Verify element property value successfully

2023-08-20 14:25:44 - [TEST_STEP][PASSED] - verifyElementPropertyValue(getResponse, "groups[0].pricingPlans[0].pricingPlanData[3].currencyLabel", "SAR"): Verify element property value successfully

2023-08-20 14:25:44 - [MESSAGE][PASSED] - Verify element property value successfully

2023-08-20 14:25:44 - [TEST_STEP][PASSED] - verifyElementPropertyValue(getResponse, "groups[0].pricingPlans[0].pricingPlanData[3].allowedForAcquisition", "true"): Verify element property value successfully

2023-08-20 14:25:44 - [MESSAGE][PASSED] - Verify element property value successfully

2023-08-20 14:25:44 - [TEST_STEP][PASSED] - verifyElementPropertyValue(getResponse, "groups[0].pricingPlans[0].pricingPlanData[4].pricingPlanId", "TPay_STC_SA"): Verify element property value successfully

2023-08-20 14:25:44 - [MESSAGE][PASSED] - Verify element property value successfully

2023-08-20 14:25:44 - [TEST_STEP][PASSED] - verifyElementPropertyValue(getResponse, "groups[0].pricingPlans[0].pricingPlanData[4].productId", "KSA_B2C_SHAHID_VIP_GEA_SPORT_GOBX_1M"): Verify element property value successfully

2023-08-20 14:25:44 - [MESSAGE][PASSED] - Verify element property value successfully

2023-08-20 14:25:44 - [TEST_STEP][PASSED] - verifyElementPropertyValue(getResponse, "groups[0].pricingPlans[0].pricingPlanData[4].subPricingPlanIds[0]", "42001"): Verify element property value successfully

2023-08-20 14:25:44 - [MESSAGE][PASSED] - Verify element property value successfully

2023-08-20 14:25:44 - [TEST_STEP][PASSED] - verifyElementPropertyValue(getResponse, "groups[0].pricingPlans[0].pricingPlanData[4].paymentMethod", "MOBILE_PAY"): Verify element property value successfully

2023-08-20 14:25:44 - [MESSAGE][PASSED] - Verify element property value successfully

2023-08-20 14:25:44 - [TEST_STEP][PASSED] - verifyElementPropertyValue(getResponse, "groups[0].pricingPlans[0].pricingPlanData[4].freeTrialEnabled", "false"): Verify element property value successfully

2023-08-20 14:25:44 - [MESSAGE][PASSED] - Verify element property value successfully

2023-08-20 14:25:44 - [TEST_STEP][PASSED] - verifyElementPropertyValue(getResponse, "groups[0].pricingPlans[0].pricingPlanData[4].priceLabel", "94.99"): Verify element property value successfully

2023-08-20 14:25:44 - [MESSAGE][PASSED] - Verify element property value successfully

2023-08-20 14:25:44 - [TEST_STEP][PASSED] - verifyElementPropertyValue(getResponse, "groups[0].pricingPlans[0].pricingPlanData[4].currencyLabel", "SAR"): Verify element property value successfully

2023-08-20 14:25:44 - [MESSAGE][PASSED] - Verify element property value successfully

2023-08-20 14:25:44 - [TEST_STEP][PASSED] - verifyElementPropertyValue(getResponse, "groups[0].pricingPlans[0].pricingPlanData[4].allowedForAcquisition", "true"): Verify element property value successfully

2023-08-20 14:25:44 - [MESSAGE][PASSED] - Verify element property value successfully

2023-08-20 14:25:44 - [TEST_STEP][PASSED] - verifyElementPropertyValue(getResponse, "groups[0].pricingPlans[2].featured", "false"): Verify element property value successfully

2023-08-20 14:25:44 - [MESSAGE][PASSED] - Verify element property value successfully

2023-08-20 14:25:44 - [TEST_STEP][PASSED] - verifyElementPropertyValue(getResponse, "groups[0].pricingPlans[2].packageId", "SHAHID_VIP_GEA_SPORT_GOBX"): Verify element property value successfully

2023-08-20 14:25:44 - [MESSAGE][PASSED] - Verify element property value successfully

2023-08-20 14:25:44 - [TEST_STEP][PASSED] - verifyElementPropertyValue(getResponse, "groups[0].pricingPlans[2].catalogId", "GEA"): Verify element property value successfully

2023-08-20 14:25:44 - [MESSAGE][PASSED] - Verify element property value successfully

2023-08-20 14:25:44 - [TEST_STEP][PASSED] - verifyElementPropertyValue(getResponse, "groups[0].pricingPlans[2].visualElements[0].key", "Header_1_text"): Verify element property value successfully

2023-08-20 14:25:44 - [MESSAGE][PASSED] - Verify element property value successfully

2023-08-20 14:25:44 - [TEST_STEP][PASSED] - verifyElementPropertyValue(getResponse, "groups[0].pricingPlans[2].visualElements[0].value", "Watch the most powerful series and movies exclusively without stopping"): Verify element property value successfully

2023-08-20 14:25:44 - [MESSAGE][PASSED] - Verify element property value successfully

2023-08-20 14:25:44 - [TEST_STEP][PASSED] - verifyElementPropertyValue(getResponse, "groups[0].pricingPlans[2].visualElements[1].key", "display_title"): Verify element property value successfully

2023-08-20 14:25:44 - [MESSAGE][PASSED] - Verify element property value successfully

2023-08-20 14:25:44 - [TEST_STEP][PASSED] - verifyElementPropertyValue(getResponse, "groups[0].pricingPlans[2].visualElements[1].value", "Annual Plan"): Verify element property value successfully

2023-08-20 14:25:44 - [MESSAGE][PASSED] - Verify element property value successfully

2023-08-20 14:25:44 - [TEST_STEP][PASSED] - verifyElementPropertyValue(getResponse, "groups[0].pricingPlans[2].visualElements[2].key", "tag_text"): Verify element property value successfully

2023-08-20 14:25:44 - [MESSAGE][PASSED] - Verify element property value successfully

2023-08-20 14:25:44 - [TEST_STEP][PASSED] - verifyElementPropertyValue(getResponse, "groups[0].pricingPlans[2].visualElements[2].value", "Save 12%"): Verify element property value successfully

2023-08-20 14:25:44 - [MESSAGE][PASSED] - Verify element property value successfully

2023-08-20 14:25:44 - [TEST_STEP][PASSED] - verifyElementPropertyValue(getResponse, "groups[0].pricingPlans[2].visualElements[3].key", "promo_text"): Verify element property value successfully

2023-08-20 14:25:44 - [MESSAGE][PASSED] - Verify element property value successfully

2023-08-20 14:25:44 - [TEST_STEP][PASSED] - verifyElementPropertyValue(getResponse, "groups[0].pricingPlans[2].visualElements[3].value", "83.33 SAR / month"): Verify element property value successfully

2023-08-20 14:25:44 - [MESSAGE][PASSED] - Verify element property value successfully

2023-08-20 14:25:44 - [TEST_STEP][PASSED] - verifyElementPropertyValue(getResponse, "groups[0].pricingPlans[2].visualElements[4].key", "deduction_text"): Verify element property value successfully

2023-08-20 14:25:44 - [MESSAGE][PASSED] - Verify element property value successfully

2023-08-20 14:25:44 - [TEST_STEP][PASSED] - verifyElementPropertyValue(getResponse, "groups[0].pricingPlans[2].visualElements[4].value", "999.99 SAR billed every year"): Verify element property value successfully

2023-08-20 14:25:44 - [MESSAGE][PASSED] - Verify element property value successfully

2023-08-20 14:25:44 - [TEST_STEP][PASSED] - verifyElementPropertyValue(getResponse, "groups[0].pricingPlans[2].visualElements[7].key", "show_payment_logo"): Verify element property value successfully

2023-08-20 14:25:44 - [MESSAGE][PASSED] - Verify element property value successfully

2023-08-20 14:25:44 - [TEST_STEP][PASSED] - verifyElementPropertyValue(getResponse, "groups[0].pricingPlans[2].visualElements[7].value", "true"): Verify element property value successfully

2023-08-20 14:25:44 - [MESSAGE][PASSED] - Verify element property value successfully

2023-08-20 14:25:44 - [TEST_STEP][PASSED] - verifyElementPropertyValue(getResponse, "groups[0].pricingPlans[2].visualElements[8].key", "show_tag"): Verify element property value successfully

2023-08-20 14:25:44 - [MESSAGE][PASSED] - Verify element property value successfully

2023-08-20 14:25:44 - [TEST_STEP][PASSED] - verifyElementPropertyValue(getResponse, "groups[0].pricingPlans[2].visualElements[8].value", "true"): Verify element property value successfully

2023-08-20 14:25:44 - [MESSAGE][PASSED] - Verify element property value successfully

2023-08-20 14:25:44 - [TEST_STEP][PASSED] - verifyElementPropertyValue(getResponse, "groups[0].pricingPlans[2].visualElements[10].key", "price"): Verify element property value successfully

2023-08-20 14:25:44 - [MESSAGE][PASSED] - Verify element property value successfully

2023-08-20 14:25:44 - [TEST_STEP][PASSED] - verifyElementPropertyValue(getResponse, "groups[0].pricingPlans[2].visualElements[10].value", "999.99"): Verify element property value successfully

2023-08-20 14:25:44 - [MESSAGE][PASSED] - Verify element property value successfully

2023-08-20 14:25:44 - [TEST_STEP][PASSED] - verifyElementPropertyValue(getResponse, "groups[0].pricingPlans[2].visualElements[11].key", "currency"): Verify element property value successfully

2023-08-20 14:25:44 - [MESSAGE][PASSED] - Verify element property value successfully

2023-08-20 14:25:44 - [TEST_STEP][PASSED] - verifyElementPropertyValue(getResponse, "groups[0].pricingPlans[2].visualElements[11].value", "SAR"): Verify element property value successfully

2023-08-20 14:25:44 - [MESSAGE][PASSED] - Verify element property value successfully

2023-08-20 14:25:44 - [TEST_STEP][PASSED] - verifyElementPropertyValue(getResponse, "groups[0].pricingPlans[2].visualElements[12].key", "duration"): Verify element property value successfully

2023-08-20 14:25:44 - [MESSAGE][PASSED] - Verify element property value successfully

2023-08-20 14:25:44 - [TEST_STEP][PASSED] - verifyElementPropertyValue(getResponse, "groups[0].pricingPlans[2].visualElements[12].value", "yearly"): Verify element property value successfully

2023-08-20 14:25:44 - [MESSAGE][PASSED] - Verify element property value successfully

2023-08-20 14:25:44 - [TEST_STEP][PASSED] - verifyElementPropertyValue(getResponse, "groups[0].pricingPlans[2].order", "17"): Verify element property value successfully

2023-08-20 14:25:44 - [MESSAGE][PASSED] - Verify element property value successfully

2023-08-20 14:25:44 - [TEST_STEP][PASSED] - verifyElementPropertyValue(getResponse, "groups[0].pricingPlans[2].period", "yearly"): Verify element property value successfully

2023-08-20 14:25:44 - [MESSAGE][PASSED] - Verify element property value successfully

2023-08-20 14:25:44 - [TEST_STEP][PASSED] - verifyElementPropertyValue(getResponse, "groups[0].pricingPlans[2].price", "999.99"): Verify element property value successfully

2023-08-20 14:25:44 - [MESSAGE][PASSED] - Verify element property value successfully

2023-08-20 14:25:44 - [TEST_STEP][PASSED] - verifyElementPropertyValue(getResponse, "groups[0].pricingPlans[2].currency", "SAR"): Verify element property value successfully

2023-08-20 14:25:44 - [MESSAGE][PASSED] - Verify element property value successfully

2023-08-20 14:25:44 - [TEST_STEP][PASSED] - verifyElementPropertyValue(getResponse, "groups[0].pricingPlans[2].pricingPlanData[0].productId", "KSA_B2C_SHAHID_VIP_GEA_SPORT_GOBX_12M"): Verify element property value successfully

2023-08-20 14:25:44 - [MESSAGE][PASSED] - Verify element property value successfully

2023-08-20 14:25:44 - [TEST_STEP][PASSED] - verifyElementPropertyValue(getResponse, "groups[0].pricingPlans[2].pricingPlanData[0].subPricingPlanIds", "null"): Verify element property value successfully

2023-08-20 14:25:44 - [MESSAGE][PASSED] - Verify element property value successfully

2023-08-20 14:25:44 - [TEST_STEP][PASSED] - verifyElementPropertyValue(getResponse, "groups[0].pricingPlans[2].pricingPlanData[0].paymentMethod", "CREDIT_CARD"): Verify element property value successfully

2023-08-20 14:25:44 - [MESSAGE][PASSED] - Verify element property value successfully

2023-08-20 14:25:44 - [TEST_STEP][PASSED] - verifyElementPropertyValue(getResponse, "groups[0].pricingPlans[2].pricingPlanData[0].freeTrialEnabled", "false"): Verify element property value successfully

2023-08-20 14:25:44 - [MESSAGE][PASSED] - Verify element property value successfully

2023-08-20 14:25:44 - [TEST_STEP][PASSED] - verifyElementPropertyValue(getResponse, "groups[0].pricingPlans[2].pricingPlanData[0].visualElements[0].key", "title"): Verify element property value successfully

2023-08-20 14:25:44 - [MESSAGE][PASSED] - Verify element property value successfully

2023-08-20 14:25:44 - [TEST_STEP][PASSED] - verifyElementPropertyValue(getResponse, "groups[0].pricingPlans[2].pricingPlanData[0].visualElements[0].value", "Credit/Debit Card"): Verify element property value successfully

2023-08-20 14:25:44 - [MESSAGE][PASSED] - Verify element property value successfully

2023-08-20 14:25:44 - [TEST_STEP][PASSED] - verifyElementPropertyValue(getResponse, "groups[0].pricingPlans[2].pricingPlanData[0].visualElements[1].key", "CTA_text"): Verify element property value successfully

2023-08-20 14:25:44 - [MESSAGE][PASSED] - Verify element property value successfully

2023-08-20 14:25:44 - [TEST_STEP][PASSED] - verifyElementPropertyValue(getResponse, "groups[0].pricingPlans[2].pricingPlanData[0].visualElements[1].value", "Subscribe"): Verify element property value successfully

2023-08-20 14:25:44 - [MESSAGE][PASSED] - Verify element property value successfully

2023-08-20 14:25:44 - [TEST_STEP][PASSED] - verifyElementPropertyValue(getResponse, "groups[0].pricingPlans[2].pricingPlanData[0].visualElements[2].key", "logo"): Verify element property value successfully

2023-08-20 14:25:44 - [MESSAGE][PASSED] - Verify element property value successfully

2023-08-20 14:25:44 - [TEST_STEP][PASSED] - verifyElementPropertyValue(getResponse, "groups[0].pricingPlans[2].pricingPlanData[0].visualElements[2].value", "https://static.s3.shahid.mbc.net/widget-images/icons/iconCreditCard.png"): Verify element property value successfully

2023-08-20 14:25:44 - [MESSAGE][PASSED] - Verify element property value successfully

2023-08-20 14:25:44 - [TEST_STEP][PASSED] - verifyElementPropertyValue(getResponse, "groups[0].pricingPlans[2].pricingPlanData[0].priceLabel", "999.99"): Verify element property value successfully

2023-08-20 14:25:44 - [MESSAGE][PASSED] - Verify element property value successfully

2023-08-20 14:25:44 - [TEST_STEP][PASSED] - verifyElementPropertyValue(getResponse, "groups[0].pricingPlans[2].pricingPlanData[0].currencyLabel", "SAR"): Verify element property value successfully

2023-08-20 14:25:44 - [MESSAGE][PASSED] - Verify element property value successfully

2023-08-20 14:25:44 - [TEST_STEP][PASSED] - verifyElementPropertyValue(getResponse, "groups[0].pricingPlans[2].pricingPlanData[0].allowedForAcquisition", "true"): Verify element property value successfully

2023-08-20 14:25:44 - [MESSAGE][PASSED] - Verify element property value successfully

2023-08-20 14:25:44 - [TEST_STEP][PASSED] - verifyElementPropertyValue(getResponse, "groups[0].pricingPlans[2].pricingPlanData[0].showIn[0]", "VERTICAL_MODE"): Verify element property value successfully

2023-08-20 14:25:44 - [MESSAGE][PASSED] - Verify element property value successfully

2023-08-20 14:25:44 - [TEST_STEP][PASSED] - verifyElementPropertyValue(getResponse, "groups[0].pricingPlans[2].pricingPlanData[0].showIn[1]", "HORIZONTAL_MODE"): Verify element property value successfully

2023-08-20 14:25:44 - [MESSAGE][PASSED] - Verify element property value successfully

2023-08-20 14:25:44 - [TEST_STEP][PASSED] - verifyElementPropertyValue(getResponse, "groups[0].pricingPlans[2].pricingPlanData[1].productId", "KSA_B2C_SHAHID_VIP_GEA_SPORT_GOBX_12M"): Verify element property value successfully

2023-08-20 14:25:44 - [MESSAGE][PASSED] - Verify element property value successfully

2023-08-20 14:25:44 - [TEST_STEP][PASSED] - verifyElementPropertyValue(getResponse, "groups[0].pricingPlans[2].pricingPlanData[1].subPricingPlanIds", "null"): Verify element property value successfully

2023-08-20 14:25:44 - [MESSAGE][PASSED] - Verify element property value successfully

2023-08-20 14:25:44 - [TEST_STEP][PASSED] - verifyElementPropertyValue(getResponse, "groups[0].pricingPlans[2].pricingPlanData[1].paymentMethod", "APPLE_PAY"): Verify element property value successfully

2023-08-20 14:25:44 - [MESSAGE][PASSED] - Verify element property value successfully

2023-08-20 14:25:44 - [TEST_STEP][PASSED] - verifyElementPropertyValue(getResponse, "groups[0].pricingPlans[2].pricingPlanData[1].freeTrialEnabled", "false"): Verify element property value successfully

2023-08-20 14:25:44 - [MESSAGE][PASSED] - Verify element property value successfully

2023-08-20 14:25:44 - [TEST_STEP][PASSED] - verifyElementPropertyValue(getResponse, "groups[0].pricingPlans[2].pricingPlanData[1].visualElements[0].key", "title"): Verify element property value successfully

2023-08-20 14:25:44 - [MESSAGE][PASSED] - Verify element property value successfully

2023-08-20 14:25:44 - [TEST_STEP][PASSED] - verifyElementPropertyValue(getResponse, "groups[0].pricingPlans[2].pricingPlanData[1].visualElements[0].value", "Apple Pay"): Verify element property value successfully

2023-08-20 14:25:44 - [MESSAGE][PASSED] - Verify element property value successfully

2023-08-20 14:25:44 - [TEST_STEP][PASSED] - verifyElementPropertyValue(getResponse, "groups[0].pricingPlans[2].pricingPlanData[1].visualElements[1].key", "CTA_text"): Verify element property value successfully

2023-08-20 14:25:44 - [MESSAGE][PASSED] - Verify element property value successfully

2023-08-20 14:25:44 - [TEST_STEP][PASSED] - verifyElementPropertyValue(getResponse, "groups[0].pricingPlans[2].pricingPlanData[1].visualElements[1].value", "Subscribe"): Verify element property value successfully

2023-08-20 14:25:44 - [MESSAGE][PASSED] - Verify element property value successfully

2023-08-20 14:25:44 - [TEST_STEP][PASSED] - verifyElementPropertyValue(getResponse, "groups[0].pricingPlans[2].pricingPlanData[1].visualElements[2].key", "logo"): Verify element property value successfully

2023-08-20 14:25:44 - [MESSAGE][PASSED] - Verify element property value successfully

2023-08-20 14:25:44 - [TEST_STEP][PASSED] - verifyElementPropertyValue(getResponse, "groups[0].pricingPlans[2].pricingPlanData[1].visualElements[2].value", "https://static.s3.shahid.mbc.net/widget-images/icons/ApplePay_PlanSelectionIcon.svg"): Verify element property value successfully

2023-08-20 14:25:44 - [MESSAGE][PASSED] - Verify element property value successfully

2023-08-20 14:25:44 - [TEST_STEP][PASSED] - verifyElementPropertyValue(getResponse, "groups[0].pricingPlans[2].pricingPlanData[1].priceLabel", "999.99"): Verify element property value successfully

2023-08-20 14:25:44 - [MESSAGE][PASSED] - Verify element property value successfully

2023-08-20 14:25:44 - [TEST_STEP][PASSED] - verifyElementPropertyValue(getResponse, "groups[0].pricingPlans[2].pricingPlanData[1].currencyLabel", "SAR"): Verify element property value successfully

2023-08-20 14:25:44 - [MESSAGE][PASSED] - Verify element property value successfully

2023-08-20 14:25:44 - [TEST_STEP][PASSED] - verifyElementPropertyValue(getResponse, "groups[0].pricingPlans[2].pricingPlanData[1].allowedForAcquisition", "true"): Verify element property value successfully

2023-08-20 14:25:44 - [MESSAGE][PASSED] - Verify element property value successfully

2023-08-20 14:25:44 - [TEST_STEP][PASSED] - verifyElementPropertyValue(getResponse, "visualElements[0].key", "main_CTA_text_1"): Verify element property value successfully

2023-08-20 14:25:44 - [MESSAGE][PASSED] - Verify element property value successfully

2023-08-20 14:25:44 - [TEST_STEP][PASSED] - verifyElementPropertyValue(getResponse, "visualElements[0].value", "Watch the most powerful series and movies exclusively without stopping"): Verify element property value successfully

2023-08-20 14:25:44 - [MESSAGE][PASSED] - Verify element property value successfully

2023-08-20 14:25:44 - [TEST_STEP][PASSED] - verifyElementPropertyValue(getResponse, "visualElements[2].key", "main_disclaimer_text"): Verify element property value successfully

2023-08-20 14:25:44 - [MESSAGE][PASSED] - Verify element property value successfully

2023-08-20 14:25:44 - [TEST_STEP][PASSED] - verifyElementPropertyValue(getResponse, "visualElements[2].value", "Subscription fees may vary depending on the country, payment method, subscription package, added tax, currency conversion factor, and bank fees. Terms and conditions apply."): Verify element property value successfully

2023-08-20 14:25:45 - [MESSAGE][PASSED] - Verify element property value successfully

2023-08-20 14:25:45 - [TEST_STEP][PASSED] - verifyElementPropertyValue(getResponse, "visualElements[4].key", "display_type"): Verify element property value successfully

2023-08-20 14:25:45 - [MESSAGE][PASSED] - Verify element property value successfully

2023-08-20 14:25:45 - [TEST_STEP][PASSED] - verifyElementPropertyValue(getResponse, "visualElements[4].value", "vertical"): Verify element property value successfully

2023-08-20 14:25:45 - [MESSAGE][PASSED] - Verify element property value successfully

2023-08-20 14:25:45 - [TEST_STEP][PASSED] - verifyElementPropertyValue(getResponse, "pages[0].visualElements[0].key", "alternative_payment_title"): Verify element property value successfully

2023-08-20 14:25:45 - [MESSAGE][PASSED] - Verify element property value successfully

2023-08-20 14:25:45 - [TEST_STEP][PASSED] - verifyElementPropertyValue(getResponse, "pages[0].visualElements[0].value", "Or choose one of the following alternative methods"): Verify element property value successfully

2023-08-20 14:25:45 - [MESSAGE][PASSED] - Verify element property value successfully

2023-08-20 14:25:45 - [TEST_STEP][PASSED] - verifyElementPropertyValue(getResponse, "pages[0].visualElements[1].key", "label_text"): Verify element property value successfully

2023-08-20 14:25:45 - [MESSAGE][PASSED] - Verify element property value successfully

2023-08-20 14:25:45 - [TEST_STEP][FAILED] - verifyElementPropertyValue(getResponse, "pages[0].visualElements[1].value", "Other Payment Methods"): Expected element property value 'Other Payment Methods' is not equal with actual property value 'Other payment methods'

2023-08-20 14:25:45 - [MESSAGE][FAILED] - Expected element property value 'Other Payment Methods' is not equal with actual property value 'Other payment methods'

2023-08-20 14:25:45 - [TEST_STEP][PASSED] - verifyElementPropertyValue(getResponse, "pages[0].visualElements[3].key", "CTA_text"): Verify element property value successfully

2023-08-20 14:25:45 - [MESSAGE][PASSED] - Verify element property value successfully

2023-08-20 14:25:45 - [TEST_STEP][PASSED] - verifyElementPropertyValue(getResponse, "pages[0].visualElements[3].value", "Click here"): Verify element property value successfully

2023-08-20 14:25:45 - [MESSAGE][PASSED] - Verify element property value successfully

2023-08-20 14:25:45 - [TEST_STEP][PASSED] - verifyElementPropertyValue(getResponse, "pages[0].visualElements[4].key", "main_title"): Verify element property value successfully

2023-08-20 14:25:45 - [MESSAGE][PASSED] - Verify element property value successfully

2023-08-20 14:25:45 - [TEST_STEP][PASSED] - verifyElementPropertyValue(getResponse, "pages[0].visualElements[4].value", "Other Payment Methods"): Verify element property value successfully

2023-08-20 14:25:45 - [MESSAGE][PASSED] - Verify element property value successfully

2023-08-20 14:25:45 - [TEST_STEP][PASSED] - verifyElementPropertyValue(getResponse, "pages[0].visualElements[6].key", "alternative_payment_methods"): Verify element property value successfully

2023-08-20 14:25:45 - [MESSAGE][PASSED] - Verify element property value successfully

2023-08-20 14:25:45 - [TEST_STEP][PASSED] - verifyElementPropertyValue(getResponse, "pages[0].visualElements[6].value", "You can get Shahid voucher from any of the following retailers"): Verify element property value successfully

2023-08-20 14:25:45 - [MESSAGE][PASSED] - Verify element property value successfully

2023-08-20 14:25:45 - [TEST_STEP][PASSED] - verifyElementPropertyValue(getResponse, "defaultPackageId", "SHAHID_VIP"): Verify element property value successfully

2023-08-20 14:25:45 - [MESSAGE][PASSED] - Verify element property value successfully]]></system-out>
         <system-err><![CDATA[2023-08-20 14:25:43 - [TEST_CASE][FAILED] - Test Cases/WEB - SAFARI/SAU PI/WEB_EN_getSubscriptionConfigForSAU_Ultimate_GOBX: Test Cases/WEB - SAFARI/SAU PI/WEB_EN_getSubscriptionConfigForSAU_Ultimate_GOBX FAILED.
Reason:
com.kms.katalon.core.exception.StepFailedException: Expected element property value 'Other Payment Methods' is not equal with actual property value 'Other payment methods'
	at com.kms.katalon.core.keyword.internal.KeywordMain.stepFailed(KeywordMain.groovy:39)
	at com.kms.katalon.core.webservice.keyword.builtin.VerifyElementPropertyValueKeyword$_verifyElementPropertyValue_closure1.doCall(VerifyElementPropertyValueKeyword.groovy:56)
	at com.kms.katalon.core.webservice.keyword.builtin.VerifyElementPropertyValueKeyword$_verifyElementPropertyValue_closure1.call(VerifyElementPropertyValueKeyword.groovy)
	at com.kms.katalon.core.keyword.internal.KeywordMain.runKeyword(KeywordMain.groovy:74)
	at com.kms.katalon.core.webservice.keyword.builtin.VerifyElementPropertyValueKeyword.verifyElementPropertyValue(VerifyElementPropertyValueKeyword.groovy:48)
	at com.kms.katalon.core.webservice.keyword.builtin.VerifyElementPropertyValueKeyword.execute(VerifyElementPropertyValueKeyword.groovy:43)
	at com.kms.katalon.core.keyword.internal.KeywordExecutor.executeKeywordForPlatform(KeywordExecutor.groovy:74)
	at com.kms.katalon.core.webservice.keyword.WSBuiltInKeywords.verifyElementPropertyValue(WSBuiltInKeywords.groovy:190)
	at com.kms.katalon.core.webservice.keyword.WSBuiltInKeywords$verifyElementPropertyValue$1.call(Unknown Source)
	at WEB_EN_getSubscriptionConfigForSAU_Ultimate_GOBX.run(WEB_EN_getSubscriptionConfigForSAU_Ultimate_GOBX:224)
	at com.kms.katalon.core.main.ScriptEngine.run(ScriptEngine.java:194)
	at com.kms.katalon.core.main.ScriptEngine.runScriptAsRawText(ScriptEngine.java:119)
	at com.kms.katalon.core.main.TestCaseExecutor.runScript(TestCaseExecutor.java:448)
	at com.kms.katalon.core.main.TestCaseExecutor.doExecute(TestCaseExecutor.java:439)
	at com.kms.katalon.core.main.TestCaseExecutor.processExecutionPhase(TestCaseExecutor.java:418)
	at com.kms.katalon.core.main.TestCaseExecutor.accessMainPhase(TestCaseExecutor.java:410)
	at com.kms.katalon.core.main.TestCaseExecutor.execute(TestCaseExecutor.java:285)
	at com.kms.katalon.core.common.CommonExecutor.accessTestCaseMainPhase(CommonExecutor.java:65)
	at com.kms.katalon.core.main.TestSuiteExecutor.accessTestSuiteMainPhase(TestSuiteExecutor.java:151)
	at com.kms.katalon.core.main.TestSuiteExecutor.execute(TestSuiteExecutor.java:106)
	at com.kms.katalon.core.main.TestCaseMain.startTestSuite(TestCaseMain.java:185)
	at com.kms.katalon.core.main.TestCaseMain$startTestSuite$0.call(Unknown Source)
	at TempTestSuite1692530449060.run(TempTestSuite1692530449060.groovy:36)]]></system-err>
      </testcase>
      <testcase name="Test Cases/WEB - SAFARI/SAU PI/WEB_AR_getSubscriptionConfigForSAU_VIP" time="5.511" classname="Test Cases/WEB - SAFARI/SAU PI/WEB_AR_getSubscriptionConfigForSAU_VIP" status="FAILED">
         <failure type="FAILED" message="Test Cases/WEB - SAFARI/SAU PI/WEB_AR_getSubscriptionConfigForSAU_VIP FAILED.
Reason:
com.kms.katalon.core.exception.StepFailedException: Expected element property value 'شاهد VIP - وجهتك الأمثل للترفيه اشترك الآن !! الرسوم الشهرية ٣٤.٩٩ ريال سعودي (شاملاً ضريبة القيمة المضافة)' is not equal with actual property value 'شاهد VIP - وجهتك الأمثل للترفيه اشترك الآن !! الرسوم الشهرية 39.99 ريال سعودي (شاملاً ضريبة القيمة المضافة)'
	at com.kms.katalon.core.keyword.internal.KeywordMain.stepFailed(KeywordMain.groovy:39)
	at com.kms.katalon.core.webservice.keyword.builtin.VerifyElementPropertyValueKeyword$_verifyElementPropertyValue_closure1.doCall(VerifyElementPropertyValueKeyword.groovy:56)
	at com.kms.katalon.core.webservice.keyword.builtin.VerifyElementPropertyValueKeyword$_verifyElementPropertyValue_closure1.call(VerifyElementPropertyValueKeyword.groovy)
	at com.kms.katalon.core.keyword.internal.KeywordMain.runKeyword(KeywordMain.groovy:74)
	at com.kms.katalon.core.webservice.keyword.builtin.VerifyElementPropertyValueKeyword.verifyElementPropertyValue(VerifyElementPropertyValueKeyword.groovy:48)
	at com.kms.katalon.core.webservice.keyword.builtin.VerifyElementPropertyValueKeyword.execute(VerifyElementPropertyValueKeyword.groovy:43)
	at com.kms.katalon.core.keyword.internal.KeywordExecutor.executeKeywordForPlatform(KeywordExecutor.groovy:74)
	at com.kms.katalon.core.webservice.keyword.WSBuiltInKeywords.verifyElementPropertyValue(WSBuiltInKeywords.groovy:190)
	at com.kms.katalon.core.webservice.keyword.WSBuiltInKeywords$verifyElementPropertyValue$1.call(Unknown Source)
	at WEB_AR_getSubscriptionConfigForSAU_VIP.run(WEB_AR_getSubscriptionConfigForSAU_VIP:345)
	at com.kms.katalon.core.main.ScriptEngine.run(ScriptEngine.java:194)
	at com.kms.katalon.core.main.ScriptEngine.runScriptAsRawText(ScriptEngine.java:119)
	at com.kms.katalon.core.main.TestCaseExecutor.runScript(TestCaseExecutor.java:448)
	at com.kms.katalon.core.main.TestCaseExecutor.doExecute(TestCaseExecutor.java:439)
	at com.kms.katalon.core.main.TestCaseExecutor.processExecutionPhase(TestCaseExecutor.java:418)
	at com.kms.katalon.core.main.TestCaseExecutor.accessMainPhase(TestCaseExecutor.java:410)
	at com.kms.katalon.core.main.TestCaseExecutor.execute(TestCaseExecutor.java:285)
	at com.kms.katalon.core.common.CommonExecutor.accessTestCaseMainPhase(CommonExecutor.java:65)
	at com.kms.katalon.core.main.TestSuiteExecutor.accessTestSuiteMainPhase(TestSuiteExecutor.java:151)
	at com.kms.katalon.core.main.TestSuiteExecutor.execute(TestSuiteExecutor.java:106)
	at com.kms.katalon.core.main.TestCaseMain.startTestSuite(TestCaseMain.java:185)
	at com.kms.katalon.core.main.TestCaseMain$startTestSuite$0.call(Unknown Source)
	at TempTestSuite1692530449060.run(TempTestSuite1692530449060.groovy:36)
"/>
         <system-out><![CDATA[2023-08-20 14:25:47 - [TEST_CASE][FAILED] - Test Cases/WEB - SAFARI/SAU PI/WEB_AR_getSubscriptionConfigForSAU_VIP: Test Cases/WEB - SAFARI/SAU PI/WEB_AR_getSubscriptionConfigForSAU_VIP FAILED.
Reason:
com.kms.katalon.core.exception.StepFailedException: Expected element property value 'شاهد VIP - وجهتك الأمثل للترفيه اشترك الآن !! الرسوم الشهرية ٣٤.٩٩ ريال سعودي (شاملاً ضريبة القيمة المضافة)' is not equal with actual property value 'شاهد VIP - وجهتك الأمثل للترفيه اشترك الآن !! الرسوم الشهرية 39.99 ريال سعودي (شاملاً ضريبة القيمة المضافة)'
	at com.kms.katalon.core.keyword.internal.KeywordMain.stepFailed(KeywordMain.groovy:39)
	at com.kms.katalon.core.webservice.keyword.builtin.VerifyElementPropertyValueKeyword$_verifyElementPropertyValue_closure1.doCall(VerifyElementPropertyValueKeyword.groovy:56)
	at com.kms.katalon.core.webservice.keyword.builtin.VerifyElementPropertyValueKeyword$_verifyElementPropertyValue_closure1.call(VerifyElementPropertyValueKeyword.groovy)
	at com.kms.katalon.core.keyword.internal.KeywordMain.runKeyword(KeywordMain.groovy:74)
	at com.kms.katalon.core.webservice.keyword.builtin.VerifyElementPropertyValueKeyword.verifyElementPropertyValue(VerifyElementPropertyValueKeyword.groovy:48)
	at com.kms.katalon.core.webservice.keyword.builtin.VerifyElementPropertyValueKeyword.execute(VerifyElementPropertyValueKeyword.groovy:43)
	at com.kms.katalon.core.keyword.internal.KeywordExecutor.executeKeywordForPlatform(KeywordExecutor.groovy:74)
	at com.kms.katalon.core.webservice.keyword.WSBuiltInKeywords.verifyElementPropertyValue(WSBuiltInKeywords.groovy:190)
	at com.kms.katalon.core.webservice.keyword.WSBuiltInKeywords$verifyElementPropertyValue$1.call(Unknown Source)
	at WEB_AR_getSubscriptionConfigForSAU_VIP.run(WEB_AR_getSubscriptionConfigForSAU_VIP:345)
	at com.kms.katalon.core.main.ScriptEngine.run(ScriptEngine.java:194)
	at com.kms.katalon.core.main.ScriptEngine.runScriptAsRawText(ScriptEngine.java:119)
	at com.kms.katalon.core.main.TestCaseExecutor.runScript(TestCaseExecutor.java:448)
	at com.kms.katalon.core.main.TestCaseExecutor.doExecute(TestCaseExecutor.java:439)
	at com.kms.katalon.core.main.TestCaseExecutor.processExecutionPhase(TestCaseExecutor.java:418)
	at com.kms.katalon.core.main.TestCaseExecutor.accessMainPhase(TestCaseExecutor.java:410)
	at com.kms.katalon.core.main.TestCaseExecutor.execute(TestCaseExecutor.java:285)
	at com.kms.katalon.core.common.CommonExecutor.accessTestCaseMainPhase(CommonExecutor.java:65)
	at com.kms.katalon.core.main.TestSuiteExecutor.accessTestSuiteMainPhase(TestSuiteExecutor.java:151)
	at com.kms.katalon.core.main.TestSuiteExecutor.execute(TestSuiteExecutor.java:106)
	at com.kms.katalon.core.main.TestCaseMain.startTestSuite(TestCaseMain.java:185)
	at com.kms.katalon.core.main.TestCaseMain$startTestSuite$0.call(Unknown Source)
	at TempTestSuite1692530449060.run(TempTestSuite1692530449060.groovy:36)


2023-08-20 14:25:47 - [TEST_STEP][PASSED] - getResponse = config_files.getConfigFile.getConfig("WEB", "AR", "SHAHID_VIP", "SA", "true"): config_files.getConfigFile.getConfig is PASSED

2023-08-20 14:25:48 - [MESSAGE][INFO] - HAR: /Users/admin/Desktop/KatalonProjects/Shahid-BYG/Reports/20230820_142039/WEB-SAFARI/SAU/20230820_142049/requests/main/6.har

2023-08-20 14:25:48 - [MESSAGE][PASSED] - Send request successfully

2023-08-20 14:25:48 - [MESSAGE][PASSED] - config_files.getConfigFile.getConfig is PASSED

2023-08-20 14:25:48 - [TEST_STEP][PASSED] - verifyResponseStatusCode(getResponse, 200): Verify response status code successfully

2023-08-20 14:25:48 - [MESSAGE][PASSED] - Verify response status code successfully

2023-08-20 14:25:48 - [TEST_STEP][PASSED] - verifyElementPropertyValue(getResponse, "country", "SAU"): Verify element property value successfully

2023-08-20 14:25:48 - [MESSAGE][PASSED] - Verify element property value successfully

2023-08-20 14:25:48 - [TEST_STEP][PASSED] - verifyElementPropertyValue(getResponse, "platform", "[WEB]"): Verify element property value successfully

2023-08-20 14:25:48 - [MESSAGE][PASSED] - Verify element property value successfully

2023-08-20 14:25:48 - [TEST_STEP][PASSED] - verifyElementPropertyValue(getResponse, "groups[0].pricingPlans[0].featured", "true"): Verify element property value successfully

2023-08-20 14:25:48 - [MESSAGE][PASSED] - Verify element property value successfully

2023-08-20 14:25:48 - [TEST_STEP][PASSED] - verifyElementPropertyValue(getResponse, "groups[0].pricingPlans[0].packageId", "SHAHID_VIP"): Verify element property value successfully

2023-08-20 14:25:48 - [MESSAGE][PASSED] - Verify element property value successfully

2023-08-20 14:25:48 - [TEST_STEP][PASSED] - verifyElementPropertyValue(getResponse, "groups[0].pricingPlans[0].catalogId", "VIP"): Verify element property value successfully

2023-08-20 14:25:48 - [MESSAGE][PASSED] - Verify element property value successfully

2023-08-20 14:25:48 - [TEST_STEP][PASSED] - verifyElementPropertyValue(getResponse, "groups[0].pricingPlans[0].visualElements[0].key", "Header_1_text"): Verify element property value successfully

2023-08-20 14:25:48 - [MESSAGE][PASSED] - Verify element property value successfully

2023-08-20 14:25:48 - [TEST_STEP][PASSED] - verifyElementPropertyValue(getResponse, "groups[0].pricingPlans[0].visualElements[0].value", "شاهد أقوى المسلسلات و الأفلام حصرياً دون توقف"): Verify element property value successfully

2023-08-20 14:25:48 - [MESSAGE][PASSED] - Verify element property value successfully

2023-08-20 14:25:48 - [TEST_STEP][PASSED] - verifyElementPropertyValue(getResponse, "groups[0].pricingPlans[0].visualElements[1].key", "display_title"): Verify element property value successfully

2023-08-20 14:25:48 - [MESSAGE][PASSED] - Verify element property value successfully

2023-08-20 14:25:48 - [TEST_STEP][PASSED] - verifyElementPropertyValue(getResponse, "groups[0].pricingPlans[0].visualElements[1].value", "الاشتراك الشهري "): Verify element property value successfully

2023-08-20 14:25:48 - [MESSAGE][PASSED] - Verify element property value successfully

2023-08-20 14:25:48 - [TEST_STEP][PASSED] - verifyElementPropertyValue(getResponse, "groups[0].pricingPlans[0].visualElements[2].key", "promo_text"): Verify element property value successfully

2023-08-20 14:25:48 - [MESSAGE][PASSED] - Verify element property value successfully

2023-08-20 14:25:48 - [TEST_STEP][PASSED] - verifyElementPropertyValue(getResponse, "groups[0].pricingPlans[0].visualElements[2].value", "39.99 SAR / شهرياً"): Verify element property value successfully

2023-08-20 14:25:48 - [MESSAGE][PASSED] - Verify element property value successfully

2023-08-20 14:25:48 - [TEST_STEP][PASSED] - verifyElementPropertyValue(getResponse, "groups[0].pricingPlans[0].visualElements[3].key", "deduction_text"): Verify element property value successfully

2023-08-20 14:25:48 - [MESSAGE][PASSED] - Verify element property value successfully

2023-08-20 14:25:48 - [TEST_STEP][PASSED] - verifyElementPropertyValue(getResponse, "groups[0].pricingPlans[0].visualElements[3].value", "تدفع شهرياً"): Verify element property value successfully

2023-08-20 14:25:48 - [MESSAGE][PASSED] - Verify element property value successfully

2023-08-20 14:25:48 - [TEST_STEP][PASSED] - verifyElementPropertyValue(getResponse, "groups[0].pricingPlans[0].visualElements[6].key", "show_payment_logo"): Verify element property value successfully

2023-08-20 14:25:48 - [MESSAGE][PASSED] - Verify element property value successfully

2023-08-20 14:25:48 - [TEST_STEP][PASSED] - verifyElementPropertyValue(getResponse, "groups[0].pricingPlans[0].visualElements[6].value", "true"): Verify element property value successfully

2023-08-20 14:25:48 - [MESSAGE][PASSED] - Verify element property value successfully

2023-08-20 14:25:48 - [TEST_STEP][PASSED] - verifyElementPropertyValue(getResponse, "groups[0].pricingPlans[0].visualElements[8].key", "price"): Verify element property value successfully

2023-08-20 14:25:48 - [MESSAGE][PASSED] - Verify element property value successfully

2023-08-20 14:25:48 - [TEST_STEP][PASSED] - verifyElementPropertyValue(getResponse, "groups[0].pricingPlans[0].visualElements[8].value", "39.99"): Verify element property value successfully

2023-08-20 14:25:48 - [MESSAGE][PASSED] - Verify element property value successfully

2023-08-20 14:25:48 - [TEST_STEP][PASSED] - verifyElementPropertyValue(getResponse, "groups[0].pricingPlans[0].visualElements[9].key", "currency"): Verify element property value successfully

2023-08-20 14:25:48 - [MESSAGE][PASSED] - Verify element property value successfully

2023-08-20 14:25:48 - [TEST_STEP][PASSED] - verifyElementPropertyValue(getResponse, "groups[0].pricingPlans[0].visualElements[9].value", "SAR"): Verify element property value successfully

2023-08-20 14:25:48 - [MESSAGE][PASSED] - Verify element property value successfully

2023-08-20 14:25:48 - [TEST_STEP][PASSED] - verifyElementPropertyValue(getResponse, "groups[0].pricingPlans[0].visualElements[10].key", "duration"): Verify element property value successfully

2023-08-20 14:25:48 - [MESSAGE][PASSED] - Verify element property value successfully

2023-08-20 14:25:48 - [TEST_STEP][PASSED] - verifyElementPropertyValue(getResponse, "groups[0].pricingPlans[0].visualElements[10].value", "شهرياً"): Verify element property value successfully

2023-08-20 14:25:48 - [MESSAGE][PASSED] - Verify element property value successfully

2023-08-20 14:25:48 - [TEST_STEP][PASSED] - verifyElementPropertyValue(getResponse, "groups[0].pricingPlans[0].visualElements[11].key", "featured_tag_text"): Verify element property value successfully

2023-08-20 14:25:48 - [MESSAGE][PASSED] - Verify element property value successfully

2023-08-20 14:25:48 - [TEST_STEP][PASSED] - verifyElementPropertyValue(getResponse, "groups[0].pricingPlans[0].visualElements[11].value", "الأكثر مبيعاً"): Verify element property value successfully

2023-08-20 14:25:48 - [MESSAGE][PASSED] - Verify element property value successfully

2023-08-20 14:25:48 - [TEST_STEP][PASSED] - verifyElementPropertyValue(getResponse, "groups[0].pricingPlans[0].order", "0"): Verify element property value successfully

2023-08-20 14:25:48 - [MESSAGE][PASSED] - Verify element property value successfully

2023-08-20 14:25:48 - [TEST_STEP][PASSED] - verifyElementPropertyValue(getResponse, "groups[0].pricingPlans[0].period", "monthly"): Verify element property value successfully

2023-08-20 14:25:48 - [MESSAGE][PASSED] - Verify element property value successfully

2023-08-20 14:25:48 - [TEST_STEP][PASSED] - verifyElementPropertyValue(getResponse, "groups[0].pricingPlans[0].price", "39.99"): Verify element property value successfully

2023-08-20 14:25:48 - [MESSAGE][PASSED] - Verify element property value successfully

2023-08-20 14:25:48 - [TEST_STEP][PASSED] - verifyElementPropertyValue(getResponse, "groups[0].pricingPlans[0].currency", "SAR"): Verify element property value successfully

2023-08-20 14:25:48 - [MESSAGE][PASSED] - Verify element property value successfully

2023-08-20 14:25:48 - [TEST_STEP][PASSED] - verifyElementPropertyValue(getResponse, "groups[0].pricingPlans[0].pricingPlanData[0].productId", "KSA_B2C_SHAHID_VIP_1M"): Verify element property value successfully

2023-08-20 14:25:48 - [MESSAGE][PASSED] - Verify element property value successfully

2023-08-20 14:25:48 - [TEST_STEP][PASSED] - verifyElementPropertyValue(getResponse, "groups[0].pricingPlans[0].pricingPlanData[0].subPricingPlanIds", "null"): Verify element property value successfully

2023-08-20 14:25:48 - [MESSAGE][PASSED] - Verify element property value successfully

2023-08-20 14:25:48 - [TEST_STEP][PASSED] - verifyElementPropertyValue(getResponse, "groups[0].pricingPlans[0].pricingPlanData[0].paymentMethod", "CREDIT_CARD"): Verify element property value successfully

2023-08-20 14:25:48 - [MESSAGE][PASSED] - Verify element property value successfully

2023-08-20 14:25:48 - [TEST_STEP][PASSED] - verifyElementPropertyValue(getResponse, "groups[0].pricingPlans[0].pricingPlanData[0].freeTrialEnabled", "false"): Verify element property value successfully

2023-08-20 14:25:48 - [MESSAGE][PASSED] - Verify element property value successfully

2023-08-20 14:25:48 - [TEST_STEP][PASSED] - verifyElementPropertyValue(getResponse, "groups[0].pricingPlans[0].pricingPlanData[0].visualElements[0].key", "title"): Verify element property value successfully

2023-08-20 14:25:48 - [MESSAGE][PASSED] - Verify element property value successfully

2023-08-20 14:25:48 - [TEST_STEP][PASSED] - verifyElementPropertyValue(getResponse, "groups[0].pricingPlans[0].pricingPlanData[0].visualElements[0].value", "البطاقة المصرفية"): Verify element property value successfully

2023-08-20 14:25:48 - [MESSAGE][PASSED] - Verify element property value successfully

2023-08-20 14:25:48 - [TEST_STEP][PASSED] - verifyElementPropertyValue(getResponse, "groups[0].pricingPlans[0].pricingPlanData[0].visualElements[1].key", "CTA_text"): Verify element property value successfully

2023-08-20 14:25:48 - [MESSAGE][PASSED] - Verify element property value successfully

2023-08-20 14:25:48 - [TEST_STEP][PASSED] - verifyElementPropertyValue(getResponse, "groups[0].pricingPlans[0].pricingPlanData[0].visualElements[1].value", "اشترك"): Verify element property value successfully

2023-08-20 14:25:48 - [MESSAGE][PASSED] - Verify element property value successfully

2023-08-20 14:25:48 - [TEST_STEP][PASSED] - verifyElementPropertyValue(getResponse, "groups[0].pricingPlans[0].pricingPlanData[0].visualElements[2].key", "logo"): Verify element property value successfully

2023-08-20 14:25:48 - [MESSAGE][PASSED] - Verify element property value successfully

2023-08-20 14:25:48 - [TEST_STEP][PASSED] - verifyElementPropertyValue(getResponse, "groups[0].pricingPlans[0].pricingPlanData[0].visualElements[2].value", "https://static.s3.shahid.mbc.net/widget-images/icons/iconCreditCard.png"): Verify element property value successfully

2023-08-20 14:25:48 - [MESSAGE][PASSED] - Verify element property value successfully

2023-08-20 14:25:48 - [TEST_STEP][PASSED] - verifyElementPropertyValue(getResponse, "groups[0].pricingPlans[0].pricingPlanData[0].priceLabel", "39.99"): Verify element property value successfully

2023-08-20 14:25:48 - [MESSAGE][PASSED] - Verify element property value successfully

2023-08-20 14:25:48 - [TEST_STEP][PASSED] - verifyElementPropertyValue(getResponse, "groups[0].pricingPlans[0].pricingPlanData[0].currencyLabel", "SAR"): Verify element property value successfully

2023-08-20 14:25:48 - [MESSAGE][PASSED] - Verify element property value successfully

2023-08-20 14:25:48 - [TEST_STEP][PASSED] - verifyElementPropertyValue(getResponse, "groups[0].pricingPlans[0].pricingPlanData[1].productId", "KSA_B2C_SHAHID_VIP_1M"): Verify element property value successfully

2023-08-20 14:25:48 - [MESSAGE][PASSED] - Verify element property value successfully

2023-08-20 14:25:48 - [TEST_STEP][PASSED] - verifyElementPropertyValue(getResponse, "groups[0].pricingPlans[0].pricingPlanData[1].subPricingPlanIds", "null"): Verify element property value successfully

2023-08-20 14:25:48 - [MESSAGE][PASSED] - Verify element property value successfully

2023-08-20 14:25:48 - [TEST_STEP][PASSED] - verifyElementPropertyValue(getResponse, "groups[0].pricingPlans[0].pricingPlanData[1].paymentMethod", "APPLE_PAY"): Verify element property value successfully

2023-08-20 14:25:48 - [MESSAGE][PASSED] - Verify element property value successfully

2023-08-20 14:25:48 - [TEST_STEP][PASSED] - verifyElementPropertyValue(getResponse, "groups[0].pricingPlans[0].pricingPlanData[1].freeTrialEnabled", "false"): Verify element property value successfully

2023-08-20 14:25:48 - [MESSAGE][PASSED] - Verify element property value successfully

2023-08-20 14:25:48 - [TEST_STEP][PASSED] - verifyElementPropertyValue(getResponse, "groups[0].pricingPlans[0].pricingPlanData[1].visualElements[0].key", "title"): Verify element property value successfully

2023-08-20 14:25:48 - [MESSAGE][PASSED] - Verify element property value successfully

2023-08-20 14:25:48 - [TEST_STEP][PASSED] - verifyElementPropertyValue(getResponse, "groups[0].pricingPlans[0].pricingPlanData[1].visualElements[0].value", "Apple Pay"): Verify element property value successfully

2023-08-20 14:25:48 - [MESSAGE][PASSED] - Verify element property value successfully

2023-08-20 14:25:48 - [TEST_STEP][PASSED] - verifyElementPropertyValue(getResponse, "groups[0].pricingPlans[0].pricingPlanData[1].visualElements[1].key", "CTA_text"): Verify element property value successfully

2023-08-20 14:25:48 - [MESSAGE][PASSED] - Verify element property value successfully

2023-08-20 14:25:48 - [TEST_STEP][PASSED] - verifyElementPropertyValue(getResponse, "groups[0].pricingPlans[0].pricingPlanData[1].visualElements[1].value", "اشترك"): Verify element property value successfully

2023-08-20 14:25:48 - [MESSAGE][PASSED] - Verify element property value successfully

2023-08-20 14:25:48 - [TEST_STEP][PASSED] - verifyElementPropertyValue(getResponse, "groups[0].pricingPlans[0].pricingPlanData[1].visualElements[2].key", "logo"): Verify element property value successfully

2023-08-20 14:25:48 - [MESSAGE][PASSED] - Verify element property value successfully

2023-08-20 14:25:48 - [TEST_STEP][PASSED] - verifyElementPropertyValue(getResponse, "groups[0].pricingPlans[0].pricingPlanData[1].visualElements[2].value", "https://static.s3.shahid.mbc.net/widget-images/icons/ApplePay_PlanSelectionIcon.svg"): Verify element property value successfully

2023-08-20 14:25:48 - [MESSAGE][PASSED] - Verify element property value successfully

2023-08-20 14:25:48 - [TEST_STEP][PASSED] - verifyElementPropertyValue(getResponse, "groups[0].pricingPlans[0].pricingPlanData[1].priceLabel", "39.99"): Verify element property value successfully

2023-08-20 14:25:48 - [MESSAGE][PASSED] - Verify element property value successfully

2023-08-20 14:25:48 - [TEST_STEP][PASSED] - verifyElementPropertyValue(getResponse, "groups[0].pricingPlans[0].pricingPlanData[1].currencyLabel", "SAR"): Verify element property value successfully

2023-08-20 14:25:48 - [MESSAGE][PASSED] - Verify element property value successfully

2023-08-20 14:25:48 - [TEST_STEP][PASSED] - verifyElementPropertyValue(getResponse, "groups[0].pricingPlans[0].pricingPlanData[2].pricingPlanId", "TPay_Zain_SA"): Verify element property value successfully

2023-08-20 14:25:48 - [MESSAGE][PASSED] - Verify element property value successfully

2023-08-20 14:25:48 - [TEST_STEP][PASSED] - verifyElementPropertyValue(getResponse, "groups[0].pricingPlans[0].pricingPlanData[2].productId", "KSA_B2C_SHAHID_VIP_1M"): Verify element property value successfully

2023-08-20 14:25:48 - [MESSAGE][PASSED] - Verify element property value successfully

2023-08-20 14:25:48 - [TEST_STEP][PASSED] - verifyElementPropertyValue(getResponse, "groups[0].pricingPlans[0].pricingPlanData[2].subPricingPlanIds[0]", "42004"): Verify element property value successfully

2023-08-20 14:25:48 - [MESSAGE][PASSED] - Verify element property value successfully

2023-08-20 14:25:48 - [TEST_STEP][PASSED] - verifyElementPropertyValue(getResponse, "groups[0].pricingPlans[0].pricingPlanData[2].paymentMethod", "MOBILE_PAY"): Verify element property value successfully

2023-08-20 14:25:48 - [MESSAGE][PASSED] - Verify element property value successfully

2023-08-20 14:25:48 - [TEST_STEP][PASSED] - verifyElementPropertyValue(getResponse, "groups[0].pricingPlans[0].pricingPlanData[2].freeTrialEnabled", "false"): Verify element property value successfully

2023-08-20 14:25:48 - [MESSAGE][PASSED] - Verify element property value successfully

2023-08-20 14:25:48 - [TEST_STEP][PASSED] - verifyElementPropertyValue(getResponse, "groups[0].pricingPlans[0].pricingPlanData[2].showIn[0]", "VERTICAL_MODE"): Verify element property value successfully

2023-08-20 14:25:48 - [MESSAGE][PASSED] - Verify element property value successfully

2023-08-20 14:25:48 - [TEST_STEP][PASSED] - verifyElementPropertyValue(getResponse, "groups[0].pricingPlans[0].pricingPlanData[2].showIn[1]", "HORIZONTAL_MODE"): Verify element property value successfully

2023-08-20 14:25:48 - [MESSAGE][PASSED] - Verify element property value successfully

2023-08-20 14:25:48 - [TEST_STEP][PASSED] - verifyElementPropertyValue(getResponse, "groups[0].pricingPlans[0].pricingPlanData[2].visualElements[0].key", "payment_option_group"): Verify element property value successfully

2023-08-20 14:25:48 - [MESSAGE][PASSED] - Verify element property value successfully

2023-08-20 14:25:48 - [TEST_STEP][PASSED] - verifyElementPropertyValue(getResponse, "groups[0].pricingPlans[0].pricingPlanData[2].visualElements[0].value", "true"): Verify element property value successfully

2023-08-20 14:25:48 - [MESSAGE][PASSED] - Verify element property value successfully

2023-08-20 14:25:48 - [TEST_STEP][PASSED] - verifyElementPropertyValue(getResponse, "groups[0].pricingPlans[0].pricingPlanData[2].visualElements[1].key", "title"): Verify element property value successfully

2023-08-20 14:25:48 - [MESSAGE][PASSED] - Verify element property value successfully

2023-08-20 14:25:48 - [TEST_STEP][PASSED] - verifyElementPropertyValue(getResponse, "groups[0].pricingPlans[0].pricingPlanData[2].visualElements[1].value", "الدفع عبر الجّوال"): Verify element property value successfully

2023-08-20 14:25:48 - [MESSAGE][PASSED] - Verify element property value successfully

2023-08-20 14:25:48 - [TEST_STEP][PASSED] - verifyElementPropertyValue(getResponse, "groups[0].pricingPlans[0].pricingPlanData[2].visualElements[2].key", "CTA_text"): Verify element property value successfully

2023-08-20 14:25:48 - [MESSAGE][PASSED] - Verify element property value successfully

2023-08-20 14:25:48 - [TEST_STEP][PASSED] - verifyElementPropertyValue(getResponse, "groups[0].pricingPlans[0].pricingPlanData[2].visualElements[2].value", "اشترك"): Verify element property value successfully

2023-08-20 14:25:48 - [MESSAGE][PASSED] - Verify element property value successfully

2023-08-20 14:25:48 - [TEST_STEP][PASSED] - verifyElementPropertyValue(getResponse, "groups[0].pricingPlans[0].pricingPlanData[2].visualElements[3].key", "logo"): Verify element property value successfully

2023-08-20 14:25:48 - [MESSAGE][PASSED] - Verify element property value successfully

2023-08-20 14:25:48 - [TEST_STEP][PASSED] - verifyElementPropertyValue(getResponse, "groups[0].pricingPlans[0].pricingPlanData[2].visualElements[3].value", "https://static.s3.shahid.mbc.net/widget-images/icons/iconMobile.png"): Verify element property value successfully

2023-08-20 14:25:48 - [MESSAGE][PASSED] - Verify element property value successfully

2023-08-20 14:25:48 - [TEST_STEP][PASSED] - verifyElementPropertyValue(getResponse, "groups[0].pricingPlans[0].pricingPlanData[2].priceLabel", "39.99"): Verify element property value successfully

2023-08-20 14:25:48 - [MESSAGE][PASSED] - Verify element property value successfully

2023-08-20 14:25:48 - [TEST_STEP][PASSED] - verifyElementPropertyValue(getResponse, "groups[0].pricingPlans[0].pricingPlanData[2].currencyLabel", "SAR"): Verify element property value successfully

2023-08-20 14:25:48 - [MESSAGE][PASSED] - Verify element property value successfully

2023-08-20 14:25:48 - [TEST_STEP][PASSED] - verifyElementPropertyValue(getResponse, "groups[0].pricingPlans[0].pricingPlanData[2].allowedForAcquisition", "true"): Verify element property value successfully

2023-08-20 14:25:48 - [MESSAGE][PASSED] - Verify element property value successfully

2023-08-20 14:25:48 - [TEST_STEP][PASSED] - verifyElementPropertyValue(getResponse, "groups[0].pricingPlans[0].pricingPlanData[3].pricingPlanId", "TPay_Mobily_SA"): Verify element property value successfully

2023-08-20 14:25:48 - [MESSAGE][PASSED] - Verify element property value successfully

2023-08-20 14:25:48 - [TEST_STEP][PASSED] - verifyElementPropertyValue(getResponse, "groups[0].pricingPlans[0].pricingPlanData[3].productId", "KSA_B2C_SHAHID_VIP_1M"): Verify element property value successfully

2023-08-20 14:25:48 - [MESSAGE][PASSED] - Verify element property value successfully

2023-08-20 14:25:48 - [TEST_STEP][PASSED] - verifyElementPropertyValue(getResponse, "groups[0].pricingPlans[0].pricingPlanData[3].subPricingPlanIds[0]", "42003"): Verify element property value successfully

2023-08-20 14:25:48 - [MESSAGE][PASSED] - Verify element property value successfully

2023-08-20 14:25:48 - [TEST_STEP][PASSED] - verifyElementPropertyValue(getResponse, "groups[0].pricingPlans[0].pricingPlanData[3].paymentMethod", "MOBILE_PAY"): Verify element property value successfully

2023-08-20 14:25:48 - [MESSAGE][PASSED] - Verify element property value successfully

2023-08-20 14:25:48 - [TEST_STEP][PASSED] - verifyElementPropertyValue(getResponse, "groups[0].pricingPlans[0].pricingPlanData[3].freeTrialEnabled", "false"): Verify element property value successfully

2023-08-20 14:25:48 - [MESSAGE][PASSED] - Verify element property value successfully

2023-08-20 14:25:48 - [TEST_STEP][PASSED] - verifyElementPropertyValue(getResponse, "groups[0].pricingPlans[0].pricingPlanData[3].priceLabel", "39.99"): Verify element property value successfully

2023-08-20 14:25:48 - [MESSAGE][PASSED] - Verify element property value successfully

2023-08-20 14:25:48 - [TEST_STEP][PASSED] - verifyElementPropertyValue(getResponse, "groups[0].pricingPlans[0].pricingPlanData[3].currencyLabel", "SAR"): Verify element property value successfully

2023-08-20 14:25:48 - [MESSAGE][PASSED] - Verify element property value successfully

2023-08-20 14:25:48 - [TEST_STEP][PASSED] - verifyElementPropertyValue(getResponse, "groups[0].pricingPlans[0].pricingPlanData[3].allowedForAcquisition", "true"): Verify element property value successfully

2023-08-20 14:25:48 - [MESSAGE][PASSED] - Verify element property value successfully

2023-08-20 14:25:48 - [TEST_STEP][PASSED] - verifyElementPropertyValue(getResponse, "groups[0].pricingPlans[0].pricingPlanData[4].pricingPlanId", "TPay_STC_SA"): Verify element property value successfully

2023-08-20 14:25:48 - [MESSAGE][PASSED] - Verify element property value successfully

2023-08-20 14:25:48 - [TEST_STEP][PASSED] - verifyElementPropertyValue(getResponse, "groups[0].pricingPlans[0].pricingPlanData[4].productId", "KSA_B2C_SHAHID_VIP_1M"): Verify element property value successfully

2023-08-20 14:25:48 - [MESSAGE][PASSED] - Verify element property value successfully

2023-08-20 14:25:48 - [TEST_STEP][PASSED] - verifyElementPropertyValue(getResponse, "groups[0].pricingPlans[0].pricingPlanData[4].subPricingPlanIds[0]", "42001"): Verify element property value successfully

2023-08-20 14:25:48 - [MESSAGE][PASSED] - Verify element property value successfully

2023-08-20 14:25:48 - [TEST_STEP][PASSED] - verifyElementPropertyValue(getResponse, "groups[0].pricingPlans[0].pricingPlanData[4].paymentMethod", "MOBILE_PAY"): Verify element property value successfully

2023-08-20 14:25:48 - [MESSAGE][PASSED] - Verify element property value successfully

2023-08-20 14:25:48 - [TEST_STEP][PASSED] - verifyElementPropertyValue(getResponse, "groups[0].pricingPlans[0].pricingPlanData[4].freeTrialEnabled", "false"): Verify element property value successfully

2023-08-20 14:25:48 - [MESSAGE][PASSED] - Verify element property value successfully

2023-08-20 14:25:48 - [TEST_STEP][PASSED] - verifyElementPropertyValue(getResponse, "groups[0].pricingPlans[0].pricingPlanData[4].priceLabel", "39.99"): Verify element property value successfully

2023-08-20 14:25:48 - [MESSAGE][PASSED] - Verify element property value successfully

2023-08-20 14:25:48 - [TEST_STEP][PASSED] - verifyElementPropertyValue(getResponse, "groups[0].pricingPlans[0].pricingPlanData[4].currencyLabel", "SAR"): Verify element property value successfully

2023-08-20 14:25:48 - [MESSAGE][PASSED] - Verify element property value successfully

2023-08-20 14:25:48 - [TEST_STEP][PASSED] - verifyElementPropertyValue(getResponse, "groups[0].pricingPlans[0].pricingPlanData[4].allowedForAcquisition", "true"): Verify element property value successfully

2023-08-20 14:25:48 - [MESSAGE][PASSED] - Verify element property value successfully

2023-08-20 14:25:48 - [TEST_STEP][PASSED] - verifyElementPropertyValue(getResponse, "groups[0].pricingPlans[2].featured", "false"): Verify element property value successfully

2023-08-20 14:25:48 - [MESSAGE][PASSED] - Verify element property value successfully

2023-08-20 14:25:48 - [TEST_STEP][PASSED] - verifyElementPropertyValue(getResponse, "groups[0].pricingPlans[2].packageId", "SHAHID_VIP"): Verify element property value successfully

2023-08-20 14:25:48 - [MESSAGE][PASSED] - Verify element property value successfully

2023-08-20 14:25:48 - [TEST_STEP][PASSED] - verifyElementPropertyValue(getResponse, "groups[0].pricingPlans[2].catalogId", "VIP"): Verify element property value successfully

2023-08-20 14:25:48 - [MESSAGE][PASSED] - Verify element property value successfully

2023-08-20 14:25:48 - [TEST_STEP][PASSED] - verifyElementPropertyValue(getResponse, "groups[0].pricingPlans[2].visualElements[0].key", "Header_1_text"): Verify element property value successfully

2023-08-20 14:25:48 - [MESSAGE][PASSED] - Verify element property value successfully

2023-08-20 14:25:48 - [TEST_STEP][PASSED] - verifyElementPropertyValue(getResponse, "groups[0].pricingPlans[2].visualElements[0].value", "شاهد أقوى المسلسلات و الأفلام حصرياً دون توقف"): Verify element property value successfully

2023-08-20 14:25:48 - [MESSAGE][PASSED] - Verify element property value successfully

2023-08-20 14:25:48 - [TEST_STEP][PASSED] - verifyElementPropertyValue(getResponse, "groups[0].pricingPlans[2].visualElements[1].key", "display_title"): Verify element property value successfully

2023-08-20 14:25:48 - [MESSAGE][PASSED] - Verify element property value successfully

2023-08-20 14:25:48 - [TEST_STEP][PASSED] - verifyElementPropertyValue(getResponse, "groups[0].pricingPlans[2].visualElements[1].value", "الاشتراك السنوي"): Verify element property value successfully

2023-08-20 14:25:48 - [MESSAGE][PASSED] - Verify element property value successfully

2023-08-20 14:25:48 - [TEST_STEP][PASSED] - verifyElementPropertyValue(getResponse, "groups[0].pricingPlans[2].visualElements[2].key", "tag_text"): Verify element property value successfully

2023-08-20 14:25:48 - [MESSAGE][PASSED] - Verify element property value successfully

2023-08-20 14:25:48 - [TEST_STEP][PASSED] - verifyElementPropertyValue(getResponse, "groups[0].pricingPlans[2].visualElements[2].value", "وفر29%"): Verify element property value successfully

2023-08-20 14:25:48 - [MESSAGE][PASSED] - Verify element property value successfully

2023-08-20 14:25:48 - [TEST_STEP][PASSED] - verifyElementPropertyValue(getResponse, "groups[0].pricingPlans[2].visualElements[3].key", "promo_text"): Verify element property value successfully

2023-08-20 14:25:48 - [MESSAGE][PASSED] - Verify element property value successfully

2023-08-20 14:25:48 - [TEST_STEP][PASSED] - verifyElementPropertyValue(getResponse, "groups[0].pricingPlans[2].visualElements[3].value", "28.33 SAR / شهرياً"): Verify element property value successfully

2023-08-20 14:25:48 - [MESSAGE][PASSED] - Verify element property value successfully

2023-08-20 14:25:48 - [TEST_STEP][PASSED] - verifyElementPropertyValue(getResponse, "groups[0].pricingPlans[2].visualElements[4].key", "deduction_text"): Verify element property value successfully

2023-08-20 14:25:48 - [MESSAGE][PASSED] - Verify element property value successfully

2023-08-20 14:25:48 - [TEST_STEP][PASSED] - verifyElementPropertyValue(getResponse, "groups[0].pricingPlans[2].visualElements[4].value", " 339.99 SAR  تدفع سنوياً"): Verify element property value successfully

2023-08-20 14:25:48 - [MESSAGE][PASSED] - Verify element property value successfully

2023-08-20 14:25:48 - [TEST_STEP][PASSED] - verifyElementPropertyValue(getResponse, "groups[0].pricingPlans[2].visualElements[7].key", "show_payment_logo"): Verify element property value successfully

2023-08-20 14:25:48 - [MESSAGE][PASSED] - Verify element property value successfully

2023-08-20 14:25:48 - [TEST_STEP][PASSED] - verifyElementPropertyValue(getResponse, "groups[0].pricingPlans[2].visualElements[7].value", "true"): Verify element property value successfully

2023-08-20 14:25:48 - [MESSAGE][PASSED] - Verify element property value successfully

2023-08-20 14:25:48 - [TEST_STEP][PASSED] - verifyElementPropertyValue(getResponse, "groups[0].pricingPlans[2].visualElements[8].key", "show_tag"): Verify element property value successfully

2023-08-20 14:25:48 - [MESSAGE][PASSED] - Verify element property value successfully

2023-08-20 14:25:48 - [TEST_STEP][PASSED] - verifyElementPropertyValue(getResponse, "groups[0].pricingPlans[2].visualElements[8].value", "true"): Verify element property value successfully

2023-08-20 14:25:48 - [MESSAGE][PASSED] - Verify element property value successfully

2023-08-20 14:25:48 - [TEST_STEP][PASSED] - verifyElementPropertyValue(getResponse, "groups[0].pricingPlans[2].visualElements[10].key", "price"): Verify element property value successfully

2023-08-20 14:25:48 - [MESSAGE][PASSED] - Verify element property value successfully

2023-08-20 14:25:48 - [TEST_STEP][PASSED] - verifyElementPropertyValue(getResponse, "groups[0].pricingPlans[2].visualElements[10].value", "339.99"): Verify element property value successfully

2023-08-20 14:25:48 - [MESSAGE][PASSED] - Verify element property value successfully

2023-08-20 14:25:48 - [TEST_STEP][PASSED] - verifyElementPropertyValue(getResponse, "groups[0].pricingPlans[2].visualElements[11].key", "currency"): Verify element property value successfully

2023-08-20 14:25:48 - [MESSAGE][PASSED] - Verify element property value successfully

2023-08-20 14:25:48 - [TEST_STEP][PASSED] - verifyElementPropertyValue(getResponse, "groups[0].pricingPlans[2].visualElements[11].value", "SAR"): Verify element property value successfully

2023-08-20 14:25:48 - [MESSAGE][PASSED] - Verify element property value successfully

2023-08-20 14:25:48 - [TEST_STEP][PASSED] - verifyElementPropertyValue(getResponse, "groups[0].pricingPlans[2].visualElements[12].key", "duration"): Verify element property value successfully

2023-08-20 14:25:48 - [MESSAGE][PASSED] - Verify element property value successfully

2023-08-20 14:25:48 - [TEST_STEP][PASSED] - verifyElementPropertyValue(getResponse, "groups[0].pricingPlans[2].visualElements[12].value", "سنوياً"): Verify element property value successfully

2023-08-20 14:25:49 - [MESSAGE][PASSED] - Verify element property value successfully

2023-08-20 14:25:49 - [TEST_STEP][PASSED] - verifyElementPropertyValue(getResponse, "groups[0].pricingPlans[2].order", "2"): Verify element property value successfully

2023-08-20 14:25:49 - [MESSAGE][PASSED] - Verify element property value successfully

2023-08-20 14:25:49 - [TEST_STEP][PASSED] - verifyElementPropertyValue(getResponse, "groups[0].pricingPlans[2].period", "yearly"): Verify element property value successfully

2023-08-20 14:25:49 - [MESSAGE][PASSED] - Verify element property value successfully

2023-08-20 14:25:49 - [TEST_STEP][PASSED] - verifyElementPropertyValue(getResponse, "groups[0].pricingPlans[2].price", "339.99"): Verify element property value successfully

2023-08-20 14:25:49 - [MESSAGE][PASSED] - Verify element property value successfully

2023-08-20 14:25:49 - [TEST_STEP][PASSED] - verifyElementPropertyValue(getResponse, "groups[0].pricingPlans[2].currency", "SAR"): Verify element property value successfully

2023-08-20 14:25:49 - [MESSAGE][PASSED] - Verify element property value successfully

2023-08-20 14:25:49 - [TEST_STEP][PASSED] - verifyElementPropertyValue(getResponse, "groups[0].pricingPlans[2].pricingPlanData[0].productId", "KSA_B2C_SHAHID_VIP_12M"): Verify element property value successfully

2023-08-20 14:25:49 - [MESSAGE][PASSED] - Verify element property value successfully

2023-08-20 14:25:49 - [TEST_STEP][PASSED] - verifyElementPropertyValue(getResponse, "groups[0].pricingPlans[2].pricingPlanData[0].subPricingPlanIds", "null"): Verify element property value successfully

2023-08-20 14:25:49 - [MESSAGE][PASSED] - Verify element property value successfully

2023-08-20 14:25:49 - [TEST_STEP][PASSED] - verifyElementPropertyValue(getResponse, "groups[0].pricingPlans[2].pricingPlanData[0].paymentMethod", "CREDIT_CARD"): Verify element property value successfully

2023-08-20 14:25:49 - [MESSAGE][PASSED] - Verify element property value successfully

2023-08-20 14:25:49 - [TEST_STEP][PASSED] - verifyElementPropertyValue(getResponse, "groups[0].pricingPlans[2].pricingPlanData[0].freeTrialEnabled", "false"): Verify element property value successfully

2023-08-20 14:25:49 - [MESSAGE][PASSED] - Verify element property value successfully

2023-08-20 14:25:49 - [TEST_STEP][PASSED] - verifyElementPropertyValue(getResponse, "groups[0].pricingPlans[2].pricingPlanData[0].visualElements[0].key", "title"): Verify element property value successfully

2023-08-20 14:25:49 - [MESSAGE][PASSED] - Verify element property value successfully

2023-08-20 14:25:49 - [TEST_STEP][PASSED] - verifyElementPropertyValue(getResponse, "groups[0].pricingPlans[2].pricingPlanData[0].visualElements[0].value", "البطاقة المصرفية"): Verify element property value successfully

2023-08-20 14:25:49 - [MESSAGE][PASSED] - Verify element property value successfully

2023-08-20 14:25:49 - [TEST_STEP][PASSED] - verifyElementPropertyValue(getResponse, "groups[0].pricingPlans[2].pricingPlanData[0].visualElements[1].key", "CTA_text"): Verify element property value successfully

2023-08-20 14:25:49 - [MESSAGE][PASSED] - Verify element property value successfully

2023-08-20 14:25:49 - [TEST_STEP][PASSED] - verifyElementPropertyValue(getResponse, "groups[0].pricingPlans[2].pricingPlanData[0].visualElements[1].value", "اشترك"): Verify element property value successfully

2023-08-20 14:25:49 - [MESSAGE][PASSED] - Verify element property value successfully

2023-08-20 14:25:49 - [TEST_STEP][PASSED] - verifyElementPropertyValue(getResponse, "groups[0].pricingPlans[2].pricingPlanData[0].visualElements[2].key", "logo"): Verify element property value successfully

2023-08-20 14:25:49 - [MESSAGE][PASSED] - Verify element property value successfully

2023-08-20 14:25:49 - [TEST_STEP][PASSED] - verifyElementPropertyValue(getResponse, "groups[0].pricingPlans[2].pricingPlanData[0].visualElements[2].value", "https://static.s3.shahid.mbc.net/widget-images/icons/iconCreditCard.png"): Verify element property value successfully

2023-08-20 14:25:49 - [MESSAGE][PASSED] - Verify element property value successfully

2023-08-20 14:25:49 - [TEST_STEP][PASSED] - verifyElementPropertyValue(getResponse, "groups[0].pricingPlans[2].pricingPlanData[0].priceLabel", "339.99"): Verify element property value successfully

2023-08-20 14:25:49 - [MESSAGE][PASSED] - Verify element property value successfully

2023-08-20 14:25:49 - [TEST_STEP][PASSED] - verifyElementPropertyValue(getResponse, "groups[0].pricingPlans[2].pricingPlanData[0].currencyLabel", "SAR"): Verify element property value successfully

2023-08-20 14:25:49 - [MESSAGE][PASSED] - Verify element property value successfully

2023-08-20 14:25:49 - [TEST_STEP][PASSED] - verifyElementPropertyValue(getResponse, "groups[0].pricingPlans[2].pricingPlanData[0].allowedForAcquisition", "true"): Verify element property value successfully

2023-08-20 14:25:49 - [MESSAGE][PASSED] - Verify element property value successfully

2023-08-20 14:25:49 - [TEST_STEP][PASSED] - verifyElementPropertyValue(getResponse, "groups[0].pricingPlans[2].pricingPlanData[0].showIn[0]", "VERTICAL_MODE"): Verify element property value successfully

2023-08-20 14:25:49 - [MESSAGE][PASSED] - Verify element property value successfully

2023-08-20 14:25:49 - [TEST_STEP][PASSED] - verifyElementPropertyValue(getResponse, "groups[0].pricingPlans[2].pricingPlanData[0].showIn[1]", "HORIZONTAL_MODE"): Verify element property value successfully

2023-08-20 14:25:49 - [MESSAGE][PASSED] - Verify element property value successfully

2023-08-20 14:25:49 - [TEST_STEP][PASSED] - verifyElementPropertyValue(getResponse, "groups[0].pricingPlans[2].pricingPlanData[1].productId", "KSA_B2C_SHAHID_VIP_12M"): Verify element property value successfully

2023-08-20 14:25:49 - [MESSAGE][PASSED] - Verify element property value successfully

2023-08-20 14:25:49 - [TEST_STEP][PASSED] - verifyElementPropertyValue(getResponse, "groups[0].pricingPlans[2].pricingPlanData[1].subPricingPlanIds", "null"): Verify element property value successfully

2023-08-20 14:25:49 - [MESSAGE][PASSED] - Verify element property value successfully

2023-08-20 14:25:49 - [TEST_STEP][PASSED] - verifyElementPropertyValue(getResponse, "groups[0].pricingPlans[2].pricingPlanData[1].paymentMethod", "APPLE_PAY"): Verify element property value successfully

2023-08-20 14:25:49 - [MESSAGE][PASSED] - Verify element property value successfully

2023-08-20 14:25:49 - [TEST_STEP][PASSED] - verifyElementPropertyValue(getResponse, "groups[0].pricingPlans[2].pricingPlanData[1].freeTrialEnabled", "false"): Verify element property value successfully

2023-08-20 14:25:49 - [MESSAGE][PASSED] - Verify element property value successfully

2023-08-20 14:25:49 - [TEST_STEP][PASSED] - verifyElementPropertyValue(getResponse, "groups[0].pricingPlans[2].pricingPlanData[1].visualElements[0].key", "title"): Verify element property value successfully

2023-08-20 14:25:49 - [MESSAGE][PASSED] - Verify element property value successfully

2023-08-20 14:25:49 - [TEST_STEP][PASSED] - verifyElementPropertyValue(getResponse, "groups[0].pricingPlans[2].pricingPlanData[1].visualElements[0].value", "Apple Pay"): Verify element property value successfully

2023-08-20 14:25:49 - [MESSAGE][PASSED] - Verify element property value successfully

2023-08-20 14:25:49 - [TEST_STEP][PASSED] - verifyElementPropertyValue(getResponse, "groups[0].pricingPlans[2].pricingPlanData[1].visualElements[1].key", "CTA_text"): Verify element property value successfully

2023-08-20 14:25:49 - [MESSAGE][PASSED] - Verify element property value successfully

2023-08-20 14:25:49 - [TEST_STEP][PASSED] - verifyElementPropertyValue(getResponse, "groups[0].pricingPlans[2].pricingPlanData[1].visualElements[1].value", "اشترك"): Verify element property value successfully

2023-08-20 14:25:49 - [MESSAGE][PASSED] - Verify element property value successfully

2023-08-20 14:25:49 - [TEST_STEP][PASSED] - verifyElementPropertyValue(getResponse, "groups[0].pricingPlans[2].pricingPlanData[1].visualElements[2].key", "logo"): Verify element property value successfully

2023-08-20 14:25:49 - [MESSAGE][PASSED] - Verify element property value successfully

2023-08-20 14:25:49 - [TEST_STEP][PASSED] - verifyElementPropertyValue(getResponse, "groups[0].pricingPlans[2].pricingPlanData[1].visualElements[2].value", "https://static.s3.shahid.mbc.net/widget-images/icons/ApplePay_PlanSelectionIcon.svg"): Verify element property value successfully

2023-08-20 14:25:49 - [MESSAGE][PASSED] - Verify element property value successfully

2023-08-20 14:25:49 - [TEST_STEP][PASSED] - verifyElementPropertyValue(getResponse, "groups[0].pricingPlans[2].pricingPlanData[1].priceLabel", "339.99"): Verify element property value successfully

2023-08-20 14:25:49 - [MESSAGE][PASSED] - Verify element property value successfully

2023-08-20 14:25:49 - [TEST_STEP][PASSED] - verifyElementPropertyValue(getResponse, "groups[0].pricingPlans[2].pricingPlanData[1].currencyLabel", "SAR"): Verify element property value successfully

2023-08-20 14:25:49 - [MESSAGE][PASSED] - Verify element property value successfully

2023-08-20 14:25:49 - [TEST_STEP][PASSED] - verifyElementPropertyValue(getResponse, "groups[0].pricingPlans[2].pricingPlanData[1].allowedForAcquisition", "true"): Verify element property value successfully

2023-08-20 14:25:49 - [MESSAGE][PASSED] - Verify element property value successfully

2023-08-20 14:25:49 - [TEST_STEP][PASSED] - verifyElementPropertyValue(getResponse, "deals[0].param", "stcksa"): Verify element property value successfully

2023-08-20 14:25:49 - [MESSAGE][PASSED] - Verify element property value successfully

2023-08-20 14:25:49 - [TEST_STEP][PASSED] - verifyElementPropertyValue(getResponse, "deals[0].skipLandingPage", "false"): Verify element property value successfully

2023-08-20 14:25:49 - [MESSAGE][PASSED] - Verify element property value successfully

2023-08-20 14:25:49 - [TEST_STEP][PASSED] - verifyElementPropertyValue(getResponse, "deals[0].visible", "false"): Verify element property value successfully

2023-08-20 14:25:49 - [MESSAGE][PASSED] - Verify element property value successfully

2023-08-20 14:25:49 - [TEST_STEP][PASSED] - verifyElementPropertyValue(getResponse, "deals[0].dealType", "deal_with_pricing_plan"): Verify element property value successfully

2023-08-20 14:25:49 - [MESSAGE][PASSED] - Verify element property value successfully

2023-08-20 14:25:49 - [TEST_STEP][PASSED] - verifyElementPropertyValue(getResponse, "deals[0].template", "TELCO"): Verify element property value successfully

2023-08-20 14:25:49 - [MESSAGE][PASSED] - Verify element property value successfully

2023-08-20 14:25:49 - [TEST_STEP][PASSED] - verifyElementPropertyValue(getResponse, "deals[0].visualElements[7].key", "main_partner_logo"): Verify element property value successfully

2023-08-20 14:25:49 - [MESSAGE][PASSED] - Verify element property value successfully

2023-08-20 14:25:49 - [TEST_STEP][PASSED] - verifyElementPropertyValue(getResponse, "deals[0].visualElements[7].value", "https://shahid-static.s3.us-east-1.amazonaws.com/shahid-subscription-config/STCLogo.png"): Verify element property value successfully

2023-08-20 14:25:49 - [MESSAGE][PASSED] - Verify element property value successfully

2023-08-20 14:25:49 - [TEST_STEP][PASSED] - verifyElementPropertyValue(getResponse, "deals[0].groups[0].pricingPlans[0].featured", "false"): Verify element property value successfully

2023-08-20 14:25:49 - [MESSAGE][PASSED] - Verify element property value successfully

2023-08-20 14:25:49 - [TEST_STEP][PASSED] - verifyElementPropertyValue(getResponse, "deals[0].groups[0].pricingPlans[0].liteRegistrationEnabled", "true"): Verify element property value successfully

2023-08-20 14:25:49 - [MESSAGE][PASSED] - Verify element property value successfully

2023-08-20 14:25:49 - [TEST_STEP][PASSED] - verifyElementPropertyValue(getResponse, "deals[0].groups[0].pricingPlans[0].packageName", "monthly"): Verify element property value successfully

2023-08-20 14:25:49 - [MESSAGE][PASSED] - Verify element property value successfully

2023-08-20 14:25:49 - [TEST_STEP][PASSED] - verifyElementPropertyValue(getResponse, "deals[0].groups[0].pricingPlans[0].price", "39.99"): Verify element property value successfully

2023-08-20 14:25:49 - [MESSAGE][PASSED] - Verify element property value successfully

2023-08-20 14:25:49 - [TEST_STEP][PASSED] - verifyElementPropertyValue(getResponse, "deals[0].groups[0].pricingPlans[0].currency", "SAR"): Verify element property value successfully

2023-08-20 14:25:49 - [MESSAGE][PASSED] - Verify element property value successfully

2023-08-20 14:25:49 - [TEST_STEP][PASSED] - verifyElementPropertyValue(getResponse, "deals[0].groups[0].pricingPlans[0].packageId", "SHAHID_VIP"): Verify element property value successfully

2023-08-20 14:25:49 - [MESSAGE][PASSED] - Verify element property value successfully

2023-08-20 14:25:49 - [TEST_STEP][PASSED] - verifyElementPropertyValue(getResponse, "deals[0].groups[0].pricingPlans[0].catalogId", "VIP"): Verify element property value successfully

2023-08-20 14:25:49 - [MESSAGE][PASSED] - Verify element property value successfully

2023-08-20 14:25:49 - [TEST_STEP][PASSED] - verifyElementPropertyValue(getResponse, "deals[0].groups[0].pricingPlans[0].visualElements[7].key", "show_payment_logo"): Verify element property value successfully

2023-08-20 14:25:49 - [MESSAGE][PASSED] - Verify element property value successfully

2023-08-20 14:25:49 - [TEST_STEP][PASSED] - verifyElementPropertyValue(getResponse, "deals[0].groups[0].pricingPlans[0].visualElements[7].value", "true"): Verify element property value successfully

2023-08-20 14:25:49 - [MESSAGE][PASSED] - Verify element property value successfully

2023-08-20 14:25:49 - [TEST_STEP][PASSED] - verifyElementPropertyValue(getResponse, "deals[0].groups[0].pricingPlans[0].visualElements[8].key", "show_tag"): Verify element property value successfully

2023-08-20 14:25:49 - [MESSAGE][PASSED] - Verify element property value successfully

2023-08-20 14:25:49 - [TEST_STEP][PASSED] - verifyElementPropertyValue(getResponse, "deals[0].groups[0].pricingPlans[0].visualElements[8].value", "true"): Verify element property value successfully

2023-08-20 14:25:49 - [MESSAGE][PASSED] - Verify element property value successfully

2023-08-20 14:25:49 - [TEST_STEP][PASSED] - verifyElementPropertyValue(getResponse, "deals[0].groups[0].pricingPlans[0].visualElements[11].key", "price"): Verify element property value successfully

2023-08-20 14:25:49 - [MESSAGE][PASSED] - Verify element property value successfully

2023-08-20 14:25:49 - [TEST_STEP][PASSED] - verifyElementPropertyValue(getResponse, "deals[0].groups[0].pricingPlans[0].visualElements[11].value", "39.99"): Verify element property value successfully

2023-08-20 14:25:49 - [MESSAGE][PASSED] - Verify element property value successfully

2023-08-20 14:25:49 - [TEST_STEP][PASSED] - verifyElementPropertyValue(getResponse, "deals[0].groups[0].pricingPlans[0].visualElements[12].key", "currency"): Verify element property value successfully

2023-08-20 14:25:49 - [MESSAGE][PASSED] - Verify element property value successfully

2023-08-20 14:25:49 - [TEST_STEP][PASSED] - verifyElementPropertyValue(getResponse, "deals[0].groups[0].pricingPlans[0].visualElements[12].value", "SAR"): Verify element property value successfully

2023-08-20 14:25:49 - [MESSAGE][PASSED] - Verify element property value successfully

2023-08-20 14:25:49 - [TEST_STEP][PASSED] - verifyElementPropertyValue(getResponse, "deals[0].groups[0].pricingPlans[0].visualElements[13].key", "duration"): Verify element property value successfully

2023-08-20 14:25:49 - [MESSAGE][PASSED] - Verify element property value successfully

2023-08-20 14:25:49 - [TEST_STEP][PASSED] - verifyElementPropertyValue(getResponse, "deals[0].groups[0].pricingPlans[0].visualElements[13].value", "شهرياً"): Verify element property value successfully

2023-08-20 14:25:49 - [MESSAGE][PASSED] - Verify element property value successfully

2023-08-20 14:25:49 - [TEST_STEP][PASSED] - verifyElementPropertyValue(getResponse, "deals[0].groups[0].pricingPlans[0].visualElements[17].key", "CC_logo"): Verify element property value successfully

2023-08-20 14:25:49 - [MESSAGE][PASSED] - Verify element property value successfully

2023-08-20 14:25:49 - [TEST_STEP][PASSED] - verifyElementPropertyValue(getResponse, "deals[0].groups[0].pricingPlans[0].visualElements[17].value[0]", "visa"): Verify element property value successfully

2023-08-20 14:25:49 - [MESSAGE][PASSED] - Verify element property value successfully

2023-08-20 14:25:49 - [TEST_STEP][PASSED] - verifyElementPropertyValue(getResponse, "deals[0].groups[0].pricingPlans[0].visualElements[17].value[1]", "master"): Verify element property value successfully

2023-08-20 14:25:49 - [MESSAGE][PASSED] - Verify element property value successfully

2023-08-20 14:25:49 - [TEST_STEP][PASSED] - verifyElementPropertyValue(getResponse, "deals[0].groups[0].pricingPlans[0].visualElements[18].key", "summary_text_1"): Verify element property value successfully

2023-08-20 14:25:49 - [MESSAGE][PASSED] - Verify element property value successfully

2023-08-20 14:25:49 - [TEST_STEP][PASSED] - verifyElementPropertyValue(getResponse, "deals[0].groups[0].pricingPlans[0].visualElements[18].value", "شاهد VIP - وجهتك الأمثل للترفيه اشترك الآن !! الرسوم الشهرية 39.99 ريال سعودي (شاملاً ضريبة القيمة المضافة)"): Verify element property value successfully

2023-08-20 14:25:49 - [MESSAGE][PASSED] - Verify element property value successfully

2023-08-20 14:25:49 - [TEST_STEP][PASSED] - verifyElementPropertyValue(getResponse, "deals[0].groups[0].pricingPlans[0].visualElements[19].key", "summary_text_2"): Verify element property value successfully

2023-08-20 14:25:49 - [MESSAGE][PASSED] - Verify element property value successfully

2023-08-20 14:25:49 - [TEST_STEP][PASSED] - verifyElementPropertyValue(getResponse, "deals[0].groups[0].pricingPlans[0].visualElements[19].value", "سيتم تجديد الخدمة تلقائيًا"): Verify element property value successfully

2023-08-20 14:25:49 - [MESSAGE][PASSED] - Verify element property value successfully

2023-08-20 14:25:49 - [TEST_STEP][PASSED] - verifyElementPropertyValue(getResponse, "deals[0].groups[0].pricingPlans[0].pricingPlanData[0].pricingPlanId", "TPay_STC_SA"): Verify element property value successfully

2023-08-20 14:25:49 - [MESSAGE][PASSED] - Verify element property value successfully

2023-08-20 14:25:49 - [TEST_STEP][PASSED] - verifyElementPropertyValue(getResponse, "deals[0].groups[0].pricingPlans[0].pricingPlanData[0].productId", "KSA_B2C_SHAHID_VIP_1M"): Verify element property value successfully

2023-08-20 14:25:49 - [MESSAGE][PASSED] - Verify element property value successfully

2023-08-20 14:25:49 - [TEST_STEP][PASSED] - verifyElementPropertyValue(getResponse, "deals[0].groups[0].pricingPlans[0].pricingPlanData[0].subPricingPlanIds[0]", "42001"): Verify element property value successfully

2023-08-20 14:25:49 - [MESSAGE][PASSED] - Verify element property value successfully

2023-08-20 14:25:49 - [TEST_STEP][PASSED] - verifyElementPropertyValue(getResponse, "deals[0].groups[0].pricingPlans[0].pricingPlanData[0].paymentMethod", "MOBILE_PAY"): Verify element property value successfully

2023-08-20 14:25:49 - [MESSAGE][PASSED] - Verify element property value successfully

2023-08-20 14:25:49 - [TEST_STEP][PASSED] - verifyElementPropertyValue(getResponse, "deals[0].groups[0].pricingPlans[0].pricingPlanData[0].priceLabel", "39.99"): Verify element property value successfully

2023-08-20 14:25:49 - [MESSAGE][PASSED] - Verify element property value successfully

2023-08-20 14:25:49 - [TEST_STEP][PASSED] - verifyElementPropertyValue(getResponse, "deals[0].groups[0].pricingPlans[0].pricingPlanData[0].currencyLabel", "SAR"): Verify element property value successfully

2023-08-20 14:25:49 - [MESSAGE][PASSED] - Verify element property value successfully

2023-08-20 14:25:49 - [TEST_STEP][PASSED] - verifyElementPropertyValue(getResponse, "deals[0].groups[0].pricingPlans[0].pricingPlanData[0].dealId", "STC"): Verify element property value successfully

2023-08-20 14:25:49 - [MESSAGE][PASSED] - Verify element property value successfully

2023-08-20 14:25:49 - [TEST_STEP][PASSED] - verifyElementPropertyValue(getResponse, "deals[0].groups[0].pricingPlans[0].pricingPlanData[0].showForAnonymous", "true"): Verify element property value successfully

2023-08-20 14:25:49 - [MESSAGE][PASSED] - Verify element property value successfully

2023-08-20 14:25:49 - [TEST_STEP][PASSED] - verifyElementPropertyValue(getResponse, "deals[0].specialOfferLandingPage.visualElements[0].key", "pop_up_tab_title"): Verify element property value successfully

2023-08-20 14:25:49 - [MESSAGE][PASSED] - Verify element property value successfully

2023-08-20 14:25:49 - [TEST_STEP][PASSED] - verifyElementPropertyValue(getResponse, "deals[0].specialOfferLandingPage.visualElements[0].value[0]", " الشروط والأحكام"): Verify element property value successfully

2023-08-20 14:25:49 - [MESSAGE][PASSED] - Verify element property value successfully

2023-08-20 14:25:49 - [TEST_STEP][PASSED] - verifyElementPropertyValue(getResponse, "deals[0].specialOfferLandingPage.visualElements[1].key", "pop_up_tab_content"): Verify element property value successfully

2023-08-20 14:25:49 - [MESSAGE][PASSED] - Verify element property value successfully

2023-08-20 14:25:49 - [TEST_STEP][PASSED] - verifyElementPropertyValue(getResponse, "deals[0].specialOfferLandingPage.visualElements[1].value[0]", "<ul> <li> سيتم تجديد الخدمة تلقائيًا. </li> <li> الرسوم الشهرية ٣٤.٩٩ ريال سعودي (شاملاً ضريبة القيمة المضافة) </li> <li> للاستفسارات تواصل معنا على care@shahid.net. </li> </ul>"): Verify element property value successfully

2023-08-20 14:25:49 - [MESSAGE][PASSED] - Verify element property value successfully

2023-08-20 14:25:49 - [TEST_STEP][PASSED] - verifyElementPropertyValue(getResponse, "deals[0].specialOfferLandingPage.visualElements[2].key", "partner_logo"): Verify element property value successfully

2023-08-20 14:25:49 - [MESSAGE][PASSED] - Verify element property value successfully

2023-08-20 14:25:49 - [TEST_STEP][PASSED] - verifyElementPropertyValue(getResponse, "deals[0].specialOfferLandingPage.visualElements[2].value", "https://shahid-static.s3.us-east-1.amazonaws.com/shahid-subscription-config/STCLogo.png"): Verify element property value successfully

2023-08-20 14:25:49 - [MESSAGE][PASSED] - Verify element property value successfully

2023-08-20 14:25:49 - [TEST_STEP][PASSED] - verifyElementPropertyValue(getResponse, "deals[0].specialOfferLandingPage.visualElements[4].key", "partner_name"): Verify element property value successfully

2023-08-20 14:25:49 - [MESSAGE][PASSED] - Verify element property value successfully

2023-08-20 14:25:49 - [TEST_STEP][PASSED] - verifyElementPropertyValue(getResponse, "deals[0].specialOfferLandingPage.visualElements[4].value", "STC"): Verify element property value successfully

2023-08-20 14:25:49 - [MESSAGE][PASSED] - Verify element property value successfully

2023-08-20 14:25:49 - [TEST_STEP][PASSED] - verifyElementPropertyValue(getResponse, "deals[0].specialOfferLandingPage.visualElements[6].key", "continue_cta"): Verify element property value successfully

2023-08-20 14:25:49 - [MESSAGE][PASSED] - Verify element property value successfully

2023-08-20 14:25:49 - [TEST_STEP][PASSED] - verifyElementPropertyValue(getResponse, "deals[0].specialOfferLandingPage.visualElements[6].value", "جرب شاهد VIP "): Verify element property value successfully

2023-08-20 14:25:49 - [MESSAGE][PASSED] - Verify element property value successfully

2023-08-20 14:25:49 - [TEST_STEP][PASSED] - verifyElementPropertyValue(getResponse, "deals[0].specialOfferLandingPage.visualElements[7].key", "guideline_cta"): Verify element property value successfully

2023-08-20 14:25:49 - [MESSAGE][PASSED] - Verify element property value successfully

2023-08-20 14:25:49 - [TEST_STEP][PASSED] - verifyElementPropertyValue(getResponse, "deals[0].specialOfferLandingPage.visualElements[7].value[0]", "تطبق الشروط والأحكام"): Verify element property value successfully

2023-08-20 14:25:49 - [MESSAGE][PASSED] - Verify element property value successfully

2023-08-20 14:25:49 - [TEST_STEP][PASSED] - verifyElementPropertyValue(getResponse, "deals[0].specialOfferLandingPage.cards[0].title", "باقة اسبوعية"): Verify element property value successfully

2023-08-20 14:25:49 - [MESSAGE][PASSED] - Verify element property value successfully

2023-08-20 14:25:49 - [TEST_STEP][PASSED] - verifyElementPropertyValue(getResponse, "deals[0].specialOfferLandingPage.cards[0].image", "https://shahid-static.s3.amazonaws.com/shahid-subscription-config/LP/2022VIPLP.jpg"): Verify element property value successfully

2023-08-20 14:25:49 - [MESSAGE][PASSED] - Verify element property value successfully

2023-08-20 14:25:49 - [TEST_STEP][PASSED] - verifyElementPropertyValue(getResponse, "deals[1].param", "mobilyksa"): Verify element property value successfully

2023-08-20 14:25:49 - [MESSAGE][PASSED] - Verify element property value successfully

2023-08-20 14:25:49 - [TEST_STEP][PASSED] - verifyElementPropertyValue(getResponse, "deals[1].skipLandingPage", "false"): Verify element property value successfully

2023-08-20 14:25:49 - [MESSAGE][PASSED] - Verify element property value successfully

2023-08-20 14:25:49 - [TEST_STEP][PASSED] - verifyElementPropertyValue(getResponse, "deals[1].visible", "false"): Verify element property value successfully

2023-08-20 14:25:49 - [MESSAGE][PASSED] - Verify element property value successfully

2023-08-20 14:25:49 - [TEST_STEP][PASSED] - verifyElementPropertyValue(getResponse, "deals[1].dealType", "deal_with_pricing_plan"): Verify element property value successfully

2023-08-20 14:25:49 - [MESSAGE][PASSED] - Verify element property value successfully

2023-08-20 14:25:49 - [TEST_STEP][PASSED] - verifyElementPropertyValue(getResponse, "deals[1].template", "TELCO"): Verify element property value successfully

2023-08-20 14:25:49 - [MESSAGE][PASSED] - Verify element property value successfully

2023-08-20 14:25:49 - [TEST_STEP][PASSED] - verifyElementPropertyValue(getResponse, "deals[1].visualElements[7].key", "main_partner_logo"): Verify element property value successfully

2023-08-20 14:25:49 - [MESSAGE][PASSED] - Verify element property value successfully

2023-08-20 14:25:49 - [TEST_STEP][PASSED] - verifyElementPropertyValue(getResponse, "deals[1].visualElements[7].value", "https://shahid-static.s3.us-east-1.amazonaws.com/shahid-subscription-config/MobilyLogo.png"): Verify element property value successfully

2023-08-20 14:25:49 - [MESSAGE][PASSED] - Verify element property value successfully

2023-08-20 14:25:49 - [TEST_STEP][PASSED] - verifyElementPropertyValue(getResponse, "deals[1].groups[0].pricingPlans[0].featured", "false"): Verify element property value successfully

2023-08-20 14:25:49 - [MESSAGE][PASSED] - Verify element property value successfully

2023-08-20 14:25:49 - [TEST_STEP][PASSED] - verifyElementPropertyValue(getResponse, "deals[1].groups[0].pricingPlans[0].liteRegistrationEnabled", "true"): Verify element property value successfully

2023-08-20 14:25:49 - [MESSAGE][PASSED] - Verify element property value successfully

2023-08-20 14:25:49 - [TEST_STEP][PASSED] - verifyElementPropertyValue(getResponse, "deals[1].groups[0].pricingPlans[0].packageName", "monthly"): Verify element property value successfully

2023-08-20 14:25:49 - [MESSAGE][PASSED] - Verify element property value successfully

2023-08-20 14:25:49 - [TEST_STEP][PASSED] - verifyElementPropertyValue(getResponse, "deals[1].groups[0].pricingPlans[0].price", "39.99"): Verify element property value successfully

2023-08-20 14:25:49 - [MESSAGE][PASSED] - Verify element property value successfully

2023-08-20 14:25:49 - [TEST_STEP][PASSED] - verifyElementPropertyValue(getResponse, "deals[1].groups[0].pricingPlans[0].currency", "SAR"): Verify element property value successfully

2023-08-20 14:25:49 - [MESSAGE][PASSED] - Verify element property value successfully

2023-08-20 14:25:49 - [TEST_STEP][PASSED] - verifyElementPropertyValue(getResponse, "deals[1].groups[0].pricingPlans[0].packageId", "SHAHID_VIP"): Verify element property value successfully

2023-08-20 14:25:49 - [MESSAGE][PASSED] - Verify element property value successfully

2023-08-20 14:25:49 - [TEST_STEP][PASSED] - verifyElementPropertyValue(getResponse, "deals[1].groups[0].pricingPlans[0].catalogId", "VIP"): Verify element property value successfully

2023-08-20 14:25:49 - [MESSAGE][PASSED] - Verify element property value successfully

2023-08-20 14:25:49 - [TEST_STEP][PASSED] - verifyElementPropertyValue(getResponse, "deals[1].groups[0].pricingPlans[0].visualElements[7].key", "show_payment_logo"): Verify element property value successfully

2023-08-20 14:25:49 - [MESSAGE][PASSED] - Verify element property value successfully

2023-08-20 14:25:49 - [TEST_STEP][PASSED] - verifyElementPropertyValue(getResponse, "deals[1].groups[0].pricingPlans[0].visualElements[7].value", "true"): Verify element property value successfully

2023-08-20 14:25:49 - [MESSAGE][PASSED] - Verify element property value successfully

2023-08-20 14:25:49 - [TEST_STEP][PASSED] - verifyElementPropertyValue(getResponse, "deals[1].groups[0].pricingPlans[0].visualElements[8].key", "show_tag"): Verify element property value successfully

2023-08-20 14:25:49 - [MESSAGE][PASSED] - Verify element property value successfully

2023-08-20 14:25:49 - [TEST_STEP][PASSED] - verifyElementPropertyValue(getResponse, "deals[1].groups[0].pricingPlans[0].visualElements[8].value", "true"): Verify element property value successfully

2023-08-20 14:25:49 - [MESSAGE][PASSED] - Verify element property value successfully

2023-08-20 14:25:49 - [TEST_STEP][PASSED] - verifyElementPropertyValue(getResponse, "deals[1].groups[0].pricingPlans[0].visualElements[11].key", "price"): Verify element property value successfully

2023-08-20 14:25:49 - [MESSAGE][PASSED] - Verify element property value successfully

2023-08-20 14:25:49 - [TEST_STEP][PASSED] - verifyElementPropertyValue(getResponse, "deals[1].groups[0].pricingPlans[0].visualElements[11].value", "39.99"): Verify element property value successfully

2023-08-20 14:25:49 - [MESSAGE][PASSED] - Verify element property value successfully

2023-08-20 14:25:49 - [TEST_STEP][PASSED] - verifyElementPropertyValue(getResponse, "deals[1].groups[0].pricingPlans[0].visualElements[12].key", "currency"): Verify element property value successfully

2023-08-20 14:25:49 - [MESSAGE][PASSED] - Verify element property value successfully

2023-08-20 14:25:49 - [TEST_STEP][PASSED] - verifyElementPropertyValue(getResponse, "deals[1].groups[0].pricingPlans[0].visualElements[12].value", "SAR"): Verify element property value successfully

2023-08-20 14:25:49 - [MESSAGE][PASSED] - Verify element property value successfully

2023-08-20 14:25:49 - [TEST_STEP][PASSED] - verifyElementPropertyValue(getResponse, "deals[1].groups[0].pricingPlans[0].visualElements[13].key", "duration"): Verify element property value successfully

2023-08-20 14:25:49 - [MESSAGE][PASSED] - Verify element property value successfully

2023-08-20 14:25:49 - [TEST_STEP][PASSED] - verifyElementPropertyValue(getResponse, "deals[1].groups[0].pricingPlans[0].visualElements[13].value", "شهرياً"): Verify element property value successfully

2023-08-20 14:25:49 - [MESSAGE][PASSED] - Verify element property value successfully

2023-08-20 14:25:49 - [TEST_STEP][PASSED] - verifyElementPropertyValue(getResponse, "deals[1].groups[0].pricingPlans[0].visualElements[17].key", "CC_logo"): Verify element property value successfully

2023-08-20 14:25:49 - [MESSAGE][PASSED] - Verify element property value successfully

2023-08-20 14:25:49 - [TEST_STEP][PASSED] - verifyElementPropertyValue(getResponse, "deals[1].groups[0].pricingPlans[0].visualElements[17].value[0]", "visa"): Verify element property value successfully

2023-08-20 14:25:49 - [MESSAGE][PASSED] - Verify element property value successfully

2023-08-20 14:25:49 - [TEST_STEP][PASSED] - verifyElementPropertyValue(getResponse, "deals[1].groups[0].pricingPlans[0].visualElements[17].value[1]", "master"): Verify element property value successfully

2023-08-20 14:25:49 - [MESSAGE][PASSED] - Verify element property value successfully

2023-08-20 14:25:49 - [TEST_STEP][PASSED] - verifyElementPropertyValue(getResponse, "deals[1].groups[0].pricingPlans[0].visualElements[18].key", "summary_text_1"): Verify element property value successfully

2023-08-20 14:25:49 - [MESSAGE][PASSED] - Verify element property value successfully

2023-08-20 14:25:49 - [TEST_STEP][PASSED] - verifyElementPropertyValue(getResponse, "deals[1].groups[0].pricingPlans[0].visualElements[18].value", "شاهد VIP - وجهتك الأمثل للترفيه اشترك الآن !! الرسوم الشهرية 39.99 ريال سعودي (شاملاً ضريبة القيمة المضافة)"): Verify element property value successfully

2023-08-20 14:25:49 - [MESSAGE][PASSED] - Verify element property value successfully

2023-08-20 14:25:49 - [TEST_STEP][PASSED] - verifyElementPropertyValue(getResponse, "deals[1].groups[0].pricingPlans[0].pricingPlanData[0].pricingPlanId", "TPay_Mobily_SA"): Verify element property value successfully

2023-08-20 14:25:49 - [MESSAGE][PASSED] - Verify element property value successfully

2023-08-20 14:25:49 - [TEST_STEP][PASSED] - verifyElementPropertyValue(getResponse, "deals[1].groups[0].pricingPlans[0].pricingPlanData[0].productId", "KSA_B2C_SHAHID_VIP_1M"): Verify element property value successfully

2023-08-20 14:25:49 - [MESSAGE][PASSED] - Verify element property value successfully

2023-08-20 14:25:49 - [TEST_STEP][PASSED] - verifyElementPropertyValue(getResponse, "deals[1].groups[0].pricingPlans[0].pricingPlanData[0].subPricingPlanIds[0]", "42003"): Verify element property value successfully

2023-08-20 14:25:49 - [MESSAGE][PASSED] - Verify element property value successfully

2023-08-20 14:25:49 - [TEST_STEP][PASSED] - verifyElementPropertyValue(getResponse, "deals[1].groups[0].pricingPlans[0].pricingPlanData[0].paymentMethod", "MOBILE_PAY"): Verify element property value successfully

2023-08-20 14:25:49 - [MESSAGE][PASSED] - Verify element property value successfully

2023-08-20 14:25:49 - [TEST_STEP][PASSED] - verifyElementPropertyValue(getResponse, "deals[1].groups[0].pricingPlans[0].pricingPlanData[0].priceLabel", "39.99"): Verify element property value successfully

2023-08-20 14:25:49 - [MESSAGE][PASSED] - Verify element property value successfully

2023-08-20 14:25:49 - [TEST_STEP][PASSED] - verifyElementPropertyValue(getResponse, "deals[1].groups[0].pricingPlans[0].pricingPlanData[0].currencyLabel", "SAR"): Verify element property value successfully

2023-08-20 14:25:49 - [MESSAGE][PASSED] - Verify element property value successfully

2023-08-20 14:25:49 - [TEST_STEP][PASSED] - verifyElementPropertyValue(getResponse, "deals[1].groups[0].pricingPlans[0].pricingPlanData[0].dealId", "MOBILY-KSA-LP-ALLUSER"): Verify element property value successfully

2023-08-20 14:25:49 - [MESSAGE][PASSED] - Verify element property value successfully

2023-08-20 14:25:49 - [TEST_STEP][PASSED] - verifyElementPropertyValue(getResponse, "deals[1].groups[0].pricingPlans[0].pricingPlanData[0].showForAnonymous", "true"): Verify element property value successfully

2023-08-20 14:25:49 - [MESSAGE][PASSED] - Verify element property value successfully

2023-08-20 14:25:49 - [TEST_STEP][PASSED] - verifyElementPropertyValue(getResponse, "deals[1].specialOfferLandingPage.visualElements[0].key", "pop_up_tab_title"): Verify element property value successfully

2023-08-20 14:25:49 - [MESSAGE][PASSED] - Verify element property value successfully

2023-08-20 14:25:49 - [TEST_STEP][PASSED] - verifyElementPropertyValue(getResponse, "deals[1].specialOfferLandingPage.visualElements[0].value[0]", " الشروط والأحكام"): Verify element property value successfully

2023-08-20 14:25:49 - [MESSAGE][PASSED] - Verify element property value successfully

2023-08-20 14:25:49 - [TEST_STEP][PASSED] - verifyElementPropertyValue(getResponse, "deals[1].specialOfferLandingPage.visualElements[1].key", "pop_up_tab_content"): Verify element property value successfully

2023-08-20 14:25:49 - [MESSAGE][PASSED] - Verify element property value successfully

2023-08-20 14:25:49 - [TEST_STEP][PASSED] - verifyElementPropertyValue(getResponse, "deals[1].specialOfferLandingPage.visualElements[1].value[0]", "<ul> <li> سيتم تجديد الخدمة تلقائيًا. </li> <li> الرسوم الشهرية ٣٤.٩٩ ريال سعودي (شاملاً ضريبة القيمة المضافة) </li> <li> للاستفسارات تواصل معنا على care@shahid.net. </li> </ul>"): Verify element property value successfully

2023-08-20 14:25:49 - [MESSAGE][PASSED] - Verify element property value successfully

2023-08-20 14:25:49 - [TEST_STEP][PASSED] - verifyElementPropertyValue(getResponse, "deals[1].specialOfferLandingPage.visualElements[2].key", "partner_logo"): Verify element property value successfully

2023-08-20 14:25:49 - [MESSAGE][PASSED] - Verify element property value successfully

2023-08-20 14:25:49 - [TEST_STEP][PASSED] - verifyElementPropertyValue(getResponse, "deals[1].specialOfferLandingPage.visualElements[2].value", "https://shahid-static.s3.us-east-1.amazonaws.com/shahid-subscription-config/MobilyLogo.png"): Verify element property value successfully

2023-08-20 14:25:49 - [MESSAGE][PASSED] - Verify element property value successfully

2023-08-20 14:25:49 - [TEST_STEP][PASSED] - verifyElementPropertyValue(getResponse, "deals[1].specialOfferLandingPage.visualElements[4].key", "partner_name"): Verify element property value successfully

2023-08-20 14:25:49 - [MESSAGE][PASSED] - Verify element property value successfully

2023-08-20 14:25:49 - [TEST_STEP][PASSED] - verifyElementPropertyValue(getResponse, "deals[1].specialOfferLandingPage.visualElements[4].value", "MOBILY"): Verify element property value successfully

2023-08-20 14:25:49 - [MESSAGE][PASSED] - Verify element property value successfully

2023-08-20 14:25:49 - [TEST_STEP][PASSED] - verifyElementPropertyValue(getResponse, "deals[1].specialOfferLandingPage.visualElements[6].key", "continue_cta"): Verify element property value successfully

2023-08-20 14:25:49 - [MESSAGE][PASSED] - Verify element property value successfully

2023-08-20 14:25:49 - [TEST_STEP][PASSED] - verifyElementPropertyValue(getResponse, "deals[1].specialOfferLandingPage.visualElements[6].value", "جرب شاهد VIP "): Verify element property value successfully

2023-08-20 14:25:49 - [MESSAGE][PASSED] - Verify element property value successfully

2023-08-20 14:25:49 - [TEST_STEP][PASSED] - verifyElementPropertyValue(getResponse, "deals[1].specialOfferLandingPage.visualElements[7].key", "guideline_cta"): Verify element property value successfully

2023-08-20 14:25:49 - [MESSAGE][PASSED] - Verify element property value successfully

2023-08-20 14:25:49 - [TEST_STEP][PASSED] - verifyElementPropertyValue(getResponse, "deals[1].specialOfferLandingPage.visualElements[7].value[0]", "تطبق الشروط والأحكام"): Verify element property value successfully

2023-08-20 14:25:49 - [MESSAGE][PASSED] - Verify element property value successfully

2023-08-20 14:25:49 - [TEST_STEP][PASSED] - verifyElementPropertyValue(getResponse, "deals[1].specialOfferLandingPage.cards[0].title", "باقة اسبوعية"): Verify element property value successfully

2023-08-20 14:25:49 - [MESSAGE][PASSED] - Verify element property value successfully

2023-08-20 14:25:49 - [TEST_STEP][PASSED] - verifyElementPropertyValue(getResponse, "deals[1].specialOfferLandingPage.cards[0].image", "https://shahid-static.s3.amazonaws.com/shahid-subscription-config/LP/2022VIPLP.jpg"): Verify element property value successfully

2023-08-20 14:25:49 - [MESSAGE][PASSED] - Verify element property value successfully

2023-08-20 14:25:49 - [TEST_STEP][PASSED] - verifyElementPropertyValue(getResponse, "deals[2].param", "zainksa"): Verify element property value successfully

2023-08-20 14:25:49 - [MESSAGE][PASSED] - Verify element property value successfully

2023-08-20 14:25:49 - [TEST_STEP][PASSED] - verifyElementPropertyValue(getResponse, "deals[2].skipLandingPage", "false"): Verify element property value successfully

2023-08-20 14:25:49 - [MESSAGE][PASSED] - Verify element property value successfully

2023-08-20 14:25:49 - [TEST_STEP][PASSED] - verifyElementPropertyValue(getResponse, "deals[2].visible", "false"): Verify element property value successfully

2023-08-20 14:25:49 - [MESSAGE][PASSED] - Verify element property value successfully

2023-08-20 14:25:49 - [TEST_STEP][PASSED] - verifyElementPropertyValue(getResponse, "deals[2].dealType", "deal_with_pricing_plan"): Verify element property value successfully

2023-08-20 14:25:49 - [MESSAGE][PASSED] - Verify element property value successfully

2023-08-20 14:25:49 - [TEST_STEP][PASSED] - verifyElementPropertyValue(getResponse, "deals[2].template", "TELCO"): Verify element property value successfully

2023-08-20 14:25:50 - [MESSAGE][PASSED] - Verify element property value successfully

2023-08-20 14:25:50 - [TEST_STEP][PASSED] - verifyElementPropertyValue(getResponse, "deals[2].visualElements[7].key", "main_partner_logo"): Verify element property value successfully

2023-08-20 14:25:50 - [MESSAGE][PASSED] - Verify element property value successfully

2023-08-20 14:25:50 - [TEST_STEP][PASSED] - verifyElementPropertyValue(getResponse, "deals[2].visualElements[7].value", "https://shahid-static.s3.us-east-1.amazonaws.com/shahid-subscription-config/ZainKSALogo.png"): Verify element property value successfully

2023-08-20 14:25:50 - [MESSAGE][PASSED] - Verify element property value successfully

2023-08-20 14:25:50 - [TEST_STEP][PASSED] - verifyElementPropertyValue(getResponse, "deals[2].groups[0].pricingPlans[0].featured", "false"): Verify element property value successfully

2023-08-20 14:25:50 - [MESSAGE][PASSED] - Verify element property value successfully

2023-08-20 14:25:50 - [TEST_STEP][PASSED] - verifyElementPropertyValue(getResponse, "deals[2].groups[0].pricingPlans[0].liteRegistrationEnabled", "true"): Verify element property value successfully

2023-08-20 14:25:50 - [MESSAGE][PASSED] - Verify element property value successfully

2023-08-20 14:25:50 - [TEST_STEP][PASSED] - verifyElementPropertyValue(getResponse, "deals[2].groups[0].pricingPlans[0].packageName", "monthly"): Verify element property value successfully

2023-08-20 14:25:50 - [MESSAGE][PASSED] - Verify element property value successfully

2023-08-20 14:25:50 - [TEST_STEP][PASSED] - verifyElementPropertyValue(getResponse, "deals[2].groups[0].pricingPlans[0].price", "39.99"): Verify element property value successfully

2023-08-20 14:25:50 - [MESSAGE][PASSED] - Verify element property value successfully

2023-08-20 14:25:50 - [TEST_STEP][PASSED] - verifyElementPropertyValue(getResponse, "deals[2].groups[0].pricingPlans[0].currency", "SAR"): Verify element property value successfully

2023-08-20 14:25:50 - [MESSAGE][PASSED] - Verify element property value successfully

2023-08-20 14:25:50 - [TEST_STEP][PASSED] - verifyElementPropertyValue(getResponse, "deals[2].groups[0].pricingPlans[0].packageId", "SHAHID_VIP"): Verify element property value successfully

2023-08-20 14:25:50 - [MESSAGE][PASSED] - Verify element property value successfully

2023-08-20 14:25:50 - [TEST_STEP][PASSED] - verifyElementPropertyValue(getResponse, "deals[2].groups[0].pricingPlans[0].catalogId", "VIP"): Verify element property value successfully

2023-08-20 14:25:50 - [MESSAGE][PASSED] - Verify element property value successfully

2023-08-20 14:25:50 - [TEST_STEP][PASSED] - verifyElementPropertyValue(getResponse, "deals[2].groups[0].pricingPlans[0].visualElements[7].key", "show_payment_logo"): Verify element property value successfully

2023-08-20 14:25:50 - [MESSAGE][PASSED] - Verify element property value successfully

2023-08-20 14:25:50 - [TEST_STEP][PASSED] - verifyElementPropertyValue(getResponse, "deals[2].groups[0].pricingPlans[0].visualElements[7].value", "true"): Verify element property value successfully

2023-08-20 14:25:50 - [MESSAGE][PASSED] - Verify element property value successfully

2023-08-20 14:25:50 - [TEST_STEP][PASSED] - verifyElementPropertyValue(getResponse, "deals[2].groups[0].pricingPlans[0].visualElements[8].key", "show_tag"): Verify element property value successfully

2023-08-20 14:25:50 - [MESSAGE][PASSED] - Verify element property value successfully

2023-08-20 14:25:50 - [TEST_STEP][PASSED] - verifyElementPropertyValue(getResponse, "deals[2].groups[0].pricingPlans[0].visualElements[8].value", "true"): Verify element property value successfully

2023-08-20 14:25:50 - [MESSAGE][PASSED] - Verify element property value successfully

2023-08-20 14:25:50 - [TEST_STEP][PASSED] - verifyElementPropertyValue(getResponse, "deals[2].groups[0].pricingPlans[0].visualElements[11].key", "price"): Verify element property value successfully

2023-08-20 14:25:50 - [MESSAGE][PASSED] - Verify element property value successfully

2023-08-20 14:25:50 - [TEST_STEP][PASSED] - verifyElementPropertyValue(getResponse, "deals[2].groups[0].pricingPlans[0].visualElements[11].value", "39.99"): Verify element property value successfully

2023-08-20 14:25:50 - [MESSAGE][PASSED] - Verify element property value successfully

2023-08-20 14:25:50 - [TEST_STEP][PASSED] - verifyElementPropertyValue(getResponse, "deals[2].groups[0].pricingPlans[0].visualElements[12].key", "currency"): Verify element property value successfully

2023-08-20 14:25:50 - [MESSAGE][PASSED] - Verify element property value successfully

2023-08-20 14:25:50 - [TEST_STEP][PASSED] - verifyElementPropertyValue(getResponse, "deals[2].groups[0].pricingPlans[0].visualElements[12].value", "SAR"): Verify element property value successfully

2023-08-20 14:25:50 - [MESSAGE][PASSED] - Verify element property value successfully

2023-08-20 14:25:50 - [TEST_STEP][PASSED] - verifyElementPropertyValue(getResponse, "deals[2].groups[0].pricingPlans[0].visualElements[13].key", "duration"): Verify element property value successfully

2023-08-20 14:25:50 - [MESSAGE][PASSED] - Verify element property value successfully

2023-08-20 14:25:50 - [TEST_STEP][PASSED] - verifyElementPropertyValue(getResponse, "deals[2].groups[0].pricingPlans[0].visualElements[13].value", "شهرياً"): Verify element property value successfully

2023-08-20 14:25:50 - [MESSAGE][PASSED] - Verify element property value successfully

2023-08-20 14:25:50 - [TEST_STEP][PASSED] - verifyElementPropertyValue(getResponse, "deals[2].groups[0].pricingPlans[0].visualElements[17].key", "CC_logo"): Verify element property value successfully

2023-08-20 14:25:50 - [MESSAGE][PASSED] - Verify element property value successfully

2023-08-20 14:25:50 - [TEST_STEP][PASSED] - verifyElementPropertyValue(getResponse, "deals[2].groups[0].pricingPlans[0].visualElements[17].value[0]", "visa"): Verify element property value successfully

2023-08-20 14:25:50 - [MESSAGE][PASSED] - Verify element property value successfully

2023-08-20 14:25:50 - [TEST_STEP][PASSED] - verifyElementPropertyValue(getResponse, "deals[2].groups[0].pricingPlans[0].visualElements[17].value[1]", "master"): Verify element property value successfully

2023-08-20 14:25:50 - [MESSAGE][PASSED] - Verify element property value successfully

2023-08-20 14:25:50 - [TEST_STEP][PASSED] - verifyElementPropertyValue(getResponse, "deals[2].groups[0].pricingPlans[0].visualElements[18].key", "summary_text_1"): Verify element property value successfully

2023-08-20 14:25:50 - [MESSAGE][PASSED] - Verify element property value successfully

2023-08-20 14:25:50 - [TEST_STEP][FAILED] - verifyElementPropertyValue(getResponse, "deals[2].groups[0].pricingPlans[0].visualElements[18].value", "شاهد VIP - وجهتك الأمثل للترفيه اشترك الآن !! الرسوم الشهرية ٣٤.٩٩ ريال سعودي (شاملاً ضريبة القيمة المضافة)"): Expected element property value 'شاهد VIP - وجهتك الأمثل للترفيه اشترك الآن !! الرسوم الشهرية ٣٤.٩٩ ريال سعودي (شاملاً ضريبة القيمة المضافة)' is not equal with actual property value 'شاهد VIP - وجهتك الأمثل للترفيه اشترك الآن !! الرسوم الشهرية 39.99 ريال سعودي (شاملاً ضريبة القيمة المضافة)'

2023-08-20 14:25:50 - [MESSAGE][FAILED] - Expected element property value 'شاهد VIP - وجهتك الأمثل للترفيه اشترك الآن !! الرسوم الشهرية ٣٤.٩٩ ريال سعودي (شاملاً ضريبة القيمة المضافة)' is not equal with actual property value 'شاهد VIP - وجهتك الأمثل للترفيه اشترك الآن !! الرسوم الشهرية 39.99 ريال سعودي (شاملاً ضريبة القيمة المضافة)'

2023-08-20 14:25:50 - [TEST_STEP][PASSED] - verifyElementPropertyValue(getResponse, "deals[2].groups[0].pricingPlans[0].pricingPlanData[0].pricingPlanId", "TPay_Zain_SA"): Verify element property value successfully

2023-08-20 14:25:50 - [MESSAGE][PASSED] - Verify element property value successfully

2023-08-20 14:25:50 - [TEST_STEP][PASSED] - verifyElementPropertyValue(getResponse, "deals[2].groups[0].pricingPlans[0].pricingPlanData[0].productId", "KSA_B2C_SHAHID_VIP_1M"): Verify element property value successfully

2023-08-20 14:25:50 - [MESSAGE][PASSED] - Verify element property value successfully

2023-08-20 14:25:50 - [TEST_STEP][PASSED] - verifyElementPropertyValue(getResponse, "deals[2].groups[0].pricingPlans[0].pricingPlanData[0].subPricingPlanIds[0]", "42004"): Verify element property value successfully

2023-08-20 14:25:50 - [MESSAGE][PASSED] - Verify element property value successfully

2023-08-20 14:25:50 - [TEST_STEP][PASSED] - verifyElementPropertyValue(getResponse, "deals[2].groups[0].pricingPlans[0].pricingPlanData[0].paymentMethod", "MOBILE_PAY"): Verify element property value successfully

2023-08-20 14:25:50 - [MESSAGE][PASSED] - Verify element property value successfully

2023-08-20 14:25:50 - [TEST_STEP][PASSED] - verifyElementPropertyValue(getResponse, "deals[2].groups[0].pricingPlans[0].pricingPlanData[0].priceLabel", "39.99"): Verify element property value successfully

2023-08-20 14:25:50 - [MESSAGE][PASSED] - Verify element property value successfully

2023-08-20 14:25:50 - [TEST_STEP][PASSED] - verifyElementPropertyValue(getResponse, "deals[2].groups[0].pricingPlans[0].pricingPlanData[0].currencyLabel", "SAR"): Verify element property value successfully

2023-08-20 14:25:50 - [MESSAGE][PASSED] - Verify element property value successfully

2023-08-20 14:25:50 - [TEST_STEP][PASSED] - verifyElementPropertyValue(getResponse, "deals[2].groups[0].pricingPlans[0].pricingPlanData[0].dealId", "ZAIN-KSA-LP-ALLUSER"): Verify element property value successfully

2023-08-20 14:25:50 - [MESSAGE][PASSED] - Verify element property value successfully

2023-08-20 14:25:50 - [TEST_STEP][PASSED] - verifyElementPropertyValue(getResponse, "deals[2].groups[0].pricingPlans[0].pricingPlanData[0].showForAnonymous", "true"): Verify element property value successfully

2023-08-20 14:25:50 - [MESSAGE][PASSED] - Verify element property value successfully

2023-08-20 14:25:50 - [TEST_STEP][PASSED] - verifyElementPropertyValue(getResponse, "deals[2].specialOfferLandingPage.visualElements[0].key", "pop_up_tab_title"): Verify element property value successfully

2023-08-20 14:25:50 - [MESSAGE][PASSED] - Verify element property value successfully

2023-08-20 14:25:50 - [TEST_STEP][PASSED] - verifyElementPropertyValue(getResponse, "deals[2].specialOfferLandingPage.visualElements[0].value[0]", " الشروط والأحكام"): Verify element property value successfully

2023-08-20 14:25:50 - [MESSAGE][PASSED] - Verify element property value successfully

2023-08-20 14:25:50 - [TEST_STEP][PASSED] - verifyElementPropertyValue(getResponse, "deals[2].specialOfferLandingPage.visualElements[1].key", "pop_up_tab_content"): Verify element property value successfully

2023-08-20 14:25:50 - [MESSAGE][PASSED] - Verify element property value successfully

2023-08-20 14:25:50 - [TEST_STEP][FAILED] - verifyElementPropertyValue(getResponse, "deals[2].specialOfferLandingPage.visualElements[1].value[0]", "<ul> <li> سيتم تجديد الخدمة تلقائيًا. </li> <li> الرسوم الشهرية ٣٤.٩٩ ريال سعودي (شاملاً ضريبة القيمة المضافة) </li> <li> للاستفسارات تواصل معنا على care@shahid.net. </li>"): Expected element property value '<ul> <li> سيتم تجديد الخدمة تلقائيًا. </li> <li> الرسوم الشهرية ٣٤.٩٩ ريال سعودي (شاملاً ضريبة القيمة المضافة) </li> <li> للاستفسارات تواصل معنا على care@shahid.net. </li>' is not equal with actual property value '<ul> <li> سيتم تجديد الخدمة تلقائيًا. </li> <li> الرسوم الشهرية ٣٤.٩٩ ريال سعودي (شاملاً ضريبة القيمة المضافة) </li> <li> للاستفسارات تواصل معنا على care@shahid.net. </li> </ul>'

2023-08-20 14:25:50 - [MESSAGE][FAILED] - Expected element property value '<ul> <li> سيتم تجديد الخدمة تلقائيًا. </li> <li> الرسوم الشهرية ٣٤.٩٩ ريال سعودي (شاملاً ضريبة القيمة المضافة) </li> <li> للاستفسارات تواصل معنا على care@shahid.net. </li>' is not equal with actual property value '<ul> <li> سيتم تجديد الخدمة تلقائيًا. </li> <li> الرسوم الشهرية ٣٤.٩٩ ريال سعودي (شاملاً ضريبة القيمة المضافة) </li> <li> للاستفسارات تواصل معنا على care@shahid.net. </li> </ul>'

2023-08-20 14:25:50 - [TEST_STEP][PASSED] - verifyElementPropertyValue(getResponse, "deals[2].specialOfferLandingPage.visualElements[2].key", "partner_logo"): Verify element property value successfully

2023-08-20 14:25:50 - [MESSAGE][PASSED] - Verify element property value successfully

2023-08-20 14:25:50 - [TEST_STEP][PASSED] - verifyElementPropertyValue(getResponse, "deals[2].specialOfferLandingPage.visualElements[2].value", "https://shahid-static.s3.us-east-1.amazonaws.com/shahid-subscription-config/ZainKSALogo.png"): Verify element property value successfully

2023-08-20 14:25:50 - [MESSAGE][PASSED] - Verify element property value successfully

2023-08-20 14:25:50 - [TEST_STEP][PASSED] - verifyElementPropertyValue(getResponse, "deals[2].specialOfferLandingPage.visualElements[4].key", "partner_name"): Verify element property value successfully

2023-08-20 14:25:50 - [MESSAGE][PASSED] - Verify element property value successfully

2023-08-20 14:25:50 - [TEST_STEP][PASSED] - verifyElementPropertyValue(getResponse, "deals[2].specialOfferLandingPage.visualElements[4].value", "ZAIN"): Verify element property value successfully

2023-08-20 14:25:50 - [MESSAGE][PASSED] - Verify element property value successfully

2023-08-20 14:25:50 - [TEST_STEP][PASSED] - verifyElementPropertyValue(getResponse, "deals[2].specialOfferLandingPage.visualElements[6].key", "continue_cta"): Verify element property value successfully

2023-08-20 14:25:50 - [MESSAGE][PASSED] - Verify element property value successfully

2023-08-20 14:25:50 - [TEST_STEP][PASSED] - verifyElementPropertyValue(getResponse, "deals[2].specialOfferLandingPage.visualElements[6].value", "جرب شاهد VIP "): Verify element property value successfully

2023-08-20 14:25:50 - [MESSAGE][PASSED] - Verify element property value successfully

2023-08-20 14:25:50 - [TEST_STEP][PASSED] - verifyElementPropertyValue(getResponse, "deals[2].specialOfferLandingPage.visualElements[7].key", "guideline_cta"): Verify element property value successfully

2023-08-20 14:25:50 - [MESSAGE][PASSED] - Verify element property value successfully

2023-08-20 14:25:50 - [TEST_STEP][PASSED] - verifyElementPropertyValue(getResponse, "deals[2].specialOfferLandingPage.visualElements[7].value[0]", "تطبق الشروط والأحكام"): Verify element property value successfully

2023-08-20 14:25:50 - [MESSAGE][PASSED] - Verify element property value successfully

2023-08-20 14:25:50 - [TEST_STEP][PASSED] - verifyElementPropertyValue(getResponse, "deals[2].specialOfferLandingPage.cards[0].title", "باقة اسبوعية"): Verify element property value successfully

2023-08-20 14:25:50 - [MESSAGE][PASSED] - Verify element property value successfully

2023-08-20 14:25:50 - [TEST_STEP][PASSED] - verifyElementPropertyValue(getResponse, "deals[2].specialOfferLandingPage.cards[0].image", "https://shahid-static.s3.amazonaws.com/shahid-subscription-config/LP/2022VIPLP.jpg"): Verify element property value successfully

2023-08-20 14:25:50 - [MESSAGE][PASSED] - Verify element property value successfully

2023-08-20 14:25:50 - [TEST_STEP][PASSED] - verifyElementPropertyValue(getResponse, "visualElements[0].key", "main_CTA_text_1"): Verify element property value successfully

2023-08-20 14:25:50 - [MESSAGE][PASSED] - Verify element property value successfully

2023-08-20 14:25:50 - [TEST_STEP][PASSED] - verifyElementPropertyValue(getResponse, "visualElements[0].value", "شاهد أقوى المسلسلات و الأفلام حصرياً دون توقف"): Verify element property value successfully

2023-08-20 14:25:50 - [MESSAGE][PASSED] - Verify element property value successfully

2023-08-20 14:25:50 - [TEST_STEP][PASSED] - verifyElementPropertyValue(getResponse, "visualElements[2].key", "main_disclaimer_text"): Verify element property value successfully

2023-08-20 14:25:50 - [MESSAGE][PASSED] - Verify element property value successfully

2023-08-20 14:25:50 - [TEST_STEP][PASSED] - verifyElementPropertyValue(getResponse, "visualElements[2].value", "رسوم الاشتراك قد تختلف بناءً على البلد أو طريقة الدفع أو باقة الاشتراك أو الضريبة المضافة أو معامل تحويل العملات والرسوم البنكية. تطبّق الشروط والأحكام."): Verify element property value successfully

2023-08-20 14:25:50 - [MESSAGE][PASSED] - Verify element property value successfully

2023-08-20 14:25:50 - [TEST_STEP][PASSED] - verifyElementPropertyValue(getResponse, "visualElements[4].key", "display_type"): Verify element property value successfully

2023-08-20 14:25:50 - [MESSAGE][PASSED] - Verify element property value successfully

2023-08-20 14:25:50 - [TEST_STEP][PASSED] - verifyElementPropertyValue(getResponse, "visualElements[4].value", "vertical"): Verify element property value successfully

2023-08-20 14:25:50 - [MESSAGE][PASSED] - Verify element property value successfully

2023-08-20 14:25:50 - [TEST_STEP][PASSED] - verifyElementPropertyValue(getResponse, "pages[0].visualElements[0].key", "alternative_payment_title"): Verify element property value successfully

2023-08-20 14:25:50 - [MESSAGE][PASSED] - Verify element property value successfully

2023-08-20 14:25:50 - [TEST_STEP][PASSED] - verifyElementPropertyValue(getResponse, "pages[0].visualElements[0].value", "أو قم باختيار إحدى الطرق البديلة التالية"): Verify element property value successfully

2023-08-20 14:25:50 - [MESSAGE][PASSED] - Verify element property value successfully

2023-08-20 14:25:50 - [TEST_STEP][PASSED] - verifyElementPropertyValue(getResponse, "pages[0].visualElements[1].key", "label_text"): Verify element property value successfully

2023-08-20 14:25:50 - [MESSAGE][PASSED] - Verify element property value successfully

2023-08-20 14:25:50 - [TEST_STEP][PASSED] - verifyElementPropertyValue(getResponse, "pages[0].visualElements[1].value", "طرق الدفع الأخرى"): Verify element property value successfully

2023-08-20 14:25:50 - [MESSAGE][PASSED] - Verify element property value successfully

2023-08-20 14:25:50 - [TEST_STEP][PASSED] - verifyElementPropertyValue(getResponse, "pages[0].visualElements[3].key", "CTA_text"): Verify element property value successfully

2023-08-20 14:25:50 - [MESSAGE][PASSED] - Verify element property value successfully

2023-08-20 14:25:50 - [TEST_STEP][PASSED] - verifyElementPropertyValue(getResponse, "pages[0].visualElements[3].value", "اضغط هنا"): Verify element property value successfully

2023-08-20 14:25:50 - [MESSAGE][PASSED] - Verify element property value successfully

2023-08-20 14:25:50 - [TEST_STEP][PASSED] - verifyElementPropertyValue(getResponse, "pages[0].visualElements[4].key", "main_title"): Verify element property value successfully

2023-08-20 14:25:50 - [MESSAGE][PASSED] - Verify element property value successfully

2023-08-20 14:25:50 - [TEST_STEP][PASSED] - verifyElementPropertyValue(getResponse, "pages[0].visualElements[4].value", "طرق الدفع الأخرى"): Verify element property value successfully

2023-08-20 14:25:50 - [MESSAGE][PASSED] - Verify element property value successfully

2023-08-20 14:25:50 - [TEST_STEP][PASSED] - verifyElementPropertyValue(getResponse, "pages[0].visualElements[6].key", "alternative_payment_methods"): Verify element property value successfully

2023-08-20 14:25:50 - [MESSAGE][PASSED] - Verify element property value successfully

2023-08-20 14:25:50 - [TEST_STEP][PASSED] - verifyElementPropertyValue(getResponse, "pages[0].visualElements[6].value", "يمكنك شراء قسيمة شاهد التسويقية من أي من بائعي التجزئة التاليين"): Verify element property value successfully

2023-08-20 14:25:50 - [MESSAGE][PASSED] - Verify element property value successfully

2023-08-20 14:25:50 - [TEST_STEP][PASSED] - verifyElementPropertyValue(getResponse, "defaultPackageId", "SHAHID_VIP"): Verify element property value successfully

2023-08-20 14:25:50 - [MESSAGE][PASSED] - Verify element property value successfully]]></system-out>
         <system-err><![CDATA[2023-08-20 14:25:47 - [TEST_CASE][FAILED] - Test Cases/WEB - SAFARI/SAU PI/WEB_AR_getSubscriptionConfigForSAU_VIP: Test Cases/WEB - SAFARI/SAU PI/WEB_AR_getSubscriptionConfigForSAU_VIP FAILED.
Reason:
com.kms.katalon.core.exception.StepFailedException: Expected element property value 'شاهد VIP - وجهتك الأمثل للترفيه اشترك الآن !! الرسوم الشهرية ٣٤.٩٩ ريال سعودي (شاملاً ضريبة القيمة المضافة)' is not equal with actual property value 'شاهد VIP - وجهتك الأمثل للترفيه اشترك الآن !! الرسوم الشهرية 39.99 ريال سعودي (شاملاً ضريبة القيمة المضافة)'
	at com.kms.katalon.core.keyword.internal.KeywordMain.stepFailed(KeywordMain.groovy:39)
	at com.kms.katalon.core.webservice.keyword.builtin.VerifyElementPropertyValueKeyword$_verifyElementPropertyValue_closure1.doCall(VerifyElementPropertyValueKeyword.groovy:56)
	at com.kms.katalon.core.webservice.keyword.builtin.VerifyElementPropertyValueKeyword$_verifyElementPropertyValue_closure1.call(VerifyElementPropertyValueKeyword.groovy)
	at com.kms.katalon.core.keyword.internal.KeywordMain.runKeyword(KeywordMain.groovy:74)
	at com.kms.katalon.core.webservice.keyword.builtin.VerifyElementPropertyValueKeyword.verifyElementPropertyValue(VerifyElementPropertyValueKeyword.groovy:48)
	at com.kms.katalon.core.webservice.keyword.builtin.VerifyElementPropertyValueKeyword.execute(VerifyElementPropertyValueKeyword.groovy:43)
	at com.kms.katalon.core.keyword.internal.KeywordExecutor.executeKeywordForPlatform(KeywordExecutor.groovy:74)
	at com.kms.katalon.core.webservice.keyword.WSBuiltInKeywords.verifyElementPropertyValue(WSBuiltInKeywords.groovy:190)
	at com.kms.katalon.core.webservice.keyword.WSBuiltInKeywords$verifyElementPropertyValue$1.call(Unknown Source)
	at WEB_AR_getSubscriptionConfigForSAU_VIP.run(WEB_AR_getSubscriptionConfigForSAU_VIP:345)
	at com.kms.katalon.core.main.ScriptEngine.run(ScriptEngine.java:194)
	at com.kms.katalon.core.main.ScriptEngine.runScriptAsRawText(ScriptEngine.java:119)
	at com.kms.katalon.core.main.TestCaseExecutor.runScript(TestCaseExecutor.java:448)
	at com.kms.katalon.core.main.TestCaseExecutor.doExecute(TestCaseExecutor.java:439)
	at com.kms.katalon.core.main.TestCaseExecutor.processExecutionPhase(TestCaseExecutor.java:418)
	at com.kms.katalon.core.main.TestCaseExecutor.accessMainPhase(TestCaseExecutor.java:410)
	at com.kms.katalon.core.main.TestCaseExecutor.execute(TestCaseExecutor.java:285)
	at com.kms.katalon.core.common.CommonExecutor.accessTestCaseMainPhase(CommonExecutor.java:65)
	at com.kms.katalon.core.main.TestSuiteExecutor.accessTestSuiteMainPhase(TestSuiteExecutor.java:151)
	at com.kms.katalon.core.main.TestSuiteExecutor.execute(TestSuiteExecutor.java:106)
	at com.kms.katalon.core.main.TestCaseMain.startTestSuite(TestCaseMain.java:185)
	at com.kms.katalon.core.main.TestCaseMain$startTestSuite$0.call(Unknown Source)
	at TempTestSuite1692530449060.run(TempTestSuite1692530449060.groovy:36)]]></system-err>
      </testcase>
      <testcase name="Test Cases/WEB - SAFARI/SAU PI/WEB_EN_getSubscriptionConfigForSAU_VIP" time="5.459" classname="Test Cases/WEB - SAFARI/SAU PI/WEB_EN_getSubscriptionConfigForSAU_VIP" status="FAILED">
         <failure type="FAILED" message="Test Cases/WEB - SAFARI/SAU PI/WEB_EN_getSubscriptionConfigForSAU_VIP FAILED.
Reason:
com.kms.katalon.core.exception.StepFailedException: Expected element property value 'Other Payment Methods' is not equal with actual property value 'Other payment methods'
	at com.kms.katalon.core.keyword.internal.KeywordMain.stepFailed(KeywordMain.groovy:39)
	at com.kms.katalon.core.webservice.keyword.builtin.VerifyElementPropertyValueKeyword$_verifyElementPropertyValue_closure1.doCall(VerifyElementPropertyValueKeyword.groovy:56)
	at com.kms.katalon.core.webservice.keyword.builtin.VerifyElementPropertyValueKeyword$_verifyElementPropertyValue_closure1.call(VerifyElementPropertyValueKeyword.groovy)
	at com.kms.katalon.core.keyword.internal.KeywordMain.runKeyword(KeywordMain.groovy:74)
	at com.kms.katalon.core.webservice.keyword.builtin.VerifyElementPropertyValueKeyword.verifyElementPropertyValue(VerifyElementPropertyValueKeyword.groovy:48)
	at com.kms.katalon.core.webservice.keyword.builtin.VerifyElementPropertyValueKeyword.execute(VerifyElementPropertyValueKeyword.groovy:43)
	at com.kms.katalon.core.keyword.internal.KeywordExecutor.executeKeywordForPlatform(KeywordExecutor.groovy:74)
	at com.kms.katalon.core.webservice.keyword.WSBuiltInKeywords.verifyElementPropertyValue(WSBuiltInKeywords.groovy:190)
	at com.kms.katalon.core.webservice.keyword.WSBuiltInKeywords$verifyElementPropertyValue$1.call(Unknown Source)
	at WEB_EN_getSubscriptionConfigForSAU_VIP.run(WEB_EN_getSubscriptionConfigForSAU_VIP:382)
	at com.kms.katalon.core.main.ScriptEngine.run(ScriptEngine.java:194)
	at com.kms.katalon.core.main.ScriptEngine.runScriptAsRawText(ScriptEngine.java:119)
	at com.kms.katalon.core.main.TestCaseExecutor.runScript(TestCaseExecutor.java:448)
	at com.kms.katalon.core.main.TestCaseExecutor.doExecute(TestCaseExecutor.java:439)
	at com.kms.katalon.core.main.TestCaseExecutor.processExecutionPhase(TestCaseExecutor.java:418)
	at com.kms.katalon.core.main.TestCaseExecutor.accessMainPhase(TestCaseExecutor.java:410)
	at com.kms.katalon.core.main.TestCaseExecutor.execute(TestCaseExecutor.java:285)
	at com.kms.katalon.core.common.CommonExecutor.accessTestCaseMainPhase(CommonExecutor.java:65)
	at com.kms.katalon.core.main.TestSuiteExecutor.accessTestSuiteMainPhase(TestSuiteExecutor.java:151)
	at com.kms.katalon.core.main.TestSuiteExecutor.execute(TestSuiteExecutor.java:106)
	at com.kms.katalon.core.main.TestCaseMain.startTestSuite(TestCaseMain.java:185)
	at com.kms.katalon.core.main.TestCaseMain$startTestSuite$0.call(Unknown Source)
	at TempTestSuite1692530449060.run(TempTestSuite1692530449060.groovy:36)
"/>
         <system-out><![CDATA[2023-08-20 14:25:52 - [TEST_CASE][FAILED] - Test Cases/WEB - SAFARI/SAU PI/WEB_EN_getSubscriptionConfigForSAU_VIP: Test Cases/WEB - SAFARI/SAU PI/WEB_EN_getSubscriptionConfigForSAU_VIP FAILED.
Reason:
com.kms.katalon.core.exception.StepFailedException: Expected element property value 'Other Payment Methods' is not equal with actual property value 'Other payment methods'
	at com.kms.katalon.core.keyword.internal.KeywordMain.stepFailed(KeywordMain.groovy:39)
	at com.kms.katalon.core.webservice.keyword.builtin.VerifyElementPropertyValueKeyword$_verifyElementPropertyValue_closure1.doCall(VerifyElementPropertyValueKeyword.groovy:56)
	at com.kms.katalon.core.webservice.keyword.builtin.VerifyElementPropertyValueKeyword$_verifyElementPropertyValue_closure1.call(VerifyElementPropertyValueKeyword.groovy)
	at com.kms.katalon.core.keyword.internal.KeywordMain.runKeyword(KeywordMain.groovy:74)
	at com.kms.katalon.core.webservice.keyword.builtin.VerifyElementPropertyValueKeyword.verifyElementPropertyValue(VerifyElementPropertyValueKeyword.groovy:48)
	at com.kms.katalon.core.webservice.keyword.builtin.VerifyElementPropertyValueKeyword.execute(VerifyElementPropertyValueKeyword.groovy:43)
	at com.kms.katalon.core.keyword.internal.KeywordExecutor.executeKeywordForPlatform(KeywordExecutor.groovy:74)
	at com.kms.katalon.core.webservice.keyword.WSBuiltInKeywords.verifyElementPropertyValue(WSBuiltInKeywords.groovy:190)
	at com.kms.katalon.core.webservice.keyword.WSBuiltInKeywords$verifyElementPropertyValue$1.call(Unknown Source)
	at WEB_EN_getSubscriptionConfigForSAU_VIP.run(WEB_EN_getSubscriptionConfigForSAU_VIP:382)
	at com.kms.katalon.core.main.ScriptEngine.run(ScriptEngine.java:194)
	at com.kms.katalon.core.main.ScriptEngine.runScriptAsRawText(ScriptEngine.java:119)
	at com.kms.katalon.core.main.TestCaseExecutor.runScript(TestCaseExecutor.java:448)
	at com.kms.katalon.core.main.TestCaseExecutor.doExecute(TestCaseExecutor.java:439)
	at com.kms.katalon.core.main.TestCaseExecutor.processExecutionPhase(TestCaseExecutor.java:418)
	at com.kms.katalon.core.main.TestCaseExecutor.accessMainPhase(TestCaseExecutor.java:410)
	at com.kms.katalon.core.main.TestCaseExecutor.execute(TestCaseExecutor.java:285)
	at com.kms.katalon.core.common.CommonExecutor.accessTestCaseMainPhase(CommonExecutor.java:65)
	at com.kms.katalon.core.main.TestSuiteExecutor.accessTestSuiteMainPhase(TestSuiteExecutor.java:151)
	at com.kms.katalon.core.main.TestSuiteExecutor.execute(TestSuiteExecutor.java:106)
	at com.kms.katalon.core.main.TestCaseMain.startTestSuite(TestCaseMain.java:185)
	at com.kms.katalon.core.main.TestCaseMain$startTestSuite$0.call(Unknown Source)
	at TempTestSuite1692530449060.run(TempTestSuite1692530449060.groovy:36)


2023-08-20 14:25:52 - [TEST_STEP][PASSED] - getResponse = config_files.getConfigFile.getConfig("WEB", "EN", "SHAHID_VIP", "SA", "true"): config_files.getConfigFile.getConfig is PASSED

2023-08-20 14:25:53 - [MESSAGE][INFO] - HAR: /Users/admin/Desktop/KatalonProjects/Shahid-BYG/Reports/20230820_142039/WEB-SAFARI/SAU/20230820_142049/requests/main/7.har

2023-08-20 14:25:53 - [MESSAGE][PASSED] - Send request successfully

2023-08-20 14:25:53 - [MESSAGE][PASSED] - config_files.getConfigFile.getConfig is PASSED

2023-08-20 14:25:53 - [TEST_STEP][PASSED] - verifyResponseStatusCode(getResponse, 200): Verify response status code successfully

2023-08-20 14:25:53 - [MESSAGE][PASSED] - Verify response status code successfully

2023-08-20 14:25:53 - [TEST_STEP][PASSED] - verifyElementPropertyValue(getResponse, "country", "SAU"): Verify element property value successfully

2023-08-20 14:25:53 - [MESSAGE][PASSED] - Verify element property value successfully

2023-08-20 14:25:53 - [TEST_STEP][PASSED] - verifyElementPropertyValue(getResponse, "platform", "[WEB]"): Verify element property value successfully

2023-08-20 14:25:53 - [MESSAGE][PASSED] - Verify element property value successfully

2023-08-20 14:25:53 - [TEST_STEP][PASSED] - verifyElementPropertyValue(getResponse, "groups[0].pricingPlans[0].featured", "true"): Verify element property value successfully

2023-08-20 14:25:53 - [MESSAGE][PASSED] - Verify element property value successfully

2023-08-20 14:25:53 - [TEST_STEP][PASSED] - verifyElementPropertyValue(getResponse, "groups[0].pricingPlans[0].packageId", "SHAHID_VIP"): Verify element property value successfully

2023-08-20 14:25:53 - [MESSAGE][PASSED] - Verify element property value successfully

2023-08-20 14:25:53 - [TEST_STEP][PASSED] - verifyElementPropertyValue(getResponse, "groups[0].pricingPlans[0].catalogId", "VIP"): Verify element property value successfully

2023-08-20 14:25:53 - [MESSAGE][PASSED] - Verify element property value successfully

2023-08-20 14:25:53 - [TEST_STEP][PASSED] - verifyElementPropertyValue(getResponse, "groups[0].pricingPlans[0].visualElements[0].key", "Header_1_text"): Verify element property value successfully

2023-08-20 14:25:53 - [MESSAGE][PASSED] - Verify element property value successfully

2023-08-20 14:25:53 - [TEST_STEP][PASSED] - verifyElementPropertyValue(getResponse, "groups[0].pricingPlans[0].visualElements[0].value", "Watch the most powerful series and movies exclusively without stopping"): Verify element property value successfully

2023-08-20 14:25:53 - [MESSAGE][PASSED] - Verify element property value successfully

2023-08-20 14:25:53 - [TEST_STEP][PASSED] - verifyElementPropertyValue(getResponse, "groups[0].pricingPlans[0].visualElements[1].key", "display_title"): Verify element property value successfully

2023-08-20 14:25:53 - [MESSAGE][PASSED] - Verify element property value successfully

2023-08-20 14:25:53 - [TEST_STEP][PASSED] - verifyElementPropertyValue(getResponse, "groups[0].pricingPlans[0].visualElements[1].value", "Monthly Plan"): Verify element property value successfully

2023-08-20 14:25:53 - [MESSAGE][PASSED] - Verify element property value successfully

2023-08-20 14:25:53 - [TEST_STEP][PASSED] - verifyElementPropertyValue(getResponse, "groups[0].pricingPlans[0].visualElements[2].key", "promo_text"): Verify element property value successfully

2023-08-20 14:25:53 - [MESSAGE][PASSED] - Verify element property value successfully

2023-08-20 14:25:53 - [TEST_STEP][PASSED] - verifyElementPropertyValue(getResponse, "groups[0].pricingPlans[0].visualElements[2].value", "39.99 SAR/ month"): Verify element property value successfully

2023-08-20 14:25:53 - [MESSAGE][PASSED] - Verify element property value successfully

2023-08-20 14:25:53 - [TEST_STEP][PASSED] - verifyElementPropertyValue(getResponse, "groups[0].pricingPlans[0].visualElements[3].key", "deduction_text"): Verify element property value successfully

2023-08-20 14:25:53 - [MESSAGE][PASSED] - Verify element property value successfully

2023-08-20 14:25:53 - [TEST_STEP][PASSED] - verifyElementPropertyValue(getResponse, "groups[0].pricingPlans[0].visualElements[3].value", "billed every month"): Verify element property value successfully

2023-08-20 14:25:53 - [MESSAGE][PASSED] - Verify element property value successfully

2023-08-20 14:25:53 - [TEST_STEP][PASSED] - verifyElementPropertyValue(getResponse, "groups[0].pricingPlans[0].visualElements[6].key", "show_payment_logo"): Verify element property value successfully

2023-08-20 14:25:53 - [MESSAGE][PASSED] - Verify element property value successfully

2023-08-20 14:25:53 - [TEST_STEP][PASSED] - verifyElementPropertyValue(getResponse, "groups[0].pricingPlans[0].visualElements[6].value", "true"): Verify element property value successfully

2023-08-20 14:25:53 - [MESSAGE][PASSED] - Verify element property value successfully

2023-08-20 14:25:53 - [TEST_STEP][PASSED] - verifyElementPropertyValue(getResponse, "groups[0].pricingPlans[0].visualElements[8].key", "price"): Verify element property value successfully

2023-08-20 14:25:53 - [MESSAGE][PASSED] - Verify element property value successfully

2023-08-20 14:25:53 - [TEST_STEP][PASSED] - verifyElementPropertyValue(getResponse, "groups[0].pricingPlans[0].visualElements[8].value", "39.99"): Verify element property value successfully

2023-08-20 14:25:53 - [MESSAGE][PASSED] - Verify element property value successfully

2023-08-20 14:25:53 - [TEST_STEP][PASSED] - verifyElementPropertyValue(getResponse, "groups[0].pricingPlans[0].visualElements[9].key", "currency"): Verify element property value successfully

2023-08-20 14:25:53 - [MESSAGE][PASSED] - Verify element property value successfully

2023-08-20 14:25:53 - [TEST_STEP][PASSED] - verifyElementPropertyValue(getResponse, "groups[0].pricingPlans[0].visualElements[9].value", "SAR"): Verify element property value successfully

2023-08-20 14:25:53 - [MESSAGE][PASSED] - Verify element property value successfully

2023-08-20 14:25:53 - [TEST_STEP][PASSED] - verifyElementPropertyValue(getResponse, "groups[0].pricingPlans[0].visualElements[10].key", "duration"): Verify element property value successfully

2023-08-20 14:25:53 - [MESSAGE][PASSED] - Verify element property value successfully

2023-08-20 14:25:53 - [TEST_STEP][PASSED] - verifyElementPropertyValue(getResponse, "groups[0].pricingPlans[0].visualElements[10].value", "Monthly"): Verify element property value successfully

2023-08-20 14:25:53 - [MESSAGE][PASSED] - Verify element property value successfully

2023-08-20 14:25:53 - [TEST_STEP][PASSED] - verifyElementPropertyValue(getResponse, "groups[0].pricingPlans[0].order", "0"): Verify element property value successfully

2023-08-20 14:25:53 - [MESSAGE][PASSED] - Verify element property value successfully

2023-08-20 14:25:53 - [TEST_STEP][PASSED] - verifyElementPropertyValue(getResponse, "groups[0].pricingPlans[0].period", "monthly"): Verify element property value successfully

2023-08-20 14:25:53 - [MESSAGE][PASSED] - Verify element property value successfully

2023-08-20 14:25:53 - [TEST_STEP][PASSED] - verifyElementPropertyValue(getResponse, "groups[0].pricingPlans[0].price", "39.99"): Verify element property value successfully

2023-08-20 14:25:53 - [MESSAGE][PASSED] - Verify element property value successfully

2023-08-20 14:25:53 - [TEST_STEP][PASSED] - verifyElementPropertyValue(getResponse, "groups[0].pricingPlans[0].currency", "SAR"): Verify element property value successfully

2023-08-20 14:25:53 - [MESSAGE][PASSED] - Verify element property value successfully

2023-08-20 14:25:53 - [TEST_STEP][PASSED] - verifyElementPropertyValue(getResponse, "groups[0].pricingPlans[0].pricingPlanData[0].productId", "KSA_B2C_SHAHID_VIP_1M"): Verify element property value successfully

2023-08-20 14:25:53 - [MESSAGE][PASSED] - Verify element property value successfully

2023-08-20 14:25:53 - [TEST_STEP][PASSED] - verifyElementPropertyValue(getResponse, "groups[0].pricingPlans[0].pricingPlanData[0].subPricingPlanIds", "null"): Verify element property value successfully

2023-08-20 14:25:53 - [MESSAGE][PASSED] - Verify element property value successfully

2023-08-20 14:25:53 - [TEST_STEP][PASSED] - verifyElementPropertyValue(getResponse, "groups[0].pricingPlans[0].pricingPlanData[0].paymentMethod", "CREDIT_CARD"): Verify element property value successfully

2023-08-20 14:25:53 - [MESSAGE][PASSED] - Verify element property value successfully

2023-08-20 14:25:53 - [TEST_STEP][PASSED] - verifyElementPropertyValue(getResponse, "groups[0].pricingPlans[0].pricingPlanData[0].freeTrialEnabled", "false"): Verify element property value successfully

2023-08-20 14:25:53 - [MESSAGE][PASSED] - Verify element property value successfully

2023-08-20 14:25:53 - [TEST_STEP][PASSED] - verifyElementPropertyValue(getResponse, "groups[0].pricingPlans[0].pricingPlanData[0].visualElements[0].key", "title"): Verify element property value successfully

2023-08-20 14:25:53 - [MESSAGE][PASSED] - Verify element property value successfully

2023-08-20 14:25:53 - [TEST_STEP][PASSED] - verifyElementPropertyValue(getResponse, "groups[0].pricingPlans[0].pricingPlanData[0].visualElements[0].value", "Credit/Debit Card"): Verify element property value successfully

2023-08-20 14:25:54 - [MESSAGE][PASSED] - Verify element property value successfully

2023-08-20 14:25:54 - [TEST_STEP][PASSED] - verifyElementPropertyValue(getResponse, "groups[0].pricingPlans[0].pricingPlanData[0].visualElements[1].key", "CTA_text"): Verify element property value successfully

2023-08-20 14:25:54 - [MESSAGE][PASSED] - Verify element property value successfully

2023-08-20 14:25:54 - [TEST_STEP][PASSED] - verifyElementPropertyValue(getResponse, "groups[0].pricingPlans[0].pricingPlanData[0].visualElements[1].value", "Subscribe"): Verify element property value successfully

2023-08-20 14:25:54 - [MESSAGE][PASSED] - Verify element property value successfully

2023-08-20 14:25:54 - [TEST_STEP][PASSED] - verifyElementPropertyValue(getResponse, "groups[0].pricingPlans[0].pricingPlanData[0].visualElements[2].key", "logo"): Verify element property value successfully

2023-08-20 14:25:54 - [MESSAGE][PASSED] - Verify element property value successfully

2023-08-20 14:25:54 - [TEST_STEP][PASSED] - verifyElementPropertyValue(getResponse, "groups[0].pricingPlans[0].pricingPlanData[0].visualElements[2].value", "https://static.s3.shahid.mbc.net/widget-images/icons/iconCreditCard.png"): Verify element property value successfully

2023-08-20 14:25:54 - [MESSAGE][PASSED] - Verify element property value successfully

2023-08-20 14:25:54 - [TEST_STEP][PASSED] - verifyElementPropertyValue(getResponse, "groups[0].pricingPlans[0].pricingPlanData[0].priceLabel", "39.99"): Verify element property value successfully

2023-08-20 14:25:54 - [MESSAGE][PASSED] - Verify element property value successfully

2023-08-20 14:25:54 - [TEST_STEP][PASSED] - verifyElementPropertyValue(getResponse, "groups[0].pricingPlans[0].pricingPlanData[0].currencyLabel", "SAR"): Verify element property value successfully

2023-08-20 14:25:54 - [MESSAGE][PASSED] - Verify element property value successfully

2023-08-20 14:25:54 - [TEST_STEP][PASSED] - verifyElementPropertyValue(getResponse, "groups[0].pricingPlans[0].pricingPlanData[1].productId", "KSA_B2C_SHAHID_VIP_1M"): Verify element property value successfully

2023-08-20 14:25:54 - [MESSAGE][PASSED] - Verify element property value successfully

2023-08-20 14:25:54 - [TEST_STEP][PASSED] - verifyElementPropertyValue(getResponse, "groups[0].pricingPlans[0].pricingPlanData[1].subPricingPlanIds", "null"): Verify element property value successfully

2023-08-20 14:25:54 - [MESSAGE][PASSED] - Verify element property value successfully

2023-08-20 14:25:54 - [TEST_STEP][PASSED] - verifyElementPropertyValue(getResponse, "groups[0].pricingPlans[0].pricingPlanData[1].paymentMethod", "APPLE_PAY"): Verify element property value successfully

2023-08-20 14:25:54 - [MESSAGE][PASSED] - Verify element property value successfully

2023-08-20 14:25:54 - [TEST_STEP][PASSED] - verifyElementPropertyValue(getResponse, "groups[0].pricingPlans[0].pricingPlanData[1].freeTrialEnabled", "false"): Verify element property value successfully

2023-08-20 14:25:54 - [MESSAGE][PASSED] - Verify element property value successfully

2023-08-20 14:25:54 - [TEST_STEP][PASSED] - verifyElementPropertyValue(getResponse, "groups[0].pricingPlans[0].pricingPlanData[1].visualElements[0].key", "title"): Verify element property value successfully

2023-08-20 14:25:54 - [MESSAGE][PASSED] - Verify element property value successfully

2023-08-20 14:25:54 - [TEST_STEP][PASSED] - verifyElementPropertyValue(getResponse, "groups[0].pricingPlans[0].pricingPlanData[1].visualElements[0].value", "Apple Pay"): Verify element property value successfully

2023-08-20 14:25:54 - [MESSAGE][PASSED] - Verify element property value successfully

2023-08-20 14:25:54 - [TEST_STEP][PASSED] - verifyElementPropertyValue(getResponse, "groups[0].pricingPlans[0].pricingPlanData[1].visualElements[1].key", "CTA_text"): Verify element property value successfully

2023-08-20 14:25:54 - [MESSAGE][PASSED] - Verify element property value successfully

2023-08-20 14:25:54 - [TEST_STEP][PASSED] - verifyElementPropertyValue(getResponse, "groups[0].pricingPlans[0].pricingPlanData[1].visualElements[1].value", "Subscribe"): Verify element property value successfully

2023-08-20 14:25:54 - [MESSAGE][PASSED] - Verify element property value successfully

2023-08-20 14:25:54 - [TEST_STEP][PASSED] - verifyElementPropertyValue(getResponse, "groups[0].pricingPlans[0].pricingPlanData[1].visualElements[2].key", "logo"): Verify element property value successfully

2023-08-20 14:25:54 - [MESSAGE][PASSED] - Verify element property value successfully

2023-08-20 14:25:54 - [TEST_STEP][PASSED] - verifyElementPropertyValue(getResponse, "groups[0].pricingPlans[0].pricingPlanData[1].visualElements[2].value", "https://static.s3.shahid.mbc.net/widget-images/icons/ApplePay_PlanSelectionIcon.svg"): Verify element property value successfully

2023-08-20 14:25:54 - [MESSAGE][PASSED] - Verify element property value successfully

2023-08-20 14:25:54 - [TEST_STEP][PASSED] - verifyElementPropertyValue(getResponse, "groups[0].pricingPlans[0].pricingPlanData[1].priceLabel", "39.99"): Verify element property value successfully

2023-08-20 14:25:54 - [MESSAGE][PASSED] - Verify element property value successfully

2023-08-20 14:25:54 - [TEST_STEP][PASSED] - verifyElementPropertyValue(getResponse, "groups[0].pricingPlans[0].pricingPlanData[1].currencyLabel", "SAR"): Verify element property value successfully

2023-08-20 14:25:54 - [MESSAGE][PASSED] - Verify element property value successfully

2023-08-20 14:25:54 - [TEST_STEP][PASSED] - verifyElementPropertyValue(getResponse, "groups[0].pricingPlans[0].pricingPlanData[2].pricingPlanId", "TPay_Zain_SA"): Verify element property value successfully

2023-08-20 14:25:54 - [MESSAGE][PASSED] - Verify element property value successfully

2023-08-20 14:25:54 - [TEST_STEP][PASSED] - verifyElementPropertyValue(getResponse, "groups[0].pricingPlans[0].pricingPlanData[2].productId", "KSA_B2C_SHAHID_VIP_1M"): Verify element property value successfully

2023-08-20 14:25:54 - [MESSAGE][PASSED] - Verify element property value successfully

2023-08-20 14:25:54 - [TEST_STEP][PASSED] - verifyElementPropertyValue(getResponse, "groups[0].pricingPlans[0].pricingPlanData[2].subPricingPlanIds[0]", "42004"): Verify element property value successfully

2023-08-20 14:25:54 - [MESSAGE][PASSED] - Verify element property value successfully

2023-08-20 14:25:54 - [TEST_STEP][PASSED] - verifyElementPropertyValue(getResponse, "groups[0].pricingPlans[0].pricingPlanData[2].paymentMethod", "MOBILE_PAY"): Verify element property value successfully

2023-08-20 14:25:54 - [MESSAGE][PASSED] - Verify element property value successfully

2023-08-20 14:25:54 - [TEST_STEP][PASSED] - verifyElementPropertyValue(getResponse, "groups[0].pricingPlans[0].pricingPlanData[2].freeTrialEnabled", "false"): Verify element property value successfully

2023-08-20 14:25:54 - [MESSAGE][PASSED] - Verify element property value successfully

2023-08-20 14:25:54 - [TEST_STEP][PASSED] - verifyElementPropertyValue(getResponse, "groups[0].pricingPlans[0].pricingPlanData[2].showIn[0]", "VERTICAL_MODE"): Verify element property value successfully

2023-08-20 14:25:54 - [MESSAGE][PASSED] - Verify element property value successfully

2023-08-20 14:25:54 - [TEST_STEP][PASSED] - verifyElementPropertyValue(getResponse, "groups[0].pricingPlans[0].pricingPlanData[2].showIn[1]", "HORIZONTAL_MODE"): Verify element property value successfully

2023-08-20 14:25:54 - [MESSAGE][PASSED] - Verify element property value successfully

2023-08-20 14:25:54 - [TEST_STEP][PASSED] - verifyElementPropertyValue(getResponse, "groups[0].pricingPlans[0].pricingPlanData[2].visualElements[0].key", "payment_option_group"): Verify element property value successfully

2023-08-20 14:25:54 - [MESSAGE][PASSED] - Verify element property value successfully

2023-08-20 14:25:54 - [TEST_STEP][PASSED] - verifyElementPropertyValue(getResponse, "groups[0].pricingPlans[0].pricingPlanData[2].visualElements[0].value", "true"): Verify element property value successfully

2023-08-20 14:25:54 - [MESSAGE][PASSED] - Verify element property value successfully

2023-08-20 14:25:54 - [TEST_STEP][PASSED] - verifyElementPropertyValue(getResponse, "groups[0].pricingPlans[0].pricingPlanData[2].visualElements[1].key", "title"): Verify element property value successfully

2023-08-20 14:25:54 - [MESSAGE][PASSED] - Verify element property value successfully

2023-08-20 14:25:54 - [TEST_STEP][PASSED] - verifyElementPropertyValue(getResponse, "groups[0].pricingPlans[0].pricingPlanData[2].visualElements[1].value", "Mobile Payment"): Verify element property value successfully

2023-08-20 14:25:54 - [MESSAGE][PASSED] - Verify element property value successfully

2023-08-20 14:25:54 - [TEST_STEP][PASSED] - verifyElementPropertyValue(getResponse, "groups[0].pricingPlans[0].pricingPlanData[2].visualElements[2].key", "CTA_text"): Verify element property value successfully

2023-08-20 14:25:54 - [MESSAGE][PASSED] - Verify element property value successfully

2023-08-20 14:25:54 - [TEST_STEP][PASSED] - verifyElementPropertyValue(getResponse, "groups[0].pricingPlans[0].pricingPlanData[2].visualElements[2].value", "Subscribe"): Verify element property value successfully

2023-08-20 14:25:54 - [MESSAGE][PASSED] - Verify element property value successfully

2023-08-20 14:25:54 - [TEST_STEP][PASSED] - verifyElementPropertyValue(getResponse, "groups[0].pricingPlans[0].pricingPlanData[2].visualElements[3].key", "logo"): Verify element property value successfully

2023-08-20 14:25:54 - [MESSAGE][PASSED] - Verify element property value successfully

2023-08-20 14:25:54 - [TEST_STEP][PASSED] - verifyElementPropertyValue(getResponse, "groups[0].pricingPlans[0].pricingPlanData[2].visualElements[3].value", "https://static.s3.shahid.mbc.net/widget-images/icons/iconMobile.png"): Verify element property value successfully

2023-08-20 14:25:54 - [MESSAGE][PASSED] - Verify element property value successfully

2023-08-20 14:25:54 - [TEST_STEP][PASSED] - verifyElementPropertyValue(getResponse, "groups[0].pricingPlans[0].pricingPlanData[2].priceLabel", "39.99"): Verify element property value successfully

2023-08-20 14:25:54 - [MESSAGE][PASSED] - Verify element property value successfully

2023-08-20 14:25:54 - [TEST_STEP][PASSED] - verifyElementPropertyValue(getResponse, "groups[0].pricingPlans[0].pricingPlanData[2].currencyLabel", "SAR"): Verify element property value successfully

2023-08-20 14:25:54 - [MESSAGE][PASSED] - Verify element property value successfully

2023-08-20 14:25:54 - [TEST_STEP][PASSED] - verifyElementPropertyValue(getResponse, "groups[0].pricingPlans[0].pricingPlanData[2].allowedForAcquisition", "true"): Verify element property value successfully

2023-08-20 14:25:54 - [MESSAGE][PASSED] - Verify element property value successfully

2023-08-20 14:25:54 - [TEST_STEP][PASSED] - verifyElementPropertyValue(getResponse, "groups[0].pricingPlans[0].pricingPlanData[3].pricingPlanId", "TPay_Mobily_SA"): Verify element property value successfully

2023-08-20 14:25:54 - [MESSAGE][PASSED] - Verify element property value successfully

2023-08-20 14:25:54 - [TEST_STEP][PASSED] - verifyElementPropertyValue(getResponse, "groups[0].pricingPlans[0].pricingPlanData[3].productId", "KSA_B2C_SHAHID_VIP_1M"): Verify element property value successfully

2023-08-20 14:25:54 - [MESSAGE][PASSED] - Verify element property value successfully

2023-08-20 14:25:54 - [TEST_STEP][PASSED] - verifyElementPropertyValue(getResponse, "groups[0].pricingPlans[0].pricingPlanData[3].subPricingPlanIds[0]", "42003"): Verify element property value successfully

2023-08-20 14:25:54 - [MESSAGE][PASSED] - Verify element property value successfully

2023-08-20 14:25:54 - [TEST_STEP][PASSED] - verifyElementPropertyValue(getResponse, "groups[0].pricingPlans[0].pricingPlanData[3].paymentMethod", "MOBILE_PAY"): Verify element property value successfully

2023-08-20 14:25:54 - [MESSAGE][PASSED] - Verify element property value successfully

2023-08-20 14:25:54 - [TEST_STEP][PASSED] - verifyElementPropertyValue(getResponse, "groups[0].pricingPlans[0].pricingPlanData[3].freeTrialEnabled", "false"): Verify element property value successfully

2023-08-20 14:25:54 - [MESSAGE][PASSED] - Verify element property value successfully

2023-08-20 14:25:54 - [TEST_STEP][PASSED] - verifyElementPropertyValue(getResponse, "groups[0].pricingPlans[0].pricingPlanData[3].priceLabel", "39.99"): Verify element property value successfully

2023-08-20 14:25:54 - [MESSAGE][PASSED] - Verify element property value successfully

2023-08-20 14:25:54 - [TEST_STEP][PASSED] - verifyElementPropertyValue(getResponse, "groups[0].pricingPlans[0].pricingPlanData[3].currencyLabel", "SAR"): Verify element property value successfully

2023-08-20 14:25:54 - [MESSAGE][PASSED] - Verify element property value successfully

2023-08-20 14:25:54 - [TEST_STEP][PASSED] - verifyElementPropertyValue(getResponse, "groups[0].pricingPlans[0].pricingPlanData[3].allowedForAcquisition", "true"): Verify element property value successfully

2023-08-20 14:25:54 - [MESSAGE][PASSED] - Verify element property value successfully

2023-08-20 14:25:54 - [TEST_STEP][PASSED] - verifyElementPropertyValue(getResponse, "groups[0].pricingPlans[0].pricingPlanData[4].pricingPlanId", "TPay_STC_SA"): Verify element property value successfully

2023-08-20 14:25:54 - [MESSAGE][PASSED] - Verify element property value successfully

2023-08-20 14:25:54 - [TEST_STEP][PASSED] - verifyElementPropertyValue(getResponse, "groups[0].pricingPlans[0].pricingPlanData[4].productId", "KSA_B2C_SHAHID_VIP_1M"): Verify element property value successfully

2023-08-20 14:25:54 - [MESSAGE][PASSED] - Verify element property value successfully

2023-08-20 14:25:54 - [TEST_STEP][PASSED] - verifyElementPropertyValue(getResponse, "groups[0].pricingPlans[0].pricingPlanData[4].subPricingPlanIds[0]", "42001"): Verify element property value successfully

2023-08-20 14:25:54 - [MESSAGE][PASSED] - Verify element property value successfully

2023-08-20 14:25:54 - [TEST_STEP][PASSED] - verifyElementPropertyValue(getResponse, "groups[0].pricingPlans[0].pricingPlanData[4].paymentMethod", "MOBILE_PAY"): Verify element property value successfully

2023-08-20 14:25:54 - [MESSAGE][PASSED] - Verify element property value successfully

2023-08-20 14:25:54 - [TEST_STEP][PASSED] - verifyElementPropertyValue(getResponse, "groups[0].pricingPlans[0].pricingPlanData[4].freeTrialEnabled", "false"): Verify element property value successfully

2023-08-20 14:25:54 - [MESSAGE][PASSED] - Verify element property value successfully

2023-08-20 14:25:54 - [TEST_STEP][PASSED] - verifyElementPropertyValue(getResponse, "groups[0].pricingPlans[0].pricingPlanData[4].priceLabel", "39.99"): Verify element property value successfully

2023-08-20 14:25:54 - [MESSAGE][PASSED] - Verify element property value successfully

2023-08-20 14:25:54 - [TEST_STEP][PASSED] - verifyElementPropertyValue(getResponse, "groups[0].pricingPlans[0].pricingPlanData[4].currencyLabel", "SAR"): Verify element property value successfully

2023-08-20 14:25:54 - [MESSAGE][PASSED] - Verify element property value successfully

2023-08-20 14:25:54 - [TEST_STEP][PASSED] - verifyElementPropertyValue(getResponse, "groups[0].pricingPlans[0].pricingPlanData[4].allowedForAcquisition", "true"): Verify element property value successfully

2023-08-20 14:25:54 - [MESSAGE][PASSED] - Verify element property value successfully

2023-08-20 14:25:54 - [TEST_STEP][PASSED] - verifyElementPropertyValue(getResponse, "groups[0].pricingPlans[2].featured", "false"): Verify element property value successfully

2023-08-20 14:25:54 - [MESSAGE][PASSED] - Verify element property value successfully

2023-08-20 14:25:54 - [TEST_STEP][PASSED] - verifyElementPropertyValue(getResponse, "groups[0].pricingPlans[2].packageId", "SHAHID_VIP"): Verify element property value successfully

2023-08-20 14:25:54 - [MESSAGE][PASSED] - Verify element property value successfully

2023-08-20 14:25:54 - [TEST_STEP][PASSED] - verifyElementPropertyValue(getResponse, "groups[0].pricingPlans[2].catalogId", "VIP"): Verify element property value successfully

2023-08-20 14:25:54 - [MESSAGE][PASSED] - Verify element property value successfully

2023-08-20 14:25:54 - [TEST_STEP][PASSED] - verifyElementPropertyValue(getResponse, "groups[0].pricingPlans[2].visualElements[0].key", "Header_1_text"): Verify element property value successfully

2023-08-20 14:25:54 - [MESSAGE][PASSED] - Verify element property value successfully

2023-08-20 14:25:54 - [TEST_STEP][PASSED] - verifyElementPropertyValue(getResponse, "groups[0].pricingPlans[2].visualElements[0].value", "Watch the most powerful series and movies exclusively without stopping"): Verify element property value successfully

2023-08-20 14:25:54 - [MESSAGE][PASSED] - Verify element property value successfully

2023-08-20 14:25:54 - [TEST_STEP][PASSED] - verifyElementPropertyValue(getResponse, "groups[0].pricingPlans[2].visualElements[1].key", "display_title"): Verify element property value successfully

2023-08-20 14:25:54 - [MESSAGE][PASSED] - Verify element property value successfully

2023-08-20 14:25:54 - [TEST_STEP][PASSED] - verifyElementPropertyValue(getResponse, "groups[0].pricingPlans[2].visualElements[1].value", "Annual Plan"): Verify element property value successfully

2023-08-20 14:25:54 - [MESSAGE][PASSED] - Verify element property value successfully

2023-08-20 14:25:54 - [TEST_STEP][PASSED] - verifyElementPropertyValue(getResponse, "groups[0].pricingPlans[2].visualElements[2].key", "tag_text"): Verify element property value successfully

2023-08-20 14:25:54 - [MESSAGE][PASSED] - Verify element property value successfully

2023-08-20 14:25:54 - [TEST_STEP][PASSED] - verifyElementPropertyValue(getResponse, "groups[0].pricingPlans[2].visualElements[2].value", "Save 29%"): Verify element property value successfully

2023-08-20 14:25:54 - [MESSAGE][PASSED] - Verify element property value successfully

2023-08-20 14:25:54 - [TEST_STEP][PASSED] - verifyElementPropertyValue(getResponse, "groups[0].pricingPlans[2].visualElements[3].key", "promo_text"): Verify element property value successfully

2023-08-20 14:25:54 - [MESSAGE][PASSED] - Verify element property value successfully

2023-08-20 14:25:54 - [TEST_STEP][PASSED] - verifyElementPropertyValue(getResponse, "groups[0].pricingPlans[2].visualElements[3].value", "28.33 SAR/ month"): Verify element property value successfully

2023-08-20 14:25:54 - [MESSAGE][PASSED] - Verify element property value successfully

2023-08-20 14:25:54 - [TEST_STEP][PASSED] - verifyElementPropertyValue(getResponse, "groups[0].pricingPlans[2].visualElements[4].key", "deduction_text"): Verify element property value successfully

2023-08-20 14:25:54 - [MESSAGE][PASSED] - Verify element property value successfully

2023-08-20 14:25:54 - [TEST_STEP][PASSED] - verifyElementPropertyValue(getResponse, "groups[0].pricingPlans[2].visualElements[4].value", "339.99 SAR billed every year"): Verify element property value successfully

2023-08-20 14:25:54 - [MESSAGE][PASSED] - Verify element property value successfully

2023-08-20 14:25:54 - [TEST_STEP][PASSED] - verifyElementPropertyValue(getResponse, "groups[0].pricingPlans[2].visualElements[7].key", "show_payment_logo"): Verify element property value successfully

2023-08-20 14:25:54 - [MESSAGE][PASSED] - Verify element property value successfully

2023-08-20 14:25:54 - [TEST_STEP][PASSED] - verifyElementPropertyValue(getResponse, "groups[0].pricingPlans[2].visualElements[7].value", "true"): Verify element property value successfully

2023-08-20 14:25:54 - [MESSAGE][PASSED] - Verify element property value successfully

2023-08-20 14:25:54 - [TEST_STEP][PASSED] - verifyElementPropertyValue(getResponse, "groups[0].pricingPlans[2].visualElements[8].key", "show_tag"): Verify element property value successfully

2023-08-20 14:25:54 - [MESSAGE][PASSED] - Verify element property value successfully

2023-08-20 14:25:54 - [TEST_STEP][PASSED] - verifyElementPropertyValue(getResponse, "groups[0].pricingPlans[2].visualElements[8].value", "true"): Verify element property value successfully

2023-08-20 14:25:54 - [MESSAGE][PASSED] - Verify element property value successfully

2023-08-20 14:25:54 - [TEST_STEP][PASSED] - verifyElementPropertyValue(getResponse, "groups[0].pricingPlans[2].visualElements[10].key", "price"): Verify element property value successfully

2023-08-20 14:25:54 - [MESSAGE][PASSED] - Verify element property value successfully

2023-08-20 14:25:54 - [TEST_STEP][PASSED] - verifyElementPropertyValue(getResponse, "groups[0].pricingPlans[2].visualElements[10].value", "339.99"): Verify element property value successfully

2023-08-20 14:25:54 - [MESSAGE][PASSED] - Verify element property value successfully

2023-08-20 14:25:54 - [TEST_STEP][PASSED] - verifyElementPropertyValue(getResponse, "groups[0].pricingPlans[2].visualElements[11].key", "currency"): Verify element property value successfully

2023-08-20 14:25:54 - [MESSAGE][PASSED] - Verify element property value successfully

2023-08-20 14:25:54 - [TEST_STEP][PASSED] - verifyElementPropertyValue(getResponse, "groups[0].pricingPlans[2].visualElements[11].value", "SAR"): Verify element property value successfully

2023-08-20 14:25:54 - [MESSAGE][PASSED] - Verify element property value successfully

2023-08-20 14:25:54 - [TEST_STEP][PASSED] - verifyElementPropertyValue(getResponse, "groups[0].pricingPlans[2].visualElements[12].key", "duration"): Verify element property value successfully

2023-08-20 14:25:54 - [MESSAGE][PASSED] - Verify element property value successfully

2023-08-20 14:25:54 - [TEST_STEP][PASSED] - verifyElementPropertyValue(getResponse, "groups[0].pricingPlans[2].visualElements[12].value", "yearly"): Verify element property value successfully

2023-08-20 14:25:54 - [MESSAGE][PASSED] - Verify element property value successfully

2023-08-20 14:25:54 - [TEST_STEP][PASSED] - verifyElementPropertyValue(getResponse, "groups[0].pricingPlans[2].order", "2"): Verify element property value successfully

2023-08-20 14:25:54 - [MESSAGE][PASSED] - Verify element property value successfully

2023-08-20 14:25:54 - [TEST_STEP][PASSED] - verifyElementPropertyValue(getResponse, "groups[0].pricingPlans[2].period", "yearly"): Verify element property value successfully

2023-08-20 14:25:54 - [MESSAGE][PASSED] - Verify element property value successfully

2023-08-20 14:25:54 - [TEST_STEP][PASSED] - verifyElementPropertyValue(getResponse, "groups[0].pricingPlans[2].price", "339.99"): Verify element property value successfully

2023-08-20 14:25:54 - [MESSAGE][PASSED] - Verify element property value successfully

2023-08-20 14:25:54 - [TEST_STEP][PASSED] - verifyElementPropertyValue(getResponse, "groups[0].pricingPlans[2].currency", "SAR"): Verify element property value successfully

2023-08-20 14:25:54 - [MESSAGE][PASSED] - Verify element property value successfully

2023-08-20 14:25:54 - [TEST_STEP][PASSED] - verifyElementPropertyValue(getResponse, "groups[0].pricingPlans[2].pricingPlanData[0].productId", "KSA_B2C_SHAHID_VIP_12M"): Verify element property value successfully

2023-08-20 14:25:54 - [MESSAGE][PASSED] - Verify element property value successfully

2023-08-20 14:25:54 - [TEST_STEP][PASSED] - verifyElementPropertyValue(getResponse, "groups[0].pricingPlans[2].pricingPlanData[0].subPricingPlanIds", "null"): Verify element property value successfully

2023-08-20 14:25:54 - [MESSAGE][PASSED] - Verify element property value successfully

2023-08-20 14:25:54 - [TEST_STEP][PASSED] - verifyElementPropertyValue(getResponse, "groups[0].pricingPlans[2].pricingPlanData[0].paymentMethod", "CREDIT_CARD"): Verify element property value successfully

2023-08-20 14:25:54 - [MESSAGE][PASSED] - Verify element property value successfully

2023-08-20 14:25:54 - [TEST_STEP][PASSED] - verifyElementPropertyValue(getResponse, "groups[0].pricingPlans[2].pricingPlanData[0].freeTrialEnabled", "false"): Verify element property value successfully

2023-08-20 14:25:54 - [MESSAGE][PASSED] - Verify element property value successfully

2023-08-20 14:25:54 - [TEST_STEP][PASSED] - verifyElementPropertyValue(getResponse, "groups[0].pricingPlans[2].pricingPlanData[0].visualElements[0].key", "title"): Verify element property value successfully

2023-08-20 14:25:54 - [MESSAGE][PASSED] - Verify element property value successfully

2023-08-20 14:25:54 - [TEST_STEP][PASSED] - verifyElementPropertyValue(getResponse, "groups[0].pricingPlans[2].pricingPlanData[0].visualElements[0].value", "Credit/Debit Card"): Verify element property value successfully

2023-08-20 14:25:54 - [MESSAGE][PASSED] - Verify element property value successfully

2023-08-20 14:25:54 - [TEST_STEP][PASSED] - verifyElementPropertyValue(getResponse, "groups[0].pricingPlans[2].pricingPlanData[0].visualElements[1].key", "CTA_text"): Verify element property value successfully

2023-08-20 14:25:54 - [MESSAGE][PASSED] - Verify element property value successfully

2023-08-20 14:25:54 - [TEST_STEP][PASSED] - verifyElementPropertyValue(getResponse, "groups[0].pricingPlans[2].pricingPlanData[0].visualElements[1].value", "Subscribe"): Verify element property value successfully

2023-08-20 14:25:54 - [MESSAGE][PASSED] - Verify element property value successfully

2023-08-20 14:25:54 - [TEST_STEP][PASSED] - verifyElementPropertyValue(getResponse, "groups[0].pricingPlans[2].pricingPlanData[0].visualElements[2].key", "logo"): Verify element property value successfully

2023-08-20 14:25:54 - [MESSAGE][PASSED] - Verify element property value successfully

2023-08-20 14:25:54 - [TEST_STEP][PASSED] - verifyElementPropertyValue(getResponse, "groups[0].pricingPlans[2].pricingPlanData[0].visualElements[2].value", "https://static.s3.shahid.mbc.net/widget-images/icons/iconCreditCard.png"): Verify element property value successfully

2023-08-20 14:25:54 - [MESSAGE][PASSED] - Verify element property value successfully

2023-08-20 14:25:54 - [TEST_STEP][PASSED] - verifyElementPropertyValue(getResponse, "groups[0].pricingPlans[2].pricingPlanData[0].priceLabel", "339.99"): Verify element property value successfully

2023-08-20 14:25:54 - [MESSAGE][PASSED] - Verify element property value successfully

2023-08-20 14:25:54 - [TEST_STEP][PASSED] - verifyElementPropertyValue(getResponse, "groups[0].pricingPlans[2].pricingPlanData[0].currencyLabel", "SAR"): Verify element property value successfully

2023-08-20 14:25:54 - [MESSAGE][PASSED] - Verify element property value successfully

2023-08-20 14:25:54 - [TEST_STEP][PASSED] - verifyElementPropertyValue(getResponse, "groups[0].pricingPlans[2].pricingPlanData[0].allowedForAcquisition", "true"): Verify element property value successfully

2023-08-20 14:25:54 - [MESSAGE][PASSED] - Verify element property value successfully

2023-08-20 14:25:54 - [TEST_STEP][PASSED] - verifyElementPropertyValue(getResponse, "groups[0].pricingPlans[2].pricingPlanData[0].showIn[0]", "VERTICAL_MODE"): Verify element property value successfully

2023-08-20 14:25:54 - [MESSAGE][PASSED] - Verify element property value successfully

2023-08-20 14:25:54 - [TEST_STEP][PASSED] - verifyElementPropertyValue(getResponse, "groups[0].pricingPlans[2].pricingPlanData[0].showIn[1]", "HORIZONTAL_MODE"): Verify element property value successfully

2023-08-20 14:25:54 - [MESSAGE][PASSED] - Verify element property value successfully

2023-08-20 14:25:54 - [TEST_STEP][PASSED] - verifyElementPropertyValue(getResponse, "groups[0].pricingPlans[2].pricingPlanData[1].productId", "KSA_B2C_SHAHID_VIP_12M"): Verify element property value successfully

2023-08-20 14:25:54 - [MESSAGE][PASSED] - Verify element property value successfully

2023-08-20 14:25:54 - [TEST_STEP][PASSED] - verifyElementPropertyValue(getResponse, "groups[0].pricingPlans[2].pricingPlanData[1].subPricingPlanIds", "null"): Verify element property value successfully

2023-08-20 14:25:54 - [MESSAGE][PASSED] - Verify element property value successfully

2023-08-20 14:25:54 - [TEST_STEP][PASSED] - verifyElementPropertyValue(getResponse, "groups[0].pricingPlans[2].pricingPlanData[1].paymentMethod", "APPLE_PAY"): Verify element property value successfully

2023-08-20 14:25:54 - [MESSAGE][PASSED] - Verify element property value successfully

2023-08-20 14:25:54 - [TEST_STEP][PASSED] - verifyElementPropertyValue(getResponse, "groups[0].pricingPlans[2].pricingPlanData[1].freeTrialEnabled", "false"): Verify element property value successfully

2023-08-20 14:25:54 - [MESSAGE][PASSED] - Verify element property value successfully

2023-08-20 14:25:54 - [TEST_STEP][PASSED] - verifyElementPropertyValue(getResponse, "groups[0].pricingPlans[2].pricingPlanData[1].visualElements[0].key", "title"): Verify element property value successfully

2023-08-20 14:25:54 - [MESSAGE][PASSED] - Verify element property value successfully

2023-08-20 14:25:54 - [TEST_STEP][PASSED] - verifyElementPropertyValue(getResponse, "groups[0].pricingPlans[2].pricingPlanData[1].visualElements[0].value", "Apple Pay"): Verify element property value successfully

2023-08-20 14:25:54 - [MESSAGE][PASSED] - Verify element property value successfully

2023-08-20 14:25:54 - [TEST_STEP][PASSED] - verifyElementPropertyValue(getResponse, "groups[0].pricingPlans[2].pricingPlanData[1].visualElements[1].key", "CTA_text"): Verify element property value successfully

2023-08-20 14:25:54 - [MESSAGE][PASSED] - Verify element property value successfully

2023-08-20 14:25:54 - [TEST_STEP][PASSED] - verifyElementPropertyValue(getResponse, "groups[0].pricingPlans[2].pricingPlanData[1].visualElements[1].value", "Subscribe"): Verify element property value successfully

2023-08-20 14:25:54 - [MESSAGE][PASSED] - Verify element property value successfully

2023-08-20 14:25:54 - [TEST_STEP][PASSED] - verifyElementPropertyValue(getResponse, "groups[0].pricingPlans[2].pricingPlanData[1].visualElements[2].key", "logo"): Verify element property value successfully

2023-08-20 14:25:54 - [MESSAGE][PASSED] - Verify element property value successfully

2023-08-20 14:25:54 - [TEST_STEP][PASSED] - verifyElementPropertyValue(getResponse, "groups[0].pricingPlans[2].pricingPlanData[1].visualElements[2].value", "https://static.s3.shahid.mbc.net/widget-images/icons/ApplePay_PlanSelectionIcon.svg"): Verify element property value successfully

2023-08-20 14:25:54 - [MESSAGE][PASSED] - Verify element property value successfully

2023-08-20 14:25:54 - [TEST_STEP][PASSED] - verifyElementPropertyValue(getResponse, "groups[0].pricingPlans[2].pricingPlanData[1].priceLabel", "339.99"): Verify element property value successfully

2023-08-20 14:25:54 - [MESSAGE][PASSED] - Verify element property value successfully

2023-08-20 14:25:54 - [TEST_STEP][PASSED] - verifyElementPropertyValue(getResponse, "groups[0].pricingPlans[2].pricingPlanData[1].currencyLabel", "SAR"): Verify element property value successfully

2023-08-20 14:25:54 - [MESSAGE][PASSED] - Verify element property value successfully

2023-08-20 14:25:54 - [TEST_STEP][PASSED] - verifyElementPropertyValue(getResponse, "groups[0].pricingPlans[2].pricingPlanData[1].allowedForAcquisition", "true"): Verify element property value successfully

2023-08-20 14:25:54 - [MESSAGE][PASSED] - Verify element property value successfully

2023-08-20 14:25:54 - [TEST_STEP][PASSED] - verifyElementPropertyValue(getResponse, "deals[0].param", "stcksa"): Verify element property value successfully

2023-08-20 14:25:54 - [MESSAGE][PASSED] - Verify element property value successfully

2023-08-20 14:25:54 - [TEST_STEP][PASSED] - verifyElementPropertyValue(getResponse, "deals[0].skipLandingPage", "false"): Verify element property value successfully

2023-08-20 14:25:54 - [MESSAGE][PASSED] - Verify element property value successfully

2023-08-20 14:25:54 - [TEST_STEP][PASSED] - verifyElementPropertyValue(getResponse, "deals[0].visible", "false"): Verify element property value successfully

2023-08-20 14:25:54 - [MESSAGE][PASSED] - Verify element property value successfully

2023-08-20 14:25:54 - [TEST_STEP][PASSED] - verifyElementPropertyValue(getResponse, "deals[0].dealType", "deal_with_pricing_plan"): Verify element property value successfully

2023-08-20 14:25:54 - [MESSAGE][PASSED] - Verify element property value successfully

2023-08-20 14:25:54 - [TEST_STEP][PASSED] - verifyElementPropertyValue(getResponse, "deals[0].template", "TELCO"): Verify element property value successfully

2023-08-20 14:25:54 - [MESSAGE][PASSED] - Verify element property value successfully

2023-08-20 14:25:54 - [TEST_STEP][PASSED] - verifyElementPropertyValue(getResponse, "deals[0].visualElements[7].key", "main_partner_logo"): Verify element property value successfully

2023-08-20 14:25:54 - [MESSAGE][PASSED] - Verify element property value successfully

2023-08-20 14:25:54 - [TEST_STEP][PASSED] - verifyElementPropertyValue(getResponse, "deals[0].visualElements[7].value", "https://shahid-static.s3.us-east-1.amazonaws.com/shahid-subscription-config/STCLogo.png"): Verify element property value successfully

2023-08-20 14:25:54 - [MESSAGE][PASSED] - Verify element property value successfully

2023-08-20 14:25:54 - [TEST_STEP][PASSED] - verifyElementPropertyValue(getResponse, "deals[0].groups[0].pricingPlans[0].featured", "false"): Verify element property value successfully

2023-08-20 14:25:54 - [MESSAGE][PASSED] - Verify element property value successfully

2023-08-20 14:25:54 - [TEST_STEP][PASSED] - verifyElementPropertyValue(getResponse, "deals[0].groups[0].pricingPlans[0].liteRegistrationEnabled", "true"): Verify element property value successfully

2023-08-20 14:25:54 - [MESSAGE][PASSED] - Verify element property value successfully

2023-08-20 14:25:54 - [TEST_STEP][PASSED] - verifyElementPropertyValue(getResponse, "deals[0].groups[0].pricingPlans[0].packageName", "monthly"): Verify element property value successfully

2023-08-20 14:25:54 - [MESSAGE][PASSED] - Verify element property value successfully

2023-08-20 14:25:54 - [TEST_STEP][PASSED] - verifyElementPropertyValue(getResponse, "deals[0].groups[0].pricingPlans[0].price", "39.99"): Verify element property value successfully

2023-08-20 14:25:54 - [MESSAGE][PASSED] - Verify element property value successfully

2023-08-20 14:25:54 - [TEST_STEP][PASSED] - verifyElementPropertyValue(getResponse, "deals[0].groups[0].pricingPlans[0].currency", "SAR"): Verify element property value successfully

2023-08-20 14:25:54 - [MESSAGE][PASSED] - Verify element property value successfully

2023-08-20 14:25:54 - [TEST_STEP][PASSED] - verifyElementPropertyValue(getResponse, "deals[0].groups[0].pricingPlans[0].packageId", "SHAHID_VIP"): Verify element property value successfully

2023-08-20 14:25:54 - [MESSAGE][PASSED] - Verify element property value successfully

2023-08-20 14:25:54 - [TEST_STEP][PASSED] - verifyElementPropertyValue(getResponse, "deals[0].groups[0].pricingPlans[0].catalogId", "VIP"): Verify element property value successfully

2023-08-20 14:25:54 - [MESSAGE][PASSED] - Verify element property value successfully

2023-08-20 14:25:54 - [TEST_STEP][PASSED] - verifyElementPropertyValue(getResponse, "deals[0].groups[0].pricingPlans[0].visualElements[7].key", "show_payment_logo"): Verify element property value successfully

2023-08-20 14:25:54 - [MESSAGE][PASSED] - Verify element property value successfully

2023-08-20 14:25:54 - [TEST_STEP][PASSED] - verifyElementPropertyValue(getResponse, "deals[0].groups[0].pricingPlans[0].visualElements[7].value", "true"): Verify element property value successfully

2023-08-20 14:25:54 - [MESSAGE][PASSED] - Verify element property value successfully

2023-08-20 14:25:54 - [TEST_STEP][PASSED] - verifyElementPropertyValue(getResponse, "deals[0].groups[0].pricingPlans[0].visualElements[8].key", "show_tag"): Verify element property value successfully

2023-08-20 14:25:54 - [MESSAGE][PASSED] - Verify element property value successfully

2023-08-20 14:25:54 - [TEST_STEP][PASSED] - verifyElementPropertyValue(getResponse, "deals[0].groups[0].pricingPlans[0].visualElements[8].value", "true"): Verify element property value successfully

2023-08-20 14:25:54 - [MESSAGE][PASSED] - Verify element property value successfully

2023-08-20 14:25:54 - [TEST_STEP][PASSED] - verifyElementPropertyValue(getResponse, "deals[0].groups[0].pricingPlans[0].visualElements[11].key", "price"): Verify element property value successfully

2023-08-20 14:25:54 - [MESSAGE][PASSED] - Verify element property value successfully

2023-08-20 14:25:54 - [TEST_STEP][PASSED] - verifyElementPropertyValue(getResponse, "deals[0].groups[0].pricingPlans[0].visualElements[11].value", "39.99"): Verify element property value successfully

2023-08-20 14:25:54 - [MESSAGE][PASSED] - Verify element property value successfully

2023-08-20 14:25:54 - [TEST_STEP][PASSED] - verifyElementPropertyValue(getResponse, "deals[0].groups[0].pricingPlans[0].visualElements[12].key", "currency"): Verify element property value successfully

2023-08-20 14:25:54 - [MESSAGE][PASSED] - Verify element property value successfully

2023-08-20 14:25:54 - [TEST_STEP][PASSED] - verifyElementPropertyValue(getResponse, "deals[0].groups[0].pricingPlans[0].visualElements[12].value", "SAR"): Verify element property value successfully

2023-08-20 14:25:54 - [MESSAGE][PASSED] - Verify element property value successfully

2023-08-20 14:25:54 - [TEST_STEP][PASSED] - verifyElementPropertyValue(getResponse, "deals[0].groups[0].pricingPlans[0].visualElements[13].key", "duration"): Verify element property value successfully

2023-08-20 14:25:54 - [MESSAGE][PASSED] - Verify element property value successfully

2023-08-20 14:25:54 - [TEST_STEP][PASSED] - verifyElementPropertyValue(getResponse, "deals[0].groups[0].pricingPlans[0].visualElements[13].value", "monthly"): Verify element property value successfully

2023-08-20 14:25:54 - [MESSAGE][PASSED] - Verify element property value successfully

2023-08-20 14:25:54 - [TEST_STEP][PASSED] - verifyElementPropertyValue(getResponse, "deals[0].groups[0].pricingPlans[0].visualElements[17].key", "CC_logo"): Verify element property value successfully

2023-08-20 14:25:54 - [MESSAGE][PASSED] - Verify element property value successfully

2023-08-20 14:25:57 - [TEST_STEP][PASSED] - verifyElementPropertyValue(getResponse, "deals[0].groups[0].pricingPlans[0].visualElements[17].value[0]", "visa"): Verify element property value successfully

2023-08-20 14:25:57 - [MESSAGE][PASSED] - Verify element property value successfully

2023-08-20 14:25:57 - [TEST_STEP][PASSED] - verifyElementPropertyValue(getResponse, "deals[0].groups[0].pricingPlans[0].visualElements[17].value[1]", "master"): Verify element property value successfully

2023-08-20 14:25:57 - [MESSAGE][PASSED] - Verify element property value successfully

2023-08-20 14:25:57 - [TEST_STEP][PASSED] - verifyElementPropertyValue(getResponse, "deals[0].groups[0].pricingPlans[0].visualElements[18].key", "summary_text_1"): Verify element property value successfully

2023-08-20 14:25:57 - [MESSAGE][PASSED] - Verify element property value successfully

2023-08-20 14:25:57 - [TEST_STEP][PASSED] - verifyElementPropertyValue(getResponse, "deals[0].groups[0].pricingPlans[0].visualElements[18].value", "Shahid VIP - All the greatest entertainment in one place. Subscribe now for SAR 39.99 per month (VAT Inclusive)"): Verify element property value successfully

2023-08-20 14:25:57 - [MESSAGE][PASSED] - Verify element property value successfully

2023-08-20 14:25:57 - [TEST_STEP][PASSED] - verifyElementPropertyValue(getResponse, "deals[0].groups[0].pricingPlans[0].visualElements[19].key", "summary_text_2"): Verify element property value successfully

2023-08-20 14:25:57 - [MESSAGE][PASSED] - Verify element property value successfully

2023-08-20 14:25:57 - [TEST_STEP][PASSED] - verifyElementPropertyValue(getResponse, "deals[0].groups[0].pricingPlans[0].visualElements[19].value", "Subscription will be automatically renewed"): Verify element property value successfully

2023-08-20 14:25:57 - [MESSAGE][PASSED] - Verify element property value successfully

2023-08-20 14:25:57 - [TEST_STEP][PASSED] - verifyElementPropertyValue(getResponse, "deals[0].groups[0].pricingPlans[0].pricingPlanData[0].pricingPlanId", "TPay_STC_SA"): Verify element property value successfully

2023-08-20 14:25:57 - [MESSAGE][PASSED] - Verify element property value successfully

2023-08-20 14:25:57 - [TEST_STEP][PASSED] - verifyElementPropertyValue(getResponse, "deals[0].groups[0].pricingPlans[0].pricingPlanData[0].productId", "KSA_B2C_SHAHID_VIP_1M"): Verify element property value successfully

2023-08-20 14:25:57 - [MESSAGE][PASSED] - Verify element property value successfully

2023-08-20 14:25:57 - [TEST_STEP][PASSED] - verifyElementPropertyValue(getResponse, "deals[0].groups[0].pricingPlans[0].pricingPlanData[0].subPricingPlanIds[0]", "42001"): Verify element property value successfully

2023-08-20 14:25:57 - [MESSAGE][PASSED] - Verify element property value successfully

2023-08-20 14:25:57 - [TEST_STEP][PASSED] - verifyElementPropertyValue(getResponse, "deals[0].groups[0].pricingPlans[0].pricingPlanData[0].paymentMethod", "MOBILE_PAY"): Verify element property value successfully

2023-08-20 14:25:57 - [MESSAGE][PASSED] - Verify element property value successfully

2023-08-20 14:25:57 - [TEST_STEP][PASSED] - verifyElementPropertyValue(getResponse, "deals[0].groups[0].pricingPlans[0].pricingPlanData[0].priceLabel", "39.99"): Verify element property value successfully

2023-08-20 14:25:57 - [MESSAGE][PASSED] - Verify element property value successfully

2023-08-20 14:25:57 - [TEST_STEP][PASSED] - verifyElementPropertyValue(getResponse, "deals[0].groups[0].pricingPlans[0].pricingPlanData[0].currencyLabel", "SAR"): Verify element property value successfully

2023-08-20 14:25:57 - [MESSAGE][PASSED] - Verify element property value successfully

2023-08-20 14:25:57 - [TEST_STEP][PASSED] - verifyElementPropertyValue(getResponse, "deals[0].groups[0].pricingPlans[0].pricingPlanData[0].dealId", "STC"): Verify element property value successfully

2023-08-20 14:25:57 - [MESSAGE][PASSED] - Verify element property value successfully

2023-08-20 14:25:57 - [TEST_STEP][PASSED] - verifyElementPropertyValue(getResponse, "deals[0].groups[0].pricingPlans[0].pricingPlanData[0].showForAnonymous", "true"): Verify element property value successfully

2023-08-20 14:25:57 - [MESSAGE][PASSED] - Verify element property value successfully

2023-08-20 14:25:57 - [TEST_STEP][PASSED] - verifyElementPropertyValue(getResponse, "deals[0].specialOfferLandingPage.visualElements[0].key", "pop_up_tab_title"): Verify element property value successfully

2023-08-20 14:25:57 - [MESSAGE][PASSED] - Verify element property value successfully

2023-08-20 14:25:57 - [TEST_STEP][PASSED] - verifyElementPropertyValue(getResponse, "deals[0].specialOfferLandingPage.visualElements[0].value[0]", "Terms and Conditions  "): Verify element property value successfully

2023-08-20 14:25:57 - [MESSAGE][PASSED] - Verify element property value successfully

2023-08-20 14:25:57 - [TEST_STEP][PASSED] - verifyElementPropertyValue(getResponse, "deals[0].specialOfferLandingPage.visualElements[1].key", "pop_up_tab_content"): Verify element property value successfully

2023-08-20 14:25:57 - [MESSAGE][PASSED] - Verify element property value successfully

2023-08-20 14:25:57 - [TEST_STEP][PASSED] - verifyElementPropertyValue(getResponse, "deals[0].specialOfferLandingPage.visualElements[1].value[0]", "<ul> <li> Subscription will be automatically renewed  </li> <li> Monthly fees SAR 34.99 (VAT Inclusive) </li> <li> For all inquiries, contact us at care@shahid.net. </li> </ul>"): Verify element property value successfully

2023-08-20 14:25:57 - [MESSAGE][PASSED] - Verify element property value successfully

2023-08-20 14:25:57 - [TEST_STEP][PASSED] - verifyElementPropertyValue(getResponse, "deals[0].specialOfferLandingPage.visualElements[2].key", "partner_logo"): Verify element property value successfully

2023-08-20 14:25:57 - [MESSAGE][PASSED] - Verify element property value successfully

2023-08-20 14:25:57 - [TEST_STEP][PASSED] - verifyElementPropertyValue(getResponse, "deals[0].specialOfferLandingPage.visualElements[2].value", "https://shahid-static.s3.us-east-1.amazonaws.com/shahid-subscription-config/STCLogo.png"): Verify element property value successfully

2023-08-20 14:25:57 - [MESSAGE][PASSED] - Verify element property value successfully

2023-08-20 14:25:57 - [TEST_STEP][PASSED] - verifyElementPropertyValue(getResponse, "deals[0].specialOfferLandingPage.visualElements[4].key", "partner_name"): Verify element property value successfully

2023-08-20 14:25:57 - [MESSAGE][PASSED] - Verify element property value successfully

2023-08-20 14:25:57 - [TEST_STEP][PASSED] - verifyElementPropertyValue(getResponse, "deals[0].specialOfferLandingPage.visualElements[4].value", "STC"): Verify element property value successfully

2023-08-20 14:25:57 - [MESSAGE][PASSED] - Verify element property value successfully

2023-08-20 14:25:57 - [TEST_STEP][PASSED] - verifyElementPropertyValue(getResponse, "deals[0].specialOfferLandingPage.visualElements[6].key", "continue_cta"): Verify element property value successfully

2023-08-20 14:25:57 - [MESSAGE][PASSED] - Verify element property value successfully

2023-08-20 14:25:57 - [TEST_STEP][PASSED] - verifyElementPropertyValue(getResponse, "deals[0].specialOfferLandingPage.visualElements[6].value", "Try Shahid VIP"): Verify element property value successfully

2023-08-20 14:25:57 - [MESSAGE][PASSED] - Verify element property value successfully

2023-08-20 14:25:57 - [TEST_STEP][PASSED] - verifyElementPropertyValue(getResponse, "deals[0].specialOfferLandingPage.visualElements[7].key", "guideline_cta"): Verify element property value successfully

2023-08-20 14:25:57 - [MESSAGE][PASSED] - Verify element property value successfully

2023-08-20 14:25:57 - [TEST_STEP][PASSED] - verifyElementPropertyValue(getResponse, "deals[0].specialOfferLandingPage.visualElements[7].value[0]", "Terms and Conditions Apply"): Verify element property value successfully

2023-08-20 14:25:57 - [MESSAGE][PASSED] - Verify element property value successfully

2023-08-20 14:25:57 - [TEST_STEP][PASSED] - verifyElementPropertyValue(getResponse, "deals[0].specialOfferLandingPage.cards[0].title", "باقة اسبوعية"): Verify element property value successfully

2023-08-20 14:25:57 - [MESSAGE][PASSED] - Verify element property value successfully

2023-08-20 14:25:57 - [TEST_STEP][PASSED] - verifyElementPropertyValue(getResponse, "deals[0].specialOfferLandingPage.cards[0].image", "https://shahid-static.s3.amazonaws.com/shahid-subscription-config/LP/2022VIPLP.jpg"): Verify element property value successfully

2023-08-20 14:25:57 - [MESSAGE][PASSED] - Verify element property value successfully

2023-08-20 14:25:57 - [TEST_STEP][PASSED] - verifyElementPropertyValue(getResponse, "deals[1].param", "mobilyksa"): Verify element property value successfully

2023-08-20 14:25:57 - [MESSAGE][PASSED] - Verify element property value successfully

2023-08-20 14:25:57 - [TEST_STEP][PASSED] - verifyElementPropertyValue(getResponse, "deals[1].skipLandingPage", "false"): Verify element property value successfully

2023-08-20 14:25:57 - [MESSAGE][PASSED] - Verify element property value successfully

2023-08-20 14:25:57 - [TEST_STEP][PASSED] - verifyElementPropertyValue(getResponse, "deals[1].visible", "false"): Verify element property value successfully

2023-08-20 14:25:57 - [MESSAGE][PASSED] - Verify element property value successfully

2023-08-20 14:25:57 - [TEST_STEP][PASSED] - verifyElementPropertyValue(getResponse, "deals[1].dealType", "deal_with_pricing_plan"): Verify element property value successfully

2023-08-20 14:25:57 - [MESSAGE][PASSED] - Verify element property value successfully

2023-08-20 14:25:57 - [TEST_STEP][PASSED] - verifyElementPropertyValue(getResponse, "deals[1].template", "TELCO"): Verify element property value successfully

2023-08-20 14:25:57 - [MESSAGE][PASSED] - Verify element property value successfully

2023-08-20 14:25:57 - [TEST_STEP][PASSED] - verifyElementPropertyValue(getResponse, "deals[1].visualElements[7].key", "main_partner_logo"): Verify element property value successfully

2023-08-20 14:25:57 - [MESSAGE][PASSED] - Verify element property value successfully

2023-08-20 14:25:57 - [TEST_STEP][PASSED] - verifyElementPropertyValue(getResponse, "deals[1].visualElements[7].value", "https://shahid-static.s3.us-east-1.amazonaws.com/shahid-subscription-config/MobilyLogo.png"): Verify element property value successfully

2023-08-20 14:25:57 - [MESSAGE][PASSED] - Verify element property value successfully

2023-08-20 14:25:57 - [TEST_STEP][PASSED] - verifyElementPropertyValue(getResponse, "deals[1].groups[0].pricingPlans[0].featured", "false"): Verify element property value successfully

2023-08-20 14:25:57 - [MESSAGE][PASSED] - Verify element property value successfully

2023-08-20 14:25:57 - [TEST_STEP][PASSED] - verifyElementPropertyValue(getResponse, "deals[1].groups[0].pricingPlans[0].liteRegistrationEnabled", "true"): Verify element property value successfully

2023-08-20 14:25:57 - [MESSAGE][PASSED] - Verify element property value successfully

2023-08-20 14:25:57 - [TEST_STEP][PASSED] - verifyElementPropertyValue(getResponse, "deals[1].groups[0].pricingPlans[0].packageName", "monthly"): Verify element property value successfully

2023-08-20 14:25:57 - [MESSAGE][PASSED] - Verify element property value successfully

2023-08-20 14:25:57 - [TEST_STEP][PASSED] - verifyElementPropertyValue(getResponse, "deals[1].groups[0].pricingPlans[0].price", "39.99"): Verify element property value successfully

2023-08-20 14:25:57 - [MESSAGE][PASSED] - Verify element property value successfully

2023-08-20 14:25:57 - [TEST_STEP][PASSED] - verifyElementPropertyValue(getResponse, "deals[1].groups[0].pricingPlans[0].currency", "SAR"): Verify element property value successfully

2023-08-20 14:25:57 - [MESSAGE][PASSED] - Verify element property value successfully

2023-08-20 14:25:57 - [TEST_STEP][PASSED] - verifyElementPropertyValue(getResponse, "deals[1].groups[0].pricingPlans[0].packageId", "SHAHID_VIP"): Verify element property value successfully

2023-08-20 14:25:57 - [MESSAGE][PASSED] - Verify element property value successfully

2023-08-20 14:25:57 - [TEST_STEP][PASSED] - verifyElementPropertyValue(getResponse, "deals[1].groups[0].pricingPlans[0].catalogId", "VIP"): Verify element property value successfully

2023-08-20 14:25:57 - [MESSAGE][PASSED] - Verify element property value successfully

2023-08-20 14:25:57 - [TEST_STEP][PASSED] - verifyElementPropertyValue(getResponse, "deals[1].groups[0].pricingPlans[0].visualElements[7].key", "show_payment_logo"): Verify element property value successfully

2023-08-20 14:25:57 - [MESSAGE][PASSED] - Verify element property value successfully

2023-08-20 14:25:57 - [TEST_STEP][PASSED] - verifyElementPropertyValue(getResponse, "deals[1].groups[0].pricingPlans[0].visualElements[7].value", "true"): Verify element property value successfully

2023-08-20 14:25:57 - [MESSAGE][PASSED] - Verify element property value successfully

2023-08-20 14:25:57 - [TEST_STEP][PASSED] - verifyElementPropertyValue(getResponse, "deals[1].groups[0].pricingPlans[0].visualElements[8].key", "show_tag"): Verify element property value successfully

2023-08-20 14:25:57 - [MESSAGE][PASSED] - Verify element property value successfully

2023-08-20 14:25:57 - [TEST_STEP][PASSED] - verifyElementPropertyValue(getResponse, "deals[1].groups[0].pricingPlans[0].visualElements[8].value", "true"): Verify element property value successfully

2023-08-20 14:25:57 - [MESSAGE][PASSED] - Verify element property value successfully

2023-08-20 14:25:57 - [TEST_STEP][PASSED] - verifyElementPropertyValue(getResponse, "deals[1].groups[0].pricingPlans[0].visualElements[11].key", "price"): Verify element property value successfully

2023-08-20 14:25:57 - [MESSAGE][PASSED] - Verify element property value successfully

2023-08-20 14:25:57 - [TEST_STEP][PASSED] - verifyElementPropertyValue(getResponse, "deals[1].groups[0].pricingPlans[0].visualElements[11].value", "39.99"): Verify element property value successfully

2023-08-20 14:25:57 - [MESSAGE][PASSED] - Verify element property value successfully

2023-08-20 14:25:57 - [TEST_STEP][PASSED] - verifyElementPropertyValue(getResponse, "deals[1].groups[0].pricingPlans[0].visualElements[12].key", "currency"): Verify element property value successfully

2023-08-20 14:25:57 - [MESSAGE][PASSED] - Verify element property value successfully

2023-08-20 14:25:57 - [TEST_STEP][PASSED] - verifyElementPropertyValue(getResponse, "deals[1].groups[0].pricingPlans[0].visualElements[12].value", "SAR"): Verify element property value successfully

2023-08-20 14:25:57 - [MESSAGE][PASSED] - Verify element property value successfully

2023-08-20 14:25:57 - [TEST_STEP][PASSED] - verifyElementPropertyValue(getResponse, "deals[1].groups[0].pricingPlans[0].visualElements[13].key", "duration"): Verify element property value successfully

2023-08-20 14:25:57 - [MESSAGE][PASSED] - Verify element property value successfully

2023-08-20 14:25:57 - [TEST_STEP][PASSED] - verifyElementPropertyValue(getResponse, "deals[1].groups[0].pricingPlans[0].visualElements[13].value", "monthly"): Verify element property value successfully

2023-08-20 14:25:57 - [MESSAGE][PASSED] - Verify element property value successfully

2023-08-20 14:25:57 - [TEST_STEP][PASSED] - verifyElementPropertyValue(getResponse, "deals[1].groups[0].pricingPlans[0].visualElements[17].key", "CC_logo"): Verify element property value successfully

2023-08-20 14:25:57 - [MESSAGE][PASSED] - Verify element property value successfully

2023-08-20 14:25:57 - [TEST_STEP][PASSED] - verifyElementPropertyValue(getResponse, "deals[1].groups[0].pricingPlans[0].visualElements[17].value[0]", "visa"): Verify element property value successfully

2023-08-20 14:25:57 - [MESSAGE][PASSED] - Verify element property value successfully

2023-08-20 14:25:57 - [TEST_STEP][PASSED] - verifyElementPropertyValue(getResponse, "deals[1].groups[0].pricingPlans[0].visualElements[17].value[1]", "master"): Verify element property value successfully

2023-08-20 14:25:57 - [MESSAGE][PASSED] - Verify element property value successfully

2023-08-20 14:25:57 - [TEST_STEP][PASSED] - verifyElementPropertyValue(getResponse, "deals[1].groups[0].pricingPlans[0].visualElements[18].key", "summary_text_1"): Verify element property value successfully

2023-08-20 14:25:57 - [MESSAGE][PASSED] - Verify element property value successfully

2023-08-20 14:25:57 - [TEST_STEP][PASSED] - verifyElementPropertyValue(getResponse, "deals[1].groups[0].pricingPlans[0].visualElements[18].value", "Shahid VIP - All the greatest entertainment in one place. Subscribe now for SAR 39.99 per month (VAT Inclusive)"): Verify element property value successfully

2023-08-20 14:25:57 - [MESSAGE][PASSED] - Verify element property value successfully

2023-08-20 14:25:57 - [TEST_STEP][PASSED] - verifyElementPropertyValue(getResponse, "deals[1].groups[0].pricingPlans[0].pricingPlanData[0].pricingPlanId", "TPay_Mobily_SA"): Verify element property value successfully

2023-08-20 14:25:57 - [MESSAGE][PASSED] - Verify element property value successfully

2023-08-20 14:25:57 - [TEST_STEP][PASSED] - verifyElementPropertyValue(getResponse, "deals[1].groups[0].pricingPlans[0].pricingPlanData[0].productId", "KSA_B2C_SHAHID_VIP_1M"): Verify element property value successfully

2023-08-20 14:25:57 - [MESSAGE][PASSED] - Verify element property value successfully

2023-08-20 14:25:57 - [TEST_STEP][PASSED] - verifyElementPropertyValue(getResponse, "deals[1].groups[0].pricingPlans[0].pricingPlanData[0].subPricingPlanIds[0]", "42003"): Verify element property value successfully

2023-08-20 14:25:57 - [MESSAGE][PASSED] - Verify element property value successfully

2023-08-20 14:25:57 - [TEST_STEP][PASSED] - verifyElementPropertyValue(getResponse, "deals[1].groups[0].pricingPlans[0].pricingPlanData[0].paymentMethod", "MOBILE_PAY"): Verify element property value successfully

2023-08-20 14:25:57 - [MESSAGE][PASSED] - Verify element property value successfully

2023-08-20 14:25:57 - [TEST_STEP][PASSED] - verifyElementPropertyValue(getResponse, "deals[1].groups[0].pricingPlans[0].pricingPlanData[0].priceLabel", "39.99"): Verify element property value successfully

2023-08-20 14:25:57 - [MESSAGE][PASSED] - Verify element property value successfully

2023-08-20 14:25:57 - [TEST_STEP][PASSED] - verifyElementPropertyValue(getResponse, "deals[1].groups[0].pricingPlans[0].pricingPlanData[0].currencyLabel", "SAR"): Verify element property value successfully

2023-08-20 14:25:57 - [MESSAGE][PASSED] - Verify element property value successfully

2023-08-20 14:25:57 - [TEST_STEP][PASSED] - verifyElementPropertyValue(getResponse, "deals[1].groups[0].pricingPlans[0].pricingPlanData[0].dealId", "MOBILY-KSA-LP-ALLUSER"): Verify element property value successfully

2023-08-20 14:25:57 - [MESSAGE][PASSED] - Verify element property value successfully

2023-08-20 14:25:57 - [TEST_STEP][PASSED] - verifyElementPropertyValue(getResponse, "deals[1].groups[0].pricingPlans[0].pricingPlanData[0].showForAnonymous", "true"): Verify element property value successfully

2023-08-20 14:25:57 - [MESSAGE][PASSED] - Verify element property value successfully

2023-08-20 14:25:57 - [TEST_STEP][PASSED] - verifyElementPropertyValue(getResponse, "deals[1].specialOfferLandingPage.visualElements[0].key", "pop_up_tab_title"): Verify element property value successfully

2023-08-20 14:25:57 - [MESSAGE][PASSED] - Verify element property value successfully

2023-08-20 14:25:57 - [TEST_STEP][PASSED] - verifyElementPropertyValue(getResponse, "deals[1].specialOfferLandingPage.visualElements[0].value[0]", "Terms and Conditions  "): Verify element property value successfully

2023-08-20 14:25:57 - [MESSAGE][PASSED] - Verify element property value successfully

2023-08-20 14:25:57 - [TEST_STEP][PASSED] - verifyElementPropertyValue(getResponse, "deals[1].specialOfferLandingPage.visualElements[1].key", "pop_up_tab_content"): Verify element property value successfully

2023-08-20 14:25:57 - [MESSAGE][PASSED] - Verify element property value successfully

2023-08-20 14:25:57 - [TEST_STEP][PASSED] - verifyElementPropertyValue(getResponse, "deals[1].specialOfferLandingPage.visualElements[1].value[0]", "<ul> <li> Subscription will be automatically renewed  </li> <li> Monthly fees SAR 34.99 (VAT Inclusive) </li> <li> For all inquiries, contact us at care@shahid.net. </li> </ul>"): Verify element property value successfully

2023-08-20 14:25:57 - [MESSAGE][PASSED] - Verify element property value successfully

2023-08-20 14:25:57 - [TEST_STEP][PASSED] - verifyElementPropertyValue(getResponse, "deals[1].specialOfferLandingPage.visualElements[2].key", "partner_logo"): Verify element property value successfully

2023-08-20 14:25:57 - [MESSAGE][PASSED] - Verify element property value successfully

2023-08-20 14:25:57 - [TEST_STEP][PASSED] - verifyElementPropertyValue(getResponse, "deals[1].specialOfferLandingPage.visualElements[2].value", "https://shahid-static.s3.us-east-1.amazonaws.com/shahid-subscription-config/MobilyLogo.png"): Verify element property value successfully

2023-08-20 14:25:57 - [MESSAGE][PASSED] - Verify element property value successfully

2023-08-20 14:25:57 - [TEST_STEP][PASSED] - verifyElementPropertyValue(getResponse, "deals[1].specialOfferLandingPage.visualElements[4].key", "partner_name"): Verify element property value successfully

2023-08-20 14:25:57 - [MESSAGE][PASSED] - Verify element property value successfully

2023-08-20 14:25:57 - [TEST_STEP][PASSED] - verifyElementPropertyValue(getResponse, "deals[1].specialOfferLandingPage.visualElements[4].value", "MOBILY"): Verify element property value successfully

2023-08-20 14:25:57 - [MESSAGE][PASSED] - Verify element property value successfully

2023-08-20 14:25:57 - [TEST_STEP][PASSED] - verifyElementPropertyValue(getResponse, "deals[1].specialOfferLandingPage.visualElements[6].key", "continue_cta"): Verify element property value successfully

2023-08-20 14:25:57 - [MESSAGE][PASSED] - Verify element property value successfully

2023-08-20 14:25:57 - [TEST_STEP][PASSED] - verifyElementPropertyValue(getResponse, "deals[1].specialOfferLandingPage.visualElements[6].value", "Try Shahid VIP"): Verify element property value successfully

2023-08-20 14:25:57 - [MESSAGE][PASSED] - Verify element property value successfully

2023-08-20 14:25:57 - [TEST_STEP][PASSED] - verifyElementPropertyValue(getResponse, "deals[1].specialOfferLandingPage.visualElements[7].key", "guideline_cta"): Verify element property value successfully

2023-08-20 14:25:57 - [MESSAGE][PASSED] - Verify element property value successfully

2023-08-20 14:25:57 - [TEST_STEP][PASSED] - verifyElementPropertyValue(getResponse, "deals[1].specialOfferLandingPage.visualElements[7].value[0]", "Terms and Conditions Apply"): Verify element property value successfully

2023-08-20 14:25:57 - [MESSAGE][PASSED] - Verify element property value successfully

2023-08-20 14:25:57 - [TEST_STEP][PASSED] - verifyElementPropertyValue(getResponse, "deals[1].specialOfferLandingPage.cards[0].title", "باقة اسبوعية"): Verify element property value successfully

2023-08-20 14:25:57 - [MESSAGE][PASSED] - Verify element property value successfully

2023-08-20 14:25:57 - [TEST_STEP][PASSED] - verifyElementPropertyValue(getResponse, "deals[1].specialOfferLandingPage.cards[0].image", "https://shahid-static.s3.amazonaws.com/shahid-subscription-config/LP/2022VIPLP.jpg"): Verify element property value successfully

2023-08-20 14:25:57 - [MESSAGE][PASSED] - Verify element property value successfully

2023-08-20 14:25:57 - [TEST_STEP][PASSED] - verifyElementPropertyValue(getResponse, "deals[2].param", "zainksa"): Verify element property value successfully

2023-08-20 14:25:57 - [MESSAGE][PASSED] - Verify element property value successfully

2023-08-20 14:25:57 - [TEST_STEP][PASSED] - verifyElementPropertyValue(getResponse, "deals[2].skipLandingPage", "false"): Verify element property value successfully

2023-08-20 14:25:57 - [MESSAGE][PASSED] - Verify element property value successfully

2023-08-20 14:25:57 - [TEST_STEP][PASSED] - verifyElementPropertyValue(getResponse, "deals[2].visible", "false"): Verify element property value successfully

2023-08-20 14:25:57 - [MESSAGE][PASSED] - Verify element property value successfully

2023-08-20 14:25:57 - [TEST_STEP][PASSED] - verifyElementPropertyValue(getResponse, "deals[2].dealType", "deal_with_pricing_plan"): Verify element property value successfully

2023-08-20 14:25:57 - [MESSAGE][PASSED] - Verify element property value successfully

2023-08-20 14:25:57 - [TEST_STEP][PASSED] - verifyElementPropertyValue(getResponse, "deals[2].template", "TELCO"): Verify element property value successfully

2023-08-20 14:25:57 - [MESSAGE][PASSED] - Verify element property value successfully

2023-08-20 14:25:57 - [TEST_STEP][PASSED] - verifyElementPropertyValue(getResponse, "deals[2].visualElements[7].key", "main_partner_logo"): Verify element property value successfully

2023-08-20 14:25:57 - [MESSAGE][PASSED] - Verify element property value successfully

2023-08-20 14:25:57 - [TEST_STEP][PASSED] - verifyElementPropertyValue(getResponse, "deals[2].visualElements[7].value", "https://shahid-static.s3.us-east-1.amazonaws.com/shahid-subscription-config/ZainKSALogo.png"): Verify element property value successfully

2023-08-20 14:25:57 - [MESSAGE][PASSED] - Verify element property value successfully

2023-08-20 14:25:57 - [TEST_STEP][PASSED] - verifyElementPropertyValue(getResponse, "deals[2].groups[0].pricingPlans[0].featured", "false"): Verify element property value successfully

2023-08-20 14:25:57 - [MESSAGE][PASSED] - Verify element property value successfully

2023-08-20 14:25:57 - [TEST_STEP][PASSED] - verifyElementPropertyValue(getResponse, "deals[2].groups[0].pricingPlans[0].liteRegistrationEnabled", "true"): Verify element property value successfully

2023-08-20 14:25:57 - [MESSAGE][PASSED] - Verify element property value successfully

2023-08-20 14:25:57 - [TEST_STEP][PASSED] - verifyElementPropertyValue(getResponse, "deals[2].groups[0].pricingPlans[0].packageName", "monthly"): Verify element property value successfully

2023-08-20 14:25:57 - [MESSAGE][PASSED] - Verify element property value successfully

2023-08-20 14:25:57 - [TEST_STEP][PASSED] - verifyElementPropertyValue(getResponse, "deals[2].groups[0].pricingPlans[0].price", "39.99"): Verify element property value successfully

2023-08-20 14:25:57 - [MESSAGE][PASSED] - Verify element property value successfully

2023-08-20 14:25:57 - [TEST_STEP][PASSED] - verifyElementPropertyValue(getResponse, "deals[2].groups[0].pricingPlans[0].currency", "SAR"): Verify element property value successfully

2023-08-20 14:25:57 - [MESSAGE][PASSED] - Verify element property value successfully

2023-08-20 14:25:57 - [TEST_STEP][PASSED] - verifyElementPropertyValue(getResponse, "deals[2].groups[0].pricingPlans[0].packageId", "SHAHID_VIP"): Verify element property value successfully

2023-08-20 14:25:57 - [MESSAGE][PASSED] - Verify element property value successfully

2023-08-20 14:25:57 - [TEST_STEP][PASSED] - verifyElementPropertyValue(getResponse, "deals[2].groups[0].pricingPlans[0].catalogId", "VIP"): Verify element property value successfully

2023-08-20 14:25:57 - [MESSAGE][PASSED] - Verify element property value successfully

2023-08-20 14:25:57 - [TEST_STEP][PASSED] - verifyElementPropertyValue(getResponse, "deals[2].groups[0].pricingPlans[0].visualElements[7].key", "show_payment_logo"): Verify element property value successfully

2023-08-20 14:25:57 - [MESSAGE][PASSED] - Verify element property value successfully

2023-08-20 14:25:57 - [TEST_STEP][PASSED] - verifyElementPropertyValue(getResponse, "deals[2].groups[0].pricingPlans[0].visualElements[7].value", "true"): Verify element property value successfully

2023-08-20 14:25:57 - [MESSAGE][PASSED] - Verify element property value successfully

2023-08-20 14:25:57 - [TEST_STEP][PASSED] - verifyElementPropertyValue(getResponse, "deals[2].groups[0].pricingPlans[0].visualElements[8].key", "show_tag"): Verify element property value successfully

2023-08-20 14:25:57 - [MESSAGE][PASSED] - Verify element property value successfully

2023-08-20 14:25:57 - [TEST_STEP][PASSED] - verifyElementPropertyValue(getResponse, "deals[2].groups[0].pricingPlans[0].visualElements[8].value", "true"): Verify element property value successfully

2023-08-20 14:25:57 - [MESSAGE][PASSED] - Verify element property value successfully

2023-08-20 14:25:57 - [TEST_STEP][PASSED] - verifyElementPropertyValue(getResponse, "deals[2].groups[0].pricingPlans[0].visualElements[11].key", "price"): Verify element property value successfully

2023-08-20 14:25:57 - [MESSAGE][PASSED] - Verify element property value successfully

2023-08-20 14:25:57 - [TEST_STEP][PASSED] - verifyElementPropertyValue(getResponse, "deals[2].groups[0].pricingPlans[0].visualElements[11].value", "39.99"): Verify element property value successfully

2023-08-20 14:25:57 - [MESSAGE][PASSED] - Verify element property value successfully

2023-08-20 14:25:57 - [TEST_STEP][PASSED] - verifyElementPropertyValue(getResponse, "deals[2].groups[0].pricingPlans[0].visualElements[12].key", "currency"): Verify element property value successfully

2023-08-20 14:25:57 - [MESSAGE][PASSED] - Verify element property value successfully

2023-08-20 14:25:57 - [TEST_STEP][PASSED] - verifyElementPropertyValue(getResponse, "deals[2].groups[0].pricingPlans[0].visualElements[12].value", "SAR"): Verify element property value successfully

2023-08-20 14:25:57 - [MESSAGE][PASSED] - Verify element property value successfully

2023-08-20 14:25:57 - [TEST_STEP][PASSED] - verifyElementPropertyValue(getResponse, "deals[2].groups[0].pricingPlans[0].visualElements[13].key", "duration"): Verify element property value successfully

2023-08-20 14:25:57 - [MESSAGE][PASSED] - Verify element property value successfully

2023-08-20 14:25:57 - [TEST_STEP][PASSED] - verifyElementPropertyValue(getResponse, "deals[2].groups[0].pricingPlans[0].visualElements[13].value", "monthly"): Verify element property value successfully

2023-08-20 14:25:57 - [MESSAGE][PASSED] - Verify element property value successfully

2023-08-20 14:25:57 - [TEST_STEP][PASSED] - verifyElementPropertyValue(getResponse, "deals[2].groups[0].pricingPlans[0].visualElements[17].key", "CC_logo"): Verify element property value successfully

2023-08-20 14:25:57 - [MESSAGE][PASSED] - Verify element property value successfully

2023-08-20 14:25:57 - [TEST_STEP][PASSED] - verifyElementPropertyValue(getResponse, "deals[2].groups[0].pricingPlans[0].visualElements[17].value[0]", "visa"): Verify element property value successfully

2023-08-20 14:25:57 - [MESSAGE][PASSED] - Verify element property value successfully

2023-08-20 14:25:57 - [TEST_STEP][PASSED] - verifyElementPropertyValue(getResponse, "deals[2].groups[0].pricingPlans[0].visualElements[17].value[1]", "master"): Verify element property value successfully

2023-08-20 14:25:57 - [MESSAGE][PASSED] - Verify element property value successfully

2023-08-20 14:25:57 - [TEST_STEP][PASSED] - verifyElementPropertyValue(getResponse, "deals[2].groups[0].pricingPlans[0].visualElements[18].key", "summary_text_1"): Verify element property value successfully

2023-08-20 14:25:57 - [MESSAGE][PASSED] - Verify element property value successfully

2023-08-20 14:25:57 - [TEST_STEP][PASSED] - verifyElementPropertyValue(getResponse, "deals[2].groups[0].pricingPlans[0].visualElements[18].value", "Shahid VIP - All the greatest entertainment in one place. Subscribe now for SAR 39.99 per month (VAT Inclusive)"): Verify element property value successfully

2023-08-20 14:25:57 - [MESSAGE][PASSED] - Verify element property value successfully

2023-08-20 14:25:57 - [TEST_STEP][PASSED] - verifyElementPropertyValue(getResponse, "deals[2].groups[0].pricingPlans[0].pricingPlanData[0].pricingPlanId", "TPay_Zain_SA"): Verify element property value successfully

2023-08-20 14:25:57 - [MESSAGE][PASSED] - Verify element property value successfully

2023-08-20 14:25:57 - [TEST_STEP][PASSED] - verifyElementPropertyValue(getResponse, "deals[2].groups[0].pricingPlans[0].pricingPlanData[0].productId", "KSA_B2C_SHAHID_VIP_1M"): Verify element property value successfully

2023-08-20 14:25:57 - [MESSAGE][PASSED] - Verify element property value successfully

2023-08-20 14:25:57 - [TEST_STEP][PASSED] - verifyElementPropertyValue(getResponse, "deals[2].groups[0].pricingPlans[0].pricingPlanData[0].subPricingPlanIds[0]", "42004"): Verify element property value successfully

2023-08-20 14:25:57 - [MESSAGE][PASSED] - Verify element property value successfully

2023-08-20 14:25:57 - [TEST_STEP][PASSED] - verifyElementPropertyValue(getResponse, "deals[2].groups[0].pricingPlans[0].pricingPlanData[0].paymentMethod", "MOBILE_PAY"): Verify element property value successfully

2023-08-20 14:25:57 - [MESSAGE][PASSED] - Verify element property value successfully

2023-08-20 14:25:57 - [TEST_STEP][PASSED] - verifyElementPropertyValue(getResponse, "deals[2].groups[0].pricingPlans[0].pricingPlanData[0].priceLabel", "39.99"): Verify element property value successfully

2023-08-20 14:25:58 - [MESSAGE][PASSED] - Verify element property value successfully

2023-08-20 14:25:58 - [TEST_STEP][PASSED] - verifyElementPropertyValue(getResponse, "deals[2].groups[0].pricingPlans[0].pricingPlanData[0].currencyLabel", "SAR"): Verify element property value successfully

2023-08-20 14:25:58 - [MESSAGE][PASSED] - Verify element property value successfully

2023-08-20 14:25:58 - [TEST_STEP][PASSED] - verifyElementPropertyValue(getResponse, "deals[2].groups[0].pricingPlans[0].pricingPlanData[0].dealId", "ZAIN-KSA-LP-ALLUSER"): Verify element property value successfully

2023-08-20 14:25:58 - [MESSAGE][PASSED] - Verify element property value successfully

2023-08-20 14:25:58 - [TEST_STEP][PASSED] - verifyElementPropertyValue(getResponse, "deals[2].groups[0].pricingPlans[0].pricingPlanData[0].showForAnonymous", "true"): Verify element property value successfully

2023-08-20 14:25:58 - [MESSAGE][PASSED] - Verify element property value successfully

2023-08-20 14:25:58 - [TEST_STEP][PASSED] - verifyElementPropertyValue(getResponse, "deals[2].specialOfferLandingPage.visualElements[0].key", "pop_up_tab_title"): Verify element property value successfully

2023-08-20 14:25:58 - [MESSAGE][PASSED] - Verify element property value successfully

2023-08-20 14:25:58 - [TEST_STEP][PASSED] - verifyElementPropertyValue(getResponse, "deals[2].specialOfferLandingPage.visualElements[0].value[0]", "Terms and Conditions  "): Verify element property value successfully

2023-08-20 14:25:58 - [MESSAGE][PASSED] - Verify element property value successfully

2023-08-20 14:25:58 - [TEST_STEP][PASSED] - verifyElementPropertyValue(getResponse, "deals[2].specialOfferLandingPage.visualElements[1].key", "pop_up_tab_content"): Verify element property value successfully

2023-08-20 14:25:58 - [MESSAGE][PASSED] - Verify element property value successfully

2023-08-20 14:25:58 - [TEST_STEP][PASSED] - verifyElementPropertyValue(getResponse, "deals[2].specialOfferLandingPage.visualElements[1].value[0]", "<ul> <li> Subscription will be automatically renewed  </li> <li> Monthly fees SAR 34.99 (VAT Inclusive) </li> <li> For all inquiries, contact us at care@shahid.net. </li> </ul>"): Verify element property value successfully

2023-08-20 14:25:58 - [MESSAGE][PASSED] - Verify element property value successfully

2023-08-20 14:25:58 - [TEST_STEP][PASSED] - verifyElementPropertyValue(getResponse, "deals[2].specialOfferLandingPage.visualElements[2].key", "partner_logo"): Verify element property value successfully

2023-08-20 14:25:58 - [MESSAGE][PASSED] - Verify element property value successfully

2023-08-20 14:25:58 - [TEST_STEP][PASSED] - verifyElementPropertyValue(getResponse, "deals[2].specialOfferLandingPage.visualElements[2].value", "https://shahid-static.s3.us-east-1.amazonaws.com/shahid-subscription-config/ZainKSALogo.png"): Verify element property value successfully

2023-08-20 14:25:58 - [MESSAGE][PASSED] - Verify element property value successfully

2023-08-20 14:25:58 - [TEST_STEP][PASSED] - verifyElementPropertyValue(getResponse, "deals[2].specialOfferLandingPage.visualElements[4].key", "partner_name"): Verify element property value successfully

2023-08-20 14:25:58 - [MESSAGE][PASSED] - Verify element property value successfully

2023-08-20 14:25:58 - [TEST_STEP][PASSED] - verifyElementPropertyValue(getResponse, "deals[2].specialOfferLandingPage.visualElements[4].value", "ZAIN"): Verify element property value successfully

2023-08-20 14:25:58 - [MESSAGE][PASSED] - Verify element property value successfully

2023-08-20 14:25:58 - [TEST_STEP][PASSED] - verifyElementPropertyValue(getResponse, "deals[2].specialOfferLandingPage.visualElements[6].key", "continue_cta"): Verify element property value successfully

2023-08-20 14:25:58 - [MESSAGE][PASSED] - Verify element property value successfully

2023-08-20 14:25:58 - [TEST_STEP][PASSED] - verifyElementPropertyValue(getResponse, "deals[2].specialOfferLandingPage.visualElements[6].value", "Try Shahid VIP"): Verify element property value successfully

2023-08-20 14:25:58 - [MESSAGE][PASSED] - Verify element property value successfully

2023-08-20 14:25:58 - [TEST_STEP][PASSED] - verifyElementPropertyValue(getResponse, "deals[2].specialOfferLandingPage.visualElements[7].key", "guideline_cta"): Verify element property value successfully

2023-08-20 14:25:58 - [MESSAGE][PASSED] - Verify element property value successfully

2023-08-20 14:25:58 - [TEST_STEP][PASSED] - verifyElementPropertyValue(getResponse, "deals[2].specialOfferLandingPage.visualElements[7].value[0]", "Terms and Conditions Apply"): Verify element property value successfully

2023-08-20 14:25:58 - [MESSAGE][PASSED] - Verify element property value successfully

2023-08-20 14:25:58 - [TEST_STEP][PASSED] - verifyElementPropertyValue(getResponse, "deals[2].specialOfferLandingPage.cards[0].title", "باقة اسبوعية"): Verify element property value successfully

2023-08-20 14:25:58 - [MESSAGE][PASSED] - Verify element property value successfully

2023-08-20 14:25:58 - [TEST_STEP][PASSED] - verifyElementPropertyValue(getResponse, "deals[2].specialOfferLandingPage.cards[0].image", "https://shahid-static.s3.amazonaws.com/shahid-subscription-config/LP/2022VIPLP.jpg"): Verify element property value successfully

2023-08-20 14:25:58 - [MESSAGE][PASSED] - Verify element property value successfully

2023-08-20 14:25:58 - [TEST_STEP][PASSED] - verifyElementPropertyValue(getResponse, "visualElements[0].key", "main_CTA_text_1"): Verify element property value successfully

2023-08-20 14:25:58 - [MESSAGE][PASSED] - Verify element property value successfully

2023-08-20 14:25:58 - [TEST_STEP][PASSED] - verifyElementPropertyValue(getResponse, "visualElements[0].value", "Watch the most powerful series and movies exclusively without stopping"): Verify element property value successfully

2023-08-20 14:25:58 - [MESSAGE][PASSED] - Verify element property value successfully

2023-08-20 14:25:58 - [TEST_STEP][PASSED] - verifyElementPropertyValue(getResponse, "visualElements[2].key", "main_disclaimer_text"): Verify element property value successfully

2023-08-20 14:25:58 - [MESSAGE][PASSED] - Verify element property value successfully

2023-08-20 14:25:58 - [TEST_STEP][PASSED] - verifyElementPropertyValue(getResponse, "visualElements[2].value", "Subscription fees may vary depending on the country, payment method, subscription package, added tax, currency conversion factor, and bank fees. Terms and conditions apply."): Verify element property value successfully

2023-08-20 14:25:58 - [MESSAGE][PASSED] - Verify element property value successfully

2023-08-20 14:25:58 - [TEST_STEP][PASSED] - verifyElementPropertyValue(getResponse, "visualElements[4].key", "display_type"): Verify element property value successfully

2023-08-20 14:25:58 - [MESSAGE][PASSED] - Verify element property value successfully

2023-08-20 14:25:58 - [TEST_STEP][PASSED] - verifyElementPropertyValue(getResponse, "visualElements[4].value", "vertical"): Verify element property value successfully

2023-08-20 14:25:58 - [MESSAGE][PASSED] - Verify element property value successfully

2023-08-20 14:25:58 - [TEST_STEP][PASSED] - verifyElementPropertyValue(getResponse, "pages[0].visualElements[0].key", "alternative_payment_title"): Verify element property value successfully

2023-08-20 14:25:58 - [MESSAGE][PASSED] - Verify element property value successfully

2023-08-20 14:25:58 - [TEST_STEP][PASSED] - verifyElementPropertyValue(getResponse, "pages[0].visualElements[0].value", "Or choose one of the following alternative methods"): Verify element property value successfully

2023-08-20 14:25:58 - [MESSAGE][PASSED] - Verify element property value successfully

2023-08-20 14:25:58 - [TEST_STEP][PASSED] - verifyElementPropertyValue(getResponse, "pages[0].visualElements[1].key", "label_text"): Verify element property value successfully

2023-08-20 14:25:58 - [MESSAGE][PASSED] - Verify element property value successfully

2023-08-20 14:25:58 - [TEST_STEP][FAILED] - verifyElementPropertyValue(getResponse, "pages[0].visualElements[1].value", "Other Payment Methods"): Expected element property value 'Other Payment Methods' is not equal with actual property value 'Other payment methods'

2023-08-20 14:25:58 - [MESSAGE][FAILED] - Expected element property value 'Other Payment Methods' is not equal with actual property value 'Other payment methods'

2023-08-20 14:25:58 - [TEST_STEP][PASSED] - verifyElementPropertyValue(getResponse, "pages[0].visualElements[3].key", "CTA_text"): Verify element property value successfully

2023-08-20 14:25:58 - [MESSAGE][PASSED] - Verify element property value successfully

2023-08-20 14:25:58 - [TEST_STEP][PASSED] - verifyElementPropertyValue(getResponse, "pages[0].visualElements[3].value", "Click here"): Verify element property value successfully

2023-08-20 14:25:58 - [MESSAGE][PASSED] - Verify element property value successfully

2023-08-20 14:25:58 - [TEST_STEP][PASSED] - verifyElementPropertyValue(getResponse, "pages[0].visualElements[4].key", "main_title"): Verify element property value successfully

2023-08-20 14:25:58 - [MESSAGE][PASSED] - Verify element property value successfully

2023-08-20 14:25:58 - [TEST_STEP][PASSED] - verifyElementPropertyValue(getResponse, "pages[0].visualElements[4].value", "Other Payment Methods"): Verify element property value successfully

2023-08-20 14:25:58 - [MESSAGE][PASSED] - Verify element property value successfully

2023-08-20 14:25:58 - [TEST_STEP][PASSED] - verifyElementPropertyValue(getResponse, "pages[0].visualElements[6].key", "alternative_payment_methods"): Verify element property value successfully

2023-08-20 14:25:58 - [MESSAGE][PASSED] - Verify element property value successfully

2023-08-20 14:25:58 - [TEST_STEP][PASSED] - verifyElementPropertyValue(getResponse, "pages[0].visualElements[6].value", "You can get Shahid voucher from any of the following retailers"): Verify element property value successfully

2023-08-20 14:25:58 - [MESSAGE][PASSED] - Verify element property value successfully

2023-08-20 14:25:58 - [TEST_STEP][PASSED] - verifyElementPropertyValue(getResponse, "defaultPackageId", "SHAHID_VIP"): Verify element property value successfully

2023-08-20 14:25:58 - [MESSAGE][PASSED] - Verify element property value successfully]]></system-out>
         <system-err><![CDATA[2023-08-20 14:25:52 - [TEST_CASE][FAILED] - Test Cases/WEB - SAFARI/SAU PI/WEB_EN_getSubscriptionConfigForSAU_VIP: Test Cases/WEB - SAFARI/SAU PI/WEB_EN_getSubscriptionConfigForSAU_VIP FAILED.
Reason:
com.kms.katalon.core.exception.StepFailedException: Expected element property value 'Other Payment Methods' is not equal with actual property value 'Other payment methods'
	at com.kms.katalon.core.keyword.internal.KeywordMain.stepFailed(KeywordMain.groovy:39)
	at com.kms.katalon.core.webservice.keyword.builtin.VerifyElementPropertyValueKeyword$_verifyElementPropertyValue_closure1.doCall(VerifyElementPropertyValueKeyword.groovy:56)
	at com.kms.katalon.core.webservice.keyword.builtin.VerifyElementPropertyValueKeyword$_verifyElementPropertyValue_closure1.call(VerifyElementPropertyValueKeyword.groovy)
	at com.kms.katalon.core.keyword.internal.KeywordMain.runKeyword(KeywordMain.groovy:74)
	at com.kms.katalon.core.webservice.keyword.builtin.VerifyElementPropertyValueKeyword.verifyElementPropertyValue(VerifyElementPropertyValueKeyword.groovy:48)
	at com.kms.katalon.core.webservice.keyword.builtin.VerifyElementPropertyValueKeyword.execute(VerifyElementPropertyValueKeyword.groovy:43)
	at com.kms.katalon.core.keyword.internal.KeywordExecutor.executeKeywordForPlatform(KeywordExecutor.groovy:74)
	at com.kms.katalon.core.webservice.keyword.WSBuiltInKeywords.verifyElementPropertyValue(WSBuiltInKeywords.groovy:190)
	at com.kms.katalon.core.webservice.keyword.WSBuiltInKeywords$verifyElementPropertyValue$1.call(Unknown Source)
	at WEB_EN_getSubscriptionConfigForSAU_VIP.run(WEB_EN_getSubscriptionConfigForSAU_VIP:382)
	at com.kms.katalon.core.main.ScriptEngine.run(ScriptEngine.java:194)
	at com.kms.katalon.core.main.ScriptEngine.runScriptAsRawText(ScriptEngine.java:119)
	at com.kms.katalon.core.main.TestCaseExecutor.runScript(TestCaseExecutor.java:448)
	at com.kms.katalon.core.main.TestCaseExecutor.doExecute(TestCaseExecutor.java:439)
	at com.kms.katalon.core.main.TestCaseExecutor.processExecutionPhase(TestCaseExecutor.java:418)
	at com.kms.katalon.core.main.TestCaseExecutor.accessMainPhase(TestCaseExecutor.java:410)
	at com.kms.katalon.core.main.TestCaseExecutor.execute(TestCaseExecutor.java:285)
	at com.kms.katalon.core.common.CommonExecutor.accessTestCaseMainPhase(CommonExecutor.java:65)
	at com.kms.katalon.core.main.TestSuiteExecutor.accessTestSuiteMainPhase(TestSuiteExecutor.java:151)
	at com.kms.katalon.core.main.TestSuiteExecutor.execute(TestSuiteExecutor.java:106)
	at com.kms.katalon.core.main.TestCaseMain.startTestSuite(TestCaseMain.java:185)
	at com.kms.katalon.core.main.TestCaseMain$startTestSuite$0.call(Unknown Source)
	at TempTestSuite1692530449060.run(TempTestSuite1692530449060.groovy:36)]]></system-err>
      </testcase>
      <system-out><![CDATA[2023-08-20 14:25:23 - [TEST_SUITE][FAILED] - SAU: Test Cases/WEB - SAFARI/SAU PI/WEB_AR_getSubscriptionConfigForSAU_GOBX FAILED.
Reason:
com.kms.katalon.core.exception.StepFailedException: Expected element property value 'شهرياً' is not equal with actual property value 'الاشتراك الشهري'
	at com.kms.katalon.core.keyword.internal.KeywordMain.stepFailed(KeywordMain.groovy:39)
	at com.kms.katalon.core.webservice.keyword.builtin.VerifyElementPropertyValueKeyword$_verifyElementPropertyValue_closure1.doCall(VerifyElementPropertyValueKeyword.groovy:56)
	at com.kms.katalon.core.webservice.keyword.builtin.VerifyElementPropertyValueKeyword$_verifyElementPropertyValue_closure1.call(VerifyElementPropertyValueKeyword.groovy)
	at com.kms.katalon.core.keyword.internal.KeywordMain.runKeyword(KeywordMain.groovy:74)
	at com.kms.katalon.core.webservice.keyword.builtin.VerifyElementPropertyValueKeyword.verifyElementPropertyValue(VerifyElementPropertyValueKeyword.groovy:48)
	at com.kms.katalon.core.webservice.keyword.builtin.VerifyElementPropertyValueKeyword.execute(VerifyElementPropertyValueKeyword.groovy:43)
	at com.kms.katalon.core.keyword.internal.KeywordExecutor.executeKeywordForPlatform(KeywordExecutor.groovy:74)
	at com.kms.katalon.core.webservice.keyword.WSBuiltInKeywords.verifyElementPropertyValue(WSBuiltInKeywords.groovy:190)
	at com.kms.katalon.core.webservice.keyword.WSBuiltInKeywords$verifyElementPropertyValue$1.call(Unknown Source)
	at WEB_AR_getSubscriptionConfigForSAU_GOBX.run(WEB_AR_getSubscriptionConfigForSAU_GOBX:67)
	at com.kms.katalon.core.main.ScriptEngine.run(ScriptEngine.java:194)
	at com.kms.katalon.core.main.ScriptEngine.runScriptAsRawText(ScriptEngine.java:119)
	at com.kms.katalon.core.main.TestCaseExecutor.runScript(TestCaseExecutor.java:448)
	at com.kms.katalon.core.main.TestCaseExecutor.doExecute(TestCaseExecutor.java:439)
	at com.kms.katalon.core.main.TestCaseExecutor.processExecutionPhase(TestCaseExecutor.java:418)
	at com.kms.katalon.core.main.TestCaseExecutor.accessMainPhase(TestCaseExecutor.java:410)
	at com.kms.katalon.core.main.TestCaseExecutor.execute(TestCaseExecutor.java:285)
	at com.kms.katalon.core.common.CommonExecutor.accessTestCaseMainPhase(CommonExecutor.java:65)
	at com.kms.katalon.core.main.TestSuiteExecutor.accessTestSuiteMainPhase(TestSuiteExecutor.java:151)
	at com.kms.katalon.core.main.TestSuiteExecutor.execute(TestSuiteExecutor.java:106)
	at com.kms.katalon.core.main.TestCaseMain.startTestSuite(TestCaseMain.java:185)
	at com.kms.katalon.core.main.TestCaseMain$startTestSuite$0.call(Unknown Source)
	at TempTestSuite1692530449060.run(TempTestSuite1692530449060.groovy:36)]]></system-out>
      <system-err><![CDATA[2023-08-20 14:25:23 - [TEST_SUITE][FAILED] - SAU: Test Cases/WEB - SAFARI/SAU PI/WEB_AR_getSubscriptionConfigForSAU_GOBX FAILED.
Reason:
com.kms.katalon.core.exception.StepFailedException: Expected element property value 'شهرياً' is not equal with actual property value 'الاشتراك الشهري'
	at com.kms.katalon.core.keyword.internal.KeywordMain.stepFailed(KeywordMain.groovy:39)
	at com.kms.katalon.core.webservice.keyword.builtin.VerifyElementPropertyValueKeyword$_verifyElementPropertyValue_closure1.doCall(VerifyElementPropertyValueKeyword.groovy:56)
	at com.kms.katalon.core.webservice.keyword.builtin.VerifyElementPropertyValueKeyword$_verifyElementPropertyValue_closure1.call(VerifyElementPropertyValueKeyword.groovy)
	at com.kms.katalon.core.keyword.internal.KeywordMain.runKeyword(KeywordMain.groovy:74)
	at com.kms.katalon.core.webservice.keyword.builtin.VerifyElementPropertyValueKeyword.verifyElementPropertyValue(VerifyElementPropertyValueKeyword.groovy:48)
	at com.kms.katalon.core.webservice.keyword.builtin.VerifyElementPropertyValueKeyword.execute(VerifyElementPropertyValueKeyword.groovy:43)
	at com.kms.katalon.core.keyword.internal.KeywordExecutor.executeKeywordForPlatform(KeywordExecutor.groovy:74)
	at com.kms.katalon.core.webservice.keyword.WSBuiltInKeywords.verifyElementPropertyValue(WSBuiltInKeywords.groovy:190)
	at com.kms.katalon.core.webservice.keyword.WSBuiltInKeywords$verifyElementPropertyValue$1.call(Unknown Source)
	at WEB_AR_getSubscriptionConfigForSAU_GOBX.run(WEB_AR_getSubscriptionConfigForSAU_GOBX:67)
	at com.kms.katalon.core.main.ScriptEngine.run(ScriptEngine.java:194)
	at com.kms.katalon.core.main.ScriptEngine.runScriptAsRawText(ScriptEngine.java:119)
	at com.kms.katalon.core.main.TestCaseExecutor.runScript(TestCaseExecutor.java:448)
	at com.kms.katalon.core.main.TestCaseExecutor.doExecute(TestCaseExecutor.java:439)
	at com.kms.katalon.core.main.TestCaseExecutor.processExecutionPhase(TestCaseExecutor.java:418)
	at com.kms.katalon.core.main.TestCaseExecutor.accessMainPhase(TestCaseExecutor.java:410)
	at com.kms.katalon.core.main.TestCaseExecutor.execute(TestCaseExecutor.java:285)
	at com.kms.katalon.core.common.CommonExecutor.accessTestCaseMainPhase(CommonExecutor.java:65)
	at com.kms.katalon.core.main.TestSuiteExecutor.accessTestSuiteMainPhase(TestSuiteExecutor.java:151)
	at com.kms.katalon.core.main.TestSuiteExecutor.execute(TestSuiteExecutor.java:106)
	at com.kms.katalon.core.main.TestCaseMain.startTestSuite(TestCaseMain.java:185)
	at com.kms.katalon.core.main.TestCaseMain$startTestSuite$0.call(Unknown Source)
	at TempTestSuite1692530449060.run(TempTestSuite1692530449060.groovy:36)]]></system-err>
   </testsuite>
</testsuites>
