<?xml version="1.0" encoding="UTF-8"?>
<testsuites name="IRQ" time="41.466" tests="10" failures="6" errors="0">
   <testsuite name="IRQ" tests="10" failures="6" errors="0" time="41.466" skipped="0" timestamp="2023-10-16 14:22:04" hostname="admin - 10.109.12.148" id="Test Suites/WEB/IRQ">
      <properties>
         <property name="deviceName" value=""/>
         <property name="devicePlatform" value=""/>
         <property name="logFolder" value="/Users/admin/git/shahid-configuration/Reports/20231016_140310/WEB/IRQ/20231016_140347"/>
         <property name="logFiles" value="/Users/admin/git/shahid-configuration/Reports/20231016_140310/WEB/IRQ/20231016_140347/execution0.log"/>
         <property name="attachments" value=""/>
         <property name="hostName" value="admin - 10.109.12.148"/>
         <property name="hostAddress" value="10.109.12.148"/>
         <property name="os" value="Mac OS X 64bit"/>
         <property name="katalonVersion" value="8.6.6.208"/>
      </properties>
      <testcase name="Test Cases/WEB - CHROME/IRQ PI/WEB_AR_getSubscriptionConfigForIRQ_GEA" time="4.018" classname="Test Cases/WEB - CHROME/IRQ PI/WEB_AR_getSubscriptionConfigForIRQ_GEA" status="FAILED">
         <failure type="FAILED" message="Test Cases/WEB - CHROME/IRQ PI/WEB_AR_getSubscriptionConfigForIRQ_GEA FAILED.
Reason:
com.kms.katalon.core.exception.StepFailedException: Expected element property value ' الأكثر مبيعاً' is not equal with actual property value ' الأكثر مبيعاً'
	at com.kms.katalon.core.keyword.internal.KeywordMain.stepFailed(KeywordMain.groovy:39)
	at com.kms.katalon.core.webservice.keyword.builtin.VerifyElementPropertyValueKeyword$_verifyElementPropertyValue_closure1.doCall(VerifyElementPropertyValueKeyword.groovy:56)
	at com.kms.katalon.core.webservice.keyword.builtin.VerifyElementPropertyValueKeyword$_verifyElementPropertyValue_closure1.call(VerifyElementPropertyValueKeyword.groovy)
	at com.kms.katalon.core.keyword.internal.KeywordMain.runKeyword(KeywordMain.groovy:75)
	at com.kms.katalon.core.webservice.keyword.builtin.VerifyElementPropertyValueKeyword.verifyElementPropertyValue(VerifyElementPropertyValueKeyword.groovy:48)
	at com.kms.katalon.core.webservice.keyword.builtin.VerifyElementPropertyValueKeyword.execute(VerifyElementPropertyValueKeyword.groovy:43)
	at com.kms.katalon.core.keyword.internal.KeywordExecutor.executeKeywordForPlatform(KeywordExecutor.groovy:74)
	at com.kms.katalon.core.webservice.keyword.WSBuiltInKeywords.verifyElementPropertyValue(WSBuiltInKeywords.groovy:190)
	at com.kms.katalon.core.webservice.keyword.WSBuiltInKeywords$verifyElementPropertyValue$1.call(Unknown Source)
	at WEB_AR_getSubscriptionConfigForIRQ_GEA.run(WEB_AR_getSubscriptionConfigForIRQ_GEA:68)
	at com.kms.katalon.core.main.ScriptEngine.run(ScriptEngine.java:194)
	at com.kms.katalon.core.main.ScriptEngine.runScriptAsRawText(ScriptEngine.java:119)
	at com.kms.katalon.core.main.TestCaseExecutor.runScript(TestCaseExecutor.java:448)
	at com.kms.katalon.core.main.TestCaseExecutor.doExecute(TestCaseExecutor.java:439)
	at com.kms.katalon.core.main.TestCaseExecutor.processExecutionPhase(TestCaseExecutor.java:418)
	at com.kms.katalon.core.main.TestCaseExecutor.accessMainPhase(TestCaseExecutor.java:410)
	at com.kms.katalon.core.main.TestCaseExecutor.execute(TestCaseExecutor.java:285)
	at com.kms.katalon.core.common.CommonExecutor.accessTestCaseMainPhase(CommonExecutor.java:65)
	at com.kms.katalon.core.main.TestSuiteExecutor.accessTestSuiteMainPhase(TestSuiteExecutor.java:148)
	at com.kms.katalon.core.main.TestSuiteExecutor.execute(TestSuiteExecutor.java:106)
	at com.kms.katalon.core.main.TestCaseMain.startTestSuite(TestCaseMain.java:187)
	at com.kms.katalon.core.main.TestCaseMain$startTestSuite$0.call(Unknown Source)
	at TempTestSuite1697454227045.run(TempTestSuite1697454227045.groovy:36)
"/>
         <system-out><![CDATA[2023-10-16 14:22:04 - [TEST_CASE][FAILED] - Test Cases/WEB - CHROME/IRQ PI/WEB_AR_getSubscriptionConfigForIRQ_GEA: Test Cases/WEB - CHROME/IRQ PI/WEB_AR_getSubscriptionConfigForIRQ_GEA FAILED.
Reason:
com.kms.katalon.core.exception.StepFailedException: Expected element property value ' الأكثر مبيعاً' is not equal with actual property value ' الأكثر مبيعاً'
	at com.kms.katalon.core.keyword.internal.KeywordMain.stepFailed(KeywordMain.groovy:39)
	at com.kms.katalon.core.webservice.keyword.builtin.VerifyElementPropertyValueKeyword$_verifyElementPropertyValue_closure1.doCall(VerifyElementPropertyValueKeyword.groovy:56)
	at com.kms.katalon.core.webservice.keyword.builtin.VerifyElementPropertyValueKeyword$_verifyElementPropertyValue_closure1.call(VerifyElementPropertyValueKeyword.groovy)
	at com.kms.katalon.core.keyword.internal.KeywordMain.runKeyword(KeywordMain.groovy:75)
	at com.kms.katalon.core.webservice.keyword.builtin.VerifyElementPropertyValueKeyword.verifyElementPropertyValue(VerifyElementPropertyValueKeyword.groovy:48)
	at com.kms.katalon.core.webservice.keyword.builtin.VerifyElementPropertyValueKeyword.execute(VerifyElementPropertyValueKeyword.groovy:43)
	at com.kms.katalon.core.keyword.internal.KeywordExecutor.executeKeywordForPlatform(KeywordExecutor.groovy:74)
	at com.kms.katalon.core.webservice.keyword.WSBuiltInKeywords.verifyElementPropertyValue(WSBuiltInKeywords.groovy:190)
	at com.kms.katalon.core.webservice.keyword.WSBuiltInKeywords$verifyElementPropertyValue$1.call(Unknown Source)
	at WEB_AR_getSubscriptionConfigForIRQ_GEA.run(WEB_AR_getSubscriptionConfigForIRQ_GEA:68)
	at com.kms.katalon.core.main.ScriptEngine.run(ScriptEngine.java:194)
	at com.kms.katalon.core.main.ScriptEngine.runScriptAsRawText(ScriptEngine.java:119)
	at com.kms.katalon.core.main.TestCaseExecutor.runScript(TestCaseExecutor.java:448)
	at com.kms.katalon.core.main.TestCaseExecutor.doExecute(TestCaseExecutor.java:439)
	at com.kms.katalon.core.main.TestCaseExecutor.processExecutionPhase(TestCaseExecutor.java:418)
	at com.kms.katalon.core.main.TestCaseExecutor.accessMainPhase(TestCaseExecutor.java:410)
	at com.kms.katalon.core.main.TestCaseExecutor.execute(TestCaseExecutor.java:285)
	at com.kms.katalon.core.common.CommonExecutor.accessTestCaseMainPhase(CommonExecutor.java:65)
	at com.kms.katalon.core.main.TestSuiteExecutor.accessTestSuiteMainPhase(TestSuiteExecutor.java:148)
	at com.kms.katalon.core.main.TestSuiteExecutor.execute(TestSuiteExecutor.java:106)
	at com.kms.katalon.core.main.TestCaseMain.startTestSuite(TestCaseMain.java:187)
	at com.kms.katalon.core.main.TestCaseMain$startTestSuite$0.call(Unknown Source)
	at TempTestSuite1697454227045.run(TempTestSuite1697454227045.groovy:36)


2023-10-16 14:22:05 - [TEST_STEP][PASSED] - getResponse = config_files.getConfigFile.getConfig("WEB", "AR", "SHAHID_VIP_GEA", "IQ", "false"): config_files.getConfigFile.getConfig is PASSED

2023-10-16 14:22:07 - [MESSAGE][INFO] - HAR: /Users/admin/git/shahid-configuration/Reports/20231016_140310/WEB/IRQ/20231016_140347/requests/main/0.har

2023-10-16 14:22:07 - [MESSAGE][PASSED] - Send request successfully

2023-10-16 14:22:07 - [MESSAGE][PASSED] - config_files.getConfigFile.getConfig is PASSED

2023-10-16 14:22:07 - [TEST_STEP][PASSED] - verifyResponseStatusCode(getResponse, 200): Verify response status code successfully

2023-10-16 14:22:07 - [MESSAGE][PASSED] - Verify response status code successfully

2023-10-16 14:22:07 - [TEST_STEP][PASSED] - verifyElementPropertyValue(getResponse, "country", "IRQ"): Verify element property value successfully

2023-10-16 14:22:07 - [MESSAGE][PASSED] - Verify element property value successfully

2023-10-16 14:22:07 - [TEST_STEP][PASSED] - verifyElementPropertyValue(getResponse, "platform", "[WEB]"): Verify element property value successfully

2023-10-16 14:22:07 - [MESSAGE][PASSED] - Verify element property value successfully

2023-10-16 14:22:07 - [TEST_STEP][PASSED] - verifyElementPropertyValue(getResponse, "groups[0].pricingPlans[0].featured", "true"): Verify element property value successfully

2023-10-16 14:22:07 - [MESSAGE][PASSED] - Verify element property value successfully

2023-10-16 14:22:07 - [TEST_STEP][PASSED] - verifyElementPropertyValue(getResponse, "groups[0].pricingPlans[0].packageId", "SHAHID_VIP_GEA"): Verify element property value successfully

2023-10-16 14:22:07 - [MESSAGE][PASSED] - Verify element property value successfully

2023-10-16 14:22:07 - [TEST_STEP][PASSED] - verifyElementPropertyValue(getResponse, "groups[0].pricingPlans[0].catalogId", "GEA"): Verify element property value successfully

2023-10-16 14:22:07 - [MESSAGE][PASSED] - Verify element property value successfully

2023-10-16 14:22:07 - [TEST_STEP][PASSED] - verifyElementPropertyValue(getResponse, "groups[0].pricingPlans[0].visualElements[0].key", "Header_1_text"): Verify element property value successfully

2023-10-16 14:22:07 - [MESSAGE][PASSED] - Verify element property value successfully

2023-10-16 14:22:07 - [TEST_STEP][PASSED] - verifyElementPropertyValue(getResponse, "groups[0].pricingPlans[0].visualElements[0].value", "شاهد أقوى المسلسلات و الأفلام حصرياً دون توقف"): Verify element property value successfully

2023-10-16 14:22:07 - [MESSAGE][PASSED] - Verify element property value successfully

2023-10-16 14:22:07 - [TEST_STEP][PASSED] - verifyElementPropertyValue(getResponse, "groups[0].pricingPlans[0].visualElements[1].key", "display_title"): Verify element property value successfully

2023-10-16 14:22:07 - [MESSAGE][PASSED] - Verify element property value successfully

2023-10-16 14:22:07 - [TEST_STEP][PASSED] - verifyElementPropertyValue(getResponse, "groups[0].pricingPlans[0].visualElements[1].value", "الاشتراك الشهري"): Verify element property value successfully

2023-10-16 14:22:07 - [MESSAGE][PASSED] - Verify element property value successfully

2023-10-16 14:22:07 - [TEST_STEP][PASSED] - verifyElementPropertyValue(getResponse, "groups[0].pricingPlans[0].visualElements[3].key", "promo_text"): Verify element property value successfully

2023-10-16 14:22:07 - [MESSAGE][PASSED] - Verify element property value successfully

2023-10-16 14:22:07 - [TEST_STEP][PASSED] - verifyElementPropertyValue(getResponse, "groups[0].pricingPlans[0].visualElements[3].value", "8999 IQD / شهرياً"): Verify element property value successfully

2023-10-16 14:22:07 - [MESSAGE][PASSED] - Verify element property value successfully

2023-10-16 14:22:07 - [TEST_STEP][PASSED] - verifyElementPropertyValue(getResponse, "groups[0].pricingPlans[0].visualElements[4].key", "deduction_text"): Verify element property value successfully

2023-10-16 14:22:07 - [MESSAGE][PASSED] - Verify element property value successfully

2023-10-16 14:22:07 - [TEST_STEP][PASSED] - verifyElementPropertyValue(getResponse, "groups[0].pricingPlans[0].visualElements[4].value", "تدفع شهرياً"): Verify element property value successfully

2023-10-16 14:22:07 - [MESSAGE][PASSED] - Verify element property value successfully

2023-10-16 14:22:07 - [TEST_STEP][PASSED] - verifyElementPropertyValue(getResponse, "groups[0].pricingPlans[0].visualElements[7].key", "show_payment_logo"): Verify element property value successfully

2023-10-16 14:22:07 - [MESSAGE][PASSED] - Verify element property value successfully

2023-10-16 14:22:07 - [TEST_STEP][PASSED] - verifyElementPropertyValue(getResponse, "groups[0].pricingPlans[0].visualElements[7].value", "true"): Verify element property value successfully

2023-10-16 14:22:07 - [MESSAGE][PASSED] - Verify element property value successfully

2023-10-16 14:22:07 - [TEST_STEP][PASSED] - verifyElementPropertyValue(getResponse, "groups[0].pricingPlans[0].visualElements[8].key", "show_tag"): Verify element property value successfully

2023-10-16 14:22:07 - [MESSAGE][PASSED] - Verify element property value successfully

2023-10-16 14:22:07 - [TEST_STEP][PASSED] - verifyElementPropertyValue(getResponse, "groups[0].pricingPlans[0].visualElements[8].value", "false"): Verify element property value successfully

2023-10-16 14:22:07 - [MESSAGE][PASSED] - Verify element property value successfully

2023-10-16 14:22:07 - [TEST_STEP][PASSED] - verifyElementPropertyValue(getResponse, "groups[0].pricingPlans[0].visualElements[10].key", "price"): Verify element property value successfully

2023-10-16 14:22:07 - [MESSAGE][PASSED] - Verify element property value successfully

2023-10-16 14:22:07 - [TEST_STEP][PASSED] - verifyElementPropertyValue(getResponse, "groups[0].pricingPlans[0].visualElements[10].value", "8999"): Verify element property value successfully

2023-10-16 14:22:07 - [MESSAGE][PASSED] - Verify element property value successfully

2023-10-16 14:22:07 - [TEST_STEP][PASSED] - verifyElementPropertyValue(getResponse, "groups[0].pricingPlans[0].visualElements[11].key", "currency"): Verify element property value successfully

2023-10-16 14:22:07 - [MESSAGE][PASSED] - Verify element property value successfully

2023-10-16 14:22:07 - [TEST_STEP][PASSED] - verifyElementPropertyValue(getResponse, "groups[0].pricingPlans[0].visualElements[11].value", "IQD"): Verify element property value successfully

2023-10-16 14:22:07 - [MESSAGE][PASSED] - Verify element property value successfully

2023-10-16 14:22:07 - [TEST_STEP][PASSED] - verifyElementPropertyValue(getResponse, "groups[0].pricingPlans[0].visualElements[12].key", "duration"): Verify element property value successfully

2023-10-16 14:22:08 - [MESSAGE][PASSED] - Verify element property value successfully

2023-10-16 14:22:08 - [TEST_STEP][PASSED] - verifyElementPropertyValue(getResponse, "groups[0].pricingPlans[0].visualElements[12].value", "شهرياً"): Verify element property value successfully

2023-10-16 14:22:08 - [MESSAGE][PASSED] - Verify element property value successfully

2023-10-16 14:22:08 - [TEST_STEP][PASSED] - verifyElementPropertyValue(getResponse, "groups[0].pricingPlans[0].visualElements[13].key", "featured_tag_text"): Verify element property value successfully

2023-10-16 14:22:08 - [MESSAGE][PASSED] - Verify element property value successfully

2023-10-16 14:22:08 - [TEST_STEP][FAILED] - verifyElementPropertyValue(getResponse, "groups[0].pricingPlans[0].visualElements[13].value", " الأكثر مبيعاً"): Expected element property value ' الأكثر مبيعاً' is not equal with actual property value ' الأكثر مبيعاً'

2023-10-16 14:22:08 - [MESSAGE][FAILED] - Expected element property value ' الأكثر مبيعاً' is not equal with actual property value ' الأكثر مبيعاً'

2023-10-16 14:22:08 - [TEST_STEP][PASSED] - verifyElementPropertyValue(getResponse, "groups[0].pricingPlans[0].order", "6"): Verify element property value successfully

2023-10-16 14:22:08 - [MESSAGE][PASSED] - Verify element property value successfully

2023-10-16 14:22:08 - [TEST_STEP][PASSED] - verifyElementPropertyValue(getResponse, "groups[0].pricingPlans[0].period", "monthly"): Verify element property value successfully

2023-10-16 14:22:08 - [MESSAGE][PASSED] - Verify element property value successfully

2023-10-16 14:22:08 - [TEST_STEP][PASSED] - verifyElementPropertyValue(getResponse, "groups[0].pricingPlans[0].price", "8999.0"): Verify element property value successfully

2023-10-16 14:22:08 - [MESSAGE][PASSED] - Verify element property value successfully

2023-10-16 14:22:08 - [TEST_STEP][PASSED] - verifyElementPropertyValue(getResponse, "groups[0].pricingPlans[0].currency", "IQD"): Verify element property value successfully

2023-10-16 14:22:08 - [MESSAGE][PASSED] - Verify element property value successfully

2023-10-16 14:22:08 - [TEST_STEP][PASSED] - verifyElementPropertyValue(getResponse, "groups[0].pricingPlans[0].pricingPlanData[0].productId", "IRQ_B2C_SHAHID_VIP_GEA_1M"): Verify element property value successfully

2023-10-16 14:22:08 - [MESSAGE][PASSED] - Verify element property value successfully

2023-10-16 14:22:08 - [TEST_STEP][PASSED] - verifyElementPropertyValue(getResponse, "groups[0].pricingPlans[0].pricingPlanData[0].subPricingPlanIds", "null"): Verify element property value successfully

2023-10-16 14:22:08 - [MESSAGE][PASSED] - Verify element property value successfully

2023-10-16 14:22:08 - [TEST_STEP][PASSED] - verifyElementPropertyValue(getResponse, "groups[0].pricingPlans[0].pricingPlanData[0].paymentMethod", "CREDIT_CARD"): Verify element property value successfully

2023-10-16 14:22:08 - [MESSAGE][PASSED] - Verify element property value successfully

2023-10-16 14:22:08 - [TEST_STEP][PASSED] - verifyElementPropertyValue(getResponse, "groups[0].pricingPlans[0].pricingPlanData[0].freeTrialEnabled", "false"): Verify element property value successfully

2023-10-16 14:22:08 - [MESSAGE][PASSED] - Verify element property value successfully

2023-10-16 14:22:08 - [TEST_STEP][PASSED] - verifyElementPropertyValue(getResponse, "groups[0].pricingPlans[0].pricingPlanData[0].visualElements[0].key", "title"): Verify element property value successfully

2023-10-16 14:22:08 - [MESSAGE][PASSED] - Verify element property value successfully

2023-10-16 14:22:08 - [TEST_STEP][PASSED] - verifyElementPropertyValue(getResponse, "groups[0].pricingPlans[0].pricingPlanData[0].visualElements[0].value", "البطاقة المصرفية"): Verify element property value successfully

2023-10-16 14:22:08 - [MESSAGE][PASSED] - Verify element property value successfully

2023-10-16 14:22:08 - [TEST_STEP][PASSED] - verifyElementPropertyValue(getResponse, "groups[0].pricingPlans[0].pricingPlanData[0].visualElements[1].key", "CTA_text"): Verify element property value successfully

2023-10-16 14:22:08 - [MESSAGE][PASSED] - Verify element property value successfully

2023-10-16 14:22:08 - [TEST_STEP][PASSED] - verifyElementPropertyValue(getResponse, "groups[0].pricingPlans[0].pricingPlanData[0].visualElements[1].value", "اشترك"): Verify element property value successfully

2023-10-16 14:22:08 - [MESSAGE][PASSED] - Verify element property value successfully

2023-10-16 14:22:08 - [TEST_STEP][PASSED] - verifyElementPropertyValue(getResponse, "groups[0].pricingPlans[0].pricingPlanData[0].visualElements[2].key", "logo"): Verify element property value successfully

2023-10-16 14:22:08 - [MESSAGE][PASSED] - Verify element property value successfully

2023-10-16 14:22:08 - [TEST_STEP][PASSED] - verifyElementPropertyValue(getResponse, "groups[0].pricingPlans[0].pricingPlanData[0].visualElements[2].value", "https://static.s3.shahid.mbc.net/widget-images/icons/iconCreditCard.png"): Verify element property value successfully

2023-10-16 14:22:08 - [MESSAGE][PASSED] - Verify element property value successfully

2023-10-16 14:22:08 - [TEST_STEP][PASSED] - verifyElementPropertyValue(getResponse, "groups[0].pricingPlans[0].pricingPlanData[0].priceLabel", "8999"): Verify element property value successfully

2023-10-16 14:22:08 - [MESSAGE][PASSED] - Verify element property value successfully

2023-10-16 14:22:08 - [TEST_STEP][PASSED] - verifyElementPropertyValue(getResponse, "groups[0].pricingPlans[0].pricingPlanData[0].currencyLabel", "IQD"): Verify element property value successfully

2023-10-16 14:22:08 - [MESSAGE][PASSED] - Verify element property value successfully

2023-10-16 14:22:08 - [TEST_STEP][PASSED] - verifyElementPropertyValue(getResponse, "groups[0].pricingPlans[0].pricingPlanData[0].allowedForAcquisition", "true"): Verify element property value successfully

2023-10-16 14:22:08 - [MESSAGE][PASSED] - Verify element property value successfully

2023-10-16 14:22:08 - [TEST_STEP][PASSED] - verifyElementPropertyValue(getResponse, "groups[0].pricingPlans[1].featured", "false"): Verify element property value successfully

2023-10-16 14:22:08 - [MESSAGE][PASSED] - Verify element property value successfully

2023-10-16 14:22:08 - [TEST_STEP][PASSED] - verifyElementPropertyValue(getResponse, "groups[0].pricingPlans[1].packageId", "SHAHID_VIP_GEA"): Verify element property value successfully

2023-10-16 14:22:08 - [MESSAGE][PASSED] - Verify element property value successfully

2023-10-16 14:22:08 - [TEST_STEP][PASSED] - verifyElementPropertyValue(getResponse, "groups[0].pricingPlans[1].catalogId", "GEA"): Verify element property value successfully

2023-10-16 14:22:08 - [MESSAGE][PASSED] - Verify element property value successfully

2023-10-16 14:22:08 - [TEST_STEP][PASSED] - verifyElementPropertyValue(getResponse, "groups[0].pricingPlans[1].visualElements[0].key", "Header_1_text"): Verify element property value successfully

2023-10-16 14:22:08 - [MESSAGE][PASSED] - Verify element property value successfully

2023-10-16 14:22:08 - [TEST_STEP][PASSED] - verifyElementPropertyValue(getResponse, "groups[0].pricingPlans[1].visualElements[0].value", "شاهد أقوى المسلسلات و الأفلام حصرياً دون توقف"): Verify element property value successfully

2023-10-16 14:22:08 - [MESSAGE][PASSED] - Verify element property value successfully

2023-10-16 14:22:08 - [TEST_STEP][PASSED] - verifyElementPropertyValue(getResponse, "groups[0].pricingPlans[1].visualElements[1].key", "display_title"): Verify element property value successfully

2023-10-16 14:22:08 - [MESSAGE][PASSED] - Verify element property value successfully

2023-10-16 14:22:08 - [TEST_STEP][PASSED] - verifyElementPropertyValue(getResponse, "groups[0].pricingPlans[1].visualElements[1].value", "الاشتراك السنوي"): Verify element property value successfully

2023-10-16 14:22:08 - [MESSAGE][PASSED] - Verify element property value successfully

2023-10-16 14:22:08 - [TEST_STEP][PASSED] - verifyElementPropertyValue(getResponse, "groups[0].pricingPlans[1].visualElements[2].key", "tag_text"): Verify element property value successfully

2023-10-16 14:22:08 - [MESSAGE][PASSED] - Verify element property value successfully

2023-10-16 14:22:08 - [TEST_STEP][PASSED] - verifyElementPropertyValue(getResponse, "groups[0].pricingPlans[1].visualElements[2].value", "وفر24%"): Verify element property value successfully

2023-10-16 14:22:08 - [MESSAGE][PASSED] - Verify element property value successfully

2023-10-16 14:22:08 - [TEST_STEP][PASSED] - verifyElementPropertyValue(getResponse, "groups[0].pricingPlans[1].visualElements[3].key", "promo_text"): Verify element property value successfully

2023-10-16 14:22:08 - [MESSAGE][PASSED] - Verify element property value successfully

2023-10-16 14:22:08 - [TEST_STEP][PASSED] - verifyElementPropertyValue(getResponse, "groups[0].pricingPlans[1].visualElements[3].value", "6875 IQD / شهرياً"): Verify element property value successfully

2023-10-16 14:22:08 - [MESSAGE][PASSED] - Verify element property value successfully

2023-10-16 14:22:08 - [TEST_STEP][PASSED] - verifyElementPropertyValue(getResponse, "groups[0].pricingPlans[1].visualElements[4].key", "deduction_text"): Verify element property value successfully

2023-10-16 14:22:08 - [MESSAGE][PASSED] - Verify element property value successfully

2023-10-16 14:22:08 - [TEST_STEP][FAILED] - verifyElementPropertyValue(getResponse, "groups[0].pricingPlans[1].visualElements[4].value", "الدفعة المستحقة 82500 IQD  كل سنة"): Expected element property value 'الدفعة المستحقة 82500 IQD  كل سنة' is not equal with actual property value ' 82500 IQD  تدفع سنوياً'

2023-10-16 14:22:08 - [MESSAGE][FAILED] - Expected element property value 'الدفعة المستحقة 82500 IQD  كل سنة' is not equal with actual property value ' 82500 IQD  تدفع سنوياً'

2023-10-16 14:22:08 - [TEST_STEP][PASSED] - verifyElementPropertyValue(getResponse, "groups[0].pricingPlans[1].visualElements[7].key", "show_payment_logo"): Verify element property value successfully

2023-10-16 14:22:08 - [MESSAGE][PASSED] - Verify element property value successfully

2023-10-16 14:22:08 - [TEST_STEP][PASSED] - verifyElementPropertyValue(getResponse, "groups[0].pricingPlans[1].visualElements[7].value", "true"): Verify element property value successfully

2023-10-16 14:22:08 - [MESSAGE][PASSED] - Verify element property value successfully

2023-10-16 14:22:08 - [TEST_STEP][PASSED] - verifyElementPropertyValue(getResponse, "groups[0].pricingPlans[1].visualElements[8].key", "show_tag"): Verify element property value successfully

2023-10-16 14:22:08 - [MESSAGE][PASSED] - Verify element property value successfully

2023-10-16 14:22:08 - [TEST_STEP][PASSED] - verifyElementPropertyValue(getResponse, "groups[0].pricingPlans[1].visualElements[8].value", "true"): Verify element property value successfully

2023-10-16 14:22:08 - [MESSAGE][PASSED] - Verify element property value successfully

2023-10-16 14:22:08 - [TEST_STEP][PASSED] - verifyElementPropertyValue(getResponse, "groups[0].pricingPlans[1].visualElements[10].key", "price"): Verify element property value successfully

2023-10-16 14:22:08 - [MESSAGE][PASSED] - Verify element property value successfully

2023-10-16 14:22:08 - [TEST_STEP][PASSED] - verifyElementPropertyValue(getResponse, "groups[0].pricingPlans[1].visualElements[10].value", "82500"): Verify element property value successfully

2023-10-16 14:22:08 - [MESSAGE][PASSED] - Verify element property value successfully

2023-10-16 14:22:08 - [TEST_STEP][PASSED] - verifyElementPropertyValue(getResponse, "groups[0].pricingPlans[1].visualElements[11].key", "currency"): Verify element property value successfully

2023-10-16 14:22:08 - [MESSAGE][PASSED] - Verify element property value successfully

2023-10-16 14:22:08 - [TEST_STEP][PASSED] - verifyElementPropertyValue(getResponse, "groups[0].pricingPlans[1].visualElements[11].value", "IQD"): Verify element property value successfully

2023-10-16 14:22:08 - [MESSAGE][PASSED] - Verify element property value successfully

2023-10-16 14:22:08 - [TEST_STEP][PASSED] - verifyElementPropertyValue(getResponse, "groups[0].pricingPlans[1].visualElements[12].key", "duration"): Verify element property value successfully

2023-10-16 14:22:08 - [MESSAGE][PASSED] - Verify element property value successfully

2023-10-16 14:22:08 - [TEST_STEP][PASSED] - verifyElementPropertyValue(getResponse, "groups[0].pricingPlans[1].visualElements[12].value", "سنوياً"): Verify element property value successfully

2023-10-16 14:22:08 - [MESSAGE][PASSED] - Verify element property value successfully

2023-10-16 14:22:08 - [TEST_STEP][PASSED] - verifyElementPropertyValue(getResponse, "groups[0].pricingPlans[1].order", "8"): Verify element property value successfully

2023-10-16 14:22:08 - [MESSAGE][PASSED] - Verify element property value successfully

2023-10-16 14:22:08 - [TEST_STEP][PASSED] - verifyElementPropertyValue(getResponse, "groups[0].pricingPlans[1].period", "yearly"): Verify element property value successfully

2023-10-16 14:22:08 - [MESSAGE][PASSED] - Verify element property value successfully

2023-10-16 14:22:08 - [TEST_STEP][PASSED] - verifyElementPropertyValue(getResponse, "groups[0].pricingPlans[1].price", "82500.0"): Verify element property value successfully

2023-10-16 14:22:08 - [MESSAGE][PASSED] - Verify element property value successfully

2023-10-16 14:22:08 - [TEST_STEP][PASSED] - verifyElementPropertyValue(getResponse, "groups[0].pricingPlans[1].currency", "IQD"): Verify element property value successfully

2023-10-16 14:22:08 - [MESSAGE][PASSED] - Verify element property value successfully

2023-10-16 14:22:08 - [TEST_STEP][PASSED] - verifyElementPropertyValue(getResponse, "groups[0].pricingPlans[1].pricingPlanData[0].productId", "IRQ_B2C_SHAHID_VIP_GEA_12M"): Verify element property value successfully

2023-10-16 14:22:08 - [MESSAGE][PASSED] - Verify element property value successfully

2023-10-16 14:22:08 - [TEST_STEP][PASSED] - verifyElementPropertyValue(getResponse, "groups[0].pricingPlans[1].pricingPlanData[0].subPricingPlanIds", "null"): Verify element property value successfully

2023-10-16 14:22:08 - [MESSAGE][PASSED] - Verify element property value successfully

2023-10-16 14:22:08 - [TEST_STEP][PASSED] - verifyElementPropertyValue(getResponse, "groups[0].pricingPlans[1].pricingPlanData[0].paymentMethod", "CREDIT_CARD"): Verify element property value successfully

2023-10-16 14:22:08 - [MESSAGE][PASSED] - Verify element property value successfully

2023-10-16 14:22:08 - [TEST_STEP][PASSED] - verifyElementPropertyValue(getResponse, "groups[0].pricingPlans[1].pricingPlanData[0].freeTrialEnabled", "false"): Verify element property value successfully

2023-10-16 14:22:08 - [MESSAGE][PASSED] - Verify element property value successfully

2023-10-16 14:22:08 - [TEST_STEP][PASSED] - verifyElementPropertyValue(getResponse, "groups[0].pricingPlans[1].pricingPlanData[0].visualElements[0].key", "title"): Verify element property value successfully

2023-10-16 14:22:08 - [MESSAGE][PASSED] - Verify element property value successfully

2023-10-16 14:22:08 - [TEST_STEP][PASSED] - verifyElementPropertyValue(getResponse, "groups[0].pricingPlans[1].pricingPlanData[0].visualElements[0].value", "البطاقة المصرفية"): Verify element property value successfully

2023-10-16 14:22:08 - [MESSAGE][PASSED] - Verify element property value successfully

2023-10-16 14:22:08 - [TEST_STEP][PASSED] - verifyElementPropertyValue(getResponse, "groups[0].pricingPlans[1].pricingPlanData[0].visualElements[1].key", "CTA_text"): Verify element property value successfully

2023-10-16 14:22:08 - [MESSAGE][PASSED] - Verify element property value successfully

2023-10-16 14:22:08 - [TEST_STEP][PASSED] - verifyElementPropertyValue(getResponse, "groups[0].pricingPlans[1].pricingPlanData[0].visualElements[1].value", "اشترك"): Verify element property value successfully

2023-10-16 14:22:08 - [MESSAGE][PASSED] - Verify element property value successfully

2023-10-16 14:22:08 - [TEST_STEP][PASSED] - verifyElementPropertyValue(getResponse, "groups[0].pricingPlans[1].pricingPlanData[0].visualElements[2].key", "logo"): Verify element property value successfully

2023-10-16 14:22:08 - [MESSAGE][PASSED] - Verify element property value successfully

2023-10-16 14:22:08 - [TEST_STEP][PASSED] - verifyElementPropertyValue(getResponse, "groups[0].pricingPlans[1].pricingPlanData[0].visualElements[2].value", "https://static.s3.shahid.mbc.net/widget-images/icons/iconCreditCard.png"): Verify element property value successfully

2023-10-16 14:22:08 - [MESSAGE][PASSED] - Verify element property value successfully

2023-10-16 14:22:08 - [TEST_STEP][PASSED] - verifyElementPropertyValue(getResponse, "groups[0].pricingPlans[1].pricingPlanData[0].priceLabel", "82500"): Verify element property value successfully

2023-10-16 14:22:08 - [MESSAGE][PASSED] - Verify element property value successfully

2023-10-16 14:22:08 - [TEST_STEP][PASSED] - verifyElementPropertyValue(getResponse, "groups[0].pricingPlans[1].pricingPlanData[0].currencyLabel", "IQD"): Verify element property value successfully

2023-10-16 14:22:08 - [MESSAGE][PASSED] - Verify element property value successfully

2023-10-16 14:22:08 - [TEST_STEP][PASSED] - verifyElementPropertyValue(getResponse, "groups[0].pricingPlans[1].pricingPlanData[0].allowedForAcquisition", "true"): Verify element property value successfully

2023-10-16 14:22:08 - [MESSAGE][PASSED] - Verify element property value successfully

2023-10-16 14:22:08 - [TEST_STEP][PASSED] - verifyElementPropertyValue(getResponse, "groups[0].pricingPlans[1].pricingPlanData[0].showIn[0]", "VERTICAL_MODE"): Verify element property value successfully

2023-10-16 14:22:08 - [MESSAGE][PASSED] - Verify element property value successfully

2023-10-16 14:22:08 - [TEST_STEP][PASSED] - verifyElementPropertyValue(getResponse, "groups[0].pricingPlans[1].pricingPlanData[0].showIn[1]", "HORIZONTAL_MODE"): Verify element property value successfully

2023-10-16 14:22:08 - [MESSAGE][PASSED] - Verify element property value successfully

2023-10-16 14:22:08 - [TEST_STEP][PASSED] - verifyElementPropertyValue(getResponse, "visualElements[0].key", "main_CTA_text_1"): Verify element property value successfully

2023-10-16 14:22:08 - [MESSAGE][PASSED] - Verify element property value successfully

2023-10-16 14:22:08 - [TEST_STEP][PASSED] - verifyElementPropertyValue(getResponse, "visualElements[0].value", "شاهد أقوى المسلسلات و الأفلام حصرياً دون توقف"): Verify element property value successfully

2023-10-16 14:22:08 - [MESSAGE][PASSED] - Verify element property value successfully

2023-10-16 14:22:08 - [TEST_STEP][PASSED] - verifyElementPropertyValue(getResponse, "visualElements[2].key", "main_disclaimer_text"): Verify element property value successfully

2023-10-16 14:22:08 - [MESSAGE][PASSED] - Verify element property value successfully

2023-10-16 14:22:08 - [TEST_STEP][PASSED] - verifyElementPropertyValue(getResponse, "visualElements[2].value", " رسوم الاشتراك قد تختلف بناءً على البلد أو طريقة الدفع أو باقة الإشتراك أو الضريبة المضافة أو معامل تحويل العملات والرسوم البنكية. تطبّق الشروط والأحكام."): Verify element property value successfully

2023-10-16 14:22:08 - [MESSAGE][PASSED] - Verify element property value successfully

2023-10-16 14:22:08 - [TEST_STEP][PASSED] - verifyElementPropertyValue(getResponse, "visualElements[4].key", "display_type"): Verify element property value successfully

2023-10-16 14:22:08 - [MESSAGE][PASSED] - Verify element property value successfully

2023-10-16 14:22:08 - [TEST_STEP][PASSED] - verifyElementPropertyValue(getResponse, "visualElements[4].value", "vertical"): Verify element property value successfully

2023-10-16 14:22:08 - [MESSAGE][PASSED] - Verify element property value successfully

2023-10-16 14:22:08 - [TEST_STEP][PASSED] - verifyElementPropertyValue(getResponse, "defaultPackageId", "SHAHID_VIP"): Verify element property value successfully

2023-10-16 14:22:08 - [MESSAGE][PASSED] - Verify element property value successfully]]></system-out>
         <system-err><![CDATA[2023-10-16 14:22:04 - [TEST_CASE][FAILED] - Test Cases/WEB - CHROME/IRQ PI/WEB_AR_getSubscriptionConfigForIRQ_GEA: Test Cases/WEB - CHROME/IRQ PI/WEB_AR_getSubscriptionConfigForIRQ_GEA FAILED.
Reason:
com.kms.katalon.core.exception.StepFailedException: Expected element property value ' الأكثر مبيعاً' is not equal with actual property value ' الأكثر مبيعاً'
	at com.kms.katalon.core.keyword.internal.KeywordMain.stepFailed(KeywordMain.groovy:39)
	at com.kms.katalon.core.webservice.keyword.builtin.VerifyElementPropertyValueKeyword$_verifyElementPropertyValue_closure1.doCall(VerifyElementPropertyValueKeyword.groovy:56)
	at com.kms.katalon.core.webservice.keyword.builtin.VerifyElementPropertyValueKeyword$_verifyElementPropertyValue_closure1.call(VerifyElementPropertyValueKeyword.groovy)
	at com.kms.katalon.core.keyword.internal.KeywordMain.runKeyword(KeywordMain.groovy:75)
	at com.kms.katalon.core.webservice.keyword.builtin.VerifyElementPropertyValueKeyword.verifyElementPropertyValue(VerifyElementPropertyValueKeyword.groovy:48)
	at com.kms.katalon.core.webservice.keyword.builtin.VerifyElementPropertyValueKeyword.execute(VerifyElementPropertyValueKeyword.groovy:43)
	at com.kms.katalon.core.keyword.internal.KeywordExecutor.executeKeywordForPlatform(KeywordExecutor.groovy:74)
	at com.kms.katalon.core.webservice.keyword.WSBuiltInKeywords.verifyElementPropertyValue(WSBuiltInKeywords.groovy:190)
	at com.kms.katalon.core.webservice.keyword.WSBuiltInKeywords$verifyElementPropertyValue$1.call(Unknown Source)
	at WEB_AR_getSubscriptionConfigForIRQ_GEA.run(WEB_AR_getSubscriptionConfigForIRQ_GEA:68)
	at com.kms.katalon.core.main.ScriptEngine.run(ScriptEngine.java:194)
	at com.kms.katalon.core.main.ScriptEngine.runScriptAsRawText(ScriptEngine.java:119)
	at com.kms.katalon.core.main.TestCaseExecutor.runScript(TestCaseExecutor.java:448)
	at com.kms.katalon.core.main.TestCaseExecutor.doExecute(TestCaseExecutor.java:439)
	at com.kms.katalon.core.main.TestCaseExecutor.processExecutionPhase(TestCaseExecutor.java:418)
	at com.kms.katalon.core.main.TestCaseExecutor.accessMainPhase(TestCaseExecutor.java:410)
	at com.kms.katalon.core.main.TestCaseExecutor.execute(TestCaseExecutor.java:285)
	at com.kms.katalon.core.common.CommonExecutor.accessTestCaseMainPhase(CommonExecutor.java:65)
	at com.kms.katalon.core.main.TestSuiteExecutor.accessTestSuiteMainPhase(TestSuiteExecutor.java:148)
	at com.kms.katalon.core.main.TestSuiteExecutor.execute(TestSuiteExecutor.java:106)
	at com.kms.katalon.core.main.TestCaseMain.startTestSuite(TestCaseMain.java:187)
	at com.kms.katalon.core.main.TestCaseMain$startTestSuite$0.call(Unknown Source)
	at TempTestSuite1697454227045.run(TempTestSuite1697454227045.groovy:36)]]></system-err>
      </testcase>
      <testcase name="Test Cases/WEB - CHROME/IRQ PI/WEB_AR_getSubscriptionConfigForIRQ_VIP" time="2.282" classname="Test Cases/WEB - CHROME/IRQ PI/WEB_AR_getSubscriptionConfigForIRQ_VIP" status="FAILED">
         <failure type="FAILED" message="Test Cases/WEB - CHROME/IRQ PI/WEB_AR_getSubscriptionConfigForIRQ_VIP FAILED.
Reason:
com.kms.katalon.core.exception.StepFailedException: Expected element property value 'https://static.s3.shahid.mbc.net/widget-images/icons/iconMobile.png' is not equal with actual property value 'zain'
	at com.kms.katalon.core.keyword.internal.KeywordMain.stepFailed(KeywordMain.groovy:39)
	at com.kms.katalon.core.webservice.keyword.builtin.VerifyElementPropertyValueKeyword$_verifyElementPropertyValue_closure1.doCall(VerifyElementPropertyValueKeyword.groovy:56)
	at com.kms.katalon.core.webservice.keyword.builtin.VerifyElementPropertyValueKeyword$_verifyElementPropertyValue_closure1.call(VerifyElementPropertyValueKeyword.groovy)
	at com.kms.katalon.core.keyword.internal.KeywordMain.runKeyword(KeywordMain.groovy:75)
	at com.kms.katalon.core.webservice.keyword.builtin.VerifyElementPropertyValueKeyword.verifyElementPropertyValue(VerifyElementPropertyValueKeyword.groovy:48)
	at com.kms.katalon.core.webservice.keyword.builtin.VerifyElementPropertyValueKeyword.execute(VerifyElementPropertyValueKeyword.groovy:43)
	at com.kms.katalon.core.keyword.internal.KeywordExecutor.executeKeywordForPlatform(KeywordExecutor.groovy:74)
	at com.kms.katalon.core.webservice.keyword.WSBuiltInKeywords.verifyElementPropertyValue(WSBuiltInKeywords.groovy:190)
	at com.kms.katalon.core.webservice.keyword.WSBuiltInKeywords$verifyElementPropertyValue$1.call(Unknown Source)
	at WEB_AR_getSubscriptionConfigForIRQ_VIP.run(WEB_AR_getSubscriptionConfigForIRQ_VIP:103)
	at com.kms.katalon.core.main.ScriptEngine.run(ScriptEngine.java:194)
	at com.kms.katalon.core.main.ScriptEngine.runScriptAsRawText(ScriptEngine.java:119)
	at com.kms.katalon.core.main.TestCaseExecutor.runScript(TestCaseExecutor.java:448)
	at com.kms.katalon.core.main.TestCaseExecutor.doExecute(TestCaseExecutor.java:439)
	at com.kms.katalon.core.main.TestCaseExecutor.processExecutionPhase(TestCaseExecutor.java:418)
	at com.kms.katalon.core.main.TestCaseExecutor.accessMainPhase(TestCaseExecutor.java:410)
	at com.kms.katalon.core.main.TestCaseExecutor.execute(TestCaseExecutor.java:285)
	at com.kms.katalon.core.common.CommonExecutor.accessTestCaseMainPhase(CommonExecutor.java:65)
	at com.kms.katalon.core.main.TestSuiteExecutor.accessTestSuiteMainPhase(TestSuiteExecutor.java:148)
	at com.kms.katalon.core.main.TestSuiteExecutor.execute(TestSuiteExecutor.java:106)
	at com.kms.katalon.core.main.TestCaseMain.startTestSuite(TestCaseMain.java:187)
	at com.kms.katalon.core.main.TestCaseMain$startTestSuite$0.call(Unknown Source)
	at TempTestSuite1697454227045.run(TempTestSuite1697454227045.groovy:36)
"/>
         <system-out><![CDATA[2023-10-16 14:22:08 - [TEST_CASE][FAILED] - Test Cases/WEB - CHROME/IRQ PI/WEB_AR_getSubscriptionConfigForIRQ_VIP: Test Cases/WEB - CHROME/IRQ PI/WEB_AR_getSubscriptionConfigForIRQ_VIP FAILED.
Reason:
com.kms.katalon.core.exception.StepFailedException: Expected element property value 'https://static.s3.shahid.mbc.net/widget-images/icons/iconMobile.png' is not equal with actual property value 'zain'
	at com.kms.katalon.core.keyword.internal.KeywordMain.stepFailed(KeywordMain.groovy:39)
	at com.kms.katalon.core.webservice.keyword.builtin.VerifyElementPropertyValueKeyword$_verifyElementPropertyValue_closure1.doCall(VerifyElementPropertyValueKeyword.groovy:56)
	at com.kms.katalon.core.webservice.keyword.builtin.VerifyElementPropertyValueKeyword$_verifyElementPropertyValue_closure1.call(VerifyElementPropertyValueKeyword.groovy)
	at com.kms.katalon.core.keyword.internal.KeywordMain.runKeyword(KeywordMain.groovy:75)
	at com.kms.katalon.core.webservice.keyword.builtin.VerifyElementPropertyValueKeyword.verifyElementPropertyValue(VerifyElementPropertyValueKeyword.groovy:48)
	at com.kms.katalon.core.webservice.keyword.builtin.VerifyElementPropertyValueKeyword.execute(VerifyElementPropertyValueKeyword.groovy:43)
	at com.kms.katalon.core.keyword.internal.KeywordExecutor.executeKeywordForPlatform(KeywordExecutor.groovy:74)
	at com.kms.katalon.core.webservice.keyword.WSBuiltInKeywords.verifyElementPropertyValue(WSBuiltInKeywords.groovy:190)
	at com.kms.katalon.core.webservice.keyword.WSBuiltInKeywords$verifyElementPropertyValue$1.call(Unknown Source)
	at WEB_AR_getSubscriptionConfigForIRQ_VIP.run(WEB_AR_getSubscriptionConfigForIRQ_VIP:103)
	at com.kms.katalon.core.main.ScriptEngine.run(ScriptEngine.java:194)
	at com.kms.katalon.core.main.ScriptEngine.runScriptAsRawText(ScriptEngine.java:119)
	at com.kms.katalon.core.main.TestCaseExecutor.runScript(TestCaseExecutor.java:448)
	at com.kms.katalon.core.main.TestCaseExecutor.doExecute(TestCaseExecutor.java:439)
	at com.kms.katalon.core.main.TestCaseExecutor.processExecutionPhase(TestCaseExecutor.java:418)
	at com.kms.katalon.core.main.TestCaseExecutor.accessMainPhase(TestCaseExecutor.java:410)
	at com.kms.katalon.core.main.TestCaseExecutor.execute(TestCaseExecutor.java:285)
	at com.kms.katalon.core.common.CommonExecutor.accessTestCaseMainPhase(CommonExecutor.java:65)
	at com.kms.katalon.core.main.TestSuiteExecutor.accessTestSuiteMainPhase(TestSuiteExecutor.java:148)
	at com.kms.katalon.core.main.TestSuiteExecutor.execute(TestSuiteExecutor.java:106)
	at com.kms.katalon.core.main.TestCaseMain.startTestSuite(TestCaseMain.java:187)
	at com.kms.katalon.core.main.TestCaseMain$startTestSuite$0.call(Unknown Source)
	at TempTestSuite1697454227045.run(TempTestSuite1697454227045.groovy:36)


2023-10-16 14:22:09 - [TEST_STEP][PASSED] - getResponse = config_files.getConfigFile.getConfig("WEB", "AR", "SHAHID_VIP", "IQ", "false"): config_files.getConfigFile.getConfig is PASSED

2023-10-16 14:22:09 - [MESSAGE][INFO] - HAR: /Users/admin/git/shahid-configuration/Reports/20231016_140310/WEB/IRQ/20231016_140347/requests/main/1.har

2023-10-16 14:22:09 - [MESSAGE][PASSED] - Send request successfully

2023-10-16 14:22:10 - [MESSAGE][PASSED] - config_files.getConfigFile.getConfig is PASSED

2023-10-16 14:22:10 - [TEST_STEP][PASSED] - verifyResponseStatusCode(getResponse, 200): Verify response status code successfully

2023-10-16 14:22:10 - [MESSAGE][PASSED] - Verify response status code successfully

2023-10-16 14:22:10 - [TEST_STEP][PASSED] - verifyElementPropertyValue(getResponse, "country", "IRQ"): Verify element property value successfully

2023-10-16 14:22:10 - [MESSAGE][PASSED] - Verify element property value successfully

2023-10-16 14:22:10 - [TEST_STEP][PASSED] - verifyElementPropertyValue(getResponse, "platform", "[WEB]"): Verify element property value successfully

2023-10-16 14:22:10 - [MESSAGE][PASSED] - Verify element property value successfully

2023-10-16 14:22:10 - [TEST_STEP][PASSED] - verifyElementPropertyValue(getResponse, "groups[0].pricingPlans[0].featured", "true"): Verify element property value successfully

2023-10-16 14:22:10 - [MESSAGE][PASSED] - Verify element property value successfully

2023-10-16 14:22:10 - [TEST_STEP][PASSED] - verifyElementPropertyValue(getResponse, "groups[0].pricingPlans[0].packageId", "SHAHID_VIP"): Verify element property value successfully

2023-10-16 14:22:10 - [MESSAGE][PASSED] - Verify element property value successfully

2023-10-16 14:22:10 - [TEST_STEP][PASSED] - verifyElementPropertyValue(getResponse, "groups[0].pricingPlans[0].catalogId", "VIP"): Verify element property value successfully

2023-10-16 14:22:10 - [MESSAGE][PASSED] - Verify element property value successfully

2023-10-16 14:22:10 - [TEST_STEP][PASSED] - verifyElementPropertyValue(getResponse, "groups[0].pricingPlans[0].visualElements[0].key", "Header_1_text"): Verify element property value successfully

2023-10-16 14:22:10 - [MESSAGE][PASSED] - Verify element property value successfully

2023-10-16 14:22:10 - [TEST_STEP][PASSED] - verifyElementPropertyValue(getResponse, "groups[0].pricingPlans[0].visualElements[0].value", "شاهد أقوى المسلسلات و الأفلام حصرياً دون توقف"): Verify element property value successfully

2023-10-16 14:22:10 - [MESSAGE][PASSED] - Verify element property value successfully

2023-10-16 14:22:10 - [TEST_STEP][PASSED] - verifyElementPropertyValue(getResponse, "groups[0].pricingPlans[0].visualElements[1].key", "display_title"): Verify element property value successfully

2023-10-16 14:22:10 - [MESSAGE][PASSED] - Verify element property value successfully

2023-10-16 14:22:10 - [TEST_STEP][PASSED] - verifyElementPropertyValue(getResponse, "groups[0].pricingPlans[0].visualElements[1].value", "الاشتراك الشهري"): Verify element property value successfully

2023-10-16 14:22:10 - [MESSAGE][PASSED] - Verify element property value successfully

2023-10-16 14:22:10 - [TEST_STEP][PASSED] - verifyElementPropertyValue(getResponse, "groups[0].pricingPlans[0].visualElements[2].key", "promo_text"): Verify element property value successfully

2023-10-16 14:22:10 - [MESSAGE][PASSED] - Verify element property value successfully

2023-10-16 14:22:10 - [TEST_STEP][PASSED] - verifyElementPropertyValue(getResponse, "groups[0].pricingPlans[0].visualElements[2].value", "4999 IQD / شهرياً"): Verify element property value successfully

2023-10-16 14:22:10 - [MESSAGE][PASSED] - Verify element property value successfully

2023-10-16 14:22:10 - [TEST_STEP][PASSED] - verifyElementPropertyValue(getResponse, "groups[0].pricingPlans[0].visualElements[3].key", "deduction_text"): Verify element property value successfully

2023-10-16 14:22:10 - [MESSAGE][PASSED] - Verify element property value successfully

2023-10-16 14:22:10 - [TEST_STEP][PASSED] - verifyElementPropertyValue(getResponse, "groups[0].pricingPlans[0].visualElements[3].value", "تدفع شهرياً"): Verify element property value successfully

2023-10-16 14:22:10 - [MESSAGE][PASSED] - Verify element property value successfully

2023-10-16 14:22:10 - [TEST_STEP][PASSED] - verifyElementPropertyValue(getResponse, "groups[0].pricingPlans[0].visualElements[6].key", "show_payment_logo"): Verify element property value successfully

2023-10-16 14:22:10 - [MESSAGE][PASSED] - Verify element property value successfully

2023-10-16 14:22:10 - [TEST_STEP][PASSED] - verifyElementPropertyValue(getResponse, "groups[0].pricingPlans[0].visualElements[6].value", "true"): Verify element property value successfully

2023-10-16 14:22:10 - [MESSAGE][PASSED] - Verify element property value successfully

2023-10-16 14:22:10 - [TEST_STEP][PASSED] - verifyElementPropertyValue(getResponse, "groups[0].pricingPlans[0].visualElements[8].key", "price"): Verify element property value successfully

2023-10-16 14:22:10 - [MESSAGE][PASSED] - Verify element property value successfully

2023-10-16 14:22:10 - [TEST_STEP][PASSED] - verifyElementPropertyValue(getResponse, "groups[0].pricingPlans[0].visualElements[8].value", "4999"): Verify element property value successfully

2023-10-16 14:22:10 - [MESSAGE][PASSED] - Verify element property value successfully

2023-10-16 14:22:10 - [TEST_STEP][PASSED] - verifyElementPropertyValue(getResponse, "groups[0].pricingPlans[0].visualElements[9].key", "currency"): Verify element property value successfully

2023-10-16 14:22:10 - [MESSAGE][PASSED] - Verify element property value successfully

2023-10-16 14:22:10 - [TEST_STEP][PASSED] - verifyElementPropertyValue(getResponse, "groups[0].pricingPlans[0].visualElements[9].value", "IQD"): Verify element property value successfully

2023-10-16 14:22:10 - [MESSAGE][PASSED] - Verify element property value successfully

2023-10-16 14:22:10 - [TEST_STEP][PASSED] - verifyElementPropertyValue(getResponse, "groups[0].pricingPlans[0].visualElements[10].key", "duration"): Verify element property value successfully

2023-10-16 14:22:10 - [MESSAGE][PASSED] - Verify element property value successfully

2023-10-16 14:22:10 - [TEST_STEP][PASSED] - verifyElementPropertyValue(getResponse, "groups[0].pricingPlans[0].visualElements[10].value", "شهرياً"): Verify element property value successfully

2023-10-16 14:22:10 - [MESSAGE][PASSED] - Verify element property value successfully

2023-10-16 14:22:10 - [TEST_STEP][PASSED] - verifyElementPropertyValue(getResponse, "groups[0].pricingPlans[0].order", "0"): Verify element property value successfully

2023-10-16 14:22:10 - [MESSAGE][PASSED] - Verify element property value successfully

2023-10-16 14:22:10 - [TEST_STEP][PASSED] - verifyElementPropertyValue(getResponse, "groups[0].pricingPlans[0].period", "monthly"): Verify element property value successfully

2023-10-16 14:22:10 - [MESSAGE][PASSED] - Verify element property value successfully

2023-10-16 14:22:10 - [TEST_STEP][PASSED] - verifyElementPropertyValue(getResponse, "groups[0].pricingPlans[0].price", "4999.0"): Verify element property value successfully

2023-10-16 14:22:10 - [MESSAGE][PASSED] - Verify element property value successfully

2023-10-16 14:22:10 - [TEST_STEP][PASSED] - verifyElementPropertyValue(getResponse, "groups[0].pricingPlans[0].currency", "IQD"): Verify element property value successfully

2023-10-16 14:22:10 - [MESSAGE][PASSED] - Verify element property value successfully

2023-10-16 14:22:10 - [TEST_STEP][PASSED] - verifyElementPropertyValue(getResponse, "groups[0].pricingPlans[0].pricingPlanData[0].productId", "IRQ_B2C_SHAHID_VIP_1M"): Verify element property value successfully

2023-10-16 14:22:10 - [MESSAGE][PASSED] - Verify element property value successfully

2023-10-16 14:22:10 - [TEST_STEP][PASSED] - verifyElementPropertyValue(getResponse, "groups[0].pricingPlans[0].pricingPlanData[0].subPricingPlanIds", "null"): Verify element property value successfully

2023-10-16 14:22:10 - [MESSAGE][PASSED] - Verify element property value successfully

2023-10-16 14:22:10 - [TEST_STEP][PASSED] - verifyElementPropertyValue(getResponse, "groups[0].pricingPlans[0].pricingPlanData[0].paymentMethod", "CREDIT_CARD"): Verify element property value successfully

2023-10-16 14:22:10 - [MESSAGE][PASSED] - Verify element property value successfully

2023-10-16 14:22:10 - [TEST_STEP][PASSED] - verifyElementPropertyValue(getResponse, "groups[0].pricingPlans[0].pricingPlanData[0].freeTrialEnabled", "false"): Verify element property value successfully

2023-10-16 14:22:10 - [MESSAGE][PASSED] - Verify element property value successfully

2023-10-16 14:22:10 - [TEST_STEP][PASSED] - verifyElementPropertyValue(getResponse, "groups[0].pricingPlans[0].pricingPlanData[0].visualElements[0].key", "title"): Verify element property value successfully

2023-10-16 14:22:10 - [MESSAGE][PASSED] - Verify element property value successfully

2023-10-16 14:22:10 - [TEST_STEP][PASSED] - verifyElementPropertyValue(getResponse, "groups[0].pricingPlans[0].pricingPlanData[0].visualElements[0].value", "البطاقة المصرفية"): Verify element property value successfully

2023-10-16 14:22:10 - [MESSAGE][PASSED] - Verify element property value successfully

2023-10-16 14:22:10 - [TEST_STEP][PASSED] - verifyElementPropertyValue(getResponse, "groups[0].pricingPlans[0].pricingPlanData[0].visualElements[1].key", "CTA_text"): Verify element property value successfully

2023-10-16 14:22:10 - [MESSAGE][PASSED] - Verify element property value successfully

2023-10-16 14:22:10 - [TEST_STEP][PASSED] - verifyElementPropertyValue(getResponse, "groups[0].pricingPlans[0].pricingPlanData[0].visualElements[1].value", "اشترك"): Verify element property value successfully

2023-10-16 14:22:10 - [MESSAGE][PASSED] - Verify element property value successfully

2023-10-16 14:22:10 - [TEST_STEP][PASSED] - verifyElementPropertyValue(getResponse, "groups[0].pricingPlans[0].pricingPlanData[0].visualElements[2].key", "logo"): Verify element property value successfully

2023-10-16 14:22:10 - [MESSAGE][PASSED] - Verify element property value successfully

2023-10-16 14:22:10 - [TEST_STEP][PASSED] - verifyElementPropertyValue(getResponse, "groups[0].pricingPlans[0].pricingPlanData[0].visualElements[2].value", "https://static.s3.shahid.mbc.net/widget-images/icons/iconCreditCard.png"): Verify element property value successfully

2023-10-16 14:22:10 - [MESSAGE][PASSED] - Verify element property value successfully

2023-10-16 14:22:10 - [TEST_STEP][PASSED] - verifyElementPropertyValue(getResponse, "groups[0].pricingPlans[0].pricingPlanData[0].priceLabel", "4999"): Verify element property value successfully

2023-10-16 14:22:10 - [MESSAGE][PASSED] - Verify element property value successfully

2023-10-16 14:22:10 - [TEST_STEP][PASSED] - verifyElementPropertyValue(getResponse, "groups[0].pricingPlans[0].pricingPlanData[0].currencyLabel", "IQD"): Verify element property value successfully

2023-10-16 14:22:10 - [MESSAGE][PASSED] - Verify element property value successfully

2023-10-16 14:22:10 - [TEST_STEP][PASSED] - verifyElementPropertyValue(getResponse, "groups[0].pricingPlans[0].pricingPlanData[1].pricingPlanId", "TPay_Zain_IQ"): Verify element property value successfully

2023-10-16 14:22:10 - [MESSAGE][PASSED] - Verify element property value successfully

2023-10-16 14:22:10 - [TEST_STEP][PASSED] - verifyElementPropertyValue(getResponse, "groups[0].pricingPlans[0].pricingPlanData[1].productId", "IRQ_B2C_SHAHID_VIP_1M"): Verify element property value successfully

2023-10-16 14:22:10 - [MESSAGE][PASSED] - Verify element property value successfully

2023-10-16 14:22:10 - [TEST_STEP][PASSED] - verifyElementPropertyValue(getResponse, "groups[0].pricingPlans[0].pricingPlanData[1].subPricingPlanIds[0]", "41830"): Verify element property value successfully

2023-10-16 14:22:10 - [MESSAGE][PASSED] - Verify element property value successfully

2023-10-16 14:22:10 - [TEST_STEP][PASSED] - verifyElementPropertyValue(getResponse, "groups[0].pricingPlans[0].pricingPlanData[1].paymentMethod", "MOBILE_PAY"): Verify element property value successfully

2023-10-16 14:22:10 - [MESSAGE][PASSED] - Verify element property value successfully

2023-10-16 14:22:10 - [TEST_STEP][PASSED] - verifyElementPropertyValue(getResponse, "groups[0].pricingPlans[0].pricingPlanData[1].freeTrialEnabled", "false"): Verify element property value successfully

2023-10-16 14:22:10 - [MESSAGE][PASSED] - Verify element property value successfully

2023-10-16 14:22:10 - [TEST_STEP][PASSED] - verifyElementPropertyValue(getResponse, "groups[0].pricingPlans[0].pricingPlanData[1].showIn[0]", "VERTICAL_MODE"): Verify element property value successfully

2023-10-16 14:22:10 - [MESSAGE][PASSED] - Verify element property value successfully

2023-10-16 14:22:10 - [TEST_STEP][PASSED] - verifyElementPropertyValue(getResponse, "groups[0].pricingPlans[0].pricingPlanData[1].showIn[1]", "HORIZONTAL_MODE"): Verify element property value successfully

2023-10-16 14:22:10 - [MESSAGE][PASSED] - Verify element property value successfully

2023-10-16 14:22:10 - [TEST_STEP][PASSED] - verifyElementPropertyValue(getResponse, "groups[0].pricingPlans[0].pricingPlanData[1].visualElements[0].key", "title"): Verify element property value successfully

2023-10-16 14:22:10 - [MESSAGE][PASSED] - Verify element property value successfully

2023-10-16 14:22:10 - [TEST_STEP][PASSED] - verifyElementPropertyValue(getResponse, "groups[0].pricingPlans[0].pricingPlanData[1].visualElements[0].value", "الدفع عبر الجّوال"): Verify element property value successfully

2023-10-16 14:22:10 - [MESSAGE][PASSED] - Verify element property value successfully

2023-10-16 14:22:10 - [TEST_STEP][PASSED] - verifyElementPropertyValue(getResponse, "groups[0].pricingPlans[0].pricingPlanData[1].visualElements[1].key", "CTA_text"): Verify element property value successfully

2023-10-16 14:22:10 - [MESSAGE][PASSED] - Verify element property value successfully

2023-10-16 14:22:10 - [TEST_STEP][PASSED] - verifyElementPropertyValue(getResponse, "groups[0].pricingPlans[0].pricingPlanData[1].visualElements[1].value", "اشترك"): Verify element property value successfully

2023-10-16 14:22:10 - [MESSAGE][PASSED] - Verify element property value successfully

2023-10-16 14:22:10 - [TEST_STEP][PASSED] - verifyElementPropertyValue(getResponse, "groups[0].pricingPlans[0].pricingPlanData[1].visualElements[2].key", "logo"): Verify element property value successfully

2023-10-16 14:22:10 - [MESSAGE][PASSED] - Verify element property value successfully

2023-10-16 14:22:10 - [TEST_STEP][FAILED] - verifyElementPropertyValue(getResponse, "groups[0].pricingPlans[0].pricingPlanData[1].visualElements[2].value", "https://static.s3.shahid.mbc.net/widget-images/icons/iconMobile.png"): Expected element property value 'https://static.s3.shahid.mbc.net/widget-images/icons/iconMobile.png' is not equal with actual property value 'zain'

2023-10-16 14:22:10 - [MESSAGE][FAILED] - Expected element property value 'https://static.s3.shahid.mbc.net/widget-images/icons/iconMobile.png' is not equal with actual property value 'zain'

2023-10-16 14:22:10 - [TEST_STEP][PASSED] - verifyElementPropertyValue(getResponse, "groups[0].pricingPlans[0].pricingPlanData[1].priceLabel", "4999"): Verify element property value successfully

2023-10-16 14:22:10 - [MESSAGE][PASSED] - Verify element property value successfully

2023-10-16 14:22:10 - [TEST_STEP][PASSED] - verifyElementPropertyValue(getResponse, "groups[0].pricingPlans[0].pricingPlanData[1].currencyLabel", "IQD"): Verify element property value successfully

2023-10-16 14:22:10 - [MESSAGE][PASSED] - Verify element property value successfully

2023-10-16 14:22:10 - [TEST_STEP][PASSED] - verifyElementPropertyValue(getResponse, "groups[0].pricingPlans[0].pricingPlanData[1].allowedForAcquisition", "true"): Verify element property value successfully

2023-10-16 14:22:10 - [MESSAGE][PASSED] - Verify element property value successfully

2023-10-16 14:22:10 - [TEST_STEP][PASSED] - verifyElementPropertyValue(getResponse, "groups[0].pricingPlans[1].featured", "false"): Verify element property value successfully

2023-10-16 14:22:10 - [MESSAGE][PASSED] - Verify element property value successfully

2023-10-16 14:22:10 - [TEST_STEP][PASSED] - verifyElementPropertyValue(getResponse, "groups[0].pricingPlans[1].packageId", "SHAHID_VIP"): Verify element property value successfully

2023-10-16 14:22:10 - [MESSAGE][PASSED] - Verify element property value successfully

2023-10-16 14:22:10 - [TEST_STEP][PASSED] - verifyElementPropertyValue(getResponse, "groups[0].pricingPlans[1].catalogId", "VIP"): Verify element property value successfully

2023-10-16 14:22:10 - [MESSAGE][PASSED] - Verify element property value successfully

2023-10-16 14:22:10 - [TEST_STEP][PASSED] - verifyElementPropertyValue(getResponse, "groups[0].pricingPlans[1].visualElements[0].key", "Header_1_text"): Verify element property value successfully

2023-10-16 14:22:10 - [MESSAGE][PASSED] - Verify element property value successfully

2023-10-16 14:22:10 - [TEST_STEP][PASSED] - verifyElementPropertyValue(getResponse, "groups[0].pricingPlans[1].visualElements[0].value", "شاهد أقوى المسلسلات و الأفلام حصرياً دون توقف"): Verify element property value successfully

2023-10-16 14:22:10 - [MESSAGE][PASSED] - Verify element property value successfully

2023-10-16 14:22:10 - [TEST_STEP][PASSED] - verifyElementPropertyValue(getResponse, "groups[0].pricingPlans[1].visualElements[1].key", "display_title"): Verify element property value successfully

2023-10-16 14:22:10 - [MESSAGE][PASSED] - Verify element property value successfully

2023-10-16 14:22:10 - [TEST_STEP][PASSED] - verifyElementPropertyValue(getResponse, "groups[0].pricingPlans[1].visualElements[1].value", "الاشتراك السنوي"): Verify element property value successfully

2023-10-16 14:22:10 - [MESSAGE][PASSED] - Verify element property value successfully

2023-10-16 14:22:10 - [TEST_STEP][PASSED] - verifyElementPropertyValue(getResponse, "groups[0].pricingPlans[1].visualElements[2].key", "tag_text"): Verify element property value successfully

2023-10-16 14:22:10 - [MESSAGE][PASSED] - Verify element property value successfully

2023-10-16 14:22:10 - [TEST_STEP][PASSED] - verifyElementPropertyValue(getResponse, "groups[0].pricingPlans[1].visualElements[2].value", "وفر28%"): Verify element property value successfully

2023-10-16 14:22:10 - [MESSAGE][PASSED] - Verify element property value successfully

2023-10-16 14:22:10 - [TEST_STEP][PASSED] - verifyElementPropertyValue(getResponse, "groups[0].pricingPlans[1].visualElements[3].key", "promo_text"): Verify element property value successfully

2023-10-16 14:22:10 - [MESSAGE][PASSED] - Verify element property value successfully

2023-10-16 14:22:10 - [TEST_STEP][PASSED] - verifyElementPropertyValue(getResponse, "groups[0].pricingPlans[1].visualElements[3].value", "3583.33 IQD / شهرياً"): Verify element property value successfully

2023-10-16 14:22:10 - [MESSAGE][PASSED] - Verify element property value successfully

2023-10-16 14:22:10 - [TEST_STEP][PASSED] - verifyElementPropertyValue(getResponse, "groups[0].pricingPlans[1].visualElements[4].key", "deduction_text"): Verify element property value successfully

2023-10-16 14:22:10 - [MESSAGE][PASSED] - Verify element property value successfully

2023-10-16 14:22:10 - [TEST_STEP][PASSED] - verifyElementPropertyValue(getResponse, "groups[0].pricingPlans[1].visualElements[4].value", " 43000 IQD  تدفع سنوياً"): Verify element property value successfully

2023-10-16 14:22:10 - [MESSAGE][PASSED] - Verify element property value successfully

2023-10-16 14:22:10 - [TEST_STEP][PASSED] - verifyElementPropertyValue(getResponse, "groups[0].pricingPlans[1].visualElements[7].key", "show_payment_logo"): Verify element property value successfully

2023-10-16 14:22:10 - [MESSAGE][PASSED] - Verify element property value successfully

2023-10-16 14:22:10 - [TEST_STEP][PASSED] - verifyElementPropertyValue(getResponse, "groups[0].pricingPlans[1].visualElements[7].value", "true"): Verify element property value successfully

2023-10-16 14:22:10 - [MESSAGE][PASSED] - Verify element property value successfully

2023-10-16 14:22:10 - [TEST_STEP][PASSED] - verifyElementPropertyValue(getResponse, "groups[0].pricingPlans[1].visualElements[8].key", "show_tag"): Verify element property value successfully

2023-10-16 14:22:10 - [MESSAGE][PASSED] - Verify element property value successfully

2023-10-16 14:22:10 - [TEST_STEP][PASSED] - verifyElementPropertyValue(getResponse, "groups[0].pricingPlans[1].visualElements[8].value", "true"): Verify element property value successfully

2023-10-16 14:22:10 - [MESSAGE][PASSED] - Verify element property value successfully

2023-10-16 14:22:10 - [TEST_STEP][PASSED] - verifyElementPropertyValue(getResponse, "groups[0].pricingPlans[1].visualElements[10].key", "price"): Verify element property value successfully

2023-10-16 14:22:10 - [MESSAGE][PASSED] - Verify element property value successfully

2023-10-16 14:22:10 - [TEST_STEP][PASSED] - verifyElementPropertyValue(getResponse, "groups[0].pricingPlans[1].visualElements[10].value", "43000"): Verify element property value successfully

2023-10-16 14:22:10 - [MESSAGE][PASSED] - Verify element property value successfully

2023-10-16 14:22:10 - [TEST_STEP][PASSED] - verifyElementPropertyValue(getResponse, "groups[0].pricingPlans[1].visualElements[11].key", "currency"): Verify element property value successfully

2023-10-16 14:22:10 - [MESSAGE][PASSED] - Verify element property value successfully

2023-10-16 14:22:10 - [TEST_STEP][PASSED] - verifyElementPropertyValue(getResponse, "groups[0].pricingPlans[1].visualElements[11].value", "IQD"): Verify element property value successfully

2023-10-16 14:22:10 - [MESSAGE][PASSED] - Verify element property value successfully

2023-10-16 14:22:10 - [TEST_STEP][PASSED] - verifyElementPropertyValue(getResponse, "groups[0].pricingPlans[1].visualElements[12].key", "duration"): Verify element property value successfully

2023-10-16 14:22:10 - [MESSAGE][PASSED] - Verify element property value successfully

2023-10-16 14:22:10 - [TEST_STEP][PASSED] - verifyElementPropertyValue(getResponse, "groups[0].pricingPlans[1].visualElements[12].value", "سنوياً"): Verify element property value successfully

2023-10-16 14:22:10 - [MESSAGE][PASSED] - Verify element property value successfully

2023-10-16 14:22:10 - [TEST_STEP][PASSED] - verifyElementPropertyValue(getResponse, "groups[0].pricingPlans[1].order", "2"): Verify element property value successfully

2023-10-16 14:22:10 - [MESSAGE][PASSED] - Verify element property value successfully

2023-10-16 14:22:10 - [TEST_STEP][PASSED] - verifyElementPropertyValue(getResponse, "groups[0].pricingPlans[1].period", "yearly"): Verify element property value successfully

2023-10-16 14:22:10 - [MESSAGE][PASSED] - Verify element property value successfully

2023-10-16 14:22:10 - [TEST_STEP][PASSED] - verifyElementPropertyValue(getResponse, "groups[0].pricingPlans[1].price", "43000.0"): Verify element property value successfully

2023-10-16 14:22:10 - [MESSAGE][PASSED] - Verify element property value successfully

2023-10-16 14:22:10 - [TEST_STEP][PASSED] - verifyElementPropertyValue(getResponse, "groups[0].pricingPlans[1].currency", "IQD"): Verify element property value successfully

2023-10-16 14:22:10 - [MESSAGE][PASSED] - Verify element property value successfully

2023-10-16 14:22:10 - [TEST_STEP][PASSED] - verifyElementPropertyValue(getResponse, "groups[0].pricingPlans[1].pricingPlanData[0].productId", "IRQ_B2C_SHAHID_VIP_12M"): Verify element property value successfully

2023-10-16 14:22:10 - [MESSAGE][PASSED] - Verify element property value successfully

2023-10-16 14:22:10 - [TEST_STEP][PASSED] - verifyElementPropertyValue(getResponse, "groups[0].pricingPlans[1].pricingPlanData[0].subPricingPlanIds", "null"): Verify element property value successfully

2023-10-16 14:22:10 - [MESSAGE][PASSED] - Verify element property value successfully

2023-10-16 14:22:10 - [TEST_STEP][PASSED] - verifyElementPropertyValue(getResponse, "groups[0].pricingPlans[1].pricingPlanData[0].paymentMethod", "CREDIT_CARD"): Verify element property value successfully

2023-10-16 14:22:10 - [MESSAGE][PASSED] - Verify element property value successfully

2023-10-16 14:22:10 - [TEST_STEP][PASSED] - verifyElementPropertyValue(getResponse, "groups[0].pricingPlans[1].pricingPlanData[0].freeTrialEnabled", "false"): Verify element property value successfully

2023-10-16 14:22:10 - [MESSAGE][PASSED] - Verify element property value successfully

2023-10-16 14:22:10 - [TEST_STEP][PASSED] - verifyElementPropertyValue(getResponse, "groups[0].pricingPlans[1].pricingPlanData[0].visualElements[0].key", "title"): Verify element property value successfully

2023-10-16 14:22:11 - [MESSAGE][PASSED] - Verify element property value successfully

2023-10-16 14:22:11 - [TEST_STEP][PASSED] - verifyElementPropertyValue(getResponse, "groups[0].pricingPlans[1].pricingPlanData[0].visualElements[0].value", "البطاقة المصرفية"): Verify element property value successfully

2023-10-16 14:22:11 - [MESSAGE][PASSED] - Verify element property value successfully

2023-10-16 14:22:11 - [TEST_STEP][PASSED] - verifyElementPropertyValue(getResponse, "groups[0].pricingPlans[1].pricingPlanData[0].visualElements[1].key", "CTA_text"): Verify element property value successfully

2023-10-16 14:22:11 - [MESSAGE][PASSED] - Verify element property value successfully

2023-10-16 14:22:11 - [TEST_STEP][PASSED] - verifyElementPropertyValue(getResponse, "groups[0].pricingPlans[1].pricingPlanData[0].visualElements[1].value", "اشترك"): Verify element property value successfully

2023-10-16 14:22:11 - [MESSAGE][PASSED] - Verify element property value successfully

2023-10-16 14:22:11 - [TEST_STEP][PASSED] - verifyElementPropertyValue(getResponse, "groups[0].pricingPlans[1].pricingPlanData[0].visualElements[2].key", "logo"): Verify element property value successfully

2023-10-16 14:22:11 - [MESSAGE][PASSED] - Verify element property value successfully

2023-10-16 14:22:11 - [TEST_STEP][PASSED] - verifyElementPropertyValue(getResponse, "groups[0].pricingPlans[1].pricingPlanData[0].visualElements[2].value", "https://static.s3.shahid.mbc.net/widget-images/icons/iconCreditCard.png"): Verify element property value successfully

2023-10-16 14:22:11 - [MESSAGE][PASSED] - Verify element property value successfully

2023-10-16 14:22:11 - [TEST_STEP][PASSED] - verifyElementPropertyValue(getResponse, "groups[0].pricingPlans[1].pricingPlanData[0].priceLabel", "43000"): Verify element property value successfully

2023-10-16 14:22:11 - [MESSAGE][PASSED] - Verify element property value successfully

2023-10-16 14:22:11 - [TEST_STEP][PASSED] - verifyElementPropertyValue(getResponse, "groups[0].pricingPlans[1].pricingPlanData[0].currencyLabel", "IQD"): Verify element property value successfully

2023-10-16 14:22:11 - [MESSAGE][PASSED] - Verify element property value successfully

2023-10-16 14:22:11 - [TEST_STEP][PASSED] - verifyElementPropertyValue(getResponse, "groups[0].pricingPlans[1].pricingPlanData[0].allowedForAcquisition", "true"): Verify element property value successfully

2023-10-16 14:22:11 - [MESSAGE][PASSED] - Verify element property value successfully

2023-10-16 14:22:11 - [TEST_STEP][PASSED] - verifyElementPropertyValue(getResponse, "groups[0].pricingPlans[1].pricingPlanData[0].showIn[0]", "VERTICAL_MODE"): Verify element property value successfully

2023-10-16 14:22:11 - [MESSAGE][PASSED] - Verify element property value successfully

2023-10-16 14:22:11 - [TEST_STEP][PASSED] - verifyElementPropertyValue(getResponse, "groups[0].pricingPlans[1].pricingPlanData[0].showIn[1]", "HORIZONTAL_MODE"): Verify element property value successfully

2023-10-16 14:22:11 - [MESSAGE][PASSED] - Verify element property value successfully

2023-10-16 14:22:11 - [TEST_STEP][PASSED] - verifyElementPropertyValue(getResponse, "visualElements[0].key", "main_CTA_text_1"): Verify element property value successfully

2023-10-16 14:22:11 - [MESSAGE][PASSED] - Verify element property value successfully

2023-10-16 14:22:11 - [TEST_STEP][PASSED] - verifyElementPropertyValue(getResponse, "visualElements[0].value", "شاهد أقوى المسلسلات و الأفلام حصرياً دون توقف"): Verify element property value successfully

2023-10-16 14:22:11 - [MESSAGE][PASSED] - Verify element property value successfully

2023-10-16 14:22:11 - [TEST_STEP][PASSED] - verifyElementPropertyValue(getResponse, "visualElements[2].key", "main_disclaimer_text"): Verify element property value successfully

2023-10-16 14:22:11 - [MESSAGE][PASSED] - Verify element property value successfully

2023-10-16 14:22:11 - [TEST_STEP][PASSED] - verifyElementPropertyValue(getResponse, "visualElements[2].value", " رسوم الاشتراك قد تختلف بناءً على البلد أو طريقة الدفع أو باقة الإشتراك أو الضريبة المضافة أو معامل تحويل العملات والرسوم البنكية. تطبّق الشروط والأحكام."): Verify element property value successfully

2023-10-16 14:22:11 - [MESSAGE][PASSED] - Verify element property value successfully

2023-10-16 14:22:11 - [TEST_STEP][PASSED] - verifyElementPropertyValue(getResponse, "visualElements[4].key", "display_type"): Verify element property value successfully

2023-10-16 14:22:11 - [MESSAGE][PASSED] - Verify element property value successfully

2023-10-16 14:22:11 - [TEST_STEP][PASSED] - verifyElementPropertyValue(getResponse, "visualElements[4].value", "vertical"): Verify element property value successfully

2023-10-16 14:22:11 - [MESSAGE][PASSED] - Verify element property value successfully

2023-10-16 14:22:11 - [TEST_STEP][PASSED] - verifyElementPropertyValue(getResponse, "defaultPackageId", "SHAHID_VIP"): Verify element property value successfully

2023-10-16 14:22:11 - [MESSAGE][PASSED] - Verify element property value successfully]]></system-out>
         <system-err><![CDATA[2023-10-16 14:22:08 - [TEST_CASE][FAILED] - Test Cases/WEB - CHROME/IRQ PI/WEB_AR_getSubscriptionConfigForIRQ_VIP: Test Cases/WEB - CHROME/IRQ PI/WEB_AR_getSubscriptionConfigForIRQ_VIP FAILED.
Reason:
com.kms.katalon.core.exception.StepFailedException: Expected element property value 'https://static.s3.shahid.mbc.net/widget-images/icons/iconMobile.png' is not equal with actual property value 'zain'
	at com.kms.katalon.core.keyword.internal.KeywordMain.stepFailed(KeywordMain.groovy:39)
	at com.kms.katalon.core.webservice.keyword.builtin.VerifyElementPropertyValueKeyword$_verifyElementPropertyValue_closure1.doCall(VerifyElementPropertyValueKeyword.groovy:56)
	at com.kms.katalon.core.webservice.keyword.builtin.VerifyElementPropertyValueKeyword$_verifyElementPropertyValue_closure1.call(VerifyElementPropertyValueKeyword.groovy)
	at com.kms.katalon.core.keyword.internal.KeywordMain.runKeyword(KeywordMain.groovy:75)
	at com.kms.katalon.core.webservice.keyword.builtin.VerifyElementPropertyValueKeyword.verifyElementPropertyValue(VerifyElementPropertyValueKeyword.groovy:48)
	at com.kms.katalon.core.webservice.keyword.builtin.VerifyElementPropertyValueKeyword.execute(VerifyElementPropertyValueKeyword.groovy:43)
	at com.kms.katalon.core.keyword.internal.KeywordExecutor.executeKeywordForPlatform(KeywordExecutor.groovy:74)
	at com.kms.katalon.core.webservice.keyword.WSBuiltInKeywords.verifyElementPropertyValue(WSBuiltInKeywords.groovy:190)
	at com.kms.katalon.core.webservice.keyword.WSBuiltInKeywords$verifyElementPropertyValue$1.call(Unknown Source)
	at WEB_AR_getSubscriptionConfigForIRQ_VIP.run(WEB_AR_getSubscriptionConfigForIRQ_VIP:103)
	at com.kms.katalon.core.main.ScriptEngine.run(ScriptEngine.java:194)
	at com.kms.katalon.core.main.ScriptEngine.runScriptAsRawText(ScriptEngine.java:119)
	at com.kms.katalon.core.main.TestCaseExecutor.runScript(TestCaseExecutor.java:448)
	at com.kms.katalon.core.main.TestCaseExecutor.doExecute(TestCaseExecutor.java:439)
	at com.kms.katalon.core.main.TestCaseExecutor.processExecutionPhase(TestCaseExecutor.java:418)
	at com.kms.katalon.core.main.TestCaseExecutor.accessMainPhase(TestCaseExecutor.java:410)
	at com.kms.katalon.core.main.TestCaseExecutor.execute(TestCaseExecutor.java:285)
	at com.kms.katalon.core.common.CommonExecutor.accessTestCaseMainPhase(CommonExecutor.java:65)
	at com.kms.katalon.core.main.TestSuiteExecutor.accessTestSuiteMainPhase(TestSuiteExecutor.java:148)
	at com.kms.katalon.core.main.TestSuiteExecutor.execute(TestSuiteExecutor.java:106)
	at com.kms.katalon.core.main.TestCaseMain.startTestSuite(TestCaseMain.java:187)
	at com.kms.katalon.core.main.TestCaseMain$startTestSuite$0.call(Unknown Source)
	at TempTestSuite1697454227045.run(TempTestSuite1697454227045.groovy:36)]]></system-err>
      </testcase>
      <testcase name="Test Cases/WEB - CHROME/IRQ PI/WEB_FR_getSubscriptionConfigForIRQ_Ultimate" time="1.909" classname="Test Cases/WEB - CHROME/IRQ PI/WEB_FR_getSubscriptionConfigForIRQ_Ultimate" status="PASSED">
         <system-out><![CDATA[2023-10-16 14:22:11 - [TEST_CASE][PASSED] - Test Cases/WEB - CHROME/IRQ PI/WEB_FR_getSubscriptionConfigForIRQ_Ultimate: Test Cases/WEB - CHROME/IRQ PI/WEB_FR_getSubscriptionConfigForIRQ_Ultimate

2023-10-16 14:22:11 - [TEST_STEP][PASSED] - getResponse = config_files.getConfigFile.getConfig("WEB", "FR", "SHAHID_VIP_GEA_SPORT", "IQ", "false"): config_files.getConfigFile.getConfig is PASSED

2023-10-16 14:22:12 - [MESSAGE][INFO] - HAR: /Users/admin/git/shahid-configuration/Reports/20231016_140310/WEB/IRQ/20231016_140347/requests/main/2.har

2023-10-16 14:22:12 - [MESSAGE][PASSED] - Send request successfully

2023-10-16 14:22:12 - [MESSAGE][PASSED] - config_files.getConfigFile.getConfig is PASSED

2023-10-16 14:22:12 - [TEST_STEP][PASSED] - verifyResponseStatusCode(getResponse, 200): Verify response status code successfully

2023-10-16 14:22:12 - [MESSAGE][PASSED] - Verify response status code successfully

2023-10-16 14:22:12 - [TEST_STEP][PASSED] - verifyElementPropertyValue(getResponse, "country", "IRQ"): Verify element property value successfully

2023-10-16 14:22:12 - [MESSAGE][PASSED] - Verify element property value successfully

2023-10-16 14:22:12 - [TEST_STEP][PASSED] - verifyElementPropertyValue(getResponse, "platform", "[WEB]"): Verify element property value successfully

2023-10-16 14:22:12 - [MESSAGE][PASSED] - Verify element property value successfully

2023-10-16 14:22:12 - [TEST_STEP][PASSED] - verifyElementPropertyValue(getResponse, "groups[0].pricingPlans[0].featured", "true"): Verify element property value successfully

2023-10-16 14:22:12 - [MESSAGE][PASSED] - Verify element property value successfully

2023-10-16 14:22:12 - [TEST_STEP][PASSED] - verifyElementPropertyValue(getResponse, "groups[0].pricingPlans[0].packageId", "SHAHID_VIP_GEA_SPORT"): Verify element property value successfully

2023-10-16 14:22:12 - [MESSAGE][PASSED] - Verify element property value successfully

2023-10-16 14:22:12 - [TEST_STEP][PASSED] - verifyElementPropertyValue(getResponse, "groups[0].pricingPlans[0].catalogId", "GEA"): Verify element property value successfully

2023-10-16 14:22:12 - [MESSAGE][PASSED] - Verify element property value successfully

2023-10-16 14:22:12 - [TEST_STEP][PASSED] - verifyElementPropertyValue(getResponse, "groups[0].pricingPlans[0].visualElements[0].key", "Header_1_text"): Verify element property value successfully

2023-10-16 14:22:12 - [MESSAGE][PASSED] - Verify element property value successfully

2023-10-16 14:22:12 - [TEST_STEP][PASSED] - verifyElementPropertyValue(getResponse, "groups[0].pricingPlans[0].visualElements[0].value", "Abonnez-vous dès maintenant et profitez de vos programmes sans publicité"): Verify element property value successfully

2023-10-16 14:22:12 - [MESSAGE][PASSED] - Verify element property value successfully

2023-10-16 14:22:12 - [TEST_STEP][PASSED] - verifyElementPropertyValue(getResponse, "groups[0].pricingPlans[0].visualElements[1].key", "display_title"): Verify element property value successfully

2023-10-16 14:22:12 - [MESSAGE][PASSED] - Verify element property value successfully

2023-10-16 14:22:12 - [TEST_STEP][PASSED] - verifyElementPropertyValue(getResponse, "groups[0].pricingPlans[0].visualElements[1].value", "Plan Mensuel"): Verify element property value successfully

2023-10-16 14:22:12 - [MESSAGE][PASSED] - Verify element property value successfully

2023-10-16 14:22:12 - [TEST_STEP][PASSED] - verifyElementPropertyValue(getResponse, "groups[0].pricingPlans[0].visualElements[3].key", "promo_text"): Verify element property value successfully

2023-10-16 14:22:12 - [MESSAGE][PASSED] - Verify element property value successfully

2023-10-16 14:22:12 - [TEST_STEP][PASSED] - verifyElementPropertyValue(getResponse, "groups[0].pricingPlans[0].visualElements[3].value", "13999 IQD / mois"): Verify element property value successfully

2023-10-16 14:22:12 - [MESSAGE][PASSED] - Verify element property value successfully

2023-10-16 14:22:12 - [TEST_STEP][PASSED] - verifyElementPropertyValue(getResponse, "groups[0].pricingPlans[0].visualElements[4].key", "deduction_text"): Verify element property value successfully

2023-10-16 14:22:12 - [MESSAGE][PASSED] - Verify element property value successfully

2023-10-16 14:22:12 - [TEST_STEP][PASSED] - verifyElementPropertyValue(getResponse, "groups[0].pricingPlans[0].visualElements[4].value", "facturation mensuelle"): Verify element property value successfully

2023-10-16 14:22:12 - [MESSAGE][PASSED] - Verify element property value successfully

2023-10-16 14:22:12 - [TEST_STEP][PASSED] - verifyElementPropertyValue(getResponse, "groups[0].pricingPlans[0].visualElements[7].key", "show_payment_logo"): Verify element property value successfully

2023-10-16 14:22:12 - [MESSAGE][PASSED] - Verify element property value successfully

2023-10-16 14:22:12 - [TEST_STEP][PASSED] - verifyElementPropertyValue(getResponse, "groups[0].pricingPlans[0].visualElements[7].value", "true"): Verify element property value successfully

2023-10-16 14:22:12 - [MESSAGE][PASSED] - Verify element property value successfully

2023-10-16 14:22:12 - [TEST_STEP][PASSED] - verifyElementPropertyValue(getResponse, "groups[0].pricingPlans[0].visualElements[8].key", "show_tag"): Verify element property value successfully

2023-10-16 14:22:12 - [MESSAGE][PASSED] - Verify element property value successfully

2023-10-16 14:22:12 - [TEST_STEP][PASSED] - verifyElementPropertyValue(getResponse, "groups[0].pricingPlans[0].visualElements[8].value", "false"): Verify element property value successfully

2023-10-16 14:22:12 - [MESSAGE][PASSED] - Verify element property value successfully

2023-10-16 14:22:12 - [TEST_STEP][PASSED] - verifyElementPropertyValue(getResponse, "groups[0].pricingPlans[0].visualElements[10].key", "price"): Verify element property value successfully

2023-10-16 14:22:12 - [MESSAGE][PASSED] - Verify element property value successfully

2023-10-16 14:22:12 - [TEST_STEP][PASSED] - verifyElementPropertyValue(getResponse, "groups[0].pricingPlans[0].visualElements[10].value", "13999"): Verify element property value successfully

2023-10-16 14:22:12 - [MESSAGE][PASSED] - Verify element property value successfully

2023-10-16 14:22:12 - [TEST_STEP][PASSED] - verifyElementPropertyValue(getResponse, "groups[0].pricingPlans[0].visualElements[11].key", "currency"): Verify element property value successfully

2023-10-16 14:22:12 - [MESSAGE][PASSED] - Verify element property value successfully

2023-10-16 14:22:12 - [TEST_STEP][PASSED] - verifyElementPropertyValue(getResponse, "groups[0].pricingPlans[0].visualElements[11].value", "IQD"): Verify element property value successfully

2023-10-16 14:22:12 - [MESSAGE][PASSED] - Verify element property value successfully

2023-10-16 14:22:12 - [TEST_STEP][PASSED] - verifyElementPropertyValue(getResponse, "groups[0].pricingPlans[0].visualElements[12].key", "duration"): Verify element property value successfully

2023-10-16 14:22:12 - [MESSAGE][PASSED] - Verify element property value successfully

2023-10-16 14:22:12 - [TEST_STEP][PASSED] - verifyElementPropertyValue(getResponse, "groups[0].pricingPlans[0].visualElements[12].value", "Mensuel"): Verify element property value successfully

2023-10-16 14:22:12 - [MESSAGE][PASSED] - Verify element property value successfully

2023-10-16 14:22:12 - [TEST_STEP][PASSED] - verifyElementPropertyValue(getResponse, "groups[0].pricingPlans[0].visualElements[13].key", "featured_tag_text"): Verify element property value successfully

2023-10-16 14:22:12 - [MESSAGE][PASSED] - Verify element property value successfully

2023-10-16 14:22:12 - [TEST_STEP][PASSED] - verifyElementPropertyValue(getResponse, "groups[0].pricingPlans[0].visualElements[13].value", "Le plus populaire"): Verify element property value successfully

2023-10-16 14:22:12 - [MESSAGE][PASSED] - Verify element property value successfully

2023-10-16 14:22:12 - [TEST_STEP][PASSED] - verifyElementPropertyValue(getResponse, "groups[0].pricingPlans[0].order", "9"): Verify element property value successfully

2023-10-16 14:22:12 - [MESSAGE][PASSED] - Verify element property value successfully

2023-10-16 14:22:12 - [TEST_STEP][PASSED] - verifyElementPropertyValue(getResponse, "groups[0].pricingPlans[0].period", "monthly"): Verify element property value successfully

2023-10-16 14:22:12 - [MESSAGE][PASSED] - Verify element property value successfully

2023-10-16 14:22:12 - [TEST_STEP][PASSED] - verifyElementPropertyValue(getResponse, "groups[0].pricingPlans[0].price", "13999.0"): Verify element property value successfully

2023-10-16 14:22:12 - [MESSAGE][PASSED] - Verify element property value successfully

2023-10-16 14:22:12 - [TEST_STEP][PASSED] - verifyElementPropertyValue(getResponse, "groups[0].pricingPlans[0].currency", "IQD"): Verify element property value successfully

2023-10-16 14:22:12 - [MESSAGE][PASSED] - Verify element property value successfully

2023-10-16 14:22:12 - [TEST_STEP][PASSED] - verifyElementPropertyValue(getResponse, "groups[0].pricingPlans[0].pricingPlanData[0].productId", "IRQ_B2C_SHAHID_VIP_GEA_SPORT_1M"): Verify element property value successfully

2023-10-16 14:22:12 - [MESSAGE][PASSED] - Verify element property value successfully

2023-10-16 14:22:12 - [TEST_STEP][PASSED] - verifyElementPropertyValue(getResponse, "groups[0].pricingPlans[0].pricingPlanData[0].subPricingPlanIds", "null"): Verify element property value successfully

2023-10-16 14:22:12 - [MESSAGE][PASSED] - Verify element property value successfully

2023-10-16 14:22:12 - [TEST_STEP][PASSED] - verifyElementPropertyValue(getResponse, "groups[0].pricingPlans[0].pricingPlanData[0].paymentMethod", "CREDIT_CARD"): Verify element property value successfully

2023-10-16 14:22:12 - [MESSAGE][PASSED] - Verify element property value successfully

2023-10-16 14:22:12 - [TEST_STEP][PASSED] - verifyElementPropertyValue(getResponse, "groups[0].pricingPlans[0].pricingPlanData[0].freeTrialEnabled", "false"): Verify element property value successfully

2023-10-16 14:22:12 - [MESSAGE][PASSED] - Verify element property value successfully

2023-10-16 14:22:12 - [TEST_STEP][PASSED] - verifyElementPropertyValue(getResponse, "groups[0].pricingPlans[0].pricingPlanData[0].visualElements[0].key", "title"): Verify element property value successfully

2023-10-16 14:22:12 - [MESSAGE][PASSED] - Verify element property value successfully

2023-10-16 14:22:12 - [TEST_STEP][PASSED] - verifyElementPropertyValue(getResponse, "groups[0].pricingPlans[0].pricingPlanData[0].visualElements[0].value", "Carte de crédit/débit"): Verify element property value successfully

2023-10-16 14:22:12 - [MESSAGE][PASSED] - Verify element property value successfully

2023-10-16 14:22:12 - [TEST_STEP][PASSED] - verifyElementPropertyValue(getResponse, "groups[0].pricingPlans[0].pricingPlanData[0].visualElements[1].key", "CTA_text"): Verify element property value successfully

2023-10-16 14:22:12 - [MESSAGE][PASSED] - Verify element property value successfully

2023-10-16 14:22:12 - [TEST_STEP][PASSED] - verifyElementPropertyValue(getResponse, "groups[0].pricingPlans[0].pricingPlanData[0].visualElements[1].value", "S'abonner"): Verify element property value successfully

2023-10-16 14:22:12 - [MESSAGE][PASSED] - Verify element property value successfully

2023-10-16 14:22:12 - [TEST_STEP][PASSED] - verifyElementPropertyValue(getResponse, "groups[0].pricingPlans[0].pricingPlanData[0].visualElements[2].key", "logo"): Verify element property value successfully

2023-10-16 14:22:12 - [MESSAGE][PASSED] - Verify element property value successfully

2023-10-16 14:22:12 - [TEST_STEP][PASSED] - verifyElementPropertyValue(getResponse, "groups[0].pricingPlans[0].pricingPlanData[0].visualElements[2].value", "https://static.s3.shahid.mbc.net/widget-images/icons/iconCreditCard.png"): Verify element property value successfully

2023-10-16 14:22:12 - [MESSAGE][PASSED] - Verify element property value successfully

2023-10-16 14:22:12 - [TEST_STEP][PASSED] - verifyElementPropertyValue(getResponse, "groups[0].pricingPlans[0].pricingPlanData[0].priceLabel", "13999"): Verify element property value successfully

2023-10-16 14:22:12 - [MESSAGE][PASSED] - Verify element property value successfully

2023-10-16 14:22:12 - [TEST_STEP][PASSED] - verifyElementPropertyValue(getResponse, "groups[0].pricingPlans[0].pricingPlanData[0].currencyLabel", "IQD"): Verify element property value successfully

2023-10-16 14:22:12 - [MESSAGE][PASSED] - Verify element property value successfully

2023-10-16 14:22:12 - [TEST_STEP][PASSED] - verifyElementPropertyValue(getResponse, "groups[0].pricingPlans[0].pricingPlanData[0].allowedForAcquisition", "true"): Verify element property value successfully

2023-10-16 14:22:12 - [MESSAGE][PASSED] - Verify element property value successfully

2023-10-16 14:22:12 - [TEST_STEP][PASSED] - verifyElementPropertyValue(getResponse, "groups[0].pricingPlans[1].featured", "false"): Verify element property value successfully

2023-10-16 14:22:12 - [MESSAGE][PASSED] - Verify element property value successfully

2023-10-16 14:22:12 - [TEST_STEP][PASSED] - verifyElementPropertyValue(getResponse, "groups[0].pricingPlans[1].packageId", "SHAHID_VIP_GEA_SPORT"): Verify element property value successfully

2023-10-16 14:22:12 - [MESSAGE][PASSED] - Verify element property value successfully

2023-10-16 14:22:12 - [TEST_STEP][PASSED] - verifyElementPropertyValue(getResponse, "groups[0].pricingPlans[1].catalogId", "GEA"): Verify element property value successfully

2023-10-16 14:22:12 - [MESSAGE][PASSED] - Verify element property value successfully

2023-10-16 14:22:12 - [TEST_STEP][PASSED] - verifyElementPropertyValue(getResponse, "groups[0].pricingPlans[1].visualElements[0].key", "Header_1_text"): Verify element property value successfully

2023-10-16 14:22:12 - [MESSAGE][PASSED] - Verify element property value successfully

2023-10-16 14:22:12 - [TEST_STEP][PASSED] - verifyElementPropertyValue(getResponse, "groups[0].pricingPlans[1].visualElements[0].value", "Abonnez-vous dès maintenant et profitez de vos programmes sans publicité"): Verify element property value successfully

2023-10-16 14:22:12 - [MESSAGE][PASSED] - Verify element property value successfully

2023-10-16 14:22:12 - [TEST_STEP][PASSED] - verifyElementPropertyValue(getResponse, "groups[0].pricingPlans[1].visualElements[1].key", "display_title"): Verify element property value successfully

2023-10-16 14:22:12 - [MESSAGE][PASSED] - Verify element property value successfully

2023-10-16 14:22:12 - [TEST_STEP][PASSED] - verifyElementPropertyValue(getResponse, "groups[0].pricingPlans[1].visualElements[1].value", "Plan Annuel"): Verify element property value successfully

2023-10-16 14:22:12 - [MESSAGE][PASSED] - Verify element property value successfully

2023-10-16 14:22:12 - [TEST_STEP][PASSED] - verifyElementPropertyValue(getResponse, "groups[0].pricingPlans[1].visualElements[2].key", "tag_text"): Verify element property value successfully

2023-10-16 14:22:12 - [MESSAGE][PASSED] - Verify element property value successfully

2023-10-16 14:22:12 - [TEST_STEP][PASSED] - verifyElementPropertyValue(getResponse, "groups[0].pricingPlans[1].visualElements[2].value", "Économisez 22%"): Verify element property value successfully

2023-10-16 14:22:12 - [MESSAGE][PASSED] - Verify element property value successfully

2023-10-16 14:22:12 - [TEST_STEP][PASSED] - verifyElementPropertyValue(getResponse, "groups[0].pricingPlans[1].visualElements[3].key", "promo_text"): Verify element property value successfully

2023-10-16 14:22:12 - [MESSAGE][PASSED] - Verify element property value successfully

2023-10-16 14:22:12 - [TEST_STEP][PASSED] - verifyElementPropertyValue(getResponse, "groups[0].pricingPlans[1].visualElements[3].value", "10958.33 IQD / mois"): Verify element property value successfully

2023-10-16 14:22:12 - [MESSAGE][PASSED] - Verify element property value successfully

2023-10-16 14:22:12 - [TEST_STEP][PASSED] - verifyElementPropertyValue(getResponse, "groups[0].pricingPlans[1].visualElements[4].key", "deduction_text"): Verify element property value successfully

2023-10-16 14:22:12 - [MESSAGE][PASSED] - Verify element property value successfully

2023-10-16 14:22:12 - [TEST_STEP][PASSED] - verifyElementPropertyValue(getResponse, "groups[0].pricingPlans[1].visualElements[4].value", "131500 IQD facturés chaque année"): Verify element property value successfully

2023-10-16 14:22:12 - [MESSAGE][PASSED] - Verify element property value successfully

2023-10-16 14:22:12 - [TEST_STEP][PASSED] - verifyElementPropertyValue(getResponse, "groups[0].pricingPlans[1].visualElements[7].key", "show_payment_logo"): Verify element property value successfully

2023-10-16 14:22:12 - [MESSAGE][PASSED] - Verify element property value successfully

2023-10-16 14:22:12 - [TEST_STEP][PASSED] - verifyElementPropertyValue(getResponse, "groups[0].pricingPlans[1].visualElements[7].value", "true"): Verify element property value successfully

2023-10-16 14:22:12 - [MESSAGE][PASSED] - Verify element property value successfully

2023-10-16 14:22:12 - [TEST_STEP][PASSED] - verifyElementPropertyValue(getResponse, "groups[0].pricingPlans[1].visualElements[8].key", "show_tag"): Verify element property value successfully

2023-10-16 14:22:12 - [MESSAGE][PASSED] - Verify element property value successfully

2023-10-16 14:22:12 - [TEST_STEP][PASSED] - verifyElementPropertyValue(getResponse, "groups[0].pricingPlans[1].visualElements[8].value", "true"): Verify element property value successfully

2023-10-16 14:22:12 - [MESSAGE][PASSED] - Verify element property value successfully

2023-10-16 14:22:12 - [TEST_STEP][PASSED] - verifyElementPropertyValue(getResponse, "groups[0].pricingPlans[1].visualElements[10].key", "price"): Verify element property value successfully

2023-10-16 14:22:12 - [MESSAGE][PASSED] - Verify element property value successfully

2023-10-16 14:22:12 - [TEST_STEP][PASSED] - verifyElementPropertyValue(getResponse, "groups[0].pricingPlans[1].visualElements[10].value", "131500"): Verify element property value successfully

2023-10-16 14:22:12 - [MESSAGE][PASSED] - Verify element property value successfully

2023-10-16 14:22:12 - [TEST_STEP][PASSED] - verifyElementPropertyValue(getResponse, "groups[0].pricingPlans[1].visualElements[11].key", "currency"): Verify element property value successfully

2023-10-16 14:22:12 - [MESSAGE][PASSED] - Verify element property value successfully

2023-10-16 14:22:12 - [TEST_STEP][PASSED] - verifyElementPropertyValue(getResponse, "groups[0].pricingPlans[1].visualElements[11].value", "IQD"): Verify element property value successfully

2023-10-16 14:22:12 - [MESSAGE][PASSED] - Verify element property value successfully

2023-10-16 14:22:12 - [TEST_STEP][PASSED] - verifyElementPropertyValue(getResponse, "groups[0].pricingPlans[1].visualElements[12].key", "duration"): Verify element property value successfully

2023-10-16 14:22:12 - [MESSAGE][PASSED] - Verify element property value successfully

2023-10-16 14:22:12 - [TEST_STEP][PASSED] - verifyElementPropertyValue(getResponse, "groups[0].pricingPlans[1].visualElements[12].value", "Annuel"): Verify element property value successfully

2023-10-16 14:22:12 - [MESSAGE][PASSED] - Verify element property value successfully

2023-10-16 14:22:12 - [TEST_STEP][PASSED] - verifyElementPropertyValue(getResponse, "groups[0].pricingPlans[1].order", "11"): Verify element property value successfully

2023-10-16 14:22:12 - [MESSAGE][PASSED] - Verify element property value successfully

2023-10-16 14:22:12 - [TEST_STEP][PASSED] - verifyElementPropertyValue(getResponse, "groups[0].pricingPlans[1].period", "yearly"): Verify element property value successfully

2023-10-16 14:22:12 - [MESSAGE][PASSED] - Verify element property value successfully

2023-10-16 14:22:12 - [TEST_STEP][PASSED] - verifyElementPropertyValue(getResponse, "groups[0].pricingPlans[1].price", "131500.0"): Verify element property value successfully

2023-10-16 14:22:12 - [MESSAGE][PASSED] - Verify element property value successfully

2023-10-16 14:22:12 - [TEST_STEP][PASSED] - verifyElementPropertyValue(getResponse, "groups[0].pricingPlans[1].currency", "IQD"): Verify element property value successfully

2023-10-16 14:22:12 - [MESSAGE][PASSED] - Verify element property value successfully

2023-10-16 14:22:12 - [TEST_STEP][PASSED] - verifyElementPropertyValue(getResponse, "groups[0].pricingPlans[1].pricingPlanData[0].productId", "IRQ_B2C_SHAHID_VIP_GEA_SPORT_12M"): Verify element property value successfully

2023-10-16 14:22:12 - [MESSAGE][PASSED] - Verify element property value successfully

2023-10-16 14:22:12 - [TEST_STEP][PASSED] - verifyElementPropertyValue(getResponse, "groups[0].pricingPlans[1].pricingPlanData[0].subPricingPlanIds", "null"): Verify element property value successfully

2023-10-16 14:22:12 - [MESSAGE][PASSED] - Verify element property value successfully

2023-10-16 14:22:12 - [TEST_STEP][PASSED] - verifyElementPropertyValue(getResponse, "groups[0].pricingPlans[1].pricingPlanData[0].paymentMethod", "CREDIT_CARD"): Verify element property value successfully

2023-10-16 14:22:12 - [MESSAGE][PASSED] - Verify element property value successfully

2023-10-16 14:22:12 - [TEST_STEP][PASSED] - verifyElementPropertyValue(getResponse, "groups[0].pricingPlans[1].pricingPlanData[0].freeTrialEnabled", "false"): Verify element property value successfully

2023-10-16 14:22:12 - [MESSAGE][PASSED] - Verify element property value successfully

2023-10-16 14:22:12 - [TEST_STEP][PASSED] - verifyElementPropertyValue(getResponse, "groups[0].pricingPlans[1].pricingPlanData[0].visualElements[0].key", "title"): Verify element property value successfully

2023-10-16 14:22:12 - [MESSAGE][PASSED] - Verify element property value successfully

2023-10-16 14:22:12 - [TEST_STEP][PASSED] - verifyElementPropertyValue(getResponse, "groups[0].pricingPlans[1].pricingPlanData[0].visualElements[0].value", "Carte de crédit/débit"): Verify element property value successfully

2023-10-16 14:22:12 - [MESSAGE][PASSED] - Verify element property value successfully

2023-10-16 14:22:12 - [TEST_STEP][PASSED] - verifyElementPropertyValue(getResponse, "groups[0].pricingPlans[1].pricingPlanData[0].visualElements[1].key", "CTA_text"): Verify element property value successfully

2023-10-16 14:22:12 - [MESSAGE][PASSED] - Verify element property value successfully

2023-10-16 14:22:12 - [TEST_STEP][PASSED] - verifyElementPropertyValue(getResponse, "groups[0].pricingPlans[1].pricingPlanData[0].visualElements[1].value", "S'abonner"): Verify element property value successfully

2023-10-16 14:22:12 - [MESSAGE][PASSED] - Verify element property value successfully

2023-10-16 14:22:12 - [TEST_STEP][PASSED] - verifyElementPropertyValue(getResponse, "groups[0].pricingPlans[1].pricingPlanData[0].visualElements[2].key", "logo"): Verify element property value successfully

2023-10-16 14:22:12 - [MESSAGE][PASSED] - Verify element property value successfully

2023-10-16 14:22:12 - [TEST_STEP][PASSED] - verifyElementPropertyValue(getResponse, "groups[0].pricingPlans[1].pricingPlanData[0].visualElements[2].value", "https://static.s3.shahid.mbc.net/widget-images/icons/iconCreditCard.png"): Verify element property value successfully

2023-10-16 14:22:13 - [MESSAGE][PASSED] - Verify element property value successfully

2023-10-16 14:22:13 - [TEST_STEP][PASSED] - verifyElementPropertyValue(getResponse, "groups[0].pricingPlans[1].pricingPlanData[0].priceLabel", "131500"): Verify element property value successfully

2023-10-16 14:22:13 - [MESSAGE][PASSED] - Verify element property value successfully

2023-10-16 14:22:13 - [TEST_STEP][PASSED] - verifyElementPropertyValue(getResponse, "groups[0].pricingPlans[1].pricingPlanData[0].currencyLabel", "IQD"): Verify element property value successfully

2023-10-16 14:22:13 - [MESSAGE][PASSED] - Verify element property value successfully

2023-10-16 14:22:13 - [TEST_STEP][PASSED] - verifyElementPropertyValue(getResponse, "groups[0].pricingPlans[1].pricingPlanData[0].allowedForAcquisition", "true"): Verify element property value successfully

2023-10-16 14:22:13 - [MESSAGE][PASSED] - Verify element property value successfully

2023-10-16 14:22:13 - [TEST_STEP][PASSED] - verifyElementPropertyValue(getResponse, "groups[0].pricingPlans[1].pricingPlanData[0].showIn[0]", "VERTICAL_MODE"): Verify element property value successfully

2023-10-16 14:22:13 - [MESSAGE][PASSED] - Verify element property value successfully

2023-10-16 14:22:13 - [TEST_STEP][PASSED] - verifyElementPropertyValue(getResponse, "groups[0].pricingPlans[1].pricingPlanData[0].showIn[1]", "HORIZONTAL_MODE"): Verify element property value successfully

2023-10-16 14:22:13 - [MESSAGE][PASSED] - Verify element property value successfully

2023-10-16 14:22:13 - [TEST_STEP][PASSED] - verifyElementPropertyValue(getResponse, "visualElements[0].key", "main_CTA_text_1"): Verify element property value successfully

2023-10-16 14:22:13 - [MESSAGE][PASSED] - Verify element property value successfully

2023-10-16 14:22:13 - [TEST_STEP][PASSED] - verifyElementPropertyValue(getResponse, "visualElements[0].value", "Abonnez-vous dès maintenant et profitez de vos programmes sans publicité"): Verify element property value successfully

2023-10-16 14:22:13 - [MESSAGE][PASSED] - Verify element property value successfully

2023-10-16 14:22:13 - [TEST_STEP][PASSED] - verifyElementPropertyValue(getResponse, "visualElements[2].key", "main_disclaimer_text"): Verify element property value successfully

2023-10-16 14:22:13 - [MESSAGE][PASSED] - Verify element property value successfully

2023-10-16 14:22:13 - [TEST_STEP][PASSED] - verifyElementPropertyValue(getResponse, "visualElements[2].value", "Les frais d'abonnement peuvent varier selon le pays, le moyen de paiement, le forfait, les taxes, les taux de change et les frais bancaires. Les conditions générales d'utilisation s'appliquent."): Verify element property value successfully

2023-10-16 14:22:13 - [MESSAGE][PASSED] - Verify element property value successfully

2023-10-16 14:22:13 - [TEST_STEP][PASSED] - verifyElementPropertyValue(getResponse, "visualElements[4].key", "display_type"): Verify element property value successfully

2023-10-16 14:22:13 - [MESSAGE][PASSED] - Verify element property value successfully

2023-10-16 14:22:13 - [TEST_STEP][PASSED] - verifyElementPropertyValue(getResponse, "visualElements[4].value", "vertical"): Verify element property value successfully

2023-10-16 14:22:13 - [MESSAGE][PASSED] - Verify element property value successfully

2023-10-16 14:22:13 - [TEST_STEP][PASSED] - verifyElementPropertyValue(getResponse, "defaultPackageId", "SHAHID_VIP"): Verify element property value successfully

2023-10-16 14:22:13 - [MESSAGE][PASSED] - Verify element property value successfully]]></system-out>
         <system-err><![CDATA[]]></system-err>
      </testcase>
      <testcase name="Test Cases/WEB - CHROME/IRQ PI/WEB_EN_getSubscriptionConfigForIRQ_SPORT" time="2.024" classname="Test Cases/WEB - CHROME/IRQ PI/WEB_EN_getSubscriptionConfigForIRQ_SPORT" status="FAILED">
         <failure type="FAILED" message="Test Cases/WEB - CHROME/IRQ PI/WEB_EN_getSubscriptionConfigForIRQ_SPORT FAILED.
Reason:
com.kms.katalon.core.exception.StepFailedException: Expected element property value 'show_tag' is not equal with actual property value 'featured_tag_text'
	at com.kms.katalon.core.keyword.internal.KeywordMain.stepFailed(KeywordMain.groovy:39)
	at com.kms.katalon.core.webservice.keyword.builtin.VerifyElementPropertyValueKeyword$_verifyElementPropertyValue_closure1.doCall(VerifyElementPropertyValueKeyword.groovy:56)
	at com.kms.katalon.core.webservice.keyword.builtin.VerifyElementPropertyValueKeyword$_verifyElementPropertyValue_closure1.call(VerifyElementPropertyValueKeyword.groovy)
	at com.kms.katalon.core.keyword.internal.KeywordMain.runKeyword(KeywordMain.groovy:75)
	at com.kms.katalon.core.webservice.keyword.builtin.VerifyElementPropertyValueKeyword.verifyElementPropertyValue(VerifyElementPropertyValueKeyword.groovy:48)
	at com.kms.katalon.core.webservice.keyword.builtin.VerifyElementPropertyValueKeyword.execute(VerifyElementPropertyValueKeyword.groovy:43)
	at com.kms.katalon.core.keyword.internal.KeywordExecutor.executeKeywordForPlatform(KeywordExecutor.groovy:74)
	at com.kms.katalon.core.webservice.keyword.WSBuiltInKeywords.verifyElementPropertyValue(WSBuiltInKeywords.groovy:190)
	at com.kms.katalon.core.webservice.keyword.WSBuiltInKeywords$verifyElementPropertyValue$1.call(Unknown Source)
	at WEB_EN_getSubscriptionConfigForIRQ_SPORT.run(WEB_EN_getSubscriptionConfigForIRQ_SPORT:62)
	at com.kms.katalon.core.main.ScriptEngine.run(ScriptEngine.java:194)
	at com.kms.katalon.core.main.ScriptEngine.runScriptAsRawText(ScriptEngine.java:119)
	at com.kms.katalon.core.main.TestCaseExecutor.runScript(TestCaseExecutor.java:448)
	at com.kms.katalon.core.main.TestCaseExecutor.doExecute(TestCaseExecutor.java:439)
	at com.kms.katalon.core.main.TestCaseExecutor.processExecutionPhase(TestCaseExecutor.java:418)
	at com.kms.katalon.core.main.TestCaseExecutor.accessMainPhase(TestCaseExecutor.java:410)
	at com.kms.katalon.core.main.TestCaseExecutor.execute(TestCaseExecutor.java:285)
	at com.kms.katalon.core.common.CommonExecutor.accessTestCaseMainPhase(CommonExecutor.java:65)
	at com.kms.katalon.core.main.TestSuiteExecutor.accessTestSuiteMainPhase(TestSuiteExecutor.java:148)
	at com.kms.katalon.core.main.TestSuiteExecutor.execute(TestSuiteExecutor.java:106)
	at com.kms.katalon.core.main.TestCaseMain.startTestSuite(TestCaseMain.java:187)
	at com.kms.katalon.core.main.TestCaseMain$startTestSuite$0.call(Unknown Source)
	at TempTestSuite1697454227045.run(TempTestSuite1697454227045.groovy:36)
"/>
         <system-out><![CDATA[2023-10-16 14:22:13 - [TEST_CASE][FAILED] - Test Cases/WEB - CHROME/IRQ PI/WEB_EN_getSubscriptionConfigForIRQ_SPORT: Test Cases/WEB - CHROME/IRQ PI/WEB_EN_getSubscriptionConfigForIRQ_SPORT FAILED.
Reason:
com.kms.katalon.core.exception.StepFailedException: Expected element property value 'show_tag' is not equal with actual property value 'featured_tag_text'
	at com.kms.katalon.core.keyword.internal.KeywordMain.stepFailed(KeywordMain.groovy:39)
	at com.kms.katalon.core.webservice.keyword.builtin.VerifyElementPropertyValueKeyword$_verifyElementPropertyValue_closure1.doCall(VerifyElementPropertyValueKeyword.groovy:56)
	at com.kms.katalon.core.webservice.keyword.builtin.VerifyElementPropertyValueKeyword$_verifyElementPropertyValue_closure1.call(VerifyElementPropertyValueKeyword.groovy)
	at com.kms.katalon.core.keyword.internal.KeywordMain.runKeyword(KeywordMain.groovy:75)
	at com.kms.katalon.core.webservice.keyword.builtin.VerifyElementPropertyValueKeyword.verifyElementPropertyValue(VerifyElementPropertyValueKeyword.groovy:48)
	at com.kms.katalon.core.webservice.keyword.builtin.VerifyElementPropertyValueKeyword.execute(VerifyElementPropertyValueKeyword.groovy:43)
	at com.kms.katalon.core.keyword.internal.KeywordExecutor.executeKeywordForPlatform(KeywordExecutor.groovy:74)
	at com.kms.katalon.core.webservice.keyword.WSBuiltInKeywords.verifyElementPropertyValue(WSBuiltInKeywords.groovy:190)
	at com.kms.katalon.core.webservice.keyword.WSBuiltInKeywords$verifyElementPropertyValue$1.call(Unknown Source)
	at WEB_EN_getSubscriptionConfigForIRQ_SPORT.run(WEB_EN_getSubscriptionConfigForIRQ_SPORT:62)
	at com.kms.katalon.core.main.ScriptEngine.run(ScriptEngine.java:194)
	at com.kms.katalon.core.main.ScriptEngine.runScriptAsRawText(ScriptEngine.java:119)
	at com.kms.katalon.core.main.TestCaseExecutor.runScript(TestCaseExecutor.java:448)
	at com.kms.katalon.core.main.TestCaseExecutor.doExecute(TestCaseExecutor.java:439)
	at com.kms.katalon.core.main.TestCaseExecutor.processExecutionPhase(TestCaseExecutor.java:418)
	at com.kms.katalon.core.main.TestCaseExecutor.accessMainPhase(TestCaseExecutor.java:410)
	at com.kms.katalon.core.main.TestCaseExecutor.execute(TestCaseExecutor.java:285)
	at com.kms.katalon.core.common.CommonExecutor.accessTestCaseMainPhase(CommonExecutor.java:65)
	at com.kms.katalon.core.main.TestSuiteExecutor.accessTestSuiteMainPhase(TestSuiteExecutor.java:148)
	at com.kms.katalon.core.main.TestSuiteExecutor.execute(TestSuiteExecutor.java:106)
	at com.kms.katalon.core.main.TestCaseMain.startTestSuite(TestCaseMain.java:187)
	at com.kms.katalon.core.main.TestCaseMain$startTestSuite$0.call(Unknown Source)
	at TempTestSuite1697454227045.run(TempTestSuite1697454227045.groovy:36)


2023-10-16 14:22:13 - [TEST_STEP][PASSED] - getResponse = config_files.getConfigFile.getConfig("WEB", "EN", "SHAHID_VIP_SPORT", "IQ", "false"): config_files.getConfigFile.getConfig is PASSED

2023-10-16 14:22:14 - [MESSAGE][INFO] - HAR: /Users/admin/git/shahid-configuration/Reports/20231016_140310/WEB/IRQ/20231016_140347/requests/main/3.har

2023-10-16 14:22:14 - [MESSAGE][PASSED] - Send request successfully

2023-10-16 14:22:14 - [MESSAGE][PASSED] - config_files.getConfigFile.getConfig is PASSED

2023-10-16 14:22:14 - [TEST_STEP][PASSED] - verifyResponseStatusCode(getResponse, 200): Verify response status code successfully

2023-10-16 14:22:14 - [MESSAGE][PASSED] - Verify response status code successfully

2023-10-16 14:22:14 - [TEST_STEP][PASSED] - verifyElementPropertyValue(getResponse, "country", "IRQ"): Verify element property value successfully

2023-10-16 14:22:14 - [MESSAGE][PASSED] - Verify element property value successfully

2023-10-16 14:22:14 - [TEST_STEP][PASSED] - verifyElementPropertyValue(getResponse, "platform", "[WEB]"): Verify element property value successfully

2023-10-16 14:22:14 - [MESSAGE][PASSED] - Verify element property value successfully

2023-10-16 14:22:14 - [TEST_STEP][PASSED] - verifyElementPropertyValue(getResponse, "groups[0].pricingPlans[0].featured", "true"): Verify element property value successfully

2023-10-16 14:22:14 - [MESSAGE][PASSED] - Verify element property value successfully

2023-10-16 14:22:14 - [TEST_STEP][PASSED] - verifyElementPropertyValue(getResponse, "groups[0].pricingPlans[0].packageId", "SHAHID_VIP_SPORT"): Verify element property value successfully

2023-10-16 14:22:14 - [MESSAGE][PASSED] - Verify element property value successfully

2023-10-16 14:22:14 - [TEST_STEP][PASSED] - verifyElementPropertyValue(getResponse, "groups[0].pricingPlans[0].catalogId", "SPORT"): Verify element property value successfully

2023-10-16 14:22:14 - [MESSAGE][PASSED] - Verify element property value successfully

2023-10-16 14:22:14 - [TEST_STEP][PASSED] - verifyElementPropertyValue(getResponse, "groups[0].pricingPlans[0].visualElements[0].key", "Header_1_text"): Verify element property value successfully

2023-10-16 14:22:14 - [MESSAGE][PASSED] - Verify element property value successfully

2023-10-16 14:22:14 - [TEST_STEP][PASSED] - verifyElementPropertyValue(getResponse, "groups[0].pricingPlans[0].visualElements[0].value", "Watch the most powerful series and movies exclusively without stopping"): Verify element property value successfully

2023-10-16 14:22:14 - [MESSAGE][PASSED] - Verify element property value successfully

2023-10-16 14:22:14 - [TEST_STEP][PASSED] - verifyElementPropertyValue(getResponse, "groups[0].pricingPlans[0].visualElements[1].key", "display_title"): Verify element property value successfully

2023-10-16 14:22:14 - [MESSAGE][PASSED] - Verify element property value successfully

2023-10-16 14:22:14 - [TEST_STEP][PASSED] - verifyElementPropertyValue(getResponse, "groups[0].pricingPlans[0].visualElements[1].value", "Monthly Plan"): Verify element property value successfully

2023-10-16 14:22:14 - [MESSAGE][PASSED] - Verify element property value successfully

2023-10-16 14:22:14 - [TEST_STEP][PASSED] - verifyElementPropertyValue(getResponse, "groups[0].pricingPlans[0].visualElements[2].key", "promo_text"): Verify element property value successfully

2023-10-16 14:22:14 - [MESSAGE][PASSED] - Verify element property value successfully

2023-10-16 14:22:14 - [TEST_STEP][PASSED] - verifyElementPropertyValue(getResponse, "groups[0].pricingPlans[0].visualElements[2].value", "9999 IQD / month"): Verify element property value successfully

2023-10-16 14:22:14 - [MESSAGE][PASSED] - Verify element property value successfully

2023-10-16 14:22:14 - [TEST_STEP][PASSED] - verifyElementPropertyValue(getResponse, "groups[0].pricingPlans[0].visualElements[3].key", "deduction_text"): Verify element property value successfully

2023-10-16 14:22:14 - [MESSAGE][PASSED] - Verify element property value successfully

2023-10-16 14:22:14 - [TEST_STEP][PASSED] - verifyElementPropertyValue(getResponse, "groups[0].pricingPlans[0].visualElements[3].value", "billed every month"): Verify element property value successfully

2023-10-16 14:22:14 - [MESSAGE][PASSED] - Verify element property value successfully

2023-10-16 14:22:14 - [TEST_STEP][PASSED] - verifyElementPropertyValue(getResponse, "groups[0].pricingPlans[0].visualElements[6].key", "show_payment_logo"): Verify element property value successfully

2023-10-16 14:22:14 - [MESSAGE][PASSED] - Verify element property value successfully

2023-10-16 14:22:14 - [TEST_STEP][PASSED] - verifyElementPropertyValue(getResponse, "groups[0].pricingPlans[0].visualElements[6].value", "true"): Verify element property value successfully

2023-10-16 14:22:14 - [MESSAGE][PASSED] - Verify element property value successfully

2023-10-16 14:22:14 - [TEST_STEP][FAILED] - verifyElementPropertyValue(getResponse, "groups[0].pricingPlans[0].visualElements[11].key", "show_tag"): Expected element property value 'show_tag' is not equal with actual property value 'featured_tag_text'

2023-10-16 14:22:14 - [MESSAGE][FAILED] - Expected element property value 'show_tag' is not equal with actual property value 'featured_tag_text'

2023-10-16 14:22:14 - [TEST_STEP][FAILED] - verifyElementPropertyValue(getResponse, "groups[0].pricingPlans[0].visualElements[11].value", "false"): Expected element property value 'false' is not equal with actual property value 'Most popular'

2023-10-16 14:22:14 - [MESSAGE][FAILED] - Expected element property value 'false' is not equal with actual property value 'Most popular'

2023-10-16 14:22:14 - [TEST_STEP][PASSED] - verifyElementPropertyValue(getResponse, "groups[0].pricingPlans[0].visualElements[8].key", "price"): Verify element property value successfully

2023-10-16 14:22:14 - [MESSAGE][PASSED] - Verify element property value successfully

2023-10-16 14:22:14 - [TEST_STEP][PASSED] - verifyElementPropertyValue(getResponse, "groups[0].pricingPlans[0].visualElements[8].value", "9999"): Verify element property value successfully

2023-10-16 14:22:14 - [MESSAGE][PASSED] - Verify element property value successfully

2023-10-16 14:22:14 - [TEST_STEP][PASSED] - verifyElementPropertyValue(getResponse, "groups[0].pricingPlans[0].visualElements[9].key", "currency"): Verify element property value successfully

2023-10-16 14:22:14 - [MESSAGE][PASSED] - Verify element property value successfully

2023-10-16 14:22:14 - [TEST_STEP][PASSED] - verifyElementPropertyValue(getResponse, "groups[0].pricingPlans[0].visualElements[9].value", "IQD"): Verify element property value successfully

2023-10-16 14:22:14 - [MESSAGE][PASSED] - Verify element property value successfully

2023-10-16 14:22:14 - [TEST_STEP][PASSED] - verifyElementPropertyValue(getResponse, "groups[0].pricingPlans[0].visualElements[10].key", "duration"): Verify element property value successfully

2023-10-16 14:22:14 - [MESSAGE][PASSED] - Verify element property value successfully

2023-10-16 14:22:14 - [TEST_STEP][PASSED] - verifyElementPropertyValue(getResponse, "groups[0].pricingPlans[0].visualElements[10].value", "Monthly"): Verify element property value successfully

2023-10-16 14:22:14 - [MESSAGE][PASSED] - Verify element property value successfully

2023-10-16 14:22:14 - [TEST_STEP][PASSED] - verifyElementPropertyValue(getResponse, "groups[0].pricingPlans[0].order", "3"): Verify element property value successfully

2023-10-16 14:22:14 - [MESSAGE][PASSED] - Verify element property value successfully

2023-10-16 14:22:14 - [TEST_STEP][PASSED] - verifyElementPropertyValue(getResponse, "groups[0].pricingPlans[0].period", "monthly"): Verify element property value successfully

2023-10-16 14:22:14 - [MESSAGE][PASSED] - Verify element property value successfully

2023-10-16 14:22:14 - [TEST_STEP][PASSED] - verifyElementPropertyValue(getResponse, "groups[0].pricingPlans[0].price", "9999.0"): Verify element property value successfully

2023-10-16 14:22:14 - [MESSAGE][PASSED] - Verify element property value successfully

2023-10-16 14:22:14 - [TEST_STEP][PASSED] - verifyElementPropertyValue(getResponse, "groups[0].pricingPlans[0].currency", "IQD"): Verify element property value successfully

2023-10-16 14:22:14 - [MESSAGE][PASSED] - Verify element property value successfully

2023-10-16 14:22:14 - [TEST_STEP][PASSED] - verifyElementPropertyValue(getResponse, "groups[0].pricingPlans[0].pricingPlanData[0].productId", "IRQ_B2C_SHAHID_VIP_SPORT_1M"): Verify element property value successfully

2023-10-16 14:22:14 - [MESSAGE][PASSED] - Verify element property value successfully

2023-10-16 14:22:14 - [TEST_STEP][PASSED] - verifyElementPropertyValue(getResponse, "groups[0].pricingPlans[0].pricingPlanData[0].subPricingPlanIds", "null"): Verify element property value successfully

2023-10-16 14:22:14 - [MESSAGE][PASSED] - Verify element property value successfully

2023-10-16 14:22:14 - [TEST_STEP][PASSED] - verifyElementPropertyValue(getResponse, "groups[0].pricingPlans[0].pricingPlanData[0].paymentMethod", "CREDIT_CARD"): Verify element property value successfully

2023-10-16 14:22:14 - [MESSAGE][PASSED] - Verify element property value successfully

2023-10-16 14:22:14 - [TEST_STEP][PASSED] - verifyElementPropertyValue(getResponse, "groups[0].pricingPlans[0].pricingPlanData[0].freeTrialEnabled", "false"): Verify element property value successfully

2023-10-16 14:22:14 - [MESSAGE][PASSED] - Verify element property value successfully

2023-10-16 14:22:14 - [TEST_STEP][PASSED] - verifyElementPropertyValue(getResponse, "groups[0].pricingPlans[0].pricingPlanData[0].visualElements[0].key", "title"): Verify element property value successfully

2023-10-16 14:22:14 - [MESSAGE][PASSED] - Verify element property value successfully

2023-10-16 14:22:14 - [TEST_STEP][PASSED] - verifyElementPropertyValue(getResponse, "groups[0].pricingPlans[0].pricingPlanData[0].visualElements[0].value", "Credit/Debit Card"): Verify element property value successfully

2023-10-16 14:22:14 - [MESSAGE][PASSED] - Verify element property value successfully

2023-10-16 14:22:14 - [TEST_STEP][PASSED] - verifyElementPropertyValue(getResponse, "groups[0].pricingPlans[0].pricingPlanData[0].visualElements[1].key", "CTA_text"): Verify element property value successfully

2023-10-16 14:22:14 - [MESSAGE][PASSED] - Verify element property value successfully

2023-10-16 14:22:14 - [TEST_STEP][PASSED] - verifyElementPropertyValue(getResponse, "groups[0].pricingPlans[0].pricingPlanData[0].visualElements[1].value", "Subscribe"): Verify element property value successfully

2023-10-16 14:22:14 - [MESSAGE][PASSED] - Verify element property value successfully

2023-10-16 14:22:14 - [TEST_STEP][PASSED] - verifyElementPropertyValue(getResponse, "groups[0].pricingPlans[0].pricingPlanData[0].visualElements[2].key", "logo"): Verify element property value successfully

2023-10-16 14:22:14 - [MESSAGE][PASSED] - Verify element property value successfully

2023-10-16 14:22:14 - [TEST_STEP][PASSED] - verifyElementPropertyValue(getResponse, "groups[0].pricingPlans[0].pricingPlanData[0].visualElements[2].value", "https://static.s3.shahid.mbc.net/widget-images/icons/iconCreditCard.png"): Verify element property value successfully

2023-10-16 14:22:14 - [MESSAGE][PASSED] - Verify element property value successfully

2023-10-16 14:22:14 - [TEST_STEP][PASSED] - verifyElementPropertyValue(getResponse, "groups[0].pricingPlans[0].pricingPlanData[0].priceLabel", "9999"): Verify element property value successfully

2023-10-16 14:22:14 - [MESSAGE][PASSED] - Verify element property value successfully

2023-10-16 14:22:14 - [TEST_STEP][PASSED] - verifyElementPropertyValue(getResponse, "groups[0].pricingPlans[0].pricingPlanData[0].currencyLabel", "IQD"): Verify element property value successfully

2023-10-16 14:22:14 - [MESSAGE][PASSED] - Verify element property value successfully

2023-10-16 14:22:14 - [TEST_STEP][PASSED] - verifyElementPropertyValue(getResponse, "groups[0].pricingPlans[1].featured", "false"): Verify element property value successfully

2023-10-16 14:22:14 - [MESSAGE][PASSED] - Verify element property value successfully

2023-10-16 14:22:14 - [TEST_STEP][PASSED] - verifyElementPropertyValue(getResponse, "groups[0].pricingPlans[1].packageId", "SHAHID_VIP_SPORT"): Verify element property value successfully

2023-10-16 14:22:14 - [MESSAGE][PASSED] - Verify element property value successfully

2023-10-16 14:22:14 - [TEST_STEP][PASSED] - verifyElementPropertyValue(getResponse, "groups[0].pricingPlans[1].catalogId", "SPORT"): Verify element property value successfully

2023-10-16 14:22:14 - [MESSAGE][PASSED] - Verify element property value successfully

2023-10-16 14:22:14 - [TEST_STEP][PASSED] - verifyElementPropertyValue(getResponse, "groups[0].pricingPlans[1].visualElements[0].key", "Header_1_text"): Verify element property value successfully

2023-10-16 14:22:14 - [MESSAGE][PASSED] - Verify element property value successfully

2023-10-16 14:22:14 - [TEST_STEP][PASSED] - verifyElementPropertyValue(getResponse, "groups[0].pricingPlans[1].visualElements[0].value", "Watch the most powerful series and movies exclusively without stopping"): Verify element property value successfully

2023-10-16 14:22:14 - [MESSAGE][PASSED] - Verify element property value successfully

2023-10-16 14:22:14 - [TEST_STEP][PASSED] - verifyElementPropertyValue(getResponse, "groups[0].pricingPlans[1].visualElements[1].key", "display_title"): Verify element property value successfully

2023-10-16 14:22:14 - [MESSAGE][PASSED] - Verify element property value successfully

2023-10-16 14:22:14 - [TEST_STEP][PASSED] - verifyElementPropertyValue(getResponse, "groups[0].pricingPlans[1].visualElements[1].value", "Annual Plan"): Verify element property value successfully

2023-10-16 14:22:14 - [MESSAGE][PASSED] - Verify element property value successfully

2023-10-16 14:22:14 - [TEST_STEP][PASSED] - verifyElementPropertyValue(getResponse, "groups[0].pricingPlans[1].visualElements[2].key", "tag_text"): Verify element property value successfully

2023-10-16 14:22:14 - [MESSAGE][PASSED] - Verify element property value successfully

2023-10-16 14:22:14 - [TEST_STEP][PASSED] - verifyElementPropertyValue(getResponse, "groups[0].pricingPlans[1].visualElements[2].value", "Save 30%"): Verify element property value successfully

2023-10-16 14:22:14 - [MESSAGE][PASSED] - Verify element property value successfully

2023-10-16 14:22:14 - [TEST_STEP][PASSED] - verifyElementPropertyValue(getResponse, "groups[0].pricingPlans[1].visualElements[3].key", "promo_text"): Verify element property value successfully

2023-10-16 14:22:14 - [MESSAGE][PASSED] - Verify element property value successfully

2023-10-16 14:22:14 - [TEST_STEP][PASSED] - verifyElementPropertyValue(getResponse, "groups[0].pricingPlans[1].visualElements[3].value", "7000 IQD/ month"): Verify element property value successfully

2023-10-16 14:22:14 - [MESSAGE][PASSED] - Verify element property value successfully

2023-10-16 14:22:14 - [TEST_STEP][PASSED] - verifyElementPropertyValue(getResponse, "groups[0].pricingPlans[1].visualElements[4].key", "deduction_text"): Verify element property value successfully

2023-10-16 14:22:14 - [MESSAGE][PASSED] - Verify element property value successfully

2023-10-16 14:22:14 - [TEST_STEP][PASSED] - verifyElementPropertyValue(getResponse, "groups[0].pricingPlans[1].visualElements[4].value", "84000 IQD billed every year"): Verify element property value successfully

2023-10-16 14:22:14 - [MESSAGE][PASSED] - Verify element property value successfully

2023-10-16 14:22:14 - [TEST_STEP][PASSED] - verifyElementPropertyValue(getResponse, "groups[0].pricingPlans[1].visualElements[7].key", "show_payment_logo"): Verify element property value successfully

2023-10-16 14:22:14 - [MESSAGE][PASSED] - Verify element property value successfully

2023-10-16 14:22:14 - [TEST_STEP][PASSED] - verifyElementPropertyValue(getResponse, "groups[0].pricingPlans[1].visualElements[7].value", "true"): Verify element property value successfully

2023-10-16 14:22:14 - [MESSAGE][PASSED] - Verify element property value successfully

2023-10-16 14:22:14 - [TEST_STEP][PASSED] - verifyElementPropertyValue(getResponse, "groups[0].pricingPlans[1].visualElements[8].key", "show_tag"): Verify element property value successfully

2023-10-16 14:22:14 - [MESSAGE][PASSED] - Verify element property value successfully

2023-10-16 14:22:14 - [TEST_STEP][PASSED] - verifyElementPropertyValue(getResponse, "groups[0].pricingPlans[1].visualElements[8].value", "true"): Verify element property value successfully

2023-10-16 14:22:14 - [MESSAGE][PASSED] - Verify element property value successfully

2023-10-16 14:22:14 - [TEST_STEP][PASSED] - verifyElementPropertyValue(getResponse, "groups[0].pricingPlans[1].visualElements[10].key", "price"): Verify element property value successfully

2023-10-16 14:22:14 - [MESSAGE][PASSED] - Verify element property value successfully

2023-10-16 14:22:14 - [TEST_STEP][PASSED] - verifyElementPropertyValue(getResponse, "groups[0].pricingPlans[1].visualElements[10].value", "84000"): Verify element property value successfully

2023-10-16 14:22:14 - [MESSAGE][PASSED] - Verify element property value successfully

2023-10-16 14:22:14 - [TEST_STEP][PASSED] - verifyElementPropertyValue(getResponse, "groups[0].pricingPlans[1].visualElements[11].key", "currency"): Verify element property value successfully

2023-10-16 14:22:14 - [MESSAGE][PASSED] - Verify element property value successfully

2023-10-16 14:22:14 - [TEST_STEP][PASSED] - verifyElementPropertyValue(getResponse, "groups[0].pricingPlans[1].visualElements[11].value", "IQD"): Verify element property value successfully

2023-10-16 14:22:14 - [MESSAGE][PASSED] - Verify element property value successfully

2023-10-16 14:22:14 - [TEST_STEP][PASSED] - verifyElementPropertyValue(getResponse, "groups[0].pricingPlans[1].visualElements[12].key", "duration"): Verify element property value successfully

2023-10-16 14:22:14 - [MESSAGE][PASSED] - Verify element property value successfully

2023-10-16 14:22:14 - [TEST_STEP][PASSED] - verifyElementPropertyValue(getResponse, "groups[0].pricingPlans[1].visualElements[12].value", "yearly"): Verify element property value successfully

2023-10-16 14:22:14 - [MESSAGE][PASSED] - Verify element property value successfully

2023-10-16 14:22:14 - [TEST_STEP][PASSED] - verifyElementPropertyValue(getResponse, "groups[0].pricingPlans[1].order", "5"): Verify element property value successfully

2023-10-16 14:22:14 - [MESSAGE][PASSED] - Verify element property value successfully

2023-10-16 14:22:14 - [TEST_STEP][PASSED] - verifyElementPropertyValue(getResponse, "groups[0].pricingPlans[1].period", "yearly"): Verify element property value successfully

2023-10-16 14:22:14 - [MESSAGE][PASSED] - Verify element property value successfully

2023-10-16 14:22:14 - [TEST_STEP][PASSED] - verifyElementPropertyValue(getResponse, "groups[0].pricingPlans[1].price", "84000.0"): Verify element property value successfully

2023-10-16 14:22:14 - [MESSAGE][PASSED] - Verify element property value successfully

2023-10-16 14:22:14 - [TEST_STEP][PASSED] - verifyElementPropertyValue(getResponse, "groups[0].pricingPlans[1].currency", "IQD"): Verify element property value successfully

2023-10-16 14:22:14 - [MESSAGE][PASSED] - Verify element property value successfully

2023-10-16 14:22:14 - [TEST_STEP][PASSED] - verifyElementPropertyValue(getResponse, "groups[0].pricingPlans[1].pricingPlanData[0].productId", "IRQ_B2C_SHAHID_VIP_SPORT_12M"): Verify element property value successfully

2023-10-16 14:22:14 - [MESSAGE][PASSED] - Verify element property value successfully

2023-10-16 14:22:14 - [TEST_STEP][PASSED] - verifyElementPropertyValue(getResponse, "groups[0].pricingPlans[1].pricingPlanData[0].subPricingPlanIds", "null"): Verify element property value successfully

2023-10-16 14:22:14 - [MESSAGE][PASSED] - Verify element property value successfully

2023-10-16 14:22:14 - [TEST_STEP][PASSED] - verifyElementPropertyValue(getResponse, "groups[0].pricingPlans[1].pricingPlanData[0].paymentMethod", "CREDIT_CARD"): Verify element property value successfully

2023-10-16 14:22:14 - [MESSAGE][PASSED] - Verify element property value successfully

2023-10-16 14:22:14 - [TEST_STEP][PASSED] - verifyElementPropertyValue(getResponse, "groups[0].pricingPlans[1].pricingPlanData[0].freeTrialEnabled", "false"): Verify element property value successfully

2023-10-16 14:22:14 - [MESSAGE][PASSED] - Verify element property value successfully

2023-10-16 14:22:14 - [TEST_STEP][PASSED] - verifyElementPropertyValue(getResponse, "groups[0].pricingPlans[1].pricingPlanData[0].visualElements[0].key", "title"): Verify element property value successfully

2023-10-16 14:22:14 - [MESSAGE][PASSED] - Verify element property value successfully

2023-10-16 14:22:14 - [TEST_STEP][PASSED] - verifyElementPropertyValue(getResponse, "groups[0].pricingPlans[1].pricingPlanData[0].visualElements[0].value", "Credit/Debit Card"): Verify element property value successfully

2023-10-16 14:22:14 - [MESSAGE][PASSED] - Verify element property value successfully

2023-10-16 14:22:14 - [TEST_STEP][PASSED] - verifyElementPropertyValue(getResponse, "groups[0].pricingPlans[1].pricingPlanData[0].visualElements[1].key", "CTA_text"): Verify element property value successfully

2023-10-16 14:22:14 - [MESSAGE][PASSED] - Verify element property value successfully

2023-10-16 14:22:14 - [TEST_STEP][PASSED] - verifyElementPropertyValue(getResponse, "groups[0].pricingPlans[1].pricingPlanData[0].visualElements[1].value", "Subscribe"): Verify element property value successfully

2023-10-16 14:22:15 - [MESSAGE][PASSED] - Verify element property value successfully

2023-10-16 14:22:15 - [TEST_STEP][PASSED] - verifyElementPropertyValue(getResponse, "groups[0].pricingPlans[1].pricingPlanData[0].visualElements[2].key", "logo"): Verify element property value successfully

2023-10-16 14:22:15 - [MESSAGE][PASSED] - Verify element property value successfully

2023-10-16 14:22:15 - [TEST_STEP][PASSED] - verifyElementPropertyValue(getResponse, "groups[0].pricingPlans[1].pricingPlanData[0].visualElements[2].value", "https://static.s3.shahid.mbc.net/widget-images/icons/iconCreditCard.png"): Verify element property value successfully

2023-10-16 14:22:15 - [MESSAGE][PASSED] - Verify element property value successfully

2023-10-16 14:22:15 - [TEST_STEP][PASSED] - verifyElementPropertyValue(getResponse, "groups[0].pricingPlans[1].pricingPlanData[0].priceLabel", "84000"): Verify element property value successfully

2023-10-16 14:22:15 - [MESSAGE][PASSED] - Verify element property value successfully

2023-10-16 14:22:15 - [TEST_STEP][PASSED] - verifyElementPropertyValue(getResponse, "groups[0].pricingPlans[1].pricingPlanData[0].currencyLabel", "IQD"): Verify element property value successfully

2023-10-16 14:22:15 - [MESSAGE][PASSED] - Verify element property value successfully

2023-10-16 14:22:15 - [TEST_STEP][PASSED] - verifyElementPropertyValue(getResponse, "groups[0].pricingPlans[1].pricingPlanData[0].allowedForAcquisition", "true"): Verify element property value successfully

2023-10-16 14:22:15 - [MESSAGE][PASSED] - Verify element property value successfully

2023-10-16 14:22:15 - [TEST_STEP][PASSED] - verifyElementPropertyValue(getResponse, "groups[0].pricingPlans[1].pricingPlanData[0].showIn[0]", "VERTICAL_MODE"): Verify element property value successfully

2023-10-16 14:22:15 - [MESSAGE][PASSED] - Verify element property value successfully

2023-10-16 14:22:15 - [TEST_STEP][PASSED] - verifyElementPropertyValue(getResponse, "groups[0].pricingPlans[1].pricingPlanData[0].showIn[1]", "HORIZONTAL_MODE"): Verify element property value successfully

2023-10-16 14:22:15 - [MESSAGE][PASSED] - Verify element property value successfully

2023-10-16 14:22:15 - [TEST_STEP][PASSED] - verifyElementPropertyValue(getResponse, "visualElements[0].key", "main_CTA_text_1"): Verify element property value successfully

2023-10-16 14:22:15 - [MESSAGE][PASSED] - Verify element property value successfully

2023-10-16 14:22:15 - [TEST_STEP][PASSED] - verifyElementPropertyValue(getResponse, "visualElements[0].value", "Watch the most powerful series and movies exclusively without stopping"): Verify element property value successfully

2023-10-16 14:22:15 - [MESSAGE][PASSED] - Verify element property value successfully

2023-10-16 14:22:15 - [TEST_STEP][PASSED] - verifyElementPropertyValue(getResponse, "visualElements[2].key", "main_disclaimer_text"): Verify element property value successfully

2023-10-16 14:22:15 - [MESSAGE][PASSED] - Verify element property value successfully

2023-10-16 14:22:15 - [TEST_STEP][FAILED] - verifyElementPropertyValue(getResponse, "visualElements[2].value", "Subscription fees may vary depending on the country, payment method, subscription package, added tax, currency conversion factor, and bank fees. Terms and conditions apply."): Expected element property value 'Subscription fees may vary depending on the country, payment method, subscription package, added tax, currency conversion factor, and bank fees. Terms and conditions apply.' is not equal with actual property value 'Subscription fees may vary depending on the country, payment method, subscription package, added tax, currency exchange operator, or bank fees. Terms and conditions apply.'

2023-10-16 14:22:15 - [MESSAGE][FAILED] - Expected element property value 'Subscription fees may vary depending on the country, payment method, subscription package, added tax, currency conversion factor, and bank fees. Terms and conditions apply.' is not equal with actual property value 'Subscription fees may vary depending on the country, payment method, subscription package, added tax, currency exchange operator, or bank fees. Terms and conditions apply.'

2023-10-16 14:22:15 - [TEST_STEP][PASSED] - verifyElementPropertyValue(getResponse, "visualElements[4].key", "display_type"): Verify element property value successfully

2023-10-16 14:22:15 - [MESSAGE][PASSED] - Verify element property value successfully

2023-10-16 14:22:15 - [TEST_STEP][PASSED] - verifyElementPropertyValue(getResponse, "visualElements[4].value", "vertical"): Verify element property value successfully

2023-10-16 14:22:15 - [MESSAGE][PASSED] - Verify element property value successfully

2023-10-16 14:22:15 - [TEST_STEP][PASSED] - verifyElementPropertyValue(getResponse, "defaultPackageId", "SHAHID_VIP"): Verify element property value successfully

2023-10-16 14:22:15 - [MESSAGE][PASSED] - Verify element property value successfully]]></system-out>
         <system-err><![CDATA[2023-10-16 14:22:13 - [TEST_CASE][FAILED] - Test Cases/WEB - CHROME/IRQ PI/WEB_EN_getSubscriptionConfigForIRQ_SPORT: Test Cases/WEB - CHROME/IRQ PI/WEB_EN_getSubscriptionConfigForIRQ_SPORT FAILED.
Reason:
com.kms.katalon.core.exception.StepFailedException: Expected element property value 'show_tag' is not equal with actual property value 'featured_tag_text'
	at com.kms.katalon.core.keyword.internal.KeywordMain.stepFailed(KeywordMain.groovy:39)
	at com.kms.katalon.core.webservice.keyword.builtin.VerifyElementPropertyValueKeyword$_verifyElementPropertyValue_closure1.doCall(VerifyElementPropertyValueKeyword.groovy:56)
	at com.kms.katalon.core.webservice.keyword.builtin.VerifyElementPropertyValueKeyword$_verifyElementPropertyValue_closure1.call(VerifyElementPropertyValueKeyword.groovy)
	at com.kms.katalon.core.keyword.internal.KeywordMain.runKeyword(KeywordMain.groovy:75)
	at com.kms.katalon.core.webservice.keyword.builtin.VerifyElementPropertyValueKeyword.verifyElementPropertyValue(VerifyElementPropertyValueKeyword.groovy:48)
	at com.kms.katalon.core.webservice.keyword.builtin.VerifyElementPropertyValueKeyword.execute(VerifyElementPropertyValueKeyword.groovy:43)
	at com.kms.katalon.core.keyword.internal.KeywordExecutor.executeKeywordForPlatform(KeywordExecutor.groovy:74)
	at com.kms.katalon.core.webservice.keyword.WSBuiltInKeywords.verifyElementPropertyValue(WSBuiltInKeywords.groovy:190)
	at com.kms.katalon.core.webservice.keyword.WSBuiltInKeywords$verifyElementPropertyValue$1.call(Unknown Source)
	at WEB_EN_getSubscriptionConfigForIRQ_SPORT.run(WEB_EN_getSubscriptionConfigForIRQ_SPORT:62)
	at com.kms.katalon.core.main.ScriptEngine.run(ScriptEngine.java:194)
	at com.kms.katalon.core.main.ScriptEngine.runScriptAsRawText(ScriptEngine.java:119)
	at com.kms.katalon.core.main.TestCaseExecutor.runScript(TestCaseExecutor.java:448)
	at com.kms.katalon.core.main.TestCaseExecutor.doExecute(TestCaseExecutor.java:439)
	at com.kms.katalon.core.main.TestCaseExecutor.processExecutionPhase(TestCaseExecutor.java:418)
	at com.kms.katalon.core.main.TestCaseExecutor.accessMainPhase(TestCaseExecutor.java:410)
	at com.kms.katalon.core.main.TestCaseExecutor.execute(TestCaseExecutor.java:285)
	at com.kms.katalon.core.common.CommonExecutor.accessTestCaseMainPhase(CommonExecutor.java:65)
	at com.kms.katalon.core.main.TestSuiteExecutor.accessTestSuiteMainPhase(TestSuiteExecutor.java:148)
	at com.kms.katalon.core.main.TestSuiteExecutor.execute(TestSuiteExecutor.java:106)
	at com.kms.katalon.core.main.TestCaseMain.startTestSuite(TestCaseMain.java:187)
	at com.kms.katalon.core.main.TestCaseMain$startTestSuite$0.call(Unknown Source)
	at TempTestSuite1697454227045.run(TempTestSuite1697454227045.groovy:36)]]></system-err>
      </testcase>
      <testcase name="Test Cases/WEB - CHROME/IRQ PI/WEB_AR_getOffersForIRQ_SPORT" time="4.136" classname="Test Cases/WEB - CHROME/IRQ PI/WEB_AR_getOffersForIRQ_SPORT" status="PASSED">
         <system-out><![CDATA[2023-10-16 14:22:15 - [TEST_CASE][PASSED] - Test Cases/WEB - CHROME/IRQ PI/WEB_AR_getOffersForIRQ_SPORT: Test Cases/WEB - CHROME/IRQ PI/WEB_AR_getOffersForIRQ_SPORT

2023-10-16 14:22:15 - [TEST_STEP][PASSED] - getResponse = config_files.getConfigFile.getConfig("WEB", "AR", "SHAHID_VIP_SPORT", "IQ", "false"): config_files.getConfigFile.getConfig is PASSED

2023-10-16 14:22:16 - [MESSAGE][INFO] - HAR: /Users/admin/git/shahid-configuration/Reports/20231016_140310/WEB/IRQ/20231016_140347/requests/main/4.har

2023-10-16 14:22:16 - [MESSAGE][PASSED] - Send request successfully

2023-10-16 14:22:16 - [MESSAGE][PASSED] - config_files.getConfigFile.getConfig is PASSED

2023-10-16 14:22:16 - [TEST_STEP][PASSED] - verifyResponseStatusCode(getResponse, 200): Verify response status code successfully

2023-10-16 14:22:16 - [MESSAGE][PASSED] - Verify response status code successfully

2023-10-16 14:22:16 - [TEST_STEP][PASSED] - verifyElementPropertyValue(getResponse, "country", "IRQ"): Verify element property value successfully

2023-10-16 14:22:16 - [MESSAGE][PASSED] - Verify element property value successfully

2023-10-16 14:22:16 - [TEST_STEP][PASSED] - verifyElementPropertyValue(getResponse, "platform", "[WEB]"): Verify element property value successfully

2023-10-16 14:22:16 - [MESSAGE][PASSED] - Verify element property value successfully

2023-10-16 14:22:16 - [TEST_STEP][PASSED] - verifyElementPropertyValue(getResponse, "offers[5].offerId", "winback-sport-30-offer"): Verify element property value successfully

2023-10-16 14:22:16 - [MESSAGE][PASSED] - Verify element property value successfully

2023-10-16 14:22:16 - [TEST_STEP][PASSED] - verifyElementPropertyValue(getResponse, "offers[5].offerParam", "sportsoffer30"): Verify element property value successfully

2023-10-16 14:22:16 - [MESSAGE][PASSED] - Verify element property value successfully

2023-10-16 14:22:16 - [TEST_STEP][PASSED] - verifyElementPropertyValue(getResponse, "offers[5].groups[0].pricingPlans[0].featured", "true"): Verify element property value successfully

2023-10-16 14:22:16 - [MESSAGE][PASSED] - Verify element property value successfully

2023-10-16 14:22:16 - [TEST_STEP][PASSED] - verifyElementPropertyValue(getResponse, "offers[5].groups[0].pricingPlans[0].period", "monthly"): Verify element property value successfully

2023-10-16 14:22:16 - [MESSAGE][PASSED] - Verify element property value successfully

2023-10-16 14:22:16 - [TEST_STEP][PASSED] - verifyElementPropertyValue(getResponse, "offers[5].groups[0].pricingPlans[0].featured", "true"): Verify element property value successfully

2023-10-16 14:22:16 - [MESSAGE][PASSED] - Verify element property value successfully

2023-10-16 14:22:16 - [TEST_STEP][PASSED] - verifyElementPropertyValue(getResponse, "offers[5].groups[0].pricingPlans[0].price", "7000.0"): Verify element property value successfully

2023-10-16 14:22:16 - [MESSAGE][PASSED] - Verify element property value successfully

2023-10-16 14:22:16 - [TEST_STEP][PASSED] - verifyElementPropertyValue(getResponse, "offers[5].groups[0].pricingPlans[0].currency", "IQD"): Verify element property value successfully

2023-10-16 14:22:16 - [MESSAGE][PASSED] - Verify element property value successfully

2023-10-16 14:22:16 - [TEST_STEP][PASSED] - verifyElementPropertyValue(getResponse, "offers[5].groups[0].pricingPlans[0].order", "0"): Verify element property value successfully

2023-10-16 14:22:16 - [MESSAGE][PASSED] - Verify element property value successfully

2023-10-16 14:22:16 - [TEST_STEP][PASSED] - verifyElementPropertyValue(getResponse, "offers[5].groups[0].pricingPlans[0].packageId", "SHAHID_VIP_SPORT"): Verify element property value successfully

2023-10-16 14:22:16 - [MESSAGE][PASSED] - Verify element property value successfully

2023-10-16 14:22:16 - [TEST_STEP][PASSED] - verifyElementPropertyValue(getResponse, "offers[5].groups[0].pricingPlans[0].catalogId", "SPORT"): Verify element property value successfully

2023-10-16 14:22:16 - [MESSAGE][PASSED] - Verify element property value successfully

2023-10-16 14:22:16 - [TEST_STEP][PASSED] - verifyElementPropertyValue(getResponse, "offers[5].groups[0].pricingPlans[0].visualElements[0].key", "Header_1_text"): Verify element property value successfully

2023-10-16 14:22:16 - [MESSAGE][PASSED] - Verify element property value successfully

2023-10-16 14:22:16 - [TEST_STEP][PASSED] - verifyElementPropertyValue(getResponse, "offers[5].groups[0].pricingPlans[0].visualElements[0].value", "شاهد أقوى المسلسلات و الأفلام حصرياً دون توقف"): Verify element property value successfully

2023-10-16 14:22:16 - [MESSAGE][PASSED] - Verify element property value successfully

2023-10-16 14:22:16 - [TEST_STEP][PASSED] - verifyElementPropertyValue(getResponse, "offers[5].groups[0].pricingPlans[0].visualElements[1].key", "display_title"): Verify element property value successfully

2023-10-16 14:22:16 - [MESSAGE][PASSED] - Verify element property value successfully

2023-10-16 14:22:16 - [TEST_STEP][PASSED] - verifyElementPropertyValue(getResponse, "offers[5].groups[0].pricingPlans[0].visualElements[1].value", "احصل على خصم 30%"): Verify element property value successfully

2023-10-16 14:22:16 - [MESSAGE][PASSED] - Verify element property value successfully

2023-10-16 14:22:16 - [TEST_STEP][PASSED] - verifyElementPropertyValue(getResponse, "offers[5].groups[0].pricingPlans[0].visualElements[3].key", "deduction_text"): Verify element property value successfully

2023-10-16 14:22:16 - [MESSAGE][PASSED] - Verify element property value successfully

2023-10-16 14:22:16 - [TEST_STEP][PASSED] - verifyElementPropertyValue(getResponse, "offers[5].groups[0].pricingPlans[0].visualElements[3].value", "تدفع شهرياً"): Verify element property value successfully

2023-10-16 14:22:16 - [MESSAGE][PASSED] - Verify element property value successfully

2023-10-16 14:22:16 - [TEST_STEP][PASSED] - verifyElementPropertyValue(getResponse, "offers[5].groups[0].pricingPlans[0].visualElements[6].key", "show_payment_logo"): Verify element property value successfully

2023-10-16 14:22:16 - [MESSAGE][PASSED] - Verify element property value successfully

2023-10-16 14:22:16 - [TEST_STEP][PASSED] - verifyElementPropertyValue(getResponse, "offers[5].groups[0].pricingPlans[0].visualElements[6].value", "true"): Verify element property value successfully

2023-10-16 14:22:16 - [MESSAGE][PASSED] - Verify element property value successfully

2023-10-16 14:22:16 - [TEST_STEP][PASSED] - verifyElementPropertyValue(getResponse, "offers[5].groups[0].pricingPlans[0].visualElements[8].key", "price"): Verify element property value successfully

2023-10-16 14:22:16 - [MESSAGE][PASSED] - Verify element property value successfully

2023-10-16 14:22:16 - [TEST_STEP][PASSED] - verifyElementPropertyValue(getResponse, "offers[5].groups[0].pricingPlans[0].visualElements[8].value", "7000"): Verify element property value successfully

2023-10-16 14:22:16 - [MESSAGE][PASSED] - Verify element property value successfully

2023-10-16 14:22:16 - [TEST_STEP][PASSED] - verifyElementPropertyValue(getResponse, "offers[5].groups[0].pricingPlans[0].visualElements[9].key", "currency"): Verify element property value successfully

2023-10-16 14:22:16 - [MESSAGE][PASSED] - Verify element property value successfully

2023-10-16 14:22:16 - [TEST_STEP][PASSED] - verifyElementPropertyValue(getResponse, "offers[5].groups[0].pricingPlans[0].visualElements[9].value", "IQD"): Verify element property value successfully

2023-10-16 14:22:16 - [MESSAGE][PASSED] - Verify element property value successfully

2023-10-16 14:22:16 - [TEST_STEP][PASSED] - verifyElementPropertyValue(getResponse, "offers[5].groups[0].pricingPlans[0].visualElements[10].key", "duration"): Verify element property value successfully

2023-10-16 14:22:16 - [MESSAGE][PASSED] - Verify element property value successfully

2023-10-16 14:22:16 - [TEST_STEP][PASSED] - verifyElementPropertyValue(getResponse, "offers[5].groups[0].pricingPlans[0].visualElements[10].value", "شهرياً"): Verify element property value successfully

2023-10-16 14:22:16 - [MESSAGE][PASSED] - Verify element property value successfully

2023-10-16 14:22:16 - [TEST_STEP][PASSED] - verifyElementPropertyValue(getResponse, "offers[5].groups[0].pricingPlans[0].visualElements[11].key", "featured_tag_text"): Verify element property value successfully

2023-10-16 14:22:16 - [MESSAGE][PASSED] - Verify element property value successfully

2023-10-16 14:22:16 - [TEST_STEP][PASSED] - verifyElementPropertyValue(getResponse, "offers[5].groups[0].pricingPlans[0].visualElements[11].value", "عرض لمدة محدودة"): Verify element property value successfully

2023-10-16 14:22:16 - [MESSAGE][PASSED] - Verify element property value successfully

2023-10-16 14:22:16 - [TEST_STEP][PASSED] - verifyElementPropertyValue(getResponse, "offers[5].groups[0].pricingPlans[0].visualElements[13].key", "tag_text"): Verify element property value successfully

2023-10-16 14:22:16 - [MESSAGE][PASSED] - Verify element property value successfully

2023-10-16 14:22:16 - [TEST_STEP][PASSED] - verifyElementPropertyValue(getResponse, "offers[5].groups[0].pricingPlans[0].visualElements[13].value", "وفر 30%"): Verify element property value successfully

2023-10-16 14:22:16 - [MESSAGE][PASSED] - Verify element property value successfully

2023-10-16 14:22:16 - [TEST_STEP][PASSED] - verifyElementPropertyValue(getResponse, "offers[5].groups[0].pricingPlans[0].visualElements[12].key", "show_tag"): Verify element property value successfully

2023-10-16 14:22:16 - [MESSAGE][PASSED] - Verify element property value successfully

2023-10-16 14:22:16 - [TEST_STEP][PASSED] - verifyElementPropertyValue(getResponse, "offers[5].groups[0].pricingPlans[0].visualElements[12].value", "true"): Verify element property value successfully

2023-10-16 14:22:16 - [MESSAGE][PASSED] - Verify element property value successfully

2023-10-16 14:22:16 - [TEST_STEP][PASSED] - verifyElementPropertyValue(getResponse, "offers[5].groups[0].pricingPlans[0].pricingPlanData[0].productId", "IRQ_B2C_SHAHID_VIP_SPORT_1M"): Verify element property value successfully

2023-10-16 14:22:16 - [MESSAGE][PASSED] - Verify element property value successfully

2023-10-16 14:22:16 - [TEST_STEP][PASSED] - verifyElementPropertyValue(getResponse, "offers[5].groups[0].pricingPlans[0].pricingPlanData[0].paymentMethod", "CREDIT_CARD"): Verify element property value successfully

2023-10-16 14:22:16 - [MESSAGE][PASSED] - Verify element property value successfully

2023-10-16 14:22:16 - [TEST_STEP][PASSED] - verifyElementPropertyValue(getResponse, "offers[5].groups[0].pricingPlans[0].pricingPlanData[0].freeTrialEnabled", "false"): Verify element property value successfully

2023-10-16 14:22:16 - [MESSAGE][PASSED] - Verify element property value successfully

2023-10-16 14:22:16 - [TEST_STEP][PASSED] - verifyElementPropertyValue(getResponse, "offers[5].groups[0].pricingPlans[0].pricingPlanData[0].showIn[0]", "VERTICAL_MODE"): Verify element property value successfully

2023-10-16 14:22:16 - [MESSAGE][PASSED] - Verify element property value successfully

2023-10-16 14:22:16 - [TEST_STEP][PASSED] - verifyElementPropertyValue(getResponse, "offers[5].groups[0].pricingPlans[0].pricingPlanData[0].showIn[1]", "HORIZONTAL_MODE"): Verify element property value successfully

2023-10-16 14:22:16 - [MESSAGE][PASSED] - Verify element property value successfully

2023-10-16 14:22:16 - [TEST_STEP][PASSED] - verifyElementPropertyValue(getResponse, "offers[5].groups[0].pricingPlans[0].pricingPlanData[0].priceLabel", "7000"): Verify element property value successfully

2023-10-16 14:22:16 - [MESSAGE][PASSED] - Verify element property value successfully

2023-10-16 14:22:16 - [TEST_STEP][PASSED] - verifyElementPropertyValue(getResponse, "offers[5].groups[0].pricingPlans[0].pricingPlanData[0].currencyLabel", "IQD"): Verify element property value successfully

2023-10-16 14:22:16 - [MESSAGE][PASSED] - Verify element property value successfully

2023-10-16 14:22:16 - [TEST_STEP][PASSED] - verifyElementPropertyValue(getResponse, "offers[5].groups[0].pricingPlans[0].pricingPlanData[0].dealId", "WB_SPORT_30P_IRQ"): Verify element property value successfully

2023-10-16 14:22:16 - [MESSAGE][PASSED] - Verify element property value successfully

2023-10-16 14:22:16 - [TEST_STEP][PASSED] - verifyElementPropertyValue(getResponse, "offers[5].groups[0].pricingPlans[0].pricingPlanData[0].allowedForAcquisition", "true"): Verify element property value successfully

2023-10-16 14:22:16 - [MESSAGE][PASSED] - Verify element property value successfully

2023-10-16 14:22:16 - [TEST_STEP][PASSED] - verifyElementPropertyValue(getResponse, "offers[5].groups[0].pricingPlans[0].pricingPlanData[0].visualElements[0].key", "title"): Verify element property value successfully

2023-10-16 14:22:16 - [MESSAGE][PASSED] - Verify element property value successfully

2023-10-16 14:22:16 - [TEST_STEP][PASSED] - verifyElementPropertyValue(getResponse, "offers[5].groups[0].pricingPlans[0].pricingPlanData[0].visualElements[0].value", "البطاقة المصرفية"): Verify element property value successfully

2023-10-16 14:22:16 - [MESSAGE][PASSED] - Verify element property value successfully

2023-10-16 14:22:16 - [TEST_STEP][PASSED] - verifyElementPropertyValue(getResponse, "offers[5].groups[0].pricingPlans[0].pricingPlanData[0].visualElements[1].key", "CTA_text"): Verify element property value successfully

2023-10-16 14:22:16 - [MESSAGE][PASSED] - Verify element property value successfully

2023-10-16 14:22:16 - [TEST_STEP][PASSED] - verifyElementPropertyValue(getResponse, "offers[5].groups[0].pricingPlans[0].pricingPlanData[0].visualElements[1].value", "اشترك"): Verify element property value successfully

2023-10-16 14:22:16 - [MESSAGE][PASSED] - Verify element property value successfully

2023-10-16 14:22:16 - [TEST_STEP][PASSED] - verifyElementPropertyValue(getResponse, "offers[5].groups[0].pricingPlans[0].pricingPlanData[0].visualElements[2].key", "logo"): Verify element property value successfully

2023-10-16 14:22:16 - [MESSAGE][PASSED] - Verify element property value successfully

2023-10-16 14:22:16 - [TEST_STEP][PASSED] - verifyElementPropertyValue(getResponse, "offers[5].groups[0].pricingPlans[0].pricingPlanData[0].visualElements[2].value", "https://static.s3.shahid.mbc.net/widget-images/icons/iconCreditCard.png"): Verify element property value successfully

2023-10-16 14:22:16 - [MESSAGE][PASSED] - Verify element property value successfully

2023-10-16 14:22:16 - [TEST_STEP][PASSED] - verifyElementPropertyValue(getResponse, "offers[6].offerId", "winback-sport-40-offer"): Verify element property value successfully

2023-10-16 14:22:16 - [MESSAGE][PASSED] - Verify element property value successfully

2023-10-16 14:22:16 - [TEST_STEP][PASSED] - verifyElementPropertyValue(getResponse, "offers[6].offerParam", "sportsoffer40"): Verify element property value successfully

2023-10-16 14:22:16 - [MESSAGE][PASSED] - Verify element property value successfully

2023-10-16 14:22:16 - [TEST_STEP][PASSED] - verifyElementPropertyValue(getResponse, "offers[6].groups[0].pricingPlans[0].featured", "true"): Verify element property value successfully

2023-10-16 14:22:16 - [MESSAGE][PASSED] - Verify element property value successfully

2023-10-16 14:22:16 - [TEST_STEP][PASSED] - verifyElementPropertyValue(getResponse, "offers[6].groups[0].pricingPlans[0].period", "monthly"): Verify element property value successfully

2023-10-16 14:22:16 - [MESSAGE][PASSED] - Verify element property value successfully

2023-10-16 14:22:16 - [TEST_STEP][PASSED] - verifyElementPropertyValue(getResponse, "offers[6].groups[0].pricingPlans[0].featured", "true"): Verify element property value successfully

2023-10-16 14:22:16 - [MESSAGE][PASSED] - Verify element property value successfully

2023-10-16 14:22:16 - [TEST_STEP][PASSED] - verifyElementPropertyValue(getResponse, "offers[6].groups[0].pricingPlans[0].price", "6000.0"): Verify element property value successfully

2023-10-16 14:22:16 - [MESSAGE][PASSED] - Verify element property value successfully

2023-10-16 14:22:16 - [TEST_STEP][PASSED] - verifyElementPropertyValue(getResponse, "offers[6].groups[0].pricingPlans[0].currency", "IQD"): Verify element property value successfully

2023-10-16 14:22:16 - [MESSAGE][PASSED] - Verify element property value successfully

2023-10-16 14:22:16 - [TEST_STEP][PASSED] - verifyElementPropertyValue(getResponse, "offers[6].groups[0].pricingPlans[0].order", "0"): Verify element property value successfully

2023-10-16 14:22:16 - [MESSAGE][PASSED] - Verify element property value successfully

2023-10-16 14:22:16 - [TEST_STEP][PASSED] - verifyElementPropertyValue(getResponse, "offers[6].groups[0].pricingPlans[0].packageId", "SHAHID_VIP_SPORT"): Verify element property value successfully

2023-10-16 14:22:16 - [MESSAGE][PASSED] - Verify element property value successfully

2023-10-16 14:22:16 - [TEST_STEP][PASSED] - verifyElementPropertyValue(getResponse, "offers[6].groups[0].pricingPlans[0].catalogId", "SPORT"): Verify element property value successfully

2023-10-16 14:22:16 - [MESSAGE][PASSED] - Verify element property value successfully

2023-10-16 14:22:16 - [TEST_STEP][PASSED] - verifyElementPropertyValue(getResponse, "offers[6].groups[0].pricingPlans[0].visualElements[0].key", "Header_1_text"): Verify element property value successfully

2023-10-16 14:22:16 - [MESSAGE][PASSED] - Verify element property value successfully

2023-10-16 14:22:16 - [TEST_STEP][PASSED] - verifyElementPropertyValue(getResponse, "offers[6].groups[0].pricingPlans[0].visualElements[0].value", "شاهد أقوى المسلسلات و الأفلام حصرياً دون توقف"): Verify element property value successfully

2023-10-16 14:22:16 - [MESSAGE][PASSED] - Verify element property value successfully

2023-10-16 14:22:16 - [TEST_STEP][PASSED] - verifyElementPropertyValue(getResponse, "offers[6].groups[0].pricingPlans[0].visualElements[1].key", "display_title"): Verify element property value successfully

2023-10-16 14:22:16 - [MESSAGE][PASSED] - Verify element property value successfully

2023-10-16 14:22:16 - [TEST_STEP][PASSED] - verifyElementPropertyValue(getResponse, "offers[6].groups[0].pricingPlans[0].visualElements[1].value", "احصل على خصم 40%"): Verify element property value successfully

2023-10-16 14:22:16 - [MESSAGE][PASSED] - Verify element property value successfully

2023-10-16 14:22:16 - [TEST_STEP][PASSED] - verifyElementPropertyValue(getResponse, "offers[6].groups[0].pricingPlans[0].visualElements[3].key", "deduction_text"): Verify element property value successfully

2023-10-16 14:22:16 - [MESSAGE][PASSED] - Verify element property value successfully

2023-10-16 14:22:16 - [TEST_STEP][PASSED] - verifyElementPropertyValue(getResponse, "offers[6].groups[0].pricingPlans[0].visualElements[3].value", "تدفع شهرياً"): Verify element property value successfully

2023-10-16 14:22:16 - [MESSAGE][PASSED] - Verify element property value successfully

2023-10-16 14:22:16 - [TEST_STEP][PASSED] - verifyElementPropertyValue(getResponse, "offers[6].groups[0].pricingPlans[0].visualElements[6].key", "show_payment_logo"): Verify element property value successfully

2023-10-16 14:22:17 - [MESSAGE][PASSED] - Verify element property value successfully

2023-10-16 14:22:17 - [TEST_STEP][PASSED] - verifyElementPropertyValue(getResponse, "offers[6].groups[0].pricingPlans[0].visualElements[6].value", "true"): Verify element property value successfully

2023-10-16 14:22:17 - [MESSAGE][PASSED] - Verify element property value successfully

2023-10-16 14:22:17 - [TEST_STEP][PASSED] - verifyElementPropertyValue(getResponse, "offers[6].groups[0].pricingPlans[0].visualElements[8].key", "price"): Verify element property value successfully

2023-10-16 14:22:17 - [MESSAGE][PASSED] - Verify element property value successfully

2023-10-16 14:22:17 - [TEST_STEP][PASSED] - verifyElementPropertyValue(getResponse, "offers[6].groups[0].pricingPlans[0].visualElements[8].value", "6000"): Verify element property value successfully

2023-10-16 14:22:17 - [MESSAGE][PASSED] - Verify element property value successfully

2023-10-16 14:22:17 - [TEST_STEP][PASSED] - verifyElementPropertyValue(getResponse, "offers[6].groups[0].pricingPlans[0].visualElements[9].key", "currency"): Verify element property value successfully

2023-10-16 14:22:17 - [MESSAGE][PASSED] - Verify element property value successfully

2023-10-16 14:22:17 - [TEST_STEP][PASSED] - verifyElementPropertyValue(getResponse, "offers[6].groups[0].pricingPlans[0].visualElements[9].value", "IQD"): Verify element property value successfully

2023-10-16 14:22:17 - [MESSAGE][PASSED] - Verify element property value successfully

2023-10-16 14:22:17 - [TEST_STEP][PASSED] - verifyElementPropertyValue(getResponse, "offers[6].groups[0].pricingPlans[0].visualElements[10].key", "duration"): Verify element property value successfully

2023-10-16 14:22:17 - [MESSAGE][PASSED] - Verify element property value successfully

2023-10-16 14:22:17 - [TEST_STEP][PASSED] - verifyElementPropertyValue(getResponse, "offers[6].groups[0].pricingPlans[0].visualElements[10].value", "شهرياً"): Verify element property value successfully

2023-10-16 14:22:17 - [MESSAGE][PASSED] - Verify element property value successfully

2023-10-16 14:22:17 - [TEST_STEP][PASSED] - verifyElementPropertyValue(getResponse, "offers[6].groups[0].pricingPlans[0].visualElements[11].key", "featured_tag_text"): Verify element property value successfully

2023-10-16 14:22:17 - [MESSAGE][PASSED] - Verify element property value successfully

2023-10-16 14:22:17 - [TEST_STEP][PASSED] - verifyElementPropertyValue(getResponse, "offers[6].groups[0].pricingPlans[0].visualElements[11].value", "عرض لمدة محدودة"): Verify element property value successfully

2023-10-16 14:22:17 - [MESSAGE][PASSED] - Verify element property value successfully

2023-10-16 14:22:17 - [TEST_STEP][PASSED] - verifyElementPropertyValue(getResponse, "offers[6].groups[0].pricingPlans[0].visualElements[13].key", "tag_text"): Verify element property value successfully

2023-10-16 14:22:17 - [MESSAGE][PASSED] - Verify element property value successfully

2023-10-16 14:22:17 - [TEST_STEP][PASSED] - verifyElementPropertyValue(getResponse, "offers[6].groups[0].pricingPlans[0].visualElements[13].value", "وفر 40%"): Verify element property value successfully

2023-10-16 14:22:17 - [MESSAGE][PASSED] - Verify element property value successfully

2023-10-16 14:22:17 - [TEST_STEP][PASSED] - verifyElementPropertyValue(getResponse, "offers[6].groups[0].pricingPlans[0].visualElements[12].key", "show_tag"): Verify element property value successfully

2023-10-16 14:22:17 - [MESSAGE][PASSED] - Verify element property value successfully

2023-10-16 14:22:17 - [TEST_STEP][PASSED] - verifyElementPropertyValue(getResponse, "offers[6].groups[0].pricingPlans[0].visualElements[12].value", "true"): Verify element property value successfully

2023-10-16 14:22:17 - [MESSAGE][PASSED] - Verify element property value successfully

2023-10-16 14:22:17 - [TEST_STEP][PASSED] - verifyElementPropertyValue(getResponse, "offers[6].groups[0].pricingPlans[0].pricingPlanData[0].productId", "IRQ_B2C_SHAHID_VIP_SPORT_1M"): Verify element property value successfully

2023-10-16 14:22:17 - [MESSAGE][PASSED] - Verify element property value successfully

2023-10-16 14:22:17 - [TEST_STEP][PASSED] - verifyElementPropertyValue(getResponse, "offers[6].groups[0].pricingPlans[0].pricingPlanData[0].paymentMethod", "CREDIT_CARD"): Verify element property value successfully

2023-10-16 14:22:17 - [MESSAGE][PASSED] - Verify element property value successfully

2023-10-16 14:22:17 - [TEST_STEP][PASSED] - verifyElementPropertyValue(getResponse, "offers[6].groups[0].pricingPlans[0].pricingPlanData[0].freeTrialEnabled", "false"): Verify element property value successfully

2023-10-16 14:22:17 - [MESSAGE][PASSED] - Verify element property value successfully

2023-10-16 14:22:17 - [TEST_STEP][PASSED] - verifyElementPropertyValue(getResponse, "offers[6].groups[0].pricingPlans[0].pricingPlanData[0].showIn[0]", "VERTICAL_MODE"): Verify element property value successfully

2023-10-16 14:22:17 - [MESSAGE][PASSED] - Verify element property value successfully

2023-10-16 14:22:17 - [TEST_STEP][PASSED] - verifyElementPropertyValue(getResponse, "offers[6].groups[0].pricingPlans[0].pricingPlanData[0].showIn[1]", "HORIZONTAL_MODE"): Verify element property value successfully

2023-10-16 14:22:17 - [MESSAGE][PASSED] - Verify element property value successfully

2023-10-16 14:22:17 - [TEST_STEP][PASSED] - verifyElementPropertyValue(getResponse, "offers[6].groups[0].pricingPlans[0].pricingPlanData[0].priceLabel", "6000"): Verify element property value successfully

2023-10-16 14:22:17 - [MESSAGE][PASSED] - Verify element property value successfully

2023-10-16 14:22:17 - [TEST_STEP][PASSED] - verifyElementPropertyValue(getResponse, "offers[6].groups[0].pricingPlans[0].pricingPlanData[0].currencyLabel", "IQD"): Verify element property value successfully

2023-10-16 14:22:17 - [MESSAGE][PASSED] - Verify element property value successfully

2023-10-16 14:22:17 - [TEST_STEP][PASSED] - verifyElementPropertyValue(getResponse, "offers[6].groups[0].pricingPlans[0].pricingPlanData[0].dealId", "WB_SPORT_40P_IRQ"): Verify element property value successfully

2023-10-16 14:22:17 - [MESSAGE][PASSED] - Verify element property value successfully

2023-10-16 14:22:17 - [TEST_STEP][PASSED] - verifyElementPropertyValue(getResponse, "offers[6].groups[0].pricingPlans[0].pricingPlanData[0].allowedForAcquisition", "true"): Verify element property value successfully

2023-10-16 14:22:17 - [MESSAGE][PASSED] - Verify element property value successfully

2023-10-16 14:22:17 - [TEST_STEP][PASSED] - verifyElementPropertyValue(getResponse, "offers[6].groups[0].pricingPlans[0].pricingPlanData[0].visualElements[0].key", "title"): Verify element property value successfully

2023-10-16 14:22:17 - [MESSAGE][PASSED] - Verify element property value successfully

2023-10-16 14:22:17 - [TEST_STEP][PASSED] - verifyElementPropertyValue(getResponse, "offers[6].groups[0].pricingPlans[0].pricingPlanData[0].visualElements[0].value", "البطاقة المصرفية"): Verify element property value successfully

2023-10-16 14:22:17 - [MESSAGE][PASSED] - Verify element property value successfully

2023-10-16 14:22:17 - [TEST_STEP][PASSED] - verifyElementPropertyValue(getResponse, "offers[6].groups[0].pricingPlans[0].pricingPlanData[0].visualElements[1].key", "CTA_text"): Verify element property value successfully

2023-10-16 14:22:17 - [MESSAGE][PASSED] - Verify element property value successfully

2023-10-16 14:22:17 - [TEST_STEP][PASSED] - verifyElementPropertyValue(getResponse, "offers[6].groups[0].pricingPlans[0].pricingPlanData[0].visualElements[1].value", "اشترك"): Verify element property value successfully

2023-10-16 14:22:17 - [MESSAGE][PASSED] - Verify element property value successfully

2023-10-16 14:22:17 - [TEST_STEP][PASSED] - verifyElementPropertyValue(getResponse, "offers[6].groups[0].pricingPlans[0].pricingPlanData[0].visualElements[2].key", "logo"): Verify element property value successfully

2023-10-16 14:22:17 - [MESSAGE][PASSED] - Verify element property value successfully

2023-10-16 14:22:17 - [TEST_STEP][PASSED] - verifyElementPropertyValue(getResponse, "offers[6].groups[0].pricingPlans[0].pricingPlanData[0].visualElements[2].value", "https://static.s3.shahid.mbc.net/widget-images/icons/iconCreditCard.png"): Verify element property value successfully

2023-10-16 14:22:17 - [MESSAGE][PASSED] - Verify element property value successfully

2023-10-16 14:22:17 - [TEST_STEP][PASSED] - verifyElementPropertyValue(getResponse, "offers[7].offerId", "winback-sport-50-offer"): Verify element property value successfully

2023-10-16 14:22:17 - [MESSAGE][PASSED] - Verify element property value successfully

2023-10-16 14:22:17 - [TEST_STEP][PASSED] - verifyElementPropertyValue(getResponse, "offers[7].offerParam", "sportsoffer50"): Verify element property value successfully

2023-10-16 14:22:17 - [MESSAGE][PASSED] - Verify element property value successfully

2023-10-16 14:22:17 - [TEST_STEP][PASSED] - verifyElementPropertyValue(getResponse, "offers[7].groups[0].pricingPlans[0].featured", "true"): Verify element property value successfully

2023-10-16 14:22:17 - [MESSAGE][PASSED] - Verify element property value successfully

2023-10-16 14:22:17 - [TEST_STEP][PASSED] - verifyElementPropertyValue(getResponse, "offers[7].groups[0].pricingPlans[0].period", "monthly"): Verify element property value successfully

2023-10-16 14:22:17 - [MESSAGE][PASSED] - Verify element property value successfully

2023-10-16 14:22:17 - [TEST_STEP][PASSED] - verifyElementPropertyValue(getResponse, "offers[7].groups[0].pricingPlans[0].featured", "true"): Verify element property value successfully

2023-10-16 14:22:17 - [MESSAGE][PASSED] - Verify element property value successfully

2023-10-16 14:22:17 - [TEST_STEP][PASSED] - verifyElementPropertyValue(getResponse, "offers[7].groups[0].pricingPlans[0].price", "5000.0"): Verify element property value successfully

2023-10-16 14:22:17 - [MESSAGE][PASSED] - Verify element property value successfully

2023-10-16 14:22:17 - [TEST_STEP][PASSED] - verifyElementPropertyValue(getResponse, "offers[7].groups[0].pricingPlans[0].currency", "IQD"): Verify element property value successfully

2023-10-16 14:22:17 - [MESSAGE][PASSED] - Verify element property value successfully

2023-10-16 14:22:17 - [TEST_STEP][PASSED] - verifyElementPropertyValue(getResponse, "offers[7].groups[0].pricingPlans[0].order", "0"): Verify element property value successfully

2023-10-16 14:22:17 - [MESSAGE][PASSED] - Verify element property value successfully

2023-10-16 14:22:17 - [TEST_STEP][PASSED] - verifyElementPropertyValue(getResponse, "offers[7].groups[0].pricingPlans[0].packageId", "SHAHID_VIP_SPORT"): Verify element property value successfully

2023-10-16 14:22:17 - [MESSAGE][PASSED] - Verify element property value successfully

2023-10-16 14:22:17 - [TEST_STEP][PASSED] - verifyElementPropertyValue(getResponse, "offers[7].groups[0].pricingPlans[0].catalogId", "SPORT"): Verify element property value successfully

2023-10-16 14:22:17 - [MESSAGE][PASSED] - Verify element property value successfully

2023-10-16 14:22:17 - [TEST_STEP][PASSED] - verifyElementPropertyValue(getResponse, "offers[7].groups[0].pricingPlans[0].visualElements[0].key", "Header_1_text"): Verify element property value successfully

2023-10-16 14:22:17 - [MESSAGE][PASSED] - Verify element property value successfully

2023-10-16 14:22:17 - [TEST_STEP][PASSED] - verifyElementPropertyValue(getResponse, "offers[7].groups[0].pricingPlans[0].visualElements[0].value", "شاهد أقوى المسلسلات و الأفلام حصرياً دون توقف"): Verify element property value successfully

2023-10-16 14:22:17 - [MESSAGE][PASSED] - Verify element property value successfully

2023-10-16 14:22:17 - [TEST_STEP][PASSED] - verifyElementPropertyValue(getResponse, "offers[7].groups[0].pricingPlans[0].visualElements[1].key", "display_title"): Verify element property value successfully

2023-10-16 14:22:17 - [MESSAGE][PASSED] - Verify element property value successfully

2023-10-16 14:22:17 - [TEST_STEP][PASSED] - verifyElementPropertyValue(getResponse, "offers[7].groups[0].pricingPlans[0].visualElements[1].value", "احصل على خصم 50%"): Verify element property value successfully

2023-10-16 14:22:17 - [MESSAGE][PASSED] - Verify element property value successfully

2023-10-16 14:22:17 - [TEST_STEP][PASSED] - verifyElementPropertyValue(getResponse, "offers[7].groups[0].pricingPlans[0].visualElements[3].key", "deduction_text"): Verify element property value successfully

2023-10-16 14:22:17 - [MESSAGE][PASSED] - Verify element property value successfully

2023-10-16 14:22:17 - [TEST_STEP][PASSED] - verifyElementPropertyValue(getResponse, "offers[7].groups[0].pricingPlans[0].visualElements[3].value", "تدفع شهرياً"): Verify element property value successfully

2023-10-16 14:22:17 - [MESSAGE][PASSED] - Verify element property value successfully

2023-10-16 14:22:17 - [TEST_STEP][PASSED] - verifyElementPropertyValue(getResponse, "offers[7].groups[0].pricingPlans[0].visualElements[6].key", "show_payment_logo"): Verify element property value successfully

2023-10-16 14:22:17 - [MESSAGE][PASSED] - Verify element property value successfully

2023-10-16 14:22:17 - [TEST_STEP][PASSED] - verifyElementPropertyValue(getResponse, "offers[7].groups[0].pricingPlans[0].visualElements[6].value", "true"): Verify element property value successfully

2023-10-16 14:22:17 - [MESSAGE][PASSED] - Verify element property value successfully

2023-10-16 14:22:17 - [TEST_STEP][PASSED] - verifyElementPropertyValue(getResponse, "offers[7].groups[0].pricingPlans[0].visualElements[8].key", "price"): Verify element property value successfully

2023-10-16 14:22:17 - [MESSAGE][PASSED] - Verify element property value successfully

2023-10-16 14:22:17 - [TEST_STEP][PASSED] - verifyElementPropertyValue(getResponse, "offers[7].groups[0].pricingPlans[0].visualElements[8].value", "5000"): Verify element property value successfully

2023-10-16 14:22:17 - [MESSAGE][PASSED] - Verify element property value successfully

2023-10-16 14:22:17 - [TEST_STEP][PASSED] - verifyElementPropertyValue(getResponse, "offers[7].groups[0].pricingPlans[0].visualElements[9].key", "currency"): Verify element property value successfully

2023-10-16 14:22:17 - [MESSAGE][PASSED] - Verify element property value successfully

2023-10-16 14:22:17 - [TEST_STEP][PASSED] - verifyElementPropertyValue(getResponse, "offers[7].groups[0].pricingPlans[0].visualElements[9].value", "IQD"): Verify element property value successfully

2023-10-16 14:22:17 - [MESSAGE][PASSED] - Verify element property value successfully

2023-10-16 14:22:17 - [TEST_STEP][PASSED] - verifyElementPropertyValue(getResponse, "offers[7].groups[0].pricingPlans[0].visualElements[10].key", "duration"): Verify element property value successfully

2023-10-16 14:22:17 - [MESSAGE][PASSED] - Verify element property value successfully

2023-10-16 14:22:17 - [TEST_STEP][PASSED] - verifyElementPropertyValue(getResponse, "offers[7].groups[0].pricingPlans[0].visualElements[10].value", "شهرياً"): Verify element property value successfully

2023-10-16 14:22:17 - [MESSAGE][PASSED] - Verify element property value successfully

2023-10-16 14:22:17 - [TEST_STEP][PASSED] - verifyElementPropertyValue(getResponse, "offers[7].groups[0].pricingPlans[0].visualElements[11].key", "featured_tag_text"): Verify element property value successfully

2023-10-16 14:22:17 - [MESSAGE][PASSED] - Verify element property value successfully

2023-10-16 14:22:17 - [TEST_STEP][PASSED] - verifyElementPropertyValue(getResponse, "offers[7].groups[0].pricingPlans[0].visualElements[11].value", "عرض لمدة محدودة"): Verify element property value successfully

2023-10-16 14:22:17 - [MESSAGE][PASSED] - Verify element property value successfully

2023-10-16 14:22:17 - [TEST_STEP][PASSED] - verifyElementPropertyValue(getResponse, "offers[7].groups[0].pricingPlans[0].visualElements[13].key", "tag_text"): Verify element property value successfully

2023-10-16 14:22:17 - [MESSAGE][PASSED] - Verify element property value successfully

2023-10-16 14:22:17 - [TEST_STEP][PASSED] - verifyElementPropertyValue(getResponse, "offers[7].groups[0].pricingPlans[0].visualElements[13].value", "وفر 50%"): Verify element property value successfully

2023-10-16 14:22:17 - [MESSAGE][PASSED] - Verify element property value successfully

2023-10-16 14:22:17 - [TEST_STEP][PASSED] - verifyElementPropertyValue(getResponse, "offers[7].groups[0].pricingPlans[0].visualElements[12].key", "show_tag"): Verify element property value successfully

2023-10-16 14:22:17 - [MESSAGE][PASSED] - Verify element property value successfully

2023-10-16 14:22:17 - [TEST_STEP][PASSED] - verifyElementPropertyValue(getResponse, "offers[7].groups[0].pricingPlans[0].visualElements[12].value", "true"): Verify element property value successfully

2023-10-16 14:22:17 - [MESSAGE][PASSED] - Verify element property value successfully

2023-10-16 14:22:17 - [TEST_STEP][PASSED] - verifyElementPropertyValue(getResponse, "offers[7].groups[0].pricingPlans[0].pricingPlanData[0].productId", "IRQ_B2C_SHAHID_VIP_SPORT_1M"): Verify element property value successfully

2023-10-16 14:22:17 - [MESSAGE][PASSED] - Verify element property value successfully

2023-10-16 14:22:17 - [TEST_STEP][PASSED] - verifyElementPropertyValue(getResponse, "offers[7].groups[0].pricingPlans[0].pricingPlanData[0].paymentMethod", "CREDIT_CARD"): Verify element property value successfully

2023-10-16 14:22:17 - [MESSAGE][PASSED] - Verify element property value successfully

2023-10-16 14:22:17 - [TEST_STEP][PASSED] - verifyElementPropertyValue(getResponse, "offers[7].groups[0].pricingPlans[0].pricingPlanData[0].freeTrialEnabled", "false"): Verify element property value successfully

2023-10-16 14:22:17 - [MESSAGE][PASSED] - Verify element property value successfully

2023-10-16 14:22:17 - [TEST_STEP][PASSED] - verifyElementPropertyValue(getResponse, "offers[7].groups[0].pricingPlans[0].pricingPlanData[0].showIn[0]", "VERTICAL_MODE"): Verify element property value successfully

2023-10-16 14:22:17 - [MESSAGE][PASSED] - Verify element property value successfully

2023-10-16 14:22:17 - [TEST_STEP][PASSED] - verifyElementPropertyValue(getResponse, "offers[7].groups[0].pricingPlans[0].pricingPlanData[0].showIn[1]", "HORIZONTAL_MODE"): Verify element property value successfully

2023-10-16 14:22:17 - [MESSAGE][PASSED] - Verify element property value successfully

2023-10-16 14:22:17 - [TEST_STEP][PASSED] - verifyElementPropertyValue(getResponse, "offers[7].groups[0].pricingPlans[0].pricingPlanData[0].priceLabel", "5000"): Verify element property value successfully

2023-10-16 14:22:17 - [MESSAGE][PASSED] - Verify element property value successfully

2023-10-16 14:22:17 - [TEST_STEP][PASSED] - verifyElementPropertyValue(getResponse, "offers[7].groups[0].pricingPlans[0].pricingPlanData[0].currencyLabel", "IQD"): Verify element property value successfully

2023-10-16 14:22:17 - [MESSAGE][PASSED] - Verify element property value successfully

2023-10-16 14:22:17 - [TEST_STEP][PASSED] - verifyElementPropertyValue(getResponse, "offers[7].groups[0].pricingPlans[0].pricingPlanData[0].dealId", "WB_SPORT_50P_IRQ"): Verify element property value successfully

2023-10-16 14:22:17 - [MESSAGE][PASSED] - Verify element property value successfully

2023-10-16 14:22:17 - [TEST_STEP][PASSED] - verifyElementPropertyValue(getResponse, "offers[7].groups[0].pricingPlans[0].pricingPlanData[0].allowedForAcquisition", "true"): Verify element property value successfully

2023-10-16 14:22:17 - [MESSAGE][PASSED] - Verify element property value successfully

2023-10-16 14:22:17 - [TEST_STEP][PASSED] - verifyElementPropertyValue(getResponse, "offers[7].groups[0].pricingPlans[0].pricingPlanData[0].visualElements[0].key", "title"): Verify element property value successfully

2023-10-16 14:22:17 - [MESSAGE][PASSED] - Verify element property value successfully

2023-10-16 14:22:17 - [TEST_STEP][PASSED] - verifyElementPropertyValue(getResponse, "offers[7].groups[0].pricingPlans[0].pricingPlanData[0].visualElements[0].value", "البطاقة المصرفية"): Verify element property value successfully

2023-10-16 14:22:17 - [MESSAGE][PASSED] - Verify element property value successfully

2023-10-16 14:22:17 - [TEST_STEP][PASSED] - verifyElementPropertyValue(getResponse, "offers[7].groups[0].pricingPlans[0].pricingPlanData[0].visualElements[1].key", "CTA_text"): Verify element property value successfully

2023-10-16 14:22:17 - [MESSAGE][PASSED] - Verify element property value successfully

2023-10-16 14:22:17 - [TEST_STEP][PASSED] - verifyElementPropertyValue(getResponse, "offers[7].groups[0].pricingPlans[0].pricingPlanData[0].visualElements[1].value", "اشترك"): Verify element property value successfully

2023-10-16 14:22:17 - [MESSAGE][PASSED] - Verify element property value successfully

2023-10-16 14:22:17 - [TEST_STEP][PASSED] - verifyElementPropertyValue(getResponse, "offers[7].groups[0].pricingPlans[0].pricingPlanData[0].visualElements[2].key", "logo"): Verify element property value successfully

2023-10-16 14:22:17 - [MESSAGE][PASSED] - Verify element property value successfully

2023-10-16 14:22:17 - [TEST_STEP][PASSED] - verifyElementPropertyValue(getResponse, "offers[7].groups[0].pricingPlans[0].pricingPlanData[0].visualElements[2].value", "https://static.s3.shahid.mbc.net/widget-images/icons/iconCreditCard.png"): Verify element property value successfully

2023-10-16 14:22:17 - [MESSAGE][PASSED] - Verify element property value successfully

2023-10-16 14:22:17 - [TEST_STEP][PASSED] - verifyElementPropertyValue(getResponse, "offers[11].offerId", "byg-sport-30-offer"): Verify element property value successfully

2023-10-16 14:22:17 - [MESSAGE][PASSED] - Verify element property value successfully

2023-10-16 14:22:17 - [TEST_STEP][PASSED] - verifyElementPropertyValue(getResponse, "offers[11].offerParam", "bygsportsoffer30"): Verify element property value successfully

2023-10-16 14:22:17 - [MESSAGE][PASSED] - Verify element property value successfully

2023-10-16 14:22:17 - [TEST_STEP][PASSED] - verifyElementPropertyValue(getResponse, "offers[11].groups[0].pricingPlans[0].featured", "true"): Verify element property value successfully

2023-10-16 14:22:17 - [MESSAGE][PASSED] - Verify element property value successfully

2023-10-16 14:22:17 - [TEST_STEP][PASSED] - verifyElementPropertyValue(getResponse, "offers[11].groups[0].pricingPlans[0].period", "monthly"): Verify element property value successfully

2023-10-16 14:22:17 - [MESSAGE][PASSED] - Verify element property value successfully

2023-10-16 14:22:17 - [TEST_STEP][PASSED] - verifyElementPropertyValue(getResponse, "offers[11].groups[0].pricingPlans[0].featured", "true"): Verify element property value successfully

2023-10-16 14:22:17 - [MESSAGE][PASSED] - Verify element property value successfully

2023-10-16 14:22:17 - [TEST_STEP][PASSED] - verifyElementPropertyValue(getResponse, "offers[11].groups[0].pricingPlans[0].price", "7000.0"): Verify element property value successfully

2023-10-16 14:22:17 - [MESSAGE][PASSED] - Verify element property value successfully

2023-10-16 14:22:17 - [TEST_STEP][PASSED] - verifyElementPropertyValue(getResponse, "offers[11].groups[0].pricingPlans[0].currency", "IQD"): Verify element property value successfully

2023-10-16 14:22:17 - [MESSAGE][PASSED] - Verify element property value successfully

2023-10-16 14:22:17 - [TEST_STEP][PASSED] - verifyElementPropertyValue(getResponse, "offers[11].groups[0].pricingPlans[0].order", "0"): Verify element property value successfully

2023-10-16 14:22:17 - [MESSAGE][PASSED] - Verify element property value successfully

2023-10-16 14:22:17 - [TEST_STEP][PASSED] - verifyElementPropertyValue(getResponse, "offers[11].groups[0].pricingPlans[0].packageId", "SHAHID_VIP_SPORT"): Verify element property value successfully

2023-10-16 14:22:17 - [MESSAGE][PASSED] - Verify element property value successfully

2023-10-16 14:22:17 - [TEST_STEP][PASSED] - verifyElementPropertyValue(getResponse, "offers[11].groups[0].pricingPlans[0].catalogId", "SPORT"): Verify element property value successfully

2023-10-16 14:22:17 - [MESSAGE][PASSED] - Verify element property value successfully

2023-10-16 14:22:17 - [TEST_STEP][PASSED] - verifyElementPropertyValue(getResponse, "offers[11].groups[0].pricingPlans[0].visualElements[0].key", "Header_1_text"): Verify element property value successfully

2023-10-16 14:22:17 - [MESSAGE][PASSED] - Verify element property value successfully

2023-10-16 14:22:17 - [TEST_STEP][PASSED] - verifyElementPropertyValue(getResponse, "offers[11].groups[0].pricingPlans[0].visualElements[0].value", "شاهد أقوى المسلسلات و الأفلام حصرياً دون توقف"): Verify element property value successfully

2023-10-16 14:22:17 - [MESSAGE][PASSED] - Verify element property value successfully

2023-10-16 14:22:17 - [TEST_STEP][PASSED] - verifyElementPropertyValue(getResponse, "offers[11].groups[0].pricingPlans[0].visualElements[1].key", "display_title"): Verify element property value successfully

2023-10-16 14:22:18 - [MESSAGE][PASSED] - Verify element property value successfully

2023-10-16 14:22:18 - [TEST_STEP][PASSED] - verifyElementPropertyValue(getResponse, "offers[11].groups[0].pricingPlans[0].visualElements[1].value", "احصل على خصم 30%"): Verify element property value successfully

2023-10-16 14:22:18 - [MESSAGE][PASSED] - Verify element property value successfully

2023-10-16 14:22:18 - [TEST_STEP][PASSED] - verifyElementPropertyValue(getResponse, "offers[11].groups[0].pricingPlans[0].visualElements[3].key", "deduction_text"): Verify element property value successfully

2023-10-16 14:22:18 - [MESSAGE][PASSED] - Verify element property value successfully

2023-10-16 14:22:18 - [TEST_STEP][PASSED] - verifyElementPropertyValue(getResponse, "offers[11].groups[0].pricingPlans[0].visualElements[3].value", "تدفع شهرياً"): Verify element property value successfully

2023-10-16 14:22:18 - [MESSAGE][PASSED] - Verify element property value successfully

2023-10-16 14:22:18 - [TEST_STEP][PASSED] - verifyElementPropertyValue(getResponse, "offers[11].groups[0].pricingPlans[0].visualElements[6].key", "show_payment_logo"): Verify element property value successfully

2023-10-16 14:22:18 - [MESSAGE][PASSED] - Verify element property value successfully

2023-10-16 14:22:18 - [TEST_STEP][PASSED] - verifyElementPropertyValue(getResponse, "offers[11].groups[0].pricingPlans[0].visualElements[6].value", "true"): Verify element property value successfully

2023-10-16 14:22:18 - [MESSAGE][PASSED] - Verify element property value successfully

2023-10-16 14:22:18 - [TEST_STEP][PASSED] - verifyElementPropertyValue(getResponse, "offers[11].groups[0].pricingPlans[0].visualElements[8].key", "price"): Verify element property value successfully

2023-10-16 14:22:18 - [MESSAGE][PASSED] - Verify element property value successfully

2023-10-16 14:22:18 - [TEST_STEP][PASSED] - verifyElementPropertyValue(getResponse, "offers[11].groups[0].pricingPlans[0].visualElements[8].value", "7000"): Verify element property value successfully

2023-10-16 14:22:18 - [MESSAGE][PASSED] - Verify element property value successfully

2023-10-16 14:22:18 - [TEST_STEP][PASSED] - verifyElementPropertyValue(getResponse, "offers[11].groups[0].pricingPlans[0].visualElements[9].key", "currency"): Verify element property value successfully

2023-10-16 14:22:18 - [MESSAGE][PASSED] - Verify element property value successfully

2023-10-16 14:22:18 - [TEST_STEP][PASSED] - verifyElementPropertyValue(getResponse, "offers[11].groups[0].pricingPlans[0].visualElements[9].value", "IQD"): Verify element property value successfully

2023-10-16 14:22:18 - [MESSAGE][PASSED] - Verify element property value successfully

2023-10-16 14:22:18 - [TEST_STEP][PASSED] - verifyElementPropertyValue(getResponse, "offers[11].groups[0].pricingPlans[0].visualElements[10].key", "duration"): Verify element property value successfully

2023-10-16 14:22:18 - [MESSAGE][PASSED] - Verify element property value successfully

2023-10-16 14:22:18 - [TEST_STEP][PASSED] - verifyElementPropertyValue(getResponse, "offers[11].groups[0].pricingPlans[0].visualElements[10].value", "شهرياً"): Verify element property value successfully

2023-10-16 14:22:18 - [MESSAGE][PASSED] - Verify element property value successfully

2023-10-16 14:22:18 - [TEST_STEP][PASSED] - verifyElementPropertyValue(getResponse, "offers[11].groups[0].pricingPlans[0].visualElements[11].key", "featured_tag_text"): Verify element property value successfully

2023-10-16 14:22:18 - [MESSAGE][PASSED] - Verify element property value successfully

2023-10-16 14:22:18 - [TEST_STEP][PASSED] - verifyElementPropertyValue(getResponse, "offers[11].groups[0].pricingPlans[0].visualElements[11].value", "عرض لمدة محدودة"): Verify element property value successfully

2023-10-16 14:22:18 - [MESSAGE][PASSED] - Verify element property value successfully

2023-10-16 14:22:18 - [TEST_STEP][PASSED] - verifyElementPropertyValue(getResponse, "offers[11].groups[0].pricingPlans[0].visualElements[13].key", "tag_text"): Verify element property value successfully

2023-10-16 14:22:18 - [MESSAGE][PASSED] - Verify element property value successfully

2023-10-16 14:22:18 - [TEST_STEP][PASSED] - verifyElementPropertyValue(getResponse, "offers[11].groups[0].pricingPlans[0].visualElements[13].value", "وفر 30%"): Verify element property value successfully

2023-10-16 14:22:18 - [MESSAGE][PASSED] - Verify element property value successfully

2023-10-16 14:22:18 - [TEST_STEP][PASSED] - verifyElementPropertyValue(getResponse, "offers[11].groups[0].pricingPlans[0].visualElements[12].key", "show_tag"): Verify element property value successfully

2023-10-16 14:22:18 - [MESSAGE][PASSED] - Verify element property value successfully

2023-10-16 14:22:18 - [TEST_STEP][PASSED] - verifyElementPropertyValue(getResponse, "offers[11].groups[0].pricingPlans[0].visualElements[12].value", "true"): Verify element property value successfully

2023-10-16 14:22:18 - [MESSAGE][PASSED] - Verify element property value successfully

2023-10-16 14:22:18 - [TEST_STEP][PASSED] - verifyElementPropertyValue(getResponse, "offers[11].groups[0].pricingPlans[0].pricingPlanData[0].productId", "IRQ_B2C_SHAHID_VIP_SPORT_1M"): Verify element property value successfully

2023-10-16 14:22:18 - [MESSAGE][PASSED] - Verify element property value successfully

2023-10-16 14:22:18 - [TEST_STEP][PASSED] - verifyElementPropertyValue(getResponse, "offers[11].groups[0].pricingPlans[0].pricingPlanData[0].paymentMethod", "CREDIT_CARD"): Verify element property value successfully

2023-10-16 14:22:18 - [MESSAGE][PASSED] - Verify element property value successfully

2023-10-16 14:22:18 - [TEST_STEP][PASSED] - verifyElementPropertyValue(getResponse, "offers[11].groups[0].pricingPlans[0].pricingPlanData[0].freeTrialEnabled", "false"): Verify element property value successfully

2023-10-16 14:22:18 - [MESSAGE][PASSED] - Verify element property value successfully

2023-10-16 14:22:18 - [TEST_STEP][PASSED] - verifyElementPropertyValue(getResponse, "offers[11].groups[0].pricingPlans[0].pricingPlanData[0].showIn[0]", "VERTICAL_MODE"): Verify element property value successfully

2023-10-16 14:22:18 - [MESSAGE][PASSED] - Verify element property value successfully

2023-10-16 14:22:18 - [TEST_STEP][PASSED] - verifyElementPropertyValue(getResponse, "offers[11].groups[0].pricingPlans[0].pricingPlanData[0].showIn[1]", "HORIZONTAL_MODE"): Verify element property value successfully

2023-10-16 14:22:18 - [MESSAGE][PASSED] - Verify element property value successfully

2023-10-16 14:22:18 - [TEST_STEP][PASSED] - verifyElementPropertyValue(getResponse, "offers[11].groups[0].pricingPlans[0].pricingPlanData[0].priceLabel", "7000"): Verify element property value successfully

2023-10-16 14:22:18 - [MESSAGE][PASSED] - Verify element property value successfully

2023-10-16 14:22:18 - [TEST_STEP][PASSED] - verifyElementPropertyValue(getResponse, "offers[11].groups[0].pricingPlans[0].pricingPlanData[0].currencyLabel", "IQD"): Verify element property value successfully

2023-10-16 14:22:18 - [MESSAGE][PASSED] - Verify element property value successfully

2023-10-16 14:22:18 - [TEST_STEP][PASSED] - verifyElementPropertyValue(getResponse, "offers[11].groups[0].pricingPlans[0].pricingPlanData[0].dealId", "BYG_SPORT_30P_IRQ"): Verify element property value successfully

2023-10-16 14:22:18 - [MESSAGE][PASSED] - Verify element property value successfully

2023-10-16 14:22:18 - [TEST_STEP][PASSED] - verifyElementPropertyValue(getResponse, "offers[11].groups[0].pricingPlans[0].pricingPlanData[0].allowedForAcquisition", "true"): Verify element property value successfully

2023-10-16 14:22:18 - [MESSAGE][PASSED] - Verify element property value successfully

2023-10-16 14:22:18 - [TEST_STEP][PASSED] - verifyElementPropertyValue(getResponse, "offers[11].groups[0].pricingPlans[0].pricingPlanData[0].visualElements[0].key", "title"): Verify element property value successfully

2023-10-16 14:22:18 - [MESSAGE][PASSED] - Verify element property value successfully

2023-10-16 14:22:18 - [TEST_STEP][PASSED] - verifyElementPropertyValue(getResponse, "offers[11].groups[0].pricingPlans[0].pricingPlanData[0].visualElements[0].value", "البطاقة المصرفية"): Verify element property value successfully

2023-10-16 14:22:18 - [MESSAGE][PASSED] - Verify element property value successfully

2023-10-16 14:22:18 - [TEST_STEP][PASSED] - verifyElementPropertyValue(getResponse, "offers[11].groups[0].pricingPlans[0].pricingPlanData[0].visualElements[1].key", "CTA_text"): Verify element property value successfully

2023-10-16 14:22:18 - [MESSAGE][PASSED] - Verify element property value successfully

2023-10-16 14:22:18 - [TEST_STEP][PASSED] - verifyElementPropertyValue(getResponse, "offers[11].groups[0].pricingPlans[0].pricingPlanData[0].visualElements[1].value", "اشترك"): Verify element property value successfully

2023-10-16 14:22:18 - [MESSAGE][PASSED] - Verify element property value successfully

2023-10-16 14:22:18 - [TEST_STEP][PASSED] - verifyElementPropertyValue(getResponse, "offers[11].groups[0].pricingPlans[0].pricingPlanData[0].visualElements[2].key", "logo"): Verify element property value successfully

2023-10-16 14:22:18 - [MESSAGE][PASSED] - Verify element property value successfully

2023-10-16 14:22:18 - [TEST_STEP][PASSED] - verifyElementPropertyValue(getResponse, "offers[11].groups[0].pricingPlans[0].pricingPlanData[0].visualElements[2].value", "https://static.s3.shahid.mbc.net/widget-images/icons/iconCreditCard.png"): Verify element property value successfully

2023-10-16 14:22:18 - [MESSAGE][PASSED] - Verify element property value successfully

2023-10-16 14:22:18 - [TEST_STEP][PASSED] - verifyElementPropertyValue(getResponse, "offers[12].offerId", "byg-sport-40-offer"): Verify element property value successfully

2023-10-16 14:22:18 - [MESSAGE][PASSED] - Verify element property value successfully

2023-10-16 14:22:18 - [TEST_STEP][PASSED] - verifyElementPropertyValue(getResponse, "offers[12].offerParam", "bygsportsoffer40"): Verify element property value successfully

2023-10-16 14:22:18 - [MESSAGE][PASSED] - Verify element property value successfully

2023-10-16 14:22:18 - [TEST_STEP][PASSED] - verifyElementPropertyValue(getResponse, "offers[12].groups[0].pricingPlans[0].featured", "true"): Verify element property value successfully

2023-10-16 14:22:18 - [MESSAGE][PASSED] - Verify element property value successfully

2023-10-16 14:22:18 - [TEST_STEP][PASSED] - verifyElementPropertyValue(getResponse, "offers[12].groups[0].pricingPlans[0].period", "monthly"): Verify element property value successfully

2023-10-16 14:22:18 - [MESSAGE][PASSED] - Verify element property value successfully

2023-10-16 14:22:18 - [TEST_STEP][PASSED] - verifyElementPropertyValue(getResponse, "offers[12].groups[0].pricingPlans[0].featured", "true"): Verify element property value successfully

2023-10-16 14:22:18 - [MESSAGE][PASSED] - Verify element property value successfully

2023-10-16 14:22:18 - [TEST_STEP][PASSED] - verifyElementPropertyValue(getResponse, "offers[12].groups[0].pricingPlans[0].price", "6000.0"): Verify element property value successfully

2023-10-16 14:22:18 - [MESSAGE][PASSED] - Verify element property value successfully

2023-10-16 14:22:18 - [TEST_STEP][PASSED] - verifyElementPropertyValue(getResponse, "offers[12].groups[0].pricingPlans[0].currency", "IQD"): Verify element property value successfully

2023-10-16 14:22:18 - [MESSAGE][PASSED] - Verify element property value successfully

2023-10-16 14:22:18 - [TEST_STEP][PASSED] - verifyElementPropertyValue(getResponse, "offers[12].groups[0].pricingPlans[0].order", "0"): Verify element property value successfully

2023-10-16 14:22:18 - [MESSAGE][PASSED] - Verify element property value successfully

2023-10-16 14:22:18 - [TEST_STEP][PASSED] - verifyElementPropertyValue(getResponse, "offers[12].groups[0].pricingPlans[0].packageId", "SHAHID_VIP_SPORT"): Verify element property value successfully

2023-10-16 14:22:18 - [MESSAGE][PASSED] - Verify element property value successfully

2023-10-16 14:22:18 - [TEST_STEP][PASSED] - verifyElementPropertyValue(getResponse, "offers[12].groups[0].pricingPlans[0].catalogId", "SPORT"): Verify element property value successfully

2023-10-16 14:22:18 - [MESSAGE][PASSED] - Verify element property value successfully

2023-10-16 14:22:18 - [TEST_STEP][PASSED] - verifyElementPropertyValue(getResponse, "offers[12].groups[0].pricingPlans[0].visualElements[0].key", "Header_1_text"): Verify element property value successfully

2023-10-16 14:22:18 - [MESSAGE][PASSED] - Verify element property value successfully

2023-10-16 14:22:18 - [TEST_STEP][PASSED] - verifyElementPropertyValue(getResponse, "offers[12].groups[0].pricingPlans[0].visualElements[0].value", "شاهد أقوى المسلسلات و الأفلام حصرياً دون توقف"): Verify element property value successfully

2023-10-16 14:22:18 - [MESSAGE][PASSED] - Verify element property value successfully

2023-10-16 14:22:18 - [TEST_STEP][PASSED] - verifyElementPropertyValue(getResponse, "offers[12].groups[0].pricingPlans[0].visualElements[1].key", "display_title"): Verify element property value successfully

2023-10-16 14:22:18 - [MESSAGE][PASSED] - Verify element property value successfully

2023-10-16 14:22:18 - [TEST_STEP][PASSED] - verifyElementPropertyValue(getResponse, "offers[12].groups[0].pricingPlans[0].visualElements[1].value", "احصل على خصم 40%"): Verify element property value successfully

2023-10-16 14:22:18 - [MESSAGE][PASSED] - Verify element property value successfully

2023-10-16 14:22:18 - [TEST_STEP][PASSED] - verifyElementPropertyValue(getResponse, "offers[12].groups[0].pricingPlans[0].visualElements[3].key", "deduction_text"): Verify element property value successfully

2023-10-16 14:22:18 - [MESSAGE][PASSED] - Verify element property value successfully

2023-10-16 14:22:18 - [TEST_STEP][PASSED] - verifyElementPropertyValue(getResponse, "offers[12].groups[0].pricingPlans[0].visualElements[3].value", "تدفع شهرياً"): Verify element property value successfully

2023-10-16 14:22:18 - [MESSAGE][PASSED] - Verify element property value successfully

2023-10-16 14:22:18 - [TEST_STEP][PASSED] - verifyElementPropertyValue(getResponse, "offers[12].groups[0].pricingPlans[0].visualElements[6].key", "show_payment_logo"): Verify element property value successfully

2023-10-16 14:22:18 - [MESSAGE][PASSED] - Verify element property value successfully

2023-10-16 14:22:18 - [TEST_STEP][PASSED] - verifyElementPropertyValue(getResponse, "offers[12].groups[0].pricingPlans[0].visualElements[6].value", "true"): Verify element property value successfully

2023-10-16 14:22:18 - [MESSAGE][PASSED] - Verify element property value successfully

2023-10-16 14:22:18 - [TEST_STEP][PASSED] - verifyElementPropertyValue(getResponse, "offers[12].groups[0].pricingPlans[0].visualElements[8].key", "price"): Verify element property value successfully

2023-10-16 14:22:18 - [MESSAGE][PASSED] - Verify element property value successfully

2023-10-16 14:22:18 - [TEST_STEP][PASSED] - verifyElementPropertyValue(getResponse, "offers[12].groups[0].pricingPlans[0].visualElements[8].value", "6000"): Verify element property value successfully

2023-10-16 14:22:18 - [MESSAGE][PASSED] - Verify element property value successfully

2023-10-16 14:22:18 - [TEST_STEP][PASSED] - verifyElementPropertyValue(getResponse, "offers[12].groups[0].pricingPlans[0].visualElements[9].key", "currency"): Verify element property value successfully

2023-10-16 14:22:18 - [MESSAGE][PASSED] - Verify element property value successfully

2023-10-16 14:22:18 - [TEST_STEP][PASSED] - verifyElementPropertyValue(getResponse, "offers[12].groups[0].pricingPlans[0].visualElements[9].value", "IQD"): Verify element property value successfully

2023-10-16 14:22:18 - [MESSAGE][PASSED] - Verify element property value successfully

2023-10-16 14:22:18 - [TEST_STEP][PASSED] - verifyElementPropertyValue(getResponse, "offers[12].groups[0].pricingPlans[0].visualElements[10].key", "duration"): Verify element property value successfully

2023-10-16 14:22:18 - [MESSAGE][PASSED] - Verify element property value successfully

2023-10-16 14:22:18 - [TEST_STEP][PASSED] - verifyElementPropertyValue(getResponse, "offers[12].groups[0].pricingPlans[0].visualElements[10].value", "شهرياً"): Verify element property value successfully

2023-10-16 14:22:18 - [MESSAGE][PASSED] - Verify element property value successfully

2023-10-16 14:22:18 - [TEST_STEP][PASSED] - verifyElementPropertyValue(getResponse, "offers[12].groups[0].pricingPlans[0].visualElements[11].key", "featured_tag_text"): Verify element property value successfully

2023-10-16 14:22:18 - [MESSAGE][PASSED] - Verify element property value successfully

2023-10-16 14:22:18 - [TEST_STEP][PASSED] - verifyElementPropertyValue(getResponse, "offers[12].groups[0].pricingPlans[0].visualElements[11].value", "عرض لمدة محدودة"): Verify element property value successfully

2023-10-16 14:22:18 - [MESSAGE][PASSED] - Verify element property value successfully

2023-10-16 14:22:18 - [TEST_STEP][PASSED] - verifyElementPropertyValue(getResponse, "offers[12].groups[0].pricingPlans[0].visualElements[13].key", "tag_text"): Verify element property value successfully

2023-10-16 14:22:18 - [MESSAGE][PASSED] - Verify element property value successfully

2023-10-16 14:22:18 - [TEST_STEP][PASSED] - verifyElementPropertyValue(getResponse, "offers[12].groups[0].pricingPlans[0].visualElements[13].value", "وفر 40%"): Verify element property value successfully

2023-10-16 14:22:18 - [MESSAGE][PASSED] - Verify element property value successfully

2023-10-16 14:22:18 - [TEST_STEP][PASSED] - verifyElementPropertyValue(getResponse, "offers[12].groups[0].pricingPlans[0].visualElements[12].key", "show_tag"): Verify element property value successfully

2023-10-16 14:22:18 - [MESSAGE][PASSED] - Verify element property value successfully

2023-10-16 14:22:18 - [TEST_STEP][PASSED] - verifyElementPropertyValue(getResponse, "offers[12].groups[0].pricingPlans[0].visualElements[12].value", "true"): Verify element property value successfully

2023-10-16 14:22:18 - [MESSAGE][PASSED] - Verify element property value successfully

2023-10-16 14:22:18 - [TEST_STEP][PASSED] - verifyElementPropertyValue(getResponse, "offers[12].groups[0].pricingPlans[0].pricingPlanData[0].productId", "IRQ_B2C_SHAHID_VIP_SPORT_1M"): Verify element property value successfully

2023-10-16 14:22:18 - [MESSAGE][PASSED] - Verify element property value successfully

2023-10-16 14:22:18 - [TEST_STEP][PASSED] - verifyElementPropertyValue(getResponse, "offers[12].groups[0].pricingPlans[0].pricingPlanData[0].paymentMethod", "CREDIT_CARD"): Verify element property value successfully

2023-10-16 14:22:18 - [MESSAGE][PASSED] - Verify element property value successfully

2023-10-16 14:22:18 - [TEST_STEP][PASSED] - verifyElementPropertyValue(getResponse, "offers[12].groups[0].pricingPlans[0].pricingPlanData[0].freeTrialEnabled", "false"): Verify element property value successfully

2023-10-16 14:22:18 - [MESSAGE][PASSED] - Verify element property value successfully

2023-10-16 14:22:18 - [TEST_STEP][PASSED] - verifyElementPropertyValue(getResponse, "offers[12].groups[0].pricingPlans[0].pricingPlanData[0].showIn[0]", "VERTICAL_MODE"): Verify element property value successfully

2023-10-16 14:22:18 - [MESSAGE][PASSED] - Verify element property value successfully

2023-10-16 14:22:18 - [TEST_STEP][PASSED] - verifyElementPropertyValue(getResponse, "offers[12].groups[0].pricingPlans[0].pricingPlanData[0].showIn[1]", "HORIZONTAL_MODE"): Verify element property value successfully

2023-10-16 14:22:18 - [MESSAGE][PASSED] - Verify element property value successfully

2023-10-16 14:22:18 - [TEST_STEP][PASSED] - verifyElementPropertyValue(getResponse, "offers[12].groups[0].pricingPlans[0].pricingPlanData[0].priceLabel", "6000"): Verify element property value successfully

2023-10-16 14:22:18 - [MESSAGE][PASSED] - Verify element property value successfully

2023-10-16 14:22:18 - [TEST_STEP][PASSED] - verifyElementPropertyValue(getResponse, "offers[12].groups[0].pricingPlans[0].pricingPlanData[0].currencyLabel", "IQD"): Verify element property value successfully

2023-10-16 14:22:18 - [MESSAGE][PASSED] - Verify element property value successfully

2023-10-16 14:22:18 - [TEST_STEP][PASSED] - verifyElementPropertyValue(getResponse, "offers[12].groups[0].pricingPlans[0].pricingPlanData[0].dealId", "BYG_SPORT_40P_IRQ"): Verify element property value successfully

2023-10-16 14:22:18 - [MESSAGE][PASSED] - Verify element property value successfully

2023-10-16 14:22:18 - [TEST_STEP][PASSED] - verifyElementPropertyValue(getResponse, "offers[12].groups[0].pricingPlans[0].pricingPlanData[0].allowedForAcquisition", "true"): Verify element property value successfully

2023-10-16 14:22:18 - [MESSAGE][PASSED] - Verify element property value successfully

2023-10-16 14:22:18 - [TEST_STEP][PASSED] - verifyElementPropertyValue(getResponse, "offers[12].groups[0].pricingPlans[0].pricingPlanData[0].visualElements[0].key", "title"): Verify element property value successfully

2023-10-16 14:22:18 - [MESSAGE][PASSED] - Verify element property value successfully

2023-10-16 14:22:18 - [TEST_STEP][PASSED] - verifyElementPropertyValue(getResponse, "offers[12].groups[0].pricingPlans[0].pricingPlanData[0].visualElements[0].value", "البطاقة المصرفية"): Verify element property value successfully

2023-10-16 14:22:18 - [MESSAGE][PASSED] - Verify element property value successfully

2023-10-16 14:22:18 - [TEST_STEP][PASSED] - verifyElementPropertyValue(getResponse, "offers[12].groups[0].pricingPlans[0].pricingPlanData[0].visualElements[1].key", "CTA_text"): Verify element property value successfully

2023-10-16 14:22:18 - [MESSAGE][PASSED] - Verify element property value successfully

2023-10-16 14:22:18 - [TEST_STEP][PASSED] - verifyElementPropertyValue(getResponse, "offers[12].groups[0].pricingPlans[0].pricingPlanData[0].visualElements[1].value", "اشترك"): Verify element property value successfully

2023-10-16 14:22:18 - [MESSAGE][PASSED] - Verify element property value successfully

2023-10-16 14:22:18 - [TEST_STEP][PASSED] - verifyElementPropertyValue(getResponse, "offers[12].groups[0].pricingPlans[0].pricingPlanData[0].visualElements[2].key", "logo"): Verify element property value successfully

2023-10-16 14:22:18 - [MESSAGE][PASSED] - Verify element property value successfully

2023-10-16 14:22:18 - [TEST_STEP][PASSED] - verifyElementPropertyValue(getResponse, "offers[12].groups[0].pricingPlans[0].pricingPlanData[0].visualElements[2].value", "https://static.s3.shahid.mbc.net/widget-images/icons/iconCreditCard.png"): Verify element property value successfully

2023-10-16 14:22:18 - [MESSAGE][PASSED] - Verify element property value successfully

2023-10-16 14:22:18 - [TEST_STEP][PASSED] - verifyElementPropertyValue(getResponse, "offers[13].offerId", "byg-sport-50-offer"): Verify element property value successfully

2023-10-16 14:22:18 - [MESSAGE][PASSED] - Verify element property value successfully

2023-10-16 14:22:18 - [TEST_STEP][PASSED] - verifyElementPropertyValue(getResponse, "offers[13].offerParam", "bygsportsoffer50"): Verify element property value successfully

2023-10-16 14:22:18 - [MESSAGE][PASSED] - Verify element property value successfully

2023-10-16 14:22:18 - [TEST_STEP][PASSED] - verifyElementPropertyValue(getResponse, "offers[13].groups[0].pricingPlans[0].featured", "true"): Verify element property value successfully

2023-10-16 14:22:18 - [MESSAGE][PASSED] - Verify element property value successfully

2023-10-16 14:22:18 - [TEST_STEP][PASSED] - verifyElementPropertyValue(getResponse, "offers[13].groups[0].pricingPlans[0].period", "monthly"): Verify element property value successfully

2023-10-16 14:22:18 - [MESSAGE][PASSED] - Verify element property value successfully

2023-10-16 14:22:18 - [TEST_STEP][PASSED] - verifyElementPropertyValue(getResponse, "offers[13].groups[0].pricingPlans[0].featured", "true"): Verify element property value successfully

2023-10-16 14:22:18 - [MESSAGE][PASSED] - Verify element property value successfully

2023-10-16 14:22:18 - [TEST_STEP][PASSED] - verifyElementPropertyValue(getResponse, "offers[13].groups[0].pricingPlans[0].price", "5000.0"): Verify element property value successfully

2023-10-16 14:22:18 - [MESSAGE][PASSED] - Verify element property value successfully

2023-10-16 14:22:18 - [TEST_STEP][PASSED] - verifyElementPropertyValue(getResponse, "offers[13].groups[0].pricingPlans[0].currency", "IQD"): Verify element property value successfully

2023-10-16 14:22:18 - [MESSAGE][PASSED] - Verify element property value successfully

2023-10-16 14:22:18 - [TEST_STEP][PASSED] - verifyElementPropertyValue(getResponse, "offers[13].groups[0].pricingPlans[0].order", "0"): Verify element property value successfully

2023-10-16 14:22:18 - [MESSAGE][PASSED] - Verify element property value successfully

2023-10-16 14:22:18 - [TEST_STEP][PASSED] - verifyElementPropertyValue(getResponse, "offers[13].groups[0].pricingPlans[0].packageId", "SHAHID_VIP_SPORT"): Verify element property value successfully

2023-10-16 14:22:18 - [MESSAGE][PASSED] - Verify element property value successfully

2023-10-16 14:22:18 - [TEST_STEP][PASSED] - verifyElementPropertyValue(getResponse, "offers[13].groups[0].pricingPlans[0].catalogId", "SPORT"): Verify element property value successfully

2023-10-16 14:22:18 - [MESSAGE][PASSED] - Verify element property value successfully

2023-10-16 14:22:18 - [TEST_STEP][PASSED] - verifyElementPropertyValue(getResponse, "offers[13].groups[0].pricingPlans[0].visualElements[0].key", "Header_1_text"): Verify element property value successfully

2023-10-16 14:22:18 - [MESSAGE][PASSED] - Verify element property value successfully

2023-10-16 14:22:18 - [TEST_STEP][PASSED] - verifyElementPropertyValue(getResponse, "offers[13].groups[0].pricingPlans[0].visualElements[0].value", "شاهد أقوى المسلسلات و الأفلام حصرياً دون توقف"): Verify element property value successfully

2023-10-16 14:22:18 - [MESSAGE][PASSED] - Verify element property value successfully

2023-10-16 14:22:18 - [TEST_STEP][PASSED] - verifyElementPropertyValue(getResponse, "offers[13].groups[0].pricingPlans[0].visualElements[1].key", "display_title"): Verify element property value successfully

2023-10-16 14:22:18 - [MESSAGE][PASSED] - Verify element property value successfully

2023-10-16 14:22:18 - [TEST_STEP][PASSED] - verifyElementPropertyValue(getResponse, "offers[13].groups[0].pricingPlans[0].visualElements[1].value", "احصل على خصم 50%"): Verify element property value successfully

2023-10-16 14:22:18 - [MESSAGE][PASSED] - Verify element property value successfully

2023-10-16 14:22:18 - [TEST_STEP][PASSED] - verifyElementPropertyValue(getResponse, "offers[13].groups[0].pricingPlans[0].visualElements[3].key", "deduction_text"): Verify element property value successfully

2023-10-16 14:22:18 - [MESSAGE][PASSED] - Verify element property value successfully

2023-10-16 14:22:18 - [TEST_STEP][PASSED] - verifyElementPropertyValue(getResponse, "offers[13].groups[0].pricingPlans[0].visualElements[3].value", "تدفع شهرياً"): Verify element property value successfully

2023-10-16 14:22:18 - [MESSAGE][PASSED] - Verify element property value successfully

2023-10-16 14:22:18 - [TEST_STEP][PASSED] - verifyElementPropertyValue(getResponse, "offers[13].groups[0].pricingPlans[0].visualElements[6].key", "show_payment_logo"): Verify element property value successfully

2023-10-16 14:22:18 - [MESSAGE][PASSED] - Verify element property value successfully

2023-10-16 14:22:18 - [TEST_STEP][PASSED] - verifyElementPropertyValue(getResponse, "offers[13].groups[0].pricingPlans[0].visualElements[6].value", "true"): Verify element property value successfully

2023-10-16 14:22:19 - [MESSAGE][PASSED] - Verify element property value successfully

2023-10-16 14:22:19 - [TEST_STEP][PASSED] - verifyElementPropertyValue(getResponse, "offers[13].groups[0].pricingPlans[0].visualElements[8].key", "price"): Verify element property value successfully

2023-10-16 14:22:19 - [MESSAGE][PASSED] - Verify element property value successfully

2023-10-16 14:22:19 - [TEST_STEP][PASSED] - verifyElementPropertyValue(getResponse, "offers[13].groups[0].pricingPlans[0].visualElements[8].value", "5000"): Verify element property value successfully

2023-10-16 14:22:19 - [MESSAGE][PASSED] - Verify element property value successfully

2023-10-16 14:22:19 - [TEST_STEP][PASSED] - verifyElementPropertyValue(getResponse, "offers[13].groups[0].pricingPlans[0].visualElements[9].key", "currency"): Verify element property value successfully

2023-10-16 14:22:19 - [MESSAGE][PASSED] - Verify element property value successfully

2023-10-16 14:22:19 - [TEST_STEP][PASSED] - verifyElementPropertyValue(getResponse, "offers[13].groups[0].pricingPlans[0].visualElements[9].value", "IQD"): Verify element property value successfully

2023-10-16 14:22:19 - [MESSAGE][PASSED] - Verify element property value successfully

2023-10-16 14:22:19 - [TEST_STEP][PASSED] - verifyElementPropertyValue(getResponse, "offers[13].groups[0].pricingPlans[0].visualElements[10].key", "duration"): Verify element property value successfully

2023-10-16 14:22:19 - [MESSAGE][PASSED] - Verify element property value successfully

2023-10-16 14:22:19 - [TEST_STEP][PASSED] - verifyElementPropertyValue(getResponse, "offers[13].groups[0].pricingPlans[0].visualElements[10].value", "شهرياً"): Verify element property value successfully

2023-10-16 14:22:19 - [MESSAGE][PASSED] - Verify element property value successfully

2023-10-16 14:22:19 - [TEST_STEP][PASSED] - verifyElementPropertyValue(getResponse, "offers[13].groups[0].pricingPlans[0].visualElements[11].key", "featured_tag_text"): Verify element property value successfully

2023-10-16 14:22:19 - [MESSAGE][PASSED] - Verify element property value successfully

2023-10-16 14:22:19 - [TEST_STEP][PASSED] - verifyElementPropertyValue(getResponse, "offers[13].groups[0].pricingPlans[0].visualElements[11].value", "عرض لمدة محدودة"): Verify element property value successfully

2023-10-16 14:22:19 - [MESSAGE][PASSED] - Verify element property value successfully

2023-10-16 14:22:19 - [TEST_STEP][PASSED] - verifyElementPropertyValue(getResponse, "offers[13].groups[0].pricingPlans[0].visualElements[13].key", "tag_text"): Verify element property value successfully

2023-10-16 14:22:19 - [MESSAGE][PASSED] - Verify element property value successfully

2023-10-16 14:22:19 - [TEST_STEP][PASSED] - verifyElementPropertyValue(getResponse, "offers[13].groups[0].pricingPlans[0].visualElements[13].value", "وفر 50%"): Verify element property value successfully

2023-10-16 14:22:19 - [MESSAGE][PASSED] - Verify element property value successfully

2023-10-16 14:22:19 - [TEST_STEP][PASSED] - verifyElementPropertyValue(getResponse, "offers[13].groups[0].pricingPlans[0].visualElements[12].key", "show_tag"): Verify element property value successfully

2023-10-16 14:22:19 - [MESSAGE][PASSED] - Verify element property value successfully

2023-10-16 14:22:19 - [TEST_STEP][PASSED] - verifyElementPropertyValue(getResponse, "offers[13].groups[0].pricingPlans[0].visualElements[12].value", "true"): Verify element property value successfully

2023-10-16 14:22:19 - [MESSAGE][PASSED] - Verify element property value successfully

2023-10-16 14:22:19 - [TEST_STEP][PASSED] - verifyElementPropertyValue(getResponse, "offers[13].groups[0].pricingPlans[0].pricingPlanData[0].productId", "IRQ_B2C_SHAHID_VIP_SPORT_1M"): Verify element property value successfully

2023-10-16 14:22:19 - [MESSAGE][PASSED] - Verify element property value successfully

2023-10-16 14:22:19 - [TEST_STEP][PASSED] - verifyElementPropertyValue(getResponse, "offers[13].groups[0].pricingPlans[0].pricingPlanData[0].paymentMethod", "CREDIT_CARD"): Verify element property value successfully

2023-10-16 14:22:19 - [MESSAGE][PASSED] - Verify element property value successfully

2023-10-16 14:22:19 - [TEST_STEP][PASSED] - verifyElementPropertyValue(getResponse, "offers[13].groups[0].pricingPlans[0].pricingPlanData[0].freeTrialEnabled", "false"): Verify element property value successfully

2023-10-16 14:22:19 - [MESSAGE][PASSED] - Verify element property value successfully

2023-10-16 14:22:19 - [TEST_STEP][PASSED] - verifyElementPropertyValue(getResponse, "offers[13].groups[0].pricingPlans[0].pricingPlanData[0].showIn[0]", "VERTICAL_MODE"): Verify element property value successfully

2023-10-16 14:22:19 - [MESSAGE][PASSED] - Verify element property value successfully

2023-10-16 14:22:19 - [TEST_STEP][PASSED] - verifyElementPropertyValue(getResponse, "offers[13].groups[0].pricingPlans[0].pricingPlanData[0].showIn[1]", "HORIZONTAL_MODE"): Verify element property value successfully

2023-10-16 14:22:19 - [MESSAGE][PASSED] - Verify element property value successfully

2023-10-16 14:22:19 - [TEST_STEP][PASSED] - verifyElementPropertyValue(getResponse, "offers[13].groups[0].pricingPlans[0].pricingPlanData[0].priceLabel", "5000"): Verify element property value successfully

2023-10-16 14:22:19 - [MESSAGE][PASSED] - Verify element property value successfully

2023-10-16 14:22:19 - [TEST_STEP][PASSED] - verifyElementPropertyValue(getResponse, "offers[13].groups[0].pricingPlans[0].pricingPlanData[0].currencyLabel", "IQD"): Verify element property value successfully

2023-10-16 14:22:19 - [MESSAGE][PASSED] - Verify element property value successfully

2023-10-16 14:22:19 - [TEST_STEP][PASSED] - verifyElementPropertyValue(getResponse, "offers[13].groups[0].pricingPlans[0].pricingPlanData[0].dealId", "BYG_SPORT_50P_IRQ"): Verify element property value successfully

2023-10-16 14:22:19 - [MESSAGE][PASSED] - Verify element property value successfully

2023-10-16 14:22:19 - [TEST_STEP][PASSED] - verifyElementPropertyValue(getResponse, "offers[13].groups[0].pricingPlans[0].pricingPlanData[0].allowedForAcquisition", "true"): Verify element property value successfully

2023-10-16 14:22:19 - [MESSAGE][PASSED] - Verify element property value successfully

2023-10-16 14:22:19 - [TEST_STEP][PASSED] - verifyElementPropertyValue(getResponse, "offers[13].groups[0].pricingPlans[0].pricingPlanData[0].visualElements[0].key", "title"): Verify element property value successfully

2023-10-16 14:22:19 - [MESSAGE][PASSED] - Verify element property value successfully

2023-10-16 14:22:19 - [TEST_STEP][PASSED] - verifyElementPropertyValue(getResponse, "offers[13].groups[0].pricingPlans[0].pricingPlanData[0].visualElements[0].value", "البطاقة المصرفية"): Verify element property value successfully

2023-10-16 14:22:19 - [MESSAGE][PASSED] - Verify element property value successfully

2023-10-16 14:22:19 - [TEST_STEP][PASSED] - verifyElementPropertyValue(getResponse, "offers[13].groups[0].pricingPlans[0].pricingPlanData[0].visualElements[1].key", "CTA_text"): Verify element property value successfully

2023-10-16 14:22:19 - [MESSAGE][PASSED] - Verify element property value successfully

2023-10-16 14:22:19 - [TEST_STEP][PASSED] - verifyElementPropertyValue(getResponse, "offers[13].groups[0].pricingPlans[0].pricingPlanData[0].visualElements[1].value", "اشترك"): Verify element property value successfully

2023-10-16 14:22:19 - [MESSAGE][PASSED] - Verify element property value successfully

2023-10-16 14:22:19 - [TEST_STEP][PASSED] - verifyElementPropertyValue(getResponse, "offers[13].groups[0].pricingPlans[0].pricingPlanData[0].visualElements[2].key", "logo"): Verify element property value successfully

2023-10-16 14:22:19 - [MESSAGE][PASSED] - Verify element property value successfully

2023-10-16 14:22:19 - [TEST_STEP][PASSED] - verifyElementPropertyValue(getResponse, "offers[13].groups[0].pricingPlans[0].pricingPlanData[0].visualElements[2].value", "https://static.s3.shahid.mbc.net/widget-images/icons/iconCreditCard.png"): Verify element property value successfully

2023-10-16 14:22:19 - [MESSAGE][PASSED] - Verify element property value successfully]]></system-out>
         <system-err><![CDATA[]]></system-err>
      </testcase>
      <testcase name="Test Cases/WEB - CHROME/IRQ PI/WEB_AR_getOffersForIRQ_VIP" time="6.106" classname="Test Cases/WEB - CHROME/IRQ PI/WEB_AR_getOffersForIRQ_VIP" status="PASSED">
         <system-out><![CDATA[2023-10-16 14:22:19 - [TEST_CASE][PASSED] - Test Cases/WEB - CHROME/IRQ PI/WEB_AR_getOffersForIRQ_VIP: Test Cases/WEB - CHROME/IRQ PI/WEB_AR_getOffersForIRQ_VIP

2023-10-16 14:22:19 - [TEST_STEP][PASSED] - getResponse = config_files.getConfigFile.getConfig("WEB", "AR", "SHAHID_VIP", "IQ", "false"): config_files.getConfigFile.getConfig is PASSED

2023-10-16 14:22:20 - [MESSAGE][INFO] - HAR: /Users/admin/git/shahid-configuration/Reports/20231016_140310/WEB/IRQ/20231016_140347/requests/main/5.har

2023-10-16 14:22:20 - [MESSAGE][PASSED] - Send request successfully

2023-10-16 14:22:20 - [MESSAGE][PASSED] - config_files.getConfigFile.getConfig is PASSED

2023-10-16 14:22:20 - [TEST_STEP][PASSED] - verifyResponseStatusCode(getResponse, 200): Verify response status code successfully

2023-10-16 14:22:20 - [MESSAGE][PASSED] - Verify response status code successfully

2023-10-16 14:22:20 - [TEST_STEP][PASSED] - verifyElementPropertyValue(getResponse, "country", "IRQ"): Verify element property value successfully

2023-10-16 14:22:20 - [MESSAGE][PASSED] - Verify element property value successfully

2023-10-16 14:22:20 - [TEST_STEP][PASSED] - verifyElementPropertyValue(getResponse, "platform", "[WEB]"): Verify element property value successfully

2023-10-16 14:22:20 - [MESSAGE][PASSED] - Verify element property value successfully

2023-10-16 14:22:20 - [TEST_STEP][PASSED] - verifyElementPropertyValue(getResponse, "offers[0].offerId", "winback-30-offer"): Verify element property value successfully

2023-10-16 14:22:20 - [MESSAGE][PASSED] - Verify element property value successfully

2023-10-16 14:22:20 - [TEST_STEP][PASSED] - verifyElementPropertyValue(getResponse, "offers[0].offerParam", "winback30"): Verify element property value successfully

2023-10-16 14:22:20 - [MESSAGE][PASSED] - Verify element property value successfully

2023-10-16 14:22:20 - [TEST_STEP][PASSED] - verifyElementPropertyValue(getResponse, "offers[0].groups[0].pricingPlans[0].featured", "true"): Verify element property value successfully

2023-10-16 14:22:20 - [MESSAGE][PASSED] - Verify element property value successfully

2023-10-16 14:22:20 - [TEST_STEP][PASSED] - verifyElementPropertyValue(getResponse, "offers[0].groups[0].pricingPlans[0].period", "monthly"): Verify element property value successfully

2023-10-16 14:22:20 - [MESSAGE][PASSED] - Verify element property value successfully

2023-10-16 14:22:20 - [TEST_STEP][PASSED] - verifyElementPropertyValue(getResponse, "offers[0].groups[0].pricingPlans[0].featured", "true"): Verify element property value successfully

2023-10-16 14:22:20 - [MESSAGE][PASSED] - Verify element property value successfully

2023-10-16 14:22:20 - [TEST_STEP][PASSED] - verifyElementPropertyValue(getResponse, "offers[0].groups[0].pricingPlans[0].price", "3500.0"): Verify element property value successfully

2023-10-16 14:22:20 - [MESSAGE][PASSED] - Verify element property value successfully

2023-10-16 14:22:20 - [TEST_STEP][PASSED] - verifyElementPropertyValue(getResponse, "offers[0].groups[0].pricingPlans[0].currency", "IQD"): Verify element property value successfully

2023-10-16 14:22:20 - [MESSAGE][PASSED] - Verify element property value successfully

2023-10-16 14:22:20 - [TEST_STEP][PASSED] - verifyElementPropertyValue(getResponse, "offers[0].groups[0].pricingPlans[0].order", "0"): Verify element property value successfully

2023-10-16 14:22:20 - [MESSAGE][PASSED] - Verify element property value successfully

2023-10-16 14:22:20 - [TEST_STEP][PASSED] - verifyElementPropertyValue(getResponse, "offers[0].groups[0].pricingPlans[0].packageId", "SHAHID_VIP"): Verify element property value successfully

2023-10-16 14:22:20 - [MESSAGE][PASSED] - Verify element property value successfully

2023-10-16 14:22:20 - [TEST_STEP][PASSED] - verifyElementPropertyValue(getResponse, "offers[0].groups[0].pricingPlans[0].catalogId", "VIP"): Verify element property value successfully

2023-10-16 14:22:20 - [MESSAGE][PASSED] - Verify element property value successfully

2023-10-16 14:22:20 - [TEST_STEP][PASSED] - verifyElementPropertyValue(getResponse, "offers[0].groups[0].pricingPlans[0].visualElements[0].key", "Header_1_text"): Verify element property value successfully

2023-10-16 14:22:20 - [MESSAGE][PASSED] - Verify element property value successfully

2023-10-16 14:22:20 - [TEST_STEP][PASSED] - verifyElementPropertyValue(getResponse, "offers[0].groups[0].pricingPlans[0].visualElements[0].value", "شاهد أقوى المسلسلات و الأفلام حصرياً دون توقف"): Verify element property value successfully

2023-10-16 14:22:20 - [MESSAGE][PASSED] - Verify element property value successfully

2023-10-16 14:22:20 - [TEST_STEP][PASSED] - verifyElementPropertyValue(getResponse, "offers[0].groups[0].pricingPlans[0].visualElements[1].key", "display_title"): Verify element property value successfully

2023-10-16 14:22:20 - [MESSAGE][PASSED] - Verify element property value successfully

2023-10-16 14:22:20 - [TEST_STEP][PASSED] - verifyElementPropertyValue(getResponse, "offers[0].groups[0].pricingPlans[0].visualElements[1].value", "احصل على خصم 30%"): Verify element property value successfully

2023-10-16 14:22:20 - [MESSAGE][PASSED] - Verify element property value successfully

2023-10-16 14:22:20 - [TEST_STEP][PASSED] - verifyElementPropertyValue(getResponse, "offers[0].groups[0].pricingPlans[0].visualElements[3].key", "deduction_text"): Verify element property value successfully

2023-10-16 14:22:20 - [MESSAGE][PASSED] - Verify element property value successfully

2023-10-16 14:22:20 - [TEST_STEP][PASSED] - verifyElementPropertyValue(getResponse, "offers[0].groups[0].pricingPlans[0].visualElements[3].value", "تدفع شهرياً"): Verify element property value successfully

2023-10-16 14:22:20 - [MESSAGE][PASSED] - Verify element property value successfully

2023-10-16 14:22:20 - [TEST_STEP][PASSED] - verifyElementPropertyValue(getResponse, "offers[0].groups[0].pricingPlans[0].visualElements[6].key", "show_payment_logo"): Verify element property value successfully

2023-10-16 14:22:20 - [MESSAGE][PASSED] - Verify element property value successfully

2023-10-16 14:22:20 - [TEST_STEP][PASSED] - verifyElementPropertyValue(getResponse, "offers[0].groups[0].pricingPlans[0].visualElements[6].value", "true"): Verify element property value successfully

2023-10-16 14:22:20 - [MESSAGE][PASSED] - Verify element property value successfully

2023-10-16 14:22:20 - [TEST_STEP][PASSED] - verifyElementPropertyValue(getResponse, "offers[0].groups[0].pricingPlans[0].visualElements[8].key", "price"): Verify element property value successfully

2023-10-16 14:22:20 - [MESSAGE][PASSED] - Verify element property value successfully

2023-10-16 14:22:20 - [TEST_STEP][PASSED] - verifyElementPropertyValue(getResponse, "offers[0].groups[0].pricingPlans[0].visualElements[8].value", "3500"): Verify element property value successfully

2023-10-16 14:22:20 - [MESSAGE][PASSED] - Verify element property value successfully

2023-10-16 14:22:20 - [TEST_STEP][PASSED] - verifyElementPropertyValue(getResponse, "offers[0].groups[0].pricingPlans[0].visualElements[9].key", "currency"): Verify element property value successfully

2023-10-16 14:22:20 - [MESSAGE][PASSED] - Verify element property value successfully

2023-10-16 14:22:20 - [TEST_STEP][PASSED] - verifyElementPropertyValue(getResponse, "offers[0].groups[0].pricingPlans[0].visualElements[9].value", "IQD"): Verify element property value successfully

2023-10-16 14:22:20 - [MESSAGE][PASSED] - Verify element property value successfully

2023-10-16 14:22:20 - [TEST_STEP][PASSED] - verifyElementPropertyValue(getResponse, "offers[0].groups[0].pricingPlans[0].visualElements[10].key", "duration"): Verify element property value successfully

2023-10-16 14:22:20 - [MESSAGE][PASSED] - Verify element property value successfully

2023-10-16 14:22:20 - [TEST_STEP][PASSED] - verifyElementPropertyValue(getResponse, "offers[0].groups[0].pricingPlans[0].visualElements[10].value", "شهرياً"): Verify element property value successfully

2023-10-16 14:22:20 - [MESSAGE][PASSED] - Verify element property value successfully

2023-10-16 14:22:20 - [TEST_STEP][PASSED] - verifyElementPropertyValue(getResponse, "offers[0].groups[0].pricingPlans[0].visualElements[11].key", "featured_tag_text"): Verify element property value successfully

2023-10-16 14:22:20 - [MESSAGE][PASSED] - Verify element property value successfully

2023-10-16 14:22:20 - [TEST_STEP][PASSED] - verifyElementPropertyValue(getResponse, "offers[0].groups[0].pricingPlans[0].visualElements[11].value", "عرض لمدة محدودة"): Verify element property value successfully

2023-10-16 14:22:20 - [MESSAGE][PASSED] - Verify element property value successfully

2023-10-16 14:22:20 - [TEST_STEP][PASSED] - verifyElementPropertyValue(getResponse, "offers[0].groups[0].pricingPlans[0].visualElements[13].key", "tag_text"): Verify element property value successfully

2023-10-16 14:22:20 - [MESSAGE][PASSED] - Verify element property value successfully

2023-10-16 14:22:20 - [TEST_STEP][PASSED] - verifyElementPropertyValue(getResponse, "offers[0].groups[0].pricingPlans[0].visualElements[13].value", "وفر 30%"): Verify element property value successfully

2023-10-16 14:22:20 - [MESSAGE][PASSED] - Verify element property value successfully

2023-10-16 14:22:20 - [TEST_STEP][PASSED] - verifyElementPropertyValue(getResponse, "offers[0].groups[0].pricingPlans[0].visualElements[12].key", "show_tag"): Verify element property value successfully

2023-10-16 14:22:20 - [MESSAGE][PASSED] - Verify element property value successfully

2023-10-16 14:22:20 - [TEST_STEP][PASSED] - verifyElementPropertyValue(getResponse, "offers[0].groups[0].pricingPlans[0].visualElements[12].value", "true"): Verify element property value successfully

2023-10-16 14:22:20 - [MESSAGE][PASSED] - Verify element property value successfully

2023-10-16 14:22:20 - [TEST_STEP][PASSED] - verifyElementPropertyValue(getResponse, "offers[0].groups[0].pricingPlans[0].pricingPlanData[0].productId", "IRQ_B2C_SHAHID_VIP_1M"): Verify element property value successfully

2023-10-16 14:22:20 - [MESSAGE][PASSED] - Verify element property value successfully

2023-10-16 14:22:20 - [TEST_STEP][PASSED] - verifyElementPropertyValue(getResponse, "offers[0].groups[0].pricingPlans[0].pricingPlanData[0].paymentMethod", "CREDIT_CARD"): Verify element property value successfully

2023-10-16 14:22:20 - [MESSAGE][PASSED] - Verify element property value successfully

2023-10-16 14:22:20 - [TEST_STEP][PASSED] - verifyElementPropertyValue(getResponse, "offers[0].groups[0].pricingPlans[0].pricingPlanData[0].freeTrialEnabled", "false"): Verify element property value successfully

2023-10-16 14:22:20 - [MESSAGE][PASSED] - Verify element property value successfully

2023-10-16 14:22:20 - [TEST_STEP][PASSED] - verifyElementPropertyValue(getResponse, "offers[0].groups[0].pricingPlans[0].pricingPlanData[0].showIn[0]", "VERTICAL_MODE"): Verify element property value successfully

2023-10-16 14:22:20 - [MESSAGE][PASSED] - Verify element property value successfully

2023-10-16 14:22:20 - [TEST_STEP][PASSED] - verifyElementPropertyValue(getResponse, "offers[0].groups[0].pricingPlans[0].pricingPlanData[0].showIn[1]", "HORIZONTAL_MODE"): Verify element property value successfully

2023-10-16 14:22:20 - [MESSAGE][PASSED] - Verify element property value successfully

2023-10-16 14:22:20 - [TEST_STEP][PASSED] - verifyElementPropertyValue(getResponse, "offers[0].groups[0].pricingPlans[0].pricingPlanData[0].priceLabel", "3500"): Verify element property value successfully

2023-10-16 14:22:20 - [MESSAGE][PASSED] - Verify element property value successfully

2023-10-16 14:22:20 - [TEST_STEP][PASSED] - verifyElementPropertyValue(getResponse, "offers[0].groups[0].pricingPlans[0].pricingPlanData[0].currencyLabel", "IQD"): Verify element property value successfully

2023-10-16 14:22:20 - [MESSAGE][PASSED] - Verify element property value successfully

2023-10-16 14:22:20 - [TEST_STEP][PASSED] - verifyElementPropertyValue(getResponse, "offers[0].groups[0].pricingPlans[0].pricingPlanData[0].dealId", "RE_30P_IRQ"): Verify element property value successfully

2023-10-16 14:22:20 - [MESSAGE][PASSED] - Verify element property value successfully

2023-10-16 14:22:20 - [TEST_STEP][PASSED] - verifyElementPropertyValue(getResponse, "offers[0].groups[0].pricingPlans[0].pricingPlanData[0].allowedForAcquisition", "true"): Verify element property value successfully

2023-10-16 14:22:20 - [MESSAGE][PASSED] - Verify element property value successfully

2023-10-16 14:22:20 - [TEST_STEP][PASSED] - verifyElementPropertyValue(getResponse, "offers[0].groups[0].pricingPlans[0].pricingPlanData[0].visualElements[0].key", "title"): Verify element property value successfully

2023-10-16 14:22:20 - [MESSAGE][PASSED] - Verify element property value successfully

2023-10-16 14:22:20 - [TEST_STEP][PASSED] - verifyElementPropertyValue(getResponse, "offers[0].groups[0].pricingPlans[0].pricingPlanData[0].visualElements[0].value", "البطاقة المصرفية"): Verify element property value successfully

2023-10-16 14:22:20 - [MESSAGE][PASSED] - Verify element property value successfully

2023-10-16 14:22:20 - [TEST_STEP][PASSED] - verifyElementPropertyValue(getResponse, "offers[0].groups[0].pricingPlans[0].pricingPlanData[0].visualElements[1].key", "CTA_text"): Verify element property value successfully

2023-10-16 14:22:20 - [MESSAGE][PASSED] - Verify element property value successfully

2023-10-16 14:22:20 - [TEST_STEP][PASSED] - verifyElementPropertyValue(getResponse, "offers[0].groups[0].pricingPlans[0].pricingPlanData[0].visualElements[1].value", "اشترك"): Verify element property value successfully

2023-10-16 14:22:20 - [MESSAGE][PASSED] - Verify element property value successfully

2023-10-16 14:22:20 - [TEST_STEP][PASSED] - verifyElementPropertyValue(getResponse, "offers[0].groups[0].pricingPlans[0].pricingPlanData[0].visualElements[2].key", "logo"): Verify element property value successfully

2023-10-16 14:22:20 - [MESSAGE][PASSED] - Verify element property value successfully

2023-10-16 14:22:20 - [TEST_STEP][PASSED] - verifyElementPropertyValue(getResponse, "offers[0].groups[0].pricingPlans[0].pricingPlanData[0].visualElements[2].value", "https://static.s3.shahid.mbc.net/widget-images/icons/iconCreditCard.png"): Verify element property value successfully

2023-10-16 14:22:20 - [MESSAGE][PASSED] - Verify element property value successfully

2023-10-16 14:22:20 - [TEST_STEP][PASSED] - verifyElementPropertyValue(getResponse, "offers[1].offerId", "winback-40-offer"): Verify element property value successfully

2023-10-16 14:22:21 - [MESSAGE][PASSED] - Verify element property value successfully

2023-10-16 14:22:21 - [TEST_STEP][PASSED] - verifyElementPropertyValue(getResponse, "offers[1].offerParam", "winback40"): Verify element property value successfully

2023-10-16 14:22:21 - [MESSAGE][PASSED] - Verify element property value successfully

2023-10-16 14:22:21 - [TEST_STEP][PASSED] - verifyElementPropertyValue(getResponse, "offers[1].groups[0].pricingPlans[0].featured", "true"): Verify element property value successfully

2023-10-16 14:22:21 - [MESSAGE][PASSED] - Verify element property value successfully

2023-10-16 14:22:21 - [TEST_STEP][PASSED] - verifyElementPropertyValue(getResponse, "offers[1].groups[0].pricingPlans[0].period", "monthly"): Verify element property value successfully

2023-10-16 14:22:21 - [MESSAGE][PASSED] - Verify element property value successfully

2023-10-16 14:22:21 - [TEST_STEP][PASSED] - verifyElementPropertyValue(getResponse, "offers[1].groups[0].pricingPlans[0].featured", "true"): Verify element property value successfully

2023-10-16 14:22:21 - [MESSAGE][PASSED] - Verify element property value successfully

2023-10-16 14:22:21 - [TEST_STEP][PASSED] - verifyElementPropertyValue(getResponse, "offers[1].groups[0].pricingPlans[0].price", "3000.0"): Verify element property value successfully

2023-10-16 14:22:21 - [MESSAGE][PASSED] - Verify element property value successfully

2023-10-16 14:22:21 - [TEST_STEP][PASSED] - verifyElementPropertyValue(getResponse, "offers[1].groups[0].pricingPlans[0].currency", "IQD"): Verify element property value successfully

2023-10-16 14:22:21 - [MESSAGE][PASSED] - Verify element property value successfully

2023-10-16 14:22:21 - [TEST_STEP][PASSED] - verifyElementPropertyValue(getResponse, "offers[1].groups[0].pricingPlans[0].order", "0"): Verify element property value successfully

2023-10-16 14:22:21 - [MESSAGE][PASSED] - Verify element property value successfully

2023-10-16 14:22:21 - [TEST_STEP][PASSED] - verifyElementPropertyValue(getResponse, "offers[1].groups[0].pricingPlans[0].packageId", "SHAHID_VIP"): Verify element property value successfully

2023-10-16 14:22:21 - [MESSAGE][PASSED] - Verify element property value successfully

2023-10-16 14:22:21 - [TEST_STEP][PASSED] - verifyElementPropertyValue(getResponse, "offers[1].groups[0].pricingPlans[0].catalogId", "VIP"): Verify element property value successfully

2023-10-16 14:22:21 - [MESSAGE][PASSED] - Verify element property value successfully

2023-10-16 14:22:21 - [TEST_STEP][PASSED] - verifyElementPropertyValue(getResponse, "offers[1].groups[0].pricingPlans[0].visualElements[0].key", "Header_1_text"): Verify element property value successfully

2023-10-16 14:22:21 - [MESSAGE][PASSED] - Verify element property value successfully

2023-10-16 14:22:21 - [TEST_STEP][PASSED] - verifyElementPropertyValue(getResponse, "offers[1].groups[0].pricingPlans[0].visualElements[0].value", "شاهد أقوى المسلسلات و الأفلام حصرياً دون توقف"): Verify element property value successfully

2023-10-16 14:22:21 - [MESSAGE][PASSED] - Verify element property value successfully

2023-10-16 14:22:21 - [TEST_STEP][PASSED] - verifyElementPropertyValue(getResponse, "offers[1].groups[0].pricingPlans[0].visualElements[1].key", "display_title"): Verify element property value successfully

2023-10-16 14:22:21 - [MESSAGE][PASSED] - Verify element property value successfully

2023-10-16 14:22:21 - [TEST_STEP][PASSED] - verifyElementPropertyValue(getResponse, "offers[1].groups[0].pricingPlans[0].visualElements[1].value", "احصل على خصم 40%"): Verify element property value successfully

2023-10-16 14:22:21 - [MESSAGE][PASSED] - Verify element property value successfully

2023-10-16 14:22:21 - [TEST_STEP][PASSED] - verifyElementPropertyValue(getResponse, "offers[1].groups[0].pricingPlans[0].visualElements[3].key", "deduction_text"): Verify element property value successfully

2023-10-16 14:22:21 - [MESSAGE][PASSED] - Verify element property value successfully

2023-10-16 14:22:21 - [TEST_STEP][PASSED] - verifyElementPropertyValue(getResponse, "offers[1].groups[0].pricingPlans[0].visualElements[3].value", "تدفع شهرياً"): Verify element property value successfully

2023-10-16 14:22:21 - [MESSAGE][PASSED] - Verify element property value successfully

2023-10-16 14:22:21 - [TEST_STEP][PASSED] - verifyElementPropertyValue(getResponse, "offers[1].groups[0].pricingPlans[0].visualElements[6].key", "show_payment_logo"): Verify element property value successfully

2023-10-16 14:22:21 - [MESSAGE][PASSED] - Verify element property value successfully

2023-10-16 14:22:21 - [TEST_STEP][PASSED] - verifyElementPropertyValue(getResponse, "offers[1].groups[0].pricingPlans[0].visualElements[6].value", "true"): Verify element property value successfully

2023-10-16 14:22:21 - [MESSAGE][PASSED] - Verify element property value successfully

2023-10-16 14:22:21 - [TEST_STEP][PASSED] - verifyElementPropertyValue(getResponse, "offers[1].groups[0].pricingPlans[0].visualElements[8].key", "price"): Verify element property value successfully

2023-10-16 14:22:21 - [MESSAGE][PASSED] - Verify element property value successfully

2023-10-16 14:22:21 - [TEST_STEP][PASSED] - verifyElementPropertyValue(getResponse, "offers[1].groups[0].pricingPlans[0].visualElements[8].value", "3000"): Verify element property value successfully

2023-10-16 14:22:21 - [MESSAGE][PASSED] - Verify element property value successfully

2023-10-16 14:22:21 - [TEST_STEP][PASSED] - verifyElementPropertyValue(getResponse, "offers[1].groups[0].pricingPlans[0].visualElements[9].key", "currency"): Verify element property value successfully

2023-10-16 14:22:21 - [MESSAGE][PASSED] - Verify element property value successfully

2023-10-16 14:22:21 - [TEST_STEP][PASSED] - verifyElementPropertyValue(getResponse, "offers[1].groups[0].pricingPlans[0].visualElements[9].value", "IQD"): Verify element property value successfully

2023-10-16 14:22:21 - [MESSAGE][PASSED] - Verify element property value successfully

2023-10-16 14:22:21 - [TEST_STEP][PASSED] - verifyElementPropertyValue(getResponse, "offers[1].groups[0].pricingPlans[0].visualElements[10].key", "duration"): Verify element property value successfully

2023-10-16 14:22:21 - [MESSAGE][PASSED] - Verify element property value successfully

2023-10-16 14:22:21 - [TEST_STEP][PASSED] - verifyElementPropertyValue(getResponse, "offers[1].groups[0].pricingPlans[0].visualElements[10].value", "شهرياً"): Verify element property value successfully

2023-10-16 14:22:21 - [MESSAGE][PASSED] - Verify element property value successfully

2023-10-16 14:22:21 - [TEST_STEP][PASSED] - verifyElementPropertyValue(getResponse, "offers[1].groups[0].pricingPlans[0].visualElements[11].key", "featured_tag_text"): Verify element property value successfully

2023-10-16 14:22:21 - [MESSAGE][PASSED] - Verify element property value successfully

2023-10-16 14:22:21 - [TEST_STEP][PASSED] - verifyElementPropertyValue(getResponse, "offers[1].groups[0].pricingPlans[0].visualElements[11].value", "عرض لمدة محدودة"): Verify element property value successfully

2023-10-16 14:22:21 - [MESSAGE][PASSED] - Verify element property value successfully

2023-10-16 14:22:21 - [TEST_STEP][PASSED] - verifyElementPropertyValue(getResponse, "offers[1].groups[0].pricingPlans[0].visualElements[13].key", "tag_text"): Verify element property value successfully

2023-10-16 14:22:21 - [MESSAGE][PASSED] - Verify element property value successfully

2023-10-16 14:22:21 - [TEST_STEP][PASSED] - verifyElementPropertyValue(getResponse, "offers[1].groups[0].pricingPlans[0].visualElements[13].value", "وفر 40%"): Verify element property value successfully

2023-10-16 14:22:21 - [MESSAGE][PASSED] - Verify element property value successfully

2023-10-16 14:22:21 - [TEST_STEP][PASSED] - verifyElementPropertyValue(getResponse, "offers[1].groups[0].pricingPlans[0].visualElements[12].key", "show_tag"): Verify element property value successfully

2023-10-16 14:22:21 - [MESSAGE][PASSED] - Verify element property value successfully

2023-10-16 14:22:21 - [TEST_STEP][PASSED] - verifyElementPropertyValue(getResponse, "offers[1].groups[0].pricingPlans[0].visualElements[12].value", "true"): Verify element property value successfully

2023-10-16 14:22:21 - [MESSAGE][PASSED] - Verify element property value successfully

2023-10-16 14:22:23 - [TEST_STEP][PASSED] - verifyElementPropertyValue(getResponse, "offers[1].groups[0].pricingPlans[0].pricingPlanData[0].productId", "IRQ_B2C_SHAHID_VIP_1M"): Verify element property value successfully

2023-10-16 14:22:23 - [MESSAGE][PASSED] - Verify element property value successfully

2023-10-16 14:22:23 - [TEST_STEP][PASSED] - verifyElementPropertyValue(getResponse, "offers[1].groups[0].pricingPlans[0].pricingPlanData[0].paymentMethod", "CREDIT_CARD"): Verify element property value successfully

2023-10-16 14:22:23 - [MESSAGE][PASSED] - Verify element property value successfully

2023-10-16 14:22:23 - [TEST_STEP][PASSED] - verifyElementPropertyValue(getResponse, "offers[1].groups[0].pricingPlans[0].pricingPlanData[0].freeTrialEnabled", "false"): Verify element property value successfully

2023-10-16 14:22:23 - [MESSAGE][PASSED] - Verify element property value successfully

2023-10-16 14:22:23 - [TEST_STEP][PASSED] - verifyElementPropertyValue(getResponse, "offers[1].groups[0].pricingPlans[0].pricingPlanData[0].showIn[0]", "VERTICAL_MODE"): Verify element property value successfully

2023-10-16 14:22:23 - [MESSAGE][PASSED] - Verify element property value successfully

2023-10-16 14:22:23 - [TEST_STEP][PASSED] - verifyElementPropertyValue(getResponse, "offers[1].groups[0].pricingPlans[0].pricingPlanData[0].showIn[1]", "HORIZONTAL_MODE"): Verify element property value successfully

2023-10-16 14:22:23 - [MESSAGE][PASSED] - Verify element property value successfully

2023-10-16 14:22:23 - [TEST_STEP][PASSED] - verifyElementPropertyValue(getResponse, "offers[1].groups[0].pricingPlans[0].pricingPlanData[0].priceLabel", "3000"): Verify element property value successfully

2023-10-16 14:22:23 - [MESSAGE][PASSED] - Verify element property value successfully

2023-10-16 14:22:23 - [TEST_STEP][PASSED] - verifyElementPropertyValue(getResponse, "offers[1].groups[0].pricingPlans[0].pricingPlanData[0].currencyLabel", "IQD"): Verify element property value successfully

2023-10-16 14:22:23 - [MESSAGE][PASSED] - Verify element property value successfully

2023-10-16 14:22:23 - [TEST_STEP][PASSED] - verifyElementPropertyValue(getResponse, "offers[1].groups[0].pricingPlans[0].pricingPlanData[0].dealId", "RE_40P_IRQ"): Verify element property value successfully

2023-10-16 14:22:23 - [MESSAGE][PASSED] - Verify element property value successfully

2023-10-16 14:22:23 - [TEST_STEP][PASSED] - verifyElementPropertyValue(getResponse, "offers[1].groups[0].pricingPlans[0].pricingPlanData[0].allowedForAcquisition", "true"): Verify element property value successfully

2023-10-16 14:22:23 - [MESSAGE][PASSED] - Verify element property value successfully

2023-10-16 14:22:23 - [TEST_STEP][PASSED] - verifyElementPropertyValue(getResponse, "offers[1].groups[0].pricingPlans[0].pricingPlanData[0].visualElements[0].key", "title"): Verify element property value successfully

2023-10-16 14:22:23 - [MESSAGE][PASSED] - Verify element property value successfully

2023-10-16 14:22:23 - [TEST_STEP][PASSED] - verifyElementPropertyValue(getResponse, "offers[1].groups[0].pricingPlans[0].pricingPlanData[0].visualElements[0].value", "البطاقة المصرفية"): Verify element property value successfully

2023-10-16 14:22:23 - [MESSAGE][PASSED] - Verify element property value successfully

2023-10-16 14:22:23 - [TEST_STEP][PASSED] - verifyElementPropertyValue(getResponse, "offers[1].groups[0].pricingPlans[0].pricingPlanData[0].visualElements[1].key", "CTA_text"): Verify element property value successfully

2023-10-16 14:22:23 - [MESSAGE][PASSED] - Verify element property value successfully

2023-10-16 14:22:23 - [TEST_STEP][PASSED] - verifyElementPropertyValue(getResponse, "offers[1].groups[0].pricingPlans[0].pricingPlanData[0].visualElements[1].value", "اشترك"): Verify element property value successfully

2023-10-16 14:22:23 - [MESSAGE][PASSED] - Verify element property value successfully

2023-10-16 14:22:23 - [TEST_STEP][PASSED] - verifyElementPropertyValue(getResponse, "offers[1].groups[0].pricingPlans[0].pricingPlanData[0].visualElements[2].key", "logo"): Verify element property value successfully

2023-10-16 14:22:23 - [MESSAGE][PASSED] - Verify element property value successfully

2023-10-16 14:22:23 - [TEST_STEP][PASSED] - verifyElementPropertyValue(getResponse, "offers[1].groups[0].pricingPlans[0].pricingPlanData[0].visualElements[2].value", "https://static.s3.shahid.mbc.net/widget-images/icons/iconCreditCard.png"): Verify element property value successfully

2023-10-16 14:22:23 - [MESSAGE][PASSED] - Verify element property value successfully

2023-10-16 14:22:23 - [TEST_STEP][PASSED] - verifyElementPropertyValue(getResponse, "offers[2].offerId", "winback-50-offer"): Verify element property value successfully

2023-10-16 14:22:23 - [MESSAGE][PASSED] - Verify element property value successfully

2023-10-16 14:22:23 - [TEST_STEP][PASSED] - verifyElementPropertyValue(getResponse, "offers[2].offerParam", "winback50"): Verify element property value successfully

2023-10-16 14:22:23 - [MESSAGE][PASSED] - Verify element property value successfully

2023-10-16 14:22:23 - [TEST_STEP][PASSED] - verifyElementPropertyValue(getResponse, "offers[2].groups[0].pricingPlans[0].featured", "true"): Verify element property value successfully

2023-10-16 14:22:23 - [MESSAGE][PASSED] - Verify element property value successfully

2023-10-16 14:22:23 - [TEST_STEP][PASSED] - verifyElementPropertyValue(getResponse, "offers[2].groups[0].pricingPlans[0].period", "monthly"): Verify element property value successfully

2023-10-16 14:22:23 - [MESSAGE][PASSED] - Verify element property value successfully

2023-10-16 14:22:23 - [TEST_STEP][PASSED] - verifyElementPropertyValue(getResponse, "offers[2].groups[0].pricingPlans[0].featured", "true"): Verify element property value successfully

2023-10-16 14:22:23 - [MESSAGE][PASSED] - Verify element property value successfully

2023-10-16 14:22:23 - [TEST_STEP][PASSED] - verifyElementPropertyValue(getResponse, "offers[2].groups[0].pricingPlans[0].price", "2500.0"): Verify element property value successfully

2023-10-16 14:22:23 - [MESSAGE][PASSED] - Verify element property value successfully

2023-10-16 14:22:23 - [TEST_STEP][PASSED] - verifyElementPropertyValue(getResponse, "offers[2].groups[0].pricingPlans[0].currency", "IQD"): Verify element property value successfully

2023-10-16 14:22:23 - [MESSAGE][PASSED] - Verify element property value successfully

2023-10-16 14:22:23 - [TEST_STEP][PASSED] - verifyElementPropertyValue(getResponse, "offers[2].groups[0].pricingPlans[0].order", "0"): Verify element property value successfully

2023-10-16 14:22:23 - [MESSAGE][PASSED] - Verify element property value successfully

2023-10-16 14:22:23 - [TEST_STEP][PASSED] - verifyElementPropertyValue(getResponse, "offers[2].groups[0].pricingPlans[0].packageId", "SHAHID_VIP"): Verify element property value successfully

2023-10-16 14:22:23 - [MESSAGE][PASSED] - Verify element property value successfully

2023-10-16 14:22:23 - [TEST_STEP][PASSED] - verifyElementPropertyValue(getResponse, "offers[2].groups[0].pricingPlans[0].catalogId", "VIP"): Verify element property value successfully

2023-10-16 14:22:23 - [MESSAGE][PASSED] - Verify element property value successfully

2023-10-16 14:22:23 - [TEST_STEP][PASSED] - verifyElementPropertyValue(getResponse, "offers[2].groups[0].pricingPlans[0].visualElements[0].key", "Header_1_text"): Verify element property value successfully

2023-10-16 14:22:23 - [MESSAGE][PASSED] - Verify element property value successfully

2023-10-16 14:22:23 - [TEST_STEP][PASSED] - verifyElementPropertyValue(getResponse, "offers[2].groups[0].pricingPlans[0].visualElements[0].value", "شاهد أقوى المسلسلات و الأفلام حصرياً دون توقف"): Verify element property value successfully

2023-10-16 14:22:23 - [MESSAGE][PASSED] - Verify element property value successfully

2023-10-16 14:22:23 - [TEST_STEP][PASSED] - verifyElementPropertyValue(getResponse, "offers[2].groups[0].pricingPlans[0].visualElements[1].key", "display_title"): Verify element property value successfully

2023-10-16 14:22:23 - [MESSAGE][PASSED] - Verify element property value successfully

2023-10-16 14:22:23 - [TEST_STEP][PASSED] - verifyElementPropertyValue(getResponse, "offers[2].groups[0].pricingPlans[0].visualElements[1].value", "احصل على خصم 50%"): Verify element property value successfully

2023-10-16 14:22:23 - [MESSAGE][PASSED] - Verify element property value successfully

2023-10-16 14:22:23 - [TEST_STEP][PASSED] - verifyElementPropertyValue(getResponse, "offers[2].groups[0].pricingPlans[0].visualElements[3].key", "deduction_text"): Verify element property value successfully

2023-10-16 14:22:23 - [MESSAGE][PASSED] - Verify element property value successfully

2023-10-16 14:22:23 - [TEST_STEP][PASSED] - verifyElementPropertyValue(getResponse, "offers[2].groups[0].pricingPlans[0].visualElements[3].value", "تدفع شهرياً"): Verify element property value successfully

2023-10-16 14:22:23 - [MESSAGE][PASSED] - Verify element property value successfully

2023-10-16 14:22:23 - [TEST_STEP][PASSED] - verifyElementPropertyValue(getResponse, "offers[2].groups[0].pricingPlans[0].visualElements[6].key", "show_payment_logo"): Verify element property value successfully

2023-10-16 14:22:23 - [MESSAGE][PASSED] - Verify element property value successfully

2023-10-16 14:22:23 - [TEST_STEP][PASSED] - verifyElementPropertyValue(getResponse, "offers[2].groups[0].pricingPlans[0].visualElements[6].value", "true"): Verify element property value successfully

2023-10-16 14:22:23 - [MESSAGE][PASSED] - Verify element property value successfully

2023-10-16 14:22:23 - [TEST_STEP][PASSED] - verifyElementPropertyValue(getResponse, "offers[2].groups[0].pricingPlans[0].visualElements[8].key", "price"): Verify element property value successfully

2023-10-16 14:22:23 - [MESSAGE][PASSED] - Verify element property value successfully

2023-10-16 14:22:23 - [TEST_STEP][PASSED] - verifyElementPropertyValue(getResponse, "offers[2].groups[0].pricingPlans[0].visualElements[8].value", "2500"): Verify element property value successfully

2023-10-16 14:22:23 - [MESSAGE][PASSED] - Verify element property value successfully

2023-10-16 14:22:23 - [TEST_STEP][PASSED] - verifyElementPropertyValue(getResponse, "offers[2].groups[0].pricingPlans[0].visualElements[9].key", "currency"): Verify element property value successfully

2023-10-16 14:22:23 - [MESSAGE][PASSED] - Verify element property value successfully

2023-10-16 14:22:23 - [TEST_STEP][PASSED] - verifyElementPropertyValue(getResponse, "offers[2].groups[0].pricingPlans[0].visualElements[9].value", "IQD"): Verify element property value successfully

2023-10-16 14:22:23 - [MESSAGE][PASSED] - Verify element property value successfully

2023-10-16 14:22:23 - [TEST_STEP][PASSED] - verifyElementPropertyValue(getResponse, "offers[2].groups[0].pricingPlans[0].visualElements[10].key", "duration"): Verify element property value successfully

2023-10-16 14:22:23 - [MESSAGE][PASSED] - Verify element property value successfully

2023-10-16 14:22:23 - [TEST_STEP][PASSED] - verifyElementPropertyValue(getResponse, "offers[2].groups[0].pricingPlans[0].visualElements[10].value", "شهرياً"): Verify element property value successfully

2023-10-16 14:22:23 - [MESSAGE][PASSED] - Verify element property value successfully

2023-10-16 14:22:23 - [TEST_STEP][PASSED] - verifyElementPropertyValue(getResponse, "offers[2].groups[0].pricingPlans[0].visualElements[11].key", "featured_tag_text"): Verify element property value successfully

2023-10-16 14:22:23 - [MESSAGE][PASSED] - Verify element property value successfully

2023-10-16 14:22:23 - [TEST_STEP][PASSED] - verifyElementPropertyValue(getResponse, "offers[2].groups[0].pricingPlans[0].visualElements[11].value", "عرض لمدة محدودة"): Verify element property value successfully

2023-10-16 14:22:23 - [MESSAGE][PASSED] - Verify element property value successfully

2023-10-16 14:22:23 - [TEST_STEP][PASSED] - verifyElementPropertyValue(getResponse, "offers[2].groups[0].pricingPlans[0].visualElements[13].key", "tag_text"): Verify element property value successfully

2023-10-16 14:22:23 - [MESSAGE][PASSED] - Verify element property value successfully

2023-10-16 14:22:23 - [TEST_STEP][PASSED] - verifyElementPropertyValue(getResponse, "offers[2].groups[0].pricingPlans[0].visualElements[13].value", "وفر 50%"): Verify element property value successfully

2023-10-16 14:22:23 - [MESSAGE][PASSED] - Verify element property value successfully

2023-10-16 14:22:23 - [TEST_STEP][PASSED] - verifyElementPropertyValue(getResponse, "offers[2].groups[0].pricingPlans[0].visualElements[12].key", "show_tag"): Verify element property value successfully

2023-10-16 14:22:23 - [MESSAGE][PASSED] - Verify element property value successfully

2023-10-16 14:22:23 - [TEST_STEP][PASSED] - verifyElementPropertyValue(getResponse, "offers[2].groups[0].pricingPlans[0].visualElements[12].value", "true"): Verify element property value successfully

2023-10-16 14:22:23 - [MESSAGE][PASSED] - Verify element property value successfully

2023-10-16 14:22:23 - [TEST_STEP][PASSED] - verifyElementPropertyValue(getResponse, "offers[2].groups[0].pricingPlans[0].pricingPlanData[0].productId", "IRQ_B2C_SHAHID_VIP_1M"): Verify element property value successfully

2023-10-16 14:22:23 - [MESSAGE][PASSED] - Verify element property value successfully

2023-10-16 14:22:23 - [TEST_STEP][PASSED] - verifyElementPropertyValue(getResponse, "offers[2].groups[0].pricingPlans[0].pricingPlanData[0].paymentMethod", "CREDIT_CARD"): Verify element property value successfully

2023-10-16 14:22:23 - [MESSAGE][PASSED] - Verify element property value successfully

2023-10-16 14:22:23 - [TEST_STEP][PASSED] - verifyElementPropertyValue(getResponse, "offers[2].groups[0].pricingPlans[0].pricingPlanData[0].freeTrialEnabled", "false"): Verify element property value successfully

2023-10-16 14:22:23 - [MESSAGE][PASSED] - Verify element property value successfully

2023-10-16 14:22:23 - [TEST_STEP][PASSED] - verifyElementPropertyValue(getResponse, "offers[2].groups[0].pricingPlans[0].pricingPlanData[0].showIn[0]", "VERTICAL_MODE"): Verify element property value successfully

2023-10-16 14:22:23 - [MESSAGE][PASSED] - Verify element property value successfully

2023-10-16 14:22:23 - [TEST_STEP][PASSED] - verifyElementPropertyValue(getResponse, "offers[2].groups[0].pricingPlans[0].pricingPlanData[0].showIn[1]", "HORIZONTAL_MODE"): Verify element property value successfully

2023-10-16 14:22:23 - [MESSAGE][PASSED] - Verify element property value successfully

2023-10-16 14:22:23 - [TEST_STEP][PASSED] - verifyElementPropertyValue(getResponse, "offers[2].groups[0].pricingPlans[0].pricingPlanData[0].priceLabel", "2500"): Verify element property value successfully

2023-10-16 14:22:23 - [MESSAGE][PASSED] - Verify element property value successfully

2023-10-16 14:22:23 - [TEST_STEP][PASSED] - verifyElementPropertyValue(getResponse, "offers[2].groups[0].pricingPlans[0].pricingPlanData[0].currencyLabel", "IQD"): Verify element property value successfully

2023-10-16 14:22:23 - [MESSAGE][PASSED] - Verify element property value successfully

2023-10-16 14:22:23 - [TEST_STEP][PASSED] - verifyElementPropertyValue(getResponse, "offers[2].groups[0].pricingPlans[0].pricingPlanData[0].dealId", "RE_50P_IRQ"): Verify element property value successfully

2023-10-16 14:22:23 - [MESSAGE][PASSED] - Verify element property value successfully

2023-10-16 14:22:23 - [TEST_STEP][PASSED] - verifyElementPropertyValue(getResponse, "offers[2].groups[0].pricingPlans[0].pricingPlanData[0].allowedForAcquisition", "true"): Verify element property value successfully

2023-10-16 14:22:23 - [MESSAGE][PASSED] - Verify element property value successfully

2023-10-16 14:22:23 - [TEST_STEP][PASSED] - verifyElementPropertyValue(getResponse, "offers[2].groups[0].pricingPlans[0].pricingPlanData[0].visualElements[0].key", "title"): Verify element property value successfully

2023-10-16 14:22:23 - [MESSAGE][PASSED] - Verify element property value successfully

2023-10-16 14:22:23 - [TEST_STEP][PASSED] - verifyElementPropertyValue(getResponse, "offers[2].groups[0].pricingPlans[0].pricingPlanData[0].visualElements[0].value", "البطاقة المصرفية"): Verify element property value successfully

2023-10-16 14:22:23 - [MESSAGE][PASSED] - Verify element property value successfully

2023-10-16 14:22:23 - [TEST_STEP][PASSED] - verifyElementPropertyValue(getResponse, "offers[2].groups[0].pricingPlans[0].pricingPlanData[0].visualElements[1].key", "CTA_text"): Verify element property value successfully

2023-10-16 14:22:23 - [MESSAGE][PASSED] - Verify element property value successfully

2023-10-16 14:22:23 - [TEST_STEP][PASSED] - verifyElementPropertyValue(getResponse, "offers[2].groups[0].pricingPlans[0].pricingPlanData[0].visualElements[1].value", "اشترك"): Verify element property value successfully

2023-10-16 14:22:23 - [MESSAGE][PASSED] - Verify element property value successfully

2023-10-16 14:22:23 - [TEST_STEP][PASSED] - verifyElementPropertyValue(getResponse, "offers[2].groups[0].pricingPlans[0].pricingPlanData[0].visualElements[2].key", "logo"): Verify element property value successfully

2023-10-16 14:22:23 - [MESSAGE][PASSED] - Verify element property value successfully

2023-10-16 14:22:23 - [TEST_STEP][PASSED] - verifyElementPropertyValue(getResponse, "offers[2].groups[0].pricingPlans[0].pricingPlanData[0].visualElements[2].value", "https://static.s3.shahid.mbc.net/widget-images/icons/iconCreditCard.png"): Verify element property value successfully

2023-10-16 14:22:23 - [MESSAGE][PASSED] - Verify element property value successfully

2023-10-16 14:22:23 - [TEST_STEP][PASSED] - verifyElementPropertyValue(getResponse, "offers[8].offerId", "byg-30-offer"): Verify element property value successfully

2023-10-16 14:22:23 - [MESSAGE][PASSED] - Verify element property value successfully

2023-10-16 14:22:23 - [TEST_STEP][PASSED] - verifyElementPropertyValue(getResponse, "offers[8].offerParam", "bygoffer30"): Verify element property value successfully

2023-10-16 14:22:23 - [MESSAGE][PASSED] - Verify element property value successfully

2023-10-16 14:22:23 - [TEST_STEP][PASSED] - verifyElementPropertyValue(getResponse, "offers[8].groups[0].pricingPlans[0].featured", "true"): Verify element property value successfully

2023-10-16 14:22:24 - [MESSAGE][PASSED] - Verify element property value successfully

2023-10-16 14:22:24 - [TEST_STEP][PASSED] - verifyElementPropertyValue(getResponse, "offers[8].groups[0].pricingPlans[0].period", "monthly"): Verify element property value successfully

2023-10-16 14:22:24 - [MESSAGE][PASSED] - Verify element property value successfully

2023-10-16 14:22:24 - [TEST_STEP][PASSED] - verifyElementPropertyValue(getResponse, "offers[8].groups[0].pricingPlans[0].featured", "true"): Verify element property value successfully

2023-10-16 14:22:24 - [MESSAGE][PASSED] - Verify element property value successfully

2023-10-16 14:22:24 - [TEST_STEP][PASSED] - verifyElementPropertyValue(getResponse, "offers[8].groups[0].pricingPlans[0].price", "3500.0"): Verify element property value successfully

2023-10-16 14:22:24 - [MESSAGE][PASSED] - Verify element property value successfully

2023-10-16 14:22:24 - [TEST_STEP][PASSED] - verifyElementPropertyValue(getResponse, "offers[8].groups[0].pricingPlans[0].currency", "IQD"): Verify element property value successfully

2023-10-16 14:22:24 - [MESSAGE][PASSED] - Verify element property value successfully

2023-10-16 14:22:24 - [TEST_STEP][PASSED] - verifyElementPropertyValue(getResponse, "offers[8].groups[0].pricingPlans[0].order", "0"): Verify element property value successfully

2023-10-16 14:22:24 - [MESSAGE][PASSED] - Verify element property value successfully

2023-10-16 14:22:24 - [TEST_STEP][PASSED] - verifyElementPropertyValue(getResponse, "offers[8].groups[0].pricingPlans[0].packageId", "SHAHID_VIP"): Verify element property value successfully

2023-10-16 14:22:24 - [MESSAGE][PASSED] - Verify element property value successfully

2023-10-16 14:22:24 - [TEST_STEP][PASSED] - verifyElementPropertyValue(getResponse, "offers[8].groups[0].pricingPlans[0].catalogId", "VIP"): Verify element property value successfully

2023-10-16 14:22:24 - [MESSAGE][PASSED] - Verify element property value successfully

2023-10-16 14:22:24 - [TEST_STEP][PASSED] - verifyElementPropertyValue(getResponse, "offers[8].groups[0].pricingPlans[0].visualElements[0].key", "Header_1_text"): Verify element property value successfully

2023-10-16 14:22:24 - [MESSAGE][PASSED] - Verify element property value successfully

2023-10-16 14:22:24 - [TEST_STEP][PASSED] - verifyElementPropertyValue(getResponse, "offers[8].groups[0].pricingPlans[0].visualElements[0].value", "شاهد أقوى المسلسلات و الأفلام حصرياً دون توقف"): Verify element property value successfully

2023-10-16 14:22:24 - [MESSAGE][PASSED] - Verify element property value successfully

2023-10-16 14:22:24 - [TEST_STEP][PASSED] - verifyElementPropertyValue(getResponse, "offers[8].groups[0].pricingPlans[0].visualElements[1].key", "display_title"): Verify element property value successfully

2023-10-16 14:22:24 - [MESSAGE][PASSED] - Verify element property value successfully

2023-10-16 14:22:24 - [TEST_STEP][PASSED] - verifyElementPropertyValue(getResponse, "offers[8].groups[0].pricingPlans[0].visualElements[1].value", "احصل على خصم 30%"): Verify element property value successfully

2023-10-16 14:22:24 - [MESSAGE][PASSED] - Verify element property value successfully

2023-10-16 14:22:24 - [TEST_STEP][PASSED] - verifyElementPropertyValue(getResponse, "offers[8].groups[0].pricingPlans[0].visualElements[3].key", "deduction_text"): Verify element property value successfully

2023-10-16 14:22:24 - [MESSAGE][PASSED] - Verify element property value successfully

2023-10-16 14:22:24 - [TEST_STEP][PASSED] - verifyElementPropertyValue(getResponse, "offers[8].groups[0].pricingPlans[0].visualElements[3].value", "تدفع شهرياً"): Verify element property value successfully

2023-10-16 14:22:24 - [MESSAGE][PASSED] - Verify element property value successfully

2023-10-16 14:22:24 - [TEST_STEP][PASSED] - verifyElementPropertyValue(getResponse, "offers[8].groups[0].pricingPlans[0].visualElements[6].key", "show_payment_logo"): Verify element property value successfully

2023-10-16 14:22:24 - [MESSAGE][PASSED] - Verify element property value successfully

2023-10-16 14:22:24 - [TEST_STEP][PASSED] - verifyElementPropertyValue(getResponse, "offers[8].groups[0].pricingPlans[0].visualElements[6].value", "true"): Verify element property value successfully

2023-10-16 14:22:24 - [MESSAGE][PASSED] - Verify element property value successfully

2023-10-16 14:22:24 - [TEST_STEP][PASSED] - verifyElementPropertyValue(getResponse, "offers[8].groups[0].pricingPlans[0].visualElements[8].key", "price"): Verify element property value successfully

2023-10-16 14:22:24 - [MESSAGE][PASSED] - Verify element property value successfully

2023-10-16 14:22:24 - [TEST_STEP][PASSED] - verifyElementPropertyValue(getResponse, "offers[8].groups[0].pricingPlans[0].visualElements[8].value", "3500"): Verify element property value successfully

2023-10-16 14:22:24 - [MESSAGE][PASSED] - Verify element property value successfully

2023-10-16 14:22:24 - [TEST_STEP][PASSED] - verifyElementPropertyValue(getResponse, "offers[8].groups[0].pricingPlans[0].visualElements[9].key", "currency"): Verify element property value successfully

2023-10-16 14:22:24 - [MESSAGE][PASSED] - Verify element property value successfully

2023-10-16 14:22:24 - [TEST_STEP][PASSED] - verifyElementPropertyValue(getResponse, "offers[8].groups[0].pricingPlans[0].visualElements[9].value", "IQD"): Verify element property value successfully

2023-10-16 14:22:24 - [MESSAGE][PASSED] - Verify element property value successfully

2023-10-16 14:22:24 - [TEST_STEP][PASSED] - verifyElementPropertyValue(getResponse, "offers[8].groups[0].pricingPlans[0].visualElements[10].key", "duration"): Verify element property value successfully

2023-10-16 14:22:24 - [MESSAGE][PASSED] - Verify element property value successfully

2023-10-16 14:22:24 - [TEST_STEP][PASSED] - verifyElementPropertyValue(getResponse, "offers[8].groups[0].pricingPlans[0].visualElements[10].value", "شهرياً"): Verify element property value successfully

2023-10-16 14:22:24 - [MESSAGE][PASSED] - Verify element property value successfully

2023-10-16 14:22:24 - [TEST_STEP][PASSED] - verifyElementPropertyValue(getResponse, "offers[8].groups[0].pricingPlans[0].visualElements[11].key", "featured_tag_text"): Verify element property value successfully

2023-10-16 14:22:24 - [MESSAGE][PASSED] - Verify element property value successfully

2023-10-16 14:22:24 - [TEST_STEP][PASSED] - verifyElementPropertyValue(getResponse, "offers[8].groups[0].pricingPlans[0].visualElements[11].value", "عرض لمدة محدودة"): Verify element property value successfully

2023-10-16 14:22:24 - [MESSAGE][PASSED] - Verify element property value successfully

2023-10-16 14:22:24 - [TEST_STEP][PASSED] - verifyElementPropertyValue(getResponse, "offers[8].groups[0].pricingPlans[0].visualElements[13].key", "tag_text"): Verify element property value successfully

2023-10-16 14:22:24 - [MESSAGE][PASSED] - Verify element property value successfully

2023-10-16 14:22:24 - [TEST_STEP][PASSED] - verifyElementPropertyValue(getResponse, "offers[8].groups[0].pricingPlans[0].visualElements[13].value", "وفر 30%"): Verify element property value successfully

2023-10-16 14:22:24 - [MESSAGE][PASSED] - Verify element property value successfully

2023-10-16 14:22:24 - [TEST_STEP][PASSED] - verifyElementPropertyValue(getResponse, "offers[8].groups[0].pricingPlans[0].visualElements[12].key", "show_tag"): Verify element property value successfully

2023-10-16 14:22:24 - [MESSAGE][PASSED] - Verify element property value successfully

2023-10-16 14:22:24 - [TEST_STEP][PASSED] - verifyElementPropertyValue(getResponse, "offers[8].groups[0].pricingPlans[0].visualElements[12].value", "true"): Verify element property value successfully

2023-10-16 14:22:24 - [MESSAGE][PASSED] - Verify element property value successfully

2023-10-16 14:22:24 - [TEST_STEP][PASSED] - verifyElementPropertyValue(getResponse, "offers[8].groups[0].pricingPlans[0].pricingPlanData[0].productId", "IRQ_B2C_SHAHID_VIP_1M"): Verify element property value successfully

2023-10-16 14:22:24 - [MESSAGE][PASSED] - Verify element property value successfully

2023-10-16 14:22:24 - [TEST_STEP][PASSED] - verifyElementPropertyValue(getResponse, "offers[8].groups[0].pricingPlans[0].pricingPlanData[0].paymentMethod", "CREDIT_CARD"): Verify element property value successfully

2023-10-16 14:22:24 - [MESSAGE][PASSED] - Verify element property value successfully

2023-10-16 14:22:24 - [TEST_STEP][PASSED] - verifyElementPropertyValue(getResponse, "offers[8].groups[0].pricingPlans[0].pricingPlanData[0].freeTrialEnabled", "false"): Verify element property value successfully

2023-10-16 14:22:24 - [MESSAGE][PASSED] - Verify element property value successfully

2023-10-16 14:22:24 - [TEST_STEP][PASSED] - verifyElementPropertyValue(getResponse, "offers[8].groups[0].pricingPlans[0].pricingPlanData[0].showIn[0]", "VERTICAL_MODE"): Verify element property value successfully

2023-10-16 14:22:24 - [MESSAGE][PASSED] - Verify element property value successfully

2023-10-16 14:22:24 - [TEST_STEP][PASSED] - verifyElementPropertyValue(getResponse, "offers[8].groups[0].pricingPlans[0].pricingPlanData[0].showIn[1]", "HORIZONTAL_MODE"): Verify element property value successfully

2023-10-16 14:22:24 - [MESSAGE][PASSED] - Verify element property value successfully

2023-10-16 14:22:24 - [TEST_STEP][PASSED] - verifyElementPropertyValue(getResponse, "offers[8].groups[0].pricingPlans[0].pricingPlanData[0].priceLabel", "3500"): Verify element property value successfully

2023-10-16 14:22:24 - [MESSAGE][PASSED] - Verify element property value successfully

2023-10-16 14:22:24 - [TEST_STEP][PASSED] - verifyElementPropertyValue(getResponse, "offers[8].groups[0].pricingPlans[0].pricingPlanData[0].currencyLabel", "IQD"): Verify element property value successfully

2023-10-16 14:22:24 - [MESSAGE][PASSED] - Verify element property value successfully

2023-10-16 14:22:24 - [TEST_STEP][PASSED] - verifyElementPropertyValue(getResponse, "offers[8].groups[0].pricingPlans[0].pricingPlanData[0].dealId", "BYG_30P_IRQ"): Verify element property value successfully

2023-10-16 14:22:24 - [MESSAGE][PASSED] - Verify element property value successfully

2023-10-16 14:22:24 - [TEST_STEP][PASSED] - verifyElementPropertyValue(getResponse, "offers[8].groups[0].pricingPlans[0].pricingPlanData[0].allowedForAcquisition", "true"): Verify element property value successfully

2023-10-16 14:22:24 - [MESSAGE][PASSED] - Verify element property value successfully

2023-10-16 14:22:24 - [TEST_STEP][PASSED] - verifyElementPropertyValue(getResponse, "offers[8].groups[0].pricingPlans[0].pricingPlanData[0].visualElements[0].key", "title"): Verify element property value successfully

2023-10-16 14:22:24 - [MESSAGE][PASSED] - Verify element property value successfully

2023-10-16 14:22:24 - [TEST_STEP][PASSED] - verifyElementPropertyValue(getResponse, "offers[8].groups[0].pricingPlans[0].pricingPlanData[0].visualElements[0].value", "البطاقة المصرفية"): Verify element property value successfully

2023-10-16 14:22:24 - [MESSAGE][PASSED] - Verify element property value successfully

2023-10-16 14:22:24 - [TEST_STEP][PASSED] - verifyElementPropertyValue(getResponse, "offers[8].groups[0].pricingPlans[0].pricingPlanData[0].visualElements[1].key", "CTA_text"): Verify element property value successfully

2023-10-16 14:22:24 - [MESSAGE][PASSED] - Verify element property value successfully

2023-10-16 14:22:24 - [TEST_STEP][PASSED] - verifyElementPropertyValue(getResponse, "offers[8].groups[0].pricingPlans[0].pricingPlanData[0].visualElements[1].value", "اشترك"): Verify element property value successfully

2023-10-16 14:22:24 - [MESSAGE][PASSED] - Verify element property value successfully

2023-10-16 14:22:24 - [TEST_STEP][PASSED] - verifyElementPropertyValue(getResponse, "offers[8].groups[0].pricingPlans[0].pricingPlanData[0].visualElements[2].key", "logo"): Verify element property value successfully

2023-10-16 14:22:24 - [MESSAGE][PASSED] - Verify element property value successfully

2023-10-16 14:22:24 - [TEST_STEP][PASSED] - verifyElementPropertyValue(getResponse, "offers[8].groups[0].pricingPlans[0].pricingPlanData[0].visualElements[2].value", "https://static.s3.shahid.mbc.net/widget-images/icons/iconCreditCard.png"): Verify element property value successfully

2023-10-16 14:22:24 - [MESSAGE][PASSED] - Verify element property value successfully

2023-10-16 14:22:24 - [TEST_STEP][PASSED] - verifyElementPropertyValue(getResponse, "offers[9].offerId", "byg-40-offer"): Verify element property value successfully

2023-10-16 14:22:24 - [MESSAGE][PASSED] - Verify element property value successfully

2023-10-16 14:22:24 - [TEST_STEP][PASSED] - verifyElementPropertyValue(getResponse, "offers[9].offerParam", "bygoffer40"): Verify element property value successfully

2023-10-16 14:22:24 - [MESSAGE][PASSED] - Verify element property value successfully

2023-10-16 14:22:24 - [TEST_STEP][PASSED] - verifyElementPropertyValue(getResponse, "offers[9].groups[0].pricingPlans[0].featured", "true"): Verify element property value successfully

2023-10-16 14:22:24 - [MESSAGE][PASSED] - Verify element property value successfully

2023-10-16 14:22:24 - [TEST_STEP][PASSED] - verifyElementPropertyValue(getResponse, "offers[9].groups[0].pricingPlans[0].period", "monthly"): Verify element property value successfully

2023-10-16 14:22:24 - [MESSAGE][PASSED] - Verify element property value successfully

2023-10-16 14:22:24 - [TEST_STEP][PASSED] - verifyElementPropertyValue(getResponse, "offers[9].groups[0].pricingPlans[0].featured", "true"): Verify element property value successfully

2023-10-16 14:22:24 - [MESSAGE][PASSED] - Verify element property value successfully

2023-10-16 14:22:24 - [TEST_STEP][PASSED] - verifyElementPropertyValue(getResponse, "offers[9].groups[0].pricingPlans[0].price", "3000.0"): Verify element property value successfully

2023-10-16 14:22:24 - [MESSAGE][PASSED] - Verify element property value successfully

2023-10-16 14:22:24 - [TEST_STEP][PASSED] - verifyElementPropertyValue(getResponse, "offers[9].groups[0].pricingPlans[0].currency", "IQD"): Verify element property value successfully

2023-10-16 14:22:24 - [MESSAGE][PASSED] - Verify element property value successfully

2023-10-16 14:22:24 - [TEST_STEP][PASSED] - verifyElementPropertyValue(getResponse, "offers[9].groups[0].pricingPlans[0].order", "0"): Verify element property value successfully

2023-10-16 14:22:24 - [MESSAGE][PASSED] - Verify element property value successfully

2023-10-16 14:22:24 - [TEST_STEP][PASSED] - verifyElementPropertyValue(getResponse, "offers[9].groups[0].pricingPlans[0].packageId", "SHAHID_VIP"): Verify element property value successfully

2023-10-16 14:22:24 - [MESSAGE][PASSED] - Verify element property value successfully

2023-10-16 14:22:24 - [TEST_STEP][PASSED] - verifyElementPropertyValue(getResponse, "offers[9].groups[0].pricingPlans[0].catalogId", "VIP"): Verify element property value successfully

2023-10-16 14:22:24 - [MESSAGE][PASSED] - Verify element property value successfully

2023-10-16 14:22:24 - [TEST_STEP][PASSED] - verifyElementPropertyValue(getResponse, "offers[9].groups[0].pricingPlans[0].visualElements[0].key", "Header_1_text"): Verify element property value successfully

2023-10-16 14:22:24 - [MESSAGE][PASSED] - Verify element property value successfully

2023-10-16 14:22:24 - [TEST_STEP][PASSED] - verifyElementPropertyValue(getResponse, "offers[9].groups[0].pricingPlans[0].visualElements[0].value", "شاهد أقوى المسلسلات و الأفلام حصرياً دون توقف"): Verify element property value successfully

2023-10-16 14:22:24 - [MESSAGE][PASSED] - Verify element property value successfully

2023-10-16 14:22:24 - [TEST_STEP][PASSED] - verifyElementPropertyValue(getResponse, "offers[9].groups[0].pricingPlans[0].visualElements[1].key", "display_title"): Verify element property value successfully

2023-10-16 14:22:24 - [MESSAGE][PASSED] - Verify element property value successfully

2023-10-16 14:22:24 - [TEST_STEP][PASSED] - verifyElementPropertyValue(getResponse, "offers[9].groups[0].pricingPlans[0].visualElements[1].value", "احصل على خصم 40%"): Verify element property value successfully

2023-10-16 14:22:24 - [MESSAGE][PASSED] - Verify element property value successfully

2023-10-16 14:22:24 - [TEST_STEP][PASSED] - verifyElementPropertyValue(getResponse, "offers[9].groups[0].pricingPlans[0].visualElements[3].key", "deduction_text"): Verify element property value successfully

2023-10-16 14:22:24 - [MESSAGE][PASSED] - Verify element property value successfully

2023-10-16 14:22:24 - [TEST_STEP][PASSED] - verifyElementPropertyValue(getResponse, "offers[9].groups[0].pricingPlans[0].visualElements[3].value", "تدفع شهرياً"): Verify element property value successfully

2023-10-16 14:22:24 - [MESSAGE][PASSED] - Verify element property value successfully

2023-10-16 14:22:24 - [TEST_STEP][PASSED] - verifyElementPropertyValue(getResponse, "offers[9].groups[0].pricingPlans[0].visualElements[6].key", "show_payment_logo"): Verify element property value successfully

2023-10-16 14:22:24 - [MESSAGE][PASSED] - Verify element property value successfully

2023-10-16 14:22:24 - [TEST_STEP][PASSED] - verifyElementPropertyValue(getResponse, "offers[9].groups[0].pricingPlans[0].visualElements[6].value", "true"): Verify element property value successfully

2023-10-16 14:22:24 - [MESSAGE][PASSED] - Verify element property value successfully

2023-10-16 14:22:24 - [TEST_STEP][PASSED] - verifyElementPropertyValue(getResponse, "offers[9].groups[0].pricingPlans[0].visualElements[8].key", "price"): Verify element property value successfully

2023-10-16 14:22:24 - [MESSAGE][PASSED] - Verify element property value successfully

2023-10-16 14:22:24 - [TEST_STEP][PASSED] - verifyElementPropertyValue(getResponse, "offers[9].groups[0].pricingPlans[0].visualElements[8].value", "3000"): Verify element property value successfully

2023-10-16 14:22:24 - [MESSAGE][PASSED] - Verify element property value successfully

2023-10-16 14:22:24 - [TEST_STEP][PASSED] - verifyElementPropertyValue(getResponse, "offers[9].groups[0].pricingPlans[0].visualElements[9].key", "currency"): Verify element property value successfully

2023-10-16 14:22:24 - [MESSAGE][PASSED] - Verify element property value successfully

2023-10-16 14:22:24 - [TEST_STEP][PASSED] - verifyElementPropertyValue(getResponse, "offers[9].groups[0].pricingPlans[0].visualElements[9].value", "IQD"): Verify element property value successfully

2023-10-16 14:22:24 - [MESSAGE][PASSED] - Verify element property value successfully

2023-10-16 14:22:24 - [TEST_STEP][PASSED] - verifyElementPropertyValue(getResponse, "offers[9].groups[0].pricingPlans[0].visualElements[10].key", "duration"): Verify element property value successfully

2023-10-16 14:22:24 - [MESSAGE][PASSED] - Verify element property value successfully

2023-10-16 14:22:24 - [TEST_STEP][PASSED] - verifyElementPropertyValue(getResponse, "offers[9].groups[0].pricingPlans[0].visualElements[10].value", "شهرياً"): Verify element property value successfully

2023-10-16 14:22:24 - [MESSAGE][PASSED] - Verify element property value successfully

2023-10-16 14:22:24 - [TEST_STEP][PASSED] - verifyElementPropertyValue(getResponse, "offers[9].groups[0].pricingPlans[0].visualElements[11].key", "featured_tag_text"): Verify element property value successfully

2023-10-16 14:22:24 - [MESSAGE][PASSED] - Verify element property value successfully

2023-10-16 14:22:24 - [TEST_STEP][PASSED] - verifyElementPropertyValue(getResponse, "offers[9].groups[0].pricingPlans[0].visualElements[11].value", "عرض لمدة محدودة"): Verify element property value successfully

2023-10-16 14:22:24 - [MESSAGE][PASSED] - Verify element property value successfully

2023-10-16 14:22:24 - [TEST_STEP][PASSED] - verifyElementPropertyValue(getResponse, "offers[9].groups[0].pricingPlans[0].visualElements[13].key", "tag_text"): Verify element property value successfully

2023-10-16 14:22:24 - [MESSAGE][PASSED] - Verify element property value successfully

2023-10-16 14:22:24 - [TEST_STEP][PASSED] - verifyElementPropertyValue(getResponse, "offers[9].groups[0].pricingPlans[0].visualElements[13].value", "وفر 40%"): Verify element property value successfully

2023-10-16 14:22:24 - [MESSAGE][PASSED] - Verify element property value successfully

2023-10-16 14:22:24 - [TEST_STEP][PASSED] - verifyElementPropertyValue(getResponse, "offers[9].groups[0].pricingPlans[0].visualElements[12].key", "show_tag"): Verify element property value successfully

2023-10-16 14:22:24 - [MESSAGE][PASSED] - Verify element property value successfully

2023-10-16 14:22:24 - [TEST_STEP][PASSED] - verifyElementPropertyValue(getResponse, "offers[9].groups[0].pricingPlans[0].visualElements[12].value", "true"): Verify element property value successfully

2023-10-16 14:22:24 - [MESSAGE][PASSED] - Verify element property value successfully

2023-10-16 14:22:24 - [TEST_STEP][PASSED] - verifyElementPropertyValue(getResponse, "offers[9].groups[0].pricingPlans[0].pricingPlanData[0].productId", "IRQ_B2C_SHAHID_VIP_1M"): Verify element property value successfully

2023-10-16 14:22:24 - [MESSAGE][PASSED] - Verify element property value successfully

2023-10-16 14:22:24 - [TEST_STEP][PASSED] - verifyElementPropertyValue(getResponse, "offers[9].groups[0].pricingPlans[0].pricingPlanData[0].paymentMethod", "CREDIT_CARD"): Verify element property value successfully

2023-10-16 14:22:24 - [MESSAGE][PASSED] - Verify element property value successfully

2023-10-16 14:22:24 - [TEST_STEP][PASSED] - verifyElementPropertyValue(getResponse, "offers[9].groups[0].pricingPlans[0].pricingPlanData[0].freeTrialEnabled", "false"): Verify element property value successfully

2023-10-16 14:22:24 - [MESSAGE][PASSED] - Verify element property value successfully

2023-10-16 14:22:24 - [TEST_STEP][PASSED] - verifyElementPropertyValue(getResponse, "offers[9].groups[0].pricingPlans[0].pricingPlanData[0].showIn[0]", "VERTICAL_MODE"): Verify element property value successfully

2023-10-16 14:22:24 - [MESSAGE][PASSED] - Verify element property value successfully

2023-10-16 14:22:24 - [TEST_STEP][PASSED] - verifyElementPropertyValue(getResponse, "offers[9].groups[0].pricingPlans[0].pricingPlanData[0].showIn[1]", "HORIZONTAL_MODE"): Verify element property value successfully

2023-10-16 14:22:24 - [MESSAGE][PASSED] - Verify element property value successfully

2023-10-16 14:22:24 - [TEST_STEP][PASSED] - verifyElementPropertyValue(getResponse, "offers[9].groups[0].pricingPlans[0].pricingPlanData[0].priceLabel", "3000"): Verify element property value successfully

2023-10-16 14:22:24 - [MESSAGE][PASSED] - Verify element property value successfully

2023-10-16 14:22:24 - [TEST_STEP][PASSED] - verifyElementPropertyValue(getResponse, "offers[9].groups[0].pricingPlans[0].pricingPlanData[0].currencyLabel", "IQD"): Verify element property value successfully

2023-10-16 14:22:24 - [MESSAGE][PASSED] - Verify element property value successfully

2023-10-16 14:22:24 - [TEST_STEP][PASSED] - verifyElementPropertyValue(getResponse, "offers[9].groups[0].pricingPlans[0].pricingPlanData[0].dealId", "BYG_40P_IRQ"): Verify element property value successfully

2023-10-16 14:22:24 - [MESSAGE][PASSED] - Verify element property value successfully

2023-10-16 14:22:24 - [TEST_STEP][PASSED] - verifyElementPropertyValue(getResponse, "offers[9].groups[0].pricingPlans[0].pricingPlanData[0].allowedForAcquisition", "true"): Verify element property value successfully

2023-10-16 14:22:24 - [MESSAGE][PASSED] - Verify element property value successfully

2023-10-16 14:22:24 - [TEST_STEP][PASSED] - verifyElementPropertyValue(getResponse, "offers[9].groups[0].pricingPlans[0].pricingPlanData[0].visualElements[0].key", "title"): Verify element property value successfully

2023-10-16 14:22:24 - [MESSAGE][PASSED] - Verify element property value successfully

2023-10-16 14:22:24 - [TEST_STEP][PASSED] - verifyElementPropertyValue(getResponse, "offers[9].groups[0].pricingPlans[0].pricingPlanData[0].visualElements[0].value", "البطاقة المصرفية"): Verify element property value successfully

2023-10-16 14:22:24 - [MESSAGE][PASSED] - Verify element property value successfully

2023-10-16 14:22:24 - [TEST_STEP][PASSED] - verifyElementPropertyValue(getResponse, "offers[9].groups[0].pricingPlans[0].pricingPlanData[0].visualElements[1].key", "CTA_text"): Verify element property value successfully

2023-10-16 14:22:24 - [MESSAGE][PASSED] - Verify element property value successfully

2023-10-16 14:22:24 - [TEST_STEP][PASSED] - verifyElementPropertyValue(getResponse, "offers[9].groups[0].pricingPlans[0].pricingPlanData[0].visualElements[1].value", "اشترك"): Verify element property value successfully

2023-10-16 14:22:24 - [MESSAGE][PASSED] - Verify element property value successfully

2023-10-16 14:22:24 - [TEST_STEP][PASSED] - verifyElementPropertyValue(getResponse, "offers[9].groups[0].pricingPlans[0].pricingPlanData[0].visualElements[2].key", "logo"): Verify element property value successfully

2023-10-16 14:22:24 - [MESSAGE][PASSED] - Verify element property value successfully

2023-10-16 14:22:24 - [TEST_STEP][PASSED] - verifyElementPropertyValue(getResponse, "offers[9].groups[0].pricingPlans[0].pricingPlanData[0].visualElements[2].value", "https://static.s3.shahid.mbc.net/widget-images/icons/iconCreditCard.png"): Verify element property value successfully

2023-10-16 14:22:24 - [MESSAGE][PASSED] - Verify element property value successfully

2023-10-16 14:22:24 - [TEST_STEP][PASSED] - verifyElementPropertyValue(getResponse, "offers[10].offerId", "byg-50-offer"): Verify element property value successfully

2023-10-16 14:22:24 - [MESSAGE][PASSED] - Verify element property value successfully

2023-10-16 14:22:24 - [TEST_STEP][PASSED] - verifyElementPropertyValue(getResponse, "offers[10].offerParam", "bygoffer50"): Verify element property value successfully

2023-10-16 14:22:24 - [MESSAGE][PASSED] - Verify element property value successfully

2023-10-16 14:22:24 - [TEST_STEP][PASSED] - verifyElementPropertyValue(getResponse, "offers[10].groups[0].pricingPlans[0].featured", "true"): Verify element property value successfully

2023-10-16 14:22:24 - [MESSAGE][PASSED] - Verify element property value successfully

2023-10-16 14:22:24 - [TEST_STEP][PASSED] - verifyElementPropertyValue(getResponse, "offers[10].groups[0].pricingPlans[0].period", "monthly"): Verify element property value successfully

2023-10-16 14:22:24 - [MESSAGE][PASSED] - Verify element property value successfully

2023-10-16 14:22:24 - [TEST_STEP][PASSED] - verifyElementPropertyValue(getResponse, "offers[10].groups[0].pricingPlans[0].featured", "true"): Verify element property value successfully

2023-10-16 14:22:25 - [MESSAGE][PASSED] - Verify element property value successfully

2023-10-16 14:22:25 - [TEST_STEP][PASSED] - verifyElementPropertyValue(getResponse, "offers[10].groups[0].pricingPlans[0].price", "2500.0"): Verify element property value successfully

2023-10-16 14:22:25 - [MESSAGE][PASSED] - Verify element property value successfully

2023-10-16 14:22:25 - [TEST_STEP][PASSED] - verifyElementPropertyValue(getResponse, "offers[10].groups[0].pricingPlans[0].currency", "IQD"): Verify element property value successfully

2023-10-16 14:22:25 - [MESSAGE][PASSED] - Verify element property value successfully

2023-10-16 14:22:25 - [TEST_STEP][PASSED] - verifyElementPropertyValue(getResponse, "offers[10].groups[0].pricingPlans[0].order", "0"): Verify element property value successfully

2023-10-16 14:22:25 - [MESSAGE][PASSED] - Verify element property value successfully

2023-10-16 14:22:25 - [TEST_STEP][PASSED] - verifyElementPropertyValue(getResponse, "offers[10].groups[0].pricingPlans[0].packageId", "SHAHID_VIP"): Verify element property value successfully

2023-10-16 14:22:25 - [MESSAGE][PASSED] - Verify element property value successfully

2023-10-16 14:22:25 - [TEST_STEP][PASSED] - verifyElementPropertyValue(getResponse, "offers[10].groups[0].pricingPlans[0].catalogId", "VIP"): Verify element property value successfully

2023-10-16 14:22:25 - [MESSAGE][PASSED] - Verify element property value successfully

2023-10-16 14:22:25 - [TEST_STEP][PASSED] - verifyElementPropertyValue(getResponse, "offers[10].groups[0].pricingPlans[0].visualElements[0].key", "Header_1_text"): Verify element property value successfully

2023-10-16 14:22:25 - [MESSAGE][PASSED] - Verify element property value successfully

2023-10-16 14:22:25 - [TEST_STEP][PASSED] - verifyElementPropertyValue(getResponse, "offers[10].groups[0].pricingPlans[0].visualElements[0].value", "شاهد أقوى المسلسلات و الأفلام حصرياً دون توقف"): Verify element property value successfully

2023-10-16 14:22:25 - [MESSAGE][PASSED] - Verify element property value successfully

2023-10-16 14:22:25 - [TEST_STEP][PASSED] - verifyElementPropertyValue(getResponse, "offers[10].groups[0].pricingPlans[0].visualElements[1].key", "display_title"): Verify element property value successfully

2023-10-16 14:22:25 - [MESSAGE][PASSED] - Verify element property value successfully

2023-10-16 14:22:25 - [TEST_STEP][PASSED] - verifyElementPropertyValue(getResponse, "offers[10].groups[0].pricingPlans[0].visualElements[1].value", "احصل على خصم 50%"): Verify element property value successfully

2023-10-16 14:22:25 - [MESSAGE][PASSED] - Verify element property value successfully

2023-10-16 14:22:25 - [TEST_STEP][PASSED] - verifyElementPropertyValue(getResponse, "offers[10].groups[0].pricingPlans[0].visualElements[3].key", "deduction_text"): Verify element property value successfully

2023-10-16 14:22:25 - [MESSAGE][PASSED] - Verify element property value successfully

2023-10-16 14:22:25 - [TEST_STEP][PASSED] - verifyElementPropertyValue(getResponse, "offers[10].groups[0].pricingPlans[0].visualElements[3].value", "تدفع شهرياً"): Verify element property value successfully

2023-10-16 14:22:25 - [MESSAGE][PASSED] - Verify element property value successfully

2023-10-16 14:22:25 - [TEST_STEP][PASSED] - verifyElementPropertyValue(getResponse, "offers[10].groups[0].pricingPlans[0].visualElements[6].key", "show_payment_logo"): Verify element property value successfully

2023-10-16 14:22:25 - [MESSAGE][PASSED] - Verify element property value successfully

2023-10-16 14:22:25 - [TEST_STEP][PASSED] - verifyElementPropertyValue(getResponse, "offers[10].groups[0].pricingPlans[0].visualElements[6].value", "true"): Verify element property value successfully

2023-10-16 14:22:25 - [MESSAGE][PASSED] - Verify element property value successfully

2023-10-16 14:22:25 - [TEST_STEP][PASSED] - verifyElementPropertyValue(getResponse, "offers[10].groups[0].pricingPlans[0].visualElements[8].key", "price"): Verify element property value successfully

2023-10-16 14:22:25 - [MESSAGE][PASSED] - Verify element property value successfully

2023-10-16 14:22:25 - [TEST_STEP][PASSED] - verifyElementPropertyValue(getResponse, "offers[10].groups[0].pricingPlans[0].visualElements[8].value", "2500"): Verify element property value successfully

2023-10-16 14:22:25 - [MESSAGE][PASSED] - Verify element property value successfully

2023-10-16 14:22:25 - [TEST_STEP][PASSED] - verifyElementPropertyValue(getResponse, "offers[10].groups[0].pricingPlans[0].visualElements[9].key", "currency"): Verify element property value successfully

2023-10-16 14:22:25 - [MESSAGE][PASSED] - Verify element property value successfully

2023-10-16 14:22:25 - [TEST_STEP][PASSED] - verifyElementPropertyValue(getResponse, "offers[10].groups[0].pricingPlans[0].visualElements[9].value", "IQD"): Verify element property value successfully

2023-10-16 14:22:25 - [MESSAGE][PASSED] - Verify element property value successfully

2023-10-16 14:22:25 - [TEST_STEP][PASSED] - verifyElementPropertyValue(getResponse, "offers[10].groups[0].pricingPlans[0].visualElements[10].key", "duration"): Verify element property value successfully

2023-10-16 14:22:25 - [MESSAGE][PASSED] - Verify element property value successfully

2023-10-16 14:22:25 - [TEST_STEP][PASSED] - verifyElementPropertyValue(getResponse, "offers[10].groups[0].pricingPlans[0].visualElements[10].value", "شهرياً"): Verify element property value successfully

2023-10-16 14:22:25 - [MESSAGE][PASSED] - Verify element property value successfully

2023-10-16 14:22:25 - [TEST_STEP][PASSED] - verifyElementPropertyValue(getResponse, "offers[10].groups[0].pricingPlans[0].visualElements[11].key", "featured_tag_text"): Verify element property value successfully

2023-10-16 14:22:25 - [MESSAGE][PASSED] - Verify element property value successfully

2023-10-16 14:22:25 - [TEST_STEP][PASSED] - verifyElementPropertyValue(getResponse, "offers[10].groups[0].pricingPlans[0].visualElements[11].value", "عرض لمدة محدودة"): Verify element property value successfully

2023-10-16 14:22:25 - [MESSAGE][PASSED] - Verify element property value successfully

2023-10-16 14:22:25 - [TEST_STEP][PASSED] - verifyElementPropertyValue(getResponse, "offers[10].groups[0].pricingPlans[0].visualElements[13].key", "tag_text"): Verify element property value successfully

2023-10-16 14:22:25 - [MESSAGE][PASSED] - Verify element property value successfully

2023-10-16 14:22:25 - [TEST_STEP][PASSED] - verifyElementPropertyValue(getResponse, "offers[10].groups[0].pricingPlans[0].visualElements[13].value", "وفر 50%"): Verify element property value successfully

2023-10-16 14:22:25 - [MESSAGE][PASSED] - Verify element property value successfully

2023-10-16 14:22:25 - [TEST_STEP][PASSED] - verifyElementPropertyValue(getResponse, "offers[10].groups[0].pricingPlans[0].visualElements[12].key", "show_tag"): Verify element property value successfully

2023-10-16 14:22:25 - [MESSAGE][PASSED] - Verify element property value successfully

2023-10-16 14:22:25 - [TEST_STEP][PASSED] - verifyElementPropertyValue(getResponse, "offers[10].groups[0].pricingPlans[0].visualElements[12].value", "true"): Verify element property value successfully

2023-10-16 14:22:25 - [MESSAGE][PASSED] - Verify element property value successfully

2023-10-16 14:22:25 - [TEST_STEP][PASSED] - verifyElementPropertyValue(getResponse, "offers[10].groups[0].pricingPlans[0].pricingPlanData[0].productId", "IRQ_B2C_SHAHID_VIP_1M"): Verify element property value successfully

2023-10-16 14:22:25 - [MESSAGE][PASSED] - Verify element property value successfully

2023-10-16 14:22:25 - [TEST_STEP][PASSED] - verifyElementPropertyValue(getResponse, "offers[10].groups[0].pricingPlans[0].pricingPlanData[0].paymentMethod", "CREDIT_CARD"): Verify element property value successfully

2023-10-16 14:22:25 - [MESSAGE][PASSED] - Verify element property value successfully

2023-10-16 14:22:25 - [TEST_STEP][PASSED] - verifyElementPropertyValue(getResponse, "offers[10].groups[0].pricingPlans[0].pricingPlanData[0].freeTrialEnabled", "false"): Verify element property value successfully

2023-10-16 14:22:25 - [MESSAGE][PASSED] - Verify element property value successfully

2023-10-16 14:22:25 - [TEST_STEP][PASSED] - verifyElementPropertyValue(getResponse, "offers[10].groups[0].pricingPlans[0].pricingPlanData[0].showIn[0]", "VERTICAL_MODE"): Verify element property value successfully

2023-10-16 14:22:25 - [MESSAGE][PASSED] - Verify element property value successfully

2023-10-16 14:22:25 - [TEST_STEP][PASSED] - verifyElementPropertyValue(getResponse, "offers[10].groups[0].pricingPlans[0].pricingPlanData[0].showIn[1]", "HORIZONTAL_MODE"): Verify element property value successfully

2023-10-16 14:22:25 - [MESSAGE][PASSED] - Verify element property value successfully

2023-10-16 14:22:25 - [TEST_STEP][PASSED] - verifyElementPropertyValue(getResponse, "offers[10].groups[0].pricingPlans[0].pricingPlanData[0].priceLabel", "2500"): Verify element property value successfully

2023-10-16 14:22:25 - [MESSAGE][PASSED] - Verify element property value successfully

2023-10-16 14:22:25 - [TEST_STEP][PASSED] - verifyElementPropertyValue(getResponse, "offers[10].groups[0].pricingPlans[0].pricingPlanData[0].currencyLabel", "IQD"): Verify element property value successfully

2023-10-16 14:22:25 - [MESSAGE][PASSED] - Verify element property value successfully

2023-10-16 14:22:25 - [TEST_STEP][PASSED] - verifyElementPropertyValue(getResponse, "offers[10].groups[0].pricingPlans[0].pricingPlanData[0].dealId", "BYG_50P_IRQ"): Verify element property value successfully

2023-10-16 14:22:25 - [MESSAGE][PASSED] - Verify element property value successfully

2023-10-16 14:22:25 - [TEST_STEP][PASSED] - verifyElementPropertyValue(getResponse, "offers[10].groups[0].pricingPlans[0].pricingPlanData[0].allowedForAcquisition", "true"): Verify element property value successfully

2023-10-16 14:22:25 - [MESSAGE][PASSED] - Verify element property value successfully

2023-10-16 14:22:25 - [TEST_STEP][PASSED] - verifyElementPropertyValue(getResponse, "offers[10].groups[0].pricingPlans[0].pricingPlanData[0].visualElements[0].key", "title"): Verify element property value successfully

2023-10-16 14:22:25 - [MESSAGE][PASSED] - Verify element property value successfully

2023-10-16 14:22:25 - [TEST_STEP][PASSED] - verifyElementPropertyValue(getResponse, "offers[10].groups[0].pricingPlans[0].pricingPlanData[0].visualElements[0].value", "البطاقة المصرفية"): Verify element property value successfully

2023-10-16 14:22:25 - [MESSAGE][PASSED] - Verify element property value successfully

2023-10-16 14:22:25 - [TEST_STEP][PASSED] - verifyElementPropertyValue(getResponse, "offers[10].groups[0].pricingPlans[0].pricingPlanData[0].visualElements[1].key", "CTA_text"): Verify element property value successfully

2023-10-16 14:22:25 - [MESSAGE][PASSED] - Verify element property value successfully

2023-10-16 14:22:25 - [TEST_STEP][PASSED] - verifyElementPropertyValue(getResponse, "offers[10].groups[0].pricingPlans[0].pricingPlanData[0].visualElements[1].value", "اشترك"): Verify element property value successfully

2023-10-16 14:22:25 - [MESSAGE][PASSED] - Verify element property value successfully

2023-10-16 14:22:25 - [TEST_STEP][PASSED] - verifyElementPropertyValue(getResponse, "offers[10].groups[0].pricingPlans[0].pricingPlanData[0].visualElements[2].key", "logo"): Verify element property value successfully

2023-10-16 14:22:25 - [MESSAGE][PASSED] - Verify element property value successfully

2023-10-16 14:22:25 - [TEST_STEP][PASSED] - verifyElementPropertyValue(getResponse, "offers[10].groups[0].pricingPlans[0].pricingPlanData[0].visualElements[2].value", "https://static.s3.shahid.mbc.net/widget-images/icons/iconCreditCard.png"): Verify element property value successfully

2023-10-16 14:22:25 - [MESSAGE][PASSED] - Verify element property value successfully]]></system-out>
         <system-err><![CDATA[]]></system-err>
      </testcase>
      <testcase name="Test Cases/WEB - CHROME/IRQ PI/WEB_EN_getOffersForIRQ_SPORT" time="3.855" classname="Test Cases/WEB - CHROME/IRQ PI/WEB_EN_getOffersForIRQ_SPORT" status="FAILED">
         <failure type="FAILED" message="Test Cases/WEB - CHROME/IRQ PI/WEB_EN_getOffersForIRQ_SPORT FAILED.
Reason:
com.kms.katalon.core.exception.StepFailedException: Expected element property value '30% Discount Offer' is not equal with actual property value '30% Discount Offer​'
	at com.kms.katalon.core.keyword.internal.KeywordMain.stepFailed(KeywordMain.groovy:39)
	at com.kms.katalon.core.webservice.keyword.builtin.VerifyElementPropertyValueKeyword$_verifyElementPropertyValue_closure1.doCall(VerifyElementPropertyValueKeyword.groovy:56)
	at com.kms.katalon.core.webservice.keyword.builtin.VerifyElementPropertyValueKeyword$_verifyElementPropertyValue_closure1.call(VerifyElementPropertyValueKeyword.groovy)
	at com.kms.katalon.core.keyword.internal.KeywordMain.runKeyword(KeywordMain.groovy:75)
	at com.kms.katalon.core.webservice.keyword.builtin.VerifyElementPropertyValueKeyword.verifyElementPropertyValue(VerifyElementPropertyValueKeyword.groovy:48)
	at com.kms.katalon.core.webservice.keyword.builtin.VerifyElementPropertyValueKeyword.execute(VerifyElementPropertyValueKeyword.groovy:43)
	at com.kms.katalon.core.keyword.internal.KeywordExecutor.executeKeywordForPlatform(KeywordExecutor.groovy:74)
	at com.kms.katalon.core.webservice.keyword.WSBuiltInKeywords.verifyElementPropertyValue(WSBuiltInKeywords.groovy:190)
	at com.kms.katalon.core.webservice.keyword.WSBuiltInKeywords$verifyElementPropertyValue$1.call(Unknown Source)
	at WEB_EN_getOffersForIRQ_SPORT.run(WEB_EN_getOffersForIRQ_SPORT:45)
	at com.kms.katalon.core.main.ScriptEngine.run(ScriptEngine.java:194)
	at com.kms.katalon.core.main.ScriptEngine.runScriptAsRawText(ScriptEngine.java:119)
	at com.kms.katalon.core.main.TestCaseExecutor.runScript(TestCaseExecutor.java:448)
	at com.kms.katalon.core.main.TestCaseExecutor.doExecute(TestCaseExecutor.java:439)
	at com.kms.katalon.core.main.TestCaseExecutor.processExecutionPhase(TestCaseExecutor.java:418)
	at com.kms.katalon.core.main.TestCaseExecutor.accessMainPhase(TestCaseExecutor.java:410)
	at com.kms.katalon.core.main.TestCaseExecutor.execute(TestCaseExecutor.java:285)
	at com.kms.katalon.core.common.CommonExecutor.accessTestCaseMainPhase(CommonExecutor.java:65)
	at com.kms.katalon.core.main.TestSuiteExecutor.accessTestSuiteMainPhase(TestSuiteExecutor.java:148)
	at com.kms.katalon.core.main.TestSuiteExecutor.execute(TestSuiteExecutor.java:106)
	at com.kms.katalon.core.main.TestCaseMain.startTestSuite(TestCaseMain.java:187)
	at com.kms.katalon.core.main.TestCaseMain$startTestSuite$0.call(Unknown Source)
	at TempTestSuite1697454227045.run(TempTestSuite1697454227045.groovy:36)
"/>
         <system-out><![CDATA[2023-10-16 14:22:25 - [TEST_CASE][FAILED] - Test Cases/WEB - CHROME/IRQ PI/WEB_EN_getOffersForIRQ_SPORT: Test Cases/WEB - CHROME/IRQ PI/WEB_EN_getOffersForIRQ_SPORT FAILED.
Reason:
com.kms.katalon.core.exception.StepFailedException: Expected element property value '30% Discount Offer' is not equal with actual property value '30% Discount Offer​'
	at com.kms.katalon.core.keyword.internal.KeywordMain.stepFailed(KeywordMain.groovy:39)
	at com.kms.katalon.core.webservice.keyword.builtin.VerifyElementPropertyValueKeyword$_verifyElementPropertyValue_closure1.doCall(VerifyElementPropertyValueKeyword.groovy:56)
	at com.kms.katalon.core.webservice.keyword.builtin.VerifyElementPropertyValueKeyword$_verifyElementPropertyValue_closure1.call(VerifyElementPropertyValueKeyword.groovy)
	at com.kms.katalon.core.keyword.internal.KeywordMain.runKeyword(KeywordMain.groovy:75)
	at com.kms.katalon.core.webservice.keyword.builtin.VerifyElementPropertyValueKeyword.verifyElementPropertyValue(VerifyElementPropertyValueKeyword.groovy:48)
	at com.kms.katalon.core.webservice.keyword.builtin.VerifyElementPropertyValueKeyword.execute(VerifyElementPropertyValueKeyword.groovy:43)
	at com.kms.katalon.core.keyword.internal.KeywordExecutor.executeKeywordForPlatform(KeywordExecutor.groovy:74)
	at com.kms.katalon.core.webservice.keyword.WSBuiltInKeywords.verifyElementPropertyValue(WSBuiltInKeywords.groovy:190)
	at com.kms.katalon.core.webservice.keyword.WSBuiltInKeywords$verifyElementPropertyValue$1.call(Unknown Source)
	at WEB_EN_getOffersForIRQ_SPORT.run(WEB_EN_getOffersForIRQ_SPORT:45)
	at com.kms.katalon.core.main.ScriptEngine.run(ScriptEngine.java:194)
	at com.kms.katalon.core.main.ScriptEngine.runScriptAsRawText(ScriptEngine.java:119)
	at com.kms.katalon.core.main.TestCaseExecutor.runScript(TestCaseExecutor.java:448)
	at com.kms.katalon.core.main.TestCaseExecutor.doExecute(TestCaseExecutor.java:439)
	at com.kms.katalon.core.main.TestCaseExecutor.processExecutionPhase(TestCaseExecutor.java:418)
	at com.kms.katalon.core.main.TestCaseExecutor.accessMainPhase(TestCaseExecutor.java:410)
	at com.kms.katalon.core.main.TestCaseExecutor.execute(TestCaseExecutor.java:285)
	at com.kms.katalon.core.common.CommonExecutor.accessTestCaseMainPhase(CommonExecutor.java:65)
	at com.kms.katalon.core.main.TestSuiteExecutor.accessTestSuiteMainPhase(TestSuiteExecutor.java:148)
	at com.kms.katalon.core.main.TestSuiteExecutor.execute(TestSuiteExecutor.java:106)
	at com.kms.katalon.core.main.TestCaseMain.startTestSuite(TestCaseMain.java:187)
	at com.kms.katalon.core.main.TestCaseMain$startTestSuite$0.call(Unknown Source)
	at TempTestSuite1697454227045.run(TempTestSuite1697454227045.groovy:36)


2023-10-16 14:22:25 - [TEST_STEP][PASSED] - getResponse = config_files.getConfigFile.getConfig("WEB", "EN", "SHAHID_VIP_SPORT", "IQ", "false"): config_files.getConfigFile.getConfig is PASSED

2023-10-16 14:22:26 - [MESSAGE][INFO] - HAR: /Users/admin/git/shahid-configuration/Reports/20231016_140310/WEB/IRQ/20231016_140347/requests/main/6.har

2023-10-16 14:22:26 - [MESSAGE][PASSED] - Send request successfully

2023-10-16 14:22:26 - [MESSAGE][PASSED] - config_files.getConfigFile.getConfig is PASSED

2023-10-16 14:22:26 - [TEST_STEP][PASSED] - verifyResponseStatusCode(getResponse, 200): Verify response status code successfully

2023-10-16 14:22:26 - [MESSAGE][PASSED] - Verify response status code successfully

2023-10-16 14:22:26 - [TEST_STEP][PASSED] - verifyElementPropertyValue(getResponse, "country", "IRQ"): Verify element property value successfully

2023-10-16 14:22:26 - [MESSAGE][PASSED] - Verify element property value successfully

2023-10-16 14:22:26 - [TEST_STEP][PASSED] - verifyElementPropertyValue(getResponse, "platform", "[WEB]"): Verify element property value successfully

2023-10-16 14:22:26 - [MESSAGE][PASSED] - Verify element property value successfully

2023-10-16 14:22:26 - [TEST_STEP][PASSED] - verifyElementPropertyValue(getResponse, "offers[5].offerId", "winback-sport-30-offer"): Verify element property value successfully

2023-10-16 14:22:26 - [MESSAGE][PASSED] - Verify element property value successfully

2023-10-16 14:22:26 - [TEST_STEP][PASSED] - verifyElementPropertyValue(getResponse, "offers[5].offerParam", "sportsoffer30"): Verify element property value successfully

2023-10-16 14:22:26 - [MESSAGE][PASSED] - Verify element property value successfully

2023-10-16 14:22:26 - [TEST_STEP][PASSED] - verifyElementPropertyValue(getResponse, "offers[5].groups[0].pricingPlans[0].featured", "true"): Verify element property value successfully

2023-10-16 14:22:26 - [MESSAGE][PASSED] - Verify element property value successfully

2023-10-16 14:22:26 - [TEST_STEP][PASSED] - verifyElementPropertyValue(getResponse, "offers[5].groups[0].pricingPlans[0].period", "monthly"): Verify element property value successfully

2023-10-16 14:22:26 - [MESSAGE][PASSED] - Verify element property value successfully

2023-10-16 14:22:26 - [TEST_STEP][PASSED] - verifyElementPropertyValue(getResponse, "offers[5].groups[0].pricingPlans[0].featured", "true"): Verify element property value successfully

2023-10-16 14:22:26 - [MESSAGE][PASSED] - Verify element property value successfully

2023-10-16 14:22:26 - [TEST_STEP][PASSED] - verifyElementPropertyValue(getResponse, "offers[5].groups[0].pricingPlans[0].price", "7000.0"): Verify element property value successfully

2023-10-16 14:22:26 - [MESSAGE][PASSED] - Verify element property value successfully

2023-10-16 14:22:26 - [TEST_STEP][PASSED] - verifyElementPropertyValue(getResponse, "offers[5].groups[0].pricingPlans[0].currency", "IQD"): Verify element property value successfully

2023-10-16 14:22:26 - [MESSAGE][PASSED] - Verify element property value successfully

2023-10-16 14:22:26 - [TEST_STEP][PASSED] - verifyElementPropertyValue(getResponse, "offers[5].groups[0].pricingPlans[0].order", "0"): Verify element property value successfully

2023-10-16 14:22:26 - [MESSAGE][PASSED] - Verify element property value successfully

2023-10-16 14:22:26 - [TEST_STEP][PASSED] - verifyElementPropertyValue(getResponse, "offers[5].groups[0].pricingPlans[0].packageId", "SHAHID_VIP_SPORT"): Verify element property value successfully

2023-10-16 14:22:26 - [MESSAGE][PASSED] - Verify element property value successfully

2023-10-16 14:22:26 - [TEST_STEP][PASSED] - verifyElementPropertyValue(getResponse, "offers[5].groups[0].pricingPlans[0].catalogId", "SPORT"): Verify element property value successfully

2023-10-16 14:22:26 - [MESSAGE][PASSED] - Verify element property value successfully

2023-10-16 14:22:26 - [TEST_STEP][PASSED] - verifyElementPropertyValue(getResponse, "offers[5].groups[0].pricingPlans[0].visualElements[0].key", "Header_1_text"): Verify element property value successfully

2023-10-16 14:22:26 - [MESSAGE][PASSED] - Verify element property value successfully

2023-10-16 14:22:26 - [TEST_STEP][PASSED] - verifyElementPropertyValue(getResponse, "offers[5].groups[0].pricingPlans[0].visualElements[0].value", "Watch the most powerful series and movies exclusively without stopping"): Verify element property value successfully

2023-10-16 14:22:26 - [MESSAGE][PASSED] - Verify element property value successfully

2023-10-16 14:22:26 - [TEST_STEP][PASSED] - verifyElementPropertyValue(getResponse, "offers[5].groups[0].pricingPlans[0].visualElements[1].key", "display_title"): Verify element property value successfully

2023-10-16 14:22:26 - [MESSAGE][PASSED] - Verify element property value successfully

2023-10-16 14:22:26 - [TEST_STEP][FAILED] - verifyElementPropertyValue(getResponse, "offers[5].groups[0].pricingPlans[0].visualElements[1].value", "30% Discount Offer"): Expected element property value '30% Discount Offer' is not equal with actual property value '30% Discount Offer​'

2023-10-16 14:22:26 - [MESSAGE][FAILED] - Expected element property value '30% Discount Offer' is not equal with actual property value '30% Discount Offer​'

2023-10-16 14:22:26 - [TEST_STEP][PASSED] - verifyElementPropertyValue(getResponse, "offers[5].groups[0].pricingPlans[0].visualElements[3].key", "deduction_text"): Verify element property value successfully

2023-10-16 14:22:26 - [MESSAGE][PASSED] - Verify element property value successfully

2023-10-16 14:22:26 - [TEST_STEP][PASSED] - verifyElementPropertyValue(getResponse, "offers[5].groups[0].pricingPlans[0].visualElements[3].value", "billed every month"): Verify element property value successfully

2023-10-16 14:22:26 - [MESSAGE][PASSED] - Verify element property value successfully

2023-10-16 14:22:26 - [TEST_STEP][PASSED] - verifyElementPropertyValue(getResponse, "offers[5].groups[0].pricingPlans[0].visualElements[6].key", "show_payment_logo"): Verify element property value successfully

2023-10-16 14:22:26 - [MESSAGE][PASSED] - Verify element property value successfully

2023-10-16 14:22:26 - [TEST_STEP][PASSED] - verifyElementPropertyValue(getResponse, "offers[5].groups[0].pricingPlans[0].visualElements[6].value", "true"): Verify element property value successfully

2023-10-16 14:22:26 - [MESSAGE][PASSED] - Verify element property value successfully

2023-10-16 14:22:26 - [TEST_STEP][PASSED] - verifyElementPropertyValue(getResponse, "offers[5].groups[0].pricingPlans[0].visualElements[8].key", "price"): Verify element property value successfully

2023-10-16 14:22:26 - [MESSAGE][PASSED] - Verify element property value successfully

2023-10-16 14:22:26 - [TEST_STEP][PASSED] - verifyElementPropertyValue(getResponse, "offers[5].groups[0].pricingPlans[0].visualElements[8].value", "7000"): Verify element property value successfully

2023-10-16 14:22:26 - [MESSAGE][PASSED] - Verify element property value successfully

2023-10-16 14:22:26 - [TEST_STEP][PASSED] - verifyElementPropertyValue(getResponse, "offers[5].groups[0].pricingPlans[0].visualElements[9].key", "currency"): Verify element property value successfully

2023-10-16 14:22:26 - [MESSAGE][PASSED] - Verify element property value successfully

2023-10-16 14:22:26 - [TEST_STEP][PASSED] - verifyElementPropertyValue(getResponse, "offers[5].groups[0].pricingPlans[0].visualElements[9].value", "IQD"): Verify element property value successfully

2023-10-16 14:22:26 - [MESSAGE][PASSED] - Verify element property value successfully

2023-10-16 14:22:26 - [TEST_STEP][PASSED] - verifyElementPropertyValue(getResponse, "offers[5].groups[0].pricingPlans[0].visualElements[10].key", "duration"): Verify element property value successfully

2023-10-16 14:22:26 - [MESSAGE][PASSED] - Verify element property value successfully

2023-10-16 14:22:26 - [TEST_STEP][PASSED] - verifyElementPropertyValue(getResponse, "offers[5].groups[0].pricingPlans[0].visualElements[10].value", "Monthly"): Verify element property value successfully

2023-10-16 14:22:26 - [MESSAGE][PASSED] - Verify element property value successfully

2023-10-16 14:22:26 - [TEST_STEP][PASSED] - verifyElementPropertyValue(getResponse, "offers[5].groups[0].pricingPlans[0].visualElements[11].key", "featured_tag_text"): Verify element property value successfully

2023-10-16 14:22:26 - [MESSAGE][PASSED] - Verify element property value successfully

2023-10-16 14:22:26 - [TEST_STEP][PASSED] - verifyElementPropertyValue(getResponse, "offers[5].groups[0].pricingPlans[0].visualElements[11].value", "Limited Time Offer"): Verify element property value successfully

2023-10-16 14:22:26 - [MESSAGE][PASSED] - Verify element property value successfully

2023-10-16 14:22:26 - [TEST_STEP][PASSED] - verifyElementPropertyValue(getResponse, "offers[5].groups[0].pricingPlans[0].visualElements[12].key", "show_tag"): Verify element property value successfully

2023-10-16 14:22:26 - [MESSAGE][PASSED] - Verify element property value successfully

2023-10-16 14:22:26 - [TEST_STEP][PASSED] - verifyElementPropertyValue(getResponse, "offers[5].groups[0].pricingPlans[0].visualElements[12].value", "true"): Verify element property value successfully

2023-10-16 14:22:26 - [MESSAGE][PASSED] - Verify element property value successfully

2023-10-16 14:22:26 - [TEST_STEP][PASSED] - verifyElementPropertyValue(getResponse, "offers[5].groups[0].pricingPlans[0].visualElements[13].key", "tag_text"): Verify element property value successfully

2023-10-16 14:22:26 - [MESSAGE][PASSED] - Verify element property value successfully

2023-10-16 14:22:26 - [TEST_STEP][PASSED] - verifyElementPropertyValue(getResponse, "offers[5].groups[0].pricingPlans[0].visualElements[13].value", "Save 30%"): Verify element property value successfully

2023-10-16 14:22:26 - [MESSAGE][PASSED] - Verify element property value successfully

2023-10-16 14:22:26 - [TEST_STEP][PASSED] - verifyElementPropertyValue(getResponse, "offers[5].groups[0].pricingPlans[0].pricingPlanData[0].productId", "IRQ_B2C_SHAHID_VIP_SPORT_1M"): Verify element property value successfully

2023-10-16 14:22:26 - [MESSAGE][PASSED] - Verify element property value successfully

2023-10-16 14:22:26 - [TEST_STEP][PASSED] - verifyElementPropertyValue(getResponse, "offers[5].groups[0].pricingPlans[0].pricingPlanData[0].paymentMethod", "CREDIT_CARD"): Verify element property value successfully

2023-10-16 14:22:26 - [MESSAGE][PASSED] - Verify element property value successfully

2023-10-16 14:22:26 - [TEST_STEP][PASSED] - verifyElementPropertyValue(getResponse, "offers[5].groups[0].pricingPlans[0].pricingPlanData[0].freeTrialEnabled", "false"): Verify element property value successfully

2023-10-16 14:22:26 - [MESSAGE][PASSED] - Verify element property value successfully

2023-10-16 14:22:26 - [TEST_STEP][PASSED] - verifyElementPropertyValue(getResponse, "offers[5].groups[0].pricingPlans[0].pricingPlanData[0].showIn[0]", "VERTICAL_MODE"): Verify element property value successfully

2023-10-16 14:22:26 - [MESSAGE][PASSED] - Verify element property value successfully

2023-10-16 14:22:26 - [TEST_STEP][PASSED] - verifyElementPropertyValue(getResponse, "offers[5].groups[0].pricingPlans[0].pricingPlanData[0].showIn[1]", "HORIZONTAL_MODE"): Verify element property value successfully

2023-10-16 14:22:26 - [MESSAGE][PASSED] - Verify element property value successfully

2023-10-16 14:22:26 - [TEST_STEP][PASSED] - verifyElementPropertyValue(getResponse, "offers[5].groups[0].pricingPlans[0].pricingPlanData[0].priceLabel", "7000"): Verify element property value successfully

2023-10-16 14:22:26 - [MESSAGE][PASSED] - Verify element property value successfully

2023-10-16 14:22:26 - [TEST_STEP][PASSED] - verifyElementPropertyValue(getResponse, "offers[5].groups[0].pricingPlans[0].pricingPlanData[0].currencyLabel", "IQD"): Verify element property value successfully

2023-10-16 14:22:26 - [MESSAGE][PASSED] - Verify element property value successfully

2023-10-16 14:22:26 - [TEST_STEP][PASSED] - verifyElementPropertyValue(getResponse, "offers[5].groups[0].pricingPlans[0].pricingPlanData[0].dealId", "WB_SPORT_30P_IRQ"): Verify element property value successfully

2023-10-16 14:22:26 - [MESSAGE][PASSED] - Verify element property value successfully

2023-10-16 14:22:26 - [TEST_STEP][PASSED] - verifyElementPropertyValue(getResponse, "offers[5].groups[0].pricingPlans[0].pricingPlanData[0].allowedForAcquisition", "true"): Verify element property value successfully

2023-10-16 14:22:26 - [MESSAGE][PASSED] - Verify element property value successfully

2023-10-16 14:22:26 - [TEST_STEP][PASSED] - verifyElementPropertyValue(getResponse, "offers[5].groups[0].pricingPlans[0].pricingPlanData[0].visualElements[0].key", "title"): Verify element property value successfully

2023-10-16 14:22:26 - [MESSAGE][PASSED] - Verify element property value successfully

2023-10-16 14:22:26 - [TEST_STEP][PASSED] - verifyElementPropertyValue(getResponse, "offers[5].groups[0].pricingPlans[0].pricingPlanData[0].visualElements[0].value", "Credit/Debit Card"): Verify element property value successfully

2023-10-16 14:22:26 - [MESSAGE][PASSED] - Verify element property value successfully

2023-10-16 14:22:26 - [TEST_STEP][PASSED] - verifyElementPropertyValue(getResponse, "offers[5].groups[0].pricingPlans[0].pricingPlanData[0].visualElements[1].key", "CTA_text"): Verify element property value successfully

2023-10-16 14:22:26 - [MESSAGE][PASSED] - Verify element property value successfully

2023-10-16 14:22:26 - [TEST_STEP][PASSED] - verifyElementPropertyValue(getResponse, "offers[5].groups[0].pricingPlans[0].pricingPlanData[0].visualElements[1].value", "Subscribe"): Verify element property value successfully

2023-10-16 14:22:26 - [MESSAGE][PASSED] - Verify element property value successfully

2023-10-16 14:22:26 - [TEST_STEP][PASSED] - verifyElementPropertyValue(getResponse, "offers[5].groups[0].pricingPlans[0].pricingPlanData[0].visualElements[2].key", "logo"): Verify element property value successfully

2023-10-16 14:22:26 - [MESSAGE][PASSED] - Verify element property value successfully

2023-10-16 14:22:26 - [TEST_STEP][PASSED] - verifyElementPropertyValue(getResponse, "offers[5].groups[0].pricingPlans[0].pricingPlanData[0].visualElements[2].value", "https://static.s3.shahid.mbc.net/widget-images/icons/iconCreditCard.png"): Verify element property value successfully

2023-10-16 14:22:26 - [MESSAGE][PASSED] - Verify element property value successfully

2023-10-16 14:22:26 - [TEST_STEP][PASSED] - verifyElementPropertyValue(getResponse, "offers[6].offerId", "winback-sport-40-offer"): Verify element property value successfully

2023-10-16 14:22:26 - [MESSAGE][PASSED] - Verify element property value successfully

2023-10-16 14:22:26 - [TEST_STEP][PASSED] - verifyElementPropertyValue(getResponse, "offers[6].offerParam", "sportsoffer40"): Verify element property value successfully

2023-10-16 14:22:26 - [MESSAGE][PASSED] - Verify element property value successfully

2023-10-16 14:22:26 - [TEST_STEP][PASSED] - verifyElementPropertyValue(getResponse, "offers[6].groups[0].pricingPlans[0].featured", "true"): Verify element property value successfully

2023-10-16 14:22:26 - [MESSAGE][PASSED] - Verify element property value successfully

2023-10-16 14:22:26 - [TEST_STEP][PASSED] - verifyElementPropertyValue(getResponse, "offers[6].groups[0].pricingPlans[0].period", "monthly"): Verify element property value successfully

2023-10-16 14:22:26 - [MESSAGE][PASSED] - Verify element property value successfully

2023-10-16 14:22:26 - [TEST_STEP][PASSED] - verifyElementPropertyValue(getResponse, "offers[6].groups[0].pricingPlans[0].featured", "true"): Verify element property value successfully

2023-10-16 14:22:26 - [MESSAGE][PASSED] - Verify element property value successfully

2023-10-16 14:22:26 - [TEST_STEP][PASSED] - verifyElementPropertyValue(getResponse, "offers[6].groups[0].pricingPlans[0].price", "6000.0"): Verify element property value successfully

2023-10-16 14:22:26 - [MESSAGE][PASSED] - Verify element property value successfully

2023-10-16 14:22:26 - [TEST_STEP][PASSED] - verifyElementPropertyValue(getResponse, "offers[6].groups[0].pricingPlans[0].currency", "IQD"): Verify element property value successfully

2023-10-16 14:22:26 - [MESSAGE][PASSED] - Verify element property value successfully

2023-10-16 14:22:26 - [TEST_STEP][PASSED] - verifyElementPropertyValue(getResponse, "offers[6].groups[0].pricingPlans[0].order", "0"): Verify element property value successfully

2023-10-16 14:22:26 - [MESSAGE][PASSED] - Verify element property value successfully

2023-10-16 14:22:26 - [TEST_STEP][PASSED] - verifyElementPropertyValue(getResponse, "offers[6].groups[0].pricingPlans[0].packageId", "SHAHID_VIP_SPORT"): Verify element property value successfully

2023-10-16 14:22:26 - [MESSAGE][PASSED] - Verify element property value successfully

2023-10-16 14:22:26 - [TEST_STEP][PASSED] - verifyElementPropertyValue(getResponse, "offers[6].groups[0].pricingPlans[0].catalogId", "SPORT"): Verify element property value successfully

2023-10-16 14:22:27 - [MESSAGE][PASSED] - Verify element property value successfully

2023-10-16 14:22:27 - [TEST_STEP][PASSED] - verifyElementPropertyValue(getResponse, "offers[6].groups[0].pricingPlans[0].visualElements[0].key", "Header_1_text"): Verify element property value successfully

2023-10-16 14:22:27 - [MESSAGE][PASSED] - Verify element property value successfully

2023-10-16 14:22:27 - [TEST_STEP][PASSED] - verifyElementPropertyValue(getResponse, "offers[6].groups[0].pricingPlans[0].visualElements[0].value", "Watch the most powerful series and movies exclusively without stopping"): Verify element property value successfully

2023-10-16 14:22:27 - [MESSAGE][PASSED] - Verify element property value successfully

2023-10-16 14:22:27 - [TEST_STEP][PASSED] - verifyElementPropertyValue(getResponse, "offers[6].groups[0].pricingPlans[0].visualElements[1].key", "display_title"): Verify element property value successfully

2023-10-16 14:22:27 - [MESSAGE][PASSED] - Verify element property value successfully

2023-10-16 14:22:27 - [TEST_STEP][FAILED] - verifyElementPropertyValue(getResponse, "offers[6].groups[0].pricingPlans[0].visualElements[1].value", "40% Discount Offer"): Expected element property value '40% Discount Offer' is not equal with actual property value '40% Discount Offer​'

2023-10-16 14:22:27 - [MESSAGE][FAILED] - Expected element property value '40% Discount Offer' is not equal with actual property value '40% Discount Offer​'

2023-10-16 14:22:27 - [TEST_STEP][PASSED] - verifyElementPropertyValue(getResponse, "offers[6].groups[0].pricingPlans[0].visualElements[3].key", "deduction_text"): Verify element property value successfully

2023-10-16 14:22:27 - [MESSAGE][PASSED] - Verify element property value successfully

2023-10-16 14:22:27 - [TEST_STEP][PASSED] - verifyElementPropertyValue(getResponse, "offers[6].groups[0].pricingPlans[0].visualElements[3].value", "billed every month"): Verify element property value successfully

2023-10-16 14:22:27 - [MESSAGE][PASSED] - Verify element property value successfully

2023-10-16 14:22:27 - [TEST_STEP][PASSED] - verifyElementPropertyValue(getResponse, "offers[6].groups[0].pricingPlans[0].visualElements[6].key", "show_payment_logo"): Verify element property value successfully

2023-10-16 14:22:27 - [MESSAGE][PASSED] - Verify element property value successfully

2023-10-16 14:22:27 - [TEST_STEP][PASSED] - verifyElementPropertyValue(getResponse, "offers[6].groups[0].pricingPlans[0].visualElements[6].value", "true"): Verify element property value successfully

2023-10-16 14:22:27 - [MESSAGE][PASSED] - Verify element property value successfully

2023-10-16 14:22:27 - [TEST_STEP][PASSED] - verifyElementPropertyValue(getResponse, "offers[6].groups[0].pricingPlans[0].visualElements[8].key", "price"): Verify element property value successfully

2023-10-16 14:22:27 - [MESSAGE][PASSED] - Verify element property value successfully

2023-10-16 14:22:27 - [TEST_STEP][PASSED] - verifyElementPropertyValue(getResponse, "offers[6].groups[0].pricingPlans[0].visualElements[8].value", "6000"): Verify element property value successfully

2023-10-16 14:22:27 - [MESSAGE][PASSED] - Verify element property value successfully

2023-10-16 14:22:27 - [TEST_STEP][PASSED] - verifyElementPropertyValue(getResponse, "offers[6].groups[0].pricingPlans[0].visualElements[9].key", "currency"): Verify element property value successfully

2023-10-16 14:22:27 - [MESSAGE][PASSED] - Verify element property value successfully

2023-10-16 14:22:27 - [TEST_STEP][PASSED] - verifyElementPropertyValue(getResponse, "offers[6].groups[0].pricingPlans[0].visualElements[9].value", "IQD"): Verify element property value successfully

2023-10-16 14:22:27 - [MESSAGE][PASSED] - Verify element property value successfully

2023-10-16 14:22:27 - [TEST_STEP][PASSED] - verifyElementPropertyValue(getResponse, "offers[6].groups[0].pricingPlans[0].visualElements[10].key", "duration"): Verify element property value successfully

2023-10-16 14:22:27 - [MESSAGE][PASSED] - Verify element property value successfully

2023-10-16 14:22:27 - [TEST_STEP][PASSED] - verifyElementPropertyValue(getResponse, "offers[6].groups[0].pricingPlans[0].visualElements[10].value", "Monthly"): Verify element property value successfully

2023-10-16 14:22:27 - [MESSAGE][PASSED] - Verify element property value successfully

2023-10-16 14:22:27 - [TEST_STEP][PASSED] - verifyElementPropertyValue(getResponse, "offers[6].groups[0].pricingPlans[0].visualElements[11].key", "featured_tag_text"): Verify element property value successfully

2023-10-16 14:22:27 - [MESSAGE][PASSED] - Verify element property value successfully

2023-10-16 14:22:27 - [TEST_STEP][PASSED] - verifyElementPropertyValue(getResponse, "offers[6].groups[0].pricingPlans[0].visualElements[11].value", "Limited Time Offer"): Verify element property value successfully

2023-10-16 14:22:27 - [MESSAGE][PASSED] - Verify element property value successfully

2023-10-16 14:22:27 - [TEST_STEP][PASSED] - verifyElementPropertyValue(getResponse, "offers[6].groups[0].pricingPlans[0].visualElements[13].key", "tag_text"): Verify element property value successfully

2023-10-16 14:22:27 - [MESSAGE][PASSED] - Verify element property value successfully

2023-10-16 14:22:27 - [TEST_STEP][PASSED] - verifyElementPropertyValue(getResponse, "offers[6].groups[0].pricingPlans[0].visualElements[13].value", "Save 40%"): Verify element property value successfully

2023-10-16 14:22:27 - [MESSAGE][PASSED] - Verify element property value successfully

2023-10-16 14:22:27 - [TEST_STEP][PASSED] - verifyElementPropertyValue(getResponse, "offers[6].groups[0].pricingPlans[0].visualElements[12].key", "show_tag"): Verify element property value successfully

2023-10-16 14:22:27 - [MESSAGE][PASSED] - Verify element property value successfully

2023-10-16 14:22:27 - [TEST_STEP][PASSED] - verifyElementPropertyValue(getResponse, "offers[6].groups[0].pricingPlans[0].visualElements[12].value", "true"): Verify element property value successfully

2023-10-16 14:22:27 - [MESSAGE][PASSED] - Verify element property value successfully

2023-10-16 14:22:27 - [TEST_STEP][PASSED] - verifyElementPropertyValue(getResponse, "offers[6].groups[0].pricingPlans[0].pricingPlanData[0].productId", "IRQ_B2C_SHAHID_VIP_SPORT_1M"): Verify element property value successfully

2023-10-16 14:22:27 - [MESSAGE][PASSED] - Verify element property value successfully

2023-10-16 14:22:27 - [TEST_STEP][PASSED] - verifyElementPropertyValue(getResponse, "offers[6].groups[0].pricingPlans[0].pricingPlanData[0].paymentMethod", "CREDIT_CARD"): Verify element property value successfully

2023-10-16 14:22:27 - [MESSAGE][PASSED] - Verify element property value successfully

2023-10-16 14:22:27 - [TEST_STEP][PASSED] - verifyElementPropertyValue(getResponse, "offers[6].groups[0].pricingPlans[0].pricingPlanData[0].freeTrialEnabled", "false"): Verify element property value successfully

2023-10-16 14:22:27 - [MESSAGE][PASSED] - Verify element property value successfully

2023-10-16 14:22:27 - [TEST_STEP][PASSED] - verifyElementPropertyValue(getResponse, "offers[6].groups[0].pricingPlans[0].pricingPlanData[0].showIn[0]", "VERTICAL_MODE"): Verify element property value successfully

2023-10-16 14:22:27 - [MESSAGE][PASSED] - Verify element property value successfully

2023-10-16 14:22:27 - [TEST_STEP][PASSED] - verifyElementPropertyValue(getResponse, "offers[6].groups[0].pricingPlans[0].pricingPlanData[0].showIn[1]", "HORIZONTAL_MODE"): Verify element property value successfully

2023-10-16 14:22:27 - [MESSAGE][PASSED] - Verify element property value successfully

2023-10-16 14:22:27 - [TEST_STEP][PASSED] - verifyElementPropertyValue(getResponse, "offers[6].groups[0].pricingPlans[0].pricingPlanData[0].priceLabel", "6000"): Verify element property value successfully

2023-10-16 14:22:27 - [MESSAGE][PASSED] - Verify element property value successfully

2023-10-16 14:22:27 - [TEST_STEP][PASSED] - verifyElementPropertyValue(getResponse, "offers[6].groups[0].pricingPlans[0].pricingPlanData[0].currencyLabel", "IQD"): Verify element property value successfully

2023-10-16 14:22:27 - [MESSAGE][PASSED] - Verify element property value successfully

2023-10-16 14:22:27 - [TEST_STEP][PASSED] - verifyElementPropertyValue(getResponse, "offers[6].groups[0].pricingPlans[0].pricingPlanData[0].dealId", "WB_SPORT_40P_IRQ"): Verify element property value successfully

2023-10-16 14:22:27 - [MESSAGE][PASSED] - Verify element property value successfully

2023-10-16 14:22:27 - [TEST_STEP][PASSED] - verifyElementPropertyValue(getResponse, "offers[6].groups[0].pricingPlans[0].pricingPlanData[0].allowedForAcquisition", "true"): Verify element property value successfully

2023-10-16 14:22:27 - [MESSAGE][PASSED] - Verify element property value successfully

2023-10-16 14:22:27 - [TEST_STEP][PASSED] - verifyElementPropertyValue(getResponse, "offers[6].groups[0].pricingPlans[0].pricingPlanData[0].visualElements[0].key", "title"): Verify element property value successfully

2023-10-16 14:22:27 - [MESSAGE][PASSED] - Verify element property value successfully

2023-10-16 14:22:27 - [TEST_STEP][PASSED] - verifyElementPropertyValue(getResponse, "offers[6].groups[0].pricingPlans[0].pricingPlanData[0].visualElements[0].value", "Credit/Debit Card"): Verify element property value successfully

2023-10-16 14:22:27 - [MESSAGE][PASSED] - Verify element property value successfully

2023-10-16 14:22:27 - [TEST_STEP][PASSED] - verifyElementPropertyValue(getResponse, "offers[6].groups[0].pricingPlans[0].pricingPlanData[0].visualElements[1].key", "CTA_text"): Verify element property value successfully

2023-10-16 14:22:27 - [MESSAGE][PASSED] - Verify element property value successfully

2023-10-16 14:22:27 - [TEST_STEP][PASSED] - verifyElementPropertyValue(getResponse, "offers[6].groups[0].pricingPlans[0].pricingPlanData[0].visualElements[1].value", "Subscribe"): Verify element property value successfully

2023-10-16 14:22:27 - [MESSAGE][PASSED] - Verify element property value successfully

2023-10-16 14:22:27 - [TEST_STEP][PASSED] - verifyElementPropertyValue(getResponse, "offers[6].groups[0].pricingPlans[0].pricingPlanData[0].visualElements[2].key", "logo"): Verify element property value successfully

2023-10-16 14:22:27 - [MESSAGE][PASSED] - Verify element property value successfully

2023-10-16 14:22:27 - [TEST_STEP][PASSED] - verifyElementPropertyValue(getResponse, "offers[6].groups[0].pricingPlans[0].pricingPlanData[0].visualElements[2].value", "https://static.s3.shahid.mbc.net/widget-images/icons/iconCreditCard.png"): Verify element property value successfully

2023-10-16 14:22:27 - [MESSAGE][PASSED] - Verify element property value successfully

2023-10-16 14:22:27 - [TEST_STEP][PASSED] - verifyElementPropertyValue(getResponse, "offers[7].offerId", "winback-sport-50-offer"): Verify element property value successfully

2023-10-16 14:22:27 - [MESSAGE][PASSED] - Verify element property value successfully

2023-10-16 14:22:27 - [TEST_STEP][PASSED] - verifyElementPropertyValue(getResponse, "offers[7].offerParam", "sportsoffer50"): Verify element property value successfully

2023-10-16 14:22:27 - [MESSAGE][PASSED] - Verify element property value successfully

2023-10-16 14:22:27 - [TEST_STEP][PASSED] - verifyElementPropertyValue(getResponse, "offers[7].groups[0].pricingPlans[0].featured", "true"): Verify element property value successfully

2023-10-16 14:22:27 - [MESSAGE][PASSED] - Verify element property value successfully

2023-10-16 14:22:27 - [TEST_STEP][PASSED] - verifyElementPropertyValue(getResponse, "offers[7].groups[0].pricingPlans[0].period", "monthly"): Verify element property value successfully

2023-10-16 14:22:27 - [MESSAGE][PASSED] - Verify element property value successfully

2023-10-16 14:22:27 - [TEST_STEP][PASSED] - verifyElementPropertyValue(getResponse, "offers[7].groups[0].pricingPlans[0].featured", "true"): Verify element property value successfully

2023-10-16 14:22:27 - [MESSAGE][PASSED] - Verify element property value successfully

2023-10-16 14:22:27 - [TEST_STEP][PASSED] - verifyElementPropertyValue(getResponse, "offers[7].groups[0].pricingPlans[0].price", "5000.0"): Verify element property value successfully

2023-10-16 14:22:27 - [MESSAGE][PASSED] - Verify element property value successfully

2023-10-16 14:22:27 - [TEST_STEP][PASSED] - verifyElementPropertyValue(getResponse, "offers[7].groups[0].pricingPlans[0].currency", "IQD"): Verify element property value successfully

2023-10-16 14:22:27 - [MESSAGE][PASSED] - Verify element property value successfully

2023-10-16 14:22:27 - [TEST_STEP][PASSED] - verifyElementPropertyValue(getResponse, "offers[7].groups[0].pricingPlans[0].order", "0"): Verify element property value successfully

2023-10-16 14:22:27 - [MESSAGE][PASSED] - Verify element property value successfully

2023-10-16 14:22:27 - [TEST_STEP][PASSED] - verifyElementPropertyValue(getResponse, "offers[7].groups[0].pricingPlans[0].packageId", "SHAHID_VIP_SPORT"): Verify element property value successfully

2023-10-16 14:22:27 - [MESSAGE][PASSED] - Verify element property value successfully

2023-10-16 14:22:27 - [TEST_STEP][PASSED] - verifyElementPropertyValue(getResponse, "offers[7].groups[0].pricingPlans[0].catalogId", "SPORT"): Verify element property value successfully

2023-10-16 14:22:27 - [MESSAGE][PASSED] - Verify element property value successfully

2023-10-16 14:22:27 - [TEST_STEP][PASSED] - verifyElementPropertyValue(getResponse, "offers[7].groups[0].pricingPlans[0].visualElements[0].key", "Header_1_text"): Verify element property value successfully

2023-10-16 14:22:27 - [MESSAGE][PASSED] - Verify element property value successfully

2023-10-16 14:22:27 - [TEST_STEP][PASSED] - verifyElementPropertyValue(getResponse, "offers[7].groups[0].pricingPlans[0].visualElements[0].value", "Watch the most powerful series and movies exclusively without stopping"): Verify element property value successfully

2023-10-16 14:22:27 - [MESSAGE][PASSED] - Verify element property value successfully

2023-10-16 14:22:27 - [TEST_STEP][PASSED] - verifyElementPropertyValue(getResponse, "offers[7].groups[0].pricingPlans[0].visualElements[1].key", "display_title"): Verify element property value successfully

2023-10-16 14:22:27 - [MESSAGE][PASSED] - Verify element property value successfully

2023-10-16 14:22:27 - [TEST_STEP][FAILED] - verifyElementPropertyValue(getResponse, "offers[7].groups[0].pricingPlans[0].visualElements[1].value", "50% Discount Offer"): Expected element property value '50% Discount Offer' is not equal with actual property value '50% Discount Offer​'

2023-10-16 14:22:27 - [MESSAGE][FAILED] - Expected element property value '50% Discount Offer' is not equal with actual property value '50% Discount Offer​'

2023-10-16 14:22:27 - [TEST_STEP][PASSED] - verifyElementPropertyValue(getResponse, "offers[7].groups[0].pricingPlans[0].visualElements[3].key", "deduction_text"): Verify element property value successfully

2023-10-16 14:22:27 - [MESSAGE][PASSED] - Verify element property value successfully

2023-10-16 14:22:27 - [TEST_STEP][PASSED] - verifyElementPropertyValue(getResponse, "offers[7].groups[0].pricingPlans[0].visualElements[3].value", "billed every month"): Verify element property value successfully

2023-10-16 14:22:27 - [MESSAGE][PASSED] - Verify element property value successfully

2023-10-16 14:22:27 - [TEST_STEP][PASSED] - verifyElementPropertyValue(getResponse, "offers[7].groups[0].pricingPlans[0].visualElements[6].key", "show_payment_logo"): Verify element property value successfully

2023-10-16 14:22:27 - [MESSAGE][PASSED] - Verify element property value successfully

2023-10-16 14:22:27 - [TEST_STEP][PASSED] - verifyElementPropertyValue(getResponse, "offers[7].groups[0].pricingPlans[0].visualElements[6].value", "true"): Verify element property value successfully

2023-10-16 14:22:27 - [MESSAGE][PASSED] - Verify element property value successfully

2023-10-16 14:22:27 - [TEST_STEP][PASSED] - verifyElementPropertyValue(getResponse, "offers[7].groups[0].pricingPlans[0].visualElements[8].key", "price"): Verify element property value successfully

2023-10-16 14:22:27 - [MESSAGE][PASSED] - Verify element property value successfully

2023-10-16 14:22:27 - [TEST_STEP][PASSED] - verifyElementPropertyValue(getResponse, "offers[7].groups[0].pricingPlans[0].visualElements[8].value", "5000"): Verify element property value successfully

2023-10-16 14:22:27 - [MESSAGE][PASSED] - Verify element property value successfully

2023-10-16 14:22:27 - [TEST_STEP][PASSED] - verifyElementPropertyValue(getResponse, "offers[7].groups[0].pricingPlans[0].visualElements[9].key", "currency"): Verify element property value successfully

2023-10-16 14:22:27 - [MESSAGE][PASSED] - Verify element property value successfully

2023-10-16 14:22:27 - [TEST_STEP][PASSED] - verifyElementPropertyValue(getResponse, "offers[7].groups[0].pricingPlans[0].visualElements[9].value", "IQD"): Verify element property value successfully

2023-10-16 14:22:27 - [MESSAGE][PASSED] - Verify element property value successfully

2023-10-16 14:22:27 - [TEST_STEP][PASSED] - verifyElementPropertyValue(getResponse, "offers[7].groups[0].pricingPlans[0].visualElements[10].key", "duration"): Verify element property value successfully

2023-10-16 14:22:27 - [MESSAGE][PASSED] - Verify element property value successfully

2023-10-16 14:22:27 - [TEST_STEP][PASSED] - verifyElementPropertyValue(getResponse, "offers[7].groups[0].pricingPlans[0].visualElements[10].value", "Monthly"): Verify element property value successfully

2023-10-16 14:22:27 - [MESSAGE][PASSED] - Verify element property value successfully

2023-10-16 14:22:27 - [TEST_STEP][PASSED] - verifyElementPropertyValue(getResponse, "offers[7].groups[0].pricingPlans[0].visualElements[11].key", "featured_tag_text"): Verify element property value successfully

2023-10-16 14:22:27 - [MESSAGE][PASSED] - Verify element property value successfully

2023-10-16 14:22:27 - [TEST_STEP][PASSED] - verifyElementPropertyValue(getResponse, "offers[7].groups[0].pricingPlans[0].visualElements[11].value", "Limited Time Offer"): Verify element property value successfully

2023-10-16 14:22:27 - [MESSAGE][PASSED] - Verify element property value successfully

2023-10-16 14:22:27 - [TEST_STEP][PASSED] - verifyElementPropertyValue(getResponse, "offers[7].groups[0].pricingPlans[0].visualElements[13].key", "tag_text"): Verify element property value successfully

2023-10-16 14:22:27 - [MESSAGE][PASSED] - Verify element property value successfully

2023-10-16 14:22:27 - [TEST_STEP][PASSED] - verifyElementPropertyValue(getResponse, "offers[7].groups[0].pricingPlans[0].visualElements[13].value", "Save 50%"): Verify element property value successfully

2023-10-16 14:22:27 - [MESSAGE][PASSED] - Verify element property value successfully

2023-10-16 14:22:27 - [TEST_STEP][PASSED] - verifyElementPropertyValue(getResponse, "offers[7].groups[0].pricingPlans[0].visualElements[12].key", "show_tag"): Verify element property value successfully

2023-10-16 14:22:27 - [MESSAGE][PASSED] - Verify element property value successfully

2023-10-16 14:22:27 - [TEST_STEP][PASSED] - verifyElementPropertyValue(getResponse, "offers[7].groups[0].pricingPlans[0].visualElements[12].value", "true"): Verify element property value successfully

2023-10-16 14:22:27 - [MESSAGE][PASSED] - Verify element property value successfully

2023-10-16 14:22:27 - [TEST_STEP][PASSED] - verifyElementPropertyValue(getResponse, "offers[7].groups[0].pricingPlans[0].pricingPlanData[0].productId", "IRQ_B2C_SHAHID_VIP_SPORT_1M"): Verify element property value successfully

2023-10-16 14:22:27 - [MESSAGE][PASSED] - Verify element property value successfully

2023-10-16 14:22:27 - [TEST_STEP][PASSED] - verifyElementPropertyValue(getResponse, "offers[7].groups[0].pricingPlans[0].pricingPlanData[0].paymentMethod", "CREDIT_CARD"): Verify element property value successfully

2023-10-16 14:22:27 - [MESSAGE][PASSED] - Verify element property value successfully

2023-10-16 14:22:27 - [TEST_STEP][PASSED] - verifyElementPropertyValue(getResponse, "offers[7].groups[0].pricingPlans[0].pricingPlanData[0].freeTrialEnabled", "false"): Verify element property value successfully

2023-10-16 14:22:27 - [MESSAGE][PASSED] - Verify element property value successfully

2023-10-16 14:22:27 - [TEST_STEP][PASSED] - verifyElementPropertyValue(getResponse, "offers[7].groups[0].pricingPlans[0].pricingPlanData[0].showIn[0]", "VERTICAL_MODE"): Verify element property value successfully

2023-10-16 14:22:27 - [MESSAGE][PASSED] - Verify element property value successfully

2023-10-16 14:22:27 - [TEST_STEP][PASSED] - verifyElementPropertyValue(getResponse, "offers[7].groups[0].pricingPlans[0].pricingPlanData[0].showIn[1]", "HORIZONTAL_MODE"): Verify element property value successfully

2023-10-16 14:22:27 - [MESSAGE][PASSED] - Verify element property value successfully

2023-10-16 14:22:27 - [TEST_STEP][PASSED] - verifyElementPropertyValue(getResponse, "offers[7].groups[0].pricingPlans[0].pricingPlanData[0].priceLabel", "5000"): Verify element property value successfully

2023-10-16 14:22:27 - [MESSAGE][PASSED] - Verify element property value successfully

2023-10-16 14:22:27 - [TEST_STEP][PASSED] - verifyElementPropertyValue(getResponse, "offers[7].groups[0].pricingPlans[0].pricingPlanData[0].currencyLabel", "IQD"): Verify element property value successfully

2023-10-16 14:22:27 - [MESSAGE][PASSED] - Verify element property value successfully

2023-10-16 14:22:27 - [TEST_STEP][PASSED] - verifyElementPropertyValue(getResponse, "offers[7].groups[0].pricingPlans[0].pricingPlanData[0].dealId", "WB_SPORT_50P_IRQ"): Verify element property value successfully

2023-10-16 14:22:27 - [MESSAGE][PASSED] - Verify element property value successfully

2023-10-16 14:22:27 - [TEST_STEP][PASSED] - verifyElementPropertyValue(getResponse, "offers[7].groups[0].pricingPlans[0].pricingPlanData[0].allowedForAcquisition", "true"): Verify element property value successfully

2023-10-16 14:22:27 - [MESSAGE][PASSED] - Verify element property value successfully

2023-10-16 14:22:27 - [TEST_STEP][PASSED] - verifyElementPropertyValue(getResponse, "offers[7].groups[0].pricingPlans[0].pricingPlanData[0].visualElements[0].key", "title"): Verify element property value successfully

2023-10-16 14:22:27 - [MESSAGE][PASSED] - Verify element property value successfully

2023-10-16 14:22:27 - [TEST_STEP][PASSED] - verifyElementPropertyValue(getResponse, "offers[7].groups[0].pricingPlans[0].pricingPlanData[0].visualElements[0].value", "Credit/Debit Card"): Verify element property value successfully

2023-10-16 14:22:27 - [MESSAGE][PASSED] - Verify element property value successfully

2023-10-16 14:22:27 - [TEST_STEP][PASSED] - verifyElementPropertyValue(getResponse, "offers[7].groups[0].pricingPlans[0].pricingPlanData[0].visualElements[1].key", "CTA_text"): Verify element property value successfully

2023-10-16 14:22:27 - [MESSAGE][PASSED] - Verify element property value successfully

2023-10-16 14:22:27 - [TEST_STEP][PASSED] - verifyElementPropertyValue(getResponse, "offers[7].groups[0].pricingPlans[0].pricingPlanData[0].visualElements[1].value", "Subscribe"): Verify element property value successfully

2023-10-16 14:22:27 - [MESSAGE][PASSED] - Verify element property value successfully

2023-10-16 14:22:27 - [TEST_STEP][PASSED] - verifyElementPropertyValue(getResponse, "offers[7].groups[0].pricingPlans[0].pricingPlanData[0].visualElements[2].key", "logo"): Verify element property value successfully

2023-10-16 14:22:27 - [MESSAGE][PASSED] - Verify element property value successfully

2023-10-16 14:22:27 - [TEST_STEP][PASSED] - verifyElementPropertyValue(getResponse, "offers[7].groups[0].pricingPlans[0].pricingPlanData[0].visualElements[2].value", "https://static.s3.shahid.mbc.net/widget-images/icons/iconCreditCard.png"): Verify element property value successfully

2023-10-16 14:22:27 - [MESSAGE][PASSED] - Verify element property value successfully

2023-10-16 14:22:27 - [TEST_STEP][PASSED] - verifyElementPropertyValue(getResponse, "offers[11].offerId", "byg-sport-30-offer"): Verify element property value successfully

2023-10-16 14:22:27 - [MESSAGE][PASSED] - Verify element property value successfully

2023-10-16 14:22:27 - [TEST_STEP][PASSED] - verifyElementPropertyValue(getResponse, "offers[11].offerParam", "bygsportsoffer30"): Verify element property value successfully

2023-10-16 14:22:27 - [MESSAGE][PASSED] - Verify element property value successfully

2023-10-16 14:22:27 - [TEST_STEP][PASSED] - verifyElementPropertyValue(getResponse, "offers[11].groups[0].pricingPlans[0].featured", "true"): Verify element property value successfully

2023-10-16 14:22:27 - [MESSAGE][PASSED] - Verify element property value successfully

2023-10-16 14:22:27 - [TEST_STEP][PASSED] - verifyElementPropertyValue(getResponse, "offers[11].groups[0].pricingPlans[0].period", "monthly"): Verify element property value successfully

2023-10-16 14:22:27 - [MESSAGE][PASSED] - Verify element property value successfully

2023-10-16 14:22:27 - [TEST_STEP][PASSED] - verifyElementPropertyValue(getResponse, "offers[11].groups[0].pricingPlans[0].featured", "true"): Verify element property value successfully

2023-10-16 14:22:27 - [MESSAGE][PASSED] - Verify element property value successfully

2023-10-16 14:22:27 - [TEST_STEP][PASSED] - verifyElementPropertyValue(getResponse, "offers[11].groups[0].pricingPlans[0].price", "7000.0"): Verify element property value successfully

2023-10-16 14:22:27 - [MESSAGE][PASSED] - Verify element property value successfully

2023-10-16 14:22:27 - [TEST_STEP][PASSED] - verifyElementPropertyValue(getResponse, "offers[11].groups[0].pricingPlans[0].currency", "IQD"): Verify element property value successfully

2023-10-16 14:22:27 - [MESSAGE][PASSED] - Verify element property value successfully

2023-10-16 14:22:27 - [TEST_STEP][PASSED] - verifyElementPropertyValue(getResponse, "offers[11].groups[0].pricingPlans[0].order", "0"): Verify element property value successfully

2023-10-16 14:22:27 - [MESSAGE][PASSED] - Verify element property value successfully

2023-10-16 14:22:27 - [TEST_STEP][PASSED] - verifyElementPropertyValue(getResponse, "offers[11].groups[0].pricingPlans[0].packageId", "SHAHID_VIP_SPORT"): Verify element property value successfully

2023-10-16 14:22:27 - [MESSAGE][PASSED] - Verify element property value successfully

2023-10-16 14:22:27 - [TEST_STEP][PASSED] - verifyElementPropertyValue(getResponse, "offers[11].groups[0].pricingPlans[0].catalogId", "SPORT"): Verify element property value successfully

2023-10-16 14:22:27 - [MESSAGE][PASSED] - Verify element property value successfully

2023-10-16 14:22:27 - [TEST_STEP][PASSED] - verifyElementPropertyValue(getResponse, "offers[11].groups[0].pricingPlans[0].visualElements[0].key", "Header_1_text"): Verify element property value successfully

2023-10-16 14:22:27 - [MESSAGE][PASSED] - Verify element property value successfully

2023-10-16 14:22:27 - [TEST_STEP][PASSED] - verifyElementPropertyValue(getResponse, "offers[11].groups[0].pricingPlans[0].visualElements[0].value", "Watch the most powerful series and movies exclusively without stopping"): Verify element property value successfully

2023-10-16 14:22:27 - [MESSAGE][PASSED] - Verify element property value successfully

2023-10-16 14:22:27 - [TEST_STEP][PASSED] - verifyElementPropertyValue(getResponse, "offers[11].groups[0].pricingPlans[0].visualElements[1].key", "display_title"): Verify element property value successfully

2023-10-16 14:22:27 - [MESSAGE][PASSED] - Verify element property value successfully

2023-10-16 14:22:27 - [TEST_STEP][FAILED] - verifyElementPropertyValue(getResponse, "offers[11].groups[0].pricingPlans[0].visualElements[1].value", "30% Discount Offer"): Expected element property value '30% Discount Offer' is not equal with actual property value '30% Discount Offer​'

2023-10-16 14:22:27 - [MESSAGE][FAILED] - Expected element property value '30% Discount Offer' is not equal with actual property value '30% Discount Offer​'

2023-10-16 14:22:27 - [TEST_STEP][PASSED] - verifyElementPropertyValue(getResponse, "offers[11].groups[0].pricingPlans[0].visualElements[3].key", "deduction_text"): Verify element property value successfully

2023-10-16 14:22:27 - [MESSAGE][PASSED] - Verify element property value successfully

2023-10-16 14:22:27 - [TEST_STEP][PASSED] - verifyElementPropertyValue(getResponse, "offers[11].groups[0].pricingPlans[0].visualElements[3].value", "billed every month"): Verify element property value successfully

2023-10-16 14:22:28 - [MESSAGE][PASSED] - Verify element property value successfully

2023-10-16 14:22:28 - [TEST_STEP][PASSED] - verifyElementPropertyValue(getResponse, "offers[11].groups[0].pricingPlans[0].visualElements[6].key", "show_payment_logo"): Verify element property value successfully

2023-10-16 14:22:28 - [MESSAGE][PASSED] - Verify element property value successfully

2023-10-16 14:22:28 - [TEST_STEP][PASSED] - verifyElementPropertyValue(getResponse, "offers[11].groups[0].pricingPlans[0].visualElements[6].value", "true"): Verify element property value successfully

2023-10-16 14:22:28 - [MESSAGE][PASSED] - Verify element property value successfully

2023-10-16 14:22:28 - [TEST_STEP][PASSED] - verifyElementPropertyValue(getResponse, "offers[11].groups[0].pricingPlans[0].visualElements[8].key", "price"): Verify element property value successfully

2023-10-16 14:22:28 - [MESSAGE][PASSED] - Verify element property value successfully

2023-10-16 14:22:28 - [TEST_STEP][PASSED] - verifyElementPropertyValue(getResponse, "offers[11].groups[0].pricingPlans[0].visualElements[8].value", "7000"): Verify element property value successfully

2023-10-16 14:22:28 - [MESSAGE][PASSED] - Verify element property value successfully

2023-10-16 14:22:28 - [TEST_STEP][PASSED] - verifyElementPropertyValue(getResponse, "offers[11].groups[0].pricingPlans[0].visualElements[9].key", "currency"): Verify element property value successfully

2023-10-16 14:22:28 - [MESSAGE][PASSED] - Verify element property value successfully

2023-10-16 14:22:28 - [TEST_STEP][PASSED] - verifyElementPropertyValue(getResponse, "offers[11].groups[0].pricingPlans[0].visualElements[9].value", "IQD"): Verify element property value successfully

2023-10-16 14:22:28 - [MESSAGE][PASSED] - Verify element property value successfully

2023-10-16 14:22:28 - [TEST_STEP][PASSED] - verifyElementPropertyValue(getResponse, "offers[11].groups[0].pricingPlans[0].visualElements[10].key", "duration"): Verify element property value successfully

2023-10-16 14:22:28 - [MESSAGE][PASSED] - Verify element property value successfully

2023-10-16 14:22:28 - [TEST_STEP][PASSED] - verifyElementPropertyValue(getResponse, "offers[11].groups[0].pricingPlans[0].visualElements[10].value", "Monthly"): Verify element property value successfully

2023-10-16 14:22:28 - [MESSAGE][PASSED] - Verify element property value successfully

2023-10-16 14:22:28 - [TEST_STEP][PASSED] - verifyElementPropertyValue(getResponse, "offers[11].groups[0].pricingPlans[0].visualElements[11].key", "featured_tag_text"): Verify element property value successfully

2023-10-16 14:22:28 - [MESSAGE][PASSED] - Verify element property value successfully

2023-10-16 14:22:28 - [TEST_STEP][PASSED] - verifyElementPropertyValue(getResponse, "offers[11].groups[0].pricingPlans[0].visualElements[11].value", "Limited Time Offer"): Verify element property value successfully

2023-10-16 14:22:28 - [MESSAGE][PASSED] - Verify element property value successfully

2023-10-16 14:22:28 - [TEST_STEP][PASSED] - verifyElementPropertyValue(getResponse, "offers[11].groups[0].pricingPlans[0].visualElements[12].key", "show_tag"): Verify element property value successfully

2023-10-16 14:22:28 - [MESSAGE][PASSED] - Verify element property value successfully

2023-10-16 14:22:28 - [TEST_STEP][PASSED] - verifyElementPropertyValue(getResponse, "offers[11].groups[0].pricingPlans[0].visualElements[12].value", "true"): Verify element property value successfully

2023-10-16 14:22:28 - [MESSAGE][PASSED] - Verify element property value successfully

2023-10-16 14:22:28 - [TEST_STEP][PASSED] - verifyElementPropertyValue(getResponse, "offers[11].groups[0].pricingPlans[0].visualElements[13].key", "tag_text"): Verify element property value successfully

2023-10-16 14:22:28 - [MESSAGE][PASSED] - Verify element property value successfully

2023-10-16 14:22:28 - [TEST_STEP][PASSED] - verifyElementPropertyValue(getResponse, "offers[11].groups[0].pricingPlans[0].visualElements[13].value", "Save 30%"): Verify element property value successfully

2023-10-16 14:22:28 - [MESSAGE][PASSED] - Verify element property value successfully

2023-10-16 14:22:28 - [TEST_STEP][PASSED] - verifyElementPropertyValue(getResponse, "offers[11].groups[0].pricingPlans[0].pricingPlanData[0].productId", "IRQ_B2C_SHAHID_VIP_SPORT_1M"): Verify element property value successfully

2023-10-16 14:22:28 - [MESSAGE][PASSED] - Verify element property value successfully

2023-10-16 14:22:28 - [TEST_STEP][PASSED] - verifyElementPropertyValue(getResponse, "offers[11].groups[0].pricingPlans[0].pricingPlanData[0].paymentMethod", "CREDIT_CARD"): Verify element property value successfully

2023-10-16 14:22:28 - [MESSAGE][PASSED] - Verify element property value successfully

2023-10-16 14:22:28 - [TEST_STEP][PASSED] - verifyElementPropertyValue(getResponse, "offers[11].groups[0].pricingPlans[0].pricingPlanData[0].freeTrialEnabled", "false"): Verify element property value successfully

2023-10-16 14:22:28 - [MESSAGE][PASSED] - Verify element property value successfully

2023-10-16 14:22:28 - [TEST_STEP][PASSED] - verifyElementPropertyValue(getResponse, "offers[11].groups[0].pricingPlans[0].pricingPlanData[0].showIn[0]", "VERTICAL_MODE"): Verify element property value successfully

2023-10-16 14:22:28 - [MESSAGE][PASSED] - Verify element property value successfully

2023-10-16 14:22:28 - [TEST_STEP][PASSED] - verifyElementPropertyValue(getResponse, "offers[11].groups[0].pricingPlans[0].pricingPlanData[0].showIn[1]", "HORIZONTAL_MODE"): Verify element property value successfully

2023-10-16 14:22:28 - [MESSAGE][PASSED] - Verify element property value successfully

2023-10-16 14:22:28 - [TEST_STEP][PASSED] - verifyElementPropertyValue(getResponse, "offers[11].groups[0].pricingPlans[0].pricingPlanData[0].priceLabel", "7000"): Verify element property value successfully

2023-10-16 14:22:28 - [MESSAGE][PASSED] - Verify element property value successfully

2023-10-16 14:22:28 - [TEST_STEP][PASSED] - verifyElementPropertyValue(getResponse, "offers[11].groups[0].pricingPlans[0].pricingPlanData[0].currencyLabel", "IQD"): Verify element property value successfully

2023-10-16 14:22:28 - [MESSAGE][PASSED] - Verify element property value successfully

2023-10-16 14:22:28 - [TEST_STEP][PASSED] - verifyElementPropertyValue(getResponse, "offers[11].groups[0].pricingPlans[0].pricingPlanData[0].dealId", "BYG_SPORT_30P_IRQ"): Verify element property value successfully

2023-10-16 14:22:28 - [MESSAGE][PASSED] - Verify element property value successfully

2023-10-16 14:22:28 - [TEST_STEP][PASSED] - verifyElementPropertyValue(getResponse, "offers[11].groups[0].pricingPlans[0].pricingPlanData[0].allowedForAcquisition", "true"): Verify element property value successfully

2023-10-16 14:22:28 - [MESSAGE][PASSED] - Verify element property value successfully

2023-10-16 14:22:28 - [TEST_STEP][PASSED] - verifyElementPropertyValue(getResponse, "offers[11].groups[0].pricingPlans[0].pricingPlanData[0].visualElements[0].key", "title"): Verify element property value successfully

2023-10-16 14:22:28 - [MESSAGE][PASSED] - Verify element property value successfully

2023-10-16 14:22:28 - [TEST_STEP][PASSED] - verifyElementPropertyValue(getResponse, "offers[11].groups[0].pricingPlans[0].pricingPlanData[0].visualElements[0].value", "Credit/Debit Card"): Verify element property value successfully

2023-10-16 14:22:28 - [MESSAGE][PASSED] - Verify element property value successfully

2023-10-16 14:22:28 - [TEST_STEP][PASSED] - verifyElementPropertyValue(getResponse, "offers[11].groups[0].pricingPlans[0].pricingPlanData[0].visualElements[1].key", "CTA_text"): Verify element property value successfully

2023-10-16 14:22:28 - [MESSAGE][PASSED] - Verify element property value successfully

2023-10-16 14:22:28 - [TEST_STEP][PASSED] - verifyElementPropertyValue(getResponse, "offers[11].groups[0].pricingPlans[0].pricingPlanData[0].visualElements[1].value", "Subscribe"): Verify element property value successfully

2023-10-16 14:22:28 - [MESSAGE][PASSED] - Verify element property value successfully

2023-10-16 14:22:28 - [TEST_STEP][PASSED] - verifyElementPropertyValue(getResponse, "offers[11].groups[0].pricingPlans[0].pricingPlanData[0].visualElements[2].key", "logo"): Verify element property value successfully

2023-10-16 14:22:28 - [MESSAGE][PASSED] - Verify element property value successfully

2023-10-16 14:22:28 - [TEST_STEP][PASSED] - verifyElementPropertyValue(getResponse, "offers[11].groups[0].pricingPlans[0].pricingPlanData[0].visualElements[2].value", "https://static.s3.shahid.mbc.net/widget-images/icons/iconCreditCard.png"): Verify element property value successfully

2023-10-16 14:22:28 - [MESSAGE][PASSED] - Verify element property value successfully

2023-10-16 14:22:28 - [TEST_STEP][PASSED] - verifyElementPropertyValue(getResponse, "offers[12].offerId", "byg-sport-40-offer"): Verify element property value successfully

2023-10-16 14:22:28 - [MESSAGE][PASSED] - Verify element property value successfully

2023-10-16 14:22:28 - [TEST_STEP][PASSED] - verifyElementPropertyValue(getResponse, "offers[12].offerParam", "bygsportsoffer40"): Verify element property value successfully

2023-10-16 14:22:28 - [MESSAGE][PASSED] - Verify element property value successfully

2023-10-16 14:22:28 - [TEST_STEP][PASSED] - verifyElementPropertyValue(getResponse, "offers[12].groups[0].pricingPlans[0].featured", "true"): Verify element property value successfully

2023-10-16 14:22:28 - [MESSAGE][PASSED] - Verify element property value successfully

2023-10-16 14:22:28 - [TEST_STEP][PASSED] - verifyElementPropertyValue(getResponse, "offers[12].groups[0].pricingPlans[0].period", "monthly"): Verify element property value successfully

2023-10-16 14:22:28 - [MESSAGE][PASSED] - Verify element property value successfully

2023-10-16 14:22:28 - [TEST_STEP][PASSED] - verifyElementPropertyValue(getResponse, "offers[12].groups[0].pricingPlans[0].featured", "true"): Verify element property value successfully

2023-10-16 14:22:28 - [MESSAGE][PASSED] - Verify element property value successfully

2023-10-16 14:22:28 - [TEST_STEP][PASSED] - verifyElementPropertyValue(getResponse, "offers[12].groups[0].pricingPlans[0].price", "6000.0"): Verify element property value successfully

2023-10-16 14:22:28 - [MESSAGE][PASSED] - Verify element property value successfully

2023-10-16 14:22:28 - [TEST_STEP][PASSED] - verifyElementPropertyValue(getResponse, "offers[12].groups[0].pricingPlans[0].currency", "IQD"): Verify element property value successfully

2023-10-16 14:22:28 - [MESSAGE][PASSED] - Verify element property value successfully

2023-10-16 14:22:28 - [TEST_STEP][PASSED] - verifyElementPropertyValue(getResponse, "offers[12].groups[0].pricingPlans[0].order", "0"): Verify element property value successfully

2023-10-16 14:22:28 - [MESSAGE][PASSED] - Verify element property value successfully

2023-10-16 14:22:28 - [TEST_STEP][PASSED] - verifyElementPropertyValue(getResponse, "offers[12].groups[0].pricingPlans[0].packageId", "SHAHID_VIP_SPORT"): Verify element property value successfully

2023-10-16 14:22:28 - [MESSAGE][PASSED] - Verify element property value successfully

2023-10-16 14:22:28 - [TEST_STEP][PASSED] - verifyElementPropertyValue(getResponse, "offers[12].groups[0].pricingPlans[0].catalogId", "SPORT"): Verify element property value successfully

2023-10-16 14:22:28 - [MESSAGE][PASSED] - Verify element property value successfully

2023-10-16 14:22:28 - [TEST_STEP][PASSED] - verifyElementPropertyValue(getResponse, "offers[12].groups[0].pricingPlans[0].visualElements[0].key", "Header_1_text"): Verify element property value successfully

2023-10-16 14:22:28 - [MESSAGE][PASSED] - Verify element property value successfully

2023-10-16 14:22:28 - [TEST_STEP][PASSED] - verifyElementPropertyValue(getResponse, "offers[12].groups[0].pricingPlans[0].visualElements[0].value", "Watch the most powerful series and movies exclusively without stopping"): Verify element property value successfully

2023-10-16 14:22:28 - [MESSAGE][PASSED] - Verify element property value successfully

2023-10-16 14:22:28 - [TEST_STEP][PASSED] - verifyElementPropertyValue(getResponse, "offers[12].groups[0].pricingPlans[0].visualElements[1].key", "display_title"): Verify element property value successfully

2023-10-16 14:22:28 - [MESSAGE][PASSED] - Verify element property value successfully

2023-10-16 14:22:28 - [TEST_STEP][FAILED] - verifyElementPropertyValue(getResponse, "offers[12].groups[0].pricingPlans[0].visualElements[1].value", "40% Discount Offer"): Expected element property value '40% Discount Offer' is not equal with actual property value '40% Discount Offer​'

2023-10-16 14:22:28 - [MESSAGE][FAILED] - Expected element property value '40% Discount Offer' is not equal with actual property value '40% Discount Offer​'

2023-10-16 14:22:28 - [TEST_STEP][PASSED] - verifyElementPropertyValue(getResponse, "offers[12].groups[0].pricingPlans[0].visualElements[3].key", "deduction_text"): Verify element property value successfully

2023-10-16 14:22:28 - [MESSAGE][PASSED] - Verify element property value successfully

2023-10-16 14:22:28 - [TEST_STEP][PASSED] - verifyElementPropertyValue(getResponse, "offers[12].groups[0].pricingPlans[0].visualElements[3].value", "billed every month"): Verify element property value successfully

2023-10-16 14:22:28 - [MESSAGE][PASSED] - Verify element property value successfully

2023-10-16 14:22:28 - [TEST_STEP][PASSED] - verifyElementPropertyValue(getResponse, "offers[12].groups[0].pricingPlans[0].visualElements[6].key", "show_payment_logo"): Verify element property value successfully

2023-10-16 14:22:28 - [MESSAGE][PASSED] - Verify element property value successfully

2023-10-16 14:22:28 - [TEST_STEP][PASSED] - verifyElementPropertyValue(getResponse, "offers[12].groups[0].pricingPlans[0].visualElements[6].value", "true"): Verify element property value successfully

2023-10-16 14:22:28 - [MESSAGE][PASSED] - Verify element property value successfully

2023-10-16 14:22:28 - [TEST_STEP][PASSED] - verifyElementPropertyValue(getResponse, "offers[12].groups[0].pricingPlans[0].visualElements[8].key", "price"): Verify element property value successfully

2023-10-16 14:22:28 - [MESSAGE][PASSED] - Verify element property value successfully

2023-10-16 14:22:28 - [TEST_STEP][PASSED] - verifyElementPropertyValue(getResponse, "offers[12].groups[0].pricingPlans[0].visualElements[8].value", "6000"): Verify element property value successfully

2023-10-16 14:22:28 - [MESSAGE][PASSED] - Verify element property value successfully

2023-10-16 14:22:28 - [TEST_STEP][PASSED] - verifyElementPropertyValue(getResponse, "offers[12].groups[0].pricingPlans[0].visualElements[9].key", "currency"): Verify element property value successfully

2023-10-16 14:22:28 - [MESSAGE][PASSED] - Verify element property value successfully

2023-10-16 14:22:28 - [TEST_STEP][PASSED] - verifyElementPropertyValue(getResponse, "offers[12].groups[0].pricingPlans[0].visualElements[9].value", "IQD"): Verify element property value successfully

2023-10-16 14:22:28 - [MESSAGE][PASSED] - Verify element property value successfully

2023-10-16 14:22:28 - [TEST_STEP][PASSED] - verifyElementPropertyValue(getResponse, "offers[12].groups[0].pricingPlans[0].visualElements[10].key", "duration"): Verify element property value successfully

2023-10-16 14:22:28 - [MESSAGE][PASSED] - Verify element property value successfully

2023-10-16 14:22:28 - [TEST_STEP][PASSED] - verifyElementPropertyValue(getResponse, "offers[12].groups[0].pricingPlans[0].visualElements[10].value", "Monthly"): Verify element property value successfully

2023-10-16 14:22:28 - [MESSAGE][PASSED] - Verify element property value successfully

2023-10-16 14:22:28 - [TEST_STEP][PASSED] - verifyElementPropertyValue(getResponse, "offers[12].groups[0].pricingPlans[0].visualElements[11].key", "featured_tag_text"): Verify element property value successfully

2023-10-16 14:22:28 - [MESSAGE][PASSED] - Verify element property value successfully

2023-10-16 14:22:28 - [TEST_STEP][PASSED] - verifyElementPropertyValue(getResponse, "offers[12].groups[0].pricingPlans[0].visualElements[11].value", "Limited Time Offer"): Verify element property value successfully

2023-10-16 14:22:28 - [MESSAGE][PASSED] - Verify element property value successfully

2023-10-16 14:22:28 - [TEST_STEP][PASSED] - verifyElementPropertyValue(getResponse, "offers[12].groups[0].pricingPlans[0].visualElements[13].key", "tag_text"): Verify element property value successfully

2023-10-16 14:22:28 - [MESSAGE][PASSED] - Verify element property value successfully

2023-10-16 14:22:28 - [TEST_STEP][PASSED] - verifyElementPropertyValue(getResponse, "offers[12].groups[0].pricingPlans[0].visualElements[13].value", "Save 40%"): Verify element property value successfully

2023-10-16 14:22:28 - [MESSAGE][PASSED] - Verify element property value successfully

2023-10-16 14:22:28 - [TEST_STEP][PASSED] - verifyElementPropertyValue(getResponse, "offers[12].groups[0].pricingPlans[0].visualElements[12].key", "show_tag"): Verify element property value successfully

2023-10-16 14:22:28 - [MESSAGE][PASSED] - Verify element property value successfully

2023-10-16 14:22:28 - [TEST_STEP][PASSED] - verifyElementPropertyValue(getResponse, "offers[12].groups[0].pricingPlans[0].visualElements[12].value", "true"): Verify element property value successfully

2023-10-16 14:22:28 - [MESSAGE][PASSED] - Verify element property value successfully

2023-10-16 14:22:28 - [TEST_STEP][PASSED] - verifyElementPropertyValue(getResponse, "offers[12].groups[0].pricingPlans[0].pricingPlanData[0].productId", "IRQ_B2C_SHAHID_VIP_SPORT_1M"): Verify element property value successfully

2023-10-16 14:22:28 - [MESSAGE][PASSED] - Verify element property value successfully

2023-10-16 14:22:28 - [TEST_STEP][PASSED] - verifyElementPropertyValue(getResponse, "offers[12].groups[0].pricingPlans[0].pricingPlanData[0].paymentMethod", "CREDIT_CARD"): Verify element property value successfully

2023-10-16 14:22:28 - [MESSAGE][PASSED] - Verify element property value successfully

2023-10-16 14:22:28 - [TEST_STEP][PASSED] - verifyElementPropertyValue(getResponse, "offers[12].groups[0].pricingPlans[0].pricingPlanData[0].freeTrialEnabled", "false"): Verify element property value successfully

2023-10-16 14:22:28 - [MESSAGE][PASSED] - Verify element property value successfully

2023-10-16 14:22:28 - [TEST_STEP][PASSED] - verifyElementPropertyValue(getResponse, "offers[12].groups[0].pricingPlans[0].pricingPlanData[0].showIn[0]", "VERTICAL_MODE"): Verify element property value successfully

2023-10-16 14:22:28 - [MESSAGE][PASSED] - Verify element property value successfully

2023-10-16 14:22:28 - [TEST_STEP][PASSED] - verifyElementPropertyValue(getResponse, "offers[12].groups[0].pricingPlans[0].pricingPlanData[0].showIn[1]", "HORIZONTAL_MODE"): Verify element property value successfully

2023-10-16 14:22:28 - [MESSAGE][PASSED] - Verify element property value successfully

2023-10-16 14:22:28 - [TEST_STEP][PASSED] - verifyElementPropertyValue(getResponse, "offers[12].groups[0].pricingPlans[0].pricingPlanData[0].priceLabel", "6000"): Verify element property value successfully

2023-10-16 14:22:28 - [MESSAGE][PASSED] - Verify element property value successfully

2023-10-16 14:22:28 - [TEST_STEP][PASSED] - verifyElementPropertyValue(getResponse, "offers[12].groups[0].pricingPlans[0].pricingPlanData[0].currencyLabel", "IQD"): Verify element property value successfully

2023-10-16 14:22:28 - [MESSAGE][PASSED] - Verify element property value successfully

2023-10-16 14:22:28 - [TEST_STEP][PASSED] - verifyElementPropertyValue(getResponse, "offers[12].groups[0].pricingPlans[0].pricingPlanData[0].dealId", "BYG_SPORT_40P_IRQ"): Verify element property value successfully

2023-10-16 14:22:28 - [MESSAGE][PASSED] - Verify element property value successfully

2023-10-16 14:22:28 - [TEST_STEP][PASSED] - verifyElementPropertyValue(getResponse, "offers[12].groups[0].pricingPlans[0].pricingPlanData[0].allowedForAcquisition", "true"): Verify element property value successfully

2023-10-16 14:22:28 - [MESSAGE][PASSED] - Verify element property value successfully

2023-10-16 14:22:28 - [TEST_STEP][PASSED] - verifyElementPropertyValue(getResponse, "offers[12].groups[0].pricingPlans[0].pricingPlanData[0].visualElements[0].key", "title"): Verify element property value successfully

2023-10-16 14:22:28 - [MESSAGE][PASSED] - Verify element property value successfully

2023-10-16 14:22:28 - [TEST_STEP][PASSED] - verifyElementPropertyValue(getResponse, "offers[12].groups[0].pricingPlans[0].pricingPlanData[0].visualElements[0].value", "Credit/Debit Card"): Verify element property value successfully

2023-10-16 14:22:28 - [MESSAGE][PASSED] - Verify element property value successfully

2023-10-16 14:22:28 - [TEST_STEP][PASSED] - verifyElementPropertyValue(getResponse, "offers[12].groups[0].pricingPlans[0].pricingPlanData[0].visualElements[1].key", "CTA_text"): Verify element property value successfully

2023-10-16 14:22:28 - [MESSAGE][PASSED] - Verify element property value successfully

2023-10-16 14:22:28 - [TEST_STEP][PASSED] - verifyElementPropertyValue(getResponse, "offers[12].groups[0].pricingPlans[0].pricingPlanData[0].visualElements[1].value", "Subscribe"): Verify element property value successfully

2023-10-16 14:22:28 - [MESSAGE][PASSED] - Verify element property value successfully

2023-10-16 14:22:28 - [TEST_STEP][PASSED] - verifyElementPropertyValue(getResponse, "offers[12].groups[0].pricingPlans[0].pricingPlanData[0].visualElements[2].key", "logo"): Verify element property value successfully

2023-10-16 14:22:28 - [MESSAGE][PASSED] - Verify element property value successfully

2023-10-16 14:22:28 - [TEST_STEP][PASSED] - verifyElementPropertyValue(getResponse, "offers[12].groups[0].pricingPlans[0].pricingPlanData[0].visualElements[2].value", "https://static.s3.shahid.mbc.net/widget-images/icons/iconCreditCard.png"): Verify element property value successfully

2023-10-16 14:22:28 - [MESSAGE][PASSED] - Verify element property value successfully

2023-10-16 14:22:28 - [TEST_STEP][PASSED] - verifyElementPropertyValue(getResponse, "offers[13].offerId", "byg-sport-50-offer"): Verify element property value successfully

2023-10-16 14:22:28 - [MESSAGE][PASSED] - Verify element property value successfully

2023-10-16 14:22:28 - [TEST_STEP][PASSED] - verifyElementPropertyValue(getResponse, "offers[13].offerParam", "bygsportsoffer50"): Verify element property value successfully

2023-10-16 14:22:28 - [MESSAGE][PASSED] - Verify element property value successfully

2023-10-16 14:22:28 - [TEST_STEP][PASSED] - verifyElementPropertyValue(getResponse, "offers[13].groups[0].pricingPlans[0].featured", "true"): Verify element property value successfully

2023-10-16 14:22:28 - [MESSAGE][PASSED] - Verify element property value successfully

2023-10-16 14:22:28 - [TEST_STEP][PASSED] - verifyElementPropertyValue(getResponse, "offers[13].groups[0].pricingPlans[0].period", "monthly"): Verify element property value successfully

2023-10-16 14:22:28 - [MESSAGE][PASSED] - Verify element property value successfully

2023-10-16 14:22:28 - [TEST_STEP][PASSED] - verifyElementPropertyValue(getResponse, "offers[13].groups[0].pricingPlans[0].featured", "true"): Verify element property value successfully

2023-10-16 14:22:28 - [MESSAGE][PASSED] - Verify element property value successfully

2023-10-16 14:22:28 - [TEST_STEP][PASSED] - verifyElementPropertyValue(getResponse, "offers[13].groups[0].pricingPlans[0].price", "5000.0"): Verify element property value successfully

2023-10-16 14:22:28 - [MESSAGE][PASSED] - Verify element property value successfully

2023-10-16 14:22:28 - [TEST_STEP][PASSED] - verifyElementPropertyValue(getResponse, "offers[13].groups[0].pricingPlans[0].currency", "IQD"): Verify element property value successfully

2023-10-16 14:22:28 - [MESSAGE][PASSED] - Verify element property value successfully

2023-10-16 14:22:28 - [TEST_STEP][PASSED] - verifyElementPropertyValue(getResponse, "offers[13].groups[0].pricingPlans[0].order", "0"): Verify element property value successfully

2023-10-16 14:22:28 - [MESSAGE][PASSED] - Verify element property value successfully

2023-10-16 14:22:28 - [TEST_STEP][PASSED] - verifyElementPropertyValue(getResponse, "offers[13].groups[0].pricingPlans[0].packageId", "SHAHID_VIP_SPORT"): Verify element property value successfully

2023-10-16 14:22:28 - [MESSAGE][PASSED] - Verify element property value successfully

2023-10-16 14:22:28 - [TEST_STEP][PASSED] - verifyElementPropertyValue(getResponse, "offers[13].groups[0].pricingPlans[0].catalogId", "SPORT"): Verify element property value successfully

2023-10-16 14:22:28 - [MESSAGE][PASSED] - Verify element property value successfully

2023-10-16 14:22:28 - [TEST_STEP][PASSED] - verifyElementPropertyValue(getResponse, "offers[13].groups[0].pricingPlans[0].visualElements[0].key", "Header_1_text"): Verify element property value successfully

2023-10-16 14:22:28 - [MESSAGE][PASSED] - Verify element property value successfully

2023-10-16 14:22:28 - [TEST_STEP][PASSED] - verifyElementPropertyValue(getResponse, "offers[13].groups[0].pricingPlans[0].visualElements[0].value", "Watch the most powerful series and movies exclusively without stopping"): Verify element property value successfully

2023-10-16 14:22:28 - [MESSAGE][PASSED] - Verify element property value successfully

2023-10-16 14:22:28 - [TEST_STEP][PASSED] - verifyElementPropertyValue(getResponse, "offers[13].groups[0].pricingPlans[0].visualElements[1].key", "display_title"): Verify element property value successfully

2023-10-16 14:22:28 - [MESSAGE][PASSED] - Verify element property value successfully

2023-10-16 14:22:28 - [TEST_STEP][FAILED] - verifyElementPropertyValue(getResponse, "offers[13].groups[0].pricingPlans[0].visualElements[1].value", "50% Discount Offer"): Expected element property value '50% Discount Offer' is not equal with actual property value '50% Discount Offer​'

2023-10-16 14:22:28 - [MESSAGE][FAILED] - Expected element property value '50% Discount Offer' is not equal with actual property value '50% Discount Offer​'

2023-10-16 14:22:28 - [TEST_STEP][PASSED] - verifyElementPropertyValue(getResponse, "offers[13].groups[0].pricingPlans[0].visualElements[3].key", "deduction_text"): Verify element property value successfully

2023-10-16 14:22:28 - [MESSAGE][PASSED] - Verify element property value successfully

2023-10-16 14:22:28 - [TEST_STEP][PASSED] - verifyElementPropertyValue(getResponse, "offers[13].groups[0].pricingPlans[0].visualElements[3].value", "billed every month"): Verify element property value successfully

2023-10-16 14:22:28 - [MESSAGE][PASSED] - Verify element property value successfully

2023-10-16 14:22:28 - [TEST_STEP][PASSED] - verifyElementPropertyValue(getResponse, "offers[13].groups[0].pricingPlans[0].visualElements[6].key", "show_payment_logo"): Verify element property value successfully

2023-10-16 14:22:28 - [MESSAGE][PASSED] - Verify element property value successfully

2023-10-16 14:22:28 - [TEST_STEP][PASSED] - verifyElementPropertyValue(getResponse, "offers[13].groups[0].pricingPlans[0].visualElements[6].value", "true"): Verify element property value successfully

2023-10-16 14:22:28 - [MESSAGE][PASSED] - Verify element property value successfully

2023-10-16 14:22:28 - [TEST_STEP][PASSED] - verifyElementPropertyValue(getResponse, "offers[13].groups[0].pricingPlans[0].visualElements[8].key", "price"): Verify element property value successfully

2023-10-16 14:22:29 - [MESSAGE][PASSED] - Verify element property value successfully

2023-10-16 14:22:29 - [TEST_STEP][PASSED] - verifyElementPropertyValue(getResponse, "offers[13].groups[0].pricingPlans[0].visualElements[8].value", "5000"): Verify element property value successfully

2023-10-16 14:22:29 - [MESSAGE][PASSED] - Verify element property value successfully

2023-10-16 14:22:29 - [TEST_STEP][PASSED] - verifyElementPropertyValue(getResponse, "offers[13].groups[0].pricingPlans[0].visualElements[9].key", "currency"): Verify element property value successfully

2023-10-16 14:22:29 - [MESSAGE][PASSED] - Verify element property value successfully

2023-10-16 14:22:29 - [TEST_STEP][PASSED] - verifyElementPropertyValue(getResponse, "offers[13].groups[0].pricingPlans[0].visualElements[9].value", "IQD"): Verify element property value successfully

2023-10-16 14:22:29 - [MESSAGE][PASSED] - Verify element property value successfully

2023-10-16 14:22:29 - [TEST_STEP][PASSED] - verifyElementPropertyValue(getResponse, "offers[13].groups[0].pricingPlans[0].visualElements[10].key", "duration"): Verify element property value successfully

2023-10-16 14:22:29 - [MESSAGE][PASSED] - Verify element property value successfully

2023-10-16 14:22:29 - [TEST_STEP][PASSED] - verifyElementPropertyValue(getResponse, "offers[13].groups[0].pricingPlans[0].visualElements[10].value", "Monthly"): Verify element property value successfully

2023-10-16 14:22:29 - [MESSAGE][PASSED] - Verify element property value successfully

2023-10-16 14:22:29 - [TEST_STEP][PASSED] - verifyElementPropertyValue(getResponse, "offers[13].groups[0].pricingPlans[0].visualElements[11].key", "featured_tag_text"): Verify element property value successfully

2023-10-16 14:22:29 - [MESSAGE][PASSED] - Verify element property value successfully

2023-10-16 14:22:29 - [TEST_STEP][PASSED] - verifyElementPropertyValue(getResponse, "offers[13].groups[0].pricingPlans[0].visualElements[11].value", "Limited Time Offer"): Verify element property value successfully

2023-10-16 14:22:29 - [MESSAGE][PASSED] - Verify element property value successfully

2023-10-16 14:22:29 - [TEST_STEP][PASSED] - verifyElementPropertyValue(getResponse, "offers[13].groups[0].pricingPlans[0].visualElements[13].key", "tag_text"): Verify element property value successfully

2023-10-16 14:22:29 - [MESSAGE][PASSED] - Verify element property value successfully

2023-10-16 14:22:29 - [TEST_STEP][PASSED] - verifyElementPropertyValue(getResponse, "offers[13].groups[0].pricingPlans[0].visualElements[13].value", "Save 50%"): Verify element property value successfully

2023-10-16 14:22:29 - [MESSAGE][PASSED] - Verify element property value successfully

2023-10-16 14:22:29 - [TEST_STEP][PASSED] - verifyElementPropertyValue(getResponse, "offers[13].groups[0].pricingPlans[0].visualElements[12].key", "show_tag"): Verify element property value successfully

2023-10-16 14:22:29 - [MESSAGE][PASSED] - Verify element property value successfully

2023-10-16 14:22:29 - [TEST_STEP][PASSED] - verifyElementPropertyValue(getResponse, "offers[13].groups[0].pricingPlans[0].visualElements[12].value", "true"): Verify element property value successfully

2023-10-16 14:22:29 - [MESSAGE][PASSED] - Verify element property value successfully

2023-10-16 14:22:29 - [TEST_STEP][PASSED] - verifyElementPropertyValue(getResponse, "offers[13].groups[0].pricingPlans[0].pricingPlanData[0].productId", "IRQ_B2C_SHAHID_VIP_SPORT_1M"): Verify element property value successfully

2023-10-16 14:22:29 - [MESSAGE][PASSED] - Verify element property value successfully

2023-10-16 14:22:29 - [TEST_STEP][PASSED] - verifyElementPropertyValue(getResponse, "offers[13].groups[0].pricingPlans[0].pricingPlanData[0].paymentMethod", "CREDIT_CARD"): Verify element property value successfully

2023-10-16 14:22:29 - [MESSAGE][PASSED] - Verify element property value successfully

2023-10-16 14:22:29 - [TEST_STEP][PASSED] - verifyElementPropertyValue(getResponse, "offers[13].groups[0].pricingPlans[0].pricingPlanData[0].freeTrialEnabled", "false"): Verify element property value successfully

2023-10-16 14:22:29 - [MESSAGE][PASSED] - Verify element property value successfully

2023-10-16 14:22:29 - [TEST_STEP][PASSED] - verifyElementPropertyValue(getResponse, "offers[13].groups[0].pricingPlans[0].pricingPlanData[0].showIn[0]", "VERTICAL_MODE"): Verify element property value successfully

2023-10-16 14:22:29 - [MESSAGE][PASSED] - Verify element property value successfully

2023-10-16 14:22:29 - [TEST_STEP][PASSED] - verifyElementPropertyValue(getResponse, "offers[13].groups[0].pricingPlans[0].pricingPlanData[0].showIn[1]", "HORIZONTAL_MODE"): Verify element property value successfully

2023-10-16 14:22:29 - [MESSAGE][PASSED] - Verify element property value successfully

2023-10-16 14:22:29 - [TEST_STEP][PASSED] - verifyElementPropertyValue(getResponse, "offers[13].groups[0].pricingPlans[0].pricingPlanData[0].priceLabel", "5000"): Verify element property value successfully

2023-10-16 14:22:29 - [MESSAGE][PASSED] - Verify element property value successfully

2023-10-16 14:22:29 - [TEST_STEP][PASSED] - verifyElementPropertyValue(getResponse, "offers[13].groups[0].pricingPlans[0].pricingPlanData[0].currencyLabel", "IQD"): Verify element property value successfully

2023-10-16 14:22:29 - [MESSAGE][PASSED] - Verify element property value successfully

2023-10-16 14:22:29 - [TEST_STEP][PASSED] - verifyElementPropertyValue(getResponse, "offers[13].groups[0].pricingPlans[0].pricingPlanData[0].dealId", "BYG_SPORT_50P_IRQ"): Verify element property value successfully

2023-10-16 14:22:29 - [MESSAGE][PASSED] - Verify element property value successfully

2023-10-16 14:22:29 - [TEST_STEP][PASSED] - verifyElementPropertyValue(getResponse, "offers[13].groups[0].pricingPlans[0].pricingPlanData[0].allowedForAcquisition", "true"): Verify element property value successfully

2023-10-16 14:22:29 - [MESSAGE][PASSED] - Verify element property value successfully

2023-10-16 14:22:29 - [TEST_STEP][PASSED] - verifyElementPropertyValue(getResponse, "offers[13].groups[0].pricingPlans[0].pricingPlanData[0].visualElements[0].key", "title"): Verify element property value successfully

2023-10-16 14:22:29 - [MESSAGE][PASSED] - Verify element property value successfully

2023-10-16 14:22:29 - [TEST_STEP][PASSED] - verifyElementPropertyValue(getResponse, "offers[13].groups[0].pricingPlans[0].pricingPlanData[0].visualElements[0].value", "Credit/Debit Card"): Verify element property value successfully

2023-10-16 14:22:29 - [MESSAGE][PASSED] - Verify element property value successfully

2023-10-16 14:22:29 - [TEST_STEP][PASSED] - verifyElementPropertyValue(getResponse, "offers[13].groups[0].pricingPlans[0].pricingPlanData[0].visualElements[1].key", "CTA_text"): Verify element property value successfully

2023-10-16 14:22:29 - [MESSAGE][PASSED] - Verify element property value successfully

2023-10-16 14:22:29 - [TEST_STEP][PASSED] - verifyElementPropertyValue(getResponse, "offers[13].groups[0].pricingPlans[0].pricingPlanData[0].visualElements[1].value", "Subscribe"): Verify element property value successfully

2023-10-16 14:22:29 - [MESSAGE][PASSED] - Verify element property value successfully

2023-10-16 14:22:29 - [TEST_STEP][PASSED] - verifyElementPropertyValue(getResponse, "offers[13].groups[0].pricingPlans[0].pricingPlanData[0].visualElements[2].key", "logo"): Verify element property value successfully

2023-10-16 14:22:29 - [MESSAGE][PASSED] - Verify element property value successfully

2023-10-16 14:22:29 - [TEST_STEP][PASSED] - verifyElementPropertyValue(getResponse, "offers[13].groups[0].pricingPlans[0].pricingPlanData[0].visualElements[2].value", "https://static.s3.shahid.mbc.net/widget-images/icons/iconCreditCard.png"): Verify element property value successfully

2023-10-16 14:22:29 - [MESSAGE][PASSED] - Verify element property value successfully]]></system-out>
         <system-err><![CDATA[2023-10-16 14:22:25 - [TEST_CASE][FAILED] - Test Cases/WEB - CHROME/IRQ PI/WEB_EN_getOffersForIRQ_SPORT: Test Cases/WEB - CHROME/IRQ PI/WEB_EN_getOffersForIRQ_SPORT FAILED.
Reason:
com.kms.katalon.core.exception.StepFailedException: Expected element property value '30% Discount Offer' is not equal with actual property value '30% Discount Offer​'
	at com.kms.katalon.core.keyword.internal.KeywordMain.stepFailed(KeywordMain.groovy:39)
	at com.kms.katalon.core.webservice.keyword.builtin.VerifyElementPropertyValueKeyword$_verifyElementPropertyValue_closure1.doCall(VerifyElementPropertyValueKeyword.groovy:56)
	at com.kms.katalon.core.webservice.keyword.builtin.VerifyElementPropertyValueKeyword$_verifyElementPropertyValue_closure1.call(VerifyElementPropertyValueKeyword.groovy)
	at com.kms.katalon.core.keyword.internal.KeywordMain.runKeyword(KeywordMain.groovy:75)
	at com.kms.katalon.core.webservice.keyword.builtin.VerifyElementPropertyValueKeyword.verifyElementPropertyValue(VerifyElementPropertyValueKeyword.groovy:48)
	at com.kms.katalon.core.webservice.keyword.builtin.VerifyElementPropertyValueKeyword.execute(VerifyElementPropertyValueKeyword.groovy:43)
	at com.kms.katalon.core.keyword.internal.KeywordExecutor.executeKeywordForPlatform(KeywordExecutor.groovy:74)
	at com.kms.katalon.core.webservice.keyword.WSBuiltInKeywords.verifyElementPropertyValue(WSBuiltInKeywords.groovy:190)
	at com.kms.katalon.core.webservice.keyword.WSBuiltInKeywords$verifyElementPropertyValue$1.call(Unknown Source)
	at WEB_EN_getOffersForIRQ_SPORT.run(WEB_EN_getOffersForIRQ_SPORT:45)
	at com.kms.katalon.core.main.ScriptEngine.run(ScriptEngine.java:194)
	at com.kms.katalon.core.main.ScriptEngine.runScriptAsRawText(ScriptEngine.java:119)
	at com.kms.katalon.core.main.TestCaseExecutor.runScript(TestCaseExecutor.java:448)
	at com.kms.katalon.core.main.TestCaseExecutor.doExecute(TestCaseExecutor.java:439)
	at com.kms.katalon.core.main.TestCaseExecutor.processExecutionPhase(TestCaseExecutor.java:418)
	at com.kms.katalon.core.main.TestCaseExecutor.accessMainPhase(TestCaseExecutor.java:410)
	at com.kms.katalon.core.main.TestCaseExecutor.execute(TestCaseExecutor.java:285)
	at com.kms.katalon.core.common.CommonExecutor.accessTestCaseMainPhase(CommonExecutor.java:65)
	at com.kms.katalon.core.main.TestSuiteExecutor.accessTestSuiteMainPhase(TestSuiteExecutor.java:148)
	at com.kms.katalon.core.main.TestSuiteExecutor.execute(TestSuiteExecutor.java:106)
	at com.kms.katalon.core.main.TestCaseMain.startTestSuite(TestCaseMain.java:187)
	at com.kms.katalon.core.main.TestCaseMain$startTestSuite$0.call(Unknown Source)
	at TempTestSuite1697454227045.run(TempTestSuite1697454227045.groovy:36)]]></system-err>
      </testcase>
      <testcase name="Test Cases/WEB - CHROME/IRQ PI/WEB_EN_getOffersForIRQ_VIP" time="3.953" classname="Test Cases/WEB - CHROME/IRQ PI/WEB_EN_getOffersForIRQ_VIP" status="FAILED">
         <failure type="FAILED" message="Test Cases/WEB - CHROME/IRQ PI/WEB_EN_getOffersForIRQ_VIP FAILED.
Reason:
com.kms.katalon.core.exception.StepFailedException: Expected element property value '30% Discount Offer' is not equal with actual property value '30% Discount Offer​'
	at com.kms.katalon.core.keyword.internal.KeywordMain.stepFailed(KeywordMain.groovy:39)
	at com.kms.katalon.core.webservice.keyword.builtin.VerifyElementPropertyValueKeyword$_verifyElementPropertyValue_closure1.doCall(VerifyElementPropertyValueKeyword.groovy:56)
	at com.kms.katalon.core.webservice.keyword.builtin.VerifyElementPropertyValueKeyword$_verifyElementPropertyValue_closure1.call(VerifyElementPropertyValueKeyword.groovy)
	at com.kms.katalon.core.keyword.internal.KeywordMain.runKeyword(KeywordMain.groovy:75)
	at com.kms.katalon.core.webservice.keyword.builtin.VerifyElementPropertyValueKeyword.verifyElementPropertyValue(VerifyElementPropertyValueKeyword.groovy:48)
	at com.kms.katalon.core.webservice.keyword.builtin.VerifyElementPropertyValueKeyword.execute(VerifyElementPropertyValueKeyword.groovy:43)
	at com.kms.katalon.core.keyword.internal.KeywordExecutor.executeKeywordForPlatform(KeywordExecutor.groovy:74)
	at com.kms.katalon.core.webservice.keyword.WSBuiltInKeywords.verifyElementPropertyValue(WSBuiltInKeywords.groovy:190)
	at com.kms.katalon.core.webservice.keyword.WSBuiltInKeywords$verifyElementPropertyValue$1.call(Unknown Source)
	at WEB_EN_getOffersForIRQ_VIP.run(WEB_EN_getOffersForIRQ_VIP:61)
	at com.kms.katalon.core.main.ScriptEngine.run(ScriptEngine.java:194)
	at com.kms.katalon.core.main.ScriptEngine.runScriptAsRawText(ScriptEngine.java:119)
	at com.kms.katalon.core.main.TestCaseExecutor.runScript(TestCaseExecutor.java:448)
	at com.kms.katalon.core.main.TestCaseExecutor.doExecute(TestCaseExecutor.java:439)
	at com.kms.katalon.core.main.TestCaseExecutor.processExecutionPhase(TestCaseExecutor.java:418)
	at com.kms.katalon.core.main.TestCaseExecutor.accessMainPhase(TestCaseExecutor.java:410)
	at com.kms.katalon.core.main.TestCaseExecutor.execute(TestCaseExecutor.java:285)
	at com.kms.katalon.core.common.CommonExecutor.accessTestCaseMainPhase(CommonExecutor.java:65)
	at com.kms.katalon.core.main.TestSuiteExecutor.accessTestSuiteMainPhase(TestSuiteExecutor.java:148)
	at com.kms.katalon.core.main.TestSuiteExecutor.execute(TestSuiteExecutor.java:106)
	at com.kms.katalon.core.main.TestCaseMain.startTestSuite(TestCaseMain.java:187)
	at com.kms.katalon.core.main.TestCaseMain$startTestSuite$0.call(Unknown Source)
	at TempTestSuite1697454227045.run(TempTestSuite1697454227045.groovy:36)
"/>
         <system-out><![CDATA[2023-10-16 14:22:29 - [TEST_CASE][FAILED] - Test Cases/WEB - CHROME/IRQ PI/WEB_EN_getOffersForIRQ_VIP: Test Cases/WEB - CHROME/IRQ PI/WEB_EN_getOffersForIRQ_VIP FAILED.
Reason:
com.kms.katalon.core.exception.StepFailedException: Expected element property value '30% Discount Offer' is not equal with actual property value '30% Discount Offer​'
	at com.kms.katalon.core.keyword.internal.KeywordMain.stepFailed(KeywordMain.groovy:39)
	at com.kms.katalon.core.webservice.keyword.builtin.VerifyElementPropertyValueKeyword$_verifyElementPropertyValue_closure1.doCall(VerifyElementPropertyValueKeyword.groovy:56)
	at com.kms.katalon.core.webservice.keyword.builtin.VerifyElementPropertyValueKeyword$_verifyElementPropertyValue_closure1.call(VerifyElementPropertyValueKeyword.groovy)
	at com.kms.katalon.core.keyword.internal.KeywordMain.runKeyword(KeywordMain.groovy:75)
	at com.kms.katalon.core.webservice.keyword.builtin.VerifyElementPropertyValueKeyword.verifyElementPropertyValue(VerifyElementPropertyValueKeyword.groovy:48)
	at com.kms.katalon.core.webservice.keyword.builtin.VerifyElementPropertyValueKeyword.execute(VerifyElementPropertyValueKeyword.groovy:43)
	at com.kms.katalon.core.keyword.internal.KeywordExecutor.executeKeywordForPlatform(KeywordExecutor.groovy:74)
	at com.kms.katalon.core.webservice.keyword.WSBuiltInKeywords.verifyElementPropertyValue(WSBuiltInKeywords.groovy:190)
	at com.kms.katalon.core.webservice.keyword.WSBuiltInKeywords$verifyElementPropertyValue$1.call(Unknown Source)
	at WEB_EN_getOffersForIRQ_VIP.run(WEB_EN_getOffersForIRQ_VIP:61)
	at com.kms.katalon.core.main.ScriptEngine.run(ScriptEngine.java:194)
	at com.kms.katalon.core.main.ScriptEngine.runScriptAsRawText(ScriptEngine.java:119)
	at com.kms.katalon.core.main.TestCaseExecutor.runScript(TestCaseExecutor.java:448)
	at com.kms.katalon.core.main.TestCaseExecutor.doExecute(TestCaseExecutor.java:439)
	at com.kms.katalon.core.main.TestCaseExecutor.processExecutionPhase(TestCaseExecutor.java:418)
	at com.kms.katalon.core.main.TestCaseExecutor.accessMainPhase(TestCaseExecutor.java:410)
	at com.kms.katalon.core.main.TestCaseExecutor.execute(TestCaseExecutor.java:285)
	at com.kms.katalon.core.common.CommonExecutor.accessTestCaseMainPhase(CommonExecutor.java:65)
	at com.kms.katalon.core.main.TestSuiteExecutor.accessTestSuiteMainPhase(TestSuiteExecutor.java:148)
	at com.kms.katalon.core.main.TestSuiteExecutor.execute(TestSuiteExecutor.java:106)
	at com.kms.katalon.core.main.TestCaseMain.startTestSuite(TestCaseMain.java:187)
	at com.kms.katalon.core.main.TestCaseMain$startTestSuite$0.call(Unknown Source)
	at TempTestSuite1697454227045.run(TempTestSuite1697454227045.groovy:36)


2023-10-16 14:22:29 - [TEST_STEP][PASSED] - getResponse = config_files.getConfigFile.getConfig("WEB", "EN", "SHAHID_VIP", "IQ", "false"): config_files.getConfigFile.getConfig is PASSED

2023-10-16 14:22:30 - [MESSAGE][INFO] - HAR: /Users/admin/git/shahid-configuration/Reports/20231016_140310/WEB/IRQ/20231016_140347/requests/main/7.har

2023-10-16 14:22:30 - [MESSAGE][PASSED] - Send request successfully

2023-10-16 14:22:30 - [MESSAGE][PASSED] - config_files.getConfigFile.getConfig is PASSED

2023-10-16 14:22:30 - [TEST_STEP][PASSED] - verifyResponseStatusCode(getResponse, 200): Verify response status code successfully

2023-10-16 14:22:30 - [MESSAGE][PASSED] - Verify response status code successfully

2023-10-16 14:22:30 - [TEST_STEP][PASSED] - verifyElementPropertyValue(getResponse, "country", "IRQ"): Verify element property value successfully

2023-10-16 14:22:30 - [MESSAGE][PASSED] - Verify element property value successfully

2023-10-16 14:22:30 - [TEST_STEP][PASSED] - verifyElementPropertyValue(getResponse, "platform", "[WEB]"): Verify element property value successfully

2023-10-16 14:22:30 - [MESSAGE][PASSED] - Verify element property value successfully

2023-10-16 14:22:30 - [TEST_STEP][PASSED] - verifyElementPropertyValue(getResponse, "offers[0].offerId", "winback-30-offer"): Verify element property value successfully

2023-10-16 14:22:30 - [MESSAGE][PASSED] - Verify element property value successfully

2023-10-16 14:22:30 - [TEST_STEP][PASSED] - verifyElementPropertyValue(getResponse, "offers[0].offerParam", "winback30"): Verify element property value successfully

2023-10-16 14:22:30 - [MESSAGE][PASSED] - Verify element property value successfully

2023-10-16 14:22:30 - [TEST_STEP][PASSED] - verifyElementPropertyValue(getResponse, "offers[0].groups[0].pricingPlans[0].featured", "true"): Verify element property value successfully

2023-10-16 14:22:30 - [MESSAGE][PASSED] - Verify element property value successfully

2023-10-16 14:22:30 - [TEST_STEP][PASSED] - verifyElementPropertyValue(getResponse, "offers[0].groups[0].pricingPlans[0].period", "monthly"): Verify element property value successfully

2023-10-16 14:22:30 - [MESSAGE][PASSED] - Verify element property value successfully

2023-10-16 14:22:30 - [TEST_STEP][PASSED] - verifyElementPropertyValue(getResponse, "offers[0].groups[0].pricingPlans[0].featured", "true"): Verify element property value successfully

2023-10-16 14:22:30 - [MESSAGE][PASSED] - Verify element property value successfully

2023-10-16 14:22:30 - [TEST_STEP][PASSED] - verifyElementPropertyValue(getResponse, "offers[0].groups[0].pricingPlans[0].price", "3500.0"): Verify element property value successfully

2023-10-16 14:22:30 - [MESSAGE][PASSED] - Verify element property value successfully

2023-10-16 14:22:30 - [TEST_STEP][PASSED] - verifyElementPropertyValue(getResponse, "offers[0].groups[0].pricingPlans[0].currency", "IQD"): Verify element property value successfully

2023-10-16 14:22:30 - [MESSAGE][PASSED] - Verify element property value successfully

2023-10-16 14:22:30 - [TEST_STEP][PASSED] - verifyElementPropertyValue(getResponse, "offers[0].groups[0].pricingPlans[0].order", "0"): Verify element property value successfully

2023-10-16 14:22:30 - [MESSAGE][PASSED] - Verify element property value successfully

2023-10-16 14:22:30 - [TEST_STEP][PASSED] - verifyElementPropertyValue(getResponse, "offers[0].groups[0].pricingPlans[0].packageId", "SHAHID_VIP"): Verify element property value successfully

2023-10-16 14:22:30 - [MESSAGE][PASSED] - Verify element property value successfully

2023-10-16 14:22:30 - [TEST_STEP][PASSED] - verifyElementPropertyValue(getResponse, "offers[0].groups[0].pricingPlans[0].catalogId", "VIP"): Verify element property value successfully

2023-10-16 14:22:30 - [MESSAGE][PASSED] - Verify element property value successfully

2023-10-16 14:22:30 - [TEST_STEP][PASSED] - verifyElementPropertyValue(getResponse, "offers[0].groups[0].pricingPlans[0].visualElements[0].key", "Header_1_text"): Verify element property value successfully

2023-10-16 14:22:30 - [MESSAGE][PASSED] - Verify element property value successfully

2023-10-16 14:22:30 - [TEST_STEP][PASSED] - verifyElementPropertyValue(getResponse, "offers[0].groups[0].pricingPlans[0].visualElements[0].value", "Watch the most powerful series and movies exclusively without stopping"): Verify element property value successfully

2023-10-16 14:22:30 - [MESSAGE][PASSED] - Verify element property value successfully

2023-10-16 14:22:30 - [TEST_STEP][PASSED] - verifyElementPropertyValue(getResponse, "offers[0].groups[0].pricingPlans[0].visualElements[1].key", "display_title"): Verify element property value successfully

2023-10-16 14:22:30 - [MESSAGE][PASSED] - Verify element property value successfully

2023-10-16 14:22:30 - [TEST_STEP][FAILED] - verifyElementPropertyValue(getResponse, "offers[0].groups[0].pricingPlans[0].visualElements[1].value", "30% Discount Offer"): Expected element property value '30% Discount Offer' is not equal with actual property value '30% Discount Offer​'

2023-10-16 14:22:30 - [MESSAGE][FAILED] - Expected element property value '30% Discount Offer' is not equal with actual property value '30% Discount Offer​'

2023-10-16 14:22:30 - [TEST_STEP][PASSED] - verifyElementPropertyValue(getResponse, "offers[0].groups[0].pricingPlans[0].visualElements[3].key", "deduction_text"): Verify element property value successfully

2023-10-16 14:22:30 - [MESSAGE][PASSED] - Verify element property value successfully

2023-10-16 14:22:30 - [TEST_STEP][PASSED] - verifyElementPropertyValue(getResponse, "offers[0].groups[0].pricingPlans[0].visualElements[3].value", "billed every month"): Verify element property value successfully

2023-10-16 14:22:30 - [MESSAGE][PASSED] - Verify element property value successfully

2023-10-16 14:22:30 - [TEST_STEP][PASSED] - verifyElementPropertyValue(getResponse, "offers[0].groups[0].pricingPlans[0].visualElements[6].key", "show_payment_logo"): Verify element property value successfully

2023-10-16 14:22:30 - [MESSAGE][PASSED] - Verify element property value successfully

2023-10-16 14:22:30 - [TEST_STEP][PASSED] - verifyElementPropertyValue(getResponse, "offers[0].groups[0].pricingPlans[0].visualElements[6].value", "true"): Verify element property value successfully

2023-10-16 14:22:30 - [MESSAGE][PASSED] - Verify element property value successfully

2023-10-16 14:22:30 - [TEST_STEP][PASSED] - verifyElementPropertyValue(getResponse, "offers[0].groups[0].pricingPlans[0].visualElements[8].key", "price"): Verify element property value successfully

2023-10-16 14:22:30 - [MESSAGE][PASSED] - Verify element property value successfully

2023-10-16 14:22:30 - [TEST_STEP][PASSED] - verifyElementPropertyValue(getResponse, "offers[0].groups[0].pricingPlans[0].visualElements[8].value", "3500"): Verify element property value successfully

2023-10-16 14:22:30 - [MESSAGE][PASSED] - Verify element property value successfully

2023-10-16 14:22:30 - [TEST_STEP][PASSED] - verifyElementPropertyValue(getResponse, "offers[0].groups[0].pricingPlans[0].visualElements[9].key", "currency"): Verify element property value successfully

2023-10-16 14:22:30 - [MESSAGE][PASSED] - Verify element property value successfully

2023-10-16 14:22:30 - [TEST_STEP][PASSED] - verifyElementPropertyValue(getResponse, "offers[0].groups[0].pricingPlans[0].visualElements[9].value", "IQD"): Verify element property value successfully

2023-10-16 14:22:30 - [MESSAGE][PASSED] - Verify element property value successfully

2023-10-16 14:22:30 - [TEST_STEP][PASSED] - verifyElementPropertyValue(getResponse, "offers[0].groups[0].pricingPlans[0].visualElements[10].key", "duration"): Verify element property value successfully

2023-10-16 14:22:30 - [MESSAGE][PASSED] - Verify element property value successfully

2023-10-16 14:22:30 - [TEST_STEP][PASSED] - verifyElementPropertyValue(getResponse, "offers[0].groups[0].pricingPlans[0].visualElements[10].value", "Monthly"): Verify element property value successfully

2023-10-16 14:22:30 - [MESSAGE][PASSED] - Verify element property value successfully

2023-10-16 14:22:30 - [TEST_STEP][PASSED] - verifyElementPropertyValue(getResponse, "offers[0].groups[0].pricingPlans[0].visualElements[11].key", "featured_tag_text"): Verify element property value successfully

2023-10-16 14:22:30 - [MESSAGE][PASSED] - Verify element property value successfully

2023-10-16 14:22:30 - [TEST_STEP][PASSED] - verifyElementPropertyValue(getResponse, "offers[0].groups[0].pricingPlans[0].visualElements[11].value", "Limited Time Offer"): Verify element property value successfully

2023-10-16 14:22:30 - [MESSAGE][PASSED] - Verify element property value successfully

2023-10-16 14:22:30 - [TEST_STEP][PASSED] - verifyElementPropertyValue(getResponse, "offers[0].groups[0].pricingPlans[0].visualElements[12].key", "show_tag"): Verify element property value successfully

2023-10-16 14:22:30 - [MESSAGE][PASSED] - Verify element property value successfully

2023-10-16 14:22:30 - [TEST_STEP][PASSED] - verifyElementPropertyValue(getResponse, "offers[0].groups[0].pricingPlans[0].visualElements[12].value", "true"): Verify element property value successfully

2023-10-16 14:22:30 - [MESSAGE][PASSED] - Verify element property value successfully

2023-10-16 14:22:30 - [TEST_STEP][PASSED] - verifyElementPropertyValue(getResponse, "offers[0].groups[0].pricingPlans[0].visualElements[13].key", "tag_text"): Verify element property value successfully

2023-10-16 14:22:30 - [MESSAGE][PASSED] - Verify element property value successfully

2023-10-16 14:22:30 - [TEST_STEP][PASSED] - verifyElementPropertyValue(getResponse, "offers[0].groups[0].pricingPlans[0].visualElements[13].value", "Save 30%"): Verify element property value successfully

2023-10-16 14:22:30 - [MESSAGE][PASSED] - Verify element property value successfully

2023-10-16 14:22:30 - [TEST_STEP][PASSED] - verifyElementPropertyValue(getResponse, "offers[0].groups[0].pricingPlans[0].pricingPlanData[0].productId", "IRQ_B2C_SHAHID_VIP_1M"): Verify element property value successfully

2023-10-16 14:22:30 - [MESSAGE][PASSED] - Verify element property value successfully

2023-10-16 14:22:30 - [TEST_STEP][PASSED] - verifyElementPropertyValue(getResponse, "offers[0].groups[0].pricingPlans[0].pricingPlanData[0].paymentMethod", "CREDIT_CARD"): Verify element property value successfully

2023-10-16 14:22:30 - [MESSAGE][PASSED] - Verify element property value successfully

2023-10-16 14:22:30 - [TEST_STEP][PASSED] - verifyElementPropertyValue(getResponse, "offers[0].groups[0].pricingPlans[0].pricingPlanData[0].freeTrialEnabled", "false"): Verify element property value successfully

2023-10-16 14:22:30 - [MESSAGE][PASSED] - Verify element property value successfully

2023-10-16 14:22:30 - [TEST_STEP][PASSED] - verifyElementPropertyValue(getResponse, "offers[0].groups[0].pricingPlans[0].pricingPlanData[0].showIn[0]", "VERTICAL_MODE"): Verify element property value successfully

2023-10-16 14:22:30 - [MESSAGE][PASSED] - Verify element property value successfully

2023-10-16 14:22:30 - [TEST_STEP][PASSED] - verifyElementPropertyValue(getResponse, "offers[0].groups[0].pricingPlans[0].pricingPlanData[0].showIn[1]", "HORIZONTAL_MODE"): Verify element property value successfully

2023-10-16 14:22:30 - [MESSAGE][PASSED] - Verify element property value successfully

2023-10-16 14:22:30 - [TEST_STEP][PASSED] - verifyElementPropertyValue(getResponse, "offers[0].groups[0].pricingPlans[0].pricingPlanData[0].priceLabel", "3500"): Verify element property value successfully

2023-10-16 14:22:30 - [MESSAGE][PASSED] - Verify element property value successfully

2023-10-16 14:22:30 - [TEST_STEP][PASSED] - verifyElementPropertyValue(getResponse, "offers[0].groups[0].pricingPlans[0].pricingPlanData[0].currencyLabel", "IQD"): Verify element property value successfully

2023-10-16 14:22:30 - [MESSAGE][PASSED] - Verify element property value successfully

2023-10-16 14:22:30 - [TEST_STEP][PASSED] - verifyElementPropertyValue(getResponse, "offers[0].groups[0].pricingPlans[0].pricingPlanData[0].dealId", "RE_30P_IRQ"): Verify element property value successfully

2023-10-16 14:22:30 - [MESSAGE][PASSED] - Verify element property value successfully

2023-10-16 14:22:30 - [TEST_STEP][PASSED] - verifyElementPropertyValue(getResponse, "offers[0].groups[0].pricingPlans[0].pricingPlanData[0].allowedForAcquisition", "true"): Verify element property value successfully

2023-10-16 14:22:30 - [MESSAGE][PASSED] - Verify element property value successfully

2023-10-16 14:22:30 - [TEST_STEP][PASSED] - verifyElementPropertyValue(getResponse, "offers[0].groups[0].pricingPlans[0].pricingPlanData[0].visualElements[0].key", "title"): Verify element property value successfully

2023-10-16 14:22:30 - [MESSAGE][PASSED] - Verify element property value successfully

2023-10-16 14:22:30 - [TEST_STEP][PASSED] - verifyElementPropertyValue(getResponse, "offers[0].groups[0].pricingPlans[0].pricingPlanData[0].visualElements[0].value", "Credit/Debit Card"): Verify element property value successfully

2023-10-16 14:22:30 - [MESSAGE][PASSED] - Verify element property value successfully

2023-10-16 14:22:30 - [TEST_STEP][PASSED] - verifyElementPropertyValue(getResponse, "offers[0].groups[0].pricingPlans[0].pricingPlanData[0].visualElements[1].key", "CTA_text"): Verify element property value successfully

2023-10-16 14:22:30 - [MESSAGE][PASSED] - Verify element property value successfully

2023-10-16 14:22:30 - [TEST_STEP][PASSED] - verifyElementPropertyValue(getResponse, "offers[0].groups[0].pricingPlans[0].pricingPlanData[0].visualElements[1].value", "Subscribe"): Verify element property value successfully

2023-10-16 14:22:30 - [MESSAGE][PASSED] - Verify element property value successfully

2023-10-16 14:22:30 - [TEST_STEP][PASSED] - verifyElementPropertyValue(getResponse, "offers[0].groups[0].pricingPlans[0].pricingPlanData[0].visualElements[2].key", "logo"): Verify element property value successfully

2023-10-16 14:22:30 - [MESSAGE][PASSED] - Verify element property value successfully

2023-10-16 14:22:30 - [TEST_STEP][PASSED] - verifyElementPropertyValue(getResponse, "offers[0].groups[0].pricingPlans[0].pricingPlanData[0].visualElements[2].value", "https://static.s3.shahid.mbc.net/widget-images/icons/iconCreditCard.png"): Verify element property value successfully

2023-10-16 14:22:30 - [MESSAGE][PASSED] - Verify element property value successfully

2023-10-16 14:22:30 - [TEST_STEP][PASSED] - verifyElementPropertyValue(getResponse, "offers[1].offerId", "winback-40-offer"): Verify element property value successfully

2023-10-16 14:22:30 - [MESSAGE][PASSED] - Verify element property value successfully

2023-10-16 14:22:30 - [TEST_STEP][PASSED] - verifyElementPropertyValue(getResponse, "offers[1].offerParam", "winback40"): Verify element property value successfully

2023-10-16 14:22:30 - [MESSAGE][PASSED] - Verify element property value successfully

2023-10-16 14:22:30 - [TEST_STEP][PASSED] - verifyElementPropertyValue(getResponse, "offers[1].groups[0].pricingPlans[0].featured", "true"): Verify element property value successfully

2023-10-16 14:22:30 - [MESSAGE][PASSED] - Verify element property value successfully

2023-10-16 14:22:30 - [TEST_STEP][PASSED] - verifyElementPropertyValue(getResponse, "offers[1].groups[0].pricingPlans[0].period", "monthly"): Verify element property value successfully

2023-10-16 14:22:30 - [MESSAGE][PASSED] - Verify element property value successfully

2023-10-16 14:22:30 - [TEST_STEP][PASSED] - verifyElementPropertyValue(getResponse, "offers[1].groups[0].pricingPlans[0].featured", "true"): Verify element property value successfully

2023-10-16 14:22:30 - [MESSAGE][PASSED] - Verify element property value successfully

2023-10-16 14:22:30 - [TEST_STEP][PASSED] - verifyElementPropertyValue(getResponse, "offers[1].groups[0].pricingPlans[0].price", "3000.0"): Verify element property value successfully

2023-10-16 14:22:30 - [MESSAGE][PASSED] - Verify element property value successfully

2023-10-16 14:22:30 - [TEST_STEP][PASSED] - verifyElementPropertyValue(getResponse, "offers[1].groups[0].pricingPlans[0].currency", "IQD"): Verify element property value successfully

2023-10-16 14:22:30 - [MESSAGE][PASSED] - Verify element property value successfully

2023-10-16 14:22:30 - [TEST_STEP][PASSED] - verifyElementPropertyValue(getResponse, "offers[1].groups[0].pricingPlans[0].order", "0"): Verify element property value successfully

2023-10-16 14:22:30 - [MESSAGE][PASSED] - Verify element property value successfully

2023-10-16 14:22:30 - [TEST_STEP][PASSED] - verifyElementPropertyValue(getResponse, "offers[1].groups[0].pricingPlans[0].packageId", "SHAHID_VIP"): Verify element property value successfully

2023-10-16 14:22:30 - [MESSAGE][PASSED] - Verify element property value successfully

2023-10-16 14:22:30 - [TEST_STEP][PASSED] - verifyElementPropertyValue(getResponse, "offers[1].groups[0].pricingPlans[0].catalogId", "VIP"): Verify element property value successfully

2023-10-16 14:22:30 - [MESSAGE][PASSED] - Verify element property value successfully

2023-10-16 14:22:30 - [TEST_STEP][PASSED] - verifyElementPropertyValue(getResponse, "offers[1].groups[0].pricingPlans[0].visualElements[0].key", "Header_1_text"): Verify element property value successfully

2023-10-16 14:22:30 - [MESSAGE][PASSED] - Verify element property value successfully

2023-10-16 14:22:30 - [TEST_STEP][PASSED] - verifyElementPropertyValue(getResponse, "offers[1].groups[0].pricingPlans[0].visualElements[0].value", "Watch the most powerful series and movies exclusively without stopping"): Verify element property value successfully

2023-10-16 14:22:30 - [MESSAGE][PASSED] - Verify element property value successfully

2023-10-16 14:22:30 - [TEST_STEP][PASSED] - verifyElementPropertyValue(getResponse, "offers[1].groups[0].pricingPlans[0].visualElements[1].key", "display_title"): Verify element property value successfully

2023-10-16 14:22:30 - [MESSAGE][PASSED] - Verify element property value successfully

2023-10-16 14:22:30 - [TEST_STEP][FAILED] - verifyElementPropertyValue(getResponse, "offers[1].groups[0].pricingPlans[0].visualElements[1].value", "40% Discount Offer"): Expected element property value '40% Discount Offer' is not equal with actual property value '40% Discount Offer​'

2023-10-16 14:22:30 - [MESSAGE][FAILED] - Expected element property value '40% Discount Offer' is not equal with actual property value '40% Discount Offer​'

2023-10-16 14:22:30 - [TEST_STEP][PASSED] - verifyElementPropertyValue(getResponse, "offers[1].groups[0].pricingPlans[0].visualElements[3].key", "deduction_text"): Verify element property value successfully

2023-10-16 14:22:30 - [MESSAGE][PASSED] - Verify element property value successfully

2023-10-16 14:22:30 - [TEST_STEP][PASSED] - verifyElementPropertyValue(getResponse, "offers[1].groups[0].pricingPlans[0].visualElements[3].value", "billed every month"): Verify element property value successfully

2023-10-16 14:22:31 - [MESSAGE][PASSED] - Verify element property value successfully

2023-10-16 14:22:31 - [TEST_STEP][PASSED] - verifyElementPropertyValue(getResponse, "offers[1].groups[0].pricingPlans[0].visualElements[6].key", "show_payment_logo"): Verify element property value successfully

2023-10-16 14:22:31 - [MESSAGE][PASSED] - Verify element property value successfully

2023-10-16 14:22:31 - [TEST_STEP][PASSED] - verifyElementPropertyValue(getResponse, "offers[1].groups[0].pricingPlans[0].visualElements[6].value", "true"): Verify element property value successfully

2023-10-16 14:22:31 - [MESSAGE][PASSED] - Verify element property value successfully

2023-10-16 14:22:31 - [TEST_STEP][PASSED] - verifyElementPropertyValue(getResponse, "offers[1].groups[0].pricingPlans[0].visualElements[8].key", "price"): Verify element property value successfully

2023-10-16 14:22:31 - [MESSAGE][PASSED] - Verify element property value successfully

2023-10-16 14:22:31 - [TEST_STEP][PASSED] - verifyElementPropertyValue(getResponse, "offers[1].groups[0].pricingPlans[0].visualElements[8].value", "3000"): Verify element property value successfully

2023-10-16 14:22:31 - [MESSAGE][PASSED] - Verify element property value successfully

2023-10-16 14:22:31 - [TEST_STEP][PASSED] - verifyElementPropertyValue(getResponse, "offers[1].groups[0].pricingPlans[0].visualElements[9].key", "currency"): Verify element property value successfully

2023-10-16 14:22:31 - [MESSAGE][PASSED] - Verify element property value successfully

2023-10-16 14:22:31 - [TEST_STEP][PASSED] - verifyElementPropertyValue(getResponse, "offers[1].groups[0].pricingPlans[0].visualElements[9].value", "IQD"): Verify element property value successfully

2023-10-16 14:22:31 - [MESSAGE][PASSED] - Verify element property value successfully

2023-10-16 14:22:31 - [TEST_STEP][PASSED] - verifyElementPropertyValue(getResponse, "offers[1].groups[0].pricingPlans[0].visualElements[10].key", "duration"): Verify element property value successfully

2023-10-16 14:22:31 - [MESSAGE][PASSED] - Verify element property value successfully

2023-10-16 14:22:31 - [TEST_STEP][PASSED] - verifyElementPropertyValue(getResponse, "offers[1].groups[0].pricingPlans[0].visualElements[10].value", "Monthly"): Verify element property value successfully

2023-10-16 14:22:31 - [MESSAGE][PASSED] - Verify element property value successfully

2023-10-16 14:22:31 - [TEST_STEP][PASSED] - verifyElementPropertyValue(getResponse, "offers[1].groups[0].pricingPlans[0].visualElements[11].key", "featured_tag_text"): Verify element property value successfully

2023-10-16 14:22:31 - [MESSAGE][PASSED] - Verify element property value successfully

2023-10-16 14:22:31 - [TEST_STEP][PASSED] - verifyElementPropertyValue(getResponse, "offers[1].groups[0].pricingPlans[0].visualElements[11].value", "Limited Time Offer"): Verify element property value successfully

2023-10-16 14:22:31 - [MESSAGE][PASSED] - Verify element property value successfully

2023-10-16 14:22:31 - [TEST_STEP][PASSED] - verifyElementPropertyValue(getResponse, "offers[1].groups[0].pricingPlans[0].visualElements[13].key", "tag_text"): Verify element property value successfully

2023-10-16 14:22:31 - [MESSAGE][PASSED] - Verify element property value successfully

2023-10-16 14:22:31 - [TEST_STEP][PASSED] - verifyElementPropertyValue(getResponse, "offers[1].groups[0].pricingPlans[0].visualElements[13].value", "Save 40%"): Verify element property value successfully

2023-10-16 14:22:31 - [MESSAGE][PASSED] - Verify element property value successfully

2023-10-16 14:22:31 - [TEST_STEP][PASSED] - verifyElementPropertyValue(getResponse, "offers[1].groups[0].pricingPlans[0].visualElements[12].key", "show_tag"): Verify element property value successfully

2023-10-16 14:22:31 - [MESSAGE][PASSED] - Verify element property value successfully

2023-10-16 14:22:31 - [TEST_STEP][PASSED] - verifyElementPropertyValue(getResponse, "offers[1].groups[0].pricingPlans[0].visualElements[12].value", "true"): Verify element property value successfully

2023-10-16 14:22:31 - [MESSAGE][PASSED] - Verify element property value successfully

2023-10-16 14:22:31 - [TEST_STEP][PASSED] - verifyElementPropertyValue(getResponse, "offers[1].groups[0].pricingPlans[0].pricingPlanData[0].productId", "IRQ_B2C_SHAHID_VIP_1M"): Verify element property value successfully

2023-10-16 14:22:31 - [MESSAGE][PASSED] - Verify element property value successfully

2023-10-16 14:22:31 - [TEST_STEP][PASSED] - verifyElementPropertyValue(getResponse, "offers[1].groups[0].pricingPlans[0].pricingPlanData[0].paymentMethod", "CREDIT_CARD"): Verify element property value successfully

2023-10-16 14:22:31 - [MESSAGE][PASSED] - Verify element property value successfully

2023-10-16 14:22:31 - [TEST_STEP][PASSED] - verifyElementPropertyValue(getResponse, "offers[1].groups[0].pricingPlans[0].pricingPlanData[0].freeTrialEnabled", "false"): Verify element property value successfully

2023-10-16 14:22:31 - [MESSAGE][PASSED] - Verify element property value successfully

2023-10-16 14:22:31 - [TEST_STEP][PASSED] - verifyElementPropertyValue(getResponse, "offers[1].groups[0].pricingPlans[0].pricingPlanData[0].showIn[0]", "VERTICAL_MODE"): Verify element property value successfully

2023-10-16 14:22:31 - [MESSAGE][PASSED] - Verify element property value successfully

2023-10-16 14:22:31 - [TEST_STEP][PASSED] - verifyElementPropertyValue(getResponse, "offers[1].groups[0].pricingPlans[0].pricingPlanData[0].showIn[1]", "HORIZONTAL_MODE"): Verify element property value successfully

2023-10-16 14:22:31 - [MESSAGE][PASSED] - Verify element property value successfully

2023-10-16 14:22:31 - [TEST_STEP][PASSED] - verifyElementPropertyValue(getResponse, "offers[1].groups[0].pricingPlans[0].pricingPlanData[0].priceLabel", "3000"): Verify element property value successfully

2023-10-16 14:22:31 - [MESSAGE][PASSED] - Verify element property value successfully

2023-10-16 14:22:31 - [TEST_STEP][PASSED] - verifyElementPropertyValue(getResponse, "offers[1].groups[0].pricingPlans[0].pricingPlanData[0].currencyLabel", "IQD"): Verify element property value successfully

2023-10-16 14:22:31 - [MESSAGE][PASSED] - Verify element property value successfully

2023-10-16 14:22:31 - [TEST_STEP][PASSED] - verifyElementPropertyValue(getResponse, "offers[1].groups[0].pricingPlans[0].pricingPlanData[0].dealId", "RE_40P_IRQ"): Verify element property value successfully

2023-10-16 14:22:31 - [MESSAGE][PASSED] - Verify element property value successfully

2023-10-16 14:22:31 - [TEST_STEP][PASSED] - verifyElementPropertyValue(getResponse, "offers[1].groups[0].pricingPlans[0].pricingPlanData[0].allowedForAcquisition", "true"): Verify element property value successfully

2023-10-16 14:22:31 - [MESSAGE][PASSED] - Verify element property value successfully

2023-10-16 14:22:31 - [TEST_STEP][PASSED] - verifyElementPropertyValue(getResponse, "offers[1].groups[0].pricingPlans[0].pricingPlanData[0].visualElements[0].key", "title"): Verify element property value successfully

2023-10-16 14:22:31 - [MESSAGE][PASSED] - Verify element property value successfully

2023-10-16 14:22:31 - [TEST_STEP][PASSED] - verifyElementPropertyValue(getResponse, "offers[1].groups[0].pricingPlans[0].pricingPlanData[0].visualElements[0].value", "Credit/Debit Card"): Verify element property value successfully

2023-10-16 14:22:31 - [MESSAGE][PASSED] - Verify element property value successfully

2023-10-16 14:22:31 - [TEST_STEP][PASSED] - verifyElementPropertyValue(getResponse, "offers[1].groups[0].pricingPlans[0].pricingPlanData[0].visualElements[1].key", "CTA_text"): Verify element property value successfully

2023-10-16 14:22:31 - [MESSAGE][PASSED] - Verify element property value successfully

2023-10-16 14:22:31 - [TEST_STEP][PASSED] - verifyElementPropertyValue(getResponse, "offers[1].groups[0].pricingPlans[0].pricingPlanData[0].visualElements[1].value", "Subscribe"): Verify element property value successfully

2023-10-16 14:22:31 - [MESSAGE][PASSED] - Verify element property value successfully

2023-10-16 14:22:31 - [TEST_STEP][PASSED] - verifyElementPropertyValue(getResponse, "offers[1].groups[0].pricingPlans[0].pricingPlanData[0].visualElements[2].key", "logo"): Verify element property value successfully

2023-10-16 14:22:31 - [MESSAGE][PASSED] - Verify element property value successfully

2023-10-16 14:22:31 - [TEST_STEP][PASSED] - verifyElementPropertyValue(getResponse, "offers[1].groups[0].pricingPlans[0].pricingPlanData[0].visualElements[2].value", "https://static.s3.shahid.mbc.net/widget-images/icons/iconCreditCard.png"): Verify element property value successfully

2023-10-16 14:22:31 - [MESSAGE][PASSED] - Verify element property value successfully

2023-10-16 14:22:31 - [TEST_STEP][PASSED] - verifyElementPropertyValue(getResponse, "offers[2].offerId", "winback-50-offer"): Verify element property value successfully

2023-10-16 14:22:31 - [MESSAGE][PASSED] - Verify element property value successfully

2023-10-16 14:22:31 - [TEST_STEP][PASSED] - verifyElementPropertyValue(getResponse, "offers[2].offerParam", "winback50"): Verify element property value successfully

2023-10-16 14:22:31 - [MESSAGE][PASSED] - Verify element property value successfully

2023-10-16 14:22:31 - [TEST_STEP][PASSED] - verifyElementPropertyValue(getResponse, "offers[2].groups[0].pricingPlans[0].featured", "true"): Verify element property value successfully

2023-10-16 14:22:31 - [MESSAGE][PASSED] - Verify element property value successfully

2023-10-16 14:22:31 - [TEST_STEP][PASSED] - verifyElementPropertyValue(getResponse, "offers[2].groups[0].pricingPlans[0].period", "monthly"): Verify element property value successfully

2023-10-16 14:22:31 - [MESSAGE][PASSED] - Verify element property value successfully

2023-10-16 14:22:31 - [TEST_STEP][PASSED] - verifyElementPropertyValue(getResponse, "offers[2].groups[0].pricingPlans[0].featured", "true"): Verify element property value successfully

2023-10-16 14:22:31 - [MESSAGE][PASSED] - Verify element property value successfully

2023-10-16 14:22:31 - [TEST_STEP][PASSED] - verifyElementPropertyValue(getResponse, "offers[2].groups[0].pricingPlans[0].price", "2500.0"): Verify element property value successfully

2023-10-16 14:22:31 - [MESSAGE][PASSED] - Verify element property value successfully

2023-10-16 14:22:31 - [TEST_STEP][PASSED] - verifyElementPropertyValue(getResponse, "offers[2].groups[0].pricingPlans[0].currency", "IQD"): Verify element property value successfully

2023-10-16 14:22:31 - [MESSAGE][PASSED] - Verify element property value successfully

2023-10-16 14:22:31 - [TEST_STEP][PASSED] - verifyElementPropertyValue(getResponse, "offers[2].groups[0].pricingPlans[0].order", "0"): Verify element property value successfully

2023-10-16 14:22:31 - [MESSAGE][PASSED] - Verify element property value successfully

2023-10-16 14:22:31 - [TEST_STEP][PASSED] - verifyElementPropertyValue(getResponse, "offers[2].groups[0].pricingPlans[0].packageId", "SHAHID_VIP"): Verify element property value successfully

2023-10-16 14:22:31 - [MESSAGE][PASSED] - Verify element property value successfully

2023-10-16 14:22:31 - [TEST_STEP][PASSED] - verifyElementPropertyValue(getResponse, "offers[2].groups[0].pricingPlans[0].catalogId", "VIP"): Verify element property value successfully

2023-10-16 14:22:31 - [MESSAGE][PASSED] - Verify element property value successfully

2023-10-16 14:22:31 - [TEST_STEP][PASSED] - verifyElementPropertyValue(getResponse, "offers[2].groups[0].pricingPlans[0].visualElements[0].key", "Header_1_text"): Verify element property value successfully

2023-10-16 14:22:31 - [MESSAGE][PASSED] - Verify element property value successfully

2023-10-16 14:22:31 - [TEST_STEP][PASSED] - verifyElementPropertyValue(getResponse, "offers[2].groups[0].pricingPlans[0].visualElements[0].value", "Watch the most powerful series and movies exclusively without stopping"): Verify element property value successfully

2023-10-16 14:22:31 - [MESSAGE][PASSED] - Verify element property value successfully

2023-10-16 14:22:31 - [TEST_STEP][PASSED] - verifyElementPropertyValue(getResponse, "offers[2].groups[0].pricingPlans[0].visualElements[1].key", "display_title"): Verify element property value successfully

2023-10-16 14:22:31 - [MESSAGE][PASSED] - Verify element property value successfully

2023-10-16 14:22:31 - [TEST_STEP][FAILED] - verifyElementPropertyValue(getResponse, "offers[2].groups[0].pricingPlans[0].visualElements[1].value", "50% Discount Offer"): Expected element property value '50% Discount Offer' is not equal with actual property value '50% Discount Offer​'

2023-10-16 14:22:31 - [MESSAGE][FAILED] - Expected element property value '50% Discount Offer' is not equal with actual property value '50% Discount Offer​'

2023-10-16 14:22:31 - [TEST_STEP][PASSED] - verifyElementPropertyValue(getResponse, "offers[2].groups[0].pricingPlans[0].visualElements[3].key", "deduction_text"): Verify element property value successfully

2023-10-16 14:22:31 - [MESSAGE][PASSED] - Verify element property value successfully

2023-10-16 14:22:31 - [TEST_STEP][PASSED] - verifyElementPropertyValue(getResponse, "offers[2].groups[0].pricingPlans[0].visualElements[3].value", "billed every month"): Verify element property value successfully

2023-10-16 14:22:31 - [MESSAGE][PASSED] - Verify element property value successfully

2023-10-16 14:22:31 - [TEST_STEP][PASSED] - verifyElementPropertyValue(getResponse, "offers[2].groups[0].pricingPlans[0].visualElements[6].key", "show_payment_logo"): Verify element property value successfully

2023-10-16 14:22:31 - [MESSAGE][PASSED] - Verify element property value successfully

2023-10-16 14:22:31 - [TEST_STEP][PASSED] - verifyElementPropertyValue(getResponse, "offers[2].groups[0].pricingPlans[0].visualElements[6].value", "true"): Verify element property value successfully

2023-10-16 14:22:31 - [MESSAGE][PASSED] - Verify element property value successfully

2023-10-16 14:22:31 - [TEST_STEP][PASSED] - verifyElementPropertyValue(getResponse, "offers[2].groups[0].pricingPlans[0].visualElements[8].key", "price"): Verify element property value successfully

2023-10-16 14:22:31 - [MESSAGE][PASSED] - Verify element property value successfully

2023-10-16 14:22:31 - [TEST_STEP][PASSED] - verifyElementPropertyValue(getResponse, "offers[2].groups[0].pricingPlans[0].visualElements[8].value", "2500"): Verify element property value successfully

2023-10-16 14:22:31 - [MESSAGE][PASSED] - Verify element property value successfully

2023-10-16 14:22:31 - [TEST_STEP][PASSED] - verifyElementPropertyValue(getResponse, "offers[2].groups[0].pricingPlans[0].visualElements[9].key", "currency"): Verify element property value successfully

2023-10-16 14:22:31 - [MESSAGE][PASSED] - Verify element property value successfully

2023-10-16 14:22:31 - [TEST_STEP][PASSED] - verifyElementPropertyValue(getResponse, "offers[2].groups[0].pricingPlans[0].visualElements[9].value", "IQD"): Verify element property value successfully

2023-10-16 14:22:31 - [MESSAGE][PASSED] - Verify element property value successfully

2023-10-16 14:22:31 - [TEST_STEP][PASSED] - verifyElementPropertyValue(getResponse, "offers[2].groups[0].pricingPlans[0].visualElements[10].key", "duration"): Verify element property value successfully

2023-10-16 14:22:31 - [MESSAGE][PASSED] - Verify element property value successfully

2023-10-16 14:22:31 - [TEST_STEP][PASSED] - verifyElementPropertyValue(getResponse, "offers[2].groups[0].pricingPlans[0].visualElements[10].value", "Monthly"): Verify element property value successfully

2023-10-16 14:22:31 - [MESSAGE][PASSED] - Verify element property value successfully

2023-10-16 14:22:31 - [TEST_STEP][PASSED] - verifyElementPropertyValue(getResponse, "offers[2].groups[0].pricingPlans[0].visualElements[11].key", "featured_tag_text"): Verify element property value successfully

2023-10-16 14:22:31 - [MESSAGE][PASSED] - Verify element property value successfully

2023-10-16 14:22:31 - [TEST_STEP][PASSED] - verifyElementPropertyValue(getResponse, "offers[2].groups[0].pricingPlans[0].visualElements[11].value", "Limited Time Offer"): Verify element property value successfully

2023-10-16 14:22:31 - [MESSAGE][PASSED] - Verify element property value successfully

2023-10-16 14:22:31 - [TEST_STEP][PASSED] - verifyElementPropertyValue(getResponse, "offers[2].groups[0].pricingPlans[0].visualElements[13].key", "tag_text"): Verify element property value successfully

2023-10-16 14:22:31 - [MESSAGE][PASSED] - Verify element property value successfully

2023-10-16 14:22:31 - [TEST_STEP][PASSED] - verifyElementPropertyValue(getResponse, "offers[2].groups[0].pricingPlans[0].visualElements[13].value", "Save 50%"): Verify element property value successfully

2023-10-16 14:22:31 - [MESSAGE][PASSED] - Verify element property value successfully

2023-10-16 14:22:31 - [TEST_STEP][PASSED] - verifyElementPropertyValue(getResponse, "offers[2].groups[0].pricingPlans[0].visualElements[12].key", "show_tag"): Verify element property value successfully

2023-10-16 14:22:31 - [MESSAGE][PASSED] - Verify element property value successfully

2023-10-16 14:22:31 - [TEST_STEP][PASSED] - verifyElementPropertyValue(getResponse, "offers[2].groups[0].pricingPlans[0].visualElements[12].value", "true"): Verify element property value successfully

2023-10-16 14:22:31 - [MESSAGE][PASSED] - Verify element property value successfully

2023-10-16 14:22:31 - [TEST_STEP][PASSED] - verifyElementPropertyValue(getResponse, "offers[2].groups[0].pricingPlans[0].pricingPlanData[0].productId", "IRQ_B2C_SHAHID_VIP_1M"): Verify element property value successfully

2023-10-16 14:22:31 - [MESSAGE][PASSED] - Verify element property value successfully

2023-10-16 14:22:31 - [TEST_STEP][PASSED] - verifyElementPropertyValue(getResponse, "offers[2].groups[0].pricingPlans[0].pricingPlanData[0].paymentMethod", "CREDIT_CARD"): Verify element property value successfully

2023-10-16 14:22:31 - [MESSAGE][PASSED] - Verify element property value successfully

2023-10-16 14:22:31 - [TEST_STEP][PASSED] - verifyElementPropertyValue(getResponse, "offers[2].groups[0].pricingPlans[0].pricingPlanData[0].freeTrialEnabled", "false"): Verify element property value successfully

2023-10-16 14:22:31 - [MESSAGE][PASSED] - Verify element property value successfully

2023-10-16 14:22:31 - [TEST_STEP][PASSED] - verifyElementPropertyValue(getResponse, "offers[2].groups[0].pricingPlans[0].pricingPlanData[0].showIn[0]", "VERTICAL_MODE"): Verify element property value successfully

2023-10-16 14:22:31 - [MESSAGE][PASSED] - Verify element property value successfully

2023-10-16 14:22:31 - [TEST_STEP][PASSED] - verifyElementPropertyValue(getResponse, "offers[2].groups[0].pricingPlans[0].pricingPlanData[0].showIn[1]", "HORIZONTAL_MODE"): Verify element property value successfully

2023-10-16 14:22:31 - [MESSAGE][PASSED] - Verify element property value successfully

2023-10-16 14:22:31 - [TEST_STEP][PASSED] - verifyElementPropertyValue(getResponse, "offers[2].groups[0].pricingPlans[0].pricingPlanData[0].priceLabel", "2500"): Verify element property value successfully

2023-10-16 14:22:31 - [MESSAGE][PASSED] - Verify element property value successfully

2023-10-16 14:22:31 - [TEST_STEP][PASSED] - verifyElementPropertyValue(getResponse, "offers[2].groups[0].pricingPlans[0].pricingPlanData[0].currencyLabel", "IQD"): Verify element property value successfully

2023-10-16 14:22:31 - [MESSAGE][PASSED] - Verify element property value successfully

2023-10-16 14:22:31 - [TEST_STEP][PASSED] - verifyElementPropertyValue(getResponse, "offers[2].groups[0].pricingPlans[0].pricingPlanData[0].dealId", "RE_50P_IRQ"): Verify element property value successfully

2023-10-16 14:22:31 - [MESSAGE][PASSED] - Verify element property value successfully

2023-10-16 14:22:31 - [TEST_STEP][PASSED] - verifyElementPropertyValue(getResponse, "offers[2].groups[0].pricingPlans[0].pricingPlanData[0].allowedForAcquisition", "true"): Verify element property value successfully

2023-10-16 14:22:31 - [MESSAGE][PASSED] - Verify element property value successfully

2023-10-16 14:22:31 - [TEST_STEP][PASSED] - verifyElementPropertyValue(getResponse, "offers[2].groups[0].pricingPlans[0].pricingPlanData[0].visualElements[0].key", "title"): Verify element property value successfully

2023-10-16 14:22:31 - [MESSAGE][PASSED] - Verify element property value successfully

2023-10-16 14:22:31 - [TEST_STEP][PASSED] - verifyElementPropertyValue(getResponse, "offers[2].groups[0].pricingPlans[0].pricingPlanData[0].visualElements[0].value", "Credit/Debit Card"): Verify element property value successfully

2023-10-16 14:22:31 - [MESSAGE][PASSED] - Verify element property value successfully

2023-10-16 14:22:31 - [TEST_STEP][PASSED] - verifyElementPropertyValue(getResponse, "offers[2].groups[0].pricingPlans[0].pricingPlanData[0].visualElements[1].key", "CTA_text"): Verify element property value successfully

2023-10-16 14:22:31 - [MESSAGE][PASSED] - Verify element property value successfully

2023-10-16 14:22:31 - [TEST_STEP][PASSED] - verifyElementPropertyValue(getResponse, "offers[2].groups[0].pricingPlans[0].pricingPlanData[0].visualElements[1].value", "Subscribe"): Verify element property value successfully

2023-10-16 14:22:31 - [MESSAGE][PASSED] - Verify element property value successfully

2023-10-16 14:22:31 - [TEST_STEP][PASSED] - verifyElementPropertyValue(getResponse, "offers[2].groups[0].pricingPlans[0].pricingPlanData[0].visualElements[2].key", "logo"): Verify element property value successfully

2023-10-16 14:22:31 - [MESSAGE][PASSED] - Verify element property value successfully

2023-10-16 14:22:31 - [TEST_STEP][PASSED] - verifyElementPropertyValue(getResponse, "offers[2].groups[0].pricingPlans[0].pricingPlanData[0].visualElements[2].value", "https://static.s3.shahid.mbc.net/widget-images/icons/iconCreditCard.png"): Verify element property value successfully

2023-10-16 14:22:31 - [MESSAGE][PASSED] - Verify element property value successfully

2023-10-16 14:22:31 - [TEST_STEP][PASSED] - verifyElementPropertyValue(getResponse, "offers[8].offerId", "byg-30-offer"): Verify element property value successfully

2023-10-16 14:22:31 - [MESSAGE][PASSED] - Verify element property value successfully

2023-10-16 14:22:31 - [TEST_STEP][PASSED] - verifyElementPropertyValue(getResponse, "offers[8].offerParam", "bygoffer30"): Verify element property value successfully

2023-10-16 14:22:31 - [MESSAGE][PASSED] - Verify element property value successfully

2023-10-16 14:22:31 - [TEST_STEP][PASSED] - verifyElementPropertyValue(getResponse, "offers[8].groups[0].pricingPlans[0].featured", "true"): Verify element property value successfully

2023-10-16 14:22:31 - [MESSAGE][PASSED] - Verify element property value successfully

2023-10-16 14:22:31 - [TEST_STEP][PASSED] - verifyElementPropertyValue(getResponse, "offers[8].groups[0].pricingPlans[0].period", "monthly"): Verify element property value successfully

2023-10-16 14:22:31 - [MESSAGE][PASSED] - Verify element property value successfully

2023-10-16 14:22:31 - [TEST_STEP][PASSED] - verifyElementPropertyValue(getResponse, "offers[8].groups[0].pricingPlans[0].featured", "true"): Verify element property value successfully

2023-10-16 14:22:31 - [MESSAGE][PASSED] - Verify element property value successfully

2023-10-16 14:22:31 - [TEST_STEP][PASSED] - verifyElementPropertyValue(getResponse, "offers[8].groups[0].pricingPlans[0].price", "3500.0"): Verify element property value successfully

2023-10-16 14:22:31 - [MESSAGE][PASSED] - Verify element property value successfully

2023-10-16 14:22:31 - [TEST_STEP][PASSED] - verifyElementPropertyValue(getResponse, "offers[8].groups[0].pricingPlans[0].currency", "IQD"): Verify element property value successfully

2023-10-16 14:22:31 - [MESSAGE][PASSED] - Verify element property value successfully

2023-10-16 14:22:31 - [TEST_STEP][PASSED] - verifyElementPropertyValue(getResponse, "offers[8].groups[0].pricingPlans[0].order", "0"): Verify element property value successfully

2023-10-16 14:22:31 - [MESSAGE][PASSED] - Verify element property value successfully

2023-10-16 14:22:31 - [TEST_STEP][PASSED] - verifyElementPropertyValue(getResponse, "offers[8].groups[0].pricingPlans[0].packageId", "SHAHID_VIP"): Verify element property value successfully

2023-10-16 14:22:31 - [MESSAGE][PASSED] - Verify element property value successfully

2023-10-16 14:22:31 - [TEST_STEP][PASSED] - verifyElementPropertyValue(getResponse, "offers[8].groups[0].pricingPlans[0].catalogId", "VIP"): Verify element property value successfully

2023-10-16 14:22:31 - [MESSAGE][PASSED] - Verify element property value successfully

2023-10-16 14:22:31 - [TEST_STEP][PASSED] - verifyElementPropertyValue(getResponse, "offers[8].groups[0].pricingPlans[0].visualElements[0].key", "Header_1_text"): Verify element property value successfully

2023-10-16 14:22:31 - [MESSAGE][PASSED] - Verify element property value successfully

2023-10-16 14:22:31 - [TEST_STEP][PASSED] - verifyElementPropertyValue(getResponse, "offers[8].groups[0].pricingPlans[0].visualElements[0].value", "Watch the most powerful series and movies exclusively without stopping"): Verify element property value successfully

2023-10-16 14:22:31 - [MESSAGE][PASSED] - Verify element property value successfully

2023-10-16 14:22:31 - [TEST_STEP][PASSED] - verifyElementPropertyValue(getResponse, "offers[8].groups[0].pricingPlans[0].visualElements[1].key", "display_title"): Verify element property value successfully

2023-10-16 14:22:31 - [MESSAGE][PASSED] - Verify element property value successfully

2023-10-16 14:22:31 - [TEST_STEP][FAILED] - verifyElementPropertyValue(getResponse, "offers[8].groups[0].pricingPlans[0].visualElements[1].value", "30% Discount Offer"): Expected element property value '30% Discount Offer' is not equal with actual property value '30% Discount Offer​'

2023-10-16 14:22:31 - [MESSAGE][FAILED] - Expected element property value '30% Discount Offer' is not equal with actual property value '30% Discount Offer​'

2023-10-16 14:22:31 - [TEST_STEP][PASSED] - verifyElementPropertyValue(getResponse, "offers[8].groups[0].pricingPlans[0].visualElements[3].key", "deduction_text"): Verify element property value successfully

2023-10-16 14:22:31 - [MESSAGE][PASSED] - Verify element property value successfully

2023-10-16 14:22:31 - [TEST_STEP][PASSED] - verifyElementPropertyValue(getResponse, "offers[8].groups[0].pricingPlans[0].visualElements[3].value", "billed every month"): Verify element property value successfully

2023-10-16 14:22:32 - [MESSAGE][PASSED] - Verify element property value successfully

2023-10-16 14:22:32 - [TEST_STEP][PASSED] - verifyElementPropertyValue(getResponse, "offers[8].groups[0].pricingPlans[0].visualElements[6].key", "show_payment_logo"): Verify element property value successfully

2023-10-16 14:22:32 - [MESSAGE][PASSED] - Verify element property value successfully

2023-10-16 14:22:32 - [TEST_STEP][PASSED] - verifyElementPropertyValue(getResponse, "offers[8].groups[0].pricingPlans[0].visualElements[6].value", "true"): Verify element property value successfully

2023-10-16 14:22:32 - [MESSAGE][PASSED] - Verify element property value successfully

2023-10-16 14:22:32 - [TEST_STEP][PASSED] - verifyElementPropertyValue(getResponse, "offers[8].groups[0].pricingPlans[0].visualElements[8].key", "price"): Verify element property value successfully

2023-10-16 14:22:32 - [MESSAGE][PASSED] - Verify element property value successfully

2023-10-16 14:22:32 - [TEST_STEP][PASSED] - verifyElementPropertyValue(getResponse, "offers[8].groups[0].pricingPlans[0].visualElements[8].value", "3500"): Verify element property value successfully

2023-10-16 14:22:32 - [MESSAGE][PASSED] - Verify element property value successfully

2023-10-16 14:22:32 - [TEST_STEP][PASSED] - verifyElementPropertyValue(getResponse, "offers[8].groups[0].pricingPlans[0].visualElements[9].key", "currency"): Verify element property value successfully

2023-10-16 14:22:32 - [MESSAGE][PASSED] - Verify element property value successfully

2023-10-16 14:22:32 - [TEST_STEP][PASSED] - verifyElementPropertyValue(getResponse, "offers[8].groups[0].pricingPlans[0].visualElements[9].value", "IQD"): Verify element property value successfully

2023-10-16 14:22:32 - [MESSAGE][PASSED] - Verify element property value successfully

2023-10-16 14:22:32 - [TEST_STEP][PASSED] - verifyElementPropertyValue(getResponse, "offers[8].groups[0].pricingPlans[0].visualElements[10].key", "duration"): Verify element property value successfully

2023-10-16 14:22:32 - [MESSAGE][PASSED] - Verify element property value successfully

2023-10-16 14:22:32 - [TEST_STEP][PASSED] - verifyElementPropertyValue(getResponse, "offers[8].groups[0].pricingPlans[0].visualElements[10].value", "Monthly"): Verify element property value successfully

2023-10-16 14:22:32 - [MESSAGE][PASSED] - Verify element property value successfully

2023-10-16 14:22:32 - [TEST_STEP][PASSED] - verifyElementPropertyValue(getResponse, "offers[8].groups[0].pricingPlans[0].visualElements[11].key", "featured_tag_text"): Verify element property value successfully

2023-10-16 14:22:32 - [MESSAGE][PASSED] - Verify element property value successfully

2023-10-16 14:22:32 - [TEST_STEP][PASSED] - verifyElementPropertyValue(getResponse, "offers[8].groups[0].pricingPlans[0].visualElements[11].value", "Limited Time Offer"): Verify element property value successfully

2023-10-16 14:22:32 - [MESSAGE][PASSED] - Verify element property value successfully

2023-10-16 14:22:32 - [TEST_STEP][PASSED] - verifyElementPropertyValue(getResponse, "offers[8].groups[0].pricingPlans[0].visualElements[12].key", "show_tag"): Verify element property value successfully

2023-10-16 14:22:32 - [MESSAGE][PASSED] - Verify element property value successfully

2023-10-16 14:22:32 - [TEST_STEP][PASSED] - verifyElementPropertyValue(getResponse, "offers[8].groups[0].pricingPlans[0].visualElements[12].value", "true"): Verify element property value successfully

2023-10-16 14:22:32 - [MESSAGE][PASSED] - Verify element property value successfully

2023-10-16 14:22:32 - [TEST_STEP][PASSED] - verifyElementPropertyValue(getResponse, "offers[8].groups[0].pricingPlans[0].visualElements[13].key", "tag_text"): Verify element property value successfully

2023-10-16 14:22:32 - [MESSAGE][PASSED] - Verify element property value successfully

2023-10-16 14:22:32 - [TEST_STEP][PASSED] - verifyElementPropertyValue(getResponse, "offers[8].groups[0].pricingPlans[0].visualElements[13].value", "Save 30%"): Verify element property value successfully

2023-10-16 14:22:32 - [MESSAGE][PASSED] - Verify element property value successfully

2023-10-16 14:22:32 - [TEST_STEP][PASSED] - verifyElementPropertyValue(getResponse, "offers[8].groups[0].pricingPlans[0].pricingPlanData[0].productId", "IRQ_B2C_SHAHID_VIP_1M"): Verify element property value successfully

2023-10-16 14:22:32 - [MESSAGE][PASSED] - Verify element property value successfully

2023-10-16 14:22:32 - [TEST_STEP][PASSED] - verifyElementPropertyValue(getResponse, "offers[8].groups[0].pricingPlans[0].pricingPlanData[0].paymentMethod", "CREDIT_CARD"): Verify element property value successfully

2023-10-16 14:22:32 - [MESSAGE][PASSED] - Verify element property value successfully

2023-10-16 14:22:32 - [TEST_STEP][PASSED] - verifyElementPropertyValue(getResponse, "offers[8].groups[0].pricingPlans[0].pricingPlanData[0].freeTrialEnabled", "false"): Verify element property value successfully

2023-10-16 14:22:32 - [MESSAGE][PASSED] - Verify element property value successfully

2023-10-16 14:22:32 - [TEST_STEP][PASSED] - verifyElementPropertyValue(getResponse, "offers[8].groups[0].pricingPlans[0].pricingPlanData[0].showIn[0]", "VERTICAL_MODE"): Verify element property value successfully

2023-10-16 14:22:32 - [MESSAGE][PASSED] - Verify element property value successfully

2023-10-16 14:22:32 - [TEST_STEP][PASSED] - verifyElementPropertyValue(getResponse, "offers[8].groups[0].pricingPlans[0].pricingPlanData[0].showIn[1]", "HORIZONTAL_MODE"): Verify element property value successfully

2023-10-16 14:22:32 - [MESSAGE][PASSED] - Verify element property value successfully

2023-10-16 14:22:32 - [TEST_STEP][PASSED] - verifyElementPropertyValue(getResponse, "offers[8].groups[0].pricingPlans[0].pricingPlanData[0].priceLabel", "3500"): Verify element property value successfully

2023-10-16 14:22:32 - [MESSAGE][PASSED] - Verify element property value successfully

2023-10-16 14:22:32 - [TEST_STEP][PASSED] - verifyElementPropertyValue(getResponse, "offers[8].groups[0].pricingPlans[0].pricingPlanData[0].currencyLabel", "IQD"): Verify element property value successfully

2023-10-16 14:22:32 - [MESSAGE][PASSED] - Verify element property value successfully

2023-10-16 14:22:32 - [TEST_STEP][PASSED] - verifyElementPropertyValue(getResponse, "offers[8].groups[0].pricingPlans[0].pricingPlanData[0].dealId", "BYG_30P_IRQ"): Verify element property value successfully

2023-10-16 14:22:32 - [MESSAGE][PASSED] - Verify element property value successfully

2023-10-16 14:22:32 - [TEST_STEP][PASSED] - verifyElementPropertyValue(getResponse, "offers[8].groups[0].pricingPlans[0].pricingPlanData[0].allowedForAcquisition", "true"): Verify element property value successfully

2023-10-16 14:22:32 - [MESSAGE][PASSED] - Verify element property value successfully

2023-10-16 14:22:32 - [TEST_STEP][PASSED] - verifyElementPropertyValue(getResponse, "offers[8].groups[0].pricingPlans[0].pricingPlanData[0].visualElements[0].key", "title"): Verify element property value successfully

2023-10-16 14:22:32 - [MESSAGE][PASSED] - Verify element property value successfully

2023-10-16 14:22:32 - [TEST_STEP][PASSED] - verifyElementPropertyValue(getResponse, "offers[8].groups[0].pricingPlans[0].pricingPlanData[0].visualElements[0].value", "Credit/Debit Card"): Verify element property value successfully

2023-10-16 14:22:32 - [MESSAGE][PASSED] - Verify element property value successfully

2023-10-16 14:22:32 - [TEST_STEP][PASSED] - verifyElementPropertyValue(getResponse, "offers[8].groups[0].pricingPlans[0].pricingPlanData[0].visualElements[1].key", "CTA_text"): Verify element property value successfully

2023-10-16 14:22:32 - [MESSAGE][PASSED] - Verify element property value successfully

2023-10-16 14:22:32 - [TEST_STEP][PASSED] - verifyElementPropertyValue(getResponse, "offers[8].groups[0].pricingPlans[0].pricingPlanData[0].visualElements[1].value", "Subscribe"): Verify element property value successfully

2023-10-16 14:22:32 - [MESSAGE][PASSED] - Verify element property value successfully

2023-10-16 14:22:32 - [TEST_STEP][PASSED] - verifyElementPropertyValue(getResponse, "offers[8].groups[0].pricingPlans[0].pricingPlanData[0].visualElements[2].key", "logo"): Verify element property value successfully

2023-10-16 14:22:32 - [MESSAGE][PASSED] - Verify element property value successfully

2023-10-16 14:22:32 - [TEST_STEP][PASSED] - verifyElementPropertyValue(getResponse, "offers[8].groups[0].pricingPlans[0].pricingPlanData[0].visualElements[2].value", "https://static.s3.shahid.mbc.net/widget-images/icons/iconCreditCard.png"): Verify element property value successfully

2023-10-16 14:22:32 - [MESSAGE][PASSED] - Verify element property value successfully

2023-10-16 14:22:32 - [TEST_STEP][PASSED] - verifyElementPropertyValue(getResponse, "offers[9].offerId", "byg-40-offer"): Verify element property value successfully

2023-10-16 14:22:32 - [MESSAGE][PASSED] - Verify element property value successfully

2023-10-16 14:22:32 - [TEST_STEP][PASSED] - verifyElementPropertyValue(getResponse, "offers[9].offerParam", "bygoffer40"): Verify element property value successfully

2023-10-16 14:22:32 - [MESSAGE][PASSED] - Verify element property value successfully

2023-10-16 14:22:32 - [TEST_STEP][PASSED] - verifyElementPropertyValue(getResponse, "offers[9].groups[0].pricingPlans[0].featured", "true"): Verify element property value successfully

2023-10-16 14:22:32 - [MESSAGE][PASSED] - Verify element property value successfully

2023-10-16 14:22:32 - [TEST_STEP][PASSED] - verifyElementPropertyValue(getResponse, "offers[9].groups[0].pricingPlans[0].period", "monthly"): Verify element property value successfully

2023-10-16 14:22:32 - [MESSAGE][PASSED] - Verify element property value successfully

2023-10-16 14:22:32 - [TEST_STEP][PASSED] - verifyElementPropertyValue(getResponse, "offers[9].groups[0].pricingPlans[0].featured", "true"): Verify element property value successfully

2023-10-16 14:22:32 - [MESSAGE][PASSED] - Verify element property value successfully

2023-10-16 14:22:32 - [TEST_STEP][PASSED] - verifyElementPropertyValue(getResponse, "offers[9].groups[0].pricingPlans[0].price", "3000.0"): Verify element property value successfully

2023-10-16 14:22:32 - [MESSAGE][PASSED] - Verify element property value successfully

2023-10-16 14:22:32 - [TEST_STEP][PASSED] - verifyElementPropertyValue(getResponse, "offers[9].groups[0].pricingPlans[0].currency", "IQD"): Verify element property value successfully

2023-10-16 14:22:32 - [MESSAGE][PASSED] - Verify element property value successfully

2023-10-16 14:22:32 - [TEST_STEP][PASSED] - verifyElementPropertyValue(getResponse, "offers[9].groups[0].pricingPlans[0].order", "0"): Verify element property value successfully

2023-10-16 14:22:32 - [MESSAGE][PASSED] - Verify element property value successfully

2023-10-16 14:22:32 - [TEST_STEP][PASSED] - verifyElementPropertyValue(getResponse, "offers[9].groups[0].pricingPlans[0].packageId", "SHAHID_VIP"): Verify element property value successfully

2023-10-16 14:22:32 - [MESSAGE][PASSED] - Verify element property value successfully

2023-10-16 14:22:32 - [TEST_STEP][PASSED] - verifyElementPropertyValue(getResponse, "offers[9].groups[0].pricingPlans[0].catalogId", "VIP"): Verify element property value successfully

2023-10-16 14:22:32 - [MESSAGE][PASSED] - Verify element property value successfully

2023-10-16 14:22:32 - [TEST_STEP][PASSED] - verifyElementPropertyValue(getResponse, "offers[9].groups[0].pricingPlans[0].visualElements[0].key", "Header_1_text"): Verify element property value successfully

2023-10-16 14:22:32 - [MESSAGE][PASSED] - Verify element property value successfully

2023-10-16 14:22:32 - [TEST_STEP][PASSED] - verifyElementPropertyValue(getResponse, "offers[9].groups[0].pricingPlans[0].visualElements[0].value", "Watch the most powerful series and movies exclusively without stopping"): Verify element property value successfully

2023-10-16 14:22:32 - [MESSAGE][PASSED] - Verify element property value successfully

2023-10-16 14:22:32 - [TEST_STEP][PASSED] - verifyElementPropertyValue(getResponse, "offers[9].groups[0].pricingPlans[0].visualElements[1].key", "display_title"): Verify element property value successfully

2023-10-16 14:22:32 - [MESSAGE][PASSED] - Verify element property value successfully

2023-10-16 14:22:32 - [TEST_STEP][FAILED] - verifyElementPropertyValue(getResponse, "offers[9].groups[0].pricingPlans[0].visualElements[1].value", "40% Discount Offer"): Expected element property value '40% Discount Offer' is not equal with actual property value '40% Discount Offer​'

2023-10-16 14:22:32 - [MESSAGE][FAILED] - Expected element property value '40% Discount Offer' is not equal with actual property value '40% Discount Offer​'

2023-10-16 14:22:32 - [TEST_STEP][PASSED] - verifyElementPropertyValue(getResponse, "offers[9].groups[0].pricingPlans[0].visualElements[3].key", "deduction_text"): Verify element property value successfully

2023-10-16 14:22:32 - [MESSAGE][PASSED] - Verify element property value successfully

2023-10-16 14:22:32 - [TEST_STEP][PASSED] - verifyElementPropertyValue(getResponse, "offers[9].groups[0].pricingPlans[0].visualElements[3].value", "billed every month"): Verify element property value successfully

2023-10-16 14:22:32 - [MESSAGE][PASSED] - Verify element property value successfully

2023-10-16 14:22:32 - [TEST_STEP][PASSED] - verifyElementPropertyValue(getResponse, "offers[9].groups[0].pricingPlans[0].visualElements[6].key", "show_payment_logo"): Verify element property value successfully

2023-10-16 14:22:32 - [MESSAGE][PASSED] - Verify element property value successfully

2023-10-16 14:22:32 - [TEST_STEP][PASSED] - verifyElementPropertyValue(getResponse, "offers[9].groups[0].pricingPlans[0].visualElements[6].value", "true"): Verify element property value successfully

2023-10-16 14:22:32 - [MESSAGE][PASSED] - Verify element property value successfully

2023-10-16 14:22:32 - [TEST_STEP][PASSED] - verifyElementPropertyValue(getResponse, "offers[9].groups[0].pricingPlans[0].visualElements[8].key", "price"): Verify element property value successfully

2023-10-16 14:22:32 - [MESSAGE][PASSED] - Verify element property value successfully

2023-10-16 14:22:32 - [TEST_STEP][PASSED] - verifyElementPropertyValue(getResponse, "offers[9].groups[0].pricingPlans[0].visualElements[8].value", "3000"): Verify element property value successfully

2023-10-16 14:22:32 - [MESSAGE][PASSED] - Verify element property value successfully

2023-10-16 14:22:32 - [TEST_STEP][PASSED] - verifyElementPropertyValue(getResponse, "offers[9].groups[0].pricingPlans[0].visualElements[9].key", "currency"): Verify element property value successfully

2023-10-16 14:22:32 - [MESSAGE][PASSED] - Verify element property value successfully

2023-10-16 14:22:32 - [TEST_STEP][PASSED] - verifyElementPropertyValue(getResponse, "offers[9].groups[0].pricingPlans[0].visualElements[9].value", "IQD"): Verify element property value successfully

2023-10-16 14:22:32 - [MESSAGE][PASSED] - Verify element property value successfully

2023-10-16 14:22:32 - [TEST_STEP][PASSED] - verifyElementPropertyValue(getResponse, "offers[9].groups[0].pricingPlans[0].visualElements[10].key", "duration"): Verify element property value successfully

2023-10-16 14:22:32 - [MESSAGE][PASSED] - Verify element property value successfully

2023-10-16 14:22:32 - [TEST_STEP][PASSED] - verifyElementPropertyValue(getResponse, "offers[9].groups[0].pricingPlans[0].visualElements[10].value", "Monthly"): Verify element property value successfully

2023-10-16 14:22:32 - [MESSAGE][PASSED] - Verify element property value successfully

2023-10-16 14:22:32 - [TEST_STEP][PASSED] - verifyElementPropertyValue(getResponse, "offers[9].groups[0].pricingPlans[0].visualElements[11].key", "featured_tag_text"): Verify element property value successfully

2023-10-16 14:22:32 - [MESSAGE][PASSED] - Verify element property value successfully

2023-10-16 14:22:32 - [TEST_STEP][PASSED] - verifyElementPropertyValue(getResponse, "offers[9].groups[0].pricingPlans[0].visualElements[11].value", "Limited Time Offer"): Verify element property value successfully

2023-10-16 14:22:32 - [MESSAGE][PASSED] - Verify element property value successfully

2023-10-16 14:22:32 - [TEST_STEP][PASSED] - verifyElementPropertyValue(getResponse, "offers[9].groups[0].pricingPlans[0].visualElements[13].key", "tag_text"): Verify element property value successfully

2023-10-16 14:22:32 - [MESSAGE][PASSED] - Verify element property value successfully

2023-10-16 14:22:32 - [TEST_STEP][PASSED] - verifyElementPropertyValue(getResponse, "offers[9].groups[0].pricingPlans[0].visualElements[13].value", "Save 40%"): Verify element property value successfully

2023-10-16 14:22:32 - [MESSAGE][PASSED] - Verify element property value successfully

2023-10-16 14:22:32 - [TEST_STEP][PASSED] - verifyElementPropertyValue(getResponse, "offers[9].groups[0].pricingPlans[0].visualElements[12].key", "show_tag"): Verify element property value successfully

2023-10-16 14:22:32 - [MESSAGE][PASSED] - Verify element property value successfully

2023-10-16 14:22:32 - [TEST_STEP][PASSED] - verifyElementPropertyValue(getResponse, "offers[9].groups[0].pricingPlans[0].visualElements[12].value", "true"): Verify element property value successfully

2023-10-16 14:22:32 - [MESSAGE][PASSED] - Verify element property value successfully

2023-10-16 14:22:32 - [TEST_STEP][PASSED] - verifyElementPropertyValue(getResponse, "offers[9].groups[0].pricingPlans[0].pricingPlanData[0].productId", "IRQ_B2C_SHAHID_VIP_1M"): Verify element property value successfully

2023-10-16 14:22:32 - [MESSAGE][PASSED] - Verify element property value successfully

2023-10-16 14:22:32 - [TEST_STEP][PASSED] - verifyElementPropertyValue(getResponse, "offers[9].groups[0].pricingPlans[0].pricingPlanData[0].paymentMethod", "CREDIT_CARD"): Verify element property value successfully

2023-10-16 14:22:32 - [MESSAGE][PASSED] - Verify element property value successfully

2023-10-16 14:22:32 - [TEST_STEP][PASSED] - verifyElementPropertyValue(getResponse, "offers[9].groups[0].pricingPlans[0].pricingPlanData[0].freeTrialEnabled", "false"): Verify element property value successfully

2023-10-16 14:22:32 - [MESSAGE][PASSED] - Verify element property value successfully

2023-10-16 14:22:32 - [TEST_STEP][PASSED] - verifyElementPropertyValue(getResponse, "offers[9].groups[0].pricingPlans[0].pricingPlanData[0].showIn[0]", "VERTICAL_MODE"): Verify element property value successfully

2023-10-16 14:22:32 - [MESSAGE][PASSED] - Verify element property value successfully

2023-10-16 14:22:32 - [TEST_STEP][PASSED] - verifyElementPropertyValue(getResponse, "offers[9].groups[0].pricingPlans[0].pricingPlanData[0].showIn[1]", "HORIZONTAL_MODE"): Verify element property value successfully

2023-10-16 14:22:32 - [MESSAGE][PASSED] - Verify element property value successfully

2023-10-16 14:22:32 - [TEST_STEP][PASSED] - verifyElementPropertyValue(getResponse, "offers[9].groups[0].pricingPlans[0].pricingPlanData[0].priceLabel", "3000"): Verify element property value successfully

2023-10-16 14:22:32 - [MESSAGE][PASSED] - Verify element property value successfully

2023-10-16 14:22:32 - [TEST_STEP][PASSED] - verifyElementPropertyValue(getResponse, "offers[9].groups[0].pricingPlans[0].pricingPlanData[0].currencyLabel", "IQD"): Verify element property value successfully

2023-10-16 14:22:32 - [MESSAGE][PASSED] - Verify element property value successfully

2023-10-16 14:22:32 - [TEST_STEP][PASSED] - verifyElementPropertyValue(getResponse, "offers[9].groups[0].pricingPlans[0].pricingPlanData[0].dealId", "BYG_40P_IRQ"): Verify element property value successfully

2023-10-16 14:22:32 - [MESSAGE][PASSED] - Verify element property value successfully

2023-10-16 14:22:32 - [TEST_STEP][PASSED] - verifyElementPropertyValue(getResponse, "offers[9].groups[0].pricingPlans[0].pricingPlanData[0].allowedForAcquisition", "true"): Verify element property value successfully

2023-10-16 14:22:32 - [MESSAGE][PASSED] - Verify element property value successfully

2023-10-16 14:22:32 - [TEST_STEP][PASSED] - verifyElementPropertyValue(getResponse, "offers[9].groups[0].pricingPlans[0].pricingPlanData[0].visualElements[0].key", "title"): Verify element property value successfully

2023-10-16 14:22:32 - [MESSAGE][PASSED] - Verify element property value successfully

2023-10-16 14:22:32 - [TEST_STEP][PASSED] - verifyElementPropertyValue(getResponse, "offers[9].groups[0].pricingPlans[0].pricingPlanData[0].visualElements[0].value", "Credit/Debit Card"): Verify element property value successfully

2023-10-16 14:22:32 - [MESSAGE][PASSED] - Verify element property value successfully

2023-10-16 14:22:32 - [TEST_STEP][PASSED] - verifyElementPropertyValue(getResponse, "offers[9].groups[0].pricingPlans[0].pricingPlanData[0].visualElements[1].key", "CTA_text"): Verify element property value successfully

2023-10-16 14:22:32 - [MESSAGE][PASSED] - Verify element property value successfully

2023-10-16 14:22:32 - [TEST_STEP][PASSED] - verifyElementPropertyValue(getResponse, "offers[9].groups[0].pricingPlans[0].pricingPlanData[0].visualElements[1].value", "Subscribe"): Verify element property value successfully

2023-10-16 14:22:32 - [MESSAGE][PASSED] - Verify element property value successfully

2023-10-16 14:22:32 - [TEST_STEP][PASSED] - verifyElementPropertyValue(getResponse, "offers[9].groups[0].pricingPlans[0].pricingPlanData[0].visualElements[2].key", "logo"): Verify element property value successfully

2023-10-16 14:22:32 - [MESSAGE][PASSED] - Verify element property value successfully

2023-10-16 14:22:32 - [TEST_STEP][PASSED] - verifyElementPropertyValue(getResponse, "offers[9].groups[0].pricingPlans[0].pricingPlanData[0].visualElements[2].value", "https://static.s3.shahid.mbc.net/widget-images/icons/iconCreditCard.png"): Verify element property value successfully

2023-10-16 14:22:32 - [MESSAGE][PASSED] - Verify element property value successfully

2023-10-16 14:22:32 - [TEST_STEP][PASSED] - verifyElementPropertyValue(getResponse, "offers[10].offerId", "byg-50-offer"): Verify element property value successfully

2023-10-16 14:22:32 - [MESSAGE][PASSED] - Verify element property value successfully

2023-10-16 14:22:32 - [TEST_STEP][PASSED] - verifyElementPropertyValue(getResponse, "offers[10].offerParam", "bygoffer50"): Verify element property value successfully

2023-10-16 14:22:32 - [MESSAGE][PASSED] - Verify element property value successfully

2023-10-16 14:22:32 - [TEST_STEP][PASSED] - verifyElementPropertyValue(getResponse, "offers[10].groups[0].pricingPlans[0].featured", "true"): Verify element property value successfully

2023-10-16 14:22:32 - [MESSAGE][PASSED] - Verify element property value successfully

2023-10-16 14:22:32 - [TEST_STEP][PASSED] - verifyElementPropertyValue(getResponse, "offers[10].groups[0].pricingPlans[0].period", "monthly"): Verify element property value successfully

2023-10-16 14:22:32 - [MESSAGE][PASSED] - Verify element property value successfully

2023-10-16 14:22:32 - [TEST_STEP][PASSED] - verifyElementPropertyValue(getResponse, "offers[10].groups[0].pricingPlans[0].featured", "true"): Verify element property value successfully

2023-10-16 14:22:32 - [MESSAGE][PASSED] - Verify element property value successfully

2023-10-16 14:22:32 - [TEST_STEP][PASSED] - verifyElementPropertyValue(getResponse, "offers[10].groups[0].pricingPlans[0].price", "2500.0"): Verify element property value successfully

2023-10-16 14:22:32 - [MESSAGE][PASSED] - Verify element property value successfully

2023-10-16 14:22:32 - [TEST_STEP][PASSED] - verifyElementPropertyValue(getResponse, "offers[10].groups[0].pricingPlans[0].currency", "IQD"): Verify element property value successfully

2023-10-16 14:22:32 - [MESSAGE][PASSED] - Verify element property value successfully

2023-10-16 14:22:32 - [TEST_STEP][PASSED] - verifyElementPropertyValue(getResponse, "offers[10].groups[0].pricingPlans[0].order", "0"): Verify element property value successfully

2023-10-16 14:22:32 - [MESSAGE][PASSED] - Verify element property value successfully

2023-10-16 14:22:32 - [TEST_STEP][PASSED] - verifyElementPropertyValue(getResponse, "offers[10].groups[0].pricingPlans[0].packageId", "SHAHID_VIP"): Verify element property value successfully

2023-10-16 14:22:32 - [MESSAGE][PASSED] - Verify element property value successfully

2023-10-16 14:22:32 - [TEST_STEP][PASSED] - verifyElementPropertyValue(getResponse, "offers[10].groups[0].pricingPlans[0].catalogId", "VIP"): Verify element property value successfully

2023-10-16 14:22:32 - [MESSAGE][PASSED] - Verify element property value successfully

2023-10-16 14:22:32 - [TEST_STEP][PASSED] - verifyElementPropertyValue(getResponse, "offers[10].groups[0].pricingPlans[0].visualElements[0].key", "Header_1_text"): Verify element property value successfully

2023-10-16 14:22:32 - [MESSAGE][PASSED] - Verify element property value successfully

2023-10-16 14:22:32 - [TEST_STEP][PASSED] - verifyElementPropertyValue(getResponse, "offers[10].groups[0].pricingPlans[0].visualElements[0].value", "Watch the most powerful series and movies exclusively without stopping"): Verify element property value successfully

2023-10-16 14:22:32 - [MESSAGE][PASSED] - Verify element property value successfully

2023-10-16 14:22:32 - [TEST_STEP][PASSED] - verifyElementPropertyValue(getResponse, "offers[10].groups[0].pricingPlans[0].visualElements[1].key", "display_title"): Verify element property value successfully

2023-10-16 14:22:32 - [MESSAGE][PASSED] - Verify element property value successfully

2023-10-16 14:22:32 - [TEST_STEP][FAILED] - verifyElementPropertyValue(getResponse, "offers[10].groups[0].pricingPlans[0].visualElements[1].value", "50% Discount Offer"): Expected element property value '50% Discount Offer' is not equal with actual property value '50% Discount Offer​'

2023-10-16 14:22:32 - [MESSAGE][FAILED] - Expected element property value '50% Discount Offer' is not equal with actual property value '50% Discount Offer​'

2023-10-16 14:22:32 - [TEST_STEP][PASSED] - verifyElementPropertyValue(getResponse, "offers[10].groups[0].pricingPlans[0].visualElements[3].key", "deduction_text"): Verify element property value successfully

2023-10-16 14:22:32 - [MESSAGE][PASSED] - Verify element property value successfully

2023-10-16 14:22:32 - [TEST_STEP][PASSED] - verifyElementPropertyValue(getResponse, "offers[10].groups[0].pricingPlans[0].visualElements[3].value", "billed every month"): Verify element property value successfully

2023-10-16 14:22:32 - [MESSAGE][PASSED] - Verify element property value successfully

2023-10-16 14:22:32 - [TEST_STEP][PASSED] - verifyElementPropertyValue(getResponse, "offers[10].groups[0].pricingPlans[0].visualElements[6].key", "show_payment_logo"): Verify element property value successfully

2023-10-16 14:22:32 - [MESSAGE][PASSED] - Verify element property value successfully

2023-10-16 14:22:32 - [TEST_STEP][PASSED] - verifyElementPropertyValue(getResponse, "offers[10].groups[0].pricingPlans[0].visualElements[6].value", "true"): Verify element property value successfully

2023-10-16 14:22:32 - [MESSAGE][PASSED] - Verify element property value successfully

2023-10-16 14:22:32 - [TEST_STEP][PASSED] - verifyElementPropertyValue(getResponse, "offers[10].groups[0].pricingPlans[0].visualElements[8].key", "price"): Verify element property value successfully

2023-10-16 14:22:32 - [MESSAGE][PASSED] - Verify element property value successfully

2023-10-16 14:22:32 - [TEST_STEP][PASSED] - verifyElementPropertyValue(getResponse, "offers[10].groups[0].pricingPlans[0].visualElements[8].value", "2500"): Verify element property value successfully

2023-10-16 14:22:32 - [MESSAGE][PASSED] - Verify element property value successfully

2023-10-16 14:22:32 - [TEST_STEP][PASSED] - verifyElementPropertyValue(getResponse, "offers[10].groups[0].pricingPlans[0].visualElements[9].key", "currency"): Verify element property value successfully

2023-10-16 14:22:32 - [MESSAGE][PASSED] - Verify element property value successfully

2023-10-16 14:22:32 - [TEST_STEP][PASSED] - verifyElementPropertyValue(getResponse, "offers[10].groups[0].pricingPlans[0].visualElements[9].value", "IQD"): Verify element property value successfully

2023-10-16 14:22:32 - [MESSAGE][PASSED] - Verify element property value successfully

2023-10-16 14:22:32 - [TEST_STEP][PASSED] - verifyElementPropertyValue(getResponse, "offers[10].groups[0].pricingPlans[0].visualElements[10].key", "duration"): Verify element property value successfully

2023-10-16 14:22:32 - [MESSAGE][PASSED] - Verify element property value successfully

2023-10-16 14:22:33 - [TEST_STEP][PASSED] - verifyElementPropertyValue(getResponse, "offers[10].groups[0].pricingPlans[0].visualElements[10].value", "Monthly"): Verify element property value successfully

2023-10-16 14:22:33 - [MESSAGE][PASSED] - Verify element property value successfully

2023-10-16 14:22:33 - [TEST_STEP][PASSED] - verifyElementPropertyValue(getResponse, "offers[10].groups[0].pricingPlans[0].visualElements[11].key", "featured_tag_text"): Verify element property value successfully

2023-10-16 14:22:33 - [MESSAGE][PASSED] - Verify element property value successfully

2023-10-16 14:22:33 - [TEST_STEP][PASSED] - verifyElementPropertyValue(getResponse, "offers[10].groups[0].pricingPlans[0].visualElements[11].value", "Limited Time Offer"): Verify element property value successfully

2023-10-16 14:22:33 - [MESSAGE][PASSED] - Verify element property value successfully

2023-10-16 14:22:33 - [TEST_STEP][PASSED] - verifyElementPropertyValue(getResponse, "offers[10].groups[0].pricingPlans[0].visualElements[13].key", "tag_text"): Verify element property value successfully

2023-10-16 14:22:33 - [MESSAGE][PASSED] - Verify element property value successfully

2023-10-16 14:22:33 - [TEST_STEP][PASSED] - verifyElementPropertyValue(getResponse, "offers[10].groups[0].pricingPlans[0].visualElements[13].value", "Save 50%"): Verify element property value successfully

2023-10-16 14:22:33 - [MESSAGE][PASSED] - Verify element property value successfully

2023-10-16 14:22:33 - [TEST_STEP][PASSED] - verifyElementPropertyValue(getResponse, "offers[10].groups[0].pricingPlans[0].visualElements[12].key", "show_tag"): Verify element property value successfully

2023-10-16 14:22:33 - [MESSAGE][PASSED] - Verify element property value successfully

2023-10-16 14:22:33 - [TEST_STEP][PASSED] - verifyElementPropertyValue(getResponse, "offers[10].groups[0].pricingPlans[0].visualElements[12].value", "true"): Verify element property value successfully

2023-10-16 14:22:33 - [MESSAGE][PASSED] - Verify element property value successfully

2023-10-16 14:22:33 - [TEST_STEP][PASSED] - verifyElementPropertyValue(getResponse, "offers[10].groups[0].pricingPlans[0].pricingPlanData[0].productId", "IRQ_B2C_SHAHID_VIP_1M"): Verify element property value successfully

2023-10-16 14:22:33 - [MESSAGE][PASSED] - Verify element property value successfully

2023-10-16 14:22:33 - [TEST_STEP][PASSED] - verifyElementPropertyValue(getResponse, "offers[10].groups[0].pricingPlans[0].pricingPlanData[0].paymentMethod", "CREDIT_CARD"): Verify element property value successfully

2023-10-16 14:22:33 - [MESSAGE][PASSED] - Verify element property value successfully

2023-10-16 14:22:33 - [TEST_STEP][PASSED] - verifyElementPropertyValue(getResponse, "offers[10].groups[0].pricingPlans[0].pricingPlanData[0].freeTrialEnabled", "false"): Verify element property value successfully

2023-10-16 14:22:33 - [MESSAGE][PASSED] - Verify element property value successfully

2023-10-16 14:22:33 - [TEST_STEP][PASSED] - verifyElementPropertyValue(getResponse, "offers[10].groups[0].pricingPlans[0].pricingPlanData[0].showIn[0]", "VERTICAL_MODE"): Verify element property value successfully

2023-10-16 14:22:33 - [MESSAGE][PASSED] - Verify element property value successfully

2023-10-16 14:22:33 - [TEST_STEP][PASSED] - verifyElementPropertyValue(getResponse, "offers[10].groups[0].pricingPlans[0].pricingPlanData[0].showIn[1]", "HORIZONTAL_MODE"): Verify element property value successfully

2023-10-16 14:22:33 - [MESSAGE][PASSED] - Verify element property value successfully

2023-10-16 14:22:33 - [TEST_STEP][PASSED] - verifyElementPropertyValue(getResponse, "offers[10].groups[0].pricingPlans[0].pricingPlanData[0].priceLabel", "2500"): Verify element property value successfully

2023-10-16 14:22:33 - [MESSAGE][PASSED] - Verify element property value successfully

2023-10-16 14:22:33 - [TEST_STEP][PASSED] - verifyElementPropertyValue(getResponse, "offers[10].groups[0].pricingPlans[0].pricingPlanData[0].currencyLabel", "IQD"): Verify element property value successfully

2023-10-16 14:22:33 - [MESSAGE][PASSED] - Verify element property value successfully

2023-10-16 14:22:33 - [TEST_STEP][PASSED] - verifyElementPropertyValue(getResponse, "offers[10].groups[0].pricingPlans[0].pricingPlanData[0].dealId", "BYG_50P_IRQ"): Verify element property value successfully

2023-10-16 14:22:33 - [MESSAGE][PASSED] - Verify element property value successfully

2023-10-16 14:22:33 - [TEST_STEP][PASSED] - verifyElementPropertyValue(getResponse, "offers[10].groups[0].pricingPlans[0].pricingPlanData[0].allowedForAcquisition", "true"): Verify element property value successfully

2023-10-16 14:22:33 - [MESSAGE][PASSED] - Verify element property value successfully

2023-10-16 14:22:33 - [TEST_STEP][PASSED] - verifyElementPropertyValue(getResponse, "offers[10].groups[0].pricingPlans[0].pricingPlanData[0].visualElements[0].key", "title"): Verify element property value successfully

2023-10-16 14:22:33 - [MESSAGE][PASSED] - Verify element property value successfully

2023-10-16 14:22:33 - [TEST_STEP][PASSED] - verifyElementPropertyValue(getResponse, "offers[10].groups[0].pricingPlans[0].pricingPlanData[0].visualElements[0].value", "Credit/Debit Card"): Verify element property value successfully

2023-10-16 14:22:33 - [MESSAGE][PASSED] - Verify element property value successfully

2023-10-16 14:22:33 - [TEST_STEP][PASSED] - verifyElementPropertyValue(getResponse, "offers[10].groups[0].pricingPlans[0].pricingPlanData[0].visualElements[1].key", "CTA_text"): Verify element property value successfully

2023-10-16 14:22:33 - [MESSAGE][PASSED] - Verify element property value successfully

2023-10-16 14:22:33 - [TEST_STEP][PASSED] - verifyElementPropertyValue(getResponse, "offers[10].groups[0].pricingPlans[0].pricingPlanData[0].visualElements[1].value", "Subscribe"): Verify element property value successfully

2023-10-16 14:22:33 - [MESSAGE][PASSED] - Verify element property value successfully

2023-10-16 14:22:33 - [TEST_STEP][PASSED] - verifyElementPropertyValue(getResponse, "offers[10].groups[0].pricingPlans[0].pricingPlanData[0].visualElements[2].key", "logo"): Verify element property value successfully

2023-10-16 14:22:33 - [MESSAGE][PASSED] - Verify element property value successfully

2023-10-16 14:22:33 - [TEST_STEP][PASSED] - verifyElementPropertyValue(getResponse, "offers[10].groups[0].pricingPlans[0].pricingPlanData[0].visualElements[2].value", "https://static.s3.shahid.mbc.net/widget-images/icons/iconCreditCard.png"): Verify element property value successfully

2023-10-16 14:22:33 - [MESSAGE][PASSED] - Verify element property value successfully]]></system-out>
         <system-err><![CDATA[2023-10-16 14:22:29 - [TEST_CASE][FAILED] - Test Cases/WEB - CHROME/IRQ PI/WEB_EN_getOffersForIRQ_VIP: Test Cases/WEB - CHROME/IRQ PI/WEB_EN_getOffersForIRQ_VIP FAILED.
Reason:
com.kms.katalon.core.exception.StepFailedException: Expected element property value '30% Discount Offer' is not equal with actual property value '30% Discount Offer​'
	at com.kms.katalon.core.keyword.internal.KeywordMain.stepFailed(KeywordMain.groovy:39)
	at com.kms.katalon.core.webservice.keyword.builtin.VerifyElementPropertyValueKeyword$_verifyElementPropertyValue_closure1.doCall(VerifyElementPropertyValueKeyword.groovy:56)
	at com.kms.katalon.core.webservice.keyword.builtin.VerifyElementPropertyValueKeyword$_verifyElementPropertyValue_closure1.call(VerifyElementPropertyValueKeyword.groovy)
	at com.kms.katalon.core.keyword.internal.KeywordMain.runKeyword(KeywordMain.groovy:75)
	at com.kms.katalon.core.webservice.keyword.builtin.VerifyElementPropertyValueKeyword.verifyElementPropertyValue(VerifyElementPropertyValueKeyword.groovy:48)
	at com.kms.katalon.core.webservice.keyword.builtin.VerifyElementPropertyValueKeyword.execute(VerifyElementPropertyValueKeyword.groovy:43)
	at com.kms.katalon.core.keyword.internal.KeywordExecutor.executeKeywordForPlatform(KeywordExecutor.groovy:74)
	at com.kms.katalon.core.webservice.keyword.WSBuiltInKeywords.verifyElementPropertyValue(WSBuiltInKeywords.groovy:190)
	at com.kms.katalon.core.webservice.keyword.WSBuiltInKeywords$verifyElementPropertyValue$1.call(Unknown Source)
	at WEB_EN_getOffersForIRQ_VIP.run(WEB_EN_getOffersForIRQ_VIP:61)
	at com.kms.katalon.core.main.ScriptEngine.run(ScriptEngine.java:194)
	at com.kms.katalon.core.main.ScriptEngine.runScriptAsRawText(ScriptEngine.java:119)
	at com.kms.katalon.core.main.TestCaseExecutor.runScript(TestCaseExecutor.java:448)
	at com.kms.katalon.core.main.TestCaseExecutor.doExecute(TestCaseExecutor.java:439)
	at com.kms.katalon.core.main.TestCaseExecutor.processExecutionPhase(TestCaseExecutor.java:418)
	at com.kms.katalon.core.main.TestCaseExecutor.accessMainPhase(TestCaseExecutor.java:410)
	at com.kms.katalon.core.main.TestCaseExecutor.execute(TestCaseExecutor.java:285)
	at com.kms.katalon.core.common.CommonExecutor.accessTestCaseMainPhase(CommonExecutor.java:65)
	at com.kms.katalon.core.main.TestSuiteExecutor.accessTestSuiteMainPhase(TestSuiteExecutor.java:148)
	at com.kms.katalon.core.main.TestSuiteExecutor.execute(TestSuiteExecutor.java:106)
	at com.kms.katalon.core.main.TestCaseMain.startTestSuite(TestCaseMain.java:187)
	at com.kms.katalon.core.main.TestCaseMain$startTestSuite$0.call(Unknown Source)
	at TempTestSuite1697454227045.run(TempTestSuite1697454227045.groovy:36)]]></system-err>
      </testcase>
      <testcase name="Test Cases/WEB - CHROME/IRQ PI/WEB_FR_getOffersForIRQ_SPORT" time="9.241" classname="Test Cases/WEB - CHROME/IRQ PI/WEB_FR_getOffersForIRQ_SPORT" status="PASSED">
         <system-out><![CDATA[2023-10-16 14:22:33 - [TEST_CASE][PASSED] - Test Cases/WEB - CHROME/IRQ PI/WEB_FR_getOffersForIRQ_SPORT: Test Cases/WEB - CHROME/IRQ PI/WEB_FR_getOffersForIRQ_SPORT

2023-10-16 14:22:33 - [TEST_STEP][PASSED] - getResponse = config_files.getConfigFile.getConfig("WEB", "FR", "SHAHID_VIP_SPORT", "IQ", "false"): config_files.getConfigFile.getConfig is PASSED

2023-10-16 14:22:34 - [MESSAGE][INFO] - HAR: /Users/admin/git/shahid-configuration/Reports/20231016_140310/WEB/IRQ/20231016_140347/requests/main/8.har

2023-10-16 14:22:34 - [MESSAGE][PASSED] - Send request successfully

2023-10-16 14:22:34 - [MESSAGE][PASSED] - config_files.getConfigFile.getConfig is PASSED

2023-10-16 14:22:34 - [TEST_STEP][PASSED] - verifyResponseStatusCode(getResponse, 200): Verify response status code successfully

2023-10-16 14:22:34 - [MESSAGE][PASSED] - Verify response status code successfully

2023-10-16 14:22:34 - [TEST_STEP][PASSED] - verifyElementPropertyValue(getResponse, "country", "IRQ"): Verify element property value successfully

2023-10-16 14:22:34 - [MESSAGE][PASSED] - Verify element property value successfully

2023-10-16 14:22:34 - [TEST_STEP][PASSED] - verifyElementPropertyValue(getResponse, "platform", "[WEB]"): Verify element property value successfully

2023-10-16 14:22:34 - [MESSAGE][PASSED] - Verify element property value successfully

2023-10-16 14:22:34 - [TEST_STEP][PASSED] - verifyElementPropertyValue(getResponse, "offers[5].offerId", "winback-sport-30-offer"): Verify element property value successfully

2023-10-16 14:22:34 - [MESSAGE][PASSED] - Verify element property value successfully

2023-10-16 14:22:34 - [TEST_STEP][PASSED] - verifyElementPropertyValue(getResponse, "offers[5].offerParam", "sportsoffer30"): Verify element property value successfully

2023-10-16 14:22:34 - [MESSAGE][PASSED] - Verify element property value successfully

2023-10-16 14:22:34 - [TEST_STEP][PASSED] - verifyElementPropertyValue(getResponse, "offers[5].groups[0].pricingPlans[0].featured", "true"): Verify element property value successfully

2023-10-16 14:22:34 - [MESSAGE][PASSED] - Verify element property value successfully

2023-10-16 14:22:34 - [TEST_STEP][PASSED] - verifyElementPropertyValue(getResponse, "offers[5].groups[0].pricingPlans[0].period", "monthly"): Verify element property value successfully

2023-10-16 14:22:34 - [MESSAGE][PASSED] - Verify element property value successfully

2023-10-16 14:22:34 - [TEST_STEP][PASSED] - verifyElementPropertyValue(getResponse, "offers[5].groups[0].pricingPlans[0].featured", "true"): Verify element property value successfully

2023-10-16 14:22:34 - [MESSAGE][PASSED] - Verify element property value successfully

2023-10-16 14:22:34 - [TEST_STEP][PASSED] - verifyElementPropertyValue(getResponse, "offers[5].groups[0].pricingPlans[0].price", "7000.0"): Verify element property value successfully

2023-10-16 14:22:34 - [MESSAGE][PASSED] - Verify element property value successfully

2023-10-16 14:22:34 - [TEST_STEP][PASSED] - verifyElementPropertyValue(getResponse, "offers[5].groups[0].pricingPlans[0].currency", "IQD"): Verify element property value successfully

2023-10-16 14:22:34 - [MESSAGE][PASSED] - Verify element property value successfully

2023-10-16 14:22:34 - [TEST_STEP][PASSED] - verifyElementPropertyValue(getResponse, "offers[5].groups[0].pricingPlans[0].order", "0"): Verify element property value successfully

2023-10-16 14:22:34 - [MESSAGE][PASSED] - Verify element property value successfully

2023-10-16 14:22:34 - [TEST_STEP][PASSED] - verifyElementPropertyValue(getResponse, "offers[5].groups[0].pricingPlans[0].packageId", "SHAHID_VIP_SPORT"): Verify element property value successfully

2023-10-16 14:22:34 - [MESSAGE][PASSED] - Verify element property value successfully

2023-10-16 14:22:34 - [TEST_STEP][PASSED] - verifyElementPropertyValue(getResponse, "offers[5].groups[0].pricingPlans[0].catalogId", "SPORT"): Verify element property value successfully

2023-10-16 14:22:34 - [MESSAGE][PASSED] - Verify element property value successfully

2023-10-16 14:22:34 - [TEST_STEP][PASSED] - verifyElementPropertyValue(getResponse, "offers[5].groups[0].pricingPlans[0].visualElements[0].key", "Header_1_text"): Verify element property value successfully

2023-10-16 14:22:34 - [MESSAGE][PASSED] - Verify element property value successfully

2023-10-16 14:22:34 - [TEST_STEP][PASSED] - verifyElementPropertyValue(getResponse, "offers[5].groups[0].pricingPlans[0].visualElements[0].value", "Abonnez-vous dès maintenant et profitez de vos programmes sans publicité"): Verify element property value successfully

2023-10-16 14:22:34 - [MESSAGE][PASSED] - Verify element property value successfully

2023-10-16 14:22:34 - [TEST_STEP][PASSED] - verifyElementPropertyValue(getResponse, "offers[5].groups[0].pricingPlans[0].visualElements[1].key", "display_title"): Verify element property value successfully

2023-10-16 14:22:34 - [MESSAGE][PASSED] - Verify element property value successfully

2023-10-16 14:22:34 - [TEST_STEP][PASSED] - verifyElementPropertyValue(getResponse, "offers[5].groups[0].pricingPlans[0].visualElements[1].value", "30% de réduction"): Verify element property value successfully

2023-10-16 14:22:34 - [MESSAGE][PASSED] - Verify element property value successfully

2023-10-16 14:22:34 - [TEST_STEP][PASSED] - verifyElementPropertyValue(getResponse, "offers[5].groups[0].pricingPlans[0].visualElements[3].key", "deduction_text"): Verify element property value successfully

2023-10-16 14:22:34 - [MESSAGE][PASSED] - Verify element property value successfully

2023-10-16 14:22:34 - [TEST_STEP][PASSED] - verifyElementPropertyValue(getResponse, "offers[5].groups[0].pricingPlans[0].visualElements[3].value", "facturation mensuelle"): Verify element property value successfully

2023-10-16 14:22:34 - [MESSAGE][PASSED] - Verify element property value successfully

2023-10-16 14:22:34 - [TEST_STEP][PASSED] - verifyElementPropertyValue(getResponse, "offers[5].groups[0].pricingPlans[0].visualElements[6].key", "show_payment_logo"): Verify element property value successfully

2023-10-16 14:22:34 - [MESSAGE][PASSED] - Verify element property value successfully

2023-10-16 14:22:34 - [TEST_STEP][PASSED] - verifyElementPropertyValue(getResponse, "offers[5].groups[0].pricingPlans[0].visualElements[6].value", "true"): Verify element property value successfully

2023-10-16 14:22:34 - [MESSAGE][PASSED] - Verify element property value successfully

2023-10-16 14:22:34 - [TEST_STEP][PASSED] - verifyElementPropertyValue(getResponse, "offers[5].groups[0].pricingPlans[0].visualElements[8].key", "price"): Verify element property value successfully

2023-10-16 14:22:34 - [MESSAGE][PASSED] - Verify element property value successfully

2023-10-16 14:22:34 - [TEST_STEP][PASSED] - verifyElementPropertyValue(getResponse, "offers[5].groups[0].pricingPlans[0].visualElements[8].value", "7000"): Verify element property value successfully

2023-10-16 14:22:34 - [MESSAGE][PASSED] - Verify element property value successfully

2023-10-16 14:22:34 - [TEST_STEP][PASSED] - verifyElementPropertyValue(getResponse, "offers[5].groups[0].pricingPlans[0].visualElements[9].key", "currency"): Verify element property value successfully

2023-10-16 14:22:34 - [MESSAGE][PASSED] - Verify element property value successfully

2023-10-16 14:22:34 - [TEST_STEP][PASSED] - verifyElementPropertyValue(getResponse, "offers[5].groups[0].pricingPlans[0].visualElements[9].value", "IQD"): Verify element property value successfully

2023-10-16 14:22:34 - [MESSAGE][PASSED] - Verify element property value successfully

2023-10-16 14:22:34 - [TEST_STEP][PASSED] - verifyElementPropertyValue(getResponse, "offers[5].groups[0].pricingPlans[0].visualElements[10].key", "duration"): Verify element property value successfully

2023-10-16 14:22:34 - [MESSAGE][PASSED] - Verify element property value successfully

2023-10-16 14:22:34 - [TEST_STEP][PASSED] - verifyElementPropertyValue(getResponse, "offers[5].groups[0].pricingPlans[0].visualElements[10].value", "Mensuel"): Verify element property value successfully

2023-10-16 14:22:34 - [MESSAGE][PASSED] - Verify element property value successfully

2023-10-16 14:22:34 - [TEST_STEP][PASSED] - verifyElementPropertyValue(getResponse, "offers[5].groups[0].pricingPlans[0].visualElements[11].key", "featured_tag_text"): Verify element property value successfully

2023-10-16 14:22:34 - [MESSAGE][PASSED] - Verify element property value successfully

2023-10-16 14:22:34 - [TEST_STEP][PASSED] - verifyElementPropertyValue(getResponse, "offers[5].groups[0].pricingPlans[0].visualElements[11].value", "Offre limitée"): Verify element property value successfully

2023-10-16 14:22:34 - [MESSAGE][PASSED] - Verify element property value successfully

2023-10-16 14:22:34 - [TEST_STEP][PASSED] - verifyElementPropertyValue(getResponse, "offers[5].groups[0].pricingPlans[0].visualElements[13].key", "tag_text"): Verify element property value successfully

2023-10-16 14:22:34 - [MESSAGE][PASSED] - Verify element property value successfully

2023-10-16 14:22:34 - [TEST_STEP][PASSED] - verifyElementPropertyValue(getResponse, "offers[5].groups[0].pricingPlans[0].visualElements[13].value", "Économisez 30% "): Verify element property value successfully

2023-10-16 14:22:34 - [MESSAGE][PASSED] - Verify element property value successfully

2023-10-16 14:22:34 - [TEST_STEP][PASSED] - verifyElementPropertyValue(getResponse, "offers[5].groups[0].pricingPlans[0].visualElements[12].key", "show_tag"): Verify element property value successfully

2023-10-16 14:22:34 - [MESSAGE][PASSED] - Verify element property value successfully

2023-10-16 14:22:34 - [TEST_STEP][PASSED] - verifyElementPropertyValue(getResponse, "offers[5].groups[0].pricingPlans[0].visualElements[12].value", "true"): Verify element property value successfully

2023-10-16 14:22:34 - [MESSAGE][PASSED] - Verify element property value successfully

2023-10-16 14:22:34 - [TEST_STEP][PASSED] - verifyElementPropertyValue(getResponse, "offers[5].groups[0].pricingPlans[0].pricingPlanData[0].productId", "IRQ_B2C_SHAHID_VIP_SPORT_1M"): Verify element property value successfully

2023-10-16 14:22:34 - [MESSAGE][PASSED] - Verify element property value successfully

2023-10-16 14:22:34 - [TEST_STEP][PASSED] - verifyElementPropertyValue(getResponse, "offers[5].groups[0].pricingPlans[0].pricingPlanData[0].paymentMethod", "CREDIT_CARD"): Verify element property value successfully

2023-10-16 14:22:34 - [MESSAGE][PASSED] - Verify element property value successfully

2023-10-16 14:22:34 - [TEST_STEP][PASSED] - verifyElementPropertyValue(getResponse, "offers[5].groups[0].pricingPlans[0].pricingPlanData[0].freeTrialEnabled", "false"): Verify element property value successfully

2023-10-16 14:22:34 - [MESSAGE][PASSED] - Verify element property value successfully

2023-10-16 14:22:34 - [TEST_STEP][PASSED] - verifyElementPropertyValue(getResponse, "offers[5].groups[0].pricingPlans[0].pricingPlanData[0].showIn[0]", "VERTICAL_MODE"): Verify element property value successfully

2023-10-16 14:22:34 - [MESSAGE][PASSED] - Verify element property value successfully

2023-10-16 14:22:34 - [TEST_STEP][PASSED] - verifyElementPropertyValue(getResponse, "offers[5].groups[0].pricingPlans[0].pricingPlanData[0].showIn[1]", "HORIZONTAL_MODE"): Verify element property value successfully

2023-10-16 14:22:34 - [MESSAGE][PASSED] - Verify element property value successfully

2023-10-16 14:22:34 - [TEST_STEP][PASSED] - verifyElementPropertyValue(getResponse, "offers[5].groups[0].pricingPlans[0].pricingPlanData[0].priceLabel", "7000"): Verify element property value successfully

2023-10-16 14:22:34 - [MESSAGE][PASSED] - Verify element property value successfully

2023-10-16 14:22:34 - [TEST_STEP][PASSED] - verifyElementPropertyValue(getResponse, "offers[5].groups[0].pricingPlans[0].pricingPlanData[0].currencyLabel", "IQD"): Verify element property value successfully

2023-10-16 14:22:34 - [MESSAGE][PASSED] - Verify element property value successfully

2023-10-16 14:22:34 - [TEST_STEP][PASSED] - verifyElementPropertyValue(getResponse, "offers[5].groups[0].pricingPlans[0].pricingPlanData[0].dealId", "WB_SPORT_30P_IRQ"): Verify element property value successfully

2023-10-16 14:22:34 - [MESSAGE][PASSED] - Verify element property value successfully

2023-10-16 14:22:34 - [TEST_STEP][PASSED] - verifyElementPropertyValue(getResponse, "offers[5].groups[0].pricingPlans[0].pricingPlanData[0].allowedForAcquisition", "true"): Verify element property value successfully

2023-10-16 14:22:34 - [MESSAGE][PASSED] - Verify element property value successfully

2023-10-16 14:22:34 - [TEST_STEP][PASSED] - verifyElementPropertyValue(getResponse, "offers[5].groups[0].pricingPlans[0].pricingPlanData[0].visualElements[0].key", "title"): Verify element property value successfully

2023-10-16 14:22:34 - [MESSAGE][PASSED] - Verify element property value successfully

2023-10-16 14:22:34 - [TEST_STEP][PASSED] - verifyElementPropertyValue(getResponse, "offers[5].groups[0].pricingPlans[0].pricingPlanData[0].visualElements[0].value", "Carte de crédit/débit"): Verify element property value successfully

2023-10-16 14:22:34 - [MESSAGE][PASSED] - Verify element property value successfully

2023-10-16 14:22:34 - [TEST_STEP][PASSED] - verifyElementPropertyValue(getResponse, "offers[5].groups[0].pricingPlans[0].pricingPlanData[0].visualElements[1].key", "CTA_text"): Verify element property value successfully

2023-10-16 14:22:34 - [MESSAGE][PASSED] - Verify element property value successfully

2023-10-16 14:22:34 - [TEST_STEP][PASSED] - verifyElementPropertyValue(getResponse, "offers[5].groups[0].pricingPlans[0].pricingPlanData[0].visualElements[1].value", "S’abonner"): Verify element property value successfully

2023-10-16 14:22:34 - [MESSAGE][PASSED] - Verify element property value successfully

2023-10-16 14:22:34 - [TEST_STEP][PASSED] - verifyElementPropertyValue(getResponse, "offers[5].groups[0].pricingPlans[0].pricingPlanData[0].visualElements[2].key", "logo"): Verify element property value successfully

2023-10-16 14:22:34 - [MESSAGE][PASSED] - Verify element property value successfully

2023-10-16 14:22:34 - [TEST_STEP][PASSED] - verifyElementPropertyValue(getResponse, "offers[5].groups[0].pricingPlans[0].pricingPlanData[0].visualElements[2].value", "https://static.s3.shahid.mbc.net/widget-images/icons/iconCreditCard.png"): Verify element property value successfully

2023-10-16 14:22:34 - [MESSAGE][PASSED] - Verify element property value successfully

2023-10-16 14:22:34 - [TEST_STEP][PASSED] - verifyElementPropertyValue(getResponse, "offers[6].offerId", "winback-sport-40-offer"): Verify element property value successfully

2023-10-16 14:22:34 - [MESSAGE][PASSED] - Verify element property value successfully

2023-10-16 14:22:34 - [TEST_STEP][PASSED] - verifyElementPropertyValue(getResponse, "offers[6].offerParam", "sportsoffer40"): Verify element property value successfully

2023-10-16 14:22:34 - [MESSAGE][PASSED] - Verify element property value successfully

2023-10-16 14:22:34 - [TEST_STEP][PASSED] - verifyElementPropertyValue(getResponse, "offers[6].groups[0].pricingPlans[0].featured", "true"): Verify element property value successfully

2023-10-16 14:22:34 - [MESSAGE][PASSED] - Verify element property value successfully

2023-10-16 14:22:34 - [TEST_STEP][PASSED] - verifyElementPropertyValue(getResponse, "offers[6].groups[0].pricingPlans[0].period", "monthly"): Verify element property value successfully

2023-10-16 14:22:34 - [MESSAGE][PASSED] - Verify element property value successfully

2023-10-16 14:22:34 - [TEST_STEP][PASSED] - verifyElementPropertyValue(getResponse, "offers[6].groups[0].pricingPlans[0].featured", "true"): Verify element property value successfully

2023-10-16 14:22:34 - [MESSAGE][PASSED] - Verify element property value successfully

2023-10-16 14:22:34 - [TEST_STEP][PASSED] - verifyElementPropertyValue(getResponse, "offers[6].groups[0].pricingPlans[0].price", "6000.0"): Verify element property value successfully

2023-10-16 14:22:34 - [MESSAGE][PASSED] - Verify element property value successfully

2023-10-16 14:22:34 - [TEST_STEP][PASSED] - verifyElementPropertyValue(getResponse, "offers[6].groups[0].pricingPlans[0].currency", "IQD"): Verify element property value successfully

2023-10-16 14:22:34 - [MESSAGE][PASSED] - Verify element property value successfully

2023-10-16 14:22:34 - [TEST_STEP][PASSED] - verifyElementPropertyValue(getResponse, "offers[6].groups[0].pricingPlans[0].order", "0"): Verify element property value successfully

2023-10-16 14:22:34 - [MESSAGE][PASSED] - Verify element property value successfully

2023-10-16 14:22:34 - [TEST_STEP][PASSED] - verifyElementPropertyValue(getResponse, "offers[6].groups[0].pricingPlans[0].packageId", "SHAHID_VIP_SPORT"): Verify element property value successfully

2023-10-16 14:22:34 - [MESSAGE][PASSED] - Verify element property value successfully

2023-10-16 14:22:34 - [TEST_STEP][PASSED] - verifyElementPropertyValue(getResponse, "offers[6].groups[0].pricingPlans[0].catalogId", "SPORT"): Verify element property value successfully

2023-10-16 14:22:34 - [MESSAGE][PASSED] - Verify element property value successfully

2023-10-16 14:22:34 - [TEST_STEP][PASSED] - verifyElementPropertyValue(getResponse, "offers[6].groups[0].pricingPlans[0].visualElements[0].key", "Header_1_text"): Verify element property value successfully

2023-10-16 14:22:34 - [MESSAGE][PASSED] - Verify element property value successfully

2023-10-16 14:22:34 - [TEST_STEP][PASSED] - verifyElementPropertyValue(getResponse, "offers[6].groups[0].pricingPlans[0].visualElements[0].value", "Abonnez-vous dès maintenant et profitez de vos programmes sans publicité"): Verify element property value successfully

2023-10-16 14:22:34 - [MESSAGE][PASSED] - Verify element property value successfully

2023-10-16 14:22:34 - [TEST_STEP][PASSED] - verifyElementPropertyValue(getResponse, "offers[6].groups[0].pricingPlans[0].visualElements[1].key", "display_title"): Verify element property value successfully

2023-10-16 14:22:34 - [MESSAGE][PASSED] - Verify element property value successfully

2023-10-16 14:22:34 - [TEST_STEP][PASSED] - verifyElementPropertyValue(getResponse, "offers[6].groups[0].pricingPlans[0].visualElements[1].value", "40% de réduction"): Verify element property value successfully

2023-10-16 14:22:34 - [MESSAGE][PASSED] - Verify element property value successfully

2023-10-16 14:22:34 - [TEST_STEP][PASSED] - verifyElementPropertyValue(getResponse, "offers[6].groups[0].pricingPlans[0].visualElements[3].key", "deduction_text"): Verify element property value successfully

2023-10-16 14:22:34 - [MESSAGE][PASSED] - Verify element property value successfully

2023-10-16 14:22:34 - [TEST_STEP][PASSED] - verifyElementPropertyValue(getResponse, "offers[6].groups[0].pricingPlans[0].visualElements[3].value", "facturation mensuelle"): Verify element property value successfully

2023-10-16 14:22:34 - [MESSAGE][PASSED] - Verify element property value successfully

2023-10-16 14:22:34 - [TEST_STEP][PASSED] - verifyElementPropertyValue(getResponse, "offers[6].groups[0].pricingPlans[0].visualElements[6].key", "show_payment_logo"): Verify element property value successfully

2023-10-16 14:22:34 - [MESSAGE][PASSED] - Verify element property value successfully

2023-10-16 14:22:34 - [TEST_STEP][PASSED] - verifyElementPropertyValue(getResponse, "offers[6].groups[0].pricingPlans[0].visualElements[6].value", "true"): Verify element property value successfully

2023-10-16 14:22:34 - [MESSAGE][PASSED] - Verify element property value successfully

2023-10-16 14:22:34 - [TEST_STEP][PASSED] - verifyElementPropertyValue(getResponse, "offers[6].groups[0].pricingPlans[0].visualElements[8].key", "price"): Verify element property value successfully

2023-10-16 14:22:34 - [MESSAGE][PASSED] - Verify element property value successfully

2023-10-16 14:22:34 - [TEST_STEP][PASSED] - verifyElementPropertyValue(getResponse, "offers[6].groups[0].pricingPlans[0].visualElements[8].value", "6000"): Verify element property value successfully

2023-10-16 14:22:34 - [MESSAGE][PASSED] - Verify element property value successfully

2023-10-16 14:22:34 - [TEST_STEP][PASSED] - verifyElementPropertyValue(getResponse, "offers[6].groups[0].pricingPlans[0].visualElements[9].key", "currency"): Verify element property value successfully

2023-10-16 14:22:34 - [MESSAGE][PASSED] - Verify element property value successfully

2023-10-16 14:22:34 - [TEST_STEP][PASSED] - verifyElementPropertyValue(getResponse, "offers[6].groups[0].pricingPlans[0].visualElements[9].value", "IQD"): Verify element property value successfully

2023-10-16 14:22:34 - [MESSAGE][PASSED] - Verify element property value successfully

2023-10-16 14:22:34 - [TEST_STEP][PASSED] - verifyElementPropertyValue(getResponse, "offers[6].groups[0].pricingPlans[0].visualElements[10].key", "duration"): Verify element property value successfully

2023-10-16 14:22:34 - [MESSAGE][PASSED] - Verify element property value successfully

2023-10-16 14:22:34 - [TEST_STEP][PASSED] - verifyElementPropertyValue(getResponse, "offers[6].groups[0].pricingPlans[0].visualElements[10].value", "Mensuel"): Verify element property value successfully

2023-10-16 14:22:34 - [MESSAGE][PASSED] - Verify element property value successfully

2023-10-16 14:22:34 - [TEST_STEP][PASSED] - verifyElementPropertyValue(getResponse, "offers[6].groups[0].pricingPlans[0].visualElements[11].key", "featured_tag_text"): Verify element property value successfully

2023-10-16 14:22:34 - [MESSAGE][PASSED] - Verify element property value successfully

2023-10-16 14:22:34 - [TEST_STEP][PASSED] - verifyElementPropertyValue(getResponse, "offers[6].groups[0].pricingPlans[0].visualElements[11].value", "Offre limitée"): Verify element property value successfully

2023-10-16 14:22:34 - [MESSAGE][PASSED] - Verify element property value successfully

2023-10-16 14:22:34 - [TEST_STEP][PASSED] - verifyElementPropertyValue(getResponse, "offers[6].groups[0].pricingPlans[0].visualElements[13].key", "tag_text"): Verify element property value successfully

2023-10-16 14:22:34 - [MESSAGE][PASSED] - Verify element property value successfully

2023-10-16 14:22:34 - [TEST_STEP][PASSED] - verifyElementPropertyValue(getResponse, "offers[6].groups[0].pricingPlans[0].visualElements[13].value", "Économisez 40% "): Verify element property value successfully

2023-10-16 14:22:34 - [MESSAGE][PASSED] - Verify element property value successfully

2023-10-16 14:22:34 - [TEST_STEP][PASSED] - verifyElementPropertyValue(getResponse, "offers[6].groups[0].pricingPlans[0].visualElements[12].key", "show_tag"): Verify element property value successfully

2023-10-16 14:22:35 - [MESSAGE][PASSED] - Verify element property value successfully

2023-10-16 14:22:35 - [TEST_STEP][PASSED] - verifyElementPropertyValue(getResponse, "offers[6].groups[0].pricingPlans[0].visualElements[12].value", "true"): Verify element property value successfully

2023-10-16 14:22:35 - [MESSAGE][PASSED] - Verify element property value successfully

2023-10-16 14:22:35 - [TEST_STEP][PASSED] - verifyElementPropertyValue(getResponse, "offers[6].groups[0].pricingPlans[0].pricingPlanData[0].productId", "IRQ_B2C_SHAHID_VIP_SPORT_1M"): Verify element property value successfully

2023-10-16 14:22:35 - [MESSAGE][PASSED] - Verify element property value successfully

2023-10-16 14:22:35 - [TEST_STEP][PASSED] - verifyElementPropertyValue(getResponse, "offers[6].groups[0].pricingPlans[0].pricingPlanData[0].paymentMethod", "CREDIT_CARD"): Verify element property value successfully

2023-10-16 14:22:35 - [MESSAGE][PASSED] - Verify element property value successfully

2023-10-16 14:22:35 - [TEST_STEP][PASSED] - verifyElementPropertyValue(getResponse, "offers[6].groups[0].pricingPlans[0].pricingPlanData[0].freeTrialEnabled", "false"): Verify element property value successfully

2023-10-16 14:22:35 - [MESSAGE][PASSED] - Verify element property value successfully

2023-10-16 14:22:35 - [TEST_STEP][PASSED] - verifyElementPropertyValue(getResponse, "offers[6].groups[0].pricingPlans[0].pricingPlanData[0].showIn[0]", "VERTICAL_MODE"): Verify element property value successfully

2023-10-16 14:22:35 - [MESSAGE][PASSED] - Verify element property value successfully

2023-10-16 14:22:35 - [TEST_STEP][PASSED] - verifyElementPropertyValue(getResponse, "offers[6].groups[0].pricingPlans[0].pricingPlanData[0].showIn[1]", "HORIZONTAL_MODE"): Verify element property value successfully

2023-10-16 14:22:35 - [MESSAGE][PASSED] - Verify element property value successfully

2023-10-16 14:22:35 - [TEST_STEP][PASSED] - verifyElementPropertyValue(getResponse, "offers[6].groups[0].pricingPlans[0].pricingPlanData[0].priceLabel", "6000"): Verify element property value successfully

2023-10-16 14:22:35 - [MESSAGE][PASSED] - Verify element property value successfully

2023-10-16 14:22:35 - [TEST_STEP][PASSED] - verifyElementPropertyValue(getResponse, "offers[6].groups[0].pricingPlans[0].pricingPlanData[0].currencyLabel", "IQD"): Verify element property value successfully

2023-10-16 14:22:35 - [MESSAGE][PASSED] - Verify element property value successfully

2023-10-16 14:22:35 - [TEST_STEP][PASSED] - verifyElementPropertyValue(getResponse, "offers[6].groups[0].pricingPlans[0].pricingPlanData[0].dealId", "WB_SPORT_40P_IRQ"): Verify element property value successfully

2023-10-16 14:22:35 - [MESSAGE][PASSED] - Verify element property value successfully

2023-10-16 14:22:35 - [TEST_STEP][PASSED] - verifyElementPropertyValue(getResponse, "offers[6].groups[0].pricingPlans[0].pricingPlanData[0].allowedForAcquisition", "true"): Verify element property value successfully

2023-10-16 14:22:35 - [MESSAGE][PASSED] - Verify element property value successfully

2023-10-16 14:22:35 - [TEST_STEP][PASSED] - verifyElementPropertyValue(getResponse, "offers[6].groups[0].pricingPlans[0].pricingPlanData[0].visualElements[0].key", "title"): Verify element property value successfully

2023-10-16 14:22:35 - [MESSAGE][PASSED] - Verify element property value successfully

2023-10-16 14:22:35 - [TEST_STEP][PASSED] - verifyElementPropertyValue(getResponse, "offers[6].groups[0].pricingPlans[0].pricingPlanData[0].visualElements[0].value", "Carte de crédit/débit"): Verify element property value successfully

2023-10-16 14:22:35 - [MESSAGE][PASSED] - Verify element property value successfully

2023-10-16 14:22:35 - [TEST_STEP][PASSED] - verifyElementPropertyValue(getResponse, "offers[6].groups[0].pricingPlans[0].pricingPlanData[0].visualElements[1].key", "CTA_text"): Verify element property value successfully

2023-10-16 14:22:35 - [MESSAGE][PASSED] - Verify element property value successfully

2023-10-16 14:22:35 - [TEST_STEP][PASSED] - verifyElementPropertyValue(getResponse, "offers[6].groups[0].pricingPlans[0].pricingPlanData[0].visualElements[1].value", "S’abonner"): Verify element property value successfully

2023-10-16 14:22:35 - [MESSAGE][PASSED] - Verify element property value successfully

2023-10-16 14:22:35 - [TEST_STEP][PASSED] - verifyElementPropertyValue(getResponse, "offers[6].groups[0].pricingPlans[0].pricingPlanData[0].visualElements[2].key", "logo"): Verify element property value successfully

2023-10-16 14:22:35 - [MESSAGE][PASSED] - Verify element property value successfully

2023-10-16 14:22:35 - [TEST_STEP][PASSED] - verifyElementPropertyValue(getResponse, "offers[6].groups[0].pricingPlans[0].pricingPlanData[0].visualElements[2].value", "https://static.s3.shahid.mbc.net/widget-images/icons/iconCreditCard.png"): Verify element property value successfully

2023-10-16 14:22:35 - [MESSAGE][PASSED] - Verify element property value successfully

2023-10-16 14:22:35 - [TEST_STEP][PASSED] - verifyElementPropertyValue(getResponse, "offers[7].offerId", "winback-sport-50-offer"): Verify element property value successfully

2023-10-16 14:22:35 - [MESSAGE][PASSED] - Verify element property value successfully

2023-10-16 14:22:35 - [TEST_STEP][PASSED] - verifyElementPropertyValue(getResponse, "offers[7].offerParam", "sportsoffer50"): Verify element property value successfully

2023-10-16 14:22:35 - [MESSAGE][PASSED] - Verify element property value successfully

2023-10-16 14:22:35 - [TEST_STEP][PASSED] - verifyElementPropertyValue(getResponse, "offers[7].groups[0].pricingPlans[0].featured", "true"): Verify element property value successfully

2023-10-16 14:22:35 - [MESSAGE][PASSED] - Verify element property value successfully

2023-10-16 14:22:35 - [TEST_STEP][PASSED] - verifyElementPropertyValue(getResponse, "offers[7].groups[0].pricingPlans[0].period", "monthly"): Verify element property value successfully

2023-10-16 14:22:35 - [MESSAGE][PASSED] - Verify element property value successfully

2023-10-16 14:22:35 - [TEST_STEP][PASSED] - verifyElementPropertyValue(getResponse, "offers[7].groups[0].pricingPlans[0].featured", "true"): Verify element property value successfully

2023-10-16 14:22:35 - [MESSAGE][PASSED] - Verify element property value successfully

2023-10-16 14:22:35 - [TEST_STEP][PASSED] - verifyElementPropertyValue(getResponse, "offers[7].groups[0].pricingPlans[0].price", "5000.0"): Verify element property value successfully

2023-10-16 14:22:35 - [MESSAGE][PASSED] - Verify element property value successfully

2023-10-16 14:22:35 - [TEST_STEP][PASSED] - verifyElementPropertyValue(getResponse, "offers[7].groups[0].pricingPlans[0].currency", "IQD"): Verify element property value successfully

2023-10-16 14:22:35 - [MESSAGE][PASSED] - Verify element property value successfully

2023-10-16 14:22:35 - [TEST_STEP][PASSED] - verifyElementPropertyValue(getResponse, "offers[7].groups[0].pricingPlans[0].order", "0"): Verify element property value successfully

2023-10-16 14:22:35 - [MESSAGE][PASSED] - Verify element property value successfully

2023-10-16 14:22:35 - [TEST_STEP][PASSED] - verifyElementPropertyValue(getResponse, "offers[7].groups[0].pricingPlans[0].packageId", "SHAHID_VIP_SPORT"): Verify element property value successfully

2023-10-16 14:22:35 - [MESSAGE][PASSED] - Verify element property value successfully

2023-10-16 14:22:35 - [TEST_STEP][PASSED] - verifyElementPropertyValue(getResponse, "offers[7].groups[0].pricingPlans[0].catalogId", "SPORT"): Verify element property value successfully

2023-10-16 14:22:35 - [MESSAGE][PASSED] - Verify element property value successfully

2023-10-16 14:22:35 - [TEST_STEP][PASSED] - verifyElementPropertyValue(getResponse, "offers[7].groups[0].pricingPlans[0].visualElements[0].key", "Header_1_text"): Verify element property value successfully

2023-10-16 14:22:35 - [MESSAGE][PASSED] - Verify element property value successfully

2023-10-16 14:22:35 - [TEST_STEP][PASSED] - verifyElementPropertyValue(getResponse, "offers[7].groups[0].pricingPlans[0].visualElements[0].value", "Abonnez-vous dès maintenant et profitez de vos programmes sans publicité"): Verify element property value successfully

2023-10-16 14:22:35 - [MESSAGE][PASSED] - Verify element property value successfully

2023-10-16 14:22:35 - [TEST_STEP][PASSED] - verifyElementPropertyValue(getResponse, "offers[7].groups[0].pricingPlans[0].visualElements[1].key", "display_title"): Verify element property value successfully

2023-10-16 14:22:35 - [MESSAGE][PASSED] - Verify element property value successfully

2023-10-16 14:22:35 - [TEST_STEP][PASSED] - verifyElementPropertyValue(getResponse, "offers[7].groups[0].pricingPlans[0].visualElements[1].value", "50% de réduction"): Verify element property value successfully

2023-10-16 14:22:35 - [MESSAGE][PASSED] - Verify element property value successfully

2023-10-16 14:22:35 - [TEST_STEP][PASSED] - verifyElementPropertyValue(getResponse, "offers[7].groups[0].pricingPlans[0].visualElements[3].key", "deduction_text"): Verify element property value successfully

2023-10-16 14:22:35 - [MESSAGE][PASSED] - Verify element property value successfully

2023-10-16 14:22:35 - [TEST_STEP][PASSED] - verifyElementPropertyValue(getResponse, "offers[7].groups[0].pricingPlans[0].visualElements[3].value", "facturation mensuelle"): Verify element property value successfully

2023-10-16 14:22:35 - [MESSAGE][PASSED] - Verify element property value successfully

2023-10-16 14:22:35 - [TEST_STEP][PASSED] - verifyElementPropertyValue(getResponse, "offers[7].groups[0].pricingPlans[0].visualElements[6].key", "show_payment_logo"): Verify element property value successfully

2023-10-16 14:22:35 - [MESSAGE][PASSED] - Verify element property value successfully

2023-10-16 14:22:35 - [TEST_STEP][PASSED] - verifyElementPropertyValue(getResponse, "offers[7].groups[0].pricingPlans[0].visualElements[6].value", "true"): Verify element property value successfully

2023-10-16 14:22:35 - [MESSAGE][PASSED] - Verify element property value successfully

2023-10-16 14:22:35 - [TEST_STEP][PASSED] - verifyElementPropertyValue(getResponse, "offers[7].groups[0].pricingPlans[0].visualElements[8].key", "price"): Verify element property value successfully

2023-10-16 14:22:35 - [MESSAGE][PASSED] - Verify element property value successfully

2023-10-16 14:22:35 - [TEST_STEP][PASSED] - verifyElementPropertyValue(getResponse, "offers[7].groups[0].pricingPlans[0].visualElements[8].value", "5000"): Verify element property value successfully

2023-10-16 14:22:35 - [MESSAGE][PASSED] - Verify element property value successfully

2023-10-16 14:22:35 - [TEST_STEP][PASSED] - verifyElementPropertyValue(getResponse, "offers[7].groups[0].pricingPlans[0].visualElements[9].key", "currency"): Verify element property value successfully

2023-10-16 14:22:35 - [MESSAGE][PASSED] - Verify element property value successfully

2023-10-16 14:22:35 - [TEST_STEP][PASSED] - verifyElementPropertyValue(getResponse, "offers[7].groups[0].pricingPlans[0].visualElements[9].value", "IQD"): Verify element property value successfully

2023-10-16 14:22:35 - [MESSAGE][PASSED] - Verify element property value successfully

2023-10-16 14:22:35 - [TEST_STEP][PASSED] - verifyElementPropertyValue(getResponse, "offers[7].groups[0].pricingPlans[0].visualElements[10].key", "duration"): Verify element property value successfully

2023-10-16 14:22:35 - [MESSAGE][PASSED] - Verify element property value successfully

2023-10-16 14:22:35 - [TEST_STEP][PASSED] - verifyElementPropertyValue(getResponse, "offers[7].groups[0].pricingPlans[0].visualElements[10].value", "Mensuel"): Verify element property value successfully

2023-10-16 14:22:35 - [MESSAGE][PASSED] - Verify element property value successfully

2023-10-16 14:22:35 - [TEST_STEP][PASSED] - verifyElementPropertyValue(getResponse, "offers[7].groups[0].pricingPlans[0].visualElements[11].key", "featured_tag_text"): Verify element property value successfully

2023-10-16 14:22:35 - [MESSAGE][PASSED] - Verify element property value successfully

2023-10-16 14:22:35 - [TEST_STEP][PASSED] - verifyElementPropertyValue(getResponse, "offers[7].groups[0].pricingPlans[0].visualElements[11].value", "Offre limitée"): Verify element property value successfully

2023-10-16 14:22:35 - [MESSAGE][PASSED] - Verify element property value successfully

2023-10-16 14:22:35 - [TEST_STEP][PASSED] - verifyElementPropertyValue(getResponse, "offers[7].groups[0].pricingPlans[0].visualElements[13].key", "tag_text"): Verify element property value successfully

2023-10-16 14:22:35 - [MESSAGE][PASSED] - Verify element property value successfully

2023-10-16 14:22:35 - [TEST_STEP][PASSED] - verifyElementPropertyValue(getResponse, "offers[7].groups[0].pricingPlans[0].visualElements[13].value", "Économisez 50% "): Verify element property value successfully

2023-10-16 14:22:35 - [MESSAGE][PASSED] - Verify element property value successfully

2023-10-16 14:22:35 - [TEST_STEP][PASSED] - verifyElementPropertyValue(getResponse, "offers[7].groups[0].pricingPlans[0].visualElements[12].key", "show_tag"): Verify element property value successfully

2023-10-16 14:22:35 - [MESSAGE][PASSED] - Verify element property value successfully

2023-10-16 14:22:35 - [TEST_STEP][PASSED] - verifyElementPropertyValue(getResponse, "offers[7].groups[0].pricingPlans[0].visualElements[12].value", "true"): Verify element property value successfully

2023-10-16 14:22:35 - [MESSAGE][PASSED] - Verify element property value successfully

2023-10-16 14:22:35 - [TEST_STEP][PASSED] - verifyElementPropertyValue(getResponse, "offers[7].groups[0].pricingPlans[0].pricingPlanData[0].productId", "IRQ_B2C_SHAHID_VIP_SPORT_1M"): Verify element property value successfully

2023-10-16 14:22:35 - [MESSAGE][PASSED] - Verify element property value successfully

2023-10-16 14:22:35 - [TEST_STEP][PASSED] - verifyElementPropertyValue(getResponse, "offers[7].groups[0].pricingPlans[0].pricingPlanData[0].paymentMethod", "CREDIT_CARD"): Verify element property value successfully

2023-10-16 14:22:35 - [MESSAGE][PASSED] - Verify element property value successfully

2023-10-16 14:22:35 - [TEST_STEP][PASSED] - verifyElementPropertyValue(getResponse, "offers[7].groups[0].pricingPlans[0].pricingPlanData[0].freeTrialEnabled", "false"): Verify element property value successfully

2023-10-16 14:22:35 - [MESSAGE][PASSED] - Verify element property value successfully

2023-10-16 14:22:35 - [TEST_STEP][PASSED] - verifyElementPropertyValue(getResponse, "offers[7].groups[0].pricingPlans[0].pricingPlanData[0].showIn[0]", "VERTICAL_MODE"): Verify element property value successfully

2023-10-16 14:22:35 - [MESSAGE][PASSED] - Verify element property value successfully

2023-10-16 14:22:35 - [TEST_STEP][PASSED] - verifyElementPropertyValue(getResponse, "offers[7].groups[0].pricingPlans[0].pricingPlanData[0].showIn[1]", "HORIZONTAL_MODE"): Verify element property value successfully

2023-10-16 14:22:35 - [MESSAGE][PASSED] - Verify element property value successfully

2023-10-16 14:22:35 - [TEST_STEP][PASSED] - verifyElementPropertyValue(getResponse, "offers[7].groups[0].pricingPlans[0].pricingPlanData[0].priceLabel", "5000"): Verify element property value successfully

2023-10-16 14:22:35 - [MESSAGE][PASSED] - Verify element property value successfully

2023-10-16 14:22:35 - [TEST_STEP][PASSED] - verifyElementPropertyValue(getResponse, "offers[7].groups[0].pricingPlans[0].pricingPlanData[0].currencyLabel", "IQD"): Verify element property value successfully

2023-10-16 14:22:35 - [MESSAGE][PASSED] - Verify element property value successfully

2023-10-16 14:22:35 - [TEST_STEP][PASSED] - verifyElementPropertyValue(getResponse, "offers[7].groups[0].pricingPlans[0].pricingPlanData[0].dealId", "WB_SPORT_50P_IRQ"): Verify element property value successfully

2023-10-16 14:22:35 - [MESSAGE][PASSED] - Verify element property value successfully

2023-10-16 14:22:35 - [TEST_STEP][PASSED] - verifyElementPropertyValue(getResponse, "offers[7].groups[0].pricingPlans[0].pricingPlanData[0].allowedForAcquisition", "true"): Verify element property value successfully

2023-10-16 14:22:35 - [MESSAGE][PASSED] - Verify element property value successfully

2023-10-16 14:22:35 - [TEST_STEP][PASSED] - verifyElementPropertyValue(getResponse, "offers[7].groups[0].pricingPlans[0].pricingPlanData[0].visualElements[0].key", "title"): Verify element property value successfully

2023-10-16 14:22:35 - [MESSAGE][PASSED] - Verify element property value successfully

2023-10-16 14:22:35 - [TEST_STEP][PASSED] - verifyElementPropertyValue(getResponse, "offers[7].groups[0].pricingPlans[0].pricingPlanData[0].visualElements[0].value", "Carte de crédit/débit"): Verify element property value successfully

2023-10-16 14:22:35 - [MESSAGE][PASSED] - Verify element property value successfully

2023-10-16 14:22:35 - [TEST_STEP][PASSED] - verifyElementPropertyValue(getResponse, "offers[7].groups[0].pricingPlans[0].pricingPlanData[0].visualElements[1].key", "CTA_text"): Verify element property value successfully

2023-10-16 14:22:35 - [MESSAGE][PASSED] - Verify element property value successfully

2023-10-16 14:22:35 - [TEST_STEP][PASSED] - verifyElementPropertyValue(getResponse, "offers[7].groups[0].pricingPlans[0].pricingPlanData[0].visualElements[1].value", "S’abonner"): Verify element property value successfully

2023-10-16 14:22:35 - [MESSAGE][PASSED] - Verify element property value successfully

2023-10-16 14:22:35 - [TEST_STEP][PASSED] - verifyElementPropertyValue(getResponse, "offers[7].groups[0].pricingPlans[0].pricingPlanData[0].visualElements[2].key", "logo"): Verify element property value successfully

2023-10-16 14:22:35 - [MESSAGE][PASSED] - Verify element property value successfully

2023-10-16 14:22:35 - [TEST_STEP][PASSED] - verifyElementPropertyValue(getResponse, "offers[7].groups[0].pricingPlans[0].pricingPlanData[0].visualElements[2].value", "https://static.s3.shahid.mbc.net/widget-images/icons/iconCreditCard.png"): Verify element property value successfully

2023-10-16 14:22:35 - [MESSAGE][PASSED] - Verify element property value successfully

2023-10-16 14:22:35 - [TEST_STEP][PASSED] - verifyElementPropertyValue(getResponse, "offers[11].offerId", "byg-sport-30-offer"): Verify element property value successfully

2023-10-16 14:22:35 - [MESSAGE][PASSED] - Verify element property value successfully

2023-10-16 14:22:35 - [TEST_STEP][PASSED] - verifyElementPropertyValue(getResponse, "offers[11].offerParam", "bygsportsoffer30"): Verify element property value successfully

2023-10-16 14:22:35 - [MESSAGE][PASSED] - Verify element property value successfully

2023-10-16 14:22:35 - [TEST_STEP][PASSED] - verifyElementPropertyValue(getResponse, "offers[11].groups[0].pricingPlans[0].featured", "true"): Verify element property value successfully

2023-10-16 14:22:35 - [MESSAGE][PASSED] - Verify element property value successfully

2023-10-16 14:22:35 - [TEST_STEP][PASSED] - verifyElementPropertyValue(getResponse, "offers[11].groups[0].pricingPlans[0].period", "monthly"): Verify element property value successfully

2023-10-16 14:22:35 - [MESSAGE][PASSED] - Verify element property value successfully

2023-10-16 14:22:35 - [TEST_STEP][PASSED] - verifyElementPropertyValue(getResponse, "offers[11].groups[0].pricingPlans[0].featured", "true"): Verify element property value successfully

2023-10-16 14:22:35 - [MESSAGE][PASSED] - Verify element property value successfully

2023-10-16 14:22:35 - [TEST_STEP][PASSED] - verifyElementPropertyValue(getResponse, "offers[11].groups[0].pricingPlans[0].price", "7000.0"): Verify element property value successfully

2023-10-16 14:22:35 - [MESSAGE][PASSED] - Verify element property value successfully

2023-10-16 14:22:35 - [TEST_STEP][PASSED] - verifyElementPropertyValue(getResponse, "offers[11].groups[0].pricingPlans[0].currency", "IQD"): Verify element property value successfully

2023-10-16 14:22:35 - [MESSAGE][PASSED] - Verify element property value successfully

2023-10-16 14:22:35 - [TEST_STEP][PASSED] - verifyElementPropertyValue(getResponse, "offers[11].groups[0].pricingPlans[0].order", "0"): Verify element property value successfully

2023-10-16 14:22:35 - [MESSAGE][PASSED] - Verify element property value successfully

2023-10-16 14:22:35 - [TEST_STEP][PASSED] - verifyElementPropertyValue(getResponse, "offers[11].groups[0].pricingPlans[0].packageId", "SHAHID_VIP_SPORT"): Verify element property value successfully

2023-10-16 14:22:35 - [MESSAGE][PASSED] - Verify element property value successfully

2023-10-16 14:22:35 - [TEST_STEP][PASSED] - verifyElementPropertyValue(getResponse, "offers[11].groups[0].pricingPlans[0].catalogId", "SPORT"): Verify element property value successfully

2023-10-16 14:22:35 - [MESSAGE][PASSED] - Verify element property value successfully

2023-10-16 14:22:35 - [TEST_STEP][PASSED] - verifyElementPropertyValue(getResponse, "offers[11].groups[0].pricingPlans[0].visualElements[0].key", "Header_1_text"): Verify element property value successfully

2023-10-16 14:22:35 - [MESSAGE][PASSED] - Verify element property value successfully

2023-10-16 14:22:35 - [TEST_STEP][PASSED] - verifyElementPropertyValue(getResponse, "offers[11].groups[0].pricingPlans[0].visualElements[0].value", "Abonnez-vous dès maintenant et profitez de vos programmes sans publicité"): Verify element property value successfully

2023-10-16 14:22:35 - [MESSAGE][PASSED] - Verify element property value successfully

2023-10-16 14:22:35 - [TEST_STEP][PASSED] - verifyElementPropertyValue(getResponse, "offers[11].groups[0].pricingPlans[0].visualElements[1].key", "display_title"): Verify element property value successfully

2023-10-16 14:22:35 - [MESSAGE][PASSED] - Verify element property value successfully

2023-10-16 14:22:35 - [TEST_STEP][PASSED] - verifyElementPropertyValue(getResponse, "offers[11].groups[0].pricingPlans[0].visualElements[1].value", "30% de réduction"): Verify element property value successfully

2023-10-16 14:22:35 - [MESSAGE][PASSED] - Verify element property value successfully

2023-10-16 14:22:35 - [TEST_STEP][PASSED] - verifyElementPropertyValue(getResponse, "offers[11].groups[0].pricingPlans[0].visualElements[3].key", "deduction_text"): Verify element property value successfully

2023-10-16 14:22:35 - [MESSAGE][PASSED] - Verify element property value successfully

2023-10-16 14:22:39 - [TEST_STEP][PASSED] - verifyElementPropertyValue(getResponse, "offers[11].groups[0].pricingPlans[0].visualElements[3].value", "facturation mensuelle"): Verify element property value successfully

2023-10-16 14:22:39 - [MESSAGE][PASSED] - Verify element property value successfully

2023-10-16 14:22:41 - [TEST_STEP][PASSED] - verifyElementPropertyValue(getResponse, "offers[11].groups[0].pricingPlans[0].visualElements[6].key", "show_payment_logo"): Verify element property value successfully

2023-10-16 14:22:41 - [MESSAGE][PASSED] - Verify element property value successfully

2023-10-16 14:22:41 - [TEST_STEP][PASSED] - verifyElementPropertyValue(getResponse, "offers[11].groups[0].pricingPlans[0].visualElements[6].value", "true"): Verify element property value successfully

2023-10-16 14:22:41 - [MESSAGE][PASSED] - Verify element property value successfully

2023-10-16 14:22:41 - [TEST_STEP][PASSED] - verifyElementPropertyValue(getResponse, "offers[11].groups[0].pricingPlans[0].visualElements[8].key", "price"): Verify element property value successfully

2023-10-16 14:22:41 - [MESSAGE][PASSED] - Verify element property value successfully

2023-10-16 14:22:41 - [TEST_STEP][PASSED] - verifyElementPropertyValue(getResponse, "offers[11].groups[0].pricingPlans[0].visualElements[8].value", "7000"): Verify element property value successfully

2023-10-16 14:22:41 - [MESSAGE][PASSED] - Verify element property value successfully

2023-10-16 14:22:41 - [TEST_STEP][PASSED] - verifyElementPropertyValue(getResponse, "offers[11].groups[0].pricingPlans[0].visualElements[9].key", "currency"): Verify element property value successfully

2023-10-16 14:22:41 - [MESSAGE][PASSED] - Verify element property value successfully

2023-10-16 14:22:41 - [TEST_STEP][PASSED] - verifyElementPropertyValue(getResponse, "offers[11].groups[0].pricingPlans[0].visualElements[9].value", "IQD"): Verify element property value successfully

2023-10-16 14:22:41 - [MESSAGE][PASSED] - Verify element property value successfully

2023-10-16 14:22:41 - [TEST_STEP][PASSED] - verifyElementPropertyValue(getResponse, "offers[11].groups[0].pricingPlans[0].visualElements[10].key", "duration"): Verify element property value successfully

2023-10-16 14:22:41 - [MESSAGE][PASSED] - Verify element property value successfully

2023-10-16 14:22:41 - [TEST_STEP][PASSED] - verifyElementPropertyValue(getResponse, "offers[11].groups[0].pricingPlans[0].visualElements[10].value", "Mensuel"): Verify element property value successfully

2023-10-16 14:22:41 - [MESSAGE][PASSED] - Verify element property value successfully

2023-10-16 14:22:41 - [TEST_STEP][PASSED] - verifyElementPropertyValue(getResponse, "offers[11].groups[0].pricingPlans[0].visualElements[11].key", "featured_tag_text"): Verify element property value successfully

2023-10-16 14:22:41 - [MESSAGE][PASSED] - Verify element property value successfully

2023-10-16 14:22:41 - [TEST_STEP][PASSED] - verifyElementPropertyValue(getResponse, "offers[11].groups[0].pricingPlans[0].visualElements[11].value", "Offre limitée"): Verify element property value successfully

2023-10-16 14:22:41 - [MESSAGE][PASSED] - Verify element property value successfully

2023-10-16 14:22:41 - [TEST_STEP][PASSED] - verifyElementPropertyValue(getResponse, "offers[11].groups[0].pricingPlans[0].visualElements[13].key", "tag_text"): Verify element property value successfully

2023-10-16 14:22:41 - [MESSAGE][PASSED] - Verify element property value successfully

2023-10-16 14:22:41 - [TEST_STEP][PASSED] - verifyElementPropertyValue(getResponse, "offers[11].groups[0].pricingPlans[0].visualElements[13].value", "Économisez 30% "): Verify element property value successfully

2023-10-16 14:22:41 - [MESSAGE][PASSED] - Verify element property value successfully

2023-10-16 14:22:41 - [TEST_STEP][PASSED] - verifyElementPropertyValue(getResponse, "offers[11].groups[0].pricingPlans[0].visualElements[12].key", "show_tag"): Verify element property value successfully

2023-10-16 14:22:41 - [MESSAGE][PASSED] - Verify element property value successfully

2023-10-16 14:22:41 - [TEST_STEP][PASSED] - verifyElementPropertyValue(getResponse, "offers[11].groups[0].pricingPlans[0].visualElements[12].value", "true"): Verify element property value successfully

2023-10-16 14:22:41 - [MESSAGE][PASSED] - Verify element property value successfully

2023-10-16 14:22:41 - [TEST_STEP][PASSED] - verifyElementPropertyValue(getResponse, "offers[11].groups[0].pricingPlans[0].pricingPlanData[0].productId", "IRQ_B2C_SHAHID_VIP_SPORT_1M"): Verify element property value successfully

2023-10-16 14:22:41 - [MESSAGE][PASSED] - Verify element property value successfully

2023-10-16 14:22:41 - [TEST_STEP][PASSED] - verifyElementPropertyValue(getResponse, "offers[11].groups[0].pricingPlans[0].pricingPlanData[0].paymentMethod", "CREDIT_CARD"): Verify element property value successfully

2023-10-16 14:22:41 - [MESSAGE][PASSED] - Verify element property value successfully

2023-10-16 14:22:41 - [TEST_STEP][PASSED] - verifyElementPropertyValue(getResponse, "offers[11].groups[0].pricingPlans[0].pricingPlanData[0].freeTrialEnabled", "false"): Verify element property value successfully

2023-10-16 14:22:41 - [MESSAGE][PASSED] - Verify element property value successfully

2023-10-16 14:22:41 - [TEST_STEP][PASSED] - verifyElementPropertyValue(getResponse, "offers[11].groups[0].pricingPlans[0].pricingPlanData[0].showIn[0]", "VERTICAL_MODE"): Verify element property value successfully

2023-10-16 14:22:41 - [MESSAGE][PASSED] - Verify element property value successfully

2023-10-16 14:22:41 - [TEST_STEP][PASSED] - verifyElementPropertyValue(getResponse, "offers[11].groups[0].pricingPlans[0].pricingPlanData[0].showIn[1]", "HORIZONTAL_MODE"): Verify element property value successfully

2023-10-16 14:22:41 - [MESSAGE][PASSED] - Verify element property value successfully

2023-10-16 14:22:41 - [TEST_STEP][PASSED] - verifyElementPropertyValue(getResponse, "offers[11].groups[0].pricingPlans[0].pricingPlanData[0].priceLabel", "7000"): Verify element property value successfully

2023-10-16 14:22:41 - [MESSAGE][PASSED] - Verify element property value successfully

2023-10-16 14:22:41 - [TEST_STEP][PASSED] - verifyElementPropertyValue(getResponse, "offers[11].groups[0].pricingPlans[0].pricingPlanData[0].currencyLabel", "IQD"): Verify element property value successfully

2023-10-16 14:22:41 - [MESSAGE][PASSED] - Verify element property value successfully

2023-10-16 14:22:41 - [TEST_STEP][PASSED] - verifyElementPropertyValue(getResponse, "offers[11].groups[0].pricingPlans[0].pricingPlanData[0].dealId", "BYG_SPORT_30P_IRQ"): Verify element property value successfully

2023-10-16 14:22:41 - [MESSAGE][PASSED] - Verify element property value successfully

2023-10-16 14:22:41 - [TEST_STEP][PASSED] - verifyElementPropertyValue(getResponse, "offers[11].groups[0].pricingPlans[0].pricingPlanData[0].allowedForAcquisition", "true"): Verify element property value successfully

2023-10-16 14:22:41 - [MESSAGE][PASSED] - Verify element property value successfully

2023-10-16 14:22:41 - [TEST_STEP][PASSED] - verifyElementPropertyValue(getResponse, "offers[11].groups[0].pricingPlans[0].pricingPlanData[0].visualElements[0].key", "title"): Verify element property value successfully

2023-10-16 14:22:41 - [MESSAGE][PASSED] - Verify element property value successfully

2023-10-16 14:22:41 - [TEST_STEP][PASSED] - verifyElementPropertyValue(getResponse, "offers[11].groups[0].pricingPlans[0].pricingPlanData[0].visualElements[0].value", "Carte de crédit/débit"): Verify element property value successfully

2023-10-16 14:22:41 - [MESSAGE][PASSED] - Verify element property value successfully

2023-10-16 14:22:41 - [TEST_STEP][PASSED] - verifyElementPropertyValue(getResponse, "offers[11].groups[0].pricingPlans[0].pricingPlanData[0].visualElements[1].key", "CTA_text"): Verify element property value successfully

2023-10-16 14:22:41 - [MESSAGE][PASSED] - Verify element property value successfully

2023-10-16 14:22:41 - [TEST_STEP][PASSED] - verifyElementPropertyValue(getResponse, "offers[11].groups[0].pricingPlans[0].pricingPlanData[0].visualElements[1].value", "S’abonner"): Verify element property value successfully

2023-10-16 14:22:41 - [MESSAGE][PASSED] - Verify element property value successfully

2023-10-16 14:22:41 - [TEST_STEP][PASSED] - verifyElementPropertyValue(getResponse, "offers[11].groups[0].pricingPlans[0].pricingPlanData[0].visualElements[2].key", "logo"): Verify element property value successfully

2023-10-16 14:22:41 - [MESSAGE][PASSED] - Verify element property value successfully

2023-10-16 14:22:41 - [TEST_STEP][PASSED] - verifyElementPropertyValue(getResponse, "offers[11].groups[0].pricingPlans[0].pricingPlanData[0].visualElements[2].value", "https://static.s3.shahid.mbc.net/widget-images/icons/iconCreditCard.png"): Verify element property value successfully

2023-10-16 14:22:41 - [MESSAGE][PASSED] - Verify element property value successfully

2023-10-16 14:22:41 - [TEST_STEP][PASSED] - verifyElementPropertyValue(getResponse, "offers[12].offerId", "byg-sport-40-offer"): Verify element property value successfully

2023-10-16 14:22:41 - [MESSAGE][PASSED] - Verify element property value successfully

2023-10-16 14:22:41 - [TEST_STEP][PASSED] - verifyElementPropertyValue(getResponse, "offers[12].offerParam", "bygsportsoffer40"): Verify element property value successfully

2023-10-16 14:22:41 - [MESSAGE][PASSED] - Verify element property value successfully

2023-10-16 14:22:41 - [TEST_STEP][PASSED] - verifyElementPropertyValue(getResponse, "offers[12].groups[0].pricingPlans[0].featured", "true"): Verify element property value successfully

2023-10-16 14:22:41 - [MESSAGE][PASSED] - Verify element property value successfully

2023-10-16 14:22:41 - [TEST_STEP][PASSED] - verifyElementPropertyValue(getResponse, "offers[12].groups[0].pricingPlans[0].period", "monthly"): Verify element property value successfully

2023-10-16 14:22:41 - [MESSAGE][PASSED] - Verify element property value successfully

2023-10-16 14:22:41 - [TEST_STEP][PASSED] - verifyElementPropertyValue(getResponse, "offers[12].groups[0].pricingPlans[0].featured", "true"): Verify element property value successfully

2023-10-16 14:22:41 - [MESSAGE][PASSED] - Verify element property value successfully

2023-10-16 14:22:41 - [TEST_STEP][PASSED] - verifyElementPropertyValue(getResponse, "offers[12].groups[0].pricingPlans[0].price", "6000.0"): Verify element property value successfully

2023-10-16 14:22:41 - [MESSAGE][PASSED] - Verify element property value successfully

2023-10-16 14:22:41 - [TEST_STEP][PASSED] - verifyElementPropertyValue(getResponse, "offers[12].groups[0].pricingPlans[0].currency", "IQD"): Verify element property value successfully

2023-10-16 14:22:41 - [MESSAGE][PASSED] - Verify element property value successfully

2023-10-16 14:22:41 - [TEST_STEP][PASSED] - verifyElementPropertyValue(getResponse, "offers[12].groups[0].pricingPlans[0].order", "0"): Verify element property value successfully

2023-10-16 14:22:41 - [MESSAGE][PASSED] - Verify element property value successfully

2023-10-16 14:22:41 - [TEST_STEP][PASSED] - verifyElementPropertyValue(getResponse, "offers[12].groups[0].pricingPlans[0].packageId", "SHAHID_VIP_SPORT"): Verify element property value successfully

2023-10-16 14:22:41 - [MESSAGE][PASSED] - Verify element property value successfully

2023-10-16 14:22:41 - [TEST_STEP][PASSED] - verifyElementPropertyValue(getResponse, "offers[12].groups[0].pricingPlans[0].catalogId", "SPORT"): Verify element property value successfully

2023-10-16 14:22:41 - [MESSAGE][PASSED] - Verify element property value successfully

2023-10-16 14:22:41 - [TEST_STEP][PASSED] - verifyElementPropertyValue(getResponse, "offers[12].groups[0].pricingPlans[0].visualElements[0].key", "Header_1_text"): Verify element property value successfully

2023-10-16 14:22:41 - [MESSAGE][PASSED] - Verify element property value successfully

2023-10-16 14:22:41 - [TEST_STEP][PASSED] - verifyElementPropertyValue(getResponse, "offers[12].groups[0].pricingPlans[0].visualElements[0].value", "Abonnez-vous dès maintenant et profitez de vos programmes sans publicité"): Verify element property value successfully

2023-10-16 14:22:41 - [MESSAGE][PASSED] - Verify element property value successfully

2023-10-16 14:22:41 - [TEST_STEP][PASSED] - verifyElementPropertyValue(getResponse, "offers[12].groups[0].pricingPlans[0].visualElements[1].key", "display_title"): Verify element property value successfully

2023-10-16 14:22:41 - [MESSAGE][PASSED] - Verify element property value successfully

2023-10-16 14:22:41 - [TEST_STEP][PASSED] - verifyElementPropertyValue(getResponse, "offers[12].groups[0].pricingPlans[0].visualElements[1].value", "40% de réduction"): Verify element property value successfully

2023-10-16 14:22:41 - [MESSAGE][PASSED] - Verify element property value successfully

2023-10-16 14:22:41 - [TEST_STEP][PASSED] - verifyElementPropertyValue(getResponse, "offers[12].groups[0].pricingPlans[0].visualElements[3].key", "deduction_text"): Verify element property value successfully

2023-10-16 14:22:41 - [MESSAGE][PASSED] - Verify element property value successfully

2023-10-16 14:22:41 - [TEST_STEP][PASSED] - verifyElementPropertyValue(getResponse, "offers[12].groups[0].pricingPlans[0].visualElements[3].value", "facturation mensuelle"): Verify element property value successfully

2023-10-16 14:22:41 - [MESSAGE][PASSED] - Verify element property value successfully

2023-10-16 14:22:41 - [TEST_STEP][PASSED] - verifyElementPropertyValue(getResponse, "offers[12].groups[0].pricingPlans[0].visualElements[6].key", "show_payment_logo"): Verify element property value successfully

2023-10-16 14:22:41 - [MESSAGE][PASSED] - Verify element property value successfully

2023-10-16 14:22:41 - [TEST_STEP][PASSED] - verifyElementPropertyValue(getResponse, "offers[12].groups[0].pricingPlans[0].visualElements[6].value", "true"): Verify element property value successfully

2023-10-16 14:22:41 - [MESSAGE][PASSED] - Verify element property value successfully

2023-10-16 14:22:41 - [TEST_STEP][PASSED] - verifyElementPropertyValue(getResponse, "offers[12].groups[0].pricingPlans[0].visualElements[8].key", "price"): Verify element property value successfully

2023-10-16 14:22:41 - [MESSAGE][PASSED] - Verify element property value successfully

2023-10-16 14:22:41 - [TEST_STEP][PASSED] - verifyElementPropertyValue(getResponse, "offers[12].groups[0].pricingPlans[0].visualElements[8].value", "6000"): Verify element property value successfully

2023-10-16 14:22:41 - [MESSAGE][PASSED] - Verify element property value successfully

2023-10-16 14:22:41 - [TEST_STEP][PASSED] - verifyElementPropertyValue(getResponse, "offers[12].groups[0].pricingPlans[0].visualElements[9].key", "currency"): Verify element property value successfully

2023-10-16 14:22:41 - [MESSAGE][PASSED] - Verify element property value successfully

2023-10-16 14:22:41 - [TEST_STEP][PASSED] - verifyElementPropertyValue(getResponse, "offers[12].groups[0].pricingPlans[0].visualElements[9].value", "IQD"): Verify element property value successfully

2023-10-16 14:22:41 - [MESSAGE][PASSED] - Verify element property value successfully

2023-10-16 14:22:41 - [TEST_STEP][PASSED] - verifyElementPropertyValue(getResponse, "offers[12].groups[0].pricingPlans[0].visualElements[10].key", "duration"): Verify element property value successfully

2023-10-16 14:22:41 - [MESSAGE][PASSED] - Verify element property value successfully

2023-10-16 14:22:41 - [TEST_STEP][PASSED] - verifyElementPropertyValue(getResponse, "offers[12].groups[0].pricingPlans[0].visualElements[10].value", "Mensuel"): Verify element property value successfully

2023-10-16 14:22:41 - [MESSAGE][PASSED] - Verify element property value successfully

2023-10-16 14:22:41 - [TEST_STEP][PASSED] - verifyElementPropertyValue(getResponse, "offers[12].groups[0].pricingPlans[0].visualElements[11].key", "featured_tag_text"): Verify element property value successfully

2023-10-16 14:22:41 - [MESSAGE][PASSED] - Verify element property value successfully

2023-10-16 14:22:41 - [TEST_STEP][PASSED] - verifyElementPropertyValue(getResponse, "offers[12].groups[0].pricingPlans[0].visualElements[11].value", "Offre limitée"): Verify element property value successfully

2023-10-16 14:22:41 - [MESSAGE][PASSED] - Verify element property value successfully

2023-10-16 14:22:41 - [TEST_STEP][PASSED] - verifyElementPropertyValue(getResponse, "offers[12].groups[0].pricingPlans[0].visualElements[13].key", "tag_text"): Verify element property value successfully

2023-10-16 14:22:41 - [MESSAGE][PASSED] - Verify element property value successfully

2023-10-16 14:22:41 - [TEST_STEP][PASSED] - verifyElementPropertyValue(getResponse, "offers[12].groups[0].pricingPlans[0].visualElements[13].value", "Économisez 40% "): Verify element property value successfully

2023-10-16 14:22:41 - [MESSAGE][PASSED] - Verify element property value successfully

2023-10-16 14:22:41 - [TEST_STEP][PASSED] - verifyElementPropertyValue(getResponse, "offers[12].groups[0].pricingPlans[0].visualElements[12].key", "show_tag"): Verify element property value successfully

2023-10-16 14:22:41 - [MESSAGE][PASSED] - Verify element property value successfully

2023-10-16 14:22:41 - [TEST_STEP][PASSED] - verifyElementPropertyValue(getResponse, "offers[12].groups[0].pricingPlans[0].visualElements[12].value", "true"): Verify element property value successfully

2023-10-16 14:22:41 - [MESSAGE][PASSED] - Verify element property value successfully

2023-10-16 14:22:41 - [TEST_STEP][PASSED] - verifyElementPropertyValue(getResponse, "offers[12].groups[0].pricingPlans[0].pricingPlanData[0].productId", "IRQ_B2C_SHAHID_VIP_SPORT_1M"): Verify element property value successfully

2023-10-16 14:22:41 - [MESSAGE][PASSED] - Verify element property value successfully

2023-10-16 14:22:41 - [TEST_STEP][PASSED] - verifyElementPropertyValue(getResponse, "offers[12].groups[0].pricingPlans[0].pricingPlanData[0].paymentMethod", "CREDIT_CARD"): Verify element property value successfully

2023-10-16 14:22:41 - [MESSAGE][PASSED] - Verify element property value successfully

2023-10-16 14:22:41 - [TEST_STEP][PASSED] - verifyElementPropertyValue(getResponse, "offers[12].groups[0].pricingPlans[0].pricingPlanData[0].freeTrialEnabled", "false"): Verify element property value successfully

2023-10-16 14:22:41 - [MESSAGE][PASSED] - Verify element property value successfully

2023-10-16 14:22:41 - [TEST_STEP][PASSED] - verifyElementPropertyValue(getResponse, "offers[12].groups[0].pricingPlans[0].pricingPlanData[0].showIn[0]", "VERTICAL_MODE"): Verify element property value successfully

2023-10-16 14:22:41 - [MESSAGE][PASSED] - Verify element property value successfully

2023-10-16 14:22:41 - [TEST_STEP][PASSED] - verifyElementPropertyValue(getResponse, "offers[12].groups[0].pricingPlans[0].pricingPlanData[0].showIn[1]", "HORIZONTAL_MODE"): Verify element property value successfully

2023-10-16 14:22:41 - [MESSAGE][PASSED] - Verify element property value successfully

2023-10-16 14:22:41 - [TEST_STEP][PASSED] - verifyElementPropertyValue(getResponse, "offers[12].groups[0].pricingPlans[0].pricingPlanData[0].priceLabel", "6000"): Verify element property value successfully

2023-10-16 14:22:41 - [MESSAGE][PASSED] - Verify element property value successfully

2023-10-16 14:22:41 - [TEST_STEP][PASSED] - verifyElementPropertyValue(getResponse, "offers[12].groups[0].pricingPlans[0].pricingPlanData[0].currencyLabel", "IQD"): Verify element property value successfully

2023-10-16 14:22:41 - [MESSAGE][PASSED] - Verify element property value successfully

2023-10-16 14:22:41 - [TEST_STEP][PASSED] - verifyElementPropertyValue(getResponse, "offers[12].groups[0].pricingPlans[0].pricingPlanData[0].dealId", "BYG_SPORT_40P_IRQ"): Verify element property value successfully

2023-10-16 14:22:41 - [MESSAGE][PASSED] - Verify element property value successfully

2023-10-16 14:22:41 - [TEST_STEP][PASSED] - verifyElementPropertyValue(getResponse, "offers[12].groups[0].pricingPlans[0].pricingPlanData[0].allowedForAcquisition", "true"): Verify element property value successfully

2023-10-16 14:22:41 - [MESSAGE][PASSED] - Verify element property value successfully

2023-10-16 14:22:41 - [TEST_STEP][PASSED] - verifyElementPropertyValue(getResponse, "offers[12].groups[0].pricingPlans[0].pricingPlanData[0].visualElements[0].key", "title"): Verify element property value successfully

2023-10-16 14:22:41 - [MESSAGE][PASSED] - Verify element property value successfully

2023-10-16 14:22:41 - [TEST_STEP][PASSED] - verifyElementPropertyValue(getResponse, "offers[12].groups[0].pricingPlans[0].pricingPlanData[0].visualElements[0].value", "Carte de crédit/débit"): Verify element property value successfully

2023-10-16 14:22:41 - [MESSAGE][PASSED] - Verify element property value successfully

2023-10-16 14:22:41 - [TEST_STEP][PASSED] - verifyElementPropertyValue(getResponse, "offers[12].groups[0].pricingPlans[0].pricingPlanData[0].visualElements[1].key", "CTA_text"): Verify element property value successfully

2023-10-16 14:22:41 - [MESSAGE][PASSED] - Verify element property value successfully

2023-10-16 14:22:41 - [TEST_STEP][PASSED] - verifyElementPropertyValue(getResponse, "offers[12].groups[0].pricingPlans[0].pricingPlanData[0].visualElements[1].value", "S’abonner"): Verify element property value successfully

2023-10-16 14:22:41 - [MESSAGE][PASSED] - Verify element property value successfully

2023-10-16 14:22:41 - [TEST_STEP][PASSED] - verifyElementPropertyValue(getResponse, "offers[12].groups[0].pricingPlans[0].pricingPlanData[0].visualElements[2].key", "logo"): Verify element property value successfully

2023-10-16 14:22:42 - [MESSAGE][PASSED] - Verify element property value successfully

2023-10-16 14:22:42 - [TEST_STEP][PASSED] - verifyElementPropertyValue(getResponse, "offers[12].groups[0].pricingPlans[0].pricingPlanData[0].visualElements[2].value", "https://static.s3.shahid.mbc.net/widget-images/icons/iconCreditCard.png"): Verify element property value successfully

2023-10-16 14:22:42 - [MESSAGE][PASSED] - Verify element property value successfully

2023-10-16 14:22:42 - [TEST_STEP][PASSED] - verifyElementPropertyValue(getResponse, "offers[13].offerId", "byg-sport-50-offer"): Verify element property value successfully

2023-10-16 14:22:42 - [MESSAGE][PASSED] - Verify element property value successfully

2023-10-16 14:22:42 - [TEST_STEP][PASSED] - verifyElementPropertyValue(getResponse, "offers[13].offerParam", "bygsportsoffer50"): Verify element property value successfully

2023-10-16 14:22:42 - [MESSAGE][PASSED] - Verify element property value successfully

2023-10-16 14:22:42 - [TEST_STEP][PASSED] - verifyElementPropertyValue(getResponse, "offers[13].groups[0].pricingPlans[0].featured", "true"): Verify element property value successfully

2023-10-16 14:22:42 - [MESSAGE][PASSED] - Verify element property value successfully

2023-10-16 14:22:42 - [TEST_STEP][PASSED] - verifyElementPropertyValue(getResponse, "offers[13].groups[0].pricingPlans[0].period", "monthly"): Verify element property value successfully

2023-10-16 14:22:42 - [MESSAGE][PASSED] - Verify element property value successfully

2023-10-16 14:22:42 - [TEST_STEP][PASSED] - verifyElementPropertyValue(getResponse, "offers[13].groups[0].pricingPlans[0].featured", "true"): Verify element property value successfully

2023-10-16 14:22:42 - [MESSAGE][PASSED] - Verify element property value successfully

2023-10-16 14:22:42 - [TEST_STEP][PASSED] - verifyElementPropertyValue(getResponse, "offers[13].groups[0].pricingPlans[0].price", "5000.0"): Verify element property value successfully

2023-10-16 14:22:42 - [MESSAGE][PASSED] - Verify element property value successfully

2023-10-16 14:22:42 - [TEST_STEP][PASSED] - verifyElementPropertyValue(getResponse, "offers[13].groups[0].pricingPlans[0].currency", "IQD"): Verify element property value successfully

2023-10-16 14:22:42 - [MESSAGE][PASSED] - Verify element property value successfully

2023-10-16 14:22:42 - [TEST_STEP][PASSED] - verifyElementPropertyValue(getResponse, "offers[13].groups[0].pricingPlans[0].order", "0"): Verify element property value successfully

2023-10-16 14:22:42 - [MESSAGE][PASSED] - Verify element property value successfully

2023-10-16 14:22:42 - [TEST_STEP][PASSED] - verifyElementPropertyValue(getResponse, "offers[13].groups[0].pricingPlans[0].packageId", "SHAHID_VIP_SPORT"): Verify element property value successfully

2023-10-16 14:22:42 - [MESSAGE][PASSED] - Verify element property value successfully

2023-10-16 14:22:42 - [TEST_STEP][PASSED] - verifyElementPropertyValue(getResponse, "offers[13].groups[0].pricingPlans[0].catalogId", "SPORT"): Verify element property value successfully

2023-10-16 14:22:42 - [MESSAGE][PASSED] - Verify element property value successfully

2023-10-16 14:22:42 - [TEST_STEP][PASSED] - verifyElementPropertyValue(getResponse, "offers[13].groups[0].pricingPlans[0].visualElements[0].key", "Header_1_text"): Verify element property value successfully

2023-10-16 14:22:42 - [MESSAGE][PASSED] - Verify element property value successfully

2023-10-16 14:22:42 - [TEST_STEP][PASSED] - verifyElementPropertyValue(getResponse, "offers[13].groups[0].pricingPlans[0].visualElements[0].value", "Abonnez-vous dès maintenant et profitez de vos programmes sans publicité"): Verify element property value successfully

2023-10-16 14:22:42 - [MESSAGE][PASSED] - Verify element property value successfully

2023-10-16 14:22:42 - [TEST_STEP][PASSED] - verifyElementPropertyValue(getResponse, "offers[13].groups[0].pricingPlans[0].visualElements[1].key", "display_title"): Verify element property value successfully

2023-10-16 14:22:42 - [MESSAGE][PASSED] - Verify element property value successfully

2023-10-16 14:22:42 - [TEST_STEP][PASSED] - verifyElementPropertyValue(getResponse, "offers[13].groups[0].pricingPlans[0].visualElements[1].value", "50% de réduction"): Verify element property value successfully

2023-10-16 14:22:42 - [MESSAGE][PASSED] - Verify element property value successfully

2023-10-16 14:22:42 - [TEST_STEP][PASSED] - verifyElementPropertyValue(getResponse, "offers[13].groups[0].pricingPlans[0].visualElements[3].key", "deduction_text"): Verify element property value successfully

2023-10-16 14:22:42 - [MESSAGE][PASSED] - Verify element property value successfully

2023-10-16 14:22:42 - [TEST_STEP][PASSED] - verifyElementPropertyValue(getResponse, "offers[13].groups[0].pricingPlans[0].visualElements[3].value", "facturation mensuelle"): Verify element property value successfully

2023-10-16 14:22:42 - [MESSAGE][PASSED] - Verify element property value successfully

2023-10-16 14:22:42 - [TEST_STEP][PASSED] - verifyElementPropertyValue(getResponse, "offers[13].groups[0].pricingPlans[0].visualElements[6].key", "show_payment_logo"): Verify element property value successfully

2023-10-16 14:22:42 - [MESSAGE][PASSED] - Verify element property value successfully

2023-10-16 14:22:42 - [TEST_STEP][PASSED] - verifyElementPropertyValue(getResponse, "offers[13].groups[0].pricingPlans[0].visualElements[6].value", "true"): Verify element property value successfully

2023-10-16 14:22:42 - [MESSAGE][PASSED] - Verify element property value successfully

2023-10-16 14:22:42 - [TEST_STEP][PASSED] - verifyElementPropertyValue(getResponse, "offers[13].groups[0].pricingPlans[0].visualElements[8].key", "price"): Verify element property value successfully

2023-10-16 14:22:42 - [MESSAGE][PASSED] - Verify element property value successfully

2023-10-16 14:22:42 - [TEST_STEP][PASSED] - verifyElementPropertyValue(getResponse, "offers[13].groups[0].pricingPlans[0].visualElements[8].value", "5000"): Verify element property value successfully

2023-10-16 14:22:42 - [MESSAGE][PASSED] - Verify element property value successfully

2023-10-16 14:22:42 - [TEST_STEP][PASSED] - verifyElementPropertyValue(getResponse, "offers[13].groups[0].pricingPlans[0].visualElements[9].key", "currency"): Verify element property value successfully

2023-10-16 14:22:42 - [MESSAGE][PASSED] - Verify element property value successfully

2023-10-16 14:22:42 - [TEST_STEP][PASSED] - verifyElementPropertyValue(getResponse, "offers[13].groups[0].pricingPlans[0].visualElements[9].value", "IQD"): Verify element property value successfully

2023-10-16 14:22:42 - [MESSAGE][PASSED] - Verify element property value successfully

2023-10-16 14:22:42 - [TEST_STEP][PASSED] - verifyElementPropertyValue(getResponse, "offers[13].groups[0].pricingPlans[0].visualElements[10].key", "duration"): Verify element property value successfully

2023-10-16 14:22:42 - [MESSAGE][PASSED] - Verify element property value successfully

2023-10-16 14:22:42 - [TEST_STEP][PASSED] - verifyElementPropertyValue(getResponse, "offers[13].groups[0].pricingPlans[0].visualElements[10].value", "Mensuel"): Verify element property value successfully

2023-10-16 14:22:42 - [MESSAGE][PASSED] - Verify element property value successfully

2023-10-16 14:22:42 - [TEST_STEP][PASSED] - verifyElementPropertyValue(getResponse, "offers[13].groups[0].pricingPlans[0].visualElements[11].key", "featured_tag_text"): Verify element property value successfully

2023-10-16 14:22:42 - [MESSAGE][PASSED] - Verify element property value successfully

2023-10-16 14:22:42 - [TEST_STEP][PASSED] - verifyElementPropertyValue(getResponse, "offers[13].groups[0].pricingPlans[0].visualElements[11].value", "Offre limitée"): Verify element property value successfully

2023-10-16 14:22:42 - [MESSAGE][PASSED] - Verify element property value successfully

2023-10-16 14:22:42 - [TEST_STEP][PASSED] - verifyElementPropertyValue(getResponse, "offers[13].groups[0].pricingPlans[0].visualElements[13].key", "tag_text"): Verify element property value successfully

2023-10-16 14:22:42 - [MESSAGE][PASSED] - Verify element property value successfully

2023-10-16 14:22:42 - [TEST_STEP][PASSED] - verifyElementPropertyValue(getResponse, "offers[13].groups[0].pricingPlans[0].visualElements[13].value", "Économisez 50% "): Verify element property value successfully

2023-10-16 14:22:42 - [MESSAGE][PASSED] - Verify element property value successfully

2023-10-16 14:22:42 - [TEST_STEP][PASSED] - verifyElementPropertyValue(getResponse, "offers[13].groups[0].pricingPlans[0].visualElements[12].key", "show_tag"): Verify element property value successfully

2023-10-16 14:22:42 - [MESSAGE][PASSED] - Verify element property value successfully

2023-10-16 14:22:42 - [TEST_STEP][PASSED] - verifyElementPropertyValue(getResponse, "offers[13].groups[0].pricingPlans[0].visualElements[12].value", "true"): Verify element property value successfully

2023-10-16 14:22:42 - [MESSAGE][PASSED] - Verify element property value successfully

2023-10-16 14:22:42 - [TEST_STEP][PASSED] - verifyElementPropertyValue(getResponse, "offers[13].groups[0].pricingPlans[0].pricingPlanData[0].productId", "IRQ_B2C_SHAHID_VIP_SPORT_1M"): Verify element property value successfully

2023-10-16 14:22:42 - [MESSAGE][PASSED] - Verify element property value successfully

2023-10-16 14:22:42 - [TEST_STEP][PASSED] - verifyElementPropertyValue(getResponse, "offers[13].groups[0].pricingPlans[0].pricingPlanData[0].paymentMethod", "CREDIT_CARD"): Verify element property value successfully

2023-10-16 14:22:42 - [MESSAGE][PASSED] - Verify element property value successfully

2023-10-16 14:22:42 - [TEST_STEP][PASSED] - verifyElementPropertyValue(getResponse, "offers[13].groups[0].pricingPlans[0].pricingPlanData[0].freeTrialEnabled", "false"): Verify element property value successfully

2023-10-16 14:22:42 - [MESSAGE][PASSED] - Verify element property value successfully

2023-10-16 14:22:42 - [TEST_STEP][PASSED] - verifyElementPropertyValue(getResponse, "offers[13].groups[0].pricingPlans[0].pricingPlanData[0].showIn[0]", "VERTICAL_MODE"): Verify element property value successfully

2023-10-16 14:22:42 - [MESSAGE][PASSED] - Verify element property value successfully

2023-10-16 14:22:42 - [TEST_STEP][PASSED] - verifyElementPropertyValue(getResponse, "offers[13].groups[0].pricingPlans[0].pricingPlanData[0].showIn[1]", "HORIZONTAL_MODE"): Verify element property value successfully

2023-10-16 14:22:42 - [MESSAGE][PASSED] - Verify element property value successfully

2023-10-16 14:22:42 - [TEST_STEP][PASSED] - verifyElementPropertyValue(getResponse, "offers[13].groups[0].pricingPlans[0].pricingPlanData[0].priceLabel", "5000"): Verify element property value successfully

2023-10-16 14:22:42 - [MESSAGE][PASSED] - Verify element property value successfully

2023-10-16 14:22:42 - [TEST_STEP][PASSED] - verifyElementPropertyValue(getResponse, "offers[13].groups[0].pricingPlans[0].pricingPlanData[0].currencyLabel", "IQD"): Verify element property value successfully

2023-10-16 14:22:42 - [MESSAGE][PASSED] - Verify element property value successfully

2023-10-16 14:22:42 - [TEST_STEP][PASSED] - verifyElementPropertyValue(getResponse, "offers[13].groups[0].pricingPlans[0].pricingPlanData[0].dealId", "BYG_SPORT_50P_IRQ"): Verify element property value successfully

2023-10-16 14:22:42 - [MESSAGE][PASSED] - Verify element property value successfully

2023-10-16 14:22:42 - [TEST_STEP][PASSED] - verifyElementPropertyValue(getResponse, "offers[13].groups[0].pricingPlans[0].pricingPlanData[0].allowedForAcquisition", "true"): Verify element property value successfully

2023-10-16 14:22:42 - [MESSAGE][PASSED] - Verify element property value successfully

2023-10-16 14:22:42 - [TEST_STEP][PASSED] - verifyElementPropertyValue(getResponse, "offers[13].groups[0].pricingPlans[0].pricingPlanData[0].visualElements[0].key", "title"): Verify element property value successfully

2023-10-16 14:22:42 - [MESSAGE][PASSED] - Verify element property value successfully

2023-10-16 14:22:42 - [TEST_STEP][PASSED] - verifyElementPropertyValue(getResponse, "offers[13].groups[0].pricingPlans[0].pricingPlanData[0].visualElements[0].value", "Carte de crédit/débit"): Verify element property value successfully

2023-10-16 14:22:42 - [MESSAGE][PASSED] - Verify element property value successfully

2023-10-16 14:22:42 - [TEST_STEP][PASSED] - verifyElementPropertyValue(getResponse, "offers[13].groups[0].pricingPlans[0].pricingPlanData[0].visualElements[1].key", "CTA_text"): Verify element property value successfully

2023-10-16 14:22:42 - [MESSAGE][PASSED] - Verify element property value successfully

2023-10-16 14:22:42 - [TEST_STEP][PASSED] - verifyElementPropertyValue(getResponse, "offers[13].groups[0].pricingPlans[0].pricingPlanData[0].visualElements[1].value", "S’abonner"): Verify element property value successfully

2023-10-16 14:22:42 - [MESSAGE][PASSED] - Verify element property value successfully

2023-10-16 14:22:42 - [TEST_STEP][PASSED] - verifyElementPropertyValue(getResponse, "offers[13].groups[0].pricingPlans[0].pricingPlanData[0].visualElements[2].key", "logo"): Verify element property value successfully

2023-10-16 14:22:42 - [MESSAGE][PASSED] - Verify element property value successfully

2023-10-16 14:22:42 - [TEST_STEP][PASSED] - verifyElementPropertyValue(getResponse, "offers[13].groups[0].pricingPlans[0].pricingPlanData[0].visualElements[2].value", "https://static.s3.shahid.mbc.net/widget-images/icons/iconCreditCard.png"): Verify element property value successfully

2023-10-16 14:22:42 - [MESSAGE][PASSED] - Verify element property value successfully]]></system-out>
         <system-err><![CDATA[]]></system-err>
      </testcase>
      <testcase name="Test Cases/WEB - CHROME/IRQ PI/WEB_FR_getOffersForIRQ_VIP" time="3.668" classname="Test Cases/WEB - CHROME/IRQ PI/WEB_FR_getOffersForIRQ_VIP" status="FAILED">
         <failure type="FAILED" message="Test Cases/WEB - CHROME/IRQ PI/WEB_FR_getOffersForIRQ_VIP FAILED.
Reason:
com.kms.katalon.core.exception.StepFailedException: Expected element property value 'S’abonner' is not equal with actual property value 'S'abonner'
	at com.kms.katalon.core.keyword.internal.KeywordMain.stepFailed(KeywordMain.groovy:39)
	at com.kms.katalon.core.webservice.keyword.builtin.VerifyElementPropertyValueKeyword$_verifyElementPropertyValue_closure1.doCall(VerifyElementPropertyValueKeyword.groovy:56)
	at com.kms.katalon.core.webservice.keyword.builtin.VerifyElementPropertyValueKeyword$_verifyElementPropertyValue_closure1.call(VerifyElementPropertyValueKeyword.groovy)
	at com.kms.katalon.core.keyword.internal.KeywordMain.runKeyword(KeywordMain.groovy:75)
	at com.kms.katalon.core.webservice.keyword.builtin.VerifyElementPropertyValueKeyword.verifyElementPropertyValue(VerifyElementPropertyValueKeyword.groovy:48)
	at com.kms.katalon.core.webservice.keyword.builtin.VerifyElementPropertyValueKeyword.execute(VerifyElementPropertyValueKeyword.groovy:43)
	at com.kms.katalon.core.keyword.internal.KeywordExecutor.executeKeywordForPlatform(KeywordExecutor.groovy:74)
	at com.kms.katalon.core.webservice.keyword.WSBuiltInKeywords.verifyElementPropertyValue(WSBuiltInKeywords.groovy:190)
	at com.kms.katalon.core.webservice.keyword.WSBuiltInKeywords$verifyElementPropertyValue$1.call(Unknown Source)
	at WEB_FR_getOffersForIRQ_VIP.run(WEB_FR_getOffersForIRQ_VIP:79)
	at com.kms.katalon.core.main.ScriptEngine.run(ScriptEngine.java:194)
	at com.kms.katalon.core.main.ScriptEngine.runScriptAsRawText(ScriptEngine.java:119)
	at com.kms.katalon.core.main.TestCaseExecutor.runScript(TestCaseExecutor.java:448)
	at com.kms.katalon.core.main.TestCaseExecutor.doExecute(TestCaseExecutor.java:439)
	at com.kms.katalon.core.main.TestCaseExecutor.processExecutionPhase(TestCaseExecutor.java:418)
	at com.kms.katalon.core.main.TestCaseExecutor.accessMainPhase(TestCaseExecutor.java:410)
	at com.kms.katalon.core.main.TestCaseExecutor.execute(TestCaseExecutor.java:285)
	at com.kms.katalon.core.common.CommonExecutor.accessTestCaseMainPhase(CommonExecutor.java:65)
	at com.kms.katalon.core.main.TestSuiteExecutor.accessTestSuiteMainPhase(TestSuiteExecutor.java:148)
	at com.kms.katalon.core.main.TestSuiteExecutor.execute(TestSuiteExecutor.java:106)
	at com.kms.katalon.core.main.TestCaseMain.startTestSuite(TestCaseMain.java:187)
	at com.kms.katalon.core.main.TestCaseMain$startTestSuite$0.call(Unknown Source)
	at TempTestSuite1697454227045.run(TempTestSuite1697454227045.groovy:36)
"/>
         <system-out><![CDATA[2023-10-16 14:22:42 - [TEST_CASE][FAILED] - Test Cases/WEB - CHROME/IRQ PI/WEB_FR_getOffersForIRQ_VIP: Test Cases/WEB - CHROME/IRQ PI/WEB_FR_getOffersForIRQ_VIP FAILED.
Reason:
com.kms.katalon.core.exception.StepFailedException: Expected element property value 'S’abonner' is not equal with actual property value 'S'abonner'
	at com.kms.katalon.core.keyword.internal.KeywordMain.stepFailed(KeywordMain.groovy:39)
	at com.kms.katalon.core.webservice.keyword.builtin.VerifyElementPropertyValueKeyword$_verifyElementPropertyValue_closure1.doCall(VerifyElementPropertyValueKeyword.groovy:56)
	at com.kms.katalon.core.webservice.keyword.builtin.VerifyElementPropertyValueKeyword$_verifyElementPropertyValue_closure1.call(VerifyElementPropertyValueKeyword.groovy)
	at com.kms.katalon.core.keyword.internal.KeywordMain.runKeyword(KeywordMain.groovy:75)
	at com.kms.katalon.core.webservice.keyword.builtin.VerifyElementPropertyValueKeyword.verifyElementPropertyValue(VerifyElementPropertyValueKeyword.groovy:48)
	at com.kms.katalon.core.webservice.keyword.builtin.VerifyElementPropertyValueKeyword.execute(VerifyElementPropertyValueKeyword.groovy:43)
	at com.kms.katalon.core.keyword.internal.KeywordExecutor.executeKeywordForPlatform(KeywordExecutor.groovy:74)
	at com.kms.katalon.core.webservice.keyword.WSBuiltInKeywords.verifyElementPropertyValue(WSBuiltInKeywords.groovy:190)
	at com.kms.katalon.core.webservice.keyword.WSBuiltInKeywords$verifyElementPropertyValue$1.call(Unknown Source)
	at WEB_FR_getOffersForIRQ_VIP.run(WEB_FR_getOffersForIRQ_VIP:79)
	at com.kms.katalon.core.main.ScriptEngine.run(ScriptEngine.java:194)
	at com.kms.katalon.core.main.ScriptEngine.runScriptAsRawText(ScriptEngine.java:119)
	at com.kms.katalon.core.main.TestCaseExecutor.runScript(TestCaseExecutor.java:448)
	at com.kms.katalon.core.main.TestCaseExecutor.doExecute(TestCaseExecutor.java:439)
	at com.kms.katalon.core.main.TestCaseExecutor.processExecutionPhase(TestCaseExecutor.java:418)
	at com.kms.katalon.core.main.TestCaseExecutor.accessMainPhase(TestCaseExecutor.java:410)
	at com.kms.katalon.core.main.TestCaseExecutor.execute(TestCaseExecutor.java:285)
	at com.kms.katalon.core.common.CommonExecutor.accessTestCaseMainPhase(CommonExecutor.java:65)
	at com.kms.katalon.core.main.TestSuiteExecutor.accessTestSuiteMainPhase(TestSuiteExecutor.java:148)
	at com.kms.katalon.core.main.TestSuiteExecutor.execute(TestSuiteExecutor.java:106)
	at com.kms.katalon.core.main.TestCaseMain.startTestSuite(TestCaseMain.java:187)
	at com.kms.katalon.core.main.TestCaseMain$startTestSuite$0.call(Unknown Source)
	at TempTestSuite1697454227045.run(TempTestSuite1697454227045.groovy:36)


2023-10-16 14:22:42 - [TEST_STEP][PASSED] - getResponse = config_files.getConfigFile.getConfig("WEB", "FR", "SHAHID_VIP", "IQ", "false"): config_files.getConfigFile.getConfig is PASSED

2023-10-16 14:22:43 - [MESSAGE][INFO] - HAR: /Users/admin/git/shahid-configuration/Reports/20231016_140310/WEB/IRQ/20231016_140347/requests/main/9.har

2023-10-16 14:22:43 - [MESSAGE][PASSED] - Send request successfully

2023-10-16 14:22:43 - [MESSAGE][PASSED] - config_files.getConfigFile.getConfig is PASSED

2023-10-16 14:22:43 - [TEST_STEP][PASSED] - verifyResponseStatusCode(getResponse, 200): Verify response status code successfully

2023-10-16 14:22:43 - [MESSAGE][PASSED] - Verify response status code successfully

2023-10-16 14:22:43 - [TEST_STEP][PASSED] - verifyElementPropertyValue(getResponse, "country", "IRQ"): Verify element property value successfully

2023-10-16 14:22:43 - [MESSAGE][PASSED] - Verify element property value successfully

2023-10-16 14:22:43 - [TEST_STEP][PASSED] - verifyElementPropertyValue(getResponse, "platform", "[WEB]"): Verify element property value successfully

2023-10-16 14:22:43 - [MESSAGE][PASSED] - Verify element property value successfully

2023-10-16 14:22:43 - [TEST_STEP][PASSED] - verifyElementPropertyValue(getResponse, "offers[0].offerId", "winback-30-offer"): Verify element property value successfully

2023-10-16 14:22:43 - [MESSAGE][PASSED] - Verify element property value successfully

2023-10-16 14:22:43 - [TEST_STEP][PASSED] - verifyElementPropertyValue(getResponse, "offers[0].offerParam", "winback30"): Verify element property value successfully

2023-10-16 14:22:43 - [MESSAGE][PASSED] - Verify element property value successfully

2023-10-16 14:22:43 - [TEST_STEP][PASSED] - verifyElementPropertyValue(getResponse, "offers[0].groups[0].pricingPlans[0].featured", "true"): Verify element property value successfully

2023-10-16 14:22:43 - [MESSAGE][PASSED] - Verify element property value successfully

2023-10-16 14:22:43 - [TEST_STEP][PASSED] - verifyElementPropertyValue(getResponse, "offers[0].groups[0].pricingPlans[0].period", "monthly"): Verify element property value successfully

2023-10-16 14:22:43 - [MESSAGE][PASSED] - Verify element property value successfully

2023-10-16 14:22:43 - [TEST_STEP][PASSED] - verifyElementPropertyValue(getResponse, "offers[0].groups[0].pricingPlans[0].featured", "true"): Verify element property value successfully

2023-10-16 14:22:43 - [MESSAGE][PASSED] - Verify element property value successfully

2023-10-16 14:22:43 - [TEST_STEP][PASSED] - verifyElementPropertyValue(getResponse, "offers[0].groups[0].pricingPlans[0].price", "3500.0"): Verify element property value successfully

2023-10-16 14:22:43 - [MESSAGE][PASSED] - Verify element property value successfully

2023-10-16 14:22:43 - [TEST_STEP][PASSED] - verifyElementPropertyValue(getResponse, "offers[0].groups[0].pricingPlans[0].currency", "IQD"): Verify element property value successfully

2023-10-16 14:22:43 - [MESSAGE][PASSED] - Verify element property value successfully

2023-10-16 14:22:43 - [TEST_STEP][PASSED] - verifyElementPropertyValue(getResponse, "offers[0].groups[0].pricingPlans[0].order", "0"): Verify element property value successfully

2023-10-16 14:22:43 - [MESSAGE][PASSED] - Verify element property value successfully

2023-10-16 14:22:43 - [TEST_STEP][PASSED] - verifyElementPropertyValue(getResponse, "offers[0].groups[0].pricingPlans[0].packageId", "SHAHID_VIP"): Verify element property value successfully

2023-10-16 14:22:43 - [MESSAGE][PASSED] - Verify element property value successfully

2023-10-16 14:22:43 - [TEST_STEP][PASSED] - verifyElementPropertyValue(getResponse, "offers[0].groups[0].pricingPlans[0].catalogId", "VIP"): Verify element property value successfully

2023-10-16 14:22:43 - [MESSAGE][PASSED] - Verify element property value successfully

2023-10-16 14:22:43 - [TEST_STEP][PASSED] - verifyElementPropertyValue(getResponse, "offers[0].groups[0].pricingPlans[0].visualElements[0].key", "Header_1_text"): Verify element property value successfully

2023-10-16 14:22:43 - [MESSAGE][PASSED] - Verify element property value successfully

2023-10-16 14:22:43 - [TEST_STEP][PASSED] - verifyElementPropertyValue(getResponse, "offers[0].groups[0].pricingPlans[0].visualElements[0].value", "Abonnez-vous dès maintenant et profitez de vos programmes sans publicité"): Verify element property value successfully

2023-10-16 14:22:43 - [MESSAGE][PASSED] - Verify element property value successfully

2023-10-16 14:22:43 - [TEST_STEP][PASSED] - verifyElementPropertyValue(getResponse, "offers[0].groups[0].pricingPlans[0].visualElements[1].key", "display_title"): Verify element property value successfully

2023-10-16 14:22:43 - [MESSAGE][PASSED] - Verify element property value successfully

2023-10-16 14:22:43 - [TEST_STEP][PASSED] - verifyElementPropertyValue(getResponse, "offers[0].groups[0].pricingPlans[0].visualElements[1].value", "30% de réduction"): Verify element property value successfully

2023-10-16 14:22:43 - [MESSAGE][PASSED] - Verify element property value successfully

2023-10-16 14:22:43 - [TEST_STEP][PASSED] - verifyElementPropertyValue(getResponse, "offers[0].groups[0].pricingPlans[0].visualElements[3].key", "deduction_text"): Verify element property value successfully

2023-10-16 14:22:43 - [MESSAGE][PASSED] - Verify element property value successfully

2023-10-16 14:22:43 - [TEST_STEP][PASSED] - verifyElementPropertyValue(getResponse, "offers[0].groups[0].pricingPlans[0].visualElements[3].value", "facturation mensuelle"): Verify element property value successfully

2023-10-16 14:22:43 - [MESSAGE][PASSED] - Verify element property value successfully

2023-10-16 14:22:43 - [TEST_STEP][PASSED] - verifyElementPropertyValue(getResponse, "offers[0].groups[0].pricingPlans[0].visualElements[6].key", "show_payment_logo"): Verify element property value successfully

2023-10-16 14:22:43 - [MESSAGE][PASSED] - Verify element property value successfully

2023-10-16 14:22:43 - [TEST_STEP][PASSED] - verifyElementPropertyValue(getResponse, "offers[0].groups[0].pricingPlans[0].visualElements[6].value", "true"): Verify element property value successfully

2023-10-16 14:22:43 - [MESSAGE][PASSED] - Verify element property value successfully

2023-10-16 14:22:43 - [TEST_STEP][PASSED] - verifyElementPropertyValue(getResponse, "offers[0].groups[0].pricingPlans[0].visualElements[8].key", "price"): Verify element property value successfully

2023-10-16 14:22:43 - [MESSAGE][PASSED] - Verify element property value successfully

2023-10-16 14:22:43 - [TEST_STEP][PASSED] - verifyElementPropertyValue(getResponse, "offers[0].groups[0].pricingPlans[0].visualElements[8].value", "3500"): Verify element property value successfully

2023-10-16 14:22:43 - [MESSAGE][PASSED] - Verify element property value successfully

2023-10-16 14:22:43 - [TEST_STEP][PASSED] - verifyElementPropertyValue(getResponse, "offers[0].groups[0].pricingPlans[0].visualElements[9].key", "currency"): Verify element property value successfully

2023-10-16 14:22:43 - [MESSAGE][PASSED] - Verify element property value successfully

2023-10-16 14:22:43 - [TEST_STEP][PASSED] - verifyElementPropertyValue(getResponse, "offers[0].groups[0].pricingPlans[0].visualElements[9].value", "IQD"): Verify element property value successfully

2023-10-16 14:22:43 - [MESSAGE][PASSED] - Verify element property value successfully

2023-10-16 14:22:43 - [TEST_STEP][PASSED] - verifyElementPropertyValue(getResponse, "offers[0].groups[0].pricingPlans[0].visualElements[10].key", "duration"): Verify element property value successfully

2023-10-16 14:22:43 - [MESSAGE][PASSED] - Verify element property value successfully

2023-10-16 14:22:43 - [TEST_STEP][PASSED] - verifyElementPropertyValue(getResponse, "offers[0].groups[0].pricingPlans[0].visualElements[10].value", "Mensuel"): Verify element property value successfully

2023-10-16 14:22:43 - [MESSAGE][PASSED] - Verify element property value successfully

2023-10-16 14:22:43 - [TEST_STEP][PASSED] - verifyElementPropertyValue(getResponse, "offers[0].groups[0].pricingPlans[0].visualElements[11].key", "featured_tag_text"): Verify element property value successfully

2023-10-16 14:22:43 - [MESSAGE][PASSED] - Verify element property value successfully

2023-10-16 14:22:43 - [TEST_STEP][PASSED] - verifyElementPropertyValue(getResponse, "offers[0].groups[0].pricingPlans[0].visualElements[11].value", "Offre limitée"): Verify element property value successfully

2023-10-16 14:22:43 - [MESSAGE][PASSED] - Verify element property value successfully

2023-10-16 14:22:43 - [TEST_STEP][PASSED] - verifyElementPropertyValue(getResponse, "offers[0].groups[0].pricingPlans[0].visualElements[13].key", "tag_text"): Verify element property value successfully

2023-10-16 14:22:43 - [MESSAGE][PASSED] - Verify element property value successfully

2023-10-16 14:22:43 - [TEST_STEP][PASSED] - verifyElementPropertyValue(getResponse, "offers[0].groups[0].pricingPlans[0].visualElements[13].value", "Économisez 30% "): Verify element property value successfully

2023-10-16 14:22:43 - [MESSAGE][PASSED] - Verify element property value successfully

2023-10-16 14:22:43 - [TEST_STEP][PASSED] - verifyElementPropertyValue(getResponse, "offers[0].groups[0].pricingPlans[0].visualElements[12].key", "show_tag"): Verify element property value successfully

2023-10-16 14:22:43 - [MESSAGE][PASSED] - Verify element property value successfully

2023-10-16 14:22:43 - [TEST_STEP][PASSED] - verifyElementPropertyValue(getResponse, "offers[0].groups[0].pricingPlans[0].visualElements[12].value", "true"): Verify element property value successfully

2023-10-16 14:22:43 - [MESSAGE][PASSED] - Verify element property value successfully

2023-10-16 14:22:43 - [TEST_STEP][PASSED] - verifyElementPropertyValue(getResponse, "offers[0].groups[0].pricingPlans[0].pricingPlanData[0].productId", "IRQ_B2C_SHAHID_VIP_1M"): Verify element property value successfully

2023-10-16 14:22:43 - [MESSAGE][PASSED] - Verify element property value successfully

2023-10-16 14:22:43 - [TEST_STEP][PASSED] - verifyElementPropertyValue(getResponse, "offers[0].groups[0].pricingPlans[0].pricingPlanData[0].paymentMethod", "CREDIT_CARD"): Verify element property value successfully

2023-10-16 14:22:43 - [MESSAGE][PASSED] - Verify element property value successfully

2023-10-16 14:22:43 - [TEST_STEP][PASSED] - verifyElementPropertyValue(getResponse, "offers[0].groups[0].pricingPlans[0].pricingPlanData[0].freeTrialEnabled", "false"): Verify element property value successfully

2023-10-16 14:22:43 - [MESSAGE][PASSED] - Verify element property value successfully

2023-10-16 14:22:43 - [TEST_STEP][PASSED] - verifyElementPropertyValue(getResponse, "offers[0].groups[0].pricingPlans[0].pricingPlanData[0].showIn[0]", "VERTICAL_MODE"): Verify element property value successfully

2023-10-16 14:22:43 - [MESSAGE][PASSED] - Verify element property value successfully

2023-10-16 14:22:43 - [TEST_STEP][PASSED] - verifyElementPropertyValue(getResponse, "offers[0].groups[0].pricingPlans[0].pricingPlanData[0].showIn[1]", "HORIZONTAL_MODE"): Verify element property value successfully

2023-10-16 14:22:43 - [MESSAGE][PASSED] - Verify element property value successfully

2023-10-16 14:22:43 - [TEST_STEP][PASSED] - verifyElementPropertyValue(getResponse, "offers[0].groups[0].pricingPlans[0].pricingPlanData[0].priceLabel", "3500"): Verify element property value successfully

2023-10-16 14:22:43 - [MESSAGE][PASSED] - Verify element property value successfully

2023-10-16 14:22:43 - [TEST_STEP][PASSED] - verifyElementPropertyValue(getResponse, "offers[0].groups[0].pricingPlans[0].pricingPlanData[0].currencyLabel", "IQD"): Verify element property value successfully

2023-10-16 14:22:43 - [MESSAGE][PASSED] - Verify element property value successfully

2023-10-16 14:22:43 - [TEST_STEP][PASSED] - verifyElementPropertyValue(getResponse, "offers[0].groups[0].pricingPlans[0].pricingPlanData[0].dealId", "RE_30P_IRQ"): Verify element property value successfully

2023-10-16 14:22:43 - [MESSAGE][PASSED] - Verify element property value successfully

2023-10-16 14:22:43 - [TEST_STEP][PASSED] - verifyElementPropertyValue(getResponse, "offers[0].groups[0].pricingPlans[0].pricingPlanData[0].allowedForAcquisition", "true"): Verify element property value successfully

2023-10-16 14:22:43 - [MESSAGE][PASSED] - Verify element property value successfully

2023-10-16 14:22:43 - [TEST_STEP][PASSED] - verifyElementPropertyValue(getResponse, "offers[0].groups[0].pricingPlans[0].pricingPlanData[0].visualElements[0].key", "title"): Verify element property value successfully

2023-10-16 14:22:43 - [MESSAGE][PASSED] - Verify element property value successfully

2023-10-16 14:22:43 - [TEST_STEP][PASSED] - verifyElementPropertyValue(getResponse, "offers[0].groups[0].pricingPlans[0].pricingPlanData[0].visualElements[0].value", "Carte de crédit/débit"): Verify element property value successfully

2023-10-16 14:22:43 - [MESSAGE][PASSED] - Verify element property value successfully

2023-10-16 14:22:43 - [TEST_STEP][PASSED] - verifyElementPropertyValue(getResponse, "offers[0].groups[0].pricingPlans[0].pricingPlanData[0].visualElements[1].key", "CTA_text"): Verify element property value successfully

2023-10-16 14:22:43 - [MESSAGE][PASSED] - Verify element property value successfully

2023-10-16 14:22:43 - [TEST_STEP][FAILED] - verifyElementPropertyValue(getResponse, "offers[0].groups[0].pricingPlans[0].pricingPlanData[0].visualElements[1].value", "S’abonner"): Expected element property value 'S’abonner' is not equal with actual property value 'S'abonner'

2023-10-16 14:22:43 - [MESSAGE][FAILED] - Expected element property value 'S’abonner' is not equal with actual property value 'S'abonner'

2023-10-16 14:22:43 - [TEST_STEP][PASSED] - verifyElementPropertyValue(getResponse, "offers[0].groups[0].pricingPlans[0].pricingPlanData[0].visualElements[2].key", "logo"): Verify element property value successfully

2023-10-16 14:22:43 - [MESSAGE][PASSED] - Verify element property value successfully

2023-10-16 14:22:43 - [TEST_STEP][PASSED] - verifyElementPropertyValue(getResponse, "offers[0].groups[0].pricingPlans[0].pricingPlanData[0].visualElements[2].value", "https://static.s3.shahid.mbc.net/widget-images/icons/iconCreditCard.png"): Verify element property value successfully

2023-10-16 14:22:43 - [MESSAGE][PASSED] - Verify element property value successfully

2023-10-16 14:22:43 - [TEST_STEP][PASSED] - verifyElementPropertyValue(getResponse, "offers[1].offerId", "winback-40-offer"): Verify element property value successfully

2023-10-16 14:22:43 - [MESSAGE][PASSED] - Verify element property value successfully

2023-10-16 14:22:43 - [TEST_STEP][PASSED] - verifyElementPropertyValue(getResponse, "offers[1].offerParam", "winback40"): Verify element property value successfully

2023-10-16 14:22:43 - [MESSAGE][PASSED] - Verify element property value successfully

2023-10-16 14:22:43 - [TEST_STEP][PASSED] - verifyElementPropertyValue(getResponse, "offers[1].groups[0].pricingPlans[0].featured", "true"): Verify element property value successfully

2023-10-16 14:22:43 - [MESSAGE][PASSED] - Verify element property value successfully

2023-10-16 14:22:43 - [TEST_STEP][PASSED] - verifyElementPropertyValue(getResponse, "offers[1].groups[0].pricingPlans[0].period", "monthly"): Verify element property value successfully

2023-10-16 14:22:43 - [MESSAGE][PASSED] - Verify element property value successfully

2023-10-16 14:22:43 - [TEST_STEP][PASSED] - verifyElementPropertyValue(getResponse, "offers[1].groups[0].pricingPlans[0].featured", "true"): Verify element property value successfully

2023-10-16 14:22:43 - [MESSAGE][PASSED] - Verify element property value successfully

2023-10-16 14:22:43 - [TEST_STEP][PASSED] - verifyElementPropertyValue(getResponse, "offers[1].groups[0].pricingPlans[0].price", "3000.0"): Verify element property value successfully

2023-10-16 14:22:44 - [MESSAGE][PASSED] - Verify element property value successfully

2023-10-16 14:22:44 - [TEST_STEP][PASSED] - verifyElementPropertyValue(getResponse, "offers[1].groups[0].pricingPlans[0].currency", "IQD"): Verify element property value successfully

2023-10-16 14:22:44 - [MESSAGE][PASSED] - Verify element property value successfully

2023-10-16 14:22:44 - [TEST_STEP][PASSED] - verifyElementPropertyValue(getResponse, "offers[1].groups[0].pricingPlans[0].order", "0"): Verify element property value successfully

2023-10-16 14:22:44 - [MESSAGE][PASSED] - Verify element property value successfully

2023-10-16 14:22:44 - [TEST_STEP][PASSED] - verifyElementPropertyValue(getResponse, "offers[1].groups[0].pricingPlans[0].packageId", "SHAHID_VIP"): Verify element property value successfully

2023-10-16 14:22:44 - [MESSAGE][PASSED] - Verify element property value successfully

2023-10-16 14:22:44 - [TEST_STEP][PASSED] - verifyElementPropertyValue(getResponse, "offers[1].groups[0].pricingPlans[0].catalogId", "VIP"): Verify element property value successfully

2023-10-16 14:22:44 - [MESSAGE][PASSED] - Verify element property value successfully

2023-10-16 14:22:44 - [TEST_STEP][PASSED] - verifyElementPropertyValue(getResponse, "offers[1].groups[0].pricingPlans[0].visualElements[0].key", "Header_1_text"): Verify element property value successfully

2023-10-16 14:22:44 - [MESSAGE][PASSED] - Verify element property value successfully

2023-10-16 14:22:44 - [TEST_STEP][PASSED] - verifyElementPropertyValue(getResponse, "offers[1].groups[0].pricingPlans[0].visualElements[0].value", "Abonnez-vous dès maintenant et profitez de vos programmes sans publicité"): Verify element property value successfully

2023-10-16 14:22:44 - [MESSAGE][PASSED] - Verify element property value successfully

2023-10-16 14:22:44 - [TEST_STEP][PASSED] - verifyElementPropertyValue(getResponse, "offers[1].groups[0].pricingPlans[0].visualElements[1].key", "display_title"): Verify element property value successfully

2023-10-16 14:22:44 - [MESSAGE][PASSED] - Verify element property value successfully

2023-10-16 14:22:44 - [TEST_STEP][PASSED] - verifyElementPropertyValue(getResponse, "offers[1].groups[0].pricingPlans[0].visualElements[1].value", "40% de réduction"): Verify element property value successfully

2023-10-16 14:22:44 - [MESSAGE][PASSED] - Verify element property value successfully

2023-10-16 14:22:44 - [TEST_STEP][PASSED] - verifyElementPropertyValue(getResponse, "offers[1].groups[0].pricingPlans[0].visualElements[3].key", "deduction_text"): Verify element property value successfully

2023-10-16 14:22:44 - [MESSAGE][PASSED] - Verify element property value successfully

2023-10-16 14:22:44 - [TEST_STEP][PASSED] - verifyElementPropertyValue(getResponse, "offers[1].groups[0].pricingPlans[0].visualElements[3].value", "facturation mensuelle"): Verify element property value successfully

2023-10-16 14:22:44 - [MESSAGE][PASSED] - Verify element property value successfully

2023-10-16 14:22:44 - [TEST_STEP][PASSED] - verifyElementPropertyValue(getResponse, "offers[1].groups[0].pricingPlans[0].visualElements[6].key", "show_payment_logo"): Verify element property value successfully

2023-10-16 14:22:44 - [MESSAGE][PASSED] - Verify element property value successfully

2023-10-16 14:22:44 - [TEST_STEP][PASSED] - verifyElementPropertyValue(getResponse, "offers[1].groups[0].pricingPlans[0].visualElements[6].value", "true"): Verify element property value successfully

2023-10-16 14:22:44 - [MESSAGE][PASSED] - Verify element property value successfully

2023-10-16 14:22:44 - [TEST_STEP][PASSED] - verifyElementPropertyValue(getResponse, "offers[1].groups[0].pricingPlans[0].visualElements[8].key", "price"): Verify element property value successfully

2023-10-16 14:22:44 - [MESSAGE][PASSED] - Verify element property value successfully

2023-10-16 14:22:44 - [TEST_STEP][PASSED] - verifyElementPropertyValue(getResponse, "offers[1].groups[0].pricingPlans[0].visualElements[8].value", "3000"): Verify element property value successfully

2023-10-16 14:22:44 - [MESSAGE][PASSED] - Verify element property value successfully

2023-10-16 14:22:44 - [TEST_STEP][PASSED] - verifyElementPropertyValue(getResponse, "offers[1].groups[0].pricingPlans[0].visualElements[9].key", "currency"): Verify element property value successfully

2023-10-16 14:22:44 - [MESSAGE][PASSED] - Verify element property value successfully

2023-10-16 14:22:44 - [TEST_STEP][PASSED] - verifyElementPropertyValue(getResponse, "offers[1].groups[0].pricingPlans[0].visualElements[9].value", "IQD"): Verify element property value successfully

2023-10-16 14:22:44 - [MESSAGE][PASSED] - Verify element property value successfully

2023-10-16 14:22:44 - [TEST_STEP][PASSED] - verifyElementPropertyValue(getResponse, "offers[1].groups[0].pricingPlans[0].visualElements[10].key", "duration"): Verify element property value successfully

2023-10-16 14:22:44 - [MESSAGE][PASSED] - Verify element property value successfully

2023-10-16 14:22:44 - [TEST_STEP][PASSED] - verifyElementPropertyValue(getResponse, "offers[1].groups[0].pricingPlans[0].visualElements[10].value", "Mensuel"): Verify element property value successfully

2023-10-16 14:22:44 - [MESSAGE][PASSED] - Verify element property value successfully

2023-10-16 14:22:44 - [TEST_STEP][PASSED] - verifyElementPropertyValue(getResponse, "offers[1].groups[0].pricingPlans[0].visualElements[11].key", "featured_tag_text"): Verify element property value successfully

2023-10-16 14:22:44 - [MESSAGE][PASSED] - Verify element property value successfully

2023-10-16 14:22:44 - [TEST_STEP][PASSED] - verifyElementPropertyValue(getResponse, "offers[1].groups[0].pricingPlans[0].visualElements[11].value", "Offre limitée"): Verify element property value successfully

2023-10-16 14:22:44 - [MESSAGE][PASSED] - Verify element property value successfully

2023-10-16 14:22:44 - [TEST_STEP][PASSED] - verifyElementPropertyValue(getResponse, "offers[1].groups[0].pricingPlans[0].visualElements[13].key", "tag_text"): Verify element property value successfully

2023-10-16 14:22:44 - [MESSAGE][PASSED] - Verify element property value successfully

2023-10-16 14:22:44 - [TEST_STEP][PASSED] - verifyElementPropertyValue(getResponse, "offers[1].groups[0].pricingPlans[0].visualElements[13].value", "Économisez 40% "): Verify element property value successfully

2023-10-16 14:22:44 - [MESSAGE][PASSED] - Verify element property value successfully

2023-10-16 14:22:44 - [TEST_STEP][PASSED] - verifyElementPropertyValue(getResponse, "offers[1].groups[0].pricingPlans[0].visualElements[12].key", "show_tag"): Verify element property value successfully

2023-10-16 14:22:44 - [MESSAGE][PASSED] - Verify element property value successfully

2023-10-16 14:22:44 - [TEST_STEP][PASSED] - verifyElementPropertyValue(getResponse, "offers[1].groups[0].pricingPlans[0].visualElements[12].value", "true"): Verify element property value successfully

2023-10-16 14:22:44 - [MESSAGE][PASSED] - Verify element property value successfully

2023-10-16 14:22:44 - [TEST_STEP][PASSED] - verifyElementPropertyValue(getResponse, "offers[1].groups[0].pricingPlans[0].pricingPlanData[0].productId", "IRQ_B2C_SHAHID_VIP_1M"): Verify element property value successfully

2023-10-16 14:22:44 - [MESSAGE][PASSED] - Verify element property value successfully

2023-10-16 14:22:44 - [TEST_STEP][PASSED] - verifyElementPropertyValue(getResponse, "offers[1].groups[0].pricingPlans[0].pricingPlanData[0].paymentMethod", "CREDIT_CARD"): Verify element property value successfully

2023-10-16 14:22:44 - [MESSAGE][PASSED] - Verify element property value successfully

2023-10-16 14:22:44 - [TEST_STEP][PASSED] - verifyElementPropertyValue(getResponse, "offers[1].groups[0].pricingPlans[0].pricingPlanData[0].freeTrialEnabled", "false"): Verify element property value successfully

2023-10-16 14:22:44 - [MESSAGE][PASSED] - Verify element property value successfully

2023-10-16 14:22:44 - [TEST_STEP][PASSED] - verifyElementPropertyValue(getResponse, "offers[1].groups[0].pricingPlans[0].pricingPlanData[0].showIn[0]", "VERTICAL_MODE"): Verify element property value successfully

2023-10-16 14:22:44 - [MESSAGE][PASSED] - Verify element property value successfully

2023-10-16 14:22:44 - [TEST_STEP][PASSED] - verifyElementPropertyValue(getResponse, "offers[1].groups[0].pricingPlans[0].pricingPlanData[0].showIn[1]", "HORIZONTAL_MODE"): Verify element property value successfully

2023-10-16 14:22:44 - [MESSAGE][PASSED] - Verify element property value successfully

2023-10-16 14:22:44 - [TEST_STEP][PASSED] - verifyElementPropertyValue(getResponse, "offers[1].groups[0].pricingPlans[0].pricingPlanData[0].priceLabel", "3000"): Verify element property value successfully

2023-10-16 14:22:44 - [MESSAGE][PASSED] - Verify element property value successfully

2023-10-16 14:22:44 - [TEST_STEP][PASSED] - verifyElementPropertyValue(getResponse, "offers[1].groups[0].pricingPlans[0].pricingPlanData[0].currencyLabel", "IQD"): Verify element property value successfully

2023-10-16 14:22:44 - [MESSAGE][PASSED] - Verify element property value successfully

2023-10-16 14:22:44 - [TEST_STEP][PASSED] - verifyElementPropertyValue(getResponse, "offers[1].groups[0].pricingPlans[0].pricingPlanData[0].dealId", "RE_40P_IRQ"): Verify element property value successfully

2023-10-16 14:22:44 - [MESSAGE][PASSED] - Verify element property value successfully

2023-10-16 14:22:44 - [TEST_STEP][PASSED] - verifyElementPropertyValue(getResponse, "offers[1].groups[0].pricingPlans[0].pricingPlanData[0].allowedForAcquisition", "true"): Verify element property value successfully

2023-10-16 14:22:44 - [MESSAGE][PASSED] - Verify element property value successfully

2023-10-16 14:22:44 - [TEST_STEP][PASSED] - verifyElementPropertyValue(getResponse, "offers[1].groups[0].pricingPlans[0].pricingPlanData[0].visualElements[0].key", "title"): Verify element property value successfully

2023-10-16 14:22:44 - [MESSAGE][PASSED] - Verify element property value successfully

2023-10-16 14:22:44 - [TEST_STEP][PASSED] - verifyElementPropertyValue(getResponse, "offers[1].groups[0].pricingPlans[0].pricingPlanData[0].visualElements[0].value", "Carte de crédit/débit"): Verify element property value successfully

2023-10-16 14:22:44 - [MESSAGE][PASSED] - Verify element property value successfully

2023-10-16 14:22:44 - [TEST_STEP][PASSED] - verifyElementPropertyValue(getResponse, "offers[1].groups[0].pricingPlans[0].pricingPlanData[0].visualElements[1].key", "CTA_text"): Verify element property value successfully

2023-10-16 14:22:44 - [MESSAGE][PASSED] - Verify element property value successfully

2023-10-16 14:22:44 - [TEST_STEP][FAILED] - verifyElementPropertyValue(getResponse, "offers[1].groups[0].pricingPlans[0].pricingPlanData[0].visualElements[1].value", "S’abonner"): Expected element property value 'S’abonner' is not equal with actual property value 'S'abonner'

2023-10-16 14:22:44 - [MESSAGE][FAILED] - Expected element property value 'S’abonner' is not equal with actual property value 'S'abonner'

2023-10-16 14:22:44 - [TEST_STEP][PASSED] - verifyElementPropertyValue(getResponse, "offers[1].groups[0].pricingPlans[0].pricingPlanData[0].visualElements[2].key", "logo"): Verify element property value successfully

2023-10-16 14:22:44 - [MESSAGE][PASSED] - Verify element property value successfully

2023-10-16 14:22:44 - [TEST_STEP][PASSED] - verifyElementPropertyValue(getResponse, "offers[1].groups[0].pricingPlans[0].pricingPlanData[0].visualElements[2].value", "https://static.s3.shahid.mbc.net/widget-images/icons/iconCreditCard.png"): Verify element property value successfully

2023-10-16 14:22:44 - [MESSAGE][PASSED] - Verify element property value successfully

2023-10-16 14:22:44 - [TEST_STEP][PASSED] - verifyElementPropertyValue(getResponse, "offers[2].offerId", "winback-50-offer"): Verify element property value successfully

2023-10-16 14:22:44 - [MESSAGE][PASSED] - Verify element property value successfully

2023-10-16 14:22:44 - [TEST_STEP][PASSED] - verifyElementPropertyValue(getResponse, "offers[2].offerParam", "winback50"): Verify element property value successfully

2023-10-16 14:22:44 - [MESSAGE][PASSED] - Verify element property value successfully

2023-10-16 14:22:44 - [TEST_STEP][PASSED] - verifyElementPropertyValue(getResponse, "offers[2].groups[0].pricingPlans[0].featured", "true"): Verify element property value successfully

2023-10-16 14:22:44 - [MESSAGE][PASSED] - Verify element property value successfully

2023-10-16 14:22:44 - [TEST_STEP][PASSED] - verifyElementPropertyValue(getResponse, "offers[2].groups[0].pricingPlans[0].period", "monthly"): Verify element property value successfully

2023-10-16 14:22:44 - [MESSAGE][PASSED] - Verify element property value successfully

2023-10-16 14:22:44 - [TEST_STEP][PASSED] - verifyElementPropertyValue(getResponse, "offers[2].groups[0].pricingPlans[0].featured", "true"): Verify element property value successfully

2023-10-16 14:22:44 - [MESSAGE][PASSED] - Verify element property value successfully

2023-10-16 14:22:44 - [TEST_STEP][PASSED] - verifyElementPropertyValue(getResponse, "offers[2].groups[0].pricingPlans[0].price", "2500.0"): Verify element property value successfully

2023-10-16 14:22:44 - [MESSAGE][PASSED] - Verify element property value successfully

2023-10-16 14:22:44 - [TEST_STEP][PASSED] - verifyElementPropertyValue(getResponse, "offers[2].groups[0].pricingPlans[0].currency", "IQD"): Verify element property value successfully

2023-10-16 14:22:44 - [MESSAGE][PASSED] - Verify element property value successfully

2023-10-16 14:22:44 - [TEST_STEP][PASSED] - verifyElementPropertyValue(getResponse, "offers[2].groups[0].pricingPlans[0].order", "0"): Verify element property value successfully

2023-10-16 14:22:44 - [MESSAGE][PASSED] - Verify element property value successfully

2023-10-16 14:22:44 - [TEST_STEP][PASSED] - verifyElementPropertyValue(getResponse, "offers[2].groups[0].pricingPlans[0].packageId", "SHAHID_VIP"): Verify element property value successfully

2023-10-16 14:22:44 - [MESSAGE][PASSED] - Verify element property value successfully

2023-10-16 14:22:44 - [TEST_STEP][PASSED] - verifyElementPropertyValue(getResponse, "offers[2].groups[0].pricingPlans[0].catalogId", "VIP"): Verify element property value successfully

2023-10-16 14:22:44 - [MESSAGE][PASSED] - Verify element property value successfully

2023-10-16 14:22:44 - [TEST_STEP][PASSED] - verifyElementPropertyValue(getResponse, "offers[2].groups[0].pricingPlans[0].visualElements[0].key", "Header_1_text"): Verify element property value successfully

2023-10-16 14:22:44 - [MESSAGE][PASSED] - Verify element property value successfully

2023-10-16 14:22:44 - [TEST_STEP][PASSED] - verifyElementPropertyValue(getResponse, "offers[2].groups[0].pricingPlans[0].visualElements[0].value", "Abonnez-vous dès maintenant et profitez de vos programmes sans publicité"): Verify element property value successfully

2023-10-16 14:22:44 - [MESSAGE][PASSED] - Verify element property value successfully

2023-10-16 14:22:44 - [TEST_STEP][PASSED] - verifyElementPropertyValue(getResponse, "offers[2].groups[0].pricingPlans[0].visualElements[1].key", "display_title"): Verify element property value successfully

2023-10-16 14:22:44 - [MESSAGE][PASSED] - Verify element property value successfully

2023-10-16 14:22:44 - [TEST_STEP][PASSED] - verifyElementPropertyValue(getResponse, "offers[2].groups[0].pricingPlans[0].visualElements[1].value", "50% de réduction"): Verify element property value successfully

2023-10-16 14:22:44 - [MESSAGE][PASSED] - Verify element property value successfully

2023-10-16 14:22:44 - [TEST_STEP][PASSED] - verifyElementPropertyValue(getResponse, "offers[2].groups[0].pricingPlans[0].visualElements[3].key", "deduction_text"): Verify element property value successfully

2023-10-16 14:22:44 - [MESSAGE][PASSED] - Verify element property value successfully

2023-10-16 14:22:44 - [TEST_STEP][PASSED] - verifyElementPropertyValue(getResponse, "offers[2].groups[0].pricingPlans[0].visualElements[3].value", "facturation mensuelle"): Verify element property value successfully

2023-10-16 14:22:44 - [MESSAGE][PASSED] - Verify element property value successfully

2023-10-16 14:22:44 - [TEST_STEP][PASSED] - verifyElementPropertyValue(getResponse, "offers[2].groups[0].pricingPlans[0].visualElements[6].key", "show_payment_logo"): Verify element property value successfully

2023-10-16 14:22:44 - [MESSAGE][PASSED] - Verify element property value successfully

2023-10-16 14:22:44 - [TEST_STEP][PASSED] - verifyElementPropertyValue(getResponse, "offers[2].groups[0].pricingPlans[0].visualElements[6].value", "true"): Verify element property value successfully

2023-10-16 14:22:44 - [MESSAGE][PASSED] - Verify element property value successfully

2023-10-16 14:22:44 - [TEST_STEP][PASSED] - verifyElementPropertyValue(getResponse, "offers[2].groups[0].pricingPlans[0].visualElements[8].key", "price"): Verify element property value successfully

2023-10-16 14:22:44 - [MESSAGE][PASSED] - Verify element property value successfully

2023-10-16 14:22:44 - [TEST_STEP][PASSED] - verifyElementPropertyValue(getResponse, "offers[2].groups[0].pricingPlans[0].visualElements[8].value", "2500"): Verify element property value successfully

2023-10-16 14:22:44 - [MESSAGE][PASSED] - Verify element property value successfully

2023-10-16 14:22:44 - [TEST_STEP][PASSED] - verifyElementPropertyValue(getResponse, "offers[2].groups[0].pricingPlans[0].visualElements[9].key", "currency"): Verify element property value successfully

2023-10-16 14:22:44 - [MESSAGE][PASSED] - Verify element property value successfully

2023-10-16 14:22:44 - [TEST_STEP][PASSED] - verifyElementPropertyValue(getResponse, "offers[2].groups[0].pricingPlans[0].visualElements[9].value", "IQD"): Verify element property value successfully

2023-10-16 14:22:44 - [MESSAGE][PASSED] - Verify element property value successfully

2023-10-16 14:22:44 - [TEST_STEP][PASSED] - verifyElementPropertyValue(getResponse, "offers[2].groups[0].pricingPlans[0].visualElements[10].key", "duration"): Verify element property value successfully

2023-10-16 14:22:44 - [MESSAGE][PASSED] - Verify element property value successfully

2023-10-16 14:22:44 - [TEST_STEP][PASSED] - verifyElementPropertyValue(getResponse, "offers[2].groups[0].pricingPlans[0].visualElements[10].value", "Mensuel"): Verify element property value successfully

2023-10-16 14:22:44 - [MESSAGE][PASSED] - Verify element property value successfully

2023-10-16 14:22:44 - [TEST_STEP][PASSED] - verifyElementPropertyValue(getResponse, "offers[2].groups[0].pricingPlans[0].visualElements[11].key", "featured_tag_text"): Verify element property value successfully

2023-10-16 14:22:44 - [MESSAGE][PASSED] - Verify element property value successfully

2023-10-16 14:22:44 - [TEST_STEP][PASSED] - verifyElementPropertyValue(getResponse, "offers[2].groups[0].pricingPlans[0].visualElements[11].value", "Offre limitée"): Verify element property value successfully

2023-10-16 14:22:44 - [MESSAGE][PASSED] - Verify element property value successfully

2023-10-16 14:22:44 - [TEST_STEP][PASSED] - verifyElementPropertyValue(getResponse, "offers[2].groups[0].pricingPlans[0].visualElements[13].key", "tag_text"): Verify element property value successfully

2023-10-16 14:22:44 - [MESSAGE][PASSED] - Verify element property value successfully

2023-10-16 14:22:44 - [TEST_STEP][PASSED] - verifyElementPropertyValue(getResponse, "offers[2].groups[0].pricingPlans[0].visualElements[13].value", "Économisez 50% "): Verify element property value successfully

2023-10-16 14:22:44 - [MESSAGE][PASSED] - Verify element property value successfully

2023-10-16 14:22:44 - [TEST_STEP][PASSED] - verifyElementPropertyValue(getResponse, "offers[2].groups[0].pricingPlans[0].visualElements[12].key", "show_tag"): Verify element property value successfully

2023-10-16 14:22:44 - [MESSAGE][PASSED] - Verify element property value successfully

2023-10-16 14:22:44 - [TEST_STEP][PASSED] - verifyElementPropertyValue(getResponse, "offers[2].groups[0].pricingPlans[0].visualElements[12].value", "true"): Verify element property value successfully

2023-10-16 14:22:44 - [MESSAGE][PASSED] - Verify element property value successfully

2023-10-16 14:22:44 - [TEST_STEP][PASSED] - verifyElementPropertyValue(getResponse, "offers[2].groups[0].pricingPlans[0].pricingPlanData[0].productId", "IRQ_B2C_SHAHID_VIP_1M"): Verify element property value successfully

2023-10-16 14:22:44 - [MESSAGE][PASSED] - Verify element property value successfully

2023-10-16 14:22:44 - [TEST_STEP][PASSED] - verifyElementPropertyValue(getResponse, "offers[2].groups[0].pricingPlans[0].pricingPlanData[0].paymentMethod", "CREDIT_CARD"): Verify element property value successfully

2023-10-16 14:22:44 - [MESSAGE][PASSED] - Verify element property value successfully

2023-10-16 14:22:44 - [TEST_STEP][PASSED] - verifyElementPropertyValue(getResponse, "offers[2].groups[0].pricingPlans[0].pricingPlanData[0].freeTrialEnabled", "false"): Verify element property value successfully

2023-10-16 14:22:44 - [MESSAGE][PASSED] - Verify element property value successfully

2023-10-16 14:22:44 - [TEST_STEP][PASSED] - verifyElementPropertyValue(getResponse, "offers[2].groups[0].pricingPlans[0].pricingPlanData[0].showIn[0]", "VERTICAL_MODE"): Verify element property value successfully

2023-10-16 14:22:44 - [MESSAGE][PASSED] - Verify element property value successfully

2023-10-16 14:22:44 - [TEST_STEP][PASSED] - verifyElementPropertyValue(getResponse, "offers[2].groups[0].pricingPlans[0].pricingPlanData[0].showIn[1]", "HORIZONTAL_MODE"): Verify element property value successfully

2023-10-16 14:22:44 - [MESSAGE][PASSED] - Verify element property value successfully

2023-10-16 14:22:44 - [TEST_STEP][PASSED] - verifyElementPropertyValue(getResponse, "offers[2].groups[0].pricingPlans[0].pricingPlanData[0].priceLabel", "2500"): Verify element property value successfully

2023-10-16 14:22:44 - [MESSAGE][PASSED] - Verify element property value successfully

2023-10-16 14:22:44 - [TEST_STEP][PASSED] - verifyElementPropertyValue(getResponse, "offers[2].groups[0].pricingPlans[0].pricingPlanData[0].currencyLabel", "IQD"): Verify element property value successfully

2023-10-16 14:22:44 - [MESSAGE][PASSED] - Verify element property value successfully

2023-10-16 14:22:44 - [TEST_STEP][PASSED] - verifyElementPropertyValue(getResponse, "offers[2].groups[0].pricingPlans[0].pricingPlanData[0].dealId", "RE_50P_IRQ"): Verify element property value successfully

2023-10-16 14:22:44 - [MESSAGE][PASSED] - Verify element property value successfully

2023-10-16 14:22:44 - [TEST_STEP][PASSED] - verifyElementPropertyValue(getResponse, "offers[2].groups[0].pricingPlans[0].pricingPlanData[0].allowedForAcquisition", "true"): Verify element property value successfully

2023-10-16 14:22:44 - [MESSAGE][PASSED] - Verify element property value successfully

2023-10-16 14:22:44 - [TEST_STEP][PASSED] - verifyElementPropertyValue(getResponse, "offers[2].groups[0].pricingPlans[0].pricingPlanData[0].visualElements[0].key", "title"): Verify element property value successfully

2023-10-16 14:22:44 - [MESSAGE][PASSED] - Verify element property value successfully

2023-10-16 14:22:44 - [TEST_STEP][PASSED] - verifyElementPropertyValue(getResponse, "offers[2].groups[0].pricingPlans[0].pricingPlanData[0].visualElements[0].value", "Carte de crédit/débit"): Verify element property value successfully

2023-10-16 14:22:44 - [MESSAGE][PASSED] - Verify element property value successfully

2023-10-16 14:22:44 - [TEST_STEP][PASSED] - verifyElementPropertyValue(getResponse, "offers[2].groups[0].pricingPlans[0].pricingPlanData[0].visualElements[1].key", "CTA_text"): Verify element property value successfully

2023-10-16 14:22:44 - [MESSAGE][PASSED] - Verify element property value successfully

2023-10-16 14:22:44 - [TEST_STEP][FAILED] - verifyElementPropertyValue(getResponse, "offers[2].groups[0].pricingPlans[0].pricingPlanData[0].visualElements[1].value", "S’abonner"): Expected element property value 'S’abonner' is not equal with actual property value 'S'abonner'

2023-10-16 14:22:44 - [MESSAGE][FAILED] - Expected element property value 'S’abonner' is not equal with actual property value 'S'abonner'

2023-10-16 14:22:44 - [TEST_STEP][PASSED] - verifyElementPropertyValue(getResponse, "offers[2].groups[0].pricingPlans[0].pricingPlanData[0].visualElements[2].key", "logo"): Verify element property value successfully

2023-10-16 14:22:44 - [MESSAGE][PASSED] - Verify element property value successfully

2023-10-16 14:22:44 - [TEST_STEP][PASSED] - verifyElementPropertyValue(getResponse, "offers[2].groups[0].pricingPlans[0].pricingPlanData[0].visualElements[2].value", "https://static.s3.shahid.mbc.net/widget-images/icons/iconCreditCard.png"): Verify element property value successfully

2023-10-16 14:22:44 - [MESSAGE][PASSED] - Verify element property value successfully

2023-10-16 14:22:44 - [TEST_STEP][PASSED] - verifyElementPropertyValue(getResponse, "offers[8].offerId", "byg-30-offer"): Verify element property value successfully

2023-10-16 14:22:44 - [MESSAGE][PASSED] - Verify element property value successfully

2023-10-16 14:22:44 - [TEST_STEP][PASSED] - verifyElementPropertyValue(getResponse, "offers[8].offerParam", "bygoffer30"): Verify element property value successfully

2023-10-16 14:22:44 - [MESSAGE][PASSED] - Verify element property value successfully

2023-10-16 14:22:44 - [TEST_STEP][PASSED] - verifyElementPropertyValue(getResponse, "offers[8].groups[0].pricingPlans[0].featured", "true"): Verify element property value successfully

2023-10-16 14:22:44 - [MESSAGE][PASSED] - Verify element property value successfully

2023-10-16 14:22:44 - [TEST_STEP][PASSED] - verifyElementPropertyValue(getResponse, "offers[8].groups[0].pricingPlans[0].period", "monthly"): Verify element property value successfully

2023-10-16 14:22:44 - [MESSAGE][PASSED] - Verify element property value successfully

2023-10-16 14:22:44 - [TEST_STEP][PASSED] - verifyElementPropertyValue(getResponse, "offers[8].groups[0].pricingPlans[0].featured", "true"): Verify element property value successfully

2023-10-16 14:22:44 - [MESSAGE][PASSED] - Verify element property value successfully

2023-10-16 14:22:44 - [TEST_STEP][PASSED] - verifyElementPropertyValue(getResponse, "offers[8].groups[0].pricingPlans[0].price", "3500.0"): Verify element property value successfully

2023-10-16 14:22:44 - [MESSAGE][PASSED] - Verify element property value successfully

2023-10-16 14:22:44 - [TEST_STEP][PASSED] - verifyElementPropertyValue(getResponse, "offers[8].groups[0].pricingPlans[0].currency", "IQD"): Verify element property value successfully

2023-10-16 14:22:44 - [MESSAGE][PASSED] - Verify element property value successfully

2023-10-16 14:22:44 - [TEST_STEP][PASSED] - verifyElementPropertyValue(getResponse, "offers[8].groups[0].pricingPlans[0].order", "0"): Verify element property value successfully

2023-10-16 14:22:44 - [MESSAGE][PASSED] - Verify element property value successfully

2023-10-16 14:22:44 - [TEST_STEP][PASSED] - verifyElementPropertyValue(getResponse, "offers[8].groups[0].pricingPlans[0].packageId", "SHAHID_VIP"): Verify element property value successfully

2023-10-16 14:22:44 - [MESSAGE][PASSED] - Verify element property value successfully

2023-10-16 14:22:44 - [TEST_STEP][PASSED] - verifyElementPropertyValue(getResponse, "offers[8].groups[0].pricingPlans[0].catalogId", "VIP"): Verify element property value successfully

2023-10-16 14:22:44 - [MESSAGE][PASSED] - Verify element property value successfully

2023-10-16 14:22:44 - [TEST_STEP][PASSED] - verifyElementPropertyValue(getResponse, "offers[8].groups[0].pricingPlans[0].visualElements[0].key", "Header_1_text"): Verify element property value successfully

2023-10-16 14:22:44 - [MESSAGE][PASSED] - Verify element property value successfully

2023-10-16 14:22:44 - [TEST_STEP][PASSED] - verifyElementPropertyValue(getResponse, "offers[8].groups[0].pricingPlans[0].visualElements[0].value", "Abonnez-vous dès maintenant et profitez de vos programmes sans publicité"): Verify element property value successfully

2023-10-16 14:22:44 - [MESSAGE][PASSED] - Verify element property value successfully

2023-10-16 14:22:44 - [TEST_STEP][PASSED] - verifyElementPropertyValue(getResponse, "offers[8].groups[0].pricingPlans[0].visualElements[1].key", "display_title"): Verify element property value successfully

2023-10-16 14:22:44 - [MESSAGE][PASSED] - Verify element property value successfully

2023-10-16 14:22:44 - [TEST_STEP][PASSED] - verifyElementPropertyValue(getResponse, "offers[8].groups[0].pricingPlans[0].visualElements[1].value", "30% de réduction"): Verify element property value successfully

2023-10-16 14:22:44 - [MESSAGE][PASSED] - Verify element property value successfully

2023-10-16 14:22:44 - [TEST_STEP][PASSED] - verifyElementPropertyValue(getResponse, "offers[8].groups[0].pricingPlans[0].visualElements[3].key", "deduction_text"): Verify element property value successfully

2023-10-16 14:22:44 - [MESSAGE][PASSED] - Verify element property value successfully

2023-10-16 14:22:44 - [TEST_STEP][PASSED] - verifyElementPropertyValue(getResponse, "offers[8].groups[0].pricingPlans[0].visualElements[3].value", "facturation mensuelle"): Verify element property value successfully

2023-10-16 14:22:44 - [MESSAGE][PASSED] - Verify element property value successfully

2023-10-16 14:22:44 - [TEST_STEP][PASSED] - verifyElementPropertyValue(getResponse, "offers[8].groups[0].pricingPlans[0].visualElements[6].key", "show_payment_logo"): Verify element property value successfully

2023-10-16 14:22:45 - [MESSAGE][PASSED] - Verify element property value successfully

2023-10-16 14:22:45 - [TEST_STEP][PASSED] - verifyElementPropertyValue(getResponse, "offers[8].groups[0].pricingPlans[0].visualElements[6].value", "true"): Verify element property value successfully

2023-10-16 14:22:45 - [MESSAGE][PASSED] - Verify element property value successfully

2023-10-16 14:22:45 - [TEST_STEP][PASSED] - verifyElementPropertyValue(getResponse, "offers[8].groups[0].pricingPlans[0].visualElements[8].key", "price"): Verify element property value successfully

2023-10-16 14:22:45 - [MESSAGE][PASSED] - Verify element property value successfully

2023-10-16 14:22:45 - [TEST_STEP][PASSED] - verifyElementPropertyValue(getResponse, "offers[8].groups[0].pricingPlans[0].visualElements[8].value", "3500"): Verify element property value successfully

2023-10-16 14:22:45 - [MESSAGE][PASSED] - Verify element property value successfully

2023-10-16 14:22:45 - [TEST_STEP][PASSED] - verifyElementPropertyValue(getResponse, "offers[8].groups[0].pricingPlans[0].visualElements[9].key", "currency"): Verify element property value successfully

2023-10-16 14:22:45 - [MESSAGE][PASSED] - Verify element property value successfully

2023-10-16 14:22:45 - [TEST_STEP][PASSED] - verifyElementPropertyValue(getResponse, "offers[8].groups[0].pricingPlans[0].visualElements[9].value", "IQD"): Verify element property value successfully

2023-10-16 14:22:45 - [MESSAGE][PASSED] - Verify element property value successfully

2023-10-16 14:22:45 - [TEST_STEP][PASSED] - verifyElementPropertyValue(getResponse, "offers[8].groups[0].pricingPlans[0].visualElements[10].key", "duration"): Verify element property value successfully

2023-10-16 14:22:45 - [MESSAGE][PASSED] - Verify element property value successfully

2023-10-16 14:22:45 - [TEST_STEP][PASSED] - verifyElementPropertyValue(getResponse, "offers[8].groups[0].pricingPlans[0].visualElements[10].value", "Mensuel"): Verify element property value successfully

2023-10-16 14:22:45 - [MESSAGE][PASSED] - Verify element property value successfully

2023-10-16 14:22:45 - [TEST_STEP][PASSED] - verifyElementPropertyValue(getResponse, "offers[8].groups[0].pricingPlans[0].visualElements[11].key", "featured_tag_text"): Verify element property value successfully

2023-10-16 14:22:45 - [MESSAGE][PASSED] - Verify element property value successfully

2023-10-16 14:22:45 - [TEST_STEP][PASSED] - verifyElementPropertyValue(getResponse, "offers[8].groups[0].pricingPlans[0].visualElements[11].value", "Offre limitée"): Verify element property value successfully

2023-10-16 14:22:45 - [MESSAGE][PASSED] - Verify element property value successfully

2023-10-16 14:22:45 - [TEST_STEP][PASSED] - verifyElementPropertyValue(getResponse, "offers[8].groups[0].pricingPlans[0].visualElements[13].key", "tag_text"): Verify element property value successfully

2023-10-16 14:22:45 - [MESSAGE][PASSED] - Verify element property value successfully

2023-10-16 14:22:45 - [TEST_STEP][PASSED] - verifyElementPropertyValue(getResponse, "offers[8].groups[0].pricingPlans[0].visualElements[13].value", "Économisez 30% "): Verify element property value successfully

2023-10-16 14:22:45 - [MESSAGE][PASSED] - Verify element property value successfully

2023-10-16 14:22:45 - [TEST_STEP][PASSED] - verifyElementPropertyValue(getResponse, "offers[8].groups[0].pricingPlans[0].visualElements[12].key", "show_tag"): Verify element property value successfully

2023-10-16 14:22:45 - [MESSAGE][PASSED] - Verify element property value successfully

2023-10-16 14:22:45 - [TEST_STEP][PASSED] - verifyElementPropertyValue(getResponse, "offers[8].groups[0].pricingPlans[0].visualElements[12].value", "true"): Verify element property value successfully

2023-10-16 14:22:45 - [MESSAGE][PASSED] - Verify element property value successfully

2023-10-16 14:22:45 - [TEST_STEP][PASSED] - verifyElementPropertyValue(getResponse, "offers[8].groups[0].pricingPlans[0].pricingPlanData[0].productId", "IRQ_B2C_SHAHID_VIP_1M"): Verify element property value successfully

2023-10-16 14:22:45 - [MESSAGE][PASSED] - Verify element property value successfully

2023-10-16 14:22:45 - [TEST_STEP][PASSED] - verifyElementPropertyValue(getResponse, "offers[8].groups[0].pricingPlans[0].pricingPlanData[0].paymentMethod", "CREDIT_CARD"): Verify element property value successfully

2023-10-16 14:22:45 - [MESSAGE][PASSED] - Verify element property value successfully

2023-10-16 14:22:45 - [TEST_STEP][PASSED] - verifyElementPropertyValue(getResponse, "offers[8].groups[0].pricingPlans[0].pricingPlanData[0].freeTrialEnabled", "false"): Verify element property value successfully

2023-10-16 14:22:45 - [MESSAGE][PASSED] - Verify element property value successfully

2023-10-16 14:22:45 - [TEST_STEP][PASSED] - verifyElementPropertyValue(getResponse, "offers[8].groups[0].pricingPlans[0].pricingPlanData[0].showIn[0]", "VERTICAL_MODE"): Verify element property value successfully

2023-10-16 14:22:45 - [MESSAGE][PASSED] - Verify element property value successfully

2023-10-16 14:22:45 - [TEST_STEP][PASSED] - verifyElementPropertyValue(getResponse, "offers[8].groups[0].pricingPlans[0].pricingPlanData[0].showIn[1]", "HORIZONTAL_MODE"): Verify element property value successfully

2023-10-16 14:22:45 - [MESSAGE][PASSED] - Verify element property value successfully

2023-10-16 14:22:45 - [TEST_STEP][PASSED] - verifyElementPropertyValue(getResponse, "offers[8].groups[0].pricingPlans[0].pricingPlanData[0].priceLabel", "3500"): Verify element property value successfully

2023-10-16 14:22:45 - [MESSAGE][PASSED] - Verify element property value successfully

2023-10-16 14:22:45 - [TEST_STEP][PASSED] - verifyElementPropertyValue(getResponse, "offers[8].groups[0].pricingPlans[0].pricingPlanData[0].currencyLabel", "IQD"): Verify element property value successfully

2023-10-16 14:22:45 - [MESSAGE][PASSED] - Verify element property value successfully

2023-10-16 14:22:45 - [TEST_STEP][PASSED] - verifyElementPropertyValue(getResponse, "offers[8].groups[0].pricingPlans[0].pricingPlanData[0].dealId", "BYG_30P_IRQ"): Verify element property value successfully

2023-10-16 14:22:45 - [MESSAGE][PASSED] - Verify element property value successfully

2023-10-16 14:22:45 - [TEST_STEP][PASSED] - verifyElementPropertyValue(getResponse, "offers[8].groups[0].pricingPlans[0].pricingPlanData[0].allowedForAcquisition", "true"): Verify element property value successfully

2023-10-16 14:22:45 - [MESSAGE][PASSED] - Verify element property value successfully

2023-10-16 14:22:45 - [TEST_STEP][PASSED] - verifyElementPropertyValue(getResponse, "offers[8].groups[0].pricingPlans[0].pricingPlanData[0].visualElements[0].key", "title"): Verify element property value successfully

2023-10-16 14:22:45 - [MESSAGE][PASSED] - Verify element property value successfully

2023-10-16 14:22:45 - [TEST_STEP][PASSED] - verifyElementPropertyValue(getResponse, "offers[8].groups[0].pricingPlans[0].pricingPlanData[0].visualElements[0].value", "Carte de crédit/débit"): Verify element property value successfully

2023-10-16 14:22:45 - [MESSAGE][PASSED] - Verify element property value successfully

2023-10-16 14:22:45 - [TEST_STEP][PASSED] - verifyElementPropertyValue(getResponse, "offers[8].groups[0].pricingPlans[0].pricingPlanData[0].visualElements[1].key", "CTA_text"): Verify element property value successfully

2023-10-16 14:22:45 - [MESSAGE][PASSED] - Verify element property value successfully

2023-10-16 14:22:45 - [TEST_STEP][PASSED] - verifyElementPropertyValue(getResponse, "offers[8].groups[0].pricingPlans[0].pricingPlanData[0].visualElements[1].value", "S’abonner"): Verify element property value successfully

2023-10-16 14:22:45 - [MESSAGE][PASSED] - Verify element property value successfully

2023-10-16 14:22:45 - [TEST_STEP][PASSED] - verifyElementPropertyValue(getResponse, "offers[8].groups[0].pricingPlans[0].pricingPlanData[0].visualElements[2].key", "logo"): Verify element property value successfully

2023-10-16 14:22:45 - [MESSAGE][PASSED] - Verify element property value successfully

2023-10-16 14:22:45 - [TEST_STEP][PASSED] - verifyElementPropertyValue(getResponse, "offers[8].groups[0].pricingPlans[0].pricingPlanData[0].visualElements[2].value", "https://static.s3.shahid.mbc.net/widget-images/icons/iconCreditCard.png"): Verify element property value successfully

2023-10-16 14:22:45 - [MESSAGE][PASSED] - Verify element property value successfully

2023-10-16 14:22:45 - [TEST_STEP][PASSED] - verifyElementPropertyValue(getResponse, "offers[9].offerId", "byg-40-offer"): Verify element property value successfully

2023-10-16 14:22:45 - [MESSAGE][PASSED] - Verify element property value successfully

2023-10-16 14:22:45 - [TEST_STEP][PASSED] - verifyElementPropertyValue(getResponse, "offers[9].offerParam", "bygoffer40"): Verify element property value successfully

2023-10-16 14:22:45 - [MESSAGE][PASSED] - Verify element property value successfully

2023-10-16 14:22:45 - [TEST_STEP][PASSED] - verifyElementPropertyValue(getResponse, "offers[9].groups[0].pricingPlans[0].featured", "true"): Verify element property value successfully

2023-10-16 14:22:45 - [MESSAGE][PASSED] - Verify element property value successfully

2023-10-16 14:22:45 - [TEST_STEP][PASSED] - verifyElementPropertyValue(getResponse, "offers[9].groups[0].pricingPlans[0].period", "monthly"): Verify element property value successfully

2023-10-16 14:22:45 - [MESSAGE][PASSED] - Verify element property value successfully

2023-10-16 14:22:45 - [TEST_STEP][PASSED] - verifyElementPropertyValue(getResponse, "offers[9].groups[0].pricingPlans[0].featured", "true"): Verify element property value successfully

2023-10-16 14:22:45 - [MESSAGE][PASSED] - Verify element property value successfully

2023-10-16 14:22:45 - [TEST_STEP][PASSED] - verifyElementPropertyValue(getResponse, "offers[9].groups[0].pricingPlans[0].price", "3000.0"): Verify element property value successfully

2023-10-16 14:22:45 - [MESSAGE][PASSED] - Verify element property value successfully

2023-10-16 14:22:45 - [TEST_STEP][PASSED] - verifyElementPropertyValue(getResponse, "offers[9].groups[0].pricingPlans[0].currency", "IQD"): Verify element property value successfully

2023-10-16 14:22:45 - [MESSAGE][PASSED] - Verify element property value successfully

2023-10-16 14:22:45 - [TEST_STEP][PASSED] - verifyElementPropertyValue(getResponse, "offers[9].groups[0].pricingPlans[0].order", "0"): Verify element property value successfully

2023-10-16 14:22:45 - [MESSAGE][PASSED] - Verify element property value successfully

2023-10-16 14:22:45 - [TEST_STEP][PASSED] - verifyElementPropertyValue(getResponse, "offers[9].groups[0].pricingPlans[0].packageId", "SHAHID_VIP"): Verify element property value successfully

2023-10-16 14:22:45 - [MESSAGE][PASSED] - Verify element property value successfully

2023-10-16 14:22:45 - [TEST_STEP][PASSED] - verifyElementPropertyValue(getResponse, "offers[9].groups[0].pricingPlans[0].catalogId", "VIP"): Verify element property value successfully

2023-10-16 14:22:45 - [MESSAGE][PASSED] - Verify element property value successfully

2023-10-16 14:22:45 - [TEST_STEP][PASSED] - verifyElementPropertyValue(getResponse, "offers[9].groups[0].pricingPlans[0].visualElements[0].key", "Header_1_text"): Verify element property value successfully

2023-10-16 14:22:45 - [MESSAGE][PASSED] - Verify element property value successfully

2023-10-16 14:22:45 - [TEST_STEP][PASSED] - verifyElementPropertyValue(getResponse, "offers[9].groups[0].pricingPlans[0].visualElements[0].value", "Abonnez-vous dès maintenant et profitez de vos programmes sans publicité"): Verify element property value successfully

2023-10-16 14:22:45 - [MESSAGE][PASSED] - Verify element property value successfully

2023-10-16 14:22:45 - [TEST_STEP][PASSED] - verifyElementPropertyValue(getResponse, "offers[9].groups[0].pricingPlans[0].visualElements[1].key", "display_title"): Verify element property value successfully

2023-10-16 14:22:45 - [MESSAGE][PASSED] - Verify element property value successfully

2023-10-16 14:22:45 - [TEST_STEP][PASSED] - verifyElementPropertyValue(getResponse, "offers[9].groups[0].pricingPlans[0].visualElements[1].value", "40% de réduction"): Verify element property value successfully

2023-10-16 14:22:45 - [MESSAGE][PASSED] - Verify element property value successfully

2023-10-16 14:22:45 - [TEST_STEP][PASSED] - verifyElementPropertyValue(getResponse, "offers[9].groups[0].pricingPlans[0].visualElements[3].key", "deduction_text"): Verify element property value successfully

2023-10-16 14:22:45 - [MESSAGE][PASSED] - Verify element property value successfully

2023-10-16 14:22:45 - [TEST_STEP][PASSED] - verifyElementPropertyValue(getResponse, "offers[9].groups[0].pricingPlans[0].visualElements[3].value", "facturation mensuelle"): Verify element property value successfully

2023-10-16 14:22:45 - [MESSAGE][PASSED] - Verify element property value successfully

2023-10-16 14:22:45 - [TEST_STEP][PASSED] - verifyElementPropertyValue(getResponse, "offers[9].groups[0].pricingPlans[0].visualElements[6].key", "show_payment_logo"): Verify element property value successfully

2023-10-16 14:22:45 - [MESSAGE][PASSED] - Verify element property value successfully

2023-10-16 14:22:45 - [TEST_STEP][PASSED] - verifyElementPropertyValue(getResponse, "offers[9].groups[0].pricingPlans[0].visualElements[6].value", "true"): Verify element property value successfully

2023-10-16 14:22:45 - [MESSAGE][PASSED] - Verify element property value successfully

2023-10-16 14:22:45 - [TEST_STEP][PASSED] - verifyElementPropertyValue(getResponse, "offers[9].groups[0].pricingPlans[0].visualElements[8].key", "price"): Verify element property value successfully

2023-10-16 14:22:45 - [MESSAGE][PASSED] - Verify element property value successfully

2023-10-16 14:22:45 - [TEST_STEP][PASSED] - verifyElementPropertyValue(getResponse, "offers[9].groups[0].pricingPlans[0].visualElements[8].value", "3000"): Verify element property value successfully

2023-10-16 14:22:45 - [MESSAGE][PASSED] - Verify element property value successfully

2023-10-16 14:22:45 - [TEST_STEP][PASSED] - verifyElementPropertyValue(getResponse, "offers[9].groups[0].pricingPlans[0].visualElements[9].key", "currency"): Verify element property value successfully

2023-10-16 14:22:45 - [MESSAGE][PASSED] - Verify element property value successfully

2023-10-16 14:22:45 - [TEST_STEP][PASSED] - verifyElementPropertyValue(getResponse, "offers[9].groups[0].pricingPlans[0].visualElements[9].value", "IQD"): Verify element property value successfully

2023-10-16 14:22:45 - [MESSAGE][PASSED] - Verify element property value successfully

2023-10-16 14:22:45 - [TEST_STEP][PASSED] - verifyElementPropertyValue(getResponse, "offers[9].groups[0].pricingPlans[0].visualElements[10].key", "duration"): Verify element property value successfully

2023-10-16 14:22:45 - [MESSAGE][PASSED] - Verify element property value successfully

2023-10-16 14:22:45 - [TEST_STEP][PASSED] - verifyElementPropertyValue(getResponse, "offers[9].groups[0].pricingPlans[0].visualElements[10].value", "Mensuel"): Verify element property value successfully

2023-10-16 14:22:45 - [MESSAGE][PASSED] - Verify element property value successfully

2023-10-16 14:22:45 - [TEST_STEP][PASSED] - verifyElementPropertyValue(getResponse, "offers[9].groups[0].pricingPlans[0].visualElements[11].key", "featured_tag_text"): Verify element property value successfully

2023-10-16 14:22:45 - [MESSAGE][PASSED] - Verify element property value successfully

2023-10-16 14:22:45 - [TEST_STEP][PASSED] - verifyElementPropertyValue(getResponse, "offers[9].groups[0].pricingPlans[0].visualElements[11].value", "Offre limitée"): Verify element property value successfully

2023-10-16 14:22:45 - [MESSAGE][PASSED] - Verify element property value successfully

2023-10-16 14:22:45 - [TEST_STEP][PASSED] - verifyElementPropertyValue(getResponse, "offers[9].groups[0].pricingPlans[0].visualElements[13].key", "tag_text"): Verify element property value successfully

2023-10-16 14:22:45 - [MESSAGE][PASSED] - Verify element property value successfully

2023-10-16 14:22:45 - [TEST_STEP][PASSED] - verifyElementPropertyValue(getResponse, "offers[9].groups[0].pricingPlans[0].visualElements[13].value", "Économisez 40% "): Verify element property value successfully

2023-10-16 14:22:45 - [MESSAGE][PASSED] - Verify element property value successfully

2023-10-16 14:22:45 - [TEST_STEP][PASSED] - verifyElementPropertyValue(getResponse, "offers[9].groups[0].pricingPlans[0].visualElements[12].key", "show_tag"): Verify element property value successfully

2023-10-16 14:22:45 - [MESSAGE][PASSED] - Verify element property value successfully

2023-10-16 14:22:45 - [TEST_STEP][PASSED] - verifyElementPropertyValue(getResponse, "offers[9].groups[0].pricingPlans[0].visualElements[12].value", "true"): Verify element property value successfully

2023-10-16 14:22:45 - [MESSAGE][PASSED] - Verify element property value successfully

2023-10-16 14:22:45 - [TEST_STEP][PASSED] - verifyElementPropertyValue(getResponse, "offers[9].groups[0].pricingPlans[0].pricingPlanData[0].productId", "IRQ_B2C_SHAHID_VIP_1M"): Verify element property value successfully

2023-10-16 14:22:45 - [MESSAGE][PASSED] - Verify element property value successfully

2023-10-16 14:22:45 - [TEST_STEP][PASSED] - verifyElementPropertyValue(getResponse, "offers[9].groups[0].pricingPlans[0].pricingPlanData[0].paymentMethod", "CREDIT_CARD"): Verify element property value successfully

2023-10-16 14:22:45 - [MESSAGE][PASSED] - Verify element property value successfully

2023-10-16 14:22:45 - [TEST_STEP][PASSED] - verifyElementPropertyValue(getResponse, "offers[9].groups[0].pricingPlans[0].pricingPlanData[0].freeTrialEnabled", "false"): Verify element property value successfully

2023-10-16 14:22:45 - [MESSAGE][PASSED] - Verify element property value successfully

2023-10-16 14:22:45 - [TEST_STEP][PASSED] - verifyElementPropertyValue(getResponse, "offers[9].groups[0].pricingPlans[0].pricingPlanData[0].showIn[0]", "VERTICAL_MODE"): Verify element property value successfully

2023-10-16 14:22:45 - [MESSAGE][PASSED] - Verify element property value successfully

2023-10-16 14:22:45 - [TEST_STEP][PASSED] - verifyElementPropertyValue(getResponse, "offers[9].groups[0].pricingPlans[0].pricingPlanData[0].showIn[1]", "HORIZONTAL_MODE"): Verify element property value successfully

2023-10-16 14:22:45 - [MESSAGE][PASSED] - Verify element property value successfully

2023-10-16 14:22:45 - [TEST_STEP][PASSED] - verifyElementPropertyValue(getResponse, "offers[9].groups[0].pricingPlans[0].pricingPlanData[0].priceLabel", "3000"): Verify element property value successfully

2023-10-16 14:22:45 - [MESSAGE][PASSED] - Verify element property value successfully

2023-10-16 14:22:45 - [TEST_STEP][PASSED] - verifyElementPropertyValue(getResponse, "offers[9].groups[0].pricingPlans[0].pricingPlanData[0].currencyLabel", "IQD"): Verify element property value successfully

2023-10-16 14:22:45 - [MESSAGE][PASSED] - Verify element property value successfully

2023-10-16 14:22:45 - [TEST_STEP][PASSED] - verifyElementPropertyValue(getResponse, "offers[9].groups[0].pricingPlans[0].pricingPlanData[0].dealId", "BYG_40P_IRQ"): Verify element property value successfully

2023-10-16 14:22:45 - [MESSAGE][PASSED] - Verify element property value successfully

2023-10-16 14:22:45 - [TEST_STEP][PASSED] - verifyElementPropertyValue(getResponse, "offers[9].groups[0].pricingPlans[0].pricingPlanData[0].allowedForAcquisition", "true"): Verify element property value successfully

2023-10-16 14:22:45 - [MESSAGE][PASSED] - Verify element property value successfully

2023-10-16 14:22:45 - [TEST_STEP][PASSED] - verifyElementPropertyValue(getResponse, "offers[9].groups[0].pricingPlans[0].pricingPlanData[0].visualElements[0].key", "title"): Verify element property value successfully

2023-10-16 14:22:45 - [MESSAGE][PASSED] - Verify element property value successfully

2023-10-16 14:22:45 - [TEST_STEP][PASSED] - verifyElementPropertyValue(getResponse, "offers[9].groups[0].pricingPlans[0].pricingPlanData[0].visualElements[0].value", "Carte de crédit/débit"): Verify element property value successfully

2023-10-16 14:22:45 - [MESSAGE][PASSED] - Verify element property value successfully

2023-10-16 14:22:45 - [TEST_STEP][PASSED] - verifyElementPropertyValue(getResponse, "offers[9].groups[0].pricingPlans[0].pricingPlanData[0].visualElements[1].key", "CTA_text"): Verify element property value successfully

2023-10-16 14:22:45 - [MESSAGE][PASSED] - Verify element property value successfully

2023-10-16 14:22:45 - [TEST_STEP][PASSED] - verifyElementPropertyValue(getResponse, "offers[9].groups[0].pricingPlans[0].pricingPlanData[0].visualElements[1].value", "S’abonner"): Verify element property value successfully

2023-10-16 14:22:45 - [MESSAGE][PASSED] - Verify element property value successfully

2023-10-16 14:22:45 - [TEST_STEP][PASSED] - verifyElementPropertyValue(getResponse, "offers[9].groups[0].pricingPlans[0].pricingPlanData[0].visualElements[2].key", "logo"): Verify element property value successfully

2023-10-16 14:22:45 - [MESSAGE][PASSED] - Verify element property value successfully

2023-10-16 14:22:45 - [TEST_STEP][PASSED] - verifyElementPropertyValue(getResponse, "offers[9].groups[0].pricingPlans[0].pricingPlanData[0].visualElements[2].value", "https://static.s3.shahid.mbc.net/widget-images/icons/iconCreditCard.png"): Verify element property value successfully

2023-10-16 14:22:45 - [MESSAGE][PASSED] - Verify element property value successfully

2023-10-16 14:22:45 - [TEST_STEP][PASSED] - verifyElementPropertyValue(getResponse, "offers[10].offerId", "byg-50-offer"): Verify element property value successfully

2023-10-16 14:22:45 - [MESSAGE][PASSED] - Verify element property value successfully

2023-10-16 14:22:45 - [TEST_STEP][PASSED] - verifyElementPropertyValue(getResponse, "offers[10].offerParam", "bygoffer50"): Verify element property value successfully

2023-10-16 14:22:45 - [MESSAGE][PASSED] - Verify element property value successfully

2023-10-16 14:22:45 - [TEST_STEP][PASSED] - verifyElementPropertyValue(getResponse, "offers[10].groups[0].pricingPlans[0].featured", "true"): Verify element property value successfully

2023-10-16 14:22:45 - [MESSAGE][PASSED] - Verify element property value successfully

2023-10-16 14:22:45 - [TEST_STEP][PASSED] - verifyElementPropertyValue(getResponse, "offers[10].groups[0].pricingPlans[0].period", "monthly"): Verify element property value successfully

2023-10-16 14:22:45 - [MESSAGE][PASSED] - Verify element property value successfully

2023-10-16 14:22:45 - [TEST_STEP][PASSED] - verifyElementPropertyValue(getResponse, "offers[10].groups[0].pricingPlans[0].featured", "true"): Verify element property value successfully

2023-10-16 14:22:45 - [MESSAGE][PASSED] - Verify element property value successfully

2023-10-16 14:22:45 - [TEST_STEP][PASSED] - verifyElementPropertyValue(getResponse, "offers[10].groups[0].pricingPlans[0].price", "2500.0"): Verify element property value successfully

2023-10-16 14:22:45 - [MESSAGE][PASSED] - Verify element property value successfully

2023-10-16 14:22:45 - [TEST_STEP][PASSED] - verifyElementPropertyValue(getResponse, "offers[10].groups[0].pricingPlans[0].currency", "IQD"): Verify element property value successfully

2023-10-16 14:22:45 - [MESSAGE][PASSED] - Verify element property value successfully

2023-10-16 14:22:45 - [TEST_STEP][PASSED] - verifyElementPropertyValue(getResponse, "offers[10].groups[0].pricingPlans[0].order", "0"): Verify element property value successfully

2023-10-16 14:22:45 - [MESSAGE][PASSED] - Verify element property value successfully

2023-10-16 14:22:45 - [TEST_STEP][PASSED] - verifyElementPropertyValue(getResponse, "offers[10].groups[0].pricingPlans[0].packageId", "SHAHID_VIP"): Verify element property value successfully

2023-10-16 14:22:45 - [MESSAGE][PASSED] - Verify element property value successfully

2023-10-16 14:22:45 - [TEST_STEP][PASSED] - verifyElementPropertyValue(getResponse, "offers[10].groups[0].pricingPlans[0].catalogId", "VIP"): Verify element property value successfully

2023-10-16 14:22:45 - [MESSAGE][PASSED] - Verify element property value successfully

2023-10-16 14:22:45 - [TEST_STEP][PASSED] - verifyElementPropertyValue(getResponse, "offers[10].groups[0].pricingPlans[0].visualElements[0].key", "Header_1_text"): Verify element property value successfully

2023-10-16 14:22:45 - [MESSAGE][PASSED] - Verify element property value successfully

2023-10-16 14:22:45 - [TEST_STEP][PASSED] - verifyElementPropertyValue(getResponse, "offers[10].groups[0].pricingPlans[0].visualElements[0].value", "Abonnez-vous dès maintenant et profitez de vos programmes sans publicité"): Verify element property value successfully

2023-10-16 14:22:45 - [MESSAGE][PASSED] - Verify element property value successfully

2023-10-16 14:22:45 - [TEST_STEP][PASSED] - verifyElementPropertyValue(getResponse, "offers[10].groups[0].pricingPlans[0].visualElements[1].key", "display_title"): Verify element property value successfully

2023-10-16 14:22:45 - [MESSAGE][PASSED] - Verify element property value successfully

2023-10-16 14:22:45 - [TEST_STEP][PASSED] - verifyElementPropertyValue(getResponse, "offers[10].groups[0].pricingPlans[0].visualElements[1].value", "50% de réduction"): Verify element property value successfully

2023-10-16 14:22:45 - [MESSAGE][PASSED] - Verify element property value successfully

2023-10-16 14:22:45 - [TEST_STEP][PASSED] - verifyElementPropertyValue(getResponse, "offers[10].groups[0].pricingPlans[0].visualElements[3].key", "deduction_text"): Verify element property value successfully

2023-10-16 14:22:45 - [MESSAGE][PASSED] - Verify element property value successfully

2023-10-16 14:22:45 - [TEST_STEP][PASSED] - verifyElementPropertyValue(getResponse, "offers[10].groups[0].pricingPlans[0].visualElements[3].value", "facturation mensuelle"): Verify element property value successfully

2023-10-16 14:22:45 - [MESSAGE][PASSED] - Verify element property value successfully

2023-10-16 14:22:45 - [TEST_STEP][PASSED] - verifyElementPropertyValue(getResponse, "offers[10].groups[0].pricingPlans[0].visualElements[6].key", "show_payment_logo"): Verify element property value successfully

2023-10-16 14:22:45 - [MESSAGE][PASSED] - Verify element property value successfully

2023-10-16 14:22:45 - [TEST_STEP][PASSED] - verifyElementPropertyValue(getResponse, "offers[10].groups[0].pricingPlans[0].visualElements[6].value", "true"): Verify element property value successfully

2023-10-16 14:22:45 - [MESSAGE][PASSED] - Verify element property value successfully

2023-10-16 14:22:45 - [TEST_STEP][PASSED] - verifyElementPropertyValue(getResponse, "offers[10].groups[0].pricingPlans[0].visualElements[8].key", "price"): Verify element property value successfully

2023-10-16 14:22:45 - [MESSAGE][PASSED] - Verify element property value successfully

2023-10-16 14:22:45 - [TEST_STEP][PASSED] - verifyElementPropertyValue(getResponse, "offers[10].groups[0].pricingPlans[0].visualElements[8].value", "2500"): Verify element property value successfully

2023-10-16 14:22:45 - [MESSAGE][PASSED] - Verify element property value successfully

2023-10-16 14:22:45 - [TEST_STEP][PASSED] - verifyElementPropertyValue(getResponse, "offers[10].groups[0].pricingPlans[0].visualElements[9].key", "currency"): Verify element property value successfully

2023-10-16 14:22:45 - [MESSAGE][PASSED] - Verify element property value successfully

2023-10-16 14:22:45 - [TEST_STEP][PASSED] - verifyElementPropertyValue(getResponse, "offers[10].groups[0].pricingPlans[0].visualElements[9].value", "IQD"): Verify element property value successfully

2023-10-16 14:22:45 - [MESSAGE][PASSED] - Verify element property value successfully

2023-10-16 14:22:45 - [TEST_STEP][PASSED] - verifyElementPropertyValue(getResponse, "offers[10].groups[0].pricingPlans[0].visualElements[10].key", "duration"): Verify element property value successfully

2023-10-16 14:22:45 - [MESSAGE][PASSED] - Verify element property value successfully

2023-10-16 14:22:45 - [TEST_STEP][PASSED] - verifyElementPropertyValue(getResponse, "offers[10].groups[0].pricingPlans[0].visualElements[10].value", "Mensuel"): Verify element property value successfully

2023-10-16 14:22:45 - [MESSAGE][PASSED] - Verify element property value successfully

2023-10-16 14:22:45 - [TEST_STEP][PASSED] - verifyElementPropertyValue(getResponse, "offers[10].groups[0].pricingPlans[0].visualElements[11].key", "featured_tag_text"): Verify element property value successfully

2023-10-16 14:22:45 - [MESSAGE][PASSED] - Verify element property value successfully

2023-10-16 14:22:45 - [TEST_STEP][PASSED] - verifyElementPropertyValue(getResponse, "offers[10].groups[0].pricingPlans[0].visualElements[11].value", "Offre limitée"): Verify element property value successfully

2023-10-16 14:22:45 - [MESSAGE][PASSED] - Verify element property value successfully

2023-10-16 14:22:45 - [TEST_STEP][PASSED] - verifyElementPropertyValue(getResponse, "offers[10].groups[0].pricingPlans[0].visualElements[13].key", "tag_text"): Verify element property value successfully

2023-10-16 14:22:45 - [MESSAGE][PASSED] - Verify element property value successfully

2023-10-16 14:22:45 - [TEST_STEP][PASSED] - verifyElementPropertyValue(getResponse, "offers[10].groups[0].pricingPlans[0].visualElements[13].value", "Économisez 50% "): Verify element property value successfully

2023-10-16 14:22:45 - [MESSAGE][PASSED] - Verify element property value successfully

2023-10-16 14:22:45 - [TEST_STEP][PASSED] - verifyElementPropertyValue(getResponse, "offers[10].groups[0].pricingPlans[0].visualElements[12].key", "show_tag"): Verify element property value successfully

2023-10-16 14:22:45 - [MESSAGE][PASSED] - Verify element property value successfully

2023-10-16 14:22:45 - [TEST_STEP][PASSED] - verifyElementPropertyValue(getResponse, "offers[10].groups[0].pricingPlans[0].visualElements[12].value", "true"): Verify element property value successfully

2023-10-16 14:22:46 - [MESSAGE][PASSED] - Verify element property value successfully

2023-10-16 14:22:46 - [TEST_STEP][PASSED] - verifyElementPropertyValue(getResponse, "offers[10].groups[0].pricingPlans[0].pricingPlanData[0].productId", "IRQ_B2C_SHAHID_VIP_1M"): Verify element property value successfully

2023-10-16 14:22:46 - [MESSAGE][PASSED] - Verify element property value successfully

2023-10-16 14:22:46 - [TEST_STEP][PASSED] - verifyElementPropertyValue(getResponse, "offers[10].groups[0].pricingPlans[0].pricingPlanData[0].paymentMethod", "CREDIT_CARD"): Verify element property value successfully

2023-10-16 14:22:46 - [MESSAGE][PASSED] - Verify element property value successfully

2023-10-16 14:22:46 - [TEST_STEP][PASSED] - verifyElementPropertyValue(getResponse, "offers[10].groups[0].pricingPlans[0].pricingPlanData[0].freeTrialEnabled", "false"): Verify element property value successfully

2023-10-16 14:22:46 - [MESSAGE][PASSED] - Verify element property value successfully

2023-10-16 14:22:46 - [TEST_STEP][PASSED] - verifyElementPropertyValue(getResponse, "offers[10].groups[0].pricingPlans[0].pricingPlanData[0].showIn[0]", "VERTICAL_MODE"): Verify element property value successfully

2023-10-16 14:22:46 - [MESSAGE][PASSED] - Verify element property value successfully

2023-10-16 14:22:46 - [TEST_STEP][PASSED] - verifyElementPropertyValue(getResponse, "offers[10].groups[0].pricingPlans[0].pricingPlanData[0].showIn[1]", "HORIZONTAL_MODE"): Verify element property value successfully

2023-10-16 14:22:46 - [MESSAGE][PASSED] - Verify element property value successfully

2023-10-16 14:22:46 - [TEST_STEP][PASSED] - verifyElementPropertyValue(getResponse, "offers[10].groups[0].pricingPlans[0].pricingPlanData[0].priceLabel", "2500"): Verify element property value successfully

2023-10-16 14:22:46 - [MESSAGE][PASSED] - Verify element property value successfully

2023-10-16 14:22:46 - [TEST_STEP][PASSED] - verifyElementPropertyValue(getResponse, "offers[10].groups[0].pricingPlans[0].pricingPlanData[0].currencyLabel", "IQD"): Verify element property value successfully

2023-10-16 14:22:46 - [MESSAGE][PASSED] - Verify element property value successfully

2023-10-16 14:22:46 - [TEST_STEP][PASSED] - verifyElementPropertyValue(getResponse, "offers[10].groups[0].pricingPlans[0].pricingPlanData[0].dealId", "BYG_50P_IRQ"): Verify element property value successfully

2023-10-16 14:22:46 - [MESSAGE][PASSED] - Verify element property value successfully

2023-10-16 14:22:46 - [TEST_STEP][PASSED] - verifyElementPropertyValue(getResponse, "offers[10].groups[0].pricingPlans[0].pricingPlanData[0].allowedForAcquisition", "true"): Verify element property value successfully

2023-10-16 14:22:46 - [MESSAGE][PASSED] - Verify element property value successfully

2023-10-16 14:22:46 - [TEST_STEP][PASSED] - verifyElementPropertyValue(getResponse, "offers[10].groups[0].pricingPlans[0].pricingPlanData[0].visualElements[0].key", "title"): Verify element property value successfully

2023-10-16 14:22:46 - [MESSAGE][PASSED] - Verify element property value successfully

2023-10-16 14:22:46 - [TEST_STEP][PASSED] - verifyElementPropertyValue(getResponse, "offers[10].groups[0].pricingPlans[0].pricingPlanData[0].visualElements[0].value", "Carte de crédit/débit"): Verify element property value successfully

2023-10-16 14:22:46 - [MESSAGE][PASSED] - Verify element property value successfully

2023-10-16 14:22:46 - [TEST_STEP][PASSED] - verifyElementPropertyValue(getResponse, "offers[10].groups[0].pricingPlans[0].pricingPlanData[0].visualElements[1].key", "CTA_text"): Verify element property value successfully

2023-10-16 14:22:46 - [MESSAGE][PASSED] - Verify element property value successfully

2023-10-16 14:22:46 - [TEST_STEP][PASSED] - verifyElementPropertyValue(getResponse, "offers[10].groups[0].pricingPlans[0].pricingPlanData[0].visualElements[1].value", "S’abonner"): Verify element property value successfully

2023-10-16 14:22:46 - [MESSAGE][PASSED] - Verify element property value successfully

2023-10-16 14:22:46 - [TEST_STEP][PASSED] - verifyElementPropertyValue(getResponse, "offers[10].groups[0].pricingPlans[0].pricingPlanData[0].visualElements[2].key", "logo"): Verify element property value successfully

2023-10-16 14:22:46 - [MESSAGE][PASSED] - Verify element property value successfully

2023-10-16 14:22:46 - [TEST_STEP][PASSED] - verifyElementPropertyValue(getResponse, "offers[10].groups[0].pricingPlans[0].pricingPlanData[0].visualElements[2].value", "https://static.s3.shahid.mbc.net/widget-images/icons/iconCreditCard.png"): Verify element property value successfully

2023-10-16 14:22:46 - [MESSAGE][PASSED] - Verify element property value successfully]]></system-out>
         <system-err><![CDATA[2023-10-16 14:22:42 - [TEST_CASE][FAILED] - Test Cases/WEB - CHROME/IRQ PI/WEB_FR_getOffersForIRQ_VIP: Test Cases/WEB - CHROME/IRQ PI/WEB_FR_getOffersForIRQ_VIP FAILED.
Reason:
com.kms.katalon.core.exception.StepFailedException: Expected element property value 'S’abonner' is not equal with actual property value 'S'abonner'
	at com.kms.katalon.core.keyword.internal.KeywordMain.stepFailed(KeywordMain.groovy:39)
	at com.kms.katalon.core.webservice.keyword.builtin.VerifyElementPropertyValueKeyword$_verifyElementPropertyValue_closure1.doCall(VerifyElementPropertyValueKeyword.groovy:56)
	at com.kms.katalon.core.webservice.keyword.builtin.VerifyElementPropertyValueKeyword$_verifyElementPropertyValue_closure1.call(VerifyElementPropertyValueKeyword.groovy)
	at com.kms.katalon.core.keyword.internal.KeywordMain.runKeyword(KeywordMain.groovy:75)
	at com.kms.katalon.core.webservice.keyword.builtin.VerifyElementPropertyValueKeyword.verifyElementPropertyValue(VerifyElementPropertyValueKeyword.groovy:48)
	at com.kms.katalon.core.webservice.keyword.builtin.VerifyElementPropertyValueKeyword.execute(VerifyElementPropertyValueKeyword.groovy:43)
	at com.kms.katalon.core.keyword.internal.KeywordExecutor.executeKeywordForPlatform(KeywordExecutor.groovy:74)
	at com.kms.katalon.core.webservice.keyword.WSBuiltInKeywords.verifyElementPropertyValue(WSBuiltInKeywords.groovy:190)
	at com.kms.katalon.core.webservice.keyword.WSBuiltInKeywords$verifyElementPropertyValue$1.call(Unknown Source)
	at WEB_FR_getOffersForIRQ_VIP.run(WEB_FR_getOffersForIRQ_VIP:79)
	at com.kms.katalon.core.main.ScriptEngine.run(ScriptEngine.java:194)
	at com.kms.katalon.core.main.ScriptEngine.runScriptAsRawText(ScriptEngine.java:119)
	at com.kms.katalon.core.main.TestCaseExecutor.runScript(TestCaseExecutor.java:448)
	at com.kms.katalon.core.main.TestCaseExecutor.doExecute(TestCaseExecutor.java:439)
	at com.kms.katalon.core.main.TestCaseExecutor.processExecutionPhase(TestCaseExecutor.java:418)
	at com.kms.katalon.core.main.TestCaseExecutor.accessMainPhase(TestCaseExecutor.java:410)
	at com.kms.katalon.core.main.TestCaseExecutor.execute(TestCaseExecutor.java:285)
	at com.kms.katalon.core.common.CommonExecutor.accessTestCaseMainPhase(CommonExecutor.java:65)
	at com.kms.katalon.core.main.TestSuiteExecutor.accessTestSuiteMainPhase(TestSuiteExecutor.java:148)
	at com.kms.katalon.core.main.TestSuiteExecutor.execute(TestSuiteExecutor.java:106)
	at com.kms.katalon.core.main.TestCaseMain.startTestSuite(TestCaseMain.java:187)
	at com.kms.katalon.core.main.TestCaseMain$startTestSuite$0.call(Unknown Source)
	at TempTestSuite1697454227045.run(TempTestSuite1697454227045.groovy:36)]]></system-err>
      </testcase>
      <system-out><![CDATA[2023-10-16 14:22:04 - [TEST_SUITE][FAILED] - IRQ: Test Cases/WEB - CHROME/IRQ PI/WEB_AR_getSubscriptionConfigForIRQ_GEA FAILED.
Reason:
com.kms.katalon.core.exception.StepFailedException: Expected element property value ' الأكثر مبيعاً' is not equal with actual property value ' الأكثر مبيعاً'
	at com.kms.katalon.core.keyword.internal.KeywordMain.stepFailed(KeywordMain.groovy:39)
	at com.kms.katalon.core.webservice.keyword.builtin.VerifyElementPropertyValueKeyword$_verifyElementPropertyValue_closure1.doCall(VerifyElementPropertyValueKeyword.groovy:56)
	at com.kms.katalon.core.webservice.keyword.builtin.VerifyElementPropertyValueKeyword$_verifyElementPropertyValue_closure1.call(VerifyElementPropertyValueKeyword.groovy)
	at com.kms.katalon.core.keyword.internal.KeywordMain.runKeyword(KeywordMain.groovy:75)
	at com.kms.katalon.core.webservice.keyword.builtin.VerifyElementPropertyValueKeyword.verifyElementPropertyValue(VerifyElementPropertyValueKeyword.groovy:48)
	at com.kms.katalon.core.webservice.keyword.builtin.VerifyElementPropertyValueKeyword.execute(VerifyElementPropertyValueKeyword.groovy:43)
	at com.kms.katalon.core.keyword.internal.KeywordExecutor.executeKeywordForPlatform(KeywordExecutor.groovy:74)
	at com.kms.katalon.core.webservice.keyword.WSBuiltInKeywords.verifyElementPropertyValue(WSBuiltInKeywords.groovy:190)
	at com.kms.katalon.core.webservice.keyword.WSBuiltInKeywords$verifyElementPropertyValue$1.call(Unknown Source)
	at WEB_AR_getSubscriptionConfigForIRQ_GEA.run(WEB_AR_getSubscriptionConfigForIRQ_GEA:68)
	at com.kms.katalon.core.main.ScriptEngine.run(ScriptEngine.java:194)
	at com.kms.katalon.core.main.ScriptEngine.runScriptAsRawText(ScriptEngine.java:119)
	at com.kms.katalon.core.main.TestCaseExecutor.runScript(TestCaseExecutor.java:448)
	at com.kms.katalon.core.main.TestCaseExecutor.doExecute(TestCaseExecutor.java:439)
	at com.kms.katalon.core.main.TestCaseExecutor.processExecutionPhase(TestCaseExecutor.java:418)
	at com.kms.katalon.core.main.TestCaseExecutor.accessMainPhase(TestCaseExecutor.java:410)
	at com.kms.katalon.core.main.TestCaseExecutor.execute(TestCaseExecutor.java:285)
	at com.kms.katalon.core.common.CommonExecutor.accessTestCaseMainPhase(CommonExecutor.java:65)
	at com.kms.katalon.core.main.TestSuiteExecutor.accessTestSuiteMainPhase(TestSuiteExecutor.java:148)
	at com.kms.katalon.core.main.TestSuiteExecutor.execute(TestSuiteExecutor.java:106)
	at com.kms.katalon.core.main.TestCaseMain.startTestSuite(TestCaseMain.java:187)
	at com.kms.katalon.core.main.TestCaseMain$startTestSuite$0.call(Unknown Source)
	at TempTestSuite1697454227045.run(TempTestSuite1697454227045.groovy:36)]]></system-out>
      <system-err><![CDATA[2023-10-16 14:22:04 - [TEST_SUITE][FAILED] - IRQ: Test Cases/WEB - CHROME/IRQ PI/WEB_AR_getSubscriptionConfigForIRQ_GEA FAILED.
Reason:
com.kms.katalon.core.exception.StepFailedException: Expected element property value ' الأكثر مبيعاً' is not equal with actual property value ' الأكثر مبيعاً'
	at com.kms.katalon.core.keyword.internal.KeywordMain.stepFailed(KeywordMain.groovy:39)
	at com.kms.katalon.core.webservice.keyword.builtin.VerifyElementPropertyValueKeyword$_verifyElementPropertyValue_closure1.doCall(VerifyElementPropertyValueKeyword.groovy:56)
	at com.kms.katalon.core.webservice.keyword.builtin.VerifyElementPropertyValueKeyword$_verifyElementPropertyValue_closure1.call(VerifyElementPropertyValueKeyword.groovy)
	at com.kms.katalon.core.keyword.internal.KeywordMain.runKeyword(KeywordMain.groovy:75)
	at com.kms.katalon.core.webservice.keyword.builtin.VerifyElementPropertyValueKeyword.verifyElementPropertyValue(VerifyElementPropertyValueKeyword.groovy:48)
	at com.kms.katalon.core.webservice.keyword.builtin.VerifyElementPropertyValueKeyword.execute(VerifyElementPropertyValueKeyword.groovy:43)
	at com.kms.katalon.core.keyword.internal.KeywordExecutor.executeKeywordForPlatform(KeywordExecutor.groovy:74)
	at com.kms.katalon.core.webservice.keyword.WSBuiltInKeywords.verifyElementPropertyValue(WSBuiltInKeywords.groovy:190)
	at com.kms.katalon.core.webservice.keyword.WSBuiltInKeywords$verifyElementPropertyValue$1.call(Unknown Source)
	at WEB_AR_getSubscriptionConfigForIRQ_GEA.run(WEB_AR_getSubscriptionConfigForIRQ_GEA:68)
	at com.kms.katalon.core.main.ScriptEngine.run(ScriptEngine.java:194)
	at com.kms.katalon.core.main.ScriptEngine.runScriptAsRawText(ScriptEngine.java:119)
	at com.kms.katalon.core.main.TestCaseExecutor.runScript(TestCaseExecutor.java:448)
	at com.kms.katalon.core.main.TestCaseExecutor.doExecute(TestCaseExecutor.java:439)
	at com.kms.katalon.core.main.TestCaseExecutor.processExecutionPhase(TestCaseExecutor.java:418)
	at com.kms.katalon.core.main.TestCaseExecutor.accessMainPhase(TestCaseExecutor.java:410)
	at com.kms.katalon.core.main.TestCaseExecutor.execute(TestCaseExecutor.java:285)
	at com.kms.katalon.core.common.CommonExecutor.accessTestCaseMainPhase(CommonExecutor.java:65)
	at com.kms.katalon.core.main.TestSuiteExecutor.accessTestSuiteMainPhase(TestSuiteExecutor.java:148)
	at com.kms.katalon.core.main.TestSuiteExecutor.execute(TestSuiteExecutor.java:106)
	at com.kms.katalon.core.main.TestCaseMain.startTestSuite(TestCaseMain.java:187)
	at com.kms.katalon.core.main.TestCaseMain$startTestSuite$0.call(Unknown Source)
	at TempTestSuite1697454227045.run(TempTestSuite1697454227045.groovy:36)]]></system-err>
   </testsuite>
</testsuites>
