<?xml version="1.0" encoding="UTF-8"?>
<testsuites name="DZA" time="36.395" tests="10" failures="5" errors="0">
   <testsuite name="DZA" tests="10" failures="5" errors="0" time="36.395" skipped="0" timestamp="2023-10-16 14:15:45" hostname="admin - 10.109.12.148" id="Test Suites/WEB/DZA">
      <properties>
         <property name="deviceName" value=""/>
         <property name="devicePlatform" value=""/>
         <property name="logFolder" value="/Users/admin/git/shahid-configuration/Reports/20231016_140310/WEB/DZA/20231016_140333"/>
         <property name="logFiles" value="/Users/admin/git/shahid-configuration/Reports/20231016_140310/WEB/DZA/20231016_140333/execution0.log"/>
         <property name="attachments" value=""/>
         <property name="hostName" value="admin - 10.109.12.148"/>
         <property name="hostAddress" value="10.109.12.148"/>
         <property name="os" value="Mac OS X 64bit"/>
         <property name="katalonVersion" value="8.6.6.208"/>
      </properties>
      <testcase name="Test Cases/WEB - CHROME/DZA PI/WEB_FR_getSubscriptionConfigForDZA_Ultimate" time="3.322" classname="Test Cases/WEB - CHROME/DZA PI/WEB_FR_getSubscriptionConfigForDZA_Ultimate" status="PASSED">
         <system-out><![CDATA[2023-10-16 14:15:46 - [TEST_CASE][PASSED] - Test Cases/WEB - CHROME/DZA PI/WEB_FR_getSubscriptionConfigForDZA_Ultimate: Test Cases/WEB - CHROME/DZA PI/WEB_FR_getSubscriptionConfigForDZA_Ultimate

2023-10-16 14:15:46 - [TEST_STEP][PASSED] - getResponse = config_files.getConfigFile.getConfig("WEB", "FR", "SHAHID_VIP_GEA_SPORT", "DZ", "false"): config_files.getConfigFile.getConfig is PASSED

2023-10-16 14:15:47 - [MESSAGE][INFO] - HAR: /Users/admin/git/shahid-configuration/Reports/20231016_140310/WEB/DZA/20231016_140333/requests/main/0.har

2023-10-16 14:15:48 - [MESSAGE][PASSED] - Send request successfully

2023-10-16 14:15:48 - [MESSAGE][PASSED] - config_files.getConfigFile.getConfig is PASSED

2023-10-16 14:15:48 - [TEST_STEP][PASSED] - verifyResponseStatusCode(getResponse, 200): Verify response status code successfully

2023-10-16 14:15:48 - [MESSAGE][PASSED] - Verify response status code successfully

2023-10-16 14:15:48 - [TEST_STEP][PASSED] - verifyElementPropertyValue(getResponse, "country", "DZA"): Verify element property value successfully

2023-10-16 14:15:48 - [MESSAGE][PASSED] - Verify element property value successfully

2023-10-16 14:15:48 - [TEST_STEP][PASSED] - verifyElementPropertyValue(getResponse, "platform", "[WEB]"): Verify element property value successfully

2023-10-16 14:15:48 - [MESSAGE][PASSED] - Verify element property value successfully

2023-10-16 14:15:48 - [TEST_STEP][PASSED] - verifyElementPropertyValue(getResponse, "groups[0].pricingPlans[0].featured", "true"): Verify element property value successfully

2023-10-16 14:15:48 - [MESSAGE][PASSED] - Verify element property value successfully

2023-10-16 14:15:48 - [TEST_STEP][PASSED] - verifyElementPropertyValue(getResponse, "groups[0].pricingPlans[0].packageId", "SHAHID_VIP_GEA_SPORT"): Verify element property value successfully

2023-10-16 14:15:48 - [MESSAGE][PASSED] - Verify element property value successfully

2023-10-16 14:15:48 - [TEST_STEP][PASSED] - verifyElementPropertyValue(getResponse, "groups[0].pricingPlans[0].catalogId", "GEA"): Verify element property value successfully

2023-10-16 14:15:48 - [MESSAGE][PASSED] - Verify element property value successfully

2023-10-16 14:15:48 - [TEST_STEP][PASSED] - verifyElementPropertyValue(getResponse, "groups[0].pricingPlans[0].visualElements[0].key", "Header_1_text"): Verify element property value successfully

2023-10-16 14:15:48 - [MESSAGE][PASSED] - Verify element property value successfully

2023-10-16 14:15:48 - [TEST_STEP][PASSED] - verifyElementPropertyValue(getResponse, "groups[0].pricingPlans[0].visualElements[0].value", "Abonnez-vous dès maintenant et profitez de vos programmes sans publicité"): Verify element property value successfully

2023-10-16 14:15:48 - [MESSAGE][PASSED] - Verify element property value successfully

2023-10-16 14:15:48 - [TEST_STEP][PASSED] - verifyElementPropertyValue(getResponse, "groups[0].pricingPlans[0].visualElements[1].key", "display_title"): Verify element property value successfully

2023-10-16 14:15:48 - [MESSAGE][PASSED] - Verify element property value successfully

2023-10-16 14:15:48 - [TEST_STEP][PASSED] - verifyElementPropertyValue(getResponse, "groups[0].pricingPlans[0].visualElements[1].value", "Plan Mensuel"): Verify element property value successfully

2023-10-16 14:15:48 - [MESSAGE][PASSED] - Verify element property value successfully

2023-10-16 14:15:48 - [TEST_STEP][PASSED] - verifyElementPropertyValue(getResponse, "groups[0].pricingPlans[0].visualElements[3].key", "promo_text"): Verify element property value successfully

2023-10-16 14:15:48 - [MESSAGE][PASSED] - Verify element property value successfully

2023-10-16 14:15:48 - [TEST_STEP][PASSED] - verifyElementPropertyValue(getResponse, "groups[0].pricingPlans[0].visualElements[3].value", "1199 DZD / mois"): Verify element property value successfully

2023-10-16 14:15:48 - [MESSAGE][PASSED] - Verify element property value successfully

2023-10-16 14:15:48 - [TEST_STEP][PASSED] - verifyElementPropertyValue(getResponse, "groups[0].pricingPlans[0].visualElements[4].key", "deduction_text"): Verify element property value successfully

2023-10-16 14:15:48 - [MESSAGE][PASSED] - Verify element property value successfully

2023-10-16 14:15:48 - [TEST_STEP][PASSED] - verifyElementPropertyValue(getResponse, "groups[0].pricingPlans[0].visualElements[4].value", "facturation mensuelle"): Verify element property value successfully

2023-10-16 14:15:48 - [MESSAGE][PASSED] - Verify element property value successfully

2023-10-16 14:15:48 - [TEST_STEP][PASSED] - verifyElementPropertyValue(getResponse, "groups[0].pricingPlans[0].visualElements[7].key", "show_payment_logo"): Verify element property value successfully

2023-10-16 14:15:48 - [MESSAGE][PASSED] - Verify element property value successfully

2023-10-16 14:15:48 - [TEST_STEP][PASSED] - verifyElementPropertyValue(getResponse, "groups[0].pricingPlans[0].visualElements[7].value", "true"): Verify element property value successfully

2023-10-16 14:15:48 - [MESSAGE][PASSED] - Verify element property value successfully

2023-10-16 14:15:48 - [TEST_STEP][PASSED] - verifyElementPropertyValue(getResponse, "groups[0].pricingPlans[0].visualElements[8].key", "show_tag"): Verify element property value successfully

2023-10-16 14:15:48 - [MESSAGE][PASSED] - Verify element property value successfully

2023-10-16 14:15:48 - [TEST_STEP][PASSED] - verifyElementPropertyValue(getResponse, "groups[0].pricingPlans[0].visualElements[8].value", "false"): Verify element property value successfully

2023-10-16 14:15:48 - [MESSAGE][PASSED] - Verify element property value successfully

2023-10-16 14:15:48 - [TEST_STEP][PASSED] - verifyElementPropertyValue(getResponse, "groups[0].pricingPlans[0].visualElements[10].key", "price"): Verify element property value successfully

2023-10-16 14:15:48 - [MESSAGE][PASSED] - Verify element property value successfully

2023-10-16 14:15:48 - [TEST_STEP][PASSED] - verifyElementPropertyValue(getResponse, "groups[0].pricingPlans[0].visualElements[10].value", "1199"): Verify element property value successfully

2023-10-16 14:15:48 - [MESSAGE][PASSED] - Verify element property value successfully

2023-10-16 14:15:48 - [TEST_STEP][PASSED] - verifyElementPropertyValue(getResponse, "groups[0].pricingPlans[0].visualElements[11].key", "currency"): Verify element property value successfully

2023-10-16 14:15:48 - [MESSAGE][PASSED] - Verify element property value successfully

2023-10-16 14:15:48 - [TEST_STEP][PASSED] - verifyElementPropertyValue(getResponse, "groups[0].pricingPlans[0].visualElements[11].value", "DZD"): Verify element property value successfully

2023-10-16 14:15:48 - [MESSAGE][PASSED] - Verify element property value successfully

2023-10-16 14:15:48 - [TEST_STEP][PASSED] - verifyElementPropertyValue(getResponse, "groups[0].pricingPlans[0].visualElements[12].key", "duration"): Verify element property value successfully

2023-10-16 14:15:48 - [MESSAGE][PASSED] - Verify element property value successfully

2023-10-16 14:15:48 - [TEST_STEP][PASSED] - verifyElementPropertyValue(getResponse, "groups[0].pricingPlans[0].visualElements[12].value", "Mensuel"): Verify element property value successfully

2023-10-16 14:15:48 - [MESSAGE][PASSED] - Verify element property value successfully

2023-10-16 14:15:48 - [TEST_STEP][PASSED] - verifyElementPropertyValue(getResponse, "groups[0].pricingPlans[0].visualElements[13].key", "featured_tag_text"): Verify element property value successfully

2023-10-16 14:15:48 - [MESSAGE][PASSED] - Verify element property value successfully

2023-10-16 14:15:48 - [TEST_STEP][PASSED] - verifyElementPropertyValue(getResponse, "groups[0].pricingPlans[0].visualElements[13].value", "Le plus populaire"): Verify element property value successfully

2023-10-16 14:15:48 - [MESSAGE][PASSED] - Verify element property value successfully

2023-10-16 14:15:48 - [TEST_STEP][PASSED] - verifyElementPropertyValue(getResponse, "groups[0].pricingPlans[0].order", "9"): Verify element property value successfully

2023-10-16 14:15:48 - [MESSAGE][PASSED] - Verify element property value successfully

2023-10-16 14:15:48 - [TEST_STEP][PASSED] - verifyElementPropertyValue(getResponse, "groups[0].pricingPlans[0].period", "monthly"): Verify element property value successfully

2023-10-16 14:15:48 - [MESSAGE][PASSED] - Verify element property value successfully

2023-10-16 14:15:48 - [TEST_STEP][PASSED] - verifyElementPropertyValue(getResponse, "groups[0].pricingPlans[0].price", "1199.0"): Verify element property value successfully

2023-10-16 14:15:48 - [MESSAGE][PASSED] - Verify element property value successfully

2023-10-16 14:15:48 - [TEST_STEP][PASSED] - verifyElementPropertyValue(getResponse, "groups[0].pricingPlans[0].currency", "DZD"): Verify element property value successfully

2023-10-16 14:15:48 - [MESSAGE][PASSED] - Verify element property value successfully

2023-10-16 14:15:48 - [TEST_STEP][PASSED] - verifyElementPropertyValue(getResponse, "groups[0].pricingPlans[0].pricingPlanData[0].productId", "DZA_B2C_SHAHID_VIP_GEA_SPORT_1M"): Verify element property value successfully

2023-10-16 14:15:48 - [MESSAGE][PASSED] - Verify element property value successfully

2023-10-16 14:15:48 - [TEST_STEP][PASSED] - verifyElementPropertyValue(getResponse, "groups[0].pricingPlans[0].pricingPlanData[0].subPricingPlanIds", "null"): Verify element property value successfully

2023-10-16 14:15:48 - [MESSAGE][PASSED] - Verify element property value successfully

2023-10-16 14:15:48 - [TEST_STEP][PASSED] - verifyElementPropertyValue(getResponse, "groups[0].pricingPlans[0].pricingPlanData[0].paymentMethod", "CREDIT_CARD"): Verify element property value successfully

2023-10-16 14:15:48 - [MESSAGE][PASSED] - Verify element property value successfully

2023-10-16 14:15:48 - [TEST_STEP][PASSED] - verifyElementPropertyValue(getResponse, "groups[0].pricingPlans[0].pricingPlanData[0].freeTrialEnabled", "false"): Verify element property value successfully

2023-10-16 14:15:48 - [MESSAGE][PASSED] - Verify element property value successfully

2023-10-16 14:15:48 - [TEST_STEP][PASSED] - verifyElementPropertyValue(getResponse, "groups[0].pricingPlans[0].pricingPlanData[0].visualElements[0].key", "title"): Verify element property value successfully

2023-10-16 14:15:48 - [MESSAGE][PASSED] - Verify element property value successfully

2023-10-16 14:15:48 - [TEST_STEP][PASSED] - verifyElementPropertyValue(getResponse, "groups[0].pricingPlans[0].pricingPlanData[0].visualElements[0].value", "Carte de crédit/débit"): Verify element property value successfully

2023-10-16 14:15:48 - [MESSAGE][PASSED] - Verify element property value successfully

2023-10-16 14:15:48 - [TEST_STEP][PASSED] - verifyElementPropertyValue(getResponse, "groups[0].pricingPlans[0].pricingPlanData[0].visualElements[1].key", "CTA_text"): Verify element property value successfully

2023-10-16 14:15:48 - [MESSAGE][PASSED] - Verify element property value successfully

2023-10-16 14:15:48 - [TEST_STEP][PASSED] - verifyElementPropertyValue(getResponse, "groups[0].pricingPlans[0].pricingPlanData[0].visualElements[1].value", "S'abonner"): Verify element property value successfully

2023-10-16 14:15:48 - [MESSAGE][PASSED] - Verify element property value successfully

2023-10-16 14:15:48 - [TEST_STEP][PASSED] - verifyElementPropertyValue(getResponse, "groups[0].pricingPlans[0].pricingPlanData[0].visualElements[2].key", "logo"): Verify element property value successfully

2023-10-16 14:15:48 - [MESSAGE][PASSED] - Verify element property value successfully

2023-10-16 14:15:48 - [TEST_STEP][PASSED] - verifyElementPropertyValue(getResponse, "groups[0].pricingPlans[0].pricingPlanData[0].visualElements[2].value", "https://static.s3.shahid.mbc.net/widget-images/icons/iconCreditCard.png"): Verify element property value successfully

2023-10-16 14:15:48 - [MESSAGE][PASSED] - Verify element property value successfully

2023-10-16 14:15:48 - [TEST_STEP][PASSED] - verifyElementPropertyValue(getResponse, "groups[0].pricingPlans[0].pricingPlanData[0].priceLabel", "1199"): Verify element property value successfully

2023-10-16 14:15:48 - [MESSAGE][PASSED] - Verify element property value successfully

2023-10-16 14:15:48 - [TEST_STEP][PASSED] - verifyElementPropertyValue(getResponse, "groups[0].pricingPlans[0].pricingPlanData[0].currencyLabel", "DZD"): Verify element property value successfully

2023-10-16 14:15:48 - [MESSAGE][PASSED] - Verify element property value successfully

2023-10-16 14:15:48 - [TEST_STEP][PASSED] - verifyElementPropertyValue(getResponse, "groups[0].pricingPlans[1].featured", "false"): Verify element property value successfully

2023-10-16 14:15:48 - [MESSAGE][PASSED] - Verify element property value successfully

2023-10-16 14:15:48 - [TEST_STEP][PASSED] - verifyElementPropertyValue(getResponse, "groups[0].pricingPlans[1].packageId", "SHAHID_VIP_GEA_SPORT"): Verify element property value successfully

2023-10-16 14:15:48 - [MESSAGE][PASSED] - Verify element property value successfully

2023-10-16 14:15:48 - [TEST_STEP][PASSED] - verifyElementPropertyValue(getResponse, "groups[0].pricingPlans[1].catalogId", "GEA"): Verify element property value successfully

2023-10-16 14:15:48 - [MESSAGE][PASSED] - Verify element property value successfully

2023-10-16 14:15:48 - [TEST_STEP][PASSED] - verifyElementPropertyValue(getResponse, "groups[0].pricingPlans[1].visualElements[0].key", "Header_1_text"): Verify element property value successfully

2023-10-16 14:15:48 - [MESSAGE][PASSED] - Verify element property value successfully

2023-10-16 14:15:48 - [TEST_STEP][PASSED] - verifyElementPropertyValue(getResponse, "groups[0].pricingPlans[1].visualElements[0].value", "Abonnez-vous dès maintenant et profitez de vos programmes sans publicité"): Verify element property value successfully

2023-10-16 14:15:48 - [MESSAGE][PASSED] - Verify element property value successfully

2023-10-16 14:15:48 - [TEST_STEP][PASSED] - verifyElementPropertyValue(getResponse, "groups[0].pricingPlans[1].visualElements[1].key", "display_title"): Verify element property value successfully

2023-10-16 14:15:48 - [MESSAGE][PASSED] - Verify element property value successfully

2023-10-16 14:15:48 - [TEST_STEP][PASSED] - verifyElementPropertyValue(getResponse, "groups[0].pricingPlans[1].visualElements[1].value", "Plan Annuel"): Verify element property value successfully

2023-10-16 14:15:48 - [MESSAGE][PASSED] - Verify element property value successfully

2023-10-16 14:15:48 - [TEST_STEP][PASSED] - verifyElementPropertyValue(getResponse, "groups[0].pricingPlans[1].visualElements[2].key", "tag_text"): Verify element property value successfully

2023-10-16 14:15:48 - [MESSAGE][PASSED] - Verify element property value successfully

2023-10-16 14:15:48 - [TEST_STEP][PASSED] - verifyElementPropertyValue(getResponse, "groups[0].pricingPlans[1].visualElements[2].value", "Économisez 11%"): Verify element property value successfully

2023-10-16 14:15:48 - [MESSAGE][PASSED] - Verify element property value successfully

2023-10-16 14:15:48 - [TEST_STEP][PASSED] - verifyElementPropertyValue(getResponse, "groups[0].pricingPlans[1].visualElements[3].key", "promo_text"): Verify element property value successfully

2023-10-16 14:15:48 - [MESSAGE][PASSED] - Verify element property value successfully

2023-10-16 14:15:48 - [TEST_STEP][PASSED] - verifyElementPropertyValue(getResponse, "groups[0].pricingPlans[1].visualElements[3].value", "1070.91 DZD / mois"): Verify element property value successfully

2023-10-16 14:15:48 - [MESSAGE][PASSED] - Verify element property value successfully

2023-10-16 14:15:48 - [TEST_STEP][PASSED] - verifyElementPropertyValue(getResponse, "groups[0].pricingPlans[1].visualElements[4].key", "deduction_text"): Verify element property value successfully

2023-10-16 14:15:48 - [MESSAGE][PASSED] - Verify element property value successfully

2023-10-16 14:15:48 - [TEST_STEP][PASSED] - verifyElementPropertyValue(getResponse, "groups[0].pricingPlans[1].visualElements[4].value", "12851 DZD facturés chaque année"): Verify element property value successfully

2023-10-16 14:15:48 - [MESSAGE][PASSED] - Verify element property value successfully

2023-10-16 14:15:48 - [TEST_STEP][PASSED] - verifyElementPropertyValue(getResponse, "groups[0].pricingPlans[1].visualElements[7].key", "show_payment_logo"): Verify element property value successfully

2023-10-16 14:15:48 - [MESSAGE][PASSED] - Verify element property value successfully

2023-10-16 14:15:48 - [TEST_STEP][PASSED] - verifyElementPropertyValue(getResponse, "groups[0].pricingPlans[1].visualElements[7].value", "true"): Verify element property value successfully

2023-10-16 14:15:48 - [MESSAGE][PASSED] - Verify element property value successfully

2023-10-16 14:15:48 - [TEST_STEP][PASSED] - verifyElementPropertyValue(getResponse, "groups[0].pricingPlans[1].visualElements[8].key", "show_tag"): Verify element property value successfully

2023-10-16 14:15:48 - [MESSAGE][PASSED] - Verify element property value successfully

2023-10-16 14:15:48 - [TEST_STEP][PASSED] - verifyElementPropertyValue(getResponse, "groups[0].pricingPlans[1].visualElements[8].value", "true"): Verify element property value successfully

2023-10-16 14:15:48 - [MESSAGE][PASSED] - Verify element property value successfully

2023-10-16 14:15:48 - [TEST_STEP][PASSED] - verifyElementPropertyValue(getResponse, "groups[0].pricingPlans[1].visualElements[10].key", "price"): Verify element property value successfully

2023-10-16 14:15:48 - [MESSAGE][PASSED] - Verify element property value successfully

2023-10-16 14:15:48 - [TEST_STEP][PASSED] - verifyElementPropertyValue(getResponse, "groups[0].pricingPlans[1].visualElements[10].value", "12851"): Verify element property value successfully

2023-10-16 14:15:48 - [MESSAGE][PASSED] - Verify element property value successfully

2023-10-16 14:15:48 - [TEST_STEP][PASSED] - verifyElementPropertyValue(getResponse, "groups[0].pricingPlans[1].visualElements[11].key", "currency"): Verify element property value successfully

2023-10-16 14:15:48 - [MESSAGE][PASSED] - Verify element property value successfully

2023-10-16 14:15:48 - [TEST_STEP][PASSED] - verifyElementPropertyValue(getResponse, "groups[0].pricingPlans[1].visualElements[11].value", "DZD"): Verify element property value successfully

2023-10-16 14:15:48 - [MESSAGE][PASSED] - Verify element property value successfully

2023-10-16 14:15:48 - [TEST_STEP][PASSED] - verifyElementPropertyValue(getResponse, "groups[0].pricingPlans[1].visualElements[12].key", "duration"): Verify element property value successfully

2023-10-16 14:15:48 - [MESSAGE][PASSED] - Verify element property value successfully

2023-10-16 14:15:48 - [TEST_STEP][PASSED] - verifyElementPropertyValue(getResponse, "groups[0].pricingPlans[1].visualElements[12].value", "Annuel"): Verify element property value successfully

2023-10-16 14:15:48 - [MESSAGE][PASSED] - Verify element property value successfully

2023-10-16 14:15:48 - [TEST_STEP][PASSED] - verifyElementPropertyValue(getResponse, "groups[0].pricingPlans[1].order", "11"): Verify element property value successfully

2023-10-16 14:15:48 - [MESSAGE][PASSED] - Verify element property value successfully

2023-10-16 14:15:48 - [TEST_STEP][PASSED] - verifyElementPropertyValue(getResponse, "groups[0].pricingPlans[1].period", "yearly"): Verify element property value successfully

2023-10-16 14:15:48 - [MESSAGE][PASSED] - Verify element property value successfully

2023-10-16 14:15:48 - [TEST_STEP][PASSED] - verifyElementPropertyValue(getResponse, "groups[0].pricingPlans[1].price", "12851.0"): Verify element property value successfully

2023-10-16 14:15:48 - [MESSAGE][PASSED] - Verify element property value successfully

2023-10-16 14:15:48 - [TEST_STEP][PASSED] - verifyElementPropertyValue(getResponse, "groups[0].pricingPlans[1].currency", "DZD"): Verify element property value successfully

2023-10-16 14:15:48 - [MESSAGE][PASSED] - Verify element property value successfully

2023-10-16 14:15:48 - [TEST_STEP][PASSED] - verifyElementPropertyValue(getResponse, "groups[0].pricingPlans[1].pricingPlanData[0].productId", "DZA_B2C_SHAHID_VIP_GEA_SPORT_12M"): Verify element property value successfully

2023-10-16 14:15:48 - [MESSAGE][PASSED] - Verify element property value successfully

2023-10-16 14:15:48 - [TEST_STEP][PASSED] - verifyElementPropertyValue(getResponse, "groups[0].pricingPlans[1].pricingPlanData[0].subPricingPlanIds", "null"): Verify element property value successfully

2023-10-16 14:15:48 - [MESSAGE][PASSED] - Verify element property value successfully

2023-10-16 14:15:48 - [TEST_STEP][PASSED] - verifyElementPropertyValue(getResponse, "groups[0].pricingPlans[1].pricingPlanData[0].paymentMethod", "CREDIT_CARD"): Verify element property value successfully

2023-10-16 14:15:48 - [MESSAGE][PASSED] - Verify element property value successfully

2023-10-16 14:15:48 - [TEST_STEP][PASSED] - verifyElementPropertyValue(getResponse, "groups[0].pricingPlans[1].pricingPlanData[0].freeTrialEnabled", "false"): Verify element property value successfully

2023-10-16 14:15:48 - [MESSAGE][PASSED] - Verify element property value successfully

2023-10-16 14:15:48 - [TEST_STEP][PASSED] - verifyElementPropertyValue(getResponse, "groups[0].pricingPlans[1].pricingPlanData[0].visualElements[0].key", "title"): Verify element property value successfully

2023-10-16 14:15:48 - [MESSAGE][PASSED] - Verify element property value successfully

2023-10-16 14:15:48 - [TEST_STEP][PASSED] - verifyElementPropertyValue(getResponse, "groups[0].pricingPlans[1].pricingPlanData[0].visualElements[0].value", "Carte de crédit/débit"): Verify element property value successfully

2023-10-16 14:15:48 - [MESSAGE][PASSED] - Verify element property value successfully

2023-10-16 14:15:48 - [TEST_STEP][PASSED] - verifyElementPropertyValue(getResponse, "groups[0].pricingPlans[1].pricingPlanData[0].visualElements[1].key", "CTA_text"): Verify element property value successfully

2023-10-16 14:15:49 - [MESSAGE][PASSED] - Verify element property value successfully

2023-10-16 14:15:49 - [TEST_STEP][PASSED] - verifyElementPropertyValue(getResponse, "groups[0].pricingPlans[1].pricingPlanData[0].visualElements[1].value", "S'abonner"): Verify element property value successfully

2023-10-16 14:15:49 - [MESSAGE][PASSED] - Verify element property value successfully

2023-10-16 14:15:49 - [TEST_STEP][PASSED] - verifyElementPropertyValue(getResponse, "groups[0].pricingPlans[1].pricingPlanData[0].visualElements[2].key", "logo"): Verify element property value successfully

2023-10-16 14:15:49 - [MESSAGE][PASSED] - Verify element property value successfully

2023-10-16 14:15:49 - [TEST_STEP][PASSED] - verifyElementPropertyValue(getResponse, "groups[0].pricingPlans[1].pricingPlanData[0].visualElements[2].value", "https://static.s3.shahid.mbc.net/widget-images/icons/iconCreditCard.png"): Verify element property value successfully

2023-10-16 14:15:49 - [MESSAGE][PASSED] - Verify element property value successfully

2023-10-16 14:15:49 - [TEST_STEP][PASSED] - verifyElementPropertyValue(getResponse, "groups[0].pricingPlans[1].pricingPlanData[0].priceLabel", "12851"): Verify element property value successfully

2023-10-16 14:15:49 - [MESSAGE][PASSED] - Verify element property value successfully

2023-10-16 14:15:49 - [TEST_STEP][PASSED] - verifyElementPropertyValue(getResponse, "groups[0].pricingPlans[1].pricingPlanData[0].currencyLabel", "DZD"): Verify element property value successfully

2023-10-16 14:15:49 - [MESSAGE][PASSED] - Verify element property value successfully

2023-10-16 14:15:49 - [TEST_STEP][PASSED] - verifyElementPropertyValue(getResponse, "groups[0].pricingPlans[1].pricingPlanData[0].allowedForAcquisition", "true"): Verify element property value successfully

2023-10-16 14:15:49 - [MESSAGE][PASSED] - Verify element property value successfully

2023-10-16 14:15:49 - [TEST_STEP][PASSED] - verifyElementPropertyValue(getResponse, "groups[0].pricingPlans[1].pricingPlanData[0].showIn[0]", "VERTICAL_MODE"): Verify element property value successfully

2023-10-16 14:15:49 - [MESSAGE][PASSED] - Verify element property value successfully

2023-10-16 14:15:49 - [TEST_STEP][PASSED] - verifyElementPropertyValue(getResponse, "groups[0].pricingPlans[1].pricingPlanData[0].showIn[1]", "HORIZONTAL_MODE"): Verify element property value successfully

2023-10-16 14:15:49 - [MESSAGE][PASSED] - Verify element property value successfully

2023-10-16 14:15:49 - [TEST_STEP][PASSED] - verifyElementPropertyValue(getResponse, "visualElements[0].key", "main_CTA_text_1"): Verify element property value successfully

2023-10-16 14:15:49 - [MESSAGE][PASSED] - Verify element property value successfully

2023-10-16 14:15:49 - [TEST_STEP][PASSED] - verifyElementPropertyValue(getResponse, "visualElements[0].value", "Abonnez-vous dès maintenant et profitez de vos programmes sans publicité"): Verify element property value successfully

2023-10-16 14:15:49 - [MESSAGE][PASSED] - Verify element property value successfully

2023-10-16 14:15:49 - [TEST_STEP][PASSED] - verifyElementPropertyValue(getResponse, "visualElements[2].key", "main_disclaimer_text"): Verify element property value successfully

2023-10-16 14:15:49 - [MESSAGE][PASSED] - Verify element property value successfully

2023-10-16 14:15:49 - [TEST_STEP][PASSED] - verifyElementPropertyValue(getResponse, "visualElements[2].value", "Les frais d'abonnement peuvent varier selon le pays, le moyen de paiement, le forfait, les taxes, les taux de change et les frais bancaires. Les conditions générales d'utilisation s'appliquent."): Verify element property value successfully

2023-10-16 14:15:49 - [MESSAGE][PASSED] - Verify element property value successfully

2023-10-16 14:15:49 - [TEST_STEP][PASSED] - verifyElementPropertyValue(getResponse, "visualElements[4].key", "display_type"): Verify element property value successfully

2023-10-16 14:15:49 - [MESSAGE][PASSED] - Verify element property value successfully

2023-10-16 14:15:49 - [TEST_STEP][PASSED] - verifyElementPropertyValue(getResponse, "visualElements[4].value", "vertical"): Verify element property value successfully

2023-10-16 14:15:49 - [MESSAGE][PASSED] - Verify element property value successfully

2023-10-16 14:15:49 - [TEST_STEP][PASSED] - verifyElementPropertyValue(getResponse, "pages[0].visualElements[0].key", "alternative_payment_title"): Verify element property value successfully

2023-10-16 14:15:49 - [MESSAGE][PASSED] - Verify element property value successfully

2023-10-16 14:15:49 - [TEST_STEP][PASSED] - verifyElementPropertyValue(getResponse, "pages[0].visualElements[0].value", "Ou choisissez l'un des autres moyens de paiement suivants"): Verify element property value successfully

2023-10-16 14:15:49 - [MESSAGE][PASSED] - Verify element property value successfully

2023-10-16 14:15:49 - [TEST_STEP][PASSED] - verifyElementPropertyValue(getResponse, "pages[0].visualElements[1].key", "label_text"): Verify element property value successfully

2023-10-16 14:15:49 - [MESSAGE][PASSED] - Verify element property value successfully

2023-10-16 14:15:49 - [TEST_STEP][PASSED] - verifyElementPropertyValue(getResponse, "pages[0].visualElements[1].value", "Autres moyens de paiement"): Verify element property value successfully

2023-10-16 14:15:49 - [MESSAGE][PASSED] - Verify element property value successfully

2023-10-16 14:15:49 - [TEST_STEP][PASSED] - verifyElementPropertyValue(getResponse, "pages[0].visualElements[3].key", "CTA_text"): Verify element property value successfully

2023-10-16 14:15:49 - [MESSAGE][PASSED] - Verify element property value successfully

2023-10-16 14:15:49 - [TEST_STEP][PASSED] - verifyElementPropertyValue(getResponse, "pages[0].visualElements[3].value", "Cliquez ici"): Verify element property value successfully

2023-10-16 14:15:49 - [MESSAGE][PASSED] - Verify element property value successfully

2023-10-16 14:15:49 - [TEST_STEP][PASSED] - verifyElementPropertyValue(getResponse, "pages[0].visualElements[4].key", "main_title"): Verify element property value successfully

2023-10-16 14:15:49 - [MESSAGE][PASSED] - Verify element property value successfully

2023-10-16 14:15:49 - [TEST_STEP][PASSED] - verifyElementPropertyValue(getResponse, "pages[0].visualElements[4].value", "Autres moyens de paiement"): Verify element property value successfully

2023-10-16 14:15:49 - [MESSAGE][PASSED] - Verify element property value successfully

2023-10-16 14:15:49 - [TEST_STEP][PASSED] - verifyElementPropertyValue(getResponse, "pages[0].visualElements[6].key", "alternative_payment_methods"): Verify element property value successfully

2023-10-16 14:15:49 - [MESSAGE][PASSED] - Verify element property value successfully

2023-10-16 14:15:49 - [TEST_STEP][PASSED] - verifyElementPropertyValue(getResponse, "pages[0].visualElements[6].value", "Vous pouvez vous procurer un code promo Shahid auprès de l'un des points de vente suivants"): Verify element property value successfully

2023-10-16 14:15:49 - [MESSAGE][PASSED] - Verify element property value successfully

2023-10-16 14:15:49 - [TEST_STEP][PASSED] - verifyElementPropertyValue(getResponse, "partners[0].name", "Offgamers"): Verify element property value successfully

2023-10-16 14:15:49 - [MESSAGE][PASSED] - Verify element property value successfully

2023-10-16 14:15:49 - [TEST_STEP][PASSED] - verifyElementPropertyValue(getResponse, "partners[0].link", "https://www.offgamers.com/ae/en/shahid-vip"): Verify element property value successfully

2023-10-16 14:15:49 - [MESSAGE][PASSED] - Verify element property value successfully

2023-10-16 14:15:49 - [TEST_STEP][PASSED] - verifyElementPropertyValue(getResponse, "partners[0].logo", "https://shahid-static.s3.amazonaws.com/widget-images/logos/Logo_Offgamers.jpg"): Verify element property value successfully

2023-10-16 14:15:49 - [MESSAGE][PASSED] - Verify element property value successfully

2023-10-16 14:15:49 - [TEST_STEP][PASSED] - verifyElementPropertyValue(getResponse, "partners[0].visible", "true"): Verify element property value successfully

2023-10-16 14:15:49 - [MESSAGE][PASSED] - Verify element property value successfully

2023-10-16 14:15:49 - [TEST_STEP][PASSED] - verifyElementPropertyValue(getResponse, "partners[0].visualElements[0].key", "text"): Verify element property value successfully

2023-10-16 14:15:49 - [MESSAGE][PASSED] - Verify element property value successfully

2023-10-16 14:15:49 - [TEST_STEP][PASSED] - verifyElementPropertyValue(getResponse, "partners[0].visualElements[0].value", "Plus d’informations"): Verify element property value successfully

2023-10-16 14:15:49 - [MESSAGE][PASSED] - Verify element property value successfully

2023-10-16 14:15:49 - [TEST_STEP][PASSED] - verifyElementPropertyValue(getResponse, "partners[1].name", "Metagames Bilgi Islemleri Limited"): Verify element property value successfully

2023-10-16 14:15:49 - [MESSAGE][PASSED] - Verify element property value successfully

2023-10-16 14:15:49 - [TEST_STEP][PASSED] - verifyElementPropertyValue(getResponse, "partners[1].link", "https://www.mtcgame.com/en-US/shahid/shahid-vip-gift-card-global"): Verify element property value successfully

2023-10-16 14:15:49 - [MESSAGE][PASSED] - Verify element property value successfully

2023-10-16 14:15:49 - [TEST_STEP][PASSED] - verifyElementPropertyValue(getResponse, "partners[1].logo", "https://shahid-static.s3.amazonaws.com/widget-images/logos/Logo_Meta%2BGames.png"): Verify element property value successfully

2023-10-16 14:15:49 - [MESSAGE][PASSED] - Verify element property value successfully

2023-10-16 14:15:49 - [TEST_STEP][PASSED] - verifyElementPropertyValue(getResponse, "partners[1].visible", "true"): Verify element property value successfully

2023-10-16 14:15:49 - [MESSAGE][PASSED] - Verify element property value successfully

2023-10-16 14:15:49 - [TEST_STEP][PASSED] - verifyElementPropertyValue(getResponse, "partners[1].visualElements[0].key", "text"): Verify element property value successfully

2023-10-16 14:15:49 - [MESSAGE][PASSED] - Verify element property value successfully

2023-10-16 14:15:49 - [TEST_STEP][PASSED] - verifyElementPropertyValue(getResponse, "partners[1].visualElements[0].value", "Plus d’informations"): Verify element property value successfully

2023-10-16 14:15:49 - [MESSAGE][PASSED] - Verify element property value successfully

2023-10-16 14:15:49 - [TEST_STEP][PASSED] - verifyElementPropertyValue(getResponse, "partners[2].name", "Razer Online"): Verify element property value successfully

2023-10-16 14:15:49 - [MESSAGE][PASSED] - Verify element property value successfully

2023-10-16 14:15:49 - [TEST_STEP][PASSED] - verifyElementPropertyValue(getResponse, "partners[2].link", "https://gold.razer.com/global/en/gold/catalog/shahid-vip-north-africa"): Verify element property value successfully

2023-10-16 14:15:49 - [MESSAGE][PASSED] - Verify element property value successfully

2023-10-16 14:15:49 - [TEST_STEP][PASSED] - verifyElementPropertyValue(getResponse, "partners[2].logo", "https://shahid-static.s3.amazonaws.com/widget-images/logos/Coin_RZR%20Gold_Black.png"): Verify element property value successfully

2023-10-16 14:15:49 - [MESSAGE][PASSED] - Verify element property value successfully

2023-10-16 14:15:49 - [TEST_STEP][PASSED] - verifyElementPropertyValue(getResponse, "partners[2].visible", "true"): Verify element property value successfully

2023-10-16 14:15:49 - [MESSAGE][PASSED] - Verify element property value successfully

2023-10-16 14:15:49 - [TEST_STEP][PASSED] - verifyElementPropertyValue(getResponse, "partners[2].visualElements[0].key", "text"): Verify element property value successfully

2023-10-16 14:15:49 - [MESSAGE][PASSED] - Verify element property value successfully

2023-10-16 14:15:49 - [TEST_STEP][PASSED] - verifyElementPropertyValue(getResponse, "partners[2].visualElements[0].value", "Plus d’informations"): Verify element property value successfully

2023-10-16 14:15:49 - [MESSAGE][PASSED] - Verify element property value successfully

2023-10-16 14:15:49 - [TEST_STEP][PASSED] - verifyElementPropertyValue(getResponse, "defaultPackageId", "SHAHID_VIP"): Verify element property value successfully

2023-10-16 14:15:49 - [MESSAGE][PASSED] - Verify element property value successfully]]></system-out>
         <system-err><![CDATA[]]></system-err>
      </testcase>
      <testcase name="Test Cases/WEB - CHROME/DZA PI/WEB_AR_getSubscriptionConfigForDZA_GEA" time="2.012" classname="Test Cases/WEB - CHROME/DZA PI/WEB_AR_getSubscriptionConfigForDZA_GEA" status="PASSED">
         <system-out><![CDATA[2023-10-16 14:15:49 - [TEST_CASE][PASSED] - Test Cases/WEB - CHROME/DZA PI/WEB_AR_getSubscriptionConfigForDZA_GEA: Test Cases/WEB - CHROME/DZA PI/WEB_AR_getSubscriptionConfigForDZA_GEA

2023-10-16 14:15:49 - [TEST_STEP][PASSED] - getResponse = config_files.getConfigFile.getConfig("WEB", "AR", "SHAHID_VIP_GEA", "DZ", "false"): config_files.getConfigFile.getConfig is PASSED

2023-10-16 14:15:50 - [MESSAGE][INFO] - HAR: /Users/admin/git/shahid-configuration/Reports/20231016_140310/WEB/DZA/20231016_140333/requests/main/1.har

2023-10-16 14:15:50 - [MESSAGE][PASSED] - Send request successfully

2023-10-16 14:15:50 - [MESSAGE][PASSED] - config_files.getConfigFile.getConfig is PASSED

2023-10-16 14:15:50 - [TEST_STEP][PASSED] - verifyResponseStatusCode(getResponse, 200): Verify response status code successfully

2023-10-16 14:15:50 - [MESSAGE][PASSED] - Verify response status code successfully

2023-10-16 14:15:50 - [TEST_STEP][PASSED] - verifyElementPropertyValue(getResponse, "country", "DZA"): Verify element property value successfully

2023-10-16 14:15:50 - [MESSAGE][PASSED] - Verify element property value successfully

2023-10-16 14:15:50 - [TEST_STEP][PASSED] - verifyElementPropertyValue(getResponse, "platform", "[WEB]"): Verify element property value successfully

2023-10-16 14:15:50 - [MESSAGE][PASSED] - Verify element property value successfully

2023-10-16 14:15:50 - [TEST_STEP][PASSED] - verifyElementPropertyValue(getResponse, "groups[0].pricingPlans[0].featured", "true"): Verify element property value successfully

2023-10-16 14:15:50 - [MESSAGE][PASSED] - Verify element property value successfully

2023-10-16 14:15:50 - [TEST_STEP][PASSED] - verifyElementPropertyValue(getResponse, "groups[0].pricingPlans[0].packageId", "SHAHID_VIP_GEA"): Verify element property value successfully

2023-10-16 14:15:50 - [MESSAGE][PASSED] - Verify element property value successfully

2023-10-16 14:15:50 - [TEST_STEP][PASSED] - verifyElementPropertyValue(getResponse, "groups[0].pricingPlans[0].catalogId", "GEA"): Verify element property value successfully

2023-10-16 14:15:50 - [MESSAGE][PASSED] - Verify element property value successfully

2023-10-16 14:15:50 - [TEST_STEP][PASSED] - verifyElementPropertyValue(getResponse, "groups[0].pricingPlans[0].visualElements[0].key", "Header_1_text"): Verify element property value successfully

2023-10-16 14:15:50 - [MESSAGE][PASSED] - Verify element property value successfully

2023-10-16 14:15:50 - [TEST_STEP][PASSED] - verifyElementPropertyValue(getResponse, "groups[0].pricingPlans[0].visualElements[0].value", "شاهد أقوى المسلسلات و الأفلام حصرياً دون توقف"): Verify element property value successfully

2023-10-16 14:15:50 - [MESSAGE][PASSED] - Verify element property value successfully

2023-10-16 14:15:50 - [TEST_STEP][PASSED] - verifyElementPropertyValue(getResponse, "groups[0].pricingPlans[0].visualElements[1].key", "display_title"): Verify element property value successfully

2023-10-16 14:15:50 - [MESSAGE][PASSED] - Verify element property value successfully

2023-10-16 14:15:50 - [TEST_STEP][PASSED] - verifyElementPropertyValue(getResponse, "groups[0].pricingPlans[0].visualElements[1].value", "الاشتراك الشهري"): Verify element property value successfully

2023-10-16 14:15:50 - [MESSAGE][PASSED] - Verify element property value successfully

2023-10-16 14:15:50 - [TEST_STEP][PASSED] - verifyElementPropertyValue(getResponse, "groups[0].pricingPlans[0].visualElements[3].key", "promo_text"): Verify element property value successfully

2023-10-16 14:15:50 - [MESSAGE][PASSED] - Verify element property value successfully

2023-10-16 14:15:50 - [TEST_STEP][PASSED] - verifyElementPropertyValue(getResponse, "groups[0].pricingPlans[0].visualElements[3].value", "801 DZD / شهرياً"): Verify element property value successfully

2023-10-16 14:15:50 - [MESSAGE][PASSED] - Verify element property value successfully

2023-10-16 14:15:50 - [TEST_STEP][PASSED] - verifyElementPropertyValue(getResponse, "groups[0].pricingPlans[0].visualElements[4].key", "deduction_text"): Verify element property value successfully

2023-10-16 14:15:50 - [MESSAGE][PASSED] - Verify element property value successfully

2023-10-16 14:15:50 - [TEST_STEP][PASSED] - verifyElementPropertyValue(getResponse, "groups[0].pricingPlans[0].visualElements[4].value", "تدفع شهرياً"): Verify element property value successfully

2023-10-16 14:15:50 - [MESSAGE][PASSED] - Verify element property value successfully

2023-10-16 14:15:50 - [TEST_STEP][PASSED] - verifyElementPropertyValue(getResponse, "groups[0].pricingPlans[0].visualElements[7].key", "show_payment_logo"): Verify element property value successfully

2023-10-16 14:15:50 - [MESSAGE][PASSED] - Verify element property value successfully

2023-10-16 14:15:50 - [TEST_STEP][PASSED] - verifyElementPropertyValue(getResponse, "groups[0].pricingPlans[0].visualElements[7].value", "true"): Verify element property value successfully

2023-10-16 14:15:50 - [MESSAGE][PASSED] - Verify element property value successfully

2023-10-16 14:15:50 - [TEST_STEP][PASSED] - verifyElementPropertyValue(getResponse, "groups[0].pricingPlans[0].visualElements[8].key", "show_tag"): Verify element property value successfully

2023-10-16 14:15:50 - [MESSAGE][PASSED] - Verify element property value successfully

2023-10-16 14:15:50 - [TEST_STEP][PASSED] - verifyElementPropertyValue(getResponse, "groups[0].pricingPlans[0].visualElements[8].value", "false"): Verify element property value successfully

2023-10-16 14:15:50 - [MESSAGE][PASSED] - Verify element property value successfully

2023-10-16 14:15:50 - [TEST_STEP][PASSED] - verifyElementPropertyValue(getResponse, "groups[0].pricingPlans[0].visualElements[10].key", "price"): Verify element property value successfully

2023-10-16 14:15:50 - [MESSAGE][PASSED] - Verify element property value successfully

2023-10-16 14:15:50 - [TEST_STEP][PASSED] - verifyElementPropertyValue(getResponse, "groups[0].pricingPlans[0].visualElements[10].value", "801"): Verify element property value successfully

2023-10-16 14:15:50 - [MESSAGE][PASSED] - Verify element property value successfully

2023-10-16 14:15:50 - [TEST_STEP][PASSED] - verifyElementPropertyValue(getResponse, "groups[0].pricingPlans[0].visualElements[11].key", "currency"): Verify element property value successfully

2023-10-16 14:15:50 - [MESSAGE][PASSED] - Verify element property value successfully

2023-10-16 14:15:50 - [TEST_STEP][PASSED] - verifyElementPropertyValue(getResponse, "groups[0].pricingPlans[0].visualElements[11].value", "DZD"): Verify element property value successfully

2023-10-16 14:15:50 - [MESSAGE][PASSED] - Verify element property value successfully

2023-10-16 14:15:50 - [TEST_STEP][PASSED] - verifyElementPropertyValue(getResponse, "groups[0].pricingPlans[0].visualElements[12].key", "duration"): Verify element property value successfully

2023-10-16 14:15:50 - [MESSAGE][PASSED] - Verify element property value successfully

2023-10-16 14:15:50 - [TEST_STEP][PASSED] - verifyElementPropertyValue(getResponse, "groups[0].pricingPlans[0].visualElements[12].value", "شهرياً"): Verify element property value successfully

2023-10-16 14:15:50 - [MESSAGE][PASSED] - Verify element property value successfully

2023-10-16 14:15:50 - [TEST_STEP][PASSED] - verifyElementPropertyValue(getResponse, "groups[0].pricingPlans[0].visualElements[13].key", "featured_tag_text"): Verify element property value successfully

2023-10-16 14:15:50 - [MESSAGE][PASSED] - Verify element property value successfully

2023-10-16 14:15:50 - [TEST_STEP][PASSED] - verifyElementPropertyValue(getResponse, "groups[0].pricingPlans[0].visualElements[13].value", " الأكثر مبيعاً"): Verify element property value successfully

2023-10-16 14:15:50 - [MESSAGE][PASSED] - Verify element property value successfully

2023-10-16 14:15:50 - [TEST_STEP][PASSED] - verifyElementPropertyValue(getResponse, "groups[0].pricingPlans[0].order", "6"): Verify element property value successfully

2023-10-16 14:15:50 - [MESSAGE][PASSED] - Verify element property value successfully

2023-10-16 14:15:50 - [TEST_STEP][PASSED] - verifyElementPropertyValue(getResponse, "groups[0].pricingPlans[0].period", "monthly"): Verify element property value successfully

2023-10-16 14:15:50 - [MESSAGE][PASSED] - Verify element property value successfully

2023-10-16 14:15:50 - [TEST_STEP][PASSED] - verifyElementPropertyValue(getResponse, "groups[0].pricingPlans[0].price", "801.0"): Verify element property value successfully

2023-10-16 14:15:50 - [MESSAGE][PASSED] - Verify element property value successfully

2023-10-16 14:15:50 - [TEST_STEP][PASSED] - verifyElementPropertyValue(getResponse, "groups[0].pricingPlans[0].currency", "DZD"): Verify element property value successfully

2023-10-16 14:15:50 - [MESSAGE][PASSED] - Verify element property value successfully

2023-10-16 14:15:50 - [TEST_STEP][PASSED] - verifyElementPropertyValue(getResponse, "groups[0].pricingPlans[0].pricingPlanData[0].productId", "DZA_B2C_SHAHID_VIP_GEA_1M"): Verify element property value successfully

2023-10-16 14:15:50 - [MESSAGE][PASSED] - Verify element property value successfully

2023-10-16 14:15:50 - [TEST_STEP][PASSED] - verifyElementPropertyValue(getResponse, "groups[0].pricingPlans[0].pricingPlanData[0].subPricingPlanIds", "null"): Verify element property value successfully

2023-10-16 14:15:50 - [MESSAGE][PASSED] - Verify element property value successfully

2023-10-16 14:15:50 - [TEST_STEP][PASSED] - verifyElementPropertyValue(getResponse, "groups[0].pricingPlans[0].pricingPlanData[0].paymentMethod", "CREDIT_CARD"): Verify element property value successfully

2023-10-16 14:15:50 - [MESSAGE][PASSED] - Verify element property value successfully

2023-10-16 14:15:50 - [TEST_STEP][PASSED] - verifyElementPropertyValue(getResponse, "groups[0].pricingPlans[0].pricingPlanData[0].freeTrialEnabled", "false"): Verify element property value successfully

2023-10-16 14:15:50 - [MESSAGE][PASSED] - Verify element property value successfully

2023-10-16 14:15:50 - [TEST_STEP][PASSED] - verifyElementPropertyValue(getResponse, "groups[0].pricingPlans[0].pricingPlanData[0].visualElements[0].key", "title"): Verify element property value successfully

2023-10-16 14:15:50 - [MESSAGE][PASSED] - Verify element property value successfully

2023-10-16 14:15:50 - [TEST_STEP][PASSED] - verifyElementPropertyValue(getResponse, "groups[0].pricingPlans[0].pricingPlanData[0].visualElements[0].value", "البطاقة المصرفية"): Verify element property value successfully

2023-10-16 14:15:50 - [MESSAGE][PASSED] - Verify element property value successfully

2023-10-16 14:15:50 - [TEST_STEP][PASSED] - verifyElementPropertyValue(getResponse, "groups[0].pricingPlans[0].pricingPlanData[0].visualElements[1].key", "CTA_text"): Verify element property value successfully

2023-10-16 14:15:50 - [MESSAGE][PASSED] - Verify element property value successfully

2023-10-16 14:15:50 - [TEST_STEP][PASSED] - verifyElementPropertyValue(getResponse, "groups[0].pricingPlans[0].pricingPlanData[0].visualElements[1].value", "اشترك"): Verify element property value successfully

2023-10-16 14:15:50 - [MESSAGE][PASSED] - Verify element property value successfully

2023-10-16 14:15:50 - [TEST_STEP][PASSED] - verifyElementPropertyValue(getResponse, "groups[0].pricingPlans[0].pricingPlanData[0].visualElements[2].key", "logo"): Verify element property value successfully

2023-10-16 14:15:50 - [MESSAGE][PASSED] - Verify element property value successfully

2023-10-16 14:15:50 - [TEST_STEP][PASSED] - verifyElementPropertyValue(getResponse, "groups[0].pricingPlans[0].pricingPlanData[0].visualElements[2].value", "https://static.s3.shahid.mbc.net/widget-images/icons/iconCreditCard.png"): Verify element property value successfully

2023-10-16 14:15:50 - [MESSAGE][PASSED] - Verify element property value successfully

2023-10-16 14:15:50 - [TEST_STEP][PASSED] - verifyElementPropertyValue(getResponse, "groups[0].pricingPlans[0].pricingPlanData[0].priceLabel", "801"): Verify element property value successfully

2023-10-16 14:15:50 - [MESSAGE][PASSED] - Verify element property value successfully

2023-10-16 14:15:50 - [TEST_STEP][PASSED] - verifyElementPropertyValue(getResponse, "groups[0].pricingPlans[0].pricingPlanData[0].currencyLabel", "DZD"): Verify element property value successfully

2023-10-16 14:15:50 - [MESSAGE][PASSED] - Verify element property value successfully

2023-10-16 14:15:50 - [TEST_STEP][PASSED] - verifyElementPropertyValue(getResponse, "groups[0].pricingPlans[1].featured", "false"): Verify element property value successfully

2023-10-16 14:15:50 - [MESSAGE][PASSED] - Verify element property value successfully

2023-10-16 14:15:50 - [TEST_STEP][PASSED] - verifyElementPropertyValue(getResponse, "groups[0].pricingPlans[1].packageId", "SHAHID_VIP_GEA"): Verify element property value successfully

2023-10-16 14:15:50 - [MESSAGE][PASSED] - Verify element property value successfully

2023-10-16 14:15:50 - [TEST_STEP][PASSED] - verifyElementPropertyValue(getResponse, "groups[0].pricingPlans[1].catalogId", "GEA"): Verify element property value successfully

2023-10-16 14:15:50 - [MESSAGE][PASSED] - Verify element property value successfully

2023-10-16 14:15:50 - [TEST_STEP][PASSED] - verifyElementPropertyValue(getResponse, "groups[0].pricingPlans[1].visualElements[0].key", "Header_1_text"): Verify element property value successfully

2023-10-16 14:15:50 - [MESSAGE][PASSED] - Verify element property value successfully

2023-10-16 14:15:50 - [TEST_STEP][PASSED] - verifyElementPropertyValue(getResponse, "groups[0].pricingPlans[1].visualElements[0].value", "شاهد أقوى المسلسلات و الأفلام حصرياً دون توقف"): Verify element property value successfully

2023-10-16 14:15:50 - [MESSAGE][PASSED] - Verify element property value successfully

2023-10-16 14:15:50 - [TEST_STEP][PASSED] - verifyElementPropertyValue(getResponse, "groups[0].pricingPlans[1].visualElements[1].key", "display_title"): Verify element property value successfully

2023-10-16 14:15:50 - [MESSAGE][PASSED] - Verify element property value successfully

2023-10-16 14:15:50 - [TEST_STEP][PASSED] - verifyElementPropertyValue(getResponse, "groups[0].pricingPlans[1].visualElements[1].value", "الاشتراك السنوي"): Verify element property value successfully

2023-10-16 14:15:50 - [MESSAGE][PASSED] - Verify element property value successfully

2023-10-16 14:15:50 - [TEST_STEP][PASSED] - verifyElementPropertyValue(getResponse, "groups[0].pricingPlans[1].visualElements[2].key", "tag_text"): Verify element property value successfully

2023-10-16 14:15:50 - [MESSAGE][PASSED] - Verify element property value successfully

2023-10-16 14:15:50 - [TEST_STEP][PASSED] - verifyElementPropertyValue(getResponse, "groups[0].pricingPlans[1].visualElements[2].value", "وفر14%"): Verify element property value successfully

2023-10-16 14:15:50 - [MESSAGE][PASSED] - Verify element property value successfully

2023-10-16 14:15:50 - [TEST_STEP][PASSED] - verifyElementPropertyValue(getResponse, "groups[0].pricingPlans[1].visualElements[3].key", "promo_text"): Verify element property value successfully

2023-10-16 14:15:50 - [MESSAGE][PASSED] - Verify element property value successfully

2023-10-16 14:15:50 - [TEST_STEP][PASSED] - verifyElementPropertyValue(getResponse, "groups[0].pricingPlans[1].visualElements[3].value", "687.58 DZD / شهرياً"): Verify element property value successfully

2023-10-16 14:15:50 - [MESSAGE][PASSED] - Verify element property value successfully

2023-10-16 14:15:50 - [TEST_STEP][PASSED] - verifyElementPropertyValue(getResponse, "groups[0].pricingPlans[1].visualElements[4].key", "deduction_text"): Verify element property value successfully

2023-10-16 14:15:50 - [MESSAGE][PASSED] - Verify element property value successfully

2023-10-16 14:15:50 - [TEST_STEP][PASSED] - verifyElementPropertyValue(getResponse, "groups[0].pricingPlans[1].visualElements[4].value", " 8251 DZD  تدفع سنوياً"): Verify element property value successfully

2023-10-16 14:15:50 - [MESSAGE][PASSED] - Verify element property value successfully

2023-10-16 14:15:50 - [TEST_STEP][PASSED] - verifyElementPropertyValue(getResponse, "groups[0].pricingPlans[1].visualElements[7].key", "show_payment_logo"): Verify element property value successfully

2023-10-16 14:15:50 - [MESSAGE][PASSED] - Verify element property value successfully

2023-10-16 14:15:50 - [TEST_STEP][PASSED] - verifyElementPropertyValue(getResponse, "groups[0].pricingPlans[1].visualElements[7].value", "true"): Verify element property value successfully

2023-10-16 14:15:50 - [MESSAGE][PASSED] - Verify element property value successfully

2023-10-16 14:15:50 - [TEST_STEP][PASSED] - verifyElementPropertyValue(getResponse, "groups[0].pricingPlans[1].visualElements[8].key", "show_tag"): Verify element property value successfully

2023-10-16 14:15:50 - [MESSAGE][PASSED] - Verify element property value successfully

2023-10-16 14:15:50 - [TEST_STEP][PASSED] - verifyElementPropertyValue(getResponse, "groups[0].pricingPlans[1].visualElements[8].value", "true"): Verify element property value successfully

2023-10-16 14:15:50 - [MESSAGE][PASSED] - Verify element property value successfully

2023-10-16 14:15:50 - [TEST_STEP][PASSED] - verifyElementPropertyValue(getResponse, "groups[0].pricingPlans[1].visualElements[10].key", "price"): Verify element property value successfully

2023-10-16 14:15:50 - [MESSAGE][PASSED] - Verify element property value successfully

2023-10-16 14:15:50 - [TEST_STEP][PASSED] - verifyElementPropertyValue(getResponse, "groups[0].pricingPlans[1].visualElements[10].value", "8251"): Verify element property value successfully

2023-10-16 14:15:50 - [MESSAGE][PASSED] - Verify element property value successfully

2023-10-16 14:15:50 - [TEST_STEP][PASSED] - verifyElementPropertyValue(getResponse, "groups[0].pricingPlans[1].visualElements[11].key", "currency"): Verify element property value successfully

2023-10-16 14:15:50 - [MESSAGE][PASSED] - Verify element property value successfully

2023-10-16 14:15:50 - [TEST_STEP][PASSED] - verifyElementPropertyValue(getResponse, "groups[0].pricingPlans[1].visualElements[11].value", "DZD"): Verify element property value successfully

2023-10-16 14:15:50 - [MESSAGE][PASSED] - Verify element property value successfully

2023-10-16 14:15:50 - [TEST_STEP][PASSED] - verifyElementPropertyValue(getResponse, "groups[0].pricingPlans[1].visualElements[12].key", "duration"): Verify element property value successfully

2023-10-16 14:15:50 - [MESSAGE][PASSED] - Verify element property value successfully

2023-10-16 14:15:50 - [TEST_STEP][PASSED] - verifyElementPropertyValue(getResponse, "groups[0].pricingPlans[1].visualElements[12].value", "سنوياً"): Verify element property value successfully

2023-10-16 14:15:50 - [MESSAGE][PASSED] - Verify element property value successfully

2023-10-16 14:15:50 - [TEST_STEP][PASSED] - verifyElementPropertyValue(getResponse, "groups[0].pricingPlans[1].order", "8"): Verify element property value successfully

2023-10-16 14:15:50 - [MESSAGE][PASSED] - Verify element property value successfully

2023-10-16 14:15:50 - [TEST_STEP][PASSED] - verifyElementPropertyValue(getResponse, "groups[0].pricingPlans[1].period", "yearly"): Verify element property value successfully

2023-10-16 14:15:50 - [MESSAGE][PASSED] - Verify element property value successfully

2023-10-16 14:15:50 - [TEST_STEP][PASSED] - verifyElementPropertyValue(getResponse, "groups[0].pricingPlans[1].price", "8251.0"): Verify element property value successfully

2023-10-16 14:15:50 - [MESSAGE][PASSED] - Verify element property value successfully

2023-10-16 14:15:50 - [TEST_STEP][PASSED] - verifyElementPropertyValue(getResponse, "groups[0].pricingPlans[1].currency", "DZD"): Verify element property value successfully

2023-10-16 14:15:51 - [MESSAGE][PASSED] - Verify element property value successfully

2023-10-16 14:15:51 - [TEST_STEP][PASSED] - verifyElementPropertyValue(getResponse, "groups[0].pricingPlans[1].pricingPlanData[0].productId", "DZA_B2C_SHAHID_VIP_GEA_12M"): Verify element property value successfully

2023-10-16 14:15:51 - [MESSAGE][PASSED] - Verify element property value successfully

2023-10-16 14:15:51 - [TEST_STEP][PASSED] - verifyElementPropertyValue(getResponse, "groups[0].pricingPlans[1].pricingPlanData[0].subPricingPlanIds", "null"): Verify element property value successfully

2023-10-16 14:15:51 - [MESSAGE][PASSED] - Verify element property value successfully

2023-10-16 14:15:51 - [TEST_STEP][PASSED] - verifyElementPropertyValue(getResponse, "groups[0].pricingPlans[1].pricingPlanData[0].paymentMethod", "CREDIT_CARD"): Verify element property value successfully

2023-10-16 14:15:51 - [MESSAGE][PASSED] - Verify element property value successfully

2023-10-16 14:15:51 - [TEST_STEP][PASSED] - verifyElementPropertyValue(getResponse, "groups[0].pricingPlans[1].pricingPlanData[0].freeTrialEnabled", "false"): Verify element property value successfully

2023-10-16 14:15:51 - [MESSAGE][PASSED] - Verify element property value successfully

2023-10-16 14:15:51 - [TEST_STEP][PASSED] - verifyElementPropertyValue(getResponse, "groups[0].pricingPlans[1].pricingPlanData[0].visualElements[0].key", "title"): Verify element property value successfully

2023-10-16 14:15:51 - [MESSAGE][PASSED] - Verify element property value successfully

2023-10-16 14:15:51 - [TEST_STEP][PASSED] - verifyElementPropertyValue(getResponse, "groups[0].pricingPlans[1].pricingPlanData[0].visualElements[0].value", "البطاقة المصرفية"): Verify element property value successfully

2023-10-16 14:15:51 - [MESSAGE][PASSED] - Verify element property value successfully

2023-10-16 14:15:51 - [TEST_STEP][PASSED] - verifyElementPropertyValue(getResponse, "groups[0].pricingPlans[1].pricingPlanData[0].visualElements[1].key", "CTA_text"): Verify element property value successfully

2023-10-16 14:15:51 - [MESSAGE][PASSED] - Verify element property value successfully

2023-10-16 14:15:51 - [TEST_STEP][PASSED] - verifyElementPropertyValue(getResponse, "groups[0].pricingPlans[1].pricingPlanData[0].visualElements[1].value", "اشترك"): Verify element property value successfully

2023-10-16 14:15:51 - [MESSAGE][PASSED] - Verify element property value successfully

2023-10-16 14:15:51 - [TEST_STEP][PASSED] - verifyElementPropertyValue(getResponse, "groups[0].pricingPlans[1].pricingPlanData[0].visualElements[2].key", "logo"): Verify element property value successfully

2023-10-16 14:15:51 - [MESSAGE][PASSED] - Verify element property value successfully

2023-10-16 14:15:51 - [TEST_STEP][PASSED] - verifyElementPropertyValue(getResponse, "groups[0].pricingPlans[1].pricingPlanData[0].visualElements[2].value", "https://static.s3.shahid.mbc.net/widget-images/icons/iconCreditCard.png"): Verify element property value successfully

2023-10-16 14:15:51 - [MESSAGE][PASSED] - Verify element property value successfully

2023-10-16 14:15:51 - [TEST_STEP][PASSED] - verifyElementPropertyValue(getResponse, "groups[0].pricingPlans[1].pricingPlanData[0].priceLabel", "8251"): Verify element property value successfully

2023-10-16 14:15:51 - [MESSAGE][PASSED] - Verify element property value successfully

2023-10-16 14:15:51 - [TEST_STEP][PASSED] - verifyElementPropertyValue(getResponse, "groups[0].pricingPlans[1].pricingPlanData[0].currencyLabel", "DZD"): Verify element property value successfully

2023-10-16 14:15:51 - [MESSAGE][PASSED] - Verify element property value successfully

2023-10-16 14:15:51 - [TEST_STEP][PASSED] - verifyElementPropertyValue(getResponse, "groups[0].pricingPlans[1].pricingPlanData[0].allowedForAcquisition", "true"): Verify element property value successfully

2023-10-16 14:15:51 - [MESSAGE][PASSED] - Verify element property value successfully

2023-10-16 14:15:51 - [TEST_STEP][PASSED] - verifyElementPropertyValue(getResponse, "groups[0].pricingPlans[1].pricingPlanData[0].showIn[0]", "VERTICAL_MODE"): Verify element property value successfully

2023-10-16 14:15:51 - [MESSAGE][PASSED] - Verify element property value successfully

2023-10-16 14:15:51 - [TEST_STEP][PASSED] - verifyElementPropertyValue(getResponse, "groups[0].pricingPlans[1].pricingPlanData[0].showIn[1]", "HORIZONTAL_MODE"): Verify element property value successfully

2023-10-16 14:15:51 - [MESSAGE][PASSED] - Verify element property value successfully

2023-10-16 14:15:51 - [TEST_STEP][PASSED] - verifyElementPropertyValue(getResponse, "visualElements[0].key", "main_CTA_text_1"): Verify element property value successfully

2023-10-16 14:15:51 - [MESSAGE][PASSED] - Verify element property value successfully

2023-10-16 14:15:51 - [TEST_STEP][PASSED] - verifyElementPropertyValue(getResponse, "visualElements[0].value", "شاهد أقوى المسلسلات و الأفلام حصرياً دون توقف"): Verify element property value successfully

2023-10-16 14:15:51 - [MESSAGE][PASSED] - Verify element property value successfully

2023-10-16 14:15:51 - [TEST_STEP][PASSED] - verifyElementPropertyValue(getResponse, "visualElements[2].key", "main_disclaimer_text"): Verify element property value successfully

2023-10-16 14:15:51 - [MESSAGE][PASSED] - Verify element property value successfully

2023-10-16 14:15:51 - [TEST_STEP][PASSED] - verifyElementPropertyValue(getResponse, "visualElements[2].value", "رسوم الاشتراك قد تختلف بناءً على البلد أو طريقة الدفع أو باقة الاشتراك أو الضريبة المضافة أو معامل تحويل العملات والرسوم البنكية. تطبّق الشروط والأحكام."): Verify element property value successfully

2023-10-16 14:15:51 - [MESSAGE][PASSED] - Verify element property value successfully

2023-10-16 14:15:51 - [TEST_STEP][PASSED] - verifyElementPropertyValue(getResponse, "visualElements[4].key", "display_type"): Verify element property value successfully

2023-10-16 14:15:51 - [MESSAGE][PASSED] - Verify element property value successfully

2023-10-16 14:15:51 - [TEST_STEP][PASSED] - verifyElementPropertyValue(getResponse, "visualElements[4].value", "vertical"): Verify element property value successfully

2023-10-16 14:15:51 - [MESSAGE][PASSED] - Verify element property value successfully

2023-10-16 14:15:51 - [TEST_STEP][PASSED] - verifyElementPropertyValue(getResponse, "pages[0].visualElements[0].key", "alternative_payment_title"): Verify element property value successfully

2023-10-16 14:15:51 - [MESSAGE][PASSED] - Verify element property value successfully

2023-10-16 14:15:51 - [TEST_STEP][PASSED] - verifyElementPropertyValue(getResponse, "pages[0].visualElements[0].value", "أو قم باختيار إحدى الطرق البديلة التالية"): Verify element property value successfully

2023-10-16 14:15:51 - [MESSAGE][PASSED] - Verify element property value successfully

2023-10-16 14:15:51 - [TEST_STEP][PASSED] - verifyElementPropertyValue(getResponse, "pages[0].visualElements[1].key", "label_text"): Verify element property value successfully

2023-10-16 14:15:51 - [MESSAGE][PASSED] - Verify element property value successfully

2023-10-16 14:15:51 - [TEST_STEP][PASSED] - verifyElementPropertyValue(getResponse, "pages[0].visualElements[1].value", "طرق الدفع الأخرى"): Verify element property value successfully

2023-10-16 14:15:51 - [MESSAGE][PASSED] - Verify element property value successfully

2023-10-16 14:15:51 - [TEST_STEP][PASSED] - verifyElementPropertyValue(getResponse, "pages[0].visualElements[3].key", "CTA_text"): Verify element property value successfully

2023-10-16 14:15:51 - [MESSAGE][PASSED] - Verify element property value successfully

2023-10-16 14:15:51 - [TEST_STEP][PASSED] - verifyElementPropertyValue(getResponse, "pages[0].visualElements[3].value", "اضغط هنا"): Verify element property value successfully

2023-10-16 14:15:51 - [MESSAGE][PASSED] - Verify element property value successfully

2023-10-16 14:15:51 - [TEST_STEP][PASSED] - verifyElementPropertyValue(getResponse, "pages[0].visualElements[4].key", "main_title"): Verify element property value successfully

2023-10-16 14:15:51 - [MESSAGE][PASSED] - Verify element property value successfully

2023-10-16 14:15:51 - [TEST_STEP][PASSED] - verifyElementPropertyValue(getResponse, "pages[0].visualElements[4].value", "طرق الدفع الأخرى"): Verify element property value successfully

2023-10-16 14:15:51 - [MESSAGE][PASSED] - Verify element property value successfully

2023-10-16 14:15:51 - [TEST_STEP][PASSED] - verifyElementPropertyValue(getResponse, "pages[0].visualElements[6].key", "alternative_payment_methods"): Verify element property value successfully

2023-10-16 14:15:51 - [MESSAGE][PASSED] - Verify element property value successfully

2023-10-16 14:15:51 - [TEST_STEP][PASSED] - verifyElementPropertyValue(getResponse, "pages[0].visualElements[6].value", "يمكنك شراء قسيمة شاهد التسويقية من أي من بائعي التجزئة التاليين"): Verify element property value successfully

2023-10-16 14:15:51 - [MESSAGE][PASSED] - Verify element property value successfully

2023-10-16 14:15:51 - [TEST_STEP][PASSED] - verifyElementPropertyValue(getResponse, "partners[0].name", "Offgamers"): Verify element property value successfully

2023-10-16 14:15:51 - [MESSAGE][PASSED] - Verify element property value successfully

2023-10-16 14:15:51 - [TEST_STEP][PASSED] - verifyElementPropertyValue(getResponse, "partners[0].link", "https://www.offgamers.com/ae/en/shahid-vip"): Verify element property value successfully

2023-10-16 14:15:51 - [MESSAGE][PASSED] - Verify element property value successfully

2023-10-16 14:15:51 - [TEST_STEP][PASSED] - verifyElementPropertyValue(getResponse, "partners[0].logo", "https://shahid-static.s3.amazonaws.com/widget-images/logos/Logo_Offgamers.jpg"): Verify element property value successfully

2023-10-16 14:15:51 - [MESSAGE][PASSED] - Verify element property value successfully

2023-10-16 14:15:51 - [TEST_STEP][PASSED] - verifyElementPropertyValue(getResponse, "partners[0].visible", "true"): Verify element property value successfully

2023-10-16 14:15:51 - [MESSAGE][PASSED] - Verify element property value successfully

2023-10-16 14:15:51 - [TEST_STEP][PASSED] - verifyElementPropertyValue(getResponse, "partners[0].visualElements[0].key", "text"): Verify element property value successfully

2023-10-16 14:15:51 - [MESSAGE][PASSED] - Verify element property value successfully

2023-10-16 14:15:51 - [TEST_STEP][PASSED] - verifyElementPropertyValue(getResponse, "partners[0].visualElements[0].value", "معلومات إضافية"): Verify element property value successfully

2023-10-16 14:15:51 - [MESSAGE][PASSED] - Verify element property value successfully

2023-10-16 14:15:51 - [TEST_STEP][PASSED] - verifyElementPropertyValue(getResponse, "partners[1].name", "Metagames Bilgi Islemleri Limited"): Verify element property value successfully

2023-10-16 14:15:51 - [MESSAGE][PASSED] - Verify element property value successfully

2023-10-16 14:15:51 - [TEST_STEP][PASSED] - verifyElementPropertyValue(getResponse, "partners[1].link", "https://www.mtcgame.com/en-US/shahid/shahid-vip-gift-card-global"): Verify element property value successfully

2023-10-16 14:15:51 - [MESSAGE][PASSED] - Verify element property value successfully

2023-10-16 14:15:51 - [TEST_STEP][PASSED] - verifyElementPropertyValue(getResponse, "partners[1].logo", "https://shahid-static.s3.amazonaws.com/widget-images/logos/Logo_Meta%2BGames.png"): Verify element property value successfully

2023-10-16 14:15:51 - [MESSAGE][PASSED] - Verify element property value successfully

2023-10-16 14:15:51 - [TEST_STEP][PASSED] - verifyElementPropertyValue(getResponse, "partners[1].visible", "true"): Verify element property value successfully

2023-10-16 14:15:51 - [MESSAGE][PASSED] - Verify element property value successfully

2023-10-16 14:15:51 - [TEST_STEP][PASSED] - verifyElementPropertyValue(getResponse, "partners[1].visualElements[0].key", "text"): Verify element property value successfully

2023-10-16 14:15:51 - [MESSAGE][PASSED] - Verify element property value successfully

2023-10-16 14:15:51 - [TEST_STEP][PASSED] - verifyElementPropertyValue(getResponse, "partners[1].visualElements[0].value", "معلومات إضافية"): Verify element property value successfully

2023-10-16 14:15:51 - [MESSAGE][PASSED] - Verify element property value successfully

2023-10-16 14:15:51 - [TEST_STEP][PASSED] - verifyElementPropertyValue(getResponse, "partners[2].name", "Razer Online"): Verify element property value successfully

2023-10-16 14:15:51 - [MESSAGE][PASSED] - Verify element property value successfully

2023-10-16 14:15:51 - [TEST_STEP][PASSED] - verifyElementPropertyValue(getResponse, "partners[2].link", "https://gold.razer.com/global/en/gold/catalog/shahid-vip-north-africa"): Verify element property value successfully

2023-10-16 14:15:51 - [MESSAGE][PASSED] - Verify element property value successfully

2023-10-16 14:15:51 - [TEST_STEP][PASSED] - verifyElementPropertyValue(getResponse, "partners[2].logo", "https://shahid-static.s3.amazonaws.com/widget-images/logos/Coin_RZR%20Gold_Black.png"): Verify element property value successfully

2023-10-16 14:15:51 - [MESSAGE][PASSED] - Verify element property value successfully

2023-10-16 14:15:51 - [TEST_STEP][PASSED] - verifyElementPropertyValue(getResponse, "partners[2].visible", "true"): Verify element property value successfully

2023-10-16 14:15:51 - [MESSAGE][PASSED] - Verify element property value successfully

2023-10-16 14:15:51 - [TEST_STEP][PASSED] - verifyElementPropertyValue(getResponse, "partners[2].visualElements[0].key", "text"): Verify element property value successfully

2023-10-16 14:15:51 - [MESSAGE][PASSED] - Verify element property value successfully

2023-10-16 14:15:51 - [TEST_STEP][PASSED] - verifyElementPropertyValue(getResponse, "partners[2].visualElements[0].value", "معلومات إضافية"): Verify element property value successfully

2023-10-16 14:15:51 - [MESSAGE][PASSED] - Verify element property value successfully

2023-10-16 14:15:51 - [TEST_STEP][PASSED] - verifyElementPropertyValue(getResponse, "defaultPackageId", "SHAHID_VIP"): Verify element property value successfully

2023-10-16 14:15:51 - [MESSAGE][PASSED] - Verify element property value successfully]]></system-out>
         <system-err><![CDATA[]]></system-err>
      </testcase>
      <testcase name="Test Cases/WEB - CHROME/DZA PI/WEB_AR_getSubscriptionConfigForDZA_VIP" time="2.398" classname="Test Cases/WEB - CHROME/DZA PI/WEB_AR_getSubscriptionConfigForDZA_VIP" status="PASSED">
         <system-out><![CDATA[2023-10-16 14:15:51 - [TEST_CASE][PASSED] - Test Cases/WEB - CHROME/DZA PI/WEB_AR_getSubscriptionConfigForDZA_VIP: Test Cases/WEB - CHROME/DZA PI/WEB_AR_getSubscriptionConfigForDZA_VIP

2023-10-16 14:15:51 - [TEST_STEP][PASSED] - getResponse = config_files.getConfigFile.getConfig("WEB", "AR", "SHAHID_VIP", "DZ", "false"): config_files.getConfigFile.getConfig is PASSED

2023-10-16 14:15:52 - [MESSAGE][INFO] - HAR: /Users/admin/git/shahid-configuration/Reports/20231016_140310/WEB/DZA/20231016_140333/requests/main/2.har

2023-10-16 14:15:52 - [MESSAGE][PASSED] - Send request successfully

2023-10-16 14:15:52 - [MESSAGE][PASSED] - config_files.getConfigFile.getConfig is PASSED

2023-10-16 14:15:52 - [TEST_STEP][PASSED] - verifyResponseStatusCode(getResponse, 200): Verify response status code successfully

2023-10-16 14:15:52 - [MESSAGE][PASSED] - Verify response status code successfully

2023-10-16 14:15:52 - [TEST_STEP][PASSED] - verifyElementPropertyValue(getResponse, "country", "DZA"): Verify element property value successfully

2023-10-16 14:15:52 - [MESSAGE][PASSED] - Verify element property value successfully

2023-10-16 14:15:52 - [TEST_STEP][PASSED] - verifyElementPropertyValue(getResponse, "platform", "[WEB]"): Verify element property value successfully

2023-10-16 14:15:52 - [MESSAGE][PASSED] - Verify element property value successfully

2023-10-16 14:15:52 - [TEST_STEP][PASSED] - verifyElementPropertyValue(getResponse, "groups[0].pricingPlans[0].featured", "true"): Verify element property value successfully

2023-10-16 14:15:52 - [MESSAGE][PASSED] - Verify element property value successfully

2023-10-16 14:15:52 - [TEST_STEP][PASSED] - verifyElementPropertyValue(getResponse, "groups[0].pricingPlans[0].packageId", "SHAHID_VIP"): Verify element property value successfully

2023-10-16 14:15:52 - [MESSAGE][PASSED] - Verify element property value successfully

2023-10-16 14:15:52 - [TEST_STEP][PASSED] - verifyElementPropertyValue(getResponse, "groups[0].pricingPlans[0].catalogId", "VIP"): Verify element property value successfully

2023-10-16 14:15:52 - [MESSAGE][PASSED] - Verify element property value successfully

2023-10-16 14:15:52 - [TEST_STEP][PASSED] - verifyElementPropertyValue(getResponse, "groups[0].pricingPlans[0].visualElements[0].key", "Header_1_text"): Verify element property value successfully

2023-10-16 14:15:52 - [MESSAGE][PASSED] - Verify element property value successfully

2023-10-16 14:15:52 - [TEST_STEP][PASSED] - verifyElementPropertyValue(getResponse, "groups[0].pricingPlans[0].visualElements[0].value", "شاهد أقوى المسلسلات و الأفلام حصرياً دون توقف"): Verify element property value successfully

2023-10-16 14:15:52 - [MESSAGE][PASSED] - Verify element property value successfully

2023-10-16 14:15:52 - [TEST_STEP][PASSED] - verifyElementPropertyValue(getResponse, "groups[0].pricingPlans[0].visualElements[1].key", "display_title"): Verify element property value successfully

2023-10-16 14:15:52 - [MESSAGE][PASSED] - Verify element property value successfully

2023-10-16 14:15:52 - [TEST_STEP][PASSED] - verifyElementPropertyValue(getResponse, "groups[0].pricingPlans[0].visualElements[1].value", "الاشتراك الشهري"): Verify element property value successfully

2023-10-16 14:15:52 - [MESSAGE][PASSED] - Verify element property value successfully

2023-10-16 14:15:52 - [TEST_STEP][PASSED] - verifyElementPropertyValue(getResponse, "groups[0].pricingPlans[0].visualElements[2].key", "promo_text"): Verify element property value successfully

2023-10-16 14:15:52 - [MESSAGE][PASSED] - Verify element property value successfully

2023-10-16 14:15:52 - [TEST_STEP][PASSED] - verifyElementPropertyValue(getResponse, "groups[0].pricingPlans[0].visualElements[2].value", "401 DZD / شهرياً"): Verify element property value successfully

2023-10-16 14:15:52 - [MESSAGE][PASSED] - Verify element property value successfully

2023-10-16 14:15:52 - [TEST_STEP][PASSED] - verifyElementPropertyValue(getResponse, "groups[0].pricingPlans[0].visualElements[3].key", "deduction_text"): Verify element property value successfully

2023-10-16 14:15:53 - [MESSAGE][PASSED] - Verify element property value successfully

2023-10-16 14:15:53 - [TEST_STEP][PASSED] - verifyElementPropertyValue(getResponse, "groups[0].pricingPlans[0].visualElements[3].value", "تدفع شهرياً"): Verify element property value successfully

2023-10-16 14:15:53 - [MESSAGE][PASSED] - Verify element property value successfully

2023-10-16 14:15:53 - [TEST_STEP][PASSED] - verifyElementPropertyValue(getResponse, "groups[0].pricingPlans[0].visualElements[6].key", "show_payment_logo"): Verify element property value successfully

2023-10-16 14:15:53 - [MESSAGE][PASSED] - Verify element property value successfully

2023-10-16 14:15:53 - [TEST_STEP][PASSED] - verifyElementPropertyValue(getResponse, "groups[0].pricingPlans[0].visualElements[6].value", "true"): Verify element property value successfully

2023-10-16 14:15:53 - [MESSAGE][PASSED] - Verify element property value successfully

2023-10-16 14:15:53 - [TEST_STEP][PASSED] - verifyElementPropertyValue(getResponse, "groups[0].pricingPlans[0].visualElements[8].key", "price"): Verify element property value successfully

2023-10-16 14:15:53 - [MESSAGE][PASSED] - Verify element property value successfully

2023-10-16 14:15:53 - [TEST_STEP][PASSED] - verifyElementPropertyValue(getResponse, "groups[0].pricingPlans[0].visualElements[8].value", "401"): Verify element property value successfully

2023-10-16 14:15:53 - [MESSAGE][PASSED] - Verify element property value successfully

2023-10-16 14:15:53 - [TEST_STEP][PASSED] - verifyElementPropertyValue(getResponse, "groups[0].pricingPlans[0].visualElements[9].key", "currency"): Verify element property value successfully

2023-10-16 14:15:53 - [MESSAGE][PASSED] - Verify element property value successfully

2023-10-16 14:15:53 - [TEST_STEP][PASSED] - verifyElementPropertyValue(getResponse, "groups[0].pricingPlans[0].visualElements[9].value", "DZD"): Verify element property value successfully

2023-10-16 14:15:53 - [MESSAGE][PASSED] - Verify element property value successfully

2023-10-16 14:15:53 - [TEST_STEP][PASSED] - verifyElementPropertyValue(getResponse, "groups[0].pricingPlans[0].visualElements[10].key", "duration"): Verify element property value successfully

2023-10-16 14:15:53 - [MESSAGE][PASSED] - Verify element property value successfully

2023-10-16 14:15:53 - [TEST_STEP][PASSED] - verifyElementPropertyValue(getResponse, "groups[0].pricingPlans[0].visualElements[10].value", "شهرياً"): Verify element property value successfully

2023-10-16 14:15:53 - [MESSAGE][PASSED] - Verify element property value successfully

2023-10-16 14:15:53 - [TEST_STEP][PASSED] - verifyElementPropertyValue(getResponse, "groups[0].pricingPlans[0].order", "0"): Verify element property value successfully

2023-10-16 14:15:53 - [MESSAGE][PASSED] - Verify element property value successfully

2023-10-16 14:15:53 - [TEST_STEP][PASSED] - verifyElementPropertyValue(getResponse, "groups[0].pricingPlans[0].period", "monthly"): Verify element property value successfully

2023-10-16 14:15:53 - [MESSAGE][PASSED] - Verify element property value successfully

2023-10-16 14:15:53 - [TEST_STEP][PASSED] - verifyElementPropertyValue(getResponse, "groups[0].pricingPlans[0].price", "401.0"): Verify element property value successfully

2023-10-16 14:15:53 - [MESSAGE][PASSED] - Verify element property value successfully

2023-10-16 14:15:53 - [TEST_STEP][PASSED] - verifyElementPropertyValue(getResponse, "groups[0].pricingPlans[0].currency", "DZD"): Verify element property value successfully

2023-10-16 14:15:53 - [MESSAGE][PASSED] - Verify element property value successfully

2023-10-16 14:15:53 - [TEST_STEP][PASSED] - verifyElementPropertyValue(getResponse, "groups[0].pricingPlans[0].pricingPlanData[0].productId", "DZA_B2C_SHAHID_VIP_1M"): Verify element property value successfully

2023-10-16 14:15:53 - [MESSAGE][PASSED] - Verify element property value successfully

2023-10-16 14:15:53 - [TEST_STEP][PASSED] - verifyElementPropertyValue(getResponse, "groups[0].pricingPlans[0].pricingPlanData[0].subPricingPlanIds", "null"): Verify element property value successfully

2023-10-16 14:15:53 - [MESSAGE][PASSED] - Verify element property value successfully

2023-10-16 14:15:53 - [TEST_STEP][PASSED] - verifyElementPropertyValue(getResponse, "groups[0].pricingPlans[0].pricingPlanData[0].paymentMethod", "CREDIT_CARD"): Verify element property value successfully

2023-10-16 14:15:53 - [MESSAGE][PASSED] - Verify element property value successfully

2023-10-16 14:15:53 - [TEST_STEP][PASSED] - verifyElementPropertyValue(getResponse, "groups[0].pricingPlans[0].pricingPlanData[0].freeTrialEnabled", "false"): Verify element property value successfully

2023-10-16 14:15:53 - [MESSAGE][PASSED] - Verify element property value successfully

2023-10-16 14:15:53 - [TEST_STEP][PASSED] - verifyElementPropertyValue(getResponse, "groups[0].pricingPlans[0].pricingPlanData[0].visualElements[0].key", "title"): Verify element property value successfully

2023-10-16 14:15:53 - [MESSAGE][PASSED] - Verify element property value successfully

2023-10-16 14:15:53 - [TEST_STEP][PASSED] - verifyElementPropertyValue(getResponse, "groups[0].pricingPlans[0].pricingPlanData[0].visualElements[0].value", "البطاقة المصرفية"): Verify element property value successfully

2023-10-16 14:15:53 - [MESSAGE][PASSED] - Verify element property value successfully

2023-10-16 14:15:53 - [TEST_STEP][PASSED] - verifyElementPropertyValue(getResponse, "groups[0].pricingPlans[0].pricingPlanData[0].visualElements[1].key", "CTA_text"): Verify element property value successfully

2023-10-16 14:15:53 - [MESSAGE][PASSED] - Verify element property value successfully

2023-10-16 14:15:53 - [TEST_STEP][PASSED] - verifyElementPropertyValue(getResponse, "groups[0].pricingPlans[0].pricingPlanData[0].visualElements[1].value", "اشترك"): Verify element property value successfully

2023-10-16 14:15:53 - [MESSAGE][PASSED] - Verify element property value successfully

2023-10-16 14:15:53 - [TEST_STEP][PASSED] - verifyElementPropertyValue(getResponse, "groups[0].pricingPlans[0].pricingPlanData[0].visualElements[2].key", "logo"): Verify element property value successfully

2023-10-16 14:15:53 - [MESSAGE][PASSED] - Verify element property value successfully

2023-10-16 14:15:53 - [TEST_STEP][PASSED] - verifyElementPropertyValue(getResponse, "groups[0].pricingPlans[0].pricingPlanData[0].visualElements[2].value", "https://static.s3.shahid.mbc.net/widget-images/icons/iconCreditCard.png"): Verify element property value successfully

2023-10-16 14:15:53 - [MESSAGE][PASSED] - Verify element property value successfully

2023-10-16 14:15:53 - [TEST_STEP][PASSED] - verifyElementPropertyValue(getResponse, "groups[0].pricingPlans[0].pricingPlanData[0].priceLabel", "401"): Verify element property value successfully

2023-10-16 14:15:53 - [MESSAGE][PASSED] - Verify element property value successfully

2023-10-16 14:15:53 - [TEST_STEP][PASSED] - verifyElementPropertyValue(getResponse, "groups[0].pricingPlans[0].pricingPlanData[0].currencyLabel", "DZD"): Verify element property value successfully

2023-10-16 14:15:53 - [MESSAGE][PASSED] - Verify element property value successfully

2023-10-16 14:15:53 - [TEST_STEP][PASSED] - verifyElementPropertyValue(getResponse, "groups[0].pricingPlans[1].featured", "false"): Verify element property value successfully

2023-10-16 14:15:53 - [MESSAGE][PASSED] - Verify element property value successfully

2023-10-16 14:15:53 - [TEST_STEP][PASSED] - verifyElementPropertyValue(getResponse, "groups[0].pricingPlans[1].packageId", "SHAHID_VIP"): Verify element property value successfully

2023-10-16 14:15:53 - [MESSAGE][PASSED] - Verify element property value successfully

2023-10-16 14:15:53 - [TEST_STEP][PASSED] - verifyElementPropertyValue(getResponse, "groups[0].pricingPlans[1].catalogId", "VIP"): Verify element property value successfully

2023-10-16 14:15:53 - [MESSAGE][PASSED] - Verify element property value successfully

2023-10-16 14:15:53 - [TEST_STEP][PASSED] - verifyElementPropertyValue(getResponse, "groups[0].pricingPlans[1].visualElements[0].key", "Header_1_text"): Verify element property value successfully

2023-10-16 14:15:53 - [MESSAGE][PASSED] - Verify element property value successfully

2023-10-16 14:15:53 - [TEST_STEP][PASSED] - verifyElementPropertyValue(getResponse, "groups[0].pricingPlans[1].visualElements[0].value", "شاهد أقوى المسلسلات و الأفلام حصرياً دون توقف"): Verify element property value successfully

2023-10-16 14:15:53 - [MESSAGE][PASSED] - Verify element property value successfully

2023-10-16 14:15:53 - [TEST_STEP][PASSED] - verifyElementPropertyValue(getResponse, "groups[0].pricingPlans[1].visualElements[1].key", "display_title"): Verify element property value successfully

2023-10-16 14:15:53 - [MESSAGE][PASSED] - Verify element property value successfully

2023-10-16 14:15:53 - [TEST_STEP][PASSED] - verifyElementPropertyValue(getResponse, "groups[0].pricingPlans[1].visualElements[1].value", "الاشتراك السنوي"): Verify element property value successfully

2023-10-16 14:15:53 - [MESSAGE][PASSED] - Verify element property value successfully

2023-10-16 14:15:53 - [TEST_STEP][PASSED] - verifyElementPropertyValue(getResponse, "groups[0].pricingPlans[1].visualElements[2].key", "tag_text"): Verify element property value successfully

2023-10-16 14:15:53 - [MESSAGE][PASSED] - Verify element property value successfully

2023-10-16 14:15:53 - [TEST_STEP][PASSED] - verifyElementPropertyValue(getResponse, "groups[0].pricingPlans[1].visualElements[2].value", "وفر25%"): Verify element property value successfully

2023-10-16 14:15:53 - [MESSAGE][PASSED] - Verify element property value successfully

2023-10-16 14:15:53 - [TEST_STEP][PASSED] - verifyElementPropertyValue(getResponse, "groups[0].pricingPlans[1].visualElements[3].key", "promo_text"): Verify element property value successfully

2023-10-16 14:15:53 - [MESSAGE][PASSED] - Verify element property value successfully

2023-10-16 14:15:53 - [TEST_STEP][PASSED] - verifyElementPropertyValue(getResponse, "groups[0].pricingPlans[1].visualElements[3].value", "300.08 DZD / شهرياً"): Verify element property value successfully

2023-10-16 14:15:53 - [MESSAGE][PASSED] - Verify element property value successfully

2023-10-16 14:15:53 - [TEST_STEP][PASSED] - verifyElementPropertyValue(getResponse, "groups[0].pricingPlans[1].visualElements[4].key", "deduction_text"): Verify element property value successfully

2023-10-16 14:15:53 - [MESSAGE][PASSED] - Verify element property value successfully

2023-10-16 14:15:53 - [TEST_STEP][PASSED] - verifyElementPropertyValue(getResponse, "groups[0].pricingPlans[1].visualElements[4].value", " 3601 DZD  تدفع سنوياً"): Verify element property value successfully

2023-10-16 14:15:53 - [MESSAGE][PASSED] - Verify element property value successfully

2023-10-16 14:15:53 - [TEST_STEP][PASSED] - verifyElementPropertyValue(getResponse, "groups[0].pricingPlans[1].visualElements[7].key", "show_payment_logo"): Verify element property value successfully

2023-10-16 14:15:53 - [MESSAGE][PASSED] - Verify element property value successfully

2023-10-16 14:15:53 - [TEST_STEP][PASSED] - verifyElementPropertyValue(getResponse, "groups[0].pricingPlans[1].visualElements[7].value", "true"): Verify element property value successfully

2023-10-16 14:15:53 - [MESSAGE][PASSED] - Verify element property value successfully

2023-10-16 14:15:53 - [TEST_STEP][PASSED] - verifyElementPropertyValue(getResponse, "groups[0].pricingPlans[1].visualElements[8].key", "show_tag"): Verify element property value successfully

2023-10-16 14:15:53 - [MESSAGE][PASSED] - Verify element property value successfully

2023-10-16 14:15:53 - [TEST_STEP][PASSED] - verifyElementPropertyValue(getResponse, "groups[0].pricingPlans[1].visualElements[8].value", "true"): Verify element property value successfully

2023-10-16 14:15:53 - [MESSAGE][PASSED] - Verify element property value successfully

2023-10-16 14:15:53 - [TEST_STEP][PASSED] - verifyElementPropertyValue(getResponse, "groups[0].pricingPlans[1].visualElements[10].key", "price"): Verify element property value successfully

2023-10-16 14:15:53 - [MESSAGE][PASSED] - Verify element property value successfully

2023-10-16 14:15:53 - [TEST_STEP][PASSED] - verifyElementPropertyValue(getResponse, "groups[0].pricingPlans[1].visualElements[10].value", "3601"): Verify element property value successfully

2023-10-16 14:15:53 - [MESSAGE][PASSED] - Verify element property value successfully

2023-10-16 14:15:53 - [TEST_STEP][PASSED] - verifyElementPropertyValue(getResponse, "groups[0].pricingPlans[1].visualElements[11].key", "currency"): Verify element property value successfully

2023-10-16 14:15:53 - [MESSAGE][PASSED] - Verify element property value successfully

2023-10-16 14:15:53 - [TEST_STEP][PASSED] - verifyElementPropertyValue(getResponse, "groups[0].pricingPlans[1].visualElements[11].value", "DZD"): Verify element property value successfully

2023-10-16 14:15:53 - [MESSAGE][PASSED] - Verify element property value successfully

2023-10-16 14:15:53 - [TEST_STEP][PASSED] - verifyElementPropertyValue(getResponse, "groups[0].pricingPlans[1].visualElements[12].key", "duration"): Verify element property value successfully

2023-10-16 14:15:53 - [MESSAGE][PASSED] - Verify element property value successfully

2023-10-16 14:15:53 - [TEST_STEP][PASSED] - verifyElementPropertyValue(getResponse, "groups[0].pricingPlans[1].visualElements[12].value", "سنوياً"): Verify element property value successfully

2023-10-16 14:15:53 - [MESSAGE][PASSED] - Verify element property value successfully

2023-10-16 14:15:53 - [TEST_STEP][PASSED] - verifyElementPropertyValue(getResponse, "groups[0].pricingPlans[1].order", "2"): Verify element property value successfully

2023-10-16 14:15:53 - [MESSAGE][PASSED] - Verify element property value successfully

2023-10-16 14:15:53 - [TEST_STEP][PASSED] - verifyElementPropertyValue(getResponse, "groups[0].pricingPlans[1].period", "yearly"): Verify element property value successfully

2023-10-16 14:15:53 - [MESSAGE][PASSED] - Verify element property value successfully

2023-10-16 14:15:53 - [TEST_STEP][PASSED] - verifyElementPropertyValue(getResponse, "groups[0].pricingPlans[1].price", "3601.0"): Verify element property value successfully

2023-10-16 14:15:53 - [MESSAGE][PASSED] - Verify element property value successfully

2023-10-16 14:15:53 - [TEST_STEP][PASSED] - verifyElementPropertyValue(getResponse, "groups[0].pricingPlans[1].currency", "DZD"): Verify element property value successfully

2023-10-16 14:15:53 - [MESSAGE][PASSED] - Verify element property value successfully

2023-10-16 14:15:53 - [TEST_STEP][PASSED] - verifyElementPropertyValue(getResponse, "groups[0].pricingPlans[1].pricingPlanData[0].productId", "DZA_B2C_SHAHID_VIP_12M"): Verify element property value successfully

2023-10-16 14:15:53 - [MESSAGE][PASSED] - Verify element property value successfully

2023-10-16 14:15:53 - [TEST_STEP][PASSED] - verifyElementPropertyValue(getResponse, "groups[0].pricingPlans[1].pricingPlanData[0].subPricingPlanIds", "null"): Verify element property value successfully

2023-10-16 14:15:53 - [MESSAGE][PASSED] - Verify element property value successfully

2023-10-16 14:15:53 - [TEST_STEP][PASSED] - verifyElementPropertyValue(getResponse, "groups[0].pricingPlans[1].pricingPlanData[0].paymentMethod", "CREDIT_CARD"): Verify element property value successfully

2023-10-16 14:15:53 - [MESSAGE][PASSED] - Verify element property value successfully

2023-10-16 14:15:53 - [TEST_STEP][PASSED] - verifyElementPropertyValue(getResponse, "groups[0].pricingPlans[1].pricingPlanData[0].freeTrialEnabled", "false"): Verify element property value successfully

2023-10-16 14:15:53 - [MESSAGE][PASSED] - Verify element property value successfully

2023-10-16 14:15:53 - [TEST_STEP][PASSED] - verifyElementPropertyValue(getResponse, "groups[0].pricingPlans[1].pricingPlanData[0].visualElements[0].key", "title"): Verify element property value successfully

2023-10-16 14:15:53 - [MESSAGE][PASSED] - Verify element property value successfully

2023-10-16 14:15:53 - [TEST_STEP][PASSED] - verifyElementPropertyValue(getResponse, "groups[0].pricingPlans[1].pricingPlanData[0].visualElements[0].value", "البطاقة المصرفية"): Verify element property value successfully

2023-10-16 14:15:53 - [MESSAGE][PASSED] - Verify element property value successfully

2023-10-16 14:15:53 - [TEST_STEP][PASSED] - verifyElementPropertyValue(getResponse, "groups[0].pricingPlans[1].pricingPlanData[0].visualElements[1].key", "CTA_text"): Verify element property value successfully

2023-10-16 14:15:53 - [MESSAGE][PASSED] - Verify element property value successfully

2023-10-16 14:15:53 - [TEST_STEP][PASSED] - verifyElementPropertyValue(getResponse, "groups[0].pricingPlans[1].pricingPlanData[0].visualElements[1].value", "اشترك"): Verify element property value successfully

2023-10-16 14:15:53 - [MESSAGE][PASSED] - Verify element property value successfully

2023-10-16 14:15:53 - [TEST_STEP][PASSED] - verifyElementPropertyValue(getResponse, "groups[0].pricingPlans[1].pricingPlanData[0].visualElements[2].key", "logo"): Verify element property value successfully

2023-10-16 14:15:53 - [MESSAGE][PASSED] - Verify element property value successfully

2023-10-16 14:15:53 - [TEST_STEP][PASSED] - verifyElementPropertyValue(getResponse, "groups[0].pricingPlans[1].pricingPlanData[0].visualElements[2].value", "https://static.s3.shahid.mbc.net/widget-images/icons/iconCreditCard.png"): Verify element property value successfully

2023-10-16 14:15:53 - [MESSAGE][PASSED] - Verify element property value successfully

2023-10-16 14:15:53 - [TEST_STEP][PASSED] - verifyElementPropertyValue(getResponse, "groups[0].pricingPlans[1].pricingPlanData[0].priceLabel", "3601"): Verify element property value successfully

2023-10-16 14:15:53 - [MESSAGE][PASSED] - Verify element property value successfully

2023-10-16 14:15:53 - [TEST_STEP][PASSED] - verifyElementPropertyValue(getResponse, "groups[0].pricingPlans[1].pricingPlanData[0].currencyLabel", "DZD"): Verify element property value successfully

2023-10-16 14:15:53 - [MESSAGE][PASSED] - Verify element property value successfully

2023-10-16 14:15:53 - [TEST_STEP][PASSED] - verifyElementPropertyValue(getResponse, "groups[0].pricingPlans[1].pricingPlanData[0].allowedForAcquisition", "true"): Verify element property value successfully

2023-10-16 14:15:53 - [MESSAGE][PASSED] - Verify element property value successfully

2023-10-16 14:15:53 - [TEST_STEP][PASSED] - verifyElementPropertyValue(getResponse, "groups[0].pricingPlans[1].pricingPlanData[0].showIn[0]", "VERTICAL_MODE"): Verify element property value successfully

2023-10-16 14:15:53 - [MESSAGE][PASSED] - Verify element property value successfully

2023-10-16 14:15:53 - [TEST_STEP][PASSED] - verifyElementPropertyValue(getResponse, "groups[0].pricingPlans[1].pricingPlanData[0].showIn[1]", "HORIZONTAL_MODE"): Verify element property value successfully

2023-10-16 14:15:53 - [MESSAGE][PASSED] - Verify element property value successfully

2023-10-16 14:15:53 - [TEST_STEP][PASSED] - verifyElementPropertyValue(getResponse, "visualElements[0].key", "main_CTA_text_1"): Verify element property value successfully

2023-10-16 14:15:53 - [MESSAGE][PASSED] - Verify element property value successfully

2023-10-16 14:15:53 - [TEST_STEP][PASSED] - verifyElementPropertyValue(getResponse, "visualElements[0].value", "شاهد أقوى المسلسلات و الأفلام حصرياً دون توقف"): Verify element property value successfully

2023-10-16 14:15:53 - [MESSAGE][PASSED] - Verify element property value successfully

2023-10-16 14:15:53 - [TEST_STEP][PASSED] - verifyElementPropertyValue(getResponse, "visualElements[2].key", "main_disclaimer_text"): Verify element property value successfully

2023-10-16 14:15:53 - [MESSAGE][PASSED] - Verify element property value successfully

2023-10-16 14:15:53 - [TEST_STEP][PASSED] - verifyElementPropertyValue(getResponse, "visualElements[2].value", "رسوم الاشتراك قد تختلف بناءً على البلد أو طريقة الدفع أو باقة الاشتراك أو الضريبة المضافة أو معامل تحويل العملات والرسوم البنكية. تطبّق الشروط والأحكام."): Verify element property value successfully

2023-10-16 14:15:53 - [MESSAGE][PASSED] - Verify element property value successfully

2023-10-16 14:15:53 - [TEST_STEP][PASSED] - verifyElementPropertyValue(getResponse, "visualElements[4].key", "display_type"): Verify element property value successfully

2023-10-16 14:15:53 - [MESSAGE][PASSED] - Verify element property value successfully

2023-10-16 14:15:53 - [TEST_STEP][PASSED] - verifyElementPropertyValue(getResponse, "visualElements[4].value", "vertical"): Verify element property value successfully

2023-10-16 14:15:53 - [MESSAGE][PASSED] - Verify element property value successfully

2023-10-16 14:15:53 - [TEST_STEP][PASSED] - verifyElementPropertyValue(getResponse, "pages[0].visualElements[0].key", "alternative_payment_title"): Verify element property value successfully

2023-10-16 14:15:53 - [MESSAGE][PASSED] - Verify element property value successfully

2023-10-16 14:15:53 - [TEST_STEP][PASSED] - verifyElementPropertyValue(getResponse, "pages[0].visualElements[0].value", "أو قم باختيار إحدى الطرق البديلة التالية"): Verify element property value successfully

2023-10-16 14:15:53 - [MESSAGE][PASSED] - Verify element property value successfully

2023-10-16 14:15:53 - [TEST_STEP][PASSED] - verifyElementPropertyValue(getResponse, "pages[0].visualElements[1].key", "label_text"): Verify element property value successfully

2023-10-16 14:15:53 - [MESSAGE][PASSED] - Verify element property value successfully

2023-10-16 14:15:53 - [TEST_STEP][PASSED] - verifyElementPropertyValue(getResponse, "pages[0].visualElements[1].value", "طرق الدفع الأخرى"): Verify element property value successfully

2023-10-16 14:15:53 - [MESSAGE][PASSED] - Verify element property value successfully

2023-10-16 14:15:53 - [TEST_STEP][PASSED] - verifyElementPropertyValue(getResponse, "pages[0].visualElements[3].key", "CTA_text"): Verify element property value successfully

2023-10-16 14:15:53 - [MESSAGE][PASSED] - Verify element property value successfully

2023-10-16 14:15:53 - [TEST_STEP][PASSED] - verifyElementPropertyValue(getResponse, "pages[0].visualElements[3].value", "اضغط هنا"): Verify element property value successfully

2023-10-16 14:15:53 - [MESSAGE][PASSED] - Verify element property value successfully

2023-10-16 14:15:53 - [TEST_STEP][PASSED] - verifyElementPropertyValue(getResponse, "pages[0].visualElements[4].key", "main_title"): Verify element property value successfully

2023-10-16 14:15:53 - [MESSAGE][PASSED] - Verify element property value successfully

2023-10-16 14:15:53 - [TEST_STEP][PASSED] - verifyElementPropertyValue(getResponse, "pages[0].visualElements[4].value", "طرق الدفع الأخرى"): Verify element property value successfully

2023-10-16 14:15:53 - [MESSAGE][PASSED] - Verify element property value successfully

2023-10-16 14:15:53 - [TEST_STEP][PASSED] - verifyElementPropertyValue(getResponse, "pages[0].visualElements[6].key", "alternative_payment_methods"): Verify element property value successfully

2023-10-16 14:15:53 - [MESSAGE][PASSED] - Verify element property value successfully

2023-10-16 14:15:53 - [TEST_STEP][PASSED] - verifyElementPropertyValue(getResponse, "pages[0].visualElements[6].value", "يمكنك شراء قسيمة شاهد التسويقية من أي من بائعي التجزئة التاليين"): Verify element property value successfully

2023-10-16 14:15:53 - [MESSAGE][PASSED] - Verify element property value successfully

2023-10-16 14:15:53 - [TEST_STEP][PASSED] - verifyElementPropertyValue(getResponse, "partners[0].name", "Offgamers"): Verify element property value successfully

2023-10-16 14:15:53 - [MESSAGE][PASSED] - Verify element property value successfully

2023-10-16 14:15:53 - [TEST_STEP][PASSED] - verifyElementPropertyValue(getResponse, "partners[0].link", "https://www.offgamers.com/ae/en/shahid-vip"): Verify element property value successfully

2023-10-16 14:15:53 - [MESSAGE][PASSED] - Verify element property value successfully

2023-10-16 14:15:53 - [TEST_STEP][PASSED] - verifyElementPropertyValue(getResponse, "partners[0].logo", "https://shahid-static.s3.amazonaws.com/widget-images/logos/Logo_Offgamers.jpg"): Verify element property value successfully

2023-10-16 14:15:53 - [MESSAGE][PASSED] - Verify element property value successfully

2023-10-16 14:15:53 - [TEST_STEP][PASSED] - verifyElementPropertyValue(getResponse, "partners[0].visible", "true"): Verify element property value successfully

2023-10-16 14:15:53 - [MESSAGE][PASSED] - Verify element property value successfully

2023-10-16 14:15:53 - [TEST_STEP][PASSED] - verifyElementPropertyValue(getResponse, "partners[0].visualElements[0].key", "text"): Verify element property value successfully

2023-10-16 14:15:53 - [MESSAGE][PASSED] - Verify element property value successfully

2023-10-16 14:15:53 - [TEST_STEP][PASSED] - verifyElementPropertyValue(getResponse, "partners[0].visualElements[0].value", "معلومات إضافية"): Verify element property value successfully

2023-10-16 14:15:53 - [MESSAGE][PASSED] - Verify element property value successfully

2023-10-16 14:15:53 - [TEST_STEP][PASSED] - verifyElementPropertyValue(getResponse, "partners[1].name", "Metagames Bilgi Islemleri Limited"): Verify element property value successfully

2023-10-16 14:15:53 - [MESSAGE][PASSED] - Verify element property value successfully

2023-10-16 14:15:53 - [TEST_STEP][PASSED] - verifyElementPropertyValue(getResponse, "partners[1].link", "https://www.mtcgame.com/en-US/shahid/shahid-vip-gift-card-global"): Verify element property value successfully

2023-10-16 14:15:53 - [MESSAGE][PASSED] - Verify element property value successfully

2023-10-16 14:15:53 - [TEST_STEP][PASSED] - verifyElementPropertyValue(getResponse, "partners[1].logo", "https://shahid-static.s3.amazonaws.com/widget-images/logos/Logo_Meta%2BGames.png"): Verify element property value successfully

2023-10-16 14:15:53 - [MESSAGE][PASSED] - Verify element property value successfully

2023-10-16 14:15:53 - [TEST_STEP][PASSED] - verifyElementPropertyValue(getResponse, "partners[1].visible", "true"): Verify element property value successfully

2023-10-16 14:15:53 - [MESSAGE][PASSED] - Verify element property value successfully

2023-10-16 14:15:53 - [TEST_STEP][PASSED] - verifyElementPropertyValue(getResponse, "partners[1].visualElements[0].key", "text"): Verify element property value successfully

2023-10-16 14:15:53 - [MESSAGE][PASSED] - Verify element property value successfully

2023-10-16 14:15:53 - [TEST_STEP][PASSED] - verifyElementPropertyValue(getResponse, "partners[1].visualElements[0].value", "معلومات إضافية"): Verify element property value successfully

2023-10-16 14:15:53 - [MESSAGE][PASSED] - Verify element property value successfully

2023-10-16 14:15:53 - [TEST_STEP][PASSED] - verifyElementPropertyValue(getResponse, "partners[2].name", "Razer Online"): Verify element property value successfully

2023-10-16 14:15:53 - [MESSAGE][PASSED] - Verify element property value successfully

2023-10-16 14:15:53 - [TEST_STEP][PASSED] - verifyElementPropertyValue(getResponse, "partners[2].link", "https://gold.razer.com/global/en/gold/catalog/shahid-vip-north-africa"): Verify element property value successfully

2023-10-16 14:15:53 - [MESSAGE][PASSED] - Verify element property value successfully

2023-10-16 14:15:53 - [TEST_STEP][PASSED] - verifyElementPropertyValue(getResponse, "partners[2].logo", "https://shahid-static.s3.amazonaws.com/widget-images/logos/Coin_RZR%20Gold_Black.png"): Verify element property value successfully

2023-10-16 14:15:53 - [MESSAGE][PASSED] - Verify element property value successfully

2023-10-16 14:15:53 - [TEST_STEP][PASSED] - verifyElementPropertyValue(getResponse, "partners[2].visible", "true"): Verify element property value successfully

2023-10-16 14:15:53 - [MESSAGE][PASSED] - Verify element property value successfully

2023-10-16 14:15:53 - [TEST_STEP][PASSED] - verifyElementPropertyValue(getResponse, "partners[2].visualElements[0].key", "text"): Verify element property value successfully

2023-10-16 14:15:53 - [MESSAGE][PASSED] - Verify element property value successfully

2023-10-16 14:15:53 - [TEST_STEP][PASSED] - verifyElementPropertyValue(getResponse, "partners[2].visualElements[0].value", "معلومات إضافية"): Verify element property value successfully

2023-10-16 14:15:53 - [MESSAGE][PASSED] - Verify element property value successfully

2023-10-16 14:15:53 - [TEST_STEP][PASSED] - verifyElementPropertyValue(getResponse, "defaultPackageId", "SHAHID_VIP"): Verify element property value successfully

2023-10-16 14:15:53 - [MESSAGE][PASSED] - Verify element property value successfully]]></system-out>
         <system-err><![CDATA[]]></system-err>
      </testcase>
      <testcase name="Test Cases/WEB - CHROME/DZA PI/WEB_EN_getSubscriptionConfigForDZA_SPORT" time="2.066" classname="Test Cases/WEB - CHROME/DZA PI/WEB_EN_getSubscriptionConfigForDZA_SPORT" status="FAILED">
         <failure type="FAILED" message="Test Cases/WEB - CHROME/DZA PI/WEB_EN_getSubscriptionConfigForDZA_SPORT FAILED.
Reason:
com.kms.katalon.core.exception.StepFailedException: Expected element property value '8251' is not equal with actual property value '8251.0'
	at com.kms.katalon.core.keyword.internal.KeywordMain.stepFailed(KeywordMain.groovy:39)
	at com.kms.katalon.core.webservice.keyword.builtin.VerifyElementPropertyValueKeyword$_verifyElementPropertyValue_closure1.doCall(VerifyElementPropertyValueKeyword.groovy:56)
	at com.kms.katalon.core.webservice.keyword.builtin.VerifyElementPropertyValueKeyword$_verifyElementPropertyValue_closure1.call(VerifyElementPropertyValueKeyword.groovy)
	at com.kms.katalon.core.keyword.internal.KeywordMain.runKeyword(KeywordMain.groovy:75)
	at com.kms.katalon.core.webservice.keyword.builtin.VerifyElementPropertyValueKeyword.verifyElementPropertyValue(VerifyElementPropertyValueKeyword.groovy:48)
	at com.kms.katalon.core.webservice.keyword.builtin.VerifyElementPropertyValueKeyword.execute(VerifyElementPropertyValueKeyword.groovy:43)
	at com.kms.katalon.core.keyword.internal.KeywordExecutor.executeKeywordForPlatform(KeywordExecutor.groovy:74)
	at com.kms.katalon.core.webservice.keyword.WSBuiltInKeywords.verifyElementPropertyValue(WSBuiltInKeywords.groovy:190)
	at com.kms.katalon.core.webservice.keyword.WSBuiltInKeywords$verifyElementPropertyValue$1.call(Unknown Source)
	at WEB_EN_getSubscriptionConfigForDZA_SPORT.run(WEB_EN_getSubscriptionConfigForDZA_SPORT:116)
	at com.kms.katalon.core.main.ScriptEngine.run(ScriptEngine.java:194)
	at com.kms.katalon.core.main.ScriptEngine.runScriptAsRawText(ScriptEngine.java:119)
	at com.kms.katalon.core.main.TestCaseExecutor.runScript(TestCaseExecutor.java:448)
	at com.kms.katalon.core.main.TestCaseExecutor.doExecute(TestCaseExecutor.java:439)
	at com.kms.katalon.core.main.TestCaseExecutor.processExecutionPhase(TestCaseExecutor.java:418)
	at com.kms.katalon.core.main.TestCaseExecutor.accessMainPhase(TestCaseExecutor.java:410)
	at com.kms.katalon.core.main.TestCaseExecutor.execute(TestCaseExecutor.java:285)
	at com.kms.katalon.core.common.CommonExecutor.accessTestCaseMainPhase(CommonExecutor.java:65)
	at com.kms.katalon.core.main.TestSuiteExecutor.accessTestSuiteMainPhase(TestSuiteExecutor.java:148)
	at com.kms.katalon.core.main.TestSuiteExecutor.execute(TestSuiteExecutor.java:106)
	at com.kms.katalon.core.main.TestCaseMain.startTestSuite(TestCaseMain.java:187)
	at com.kms.katalon.core.main.TestCaseMain$startTestSuite$0.call(Unknown Source)
	at TempTestSuite1697454213703.run(TempTestSuite1697454213703.groovy:36)
"/>
         <system-out><![CDATA[2023-10-16 14:15:53 - [TEST_CASE][FAILED] - Test Cases/WEB - CHROME/DZA PI/WEB_EN_getSubscriptionConfigForDZA_SPORT: Test Cases/WEB - CHROME/DZA PI/WEB_EN_getSubscriptionConfigForDZA_SPORT FAILED.
Reason:
com.kms.katalon.core.exception.StepFailedException: Expected element property value '8251' is not equal with actual property value '8251.0'
	at com.kms.katalon.core.keyword.internal.KeywordMain.stepFailed(KeywordMain.groovy:39)
	at com.kms.katalon.core.webservice.keyword.builtin.VerifyElementPropertyValueKeyword$_verifyElementPropertyValue_closure1.doCall(VerifyElementPropertyValueKeyword.groovy:56)
	at com.kms.katalon.core.webservice.keyword.builtin.VerifyElementPropertyValueKeyword$_verifyElementPropertyValue_closure1.call(VerifyElementPropertyValueKeyword.groovy)
	at com.kms.katalon.core.keyword.internal.KeywordMain.runKeyword(KeywordMain.groovy:75)
	at com.kms.katalon.core.webservice.keyword.builtin.VerifyElementPropertyValueKeyword.verifyElementPropertyValue(VerifyElementPropertyValueKeyword.groovy:48)
	at com.kms.katalon.core.webservice.keyword.builtin.VerifyElementPropertyValueKeyword.execute(VerifyElementPropertyValueKeyword.groovy:43)
	at com.kms.katalon.core.keyword.internal.KeywordExecutor.executeKeywordForPlatform(KeywordExecutor.groovy:74)
	at com.kms.katalon.core.webservice.keyword.WSBuiltInKeywords.verifyElementPropertyValue(WSBuiltInKeywords.groovy:190)
	at com.kms.katalon.core.webservice.keyword.WSBuiltInKeywords$verifyElementPropertyValue$1.call(Unknown Source)
	at WEB_EN_getSubscriptionConfigForDZA_SPORT.run(WEB_EN_getSubscriptionConfigForDZA_SPORT:116)
	at com.kms.katalon.core.main.ScriptEngine.run(ScriptEngine.java:194)
	at com.kms.katalon.core.main.ScriptEngine.runScriptAsRawText(ScriptEngine.java:119)
	at com.kms.katalon.core.main.TestCaseExecutor.runScript(TestCaseExecutor.java:448)
	at com.kms.katalon.core.main.TestCaseExecutor.doExecute(TestCaseExecutor.java:439)
	at com.kms.katalon.core.main.TestCaseExecutor.processExecutionPhase(TestCaseExecutor.java:418)
	at com.kms.katalon.core.main.TestCaseExecutor.accessMainPhase(TestCaseExecutor.java:410)
	at com.kms.katalon.core.main.TestCaseExecutor.execute(TestCaseExecutor.java:285)
	at com.kms.katalon.core.common.CommonExecutor.accessTestCaseMainPhase(CommonExecutor.java:65)
	at com.kms.katalon.core.main.TestSuiteExecutor.accessTestSuiteMainPhase(TestSuiteExecutor.java:148)
	at com.kms.katalon.core.main.TestSuiteExecutor.execute(TestSuiteExecutor.java:106)
	at com.kms.katalon.core.main.TestCaseMain.startTestSuite(TestCaseMain.java:187)
	at com.kms.katalon.core.main.TestCaseMain$startTestSuite$0.call(Unknown Source)
	at TempTestSuite1697454213703.run(TempTestSuite1697454213703.groovy:36)


2023-10-16 14:15:54 - [TEST_STEP][PASSED] - getResponse = config_files.getConfigFile.getConfig("WEB", "EN", "SHAHID_VIP_SPORT", "DZ", "false"): config_files.getConfigFile.getConfig is PASSED

2023-10-16 14:15:54 - [MESSAGE][INFO] - HAR: /Users/admin/git/shahid-configuration/Reports/20231016_140310/WEB/DZA/20231016_140333/requests/main/3.har

2023-10-16 14:15:54 - [MESSAGE][PASSED] - Send request successfully

2023-10-16 14:15:54 - [MESSAGE][PASSED] - config_files.getConfigFile.getConfig is PASSED

2023-10-16 14:15:54 - [TEST_STEP][PASSED] - verifyResponseStatusCode(getResponse, 200): Verify response status code successfully

2023-10-16 14:15:54 - [MESSAGE][PASSED] - Verify response status code successfully

2023-10-16 14:15:54 - [TEST_STEP][PASSED] - verifyElementPropertyValue(getResponse, "country", "DZA"): Verify element property value successfully

2023-10-16 14:15:54 - [MESSAGE][PASSED] - Verify element property value successfully

2023-10-16 14:15:54 - [TEST_STEP][PASSED] - verifyElementPropertyValue(getResponse, "platform", "[WEB]"): Verify element property value successfully

2023-10-16 14:15:54 - [MESSAGE][PASSED] - Verify element property value successfully

2023-10-16 14:15:54 - [TEST_STEP][PASSED] - verifyElementPropertyValue(getResponse, "groups[0].pricingPlans[0].featured", "true"): Verify element property value successfully

2023-10-16 14:15:54 - [MESSAGE][PASSED] - Verify element property value successfully

2023-10-16 14:15:54 - [TEST_STEP][PASSED] - verifyElementPropertyValue(getResponse, "groups[0].pricingPlans[0].packageId", "SHAHID_VIP_SPORT"): Verify element property value successfully

2023-10-16 14:15:54 - [MESSAGE][PASSED] - Verify element property value successfully

2023-10-16 14:15:54 - [TEST_STEP][PASSED] - verifyElementPropertyValue(getResponse, "groups[0].pricingPlans[0].catalogId", "SPORT"): Verify element property value successfully

2023-10-16 14:15:54 - [MESSAGE][PASSED] - Verify element property value successfully

2023-10-16 14:15:54 - [TEST_STEP][PASSED] - verifyElementPropertyValue(getResponse, "groups[0].pricingPlans[0].visualElements[0].key", "Header_1_text"): Verify element property value successfully

2023-10-16 14:15:54 - [MESSAGE][PASSED] - Verify element property value successfully

2023-10-16 14:15:54 - [TEST_STEP][PASSED] - verifyElementPropertyValue(getResponse, "groups[0].pricingPlans[0].visualElements[0].value", "Watch the most powerful series and movies exclusively without stopping"): Verify element property value successfully

2023-10-16 14:15:54 - [MESSAGE][PASSED] - Verify element property value successfully

2023-10-16 14:15:54 - [TEST_STEP][PASSED] - verifyElementPropertyValue(getResponse, "groups[0].pricingPlans[0].visualElements[1].key", "display_title"): Verify element property value successfully

2023-10-16 14:15:54 - [MESSAGE][PASSED] - Verify element property value successfully

2023-10-16 14:15:54 - [TEST_STEP][PASSED] - verifyElementPropertyValue(getResponse, "groups[0].pricingPlans[0].visualElements[1].value", "Monthly Plan"): Verify element property value successfully

2023-10-16 14:15:54 - [MESSAGE][PASSED] - Verify element property value successfully

2023-10-16 14:15:54 - [TEST_STEP][PASSED] - verifyElementPropertyValue(getResponse, "groups[0].pricingPlans[0].visualElements[2].key", "promo_text"): Verify element property value successfully

2023-10-16 14:15:54 - [MESSAGE][PASSED] - Verify element property value successfully

2023-10-16 14:15:54 - [TEST_STEP][PASSED] - verifyElementPropertyValue(getResponse, "groups[0].pricingPlans[0].visualElements[2].value", "801 DZD / month"): Verify element property value successfully

2023-10-16 14:15:54 - [MESSAGE][PASSED] - Verify element property value successfully

2023-10-16 14:15:54 - [TEST_STEP][PASSED] - verifyElementPropertyValue(getResponse, "groups[0].pricingPlans[0].visualElements[3].key", "deduction_text"): Verify element property value successfully

2023-10-16 14:15:55 - [MESSAGE][PASSED] - Verify element property value successfully

2023-10-16 14:15:55 - [TEST_STEP][PASSED] - verifyElementPropertyValue(getResponse, "groups[0].pricingPlans[0].visualElements[3].value", "billed every month"): Verify element property value successfully

2023-10-16 14:15:55 - [MESSAGE][PASSED] - Verify element property value successfully

2023-10-16 14:15:55 - [TEST_STEP][PASSED] - verifyElementPropertyValue(getResponse, "groups[0].pricingPlans[0].visualElements[6].key", "show_payment_logo"): Verify element property value successfully

2023-10-16 14:15:55 - [MESSAGE][PASSED] - Verify element property value successfully

2023-10-16 14:15:55 - [TEST_STEP][PASSED] - verifyElementPropertyValue(getResponse, "groups[0].pricingPlans[0].visualElements[6].value", "true"): Verify element property value successfully

2023-10-16 14:15:55 - [MESSAGE][PASSED] - Verify element property value successfully

2023-10-16 14:15:55 - [TEST_STEP][PASSED] - verifyElementPropertyValue(getResponse, "groups[0].pricingPlans[0].visualElements[8].key", "price"): Verify element property value successfully

2023-10-16 14:15:55 - [MESSAGE][PASSED] - Verify element property value successfully

2023-10-16 14:15:55 - [TEST_STEP][PASSED] - verifyElementPropertyValue(getResponse, "groups[0].pricingPlans[0].visualElements[8].value", "801"): Verify element property value successfully

2023-10-16 14:15:55 - [MESSAGE][PASSED] - Verify element property value successfully

2023-10-16 14:15:55 - [TEST_STEP][PASSED] - verifyElementPropertyValue(getResponse, "groups[0].pricingPlans[0].visualElements[9].key", "currency"): Verify element property value successfully

2023-10-16 14:15:55 - [MESSAGE][PASSED] - Verify element property value successfully

2023-10-16 14:15:55 - [TEST_STEP][PASSED] - verifyElementPropertyValue(getResponse, "groups[0].pricingPlans[0].visualElements[9].value", "DZD"): Verify element property value successfully

2023-10-16 14:15:55 - [MESSAGE][PASSED] - Verify element property value successfully

2023-10-16 14:15:55 - [TEST_STEP][PASSED] - verifyElementPropertyValue(getResponse, "groups[0].pricingPlans[0].visualElements[10].key", "duration"): Verify element property value successfully

2023-10-16 14:15:55 - [MESSAGE][PASSED] - Verify element property value successfully

2023-10-16 14:15:55 - [TEST_STEP][PASSED] - verifyElementPropertyValue(getResponse, "groups[0].pricingPlans[0].visualElements[10].value", "Monthly"): Verify element property value successfully

2023-10-16 14:15:55 - [MESSAGE][PASSED] - Verify element property value successfully

2023-10-16 14:15:55 - [TEST_STEP][PASSED] - verifyElementPropertyValue(getResponse, "groups[0].pricingPlans[0].order", "3"): Verify element property value successfully

2023-10-16 14:15:55 - [MESSAGE][PASSED] - Verify element property value successfully

2023-10-16 14:15:55 - [TEST_STEP][PASSED] - verifyElementPropertyValue(getResponse, "groups[0].pricingPlans[0].period", "monthly"): Verify element property value successfully

2023-10-16 14:15:55 - [MESSAGE][PASSED] - Verify element property value successfully

2023-10-16 14:15:55 - [TEST_STEP][PASSED] - verifyElementPropertyValue(getResponse, "groups[0].pricingPlans[0].price", "801.0"): Verify element property value successfully

2023-10-16 14:15:55 - [MESSAGE][PASSED] - Verify element property value successfully

2023-10-16 14:15:55 - [TEST_STEP][PASSED] - verifyElementPropertyValue(getResponse, "groups[0].pricingPlans[0].currency", "DZD"): Verify element property value successfully

2023-10-16 14:15:55 - [MESSAGE][PASSED] - Verify element property value successfully

2023-10-16 14:15:55 - [TEST_STEP][PASSED] - verifyElementPropertyValue(getResponse, "groups[0].pricingPlans[0].pricingPlanData[0].productId", "DZA_B2C_SHAHID_VIP_SPORT_1M"): Verify element property value successfully

2023-10-16 14:15:55 - [MESSAGE][PASSED] - Verify element property value successfully

2023-10-16 14:15:55 - [TEST_STEP][PASSED] - verifyElementPropertyValue(getResponse, "groups[0].pricingPlans[0].pricingPlanData[0].subPricingPlanIds", "null"): Verify element property value successfully

2023-10-16 14:15:55 - [MESSAGE][PASSED] - Verify element property value successfully

2023-10-16 14:15:55 - [TEST_STEP][PASSED] - verifyElementPropertyValue(getResponse, "groups[0].pricingPlans[0].pricingPlanData[0].paymentMethod", "CREDIT_CARD"): Verify element property value successfully

2023-10-16 14:15:55 - [MESSAGE][PASSED] - Verify element property value successfully

2023-10-16 14:15:55 - [TEST_STEP][PASSED] - verifyElementPropertyValue(getResponse, "groups[0].pricingPlans[0].pricingPlanData[0].freeTrialEnabled", "false"): Verify element property value successfully

2023-10-16 14:15:55 - [MESSAGE][PASSED] - Verify element property value successfully

2023-10-16 14:15:55 - [TEST_STEP][PASSED] - verifyElementPropertyValue(getResponse, "groups[0].pricingPlans[0].pricingPlanData[0].visualElements[0].key", "title"): Verify element property value successfully

2023-10-16 14:15:55 - [MESSAGE][PASSED] - Verify element property value successfully

2023-10-16 14:15:55 - [TEST_STEP][PASSED] - verifyElementPropertyValue(getResponse, "groups[0].pricingPlans[0].pricingPlanData[0].visualElements[0].value", "Credit/Debit Card"): Verify element property value successfully

2023-10-16 14:15:55 - [MESSAGE][PASSED] - Verify element property value successfully

2023-10-16 14:15:55 - [TEST_STEP][PASSED] - verifyElementPropertyValue(getResponse, "groups[0].pricingPlans[0].pricingPlanData[0].visualElements[1].key", "CTA_text"): Verify element property value successfully

2023-10-16 14:15:55 - [MESSAGE][PASSED] - Verify element property value successfully

2023-10-16 14:15:55 - [TEST_STEP][PASSED] - verifyElementPropertyValue(getResponse, "groups[0].pricingPlans[0].pricingPlanData[0].visualElements[1].value", "Subscribe"): Verify element property value successfully

2023-10-16 14:15:55 - [MESSAGE][PASSED] - Verify element property value successfully

2023-10-16 14:15:55 - [TEST_STEP][PASSED] - verifyElementPropertyValue(getResponse, "groups[0].pricingPlans[0].pricingPlanData[0].visualElements[2].key", "logo"): Verify element property value successfully

2023-10-16 14:15:55 - [MESSAGE][PASSED] - Verify element property value successfully

2023-10-16 14:15:55 - [TEST_STEP][PASSED] - verifyElementPropertyValue(getResponse, "groups[0].pricingPlans[0].pricingPlanData[0].visualElements[2].value", "https://static.s3.shahid.mbc.net/widget-images/icons/iconCreditCard.png"): Verify element property value successfully

2023-10-16 14:15:55 - [MESSAGE][PASSED] - Verify element property value successfully

2023-10-16 14:15:55 - [TEST_STEP][PASSED] - verifyElementPropertyValue(getResponse, "groups[0].pricingPlans[0].pricingPlanData[0].priceLabel", "801"): Verify element property value successfully

2023-10-16 14:15:55 - [MESSAGE][PASSED] - Verify element property value successfully

2023-10-16 14:15:55 - [TEST_STEP][PASSED] - verifyElementPropertyValue(getResponse, "groups[0].pricingPlans[0].pricingPlanData[0].currencyLabel", "DZD"): Verify element property value successfully

2023-10-16 14:15:55 - [MESSAGE][PASSED] - Verify element property value successfully

2023-10-16 14:15:55 - [TEST_STEP][PASSED] - verifyElementPropertyValue(getResponse, "groups[0].pricingPlans[1].featured", "false"): Verify element property value successfully

2023-10-16 14:15:55 - [MESSAGE][PASSED] - Verify element property value successfully

2023-10-16 14:15:55 - [TEST_STEP][PASSED] - verifyElementPropertyValue(getResponse, "groups[0].pricingPlans[1].packageId", "SHAHID_VIP_SPORT"): Verify element property value successfully

2023-10-16 14:15:55 - [MESSAGE][PASSED] - Verify element property value successfully

2023-10-16 14:15:55 - [TEST_STEP][PASSED] - verifyElementPropertyValue(getResponse, "groups[0].pricingPlans[1].catalogId", "SPORT"): Verify element property value successfully

2023-10-16 14:15:55 - [MESSAGE][PASSED] - Verify element property value successfully

2023-10-16 14:15:55 - [TEST_STEP][PASSED] - verifyElementPropertyValue(getResponse, "groups[0].pricingPlans[1].visualElements[0].key", "Header_1_text"): Verify element property value successfully

2023-10-16 14:15:55 - [MESSAGE][PASSED] - Verify element property value successfully

2023-10-16 14:15:55 - [TEST_STEP][PASSED] - verifyElementPropertyValue(getResponse, "groups[0].pricingPlans[1].visualElements[0].value", "Watch the most powerful series and movies exclusively without stopping"): Verify element property value successfully

2023-10-16 14:15:55 - [MESSAGE][PASSED] - Verify element property value successfully

2023-10-16 14:15:55 - [TEST_STEP][PASSED] - verifyElementPropertyValue(getResponse, "groups[0].pricingPlans[1].visualElements[1].key", "display_title"): Verify element property value successfully

2023-10-16 14:15:55 - [MESSAGE][PASSED] - Verify element property value successfully

2023-10-16 14:15:55 - [TEST_STEP][PASSED] - verifyElementPropertyValue(getResponse, "groups[0].pricingPlans[1].visualElements[1].value", "Annual Plan"): Verify element property value successfully

2023-10-16 14:15:55 - [MESSAGE][PASSED] - Verify element property value successfully

2023-10-16 14:15:55 - [TEST_STEP][PASSED] - verifyElementPropertyValue(getResponse, "groups[0].pricingPlans[1].visualElements[2].key", "tag_text"): Verify element property value successfully

2023-10-16 14:15:55 - [MESSAGE][PASSED] - Verify element property value successfully

2023-10-16 14:15:55 - [TEST_STEP][PASSED] - verifyElementPropertyValue(getResponse, "groups[0].pricingPlans[1].visualElements[2].value", "Save 14%"): Verify element property value successfully

2023-10-16 14:15:55 - [MESSAGE][PASSED] - Verify element property value successfully

2023-10-16 14:15:55 - [TEST_STEP][PASSED] - verifyElementPropertyValue(getResponse, "groups[0].pricingPlans[1].visualElements[3].key", "promo_text"): Verify element property value successfully

2023-10-16 14:15:55 - [MESSAGE][PASSED] - Verify element property value successfully

2023-10-16 14:15:55 - [TEST_STEP][PASSED] - verifyElementPropertyValue(getResponse, "groups[0].pricingPlans[1].visualElements[3].value", "687.58 DZD/ month"): Verify element property value successfully

2023-10-16 14:15:55 - [MESSAGE][PASSED] - Verify element property value successfully

2023-10-16 14:15:55 - [TEST_STEP][PASSED] - verifyElementPropertyValue(getResponse, "groups[0].pricingPlans[1].visualElements[4].key", "deduction_text"): Verify element property value successfully

2023-10-16 14:15:55 - [MESSAGE][PASSED] - Verify element property value successfully

2023-10-16 14:15:55 - [TEST_STEP][PASSED] - verifyElementPropertyValue(getResponse, "groups[0].pricingPlans[1].visualElements[4].value", "8251 DZD billed every year"): Verify element property value successfully

2023-10-16 14:15:55 - [MESSAGE][PASSED] - Verify element property value successfully

2023-10-16 14:15:55 - [TEST_STEP][PASSED] - verifyElementPropertyValue(getResponse, "groups[0].pricingPlans[1].visualElements[7].key", "show_payment_logo"): Verify element property value successfully

2023-10-16 14:15:55 - [MESSAGE][PASSED] - Verify element property value successfully

2023-10-16 14:15:55 - [TEST_STEP][PASSED] - verifyElementPropertyValue(getResponse, "groups[0].pricingPlans[1].visualElements[7].value", "true"): Verify element property value successfully

2023-10-16 14:15:55 - [MESSAGE][PASSED] - Verify element property value successfully

2023-10-16 14:15:55 - [TEST_STEP][PASSED] - verifyElementPropertyValue(getResponse, "groups[0].pricingPlans[1].visualElements[8].key", "show_tag"): Verify element property value successfully

2023-10-16 14:15:55 - [MESSAGE][PASSED] - Verify element property value successfully

2023-10-16 14:15:55 - [TEST_STEP][PASSED] - verifyElementPropertyValue(getResponse, "groups[0].pricingPlans[1].visualElements[8].value", "true"): Verify element property value successfully

2023-10-16 14:15:55 - [MESSAGE][PASSED] - Verify element property value successfully

2023-10-16 14:15:55 - [TEST_STEP][PASSED] - verifyElementPropertyValue(getResponse, "groups[0].pricingPlans[1].visualElements[10].key", "price"): Verify element property value successfully

2023-10-16 14:15:55 - [MESSAGE][PASSED] - Verify element property value successfully

2023-10-16 14:15:55 - [TEST_STEP][PASSED] - verifyElementPropertyValue(getResponse, "groups[0].pricingPlans[1].visualElements[10].value", "8251"): Verify element property value successfully

2023-10-16 14:15:55 - [MESSAGE][PASSED] - Verify element property value successfully

2023-10-16 14:15:55 - [TEST_STEP][PASSED] - verifyElementPropertyValue(getResponse, "groups[0].pricingPlans[1].visualElements[11].key", "currency"): Verify element property value successfully

2023-10-16 14:15:55 - [MESSAGE][PASSED] - Verify element property value successfully

2023-10-16 14:15:55 - [TEST_STEP][PASSED] - verifyElementPropertyValue(getResponse, "groups[0].pricingPlans[1].visualElements[11].value", "DZD"): Verify element property value successfully

2023-10-16 14:15:55 - [MESSAGE][PASSED] - Verify element property value successfully

2023-10-16 14:15:55 - [TEST_STEP][PASSED] - verifyElementPropertyValue(getResponse, "groups[0].pricingPlans[1].visualElements[12].key", "duration"): Verify element property value successfully

2023-10-16 14:15:55 - [MESSAGE][PASSED] - Verify element property value successfully

2023-10-16 14:15:55 - [TEST_STEP][PASSED] - verifyElementPropertyValue(getResponse, "groups[0].pricingPlans[1].visualElements[12].value", "yearly"): Verify element property value successfully

2023-10-16 14:15:55 - [MESSAGE][PASSED] - Verify element property value successfully

2023-10-16 14:15:55 - [TEST_STEP][PASSED] - verifyElementPropertyValue(getResponse, "groups[0].pricingPlans[1].order", "5"): Verify element property value successfully

2023-10-16 14:15:55 - [MESSAGE][PASSED] - Verify element property value successfully

2023-10-16 14:15:55 - [TEST_STEP][PASSED] - verifyElementPropertyValue(getResponse, "groups[0].pricingPlans[1].period", "yearly"): Verify element property value successfully

2023-10-16 14:15:55 - [MESSAGE][PASSED] - Verify element property value successfully

2023-10-16 14:15:55 - [TEST_STEP][FAILED] - verifyElementPropertyValue(getResponse, "groups[0].pricingPlans[1].price", "8251"): Expected element property value '8251' is not equal with actual property value '8251.0'

2023-10-16 14:15:55 - [MESSAGE][FAILED] - Expected element property value '8251' is not equal with actual property value '8251.0'

2023-10-16 14:15:55 - [TEST_STEP][PASSED] - verifyElementPropertyValue(getResponse, "groups[0].pricingPlans[1].currency", "DZD"): Verify element property value successfully

2023-10-16 14:15:55 - [MESSAGE][PASSED] - Verify element property value successfully

2023-10-16 14:15:55 - [TEST_STEP][PASSED] - verifyElementPropertyValue(getResponse, "groups[0].pricingPlans[1].pricingPlanData[0].productId", "DZA_B2C_SHAHID_VIP_SPORT_12M"): Verify element property value successfully

2023-10-16 14:15:55 - [MESSAGE][PASSED] - Verify element property value successfully

2023-10-16 14:15:55 - [TEST_STEP][PASSED] - verifyElementPropertyValue(getResponse, "groups[0].pricingPlans[1].pricingPlanData[0].subPricingPlanIds", "null"): Verify element property value successfully

2023-10-16 14:15:55 - [MESSAGE][PASSED] - Verify element property value successfully

2023-10-16 14:15:55 - [TEST_STEP][PASSED] - verifyElementPropertyValue(getResponse, "groups[0].pricingPlans[1].pricingPlanData[0].paymentMethod", "CREDIT_CARD"): Verify element property value successfully

2023-10-16 14:15:55 - [MESSAGE][PASSED] - Verify element property value successfully

2023-10-16 14:15:55 - [TEST_STEP][PASSED] - verifyElementPropertyValue(getResponse, "groups[0].pricingPlans[1].pricingPlanData[0].freeTrialEnabled", "false"): Verify element property value successfully

2023-10-16 14:15:55 - [MESSAGE][PASSED] - Verify element property value successfully

2023-10-16 14:15:55 - [TEST_STEP][PASSED] - verifyElementPropertyValue(getResponse, "groups[0].pricingPlans[1].pricingPlanData[0].visualElements[0].key", "title"): Verify element property value successfully

2023-10-16 14:15:55 - [MESSAGE][PASSED] - Verify element property value successfully

2023-10-16 14:15:55 - [TEST_STEP][PASSED] - verifyElementPropertyValue(getResponse, "groups[0].pricingPlans[1].pricingPlanData[0].visualElements[0].value", "Credit/Debit Card"): Verify element property value successfully

2023-10-16 14:15:55 - [MESSAGE][PASSED] - Verify element property value successfully

2023-10-16 14:15:55 - [TEST_STEP][PASSED] - verifyElementPropertyValue(getResponse, "groups[0].pricingPlans[1].pricingPlanData[0].visualElements[1].key", "CTA_text"): Verify element property value successfully

2023-10-16 14:15:55 - [MESSAGE][PASSED] - Verify element property value successfully

2023-10-16 14:15:55 - [TEST_STEP][PASSED] - verifyElementPropertyValue(getResponse, "groups[0].pricingPlans[1].pricingPlanData[0].visualElements[1].value", "Subscribe"): Verify element property value successfully

2023-10-16 14:15:55 - [MESSAGE][PASSED] - Verify element property value successfully

2023-10-16 14:15:55 - [TEST_STEP][PASSED] - verifyElementPropertyValue(getResponse, "groups[0].pricingPlans[1].pricingPlanData[0].visualElements[2].key", "logo"): Verify element property value successfully

2023-10-16 14:15:55 - [MESSAGE][PASSED] - Verify element property value successfully

2023-10-16 14:15:55 - [TEST_STEP][PASSED] - verifyElementPropertyValue(getResponse, "groups[0].pricingPlans[1].pricingPlanData[0].visualElements[2].value", "https://static.s3.shahid.mbc.net/widget-images/icons/iconCreditCard.png"): Verify element property value successfully

2023-10-16 14:15:55 - [MESSAGE][PASSED] - Verify element property value successfully

2023-10-16 14:15:55 - [TEST_STEP][FAILED] - verifyElementPropertyValue(getResponse, "groups[0].pricingPlans[1].pricingPlanData[0].priceLabel", "8251.0"): Expected element property value '8251.0' is not equal with actual property value '8251'

2023-10-16 14:15:55 - [MESSAGE][FAILED] - Expected element property value '8251.0' is not equal with actual property value '8251'

2023-10-16 14:15:55 - [TEST_STEP][PASSED] - verifyElementPropertyValue(getResponse, "groups[0].pricingPlans[1].pricingPlanData[0].currencyLabel", "DZD"): Verify element property value successfully

2023-10-16 14:15:55 - [MESSAGE][PASSED] - Verify element property value successfully

2023-10-16 14:15:55 - [TEST_STEP][PASSED] - verifyElementPropertyValue(getResponse, "groups[0].pricingPlans[1].pricingPlanData[0].allowedForAcquisition", "true"): Verify element property value successfully

2023-10-16 14:15:55 - [MESSAGE][PASSED] - Verify element property value successfully

2023-10-16 14:15:55 - [TEST_STEP][PASSED] - verifyElementPropertyValue(getResponse, "groups[0].pricingPlans[1].pricingPlanData[0].showIn[0]", "VERTICAL_MODE"): Verify element property value successfully

2023-10-16 14:15:55 - [MESSAGE][PASSED] - Verify element property value successfully

2023-10-16 14:15:55 - [TEST_STEP][PASSED] - verifyElementPropertyValue(getResponse, "groups[0].pricingPlans[1].pricingPlanData[0].showIn[1]", "HORIZONTAL_MODE"): Verify element property value successfully

2023-10-16 14:15:55 - [MESSAGE][PASSED] - Verify element property value successfully

2023-10-16 14:15:55 - [TEST_STEP][PASSED] - verifyElementPropertyValue(getResponse, "visualElements[0].key", "main_CTA_text_1"): Verify element property value successfully

2023-10-16 14:15:55 - [MESSAGE][PASSED] - Verify element property value successfully

2023-10-16 14:15:55 - [TEST_STEP][PASSED] - verifyElementPropertyValue(getResponse, "visualElements[0].value", "Watch the most powerful series and movies exclusively without stopping"): Verify element property value successfully

2023-10-16 14:15:55 - [MESSAGE][PASSED] - Verify element property value successfully

2023-10-16 14:15:55 - [TEST_STEP][PASSED] - verifyElementPropertyValue(getResponse, "visualElements[2].key", "main_disclaimer_text"): Verify element property value successfully

2023-10-16 14:15:55 - [MESSAGE][PASSED] - Verify element property value successfully

2023-10-16 14:15:55 - [TEST_STEP][PASSED] - verifyElementPropertyValue(getResponse, "visualElements[2].value", "Subscription fees may vary depending on the country, payment method, subscription package, added tax, currency conversion factor, and bank fees. Terms and conditions apply."): Verify element property value successfully

2023-10-16 14:15:55 - [MESSAGE][PASSED] - Verify element property value successfully

2023-10-16 14:15:55 - [TEST_STEP][PASSED] - verifyElementPropertyValue(getResponse, "visualElements[4].key", "display_type"): Verify element property value successfully

2023-10-16 14:15:55 - [MESSAGE][PASSED] - Verify element property value successfully

2023-10-16 14:15:55 - [TEST_STEP][PASSED] - verifyElementPropertyValue(getResponse, "visualElements[4].value", "vertical"): Verify element property value successfully

2023-10-16 14:15:55 - [MESSAGE][PASSED] - Verify element property value successfully

2023-10-16 14:15:55 - [TEST_STEP][PASSED] - verifyElementPropertyValue(getResponse, "pages[0].visualElements[0].key", "alternative_payment_title"): Verify element property value successfully

2023-10-16 14:15:55 - [MESSAGE][PASSED] - Verify element property value successfully

2023-10-16 14:15:55 - [TEST_STEP][PASSED] - verifyElementPropertyValue(getResponse, "pages[0].visualElements[0].value", "Or choose one of the following alternative methods"): Verify element property value successfully

2023-10-16 14:15:55 - [MESSAGE][PASSED] - Verify element property value successfully

2023-10-16 14:15:55 - [TEST_STEP][PASSED] - verifyElementPropertyValue(getResponse, "pages[0].visualElements[1].key", "label_text"): Verify element property value successfully

2023-10-16 14:15:55 - [MESSAGE][PASSED] - Verify element property value successfully

2023-10-16 14:15:55 - [TEST_STEP][FAILED] - verifyElementPropertyValue(getResponse, "pages[0].visualElements[1].value", "Other Payment Methods"): Expected element property value 'Other Payment Methods' is not equal with actual property value 'Other payment methods'

2023-10-16 14:15:55 - [MESSAGE][FAILED] - Expected element property value 'Other Payment Methods' is not equal with actual property value 'Other payment methods'

2023-10-16 14:15:55 - [TEST_STEP][PASSED] - verifyElementPropertyValue(getResponse, "pages[0].visualElements[3].key", "CTA_text"): Verify element property value successfully

2023-10-16 14:15:55 - [MESSAGE][PASSED] - Verify element property value successfully

2023-10-16 14:15:55 - [TEST_STEP][PASSED] - verifyElementPropertyValue(getResponse, "pages[0].visualElements[3].value", "Click here"): Verify element property value successfully

2023-10-16 14:15:55 - [MESSAGE][PASSED] - Verify element property value successfully

2023-10-16 14:15:55 - [TEST_STEP][PASSED] - verifyElementPropertyValue(getResponse, "pages[0].visualElements[4].key", "main_title"): Verify element property value successfully

2023-10-16 14:15:55 - [MESSAGE][PASSED] - Verify element property value successfully

2023-10-16 14:15:55 - [TEST_STEP][PASSED] - verifyElementPropertyValue(getResponse, "pages[0].visualElements[4].value", "Other Payment Methods"): Verify element property value successfully

2023-10-16 14:15:55 - [MESSAGE][PASSED] - Verify element property value successfully

2023-10-16 14:15:55 - [TEST_STEP][PASSED] - verifyElementPropertyValue(getResponse, "pages[0].visualElements[6].key", "alternative_payment_methods"): Verify element property value successfully

2023-10-16 14:15:55 - [MESSAGE][PASSED] - Verify element property value successfully

2023-10-16 14:15:55 - [TEST_STEP][PASSED] - verifyElementPropertyValue(getResponse, "pages[0].visualElements[6].value", "You can get Shahid voucher from any of the following retailers"): Verify element property value successfully

2023-10-16 14:15:55 - [MESSAGE][PASSED] - Verify element property value successfully

2023-10-16 14:15:55 - [TEST_STEP][PASSED] - verifyElementPropertyValue(getResponse, "partners[0].name", "Offgamers"): Verify element property value successfully

2023-10-16 14:15:55 - [MESSAGE][PASSED] - Verify element property value successfully

2023-10-16 14:15:55 - [TEST_STEP][PASSED] - verifyElementPropertyValue(getResponse, "partners[0].link", "https://www.offgamers.com/ae/en/shahid-vip"): Verify element property value successfully

2023-10-16 14:15:55 - [MESSAGE][PASSED] - Verify element property value successfully

2023-10-16 14:15:55 - [TEST_STEP][PASSED] - verifyElementPropertyValue(getResponse, "partners[0].logo", "https://shahid-static.s3.amazonaws.com/widget-images/logos/Logo_Offgamers.jpg"): Verify element property value successfully

2023-10-16 14:15:55 - [MESSAGE][PASSED] - Verify element property value successfully

2023-10-16 14:15:55 - [TEST_STEP][PASSED] - verifyElementPropertyValue(getResponse, "partners[0].visible", "true"): Verify element property value successfully

2023-10-16 14:15:55 - [MESSAGE][PASSED] - Verify element property value successfully

2023-10-16 14:15:55 - [TEST_STEP][PASSED] - verifyElementPropertyValue(getResponse, "partners[0].visualElements[0].key", "text"): Verify element property value successfully

2023-10-16 14:15:55 - [MESSAGE][PASSED] - Verify element property value successfully

2023-10-16 14:15:55 - [TEST_STEP][PASSED] - verifyElementPropertyValue(getResponse, "partners[0].visualElements[0].value", "More Information"): Verify element property value successfully

2023-10-16 14:15:55 - [MESSAGE][PASSED] - Verify element property value successfully

2023-10-16 14:15:55 - [TEST_STEP][PASSED] - verifyElementPropertyValue(getResponse, "partners[1].name", "Metagames Bilgi Islemleri Limited"): Verify element property value successfully

2023-10-16 14:15:55 - [MESSAGE][PASSED] - Verify element property value successfully

2023-10-16 14:15:55 - [TEST_STEP][PASSED] - verifyElementPropertyValue(getResponse, "partners[1].link", "https://www.mtcgame.com/en-US/shahid/shahid-vip-gift-card-global"): Verify element property value successfully

2023-10-16 14:15:55 - [MESSAGE][PASSED] - Verify element property value successfully

2023-10-16 14:15:55 - [TEST_STEP][PASSED] - verifyElementPropertyValue(getResponse, "partners[1].logo", "https://shahid-static.s3.amazonaws.com/widget-images/logos/Logo_Meta%2BGames.png"): Verify element property value successfully

2023-10-16 14:15:55 - [MESSAGE][PASSED] - Verify element property value successfully

2023-10-16 14:15:55 - [TEST_STEP][PASSED] - verifyElementPropertyValue(getResponse, "partners[1].visible", "true"): Verify element property value successfully

2023-10-16 14:15:55 - [MESSAGE][PASSED] - Verify element property value successfully

2023-10-16 14:15:55 - [TEST_STEP][PASSED] - verifyElementPropertyValue(getResponse, "partners[1].visualElements[0].key", "text"): Verify element property value successfully

2023-10-16 14:15:55 - [MESSAGE][PASSED] - Verify element property value successfully

2023-10-16 14:15:55 - [TEST_STEP][PASSED] - verifyElementPropertyValue(getResponse, "partners[1].visualElements[0].value", "More Information"): Verify element property value successfully

2023-10-16 14:15:55 - [MESSAGE][PASSED] - Verify element property value successfully

2023-10-16 14:15:55 - [TEST_STEP][PASSED] - verifyElementPropertyValue(getResponse, "partners[2].name", "Razer Online"): Verify element property value successfully

2023-10-16 14:15:55 - [MESSAGE][PASSED] - Verify element property value successfully

2023-10-16 14:15:55 - [TEST_STEP][PASSED] - verifyElementPropertyValue(getResponse, "partners[2].link", "https://gold.razer.com/global/en/gold/catalog/shahid-vip-north-africa"): Verify element property value successfully

2023-10-16 14:15:55 - [MESSAGE][PASSED] - Verify element property value successfully

2023-10-16 14:15:55 - [TEST_STEP][PASSED] - verifyElementPropertyValue(getResponse, "partners[2].logo", "https://shahid-static.s3.amazonaws.com/widget-images/logos/Coin_RZR%20Gold_Black.png"): Verify element property value successfully

2023-10-16 14:15:55 - [MESSAGE][PASSED] - Verify element property value successfully

2023-10-16 14:15:55 - [TEST_STEP][PASSED] - verifyElementPropertyValue(getResponse, "partners[2].visible", "true"): Verify element property value successfully

2023-10-16 14:15:55 - [MESSAGE][PASSED] - Verify element property value successfully

2023-10-16 14:15:55 - [TEST_STEP][PASSED] - verifyElementPropertyValue(getResponse, "partners[2].visualElements[0].key", "text"): Verify element property value successfully

2023-10-16 14:15:55 - [MESSAGE][PASSED] - Verify element property value successfully

2023-10-16 14:15:55 - [TEST_STEP][PASSED] - verifyElementPropertyValue(getResponse, "partners[2].visualElements[0].value", "More Information"): Verify element property value successfully

2023-10-16 14:15:55 - [MESSAGE][PASSED] - Verify element property value successfully

2023-10-16 14:15:55 - [TEST_STEP][PASSED] - verifyElementPropertyValue(getResponse, "defaultPackageId", "SHAHID_VIP"): Verify element property value successfully

2023-10-16 14:15:55 - [MESSAGE][PASSED] - Verify element property value successfully]]></system-out>
         <system-err><![CDATA[2023-10-16 14:15:53 - [TEST_CASE][FAILED] - Test Cases/WEB - CHROME/DZA PI/WEB_EN_getSubscriptionConfigForDZA_SPORT: Test Cases/WEB - CHROME/DZA PI/WEB_EN_getSubscriptionConfigForDZA_SPORT FAILED.
Reason:
com.kms.katalon.core.exception.StepFailedException: Expected element property value '8251' is not equal with actual property value '8251.0'
	at com.kms.katalon.core.keyword.internal.KeywordMain.stepFailed(KeywordMain.groovy:39)
	at com.kms.katalon.core.webservice.keyword.builtin.VerifyElementPropertyValueKeyword$_verifyElementPropertyValue_closure1.doCall(VerifyElementPropertyValueKeyword.groovy:56)
	at com.kms.katalon.core.webservice.keyword.builtin.VerifyElementPropertyValueKeyword$_verifyElementPropertyValue_closure1.call(VerifyElementPropertyValueKeyword.groovy)
	at com.kms.katalon.core.keyword.internal.KeywordMain.runKeyword(KeywordMain.groovy:75)
	at com.kms.katalon.core.webservice.keyword.builtin.VerifyElementPropertyValueKeyword.verifyElementPropertyValue(VerifyElementPropertyValueKeyword.groovy:48)
	at com.kms.katalon.core.webservice.keyword.builtin.VerifyElementPropertyValueKeyword.execute(VerifyElementPropertyValueKeyword.groovy:43)
	at com.kms.katalon.core.keyword.internal.KeywordExecutor.executeKeywordForPlatform(KeywordExecutor.groovy:74)
	at com.kms.katalon.core.webservice.keyword.WSBuiltInKeywords.verifyElementPropertyValue(WSBuiltInKeywords.groovy:190)
	at com.kms.katalon.core.webservice.keyword.WSBuiltInKeywords$verifyElementPropertyValue$1.call(Unknown Source)
	at WEB_EN_getSubscriptionConfigForDZA_SPORT.run(WEB_EN_getSubscriptionConfigForDZA_SPORT:116)
	at com.kms.katalon.core.main.ScriptEngine.run(ScriptEngine.java:194)
	at com.kms.katalon.core.main.ScriptEngine.runScriptAsRawText(ScriptEngine.java:119)
	at com.kms.katalon.core.main.TestCaseExecutor.runScript(TestCaseExecutor.java:448)
	at com.kms.katalon.core.main.TestCaseExecutor.doExecute(TestCaseExecutor.java:439)
	at com.kms.katalon.core.main.TestCaseExecutor.processExecutionPhase(TestCaseExecutor.java:418)
	at com.kms.katalon.core.main.TestCaseExecutor.accessMainPhase(TestCaseExecutor.java:410)
	at com.kms.katalon.core.main.TestCaseExecutor.execute(TestCaseExecutor.java:285)
	at com.kms.katalon.core.common.CommonExecutor.accessTestCaseMainPhase(CommonExecutor.java:65)
	at com.kms.katalon.core.main.TestSuiteExecutor.accessTestSuiteMainPhase(TestSuiteExecutor.java:148)
	at com.kms.katalon.core.main.TestSuiteExecutor.execute(TestSuiteExecutor.java:106)
	at com.kms.katalon.core.main.TestCaseMain.startTestSuite(TestCaseMain.java:187)
	at com.kms.katalon.core.main.TestCaseMain$startTestSuite$0.call(Unknown Source)
	at TempTestSuite1697454213703.run(TempTestSuite1697454213703.groovy:36)]]></system-err>
      </testcase>
      <testcase name="Test Cases/WEB - CHROME/DZA PI/WEB_AR_getOffersForDZA_SPORT" time="3.381" classname="Test Cases/WEB - CHROME/DZA PI/WEB_AR_getOffersForDZA_SPORT" status="PASSED">
         <system-out><![CDATA[2023-10-16 14:15:55 - [TEST_CASE][PASSED] - Test Cases/WEB - CHROME/DZA PI/WEB_AR_getOffersForDZA_SPORT: Test Cases/WEB - CHROME/DZA PI/WEB_AR_getOffersForDZA_SPORT

2023-10-16 14:15:56 - [TEST_STEP][PASSED] - getResponse = config_files.getConfigFile.getConfig("WEB", "AR", "SHAHID_VIP_SPORT", "DZ", "false"): config_files.getConfigFile.getConfig is PASSED

2023-10-16 14:15:56 - [MESSAGE][INFO] - HAR: /Users/admin/git/shahid-configuration/Reports/20231016_140310/WEB/DZA/20231016_140333/requests/main/4.har

2023-10-16 14:15:56 - [MESSAGE][PASSED] - Send request successfully

2023-10-16 14:15:56 - [MESSAGE][PASSED] - config_files.getConfigFile.getConfig is PASSED

2023-10-16 14:15:56 - [TEST_STEP][PASSED] - verifyResponseStatusCode(getResponse, 200): Verify response status code successfully

2023-10-16 14:15:56 - [MESSAGE][PASSED] - Verify response status code successfully

2023-10-16 14:15:56 - [TEST_STEP][PASSED] - verifyElementPropertyValue(getResponse, "country", "DZA"): Verify element property value successfully

2023-10-16 14:15:56 - [MESSAGE][PASSED] - Verify element property value successfully

2023-10-16 14:15:56 - [TEST_STEP][PASSED] - verifyElementPropertyValue(getResponse, "platform", "[WEB]"): Verify element property value successfully

2023-10-16 14:15:57 - [MESSAGE][PASSED] - Verify element property value successfully

2023-10-16 14:15:57 - [TEST_STEP][PASSED] - verifyElementPropertyValue(getResponse, "offers[5].offerId", "winback-sport-30-offer"): Verify element property value successfully

2023-10-16 14:15:57 - [MESSAGE][PASSED] - Verify element property value successfully

2023-10-16 14:15:57 - [TEST_STEP][PASSED] - verifyElementPropertyValue(getResponse, "offers[5].offerParam", "sportsoffer30"): Verify element property value successfully

2023-10-16 14:15:57 - [MESSAGE][PASSED] - Verify element property value successfully

2023-10-16 14:15:57 - [TEST_STEP][PASSED] - verifyElementPropertyValue(getResponse, "offers[5].groups[0].pricingPlans[0].featured", "true"): Verify element property value successfully

2023-10-16 14:15:57 - [MESSAGE][PASSED] - Verify element property value successfully

2023-10-16 14:15:57 - [TEST_STEP][PASSED] - verifyElementPropertyValue(getResponse, "offers[5].groups[0].pricingPlans[0].period", "monthly"): Verify element property value successfully

2023-10-16 14:15:57 - [MESSAGE][PASSED] - Verify element property value successfully

2023-10-16 14:15:57 - [TEST_STEP][PASSED] - verifyElementPropertyValue(getResponse, "offers[5].groups[0].pricingPlans[0].featured", "true"): Verify element property value successfully

2023-10-16 14:15:57 - [MESSAGE][PASSED] - Verify element property value successfully

2023-10-16 14:15:57 - [TEST_STEP][PASSED] - verifyElementPropertyValue(getResponse, "offers[5].groups[0].pricingPlans[0].price", "561.0"): Verify element property value successfully

2023-10-16 14:15:57 - [MESSAGE][PASSED] - Verify element property value successfully

2023-10-16 14:15:57 - [TEST_STEP][PASSED] - verifyElementPropertyValue(getResponse, "offers[5].groups[0].pricingPlans[0].currency", "DZD"): Verify element property value successfully

2023-10-16 14:15:57 - [MESSAGE][PASSED] - Verify element property value successfully

2023-10-16 14:15:57 - [TEST_STEP][PASSED] - verifyElementPropertyValue(getResponse, "offers[5].groups[0].pricingPlans[0].order", "0"): Verify element property value successfully

2023-10-16 14:15:57 - [MESSAGE][PASSED] - Verify element property value successfully

2023-10-16 14:15:57 - [TEST_STEP][PASSED] - verifyElementPropertyValue(getResponse, "offers[5].groups[0].pricingPlans[0].packageId", "SHAHID_VIP_SPORT"): Verify element property value successfully

2023-10-16 14:15:57 - [MESSAGE][PASSED] - Verify element property value successfully

2023-10-16 14:15:57 - [TEST_STEP][PASSED] - verifyElementPropertyValue(getResponse, "offers[5].groups[0].pricingPlans[0].catalogId", "SPORT"): Verify element property value successfully

2023-10-16 14:15:57 - [MESSAGE][PASSED] - Verify element property value successfully

2023-10-16 14:15:57 - [TEST_STEP][PASSED] - verifyElementPropertyValue(getResponse, "offers[5].groups[0].pricingPlans[0].visualElements[0].key", "Header_1_text"): Verify element property value successfully

2023-10-16 14:15:57 - [MESSAGE][PASSED] - Verify element property value successfully

2023-10-16 14:15:57 - [TEST_STEP][PASSED] - verifyElementPropertyValue(getResponse, "offers[5].groups[0].pricingPlans[0].visualElements[0].value", "شاهد أقوى المسلسلات و الأفلام حصرياً دون توقف"): Verify element property value successfully

2023-10-16 14:15:57 - [MESSAGE][PASSED] - Verify element property value successfully

2023-10-16 14:15:57 - [TEST_STEP][PASSED] - verifyElementPropertyValue(getResponse, "offers[5].groups[0].pricingPlans[0].visualElements[1].key", "display_title"): Verify element property value successfully

2023-10-16 14:15:57 - [MESSAGE][PASSED] - Verify element property value successfully

2023-10-16 14:15:57 - [TEST_STEP][PASSED] - verifyElementPropertyValue(getResponse, "offers[5].groups[0].pricingPlans[0].visualElements[1].value", "احصل على خصم 30%"): Verify element property value successfully

2023-10-16 14:15:57 - [MESSAGE][PASSED] - Verify element property value successfully

2023-10-16 14:15:57 - [TEST_STEP][PASSED] - verifyElementPropertyValue(getResponse, "offers[5].groups[0].pricingPlans[0].visualElements[3].key", "deduction_text"): Verify element property value successfully

2023-10-16 14:15:57 - [MESSAGE][PASSED] - Verify element property value successfully

2023-10-16 14:15:57 - [TEST_STEP][PASSED] - verifyElementPropertyValue(getResponse, "offers[5].groups[0].pricingPlans[0].visualElements[3].value", "تدفع شهرياً"): Verify element property value successfully

2023-10-16 14:15:57 - [MESSAGE][PASSED] - Verify element property value successfully

2023-10-16 14:15:57 - [TEST_STEP][PASSED] - verifyElementPropertyValue(getResponse, "offers[5].groups[0].pricingPlans[0].visualElements[6].key", "show_payment_logo"): Verify element property value successfully

2023-10-16 14:15:57 - [MESSAGE][PASSED] - Verify element property value successfully

2023-10-16 14:15:57 - [TEST_STEP][PASSED] - verifyElementPropertyValue(getResponse, "offers[5].groups[0].pricingPlans[0].visualElements[6].value", "true"): Verify element property value successfully

2023-10-16 14:15:57 - [MESSAGE][PASSED] - Verify element property value successfully

2023-10-16 14:15:57 - [TEST_STEP][PASSED] - verifyElementPropertyValue(getResponse, "offers[5].groups[0].pricingPlans[0].visualElements[8].key", "price"): Verify element property value successfully

2023-10-16 14:15:57 - [MESSAGE][PASSED] - Verify element property value successfully

2023-10-16 14:15:57 - [TEST_STEP][PASSED] - verifyElementPropertyValue(getResponse, "offers[5].groups[0].pricingPlans[0].visualElements[8].value", "561"): Verify element property value successfully

2023-10-16 14:15:57 - [MESSAGE][PASSED] - Verify element property value successfully

2023-10-16 14:15:57 - [TEST_STEP][PASSED] - verifyElementPropertyValue(getResponse, "offers[5].groups[0].pricingPlans[0].visualElements[9].key", "currency"): Verify element property value successfully

2023-10-16 14:15:57 - [MESSAGE][PASSED] - Verify element property value successfully

2023-10-16 14:15:57 - [TEST_STEP][PASSED] - verifyElementPropertyValue(getResponse, "offers[5].groups[0].pricingPlans[0].visualElements[9].value", "DZD"): Verify element property value successfully

2023-10-16 14:15:57 - [MESSAGE][PASSED] - Verify element property value successfully

2023-10-16 14:15:57 - [TEST_STEP][PASSED] - verifyElementPropertyValue(getResponse, "offers[5].groups[0].pricingPlans[0].visualElements[10].key", "duration"): Verify element property value successfully

2023-10-16 14:15:57 - [MESSAGE][PASSED] - Verify element property value successfully

2023-10-16 14:15:57 - [TEST_STEP][PASSED] - verifyElementPropertyValue(getResponse, "offers[5].groups[0].pricingPlans[0].visualElements[10].value", "شهرياً"): Verify element property value successfully

2023-10-16 14:15:57 - [MESSAGE][PASSED] - Verify element property value successfully

2023-10-16 14:15:57 - [TEST_STEP][PASSED] - verifyElementPropertyValue(getResponse, "offers[5].groups[0].pricingPlans[0].visualElements[11].key", "featured_tag_text"): Verify element property value successfully

2023-10-16 14:15:57 - [MESSAGE][PASSED] - Verify element property value successfully

2023-10-16 14:15:57 - [TEST_STEP][PASSED] - verifyElementPropertyValue(getResponse, "offers[5].groups[0].pricingPlans[0].visualElements[11].value", "عرض لمدة محدودة"): Verify element property value successfully

2023-10-16 14:15:57 - [MESSAGE][PASSED] - Verify element property value successfully

2023-10-16 14:15:57 - [TEST_STEP][PASSED] - verifyElementPropertyValue(getResponse, "offers[5].groups[0].pricingPlans[0].visualElements[13].key", "tag_text"): Verify element property value successfully

2023-10-16 14:15:57 - [MESSAGE][PASSED] - Verify element property value successfully

2023-10-16 14:15:57 - [TEST_STEP][PASSED] - verifyElementPropertyValue(getResponse, "offers[5].groups[0].pricingPlans[0].visualElements[13].value", "وفر 30%"): Verify element property value successfully

2023-10-16 14:15:57 - [MESSAGE][PASSED] - Verify element property value successfully

2023-10-16 14:15:57 - [TEST_STEP][PASSED] - verifyElementPropertyValue(getResponse, "offers[5].groups[0].pricingPlans[0].visualElements[12].key", "show_tag"): Verify element property value successfully

2023-10-16 14:15:57 - [MESSAGE][PASSED] - Verify element property value successfully

2023-10-16 14:15:57 - [TEST_STEP][PASSED] - verifyElementPropertyValue(getResponse, "offers[5].groups[0].pricingPlans[0].visualElements[12].value", "true"): Verify element property value successfully

2023-10-16 14:15:57 - [MESSAGE][PASSED] - Verify element property value successfully

2023-10-16 14:15:57 - [TEST_STEP][PASSED] - verifyElementPropertyValue(getResponse, "offers[5].groups[0].pricingPlans[0].pricingPlanData[0].productId", "DZA_B2C_SHAHID_VIP_SPORT_1M"): Verify element property value successfully

2023-10-16 14:15:57 - [MESSAGE][PASSED] - Verify element property value successfully

2023-10-16 14:15:57 - [TEST_STEP][PASSED] - verifyElementPropertyValue(getResponse, "offers[5].groups[0].pricingPlans[0].pricingPlanData[0].paymentMethod", "CREDIT_CARD"): Verify element property value successfully

2023-10-16 14:15:57 - [MESSAGE][PASSED] - Verify element property value successfully

2023-10-16 14:15:57 - [TEST_STEP][PASSED] - verifyElementPropertyValue(getResponse, "offers[5].groups[0].pricingPlans[0].pricingPlanData[0].freeTrialEnabled", "false"): Verify element property value successfully

2023-10-16 14:15:57 - [MESSAGE][PASSED] - Verify element property value successfully

2023-10-16 14:15:57 - [TEST_STEP][PASSED] - verifyElementPropertyValue(getResponse, "offers[5].groups[0].pricingPlans[0].pricingPlanData[0].showIn[0]", "VERTICAL_MODE"): Verify element property value successfully

2023-10-16 14:15:57 - [MESSAGE][PASSED] - Verify element property value successfully

2023-10-16 14:15:57 - [TEST_STEP][PASSED] - verifyElementPropertyValue(getResponse, "offers[5].groups[0].pricingPlans[0].pricingPlanData[0].showIn[1]", "HORIZONTAL_MODE"): Verify element property value successfully

2023-10-16 14:15:57 - [MESSAGE][PASSED] - Verify element property value successfully

2023-10-16 14:15:57 - [TEST_STEP][PASSED] - verifyElementPropertyValue(getResponse, "offers[5].groups[0].pricingPlans[0].pricingPlanData[0].priceLabel", "561"): Verify element property value successfully

2023-10-16 14:15:57 - [MESSAGE][PASSED] - Verify element property value successfully

2023-10-16 14:15:57 - [TEST_STEP][PASSED] - verifyElementPropertyValue(getResponse, "offers[5].groups[0].pricingPlans[0].pricingPlanData[0].currencyLabel", "DZD"): Verify element property value successfully

2023-10-16 14:15:57 - [MESSAGE][PASSED] - Verify element property value successfully

2023-10-16 14:15:57 - [TEST_STEP][PASSED] - verifyElementPropertyValue(getResponse, "offers[5].groups[0].pricingPlans[0].pricingPlanData[0].dealId", "WB_SPORT_30P_DZA"): Verify element property value successfully

2023-10-16 14:15:57 - [MESSAGE][PASSED] - Verify element property value successfully

2023-10-16 14:15:57 - [TEST_STEP][PASSED] - verifyElementPropertyValue(getResponse, "offers[5].groups[0].pricingPlans[0].pricingPlanData[0].allowedForAcquisition", "true"): Verify element property value successfully

2023-10-16 14:15:57 - [MESSAGE][PASSED] - Verify element property value successfully

2023-10-16 14:15:57 - [TEST_STEP][PASSED] - verifyElementPropertyValue(getResponse, "offers[5].groups[0].pricingPlans[0].pricingPlanData[0].visualElements[0].key", "title"): Verify element property value successfully

2023-10-16 14:15:57 - [MESSAGE][PASSED] - Verify element property value successfully

2023-10-16 14:15:57 - [TEST_STEP][PASSED] - verifyElementPropertyValue(getResponse, "offers[5].groups[0].pricingPlans[0].pricingPlanData[0].visualElements[0].value", "البطاقة المصرفية"): Verify element property value successfully

2023-10-16 14:15:57 - [MESSAGE][PASSED] - Verify element property value successfully

2023-10-16 14:15:57 - [TEST_STEP][PASSED] - verifyElementPropertyValue(getResponse, "offers[5].groups[0].pricingPlans[0].pricingPlanData[0].visualElements[1].key", "CTA_text"): Verify element property value successfully

2023-10-16 14:15:57 - [MESSAGE][PASSED] - Verify element property value successfully

2023-10-16 14:15:57 - [TEST_STEP][PASSED] - verifyElementPropertyValue(getResponse, "offers[5].groups[0].pricingPlans[0].pricingPlanData[0].visualElements[1].value", "اشترك"): Verify element property value successfully

2023-10-16 14:15:57 - [MESSAGE][PASSED] - Verify element property value successfully

2023-10-16 14:15:57 - [TEST_STEP][PASSED] - verifyElementPropertyValue(getResponse, "offers[5].groups[0].pricingPlans[0].pricingPlanData[0].visualElements[2].key", "logo"): Verify element property value successfully

2023-10-16 14:15:57 - [MESSAGE][PASSED] - Verify element property value successfully

2023-10-16 14:15:57 - [TEST_STEP][PASSED] - verifyElementPropertyValue(getResponse, "offers[5].groups[0].pricingPlans[0].pricingPlanData[0].visualElements[2].value", "https://static.s3.shahid.mbc.net/widget-images/icons/iconCreditCard.png"): Verify element property value successfully

2023-10-16 14:15:57 - [MESSAGE][PASSED] - Verify element property value successfully

2023-10-16 14:15:57 - [TEST_STEP][PASSED] - verifyElementPropertyValue(getResponse, "offers[6].offerId", "winback-sport-40-offer"): Verify element property value successfully

2023-10-16 14:15:57 - [MESSAGE][PASSED] - Verify element property value successfully

2023-10-16 14:15:57 - [TEST_STEP][PASSED] - verifyElementPropertyValue(getResponse, "offers[6].offerParam", "sportsoffer40"): Verify element property value successfully

2023-10-16 14:15:57 - [MESSAGE][PASSED] - Verify element property value successfully

2023-10-16 14:15:57 - [TEST_STEP][PASSED] - verifyElementPropertyValue(getResponse, "offers[6].groups[0].pricingPlans[0].featured", "true"): Verify element property value successfully

2023-10-16 14:15:57 - [MESSAGE][PASSED] - Verify element property value successfully

2023-10-16 14:15:57 - [TEST_STEP][PASSED] - verifyElementPropertyValue(getResponse, "offers[6].groups[0].pricingPlans[0].period", "monthly"): Verify element property value successfully

2023-10-16 14:15:57 - [MESSAGE][PASSED] - Verify element property value successfully

2023-10-16 14:15:57 - [TEST_STEP][PASSED] - verifyElementPropertyValue(getResponse, "offers[6].groups[0].pricingPlans[0].featured", "true"): Verify element property value successfully

2023-10-16 14:15:57 - [MESSAGE][PASSED] - Verify element property value successfully

2023-10-16 14:15:57 - [TEST_STEP][PASSED] - verifyElementPropertyValue(getResponse, "offers[6].groups[0].pricingPlans[0].price", "481.0"): Verify element property value successfully

2023-10-16 14:15:57 - [MESSAGE][PASSED] - Verify element property value successfully

2023-10-16 14:15:57 - [TEST_STEP][PASSED] - verifyElementPropertyValue(getResponse, "offers[6].groups[0].pricingPlans[0].currency", "DZD"): Verify element property value successfully

2023-10-16 14:15:57 - [MESSAGE][PASSED] - Verify element property value successfully

2023-10-16 14:15:57 - [TEST_STEP][PASSED] - verifyElementPropertyValue(getResponse, "offers[6].groups[0].pricingPlans[0].order", "0"): Verify element property value successfully

2023-10-16 14:15:57 - [MESSAGE][PASSED] - Verify element property value successfully

2023-10-16 14:15:57 - [TEST_STEP][PASSED] - verifyElementPropertyValue(getResponse, "offers[6].groups[0].pricingPlans[0].packageId", "SHAHID_VIP_SPORT"): Verify element property value successfully

2023-10-16 14:15:57 - [MESSAGE][PASSED] - Verify element property value successfully

2023-10-16 14:15:57 - [TEST_STEP][PASSED] - verifyElementPropertyValue(getResponse, "offers[6].groups[0].pricingPlans[0].catalogId", "SPORT"): Verify element property value successfully

2023-10-16 14:15:57 - [MESSAGE][PASSED] - Verify element property value successfully

2023-10-16 14:15:57 - [TEST_STEP][PASSED] - verifyElementPropertyValue(getResponse, "offers[6].groups[0].pricingPlans[0].visualElements[0].key", "Header_1_text"): Verify element property value successfully

2023-10-16 14:15:57 - [MESSAGE][PASSED] - Verify element property value successfully

2023-10-16 14:15:57 - [TEST_STEP][PASSED] - verifyElementPropertyValue(getResponse, "offers[6].groups[0].pricingPlans[0].visualElements[0].value", "شاهد أقوى المسلسلات و الأفلام حصرياً دون توقف"): Verify element property value successfully

2023-10-16 14:15:57 - [MESSAGE][PASSED] - Verify element property value successfully

2023-10-16 14:15:57 - [TEST_STEP][PASSED] - verifyElementPropertyValue(getResponse, "offers[6].groups[0].pricingPlans[0].visualElements[1].key", "display_title"): Verify element property value successfully

2023-10-16 14:15:57 - [MESSAGE][PASSED] - Verify element property value successfully

2023-10-16 14:15:57 - [TEST_STEP][PASSED] - verifyElementPropertyValue(getResponse, "offers[6].groups[0].pricingPlans[0].visualElements[1].value", "احصل على خصم 40%"): Verify element property value successfully

2023-10-16 14:15:57 - [MESSAGE][PASSED] - Verify element property value successfully

2023-10-16 14:15:57 - [TEST_STEP][PASSED] - verifyElementPropertyValue(getResponse, "offers[6].groups[0].pricingPlans[0].visualElements[3].key", "deduction_text"): Verify element property value successfully

2023-10-16 14:15:57 - [MESSAGE][PASSED] - Verify element property value successfully

2023-10-16 14:15:57 - [TEST_STEP][PASSED] - verifyElementPropertyValue(getResponse, "offers[6].groups[0].pricingPlans[0].visualElements[3].value", "تدفع شهرياً"): Verify element property value successfully

2023-10-16 14:15:57 - [MESSAGE][PASSED] - Verify element property value successfully

2023-10-16 14:15:57 - [TEST_STEP][PASSED] - verifyElementPropertyValue(getResponse, "offers[6].groups[0].pricingPlans[0].visualElements[6].key", "show_payment_logo"): Verify element property value successfully

2023-10-16 14:15:57 - [MESSAGE][PASSED] - Verify element property value successfully

2023-10-16 14:15:57 - [TEST_STEP][PASSED] - verifyElementPropertyValue(getResponse, "offers[6].groups[0].pricingPlans[0].visualElements[6].value", "true"): Verify element property value successfully

2023-10-16 14:15:57 - [MESSAGE][PASSED] - Verify element property value successfully

2023-10-16 14:15:57 - [TEST_STEP][PASSED] - verifyElementPropertyValue(getResponse, "offers[6].groups[0].pricingPlans[0].visualElements[8].key", "price"): Verify element property value successfully

2023-10-16 14:15:57 - [MESSAGE][PASSED] - Verify element property value successfully

2023-10-16 14:15:57 - [TEST_STEP][PASSED] - verifyElementPropertyValue(getResponse, "offers[6].groups[0].pricingPlans[0].visualElements[8].value", "481"): Verify element property value successfully

2023-10-16 14:15:57 - [MESSAGE][PASSED] - Verify element property value successfully

2023-10-16 14:15:57 - [TEST_STEP][PASSED] - verifyElementPropertyValue(getResponse, "offers[6].groups[0].pricingPlans[0].visualElements[9].key", "currency"): Verify element property value successfully

2023-10-16 14:15:57 - [MESSAGE][PASSED] - Verify element property value successfully

2023-10-16 14:15:57 - [TEST_STEP][PASSED] - verifyElementPropertyValue(getResponse, "offers[6].groups[0].pricingPlans[0].visualElements[9].value", "DZD"): Verify element property value successfully

2023-10-16 14:15:57 - [MESSAGE][PASSED] - Verify element property value successfully

2023-10-16 14:15:57 - [TEST_STEP][PASSED] - verifyElementPropertyValue(getResponse, "offers[6].groups[0].pricingPlans[0].visualElements[10].key", "duration"): Verify element property value successfully

2023-10-16 14:15:57 - [MESSAGE][PASSED] - Verify element property value successfully

2023-10-16 14:15:57 - [TEST_STEP][PASSED] - verifyElementPropertyValue(getResponse, "offers[6].groups[0].pricingPlans[0].visualElements[10].value", "شهرياً"): Verify element property value successfully

2023-10-16 14:15:57 - [MESSAGE][PASSED] - Verify element property value successfully

2023-10-16 14:15:57 - [TEST_STEP][PASSED] - verifyElementPropertyValue(getResponse, "offers[6].groups[0].pricingPlans[0].visualElements[11].key", "featured_tag_text"): Verify element property value successfully

2023-10-16 14:15:57 - [MESSAGE][PASSED] - Verify element property value successfully

2023-10-16 14:15:57 - [TEST_STEP][PASSED] - verifyElementPropertyValue(getResponse, "offers[6].groups[0].pricingPlans[0].visualElements[11].value", "عرض لمدة محدودة"): Verify element property value successfully

2023-10-16 14:15:57 - [MESSAGE][PASSED] - Verify element property value successfully

2023-10-16 14:15:57 - [TEST_STEP][PASSED] - verifyElementPropertyValue(getResponse, "offers[6].groups[0].pricingPlans[0].visualElements[13].key", "tag_text"): Verify element property value successfully

2023-10-16 14:15:57 - [MESSAGE][PASSED] - Verify element property value successfully

2023-10-16 14:15:57 - [TEST_STEP][PASSED] - verifyElementPropertyValue(getResponse, "offers[6].groups[0].pricingPlans[0].visualElements[13].value", "وفر 40%"): Verify element property value successfully

2023-10-16 14:15:57 - [MESSAGE][PASSED] - Verify element property value successfully

2023-10-16 14:15:57 - [TEST_STEP][PASSED] - verifyElementPropertyValue(getResponse, "offers[6].groups[0].pricingPlans[0].visualElements[12].key", "show_tag"): Verify element property value successfully

2023-10-16 14:15:57 - [MESSAGE][PASSED] - Verify element property value successfully

2023-10-16 14:15:57 - [TEST_STEP][PASSED] - verifyElementPropertyValue(getResponse, "offers[6].groups[0].pricingPlans[0].visualElements[12].value", "true"): Verify element property value successfully

2023-10-16 14:15:57 - [MESSAGE][PASSED] - Verify element property value successfully

2023-10-16 14:15:57 - [TEST_STEP][PASSED] - verifyElementPropertyValue(getResponse, "offers[6].groups[0].pricingPlans[0].pricingPlanData[0].productId", "DZA_B2C_SHAHID_VIP_SPORT_1M"): Verify element property value successfully

2023-10-16 14:15:57 - [MESSAGE][PASSED] - Verify element property value successfully

2023-10-16 14:15:57 - [TEST_STEP][PASSED] - verifyElementPropertyValue(getResponse, "offers[6].groups[0].pricingPlans[0].pricingPlanData[0].paymentMethod", "CREDIT_CARD"): Verify element property value successfully

2023-10-16 14:15:57 - [MESSAGE][PASSED] - Verify element property value successfully

2023-10-16 14:15:57 - [TEST_STEP][PASSED] - verifyElementPropertyValue(getResponse, "offers[6].groups[0].pricingPlans[0].pricingPlanData[0].freeTrialEnabled", "false"): Verify element property value successfully

2023-10-16 14:15:57 - [MESSAGE][PASSED] - Verify element property value successfully

2023-10-16 14:15:57 - [TEST_STEP][PASSED] - verifyElementPropertyValue(getResponse, "offers[6].groups[0].pricingPlans[0].pricingPlanData[0].showIn[0]", "VERTICAL_MODE"): Verify element property value successfully

2023-10-16 14:15:57 - [MESSAGE][PASSED] - Verify element property value successfully

2023-10-16 14:15:57 - [TEST_STEP][PASSED] - verifyElementPropertyValue(getResponse, "offers[6].groups[0].pricingPlans[0].pricingPlanData[0].showIn[1]", "HORIZONTAL_MODE"): Verify element property value successfully

2023-10-16 14:15:57 - [MESSAGE][PASSED] - Verify element property value successfully

2023-10-16 14:15:57 - [TEST_STEP][PASSED] - verifyElementPropertyValue(getResponse, "offers[6].groups[0].pricingPlans[0].pricingPlanData[0].priceLabel", "481"): Verify element property value successfully

2023-10-16 14:15:57 - [MESSAGE][PASSED] - Verify element property value successfully

2023-10-16 14:15:57 - [TEST_STEP][PASSED] - verifyElementPropertyValue(getResponse, "offers[6].groups[0].pricingPlans[0].pricingPlanData[0].currencyLabel", "DZD"): Verify element property value successfully

2023-10-16 14:15:57 - [MESSAGE][PASSED] - Verify element property value successfully

2023-10-16 14:15:57 - [TEST_STEP][PASSED] - verifyElementPropertyValue(getResponse, "offers[6].groups[0].pricingPlans[0].pricingPlanData[0].dealId", "WB_SPORT_40P_DZA"): Verify element property value successfully

2023-10-16 14:15:57 - [MESSAGE][PASSED] - Verify element property value successfully

2023-10-16 14:15:57 - [TEST_STEP][PASSED] - verifyElementPropertyValue(getResponse, "offers[6].groups[0].pricingPlans[0].pricingPlanData[0].allowedForAcquisition", "true"): Verify element property value successfully

2023-10-16 14:15:57 - [MESSAGE][PASSED] - Verify element property value successfully

2023-10-16 14:15:57 - [TEST_STEP][PASSED] - verifyElementPropertyValue(getResponse, "offers[6].groups[0].pricingPlans[0].pricingPlanData[0].visualElements[0].key", "title"): Verify element property value successfully

2023-10-16 14:15:57 - [MESSAGE][PASSED] - Verify element property value successfully

2023-10-16 14:15:57 - [TEST_STEP][PASSED] - verifyElementPropertyValue(getResponse, "offers[6].groups[0].pricingPlans[0].pricingPlanData[0].visualElements[0].value", "البطاقة المصرفية"): Verify element property value successfully

2023-10-16 14:15:57 - [MESSAGE][PASSED] - Verify element property value successfully

2023-10-16 14:15:57 - [TEST_STEP][PASSED] - verifyElementPropertyValue(getResponse, "offers[6].groups[0].pricingPlans[0].pricingPlanData[0].visualElements[1].key", "CTA_text"): Verify element property value successfully

2023-10-16 14:15:57 - [MESSAGE][PASSED] - Verify element property value successfully

2023-10-16 14:15:57 - [TEST_STEP][PASSED] - verifyElementPropertyValue(getResponse, "offers[6].groups[0].pricingPlans[0].pricingPlanData[0].visualElements[1].value", "اشترك"): Verify element property value successfully

2023-10-16 14:15:57 - [MESSAGE][PASSED] - Verify element property value successfully

2023-10-16 14:15:57 - [TEST_STEP][PASSED] - verifyElementPropertyValue(getResponse, "offers[6].groups[0].pricingPlans[0].pricingPlanData[0].visualElements[2].key", "logo"): Verify element property value successfully

2023-10-16 14:15:57 - [MESSAGE][PASSED] - Verify element property value successfully

2023-10-16 14:15:57 - [TEST_STEP][PASSED] - verifyElementPropertyValue(getResponse, "offers[6].groups[0].pricingPlans[0].pricingPlanData[0].visualElements[2].value", "https://static.s3.shahid.mbc.net/widget-images/icons/iconCreditCard.png"): Verify element property value successfully

2023-10-16 14:15:57 - [MESSAGE][PASSED] - Verify element property value successfully

2023-10-16 14:15:57 - [TEST_STEP][PASSED] - verifyElementPropertyValue(getResponse, "offers[7].offerId", "winback-sport-50-offer"): Verify element property value successfully

2023-10-16 14:15:57 - [MESSAGE][PASSED] - Verify element property value successfully

2023-10-16 14:15:57 - [TEST_STEP][PASSED] - verifyElementPropertyValue(getResponse, "offers[7].offerParam", "sportsoffer50"): Verify element property value successfully

2023-10-16 14:15:57 - [MESSAGE][PASSED] - Verify element property value successfully

2023-10-16 14:15:57 - [TEST_STEP][PASSED] - verifyElementPropertyValue(getResponse, "offers[7].groups[0].pricingPlans[0].featured", "true"): Verify element property value successfully

2023-10-16 14:15:57 - [MESSAGE][PASSED] - Verify element property value successfully

2023-10-16 14:15:57 - [TEST_STEP][PASSED] - verifyElementPropertyValue(getResponse, "offers[7].groups[0].pricingPlans[0].period", "monthly"): Verify element property value successfully

2023-10-16 14:15:57 - [MESSAGE][PASSED] - Verify element property value successfully

2023-10-16 14:15:57 - [TEST_STEP][PASSED] - verifyElementPropertyValue(getResponse, "offers[7].groups[0].pricingPlans[0].featured", "true"): Verify element property value successfully

2023-10-16 14:15:57 - [MESSAGE][PASSED] - Verify element property value successfully

2023-10-16 14:15:57 - [TEST_STEP][PASSED] - verifyElementPropertyValue(getResponse, "offers[7].groups[0].pricingPlans[0].price", "401.0"): Verify element property value successfully

2023-10-16 14:15:57 - [MESSAGE][PASSED] - Verify element property value successfully

2023-10-16 14:15:57 - [TEST_STEP][PASSED] - verifyElementPropertyValue(getResponse, "offers[7].groups[0].pricingPlans[0].currency", "DZD"): Verify element property value successfully

2023-10-16 14:15:57 - [MESSAGE][PASSED] - Verify element property value successfully

2023-10-16 14:15:57 - [TEST_STEP][PASSED] - verifyElementPropertyValue(getResponse, "offers[7].groups[0].pricingPlans[0].order", "0"): Verify element property value successfully

2023-10-16 14:15:57 - [MESSAGE][PASSED] - Verify element property value successfully

2023-10-16 14:15:57 - [TEST_STEP][PASSED] - verifyElementPropertyValue(getResponse, "offers[7].groups[0].pricingPlans[0].packageId", "SHAHID_VIP_SPORT"): Verify element property value successfully

2023-10-16 14:15:57 - [MESSAGE][PASSED] - Verify element property value successfully

2023-10-16 14:15:57 - [TEST_STEP][PASSED] - verifyElementPropertyValue(getResponse, "offers[7].groups[0].pricingPlans[0].catalogId", "SPORT"): Verify element property value successfully

2023-10-16 14:15:57 - [MESSAGE][PASSED] - Verify element property value successfully

2023-10-16 14:15:57 - [TEST_STEP][PASSED] - verifyElementPropertyValue(getResponse, "offers[7].groups[0].pricingPlans[0].visualElements[0].key", "Header_1_text"): Verify element property value successfully

2023-10-16 14:15:57 - [MESSAGE][PASSED] - Verify element property value successfully

2023-10-16 14:15:57 - [TEST_STEP][PASSED] - verifyElementPropertyValue(getResponse, "offers[7].groups[0].pricingPlans[0].visualElements[0].value", "شاهد أقوى المسلسلات و الأفلام حصرياً دون توقف"): Verify element property value successfully

2023-10-16 14:15:57 - [MESSAGE][PASSED] - Verify element property value successfully

2023-10-16 14:15:57 - [TEST_STEP][PASSED] - verifyElementPropertyValue(getResponse, "offers[7].groups[0].pricingPlans[0].visualElements[1].key", "display_title"): Verify element property value successfully

2023-10-16 14:15:57 - [MESSAGE][PASSED] - Verify element property value successfully

2023-10-16 14:15:57 - [TEST_STEP][PASSED] - verifyElementPropertyValue(getResponse, "offers[7].groups[0].pricingPlans[0].visualElements[1].value", "احصل على خصم 50%"): Verify element property value successfully

2023-10-16 14:15:57 - [MESSAGE][PASSED] - Verify element property value successfully

2023-10-16 14:15:57 - [TEST_STEP][PASSED] - verifyElementPropertyValue(getResponse, "offers[7].groups[0].pricingPlans[0].visualElements[3].key", "deduction_text"): Verify element property value successfully

2023-10-16 14:15:57 - [MESSAGE][PASSED] - Verify element property value successfully

2023-10-16 14:15:57 - [TEST_STEP][PASSED] - verifyElementPropertyValue(getResponse, "offers[7].groups[0].pricingPlans[0].visualElements[3].value", "تدفع شهرياً"): Verify element property value successfully

2023-10-16 14:15:57 - [MESSAGE][PASSED] - Verify element property value successfully

2023-10-16 14:15:57 - [TEST_STEP][PASSED] - verifyElementPropertyValue(getResponse, "offers[7].groups[0].pricingPlans[0].visualElements[6].key", "show_payment_logo"): Verify element property value successfully

2023-10-16 14:15:57 - [MESSAGE][PASSED] - Verify element property value successfully

2023-10-16 14:15:57 - [TEST_STEP][PASSED] - verifyElementPropertyValue(getResponse, "offers[7].groups[0].pricingPlans[0].visualElements[6].value", "true"): Verify element property value successfully

2023-10-16 14:15:57 - [MESSAGE][PASSED] - Verify element property value successfully

2023-10-16 14:15:57 - [TEST_STEP][PASSED] - verifyElementPropertyValue(getResponse, "offers[7].groups[0].pricingPlans[0].visualElements[8].key", "price"): Verify element property value successfully

2023-10-16 14:15:57 - [MESSAGE][PASSED] - Verify element property value successfully

2023-10-16 14:15:57 - [TEST_STEP][PASSED] - verifyElementPropertyValue(getResponse, "offers[7].groups[0].pricingPlans[0].visualElements[8].value", "401"): Verify element property value successfully

2023-10-16 14:15:57 - [MESSAGE][PASSED] - Verify element property value successfully

2023-10-16 14:15:57 - [TEST_STEP][PASSED] - verifyElementPropertyValue(getResponse, "offers[7].groups[0].pricingPlans[0].visualElements[9].key", "currency"): Verify element property value successfully

2023-10-16 14:15:57 - [MESSAGE][PASSED] - Verify element property value successfully

2023-10-16 14:15:57 - [TEST_STEP][PASSED] - verifyElementPropertyValue(getResponse, "offers[7].groups[0].pricingPlans[0].visualElements[9].value", "DZD"): Verify element property value successfully

2023-10-16 14:15:58 - [MESSAGE][PASSED] - Verify element property value successfully

2023-10-16 14:15:58 - [TEST_STEP][PASSED] - verifyElementPropertyValue(getResponse, "offers[7].groups[0].pricingPlans[0].visualElements[10].key", "duration"): Verify element property value successfully

2023-10-16 14:15:58 - [MESSAGE][PASSED] - Verify element property value successfully

2023-10-16 14:15:58 - [TEST_STEP][PASSED] - verifyElementPropertyValue(getResponse, "offers[7].groups[0].pricingPlans[0].visualElements[10].value", "شهرياً"): Verify element property value successfully

2023-10-16 14:15:58 - [MESSAGE][PASSED] - Verify element property value successfully

2023-10-16 14:15:58 - [TEST_STEP][PASSED] - verifyElementPropertyValue(getResponse, "offers[7].groups[0].pricingPlans[0].visualElements[11].key", "featured_tag_text"): Verify element property value successfully

2023-10-16 14:15:58 - [MESSAGE][PASSED] - Verify element property value successfully

2023-10-16 14:15:58 - [TEST_STEP][PASSED] - verifyElementPropertyValue(getResponse, "offers[7].groups[0].pricingPlans[0].visualElements[11].value", "عرض لمدة محدودة"): Verify element property value successfully

2023-10-16 14:15:58 - [MESSAGE][PASSED] - Verify element property value successfully

2023-10-16 14:15:58 - [TEST_STEP][PASSED] - verifyElementPropertyValue(getResponse, "offers[7].groups[0].pricingPlans[0].visualElements[13].key", "tag_text"): Verify element property value successfully

2023-10-16 14:15:58 - [MESSAGE][PASSED] - Verify element property value successfully

2023-10-16 14:15:58 - [TEST_STEP][PASSED] - verifyElementPropertyValue(getResponse, "offers[7].groups[0].pricingPlans[0].visualElements[13].value", "وفر 50%"): Verify element property value successfully

2023-10-16 14:15:58 - [MESSAGE][PASSED] - Verify element property value successfully

2023-10-16 14:15:58 - [TEST_STEP][PASSED] - verifyElementPropertyValue(getResponse, "offers[7].groups[0].pricingPlans[0].visualElements[12].key", "show_tag"): Verify element property value successfully

2023-10-16 14:15:58 - [MESSAGE][PASSED] - Verify element property value successfully

2023-10-16 14:15:58 - [TEST_STEP][PASSED] - verifyElementPropertyValue(getResponse, "offers[7].groups[0].pricingPlans[0].visualElements[12].value", "true"): Verify element property value successfully

2023-10-16 14:15:58 - [MESSAGE][PASSED] - Verify element property value successfully

2023-10-16 14:15:58 - [TEST_STEP][PASSED] - verifyElementPropertyValue(getResponse, "offers[7].groups[0].pricingPlans[0].pricingPlanData[0].productId", "DZA_B2C_SHAHID_VIP_SPORT_1M"): Verify element property value successfully

2023-10-16 14:15:58 - [MESSAGE][PASSED] - Verify element property value successfully

2023-10-16 14:15:58 - [TEST_STEP][PASSED] - verifyElementPropertyValue(getResponse, "offers[7].groups[0].pricingPlans[0].pricingPlanData[0].paymentMethod", "CREDIT_CARD"): Verify element property value successfully

2023-10-16 14:15:58 - [MESSAGE][PASSED] - Verify element property value successfully

2023-10-16 14:15:58 - [TEST_STEP][PASSED] - verifyElementPropertyValue(getResponse, "offers[7].groups[0].pricingPlans[0].pricingPlanData[0].freeTrialEnabled", "false"): Verify element property value successfully

2023-10-16 14:15:58 - [MESSAGE][PASSED] - Verify element property value successfully

2023-10-16 14:15:58 - [TEST_STEP][PASSED] - verifyElementPropertyValue(getResponse, "offers[7].groups[0].pricingPlans[0].pricingPlanData[0].showIn[0]", "VERTICAL_MODE"): Verify element property value successfully

2023-10-16 14:15:58 - [MESSAGE][PASSED] - Verify element property value successfully

2023-10-16 14:15:58 - [TEST_STEP][PASSED] - verifyElementPropertyValue(getResponse, "offers[7].groups[0].pricingPlans[0].pricingPlanData[0].showIn[1]", "HORIZONTAL_MODE"): Verify element property value successfully

2023-10-16 14:15:58 - [MESSAGE][PASSED] - Verify element property value successfully

2023-10-16 14:15:58 - [TEST_STEP][PASSED] - verifyElementPropertyValue(getResponse, "offers[7].groups[0].pricingPlans[0].pricingPlanData[0].priceLabel", "401"): Verify element property value successfully

2023-10-16 14:15:58 - [MESSAGE][PASSED] - Verify element property value successfully

2023-10-16 14:15:58 - [TEST_STEP][PASSED] - verifyElementPropertyValue(getResponse, "offers[7].groups[0].pricingPlans[0].pricingPlanData[0].currencyLabel", "DZD"): Verify element property value successfully

2023-10-16 14:15:58 - [MESSAGE][PASSED] - Verify element property value successfully

2023-10-16 14:15:58 - [TEST_STEP][PASSED] - verifyElementPropertyValue(getResponse, "offers[7].groups[0].pricingPlans[0].pricingPlanData[0].dealId", "WB_SPORT_50P_DZA"): Verify element property value successfully

2023-10-16 14:15:58 - [MESSAGE][PASSED] - Verify element property value successfully

2023-10-16 14:15:58 - [TEST_STEP][PASSED] - verifyElementPropertyValue(getResponse, "offers[7].groups[0].pricingPlans[0].pricingPlanData[0].allowedForAcquisition", "true"): Verify element property value successfully

2023-10-16 14:15:58 - [MESSAGE][PASSED] - Verify element property value successfully

2023-10-16 14:15:58 - [TEST_STEP][PASSED] - verifyElementPropertyValue(getResponse, "offers[7].groups[0].pricingPlans[0].pricingPlanData[0].visualElements[0].key", "title"): Verify element property value successfully

2023-10-16 14:15:58 - [MESSAGE][PASSED] - Verify element property value successfully

2023-10-16 14:15:58 - [TEST_STEP][PASSED] - verifyElementPropertyValue(getResponse, "offers[7].groups[0].pricingPlans[0].pricingPlanData[0].visualElements[0].value", "البطاقة المصرفية"): Verify element property value successfully

2023-10-16 14:15:58 - [MESSAGE][PASSED] - Verify element property value successfully

2023-10-16 14:15:58 - [TEST_STEP][PASSED] - verifyElementPropertyValue(getResponse, "offers[7].groups[0].pricingPlans[0].pricingPlanData[0].visualElements[1].key", "CTA_text"): Verify element property value successfully

2023-10-16 14:15:58 - [MESSAGE][PASSED] - Verify element property value successfully

2023-10-16 14:15:58 - [TEST_STEP][PASSED] - verifyElementPropertyValue(getResponse, "offers[7].groups[0].pricingPlans[0].pricingPlanData[0].visualElements[1].value", "اشترك"): Verify element property value successfully

2023-10-16 14:15:58 - [MESSAGE][PASSED] - Verify element property value successfully

2023-10-16 14:15:58 - [TEST_STEP][PASSED] - verifyElementPropertyValue(getResponse, "offers[7].groups[0].pricingPlans[0].pricingPlanData[0].visualElements[2].key", "logo"): Verify element property value successfully

2023-10-16 14:15:58 - [MESSAGE][PASSED] - Verify element property value successfully

2023-10-16 14:15:58 - [TEST_STEP][PASSED] - verifyElementPropertyValue(getResponse, "offers[7].groups[0].pricingPlans[0].pricingPlanData[0].visualElements[2].value", "https://static.s3.shahid.mbc.net/widget-images/icons/iconCreditCard.png"): Verify element property value successfully

2023-10-16 14:15:58 - [MESSAGE][PASSED] - Verify element property value successfully

2023-10-16 14:15:58 - [TEST_STEP][PASSED] - verifyElementPropertyValue(getResponse, "offers[11].offerId", "byg-sport-30-offer"): Verify element property value successfully

2023-10-16 14:15:58 - [MESSAGE][PASSED] - Verify element property value successfully

2023-10-16 14:15:58 - [TEST_STEP][PASSED] - verifyElementPropertyValue(getResponse, "offers[11].offerParam", "bygsportsoffer30"): Verify element property value successfully

2023-10-16 14:15:58 - [MESSAGE][PASSED] - Verify element property value successfully

2023-10-16 14:15:58 - [TEST_STEP][PASSED] - verifyElementPropertyValue(getResponse, "offers[11].groups[0].pricingPlans[0].featured", "true"): Verify element property value successfully

2023-10-16 14:15:58 - [MESSAGE][PASSED] - Verify element property value successfully

2023-10-16 14:15:58 - [TEST_STEP][PASSED] - verifyElementPropertyValue(getResponse, "offers[11].groups[0].pricingPlans[0].period", "monthly"): Verify element property value successfully

2023-10-16 14:15:58 - [MESSAGE][PASSED] - Verify element property value successfully

2023-10-16 14:15:58 - [TEST_STEP][PASSED] - verifyElementPropertyValue(getResponse, "offers[11].groups[0].pricingPlans[0].featured", "true"): Verify element property value successfully

2023-10-16 14:15:58 - [MESSAGE][PASSED] - Verify element property value successfully

2023-10-16 14:15:58 - [TEST_STEP][PASSED] - verifyElementPropertyValue(getResponse, "offers[11].groups[0].pricingPlans[0].price", "561.0"): Verify element property value successfully

2023-10-16 14:15:58 - [MESSAGE][PASSED] - Verify element property value successfully

2023-10-16 14:15:58 - [TEST_STEP][PASSED] - verifyElementPropertyValue(getResponse, "offers[11].groups[0].pricingPlans[0].currency", "DZD"): Verify element property value successfully

2023-10-16 14:15:58 - [MESSAGE][PASSED] - Verify element property value successfully

2023-10-16 14:15:58 - [TEST_STEP][PASSED] - verifyElementPropertyValue(getResponse, "offers[11].groups[0].pricingPlans[0].order", "0"): Verify element property value successfully

2023-10-16 14:15:58 - [MESSAGE][PASSED] - Verify element property value successfully

2023-10-16 14:15:58 - [TEST_STEP][PASSED] - verifyElementPropertyValue(getResponse, "offers[11].groups[0].pricingPlans[0].packageId", "SHAHID_VIP_SPORT"): Verify element property value successfully

2023-10-16 14:15:58 - [MESSAGE][PASSED] - Verify element property value successfully

2023-10-16 14:15:58 - [TEST_STEP][PASSED] - verifyElementPropertyValue(getResponse, "offers[11].groups[0].pricingPlans[0].catalogId", "SPORT"): Verify element property value successfully

2023-10-16 14:15:58 - [MESSAGE][PASSED] - Verify element property value successfully

2023-10-16 14:15:58 - [TEST_STEP][PASSED] - verifyElementPropertyValue(getResponse, "offers[11].groups[0].pricingPlans[0].visualElements[0].key", "Header_1_text"): Verify element property value successfully

2023-10-16 14:15:58 - [MESSAGE][PASSED] - Verify element property value successfully

2023-10-16 14:15:58 - [TEST_STEP][PASSED] - verifyElementPropertyValue(getResponse, "offers[11].groups[0].pricingPlans[0].visualElements[0].value", "شاهد أقوى المسلسلات و الأفلام حصرياً دون توقف"): Verify element property value successfully

2023-10-16 14:15:58 - [MESSAGE][PASSED] - Verify element property value successfully

2023-10-16 14:15:58 - [TEST_STEP][PASSED] - verifyElementPropertyValue(getResponse, "offers[11].groups[0].pricingPlans[0].visualElements[1].key", "display_title"): Verify element property value successfully

2023-10-16 14:15:58 - [MESSAGE][PASSED] - Verify element property value successfully

2023-10-16 14:15:58 - [TEST_STEP][PASSED] - verifyElementPropertyValue(getResponse, "offers[11].groups[0].pricingPlans[0].visualElements[1].value", "احصل على خصم 30%"): Verify element property value successfully

2023-10-16 14:15:58 - [MESSAGE][PASSED] - Verify element property value successfully

2023-10-16 14:15:58 - [TEST_STEP][PASSED] - verifyElementPropertyValue(getResponse, "offers[11].groups[0].pricingPlans[0].visualElements[3].key", "deduction_text"): Verify element property value successfully

2023-10-16 14:15:58 - [MESSAGE][PASSED] - Verify element property value successfully

2023-10-16 14:15:58 - [TEST_STEP][PASSED] - verifyElementPropertyValue(getResponse, "offers[11].groups[0].pricingPlans[0].visualElements[3].value", "تدفع شهرياً"): Verify element property value successfully

2023-10-16 14:15:58 - [MESSAGE][PASSED] - Verify element property value successfully

2023-10-16 14:15:58 - [TEST_STEP][PASSED] - verifyElementPropertyValue(getResponse, "offers[11].groups[0].pricingPlans[0].visualElements[6].key", "show_payment_logo"): Verify element property value successfully

2023-10-16 14:15:58 - [MESSAGE][PASSED] - Verify element property value successfully

2023-10-16 14:15:58 - [TEST_STEP][PASSED] - verifyElementPropertyValue(getResponse, "offers[11].groups[0].pricingPlans[0].visualElements[6].value", "true"): Verify element property value successfully

2023-10-16 14:15:58 - [MESSAGE][PASSED] - Verify element property value successfully

2023-10-16 14:15:58 - [TEST_STEP][PASSED] - verifyElementPropertyValue(getResponse, "offers[11].groups[0].pricingPlans[0].visualElements[8].key", "price"): Verify element property value successfully

2023-10-16 14:15:58 - [MESSAGE][PASSED] - Verify element property value successfully

2023-10-16 14:15:58 - [TEST_STEP][PASSED] - verifyElementPropertyValue(getResponse, "offers[11].groups[0].pricingPlans[0].visualElements[8].value", "561"): Verify element property value successfully

2023-10-16 14:15:58 - [MESSAGE][PASSED] - Verify element property value successfully

2023-10-16 14:15:58 - [TEST_STEP][PASSED] - verifyElementPropertyValue(getResponse, "offers[11].groups[0].pricingPlans[0].visualElements[9].key", "currency"): Verify element property value successfully

2023-10-16 14:15:58 - [MESSAGE][PASSED] - Verify element property value successfully

2023-10-16 14:15:58 - [TEST_STEP][PASSED] - verifyElementPropertyValue(getResponse, "offers[11].groups[0].pricingPlans[0].visualElements[9].value", "DZD"): Verify element property value successfully

2023-10-16 14:15:58 - [MESSAGE][PASSED] - Verify element property value successfully

2023-10-16 14:15:58 - [TEST_STEP][PASSED] - verifyElementPropertyValue(getResponse, "offers[11].groups[0].pricingPlans[0].visualElements[10].key", "duration"): Verify element property value successfully

2023-10-16 14:15:58 - [MESSAGE][PASSED] - Verify element property value successfully

2023-10-16 14:15:58 - [TEST_STEP][PASSED] - verifyElementPropertyValue(getResponse, "offers[11].groups[0].pricingPlans[0].visualElements[10].value", "شهرياً"): Verify element property value successfully

2023-10-16 14:15:58 - [MESSAGE][PASSED] - Verify element property value successfully

2023-10-16 14:15:58 - [TEST_STEP][PASSED] - verifyElementPropertyValue(getResponse, "offers[11].groups[0].pricingPlans[0].visualElements[11].key", "featured_tag_text"): Verify element property value successfully

2023-10-16 14:15:58 - [MESSAGE][PASSED] - Verify element property value successfully

2023-10-16 14:15:58 - [TEST_STEP][PASSED] - verifyElementPropertyValue(getResponse, "offers[11].groups[0].pricingPlans[0].visualElements[11].value", "عرض لمدة محدودة"): Verify element property value successfully

2023-10-16 14:15:58 - [MESSAGE][PASSED] - Verify element property value successfully

2023-10-16 14:15:58 - [TEST_STEP][PASSED] - verifyElementPropertyValue(getResponse, "offers[11].groups[0].pricingPlans[0].visualElements[13].key", "tag_text"): Verify element property value successfully

2023-10-16 14:15:58 - [MESSAGE][PASSED] - Verify element property value successfully

2023-10-16 14:15:58 - [TEST_STEP][PASSED] - verifyElementPropertyValue(getResponse, "offers[11].groups[0].pricingPlans[0].visualElements[13].value", "وفر 30%"): Verify element property value successfully

2023-10-16 14:15:58 - [MESSAGE][PASSED] - Verify element property value successfully

2023-10-16 14:15:58 - [TEST_STEP][PASSED] - verifyElementPropertyValue(getResponse, "offers[11].groups[0].pricingPlans[0].visualElements[12].key", "show_tag"): Verify element property value successfully

2023-10-16 14:15:58 - [MESSAGE][PASSED] - Verify element property value successfully

2023-10-16 14:15:58 - [TEST_STEP][PASSED] - verifyElementPropertyValue(getResponse, "offers[11].groups[0].pricingPlans[0].visualElements[12].value", "true"): Verify element property value successfully

2023-10-16 14:15:58 - [MESSAGE][PASSED] - Verify element property value successfully

2023-10-16 14:15:58 - [TEST_STEP][PASSED] - verifyElementPropertyValue(getResponse, "offers[11].groups[0].pricingPlans[0].pricingPlanData[0].productId", "DZA_B2C_SHAHID_VIP_SPORT_1M"): Verify element property value successfully

2023-10-16 14:15:58 - [MESSAGE][PASSED] - Verify element property value successfully

2023-10-16 14:15:58 - [TEST_STEP][PASSED] - verifyElementPropertyValue(getResponse, "offers[11].groups[0].pricingPlans[0].pricingPlanData[0].paymentMethod", "CREDIT_CARD"): Verify element property value successfully

2023-10-16 14:15:58 - [MESSAGE][PASSED] - Verify element property value successfully

2023-10-16 14:15:58 - [TEST_STEP][PASSED] - verifyElementPropertyValue(getResponse, "offers[11].groups[0].pricingPlans[0].pricingPlanData[0].freeTrialEnabled", "false"): Verify element property value successfully

2023-10-16 14:15:58 - [MESSAGE][PASSED] - Verify element property value successfully

2023-10-16 14:15:58 - [TEST_STEP][PASSED] - verifyElementPropertyValue(getResponse, "offers[11].groups[0].pricingPlans[0].pricingPlanData[0].showIn[0]", "VERTICAL_MODE"): Verify element property value successfully

2023-10-16 14:15:58 - [MESSAGE][PASSED] - Verify element property value successfully

2023-10-16 14:15:58 - [TEST_STEP][PASSED] - verifyElementPropertyValue(getResponse, "offers[11].groups[0].pricingPlans[0].pricingPlanData[0].showIn[1]", "HORIZONTAL_MODE"): Verify element property value successfully

2023-10-16 14:15:58 - [MESSAGE][PASSED] - Verify element property value successfully

2023-10-16 14:15:58 - [TEST_STEP][PASSED] - verifyElementPropertyValue(getResponse, "offers[11].groups[0].pricingPlans[0].pricingPlanData[0].priceLabel", "561"): Verify element property value successfully

2023-10-16 14:15:58 - [MESSAGE][PASSED] - Verify element property value successfully

2023-10-16 14:15:58 - [TEST_STEP][PASSED] - verifyElementPropertyValue(getResponse, "offers[11].groups[0].pricingPlans[0].pricingPlanData[0].currencyLabel", "DZD"): Verify element property value successfully

2023-10-16 14:15:58 - [MESSAGE][PASSED] - Verify element property value successfully

2023-10-16 14:15:58 - [TEST_STEP][PASSED] - verifyElementPropertyValue(getResponse, "offers[11].groups[0].pricingPlans[0].pricingPlanData[0].dealId", "BYG_SPORT_30P_DZA"): Verify element property value successfully

2023-10-16 14:15:58 - [MESSAGE][PASSED] - Verify element property value successfully

2023-10-16 14:15:58 - [TEST_STEP][PASSED] - verifyElementPropertyValue(getResponse, "offers[11].groups[0].pricingPlans[0].pricingPlanData[0].allowedForAcquisition", "true"): Verify element property value successfully

2023-10-16 14:15:58 - [MESSAGE][PASSED] - Verify element property value successfully

2023-10-16 14:15:58 - [TEST_STEP][PASSED] - verifyElementPropertyValue(getResponse, "offers[11].groups[0].pricingPlans[0].pricingPlanData[0].visualElements[0].key", "title"): Verify element property value successfully

2023-10-16 14:15:58 - [MESSAGE][PASSED] - Verify element property value successfully

2023-10-16 14:15:58 - [TEST_STEP][PASSED] - verifyElementPropertyValue(getResponse, "offers[11].groups[0].pricingPlans[0].pricingPlanData[0].visualElements[0].value", "البطاقة المصرفية"): Verify element property value successfully

2023-10-16 14:15:58 - [MESSAGE][PASSED] - Verify element property value successfully

2023-10-16 14:15:58 - [TEST_STEP][PASSED] - verifyElementPropertyValue(getResponse, "offers[11].groups[0].pricingPlans[0].pricingPlanData[0].visualElements[1].key", "CTA_text"): Verify element property value successfully

2023-10-16 14:15:58 - [MESSAGE][PASSED] - Verify element property value successfully

2023-10-16 14:15:58 - [TEST_STEP][PASSED] - verifyElementPropertyValue(getResponse, "offers[11].groups[0].pricingPlans[0].pricingPlanData[0].visualElements[1].value", "اشترك"): Verify element property value successfully

2023-10-16 14:15:58 - [MESSAGE][PASSED] - Verify element property value successfully

2023-10-16 14:15:58 - [TEST_STEP][PASSED] - verifyElementPropertyValue(getResponse, "offers[11].groups[0].pricingPlans[0].pricingPlanData[0].visualElements[2].key", "logo"): Verify element property value successfully

2023-10-16 14:15:58 - [MESSAGE][PASSED] - Verify element property value successfully

2023-10-16 14:15:58 - [TEST_STEP][PASSED] - verifyElementPropertyValue(getResponse, "offers[11].groups[0].pricingPlans[0].pricingPlanData[0].visualElements[2].value", "https://static.s3.shahid.mbc.net/widget-images/icons/iconCreditCard.png"): Verify element property value successfully

2023-10-16 14:15:58 - [MESSAGE][PASSED] - Verify element property value successfully

2023-10-16 14:15:58 - [TEST_STEP][PASSED] - verifyElementPropertyValue(getResponse, "offers[12].offerId", "byg-sport-40-offer"): Verify element property value successfully

2023-10-16 14:15:58 - [MESSAGE][PASSED] - Verify element property value successfully

2023-10-16 14:15:58 - [TEST_STEP][PASSED] - verifyElementPropertyValue(getResponse, "offers[12].offerParam", "bygsportsoffer40"): Verify element property value successfully

2023-10-16 14:15:58 - [MESSAGE][PASSED] - Verify element property value successfully

2023-10-16 14:15:58 - [TEST_STEP][PASSED] - verifyElementPropertyValue(getResponse, "offers[12].groups[0].pricingPlans[0].featured", "true"): Verify element property value successfully

2023-10-16 14:15:58 - [MESSAGE][PASSED] - Verify element property value successfully

2023-10-16 14:15:58 - [TEST_STEP][PASSED] - verifyElementPropertyValue(getResponse, "offers[12].groups[0].pricingPlans[0].period", "monthly"): Verify element property value successfully

2023-10-16 14:15:58 - [MESSAGE][PASSED] - Verify element property value successfully

2023-10-16 14:15:58 - [TEST_STEP][PASSED] - verifyElementPropertyValue(getResponse, "offers[12].groups[0].pricingPlans[0].featured", "true"): Verify element property value successfully

2023-10-16 14:15:58 - [MESSAGE][PASSED] - Verify element property value successfully

2023-10-16 14:15:58 - [TEST_STEP][PASSED] - verifyElementPropertyValue(getResponse, "offers[12].groups[0].pricingPlans[0].price", "481.0"): Verify element property value successfully

2023-10-16 14:15:58 - [MESSAGE][PASSED] - Verify element property value successfully

2023-10-16 14:15:58 - [TEST_STEP][PASSED] - verifyElementPropertyValue(getResponse, "offers[12].groups[0].pricingPlans[0].currency", "DZD"): Verify element property value successfully

2023-10-16 14:15:58 - [MESSAGE][PASSED] - Verify element property value successfully

2023-10-16 14:15:58 - [TEST_STEP][PASSED] - verifyElementPropertyValue(getResponse, "offers[12].groups[0].pricingPlans[0].order", "0"): Verify element property value successfully

2023-10-16 14:15:58 - [MESSAGE][PASSED] - Verify element property value successfully

2023-10-16 14:15:58 - [TEST_STEP][PASSED] - verifyElementPropertyValue(getResponse, "offers[12].groups[0].pricingPlans[0].packageId", "SHAHID_VIP_SPORT"): Verify element property value successfully

2023-10-16 14:15:58 - [MESSAGE][PASSED] - Verify element property value successfully

2023-10-16 14:15:58 - [TEST_STEP][PASSED] - verifyElementPropertyValue(getResponse, "offers[12].groups[0].pricingPlans[0].catalogId", "SPORT"): Verify element property value successfully

2023-10-16 14:15:58 - [MESSAGE][PASSED] - Verify element property value successfully

2023-10-16 14:15:58 - [TEST_STEP][PASSED] - verifyElementPropertyValue(getResponse, "offers[12].groups[0].pricingPlans[0].visualElements[0].key", "Header_1_text"): Verify element property value successfully

2023-10-16 14:15:58 - [MESSAGE][PASSED] - Verify element property value successfully

2023-10-16 14:15:58 - [TEST_STEP][PASSED] - verifyElementPropertyValue(getResponse, "offers[12].groups[0].pricingPlans[0].visualElements[0].value", "شاهد أقوى المسلسلات و الأفلام حصرياً دون توقف"): Verify element property value successfully

2023-10-16 14:15:58 - [MESSAGE][PASSED] - Verify element property value successfully

2023-10-16 14:15:58 - [TEST_STEP][PASSED] - verifyElementPropertyValue(getResponse, "offers[12].groups[0].pricingPlans[0].visualElements[1].key", "display_title"): Verify element property value successfully

2023-10-16 14:15:58 - [MESSAGE][PASSED] - Verify element property value successfully

2023-10-16 14:15:58 - [TEST_STEP][PASSED] - verifyElementPropertyValue(getResponse, "offers[12].groups[0].pricingPlans[0].visualElements[1].value", "احصل على خصم 40%"): Verify element property value successfully

2023-10-16 14:15:58 - [MESSAGE][PASSED] - Verify element property value successfully

2023-10-16 14:15:58 - [TEST_STEP][PASSED] - verifyElementPropertyValue(getResponse, "offers[12].groups[0].pricingPlans[0].visualElements[3].key", "deduction_text"): Verify element property value successfully

2023-10-16 14:15:58 - [MESSAGE][PASSED] - Verify element property value successfully

2023-10-16 14:15:58 - [TEST_STEP][PASSED] - verifyElementPropertyValue(getResponse, "offers[12].groups[0].pricingPlans[0].visualElements[3].value", "تدفع شهرياً"): Verify element property value successfully

2023-10-16 14:15:58 - [MESSAGE][PASSED] - Verify element property value successfully

2023-10-16 14:15:58 - [TEST_STEP][PASSED] - verifyElementPropertyValue(getResponse, "offers[12].groups[0].pricingPlans[0].visualElements[6].key", "show_payment_logo"): Verify element property value successfully

2023-10-16 14:15:58 - [MESSAGE][PASSED] - Verify element property value successfully

2023-10-16 14:15:58 - [TEST_STEP][PASSED] - verifyElementPropertyValue(getResponse, "offers[12].groups[0].pricingPlans[0].visualElements[6].value", "true"): Verify element property value successfully

2023-10-16 14:15:58 - [MESSAGE][PASSED] - Verify element property value successfully

2023-10-16 14:15:58 - [TEST_STEP][PASSED] - verifyElementPropertyValue(getResponse, "offers[12].groups[0].pricingPlans[0].visualElements[8].key", "price"): Verify element property value successfully

2023-10-16 14:15:58 - [MESSAGE][PASSED] - Verify element property value successfully

2023-10-16 14:15:58 - [TEST_STEP][PASSED] - verifyElementPropertyValue(getResponse, "offers[12].groups[0].pricingPlans[0].visualElements[8].value", "481"): Verify element property value successfully

2023-10-16 14:15:58 - [MESSAGE][PASSED] - Verify element property value successfully

2023-10-16 14:15:58 - [TEST_STEP][PASSED] - verifyElementPropertyValue(getResponse, "offers[12].groups[0].pricingPlans[0].visualElements[9].key", "currency"): Verify element property value successfully

2023-10-16 14:15:58 - [MESSAGE][PASSED] - Verify element property value successfully

2023-10-16 14:15:58 - [TEST_STEP][PASSED] - verifyElementPropertyValue(getResponse, "offers[12].groups[0].pricingPlans[0].visualElements[9].value", "DZD"): Verify element property value successfully

2023-10-16 14:15:58 - [MESSAGE][PASSED] - Verify element property value successfully

2023-10-16 14:15:58 - [TEST_STEP][PASSED] - verifyElementPropertyValue(getResponse, "offers[12].groups[0].pricingPlans[0].visualElements[10].key", "duration"): Verify element property value successfully

2023-10-16 14:15:58 - [MESSAGE][PASSED] - Verify element property value successfully

2023-10-16 14:15:58 - [TEST_STEP][PASSED] - verifyElementPropertyValue(getResponse, "offers[12].groups[0].pricingPlans[0].visualElements[10].value", "شهرياً"): Verify element property value successfully

2023-10-16 14:15:58 - [MESSAGE][PASSED] - Verify element property value successfully

2023-10-16 14:15:58 - [TEST_STEP][PASSED] - verifyElementPropertyValue(getResponse, "offers[12].groups[0].pricingPlans[0].visualElements[11].key", "featured_tag_text"): Verify element property value successfully

2023-10-16 14:15:58 - [MESSAGE][PASSED] - Verify element property value successfully

2023-10-16 14:15:58 - [TEST_STEP][PASSED] - verifyElementPropertyValue(getResponse, "offers[12].groups[0].pricingPlans[0].visualElements[11].value", "عرض لمدة محدودة"): Verify element property value successfully

2023-10-16 14:15:58 - [MESSAGE][PASSED] - Verify element property value successfully

2023-10-16 14:15:58 - [TEST_STEP][PASSED] - verifyElementPropertyValue(getResponse, "offers[12].groups[0].pricingPlans[0].visualElements[13].key", "tag_text"): Verify element property value successfully

2023-10-16 14:15:58 - [MESSAGE][PASSED] - Verify element property value successfully

2023-10-16 14:15:58 - [TEST_STEP][PASSED] - verifyElementPropertyValue(getResponse, "offers[12].groups[0].pricingPlans[0].visualElements[13].value", "وفر 40%"): Verify element property value successfully

2023-10-16 14:15:58 - [MESSAGE][PASSED] - Verify element property value successfully

2023-10-16 14:15:58 - [TEST_STEP][PASSED] - verifyElementPropertyValue(getResponse, "offers[12].groups[0].pricingPlans[0].visualElements[12].key", "show_tag"): Verify element property value successfully

2023-10-16 14:15:58 - [MESSAGE][PASSED] - Verify element property value successfully

2023-10-16 14:15:58 - [TEST_STEP][PASSED] - verifyElementPropertyValue(getResponse, "offers[12].groups[0].pricingPlans[0].visualElements[12].value", "true"): Verify element property value successfully

2023-10-16 14:15:58 - [MESSAGE][PASSED] - Verify element property value successfully

2023-10-16 14:15:58 - [TEST_STEP][PASSED] - verifyElementPropertyValue(getResponse, "offers[12].groups[0].pricingPlans[0].pricingPlanData[0].productId", "DZA_B2C_SHAHID_VIP_SPORT_1M"): Verify element property value successfully

2023-10-16 14:15:58 - [MESSAGE][PASSED] - Verify element property value successfully

2023-10-16 14:15:58 - [TEST_STEP][PASSED] - verifyElementPropertyValue(getResponse, "offers[12].groups[0].pricingPlans[0].pricingPlanData[0].paymentMethod", "CREDIT_CARD"): Verify element property value successfully

2023-10-16 14:15:58 - [MESSAGE][PASSED] - Verify element property value successfully

2023-10-16 14:15:58 - [TEST_STEP][PASSED] - verifyElementPropertyValue(getResponse, "offers[12].groups[0].pricingPlans[0].pricingPlanData[0].freeTrialEnabled", "false"): Verify element property value successfully

2023-10-16 14:15:58 - [MESSAGE][PASSED] - Verify element property value successfully

2023-10-16 14:15:58 - [TEST_STEP][PASSED] - verifyElementPropertyValue(getResponse, "offers[12].groups[0].pricingPlans[0].pricingPlanData[0].showIn[0]", "VERTICAL_MODE"): Verify element property value successfully

2023-10-16 14:15:58 - [MESSAGE][PASSED] - Verify element property value successfully

2023-10-16 14:15:58 - [TEST_STEP][PASSED] - verifyElementPropertyValue(getResponse, "offers[12].groups[0].pricingPlans[0].pricingPlanData[0].showIn[1]", "HORIZONTAL_MODE"): Verify element property value successfully

2023-10-16 14:15:58 - [MESSAGE][PASSED] - Verify element property value successfully

2023-10-16 14:15:58 - [TEST_STEP][PASSED] - verifyElementPropertyValue(getResponse, "offers[12].groups[0].pricingPlans[0].pricingPlanData[0].priceLabel", "481"): Verify element property value successfully

2023-10-16 14:15:58 - [MESSAGE][PASSED] - Verify element property value successfully

2023-10-16 14:15:58 - [TEST_STEP][PASSED] - verifyElementPropertyValue(getResponse, "offers[12].groups[0].pricingPlans[0].pricingPlanData[0].currencyLabel", "DZD"): Verify element property value successfully

2023-10-16 14:15:58 - [MESSAGE][PASSED] - Verify element property value successfully

2023-10-16 14:15:58 - [TEST_STEP][PASSED] - verifyElementPropertyValue(getResponse, "offers[12].groups[0].pricingPlans[0].pricingPlanData[0].dealId", "BYG_SPORT_40P_DZA"): Verify element property value successfully

2023-10-16 14:15:58 - [MESSAGE][PASSED] - Verify element property value successfully

2023-10-16 14:15:58 - [TEST_STEP][PASSED] - verifyElementPropertyValue(getResponse, "offers[12].groups[0].pricingPlans[0].pricingPlanData[0].allowedForAcquisition", "true"): Verify element property value successfully

2023-10-16 14:15:58 - [MESSAGE][PASSED] - Verify element property value successfully

2023-10-16 14:15:58 - [TEST_STEP][PASSED] - verifyElementPropertyValue(getResponse, "offers[12].groups[0].pricingPlans[0].pricingPlanData[0].visualElements[0].key", "title"): Verify element property value successfully

2023-10-16 14:15:58 - [MESSAGE][PASSED] - Verify element property value successfully

2023-10-16 14:15:58 - [TEST_STEP][PASSED] - verifyElementPropertyValue(getResponse, "offers[12].groups[0].pricingPlans[0].pricingPlanData[0].visualElements[0].value", "البطاقة المصرفية"): Verify element property value successfully

2023-10-16 14:15:58 - [MESSAGE][PASSED] - Verify element property value successfully

2023-10-16 14:15:58 - [TEST_STEP][PASSED] - verifyElementPropertyValue(getResponse, "offers[12].groups[0].pricingPlans[0].pricingPlanData[0].visualElements[1].key", "CTA_text"): Verify element property value successfully

2023-10-16 14:15:58 - [MESSAGE][PASSED] - Verify element property value successfully

2023-10-16 14:15:58 - [TEST_STEP][PASSED] - verifyElementPropertyValue(getResponse, "offers[12].groups[0].pricingPlans[0].pricingPlanData[0].visualElements[1].value", "اشترك"): Verify element property value successfully

2023-10-16 14:15:58 - [MESSAGE][PASSED] - Verify element property value successfully

2023-10-16 14:15:58 - [TEST_STEP][PASSED] - verifyElementPropertyValue(getResponse, "offers[12].groups[0].pricingPlans[0].pricingPlanData[0].visualElements[2].key", "logo"): Verify element property value successfully

2023-10-16 14:15:58 - [MESSAGE][PASSED] - Verify element property value successfully

2023-10-16 14:15:58 - [TEST_STEP][PASSED] - verifyElementPropertyValue(getResponse, "offers[12].groups[0].pricingPlans[0].pricingPlanData[0].visualElements[2].value", "https://static.s3.shahid.mbc.net/widget-images/icons/iconCreditCard.png"): Verify element property value successfully

2023-10-16 14:15:58 - [MESSAGE][PASSED] - Verify element property value successfully

2023-10-16 14:15:58 - [TEST_STEP][PASSED] - verifyElementPropertyValue(getResponse, "offers[13].offerId", "byg-sport-50-offer"): Verify element property value successfully

2023-10-16 14:15:58 - [MESSAGE][PASSED] - Verify element property value successfully

2023-10-16 14:15:58 - [TEST_STEP][PASSED] - verifyElementPropertyValue(getResponse, "offers[13].offerParam", "bygsportsoffer50"): Verify element property value successfully

2023-10-16 14:15:58 - [MESSAGE][PASSED] - Verify element property value successfully

2023-10-16 14:15:58 - [TEST_STEP][PASSED] - verifyElementPropertyValue(getResponse, "offers[13].groups[0].pricingPlans[0].featured", "true"): Verify element property value successfully

2023-10-16 14:15:58 - [MESSAGE][PASSED] - Verify element property value successfully

2023-10-16 14:15:59 - [TEST_STEP][PASSED] - verifyElementPropertyValue(getResponse, "offers[13].groups[0].pricingPlans[0].period", "monthly"): Verify element property value successfully

2023-10-16 14:15:59 - [MESSAGE][PASSED] - Verify element property value successfully

2023-10-16 14:15:59 - [TEST_STEP][PASSED] - verifyElementPropertyValue(getResponse, "offers[13].groups[0].pricingPlans[0].featured", "true"): Verify element property value successfully

2023-10-16 14:15:59 - [MESSAGE][PASSED] - Verify element property value successfully

2023-10-16 14:15:59 - [TEST_STEP][PASSED] - verifyElementPropertyValue(getResponse, "offers[13].groups[0].pricingPlans[0].price", "401.0"): Verify element property value successfully

2023-10-16 14:15:59 - [MESSAGE][PASSED] - Verify element property value successfully

2023-10-16 14:15:59 - [TEST_STEP][PASSED] - verifyElementPropertyValue(getResponse, "offers[13].groups[0].pricingPlans[0].currency", "DZD"): Verify element property value successfully

2023-10-16 14:15:59 - [MESSAGE][PASSED] - Verify element property value successfully

2023-10-16 14:15:59 - [TEST_STEP][PASSED] - verifyElementPropertyValue(getResponse, "offers[13].groups[0].pricingPlans[0].order", "0"): Verify element property value successfully

2023-10-16 14:15:59 - [MESSAGE][PASSED] - Verify element property value successfully

2023-10-16 14:15:59 - [TEST_STEP][PASSED] - verifyElementPropertyValue(getResponse, "offers[13].groups[0].pricingPlans[0].packageId", "SHAHID_VIP_SPORT"): Verify element property value successfully

2023-10-16 14:15:59 - [MESSAGE][PASSED] - Verify element property value successfully

2023-10-16 14:15:59 - [TEST_STEP][PASSED] - verifyElementPropertyValue(getResponse, "offers[13].groups[0].pricingPlans[0].catalogId", "SPORT"): Verify element property value successfully

2023-10-16 14:15:59 - [MESSAGE][PASSED] - Verify element property value successfully

2023-10-16 14:15:59 - [TEST_STEP][PASSED] - verifyElementPropertyValue(getResponse, "offers[13].groups[0].pricingPlans[0].visualElements[0].key", "Header_1_text"): Verify element property value successfully

2023-10-16 14:15:59 - [MESSAGE][PASSED] - Verify element property value successfully

2023-10-16 14:15:59 - [TEST_STEP][PASSED] - verifyElementPropertyValue(getResponse, "offers[13].groups[0].pricingPlans[0].visualElements[0].value", "شاهد أقوى المسلسلات و الأفلام حصرياً دون توقف"): Verify element property value successfully

2023-10-16 14:15:59 - [MESSAGE][PASSED] - Verify element property value successfully

2023-10-16 14:15:59 - [TEST_STEP][PASSED] - verifyElementPropertyValue(getResponse, "offers[13].groups[0].pricingPlans[0].visualElements[1].key", "display_title"): Verify element property value successfully

2023-10-16 14:15:59 - [MESSAGE][PASSED] - Verify element property value successfully

2023-10-16 14:15:59 - [TEST_STEP][PASSED] - verifyElementPropertyValue(getResponse, "offers[13].groups[0].pricingPlans[0].visualElements[1].value", "احصل على خصم 50%"): Verify element property value successfully

2023-10-16 14:15:59 - [MESSAGE][PASSED] - Verify element property value successfully

2023-10-16 14:15:59 - [TEST_STEP][PASSED] - verifyElementPropertyValue(getResponse, "offers[13].groups[0].pricingPlans[0].visualElements[3].key", "deduction_text"): Verify element property value successfully

2023-10-16 14:15:59 - [MESSAGE][PASSED] - Verify element property value successfully

2023-10-16 14:15:59 - [TEST_STEP][PASSED] - verifyElementPropertyValue(getResponse, "offers[13].groups[0].pricingPlans[0].visualElements[3].value", "تدفع شهرياً"): Verify element property value successfully

2023-10-16 14:15:59 - [MESSAGE][PASSED] - Verify element property value successfully

2023-10-16 14:15:59 - [TEST_STEP][PASSED] - verifyElementPropertyValue(getResponse, "offers[13].groups[0].pricingPlans[0].visualElements[6].key", "show_payment_logo"): Verify element property value successfully

2023-10-16 14:15:59 - [MESSAGE][PASSED] - Verify element property value successfully

2023-10-16 14:15:59 - [TEST_STEP][PASSED] - verifyElementPropertyValue(getResponse, "offers[13].groups[0].pricingPlans[0].visualElements[6].value", "true"): Verify element property value successfully

2023-10-16 14:15:59 - [MESSAGE][PASSED] - Verify element property value successfully

2023-10-16 14:15:59 - [TEST_STEP][PASSED] - verifyElementPropertyValue(getResponse, "offers[13].groups[0].pricingPlans[0].visualElements[8].key", "price"): Verify element property value successfully

2023-10-16 14:15:59 - [MESSAGE][PASSED] - Verify element property value successfully

2023-10-16 14:15:59 - [TEST_STEP][PASSED] - verifyElementPropertyValue(getResponse, "offers[13].groups[0].pricingPlans[0].visualElements[8].value", "401"): Verify element property value successfully

2023-10-16 14:15:59 - [MESSAGE][PASSED] - Verify element property value successfully

2023-10-16 14:15:59 - [TEST_STEP][PASSED] - verifyElementPropertyValue(getResponse, "offers[13].groups[0].pricingPlans[0].visualElements[9].key", "currency"): Verify element property value successfully

2023-10-16 14:15:59 - [MESSAGE][PASSED] - Verify element property value successfully

2023-10-16 14:15:59 - [TEST_STEP][PASSED] - verifyElementPropertyValue(getResponse, "offers[13].groups[0].pricingPlans[0].visualElements[9].value", "DZD"): Verify element property value successfully

2023-10-16 14:15:59 - [MESSAGE][PASSED] - Verify element property value successfully

2023-10-16 14:15:59 - [TEST_STEP][PASSED] - verifyElementPropertyValue(getResponse, "offers[13].groups[0].pricingPlans[0].visualElements[10].key", "duration"): Verify element property value successfully

2023-10-16 14:15:59 - [MESSAGE][PASSED] - Verify element property value successfully

2023-10-16 14:15:59 - [TEST_STEP][PASSED] - verifyElementPropertyValue(getResponse, "offers[13].groups[0].pricingPlans[0].visualElements[10].value", "شهرياً"): Verify element property value successfully

2023-10-16 14:15:59 - [MESSAGE][PASSED] - Verify element property value successfully

2023-10-16 14:15:59 - [TEST_STEP][PASSED] - verifyElementPropertyValue(getResponse, "offers[13].groups[0].pricingPlans[0].visualElements[11].key", "featured_tag_text"): Verify element property value successfully

2023-10-16 14:15:59 - [MESSAGE][PASSED] - Verify element property value successfully

2023-10-16 14:15:59 - [TEST_STEP][PASSED] - verifyElementPropertyValue(getResponse, "offers[13].groups[0].pricingPlans[0].visualElements[11].value", "عرض لمدة محدودة"): Verify element property value successfully

2023-10-16 14:15:59 - [MESSAGE][PASSED] - Verify element property value successfully

2023-10-16 14:15:59 - [TEST_STEP][PASSED] - verifyElementPropertyValue(getResponse, "offers[13].groups[0].pricingPlans[0].visualElements[13].key", "tag_text"): Verify element property value successfully

2023-10-16 14:15:59 - [MESSAGE][PASSED] - Verify element property value successfully

2023-10-16 14:15:59 - [TEST_STEP][PASSED] - verifyElementPropertyValue(getResponse, "offers[13].groups[0].pricingPlans[0].visualElements[13].value", "وفر 50%"): Verify element property value successfully

2023-10-16 14:15:59 - [MESSAGE][PASSED] - Verify element property value successfully

2023-10-16 14:15:59 - [TEST_STEP][PASSED] - verifyElementPropertyValue(getResponse, "offers[13].groups[0].pricingPlans[0].visualElements[12].key", "show_tag"): Verify element property value successfully

2023-10-16 14:15:59 - [MESSAGE][PASSED] - Verify element property value successfully

2023-10-16 14:15:59 - [TEST_STEP][PASSED] - verifyElementPropertyValue(getResponse, "offers[13].groups[0].pricingPlans[0].visualElements[12].value", "true"): Verify element property value successfully

2023-10-16 14:15:59 - [MESSAGE][PASSED] - Verify element property value successfully

2023-10-16 14:15:59 - [TEST_STEP][PASSED] - verifyElementPropertyValue(getResponse, "offers[13].groups[0].pricingPlans[0].pricingPlanData[0].productId", "DZA_B2C_SHAHID_VIP_SPORT_1M"): Verify element property value successfully

2023-10-16 14:15:59 - [MESSAGE][PASSED] - Verify element property value successfully

2023-10-16 14:15:59 - [TEST_STEP][PASSED] - verifyElementPropertyValue(getResponse, "offers[13].groups[0].pricingPlans[0].pricingPlanData[0].paymentMethod", "CREDIT_CARD"): Verify element property value successfully

2023-10-16 14:15:59 - [MESSAGE][PASSED] - Verify element property value successfully

2023-10-16 14:15:59 - [TEST_STEP][PASSED] - verifyElementPropertyValue(getResponse, "offers[13].groups[0].pricingPlans[0].pricingPlanData[0].freeTrialEnabled", "false"): Verify element property value successfully

2023-10-16 14:15:59 - [MESSAGE][PASSED] - Verify element property value successfully

2023-10-16 14:15:59 - [TEST_STEP][PASSED] - verifyElementPropertyValue(getResponse, "offers[13].groups[0].pricingPlans[0].pricingPlanData[0].showIn[0]", "VERTICAL_MODE"): Verify element property value successfully

2023-10-16 14:15:59 - [MESSAGE][PASSED] - Verify element property value successfully

2023-10-16 14:15:59 - [TEST_STEP][PASSED] - verifyElementPropertyValue(getResponse, "offers[13].groups[0].pricingPlans[0].pricingPlanData[0].showIn[1]", "HORIZONTAL_MODE"): Verify element property value successfully

2023-10-16 14:15:59 - [MESSAGE][PASSED] - Verify element property value successfully

2023-10-16 14:15:59 - [TEST_STEP][PASSED] - verifyElementPropertyValue(getResponse, "offers[13].groups[0].pricingPlans[0].pricingPlanData[0].priceLabel", "401"): Verify element property value successfully

2023-10-16 14:15:59 - [MESSAGE][PASSED] - Verify element property value successfully

2023-10-16 14:15:59 - [TEST_STEP][PASSED] - verifyElementPropertyValue(getResponse, "offers[13].groups[0].pricingPlans[0].pricingPlanData[0].currencyLabel", "DZD"): Verify element property value successfully

2023-10-16 14:15:59 - [MESSAGE][PASSED] - Verify element property value successfully

2023-10-16 14:15:59 - [TEST_STEP][PASSED] - verifyElementPropertyValue(getResponse, "offers[13].groups[0].pricingPlans[0].pricingPlanData[0].dealId", "BYG_SPORT_50P_DZA"): Verify element property value successfully

2023-10-16 14:15:59 - [MESSAGE][PASSED] - Verify element property value successfully

2023-10-16 14:15:59 - [TEST_STEP][PASSED] - verifyElementPropertyValue(getResponse, "offers[13].groups[0].pricingPlans[0].pricingPlanData[0].allowedForAcquisition", "true"): Verify element property value successfully

2023-10-16 14:15:59 - [MESSAGE][PASSED] - Verify element property value successfully

2023-10-16 14:15:59 - [TEST_STEP][PASSED] - verifyElementPropertyValue(getResponse, "offers[13].groups[0].pricingPlans[0].pricingPlanData[0].visualElements[0].key", "title"): Verify element property value successfully

2023-10-16 14:15:59 - [MESSAGE][PASSED] - Verify element property value successfully

2023-10-16 14:15:59 - [TEST_STEP][PASSED] - verifyElementPropertyValue(getResponse, "offers[13].groups[0].pricingPlans[0].pricingPlanData[0].visualElements[0].value", "البطاقة المصرفية"): Verify element property value successfully

2023-10-16 14:15:59 - [MESSAGE][PASSED] - Verify element property value successfully

2023-10-16 14:15:59 - [TEST_STEP][PASSED] - verifyElementPropertyValue(getResponse, "offers[13].groups[0].pricingPlans[0].pricingPlanData[0].visualElements[1].key", "CTA_text"): Verify element property value successfully

2023-10-16 14:15:59 - [MESSAGE][PASSED] - Verify element property value successfully

2023-10-16 14:15:59 - [TEST_STEP][PASSED] - verifyElementPropertyValue(getResponse, "offers[13].groups[0].pricingPlans[0].pricingPlanData[0].visualElements[1].value", "اشترك"): Verify element property value successfully

2023-10-16 14:15:59 - [MESSAGE][PASSED] - Verify element property value successfully

2023-10-16 14:15:59 - [TEST_STEP][PASSED] - verifyElementPropertyValue(getResponse, "offers[13].groups[0].pricingPlans[0].pricingPlanData[0].visualElements[2].key", "logo"): Verify element property value successfully

2023-10-16 14:15:59 - [MESSAGE][PASSED] - Verify element property value successfully

2023-10-16 14:15:59 - [TEST_STEP][PASSED] - verifyElementPropertyValue(getResponse, "offers[13].groups[0].pricingPlans[0].pricingPlanData[0].visualElements[2].value", "https://static.s3.shahid.mbc.net/widget-images/icons/iconCreditCard.png"): Verify element property value successfully

2023-10-16 14:15:59 - [MESSAGE][PASSED] - Verify element property value successfully]]></system-out>
         <system-err><![CDATA[]]></system-err>
      </testcase>
      <testcase name="Test Cases/WEB - CHROME/DZA PI/WEB_AR_getOffersForDZA_VIP" time="6.938" classname="Test Cases/WEB - CHROME/DZA PI/WEB_AR_getOffersForDZA_VIP" status="FAILED">
         <failure type="FAILED" message="Test Cases/WEB - CHROME/DZA PI/WEB_AR_getOffersForDZA_VIP FAILED.
Reason:
com.kms.katalon.core.exception.StepFailedException: Expected element property value '241.0' is not equal with actual property value '201.0'
	at com.kms.katalon.core.keyword.internal.KeywordMain.stepFailed(KeywordMain.groovy:39)
	at com.kms.katalon.core.webservice.keyword.builtin.VerifyElementPropertyValueKeyword$_verifyElementPropertyValue_closure1.doCall(VerifyElementPropertyValueKeyword.groovy:56)
	at com.kms.katalon.core.webservice.keyword.builtin.VerifyElementPropertyValueKeyword$_verifyElementPropertyValue_closure1.call(VerifyElementPropertyValueKeyword.groovy)
	at com.kms.katalon.core.keyword.internal.KeywordMain.runKeyword(KeywordMain.groovy:75)
	at com.kms.katalon.core.webservice.keyword.builtin.VerifyElementPropertyValueKeyword.verifyElementPropertyValue(VerifyElementPropertyValueKeyword.groovy:48)
	at com.kms.katalon.core.webservice.keyword.builtin.VerifyElementPropertyValueKeyword.execute(VerifyElementPropertyValueKeyword.groovy:43)
	at com.kms.katalon.core.keyword.internal.KeywordExecutor.executeKeywordForPlatform(KeywordExecutor.groovy:74)
	at com.kms.katalon.core.webservice.keyword.WSBuiltInKeywords.verifyElementPropertyValue(WSBuiltInKeywords.groovy:190)
	at com.kms.katalon.core.webservice.keyword.WSBuiltInKeywords$verifyElementPropertyValue$1.call(Unknown Source)
	at WEB_AR_getOffersForDZA_VIP.run(WEB_AR_getOffersForDZA_VIP:89)
	at com.kms.katalon.core.main.ScriptEngine.run(ScriptEngine.java:194)
	at com.kms.katalon.core.main.ScriptEngine.runScriptAsRawText(ScriptEngine.java:119)
	at com.kms.katalon.core.main.TestCaseExecutor.runScript(TestCaseExecutor.java:448)
	at com.kms.katalon.core.main.TestCaseExecutor.doExecute(TestCaseExecutor.java:439)
	at com.kms.katalon.core.main.TestCaseExecutor.processExecutionPhase(TestCaseExecutor.java:418)
	at com.kms.katalon.core.main.TestCaseExecutor.accessMainPhase(TestCaseExecutor.java:410)
	at com.kms.katalon.core.main.TestCaseExecutor.execute(TestCaseExecutor.java:285)
	at com.kms.katalon.core.common.CommonExecutor.accessTestCaseMainPhase(CommonExecutor.java:65)
	at com.kms.katalon.core.main.TestSuiteExecutor.accessTestSuiteMainPhase(TestSuiteExecutor.java:148)
	at com.kms.katalon.core.main.TestSuiteExecutor.execute(TestSuiteExecutor.java:106)
	at com.kms.katalon.core.main.TestCaseMain.startTestSuite(TestCaseMain.java:187)
	at com.kms.katalon.core.main.TestCaseMain$startTestSuite$0.call(Unknown Source)
	at TempTestSuite1697454213703.run(TempTestSuite1697454213703.groovy:36)
"/>
         <system-out><![CDATA[2023-10-16 14:15:59 - [TEST_CASE][FAILED] - Test Cases/WEB - CHROME/DZA PI/WEB_AR_getOffersForDZA_VIP: Test Cases/WEB - CHROME/DZA PI/WEB_AR_getOffersForDZA_VIP FAILED.
Reason:
com.kms.katalon.core.exception.StepFailedException: Expected element property value '241.0' is not equal with actual property value '201.0'
	at com.kms.katalon.core.keyword.internal.KeywordMain.stepFailed(KeywordMain.groovy:39)
	at com.kms.katalon.core.webservice.keyword.builtin.VerifyElementPropertyValueKeyword$_verifyElementPropertyValue_closure1.doCall(VerifyElementPropertyValueKeyword.groovy:56)
	at com.kms.katalon.core.webservice.keyword.builtin.VerifyElementPropertyValueKeyword$_verifyElementPropertyValue_closure1.call(VerifyElementPropertyValueKeyword.groovy)
	at com.kms.katalon.core.keyword.internal.KeywordMain.runKeyword(KeywordMain.groovy:75)
	at com.kms.katalon.core.webservice.keyword.builtin.VerifyElementPropertyValueKeyword.verifyElementPropertyValue(VerifyElementPropertyValueKeyword.groovy:48)
	at com.kms.katalon.core.webservice.keyword.builtin.VerifyElementPropertyValueKeyword.execute(VerifyElementPropertyValueKeyword.groovy:43)
	at com.kms.katalon.core.keyword.internal.KeywordExecutor.executeKeywordForPlatform(KeywordExecutor.groovy:74)
	at com.kms.katalon.core.webservice.keyword.WSBuiltInKeywords.verifyElementPropertyValue(WSBuiltInKeywords.groovy:190)
	at com.kms.katalon.core.webservice.keyword.WSBuiltInKeywords$verifyElementPropertyValue$1.call(Unknown Source)
	at WEB_AR_getOffersForDZA_VIP.run(WEB_AR_getOffersForDZA_VIP:89)
	at com.kms.katalon.core.main.ScriptEngine.run(ScriptEngine.java:194)
	at com.kms.katalon.core.main.ScriptEngine.runScriptAsRawText(ScriptEngine.java:119)
	at com.kms.katalon.core.main.TestCaseExecutor.runScript(TestCaseExecutor.java:448)
	at com.kms.katalon.core.main.TestCaseExecutor.doExecute(TestCaseExecutor.java:439)
	at com.kms.katalon.core.main.TestCaseExecutor.processExecutionPhase(TestCaseExecutor.java:418)
	at com.kms.katalon.core.main.TestCaseExecutor.accessMainPhase(TestCaseExecutor.java:410)
	at com.kms.katalon.core.main.TestCaseExecutor.execute(TestCaseExecutor.java:285)
	at com.kms.katalon.core.common.CommonExecutor.accessTestCaseMainPhase(CommonExecutor.java:65)
	at com.kms.katalon.core.main.TestSuiteExecutor.accessTestSuiteMainPhase(TestSuiteExecutor.java:148)
	at com.kms.katalon.core.main.TestSuiteExecutor.execute(TestSuiteExecutor.java:106)
	at com.kms.katalon.core.main.TestCaseMain.startTestSuite(TestCaseMain.java:187)
	at com.kms.katalon.core.main.TestCaseMain$startTestSuite$0.call(Unknown Source)
	at TempTestSuite1697454213703.run(TempTestSuite1697454213703.groovy:36)


2023-10-16 14:15:59 - [TEST_STEP][PASSED] - getResponse = config_files.getConfigFile.getConfig("WEB", "AR", "SHAHID_VIP", "DZ", "false"): config_files.getConfigFile.getConfig is PASSED

2023-10-16 14:16:00 - [MESSAGE][INFO] - HAR: /Users/admin/git/shahid-configuration/Reports/20231016_140310/WEB/DZA/20231016_140333/requests/main/5.har

2023-10-16 14:16:01 - [MESSAGE][PASSED] - Send request successfully

2023-10-16 14:16:01 - [MESSAGE][PASSED] - config_files.getConfigFile.getConfig is PASSED

2023-10-16 14:16:01 - [TEST_STEP][PASSED] - verifyResponseStatusCode(getResponse, 200): Verify response status code successfully

2023-10-16 14:16:01 - [MESSAGE][PASSED] - Verify response status code successfully

2023-10-16 14:16:01 - [TEST_STEP][PASSED] - verifyElementPropertyValue(getResponse, "country", "DZA"): Verify element property value successfully

2023-10-16 14:16:01 - [MESSAGE][PASSED] - Verify element property value successfully

2023-10-16 14:16:01 - [TEST_STEP][PASSED] - verifyElementPropertyValue(getResponse, "platform", "[WEB]"): Verify element property value successfully

2023-10-16 14:16:01 - [MESSAGE][PASSED] - Verify element property value successfully

2023-10-16 14:16:01 - [TEST_STEP][PASSED] - verifyElementPropertyValue(getResponse, "offers[0].offerId", "winback-30-offer"): Verify element property value successfully

2023-10-16 14:16:01 - [MESSAGE][PASSED] - Verify element property value successfully

2023-10-16 14:16:01 - [TEST_STEP][PASSED] - verifyElementPropertyValue(getResponse, "offers[0].offerParam", "winback30"): Verify element property value successfully

2023-10-16 14:16:01 - [MESSAGE][PASSED] - Verify element property value successfully

2023-10-16 14:16:01 - [TEST_STEP][PASSED] - verifyElementPropertyValue(getResponse, "offers[0].groups[0].pricingPlans[0].featured", "true"): Verify element property value successfully

2023-10-16 14:16:01 - [MESSAGE][PASSED] - Verify element property value successfully

2023-10-16 14:16:01 - [TEST_STEP][PASSED] - verifyElementPropertyValue(getResponse, "offers[0].groups[0].pricingPlans[0].period", "monthly"): Verify element property value successfully

2023-10-16 14:16:01 - [MESSAGE][PASSED] - Verify element property value successfully

2023-10-16 14:16:01 - [TEST_STEP][PASSED] - verifyElementPropertyValue(getResponse, "offers[0].groups[0].pricingPlans[0].featured", "true"): Verify element property value successfully

2023-10-16 14:16:01 - [MESSAGE][PASSED] - Verify element property value successfully

2023-10-16 14:16:01 - [TEST_STEP][PASSED] - verifyElementPropertyValue(getResponse, "offers[0].groups[0].pricingPlans[0].price", "251.0"): Verify element property value successfully

2023-10-16 14:16:01 - [MESSAGE][PASSED] - Verify element property value successfully

2023-10-16 14:16:01 - [TEST_STEP][PASSED] - verifyElementPropertyValue(getResponse, "offers[0].groups[0].pricingPlans[0].currency", "DZD"): Verify element property value successfully

2023-10-16 14:16:01 - [MESSAGE][PASSED] - Verify element property value successfully

2023-10-16 14:16:01 - [TEST_STEP][PASSED] - verifyElementPropertyValue(getResponse, "offers[0].groups[0].pricingPlans[0].order", "0"): Verify element property value successfully

2023-10-16 14:16:01 - [MESSAGE][PASSED] - Verify element property value successfully

2023-10-16 14:16:01 - [TEST_STEP][PASSED] - verifyElementPropertyValue(getResponse, "offers[0].groups[0].pricingPlans[0].packageId", "SHAHID_VIP"): Verify element property value successfully

2023-10-16 14:16:01 - [MESSAGE][PASSED] - Verify element property value successfully

2023-10-16 14:16:01 - [TEST_STEP][PASSED] - verifyElementPropertyValue(getResponse, "offers[0].groups[0].pricingPlans[0].catalogId", "VIP"): Verify element property value successfully

2023-10-16 14:16:01 - [MESSAGE][PASSED] - Verify element property value successfully

2023-10-16 14:16:01 - [TEST_STEP][PASSED] - verifyElementPropertyValue(getResponse, "offers[0].groups[0].pricingPlans[0].visualElements[0].key", "Header_1_text"): Verify element property value successfully

2023-10-16 14:16:01 - [MESSAGE][PASSED] - Verify element property value successfully

2023-10-16 14:16:01 - [TEST_STEP][PASSED] - verifyElementPropertyValue(getResponse, "offers[0].groups[0].pricingPlans[0].visualElements[0].value", "شاهد أقوى المسلسلات و الأفلام حصرياً دون توقف"): Verify element property value successfully

2023-10-16 14:16:01 - [MESSAGE][PASSED] - Verify element property value successfully

2023-10-16 14:16:01 - [TEST_STEP][PASSED] - verifyElementPropertyValue(getResponse, "offers[0].groups[0].pricingPlans[0].visualElements[1].key", "display_title"): Verify element property value successfully

2023-10-16 14:16:01 - [MESSAGE][PASSED] - Verify element property value successfully

2023-10-16 14:16:01 - [TEST_STEP][PASSED] - verifyElementPropertyValue(getResponse, "offers[0].groups[0].pricingPlans[0].visualElements[1].value", "احصل على خصم 30%"): Verify element property value successfully

2023-10-16 14:16:01 - [MESSAGE][PASSED] - Verify element property value successfully

2023-10-16 14:16:01 - [TEST_STEP][PASSED] - verifyElementPropertyValue(getResponse, "offers[0].groups[0].pricingPlans[0].visualElements[3].key", "deduction_text"): Verify element property value successfully

2023-10-16 14:16:01 - [MESSAGE][PASSED] - Verify element property value successfully

2023-10-16 14:16:01 - [TEST_STEP][PASSED] - verifyElementPropertyValue(getResponse, "offers[0].groups[0].pricingPlans[0].visualElements[3].value", "تدفع شهرياً"): Verify element property value successfully

2023-10-16 14:16:01 - [MESSAGE][PASSED] - Verify element property value successfully

2023-10-16 14:16:01 - [TEST_STEP][PASSED] - verifyElementPropertyValue(getResponse, "offers[0].groups[0].pricingPlans[0].visualElements[6].key", "show_payment_logo"): Verify element property value successfully

2023-10-16 14:16:01 - [MESSAGE][PASSED] - Verify element property value successfully

2023-10-16 14:16:01 - [TEST_STEP][PASSED] - verifyElementPropertyValue(getResponse, "offers[0].groups[0].pricingPlans[0].visualElements[6].value", "true"): Verify element property value successfully

2023-10-16 14:16:01 - [MESSAGE][PASSED] - Verify element property value successfully

2023-10-16 14:16:01 - [TEST_STEP][PASSED] - verifyElementPropertyValue(getResponse, "offers[0].groups[0].pricingPlans[0].visualElements[8].key", "price"): Verify element property value successfully

2023-10-16 14:16:01 - [MESSAGE][PASSED] - Verify element property value successfully

2023-10-16 14:16:01 - [TEST_STEP][PASSED] - verifyElementPropertyValue(getResponse, "offers[0].groups[0].pricingPlans[0].visualElements[8].value", "251"): Verify element property value successfully

2023-10-16 14:16:01 - [MESSAGE][PASSED] - Verify element property value successfully

2023-10-16 14:16:01 - [TEST_STEP][PASSED] - verifyElementPropertyValue(getResponse, "offers[0].groups[0].pricingPlans[0].visualElements[9].key", "currency"): Verify element property value successfully

2023-10-16 14:16:01 - [MESSAGE][PASSED] - Verify element property value successfully

2023-10-16 14:16:01 - [TEST_STEP][PASSED] - verifyElementPropertyValue(getResponse, "offers[0].groups[0].pricingPlans[0].visualElements[9].value", "DZD"): Verify element property value successfully

2023-10-16 14:16:01 - [MESSAGE][PASSED] - Verify element property value successfully

2023-10-16 14:16:01 - [TEST_STEP][PASSED] - verifyElementPropertyValue(getResponse, "offers[0].groups[0].pricingPlans[0].visualElements[10].key", "duration"): Verify element property value successfully

2023-10-16 14:16:01 - [MESSAGE][PASSED] - Verify element property value successfully

2023-10-16 14:16:01 - [TEST_STEP][PASSED] - verifyElementPropertyValue(getResponse, "offers[0].groups[0].pricingPlans[0].visualElements[10].value", "شهرياً"): Verify element property value successfully

2023-10-16 14:16:01 - [MESSAGE][PASSED] - Verify element property value successfully

2023-10-16 14:16:01 - [TEST_STEP][PASSED] - verifyElementPropertyValue(getResponse, "offers[0].groups[0].pricingPlans[0].visualElements[11].key", "featured_tag_text"): Verify element property value successfully

2023-10-16 14:16:01 - [MESSAGE][PASSED] - Verify element property value successfully

2023-10-16 14:16:01 - [TEST_STEP][PASSED] - verifyElementPropertyValue(getResponse, "offers[0].groups[0].pricingPlans[0].visualElements[11].value", "عرض لمدة محدودة"): Verify element property value successfully

2023-10-16 14:16:01 - [MESSAGE][PASSED] - Verify element property value successfully

2023-10-16 14:16:01 - [TEST_STEP][PASSED] - verifyElementPropertyValue(getResponse, "offers[0].groups[0].pricingPlans[0].visualElements[13].key", "tag_text"): Verify element property value successfully

2023-10-16 14:16:01 - [MESSAGE][PASSED] - Verify element property value successfully

2023-10-16 14:16:01 - [TEST_STEP][PASSED] - verifyElementPropertyValue(getResponse, "offers[0].groups[0].pricingPlans[0].visualElements[13].value", "وفر 30%"): Verify element property value successfully

2023-10-16 14:16:01 - [MESSAGE][PASSED] - Verify element property value successfully

2023-10-16 14:16:01 - [TEST_STEP][PASSED] - verifyElementPropertyValue(getResponse, "offers[0].groups[0].pricingPlans[0].visualElements[12].key", "show_tag"): Verify element property value successfully

2023-10-16 14:16:01 - [MESSAGE][PASSED] - Verify element property value successfully

2023-10-16 14:16:01 - [TEST_STEP][PASSED] - verifyElementPropertyValue(getResponse, "offers[0].groups[0].pricingPlans[0].visualElements[12].value", "true"): Verify element property value successfully

2023-10-16 14:16:01 - [MESSAGE][PASSED] - Verify element property value successfully

2023-10-16 14:16:01 - [TEST_STEP][PASSED] - verifyElementPropertyValue(getResponse, "offers[0].groups[0].pricingPlans[0].pricingPlanData[0].productId", "DZA_B2C_SHAHID_VIP_1M"): Verify element property value successfully

2023-10-16 14:16:01 - [MESSAGE][PASSED] - Verify element property value successfully

2023-10-16 14:16:01 - [TEST_STEP][PASSED] - verifyElementPropertyValue(getResponse, "offers[0].groups[0].pricingPlans[0].pricingPlanData[0].paymentMethod", "CREDIT_CARD"): Verify element property value successfully

2023-10-16 14:16:01 - [MESSAGE][PASSED] - Verify element property value successfully

2023-10-16 14:16:01 - [TEST_STEP][PASSED] - verifyElementPropertyValue(getResponse, "offers[0].groups[0].pricingPlans[0].pricingPlanData[0].freeTrialEnabled", "false"): Verify element property value successfully

2023-10-16 14:16:01 - [MESSAGE][PASSED] - Verify element property value successfully

2023-10-16 14:16:01 - [TEST_STEP][PASSED] - verifyElementPropertyValue(getResponse, "offers[0].groups[0].pricingPlans[0].pricingPlanData[0].showIn[0]", "VERTICAL_MODE"): Verify element property value successfully

2023-10-16 14:16:01 - [MESSAGE][PASSED] - Verify element property value successfully

2023-10-16 14:16:01 - [TEST_STEP][PASSED] - verifyElementPropertyValue(getResponse, "offers[0].groups[0].pricingPlans[0].pricingPlanData[0].showIn[1]", "HORIZONTAL_MODE"): Verify element property value successfully

2023-10-16 14:16:01 - [MESSAGE][PASSED] - Verify element property value successfully

2023-10-16 14:16:01 - [TEST_STEP][PASSED] - verifyElementPropertyValue(getResponse, "offers[0].groups[0].pricingPlans[0].pricingPlanData[0].priceLabel", "251"): Verify element property value successfully

2023-10-16 14:16:02 - [MESSAGE][PASSED] - Verify element property value successfully

2023-10-16 14:16:02 - [TEST_STEP][PASSED] - verifyElementPropertyValue(getResponse, "offers[0].groups[0].pricingPlans[0].pricingPlanData[0].currencyLabel", "DZD"): Verify element property value successfully

2023-10-16 14:16:02 - [MESSAGE][PASSED] - Verify element property value successfully

2023-10-16 14:16:02 - [TEST_STEP][PASSED] - verifyElementPropertyValue(getResponse, "offers[0].groups[0].pricingPlans[0].pricingPlanData[0].dealId", "RE_30P_DZA"): Verify element property value successfully

2023-10-16 14:16:02 - [MESSAGE][PASSED] - Verify element property value successfully

2023-10-16 14:16:02 - [TEST_STEP][PASSED] - verifyElementPropertyValue(getResponse, "offers[0].groups[0].pricingPlans[0].pricingPlanData[0].allowedForAcquisition", "true"): Verify element property value successfully

2023-10-16 14:16:02 - [MESSAGE][PASSED] - Verify element property value successfully

2023-10-16 14:16:02 - [TEST_STEP][PASSED] - verifyElementPropertyValue(getResponse, "offers[0].groups[0].pricingPlans[0].pricingPlanData[0].visualElements[0].key", "title"): Verify element property value successfully

2023-10-16 14:16:02 - [MESSAGE][PASSED] - Verify element property value successfully

2023-10-16 14:16:02 - [TEST_STEP][PASSED] - verifyElementPropertyValue(getResponse, "offers[0].groups[0].pricingPlans[0].pricingPlanData[0].visualElements[0].value", "البطاقة المصرفية"): Verify element property value successfully

2023-10-16 14:16:02 - [MESSAGE][PASSED] - Verify element property value successfully

2023-10-16 14:16:02 - [TEST_STEP][PASSED] - verifyElementPropertyValue(getResponse, "offers[0].groups[0].pricingPlans[0].pricingPlanData[0].visualElements[1].key", "CTA_text"): Verify element property value successfully

2023-10-16 14:16:02 - [MESSAGE][PASSED] - Verify element property value successfully

2023-10-16 14:16:02 - [TEST_STEP][PASSED] - verifyElementPropertyValue(getResponse, "offers[0].groups[0].pricingPlans[0].pricingPlanData[0].visualElements[1].value", "اشترك"): Verify element property value successfully

2023-10-16 14:16:02 - [MESSAGE][PASSED] - Verify element property value successfully

2023-10-16 14:16:02 - [TEST_STEP][PASSED] - verifyElementPropertyValue(getResponse, "offers[0].groups[0].pricingPlans[0].pricingPlanData[0].visualElements[2].key", "logo"): Verify element property value successfully

2023-10-16 14:16:02 - [MESSAGE][PASSED] - Verify element property value successfully

2023-10-16 14:16:02 - [TEST_STEP][PASSED] - verifyElementPropertyValue(getResponse, "offers[0].groups[0].pricingPlans[0].pricingPlanData[0].visualElements[2].value", "https://static.s3.shahid.mbc.net/widget-images/icons/iconCreditCard.png"): Verify element property value successfully

2023-10-16 14:16:02 - [MESSAGE][PASSED] - Verify element property value successfully

2023-10-16 14:16:02 - [TEST_STEP][PASSED] - verifyElementPropertyValue(getResponse, "offers[1].offerId", "winback-40-offer"): Verify element property value successfully

2023-10-16 14:16:02 - [MESSAGE][PASSED] - Verify element property value successfully

2023-10-16 14:16:02 - [TEST_STEP][PASSED] - verifyElementPropertyValue(getResponse, "offers[1].offerParam", "winback40"): Verify element property value successfully

2023-10-16 14:16:02 - [MESSAGE][PASSED] - Verify element property value successfully

2023-10-16 14:16:02 - [TEST_STEP][PASSED] - verifyElementPropertyValue(getResponse, "offers[1].groups[0].pricingPlans[0].featured", "true"): Verify element property value successfully

2023-10-16 14:16:02 - [MESSAGE][PASSED] - Verify element property value successfully

2023-10-16 14:16:02 - [TEST_STEP][PASSED] - verifyElementPropertyValue(getResponse, "offers[1].groups[0].pricingPlans[0].period", "monthly"): Verify element property value successfully

2023-10-16 14:16:02 - [MESSAGE][PASSED] - Verify element property value successfully

2023-10-16 14:16:02 - [TEST_STEP][PASSED] - verifyElementPropertyValue(getResponse, "offers[1].groups[0].pricingPlans[0].featured", "true"): Verify element property value successfully

2023-10-16 14:16:02 - [MESSAGE][PASSED] - Verify element property value successfully

2023-10-16 14:16:02 - [TEST_STEP][FAILED] - verifyElementPropertyValue(getResponse, "offers[1].groups[0].pricingPlans[0].price", "241.0"): Expected element property value '241.0' is not equal with actual property value '201.0'

2023-10-16 14:16:02 - [MESSAGE][FAILED] - Expected element property value '241.0' is not equal with actual property value '201.0'

2023-10-16 14:16:02 - [TEST_STEP][PASSED] - verifyElementPropertyValue(getResponse, "offers[1].groups[0].pricingPlans[0].currency", "DZD"): Verify element property value successfully

2023-10-16 14:16:02 - [MESSAGE][PASSED] - Verify element property value successfully

2023-10-16 14:16:02 - [TEST_STEP][PASSED] - verifyElementPropertyValue(getResponse, "offers[1].groups[0].pricingPlans[0].order", "0"): Verify element property value successfully

2023-10-16 14:16:02 - [MESSAGE][PASSED] - Verify element property value successfully

2023-10-16 14:16:02 - [TEST_STEP][PASSED] - verifyElementPropertyValue(getResponse, "offers[1].groups[0].pricingPlans[0].packageId", "SHAHID_VIP"): Verify element property value successfully

2023-10-16 14:16:02 - [MESSAGE][PASSED] - Verify element property value successfully

2023-10-16 14:16:02 - [TEST_STEP][PASSED] - verifyElementPropertyValue(getResponse, "offers[1].groups[0].pricingPlans[0].catalogId", "VIP"): Verify element property value successfully

2023-10-16 14:16:02 - [MESSAGE][PASSED] - Verify element property value successfully

2023-10-16 14:16:02 - [TEST_STEP][PASSED] - verifyElementPropertyValue(getResponse, "offers[1].groups[0].pricingPlans[0].visualElements[0].key", "Header_1_text"): Verify element property value successfully

2023-10-16 14:16:02 - [MESSAGE][PASSED] - Verify element property value successfully

2023-10-16 14:16:02 - [TEST_STEP][PASSED] - verifyElementPropertyValue(getResponse, "offers[1].groups[0].pricingPlans[0].visualElements[0].value", "شاهد أقوى المسلسلات و الأفلام حصرياً دون توقف"): Verify element property value successfully

2023-10-16 14:16:02 - [MESSAGE][PASSED] - Verify element property value successfully

2023-10-16 14:16:02 - [TEST_STEP][PASSED] - verifyElementPropertyValue(getResponse, "offers[1].groups[0].pricingPlans[0].visualElements[1].key", "display_title"): Verify element property value successfully

2023-10-16 14:16:02 - [MESSAGE][PASSED] - Verify element property value successfully

2023-10-16 14:16:02 - [TEST_STEP][PASSED] - verifyElementPropertyValue(getResponse, "offers[1].groups[0].pricingPlans[0].visualElements[1].value", "احصل على خصم 40%"): Verify element property value successfully

2023-10-16 14:16:02 - [MESSAGE][PASSED] - Verify element property value successfully

2023-10-16 14:16:02 - [TEST_STEP][PASSED] - verifyElementPropertyValue(getResponse, "offers[1].groups[0].pricingPlans[0].visualElements[3].key", "deduction_text"): Verify element property value successfully

2023-10-16 14:16:02 - [MESSAGE][PASSED] - Verify element property value successfully

2023-10-16 14:16:02 - [TEST_STEP][PASSED] - verifyElementPropertyValue(getResponse, "offers[1].groups[0].pricingPlans[0].visualElements[3].value", "تدفع شهرياً"): Verify element property value successfully

2023-10-16 14:16:02 - [MESSAGE][PASSED] - Verify element property value successfully

2023-10-16 14:16:02 - [TEST_STEP][PASSED] - verifyElementPropertyValue(getResponse, "offers[1].groups[0].pricingPlans[0].visualElements[6].key", "show_payment_logo"): Verify element property value successfully

2023-10-16 14:16:02 - [MESSAGE][PASSED] - Verify element property value successfully

2023-10-16 14:16:02 - [TEST_STEP][PASSED] - verifyElementPropertyValue(getResponse, "offers[1].groups[0].pricingPlans[0].visualElements[6].value", "true"): Verify element property value successfully

2023-10-16 14:16:02 - [MESSAGE][PASSED] - Verify element property value successfully

2023-10-16 14:16:02 - [TEST_STEP][PASSED] - verifyElementPropertyValue(getResponse, "offers[1].groups[0].pricingPlans[0].visualElements[8].key", "price"): Verify element property value successfully

2023-10-16 14:16:02 - [MESSAGE][PASSED] - Verify element property value successfully

2023-10-16 14:16:02 - [TEST_STEP][FAILED] - verifyElementPropertyValue(getResponse, "offers[1].groups[0].pricingPlans[0].visualElements[8].value", "241"): Expected element property value '241' is not equal with actual property value '201'

2023-10-16 14:16:02 - [MESSAGE][FAILED] - Expected element property value '241' is not equal with actual property value '201'

2023-10-16 14:16:02 - [TEST_STEP][PASSED] - verifyElementPropertyValue(getResponse, "offers[1].groups[0].pricingPlans[0].visualElements[9].key", "currency"): Verify element property value successfully

2023-10-16 14:16:02 - [MESSAGE][PASSED] - Verify element property value successfully

2023-10-16 14:16:02 - [TEST_STEP][PASSED] - verifyElementPropertyValue(getResponse, "offers[1].groups[0].pricingPlans[0].visualElements[9].value", "DZD"): Verify element property value successfully

2023-10-16 14:16:02 - [MESSAGE][PASSED] - Verify element property value successfully

2023-10-16 14:16:02 - [TEST_STEP][PASSED] - verifyElementPropertyValue(getResponse, "offers[1].groups[0].pricingPlans[0].visualElements[10].key", "duration"): Verify element property value successfully

2023-10-16 14:16:02 - [MESSAGE][PASSED] - Verify element property value successfully

2023-10-16 14:16:02 - [TEST_STEP][PASSED] - verifyElementPropertyValue(getResponse, "offers[1].groups[0].pricingPlans[0].visualElements[10].value", "شهرياً"): Verify element property value successfully

2023-10-16 14:16:02 - [MESSAGE][PASSED] - Verify element property value successfully

2023-10-16 14:16:02 - [TEST_STEP][PASSED] - verifyElementPropertyValue(getResponse, "offers[1].groups[0].pricingPlans[0].visualElements[11].key", "featured_tag_text"): Verify element property value successfully

2023-10-16 14:16:02 - [MESSAGE][PASSED] - Verify element property value successfully

2023-10-16 14:16:02 - [TEST_STEP][PASSED] - verifyElementPropertyValue(getResponse, "offers[1].groups[0].pricingPlans[0].visualElements[11].value", "عرض لمدة محدودة"): Verify element property value successfully

2023-10-16 14:16:02 - [MESSAGE][PASSED] - Verify element property value successfully

2023-10-16 14:16:02 - [TEST_STEP][PASSED] - verifyElementPropertyValue(getResponse, "offers[1].groups[0].pricingPlans[0].visualElements[13].key", "tag_text"): Verify element property value successfully

2023-10-16 14:16:02 - [MESSAGE][PASSED] - Verify element property value successfully

2023-10-16 14:16:02 - [TEST_STEP][PASSED] - verifyElementPropertyValue(getResponse, "offers[1].groups[0].pricingPlans[0].visualElements[13].value", "وفر 40%"): Verify element property value successfully

2023-10-16 14:16:02 - [MESSAGE][PASSED] - Verify element property value successfully

2023-10-16 14:16:02 - [TEST_STEP][PASSED] - verifyElementPropertyValue(getResponse, "offers[1].groups[0].pricingPlans[0].visualElements[12].key", "show_tag"): Verify element property value successfully

2023-10-16 14:16:02 - [MESSAGE][PASSED] - Verify element property value successfully

2023-10-16 14:16:02 - [TEST_STEP][PASSED] - verifyElementPropertyValue(getResponse, "offers[1].groups[0].pricingPlans[0].visualElements[12].value", "true"): Verify element property value successfully

2023-10-16 14:16:02 - [MESSAGE][PASSED] - Verify element property value successfully

2023-10-16 14:16:02 - [TEST_STEP][PASSED] - verifyElementPropertyValue(getResponse, "offers[1].groups[0].pricingPlans[0].pricingPlanData[0].productId", "DZA_B2C_SHAHID_VIP_1M"): Verify element property value successfully

2023-10-16 14:16:02 - [MESSAGE][PASSED] - Verify element property value successfully

2023-10-16 14:16:02 - [TEST_STEP][PASSED] - verifyElementPropertyValue(getResponse, "offers[1].groups[0].pricingPlans[0].pricingPlanData[0].paymentMethod", "CREDIT_CARD"): Verify element property value successfully

2023-10-16 14:16:02 - [MESSAGE][PASSED] - Verify element property value successfully

2023-10-16 14:16:02 - [TEST_STEP][PASSED] - verifyElementPropertyValue(getResponse, "offers[1].groups[0].pricingPlans[0].pricingPlanData[0].freeTrialEnabled", "false"): Verify element property value successfully

2023-10-16 14:16:02 - [MESSAGE][PASSED] - Verify element property value successfully

2023-10-16 14:16:02 - [TEST_STEP][PASSED] - verifyElementPropertyValue(getResponse, "offers[1].groups[0].pricingPlans[0].pricingPlanData[0].showIn[0]", "VERTICAL_MODE"): Verify element property value successfully

2023-10-16 14:16:02 - [MESSAGE][PASSED] - Verify element property value successfully

2023-10-16 14:16:02 - [TEST_STEP][PASSED] - verifyElementPropertyValue(getResponse, "offers[1].groups[0].pricingPlans[0].pricingPlanData[0].showIn[1]", "HORIZONTAL_MODE"): Verify element property value successfully

2023-10-16 14:16:02 - [MESSAGE][PASSED] - Verify element property value successfully

2023-10-16 14:16:02 - [TEST_STEP][FAILED] - verifyElementPropertyValue(getResponse, "offers[1].groups[0].pricingPlans[0].pricingPlanData[0].priceLabel", "241"): Expected element property value '241' is not equal with actual property value '201'

2023-10-16 14:16:02 - [MESSAGE][FAILED] - Expected element property value '241' is not equal with actual property value '201'

2023-10-16 14:16:02 - [TEST_STEP][PASSED] - verifyElementPropertyValue(getResponse, "offers[1].groups[0].pricingPlans[0].pricingPlanData[0].currencyLabel", "DZD"): Verify element property value successfully

2023-10-16 14:16:02 - [MESSAGE][PASSED] - Verify element property value successfully

2023-10-16 14:16:02 - [TEST_STEP][PASSED] - verifyElementPropertyValue(getResponse, "offers[1].groups[0].pricingPlans[0].pricingPlanData[0].dealId", "RE_40P_DZA"): Verify element property value successfully

2023-10-16 14:16:02 - [MESSAGE][PASSED] - Verify element property value successfully

2023-10-16 14:16:02 - [TEST_STEP][PASSED] - verifyElementPropertyValue(getResponse, "offers[1].groups[0].pricingPlans[0].pricingPlanData[0].allowedForAcquisition", "true"): Verify element property value successfully

2023-10-16 14:16:02 - [MESSAGE][PASSED] - Verify element property value successfully

2023-10-16 14:16:02 - [TEST_STEP][PASSED] - verifyElementPropertyValue(getResponse, "offers[1].groups[0].pricingPlans[0].pricingPlanData[0].visualElements[0].key", "title"): Verify element property value successfully

2023-10-16 14:16:02 - [MESSAGE][PASSED] - Verify element property value successfully

2023-10-16 14:16:02 - [TEST_STEP][PASSED] - verifyElementPropertyValue(getResponse, "offers[1].groups[0].pricingPlans[0].pricingPlanData[0].visualElements[0].value", "البطاقة المصرفية"): Verify element property value successfully

2023-10-16 14:16:02 - [MESSAGE][PASSED] - Verify element property value successfully

2023-10-16 14:16:02 - [TEST_STEP][PASSED] - verifyElementPropertyValue(getResponse, "offers[1].groups[0].pricingPlans[0].pricingPlanData[0].visualElements[1].key", "CTA_text"): Verify element property value successfully

2023-10-16 14:16:02 - [MESSAGE][PASSED] - Verify element property value successfully

2023-10-16 14:16:02 - [TEST_STEP][PASSED] - verifyElementPropertyValue(getResponse, "offers[1].groups[0].pricingPlans[0].pricingPlanData[0].visualElements[1].value", "اشترك"): Verify element property value successfully

2023-10-16 14:16:02 - [MESSAGE][PASSED] - Verify element property value successfully

2023-10-16 14:16:02 - [TEST_STEP][PASSED] - verifyElementPropertyValue(getResponse, "offers[1].groups[0].pricingPlans[0].pricingPlanData[0].visualElements[2].key", "logo"): Verify element property value successfully

2023-10-16 14:16:02 - [MESSAGE][PASSED] - Verify element property value successfully

2023-10-16 14:16:02 - [TEST_STEP][PASSED] - verifyElementPropertyValue(getResponse, "offers[1].groups[0].pricingPlans[0].pricingPlanData[0].visualElements[2].value", "https://static.s3.shahid.mbc.net/widget-images/icons/iconCreditCard.png"): Verify element property value successfully

2023-10-16 14:16:02 - [MESSAGE][PASSED] - Verify element property value successfully

2023-10-16 14:16:02 - [TEST_STEP][PASSED] - verifyElementPropertyValue(getResponse, "offers[2].offerId", "winback-50-offer"): Verify element property value successfully

2023-10-16 14:16:02 - [MESSAGE][PASSED] - Verify element property value successfully

2023-10-16 14:16:02 - [TEST_STEP][PASSED] - verifyElementPropertyValue(getResponse, "offers[2].offerParam", "winback50"): Verify element property value successfully

2023-10-16 14:16:02 - [MESSAGE][PASSED] - Verify element property value successfully

2023-10-16 14:16:02 - [TEST_STEP][PASSED] - verifyElementPropertyValue(getResponse, "offers[2].groups[0].pricingPlans[0].featured", "true"): Verify element property value successfully

2023-10-16 14:16:02 - [MESSAGE][PASSED] - Verify element property value successfully

2023-10-16 14:16:02 - [TEST_STEP][PASSED] - verifyElementPropertyValue(getResponse, "offers[2].groups[0].pricingPlans[0].period", "monthly"): Verify element property value successfully

2023-10-16 14:16:02 - [MESSAGE][PASSED] - Verify element property value successfully

2023-10-16 14:16:02 - [TEST_STEP][PASSED] - verifyElementPropertyValue(getResponse, "offers[2].groups[0].pricingPlans[0].featured", "true"): Verify element property value successfully

2023-10-16 14:16:02 - [MESSAGE][PASSED] - Verify element property value successfully

2023-10-16 14:16:02 - [TEST_STEP][PASSED] - verifyElementPropertyValue(getResponse, "offers[2].groups[0].pricingPlans[0].price", "201.0"): Verify element property value successfully

2023-10-16 14:16:02 - [MESSAGE][PASSED] - Verify element property value successfully

2023-10-16 14:16:02 - [TEST_STEP][PASSED] - verifyElementPropertyValue(getResponse, "offers[2].groups[0].pricingPlans[0].currency", "DZD"): Verify element property value successfully

2023-10-16 14:16:02 - [MESSAGE][PASSED] - Verify element property value successfully

2023-10-16 14:16:02 - [TEST_STEP][PASSED] - verifyElementPropertyValue(getResponse, "offers[2].groups[0].pricingPlans[0].order", "0"): Verify element property value successfully

2023-10-16 14:16:02 - [MESSAGE][PASSED] - Verify element property value successfully

2023-10-16 14:16:02 - [TEST_STEP][PASSED] - verifyElementPropertyValue(getResponse, "offers[2].groups[0].pricingPlans[0].packageId", "SHAHID_VIP"): Verify element property value successfully

2023-10-16 14:16:02 - [MESSAGE][PASSED] - Verify element property value successfully

2023-10-16 14:16:02 - [TEST_STEP][PASSED] - verifyElementPropertyValue(getResponse, "offers[2].groups[0].pricingPlans[0].catalogId", "VIP"): Verify element property value successfully

2023-10-16 14:16:02 - [MESSAGE][PASSED] - Verify element property value successfully

2023-10-16 14:16:02 - [TEST_STEP][PASSED] - verifyElementPropertyValue(getResponse, "offers[2].groups[0].pricingPlans[0].visualElements[0].key", "Header_1_text"): Verify element property value successfully

2023-10-16 14:16:02 - [MESSAGE][PASSED] - Verify element property value successfully

2023-10-16 14:16:02 - [TEST_STEP][PASSED] - verifyElementPropertyValue(getResponse, "offers[2].groups[0].pricingPlans[0].visualElements[0].value", "شاهد أقوى المسلسلات و الأفلام حصرياً دون توقف"): Verify element property value successfully

2023-10-16 14:16:02 - [MESSAGE][PASSED] - Verify element property value successfully

2023-10-16 14:16:02 - [TEST_STEP][PASSED] - verifyElementPropertyValue(getResponse, "offers[2].groups[0].pricingPlans[0].visualElements[1].key", "display_title"): Verify element property value successfully

2023-10-16 14:16:02 - [MESSAGE][PASSED] - Verify element property value successfully

2023-10-16 14:16:02 - [TEST_STEP][PASSED] - verifyElementPropertyValue(getResponse, "offers[2].groups[0].pricingPlans[0].visualElements[1].value", "احصل على خصم 50%"): Verify element property value successfully

2023-10-16 14:16:02 - [MESSAGE][PASSED] - Verify element property value successfully

2023-10-16 14:16:02 - [TEST_STEP][PASSED] - verifyElementPropertyValue(getResponse, "offers[2].groups[0].pricingPlans[0].visualElements[3].key", "deduction_text"): Verify element property value successfully

2023-10-16 14:16:02 - [MESSAGE][PASSED] - Verify element property value successfully

2023-10-16 14:16:02 - [TEST_STEP][PASSED] - verifyElementPropertyValue(getResponse, "offers[2].groups[0].pricingPlans[0].visualElements[3].value", "تدفع شهرياً"): Verify element property value successfully

2023-10-16 14:16:02 - [MESSAGE][PASSED] - Verify element property value successfully

2023-10-16 14:16:02 - [TEST_STEP][PASSED] - verifyElementPropertyValue(getResponse, "offers[2].groups[0].pricingPlans[0].visualElements[6].key", "show_payment_logo"): Verify element property value successfully

2023-10-16 14:16:02 - [MESSAGE][PASSED] - Verify element property value successfully

2023-10-16 14:16:02 - [TEST_STEP][PASSED] - verifyElementPropertyValue(getResponse, "offers[2].groups[0].pricingPlans[0].visualElements[6].value", "true"): Verify element property value successfully

2023-10-16 14:16:02 - [MESSAGE][PASSED] - Verify element property value successfully

2023-10-16 14:16:02 - [TEST_STEP][PASSED] - verifyElementPropertyValue(getResponse, "offers[2].groups[0].pricingPlans[0].visualElements[8].key", "price"): Verify element property value successfully

2023-10-16 14:16:02 - [MESSAGE][PASSED] - Verify element property value successfully

2023-10-16 14:16:02 - [TEST_STEP][PASSED] - verifyElementPropertyValue(getResponse, "offers[2].groups[0].pricingPlans[0].visualElements[8].value", "201"): Verify element property value successfully

2023-10-16 14:16:02 - [MESSAGE][PASSED] - Verify element property value successfully

2023-10-16 14:16:02 - [TEST_STEP][PASSED] - verifyElementPropertyValue(getResponse, "offers[2].groups[0].pricingPlans[0].visualElements[9].key", "currency"): Verify element property value successfully

2023-10-16 14:16:02 - [MESSAGE][PASSED] - Verify element property value successfully

2023-10-16 14:16:02 - [TEST_STEP][PASSED] - verifyElementPropertyValue(getResponse, "offers[2].groups[0].pricingPlans[0].visualElements[9].value", "DZD"): Verify element property value successfully

2023-10-16 14:16:02 - [MESSAGE][PASSED] - Verify element property value successfully

2023-10-16 14:16:02 - [TEST_STEP][PASSED] - verifyElementPropertyValue(getResponse, "offers[2].groups[0].pricingPlans[0].visualElements[10].key", "duration"): Verify element property value successfully

2023-10-16 14:16:02 - [MESSAGE][PASSED] - Verify element property value successfully

2023-10-16 14:16:02 - [TEST_STEP][PASSED] - verifyElementPropertyValue(getResponse, "offers[2].groups[0].pricingPlans[0].visualElements[10].value", "شهرياً"): Verify element property value successfully

2023-10-16 14:16:02 - [MESSAGE][PASSED] - Verify element property value successfully

2023-10-16 14:16:02 - [TEST_STEP][PASSED] - verifyElementPropertyValue(getResponse, "offers[2].groups[0].pricingPlans[0].visualElements[11].key", "featured_tag_text"): Verify element property value successfully

2023-10-16 14:16:02 - [MESSAGE][PASSED] - Verify element property value successfully

2023-10-16 14:16:02 - [TEST_STEP][PASSED] - verifyElementPropertyValue(getResponse, "offers[2].groups[0].pricingPlans[0].visualElements[11].value", "عرض لمدة محدودة"): Verify element property value successfully

2023-10-16 14:16:02 - [MESSAGE][PASSED] - Verify element property value successfully

2023-10-16 14:16:02 - [TEST_STEP][PASSED] - verifyElementPropertyValue(getResponse, "offers[2].groups[0].pricingPlans[0].visualElements[13].key", "tag_text"): Verify element property value successfully

2023-10-16 14:16:02 - [MESSAGE][PASSED] - Verify element property value successfully

2023-10-16 14:16:02 - [TEST_STEP][PASSED] - verifyElementPropertyValue(getResponse, "offers[2].groups[0].pricingPlans[0].visualElements[13].value", "وفر 50%"): Verify element property value successfully

2023-10-16 14:16:02 - [MESSAGE][PASSED] - Verify element property value successfully

2023-10-16 14:16:02 - [TEST_STEP][PASSED] - verifyElementPropertyValue(getResponse, "offers[2].groups[0].pricingPlans[0].visualElements[12].key", "show_tag"): Verify element property value successfully

2023-10-16 14:16:02 - [MESSAGE][PASSED] - Verify element property value successfully

2023-10-16 14:16:02 - [TEST_STEP][PASSED] - verifyElementPropertyValue(getResponse, "offers[2].groups[0].pricingPlans[0].visualElements[12].value", "true"): Verify element property value successfully

2023-10-16 14:16:02 - [MESSAGE][PASSED] - Verify element property value successfully

2023-10-16 14:16:02 - [TEST_STEP][PASSED] - verifyElementPropertyValue(getResponse, "offers[2].groups[0].pricingPlans[0].pricingPlanData[0].productId", "DZA_B2C_SHAHID_VIP_1M"): Verify element property value successfully

2023-10-16 14:16:02 - [MESSAGE][PASSED] - Verify element property value successfully

2023-10-16 14:16:02 - [TEST_STEP][PASSED] - verifyElementPropertyValue(getResponse, "offers[2].groups[0].pricingPlans[0].pricingPlanData[0].paymentMethod", "CREDIT_CARD"): Verify element property value successfully

2023-10-16 14:16:02 - [MESSAGE][PASSED] - Verify element property value successfully

2023-10-16 14:16:02 - [TEST_STEP][PASSED] - verifyElementPropertyValue(getResponse, "offers[2].groups[0].pricingPlans[0].pricingPlanData[0].freeTrialEnabled", "false"): Verify element property value successfully

2023-10-16 14:16:02 - [MESSAGE][PASSED] - Verify element property value successfully

2023-10-16 14:16:02 - [TEST_STEP][PASSED] - verifyElementPropertyValue(getResponse, "offers[2].groups[0].pricingPlans[0].pricingPlanData[0].showIn[0]", "VERTICAL_MODE"): Verify element property value successfully

2023-10-16 14:16:02 - [MESSAGE][PASSED] - Verify element property value successfully

2023-10-16 14:16:02 - [TEST_STEP][PASSED] - verifyElementPropertyValue(getResponse, "offers[2].groups[0].pricingPlans[0].pricingPlanData[0].showIn[1]", "HORIZONTAL_MODE"): Verify element property value successfully

2023-10-16 14:16:02 - [MESSAGE][PASSED] - Verify element property value successfully

2023-10-16 14:16:02 - [TEST_STEP][PASSED] - verifyElementPropertyValue(getResponse, "offers[2].groups[0].pricingPlans[0].pricingPlanData[0].priceLabel", "201"): Verify element property value successfully

2023-10-16 14:16:02 - [MESSAGE][PASSED] - Verify element property value successfully

2023-10-16 14:16:02 - [TEST_STEP][PASSED] - verifyElementPropertyValue(getResponse, "offers[2].groups[0].pricingPlans[0].pricingPlanData[0].currencyLabel", "DZD"): Verify element property value successfully

2023-10-16 14:16:02 - [MESSAGE][PASSED] - Verify element property value successfully

2023-10-16 14:16:02 - [TEST_STEP][PASSED] - verifyElementPropertyValue(getResponse, "offers[2].groups[0].pricingPlans[0].pricingPlanData[0].dealId", "RE_50P_DZA"): Verify element property value successfully

2023-10-16 14:16:02 - [MESSAGE][PASSED] - Verify element property value successfully

2023-10-16 14:16:02 - [TEST_STEP][PASSED] - verifyElementPropertyValue(getResponse, "offers[2].groups[0].pricingPlans[0].pricingPlanData[0].allowedForAcquisition", "true"): Verify element property value successfully

2023-10-16 14:16:02 - [MESSAGE][PASSED] - Verify element property value successfully

2023-10-16 14:16:02 - [TEST_STEP][PASSED] - verifyElementPropertyValue(getResponse, "offers[2].groups[0].pricingPlans[0].pricingPlanData[0].visualElements[0].key", "title"): Verify element property value successfully

2023-10-16 14:16:02 - [MESSAGE][PASSED] - Verify element property value successfully

2023-10-16 14:16:02 - [TEST_STEP][PASSED] - verifyElementPropertyValue(getResponse, "offers[2].groups[0].pricingPlans[0].pricingPlanData[0].visualElements[0].value", "البطاقة المصرفية"): Verify element property value successfully

2023-10-16 14:16:02 - [MESSAGE][PASSED] - Verify element property value successfully

2023-10-16 14:16:02 - [TEST_STEP][PASSED] - verifyElementPropertyValue(getResponse, "offers[2].groups[0].pricingPlans[0].pricingPlanData[0].visualElements[1].key", "CTA_text"): Verify element property value successfully

2023-10-16 14:16:02 - [MESSAGE][PASSED] - Verify element property value successfully

2023-10-16 14:16:02 - [TEST_STEP][PASSED] - verifyElementPropertyValue(getResponse, "offers[2].groups[0].pricingPlans[0].pricingPlanData[0].visualElements[1].value", "اشترك"): Verify element property value successfully

2023-10-16 14:16:02 - [MESSAGE][PASSED] - Verify element property value successfully

2023-10-16 14:16:02 - [TEST_STEP][PASSED] - verifyElementPropertyValue(getResponse, "offers[2].groups[0].pricingPlans[0].pricingPlanData[0].visualElements[2].key", "logo"): Verify element property value successfully

2023-10-16 14:16:02 - [MESSAGE][PASSED] - Verify element property value successfully

2023-10-16 14:16:02 - [TEST_STEP][PASSED] - verifyElementPropertyValue(getResponse, "offers[2].groups[0].pricingPlans[0].pricingPlanData[0].visualElements[2].value", "https://static.s3.shahid.mbc.net/widget-images/icons/iconCreditCard.png"): Verify element property value successfully

2023-10-16 14:16:02 - [MESSAGE][PASSED] - Verify element property value successfully

2023-10-16 14:16:02 - [TEST_STEP][PASSED] - verifyElementPropertyValue(getResponse, "offers[8].offerId", "byg-30-offer"): Verify element property value successfully

2023-10-16 14:16:02 - [MESSAGE][PASSED] - Verify element property value successfully

2023-10-16 14:16:02 - [TEST_STEP][PASSED] - verifyElementPropertyValue(getResponse, "offers[8].offerParam", "bygoffer30"): Verify element property value successfully

2023-10-16 14:16:02 - [MESSAGE][PASSED] - Verify element property value successfully

2023-10-16 14:16:02 - [TEST_STEP][PASSED] - verifyElementPropertyValue(getResponse, "offers[8].groups[0].pricingPlans[0].featured", "true"): Verify element property value successfully

2023-10-16 14:16:02 - [MESSAGE][PASSED] - Verify element property value successfully

2023-10-16 14:16:02 - [TEST_STEP][PASSED] - verifyElementPropertyValue(getResponse, "offers[8].groups[0].pricingPlans[0].period", "monthly"): Verify element property value successfully

2023-10-16 14:16:02 - [MESSAGE][PASSED] - Verify element property value successfully

2023-10-16 14:16:02 - [TEST_STEP][PASSED] - verifyElementPropertyValue(getResponse, "offers[8].groups[0].pricingPlans[0].featured", "true"): Verify element property value successfully

2023-10-16 14:16:02 - [MESSAGE][PASSED] - Verify element property value successfully

2023-10-16 14:16:02 - [TEST_STEP][FAILED] - verifyElementPropertyValue(getResponse, "offers[8].groups[0].pricingPlans[0].price", "251.0"): Expected element property value '251.0' is not equal with actual property value '281.0'

2023-10-16 14:16:02 - [MESSAGE][FAILED] - Expected element property value '251.0' is not equal with actual property value '281.0'

2023-10-16 14:16:02 - [TEST_STEP][PASSED] - verifyElementPropertyValue(getResponse, "offers[8].groups[0].pricingPlans[0].currency", "DZD"): Verify element property value successfully

2023-10-16 14:16:03 - [MESSAGE][PASSED] - Verify element property value successfully

2023-10-16 14:16:03 - [TEST_STEP][PASSED] - verifyElementPropertyValue(getResponse, "offers[8].groups[0].pricingPlans[0].order", "0"): Verify element property value successfully

2023-10-16 14:16:03 - [MESSAGE][PASSED] - Verify element property value successfully

2023-10-16 14:16:03 - [TEST_STEP][PASSED] - verifyElementPropertyValue(getResponse, "offers[8].groups[0].pricingPlans[0].packageId", "SHAHID_VIP"): Verify element property value successfully

2023-10-16 14:16:03 - [MESSAGE][PASSED] - Verify element property value successfully

2023-10-16 14:16:03 - [TEST_STEP][PASSED] - verifyElementPropertyValue(getResponse, "offers[8].groups[0].pricingPlans[0].catalogId", "VIP"): Verify element property value successfully

2023-10-16 14:16:03 - [MESSAGE][PASSED] - Verify element property value successfully

2023-10-16 14:16:03 - [TEST_STEP][PASSED] - verifyElementPropertyValue(getResponse, "offers[8].groups[0].pricingPlans[0].visualElements[0].key", "Header_1_text"): Verify element property value successfully

2023-10-16 14:16:03 - [MESSAGE][PASSED] - Verify element property value successfully

2023-10-16 14:16:03 - [TEST_STEP][PASSED] - verifyElementPropertyValue(getResponse, "offers[8].groups[0].pricingPlans[0].visualElements[0].value", "شاهد أقوى المسلسلات و الأفلام حصرياً دون توقف"): Verify element property value successfully

2023-10-16 14:16:03 - [MESSAGE][PASSED] - Verify element property value successfully

2023-10-16 14:16:03 - [TEST_STEP][PASSED] - verifyElementPropertyValue(getResponse, "offers[8].groups[0].pricingPlans[0].visualElements[1].key", "display_title"): Verify element property value successfully

2023-10-16 14:16:03 - [MESSAGE][PASSED] - Verify element property value successfully

2023-10-16 14:16:03 - [TEST_STEP][PASSED] - verifyElementPropertyValue(getResponse, "offers[8].groups[0].pricingPlans[0].visualElements[1].value", "احصل على خصم 30%"): Verify element property value successfully

2023-10-16 14:16:03 - [MESSAGE][PASSED] - Verify element property value successfully

2023-10-16 14:16:03 - [TEST_STEP][PASSED] - verifyElementPropertyValue(getResponse, "offers[8].groups[0].pricingPlans[0].visualElements[3].key", "deduction_text"): Verify element property value successfully

2023-10-16 14:16:03 - [MESSAGE][PASSED] - Verify element property value successfully

2023-10-16 14:16:03 - [TEST_STEP][PASSED] - verifyElementPropertyValue(getResponse, "offers[8].groups[0].pricingPlans[0].visualElements[3].value", "تدفع شهرياً"): Verify element property value successfully

2023-10-16 14:16:03 - [MESSAGE][PASSED] - Verify element property value successfully

2023-10-16 14:16:03 - [TEST_STEP][PASSED] - verifyElementPropertyValue(getResponse, "offers[8].groups[0].pricingPlans[0].visualElements[6].key", "show_payment_logo"): Verify element property value successfully

2023-10-16 14:16:03 - [MESSAGE][PASSED] - Verify element property value successfully

2023-10-16 14:16:03 - [TEST_STEP][PASSED] - verifyElementPropertyValue(getResponse, "offers[8].groups[0].pricingPlans[0].visualElements[6].value", "true"): Verify element property value successfully

2023-10-16 14:16:03 - [MESSAGE][PASSED] - Verify element property value successfully

2023-10-16 14:16:03 - [TEST_STEP][PASSED] - verifyElementPropertyValue(getResponse, "offers[8].groups[0].pricingPlans[0].visualElements[8].key", "price"): Verify element property value successfully

2023-10-16 14:16:03 - [MESSAGE][PASSED] - Verify element property value successfully

2023-10-16 14:16:05 - [TEST_STEP][FAILED] - verifyElementPropertyValue(getResponse, "offers[8].groups[0].pricingPlans[0].visualElements[8].value", "251"): Expected element property value '251' is not equal with actual property value '281'

2023-10-16 14:16:05 - [MESSAGE][FAILED] - Expected element property value '251' is not equal with actual property value '281'

2023-10-16 14:16:05 - [TEST_STEP][PASSED] - verifyElementPropertyValue(getResponse, "offers[8].groups[0].pricingPlans[0].visualElements[9].key", "currency"): Verify element property value successfully

2023-10-16 14:16:05 - [MESSAGE][PASSED] - Verify element property value successfully

2023-10-16 14:16:05 - [TEST_STEP][PASSED] - verifyElementPropertyValue(getResponse, "offers[8].groups[0].pricingPlans[0].visualElements[9].value", "DZD"): Verify element property value successfully

2023-10-16 14:16:05 - [MESSAGE][PASSED] - Verify element property value successfully

2023-10-16 14:16:05 - [TEST_STEP][PASSED] - verifyElementPropertyValue(getResponse, "offers[8].groups[0].pricingPlans[0].visualElements[10].key", "duration"): Verify element property value successfully

2023-10-16 14:16:05 - [MESSAGE][PASSED] - Verify element property value successfully

2023-10-16 14:16:05 - [TEST_STEP][PASSED] - verifyElementPropertyValue(getResponse, "offers[8].groups[0].pricingPlans[0].visualElements[10].value", "شهرياً"): Verify element property value successfully

2023-10-16 14:16:05 - [MESSAGE][PASSED] - Verify element property value successfully

2023-10-16 14:16:05 - [TEST_STEP][PASSED] - verifyElementPropertyValue(getResponse, "offers[8].groups[0].pricingPlans[0].visualElements[11].key", "featured_tag_text"): Verify element property value successfully

2023-10-16 14:16:05 - [MESSAGE][PASSED] - Verify element property value successfully

2023-10-16 14:16:05 - [TEST_STEP][PASSED] - verifyElementPropertyValue(getResponse, "offers[8].groups[0].pricingPlans[0].visualElements[11].value", "عرض لمدة محدودة"): Verify element property value successfully

2023-10-16 14:16:05 - [MESSAGE][PASSED] - Verify element property value successfully

2023-10-16 14:16:05 - [TEST_STEP][PASSED] - verifyElementPropertyValue(getResponse, "offers[8].groups[0].pricingPlans[0].visualElements[13].key", "tag_text"): Verify element property value successfully

2023-10-16 14:16:05 - [MESSAGE][PASSED] - Verify element property value successfully

2023-10-16 14:16:05 - [TEST_STEP][PASSED] - verifyElementPropertyValue(getResponse, "offers[8].groups[0].pricingPlans[0].visualElements[13].value", "وفر 30%"): Verify element property value successfully

2023-10-16 14:16:05 - [MESSAGE][PASSED] - Verify element property value successfully

2023-10-16 14:16:05 - [TEST_STEP][PASSED] - verifyElementPropertyValue(getResponse, "offers[8].groups[0].pricingPlans[0].visualElements[12].key", "show_tag"): Verify element property value successfully

2023-10-16 14:16:05 - [MESSAGE][PASSED] - Verify element property value successfully

2023-10-16 14:16:05 - [TEST_STEP][PASSED] - verifyElementPropertyValue(getResponse, "offers[8].groups[0].pricingPlans[0].visualElements[12].value", "true"): Verify element property value successfully

2023-10-16 14:16:05 - [MESSAGE][PASSED] - Verify element property value successfully

2023-10-16 14:16:05 - [TEST_STEP][PASSED] - verifyElementPropertyValue(getResponse, "offers[8].groups[0].pricingPlans[0].pricingPlanData[0].productId", "DZA_B2C_SHAHID_VIP_1M"): Verify element property value successfully

2023-10-16 14:16:05 - [MESSAGE][PASSED] - Verify element property value successfully

2023-10-16 14:16:05 - [TEST_STEP][PASSED] - verifyElementPropertyValue(getResponse, "offers[8].groups[0].pricingPlans[0].pricingPlanData[0].paymentMethod", "CREDIT_CARD"): Verify element property value successfully

2023-10-16 14:16:05 - [MESSAGE][PASSED] - Verify element property value successfully

2023-10-16 14:16:05 - [TEST_STEP][PASSED] - verifyElementPropertyValue(getResponse, "offers[8].groups[0].pricingPlans[0].pricingPlanData[0].freeTrialEnabled", "false"): Verify element property value successfully

2023-10-16 14:16:05 - [MESSAGE][PASSED] - Verify element property value successfully

2023-10-16 14:16:05 - [TEST_STEP][PASSED] - verifyElementPropertyValue(getResponse, "offers[8].groups[0].pricingPlans[0].pricingPlanData[0].showIn[0]", "VERTICAL_MODE"): Verify element property value successfully

2023-10-16 14:16:05 - [MESSAGE][PASSED] - Verify element property value successfully

2023-10-16 14:16:05 - [TEST_STEP][PASSED] - verifyElementPropertyValue(getResponse, "offers[8].groups[0].pricingPlans[0].pricingPlanData[0].showIn[1]", "HORIZONTAL_MODE"): Verify element property value successfully

2023-10-16 14:16:05 - [MESSAGE][PASSED] - Verify element property value successfully

2023-10-16 14:16:05 - [TEST_STEP][FAILED] - verifyElementPropertyValue(getResponse, "offers[8].groups[0].pricingPlans[0].pricingPlanData[0].priceLabel", "251"): Expected element property value '251' is not equal with actual property value '281'

2023-10-16 14:16:05 - [MESSAGE][FAILED] - Expected element property value '251' is not equal with actual property value '281'

2023-10-16 14:16:05 - [TEST_STEP][PASSED] - verifyElementPropertyValue(getResponse, "offers[8].groups[0].pricingPlans[0].pricingPlanData[0].currencyLabel", "DZD"): Verify element property value successfully

2023-10-16 14:16:05 - [MESSAGE][PASSED] - Verify element property value successfully

2023-10-16 14:16:05 - [TEST_STEP][PASSED] - verifyElementPropertyValue(getResponse, "offers[8].groups[0].pricingPlans[0].pricingPlanData[0].dealId", "BYG_30P_DZA"): Verify element property value successfully

2023-10-16 14:16:05 - [MESSAGE][PASSED] - Verify element property value successfully

2023-10-16 14:16:05 - [TEST_STEP][PASSED] - verifyElementPropertyValue(getResponse, "offers[8].groups[0].pricingPlans[0].pricingPlanData[0].allowedForAcquisition", "true"): Verify element property value successfully

2023-10-16 14:16:05 - [MESSAGE][PASSED] - Verify element property value successfully

2023-10-16 14:16:05 - [TEST_STEP][PASSED] - verifyElementPropertyValue(getResponse, "offers[8].groups[0].pricingPlans[0].pricingPlanData[0].visualElements[0].key", "title"): Verify element property value successfully

2023-10-16 14:16:05 - [MESSAGE][PASSED] - Verify element property value successfully

2023-10-16 14:16:05 - [TEST_STEP][PASSED] - verifyElementPropertyValue(getResponse, "offers[8].groups[0].pricingPlans[0].pricingPlanData[0].visualElements[0].value", "البطاقة المصرفية"): Verify element property value successfully

2023-10-16 14:16:05 - [MESSAGE][PASSED] - Verify element property value successfully

2023-10-16 14:16:05 - [TEST_STEP][PASSED] - verifyElementPropertyValue(getResponse, "offers[8].groups[0].pricingPlans[0].pricingPlanData[0].visualElements[1].key", "CTA_text"): Verify element property value successfully

2023-10-16 14:16:05 - [MESSAGE][PASSED] - Verify element property value successfully

2023-10-16 14:16:05 - [TEST_STEP][PASSED] - verifyElementPropertyValue(getResponse, "offers[8].groups[0].pricingPlans[0].pricingPlanData[0].visualElements[1].value", "اشترك"): Verify element property value successfully

2023-10-16 14:16:05 - [MESSAGE][PASSED] - Verify element property value successfully

2023-10-16 14:16:05 - [TEST_STEP][PASSED] - verifyElementPropertyValue(getResponse, "offers[8].groups[0].pricingPlans[0].pricingPlanData[0].visualElements[2].key", "logo"): Verify element property value successfully

2023-10-16 14:16:05 - [MESSAGE][PASSED] - Verify element property value successfully

2023-10-16 14:16:05 - [TEST_STEP][PASSED] - verifyElementPropertyValue(getResponse, "offers[8].groups[0].pricingPlans[0].pricingPlanData[0].visualElements[2].value", "https://static.s3.shahid.mbc.net/widget-images/icons/iconCreditCard.png"): Verify element property value successfully

2023-10-16 14:16:05 - [MESSAGE][PASSED] - Verify element property value successfully

2023-10-16 14:16:05 - [TEST_STEP][PASSED] - verifyElementPropertyValue(getResponse, "offers[9].offerId", "byg-40-offer"): Verify element property value successfully

2023-10-16 14:16:05 - [MESSAGE][PASSED] - Verify element property value successfully

2023-10-16 14:16:05 - [TEST_STEP][PASSED] - verifyElementPropertyValue(getResponse, "offers[9].offerParam", "bygoffer40"): Verify element property value successfully

2023-10-16 14:16:05 - [MESSAGE][PASSED] - Verify element property value successfully

2023-10-16 14:16:05 - [TEST_STEP][PASSED] - verifyElementPropertyValue(getResponse, "offers[9].groups[0].pricingPlans[0].featured", "true"): Verify element property value successfully

2023-10-16 14:16:05 - [MESSAGE][PASSED] - Verify element property value successfully

2023-10-16 14:16:05 - [TEST_STEP][PASSED] - verifyElementPropertyValue(getResponse, "offers[9].groups[0].pricingPlans[0].period", "monthly"): Verify element property value successfully

2023-10-16 14:16:05 - [MESSAGE][PASSED] - Verify element property value successfully

2023-10-16 14:16:05 - [TEST_STEP][PASSED] - verifyElementPropertyValue(getResponse, "offers[9].groups[0].pricingPlans[0].featured", "true"): Verify element property value successfully

2023-10-16 14:16:05 - [MESSAGE][PASSED] - Verify element property value successfully

2023-10-16 14:16:05 - [TEST_STEP][PASSED] - verifyElementPropertyValue(getResponse, "offers[9].groups[0].pricingPlans[0].price", "241.0"): Verify element property value successfully

2023-10-16 14:16:05 - [MESSAGE][PASSED] - Verify element property value successfully

2023-10-16 14:16:05 - [TEST_STEP][PASSED] - verifyElementPropertyValue(getResponse, "offers[9].groups[0].pricingPlans[0].currency", "DZD"): Verify element property value successfully

2023-10-16 14:16:05 - [MESSAGE][PASSED] - Verify element property value successfully

2023-10-16 14:16:05 - [TEST_STEP][PASSED] - verifyElementPropertyValue(getResponse, "offers[9].groups[0].pricingPlans[0].order", "0"): Verify element property value successfully

2023-10-16 14:16:05 - [MESSAGE][PASSED] - Verify element property value successfully

2023-10-16 14:16:05 - [TEST_STEP][PASSED] - verifyElementPropertyValue(getResponse, "offers[9].groups[0].pricingPlans[0].packageId", "SHAHID_VIP"): Verify element property value successfully

2023-10-16 14:16:05 - [MESSAGE][PASSED] - Verify element property value successfully

2023-10-16 14:16:05 - [TEST_STEP][PASSED] - verifyElementPropertyValue(getResponse, "offers[9].groups[0].pricingPlans[0].catalogId", "VIP"): Verify element property value successfully

2023-10-16 14:16:05 - [MESSAGE][PASSED] - Verify element property value successfully

2023-10-16 14:16:05 - [TEST_STEP][PASSED] - verifyElementPropertyValue(getResponse, "offers[9].groups[0].pricingPlans[0].visualElements[0].key", "Header_1_text"): Verify element property value successfully

2023-10-16 14:16:05 - [MESSAGE][PASSED] - Verify element property value successfully

2023-10-16 14:16:05 - [TEST_STEP][PASSED] - verifyElementPropertyValue(getResponse, "offers[9].groups[0].pricingPlans[0].visualElements[0].value", "شاهد أقوى المسلسلات و الأفلام حصرياً دون توقف"): Verify element property value successfully

2023-10-16 14:16:05 - [MESSAGE][PASSED] - Verify element property value successfully

2023-10-16 14:16:05 - [TEST_STEP][PASSED] - verifyElementPropertyValue(getResponse, "offers[9].groups[0].pricingPlans[0].visualElements[1].key", "display_title"): Verify element property value successfully

2023-10-16 14:16:05 - [MESSAGE][PASSED] - Verify element property value successfully

2023-10-16 14:16:05 - [TEST_STEP][PASSED] - verifyElementPropertyValue(getResponse, "offers[9].groups[0].pricingPlans[0].visualElements[1].value", "احصل على خصم 40%"): Verify element property value successfully

2023-10-16 14:16:05 - [MESSAGE][PASSED] - Verify element property value successfully

2023-10-16 14:16:05 - [TEST_STEP][PASSED] - verifyElementPropertyValue(getResponse, "offers[9].groups[0].pricingPlans[0].visualElements[3].key", "deduction_text"): Verify element property value successfully

2023-10-16 14:16:05 - [MESSAGE][PASSED] - Verify element property value successfully

2023-10-16 14:16:05 - [TEST_STEP][PASSED] - verifyElementPropertyValue(getResponse, "offers[9].groups[0].pricingPlans[0].visualElements[3].value", "تدفع شهرياً"): Verify element property value successfully

2023-10-16 14:16:05 - [MESSAGE][PASSED] - Verify element property value successfully

2023-10-16 14:16:05 - [TEST_STEP][PASSED] - verifyElementPropertyValue(getResponse, "offers[9].groups[0].pricingPlans[0].visualElements[6].key", "show_payment_logo"): Verify element property value successfully

2023-10-16 14:16:05 - [MESSAGE][PASSED] - Verify element property value successfully

2023-10-16 14:16:05 - [TEST_STEP][PASSED] - verifyElementPropertyValue(getResponse, "offers[9].groups[0].pricingPlans[0].visualElements[6].value", "true"): Verify element property value successfully

2023-10-16 14:16:05 - [MESSAGE][PASSED] - Verify element property value successfully

2023-10-16 14:16:05 - [TEST_STEP][PASSED] - verifyElementPropertyValue(getResponse, "offers[9].groups[0].pricingPlans[0].visualElements[8].key", "price"): Verify element property value successfully

2023-10-16 14:16:05 - [MESSAGE][PASSED] - Verify element property value successfully

2023-10-16 14:16:05 - [TEST_STEP][PASSED] - verifyElementPropertyValue(getResponse, "offers[9].groups[0].pricingPlans[0].visualElements[8].value", "241"): Verify element property value successfully

2023-10-16 14:16:05 - [MESSAGE][PASSED] - Verify element property value successfully

2023-10-16 14:16:05 - [TEST_STEP][PASSED] - verifyElementPropertyValue(getResponse, "offers[9].groups[0].pricingPlans[0].visualElements[9].key", "currency"): Verify element property value successfully

2023-10-16 14:16:05 - [MESSAGE][PASSED] - Verify element property value successfully

2023-10-16 14:16:05 - [TEST_STEP][PASSED] - verifyElementPropertyValue(getResponse, "offers[9].groups[0].pricingPlans[0].visualElements[9].value", "DZD"): Verify element property value successfully

2023-10-16 14:16:05 - [MESSAGE][PASSED] - Verify element property value successfully

2023-10-16 14:16:05 - [TEST_STEP][PASSED] - verifyElementPropertyValue(getResponse, "offers[9].groups[0].pricingPlans[0].visualElements[10].key", "duration"): Verify element property value successfully

2023-10-16 14:16:05 - [MESSAGE][PASSED] - Verify element property value successfully

2023-10-16 14:16:05 - [TEST_STEP][PASSED] - verifyElementPropertyValue(getResponse, "offers[9].groups[0].pricingPlans[0].visualElements[10].value", "شهرياً"): Verify element property value successfully

2023-10-16 14:16:05 - [MESSAGE][PASSED] - Verify element property value successfully

2023-10-16 14:16:05 - [TEST_STEP][PASSED] - verifyElementPropertyValue(getResponse, "offers[9].groups[0].pricingPlans[0].visualElements[11].key", "featured_tag_text"): Verify element property value successfully

2023-10-16 14:16:05 - [MESSAGE][PASSED] - Verify element property value successfully

2023-10-16 14:16:05 - [TEST_STEP][PASSED] - verifyElementPropertyValue(getResponse, "offers[9].groups[0].pricingPlans[0].visualElements[11].value", "عرض لمدة محدودة"): Verify element property value successfully

2023-10-16 14:16:05 - [MESSAGE][PASSED] - Verify element property value successfully

2023-10-16 14:16:05 - [TEST_STEP][PASSED] - verifyElementPropertyValue(getResponse, "offers[9].groups[0].pricingPlans[0].visualElements[13].key", "tag_text"): Verify element property value successfully

2023-10-16 14:16:05 - [MESSAGE][PASSED] - Verify element property value successfully

2023-10-16 14:16:05 - [TEST_STEP][PASSED] - verifyElementPropertyValue(getResponse, "offers[9].groups[0].pricingPlans[0].visualElements[13].value", "وفر 40%"): Verify element property value successfully

2023-10-16 14:16:05 - [MESSAGE][PASSED] - Verify element property value successfully

2023-10-16 14:16:05 - [TEST_STEP][PASSED] - verifyElementPropertyValue(getResponse, "offers[9].groups[0].pricingPlans[0].visualElements[12].key", "show_tag"): Verify element property value successfully

2023-10-16 14:16:05 - [MESSAGE][PASSED] - Verify element property value successfully

2023-10-16 14:16:05 - [TEST_STEP][PASSED] - verifyElementPropertyValue(getResponse, "offers[9].groups[0].pricingPlans[0].visualElements[12].value", "true"): Verify element property value successfully

2023-10-16 14:16:05 - [MESSAGE][PASSED] - Verify element property value successfully

2023-10-16 14:16:05 - [TEST_STEP][PASSED] - verifyElementPropertyValue(getResponse, "offers[9].groups[0].pricingPlans[0].pricingPlanData[0].productId", "DZA_B2C_SHAHID_VIP_1M"): Verify element property value successfully

2023-10-16 14:16:05 - [MESSAGE][PASSED] - Verify element property value successfully

2023-10-16 14:16:05 - [TEST_STEP][PASSED] - verifyElementPropertyValue(getResponse, "offers[9].groups[0].pricingPlans[0].pricingPlanData[0].paymentMethod", "CREDIT_CARD"): Verify element property value successfully

2023-10-16 14:16:05 - [MESSAGE][PASSED] - Verify element property value successfully

2023-10-16 14:16:05 - [TEST_STEP][PASSED] - verifyElementPropertyValue(getResponse, "offers[9].groups[0].pricingPlans[0].pricingPlanData[0].freeTrialEnabled", "false"): Verify element property value successfully

2023-10-16 14:16:05 - [MESSAGE][PASSED] - Verify element property value successfully

2023-10-16 14:16:05 - [TEST_STEP][PASSED] - verifyElementPropertyValue(getResponse, "offers[9].groups[0].pricingPlans[0].pricingPlanData[0].showIn[0]", "VERTICAL_MODE"): Verify element property value successfully

2023-10-16 14:16:05 - [MESSAGE][PASSED] - Verify element property value successfully

2023-10-16 14:16:05 - [TEST_STEP][PASSED] - verifyElementPropertyValue(getResponse, "offers[9].groups[0].pricingPlans[0].pricingPlanData[0].showIn[1]", "HORIZONTAL_MODE"): Verify element property value successfully

2023-10-16 14:16:05 - [MESSAGE][PASSED] - Verify element property value successfully

2023-10-16 14:16:05 - [TEST_STEP][PASSED] - verifyElementPropertyValue(getResponse, "offers[9].groups[0].pricingPlans[0].pricingPlanData[0].priceLabel", "241"): Verify element property value successfully

2023-10-16 14:16:05 - [MESSAGE][PASSED] - Verify element property value successfully

2023-10-16 14:16:05 - [TEST_STEP][PASSED] - verifyElementPropertyValue(getResponse, "offers[9].groups[0].pricingPlans[0].pricingPlanData[0].currencyLabel", "DZD"): Verify element property value successfully

2023-10-16 14:16:05 - [MESSAGE][PASSED] - Verify element property value successfully

2023-10-16 14:16:05 - [TEST_STEP][PASSED] - verifyElementPropertyValue(getResponse, "offers[9].groups[0].pricingPlans[0].pricingPlanData[0].dealId", "BYG_40P_DZA"): Verify element property value successfully

2023-10-16 14:16:05 - [MESSAGE][PASSED] - Verify element property value successfully

2023-10-16 14:16:05 - [TEST_STEP][PASSED] - verifyElementPropertyValue(getResponse, "offers[9].groups[0].pricingPlans[0].pricingPlanData[0].allowedForAcquisition", "true"): Verify element property value successfully

2023-10-16 14:16:05 - [MESSAGE][PASSED] - Verify element property value successfully

2023-10-16 14:16:05 - [TEST_STEP][PASSED] - verifyElementPropertyValue(getResponse, "offers[9].groups[0].pricingPlans[0].pricingPlanData[0].visualElements[0].key", "title"): Verify element property value successfully

2023-10-16 14:16:05 - [MESSAGE][PASSED] - Verify element property value successfully

2023-10-16 14:16:05 - [TEST_STEP][PASSED] - verifyElementPropertyValue(getResponse, "offers[9].groups[0].pricingPlans[0].pricingPlanData[0].visualElements[0].value", "البطاقة المصرفية"): Verify element property value successfully

2023-10-16 14:16:05 - [MESSAGE][PASSED] - Verify element property value successfully

2023-10-16 14:16:05 - [TEST_STEP][PASSED] - verifyElementPropertyValue(getResponse, "offers[9].groups[0].pricingPlans[0].pricingPlanData[0].visualElements[1].key", "CTA_text"): Verify element property value successfully

2023-10-16 14:16:05 - [MESSAGE][PASSED] - Verify element property value successfully

2023-10-16 14:16:05 - [TEST_STEP][PASSED] - verifyElementPropertyValue(getResponse, "offers[9].groups[0].pricingPlans[0].pricingPlanData[0].visualElements[1].value", "اشترك"): Verify element property value successfully

2023-10-16 14:16:05 - [MESSAGE][PASSED] - Verify element property value successfully

2023-10-16 14:16:05 - [TEST_STEP][PASSED] - verifyElementPropertyValue(getResponse, "offers[9].groups[0].pricingPlans[0].pricingPlanData[0].visualElements[2].key", "logo"): Verify element property value successfully

2023-10-16 14:16:05 - [MESSAGE][PASSED] - Verify element property value successfully

2023-10-16 14:16:05 - [TEST_STEP][PASSED] - verifyElementPropertyValue(getResponse, "offers[9].groups[0].pricingPlans[0].pricingPlanData[0].visualElements[2].value", "https://static.s3.shahid.mbc.net/widget-images/icons/iconCreditCard.png"): Verify element property value successfully

2023-10-16 14:16:05 - [MESSAGE][PASSED] - Verify element property value successfully

2023-10-16 14:16:05 - [TEST_STEP][PASSED] - verifyElementPropertyValue(getResponse, "offers[10].offerId", "byg-50-offer"): Verify element property value successfully

2023-10-16 14:16:05 - [MESSAGE][PASSED] - Verify element property value successfully

2023-10-16 14:16:05 - [TEST_STEP][PASSED] - verifyElementPropertyValue(getResponse, "offers[10].offerParam", "bygoffer50"): Verify element property value successfully

2023-10-16 14:16:05 - [MESSAGE][PASSED] - Verify element property value successfully

2023-10-16 14:16:05 - [TEST_STEP][PASSED] - verifyElementPropertyValue(getResponse, "offers[10].groups[0].pricingPlans[0].featured", "true"): Verify element property value successfully

2023-10-16 14:16:05 - [MESSAGE][PASSED] - Verify element property value successfully

2023-10-16 14:16:05 - [TEST_STEP][PASSED] - verifyElementPropertyValue(getResponse, "offers[10].groups[0].pricingPlans[0].period", "monthly"): Verify element property value successfully

2023-10-16 14:16:05 - [MESSAGE][PASSED] - Verify element property value successfully

2023-10-16 14:16:05 - [TEST_STEP][PASSED] - verifyElementPropertyValue(getResponse, "offers[10].groups[0].pricingPlans[0].featured", "true"): Verify element property value successfully

2023-10-16 14:16:05 - [MESSAGE][PASSED] - Verify element property value successfully

2023-10-16 14:16:05 - [TEST_STEP][PASSED] - verifyElementPropertyValue(getResponse, "offers[10].groups[0].pricingPlans[0].price", "201.0"): Verify element property value successfully

2023-10-16 14:16:05 - [MESSAGE][PASSED] - Verify element property value successfully

2023-10-16 14:16:05 - [TEST_STEP][PASSED] - verifyElementPropertyValue(getResponse, "offers[10].groups[0].pricingPlans[0].currency", "DZD"): Verify element property value successfully

2023-10-16 14:16:05 - [MESSAGE][PASSED] - Verify element property value successfully

2023-10-16 14:16:05 - [TEST_STEP][PASSED] - verifyElementPropertyValue(getResponse, "offers[10].groups[0].pricingPlans[0].order", "0"): Verify element property value successfully

2023-10-16 14:16:05 - [MESSAGE][PASSED] - Verify element property value successfully

2023-10-16 14:16:05 - [TEST_STEP][PASSED] - verifyElementPropertyValue(getResponse, "offers[10].groups[0].pricingPlans[0].packageId", "SHAHID_VIP"): Verify element property value successfully

2023-10-16 14:16:05 - [MESSAGE][PASSED] - Verify element property value successfully

2023-10-16 14:16:05 - [TEST_STEP][PASSED] - verifyElementPropertyValue(getResponse, "offers[10].groups[0].pricingPlans[0].catalogId", "VIP"): Verify element property value successfully

2023-10-16 14:16:05 - [MESSAGE][PASSED] - Verify element property value successfully

2023-10-16 14:16:05 - [TEST_STEP][PASSED] - verifyElementPropertyValue(getResponse, "offers[10].groups[0].pricingPlans[0].visualElements[0].key", "Header_1_text"): Verify element property value successfully

2023-10-16 14:16:05 - [MESSAGE][PASSED] - Verify element property value successfully

2023-10-16 14:16:05 - [TEST_STEP][PASSED] - verifyElementPropertyValue(getResponse, "offers[10].groups[0].pricingPlans[0].visualElements[0].value", "شاهد أقوى المسلسلات و الأفلام حصرياً دون توقف"): Verify element property value successfully

2023-10-16 14:16:06 - [MESSAGE][PASSED] - Verify element property value successfully

2023-10-16 14:16:06 - [TEST_STEP][PASSED] - verifyElementPropertyValue(getResponse, "offers[10].groups[0].pricingPlans[0].visualElements[1].key", "display_title"): Verify element property value successfully

2023-10-16 14:16:06 - [MESSAGE][PASSED] - Verify element property value successfully

2023-10-16 14:16:06 - [TEST_STEP][PASSED] - verifyElementPropertyValue(getResponse, "offers[10].groups[0].pricingPlans[0].visualElements[1].value", "احصل على خصم 50%"): Verify element property value successfully

2023-10-16 14:16:06 - [MESSAGE][PASSED] - Verify element property value successfully

2023-10-16 14:16:06 - [TEST_STEP][PASSED] - verifyElementPropertyValue(getResponse, "offers[10].groups[0].pricingPlans[0].visualElements[3].key", "deduction_text"): Verify element property value successfully

2023-10-16 14:16:06 - [MESSAGE][PASSED] - Verify element property value successfully

2023-10-16 14:16:06 - [TEST_STEP][PASSED] - verifyElementPropertyValue(getResponse, "offers[10].groups[0].pricingPlans[0].visualElements[3].value", "تدفع شهرياً"): Verify element property value successfully

2023-10-16 14:16:06 - [MESSAGE][PASSED] - Verify element property value successfully

2023-10-16 14:16:06 - [TEST_STEP][PASSED] - verifyElementPropertyValue(getResponse, "offers[10].groups[0].pricingPlans[0].visualElements[6].key", "show_payment_logo"): Verify element property value successfully

2023-10-16 14:16:06 - [MESSAGE][PASSED] - Verify element property value successfully

2023-10-16 14:16:06 - [TEST_STEP][PASSED] - verifyElementPropertyValue(getResponse, "offers[10].groups[0].pricingPlans[0].visualElements[6].value", "true"): Verify element property value successfully

2023-10-16 14:16:06 - [MESSAGE][PASSED] - Verify element property value successfully

2023-10-16 14:16:06 - [TEST_STEP][PASSED] - verifyElementPropertyValue(getResponse, "offers[10].groups[0].pricingPlans[0].visualElements[8].key", "price"): Verify element property value successfully

2023-10-16 14:16:06 - [MESSAGE][PASSED] - Verify element property value successfully

2023-10-16 14:16:06 - [TEST_STEP][PASSED] - verifyElementPropertyValue(getResponse, "offers[10].groups[0].pricingPlans[0].visualElements[8].value", "201"): Verify element property value successfully

2023-10-16 14:16:06 - [MESSAGE][PASSED] - Verify element property value successfully

2023-10-16 14:16:06 - [TEST_STEP][PASSED] - verifyElementPropertyValue(getResponse, "offers[10].groups[0].pricingPlans[0].visualElements[9].key", "currency"): Verify element property value successfully

2023-10-16 14:16:06 - [MESSAGE][PASSED] - Verify element property value successfully

2023-10-16 14:16:06 - [TEST_STEP][PASSED] - verifyElementPropertyValue(getResponse, "offers[10].groups[0].pricingPlans[0].visualElements[9].value", "DZD"): Verify element property value successfully

2023-10-16 14:16:06 - [MESSAGE][PASSED] - Verify element property value successfully

2023-10-16 14:16:06 - [TEST_STEP][PASSED] - verifyElementPropertyValue(getResponse, "offers[10].groups[0].pricingPlans[0].visualElements[10].key", "duration"): Verify element property value successfully

2023-10-16 14:16:06 - [MESSAGE][PASSED] - Verify element property value successfully

2023-10-16 14:16:06 - [TEST_STEP][PASSED] - verifyElementPropertyValue(getResponse, "offers[10].groups[0].pricingPlans[0].visualElements[10].value", "شهرياً"): Verify element property value successfully

2023-10-16 14:16:06 - [MESSAGE][PASSED] - Verify element property value successfully

2023-10-16 14:16:06 - [TEST_STEP][PASSED] - verifyElementPropertyValue(getResponse, "offers[10].groups[0].pricingPlans[0].visualElements[11].key", "featured_tag_text"): Verify element property value successfully

2023-10-16 14:16:06 - [MESSAGE][PASSED] - Verify element property value successfully

2023-10-16 14:16:06 - [TEST_STEP][PASSED] - verifyElementPropertyValue(getResponse, "offers[10].groups[0].pricingPlans[0].visualElements[11].value", "عرض لمدة محدودة"): Verify element property value successfully

2023-10-16 14:16:06 - [MESSAGE][PASSED] - Verify element property value successfully

2023-10-16 14:16:06 - [TEST_STEP][PASSED] - verifyElementPropertyValue(getResponse, "offers[10].groups[0].pricingPlans[0].visualElements[13].key", "tag_text"): Verify element property value successfully

2023-10-16 14:16:06 - [MESSAGE][PASSED] - Verify element property value successfully

2023-10-16 14:16:06 - [TEST_STEP][PASSED] - verifyElementPropertyValue(getResponse, "offers[10].groups[0].pricingPlans[0].visualElements[13].value", "وفر 50%"): Verify element property value successfully

2023-10-16 14:16:06 - [MESSAGE][PASSED] - Verify element property value successfully

2023-10-16 14:16:06 - [TEST_STEP][PASSED] - verifyElementPropertyValue(getResponse, "offers[10].groups[0].pricingPlans[0].visualElements[12].key", "show_tag"): Verify element property value successfully

2023-10-16 14:16:06 - [MESSAGE][PASSED] - Verify element property value successfully

2023-10-16 14:16:06 - [TEST_STEP][PASSED] - verifyElementPropertyValue(getResponse, "offers[10].groups[0].pricingPlans[0].visualElements[12].value", "true"): Verify element property value successfully

2023-10-16 14:16:06 - [MESSAGE][PASSED] - Verify element property value successfully

2023-10-16 14:16:06 - [TEST_STEP][PASSED] - verifyElementPropertyValue(getResponse, "offers[10].groups[0].pricingPlans[0].pricingPlanData[0].productId", "DZA_B2C_SHAHID_VIP_1M"): Verify element property value successfully

2023-10-16 14:16:06 - [MESSAGE][PASSED] - Verify element property value successfully

2023-10-16 14:16:06 - [TEST_STEP][PASSED] - verifyElementPropertyValue(getResponse, "offers[10].groups[0].pricingPlans[0].pricingPlanData[0].paymentMethod", "CREDIT_CARD"): Verify element property value successfully

2023-10-16 14:16:06 - [MESSAGE][PASSED] - Verify element property value successfully

2023-10-16 14:16:06 - [TEST_STEP][PASSED] - verifyElementPropertyValue(getResponse, "offers[10].groups[0].pricingPlans[0].pricingPlanData[0].freeTrialEnabled", "false"): Verify element property value successfully

2023-10-16 14:16:06 - [MESSAGE][PASSED] - Verify element property value successfully

2023-10-16 14:16:06 - [TEST_STEP][PASSED] - verifyElementPropertyValue(getResponse, "offers[10].groups[0].pricingPlans[0].pricingPlanData[0].showIn[0]", "VERTICAL_MODE"): Verify element property value successfully

2023-10-16 14:16:06 - [MESSAGE][PASSED] - Verify element property value successfully

2023-10-16 14:16:06 - [TEST_STEP][PASSED] - verifyElementPropertyValue(getResponse, "offers[10].groups[0].pricingPlans[0].pricingPlanData[0].showIn[1]", "HORIZONTAL_MODE"): Verify element property value successfully

2023-10-16 14:16:06 - [MESSAGE][PASSED] - Verify element property value successfully

2023-10-16 14:16:06 - [TEST_STEP][PASSED] - verifyElementPropertyValue(getResponse, "offers[10].groups[0].pricingPlans[0].pricingPlanData[0].priceLabel", "201"): Verify element property value successfully

2023-10-16 14:16:06 - [MESSAGE][PASSED] - Verify element property value successfully

2023-10-16 14:16:06 - [TEST_STEP][PASSED] - verifyElementPropertyValue(getResponse, "offers[10].groups[0].pricingPlans[0].pricingPlanData[0].currencyLabel", "DZD"): Verify element property value successfully

2023-10-16 14:16:06 - [MESSAGE][PASSED] - Verify element property value successfully

2023-10-16 14:16:06 - [TEST_STEP][PASSED] - verifyElementPropertyValue(getResponse, "offers[10].groups[0].pricingPlans[0].pricingPlanData[0].dealId", "BYG_50P_DZA"): Verify element property value successfully

2023-10-16 14:16:06 - [MESSAGE][PASSED] - Verify element property value successfully

2023-10-16 14:16:06 - [TEST_STEP][PASSED] - verifyElementPropertyValue(getResponse, "offers[10].groups[0].pricingPlans[0].pricingPlanData[0].allowedForAcquisition", "true"): Verify element property value successfully

2023-10-16 14:16:06 - [MESSAGE][PASSED] - Verify element property value successfully

2023-10-16 14:16:06 - [TEST_STEP][PASSED] - verifyElementPropertyValue(getResponse, "offers[10].groups[0].pricingPlans[0].pricingPlanData[0].visualElements[0].key", "title"): Verify element property value successfully

2023-10-16 14:16:06 - [MESSAGE][PASSED] - Verify element property value successfully

2023-10-16 14:16:06 - [TEST_STEP][PASSED] - verifyElementPropertyValue(getResponse, "offers[10].groups[0].pricingPlans[0].pricingPlanData[0].visualElements[0].value", "البطاقة المصرفية"): Verify element property value successfully

2023-10-16 14:16:06 - [MESSAGE][PASSED] - Verify element property value successfully

2023-10-16 14:16:06 - [TEST_STEP][PASSED] - verifyElementPropertyValue(getResponse, "offers[10].groups[0].pricingPlans[0].pricingPlanData[0].visualElements[1].key", "CTA_text"): Verify element property value successfully

2023-10-16 14:16:06 - [MESSAGE][PASSED] - Verify element property value successfully

2023-10-16 14:16:06 - [TEST_STEP][PASSED] - verifyElementPropertyValue(getResponse, "offers[10].groups[0].pricingPlans[0].pricingPlanData[0].visualElements[1].value", "اشترك"): Verify element property value successfully

2023-10-16 14:16:06 - [MESSAGE][PASSED] - Verify element property value successfully

2023-10-16 14:16:06 - [TEST_STEP][PASSED] - verifyElementPropertyValue(getResponse, "offers[10].groups[0].pricingPlans[0].pricingPlanData[0].visualElements[2].key", "logo"): Verify element property value successfully

2023-10-16 14:16:06 - [MESSAGE][PASSED] - Verify element property value successfully

2023-10-16 14:16:06 - [TEST_STEP][PASSED] - verifyElementPropertyValue(getResponse, "offers[10].groups[0].pricingPlans[0].pricingPlanData[0].visualElements[2].value", "https://static.s3.shahid.mbc.net/widget-images/icons/iconCreditCard.png"): Verify element property value successfully

2023-10-16 14:16:06 - [MESSAGE][PASSED] - Verify element property value successfully]]></system-out>
         <system-err><![CDATA[2023-10-16 14:15:59 - [TEST_CASE][FAILED] - Test Cases/WEB - CHROME/DZA PI/WEB_AR_getOffersForDZA_VIP: Test Cases/WEB - CHROME/DZA PI/WEB_AR_getOffersForDZA_VIP FAILED.
Reason:
com.kms.katalon.core.exception.StepFailedException: Expected element property value '241.0' is not equal with actual property value '201.0'
	at com.kms.katalon.core.keyword.internal.KeywordMain.stepFailed(KeywordMain.groovy:39)
	at com.kms.katalon.core.webservice.keyword.builtin.VerifyElementPropertyValueKeyword$_verifyElementPropertyValue_closure1.doCall(VerifyElementPropertyValueKeyword.groovy:56)
	at com.kms.katalon.core.webservice.keyword.builtin.VerifyElementPropertyValueKeyword$_verifyElementPropertyValue_closure1.call(VerifyElementPropertyValueKeyword.groovy)
	at com.kms.katalon.core.keyword.internal.KeywordMain.runKeyword(KeywordMain.groovy:75)
	at com.kms.katalon.core.webservice.keyword.builtin.VerifyElementPropertyValueKeyword.verifyElementPropertyValue(VerifyElementPropertyValueKeyword.groovy:48)
	at com.kms.katalon.core.webservice.keyword.builtin.VerifyElementPropertyValueKeyword.execute(VerifyElementPropertyValueKeyword.groovy:43)
	at com.kms.katalon.core.keyword.internal.KeywordExecutor.executeKeywordForPlatform(KeywordExecutor.groovy:74)
	at com.kms.katalon.core.webservice.keyword.WSBuiltInKeywords.verifyElementPropertyValue(WSBuiltInKeywords.groovy:190)
	at com.kms.katalon.core.webservice.keyword.WSBuiltInKeywords$verifyElementPropertyValue$1.call(Unknown Source)
	at WEB_AR_getOffersForDZA_VIP.run(WEB_AR_getOffersForDZA_VIP:89)
	at com.kms.katalon.core.main.ScriptEngine.run(ScriptEngine.java:194)
	at com.kms.katalon.core.main.ScriptEngine.runScriptAsRawText(ScriptEngine.java:119)
	at com.kms.katalon.core.main.TestCaseExecutor.runScript(TestCaseExecutor.java:448)
	at com.kms.katalon.core.main.TestCaseExecutor.doExecute(TestCaseExecutor.java:439)
	at com.kms.katalon.core.main.TestCaseExecutor.processExecutionPhase(TestCaseExecutor.java:418)
	at com.kms.katalon.core.main.TestCaseExecutor.accessMainPhase(TestCaseExecutor.java:410)
	at com.kms.katalon.core.main.TestCaseExecutor.execute(TestCaseExecutor.java:285)
	at com.kms.katalon.core.common.CommonExecutor.accessTestCaseMainPhase(CommonExecutor.java:65)
	at com.kms.katalon.core.main.TestSuiteExecutor.accessTestSuiteMainPhase(TestSuiteExecutor.java:148)
	at com.kms.katalon.core.main.TestSuiteExecutor.execute(TestSuiteExecutor.java:106)
	at com.kms.katalon.core.main.TestCaseMain.startTestSuite(TestCaseMain.java:187)
	at com.kms.katalon.core.main.TestCaseMain$startTestSuite$0.call(Unknown Source)
	at TempTestSuite1697454213703.run(TempTestSuite1697454213703.groovy:36)]]></system-err>
      </testcase>
      <testcase name="Test Cases/WEB - CHROME/DZA PI/WEB_EN_getOffersForDZA_SPORT" time="3.905" classname="Test Cases/WEB - CHROME/DZA PI/WEB_EN_getOffersForDZA_SPORT" status="FAILED">
         <failure type="FAILED" message="Test Cases/WEB - CHROME/DZA PI/WEB_EN_getOffersForDZA_SPORT FAILED.
Reason:
com.kms.katalon.core.exception.StepFailedException: Expected element property value '30% Discount Offer' is not equal with actual property value '30% Discount Offer​'
	at com.kms.katalon.core.keyword.internal.KeywordMain.stepFailed(KeywordMain.groovy:39)
	at com.kms.katalon.core.webservice.keyword.builtin.VerifyElementPropertyValueKeyword$_verifyElementPropertyValue_closure1.doCall(VerifyElementPropertyValueKeyword.groovy:56)
	at com.kms.katalon.core.webservice.keyword.builtin.VerifyElementPropertyValueKeyword$_verifyElementPropertyValue_closure1.call(VerifyElementPropertyValueKeyword.groovy)
	at com.kms.katalon.core.keyword.internal.KeywordMain.runKeyword(KeywordMain.groovy:75)
	at com.kms.katalon.core.webservice.keyword.builtin.VerifyElementPropertyValueKeyword.verifyElementPropertyValue(VerifyElementPropertyValueKeyword.groovy:48)
	at com.kms.katalon.core.webservice.keyword.builtin.VerifyElementPropertyValueKeyword.execute(VerifyElementPropertyValueKeyword.groovy:43)
	at com.kms.katalon.core.keyword.internal.KeywordExecutor.executeKeywordForPlatform(KeywordExecutor.groovy:74)
	at com.kms.katalon.core.webservice.keyword.WSBuiltInKeywords.verifyElementPropertyValue(WSBuiltInKeywords.groovy:190)
	at com.kms.katalon.core.webservice.keyword.WSBuiltInKeywords$verifyElementPropertyValue$1.call(Unknown Source)
	at WEB_EN_getOffersForDZA_SPORT.run(WEB_EN_getOffersForDZA_SPORT:45)
	at com.kms.katalon.core.main.ScriptEngine.run(ScriptEngine.java:194)
	at com.kms.katalon.core.main.ScriptEngine.runScriptAsRawText(ScriptEngine.java:119)
	at com.kms.katalon.core.main.TestCaseExecutor.runScript(TestCaseExecutor.java:448)
	at com.kms.katalon.core.main.TestCaseExecutor.doExecute(TestCaseExecutor.java:439)
	at com.kms.katalon.core.main.TestCaseExecutor.processExecutionPhase(TestCaseExecutor.java:418)
	at com.kms.katalon.core.main.TestCaseExecutor.accessMainPhase(TestCaseExecutor.java:410)
	at com.kms.katalon.core.main.TestCaseExecutor.execute(TestCaseExecutor.java:285)
	at com.kms.katalon.core.common.CommonExecutor.accessTestCaseMainPhase(CommonExecutor.java:65)
	at com.kms.katalon.core.main.TestSuiteExecutor.accessTestSuiteMainPhase(TestSuiteExecutor.java:148)
	at com.kms.katalon.core.main.TestSuiteExecutor.execute(TestSuiteExecutor.java:106)
	at com.kms.katalon.core.main.TestCaseMain.startTestSuite(TestCaseMain.java:187)
	at com.kms.katalon.core.main.TestCaseMain$startTestSuite$0.call(Unknown Source)
	at TempTestSuite1697454213703.run(TempTestSuite1697454213703.groovy:36)
"/>
         <system-out><![CDATA[2023-10-16 14:16:06 - [TEST_CASE][FAILED] - Test Cases/WEB - CHROME/DZA PI/WEB_EN_getOffersForDZA_SPORT: Test Cases/WEB - CHROME/DZA PI/WEB_EN_getOffersForDZA_SPORT FAILED.
Reason:
com.kms.katalon.core.exception.StepFailedException: Expected element property value '30% Discount Offer' is not equal with actual property value '30% Discount Offer​'
	at com.kms.katalon.core.keyword.internal.KeywordMain.stepFailed(KeywordMain.groovy:39)
	at com.kms.katalon.core.webservice.keyword.builtin.VerifyElementPropertyValueKeyword$_verifyElementPropertyValue_closure1.doCall(VerifyElementPropertyValueKeyword.groovy:56)
	at com.kms.katalon.core.webservice.keyword.builtin.VerifyElementPropertyValueKeyword$_verifyElementPropertyValue_closure1.call(VerifyElementPropertyValueKeyword.groovy)
	at com.kms.katalon.core.keyword.internal.KeywordMain.runKeyword(KeywordMain.groovy:75)
	at com.kms.katalon.core.webservice.keyword.builtin.VerifyElementPropertyValueKeyword.verifyElementPropertyValue(VerifyElementPropertyValueKeyword.groovy:48)
	at com.kms.katalon.core.webservice.keyword.builtin.VerifyElementPropertyValueKeyword.execute(VerifyElementPropertyValueKeyword.groovy:43)
	at com.kms.katalon.core.keyword.internal.KeywordExecutor.executeKeywordForPlatform(KeywordExecutor.groovy:74)
	at com.kms.katalon.core.webservice.keyword.WSBuiltInKeywords.verifyElementPropertyValue(WSBuiltInKeywords.groovy:190)
	at com.kms.katalon.core.webservice.keyword.WSBuiltInKeywords$verifyElementPropertyValue$1.call(Unknown Source)
	at WEB_EN_getOffersForDZA_SPORT.run(WEB_EN_getOffersForDZA_SPORT:45)
	at com.kms.katalon.core.main.ScriptEngine.run(ScriptEngine.java:194)
	at com.kms.katalon.core.main.ScriptEngine.runScriptAsRawText(ScriptEngine.java:119)
	at com.kms.katalon.core.main.TestCaseExecutor.runScript(TestCaseExecutor.java:448)
	at com.kms.katalon.core.main.TestCaseExecutor.doExecute(TestCaseExecutor.java:439)
	at com.kms.katalon.core.main.TestCaseExecutor.processExecutionPhase(TestCaseExecutor.java:418)
	at com.kms.katalon.core.main.TestCaseExecutor.accessMainPhase(TestCaseExecutor.java:410)
	at com.kms.katalon.core.main.TestCaseExecutor.execute(TestCaseExecutor.java:285)
	at com.kms.katalon.core.common.CommonExecutor.accessTestCaseMainPhase(CommonExecutor.java:65)
	at com.kms.katalon.core.main.TestSuiteExecutor.accessTestSuiteMainPhase(TestSuiteExecutor.java:148)
	at com.kms.katalon.core.main.TestSuiteExecutor.execute(TestSuiteExecutor.java:106)
	at com.kms.katalon.core.main.TestCaseMain.startTestSuite(TestCaseMain.java:187)
	at com.kms.katalon.core.main.TestCaseMain$startTestSuite$0.call(Unknown Source)
	at TempTestSuite1697454213703.run(TempTestSuite1697454213703.groovy:36)


2023-10-16 14:16:06 - [TEST_STEP][PASSED] - getResponse = config_files.getConfigFile.getConfig("WEB", "EN", "SHAHID_VIP_SPORT", "DZ", "false"): config_files.getConfigFile.getConfig is PASSED

2023-10-16 14:16:07 - [MESSAGE][INFO] - HAR: /Users/admin/git/shahid-configuration/Reports/20231016_140310/WEB/DZA/20231016_140333/requests/main/6.har

2023-10-16 14:16:07 - [MESSAGE][PASSED] - Send request successfully

2023-10-16 14:16:07 - [MESSAGE][PASSED] - config_files.getConfigFile.getConfig is PASSED

2023-10-16 14:16:07 - [TEST_STEP][PASSED] - verifyResponseStatusCode(getResponse, 200): Verify response status code successfully

2023-10-16 14:16:07 - [MESSAGE][PASSED] - Verify response status code successfully

2023-10-16 14:16:07 - [TEST_STEP][PASSED] - verifyElementPropertyValue(getResponse, "country", "DZA"): Verify element property value successfully

2023-10-16 14:16:07 - [MESSAGE][PASSED] - Verify element property value successfully

2023-10-16 14:16:07 - [TEST_STEP][PASSED] - verifyElementPropertyValue(getResponse, "platform", "[WEB]"): Verify element property value successfully

2023-10-16 14:16:07 - [MESSAGE][PASSED] - Verify element property value successfully

2023-10-16 14:16:07 - [TEST_STEP][PASSED] - verifyElementPropertyValue(getResponse, "offers[5].offerId", "winback-sport-30-offer"): Verify element property value successfully

2023-10-16 14:16:07 - [MESSAGE][PASSED] - Verify element property value successfully

2023-10-16 14:16:07 - [TEST_STEP][PASSED] - verifyElementPropertyValue(getResponse, "offers[5].offerParam", "sportsoffer30"): Verify element property value successfully

2023-10-16 14:16:07 - [MESSAGE][PASSED] - Verify element property value successfully

2023-10-16 14:16:07 - [TEST_STEP][PASSED] - verifyElementPropertyValue(getResponse, "offers[5].groups[0].pricingPlans[0].featured", "true"): Verify element property value successfully

2023-10-16 14:16:07 - [MESSAGE][PASSED] - Verify element property value successfully

2023-10-16 14:16:07 - [TEST_STEP][PASSED] - verifyElementPropertyValue(getResponse, "offers[5].groups[0].pricingPlans[0].period", "monthly"): Verify element property value successfully

2023-10-16 14:16:07 - [MESSAGE][PASSED] - Verify element property value successfully

2023-10-16 14:16:07 - [TEST_STEP][PASSED] - verifyElementPropertyValue(getResponse, "offers[5].groups[0].pricingPlans[0].featured", "true"): Verify element property value successfully

2023-10-16 14:16:07 - [MESSAGE][PASSED] - Verify element property value successfully

2023-10-16 14:16:07 - [TEST_STEP][PASSED] - verifyElementPropertyValue(getResponse, "offers[5].groups[0].pricingPlans[0].price", "561.0"): Verify element property value successfully

2023-10-16 14:16:07 - [MESSAGE][PASSED] - Verify element property value successfully

2023-10-16 14:16:07 - [TEST_STEP][PASSED] - verifyElementPropertyValue(getResponse, "offers[5].groups[0].pricingPlans[0].currency", "DZD"): Verify element property value successfully

2023-10-16 14:16:07 - [MESSAGE][PASSED] - Verify element property value successfully

2023-10-16 14:16:07 - [TEST_STEP][PASSED] - verifyElementPropertyValue(getResponse, "offers[5].groups[0].pricingPlans[0].order", "0"): Verify element property value successfully

2023-10-16 14:16:07 - [MESSAGE][PASSED] - Verify element property value successfully

2023-10-16 14:16:07 - [TEST_STEP][PASSED] - verifyElementPropertyValue(getResponse, "offers[5].groups[0].pricingPlans[0].packageId", "SHAHID_VIP_SPORT"): Verify element property value successfully

2023-10-16 14:16:07 - [MESSAGE][PASSED] - Verify element property value successfully

2023-10-16 14:16:07 - [TEST_STEP][PASSED] - verifyElementPropertyValue(getResponse, "offers[5].groups[0].pricingPlans[0].catalogId", "SPORT"): Verify element property value successfully

2023-10-16 14:16:07 - [MESSAGE][PASSED] - Verify element property value successfully

2023-10-16 14:16:07 - [TEST_STEP][PASSED] - verifyElementPropertyValue(getResponse, "offers[5].groups[0].pricingPlans[0].visualElements[0].key", "Header_1_text"): Verify element property value successfully

2023-10-16 14:16:07 - [MESSAGE][PASSED] - Verify element property value successfully

2023-10-16 14:16:07 - [TEST_STEP][PASSED] - verifyElementPropertyValue(getResponse, "offers[5].groups[0].pricingPlans[0].visualElements[0].value", "Watch the most powerful series and movies exclusively without stopping"): Verify element property value successfully

2023-10-16 14:16:07 - [MESSAGE][PASSED] - Verify element property value successfully

2023-10-16 14:16:07 - [TEST_STEP][PASSED] - verifyElementPropertyValue(getResponse, "offers[5].groups[0].pricingPlans[0].visualElements[1].key", "display_title"): Verify element property value successfully

2023-10-16 14:16:07 - [MESSAGE][PASSED] - Verify element property value successfully

2023-10-16 14:16:07 - [TEST_STEP][FAILED] - verifyElementPropertyValue(getResponse, "offers[5].groups[0].pricingPlans[0].visualElements[1].value", "30% Discount Offer"): Expected element property value '30% Discount Offer' is not equal with actual property value '30% Discount Offer​'

2023-10-16 14:16:07 - [MESSAGE][FAILED] - Expected element property value '30% Discount Offer' is not equal with actual property value '30% Discount Offer​'

2023-10-16 14:16:07 - [TEST_STEP][PASSED] - verifyElementPropertyValue(getResponse, "offers[5].groups[0].pricingPlans[0].visualElements[3].key", "deduction_text"): Verify element property value successfully

2023-10-16 14:16:07 - [MESSAGE][PASSED] - Verify element property value successfully

2023-10-16 14:16:07 - [TEST_STEP][PASSED] - verifyElementPropertyValue(getResponse, "offers[5].groups[0].pricingPlans[0].visualElements[3].value", "billed every month"): Verify element property value successfully

2023-10-16 14:16:07 - [MESSAGE][PASSED] - Verify element property value successfully

2023-10-16 14:16:07 - [TEST_STEP][PASSED] - verifyElementPropertyValue(getResponse, "offers[5].groups[0].pricingPlans[0].visualElements[6].key", "show_payment_logo"): Verify element property value successfully

2023-10-16 14:16:07 - [MESSAGE][PASSED] - Verify element property value successfully

2023-10-16 14:16:07 - [TEST_STEP][PASSED] - verifyElementPropertyValue(getResponse, "offers[5].groups[0].pricingPlans[0].visualElements[6].value", "true"): Verify element property value successfully

2023-10-16 14:16:07 - [MESSAGE][PASSED] - Verify element property value successfully

2023-10-16 14:16:07 - [TEST_STEP][PASSED] - verifyElementPropertyValue(getResponse, "offers[5].groups[0].pricingPlans[0].visualElements[8].key", "price"): Verify element property value successfully

2023-10-16 14:16:07 - [MESSAGE][PASSED] - Verify element property value successfully

2023-10-16 14:16:07 - [TEST_STEP][PASSED] - verifyElementPropertyValue(getResponse, "offers[5].groups[0].pricingPlans[0].visualElements[8].value", "561"): Verify element property value successfully

2023-10-16 14:16:07 - [MESSAGE][PASSED] - Verify element property value successfully

2023-10-16 14:16:07 - [TEST_STEP][PASSED] - verifyElementPropertyValue(getResponse, "offers[5].groups[0].pricingPlans[0].visualElements[9].key", "currency"): Verify element property value successfully

2023-10-16 14:16:07 - [MESSAGE][PASSED] - Verify element property value successfully

2023-10-16 14:16:07 - [TEST_STEP][PASSED] - verifyElementPropertyValue(getResponse, "offers[5].groups[0].pricingPlans[0].visualElements[9].value", "DZD"): Verify element property value successfully

2023-10-16 14:16:07 - [MESSAGE][PASSED] - Verify element property value successfully

2023-10-16 14:16:07 - [TEST_STEP][PASSED] - verifyElementPropertyValue(getResponse, "offers[5].groups[0].pricingPlans[0].visualElements[10].key", "duration"): Verify element property value successfully

2023-10-16 14:16:07 - [MESSAGE][PASSED] - Verify element property value successfully

2023-10-16 14:16:07 - [TEST_STEP][PASSED] - verifyElementPropertyValue(getResponse, "offers[5].groups[0].pricingPlans[0].visualElements[10].value", "Monthly"): Verify element property value successfully

2023-10-16 14:16:07 - [MESSAGE][PASSED] - Verify element property value successfully

2023-10-16 14:16:07 - [TEST_STEP][PASSED] - verifyElementPropertyValue(getResponse, "offers[5].groups[0].pricingPlans[0].visualElements[11].key", "featured_tag_text"): Verify element property value successfully

2023-10-16 14:16:07 - [MESSAGE][PASSED] - Verify element property value successfully

2023-10-16 14:16:07 - [TEST_STEP][PASSED] - verifyElementPropertyValue(getResponse, "offers[5].groups[0].pricingPlans[0].visualElements[11].value", "Limited Time Offer"): Verify element property value successfully

2023-10-16 14:16:07 - [MESSAGE][PASSED] - Verify element property value successfully

2023-10-16 14:16:07 - [TEST_STEP][PASSED] - verifyElementPropertyValue(getResponse, "offers[5].groups[0].pricingPlans[0].visualElements[12].key", "show_tag"): Verify element property value successfully

2023-10-16 14:16:07 - [MESSAGE][PASSED] - Verify element property value successfully

2023-10-16 14:16:07 - [TEST_STEP][PASSED] - verifyElementPropertyValue(getResponse, "offers[5].groups[0].pricingPlans[0].visualElements[12].value", "true"): Verify element property value successfully

2023-10-16 14:16:07 - [MESSAGE][PASSED] - Verify element property value successfully

2023-10-16 14:16:07 - [TEST_STEP][PASSED] - verifyElementPropertyValue(getResponse, "offers[5].groups[0].pricingPlans[0].visualElements[13].key", "tag_text"): Verify element property value successfully

2023-10-16 14:16:07 - [MESSAGE][PASSED] - Verify element property value successfully

2023-10-16 14:16:07 - [TEST_STEP][PASSED] - verifyElementPropertyValue(getResponse, "offers[5].groups[0].pricingPlans[0].visualElements[13].value", "Save 30%"): Verify element property value successfully

2023-10-16 14:16:07 - [MESSAGE][PASSED] - Verify element property value successfully

2023-10-16 14:16:07 - [TEST_STEP][PASSED] - verifyElementPropertyValue(getResponse, "offers[5].groups[0].pricingPlans[0].pricingPlanData[0].productId", "DZA_B2C_SHAHID_VIP_SPORT_1M"): Verify element property value successfully

2023-10-16 14:16:07 - [MESSAGE][PASSED] - Verify element property value successfully

2023-10-16 14:16:07 - [TEST_STEP][PASSED] - verifyElementPropertyValue(getResponse, "offers[5].groups[0].pricingPlans[0].pricingPlanData[0].paymentMethod", "CREDIT_CARD"): Verify element property value successfully

2023-10-16 14:16:07 - [MESSAGE][PASSED] - Verify element property value successfully

2023-10-16 14:16:07 - [TEST_STEP][PASSED] - verifyElementPropertyValue(getResponse, "offers[5].groups[0].pricingPlans[0].pricingPlanData[0].freeTrialEnabled", "false"): Verify element property value successfully

2023-10-16 14:16:07 - [MESSAGE][PASSED] - Verify element property value successfully

2023-10-16 14:16:07 - [TEST_STEP][PASSED] - verifyElementPropertyValue(getResponse, "offers[5].groups[0].pricingPlans[0].pricingPlanData[0].showIn[0]", "VERTICAL_MODE"): Verify element property value successfully

2023-10-16 14:16:07 - [MESSAGE][PASSED] - Verify element property value successfully

2023-10-16 14:16:07 - [TEST_STEP][PASSED] - verifyElementPropertyValue(getResponse, "offers[5].groups[0].pricingPlans[0].pricingPlanData[0].showIn[1]", "HORIZONTAL_MODE"): Verify element property value successfully

2023-10-16 14:16:07 - [MESSAGE][PASSED] - Verify element property value successfully

2023-10-16 14:16:07 - [TEST_STEP][PASSED] - verifyElementPropertyValue(getResponse, "offers[5].groups[0].pricingPlans[0].pricingPlanData[0].priceLabel", "561"): Verify element property value successfully

2023-10-16 14:16:07 - [MESSAGE][PASSED] - Verify element property value successfully

2023-10-16 14:16:07 - [TEST_STEP][PASSED] - verifyElementPropertyValue(getResponse, "offers[5].groups[0].pricingPlans[0].pricingPlanData[0].currencyLabel", "DZD"): Verify element property value successfully

2023-10-16 14:16:07 - [MESSAGE][PASSED] - Verify element property value successfully

2023-10-16 14:16:07 - [TEST_STEP][PASSED] - verifyElementPropertyValue(getResponse, "offers[5].groups[0].pricingPlans[0].pricingPlanData[0].dealId", "WB_SPORT_30P_DZA"): Verify element property value successfully

2023-10-16 14:16:07 - [MESSAGE][PASSED] - Verify element property value successfully

2023-10-16 14:16:07 - [TEST_STEP][PASSED] - verifyElementPropertyValue(getResponse, "offers[5].groups[0].pricingPlans[0].pricingPlanData[0].allowedForAcquisition", "true"): Verify element property value successfully

2023-10-16 14:16:07 - [MESSAGE][PASSED] - Verify element property value successfully

2023-10-16 14:16:07 - [TEST_STEP][PASSED] - verifyElementPropertyValue(getResponse, "offers[5].groups[0].pricingPlans[0].pricingPlanData[0].visualElements[0].key", "title"): Verify element property value successfully

2023-10-16 14:16:07 - [MESSAGE][PASSED] - Verify element property value successfully

2023-10-16 14:16:07 - [TEST_STEP][PASSED] - verifyElementPropertyValue(getResponse, "offers[5].groups[0].pricingPlans[0].pricingPlanData[0].visualElements[0].value", "Credit/Debit Card"): Verify element property value successfully

2023-10-16 14:16:07 - [MESSAGE][PASSED] - Verify element property value successfully

2023-10-16 14:16:07 - [TEST_STEP][PASSED] - verifyElementPropertyValue(getResponse, "offers[5].groups[0].pricingPlans[0].pricingPlanData[0].visualElements[1].key", "CTA_text"): Verify element property value successfully

2023-10-16 14:16:07 - [MESSAGE][PASSED] - Verify element property value successfully

2023-10-16 14:16:07 - [TEST_STEP][PASSED] - verifyElementPropertyValue(getResponse, "offers[5].groups[0].pricingPlans[0].pricingPlanData[0].visualElements[1].value", "Subscribe"): Verify element property value successfully

2023-10-16 14:16:07 - [MESSAGE][PASSED] - Verify element property value successfully

2023-10-16 14:16:07 - [TEST_STEP][PASSED] - verifyElementPropertyValue(getResponse, "offers[5].groups[0].pricingPlans[0].pricingPlanData[0].visualElements[2].key", "logo"): Verify element property value successfully

2023-10-16 14:16:07 - [MESSAGE][PASSED] - Verify element property value successfully

2023-10-16 14:16:07 - [TEST_STEP][PASSED] - verifyElementPropertyValue(getResponse, "offers[5].groups[0].pricingPlans[0].pricingPlanData[0].visualElements[2].value", "https://static.s3.shahid.mbc.net/widget-images/icons/iconCreditCard.png"): Verify element property value successfully

2023-10-16 14:16:07 - [MESSAGE][PASSED] - Verify element property value successfully

2023-10-16 14:16:07 - [TEST_STEP][PASSED] - verifyElementPropertyValue(getResponse, "offers[6].offerId", "winback-sport-40-offer"): Verify element property value successfully

2023-10-16 14:16:07 - [MESSAGE][PASSED] - Verify element property value successfully

2023-10-16 14:16:07 - [TEST_STEP][PASSED] - verifyElementPropertyValue(getResponse, "offers[6].offerParam", "sportsoffer40"): Verify element property value successfully

2023-10-16 14:16:07 - [MESSAGE][PASSED] - Verify element property value successfully

2023-10-16 14:16:07 - [TEST_STEP][PASSED] - verifyElementPropertyValue(getResponse, "offers[6].groups[0].pricingPlans[0].featured", "true"): Verify element property value successfully

2023-10-16 14:16:07 - [MESSAGE][PASSED] - Verify element property value successfully

2023-10-16 14:16:07 - [TEST_STEP][PASSED] - verifyElementPropertyValue(getResponse, "offers[6].groups[0].pricingPlans[0].period", "monthly"): Verify element property value successfully

2023-10-16 14:16:07 - [MESSAGE][PASSED] - Verify element property value successfully

2023-10-16 14:16:07 - [TEST_STEP][PASSED] - verifyElementPropertyValue(getResponse, "offers[6].groups[0].pricingPlans[0].featured", "true"): Verify element property value successfully

2023-10-16 14:16:07 - [MESSAGE][PASSED] - Verify element property value successfully

2023-10-16 14:16:07 - [TEST_STEP][PASSED] - verifyElementPropertyValue(getResponse, "offers[6].groups[0].pricingPlans[0].price", "481.0"): Verify element property value successfully

2023-10-16 14:16:07 - [MESSAGE][PASSED] - Verify element property value successfully

2023-10-16 14:16:07 - [TEST_STEP][PASSED] - verifyElementPropertyValue(getResponse, "offers[6].groups[0].pricingPlans[0].currency", "DZD"): Verify element property value successfully

2023-10-16 14:16:07 - [MESSAGE][PASSED] - Verify element property value successfully

2023-10-16 14:16:07 - [TEST_STEP][PASSED] - verifyElementPropertyValue(getResponse, "offers[6].groups[0].pricingPlans[0].order", "0"): Verify element property value successfully

2023-10-16 14:16:07 - [MESSAGE][PASSED] - Verify element property value successfully

2023-10-16 14:16:07 - [TEST_STEP][PASSED] - verifyElementPropertyValue(getResponse, "offers[6].groups[0].pricingPlans[0].packageId", "SHAHID_VIP_SPORT"): Verify element property value successfully

2023-10-16 14:16:07 - [MESSAGE][PASSED] - Verify element property value successfully

2023-10-16 14:16:07 - [TEST_STEP][PASSED] - verifyElementPropertyValue(getResponse, "offers[6].groups[0].pricingPlans[0].catalogId", "SPORT"): Verify element property value successfully

2023-10-16 14:16:07 - [MESSAGE][PASSED] - Verify element property value successfully

2023-10-16 14:16:07 - [TEST_STEP][PASSED] - verifyElementPropertyValue(getResponse, "offers[6].groups[0].pricingPlans[0].visualElements[0].key", "Header_1_text"): Verify element property value successfully

2023-10-16 14:16:07 - [MESSAGE][PASSED] - Verify element property value successfully

2023-10-16 14:16:07 - [TEST_STEP][PASSED] - verifyElementPropertyValue(getResponse, "offers[6].groups[0].pricingPlans[0].visualElements[0].value", "Watch the most powerful series and movies exclusively without stopping"): Verify element property value successfully

2023-10-16 14:16:07 - [MESSAGE][PASSED] - Verify element property value successfully

2023-10-16 14:16:07 - [TEST_STEP][PASSED] - verifyElementPropertyValue(getResponse, "offers[6].groups[0].pricingPlans[0].visualElements[1].key", "display_title"): Verify element property value successfully

2023-10-16 14:16:07 - [MESSAGE][PASSED] - Verify element property value successfully

2023-10-16 14:16:07 - [TEST_STEP][FAILED] - verifyElementPropertyValue(getResponse, "offers[6].groups[0].pricingPlans[0].visualElements[1].value", "40% Discount Offer"): Expected element property value '40% Discount Offer' is not equal with actual property value '40% Discount Offer​'

2023-10-16 14:16:07 - [MESSAGE][FAILED] - Expected element property value '40% Discount Offer' is not equal with actual property value '40% Discount Offer​'

2023-10-16 14:16:07 - [TEST_STEP][PASSED] - verifyElementPropertyValue(getResponse, "offers[6].groups[0].pricingPlans[0].visualElements[3].key", "deduction_text"): Verify element property value successfully

2023-10-16 14:16:07 - [MESSAGE][PASSED] - Verify element property value successfully

2023-10-16 14:16:07 - [TEST_STEP][PASSED] - verifyElementPropertyValue(getResponse, "offers[6].groups[0].pricingPlans[0].visualElements[3].value", "billed every month"): Verify element property value successfully

2023-10-16 14:16:07 - [MESSAGE][PASSED] - Verify element property value successfully

2023-10-16 14:16:07 - [TEST_STEP][PASSED] - verifyElementPropertyValue(getResponse, "offers[6].groups[0].pricingPlans[0].visualElements[6].key", "show_payment_logo"): Verify element property value successfully

2023-10-16 14:16:07 - [MESSAGE][PASSED] - Verify element property value successfully

2023-10-16 14:16:07 - [TEST_STEP][PASSED] - verifyElementPropertyValue(getResponse, "offers[6].groups[0].pricingPlans[0].visualElements[6].value", "true"): Verify element property value successfully

2023-10-16 14:16:07 - [MESSAGE][PASSED] - Verify element property value successfully

2023-10-16 14:16:07 - [TEST_STEP][PASSED] - verifyElementPropertyValue(getResponse, "offers[6].groups[0].pricingPlans[0].visualElements[8].key", "price"): Verify element property value successfully

2023-10-16 14:16:07 - [MESSAGE][PASSED] - Verify element property value successfully

2023-10-16 14:16:07 - [TEST_STEP][PASSED] - verifyElementPropertyValue(getResponse, "offers[6].groups[0].pricingPlans[0].visualElements[8].value", "481"): Verify element property value successfully

2023-10-16 14:16:07 - [MESSAGE][PASSED] - Verify element property value successfully

2023-10-16 14:16:07 - [TEST_STEP][PASSED] - verifyElementPropertyValue(getResponse, "offers[6].groups[0].pricingPlans[0].visualElements[9].key", "currency"): Verify element property value successfully

2023-10-16 14:16:07 - [MESSAGE][PASSED] - Verify element property value successfully

2023-10-16 14:16:07 - [TEST_STEP][PASSED] - verifyElementPropertyValue(getResponse, "offers[6].groups[0].pricingPlans[0].visualElements[9].value", "DZD"): Verify element property value successfully

2023-10-16 14:16:07 - [MESSAGE][PASSED] - Verify element property value successfully

2023-10-16 14:16:07 - [TEST_STEP][PASSED] - verifyElementPropertyValue(getResponse, "offers[6].groups[0].pricingPlans[0].visualElements[10].key", "duration"): Verify element property value successfully

2023-10-16 14:16:07 - [MESSAGE][PASSED] - Verify element property value successfully

2023-10-16 14:16:07 - [TEST_STEP][PASSED] - verifyElementPropertyValue(getResponse, "offers[6].groups[0].pricingPlans[0].visualElements[10].value", "Monthly"): Verify element property value successfully

2023-10-16 14:16:07 - [MESSAGE][PASSED] - Verify element property value successfully

2023-10-16 14:16:07 - [TEST_STEP][PASSED] - verifyElementPropertyValue(getResponse, "offers[6].groups[0].pricingPlans[0].visualElements[11].key", "featured_tag_text"): Verify element property value successfully

2023-10-16 14:16:07 - [MESSAGE][PASSED] - Verify element property value successfully

2023-10-16 14:16:07 - [TEST_STEP][PASSED] - verifyElementPropertyValue(getResponse, "offers[6].groups[0].pricingPlans[0].visualElements[11].value", "Limited Time Offer"): Verify element property value successfully

2023-10-16 14:16:07 - [MESSAGE][PASSED] - Verify element property value successfully

2023-10-16 14:16:07 - [TEST_STEP][PASSED] - verifyElementPropertyValue(getResponse, "offers[6].groups[0].pricingPlans[0].visualElements[13].key", "tag_text"): Verify element property value successfully

2023-10-16 14:16:07 - [MESSAGE][PASSED] - Verify element property value successfully

2023-10-16 14:16:07 - [TEST_STEP][PASSED] - verifyElementPropertyValue(getResponse, "offers[6].groups[0].pricingPlans[0].visualElements[13].value", "Save 40%"): Verify element property value successfully

2023-10-16 14:16:08 - [MESSAGE][PASSED] - Verify element property value successfully

2023-10-16 14:16:08 - [TEST_STEP][PASSED] - verifyElementPropertyValue(getResponse, "offers[6].groups[0].pricingPlans[0].visualElements[12].key", "show_tag"): Verify element property value successfully

2023-10-16 14:16:08 - [MESSAGE][PASSED] - Verify element property value successfully

2023-10-16 14:16:08 - [TEST_STEP][PASSED] - verifyElementPropertyValue(getResponse, "offers[6].groups[0].pricingPlans[0].visualElements[12].value", "true"): Verify element property value successfully

2023-10-16 14:16:08 - [MESSAGE][PASSED] - Verify element property value successfully

2023-10-16 14:16:08 - [TEST_STEP][PASSED] - verifyElementPropertyValue(getResponse, "offers[6].groups[0].pricingPlans[0].pricingPlanData[0].productId", "DZA_B2C_SHAHID_VIP_SPORT_1M"): Verify element property value successfully

2023-10-16 14:16:08 - [MESSAGE][PASSED] - Verify element property value successfully

2023-10-16 14:16:08 - [TEST_STEP][PASSED] - verifyElementPropertyValue(getResponse, "offers[6].groups[0].pricingPlans[0].pricingPlanData[0].paymentMethod", "CREDIT_CARD"): Verify element property value successfully

2023-10-16 14:16:08 - [MESSAGE][PASSED] - Verify element property value successfully

2023-10-16 14:16:08 - [TEST_STEP][PASSED] - verifyElementPropertyValue(getResponse, "offers[6].groups[0].pricingPlans[0].pricingPlanData[0].freeTrialEnabled", "false"): Verify element property value successfully

2023-10-16 14:16:08 - [MESSAGE][PASSED] - Verify element property value successfully

2023-10-16 14:16:08 - [TEST_STEP][PASSED] - verifyElementPropertyValue(getResponse, "offers[6].groups[0].pricingPlans[0].pricingPlanData[0].showIn[0]", "VERTICAL_MODE"): Verify element property value successfully

2023-10-16 14:16:08 - [MESSAGE][PASSED] - Verify element property value successfully

2023-10-16 14:16:08 - [TEST_STEP][PASSED] - verifyElementPropertyValue(getResponse, "offers[6].groups[0].pricingPlans[0].pricingPlanData[0].showIn[1]", "HORIZONTAL_MODE"): Verify element property value successfully

2023-10-16 14:16:08 - [MESSAGE][PASSED] - Verify element property value successfully

2023-10-16 14:16:08 - [TEST_STEP][PASSED] - verifyElementPropertyValue(getResponse, "offers[6].groups[0].pricingPlans[0].pricingPlanData[0].priceLabel", "481"): Verify element property value successfully

2023-10-16 14:16:08 - [MESSAGE][PASSED] - Verify element property value successfully

2023-10-16 14:16:08 - [TEST_STEP][PASSED] - verifyElementPropertyValue(getResponse, "offers[6].groups[0].pricingPlans[0].pricingPlanData[0].currencyLabel", "DZD"): Verify element property value successfully

2023-10-16 14:16:08 - [MESSAGE][PASSED] - Verify element property value successfully

2023-10-16 14:16:08 - [TEST_STEP][PASSED] - verifyElementPropertyValue(getResponse, "offers[6].groups[0].pricingPlans[0].pricingPlanData[0].dealId", "WB_SPORT_40P_DZA"): Verify element property value successfully

2023-10-16 14:16:08 - [MESSAGE][PASSED] - Verify element property value successfully

2023-10-16 14:16:08 - [TEST_STEP][PASSED] - verifyElementPropertyValue(getResponse, "offers[6].groups[0].pricingPlans[0].pricingPlanData[0].allowedForAcquisition", "true"): Verify element property value successfully

2023-10-16 14:16:08 - [MESSAGE][PASSED] - Verify element property value successfully

2023-10-16 14:16:08 - [TEST_STEP][PASSED] - verifyElementPropertyValue(getResponse, "offers[6].groups[0].pricingPlans[0].pricingPlanData[0].visualElements[0].key", "title"): Verify element property value successfully

2023-10-16 14:16:08 - [MESSAGE][PASSED] - Verify element property value successfully

2023-10-16 14:16:08 - [TEST_STEP][PASSED] - verifyElementPropertyValue(getResponse, "offers[6].groups[0].pricingPlans[0].pricingPlanData[0].visualElements[0].value", "Credit/Debit Card"): Verify element property value successfully

2023-10-16 14:16:08 - [MESSAGE][PASSED] - Verify element property value successfully

2023-10-16 14:16:08 - [TEST_STEP][PASSED] - verifyElementPropertyValue(getResponse, "offers[6].groups[0].pricingPlans[0].pricingPlanData[0].visualElements[1].key", "CTA_text"): Verify element property value successfully

2023-10-16 14:16:08 - [MESSAGE][PASSED] - Verify element property value successfully

2023-10-16 14:16:08 - [TEST_STEP][PASSED] - verifyElementPropertyValue(getResponse, "offers[6].groups[0].pricingPlans[0].pricingPlanData[0].visualElements[1].value", "Subscribe"): Verify element property value successfully

2023-10-16 14:16:08 - [MESSAGE][PASSED] - Verify element property value successfully

2023-10-16 14:16:08 - [TEST_STEP][PASSED] - verifyElementPropertyValue(getResponse, "offers[6].groups[0].pricingPlans[0].pricingPlanData[0].visualElements[2].key", "logo"): Verify element property value successfully

2023-10-16 14:16:08 - [MESSAGE][PASSED] - Verify element property value successfully

2023-10-16 14:16:08 - [TEST_STEP][PASSED] - verifyElementPropertyValue(getResponse, "offers[6].groups[0].pricingPlans[0].pricingPlanData[0].visualElements[2].value", "https://static.s3.shahid.mbc.net/widget-images/icons/iconCreditCard.png"): Verify element property value successfully

2023-10-16 14:16:08 - [MESSAGE][PASSED] - Verify element property value successfully

2023-10-16 14:16:08 - [TEST_STEP][PASSED] - verifyElementPropertyValue(getResponse, "offers[7].offerId", "winback-sport-50-offer"): Verify element property value successfully

2023-10-16 14:16:08 - [MESSAGE][PASSED] - Verify element property value successfully

2023-10-16 14:16:08 - [TEST_STEP][PASSED] - verifyElementPropertyValue(getResponse, "offers[7].offerParam", "sportsoffer50"): Verify element property value successfully

2023-10-16 14:16:08 - [MESSAGE][PASSED] - Verify element property value successfully

2023-10-16 14:16:08 - [TEST_STEP][PASSED] - verifyElementPropertyValue(getResponse, "offers[7].groups[0].pricingPlans[0].featured", "true"): Verify element property value successfully

2023-10-16 14:16:08 - [MESSAGE][PASSED] - Verify element property value successfully

2023-10-16 14:16:08 - [TEST_STEP][PASSED] - verifyElementPropertyValue(getResponse, "offers[7].groups[0].pricingPlans[0].period", "monthly"): Verify element property value successfully

2023-10-16 14:16:08 - [MESSAGE][PASSED] - Verify element property value successfully

2023-10-16 14:16:08 - [TEST_STEP][PASSED] - verifyElementPropertyValue(getResponse, "offers[7].groups[0].pricingPlans[0].featured", "true"): Verify element property value successfully

2023-10-16 14:16:08 - [MESSAGE][PASSED] - Verify element property value successfully

2023-10-16 14:16:08 - [TEST_STEP][PASSED] - verifyElementPropertyValue(getResponse, "offers[7].groups[0].pricingPlans[0].price", "401.0"): Verify element property value successfully

2023-10-16 14:16:08 - [MESSAGE][PASSED] - Verify element property value successfully

2023-10-16 14:16:08 - [TEST_STEP][PASSED] - verifyElementPropertyValue(getResponse, "offers[7].groups[0].pricingPlans[0].currency", "DZD"): Verify element property value successfully

2023-10-16 14:16:08 - [MESSAGE][PASSED] - Verify element property value successfully

2023-10-16 14:16:08 - [TEST_STEP][PASSED] - verifyElementPropertyValue(getResponse, "offers[7].groups[0].pricingPlans[0].order", "0"): Verify element property value successfully

2023-10-16 14:16:08 - [MESSAGE][PASSED] - Verify element property value successfully

2023-10-16 14:16:08 - [TEST_STEP][PASSED] - verifyElementPropertyValue(getResponse, "offers[7].groups[0].pricingPlans[0].packageId", "SHAHID_VIP_SPORT"): Verify element property value successfully

2023-10-16 14:16:08 - [MESSAGE][PASSED] - Verify element property value successfully

2023-10-16 14:16:08 - [TEST_STEP][PASSED] - verifyElementPropertyValue(getResponse, "offers[7].groups[0].pricingPlans[0].catalogId", "SPORT"): Verify element property value successfully

2023-10-16 14:16:08 - [MESSAGE][PASSED] - Verify element property value successfully

2023-10-16 14:16:08 - [TEST_STEP][PASSED] - verifyElementPropertyValue(getResponse, "offers[7].groups[0].pricingPlans[0].visualElements[0].key", "Header_1_text"): Verify element property value successfully

2023-10-16 14:16:08 - [MESSAGE][PASSED] - Verify element property value successfully

2023-10-16 14:16:08 - [TEST_STEP][PASSED] - verifyElementPropertyValue(getResponse, "offers[7].groups[0].pricingPlans[0].visualElements[0].value", "Watch the most powerful series and movies exclusively without stopping"): Verify element property value successfully

2023-10-16 14:16:08 - [MESSAGE][PASSED] - Verify element property value successfully

2023-10-16 14:16:08 - [TEST_STEP][PASSED] - verifyElementPropertyValue(getResponse, "offers[7].groups[0].pricingPlans[0].visualElements[1].key", "display_title"): Verify element property value successfully

2023-10-16 14:16:08 - [MESSAGE][PASSED] - Verify element property value successfully

2023-10-16 14:16:08 - [TEST_STEP][FAILED] - verifyElementPropertyValue(getResponse, "offers[7].groups[0].pricingPlans[0].visualElements[1].value", "50% Discount Offer"): Expected element property value '50% Discount Offer' is not equal with actual property value '50% Discount Offer​'

2023-10-16 14:16:08 - [MESSAGE][FAILED] - Expected element property value '50% Discount Offer' is not equal with actual property value '50% Discount Offer​'

2023-10-16 14:16:08 - [TEST_STEP][PASSED] - verifyElementPropertyValue(getResponse, "offers[7].groups[0].pricingPlans[0].visualElements[3].key", "deduction_text"): Verify element property value successfully

2023-10-16 14:16:08 - [MESSAGE][PASSED] - Verify element property value successfully

2023-10-16 14:16:08 - [TEST_STEP][PASSED] - verifyElementPropertyValue(getResponse, "offers[7].groups[0].pricingPlans[0].visualElements[3].value", "billed every month"): Verify element property value successfully

2023-10-16 14:16:08 - [MESSAGE][PASSED] - Verify element property value successfully

2023-10-16 14:16:08 - [TEST_STEP][PASSED] - verifyElementPropertyValue(getResponse, "offers[7].groups[0].pricingPlans[0].visualElements[6].key", "show_payment_logo"): Verify element property value successfully

2023-10-16 14:16:08 - [MESSAGE][PASSED] - Verify element property value successfully

2023-10-16 14:16:08 - [TEST_STEP][PASSED] - verifyElementPropertyValue(getResponse, "offers[7].groups[0].pricingPlans[0].visualElements[6].value", "true"): Verify element property value successfully

2023-10-16 14:16:08 - [MESSAGE][PASSED] - Verify element property value successfully

2023-10-16 14:16:08 - [TEST_STEP][PASSED] - verifyElementPropertyValue(getResponse, "offers[7].groups[0].pricingPlans[0].visualElements[8].key", "price"): Verify element property value successfully

2023-10-16 14:16:08 - [MESSAGE][PASSED] - Verify element property value successfully

2023-10-16 14:16:08 - [TEST_STEP][PASSED] - verifyElementPropertyValue(getResponse, "offers[7].groups[0].pricingPlans[0].visualElements[8].value", "401"): Verify element property value successfully

2023-10-16 14:16:08 - [MESSAGE][PASSED] - Verify element property value successfully

2023-10-16 14:16:08 - [TEST_STEP][PASSED] - verifyElementPropertyValue(getResponse, "offers[7].groups[0].pricingPlans[0].visualElements[9].key", "currency"): Verify element property value successfully

2023-10-16 14:16:08 - [MESSAGE][PASSED] - Verify element property value successfully

2023-10-16 14:16:08 - [TEST_STEP][PASSED] - verifyElementPropertyValue(getResponse, "offers[7].groups[0].pricingPlans[0].visualElements[9].value", "DZD"): Verify element property value successfully

2023-10-16 14:16:08 - [MESSAGE][PASSED] - Verify element property value successfully

2023-10-16 14:16:08 - [TEST_STEP][PASSED] - verifyElementPropertyValue(getResponse, "offers[7].groups[0].pricingPlans[0].visualElements[10].key", "duration"): Verify element property value successfully

2023-10-16 14:16:08 - [MESSAGE][PASSED] - Verify element property value successfully

2023-10-16 14:16:08 - [TEST_STEP][PASSED] - verifyElementPropertyValue(getResponse, "offers[7].groups[0].pricingPlans[0].visualElements[10].value", "Monthly"): Verify element property value successfully

2023-10-16 14:16:08 - [MESSAGE][PASSED] - Verify element property value successfully

2023-10-16 14:16:08 - [TEST_STEP][PASSED] - verifyElementPropertyValue(getResponse, "offers[7].groups[0].pricingPlans[0].visualElements[11].key", "featured_tag_text"): Verify element property value successfully

2023-10-16 14:16:08 - [MESSAGE][PASSED] - Verify element property value successfully

2023-10-16 14:16:08 - [TEST_STEP][PASSED] - verifyElementPropertyValue(getResponse, "offers[7].groups[0].pricingPlans[0].visualElements[11].value", "Limited Time Offer"): Verify element property value successfully

2023-10-16 14:16:08 - [MESSAGE][PASSED] - Verify element property value successfully

2023-10-16 14:16:08 - [TEST_STEP][PASSED] - verifyElementPropertyValue(getResponse, "offers[7].groups[0].pricingPlans[0].visualElements[13].key", "tag_text"): Verify element property value successfully

2023-10-16 14:16:08 - [MESSAGE][PASSED] - Verify element property value successfully

2023-10-16 14:16:08 - [TEST_STEP][PASSED] - verifyElementPropertyValue(getResponse, "offers[7].groups[0].pricingPlans[0].visualElements[13].value", "Save 50%"): Verify element property value successfully

2023-10-16 14:16:08 - [MESSAGE][PASSED] - Verify element property value successfully

2023-10-16 14:16:08 - [TEST_STEP][PASSED] - verifyElementPropertyValue(getResponse, "offers[7].groups[0].pricingPlans[0].visualElements[12].key", "show_tag"): Verify element property value successfully

2023-10-16 14:16:08 - [MESSAGE][PASSED] - Verify element property value successfully

2023-10-16 14:16:08 - [TEST_STEP][PASSED] - verifyElementPropertyValue(getResponse, "offers[7].groups[0].pricingPlans[0].visualElements[12].value", "true"): Verify element property value successfully

2023-10-16 14:16:08 - [MESSAGE][PASSED] - Verify element property value successfully

2023-10-16 14:16:08 - [TEST_STEP][PASSED] - verifyElementPropertyValue(getResponse, "offers[7].groups[0].pricingPlans[0].pricingPlanData[0].productId", "DZA_B2C_SHAHID_VIP_SPORT_1M"): Verify element property value successfully

2023-10-16 14:16:08 - [MESSAGE][PASSED] - Verify element property value successfully

2023-10-16 14:16:08 - [TEST_STEP][PASSED] - verifyElementPropertyValue(getResponse, "offers[7].groups[0].pricingPlans[0].pricingPlanData[0].paymentMethod", "CREDIT_CARD"): Verify element property value successfully

2023-10-16 14:16:08 - [MESSAGE][PASSED] - Verify element property value successfully

2023-10-16 14:16:08 - [TEST_STEP][PASSED] - verifyElementPropertyValue(getResponse, "offers[7].groups[0].pricingPlans[0].pricingPlanData[0].freeTrialEnabled", "false"): Verify element property value successfully

2023-10-16 14:16:08 - [MESSAGE][PASSED] - Verify element property value successfully

2023-10-16 14:16:08 - [TEST_STEP][PASSED] - verifyElementPropertyValue(getResponse, "offers[7].groups[0].pricingPlans[0].pricingPlanData[0].showIn[0]", "VERTICAL_MODE"): Verify element property value successfully

2023-10-16 14:16:08 - [MESSAGE][PASSED] - Verify element property value successfully

2023-10-16 14:16:08 - [TEST_STEP][PASSED] - verifyElementPropertyValue(getResponse, "offers[7].groups[0].pricingPlans[0].pricingPlanData[0].showIn[1]", "HORIZONTAL_MODE"): Verify element property value successfully

2023-10-16 14:16:08 - [MESSAGE][PASSED] - Verify element property value successfully

2023-10-16 14:16:08 - [TEST_STEP][PASSED] - verifyElementPropertyValue(getResponse, "offers[7].groups[0].pricingPlans[0].pricingPlanData[0].priceLabel", "401"): Verify element property value successfully

2023-10-16 14:16:08 - [MESSAGE][PASSED] - Verify element property value successfully

2023-10-16 14:16:08 - [TEST_STEP][PASSED] - verifyElementPropertyValue(getResponse, "offers[7].groups[0].pricingPlans[0].pricingPlanData[0].currencyLabel", "DZD"): Verify element property value successfully

2023-10-16 14:16:08 - [MESSAGE][PASSED] - Verify element property value successfully

2023-10-16 14:16:08 - [TEST_STEP][PASSED] - verifyElementPropertyValue(getResponse, "offers[7].groups[0].pricingPlans[0].pricingPlanData[0].dealId", "WB_SPORT_50P_DZA"): Verify element property value successfully

2023-10-16 14:16:08 - [MESSAGE][PASSED] - Verify element property value successfully

2023-10-16 14:16:08 - [TEST_STEP][PASSED] - verifyElementPropertyValue(getResponse, "offers[7].groups[0].pricingPlans[0].pricingPlanData[0].allowedForAcquisition", "true"): Verify element property value successfully

2023-10-16 14:16:08 - [MESSAGE][PASSED] - Verify element property value successfully

2023-10-16 14:16:08 - [TEST_STEP][PASSED] - verifyElementPropertyValue(getResponse, "offers[7].groups[0].pricingPlans[0].pricingPlanData[0].visualElements[0].key", "title"): Verify element property value successfully

2023-10-16 14:16:08 - [MESSAGE][PASSED] - Verify element property value successfully

2023-10-16 14:16:08 - [TEST_STEP][PASSED] - verifyElementPropertyValue(getResponse, "offers[7].groups[0].pricingPlans[0].pricingPlanData[0].visualElements[0].value", "Credit/Debit Card"): Verify element property value successfully

2023-10-16 14:16:08 - [MESSAGE][PASSED] - Verify element property value successfully

2023-10-16 14:16:08 - [TEST_STEP][PASSED] - verifyElementPropertyValue(getResponse, "offers[7].groups[0].pricingPlans[0].pricingPlanData[0].visualElements[1].key", "CTA_text"): Verify element property value successfully

2023-10-16 14:16:08 - [MESSAGE][PASSED] - Verify element property value successfully

2023-10-16 14:16:08 - [TEST_STEP][PASSED] - verifyElementPropertyValue(getResponse, "offers[7].groups[0].pricingPlans[0].pricingPlanData[0].visualElements[1].value", "Subscribe"): Verify element property value successfully

2023-10-16 14:16:08 - [MESSAGE][PASSED] - Verify element property value successfully

2023-10-16 14:16:08 - [TEST_STEP][PASSED] - verifyElementPropertyValue(getResponse, "offers[7].groups[0].pricingPlans[0].pricingPlanData[0].visualElements[2].key", "logo"): Verify element property value successfully

2023-10-16 14:16:08 - [MESSAGE][PASSED] - Verify element property value successfully

2023-10-16 14:16:08 - [TEST_STEP][PASSED] - verifyElementPropertyValue(getResponse, "offers[7].groups[0].pricingPlans[0].pricingPlanData[0].visualElements[2].value", "https://static.s3.shahid.mbc.net/widget-images/icons/iconCreditCard.png"): Verify element property value successfully

2023-10-16 14:16:08 - [MESSAGE][PASSED] - Verify element property value successfully

2023-10-16 14:16:08 - [TEST_STEP][PASSED] - verifyElementPropertyValue(getResponse, "offers[11].offerId", "byg-sport-30-offer"): Verify element property value successfully

2023-10-16 14:16:08 - [MESSAGE][PASSED] - Verify element property value successfully

2023-10-16 14:16:08 - [TEST_STEP][PASSED] - verifyElementPropertyValue(getResponse, "offers[11].offerParam", "bygsportsoffer30"): Verify element property value successfully

2023-10-16 14:16:08 - [MESSAGE][PASSED] - Verify element property value successfully

2023-10-16 14:16:08 - [TEST_STEP][PASSED] - verifyElementPropertyValue(getResponse, "offers[11].groups[0].pricingPlans[0].featured", "true"): Verify element property value successfully

2023-10-16 14:16:08 - [MESSAGE][PASSED] - Verify element property value successfully

2023-10-16 14:16:08 - [TEST_STEP][PASSED] - verifyElementPropertyValue(getResponse, "offers[11].groups[0].pricingPlans[0].period", "monthly"): Verify element property value successfully

2023-10-16 14:16:08 - [MESSAGE][PASSED] - Verify element property value successfully

2023-10-16 14:16:08 - [TEST_STEP][PASSED] - verifyElementPropertyValue(getResponse, "offers[11].groups[0].pricingPlans[0].featured", "true"): Verify element property value successfully

2023-10-16 14:16:08 - [MESSAGE][PASSED] - Verify element property value successfully

2023-10-16 14:16:08 - [TEST_STEP][PASSED] - verifyElementPropertyValue(getResponse, "offers[11].groups[0].pricingPlans[0].price", "561.0"): Verify element property value successfully

2023-10-16 14:16:08 - [MESSAGE][PASSED] - Verify element property value successfully

2023-10-16 14:16:08 - [TEST_STEP][PASSED] - verifyElementPropertyValue(getResponse, "offers[11].groups[0].pricingPlans[0].currency", "DZD"): Verify element property value successfully

2023-10-16 14:16:08 - [MESSAGE][PASSED] - Verify element property value successfully

2023-10-16 14:16:08 - [TEST_STEP][PASSED] - verifyElementPropertyValue(getResponse, "offers[11].groups[0].pricingPlans[0].order", "0"): Verify element property value successfully

2023-10-16 14:16:08 - [MESSAGE][PASSED] - Verify element property value successfully

2023-10-16 14:16:08 - [TEST_STEP][PASSED] - verifyElementPropertyValue(getResponse, "offers[11].groups[0].pricingPlans[0].packageId", "SHAHID_VIP_SPORT"): Verify element property value successfully

2023-10-16 14:16:08 - [MESSAGE][PASSED] - Verify element property value successfully

2023-10-16 14:16:08 - [TEST_STEP][PASSED] - verifyElementPropertyValue(getResponse, "offers[11].groups[0].pricingPlans[0].catalogId", "SPORT"): Verify element property value successfully

2023-10-16 14:16:08 - [MESSAGE][PASSED] - Verify element property value successfully

2023-10-16 14:16:08 - [TEST_STEP][PASSED] - verifyElementPropertyValue(getResponse, "offers[11].groups[0].pricingPlans[0].visualElements[0].key", "Header_1_text"): Verify element property value successfully

2023-10-16 14:16:08 - [MESSAGE][PASSED] - Verify element property value successfully

2023-10-16 14:16:08 - [TEST_STEP][PASSED] - verifyElementPropertyValue(getResponse, "offers[11].groups[0].pricingPlans[0].visualElements[0].value", "Watch the most powerful series and movies exclusively without stopping"): Verify element property value successfully

2023-10-16 14:16:08 - [MESSAGE][PASSED] - Verify element property value successfully

2023-10-16 14:16:08 - [TEST_STEP][PASSED] - verifyElementPropertyValue(getResponse, "offers[11].groups[0].pricingPlans[0].visualElements[1].key", "display_title"): Verify element property value successfully

2023-10-16 14:16:08 - [MESSAGE][PASSED] - Verify element property value successfully

2023-10-16 14:16:08 - [TEST_STEP][FAILED] - verifyElementPropertyValue(getResponse, "offers[11].groups[0].pricingPlans[0].visualElements[1].value", "30% Discount Offer"): Expected element property value '30% Discount Offer' is not equal with actual property value '30% Discount Offer​'

2023-10-16 14:16:08 - [MESSAGE][FAILED] - Expected element property value '30% Discount Offer' is not equal with actual property value '30% Discount Offer​'

2023-10-16 14:16:08 - [TEST_STEP][PASSED] - verifyElementPropertyValue(getResponse, "offers[11].groups[0].pricingPlans[0].visualElements[3].key", "deduction_text"): Verify element property value successfully

2023-10-16 14:16:08 - [MESSAGE][PASSED] - Verify element property value successfully

2023-10-16 14:16:08 - [TEST_STEP][PASSED] - verifyElementPropertyValue(getResponse, "offers[11].groups[0].pricingPlans[0].visualElements[3].value", "billed every month"): Verify element property value successfully

2023-10-16 14:16:08 - [MESSAGE][PASSED] - Verify element property value successfully

2023-10-16 14:16:08 - [TEST_STEP][PASSED] - verifyElementPropertyValue(getResponse, "offers[11].groups[0].pricingPlans[0].visualElements[6].key", "show_payment_logo"): Verify element property value successfully

2023-10-16 14:16:08 - [MESSAGE][PASSED] - Verify element property value successfully

2023-10-16 14:16:08 - [TEST_STEP][PASSED] - verifyElementPropertyValue(getResponse, "offers[11].groups[0].pricingPlans[0].visualElements[6].value", "true"): Verify element property value successfully

2023-10-16 14:16:08 - [MESSAGE][PASSED] - Verify element property value successfully

2023-10-16 14:16:08 - [TEST_STEP][PASSED] - verifyElementPropertyValue(getResponse, "offers[11].groups[0].pricingPlans[0].visualElements[8].key", "price"): Verify element property value successfully

2023-10-16 14:16:08 - [MESSAGE][PASSED] - Verify element property value successfully

2023-10-16 14:16:08 - [TEST_STEP][PASSED] - verifyElementPropertyValue(getResponse, "offers[11].groups[0].pricingPlans[0].visualElements[8].value", "561"): Verify element property value successfully

2023-10-16 14:16:08 - [MESSAGE][PASSED] - Verify element property value successfully

2023-10-16 14:16:08 - [TEST_STEP][PASSED] - verifyElementPropertyValue(getResponse, "offers[11].groups[0].pricingPlans[0].visualElements[9].key", "currency"): Verify element property value successfully

2023-10-16 14:16:08 - [MESSAGE][PASSED] - Verify element property value successfully

2023-10-16 14:16:08 - [TEST_STEP][PASSED] - verifyElementPropertyValue(getResponse, "offers[11].groups[0].pricingPlans[0].visualElements[9].value", "DZD"): Verify element property value successfully

2023-10-16 14:16:08 - [MESSAGE][PASSED] - Verify element property value successfully

2023-10-16 14:16:08 - [TEST_STEP][PASSED] - verifyElementPropertyValue(getResponse, "offers[11].groups[0].pricingPlans[0].visualElements[10].key", "duration"): Verify element property value successfully

2023-10-16 14:16:08 - [MESSAGE][PASSED] - Verify element property value successfully

2023-10-16 14:16:08 - [TEST_STEP][PASSED] - verifyElementPropertyValue(getResponse, "offers[11].groups[0].pricingPlans[0].visualElements[10].value", "Monthly"): Verify element property value successfully

2023-10-16 14:16:08 - [MESSAGE][PASSED] - Verify element property value successfully

2023-10-16 14:16:08 - [TEST_STEP][PASSED] - verifyElementPropertyValue(getResponse, "offers[11].groups[0].pricingPlans[0].visualElements[11].key", "featured_tag_text"): Verify element property value successfully

2023-10-16 14:16:08 - [MESSAGE][PASSED] - Verify element property value successfully

2023-10-16 14:16:08 - [TEST_STEP][PASSED] - verifyElementPropertyValue(getResponse, "offers[11].groups[0].pricingPlans[0].visualElements[11].value", "Limited Time Offer"): Verify element property value successfully

2023-10-16 14:16:08 - [MESSAGE][PASSED] - Verify element property value successfully

2023-10-16 14:16:08 - [TEST_STEP][PASSED] - verifyElementPropertyValue(getResponse, "offers[11].groups[0].pricingPlans[0].visualElements[12].key", "show_tag"): Verify element property value successfully

2023-10-16 14:16:08 - [MESSAGE][PASSED] - Verify element property value successfully

2023-10-16 14:16:08 - [TEST_STEP][PASSED] - verifyElementPropertyValue(getResponse, "offers[11].groups[0].pricingPlans[0].visualElements[12].value", "true"): Verify element property value successfully

2023-10-16 14:16:08 - [MESSAGE][PASSED] - Verify element property value successfully

2023-10-16 14:16:08 - [TEST_STEP][PASSED] - verifyElementPropertyValue(getResponse, "offers[11].groups[0].pricingPlans[0].visualElements[13].key", "tag_text"): Verify element property value successfully

2023-10-16 14:16:08 - [MESSAGE][PASSED] - Verify element property value successfully

2023-10-16 14:16:08 - [TEST_STEP][PASSED] - verifyElementPropertyValue(getResponse, "offers[11].groups[0].pricingPlans[0].visualElements[13].value", "Save 30%"): Verify element property value successfully

2023-10-16 14:16:08 - [MESSAGE][PASSED] - Verify element property value successfully

2023-10-16 14:16:08 - [TEST_STEP][PASSED] - verifyElementPropertyValue(getResponse, "offers[11].groups[0].pricingPlans[0].pricingPlanData[0].productId", "DZA_B2C_SHAHID_VIP_SPORT_1M"): Verify element property value successfully

2023-10-16 14:16:08 - [MESSAGE][PASSED] - Verify element property value successfully

2023-10-16 14:16:08 - [TEST_STEP][PASSED] - verifyElementPropertyValue(getResponse, "offers[11].groups[0].pricingPlans[0].pricingPlanData[0].paymentMethod", "CREDIT_CARD"): Verify element property value successfully

2023-10-16 14:16:08 - [MESSAGE][PASSED] - Verify element property value successfully

2023-10-16 14:16:08 - [TEST_STEP][PASSED] - verifyElementPropertyValue(getResponse, "offers[11].groups[0].pricingPlans[0].pricingPlanData[0].freeTrialEnabled", "false"): Verify element property value successfully

2023-10-16 14:16:08 - [MESSAGE][PASSED] - Verify element property value successfully

2023-10-16 14:16:08 - [TEST_STEP][PASSED] - verifyElementPropertyValue(getResponse, "offers[11].groups[0].pricingPlans[0].pricingPlanData[0].showIn[0]", "VERTICAL_MODE"): Verify element property value successfully

2023-10-16 14:16:08 - [MESSAGE][PASSED] - Verify element property value successfully

2023-10-16 14:16:08 - [TEST_STEP][PASSED] - verifyElementPropertyValue(getResponse, "offers[11].groups[0].pricingPlans[0].pricingPlanData[0].showIn[1]", "HORIZONTAL_MODE"): Verify element property value successfully

2023-10-16 14:16:08 - [MESSAGE][PASSED] - Verify element property value successfully

2023-10-16 14:16:08 - [TEST_STEP][PASSED] - verifyElementPropertyValue(getResponse, "offers[11].groups[0].pricingPlans[0].pricingPlanData[0].priceLabel", "561"): Verify element property value successfully

2023-10-16 14:16:08 - [MESSAGE][PASSED] - Verify element property value successfully

2023-10-16 14:16:08 - [TEST_STEP][PASSED] - verifyElementPropertyValue(getResponse, "offers[11].groups[0].pricingPlans[0].pricingPlanData[0].currencyLabel", "DZD"): Verify element property value successfully

2023-10-16 14:16:08 - [MESSAGE][PASSED] - Verify element property value successfully

2023-10-16 14:16:08 - [TEST_STEP][PASSED] - verifyElementPropertyValue(getResponse, "offers[11].groups[0].pricingPlans[0].pricingPlanData[0].dealId", "BYG_SPORT_30P_DZA"): Verify element property value successfully

2023-10-16 14:16:08 - [MESSAGE][PASSED] - Verify element property value successfully

2023-10-16 14:16:08 - [TEST_STEP][PASSED] - verifyElementPropertyValue(getResponse, "offers[11].groups[0].pricingPlans[0].pricingPlanData[0].allowedForAcquisition", "true"): Verify element property value successfully

2023-10-16 14:16:08 - [MESSAGE][PASSED] - Verify element property value successfully

2023-10-16 14:16:08 - [TEST_STEP][PASSED] - verifyElementPropertyValue(getResponse, "offers[11].groups[0].pricingPlans[0].pricingPlanData[0].visualElements[0].key", "title"): Verify element property value successfully

2023-10-16 14:16:08 - [MESSAGE][PASSED] - Verify element property value successfully

2023-10-16 14:16:08 - [TEST_STEP][PASSED] - verifyElementPropertyValue(getResponse, "offers[11].groups[0].pricingPlans[0].pricingPlanData[0].visualElements[0].value", "Credit/Debit Card"): Verify element property value successfully

2023-10-16 14:16:08 - [MESSAGE][PASSED] - Verify element property value successfully

2023-10-16 14:16:08 - [TEST_STEP][PASSED] - verifyElementPropertyValue(getResponse, "offers[11].groups[0].pricingPlans[0].pricingPlanData[0].visualElements[1].key", "CTA_text"): Verify element property value successfully

2023-10-16 14:16:08 - [MESSAGE][PASSED] - Verify element property value successfully

2023-10-16 14:16:08 - [TEST_STEP][PASSED] - verifyElementPropertyValue(getResponse, "offers[11].groups[0].pricingPlans[0].pricingPlanData[0].visualElements[1].value", "Subscribe"): Verify element property value successfully

2023-10-16 14:16:08 - [MESSAGE][PASSED] - Verify element property value successfully

2023-10-16 14:16:08 - [TEST_STEP][PASSED] - verifyElementPropertyValue(getResponse, "offers[11].groups[0].pricingPlans[0].pricingPlanData[0].visualElements[2].key", "logo"): Verify element property value successfully

2023-10-16 14:16:08 - [MESSAGE][PASSED] - Verify element property value successfully

2023-10-16 14:16:08 - [TEST_STEP][PASSED] - verifyElementPropertyValue(getResponse, "offers[11].groups[0].pricingPlans[0].pricingPlanData[0].visualElements[2].value", "https://static.s3.shahid.mbc.net/widget-images/icons/iconCreditCard.png"): Verify element property value successfully

2023-10-16 14:16:08 - [MESSAGE][PASSED] - Verify element property value successfully

2023-10-16 14:16:08 - [TEST_STEP][PASSED] - verifyElementPropertyValue(getResponse, "offers[12].offerId", "byg-sport-40-offer"): Verify element property value successfully

2023-10-16 14:16:08 - [MESSAGE][PASSED] - Verify element property value successfully

2023-10-16 14:16:08 - [TEST_STEP][PASSED] - verifyElementPropertyValue(getResponse, "offers[12].offerParam", "bygsportsoffer40"): Verify element property value successfully

2023-10-16 14:16:08 - [MESSAGE][PASSED] - Verify element property value successfully

2023-10-16 14:16:08 - [TEST_STEP][PASSED] - verifyElementPropertyValue(getResponse, "offers[12].groups[0].pricingPlans[0].featured", "true"): Verify element property value successfully

2023-10-16 14:16:08 - [MESSAGE][PASSED] - Verify element property value successfully

2023-10-16 14:16:08 - [TEST_STEP][PASSED] - verifyElementPropertyValue(getResponse, "offers[12].groups[0].pricingPlans[0].period", "monthly"): Verify element property value successfully

2023-10-16 14:16:08 - [MESSAGE][PASSED] - Verify element property value successfully

2023-10-16 14:16:08 - [TEST_STEP][PASSED] - verifyElementPropertyValue(getResponse, "offers[12].groups[0].pricingPlans[0].featured", "true"): Verify element property value successfully

2023-10-16 14:16:09 - [MESSAGE][PASSED] - Verify element property value successfully

2023-10-16 14:16:09 - [TEST_STEP][PASSED] - verifyElementPropertyValue(getResponse, "offers[12].groups[0].pricingPlans[0].price", "481.0"): Verify element property value successfully

2023-10-16 14:16:09 - [MESSAGE][PASSED] - Verify element property value successfully

2023-10-16 14:16:09 - [TEST_STEP][PASSED] - verifyElementPropertyValue(getResponse, "offers[12].groups[0].pricingPlans[0].currency", "DZD"): Verify element property value successfully

2023-10-16 14:16:09 - [MESSAGE][PASSED] - Verify element property value successfully

2023-10-16 14:16:09 - [TEST_STEP][PASSED] - verifyElementPropertyValue(getResponse, "offers[12].groups[0].pricingPlans[0].order", "0"): Verify element property value successfully

2023-10-16 14:16:09 - [MESSAGE][PASSED] - Verify element property value successfully

2023-10-16 14:16:09 - [TEST_STEP][PASSED] - verifyElementPropertyValue(getResponse, "offers[12].groups[0].pricingPlans[0].packageId", "SHAHID_VIP_SPORT"): Verify element property value successfully

2023-10-16 14:16:09 - [MESSAGE][PASSED] - Verify element property value successfully

2023-10-16 14:16:09 - [TEST_STEP][PASSED] - verifyElementPropertyValue(getResponse, "offers[12].groups[0].pricingPlans[0].catalogId", "SPORT"): Verify element property value successfully

2023-10-16 14:16:09 - [MESSAGE][PASSED] - Verify element property value successfully

2023-10-16 14:16:09 - [TEST_STEP][PASSED] - verifyElementPropertyValue(getResponse, "offers[12].groups[0].pricingPlans[0].visualElements[0].key", "Header_1_text"): Verify element property value successfully

2023-10-16 14:16:09 - [MESSAGE][PASSED] - Verify element property value successfully

2023-10-16 14:16:09 - [TEST_STEP][PASSED] - verifyElementPropertyValue(getResponse, "offers[12].groups[0].pricingPlans[0].visualElements[0].value", "Watch the most powerful series and movies exclusively without stopping"): Verify element property value successfully

2023-10-16 14:16:09 - [MESSAGE][PASSED] - Verify element property value successfully

2023-10-16 14:16:09 - [TEST_STEP][PASSED] - verifyElementPropertyValue(getResponse, "offers[12].groups[0].pricingPlans[0].visualElements[1].key", "display_title"): Verify element property value successfully

2023-10-16 14:16:09 - [MESSAGE][PASSED] - Verify element property value successfully

2023-10-16 14:16:09 - [TEST_STEP][FAILED] - verifyElementPropertyValue(getResponse, "offers[12].groups[0].pricingPlans[0].visualElements[1].value", "40% Discount Offer"): Expected element property value '40% Discount Offer' is not equal with actual property value '40% Discount Offer​'

2023-10-16 14:16:09 - [MESSAGE][FAILED] - Expected element property value '40% Discount Offer' is not equal with actual property value '40% Discount Offer​'

2023-10-16 14:16:09 - [TEST_STEP][PASSED] - verifyElementPropertyValue(getResponse, "offers[12].groups[0].pricingPlans[0].visualElements[3].key", "deduction_text"): Verify element property value successfully

2023-10-16 14:16:09 - [MESSAGE][PASSED] - Verify element property value successfully

2023-10-16 14:16:09 - [TEST_STEP][PASSED] - verifyElementPropertyValue(getResponse, "offers[12].groups[0].pricingPlans[0].visualElements[3].value", "billed every month"): Verify element property value successfully

2023-10-16 14:16:09 - [MESSAGE][PASSED] - Verify element property value successfully

2023-10-16 14:16:09 - [TEST_STEP][PASSED] - verifyElementPropertyValue(getResponse, "offers[12].groups[0].pricingPlans[0].visualElements[6].key", "show_payment_logo"): Verify element property value successfully

2023-10-16 14:16:09 - [MESSAGE][PASSED] - Verify element property value successfully

2023-10-16 14:16:09 - [TEST_STEP][PASSED] - verifyElementPropertyValue(getResponse, "offers[12].groups[0].pricingPlans[0].visualElements[6].value", "true"): Verify element property value successfully

2023-10-16 14:16:09 - [MESSAGE][PASSED] - Verify element property value successfully

2023-10-16 14:16:09 - [TEST_STEP][PASSED] - verifyElementPropertyValue(getResponse, "offers[12].groups[0].pricingPlans[0].visualElements[8].key", "price"): Verify element property value successfully

2023-10-16 14:16:09 - [MESSAGE][PASSED] - Verify element property value successfully

2023-10-16 14:16:09 - [TEST_STEP][PASSED] - verifyElementPropertyValue(getResponse, "offers[12].groups[0].pricingPlans[0].visualElements[8].value", "481"): Verify element property value successfully

2023-10-16 14:16:09 - [MESSAGE][PASSED] - Verify element property value successfully

2023-10-16 14:16:09 - [TEST_STEP][PASSED] - verifyElementPropertyValue(getResponse, "offers[12].groups[0].pricingPlans[0].visualElements[9].key", "currency"): Verify element property value successfully

2023-10-16 14:16:09 - [MESSAGE][PASSED] - Verify element property value successfully

2023-10-16 14:16:09 - [TEST_STEP][PASSED] - verifyElementPropertyValue(getResponse, "offers[12].groups[0].pricingPlans[0].visualElements[9].value", "DZD"): Verify element property value successfully

2023-10-16 14:16:09 - [MESSAGE][PASSED] - Verify element property value successfully

2023-10-16 14:16:09 - [TEST_STEP][PASSED] - verifyElementPropertyValue(getResponse, "offers[12].groups[0].pricingPlans[0].visualElements[10].key", "duration"): Verify element property value successfully

2023-10-16 14:16:09 - [MESSAGE][PASSED] - Verify element property value successfully

2023-10-16 14:16:09 - [TEST_STEP][PASSED] - verifyElementPropertyValue(getResponse, "offers[12].groups[0].pricingPlans[0].visualElements[10].value", "Monthly"): Verify element property value successfully

2023-10-16 14:16:09 - [MESSAGE][PASSED] - Verify element property value successfully

2023-10-16 14:16:09 - [TEST_STEP][PASSED] - verifyElementPropertyValue(getResponse, "offers[12].groups[0].pricingPlans[0].visualElements[11].key", "featured_tag_text"): Verify element property value successfully

2023-10-16 14:16:09 - [MESSAGE][PASSED] - Verify element property value successfully

2023-10-16 14:16:09 - [TEST_STEP][PASSED] - verifyElementPropertyValue(getResponse, "offers[12].groups[0].pricingPlans[0].visualElements[11].value", "Limited Time Offer"): Verify element property value successfully

2023-10-16 14:16:09 - [MESSAGE][PASSED] - Verify element property value successfully

2023-10-16 14:16:09 - [TEST_STEP][PASSED] - verifyElementPropertyValue(getResponse, "offers[12].groups[0].pricingPlans[0].visualElements[13].key", "tag_text"): Verify element property value successfully

2023-10-16 14:16:09 - [MESSAGE][PASSED] - Verify element property value successfully

2023-10-16 14:16:09 - [TEST_STEP][PASSED] - verifyElementPropertyValue(getResponse, "offers[12].groups[0].pricingPlans[0].visualElements[13].value", "Save 40%"): Verify element property value successfully

2023-10-16 14:16:09 - [MESSAGE][PASSED] - Verify element property value successfully

2023-10-16 14:16:09 - [TEST_STEP][PASSED] - verifyElementPropertyValue(getResponse, "offers[12].groups[0].pricingPlans[0].visualElements[12].key", "show_tag"): Verify element property value successfully

2023-10-16 14:16:09 - [MESSAGE][PASSED] - Verify element property value successfully

2023-10-16 14:16:09 - [TEST_STEP][PASSED] - verifyElementPropertyValue(getResponse, "offers[12].groups[0].pricingPlans[0].visualElements[12].value", "true"): Verify element property value successfully

2023-10-16 14:16:09 - [MESSAGE][PASSED] - Verify element property value successfully

2023-10-16 14:16:09 - [TEST_STEP][PASSED] - verifyElementPropertyValue(getResponse, "offers[12].groups[0].pricingPlans[0].pricingPlanData[0].productId", "DZA_B2C_SHAHID_VIP_SPORT_1M"): Verify element property value successfully

2023-10-16 14:16:09 - [MESSAGE][PASSED] - Verify element property value successfully

2023-10-16 14:16:09 - [TEST_STEP][PASSED] - verifyElementPropertyValue(getResponse, "offers[12].groups[0].pricingPlans[0].pricingPlanData[0].paymentMethod", "CREDIT_CARD"): Verify element property value successfully

2023-10-16 14:16:09 - [MESSAGE][PASSED] - Verify element property value successfully

2023-10-16 14:16:09 - [TEST_STEP][PASSED] - verifyElementPropertyValue(getResponse, "offers[12].groups[0].pricingPlans[0].pricingPlanData[0].freeTrialEnabled", "false"): Verify element property value successfully

2023-10-16 14:16:09 - [MESSAGE][PASSED] - Verify element property value successfully

2023-10-16 14:16:09 - [TEST_STEP][PASSED] - verifyElementPropertyValue(getResponse, "offers[12].groups[0].pricingPlans[0].pricingPlanData[0].showIn[0]", "VERTICAL_MODE"): Verify element property value successfully

2023-10-16 14:16:09 - [MESSAGE][PASSED] - Verify element property value successfully

2023-10-16 14:16:09 - [TEST_STEP][PASSED] - verifyElementPropertyValue(getResponse, "offers[12].groups[0].pricingPlans[0].pricingPlanData[0].showIn[1]", "HORIZONTAL_MODE"): Verify element property value successfully

2023-10-16 14:16:09 - [MESSAGE][PASSED] - Verify element property value successfully

2023-10-16 14:16:09 - [TEST_STEP][PASSED] - verifyElementPropertyValue(getResponse, "offers[12].groups[0].pricingPlans[0].pricingPlanData[0].priceLabel", "481"): Verify element property value successfully

2023-10-16 14:16:09 - [MESSAGE][PASSED] - Verify element property value successfully

2023-10-16 14:16:09 - [TEST_STEP][PASSED] - verifyElementPropertyValue(getResponse, "offers[12].groups[0].pricingPlans[0].pricingPlanData[0].currencyLabel", "DZD"): Verify element property value successfully

2023-10-16 14:16:09 - [MESSAGE][PASSED] - Verify element property value successfully

2023-10-16 14:16:09 - [TEST_STEP][PASSED] - verifyElementPropertyValue(getResponse, "offers[12].groups[0].pricingPlans[0].pricingPlanData[0].dealId", "BYG_SPORT_40P_DZA"): Verify element property value successfully

2023-10-16 14:16:09 - [MESSAGE][PASSED] - Verify element property value successfully

2023-10-16 14:16:09 - [TEST_STEP][PASSED] - verifyElementPropertyValue(getResponse, "offers[12].groups[0].pricingPlans[0].pricingPlanData[0].allowedForAcquisition", "true"): Verify element property value successfully

2023-10-16 14:16:09 - [MESSAGE][PASSED] - Verify element property value successfully

2023-10-16 14:16:09 - [TEST_STEP][PASSED] - verifyElementPropertyValue(getResponse, "offers[12].groups[0].pricingPlans[0].pricingPlanData[0].visualElements[0].key", "title"): Verify element property value successfully

2023-10-16 14:16:09 - [MESSAGE][PASSED] - Verify element property value successfully

2023-10-16 14:16:09 - [TEST_STEP][PASSED] - verifyElementPropertyValue(getResponse, "offers[12].groups[0].pricingPlans[0].pricingPlanData[0].visualElements[0].value", "Credit/Debit Card"): Verify element property value successfully

2023-10-16 14:16:09 - [MESSAGE][PASSED] - Verify element property value successfully

2023-10-16 14:16:09 - [TEST_STEP][PASSED] - verifyElementPropertyValue(getResponse, "offers[12].groups[0].pricingPlans[0].pricingPlanData[0].visualElements[1].key", "CTA_text"): Verify element property value successfully

2023-10-16 14:16:09 - [MESSAGE][PASSED] - Verify element property value successfully

2023-10-16 14:16:09 - [TEST_STEP][PASSED] - verifyElementPropertyValue(getResponse, "offers[12].groups[0].pricingPlans[0].pricingPlanData[0].visualElements[1].value", "Subscribe"): Verify element property value successfully

2023-10-16 14:16:09 - [MESSAGE][PASSED] - Verify element property value successfully

2023-10-16 14:16:09 - [TEST_STEP][PASSED] - verifyElementPropertyValue(getResponse, "offers[12].groups[0].pricingPlans[0].pricingPlanData[0].visualElements[2].key", "logo"): Verify element property value successfully

2023-10-16 14:16:09 - [MESSAGE][PASSED] - Verify element property value successfully

2023-10-16 14:16:09 - [TEST_STEP][PASSED] - verifyElementPropertyValue(getResponse, "offers[12].groups[0].pricingPlans[0].pricingPlanData[0].visualElements[2].value", "https://static.s3.shahid.mbc.net/widget-images/icons/iconCreditCard.png"): Verify element property value successfully

2023-10-16 14:16:09 - [MESSAGE][PASSED] - Verify element property value successfully

2023-10-16 14:16:09 - [TEST_STEP][PASSED] - verifyElementPropertyValue(getResponse, "offers[13].offerId", "byg-sport-50-offer"): Verify element property value successfully

2023-10-16 14:16:09 - [MESSAGE][PASSED] - Verify element property value successfully

2023-10-16 14:16:09 - [TEST_STEP][PASSED] - verifyElementPropertyValue(getResponse, "offers[13].offerParam", "bygsportsoffer50"): Verify element property value successfully

2023-10-16 14:16:09 - [MESSAGE][PASSED] - Verify element property value successfully

2023-10-16 14:16:09 - [TEST_STEP][PASSED] - verifyElementPropertyValue(getResponse, "offers[13].groups[0].pricingPlans[0].featured", "true"): Verify element property value successfully

2023-10-16 14:16:09 - [MESSAGE][PASSED] - Verify element property value successfully

2023-10-16 14:16:09 - [TEST_STEP][PASSED] - verifyElementPropertyValue(getResponse, "offers[13].groups[0].pricingPlans[0].period", "monthly"): Verify element property value successfully

2023-10-16 14:16:09 - [MESSAGE][PASSED] - Verify element property value successfully

2023-10-16 14:16:09 - [TEST_STEP][PASSED] - verifyElementPropertyValue(getResponse, "offers[13].groups[0].pricingPlans[0].featured", "true"): Verify element property value successfully

2023-10-16 14:16:09 - [MESSAGE][PASSED] - Verify element property value successfully

2023-10-16 14:16:09 - [TEST_STEP][PASSED] - verifyElementPropertyValue(getResponse, "offers[13].groups[0].pricingPlans[0].price", "401.0"): Verify element property value successfully

2023-10-16 14:16:09 - [MESSAGE][PASSED] - Verify element property value successfully

2023-10-16 14:16:09 - [TEST_STEP][PASSED] - verifyElementPropertyValue(getResponse, "offers[13].groups[0].pricingPlans[0].currency", "DZD"): Verify element property value successfully

2023-10-16 14:16:09 - [MESSAGE][PASSED] - Verify element property value successfully

2023-10-16 14:16:09 - [TEST_STEP][PASSED] - verifyElementPropertyValue(getResponse, "offers[13].groups[0].pricingPlans[0].order", "0"): Verify element property value successfully

2023-10-16 14:16:09 - [MESSAGE][PASSED] - Verify element property value successfully

2023-10-16 14:16:09 - [TEST_STEP][PASSED] - verifyElementPropertyValue(getResponse, "offers[13].groups[0].pricingPlans[0].packageId", "SHAHID_VIP_SPORT"): Verify element property value successfully

2023-10-16 14:16:09 - [MESSAGE][PASSED] - Verify element property value successfully

2023-10-16 14:16:09 - [TEST_STEP][PASSED] - verifyElementPropertyValue(getResponse, "offers[13].groups[0].pricingPlans[0].catalogId", "SPORT"): Verify element property value successfully

2023-10-16 14:16:09 - [MESSAGE][PASSED] - Verify element property value successfully

2023-10-16 14:16:09 - [TEST_STEP][PASSED] - verifyElementPropertyValue(getResponse, "offers[13].groups[0].pricingPlans[0].visualElements[0].key", "Header_1_text"): Verify element property value successfully

2023-10-16 14:16:09 - [MESSAGE][PASSED] - Verify element property value successfully

2023-10-16 14:16:09 - [TEST_STEP][PASSED] - verifyElementPropertyValue(getResponse, "offers[13].groups[0].pricingPlans[0].visualElements[0].value", "Watch the most powerful series and movies exclusively without stopping"): Verify element property value successfully

2023-10-16 14:16:09 - [MESSAGE][PASSED] - Verify element property value successfully

2023-10-16 14:16:09 - [TEST_STEP][PASSED] - verifyElementPropertyValue(getResponse, "offers[13].groups[0].pricingPlans[0].visualElements[1].key", "display_title"): Verify element property value successfully

2023-10-16 14:16:09 - [MESSAGE][PASSED] - Verify element property value successfully

2023-10-16 14:16:09 - [TEST_STEP][FAILED] - verifyElementPropertyValue(getResponse, "offers[13].groups[0].pricingPlans[0].visualElements[1].value", "50% Discount Offer"): Expected element property value '50% Discount Offer' is not equal with actual property value '50% Discount Offer​'

2023-10-16 14:16:09 - [MESSAGE][FAILED] - Expected element property value '50% Discount Offer' is not equal with actual property value '50% Discount Offer​'

2023-10-16 14:16:09 - [TEST_STEP][PASSED] - verifyElementPropertyValue(getResponse, "offers[13].groups[0].pricingPlans[0].visualElements[3].key", "deduction_text"): Verify element property value successfully

2023-10-16 14:16:09 - [MESSAGE][PASSED] - Verify element property value successfully

2023-10-16 14:16:09 - [TEST_STEP][PASSED] - verifyElementPropertyValue(getResponse, "offers[13].groups[0].pricingPlans[0].visualElements[3].value", "billed every month"): Verify element property value successfully

2023-10-16 14:16:09 - [MESSAGE][PASSED] - Verify element property value successfully

2023-10-16 14:16:09 - [TEST_STEP][PASSED] - verifyElementPropertyValue(getResponse, "offers[13].groups[0].pricingPlans[0].visualElements[6].key", "show_payment_logo"): Verify element property value successfully

2023-10-16 14:16:09 - [MESSAGE][PASSED] - Verify element property value successfully

2023-10-16 14:16:09 - [TEST_STEP][PASSED] - verifyElementPropertyValue(getResponse, "offers[13].groups[0].pricingPlans[0].visualElements[6].value", "true"): Verify element property value successfully

2023-10-16 14:16:09 - [MESSAGE][PASSED] - Verify element property value successfully

2023-10-16 14:16:09 - [TEST_STEP][PASSED] - verifyElementPropertyValue(getResponse, "offers[13].groups[0].pricingPlans[0].visualElements[8].key", "price"): Verify element property value successfully

2023-10-16 14:16:10 - [MESSAGE][PASSED] - Verify element property value successfully

2023-10-16 14:16:10 - [TEST_STEP][PASSED] - verifyElementPropertyValue(getResponse, "offers[13].groups[0].pricingPlans[0].visualElements[8].value", "401"): Verify element property value successfully

2023-10-16 14:16:10 - [MESSAGE][PASSED] - Verify element property value successfully

2023-10-16 14:16:10 - [TEST_STEP][PASSED] - verifyElementPropertyValue(getResponse, "offers[13].groups[0].pricingPlans[0].visualElements[9].key", "currency"): Verify element property value successfully

2023-10-16 14:16:10 - [MESSAGE][PASSED] - Verify element property value successfully

2023-10-16 14:16:10 - [TEST_STEP][PASSED] - verifyElementPropertyValue(getResponse, "offers[13].groups[0].pricingPlans[0].visualElements[9].value", "DZD"): Verify element property value successfully

2023-10-16 14:16:10 - [MESSAGE][PASSED] - Verify element property value successfully

2023-10-16 14:16:10 - [TEST_STEP][PASSED] - verifyElementPropertyValue(getResponse, "offers[13].groups[0].pricingPlans[0].visualElements[10].key", "duration"): Verify element property value successfully

2023-10-16 14:16:10 - [MESSAGE][PASSED] - Verify element property value successfully

2023-10-16 14:16:10 - [TEST_STEP][PASSED] - verifyElementPropertyValue(getResponse, "offers[13].groups[0].pricingPlans[0].visualElements[10].value", "Monthly"): Verify element property value successfully

2023-10-16 14:16:10 - [MESSAGE][PASSED] - Verify element property value successfully

2023-10-16 14:16:10 - [TEST_STEP][PASSED] - verifyElementPropertyValue(getResponse, "offers[13].groups[0].pricingPlans[0].visualElements[11].key", "featured_tag_text"): Verify element property value successfully

2023-10-16 14:16:10 - [MESSAGE][PASSED] - Verify element property value successfully

2023-10-16 14:16:10 - [TEST_STEP][PASSED] - verifyElementPropertyValue(getResponse, "offers[13].groups[0].pricingPlans[0].visualElements[11].value", "Limited Time Offer"): Verify element property value successfully

2023-10-16 14:16:10 - [MESSAGE][PASSED] - Verify element property value successfully

2023-10-16 14:16:10 - [TEST_STEP][PASSED] - verifyElementPropertyValue(getResponse, "offers[13].groups[0].pricingPlans[0].visualElements[13].key", "tag_text"): Verify element property value successfully

2023-10-16 14:16:10 - [MESSAGE][PASSED] - Verify element property value successfully

2023-10-16 14:16:10 - [TEST_STEP][PASSED] - verifyElementPropertyValue(getResponse, "offers[13].groups[0].pricingPlans[0].visualElements[13].value", "Save 50%"): Verify element property value successfully

2023-10-16 14:16:10 - [MESSAGE][PASSED] - Verify element property value successfully

2023-10-16 14:16:10 - [TEST_STEP][PASSED] - verifyElementPropertyValue(getResponse, "offers[13].groups[0].pricingPlans[0].visualElements[12].key", "show_tag"): Verify element property value successfully

2023-10-16 14:16:10 - [MESSAGE][PASSED] - Verify element property value successfully

2023-10-16 14:16:10 - [TEST_STEP][PASSED] - verifyElementPropertyValue(getResponse, "offers[13].groups[0].pricingPlans[0].visualElements[12].value", "true"): Verify element property value successfully

2023-10-16 14:16:10 - [MESSAGE][PASSED] - Verify element property value successfully

2023-10-16 14:16:10 - [TEST_STEP][PASSED] - verifyElementPropertyValue(getResponse, "offers[13].groups[0].pricingPlans[0].pricingPlanData[0].productId", "DZA_B2C_SHAHID_VIP_SPORT_1M"): Verify element property value successfully

2023-10-16 14:16:10 - [MESSAGE][PASSED] - Verify element property value successfully

2023-10-16 14:16:10 - [TEST_STEP][PASSED] - verifyElementPropertyValue(getResponse, "offers[13].groups[0].pricingPlans[0].pricingPlanData[0].paymentMethod", "CREDIT_CARD"): Verify element property value successfully

2023-10-16 14:16:10 - [MESSAGE][PASSED] - Verify element property value successfully

2023-10-16 14:16:10 - [TEST_STEP][PASSED] - verifyElementPropertyValue(getResponse, "offers[13].groups[0].pricingPlans[0].pricingPlanData[0].freeTrialEnabled", "false"): Verify element property value successfully

2023-10-16 14:16:10 - [MESSAGE][PASSED] - Verify element property value successfully

2023-10-16 14:16:10 - [TEST_STEP][PASSED] - verifyElementPropertyValue(getResponse, "offers[13].groups[0].pricingPlans[0].pricingPlanData[0].showIn[0]", "VERTICAL_MODE"): Verify element property value successfully

2023-10-16 14:16:10 - [MESSAGE][PASSED] - Verify element property value successfully

2023-10-16 14:16:10 - [TEST_STEP][PASSED] - verifyElementPropertyValue(getResponse, "offers[13].groups[0].pricingPlans[0].pricingPlanData[0].showIn[1]", "HORIZONTAL_MODE"): Verify element property value successfully

2023-10-16 14:16:10 - [MESSAGE][PASSED] - Verify element property value successfully

2023-10-16 14:16:10 - [TEST_STEP][PASSED] - verifyElementPropertyValue(getResponse, "offers[13].groups[0].pricingPlans[0].pricingPlanData[0].priceLabel", "401"): Verify element property value successfully

2023-10-16 14:16:10 - [MESSAGE][PASSED] - Verify element property value successfully

2023-10-16 14:16:10 - [TEST_STEP][PASSED] - verifyElementPropertyValue(getResponse, "offers[13].groups[0].pricingPlans[0].pricingPlanData[0].currencyLabel", "DZD"): Verify element property value successfully

2023-10-16 14:16:10 - [MESSAGE][PASSED] - Verify element property value successfully

2023-10-16 14:16:10 - [TEST_STEP][PASSED] - verifyElementPropertyValue(getResponse, "offers[13].groups[0].pricingPlans[0].pricingPlanData[0].dealId", "BYG_SPORT_50P_DZA"): Verify element property value successfully

2023-10-16 14:16:10 - [MESSAGE][PASSED] - Verify element property value successfully

2023-10-16 14:16:10 - [TEST_STEP][PASSED] - verifyElementPropertyValue(getResponse, "offers[13].groups[0].pricingPlans[0].pricingPlanData[0].allowedForAcquisition", "true"): Verify element property value successfully

2023-10-16 14:16:10 - [MESSAGE][PASSED] - Verify element property value successfully

2023-10-16 14:16:10 - [TEST_STEP][PASSED] - verifyElementPropertyValue(getResponse, "offers[13].groups[0].pricingPlans[0].pricingPlanData[0].visualElements[0].key", "title"): Verify element property value successfully

2023-10-16 14:16:10 - [MESSAGE][PASSED] - Verify element property value successfully

2023-10-16 14:16:10 - [TEST_STEP][PASSED] - verifyElementPropertyValue(getResponse, "offers[13].groups[0].pricingPlans[0].pricingPlanData[0].visualElements[0].value", "Credit/Debit Card"): Verify element property value successfully

2023-10-16 14:16:10 - [MESSAGE][PASSED] - Verify element property value successfully

2023-10-16 14:16:10 - [TEST_STEP][PASSED] - verifyElementPropertyValue(getResponse, "offers[13].groups[0].pricingPlans[0].pricingPlanData[0].visualElements[1].key", "CTA_text"): Verify element property value successfully

2023-10-16 14:16:10 - [MESSAGE][PASSED] - Verify element property value successfully

2023-10-16 14:16:10 - [TEST_STEP][PASSED] - verifyElementPropertyValue(getResponse, "offers[13].groups[0].pricingPlans[0].pricingPlanData[0].visualElements[1].value", "Subscribe"): Verify element property value successfully

2023-10-16 14:16:10 - [MESSAGE][PASSED] - Verify element property value successfully

2023-10-16 14:16:10 - [TEST_STEP][PASSED] - verifyElementPropertyValue(getResponse, "offers[13].groups[0].pricingPlans[0].pricingPlanData[0].visualElements[2].key", "logo"): Verify element property value successfully

2023-10-16 14:16:10 - [MESSAGE][PASSED] - Verify element property value successfully

2023-10-16 14:16:10 - [TEST_STEP][PASSED] - verifyElementPropertyValue(getResponse, "offers[13].groups[0].pricingPlans[0].pricingPlanData[0].visualElements[2].value", "https://static.s3.shahid.mbc.net/widget-images/icons/iconCreditCard.png"): Verify element property value successfully

2023-10-16 14:16:10 - [MESSAGE][PASSED] - Verify element property value successfully]]></system-out>
         <system-err><![CDATA[2023-10-16 14:16:06 - [TEST_CASE][FAILED] - Test Cases/WEB - CHROME/DZA PI/WEB_EN_getOffersForDZA_SPORT: Test Cases/WEB - CHROME/DZA PI/WEB_EN_getOffersForDZA_SPORT FAILED.
Reason:
com.kms.katalon.core.exception.StepFailedException: Expected element property value '30% Discount Offer' is not equal with actual property value '30% Discount Offer​'
	at com.kms.katalon.core.keyword.internal.KeywordMain.stepFailed(KeywordMain.groovy:39)
	at com.kms.katalon.core.webservice.keyword.builtin.VerifyElementPropertyValueKeyword$_verifyElementPropertyValue_closure1.doCall(VerifyElementPropertyValueKeyword.groovy:56)
	at com.kms.katalon.core.webservice.keyword.builtin.VerifyElementPropertyValueKeyword$_verifyElementPropertyValue_closure1.call(VerifyElementPropertyValueKeyword.groovy)
	at com.kms.katalon.core.keyword.internal.KeywordMain.runKeyword(KeywordMain.groovy:75)
	at com.kms.katalon.core.webservice.keyword.builtin.VerifyElementPropertyValueKeyword.verifyElementPropertyValue(VerifyElementPropertyValueKeyword.groovy:48)
	at com.kms.katalon.core.webservice.keyword.builtin.VerifyElementPropertyValueKeyword.execute(VerifyElementPropertyValueKeyword.groovy:43)
	at com.kms.katalon.core.keyword.internal.KeywordExecutor.executeKeywordForPlatform(KeywordExecutor.groovy:74)
	at com.kms.katalon.core.webservice.keyword.WSBuiltInKeywords.verifyElementPropertyValue(WSBuiltInKeywords.groovy:190)
	at com.kms.katalon.core.webservice.keyword.WSBuiltInKeywords$verifyElementPropertyValue$1.call(Unknown Source)
	at WEB_EN_getOffersForDZA_SPORT.run(WEB_EN_getOffersForDZA_SPORT:45)
	at com.kms.katalon.core.main.ScriptEngine.run(ScriptEngine.java:194)
	at com.kms.katalon.core.main.ScriptEngine.runScriptAsRawText(ScriptEngine.java:119)
	at com.kms.katalon.core.main.TestCaseExecutor.runScript(TestCaseExecutor.java:448)
	at com.kms.katalon.core.main.TestCaseExecutor.doExecute(TestCaseExecutor.java:439)
	at com.kms.katalon.core.main.TestCaseExecutor.processExecutionPhase(TestCaseExecutor.java:418)
	at com.kms.katalon.core.main.TestCaseExecutor.accessMainPhase(TestCaseExecutor.java:410)
	at com.kms.katalon.core.main.TestCaseExecutor.execute(TestCaseExecutor.java:285)
	at com.kms.katalon.core.common.CommonExecutor.accessTestCaseMainPhase(CommonExecutor.java:65)
	at com.kms.katalon.core.main.TestSuiteExecutor.accessTestSuiteMainPhase(TestSuiteExecutor.java:148)
	at com.kms.katalon.core.main.TestSuiteExecutor.execute(TestSuiteExecutor.java:106)
	at com.kms.katalon.core.main.TestCaseMain.startTestSuite(TestCaseMain.java:187)
	at com.kms.katalon.core.main.TestCaseMain$startTestSuite$0.call(Unknown Source)
	at TempTestSuite1697454213703.run(TempTestSuite1697454213703.groovy:36)]]></system-err>
      </testcase>
      <testcase name="Test Cases/WEB - CHROME/DZA PI/WEB_EN_getOffersForDZA_VIP" time="4.718" classname="Test Cases/WEB - CHROME/DZA PI/WEB_EN_getOffersForDZA_VIP" status="FAILED">
         <failure type="FAILED" message="Test Cases/WEB - CHROME/DZA PI/WEB_EN_getOffersForDZA_VIP FAILED.
Reason:
com.kms.katalon.core.exception.StepFailedException: Expected element property value '30% Discount Offer' is not equal with actual property value '30% Discount Offer​'
	at com.kms.katalon.core.keyword.internal.KeywordMain.stepFailed(KeywordMain.groovy:39)
	at com.kms.katalon.core.webservice.keyword.builtin.VerifyElementPropertyValueKeyword$_verifyElementPropertyValue_closure1.doCall(VerifyElementPropertyValueKeyword.groovy:56)
	at com.kms.katalon.core.webservice.keyword.builtin.VerifyElementPropertyValueKeyword$_verifyElementPropertyValue_closure1.call(VerifyElementPropertyValueKeyword.groovy)
	at com.kms.katalon.core.keyword.internal.KeywordMain.runKeyword(KeywordMain.groovy:75)
	at com.kms.katalon.core.webservice.keyword.builtin.VerifyElementPropertyValueKeyword.verifyElementPropertyValue(VerifyElementPropertyValueKeyword.groovy:48)
	at com.kms.katalon.core.webservice.keyword.builtin.VerifyElementPropertyValueKeyword.execute(VerifyElementPropertyValueKeyword.groovy:43)
	at com.kms.katalon.core.keyword.internal.KeywordExecutor.executeKeywordForPlatform(KeywordExecutor.groovy:74)
	at com.kms.katalon.core.webservice.keyword.WSBuiltInKeywords.verifyElementPropertyValue(WSBuiltInKeywords.groovy:190)
	at com.kms.katalon.core.webservice.keyword.WSBuiltInKeywords$verifyElementPropertyValue$1.call(Unknown Source)
	at WEB_EN_getOffersForDZA_VIP.run(WEB_EN_getOffersForDZA_VIP:60)
	at com.kms.katalon.core.main.ScriptEngine.run(ScriptEngine.java:194)
	at com.kms.katalon.core.main.ScriptEngine.runScriptAsRawText(ScriptEngine.java:119)
	at com.kms.katalon.core.main.TestCaseExecutor.runScript(TestCaseExecutor.java:448)
	at com.kms.katalon.core.main.TestCaseExecutor.doExecute(TestCaseExecutor.java:439)
	at com.kms.katalon.core.main.TestCaseExecutor.processExecutionPhase(TestCaseExecutor.java:418)
	at com.kms.katalon.core.main.TestCaseExecutor.accessMainPhase(TestCaseExecutor.java:410)
	at com.kms.katalon.core.main.TestCaseExecutor.execute(TestCaseExecutor.java:285)
	at com.kms.katalon.core.common.CommonExecutor.accessTestCaseMainPhase(CommonExecutor.java:65)
	at com.kms.katalon.core.main.TestSuiteExecutor.accessTestSuiteMainPhase(TestSuiteExecutor.java:148)
	at com.kms.katalon.core.main.TestSuiteExecutor.execute(TestSuiteExecutor.java:106)
	at com.kms.katalon.core.main.TestCaseMain.startTestSuite(TestCaseMain.java:187)
	at com.kms.katalon.core.main.TestCaseMain$startTestSuite$0.call(Unknown Source)
	at TempTestSuite1697454213703.run(TempTestSuite1697454213703.groovy:36)
"/>
         <system-out><![CDATA[2023-10-16 14:16:10 - [TEST_CASE][FAILED] - Test Cases/WEB - CHROME/DZA PI/WEB_EN_getOffersForDZA_VIP: Test Cases/WEB - CHROME/DZA PI/WEB_EN_getOffersForDZA_VIP FAILED.
Reason:
com.kms.katalon.core.exception.StepFailedException: Expected element property value '30% Discount Offer' is not equal with actual property value '30% Discount Offer​'
	at com.kms.katalon.core.keyword.internal.KeywordMain.stepFailed(KeywordMain.groovy:39)
	at com.kms.katalon.core.webservice.keyword.builtin.VerifyElementPropertyValueKeyword$_verifyElementPropertyValue_closure1.doCall(VerifyElementPropertyValueKeyword.groovy:56)
	at com.kms.katalon.core.webservice.keyword.builtin.VerifyElementPropertyValueKeyword$_verifyElementPropertyValue_closure1.call(VerifyElementPropertyValueKeyword.groovy)
	at com.kms.katalon.core.keyword.internal.KeywordMain.runKeyword(KeywordMain.groovy:75)
	at com.kms.katalon.core.webservice.keyword.builtin.VerifyElementPropertyValueKeyword.verifyElementPropertyValue(VerifyElementPropertyValueKeyword.groovy:48)
	at com.kms.katalon.core.webservice.keyword.builtin.VerifyElementPropertyValueKeyword.execute(VerifyElementPropertyValueKeyword.groovy:43)
	at com.kms.katalon.core.keyword.internal.KeywordExecutor.executeKeywordForPlatform(KeywordExecutor.groovy:74)
	at com.kms.katalon.core.webservice.keyword.WSBuiltInKeywords.verifyElementPropertyValue(WSBuiltInKeywords.groovy:190)
	at com.kms.katalon.core.webservice.keyword.WSBuiltInKeywords$verifyElementPropertyValue$1.call(Unknown Source)
	at WEB_EN_getOffersForDZA_VIP.run(WEB_EN_getOffersForDZA_VIP:60)
	at com.kms.katalon.core.main.ScriptEngine.run(ScriptEngine.java:194)
	at com.kms.katalon.core.main.ScriptEngine.runScriptAsRawText(ScriptEngine.java:119)
	at com.kms.katalon.core.main.TestCaseExecutor.runScript(TestCaseExecutor.java:448)
	at com.kms.katalon.core.main.TestCaseExecutor.doExecute(TestCaseExecutor.java:439)
	at com.kms.katalon.core.main.TestCaseExecutor.processExecutionPhase(TestCaseExecutor.java:418)
	at com.kms.katalon.core.main.TestCaseExecutor.accessMainPhase(TestCaseExecutor.java:410)
	at com.kms.katalon.core.main.TestCaseExecutor.execute(TestCaseExecutor.java:285)
	at com.kms.katalon.core.common.CommonExecutor.accessTestCaseMainPhase(CommonExecutor.java:65)
	at com.kms.katalon.core.main.TestSuiteExecutor.accessTestSuiteMainPhase(TestSuiteExecutor.java:148)
	at com.kms.katalon.core.main.TestSuiteExecutor.execute(TestSuiteExecutor.java:106)
	at com.kms.katalon.core.main.TestCaseMain.startTestSuite(TestCaseMain.java:187)
	at com.kms.katalon.core.main.TestCaseMain$startTestSuite$0.call(Unknown Source)
	at TempTestSuite1697454213703.run(TempTestSuite1697454213703.groovy:36)


2023-10-16 14:16:10 - [TEST_STEP][PASSED] - getResponse = config_files.getConfigFile.getConfig("WEB", "EN", "SHAHID_VIP", "DZ", "false"): config_files.getConfigFile.getConfig is PASSED

2023-10-16 14:16:11 - [MESSAGE][INFO] - HAR: /Users/admin/git/shahid-configuration/Reports/20231016_140310/WEB/DZA/20231016_140333/requests/main/7.har

2023-10-16 14:16:11 - [MESSAGE][PASSED] - Send request successfully

2023-10-16 14:16:11 - [MESSAGE][PASSED] - config_files.getConfigFile.getConfig is PASSED

2023-10-16 14:16:11 - [TEST_STEP][PASSED] - verifyResponseStatusCode(getResponse, 200): Verify response status code successfully

2023-10-16 14:16:11 - [MESSAGE][PASSED] - Verify response status code successfully

2023-10-16 14:16:11 - [TEST_STEP][PASSED] - verifyElementPropertyValue(getResponse, "country", "DZA"): Verify element property value successfully

2023-10-16 14:16:11 - [MESSAGE][PASSED] - Verify element property value successfully

2023-10-16 14:16:11 - [TEST_STEP][PASSED] - verifyElementPropertyValue(getResponse, "platform", "[WEB]"): Verify element property value successfully

2023-10-16 14:16:11 - [MESSAGE][PASSED] - Verify element property value successfully

2023-10-16 14:16:11 - [TEST_STEP][PASSED] - verifyElementPropertyValue(getResponse, "offers[0].offerId", "winback-30-offer"): Verify element property value successfully

2023-10-16 14:16:11 - [MESSAGE][PASSED] - Verify element property value successfully

2023-10-16 14:16:11 - [TEST_STEP][PASSED] - verifyElementPropertyValue(getResponse, "offers[0].offerParam", "winback30"): Verify element property value successfully

2023-10-16 14:16:11 - [MESSAGE][PASSED] - Verify element property value successfully

2023-10-16 14:16:11 - [TEST_STEP][PASSED] - verifyElementPropertyValue(getResponse, "offers[0].groups[0].pricingPlans[0].featured", "true"): Verify element property value successfully

2023-10-16 14:16:11 - [MESSAGE][PASSED] - Verify element property value successfully

2023-10-16 14:16:11 - [TEST_STEP][PASSED] - verifyElementPropertyValue(getResponse, "offers[0].groups[0].pricingPlans[0].period", "monthly"): Verify element property value successfully

2023-10-16 14:16:11 - [MESSAGE][PASSED] - Verify element property value successfully

2023-10-16 14:16:11 - [TEST_STEP][PASSED] - verifyElementPropertyValue(getResponse, "offers[0].groups[0].pricingPlans[0].featured", "true"): Verify element property value successfully

2023-10-16 14:16:11 - [MESSAGE][PASSED] - Verify element property value successfully

2023-10-16 14:16:11 - [TEST_STEP][PASSED] - verifyElementPropertyValue(getResponse, "offers[0].groups[0].pricingPlans[0].price", "251.0"): Verify element property value successfully

2023-10-16 14:16:11 - [MESSAGE][PASSED] - Verify element property value successfully

2023-10-16 14:16:11 - [TEST_STEP][PASSED] - verifyElementPropertyValue(getResponse, "offers[0].groups[0].pricingPlans[0].currency", "DZD"): Verify element property value successfully

2023-10-16 14:16:11 - [MESSAGE][PASSED] - Verify element property value successfully

2023-10-16 14:16:11 - [TEST_STEP][PASSED] - verifyElementPropertyValue(getResponse, "offers[0].groups[0].pricingPlans[0].order", "0"): Verify element property value successfully

2023-10-16 14:16:11 - [MESSAGE][PASSED] - Verify element property value successfully

2023-10-16 14:16:11 - [TEST_STEP][PASSED] - verifyElementPropertyValue(getResponse, "offers[0].groups[0].pricingPlans[0].packageId", "SHAHID_VIP"): Verify element property value successfully

2023-10-16 14:16:11 - [MESSAGE][PASSED] - Verify element property value successfully

2023-10-16 14:16:11 - [TEST_STEP][PASSED] - verifyElementPropertyValue(getResponse, "offers[0].groups[0].pricingPlans[0].catalogId", "VIP"): Verify element property value successfully

2023-10-16 14:16:11 - [MESSAGE][PASSED] - Verify element property value successfully

2023-10-16 14:16:11 - [TEST_STEP][PASSED] - verifyElementPropertyValue(getResponse, "offers[0].groups[0].pricingPlans[0].visualElements[0].key", "Header_1_text"): Verify element property value successfully

2023-10-16 14:16:11 - [MESSAGE][PASSED] - Verify element property value successfully

2023-10-16 14:16:11 - [TEST_STEP][PASSED] - verifyElementPropertyValue(getResponse, "offers[0].groups[0].pricingPlans[0].visualElements[0].value", "Watch the most powerful series and movies exclusively without stopping"): Verify element property value successfully

2023-10-16 14:16:11 - [MESSAGE][PASSED] - Verify element property value successfully

2023-10-16 14:16:11 - [TEST_STEP][PASSED] - verifyElementPropertyValue(getResponse, "offers[0].groups[0].pricingPlans[0].visualElements[1].key", "display_title"): Verify element property value successfully

2023-10-16 14:16:11 - [MESSAGE][PASSED] - Verify element property value successfully

2023-10-16 14:16:11 - [TEST_STEP][FAILED] - verifyElementPropertyValue(getResponse, "offers[0].groups[0].pricingPlans[0].visualElements[1].value", "30% Discount Offer"): Expected element property value '30% Discount Offer' is not equal with actual property value '30% Discount Offer​'

2023-10-16 14:16:11 - [MESSAGE][FAILED] - Expected element property value '30% Discount Offer' is not equal with actual property value '30% Discount Offer​'

2023-10-16 14:16:11 - [TEST_STEP][PASSED] - verifyElementPropertyValue(getResponse, "offers[0].groups[0].pricingPlans[0].visualElements[3].key", "deduction_text"): Verify element property value successfully

2023-10-16 14:16:11 - [MESSAGE][PASSED] - Verify element property value successfully

2023-10-16 14:16:11 - [TEST_STEP][PASSED] - verifyElementPropertyValue(getResponse, "offers[0].groups[0].pricingPlans[0].visualElements[3].value", "billed every month"): Verify element property value successfully

2023-10-16 14:16:11 - [MESSAGE][PASSED] - Verify element property value successfully

2023-10-16 14:16:11 - [TEST_STEP][PASSED] - verifyElementPropertyValue(getResponse, "offers[0].groups[0].pricingPlans[0].visualElements[6].key", "show_payment_logo"): Verify element property value successfully

2023-10-16 14:16:11 - [MESSAGE][PASSED] - Verify element property value successfully

2023-10-16 14:16:11 - [TEST_STEP][PASSED] - verifyElementPropertyValue(getResponse, "offers[0].groups[0].pricingPlans[0].visualElements[6].value", "true"): Verify element property value successfully

2023-10-16 14:16:11 - [MESSAGE][PASSED] - Verify element property value successfully

2023-10-16 14:16:11 - [TEST_STEP][PASSED] - verifyElementPropertyValue(getResponse, "offers[0].groups[0].pricingPlans[0].visualElements[8].key", "price"): Verify element property value successfully

2023-10-16 14:16:11 - [MESSAGE][PASSED] - Verify element property value successfully

2023-10-16 14:16:11 - [TEST_STEP][PASSED] - verifyElementPropertyValue(getResponse, "offers[0].groups[0].pricingPlans[0].visualElements[8].value", "251"): Verify element property value successfully

2023-10-16 14:16:11 - [MESSAGE][PASSED] - Verify element property value successfully

2023-10-16 14:16:11 - [TEST_STEP][PASSED] - verifyElementPropertyValue(getResponse, "offers[0].groups[0].pricingPlans[0].visualElements[9].key", "currency"): Verify element property value successfully

2023-10-16 14:16:11 - [MESSAGE][PASSED] - Verify element property value successfully

2023-10-16 14:16:11 - [TEST_STEP][PASSED] - verifyElementPropertyValue(getResponse, "offers[0].groups[0].pricingPlans[0].visualElements[9].value", "DZD"): Verify element property value successfully

2023-10-16 14:16:11 - [MESSAGE][PASSED] - Verify element property value successfully

2023-10-16 14:16:11 - [TEST_STEP][PASSED] - verifyElementPropertyValue(getResponse, "offers[0].groups[0].pricingPlans[0].visualElements[10].key", "duration"): Verify element property value successfully

2023-10-16 14:16:11 - [MESSAGE][PASSED] - Verify element property value successfully

2023-10-16 14:16:11 - [TEST_STEP][PASSED] - verifyElementPropertyValue(getResponse, "offers[0].groups[0].pricingPlans[0].visualElements[10].value", "Monthly"): Verify element property value successfully

2023-10-16 14:16:11 - [MESSAGE][PASSED] - Verify element property value successfully

2023-10-16 14:16:11 - [TEST_STEP][PASSED] - verifyElementPropertyValue(getResponse, "offers[0].groups[0].pricingPlans[0].visualElements[11].key", "featured_tag_text"): Verify element property value successfully

2023-10-16 14:16:11 - [MESSAGE][PASSED] - Verify element property value successfully

2023-10-16 14:16:11 - [TEST_STEP][PASSED] - verifyElementPropertyValue(getResponse, "offers[0].groups[0].pricingPlans[0].visualElements[11].value", "Limited Time Offer"): Verify element property value successfully

2023-10-16 14:16:11 - [MESSAGE][PASSED] - Verify element property value successfully

2023-10-16 14:16:11 - [TEST_STEP][PASSED] - verifyElementPropertyValue(getResponse, "offers[0].groups[0].pricingPlans[0].visualElements[12].key", "show_tag"): Verify element property value successfully

2023-10-16 14:16:11 - [MESSAGE][PASSED] - Verify element property value successfully

2023-10-16 14:16:11 - [TEST_STEP][PASSED] - verifyElementPropertyValue(getResponse, "offers[0].groups[0].pricingPlans[0].visualElements[12].value", "true"): Verify element property value successfully

2023-10-16 14:16:11 - [MESSAGE][PASSED] - Verify element property value successfully

2023-10-16 14:16:11 - [TEST_STEP][PASSED] - verifyElementPropertyValue(getResponse, "offers[0].groups[0].pricingPlans[0].visualElements[13].key", "tag_text"): Verify element property value successfully

2023-10-16 14:16:11 - [MESSAGE][PASSED] - Verify element property value successfully

2023-10-16 14:16:11 - [TEST_STEP][PASSED] - verifyElementPropertyValue(getResponse, "offers[0].groups[0].pricingPlans[0].visualElements[13].value", "Save 30%"): Verify element property value successfully

2023-10-16 14:16:11 - [MESSAGE][PASSED] - Verify element property value successfully

2023-10-16 14:16:11 - [TEST_STEP][PASSED] - verifyElementPropertyValue(getResponse, "offers[0].groups[0].pricingPlans[0].pricingPlanData[0].productId", "DZA_B2C_SHAHID_VIP_1M"): Verify element property value successfully

2023-10-16 14:16:11 - [MESSAGE][PASSED] - Verify element property value successfully

2023-10-16 14:16:11 - [TEST_STEP][PASSED] - verifyElementPropertyValue(getResponse, "offers[0].groups[0].pricingPlans[0].pricingPlanData[0].paymentMethod", "CREDIT_CARD"): Verify element property value successfully

2023-10-16 14:16:11 - [MESSAGE][PASSED] - Verify element property value successfully

2023-10-16 14:16:11 - [TEST_STEP][PASSED] - verifyElementPropertyValue(getResponse, "offers[0].groups[0].pricingPlans[0].pricingPlanData[0].freeTrialEnabled", "false"): Verify element property value successfully

2023-10-16 14:16:11 - [MESSAGE][PASSED] - Verify element property value successfully

2023-10-16 14:16:11 - [TEST_STEP][PASSED] - verifyElementPropertyValue(getResponse, "offers[0].groups[0].pricingPlans[0].pricingPlanData[0].showIn[0]", "VERTICAL_MODE"): Verify element property value successfully

2023-10-16 14:16:11 - [MESSAGE][PASSED] - Verify element property value successfully

2023-10-16 14:16:11 - [TEST_STEP][PASSED] - verifyElementPropertyValue(getResponse, "offers[0].groups[0].pricingPlans[0].pricingPlanData[0].showIn[1]", "HORIZONTAL_MODE"): Verify element property value successfully

2023-10-16 14:16:11 - [MESSAGE][PASSED] - Verify element property value successfully

2023-10-16 14:16:11 - [TEST_STEP][PASSED] - verifyElementPropertyValue(getResponse, "offers[0].groups[0].pricingPlans[0].pricingPlanData[0].priceLabel", "251"): Verify element property value successfully

2023-10-16 14:16:11 - [MESSAGE][PASSED] - Verify element property value successfully

2023-10-16 14:16:11 - [TEST_STEP][PASSED] - verifyElementPropertyValue(getResponse, "offers[0].groups[0].pricingPlans[0].pricingPlanData[0].currencyLabel", "DZD"): Verify element property value successfully

2023-10-16 14:16:11 - [MESSAGE][PASSED] - Verify element property value successfully

2023-10-16 14:16:11 - [TEST_STEP][PASSED] - verifyElementPropertyValue(getResponse, "offers[0].groups[0].pricingPlans[0].pricingPlanData[0].dealId", "RE_30P_DZA"): Verify element property value successfully

2023-10-16 14:16:11 - [MESSAGE][PASSED] - Verify element property value successfully

2023-10-16 14:16:11 - [TEST_STEP][PASSED] - verifyElementPropertyValue(getResponse, "offers[0].groups[0].pricingPlans[0].pricingPlanData[0].allowedForAcquisition", "true"): Verify element property value successfully

2023-10-16 14:16:11 - [MESSAGE][PASSED] - Verify element property value successfully

2023-10-16 14:16:11 - [TEST_STEP][PASSED] - verifyElementPropertyValue(getResponse, "offers[0].groups[0].pricingPlans[0].pricingPlanData[0].visualElements[0].key", "title"): Verify element property value successfully

2023-10-16 14:16:11 - [MESSAGE][PASSED] - Verify element property value successfully

2023-10-16 14:16:11 - [TEST_STEP][PASSED] - verifyElementPropertyValue(getResponse, "offers[0].groups[0].pricingPlans[0].pricingPlanData[0].visualElements[0].value", "Credit/Debit Card"): Verify element property value successfully

2023-10-16 14:16:11 - [MESSAGE][PASSED] - Verify element property value successfully

2023-10-16 14:16:11 - [TEST_STEP][PASSED] - verifyElementPropertyValue(getResponse, "offers[0].groups[0].pricingPlans[0].pricingPlanData[0].visualElements[1].key", "CTA_text"): Verify element property value successfully

2023-10-16 14:16:11 - [MESSAGE][PASSED] - Verify element property value successfully

2023-10-16 14:16:11 - [TEST_STEP][PASSED] - verifyElementPropertyValue(getResponse, "offers[0].groups[0].pricingPlans[0].pricingPlanData[0].visualElements[1].value", "Subscribe"): Verify element property value successfully

2023-10-16 14:16:11 - [MESSAGE][PASSED] - Verify element property value successfully

2023-10-16 14:16:11 - [TEST_STEP][PASSED] - verifyElementPropertyValue(getResponse, "offers[0].groups[0].pricingPlans[0].pricingPlanData[0].visualElements[2].key", "logo"): Verify element property value successfully

2023-10-16 14:16:11 - [MESSAGE][PASSED] - Verify element property value successfully

2023-10-16 14:16:11 - [TEST_STEP][PASSED] - verifyElementPropertyValue(getResponse, "offers[0].groups[0].pricingPlans[0].pricingPlanData[0].visualElements[2].value", "https://static.s3.shahid.mbc.net/widget-images/icons/iconCreditCard.png"): Verify element property value successfully

2023-10-16 14:16:11 - [MESSAGE][PASSED] - Verify element property value successfully

2023-10-16 14:16:11 - [TEST_STEP][PASSED] - verifyElementPropertyValue(getResponse, "offers[1].offerId", "winback-40-offer"): Verify element property value successfully

2023-10-16 14:16:11 - [MESSAGE][PASSED] - Verify element property value successfully

2023-10-16 14:16:11 - [TEST_STEP][PASSED] - verifyElementPropertyValue(getResponse, "offers[1].offerParam", "winback40"): Verify element property value successfully

2023-10-16 14:16:11 - [MESSAGE][PASSED] - Verify element property value successfully

2023-10-16 14:16:11 - [TEST_STEP][PASSED] - verifyElementPropertyValue(getResponse, "offers[1].groups[0].pricingPlans[0].featured", "true"): Verify element property value successfully

2023-10-16 14:16:11 - [MESSAGE][PASSED] - Verify element property value successfully

2023-10-16 14:16:11 - [TEST_STEP][PASSED] - verifyElementPropertyValue(getResponse, "offers[1].groups[0].pricingPlans[0].period", "monthly"): Verify element property value successfully

2023-10-16 14:16:11 - [MESSAGE][PASSED] - Verify element property value successfully

2023-10-16 14:16:11 - [TEST_STEP][PASSED] - verifyElementPropertyValue(getResponse, "offers[1].groups[0].pricingPlans[0].featured", "true"): Verify element property value successfully

2023-10-16 14:16:11 - [MESSAGE][PASSED] - Verify element property value successfully

2023-10-16 14:16:11 - [TEST_STEP][FAILED] - verifyElementPropertyValue(getResponse, "offers[1].groups[0].pricingPlans[0].price", "241.0"): Expected element property value '241.0' is not equal with actual property value '201.0'

2023-10-16 14:16:11 - [MESSAGE][FAILED] - Expected element property value '241.0' is not equal with actual property value '201.0'

2023-10-16 14:16:11 - [TEST_STEP][PASSED] - verifyElementPropertyValue(getResponse, "offers[1].groups[0].pricingPlans[0].currency", "DZD"): Verify element property value successfully

2023-10-16 14:16:11 - [MESSAGE][PASSED] - Verify element property value successfully

2023-10-16 14:16:11 - [TEST_STEP][PASSED] - verifyElementPropertyValue(getResponse, "offers[1].groups[0].pricingPlans[0].order", "0"): Verify element property value successfully

2023-10-16 14:16:11 - [MESSAGE][PASSED] - Verify element property value successfully

2023-10-16 14:16:11 - [TEST_STEP][PASSED] - verifyElementPropertyValue(getResponse, "offers[1].groups[0].pricingPlans[0].packageId", "SHAHID_VIP"): Verify element property value successfully

2023-10-16 14:16:11 - [MESSAGE][PASSED] - Verify element property value successfully

2023-10-16 14:16:11 - [TEST_STEP][PASSED] - verifyElementPropertyValue(getResponse, "offers[1].groups[0].pricingPlans[0].catalogId", "VIP"): Verify element property value successfully

2023-10-16 14:16:11 - [MESSAGE][PASSED] - Verify element property value successfully

2023-10-16 14:16:11 - [TEST_STEP][PASSED] - verifyElementPropertyValue(getResponse, "offers[1].groups[0].pricingPlans[0].visualElements[0].key", "Header_1_text"): Verify element property value successfully

2023-10-16 14:16:11 - [MESSAGE][PASSED] - Verify element property value successfully

2023-10-16 14:16:11 - [TEST_STEP][PASSED] - verifyElementPropertyValue(getResponse, "offers[1].groups[0].pricingPlans[0].visualElements[0].value", "Watch the most powerful series and movies exclusively without stopping"): Verify element property value successfully

2023-10-16 14:16:11 - [MESSAGE][PASSED] - Verify element property value successfully

2023-10-16 14:16:11 - [TEST_STEP][PASSED] - verifyElementPropertyValue(getResponse, "offers[1].groups[0].pricingPlans[0].visualElements[1].key", "display_title"): Verify element property value successfully

2023-10-16 14:16:11 - [MESSAGE][PASSED] - Verify element property value successfully

2023-10-16 14:16:11 - [TEST_STEP][FAILED] - verifyElementPropertyValue(getResponse, "offers[1].groups[0].pricingPlans[0].visualElements[1].value", "40% Discount Offer"): Expected element property value '40% Discount Offer' is not equal with actual property value '40% Discount Offer​'

2023-10-16 14:16:11 - [MESSAGE][FAILED] - Expected element property value '40% Discount Offer' is not equal with actual property value '40% Discount Offer​'

2023-10-16 14:16:11 - [TEST_STEP][PASSED] - verifyElementPropertyValue(getResponse, "offers[1].groups[0].pricingPlans[0].visualElements[3].key", "deduction_text"): Verify element property value successfully

2023-10-16 14:16:11 - [MESSAGE][PASSED] - Verify element property value successfully

2023-10-16 14:16:11 - [TEST_STEP][PASSED] - verifyElementPropertyValue(getResponse, "offers[1].groups[0].pricingPlans[0].visualElements[3].value", "billed every month"): Verify element property value successfully

2023-10-16 14:16:11 - [MESSAGE][PASSED] - Verify element property value successfully

2023-10-16 14:16:11 - [TEST_STEP][PASSED] - verifyElementPropertyValue(getResponse, "offers[1].groups[0].pricingPlans[0].visualElements[6].key", "show_payment_logo"): Verify element property value successfully

2023-10-16 14:16:11 - [MESSAGE][PASSED] - Verify element property value successfully

2023-10-16 14:16:11 - [TEST_STEP][PASSED] - verifyElementPropertyValue(getResponse, "offers[1].groups[0].pricingPlans[0].visualElements[6].value", "true"): Verify element property value successfully

2023-10-16 14:16:11 - [MESSAGE][PASSED] - Verify element property value successfully

2023-10-16 14:16:11 - [TEST_STEP][PASSED] - verifyElementPropertyValue(getResponse, "offers[1].groups[0].pricingPlans[0].visualElements[8].key", "price"): Verify element property value successfully

2023-10-16 14:16:11 - [MESSAGE][PASSED] - Verify element property value successfully

2023-10-16 14:16:11 - [TEST_STEP][FAILED] - verifyElementPropertyValue(getResponse, "offers[1].groups[0].pricingPlans[0].visualElements[8].value", "241"): Expected element property value '241' is not equal with actual property value '201'

2023-10-16 14:16:11 - [MESSAGE][FAILED] - Expected element property value '241' is not equal with actual property value '201'

2023-10-16 14:16:11 - [TEST_STEP][PASSED] - verifyElementPropertyValue(getResponse, "offers[1].groups[0].pricingPlans[0].visualElements[9].key", "currency"): Verify element property value successfully

2023-10-16 14:16:11 - [MESSAGE][PASSED] - Verify element property value successfully

2023-10-16 14:16:11 - [TEST_STEP][PASSED] - verifyElementPropertyValue(getResponse, "offers[1].groups[0].pricingPlans[0].visualElements[9].value", "DZD"): Verify element property value successfully

2023-10-16 14:16:11 - [MESSAGE][PASSED] - Verify element property value successfully

2023-10-16 14:16:11 - [TEST_STEP][PASSED] - verifyElementPropertyValue(getResponse, "offers[1].groups[0].pricingPlans[0].visualElements[10].key", "duration"): Verify element property value successfully

2023-10-16 14:16:11 - [MESSAGE][PASSED] - Verify element property value successfully

2023-10-16 14:16:13 - [TEST_STEP][PASSED] - verifyElementPropertyValue(getResponse, "offers[1].groups[0].pricingPlans[0].visualElements[10].value", "Monthly"): Verify element property value successfully

2023-10-16 14:16:13 - [MESSAGE][PASSED] - Verify element property value successfully

2023-10-16 14:16:13 - [TEST_STEP][PASSED] - verifyElementPropertyValue(getResponse, "offers[1].groups[0].pricingPlans[0].visualElements[11].key", "featured_tag_text"): Verify element property value successfully

2023-10-16 14:16:13 - [MESSAGE][PASSED] - Verify element property value successfully

2023-10-16 14:16:13 - [TEST_STEP][PASSED] - verifyElementPropertyValue(getResponse, "offers[1].groups[0].pricingPlans[0].visualElements[11].value", "Limited Time Offer"): Verify element property value successfully

2023-10-16 14:16:13 - [MESSAGE][PASSED] - Verify element property value successfully

2023-10-16 14:16:13 - [TEST_STEP][PASSED] - verifyElementPropertyValue(getResponse, "offers[1].groups[0].pricingPlans[0].visualElements[13].key", "tag_text"): Verify element property value successfully

2023-10-16 14:16:13 - [MESSAGE][PASSED] - Verify element property value successfully

2023-10-16 14:16:13 - [TEST_STEP][PASSED] - verifyElementPropertyValue(getResponse, "offers[1].groups[0].pricingPlans[0].visualElements[13].value", "Save 40%"): Verify element property value successfully

2023-10-16 14:16:13 - [MESSAGE][PASSED] - Verify element property value successfully

2023-10-16 14:16:13 - [TEST_STEP][PASSED] - verifyElementPropertyValue(getResponse, "offers[1].groups[0].pricingPlans[0].visualElements[12].key", "show_tag"): Verify element property value successfully

2023-10-16 14:16:13 - [MESSAGE][PASSED] - Verify element property value successfully

2023-10-16 14:16:13 - [TEST_STEP][PASSED] - verifyElementPropertyValue(getResponse, "offers[1].groups[0].pricingPlans[0].visualElements[12].value", "true"): Verify element property value successfully

2023-10-16 14:16:13 - [MESSAGE][PASSED] - Verify element property value successfully

2023-10-16 14:16:13 - [TEST_STEP][PASSED] - verifyElementPropertyValue(getResponse, "offers[1].groups[0].pricingPlans[0].pricingPlanData[0].productId", "DZA_B2C_SHAHID_VIP_1M"): Verify element property value successfully

2023-10-16 14:16:13 - [MESSAGE][PASSED] - Verify element property value successfully

2023-10-16 14:16:13 - [TEST_STEP][PASSED] - verifyElementPropertyValue(getResponse, "offers[1].groups[0].pricingPlans[0].pricingPlanData[0].paymentMethod", "CREDIT_CARD"): Verify element property value successfully

2023-10-16 14:16:13 - [MESSAGE][PASSED] - Verify element property value successfully

2023-10-16 14:16:13 - [TEST_STEP][PASSED] - verifyElementPropertyValue(getResponse, "offers[1].groups[0].pricingPlans[0].pricingPlanData[0].freeTrialEnabled", "false"): Verify element property value successfully

2023-10-16 14:16:13 - [MESSAGE][PASSED] - Verify element property value successfully

2023-10-16 14:16:13 - [TEST_STEP][PASSED] - verifyElementPropertyValue(getResponse, "offers[1].groups[0].pricingPlans[0].pricingPlanData[0].showIn[0]", "VERTICAL_MODE"): Verify element property value successfully

2023-10-16 14:16:13 - [MESSAGE][PASSED] - Verify element property value successfully

2023-10-16 14:16:13 - [TEST_STEP][PASSED] - verifyElementPropertyValue(getResponse, "offers[1].groups[0].pricingPlans[0].pricingPlanData[0].showIn[1]", "HORIZONTAL_MODE"): Verify element property value successfully

2023-10-16 14:16:13 - [MESSAGE][PASSED] - Verify element property value successfully

2023-10-16 14:16:13 - [TEST_STEP][FAILED] - verifyElementPropertyValue(getResponse, "offers[1].groups[0].pricingPlans[0].pricingPlanData[0].priceLabel", "241"): Expected element property value '241' is not equal with actual property value '201'

2023-10-16 14:16:13 - [MESSAGE][FAILED] - Expected element property value '241' is not equal with actual property value '201'

2023-10-16 14:16:13 - [TEST_STEP][PASSED] - verifyElementPropertyValue(getResponse, "offers[1].groups[0].pricingPlans[0].pricingPlanData[0].currencyLabel", "DZD"): Verify element property value successfully

2023-10-16 14:16:13 - [MESSAGE][PASSED] - Verify element property value successfully

2023-10-16 14:16:13 - [TEST_STEP][PASSED] - verifyElementPropertyValue(getResponse, "offers[1].groups[0].pricingPlans[0].pricingPlanData[0].dealId", "RE_40P_DZA"): Verify element property value successfully

2023-10-16 14:16:13 - [MESSAGE][PASSED] - Verify element property value successfully

2023-10-16 14:16:13 - [TEST_STEP][PASSED] - verifyElementPropertyValue(getResponse, "offers[1].groups[0].pricingPlans[0].pricingPlanData[0].allowedForAcquisition", "true"): Verify element property value successfully

2023-10-16 14:16:13 - [MESSAGE][PASSED] - Verify element property value successfully

2023-10-16 14:16:13 - [TEST_STEP][PASSED] - verifyElementPropertyValue(getResponse, "offers[1].groups[0].pricingPlans[0].pricingPlanData[0].visualElements[0].key", "title"): Verify element property value successfully

2023-10-16 14:16:13 - [MESSAGE][PASSED] - Verify element property value successfully

2023-10-16 14:16:13 - [TEST_STEP][PASSED] - verifyElementPropertyValue(getResponse, "offers[1].groups[0].pricingPlans[0].pricingPlanData[0].visualElements[0].value", "Credit/Debit Card"): Verify element property value successfully

2023-10-16 14:16:13 - [MESSAGE][PASSED] - Verify element property value successfully

2023-10-16 14:16:13 - [TEST_STEP][PASSED] - verifyElementPropertyValue(getResponse, "offers[1].groups[0].pricingPlans[0].pricingPlanData[0].visualElements[1].key", "CTA_text"): Verify element property value successfully

2023-10-16 14:16:13 - [MESSAGE][PASSED] - Verify element property value successfully

2023-10-16 14:16:13 - [TEST_STEP][PASSED] - verifyElementPropertyValue(getResponse, "offers[1].groups[0].pricingPlans[0].pricingPlanData[0].visualElements[1].value", "Subscribe"): Verify element property value successfully

2023-10-16 14:16:13 - [MESSAGE][PASSED] - Verify element property value successfully

2023-10-16 14:16:13 - [TEST_STEP][PASSED] - verifyElementPropertyValue(getResponse, "offers[1].groups[0].pricingPlans[0].pricingPlanData[0].visualElements[2].key", "logo"): Verify element property value successfully

2023-10-16 14:16:13 - [MESSAGE][PASSED] - Verify element property value successfully

2023-10-16 14:16:13 - [TEST_STEP][PASSED] - verifyElementPropertyValue(getResponse, "offers[1].groups[0].pricingPlans[0].pricingPlanData[0].visualElements[2].value", "https://static.s3.shahid.mbc.net/widget-images/icons/iconCreditCard.png"): Verify element property value successfully

2023-10-16 14:16:13 - [MESSAGE][PASSED] - Verify element property value successfully

2023-10-16 14:16:13 - [TEST_STEP][PASSED] - verifyElementPropertyValue(getResponse, "offers[2].offerId", "winback-50-offer"): Verify element property value successfully

2023-10-16 14:16:13 - [MESSAGE][PASSED] - Verify element property value successfully

2023-10-16 14:16:13 - [TEST_STEP][PASSED] - verifyElementPropertyValue(getResponse, "offers[2].offerParam", "winback50"): Verify element property value successfully

2023-10-16 14:16:13 - [MESSAGE][PASSED] - Verify element property value successfully

2023-10-16 14:16:13 - [TEST_STEP][PASSED] - verifyElementPropertyValue(getResponse, "offers[2].groups[0].pricingPlans[0].featured", "true"): Verify element property value successfully

2023-10-16 14:16:13 - [MESSAGE][PASSED] - Verify element property value successfully

2023-10-16 14:16:13 - [TEST_STEP][PASSED] - verifyElementPropertyValue(getResponse, "offers[2].groups[0].pricingPlans[0].period", "monthly"): Verify element property value successfully

2023-10-16 14:16:13 - [MESSAGE][PASSED] - Verify element property value successfully

2023-10-16 14:16:13 - [TEST_STEP][PASSED] - verifyElementPropertyValue(getResponse, "offers[2].groups[0].pricingPlans[0].featured", "true"): Verify element property value successfully

2023-10-16 14:16:13 - [MESSAGE][PASSED] - Verify element property value successfully

2023-10-16 14:16:13 - [TEST_STEP][PASSED] - verifyElementPropertyValue(getResponse, "offers[2].groups[0].pricingPlans[0].price", "201.0"): Verify element property value successfully

2023-10-16 14:16:13 - [MESSAGE][PASSED] - Verify element property value successfully

2023-10-16 14:16:13 - [TEST_STEP][PASSED] - verifyElementPropertyValue(getResponse, "offers[2].groups[0].pricingPlans[0].currency", "DZD"): Verify element property value successfully

2023-10-16 14:16:13 - [MESSAGE][PASSED] - Verify element property value successfully

2023-10-16 14:16:13 - [TEST_STEP][PASSED] - verifyElementPropertyValue(getResponse, "offers[2].groups[0].pricingPlans[0].order", "0"): Verify element property value successfully

2023-10-16 14:16:13 - [MESSAGE][PASSED] - Verify element property value successfully

2023-10-16 14:16:13 - [TEST_STEP][PASSED] - verifyElementPropertyValue(getResponse, "offers[2].groups[0].pricingPlans[0].packageId", "SHAHID_VIP"): Verify element property value successfully

2023-10-16 14:16:13 - [MESSAGE][PASSED] - Verify element property value successfully

2023-10-16 14:16:13 - [TEST_STEP][PASSED] - verifyElementPropertyValue(getResponse, "offers[2].groups[0].pricingPlans[0].catalogId", "VIP"): Verify element property value successfully

2023-10-16 14:16:13 - [MESSAGE][PASSED] - Verify element property value successfully

2023-10-16 14:16:13 - [TEST_STEP][PASSED] - verifyElementPropertyValue(getResponse, "offers[2].groups[0].pricingPlans[0].visualElements[0].key", "Header_1_text"): Verify element property value successfully

2023-10-16 14:16:13 - [MESSAGE][PASSED] - Verify element property value successfully

2023-10-16 14:16:13 - [TEST_STEP][PASSED] - verifyElementPropertyValue(getResponse, "offers[2].groups[0].pricingPlans[0].visualElements[0].value", "Watch the most powerful series and movies exclusively without stopping"): Verify element property value successfully

2023-10-16 14:16:13 - [MESSAGE][PASSED] - Verify element property value successfully

2023-10-16 14:16:13 - [TEST_STEP][PASSED] - verifyElementPropertyValue(getResponse, "offers[2].groups[0].pricingPlans[0].visualElements[1].key", "display_title"): Verify element property value successfully

2023-10-16 14:16:13 - [MESSAGE][PASSED] - Verify element property value successfully

2023-10-16 14:16:13 - [TEST_STEP][FAILED] - verifyElementPropertyValue(getResponse, "offers[2].groups[0].pricingPlans[0].visualElements[1].value", "50% Discount Offer"): Expected element property value '50% Discount Offer' is not equal with actual property value '50% Discount Offer​'

2023-10-16 14:16:13 - [MESSAGE][FAILED] - Expected element property value '50% Discount Offer' is not equal with actual property value '50% Discount Offer​'

2023-10-16 14:16:13 - [TEST_STEP][PASSED] - verifyElementPropertyValue(getResponse, "offers[2].groups[0].pricingPlans[0].visualElements[3].key", "deduction_text"): Verify element property value successfully

2023-10-16 14:16:13 - [MESSAGE][PASSED] - Verify element property value successfully

2023-10-16 14:16:13 - [TEST_STEP][PASSED] - verifyElementPropertyValue(getResponse, "offers[2].groups[0].pricingPlans[0].visualElements[3].value", "billed every month"): Verify element property value successfully

2023-10-16 14:16:13 - [MESSAGE][PASSED] - Verify element property value successfully

2023-10-16 14:16:13 - [TEST_STEP][PASSED] - verifyElementPropertyValue(getResponse, "offers[2].groups[0].pricingPlans[0].visualElements[6].key", "show_payment_logo"): Verify element property value successfully

2023-10-16 14:16:13 - [MESSAGE][PASSED] - Verify element property value successfully

2023-10-16 14:16:13 - [TEST_STEP][PASSED] - verifyElementPropertyValue(getResponse, "offers[2].groups[0].pricingPlans[0].visualElements[6].value", "true"): Verify element property value successfully

2023-10-16 14:16:13 - [MESSAGE][PASSED] - Verify element property value successfully

2023-10-16 14:16:13 - [TEST_STEP][PASSED] - verifyElementPropertyValue(getResponse, "offers[2].groups[0].pricingPlans[0].visualElements[8].key", "price"): Verify element property value successfully

2023-10-16 14:16:13 - [MESSAGE][PASSED] - Verify element property value successfully

2023-10-16 14:16:13 - [TEST_STEP][PASSED] - verifyElementPropertyValue(getResponse, "offers[2].groups[0].pricingPlans[0].visualElements[8].value", "201"): Verify element property value successfully

2023-10-16 14:16:13 - [MESSAGE][PASSED] - Verify element property value successfully

2023-10-16 14:16:13 - [TEST_STEP][PASSED] - verifyElementPropertyValue(getResponse, "offers[2].groups[0].pricingPlans[0].visualElements[9].key", "currency"): Verify element property value successfully

2023-10-16 14:16:13 - [MESSAGE][PASSED] - Verify element property value successfully

2023-10-16 14:16:13 - [TEST_STEP][PASSED] - verifyElementPropertyValue(getResponse, "offers[2].groups[0].pricingPlans[0].visualElements[9].value", "DZD"): Verify element property value successfully

2023-10-16 14:16:13 - [MESSAGE][PASSED] - Verify element property value successfully

2023-10-16 14:16:13 - [TEST_STEP][PASSED] - verifyElementPropertyValue(getResponse, "offers[2].groups[0].pricingPlans[0].visualElements[10].key", "duration"): Verify element property value successfully

2023-10-16 14:16:13 - [MESSAGE][PASSED] - Verify element property value successfully

2023-10-16 14:16:13 - [TEST_STEP][PASSED] - verifyElementPropertyValue(getResponse, "offers[2].groups[0].pricingPlans[0].visualElements[10].value", "Monthly"): Verify element property value successfully

2023-10-16 14:16:13 - [MESSAGE][PASSED] - Verify element property value successfully

2023-10-16 14:16:13 - [TEST_STEP][PASSED] - verifyElementPropertyValue(getResponse, "offers[2].groups[0].pricingPlans[0].visualElements[11].key", "featured_tag_text"): Verify element property value successfully

2023-10-16 14:16:13 - [MESSAGE][PASSED] - Verify element property value successfully

2023-10-16 14:16:13 - [TEST_STEP][PASSED] - verifyElementPropertyValue(getResponse, "offers[2].groups[0].pricingPlans[0].visualElements[11].value", "Limited Time Offer"): Verify element property value successfully

2023-10-16 14:16:13 - [MESSAGE][PASSED] - Verify element property value successfully

2023-10-16 14:16:13 - [TEST_STEP][PASSED] - verifyElementPropertyValue(getResponse, "offers[2].groups[0].pricingPlans[0].visualElements[13].key", "tag_text"): Verify element property value successfully

2023-10-16 14:16:13 - [MESSAGE][PASSED] - Verify element property value successfully

2023-10-16 14:16:13 - [TEST_STEP][PASSED] - verifyElementPropertyValue(getResponse, "offers[2].groups[0].pricingPlans[0].visualElements[13].value", "Save 50%"): Verify element property value successfully

2023-10-16 14:16:13 - [MESSAGE][PASSED] - Verify element property value successfully

2023-10-16 14:16:13 - [TEST_STEP][PASSED] - verifyElementPropertyValue(getResponse, "offers[2].groups[0].pricingPlans[0].visualElements[12].key", "show_tag"): Verify element property value successfully

2023-10-16 14:16:13 - [MESSAGE][PASSED] - Verify element property value successfully

2023-10-16 14:16:13 - [TEST_STEP][PASSED] - verifyElementPropertyValue(getResponse, "offers[2].groups[0].pricingPlans[0].visualElements[12].value", "true"): Verify element property value successfully

2023-10-16 14:16:13 - [MESSAGE][PASSED] - Verify element property value successfully

2023-10-16 14:16:13 - [TEST_STEP][PASSED] - verifyElementPropertyValue(getResponse, "offers[2].groups[0].pricingPlans[0].pricingPlanData[0].productId", "DZA_B2C_SHAHID_VIP_1M"): Verify element property value successfully

2023-10-16 14:16:13 - [MESSAGE][PASSED] - Verify element property value successfully

2023-10-16 14:16:13 - [TEST_STEP][PASSED] - verifyElementPropertyValue(getResponse, "offers[2].groups[0].pricingPlans[0].pricingPlanData[0].paymentMethod", "CREDIT_CARD"): Verify element property value successfully

2023-10-16 14:16:13 - [MESSAGE][PASSED] - Verify element property value successfully

2023-10-16 14:16:13 - [TEST_STEP][PASSED] - verifyElementPropertyValue(getResponse, "offers[2].groups[0].pricingPlans[0].pricingPlanData[0].freeTrialEnabled", "false"): Verify element property value successfully

2023-10-16 14:16:13 - [MESSAGE][PASSED] - Verify element property value successfully

2023-10-16 14:16:13 - [TEST_STEP][PASSED] - verifyElementPropertyValue(getResponse, "offers[2].groups[0].pricingPlans[0].pricingPlanData[0].showIn[0]", "VERTICAL_MODE"): Verify element property value successfully

2023-10-16 14:16:13 - [MESSAGE][PASSED] - Verify element property value successfully

2023-10-16 14:16:13 - [TEST_STEP][PASSED] - verifyElementPropertyValue(getResponse, "offers[2].groups[0].pricingPlans[0].pricingPlanData[0].showIn[1]", "HORIZONTAL_MODE"): Verify element property value successfully

2023-10-16 14:16:13 - [MESSAGE][PASSED] - Verify element property value successfully

2023-10-16 14:16:13 - [TEST_STEP][PASSED] - verifyElementPropertyValue(getResponse, "offers[2].groups[0].pricingPlans[0].pricingPlanData[0].priceLabel", "201"): Verify element property value successfully

2023-10-16 14:16:13 - [MESSAGE][PASSED] - Verify element property value successfully

2023-10-16 14:16:13 - [TEST_STEP][PASSED] - verifyElementPropertyValue(getResponse, "offers[2].groups[0].pricingPlans[0].pricingPlanData[0].currencyLabel", "DZD"): Verify element property value successfully

2023-10-16 14:16:13 - [MESSAGE][PASSED] - Verify element property value successfully

2023-10-16 14:16:13 - [TEST_STEP][PASSED] - verifyElementPropertyValue(getResponse, "offers[2].groups[0].pricingPlans[0].pricingPlanData[0].dealId", "RE_50P_DZA"): Verify element property value successfully

2023-10-16 14:16:13 - [MESSAGE][PASSED] - Verify element property value successfully

2023-10-16 14:16:13 - [TEST_STEP][PASSED] - verifyElementPropertyValue(getResponse, "offers[2].groups[0].pricingPlans[0].pricingPlanData[0].allowedForAcquisition", "true"): Verify element property value successfully

2023-10-16 14:16:13 - [MESSAGE][PASSED] - Verify element property value successfully

2023-10-16 14:16:13 - [TEST_STEP][PASSED] - verifyElementPropertyValue(getResponse, "offers[2].groups[0].pricingPlans[0].pricingPlanData[0].visualElements[0].key", "title"): Verify element property value successfully

2023-10-16 14:16:13 - [MESSAGE][PASSED] - Verify element property value successfully

2023-10-16 14:16:13 - [TEST_STEP][PASSED] - verifyElementPropertyValue(getResponse, "offers[2].groups[0].pricingPlans[0].pricingPlanData[0].visualElements[0].value", "Credit/Debit Card"): Verify element property value successfully

2023-10-16 14:16:13 - [MESSAGE][PASSED] - Verify element property value successfully

2023-10-16 14:16:13 - [TEST_STEP][PASSED] - verifyElementPropertyValue(getResponse, "offers[2].groups[0].pricingPlans[0].pricingPlanData[0].visualElements[1].key", "CTA_text"): Verify element property value successfully

2023-10-16 14:16:13 - [MESSAGE][PASSED] - Verify element property value successfully

2023-10-16 14:16:13 - [TEST_STEP][PASSED] - verifyElementPropertyValue(getResponse, "offers[2].groups[0].pricingPlans[0].pricingPlanData[0].visualElements[1].value", "Subscribe"): Verify element property value successfully

2023-10-16 14:16:13 - [MESSAGE][PASSED] - Verify element property value successfully

2023-10-16 14:16:13 - [TEST_STEP][PASSED] - verifyElementPropertyValue(getResponse, "offers[2].groups[0].pricingPlans[0].pricingPlanData[0].visualElements[2].key", "logo"): Verify element property value successfully

2023-10-16 14:16:13 - [MESSAGE][PASSED] - Verify element property value successfully

2023-10-16 14:16:13 - [TEST_STEP][PASSED] - verifyElementPropertyValue(getResponse, "offers[2].groups[0].pricingPlans[0].pricingPlanData[0].visualElements[2].value", "https://static.s3.shahid.mbc.net/widget-images/icons/iconCreditCard.png"): Verify element property value successfully

2023-10-16 14:16:13 - [MESSAGE][PASSED] - Verify element property value successfully

2023-10-16 14:16:13 - [TEST_STEP][PASSED] - verifyElementPropertyValue(getResponse, "offers[8].offerId", "byg-30-offer"): Verify element property value successfully

2023-10-16 14:16:13 - [MESSAGE][PASSED] - Verify element property value successfully

2023-10-16 14:16:13 - [TEST_STEP][PASSED] - verifyElementPropertyValue(getResponse, "offers[8].offerParam", "bygoffer30"): Verify element property value successfully

2023-10-16 14:16:13 - [MESSAGE][PASSED] - Verify element property value successfully

2023-10-16 14:16:13 - [TEST_STEP][PASSED] - verifyElementPropertyValue(getResponse, "offers[8].groups[0].pricingPlans[0].featured", "true"): Verify element property value successfully

2023-10-16 14:16:13 - [MESSAGE][PASSED] - Verify element property value successfully

2023-10-16 14:16:13 - [TEST_STEP][PASSED] - verifyElementPropertyValue(getResponse, "offers[8].groups[0].pricingPlans[0].period", "monthly"): Verify element property value successfully

2023-10-16 14:16:13 - [MESSAGE][PASSED] - Verify element property value successfully

2023-10-16 14:16:13 - [TEST_STEP][PASSED] - verifyElementPropertyValue(getResponse, "offers[8].groups[0].pricingPlans[0].featured", "true"): Verify element property value successfully

2023-10-16 14:16:13 - [MESSAGE][PASSED] - Verify element property value successfully

2023-10-16 14:16:13 - [TEST_STEP][FAILED] - verifyElementPropertyValue(getResponse, "offers[8].groups[0].pricingPlans[0].price", "251.0"): Expected element property value '251.0' is not equal with actual property value '281.0'

2023-10-16 14:16:13 - [MESSAGE][FAILED] - Expected element property value '251.0' is not equal with actual property value '281.0'

2023-10-16 14:16:13 - [TEST_STEP][PASSED] - verifyElementPropertyValue(getResponse, "offers[8].groups[0].pricingPlans[0].currency", "DZD"): Verify element property value successfully

2023-10-16 14:16:13 - [MESSAGE][PASSED] - Verify element property value successfully

2023-10-16 14:16:13 - [TEST_STEP][PASSED] - verifyElementPropertyValue(getResponse, "offers[8].groups[0].pricingPlans[0].order", "0"): Verify element property value successfully

2023-10-16 14:16:13 - [MESSAGE][PASSED] - Verify element property value successfully

2023-10-16 14:16:13 - [TEST_STEP][PASSED] - verifyElementPropertyValue(getResponse, "offers[8].groups[0].pricingPlans[0].packageId", "SHAHID_VIP"): Verify element property value successfully

2023-10-16 14:16:13 - [MESSAGE][PASSED] - Verify element property value successfully

2023-10-16 14:16:13 - [TEST_STEP][PASSED] - verifyElementPropertyValue(getResponse, "offers[8].groups[0].pricingPlans[0].catalogId", "VIP"): Verify element property value successfully

2023-10-16 14:16:13 - [MESSAGE][PASSED] - Verify element property value successfully

2023-10-16 14:16:13 - [TEST_STEP][PASSED] - verifyElementPropertyValue(getResponse, "offers[8].groups[0].pricingPlans[0].visualElements[0].key", "Header_1_text"): Verify element property value successfully

2023-10-16 14:16:13 - [MESSAGE][PASSED] - Verify element property value successfully

2023-10-16 14:16:13 - [TEST_STEP][PASSED] - verifyElementPropertyValue(getResponse, "offers[8].groups[0].pricingPlans[0].visualElements[0].value", "Watch the most powerful series and movies exclusively without stopping"): Verify element property value successfully

2023-10-16 14:16:13 - [MESSAGE][PASSED] - Verify element property value successfully

2023-10-16 14:16:13 - [TEST_STEP][PASSED] - verifyElementPropertyValue(getResponse, "offers[8].groups[0].pricingPlans[0].visualElements[1].key", "display_title"): Verify element property value successfully

2023-10-16 14:16:13 - [MESSAGE][PASSED] - Verify element property value successfully

2023-10-16 14:16:13 - [TEST_STEP][FAILED] - verifyElementPropertyValue(getResponse, "offers[8].groups[0].pricingPlans[0].visualElements[1].value", "30% Discount Offer"): Expected element property value '30% Discount Offer' is not equal with actual property value '30% Discount Offer​'

2023-10-16 14:16:13 - [MESSAGE][FAILED] - Expected element property value '30% Discount Offer' is not equal with actual property value '30% Discount Offer​'

2023-10-16 14:16:13 - [TEST_STEP][PASSED] - verifyElementPropertyValue(getResponse, "offers[8].groups[0].pricingPlans[0].visualElements[3].key", "deduction_text"): Verify element property value successfully

2023-10-16 14:16:13 - [MESSAGE][PASSED] - Verify element property value successfully

2023-10-16 14:16:13 - [TEST_STEP][PASSED] - verifyElementPropertyValue(getResponse, "offers[8].groups[0].pricingPlans[0].visualElements[3].value", "billed every month"): Verify element property value successfully

2023-10-16 14:16:13 - [MESSAGE][PASSED] - Verify element property value successfully

2023-10-16 14:16:13 - [TEST_STEP][PASSED] - verifyElementPropertyValue(getResponse, "offers[8].groups[0].pricingPlans[0].visualElements[6].key", "show_payment_logo"): Verify element property value successfully

2023-10-16 14:16:13 - [MESSAGE][PASSED] - Verify element property value successfully

2023-10-16 14:16:13 - [TEST_STEP][PASSED] - verifyElementPropertyValue(getResponse, "offers[8].groups[0].pricingPlans[0].visualElements[6].value", "true"): Verify element property value successfully

2023-10-16 14:16:13 - [MESSAGE][PASSED] - Verify element property value successfully

2023-10-16 14:16:13 - [TEST_STEP][PASSED] - verifyElementPropertyValue(getResponse, "offers[8].groups[0].pricingPlans[0].visualElements[8].key", "price"): Verify element property value successfully

2023-10-16 14:16:13 - [MESSAGE][PASSED] - Verify element property value successfully

2023-10-16 14:16:13 - [TEST_STEP][FAILED] - verifyElementPropertyValue(getResponse, "offers[8].groups[0].pricingPlans[0].visualElements[8].value", "251"): Expected element property value '251' is not equal with actual property value '281'

2023-10-16 14:16:13 - [MESSAGE][FAILED] - Expected element property value '251' is not equal with actual property value '281'

2023-10-16 14:16:13 - [TEST_STEP][PASSED] - verifyElementPropertyValue(getResponse, "offers[8].groups[0].pricingPlans[0].visualElements[9].key", "currency"): Verify element property value successfully

2023-10-16 14:16:13 - [MESSAGE][PASSED] - Verify element property value successfully

2023-10-16 14:16:13 - [TEST_STEP][PASSED] - verifyElementPropertyValue(getResponse, "offers[8].groups[0].pricingPlans[0].visualElements[9].value", "DZD"): Verify element property value successfully

2023-10-16 14:16:13 - [MESSAGE][PASSED] - Verify element property value successfully

2023-10-16 14:16:13 - [TEST_STEP][PASSED] - verifyElementPropertyValue(getResponse, "offers[8].groups[0].pricingPlans[0].visualElements[10].key", "duration"): Verify element property value successfully

2023-10-16 14:16:13 - [MESSAGE][PASSED] - Verify element property value successfully

2023-10-16 14:16:13 - [TEST_STEP][PASSED] - verifyElementPropertyValue(getResponse, "offers[8].groups[0].pricingPlans[0].visualElements[10].value", "Monthly"): Verify element property value successfully

2023-10-16 14:16:13 - [MESSAGE][PASSED] - Verify element property value successfully

2023-10-16 14:16:13 - [TEST_STEP][PASSED] - verifyElementPropertyValue(getResponse, "offers[8].groups[0].pricingPlans[0].visualElements[11].key", "featured_tag_text"): Verify element property value successfully

2023-10-16 14:16:13 - [MESSAGE][PASSED] - Verify element property value successfully

2023-10-16 14:16:13 - [TEST_STEP][PASSED] - verifyElementPropertyValue(getResponse, "offers[8].groups[0].pricingPlans[0].visualElements[11].value", "Limited Time Offer"): Verify element property value successfully

2023-10-16 14:16:13 - [MESSAGE][PASSED] - Verify element property value successfully

2023-10-16 14:16:13 - [TEST_STEP][PASSED] - verifyElementPropertyValue(getResponse, "offers[8].groups[0].pricingPlans[0].visualElements[12].key", "show_tag"): Verify element property value successfully

2023-10-16 14:16:13 - [MESSAGE][PASSED] - Verify element property value successfully

2023-10-16 14:16:13 - [TEST_STEP][PASSED] - verifyElementPropertyValue(getResponse, "offers[8].groups[0].pricingPlans[0].visualElements[12].value", "true"): Verify element property value successfully

2023-10-16 14:16:13 - [MESSAGE][PASSED] - Verify element property value successfully

2023-10-16 14:16:13 - [TEST_STEP][PASSED] - verifyElementPropertyValue(getResponse, "offers[8].groups[0].pricingPlans[0].visualElements[13].key", "tag_text"): Verify element property value successfully

2023-10-16 14:16:13 - [MESSAGE][PASSED] - Verify element property value successfully

2023-10-16 14:16:13 - [TEST_STEP][PASSED] - verifyElementPropertyValue(getResponse, "offers[8].groups[0].pricingPlans[0].visualElements[13].value", "Save 30%"): Verify element property value successfully

2023-10-16 14:16:13 - [MESSAGE][PASSED] - Verify element property value successfully

2023-10-16 14:16:13 - [TEST_STEP][PASSED] - verifyElementPropertyValue(getResponse, "offers[8].groups[0].pricingPlans[0].pricingPlanData[0].productId", "DZA_B2C_SHAHID_VIP_1M"): Verify element property value successfully

2023-10-16 14:16:14 - [MESSAGE][PASSED] - Verify element property value successfully

2023-10-16 14:16:14 - [TEST_STEP][PASSED] - verifyElementPropertyValue(getResponse, "offers[8].groups[0].pricingPlans[0].pricingPlanData[0].paymentMethod", "CREDIT_CARD"): Verify element property value successfully

2023-10-16 14:16:14 - [MESSAGE][PASSED] - Verify element property value successfully

2023-10-16 14:16:14 - [TEST_STEP][PASSED] - verifyElementPropertyValue(getResponse, "offers[8].groups[0].pricingPlans[0].pricingPlanData[0].freeTrialEnabled", "false"): Verify element property value successfully

2023-10-16 14:16:14 - [MESSAGE][PASSED] - Verify element property value successfully

2023-10-16 14:16:14 - [TEST_STEP][PASSED] - verifyElementPropertyValue(getResponse, "offers[8].groups[0].pricingPlans[0].pricingPlanData[0].showIn[0]", "VERTICAL_MODE"): Verify element property value successfully

2023-10-16 14:16:14 - [MESSAGE][PASSED] - Verify element property value successfully

2023-10-16 14:16:14 - [TEST_STEP][PASSED] - verifyElementPropertyValue(getResponse, "offers[8].groups[0].pricingPlans[0].pricingPlanData[0].showIn[1]", "HORIZONTAL_MODE"): Verify element property value successfully

2023-10-16 14:16:14 - [MESSAGE][PASSED] - Verify element property value successfully

2023-10-16 14:16:14 - [TEST_STEP][FAILED] - verifyElementPropertyValue(getResponse, "offers[8].groups[0].pricingPlans[0].pricingPlanData[0].priceLabel", "251"): Expected element property value '251' is not equal with actual property value '281'

2023-10-16 14:16:14 - [MESSAGE][FAILED] - Expected element property value '251' is not equal with actual property value '281'

2023-10-16 14:16:14 - [TEST_STEP][PASSED] - verifyElementPropertyValue(getResponse, "offers[8].groups[0].pricingPlans[0].pricingPlanData[0].currencyLabel", "DZD"): Verify element property value successfully

2023-10-16 14:16:14 - [MESSAGE][PASSED] - Verify element property value successfully

2023-10-16 14:16:14 - [TEST_STEP][PASSED] - verifyElementPropertyValue(getResponse, "offers[8].groups[0].pricingPlans[0].pricingPlanData[0].dealId", "BYG_30P_DZA"): Verify element property value successfully

2023-10-16 14:16:14 - [MESSAGE][PASSED] - Verify element property value successfully

2023-10-16 14:16:14 - [TEST_STEP][PASSED] - verifyElementPropertyValue(getResponse, "offers[8].groups[0].pricingPlans[0].pricingPlanData[0].allowedForAcquisition", "true"): Verify element property value successfully

2023-10-16 14:16:14 - [MESSAGE][PASSED] - Verify element property value successfully

2023-10-16 14:16:14 - [TEST_STEP][PASSED] - verifyElementPropertyValue(getResponse, "offers[8].groups[0].pricingPlans[0].pricingPlanData[0].visualElements[0].key", "title"): Verify element property value successfully

2023-10-16 14:16:14 - [MESSAGE][PASSED] - Verify element property value successfully

2023-10-16 14:16:14 - [TEST_STEP][PASSED] - verifyElementPropertyValue(getResponse, "offers[8].groups[0].pricingPlans[0].pricingPlanData[0].visualElements[0].value", "Credit/Debit Card"): Verify element property value successfully

2023-10-16 14:16:14 - [MESSAGE][PASSED] - Verify element property value successfully

2023-10-16 14:16:14 - [TEST_STEP][PASSED] - verifyElementPropertyValue(getResponse, "offers[8].groups[0].pricingPlans[0].pricingPlanData[0].visualElements[1].key", "CTA_text"): Verify element property value successfully

2023-10-16 14:16:14 - [MESSAGE][PASSED] - Verify element property value successfully

2023-10-16 14:16:14 - [TEST_STEP][PASSED] - verifyElementPropertyValue(getResponse, "offers[8].groups[0].pricingPlans[0].pricingPlanData[0].visualElements[1].value", "Subscribe"): Verify element property value successfully

2023-10-16 14:16:14 - [MESSAGE][PASSED] - Verify element property value successfully

2023-10-16 14:16:14 - [TEST_STEP][PASSED] - verifyElementPropertyValue(getResponse, "offers[8].groups[0].pricingPlans[0].pricingPlanData[0].visualElements[2].key", "logo"): Verify element property value successfully

2023-10-16 14:16:14 - [MESSAGE][PASSED] - Verify element property value successfully

2023-10-16 14:16:14 - [TEST_STEP][PASSED] - verifyElementPropertyValue(getResponse, "offers[8].groups[0].pricingPlans[0].pricingPlanData[0].visualElements[2].value", "https://static.s3.shahid.mbc.net/widget-images/icons/iconCreditCard.png"): Verify element property value successfully

2023-10-16 14:16:14 - [MESSAGE][PASSED] - Verify element property value successfully

2023-10-16 14:16:14 - [TEST_STEP][PASSED] - verifyElementPropertyValue(getResponse, "offers[9].offerId", "byg-40-offer"): Verify element property value successfully

2023-10-16 14:16:14 - [MESSAGE][PASSED] - Verify element property value successfully

2023-10-16 14:16:14 - [TEST_STEP][PASSED] - verifyElementPropertyValue(getResponse, "offers[9].offerParam", "bygoffer40"): Verify element property value successfully

2023-10-16 14:16:14 - [MESSAGE][PASSED] - Verify element property value successfully

2023-10-16 14:16:14 - [TEST_STEP][PASSED] - verifyElementPropertyValue(getResponse, "offers[9].groups[0].pricingPlans[0].featured", "true"): Verify element property value successfully

2023-10-16 14:16:14 - [MESSAGE][PASSED] - Verify element property value successfully

2023-10-16 14:16:14 - [TEST_STEP][PASSED] - verifyElementPropertyValue(getResponse, "offers[9].groups[0].pricingPlans[0].period", "monthly"): Verify element property value successfully

2023-10-16 14:16:14 - [MESSAGE][PASSED] - Verify element property value successfully

2023-10-16 14:16:14 - [TEST_STEP][PASSED] - verifyElementPropertyValue(getResponse, "offers[9].groups[0].pricingPlans[0].featured", "true"): Verify element property value successfully

2023-10-16 14:16:14 - [MESSAGE][PASSED] - Verify element property value successfully

2023-10-16 14:16:14 - [TEST_STEP][PASSED] - verifyElementPropertyValue(getResponse, "offers[9].groups[0].pricingPlans[0].price", "241.0"): Verify element property value successfully

2023-10-16 14:16:14 - [MESSAGE][PASSED] - Verify element property value successfully

2023-10-16 14:16:14 - [TEST_STEP][PASSED] - verifyElementPropertyValue(getResponse, "offers[9].groups[0].pricingPlans[0].currency", "DZD"): Verify element property value successfully

2023-10-16 14:16:14 - [MESSAGE][PASSED] - Verify element property value successfully

2023-10-16 14:16:14 - [TEST_STEP][PASSED] - verifyElementPropertyValue(getResponse, "offers[9].groups[0].pricingPlans[0].order", "0"): Verify element property value successfully

2023-10-16 14:16:14 - [MESSAGE][PASSED] - Verify element property value successfully

2023-10-16 14:16:14 - [TEST_STEP][PASSED] - verifyElementPropertyValue(getResponse, "offers[9].groups[0].pricingPlans[0].packageId", "SHAHID_VIP"): Verify element property value successfully

2023-10-16 14:16:14 - [MESSAGE][PASSED] - Verify element property value successfully

2023-10-16 14:16:14 - [TEST_STEP][PASSED] - verifyElementPropertyValue(getResponse, "offers[9].groups[0].pricingPlans[0].catalogId", "VIP"): Verify element property value successfully

2023-10-16 14:16:14 - [MESSAGE][PASSED] - Verify element property value successfully

2023-10-16 14:16:14 - [TEST_STEP][PASSED] - verifyElementPropertyValue(getResponse, "offers[9].groups[0].pricingPlans[0].visualElements[0].key", "Header_1_text"): Verify element property value successfully

2023-10-16 14:16:14 - [MESSAGE][PASSED] - Verify element property value successfully

2023-10-16 14:16:14 - [TEST_STEP][PASSED] - verifyElementPropertyValue(getResponse, "offers[9].groups[0].pricingPlans[0].visualElements[0].value", "Watch the most powerful series and movies exclusively without stopping"): Verify element property value successfully

2023-10-16 14:16:14 - [MESSAGE][PASSED] - Verify element property value successfully

2023-10-16 14:16:14 - [TEST_STEP][PASSED] - verifyElementPropertyValue(getResponse, "offers[9].groups[0].pricingPlans[0].visualElements[1].key", "display_title"): Verify element property value successfully

2023-10-16 14:16:14 - [MESSAGE][PASSED] - Verify element property value successfully

2023-10-16 14:16:14 - [TEST_STEP][FAILED] - verifyElementPropertyValue(getResponse, "offers[9].groups[0].pricingPlans[0].visualElements[1].value", "40% Discount Offer"): Expected element property value '40% Discount Offer' is not equal with actual property value '40% Discount Offer​'

2023-10-16 14:16:14 - [MESSAGE][FAILED] - Expected element property value '40% Discount Offer' is not equal with actual property value '40% Discount Offer​'

2023-10-16 14:16:14 - [TEST_STEP][PASSED] - verifyElementPropertyValue(getResponse, "offers[9].groups[0].pricingPlans[0].visualElements[3].key", "deduction_text"): Verify element property value successfully

2023-10-16 14:16:14 - [MESSAGE][PASSED] - Verify element property value successfully

2023-10-16 14:16:14 - [TEST_STEP][PASSED] - verifyElementPropertyValue(getResponse, "offers[9].groups[0].pricingPlans[0].visualElements[3].value", "billed every month"): Verify element property value successfully

2023-10-16 14:16:14 - [MESSAGE][PASSED] - Verify element property value successfully

2023-10-16 14:16:14 - [TEST_STEP][PASSED] - verifyElementPropertyValue(getResponse, "offers[9].groups[0].pricingPlans[0].visualElements[6].key", "show_payment_logo"): Verify element property value successfully

2023-10-16 14:16:14 - [MESSAGE][PASSED] - Verify element property value successfully

2023-10-16 14:16:14 - [TEST_STEP][PASSED] - verifyElementPropertyValue(getResponse, "offers[9].groups[0].pricingPlans[0].visualElements[6].value", "true"): Verify element property value successfully

2023-10-16 14:16:14 - [MESSAGE][PASSED] - Verify element property value successfully

2023-10-16 14:16:14 - [TEST_STEP][PASSED] - verifyElementPropertyValue(getResponse, "offers[9].groups[0].pricingPlans[0].visualElements[8].key", "price"): Verify element property value successfully

2023-10-16 14:16:14 - [MESSAGE][PASSED] - Verify element property value successfully

2023-10-16 14:16:14 - [TEST_STEP][PASSED] - verifyElementPropertyValue(getResponse, "offers[9].groups[0].pricingPlans[0].visualElements[8].value", "241"): Verify element property value successfully

2023-10-16 14:16:14 - [MESSAGE][PASSED] - Verify element property value successfully

2023-10-16 14:16:14 - [TEST_STEP][PASSED] - verifyElementPropertyValue(getResponse, "offers[9].groups[0].pricingPlans[0].visualElements[9].key", "currency"): Verify element property value successfully

2023-10-16 14:16:14 - [MESSAGE][PASSED] - Verify element property value successfully

2023-10-16 14:16:14 - [TEST_STEP][PASSED] - verifyElementPropertyValue(getResponse, "offers[9].groups[0].pricingPlans[0].visualElements[9].value", "DZD"): Verify element property value successfully

2023-10-16 14:16:14 - [MESSAGE][PASSED] - Verify element property value successfully

2023-10-16 14:16:14 - [TEST_STEP][PASSED] - verifyElementPropertyValue(getResponse, "offers[9].groups[0].pricingPlans[0].visualElements[10].key", "duration"): Verify element property value successfully

2023-10-16 14:16:14 - [MESSAGE][PASSED] - Verify element property value successfully

2023-10-16 14:16:14 - [TEST_STEP][PASSED] - verifyElementPropertyValue(getResponse, "offers[9].groups[0].pricingPlans[0].visualElements[10].value", "Monthly"): Verify element property value successfully

2023-10-16 14:16:14 - [MESSAGE][PASSED] - Verify element property value successfully

2023-10-16 14:16:14 - [TEST_STEP][PASSED] - verifyElementPropertyValue(getResponse, "offers[9].groups[0].pricingPlans[0].visualElements[11].key", "featured_tag_text"): Verify element property value successfully

2023-10-16 14:16:14 - [MESSAGE][PASSED] - Verify element property value successfully

2023-10-16 14:16:14 - [TEST_STEP][PASSED] - verifyElementPropertyValue(getResponse, "offers[9].groups[0].pricingPlans[0].visualElements[11].value", "Limited Time Offer"): Verify element property value successfully

2023-10-16 14:16:14 - [MESSAGE][PASSED] - Verify element property value successfully

2023-10-16 14:16:14 - [TEST_STEP][PASSED] - verifyElementPropertyValue(getResponse, "offers[9].groups[0].pricingPlans[0].visualElements[13].key", "tag_text"): Verify element property value successfully

2023-10-16 14:16:14 - [MESSAGE][PASSED] - Verify element property value successfully

2023-10-16 14:16:14 - [TEST_STEP][PASSED] - verifyElementPropertyValue(getResponse, "offers[9].groups[0].pricingPlans[0].visualElements[13].value", "Save 40%"): Verify element property value successfully

2023-10-16 14:16:14 - [MESSAGE][PASSED] - Verify element property value successfully

2023-10-16 14:16:14 - [TEST_STEP][PASSED] - verifyElementPropertyValue(getResponse, "offers[9].groups[0].pricingPlans[0].visualElements[12].key", "show_tag"): Verify element property value successfully

2023-10-16 14:16:14 - [MESSAGE][PASSED] - Verify element property value successfully

2023-10-16 14:16:14 - [TEST_STEP][PASSED] - verifyElementPropertyValue(getResponse, "offers[9].groups[0].pricingPlans[0].visualElements[12].value", "true"): Verify element property value successfully

2023-10-16 14:16:14 - [MESSAGE][PASSED] - Verify element property value successfully

2023-10-16 14:16:14 - [TEST_STEP][PASSED] - verifyElementPropertyValue(getResponse, "offers[9].groups[0].pricingPlans[0].pricingPlanData[0].productId", "DZA_B2C_SHAHID_VIP_1M"): Verify element property value successfully

2023-10-16 14:16:14 - [MESSAGE][PASSED] - Verify element property value successfully

2023-10-16 14:16:14 - [TEST_STEP][PASSED] - verifyElementPropertyValue(getResponse, "offers[9].groups[0].pricingPlans[0].pricingPlanData[0].paymentMethod", "CREDIT_CARD"): Verify element property value successfully

2023-10-16 14:16:14 - [MESSAGE][PASSED] - Verify element property value successfully

2023-10-16 14:16:14 - [TEST_STEP][PASSED] - verifyElementPropertyValue(getResponse, "offers[9].groups[0].pricingPlans[0].pricingPlanData[0].freeTrialEnabled", "false"): Verify element property value successfully

2023-10-16 14:16:14 - [MESSAGE][PASSED] - Verify element property value successfully

2023-10-16 14:16:14 - [TEST_STEP][PASSED] - verifyElementPropertyValue(getResponse, "offers[9].groups[0].pricingPlans[0].pricingPlanData[0].showIn[0]", "VERTICAL_MODE"): Verify element property value successfully

2023-10-16 14:16:14 - [MESSAGE][PASSED] - Verify element property value successfully

2023-10-16 14:16:14 - [TEST_STEP][PASSED] - verifyElementPropertyValue(getResponse, "offers[9].groups[0].pricingPlans[0].pricingPlanData[0].showIn[1]", "HORIZONTAL_MODE"): Verify element property value successfully

2023-10-16 14:16:14 - [MESSAGE][PASSED] - Verify element property value successfully

2023-10-16 14:16:14 - [TEST_STEP][PASSED] - verifyElementPropertyValue(getResponse, "offers[9].groups[0].pricingPlans[0].pricingPlanData[0].priceLabel", "241"): Verify element property value successfully

2023-10-16 14:16:14 - [MESSAGE][PASSED] - Verify element property value successfully

2023-10-16 14:16:14 - [TEST_STEP][PASSED] - verifyElementPropertyValue(getResponse, "offers[9].groups[0].pricingPlans[0].pricingPlanData[0].currencyLabel", "DZD"): Verify element property value successfully

2023-10-16 14:16:14 - [MESSAGE][PASSED] - Verify element property value successfully

2023-10-16 14:16:14 - [TEST_STEP][PASSED] - verifyElementPropertyValue(getResponse, "offers[9].groups[0].pricingPlans[0].pricingPlanData[0].dealId", "BYG_40P_DZA"): Verify element property value successfully

2023-10-16 14:16:14 - [MESSAGE][PASSED] - Verify element property value successfully

2023-10-16 14:16:14 - [TEST_STEP][PASSED] - verifyElementPropertyValue(getResponse, "offers[9].groups[0].pricingPlans[0].pricingPlanData[0].allowedForAcquisition", "true"): Verify element property value successfully

2023-10-16 14:16:14 - [MESSAGE][PASSED] - Verify element property value successfully

2023-10-16 14:16:14 - [TEST_STEP][PASSED] - verifyElementPropertyValue(getResponse, "offers[9].groups[0].pricingPlans[0].pricingPlanData[0].visualElements[0].key", "title"): Verify element property value successfully

2023-10-16 14:16:14 - [MESSAGE][PASSED] - Verify element property value successfully

2023-10-16 14:16:14 - [TEST_STEP][PASSED] - verifyElementPropertyValue(getResponse, "offers[9].groups[0].pricingPlans[0].pricingPlanData[0].visualElements[0].value", "Credit/Debit Card"): Verify element property value successfully

2023-10-16 14:16:14 - [MESSAGE][PASSED] - Verify element property value successfully

2023-10-16 14:16:14 - [TEST_STEP][PASSED] - verifyElementPropertyValue(getResponse, "offers[9].groups[0].pricingPlans[0].pricingPlanData[0].visualElements[1].key", "CTA_text"): Verify element property value successfully

2023-10-16 14:16:14 - [MESSAGE][PASSED] - Verify element property value successfully

2023-10-16 14:16:14 - [TEST_STEP][PASSED] - verifyElementPropertyValue(getResponse, "offers[9].groups[0].pricingPlans[0].pricingPlanData[0].visualElements[1].value", "Subscribe"): Verify element property value successfully

2023-10-16 14:16:14 - [MESSAGE][PASSED] - Verify element property value successfully

2023-10-16 14:16:14 - [TEST_STEP][PASSED] - verifyElementPropertyValue(getResponse, "offers[9].groups[0].pricingPlans[0].pricingPlanData[0].visualElements[2].key", "logo"): Verify element property value successfully

2023-10-16 14:16:14 - [MESSAGE][PASSED] - Verify element property value successfully

2023-10-16 14:16:14 - [TEST_STEP][PASSED] - verifyElementPropertyValue(getResponse, "offers[9].groups[0].pricingPlans[0].pricingPlanData[0].visualElements[2].value", "https://static.s3.shahid.mbc.net/widget-images/icons/iconCreditCard.png"): Verify element property value successfully

2023-10-16 14:16:14 - [MESSAGE][PASSED] - Verify element property value successfully

2023-10-16 14:16:14 - [TEST_STEP][PASSED] - verifyElementPropertyValue(getResponse, "offers[10].offerId", "byg-50-offer"): Verify element property value successfully

2023-10-16 14:16:14 - [MESSAGE][PASSED] - Verify element property value successfully

2023-10-16 14:16:14 - [TEST_STEP][PASSED] - verifyElementPropertyValue(getResponse, "offers[10].offerParam", "bygoffer50"): Verify element property value successfully

2023-10-16 14:16:14 - [MESSAGE][PASSED] - Verify element property value successfully

2023-10-16 14:16:14 - [TEST_STEP][PASSED] - verifyElementPropertyValue(getResponse, "offers[10].groups[0].pricingPlans[0].featured", "true"): Verify element property value successfully

2023-10-16 14:16:14 - [MESSAGE][PASSED] - Verify element property value successfully

2023-10-16 14:16:14 - [TEST_STEP][PASSED] - verifyElementPropertyValue(getResponse, "offers[10].groups[0].pricingPlans[0].period", "monthly"): Verify element property value successfully

2023-10-16 14:16:14 - [MESSAGE][PASSED] - Verify element property value successfully

2023-10-16 14:16:14 - [TEST_STEP][PASSED] - verifyElementPropertyValue(getResponse, "offers[10].groups[0].pricingPlans[0].featured", "true"): Verify element property value successfully

2023-10-16 14:16:14 - [MESSAGE][PASSED] - Verify element property value successfully

2023-10-16 14:16:14 - [TEST_STEP][PASSED] - verifyElementPropertyValue(getResponse, "offers[10].groups[0].pricingPlans[0].price", "201.0"): Verify element property value successfully

2023-10-16 14:16:14 - [MESSAGE][PASSED] - Verify element property value successfully

2023-10-16 14:16:14 - [TEST_STEP][PASSED] - verifyElementPropertyValue(getResponse, "offers[10].groups[0].pricingPlans[0].currency", "DZD"): Verify element property value successfully

2023-10-16 14:16:14 - [MESSAGE][PASSED] - Verify element property value successfully

2023-10-16 14:16:14 - [TEST_STEP][PASSED] - verifyElementPropertyValue(getResponse, "offers[10].groups[0].pricingPlans[0].order", "0"): Verify element property value successfully

2023-10-16 14:16:14 - [MESSAGE][PASSED] - Verify element property value successfully

2023-10-16 14:16:14 - [TEST_STEP][PASSED] - verifyElementPropertyValue(getResponse, "offers[10].groups[0].pricingPlans[0].packageId", "SHAHID_VIP"): Verify element property value successfully

2023-10-16 14:16:14 - [MESSAGE][PASSED] - Verify element property value successfully

2023-10-16 14:16:14 - [TEST_STEP][PASSED] - verifyElementPropertyValue(getResponse, "offers[10].groups[0].pricingPlans[0].catalogId", "VIP"): Verify element property value successfully

2023-10-16 14:16:14 - [MESSAGE][PASSED] - Verify element property value successfully

2023-10-16 14:16:14 - [TEST_STEP][PASSED] - verifyElementPropertyValue(getResponse, "offers[10].groups[0].pricingPlans[0].visualElements[0].key", "Header_1_text"): Verify element property value successfully

2023-10-16 14:16:14 - [MESSAGE][PASSED] - Verify element property value successfully

2023-10-16 14:16:14 - [TEST_STEP][PASSED] - verifyElementPropertyValue(getResponse, "offers[10].groups[0].pricingPlans[0].visualElements[0].value", "Watch the most powerful series and movies exclusively without stopping"): Verify element property value successfully

2023-10-16 14:16:14 - [MESSAGE][PASSED] - Verify element property value successfully

2023-10-16 14:16:14 - [TEST_STEP][PASSED] - verifyElementPropertyValue(getResponse, "offers[10].groups[0].pricingPlans[0].visualElements[1].key", "display_title"): Verify element property value successfully

2023-10-16 14:16:14 - [MESSAGE][PASSED] - Verify element property value successfully

2023-10-16 14:16:14 - [TEST_STEP][FAILED] - verifyElementPropertyValue(getResponse, "offers[10].groups[0].pricingPlans[0].visualElements[1].value", "50% Discount Offer"): Expected element property value '50% Discount Offer' is not equal with actual property value '50% Discount Offer​'

2023-10-16 14:16:14 - [MESSAGE][FAILED] - Expected element property value '50% Discount Offer' is not equal with actual property value '50% Discount Offer​'

2023-10-16 14:16:14 - [TEST_STEP][PASSED] - verifyElementPropertyValue(getResponse, "offers[10].groups[0].pricingPlans[0].visualElements[3].key", "deduction_text"): Verify element property value successfully

2023-10-16 14:16:14 - [MESSAGE][PASSED] - Verify element property value successfully

2023-10-16 14:16:14 - [TEST_STEP][PASSED] - verifyElementPropertyValue(getResponse, "offers[10].groups[0].pricingPlans[0].visualElements[3].value", "billed every month"): Verify element property value successfully

2023-10-16 14:16:14 - [MESSAGE][PASSED] - Verify element property value successfully

2023-10-16 14:16:14 - [TEST_STEP][PASSED] - verifyElementPropertyValue(getResponse, "offers[10].groups[0].pricingPlans[0].visualElements[6].key", "show_payment_logo"): Verify element property value successfully

2023-10-16 14:16:14 - [MESSAGE][PASSED] - Verify element property value successfully

2023-10-16 14:16:14 - [TEST_STEP][PASSED] - verifyElementPropertyValue(getResponse, "offers[10].groups[0].pricingPlans[0].visualElements[6].value", "true"): Verify element property value successfully

2023-10-16 14:16:14 - [MESSAGE][PASSED] - Verify element property value successfully

2023-10-16 14:16:14 - [TEST_STEP][PASSED] - verifyElementPropertyValue(getResponse, "offers[10].groups[0].pricingPlans[0].visualElements[8].key", "price"): Verify element property value successfully

2023-10-16 14:16:14 - [MESSAGE][PASSED] - Verify element property value successfully

2023-10-16 14:16:14 - [TEST_STEP][PASSED] - verifyElementPropertyValue(getResponse, "offers[10].groups[0].pricingPlans[0].visualElements[8].value", "201"): Verify element property value successfully

2023-10-16 14:16:14 - [MESSAGE][PASSED] - Verify element property value successfully

2023-10-16 14:16:14 - [TEST_STEP][PASSED] - verifyElementPropertyValue(getResponse, "offers[10].groups[0].pricingPlans[0].visualElements[9].key", "currency"): Verify element property value successfully

2023-10-16 14:16:14 - [MESSAGE][PASSED] - Verify element property value successfully

2023-10-16 14:16:14 - [TEST_STEP][PASSED] - verifyElementPropertyValue(getResponse, "offers[10].groups[0].pricingPlans[0].visualElements[9].value", "DZD"): Verify element property value successfully

2023-10-16 14:16:14 - [MESSAGE][PASSED] - Verify element property value successfully

2023-10-16 14:16:14 - [TEST_STEP][PASSED] - verifyElementPropertyValue(getResponse, "offers[10].groups[0].pricingPlans[0].visualElements[10].key", "duration"): Verify element property value successfully

2023-10-16 14:16:14 - [MESSAGE][PASSED] - Verify element property value successfully

2023-10-16 14:16:14 - [TEST_STEP][PASSED] - verifyElementPropertyValue(getResponse, "offers[10].groups[0].pricingPlans[0].visualElements[10].value", "Monthly"): Verify element property value successfully

2023-10-16 14:16:14 - [MESSAGE][PASSED] - Verify element property value successfully

2023-10-16 14:16:14 - [TEST_STEP][PASSED] - verifyElementPropertyValue(getResponse, "offers[10].groups[0].pricingPlans[0].visualElements[11].key", "featured_tag_text"): Verify element property value successfully

2023-10-16 14:16:14 - [MESSAGE][PASSED] - Verify element property value successfully

2023-10-16 14:16:14 - [TEST_STEP][PASSED] - verifyElementPropertyValue(getResponse, "offers[10].groups[0].pricingPlans[0].visualElements[11].value", "Limited Time Offer"): Verify element property value successfully

2023-10-16 14:16:14 - [MESSAGE][PASSED] - Verify element property value successfully

2023-10-16 14:16:14 - [TEST_STEP][PASSED] - verifyElementPropertyValue(getResponse, "offers[10].groups[0].pricingPlans[0].visualElements[13].key", "tag_text"): Verify element property value successfully

2023-10-16 14:16:14 - [MESSAGE][PASSED] - Verify element property value successfully

2023-10-16 14:16:14 - [TEST_STEP][PASSED] - verifyElementPropertyValue(getResponse, "offers[10].groups[0].pricingPlans[0].visualElements[13].value", "Save 50%"): Verify element property value successfully

2023-10-16 14:16:14 - [MESSAGE][PASSED] - Verify element property value successfully

2023-10-16 14:16:14 - [TEST_STEP][PASSED] - verifyElementPropertyValue(getResponse, "offers[10].groups[0].pricingPlans[0].visualElements[12].key", "show_tag"): Verify element property value successfully

2023-10-16 14:16:14 - [MESSAGE][PASSED] - Verify element property value successfully

2023-10-16 14:16:14 - [TEST_STEP][PASSED] - verifyElementPropertyValue(getResponse, "offers[10].groups[0].pricingPlans[0].visualElements[12].value", "true"): Verify element property value successfully

2023-10-16 14:16:14 - [MESSAGE][PASSED] - Verify element property value successfully

2023-10-16 14:16:14 - [TEST_STEP][PASSED] - verifyElementPropertyValue(getResponse, "offers[10].groups[0].pricingPlans[0].pricingPlanData[0].productId", "DZA_B2C_SHAHID_VIP_1M"): Verify element property value successfully

2023-10-16 14:16:14 - [MESSAGE][PASSED] - Verify element property value successfully

2023-10-16 14:16:14 - [TEST_STEP][PASSED] - verifyElementPropertyValue(getResponse, "offers[10].groups[0].pricingPlans[0].pricingPlanData[0].paymentMethod", "CREDIT_CARD"): Verify element property value successfully

2023-10-16 14:16:14 - [MESSAGE][PASSED] - Verify element property value successfully

2023-10-16 14:16:14 - [TEST_STEP][PASSED] - verifyElementPropertyValue(getResponse, "offers[10].groups[0].pricingPlans[0].pricingPlanData[0].freeTrialEnabled", "false"): Verify element property value successfully

2023-10-16 14:16:14 - [MESSAGE][PASSED] - Verify element property value successfully

2023-10-16 14:16:14 - [TEST_STEP][PASSED] - verifyElementPropertyValue(getResponse, "offers[10].groups[0].pricingPlans[0].pricingPlanData[0].showIn[0]", "VERTICAL_MODE"): Verify element property value successfully

2023-10-16 14:16:14 - [MESSAGE][PASSED] - Verify element property value successfully

2023-10-16 14:16:14 - [TEST_STEP][PASSED] - verifyElementPropertyValue(getResponse, "offers[10].groups[0].pricingPlans[0].pricingPlanData[0].showIn[1]", "HORIZONTAL_MODE"): Verify element property value successfully

2023-10-16 14:16:14 - [MESSAGE][PASSED] - Verify element property value successfully

2023-10-16 14:16:14 - [TEST_STEP][PASSED] - verifyElementPropertyValue(getResponse, "offers[10].groups[0].pricingPlans[0].pricingPlanData[0].priceLabel", "201"): Verify element property value successfully

2023-10-16 14:16:14 - [MESSAGE][PASSED] - Verify element property value successfully

2023-10-16 14:16:14 - [TEST_STEP][PASSED] - verifyElementPropertyValue(getResponse, "offers[10].groups[0].pricingPlans[0].pricingPlanData[0].currencyLabel", "DZD"): Verify element property value successfully

2023-10-16 14:16:14 - [MESSAGE][PASSED] - Verify element property value successfully

2023-10-16 14:16:14 - [TEST_STEP][PASSED] - verifyElementPropertyValue(getResponse, "offers[10].groups[0].pricingPlans[0].pricingPlanData[0].dealId", "BYG_50P_DZA"): Verify element property value successfully

2023-10-16 14:16:14 - [MESSAGE][PASSED] - Verify element property value successfully

2023-10-16 14:16:14 - [TEST_STEP][PASSED] - verifyElementPropertyValue(getResponse, "offers[10].groups[0].pricingPlans[0].pricingPlanData[0].allowedForAcquisition", "true"): Verify element property value successfully

2023-10-16 14:16:14 - [MESSAGE][PASSED] - Verify element property value successfully

2023-10-16 14:16:14 - [TEST_STEP][PASSED] - verifyElementPropertyValue(getResponse, "offers[10].groups[0].pricingPlans[0].pricingPlanData[0].visualElements[0].key", "title"): Verify element property value successfully

2023-10-16 14:16:14 - [MESSAGE][PASSED] - Verify element property value successfully

2023-10-16 14:16:14 - [TEST_STEP][PASSED] - verifyElementPropertyValue(getResponse, "offers[10].groups[0].pricingPlans[0].pricingPlanData[0].visualElements[0].value", "Credit/Debit Card"): Verify element property value successfully

2023-10-16 14:16:14 - [MESSAGE][PASSED] - Verify element property value successfully

2023-10-16 14:16:14 - [TEST_STEP][PASSED] - verifyElementPropertyValue(getResponse, "offers[10].groups[0].pricingPlans[0].pricingPlanData[0].visualElements[1].key", "CTA_text"): Verify element property value successfully

2023-10-16 14:16:14 - [MESSAGE][PASSED] - Verify element property value successfully

2023-10-16 14:16:14 - [TEST_STEP][PASSED] - verifyElementPropertyValue(getResponse, "offers[10].groups[0].pricingPlans[0].pricingPlanData[0].visualElements[1].value", "Subscribe"): Verify element property value successfully

2023-10-16 14:16:14 - [MESSAGE][PASSED] - Verify element property value successfully

2023-10-16 14:16:14 - [TEST_STEP][PASSED] - verifyElementPropertyValue(getResponse, "offers[10].groups[0].pricingPlans[0].pricingPlanData[0].visualElements[2].key", "logo"): Verify element property value successfully

2023-10-16 14:16:14 - [MESSAGE][PASSED] - Verify element property value successfully

2023-10-16 14:16:14 - [TEST_STEP][PASSED] - verifyElementPropertyValue(getResponse, "offers[10].groups[0].pricingPlans[0].pricingPlanData[0].visualElements[2].value", "https://static.s3.shahid.mbc.net/widget-images/icons/iconCreditCard.png"): Verify element property value successfully

2023-10-16 14:16:14 - [MESSAGE][PASSED] - Verify element property value successfully]]></system-out>
         <system-err><![CDATA[2023-10-16 14:16:10 - [TEST_CASE][FAILED] - Test Cases/WEB - CHROME/DZA PI/WEB_EN_getOffersForDZA_VIP: Test Cases/WEB - CHROME/DZA PI/WEB_EN_getOffersForDZA_VIP FAILED.
Reason:
com.kms.katalon.core.exception.StepFailedException: Expected element property value '30% Discount Offer' is not equal with actual property value '30% Discount Offer​'
	at com.kms.katalon.core.keyword.internal.KeywordMain.stepFailed(KeywordMain.groovy:39)
	at com.kms.katalon.core.webservice.keyword.builtin.VerifyElementPropertyValueKeyword$_verifyElementPropertyValue_closure1.doCall(VerifyElementPropertyValueKeyword.groovy:56)
	at com.kms.katalon.core.webservice.keyword.builtin.VerifyElementPropertyValueKeyword$_verifyElementPropertyValue_closure1.call(VerifyElementPropertyValueKeyword.groovy)
	at com.kms.katalon.core.keyword.internal.KeywordMain.runKeyword(KeywordMain.groovy:75)
	at com.kms.katalon.core.webservice.keyword.builtin.VerifyElementPropertyValueKeyword.verifyElementPropertyValue(VerifyElementPropertyValueKeyword.groovy:48)
	at com.kms.katalon.core.webservice.keyword.builtin.VerifyElementPropertyValueKeyword.execute(VerifyElementPropertyValueKeyword.groovy:43)
	at com.kms.katalon.core.keyword.internal.KeywordExecutor.executeKeywordForPlatform(KeywordExecutor.groovy:74)
	at com.kms.katalon.core.webservice.keyword.WSBuiltInKeywords.verifyElementPropertyValue(WSBuiltInKeywords.groovy:190)
	at com.kms.katalon.core.webservice.keyword.WSBuiltInKeywords$verifyElementPropertyValue$1.call(Unknown Source)
	at WEB_EN_getOffersForDZA_VIP.run(WEB_EN_getOffersForDZA_VIP:60)
	at com.kms.katalon.core.main.ScriptEngine.run(ScriptEngine.java:194)
	at com.kms.katalon.core.main.ScriptEngine.runScriptAsRawText(ScriptEngine.java:119)
	at com.kms.katalon.core.main.TestCaseExecutor.runScript(TestCaseExecutor.java:448)
	at com.kms.katalon.core.main.TestCaseExecutor.doExecute(TestCaseExecutor.java:439)
	at com.kms.katalon.core.main.TestCaseExecutor.processExecutionPhase(TestCaseExecutor.java:418)
	at com.kms.katalon.core.main.TestCaseExecutor.accessMainPhase(TestCaseExecutor.java:410)
	at com.kms.katalon.core.main.TestCaseExecutor.execute(TestCaseExecutor.java:285)
	at com.kms.katalon.core.common.CommonExecutor.accessTestCaseMainPhase(CommonExecutor.java:65)
	at com.kms.katalon.core.main.TestSuiteExecutor.accessTestSuiteMainPhase(TestSuiteExecutor.java:148)
	at com.kms.katalon.core.main.TestSuiteExecutor.execute(TestSuiteExecutor.java:106)
	at com.kms.katalon.core.main.TestCaseMain.startTestSuite(TestCaseMain.java:187)
	at com.kms.katalon.core.main.TestCaseMain$startTestSuite$0.call(Unknown Source)
	at TempTestSuite1697454213703.run(TempTestSuite1697454213703.groovy:36)]]></system-err>
      </testcase>
      <testcase name="Test Cases/WEB - CHROME/DZA PI/WEB_FR_getOffersForDZA_SPORT" time="3.625" classname="Test Cases/WEB - CHROME/DZA PI/WEB_FR_getOffersForDZA_SPORT" status="PASSED">
         <system-out><![CDATA[2023-10-16 14:16:14 - [TEST_CASE][PASSED] - Test Cases/WEB - CHROME/DZA PI/WEB_FR_getOffersForDZA_SPORT: Test Cases/WEB - CHROME/DZA PI/WEB_FR_getOffersForDZA_SPORT

2023-10-16 14:16:15 - [TEST_STEP][PASSED] - getResponse = config_files.getConfigFile.getConfig("WEB", "FR", "SHAHID_VIP_SPORT", "DZ", "false"): config_files.getConfigFile.getConfig is PASSED

2023-10-16 14:16:15 - [MESSAGE][INFO] - HAR: /Users/admin/git/shahid-configuration/Reports/20231016_140310/WEB/DZA/20231016_140333/requests/main/8.har

2023-10-16 14:16:15 - [MESSAGE][PASSED] - Send request successfully

2023-10-16 14:16:15 - [MESSAGE][PASSED] - config_files.getConfigFile.getConfig is PASSED

2023-10-16 14:16:15 - [TEST_STEP][PASSED] - verifyResponseStatusCode(getResponse, 200): Verify response status code successfully

2023-10-16 14:16:15 - [MESSAGE][PASSED] - Verify response status code successfully

2023-10-16 14:16:15 - [TEST_STEP][PASSED] - verifyElementPropertyValue(getResponse, "country", "DZA"): Verify element property value successfully

2023-10-16 14:16:15 - [MESSAGE][PASSED] - Verify element property value successfully

2023-10-16 14:16:15 - [TEST_STEP][PASSED] - verifyElementPropertyValue(getResponse, "platform", "[WEB]"): Verify element property value successfully

2023-10-16 14:16:15 - [MESSAGE][PASSED] - Verify element property value successfully

2023-10-16 14:16:15 - [TEST_STEP][PASSED] - verifyElementPropertyValue(getResponse, "offers[5].offerId", "winback-sport-30-offer"): Verify element property value successfully

2023-10-16 14:16:15 - [MESSAGE][PASSED] - Verify element property value successfully

2023-10-16 14:16:15 - [TEST_STEP][PASSED] - verifyElementPropertyValue(getResponse, "offers[5].offerParam", "sportsoffer30"): Verify element property value successfully

2023-10-16 14:16:15 - [MESSAGE][PASSED] - Verify element property value successfully

2023-10-16 14:16:15 - [TEST_STEP][PASSED] - verifyElementPropertyValue(getResponse, "offers[5].groups[0].pricingPlans[0].featured", "true"): Verify element property value successfully

2023-10-16 14:16:15 - [MESSAGE][PASSED] - Verify element property value successfully

2023-10-16 14:16:15 - [TEST_STEP][PASSED] - verifyElementPropertyValue(getResponse, "offers[5].groups[0].pricingPlans[0].period", "monthly"): Verify element property value successfully

2023-10-16 14:16:15 - [MESSAGE][PASSED] - Verify element property value successfully

2023-10-16 14:16:15 - [TEST_STEP][PASSED] - verifyElementPropertyValue(getResponse, "offers[5].groups[0].pricingPlans[0].featured", "true"): Verify element property value successfully

2023-10-16 14:16:15 - [MESSAGE][PASSED] - Verify element property value successfully

2023-10-16 14:16:15 - [TEST_STEP][PASSED] - verifyElementPropertyValue(getResponse, "offers[5].groups[0].pricingPlans[0].price", "561.0"): Verify element property value successfully

2023-10-16 14:16:15 - [MESSAGE][PASSED] - Verify element property value successfully

2023-10-16 14:16:15 - [TEST_STEP][PASSED] - verifyElementPropertyValue(getResponse, "offers[5].groups[0].pricingPlans[0].currency", "DZD"): Verify element property value successfully

2023-10-16 14:16:15 - [MESSAGE][PASSED] - Verify element property value successfully

2023-10-16 14:16:15 - [TEST_STEP][PASSED] - verifyElementPropertyValue(getResponse, "offers[5].groups[0].pricingPlans[0].order", "0"): Verify element property value successfully

2023-10-16 14:16:15 - [MESSAGE][PASSED] - Verify element property value successfully

2023-10-16 14:16:15 - [TEST_STEP][PASSED] - verifyElementPropertyValue(getResponse, "offers[5].groups[0].pricingPlans[0].packageId", "SHAHID_VIP_SPORT"): Verify element property value successfully

2023-10-16 14:16:15 - [MESSAGE][PASSED] - Verify element property value successfully

2023-10-16 14:16:15 - [TEST_STEP][PASSED] - verifyElementPropertyValue(getResponse, "offers[5].groups[0].pricingPlans[0].catalogId", "SPORT"): Verify element property value successfully

2023-10-16 14:16:15 - [MESSAGE][PASSED] - Verify element property value successfully

2023-10-16 14:16:15 - [TEST_STEP][PASSED] - verifyElementPropertyValue(getResponse, "offers[5].groups[0].pricingPlans[0].visualElements[0].key", "Header_1_text"): Verify element property value successfully

2023-10-16 14:16:15 - [MESSAGE][PASSED] - Verify element property value successfully

2023-10-16 14:16:15 - [TEST_STEP][PASSED] - verifyElementPropertyValue(getResponse, "offers[5].groups[0].pricingPlans[0].visualElements[0].value", "Abonnez-vous dès maintenant et profitez de vos programmes sans publicité"): Verify element property value successfully

2023-10-16 14:16:15 - [MESSAGE][PASSED] - Verify element property value successfully

2023-10-16 14:16:15 - [TEST_STEP][PASSED] - verifyElementPropertyValue(getResponse, "offers[5].groups[0].pricingPlans[0].visualElements[1].key", "display_title"): Verify element property value successfully

2023-10-16 14:16:15 - [MESSAGE][PASSED] - Verify element property value successfully

2023-10-16 14:16:15 - [TEST_STEP][PASSED] - verifyElementPropertyValue(getResponse, "offers[5].groups[0].pricingPlans[0].visualElements[1].value", "30% de réduction"): Verify element property value successfully

2023-10-16 14:16:16 - [MESSAGE][PASSED] - Verify element property value successfully

2023-10-16 14:16:16 - [TEST_STEP][PASSED] - verifyElementPropertyValue(getResponse, "offers[5].groups[0].pricingPlans[0].visualElements[3].key", "deduction_text"): Verify element property value successfully

2023-10-16 14:16:16 - [MESSAGE][PASSED] - Verify element property value successfully

2023-10-16 14:16:16 - [TEST_STEP][PASSED] - verifyElementPropertyValue(getResponse, "offers[5].groups[0].pricingPlans[0].visualElements[3].value", "facturation mensuelle"): Verify element property value successfully

2023-10-16 14:16:16 - [MESSAGE][PASSED] - Verify element property value successfully

2023-10-16 14:16:16 - [TEST_STEP][PASSED] - verifyElementPropertyValue(getResponse, "offers[5].groups[0].pricingPlans[0].visualElements[6].key", "show_payment_logo"): Verify element property value successfully

2023-10-16 14:16:16 - [MESSAGE][PASSED] - Verify element property value successfully

2023-10-16 14:16:16 - [TEST_STEP][PASSED] - verifyElementPropertyValue(getResponse, "offers[5].groups[0].pricingPlans[0].visualElements[6].value", "true"): Verify element property value successfully

2023-10-16 14:16:16 - [MESSAGE][PASSED] - Verify element property value successfully

2023-10-16 14:16:16 - [TEST_STEP][PASSED] - verifyElementPropertyValue(getResponse, "offers[5].groups[0].pricingPlans[0].visualElements[8].key", "price"): Verify element property value successfully

2023-10-16 14:16:16 - [MESSAGE][PASSED] - Verify element property value successfully

2023-10-16 14:16:16 - [TEST_STEP][PASSED] - verifyElementPropertyValue(getResponse, "offers[5].groups[0].pricingPlans[0].visualElements[8].value", "561"): Verify element property value successfully

2023-10-16 14:16:16 - [MESSAGE][PASSED] - Verify element property value successfully

2023-10-16 14:16:16 - [TEST_STEP][PASSED] - verifyElementPropertyValue(getResponse, "offers[5].groups[0].pricingPlans[0].visualElements[9].key", "currency"): Verify element property value successfully

2023-10-16 14:16:16 - [MESSAGE][PASSED] - Verify element property value successfully

2023-10-16 14:16:16 - [TEST_STEP][PASSED] - verifyElementPropertyValue(getResponse, "offers[5].groups[0].pricingPlans[0].visualElements[9].value", "DZD"): Verify element property value successfully

2023-10-16 14:16:16 - [MESSAGE][PASSED] - Verify element property value successfully

2023-10-16 14:16:16 - [TEST_STEP][PASSED] - verifyElementPropertyValue(getResponse, "offers[5].groups[0].pricingPlans[0].visualElements[10].key", "duration"): Verify element property value successfully

2023-10-16 14:16:16 - [MESSAGE][PASSED] - Verify element property value successfully

2023-10-16 14:16:16 - [TEST_STEP][PASSED] - verifyElementPropertyValue(getResponse, "offers[5].groups[0].pricingPlans[0].visualElements[10].value", "Mensuel"): Verify element property value successfully

2023-10-16 14:16:16 - [MESSAGE][PASSED] - Verify element property value successfully

2023-10-16 14:16:16 - [TEST_STEP][PASSED] - verifyElementPropertyValue(getResponse, "offers[5].groups[0].pricingPlans[0].visualElements[11].key", "featured_tag_text"): Verify element property value successfully

2023-10-16 14:16:16 - [MESSAGE][PASSED] - Verify element property value successfully

2023-10-16 14:16:16 - [TEST_STEP][PASSED] - verifyElementPropertyValue(getResponse, "offers[5].groups[0].pricingPlans[0].visualElements[11].value", "Offre limitée"): Verify element property value successfully

2023-10-16 14:16:16 - [MESSAGE][PASSED] - Verify element property value successfully

2023-10-16 14:16:16 - [TEST_STEP][PASSED] - verifyElementPropertyValue(getResponse, "offers[5].groups[0].pricingPlans[0].visualElements[13].key", "tag_text"): Verify element property value successfully

2023-10-16 14:16:16 - [MESSAGE][PASSED] - Verify element property value successfully

2023-10-16 14:16:16 - [TEST_STEP][PASSED] - verifyElementPropertyValue(getResponse, "offers[5].groups[0].pricingPlans[0].visualElements[13].value", "Économisez 30% "): Verify element property value successfully

2023-10-16 14:16:16 - [MESSAGE][PASSED] - Verify element property value successfully

2023-10-16 14:16:16 - [TEST_STEP][PASSED] - verifyElementPropertyValue(getResponse, "offers[5].groups[0].pricingPlans[0].visualElements[12].key", "show_tag"): Verify element property value successfully

2023-10-16 14:16:16 - [MESSAGE][PASSED] - Verify element property value successfully

2023-10-16 14:16:16 - [TEST_STEP][PASSED] - verifyElementPropertyValue(getResponse, "offers[5].groups[0].pricingPlans[0].visualElements[12].value", "true"): Verify element property value successfully

2023-10-16 14:16:16 - [MESSAGE][PASSED] - Verify element property value successfully

2023-10-16 14:16:16 - [TEST_STEP][PASSED] - verifyElementPropertyValue(getResponse, "offers[5].groups[0].pricingPlans[0].pricingPlanData[0].productId", "DZA_B2C_SHAHID_VIP_SPORT_1M"): Verify element property value successfully

2023-10-16 14:16:16 - [MESSAGE][PASSED] - Verify element property value successfully

2023-10-16 14:16:16 - [TEST_STEP][PASSED] - verifyElementPropertyValue(getResponse, "offers[5].groups[0].pricingPlans[0].pricingPlanData[0].paymentMethod", "CREDIT_CARD"): Verify element property value successfully

2023-10-16 14:16:16 - [MESSAGE][PASSED] - Verify element property value successfully

2023-10-16 14:16:16 - [TEST_STEP][PASSED] - verifyElementPropertyValue(getResponse, "offers[5].groups[0].pricingPlans[0].pricingPlanData[0].freeTrialEnabled", "false"): Verify element property value successfully

2023-10-16 14:16:16 - [MESSAGE][PASSED] - Verify element property value successfully

2023-10-16 14:16:16 - [TEST_STEP][PASSED] - verifyElementPropertyValue(getResponse, "offers[5].groups[0].pricingPlans[0].pricingPlanData[0].showIn[0]", "VERTICAL_MODE"): Verify element property value successfully

2023-10-16 14:16:16 - [MESSAGE][PASSED] - Verify element property value successfully

2023-10-16 14:16:16 - [TEST_STEP][PASSED] - verifyElementPropertyValue(getResponse, "offers[5].groups[0].pricingPlans[0].pricingPlanData[0].showIn[1]", "HORIZONTAL_MODE"): Verify element property value successfully

2023-10-16 14:16:16 - [MESSAGE][PASSED] - Verify element property value successfully

2023-10-16 14:16:16 - [TEST_STEP][PASSED] - verifyElementPropertyValue(getResponse, "offers[5].groups[0].pricingPlans[0].pricingPlanData[0].priceLabel", "561"): Verify element property value successfully

2023-10-16 14:16:16 - [MESSAGE][PASSED] - Verify element property value successfully

2023-10-16 14:16:16 - [TEST_STEP][PASSED] - verifyElementPropertyValue(getResponse, "offers[5].groups[0].pricingPlans[0].pricingPlanData[0].currencyLabel", "DZD"): Verify element property value successfully

2023-10-16 14:16:16 - [MESSAGE][PASSED] - Verify element property value successfully

2023-10-16 14:16:16 - [TEST_STEP][PASSED] - verifyElementPropertyValue(getResponse, "offers[5].groups[0].pricingPlans[0].pricingPlanData[0].dealId", "WB_SPORT_30P_DZA"): Verify element property value successfully

2023-10-16 14:16:16 - [MESSAGE][PASSED] - Verify element property value successfully

2023-10-16 14:16:16 - [TEST_STEP][PASSED] - verifyElementPropertyValue(getResponse, "offers[5].groups[0].pricingPlans[0].pricingPlanData[0].allowedForAcquisition", "true"): Verify element property value successfully

2023-10-16 14:16:16 - [MESSAGE][PASSED] - Verify element property value successfully

2023-10-16 14:16:16 - [TEST_STEP][PASSED] - verifyElementPropertyValue(getResponse, "offers[5].groups[0].pricingPlans[0].pricingPlanData[0].visualElements[0].key", "title"): Verify element property value successfully

2023-10-16 14:16:16 - [MESSAGE][PASSED] - Verify element property value successfully

2023-10-16 14:16:16 - [TEST_STEP][PASSED] - verifyElementPropertyValue(getResponse, "offers[5].groups[0].pricingPlans[0].pricingPlanData[0].visualElements[0].value", "Carte de crédit/débit"): Verify element property value successfully

2023-10-16 14:16:16 - [MESSAGE][PASSED] - Verify element property value successfully

2023-10-16 14:16:16 - [TEST_STEP][PASSED] - verifyElementPropertyValue(getResponse, "offers[5].groups[0].pricingPlans[0].pricingPlanData[0].visualElements[1].key", "CTA_text"): Verify element property value successfully

2023-10-16 14:16:16 - [MESSAGE][PASSED] - Verify element property value successfully

2023-10-16 14:16:16 - [TEST_STEP][PASSED] - verifyElementPropertyValue(getResponse, "offers[5].groups[0].pricingPlans[0].pricingPlanData[0].visualElements[1].value", "S’abonner"): Verify element property value successfully

2023-10-16 14:16:16 - [MESSAGE][PASSED] - Verify element property value successfully

2023-10-16 14:16:16 - [TEST_STEP][PASSED] - verifyElementPropertyValue(getResponse, "offers[5].groups[0].pricingPlans[0].pricingPlanData[0].visualElements[2].key", "logo"): Verify element property value successfully

2023-10-16 14:16:16 - [MESSAGE][PASSED] - Verify element property value successfully

2023-10-16 14:16:16 - [TEST_STEP][PASSED] - verifyElementPropertyValue(getResponse, "offers[5].groups[0].pricingPlans[0].pricingPlanData[0].visualElements[2].value", "https://static.s3.shahid.mbc.net/widget-images/icons/iconCreditCard.png"): Verify element property value successfully

2023-10-16 14:16:16 - [MESSAGE][PASSED] - Verify element property value successfully

2023-10-16 14:16:16 - [TEST_STEP][PASSED] - verifyElementPropertyValue(getResponse, "offers[6].offerId", "winback-sport-40-offer"): Verify element property value successfully

2023-10-16 14:16:16 - [MESSAGE][PASSED] - Verify element property value successfully

2023-10-16 14:16:16 - [TEST_STEP][PASSED] - verifyElementPropertyValue(getResponse, "offers[6].offerParam", "sportsoffer40"): Verify element property value successfully

2023-10-16 14:16:16 - [MESSAGE][PASSED] - Verify element property value successfully

2023-10-16 14:16:16 - [TEST_STEP][PASSED] - verifyElementPropertyValue(getResponse, "offers[6].groups[0].pricingPlans[0].featured", "true"): Verify element property value successfully

2023-10-16 14:16:16 - [MESSAGE][PASSED] - Verify element property value successfully

2023-10-16 14:16:16 - [TEST_STEP][PASSED] - verifyElementPropertyValue(getResponse, "offers[6].groups[0].pricingPlans[0].period", "monthly"): Verify element property value successfully

2023-10-16 14:16:16 - [MESSAGE][PASSED] - Verify element property value successfully

2023-10-16 14:16:16 - [TEST_STEP][PASSED] - verifyElementPropertyValue(getResponse, "offers[6].groups[0].pricingPlans[0].featured", "true"): Verify element property value successfully

2023-10-16 14:16:16 - [MESSAGE][PASSED] - Verify element property value successfully

2023-10-16 14:16:16 - [TEST_STEP][PASSED] - verifyElementPropertyValue(getResponse, "offers[6].groups[0].pricingPlans[0].price", "481.0"): Verify element property value successfully

2023-10-16 14:16:16 - [MESSAGE][PASSED] - Verify element property value successfully

2023-10-16 14:16:16 - [TEST_STEP][PASSED] - verifyElementPropertyValue(getResponse, "offers[6].groups[0].pricingPlans[0].currency", "DZD"): Verify element property value successfully

2023-10-16 14:16:16 - [MESSAGE][PASSED] - Verify element property value successfully

2023-10-16 14:16:16 - [TEST_STEP][PASSED] - verifyElementPropertyValue(getResponse, "offers[6].groups[0].pricingPlans[0].order", "0"): Verify element property value successfully

2023-10-16 14:16:16 - [MESSAGE][PASSED] - Verify element property value successfully

2023-10-16 14:16:16 - [TEST_STEP][PASSED] - verifyElementPropertyValue(getResponse, "offers[6].groups[0].pricingPlans[0].packageId", "SHAHID_VIP_SPORT"): Verify element property value successfully

2023-10-16 14:16:16 - [MESSAGE][PASSED] - Verify element property value successfully

2023-10-16 14:16:16 - [TEST_STEP][PASSED] - verifyElementPropertyValue(getResponse, "offers[6].groups[0].pricingPlans[0].catalogId", "SPORT"): Verify element property value successfully

2023-10-16 14:16:16 - [MESSAGE][PASSED] - Verify element property value successfully

2023-10-16 14:16:16 - [TEST_STEP][PASSED] - verifyElementPropertyValue(getResponse, "offers[6].groups[0].pricingPlans[0].visualElements[0].key", "Header_1_text"): Verify element property value successfully

2023-10-16 14:16:16 - [MESSAGE][PASSED] - Verify element property value successfully

2023-10-16 14:16:16 - [TEST_STEP][PASSED] - verifyElementPropertyValue(getResponse, "offers[6].groups[0].pricingPlans[0].visualElements[0].value", "Abonnez-vous dès maintenant et profitez de vos programmes sans publicité"): Verify element property value successfully

2023-10-16 14:16:16 - [MESSAGE][PASSED] - Verify element property value successfully

2023-10-16 14:16:16 - [TEST_STEP][PASSED] - verifyElementPropertyValue(getResponse, "offers[6].groups[0].pricingPlans[0].visualElements[1].key", "display_title"): Verify element property value successfully

2023-10-16 14:16:16 - [MESSAGE][PASSED] - Verify element property value successfully

2023-10-16 14:16:16 - [TEST_STEP][PASSED] - verifyElementPropertyValue(getResponse, "offers[6].groups[0].pricingPlans[0].visualElements[1].value", "40% de réduction"): Verify element property value successfully

2023-10-16 14:16:16 - [MESSAGE][PASSED] - Verify element property value successfully

2023-10-16 14:16:16 - [TEST_STEP][PASSED] - verifyElementPropertyValue(getResponse, "offers[6].groups[0].pricingPlans[0].visualElements[3].key", "deduction_text"): Verify element property value successfully

2023-10-16 14:16:16 - [MESSAGE][PASSED] - Verify element property value successfully

2023-10-16 14:16:16 - [TEST_STEP][PASSED] - verifyElementPropertyValue(getResponse, "offers[6].groups[0].pricingPlans[0].visualElements[3].value", "facturation mensuelle"): Verify element property value successfully

2023-10-16 14:16:16 - [MESSAGE][PASSED] - Verify element property value successfully

2023-10-16 14:16:16 - [TEST_STEP][PASSED] - verifyElementPropertyValue(getResponse, "offers[6].groups[0].pricingPlans[0].visualElements[6].key", "show_payment_logo"): Verify element property value successfully

2023-10-16 14:16:16 - [MESSAGE][PASSED] - Verify element property value successfully

2023-10-16 14:16:16 - [TEST_STEP][PASSED] - verifyElementPropertyValue(getResponse, "offers[6].groups[0].pricingPlans[0].visualElements[6].value", "true"): Verify element property value successfully

2023-10-16 14:16:16 - [MESSAGE][PASSED] - Verify element property value successfully

2023-10-16 14:16:16 - [TEST_STEP][PASSED] - verifyElementPropertyValue(getResponse, "offers[6].groups[0].pricingPlans[0].visualElements[8].key", "price"): Verify element property value successfully

2023-10-16 14:16:16 - [MESSAGE][PASSED] - Verify element property value successfully

2023-10-16 14:16:16 - [TEST_STEP][PASSED] - verifyElementPropertyValue(getResponse, "offers[6].groups[0].pricingPlans[0].visualElements[8].value", "481"): Verify element property value successfully

2023-10-16 14:16:16 - [MESSAGE][PASSED] - Verify element property value successfully

2023-10-16 14:16:16 - [TEST_STEP][PASSED] - verifyElementPropertyValue(getResponse, "offers[6].groups[0].pricingPlans[0].visualElements[9].key", "currency"): Verify element property value successfully

2023-10-16 14:16:16 - [MESSAGE][PASSED] - Verify element property value successfully

2023-10-16 14:16:16 - [TEST_STEP][PASSED] - verifyElementPropertyValue(getResponse, "offers[6].groups[0].pricingPlans[0].visualElements[9].value", "DZD"): Verify element property value successfully

2023-10-16 14:16:16 - [MESSAGE][PASSED] - Verify element property value successfully

2023-10-16 14:16:16 - [TEST_STEP][PASSED] - verifyElementPropertyValue(getResponse, "offers[6].groups[0].pricingPlans[0].visualElements[10].key", "duration"): Verify element property value successfully

2023-10-16 14:16:16 - [MESSAGE][PASSED] - Verify element property value successfully

2023-10-16 14:16:16 - [TEST_STEP][PASSED] - verifyElementPropertyValue(getResponse, "offers[6].groups[0].pricingPlans[0].visualElements[10].value", "Mensuel"): Verify element property value successfully

2023-10-16 14:16:16 - [MESSAGE][PASSED] - Verify element property value successfully

2023-10-16 14:16:16 - [TEST_STEP][PASSED] - verifyElementPropertyValue(getResponse, "offers[6].groups[0].pricingPlans[0].visualElements[11].key", "featured_tag_text"): Verify element property value successfully

2023-10-16 14:16:16 - [MESSAGE][PASSED] - Verify element property value successfully

2023-10-16 14:16:16 - [TEST_STEP][PASSED] - verifyElementPropertyValue(getResponse, "offers[6].groups[0].pricingPlans[0].visualElements[11].value", "Offre limitée"): Verify element property value successfully

2023-10-16 14:16:16 - [MESSAGE][PASSED] - Verify element property value successfully

2023-10-16 14:16:16 - [TEST_STEP][PASSED] - verifyElementPropertyValue(getResponse, "offers[6].groups[0].pricingPlans[0].visualElements[13].key", "tag_text"): Verify element property value successfully

2023-10-16 14:16:16 - [MESSAGE][PASSED] - Verify element property value successfully

2023-10-16 14:16:16 - [TEST_STEP][PASSED] - verifyElementPropertyValue(getResponse, "offers[6].groups[0].pricingPlans[0].visualElements[13].value", "Économisez 40% "): Verify element property value successfully

2023-10-16 14:16:16 - [MESSAGE][PASSED] - Verify element property value successfully

2023-10-16 14:16:16 - [TEST_STEP][PASSED] - verifyElementPropertyValue(getResponse, "offers[6].groups[0].pricingPlans[0].visualElements[12].key", "show_tag"): Verify element property value successfully

2023-10-16 14:16:16 - [MESSAGE][PASSED] - Verify element property value successfully

2023-10-16 14:16:16 - [TEST_STEP][PASSED] - verifyElementPropertyValue(getResponse, "offers[6].groups[0].pricingPlans[0].visualElements[12].value", "true"): Verify element property value successfully

2023-10-16 14:16:16 - [MESSAGE][PASSED] - Verify element property value successfully

2023-10-16 14:16:16 - [TEST_STEP][PASSED] - verifyElementPropertyValue(getResponse, "offers[6].groups[0].pricingPlans[0].pricingPlanData[0].productId", "DZA_B2C_SHAHID_VIP_SPORT_1M"): Verify element property value successfully

2023-10-16 14:16:16 - [MESSAGE][PASSED] - Verify element property value successfully

2023-10-16 14:16:16 - [TEST_STEP][PASSED] - verifyElementPropertyValue(getResponse, "offers[6].groups[0].pricingPlans[0].pricingPlanData[0].paymentMethod", "CREDIT_CARD"): Verify element property value successfully

2023-10-16 14:16:16 - [MESSAGE][PASSED] - Verify element property value successfully

2023-10-16 14:16:16 - [TEST_STEP][PASSED] - verifyElementPropertyValue(getResponse, "offers[6].groups[0].pricingPlans[0].pricingPlanData[0].freeTrialEnabled", "false"): Verify element property value successfully

2023-10-16 14:16:16 - [MESSAGE][PASSED] - Verify element property value successfully

2023-10-16 14:16:16 - [TEST_STEP][PASSED] - verifyElementPropertyValue(getResponse, "offers[6].groups[0].pricingPlans[0].pricingPlanData[0].showIn[0]", "VERTICAL_MODE"): Verify element property value successfully

2023-10-16 14:16:16 - [MESSAGE][PASSED] - Verify element property value successfully

2023-10-16 14:16:16 - [TEST_STEP][PASSED] - verifyElementPropertyValue(getResponse, "offers[6].groups[0].pricingPlans[0].pricingPlanData[0].showIn[1]", "HORIZONTAL_MODE"): Verify element property value successfully

2023-10-16 14:16:16 - [MESSAGE][PASSED] - Verify element property value successfully

2023-10-16 14:16:16 - [TEST_STEP][PASSED] - verifyElementPropertyValue(getResponse, "offers[6].groups[0].pricingPlans[0].pricingPlanData[0].priceLabel", "481"): Verify element property value successfully

2023-10-16 14:16:16 - [MESSAGE][PASSED] - Verify element property value successfully

2023-10-16 14:16:16 - [TEST_STEP][PASSED] - verifyElementPropertyValue(getResponse, "offers[6].groups[0].pricingPlans[0].pricingPlanData[0].currencyLabel", "DZD"): Verify element property value successfully

2023-10-16 14:16:16 - [MESSAGE][PASSED] - Verify element property value successfully

2023-10-16 14:16:16 - [TEST_STEP][PASSED] - verifyElementPropertyValue(getResponse, "offers[6].groups[0].pricingPlans[0].pricingPlanData[0].dealId", "WB_SPORT_40P_DZA"): Verify element property value successfully

2023-10-16 14:16:16 - [MESSAGE][PASSED] - Verify element property value successfully

2023-10-16 14:16:16 - [TEST_STEP][PASSED] - verifyElementPropertyValue(getResponse, "offers[6].groups[0].pricingPlans[0].pricingPlanData[0].allowedForAcquisition", "true"): Verify element property value successfully

2023-10-16 14:16:16 - [MESSAGE][PASSED] - Verify element property value successfully

2023-10-16 14:16:16 - [TEST_STEP][PASSED] - verifyElementPropertyValue(getResponse, "offers[6].groups[0].pricingPlans[0].pricingPlanData[0].visualElements[0].key", "title"): Verify element property value successfully

2023-10-16 14:16:16 - [MESSAGE][PASSED] - Verify element property value successfully

2023-10-16 14:16:16 - [TEST_STEP][PASSED] - verifyElementPropertyValue(getResponse, "offers[6].groups[0].pricingPlans[0].pricingPlanData[0].visualElements[0].value", "Carte de crédit/débit"): Verify element property value successfully

2023-10-16 14:16:16 - [MESSAGE][PASSED] - Verify element property value successfully

2023-10-16 14:16:16 - [TEST_STEP][PASSED] - verifyElementPropertyValue(getResponse, "offers[6].groups[0].pricingPlans[0].pricingPlanData[0].visualElements[1].key", "CTA_text"): Verify element property value successfully

2023-10-16 14:16:16 - [MESSAGE][PASSED] - Verify element property value successfully

2023-10-16 14:16:16 - [TEST_STEP][PASSED] - verifyElementPropertyValue(getResponse, "offers[6].groups[0].pricingPlans[0].pricingPlanData[0].visualElements[1].value", "S’abonner"): Verify element property value successfully

2023-10-16 14:16:16 - [MESSAGE][PASSED] - Verify element property value successfully

2023-10-16 14:16:16 - [TEST_STEP][PASSED] - verifyElementPropertyValue(getResponse, "offers[6].groups[0].pricingPlans[0].pricingPlanData[0].visualElements[2].key", "logo"): Verify element property value successfully

2023-10-16 14:16:16 - [MESSAGE][PASSED] - Verify element property value successfully

2023-10-16 14:16:16 - [TEST_STEP][PASSED] - verifyElementPropertyValue(getResponse, "offers[6].groups[0].pricingPlans[0].pricingPlanData[0].visualElements[2].value", "https://static.s3.shahid.mbc.net/widget-images/icons/iconCreditCard.png"): Verify element property value successfully

2023-10-16 14:16:16 - [MESSAGE][PASSED] - Verify element property value successfully

2023-10-16 14:16:16 - [TEST_STEP][PASSED] - verifyElementPropertyValue(getResponse, "offers[7].offerId", "winback-sport-50-offer"): Verify element property value successfully

2023-10-16 14:16:16 - [MESSAGE][PASSED] - Verify element property value successfully

2023-10-16 14:16:16 - [TEST_STEP][PASSED] - verifyElementPropertyValue(getResponse, "offers[7].offerParam", "sportsoffer50"): Verify element property value successfully

2023-10-16 14:16:16 - [MESSAGE][PASSED] - Verify element property value successfully

2023-10-16 14:16:16 - [TEST_STEP][PASSED] - verifyElementPropertyValue(getResponse, "offers[7].groups[0].pricingPlans[0].featured", "true"): Verify element property value successfully

2023-10-16 14:16:16 - [MESSAGE][PASSED] - Verify element property value successfully

2023-10-16 14:16:16 - [TEST_STEP][PASSED] - verifyElementPropertyValue(getResponse, "offers[7].groups[0].pricingPlans[0].period", "monthly"): Verify element property value successfully

2023-10-16 14:16:16 - [MESSAGE][PASSED] - Verify element property value successfully

2023-10-16 14:16:16 - [TEST_STEP][PASSED] - verifyElementPropertyValue(getResponse, "offers[7].groups[0].pricingPlans[0].featured", "true"): Verify element property value successfully

2023-10-16 14:16:16 - [MESSAGE][PASSED] - Verify element property value successfully

2023-10-16 14:16:16 - [TEST_STEP][PASSED] - verifyElementPropertyValue(getResponse, "offers[7].groups[0].pricingPlans[0].price", "401.0"): Verify element property value successfully

2023-10-16 14:16:16 - [MESSAGE][PASSED] - Verify element property value successfully

2023-10-16 14:16:16 - [TEST_STEP][PASSED] - verifyElementPropertyValue(getResponse, "offers[7].groups[0].pricingPlans[0].currency", "DZD"): Verify element property value successfully

2023-10-16 14:16:16 - [MESSAGE][PASSED] - Verify element property value successfully

2023-10-16 14:16:17 - [TEST_STEP][PASSED] - verifyElementPropertyValue(getResponse, "offers[7].groups[0].pricingPlans[0].order", "0"): Verify element property value successfully

2023-10-16 14:16:17 - [MESSAGE][PASSED] - Verify element property value successfully

2023-10-16 14:16:17 - [TEST_STEP][PASSED] - verifyElementPropertyValue(getResponse, "offers[7].groups[0].pricingPlans[0].packageId", "SHAHID_VIP_SPORT"): Verify element property value successfully

2023-10-16 14:16:17 - [MESSAGE][PASSED] - Verify element property value successfully

2023-10-16 14:16:17 - [TEST_STEP][PASSED] - verifyElementPropertyValue(getResponse, "offers[7].groups[0].pricingPlans[0].catalogId", "SPORT"): Verify element property value successfully

2023-10-16 14:16:17 - [MESSAGE][PASSED] - Verify element property value successfully

2023-10-16 14:16:17 - [TEST_STEP][PASSED] - verifyElementPropertyValue(getResponse, "offers[7].groups[0].pricingPlans[0].visualElements[0].key", "Header_1_text"): Verify element property value successfully

2023-10-16 14:16:17 - [MESSAGE][PASSED] - Verify element property value successfully

2023-10-16 14:16:17 - [TEST_STEP][PASSED] - verifyElementPropertyValue(getResponse, "offers[7].groups[0].pricingPlans[0].visualElements[0].value", "Abonnez-vous dès maintenant et profitez de vos programmes sans publicité"): Verify element property value successfully

2023-10-16 14:16:17 - [MESSAGE][PASSED] - Verify element property value successfully

2023-10-16 14:16:17 - [TEST_STEP][PASSED] - verifyElementPropertyValue(getResponse, "offers[7].groups[0].pricingPlans[0].visualElements[1].key", "display_title"): Verify element property value successfully

2023-10-16 14:16:17 - [MESSAGE][PASSED] - Verify element property value successfully

2023-10-16 14:16:17 - [TEST_STEP][PASSED] - verifyElementPropertyValue(getResponse, "offers[7].groups[0].pricingPlans[0].visualElements[1].value", "50% de réduction"): Verify element property value successfully

2023-10-16 14:16:17 - [MESSAGE][PASSED] - Verify element property value successfully

2023-10-16 14:16:17 - [TEST_STEP][PASSED] - verifyElementPropertyValue(getResponse, "offers[7].groups[0].pricingPlans[0].visualElements[3].key", "deduction_text"): Verify element property value successfully

2023-10-16 14:16:17 - [MESSAGE][PASSED] - Verify element property value successfully

2023-10-16 14:16:17 - [TEST_STEP][PASSED] - verifyElementPropertyValue(getResponse, "offers[7].groups[0].pricingPlans[0].visualElements[3].value", "facturation mensuelle"): Verify element property value successfully

2023-10-16 14:16:17 - [MESSAGE][PASSED] - Verify element property value successfully

2023-10-16 14:16:17 - [TEST_STEP][PASSED] - verifyElementPropertyValue(getResponse, "offers[7].groups[0].pricingPlans[0].visualElements[6].key", "show_payment_logo"): Verify element property value successfully

2023-10-16 14:16:17 - [MESSAGE][PASSED] - Verify element property value successfully

2023-10-16 14:16:17 - [TEST_STEP][PASSED] - verifyElementPropertyValue(getResponse, "offers[7].groups[0].pricingPlans[0].visualElements[6].value", "true"): Verify element property value successfully

2023-10-16 14:16:17 - [MESSAGE][PASSED] - Verify element property value successfully

2023-10-16 14:16:17 - [TEST_STEP][PASSED] - verifyElementPropertyValue(getResponse, "offers[7].groups[0].pricingPlans[0].visualElements[8].key", "price"): Verify element property value successfully

2023-10-16 14:16:17 - [MESSAGE][PASSED] - Verify element property value successfully

2023-10-16 14:16:17 - [TEST_STEP][PASSED] - verifyElementPropertyValue(getResponse, "offers[7].groups[0].pricingPlans[0].visualElements[8].value", "401"): Verify element property value successfully

2023-10-16 14:16:17 - [MESSAGE][PASSED] - Verify element property value successfully

2023-10-16 14:16:17 - [TEST_STEP][PASSED] - verifyElementPropertyValue(getResponse, "offers[7].groups[0].pricingPlans[0].visualElements[9].key", "currency"): Verify element property value successfully

2023-10-16 14:16:17 - [MESSAGE][PASSED] - Verify element property value successfully

2023-10-16 14:16:17 - [TEST_STEP][PASSED] - verifyElementPropertyValue(getResponse, "offers[7].groups[0].pricingPlans[0].visualElements[9].value", "DZD"): Verify element property value successfully

2023-10-16 14:16:17 - [MESSAGE][PASSED] - Verify element property value successfully

2023-10-16 14:16:17 - [TEST_STEP][PASSED] - verifyElementPropertyValue(getResponse, "offers[7].groups[0].pricingPlans[0].visualElements[10].key", "duration"): Verify element property value successfully

2023-10-16 14:16:17 - [MESSAGE][PASSED] - Verify element property value successfully

2023-10-16 14:16:17 - [TEST_STEP][PASSED] - verifyElementPropertyValue(getResponse, "offers[7].groups[0].pricingPlans[0].visualElements[10].value", "Mensuel"): Verify element property value successfully

2023-10-16 14:16:17 - [MESSAGE][PASSED] - Verify element property value successfully

2023-10-16 14:16:17 - [TEST_STEP][PASSED] - verifyElementPropertyValue(getResponse, "offers[7].groups[0].pricingPlans[0].visualElements[11].key", "featured_tag_text"): Verify element property value successfully

2023-10-16 14:16:17 - [MESSAGE][PASSED] - Verify element property value successfully

2023-10-16 14:16:17 - [TEST_STEP][PASSED] - verifyElementPropertyValue(getResponse, "offers[7].groups[0].pricingPlans[0].visualElements[11].value", "Offre limitée"): Verify element property value successfully

2023-10-16 14:16:17 - [MESSAGE][PASSED] - Verify element property value successfully

2023-10-16 14:16:17 - [TEST_STEP][PASSED] - verifyElementPropertyValue(getResponse, "offers[7].groups[0].pricingPlans[0].visualElements[13].key", "tag_text"): Verify element property value successfully

2023-10-16 14:16:17 - [MESSAGE][PASSED] - Verify element property value successfully

2023-10-16 14:16:17 - [TEST_STEP][PASSED] - verifyElementPropertyValue(getResponse, "offers[7].groups[0].pricingPlans[0].visualElements[13].value", "Économisez 50% "): Verify element property value successfully

2023-10-16 14:16:17 - [MESSAGE][PASSED] - Verify element property value successfully

2023-10-16 14:16:17 - [TEST_STEP][PASSED] - verifyElementPropertyValue(getResponse, "offers[7].groups[0].pricingPlans[0].visualElements[12].key", "show_tag"): Verify element property value successfully

2023-10-16 14:16:17 - [MESSAGE][PASSED] - Verify element property value successfully

2023-10-16 14:16:17 - [TEST_STEP][PASSED] - verifyElementPropertyValue(getResponse, "offers[7].groups[0].pricingPlans[0].visualElements[12].value", "true"): Verify element property value successfully

2023-10-16 14:16:17 - [MESSAGE][PASSED] - Verify element property value successfully

2023-10-16 14:16:17 - [TEST_STEP][PASSED] - verifyElementPropertyValue(getResponse, "offers[7].groups[0].pricingPlans[0].pricingPlanData[0].productId", "DZA_B2C_SHAHID_VIP_SPORT_1M"): Verify element property value successfully

2023-10-16 14:16:17 - [MESSAGE][PASSED] - Verify element property value successfully

2023-10-16 14:16:17 - [TEST_STEP][PASSED] - verifyElementPropertyValue(getResponse, "offers[7].groups[0].pricingPlans[0].pricingPlanData[0].paymentMethod", "CREDIT_CARD"): Verify element property value successfully

2023-10-16 14:16:17 - [MESSAGE][PASSED] - Verify element property value successfully

2023-10-16 14:16:17 - [TEST_STEP][PASSED] - verifyElementPropertyValue(getResponse, "offers[7].groups[0].pricingPlans[0].pricingPlanData[0].freeTrialEnabled", "false"): Verify element property value successfully

2023-10-16 14:16:17 - [MESSAGE][PASSED] - Verify element property value successfully

2023-10-16 14:16:17 - [TEST_STEP][PASSED] - verifyElementPropertyValue(getResponse, "offers[7].groups[0].pricingPlans[0].pricingPlanData[0].showIn[0]", "VERTICAL_MODE"): Verify element property value successfully

2023-10-16 14:16:17 - [MESSAGE][PASSED] - Verify element property value successfully

2023-10-16 14:16:17 - [TEST_STEP][PASSED] - verifyElementPropertyValue(getResponse, "offers[7].groups[0].pricingPlans[0].pricingPlanData[0].showIn[1]", "HORIZONTAL_MODE"): Verify element property value successfully

2023-10-16 14:16:17 - [MESSAGE][PASSED] - Verify element property value successfully

2023-10-16 14:16:17 - [TEST_STEP][PASSED] - verifyElementPropertyValue(getResponse, "offers[7].groups[0].pricingPlans[0].pricingPlanData[0].priceLabel", "401"): Verify element property value successfully

2023-10-16 14:16:17 - [MESSAGE][PASSED] - Verify element property value successfully

2023-10-16 14:16:17 - [TEST_STEP][PASSED] - verifyElementPropertyValue(getResponse, "offers[7].groups[0].pricingPlans[0].pricingPlanData[0].currencyLabel", "DZD"): Verify element property value successfully

2023-10-16 14:16:17 - [MESSAGE][PASSED] - Verify element property value successfully

2023-10-16 14:16:17 - [TEST_STEP][PASSED] - verifyElementPropertyValue(getResponse, "offers[7].groups[0].pricingPlans[0].pricingPlanData[0].dealId", "WB_SPORT_50P_DZA"): Verify element property value successfully

2023-10-16 14:16:17 - [MESSAGE][PASSED] - Verify element property value successfully

2023-10-16 14:16:17 - [TEST_STEP][PASSED] - verifyElementPropertyValue(getResponse, "offers[7].groups[0].pricingPlans[0].pricingPlanData[0].allowedForAcquisition", "true"): Verify element property value successfully

2023-10-16 14:16:17 - [MESSAGE][PASSED] - Verify element property value successfully

2023-10-16 14:16:17 - [TEST_STEP][PASSED] - verifyElementPropertyValue(getResponse, "offers[7].groups[0].pricingPlans[0].pricingPlanData[0].visualElements[0].key", "title"): Verify element property value successfully

2023-10-16 14:16:17 - [MESSAGE][PASSED] - Verify element property value successfully

2023-10-16 14:16:17 - [TEST_STEP][PASSED] - verifyElementPropertyValue(getResponse, "offers[7].groups[0].pricingPlans[0].pricingPlanData[0].visualElements[0].value", "Carte de crédit/débit"): Verify element property value successfully

2023-10-16 14:16:17 - [MESSAGE][PASSED] - Verify element property value successfully

2023-10-16 14:16:17 - [TEST_STEP][PASSED] - verifyElementPropertyValue(getResponse, "offers[7].groups[0].pricingPlans[0].pricingPlanData[0].visualElements[1].key", "CTA_text"): Verify element property value successfully

2023-10-16 14:16:17 - [MESSAGE][PASSED] - Verify element property value successfully

2023-10-16 14:16:17 - [TEST_STEP][PASSED] - verifyElementPropertyValue(getResponse, "offers[7].groups[0].pricingPlans[0].pricingPlanData[0].visualElements[1].value", "S’abonner"): Verify element property value successfully

2023-10-16 14:16:17 - [MESSAGE][PASSED] - Verify element property value successfully

2023-10-16 14:16:17 - [TEST_STEP][PASSED] - verifyElementPropertyValue(getResponse, "offers[7].groups[0].pricingPlans[0].pricingPlanData[0].visualElements[2].key", "logo"): Verify element property value successfully

2023-10-16 14:16:17 - [MESSAGE][PASSED] - Verify element property value successfully

2023-10-16 14:16:17 - [TEST_STEP][PASSED] - verifyElementPropertyValue(getResponse, "offers[7].groups[0].pricingPlans[0].pricingPlanData[0].visualElements[2].value", "https://static.s3.shahid.mbc.net/widget-images/icons/iconCreditCard.png"): Verify element property value successfully

2023-10-16 14:16:17 - [MESSAGE][PASSED] - Verify element property value successfully

2023-10-16 14:16:17 - [TEST_STEP][PASSED] - verifyElementPropertyValue(getResponse, "offers[11].offerId", "byg-sport-30-offer"): Verify element property value successfully

2023-10-16 14:16:17 - [MESSAGE][PASSED] - Verify element property value successfully

2023-10-16 14:16:17 - [TEST_STEP][PASSED] - verifyElementPropertyValue(getResponse, "offers[11].offerParam", "bygsportsoffer30"): Verify element property value successfully

2023-10-16 14:16:17 - [MESSAGE][PASSED] - Verify element property value successfully

2023-10-16 14:16:17 - [TEST_STEP][PASSED] - verifyElementPropertyValue(getResponse, "offers[11].groups[0].pricingPlans[0].featured", "true"): Verify element property value successfully

2023-10-16 14:16:17 - [MESSAGE][PASSED] - Verify element property value successfully

2023-10-16 14:16:17 - [TEST_STEP][PASSED] - verifyElementPropertyValue(getResponse, "offers[11].groups[0].pricingPlans[0].period", "monthly"): Verify element property value successfully

2023-10-16 14:16:17 - [MESSAGE][PASSED] - Verify element property value successfully

2023-10-16 14:16:17 - [TEST_STEP][PASSED] - verifyElementPropertyValue(getResponse, "offers[11].groups[0].pricingPlans[0].featured", "true"): Verify element property value successfully

2023-10-16 14:16:17 - [MESSAGE][PASSED] - Verify element property value successfully

2023-10-16 14:16:17 - [TEST_STEP][PASSED] - verifyElementPropertyValue(getResponse, "offers[11].groups[0].pricingPlans[0].price", "561.0"): Verify element property value successfully

2023-10-16 14:16:17 - [MESSAGE][PASSED] - Verify element property value successfully

2023-10-16 14:16:17 - [TEST_STEP][PASSED] - verifyElementPropertyValue(getResponse, "offers[11].groups[0].pricingPlans[0].currency", "DZD"): Verify element property value successfully

2023-10-16 14:16:17 - [MESSAGE][PASSED] - Verify element property value successfully

2023-10-16 14:16:17 - [TEST_STEP][PASSED] - verifyElementPropertyValue(getResponse, "offers[11].groups[0].pricingPlans[0].order", "0"): Verify element property value successfully

2023-10-16 14:16:17 - [MESSAGE][PASSED] - Verify element property value successfully

2023-10-16 14:16:17 - [TEST_STEP][PASSED] - verifyElementPropertyValue(getResponse, "offers[11].groups[0].pricingPlans[0].packageId", "SHAHID_VIP_SPORT"): Verify element property value successfully

2023-10-16 14:16:17 - [MESSAGE][PASSED] - Verify element property value successfully

2023-10-16 14:16:17 - [TEST_STEP][PASSED] - verifyElementPropertyValue(getResponse, "offers[11].groups[0].pricingPlans[0].catalogId", "SPORT"): Verify element property value successfully

2023-10-16 14:16:17 - [MESSAGE][PASSED] - Verify element property value successfully

2023-10-16 14:16:17 - [TEST_STEP][PASSED] - verifyElementPropertyValue(getResponse, "offers[11].groups[0].pricingPlans[0].visualElements[0].key", "Header_1_text"): Verify element property value successfully

2023-10-16 14:16:17 - [MESSAGE][PASSED] - Verify element property value successfully

2023-10-16 14:16:17 - [TEST_STEP][PASSED] - verifyElementPropertyValue(getResponse, "offers[11].groups[0].pricingPlans[0].visualElements[0].value", "Abonnez-vous dès maintenant et profitez de vos programmes sans publicité"): Verify element property value successfully

2023-10-16 14:16:17 - [MESSAGE][PASSED] - Verify element property value successfully

2023-10-16 14:16:17 - [TEST_STEP][PASSED] - verifyElementPropertyValue(getResponse, "offers[11].groups[0].pricingPlans[0].visualElements[1].key", "display_title"): Verify element property value successfully

2023-10-16 14:16:17 - [MESSAGE][PASSED] - Verify element property value successfully

2023-10-16 14:16:17 - [TEST_STEP][PASSED] - verifyElementPropertyValue(getResponse, "offers[11].groups[0].pricingPlans[0].visualElements[1].value", "30% de réduction"): Verify element property value successfully

2023-10-16 14:16:17 - [MESSAGE][PASSED] - Verify element property value successfully

2023-10-16 14:16:17 - [TEST_STEP][PASSED] - verifyElementPropertyValue(getResponse, "offers[11].groups[0].pricingPlans[0].visualElements[3].key", "deduction_text"): Verify element property value successfully

2023-10-16 14:16:17 - [MESSAGE][PASSED] - Verify element property value successfully

2023-10-16 14:16:17 - [TEST_STEP][PASSED] - verifyElementPropertyValue(getResponse, "offers[11].groups[0].pricingPlans[0].visualElements[3].value", "facturation mensuelle"): Verify element property value successfully

2023-10-16 14:16:17 - [MESSAGE][PASSED] - Verify element property value successfully

2023-10-16 14:16:17 - [TEST_STEP][PASSED] - verifyElementPropertyValue(getResponse, "offers[11].groups[0].pricingPlans[0].visualElements[6].key", "show_payment_logo"): Verify element property value successfully

2023-10-16 14:16:17 - [MESSAGE][PASSED] - Verify element property value successfully

2023-10-16 14:16:17 - [TEST_STEP][PASSED] - verifyElementPropertyValue(getResponse, "offers[11].groups[0].pricingPlans[0].visualElements[6].value", "true"): Verify element property value successfully

2023-10-16 14:16:17 - [MESSAGE][PASSED] - Verify element property value successfully

2023-10-16 14:16:17 - [TEST_STEP][PASSED] - verifyElementPropertyValue(getResponse, "offers[11].groups[0].pricingPlans[0].visualElements[8].key", "price"): Verify element property value successfully

2023-10-16 14:16:17 - [MESSAGE][PASSED] - Verify element property value successfully

2023-10-16 14:16:17 - [TEST_STEP][PASSED] - verifyElementPropertyValue(getResponse, "offers[11].groups[0].pricingPlans[0].visualElements[8].value", "561"): Verify element property value successfully

2023-10-16 14:16:17 - [MESSAGE][PASSED] - Verify element property value successfully

2023-10-16 14:16:17 - [TEST_STEP][PASSED] - verifyElementPropertyValue(getResponse, "offers[11].groups[0].pricingPlans[0].visualElements[9].key", "currency"): Verify element property value successfully

2023-10-16 14:16:17 - [MESSAGE][PASSED] - Verify element property value successfully

2023-10-16 14:16:17 - [TEST_STEP][PASSED] - verifyElementPropertyValue(getResponse, "offers[11].groups[0].pricingPlans[0].visualElements[9].value", "DZD"): Verify element property value successfully

2023-10-16 14:16:17 - [MESSAGE][PASSED] - Verify element property value successfully

2023-10-16 14:16:17 - [TEST_STEP][PASSED] - verifyElementPropertyValue(getResponse, "offers[11].groups[0].pricingPlans[0].visualElements[10].key", "duration"): Verify element property value successfully

2023-10-16 14:16:17 - [MESSAGE][PASSED] - Verify element property value successfully

2023-10-16 14:16:17 - [TEST_STEP][PASSED] - verifyElementPropertyValue(getResponse, "offers[11].groups[0].pricingPlans[0].visualElements[10].value", "Mensuel"): Verify element property value successfully

2023-10-16 14:16:17 - [MESSAGE][PASSED] - Verify element property value successfully

2023-10-16 14:16:17 - [TEST_STEP][PASSED] - verifyElementPropertyValue(getResponse, "offers[11].groups[0].pricingPlans[0].visualElements[11].key", "featured_tag_text"): Verify element property value successfully

2023-10-16 14:16:17 - [MESSAGE][PASSED] - Verify element property value successfully

2023-10-16 14:16:17 - [TEST_STEP][PASSED] - verifyElementPropertyValue(getResponse, "offers[11].groups[0].pricingPlans[0].visualElements[11].value", "Offre limitée"): Verify element property value successfully

2023-10-16 14:16:17 - [MESSAGE][PASSED] - Verify element property value successfully

2023-10-16 14:16:17 - [TEST_STEP][PASSED] - verifyElementPropertyValue(getResponse, "offers[11].groups[0].pricingPlans[0].visualElements[13].key", "tag_text"): Verify element property value successfully

2023-10-16 14:16:17 - [MESSAGE][PASSED] - Verify element property value successfully

2023-10-16 14:16:17 - [TEST_STEP][PASSED] - verifyElementPropertyValue(getResponse, "offers[11].groups[0].pricingPlans[0].visualElements[13].value", "Économisez 30% "): Verify element property value successfully

2023-10-16 14:16:17 - [MESSAGE][PASSED] - Verify element property value successfully

2023-10-16 14:16:17 - [TEST_STEP][PASSED] - verifyElementPropertyValue(getResponse, "offers[11].groups[0].pricingPlans[0].visualElements[12].key", "show_tag"): Verify element property value successfully

2023-10-16 14:16:17 - [MESSAGE][PASSED] - Verify element property value successfully

2023-10-16 14:16:17 - [TEST_STEP][PASSED] - verifyElementPropertyValue(getResponse, "offers[11].groups[0].pricingPlans[0].visualElements[12].value", "true"): Verify element property value successfully

2023-10-16 14:16:17 - [MESSAGE][PASSED] - Verify element property value successfully

2023-10-16 14:16:17 - [TEST_STEP][PASSED] - verifyElementPropertyValue(getResponse, "offers[11].groups[0].pricingPlans[0].pricingPlanData[0].productId", "DZA_B2C_SHAHID_VIP_SPORT_1M"): Verify element property value successfully

2023-10-16 14:16:17 - [MESSAGE][PASSED] - Verify element property value successfully

2023-10-16 14:16:17 - [TEST_STEP][PASSED] - verifyElementPropertyValue(getResponse, "offers[11].groups[0].pricingPlans[0].pricingPlanData[0].paymentMethod", "CREDIT_CARD"): Verify element property value successfully

2023-10-16 14:16:17 - [MESSAGE][PASSED] - Verify element property value successfully

2023-10-16 14:16:17 - [TEST_STEP][PASSED] - verifyElementPropertyValue(getResponse, "offers[11].groups[0].pricingPlans[0].pricingPlanData[0].freeTrialEnabled", "false"): Verify element property value successfully

2023-10-16 14:16:17 - [MESSAGE][PASSED] - Verify element property value successfully

2023-10-16 14:16:17 - [TEST_STEP][PASSED] - verifyElementPropertyValue(getResponse, "offers[11].groups[0].pricingPlans[0].pricingPlanData[0].showIn[0]", "VERTICAL_MODE"): Verify element property value successfully

2023-10-16 14:16:17 - [MESSAGE][PASSED] - Verify element property value successfully

2023-10-16 14:16:17 - [TEST_STEP][PASSED] - verifyElementPropertyValue(getResponse, "offers[11].groups[0].pricingPlans[0].pricingPlanData[0].showIn[1]", "HORIZONTAL_MODE"): Verify element property value successfully

2023-10-16 14:16:17 - [MESSAGE][PASSED] - Verify element property value successfully

2023-10-16 14:16:17 - [TEST_STEP][PASSED] - verifyElementPropertyValue(getResponse, "offers[11].groups[0].pricingPlans[0].pricingPlanData[0].priceLabel", "561"): Verify element property value successfully

2023-10-16 14:16:17 - [MESSAGE][PASSED] - Verify element property value successfully

2023-10-16 14:16:17 - [TEST_STEP][PASSED] - verifyElementPropertyValue(getResponse, "offers[11].groups[0].pricingPlans[0].pricingPlanData[0].currencyLabel", "DZD"): Verify element property value successfully

2023-10-16 14:16:17 - [MESSAGE][PASSED] - Verify element property value successfully

2023-10-16 14:16:17 - [TEST_STEP][PASSED] - verifyElementPropertyValue(getResponse, "offers[11].groups[0].pricingPlans[0].pricingPlanData[0].dealId", "BYG_SPORT_30P_DZA"): Verify element property value successfully

2023-10-16 14:16:17 - [MESSAGE][PASSED] - Verify element property value successfully

2023-10-16 14:16:17 - [TEST_STEP][PASSED] - verifyElementPropertyValue(getResponse, "offers[11].groups[0].pricingPlans[0].pricingPlanData[0].allowedForAcquisition", "true"): Verify element property value successfully

2023-10-16 14:16:17 - [MESSAGE][PASSED] - Verify element property value successfully

2023-10-16 14:16:17 - [TEST_STEP][PASSED] - verifyElementPropertyValue(getResponse, "offers[11].groups[0].pricingPlans[0].pricingPlanData[0].visualElements[0].key", "title"): Verify element property value successfully

2023-10-16 14:16:17 - [MESSAGE][PASSED] - Verify element property value successfully

2023-10-16 14:16:17 - [TEST_STEP][PASSED] - verifyElementPropertyValue(getResponse, "offers[11].groups[0].pricingPlans[0].pricingPlanData[0].visualElements[0].value", "Carte de crédit/débit"): Verify element property value successfully

2023-10-16 14:16:17 - [MESSAGE][PASSED] - Verify element property value successfully

2023-10-16 14:16:17 - [TEST_STEP][PASSED] - verifyElementPropertyValue(getResponse, "offers[11].groups[0].pricingPlans[0].pricingPlanData[0].visualElements[1].key", "CTA_text"): Verify element property value successfully

2023-10-16 14:16:17 - [MESSAGE][PASSED] - Verify element property value successfully

2023-10-16 14:16:17 - [TEST_STEP][PASSED] - verifyElementPropertyValue(getResponse, "offers[11].groups[0].pricingPlans[0].pricingPlanData[0].visualElements[1].value", "S’abonner"): Verify element property value successfully

2023-10-16 14:16:17 - [MESSAGE][PASSED] - Verify element property value successfully

2023-10-16 14:16:17 - [TEST_STEP][PASSED] - verifyElementPropertyValue(getResponse, "offers[11].groups[0].pricingPlans[0].pricingPlanData[0].visualElements[2].key", "logo"): Verify element property value successfully

2023-10-16 14:16:17 - [MESSAGE][PASSED] - Verify element property value successfully

2023-10-16 14:16:17 - [TEST_STEP][PASSED] - verifyElementPropertyValue(getResponse, "offers[11].groups[0].pricingPlans[0].pricingPlanData[0].visualElements[2].value", "https://static.s3.shahid.mbc.net/widget-images/icons/iconCreditCard.png"): Verify element property value successfully

2023-10-16 14:16:17 - [MESSAGE][PASSED] - Verify element property value successfully

2023-10-16 14:16:17 - [TEST_STEP][PASSED] - verifyElementPropertyValue(getResponse, "offers[12].offerId", "byg-sport-40-offer"): Verify element property value successfully

2023-10-16 14:16:17 - [MESSAGE][PASSED] - Verify element property value successfully

2023-10-16 14:16:17 - [TEST_STEP][PASSED] - verifyElementPropertyValue(getResponse, "offers[12].offerParam", "bygsportsoffer40"): Verify element property value successfully

2023-10-16 14:16:17 - [MESSAGE][PASSED] - Verify element property value successfully

2023-10-16 14:16:17 - [TEST_STEP][PASSED] - verifyElementPropertyValue(getResponse, "offers[12].groups[0].pricingPlans[0].featured", "true"): Verify element property value successfully

2023-10-16 14:16:17 - [MESSAGE][PASSED] - Verify element property value successfully

2023-10-16 14:16:17 - [TEST_STEP][PASSED] - verifyElementPropertyValue(getResponse, "offers[12].groups[0].pricingPlans[0].period", "monthly"): Verify element property value successfully

2023-10-16 14:16:17 - [MESSAGE][PASSED] - Verify element property value successfully

2023-10-16 14:16:17 - [TEST_STEP][PASSED] - verifyElementPropertyValue(getResponse, "offers[12].groups[0].pricingPlans[0].featured", "true"): Verify element property value successfully

2023-10-16 14:16:17 - [MESSAGE][PASSED] - Verify element property value successfully

2023-10-16 14:16:17 - [TEST_STEP][PASSED] - verifyElementPropertyValue(getResponse, "offers[12].groups[0].pricingPlans[0].price", "481.0"): Verify element property value successfully

2023-10-16 14:16:17 - [MESSAGE][PASSED] - Verify element property value successfully

2023-10-16 14:16:17 - [TEST_STEP][PASSED] - verifyElementPropertyValue(getResponse, "offers[12].groups[0].pricingPlans[0].currency", "DZD"): Verify element property value successfully

2023-10-16 14:16:17 - [MESSAGE][PASSED] - Verify element property value successfully

2023-10-16 14:16:17 - [TEST_STEP][PASSED] - verifyElementPropertyValue(getResponse, "offers[12].groups[0].pricingPlans[0].order", "0"): Verify element property value successfully

2023-10-16 14:16:17 - [MESSAGE][PASSED] - Verify element property value successfully

2023-10-16 14:16:17 - [TEST_STEP][PASSED] - verifyElementPropertyValue(getResponse, "offers[12].groups[0].pricingPlans[0].packageId", "SHAHID_VIP_SPORT"): Verify element property value successfully

2023-10-16 14:16:17 - [MESSAGE][PASSED] - Verify element property value successfully

2023-10-16 14:16:17 - [TEST_STEP][PASSED] - verifyElementPropertyValue(getResponse, "offers[12].groups[0].pricingPlans[0].catalogId", "SPORT"): Verify element property value successfully

2023-10-16 14:16:17 - [MESSAGE][PASSED] - Verify element property value successfully

2023-10-16 14:16:17 - [TEST_STEP][PASSED] - verifyElementPropertyValue(getResponse, "offers[12].groups[0].pricingPlans[0].visualElements[0].key", "Header_1_text"): Verify element property value successfully

2023-10-16 14:16:17 - [MESSAGE][PASSED] - Verify element property value successfully

2023-10-16 14:16:17 - [TEST_STEP][PASSED] - verifyElementPropertyValue(getResponse, "offers[12].groups[0].pricingPlans[0].visualElements[0].value", "Abonnez-vous dès maintenant et profitez de vos programmes sans publicité"): Verify element property value successfully

2023-10-16 14:16:17 - [MESSAGE][PASSED] - Verify element property value successfully

2023-10-16 14:16:17 - [TEST_STEP][PASSED] - verifyElementPropertyValue(getResponse, "offers[12].groups[0].pricingPlans[0].visualElements[1].key", "display_title"): Verify element property value successfully

2023-10-16 14:16:17 - [MESSAGE][PASSED] - Verify element property value successfully

2023-10-16 14:16:17 - [TEST_STEP][PASSED] - verifyElementPropertyValue(getResponse, "offers[12].groups[0].pricingPlans[0].visualElements[1].value", "40% de réduction"): Verify element property value successfully

2023-10-16 14:16:17 - [MESSAGE][PASSED] - Verify element property value successfully

2023-10-16 14:16:17 - [TEST_STEP][PASSED] - verifyElementPropertyValue(getResponse, "offers[12].groups[0].pricingPlans[0].visualElements[3].key", "deduction_text"): Verify element property value successfully

2023-10-16 14:16:17 - [MESSAGE][PASSED] - Verify element property value successfully

2023-10-16 14:16:17 - [TEST_STEP][PASSED] - verifyElementPropertyValue(getResponse, "offers[12].groups[0].pricingPlans[0].visualElements[3].value", "facturation mensuelle"): Verify element property value successfully

2023-10-16 14:16:17 - [MESSAGE][PASSED] - Verify element property value successfully

2023-10-16 14:16:17 - [TEST_STEP][PASSED] - verifyElementPropertyValue(getResponse, "offers[12].groups[0].pricingPlans[0].visualElements[6].key", "show_payment_logo"): Verify element property value successfully

2023-10-16 14:16:17 - [MESSAGE][PASSED] - Verify element property value successfully

2023-10-16 14:16:17 - [TEST_STEP][PASSED] - verifyElementPropertyValue(getResponse, "offers[12].groups[0].pricingPlans[0].visualElements[6].value", "true"): Verify element property value successfully

2023-10-16 14:16:17 - [MESSAGE][PASSED] - Verify element property value successfully

2023-10-16 14:16:17 - [TEST_STEP][PASSED] - verifyElementPropertyValue(getResponse, "offers[12].groups[0].pricingPlans[0].visualElements[8].key", "price"): Verify element property value successfully

2023-10-16 14:16:17 - [MESSAGE][PASSED] - Verify element property value successfully

2023-10-16 14:16:17 - [TEST_STEP][PASSED] - verifyElementPropertyValue(getResponse, "offers[12].groups[0].pricingPlans[0].visualElements[8].value", "481"): Verify element property value successfully

2023-10-16 14:16:17 - [MESSAGE][PASSED] - Verify element property value successfully

2023-10-16 14:16:17 - [TEST_STEP][PASSED] - verifyElementPropertyValue(getResponse, "offers[12].groups[0].pricingPlans[0].visualElements[9].key", "currency"): Verify element property value successfully

2023-10-16 14:16:18 - [MESSAGE][PASSED] - Verify element property value successfully

2023-10-16 14:16:18 - [TEST_STEP][PASSED] - verifyElementPropertyValue(getResponse, "offers[12].groups[0].pricingPlans[0].visualElements[9].value", "DZD"): Verify element property value successfully

2023-10-16 14:16:18 - [MESSAGE][PASSED] - Verify element property value successfully

2023-10-16 14:16:18 - [TEST_STEP][PASSED] - verifyElementPropertyValue(getResponse, "offers[12].groups[0].pricingPlans[0].visualElements[10].key", "duration"): Verify element property value successfully

2023-10-16 14:16:18 - [MESSAGE][PASSED] - Verify element property value successfully

2023-10-16 14:16:18 - [TEST_STEP][PASSED] - verifyElementPropertyValue(getResponse, "offers[12].groups[0].pricingPlans[0].visualElements[10].value", "Mensuel"): Verify element property value successfully

2023-10-16 14:16:18 - [MESSAGE][PASSED] - Verify element property value successfully

2023-10-16 14:16:18 - [TEST_STEP][PASSED] - verifyElementPropertyValue(getResponse, "offers[12].groups[0].pricingPlans[0].visualElements[11].key", "featured_tag_text"): Verify element property value successfully

2023-10-16 14:16:18 - [MESSAGE][PASSED] - Verify element property value successfully

2023-10-16 14:16:18 - [TEST_STEP][PASSED] - verifyElementPropertyValue(getResponse, "offers[12].groups[0].pricingPlans[0].visualElements[11].value", "Offre limitée"): Verify element property value successfully

2023-10-16 14:16:18 - [MESSAGE][PASSED] - Verify element property value successfully

2023-10-16 14:16:18 - [TEST_STEP][PASSED] - verifyElementPropertyValue(getResponse, "offers[12].groups[0].pricingPlans[0].visualElements[13].key", "tag_text"): Verify element property value successfully

2023-10-16 14:16:18 - [MESSAGE][PASSED] - Verify element property value successfully

2023-10-16 14:16:18 - [TEST_STEP][PASSED] - verifyElementPropertyValue(getResponse, "offers[12].groups[0].pricingPlans[0].visualElements[13].value", "Économisez 40% "): Verify element property value successfully

2023-10-16 14:16:18 - [MESSAGE][PASSED] - Verify element property value successfully

2023-10-16 14:16:18 - [TEST_STEP][PASSED] - verifyElementPropertyValue(getResponse, "offers[12].groups[0].pricingPlans[0].visualElements[12].key", "show_tag"): Verify element property value successfully

2023-10-16 14:16:18 - [MESSAGE][PASSED] - Verify element property value successfully

2023-10-16 14:16:18 - [TEST_STEP][PASSED] - verifyElementPropertyValue(getResponse, "offers[12].groups[0].pricingPlans[0].visualElements[12].value", "true"): Verify element property value successfully

2023-10-16 14:16:18 - [MESSAGE][PASSED] - Verify element property value successfully

2023-10-16 14:16:18 - [TEST_STEP][PASSED] - verifyElementPropertyValue(getResponse, "offers[12].groups[0].pricingPlans[0].pricingPlanData[0].productId", "DZA_B2C_SHAHID_VIP_SPORT_1M"): Verify element property value successfully

2023-10-16 14:16:18 - [MESSAGE][PASSED] - Verify element property value successfully

2023-10-16 14:16:18 - [TEST_STEP][PASSED] - verifyElementPropertyValue(getResponse, "offers[12].groups[0].pricingPlans[0].pricingPlanData[0].paymentMethod", "CREDIT_CARD"): Verify element property value successfully

2023-10-16 14:16:18 - [MESSAGE][PASSED] - Verify element property value successfully

2023-10-16 14:16:18 - [TEST_STEP][PASSED] - verifyElementPropertyValue(getResponse, "offers[12].groups[0].pricingPlans[0].pricingPlanData[0].freeTrialEnabled", "false"): Verify element property value successfully

2023-10-16 14:16:18 - [MESSAGE][PASSED] - Verify element property value successfully

2023-10-16 14:16:18 - [TEST_STEP][PASSED] - verifyElementPropertyValue(getResponse, "offers[12].groups[0].pricingPlans[0].pricingPlanData[0].showIn[0]", "VERTICAL_MODE"): Verify element property value successfully

2023-10-16 14:16:18 - [MESSAGE][PASSED] - Verify element property value successfully

2023-10-16 14:16:18 - [TEST_STEP][PASSED] - verifyElementPropertyValue(getResponse, "offers[12].groups[0].pricingPlans[0].pricingPlanData[0].showIn[1]", "HORIZONTAL_MODE"): Verify element property value successfully

2023-10-16 14:16:18 - [MESSAGE][PASSED] - Verify element property value successfully

2023-10-16 14:16:18 - [TEST_STEP][PASSED] - verifyElementPropertyValue(getResponse, "offers[12].groups[0].pricingPlans[0].pricingPlanData[0].priceLabel", "481"): Verify element property value successfully

2023-10-16 14:16:18 - [MESSAGE][PASSED] - Verify element property value successfully

2023-10-16 14:16:18 - [TEST_STEP][PASSED] - verifyElementPropertyValue(getResponse, "offers[12].groups[0].pricingPlans[0].pricingPlanData[0].currencyLabel", "DZD"): Verify element property value successfully

2023-10-16 14:16:18 - [MESSAGE][PASSED] - Verify element property value successfully

2023-10-16 14:16:18 - [TEST_STEP][PASSED] - verifyElementPropertyValue(getResponse, "offers[12].groups[0].pricingPlans[0].pricingPlanData[0].dealId", "BYG_SPORT_40P_DZA"): Verify element property value successfully

2023-10-16 14:16:18 - [MESSAGE][PASSED] - Verify element property value successfully

2023-10-16 14:16:18 - [TEST_STEP][PASSED] - verifyElementPropertyValue(getResponse, "offers[12].groups[0].pricingPlans[0].pricingPlanData[0].allowedForAcquisition", "true"): Verify element property value successfully

2023-10-16 14:16:18 - [MESSAGE][PASSED] - Verify element property value successfully

2023-10-16 14:16:18 - [TEST_STEP][PASSED] - verifyElementPropertyValue(getResponse, "offers[12].groups[0].pricingPlans[0].pricingPlanData[0].visualElements[0].key", "title"): Verify element property value successfully

2023-10-16 14:16:18 - [MESSAGE][PASSED] - Verify element property value successfully

2023-10-16 14:16:18 - [TEST_STEP][PASSED] - verifyElementPropertyValue(getResponse, "offers[12].groups[0].pricingPlans[0].pricingPlanData[0].visualElements[0].value", "Carte de crédit/débit"): Verify element property value successfully

2023-10-16 14:16:18 - [MESSAGE][PASSED] - Verify element property value successfully

2023-10-16 14:16:18 - [TEST_STEP][PASSED] - verifyElementPropertyValue(getResponse, "offers[12].groups[0].pricingPlans[0].pricingPlanData[0].visualElements[1].key", "CTA_text"): Verify element property value successfully

2023-10-16 14:16:18 - [MESSAGE][PASSED] - Verify element property value successfully

2023-10-16 14:16:18 - [TEST_STEP][PASSED] - verifyElementPropertyValue(getResponse, "offers[12].groups[0].pricingPlans[0].pricingPlanData[0].visualElements[1].value", "S’abonner"): Verify element property value successfully

2023-10-16 14:16:18 - [MESSAGE][PASSED] - Verify element property value successfully

2023-10-16 14:16:18 - [TEST_STEP][PASSED] - verifyElementPropertyValue(getResponse, "offers[12].groups[0].pricingPlans[0].pricingPlanData[0].visualElements[2].key", "logo"): Verify element property value successfully

2023-10-16 14:16:18 - [MESSAGE][PASSED] - Verify element property value successfully

2023-10-16 14:16:18 - [TEST_STEP][PASSED] - verifyElementPropertyValue(getResponse, "offers[12].groups[0].pricingPlans[0].pricingPlanData[0].visualElements[2].value", "https://static.s3.shahid.mbc.net/widget-images/icons/iconCreditCard.png"): Verify element property value successfully

2023-10-16 14:16:18 - [MESSAGE][PASSED] - Verify element property value successfully

2023-10-16 14:16:18 - [TEST_STEP][PASSED] - verifyElementPropertyValue(getResponse, "offers[13].offerId", "byg-sport-50-offer"): Verify element property value successfully

2023-10-16 14:16:18 - [MESSAGE][PASSED] - Verify element property value successfully

2023-10-16 14:16:18 - [TEST_STEP][PASSED] - verifyElementPropertyValue(getResponse, "offers[13].offerParam", "bygsportsoffer50"): Verify element property value successfully

2023-10-16 14:16:18 - [MESSAGE][PASSED] - Verify element property value successfully

2023-10-16 14:16:18 - [TEST_STEP][PASSED] - verifyElementPropertyValue(getResponse, "offers[13].groups[0].pricingPlans[0].featured", "true"): Verify element property value successfully

2023-10-16 14:16:18 - [MESSAGE][PASSED] - Verify element property value successfully

2023-10-16 14:16:18 - [TEST_STEP][PASSED] - verifyElementPropertyValue(getResponse, "offers[13].groups[0].pricingPlans[0].period", "monthly"): Verify element property value successfully

2023-10-16 14:16:18 - [MESSAGE][PASSED] - Verify element property value successfully

2023-10-16 14:16:18 - [TEST_STEP][PASSED] - verifyElementPropertyValue(getResponse, "offers[13].groups[0].pricingPlans[0].featured", "true"): Verify element property value successfully

2023-10-16 14:16:18 - [MESSAGE][PASSED] - Verify element property value successfully

2023-10-16 14:16:18 - [TEST_STEP][PASSED] - verifyElementPropertyValue(getResponse, "offers[13].groups[0].pricingPlans[0].price", "401.0"): Verify element property value successfully

2023-10-16 14:16:18 - [MESSAGE][PASSED] - Verify element property value successfully

2023-10-16 14:16:18 - [TEST_STEP][PASSED] - verifyElementPropertyValue(getResponse, "offers[13].groups[0].pricingPlans[0].currency", "DZD"): Verify element property value successfully

2023-10-16 14:16:18 - [MESSAGE][PASSED] - Verify element property value successfully

2023-10-16 14:16:18 - [TEST_STEP][PASSED] - verifyElementPropertyValue(getResponse, "offers[13].groups[0].pricingPlans[0].order", "0"): Verify element property value successfully

2023-10-16 14:16:18 - [MESSAGE][PASSED] - Verify element property value successfully

2023-10-16 14:16:18 - [TEST_STEP][PASSED] - verifyElementPropertyValue(getResponse, "offers[13].groups[0].pricingPlans[0].packageId", "SHAHID_VIP_SPORT"): Verify element property value successfully

2023-10-16 14:16:18 - [MESSAGE][PASSED] - Verify element property value successfully

2023-10-16 14:16:18 - [TEST_STEP][PASSED] - verifyElementPropertyValue(getResponse, "offers[13].groups[0].pricingPlans[0].catalogId", "SPORT"): Verify element property value successfully

2023-10-16 14:16:18 - [MESSAGE][PASSED] - Verify element property value successfully

2023-10-16 14:16:18 - [TEST_STEP][PASSED] - verifyElementPropertyValue(getResponse, "offers[13].groups[0].pricingPlans[0].visualElements[0].key", "Header_1_text"): Verify element property value successfully

2023-10-16 14:16:18 - [MESSAGE][PASSED] - Verify element property value successfully

2023-10-16 14:16:18 - [TEST_STEP][PASSED] - verifyElementPropertyValue(getResponse, "offers[13].groups[0].pricingPlans[0].visualElements[0].value", "Abonnez-vous dès maintenant et profitez de vos programmes sans publicité"): Verify element property value successfully

2023-10-16 14:16:18 - [MESSAGE][PASSED] - Verify element property value successfully

2023-10-16 14:16:18 - [TEST_STEP][PASSED] - verifyElementPropertyValue(getResponse, "offers[13].groups[0].pricingPlans[0].visualElements[1].key", "display_title"): Verify element property value successfully

2023-10-16 14:16:18 - [MESSAGE][PASSED] - Verify element property value successfully

2023-10-16 14:16:18 - [TEST_STEP][PASSED] - verifyElementPropertyValue(getResponse, "offers[13].groups[0].pricingPlans[0].visualElements[1].value", "50% de réduction"): Verify element property value successfully

2023-10-16 14:16:18 - [MESSAGE][PASSED] - Verify element property value successfully

2023-10-16 14:16:18 - [TEST_STEP][PASSED] - verifyElementPropertyValue(getResponse, "offers[13].groups[0].pricingPlans[0].visualElements[3].key", "deduction_text"): Verify element property value successfully

2023-10-16 14:16:18 - [MESSAGE][PASSED] - Verify element property value successfully

2023-10-16 14:16:18 - [TEST_STEP][PASSED] - verifyElementPropertyValue(getResponse, "offers[13].groups[0].pricingPlans[0].visualElements[3].value", "facturation mensuelle"): Verify element property value successfully

2023-10-16 14:16:18 - [MESSAGE][PASSED] - Verify element property value successfully

2023-10-16 14:16:18 - [TEST_STEP][PASSED] - verifyElementPropertyValue(getResponse, "offers[13].groups[0].pricingPlans[0].visualElements[6].key", "show_payment_logo"): Verify element property value successfully

2023-10-16 14:16:18 - [MESSAGE][PASSED] - Verify element property value successfully

2023-10-16 14:16:18 - [TEST_STEP][PASSED] - verifyElementPropertyValue(getResponse, "offers[13].groups[0].pricingPlans[0].visualElements[6].value", "true"): Verify element property value successfully

2023-10-16 14:16:18 - [MESSAGE][PASSED] - Verify element property value successfully

2023-10-16 14:16:18 - [TEST_STEP][PASSED] - verifyElementPropertyValue(getResponse, "offers[13].groups[0].pricingPlans[0].visualElements[8].key", "price"): Verify element property value successfully

2023-10-16 14:16:18 - [MESSAGE][PASSED] - Verify element property value successfully

2023-10-16 14:16:18 - [TEST_STEP][PASSED] - verifyElementPropertyValue(getResponse, "offers[13].groups[0].pricingPlans[0].visualElements[8].value", "401"): Verify element property value successfully

2023-10-16 14:16:18 - [MESSAGE][PASSED] - Verify element property value successfully

2023-10-16 14:16:18 - [TEST_STEP][PASSED] - verifyElementPropertyValue(getResponse, "offers[13].groups[0].pricingPlans[0].visualElements[9].key", "currency"): Verify element property value successfully

2023-10-16 14:16:18 - [MESSAGE][PASSED] - Verify element property value successfully

2023-10-16 14:16:18 - [TEST_STEP][PASSED] - verifyElementPropertyValue(getResponse, "offers[13].groups[0].pricingPlans[0].visualElements[9].value", "DZD"): Verify element property value successfully

2023-10-16 14:16:18 - [MESSAGE][PASSED] - Verify element property value successfully

2023-10-16 14:16:18 - [TEST_STEP][PASSED] - verifyElementPropertyValue(getResponse, "offers[13].groups[0].pricingPlans[0].visualElements[10].key", "duration"): Verify element property value successfully

2023-10-16 14:16:18 - [MESSAGE][PASSED] - Verify element property value successfully

2023-10-16 14:16:18 - [TEST_STEP][PASSED] - verifyElementPropertyValue(getResponse, "offers[13].groups[0].pricingPlans[0].visualElements[10].value", "Mensuel"): Verify element property value successfully

2023-10-16 14:16:18 - [MESSAGE][PASSED] - Verify element property value successfully

2023-10-16 14:16:18 - [TEST_STEP][PASSED] - verifyElementPropertyValue(getResponse, "offers[13].groups[0].pricingPlans[0].visualElements[11].key", "featured_tag_text"): Verify element property value successfully

2023-10-16 14:16:18 - [MESSAGE][PASSED] - Verify element property value successfully

2023-10-16 14:16:18 - [TEST_STEP][PASSED] - verifyElementPropertyValue(getResponse, "offers[13].groups[0].pricingPlans[0].visualElements[11].value", "Offre limitée"): Verify element property value successfully

2023-10-16 14:16:18 - [MESSAGE][PASSED] - Verify element property value successfully

2023-10-16 14:16:18 - [TEST_STEP][PASSED] - verifyElementPropertyValue(getResponse, "offers[13].groups[0].pricingPlans[0].visualElements[13].key", "tag_text"): Verify element property value successfully

2023-10-16 14:16:18 - [MESSAGE][PASSED] - Verify element property value successfully

2023-10-16 14:16:18 - [TEST_STEP][PASSED] - verifyElementPropertyValue(getResponse, "offers[13].groups[0].pricingPlans[0].visualElements[13].value", "Économisez 50% "): Verify element property value successfully

2023-10-16 14:16:18 - [MESSAGE][PASSED] - Verify element property value successfully

2023-10-16 14:16:18 - [TEST_STEP][PASSED] - verifyElementPropertyValue(getResponse, "offers[13].groups[0].pricingPlans[0].visualElements[12].key", "show_tag"): Verify element property value successfully

2023-10-16 14:16:18 - [MESSAGE][PASSED] - Verify element property value successfully

2023-10-16 14:16:18 - [TEST_STEP][PASSED] - verifyElementPropertyValue(getResponse, "offers[13].groups[0].pricingPlans[0].visualElements[12].value", "true"): Verify element property value successfully

2023-10-16 14:16:18 - [MESSAGE][PASSED] - Verify element property value successfully

2023-10-16 14:16:18 - [TEST_STEP][PASSED] - verifyElementPropertyValue(getResponse, "offers[13].groups[0].pricingPlans[0].pricingPlanData[0].productId", "DZA_B2C_SHAHID_VIP_SPORT_1M"): Verify element property value successfully

2023-10-16 14:16:18 - [MESSAGE][PASSED] - Verify element property value successfully

2023-10-16 14:16:18 - [TEST_STEP][PASSED] - verifyElementPropertyValue(getResponse, "offers[13].groups[0].pricingPlans[0].pricingPlanData[0].paymentMethod", "CREDIT_CARD"): Verify element property value successfully

2023-10-16 14:16:18 - [MESSAGE][PASSED] - Verify element property value successfully

2023-10-16 14:16:18 - [TEST_STEP][PASSED] - verifyElementPropertyValue(getResponse, "offers[13].groups[0].pricingPlans[0].pricingPlanData[0].freeTrialEnabled", "false"): Verify element property value successfully

2023-10-16 14:16:18 - [MESSAGE][PASSED] - Verify element property value successfully

2023-10-16 14:16:18 - [TEST_STEP][PASSED] - verifyElementPropertyValue(getResponse, "offers[13].groups[0].pricingPlans[0].pricingPlanData[0].showIn[0]", "VERTICAL_MODE"): Verify element property value successfully

2023-10-16 14:16:18 - [MESSAGE][PASSED] - Verify element property value successfully

2023-10-16 14:16:18 - [TEST_STEP][PASSED] - verifyElementPropertyValue(getResponse, "offers[13].groups[0].pricingPlans[0].pricingPlanData[0].showIn[1]", "HORIZONTAL_MODE"): Verify element property value successfully

2023-10-16 14:16:18 - [MESSAGE][PASSED] - Verify element property value successfully

2023-10-16 14:16:18 - [TEST_STEP][PASSED] - verifyElementPropertyValue(getResponse, "offers[13].groups[0].pricingPlans[0].pricingPlanData[0].priceLabel", "401"): Verify element property value successfully

2023-10-16 14:16:18 - [MESSAGE][PASSED] - Verify element property value successfully

2023-10-16 14:16:18 - [TEST_STEP][PASSED] - verifyElementPropertyValue(getResponse, "offers[13].groups[0].pricingPlans[0].pricingPlanData[0].currencyLabel", "DZD"): Verify element property value successfully

2023-10-16 14:16:18 - [MESSAGE][PASSED] - Verify element property value successfully

2023-10-16 14:16:18 - [TEST_STEP][PASSED] - verifyElementPropertyValue(getResponse, "offers[13].groups[0].pricingPlans[0].pricingPlanData[0].dealId", "BYG_SPORT_50P_DZA"): Verify element property value successfully

2023-10-16 14:16:18 - [MESSAGE][PASSED] - Verify element property value successfully

2023-10-16 14:16:18 - [TEST_STEP][PASSED] - verifyElementPropertyValue(getResponse, "offers[13].groups[0].pricingPlans[0].pricingPlanData[0].allowedForAcquisition", "true"): Verify element property value successfully

2023-10-16 14:16:18 - [MESSAGE][PASSED] - Verify element property value successfully

2023-10-16 14:16:18 - [TEST_STEP][PASSED] - verifyElementPropertyValue(getResponse, "offers[13].groups[0].pricingPlans[0].pricingPlanData[0].visualElements[0].key", "title"): Verify element property value successfully

2023-10-16 14:16:18 - [MESSAGE][PASSED] - Verify element property value successfully

2023-10-16 14:16:18 - [TEST_STEP][PASSED] - verifyElementPropertyValue(getResponse, "offers[13].groups[0].pricingPlans[0].pricingPlanData[0].visualElements[0].value", "Carte de crédit/débit"): Verify element property value successfully

2023-10-16 14:16:18 - [MESSAGE][PASSED] - Verify element property value successfully

2023-10-16 14:16:18 - [TEST_STEP][PASSED] - verifyElementPropertyValue(getResponse, "offers[13].groups[0].pricingPlans[0].pricingPlanData[0].visualElements[1].key", "CTA_text"): Verify element property value successfully

2023-10-16 14:16:18 - [MESSAGE][PASSED] - Verify element property value successfully

2023-10-16 14:16:18 - [TEST_STEP][PASSED] - verifyElementPropertyValue(getResponse, "offers[13].groups[0].pricingPlans[0].pricingPlanData[0].visualElements[1].value", "S’abonner"): Verify element property value successfully

2023-10-16 14:16:18 - [MESSAGE][PASSED] - Verify element property value successfully

2023-10-16 14:16:18 - [TEST_STEP][PASSED] - verifyElementPropertyValue(getResponse, "offers[13].groups[0].pricingPlans[0].pricingPlanData[0].visualElements[2].key", "logo"): Verify element property value successfully

2023-10-16 14:16:18 - [MESSAGE][PASSED] - Verify element property value successfully

2023-10-16 14:16:18 - [TEST_STEP][PASSED] - verifyElementPropertyValue(getResponse, "offers[13].groups[0].pricingPlans[0].pricingPlanData[0].visualElements[2].value", "https://static.s3.shahid.mbc.net/widget-images/icons/iconCreditCard.png"): Verify element property value successfully

2023-10-16 14:16:18 - [MESSAGE][PASSED] - Verify element property value successfully]]></system-out>
         <system-err><![CDATA[]]></system-err>
      </testcase>
      <testcase name="Test Cases/WEB - CHROME/DZA PI/WEB_FR_getOffersForDZA_VIP" time="3.81" classname="Test Cases/WEB - CHROME/DZA PI/WEB_FR_getOffersForDZA_VIP" status="FAILED">
         <failure type="FAILED" message="Test Cases/WEB - CHROME/DZA PI/WEB_FR_getOffersForDZA_VIP FAILED.
Reason:
com.kms.katalon.core.exception.StepFailedException: Expected element property value '241.0' is not equal with actual property value '201.0'
	at com.kms.katalon.core.keyword.internal.KeywordMain.stepFailed(KeywordMain.groovy:39)
	at com.kms.katalon.core.webservice.keyword.builtin.VerifyElementPropertyValueKeyword$_verifyElementPropertyValue_closure1.doCall(VerifyElementPropertyValueKeyword.groovy:56)
	at com.kms.katalon.core.webservice.keyword.builtin.VerifyElementPropertyValueKeyword$_verifyElementPropertyValue_closure1.call(VerifyElementPropertyValueKeyword.groovy)
	at com.kms.katalon.core.keyword.internal.KeywordMain.runKeyword(KeywordMain.groovy:75)
	at com.kms.katalon.core.webservice.keyword.builtin.VerifyElementPropertyValueKeyword.verifyElementPropertyValue(VerifyElementPropertyValueKeyword.groovy:48)
	at com.kms.katalon.core.webservice.keyword.builtin.VerifyElementPropertyValueKeyword.execute(VerifyElementPropertyValueKeyword.groovy:43)
	at com.kms.katalon.core.keyword.internal.KeywordExecutor.executeKeywordForPlatform(KeywordExecutor.groovy:74)
	at com.kms.katalon.core.webservice.keyword.WSBuiltInKeywords.verifyElementPropertyValue(WSBuiltInKeywords.groovy:190)
	at com.kms.katalon.core.webservice.keyword.WSBuiltInKeywords$verifyElementPropertyValue$1.call(Unknown Source)
	at WEB_FR_getOffersForDZA_VIP.run(WEB_FR_getOffersForDZA_VIP:89)
	at com.kms.katalon.core.main.ScriptEngine.run(ScriptEngine.java:194)
	at com.kms.katalon.core.main.ScriptEngine.runScriptAsRawText(ScriptEngine.java:119)
	at com.kms.katalon.core.main.TestCaseExecutor.runScript(TestCaseExecutor.java:448)
	at com.kms.katalon.core.main.TestCaseExecutor.doExecute(TestCaseExecutor.java:439)
	at com.kms.katalon.core.main.TestCaseExecutor.processExecutionPhase(TestCaseExecutor.java:418)
	at com.kms.katalon.core.main.TestCaseExecutor.accessMainPhase(TestCaseExecutor.java:410)
	at com.kms.katalon.core.main.TestCaseExecutor.execute(TestCaseExecutor.java:285)
	at com.kms.katalon.core.common.CommonExecutor.accessTestCaseMainPhase(CommonExecutor.java:65)
	at com.kms.katalon.core.main.TestSuiteExecutor.accessTestSuiteMainPhase(TestSuiteExecutor.java:148)
	at com.kms.katalon.core.main.TestSuiteExecutor.execute(TestSuiteExecutor.java:106)
	at com.kms.katalon.core.main.TestCaseMain.startTestSuite(TestCaseMain.java:187)
	at com.kms.katalon.core.main.TestCaseMain$startTestSuite$0.call(Unknown Source)
	at TempTestSuite1697454213703.run(TempTestSuite1697454213703.groovy:36)
"/>
         <system-out><![CDATA[2023-10-16 14:16:18 - [TEST_CASE][FAILED] - Test Cases/WEB - CHROME/DZA PI/WEB_FR_getOffersForDZA_VIP: Test Cases/WEB - CHROME/DZA PI/WEB_FR_getOffersForDZA_VIP FAILED.
Reason:
com.kms.katalon.core.exception.StepFailedException: Expected element property value '241.0' is not equal with actual property value '201.0'
	at com.kms.katalon.core.keyword.internal.KeywordMain.stepFailed(KeywordMain.groovy:39)
	at com.kms.katalon.core.webservice.keyword.builtin.VerifyElementPropertyValueKeyword$_verifyElementPropertyValue_closure1.doCall(VerifyElementPropertyValueKeyword.groovy:56)
	at com.kms.katalon.core.webservice.keyword.builtin.VerifyElementPropertyValueKeyword$_verifyElementPropertyValue_closure1.call(VerifyElementPropertyValueKeyword.groovy)
	at com.kms.katalon.core.keyword.internal.KeywordMain.runKeyword(KeywordMain.groovy:75)
	at com.kms.katalon.core.webservice.keyword.builtin.VerifyElementPropertyValueKeyword.verifyElementPropertyValue(VerifyElementPropertyValueKeyword.groovy:48)
	at com.kms.katalon.core.webservice.keyword.builtin.VerifyElementPropertyValueKeyword.execute(VerifyElementPropertyValueKeyword.groovy:43)
	at com.kms.katalon.core.keyword.internal.KeywordExecutor.executeKeywordForPlatform(KeywordExecutor.groovy:74)
	at com.kms.katalon.core.webservice.keyword.WSBuiltInKeywords.verifyElementPropertyValue(WSBuiltInKeywords.groovy:190)
	at com.kms.katalon.core.webservice.keyword.WSBuiltInKeywords$verifyElementPropertyValue$1.call(Unknown Source)
	at WEB_FR_getOffersForDZA_VIP.run(WEB_FR_getOffersForDZA_VIP:89)
	at com.kms.katalon.core.main.ScriptEngine.run(ScriptEngine.java:194)
	at com.kms.katalon.core.main.ScriptEngine.runScriptAsRawText(ScriptEngine.java:119)
	at com.kms.katalon.core.main.TestCaseExecutor.runScript(TestCaseExecutor.java:448)
	at com.kms.katalon.core.main.TestCaseExecutor.doExecute(TestCaseExecutor.java:439)
	at com.kms.katalon.core.main.TestCaseExecutor.processExecutionPhase(TestCaseExecutor.java:418)
	at com.kms.katalon.core.main.TestCaseExecutor.accessMainPhase(TestCaseExecutor.java:410)
	at com.kms.katalon.core.main.TestCaseExecutor.execute(TestCaseExecutor.java:285)
	at com.kms.katalon.core.common.CommonExecutor.accessTestCaseMainPhase(CommonExecutor.java:65)
	at com.kms.katalon.core.main.TestSuiteExecutor.accessTestSuiteMainPhase(TestSuiteExecutor.java:148)
	at com.kms.katalon.core.main.TestSuiteExecutor.execute(TestSuiteExecutor.java:106)
	at com.kms.katalon.core.main.TestCaseMain.startTestSuite(TestCaseMain.java:187)
	at com.kms.katalon.core.main.TestCaseMain$startTestSuite$0.call(Unknown Source)
	at TempTestSuite1697454213703.run(TempTestSuite1697454213703.groovy:36)


2023-10-16 14:16:18 - [TEST_STEP][PASSED] - getResponse = config_files.getConfigFile.getConfig("WEB", "FR", "SHAHID_VIP", "DZ", "false"): config_files.getConfigFile.getConfig is PASSED

2023-10-16 14:16:19 - [MESSAGE][INFO] - HAR: /Users/admin/git/shahid-configuration/Reports/20231016_140310/WEB/DZA/20231016_140333/requests/main/9.har

2023-10-16 14:16:19 - [MESSAGE][PASSED] - Send request successfully

2023-10-16 14:16:19 - [MESSAGE][PASSED] - config_files.getConfigFile.getConfig is PASSED

2023-10-16 14:16:19 - [TEST_STEP][PASSED] - verifyResponseStatusCode(getResponse, 200): Verify response status code successfully

2023-10-16 14:16:19 - [MESSAGE][PASSED] - Verify response status code successfully

2023-10-16 14:16:19 - [TEST_STEP][PASSED] - verifyElementPropertyValue(getResponse, "country", "DZA"): Verify element property value successfully

2023-10-16 14:16:19 - [MESSAGE][PASSED] - Verify element property value successfully

2023-10-16 14:16:19 - [TEST_STEP][PASSED] - verifyElementPropertyValue(getResponse, "platform", "[WEB]"): Verify element property value successfully

2023-10-16 14:16:19 - [MESSAGE][PASSED] - Verify element property value successfully

2023-10-16 14:16:19 - [TEST_STEP][PASSED] - verifyElementPropertyValue(getResponse, "offers[0].offerId", "winback-30-offer"): Verify element property value successfully

2023-10-16 14:16:19 - [MESSAGE][PASSED] - Verify element property value successfully

2023-10-16 14:16:19 - [TEST_STEP][PASSED] - verifyElementPropertyValue(getResponse, "offers[0].offerParam", "winback30"): Verify element property value successfully

2023-10-16 14:16:19 - [MESSAGE][PASSED] - Verify element property value successfully

2023-10-16 14:16:19 - [TEST_STEP][PASSED] - verifyElementPropertyValue(getResponse, "offers[0].groups[0].pricingPlans[0].featured", "true"): Verify element property value successfully

2023-10-16 14:16:19 - [MESSAGE][PASSED] - Verify element property value successfully

2023-10-16 14:16:19 - [TEST_STEP][PASSED] - verifyElementPropertyValue(getResponse, "offers[0].groups[0].pricingPlans[0].period", "monthly"): Verify element property value successfully

2023-10-16 14:16:19 - [MESSAGE][PASSED] - Verify element property value successfully

2023-10-16 14:16:19 - [TEST_STEP][PASSED] - verifyElementPropertyValue(getResponse, "offers[0].groups[0].pricingPlans[0].featured", "true"): Verify element property value successfully

2023-10-16 14:16:19 - [MESSAGE][PASSED] - Verify element property value successfully

2023-10-16 14:16:19 - [TEST_STEP][PASSED] - verifyElementPropertyValue(getResponse, "offers[0].groups[0].pricingPlans[0].price", "251.0"): Verify element property value successfully

2023-10-16 14:16:19 - [MESSAGE][PASSED] - Verify element property value successfully

2023-10-16 14:16:19 - [TEST_STEP][PASSED] - verifyElementPropertyValue(getResponse, "offers[0].groups[0].pricingPlans[0].currency", "DZD"): Verify element property value successfully

2023-10-16 14:16:19 - [MESSAGE][PASSED] - Verify element property value successfully

2023-10-16 14:16:19 - [TEST_STEP][PASSED] - verifyElementPropertyValue(getResponse, "offers[0].groups[0].pricingPlans[0].order", "0"): Verify element property value successfully

2023-10-16 14:16:19 - [MESSAGE][PASSED] - Verify element property value successfully

2023-10-16 14:16:19 - [TEST_STEP][PASSED] - verifyElementPropertyValue(getResponse, "offers[0].groups[0].pricingPlans[0].packageId", "SHAHID_VIP"): Verify element property value successfully

2023-10-16 14:16:19 - [MESSAGE][PASSED] - Verify element property value successfully

2023-10-16 14:16:19 - [TEST_STEP][PASSED] - verifyElementPropertyValue(getResponse, "offers[0].groups[0].pricingPlans[0].catalogId", "VIP"): Verify element property value successfully

2023-10-16 14:16:19 - [MESSAGE][PASSED] - Verify element property value successfully

2023-10-16 14:16:19 - [TEST_STEP][PASSED] - verifyElementPropertyValue(getResponse, "offers[0].groups[0].pricingPlans[0].visualElements[0].key", "Header_1_text"): Verify element property value successfully

2023-10-16 14:16:19 - [MESSAGE][PASSED] - Verify element property value successfully

2023-10-16 14:16:19 - [TEST_STEP][PASSED] - verifyElementPropertyValue(getResponse, "offers[0].groups[0].pricingPlans[0].visualElements[0].value", "Abonnez-vous dès maintenant et profitez de vos programmes sans publicité"): Verify element property value successfully

2023-10-16 14:16:19 - [MESSAGE][PASSED] - Verify element property value successfully

2023-10-16 14:16:19 - [TEST_STEP][PASSED] - verifyElementPropertyValue(getResponse, "offers[0].groups[0].pricingPlans[0].visualElements[1].key", "display_title"): Verify element property value successfully

2023-10-16 14:16:19 - [MESSAGE][PASSED] - Verify element property value successfully

2023-10-16 14:16:19 - [TEST_STEP][PASSED] - verifyElementPropertyValue(getResponse, "offers[0].groups[0].pricingPlans[0].visualElements[1].value", "30% de réduction"): Verify element property value successfully

2023-10-16 14:16:19 - [MESSAGE][PASSED] - Verify element property value successfully

2023-10-16 14:16:19 - [TEST_STEP][PASSED] - verifyElementPropertyValue(getResponse, "offers[0].groups[0].pricingPlans[0].visualElements[3].key", "deduction_text"): Verify element property value successfully

2023-10-16 14:16:19 - [MESSAGE][PASSED] - Verify element property value successfully

2023-10-16 14:16:19 - [TEST_STEP][PASSED] - verifyElementPropertyValue(getResponse, "offers[0].groups[0].pricingPlans[0].visualElements[3].value", "facturation mensuelle"): Verify element property value successfully

2023-10-16 14:16:19 - [MESSAGE][PASSED] - Verify element property value successfully

2023-10-16 14:16:19 - [TEST_STEP][PASSED] - verifyElementPropertyValue(getResponse, "offers[0].groups[0].pricingPlans[0].visualElements[6].key", "show_payment_logo"): Verify element property value successfully

2023-10-16 14:16:19 - [MESSAGE][PASSED] - Verify element property value successfully

2023-10-16 14:16:19 - [TEST_STEP][PASSED] - verifyElementPropertyValue(getResponse, "offers[0].groups[0].pricingPlans[0].visualElements[6].value", "true"): Verify element property value successfully

2023-10-16 14:16:19 - [MESSAGE][PASSED] - Verify element property value successfully

2023-10-16 14:16:19 - [TEST_STEP][PASSED] - verifyElementPropertyValue(getResponse, "offers[0].groups[0].pricingPlans[0].visualElements[8].key", "price"): Verify element property value successfully

2023-10-16 14:16:19 - [MESSAGE][PASSED] - Verify element property value successfully

2023-10-16 14:16:19 - [TEST_STEP][PASSED] - verifyElementPropertyValue(getResponse, "offers[0].groups[0].pricingPlans[0].visualElements[8].value", "251"): Verify element property value successfully

2023-10-16 14:16:19 - [MESSAGE][PASSED] - Verify element property value successfully

2023-10-16 14:16:19 - [TEST_STEP][PASSED] - verifyElementPropertyValue(getResponse, "offers[0].groups[0].pricingPlans[0].visualElements[9].key", "currency"): Verify element property value successfully

2023-10-16 14:16:19 - [MESSAGE][PASSED] - Verify element property value successfully

2023-10-16 14:16:19 - [TEST_STEP][PASSED] - verifyElementPropertyValue(getResponse, "offers[0].groups[0].pricingPlans[0].visualElements[9].value", "DZD"): Verify element property value successfully

2023-10-16 14:16:19 - [MESSAGE][PASSED] - Verify element property value successfully

2023-10-16 14:16:19 - [TEST_STEP][PASSED] - verifyElementPropertyValue(getResponse, "offers[0].groups[0].pricingPlans[0].visualElements[10].key", "duration"): Verify element property value successfully

2023-10-16 14:16:19 - [MESSAGE][PASSED] - Verify element property value successfully

2023-10-16 14:16:19 - [TEST_STEP][PASSED] - verifyElementPropertyValue(getResponse, "offers[0].groups[0].pricingPlans[0].visualElements[10].value", "Mensuel"): Verify element property value successfully

2023-10-16 14:16:19 - [MESSAGE][PASSED] - Verify element property value successfully

2023-10-16 14:16:19 - [TEST_STEP][PASSED] - verifyElementPropertyValue(getResponse, "offers[0].groups[0].pricingPlans[0].visualElements[11].key", "featured_tag_text"): Verify element property value successfully

2023-10-16 14:16:19 - [MESSAGE][PASSED] - Verify element property value successfully

2023-10-16 14:16:19 - [TEST_STEP][PASSED] - verifyElementPropertyValue(getResponse, "offers[0].groups[0].pricingPlans[0].visualElements[11].value", "Offre limitée"): Verify element property value successfully

2023-10-16 14:16:19 - [MESSAGE][PASSED] - Verify element property value successfully

2023-10-16 14:16:19 - [TEST_STEP][PASSED] - verifyElementPropertyValue(getResponse, "offers[0].groups[0].pricingPlans[0].visualElements[13].key", "tag_text"): Verify element property value successfully

2023-10-16 14:16:19 - [MESSAGE][PASSED] - Verify element property value successfully

2023-10-16 14:16:19 - [TEST_STEP][PASSED] - verifyElementPropertyValue(getResponse, "offers[0].groups[0].pricingPlans[0].visualElements[13].value", "Économisez 30% "): Verify element property value successfully

2023-10-16 14:16:19 - [MESSAGE][PASSED] - Verify element property value successfully

2023-10-16 14:16:19 - [TEST_STEP][PASSED] - verifyElementPropertyValue(getResponse, "offers[0].groups[0].pricingPlans[0].visualElements[12].key", "show_tag"): Verify element property value successfully

2023-10-16 14:16:19 - [MESSAGE][PASSED] - Verify element property value successfully

2023-10-16 14:16:19 - [TEST_STEP][PASSED] - verifyElementPropertyValue(getResponse, "offers[0].groups[0].pricingPlans[0].visualElements[12].value", "true"): Verify element property value successfully

2023-10-16 14:16:19 - [MESSAGE][PASSED] - Verify element property value successfully

2023-10-16 14:16:19 - [TEST_STEP][PASSED] - verifyElementPropertyValue(getResponse, "offers[0].groups[0].pricingPlans[0].pricingPlanData[0].productId", "DZA_B2C_SHAHID_VIP_1M"): Verify element property value successfully

2023-10-16 14:16:19 - [MESSAGE][PASSED] - Verify element property value successfully

2023-10-16 14:16:19 - [TEST_STEP][PASSED] - verifyElementPropertyValue(getResponse, "offers[0].groups[0].pricingPlans[0].pricingPlanData[0].paymentMethod", "CREDIT_CARD"): Verify element property value successfully

2023-10-16 14:16:19 - [MESSAGE][PASSED] - Verify element property value successfully

2023-10-16 14:16:19 - [TEST_STEP][PASSED] - verifyElementPropertyValue(getResponse, "offers[0].groups[0].pricingPlans[0].pricingPlanData[0].freeTrialEnabled", "false"): Verify element property value successfully

2023-10-16 14:16:19 - [MESSAGE][PASSED] - Verify element property value successfully

2023-10-16 14:16:19 - [TEST_STEP][PASSED] - verifyElementPropertyValue(getResponse, "offers[0].groups[0].pricingPlans[0].pricingPlanData[0].showIn[0]", "VERTICAL_MODE"): Verify element property value successfully

2023-10-16 14:16:19 - [MESSAGE][PASSED] - Verify element property value successfully

2023-10-16 14:16:19 - [TEST_STEP][PASSED] - verifyElementPropertyValue(getResponse, "offers[0].groups[0].pricingPlans[0].pricingPlanData[0].showIn[1]", "HORIZONTAL_MODE"): Verify element property value successfully

2023-10-16 14:16:19 - [MESSAGE][PASSED] - Verify element property value successfully

2023-10-16 14:16:19 - [TEST_STEP][PASSED] - verifyElementPropertyValue(getResponse, "offers[0].groups[0].pricingPlans[0].pricingPlanData[0].priceLabel", "251"): Verify element property value successfully

2023-10-16 14:16:19 - [MESSAGE][PASSED] - Verify element property value successfully

2023-10-16 14:16:19 - [TEST_STEP][PASSED] - verifyElementPropertyValue(getResponse, "offers[0].groups[0].pricingPlans[0].pricingPlanData[0].currencyLabel", "DZD"): Verify element property value successfully

2023-10-16 14:16:19 - [MESSAGE][PASSED] - Verify element property value successfully

2023-10-16 14:16:19 - [TEST_STEP][PASSED] - verifyElementPropertyValue(getResponse, "offers[0].groups[0].pricingPlans[0].pricingPlanData[0].dealId", "RE_30P_DZA"): Verify element property value successfully

2023-10-16 14:16:19 - [MESSAGE][PASSED] - Verify element property value successfully

2023-10-16 14:16:19 - [TEST_STEP][PASSED] - verifyElementPropertyValue(getResponse, "offers[0].groups[0].pricingPlans[0].pricingPlanData[0].allowedForAcquisition", "true"): Verify element property value successfully

2023-10-16 14:16:19 - [MESSAGE][PASSED] - Verify element property value successfully

2023-10-16 14:16:19 - [TEST_STEP][PASSED] - verifyElementPropertyValue(getResponse, "offers[0].groups[0].pricingPlans[0].pricingPlanData[0].visualElements[0].key", "title"): Verify element property value successfully

2023-10-16 14:16:19 - [MESSAGE][PASSED] - Verify element property value successfully

2023-10-16 14:16:19 - [TEST_STEP][PASSED] - verifyElementPropertyValue(getResponse, "offers[0].groups[0].pricingPlans[0].pricingPlanData[0].visualElements[0].value", "Carte de crédit/débit"): Verify element property value successfully

2023-10-16 14:16:19 - [MESSAGE][PASSED] - Verify element property value successfully

2023-10-16 14:16:19 - [TEST_STEP][PASSED] - verifyElementPropertyValue(getResponse, "offers[0].groups[0].pricingPlans[0].pricingPlanData[0].visualElements[1].key", "CTA_text"): Verify element property value successfully

2023-10-16 14:16:19 - [MESSAGE][PASSED] - Verify element property value successfully

2023-10-16 14:16:19 - [TEST_STEP][PASSED] - verifyElementPropertyValue(getResponse, "offers[0].groups[0].pricingPlans[0].pricingPlanData[0].visualElements[1].value", "S'abonner"): Verify element property value successfully

2023-10-16 14:16:19 - [MESSAGE][PASSED] - Verify element property value successfully

2023-10-16 14:16:19 - [TEST_STEP][PASSED] - verifyElementPropertyValue(getResponse, "offers[0].groups[0].pricingPlans[0].pricingPlanData[0].visualElements[2].key", "logo"): Verify element property value successfully

2023-10-16 14:16:19 - [MESSAGE][PASSED] - Verify element property value successfully

2023-10-16 14:16:19 - [TEST_STEP][PASSED] - verifyElementPropertyValue(getResponse, "offers[0].groups[0].pricingPlans[0].pricingPlanData[0].visualElements[2].value", "https://static.s3.shahid.mbc.net/widget-images/icons/iconCreditCard.png"): Verify element property value successfully

2023-10-16 14:16:19 - [MESSAGE][PASSED] - Verify element property value successfully

2023-10-16 14:16:19 - [TEST_STEP][PASSED] - verifyElementPropertyValue(getResponse, "offers[1].offerId", "winback-40-offer"): Verify element property value successfully

2023-10-16 14:16:19 - [MESSAGE][PASSED] - Verify element property value successfully

2023-10-16 14:16:19 - [TEST_STEP][PASSED] - verifyElementPropertyValue(getResponse, "offers[1].offerParam", "winback40"): Verify element property value successfully

2023-10-16 14:16:19 - [MESSAGE][PASSED] - Verify element property value successfully

2023-10-16 14:16:19 - [TEST_STEP][PASSED] - verifyElementPropertyValue(getResponse, "offers[1].groups[0].pricingPlans[0].featured", "true"): Verify element property value successfully

2023-10-16 14:16:19 - [MESSAGE][PASSED] - Verify element property value successfully

2023-10-16 14:16:19 - [TEST_STEP][PASSED] - verifyElementPropertyValue(getResponse, "offers[1].groups[0].pricingPlans[0].period", "monthly"): Verify element property value successfully

2023-10-16 14:16:19 - [MESSAGE][PASSED] - Verify element property value successfully

2023-10-16 14:16:19 - [TEST_STEP][PASSED] - verifyElementPropertyValue(getResponse, "offers[1].groups[0].pricingPlans[0].featured", "true"): Verify element property value successfully

2023-10-16 14:16:19 - [MESSAGE][PASSED] - Verify element property value successfully

2023-10-16 14:16:19 - [TEST_STEP][FAILED] - verifyElementPropertyValue(getResponse, "offers[1].groups[0].pricingPlans[0].price", "241.0"): Expected element property value '241.0' is not equal with actual property value '201.0'

2023-10-16 14:16:19 - [MESSAGE][FAILED] - Expected element property value '241.0' is not equal with actual property value '201.0'

2023-10-16 14:16:19 - [TEST_STEP][PASSED] - verifyElementPropertyValue(getResponse, "offers[1].groups[0].pricingPlans[0].currency", "DZD"): Verify element property value successfully

2023-10-16 14:16:19 - [MESSAGE][PASSED] - Verify element property value successfully

2023-10-16 14:16:19 - [TEST_STEP][PASSED] - verifyElementPropertyValue(getResponse, "offers[1].groups[0].pricingPlans[0].order", "0"): Verify element property value successfully

2023-10-16 14:16:19 - [MESSAGE][PASSED] - Verify element property value successfully

2023-10-16 14:16:19 - [TEST_STEP][PASSED] - verifyElementPropertyValue(getResponse, "offers[1].groups[0].pricingPlans[0].packageId", "SHAHID_VIP"): Verify element property value successfully

2023-10-16 14:16:19 - [MESSAGE][PASSED] - Verify element property value successfully

2023-10-16 14:16:19 - [TEST_STEP][PASSED] - verifyElementPropertyValue(getResponse, "offers[1].groups[0].pricingPlans[0].catalogId", "VIP"): Verify element property value successfully

2023-10-16 14:16:20 - [MESSAGE][PASSED] - Verify element property value successfully

2023-10-16 14:16:20 - [TEST_STEP][PASSED] - verifyElementPropertyValue(getResponse, "offers[1].groups[0].pricingPlans[0].visualElements[0].key", "Header_1_text"): Verify element property value successfully

2023-10-16 14:16:20 - [MESSAGE][PASSED] - Verify element property value successfully

2023-10-16 14:16:20 - [TEST_STEP][PASSED] - verifyElementPropertyValue(getResponse, "offers[1].groups[0].pricingPlans[0].visualElements[0].value", "Abonnez-vous dès maintenant et profitez de vos programmes sans publicité"): Verify element property value successfully

2023-10-16 14:16:20 - [MESSAGE][PASSED] - Verify element property value successfully

2023-10-16 14:16:20 - [TEST_STEP][PASSED] - verifyElementPropertyValue(getResponse, "offers[1].groups[0].pricingPlans[0].visualElements[1].key", "display_title"): Verify element property value successfully

2023-10-16 14:16:20 - [MESSAGE][PASSED] - Verify element property value successfully

2023-10-16 14:16:20 - [TEST_STEP][PASSED] - verifyElementPropertyValue(getResponse, "offers[1].groups[0].pricingPlans[0].visualElements[1].value", "40% de réduction"): Verify element property value successfully

2023-10-16 14:16:20 - [MESSAGE][PASSED] - Verify element property value successfully

2023-10-16 14:16:20 - [TEST_STEP][PASSED] - verifyElementPropertyValue(getResponse, "offers[1].groups[0].pricingPlans[0].visualElements[3].key", "deduction_text"): Verify element property value successfully

2023-10-16 14:16:20 - [MESSAGE][PASSED] - Verify element property value successfully

2023-10-16 14:16:20 - [TEST_STEP][PASSED] - verifyElementPropertyValue(getResponse, "offers[1].groups[0].pricingPlans[0].visualElements[3].value", "facturation mensuelle"): Verify element property value successfully

2023-10-16 14:16:20 - [MESSAGE][PASSED] - Verify element property value successfully

2023-10-16 14:16:20 - [TEST_STEP][PASSED] - verifyElementPropertyValue(getResponse, "offers[1].groups[0].pricingPlans[0].visualElements[6].key", "show_payment_logo"): Verify element property value successfully

2023-10-16 14:16:20 - [MESSAGE][PASSED] - Verify element property value successfully

2023-10-16 14:16:20 - [TEST_STEP][PASSED] - verifyElementPropertyValue(getResponse, "offers[1].groups[0].pricingPlans[0].visualElements[6].value", "true"): Verify element property value successfully

2023-10-16 14:16:20 - [MESSAGE][PASSED] - Verify element property value successfully

2023-10-16 14:16:20 - [TEST_STEP][PASSED] - verifyElementPropertyValue(getResponse, "offers[1].groups[0].pricingPlans[0].visualElements[8].key", "price"): Verify element property value successfully

2023-10-16 14:16:20 - [MESSAGE][PASSED] - Verify element property value successfully

2023-10-16 14:16:20 - [TEST_STEP][FAILED] - verifyElementPropertyValue(getResponse, "offers[1].groups[0].pricingPlans[0].visualElements[8].value", "241"): Expected element property value '241' is not equal with actual property value '201'

2023-10-16 14:16:20 - [MESSAGE][FAILED] - Expected element property value '241' is not equal with actual property value '201'

2023-10-16 14:16:20 - [TEST_STEP][PASSED] - verifyElementPropertyValue(getResponse, "offers[1].groups[0].pricingPlans[0].visualElements[9].key", "currency"): Verify element property value successfully

2023-10-16 14:16:20 - [MESSAGE][PASSED] - Verify element property value successfully

2023-10-16 14:16:20 - [TEST_STEP][PASSED] - verifyElementPropertyValue(getResponse, "offers[1].groups[0].pricingPlans[0].visualElements[9].value", "DZD"): Verify element property value successfully

2023-10-16 14:16:20 - [MESSAGE][PASSED] - Verify element property value successfully

2023-10-16 14:16:20 - [TEST_STEP][PASSED] - verifyElementPropertyValue(getResponse, "offers[1].groups[0].pricingPlans[0].visualElements[10].key", "duration"): Verify element property value successfully

2023-10-16 14:16:20 - [MESSAGE][PASSED] - Verify element property value successfully

2023-10-16 14:16:20 - [TEST_STEP][PASSED] - verifyElementPropertyValue(getResponse, "offers[1].groups[0].pricingPlans[0].visualElements[10].value", "Mensuel"): Verify element property value successfully

2023-10-16 14:16:20 - [MESSAGE][PASSED] - Verify element property value successfully

2023-10-16 14:16:20 - [TEST_STEP][PASSED] - verifyElementPropertyValue(getResponse, "offers[1].groups[0].pricingPlans[0].visualElements[11].key", "featured_tag_text"): Verify element property value successfully

2023-10-16 14:16:20 - [MESSAGE][PASSED] - Verify element property value successfully

2023-10-16 14:16:20 - [TEST_STEP][PASSED] - verifyElementPropertyValue(getResponse, "offers[1].groups[0].pricingPlans[0].visualElements[11].value", "Offre limitée"): Verify element property value successfully

2023-10-16 14:16:20 - [MESSAGE][PASSED] - Verify element property value successfully

2023-10-16 14:16:20 - [TEST_STEP][PASSED] - verifyElementPropertyValue(getResponse, "offers[1].groups[0].pricingPlans[0].visualElements[13].key", "tag_text"): Verify element property value successfully

2023-10-16 14:16:20 - [MESSAGE][PASSED] - Verify element property value successfully

2023-10-16 14:16:20 - [TEST_STEP][PASSED] - verifyElementPropertyValue(getResponse, "offers[1].groups[0].pricingPlans[0].visualElements[13].value", "Économisez 40% "): Verify element property value successfully

2023-10-16 14:16:20 - [MESSAGE][PASSED] - Verify element property value successfully

2023-10-16 14:16:20 - [TEST_STEP][PASSED] - verifyElementPropertyValue(getResponse, "offers[1].groups[0].pricingPlans[0].visualElements[12].key", "show_tag"): Verify element property value successfully

2023-10-16 14:16:20 - [MESSAGE][PASSED] - Verify element property value successfully

2023-10-16 14:16:20 - [TEST_STEP][PASSED] - verifyElementPropertyValue(getResponse, "offers[1].groups[0].pricingPlans[0].visualElements[12].value", "true"): Verify element property value successfully

2023-10-16 14:16:20 - [MESSAGE][PASSED] - Verify element property value successfully

2023-10-16 14:16:20 - [TEST_STEP][PASSED] - verifyElementPropertyValue(getResponse, "offers[1].groups[0].pricingPlans[0].pricingPlanData[0].productId", "DZA_B2C_SHAHID_VIP_1M"): Verify element property value successfully

2023-10-16 14:16:20 - [MESSAGE][PASSED] - Verify element property value successfully

2023-10-16 14:16:20 - [TEST_STEP][PASSED] - verifyElementPropertyValue(getResponse, "offers[1].groups[0].pricingPlans[0].pricingPlanData[0].paymentMethod", "CREDIT_CARD"): Verify element property value successfully

2023-10-16 14:16:20 - [MESSAGE][PASSED] - Verify element property value successfully

2023-10-16 14:16:20 - [TEST_STEP][PASSED] - verifyElementPropertyValue(getResponse, "offers[1].groups[0].pricingPlans[0].pricingPlanData[0].freeTrialEnabled", "false"): Verify element property value successfully

2023-10-16 14:16:20 - [MESSAGE][PASSED] - Verify element property value successfully

2023-10-16 14:16:20 - [TEST_STEP][PASSED] - verifyElementPropertyValue(getResponse, "offers[1].groups[0].pricingPlans[0].pricingPlanData[0].showIn[0]", "VERTICAL_MODE"): Verify element property value successfully

2023-10-16 14:16:20 - [MESSAGE][PASSED] - Verify element property value successfully

2023-10-16 14:16:20 - [TEST_STEP][PASSED] - verifyElementPropertyValue(getResponse, "offers[1].groups[0].pricingPlans[0].pricingPlanData[0].showIn[1]", "HORIZONTAL_MODE"): Verify element property value successfully

2023-10-16 14:16:20 - [MESSAGE][PASSED] - Verify element property value successfully

2023-10-16 14:16:20 - [TEST_STEP][FAILED] - verifyElementPropertyValue(getResponse, "offers[1].groups[0].pricingPlans[0].pricingPlanData[0].priceLabel", "241"): Expected element property value '241' is not equal with actual property value '201'

2023-10-16 14:16:20 - [MESSAGE][FAILED] - Expected element property value '241' is not equal with actual property value '201'

2023-10-16 14:16:20 - [TEST_STEP][PASSED] - verifyElementPropertyValue(getResponse, "offers[1].groups[0].pricingPlans[0].pricingPlanData[0].currencyLabel", "DZD"): Verify element property value successfully

2023-10-16 14:16:20 - [MESSAGE][PASSED] - Verify element property value successfully

2023-10-16 14:16:20 - [TEST_STEP][PASSED] - verifyElementPropertyValue(getResponse, "offers[1].groups[0].pricingPlans[0].pricingPlanData[0].dealId", "RE_40P_DZA"): Verify element property value successfully

2023-10-16 14:16:20 - [MESSAGE][PASSED] - Verify element property value successfully

2023-10-16 14:16:20 - [TEST_STEP][PASSED] - verifyElementPropertyValue(getResponse, "offers[1].groups[0].pricingPlans[0].pricingPlanData[0].allowedForAcquisition", "true"): Verify element property value successfully

2023-10-16 14:16:20 - [MESSAGE][PASSED] - Verify element property value successfully

2023-10-16 14:16:20 - [TEST_STEP][PASSED] - verifyElementPropertyValue(getResponse, "offers[1].groups[0].pricingPlans[0].pricingPlanData[0].visualElements[0].key", "title"): Verify element property value successfully

2023-10-16 14:16:20 - [MESSAGE][PASSED] - Verify element property value successfully

2023-10-16 14:16:20 - [TEST_STEP][PASSED] - verifyElementPropertyValue(getResponse, "offers[1].groups[0].pricingPlans[0].pricingPlanData[0].visualElements[0].value", "Carte de crédit/débit"): Verify element property value successfully

2023-10-16 14:16:20 - [MESSAGE][PASSED] - Verify element property value successfully

2023-10-16 14:16:20 - [TEST_STEP][PASSED] - verifyElementPropertyValue(getResponse, "offers[1].groups[0].pricingPlans[0].pricingPlanData[0].visualElements[1].key", "CTA_text"): Verify element property value successfully

2023-10-16 14:16:20 - [MESSAGE][PASSED] - Verify element property value successfully

2023-10-16 14:16:20 - [TEST_STEP][PASSED] - verifyElementPropertyValue(getResponse, "offers[1].groups[0].pricingPlans[0].pricingPlanData[0].visualElements[1].value", "S'abonner"): Verify element property value successfully

2023-10-16 14:16:20 - [MESSAGE][PASSED] - Verify element property value successfully

2023-10-16 14:16:20 - [TEST_STEP][PASSED] - verifyElementPropertyValue(getResponse, "offers[1].groups[0].pricingPlans[0].pricingPlanData[0].visualElements[2].key", "logo"): Verify element property value successfully

2023-10-16 14:16:20 - [MESSAGE][PASSED] - Verify element property value successfully

2023-10-16 14:16:20 - [TEST_STEP][PASSED] - verifyElementPropertyValue(getResponse, "offers[1].groups[0].pricingPlans[0].pricingPlanData[0].visualElements[2].value", "https://static.s3.shahid.mbc.net/widget-images/icons/iconCreditCard.png"): Verify element property value successfully

2023-10-16 14:16:20 - [MESSAGE][PASSED] - Verify element property value successfully

2023-10-16 14:16:20 - [TEST_STEP][PASSED] - verifyElementPropertyValue(getResponse, "offers[2].offerId", "winback-50-offer"): Verify element property value successfully

2023-10-16 14:16:20 - [MESSAGE][PASSED] - Verify element property value successfully

2023-10-16 14:16:20 - [TEST_STEP][PASSED] - verifyElementPropertyValue(getResponse, "offers[2].offerParam", "winback50"): Verify element property value successfully

2023-10-16 14:16:20 - [MESSAGE][PASSED] - Verify element property value successfully

2023-10-16 14:16:20 - [TEST_STEP][PASSED] - verifyElementPropertyValue(getResponse, "offers[2].groups[0].pricingPlans[0].featured", "true"): Verify element property value successfully

2023-10-16 14:16:20 - [MESSAGE][PASSED] - Verify element property value successfully

2023-10-16 14:16:20 - [TEST_STEP][PASSED] - verifyElementPropertyValue(getResponse, "offers[2].groups[0].pricingPlans[0].period", "monthly"): Verify element property value successfully

2023-10-16 14:16:20 - [MESSAGE][PASSED] - Verify element property value successfully

2023-10-16 14:16:20 - [TEST_STEP][PASSED] - verifyElementPropertyValue(getResponse, "offers[2].groups[0].pricingPlans[0].featured", "true"): Verify element property value successfully

2023-10-16 14:16:20 - [MESSAGE][PASSED] - Verify element property value successfully

2023-10-16 14:16:20 - [TEST_STEP][PASSED] - verifyElementPropertyValue(getResponse, "offers[2].groups[0].pricingPlans[0].price", "201.0"): Verify element property value successfully

2023-10-16 14:16:20 - [MESSAGE][PASSED] - Verify element property value successfully

2023-10-16 14:16:20 - [TEST_STEP][PASSED] - verifyElementPropertyValue(getResponse, "offers[2].groups[0].pricingPlans[0].currency", "DZD"): Verify element property value successfully

2023-10-16 14:16:20 - [MESSAGE][PASSED] - Verify element property value successfully

2023-10-16 14:16:20 - [TEST_STEP][PASSED] - verifyElementPropertyValue(getResponse, "offers[2].groups[0].pricingPlans[0].order", "0"): Verify element property value successfully

2023-10-16 14:16:20 - [MESSAGE][PASSED] - Verify element property value successfully

2023-10-16 14:16:20 - [TEST_STEP][PASSED] - verifyElementPropertyValue(getResponse, "offers[2].groups[0].pricingPlans[0].packageId", "SHAHID_VIP"): Verify element property value successfully

2023-10-16 14:16:20 - [MESSAGE][PASSED] - Verify element property value successfully

2023-10-16 14:16:20 - [TEST_STEP][PASSED] - verifyElementPropertyValue(getResponse, "offers[2].groups[0].pricingPlans[0].catalogId", "VIP"): Verify element property value successfully

2023-10-16 14:16:20 - [MESSAGE][PASSED] - Verify element property value successfully

2023-10-16 14:16:20 - [TEST_STEP][PASSED] - verifyElementPropertyValue(getResponse, "offers[2].groups[0].pricingPlans[0].visualElements[0].key", "Header_1_text"): Verify element property value successfully

2023-10-16 14:16:20 - [MESSAGE][PASSED] - Verify element property value successfully

2023-10-16 14:16:20 - [TEST_STEP][PASSED] - verifyElementPropertyValue(getResponse, "offers[2].groups[0].pricingPlans[0].visualElements[0].value", "Abonnez-vous dès maintenant et profitez de vos programmes sans publicité"): Verify element property value successfully

2023-10-16 14:16:20 - [MESSAGE][PASSED] - Verify element property value successfully

2023-10-16 14:16:20 - [TEST_STEP][PASSED] - verifyElementPropertyValue(getResponse, "offers[2].groups[0].pricingPlans[0].visualElements[1].key", "display_title"): Verify element property value successfully

2023-10-16 14:16:20 - [MESSAGE][PASSED] - Verify element property value successfully

2023-10-16 14:16:20 - [TEST_STEP][PASSED] - verifyElementPropertyValue(getResponse, "offers[2].groups[0].pricingPlans[0].visualElements[1].value", "50% de réduction"): Verify element property value successfully

2023-10-16 14:16:20 - [MESSAGE][PASSED] - Verify element property value successfully

2023-10-16 14:16:20 - [TEST_STEP][PASSED] - verifyElementPropertyValue(getResponse, "offers[2].groups[0].pricingPlans[0].visualElements[3].key", "deduction_text"): Verify element property value successfully

2023-10-16 14:16:20 - [MESSAGE][PASSED] - Verify element property value successfully

2023-10-16 14:16:20 - [TEST_STEP][PASSED] - verifyElementPropertyValue(getResponse, "offers[2].groups[0].pricingPlans[0].visualElements[3].value", "facturation mensuelle"): Verify element property value successfully

2023-10-16 14:16:20 - [MESSAGE][PASSED] - Verify element property value successfully

2023-10-16 14:16:20 - [TEST_STEP][PASSED] - verifyElementPropertyValue(getResponse, "offers[2].groups[0].pricingPlans[0].visualElements[6].key", "show_payment_logo"): Verify element property value successfully

2023-10-16 14:16:20 - [MESSAGE][PASSED] - Verify element property value successfully

2023-10-16 14:16:20 - [TEST_STEP][PASSED] - verifyElementPropertyValue(getResponse, "offers[2].groups[0].pricingPlans[0].visualElements[6].value", "true"): Verify element property value successfully

2023-10-16 14:16:20 - [MESSAGE][PASSED] - Verify element property value successfully

2023-10-16 14:16:20 - [TEST_STEP][PASSED] - verifyElementPropertyValue(getResponse, "offers[2].groups[0].pricingPlans[0].visualElements[8].key", "price"): Verify element property value successfully

2023-10-16 14:16:20 - [MESSAGE][PASSED] - Verify element property value successfully

2023-10-16 14:16:20 - [TEST_STEP][PASSED] - verifyElementPropertyValue(getResponse, "offers[2].groups[0].pricingPlans[0].visualElements[8].value", "201"): Verify element property value successfully

2023-10-16 14:16:20 - [MESSAGE][PASSED] - Verify element property value successfully

2023-10-16 14:16:20 - [TEST_STEP][PASSED] - verifyElementPropertyValue(getResponse, "offers[2].groups[0].pricingPlans[0].visualElements[9].key", "currency"): Verify element property value successfully

2023-10-16 14:16:20 - [MESSAGE][PASSED] - Verify element property value successfully

2023-10-16 14:16:20 - [TEST_STEP][PASSED] - verifyElementPropertyValue(getResponse, "offers[2].groups[0].pricingPlans[0].visualElements[9].value", "DZD"): Verify element property value successfully

2023-10-16 14:16:20 - [MESSAGE][PASSED] - Verify element property value successfully

2023-10-16 14:16:20 - [TEST_STEP][PASSED] - verifyElementPropertyValue(getResponse, "offers[2].groups[0].pricingPlans[0].visualElements[10].key", "duration"): Verify element property value successfully

2023-10-16 14:16:20 - [MESSAGE][PASSED] - Verify element property value successfully

2023-10-16 14:16:20 - [TEST_STEP][PASSED] - verifyElementPropertyValue(getResponse, "offers[2].groups[0].pricingPlans[0].visualElements[10].value", "Mensuel"): Verify element property value successfully

2023-10-16 14:16:20 - [MESSAGE][PASSED] - Verify element property value successfully

2023-10-16 14:16:20 - [TEST_STEP][PASSED] - verifyElementPropertyValue(getResponse, "offers[2].groups[0].pricingPlans[0].visualElements[11].key", "featured_tag_text"): Verify element property value successfully

2023-10-16 14:16:20 - [MESSAGE][PASSED] - Verify element property value successfully

2023-10-16 14:16:20 - [TEST_STEP][PASSED] - verifyElementPropertyValue(getResponse, "offers[2].groups[0].pricingPlans[0].visualElements[11].value", "Offre limitée"): Verify element property value successfully

2023-10-16 14:16:20 - [MESSAGE][PASSED] - Verify element property value successfully

2023-10-16 14:16:20 - [TEST_STEP][PASSED] - verifyElementPropertyValue(getResponse, "offers[2].groups[0].pricingPlans[0].visualElements[13].key", "tag_text"): Verify element property value successfully

2023-10-16 14:16:20 - [MESSAGE][PASSED] - Verify element property value successfully

2023-10-16 14:16:20 - [TEST_STEP][PASSED] - verifyElementPropertyValue(getResponse, "offers[2].groups[0].pricingPlans[0].visualElements[13].value", "Économisez 50% "): Verify element property value successfully

2023-10-16 14:16:20 - [MESSAGE][PASSED] - Verify element property value successfully

2023-10-16 14:16:20 - [TEST_STEP][PASSED] - verifyElementPropertyValue(getResponse, "offers[2].groups[0].pricingPlans[0].visualElements[12].key", "show_tag"): Verify element property value successfully

2023-10-16 14:16:20 - [MESSAGE][PASSED] - Verify element property value successfully

2023-10-16 14:16:20 - [TEST_STEP][PASSED] - verifyElementPropertyValue(getResponse, "offers[2].groups[0].pricingPlans[0].visualElements[12].value", "true"): Verify element property value successfully

2023-10-16 14:16:20 - [MESSAGE][PASSED] - Verify element property value successfully

2023-10-16 14:16:20 - [TEST_STEP][PASSED] - verifyElementPropertyValue(getResponse, "offers[2].groups[0].pricingPlans[0].pricingPlanData[0].productId", "DZA_B2C_SHAHID_VIP_1M"): Verify element property value successfully

2023-10-16 14:16:20 - [MESSAGE][PASSED] - Verify element property value successfully

2023-10-16 14:16:20 - [TEST_STEP][PASSED] - verifyElementPropertyValue(getResponse, "offers[2].groups[0].pricingPlans[0].pricingPlanData[0].paymentMethod", "CREDIT_CARD"): Verify element property value successfully

2023-10-16 14:16:20 - [MESSAGE][PASSED] - Verify element property value successfully

2023-10-16 14:16:20 - [TEST_STEP][PASSED] - verifyElementPropertyValue(getResponse, "offers[2].groups[0].pricingPlans[0].pricingPlanData[0].freeTrialEnabled", "false"): Verify element property value successfully

2023-10-16 14:16:20 - [MESSAGE][PASSED] - Verify element property value successfully

2023-10-16 14:16:20 - [TEST_STEP][PASSED] - verifyElementPropertyValue(getResponse, "offers[2].groups[0].pricingPlans[0].pricingPlanData[0].showIn[0]", "VERTICAL_MODE"): Verify element property value successfully

2023-10-16 14:16:20 - [MESSAGE][PASSED] - Verify element property value successfully

2023-10-16 14:16:20 - [TEST_STEP][PASSED] - verifyElementPropertyValue(getResponse, "offers[2].groups[0].pricingPlans[0].pricingPlanData[0].showIn[1]", "HORIZONTAL_MODE"): Verify element property value successfully

2023-10-16 14:16:20 - [MESSAGE][PASSED] - Verify element property value successfully

2023-10-16 14:16:20 - [TEST_STEP][PASSED] - verifyElementPropertyValue(getResponse, "offers[2].groups[0].pricingPlans[0].pricingPlanData[0].priceLabel", "201"): Verify element property value successfully

2023-10-16 14:16:20 - [MESSAGE][PASSED] - Verify element property value successfully

2023-10-16 14:16:20 - [TEST_STEP][PASSED] - verifyElementPropertyValue(getResponse, "offers[2].groups[0].pricingPlans[0].pricingPlanData[0].currencyLabel", "DZD"): Verify element property value successfully

2023-10-16 14:16:20 - [MESSAGE][PASSED] - Verify element property value successfully

2023-10-16 14:16:20 - [TEST_STEP][PASSED] - verifyElementPropertyValue(getResponse, "offers[2].groups[0].pricingPlans[0].pricingPlanData[0].dealId", "RE_50P_DZA"): Verify element property value successfully

2023-10-16 14:16:20 - [MESSAGE][PASSED] - Verify element property value successfully

2023-10-16 14:16:20 - [TEST_STEP][PASSED] - verifyElementPropertyValue(getResponse, "offers[2].groups[0].pricingPlans[0].pricingPlanData[0].allowedForAcquisition", "true"): Verify element property value successfully

2023-10-16 14:16:20 - [MESSAGE][PASSED] - Verify element property value successfully

2023-10-16 14:16:20 - [TEST_STEP][PASSED] - verifyElementPropertyValue(getResponse, "offers[2].groups[0].pricingPlans[0].pricingPlanData[0].visualElements[0].key", "title"): Verify element property value successfully

2023-10-16 14:16:20 - [MESSAGE][PASSED] - Verify element property value successfully

2023-10-16 14:16:20 - [TEST_STEP][PASSED] - verifyElementPropertyValue(getResponse, "offers[2].groups[0].pricingPlans[0].pricingPlanData[0].visualElements[0].value", "Carte de crédit/débit"): Verify element property value successfully

2023-10-16 14:16:20 - [MESSAGE][PASSED] - Verify element property value successfully

2023-10-16 14:16:20 - [TEST_STEP][PASSED] - verifyElementPropertyValue(getResponse, "offers[2].groups[0].pricingPlans[0].pricingPlanData[0].visualElements[1].key", "CTA_text"): Verify element property value successfully

2023-10-16 14:16:20 - [MESSAGE][PASSED] - Verify element property value successfully

2023-10-16 14:16:20 - [TEST_STEP][PASSED] - verifyElementPropertyValue(getResponse, "offers[2].groups[0].pricingPlans[0].pricingPlanData[0].visualElements[1].value", "S'abonner"): Verify element property value successfully

2023-10-16 14:16:20 - [MESSAGE][PASSED] - Verify element property value successfully

2023-10-16 14:16:20 - [TEST_STEP][PASSED] - verifyElementPropertyValue(getResponse, "offers[2].groups[0].pricingPlans[0].pricingPlanData[0].visualElements[2].key", "logo"): Verify element property value successfully

2023-10-16 14:16:20 - [MESSAGE][PASSED] - Verify element property value successfully

2023-10-16 14:16:20 - [TEST_STEP][PASSED] - verifyElementPropertyValue(getResponse, "offers[2].groups[0].pricingPlans[0].pricingPlanData[0].visualElements[2].value", "https://static.s3.shahid.mbc.net/widget-images/icons/iconCreditCard.png"): Verify element property value successfully

2023-10-16 14:16:20 - [MESSAGE][PASSED] - Verify element property value successfully

2023-10-16 14:16:20 - [TEST_STEP][PASSED] - verifyElementPropertyValue(getResponse, "offers[8].offerId", "byg-30-offer"): Verify element property value successfully

2023-10-16 14:16:20 - [MESSAGE][PASSED] - Verify element property value successfully

2023-10-16 14:16:20 - [TEST_STEP][PASSED] - verifyElementPropertyValue(getResponse, "offers[8].offerParam", "bygoffer30"): Verify element property value successfully

2023-10-16 14:16:20 - [MESSAGE][PASSED] - Verify element property value successfully

2023-10-16 14:16:21 - [TEST_STEP][PASSED] - verifyElementPropertyValue(getResponse, "offers[8].groups[0].pricingPlans[0].featured", "true"): Verify element property value successfully

2023-10-16 14:16:21 - [MESSAGE][PASSED] - Verify element property value successfully

2023-10-16 14:16:21 - [TEST_STEP][PASSED] - verifyElementPropertyValue(getResponse, "offers[8].groups[0].pricingPlans[0].period", "monthly"): Verify element property value successfully

2023-10-16 14:16:21 - [MESSAGE][PASSED] - Verify element property value successfully

2023-10-16 14:16:21 - [TEST_STEP][PASSED] - verifyElementPropertyValue(getResponse, "offers[8].groups[0].pricingPlans[0].featured", "true"): Verify element property value successfully

2023-10-16 14:16:21 - [MESSAGE][PASSED] - Verify element property value successfully

2023-10-16 14:16:21 - [TEST_STEP][FAILED] - verifyElementPropertyValue(getResponse, "offers[8].groups[0].pricingPlans[0].price", "251.0"): Expected element property value '251.0' is not equal with actual property value '281.0'

2023-10-16 14:16:21 - [MESSAGE][FAILED] - Expected element property value '251.0' is not equal with actual property value '281.0'

2023-10-16 14:16:21 - [TEST_STEP][PASSED] - verifyElementPropertyValue(getResponse, "offers[8].groups[0].pricingPlans[0].currency", "DZD"): Verify element property value successfully

2023-10-16 14:16:21 - [MESSAGE][PASSED] - Verify element property value successfully

2023-10-16 14:16:21 - [TEST_STEP][PASSED] - verifyElementPropertyValue(getResponse, "offers[8].groups[0].pricingPlans[0].order", "0"): Verify element property value successfully

2023-10-16 14:16:21 - [MESSAGE][PASSED] - Verify element property value successfully

2023-10-16 14:16:21 - [TEST_STEP][PASSED] - verifyElementPropertyValue(getResponse, "offers[8].groups[0].pricingPlans[0].packageId", "SHAHID_VIP"): Verify element property value successfully

2023-10-16 14:16:21 - [MESSAGE][PASSED] - Verify element property value successfully

2023-10-16 14:16:21 - [TEST_STEP][PASSED] - verifyElementPropertyValue(getResponse, "offers[8].groups[0].pricingPlans[0].catalogId", "VIP"): Verify element property value successfully

2023-10-16 14:16:21 - [MESSAGE][PASSED] - Verify element property value successfully

2023-10-16 14:16:21 - [TEST_STEP][PASSED] - verifyElementPropertyValue(getResponse, "offers[8].groups[0].pricingPlans[0].visualElements[0].key", "Header_1_text"): Verify element property value successfully

2023-10-16 14:16:21 - [MESSAGE][PASSED] - Verify element property value successfully

2023-10-16 14:16:21 - [TEST_STEP][PASSED] - verifyElementPropertyValue(getResponse, "offers[8].groups[0].pricingPlans[0].visualElements[0].value", "Abonnez-vous dès maintenant et profitez de vos programmes sans publicité"): Verify element property value successfully

2023-10-16 14:16:21 - [MESSAGE][PASSED] - Verify element property value successfully

2023-10-16 14:16:21 - [TEST_STEP][PASSED] - verifyElementPropertyValue(getResponse, "offers[8].groups[0].pricingPlans[0].visualElements[1].key", "display_title"): Verify element property value successfully

2023-10-16 14:16:21 - [MESSAGE][PASSED] - Verify element property value successfully

2023-10-16 14:16:21 - [TEST_STEP][PASSED] - verifyElementPropertyValue(getResponse, "offers[8].groups[0].pricingPlans[0].visualElements[1].value", "30% de réduction"): Verify element property value successfully

2023-10-16 14:16:21 - [MESSAGE][PASSED] - Verify element property value successfully

2023-10-16 14:16:21 - [TEST_STEP][PASSED] - verifyElementPropertyValue(getResponse, "offers[8].groups[0].pricingPlans[0].visualElements[3].key", "deduction_text"): Verify element property value successfully

2023-10-16 14:16:21 - [MESSAGE][PASSED] - Verify element property value successfully

2023-10-16 14:16:21 - [TEST_STEP][PASSED] - verifyElementPropertyValue(getResponse, "offers[8].groups[0].pricingPlans[0].visualElements[3].value", "facturation mensuelle"): Verify element property value successfully

2023-10-16 14:16:21 - [MESSAGE][PASSED] - Verify element property value successfully

2023-10-16 14:16:21 - [TEST_STEP][PASSED] - verifyElementPropertyValue(getResponse, "offers[8].groups[0].pricingPlans[0].visualElements[6].key", "show_payment_logo"): Verify element property value successfully

2023-10-16 14:16:21 - [MESSAGE][PASSED] - Verify element property value successfully

2023-10-16 14:16:21 - [TEST_STEP][PASSED] - verifyElementPropertyValue(getResponse, "offers[8].groups[0].pricingPlans[0].visualElements[6].value", "true"): Verify element property value successfully

2023-10-16 14:16:21 - [MESSAGE][PASSED] - Verify element property value successfully

2023-10-16 14:16:21 - [TEST_STEP][PASSED] - verifyElementPropertyValue(getResponse, "offers[8].groups[0].pricingPlans[0].visualElements[8].key", "price"): Verify element property value successfully

2023-10-16 14:16:21 - [MESSAGE][PASSED] - Verify element property value successfully

2023-10-16 14:16:21 - [TEST_STEP][FAILED] - verifyElementPropertyValue(getResponse, "offers[8].groups[0].pricingPlans[0].visualElements[8].value", "251"): Expected element property value '251' is not equal with actual property value '281'

2023-10-16 14:16:21 - [MESSAGE][FAILED] - Expected element property value '251' is not equal with actual property value '281'

2023-10-16 14:16:21 - [TEST_STEP][PASSED] - verifyElementPropertyValue(getResponse, "offers[8].groups[0].pricingPlans[0].visualElements[9].key", "currency"): Verify element property value successfully

2023-10-16 14:16:21 - [MESSAGE][PASSED] - Verify element property value successfully

2023-10-16 14:16:21 - [TEST_STEP][PASSED] - verifyElementPropertyValue(getResponse, "offers[8].groups[0].pricingPlans[0].visualElements[9].value", "DZD"): Verify element property value successfully

2023-10-16 14:16:21 - [MESSAGE][PASSED] - Verify element property value successfully

2023-10-16 14:16:21 - [TEST_STEP][PASSED] - verifyElementPropertyValue(getResponse, "offers[8].groups[0].pricingPlans[0].visualElements[10].key", "duration"): Verify element property value successfully

2023-10-16 14:16:21 - [MESSAGE][PASSED] - Verify element property value successfully

2023-10-16 14:16:21 - [TEST_STEP][PASSED] - verifyElementPropertyValue(getResponse, "offers[8].groups[0].pricingPlans[0].visualElements[10].value", "Mensuel"): Verify element property value successfully

2023-10-16 14:16:21 - [MESSAGE][PASSED] - Verify element property value successfully

2023-10-16 14:16:21 - [TEST_STEP][PASSED] - verifyElementPropertyValue(getResponse, "offers[8].groups[0].pricingPlans[0].visualElements[11].key", "featured_tag_text"): Verify element property value successfully

2023-10-16 14:16:21 - [MESSAGE][PASSED] - Verify element property value successfully

2023-10-16 14:16:21 - [TEST_STEP][PASSED] - verifyElementPropertyValue(getResponse, "offers[8].groups[0].pricingPlans[0].visualElements[11].value", "Offre limitée"): Verify element property value successfully

2023-10-16 14:16:21 - [MESSAGE][PASSED] - Verify element property value successfully

2023-10-16 14:16:21 - [TEST_STEP][PASSED] - verifyElementPropertyValue(getResponse, "offers[8].groups[0].pricingPlans[0].visualElements[13].key", "tag_text"): Verify element property value successfully

2023-10-16 14:16:21 - [MESSAGE][PASSED] - Verify element property value successfully

2023-10-16 14:16:21 - [TEST_STEP][PASSED] - verifyElementPropertyValue(getResponse, "offers[8].groups[0].pricingPlans[0].visualElements[13].value", "Économisez 30% "): Verify element property value successfully

2023-10-16 14:16:21 - [MESSAGE][PASSED] - Verify element property value successfully

2023-10-16 14:16:21 - [TEST_STEP][PASSED] - verifyElementPropertyValue(getResponse, "offers[8].groups[0].pricingPlans[0].visualElements[12].key", "show_tag"): Verify element property value successfully

2023-10-16 14:16:21 - [MESSAGE][PASSED] - Verify element property value successfully

2023-10-16 14:16:21 - [TEST_STEP][PASSED] - verifyElementPropertyValue(getResponse, "offers[8].groups[0].pricingPlans[0].visualElements[12].value", "true"): Verify element property value successfully

2023-10-16 14:16:21 - [MESSAGE][PASSED] - Verify element property value successfully

2023-10-16 14:16:21 - [TEST_STEP][PASSED] - verifyElementPropertyValue(getResponse, "offers[8].groups[0].pricingPlans[0].pricingPlanData[0].productId", "DZA_B2C_SHAHID_VIP_1M"): Verify element property value successfully

2023-10-16 14:16:21 - [MESSAGE][PASSED] - Verify element property value successfully

2023-10-16 14:16:21 - [TEST_STEP][PASSED] - verifyElementPropertyValue(getResponse, "offers[8].groups[0].pricingPlans[0].pricingPlanData[0].paymentMethod", "CREDIT_CARD"): Verify element property value successfully

2023-10-16 14:16:21 - [MESSAGE][PASSED] - Verify element property value successfully

2023-10-16 14:16:21 - [TEST_STEP][PASSED] - verifyElementPropertyValue(getResponse, "offers[8].groups[0].pricingPlans[0].pricingPlanData[0].freeTrialEnabled", "false"): Verify element property value successfully

2023-10-16 14:16:21 - [MESSAGE][PASSED] - Verify element property value successfully

2023-10-16 14:16:21 - [TEST_STEP][PASSED] - verifyElementPropertyValue(getResponse, "offers[8].groups[0].pricingPlans[0].pricingPlanData[0].showIn[0]", "VERTICAL_MODE"): Verify element property value successfully

2023-10-16 14:16:21 - [MESSAGE][PASSED] - Verify element property value successfully

2023-10-16 14:16:21 - [TEST_STEP][PASSED] - verifyElementPropertyValue(getResponse, "offers[8].groups[0].pricingPlans[0].pricingPlanData[0].showIn[1]", "HORIZONTAL_MODE"): Verify element property value successfully

2023-10-16 14:16:21 - [MESSAGE][PASSED] - Verify element property value successfully

2023-10-16 14:16:21 - [TEST_STEP][FAILED] - verifyElementPropertyValue(getResponse, "offers[8].groups[0].pricingPlans[0].pricingPlanData[0].priceLabel", "251"): Expected element property value '251' is not equal with actual property value '281'

2023-10-16 14:16:21 - [MESSAGE][FAILED] - Expected element property value '251' is not equal with actual property value '281'

2023-10-16 14:16:21 - [TEST_STEP][PASSED] - verifyElementPropertyValue(getResponse, "offers[8].groups[0].pricingPlans[0].pricingPlanData[0].currencyLabel", "DZD"): Verify element property value successfully

2023-10-16 14:16:21 - [MESSAGE][PASSED] - Verify element property value successfully

2023-10-16 14:16:21 - [TEST_STEP][PASSED] - verifyElementPropertyValue(getResponse, "offers[8].groups[0].pricingPlans[0].pricingPlanData[0].dealId", "BYG_30P_DZA"): Verify element property value successfully

2023-10-16 14:16:21 - [MESSAGE][PASSED] - Verify element property value successfully

2023-10-16 14:16:21 - [TEST_STEP][PASSED] - verifyElementPropertyValue(getResponse, "offers[8].groups[0].pricingPlans[0].pricingPlanData[0].allowedForAcquisition", "true"): Verify element property value successfully

2023-10-16 14:16:21 - [MESSAGE][PASSED] - Verify element property value successfully

2023-10-16 14:16:21 - [TEST_STEP][PASSED] - verifyElementPropertyValue(getResponse, "offers[8].groups[0].pricingPlans[0].pricingPlanData[0].visualElements[0].key", "title"): Verify element property value successfully

2023-10-16 14:16:21 - [MESSAGE][PASSED] - Verify element property value successfully

2023-10-16 14:16:21 - [TEST_STEP][PASSED] - verifyElementPropertyValue(getResponse, "offers[8].groups[0].pricingPlans[0].pricingPlanData[0].visualElements[0].value", "Carte de crédit/débit"): Verify element property value successfully

2023-10-16 14:16:21 - [MESSAGE][PASSED] - Verify element property value successfully

2023-10-16 14:16:21 - [TEST_STEP][PASSED] - verifyElementPropertyValue(getResponse, "offers[8].groups[0].pricingPlans[0].pricingPlanData[0].visualElements[1].key", "CTA_text"): Verify element property value successfully

2023-10-16 14:16:21 - [MESSAGE][PASSED] - Verify element property value successfully

2023-10-16 14:16:21 - [TEST_STEP][PASSED] - verifyElementPropertyValue(getResponse, "offers[8].groups[0].pricingPlans[0].pricingPlanData[0].visualElements[1].value", "S’abonner"): Verify element property value successfully

2023-10-16 14:16:21 - [MESSAGE][PASSED] - Verify element property value successfully

2023-10-16 14:16:21 - [TEST_STEP][PASSED] - verifyElementPropertyValue(getResponse, "offers[8].groups[0].pricingPlans[0].pricingPlanData[0].visualElements[2].key", "logo"): Verify element property value successfully

2023-10-16 14:16:21 - [MESSAGE][PASSED] - Verify element property value successfully

2023-10-16 14:16:21 - [TEST_STEP][PASSED] - verifyElementPropertyValue(getResponse, "offers[8].groups[0].pricingPlans[0].pricingPlanData[0].visualElements[2].value", "https://static.s3.shahid.mbc.net/widget-images/icons/iconCreditCard.png"): Verify element property value successfully

2023-10-16 14:16:21 - [MESSAGE][PASSED] - Verify element property value successfully

2023-10-16 14:16:21 - [TEST_STEP][PASSED] - verifyElementPropertyValue(getResponse, "offers[9].offerId", "byg-40-offer"): Verify element property value successfully

2023-10-16 14:16:21 - [MESSAGE][PASSED] - Verify element property value successfully

2023-10-16 14:16:21 - [TEST_STEP][PASSED] - verifyElementPropertyValue(getResponse, "offers[9].offerParam", "bygoffer40"): Verify element property value successfully

2023-10-16 14:16:21 - [MESSAGE][PASSED] - Verify element property value successfully

2023-10-16 14:16:21 - [TEST_STEP][PASSED] - verifyElementPropertyValue(getResponse, "offers[9].groups[0].pricingPlans[0].featured", "true"): Verify element property value successfully

2023-10-16 14:16:21 - [MESSAGE][PASSED] - Verify element property value successfully

2023-10-16 14:16:21 - [TEST_STEP][PASSED] - verifyElementPropertyValue(getResponse, "offers[9].groups[0].pricingPlans[0].period", "monthly"): Verify element property value successfully

2023-10-16 14:16:21 - [MESSAGE][PASSED] - Verify element property value successfully

2023-10-16 14:16:21 - [TEST_STEP][PASSED] - verifyElementPropertyValue(getResponse, "offers[9].groups[0].pricingPlans[0].featured", "true"): Verify element property value successfully

2023-10-16 14:16:21 - [MESSAGE][PASSED] - Verify element property value successfully

2023-10-16 14:16:21 - [TEST_STEP][PASSED] - verifyElementPropertyValue(getResponse, "offers[9].groups[0].pricingPlans[0].price", "241.0"): Verify element property value successfully

2023-10-16 14:16:21 - [MESSAGE][PASSED] - Verify element property value successfully

2023-10-16 14:16:21 - [TEST_STEP][PASSED] - verifyElementPropertyValue(getResponse, "offers[9].groups[0].pricingPlans[0].currency", "DZD"): Verify element property value successfully

2023-10-16 14:16:21 - [MESSAGE][PASSED] - Verify element property value successfully

2023-10-16 14:16:21 - [TEST_STEP][PASSED] - verifyElementPropertyValue(getResponse, "offers[9].groups[0].pricingPlans[0].order", "0"): Verify element property value successfully

2023-10-16 14:16:21 - [MESSAGE][PASSED] - Verify element property value successfully

2023-10-16 14:16:21 - [TEST_STEP][PASSED] - verifyElementPropertyValue(getResponse, "offers[9].groups[0].pricingPlans[0].packageId", "SHAHID_VIP"): Verify element property value successfully

2023-10-16 14:16:21 - [MESSAGE][PASSED] - Verify element property value successfully

2023-10-16 14:16:21 - [TEST_STEP][PASSED] - verifyElementPropertyValue(getResponse, "offers[9].groups[0].pricingPlans[0].catalogId", "VIP"): Verify element property value successfully

2023-10-16 14:16:21 - [MESSAGE][PASSED] - Verify element property value successfully

2023-10-16 14:16:21 - [TEST_STEP][PASSED] - verifyElementPropertyValue(getResponse, "offers[9].groups[0].pricingPlans[0].visualElements[0].key", "Header_1_text"): Verify element property value successfully

2023-10-16 14:16:21 - [MESSAGE][PASSED] - Verify element property value successfully

2023-10-16 14:16:21 - [TEST_STEP][PASSED] - verifyElementPropertyValue(getResponse, "offers[9].groups[0].pricingPlans[0].visualElements[0].value", "Abonnez-vous dès maintenant et profitez de vos programmes sans publicité"): Verify element property value successfully

2023-10-16 14:16:21 - [MESSAGE][PASSED] - Verify element property value successfully

2023-10-16 14:16:21 - [TEST_STEP][PASSED] - verifyElementPropertyValue(getResponse, "offers[9].groups[0].pricingPlans[0].visualElements[1].key", "display_title"): Verify element property value successfully

2023-10-16 14:16:21 - [MESSAGE][PASSED] - Verify element property value successfully

2023-10-16 14:16:21 - [TEST_STEP][PASSED] - verifyElementPropertyValue(getResponse, "offers[9].groups[0].pricingPlans[0].visualElements[1].value", "40% de réduction"): Verify element property value successfully

2023-10-16 14:16:21 - [MESSAGE][PASSED] - Verify element property value successfully

2023-10-16 14:16:21 - [TEST_STEP][PASSED] - verifyElementPropertyValue(getResponse, "offers[9].groups[0].pricingPlans[0].visualElements[3].key", "deduction_text"): Verify element property value successfully

2023-10-16 14:16:21 - [MESSAGE][PASSED] - Verify element property value successfully

2023-10-16 14:16:21 - [TEST_STEP][PASSED] - verifyElementPropertyValue(getResponse, "offers[9].groups[0].pricingPlans[0].visualElements[3].value", "facturation mensuelle"): Verify element property value successfully

2023-10-16 14:16:21 - [MESSAGE][PASSED] - Verify element property value successfully

2023-10-16 14:16:21 - [TEST_STEP][PASSED] - verifyElementPropertyValue(getResponse, "offers[9].groups[0].pricingPlans[0].visualElements[6].key", "show_payment_logo"): Verify element property value successfully

2023-10-16 14:16:21 - [MESSAGE][PASSED] - Verify element property value successfully

2023-10-16 14:16:21 - [TEST_STEP][PASSED] - verifyElementPropertyValue(getResponse, "offers[9].groups[0].pricingPlans[0].visualElements[6].value", "true"): Verify element property value successfully

2023-10-16 14:16:21 - [MESSAGE][PASSED] - Verify element property value successfully

2023-10-16 14:16:21 - [TEST_STEP][PASSED] - verifyElementPropertyValue(getResponse, "offers[9].groups[0].pricingPlans[0].visualElements[8].key", "price"): Verify element property value successfully

2023-10-16 14:16:21 - [MESSAGE][PASSED] - Verify element property value successfully

2023-10-16 14:16:21 - [TEST_STEP][PASSED] - verifyElementPropertyValue(getResponse, "offers[9].groups[0].pricingPlans[0].visualElements[8].value", "241"): Verify element property value successfully

2023-10-16 14:16:21 - [MESSAGE][PASSED] - Verify element property value successfully

2023-10-16 14:16:21 - [TEST_STEP][PASSED] - verifyElementPropertyValue(getResponse, "offers[9].groups[0].pricingPlans[0].visualElements[9].key", "currency"): Verify element property value successfully

2023-10-16 14:16:21 - [MESSAGE][PASSED] - Verify element property value successfully

2023-10-16 14:16:21 - [TEST_STEP][PASSED] - verifyElementPropertyValue(getResponse, "offers[9].groups[0].pricingPlans[0].visualElements[9].value", "DZD"): Verify element property value successfully

2023-10-16 14:16:21 - [MESSAGE][PASSED] - Verify element property value successfully

2023-10-16 14:16:21 - [TEST_STEP][PASSED] - verifyElementPropertyValue(getResponse, "offers[9].groups[0].pricingPlans[0].visualElements[10].key", "duration"): Verify element property value successfully

2023-10-16 14:16:21 - [MESSAGE][PASSED] - Verify element property value successfully

2023-10-16 14:16:21 - [TEST_STEP][PASSED] - verifyElementPropertyValue(getResponse, "offers[9].groups[0].pricingPlans[0].visualElements[10].value", "Mensuel"): Verify element property value successfully

2023-10-16 14:16:21 - [MESSAGE][PASSED] - Verify element property value successfully

2023-10-16 14:16:21 - [TEST_STEP][PASSED] - verifyElementPropertyValue(getResponse, "offers[9].groups[0].pricingPlans[0].visualElements[11].key", "featured_tag_text"): Verify element property value successfully

2023-10-16 14:16:21 - [MESSAGE][PASSED] - Verify element property value successfully

2023-10-16 14:16:21 - [TEST_STEP][PASSED] - verifyElementPropertyValue(getResponse, "offers[9].groups[0].pricingPlans[0].visualElements[11].value", "Offre limitée"): Verify element property value successfully

2023-10-16 14:16:21 - [MESSAGE][PASSED] - Verify element property value successfully

2023-10-16 14:16:21 - [TEST_STEP][PASSED] - verifyElementPropertyValue(getResponse, "offers[9].groups[0].pricingPlans[0].visualElements[13].key", "tag_text"): Verify element property value successfully

2023-10-16 14:16:21 - [MESSAGE][PASSED] - Verify element property value successfully

2023-10-16 14:16:21 - [TEST_STEP][PASSED] - verifyElementPropertyValue(getResponse, "offers[9].groups[0].pricingPlans[0].visualElements[13].value", "Économisez 40% "): Verify element property value successfully

2023-10-16 14:16:21 - [MESSAGE][PASSED] - Verify element property value successfully

2023-10-16 14:16:21 - [TEST_STEP][PASSED] - verifyElementPropertyValue(getResponse, "offers[9].groups[0].pricingPlans[0].visualElements[12].key", "show_tag"): Verify element property value successfully

2023-10-16 14:16:21 - [MESSAGE][PASSED] - Verify element property value successfully

2023-10-16 14:16:21 - [TEST_STEP][PASSED] - verifyElementPropertyValue(getResponse, "offers[9].groups[0].pricingPlans[0].visualElements[12].value", "true"): Verify element property value successfully

2023-10-16 14:16:21 - [MESSAGE][PASSED] - Verify element property value successfully

2023-10-16 14:16:21 - [TEST_STEP][PASSED] - verifyElementPropertyValue(getResponse, "offers[9].groups[0].pricingPlans[0].pricingPlanData[0].productId", "DZA_B2C_SHAHID_VIP_1M"): Verify element property value successfully

2023-10-16 14:16:21 - [MESSAGE][PASSED] - Verify element property value successfully

2023-10-16 14:16:21 - [TEST_STEP][PASSED] - verifyElementPropertyValue(getResponse, "offers[9].groups[0].pricingPlans[0].pricingPlanData[0].paymentMethod", "CREDIT_CARD"): Verify element property value successfully

2023-10-16 14:16:21 - [MESSAGE][PASSED] - Verify element property value successfully

2023-10-16 14:16:21 - [TEST_STEP][PASSED] - verifyElementPropertyValue(getResponse, "offers[9].groups[0].pricingPlans[0].pricingPlanData[0].freeTrialEnabled", "false"): Verify element property value successfully

2023-10-16 14:16:21 - [MESSAGE][PASSED] - Verify element property value successfully

2023-10-16 14:16:21 - [TEST_STEP][PASSED] - verifyElementPropertyValue(getResponse, "offers[9].groups[0].pricingPlans[0].pricingPlanData[0].showIn[0]", "VERTICAL_MODE"): Verify element property value successfully

2023-10-16 14:16:21 - [MESSAGE][PASSED] - Verify element property value successfully

2023-10-16 14:16:21 - [TEST_STEP][PASSED] - verifyElementPropertyValue(getResponse, "offers[9].groups[0].pricingPlans[0].pricingPlanData[0].showIn[1]", "HORIZONTAL_MODE"): Verify element property value successfully

2023-10-16 14:16:21 - [MESSAGE][PASSED] - Verify element property value successfully

2023-10-16 14:16:21 - [TEST_STEP][PASSED] - verifyElementPropertyValue(getResponse, "offers[9].groups[0].pricingPlans[0].pricingPlanData[0].priceLabel", "241"): Verify element property value successfully

2023-10-16 14:16:21 - [MESSAGE][PASSED] - Verify element property value successfully

2023-10-16 14:16:21 - [TEST_STEP][PASSED] - verifyElementPropertyValue(getResponse, "offers[9].groups[0].pricingPlans[0].pricingPlanData[0].currencyLabel", "DZD"): Verify element property value successfully

2023-10-16 14:16:21 - [MESSAGE][PASSED] - Verify element property value successfully

2023-10-16 14:16:21 - [TEST_STEP][PASSED] - verifyElementPropertyValue(getResponse, "offers[9].groups[0].pricingPlans[0].pricingPlanData[0].dealId", "BYG_40P_DZA"): Verify element property value successfully

2023-10-16 14:16:21 - [MESSAGE][PASSED] - Verify element property value successfully

2023-10-16 14:16:21 - [TEST_STEP][PASSED] - verifyElementPropertyValue(getResponse, "offers[9].groups[0].pricingPlans[0].pricingPlanData[0].allowedForAcquisition", "true"): Verify element property value successfully

2023-10-16 14:16:21 - [MESSAGE][PASSED] - Verify element property value successfully

2023-10-16 14:16:21 - [TEST_STEP][PASSED] - verifyElementPropertyValue(getResponse, "offers[9].groups[0].pricingPlans[0].pricingPlanData[0].visualElements[0].key", "title"): Verify element property value successfully

2023-10-16 14:16:21 - [MESSAGE][PASSED] - Verify element property value successfully

2023-10-16 14:16:21 - [TEST_STEP][PASSED] - verifyElementPropertyValue(getResponse, "offers[9].groups[0].pricingPlans[0].pricingPlanData[0].visualElements[0].value", "Carte de crédit/débit"): Verify element property value successfully

2023-10-16 14:16:21 - [MESSAGE][PASSED] - Verify element property value successfully

2023-10-16 14:16:21 - [TEST_STEP][PASSED] - verifyElementPropertyValue(getResponse, "offers[9].groups[0].pricingPlans[0].pricingPlanData[0].visualElements[1].key", "CTA_text"): Verify element property value successfully

2023-10-16 14:16:21 - [MESSAGE][PASSED] - Verify element property value successfully

2023-10-16 14:16:21 - [TEST_STEP][PASSED] - verifyElementPropertyValue(getResponse, "offers[9].groups[0].pricingPlans[0].pricingPlanData[0].visualElements[1].value", "S’abonner"): Verify element property value successfully

2023-10-16 14:16:21 - [MESSAGE][PASSED] - Verify element property value successfully

2023-10-16 14:16:21 - [TEST_STEP][PASSED] - verifyElementPropertyValue(getResponse, "offers[9].groups[0].pricingPlans[0].pricingPlanData[0].visualElements[2].key", "logo"): Verify element property value successfully

2023-10-16 14:16:21 - [MESSAGE][PASSED] - Verify element property value successfully

2023-10-16 14:16:21 - [TEST_STEP][PASSED] - verifyElementPropertyValue(getResponse, "offers[9].groups[0].pricingPlans[0].pricingPlanData[0].visualElements[2].value", "https://static.s3.shahid.mbc.net/widget-images/icons/iconCreditCard.png"): Verify element property value successfully

2023-10-16 14:16:22 - [MESSAGE][PASSED] - Verify element property value successfully

2023-10-16 14:16:22 - [TEST_STEP][PASSED] - verifyElementPropertyValue(getResponse, "offers[10].offerId", "byg-50-offer"): Verify element property value successfully

2023-10-16 14:16:22 - [MESSAGE][PASSED] - Verify element property value successfully

2023-10-16 14:16:22 - [TEST_STEP][PASSED] - verifyElementPropertyValue(getResponse, "offers[10].offerParam", "bygoffer50"): Verify element property value successfully

2023-10-16 14:16:22 - [MESSAGE][PASSED] - Verify element property value successfully

2023-10-16 14:16:22 - [TEST_STEP][PASSED] - verifyElementPropertyValue(getResponse, "offers[10].groups[0].pricingPlans[0].featured", "true"): Verify element property value successfully

2023-10-16 14:16:22 - [MESSAGE][PASSED] - Verify element property value successfully

2023-10-16 14:16:22 - [TEST_STEP][PASSED] - verifyElementPropertyValue(getResponse, "offers[10].groups[0].pricingPlans[0].period", "monthly"): Verify element property value successfully

2023-10-16 14:16:22 - [MESSAGE][PASSED] - Verify element property value successfully

2023-10-16 14:16:22 - [TEST_STEP][PASSED] - verifyElementPropertyValue(getResponse, "offers[10].groups[0].pricingPlans[0].featured", "true"): Verify element property value successfully

2023-10-16 14:16:22 - [MESSAGE][PASSED] - Verify element property value successfully

2023-10-16 14:16:22 - [TEST_STEP][PASSED] - verifyElementPropertyValue(getResponse, "offers[10].groups[0].pricingPlans[0].price", "201.0"): Verify element property value successfully

2023-10-16 14:16:22 - [MESSAGE][PASSED] - Verify element property value successfully

2023-10-16 14:16:22 - [TEST_STEP][PASSED] - verifyElementPropertyValue(getResponse, "offers[10].groups[0].pricingPlans[0].currency", "DZD"): Verify element property value successfully

2023-10-16 14:16:22 - [MESSAGE][PASSED] - Verify element property value successfully

2023-10-16 14:16:22 - [TEST_STEP][PASSED] - verifyElementPropertyValue(getResponse, "offers[10].groups[0].pricingPlans[0].order", "0"): Verify element property value successfully

2023-10-16 14:16:22 - [MESSAGE][PASSED] - Verify element property value successfully

2023-10-16 14:16:22 - [TEST_STEP][PASSED] - verifyElementPropertyValue(getResponse, "offers[10].groups[0].pricingPlans[0].packageId", "SHAHID_VIP"): Verify element property value successfully

2023-10-16 14:16:22 - [MESSAGE][PASSED] - Verify element property value successfully

2023-10-16 14:16:22 - [TEST_STEP][PASSED] - verifyElementPropertyValue(getResponse, "offers[10].groups[0].pricingPlans[0].catalogId", "VIP"): Verify element property value successfully

2023-10-16 14:16:22 - [MESSAGE][PASSED] - Verify element property value successfully

2023-10-16 14:16:22 - [TEST_STEP][PASSED] - verifyElementPropertyValue(getResponse, "offers[10].groups[0].pricingPlans[0].visualElements[0].key", "Header_1_text"): Verify element property value successfully

2023-10-16 14:16:22 - [MESSAGE][PASSED] - Verify element property value successfully

2023-10-16 14:16:22 - [TEST_STEP][PASSED] - verifyElementPropertyValue(getResponse, "offers[10].groups[0].pricingPlans[0].visualElements[0].value", "Abonnez-vous dès maintenant et profitez de vos programmes sans publicité"): Verify element property value successfully

2023-10-16 14:16:22 - [MESSAGE][PASSED] - Verify element property value successfully

2023-10-16 14:16:22 - [TEST_STEP][PASSED] - verifyElementPropertyValue(getResponse, "offers[10].groups[0].pricingPlans[0].visualElements[1].key", "display_title"): Verify element property value successfully

2023-10-16 14:16:22 - [MESSAGE][PASSED] - Verify element property value successfully

2023-10-16 14:16:22 - [TEST_STEP][PASSED] - verifyElementPropertyValue(getResponse, "offers[10].groups[0].pricingPlans[0].visualElements[1].value", "50% de réduction"): Verify element property value successfully

2023-10-16 14:16:22 - [MESSAGE][PASSED] - Verify element property value successfully

2023-10-16 14:16:22 - [TEST_STEP][PASSED] - verifyElementPropertyValue(getResponse, "offers[10].groups[0].pricingPlans[0].visualElements[3].key", "deduction_text"): Verify element property value successfully

2023-10-16 14:16:22 - [MESSAGE][PASSED] - Verify element property value successfully

2023-10-16 14:16:22 - [TEST_STEP][PASSED] - verifyElementPropertyValue(getResponse, "offers[10].groups[0].pricingPlans[0].visualElements[3].value", "facturation mensuelle"): Verify element property value successfully

2023-10-16 14:16:22 - [MESSAGE][PASSED] - Verify element property value successfully

2023-10-16 14:16:22 - [TEST_STEP][PASSED] - verifyElementPropertyValue(getResponse, "offers[10].groups[0].pricingPlans[0].visualElements[6].key", "show_payment_logo"): Verify element property value successfully

2023-10-16 14:16:22 - [MESSAGE][PASSED] - Verify element property value successfully

2023-10-16 14:16:22 - [TEST_STEP][PASSED] - verifyElementPropertyValue(getResponse, "offers[10].groups[0].pricingPlans[0].visualElements[6].value", "true"): Verify element property value successfully

2023-10-16 14:16:22 - [MESSAGE][PASSED] - Verify element property value successfully

2023-10-16 14:16:22 - [TEST_STEP][PASSED] - verifyElementPropertyValue(getResponse, "offers[10].groups[0].pricingPlans[0].visualElements[8].key", "price"): Verify element property value successfully

2023-10-16 14:16:22 - [MESSAGE][PASSED] - Verify element property value successfully

2023-10-16 14:16:22 - [TEST_STEP][PASSED] - verifyElementPropertyValue(getResponse, "offers[10].groups[0].pricingPlans[0].visualElements[8].value", "201"): Verify element property value successfully

2023-10-16 14:16:22 - [MESSAGE][PASSED] - Verify element property value successfully

2023-10-16 14:16:22 - [TEST_STEP][PASSED] - verifyElementPropertyValue(getResponse, "offers[10].groups[0].pricingPlans[0].visualElements[9].key", "currency"): Verify element property value successfully

2023-10-16 14:16:22 - [MESSAGE][PASSED] - Verify element property value successfully

2023-10-16 14:16:22 - [TEST_STEP][PASSED] - verifyElementPropertyValue(getResponse, "offers[10].groups[0].pricingPlans[0].visualElements[9].value", "DZD"): Verify element property value successfully

2023-10-16 14:16:22 - [MESSAGE][PASSED] - Verify element property value successfully

2023-10-16 14:16:22 - [TEST_STEP][PASSED] - verifyElementPropertyValue(getResponse, "offers[10].groups[0].pricingPlans[0].visualElements[10].key", "duration"): Verify element property value successfully

2023-10-16 14:16:22 - [MESSAGE][PASSED] - Verify element property value successfully

2023-10-16 14:16:22 - [TEST_STEP][PASSED] - verifyElementPropertyValue(getResponse, "offers[10].groups[0].pricingPlans[0].visualElements[10].value", "Mensuel"): Verify element property value successfully

2023-10-16 14:16:22 - [MESSAGE][PASSED] - Verify element property value successfully

2023-10-16 14:16:22 - [TEST_STEP][PASSED] - verifyElementPropertyValue(getResponse, "offers[10].groups[0].pricingPlans[0].visualElements[11].key", "featured_tag_text"): Verify element property value successfully

2023-10-16 14:16:22 - [MESSAGE][PASSED] - Verify element property value successfully

2023-10-16 14:16:22 - [TEST_STEP][PASSED] - verifyElementPropertyValue(getResponse, "offers[10].groups[0].pricingPlans[0].visualElements[11].value", "Offre limitée"): Verify element property value successfully

2023-10-16 14:16:22 - [MESSAGE][PASSED] - Verify element property value successfully

2023-10-16 14:16:22 - [TEST_STEP][PASSED] - verifyElementPropertyValue(getResponse, "offers[10].groups[0].pricingPlans[0].visualElements[13].key", "tag_text"): Verify element property value successfully

2023-10-16 14:16:22 - [MESSAGE][PASSED] - Verify element property value successfully

2023-10-16 14:16:22 - [TEST_STEP][PASSED] - verifyElementPropertyValue(getResponse, "offers[10].groups[0].pricingPlans[0].visualElements[13].value", "Économisez 50% "): Verify element property value successfully

2023-10-16 14:16:22 - [MESSAGE][PASSED] - Verify element property value successfully

2023-10-16 14:16:22 - [TEST_STEP][PASSED] - verifyElementPropertyValue(getResponse, "offers[10].groups[0].pricingPlans[0].visualElements[12].key", "show_tag"): Verify element property value successfully

2023-10-16 14:16:22 - [MESSAGE][PASSED] - Verify element property value successfully

2023-10-16 14:16:22 - [TEST_STEP][PASSED] - verifyElementPropertyValue(getResponse, "offers[10].groups[0].pricingPlans[0].visualElements[12].value", "true"): Verify element property value successfully

2023-10-16 14:16:22 - [MESSAGE][PASSED] - Verify element property value successfully

2023-10-16 14:16:22 - [TEST_STEP][PASSED] - verifyElementPropertyValue(getResponse, "offers[10].groups[0].pricingPlans[0].pricingPlanData[0].productId", "DZA_B2C_SHAHID_VIP_1M"): Verify element property value successfully

2023-10-16 14:16:22 - [MESSAGE][PASSED] - Verify element property value successfully

2023-10-16 14:16:22 - [TEST_STEP][PASSED] - verifyElementPropertyValue(getResponse, "offers[10].groups[0].pricingPlans[0].pricingPlanData[0].paymentMethod", "CREDIT_CARD"): Verify element property value successfully

2023-10-16 14:16:22 - [MESSAGE][PASSED] - Verify element property value successfully

2023-10-16 14:16:22 - [TEST_STEP][PASSED] - verifyElementPropertyValue(getResponse, "offers[10].groups[0].pricingPlans[0].pricingPlanData[0].freeTrialEnabled", "false"): Verify element property value successfully

2023-10-16 14:16:22 - [MESSAGE][PASSED] - Verify element property value successfully

2023-10-16 14:16:22 - [TEST_STEP][PASSED] - verifyElementPropertyValue(getResponse, "offers[10].groups[0].pricingPlans[0].pricingPlanData[0].showIn[0]", "VERTICAL_MODE"): Verify element property value successfully

2023-10-16 14:16:22 - [MESSAGE][PASSED] - Verify element property value successfully

2023-10-16 14:16:22 - [TEST_STEP][PASSED] - verifyElementPropertyValue(getResponse, "offers[10].groups[0].pricingPlans[0].pricingPlanData[0].showIn[1]", "HORIZONTAL_MODE"): Verify element property value successfully

2023-10-16 14:16:22 - [MESSAGE][PASSED] - Verify element property value successfully

2023-10-16 14:16:22 - [TEST_STEP][PASSED] - verifyElementPropertyValue(getResponse, "offers[10].groups[0].pricingPlans[0].pricingPlanData[0].priceLabel", "201"): Verify element property value successfully

2023-10-16 14:16:22 - [MESSAGE][PASSED] - Verify element property value successfully

2023-10-16 14:16:22 - [TEST_STEP][PASSED] - verifyElementPropertyValue(getResponse, "offers[10].groups[0].pricingPlans[0].pricingPlanData[0].currencyLabel", "DZD"): Verify element property value successfully

2023-10-16 14:16:22 - [MESSAGE][PASSED] - Verify element property value successfully

2023-10-16 14:16:22 - [TEST_STEP][PASSED] - verifyElementPropertyValue(getResponse, "offers[10].groups[0].pricingPlans[0].pricingPlanData[0].dealId", "BYG_50P_DZA"): Verify element property value successfully

2023-10-16 14:16:22 - [MESSAGE][PASSED] - Verify element property value successfully

2023-10-16 14:16:22 - [TEST_STEP][PASSED] - verifyElementPropertyValue(getResponse, "offers[10].groups[0].pricingPlans[0].pricingPlanData[0].allowedForAcquisition", "true"): Verify element property value successfully

2023-10-16 14:16:22 - [MESSAGE][PASSED] - Verify element property value successfully

2023-10-16 14:16:22 - [TEST_STEP][PASSED] - verifyElementPropertyValue(getResponse, "offers[10].groups[0].pricingPlans[0].pricingPlanData[0].visualElements[0].key", "title"): Verify element property value successfully

2023-10-16 14:16:22 - [MESSAGE][PASSED] - Verify element property value successfully

2023-10-16 14:16:22 - [TEST_STEP][PASSED] - verifyElementPropertyValue(getResponse, "offers[10].groups[0].pricingPlans[0].pricingPlanData[0].visualElements[0].value", "Carte de crédit/débit"): Verify element property value successfully

2023-10-16 14:16:22 - [MESSAGE][PASSED] - Verify element property value successfully

2023-10-16 14:16:22 - [TEST_STEP][PASSED] - verifyElementPropertyValue(getResponse, "offers[10].groups[0].pricingPlans[0].pricingPlanData[0].visualElements[1].key", "CTA_text"): Verify element property value successfully

2023-10-16 14:16:22 - [MESSAGE][PASSED] - Verify element property value successfully

2023-10-16 14:16:22 - [TEST_STEP][PASSED] - verifyElementPropertyValue(getResponse, "offers[10].groups[0].pricingPlans[0].pricingPlanData[0].visualElements[1].value", "S’abonner"): Verify element property value successfully

2023-10-16 14:16:22 - [MESSAGE][PASSED] - Verify element property value successfully

2023-10-16 14:16:22 - [TEST_STEP][PASSED] - verifyElementPropertyValue(getResponse, "offers[10].groups[0].pricingPlans[0].pricingPlanData[0].visualElements[2].key", "logo"): Verify element property value successfully

2023-10-16 14:16:22 - [MESSAGE][PASSED] - Verify element property value successfully

2023-10-16 14:16:22 - [TEST_STEP][PASSED] - verifyElementPropertyValue(getResponse, "offers[10].groups[0].pricingPlans[0].pricingPlanData[0].visualElements[2].value", "https://static.s3.shahid.mbc.net/widget-images/icons/iconCreditCard.png"): Verify element property value successfully

2023-10-16 14:16:22 - [MESSAGE][PASSED] - Verify element property value successfully]]></system-out>
         <system-err><![CDATA[2023-10-16 14:16:18 - [TEST_CASE][FAILED] - Test Cases/WEB - CHROME/DZA PI/WEB_FR_getOffersForDZA_VIP: Test Cases/WEB - CHROME/DZA PI/WEB_FR_getOffersForDZA_VIP FAILED.
Reason:
com.kms.katalon.core.exception.StepFailedException: Expected element property value '241.0' is not equal with actual property value '201.0'
	at com.kms.katalon.core.keyword.internal.KeywordMain.stepFailed(KeywordMain.groovy:39)
	at com.kms.katalon.core.webservice.keyword.builtin.VerifyElementPropertyValueKeyword$_verifyElementPropertyValue_closure1.doCall(VerifyElementPropertyValueKeyword.groovy:56)
	at com.kms.katalon.core.webservice.keyword.builtin.VerifyElementPropertyValueKeyword$_verifyElementPropertyValue_closure1.call(VerifyElementPropertyValueKeyword.groovy)
	at com.kms.katalon.core.keyword.internal.KeywordMain.runKeyword(KeywordMain.groovy:75)
	at com.kms.katalon.core.webservice.keyword.builtin.VerifyElementPropertyValueKeyword.verifyElementPropertyValue(VerifyElementPropertyValueKeyword.groovy:48)
	at com.kms.katalon.core.webservice.keyword.builtin.VerifyElementPropertyValueKeyword.execute(VerifyElementPropertyValueKeyword.groovy:43)
	at com.kms.katalon.core.keyword.internal.KeywordExecutor.executeKeywordForPlatform(KeywordExecutor.groovy:74)
	at com.kms.katalon.core.webservice.keyword.WSBuiltInKeywords.verifyElementPropertyValue(WSBuiltInKeywords.groovy:190)
	at com.kms.katalon.core.webservice.keyword.WSBuiltInKeywords$verifyElementPropertyValue$1.call(Unknown Source)
	at WEB_FR_getOffersForDZA_VIP.run(WEB_FR_getOffersForDZA_VIP:89)
	at com.kms.katalon.core.main.ScriptEngine.run(ScriptEngine.java:194)
	at com.kms.katalon.core.main.ScriptEngine.runScriptAsRawText(ScriptEngine.java:119)
	at com.kms.katalon.core.main.TestCaseExecutor.runScript(TestCaseExecutor.java:448)
	at com.kms.katalon.core.main.TestCaseExecutor.doExecute(TestCaseExecutor.java:439)
	at com.kms.katalon.core.main.TestCaseExecutor.processExecutionPhase(TestCaseExecutor.java:418)
	at com.kms.katalon.core.main.TestCaseExecutor.accessMainPhase(TestCaseExecutor.java:410)
	at com.kms.katalon.core.main.TestCaseExecutor.execute(TestCaseExecutor.java:285)
	at com.kms.katalon.core.common.CommonExecutor.accessTestCaseMainPhase(CommonExecutor.java:65)
	at com.kms.katalon.core.main.TestSuiteExecutor.accessTestSuiteMainPhase(TestSuiteExecutor.java:148)
	at com.kms.katalon.core.main.TestSuiteExecutor.execute(TestSuiteExecutor.java:106)
	at com.kms.katalon.core.main.TestCaseMain.startTestSuite(TestCaseMain.java:187)
	at com.kms.katalon.core.main.TestCaseMain$startTestSuite$0.call(Unknown Source)
	at TempTestSuite1697454213703.run(TempTestSuite1697454213703.groovy:36)]]></system-err>
      </testcase>
      <system-out><![CDATA[2023-10-16 14:15:45 - [TEST_SUITE][FAILED] - DZA: Test Cases/WEB - CHROME/DZA PI/WEB_EN_getSubscriptionConfigForDZA_SPORT FAILED.
Reason:
com.kms.katalon.core.exception.StepFailedException: Expected element property value '8251' is not equal with actual property value '8251.0'
	at com.kms.katalon.core.keyword.internal.KeywordMain.stepFailed(KeywordMain.groovy:39)
	at com.kms.katalon.core.webservice.keyword.builtin.VerifyElementPropertyValueKeyword$_verifyElementPropertyValue_closure1.doCall(VerifyElementPropertyValueKeyword.groovy:56)
	at com.kms.katalon.core.webservice.keyword.builtin.VerifyElementPropertyValueKeyword$_verifyElementPropertyValue_closure1.call(VerifyElementPropertyValueKeyword.groovy)
	at com.kms.katalon.core.keyword.internal.KeywordMain.runKeyword(KeywordMain.groovy:75)
	at com.kms.katalon.core.webservice.keyword.builtin.VerifyElementPropertyValueKeyword.verifyElementPropertyValue(VerifyElementPropertyValueKeyword.groovy:48)
	at com.kms.katalon.core.webservice.keyword.builtin.VerifyElementPropertyValueKeyword.execute(VerifyElementPropertyValueKeyword.groovy:43)
	at com.kms.katalon.core.keyword.internal.KeywordExecutor.executeKeywordForPlatform(KeywordExecutor.groovy:74)
	at com.kms.katalon.core.webservice.keyword.WSBuiltInKeywords.verifyElementPropertyValue(WSBuiltInKeywords.groovy:190)
	at com.kms.katalon.core.webservice.keyword.WSBuiltInKeywords$verifyElementPropertyValue$1.call(Unknown Source)
	at WEB_EN_getSubscriptionConfigForDZA_SPORT.run(WEB_EN_getSubscriptionConfigForDZA_SPORT:116)
	at com.kms.katalon.core.main.ScriptEngine.run(ScriptEngine.java:194)
	at com.kms.katalon.core.main.ScriptEngine.runScriptAsRawText(ScriptEngine.java:119)
	at com.kms.katalon.core.main.TestCaseExecutor.runScript(TestCaseExecutor.java:448)
	at com.kms.katalon.core.main.TestCaseExecutor.doExecute(TestCaseExecutor.java:439)
	at com.kms.katalon.core.main.TestCaseExecutor.processExecutionPhase(TestCaseExecutor.java:418)
	at com.kms.katalon.core.main.TestCaseExecutor.accessMainPhase(TestCaseExecutor.java:410)
	at com.kms.katalon.core.main.TestCaseExecutor.execute(TestCaseExecutor.java:285)
	at com.kms.katalon.core.common.CommonExecutor.accessTestCaseMainPhase(CommonExecutor.java:65)
	at com.kms.katalon.core.main.TestSuiteExecutor.accessTestSuiteMainPhase(TestSuiteExecutor.java:148)
	at com.kms.katalon.core.main.TestSuiteExecutor.execute(TestSuiteExecutor.java:106)
	at com.kms.katalon.core.main.TestCaseMain.startTestSuite(TestCaseMain.java:187)
	at com.kms.katalon.core.main.TestCaseMain$startTestSuite$0.call(Unknown Source)
	at TempTestSuite1697454213703.run(TempTestSuite1697454213703.groovy:36)]]></system-out>
      <system-err><![CDATA[2023-10-16 14:15:45 - [TEST_SUITE][FAILED] - DZA: Test Cases/WEB - CHROME/DZA PI/WEB_EN_getSubscriptionConfigForDZA_SPORT FAILED.
Reason:
com.kms.katalon.core.exception.StepFailedException: Expected element property value '8251' is not equal with actual property value '8251.0'
	at com.kms.katalon.core.keyword.internal.KeywordMain.stepFailed(KeywordMain.groovy:39)
	at com.kms.katalon.core.webservice.keyword.builtin.VerifyElementPropertyValueKeyword$_verifyElementPropertyValue_closure1.doCall(VerifyElementPropertyValueKeyword.groovy:56)
	at com.kms.katalon.core.webservice.keyword.builtin.VerifyElementPropertyValueKeyword$_verifyElementPropertyValue_closure1.call(VerifyElementPropertyValueKeyword.groovy)
	at com.kms.katalon.core.keyword.internal.KeywordMain.runKeyword(KeywordMain.groovy:75)
	at com.kms.katalon.core.webservice.keyword.builtin.VerifyElementPropertyValueKeyword.verifyElementPropertyValue(VerifyElementPropertyValueKeyword.groovy:48)
	at com.kms.katalon.core.webservice.keyword.builtin.VerifyElementPropertyValueKeyword.execute(VerifyElementPropertyValueKeyword.groovy:43)
	at com.kms.katalon.core.keyword.internal.KeywordExecutor.executeKeywordForPlatform(KeywordExecutor.groovy:74)
	at com.kms.katalon.core.webservice.keyword.WSBuiltInKeywords.verifyElementPropertyValue(WSBuiltInKeywords.groovy:190)
	at com.kms.katalon.core.webservice.keyword.WSBuiltInKeywords$verifyElementPropertyValue$1.call(Unknown Source)
	at WEB_EN_getSubscriptionConfigForDZA_SPORT.run(WEB_EN_getSubscriptionConfigForDZA_SPORT:116)
	at com.kms.katalon.core.main.ScriptEngine.run(ScriptEngine.java:194)
	at com.kms.katalon.core.main.ScriptEngine.runScriptAsRawText(ScriptEngine.java:119)
	at com.kms.katalon.core.main.TestCaseExecutor.runScript(TestCaseExecutor.java:448)
	at com.kms.katalon.core.main.TestCaseExecutor.doExecute(TestCaseExecutor.java:439)
	at com.kms.katalon.core.main.TestCaseExecutor.processExecutionPhase(TestCaseExecutor.java:418)
	at com.kms.katalon.core.main.TestCaseExecutor.accessMainPhase(TestCaseExecutor.java:410)
	at com.kms.katalon.core.main.TestCaseExecutor.execute(TestCaseExecutor.java:285)
	at com.kms.katalon.core.common.CommonExecutor.accessTestCaseMainPhase(CommonExecutor.java:65)
	at com.kms.katalon.core.main.TestSuiteExecutor.accessTestSuiteMainPhase(TestSuiteExecutor.java:148)
	at com.kms.katalon.core.main.TestSuiteExecutor.execute(TestSuiteExecutor.java:106)
	at com.kms.katalon.core.main.TestCaseMain.startTestSuite(TestCaseMain.java:187)
	at com.kms.katalon.core.main.TestCaseMain$startTestSuite$0.call(Unknown Source)
	at TempTestSuite1697454213703.run(TempTestSuite1697454213703.groovy:36)]]></system-err>
   </testsuite>
</testsuites>
