<?xml version="1.0" encoding="UTF-8"?>
<testsuites name="ARE" time="37.003" tests="10" failures="5" errors="0">
   <testsuite name="ARE" tests="10" failures="5" errors="0" time="37.003" skipped="0" timestamp="2023-10-16 14:21:10" hostname="admin - 10.109.12.148" id="Test Suites/WEB/ARE">
      <properties>
         <property name="deviceName" value=""/>
         <property name="devicePlatform" value=""/>
         <property name="logFolder" value="/Users/admin/git/shahid-configuration/Reports/20231016_140310/WEB/ARE/20231016_140345"/>
         <property name="logFiles" value="/Users/admin/git/shahid-configuration/Reports/20231016_140310/WEB/ARE/20231016_140345/execution0.log"/>
         <property name="attachments" value=""/>
         <property name="hostName" value="admin - 10.109.12.148"/>
         <property name="hostAddress" value="10.109.12.148"/>
         <property name="os" value="Mac OS X 64bit"/>
         <property name="katalonVersion" value="8.6.6.208"/>
      </properties>
      <testcase name="Test Cases/WEB - CHROME/ARE PI/WEB_FR_getSubscriptionConfigForARE_GEA" time="3.927" classname="Test Cases/WEB - CHROME/ARE PI/WEB_FR_getSubscriptionConfigForARE_GEA" status="FAILED">
         <failure type="FAILED" message="Test Cases/WEB - CHROME/ARE PI/WEB_FR_getSubscriptionConfigForARE_GEA FAILED.
Reason:
com.kms.katalon.core.exception.StepFailedException: Expected element property value 'Plan Annuel ' is not equal with actual property value 'Plan Annuel ​'
	at com.kms.katalon.core.keyword.internal.KeywordMain.stepFailed(KeywordMain.groovy:39)
	at com.kms.katalon.core.webservice.keyword.builtin.VerifyElementPropertyValueKeyword$_verifyElementPropertyValue_closure1.doCall(VerifyElementPropertyValueKeyword.groovy:56)
	at com.kms.katalon.core.webservice.keyword.builtin.VerifyElementPropertyValueKeyword$_verifyElementPropertyValue_closure1.call(VerifyElementPropertyValueKeyword.groovy)
	at com.kms.katalon.core.keyword.internal.KeywordMain.runKeyword(KeywordMain.groovy:75)
	at com.kms.katalon.core.webservice.keyword.builtin.VerifyElementPropertyValueKeyword.verifyElementPropertyValue(VerifyElementPropertyValueKeyword.groovy:48)
	at com.kms.katalon.core.webservice.keyword.builtin.VerifyElementPropertyValueKeyword.execute(VerifyElementPropertyValueKeyword.groovy:43)
	at com.kms.katalon.core.keyword.internal.KeywordExecutor.executeKeywordForPlatform(KeywordExecutor.groovy:74)
	at com.kms.katalon.core.webservice.keyword.WSBuiltInKeywords.verifyElementPropertyValue(WSBuiltInKeywords.groovy:190)
	at com.kms.katalon.core.webservice.keyword.WSBuiltInKeywords$verifyElementPropertyValue$1.call(Unknown Source)
	at WEB_FR_getSubscriptionConfigForARE_GEA.run(WEB_FR_getSubscriptionConfigForARE_GEA:99)
	at com.kms.katalon.core.main.ScriptEngine.run(ScriptEngine.java:194)
	at com.kms.katalon.core.main.ScriptEngine.runScriptAsRawText(ScriptEngine.java:119)
	at com.kms.katalon.core.main.TestCaseExecutor.runScript(TestCaseExecutor.java:448)
	at com.kms.katalon.core.main.TestCaseExecutor.doExecute(TestCaseExecutor.java:439)
	at com.kms.katalon.core.main.TestCaseExecutor.processExecutionPhase(TestCaseExecutor.java:418)
	at com.kms.katalon.core.main.TestCaseExecutor.accessMainPhase(TestCaseExecutor.java:410)
	at com.kms.katalon.core.main.TestCaseExecutor.execute(TestCaseExecutor.java:285)
	at com.kms.katalon.core.common.CommonExecutor.accessTestCaseMainPhase(CommonExecutor.java:65)
	at com.kms.katalon.core.main.TestSuiteExecutor.accessTestSuiteMainPhase(TestSuiteExecutor.java:148)
	at com.kms.katalon.core.main.TestSuiteExecutor.execute(TestSuiteExecutor.java:106)
	at com.kms.katalon.core.main.TestCaseMain.startTestSuite(TestCaseMain.java:187)
	at com.kms.katalon.core.main.TestCaseMain$startTestSuite$0.call(Unknown Source)
	at TempTestSuite1697454225698.run(TempTestSuite1697454225698.groovy:36)
"/>
         <system-out><![CDATA[2023-10-16 14:21:10 - [TEST_CASE][FAILED] - Test Cases/WEB - CHROME/ARE PI/WEB_FR_getSubscriptionConfigForARE_GEA: Test Cases/WEB - CHROME/ARE PI/WEB_FR_getSubscriptionConfigForARE_GEA FAILED.
Reason:
com.kms.katalon.core.exception.StepFailedException: Expected element property value 'Plan Annuel ' is not equal with actual property value 'Plan Annuel ​'
	at com.kms.katalon.core.keyword.internal.KeywordMain.stepFailed(KeywordMain.groovy:39)
	at com.kms.katalon.core.webservice.keyword.builtin.VerifyElementPropertyValueKeyword$_verifyElementPropertyValue_closure1.doCall(VerifyElementPropertyValueKeyword.groovy:56)
	at com.kms.katalon.core.webservice.keyword.builtin.VerifyElementPropertyValueKeyword$_verifyElementPropertyValue_closure1.call(VerifyElementPropertyValueKeyword.groovy)
	at com.kms.katalon.core.keyword.internal.KeywordMain.runKeyword(KeywordMain.groovy:75)
	at com.kms.katalon.core.webservice.keyword.builtin.VerifyElementPropertyValueKeyword.verifyElementPropertyValue(VerifyElementPropertyValueKeyword.groovy:48)
	at com.kms.katalon.core.webservice.keyword.builtin.VerifyElementPropertyValueKeyword.execute(VerifyElementPropertyValueKeyword.groovy:43)
	at com.kms.katalon.core.keyword.internal.KeywordExecutor.executeKeywordForPlatform(KeywordExecutor.groovy:74)
	at com.kms.katalon.core.webservice.keyword.WSBuiltInKeywords.verifyElementPropertyValue(WSBuiltInKeywords.groovy:190)
	at com.kms.katalon.core.webservice.keyword.WSBuiltInKeywords$verifyElementPropertyValue$1.call(Unknown Source)
	at WEB_FR_getSubscriptionConfigForARE_GEA.run(WEB_FR_getSubscriptionConfigForARE_GEA:99)
	at com.kms.katalon.core.main.ScriptEngine.run(ScriptEngine.java:194)
	at com.kms.katalon.core.main.ScriptEngine.runScriptAsRawText(ScriptEngine.java:119)
	at com.kms.katalon.core.main.TestCaseExecutor.runScript(TestCaseExecutor.java:448)
	at com.kms.katalon.core.main.TestCaseExecutor.doExecute(TestCaseExecutor.java:439)
	at com.kms.katalon.core.main.TestCaseExecutor.processExecutionPhase(TestCaseExecutor.java:418)
	at com.kms.katalon.core.main.TestCaseExecutor.accessMainPhase(TestCaseExecutor.java:410)
	at com.kms.katalon.core.main.TestCaseExecutor.execute(TestCaseExecutor.java:285)
	at com.kms.katalon.core.common.CommonExecutor.accessTestCaseMainPhase(CommonExecutor.java:65)
	at com.kms.katalon.core.main.TestSuiteExecutor.accessTestSuiteMainPhase(TestSuiteExecutor.java:148)
	at com.kms.katalon.core.main.TestSuiteExecutor.execute(TestSuiteExecutor.java:106)
	at com.kms.katalon.core.main.TestCaseMain.startTestSuite(TestCaseMain.java:187)
	at com.kms.katalon.core.main.TestCaseMain$startTestSuite$0.call(Unknown Source)
	at TempTestSuite1697454225698.run(TempTestSuite1697454225698.groovy:36)


2023-10-16 14:21:10 - [TEST_STEP][PASSED] - getResponse = config_files.getConfigFile.getConfig("WEB", "FR", "SHAHID_VIP_GEA", "AE", "false"): config_files.getConfigFile.getConfig is PASSED

2023-10-16 14:21:12 - [MESSAGE][INFO] - HAR: /Users/admin/git/shahid-configuration/Reports/20231016_140310/WEB/ARE/20231016_140345/requests/main/0.har

2023-10-16 14:21:12 - [MESSAGE][PASSED] - Send request successfully

2023-10-16 14:21:12 - [MESSAGE][PASSED] - config_files.getConfigFile.getConfig is PASSED

2023-10-16 14:21:12 - [TEST_STEP][PASSED] - verifyResponseStatusCode(getResponse, 200): Verify response status code successfully

2023-10-16 14:21:12 - [MESSAGE][PASSED] - Verify response status code successfully

2023-10-16 14:21:12 - [TEST_STEP][PASSED] - verifyElementPropertyValue(getResponse, "country", "ARE"): Verify element property value successfully

2023-10-16 14:21:12 - [MESSAGE][PASSED] - Verify element property value successfully

2023-10-16 14:21:12 - [TEST_STEP][PASSED] - verifyElementPropertyValue(getResponse, "platform", "[WEB]"): Verify element property value successfully

2023-10-16 14:21:12 - [MESSAGE][PASSED] - Verify element property value successfully

2023-10-16 14:21:12 - [TEST_STEP][PASSED] - verifyElementPropertyValue(getResponse, "groups[0].pricingPlans[0].featured", "true"): Verify element property value successfully

2023-10-16 14:21:12 - [MESSAGE][PASSED] - Verify element property value successfully

2023-10-16 14:21:12 - [TEST_STEP][PASSED] - verifyElementPropertyValue(getResponse, "groups[0].pricingPlans[0].packageId", "SHAHID_VIP_GEA"): Verify element property value successfully

2023-10-16 14:21:12 - [MESSAGE][PASSED] - Verify element property value successfully

2023-10-16 14:21:12 - [TEST_STEP][PASSED] - verifyElementPropertyValue(getResponse, "groups[0].pricingPlans[0].catalogId", "GEA"): Verify element property value successfully

2023-10-16 14:21:12 - [MESSAGE][PASSED] - Verify element property value successfully

2023-10-16 14:21:12 - [TEST_STEP][PASSED] - verifyElementPropertyValue(getResponse, "groups[0].pricingPlans[0].visualElements[0].key", "Header_1_text"): Verify element property value successfully

2023-10-16 14:21:12 - [MESSAGE][PASSED] - Verify element property value successfully

2023-10-16 14:21:12 - [TEST_STEP][PASSED] - verifyElementPropertyValue(getResponse, "groups[0].pricingPlans[0].visualElements[0].value", "Abonnez-vous dès maintenant et profitez de vos programmes sans publicité"): Verify element property value successfully

2023-10-16 14:21:12 - [MESSAGE][PASSED] - Verify element property value successfully

2023-10-16 14:21:12 - [TEST_STEP][PASSED] - verifyElementPropertyValue(getResponse, "groups[0].pricingPlans[0].visualElements[1].key", "display_title"): Verify element property value successfully

2023-10-16 14:21:12 - [MESSAGE][PASSED] - Verify element property value successfully

2023-10-16 14:21:12 - [TEST_STEP][PASSED] - verifyElementPropertyValue(getResponse, "groups[0].pricingPlans[0].visualElements[1].value", "Plan Mensuel "): Verify element property value successfully

2023-10-16 14:21:12 - [MESSAGE][PASSED] - Verify element property value successfully

2023-10-16 14:21:12 - [TEST_STEP][PASSED] - verifyElementPropertyValue(getResponse, "groups[0].pricingPlans[0].visualElements[3].key", "promo_text"): Verify element property value successfully

2023-10-16 14:21:12 - [MESSAGE][PASSED] - Verify element property value successfully

2023-10-16 14:21:12 - [TEST_STEP][PASSED] - verifyElementPropertyValue(getResponse, "groups[0].pricingPlans[0].visualElements[3].value", "49.99 AED / mois"): Verify element property value successfully

2023-10-16 14:21:12 - [MESSAGE][PASSED] - Verify element property value successfully

2023-10-16 14:21:12 - [TEST_STEP][PASSED] - verifyElementPropertyValue(getResponse, "groups[0].pricingPlans[0].visualElements[4].key", "deduction_text"): Verify element property value successfully

2023-10-16 14:21:12 - [MESSAGE][PASSED] - Verify element property value successfully

2023-10-16 14:21:12 - [TEST_STEP][PASSED] - verifyElementPropertyValue(getResponse, "groups[0].pricingPlans[0].visualElements[4].value", "facturation mensuelle"): Verify element property value successfully

2023-10-16 14:21:12 - [MESSAGE][PASSED] - Verify element property value successfully

2023-10-16 14:21:12 - [TEST_STEP][PASSED] - verifyElementPropertyValue(getResponse, "groups[0].pricingPlans[0].visualElements[7].key", "show_payment_logo"): Verify element property value successfully

2023-10-16 14:21:12 - [MESSAGE][PASSED] - Verify element property value successfully

2023-10-16 14:21:12 - [TEST_STEP][PASSED] - verifyElementPropertyValue(getResponse, "groups[0].pricingPlans[0].visualElements[7].value", "true"): Verify element property value successfully

2023-10-16 14:21:12 - [MESSAGE][PASSED] - Verify element property value successfully

2023-10-16 14:21:12 - [TEST_STEP][PASSED] - verifyElementPropertyValue(getResponse, "groups[0].pricingPlans[0].visualElements[8].key", "show_tag"): Verify element property value successfully

2023-10-16 14:21:12 - [MESSAGE][PASSED] - Verify element property value successfully

2023-10-16 14:21:12 - [TEST_STEP][PASSED] - verifyElementPropertyValue(getResponse, "groups[0].pricingPlans[0].visualElements[8].value", "false"): Verify element property value successfully

2023-10-16 14:21:12 - [MESSAGE][PASSED] - Verify element property value successfully

2023-10-16 14:21:12 - [TEST_STEP][PASSED] - verifyElementPropertyValue(getResponse, "groups[0].pricingPlans[0].visualElements[10].key", "price"): Verify element property value successfully

2023-10-16 14:21:12 - [MESSAGE][PASSED] - Verify element property value successfully

2023-10-16 14:21:12 - [TEST_STEP][PASSED] - verifyElementPropertyValue(getResponse, "groups[0].pricingPlans[0].visualElements[10].value", "49.99"): Verify element property value successfully

2023-10-16 14:21:12 - [MESSAGE][PASSED] - Verify element property value successfully

2023-10-16 14:21:12 - [TEST_STEP][PASSED] - verifyElementPropertyValue(getResponse, "groups[0].pricingPlans[0].visualElements[11].key", "currency"): Verify element property value successfully

2023-10-16 14:21:13 - [MESSAGE][PASSED] - Verify element property value successfully

2023-10-16 14:21:13 - [TEST_STEP][PASSED] - verifyElementPropertyValue(getResponse, "groups[0].pricingPlans[0].visualElements[11].value", "AED"): Verify element property value successfully

2023-10-16 14:21:13 - [MESSAGE][PASSED] - Verify element property value successfully

2023-10-16 14:21:13 - [TEST_STEP][PASSED] - verifyElementPropertyValue(getResponse, "groups[0].pricingPlans[0].visualElements[12].key", "duration"): Verify element property value successfully

2023-10-16 14:21:13 - [MESSAGE][PASSED] - Verify element property value successfully

2023-10-16 14:21:13 - [TEST_STEP][PASSED] - verifyElementPropertyValue(getResponse, "groups[0].pricingPlans[0].visualElements[12].value", "Mensuel"): Verify element property value successfully

2023-10-16 14:21:13 - [MESSAGE][PASSED] - Verify element property value successfully

2023-10-16 14:21:13 - [TEST_STEP][PASSED] - verifyElementPropertyValue(getResponse, "groups[0].pricingPlans[0].visualElements[13].key", "featured_tag_text"): Verify element property value successfully

2023-10-16 14:21:13 - [MESSAGE][PASSED] - Verify element property value successfully

2023-10-16 14:21:13 - [TEST_STEP][PASSED] - verifyElementPropertyValue(getResponse, "groups[0].pricingPlans[0].visualElements[13].value", "Le plus populaire"): Verify element property value successfully

2023-10-16 14:21:13 - [MESSAGE][PASSED] - Verify element property value successfully

2023-10-16 14:21:13 - [TEST_STEP][PASSED] - verifyElementPropertyValue(getResponse, "groups[0].pricingPlans[0].order", "6"): Verify element property value successfully

2023-10-16 14:21:13 - [MESSAGE][PASSED] - Verify element property value successfully

2023-10-16 14:21:13 - [TEST_STEP][PASSED] - verifyElementPropertyValue(getResponse, "groups[0].pricingPlans[0].period", "monthly"): Verify element property value successfully

2023-10-16 14:21:13 - [MESSAGE][PASSED] - Verify element property value successfully

2023-10-16 14:21:13 - [TEST_STEP][PASSED] - verifyElementPropertyValue(getResponse, "groups[0].pricingPlans[0].price", "49.99"): Verify element property value successfully

2023-10-16 14:21:13 - [MESSAGE][PASSED] - Verify element property value successfully

2023-10-16 14:21:13 - [TEST_STEP][PASSED] - verifyElementPropertyValue(getResponse, "groups[0].pricingPlans[0].currency", "AED"): Verify element property value successfully

2023-10-16 14:21:13 - [MESSAGE][PASSED] - Verify element property value successfully

2023-10-16 14:21:13 - [TEST_STEP][PASSED] - verifyElementPropertyValue(getResponse, "groups[0].pricingPlans[0].pricingPlanData[0].productId", "UAE_B2C_SHAHID_VIP_GEA_1M"): Verify element property value successfully

2023-10-16 14:21:13 - [MESSAGE][PASSED] - Verify element property value successfully

2023-10-16 14:21:13 - [TEST_STEP][PASSED] - verifyElementPropertyValue(getResponse, "groups[0].pricingPlans[0].pricingPlanData[0].subPricingPlanIds", "null"): Verify element property value successfully

2023-10-16 14:21:13 - [MESSAGE][PASSED] - Verify element property value successfully

2023-10-16 14:21:13 - [TEST_STEP][PASSED] - verifyElementPropertyValue(getResponse, "groups[0].pricingPlans[0].pricingPlanData[0].paymentMethod", "CREDIT_CARD"): Verify element property value successfully

2023-10-16 14:21:13 - [MESSAGE][PASSED] - Verify element property value successfully

2023-10-16 14:21:13 - [TEST_STEP][PASSED] - verifyElementPropertyValue(getResponse, "groups[0].pricingPlans[0].pricingPlanData[0].freeTrialEnabled", "false"): Verify element property value successfully

2023-10-16 14:21:13 - [MESSAGE][PASSED] - Verify element property value successfully

2023-10-16 14:21:13 - [TEST_STEP][PASSED] - verifyElementPropertyValue(getResponse, "groups[0].pricingPlans[0].pricingPlanData[0].visualElements[0].key", "title"): Verify element property value successfully

2023-10-16 14:21:13 - [MESSAGE][PASSED] - Verify element property value successfully

2023-10-16 14:21:13 - [TEST_STEP][PASSED] - verifyElementPropertyValue(getResponse, "groups[0].pricingPlans[0].pricingPlanData[0].visualElements[0].value", "Carte de crédit/débit"): Verify element property value successfully

2023-10-16 14:21:13 - [MESSAGE][PASSED] - Verify element property value successfully

2023-10-16 14:21:13 - [TEST_STEP][PASSED] - verifyElementPropertyValue(getResponse, "groups[0].pricingPlans[0].pricingPlanData[0].visualElements[1].key", "CTA_text"): Verify element property value successfully

2023-10-16 14:21:13 - [MESSAGE][PASSED] - Verify element property value successfully

2023-10-16 14:21:13 - [TEST_STEP][PASSED] - verifyElementPropertyValue(getResponse, "groups[0].pricingPlans[0].pricingPlanData[0].visualElements[1].value", "S'abonner"): Verify element property value successfully

2023-10-16 14:21:13 - [MESSAGE][PASSED] - Verify element property value successfully

2023-10-16 14:21:13 - [TEST_STEP][PASSED] - verifyElementPropertyValue(getResponse, "groups[0].pricingPlans[0].pricingPlanData[0].visualElements[2].key", "logo"): Verify element property value successfully

2023-10-16 14:21:13 - [MESSAGE][PASSED] - Verify element property value successfully

2023-10-16 14:21:13 - [TEST_STEP][PASSED] - verifyElementPropertyValue(getResponse, "groups[0].pricingPlans[0].pricingPlanData[0].visualElements[2].value", "https://static.s3.shahid.mbc.net/widget-images/icons/iconCreditCard.png"): Verify element property value successfully

2023-10-16 14:21:13 - [MESSAGE][PASSED] - Verify element property value successfully

2023-10-16 14:21:13 - [TEST_STEP][PASSED] - verifyElementPropertyValue(getResponse, "groups[0].pricingPlans[0].pricingPlanData[0].priceLabel", "49.99"): Verify element property value successfully

2023-10-16 14:21:13 - [MESSAGE][PASSED] - Verify element property value successfully

2023-10-16 14:21:13 - [TEST_STEP][PASSED] - verifyElementPropertyValue(getResponse, "groups[0].pricingPlans[0].pricingPlanData[0].currencyLabel", "AED"): Verify element property value successfully

2023-10-16 14:21:13 - [MESSAGE][PASSED] - Verify element property value successfully

2023-10-16 14:21:13 - [TEST_STEP][PASSED] - verifyElementPropertyValue(getResponse, "groups[0].pricingPlans[2].featured", "false"): Verify element property value successfully

2023-10-16 14:21:13 - [MESSAGE][PASSED] - Verify element property value successfully

2023-10-16 14:21:13 - [TEST_STEP][PASSED] - verifyElementPropertyValue(getResponse, "groups[0].pricingPlans[2].packageId", "SHAHID_VIP_GEA"): Verify element property value successfully

2023-10-16 14:21:13 - [MESSAGE][PASSED] - Verify element property value successfully

2023-10-16 14:21:13 - [TEST_STEP][PASSED] - verifyElementPropertyValue(getResponse, "groups[0].pricingPlans[2].catalogId", "GEA"): Verify element property value successfully

2023-10-16 14:21:13 - [MESSAGE][PASSED] - Verify element property value successfully

2023-10-16 14:21:13 - [TEST_STEP][PASSED] - verifyElementPropertyValue(getResponse, "groups[0].pricingPlans[2].visualElements[0].key", "Header_1_text"): Verify element property value successfully

2023-10-16 14:21:13 - [MESSAGE][PASSED] - Verify element property value successfully

2023-10-16 14:21:13 - [TEST_STEP][PASSED] - verifyElementPropertyValue(getResponse, "groups[0].pricingPlans[2].visualElements[0].value", "Abonnez-vous dès maintenant et profitez de vos programmes sans publicité"): Verify element property value successfully

2023-10-16 14:21:13 - [MESSAGE][PASSED] - Verify element property value successfully

2023-10-16 14:21:13 - [TEST_STEP][PASSED] - verifyElementPropertyValue(getResponse, "groups[0].pricingPlans[2].visualElements[1].key", "display_title"): Verify element property value successfully

2023-10-16 14:21:13 - [MESSAGE][PASSED] - Verify element property value successfully

2023-10-16 14:21:13 - [TEST_STEP][FAILED] - verifyElementPropertyValue(getResponse, "groups[0].pricingPlans[2].visualElements[1].value", "Plan Annuel "): Expected element property value 'Plan Annuel ' is not equal with actual property value 'Plan Annuel ​'

2023-10-16 14:21:13 - [MESSAGE][FAILED] - Expected element property value 'Plan Annuel ' is not equal with actual property value 'Plan Annuel ​'

2023-10-16 14:21:13 - [TEST_STEP][PASSED] - verifyElementPropertyValue(getResponse, "groups[0].pricingPlans[2].visualElements[2].key", "tag_text"): Verify element property value successfully

2023-10-16 14:21:13 - [MESSAGE][PASSED] - Verify element property value successfully

2023-10-16 14:21:13 - [TEST_STEP][PASSED] - verifyElementPropertyValue(getResponse, "groups[0].pricingPlans[2].visualElements[2].value", "Économisez 23%"): Verify element property value successfully

2023-10-16 14:21:13 - [MESSAGE][PASSED] - Verify element property value successfully

2023-10-16 14:21:13 - [TEST_STEP][PASSED] - verifyElementPropertyValue(getResponse, "groups[0].pricingPlans[2].visualElements[3].key", "promo_text"): Verify element property value successfully

2023-10-16 14:21:13 - [MESSAGE][PASSED] - Verify element property value successfully

2023-10-16 14:21:13 - [TEST_STEP][PASSED] - verifyElementPropertyValue(getResponse, "groups[0].pricingPlans[2].visualElements[3].value", "38.33 AED / mois"): Verify element property value successfully

2023-10-16 14:21:13 - [MESSAGE][PASSED] - Verify element property value successfully

2023-10-16 14:21:13 - [TEST_STEP][PASSED] - verifyElementPropertyValue(getResponse, "groups[0].pricingPlans[2].visualElements[4].key", "deduction_text"): Verify element property value successfully

2023-10-16 14:21:13 - [MESSAGE][PASSED] - Verify element property value successfully

2023-10-16 14:21:13 - [TEST_STEP][PASSED] - verifyElementPropertyValue(getResponse, "groups[0].pricingPlans[2].visualElements[4].value", "459.99 AED facturés chaque année"): Verify element property value successfully

2023-10-16 14:21:13 - [MESSAGE][PASSED] - Verify element property value successfully

2023-10-16 14:21:13 - [TEST_STEP][PASSED] - verifyElementPropertyValue(getResponse, "groups[0].pricingPlans[2].visualElements[7].key", "show_payment_logo"): Verify element property value successfully

2023-10-16 14:21:13 - [MESSAGE][PASSED] - Verify element property value successfully

2023-10-16 14:21:13 - [TEST_STEP][PASSED] - verifyElementPropertyValue(getResponse, "groups[0].pricingPlans[2].visualElements[7].value", "true"): Verify element property value successfully

2023-10-16 14:21:13 - [MESSAGE][PASSED] - Verify element property value successfully

2023-10-16 14:21:13 - [TEST_STEP][PASSED] - verifyElementPropertyValue(getResponse, "groups[0].pricingPlans[2].visualElements[8].key", "show_tag"): Verify element property value successfully

2023-10-16 14:21:13 - [MESSAGE][PASSED] - Verify element property value successfully

2023-10-16 14:21:13 - [TEST_STEP][PASSED] - verifyElementPropertyValue(getResponse, "groups[0].pricingPlans[2].visualElements[8].value", "true"): Verify element property value successfully

2023-10-16 14:21:13 - [MESSAGE][PASSED] - Verify element property value successfully

2023-10-16 14:21:13 - [TEST_STEP][PASSED] - verifyElementPropertyValue(getResponse, "groups[0].pricingPlans[2].visualElements[10].key", "price"): Verify element property value successfully

2023-10-16 14:21:13 - [MESSAGE][PASSED] - Verify element property value successfully

2023-10-16 14:21:13 - [TEST_STEP][PASSED] - verifyElementPropertyValue(getResponse, "groups[0].pricingPlans[2].visualElements[10].value", "459.99"): Verify element property value successfully

2023-10-16 14:21:13 - [MESSAGE][PASSED] - Verify element property value successfully

2023-10-16 14:21:13 - [TEST_STEP][PASSED] - verifyElementPropertyValue(getResponse, "groups[0].pricingPlans[2].visualElements[11].key", "currency"): Verify element property value successfully

2023-10-16 14:21:13 - [MESSAGE][PASSED] - Verify element property value successfully

2023-10-16 14:21:13 - [TEST_STEP][PASSED] - verifyElementPropertyValue(getResponse, "groups[0].pricingPlans[2].visualElements[11].value", "AED"): Verify element property value successfully

2023-10-16 14:21:13 - [MESSAGE][PASSED] - Verify element property value successfully

2023-10-16 14:21:13 - [TEST_STEP][PASSED] - verifyElementPropertyValue(getResponse, "groups[0].pricingPlans[2].visualElements[12].key", "duration"): Verify element property value successfully

2023-10-16 14:21:13 - [MESSAGE][PASSED] - Verify element property value successfully

2023-10-16 14:21:13 - [TEST_STEP][PASSED] - verifyElementPropertyValue(getResponse, "groups[0].pricingPlans[2].visualElements[12].value", "Annuel"): Verify element property value successfully

2023-10-16 14:21:13 - [MESSAGE][PASSED] - Verify element property value successfully

2023-10-16 14:21:13 - [TEST_STEP][PASSED] - verifyElementPropertyValue(getResponse, "groups[0].pricingPlans[2].order", "8"): Verify element property value successfully

2023-10-16 14:21:13 - [MESSAGE][PASSED] - Verify element property value successfully

2023-10-16 14:21:13 - [TEST_STEP][PASSED] - verifyElementPropertyValue(getResponse, "groups[0].pricingPlans[2].period", "yearly"): Verify element property value successfully

2023-10-16 14:21:13 - [MESSAGE][PASSED] - Verify element property value successfully

2023-10-16 14:21:13 - [TEST_STEP][PASSED] - verifyElementPropertyValue(getResponse, "groups[0].pricingPlans[2].price", "459.99"): Verify element property value successfully

2023-10-16 14:21:13 - [MESSAGE][PASSED] - Verify element property value successfully

2023-10-16 14:21:13 - [TEST_STEP][PASSED] - verifyElementPropertyValue(getResponse, "groups[0].pricingPlans[2].currency", "AED"): Verify element property value successfully

2023-10-16 14:21:13 - [MESSAGE][PASSED] - Verify element property value successfully

2023-10-16 14:21:13 - [TEST_STEP][PASSED] - verifyElementPropertyValue(getResponse, "groups[0].pricingPlans[2].pricingPlanData[0].productId", "UAE_B2C_SHAHID_VIP_GEA_12M"): Verify element property value successfully

2023-10-16 14:21:13 - [MESSAGE][PASSED] - Verify element property value successfully

2023-10-16 14:21:13 - [TEST_STEP][PASSED] - verifyElementPropertyValue(getResponse, "groups[0].pricingPlans[2].pricingPlanData[0].subPricingPlanIds", "null"): Verify element property value successfully

2023-10-16 14:21:13 - [MESSAGE][PASSED] - Verify element property value successfully

2023-10-16 14:21:13 - [TEST_STEP][PASSED] - verifyElementPropertyValue(getResponse, "groups[0].pricingPlans[2].pricingPlanData[0].paymentMethod", "CREDIT_CARD"): Verify element property value successfully

2023-10-16 14:21:13 - [MESSAGE][PASSED] - Verify element property value successfully

2023-10-16 14:21:13 - [TEST_STEP][PASSED] - verifyElementPropertyValue(getResponse, "groups[0].pricingPlans[2].pricingPlanData[0].freeTrialEnabled", "false"): Verify element property value successfully

2023-10-16 14:21:13 - [MESSAGE][PASSED] - Verify element property value successfully

2023-10-16 14:21:13 - [TEST_STEP][PASSED] - verifyElementPropertyValue(getResponse, "groups[0].pricingPlans[2].pricingPlanData[0].visualElements[0].key", "title"): Verify element property value successfully

2023-10-16 14:21:13 - [MESSAGE][PASSED] - Verify element property value successfully

2023-10-16 14:21:13 - [TEST_STEP][PASSED] - verifyElementPropertyValue(getResponse, "groups[0].pricingPlans[2].pricingPlanData[0].visualElements[0].value", "Carte de crédit/débit"): Verify element property value successfully

2023-10-16 14:21:13 - [MESSAGE][PASSED] - Verify element property value successfully

2023-10-16 14:21:13 - [TEST_STEP][PASSED] - verifyElementPropertyValue(getResponse, "groups[0].pricingPlans[2].pricingPlanData[0].visualElements[1].key", "CTA_text"): Verify element property value successfully

2023-10-16 14:21:13 - [MESSAGE][PASSED] - Verify element property value successfully

2023-10-16 14:21:13 - [TEST_STEP][PASSED] - verifyElementPropertyValue(getResponse, "groups[0].pricingPlans[2].pricingPlanData[0].visualElements[1].value", "S'abonner"): Verify element property value successfully

2023-10-16 14:21:13 - [MESSAGE][PASSED] - Verify element property value successfully

2023-10-16 14:21:13 - [TEST_STEP][PASSED] - verifyElementPropertyValue(getResponse, "groups[0].pricingPlans[2].pricingPlanData[0].visualElements[2].key", "logo"): Verify element property value successfully

2023-10-16 14:21:13 - [MESSAGE][PASSED] - Verify element property value successfully

2023-10-16 14:21:13 - [TEST_STEP][PASSED] - verifyElementPropertyValue(getResponse, "groups[0].pricingPlans[2].pricingPlanData[0].visualElements[2].value", "https://static.s3.shahid.mbc.net/widget-images/icons/iconCreditCard.png"): Verify element property value successfully

2023-10-16 14:21:13 - [MESSAGE][PASSED] - Verify element property value successfully

2023-10-16 14:21:13 - [TEST_STEP][PASSED] - verifyElementPropertyValue(getResponse, "groups[0].pricingPlans[2].pricingPlanData[0].priceLabel", "459.99"): Verify element property value successfully

2023-10-16 14:21:13 - [MESSAGE][PASSED] - Verify element property value successfully

2023-10-16 14:21:13 - [TEST_STEP][PASSED] - verifyElementPropertyValue(getResponse, "groups[0].pricingPlans[2].pricingPlanData[0].currencyLabel", "AED"): Verify element property value successfully

2023-10-16 14:21:13 - [MESSAGE][PASSED] - Verify element property value successfully

2023-10-16 14:21:13 - [TEST_STEP][PASSED] - verifyElementPropertyValue(getResponse, "groups[0].pricingPlans[2].pricingPlanData[0].allowedForAcquisition", "true"): Verify element property value successfully

2023-10-16 14:21:13 - [MESSAGE][PASSED] - Verify element property value successfully

2023-10-16 14:21:13 - [TEST_STEP][PASSED] - verifyElementPropertyValue(getResponse, "groups[0].pricingPlans[2].pricingPlanData[0].showIn[0]", "VERTICAL_MODE"): Verify element property value successfully

2023-10-16 14:21:13 - [MESSAGE][PASSED] - Verify element property value successfully

2023-10-16 14:21:13 - [TEST_STEP][PASSED] - verifyElementPropertyValue(getResponse, "groups[0].pricingPlans[2].pricingPlanData[0].showIn[1]", "HORIZONTAL_MODE"): Verify element property value successfully

2023-10-16 14:21:13 - [MESSAGE][PASSED] - Verify element property value successfully

2023-10-16 14:21:13 - [TEST_STEP][PASSED] - verifyElementPropertyValue(getResponse, "visualElements[0].key", "main_CTA_text_1"): Verify element property value successfully

2023-10-16 14:21:13 - [MESSAGE][PASSED] - Verify element property value successfully

2023-10-16 14:21:13 - [TEST_STEP][PASSED] - verifyElementPropertyValue(getResponse, "visualElements[0].value", "Abonnez-vous dès maintenant et profitez de vos programmes sans publicité"): Verify element property value successfully

2023-10-16 14:21:13 - [MESSAGE][PASSED] - Verify element property value successfully

2023-10-16 14:21:13 - [TEST_STEP][PASSED] - verifyElementPropertyValue(getResponse, "visualElements[2].key", "main_disclaimer_text"): Verify element property value successfully

2023-10-16 14:21:13 - [MESSAGE][PASSED] - Verify element property value successfully

2023-10-16 14:21:13 - [TEST_STEP][PASSED] - verifyElementPropertyValue(getResponse, "visualElements[2].value", "Les frais d'abonnement peuvent varier selon le pays, le moyen de paiement, le forfait, les taxes, les taux de change et les frais bancaires. Les conditions générales d'utilisation s'appliquent."): Verify element property value successfully

2023-10-16 14:21:13 - [MESSAGE][PASSED] - Verify element property value successfully

2023-10-16 14:21:13 - [TEST_STEP][PASSED] - verifyElementPropertyValue(getResponse, "visualElements[4].key", "display_type"): Verify element property value successfully

2023-10-16 14:21:13 - [MESSAGE][PASSED] - Verify element property value successfully

2023-10-16 14:21:13 - [TEST_STEP][PASSED] - verifyElementPropertyValue(getResponse, "visualElements[4].value", "vertical"): Verify element property value successfully

2023-10-16 14:21:13 - [MESSAGE][PASSED] - Verify element property value successfully

2023-10-16 14:21:13 - [TEST_STEP][PASSED] - verifyElementPropertyValue(getResponse, "pages[0].visualElements[0].key", "alternative_payment_title"): Verify element property value successfully

2023-10-16 14:21:14 - [MESSAGE][PASSED] - Verify element property value successfully

2023-10-16 14:21:14 - [TEST_STEP][PASSED] - verifyElementPropertyValue(getResponse, "pages[0].visualElements[0].value", "Ou choisissez l'un des autres moyens de paiement suivants"): Verify element property value successfully

2023-10-16 14:21:14 - [MESSAGE][PASSED] - Verify element property value successfully

2023-10-16 14:21:14 - [TEST_STEP][PASSED] - verifyElementPropertyValue(getResponse, "pages[0].visualElements[1].key", "label_text"): Verify element property value successfully

2023-10-16 14:21:14 - [MESSAGE][PASSED] - Verify element property value successfully

2023-10-16 14:21:14 - [TEST_STEP][PASSED] - verifyElementPropertyValue(getResponse, "pages[0].visualElements[1].value", "Autres moyens de paiement"): Verify element property value successfully

2023-10-16 14:21:14 - [MESSAGE][PASSED] - Verify element property value successfully

2023-10-16 14:21:14 - [TEST_STEP][PASSED] - verifyElementPropertyValue(getResponse, "pages[0].visualElements[3].key", "CTA_text"): Verify element property value successfully

2023-10-16 14:21:14 - [MESSAGE][PASSED] - Verify element property value successfully

2023-10-16 14:21:14 - [TEST_STEP][PASSED] - verifyElementPropertyValue(getResponse, "pages[0].visualElements[3].value", "Cliquez ici"): Verify element property value successfully

2023-10-16 14:21:14 - [MESSAGE][PASSED] - Verify element property value successfully

2023-10-16 14:21:14 - [TEST_STEP][PASSED] - verifyElementPropertyValue(getResponse, "pages[0].visualElements[4].key", "main_title"): Verify element property value successfully

2023-10-16 14:21:14 - [MESSAGE][PASSED] - Verify element property value successfully

2023-10-16 14:21:14 - [TEST_STEP][PASSED] - verifyElementPropertyValue(getResponse, "pages[0].visualElements[4].value", "Autres moyens de paiement"): Verify element property value successfully

2023-10-16 14:21:14 - [MESSAGE][PASSED] - Verify element property value successfully

2023-10-16 14:21:14 - [TEST_STEP][PASSED] - verifyElementPropertyValue(getResponse, "pages[0].visualElements[6].key", "alternative_payment_methods"): Verify element property value successfully

2023-10-16 14:21:14 - [MESSAGE][PASSED] - Verify element property value successfully

2023-10-16 14:21:14 - [TEST_STEP][PASSED] - verifyElementPropertyValue(getResponse, "pages[0].visualElements[6].value", "Vous pouvez vous procurer un code promo Shahid auprès de l'un des points de vente suivants"): Verify element property value successfully

2023-10-16 14:21:14 - [MESSAGE][PASSED] - Verify element property value successfully

2023-10-16 14:21:14 - [TEST_STEP][PASSED] - verifyElementPropertyValue(getResponse, "partners[0].name", "NT Payments"): Verify element property value successfully

2023-10-16 14:21:14 - [MESSAGE][PASSED] - Verify element property value successfully

2023-10-16 14:21:14 - [TEST_STEP][PASSED] - verifyElementPropertyValue(getResponse, "partners[0].link", "https://ntpayments.com/en/map/"): Verify element property value successfully

2023-10-16 14:21:14 - [MESSAGE][PASSED] - Verify element property value successfully

2023-10-16 14:21:14 - [TEST_STEP][PASSED] - verifyElementPropertyValue(getResponse, "partners[0].logo", "https://static.s3.shahid.mbc.net/widget-images/logos/ntpayments@2x.png"): Verify element property value successfully

2023-10-16 14:21:14 - [MESSAGE][PASSED] - Verify element property value successfully

2023-10-16 14:21:14 - [TEST_STEP][PASSED] - verifyElementPropertyValue(getResponse, "partners[0].visible", "true"): Verify element property value successfully

2023-10-16 14:21:14 - [MESSAGE][PASSED] - Verify element property value successfully

2023-10-16 14:21:14 - [TEST_STEP][PASSED] - verifyElementPropertyValue(getResponse, "partners[0].visualElements[0].key", "text"): Verify element property value successfully

2023-10-16 14:21:14 - [MESSAGE][PASSED] - Verify element property value successfully

2023-10-16 14:21:14 - [TEST_STEP][PASSED] - verifyElementPropertyValue(getResponse, "partners[0].visualElements[0].value", "Plus d’informations"): Verify element property value successfully

2023-10-16 14:21:14 - [MESSAGE][PASSED] - Verify element property value successfully

2023-10-16 14:21:14 - [TEST_STEP][PASSED] - verifyElementPropertyValue(getResponse, "partners[1].name", "Like Card"): Verify element property value successfully

2023-10-16 14:21:14 - [MESSAGE][PASSED] - Verify element property value successfully

2023-10-16 14:21:14 - [TEST_STEP][PASSED] - verifyElementPropertyValue(getResponse, "partners[1].link", "https://like4card.com/All-Shahid_VIP?country_id=18"): Verify element property value successfully

2023-10-16 14:21:14 - [MESSAGE][PASSED] - Verify element property value successfully

2023-10-16 14:21:14 - [TEST_STEP][PASSED] - verifyElementPropertyValue(getResponse, "partners[1].logo", "https://static.s3.shahid.mbc.net/widget-images/logos/likecard@2x.png"): Verify element property value successfully

2023-10-16 14:21:14 - [MESSAGE][PASSED] - Verify element property value successfully

2023-10-16 14:21:14 - [TEST_STEP][PASSED] - verifyElementPropertyValue(getResponse, "partners[1].visible", "true"): Verify element property value successfully

2023-10-16 14:21:14 - [MESSAGE][PASSED] - Verify element property value successfully

2023-10-16 14:21:14 - [TEST_STEP][PASSED] - verifyElementPropertyValue(getResponse, "partners[1].visualElements[0].key", "text"): Verify element property value successfully

2023-10-16 14:21:14 - [MESSAGE][PASSED] - Verify element property value successfully

2023-10-16 14:21:14 - [TEST_STEP][PASSED] - verifyElementPropertyValue(getResponse, "partners[1].visualElements[0].value", "Plus d’informations"): Verify element property value successfully

2023-10-16 14:21:14 - [MESSAGE][PASSED] - Verify element property value successfully

2023-10-16 14:21:14 - [TEST_STEP][PASSED] - verifyElementPropertyValue(getResponse, "partners[2].name", "You Got a Gift"): Verify element property value successfully

2023-10-16 14:21:14 - [MESSAGE][PASSED] - Verify element property value successfully

2023-10-16 14:21:14 - [TEST_STEP][PASSED] - verifyElementPropertyValue(getResponse, "partners[2].link", "https://yougotagift.com/gift-card/shahidvip-gift-card-ae/"): Verify element property value successfully

2023-10-16 14:21:14 - [MESSAGE][PASSED] - Verify element property value successfully

2023-10-16 14:21:14 - [TEST_STEP][PASSED] - verifyElementPropertyValue(getResponse, "partners[2].logo", "https://shahid-static.s3.us-east-1.amazonaws.com/widget-images/logos/you-gota-gift.svg"): Verify element property value successfully

2023-10-16 14:21:14 - [MESSAGE][PASSED] - Verify element property value successfully

2023-10-16 14:21:14 - [TEST_STEP][PASSED] - verifyElementPropertyValue(getResponse, "partners[2].visible", "true"): Verify element property value successfully

2023-10-16 14:21:14 - [MESSAGE][PASSED] - Verify element property value successfully

2023-10-16 14:21:14 - [TEST_STEP][PASSED] - verifyElementPropertyValue(getResponse, "partners[2].visualElements[0].key", "text"): Verify element property value successfully

2023-10-16 14:21:14 - [MESSAGE][PASSED] - Verify element property value successfully

2023-10-16 14:21:14 - [TEST_STEP][PASSED] - verifyElementPropertyValue(getResponse, "partners[2].visualElements[0].value", "Plus d’informations"): Verify element property value successfully

2023-10-16 14:21:14 - [MESSAGE][PASSED] - Verify element property value successfully

2023-10-16 14:21:14 - [TEST_STEP][PASSED] - verifyElementPropertyValue(getResponse, "defaultPackageId", "SHAHID_VIP"): Verify element property value successfully

2023-10-16 14:21:14 - [MESSAGE][PASSED] - Verify element property value successfully]]></system-out>
         <system-err><![CDATA[2023-10-16 14:21:10 - [TEST_CASE][FAILED] - Test Cases/WEB - CHROME/ARE PI/WEB_FR_getSubscriptionConfigForARE_GEA: Test Cases/WEB - CHROME/ARE PI/WEB_FR_getSubscriptionConfigForARE_GEA FAILED.
Reason:
com.kms.katalon.core.exception.StepFailedException: Expected element property value 'Plan Annuel ' is not equal with actual property value 'Plan Annuel ​'
	at com.kms.katalon.core.keyword.internal.KeywordMain.stepFailed(KeywordMain.groovy:39)
	at com.kms.katalon.core.webservice.keyword.builtin.VerifyElementPropertyValueKeyword$_verifyElementPropertyValue_closure1.doCall(VerifyElementPropertyValueKeyword.groovy:56)
	at com.kms.katalon.core.webservice.keyword.builtin.VerifyElementPropertyValueKeyword$_verifyElementPropertyValue_closure1.call(VerifyElementPropertyValueKeyword.groovy)
	at com.kms.katalon.core.keyword.internal.KeywordMain.runKeyword(KeywordMain.groovy:75)
	at com.kms.katalon.core.webservice.keyword.builtin.VerifyElementPropertyValueKeyword.verifyElementPropertyValue(VerifyElementPropertyValueKeyword.groovy:48)
	at com.kms.katalon.core.webservice.keyword.builtin.VerifyElementPropertyValueKeyword.execute(VerifyElementPropertyValueKeyword.groovy:43)
	at com.kms.katalon.core.keyword.internal.KeywordExecutor.executeKeywordForPlatform(KeywordExecutor.groovy:74)
	at com.kms.katalon.core.webservice.keyword.WSBuiltInKeywords.verifyElementPropertyValue(WSBuiltInKeywords.groovy:190)
	at com.kms.katalon.core.webservice.keyword.WSBuiltInKeywords$verifyElementPropertyValue$1.call(Unknown Source)
	at WEB_FR_getSubscriptionConfigForARE_GEA.run(WEB_FR_getSubscriptionConfigForARE_GEA:99)
	at com.kms.katalon.core.main.ScriptEngine.run(ScriptEngine.java:194)
	at com.kms.katalon.core.main.ScriptEngine.runScriptAsRawText(ScriptEngine.java:119)
	at com.kms.katalon.core.main.TestCaseExecutor.runScript(TestCaseExecutor.java:448)
	at com.kms.katalon.core.main.TestCaseExecutor.doExecute(TestCaseExecutor.java:439)
	at com.kms.katalon.core.main.TestCaseExecutor.processExecutionPhase(TestCaseExecutor.java:418)
	at com.kms.katalon.core.main.TestCaseExecutor.accessMainPhase(TestCaseExecutor.java:410)
	at com.kms.katalon.core.main.TestCaseExecutor.execute(TestCaseExecutor.java:285)
	at com.kms.katalon.core.common.CommonExecutor.accessTestCaseMainPhase(CommonExecutor.java:65)
	at com.kms.katalon.core.main.TestSuiteExecutor.accessTestSuiteMainPhase(TestSuiteExecutor.java:148)
	at com.kms.katalon.core.main.TestSuiteExecutor.execute(TestSuiteExecutor.java:106)
	at com.kms.katalon.core.main.TestCaseMain.startTestSuite(TestCaseMain.java:187)
	at com.kms.katalon.core.main.TestCaseMain$startTestSuite$0.call(Unknown Source)
	at TempTestSuite1697454225698.run(TempTestSuite1697454225698.groovy:36)]]></system-err>
      </testcase>
      <testcase name="Test Cases/WEB - CHROME/ARE PI/WEB_AR_getSubscriptionConfigForARE_VIP" time="2.736" classname="Test Cases/WEB - CHROME/ARE PI/WEB_AR_getSubscriptionConfigForARE_VIP" status="PASSED">
         <system-out><![CDATA[2023-10-16 14:21:14 - [TEST_CASE][PASSED] - Test Cases/WEB - CHROME/ARE PI/WEB_AR_getSubscriptionConfigForARE_VIP: Test Cases/WEB - CHROME/ARE PI/WEB_AR_getSubscriptionConfigForARE_VIP

2023-10-16 14:21:14 - [TEST_STEP][PASSED] - getResponse = config_files.getConfigFile.getConfig("WEB", "AR", "SHAHID_VIP", "AE", "false"): config_files.getConfigFile.getConfig is PASSED

2023-10-16 14:21:15 - [MESSAGE][INFO] - HAR: /Users/admin/git/shahid-configuration/Reports/20231016_140310/WEB/ARE/20231016_140345/requests/main/1.har

2023-10-16 14:21:15 - [MESSAGE][PASSED] - Send request successfully

2023-10-16 14:21:15 - [MESSAGE][PASSED] - config_files.getConfigFile.getConfig is PASSED

2023-10-16 14:21:15 - [TEST_STEP][PASSED] - verifyResponseStatusCode(getResponse, 200): Verify response status code successfully

2023-10-16 14:21:15 - [MESSAGE][PASSED] - Verify response status code successfully

2023-10-16 14:21:15 - [TEST_STEP][PASSED] - verifyElementPropertyValue(getResponse, "country", "ARE"): Verify element property value successfully

2023-10-16 14:21:15 - [MESSAGE][PASSED] - Verify element property value successfully

2023-10-16 14:21:15 - [TEST_STEP][PASSED] - verifyElementPropertyValue(getResponse, "platform", "[WEB]"): Verify element property value successfully

2023-10-16 14:21:15 - [MESSAGE][PASSED] - Verify element property value successfully

2023-10-16 14:21:15 - [TEST_STEP][PASSED] - verifyElementPropertyValue(getResponse, "groups[0].pricingPlans[0].featured", "true"): Verify element property value successfully

2023-10-16 14:21:15 - [MESSAGE][PASSED] - Verify element property value successfully

2023-10-16 14:21:15 - [TEST_STEP][PASSED] - verifyElementPropertyValue(getResponse, "groups[0].pricingPlans[0].packageId", "SHAHID_VIP"): Verify element property value successfully

2023-10-16 14:21:15 - [MESSAGE][PASSED] - Verify element property value successfully

2023-10-16 14:21:15 - [TEST_STEP][PASSED] - verifyElementPropertyValue(getResponse, "groups[0].pricingPlans[0].catalogId", "VIP"): Verify element property value successfully

2023-10-16 14:21:15 - [MESSAGE][PASSED] - Verify element property value successfully

2023-10-16 14:21:15 - [TEST_STEP][PASSED] - verifyElementPropertyValue(getResponse, "groups[0].pricingPlans[0].visualElements[0].key", "Header_1_text"): Verify element property value successfully

2023-10-16 14:21:15 - [MESSAGE][PASSED] - Verify element property value successfully

2023-10-16 14:21:15 - [TEST_STEP][PASSED] - verifyElementPropertyValue(getResponse, "groups[0].pricingPlans[0].visualElements[0].value", "شاهد أقوى المسلسلات و الأفلام حصرياً دون توقف"): Verify element property value successfully

2023-10-16 14:21:15 - [MESSAGE][PASSED] - Verify element property value successfully

2023-10-16 14:21:15 - [TEST_STEP][PASSED] - verifyElementPropertyValue(getResponse, "groups[0].pricingPlans[0].visualElements[1].key", "display_title"): Verify element property value successfully

2023-10-16 14:21:15 - [MESSAGE][PASSED] - Verify element property value successfully

2023-10-16 14:21:15 - [TEST_STEP][PASSED] - verifyElementPropertyValue(getResponse, "groups[0].pricingPlans[0].visualElements[1].value", "الاشتراك الشهري"): Verify element property value successfully

2023-10-16 14:21:15 - [MESSAGE][PASSED] - Verify element property value successfully

2023-10-16 14:21:15 - [TEST_STEP][PASSED] - verifyElementPropertyValue(getResponse, "groups[0].pricingPlans[0].visualElements[2].key", "promo_text"): Verify element property value successfully

2023-10-16 14:21:15 - [MESSAGE][PASSED] - Verify element property value successfully

2023-10-16 14:21:15 - [TEST_STEP][PASSED] - verifyElementPropertyValue(getResponse, "groups[0].pricingPlans[0].visualElements[2].value", "39.99 AED / شهرياً"): Verify element property value successfully

2023-10-16 14:21:15 - [MESSAGE][PASSED] - Verify element property value successfully

2023-10-16 14:21:15 - [TEST_STEP][PASSED] - verifyElementPropertyValue(getResponse, "groups[0].pricingPlans[0].visualElements[3].key", "deduction_text"): Verify element property value successfully

2023-10-16 14:21:15 - [MESSAGE][PASSED] - Verify element property value successfully

2023-10-16 14:21:15 - [TEST_STEP][PASSED] - verifyElementPropertyValue(getResponse, "groups[0].pricingPlans[0].visualElements[3].value", "تدفع شهرياً"): Verify element property value successfully

2023-10-16 14:21:15 - [MESSAGE][PASSED] - Verify element property value successfully

2023-10-16 14:21:15 - [TEST_STEP][PASSED] - verifyElementPropertyValue(getResponse, "groups[0].pricingPlans[0].visualElements[6].key", "show_payment_logo"): Verify element property value successfully

2023-10-16 14:21:15 - [MESSAGE][PASSED] - Verify element property value successfully

2023-10-16 14:21:15 - [TEST_STEP][PASSED] - verifyElementPropertyValue(getResponse, "groups[0].pricingPlans[0].visualElements[6].value", "true"): Verify element property value successfully

2023-10-16 14:21:15 - [MESSAGE][PASSED] - Verify element property value successfully

2023-10-16 14:21:15 - [TEST_STEP][PASSED] - verifyElementPropertyValue(getResponse, "groups[0].pricingPlans[0].visualElements[8].key", "price"): Verify element property value successfully

2023-10-16 14:21:15 - [MESSAGE][PASSED] - Verify element property value successfully

2023-10-16 14:21:15 - [TEST_STEP][PASSED] - verifyElementPropertyValue(getResponse, "groups[0].pricingPlans[0].visualElements[8].value", "39.99"): Verify element property value successfully

2023-10-16 14:21:15 - [MESSAGE][PASSED] - Verify element property value successfully

2023-10-16 14:21:15 - [TEST_STEP][PASSED] - verifyElementPropertyValue(getResponse, "groups[0].pricingPlans[0].visualElements[9].key", "currency"): Verify element property value successfully

2023-10-16 14:21:15 - [MESSAGE][PASSED] - Verify element property value successfully

2023-10-16 14:21:15 - [TEST_STEP][PASSED] - verifyElementPropertyValue(getResponse, "groups[0].pricingPlans[0].visualElements[9].value", "AED"): Verify element property value successfully

2023-10-16 14:21:15 - [MESSAGE][PASSED] - Verify element property value successfully

2023-10-16 14:21:15 - [TEST_STEP][PASSED] - verifyElementPropertyValue(getResponse, "groups[0].pricingPlans[0].visualElements[10].key", "duration"): Verify element property value successfully

2023-10-16 14:21:15 - [MESSAGE][PASSED] - Verify element property value successfully

2023-10-16 14:21:15 - [TEST_STEP][PASSED] - verifyElementPropertyValue(getResponse, "groups[0].pricingPlans[0].visualElements[10].value", "شهرياً"): Verify element property value successfully

2023-10-16 14:21:15 - [MESSAGE][PASSED] - Verify element property value successfully

2023-10-16 14:21:15 - [TEST_STEP][PASSED] - verifyElementPropertyValue(getResponse, "groups[0].pricingPlans[0].order", "0"): Verify element property value successfully

2023-10-16 14:21:15 - [MESSAGE][PASSED] - Verify element property value successfully

2023-10-16 14:21:15 - [TEST_STEP][PASSED] - verifyElementPropertyValue(getResponse, "groups[0].pricingPlans[0].period", "monthly"): Verify element property value successfully

2023-10-16 14:21:15 - [MESSAGE][PASSED] - Verify element property value successfully

2023-10-16 14:21:15 - [TEST_STEP][PASSED] - verifyElementPropertyValue(getResponse, "groups[0].pricingPlans[0].price", "39.99"): Verify element property value successfully

2023-10-16 14:21:15 - [MESSAGE][PASSED] - Verify element property value successfully

2023-10-16 14:21:15 - [TEST_STEP][PASSED] - verifyElementPropertyValue(getResponse, "groups[0].pricingPlans[0].currency", "AED"): Verify element property value successfully

2023-10-16 14:21:15 - [MESSAGE][PASSED] - Verify element property value successfully

2023-10-16 14:21:15 - [TEST_STEP][PASSED] - verifyElementPropertyValue(getResponse, "groups[0].pricingPlans[0].pricingPlanData[0].productId", "UAE_B2C_SHAHID_VIP_1M"): Verify element property value successfully

2023-10-16 14:21:15 - [MESSAGE][PASSED] - Verify element property value successfully

2023-10-16 14:21:15 - [TEST_STEP][PASSED] - verifyElementPropertyValue(getResponse, "groups[0].pricingPlans[0].pricingPlanData[0].subPricingPlanIds", "null"): Verify element property value successfully

2023-10-16 14:21:15 - [MESSAGE][PASSED] - Verify element property value successfully

2023-10-16 14:21:15 - [TEST_STEP][PASSED] - verifyElementPropertyValue(getResponse, "groups[0].pricingPlans[0].pricingPlanData[0].paymentMethod", "CREDIT_CARD"): Verify element property value successfully

2023-10-16 14:21:15 - [MESSAGE][PASSED] - Verify element property value successfully

2023-10-16 14:21:15 - [TEST_STEP][PASSED] - verifyElementPropertyValue(getResponse, "groups[0].pricingPlans[0].pricingPlanData[0].freeTrialEnabled", "false"): Verify element property value successfully

2023-10-16 14:21:15 - [MESSAGE][PASSED] - Verify element property value successfully

2023-10-16 14:21:15 - [TEST_STEP][PASSED] - verifyElementPropertyValue(getResponse, "groups[0].pricingPlans[0].pricingPlanData[0].visualElements[0].key", "title"): Verify element property value successfully

2023-10-16 14:21:15 - [MESSAGE][PASSED] - Verify element property value successfully

2023-10-16 14:21:15 - [TEST_STEP][PASSED] - verifyElementPropertyValue(getResponse, "groups[0].pricingPlans[0].pricingPlanData[0].visualElements[0].value", "البطاقة المصرفية"): Verify element property value successfully

2023-10-16 14:21:15 - [MESSAGE][PASSED] - Verify element property value successfully

2023-10-16 14:21:15 - [TEST_STEP][PASSED] - verifyElementPropertyValue(getResponse, "groups[0].pricingPlans[0].pricingPlanData[0].visualElements[1].key", "CTA_text"): Verify element property value successfully

2023-10-16 14:21:15 - [MESSAGE][PASSED] - Verify element property value successfully

2023-10-16 14:21:15 - [TEST_STEP][PASSED] - verifyElementPropertyValue(getResponse, "groups[0].pricingPlans[0].pricingPlanData[0].visualElements[1].value", "اشترك"): Verify element property value successfully

2023-10-16 14:21:15 - [MESSAGE][PASSED] - Verify element property value successfully

2023-10-16 14:21:15 - [TEST_STEP][PASSED] - verifyElementPropertyValue(getResponse, "groups[0].pricingPlans[0].pricingPlanData[0].visualElements[2].key", "logo"): Verify element property value successfully

2023-10-16 14:21:15 - [MESSAGE][PASSED] - Verify element property value successfully

2023-10-16 14:21:15 - [TEST_STEP][PASSED] - verifyElementPropertyValue(getResponse, "groups[0].pricingPlans[0].pricingPlanData[0].visualElements[2].value", "https://static.s3.shahid.mbc.net/widget-images/icons/iconCreditCard.png"): Verify element property value successfully

2023-10-16 14:21:15 - [MESSAGE][PASSED] - Verify element property value successfully

2023-10-16 14:21:15 - [TEST_STEP][PASSED] - verifyElementPropertyValue(getResponse, "groups[0].pricingPlans[0].pricingPlanData[0].priceLabel", "39.99"): Verify element property value successfully

2023-10-16 14:21:15 - [MESSAGE][PASSED] - Verify element property value successfully

2023-10-16 14:21:15 - [TEST_STEP][PASSED] - verifyElementPropertyValue(getResponse, "groups[0].pricingPlans[0].pricingPlanData[0].currencyLabel", "AED"): Verify element property value successfully

2023-10-16 14:21:15 - [MESSAGE][PASSED] - Verify element property value successfully

2023-10-16 14:21:15 - [TEST_STEP][PASSED] - verifyElementPropertyValue(getResponse, "groups[0].pricingPlans[0].pricingPlanData[1].pricingPlanId", "TPay_Etisalat_AE"): Verify element property value successfully

2023-10-16 14:21:15 - [MESSAGE][PASSED] - Verify element property value successfully

2023-10-16 14:21:15 - [TEST_STEP][PASSED] - verifyElementPropertyValue(getResponse, "groups[0].pricingPlans[0].pricingPlanData[1].productId", "UAE_B2C_SHAHID_VIP_1M"): Verify element property value successfully

2023-10-16 14:21:15 - [MESSAGE][PASSED] - Verify element property value successfully

2023-10-16 14:21:15 - [TEST_STEP][PASSED] - verifyElementPropertyValue(getResponse, "groups[0].pricingPlans[0].pricingPlanData[1].subPricingPlanIds[0]", "42402"): Verify element property value successfully

2023-10-16 14:21:15 - [MESSAGE][PASSED] - Verify element property value successfully

2023-10-16 14:21:15 - [TEST_STEP][PASSED] - verifyElementPropertyValue(getResponse, "groups[0].pricingPlans[0].pricingPlanData[1].paymentMethod", "MOBILE_PAY"): Verify element property value successfully

2023-10-16 14:21:16 - [MESSAGE][PASSED] - Verify element property value successfully

2023-10-16 14:21:16 - [TEST_STEP][PASSED] - verifyElementPropertyValue(getResponse, "groups[0].pricingPlans[0].pricingPlanData[1].freeTrialEnabled", "false"): Verify element property value successfully

2023-10-16 14:21:16 - [MESSAGE][PASSED] - Verify element property value successfully

2023-10-16 14:21:16 - [TEST_STEP][PASSED] - verifyElementPropertyValue(getResponse, "groups[0].pricingPlans[0].pricingPlanData[1].showIn[0]", "VERTICAL_MODE"): Verify element property value successfully

2023-10-16 14:21:16 - [MESSAGE][PASSED] - Verify element property value successfully

2023-10-16 14:21:16 - [TEST_STEP][PASSED] - verifyElementPropertyValue(getResponse, "groups[0].pricingPlans[0].pricingPlanData[1].showIn[1]", "HORIZONTAL_MODE"): Verify element property value successfully

2023-10-16 14:21:16 - [MESSAGE][PASSED] - Verify element property value successfully

2023-10-16 14:21:16 - [TEST_STEP][PASSED] - verifyElementPropertyValue(getResponse, "groups[0].pricingPlans[0].pricingPlanData[1].visualElements[0].key", "payment_option_group"): Verify element property value successfully

2023-10-16 14:21:16 - [MESSAGE][PASSED] - Verify element property value successfully

2023-10-16 14:21:16 - [TEST_STEP][PASSED] - verifyElementPropertyValue(getResponse, "groups[0].pricingPlans[0].pricingPlanData[1].visualElements[0].value", "true"): Verify element property value successfully

2023-10-16 14:21:16 - [MESSAGE][PASSED] - Verify element property value successfully

2023-10-16 14:21:16 - [TEST_STEP][PASSED] - verifyElementPropertyValue(getResponse, "groups[0].pricingPlans[0].pricingPlanData[1].visualElements[1].key", "title"): Verify element property value successfully

2023-10-16 14:21:16 - [MESSAGE][PASSED] - Verify element property value successfully

2023-10-16 14:21:16 - [TEST_STEP][PASSED] - verifyElementPropertyValue(getResponse, "groups[0].pricingPlans[0].pricingPlanData[1].visualElements[1].value", "الدفع عبر الجّوال"): Verify element property value successfully

2023-10-16 14:21:16 - [MESSAGE][PASSED] - Verify element property value successfully

2023-10-16 14:21:16 - [TEST_STEP][PASSED] - verifyElementPropertyValue(getResponse, "groups[0].pricingPlans[0].pricingPlanData[1].visualElements[2].key", "CTA_text"): Verify element property value successfully

2023-10-16 14:21:16 - [MESSAGE][PASSED] - Verify element property value successfully

2023-10-16 14:21:16 - [TEST_STEP][PASSED] - verifyElementPropertyValue(getResponse, "groups[0].pricingPlans[0].pricingPlanData[1].visualElements[2].value", "اشترك"): Verify element property value successfully

2023-10-16 14:21:16 - [MESSAGE][PASSED] - Verify element property value successfully

2023-10-16 14:21:16 - [TEST_STEP][PASSED] - verifyElementPropertyValue(getResponse, "groups[0].pricingPlans[0].pricingPlanData[1].visualElements[3].key", "logo"): Verify element property value successfully

2023-10-16 14:21:16 - [MESSAGE][PASSED] - Verify element property value successfully

2023-10-16 14:21:16 - [TEST_STEP][PASSED] - verifyElementPropertyValue(getResponse, "groups[0].pricingPlans[0].pricingPlanData[1].visualElements[3].value", "https://static.s3.shahid.mbc.net/widget-images/icons/iconMobile.png"): Verify element property value successfully

2023-10-16 14:21:16 - [MESSAGE][PASSED] - Verify element property value successfully

2023-10-16 14:21:16 - [TEST_STEP][PASSED] - verifyElementPropertyValue(getResponse, "groups[0].pricingPlans[0].pricingPlanData[1].priceLabel", "39.99"): Verify element property value successfully

2023-10-16 14:21:16 - [MESSAGE][PASSED] - Verify element property value successfully

2023-10-16 14:21:16 - [TEST_STEP][PASSED] - verifyElementPropertyValue(getResponse, "groups[0].pricingPlans[0].pricingPlanData[1].currencyLabel", "AED"): Verify element property value successfully

2023-10-16 14:21:16 - [MESSAGE][PASSED] - Verify element property value successfully

2023-10-16 14:21:16 - [TEST_STEP][PASSED] - verifyElementPropertyValue(getResponse, "groups[0].pricingPlans[0].pricingPlanData[1].allowedForAcquisition", "true"): Verify element property value successfully

2023-10-16 14:21:16 - [MESSAGE][PASSED] - Verify element property value successfully

2023-10-16 14:21:16 - [TEST_STEP][PASSED] - verifyElementPropertyValue(getResponse, "groups[0].pricingPlans[0].pricingPlanData[2].pricingPlanId", "TPay_Du_AE"): Verify element property value successfully

2023-10-16 14:21:16 - [MESSAGE][PASSED] - Verify element property value successfully

2023-10-16 14:21:16 - [TEST_STEP][PASSED] - verifyElementPropertyValue(getResponse, "groups[0].pricingPlans[0].pricingPlanData[2].productId", "UAE_B2C_SHAHID_VIP_1M"): Verify element property value successfully

2023-10-16 14:21:16 - [MESSAGE][PASSED] - Verify element property value successfully

2023-10-16 14:21:16 - [TEST_STEP][PASSED] - verifyElementPropertyValue(getResponse, "groups[0].pricingPlans[0].pricingPlanData[2].subPricingPlanIds[0]", "42403"): Verify element property value successfully

2023-10-16 14:21:16 - [MESSAGE][PASSED] - Verify element property value successfully

2023-10-16 14:21:16 - [TEST_STEP][PASSED] - verifyElementPropertyValue(getResponse, "groups[0].pricingPlans[0].pricingPlanData[2].paymentMethod", "MOBILE_PAY"): Verify element property value successfully

2023-10-16 14:21:16 - [MESSAGE][PASSED] - Verify element property value successfully

2023-10-16 14:21:16 - [TEST_STEP][PASSED] - verifyElementPropertyValue(getResponse, "groups[0].pricingPlans[0].pricingPlanData[2].freeTrialEnabled", "false"): Verify element property value successfully

2023-10-16 14:21:16 - [MESSAGE][PASSED] - Verify element property value successfully

2023-10-16 14:21:16 - [TEST_STEP][PASSED] - verifyElementPropertyValue(getResponse, "groups[0].pricingPlans[0].pricingPlanData[2].priceLabel", "39.99"): Verify element property value successfully

2023-10-16 14:21:16 - [MESSAGE][PASSED] - Verify element property value successfully

2023-10-16 14:21:16 - [TEST_STEP][PASSED] - verifyElementPropertyValue(getResponse, "groups[0].pricingPlans[0].pricingPlanData[2].currencyLabel", "AED"): Verify element property value successfully

2023-10-16 14:21:16 - [MESSAGE][PASSED] - Verify element property value successfully

2023-10-16 14:21:16 - [TEST_STEP][PASSED] - verifyElementPropertyValue(getResponse, "groups[0].pricingPlans[0].pricingPlanData[2].allowedForAcquisition", "true"): Verify element property value successfully

2023-10-16 14:21:16 - [MESSAGE][PASSED] - Verify element property value successfully

2023-10-16 14:21:16 - [TEST_STEP][PASSED] - verifyElementPropertyValue(getResponse, "groups[0].pricingPlans[2].featured", "false"): Verify element property value successfully

2023-10-16 14:21:16 - [MESSAGE][PASSED] - Verify element property value successfully

2023-10-16 14:21:16 - [TEST_STEP][PASSED] - verifyElementPropertyValue(getResponse, "groups[0].pricingPlans[2].packageId", "SHAHID_VIP"): Verify element property value successfully

2023-10-16 14:21:16 - [MESSAGE][PASSED] - Verify element property value successfully

2023-10-16 14:21:16 - [TEST_STEP][PASSED] - verifyElementPropertyValue(getResponse, "groups[0].pricingPlans[2].catalogId", "VIP"): Verify element property value successfully

2023-10-16 14:21:16 - [MESSAGE][PASSED] - Verify element property value successfully

2023-10-16 14:21:16 - [TEST_STEP][PASSED] - verifyElementPropertyValue(getResponse, "groups[0].pricingPlans[2].visualElements[0].key", "Header_1_text"): Verify element property value successfully

2023-10-16 14:21:16 - [MESSAGE][PASSED] - Verify element property value successfully

2023-10-16 14:21:16 - [TEST_STEP][PASSED] - verifyElementPropertyValue(getResponse, "groups[0].pricingPlans[2].visualElements[0].value", "شاهد أقوى المسلسلات و الأفلام حصرياً دون توقف"): Verify element property value successfully

2023-10-16 14:21:16 - [MESSAGE][PASSED] - Verify element property value successfully

2023-10-16 14:21:16 - [TEST_STEP][PASSED] - verifyElementPropertyValue(getResponse, "groups[0].pricingPlans[2].visualElements[1].key", "display_title"): Verify element property value successfully

2023-10-16 14:21:16 - [MESSAGE][PASSED] - Verify element property value successfully

2023-10-16 14:21:16 - [TEST_STEP][PASSED] - verifyElementPropertyValue(getResponse, "groups[0].pricingPlans[2].visualElements[1].value", "الاشتراك السنوي "): Verify element property value successfully

2023-10-16 14:21:16 - [MESSAGE][PASSED] - Verify element property value successfully

2023-10-16 14:21:16 - [TEST_STEP][PASSED] - verifyElementPropertyValue(getResponse, "groups[0].pricingPlans[2].visualElements[2].key", "tag_text"): Verify element property value successfully

2023-10-16 14:21:16 - [MESSAGE][PASSED] - Verify element property value successfully

2023-10-16 14:21:16 - [TEST_STEP][PASSED] - verifyElementPropertyValue(getResponse, "groups[0].pricingPlans[2].visualElements[2].value", "وفر29%"): Verify element property value successfully

2023-10-16 14:21:16 - [MESSAGE][PASSED] - Verify element property value successfully

2023-10-16 14:21:16 - [TEST_STEP][PASSED] - verifyElementPropertyValue(getResponse, "groups[0].pricingPlans[2].visualElements[3].key", "promo_text"): Verify element property value successfully

2023-10-16 14:21:16 - [MESSAGE][PASSED] - Verify element property value successfully

2023-10-16 14:21:16 - [TEST_STEP][PASSED] - verifyElementPropertyValue(getResponse, "groups[0].pricingPlans[2].visualElements[3].value", "28.33 AED / شهرياً"): Verify element property value successfully

2023-10-16 14:21:16 - [MESSAGE][PASSED] - Verify element property value successfully

2023-10-16 14:21:16 - [TEST_STEP][PASSED] - verifyElementPropertyValue(getResponse, "groups[0].pricingPlans[2].visualElements[4].key", "deduction_text"): Verify element property value successfully

2023-10-16 14:21:16 - [MESSAGE][PASSED] - Verify element property value successfully

2023-10-16 14:21:16 - [TEST_STEP][PASSED] - verifyElementPropertyValue(getResponse, "groups[0].pricingPlans[2].visualElements[4].value", " 339.99 AED  تدفع سنوياً"): Verify element property value successfully

2023-10-16 14:21:16 - [MESSAGE][PASSED] - Verify element property value successfully

2023-10-16 14:21:16 - [TEST_STEP][PASSED] - verifyElementPropertyValue(getResponse, "groups[0].pricingPlans[2].visualElements[7].key", "show_payment_logo"): Verify element property value successfully

2023-10-16 14:21:16 - [MESSAGE][PASSED] - Verify element property value successfully

2023-10-16 14:21:16 - [TEST_STEP][PASSED] - verifyElementPropertyValue(getResponse, "groups[0].pricingPlans[2].visualElements[7].value", "true"): Verify element property value successfully

2023-10-16 14:21:16 - [MESSAGE][PASSED] - Verify element property value successfully

2023-10-16 14:21:16 - [TEST_STEP][PASSED] - verifyElementPropertyValue(getResponse, "groups[0].pricingPlans[2].visualElements[8].key", "show_tag"): Verify element property value successfully

2023-10-16 14:21:16 - [MESSAGE][PASSED] - Verify element property value successfully

2023-10-16 14:21:16 - [TEST_STEP][PASSED] - verifyElementPropertyValue(getResponse, "groups[0].pricingPlans[2].visualElements[8].value", "true"): Verify element property value successfully

2023-10-16 14:21:16 - [MESSAGE][PASSED] - Verify element property value successfully

2023-10-16 14:21:16 - [TEST_STEP][PASSED] - verifyElementPropertyValue(getResponse, "groups[0].pricingPlans[2].visualElements[10].key", "price"): Verify element property value successfully

2023-10-16 14:21:16 - [MESSAGE][PASSED] - Verify element property value successfully

2023-10-16 14:21:16 - [TEST_STEP][PASSED] - verifyElementPropertyValue(getResponse, "groups[0].pricingPlans[2].visualElements[10].value", "339.99"): Verify element property value successfully

2023-10-16 14:21:16 - [MESSAGE][PASSED] - Verify element property value successfully

2023-10-16 14:21:16 - [TEST_STEP][PASSED] - verifyElementPropertyValue(getResponse, "groups[0].pricingPlans[2].visualElements[11].key", "currency"): Verify element property value successfully

2023-10-16 14:21:16 - [MESSAGE][PASSED] - Verify element property value successfully

2023-10-16 14:21:16 - [TEST_STEP][PASSED] - verifyElementPropertyValue(getResponse, "groups[0].pricingPlans[2].visualElements[11].value", "AED"): Verify element property value successfully

2023-10-16 14:21:16 - [MESSAGE][PASSED] - Verify element property value successfully

2023-10-16 14:21:16 - [TEST_STEP][PASSED] - verifyElementPropertyValue(getResponse, "groups[0].pricingPlans[2].visualElements[12].key", "duration"): Verify element property value successfully

2023-10-16 14:21:16 - [MESSAGE][PASSED] - Verify element property value successfully

2023-10-16 14:21:16 - [TEST_STEP][PASSED] - verifyElementPropertyValue(getResponse, "groups[0].pricingPlans[2].visualElements[12].value", "سنوياً"): Verify element property value successfully

2023-10-16 14:21:16 - [MESSAGE][PASSED] - Verify element property value successfully

2023-10-16 14:21:16 - [TEST_STEP][PASSED] - verifyElementPropertyValue(getResponse, "groups[0].pricingPlans[2].order", "2"): Verify element property value successfully

2023-10-16 14:21:16 - [MESSAGE][PASSED] - Verify element property value successfully

2023-10-16 14:21:16 - [TEST_STEP][PASSED] - verifyElementPropertyValue(getResponse, "groups[0].pricingPlans[2].period", "yearly"): Verify element property value successfully

2023-10-16 14:21:16 - [MESSAGE][PASSED] - Verify element property value successfully

2023-10-16 14:21:16 - [TEST_STEP][PASSED] - verifyElementPropertyValue(getResponse, "groups[0].pricingPlans[2].price", "339.99"): Verify element property value successfully

2023-10-16 14:21:16 - [MESSAGE][PASSED] - Verify element property value successfully

2023-10-16 14:21:16 - [TEST_STEP][PASSED] - verifyElementPropertyValue(getResponse, "groups[0].pricingPlans[2].currency", "AED"): Verify element property value successfully

2023-10-16 14:21:16 - [MESSAGE][PASSED] - Verify element property value successfully

2023-10-16 14:21:16 - [TEST_STEP][PASSED] - verifyElementPropertyValue(getResponse, "groups[0].pricingPlans[2].pricingPlanData[0].productId", "UAE_B2C_SHAHID_VIP_12M"): Verify element property value successfully

2023-10-16 14:21:16 - [MESSAGE][PASSED] - Verify element property value successfully

2023-10-16 14:21:16 - [TEST_STEP][PASSED] - verifyElementPropertyValue(getResponse, "groups[0].pricingPlans[2].pricingPlanData[0].subPricingPlanIds", "null"): Verify element property value successfully

2023-10-16 14:21:16 - [MESSAGE][PASSED] - Verify element property value successfully

2023-10-16 14:21:16 - [TEST_STEP][PASSED] - verifyElementPropertyValue(getResponse, "groups[0].pricingPlans[2].pricingPlanData[0].paymentMethod", "CREDIT_CARD"): Verify element property value successfully

2023-10-16 14:21:16 - [MESSAGE][PASSED] - Verify element property value successfully

2023-10-16 14:21:16 - [TEST_STEP][PASSED] - verifyElementPropertyValue(getResponse, "groups[0].pricingPlans[2].pricingPlanData[0].freeTrialEnabled", "false"): Verify element property value successfully

2023-10-16 14:21:16 - [MESSAGE][PASSED] - Verify element property value successfully

2023-10-16 14:21:16 - [TEST_STEP][PASSED] - verifyElementPropertyValue(getResponse, "groups[0].pricingPlans[2].pricingPlanData[0].visualElements[0].key", "title"): Verify element property value successfully

2023-10-16 14:21:16 - [MESSAGE][PASSED] - Verify element property value successfully

2023-10-16 14:21:16 - [TEST_STEP][PASSED] - verifyElementPropertyValue(getResponse, "groups[0].pricingPlans[2].pricingPlanData[0].visualElements[0].value", "البطاقة المصرفية"): Verify element property value successfully

2023-10-16 14:21:16 - [MESSAGE][PASSED] - Verify element property value successfully

2023-10-16 14:21:16 - [TEST_STEP][PASSED] - verifyElementPropertyValue(getResponse, "groups[0].pricingPlans[2].pricingPlanData[0].visualElements[1].key", "CTA_text"): Verify element property value successfully

2023-10-16 14:21:16 - [MESSAGE][PASSED] - Verify element property value successfully

2023-10-16 14:21:16 - [TEST_STEP][PASSED] - verifyElementPropertyValue(getResponse, "groups[0].pricingPlans[2].pricingPlanData[0].visualElements[1].value", "اشترك"): Verify element property value successfully

2023-10-16 14:21:16 - [MESSAGE][PASSED] - Verify element property value successfully

2023-10-16 14:21:16 - [TEST_STEP][PASSED] - verifyElementPropertyValue(getResponse, "groups[0].pricingPlans[2].pricingPlanData[0].visualElements[2].key", "logo"): Verify element property value successfully

2023-10-16 14:21:16 - [MESSAGE][PASSED] - Verify element property value successfully

2023-10-16 14:21:16 - [TEST_STEP][PASSED] - verifyElementPropertyValue(getResponse, "groups[0].pricingPlans[2].pricingPlanData[0].visualElements[2].value", "https://static.s3.shahid.mbc.net/widget-images/icons/iconCreditCard.png"): Verify element property value successfully

2023-10-16 14:21:16 - [MESSAGE][PASSED] - Verify element property value successfully

2023-10-16 14:21:16 - [TEST_STEP][PASSED] - verifyElementPropertyValue(getResponse, "groups[0].pricingPlans[2].pricingPlanData[0].priceLabel", "339.99"): Verify element property value successfully

2023-10-16 14:21:16 - [MESSAGE][PASSED] - Verify element property value successfully

2023-10-16 14:21:16 - [TEST_STEP][PASSED] - verifyElementPropertyValue(getResponse, "groups[0].pricingPlans[2].pricingPlanData[0].currencyLabel", "AED"): Verify element property value successfully

2023-10-16 14:21:16 - [MESSAGE][PASSED] - Verify element property value successfully

2023-10-16 14:21:16 - [TEST_STEP][PASSED] - verifyElementPropertyValue(getResponse, "groups[0].pricingPlans[2].pricingPlanData[0].allowedForAcquisition", "true"): Verify element property value successfully

2023-10-16 14:21:16 - [MESSAGE][PASSED] - Verify element property value successfully

2023-10-16 14:21:16 - [TEST_STEP][PASSED] - verifyElementPropertyValue(getResponse, "groups[0].pricingPlans[2].pricingPlanData[0].showIn[0]", "VERTICAL_MODE"): Verify element property value successfully

2023-10-16 14:21:16 - [MESSAGE][PASSED] - Verify element property value successfully

2023-10-16 14:21:16 - [TEST_STEP][PASSED] - verifyElementPropertyValue(getResponse, "groups[0].pricingPlans[2].pricingPlanData[0].showIn[1]", "HORIZONTAL_MODE"): Verify element property value successfully

2023-10-16 14:21:16 - [MESSAGE][PASSED] - Verify element property value successfully

2023-10-16 14:21:16 - [TEST_STEP][PASSED] - verifyElementPropertyValue(getResponse, "visualElements[0].key", "main_CTA_text_1"): Verify element property value successfully

2023-10-16 14:21:16 - [MESSAGE][PASSED] - Verify element property value successfully

2023-10-16 14:21:16 - [TEST_STEP][PASSED] - verifyElementPropertyValue(getResponse, "visualElements[0].value", "شاهد أقوى المسلسلات و الأفلام حصرياً دون توقف"): Verify element property value successfully

2023-10-16 14:21:16 - [MESSAGE][PASSED] - Verify element property value successfully

2023-10-16 14:21:16 - [TEST_STEP][PASSED] - verifyElementPropertyValue(getResponse, "visualElements[2].key", "main_disclaimer_text"): Verify element property value successfully

2023-10-16 14:21:16 - [MESSAGE][PASSED] - Verify element property value successfully

2023-10-16 14:21:16 - [TEST_STEP][PASSED] - verifyElementPropertyValue(getResponse, "visualElements[2].value", "رسوم الاشتراك قد تختلف بناءً على البلد أو طريقة الدفع أو باقة الاشتراك أو الضريبة المضافة أو معامل تحويل العملات والرسوم البنكية. تطبّق الشروط والأحكام."): Verify element property value successfully

2023-10-16 14:21:16 - [MESSAGE][PASSED] - Verify element property value successfully

2023-10-16 14:21:16 - [TEST_STEP][PASSED] - verifyElementPropertyValue(getResponse, "visualElements[4].key", "display_type"): Verify element property value successfully

2023-10-16 14:21:16 - [MESSAGE][PASSED] - Verify element property value successfully

2023-10-16 14:21:16 - [TEST_STEP][PASSED] - verifyElementPropertyValue(getResponse, "visualElements[4].value", "vertical"): Verify element property value successfully

2023-10-16 14:21:16 - [MESSAGE][PASSED] - Verify element property value successfully

2023-10-16 14:21:16 - [TEST_STEP][PASSED] - verifyElementPropertyValue(getResponse, "pages[0].visualElements[0].key", "alternative_payment_title"): Verify element property value successfully

2023-10-16 14:21:16 - [MESSAGE][PASSED] - Verify element property value successfully

2023-10-16 14:21:16 - [TEST_STEP][PASSED] - verifyElementPropertyValue(getResponse, "pages[0].visualElements[0].value", "أو قم باختيار إحدى الطرق البديلة التالية"): Verify element property value successfully

2023-10-16 14:21:16 - [MESSAGE][PASSED] - Verify element property value successfully

2023-10-16 14:21:16 - [TEST_STEP][PASSED] - verifyElementPropertyValue(getResponse, "pages[0].visualElements[1].key", "label_text"): Verify element property value successfully

2023-10-16 14:21:16 - [MESSAGE][PASSED] - Verify element property value successfully

2023-10-16 14:21:16 - [TEST_STEP][PASSED] - verifyElementPropertyValue(getResponse, "pages[0].visualElements[1].value", "طرق الدفع الأخرى"): Verify element property value successfully

2023-10-16 14:21:16 - [MESSAGE][PASSED] - Verify element property value successfully

2023-10-16 14:21:16 - [TEST_STEP][PASSED] - verifyElementPropertyValue(getResponse, "pages[0].visualElements[3].key", "CTA_text"): Verify element property value successfully

2023-10-16 14:21:16 - [MESSAGE][PASSED] - Verify element property value successfully

2023-10-16 14:21:16 - [TEST_STEP][PASSED] - verifyElementPropertyValue(getResponse, "pages[0].visualElements[3].value", "اضغط هنا"): Verify element property value successfully

2023-10-16 14:21:16 - [MESSAGE][PASSED] - Verify element property value successfully

2023-10-16 14:21:16 - [TEST_STEP][PASSED] - verifyElementPropertyValue(getResponse, "pages[0].visualElements[4].key", "main_title"): Verify element property value successfully

2023-10-16 14:21:16 - [MESSAGE][PASSED] - Verify element property value successfully

2023-10-16 14:21:16 - [TEST_STEP][PASSED] - verifyElementPropertyValue(getResponse, "pages[0].visualElements[4].value", "طرق الدفع الأخرى"): Verify element property value successfully

2023-10-16 14:21:16 - [MESSAGE][PASSED] - Verify element property value successfully

2023-10-16 14:21:16 - [TEST_STEP][PASSED] - verifyElementPropertyValue(getResponse, "pages[0].visualElements[6].key", "alternative_payment_methods"): Verify element property value successfully

2023-10-16 14:21:16 - [MESSAGE][PASSED] - Verify element property value successfully

2023-10-16 14:21:16 - [TEST_STEP][PASSED] - verifyElementPropertyValue(getResponse, "pages[0].visualElements[6].value", "يمكنك شراء قسيمة شاهد التسويقية من أي من بائعي التجزئة التاليين"): Verify element property value successfully

2023-10-16 14:21:16 - [MESSAGE][PASSED] - Verify element property value successfully

2023-10-16 14:21:16 - [TEST_STEP][PASSED] - verifyElementPropertyValue(getResponse, "partners[0].name", "NT Payments"): Verify element property value successfully

2023-10-16 14:21:16 - [MESSAGE][PASSED] - Verify element property value successfully

2023-10-16 14:21:16 - [TEST_STEP][PASSED] - verifyElementPropertyValue(getResponse, "partners[0].link", "https://ntpayments.com/en/map/"): Verify element property value successfully

2023-10-16 14:21:16 - [MESSAGE][PASSED] - Verify element property value successfully

2023-10-16 14:21:16 - [TEST_STEP][PASSED] - verifyElementPropertyValue(getResponse, "partners[0].logo", "https://static.s3.shahid.mbc.net/widget-images/logos/ntpayments@2x.png"): Verify element property value successfully

2023-10-16 14:21:16 - [MESSAGE][PASSED] - Verify element property value successfully

2023-10-16 14:21:16 - [TEST_STEP][PASSED] - verifyElementPropertyValue(getResponse, "partners[0].visible", "true"): Verify element property value successfully

2023-10-16 14:21:16 - [MESSAGE][PASSED] - Verify element property value successfully

2023-10-16 14:21:16 - [TEST_STEP][PASSED] - verifyElementPropertyValue(getResponse, "partners[0].visualElements[0].key", "text"): Verify element property value successfully

2023-10-16 14:21:16 - [MESSAGE][PASSED] - Verify element property value successfully

2023-10-16 14:21:16 - [TEST_STEP][PASSED] - verifyElementPropertyValue(getResponse, "partners[0].visualElements[0].value", "معلومات إضافية"): Verify element property value successfully

2023-10-16 14:21:16 - [MESSAGE][PASSED] - Verify element property value successfully

2023-10-16 14:21:16 - [TEST_STEP][PASSED] - verifyElementPropertyValue(getResponse, "partners[1].name", "Like Card"): Verify element property value successfully

2023-10-16 14:21:16 - [MESSAGE][PASSED] - Verify element property value successfully

2023-10-16 14:21:16 - [TEST_STEP][PASSED] - verifyElementPropertyValue(getResponse, "partners[1].link", "https://like4card.com/All-Shahid_VIP?country_id=18"): Verify element property value successfully

2023-10-16 14:21:16 - [MESSAGE][PASSED] - Verify element property value successfully

2023-10-16 14:21:16 - [TEST_STEP][PASSED] - verifyElementPropertyValue(getResponse, "partners[1].logo", "https://static.s3.shahid.mbc.net/widget-images/logos/likecard@2x.png"): Verify element property value successfully

2023-10-16 14:21:16 - [MESSAGE][PASSED] - Verify element property value successfully

2023-10-16 14:21:16 - [TEST_STEP][PASSED] - verifyElementPropertyValue(getResponse, "partners[1].visible", "true"): Verify element property value successfully

2023-10-16 14:21:17 - [MESSAGE][PASSED] - Verify element property value successfully

2023-10-16 14:21:17 - [TEST_STEP][PASSED] - verifyElementPropertyValue(getResponse, "partners[1].visualElements[0].key", "text"): Verify element property value successfully

2023-10-16 14:21:17 - [MESSAGE][PASSED] - Verify element property value successfully

2023-10-16 14:21:17 - [TEST_STEP][PASSED] - verifyElementPropertyValue(getResponse, "partners[1].visualElements[0].value", "معلومات إضافية"): Verify element property value successfully

2023-10-16 14:21:17 - [MESSAGE][PASSED] - Verify element property value successfully

2023-10-16 14:21:17 - [TEST_STEP][PASSED] - verifyElementPropertyValue(getResponse, "partners[2].name", "You Got a Gift"): Verify element property value successfully

2023-10-16 14:21:17 - [MESSAGE][PASSED] - Verify element property value successfully

2023-10-16 14:21:17 - [TEST_STEP][PASSED] - verifyElementPropertyValue(getResponse, "partners[2].link", "https://yougotagift.com/gift-card/shahidvip-gift-card-ae/"): Verify element property value successfully

2023-10-16 14:21:17 - [MESSAGE][PASSED] - Verify element property value successfully

2023-10-16 14:21:17 - [TEST_STEP][PASSED] - verifyElementPropertyValue(getResponse, "partners[2].logo", "https://shahid-static.s3.us-east-1.amazonaws.com/widget-images/logos/you-gota-gift.svg"): Verify element property value successfully

2023-10-16 14:21:17 - [MESSAGE][PASSED] - Verify element property value successfully

2023-10-16 14:21:17 - [TEST_STEP][PASSED] - verifyElementPropertyValue(getResponse, "partners[2].visible", "true"): Verify element property value successfully

2023-10-16 14:21:17 - [MESSAGE][PASSED] - Verify element property value successfully

2023-10-16 14:21:17 - [TEST_STEP][PASSED] - verifyElementPropertyValue(getResponse, "partners[2].visualElements[0].key", "text"): Verify element property value successfully

2023-10-16 14:21:17 - [MESSAGE][PASSED] - Verify element property value successfully

2023-10-16 14:21:17 - [TEST_STEP][PASSED] - verifyElementPropertyValue(getResponse, "partners[2].visualElements[0].value", "معلومات إضافية"): Verify element property value successfully

2023-10-16 14:21:17 - [MESSAGE][PASSED] - Verify element property value successfully

2023-10-16 14:21:17 - [TEST_STEP][PASSED] - verifyElementPropertyValue(getResponse, "defaultPackageId", "SHAHID_VIP"): Verify element property value successfully

2023-10-16 14:21:17 - [MESSAGE][PASSED] - Verify element property value successfully]]></system-out>
         <system-err><![CDATA[]]></system-err>
      </testcase>
      <testcase name="Test Cases/WEB - CHROME/ARE PI/WEB_AR_getSubscriptionConfigForARE_Ultimate" time="2.222" classname="Test Cases/WEB - CHROME/ARE PI/WEB_AR_getSubscriptionConfigForARE_Ultimate" status="FAILED">
         <failure type="FAILED" message="Test Cases/WEB - CHROME/ARE PI/WEB_AR_getSubscriptionConfigForARE_Ultimate FAILED.
Reason:
com.kms.katalon.core.exception.StepFailedException: Expected element property value ' الأكثر مبيعاً' is not equal with actual property value ' الأكثر مبيعاً'
	at com.kms.katalon.core.keyword.internal.KeywordMain.stepFailed(KeywordMain.groovy:39)
	at com.kms.katalon.core.webservice.keyword.builtin.VerifyElementPropertyValueKeyword$_verifyElementPropertyValue_closure1.doCall(VerifyElementPropertyValueKeyword.groovy:56)
	at com.kms.katalon.core.webservice.keyword.builtin.VerifyElementPropertyValueKeyword$_verifyElementPropertyValue_closure1.call(VerifyElementPropertyValueKeyword.groovy)
	at com.kms.katalon.core.keyword.internal.KeywordMain.runKeyword(KeywordMain.groovy:75)
	at com.kms.katalon.core.webservice.keyword.builtin.VerifyElementPropertyValueKeyword.verifyElementPropertyValue(VerifyElementPropertyValueKeyword.groovy:48)
	at com.kms.katalon.core.webservice.keyword.builtin.VerifyElementPropertyValueKeyword.execute(VerifyElementPropertyValueKeyword.groovy:43)
	at com.kms.katalon.core.keyword.internal.KeywordExecutor.executeKeywordForPlatform(KeywordExecutor.groovy:74)
	at com.kms.katalon.core.webservice.keyword.WSBuiltInKeywords.verifyElementPropertyValue(WSBuiltInKeywords.groovy:190)
	at com.kms.katalon.core.webservice.keyword.WSBuiltInKeywords$verifyElementPropertyValue$1.call(Unknown Source)
	at WEB_AR_getSubscriptionConfigForARE_Ultimate.run(WEB_AR_getSubscriptionConfigForARE_Ultimate:69)
	at com.kms.katalon.core.main.ScriptEngine.run(ScriptEngine.java:194)
	at com.kms.katalon.core.main.ScriptEngine.runScriptAsRawText(ScriptEngine.java:119)
	at com.kms.katalon.core.main.TestCaseExecutor.runScript(TestCaseExecutor.java:448)
	at com.kms.katalon.core.main.TestCaseExecutor.doExecute(TestCaseExecutor.java:439)
	at com.kms.katalon.core.main.TestCaseExecutor.processExecutionPhase(TestCaseExecutor.java:418)
	at com.kms.katalon.core.main.TestCaseExecutor.accessMainPhase(TestCaseExecutor.java:410)
	at com.kms.katalon.core.main.TestCaseExecutor.execute(TestCaseExecutor.java:285)
	at com.kms.katalon.core.common.CommonExecutor.accessTestCaseMainPhase(CommonExecutor.java:65)
	at com.kms.katalon.core.main.TestSuiteExecutor.accessTestSuiteMainPhase(TestSuiteExecutor.java:148)
	at com.kms.katalon.core.main.TestSuiteExecutor.execute(TestSuiteExecutor.java:106)
	at com.kms.katalon.core.main.TestCaseMain.startTestSuite(TestCaseMain.java:187)
	at com.kms.katalon.core.main.TestCaseMain$startTestSuite$0.call(Unknown Source)
	at TempTestSuite1697454225698.run(TempTestSuite1697454225698.groovy:36)
"/>
         <system-out><![CDATA[2023-10-16 14:21:17 - [TEST_CASE][FAILED] - Test Cases/WEB - CHROME/ARE PI/WEB_AR_getSubscriptionConfigForARE_Ultimate: Test Cases/WEB - CHROME/ARE PI/WEB_AR_getSubscriptionConfigForARE_Ultimate FAILED.
Reason:
com.kms.katalon.core.exception.StepFailedException: Expected element property value ' الأكثر مبيعاً' is not equal with actual property value ' الأكثر مبيعاً'
	at com.kms.katalon.core.keyword.internal.KeywordMain.stepFailed(KeywordMain.groovy:39)
	at com.kms.katalon.core.webservice.keyword.builtin.VerifyElementPropertyValueKeyword$_verifyElementPropertyValue_closure1.doCall(VerifyElementPropertyValueKeyword.groovy:56)
	at com.kms.katalon.core.webservice.keyword.builtin.VerifyElementPropertyValueKeyword$_verifyElementPropertyValue_closure1.call(VerifyElementPropertyValueKeyword.groovy)
	at com.kms.katalon.core.keyword.internal.KeywordMain.runKeyword(KeywordMain.groovy:75)
	at com.kms.katalon.core.webservice.keyword.builtin.VerifyElementPropertyValueKeyword.verifyElementPropertyValue(VerifyElementPropertyValueKeyword.groovy:48)
	at com.kms.katalon.core.webservice.keyword.builtin.VerifyElementPropertyValueKeyword.execute(VerifyElementPropertyValueKeyword.groovy:43)
	at com.kms.katalon.core.keyword.internal.KeywordExecutor.executeKeywordForPlatform(KeywordExecutor.groovy:74)
	at com.kms.katalon.core.webservice.keyword.WSBuiltInKeywords.verifyElementPropertyValue(WSBuiltInKeywords.groovy:190)
	at com.kms.katalon.core.webservice.keyword.WSBuiltInKeywords$verifyElementPropertyValue$1.call(Unknown Source)
	at WEB_AR_getSubscriptionConfigForARE_Ultimate.run(WEB_AR_getSubscriptionConfigForARE_Ultimate:69)
	at com.kms.katalon.core.main.ScriptEngine.run(ScriptEngine.java:194)
	at com.kms.katalon.core.main.ScriptEngine.runScriptAsRawText(ScriptEngine.java:119)
	at com.kms.katalon.core.main.TestCaseExecutor.runScript(TestCaseExecutor.java:448)
	at com.kms.katalon.core.main.TestCaseExecutor.doExecute(TestCaseExecutor.java:439)
	at com.kms.katalon.core.main.TestCaseExecutor.processExecutionPhase(TestCaseExecutor.java:418)
	at com.kms.katalon.core.main.TestCaseExecutor.accessMainPhase(TestCaseExecutor.java:410)
	at com.kms.katalon.core.main.TestCaseExecutor.execute(TestCaseExecutor.java:285)
	at com.kms.katalon.core.common.CommonExecutor.accessTestCaseMainPhase(CommonExecutor.java:65)
	at com.kms.katalon.core.main.TestSuiteExecutor.accessTestSuiteMainPhase(TestSuiteExecutor.java:148)
	at com.kms.katalon.core.main.TestSuiteExecutor.execute(TestSuiteExecutor.java:106)
	at com.kms.katalon.core.main.TestCaseMain.startTestSuite(TestCaseMain.java:187)
	at com.kms.katalon.core.main.TestCaseMain$startTestSuite$0.call(Unknown Source)
	at TempTestSuite1697454225698.run(TempTestSuite1697454225698.groovy:36)


2023-10-16 14:21:17 - [TEST_STEP][PASSED] - getResponse = config_files.getConfigFile.getConfig("WEB", "AR", "SHAHID_VIP_GEA_SPORT", "AE", "false"): config_files.getConfigFile.getConfig is PASSED

2023-10-16 14:21:18 - [MESSAGE][INFO] - HAR: /Users/admin/git/shahid-configuration/Reports/20231016_140310/WEB/ARE/20231016_140345/requests/main/2.har

2023-10-16 14:21:18 - [MESSAGE][PASSED] - Send request successfully

2023-10-16 14:21:18 - [MESSAGE][PASSED] - config_files.getConfigFile.getConfig is PASSED

2023-10-16 14:21:18 - [TEST_STEP][PASSED] - verifyResponseStatusCode(getResponse, 200): Verify response status code successfully

2023-10-16 14:21:18 - [MESSAGE][PASSED] - Verify response status code successfully

2023-10-16 14:21:18 - [TEST_STEP][PASSED] - verifyElementPropertyValue(getResponse, "country", "ARE"): Verify element property value successfully

2023-10-16 14:21:18 - [MESSAGE][PASSED] - Verify element property value successfully

2023-10-16 14:21:18 - [TEST_STEP][PASSED] - verifyElementPropertyValue(getResponse, "platform", "[WEB]"): Verify element property value successfully

2023-10-16 14:21:18 - [MESSAGE][PASSED] - Verify element property value successfully

2023-10-16 14:21:18 - [TEST_STEP][PASSED] - verifyElementPropertyValue(getResponse, "groups[0].pricingPlans[0].featured", "true"): Verify element property value successfully

2023-10-16 14:21:18 - [MESSAGE][PASSED] - Verify element property value successfully

2023-10-16 14:21:18 - [TEST_STEP][PASSED] - verifyElementPropertyValue(getResponse, "groups[0].pricingPlans[0].packageId", "SHAHID_VIP_GEA_SPORT"): Verify element property value successfully

2023-10-16 14:21:18 - [MESSAGE][PASSED] - Verify element property value successfully

2023-10-16 14:21:18 - [TEST_STEP][PASSED] - verifyElementPropertyValue(getResponse, "groups[0].pricingPlans[0].catalogId", "GEA"): Verify element property value successfully

2023-10-16 14:21:18 - [MESSAGE][PASSED] - Verify element property value successfully

2023-10-16 14:21:18 - [TEST_STEP][PASSED] - verifyElementPropertyValue(getResponse, "groups[0].pricingPlans[0].visualElements[0].key", "Header_1_text"): Verify element property value successfully

2023-10-16 14:21:18 - [MESSAGE][PASSED] - Verify element property value successfully

2023-10-16 14:21:18 - [TEST_STEP][PASSED] - verifyElementPropertyValue(getResponse, "groups[0].pricingPlans[0].visualElements[0].value", "شاهد أقوى المسلسلات و الأفلام حصرياً دون توقف"): Verify element property value successfully

2023-10-16 14:21:18 - [MESSAGE][PASSED] - Verify element property value successfully

2023-10-16 14:21:18 - [TEST_STEP][PASSED] - verifyElementPropertyValue(getResponse, "groups[0].pricingPlans[0].visualElements[1].key", "display_title"): Verify element property value successfully

2023-10-16 14:21:18 - [MESSAGE][PASSED] - Verify element property value successfully

2023-10-16 14:21:18 - [TEST_STEP][PASSED] - verifyElementPropertyValue(getResponse, "groups[0].pricingPlans[0].visualElements[1].value", "الاشتراك الشهري "): Verify element property value successfully

2023-10-16 14:21:18 - [MESSAGE][PASSED] - Verify element property value successfully

2023-10-16 14:21:18 - [TEST_STEP][PASSED] - verifyElementPropertyValue(getResponse, "groups[0].pricingPlans[0].visualElements[3].key", "promo_text"): Verify element property value successfully

2023-10-16 14:21:18 - [MESSAGE][PASSED] - Verify element property value successfully

2023-10-16 14:21:18 - [TEST_STEP][PASSED] - verifyElementPropertyValue(getResponse, "groups[0].pricingPlans[0].visualElements[3].value", "79.99 AED / شهرياً"): Verify element property value successfully

2023-10-16 14:21:18 - [MESSAGE][PASSED] - Verify element property value successfully

2023-10-16 14:21:18 - [TEST_STEP][PASSED] - verifyElementPropertyValue(getResponse, "groups[0].pricingPlans[0].visualElements[4].key", "deduction_text"): Verify element property value successfully

2023-10-16 14:21:18 - [MESSAGE][PASSED] - Verify element property value successfully

2023-10-16 14:21:18 - [TEST_STEP][PASSED] - verifyElementPropertyValue(getResponse, "groups[0].pricingPlans[0].visualElements[4].value", "تدفع شهرياً"): Verify element property value successfully

2023-10-16 14:21:18 - [MESSAGE][PASSED] - Verify element property value successfully

2023-10-16 14:21:18 - [TEST_STEP][PASSED] - verifyElementPropertyValue(getResponse, "groups[0].pricingPlans[0].visualElements[7].key", "show_payment_logo"): Verify element property value successfully

2023-10-16 14:21:18 - [MESSAGE][PASSED] - Verify element property value successfully

2023-10-16 14:21:18 - [TEST_STEP][PASSED] - verifyElementPropertyValue(getResponse, "groups[0].pricingPlans[0].visualElements[7].value", "true"): Verify element property value successfully

2023-10-16 14:21:18 - [MESSAGE][PASSED] - Verify element property value successfully

2023-10-16 14:21:18 - [TEST_STEP][PASSED] - verifyElementPropertyValue(getResponse, "groups[0].pricingPlans[0].visualElements[8].key", "show_tag"): Verify element property value successfully

2023-10-16 14:21:18 - [MESSAGE][PASSED] - Verify element property value successfully

2023-10-16 14:21:18 - [TEST_STEP][PASSED] - verifyElementPropertyValue(getResponse, "groups[0].pricingPlans[0].visualElements[8].value", "false"): Verify element property value successfully

2023-10-16 14:21:18 - [MESSAGE][PASSED] - Verify element property value successfully

2023-10-16 14:21:18 - [TEST_STEP][PASSED] - verifyElementPropertyValue(getResponse, "groups[0].pricingPlans[0].visualElements[10].key", "price"): Verify element property value successfully

2023-10-16 14:21:18 - [MESSAGE][PASSED] - Verify element property value successfully

2023-10-16 14:21:18 - [TEST_STEP][PASSED] - verifyElementPropertyValue(getResponse, "groups[0].pricingPlans[0].visualElements[10].value", "79.99"): Verify element property value successfully

2023-10-16 14:21:18 - [MESSAGE][PASSED] - Verify element property value successfully

2023-10-16 14:21:18 - [TEST_STEP][PASSED] - verifyElementPropertyValue(getResponse, "groups[0].pricingPlans[0].visualElements[11].key", "currency"): Verify element property value successfully

2023-10-16 14:21:18 - [MESSAGE][PASSED] - Verify element property value successfully

2023-10-16 14:21:18 - [TEST_STEP][PASSED] - verifyElementPropertyValue(getResponse, "groups[0].pricingPlans[0].visualElements[11].value", "AED"): Verify element property value successfully

2023-10-16 14:21:18 - [MESSAGE][PASSED] - Verify element property value successfully

2023-10-16 14:21:18 - [TEST_STEP][PASSED] - verifyElementPropertyValue(getResponse, "groups[0].pricingPlans[0].visualElements[12].key", "duration"): Verify element property value successfully

2023-10-16 14:21:18 - [MESSAGE][PASSED] - Verify element property value successfully

2023-10-16 14:21:18 - [TEST_STEP][PASSED] - verifyElementPropertyValue(getResponse, "groups[0].pricingPlans[0].visualElements[12].value", "شهرياً"): Verify element property value successfully

2023-10-16 14:21:18 - [MESSAGE][PASSED] - Verify element property value successfully

2023-10-16 14:21:18 - [TEST_STEP][PASSED] - verifyElementPropertyValue(getResponse, "groups[0].pricingPlans[0].visualElements[13].key", "featured_tag_text"): Verify element property value successfully

2023-10-16 14:21:18 - [MESSAGE][PASSED] - Verify element property value successfully

2023-10-16 14:21:18 - [TEST_STEP][FAILED] - verifyElementPropertyValue(getResponse, "groups[0].pricingPlans[0].visualElements[13].value", " الأكثر مبيعاً"): Expected element property value ' الأكثر مبيعاً' is not equal with actual property value ' الأكثر مبيعاً'

2023-10-16 14:21:18 - [MESSAGE][FAILED] - Expected element property value ' الأكثر مبيعاً' is not equal with actual property value ' الأكثر مبيعاً'

2023-10-16 14:21:18 - [TEST_STEP][PASSED] - verifyElementPropertyValue(getResponse, "groups[0].pricingPlans[0].order", "9"): Verify element property value successfully

2023-10-16 14:21:18 - [MESSAGE][PASSED] - Verify element property value successfully

2023-10-16 14:21:18 - [TEST_STEP][PASSED] - verifyElementPropertyValue(getResponse, "groups[0].pricingPlans[0].period", "monthly"): Verify element property value successfully

2023-10-16 14:21:18 - [MESSAGE][PASSED] - Verify element property value successfully

2023-10-16 14:21:18 - [TEST_STEP][PASSED] - verifyElementPropertyValue(getResponse, "groups[0].pricingPlans[0].price", "79.99"): Verify element property value successfully

2023-10-16 14:21:18 - [MESSAGE][PASSED] - Verify element property value successfully

2023-10-16 14:21:18 - [TEST_STEP][PASSED] - verifyElementPropertyValue(getResponse, "groups[0].pricingPlans[0].currency", "AED"): Verify element property value successfully

2023-10-16 14:21:18 - [MESSAGE][PASSED] - Verify element property value successfully

2023-10-16 14:21:18 - [TEST_STEP][PASSED] - verifyElementPropertyValue(getResponse, "groups[0].pricingPlans[0].pricingPlanData[0].productId", "UAE_B2C_SHAHID_VIP_GEA_SPORT_1M"): Verify element property value successfully

2023-10-16 14:21:18 - [MESSAGE][PASSED] - Verify element property value successfully

2023-10-16 14:21:18 - [TEST_STEP][PASSED] - verifyElementPropertyValue(getResponse, "groups[0].pricingPlans[0].pricingPlanData[0].subPricingPlanIds", "null"): Verify element property value successfully

2023-10-16 14:21:18 - [MESSAGE][PASSED] - Verify element property value successfully

2023-10-16 14:21:18 - [TEST_STEP][PASSED] - verifyElementPropertyValue(getResponse, "groups[0].pricingPlans[0].pricingPlanData[0].paymentMethod", "CREDIT_CARD"): Verify element property value successfully

2023-10-16 14:21:18 - [MESSAGE][PASSED] - Verify element property value successfully

2023-10-16 14:21:18 - [TEST_STEP][PASSED] - verifyElementPropertyValue(getResponse, "groups[0].pricingPlans[0].pricingPlanData[0].freeTrialEnabled", "false"): Verify element property value successfully

2023-10-16 14:21:18 - [MESSAGE][PASSED] - Verify element property value successfully

2023-10-16 14:21:18 - [TEST_STEP][PASSED] - verifyElementPropertyValue(getResponse, "groups[0].pricingPlans[0].pricingPlanData[0].visualElements[0].key", "title"): Verify element property value successfully

2023-10-16 14:21:18 - [MESSAGE][PASSED] - Verify element property value successfully

2023-10-16 14:21:18 - [TEST_STEP][PASSED] - verifyElementPropertyValue(getResponse, "groups[0].pricingPlans[0].pricingPlanData[0].visualElements[0].value", "البطاقة المصرفية"): Verify element property value successfully

2023-10-16 14:21:18 - [MESSAGE][PASSED] - Verify element property value successfully

2023-10-16 14:21:18 - [TEST_STEP][PASSED] - verifyElementPropertyValue(getResponse, "groups[0].pricingPlans[0].pricingPlanData[0].visualElements[1].key", "CTA_text"): Verify element property value successfully

2023-10-16 14:21:18 - [MESSAGE][PASSED] - Verify element property value successfully

2023-10-16 14:21:18 - [TEST_STEP][PASSED] - verifyElementPropertyValue(getResponse, "groups[0].pricingPlans[0].pricingPlanData[0].visualElements[1].value", "اشترك"): Verify element property value successfully

2023-10-16 14:21:18 - [MESSAGE][PASSED] - Verify element property value successfully

2023-10-16 14:21:18 - [TEST_STEP][PASSED] - verifyElementPropertyValue(getResponse, "groups[0].pricingPlans[0].pricingPlanData[0].visualElements[2].key", "logo"): Verify element property value successfully

2023-10-16 14:21:18 - [MESSAGE][PASSED] - Verify element property value successfully

2023-10-16 14:21:18 - [TEST_STEP][PASSED] - verifyElementPropertyValue(getResponse, "groups[0].pricingPlans[0].pricingPlanData[0].visualElements[2].value", "https://static.s3.shahid.mbc.net/widget-images/icons/iconCreditCard.png"): Verify element property value successfully

2023-10-16 14:21:18 - [MESSAGE][PASSED] - Verify element property value successfully

2023-10-16 14:21:18 - [TEST_STEP][PASSED] - verifyElementPropertyValue(getResponse, "groups[0].pricingPlans[0].pricingPlanData[0].priceLabel", "79.99"): Verify element property value successfully

2023-10-16 14:21:18 - [MESSAGE][PASSED] - Verify element property value successfully

2023-10-16 14:21:18 - [TEST_STEP][PASSED] - verifyElementPropertyValue(getResponse, "groups[0].pricingPlans[0].pricingPlanData[0].currencyLabel", "AED"): Verify element property value successfully

2023-10-16 14:21:18 - [MESSAGE][PASSED] - Verify element property value successfully

2023-10-16 14:21:18 - [TEST_STEP][PASSED] - verifyElementPropertyValue(getResponse, "groups[0].pricingPlans[2].featured", "false"): Verify element property value successfully

2023-10-16 14:21:18 - [MESSAGE][PASSED] - Verify element property value successfully

2023-10-16 14:21:18 - [TEST_STEP][PASSED] - verifyElementPropertyValue(getResponse, "groups[0].pricingPlans[2].packageId", "SHAHID_VIP_GEA_SPORT"): Verify element property value successfully

2023-10-16 14:21:18 - [MESSAGE][PASSED] - Verify element property value successfully

2023-10-16 14:21:18 - [TEST_STEP][PASSED] - verifyElementPropertyValue(getResponse, "groups[0].pricingPlans[2].catalogId", "GEA"): Verify element property value successfully

2023-10-16 14:21:18 - [MESSAGE][PASSED] - Verify element property value successfully

2023-10-16 14:21:18 - [TEST_STEP][PASSED] - verifyElementPropertyValue(getResponse, "groups[0].pricingPlans[2].visualElements[0].key", "Header_1_text"): Verify element property value successfully

2023-10-16 14:21:18 - [MESSAGE][PASSED] - Verify element property value successfully

2023-10-16 14:21:18 - [TEST_STEP][PASSED] - verifyElementPropertyValue(getResponse, "groups[0].pricingPlans[2].visualElements[0].value", "شاهد أقوى المسلسلات و الأفلام حصرياً دون توقف"): Verify element property value successfully

2023-10-16 14:21:18 - [MESSAGE][PASSED] - Verify element property value successfully

2023-10-16 14:21:18 - [TEST_STEP][PASSED] - verifyElementPropertyValue(getResponse, "groups[0].pricingPlans[2].visualElements[1].key", "display_title"): Verify element property value successfully

2023-10-16 14:21:18 - [MESSAGE][PASSED] - Verify element property value successfully

2023-10-16 14:21:18 - [TEST_STEP][PASSED] - verifyElementPropertyValue(getResponse, "groups[0].pricingPlans[2].visualElements[1].value", "الاشتراك السنوي"): Verify element property value successfully

2023-10-16 14:21:18 - [MESSAGE][PASSED] - Verify element property value successfully

2023-10-16 14:21:18 - [TEST_STEP][PASSED] - verifyElementPropertyValue(getResponse, "groups[0].pricingPlans[2].visualElements[2].key", "tag_text"): Verify element property value successfully

2023-10-16 14:21:18 - [MESSAGE][PASSED] - Verify element property value successfully

2023-10-16 14:21:18 - [TEST_STEP][PASSED] - verifyElementPropertyValue(getResponse, "groups[0].pricingPlans[2].visualElements[2].value", "وفر14%"): Verify element property value successfully

2023-10-16 14:21:18 - [MESSAGE][PASSED] - Verify element property value successfully

2023-10-16 14:21:18 - [TEST_STEP][PASSED] - verifyElementPropertyValue(getResponse, "groups[0].pricingPlans[2].visualElements[3].key", "promo_text"): Verify element property value successfully

2023-10-16 14:21:18 - [MESSAGE][PASSED] - Verify element property value successfully

2023-10-16 14:21:18 - [TEST_STEP][PASSED] - verifyElementPropertyValue(getResponse, "groups[0].pricingPlans[2].visualElements[3].value", "69.16 AED / شهرياً"): Verify element property value successfully

2023-10-16 14:21:18 - [MESSAGE][PASSED] - Verify element property value successfully

2023-10-16 14:21:18 - [TEST_STEP][PASSED] - verifyElementPropertyValue(getResponse, "groups[0].pricingPlans[2].visualElements[4].key", "deduction_text"): Verify element property value successfully

2023-10-16 14:21:18 - [MESSAGE][PASSED] - Verify element property value successfully

2023-10-16 14:21:18 - [TEST_STEP][PASSED] - verifyElementPropertyValue(getResponse, "groups[0].pricingPlans[2].visualElements[4].value", " 829.99 AED تدفع سنوياً"): Verify element property value successfully

2023-10-16 14:21:18 - [MESSAGE][PASSED] - Verify element property value successfully

2023-10-16 14:21:18 - [TEST_STEP][PASSED] - verifyElementPropertyValue(getResponse, "groups[0].pricingPlans[2].visualElements[7].key", "show_payment_logo"): Verify element property value successfully

2023-10-16 14:21:18 - [MESSAGE][PASSED] - Verify element property value successfully

2023-10-16 14:21:18 - [TEST_STEP][PASSED] - verifyElementPropertyValue(getResponse, "groups[0].pricingPlans[2].visualElements[7].value", "true"): Verify element property value successfully

2023-10-16 14:21:18 - [MESSAGE][PASSED] - Verify element property value successfully

2023-10-16 14:21:18 - [TEST_STEP][PASSED] - verifyElementPropertyValue(getResponse, "groups[0].pricingPlans[2].visualElements[8].key", "show_tag"): Verify element property value successfully

2023-10-16 14:21:18 - [MESSAGE][PASSED] - Verify element property value successfully

2023-10-16 14:21:18 - [TEST_STEP][PASSED] - verifyElementPropertyValue(getResponse, "groups[0].pricingPlans[2].visualElements[8].value", "true"): Verify element property value successfully

2023-10-16 14:21:18 - [MESSAGE][PASSED] - Verify element property value successfully

2023-10-16 14:21:18 - [TEST_STEP][PASSED] - verifyElementPropertyValue(getResponse, "groups[0].pricingPlans[2].visualElements[10].key", "price"): Verify element property value successfully

2023-10-16 14:21:18 - [MESSAGE][PASSED] - Verify element property value successfully

2023-10-16 14:21:18 - [TEST_STEP][PASSED] - verifyElementPropertyValue(getResponse, "groups[0].pricingPlans[2].visualElements[10].value", "829.99"): Verify element property value successfully

2023-10-16 14:21:18 - [MESSAGE][PASSED] - Verify element property value successfully

2023-10-16 14:21:18 - [TEST_STEP][PASSED] - verifyElementPropertyValue(getResponse, "groups[0].pricingPlans[2].visualElements[11].key", "currency"): Verify element property value successfully

2023-10-16 14:21:18 - [MESSAGE][PASSED] - Verify element property value successfully

2023-10-16 14:21:18 - [TEST_STEP][PASSED] - verifyElementPropertyValue(getResponse, "groups[0].pricingPlans[2].visualElements[11].value", "AED"): Verify element property value successfully

2023-10-16 14:21:18 - [MESSAGE][PASSED] - Verify element property value successfully

2023-10-16 14:21:18 - [TEST_STEP][PASSED] - verifyElementPropertyValue(getResponse, "groups[0].pricingPlans[2].visualElements[12].key", "duration"): Verify element property value successfully

2023-10-16 14:21:18 - [MESSAGE][PASSED] - Verify element property value successfully

2023-10-16 14:21:18 - [TEST_STEP][PASSED] - verifyElementPropertyValue(getResponse, "groups[0].pricingPlans[2].visualElements[12].value", "سنوياً"): Verify element property value successfully

2023-10-16 14:21:18 - [MESSAGE][PASSED] - Verify element property value successfully

2023-10-16 14:21:18 - [TEST_STEP][PASSED] - verifyElementPropertyValue(getResponse, "groups[0].pricingPlans[2].order", "11"): Verify element property value successfully

2023-10-16 14:21:18 - [MESSAGE][PASSED] - Verify element property value successfully

2023-10-16 14:21:18 - [TEST_STEP][PASSED] - verifyElementPropertyValue(getResponse, "groups[0].pricingPlans[2].period", "yearly"): Verify element property value successfully

2023-10-16 14:21:18 - [MESSAGE][PASSED] - Verify element property value successfully

2023-10-16 14:21:18 - [TEST_STEP][PASSED] - verifyElementPropertyValue(getResponse, "groups[0].pricingPlans[2].price", "829.99"): Verify element property value successfully

2023-10-16 14:21:18 - [MESSAGE][PASSED] - Verify element property value successfully

2023-10-16 14:21:18 - [TEST_STEP][PASSED] - verifyElementPropertyValue(getResponse, "groups[0].pricingPlans[2].currency", "AED"): Verify element property value successfully

2023-10-16 14:21:18 - [MESSAGE][PASSED] - Verify element property value successfully

2023-10-16 14:21:18 - [TEST_STEP][PASSED] - verifyElementPropertyValue(getResponse, "groups[0].pricingPlans[2].pricingPlanData[0].productId", "UAE_B2C_SHAHID_VIP_GEA_SPORT_12M"): Verify element property value successfully

2023-10-16 14:21:18 - [MESSAGE][PASSED] - Verify element property value successfully

2023-10-16 14:21:18 - [TEST_STEP][PASSED] - verifyElementPropertyValue(getResponse, "groups[0].pricingPlans[2].pricingPlanData[0].subPricingPlanIds", "null"): Verify element property value successfully

2023-10-16 14:21:18 - [MESSAGE][PASSED] - Verify element property value successfully

2023-10-16 14:21:18 - [TEST_STEP][PASSED] - verifyElementPropertyValue(getResponse, "groups[0].pricingPlans[2].pricingPlanData[0].paymentMethod", "CREDIT_CARD"): Verify element property value successfully

2023-10-16 14:21:18 - [MESSAGE][PASSED] - Verify element property value successfully

2023-10-16 14:21:18 - [TEST_STEP][PASSED] - verifyElementPropertyValue(getResponse, "groups[0].pricingPlans[2].pricingPlanData[0].freeTrialEnabled", "false"): Verify element property value successfully

2023-10-16 14:21:18 - [MESSAGE][PASSED] - Verify element property value successfully

2023-10-16 14:21:18 - [TEST_STEP][PASSED] - verifyElementPropertyValue(getResponse, "groups[0].pricingPlans[2].pricingPlanData[0].visualElements[0].key", "title"): Verify element property value successfully

2023-10-16 14:21:18 - [MESSAGE][PASSED] - Verify element property value successfully

2023-10-16 14:21:18 - [TEST_STEP][PASSED] - verifyElementPropertyValue(getResponse, "groups[0].pricingPlans[2].pricingPlanData[0].visualElements[0].value", "البطاقة المصرفية"): Verify element property value successfully

2023-10-16 14:21:18 - [MESSAGE][PASSED] - Verify element property value successfully

2023-10-16 14:21:18 - [TEST_STEP][PASSED] - verifyElementPropertyValue(getResponse, "groups[0].pricingPlans[2].pricingPlanData[0].visualElements[1].key", "CTA_text"): Verify element property value successfully

2023-10-16 14:21:18 - [MESSAGE][PASSED] - Verify element property value successfully

2023-10-16 14:21:18 - [TEST_STEP][PASSED] - verifyElementPropertyValue(getResponse, "groups[0].pricingPlans[2].pricingPlanData[0].visualElements[1].value", "اشترك"): Verify element property value successfully

2023-10-16 14:21:18 - [MESSAGE][PASSED] - Verify element property value successfully

2023-10-16 14:21:18 - [TEST_STEP][PASSED] - verifyElementPropertyValue(getResponse, "groups[0].pricingPlans[2].pricingPlanData[0].visualElements[2].key", "logo"): Verify element property value successfully

2023-10-16 14:21:18 - [MESSAGE][PASSED] - Verify element property value successfully

2023-10-16 14:21:18 - [TEST_STEP][PASSED] - verifyElementPropertyValue(getResponse, "groups[0].pricingPlans[2].pricingPlanData[0].visualElements[2].value", "https://static.s3.shahid.mbc.net/widget-images/icons/iconCreditCard.png"): Verify element property value successfully

2023-10-16 14:21:18 - [MESSAGE][PASSED] - Verify element property value successfully

2023-10-16 14:21:18 - [TEST_STEP][PASSED] - verifyElementPropertyValue(getResponse, "groups[0].pricingPlans[2].pricingPlanData[0].priceLabel", "829.99"): Verify element property value successfully

2023-10-16 14:21:18 - [MESSAGE][PASSED] - Verify element property value successfully

2023-10-16 14:21:18 - [TEST_STEP][PASSED] - verifyElementPropertyValue(getResponse, "groups[0].pricingPlans[2].pricingPlanData[0].currencyLabel", "AED"): Verify element property value successfully

2023-10-16 14:21:18 - [MESSAGE][PASSED] - Verify element property value successfully

2023-10-16 14:21:18 - [TEST_STEP][PASSED] - verifyElementPropertyValue(getResponse, "groups[0].pricingPlans[2].pricingPlanData[0].allowedForAcquisition", "true"): Verify element property value successfully

2023-10-16 14:21:18 - [MESSAGE][PASSED] - Verify element property value successfully

2023-10-16 14:21:18 - [TEST_STEP][PASSED] - verifyElementPropertyValue(getResponse, "groups[0].pricingPlans[2].pricingPlanData[0].showIn[0]", "VERTICAL_MODE"): Verify element property value successfully

2023-10-16 14:21:18 - [MESSAGE][PASSED] - Verify element property value successfully

2023-10-16 14:21:18 - [TEST_STEP][PASSED] - verifyElementPropertyValue(getResponse, "groups[0].pricingPlans[2].pricingPlanData[0].showIn[1]", "HORIZONTAL_MODE"): Verify element property value successfully

2023-10-16 14:21:18 - [MESSAGE][PASSED] - Verify element property value successfully

2023-10-16 14:21:18 - [TEST_STEP][PASSED] - verifyElementPropertyValue(getResponse, "visualElements[0].key", "main_CTA_text_1"): Verify element property value successfully

2023-10-16 14:21:18 - [MESSAGE][PASSED] - Verify element property value successfully

2023-10-16 14:21:18 - [TEST_STEP][PASSED] - verifyElementPropertyValue(getResponse, "visualElements[0].value", "شاهد أقوى المسلسلات و الأفلام حصرياً دون توقف"): Verify element property value successfully

2023-10-16 14:21:18 - [MESSAGE][PASSED] - Verify element property value successfully

2023-10-16 14:21:18 - [TEST_STEP][PASSED] - verifyElementPropertyValue(getResponse, "visualElements[2].key", "main_disclaimer_text"): Verify element property value successfully

2023-10-16 14:21:19 - [MESSAGE][PASSED] - Verify element property value successfully

2023-10-16 14:21:19 - [TEST_STEP][PASSED] - verifyElementPropertyValue(getResponse, "visualElements[2].value", "رسوم الاشتراك قد تختلف بناءً على البلد أو طريقة الدفع أو باقة الاشتراك أو الضريبة المضافة أو معامل تحويل العملات والرسوم البنكية. تطبّق الشروط والأحكام."): Verify element property value successfully

2023-10-16 14:21:19 - [MESSAGE][PASSED] - Verify element property value successfully

2023-10-16 14:21:19 - [TEST_STEP][PASSED] - verifyElementPropertyValue(getResponse, "visualElements[4].key", "display_type"): Verify element property value successfully

2023-10-16 14:21:19 - [MESSAGE][PASSED] - Verify element property value successfully

2023-10-16 14:21:19 - [TEST_STEP][PASSED] - verifyElementPropertyValue(getResponse, "visualElements[4].value", "vertical"): Verify element property value successfully

2023-10-16 14:21:19 - [MESSAGE][PASSED] - Verify element property value successfully

2023-10-16 14:21:19 - [TEST_STEP][PASSED] - verifyElementPropertyValue(getResponse, "pages[0].visualElements[0].key", "alternative_payment_title"): Verify element property value successfully

2023-10-16 14:21:19 - [MESSAGE][PASSED] - Verify element property value successfully

2023-10-16 14:21:19 - [TEST_STEP][PASSED] - verifyElementPropertyValue(getResponse, "pages[0].visualElements[0].value", "أو قم باختيار إحدى الطرق البديلة التالية"): Verify element property value successfully

2023-10-16 14:21:19 - [MESSAGE][PASSED] - Verify element property value successfully

2023-10-16 14:21:19 - [TEST_STEP][PASSED] - verifyElementPropertyValue(getResponse, "pages[0].visualElements[1].key", "label_text"): Verify element property value successfully

2023-10-16 14:21:19 - [MESSAGE][PASSED] - Verify element property value successfully

2023-10-16 14:21:19 - [TEST_STEP][PASSED] - verifyElementPropertyValue(getResponse, "pages[0].visualElements[1].value", "طرق الدفع الأخرى"): Verify element property value successfully

2023-10-16 14:21:19 - [MESSAGE][PASSED] - Verify element property value successfully

2023-10-16 14:21:19 - [TEST_STEP][PASSED] - verifyElementPropertyValue(getResponse, "pages[0].visualElements[3].key", "CTA_text"): Verify element property value successfully

2023-10-16 14:21:19 - [MESSAGE][PASSED] - Verify element property value successfully

2023-10-16 14:21:19 - [TEST_STEP][PASSED] - verifyElementPropertyValue(getResponse, "pages[0].visualElements[3].value", "اضغط هنا"): Verify element property value successfully

2023-10-16 14:21:19 - [MESSAGE][PASSED] - Verify element property value successfully

2023-10-16 14:21:19 - [TEST_STEP][PASSED] - verifyElementPropertyValue(getResponse, "pages[0].visualElements[4].key", "main_title"): Verify element property value successfully

2023-10-16 14:21:19 - [MESSAGE][PASSED] - Verify element property value successfully

2023-10-16 14:21:19 - [TEST_STEP][PASSED] - verifyElementPropertyValue(getResponse, "pages[0].visualElements[4].value", "طرق الدفع الأخرى"): Verify element property value successfully

2023-10-16 14:21:19 - [MESSAGE][PASSED] - Verify element property value successfully

2023-10-16 14:21:19 - [TEST_STEP][PASSED] - verifyElementPropertyValue(getResponse, "pages[0].visualElements[6].key", "alternative_payment_methods"): Verify element property value successfully

2023-10-16 14:21:19 - [MESSAGE][PASSED] - Verify element property value successfully

2023-10-16 14:21:19 - [TEST_STEP][PASSED] - verifyElementPropertyValue(getResponse, "pages[0].visualElements[6].value", "يمكنك شراء قسيمة شاهد التسويقية من أي من بائعي التجزئة التاليين"): Verify element property value successfully

2023-10-16 14:21:19 - [MESSAGE][PASSED] - Verify element property value successfully

2023-10-16 14:21:19 - [TEST_STEP][PASSED] - verifyElementPropertyValue(getResponse, "partners[0].name", "NT Payments"): Verify element property value successfully

2023-10-16 14:21:19 - [MESSAGE][PASSED] - Verify element property value successfully

2023-10-16 14:21:19 - [TEST_STEP][PASSED] - verifyElementPropertyValue(getResponse, "partners[0].link", "https://ntpayments.com/en/map/"): Verify element property value successfully

2023-10-16 14:21:19 - [MESSAGE][PASSED] - Verify element property value successfully

2023-10-16 14:21:19 - [TEST_STEP][PASSED] - verifyElementPropertyValue(getResponse, "partners[0].logo", "https://static.s3.shahid.mbc.net/widget-images/logos/ntpayments@2x.png"): Verify element property value successfully

2023-10-16 14:21:19 - [MESSAGE][PASSED] - Verify element property value successfully

2023-10-16 14:21:19 - [TEST_STEP][PASSED] - verifyElementPropertyValue(getResponse, "partners[0].visible", "true"): Verify element property value successfully

2023-10-16 14:21:19 - [MESSAGE][PASSED] - Verify element property value successfully

2023-10-16 14:21:19 - [TEST_STEP][PASSED] - verifyElementPropertyValue(getResponse, "partners[0].visualElements[0].key", "text"): Verify element property value successfully

2023-10-16 14:21:19 - [MESSAGE][PASSED] - Verify element property value successfully

2023-10-16 14:21:19 - [TEST_STEP][PASSED] - verifyElementPropertyValue(getResponse, "partners[0].visualElements[0].value", "معلومات إضافية"): Verify element property value successfully

2023-10-16 14:21:19 - [MESSAGE][PASSED] - Verify element property value successfully

2023-10-16 14:21:19 - [TEST_STEP][PASSED] - verifyElementPropertyValue(getResponse, "partners[1].name", "Like Card"): Verify element property value successfully

2023-10-16 14:21:19 - [MESSAGE][PASSED] - Verify element property value successfully

2023-10-16 14:21:19 - [TEST_STEP][PASSED] - verifyElementPropertyValue(getResponse, "partners[1].link", "https://like4card.com/All-Shahid_VIP?country_id=18"): Verify element property value successfully

2023-10-16 14:21:19 - [MESSAGE][PASSED] - Verify element property value successfully

2023-10-16 14:21:19 - [TEST_STEP][PASSED] - verifyElementPropertyValue(getResponse, "partners[1].logo", "https://static.s3.shahid.mbc.net/widget-images/logos/likecard@2x.png"): Verify element property value successfully

2023-10-16 14:21:19 - [MESSAGE][PASSED] - Verify element property value successfully

2023-10-16 14:21:19 - [TEST_STEP][PASSED] - verifyElementPropertyValue(getResponse, "partners[1].visible", "true"): Verify element property value successfully

2023-10-16 14:21:19 - [MESSAGE][PASSED] - Verify element property value successfully

2023-10-16 14:21:19 - [TEST_STEP][PASSED] - verifyElementPropertyValue(getResponse, "partners[1].visualElements[0].key", "text"): Verify element property value successfully

2023-10-16 14:21:19 - [MESSAGE][PASSED] - Verify element property value successfully

2023-10-16 14:21:19 - [TEST_STEP][PASSED] - verifyElementPropertyValue(getResponse, "partners[1].visualElements[0].value", "معلومات إضافية"): Verify element property value successfully

2023-10-16 14:21:19 - [MESSAGE][PASSED] - Verify element property value successfully

2023-10-16 14:21:19 - [TEST_STEP][PASSED] - verifyElementPropertyValue(getResponse, "partners[2].name", "You Got a Gift"): Verify element property value successfully

2023-10-16 14:21:19 - [MESSAGE][PASSED] - Verify element property value successfully

2023-10-16 14:21:19 - [TEST_STEP][PASSED] - verifyElementPropertyValue(getResponse, "partners[2].link", "https://yougotagift.com/gift-card/shahidvip-gift-card-ae/"): Verify element property value successfully

2023-10-16 14:21:19 - [MESSAGE][PASSED] - Verify element property value successfully

2023-10-16 14:21:19 - [TEST_STEP][PASSED] - verifyElementPropertyValue(getResponse, "partners[2].logo", "https://shahid-static.s3.us-east-1.amazonaws.com/widget-images/logos/you-gota-gift.svg"): Verify element property value successfully

2023-10-16 14:21:19 - [MESSAGE][PASSED] - Verify element property value successfully

2023-10-16 14:21:19 - [TEST_STEP][PASSED] - verifyElementPropertyValue(getResponse, "partners[2].visible", "true"): Verify element property value successfully

2023-10-16 14:21:19 - [MESSAGE][PASSED] - Verify element property value successfully

2023-10-16 14:21:19 - [TEST_STEP][PASSED] - verifyElementPropertyValue(getResponse, "partners[2].visualElements[0].key", "text"): Verify element property value successfully

2023-10-16 14:21:19 - [MESSAGE][PASSED] - Verify element property value successfully

2023-10-16 14:21:19 - [TEST_STEP][PASSED] - verifyElementPropertyValue(getResponse, "partners[2].visualElements[0].value", "معلومات إضافية"): Verify element property value successfully

2023-10-16 14:21:19 - [MESSAGE][PASSED] - Verify element property value successfully

2023-10-16 14:21:19 - [TEST_STEP][PASSED] - verifyElementPropertyValue(getResponse, "defaultPackageId", "SHAHID_VIP"): Verify element property value successfully

2023-10-16 14:21:19 - [MESSAGE][PASSED] - Verify element property value successfully]]></system-out>
         <system-err><![CDATA[2023-10-16 14:21:17 - [TEST_CASE][FAILED] - Test Cases/WEB - CHROME/ARE PI/WEB_AR_getSubscriptionConfigForARE_Ultimate: Test Cases/WEB - CHROME/ARE PI/WEB_AR_getSubscriptionConfigForARE_Ultimate FAILED.
Reason:
com.kms.katalon.core.exception.StepFailedException: Expected element property value ' الأكثر مبيعاً' is not equal with actual property value ' الأكثر مبيعاً'
	at com.kms.katalon.core.keyword.internal.KeywordMain.stepFailed(KeywordMain.groovy:39)
	at com.kms.katalon.core.webservice.keyword.builtin.VerifyElementPropertyValueKeyword$_verifyElementPropertyValue_closure1.doCall(VerifyElementPropertyValueKeyword.groovy:56)
	at com.kms.katalon.core.webservice.keyword.builtin.VerifyElementPropertyValueKeyword$_verifyElementPropertyValue_closure1.call(VerifyElementPropertyValueKeyword.groovy)
	at com.kms.katalon.core.keyword.internal.KeywordMain.runKeyword(KeywordMain.groovy:75)
	at com.kms.katalon.core.webservice.keyword.builtin.VerifyElementPropertyValueKeyword.verifyElementPropertyValue(VerifyElementPropertyValueKeyword.groovy:48)
	at com.kms.katalon.core.webservice.keyword.builtin.VerifyElementPropertyValueKeyword.execute(VerifyElementPropertyValueKeyword.groovy:43)
	at com.kms.katalon.core.keyword.internal.KeywordExecutor.executeKeywordForPlatform(KeywordExecutor.groovy:74)
	at com.kms.katalon.core.webservice.keyword.WSBuiltInKeywords.verifyElementPropertyValue(WSBuiltInKeywords.groovy:190)
	at com.kms.katalon.core.webservice.keyword.WSBuiltInKeywords$verifyElementPropertyValue$1.call(Unknown Source)
	at WEB_AR_getSubscriptionConfigForARE_Ultimate.run(WEB_AR_getSubscriptionConfigForARE_Ultimate:69)
	at com.kms.katalon.core.main.ScriptEngine.run(ScriptEngine.java:194)
	at com.kms.katalon.core.main.ScriptEngine.runScriptAsRawText(ScriptEngine.java:119)
	at com.kms.katalon.core.main.TestCaseExecutor.runScript(TestCaseExecutor.java:448)
	at com.kms.katalon.core.main.TestCaseExecutor.doExecute(TestCaseExecutor.java:439)
	at com.kms.katalon.core.main.TestCaseExecutor.processExecutionPhase(TestCaseExecutor.java:418)
	at com.kms.katalon.core.main.TestCaseExecutor.accessMainPhase(TestCaseExecutor.java:410)
	at com.kms.katalon.core.main.TestCaseExecutor.execute(TestCaseExecutor.java:285)
	at com.kms.katalon.core.common.CommonExecutor.accessTestCaseMainPhase(CommonExecutor.java:65)
	at com.kms.katalon.core.main.TestSuiteExecutor.accessTestSuiteMainPhase(TestSuiteExecutor.java:148)
	at com.kms.katalon.core.main.TestSuiteExecutor.execute(TestSuiteExecutor.java:106)
	at com.kms.katalon.core.main.TestCaseMain.startTestSuite(TestCaseMain.java:187)
	at com.kms.katalon.core.main.TestCaseMain$startTestSuite$0.call(Unknown Source)
	at TempTestSuite1697454225698.run(TempTestSuite1697454225698.groovy:36)]]></system-err>
      </testcase>
      <testcase name="Test Cases/WEB - CHROME/ARE PI/WEB_AR_getSubscriptionConfigForARE_SPORT" time="2.342" classname="Test Cases/WEB - CHROME/ARE PI/WEB_AR_getSubscriptionConfigForARE_SPORT" status="PASSED">
         <system-out><![CDATA[2023-10-16 14:21:19 - [TEST_CASE][PASSED] - Test Cases/WEB - CHROME/ARE PI/WEB_AR_getSubscriptionConfigForARE_SPORT: Test Cases/WEB - CHROME/ARE PI/WEB_AR_getSubscriptionConfigForARE_SPORT

2023-10-16 14:21:19 - [TEST_STEP][PASSED] - getResponse = config_files.getConfigFile.getConfig("WEB", "AR", "SHAHID_VIP_SPORT", "AE", "false"): config_files.getConfigFile.getConfig is PASSED

2023-10-16 14:21:20 - [MESSAGE][INFO] - HAR: /Users/admin/git/shahid-configuration/Reports/20231016_140310/WEB/ARE/20231016_140345/requests/main/3.har

2023-10-16 14:21:20 - [MESSAGE][PASSED] - Send request successfully

2023-10-16 14:21:20 - [MESSAGE][PASSED] - config_files.getConfigFile.getConfig is PASSED

2023-10-16 14:21:20 - [TEST_STEP][PASSED] - verifyResponseStatusCode(getResponse, 200): Verify response status code successfully

2023-10-16 14:21:20 - [MESSAGE][PASSED] - Verify response status code successfully

2023-10-16 14:21:20 - [TEST_STEP][PASSED] - verifyElementPropertyValue(getResponse, "country", "ARE"): Verify element property value successfully

2023-10-16 14:21:20 - [MESSAGE][PASSED] - Verify element property value successfully

2023-10-16 14:21:20 - [TEST_STEP][PASSED] - verifyElementPropertyValue(getResponse, "platform", "[WEB]"): Verify element property value successfully

2023-10-16 14:21:20 - [MESSAGE][PASSED] - Verify element property value successfully

2023-10-16 14:21:20 - [TEST_STEP][PASSED] - verifyElementPropertyValue(getResponse, "groups[0].pricingPlans[0].featured", "true"): Verify element property value successfully

2023-10-16 14:21:20 - [MESSAGE][PASSED] - Verify element property value successfully

2023-10-16 14:21:20 - [TEST_STEP][PASSED] - verifyElementPropertyValue(getResponse, "groups[0].pricingPlans[0].packageId", "SHAHID_VIP_SPORT"): Verify element property value successfully

2023-10-16 14:21:20 - [MESSAGE][PASSED] - Verify element property value successfully

2023-10-16 14:21:20 - [TEST_STEP][PASSED] - verifyElementPropertyValue(getResponse, "groups[0].pricingPlans[0].catalogId", "SPORT"): Verify element property value successfully

2023-10-16 14:21:20 - [MESSAGE][PASSED] - Verify element property value successfully

2023-10-16 14:21:20 - [TEST_STEP][PASSED] - verifyElementPropertyValue(getResponse, "groups[0].pricingPlans[0].visualElements[0].key", "Header_1_text"): Verify element property value successfully

2023-10-16 14:21:20 - [MESSAGE][PASSED] - Verify element property value successfully

2023-10-16 14:21:20 - [TEST_STEP][PASSED] - verifyElementPropertyValue(getResponse, "groups[0].pricingPlans[0].visualElements[0].value", "شاهد أقوى المسلسلات و الأفلام حصرياً دون توقف"): Verify element property value successfully

2023-10-16 14:21:20 - [MESSAGE][PASSED] - Verify element property value successfully

2023-10-16 14:21:20 - [TEST_STEP][PASSED] - verifyElementPropertyValue(getResponse, "groups[0].pricingPlans[0].visualElements[1].key", "display_title"): Verify element property value successfully

2023-10-16 14:21:20 - [MESSAGE][PASSED] - Verify element property value successfully

2023-10-16 14:21:20 - [TEST_STEP][PASSED] - verifyElementPropertyValue(getResponse, "groups[0].pricingPlans[0].visualElements[1].value", "الاشتراك الشهري "): Verify element property value successfully

2023-10-16 14:21:20 - [MESSAGE][PASSED] - Verify element property value successfully

2023-10-16 14:21:20 - [TEST_STEP][PASSED] - verifyElementPropertyValue(getResponse, "groups[0].pricingPlans[0].visualElements[2].key", "promo_text"): Verify element property value successfully

2023-10-16 14:21:20 - [MESSAGE][PASSED] - Verify element property value successfully

2023-10-16 14:21:20 - [TEST_STEP][PASSED] - verifyElementPropertyValue(getResponse, "groups[0].pricingPlans[0].visualElements[2].value", "69.99 AED / شهرياً"): Verify element property value successfully

2023-10-16 14:21:20 - [MESSAGE][PASSED] - Verify element property value successfully

2023-10-16 14:21:20 - [TEST_STEP][PASSED] - verifyElementPropertyValue(getResponse, "groups[0].pricingPlans[0].visualElements[3].key", "deduction_text"): Verify element property value successfully

2023-10-16 14:21:20 - [MESSAGE][PASSED] - Verify element property value successfully

2023-10-16 14:21:20 - [TEST_STEP][PASSED] - verifyElementPropertyValue(getResponse, "groups[0].pricingPlans[0].visualElements[3].value", "تدفع شهرياً"): Verify element property value successfully

2023-10-16 14:21:20 - [MESSAGE][PASSED] - Verify element property value successfully

2023-10-16 14:21:20 - [TEST_STEP][PASSED] - verifyElementPropertyValue(getResponse, "groups[0].pricingPlans[0].visualElements[6].key", "show_payment_logo"): Verify element property value successfully

2023-10-16 14:21:20 - [MESSAGE][PASSED] - Verify element property value successfully

2023-10-16 14:21:20 - [TEST_STEP][PASSED] - verifyElementPropertyValue(getResponse, "groups[0].pricingPlans[0].visualElements[6].value", "true"): Verify element property value successfully

2023-10-16 14:21:20 - [MESSAGE][PASSED] - Verify element property value successfully

2023-10-16 14:21:20 - [TEST_STEP][PASSED] - verifyElementPropertyValue(getResponse, "groups[0].pricingPlans[0].visualElements[8].key", "price"): Verify element property value successfully

2023-10-16 14:21:20 - [MESSAGE][PASSED] - Verify element property value successfully

2023-10-16 14:21:20 - [TEST_STEP][PASSED] - verifyElementPropertyValue(getResponse, "groups[0].pricingPlans[0].visualElements[8].value", "69.99"): Verify element property value successfully

2023-10-16 14:21:20 - [MESSAGE][PASSED] - Verify element property value successfully

2023-10-16 14:21:20 - [TEST_STEP][PASSED] - verifyElementPropertyValue(getResponse, "groups[0].pricingPlans[0].visualElements[9].key", "currency"): Verify element property value successfully

2023-10-16 14:21:20 - [MESSAGE][PASSED] - Verify element property value successfully

2023-10-16 14:21:20 - [TEST_STEP][PASSED] - verifyElementPropertyValue(getResponse, "groups[0].pricingPlans[0].visualElements[9].value", "AED"): Verify element property value successfully

2023-10-16 14:21:20 - [MESSAGE][PASSED] - Verify element property value successfully

2023-10-16 14:21:20 - [TEST_STEP][PASSED] - verifyElementPropertyValue(getResponse, "groups[0].pricingPlans[0].visualElements[10].key", "duration"): Verify element property value successfully

2023-10-16 14:21:20 - [MESSAGE][PASSED] - Verify element property value successfully

2023-10-16 14:21:20 - [TEST_STEP][PASSED] - verifyElementPropertyValue(getResponse, "groups[0].pricingPlans[0].visualElements[10].value", "شهرياً"): Verify element property value successfully

2023-10-16 14:21:20 - [MESSAGE][PASSED] - Verify element property value successfully

2023-10-16 14:21:20 - [TEST_STEP][PASSED] - verifyElementPropertyValue(getResponse, "groups[0].pricingPlans[0].order", "3"): Verify element property value successfully

2023-10-16 14:21:20 - [MESSAGE][PASSED] - Verify element property value successfully

2023-10-16 14:21:20 - [TEST_STEP][PASSED] - verifyElementPropertyValue(getResponse, "groups[0].pricingPlans[0].period", "monthly"): Verify element property value successfully

2023-10-16 14:21:20 - [MESSAGE][PASSED] - Verify element property value successfully

2023-10-16 14:21:20 - [TEST_STEP][PASSED] - verifyElementPropertyValue(getResponse, "groups[0].pricingPlans[0].price", "69.99"): Verify element property value successfully

2023-10-16 14:21:20 - [MESSAGE][PASSED] - Verify element property value successfully

2023-10-16 14:21:20 - [TEST_STEP][PASSED] - verifyElementPropertyValue(getResponse, "groups[0].pricingPlans[0].currency", "AED"): Verify element property value successfully

2023-10-16 14:21:20 - [MESSAGE][PASSED] - Verify element property value successfully

2023-10-16 14:21:20 - [TEST_STEP][PASSED] - verifyElementPropertyValue(getResponse, "groups[0].pricingPlans[0].pricingPlanData[0].productId", "UAE_B2C_SHAHID_VIP_SPORT_1M"): Verify element property value successfully

2023-10-16 14:21:20 - [MESSAGE][PASSED] - Verify element property value successfully

2023-10-16 14:21:20 - [TEST_STEP][PASSED] - verifyElementPropertyValue(getResponse, "groups[0].pricingPlans[0].pricingPlanData[0].subPricingPlanIds", "null"): Verify element property value successfully

2023-10-16 14:21:20 - [MESSAGE][PASSED] - Verify element property value successfully

2023-10-16 14:21:20 - [TEST_STEP][PASSED] - verifyElementPropertyValue(getResponse, "groups[0].pricingPlans[0].pricingPlanData[0].paymentMethod", "CREDIT_CARD"): Verify element property value successfully

2023-10-16 14:21:20 - [MESSAGE][PASSED] - Verify element property value successfully

2023-10-16 14:21:20 - [TEST_STEP][PASSED] - verifyElementPropertyValue(getResponse, "groups[0].pricingPlans[0].pricingPlanData[0].freeTrialEnabled", "false"): Verify element property value successfully

2023-10-16 14:21:20 - [MESSAGE][PASSED] - Verify element property value successfully

2023-10-16 14:21:20 - [TEST_STEP][PASSED] - verifyElementPropertyValue(getResponse, "groups[0].pricingPlans[0].pricingPlanData[0].visualElements[0].key", "title"): Verify element property value successfully

2023-10-16 14:21:20 - [MESSAGE][PASSED] - Verify element property value successfully

2023-10-16 14:21:20 - [TEST_STEP][PASSED] - verifyElementPropertyValue(getResponse, "groups[0].pricingPlans[0].pricingPlanData[0].visualElements[0].value", "البطاقة المصرفية"): Verify element property value successfully

2023-10-16 14:21:20 - [MESSAGE][PASSED] - Verify element property value successfully

2023-10-16 14:21:20 - [TEST_STEP][PASSED] - verifyElementPropertyValue(getResponse, "groups[0].pricingPlans[0].pricingPlanData[0].visualElements[1].key", "CTA_text"): Verify element property value successfully

2023-10-16 14:21:21 - [MESSAGE][PASSED] - Verify element property value successfully

2023-10-16 14:21:21 - [TEST_STEP][PASSED] - verifyElementPropertyValue(getResponse, "groups[0].pricingPlans[0].pricingPlanData[0].visualElements[1].value", "اشترك"): Verify element property value successfully

2023-10-16 14:21:21 - [MESSAGE][PASSED] - Verify element property value successfully

2023-10-16 14:21:21 - [TEST_STEP][PASSED] - verifyElementPropertyValue(getResponse, "groups[0].pricingPlans[0].pricingPlanData[0].visualElements[2].key", "logo"): Verify element property value successfully

2023-10-16 14:21:21 - [MESSAGE][PASSED] - Verify element property value successfully

2023-10-16 14:21:21 - [TEST_STEP][PASSED] - verifyElementPropertyValue(getResponse, "groups[0].pricingPlans[0].pricingPlanData[0].visualElements[2].value", "https://static.s3.shahid.mbc.net/widget-images/icons/iconCreditCard.png"): Verify element property value successfully

2023-10-16 14:21:21 - [MESSAGE][PASSED] - Verify element property value successfully

2023-10-16 14:21:21 - [TEST_STEP][PASSED] - verifyElementPropertyValue(getResponse, "groups[0].pricingPlans[0].pricingPlanData[0].priceLabel", "69.99"): Verify element property value successfully

2023-10-16 14:21:21 - [MESSAGE][PASSED] - Verify element property value successfully

2023-10-16 14:21:21 - [TEST_STEP][PASSED] - verifyElementPropertyValue(getResponse, "groups[0].pricingPlans[0].pricingPlanData[0].currencyLabel", "AED"): Verify element property value successfully

2023-10-16 14:21:21 - [MESSAGE][PASSED] - Verify element property value successfully

2023-10-16 14:21:21 - [TEST_STEP][PASSED] - verifyElementPropertyValue(getResponse, "groups[0].pricingPlans[2].featured", "false"): Verify element property value successfully

2023-10-16 14:21:21 - [MESSAGE][PASSED] - Verify element property value successfully

2023-10-16 14:21:21 - [TEST_STEP][PASSED] - verifyElementPropertyValue(getResponse, "groups[0].pricingPlans[2].packageId", "SHAHID_VIP_SPORT"): Verify element property value successfully

2023-10-16 14:21:21 - [MESSAGE][PASSED] - Verify element property value successfully

2023-10-16 14:21:21 - [TEST_STEP][PASSED] - verifyElementPropertyValue(getResponse, "groups[0].pricingPlans[2].catalogId", "SPORT"): Verify element property value successfully

2023-10-16 14:21:21 - [MESSAGE][PASSED] - Verify element property value successfully

2023-10-16 14:21:21 - [TEST_STEP][PASSED] - verifyElementPropertyValue(getResponse, "groups[0].pricingPlans[2].visualElements[0].key", "Header_1_text"): Verify element property value successfully

2023-10-16 14:21:21 - [MESSAGE][PASSED] - Verify element property value successfully

2023-10-16 14:21:21 - [TEST_STEP][PASSED] - verifyElementPropertyValue(getResponse, "groups[0].pricingPlans[2].visualElements[0].value", "شاهد أقوى المسلسلات و الأفلام حصرياً دون توقف"): Verify element property value successfully

2023-10-16 14:21:21 - [MESSAGE][PASSED] - Verify element property value successfully

2023-10-16 14:21:21 - [TEST_STEP][PASSED] - verifyElementPropertyValue(getResponse, "groups[0].pricingPlans[2].visualElements[1].key", "display_title"): Verify element property value successfully

2023-10-16 14:21:21 - [MESSAGE][PASSED] - Verify element property value successfully

2023-10-16 14:21:21 - [TEST_STEP][PASSED] - verifyElementPropertyValue(getResponse, "groups[0].pricingPlans[2].visualElements[1].value", "الاشتراك السنوي "): Verify element property value successfully

2023-10-16 14:21:21 - [MESSAGE][PASSED] - Verify element property value successfully

2023-10-16 14:21:21 - [TEST_STEP][PASSED] - verifyElementPropertyValue(getResponse, "groups[0].pricingPlans[2].visualElements[2].key", "tag_text"): Verify element property value successfully

2023-10-16 14:21:21 - [MESSAGE][PASSED] - Verify element property value successfully

2023-10-16 14:21:21 - [TEST_STEP][PASSED] - verifyElementPropertyValue(getResponse, "groups[0].pricingPlans[2].visualElements[2].value", "وفر17%"): Verify element property value successfully

2023-10-16 14:21:21 - [MESSAGE][PASSED] - Verify element property value successfully

2023-10-16 14:21:21 - [TEST_STEP][PASSED] - verifyElementPropertyValue(getResponse, "groups[0].pricingPlans[2].visualElements[3].key", "promo_text"): Verify element property value successfully

2023-10-16 14:21:21 - [MESSAGE][PASSED] - Verify element property value successfully

2023-10-16 14:21:21 - [TEST_STEP][PASSED] - verifyElementPropertyValue(getResponse, "groups[0].pricingPlans[2].visualElements[3].value", "58.33 AED / شهرياً"): Verify element property value successfully

2023-10-16 14:21:21 - [MESSAGE][PASSED] - Verify element property value successfully

2023-10-16 14:21:21 - [TEST_STEP][PASSED] - verifyElementPropertyValue(getResponse, "groups[0].pricingPlans[2].visualElements[4].key", "deduction_text"): Verify element property value successfully

2023-10-16 14:21:21 - [MESSAGE][PASSED] - Verify element property value successfully

2023-10-16 14:21:21 - [TEST_STEP][PASSED] - verifyElementPropertyValue(getResponse, "groups[0].pricingPlans[2].visualElements[4].value", " 699.99 AED  تدفع سنوياً"): Verify element property value successfully

2023-10-16 14:21:21 - [MESSAGE][PASSED] - Verify element property value successfully

2023-10-16 14:21:21 - [TEST_STEP][PASSED] - verifyElementPropertyValue(getResponse, "groups[0].pricingPlans[2].visualElements[7].key", "show_payment_logo"): Verify element property value successfully

2023-10-16 14:21:21 - [MESSAGE][PASSED] - Verify element property value successfully

2023-10-16 14:21:21 - [TEST_STEP][PASSED] - verifyElementPropertyValue(getResponse, "groups[0].pricingPlans[2].visualElements[7].value", "true"): Verify element property value successfully

2023-10-16 14:21:21 - [MESSAGE][PASSED] - Verify element property value successfully

2023-10-16 14:21:21 - [TEST_STEP][PASSED] - verifyElementPropertyValue(getResponse, "groups[0].pricingPlans[2].visualElements[8].key", "show_tag"): Verify element property value successfully

2023-10-16 14:21:21 - [MESSAGE][PASSED] - Verify element property value successfully

2023-10-16 14:21:21 - [TEST_STEP][PASSED] - verifyElementPropertyValue(getResponse, "groups[0].pricingPlans[2].visualElements[8].value", "true"): Verify element property value successfully

2023-10-16 14:21:21 - [MESSAGE][PASSED] - Verify element property value successfully

2023-10-16 14:21:21 - [TEST_STEP][PASSED] - verifyElementPropertyValue(getResponse, "groups[0].pricingPlans[2].visualElements[10].key", "price"): Verify element property value successfully

2023-10-16 14:21:21 - [MESSAGE][PASSED] - Verify element property value successfully

2023-10-16 14:21:21 - [TEST_STEP][PASSED] - verifyElementPropertyValue(getResponse, "groups[0].pricingPlans[2].visualElements[10].value", "699.99"): Verify element property value successfully

2023-10-16 14:21:21 - [MESSAGE][PASSED] - Verify element property value successfully

2023-10-16 14:21:21 - [TEST_STEP][PASSED] - verifyElementPropertyValue(getResponse, "groups[0].pricingPlans[2].visualElements[11].key", "currency"): Verify element property value successfully

2023-10-16 14:21:21 - [MESSAGE][PASSED] - Verify element property value successfully

2023-10-16 14:21:21 - [TEST_STEP][PASSED] - verifyElementPropertyValue(getResponse, "groups[0].pricingPlans[2].visualElements[11].value", "AED"): Verify element property value successfully

2023-10-16 14:21:21 - [MESSAGE][PASSED] - Verify element property value successfully

2023-10-16 14:21:21 - [TEST_STEP][PASSED] - verifyElementPropertyValue(getResponse, "groups[0].pricingPlans[2].visualElements[12].key", "duration"): Verify element property value successfully

2023-10-16 14:21:21 - [MESSAGE][PASSED] - Verify element property value successfully

2023-10-16 14:21:21 - [TEST_STEP][PASSED] - verifyElementPropertyValue(getResponse, "groups[0].pricingPlans[2].visualElements[12].value", "سنوياً"): Verify element property value successfully

2023-10-16 14:21:21 - [MESSAGE][PASSED] - Verify element property value successfully

2023-10-16 14:21:21 - [TEST_STEP][PASSED] - verifyElementPropertyValue(getResponse, "groups[0].pricingPlans[2].order", "5"): Verify element property value successfully

2023-10-16 14:21:21 - [MESSAGE][PASSED] - Verify element property value successfully

2023-10-16 14:21:21 - [TEST_STEP][PASSED] - verifyElementPropertyValue(getResponse, "groups[0].pricingPlans[2].period", "yearly"): Verify element property value successfully

2023-10-16 14:21:21 - [MESSAGE][PASSED] - Verify element property value successfully

2023-10-16 14:21:21 - [TEST_STEP][PASSED] - verifyElementPropertyValue(getResponse, "groups[0].pricingPlans[2].price", "699.99"): Verify element property value successfully

2023-10-16 14:21:21 - [MESSAGE][PASSED] - Verify element property value successfully

2023-10-16 14:21:21 - [TEST_STEP][PASSED] - verifyElementPropertyValue(getResponse, "groups[0].pricingPlans[2].currency", "AED"): Verify element property value successfully

2023-10-16 14:21:21 - [MESSAGE][PASSED] - Verify element property value successfully

2023-10-16 14:21:21 - [TEST_STEP][PASSED] - verifyElementPropertyValue(getResponse, "groups[0].pricingPlans[2].pricingPlanData[0].productId", "UAE_B2C_SHAHID_VIP_SPORT_12M"): Verify element property value successfully

2023-10-16 14:21:21 - [MESSAGE][PASSED] - Verify element property value successfully

2023-10-16 14:21:21 - [TEST_STEP][PASSED] - verifyElementPropertyValue(getResponse, "groups[0].pricingPlans[2].pricingPlanData[0].subPricingPlanIds", "null"): Verify element property value successfully

2023-10-16 14:21:21 - [MESSAGE][PASSED] - Verify element property value successfully

2023-10-16 14:21:21 - [TEST_STEP][PASSED] - verifyElementPropertyValue(getResponse, "groups[0].pricingPlans[2].pricingPlanData[0].paymentMethod", "CREDIT_CARD"): Verify element property value successfully

2023-10-16 14:21:21 - [MESSAGE][PASSED] - Verify element property value successfully

2023-10-16 14:21:21 - [TEST_STEP][PASSED] - verifyElementPropertyValue(getResponse, "groups[0].pricingPlans[2].pricingPlanData[0].freeTrialEnabled", "false"): Verify element property value successfully

2023-10-16 14:21:21 - [MESSAGE][PASSED] - Verify element property value successfully

2023-10-16 14:21:21 - [TEST_STEP][PASSED] - verifyElementPropertyValue(getResponse, "groups[0].pricingPlans[2].pricingPlanData[0].visualElements[0].key", "title"): Verify element property value successfully

2023-10-16 14:21:21 - [MESSAGE][PASSED] - Verify element property value successfully

2023-10-16 14:21:21 - [TEST_STEP][PASSED] - verifyElementPropertyValue(getResponse, "groups[0].pricingPlans[2].pricingPlanData[0].visualElements[0].value", "البطاقة المصرفية"): Verify element property value successfully

2023-10-16 14:21:21 - [MESSAGE][PASSED] - Verify element property value successfully

2023-10-16 14:21:21 - [TEST_STEP][PASSED] - verifyElementPropertyValue(getResponse, "groups[0].pricingPlans[2].pricingPlanData[0].visualElements[1].key", "CTA_text"): Verify element property value successfully

2023-10-16 14:21:21 - [MESSAGE][PASSED] - Verify element property value successfully

2023-10-16 14:21:21 - [TEST_STEP][PASSED] - verifyElementPropertyValue(getResponse, "groups[0].pricingPlans[2].pricingPlanData[0].visualElements[1].value", "اشترك"): Verify element property value successfully

2023-10-16 14:21:21 - [MESSAGE][PASSED] - Verify element property value successfully

2023-10-16 14:21:21 - [TEST_STEP][PASSED] - verifyElementPropertyValue(getResponse, "groups[0].pricingPlans[2].pricingPlanData[0].visualElements[2].key", "logo"): Verify element property value successfully

2023-10-16 14:21:21 - [MESSAGE][PASSED] - Verify element property value successfully

2023-10-16 14:21:21 - [TEST_STEP][PASSED] - verifyElementPropertyValue(getResponse, "groups[0].pricingPlans[2].pricingPlanData[0].visualElements[2].value", "https://static.s3.shahid.mbc.net/widget-images/icons/iconCreditCard.png"): Verify element property value successfully

2023-10-16 14:21:21 - [MESSAGE][PASSED] - Verify element property value successfully

2023-10-16 14:21:21 - [TEST_STEP][PASSED] - verifyElementPropertyValue(getResponse, "groups[0].pricingPlans[2].pricingPlanData[0].priceLabel", "699.99"): Verify element property value successfully

2023-10-16 14:21:21 - [MESSAGE][PASSED] - Verify element property value successfully

2023-10-16 14:21:21 - [TEST_STEP][PASSED] - verifyElementPropertyValue(getResponse, "groups[0].pricingPlans[2].pricingPlanData[0].currencyLabel", "AED"): Verify element property value successfully

2023-10-16 14:21:21 - [MESSAGE][PASSED] - Verify element property value successfully

2023-10-16 14:21:21 - [TEST_STEP][PASSED] - verifyElementPropertyValue(getResponse, "groups[0].pricingPlans[2].pricingPlanData[0].allowedForAcquisition", "true"): Verify element property value successfully

2023-10-16 14:21:21 - [MESSAGE][PASSED] - Verify element property value successfully

2023-10-16 14:21:21 - [TEST_STEP][PASSED] - verifyElementPropertyValue(getResponse, "groups[0].pricingPlans[2].pricingPlanData[0].showIn[0]", "VERTICAL_MODE"): Verify element property value successfully

2023-10-16 14:21:21 - [MESSAGE][PASSED] - Verify element property value successfully

2023-10-16 14:21:21 - [TEST_STEP][PASSED] - verifyElementPropertyValue(getResponse, "groups[0].pricingPlans[2].pricingPlanData[0].showIn[1]", "HORIZONTAL_MODE"): Verify element property value successfully

2023-10-16 14:21:21 - [MESSAGE][PASSED] - Verify element property value successfully

2023-10-16 14:21:21 - [TEST_STEP][PASSED] - verifyElementPropertyValue(getResponse, "visualElements[0].key", "main_CTA_text_1"): Verify element property value successfully

2023-10-16 14:21:21 - [MESSAGE][PASSED] - Verify element property value successfully

2023-10-16 14:21:21 - [TEST_STEP][PASSED] - verifyElementPropertyValue(getResponse, "visualElements[0].value", "شاهد أقوى المسلسلات و الأفلام حصرياً دون توقف"): Verify element property value successfully

2023-10-16 14:21:21 - [MESSAGE][PASSED] - Verify element property value successfully

2023-10-16 14:21:21 - [TEST_STEP][PASSED] - verifyElementPropertyValue(getResponse, "visualElements[2].key", "main_disclaimer_text"): Verify element property value successfully

2023-10-16 14:21:21 - [MESSAGE][PASSED] - Verify element property value successfully

2023-10-16 14:21:21 - [TEST_STEP][PASSED] - verifyElementPropertyValue(getResponse, "visualElements[2].value", "رسوم الاشتراك قد تختلف بناءً على البلد أو طريقة الدفع أو باقة الاشتراك أو الضريبة المضافة أو معامل تحويل العملات والرسوم البنكية. تطبّق الشروط والأحكام."): Verify element property value successfully

2023-10-16 14:21:21 - [MESSAGE][PASSED] - Verify element property value successfully

2023-10-16 14:21:21 - [TEST_STEP][PASSED] - verifyElementPropertyValue(getResponse, "visualElements[4].key", "display_type"): Verify element property value successfully

2023-10-16 14:21:21 - [MESSAGE][PASSED] - Verify element property value successfully

2023-10-16 14:21:21 - [TEST_STEP][PASSED] - verifyElementPropertyValue(getResponse, "visualElements[4].value", "vertical"): Verify element property value successfully

2023-10-16 14:21:21 - [MESSAGE][PASSED] - Verify element property value successfully

2023-10-16 14:21:21 - [TEST_STEP][PASSED] - verifyElementPropertyValue(getResponse, "defaultPackageId", "SHAHID_VIP"): Verify element property value successfully

2023-10-16 14:21:21 - [MESSAGE][PASSED] - Verify element property value successfully]]></system-out>
         <system-err><![CDATA[]]></system-err>
      </testcase>
      <testcase name="Test Cases/WEB - CHROME/ARE PI/WEB_AR_getOffersForARE_SPORT" time="4.335" classname="Test Cases/WEB - CHROME/ARE PI/WEB_AR_getOffersForARE_SPORT" status="PASSED">
         <system-out><![CDATA[2023-10-16 14:21:21 - [TEST_CASE][PASSED] - Test Cases/WEB - CHROME/ARE PI/WEB_AR_getOffersForARE_SPORT: Test Cases/WEB - CHROME/ARE PI/WEB_AR_getOffersForARE_SPORT

2023-10-16 14:21:21 - [TEST_STEP][PASSED] - getResponse = config_files.getConfigFile.getConfig("WEB", "AR", "SHAHID_VIP_SPORT", "AE", "false"): config_files.getConfigFile.getConfig is PASSED

2023-10-16 14:21:23 - [MESSAGE][INFO] - HAR: /Users/admin/git/shahid-configuration/Reports/20231016_140310/WEB/ARE/20231016_140345/requests/main/4.har

2023-10-16 14:21:23 - [MESSAGE][PASSED] - Send request successfully

2023-10-16 14:21:23 - [MESSAGE][PASSED] - config_files.getConfigFile.getConfig is PASSED

2023-10-16 14:21:23 - [TEST_STEP][PASSED] - verifyResponseStatusCode(getResponse, 200): Verify response status code successfully

2023-10-16 14:21:23 - [MESSAGE][PASSED] - Verify response status code successfully

2023-10-16 14:21:23 - [TEST_STEP][PASSED] - verifyElementPropertyValue(getResponse, "country", "ARE"): Verify element property value successfully

2023-10-16 14:21:23 - [MESSAGE][PASSED] - Verify element property value successfully

2023-10-16 14:21:23 - [TEST_STEP][PASSED] - verifyElementPropertyValue(getResponse, "platform", "[WEB]"): Verify element property value successfully

2023-10-16 14:21:23 - [MESSAGE][PASSED] - Verify element property value successfully

2023-10-16 14:21:23 - [TEST_STEP][PASSED] - verifyElementPropertyValue(getResponse, "offers[5].offerId", "winback-sport-30-offer"): Verify element property value successfully

2023-10-16 14:21:23 - [MESSAGE][PASSED] - Verify element property value successfully

2023-10-16 14:21:23 - [TEST_STEP][PASSED] - verifyElementPropertyValue(getResponse, "offers[5].offerParam", "sportsoffer30"): Verify element property value successfully

2023-10-16 14:21:23 - [MESSAGE][PASSED] - Verify element property value successfully

2023-10-16 14:21:23 - [TEST_STEP][PASSED] - verifyElementPropertyValue(getResponse, "offers[5].groups[0].pricingPlans[0].featured", "true"): Verify element property value successfully

2023-10-16 14:21:23 - [MESSAGE][PASSED] - Verify element property value successfully

2023-10-16 14:21:23 - [TEST_STEP][PASSED] - verifyElementPropertyValue(getResponse, "offers[5].groups[0].pricingPlans[0].period", "monthly"): Verify element property value successfully

2023-10-16 14:21:23 - [MESSAGE][PASSED] - Verify element property value successfully

2023-10-16 14:21:23 - [TEST_STEP][PASSED] - verifyElementPropertyValue(getResponse, "offers[5].groups[0].pricingPlans[0].featured", "true"): Verify element property value successfully

2023-10-16 14:21:23 - [MESSAGE][PASSED] - Verify element property value successfully

2023-10-16 14:21:23 - [TEST_STEP][PASSED] - verifyElementPropertyValue(getResponse, "offers[5].groups[0].pricingPlans[0].price", "48.99"): Verify element property value successfully

2023-10-16 14:21:23 - [MESSAGE][PASSED] - Verify element property value successfully

2023-10-16 14:21:23 - [TEST_STEP][PASSED] - verifyElementPropertyValue(getResponse, "offers[5].groups[0].pricingPlans[0].currency", "AED"): Verify element property value successfully

2023-10-16 14:21:23 - [MESSAGE][PASSED] - Verify element property value successfully

2023-10-16 14:21:23 - [TEST_STEP][PASSED] - verifyElementPropertyValue(getResponse, "offers[5].groups[0].pricingPlans[0].order", "0"): Verify element property value successfully

2023-10-16 14:21:23 - [MESSAGE][PASSED] - Verify element property value successfully

2023-10-16 14:21:23 - [TEST_STEP][PASSED] - verifyElementPropertyValue(getResponse, "offers[5].groups[0].pricingPlans[0].packageId", "SHAHID_VIP_SPORT"): Verify element property value successfully

2023-10-16 14:21:23 - [MESSAGE][PASSED] - Verify element property value successfully

2023-10-16 14:21:23 - [TEST_STEP][PASSED] - verifyElementPropertyValue(getResponse, "offers[5].groups[0].pricingPlans[0].catalogId", "SPORT"): Verify element property value successfully

2023-10-16 14:21:23 - [MESSAGE][PASSED] - Verify element property value successfully

2023-10-16 14:21:23 - [TEST_STEP][PASSED] - verifyElementPropertyValue(getResponse, "offers[5].groups[0].pricingPlans[0].visualElements[0].key", "Header_1_text"): Verify element property value successfully

2023-10-16 14:21:23 - [MESSAGE][PASSED] - Verify element property value successfully

2023-10-16 14:21:23 - [TEST_STEP][PASSED] - verifyElementPropertyValue(getResponse, "offers[5].groups[0].pricingPlans[0].visualElements[0].value", "شاهد أقوى المسلسلات و الأفلام حصرياً دون توقف"): Verify element property value successfully

2023-10-16 14:21:23 - [MESSAGE][PASSED] - Verify element property value successfully

2023-10-16 14:21:23 - [TEST_STEP][PASSED] - verifyElementPropertyValue(getResponse, "offers[5].groups[0].pricingPlans[0].visualElements[1].key", "display_title"): Verify element property value successfully

2023-10-16 14:21:23 - [MESSAGE][PASSED] - Verify element property value successfully

2023-10-16 14:21:23 - [TEST_STEP][PASSED] - verifyElementPropertyValue(getResponse, "offers[5].groups[0].pricingPlans[0].visualElements[1].value", "احصل على خصم 30%"): Verify element property value successfully

2023-10-16 14:21:23 - [MESSAGE][PASSED] - Verify element property value successfully

2023-10-16 14:21:23 - [TEST_STEP][PASSED] - verifyElementPropertyValue(getResponse, "offers[5].groups[0].pricingPlans[0].visualElements[3].key", "deduction_text"): Verify element property value successfully

2023-10-16 14:21:23 - [MESSAGE][PASSED] - Verify element property value successfully

2023-10-16 14:21:23 - [TEST_STEP][PASSED] - verifyElementPropertyValue(getResponse, "offers[5].groups[0].pricingPlans[0].visualElements[3].value", "تدفع شهرياً"): Verify element property value successfully

2023-10-16 14:21:23 - [MESSAGE][PASSED] - Verify element property value successfully

2023-10-16 14:21:23 - [TEST_STEP][PASSED] - verifyElementPropertyValue(getResponse, "offers[5].groups[0].pricingPlans[0].visualElements[6].key", "show_payment_logo"): Verify element property value successfully

2023-10-16 14:21:23 - [MESSAGE][PASSED] - Verify element property value successfully

2023-10-16 14:21:23 - [TEST_STEP][PASSED] - verifyElementPropertyValue(getResponse, "offers[5].groups[0].pricingPlans[0].visualElements[6].value", "true"): Verify element property value successfully

2023-10-16 14:21:23 - [MESSAGE][PASSED] - Verify element property value successfully

2023-10-16 14:21:23 - [TEST_STEP][PASSED] - verifyElementPropertyValue(getResponse, "offers[5].groups[0].pricingPlans[0].visualElements[8].key", "price"): Verify element property value successfully

2023-10-16 14:21:23 - [MESSAGE][PASSED] - Verify element property value successfully

2023-10-16 14:21:23 - [TEST_STEP][PASSED] - verifyElementPropertyValue(getResponse, "offers[5].groups[0].pricingPlans[0].visualElements[8].value", "48.99"): Verify element property value successfully

2023-10-16 14:21:23 - [MESSAGE][PASSED] - Verify element property value successfully

2023-10-16 14:21:23 - [TEST_STEP][PASSED] - verifyElementPropertyValue(getResponse, "offers[5].groups[0].pricingPlans[0].visualElements[9].key", "currency"): Verify element property value successfully

2023-10-16 14:21:23 - [MESSAGE][PASSED] - Verify element property value successfully

2023-10-16 14:21:23 - [TEST_STEP][PASSED] - verifyElementPropertyValue(getResponse, "offers[5].groups[0].pricingPlans[0].visualElements[9].value", "AED"): Verify element property value successfully

2023-10-16 14:21:23 - [MESSAGE][PASSED] - Verify element property value successfully

2023-10-16 14:21:23 - [TEST_STEP][PASSED] - verifyElementPropertyValue(getResponse, "offers[5].groups[0].pricingPlans[0].visualElements[10].key", "duration"): Verify element property value successfully

2023-10-16 14:21:23 - [MESSAGE][PASSED] - Verify element property value successfully

2023-10-16 14:21:23 - [TEST_STEP][PASSED] - verifyElementPropertyValue(getResponse, "offers[5].groups[0].pricingPlans[0].visualElements[10].value", "شهرياً"): Verify element property value successfully

2023-10-16 14:21:23 - [MESSAGE][PASSED] - Verify element property value successfully

2023-10-16 14:21:23 - [TEST_STEP][PASSED] - verifyElementPropertyValue(getResponse, "offers[5].groups[0].pricingPlans[0].visualElements[11].key", "featured_tag_text"): Verify element property value successfully

2023-10-16 14:21:23 - [MESSAGE][PASSED] - Verify element property value successfully

2023-10-16 14:21:23 - [TEST_STEP][PASSED] - verifyElementPropertyValue(getResponse, "offers[5].groups[0].pricingPlans[0].visualElements[11].value", "عرض لمدة محدودة"): Verify element property value successfully

2023-10-16 14:21:23 - [MESSAGE][PASSED] - Verify element property value successfully

2023-10-16 14:21:23 - [TEST_STEP][PASSED] - verifyElementPropertyValue(getResponse, "offers[5].groups[0].pricingPlans[0].visualElements[13].key", "tag_text"): Verify element property value successfully

2023-10-16 14:21:23 - [MESSAGE][PASSED] - Verify element property value successfully

2023-10-16 14:21:23 - [TEST_STEP][PASSED] - verifyElementPropertyValue(getResponse, "offers[5].groups[0].pricingPlans[0].visualElements[13].value", "وفر 30%"): Verify element property value successfully

2023-10-16 14:21:23 - [MESSAGE][PASSED] - Verify element property value successfully

2023-10-16 14:21:23 - [TEST_STEP][PASSED] - verifyElementPropertyValue(getResponse, "offers[5].groups[0].pricingPlans[0].visualElements[12].key", "show_tag"): Verify element property value successfully

2023-10-16 14:21:23 - [MESSAGE][PASSED] - Verify element property value successfully

2023-10-16 14:21:23 - [TEST_STEP][PASSED] - verifyElementPropertyValue(getResponse, "offers[5].groups[0].pricingPlans[0].visualElements[12].value", "true"): Verify element property value successfully

2023-10-16 14:21:23 - [MESSAGE][PASSED] - Verify element property value successfully

2023-10-16 14:21:23 - [TEST_STEP][PASSED] - verifyElementPropertyValue(getResponse, "offers[5].groups[0].pricingPlans[0].pricingPlanData[0].productId", "UAE_B2C_SHAHID_VIP_SPORT_1M"): Verify element property value successfully

2023-10-16 14:21:23 - [MESSAGE][PASSED] - Verify element property value successfully

2023-10-16 14:21:23 - [TEST_STEP][PASSED] - verifyElementPropertyValue(getResponse, "offers[5].groups[0].pricingPlans[0].pricingPlanData[0].paymentMethod", "CREDIT_CARD"): Verify element property value successfully

2023-10-16 14:21:23 - [MESSAGE][PASSED] - Verify element property value successfully

2023-10-16 14:21:23 - [TEST_STEP][PASSED] - verifyElementPropertyValue(getResponse, "offers[5].groups[0].pricingPlans[0].pricingPlanData[0].freeTrialEnabled", "false"): Verify element property value successfully

2023-10-16 14:21:23 - [MESSAGE][PASSED] - Verify element property value successfully

2023-10-16 14:21:23 - [TEST_STEP][PASSED] - verifyElementPropertyValue(getResponse, "offers[5].groups[0].pricingPlans[0].pricingPlanData[0].showIn[0]", "VERTICAL_MODE"): Verify element property value successfully

2023-10-16 14:21:23 - [MESSAGE][PASSED] - Verify element property value successfully

2023-10-16 14:21:23 - [TEST_STEP][PASSED] - verifyElementPropertyValue(getResponse, "offers[5].groups[0].pricingPlans[0].pricingPlanData[0].showIn[1]", "HORIZONTAL_MODE"): Verify element property value successfully

2023-10-16 14:21:23 - [MESSAGE][PASSED] - Verify element property value successfully

2023-10-16 14:21:23 - [TEST_STEP][PASSED] - verifyElementPropertyValue(getResponse, "offers[5].groups[0].pricingPlans[0].pricingPlanData[0].priceLabel", "48.99"): Verify element property value successfully

2023-10-16 14:21:23 - [MESSAGE][PASSED] - Verify element property value successfully

2023-10-16 14:21:23 - [TEST_STEP][PASSED] - verifyElementPropertyValue(getResponse, "offers[5].groups[0].pricingPlans[0].pricingPlanData[0].currencyLabel", "AED"): Verify element property value successfully

2023-10-16 14:21:23 - [MESSAGE][PASSED] - Verify element property value successfully

2023-10-16 14:21:23 - [TEST_STEP][PASSED] - verifyElementPropertyValue(getResponse, "offers[5].groups[0].pricingPlans[0].pricingPlanData[0].dealId", "WB_SPORT_30P_ARE"): Verify element property value successfully

2023-10-16 14:21:23 - [MESSAGE][PASSED] - Verify element property value successfully

2023-10-16 14:21:23 - [TEST_STEP][PASSED] - verifyElementPropertyValue(getResponse, "offers[5].groups[0].pricingPlans[0].pricingPlanData[0].allowedForAcquisition", "true"): Verify element property value successfully

2023-10-16 14:21:23 - [MESSAGE][PASSED] - Verify element property value successfully

2023-10-16 14:21:23 - [TEST_STEP][PASSED] - verifyElementPropertyValue(getResponse, "offers[5].groups[0].pricingPlans[0].pricingPlanData[0].visualElements[0].key", "title"): Verify element property value successfully

2023-10-16 14:21:23 - [MESSAGE][PASSED] - Verify element property value successfully

2023-10-16 14:21:23 - [TEST_STEP][PASSED] - verifyElementPropertyValue(getResponse, "offers[5].groups[0].pricingPlans[0].pricingPlanData[0].visualElements[0].value", "البطاقة المصرفية"): Verify element property value successfully

2023-10-16 14:21:23 - [MESSAGE][PASSED] - Verify element property value successfully

2023-10-16 14:21:23 - [TEST_STEP][PASSED] - verifyElementPropertyValue(getResponse, "offers[5].groups[0].pricingPlans[0].pricingPlanData[0].visualElements[1].key", "CTA_text"): Verify element property value successfully

2023-10-16 14:21:23 - [MESSAGE][PASSED] - Verify element property value successfully

2023-10-16 14:21:23 - [TEST_STEP][PASSED] - verifyElementPropertyValue(getResponse, "offers[5].groups[0].pricingPlans[0].pricingPlanData[0].visualElements[1].value", "اشترك"): Verify element property value successfully

2023-10-16 14:21:23 - [MESSAGE][PASSED] - Verify element property value successfully

2023-10-16 14:21:23 - [TEST_STEP][PASSED] - verifyElementPropertyValue(getResponse, "offers[5].groups[0].pricingPlans[0].pricingPlanData[0].visualElements[2].key", "logo"): Verify element property value successfully

2023-10-16 14:21:23 - [MESSAGE][PASSED] - Verify element property value successfully

2023-10-16 14:21:23 - [TEST_STEP][PASSED] - verifyElementPropertyValue(getResponse, "offers[5].groups[0].pricingPlans[0].pricingPlanData[0].visualElements[2].value", "https://static.s3.shahid.mbc.net/widget-images/icons/iconCreditCard.png"): Verify element property value successfully

2023-10-16 14:21:23 - [MESSAGE][PASSED] - Verify element property value successfully

2023-10-16 14:21:23 - [TEST_STEP][PASSED] - verifyElementPropertyValue(getResponse, "offers[6].offerId", "winback-sport-40-offer"): Verify element property value successfully

2023-10-16 14:21:23 - [MESSAGE][PASSED] - Verify element property value successfully

2023-10-16 14:21:23 - [TEST_STEP][PASSED] - verifyElementPropertyValue(getResponse, "offers[6].offerParam", "sportsoffer40"): Verify element property value successfully

2023-10-16 14:21:23 - [MESSAGE][PASSED] - Verify element property value successfully

2023-10-16 14:21:23 - [TEST_STEP][PASSED] - verifyElementPropertyValue(getResponse, "offers[6].groups[0].pricingPlans[0].featured", "true"): Verify element property value successfully

2023-10-16 14:21:23 - [MESSAGE][PASSED] - Verify element property value successfully

2023-10-16 14:21:23 - [TEST_STEP][PASSED] - verifyElementPropertyValue(getResponse, "offers[6].groups[0].pricingPlans[0].period", "monthly"): Verify element property value successfully

2023-10-16 14:21:23 - [MESSAGE][PASSED] - Verify element property value successfully

2023-10-16 14:21:23 - [TEST_STEP][PASSED] - verifyElementPropertyValue(getResponse, "offers[6].groups[0].pricingPlans[0].featured", "true"): Verify element property value successfully

2023-10-16 14:21:23 - [MESSAGE][PASSED] - Verify element property value successfully

2023-10-16 14:21:23 - [TEST_STEP][PASSED] - verifyElementPropertyValue(getResponse, "offers[6].groups[0].pricingPlans[0].price", "41.99"): Verify element property value successfully

2023-10-16 14:21:23 - [MESSAGE][PASSED] - Verify element property value successfully

2023-10-16 14:21:23 - [TEST_STEP][PASSED] - verifyElementPropertyValue(getResponse, "offers[6].groups[0].pricingPlans[0].currency", "AED"): Verify element property value successfully

2023-10-16 14:21:23 - [MESSAGE][PASSED] - Verify element property value successfully

2023-10-16 14:21:23 - [TEST_STEP][PASSED] - verifyElementPropertyValue(getResponse, "offers[6].groups[0].pricingPlans[0].order", "0"): Verify element property value successfully

2023-10-16 14:21:23 - [MESSAGE][PASSED] - Verify element property value successfully

2023-10-16 14:21:23 - [TEST_STEP][PASSED] - verifyElementPropertyValue(getResponse, "offers[6].groups[0].pricingPlans[0].packageId", "SHAHID_VIP_SPORT"): Verify element property value successfully

2023-10-16 14:21:23 - [MESSAGE][PASSED] - Verify element property value successfully

2023-10-16 14:21:23 - [TEST_STEP][PASSED] - verifyElementPropertyValue(getResponse, "offers[6].groups[0].pricingPlans[0].catalogId", "SPORT"): Verify element property value successfully

2023-10-16 14:21:23 - [MESSAGE][PASSED] - Verify element property value successfully

2023-10-16 14:21:23 - [TEST_STEP][PASSED] - verifyElementPropertyValue(getResponse, "offers[6].groups[0].pricingPlans[0].visualElements[0].key", "Header_1_text"): Verify element property value successfully

2023-10-16 14:21:23 - [MESSAGE][PASSED] - Verify element property value successfully

2023-10-16 14:21:23 - [TEST_STEP][PASSED] - verifyElementPropertyValue(getResponse, "offers[6].groups[0].pricingPlans[0].visualElements[0].value", "شاهد أقوى المسلسلات و الأفلام حصرياً دون توقف"): Verify element property value successfully

2023-10-16 14:21:23 - [MESSAGE][PASSED] - Verify element property value successfully

2023-10-16 14:21:23 - [TEST_STEP][PASSED] - verifyElementPropertyValue(getResponse, "offers[6].groups[0].pricingPlans[0].visualElements[1].key", "display_title"): Verify element property value successfully

2023-10-16 14:21:23 - [MESSAGE][PASSED] - Verify element property value successfully

2023-10-16 14:21:23 - [TEST_STEP][PASSED] - verifyElementPropertyValue(getResponse, "offers[6].groups[0].pricingPlans[0].visualElements[1].value", "احصل على خصم 40%"): Verify element property value successfully

2023-10-16 14:21:23 - [MESSAGE][PASSED] - Verify element property value successfully

2023-10-16 14:21:23 - [TEST_STEP][PASSED] - verifyElementPropertyValue(getResponse, "offers[6].groups[0].pricingPlans[0].visualElements[3].key", "deduction_text"): Verify element property value successfully

2023-10-16 14:21:23 - [MESSAGE][PASSED] - Verify element property value successfully

2023-10-16 14:21:23 - [TEST_STEP][PASSED] - verifyElementPropertyValue(getResponse, "offers[6].groups[0].pricingPlans[0].visualElements[3].value", "تدفع شهرياً"): Verify element property value successfully

2023-10-16 14:21:23 - [MESSAGE][PASSED] - Verify element property value successfully

2023-10-16 14:21:23 - [TEST_STEP][PASSED] - verifyElementPropertyValue(getResponse, "offers[6].groups[0].pricingPlans[0].visualElements[6].key", "show_payment_logo"): Verify element property value successfully

2023-10-16 14:21:23 - [MESSAGE][PASSED] - Verify element property value successfully

2023-10-16 14:21:23 - [TEST_STEP][PASSED] - verifyElementPropertyValue(getResponse, "offers[6].groups[0].pricingPlans[0].visualElements[6].value", "true"): Verify element property value successfully

2023-10-16 14:21:23 - [MESSAGE][PASSED] - Verify element property value successfully

2023-10-16 14:21:23 - [TEST_STEP][PASSED] - verifyElementPropertyValue(getResponse, "offers[6].groups[0].pricingPlans[0].visualElements[8].key", "price"): Verify element property value successfully

2023-10-16 14:21:23 - [MESSAGE][PASSED] - Verify element property value successfully

2023-10-16 14:21:23 - [TEST_STEP][PASSED] - verifyElementPropertyValue(getResponse, "offers[6].groups[0].pricingPlans[0].visualElements[8].value", "41.99"): Verify element property value successfully

2023-10-16 14:21:23 - [MESSAGE][PASSED] - Verify element property value successfully

2023-10-16 14:21:23 - [TEST_STEP][PASSED] - verifyElementPropertyValue(getResponse, "offers[6].groups[0].pricingPlans[0].visualElements[9].key", "currency"): Verify element property value successfully

2023-10-16 14:21:23 - [MESSAGE][PASSED] - Verify element property value successfully

2023-10-16 14:21:23 - [TEST_STEP][PASSED] - verifyElementPropertyValue(getResponse, "offers[6].groups[0].pricingPlans[0].visualElements[9].value", "AED"): Verify element property value successfully

2023-10-16 14:21:23 - [MESSAGE][PASSED] - Verify element property value successfully

2023-10-16 14:21:23 - [TEST_STEP][PASSED] - verifyElementPropertyValue(getResponse, "offers[6].groups[0].pricingPlans[0].visualElements[10].key", "duration"): Verify element property value successfully

2023-10-16 14:21:23 - [MESSAGE][PASSED] - Verify element property value successfully

2023-10-16 14:21:23 - [TEST_STEP][PASSED] - verifyElementPropertyValue(getResponse, "offers[6].groups[0].pricingPlans[0].visualElements[10].value", "شهرياً"): Verify element property value successfully

2023-10-16 14:21:23 - [MESSAGE][PASSED] - Verify element property value successfully

2023-10-16 14:21:23 - [TEST_STEP][PASSED] - verifyElementPropertyValue(getResponse, "offers[6].groups[0].pricingPlans[0].visualElements[11].key", "featured_tag_text"): Verify element property value successfully

2023-10-16 14:21:23 - [MESSAGE][PASSED] - Verify element property value successfully

2023-10-16 14:21:23 - [TEST_STEP][PASSED] - verifyElementPropertyValue(getResponse, "offers[6].groups[0].pricingPlans[0].visualElements[11].value", "عرض لمدة محدودة"): Verify element property value successfully

2023-10-16 14:21:23 - [MESSAGE][PASSED] - Verify element property value successfully

2023-10-16 14:21:23 - [TEST_STEP][PASSED] - verifyElementPropertyValue(getResponse, "offers[6].groups[0].pricingPlans[0].visualElements[13].key", "tag_text"): Verify element property value successfully

2023-10-16 14:21:23 - [MESSAGE][PASSED] - Verify element property value successfully

2023-10-16 14:21:23 - [TEST_STEP][PASSED] - verifyElementPropertyValue(getResponse, "offers[6].groups[0].pricingPlans[0].visualElements[13].value", "وفر 40%"): Verify element property value successfully

2023-10-16 14:21:23 - [MESSAGE][PASSED] - Verify element property value successfully

2023-10-16 14:21:23 - [TEST_STEP][PASSED] - verifyElementPropertyValue(getResponse, "offers[6].groups[0].pricingPlans[0].visualElements[12].key", "show_tag"): Verify element property value successfully

2023-10-16 14:21:23 - [MESSAGE][PASSED] - Verify element property value successfully

2023-10-16 14:21:23 - [TEST_STEP][PASSED] - verifyElementPropertyValue(getResponse, "offers[6].groups[0].pricingPlans[0].visualElements[12].value", "true"): Verify element property value successfully

2023-10-16 14:21:23 - [MESSAGE][PASSED] - Verify element property value successfully

2023-10-16 14:21:23 - [TEST_STEP][PASSED] - verifyElementPropertyValue(getResponse, "offers[6].groups[0].pricingPlans[0].pricingPlanData[0].productId", "UAE_B2C_SHAHID_VIP_SPORT_1M"): Verify element property value successfully

2023-10-16 14:21:23 - [MESSAGE][PASSED] - Verify element property value successfully

2023-10-16 14:21:23 - [TEST_STEP][PASSED] - verifyElementPropertyValue(getResponse, "offers[6].groups[0].pricingPlans[0].pricingPlanData[0].paymentMethod", "CREDIT_CARD"): Verify element property value successfully

2023-10-16 14:21:23 - [MESSAGE][PASSED] - Verify element property value successfully

2023-10-16 14:21:23 - [TEST_STEP][PASSED] - verifyElementPropertyValue(getResponse, "offers[6].groups[0].pricingPlans[0].pricingPlanData[0].freeTrialEnabled", "false"): Verify element property value successfully

2023-10-16 14:21:23 - [MESSAGE][PASSED] - Verify element property value successfully

2023-10-16 14:21:23 - [TEST_STEP][PASSED] - verifyElementPropertyValue(getResponse, "offers[6].groups[0].pricingPlans[0].pricingPlanData[0].showIn[0]", "VERTICAL_MODE"): Verify element property value successfully

2023-10-16 14:21:23 - [MESSAGE][PASSED] - Verify element property value successfully

2023-10-16 14:21:23 - [TEST_STEP][PASSED] - verifyElementPropertyValue(getResponse, "offers[6].groups[0].pricingPlans[0].pricingPlanData[0].showIn[1]", "HORIZONTAL_MODE"): Verify element property value successfully

2023-10-16 14:21:23 - [MESSAGE][PASSED] - Verify element property value successfully

2023-10-16 14:21:23 - [TEST_STEP][PASSED] - verifyElementPropertyValue(getResponse, "offers[6].groups[0].pricingPlans[0].pricingPlanData[0].priceLabel", "41.99"): Verify element property value successfully

2023-10-16 14:21:23 - [MESSAGE][PASSED] - Verify element property value successfully

2023-10-16 14:21:23 - [TEST_STEP][PASSED] - verifyElementPropertyValue(getResponse, "offers[6].groups[0].pricingPlans[0].pricingPlanData[0].currencyLabel", "AED"): Verify element property value successfully

2023-10-16 14:21:24 - [MESSAGE][PASSED] - Verify element property value successfully

2023-10-16 14:21:24 - [TEST_STEP][PASSED] - verifyElementPropertyValue(getResponse, "offers[6].groups[0].pricingPlans[0].pricingPlanData[0].dealId", "WB_SPORT_40P_ARE"): Verify element property value successfully

2023-10-16 14:21:24 - [MESSAGE][PASSED] - Verify element property value successfully

2023-10-16 14:21:24 - [TEST_STEP][PASSED] - verifyElementPropertyValue(getResponse, "offers[6].groups[0].pricingPlans[0].pricingPlanData[0].allowedForAcquisition", "true"): Verify element property value successfully

2023-10-16 14:21:24 - [MESSAGE][PASSED] - Verify element property value successfully

2023-10-16 14:21:24 - [TEST_STEP][PASSED] - verifyElementPropertyValue(getResponse, "offers[6].groups[0].pricingPlans[0].pricingPlanData[0].visualElements[0].key", "title"): Verify element property value successfully

2023-10-16 14:21:24 - [MESSAGE][PASSED] - Verify element property value successfully

2023-10-16 14:21:24 - [TEST_STEP][PASSED] - verifyElementPropertyValue(getResponse, "offers[6].groups[0].pricingPlans[0].pricingPlanData[0].visualElements[0].value", "البطاقة المصرفية"): Verify element property value successfully

2023-10-16 14:21:24 - [MESSAGE][PASSED] - Verify element property value successfully

2023-10-16 14:21:24 - [TEST_STEP][PASSED] - verifyElementPropertyValue(getResponse, "offers[6].groups[0].pricingPlans[0].pricingPlanData[0].visualElements[1].key", "CTA_text"): Verify element property value successfully

2023-10-16 14:21:24 - [MESSAGE][PASSED] - Verify element property value successfully

2023-10-16 14:21:24 - [TEST_STEP][PASSED] - verifyElementPropertyValue(getResponse, "offers[6].groups[0].pricingPlans[0].pricingPlanData[0].visualElements[1].value", "اشترك"): Verify element property value successfully

2023-10-16 14:21:24 - [MESSAGE][PASSED] - Verify element property value successfully

2023-10-16 14:21:24 - [TEST_STEP][PASSED] - verifyElementPropertyValue(getResponse, "offers[6].groups[0].pricingPlans[0].pricingPlanData[0].visualElements[2].key", "logo"): Verify element property value successfully

2023-10-16 14:21:24 - [MESSAGE][PASSED] - Verify element property value successfully

2023-10-16 14:21:24 - [TEST_STEP][PASSED] - verifyElementPropertyValue(getResponse, "offers[6].groups[0].pricingPlans[0].pricingPlanData[0].visualElements[2].value", "https://static.s3.shahid.mbc.net/widget-images/icons/iconCreditCard.png"): Verify element property value successfully

2023-10-16 14:21:24 - [MESSAGE][PASSED] - Verify element property value successfully

2023-10-16 14:21:24 - [TEST_STEP][PASSED] - verifyElementPropertyValue(getResponse, "offers[7].offerId", "winback-sport-50-offer"): Verify element property value successfully

2023-10-16 14:21:24 - [MESSAGE][PASSED] - Verify element property value successfully

2023-10-16 14:21:24 - [TEST_STEP][PASSED] - verifyElementPropertyValue(getResponse, "offers[7].offerParam", "sportsoffer50"): Verify element property value successfully

2023-10-16 14:21:24 - [MESSAGE][PASSED] - Verify element property value successfully

2023-10-16 14:21:24 - [TEST_STEP][PASSED] - verifyElementPropertyValue(getResponse, "offers[7].groups[0].pricingPlans[0].featured", "true"): Verify element property value successfully

2023-10-16 14:21:24 - [MESSAGE][PASSED] - Verify element property value successfully

2023-10-16 14:21:24 - [TEST_STEP][PASSED] - verifyElementPropertyValue(getResponse, "offers[7].groups[0].pricingPlans[0].period", "monthly"): Verify element property value successfully

2023-10-16 14:21:24 - [MESSAGE][PASSED] - Verify element property value successfully

2023-10-16 14:21:24 - [TEST_STEP][PASSED] - verifyElementPropertyValue(getResponse, "offers[7].groups[0].pricingPlans[0].featured", "true"): Verify element property value successfully

2023-10-16 14:21:24 - [MESSAGE][PASSED] - Verify element property value successfully

2023-10-16 14:21:24 - [TEST_STEP][PASSED] - verifyElementPropertyValue(getResponse, "offers[7].groups[0].pricingPlans[0].price", "34.99"): Verify element property value successfully

2023-10-16 14:21:24 - [MESSAGE][PASSED] - Verify element property value successfully

2023-10-16 14:21:24 - [TEST_STEP][PASSED] - verifyElementPropertyValue(getResponse, "offers[7].groups[0].pricingPlans[0].currency", "AED"): Verify element property value successfully

2023-10-16 14:21:24 - [MESSAGE][PASSED] - Verify element property value successfully

2023-10-16 14:21:24 - [TEST_STEP][PASSED] - verifyElementPropertyValue(getResponse, "offers[7].groups[0].pricingPlans[0].order", "0"): Verify element property value successfully

2023-10-16 14:21:24 - [MESSAGE][PASSED] - Verify element property value successfully

2023-10-16 14:21:24 - [TEST_STEP][PASSED] - verifyElementPropertyValue(getResponse, "offers[7].groups[0].pricingPlans[0].packageId", "SHAHID_VIP_SPORT"): Verify element property value successfully

2023-10-16 14:21:24 - [MESSAGE][PASSED] - Verify element property value successfully

2023-10-16 14:21:24 - [TEST_STEP][PASSED] - verifyElementPropertyValue(getResponse, "offers[7].groups[0].pricingPlans[0].catalogId", "SPORT"): Verify element property value successfully

2023-10-16 14:21:24 - [MESSAGE][PASSED] - Verify element property value successfully

2023-10-16 14:21:24 - [TEST_STEP][PASSED] - verifyElementPropertyValue(getResponse, "offers[7].groups[0].pricingPlans[0].visualElements[0].key", "Header_1_text"): Verify element property value successfully

2023-10-16 14:21:24 - [MESSAGE][PASSED] - Verify element property value successfully

2023-10-16 14:21:24 - [TEST_STEP][PASSED] - verifyElementPropertyValue(getResponse, "offers[7].groups[0].pricingPlans[0].visualElements[0].value", "شاهد أقوى المسلسلات و الأفلام حصرياً دون توقف"): Verify element property value successfully

2023-10-16 14:21:24 - [MESSAGE][PASSED] - Verify element property value successfully

2023-10-16 14:21:24 - [TEST_STEP][PASSED] - verifyElementPropertyValue(getResponse, "offers[7].groups[0].pricingPlans[0].visualElements[1].key", "display_title"): Verify element property value successfully

2023-10-16 14:21:24 - [MESSAGE][PASSED] - Verify element property value successfully

2023-10-16 14:21:24 - [TEST_STEP][PASSED] - verifyElementPropertyValue(getResponse, "offers[7].groups[0].pricingPlans[0].visualElements[1].value", "احصل على خصم 50%"): Verify element property value successfully

2023-10-16 14:21:24 - [MESSAGE][PASSED] - Verify element property value successfully

2023-10-16 14:21:24 - [TEST_STEP][PASSED] - verifyElementPropertyValue(getResponse, "offers[7].groups[0].pricingPlans[0].visualElements[3].key", "deduction_text"): Verify element property value successfully

2023-10-16 14:21:24 - [MESSAGE][PASSED] - Verify element property value successfully

2023-10-16 14:21:24 - [TEST_STEP][PASSED] - verifyElementPropertyValue(getResponse, "offers[7].groups[0].pricingPlans[0].visualElements[3].value", "تدفع شهرياً"): Verify element property value successfully

2023-10-16 14:21:24 - [MESSAGE][PASSED] - Verify element property value successfully

2023-10-16 14:21:24 - [TEST_STEP][PASSED] - verifyElementPropertyValue(getResponse, "offers[7].groups[0].pricingPlans[0].visualElements[6].key", "show_payment_logo"): Verify element property value successfully

2023-10-16 14:21:24 - [MESSAGE][PASSED] - Verify element property value successfully

2023-10-16 14:21:24 - [TEST_STEP][PASSED] - verifyElementPropertyValue(getResponse, "offers[7].groups[0].pricingPlans[0].visualElements[6].value", "true"): Verify element property value successfully

2023-10-16 14:21:24 - [MESSAGE][PASSED] - Verify element property value successfully

2023-10-16 14:21:24 - [TEST_STEP][PASSED] - verifyElementPropertyValue(getResponse, "offers[7].groups[0].pricingPlans[0].visualElements[8].key", "price"): Verify element property value successfully

2023-10-16 14:21:24 - [MESSAGE][PASSED] - Verify element property value successfully

2023-10-16 14:21:24 - [TEST_STEP][PASSED] - verifyElementPropertyValue(getResponse, "offers[7].groups[0].pricingPlans[0].visualElements[8].value", "34.99"): Verify element property value successfully

2023-10-16 14:21:24 - [MESSAGE][PASSED] - Verify element property value successfully

2023-10-16 14:21:24 - [TEST_STEP][PASSED] - verifyElementPropertyValue(getResponse, "offers[7].groups[0].pricingPlans[0].visualElements[9].key", "currency"): Verify element property value successfully

2023-10-16 14:21:24 - [MESSAGE][PASSED] - Verify element property value successfully

2023-10-16 14:21:24 - [TEST_STEP][PASSED] - verifyElementPropertyValue(getResponse, "offers[7].groups[0].pricingPlans[0].visualElements[9].value", "AED"): Verify element property value successfully

2023-10-16 14:21:24 - [MESSAGE][PASSED] - Verify element property value successfully

2023-10-16 14:21:24 - [TEST_STEP][PASSED] - verifyElementPropertyValue(getResponse, "offers[7].groups[0].pricingPlans[0].visualElements[10].key", "duration"): Verify element property value successfully

2023-10-16 14:21:24 - [MESSAGE][PASSED] - Verify element property value successfully

2023-10-16 14:21:24 - [TEST_STEP][PASSED] - verifyElementPropertyValue(getResponse, "offers[7].groups[0].pricingPlans[0].visualElements[10].value", "شهرياً"): Verify element property value successfully

2023-10-16 14:21:24 - [MESSAGE][PASSED] - Verify element property value successfully

2023-10-16 14:21:24 - [TEST_STEP][PASSED] - verifyElementPropertyValue(getResponse, "offers[7].groups[0].pricingPlans[0].visualElements[11].key", "featured_tag_text"): Verify element property value successfully

2023-10-16 14:21:24 - [MESSAGE][PASSED] - Verify element property value successfully

2023-10-16 14:21:24 - [TEST_STEP][PASSED] - verifyElementPropertyValue(getResponse, "offers[7].groups[0].pricingPlans[0].visualElements[11].value", "عرض لمدة محدودة"): Verify element property value successfully

2023-10-16 14:21:24 - [MESSAGE][PASSED] - Verify element property value successfully

2023-10-16 14:21:24 - [TEST_STEP][PASSED] - verifyElementPropertyValue(getResponse, "offers[7].groups[0].pricingPlans[0].visualElements[13].key", "tag_text"): Verify element property value successfully

2023-10-16 14:21:24 - [MESSAGE][PASSED] - Verify element property value successfully

2023-10-16 14:21:24 - [TEST_STEP][PASSED] - verifyElementPropertyValue(getResponse, "offers[7].groups[0].pricingPlans[0].visualElements[13].value", "وفر 50%"): Verify element property value successfully

2023-10-16 14:21:24 - [MESSAGE][PASSED] - Verify element property value successfully

2023-10-16 14:21:24 - [TEST_STEP][PASSED] - verifyElementPropertyValue(getResponse, "offers[7].groups[0].pricingPlans[0].visualElements[12].key", "show_tag"): Verify element property value successfully

2023-10-16 14:21:24 - [MESSAGE][PASSED] - Verify element property value successfully

2023-10-16 14:21:24 - [TEST_STEP][PASSED] - verifyElementPropertyValue(getResponse, "offers[7].groups[0].pricingPlans[0].visualElements[12].value", "true"): Verify element property value successfully

2023-10-16 14:21:24 - [MESSAGE][PASSED] - Verify element property value successfully

2023-10-16 14:21:24 - [TEST_STEP][PASSED] - verifyElementPropertyValue(getResponse, "offers[7].groups[0].pricingPlans[0].pricingPlanData[0].productId", "UAE_B2C_SHAHID_VIP_SPORT_1M"): Verify element property value successfully

2023-10-16 14:21:24 - [MESSAGE][PASSED] - Verify element property value successfully

2023-10-16 14:21:24 - [TEST_STEP][PASSED] - verifyElementPropertyValue(getResponse, "offers[7].groups[0].pricingPlans[0].pricingPlanData[0].paymentMethod", "CREDIT_CARD"): Verify element property value successfully

2023-10-16 14:21:24 - [MESSAGE][PASSED] - Verify element property value successfully

2023-10-16 14:21:24 - [TEST_STEP][PASSED] - verifyElementPropertyValue(getResponse, "offers[7].groups[0].pricingPlans[0].pricingPlanData[0].freeTrialEnabled", "false"): Verify element property value successfully

2023-10-16 14:21:24 - [MESSAGE][PASSED] - Verify element property value successfully

2023-10-16 14:21:24 - [TEST_STEP][PASSED] - verifyElementPropertyValue(getResponse, "offers[7].groups[0].pricingPlans[0].pricingPlanData[0].showIn[0]", "VERTICAL_MODE"): Verify element property value successfully

2023-10-16 14:21:24 - [MESSAGE][PASSED] - Verify element property value successfully

2023-10-16 14:21:24 - [TEST_STEP][PASSED] - verifyElementPropertyValue(getResponse, "offers[7].groups[0].pricingPlans[0].pricingPlanData[0].showIn[1]", "HORIZONTAL_MODE"): Verify element property value successfully

2023-10-16 14:21:24 - [MESSAGE][PASSED] - Verify element property value successfully

2023-10-16 14:21:24 - [TEST_STEP][PASSED] - verifyElementPropertyValue(getResponse, "offers[7].groups[0].pricingPlans[0].pricingPlanData[0].priceLabel", "34.99"): Verify element property value successfully

2023-10-16 14:21:24 - [MESSAGE][PASSED] - Verify element property value successfully

2023-10-16 14:21:24 - [TEST_STEP][PASSED] - verifyElementPropertyValue(getResponse, "offers[7].groups[0].pricingPlans[0].pricingPlanData[0].currencyLabel", "AED"): Verify element property value successfully

2023-10-16 14:21:24 - [MESSAGE][PASSED] - Verify element property value successfully

2023-10-16 14:21:24 - [TEST_STEP][PASSED] - verifyElementPropertyValue(getResponse, "offers[7].groups[0].pricingPlans[0].pricingPlanData[0].dealId", "WB_SPORT_50P_ARE"): Verify element property value successfully

2023-10-16 14:21:24 - [MESSAGE][PASSED] - Verify element property value successfully

2023-10-16 14:21:24 - [TEST_STEP][PASSED] - verifyElementPropertyValue(getResponse, "offers[7].groups[0].pricingPlans[0].pricingPlanData[0].allowedForAcquisition", "true"): Verify element property value successfully

2023-10-16 14:21:24 - [MESSAGE][PASSED] - Verify element property value successfully

2023-10-16 14:21:24 - [TEST_STEP][PASSED] - verifyElementPropertyValue(getResponse, "offers[7].groups[0].pricingPlans[0].pricingPlanData[0].visualElements[0].key", "title"): Verify element property value successfully

2023-10-16 14:21:24 - [MESSAGE][PASSED] - Verify element property value successfully

2023-10-16 14:21:24 - [TEST_STEP][PASSED] - verifyElementPropertyValue(getResponse, "offers[7].groups[0].pricingPlans[0].pricingPlanData[0].visualElements[0].value", "البطاقة المصرفية"): Verify element property value successfully

2023-10-16 14:21:24 - [MESSAGE][PASSED] - Verify element property value successfully

2023-10-16 14:21:24 - [TEST_STEP][PASSED] - verifyElementPropertyValue(getResponse, "offers[7].groups[0].pricingPlans[0].pricingPlanData[0].visualElements[1].key", "CTA_text"): Verify element property value successfully

2023-10-16 14:21:24 - [MESSAGE][PASSED] - Verify element property value successfully

2023-10-16 14:21:24 - [TEST_STEP][PASSED] - verifyElementPropertyValue(getResponse, "offers[7].groups[0].pricingPlans[0].pricingPlanData[0].visualElements[1].value", "اشترك"): Verify element property value successfully

2023-10-16 14:21:24 - [MESSAGE][PASSED] - Verify element property value successfully

2023-10-16 14:21:24 - [TEST_STEP][PASSED] - verifyElementPropertyValue(getResponse, "offers[7].groups[0].pricingPlans[0].pricingPlanData[0].visualElements[2].key", "logo"): Verify element property value successfully

2023-10-16 14:21:24 - [MESSAGE][PASSED] - Verify element property value successfully

2023-10-16 14:21:24 - [TEST_STEP][PASSED] - verifyElementPropertyValue(getResponse, "offers[7].groups[0].pricingPlans[0].pricingPlanData[0].visualElements[2].value", "https://static.s3.shahid.mbc.net/widget-images/icons/iconCreditCard.png"): Verify element property value successfully

2023-10-16 14:21:24 - [MESSAGE][PASSED] - Verify element property value successfully

2023-10-16 14:21:24 - [TEST_STEP][PASSED] - verifyElementPropertyValue(getResponse, "offers[11].offerId", "byg-sport-30-offer"): Verify element property value successfully

2023-10-16 14:21:24 - [MESSAGE][PASSED] - Verify element property value successfully

2023-10-16 14:21:24 - [TEST_STEP][PASSED] - verifyElementPropertyValue(getResponse, "offers[11].offerParam", "bygsportsoffer30"): Verify element property value successfully

2023-10-16 14:21:24 - [MESSAGE][PASSED] - Verify element property value successfully

2023-10-16 14:21:24 - [TEST_STEP][PASSED] - verifyElementPropertyValue(getResponse, "offers[11].groups[0].pricingPlans[0].featured", "true"): Verify element property value successfully

2023-10-16 14:21:24 - [MESSAGE][PASSED] - Verify element property value successfully

2023-10-16 14:21:24 - [TEST_STEP][PASSED] - verifyElementPropertyValue(getResponse, "offers[11].groups[0].pricingPlans[0].period", "monthly"): Verify element property value successfully

2023-10-16 14:21:24 - [MESSAGE][PASSED] - Verify element property value successfully

2023-10-16 14:21:24 - [TEST_STEP][PASSED] - verifyElementPropertyValue(getResponse, "offers[11].groups[0].pricingPlans[0].featured", "true"): Verify element property value successfully

2023-10-16 14:21:24 - [MESSAGE][PASSED] - Verify element property value successfully

2023-10-16 14:21:24 - [TEST_STEP][PASSED] - verifyElementPropertyValue(getResponse, "offers[11].groups[0].pricingPlans[0].price", "48.99"): Verify element property value successfully

2023-10-16 14:21:24 - [MESSAGE][PASSED] - Verify element property value successfully

2023-10-16 14:21:24 - [TEST_STEP][PASSED] - verifyElementPropertyValue(getResponse, "offers[11].groups[0].pricingPlans[0].currency", "AED"): Verify element property value successfully

2023-10-16 14:21:24 - [MESSAGE][PASSED] - Verify element property value successfully

2023-10-16 14:21:24 - [TEST_STEP][PASSED] - verifyElementPropertyValue(getResponse, "offers[11].groups[0].pricingPlans[0].order", "0"): Verify element property value successfully

2023-10-16 14:21:24 - [MESSAGE][PASSED] - Verify element property value successfully

2023-10-16 14:21:24 - [TEST_STEP][PASSED] - verifyElementPropertyValue(getResponse, "offers[11].groups[0].pricingPlans[0].packageId", "SHAHID_VIP_SPORT"): Verify element property value successfully

2023-10-16 14:21:24 - [MESSAGE][PASSED] - Verify element property value successfully

2023-10-16 14:21:24 - [TEST_STEP][PASSED] - verifyElementPropertyValue(getResponse, "offers[11].groups[0].pricingPlans[0].catalogId", "SPORT"): Verify element property value successfully

2023-10-16 14:21:24 - [MESSAGE][PASSED] - Verify element property value successfully

2023-10-16 14:21:24 - [TEST_STEP][PASSED] - verifyElementPropertyValue(getResponse, "offers[11].groups[0].pricingPlans[0].visualElements[0].key", "Header_1_text"): Verify element property value successfully

2023-10-16 14:21:24 - [MESSAGE][PASSED] - Verify element property value successfully

2023-10-16 14:21:24 - [TEST_STEP][PASSED] - verifyElementPropertyValue(getResponse, "offers[11].groups[0].pricingPlans[0].visualElements[0].value", "شاهد أقوى المسلسلات و الأفلام حصرياً دون توقف"): Verify element property value successfully

2023-10-16 14:21:24 - [MESSAGE][PASSED] - Verify element property value successfully

2023-10-16 14:21:24 - [TEST_STEP][PASSED] - verifyElementPropertyValue(getResponse, "offers[11].groups[0].pricingPlans[0].visualElements[1].key", "display_title"): Verify element property value successfully

2023-10-16 14:21:24 - [MESSAGE][PASSED] - Verify element property value successfully

2023-10-16 14:21:24 - [TEST_STEP][PASSED] - verifyElementPropertyValue(getResponse, "offers[11].groups[0].pricingPlans[0].visualElements[1].value", "احصل على خصم 30%"): Verify element property value successfully

2023-10-16 14:21:24 - [MESSAGE][PASSED] - Verify element property value successfully

2023-10-16 14:21:24 - [TEST_STEP][PASSED] - verifyElementPropertyValue(getResponse, "offers[11].groups[0].pricingPlans[0].visualElements[3].key", "deduction_text"): Verify element property value successfully

2023-10-16 14:21:24 - [MESSAGE][PASSED] - Verify element property value successfully

2023-10-16 14:21:24 - [TEST_STEP][PASSED] - verifyElementPropertyValue(getResponse, "offers[11].groups[0].pricingPlans[0].visualElements[3].value", "تدفع شهرياً"): Verify element property value successfully

2023-10-16 14:21:24 - [MESSAGE][PASSED] - Verify element property value successfully

2023-10-16 14:21:24 - [TEST_STEP][PASSED] - verifyElementPropertyValue(getResponse, "offers[11].groups[0].pricingPlans[0].visualElements[6].key", "show_payment_logo"): Verify element property value successfully

2023-10-16 14:21:24 - [MESSAGE][PASSED] - Verify element property value successfully

2023-10-16 14:21:24 - [TEST_STEP][PASSED] - verifyElementPropertyValue(getResponse, "offers[11].groups[0].pricingPlans[0].visualElements[6].value", "true"): Verify element property value successfully

2023-10-16 14:21:24 - [MESSAGE][PASSED] - Verify element property value successfully

2023-10-16 14:21:24 - [TEST_STEP][PASSED] - verifyElementPropertyValue(getResponse, "offers[11].groups[0].pricingPlans[0].visualElements[8].key", "price"): Verify element property value successfully

2023-10-16 14:21:24 - [MESSAGE][PASSED] - Verify element property value successfully

2023-10-16 14:21:24 - [TEST_STEP][PASSED] - verifyElementPropertyValue(getResponse, "offers[11].groups[0].pricingPlans[0].visualElements[8].value", "48.99"): Verify element property value successfully

2023-10-16 14:21:24 - [MESSAGE][PASSED] - Verify element property value successfully

2023-10-16 14:21:24 - [TEST_STEP][PASSED] - verifyElementPropertyValue(getResponse, "offers[11].groups[0].pricingPlans[0].visualElements[9].key", "currency"): Verify element property value successfully

2023-10-16 14:21:24 - [MESSAGE][PASSED] - Verify element property value successfully

2023-10-16 14:21:24 - [TEST_STEP][PASSED] - verifyElementPropertyValue(getResponse, "offers[11].groups[0].pricingPlans[0].visualElements[9].value", "AED"): Verify element property value successfully

2023-10-16 14:21:24 - [MESSAGE][PASSED] - Verify element property value successfully

2023-10-16 14:21:24 - [TEST_STEP][PASSED] - verifyElementPropertyValue(getResponse, "offers[11].groups[0].pricingPlans[0].visualElements[10].key", "duration"): Verify element property value successfully

2023-10-16 14:21:24 - [MESSAGE][PASSED] - Verify element property value successfully

2023-10-16 14:21:24 - [TEST_STEP][PASSED] - verifyElementPropertyValue(getResponse, "offers[11].groups[0].pricingPlans[0].visualElements[10].value", "شهرياً"): Verify element property value successfully

2023-10-16 14:21:24 - [MESSAGE][PASSED] - Verify element property value successfully

2023-10-16 14:21:24 - [TEST_STEP][PASSED] - verifyElementPropertyValue(getResponse, "offers[11].groups[0].pricingPlans[0].visualElements[11].key", "featured_tag_text"): Verify element property value successfully

2023-10-16 14:21:24 - [MESSAGE][PASSED] - Verify element property value successfully

2023-10-16 14:21:24 - [TEST_STEP][PASSED] - verifyElementPropertyValue(getResponse, "offers[11].groups[0].pricingPlans[0].visualElements[11].value", "عرض لمدة محدودة"): Verify element property value successfully

2023-10-16 14:21:24 - [MESSAGE][PASSED] - Verify element property value successfully

2023-10-16 14:21:24 - [TEST_STEP][PASSED] - verifyElementPropertyValue(getResponse, "offers[11].groups[0].pricingPlans[0].visualElements[13].key", "tag_text"): Verify element property value successfully

2023-10-16 14:21:24 - [MESSAGE][PASSED] - Verify element property value successfully

2023-10-16 14:21:24 - [TEST_STEP][PASSED] - verifyElementPropertyValue(getResponse, "offers[11].groups[0].pricingPlans[0].visualElements[13].value", "وفر 30%"): Verify element property value successfully

2023-10-16 14:21:24 - [MESSAGE][PASSED] - Verify element property value successfully

2023-10-16 14:21:24 - [TEST_STEP][PASSED] - verifyElementPropertyValue(getResponse, "offers[11].groups[0].pricingPlans[0].visualElements[12].key", "show_tag"): Verify element property value successfully

2023-10-16 14:21:24 - [MESSAGE][PASSED] - Verify element property value successfully

2023-10-16 14:21:24 - [TEST_STEP][PASSED] - verifyElementPropertyValue(getResponse, "offers[11].groups[0].pricingPlans[0].visualElements[12].value", "true"): Verify element property value successfully

2023-10-16 14:21:24 - [MESSAGE][PASSED] - Verify element property value successfully

2023-10-16 14:21:24 - [TEST_STEP][PASSED] - verifyElementPropertyValue(getResponse, "offers[11].groups[0].pricingPlans[0].pricingPlanData[0].productId", "UAE_B2C_SHAHID_VIP_SPORT_1M"): Verify element property value successfully

2023-10-16 14:21:24 - [MESSAGE][PASSED] - Verify element property value successfully

2023-10-16 14:21:24 - [TEST_STEP][PASSED] - verifyElementPropertyValue(getResponse, "offers[11].groups[0].pricingPlans[0].pricingPlanData[0].paymentMethod", "CREDIT_CARD"): Verify element property value successfully

2023-10-16 14:21:24 - [MESSAGE][PASSED] - Verify element property value successfully

2023-10-16 14:21:24 - [TEST_STEP][PASSED] - verifyElementPropertyValue(getResponse, "offers[11].groups[0].pricingPlans[0].pricingPlanData[0].freeTrialEnabled", "false"): Verify element property value successfully

2023-10-16 14:21:24 - [MESSAGE][PASSED] - Verify element property value successfully

2023-10-16 14:21:24 - [TEST_STEP][PASSED] - verifyElementPropertyValue(getResponse, "offers[11].groups[0].pricingPlans[0].pricingPlanData[0].showIn[0]", "VERTICAL_MODE"): Verify element property value successfully

2023-10-16 14:21:24 - [MESSAGE][PASSED] - Verify element property value successfully

2023-10-16 14:21:24 - [TEST_STEP][PASSED] - verifyElementPropertyValue(getResponse, "offers[11].groups[0].pricingPlans[0].pricingPlanData[0].showIn[1]", "HORIZONTAL_MODE"): Verify element property value successfully

2023-10-16 14:21:24 - [MESSAGE][PASSED] - Verify element property value successfully

2023-10-16 14:21:24 - [TEST_STEP][PASSED] - verifyElementPropertyValue(getResponse, "offers[11].groups[0].pricingPlans[0].pricingPlanData[0].priceLabel", "48.99"): Verify element property value successfully

2023-10-16 14:21:24 - [MESSAGE][PASSED] - Verify element property value successfully

2023-10-16 14:21:24 - [TEST_STEP][PASSED] - verifyElementPropertyValue(getResponse, "offers[11].groups[0].pricingPlans[0].pricingPlanData[0].currencyLabel", "AED"): Verify element property value successfully

2023-10-16 14:21:24 - [MESSAGE][PASSED] - Verify element property value successfully

2023-10-16 14:21:24 - [TEST_STEP][PASSED] - verifyElementPropertyValue(getResponse, "offers[11].groups[0].pricingPlans[0].pricingPlanData[0].dealId", "BYG_SPORT_30P_ARE"): Verify element property value successfully

2023-10-16 14:21:24 - [MESSAGE][PASSED] - Verify element property value successfully

2023-10-16 14:21:24 - [TEST_STEP][PASSED] - verifyElementPropertyValue(getResponse, "offers[11].groups[0].pricingPlans[0].pricingPlanData[0].allowedForAcquisition", "true"): Verify element property value successfully

2023-10-16 14:21:24 - [MESSAGE][PASSED] - Verify element property value successfully

2023-10-16 14:21:24 - [TEST_STEP][PASSED] - verifyElementPropertyValue(getResponse, "offers[11].groups[0].pricingPlans[0].pricingPlanData[0].visualElements[0].key", "title"): Verify element property value successfully

2023-10-16 14:21:24 - [MESSAGE][PASSED] - Verify element property value successfully

2023-10-16 14:21:24 - [TEST_STEP][PASSED] - verifyElementPropertyValue(getResponse, "offers[11].groups[0].pricingPlans[0].pricingPlanData[0].visualElements[0].value", "البطاقة المصرفية"): Verify element property value successfully

2023-10-16 14:21:24 - [MESSAGE][PASSED] - Verify element property value successfully

2023-10-16 14:21:24 - [TEST_STEP][PASSED] - verifyElementPropertyValue(getResponse, "offers[11].groups[0].pricingPlans[0].pricingPlanData[0].visualElements[1].key", "CTA_text"): Verify element property value successfully

2023-10-16 14:21:25 - [MESSAGE][PASSED] - Verify element property value successfully

2023-10-16 14:21:25 - [TEST_STEP][PASSED] - verifyElementPropertyValue(getResponse, "offers[11].groups[0].pricingPlans[0].pricingPlanData[0].visualElements[1].value", "اشترك"): Verify element property value successfully

2023-10-16 14:21:25 - [MESSAGE][PASSED] - Verify element property value successfully

2023-10-16 14:21:25 - [TEST_STEP][PASSED] - verifyElementPropertyValue(getResponse, "offers[11].groups[0].pricingPlans[0].pricingPlanData[0].visualElements[2].key", "logo"): Verify element property value successfully

2023-10-16 14:21:25 - [MESSAGE][PASSED] - Verify element property value successfully

2023-10-16 14:21:25 - [TEST_STEP][PASSED] - verifyElementPropertyValue(getResponse, "offers[11].groups[0].pricingPlans[0].pricingPlanData[0].visualElements[2].value", "https://static.s3.shahid.mbc.net/widget-images/icons/iconCreditCard.png"): Verify element property value successfully

2023-10-16 14:21:25 - [MESSAGE][PASSED] - Verify element property value successfully

2023-10-16 14:21:25 - [TEST_STEP][PASSED] - verifyElementPropertyValue(getResponse, "offers[12].offerId", "byg-sport-40-offer"): Verify element property value successfully

2023-10-16 14:21:25 - [MESSAGE][PASSED] - Verify element property value successfully

2023-10-16 14:21:25 - [TEST_STEP][PASSED] - verifyElementPropertyValue(getResponse, "offers[12].offerParam", "bygsportsoffer40"): Verify element property value successfully

2023-10-16 14:21:25 - [MESSAGE][PASSED] - Verify element property value successfully

2023-10-16 14:21:25 - [TEST_STEP][PASSED] - verifyElementPropertyValue(getResponse, "offers[12].groups[0].pricingPlans[0].featured", "true"): Verify element property value successfully

2023-10-16 14:21:25 - [MESSAGE][PASSED] - Verify element property value successfully

2023-10-16 14:21:25 - [TEST_STEP][PASSED] - verifyElementPropertyValue(getResponse, "offers[12].groups[0].pricingPlans[0].period", "monthly"): Verify element property value successfully

2023-10-16 14:21:25 - [MESSAGE][PASSED] - Verify element property value successfully

2023-10-16 14:21:25 - [TEST_STEP][PASSED] - verifyElementPropertyValue(getResponse, "offers[12].groups[0].pricingPlans[0].featured", "true"): Verify element property value successfully

2023-10-16 14:21:25 - [MESSAGE][PASSED] - Verify element property value successfully

2023-10-16 14:21:25 - [TEST_STEP][PASSED] - verifyElementPropertyValue(getResponse, "offers[12].groups[0].pricingPlans[0].price", "41.99"): Verify element property value successfully

2023-10-16 14:21:25 - [MESSAGE][PASSED] - Verify element property value successfully

2023-10-16 14:21:25 - [TEST_STEP][PASSED] - verifyElementPropertyValue(getResponse, "offers[12].groups[0].pricingPlans[0].currency", "AED"): Verify element property value successfully

2023-10-16 14:21:25 - [MESSAGE][PASSED] - Verify element property value successfully

2023-10-16 14:21:25 - [TEST_STEP][PASSED] - verifyElementPropertyValue(getResponse, "offers[12].groups[0].pricingPlans[0].order", "0"): Verify element property value successfully

2023-10-16 14:21:25 - [MESSAGE][PASSED] - Verify element property value successfully

2023-10-16 14:21:25 - [TEST_STEP][PASSED] - verifyElementPropertyValue(getResponse, "offers[12].groups[0].pricingPlans[0].packageId", "SHAHID_VIP_SPORT"): Verify element property value successfully

2023-10-16 14:21:25 - [MESSAGE][PASSED] - Verify element property value successfully

2023-10-16 14:21:25 - [TEST_STEP][PASSED] - verifyElementPropertyValue(getResponse, "offers[12].groups[0].pricingPlans[0].catalogId", "SPORT"): Verify element property value successfully

2023-10-16 14:21:25 - [MESSAGE][PASSED] - Verify element property value successfully

2023-10-16 14:21:25 - [TEST_STEP][PASSED] - verifyElementPropertyValue(getResponse, "offers[12].groups[0].pricingPlans[0].visualElements[0].key", "Header_1_text"): Verify element property value successfully

2023-10-16 14:21:25 - [MESSAGE][PASSED] - Verify element property value successfully

2023-10-16 14:21:25 - [TEST_STEP][PASSED] - verifyElementPropertyValue(getResponse, "offers[12].groups[0].pricingPlans[0].visualElements[0].value", "شاهد أقوى المسلسلات و الأفلام حصرياً دون توقف"): Verify element property value successfully

2023-10-16 14:21:25 - [MESSAGE][PASSED] - Verify element property value successfully

2023-10-16 14:21:25 - [TEST_STEP][PASSED] - verifyElementPropertyValue(getResponse, "offers[12].groups[0].pricingPlans[0].visualElements[1].key", "display_title"): Verify element property value successfully

2023-10-16 14:21:25 - [MESSAGE][PASSED] - Verify element property value successfully

2023-10-16 14:21:25 - [TEST_STEP][PASSED] - verifyElementPropertyValue(getResponse, "offers[12].groups[0].pricingPlans[0].visualElements[1].value", "احصل على خصم 40%"): Verify element property value successfully

2023-10-16 14:21:25 - [MESSAGE][PASSED] - Verify element property value successfully

2023-10-16 14:21:25 - [TEST_STEP][PASSED] - verifyElementPropertyValue(getResponse, "offers[12].groups[0].pricingPlans[0].visualElements[3].key", "deduction_text"): Verify element property value successfully

2023-10-16 14:21:25 - [MESSAGE][PASSED] - Verify element property value successfully

2023-10-16 14:21:25 - [TEST_STEP][PASSED] - verifyElementPropertyValue(getResponse, "offers[12].groups[0].pricingPlans[0].visualElements[3].value", "تدفع شهرياً"): Verify element property value successfully

2023-10-16 14:21:25 - [MESSAGE][PASSED] - Verify element property value successfully

2023-10-16 14:21:25 - [TEST_STEP][PASSED] - verifyElementPropertyValue(getResponse, "offers[12].groups[0].pricingPlans[0].visualElements[6].key", "show_payment_logo"): Verify element property value successfully

2023-10-16 14:21:25 - [MESSAGE][PASSED] - Verify element property value successfully

2023-10-16 14:21:25 - [TEST_STEP][PASSED] - verifyElementPropertyValue(getResponse, "offers[12].groups[0].pricingPlans[0].visualElements[6].value", "true"): Verify element property value successfully

2023-10-16 14:21:25 - [MESSAGE][PASSED] - Verify element property value successfully

2023-10-16 14:21:25 - [TEST_STEP][PASSED] - verifyElementPropertyValue(getResponse, "offers[12].groups[0].pricingPlans[0].visualElements[8].key", "price"): Verify element property value successfully

2023-10-16 14:21:25 - [MESSAGE][PASSED] - Verify element property value successfully

2023-10-16 14:21:25 - [TEST_STEP][PASSED] - verifyElementPropertyValue(getResponse, "offers[12].groups[0].pricingPlans[0].visualElements[8].value", "41.99"): Verify element property value successfully

2023-10-16 14:21:25 - [MESSAGE][PASSED] - Verify element property value successfully

2023-10-16 14:21:25 - [TEST_STEP][PASSED] - verifyElementPropertyValue(getResponse, "offers[12].groups[0].pricingPlans[0].visualElements[9].key", "currency"): Verify element property value successfully

2023-10-16 14:21:25 - [MESSAGE][PASSED] - Verify element property value successfully

2023-10-16 14:21:25 - [TEST_STEP][PASSED] - verifyElementPropertyValue(getResponse, "offers[12].groups[0].pricingPlans[0].visualElements[9].value", "AED"): Verify element property value successfully

2023-10-16 14:21:25 - [MESSAGE][PASSED] - Verify element property value successfully

2023-10-16 14:21:25 - [TEST_STEP][PASSED] - verifyElementPropertyValue(getResponse, "offers[12].groups[0].pricingPlans[0].visualElements[10].key", "duration"): Verify element property value successfully

2023-10-16 14:21:25 - [MESSAGE][PASSED] - Verify element property value successfully

2023-10-16 14:21:25 - [TEST_STEP][PASSED] - verifyElementPropertyValue(getResponse, "offers[12].groups[0].pricingPlans[0].visualElements[10].value", "شهرياً"): Verify element property value successfully

2023-10-16 14:21:25 - [MESSAGE][PASSED] - Verify element property value successfully

2023-10-16 14:21:25 - [TEST_STEP][PASSED] - verifyElementPropertyValue(getResponse, "offers[12].groups[0].pricingPlans[0].visualElements[11].key", "featured_tag_text"): Verify element property value successfully

2023-10-16 14:21:25 - [MESSAGE][PASSED] - Verify element property value successfully

2023-10-16 14:21:25 - [TEST_STEP][PASSED] - verifyElementPropertyValue(getResponse, "offers[12].groups[0].pricingPlans[0].visualElements[11].value", "عرض لمدة محدودة"): Verify element property value successfully

2023-10-16 14:21:25 - [MESSAGE][PASSED] - Verify element property value successfully

2023-10-16 14:21:25 - [TEST_STEP][PASSED] - verifyElementPropertyValue(getResponse, "offers[12].groups[0].pricingPlans[0].visualElements[13].key", "tag_text"): Verify element property value successfully

2023-10-16 14:21:25 - [MESSAGE][PASSED] - Verify element property value successfully

2023-10-16 14:21:25 - [TEST_STEP][PASSED] - verifyElementPropertyValue(getResponse, "offers[12].groups[0].pricingPlans[0].visualElements[13].value", "وفر 40%"): Verify element property value successfully

2023-10-16 14:21:25 - [MESSAGE][PASSED] - Verify element property value successfully

2023-10-16 14:21:25 - [TEST_STEP][PASSED] - verifyElementPropertyValue(getResponse, "offers[12].groups[0].pricingPlans[0].visualElements[12].key", "show_tag"): Verify element property value successfully

2023-10-16 14:21:25 - [MESSAGE][PASSED] - Verify element property value successfully

2023-10-16 14:21:25 - [TEST_STEP][PASSED] - verifyElementPropertyValue(getResponse, "offers[12].groups[0].pricingPlans[0].visualElements[12].value", "true"): Verify element property value successfully

2023-10-16 14:21:25 - [MESSAGE][PASSED] - Verify element property value successfully

2023-10-16 14:21:25 - [TEST_STEP][PASSED] - verifyElementPropertyValue(getResponse, "offers[12].groups[0].pricingPlans[0].pricingPlanData[0].productId", "UAE_B2C_SHAHID_VIP_SPORT_1M"): Verify element property value successfully

2023-10-16 14:21:25 - [MESSAGE][PASSED] - Verify element property value successfully

2023-10-16 14:21:25 - [TEST_STEP][PASSED] - verifyElementPropertyValue(getResponse, "offers[12].groups[0].pricingPlans[0].pricingPlanData[0].paymentMethod", "CREDIT_CARD"): Verify element property value successfully

2023-10-16 14:21:25 - [MESSAGE][PASSED] - Verify element property value successfully

2023-10-16 14:21:25 - [TEST_STEP][PASSED] - verifyElementPropertyValue(getResponse, "offers[12].groups[0].pricingPlans[0].pricingPlanData[0].freeTrialEnabled", "false"): Verify element property value successfully

2023-10-16 14:21:25 - [MESSAGE][PASSED] - Verify element property value successfully

2023-10-16 14:21:25 - [TEST_STEP][PASSED] - verifyElementPropertyValue(getResponse, "offers[12].groups[0].pricingPlans[0].pricingPlanData[0].showIn[0]", "VERTICAL_MODE"): Verify element property value successfully

2023-10-16 14:21:25 - [MESSAGE][PASSED] - Verify element property value successfully

2023-10-16 14:21:25 - [TEST_STEP][PASSED] - verifyElementPropertyValue(getResponse, "offers[12].groups[0].pricingPlans[0].pricingPlanData[0].showIn[1]", "HORIZONTAL_MODE"): Verify element property value successfully

2023-10-16 14:21:25 - [MESSAGE][PASSED] - Verify element property value successfully

2023-10-16 14:21:25 - [TEST_STEP][PASSED] - verifyElementPropertyValue(getResponse, "offers[12].groups[0].pricingPlans[0].pricingPlanData[0].priceLabel", "41.99"): Verify element property value successfully

2023-10-16 14:21:25 - [MESSAGE][PASSED] - Verify element property value successfully

2023-10-16 14:21:25 - [TEST_STEP][PASSED] - verifyElementPropertyValue(getResponse, "offers[12].groups[0].pricingPlans[0].pricingPlanData[0].currencyLabel", "AED"): Verify element property value successfully

2023-10-16 14:21:25 - [MESSAGE][PASSED] - Verify element property value successfully

2023-10-16 14:21:25 - [TEST_STEP][PASSED] - verifyElementPropertyValue(getResponse, "offers[12].groups[0].pricingPlans[0].pricingPlanData[0].dealId", "BYG_SPORT_40P_ARE"): Verify element property value successfully

2023-10-16 14:21:25 - [MESSAGE][PASSED] - Verify element property value successfully

2023-10-16 14:21:25 - [TEST_STEP][PASSED] - verifyElementPropertyValue(getResponse, "offers[12].groups[0].pricingPlans[0].pricingPlanData[0].allowedForAcquisition", "true"): Verify element property value successfully

2023-10-16 14:21:25 - [MESSAGE][PASSED] - Verify element property value successfully

2023-10-16 14:21:25 - [TEST_STEP][PASSED] - verifyElementPropertyValue(getResponse, "offers[12].groups[0].pricingPlans[0].pricingPlanData[0].visualElements[0].key", "title"): Verify element property value successfully

2023-10-16 14:21:25 - [MESSAGE][PASSED] - Verify element property value successfully

2023-10-16 14:21:25 - [TEST_STEP][PASSED] - verifyElementPropertyValue(getResponse, "offers[12].groups[0].pricingPlans[0].pricingPlanData[0].visualElements[0].value", "البطاقة المصرفية"): Verify element property value successfully

2023-10-16 14:21:25 - [MESSAGE][PASSED] - Verify element property value successfully

2023-10-16 14:21:25 - [TEST_STEP][PASSED] - verifyElementPropertyValue(getResponse, "offers[12].groups[0].pricingPlans[0].pricingPlanData[0].visualElements[1].key", "CTA_text"): Verify element property value successfully

2023-10-16 14:21:25 - [MESSAGE][PASSED] - Verify element property value successfully

2023-10-16 14:21:25 - [TEST_STEP][PASSED] - verifyElementPropertyValue(getResponse, "offers[12].groups[0].pricingPlans[0].pricingPlanData[0].visualElements[1].value", "اشترك"): Verify element property value successfully

2023-10-16 14:21:25 - [MESSAGE][PASSED] - Verify element property value successfully

2023-10-16 14:21:25 - [TEST_STEP][PASSED] - verifyElementPropertyValue(getResponse, "offers[12].groups[0].pricingPlans[0].pricingPlanData[0].visualElements[2].key", "logo"): Verify element property value successfully

2023-10-16 14:21:25 - [MESSAGE][PASSED] - Verify element property value successfully

2023-10-16 14:21:25 - [TEST_STEP][PASSED] - verifyElementPropertyValue(getResponse, "offers[12].groups[0].pricingPlans[0].pricingPlanData[0].visualElements[2].value", "https://static.s3.shahid.mbc.net/widget-images/icons/iconCreditCard.png"): Verify element property value successfully

2023-10-16 14:21:25 - [MESSAGE][PASSED] - Verify element property value successfully

2023-10-16 14:21:25 - [TEST_STEP][PASSED] - verifyElementPropertyValue(getResponse, "offers[13].offerId", "byg-sport-50-offer"): Verify element property value successfully

2023-10-16 14:21:25 - [MESSAGE][PASSED] - Verify element property value successfully

2023-10-16 14:21:25 - [TEST_STEP][PASSED] - verifyElementPropertyValue(getResponse, "offers[13].offerParam", "bygsportsoffer50"): Verify element property value successfully

2023-10-16 14:21:25 - [MESSAGE][PASSED] - Verify element property value successfully

2023-10-16 14:21:25 - [TEST_STEP][PASSED] - verifyElementPropertyValue(getResponse, "offers[13].groups[0].pricingPlans[0].featured", "true"): Verify element property value successfully

2023-10-16 14:21:25 - [MESSAGE][PASSED] - Verify element property value successfully

2023-10-16 14:21:25 - [TEST_STEP][PASSED] - verifyElementPropertyValue(getResponse, "offers[13].groups[0].pricingPlans[0].period", "monthly"): Verify element property value successfully

2023-10-16 14:21:25 - [MESSAGE][PASSED] - Verify element property value successfully

2023-10-16 14:21:25 - [TEST_STEP][PASSED] - verifyElementPropertyValue(getResponse, "offers[13].groups[0].pricingPlans[0].featured", "true"): Verify element property value successfully

2023-10-16 14:21:25 - [MESSAGE][PASSED] - Verify element property value successfully

2023-10-16 14:21:25 - [TEST_STEP][PASSED] - verifyElementPropertyValue(getResponse, "offers[13].groups[0].pricingPlans[0].price", "34.99"): Verify element property value successfully

2023-10-16 14:21:25 - [MESSAGE][PASSED] - Verify element property value successfully

2023-10-16 14:21:25 - [TEST_STEP][PASSED] - verifyElementPropertyValue(getResponse, "offers[13].groups[0].pricingPlans[0].currency", "AED"): Verify element property value successfully

2023-10-16 14:21:25 - [MESSAGE][PASSED] - Verify element property value successfully

2023-10-16 14:21:25 - [TEST_STEP][PASSED] - verifyElementPropertyValue(getResponse, "offers[13].groups[0].pricingPlans[0].order", "0"): Verify element property value successfully

2023-10-16 14:21:25 - [MESSAGE][PASSED] - Verify element property value successfully

2023-10-16 14:21:25 - [TEST_STEP][PASSED] - verifyElementPropertyValue(getResponse, "offers[13].groups[0].pricingPlans[0].packageId", "SHAHID_VIP_SPORT"): Verify element property value successfully

2023-10-16 14:21:25 - [MESSAGE][PASSED] - Verify element property value successfully

2023-10-16 14:21:25 - [TEST_STEP][PASSED] - verifyElementPropertyValue(getResponse, "offers[13].groups[0].pricingPlans[0].catalogId", "SPORT"): Verify element property value successfully

2023-10-16 14:21:25 - [MESSAGE][PASSED] - Verify element property value successfully

2023-10-16 14:21:25 - [TEST_STEP][PASSED] - verifyElementPropertyValue(getResponse, "offers[13].groups[0].pricingPlans[0].visualElements[0].key", "Header_1_text"): Verify element property value successfully

2023-10-16 14:21:25 - [MESSAGE][PASSED] - Verify element property value successfully

2023-10-16 14:21:25 - [TEST_STEP][PASSED] - verifyElementPropertyValue(getResponse, "offers[13].groups[0].pricingPlans[0].visualElements[0].value", "شاهد أقوى المسلسلات و الأفلام حصرياً دون توقف"): Verify element property value successfully

2023-10-16 14:21:25 - [MESSAGE][PASSED] - Verify element property value successfully

2023-10-16 14:21:25 - [TEST_STEP][PASSED] - verifyElementPropertyValue(getResponse, "offers[13].groups[0].pricingPlans[0].visualElements[1].key", "display_title"): Verify element property value successfully

2023-10-16 14:21:25 - [MESSAGE][PASSED] - Verify element property value successfully

2023-10-16 14:21:25 - [TEST_STEP][PASSED] - verifyElementPropertyValue(getResponse, "offers[13].groups[0].pricingPlans[0].visualElements[1].value", "احصل على خصم 50%"): Verify element property value successfully

2023-10-16 14:21:25 - [MESSAGE][PASSED] - Verify element property value successfully

2023-10-16 14:21:25 - [TEST_STEP][PASSED] - verifyElementPropertyValue(getResponse, "offers[13].groups[0].pricingPlans[0].visualElements[3].key", "deduction_text"): Verify element property value successfully

2023-10-16 14:21:25 - [MESSAGE][PASSED] - Verify element property value successfully

2023-10-16 14:21:25 - [TEST_STEP][PASSED] - verifyElementPropertyValue(getResponse, "offers[13].groups[0].pricingPlans[0].visualElements[3].value", "تدفع شهرياً"): Verify element property value successfully

2023-10-16 14:21:25 - [MESSAGE][PASSED] - Verify element property value successfully

2023-10-16 14:21:25 - [TEST_STEP][PASSED] - verifyElementPropertyValue(getResponse, "offers[13].groups[0].pricingPlans[0].visualElements[6].key", "show_payment_logo"): Verify element property value successfully

2023-10-16 14:21:25 - [MESSAGE][PASSED] - Verify element property value successfully

2023-10-16 14:21:25 - [TEST_STEP][PASSED] - verifyElementPropertyValue(getResponse, "offers[13].groups[0].pricingPlans[0].visualElements[6].value", "true"): Verify element property value successfully

2023-10-16 14:21:25 - [MESSAGE][PASSED] - Verify element property value successfully

2023-10-16 14:21:25 - [TEST_STEP][PASSED] - verifyElementPropertyValue(getResponse, "offers[13].groups[0].pricingPlans[0].visualElements[8].key", "price"): Verify element property value successfully

2023-10-16 14:21:25 - [MESSAGE][PASSED] - Verify element property value successfully

2023-10-16 14:21:25 - [TEST_STEP][PASSED] - verifyElementPropertyValue(getResponse, "offers[13].groups[0].pricingPlans[0].visualElements[8].value", "34.99"): Verify element property value successfully

2023-10-16 14:21:25 - [MESSAGE][PASSED] - Verify element property value successfully

2023-10-16 14:21:25 - [TEST_STEP][PASSED] - verifyElementPropertyValue(getResponse, "offers[13].groups[0].pricingPlans[0].visualElements[9].key", "currency"): Verify element property value successfully

2023-10-16 14:21:25 - [MESSAGE][PASSED] - Verify element property value successfully

2023-10-16 14:21:25 - [TEST_STEP][PASSED] - verifyElementPropertyValue(getResponse, "offers[13].groups[0].pricingPlans[0].visualElements[9].value", "AED"): Verify element property value successfully

2023-10-16 14:21:25 - [MESSAGE][PASSED] - Verify element property value successfully

2023-10-16 14:21:25 - [TEST_STEP][PASSED] - verifyElementPropertyValue(getResponse, "offers[13].groups[0].pricingPlans[0].visualElements[10].key", "duration"): Verify element property value successfully

2023-10-16 14:21:25 - [MESSAGE][PASSED] - Verify element property value successfully

2023-10-16 14:21:25 - [TEST_STEP][PASSED] - verifyElementPropertyValue(getResponse, "offers[13].groups[0].pricingPlans[0].visualElements[10].value", "شهرياً"): Verify element property value successfully

2023-10-16 14:21:25 - [MESSAGE][PASSED] - Verify element property value successfully

2023-10-16 14:21:25 - [TEST_STEP][PASSED] - verifyElementPropertyValue(getResponse, "offers[13].groups[0].pricingPlans[0].visualElements[11].key", "featured_tag_text"): Verify element property value successfully

2023-10-16 14:21:25 - [MESSAGE][PASSED] - Verify element property value successfully

2023-10-16 14:21:25 - [TEST_STEP][PASSED] - verifyElementPropertyValue(getResponse, "offers[13].groups[0].pricingPlans[0].visualElements[11].value", "عرض لمدة محدودة"): Verify element property value successfully

2023-10-16 14:21:25 - [MESSAGE][PASSED] - Verify element property value successfully

2023-10-16 14:21:25 - [TEST_STEP][PASSED] - verifyElementPropertyValue(getResponse, "offers[13].groups[0].pricingPlans[0].visualElements[13].key", "tag_text"): Verify element property value successfully

2023-10-16 14:21:25 - [MESSAGE][PASSED] - Verify element property value successfully

2023-10-16 14:21:25 - [TEST_STEP][PASSED] - verifyElementPropertyValue(getResponse, "offers[13].groups[0].pricingPlans[0].visualElements[13].value", "وفر 50%"): Verify element property value successfully

2023-10-16 14:21:25 - [MESSAGE][PASSED] - Verify element property value successfully

2023-10-16 14:21:25 - [TEST_STEP][PASSED] - verifyElementPropertyValue(getResponse, "offers[13].groups[0].pricingPlans[0].visualElements[12].key", "show_tag"): Verify element property value successfully

2023-10-16 14:21:25 - [MESSAGE][PASSED] - Verify element property value successfully

2023-10-16 14:21:25 - [TEST_STEP][PASSED] - verifyElementPropertyValue(getResponse, "offers[13].groups[0].pricingPlans[0].visualElements[12].value", "true"): Verify element property value successfully

2023-10-16 14:21:25 - [MESSAGE][PASSED] - Verify element property value successfully

2023-10-16 14:21:25 - [TEST_STEP][PASSED] - verifyElementPropertyValue(getResponse, "offers[13].groups[0].pricingPlans[0].pricingPlanData[0].productId", "UAE_B2C_SHAHID_VIP_SPORT_1M"): Verify element property value successfully

2023-10-16 14:21:25 - [MESSAGE][PASSED] - Verify element property value successfully

2023-10-16 14:21:25 - [TEST_STEP][PASSED] - verifyElementPropertyValue(getResponse, "offers[13].groups[0].pricingPlans[0].pricingPlanData[0].paymentMethod", "CREDIT_CARD"): Verify element property value successfully

2023-10-16 14:21:25 - [MESSAGE][PASSED] - Verify element property value successfully

2023-10-16 14:21:25 - [TEST_STEP][PASSED] - verifyElementPropertyValue(getResponse, "offers[13].groups[0].pricingPlans[0].pricingPlanData[0].freeTrialEnabled", "false"): Verify element property value successfully

2023-10-16 14:21:25 - [MESSAGE][PASSED] - Verify element property value successfully

2023-10-16 14:21:25 - [TEST_STEP][PASSED] - verifyElementPropertyValue(getResponse, "offers[13].groups[0].pricingPlans[0].pricingPlanData[0].showIn[0]", "VERTICAL_MODE"): Verify element property value successfully

2023-10-16 14:21:25 - [MESSAGE][PASSED] - Verify element property value successfully

2023-10-16 14:21:25 - [TEST_STEP][PASSED] - verifyElementPropertyValue(getResponse, "offers[13].groups[0].pricingPlans[0].pricingPlanData[0].showIn[1]", "HORIZONTAL_MODE"): Verify element property value successfully

2023-10-16 14:21:25 - [MESSAGE][PASSED] - Verify element property value successfully

2023-10-16 14:21:25 - [TEST_STEP][PASSED] - verifyElementPropertyValue(getResponse, "offers[13].groups[0].pricingPlans[0].pricingPlanData[0].priceLabel", "34.99"): Verify element property value successfully

2023-10-16 14:21:25 - [MESSAGE][PASSED] - Verify element property value successfully

2023-10-16 14:21:25 - [TEST_STEP][PASSED] - verifyElementPropertyValue(getResponse, "offers[13].groups[0].pricingPlans[0].pricingPlanData[0].currencyLabel", "AED"): Verify element property value successfully

2023-10-16 14:21:25 - [MESSAGE][PASSED] - Verify element property value successfully

2023-10-16 14:21:25 - [TEST_STEP][PASSED] - verifyElementPropertyValue(getResponse, "offers[13].groups[0].pricingPlans[0].pricingPlanData[0].dealId", "BYG_SPORT_50P_ARE"): Verify element property value successfully

2023-10-16 14:21:25 - [MESSAGE][PASSED] - Verify element property value successfully

2023-10-16 14:21:25 - [TEST_STEP][PASSED] - verifyElementPropertyValue(getResponse, "offers[13].groups[0].pricingPlans[0].pricingPlanData[0].allowedForAcquisition", "true"): Verify element property value successfully

2023-10-16 14:21:25 - [MESSAGE][PASSED] - Verify element property value successfully

2023-10-16 14:21:25 - [TEST_STEP][PASSED] - verifyElementPropertyValue(getResponse, "offers[13].groups[0].pricingPlans[0].pricingPlanData[0].visualElements[0].key", "title"): Verify element property value successfully

2023-10-16 14:21:25 - [MESSAGE][PASSED] - Verify element property value successfully

2023-10-16 14:21:25 - [TEST_STEP][PASSED] - verifyElementPropertyValue(getResponse, "offers[13].groups[0].pricingPlans[0].pricingPlanData[0].visualElements[0].value", "البطاقة المصرفية"): Verify element property value successfully

2023-10-16 14:21:25 - [MESSAGE][PASSED] - Verify element property value successfully

2023-10-16 14:21:25 - [TEST_STEP][PASSED] - verifyElementPropertyValue(getResponse, "offers[13].groups[0].pricingPlans[0].pricingPlanData[0].visualElements[1].key", "CTA_text"): Verify element property value successfully

2023-10-16 14:21:25 - [MESSAGE][PASSED] - Verify element property value successfully

2023-10-16 14:21:25 - [TEST_STEP][PASSED] - verifyElementPropertyValue(getResponse, "offers[13].groups[0].pricingPlans[0].pricingPlanData[0].visualElements[1].value", "اشترك"): Verify element property value successfully

2023-10-16 14:21:25 - [MESSAGE][PASSED] - Verify element property value successfully

2023-10-16 14:21:25 - [TEST_STEP][PASSED] - verifyElementPropertyValue(getResponse, "offers[13].groups[0].pricingPlans[0].pricingPlanData[0].visualElements[2].key", "logo"): Verify element property value successfully

2023-10-16 14:21:26 - [MESSAGE][PASSED] - Verify element property value successfully

2023-10-16 14:21:26 - [TEST_STEP][PASSED] - verifyElementPropertyValue(getResponse, "offers[13].groups[0].pricingPlans[0].pricingPlanData[0].visualElements[2].value", "https://static.s3.shahid.mbc.net/widget-images/icons/iconCreditCard.png"): Verify element property value successfully

2023-10-16 14:21:26 - [MESSAGE][PASSED] - Verify element property value successfully]]></system-out>
         <system-err><![CDATA[]]></system-err>
      </testcase>
      <testcase name="Test Cases/WEB - CHROME/ARE PI/WEB_AR_getOffersForARE_VIP" time="4.278" classname="Test Cases/WEB - CHROME/ARE PI/WEB_AR_getOffersForARE_VIP" status="PASSED">
         <system-out><![CDATA[2023-10-16 14:21:26 - [TEST_CASE][PASSED] - Test Cases/WEB - CHROME/ARE PI/WEB_AR_getOffersForARE_VIP: Test Cases/WEB - CHROME/ARE PI/WEB_AR_getOffersForARE_VIP

2023-10-16 14:21:26 - [TEST_STEP][PASSED] - getResponse = config_files.getConfigFile.getConfig("WEB", "AR", "SHAHID_VIP", "AE", "false"): config_files.getConfigFile.getConfig is PASSED

2023-10-16 14:21:27 - [MESSAGE][INFO] - HAR: /Users/admin/git/shahid-configuration/Reports/20231016_140310/WEB/ARE/20231016_140345/requests/main/5.har

2023-10-16 14:21:27 - [MESSAGE][PASSED] - Send request successfully

2023-10-16 14:21:27 - [MESSAGE][PASSED] - config_files.getConfigFile.getConfig is PASSED

2023-10-16 14:21:27 - [TEST_STEP][PASSED] - verifyResponseStatusCode(getResponse, 200): Verify response status code successfully

2023-10-16 14:21:27 - [MESSAGE][PASSED] - Verify response status code successfully

2023-10-16 14:21:27 - [TEST_STEP][PASSED] - verifyElementPropertyValue(getResponse, "country", "ARE"): Verify element property value successfully

2023-10-16 14:21:27 - [MESSAGE][PASSED] - Verify element property value successfully

2023-10-16 14:21:27 - [TEST_STEP][PASSED] - verifyElementPropertyValue(getResponse, "platform", "[WEB]"): Verify element property value successfully

2023-10-16 14:21:27 - [MESSAGE][PASSED] - Verify element property value successfully

2023-10-16 14:21:27 - [TEST_STEP][PASSED] - verifyElementPropertyValue(getResponse, "offers[0].offerId", "winback-30-offer"): Verify element property value successfully

2023-10-16 14:21:27 - [MESSAGE][PASSED] - Verify element property value successfully

2023-10-16 14:21:27 - [TEST_STEP][PASSED] - verifyElementPropertyValue(getResponse, "offers[0].offerParam", "winback30"): Verify element property value successfully

2023-10-16 14:21:27 - [MESSAGE][PASSED] - Verify element property value successfully

2023-10-16 14:21:27 - [TEST_STEP][PASSED] - verifyElementPropertyValue(getResponse, "offers[0].groups[0].pricingPlans[0].featured", "true"): Verify element property value successfully

2023-10-16 14:21:27 - [MESSAGE][PASSED] - Verify element property value successfully

2023-10-16 14:21:27 - [TEST_STEP][PASSED] - verifyElementPropertyValue(getResponse, "offers[0].groups[0].pricingPlans[0].period", "monthly"): Verify element property value successfully

2023-10-16 14:21:27 - [MESSAGE][PASSED] - Verify element property value successfully

2023-10-16 14:21:27 - [TEST_STEP][PASSED] - verifyElementPropertyValue(getResponse, "offers[0].groups[0].pricingPlans[0].price", "27.99"): Verify element property value successfully

2023-10-16 14:21:27 - [MESSAGE][PASSED] - Verify element property value successfully

2023-10-16 14:21:27 - [TEST_STEP][PASSED] - verifyElementPropertyValue(getResponse, "offers[0].groups[0].pricingPlans[0].currency", "AED"): Verify element property value successfully

2023-10-16 14:21:27 - [MESSAGE][PASSED] - Verify element property value successfully

2023-10-16 14:21:27 - [TEST_STEP][PASSED] - verifyElementPropertyValue(getResponse, "offers[0].groups[0].pricingPlans[0].order", "0"): Verify element property value successfully

2023-10-16 14:21:27 - [MESSAGE][PASSED] - Verify element property value successfully

2023-10-16 14:21:27 - [TEST_STEP][PASSED] - verifyElementPropertyValue(getResponse, "offers[0].groups[0].pricingPlans[0].packageId", "SHAHID_VIP"): Verify element property value successfully

2023-10-16 14:21:27 - [MESSAGE][PASSED] - Verify element property value successfully

2023-10-16 14:21:27 - [TEST_STEP][PASSED] - verifyElementPropertyValue(getResponse, "offers[0].groups[0].pricingPlans[0].catalogId", "VIP"): Verify element property value successfully

2023-10-16 14:21:27 - [MESSAGE][PASSED] - Verify element property value successfully

2023-10-16 14:21:27 - [TEST_STEP][PASSED] - verifyElementPropertyValue(getResponse, "offers[0].groups[0].pricingPlans[0].visualElements[0].key", "Header_1_text"): Verify element property value successfully

2023-10-16 14:21:27 - [MESSAGE][PASSED] - Verify element property value successfully

2023-10-16 14:21:27 - [TEST_STEP][PASSED] - verifyElementPropertyValue(getResponse, "offers[0].groups[0].pricingPlans[0].visualElements[0].value", "شاهد أقوى المسلسلات و الأفلام حصرياً دون توقف"): Verify element property value successfully

2023-10-16 14:21:27 - [MESSAGE][PASSED] - Verify element property value successfully

2023-10-16 14:21:27 - [TEST_STEP][PASSED] - verifyElementPropertyValue(getResponse, "offers[0].groups[0].pricingPlans[0].visualElements[1].key", "display_title"): Verify element property value successfully

2023-10-16 14:21:27 - [MESSAGE][PASSED] - Verify element property value successfully

2023-10-16 14:21:27 - [TEST_STEP][PASSED] - verifyElementPropertyValue(getResponse, "offers[0].groups[0].pricingPlans[0].visualElements[1].value", "احصل على خصم 30%"): Verify element property value successfully

2023-10-16 14:21:27 - [MESSAGE][PASSED] - Verify element property value successfully

2023-10-16 14:21:27 - [TEST_STEP][PASSED] - verifyElementPropertyValue(getResponse, "offers[0].groups[0].pricingPlans[0].visualElements[3].key", "deduction_text"): Verify element property value successfully

2023-10-16 14:21:27 - [MESSAGE][PASSED] - Verify element property value successfully

2023-10-16 14:21:27 - [TEST_STEP][PASSED] - verifyElementPropertyValue(getResponse, "offers[0].groups[0].pricingPlans[0].visualElements[3].value", "تدفع شهرياً"): Verify element property value successfully

2023-10-16 14:21:27 - [MESSAGE][PASSED] - Verify element property value successfully

2023-10-16 14:21:27 - [TEST_STEP][PASSED] - verifyElementPropertyValue(getResponse, "offers[0].groups[0].pricingPlans[0].visualElements[6].key", "show_payment_logo"): Verify element property value successfully

2023-10-16 14:21:27 - [MESSAGE][PASSED] - Verify element property value successfully

2023-10-16 14:21:27 - [TEST_STEP][PASSED] - verifyElementPropertyValue(getResponse, "offers[0].groups[0].pricingPlans[0].visualElements[6].value", "true"): Verify element property value successfully

2023-10-16 14:21:27 - [MESSAGE][PASSED] - Verify element property value successfully

2023-10-16 14:21:27 - [TEST_STEP][PASSED] - verifyElementPropertyValue(getResponse, "offers[0].groups[0].pricingPlans[0].visualElements[8].key", "price"): Verify element property value successfully

2023-10-16 14:21:27 - [MESSAGE][PASSED] - Verify element property value successfully

2023-10-16 14:21:27 - [TEST_STEP][PASSED] - verifyElementPropertyValue(getResponse, "offers[0].groups[0].pricingPlans[0].visualElements[8].value", "27.99"): Verify element property value successfully

2023-10-16 14:21:27 - [MESSAGE][PASSED] - Verify element property value successfully

2023-10-16 14:21:27 - [TEST_STEP][PASSED] - verifyElementPropertyValue(getResponse, "offers[0].groups[0].pricingPlans[0].visualElements[9].key", "currency"): Verify element property value successfully

2023-10-16 14:21:27 - [MESSAGE][PASSED] - Verify element property value successfully

2023-10-16 14:21:27 - [TEST_STEP][PASSED] - verifyElementPropertyValue(getResponse, "offers[0].groups[0].pricingPlans[0].visualElements[9].value", "AED"): Verify element property value successfully

2023-10-16 14:21:27 - [MESSAGE][PASSED] - Verify element property value successfully

2023-10-16 14:21:27 - [TEST_STEP][PASSED] - verifyElementPropertyValue(getResponse, "offers[0].groups[0].pricingPlans[0].visualElements[10].key", "duration"): Verify element property value successfully

2023-10-16 14:21:27 - [MESSAGE][PASSED] - Verify element property value successfully

2023-10-16 14:21:27 - [TEST_STEP][PASSED] - verifyElementPropertyValue(getResponse, "offers[0].groups[0].pricingPlans[0].visualElements[10].value", "شهرياً"): Verify element property value successfully

2023-10-16 14:21:27 - [MESSAGE][PASSED] - Verify element property value successfully

2023-10-16 14:21:27 - [TEST_STEP][PASSED] - verifyElementPropertyValue(getResponse, "offers[0].groups[0].pricingPlans[0].visualElements[11].key", "featured_tag_text"): Verify element property value successfully

2023-10-16 14:21:27 - [MESSAGE][PASSED] - Verify element property value successfully

2023-10-16 14:21:27 - [TEST_STEP][PASSED] - verifyElementPropertyValue(getResponse, "offers[0].groups[0].pricingPlans[0].visualElements[11].value", "عرض لمدة محدودة"): Verify element property value successfully

2023-10-16 14:21:27 - [MESSAGE][PASSED] - Verify element property value successfully

2023-10-16 14:21:27 - [TEST_STEP][PASSED] - verifyElementPropertyValue(getResponse, "offers[0].groups[0].pricingPlans[0].visualElements[13].key", "tag_text"): Verify element property value successfully

2023-10-16 14:21:27 - [MESSAGE][PASSED] - Verify element property value successfully

2023-10-16 14:21:27 - [TEST_STEP][PASSED] - verifyElementPropertyValue(getResponse, "offers[0].groups[0].pricingPlans[0].visualElements[13].value", "وفر 30%"): Verify element property value successfully

2023-10-16 14:21:27 - [MESSAGE][PASSED] - Verify element property value successfully

2023-10-16 14:21:27 - [TEST_STEP][PASSED] - verifyElementPropertyValue(getResponse, "offers[0].groups[0].pricingPlans[0].visualElements[12].key", "show_tag"): Verify element property value successfully

2023-10-16 14:21:27 - [MESSAGE][PASSED] - Verify element property value successfully

2023-10-16 14:21:27 - [TEST_STEP][PASSED] - verifyElementPropertyValue(getResponse, "offers[0].groups[0].pricingPlans[0].visualElements[12].value", "true"): Verify element property value successfully

2023-10-16 14:21:27 - [MESSAGE][PASSED] - Verify element property value successfully

2023-10-16 14:21:27 - [TEST_STEP][PASSED] - verifyElementPropertyValue(getResponse, "offers[0].groups[0].pricingPlans[0].pricingPlanData[0].productId", "UAE_B2C_SHAHID_VIP_1M"): Verify element property value successfully

2023-10-16 14:21:27 - [MESSAGE][PASSED] - Verify element property value successfully

2023-10-16 14:21:27 - [TEST_STEP][PASSED] - verifyElementPropertyValue(getResponse, "offers[0].groups[0].pricingPlans[0].pricingPlanData[0].paymentMethod", "CREDIT_CARD"): Verify element property value successfully

2023-10-16 14:21:27 - [MESSAGE][PASSED] - Verify element property value successfully

2023-10-16 14:21:27 - [TEST_STEP][PASSED] - verifyElementPropertyValue(getResponse, "offers[0].groups[0].pricingPlans[0].pricingPlanData[0].freeTrialEnabled", "false"): Verify element property value successfully

2023-10-16 14:21:27 - [MESSAGE][PASSED] - Verify element property value successfully

2023-10-16 14:21:27 - [TEST_STEP][PASSED] - verifyElementPropertyValue(getResponse, "offers[0].groups[0].pricingPlans[0].pricingPlanData[0].showIn[0]", "VERTICAL_MODE"): Verify element property value successfully

2023-10-16 14:21:27 - [MESSAGE][PASSED] - Verify element property value successfully

2023-10-16 14:21:27 - [TEST_STEP][PASSED] - verifyElementPropertyValue(getResponse, "offers[0].groups[0].pricingPlans[0].pricingPlanData[0].showIn[1]", "HORIZONTAL_MODE"): Verify element property value successfully

2023-10-16 14:21:27 - [MESSAGE][PASSED] - Verify element property value successfully

2023-10-16 14:21:27 - [TEST_STEP][PASSED] - verifyElementPropertyValue(getResponse, "offers[0].groups[0].pricingPlans[0].pricingPlanData[0].priceLabel", "27.99"): Verify element property value successfully

2023-10-16 14:21:27 - [MESSAGE][PASSED] - Verify element property value successfully

2023-10-16 14:21:27 - [TEST_STEP][PASSED] - verifyElementPropertyValue(getResponse, "offers[0].groups[0].pricingPlans[0].pricingPlanData[0].currencyLabel", "AED"): Verify element property value successfully

2023-10-16 14:21:27 - [MESSAGE][PASSED] - Verify element property value successfully

2023-10-16 14:21:27 - [TEST_STEP][PASSED] - verifyElementPropertyValue(getResponse, "offers[0].groups[0].pricingPlans[0].pricingPlanData[0].dealId", "RE_30P_ARE"): Verify element property value successfully

2023-10-16 14:21:27 - [MESSAGE][PASSED] - Verify element property value successfully

2023-10-16 14:21:27 - [TEST_STEP][PASSED] - verifyElementPropertyValue(getResponse, "offers[0].groups[0].pricingPlans[0].pricingPlanData[0].allowedForAcquisition", "true"): Verify element property value successfully

2023-10-16 14:21:27 - [MESSAGE][PASSED] - Verify element property value successfully

2023-10-16 14:21:27 - [TEST_STEP][PASSED] - verifyElementPropertyValue(getResponse, "offers[0].groups[0].pricingPlans[0].pricingPlanData[0].visualElements[0].key", "title"): Verify element property value successfully

2023-10-16 14:21:27 - [MESSAGE][PASSED] - Verify element property value successfully

2023-10-16 14:21:27 - [TEST_STEP][PASSED] - verifyElementPropertyValue(getResponse, "offers[0].groups[0].pricingPlans[0].pricingPlanData[0].visualElements[0].value", "البطاقة المصرفية"): Verify element property value successfully

2023-10-16 14:21:27 - [MESSAGE][PASSED] - Verify element property value successfully

2023-10-16 14:21:27 - [TEST_STEP][PASSED] - verifyElementPropertyValue(getResponse, "offers[0].groups[0].pricingPlans[0].pricingPlanData[0].visualElements[1].key", "CTA_text"): Verify element property value successfully

2023-10-16 14:21:27 - [MESSAGE][PASSED] - Verify element property value successfully

2023-10-16 14:21:27 - [TEST_STEP][PASSED] - verifyElementPropertyValue(getResponse, "offers[0].groups[0].pricingPlans[0].pricingPlanData[0].visualElements[1].value", "اشترك"): Verify element property value successfully

2023-10-16 14:21:27 - [MESSAGE][PASSED] - Verify element property value successfully

2023-10-16 14:21:27 - [TEST_STEP][PASSED] - verifyElementPropertyValue(getResponse, "offers[0].groups[0].pricingPlans[0].pricingPlanData[0].visualElements[2].key", "logo"): Verify element property value successfully

2023-10-16 14:21:27 - [MESSAGE][PASSED] - Verify element property value successfully

2023-10-16 14:21:27 - [TEST_STEP][PASSED] - verifyElementPropertyValue(getResponse, "offers[0].groups[0].pricingPlans[0].pricingPlanData[0].visualElements[2].value", "https://static.s3.shahid.mbc.net/widget-images/icons/iconCreditCard.png"): Verify element property value successfully

2023-10-16 14:21:27 - [MESSAGE][PASSED] - Verify element property value successfully

2023-10-16 14:21:27 - [TEST_STEP][PASSED] - verifyElementPropertyValue(getResponse, "offers[1].offerId", "winback-40-offer"): Verify element property value successfully

2023-10-16 14:21:27 - [MESSAGE][PASSED] - Verify element property value successfully

2023-10-16 14:21:27 - [TEST_STEP][PASSED] - verifyElementPropertyValue(getResponse, "offers[1].offerParam", "winback40"): Verify element property value successfully

2023-10-16 14:21:27 - [MESSAGE][PASSED] - Verify element property value successfully

2023-10-16 14:21:27 - [TEST_STEP][PASSED] - verifyElementPropertyValue(getResponse, "offers[1].groups[0].pricingPlans[0].featured", "true"): Verify element property value successfully

2023-10-16 14:21:27 - [MESSAGE][PASSED] - Verify element property value successfully

2023-10-16 14:21:27 - [TEST_STEP][PASSED] - verifyElementPropertyValue(getResponse, "offers[1].groups[0].pricingPlans[0].period", "monthly"): Verify element property value successfully

2023-10-16 14:21:27 - [MESSAGE][PASSED] - Verify element property value successfully

2023-10-16 14:21:27 - [TEST_STEP][PASSED] - verifyElementPropertyValue(getResponse, "offers[1].groups[0].pricingPlans[0].featured", "true"): Verify element property value successfully

2023-10-16 14:21:27 - [MESSAGE][PASSED] - Verify element property value successfully

2023-10-16 14:21:27 - [TEST_STEP][PASSED] - verifyElementPropertyValue(getResponse, "offers[1].groups[0].pricingPlans[0].price", "23.99"): Verify element property value successfully

2023-10-16 14:21:27 - [MESSAGE][PASSED] - Verify element property value successfully

2023-10-16 14:21:27 - [TEST_STEP][PASSED] - verifyElementPropertyValue(getResponse, "offers[1].groups[0].pricingPlans[0].currency", "AED"): Verify element property value successfully

2023-10-16 14:21:27 - [MESSAGE][PASSED] - Verify element property value successfully

2023-10-16 14:21:27 - [TEST_STEP][PASSED] - verifyElementPropertyValue(getResponse, "offers[1].groups[0].pricingPlans[0].order", "0"): Verify element property value successfully

2023-10-16 14:21:27 - [MESSAGE][PASSED] - Verify element property value successfully

2023-10-16 14:21:27 - [TEST_STEP][PASSED] - verifyElementPropertyValue(getResponse, "offers[1].groups[0].pricingPlans[0].packageId", "SHAHID_VIP"): Verify element property value successfully

2023-10-16 14:21:27 - [MESSAGE][PASSED] - Verify element property value successfully

2023-10-16 14:21:27 - [TEST_STEP][PASSED] - verifyElementPropertyValue(getResponse, "offers[1].groups[0].pricingPlans[0].catalogId", "VIP"): Verify element property value successfully

2023-10-16 14:21:27 - [MESSAGE][PASSED] - Verify element property value successfully

2023-10-16 14:21:27 - [TEST_STEP][PASSED] - verifyElementPropertyValue(getResponse, "offers[1].groups[0].pricingPlans[0].visualElements[0].key", "Header_1_text"): Verify element property value successfully

2023-10-16 14:21:27 - [MESSAGE][PASSED] - Verify element property value successfully

2023-10-16 14:21:27 - [TEST_STEP][PASSED] - verifyElementPropertyValue(getResponse, "offers[1].groups[0].pricingPlans[0].visualElements[0].value", "شاهد أقوى المسلسلات و الأفلام حصرياً دون توقف"): Verify element property value successfully

2023-10-16 14:21:27 - [MESSAGE][PASSED] - Verify element property value successfully

2023-10-16 14:21:27 - [TEST_STEP][PASSED] - verifyElementPropertyValue(getResponse, "offers[1].groups[0].pricingPlans[0].visualElements[1].key", "display_title"): Verify element property value successfully

2023-10-16 14:21:27 - [MESSAGE][PASSED] - Verify element property value successfully

2023-10-16 14:21:27 - [TEST_STEP][PASSED] - verifyElementPropertyValue(getResponse, "offers[1].groups[0].pricingPlans[0].visualElements[1].value", "احصل على خصم 40%"): Verify element property value successfully

2023-10-16 14:21:27 - [MESSAGE][PASSED] - Verify element property value successfully

2023-10-16 14:21:27 - [TEST_STEP][PASSED] - verifyElementPropertyValue(getResponse, "offers[1].groups[0].pricingPlans[0].visualElements[3].key", "deduction_text"): Verify element property value successfully

2023-10-16 14:21:28 - [MESSAGE][PASSED] - Verify element property value successfully

2023-10-16 14:21:28 - [TEST_STEP][PASSED] - verifyElementPropertyValue(getResponse, "offers[1].groups[0].pricingPlans[0].visualElements[3].value", "تدفع شهرياً"): Verify element property value successfully

2023-10-16 14:21:28 - [MESSAGE][PASSED] - Verify element property value successfully

2023-10-16 14:21:28 - [TEST_STEP][PASSED] - verifyElementPropertyValue(getResponse, "offers[1].groups[0].pricingPlans[0].visualElements[6].key", "show_payment_logo"): Verify element property value successfully

2023-10-16 14:21:28 - [MESSAGE][PASSED] - Verify element property value successfully

2023-10-16 14:21:28 - [TEST_STEP][PASSED] - verifyElementPropertyValue(getResponse, "offers[1].groups[0].pricingPlans[0].visualElements[6].value", "true"): Verify element property value successfully

2023-10-16 14:21:28 - [MESSAGE][PASSED] - Verify element property value successfully

2023-10-16 14:21:28 - [TEST_STEP][PASSED] - verifyElementPropertyValue(getResponse, "offers[1].groups[0].pricingPlans[0].visualElements[8].key", "price"): Verify element property value successfully

2023-10-16 14:21:28 - [MESSAGE][PASSED] - Verify element property value successfully

2023-10-16 14:21:28 - [TEST_STEP][PASSED] - verifyElementPropertyValue(getResponse, "offers[1].groups[0].pricingPlans[0].visualElements[8].value", "23.99"): Verify element property value successfully

2023-10-16 14:21:28 - [MESSAGE][PASSED] - Verify element property value successfully

2023-10-16 14:21:28 - [TEST_STEP][PASSED] - verifyElementPropertyValue(getResponse, "offers[1].groups[0].pricingPlans[0].visualElements[9].key", "currency"): Verify element property value successfully

2023-10-16 14:21:28 - [MESSAGE][PASSED] - Verify element property value successfully

2023-10-16 14:21:28 - [TEST_STEP][PASSED] - verifyElementPropertyValue(getResponse, "offers[1].groups[0].pricingPlans[0].visualElements[9].value", "AED"): Verify element property value successfully

2023-10-16 14:21:28 - [MESSAGE][PASSED] - Verify element property value successfully

2023-10-16 14:21:28 - [TEST_STEP][PASSED] - verifyElementPropertyValue(getResponse, "offers[1].groups[0].pricingPlans[0].visualElements[10].key", "duration"): Verify element property value successfully

2023-10-16 14:21:28 - [MESSAGE][PASSED] - Verify element property value successfully

2023-10-16 14:21:28 - [TEST_STEP][PASSED] - verifyElementPropertyValue(getResponse, "offers[1].groups[0].pricingPlans[0].visualElements[10].value", "شهرياً"): Verify element property value successfully

2023-10-16 14:21:28 - [MESSAGE][PASSED] - Verify element property value successfully

2023-10-16 14:21:28 - [TEST_STEP][PASSED] - verifyElementPropertyValue(getResponse, "offers[1].groups[0].pricingPlans[0].visualElements[11].key", "featured_tag_text"): Verify element property value successfully

2023-10-16 14:21:28 - [MESSAGE][PASSED] - Verify element property value successfully

2023-10-16 14:21:28 - [TEST_STEP][PASSED] - verifyElementPropertyValue(getResponse, "offers[1].groups[0].pricingPlans[0].visualElements[11].value", "عرض لمدة محدودة"): Verify element property value successfully

2023-10-16 14:21:28 - [MESSAGE][PASSED] - Verify element property value successfully

2023-10-16 14:21:28 - [TEST_STEP][PASSED] - verifyElementPropertyValue(getResponse, "offers[1].groups[0].pricingPlans[0].visualElements[13].key", "tag_text"): Verify element property value successfully

2023-10-16 14:21:28 - [MESSAGE][PASSED] - Verify element property value successfully

2023-10-16 14:21:28 - [TEST_STEP][PASSED] - verifyElementPropertyValue(getResponse, "offers[1].groups[0].pricingPlans[0].visualElements[13].value", "وفر 40%"): Verify element property value successfully

2023-10-16 14:21:28 - [MESSAGE][PASSED] - Verify element property value successfully

2023-10-16 14:21:28 - [TEST_STEP][PASSED] - verifyElementPropertyValue(getResponse, "offers[1].groups[0].pricingPlans[0].visualElements[12].key", "show_tag"): Verify element property value successfully

2023-10-16 14:21:28 - [MESSAGE][PASSED] - Verify element property value successfully

2023-10-16 14:21:28 - [TEST_STEP][PASSED] - verifyElementPropertyValue(getResponse, "offers[1].groups[0].pricingPlans[0].visualElements[12].value", "true"): Verify element property value successfully

2023-10-16 14:21:28 - [MESSAGE][PASSED] - Verify element property value successfully

2023-10-16 14:21:28 - [TEST_STEP][PASSED] - verifyElementPropertyValue(getResponse, "offers[1].groups[0].pricingPlans[0].pricingPlanData[0].productId", "UAE_B2C_SHAHID_VIP_1M"): Verify element property value successfully

2023-10-16 14:21:28 - [MESSAGE][PASSED] - Verify element property value successfully

2023-10-16 14:21:28 - [TEST_STEP][PASSED] - verifyElementPropertyValue(getResponse, "offers[1].groups[0].pricingPlans[0].pricingPlanData[0].paymentMethod", "CREDIT_CARD"): Verify element property value successfully

2023-10-16 14:21:28 - [MESSAGE][PASSED] - Verify element property value successfully

2023-10-16 14:21:28 - [TEST_STEP][PASSED] - verifyElementPropertyValue(getResponse, "offers[1].groups[0].pricingPlans[0].pricingPlanData[0].freeTrialEnabled", "false"): Verify element property value successfully

2023-10-16 14:21:28 - [MESSAGE][PASSED] - Verify element property value successfully

2023-10-16 14:21:28 - [TEST_STEP][PASSED] - verifyElementPropertyValue(getResponse, "offers[1].groups[0].pricingPlans[0].pricingPlanData[0].showIn[0]", "VERTICAL_MODE"): Verify element property value successfully

2023-10-16 14:21:28 - [MESSAGE][PASSED] - Verify element property value successfully

2023-10-16 14:21:28 - [TEST_STEP][PASSED] - verifyElementPropertyValue(getResponse, "offers[1].groups[0].pricingPlans[0].pricingPlanData[0].showIn[1]", "HORIZONTAL_MODE"): Verify element property value successfully

2023-10-16 14:21:28 - [MESSAGE][PASSED] - Verify element property value successfully

2023-10-16 14:21:28 - [TEST_STEP][PASSED] - verifyElementPropertyValue(getResponse, "offers[1].groups[0].pricingPlans[0].pricingPlanData[0].priceLabel", "23.99"): Verify element property value successfully

2023-10-16 14:21:28 - [MESSAGE][PASSED] - Verify element property value successfully

2023-10-16 14:21:28 - [TEST_STEP][PASSED] - verifyElementPropertyValue(getResponse, "offers[1].groups[0].pricingPlans[0].pricingPlanData[0].currencyLabel", "AED"): Verify element property value successfully

2023-10-16 14:21:28 - [MESSAGE][PASSED] - Verify element property value successfully

2023-10-16 14:21:28 - [TEST_STEP][PASSED] - verifyElementPropertyValue(getResponse, "offers[1].groups[0].pricingPlans[0].pricingPlanData[0].dealId", "RE_40P_ARE"): Verify element property value successfully

2023-10-16 14:21:28 - [MESSAGE][PASSED] - Verify element property value successfully

2023-10-16 14:21:28 - [TEST_STEP][PASSED] - verifyElementPropertyValue(getResponse, "offers[1].groups[0].pricingPlans[0].pricingPlanData[0].allowedForAcquisition", "true"): Verify element property value successfully

2023-10-16 14:21:28 - [MESSAGE][PASSED] - Verify element property value successfully

2023-10-16 14:21:28 - [TEST_STEP][PASSED] - verifyElementPropertyValue(getResponse, "offers[1].groups[0].pricingPlans[0].pricingPlanData[0].visualElements[0].key", "title"): Verify element property value successfully

2023-10-16 14:21:28 - [MESSAGE][PASSED] - Verify element property value successfully

2023-10-16 14:21:28 - [TEST_STEP][PASSED] - verifyElementPropertyValue(getResponse, "offers[1].groups[0].pricingPlans[0].pricingPlanData[0].visualElements[0].value", "البطاقة المصرفية"): Verify element property value successfully

2023-10-16 14:21:28 - [MESSAGE][PASSED] - Verify element property value successfully

2023-10-16 14:21:28 - [TEST_STEP][PASSED] - verifyElementPropertyValue(getResponse, "offers[1].groups[0].pricingPlans[0].pricingPlanData[0].visualElements[1].key", "CTA_text"): Verify element property value successfully

2023-10-16 14:21:28 - [MESSAGE][PASSED] - Verify element property value successfully

2023-10-16 14:21:28 - [TEST_STEP][PASSED] - verifyElementPropertyValue(getResponse, "offers[1].groups[0].pricingPlans[0].pricingPlanData[0].visualElements[1].value", "اشترك"): Verify element property value successfully

2023-10-16 14:21:28 - [MESSAGE][PASSED] - Verify element property value successfully

2023-10-16 14:21:28 - [TEST_STEP][PASSED] - verifyElementPropertyValue(getResponse, "offers[1].groups[0].pricingPlans[0].pricingPlanData[0].visualElements[2].key", "logo"): Verify element property value successfully

2023-10-16 14:21:28 - [MESSAGE][PASSED] - Verify element property value successfully

2023-10-16 14:21:28 - [TEST_STEP][PASSED] - verifyElementPropertyValue(getResponse, "offers[1].groups[0].pricingPlans[0].pricingPlanData[0].visualElements[2].value", "https://static.s3.shahid.mbc.net/widget-images/icons/iconCreditCard.png"): Verify element property value successfully

2023-10-16 14:21:28 - [MESSAGE][PASSED] - Verify element property value successfully

2023-10-16 14:21:28 - [TEST_STEP][PASSED] - verifyElementPropertyValue(getResponse, "offers[2].offerId", "winback-50-offer"): Verify element property value successfully

2023-10-16 14:21:28 - [MESSAGE][PASSED] - Verify element property value successfully

2023-10-16 14:21:28 - [TEST_STEP][PASSED] - verifyElementPropertyValue(getResponse, "offers[2].offerParam", "winback50"): Verify element property value successfully

2023-10-16 14:21:28 - [MESSAGE][PASSED] - Verify element property value successfully

2023-10-16 14:21:28 - [TEST_STEP][PASSED] - verifyElementPropertyValue(getResponse, "offers[2].groups[0].pricingPlans[0].featured", "true"): Verify element property value successfully

2023-10-16 14:21:28 - [MESSAGE][PASSED] - Verify element property value successfully

2023-10-16 14:21:28 - [TEST_STEP][PASSED] - verifyElementPropertyValue(getResponse, "offers[2].groups[0].pricingPlans[0].period", "monthly"): Verify element property value successfully

2023-10-16 14:21:28 - [MESSAGE][PASSED] - Verify element property value successfully

2023-10-16 14:21:28 - [TEST_STEP][PASSED] - verifyElementPropertyValue(getResponse, "offers[2].groups[0].pricingPlans[0].featured", "true"): Verify element property value successfully

2023-10-16 14:21:28 - [MESSAGE][PASSED] - Verify element property value successfully

2023-10-16 14:21:28 - [TEST_STEP][PASSED] - verifyElementPropertyValue(getResponse, "offers[2].groups[0].pricingPlans[0].price", "19.99"): Verify element property value successfully

2023-10-16 14:21:28 - [MESSAGE][PASSED] - Verify element property value successfully

2023-10-16 14:21:28 - [TEST_STEP][PASSED] - verifyElementPropertyValue(getResponse, "offers[2].groups[0].pricingPlans[0].currency", "AED"): Verify element property value successfully

2023-10-16 14:21:28 - [MESSAGE][PASSED] - Verify element property value successfully

2023-10-16 14:21:28 - [TEST_STEP][PASSED] - verifyElementPropertyValue(getResponse, "offers[2].groups[0].pricingPlans[0].order", "0"): Verify element property value successfully

2023-10-16 14:21:28 - [MESSAGE][PASSED] - Verify element property value successfully

2023-10-16 14:21:28 - [TEST_STEP][PASSED] - verifyElementPropertyValue(getResponse, "offers[2].groups[0].pricingPlans[0].packageId", "SHAHID_VIP"): Verify element property value successfully

2023-10-16 14:21:28 - [MESSAGE][PASSED] - Verify element property value successfully

2023-10-16 14:21:28 - [TEST_STEP][PASSED] - verifyElementPropertyValue(getResponse, "offers[2].groups[0].pricingPlans[0].catalogId", "VIP"): Verify element property value successfully

2023-10-16 14:21:28 - [MESSAGE][PASSED] - Verify element property value successfully

2023-10-16 14:21:28 - [TEST_STEP][PASSED] - verifyElementPropertyValue(getResponse, "offers[2].groups[0].pricingPlans[0].visualElements[0].key", "Header_1_text"): Verify element property value successfully

2023-10-16 14:21:28 - [MESSAGE][PASSED] - Verify element property value successfully

2023-10-16 14:21:28 - [TEST_STEP][PASSED] - verifyElementPropertyValue(getResponse, "offers[2].groups[0].pricingPlans[0].visualElements[0].value", "شاهد أقوى المسلسلات و الأفلام حصرياً دون توقف"): Verify element property value successfully

2023-10-16 14:21:28 - [MESSAGE][PASSED] - Verify element property value successfully

2023-10-16 14:21:28 - [TEST_STEP][PASSED] - verifyElementPropertyValue(getResponse, "offers[2].groups[0].pricingPlans[0].visualElements[1].key", "display_title"): Verify element property value successfully

2023-10-16 14:21:28 - [MESSAGE][PASSED] - Verify element property value successfully

2023-10-16 14:21:28 - [TEST_STEP][PASSED] - verifyElementPropertyValue(getResponse, "offers[2].groups[0].pricingPlans[0].visualElements[1].value", "احصل على خصم 50%"): Verify element property value successfully

2023-10-16 14:21:28 - [MESSAGE][PASSED] - Verify element property value successfully

2023-10-16 14:21:28 - [TEST_STEP][PASSED] - verifyElementPropertyValue(getResponse, "offers[2].groups[0].pricingPlans[0].visualElements[3].key", "deduction_text"): Verify element property value successfully

2023-10-16 14:21:28 - [MESSAGE][PASSED] - Verify element property value successfully

2023-10-16 14:21:28 - [TEST_STEP][PASSED] - verifyElementPropertyValue(getResponse, "offers[2].groups[0].pricingPlans[0].visualElements[3].value", "تدفع شهرياً"): Verify element property value successfully

2023-10-16 14:21:28 - [MESSAGE][PASSED] - Verify element property value successfully

2023-10-16 14:21:28 - [TEST_STEP][PASSED] - verifyElementPropertyValue(getResponse, "offers[2].groups[0].pricingPlans[0].visualElements[6].key", "show_payment_logo"): Verify element property value successfully

2023-10-16 14:21:28 - [MESSAGE][PASSED] - Verify element property value successfully

2023-10-16 14:21:28 - [TEST_STEP][PASSED] - verifyElementPropertyValue(getResponse, "offers[2].groups[0].pricingPlans[0].visualElements[6].value", "true"): Verify element property value successfully

2023-10-16 14:21:28 - [MESSAGE][PASSED] - Verify element property value successfully

2023-10-16 14:21:28 - [TEST_STEP][PASSED] - verifyElementPropertyValue(getResponse, "offers[2].groups[0].pricingPlans[0].visualElements[8].key", "price"): Verify element property value successfully

2023-10-16 14:21:28 - [MESSAGE][PASSED] - Verify element property value successfully

2023-10-16 14:21:28 - [TEST_STEP][PASSED] - verifyElementPropertyValue(getResponse, "offers[2].groups[0].pricingPlans[0].visualElements[8].value", "19.99"): Verify element property value successfully

2023-10-16 14:21:28 - [MESSAGE][PASSED] - Verify element property value successfully

2023-10-16 14:21:28 - [TEST_STEP][PASSED] - verifyElementPropertyValue(getResponse, "offers[2].groups[0].pricingPlans[0].visualElements[9].key", "currency"): Verify element property value successfully

2023-10-16 14:21:28 - [MESSAGE][PASSED] - Verify element property value successfully

2023-10-16 14:21:28 - [TEST_STEP][PASSED] - verifyElementPropertyValue(getResponse, "offers[2].groups[0].pricingPlans[0].visualElements[9].value", "AED"): Verify element property value successfully

2023-10-16 14:21:28 - [MESSAGE][PASSED] - Verify element property value successfully

2023-10-16 14:21:28 - [TEST_STEP][PASSED] - verifyElementPropertyValue(getResponse, "offers[2].groups[0].pricingPlans[0].visualElements[10].key", "duration"): Verify element property value successfully

2023-10-16 14:21:28 - [MESSAGE][PASSED] - Verify element property value successfully

2023-10-16 14:21:28 - [TEST_STEP][PASSED] - verifyElementPropertyValue(getResponse, "offers[2].groups[0].pricingPlans[0].visualElements[10].value", "شهرياً"): Verify element property value successfully

2023-10-16 14:21:28 - [MESSAGE][PASSED] - Verify element property value successfully

2023-10-16 14:21:28 - [TEST_STEP][PASSED] - verifyElementPropertyValue(getResponse, "offers[2].groups[0].pricingPlans[0].visualElements[11].key", "featured_tag_text"): Verify element property value successfully

2023-10-16 14:21:28 - [MESSAGE][PASSED] - Verify element property value successfully

2023-10-16 14:21:28 - [TEST_STEP][PASSED] - verifyElementPropertyValue(getResponse, "offers[2].groups[0].pricingPlans[0].visualElements[11].value", "عرض لمدة محدودة"): Verify element property value successfully

2023-10-16 14:21:28 - [MESSAGE][PASSED] - Verify element property value successfully

2023-10-16 14:21:28 - [TEST_STEP][PASSED] - verifyElementPropertyValue(getResponse, "offers[2].groups[0].pricingPlans[0].visualElements[13].key", "tag_text"): Verify element property value successfully

2023-10-16 14:21:28 - [MESSAGE][PASSED] - Verify element property value successfully

2023-10-16 14:21:28 - [TEST_STEP][PASSED] - verifyElementPropertyValue(getResponse, "offers[2].groups[0].pricingPlans[0].visualElements[13].value", "وفر 50%"): Verify element property value successfully

2023-10-16 14:21:28 - [MESSAGE][PASSED] - Verify element property value successfully

2023-10-16 14:21:28 - [TEST_STEP][PASSED] - verifyElementPropertyValue(getResponse, "offers[2].groups[0].pricingPlans[0].visualElements[12].key", "show_tag"): Verify element property value successfully

2023-10-16 14:21:28 - [MESSAGE][PASSED] - Verify element property value successfully

2023-10-16 14:21:28 - [TEST_STEP][PASSED] - verifyElementPropertyValue(getResponse, "offers[2].groups[0].pricingPlans[0].visualElements[12].value", "true"): Verify element property value successfully

2023-10-16 14:21:28 - [MESSAGE][PASSED] - Verify element property value successfully

2023-10-16 14:21:28 - [TEST_STEP][PASSED] - verifyElementPropertyValue(getResponse, "offers[2].groups[0].pricingPlans[0].pricingPlanData[0].productId", "UAE_B2C_SHAHID_VIP_1M"): Verify element property value successfully

2023-10-16 14:21:28 - [MESSAGE][PASSED] - Verify element property value successfully

2023-10-16 14:21:28 - [TEST_STEP][PASSED] - verifyElementPropertyValue(getResponse, "offers[2].groups[0].pricingPlans[0].pricingPlanData[0].paymentMethod", "CREDIT_CARD"): Verify element property value successfully

2023-10-16 14:21:28 - [MESSAGE][PASSED] - Verify element property value successfully

2023-10-16 14:21:28 - [TEST_STEP][PASSED] - verifyElementPropertyValue(getResponse, "offers[2].groups[0].pricingPlans[0].pricingPlanData[0].freeTrialEnabled", "false"): Verify element property value successfully

2023-10-16 14:21:28 - [MESSAGE][PASSED] - Verify element property value successfully

2023-10-16 14:21:28 - [TEST_STEP][PASSED] - verifyElementPropertyValue(getResponse, "offers[2].groups[0].pricingPlans[0].pricingPlanData[0].showIn[0]", "VERTICAL_MODE"): Verify element property value successfully

2023-10-16 14:21:28 - [MESSAGE][PASSED] - Verify element property value successfully

2023-10-16 14:21:28 - [TEST_STEP][PASSED] - verifyElementPropertyValue(getResponse, "offers[2].groups[0].pricingPlans[0].pricingPlanData[0].showIn[1]", "HORIZONTAL_MODE"): Verify element property value successfully

2023-10-16 14:21:28 - [MESSAGE][PASSED] - Verify element property value successfully

2023-10-16 14:21:28 - [TEST_STEP][PASSED] - verifyElementPropertyValue(getResponse, "offers[2].groups[0].pricingPlans[0].pricingPlanData[0].priceLabel", "19.99"): Verify element property value successfully

2023-10-16 14:21:28 - [MESSAGE][PASSED] - Verify element property value successfully

2023-10-16 14:21:28 - [TEST_STEP][PASSED] - verifyElementPropertyValue(getResponse, "offers[2].groups[0].pricingPlans[0].pricingPlanData[0].currencyLabel", "AED"): Verify element property value successfully

2023-10-16 14:21:28 - [MESSAGE][PASSED] - Verify element property value successfully

2023-10-16 14:21:28 - [TEST_STEP][PASSED] - verifyElementPropertyValue(getResponse, "offers[2].groups[0].pricingPlans[0].pricingPlanData[0].dealId", "RE_50P_ARE"): Verify element property value successfully

2023-10-16 14:21:28 - [MESSAGE][PASSED] - Verify element property value successfully

2023-10-16 14:21:28 - [TEST_STEP][PASSED] - verifyElementPropertyValue(getResponse, "offers[2].groups[0].pricingPlans[0].pricingPlanData[0].allowedForAcquisition", "true"): Verify element property value successfully

2023-10-16 14:21:28 - [MESSAGE][PASSED] - Verify element property value successfully

2023-10-16 14:21:28 - [TEST_STEP][PASSED] - verifyElementPropertyValue(getResponse, "offers[2].groups[0].pricingPlans[0].pricingPlanData[0].visualElements[0].key", "title"): Verify element property value successfully

2023-10-16 14:21:28 - [MESSAGE][PASSED] - Verify element property value successfully

2023-10-16 14:21:28 - [TEST_STEP][PASSED] - verifyElementPropertyValue(getResponse, "offers[2].groups[0].pricingPlans[0].pricingPlanData[0].visualElements[0].value", "البطاقة المصرفية"): Verify element property value successfully

2023-10-16 14:21:28 - [MESSAGE][PASSED] - Verify element property value successfully

2023-10-16 14:21:28 - [TEST_STEP][PASSED] - verifyElementPropertyValue(getResponse, "offers[2].groups[0].pricingPlans[0].pricingPlanData[0].visualElements[1].key", "CTA_text"): Verify element property value successfully

2023-10-16 14:21:28 - [MESSAGE][PASSED] - Verify element property value successfully

2023-10-16 14:21:28 - [TEST_STEP][PASSED] - verifyElementPropertyValue(getResponse, "offers[2].groups[0].pricingPlans[0].pricingPlanData[0].visualElements[1].value", "اشترك"): Verify element property value successfully

2023-10-16 14:21:28 - [MESSAGE][PASSED] - Verify element property value successfully

2023-10-16 14:21:28 - [TEST_STEP][PASSED] - verifyElementPropertyValue(getResponse, "offers[2].groups[0].pricingPlans[0].pricingPlanData[0].visualElements[2].key", "logo"): Verify element property value successfully

2023-10-16 14:21:28 - [MESSAGE][PASSED] - Verify element property value successfully

2023-10-16 14:21:28 - [TEST_STEP][PASSED] - verifyElementPropertyValue(getResponse, "offers[2].groups[0].pricingPlans[0].pricingPlanData[0].visualElements[2].value", "https://static.s3.shahid.mbc.net/widget-images/icons/iconCreditCard.png"): Verify element property value successfully

2023-10-16 14:21:28 - [MESSAGE][PASSED] - Verify element property value successfully

2023-10-16 14:21:28 - [TEST_STEP][PASSED] - verifyElementPropertyValue(getResponse, "offers[8].offerId", "byg-30-offer"): Verify element property value successfully

2023-10-16 14:21:28 - [MESSAGE][PASSED] - Verify element property value successfully

2023-10-16 14:21:28 - [TEST_STEP][PASSED] - verifyElementPropertyValue(getResponse, "offers[8].offerParam", "bygoffer30"): Verify element property value successfully

2023-10-16 14:21:28 - [MESSAGE][PASSED] - Verify element property value successfully

2023-10-16 14:21:28 - [TEST_STEP][PASSED] - verifyElementPropertyValue(getResponse, "offers[8].groups[0].pricingPlans[0].featured", "true"): Verify element property value successfully

2023-10-16 14:21:28 - [MESSAGE][PASSED] - Verify element property value successfully

2023-10-16 14:21:28 - [TEST_STEP][PASSED] - verifyElementPropertyValue(getResponse, "offers[8].groups[0].pricingPlans[0].period", "monthly"): Verify element property value successfully

2023-10-16 14:21:28 - [MESSAGE][PASSED] - Verify element property value successfully

2023-10-16 14:21:28 - [TEST_STEP][PASSED] - verifyElementPropertyValue(getResponse, "offers[8].groups[0].pricingPlans[0].featured", "true"): Verify element property value successfully

2023-10-16 14:21:28 - [MESSAGE][PASSED] - Verify element property value successfully

2023-10-16 14:21:28 - [TEST_STEP][PASSED] - verifyElementPropertyValue(getResponse, "offers[8].groups[0].pricingPlans[0].price", "27.99"): Verify element property value successfully

2023-10-16 14:21:28 - [MESSAGE][PASSED] - Verify element property value successfully

2023-10-16 14:21:28 - [TEST_STEP][PASSED] - verifyElementPropertyValue(getResponse, "offers[8].groups[0].pricingPlans[0].currency", "AED"): Verify element property value successfully

2023-10-16 14:21:28 - [MESSAGE][PASSED] - Verify element property value successfully

2023-10-16 14:21:28 - [TEST_STEP][PASSED] - verifyElementPropertyValue(getResponse, "offers[8].groups[0].pricingPlans[0].order", "0"): Verify element property value successfully

2023-10-16 14:21:28 - [MESSAGE][PASSED] - Verify element property value successfully

2023-10-16 14:21:28 - [TEST_STEP][PASSED] - verifyElementPropertyValue(getResponse, "offers[8].groups[0].pricingPlans[0].packageId", "SHAHID_VIP"): Verify element property value successfully

2023-10-16 14:21:28 - [MESSAGE][PASSED] - Verify element property value successfully

2023-10-16 14:21:28 - [TEST_STEP][PASSED] - verifyElementPropertyValue(getResponse, "offers[8].groups[0].pricingPlans[0].catalogId", "VIP"): Verify element property value successfully

2023-10-16 14:21:28 - [MESSAGE][PASSED] - Verify element property value successfully

2023-10-16 14:21:28 - [TEST_STEP][PASSED] - verifyElementPropertyValue(getResponse, "offers[8].groups[0].pricingPlans[0].visualElements[0].key", "Header_1_text"): Verify element property value successfully

2023-10-16 14:21:28 - [MESSAGE][PASSED] - Verify element property value successfully

2023-10-16 14:21:28 - [TEST_STEP][PASSED] - verifyElementPropertyValue(getResponse, "offers[8].groups[0].pricingPlans[0].visualElements[0].value", "شاهد أقوى المسلسلات و الأفلام حصرياً دون توقف"): Verify element property value successfully

2023-10-16 14:21:28 - [MESSAGE][PASSED] - Verify element property value successfully

2023-10-16 14:21:28 - [TEST_STEP][PASSED] - verifyElementPropertyValue(getResponse, "offers[8].groups[0].pricingPlans[0].visualElements[1].key", "display_title"): Verify element property value successfully

2023-10-16 14:21:28 - [MESSAGE][PASSED] - Verify element property value successfully

2023-10-16 14:21:28 - [TEST_STEP][PASSED] - verifyElementPropertyValue(getResponse, "offers[8].groups[0].pricingPlans[0].visualElements[1].value", "احصل على خصم 30%"): Verify element property value successfully

2023-10-16 14:21:28 - [MESSAGE][PASSED] - Verify element property value successfully

2023-10-16 14:21:28 - [TEST_STEP][PASSED] - verifyElementPropertyValue(getResponse, "offers[8].groups[0].pricingPlans[0].visualElements[3].key", "deduction_text"): Verify element property value successfully

2023-10-16 14:21:28 - [MESSAGE][PASSED] - Verify element property value successfully

2023-10-16 14:21:28 - [TEST_STEP][PASSED] - verifyElementPropertyValue(getResponse, "offers[8].groups[0].pricingPlans[0].visualElements[3].value", "تدفع شهرياً"): Verify element property value successfully

2023-10-16 14:21:28 - [MESSAGE][PASSED] - Verify element property value successfully

2023-10-16 14:21:28 - [TEST_STEP][PASSED] - verifyElementPropertyValue(getResponse, "offers[8].groups[0].pricingPlans[0].visualElements[6].key", "show_payment_logo"): Verify element property value successfully

2023-10-16 14:21:28 - [MESSAGE][PASSED] - Verify element property value successfully

2023-10-16 14:21:28 - [TEST_STEP][PASSED] - verifyElementPropertyValue(getResponse, "offers[8].groups[0].pricingPlans[0].visualElements[6].value", "true"): Verify element property value successfully

2023-10-16 14:21:29 - [MESSAGE][PASSED] - Verify element property value successfully

2023-10-16 14:21:29 - [TEST_STEP][PASSED] - verifyElementPropertyValue(getResponse, "offers[8].groups[0].pricingPlans[0].visualElements[8].key", "price"): Verify element property value successfully

2023-10-16 14:21:29 - [MESSAGE][PASSED] - Verify element property value successfully

2023-10-16 14:21:29 - [TEST_STEP][PASSED] - verifyElementPropertyValue(getResponse, "offers[8].groups[0].pricingPlans[0].visualElements[8].value", "27.99"): Verify element property value successfully

2023-10-16 14:21:29 - [MESSAGE][PASSED] - Verify element property value successfully

2023-10-16 14:21:29 - [TEST_STEP][PASSED] - verifyElementPropertyValue(getResponse, "offers[8].groups[0].pricingPlans[0].visualElements[9].key", "currency"): Verify element property value successfully

2023-10-16 14:21:29 - [MESSAGE][PASSED] - Verify element property value successfully

2023-10-16 14:21:29 - [TEST_STEP][PASSED] - verifyElementPropertyValue(getResponse, "offers[8].groups[0].pricingPlans[0].visualElements[9].value", "AED"): Verify element property value successfully

2023-10-16 14:21:29 - [MESSAGE][PASSED] - Verify element property value successfully

2023-10-16 14:21:29 - [TEST_STEP][PASSED] - verifyElementPropertyValue(getResponse, "offers[8].groups[0].pricingPlans[0].visualElements[10].key", "duration"): Verify element property value successfully

2023-10-16 14:21:29 - [MESSAGE][PASSED] - Verify element property value successfully

2023-10-16 14:21:29 - [TEST_STEP][PASSED] - verifyElementPropertyValue(getResponse, "offers[8].groups[0].pricingPlans[0].visualElements[10].value", "شهرياً"): Verify element property value successfully

2023-10-16 14:21:29 - [MESSAGE][PASSED] - Verify element property value successfully

2023-10-16 14:21:29 - [TEST_STEP][PASSED] - verifyElementPropertyValue(getResponse, "offers[8].groups[0].pricingPlans[0].visualElements[11].key", "featured_tag_text"): Verify element property value successfully

2023-10-16 14:21:29 - [MESSAGE][PASSED] - Verify element property value successfully

2023-10-16 14:21:29 - [TEST_STEP][PASSED] - verifyElementPropertyValue(getResponse, "offers[8].groups[0].pricingPlans[0].visualElements[11].value", "عرض لمدة محدودة"): Verify element property value successfully

2023-10-16 14:21:29 - [MESSAGE][PASSED] - Verify element property value successfully

2023-10-16 14:21:29 - [TEST_STEP][PASSED] - verifyElementPropertyValue(getResponse, "offers[8].groups[0].pricingPlans[0].visualElements[13].key", "tag_text"): Verify element property value successfully

2023-10-16 14:21:29 - [MESSAGE][PASSED] - Verify element property value successfully

2023-10-16 14:21:29 - [TEST_STEP][PASSED] - verifyElementPropertyValue(getResponse, "offers[8].groups[0].pricingPlans[0].visualElements[13].value", "وفر 30%"): Verify element property value successfully

2023-10-16 14:21:29 - [MESSAGE][PASSED] - Verify element property value successfully

2023-10-16 14:21:29 - [TEST_STEP][PASSED] - verifyElementPropertyValue(getResponse, "offers[8].groups[0].pricingPlans[0].visualElements[12].key", "show_tag"): Verify element property value successfully

2023-10-16 14:21:29 - [MESSAGE][PASSED] - Verify element property value successfully

2023-10-16 14:21:29 - [TEST_STEP][PASSED] - verifyElementPropertyValue(getResponse, "offers[8].groups[0].pricingPlans[0].visualElements[12].value", "true"): Verify element property value successfully

2023-10-16 14:21:29 - [MESSAGE][PASSED] - Verify element property value successfully

2023-10-16 14:21:29 - [TEST_STEP][PASSED] - verifyElementPropertyValue(getResponse, "offers[8].groups[0].pricingPlans[0].pricingPlanData[0].productId", "UAE_B2C_SHAHID_VIP_1M"): Verify element property value successfully

2023-10-16 14:21:29 - [MESSAGE][PASSED] - Verify element property value successfully

2023-10-16 14:21:29 - [TEST_STEP][PASSED] - verifyElementPropertyValue(getResponse, "offers[8].groups[0].pricingPlans[0].pricingPlanData[0].paymentMethod", "CREDIT_CARD"): Verify element property value successfully

2023-10-16 14:21:29 - [MESSAGE][PASSED] - Verify element property value successfully

2023-10-16 14:21:29 - [TEST_STEP][PASSED] - verifyElementPropertyValue(getResponse, "offers[8].groups[0].pricingPlans[0].pricingPlanData[0].freeTrialEnabled", "false"): Verify element property value successfully

2023-10-16 14:21:29 - [MESSAGE][PASSED] - Verify element property value successfully

2023-10-16 14:21:29 - [TEST_STEP][PASSED] - verifyElementPropertyValue(getResponse, "offers[8].groups[0].pricingPlans[0].pricingPlanData[0].showIn[0]", "VERTICAL_MODE"): Verify element property value successfully

2023-10-16 14:21:29 - [MESSAGE][PASSED] - Verify element property value successfully

2023-10-16 14:21:29 - [TEST_STEP][PASSED] - verifyElementPropertyValue(getResponse, "offers[8].groups[0].pricingPlans[0].pricingPlanData[0].showIn[1]", "HORIZONTAL_MODE"): Verify element property value successfully

2023-10-16 14:21:29 - [MESSAGE][PASSED] - Verify element property value successfully

2023-10-16 14:21:29 - [TEST_STEP][PASSED] - verifyElementPropertyValue(getResponse, "offers[8].groups[0].pricingPlans[0].pricingPlanData[0].priceLabel", "27.99"): Verify element property value successfully

2023-10-16 14:21:29 - [MESSAGE][PASSED] - Verify element property value successfully

2023-10-16 14:21:29 - [TEST_STEP][PASSED] - verifyElementPropertyValue(getResponse, "offers[8].groups[0].pricingPlans[0].pricingPlanData[0].currencyLabel", "AED"): Verify element property value successfully

2023-10-16 14:21:29 - [MESSAGE][PASSED] - Verify element property value successfully

2023-10-16 14:21:29 - [TEST_STEP][PASSED] - verifyElementPropertyValue(getResponse, "offers[8].groups[0].pricingPlans[0].pricingPlanData[0].dealId", "BYG_30P_ARE"): Verify element property value successfully

2023-10-16 14:21:29 - [MESSAGE][PASSED] - Verify element property value successfully

2023-10-16 14:21:29 - [TEST_STEP][PASSED] - verifyElementPropertyValue(getResponse, "offers[8].groups[0].pricingPlans[0].pricingPlanData[0].allowedForAcquisition", "true"): Verify element property value successfully

2023-10-16 14:21:29 - [MESSAGE][PASSED] - Verify element property value successfully

2023-10-16 14:21:29 - [TEST_STEP][PASSED] - verifyElementPropertyValue(getResponse, "offers[8].groups[0].pricingPlans[0].pricingPlanData[0].visualElements[0].key", "title"): Verify element property value successfully

2023-10-16 14:21:29 - [MESSAGE][PASSED] - Verify element property value successfully

2023-10-16 14:21:29 - [TEST_STEP][PASSED] - verifyElementPropertyValue(getResponse, "offers[8].groups[0].pricingPlans[0].pricingPlanData[0].visualElements[0].value", "البطاقة المصرفية"): Verify element property value successfully

2023-10-16 14:21:29 - [MESSAGE][PASSED] - Verify element property value successfully

2023-10-16 14:21:29 - [TEST_STEP][PASSED] - verifyElementPropertyValue(getResponse, "offers[8].groups[0].pricingPlans[0].pricingPlanData[0].visualElements[1].key", "CTA_text"): Verify element property value successfully

2023-10-16 14:21:29 - [MESSAGE][PASSED] - Verify element property value successfully

2023-10-16 14:21:29 - [TEST_STEP][PASSED] - verifyElementPropertyValue(getResponse, "offers[8].groups[0].pricingPlans[0].pricingPlanData[0].visualElements[1].value", "اشترك"): Verify element property value successfully

2023-10-16 14:21:29 - [MESSAGE][PASSED] - Verify element property value successfully

2023-10-16 14:21:29 - [TEST_STEP][PASSED] - verifyElementPropertyValue(getResponse, "offers[8].groups[0].pricingPlans[0].pricingPlanData[0].visualElements[2].key", "logo"): Verify element property value successfully

2023-10-16 14:21:29 - [MESSAGE][PASSED] - Verify element property value successfully

2023-10-16 14:21:29 - [TEST_STEP][PASSED] - verifyElementPropertyValue(getResponse, "offers[8].groups[0].pricingPlans[0].pricingPlanData[0].visualElements[2].value", "https://static.s3.shahid.mbc.net/widget-images/icons/iconCreditCard.png"): Verify element property value successfully

2023-10-16 14:21:29 - [MESSAGE][PASSED] - Verify element property value successfully

2023-10-16 14:21:29 - [TEST_STEP][PASSED] - verifyElementPropertyValue(getResponse, "offers[9].offerId", "byg-40-offer"): Verify element property value successfully

2023-10-16 14:21:29 - [MESSAGE][PASSED] - Verify element property value successfully

2023-10-16 14:21:29 - [TEST_STEP][PASSED] - verifyElementPropertyValue(getResponse, "offers[9].offerParam", "bygoffer40"): Verify element property value successfully

2023-10-16 14:21:29 - [MESSAGE][PASSED] - Verify element property value successfully

2023-10-16 14:21:29 - [TEST_STEP][PASSED] - verifyElementPropertyValue(getResponse, "offers[9].groups[0].pricingPlans[0].featured", "true"): Verify element property value successfully

2023-10-16 14:21:29 - [MESSAGE][PASSED] - Verify element property value successfully

2023-10-16 14:21:29 - [TEST_STEP][PASSED] - verifyElementPropertyValue(getResponse, "offers[9].groups[0].pricingPlans[0].period", "monthly"): Verify element property value successfully

2023-10-16 14:21:29 - [MESSAGE][PASSED] - Verify element property value successfully

2023-10-16 14:21:29 - [TEST_STEP][PASSED] - verifyElementPropertyValue(getResponse, "offers[9].groups[0].pricingPlans[0].featured", "true"): Verify element property value successfully

2023-10-16 14:21:29 - [MESSAGE][PASSED] - Verify element property value successfully

2023-10-16 14:21:29 - [TEST_STEP][PASSED] - verifyElementPropertyValue(getResponse, "offers[9].groups[0].pricingPlans[0].price", "23.99"): Verify element property value successfully

2023-10-16 14:21:29 - [MESSAGE][PASSED] - Verify element property value successfully

2023-10-16 14:21:29 - [TEST_STEP][PASSED] - verifyElementPropertyValue(getResponse, "offers[9].groups[0].pricingPlans[0].currency", "AED"): Verify element property value successfully

2023-10-16 14:21:29 - [MESSAGE][PASSED] - Verify element property value successfully

2023-10-16 14:21:29 - [TEST_STEP][PASSED] - verifyElementPropertyValue(getResponse, "offers[9].groups[0].pricingPlans[0].order", "0"): Verify element property value successfully

2023-10-16 14:21:29 - [MESSAGE][PASSED] - Verify element property value successfully

2023-10-16 14:21:29 - [TEST_STEP][PASSED] - verifyElementPropertyValue(getResponse, "offers[9].groups[0].pricingPlans[0].packageId", "SHAHID_VIP"): Verify element property value successfully

2023-10-16 14:21:29 - [MESSAGE][PASSED] - Verify element property value successfully

2023-10-16 14:21:29 - [TEST_STEP][PASSED] - verifyElementPropertyValue(getResponse, "offers[9].groups[0].pricingPlans[0].catalogId", "VIP"): Verify element property value successfully

2023-10-16 14:21:29 - [MESSAGE][PASSED] - Verify element property value successfully

2023-10-16 14:21:29 - [TEST_STEP][PASSED] - verifyElementPropertyValue(getResponse, "offers[9].groups[0].pricingPlans[0].visualElements[0].key", "Header_1_text"): Verify element property value successfully

2023-10-16 14:21:29 - [MESSAGE][PASSED] - Verify element property value successfully

2023-10-16 14:21:29 - [TEST_STEP][PASSED] - verifyElementPropertyValue(getResponse, "offers[9].groups[0].pricingPlans[0].visualElements[0].value", "شاهد أقوى المسلسلات و الأفلام حصرياً دون توقف"): Verify element property value successfully

2023-10-16 14:21:29 - [MESSAGE][PASSED] - Verify element property value successfully

2023-10-16 14:21:29 - [TEST_STEP][PASSED] - verifyElementPropertyValue(getResponse, "offers[9].groups[0].pricingPlans[0].visualElements[1].key", "display_title"): Verify element property value successfully

2023-10-16 14:21:29 - [MESSAGE][PASSED] - Verify element property value successfully

2023-10-16 14:21:29 - [TEST_STEP][PASSED] - verifyElementPropertyValue(getResponse, "offers[9].groups[0].pricingPlans[0].visualElements[1].value", "احصل على خصم 40%"): Verify element property value successfully

2023-10-16 14:21:29 - [MESSAGE][PASSED] - Verify element property value successfully

2023-10-16 14:21:29 - [TEST_STEP][PASSED] - verifyElementPropertyValue(getResponse, "offers[9].groups[0].pricingPlans[0].visualElements[3].key", "deduction_text"): Verify element property value successfully

2023-10-16 14:21:29 - [MESSAGE][PASSED] - Verify element property value successfully

2023-10-16 14:21:29 - [TEST_STEP][PASSED] - verifyElementPropertyValue(getResponse, "offers[9].groups[0].pricingPlans[0].visualElements[3].value", "تدفع شهرياً"): Verify element property value successfully

2023-10-16 14:21:29 - [MESSAGE][PASSED] - Verify element property value successfully

2023-10-16 14:21:29 - [TEST_STEP][PASSED] - verifyElementPropertyValue(getResponse, "offers[9].groups[0].pricingPlans[0].visualElements[6].key", "show_payment_logo"): Verify element property value successfully

2023-10-16 14:21:29 - [MESSAGE][PASSED] - Verify element property value successfully

2023-10-16 14:21:29 - [TEST_STEP][PASSED] - verifyElementPropertyValue(getResponse, "offers[9].groups[0].pricingPlans[0].visualElements[6].value", "true"): Verify element property value successfully

2023-10-16 14:21:29 - [MESSAGE][PASSED] - Verify element property value successfully

2023-10-16 14:21:29 - [TEST_STEP][PASSED] - verifyElementPropertyValue(getResponse, "offers[9].groups[0].pricingPlans[0].visualElements[8].key", "price"): Verify element property value successfully

2023-10-16 14:21:29 - [MESSAGE][PASSED] - Verify element property value successfully

2023-10-16 14:21:29 - [TEST_STEP][PASSED] - verifyElementPropertyValue(getResponse, "offers[9].groups[0].pricingPlans[0].visualElements[8].value", "23.99"): Verify element property value successfully

2023-10-16 14:21:29 - [MESSAGE][PASSED] - Verify element property value successfully

2023-10-16 14:21:29 - [TEST_STEP][PASSED] - verifyElementPropertyValue(getResponse, "offers[9].groups[0].pricingPlans[0].visualElements[9].key", "currency"): Verify element property value successfully

2023-10-16 14:21:29 - [MESSAGE][PASSED] - Verify element property value successfully

2023-10-16 14:21:29 - [TEST_STEP][PASSED] - verifyElementPropertyValue(getResponse, "offers[9].groups[0].pricingPlans[0].visualElements[9].value", "AED"): Verify element property value successfully

2023-10-16 14:21:29 - [MESSAGE][PASSED] - Verify element property value successfully

2023-10-16 14:21:29 - [TEST_STEP][PASSED] - verifyElementPropertyValue(getResponse, "offers[9].groups[0].pricingPlans[0].visualElements[10].key", "duration"): Verify element property value successfully

2023-10-16 14:21:29 - [MESSAGE][PASSED] - Verify element property value successfully

2023-10-16 14:21:29 - [TEST_STEP][PASSED] - verifyElementPropertyValue(getResponse, "offers[9].groups[0].pricingPlans[0].visualElements[10].value", "شهرياً"): Verify element property value successfully

2023-10-16 14:21:29 - [MESSAGE][PASSED] - Verify element property value successfully

2023-10-16 14:21:29 - [TEST_STEP][PASSED] - verifyElementPropertyValue(getResponse, "offers[9].groups[0].pricingPlans[0].visualElements[11].key", "featured_tag_text"): Verify element property value successfully

2023-10-16 14:21:29 - [MESSAGE][PASSED] - Verify element property value successfully

2023-10-16 14:21:29 - [TEST_STEP][PASSED] - verifyElementPropertyValue(getResponse, "offers[9].groups[0].pricingPlans[0].visualElements[11].value", "عرض لمدة محدودة"): Verify element property value successfully

2023-10-16 14:21:29 - [MESSAGE][PASSED] - Verify element property value successfully

2023-10-16 14:21:29 - [TEST_STEP][PASSED] - verifyElementPropertyValue(getResponse, "offers[9].groups[0].pricingPlans[0].visualElements[13].key", "tag_text"): Verify element property value successfully

2023-10-16 14:21:29 - [MESSAGE][PASSED] - Verify element property value successfully

2023-10-16 14:21:29 - [TEST_STEP][PASSED] - verifyElementPropertyValue(getResponse, "offers[9].groups[0].pricingPlans[0].visualElements[13].value", "وفر 40%"): Verify element property value successfully

2023-10-16 14:21:29 - [MESSAGE][PASSED] - Verify element property value successfully

2023-10-16 14:21:29 - [TEST_STEP][PASSED] - verifyElementPropertyValue(getResponse, "offers[9].groups[0].pricingPlans[0].visualElements[12].key", "show_tag"): Verify element property value successfully

2023-10-16 14:21:29 - [MESSAGE][PASSED] - Verify element property value successfully

2023-10-16 14:21:29 - [TEST_STEP][PASSED] - verifyElementPropertyValue(getResponse, "offers[9].groups[0].pricingPlans[0].visualElements[12].value", "true"): Verify element property value successfully

2023-10-16 14:21:29 - [MESSAGE][PASSED] - Verify element property value successfully

2023-10-16 14:21:29 - [TEST_STEP][PASSED] - verifyElementPropertyValue(getResponse, "offers[9].groups[0].pricingPlans[0].pricingPlanData[0].productId", "UAE_B2C_SHAHID_VIP_1M"): Verify element property value successfully

2023-10-16 14:21:29 - [MESSAGE][PASSED] - Verify element property value successfully

2023-10-16 14:21:29 - [TEST_STEP][PASSED] - verifyElementPropertyValue(getResponse, "offers[9].groups[0].pricingPlans[0].pricingPlanData[0].paymentMethod", "CREDIT_CARD"): Verify element property value successfully

2023-10-16 14:21:29 - [MESSAGE][PASSED] - Verify element property value successfully

2023-10-16 14:21:29 - [TEST_STEP][PASSED] - verifyElementPropertyValue(getResponse, "offers[9].groups[0].pricingPlans[0].pricingPlanData[0].freeTrialEnabled", "false"): Verify element property value successfully

2023-10-16 14:21:29 - [MESSAGE][PASSED] - Verify element property value successfully

2023-10-16 14:21:29 - [TEST_STEP][PASSED] - verifyElementPropertyValue(getResponse, "offers[9].groups[0].pricingPlans[0].pricingPlanData[0].showIn[0]", "VERTICAL_MODE"): Verify element property value successfully

2023-10-16 14:21:29 - [MESSAGE][PASSED] - Verify element property value successfully

2023-10-16 14:21:29 - [TEST_STEP][PASSED] - verifyElementPropertyValue(getResponse, "offers[9].groups[0].pricingPlans[0].pricingPlanData[0].showIn[1]", "HORIZONTAL_MODE"): Verify element property value successfully

2023-10-16 14:21:29 - [MESSAGE][PASSED] - Verify element property value successfully

2023-10-16 14:21:29 - [TEST_STEP][PASSED] - verifyElementPropertyValue(getResponse, "offers[9].groups[0].pricingPlans[0].pricingPlanData[0].priceLabel", "23.99"): Verify element property value successfully

2023-10-16 14:21:29 - [MESSAGE][PASSED] - Verify element property value successfully

2023-10-16 14:21:29 - [TEST_STEP][PASSED] - verifyElementPropertyValue(getResponse, "offers[9].groups[0].pricingPlans[0].pricingPlanData[0].currencyLabel", "AED"): Verify element property value successfully

2023-10-16 14:21:29 - [MESSAGE][PASSED] - Verify element property value successfully

2023-10-16 14:21:29 - [TEST_STEP][PASSED] - verifyElementPropertyValue(getResponse, "offers[9].groups[0].pricingPlans[0].pricingPlanData[0].dealId", "BYG_40P_ARE"): Verify element property value successfully

2023-10-16 14:21:29 - [MESSAGE][PASSED] - Verify element property value successfully

2023-10-16 14:21:29 - [TEST_STEP][PASSED] - verifyElementPropertyValue(getResponse, "offers[9].groups[0].pricingPlans[0].pricingPlanData[0].allowedForAcquisition", "true"): Verify element property value successfully

2023-10-16 14:21:29 - [MESSAGE][PASSED] - Verify element property value successfully

2023-10-16 14:21:29 - [TEST_STEP][PASSED] - verifyElementPropertyValue(getResponse, "offers[9].groups[0].pricingPlans[0].pricingPlanData[0].visualElements[0].key", "title"): Verify element property value successfully

2023-10-16 14:21:29 - [MESSAGE][PASSED] - Verify element property value successfully

2023-10-16 14:21:29 - [TEST_STEP][PASSED] - verifyElementPropertyValue(getResponse, "offers[9].groups[0].pricingPlans[0].pricingPlanData[0].visualElements[0].value", "البطاقة المصرفية"): Verify element property value successfully

2023-10-16 14:21:29 - [MESSAGE][PASSED] - Verify element property value successfully

2023-10-16 14:21:29 - [TEST_STEP][PASSED] - verifyElementPropertyValue(getResponse, "offers[9].groups[0].pricingPlans[0].pricingPlanData[0].visualElements[1].key", "CTA_text"): Verify element property value successfully

2023-10-16 14:21:29 - [MESSAGE][PASSED] - Verify element property value successfully

2023-10-16 14:21:29 - [TEST_STEP][PASSED] - verifyElementPropertyValue(getResponse, "offers[9].groups[0].pricingPlans[0].pricingPlanData[0].visualElements[1].value", "اشترك"): Verify element property value successfully

2023-10-16 14:21:29 - [MESSAGE][PASSED] - Verify element property value successfully

2023-10-16 14:21:29 - [TEST_STEP][PASSED] - verifyElementPropertyValue(getResponse, "offers[9].groups[0].pricingPlans[0].pricingPlanData[0].visualElements[2].key", "logo"): Verify element property value successfully

2023-10-16 14:21:29 - [MESSAGE][PASSED] - Verify element property value successfully

2023-10-16 14:21:29 - [TEST_STEP][PASSED] - verifyElementPropertyValue(getResponse, "offers[9].groups[0].pricingPlans[0].pricingPlanData[0].visualElements[2].value", "https://static.s3.shahid.mbc.net/widget-images/icons/iconCreditCard.png"): Verify element property value successfully

2023-10-16 14:21:29 - [MESSAGE][PASSED] - Verify element property value successfully

2023-10-16 14:21:29 - [TEST_STEP][PASSED] - verifyElementPropertyValue(getResponse, "offers[10].offerId", "byg-50-offer"): Verify element property value successfully

2023-10-16 14:21:29 - [MESSAGE][PASSED] - Verify element property value successfully

2023-10-16 14:21:29 - [TEST_STEP][PASSED] - verifyElementPropertyValue(getResponse, "offers[10].offerParam", "bygoffer50"): Verify element property value successfully

2023-10-16 14:21:29 - [MESSAGE][PASSED] - Verify element property value successfully

2023-10-16 14:21:29 - [TEST_STEP][PASSED] - verifyElementPropertyValue(getResponse, "offers[10].groups[0].pricingPlans[0].featured", "true"): Verify element property value successfully

2023-10-16 14:21:29 - [MESSAGE][PASSED] - Verify element property value successfully

2023-10-16 14:21:29 - [TEST_STEP][PASSED] - verifyElementPropertyValue(getResponse, "offers[10].groups[0].pricingPlans[0].period", "monthly"): Verify element property value successfully

2023-10-16 14:21:29 - [MESSAGE][PASSED] - Verify element property value successfully

2023-10-16 14:21:29 - [TEST_STEP][PASSED] - verifyElementPropertyValue(getResponse, "offers[10].groups[0].pricingPlans[0].featured", "true"): Verify element property value successfully

2023-10-16 14:21:29 - [MESSAGE][PASSED] - Verify element property value successfully

2023-10-16 14:21:29 - [TEST_STEP][PASSED] - verifyElementPropertyValue(getResponse, "offers[10].groups[0].pricingPlans[0].price", "19.99"): Verify element property value successfully

2023-10-16 14:21:29 - [MESSAGE][PASSED] - Verify element property value successfully

2023-10-16 14:21:29 - [TEST_STEP][PASSED] - verifyElementPropertyValue(getResponse, "offers[10].groups[0].pricingPlans[0].currency", "AED"): Verify element property value successfully

2023-10-16 14:21:29 - [MESSAGE][PASSED] - Verify element property value successfully

2023-10-16 14:21:29 - [TEST_STEP][PASSED] - verifyElementPropertyValue(getResponse, "offers[10].groups[0].pricingPlans[0].order", "0"): Verify element property value successfully

2023-10-16 14:21:29 - [MESSAGE][PASSED] - Verify element property value successfully

2023-10-16 14:21:29 - [TEST_STEP][PASSED] - verifyElementPropertyValue(getResponse, "offers[10].groups[0].pricingPlans[0].packageId", "SHAHID_VIP"): Verify element property value successfully

2023-10-16 14:21:29 - [MESSAGE][PASSED] - Verify element property value successfully

2023-10-16 14:21:29 - [TEST_STEP][PASSED] - verifyElementPropertyValue(getResponse, "offers[10].groups[0].pricingPlans[0].catalogId", "VIP"): Verify element property value successfully

2023-10-16 14:21:29 - [MESSAGE][PASSED] - Verify element property value successfully

2023-10-16 14:21:29 - [TEST_STEP][PASSED] - verifyElementPropertyValue(getResponse, "offers[10].groups[0].pricingPlans[0].visualElements[0].key", "Header_1_text"): Verify element property value successfully

2023-10-16 14:21:29 - [MESSAGE][PASSED] - Verify element property value successfully

2023-10-16 14:21:29 - [TEST_STEP][PASSED] - verifyElementPropertyValue(getResponse, "offers[10].groups[0].pricingPlans[0].visualElements[0].value", "شاهد أقوى المسلسلات و الأفلام حصرياً دون توقف"): Verify element property value successfully

2023-10-16 14:21:29 - [MESSAGE][PASSED] - Verify element property value successfully

2023-10-16 14:21:29 - [TEST_STEP][PASSED] - verifyElementPropertyValue(getResponse, "offers[10].groups[0].pricingPlans[0].visualElements[1].key", "display_title"): Verify element property value successfully

2023-10-16 14:21:29 - [MESSAGE][PASSED] - Verify element property value successfully

2023-10-16 14:21:29 - [TEST_STEP][PASSED] - verifyElementPropertyValue(getResponse, "offers[10].groups[0].pricingPlans[0].visualElements[1].value", "احصل على خصم 50%"): Verify element property value successfully

2023-10-16 14:21:29 - [MESSAGE][PASSED] - Verify element property value successfully

2023-10-16 14:21:29 - [TEST_STEP][PASSED] - verifyElementPropertyValue(getResponse, "offers[10].groups[0].pricingPlans[0].visualElements[3].key", "deduction_text"): Verify element property value successfully

2023-10-16 14:21:29 - [MESSAGE][PASSED] - Verify element property value successfully

2023-10-16 14:21:29 - [TEST_STEP][PASSED] - verifyElementPropertyValue(getResponse, "offers[10].groups[0].pricingPlans[0].visualElements[3].value", "تدفع شهرياً"): Verify element property value successfully

2023-10-16 14:21:29 - [MESSAGE][PASSED] - Verify element property value successfully

2023-10-16 14:21:29 - [TEST_STEP][PASSED] - verifyElementPropertyValue(getResponse, "offers[10].groups[0].pricingPlans[0].visualElements[6].key", "show_payment_logo"): Verify element property value successfully

2023-10-16 14:21:30 - [MESSAGE][PASSED] - Verify element property value successfully

2023-10-16 14:21:30 - [TEST_STEP][PASSED] - verifyElementPropertyValue(getResponse, "offers[10].groups[0].pricingPlans[0].visualElements[6].value", "true"): Verify element property value successfully

2023-10-16 14:21:30 - [MESSAGE][PASSED] - Verify element property value successfully

2023-10-16 14:21:30 - [TEST_STEP][PASSED] - verifyElementPropertyValue(getResponse, "offers[10].groups[0].pricingPlans[0].visualElements[8].key", "price"): Verify element property value successfully

2023-10-16 14:21:30 - [MESSAGE][PASSED] - Verify element property value successfully

2023-10-16 14:21:30 - [TEST_STEP][PASSED] - verifyElementPropertyValue(getResponse, "offers[10].groups[0].pricingPlans[0].visualElements[8].value", "19.99"): Verify element property value successfully

2023-10-16 14:21:30 - [MESSAGE][PASSED] - Verify element property value successfully

2023-10-16 14:21:30 - [TEST_STEP][PASSED] - verifyElementPropertyValue(getResponse, "offers[10].groups[0].pricingPlans[0].visualElements[9].key", "currency"): Verify element property value successfully

2023-10-16 14:21:30 - [MESSAGE][PASSED] - Verify element property value successfully

2023-10-16 14:21:30 - [TEST_STEP][PASSED] - verifyElementPropertyValue(getResponse, "offers[10].groups[0].pricingPlans[0].visualElements[9].value", "AED"): Verify element property value successfully

2023-10-16 14:21:30 - [MESSAGE][PASSED] - Verify element property value successfully

2023-10-16 14:21:30 - [TEST_STEP][PASSED] - verifyElementPropertyValue(getResponse, "offers[10].groups[0].pricingPlans[0].visualElements[10].key", "duration"): Verify element property value successfully

2023-10-16 14:21:30 - [MESSAGE][PASSED] - Verify element property value successfully

2023-10-16 14:21:30 - [TEST_STEP][PASSED] - verifyElementPropertyValue(getResponse, "offers[10].groups[0].pricingPlans[0].visualElements[10].value", "شهرياً"): Verify element property value successfully

2023-10-16 14:21:30 - [MESSAGE][PASSED] - Verify element property value successfully

2023-10-16 14:21:30 - [TEST_STEP][PASSED] - verifyElementPropertyValue(getResponse, "offers[10].groups[0].pricingPlans[0].visualElements[11].key", "featured_tag_text"): Verify element property value successfully

2023-10-16 14:21:30 - [MESSAGE][PASSED] - Verify element property value successfully

2023-10-16 14:21:30 - [TEST_STEP][PASSED] - verifyElementPropertyValue(getResponse, "offers[10].groups[0].pricingPlans[0].visualElements[11].value", "عرض لمدة محدودة"): Verify element property value successfully

2023-10-16 14:21:30 - [MESSAGE][PASSED] - Verify element property value successfully

2023-10-16 14:21:30 - [TEST_STEP][PASSED] - verifyElementPropertyValue(getResponse, "offers[10].groups[0].pricingPlans[0].visualElements[13].key", "tag_text"): Verify element property value successfully

2023-10-16 14:21:30 - [MESSAGE][PASSED] - Verify element property value successfully

2023-10-16 14:21:30 - [TEST_STEP][PASSED] - verifyElementPropertyValue(getResponse, "offers[10].groups[0].pricingPlans[0].visualElements[13].value", "وفر 50%"): Verify element property value successfully

2023-10-16 14:21:30 - [MESSAGE][PASSED] - Verify element property value successfully

2023-10-16 14:21:30 - [TEST_STEP][PASSED] - verifyElementPropertyValue(getResponse, "offers[10].groups[0].pricingPlans[0].visualElements[12].key", "show_tag"): Verify element property value successfully

2023-10-16 14:21:30 - [MESSAGE][PASSED] - Verify element property value successfully

2023-10-16 14:21:30 - [TEST_STEP][PASSED] - verifyElementPropertyValue(getResponse, "offers[10].groups[0].pricingPlans[0].visualElements[12].value", "true"): Verify element property value successfully

2023-10-16 14:21:30 - [MESSAGE][PASSED] - Verify element property value successfully

2023-10-16 14:21:30 - [TEST_STEP][PASSED] - verifyElementPropertyValue(getResponse, "offers[10].groups[0].pricingPlans[0].pricingPlanData[0].productId", "UAE_B2C_SHAHID_VIP_1M"): Verify element property value successfully

2023-10-16 14:21:30 - [MESSAGE][PASSED] - Verify element property value successfully

2023-10-16 14:21:30 - [TEST_STEP][PASSED] - verifyElementPropertyValue(getResponse, "offers[10].groups[0].pricingPlans[0].pricingPlanData[0].paymentMethod", "CREDIT_CARD"): Verify element property value successfully

2023-10-16 14:21:30 - [MESSAGE][PASSED] - Verify element property value successfully

2023-10-16 14:21:30 - [TEST_STEP][PASSED] - verifyElementPropertyValue(getResponse, "offers[10].groups[0].pricingPlans[0].pricingPlanData[0].freeTrialEnabled", "false"): Verify element property value successfully

2023-10-16 14:21:30 - [MESSAGE][PASSED] - Verify element property value successfully

2023-10-16 14:21:30 - [TEST_STEP][PASSED] - verifyElementPropertyValue(getResponse, "offers[10].groups[0].pricingPlans[0].pricingPlanData[0].showIn[0]", "VERTICAL_MODE"): Verify element property value successfully

2023-10-16 14:21:30 - [MESSAGE][PASSED] - Verify element property value successfully

2023-10-16 14:21:30 - [TEST_STEP][PASSED] - verifyElementPropertyValue(getResponse, "offers[10].groups[0].pricingPlans[0].pricingPlanData[0].showIn[1]", "HORIZONTAL_MODE"): Verify element property value successfully

2023-10-16 14:21:30 - [MESSAGE][PASSED] - Verify element property value successfully

2023-10-16 14:21:30 - [TEST_STEP][PASSED] - verifyElementPropertyValue(getResponse, "offers[10].groups[0].pricingPlans[0].pricingPlanData[0].priceLabel", "19.99"): Verify element property value successfully

2023-10-16 14:21:30 - [MESSAGE][PASSED] - Verify element property value successfully

2023-10-16 14:21:30 - [TEST_STEP][PASSED] - verifyElementPropertyValue(getResponse, "offers[10].groups[0].pricingPlans[0].pricingPlanData[0].currencyLabel", "AED"): Verify element property value successfully

2023-10-16 14:21:30 - [MESSAGE][PASSED] - Verify element property value successfully

2023-10-16 14:21:30 - [TEST_STEP][PASSED] - verifyElementPropertyValue(getResponse, "offers[10].groups[0].pricingPlans[0].pricingPlanData[0].dealId", "BYG_50P_ARE"): Verify element property value successfully

2023-10-16 14:21:30 - [MESSAGE][PASSED] - Verify element property value successfully

2023-10-16 14:21:30 - [TEST_STEP][PASSED] - verifyElementPropertyValue(getResponse, "offers[10].groups[0].pricingPlans[0].pricingPlanData[0].allowedForAcquisition", "true"): Verify element property value successfully

2023-10-16 14:21:30 - [MESSAGE][PASSED] - Verify element property value successfully

2023-10-16 14:21:30 - [TEST_STEP][PASSED] - verifyElementPropertyValue(getResponse, "offers[10].groups[0].pricingPlans[0].pricingPlanData[0].visualElements[0].key", "title"): Verify element property value successfully

2023-10-16 14:21:30 - [MESSAGE][PASSED] - Verify element property value successfully

2023-10-16 14:21:30 - [TEST_STEP][PASSED] - verifyElementPropertyValue(getResponse, "offers[10].groups[0].pricingPlans[0].pricingPlanData[0].visualElements[0].value", "البطاقة المصرفية"): Verify element property value successfully

2023-10-16 14:21:30 - [MESSAGE][PASSED] - Verify element property value successfully

2023-10-16 14:21:30 - [TEST_STEP][PASSED] - verifyElementPropertyValue(getResponse, "offers[10].groups[0].pricingPlans[0].pricingPlanData[0].visualElements[1].key", "CTA_text"): Verify element property value successfully

2023-10-16 14:21:30 - [MESSAGE][PASSED] - Verify element property value successfully

2023-10-16 14:21:30 - [TEST_STEP][PASSED] - verifyElementPropertyValue(getResponse, "offers[10].groups[0].pricingPlans[0].pricingPlanData[0].visualElements[1].value", "اشترك"): Verify element property value successfully

2023-10-16 14:21:30 - [MESSAGE][PASSED] - Verify element property value successfully

2023-10-16 14:21:30 - [TEST_STEP][PASSED] - verifyElementPropertyValue(getResponse, "offers[10].groups[0].pricingPlans[0].pricingPlanData[0].visualElements[2].key", "logo"): Verify element property value successfully

2023-10-16 14:21:30 - [MESSAGE][PASSED] - Verify element property value successfully

2023-10-16 14:21:30 - [TEST_STEP][PASSED] - verifyElementPropertyValue(getResponse, "offers[10].groups[0].pricingPlans[0].pricingPlanData[0].visualElements[2].value", "https://static.s3.shahid.mbc.net/widget-images/icons/iconCreditCard.png"): Verify element property value successfully

2023-10-16 14:21:30 - [MESSAGE][PASSED] - Verify element property value successfully]]></system-out>
         <system-err><![CDATA[]]></system-err>
      </testcase>
      <testcase name="Test Cases/WEB - CHROME/ARE PI/WEB_EN_getOffersForARE_SPORT" time="4.059" classname="Test Cases/WEB - CHROME/ARE PI/WEB_EN_getOffersForARE_SPORT" status="FAILED">
         <failure type="FAILED" message="Test Cases/WEB - CHROME/ARE PI/WEB_EN_getOffersForARE_SPORT FAILED.
Reason:
com.kms.katalon.core.exception.StepFailedException: Expected element property value '30% Discount Offer' is not equal with actual property value '30% Discount Offer​'
	at com.kms.katalon.core.keyword.internal.KeywordMain.stepFailed(KeywordMain.groovy:39)
	at com.kms.katalon.core.webservice.keyword.builtin.VerifyElementPropertyValueKeyword$_verifyElementPropertyValue_closure1.doCall(VerifyElementPropertyValueKeyword.groovy:56)
	at com.kms.katalon.core.webservice.keyword.builtin.VerifyElementPropertyValueKeyword$_verifyElementPropertyValue_closure1.call(VerifyElementPropertyValueKeyword.groovy)
	at com.kms.katalon.core.keyword.internal.KeywordMain.runKeyword(KeywordMain.groovy:75)
	at com.kms.katalon.core.webservice.keyword.builtin.VerifyElementPropertyValueKeyword.verifyElementPropertyValue(VerifyElementPropertyValueKeyword.groovy:48)
	at com.kms.katalon.core.webservice.keyword.builtin.VerifyElementPropertyValueKeyword.execute(VerifyElementPropertyValueKeyword.groovy:43)
	at com.kms.katalon.core.keyword.internal.KeywordExecutor.executeKeywordForPlatform(KeywordExecutor.groovy:74)
	at com.kms.katalon.core.webservice.keyword.WSBuiltInKeywords.verifyElementPropertyValue(WSBuiltInKeywords.groovy:190)
	at com.kms.katalon.core.webservice.keyword.WSBuiltInKeywords$verifyElementPropertyValue$1.call(Unknown Source)
	at WEB_EN_getOffersForARE_SPORT.run(WEB_EN_getOffersForARE_SPORT:47)
	at com.kms.katalon.core.main.ScriptEngine.run(ScriptEngine.java:194)
	at com.kms.katalon.core.main.ScriptEngine.runScriptAsRawText(ScriptEngine.java:119)
	at com.kms.katalon.core.main.TestCaseExecutor.runScript(TestCaseExecutor.java:448)
	at com.kms.katalon.core.main.TestCaseExecutor.doExecute(TestCaseExecutor.java:439)
	at com.kms.katalon.core.main.TestCaseExecutor.processExecutionPhase(TestCaseExecutor.java:418)
	at com.kms.katalon.core.main.TestCaseExecutor.accessMainPhase(TestCaseExecutor.java:410)
	at com.kms.katalon.core.main.TestCaseExecutor.execute(TestCaseExecutor.java:285)
	at com.kms.katalon.core.common.CommonExecutor.accessTestCaseMainPhase(CommonExecutor.java:65)
	at com.kms.katalon.core.main.TestSuiteExecutor.accessTestSuiteMainPhase(TestSuiteExecutor.java:148)
	at com.kms.katalon.core.main.TestSuiteExecutor.execute(TestSuiteExecutor.java:106)
	at com.kms.katalon.core.main.TestCaseMain.startTestSuite(TestCaseMain.java:187)
	at com.kms.katalon.core.main.TestCaseMain$startTestSuite$0.call(Unknown Source)
	at TempTestSuite1697454225698.run(TempTestSuite1697454225698.groovy:36)
"/>
         <system-out><![CDATA[2023-10-16 14:21:30 - [TEST_CASE][FAILED] - Test Cases/WEB - CHROME/ARE PI/WEB_EN_getOffersForARE_SPORT: Test Cases/WEB - CHROME/ARE PI/WEB_EN_getOffersForARE_SPORT FAILED.
Reason:
com.kms.katalon.core.exception.StepFailedException: Expected element property value '30% Discount Offer' is not equal with actual property value '30% Discount Offer​'
	at com.kms.katalon.core.keyword.internal.KeywordMain.stepFailed(KeywordMain.groovy:39)
	at com.kms.katalon.core.webservice.keyword.builtin.VerifyElementPropertyValueKeyword$_verifyElementPropertyValue_closure1.doCall(VerifyElementPropertyValueKeyword.groovy:56)
	at com.kms.katalon.core.webservice.keyword.builtin.VerifyElementPropertyValueKeyword$_verifyElementPropertyValue_closure1.call(VerifyElementPropertyValueKeyword.groovy)
	at com.kms.katalon.core.keyword.internal.KeywordMain.runKeyword(KeywordMain.groovy:75)
	at com.kms.katalon.core.webservice.keyword.builtin.VerifyElementPropertyValueKeyword.verifyElementPropertyValue(VerifyElementPropertyValueKeyword.groovy:48)
	at com.kms.katalon.core.webservice.keyword.builtin.VerifyElementPropertyValueKeyword.execute(VerifyElementPropertyValueKeyword.groovy:43)
	at com.kms.katalon.core.keyword.internal.KeywordExecutor.executeKeywordForPlatform(KeywordExecutor.groovy:74)
	at com.kms.katalon.core.webservice.keyword.WSBuiltInKeywords.verifyElementPropertyValue(WSBuiltInKeywords.groovy:190)
	at com.kms.katalon.core.webservice.keyword.WSBuiltInKeywords$verifyElementPropertyValue$1.call(Unknown Source)
	at WEB_EN_getOffersForARE_SPORT.run(WEB_EN_getOffersForARE_SPORT:47)
	at com.kms.katalon.core.main.ScriptEngine.run(ScriptEngine.java:194)
	at com.kms.katalon.core.main.ScriptEngine.runScriptAsRawText(ScriptEngine.java:119)
	at com.kms.katalon.core.main.TestCaseExecutor.runScript(TestCaseExecutor.java:448)
	at com.kms.katalon.core.main.TestCaseExecutor.doExecute(TestCaseExecutor.java:439)
	at com.kms.katalon.core.main.TestCaseExecutor.processExecutionPhase(TestCaseExecutor.java:418)
	at com.kms.katalon.core.main.TestCaseExecutor.accessMainPhase(TestCaseExecutor.java:410)
	at com.kms.katalon.core.main.TestCaseExecutor.execute(TestCaseExecutor.java:285)
	at com.kms.katalon.core.common.CommonExecutor.accessTestCaseMainPhase(CommonExecutor.java:65)
	at com.kms.katalon.core.main.TestSuiteExecutor.accessTestSuiteMainPhase(TestSuiteExecutor.java:148)
	at com.kms.katalon.core.main.TestSuiteExecutor.execute(TestSuiteExecutor.java:106)
	at com.kms.katalon.core.main.TestCaseMain.startTestSuite(TestCaseMain.java:187)
	at com.kms.katalon.core.main.TestCaseMain$startTestSuite$0.call(Unknown Source)
	at TempTestSuite1697454225698.run(TempTestSuite1697454225698.groovy:36)


2023-10-16 14:21:30 - [TEST_STEP][PASSED] - getResponse = config_files.getConfigFile.getConfig("WEB", "EN", "SHAHID_VIP_SPORT", "AE", "false"): config_files.getConfigFile.getConfig is PASSED

2023-10-16 14:21:31 - [MESSAGE][INFO] - HAR: /Users/admin/git/shahid-configuration/Reports/20231016_140310/WEB/ARE/20231016_140345/requests/main/6.har

2023-10-16 14:21:31 - [MESSAGE][PASSED] - Send request successfully

2023-10-16 14:21:31 - [MESSAGE][PASSED] - config_files.getConfigFile.getConfig is PASSED

2023-10-16 14:21:31 - [TEST_STEP][PASSED] - verifyResponseStatusCode(getResponse, 200): Verify response status code successfully

2023-10-16 14:21:31 - [MESSAGE][PASSED] - Verify response status code successfully

2023-10-16 14:21:31 - [TEST_STEP][PASSED] - verifyElementPropertyValue(getResponse, "country", "ARE"): Verify element property value successfully

2023-10-16 14:21:31 - [MESSAGE][PASSED] - Verify element property value successfully

2023-10-16 14:21:31 - [TEST_STEP][PASSED] - verifyElementPropertyValue(getResponse, "platform", "[WEB]"): Verify element property value successfully

2023-10-16 14:21:31 - [MESSAGE][PASSED] - Verify element property value successfully

2023-10-16 14:21:31 - [TEST_STEP][PASSED] - verifyElementPropertyValue(getResponse, "offers[5].offerId", "winback-sport-30-offer"): Verify element property value successfully

2023-10-16 14:21:31 - [MESSAGE][PASSED] - Verify element property value successfully

2023-10-16 14:21:31 - [TEST_STEP][PASSED] - verifyElementPropertyValue(getResponse, "offers[5].offerParam", "sportsoffer30"): Verify element property value successfully

2023-10-16 14:21:31 - [MESSAGE][PASSED] - Verify element property value successfully

2023-10-16 14:21:31 - [TEST_STEP][PASSED] - verifyElementPropertyValue(getResponse, "offers[5].groups[0].pricingPlans[0].featured", "true"): Verify element property value successfully

2023-10-16 14:21:31 - [MESSAGE][PASSED] - Verify element property value successfully

2023-10-16 14:21:31 - [TEST_STEP][PASSED] - verifyElementPropertyValue(getResponse, "offers[5].groups[0].pricingPlans[0].period", "monthly"): Verify element property value successfully

2023-10-16 14:21:31 - [MESSAGE][PASSED] - Verify element property value successfully

2023-10-16 14:21:31 - [TEST_STEP][PASSED] - verifyElementPropertyValue(getResponse, "offers[5].groups[0].pricingPlans[0].featured", "true"): Verify element property value successfully

2023-10-16 14:21:31 - [MESSAGE][PASSED] - Verify element property value successfully

2023-10-16 14:21:31 - [TEST_STEP][PASSED] - verifyElementPropertyValue(getResponse, "offers[5].groups[0].pricingPlans[0].price", "48.99"): Verify element property value successfully

2023-10-16 14:21:31 - [MESSAGE][PASSED] - Verify element property value successfully

2023-10-16 14:21:31 - [TEST_STEP][PASSED] - verifyElementPropertyValue(getResponse, "offers[5].groups[0].pricingPlans[0].currency", "AED"): Verify element property value successfully

2023-10-16 14:21:31 - [MESSAGE][PASSED] - Verify element property value successfully

2023-10-16 14:21:31 - [TEST_STEP][PASSED] - verifyElementPropertyValue(getResponse, "offers[5].groups[0].pricingPlans[0].order", "0"): Verify element property value successfully

2023-10-16 14:21:31 - [MESSAGE][PASSED] - Verify element property value successfully

2023-10-16 14:21:31 - [TEST_STEP][PASSED] - verifyElementPropertyValue(getResponse, "offers[5].groups[0].pricingPlans[0].packageId", "SHAHID_VIP_SPORT"): Verify element property value successfully

2023-10-16 14:21:31 - [MESSAGE][PASSED] - Verify element property value successfully

2023-10-16 14:21:31 - [TEST_STEP][PASSED] - verifyElementPropertyValue(getResponse, "offers[5].groups[0].pricingPlans[0].catalogId", "SPORT"): Verify element property value successfully

2023-10-16 14:21:31 - [MESSAGE][PASSED] - Verify element property value successfully

2023-10-16 14:21:31 - [TEST_STEP][PASSED] - verifyElementPropertyValue(getResponse, "offers[5].groups[0].pricingPlans[0].visualElements[0].key", "Header_1_text"): Verify element property value successfully

2023-10-16 14:21:31 - [MESSAGE][PASSED] - Verify element property value successfully

2023-10-16 14:21:31 - [TEST_STEP][PASSED] - verifyElementPropertyValue(getResponse, "offers[5].groups[0].pricingPlans[0].visualElements[0].value", "Watch the most powerful series and movies exclusively without stopping"): Verify element property value successfully

2023-10-16 14:21:31 - [MESSAGE][PASSED] - Verify element property value successfully

2023-10-16 14:21:31 - [TEST_STEP][PASSED] - verifyElementPropertyValue(getResponse, "offers[5].groups[0].pricingPlans[0].visualElements[1].key", "display_title"): Verify element property value successfully

2023-10-16 14:21:31 - [MESSAGE][PASSED] - Verify element property value successfully

2023-10-16 14:21:31 - [TEST_STEP][FAILED] - verifyElementPropertyValue(getResponse, "offers[5].groups[0].pricingPlans[0].visualElements[1].value", "30% Discount Offer"): Expected element property value '30% Discount Offer' is not equal with actual property value '30% Discount Offer​'

2023-10-16 14:21:31 - [MESSAGE][FAILED] - Expected element property value '30% Discount Offer' is not equal with actual property value '30% Discount Offer​'

2023-10-16 14:21:31 - [TEST_STEP][PASSED] - verifyElementPropertyValue(getResponse, "offers[5].groups[0].pricingPlans[0].visualElements[3].key", "deduction_text"): Verify element property value successfully

2023-10-16 14:21:31 - [MESSAGE][PASSED] - Verify element property value successfully

2023-10-16 14:21:31 - [TEST_STEP][PASSED] - verifyElementPropertyValue(getResponse, "offers[5].groups[0].pricingPlans[0].visualElements[3].value", "billed every month"): Verify element property value successfully

2023-10-16 14:21:31 - [MESSAGE][PASSED] - Verify element property value successfully

2023-10-16 14:21:31 - [TEST_STEP][PASSED] - verifyElementPropertyValue(getResponse, "offers[5].groups[0].pricingPlans[0].visualElements[6].key", "show_payment_logo"): Verify element property value successfully

2023-10-16 14:21:31 - [MESSAGE][PASSED] - Verify element property value successfully

2023-10-16 14:21:31 - [TEST_STEP][PASSED] - verifyElementPropertyValue(getResponse, "offers[5].groups[0].pricingPlans[0].visualElements[6].value", "true"): Verify element property value successfully

2023-10-16 14:21:31 - [MESSAGE][PASSED] - Verify element property value successfully

2023-10-16 14:21:31 - [TEST_STEP][PASSED] - verifyElementPropertyValue(getResponse, "offers[5].groups[0].pricingPlans[0].visualElements[8].key", "price"): Verify element property value successfully

2023-10-16 14:21:31 - [MESSAGE][PASSED] - Verify element property value successfully

2023-10-16 14:21:31 - [TEST_STEP][PASSED] - verifyElementPropertyValue(getResponse, "offers[5].groups[0].pricingPlans[0].visualElements[8].value", "48.99"): Verify element property value successfully

2023-10-16 14:21:31 - [MESSAGE][PASSED] - Verify element property value successfully

2023-10-16 14:21:31 - [TEST_STEP][PASSED] - verifyElementPropertyValue(getResponse, "offers[5].groups[0].pricingPlans[0].visualElements[9].key", "currency"): Verify element property value successfully

2023-10-16 14:21:31 - [MESSAGE][PASSED] - Verify element property value successfully

2023-10-16 14:21:31 - [TEST_STEP][PASSED] - verifyElementPropertyValue(getResponse, "offers[5].groups[0].pricingPlans[0].visualElements[9].value", "AED"): Verify element property value successfully

2023-10-16 14:21:31 - [MESSAGE][PASSED] - Verify element property value successfully

2023-10-16 14:21:31 - [TEST_STEP][PASSED] - verifyElementPropertyValue(getResponse, "offers[5].groups[0].pricingPlans[0].visualElements[10].key", "duration"): Verify element property value successfully

2023-10-16 14:21:31 - [MESSAGE][PASSED] - Verify element property value successfully

2023-10-16 14:21:31 - [TEST_STEP][PASSED] - verifyElementPropertyValue(getResponse, "offers[5].groups[0].pricingPlans[0].visualElements[10].value", "Monthly"): Verify element property value successfully

2023-10-16 14:21:31 - [MESSAGE][PASSED] - Verify element property value successfully

2023-10-16 14:21:31 - [TEST_STEP][PASSED] - verifyElementPropertyValue(getResponse, "offers[5].groups[0].pricingPlans[0].visualElements[11].key", "featured_tag_text"): Verify element property value successfully

2023-10-16 14:21:31 - [MESSAGE][PASSED] - Verify element property value successfully

2023-10-16 14:21:31 - [TEST_STEP][PASSED] - verifyElementPropertyValue(getResponse, "offers[5].groups[0].pricingPlans[0].visualElements[11].value", "Limited Time Offer"): Verify element property value successfully

2023-10-16 14:21:31 - [MESSAGE][PASSED] - Verify element property value successfully

2023-10-16 14:21:31 - [TEST_STEP][PASSED] - verifyElementPropertyValue(getResponse, "offers[5].groups[0].pricingPlans[0].visualElements[12].key", "show_tag"): Verify element property value successfully

2023-10-16 14:21:31 - [MESSAGE][PASSED] - Verify element property value successfully

2023-10-16 14:21:31 - [TEST_STEP][PASSED] - verifyElementPropertyValue(getResponse, "offers[5].groups[0].pricingPlans[0].visualElements[12].value", "true"): Verify element property value successfully

2023-10-16 14:21:31 - [MESSAGE][PASSED] - Verify element property value successfully

2023-10-16 14:21:31 - [TEST_STEP][PASSED] - verifyElementPropertyValue(getResponse, "offers[5].groups[0].pricingPlans[0].visualElements[13].key", "tag_text"): Verify element property value successfully

2023-10-16 14:21:31 - [MESSAGE][PASSED] - Verify element property value successfully

2023-10-16 14:21:31 - [TEST_STEP][PASSED] - verifyElementPropertyValue(getResponse, "offers[5].groups[0].pricingPlans[0].visualElements[13].value", "Save 30%"): Verify element property value successfully

2023-10-16 14:21:31 - [MESSAGE][PASSED] - Verify element property value successfully

2023-10-16 14:21:31 - [TEST_STEP][PASSED] - verifyElementPropertyValue(getResponse, "offers[5].groups[0].pricingPlans[0].pricingPlanData[0].productId", "UAE_B2C_SHAHID_VIP_SPORT_1M"): Verify element property value successfully

2023-10-16 14:21:31 - [MESSAGE][PASSED] - Verify element property value successfully

2023-10-16 14:21:31 - [TEST_STEP][PASSED] - verifyElementPropertyValue(getResponse, "offers[5].groups[0].pricingPlans[0].pricingPlanData[0].paymentMethod", "CREDIT_CARD"): Verify element property value successfully

2023-10-16 14:21:31 - [MESSAGE][PASSED] - Verify element property value successfully

2023-10-16 14:21:31 - [TEST_STEP][PASSED] - verifyElementPropertyValue(getResponse, "offers[5].groups[0].pricingPlans[0].pricingPlanData[0].freeTrialEnabled", "false"): Verify element property value successfully

2023-10-16 14:21:31 - [MESSAGE][PASSED] - Verify element property value successfully

2023-10-16 14:21:31 - [TEST_STEP][PASSED] - verifyElementPropertyValue(getResponse, "offers[5].groups[0].pricingPlans[0].pricingPlanData[0].showIn[0]", "VERTICAL_MODE"): Verify element property value successfully

2023-10-16 14:21:31 - [MESSAGE][PASSED] - Verify element property value successfully

2023-10-16 14:21:31 - [TEST_STEP][PASSED] - verifyElementPropertyValue(getResponse, "offers[5].groups[0].pricingPlans[0].pricingPlanData[0].showIn[1]", "HORIZONTAL_MODE"): Verify element property value successfully

2023-10-16 14:21:31 - [MESSAGE][PASSED] - Verify element property value successfully

2023-10-16 14:21:31 - [TEST_STEP][PASSED] - verifyElementPropertyValue(getResponse, "offers[5].groups[0].pricingPlans[0].pricingPlanData[0].priceLabel", "48.99"): Verify element property value successfully

2023-10-16 14:21:31 - [MESSAGE][PASSED] - Verify element property value successfully

2023-10-16 14:21:31 - [TEST_STEP][PASSED] - verifyElementPropertyValue(getResponse, "offers[5].groups[0].pricingPlans[0].pricingPlanData[0].currencyLabel", "AED"): Verify element property value successfully

2023-10-16 14:21:31 - [MESSAGE][PASSED] - Verify element property value successfully

2023-10-16 14:21:31 - [TEST_STEP][PASSED] - verifyElementPropertyValue(getResponse, "offers[5].groups[0].pricingPlans[0].pricingPlanData[0].dealId", "WB_SPORT_30P_ARE"): Verify element property value successfully

2023-10-16 14:21:31 - [MESSAGE][PASSED] - Verify element property value successfully

2023-10-16 14:21:31 - [TEST_STEP][PASSED] - verifyElementPropertyValue(getResponse, "offers[5].groups[0].pricingPlans[0].pricingPlanData[0].allowedForAcquisition", "true"): Verify element property value successfully

2023-10-16 14:21:31 - [MESSAGE][PASSED] - Verify element property value successfully

2023-10-16 14:21:31 - [TEST_STEP][PASSED] - verifyElementPropertyValue(getResponse, "offers[5].groups[0].pricingPlans[0].pricingPlanData[0].visualElements[0].key", "title"): Verify element property value successfully

2023-10-16 14:21:31 - [MESSAGE][PASSED] - Verify element property value successfully

2023-10-16 14:21:31 - [TEST_STEP][PASSED] - verifyElementPropertyValue(getResponse, "offers[5].groups[0].pricingPlans[0].pricingPlanData[0].visualElements[0].value", "Credit/Debit Card"): Verify element property value successfully

2023-10-16 14:21:31 - [MESSAGE][PASSED] - Verify element property value successfully

2023-10-16 14:21:31 - [TEST_STEP][PASSED] - verifyElementPropertyValue(getResponse, "offers[5].groups[0].pricingPlans[0].pricingPlanData[0].visualElements[1].key", "CTA_text"): Verify element property value successfully

2023-10-16 14:21:31 - [MESSAGE][PASSED] - Verify element property value successfully

2023-10-16 14:21:31 - [TEST_STEP][PASSED] - verifyElementPropertyValue(getResponse, "offers[5].groups[0].pricingPlans[0].pricingPlanData[0].visualElements[1].value", "Subscribe"): Verify element property value successfully

2023-10-16 14:21:31 - [MESSAGE][PASSED] - Verify element property value successfully

2023-10-16 14:21:31 - [TEST_STEP][PASSED] - verifyElementPropertyValue(getResponse, "offers[5].groups[0].pricingPlans[0].pricingPlanData[0].visualElements[2].key", "logo"): Verify element property value successfully

2023-10-16 14:21:31 - [MESSAGE][PASSED] - Verify element property value successfully

2023-10-16 14:21:31 - [TEST_STEP][PASSED] - verifyElementPropertyValue(getResponse, "offers[5].groups[0].pricingPlans[0].pricingPlanData[0].visualElements[2].value", "https://static.s3.shahid.mbc.net/widget-images/icons/iconCreditCard.png"): Verify element property value successfully

2023-10-16 14:21:31 - [MESSAGE][PASSED] - Verify element property value successfully

2023-10-16 14:21:32 - [TEST_STEP][PASSED] - verifyElementPropertyValue(getResponse, "offers[6].offerId", "winback-sport-40-offer"): Verify element property value successfully

2023-10-16 14:21:32 - [MESSAGE][PASSED] - Verify element property value successfully

2023-10-16 14:21:32 - [TEST_STEP][PASSED] - verifyElementPropertyValue(getResponse, "offers[6].offerParam", "sportsoffer40"): Verify element property value successfully

2023-10-16 14:21:32 - [MESSAGE][PASSED] - Verify element property value successfully

2023-10-16 14:21:32 - [TEST_STEP][PASSED] - verifyElementPropertyValue(getResponse, "offers[6].groups[0].pricingPlans[0].featured", "true"): Verify element property value successfully

2023-10-16 14:21:32 - [MESSAGE][PASSED] - Verify element property value successfully

2023-10-16 14:21:32 - [TEST_STEP][PASSED] - verifyElementPropertyValue(getResponse, "offers[6].groups[0].pricingPlans[0].period", "monthly"): Verify element property value successfully

2023-10-16 14:21:32 - [MESSAGE][PASSED] - Verify element property value successfully

2023-10-16 14:21:32 - [TEST_STEP][PASSED] - verifyElementPropertyValue(getResponse, "offers[6].groups[0].pricingPlans[0].featured", "true"): Verify element property value successfully

2023-10-16 14:21:32 - [MESSAGE][PASSED] - Verify element property value successfully

2023-10-16 14:21:32 - [TEST_STEP][PASSED] - verifyElementPropertyValue(getResponse, "offers[6].groups[0].pricingPlans[0].price", "41.99"): Verify element property value successfully

2023-10-16 14:21:32 - [MESSAGE][PASSED] - Verify element property value successfully

2023-10-16 14:21:32 - [TEST_STEP][PASSED] - verifyElementPropertyValue(getResponse, "offers[6].groups[0].pricingPlans[0].currency", "AED"): Verify element property value successfully

2023-10-16 14:21:32 - [MESSAGE][PASSED] - Verify element property value successfully

2023-10-16 14:21:32 - [TEST_STEP][PASSED] - verifyElementPropertyValue(getResponse, "offers[6].groups[0].pricingPlans[0].order", "0"): Verify element property value successfully

2023-10-16 14:21:32 - [MESSAGE][PASSED] - Verify element property value successfully

2023-10-16 14:21:32 - [TEST_STEP][PASSED] - verifyElementPropertyValue(getResponse, "offers[6].groups[0].pricingPlans[0].packageId", "SHAHID_VIP_SPORT"): Verify element property value successfully

2023-10-16 14:21:32 - [MESSAGE][PASSED] - Verify element property value successfully

2023-10-16 14:21:32 - [TEST_STEP][PASSED] - verifyElementPropertyValue(getResponse, "offers[6].groups[0].pricingPlans[0].catalogId", "SPORT"): Verify element property value successfully

2023-10-16 14:21:32 - [MESSAGE][PASSED] - Verify element property value successfully

2023-10-16 14:21:32 - [TEST_STEP][PASSED] - verifyElementPropertyValue(getResponse, "offers[6].groups[0].pricingPlans[0].visualElements[0].key", "Header_1_text"): Verify element property value successfully

2023-10-16 14:21:32 - [MESSAGE][PASSED] - Verify element property value successfully

2023-10-16 14:21:32 - [TEST_STEP][PASSED] - verifyElementPropertyValue(getResponse, "offers[6].groups[0].pricingPlans[0].visualElements[0].value", "Watch the most powerful series and movies exclusively without stopping"): Verify element property value successfully

2023-10-16 14:21:32 - [MESSAGE][PASSED] - Verify element property value successfully

2023-10-16 14:21:32 - [TEST_STEP][PASSED] - verifyElementPropertyValue(getResponse, "offers[6].groups[0].pricingPlans[0].visualElements[1].key", "display_title"): Verify element property value successfully

2023-10-16 14:21:32 - [MESSAGE][PASSED] - Verify element property value successfully

2023-10-16 14:21:32 - [TEST_STEP][FAILED] - verifyElementPropertyValue(getResponse, "offers[6].groups[0].pricingPlans[0].visualElements[1].value", "40% Discount Offer"): Expected element property value '40% Discount Offer' is not equal with actual property value '40% Discount Offer​'

2023-10-16 14:21:32 - [MESSAGE][FAILED] - Expected element property value '40% Discount Offer' is not equal with actual property value '40% Discount Offer​'

2023-10-16 14:21:32 - [TEST_STEP][PASSED] - verifyElementPropertyValue(getResponse, "offers[6].groups[0].pricingPlans[0].visualElements[3].key", "deduction_text"): Verify element property value successfully

2023-10-16 14:21:32 - [MESSAGE][PASSED] - Verify element property value successfully

2023-10-16 14:21:32 - [TEST_STEP][PASSED] - verifyElementPropertyValue(getResponse, "offers[6].groups[0].pricingPlans[0].visualElements[3].value", "billed every month"): Verify element property value successfully

2023-10-16 14:21:32 - [MESSAGE][PASSED] - Verify element property value successfully

2023-10-16 14:21:32 - [TEST_STEP][PASSED] - verifyElementPropertyValue(getResponse, "offers[6].groups[0].pricingPlans[0].visualElements[6].key", "show_payment_logo"): Verify element property value successfully

2023-10-16 14:21:32 - [MESSAGE][PASSED] - Verify element property value successfully

2023-10-16 14:21:32 - [TEST_STEP][PASSED] - verifyElementPropertyValue(getResponse, "offers[6].groups[0].pricingPlans[0].visualElements[6].value", "true"): Verify element property value successfully

2023-10-16 14:21:32 - [MESSAGE][PASSED] - Verify element property value successfully

2023-10-16 14:21:32 - [TEST_STEP][PASSED] - verifyElementPropertyValue(getResponse, "offers[6].groups[0].pricingPlans[0].visualElements[8].key", "price"): Verify element property value successfully

2023-10-16 14:21:32 - [MESSAGE][PASSED] - Verify element property value successfully

2023-10-16 14:21:32 - [TEST_STEP][PASSED] - verifyElementPropertyValue(getResponse, "offers[6].groups[0].pricingPlans[0].visualElements[8].value", "41.99"): Verify element property value successfully

2023-10-16 14:21:32 - [MESSAGE][PASSED] - Verify element property value successfully

2023-10-16 14:21:32 - [TEST_STEP][PASSED] - verifyElementPropertyValue(getResponse, "offers[6].groups[0].pricingPlans[0].visualElements[9].key", "currency"): Verify element property value successfully

2023-10-16 14:21:32 - [MESSAGE][PASSED] - Verify element property value successfully

2023-10-16 14:21:32 - [TEST_STEP][PASSED] - verifyElementPropertyValue(getResponse, "offers[6].groups[0].pricingPlans[0].visualElements[9].value", "AED"): Verify element property value successfully

2023-10-16 14:21:32 - [MESSAGE][PASSED] - Verify element property value successfully

2023-10-16 14:21:32 - [TEST_STEP][PASSED] - verifyElementPropertyValue(getResponse, "offers[6].groups[0].pricingPlans[0].visualElements[10].key", "duration"): Verify element property value successfully

2023-10-16 14:21:32 - [MESSAGE][PASSED] - Verify element property value successfully

2023-10-16 14:21:32 - [TEST_STEP][PASSED] - verifyElementPropertyValue(getResponse, "offers[6].groups[0].pricingPlans[0].visualElements[10].value", "Monthly"): Verify element property value successfully

2023-10-16 14:21:32 - [MESSAGE][PASSED] - Verify element property value successfully

2023-10-16 14:21:32 - [TEST_STEP][PASSED] - verifyElementPropertyValue(getResponse, "offers[6].groups[0].pricingPlans[0].visualElements[11].key", "featured_tag_text"): Verify element property value successfully

2023-10-16 14:21:32 - [MESSAGE][PASSED] - Verify element property value successfully

2023-10-16 14:21:32 - [TEST_STEP][PASSED] - verifyElementPropertyValue(getResponse, "offers[6].groups[0].pricingPlans[0].visualElements[11].value", "Limited Time Offer"): Verify element property value successfully

2023-10-16 14:21:32 - [MESSAGE][PASSED] - Verify element property value successfully

2023-10-16 14:21:32 - [TEST_STEP][PASSED] - verifyElementPropertyValue(getResponse, "offers[6].groups[0].pricingPlans[0].visualElements[13].key", "tag_text"): Verify element property value successfully

2023-10-16 14:21:32 - [MESSAGE][PASSED] - Verify element property value successfully

2023-10-16 14:21:32 - [TEST_STEP][PASSED] - verifyElementPropertyValue(getResponse, "offers[6].groups[0].pricingPlans[0].visualElements[13].value", "Save 40%"): Verify element property value successfully

2023-10-16 14:21:32 - [MESSAGE][PASSED] - Verify element property value successfully

2023-10-16 14:21:32 - [TEST_STEP][PASSED] - verifyElementPropertyValue(getResponse, "offers[6].groups[0].pricingPlans[0].visualElements[12].key", "show_tag"): Verify element property value successfully

2023-10-16 14:21:32 - [MESSAGE][PASSED] - Verify element property value successfully

2023-10-16 14:21:32 - [TEST_STEP][PASSED] - verifyElementPropertyValue(getResponse, "offers[6].groups[0].pricingPlans[0].visualElements[12].value", "true"): Verify element property value successfully

2023-10-16 14:21:32 - [MESSAGE][PASSED] - Verify element property value successfully

2023-10-16 14:21:32 - [TEST_STEP][PASSED] - verifyElementPropertyValue(getResponse, "offers[6].groups[0].pricingPlans[0].pricingPlanData[0].productId", "UAE_B2C_SHAHID_VIP_SPORT_1M"): Verify element property value successfully

2023-10-16 14:21:32 - [MESSAGE][PASSED] - Verify element property value successfully

2023-10-16 14:21:32 - [TEST_STEP][PASSED] - verifyElementPropertyValue(getResponse, "offers[6].groups[0].pricingPlans[0].pricingPlanData[0].paymentMethod", "CREDIT_CARD"): Verify element property value successfully

2023-10-16 14:21:32 - [MESSAGE][PASSED] - Verify element property value successfully

2023-10-16 14:21:32 - [TEST_STEP][PASSED] - verifyElementPropertyValue(getResponse, "offers[6].groups[0].pricingPlans[0].pricingPlanData[0].freeTrialEnabled", "false"): Verify element property value successfully

2023-10-16 14:21:32 - [MESSAGE][PASSED] - Verify element property value successfully

2023-10-16 14:21:32 - [TEST_STEP][PASSED] - verifyElementPropertyValue(getResponse, "offers[6].groups[0].pricingPlans[0].pricingPlanData[0].showIn[0]", "VERTICAL_MODE"): Verify element property value successfully

2023-10-16 14:21:32 - [MESSAGE][PASSED] - Verify element property value successfully

2023-10-16 14:21:32 - [TEST_STEP][PASSED] - verifyElementPropertyValue(getResponse, "offers[6].groups[0].pricingPlans[0].pricingPlanData[0].showIn[1]", "HORIZONTAL_MODE"): Verify element property value successfully

2023-10-16 14:21:32 - [MESSAGE][PASSED] - Verify element property value successfully

2023-10-16 14:21:32 - [TEST_STEP][PASSED] - verifyElementPropertyValue(getResponse, "offers[6].groups[0].pricingPlans[0].pricingPlanData[0].priceLabel", "41.99"): Verify element property value successfully

2023-10-16 14:21:32 - [MESSAGE][PASSED] - Verify element property value successfully

2023-10-16 14:21:32 - [TEST_STEP][PASSED] - verifyElementPropertyValue(getResponse, "offers[6].groups[0].pricingPlans[0].pricingPlanData[0].currencyLabel", "AED"): Verify element property value successfully

2023-10-16 14:21:32 - [MESSAGE][PASSED] - Verify element property value successfully

2023-10-16 14:21:32 - [TEST_STEP][PASSED] - verifyElementPropertyValue(getResponse, "offers[6].groups[0].pricingPlans[0].pricingPlanData[0].dealId", "WB_SPORT_40P_ARE"): Verify element property value successfully

2023-10-16 14:21:32 - [MESSAGE][PASSED] - Verify element property value successfully

2023-10-16 14:21:32 - [TEST_STEP][PASSED] - verifyElementPropertyValue(getResponse, "offers[6].groups[0].pricingPlans[0].pricingPlanData[0].allowedForAcquisition", "true"): Verify element property value successfully

2023-10-16 14:21:32 - [MESSAGE][PASSED] - Verify element property value successfully

2023-10-16 14:21:32 - [TEST_STEP][PASSED] - verifyElementPropertyValue(getResponse, "offers[6].groups[0].pricingPlans[0].pricingPlanData[0].visualElements[0].key", "title"): Verify element property value successfully

2023-10-16 14:21:32 - [MESSAGE][PASSED] - Verify element property value successfully

2023-10-16 14:21:32 - [TEST_STEP][PASSED] - verifyElementPropertyValue(getResponse, "offers[6].groups[0].pricingPlans[0].pricingPlanData[0].visualElements[0].value", "Credit/Debit Card"): Verify element property value successfully

2023-10-16 14:21:32 - [MESSAGE][PASSED] - Verify element property value successfully

2023-10-16 14:21:32 - [TEST_STEP][PASSED] - verifyElementPropertyValue(getResponse, "offers[6].groups[0].pricingPlans[0].pricingPlanData[0].visualElements[1].key", "CTA_text"): Verify element property value successfully

2023-10-16 14:21:32 - [MESSAGE][PASSED] - Verify element property value successfully

2023-10-16 14:21:32 - [TEST_STEP][PASSED] - verifyElementPropertyValue(getResponse, "offers[6].groups[0].pricingPlans[0].pricingPlanData[0].visualElements[1].value", "Subscribe"): Verify element property value successfully

2023-10-16 14:21:32 - [MESSAGE][PASSED] - Verify element property value successfully

2023-10-16 14:21:32 - [TEST_STEP][PASSED] - verifyElementPropertyValue(getResponse, "offers[6].groups[0].pricingPlans[0].pricingPlanData[0].visualElements[2].key", "logo"): Verify element property value successfully

2023-10-16 14:21:32 - [MESSAGE][PASSED] - Verify element property value successfully

2023-10-16 14:21:32 - [TEST_STEP][PASSED] - verifyElementPropertyValue(getResponse, "offers[6].groups[0].pricingPlans[0].pricingPlanData[0].visualElements[2].value", "https://static.s3.shahid.mbc.net/widget-images/icons/iconCreditCard.png"): Verify element property value successfully

2023-10-16 14:21:32 - [MESSAGE][PASSED] - Verify element property value successfully

2023-10-16 14:21:32 - [TEST_STEP][PASSED] - verifyElementPropertyValue(getResponse, "offers[7].offerId", "winback-sport-50-offer"): Verify element property value successfully

2023-10-16 14:21:32 - [MESSAGE][PASSED] - Verify element property value successfully

2023-10-16 14:21:32 - [TEST_STEP][PASSED] - verifyElementPropertyValue(getResponse, "offers[7].offerParam", "sportsoffer50"): Verify element property value successfully

2023-10-16 14:21:32 - [MESSAGE][PASSED] - Verify element property value successfully

2023-10-16 14:21:32 - [TEST_STEP][PASSED] - verifyElementPropertyValue(getResponse, "offers[7].groups[0].pricingPlans[0].featured", "true"): Verify element property value successfully

2023-10-16 14:21:32 - [MESSAGE][PASSED] - Verify element property value successfully

2023-10-16 14:21:32 - [TEST_STEP][PASSED] - verifyElementPropertyValue(getResponse, "offers[7].groups[0].pricingPlans[0].period", "monthly"): Verify element property value successfully

2023-10-16 14:21:32 - [MESSAGE][PASSED] - Verify element property value successfully

2023-10-16 14:21:32 - [TEST_STEP][PASSED] - verifyElementPropertyValue(getResponse, "offers[7].groups[0].pricingPlans[0].featured", "true"): Verify element property value successfully

2023-10-16 14:21:32 - [MESSAGE][PASSED] - Verify element property value successfully

2023-10-16 14:21:32 - [TEST_STEP][PASSED] - verifyElementPropertyValue(getResponse, "offers[7].groups[0].pricingPlans[0].price", "34.99"): Verify element property value successfully

2023-10-16 14:21:32 - [MESSAGE][PASSED] - Verify element property value successfully

2023-10-16 14:21:32 - [TEST_STEP][PASSED] - verifyElementPropertyValue(getResponse, "offers[7].groups[0].pricingPlans[0].currency", "AED"): Verify element property value successfully

2023-10-16 14:21:32 - [MESSAGE][PASSED] - Verify element property value successfully

2023-10-16 14:21:32 - [TEST_STEP][PASSED] - verifyElementPropertyValue(getResponse, "offers[7].groups[0].pricingPlans[0].order", "0"): Verify element property value successfully

2023-10-16 14:21:32 - [MESSAGE][PASSED] - Verify element property value successfully

2023-10-16 14:21:32 - [TEST_STEP][PASSED] - verifyElementPropertyValue(getResponse, "offers[7].groups[0].pricingPlans[0].packageId", "SHAHID_VIP_SPORT"): Verify element property value successfully

2023-10-16 14:21:32 - [MESSAGE][PASSED] - Verify element property value successfully

2023-10-16 14:21:32 - [TEST_STEP][PASSED] - verifyElementPropertyValue(getResponse, "offers[7].groups[0].pricingPlans[0].catalogId", "SPORT"): Verify element property value successfully

2023-10-16 14:21:32 - [MESSAGE][PASSED] - Verify element property value successfully

2023-10-16 14:21:32 - [TEST_STEP][PASSED] - verifyElementPropertyValue(getResponse, "offers[7].groups[0].pricingPlans[0].visualElements[0].key", "Header_1_text"): Verify element property value successfully

2023-10-16 14:21:32 - [MESSAGE][PASSED] - Verify element property value successfully

2023-10-16 14:21:32 - [TEST_STEP][PASSED] - verifyElementPropertyValue(getResponse, "offers[7].groups[0].pricingPlans[0].visualElements[0].value", "Watch the most powerful series and movies exclusively without stopping"): Verify element property value successfully

2023-10-16 14:21:32 - [MESSAGE][PASSED] - Verify element property value successfully

2023-10-16 14:21:32 - [TEST_STEP][PASSED] - verifyElementPropertyValue(getResponse, "offers[7].groups[0].pricingPlans[0].visualElements[1].key", "display_title"): Verify element property value successfully

2023-10-16 14:21:32 - [MESSAGE][PASSED] - Verify element property value successfully

2023-10-16 14:21:32 - [TEST_STEP][FAILED] - verifyElementPropertyValue(getResponse, "offers[7].groups[0].pricingPlans[0].visualElements[1].value", "50% Discount Offer"): Expected element property value '50% Discount Offer' is not equal with actual property value '50% Discount Offer​'

2023-10-16 14:21:32 - [MESSAGE][FAILED] - Expected element property value '50% Discount Offer' is not equal with actual property value '50% Discount Offer​'

2023-10-16 14:21:32 - [TEST_STEP][PASSED] - verifyElementPropertyValue(getResponse, "offers[7].groups[0].pricingPlans[0].visualElements[3].key", "deduction_text"): Verify element property value successfully

2023-10-16 14:21:32 - [MESSAGE][PASSED] - Verify element property value successfully

2023-10-16 14:21:32 - [TEST_STEP][PASSED] - verifyElementPropertyValue(getResponse, "offers[7].groups[0].pricingPlans[0].visualElements[3].value", "billed every month"): Verify element property value successfully

2023-10-16 14:21:32 - [MESSAGE][PASSED] - Verify element property value successfully

2023-10-16 14:21:32 - [TEST_STEP][PASSED] - verifyElementPropertyValue(getResponse, "offers[7].groups[0].pricingPlans[0].visualElements[6].key", "show_payment_logo"): Verify element property value successfully

2023-10-16 14:21:32 - [MESSAGE][PASSED] - Verify element property value successfully

2023-10-16 14:21:32 - [TEST_STEP][PASSED] - verifyElementPropertyValue(getResponse, "offers[7].groups[0].pricingPlans[0].visualElements[6].value", "true"): Verify element property value successfully

2023-10-16 14:21:32 - [MESSAGE][PASSED] - Verify element property value successfully

2023-10-16 14:21:32 - [TEST_STEP][PASSED] - verifyElementPropertyValue(getResponse, "offers[7].groups[0].pricingPlans[0].visualElements[8].key", "price"): Verify element property value successfully

2023-10-16 14:21:32 - [MESSAGE][PASSED] - Verify element property value successfully

2023-10-16 14:21:32 - [TEST_STEP][PASSED] - verifyElementPropertyValue(getResponse, "offers[7].groups[0].pricingPlans[0].visualElements[8].value", "34.99"): Verify element property value successfully

2023-10-16 14:21:32 - [MESSAGE][PASSED] - Verify element property value successfully

2023-10-16 14:21:32 - [TEST_STEP][PASSED] - verifyElementPropertyValue(getResponse, "offers[7].groups[0].pricingPlans[0].visualElements[9].key", "currency"): Verify element property value successfully

2023-10-16 14:21:32 - [MESSAGE][PASSED] - Verify element property value successfully

2023-10-16 14:21:32 - [TEST_STEP][PASSED] - verifyElementPropertyValue(getResponse, "offers[7].groups[0].pricingPlans[0].visualElements[9].value", "AED"): Verify element property value successfully

2023-10-16 14:21:32 - [MESSAGE][PASSED] - Verify element property value successfully

2023-10-16 14:21:32 - [TEST_STEP][PASSED] - verifyElementPropertyValue(getResponse, "offers[7].groups[0].pricingPlans[0].visualElements[10].key", "duration"): Verify element property value successfully

2023-10-16 14:21:32 - [MESSAGE][PASSED] - Verify element property value successfully

2023-10-16 14:21:32 - [TEST_STEP][PASSED] - verifyElementPropertyValue(getResponse, "offers[7].groups[0].pricingPlans[0].visualElements[10].value", "Monthly"): Verify element property value successfully

2023-10-16 14:21:32 - [MESSAGE][PASSED] - Verify element property value successfully

2023-10-16 14:21:32 - [TEST_STEP][PASSED] - verifyElementPropertyValue(getResponse, "offers[7].groups[0].pricingPlans[0].visualElements[11].key", "featured_tag_text"): Verify element property value successfully

2023-10-16 14:21:32 - [MESSAGE][PASSED] - Verify element property value successfully

2023-10-16 14:21:32 - [TEST_STEP][PASSED] - verifyElementPropertyValue(getResponse, "offers[7].groups[0].pricingPlans[0].visualElements[11].value", "Limited Time Offer"): Verify element property value successfully

2023-10-16 14:21:32 - [MESSAGE][PASSED] - Verify element property value successfully

2023-10-16 14:21:32 - [TEST_STEP][PASSED] - verifyElementPropertyValue(getResponse, "offers[7].groups[0].pricingPlans[0].visualElements[13].key", "tag_text"): Verify element property value successfully

2023-10-16 14:21:32 - [MESSAGE][PASSED] - Verify element property value successfully

2023-10-16 14:21:32 - [TEST_STEP][PASSED] - verifyElementPropertyValue(getResponse, "offers[7].groups[0].pricingPlans[0].visualElements[13].value", "Save 50%"): Verify element property value successfully

2023-10-16 14:21:32 - [MESSAGE][PASSED] - Verify element property value successfully

2023-10-16 14:21:32 - [TEST_STEP][PASSED] - verifyElementPropertyValue(getResponse, "offers[7].groups[0].pricingPlans[0].visualElements[12].key", "show_tag"): Verify element property value successfully

2023-10-16 14:21:32 - [MESSAGE][PASSED] - Verify element property value successfully

2023-10-16 14:21:32 - [TEST_STEP][PASSED] - verifyElementPropertyValue(getResponse, "offers[7].groups[0].pricingPlans[0].visualElements[12].value", "true"): Verify element property value successfully

2023-10-16 14:21:32 - [MESSAGE][PASSED] - Verify element property value successfully

2023-10-16 14:21:32 - [TEST_STEP][PASSED] - verifyElementPropertyValue(getResponse, "offers[7].groups[0].pricingPlans[0].pricingPlanData[0].productId", "UAE_B2C_SHAHID_VIP_SPORT_1M"): Verify element property value successfully

2023-10-16 14:21:32 - [MESSAGE][PASSED] - Verify element property value successfully

2023-10-16 14:21:32 - [TEST_STEP][PASSED] - verifyElementPropertyValue(getResponse, "offers[7].groups[0].pricingPlans[0].pricingPlanData[0].paymentMethod", "CREDIT_CARD"): Verify element property value successfully

2023-10-16 14:21:32 - [MESSAGE][PASSED] - Verify element property value successfully

2023-10-16 14:21:32 - [TEST_STEP][PASSED] - verifyElementPropertyValue(getResponse, "offers[7].groups[0].pricingPlans[0].pricingPlanData[0].freeTrialEnabled", "false"): Verify element property value successfully

2023-10-16 14:21:32 - [MESSAGE][PASSED] - Verify element property value successfully

2023-10-16 14:21:32 - [TEST_STEP][PASSED] - verifyElementPropertyValue(getResponse, "offers[7].groups[0].pricingPlans[0].pricingPlanData[0].showIn[0]", "VERTICAL_MODE"): Verify element property value successfully

2023-10-16 14:21:32 - [MESSAGE][PASSED] - Verify element property value successfully

2023-10-16 14:21:32 - [TEST_STEP][PASSED] - verifyElementPropertyValue(getResponse, "offers[7].groups[0].pricingPlans[0].pricingPlanData[0].showIn[1]", "HORIZONTAL_MODE"): Verify element property value successfully

2023-10-16 14:21:32 - [MESSAGE][PASSED] - Verify element property value successfully

2023-10-16 14:21:32 - [TEST_STEP][PASSED] - verifyElementPropertyValue(getResponse, "offers[7].groups[0].pricingPlans[0].pricingPlanData[0].priceLabel", "34.99"): Verify element property value successfully

2023-10-16 14:21:32 - [MESSAGE][PASSED] - Verify element property value successfully

2023-10-16 14:21:32 - [TEST_STEP][PASSED] - verifyElementPropertyValue(getResponse, "offers[7].groups[0].pricingPlans[0].pricingPlanData[0].currencyLabel", "AED"): Verify element property value successfully

2023-10-16 14:21:32 - [MESSAGE][PASSED] - Verify element property value successfully

2023-10-16 14:21:32 - [TEST_STEP][PASSED] - verifyElementPropertyValue(getResponse, "offers[7].groups[0].pricingPlans[0].pricingPlanData[0].dealId", "WB_SPORT_50P_ARE"): Verify element property value successfully

2023-10-16 14:21:32 - [MESSAGE][PASSED] - Verify element property value successfully

2023-10-16 14:21:32 - [TEST_STEP][PASSED] - verifyElementPropertyValue(getResponse, "offers[7].groups[0].pricingPlans[0].pricingPlanData[0].allowedForAcquisition", "true"): Verify element property value successfully

2023-10-16 14:21:32 - [MESSAGE][PASSED] - Verify element property value successfully

2023-10-16 14:21:32 - [TEST_STEP][PASSED] - verifyElementPropertyValue(getResponse, "offers[7].groups[0].pricingPlans[0].pricingPlanData[0].visualElements[0].key", "title"): Verify element property value successfully

2023-10-16 14:21:32 - [MESSAGE][PASSED] - Verify element property value successfully

2023-10-16 14:21:32 - [TEST_STEP][PASSED] - verifyElementPropertyValue(getResponse, "offers[7].groups[0].pricingPlans[0].pricingPlanData[0].visualElements[0].value", "Credit/Debit Card"): Verify element property value successfully

2023-10-16 14:21:32 - [MESSAGE][PASSED] - Verify element property value successfully

2023-10-16 14:21:32 - [TEST_STEP][PASSED] - verifyElementPropertyValue(getResponse, "offers[7].groups[0].pricingPlans[0].pricingPlanData[0].visualElements[1].key", "CTA_text"): Verify element property value successfully

2023-10-16 14:21:32 - [MESSAGE][PASSED] - Verify element property value successfully

2023-10-16 14:21:32 - [TEST_STEP][PASSED] - verifyElementPropertyValue(getResponse, "offers[7].groups[0].pricingPlans[0].pricingPlanData[0].visualElements[1].value", "Subscribe"): Verify element property value successfully

2023-10-16 14:21:32 - [MESSAGE][PASSED] - Verify element property value successfully

2023-10-16 14:21:32 - [TEST_STEP][PASSED] - verifyElementPropertyValue(getResponse, "offers[7].groups[0].pricingPlans[0].pricingPlanData[0].visualElements[2].key", "logo"): Verify element property value successfully

2023-10-16 14:21:32 - [MESSAGE][PASSED] - Verify element property value successfully

2023-10-16 14:21:32 - [TEST_STEP][PASSED] - verifyElementPropertyValue(getResponse, "offers[7].groups[0].pricingPlans[0].pricingPlanData[0].visualElements[2].value", "https://static.s3.shahid.mbc.net/widget-images/icons/iconCreditCard.png"): Verify element property value successfully

2023-10-16 14:21:32 - [MESSAGE][PASSED] - Verify element property value successfully

2023-10-16 14:21:32 - [TEST_STEP][PASSED] - verifyElementPropertyValue(getResponse, "offers[11].offerId", "byg-sport-30-offer"): Verify element property value successfully

2023-10-16 14:21:32 - [MESSAGE][PASSED] - Verify element property value successfully

2023-10-16 14:21:32 - [TEST_STEP][PASSED] - verifyElementPropertyValue(getResponse, "offers[11].offerParam", "bygsportsoffer30"): Verify element property value successfully

2023-10-16 14:21:32 - [MESSAGE][PASSED] - Verify element property value successfully

2023-10-16 14:21:32 - [TEST_STEP][PASSED] - verifyElementPropertyValue(getResponse, "offers[11].groups[0].pricingPlans[0].featured", "true"): Verify element property value successfully

2023-10-16 14:21:32 - [MESSAGE][PASSED] - Verify element property value successfully

2023-10-16 14:21:32 - [TEST_STEP][PASSED] - verifyElementPropertyValue(getResponse, "offers[11].groups[0].pricingPlans[0].period", "monthly"): Verify element property value successfully

2023-10-16 14:21:32 - [MESSAGE][PASSED] - Verify element property value successfully

2023-10-16 14:21:32 - [TEST_STEP][PASSED] - verifyElementPropertyValue(getResponse, "offers[11].groups[0].pricingPlans[0].featured", "true"): Verify element property value successfully

2023-10-16 14:21:32 - [MESSAGE][PASSED] - Verify element property value successfully

2023-10-16 14:21:32 - [TEST_STEP][PASSED] - verifyElementPropertyValue(getResponse, "offers[11].groups[0].pricingPlans[0].price", "48.99"): Verify element property value successfully

2023-10-16 14:21:32 - [MESSAGE][PASSED] - Verify element property value successfully

2023-10-16 14:21:32 - [TEST_STEP][PASSED] - verifyElementPropertyValue(getResponse, "offers[11].groups[0].pricingPlans[0].currency", "AED"): Verify element property value successfully

2023-10-16 14:21:33 - [MESSAGE][PASSED] - Verify element property value successfully

2023-10-16 14:21:33 - [TEST_STEP][PASSED] - verifyElementPropertyValue(getResponse, "offers[11].groups[0].pricingPlans[0].order", "0"): Verify element property value successfully

2023-10-16 14:21:33 - [MESSAGE][PASSED] - Verify element property value successfully

2023-10-16 14:21:33 - [TEST_STEP][PASSED] - verifyElementPropertyValue(getResponse, "offers[11].groups[0].pricingPlans[0].packageId", "SHAHID_VIP_SPORT"): Verify element property value successfully

2023-10-16 14:21:33 - [MESSAGE][PASSED] - Verify element property value successfully

2023-10-16 14:21:33 - [TEST_STEP][PASSED] - verifyElementPropertyValue(getResponse, "offers[11].groups[0].pricingPlans[0].catalogId", "SPORT"): Verify element property value successfully

2023-10-16 14:21:33 - [MESSAGE][PASSED] - Verify element property value successfully

2023-10-16 14:21:33 - [TEST_STEP][PASSED] - verifyElementPropertyValue(getResponse, "offers[11].groups[0].pricingPlans[0].visualElements[0].key", "Header_1_text"): Verify element property value successfully

2023-10-16 14:21:33 - [MESSAGE][PASSED] - Verify element property value successfully

2023-10-16 14:21:33 - [TEST_STEP][PASSED] - verifyElementPropertyValue(getResponse, "offers[11].groups[0].pricingPlans[0].visualElements[0].value", "Watch the most powerful series and movies exclusively without stopping"): Verify element property value successfully

2023-10-16 14:21:33 - [MESSAGE][PASSED] - Verify element property value successfully

2023-10-16 14:21:33 - [TEST_STEP][PASSED] - verifyElementPropertyValue(getResponse, "offers[11].groups[0].pricingPlans[0].visualElements[1].key", "display_title"): Verify element property value successfully

2023-10-16 14:21:33 - [MESSAGE][PASSED] - Verify element property value successfully

2023-10-16 14:21:33 - [TEST_STEP][FAILED] - verifyElementPropertyValue(getResponse, "offers[11].groups[0].pricingPlans[0].visualElements[1].value", "30% Discount Offer"): Expected element property value '30% Discount Offer' is not equal with actual property value '30% Discount Offer​'

2023-10-16 14:21:33 - [MESSAGE][FAILED] - Expected element property value '30% Discount Offer' is not equal with actual property value '30% Discount Offer​'

2023-10-16 14:21:33 - [TEST_STEP][PASSED] - verifyElementPropertyValue(getResponse, "offers[11].groups[0].pricingPlans[0].visualElements[3].key", "deduction_text"): Verify element property value successfully

2023-10-16 14:21:33 - [MESSAGE][PASSED] - Verify element property value successfully

2023-10-16 14:21:33 - [TEST_STEP][PASSED] - verifyElementPropertyValue(getResponse, "offers[11].groups[0].pricingPlans[0].visualElements[3].value", "billed every month"): Verify element property value successfully

2023-10-16 14:21:33 - [MESSAGE][PASSED] - Verify element property value successfully

2023-10-16 14:21:33 - [TEST_STEP][PASSED] - verifyElementPropertyValue(getResponse, "offers[11].groups[0].pricingPlans[0].visualElements[6].key", "show_payment_logo"): Verify element property value successfully

2023-10-16 14:21:33 - [MESSAGE][PASSED] - Verify element property value successfully

2023-10-16 14:21:33 - [TEST_STEP][PASSED] - verifyElementPropertyValue(getResponse, "offers[11].groups[0].pricingPlans[0].visualElements[6].value", "true"): Verify element property value successfully

2023-10-16 14:21:33 - [MESSAGE][PASSED] - Verify element property value successfully

2023-10-16 14:21:33 - [TEST_STEP][PASSED] - verifyElementPropertyValue(getResponse, "offers[11].groups[0].pricingPlans[0].visualElements[8].key", "price"): Verify element property value successfully

2023-10-16 14:21:33 - [MESSAGE][PASSED] - Verify element property value successfully

2023-10-16 14:21:33 - [TEST_STEP][PASSED] - verifyElementPropertyValue(getResponse, "offers[11].groups[0].pricingPlans[0].visualElements[8].value", "48.99"): Verify element property value successfully

2023-10-16 14:21:33 - [MESSAGE][PASSED] - Verify element property value successfully

2023-10-16 14:21:33 - [TEST_STEP][PASSED] - verifyElementPropertyValue(getResponse, "offers[11].groups[0].pricingPlans[0].visualElements[9].key", "currency"): Verify element property value successfully

2023-10-16 14:21:33 - [MESSAGE][PASSED] - Verify element property value successfully

2023-10-16 14:21:33 - [TEST_STEP][PASSED] - verifyElementPropertyValue(getResponse, "offers[11].groups[0].pricingPlans[0].visualElements[9].value", "AED"): Verify element property value successfully

2023-10-16 14:21:33 - [MESSAGE][PASSED] - Verify element property value successfully

2023-10-16 14:21:33 - [TEST_STEP][PASSED] - verifyElementPropertyValue(getResponse, "offers[11].groups[0].pricingPlans[0].visualElements[10].key", "duration"): Verify element property value successfully

2023-10-16 14:21:33 - [MESSAGE][PASSED] - Verify element property value successfully

2023-10-16 14:21:33 - [TEST_STEP][PASSED] - verifyElementPropertyValue(getResponse, "offers[11].groups[0].pricingPlans[0].visualElements[10].value", "Monthly"): Verify element property value successfully

2023-10-16 14:21:33 - [MESSAGE][PASSED] - Verify element property value successfully

2023-10-16 14:21:33 - [TEST_STEP][PASSED] - verifyElementPropertyValue(getResponse, "offers[11].groups[0].pricingPlans[0].visualElements[11].key", "featured_tag_text"): Verify element property value successfully

2023-10-16 14:21:33 - [MESSAGE][PASSED] - Verify element property value successfully

2023-10-16 14:21:33 - [TEST_STEP][PASSED] - verifyElementPropertyValue(getResponse, "offers[11].groups[0].pricingPlans[0].visualElements[11].value", "Limited Time Offer"): Verify element property value successfully

2023-10-16 14:21:33 - [MESSAGE][PASSED] - Verify element property value successfully

2023-10-16 14:21:33 - [TEST_STEP][PASSED] - verifyElementPropertyValue(getResponse, "offers[11].groups[0].pricingPlans[0].visualElements[12].key", "show_tag"): Verify element property value successfully

2023-10-16 14:21:33 - [MESSAGE][PASSED] - Verify element property value successfully

2023-10-16 14:21:33 - [TEST_STEP][PASSED] - verifyElementPropertyValue(getResponse, "offers[11].groups[0].pricingPlans[0].visualElements[12].value", "true"): Verify element property value successfully

2023-10-16 14:21:33 - [MESSAGE][PASSED] - Verify element property value successfully

2023-10-16 14:21:33 - [TEST_STEP][PASSED] - verifyElementPropertyValue(getResponse, "offers[11].groups[0].pricingPlans[0].visualElements[13].key", "tag_text"): Verify element property value successfully

2023-10-16 14:21:33 - [MESSAGE][PASSED] - Verify element property value successfully

2023-10-16 14:21:33 - [TEST_STEP][PASSED] - verifyElementPropertyValue(getResponse, "offers[11].groups[0].pricingPlans[0].visualElements[13].value", "Save 30%"): Verify element property value successfully

2023-10-16 14:21:33 - [MESSAGE][PASSED] - Verify element property value successfully

2023-10-16 14:21:33 - [TEST_STEP][PASSED] - verifyElementPropertyValue(getResponse, "offers[11].groups[0].pricingPlans[0].pricingPlanData[0].productId", "UAE_B2C_SHAHID_VIP_SPORT_1M"): Verify element property value successfully

2023-10-16 14:21:33 - [MESSAGE][PASSED] - Verify element property value successfully

2023-10-16 14:21:33 - [TEST_STEP][PASSED] - verifyElementPropertyValue(getResponse, "offers[11].groups[0].pricingPlans[0].pricingPlanData[0].paymentMethod", "CREDIT_CARD"): Verify element property value successfully

2023-10-16 14:21:33 - [MESSAGE][PASSED] - Verify element property value successfully

2023-10-16 14:21:33 - [TEST_STEP][PASSED] - verifyElementPropertyValue(getResponse, "offers[11].groups[0].pricingPlans[0].pricingPlanData[0].freeTrialEnabled", "false"): Verify element property value successfully

2023-10-16 14:21:33 - [MESSAGE][PASSED] - Verify element property value successfully

2023-10-16 14:21:33 - [TEST_STEP][PASSED] - verifyElementPropertyValue(getResponse, "offers[11].groups[0].pricingPlans[0].pricingPlanData[0].showIn[0]", "VERTICAL_MODE"): Verify element property value successfully

2023-10-16 14:21:33 - [MESSAGE][PASSED] - Verify element property value successfully

2023-10-16 14:21:33 - [TEST_STEP][PASSED] - verifyElementPropertyValue(getResponse, "offers[11].groups[0].pricingPlans[0].pricingPlanData[0].showIn[1]", "HORIZONTAL_MODE"): Verify element property value successfully

2023-10-16 14:21:33 - [MESSAGE][PASSED] - Verify element property value successfully

2023-10-16 14:21:33 - [TEST_STEP][PASSED] - verifyElementPropertyValue(getResponse, "offers[11].groups[0].pricingPlans[0].pricingPlanData[0].priceLabel", "48.99"): Verify element property value successfully

2023-10-16 14:21:33 - [MESSAGE][PASSED] - Verify element property value successfully

2023-10-16 14:21:33 - [TEST_STEP][PASSED] - verifyElementPropertyValue(getResponse, "offers[11].groups[0].pricingPlans[0].pricingPlanData[0].currencyLabel", "AED"): Verify element property value successfully

2023-10-16 14:21:33 - [MESSAGE][PASSED] - Verify element property value successfully

2023-10-16 14:21:33 - [TEST_STEP][PASSED] - verifyElementPropertyValue(getResponse, "offers[11].groups[0].pricingPlans[0].pricingPlanData[0].dealId", "BYG_SPORT_30P_ARE"): Verify element property value successfully

2023-10-16 14:21:33 - [MESSAGE][PASSED] - Verify element property value successfully

2023-10-16 14:21:33 - [TEST_STEP][PASSED] - verifyElementPropertyValue(getResponse, "offers[11].groups[0].pricingPlans[0].pricingPlanData[0].allowedForAcquisition", "true"): Verify element property value successfully

2023-10-16 14:21:33 - [MESSAGE][PASSED] - Verify element property value successfully

2023-10-16 14:21:33 - [TEST_STEP][PASSED] - verifyElementPropertyValue(getResponse, "offers[11].groups[0].pricingPlans[0].pricingPlanData[0].visualElements[0].key", "title"): Verify element property value successfully

2023-10-16 14:21:33 - [MESSAGE][PASSED] - Verify element property value successfully

2023-10-16 14:21:33 - [TEST_STEP][PASSED] - verifyElementPropertyValue(getResponse, "offers[11].groups[0].pricingPlans[0].pricingPlanData[0].visualElements[0].value", "Credit/Debit Card"): Verify element property value successfully

2023-10-16 14:21:33 - [MESSAGE][PASSED] - Verify element property value successfully

2023-10-16 14:21:33 - [TEST_STEP][PASSED] - verifyElementPropertyValue(getResponse, "offers[11].groups[0].pricingPlans[0].pricingPlanData[0].visualElements[1].key", "CTA_text"): Verify element property value successfully

2023-10-16 14:21:33 - [MESSAGE][PASSED] - Verify element property value successfully

2023-10-16 14:21:33 - [TEST_STEP][PASSED] - verifyElementPropertyValue(getResponse, "offers[11].groups[0].pricingPlans[0].pricingPlanData[0].visualElements[1].value", "Subscribe"): Verify element property value successfully

2023-10-16 14:21:33 - [MESSAGE][PASSED] - Verify element property value successfully

2023-10-16 14:21:33 - [TEST_STEP][PASSED] - verifyElementPropertyValue(getResponse, "offers[11].groups[0].pricingPlans[0].pricingPlanData[0].visualElements[2].key", "logo"): Verify element property value successfully

2023-10-16 14:21:33 - [MESSAGE][PASSED] - Verify element property value successfully

2023-10-16 14:21:33 - [TEST_STEP][PASSED] - verifyElementPropertyValue(getResponse, "offers[11].groups[0].pricingPlans[0].pricingPlanData[0].visualElements[2].value", "https://static.s3.shahid.mbc.net/widget-images/icons/iconCreditCard.png"): Verify element property value successfully

2023-10-16 14:21:33 - [MESSAGE][PASSED] - Verify element property value successfully

2023-10-16 14:21:33 - [TEST_STEP][PASSED] - verifyElementPropertyValue(getResponse, "offers[12].offerId", "byg-sport-40-offer"): Verify element property value successfully

2023-10-16 14:21:33 - [MESSAGE][PASSED] - Verify element property value successfully

2023-10-16 14:21:33 - [TEST_STEP][PASSED] - verifyElementPropertyValue(getResponse, "offers[12].offerParam", "bygsportsoffer40"): Verify element property value successfully

2023-10-16 14:21:33 - [MESSAGE][PASSED] - Verify element property value successfully

2023-10-16 14:21:33 - [TEST_STEP][PASSED] - verifyElementPropertyValue(getResponse, "offers[12].groups[0].pricingPlans[0].featured", "true"): Verify element property value successfully

2023-10-16 14:21:33 - [MESSAGE][PASSED] - Verify element property value successfully

2023-10-16 14:21:33 - [TEST_STEP][PASSED] - verifyElementPropertyValue(getResponse, "offers[12].groups[0].pricingPlans[0].period", "monthly"): Verify element property value successfully

2023-10-16 14:21:33 - [MESSAGE][PASSED] - Verify element property value successfully

2023-10-16 14:21:33 - [TEST_STEP][PASSED] - verifyElementPropertyValue(getResponse, "offers[12].groups[0].pricingPlans[0].featured", "true"): Verify element property value successfully

2023-10-16 14:21:33 - [MESSAGE][PASSED] - Verify element property value successfully

2023-10-16 14:21:33 - [TEST_STEP][PASSED] - verifyElementPropertyValue(getResponse, "offers[12].groups[0].pricingPlans[0].price", "41.99"): Verify element property value successfully

2023-10-16 14:21:33 - [MESSAGE][PASSED] - Verify element property value successfully

2023-10-16 14:21:33 - [TEST_STEP][PASSED] - verifyElementPropertyValue(getResponse, "offers[12].groups[0].pricingPlans[0].currency", "AED"): Verify element property value successfully

2023-10-16 14:21:33 - [MESSAGE][PASSED] - Verify element property value successfully

2023-10-16 14:21:33 - [TEST_STEP][PASSED] - verifyElementPropertyValue(getResponse, "offers[12].groups[0].pricingPlans[0].order", "0"): Verify element property value successfully

2023-10-16 14:21:33 - [MESSAGE][PASSED] - Verify element property value successfully

2023-10-16 14:21:33 - [TEST_STEP][PASSED] - verifyElementPropertyValue(getResponse, "offers[12].groups[0].pricingPlans[0].packageId", "SHAHID_VIP_SPORT"): Verify element property value successfully

2023-10-16 14:21:33 - [MESSAGE][PASSED] - Verify element property value successfully

2023-10-16 14:21:33 - [TEST_STEP][PASSED] - verifyElementPropertyValue(getResponse, "offers[12].groups[0].pricingPlans[0].catalogId", "SPORT"): Verify element property value successfully

2023-10-16 14:21:33 - [MESSAGE][PASSED] - Verify element property value successfully

2023-10-16 14:21:33 - [TEST_STEP][PASSED] - verifyElementPropertyValue(getResponse, "offers[12].groups[0].pricingPlans[0].visualElements[0].key", "Header_1_text"): Verify element property value successfully

2023-10-16 14:21:33 - [MESSAGE][PASSED] - Verify element property value successfully

2023-10-16 14:21:33 - [TEST_STEP][PASSED] - verifyElementPropertyValue(getResponse, "offers[12].groups[0].pricingPlans[0].visualElements[0].value", "Watch the most powerful series and movies exclusively without stopping"): Verify element property value successfully

2023-10-16 14:21:33 - [MESSAGE][PASSED] - Verify element property value successfully

2023-10-16 14:21:33 - [TEST_STEP][PASSED] - verifyElementPropertyValue(getResponse, "offers[12].groups[0].pricingPlans[0].visualElements[1].key", "display_title"): Verify element property value successfully

2023-10-16 14:21:33 - [MESSAGE][PASSED] - Verify element property value successfully

2023-10-16 14:21:33 - [TEST_STEP][FAILED] - verifyElementPropertyValue(getResponse, "offers[12].groups[0].pricingPlans[0].visualElements[1].value", "40% Discount Offer"): Expected element property value '40% Discount Offer' is not equal with actual property value '40% Discount Offer​'

2023-10-16 14:21:33 - [MESSAGE][FAILED] - Expected element property value '40% Discount Offer' is not equal with actual property value '40% Discount Offer​'

2023-10-16 14:21:33 - [TEST_STEP][PASSED] - verifyElementPropertyValue(getResponse, "offers[12].groups[0].pricingPlans[0].visualElements[3].key", "deduction_text"): Verify element property value successfully

2023-10-16 14:21:33 - [MESSAGE][PASSED] - Verify element property value successfully

2023-10-16 14:21:33 - [TEST_STEP][PASSED] - verifyElementPropertyValue(getResponse, "offers[12].groups[0].pricingPlans[0].visualElements[3].value", "billed every month"): Verify element property value successfully

2023-10-16 14:21:33 - [MESSAGE][PASSED] - Verify element property value successfully

2023-10-16 14:21:33 - [TEST_STEP][PASSED] - verifyElementPropertyValue(getResponse, "offers[12].groups[0].pricingPlans[0].visualElements[6].key", "show_payment_logo"): Verify element property value successfully

2023-10-16 14:21:33 - [MESSAGE][PASSED] - Verify element property value successfully

2023-10-16 14:21:33 - [TEST_STEP][PASSED] - verifyElementPropertyValue(getResponse, "offers[12].groups[0].pricingPlans[0].visualElements[6].value", "true"): Verify element property value successfully

2023-10-16 14:21:33 - [MESSAGE][PASSED] - Verify element property value successfully

2023-10-16 14:21:33 - [TEST_STEP][PASSED] - verifyElementPropertyValue(getResponse, "offers[12].groups[0].pricingPlans[0].visualElements[8].key", "price"): Verify element property value successfully

2023-10-16 14:21:33 - [MESSAGE][PASSED] - Verify element property value successfully

2023-10-16 14:21:33 - [TEST_STEP][PASSED] - verifyElementPropertyValue(getResponse, "offers[12].groups[0].pricingPlans[0].visualElements[8].value", "41.99"): Verify element property value successfully

2023-10-16 14:21:33 - [MESSAGE][PASSED] - Verify element property value successfully

2023-10-16 14:21:33 - [TEST_STEP][PASSED] - verifyElementPropertyValue(getResponse, "offers[12].groups[0].pricingPlans[0].visualElements[9].key", "currency"): Verify element property value successfully

2023-10-16 14:21:33 - [MESSAGE][PASSED] - Verify element property value successfully

2023-10-16 14:21:33 - [TEST_STEP][PASSED] - verifyElementPropertyValue(getResponse, "offers[12].groups[0].pricingPlans[0].visualElements[9].value", "AED"): Verify element property value successfully

2023-10-16 14:21:33 - [MESSAGE][PASSED] - Verify element property value successfully

2023-10-16 14:21:33 - [TEST_STEP][PASSED] - verifyElementPropertyValue(getResponse, "offers[12].groups[0].pricingPlans[0].visualElements[10].key", "duration"): Verify element property value successfully

2023-10-16 14:21:33 - [MESSAGE][PASSED] - Verify element property value successfully

2023-10-16 14:21:33 - [TEST_STEP][PASSED] - verifyElementPropertyValue(getResponse, "offers[12].groups[0].pricingPlans[0].visualElements[10].value", "Monthly"): Verify element property value successfully

2023-10-16 14:21:33 - [MESSAGE][PASSED] - Verify element property value successfully

2023-10-16 14:21:33 - [TEST_STEP][PASSED] - verifyElementPropertyValue(getResponse, "offers[12].groups[0].pricingPlans[0].visualElements[11].key", "featured_tag_text"): Verify element property value successfully

2023-10-16 14:21:33 - [MESSAGE][PASSED] - Verify element property value successfully

2023-10-16 14:21:33 - [TEST_STEP][PASSED] - verifyElementPropertyValue(getResponse, "offers[12].groups[0].pricingPlans[0].visualElements[11].value", "Limited Time Offer"): Verify element property value successfully

2023-10-16 14:21:33 - [MESSAGE][PASSED] - Verify element property value successfully

2023-10-16 14:21:33 - [TEST_STEP][PASSED] - verifyElementPropertyValue(getResponse, "offers[12].groups[0].pricingPlans[0].visualElements[13].key", "tag_text"): Verify element property value successfully

2023-10-16 14:21:33 - [MESSAGE][PASSED] - Verify element property value successfully

2023-10-16 14:21:33 - [TEST_STEP][PASSED] - verifyElementPropertyValue(getResponse, "offers[12].groups[0].pricingPlans[0].visualElements[13].value", "Save 40%"): Verify element property value successfully

2023-10-16 14:21:33 - [MESSAGE][PASSED] - Verify element property value successfully

2023-10-16 14:21:33 - [TEST_STEP][PASSED] - verifyElementPropertyValue(getResponse, "offers[12].groups[0].pricingPlans[0].visualElements[12].key", "show_tag"): Verify element property value successfully

2023-10-16 14:21:33 - [MESSAGE][PASSED] - Verify element property value successfully

2023-10-16 14:21:33 - [TEST_STEP][PASSED] - verifyElementPropertyValue(getResponse, "offers[12].groups[0].pricingPlans[0].visualElements[12].value", "true"): Verify element property value successfully

2023-10-16 14:21:33 - [MESSAGE][PASSED] - Verify element property value successfully

2023-10-16 14:21:33 - [TEST_STEP][PASSED] - verifyElementPropertyValue(getResponse, "offers[12].groups[0].pricingPlans[0].pricingPlanData[0].productId", "UAE_B2C_SHAHID_VIP_SPORT_1M"): Verify element property value successfully

2023-10-16 14:21:33 - [MESSAGE][PASSED] - Verify element property value successfully

2023-10-16 14:21:33 - [TEST_STEP][PASSED] - verifyElementPropertyValue(getResponse, "offers[12].groups[0].pricingPlans[0].pricingPlanData[0].paymentMethod", "CREDIT_CARD"): Verify element property value successfully

2023-10-16 14:21:33 - [MESSAGE][PASSED] - Verify element property value successfully

2023-10-16 14:21:33 - [TEST_STEP][PASSED] - verifyElementPropertyValue(getResponse, "offers[12].groups[0].pricingPlans[0].pricingPlanData[0].freeTrialEnabled", "false"): Verify element property value successfully

2023-10-16 14:21:33 - [MESSAGE][PASSED] - Verify element property value successfully

2023-10-16 14:21:33 - [TEST_STEP][PASSED] - verifyElementPropertyValue(getResponse, "offers[12].groups[0].pricingPlans[0].pricingPlanData[0].showIn[0]", "VERTICAL_MODE"): Verify element property value successfully

2023-10-16 14:21:33 - [MESSAGE][PASSED] - Verify element property value successfully

2023-10-16 14:21:33 - [TEST_STEP][PASSED] - verifyElementPropertyValue(getResponse, "offers[12].groups[0].pricingPlans[0].pricingPlanData[0].showIn[1]", "HORIZONTAL_MODE"): Verify element property value successfully

2023-10-16 14:21:33 - [MESSAGE][PASSED] - Verify element property value successfully

2023-10-16 14:21:33 - [TEST_STEP][PASSED] - verifyElementPropertyValue(getResponse, "offers[12].groups[0].pricingPlans[0].pricingPlanData[0].priceLabel", "41.99"): Verify element property value successfully

2023-10-16 14:21:33 - [MESSAGE][PASSED] - Verify element property value successfully

2023-10-16 14:21:33 - [TEST_STEP][PASSED] - verifyElementPropertyValue(getResponse, "offers[12].groups[0].pricingPlans[0].pricingPlanData[0].currencyLabel", "AED"): Verify element property value successfully

2023-10-16 14:21:33 - [MESSAGE][PASSED] - Verify element property value successfully

2023-10-16 14:21:33 - [TEST_STEP][PASSED] - verifyElementPropertyValue(getResponse, "offers[12].groups[0].pricingPlans[0].pricingPlanData[0].dealId", "BYG_SPORT_40P_ARE"): Verify element property value successfully

2023-10-16 14:21:33 - [MESSAGE][PASSED] - Verify element property value successfully

2023-10-16 14:21:33 - [TEST_STEP][PASSED] - verifyElementPropertyValue(getResponse, "offers[12].groups[0].pricingPlans[0].pricingPlanData[0].allowedForAcquisition", "true"): Verify element property value successfully

2023-10-16 14:21:33 - [MESSAGE][PASSED] - Verify element property value successfully

2023-10-16 14:21:33 - [TEST_STEP][PASSED] - verifyElementPropertyValue(getResponse, "offers[12].groups[0].pricingPlans[0].pricingPlanData[0].visualElements[0].key", "title"): Verify element property value successfully

2023-10-16 14:21:33 - [MESSAGE][PASSED] - Verify element property value successfully

2023-10-16 14:21:33 - [TEST_STEP][PASSED] - verifyElementPropertyValue(getResponse, "offers[12].groups[0].pricingPlans[0].pricingPlanData[0].visualElements[0].value", "Credit/Debit Card"): Verify element property value successfully

2023-10-16 14:21:33 - [MESSAGE][PASSED] - Verify element property value successfully

2023-10-16 14:21:33 - [TEST_STEP][PASSED] - verifyElementPropertyValue(getResponse, "offers[12].groups[0].pricingPlans[0].pricingPlanData[0].visualElements[1].key", "CTA_text"): Verify element property value successfully

2023-10-16 14:21:33 - [MESSAGE][PASSED] - Verify element property value successfully

2023-10-16 14:21:33 - [TEST_STEP][PASSED] - verifyElementPropertyValue(getResponse, "offers[12].groups[0].pricingPlans[0].pricingPlanData[0].visualElements[1].value", "Subscribe"): Verify element property value successfully

2023-10-16 14:21:33 - [MESSAGE][PASSED] - Verify element property value successfully

2023-10-16 14:21:33 - [TEST_STEP][PASSED] - verifyElementPropertyValue(getResponse, "offers[12].groups[0].pricingPlans[0].pricingPlanData[0].visualElements[2].key", "logo"): Verify element property value successfully

2023-10-16 14:21:33 - [MESSAGE][PASSED] - Verify element property value successfully

2023-10-16 14:21:33 - [TEST_STEP][PASSED] - verifyElementPropertyValue(getResponse, "offers[12].groups[0].pricingPlans[0].pricingPlanData[0].visualElements[2].value", "https://static.s3.shahid.mbc.net/widget-images/icons/iconCreditCard.png"): Verify element property value successfully

2023-10-16 14:21:33 - [MESSAGE][PASSED] - Verify element property value successfully

2023-10-16 14:21:33 - [TEST_STEP][PASSED] - verifyElementPropertyValue(getResponse, "offers[13].offerId", "byg-sport-50-offer"): Verify element property value successfully

2023-10-16 14:21:33 - [MESSAGE][PASSED] - Verify element property value successfully

2023-10-16 14:21:33 - [TEST_STEP][PASSED] - verifyElementPropertyValue(getResponse, "offers[13].offerParam", "bygsportsoffer50"): Verify element property value successfully

2023-10-16 14:21:33 - [MESSAGE][PASSED] - Verify element property value successfully

2023-10-16 14:21:33 - [TEST_STEP][PASSED] - verifyElementPropertyValue(getResponse, "offers[13].groups[0].pricingPlans[0].featured", "true"): Verify element property value successfully

2023-10-16 14:21:33 - [MESSAGE][PASSED] - Verify element property value successfully

2023-10-16 14:21:33 - [TEST_STEP][PASSED] - verifyElementPropertyValue(getResponse, "offers[13].groups[0].pricingPlans[0].period", "monthly"): Verify element property value successfully

2023-10-16 14:21:33 - [MESSAGE][PASSED] - Verify element property value successfully

2023-10-16 14:21:33 - [TEST_STEP][PASSED] - verifyElementPropertyValue(getResponse, "offers[13].groups[0].pricingPlans[0].featured", "true"): Verify element property value successfully

2023-10-16 14:21:33 - [MESSAGE][PASSED] - Verify element property value successfully

2023-10-16 14:21:33 - [TEST_STEP][PASSED] - verifyElementPropertyValue(getResponse, "offers[13].groups[0].pricingPlans[0].price", "34.99"): Verify element property value successfully

2023-10-16 14:21:33 - [MESSAGE][PASSED] - Verify element property value successfully

2023-10-16 14:21:33 - [TEST_STEP][PASSED] - verifyElementPropertyValue(getResponse, "offers[13].groups[0].pricingPlans[0].currency", "AED"): Verify element property value successfully

2023-10-16 14:21:33 - [MESSAGE][PASSED] - Verify element property value successfully

2023-10-16 14:21:33 - [TEST_STEP][PASSED] - verifyElementPropertyValue(getResponse, "offers[13].groups[0].pricingPlans[0].order", "0"): Verify element property value successfully

2023-10-16 14:21:33 - [MESSAGE][PASSED] - Verify element property value successfully

2023-10-16 14:21:33 - [TEST_STEP][PASSED] - verifyElementPropertyValue(getResponse, "offers[13].groups[0].pricingPlans[0].packageId", "SHAHID_VIP_SPORT"): Verify element property value successfully

2023-10-16 14:21:33 - [MESSAGE][PASSED] - Verify element property value successfully

2023-10-16 14:21:33 - [TEST_STEP][PASSED] - verifyElementPropertyValue(getResponse, "offers[13].groups[0].pricingPlans[0].catalogId", "SPORT"): Verify element property value successfully

2023-10-16 14:21:34 - [MESSAGE][PASSED] - Verify element property value successfully

2023-10-16 14:21:34 - [TEST_STEP][PASSED] - verifyElementPropertyValue(getResponse, "offers[13].groups[0].pricingPlans[0].visualElements[0].key", "Header_1_text"): Verify element property value successfully

2023-10-16 14:21:34 - [MESSAGE][PASSED] - Verify element property value successfully

2023-10-16 14:21:34 - [TEST_STEP][PASSED] - verifyElementPropertyValue(getResponse, "offers[13].groups[0].pricingPlans[0].visualElements[0].value", "Watch the most powerful series and movies exclusively without stopping"): Verify element property value successfully

2023-10-16 14:21:34 - [MESSAGE][PASSED] - Verify element property value successfully

2023-10-16 14:21:34 - [TEST_STEP][PASSED] - verifyElementPropertyValue(getResponse, "offers[13].groups[0].pricingPlans[0].visualElements[1].key", "display_title"): Verify element property value successfully

2023-10-16 14:21:34 - [MESSAGE][PASSED] - Verify element property value successfully

2023-10-16 14:21:34 - [TEST_STEP][FAILED] - verifyElementPropertyValue(getResponse, "offers[13].groups[0].pricingPlans[0].visualElements[1].value", "50% Discount Offer"): Expected element property value '50% Discount Offer' is not equal with actual property value '50% Discount Offer​'

2023-10-16 14:21:34 - [MESSAGE][FAILED] - Expected element property value '50% Discount Offer' is not equal with actual property value '50% Discount Offer​'

2023-10-16 14:21:34 - [TEST_STEP][PASSED] - verifyElementPropertyValue(getResponse, "offers[13].groups[0].pricingPlans[0].visualElements[3].key", "deduction_text"): Verify element property value successfully

2023-10-16 14:21:34 - [MESSAGE][PASSED] - Verify element property value successfully

2023-10-16 14:21:34 - [TEST_STEP][PASSED] - verifyElementPropertyValue(getResponse, "offers[13].groups[0].pricingPlans[0].visualElements[3].value", "billed every month"): Verify element property value successfully

2023-10-16 14:21:34 - [MESSAGE][PASSED] - Verify element property value successfully

2023-10-16 14:21:34 - [TEST_STEP][PASSED] - verifyElementPropertyValue(getResponse, "offers[13].groups[0].pricingPlans[0].visualElements[6].key", "show_payment_logo"): Verify element property value successfully

2023-10-16 14:21:34 - [MESSAGE][PASSED] - Verify element property value successfully

2023-10-16 14:21:34 - [TEST_STEP][PASSED] - verifyElementPropertyValue(getResponse, "offers[13].groups[0].pricingPlans[0].visualElements[6].value", "true"): Verify element property value successfully

2023-10-16 14:21:34 - [MESSAGE][PASSED] - Verify element property value successfully

2023-10-16 14:21:34 - [TEST_STEP][PASSED] - verifyElementPropertyValue(getResponse, "offers[13].groups[0].pricingPlans[0].visualElements[8].key", "price"): Verify element property value successfully

2023-10-16 14:21:34 - [MESSAGE][PASSED] - Verify element property value successfully

2023-10-16 14:21:34 - [TEST_STEP][PASSED] - verifyElementPropertyValue(getResponse, "offers[13].groups[0].pricingPlans[0].visualElements[8].value", "34.99"): Verify element property value successfully

2023-10-16 14:21:34 - [MESSAGE][PASSED] - Verify element property value successfully

2023-10-16 14:21:34 - [TEST_STEP][PASSED] - verifyElementPropertyValue(getResponse, "offers[13].groups[0].pricingPlans[0].visualElements[9].key", "currency"): Verify element property value successfully

2023-10-16 14:21:34 - [MESSAGE][PASSED] - Verify element property value successfully

2023-10-16 14:21:34 - [TEST_STEP][PASSED] - verifyElementPropertyValue(getResponse, "offers[13].groups[0].pricingPlans[0].visualElements[9].value", "AED"): Verify element property value successfully

2023-10-16 14:21:34 - [MESSAGE][PASSED] - Verify element property value successfully

2023-10-16 14:21:34 - [TEST_STEP][PASSED] - verifyElementPropertyValue(getResponse, "offers[13].groups[0].pricingPlans[0].visualElements[10].key", "duration"): Verify element property value successfully

2023-10-16 14:21:34 - [MESSAGE][PASSED] - Verify element property value successfully

2023-10-16 14:21:34 - [TEST_STEP][PASSED] - verifyElementPropertyValue(getResponse, "offers[13].groups[0].pricingPlans[0].visualElements[10].value", "Monthly"): Verify element property value successfully

2023-10-16 14:21:34 - [MESSAGE][PASSED] - Verify element property value successfully

2023-10-16 14:21:34 - [TEST_STEP][PASSED] - verifyElementPropertyValue(getResponse, "offers[13].groups[0].pricingPlans[0].visualElements[11].key", "featured_tag_text"): Verify element property value successfully

2023-10-16 14:21:34 - [MESSAGE][PASSED] - Verify element property value successfully

2023-10-16 14:21:34 - [TEST_STEP][PASSED] - verifyElementPropertyValue(getResponse, "offers[13].groups[0].pricingPlans[0].visualElements[11].value", "Limited Time Offer"): Verify element property value successfully

2023-10-16 14:21:34 - [MESSAGE][PASSED] - Verify element property value successfully

2023-10-16 14:21:34 - [TEST_STEP][PASSED] - verifyElementPropertyValue(getResponse, "offers[13].groups[0].pricingPlans[0].visualElements[13].key", "tag_text"): Verify element property value successfully

2023-10-16 14:21:34 - [MESSAGE][PASSED] - Verify element property value successfully

2023-10-16 14:21:34 - [TEST_STEP][PASSED] - verifyElementPropertyValue(getResponse, "offers[13].groups[0].pricingPlans[0].visualElements[13].value", "Save 50%"): Verify element property value successfully

2023-10-16 14:21:34 - [MESSAGE][PASSED] - Verify element property value successfully

2023-10-16 14:21:34 - [TEST_STEP][PASSED] - verifyElementPropertyValue(getResponse, "offers[13].groups[0].pricingPlans[0].visualElements[12].key", "show_tag"): Verify element property value successfully

2023-10-16 14:21:34 - [MESSAGE][PASSED] - Verify element property value successfully

2023-10-16 14:21:34 - [TEST_STEP][PASSED] - verifyElementPropertyValue(getResponse, "offers[13].groups[0].pricingPlans[0].visualElements[12].value", "true"): Verify element property value successfully

2023-10-16 14:21:34 - [MESSAGE][PASSED] - Verify element property value successfully

2023-10-16 14:21:34 - [TEST_STEP][PASSED] - verifyElementPropertyValue(getResponse, "offers[13].groups[0].pricingPlans[0].pricingPlanData[0].productId", "UAE_B2C_SHAHID_VIP_SPORT_1M"): Verify element property value successfully

2023-10-16 14:21:34 - [MESSAGE][PASSED] - Verify element property value successfully

2023-10-16 14:21:34 - [TEST_STEP][PASSED] - verifyElementPropertyValue(getResponse, "offers[13].groups[0].pricingPlans[0].pricingPlanData[0].paymentMethod", "CREDIT_CARD"): Verify element property value successfully

2023-10-16 14:21:34 - [MESSAGE][PASSED] - Verify element property value successfully

2023-10-16 14:21:34 - [TEST_STEP][PASSED] - verifyElementPropertyValue(getResponse, "offers[13].groups[0].pricingPlans[0].pricingPlanData[0].freeTrialEnabled", "false"): Verify element property value successfully

2023-10-16 14:21:34 - [MESSAGE][PASSED] - Verify element property value successfully

2023-10-16 14:21:34 - [TEST_STEP][PASSED] - verifyElementPropertyValue(getResponse, "offers[13].groups[0].pricingPlans[0].pricingPlanData[0].showIn[0]", "VERTICAL_MODE"): Verify element property value successfully

2023-10-16 14:21:34 - [MESSAGE][PASSED] - Verify element property value successfully

2023-10-16 14:21:34 - [TEST_STEP][PASSED] - verifyElementPropertyValue(getResponse, "offers[13].groups[0].pricingPlans[0].pricingPlanData[0].showIn[1]", "HORIZONTAL_MODE"): Verify element property value successfully

2023-10-16 14:21:34 - [MESSAGE][PASSED] - Verify element property value successfully

2023-10-16 14:21:34 - [TEST_STEP][PASSED] - verifyElementPropertyValue(getResponse, "offers[13].groups[0].pricingPlans[0].pricingPlanData[0].priceLabel", "34.99"): Verify element property value successfully

2023-10-16 14:21:34 - [MESSAGE][PASSED] - Verify element property value successfully

2023-10-16 14:21:34 - [TEST_STEP][PASSED] - verifyElementPropertyValue(getResponse, "offers[13].groups[0].pricingPlans[0].pricingPlanData[0].currencyLabel", "AED"): Verify element property value successfully

2023-10-16 14:21:34 - [MESSAGE][PASSED] - Verify element property value successfully

2023-10-16 14:21:34 - [TEST_STEP][PASSED] - verifyElementPropertyValue(getResponse, "offers[13].groups[0].pricingPlans[0].pricingPlanData[0].dealId", "BYG_SPORT_50P_ARE"): Verify element property value successfully

2023-10-16 14:21:34 - [MESSAGE][PASSED] - Verify element property value successfully

2023-10-16 14:21:34 - [TEST_STEP][PASSED] - verifyElementPropertyValue(getResponse, "offers[13].groups[0].pricingPlans[0].pricingPlanData[0].allowedForAcquisition", "true"): Verify element property value successfully

2023-10-16 14:21:34 - [MESSAGE][PASSED] - Verify element property value successfully

2023-10-16 14:21:34 - [TEST_STEP][PASSED] - verifyElementPropertyValue(getResponse, "offers[13].groups[0].pricingPlans[0].pricingPlanData[0].visualElements[0].key", "title"): Verify element property value successfully

2023-10-16 14:21:34 - [MESSAGE][PASSED] - Verify element property value successfully

2023-10-16 14:21:34 - [TEST_STEP][PASSED] - verifyElementPropertyValue(getResponse, "offers[13].groups[0].pricingPlans[0].pricingPlanData[0].visualElements[0].value", "Credit/Debit Card"): Verify element property value successfully

2023-10-16 14:21:34 - [MESSAGE][PASSED] - Verify element property value successfully

2023-10-16 14:21:34 - [TEST_STEP][PASSED] - verifyElementPropertyValue(getResponse, "offers[13].groups[0].pricingPlans[0].pricingPlanData[0].visualElements[1].key", "CTA_text"): Verify element property value successfully

2023-10-16 14:21:34 - [MESSAGE][PASSED] - Verify element property value successfully

2023-10-16 14:21:34 - [TEST_STEP][PASSED] - verifyElementPropertyValue(getResponse, "offers[13].groups[0].pricingPlans[0].pricingPlanData[0].visualElements[1].value", "Subscribe"): Verify element property value successfully

2023-10-16 14:21:34 - [MESSAGE][PASSED] - Verify element property value successfully

2023-10-16 14:21:34 - [TEST_STEP][PASSED] - verifyElementPropertyValue(getResponse, "offers[13].groups[0].pricingPlans[0].pricingPlanData[0].visualElements[2].key", "logo"): Verify element property value successfully

2023-10-16 14:21:34 - [MESSAGE][PASSED] - Verify element property value successfully

2023-10-16 14:21:34 - [TEST_STEP][PASSED] - verifyElementPropertyValue(getResponse, "offers[13].groups[0].pricingPlans[0].pricingPlanData[0].visualElements[2].value", "https://static.s3.shahid.mbc.net/widget-images/icons/iconCreditCard.png"): Verify element property value successfully

2023-10-16 14:21:34 - [MESSAGE][PASSED] - Verify element property value successfully]]></system-out>
         <system-err><![CDATA[2023-10-16 14:21:30 - [TEST_CASE][FAILED] - Test Cases/WEB - CHROME/ARE PI/WEB_EN_getOffersForARE_SPORT: Test Cases/WEB - CHROME/ARE PI/WEB_EN_getOffersForARE_SPORT FAILED.
Reason:
com.kms.katalon.core.exception.StepFailedException: Expected element property value '30% Discount Offer' is not equal with actual property value '30% Discount Offer​'
	at com.kms.katalon.core.keyword.internal.KeywordMain.stepFailed(KeywordMain.groovy:39)
	at com.kms.katalon.core.webservice.keyword.builtin.VerifyElementPropertyValueKeyword$_verifyElementPropertyValue_closure1.doCall(VerifyElementPropertyValueKeyword.groovy:56)
	at com.kms.katalon.core.webservice.keyword.builtin.VerifyElementPropertyValueKeyword$_verifyElementPropertyValue_closure1.call(VerifyElementPropertyValueKeyword.groovy)
	at com.kms.katalon.core.keyword.internal.KeywordMain.runKeyword(KeywordMain.groovy:75)
	at com.kms.katalon.core.webservice.keyword.builtin.VerifyElementPropertyValueKeyword.verifyElementPropertyValue(VerifyElementPropertyValueKeyword.groovy:48)
	at com.kms.katalon.core.webservice.keyword.builtin.VerifyElementPropertyValueKeyword.execute(VerifyElementPropertyValueKeyword.groovy:43)
	at com.kms.katalon.core.keyword.internal.KeywordExecutor.executeKeywordForPlatform(KeywordExecutor.groovy:74)
	at com.kms.katalon.core.webservice.keyword.WSBuiltInKeywords.verifyElementPropertyValue(WSBuiltInKeywords.groovy:190)
	at com.kms.katalon.core.webservice.keyword.WSBuiltInKeywords$verifyElementPropertyValue$1.call(Unknown Source)
	at WEB_EN_getOffersForARE_SPORT.run(WEB_EN_getOffersForARE_SPORT:47)
	at com.kms.katalon.core.main.ScriptEngine.run(ScriptEngine.java:194)
	at com.kms.katalon.core.main.ScriptEngine.runScriptAsRawText(ScriptEngine.java:119)
	at com.kms.katalon.core.main.TestCaseExecutor.runScript(TestCaseExecutor.java:448)
	at com.kms.katalon.core.main.TestCaseExecutor.doExecute(TestCaseExecutor.java:439)
	at com.kms.katalon.core.main.TestCaseExecutor.processExecutionPhase(TestCaseExecutor.java:418)
	at com.kms.katalon.core.main.TestCaseExecutor.accessMainPhase(TestCaseExecutor.java:410)
	at com.kms.katalon.core.main.TestCaseExecutor.execute(TestCaseExecutor.java:285)
	at com.kms.katalon.core.common.CommonExecutor.accessTestCaseMainPhase(CommonExecutor.java:65)
	at com.kms.katalon.core.main.TestSuiteExecutor.accessTestSuiteMainPhase(TestSuiteExecutor.java:148)
	at com.kms.katalon.core.main.TestSuiteExecutor.execute(TestSuiteExecutor.java:106)
	at com.kms.katalon.core.main.TestCaseMain.startTestSuite(TestCaseMain.java:187)
	at com.kms.katalon.core.main.TestCaseMain$startTestSuite$0.call(Unknown Source)
	at TempTestSuite1697454225698.run(TempTestSuite1697454225698.groovy:36)]]></system-err>
      </testcase>
      <testcase name="Test Cases/WEB - CHROME/ARE PI/WEB_EN_getOffersForARE_VIP" time="4.406" classname="Test Cases/WEB - CHROME/ARE PI/WEB_EN_getOffersForARE_VIP" status="FAILED">
         <failure type="FAILED" message="Test Cases/WEB - CHROME/ARE PI/WEB_EN_getOffersForARE_VIP FAILED.
Reason:
com.kms.katalon.core.exception.StepFailedException: Expected element property value '30% Discount Offer' is not equal with actual property value '30% Discount Offer​'
	at com.kms.katalon.core.keyword.internal.KeywordMain.stepFailed(KeywordMain.groovy:39)
	at com.kms.katalon.core.webservice.keyword.builtin.VerifyElementPropertyValueKeyword$_verifyElementPropertyValue_closure1.doCall(VerifyElementPropertyValueKeyword.groovy:56)
	at com.kms.katalon.core.webservice.keyword.builtin.VerifyElementPropertyValueKeyword$_verifyElementPropertyValue_closure1.call(VerifyElementPropertyValueKeyword.groovy)
	at com.kms.katalon.core.keyword.internal.KeywordMain.runKeyword(KeywordMain.groovy:75)
	at com.kms.katalon.core.webservice.keyword.builtin.VerifyElementPropertyValueKeyword.verifyElementPropertyValue(VerifyElementPropertyValueKeyword.groovy:48)
	at com.kms.katalon.core.webservice.keyword.builtin.VerifyElementPropertyValueKeyword.execute(VerifyElementPropertyValueKeyword.groovy:43)
	at com.kms.katalon.core.keyword.internal.KeywordExecutor.executeKeywordForPlatform(KeywordExecutor.groovy:74)
	at com.kms.katalon.core.webservice.keyword.WSBuiltInKeywords.verifyElementPropertyValue(WSBuiltInKeywords.groovy:190)
	at com.kms.katalon.core.webservice.keyword.WSBuiltInKeywords$verifyElementPropertyValue$1.call(Unknown Source)
	at WEB_EN_getOffersForARE_VIP.run(WEB_EN_getOffersForARE_VIP:60)
	at com.kms.katalon.core.main.ScriptEngine.run(ScriptEngine.java:194)
	at com.kms.katalon.core.main.ScriptEngine.runScriptAsRawText(ScriptEngine.java:119)
	at com.kms.katalon.core.main.TestCaseExecutor.runScript(TestCaseExecutor.java:448)
	at com.kms.katalon.core.main.TestCaseExecutor.doExecute(TestCaseExecutor.java:439)
	at com.kms.katalon.core.main.TestCaseExecutor.processExecutionPhase(TestCaseExecutor.java:418)
	at com.kms.katalon.core.main.TestCaseExecutor.accessMainPhase(TestCaseExecutor.java:410)
	at com.kms.katalon.core.main.TestCaseExecutor.execute(TestCaseExecutor.java:285)
	at com.kms.katalon.core.common.CommonExecutor.accessTestCaseMainPhase(CommonExecutor.java:65)
	at com.kms.katalon.core.main.TestSuiteExecutor.accessTestSuiteMainPhase(TestSuiteExecutor.java:148)
	at com.kms.katalon.core.main.TestSuiteExecutor.execute(TestSuiteExecutor.java:106)
	at com.kms.katalon.core.main.TestCaseMain.startTestSuite(TestCaseMain.java:187)
	at com.kms.katalon.core.main.TestCaseMain$startTestSuite$0.call(Unknown Source)
	at TempTestSuite1697454225698.run(TempTestSuite1697454225698.groovy:36)
"/>
         <system-out><![CDATA[2023-10-16 14:21:34 - [TEST_CASE][FAILED] - Test Cases/WEB - CHROME/ARE PI/WEB_EN_getOffersForARE_VIP: Test Cases/WEB - CHROME/ARE PI/WEB_EN_getOffersForARE_VIP FAILED.
Reason:
com.kms.katalon.core.exception.StepFailedException: Expected element property value '30% Discount Offer' is not equal with actual property value '30% Discount Offer​'
	at com.kms.katalon.core.keyword.internal.KeywordMain.stepFailed(KeywordMain.groovy:39)
	at com.kms.katalon.core.webservice.keyword.builtin.VerifyElementPropertyValueKeyword$_verifyElementPropertyValue_closure1.doCall(VerifyElementPropertyValueKeyword.groovy:56)
	at com.kms.katalon.core.webservice.keyword.builtin.VerifyElementPropertyValueKeyword$_verifyElementPropertyValue_closure1.call(VerifyElementPropertyValueKeyword.groovy)
	at com.kms.katalon.core.keyword.internal.KeywordMain.runKeyword(KeywordMain.groovy:75)
	at com.kms.katalon.core.webservice.keyword.builtin.VerifyElementPropertyValueKeyword.verifyElementPropertyValue(VerifyElementPropertyValueKeyword.groovy:48)
	at com.kms.katalon.core.webservice.keyword.builtin.VerifyElementPropertyValueKeyword.execute(VerifyElementPropertyValueKeyword.groovy:43)
	at com.kms.katalon.core.keyword.internal.KeywordExecutor.executeKeywordForPlatform(KeywordExecutor.groovy:74)
	at com.kms.katalon.core.webservice.keyword.WSBuiltInKeywords.verifyElementPropertyValue(WSBuiltInKeywords.groovy:190)
	at com.kms.katalon.core.webservice.keyword.WSBuiltInKeywords$verifyElementPropertyValue$1.call(Unknown Source)
	at WEB_EN_getOffersForARE_VIP.run(WEB_EN_getOffersForARE_VIP:60)
	at com.kms.katalon.core.main.ScriptEngine.run(ScriptEngine.java:194)
	at com.kms.katalon.core.main.ScriptEngine.runScriptAsRawText(ScriptEngine.java:119)
	at com.kms.katalon.core.main.TestCaseExecutor.runScript(TestCaseExecutor.java:448)
	at com.kms.katalon.core.main.TestCaseExecutor.doExecute(TestCaseExecutor.java:439)
	at com.kms.katalon.core.main.TestCaseExecutor.processExecutionPhase(TestCaseExecutor.java:418)
	at com.kms.katalon.core.main.TestCaseExecutor.accessMainPhase(TestCaseExecutor.java:410)
	at com.kms.katalon.core.main.TestCaseExecutor.execute(TestCaseExecutor.java:285)
	at com.kms.katalon.core.common.CommonExecutor.accessTestCaseMainPhase(CommonExecutor.java:65)
	at com.kms.katalon.core.main.TestSuiteExecutor.accessTestSuiteMainPhase(TestSuiteExecutor.java:148)
	at com.kms.katalon.core.main.TestSuiteExecutor.execute(TestSuiteExecutor.java:106)
	at com.kms.katalon.core.main.TestCaseMain.startTestSuite(TestCaseMain.java:187)
	at com.kms.katalon.core.main.TestCaseMain$startTestSuite$0.call(Unknown Source)
	at TempTestSuite1697454225698.run(TempTestSuite1697454225698.groovy:36)


2023-10-16 14:21:34 - [TEST_STEP][PASSED] - getResponse = config_files.getConfigFile.getConfig("WEB", "EN", "SHAHID_VIP", "AE", "false"): config_files.getConfigFile.getConfig is PASSED

2023-10-16 14:21:35 - [MESSAGE][INFO] - HAR: /Users/admin/git/shahid-configuration/Reports/20231016_140310/WEB/ARE/20231016_140345/requests/main/7.har

2023-10-16 14:21:35 - [MESSAGE][PASSED] - Send request successfully

2023-10-16 14:21:35 - [MESSAGE][PASSED] - config_files.getConfigFile.getConfig is PASSED

2023-10-16 14:21:35 - [TEST_STEP][PASSED] - verifyResponseStatusCode(getResponse, 200): Verify response status code successfully

2023-10-16 14:21:35 - [MESSAGE][PASSED] - Verify response status code successfully

2023-10-16 14:21:35 - [TEST_STEP][PASSED] - verifyElementPropertyValue(getResponse, "country", "ARE"): Verify element property value successfully

2023-10-16 14:21:35 - [MESSAGE][PASSED] - Verify element property value successfully

2023-10-16 14:21:35 - [TEST_STEP][PASSED] - verifyElementPropertyValue(getResponse, "platform", "[WEB]"): Verify element property value successfully

2023-10-16 14:21:35 - [MESSAGE][PASSED] - Verify element property value successfully

2023-10-16 14:21:35 - [TEST_STEP][PASSED] - verifyElementPropertyValue(getResponse, "offers[0].offerId", "winback-30-offer"): Verify element property value successfully

2023-10-16 14:21:35 - [MESSAGE][PASSED] - Verify element property value successfully

2023-10-16 14:21:35 - [TEST_STEP][PASSED] - verifyElementPropertyValue(getResponse, "offers[0].offerParam", "winback30"): Verify element property value successfully

2023-10-16 14:21:35 - [MESSAGE][PASSED] - Verify element property value successfully

2023-10-16 14:21:35 - [TEST_STEP][PASSED] - verifyElementPropertyValue(getResponse, "offers[0].groups[0].pricingPlans[0].featured", "true"): Verify element property value successfully

2023-10-16 14:21:35 - [MESSAGE][PASSED] - Verify element property value successfully

2023-10-16 14:21:35 - [TEST_STEP][PASSED] - verifyElementPropertyValue(getResponse, "offers[0].groups[0].pricingPlans[0].period", "monthly"): Verify element property value successfully

2023-10-16 14:21:35 - [MESSAGE][PASSED] - Verify element property value successfully

2023-10-16 14:21:35 - [TEST_STEP][PASSED] - verifyElementPropertyValue(getResponse, "offers[0].groups[0].pricingPlans[0].featured", "true"): Verify element property value successfully

2023-10-16 14:21:35 - [MESSAGE][PASSED] - Verify element property value successfully

2023-10-16 14:21:35 - [TEST_STEP][PASSED] - verifyElementPropertyValue(getResponse, "offers[0].groups[0].pricingPlans[0].price", "27.99"): Verify element property value successfully

2023-10-16 14:21:35 - [MESSAGE][PASSED] - Verify element property value successfully

2023-10-16 14:21:35 - [TEST_STEP][PASSED] - verifyElementPropertyValue(getResponse, "offers[0].groups[0].pricingPlans[0].currency", "AED"): Verify element property value successfully

2023-10-16 14:21:35 - [MESSAGE][PASSED] - Verify element property value successfully

2023-10-16 14:21:35 - [TEST_STEP][PASSED] - verifyElementPropertyValue(getResponse, "offers[0].groups[0].pricingPlans[0].order", "0"): Verify element property value successfully

2023-10-16 14:21:35 - [MESSAGE][PASSED] - Verify element property value successfully

2023-10-16 14:21:35 - [TEST_STEP][PASSED] - verifyElementPropertyValue(getResponse, "offers[0].groups[0].pricingPlans[0].packageId", "SHAHID_VIP"): Verify element property value successfully

2023-10-16 14:21:35 - [MESSAGE][PASSED] - Verify element property value successfully

2023-10-16 14:21:35 - [TEST_STEP][PASSED] - verifyElementPropertyValue(getResponse, "offers[0].groups[0].pricingPlans[0].catalogId", "VIP"): Verify element property value successfully

2023-10-16 14:21:35 - [MESSAGE][PASSED] - Verify element property value successfully

2023-10-16 14:21:35 - [TEST_STEP][PASSED] - verifyElementPropertyValue(getResponse, "offers[0].groups[0].pricingPlans[0].visualElements[0].key", "Header_1_text"): Verify element property value successfully

2023-10-16 14:21:35 - [MESSAGE][PASSED] - Verify element property value successfully

2023-10-16 14:21:35 - [TEST_STEP][PASSED] - verifyElementPropertyValue(getResponse, "offers[0].groups[0].pricingPlans[0].visualElements[0].value", "Watch the most powerful series and movies exclusively without stopping"): Verify element property value successfully

2023-10-16 14:21:35 - [MESSAGE][PASSED] - Verify element property value successfully

2023-10-16 14:21:35 - [TEST_STEP][PASSED] - verifyElementPropertyValue(getResponse, "offers[0].groups[0].pricingPlans[0].visualElements[1].key", "display_title"): Verify element property value successfully

2023-10-16 14:21:35 - [MESSAGE][PASSED] - Verify element property value successfully

2023-10-16 14:21:35 - [TEST_STEP][FAILED] - verifyElementPropertyValue(getResponse, "offers[0].groups[0].pricingPlans[0].visualElements[1].value", "30% Discount Offer"): Expected element property value '30% Discount Offer' is not equal with actual property value '30% Discount Offer​'

2023-10-16 14:21:35 - [MESSAGE][FAILED] - Expected element property value '30% Discount Offer' is not equal with actual property value '30% Discount Offer​'

2023-10-16 14:21:35 - [TEST_STEP][PASSED] - verifyElementPropertyValue(getResponse, "offers[0].groups[0].pricingPlans[0].visualElements[2].key", "promo_text"): Verify element property value successfully

2023-10-16 14:21:35 - [MESSAGE][PASSED] - Verify element property value successfully

2023-10-16 14:21:35 - [TEST_STEP][FAILED] - verifyElementPropertyValue(getResponse, "offers[0].groups[0].pricingPlans[0].visualElements[2].value", "34.99 AED/month"): Expected element property value '34.99 AED/month' is not equal with actual property value '34.99 AED/ month'

2023-10-16 14:21:35 - [MESSAGE][FAILED] - Expected element property value '34.99 AED/month' is not equal with actual property value '34.99 AED/ month'

2023-10-16 14:21:35 - [TEST_STEP][PASSED] - verifyElementPropertyValue(getResponse, "offers[0].groups[0].pricingPlans[0].visualElements[3].key", "deduction_text"): Verify element property value successfully

2023-10-16 14:21:35 - [MESSAGE][PASSED] - Verify element property value successfully

2023-10-16 14:21:35 - [TEST_STEP][PASSED] - verifyElementPropertyValue(getResponse, "offers[0].groups[0].pricingPlans[0].visualElements[3].value", "billed every month"): Verify element property value successfully

2023-10-16 14:21:36 - [MESSAGE][PASSED] - Verify element property value successfully

2023-10-16 14:21:36 - [TEST_STEP][PASSED] - verifyElementPropertyValue(getResponse, "offers[0].groups[0].pricingPlans[0].visualElements[6].key", "show_payment_logo"): Verify element property value successfully

2023-10-16 14:21:36 - [MESSAGE][PASSED] - Verify element property value successfully

2023-10-16 14:21:36 - [TEST_STEP][PASSED] - verifyElementPropertyValue(getResponse, "offers[0].groups[0].pricingPlans[0].visualElements[6].value", "true"): Verify element property value successfully

2023-10-16 14:21:36 - [MESSAGE][PASSED] - Verify element property value successfully

2023-10-16 14:21:36 - [TEST_STEP][PASSED] - verifyElementPropertyValue(getResponse, "offers[0].groups[0].pricingPlans[0].visualElements[8].key", "price"): Verify element property value successfully

2023-10-16 14:21:36 - [MESSAGE][PASSED] - Verify element property value successfully

2023-10-16 14:21:36 - [TEST_STEP][PASSED] - verifyElementPropertyValue(getResponse, "offers[0].groups[0].pricingPlans[0].visualElements[8].value", "27.99"): Verify element property value successfully

2023-10-16 14:21:36 - [MESSAGE][PASSED] - Verify element property value successfully

2023-10-16 14:21:36 - [TEST_STEP][PASSED] - verifyElementPropertyValue(getResponse, "offers[0].groups[0].pricingPlans[0].visualElements[9].key", "currency"): Verify element property value successfully

2023-10-16 14:21:36 - [MESSAGE][PASSED] - Verify element property value successfully

2023-10-16 14:21:36 - [TEST_STEP][PASSED] - verifyElementPropertyValue(getResponse, "offers[0].groups[0].pricingPlans[0].visualElements[9].value", "AED"): Verify element property value successfully

2023-10-16 14:21:36 - [MESSAGE][PASSED] - Verify element property value successfully

2023-10-16 14:21:36 - [TEST_STEP][PASSED] - verifyElementPropertyValue(getResponse, "offers[0].groups[0].pricingPlans[0].visualElements[10].key", "duration"): Verify element property value successfully

2023-10-16 14:21:36 - [MESSAGE][PASSED] - Verify element property value successfully

2023-10-16 14:21:36 - [TEST_STEP][PASSED] - verifyElementPropertyValue(getResponse, "offers[0].groups[0].pricingPlans[0].visualElements[10].value", "Monthly"): Verify element property value successfully

2023-10-16 14:21:36 - [MESSAGE][PASSED] - Verify element property value successfully

2023-10-16 14:21:36 - [TEST_STEP][PASSED] - verifyElementPropertyValue(getResponse, "offers[0].groups[0].pricingPlans[0].visualElements[11].key", "featured_tag_text"): Verify element property value successfully

2023-10-16 14:21:36 - [MESSAGE][PASSED] - Verify element property value successfully

2023-10-16 14:21:36 - [TEST_STEP][PASSED] - verifyElementPropertyValue(getResponse, "offers[0].groups[0].pricingPlans[0].visualElements[11].value", "Limited Time Offer"): Verify element property value successfully

2023-10-16 14:21:36 - [MESSAGE][PASSED] - Verify element property value successfully

2023-10-16 14:21:36 - [TEST_STEP][PASSED] - verifyElementPropertyValue(getResponse, "offers[0].groups[0].pricingPlans[0].visualElements[12].key", "show_tag"): Verify element property value successfully

2023-10-16 14:21:36 - [MESSAGE][PASSED] - Verify element property value successfully

2023-10-16 14:21:36 - [TEST_STEP][PASSED] - verifyElementPropertyValue(getResponse, "offers[0].groups[0].pricingPlans[0].visualElements[12].value", "true"): Verify element property value successfully

2023-10-16 14:21:36 - [MESSAGE][PASSED] - Verify element property value successfully

2023-10-16 14:21:36 - [TEST_STEP][PASSED] - verifyElementPropertyValue(getResponse, "offers[0].groups[0].pricingPlans[0].visualElements[13].key", "tag_text"): Verify element property value successfully

2023-10-16 14:21:36 - [MESSAGE][PASSED] - Verify element property value successfully

2023-10-16 14:21:36 - [TEST_STEP][PASSED] - verifyElementPropertyValue(getResponse, "offers[0].groups[0].pricingPlans[0].visualElements[13].value", "Save 30%"): Verify element property value successfully

2023-10-16 14:21:36 - [MESSAGE][PASSED] - Verify element property value successfully

2023-10-16 14:21:36 - [TEST_STEP][PASSED] - verifyElementPropertyValue(getResponse, "offers[0].groups[0].pricingPlans[0].pricingPlanData[0].productId", "UAE_B2C_SHAHID_VIP_1M"): Verify element property value successfully

2023-10-16 14:21:36 - [MESSAGE][PASSED] - Verify element property value successfully

2023-10-16 14:21:36 - [TEST_STEP][PASSED] - verifyElementPropertyValue(getResponse, "offers[0].groups[0].pricingPlans[0].pricingPlanData[0].paymentMethod", "CREDIT_CARD"): Verify element property value successfully

2023-10-16 14:21:36 - [MESSAGE][PASSED] - Verify element property value successfully

2023-10-16 14:21:36 - [TEST_STEP][PASSED] - verifyElementPropertyValue(getResponse, "offers[0].groups[0].pricingPlans[0].pricingPlanData[0].freeTrialEnabled", "false"): Verify element property value successfully

2023-10-16 14:21:36 - [MESSAGE][PASSED] - Verify element property value successfully

2023-10-16 14:21:36 - [TEST_STEP][PASSED] - verifyElementPropertyValue(getResponse, "offers[0].groups[0].pricingPlans[0].pricingPlanData[0].showIn[0]", "VERTICAL_MODE"): Verify element property value successfully

2023-10-16 14:21:36 - [MESSAGE][PASSED] - Verify element property value successfully

2023-10-16 14:21:36 - [TEST_STEP][PASSED] - verifyElementPropertyValue(getResponse, "offers[0].groups[0].pricingPlans[0].pricingPlanData[0].showIn[1]", "HORIZONTAL_MODE"): Verify element property value successfully

2023-10-16 14:21:36 - [MESSAGE][PASSED] - Verify element property value successfully

2023-10-16 14:21:36 - [TEST_STEP][PASSED] - verifyElementPropertyValue(getResponse, "offers[0].groups[0].pricingPlans[0].pricingPlanData[0].priceLabel", "27.99"): Verify element property value successfully

2023-10-16 14:21:36 - [MESSAGE][PASSED] - Verify element property value successfully

2023-10-16 14:21:36 - [TEST_STEP][PASSED] - verifyElementPropertyValue(getResponse, "offers[0].groups[0].pricingPlans[0].pricingPlanData[0].currencyLabel", "AED"): Verify element property value successfully

2023-10-16 14:21:36 - [MESSAGE][PASSED] - Verify element property value successfully

2023-10-16 14:21:36 - [TEST_STEP][PASSED] - verifyElementPropertyValue(getResponse, "offers[0].groups[0].pricingPlans[0].pricingPlanData[0].dealId", "RE_30P_ARE"): Verify element property value successfully

2023-10-16 14:21:36 - [MESSAGE][PASSED] - Verify element property value successfully

2023-10-16 14:21:36 - [TEST_STEP][PASSED] - verifyElementPropertyValue(getResponse, "offers[0].groups[0].pricingPlans[0].pricingPlanData[0].allowedForAcquisition", "true"): Verify element property value successfully

2023-10-16 14:21:36 - [MESSAGE][PASSED] - Verify element property value successfully

2023-10-16 14:21:36 - [TEST_STEP][PASSED] - verifyElementPropertyValue(getResponse, "offers[0].groups[0].pricingPlans[0].pricingPlanData[0].visualElements[0].key", "title"): Verify element property value successfully

2023-10-16 14:21:36 - [MESSAGE][PASSED] - Verify element property value successfully

2023-10-16 14:21:36 - [TEST_STEP][PASSED] - verifyElementPropertyValue(getResponse, "offers[0].groups[0].pricingPlans[0].pricingPlanData[0].visualElements[0].value", "Credit/Debit Card"): Verify element property value successfully

2023-10-16 14:21:36 - [MESSAGE][PASSED] - Verify element property value successfully

2023-10-16 14:21:36 - [TEST_STEP][PASSED] - verifyElementPropertyValue(getResponse, "offers[0].groups[0].pricingPlans[0].pricingPlanData[0].visualElements[1].key", "CTA_text"): Verify element property value successfully

2023-10-16 14:21:36 - [MESSAGE][PASSED] - Verify element property value successfully

2023-10-16 14:21:36 - [TEST_STEP][PASSED] - verifyElementPropertyValue(getResponse, "offers[0].groups[0].pricingPlans[0].pricingPlanData[0].visualElements[1].value", "Subscribe"): Verify element property value successfully

2023-10-16 14:21:36 - [MESSAGE][PASSED] - Verify element property value successfully

2023-10-16 14:21:36 - [TEST_STEP][PASSED] - verifyElementPropertyValue(getResponse, "offers[0].groups[0].pricingPlans[0].pricingPlanData[0].visualElements[2].key", "logo"): Verify element property value successfully

2023-10-16 14:21:36 - [MESSAGE][PASSED] - Verify element property value successfully

2023-10-16 14:21:36 - [TEST_STEP][PASSED] - verifyElementPropertyValue(getResponse, "offers[0].groups[0].pricingPlans[0].pricingPlanData[0].visualElements[2].value", "https://static.s3.shahid.mbc.net/widget-images/icons/iconCreditCard.png"): Verify element property value successfully

2023-10-16 14:21:36 - [MESSAGE][PASSED] - Verify element property value successfully

2023-10-16 14:21:36 - [TEST_STEP][PASSED] - verifyElementPropertyValue(getResponse, "offers[1].offerId", "winback-40-offer"): Verify element property value successfully

2023-10-16 14:21:36 - [MESSAGE][PASSED] - Verify element property value successfully

2023-10-16 14:21:36 - [TEST_STEP][PASSED] - verifyElementPropertyValue(getResponse, "offers[1].offerParam", "winback40"): Verify element property value successfully

2023-10-16 14:21:36 - [MESSAGE][PASSED] - Verify element property value successfully

2023-10-16 14:21:36 - [TEST_STEP][PASSED] - verifyElementPropertyValue(getResponse, "offers[1].groups[0].pricingPlans[0].featured", "true"): Verify element property value successfully

2023-10-16 14:21:36 - [MESSAGE][PASSED] - Verify element property value successfully

2023-10-16 14:21:36 - [TEST_STEP][PASSED] - verifyElementPropertyValue(getResponse, "offers[1].groups[0].pricingPlans[0].period", "monthly"): Verify element property value successfully

2023-10-16 14:21:36 - [MESSAGE][PASSED] - Verify element property value successfully

2023-10-16 14:21:36 - [TEST_STEP][PASSED] - verifyElementPropertyValue(getResponse, "offers[1].groups[0].pricingPlans[0].featured", "true"): Verify element property value successfully

2023-10-16 14:21:36 - [MESSAGE][PASSED] - Verify element property value successfully

2023-10-16 14:21:36 - [TEST_STEP][PASSED] - verifyElementPropertyValue(getResponse, "offers[1].groups[0].pricingPlans[0].price", "23.99"): Verify element property value successfully

2023-10-16 14:21:36 - [MESSAGE][PASSED] - Verify element property value successfully

2023-10-16 14:21:36 - [TEST_STEP][PASSED] - verifyElementPropertyValue(getResponse, "offers[1].groups[0].pricingPlans[0].currency", "AED"): Verify element property value successfully

2023-10-16 14:21:36 - [MESSAGE][PASSED] - Verify element property value successfully

2023-10-16 14:21:36 - [TEST_STEP][PASSED] - verifyElementPropertyValue(getResponse, "offers[1].groups[0].pricingPlans[0].order", "0"): Verify element property value successfully

2023-10-16 14:21:36 - [MESSAGE][PASSED] - Verify element property value successfully

2023-10-16 14:21:36 - [TEST_STEP][PASSED] - verifyElementPropertyValue(getResponse, "offers[1].groups[0].pricingPlans[0].packageId", "SHAHID_VIP"): Verify element property value successfully

2023-10-16 14:21:36 - [MESSAGE][PASSED] - Verify element property value successfully

2023-10-16 14:21:36 - [TEST_STEP][PASSED] - verifyElementPropertyValue(getResponse, "offers[1].groups[0].pricingPlans[0].catalogId", "VIP"): Verify element property value successfully

2023-10-16 14:21:36 - [MESSAGE][PASSED] - Verify element property value successfully

2023-10-16 14:21:36 - [TEST_STEP][PASSED] - verifyElementPropertyValue(getResponse, "offers[1].groups[0].pricingPlans[0].visualElements[0].key", "Header_1_text"): Verify element property value successfully

2023-10-16 14:21:36 - [MESSAGE][PASSED] - Verify element property value successfully

2023-10-16 14:21:36 - [TEST_STEP][PASSED] - verifyElementPropertyValue(getResponse, "offers[1].groups[0].pricingPlans[0].visualElements[0].value", "Watch the most powerful series and movies exclusively without stopping"): Verify element property value successfully

2023-10-16 14:21:36 - [MESSAGE][PASSED] - Verify element property value successfully

2023-10-16 14:21:36 - [TEST_STEP][PASSED] - verifyElementPropertyValue(getResponse, "offers[1].groups[0].pricingPlans[0].visualElements[1].key", "display_title"): Verify element property value successfully

2023-10-16 14:21:36 - [MESSAGE][PASSED] - Verify element property value successfully

2023-10-16 14:21:36 - [TEST_STEP][FAILED] - verifyElementPropertyValue(getResponse, "offers[1].groups[0].pricingPlans[0].visualElements[1].value", "40% Discount Offer"): Expected element property value '40% Discount Offer' is not equal with actual property value '40% Discount Offer​'

2023-10-16 14:21:36 - [MESSAGE][FAILED] - Expected element property value '40% Discount Offer' is not equal with actual property value '40% Discount Offer​'

2023-10-16 14:21:36 - [TEST_STEP][PASSED] - verifyElementPropertyValue(getResponse, "offers[1].groups[0].pricingPlans[0].visualElements[2].key", "promo_text"): Verify element property value successfully

2023-10-16 14:21:36 - [MESSAGE][PASSED] - Verify element property value successfully

2023-10-16 14:21:36 - [TEST_STEP][FAILED] - verifyElementPropertyValue(getResponse, "offers[1].groups[0].pricingPlans[0].visualElements[2].value", "23.99 AED/ month"): Expected element property value '23.99 AED/ month' is not equal with actual property value '34.99 AED/ month'

2023-10-16 14:21:36 - [MESSAGE][FAILED] - Expected element property value '23.99 AED/ month' is not equal with actual property value '34.99 AED/ month'

2023-10-16 14:21:36 - [TEST_STEP][PASSED] - verifyElementPropertyValue(getResponse, "offers[1].groups[0].pricingPlans[0].visualElements[3].key", "deduction_text"): Verify element property value successfully

2023-10-16 14:21:36 - [MESSAGE][PASSED] - Verify element property value successfully

2023-10-16 14:21:36 - [TEST_STEP][PASSED] - verifyElementPropertyValue(getResponse, "offers[1].groups[0].pricingPlans[0].visualElements[3].value", "billed every month"): Verify element property value successfully

2023-10-16 14:21:36 - [MESSAGE][PASSED] - Verify element property value successfully

2023-10-16 14:21:36 - [TEST_STEP][PASSED] - verifyElementPropertyValue(getResponse, "offers[1].groups[0].pricingPlans[0].visualElements[6].key", "show_payment_logo"): Verify element property value successfully

2023-10-16 14:21:36 - [MESSAGE][PASSED] - Verify element property value successfully

2023-10-16 14:21:36 - [TEST_STEP][PASSED] - verifyElementPropertyValue(getResponse, "offers[1].groups[0].pricingPlans[0].visualElements[6].value", "true"): Verify element property value successfully

2023-10-16 14:21:36 - [MESSAGE][PASSED] - Verify element property value successfully

2023-10-16 14:21:36 - [TEST_STEP][PASSED] - verifyElementPropertyValue(getResponse, "offers[1].groups[0].pricingPlans[0].visualElements[8].key", "price"): Verify element property value successfully

2023-10-16 14:21:36 - [MESSAGE][PASSED] - Verify element property value successfully

2023-10-16 14:21:36 - [TEST_STEP][PASSED] - verifyElementPropertyValue(getResponse, "offers[1].groups[0].pricingPlans[0].visualElements[8].value", "23.99"): Verify element property value successfully

2023-10-16 14:21:36 - [MESSAGE][PASSED] - Verify element property value successfully

2023-10-16 14:21:36 - [TEST_STEP][PASSED] - verifyElementPropertyValue(getResponse, "offers[1].groups[0].pricingPlans[0].visualElements[9].key", "currency"): Verify element property value successfully

2023-10-16 14:21:36 - [MESSAGE][PASSED] - Verify element property value successfully

2023-10-16 14:21:36 - [TEST_STEP][PASSED] - verifyElementPropertyValue(getResponse, "offers[1].groups[0].pricingPlans[0].visualElements[9].value", "AED"): Verify element property value successfully

2023-10-16 14:21:36 - [MESSAGE][PASSED] - Verify element property value successfully

2023-10-16 14:21:36 - [TEST_STEP][PASSED] - verifyElementPropertyValue(getResponse, "offers[1].groups[0].pricingPlans[0].visualElements[10].key", "duration"): Verify element property value successfully

2023-10-16 14:21:36 - [MESSAGE][PASSED] - Verify element property value successfully

2023-10-16 14:21:36 - [TEST_STEP][PASSED] - verifyElementPropertyValue(getResponse, "offers[1].groups[0].pricingPlans[0].visualElements[10].value", "Monthly"): Verify element property value successfully

2023-10-16 14:21:36 - [MESSAGE][PASSED] - Verify element property value successfully

2023-10-16 14:21:36 - [TEST_STEP][PASSED] - verifyElementPropertyValue(getResponse, "offers[1].groups[0].pricingPlans[0].visualElements[11].key", "featured_tag_text"): Verify element property value successfully

2023-10-16 14:21:36 - [MESSAGE][PASSED] - Verify element property value successfully

2023-10-16 14:21:36 - [TEST_STEP][PASSED] - verifyElementPropertyValue(getResponse, "offers[1].groups[0].pricingPlans[0].visualElements[11].value", "Limited Time Offer"): Verify element property value successfully

2023-10-16 14:21:36 - [MESSAGE][PASSED] - Verify element property value successfully

2023-10-16 14:21:36 - [TEST_STEP][PASSED] - verifyElementPropertyValue(getResponse, "offers[1].groups[0].pricingPlans[0].visualElements[13].key", "tag_text"): Verify element property value successfully

2023-10-16 14:21:36 - [MESSAGE][PASSED] - Verify element property value successfully

2023-10-16 14:21:36 - [TEST_STEP][PASSED] - verifyElementPropertyValue(getResponse, "offers[1].groups[0].pricingPlans[0].visualElements[13].value", "Save 40%"): Verify element property value successfully

2023-10-16 14:21:36 - [MESSAGE][PASSED] - Verify element property value successfully

2023-10-16 14:21:36 - [TEST_STEP][PASSED] - verifyElementPropertyValue(getResponse, "offers[1].groups[0].pricingPlans[0].visualElements[12].key", "show_tag"): Verify element property value successfully

2023-10-16 14:21:36 - [MESSAGE][PASSED] - Verify element property value successfully

2023-10-16 14:21:36 - [TEST_STEP][PASSED] - verifyElementPropertyValue(getResponse, "offers[1].groups[0].pricingPlans[0].visualElements[12].value", "true"): Verify element property value successfully

2023-10-16 14:21:36 - [MESSAGE][PASSED] - Verify element property value successfully

2023-10-16 14:21:36 - [TEST_STEP][PASSED] - verifyElementPropertyValue(getResponse, "offers[1].groups[0].pricingPlans[0].pricingPlanData[0].productId", "UAE_B2C_SHAHID_VIP_1M"): Verify element property value successfully

2023-10-16 14:21:36 - [MESSAGE][PASSED] - Verify element property value successfully

2023-10-16 14:21:36 - [TEST_STEP][PASSED] - verifyElementPropertyValue(getResponse, "offers[1].groups[0].pricingPlans[0].pricingPlanData[0].paymentMethod", "CREDIT_CARD"): Verify element property value successfully

2023-10-16 14:21:36 - [MESSAGE][PASSED] - Verify element property value successfully

2023-10-16 14:21:36 - [TEST_STEP][PASSED] - verifyElementPropertyValue(getResponse, "offers[1].groups[0].pricingPlans[0].pricingPlanData[0].freeTrialEnabled", "false"): Verify element property value successfully

2023-10-16 14:21:36 - [MESSAGE][PASSED] - Verify element property value successfully

2023-10-16 14:21:36 - [TEST_STEP][PASSED] - verifyElementPropertyValue(getResponse, "offers[1].groups[0].pricingPlans[0].pricingPlanData[0].showIn[0]", "VERTICAL_MODE"): Verify element property value successfully

2023-10-16 14:21:36 - [MESSAGE][PASSED] - Verify element property value successfully

2023-10-16 14:21:36 - [TEST_STEP][PASSED] - verifyElementPropertyValue(getResponse, "offers[1].groups[0].pricingPlans[0].pricingPlanData[0].showIn[1]", "HORIZONTAL_MODE"): Verify element property value successfully

2023-10-16 14:21:36 - [MESSAGE][PASSED] - Verify element property value successfully

2023-10-16 14:21:36 - [TEST_STEP][PASSED] - verifyElementPropertyValue(getResponse, "offers[1].groups[0].pricingPlans[0].pricingPlanData[0].priceLabel", "23.99"): Verify element property value successfully

2023-10-16 14:21:36 - [MESSAGE][PASSED] - Verify element property value successfully

2023-10-16 14:21:36 - [TEST_STEP][PASSED] - verifyElementPropertyValue(getResponse, "offers[1].groups[0].pricingPlans[0].pricingPlanData[0].currencyLabel", "AED"): Verify element property value successfully

2023-10-16 14:21:36 - [MESSAGE][PASSED] - Verify element property value successfully

2023-10-16 14:21:36 - [TEST_STEP][PASSED] - verifyElementPropertyValue(getResponse, "offers[1].groups[0].pricingPlans[0].pricingPlanData[0].dealId", "RE_40P_ARE"): Verify element property value successfully

2023-10-16 14:21:36 - [MESSAGE][PASSED] - Verify element property value successfully

2023-10-16 14:21:36 - [TEST_STEP][PASSED] - verifyElementPropertyValue(getResponse, "offers[1].groups[0].pricingPlans[0].pricingPlanData[0].allowedForAcquisition", "true"): Verify element property value successfully

2023-10-16 14:21:36 - [MESSAGE][PASSED] - Verify element property value successfully

2023-10-16 14:21:36 - [TEST_STEP][PASSED] - verifyElementPropertyValue(getResponse, "offers[1].groups[0].pricingPlans[0].pricingPlanData[0].visualElements[0].key", "title"): Verify element property value successfully

2023-10-16 14:21:36 - [MESSAGE][PASSED] - Verify element property value successfully

2023-10-16 14:21:36 - [TEST_STEP][PASSED] - verifyElementPropertyValue(getResponse, "offers[1].groups[0].pricingPlans[0].pricingPlanData[0].visualElements[0].value", "Credit/Debit Card"): Verify element property value successfully

2023-10-16 14:21:36 - [MESSAGE][PASSED] - Verify element property value successfully

2023-10-16 14:21:36 - [TEST_STEP][PASSED] - verifyElementPropertyValue(getResponse, "offers[1].groups[0].pricingPlans[0].pricingPlanData[0].visualElements[1].key", "CTA_text"): Verify element property value successfully

2023-10-16 14:21:36 - [MESSAGE][PASSED] - Verify element property value successfully

2023-10-16 14:21:36 - [TEST_STEP][PASSED] - verifyElementPropertyValue(getResponse, "offers[1].groups[0].pricingPlans[0].pricingPlanData[0].visualElements[1].value", "Subscribe"): Verify element property value successfully

2023-10-16 14:21:36 - [MESSAGE][PASSED] - Verify element property value successfully

2023-10-16 14:21:36 - [TEST_STEP][PASSED] - verifyElementPropertyValue(getResponse, "offers[1].groups[0].pricingPlans[0].pricingPlanData[0].visualElements[2].key", "logo"): Verify element property value successfully

2023-10-16 14:21:36 - [MESSAGE][PASSED] - Verify element property value successfully

2023-10-16 14:21:36 - [TEST_STEP][PASSED] - verifyElementPropertyValue(getResponse, "offers[1].groups[0].pricingPlans[0].pricingPlanData[0].visualElements[2].value", "https://static.s3.shahid.mbc.net/widget-images/icons/iconCreditCard.png"): Verify element property value successfully

2023-10-16 14:21:36 - [MESSAGE][PASSED] - Verify element property value successfully

2023-10-16 14:21:36 - [TEST_STEP][PASSED] - verifyElementPropertyValue(getResponse, "offers[2].offerId", "winback-50-offer"): Verify element property value successfully

2023-10-16 14:21:36 - [MESSAGE][PASSED] - Verify element property value successfully

2023-10-16 14:21:36 - [TEST_STEP][PASSED] - verifyElementPropertyValue(getResponse, "offers[2].offerParam", "winback50"): Verify element property value successfully

2023-10-16 14:21:36 - [MESSAGE][PASSED] - Verify element property value successfully

2023-10-16 14:21:36 - [TEST_STEP][PASSED] - verifyElementPropertyValue(getResponse, "offers[2].groups[0].pricingPlans[0].featured", "true"): Verify element property value successfully

2023-10-16 14:21:36 - [MESSAGE][PASSED] - Verify element property value successfully

2023-10-16 14:21:36 - [TEST_STEP][PASSED] - verifyElementPropertyValue(getResponse, "offers[2].groups[0].pricingPlans[0].period", "monthly"): Verify element property value successfully

2023-10-16 14:21:36 - [MESSAGE][PASSED] - Verify element property value successfully

2023-10-16 14:21:36 - [TEST_STEP][PASSED] - verifyElementPropertyValue(getResponse, "offers[2].groups[0].pricingPlans[0].featured", "true"): Verify element property value successfully

2023-10-16 14:21:36 - [MESSAGE][PASSED] - Verify element property value successfully

2023-10-16 14:21:36 - [TEST_STEP][PASSED] - verifyElementPropertyValue(getResponse, "offers[2].groups[0].pricingPlans[0].price", "19.99"): Verify element property value successfully

2023-10-16 14:21:36 - [MESSAGE][PASSED] - Verify element property value successfully

2023-10-16 14:21:36 - [TEST_STEP][PASSED] - verifyElementPropertyValue(getResponse, "offers[2].groups[0].pricingPlans[0].currency", "AED"): Verify element property value successfully

2023-10-16 14:21:36 - [MESSAGE][PASSED] - Verify element property value successfully

2023-10-16 14:21:36 - [TEST_STEP][PASSED] - verifyElementPropertyValue(getResponse, "offers[2].groups[0].pricingPlans[0].order", "0"): Verify element property value successfully

2023-10-16 14:21:36 - [MESSAGE][PASSED] - Verify element property value successfully

2023-10-16 14:21:36 - [TEST_STEP][PASSED] - verifyElementPropertyValue(getResponse, "offers[2].groups[0].pricingPlans[0].packageId", "SHAHID_VIP"): Verify element property value successfully

2023-10-16 14:21:36 - [MESSAGE][PASSED] - Verify element property value successfully

2023-10-16 14:21:36 - [TEST_STEP][PASSED] - verifyElementPropertyValue(getResponse, "offers[2].groups[0].pricingPlans[0].catalogId", "VIP"): Verify element property value successfully

2023-10-16 14:21:36 - [MESSAGE][PASSED] - Verify element property value successfully

2023-10-16 14:21:36 - [TEST_STEP][PASSED] - verifyElementPropertyValue(getResponse, "offers[2].groups[0].pricingPlans[0].visualElements[0].key", "Header_1_text"): Verify element property value successfully

2023-10-16 14:21:36 - [MESSAGE][PASSED] - Verify element property value successfully

2023-10-16 14:21:36 - [TEST_STEP][PASSED] - verifyElementPropertyValue(getResponse, "offers[2].groups[0].pricingPlans[0].visualElements[0].value", "Watch the most powerful series and movies exclusively without stopping"): Verify element property value successfully

2023-10-16 14:21:36 - [MESSAGE][PASSED] - Verify element property value successfully

2023-10-16 14:21:36 - [TEST_STEP][PASSED] - verifyElementPropertyValue(getResponse, "offers[2].groups[0].pricingPlans[0].visualElements[1].key", "display_title"): Verify element property value successfully

2023-10-16 14:21:36 - [MESSAGE][PASSED] - Verify element property value successfully

2023-10-16 14:21:36 - [TEST_STEP][FAILED] - verifyElementPropertyValue(getResponse, "offers[2].groups[0].pricingPlans[0].visualElements[1].value", "50% Discount Offer"): Expected element property value '50% Discount Offer' is not equal with actual property value '50% Discount Offer​'

2023-10-16 14:21:36 - [MESSAGE][FAILED] - Expected element property value '50% Discount Offer' is not equal with actual property value '50% Discount Offer​'

2023-10-16 14:21:36 - [TEST_STEP][PASSED] - verifyElementPropertyValue(getResponse, "offers[2].groups[0].pricingPlans[0].visualElements[2].key", "promo_text"): Verify element property value successfully

2023-10-16 14:21:36 - [MESSAGE][PASSED] - Verify element property value successfully

2023-10-16 14:21:36 - [TEST_STEP][FAILED] - verifyElementPropertyValue(getResponse, "offers[2].groups[0].pricingPlans[0].visualElements[2].value", "19.99 AED/ month"): Expected element property value '19.99 AED/ month' is not equal with actual property value '34.99 AED/ month'

2023-10-16 14:21:36 - [MESSAGE][FAILED] - Expected element property value '19.99 AED/ month' is not equal with actual property value '34.99 AED/ month'

2023-10-16 14:21:36 - [TEST_STEP][PASSED] - verifyElementPropertyValue(getResponse, "offers[2].groups[0].pricingPlans[0].visualElements[3].key", "deduction_text"): Verify element property value successfully

2023-10-16 14:21:36 - [MESSAGE][PASSED] - Verify element property value successfully

2023-10-16 14:21:36 - [TEST_STEP][PASSED] - verifyElementPropertyValue(getResponse, "offers[2].groups[0].pricingPlans[0].visualElements[3].value", "billed every month"): Verify element property value successfully

2023-10-16 14:21:36 - [MESSAGE][PASSED] - Verify element property value successfully

2023-10-16 14:21:36 - [TEST_STEP][PASSED] - verifyElementPropertyValue(getResponse, "offers[2].groups[0].pricingPlans[0].visualElements[6].key", "show_payment_logo"): Verify element property value successfully

2023-10-16 14:21:36 - [MESSAGE][PASSED] - Verify element property value successfully

2023-10-16 14:21:36 - [TEST_STEP][PASSED] - verifyElementPropertyValue(getResponse, "offers[2].groups[0].pricingPlans[0].visualElements[6].value", "true"): Verify element property value successfully

2023-10-16 14:21:37 - [MESSAGE][PASSED] - Verify element property value successfully

2023-10-16 14:21:37 - [TEST_STEP][PASSED] - verifyElementPropertyValue(getResponse, "offers[2].groups[0].pricingPlans[0].visualElements[8].key", "price"): Verify element property value successfully

2023-10-16 14:21:37 - [MESSAGE][PASSED] - Verify element property value successfully

2023-10-16 14:21:37 - [TEST_STEP][PASSED] - verifyElementPropertyValue(getResponse, "offers[2].groups[0].pricingPlans[0].visualElements[8].value", "19.99"): Verify element property value successfully

2023-10-16 14:21:37 - [MESSAGE][PASSED] - Verify element property value successfully

2023-10-16 14:21:37 - [TEST_STEP][PASSED] - verifyElementPropertyValue(getResponse, "offers[2].groups[0].pricingPlans[0].visualElements[9].key", "currency"): Verify element property value successfully

2023-10-16 14:21:37 - [MESSAGE][PASSED] - Verify element property value successfully

2023-10-16 14:21:37 - [TEST_STEP][PASSED] - verifyElementPropertyValue(getResponse, "offers[2].groups[0].pricingPlans[0].visualElements[9].value", "AED"): Verify element property value successfully

2023-10-16 14:21:37 - [MESSAGE][PASSED] - Verify element property value successfully

2023-10-16 14:21:37 - [TEST_STEP][PASSED] - verifyElementPropertyValue(getResponse, "offers[2].groups[0].pricingPlans[0].visualElements[10].key", "duration"): Verify element property value successfully

2023-10-16 14:21:37 - [MESSAGE][PASSED] - Verify element property value successfully

2023-10-16 14:21:37 - [TEST_STEP][PASSED] - verifyElementPropertyValue(getResponse, "offers[2].groups[0].pricingPlans[0].visualElements[10].value", "Monthly"): Verify element property value successfully

2023-10-16 14:21:37 - [MESSAGE][PASSED] - Verify element property value successfully

2023-10-16 14:21:37 - [TEST_STEP][PASSED] - verifyElementPropertyValue(getResponse, "offers[2].groups[0].pricingPlans[0].visualElements[11].key", "featured_tag_text"): Verify element property value successfully

2023-10-16 14:21:37 - [MESSAGE][PASSED] - Verify element property value successfully

2023-10-16 14:21:37 - [TEST_STEP][PASSED] - verifyElementPropertyValue(getResponse, "offers[2].groups[0].pricingPlans[0].visualElements[11].value", "Limited Time Offer"): Verify element property value successfully

2023-10-16 14:21:37 - [MESSAGE][PASSED] - Verify element property value successfully

2023-10-16 14:21:37 - [TEST_STEP][PASSED] - verifyElementPropertyValue(getResponse, "offers[2].groups[0].pricingPlans[0].visualElements[13].key", "tag_text"): Verify element property value successfully

2023-10-16 14:21:37 - [MESSAGE][PASSED] - Verify element property value successfully

2023-10-16 14:21:37 - [TEST_STEP][PASSED] - verifyElementPropertyValue(getResponse, "offers[2].groups[0].pricingPlans[0].visualElements[13].value", "Save 50%"): Verify element property value successfully

2023-10-16 14:21:37 - [MESSAGE][PASSED] - Verify element property value successfully

2023-10-16 14:21:37 - [TEST_STEP][PASSED] - verifyElementPropertyValue(getResponse, "offers[2].groups[0].pricingPlans[0].visualElements[12].key", "show_tag"): Verify element property value successfully

2023-10-16 14:21:37 - [MESSAGE][PASSED] - Verify element property value successfully

2023-10-16 14:21:37 - [TEST_STEP][PASSED] - verifyElementPropertyValue(getResponse, "offers[2].groups[0].pricingPlans[0].visualElements[12].value", "true"): Verify element property value successfully

2023-10-16 14:21:37 - [MESSAGE][PASSED] - Verify element property value successfully

2023-10-16 14:21:37 - [TEST_STEP][PASSED] - verifyElementPropertyValue(getResponse, "offers[2].groups[0].pricingPlans[0].pricingPlanData[0].productId", "UAE_B2C_SHAHID_VIP_1M"): Verify element property value successfully

2023-10-16 14:21:37 - [MESSAGE][PASSED] - Verify element property value successfully

2023-10-16 14:21:37 - [TEST_STEP][PASSED] - verifyElementPropertyValue(getResponse, "offers[2].groups[0].pricingPlans[0].pricingPlanData[0].paymentMethod", "CREDIT_CARD"): Verify element property value successfully

2023-10-16 14:21:37 - [MESSAGE][PASSED] - Verify element property value successfully

2023-10-16 14:21:37 - [TEST_STEP][PASSED] - verifyElementPropertyValue(getResponse, "offers[2].groups[0].pricingPlans[0].pricingPlanData[0].freeTrialEnabled", "false"): Verify element property value successfully

2023-10-16 14:21:37 - [MESSAGE][PASSED] - Verify element property value successfully

2023-10-16 14:21:37 - [TEST_STEP][PASSED] - verifyElementPropertyValue(getResponse, "offers[2].groups[0].pricingPlans[0].pricingPlanData[0].showIn[0]", "VERTICAL_MODE"): Verify element property value successfully

2023-10-16 14:21:37 - [MESSAGE][PASSED] - Verify element property value successfully

2023-10-16 14:21:37 - [TEST_STEP][PASSED] - verifyElementPropertyValue(getResponse, "offers[2].groups[0].pricingPlans[0].pricingPlanData[0].showIn[1]", "HORIZONTAL_MODE"): Verify element property value successfully

2023-10-16 14:21:37 - [MESSAGE][PASSED] - Verify element property value successfully

2023-10-16 14:21:37 - [TEST_STEP][PASSED] - verifyElementPropertyValue(getResponse, "offers[2].groups[0].pricingPlans[0].pricingPlanData[0].priceLabel", "19.99"): Verify element property value successfully

2023-10-16 14:21:37 - [MESSAGE][PASSED] - Verify element property value successfully

2023-10-16 14:21:37 - [TEST_STEP][PASSED] - verifyElementPropertyValue(getResponse, "offers[2].groups[0].pricingPlans[0].pricingPlanData[0].currencyLabel", "AED"): Verify element property value successfully

2023-10-16 14:21:37 - [MESSAGE][PASSED] - Verify element property value successfully

2023-10-16 14:21:37 - [TEST_STEP][PASSED] - verifyElementPropertyValue(getResponse, "offers[2].groups[0].pricingPlans[0].pricingPlanData[0].dealId", "RE_50P_ARE"): Verify element property value successfully

2023-10-16 14:21:37 - [MESSAGE][PASSED] - Verify element property value successfully

2023-10-16 14:21:37 - [TEST_STEP][PASSED] - verifyElementPropertyValue(getResponse, "offers[2].groups[0].pricingPlans[0].pricingPlanData[0].allowedForAcquisition", "true"): Verify element property value successfully

2023-10-16 14:21:37 - [MESSAGE][PASSED] - Verify element property value successfully

2023-10-16 14:21:37 - [TEST_STEP][PASSED] - verifyElementPropertyValue(getResponse, "offers[2].groups[0].pricingPlans[0].pricingPlanData[0].visualElements[0].key", "title"): Verify element property value successfully

2023-10-16 14:21:37 - [MESSAGE][PASSED] - Verify element property value successfully

2023-10-16 14:21:37 - [TEST_STEP][PASSED] - verifyElementPropertyValue(getResponse, "offers[2].groups[0].pricingPlans[0].pricingPlanData[0].visualElements[0].value", "Credit/Debit Card"): Verify element property value successfully

2023-10-16 14:21:37 - [MESSAGE][PASSED] - Verify element property value successfully

2023-10-16 14:21:37 - [TEST_STEP][PASSED] - verifyElementPropertyValue(getResponse, "offers[2].groups[0].pricingPlans[0].pricingPlanData[0].visualElements[1].key", "CTA_text"): Verify element property value successfully

2023-10-16 14:21:37 - [MESSAGE][PASSED] - Verify element property value successfully

2023-10-16 14:21:37 - [TEST_STEP][PASSED] - verifyElementPropertyValue(getResponse, "offers[2].groups[0].pricingPlans[0].pricingPlanData[0].visualElements[1].value", "Subscribe"): Verify element property value successfully

2023-10-16 14:21:37 - [MESSAGE][PASSED] - Verify element property value successfully

2023-10-16 14:21:37 - [TEST_STEP][PASSED] - verifyElementPropertyValue(getResponse, "offers[2].groups[0].pricingPlans[0].pricingPlanData[0].visualElements[2].key", "logo"): Verify element property value successfully

2023-10-16 14:21:37 - [MESSAGE][PASSED] - Verify element property value successfully

2023-10-16 14:21:37 - [TEST_STEP][PASSED] - verifyElementPropertyValue(getResponse, "offers[2].groups[0].pricingPlans[0].pricingPlanData[0].visualElements[2].value", "https://static.s3.shahid.mbc.net/widget-images/icons/iconCreditCard.png"): Verify element property value successfully

2023-10-16 14:21:37 - [MESSAGE][PASSED] - Verify element property value successfully

2023-10-16 14:21:37 - [TEST_STEP][PASSED] - verifyElementPropertyValue(getResponse, "offers[8].offerId", "byg-30-offer"): Verify element property value successfully

2023-10-16 14:21:37 - [MESSAGE][PASSED] - Verify element property value successfully

2023-10-16 14:21:37 - [TEST_STEP][PASSED] - verifyElementPropertyValue(getResponse, "offers[8].offerParam", "bygoffer30"): Verify element property value successfully

2023-10-16 14:21:37 - [MESSAGE][PASSED] - Verify element property value successfully

2023-10-16 14:21:37 - [TEST_STEP][PASSED] - verifyElementPropertyValue(getResponse, "offers[8].groups[0].pricingPlans[0].featured", "true"): Verify element property value successfully

2023-10-16 14:21:37 - [MESSAGE][PASSED] - Verify element property value successfully

2023-10-16 14:21:37 - [TEST_STEP][PASSED] - verifyElementPropertyValue(getResponse, "offers[8].groups[0].pricingPlans[0].period", "monthly"): Verify element property value successfully

2023-10-16 14:21:37 - [MESSAGE][PASSED] - Verify element property value successfully

2023-10-16 14:21:37 - [TEST_STEP][PASSED] - verifyElementPropertyValue(getResponse, "offers[8].groups[0].pricingPlans[0].featured", "true"): Verify element property value successfully

2023-10-16 14:21:37 - [MESSAGE][PASSED] - Verify element property value successfully

2023-10-16 14:21:37 - [TEST_STEP][PASSED] - verifyElementPropertyValue(getResponse, "offers[8].groups[0].pricingPlans[0].price", "27.99"): Verify element property value successfully

2023-10-16 14:21:37 - [MESSAGE][PASSED] - Verify element property value successfully

2023-10-16 14:21:37 - [TEST_STEP][PASSED] - verifyElementPropertyValue(getResponse, "offers[8].groups[0].pricingPlans[0].currency", "AED"): Verify element property value successfully

2023-10-16 14:21:37 - [MESSAGE][PASSED] - Verify element property value successfully

2023-10-16 14:21:37 - [TEST_STEP][PASSED] - verifyElementPropertyValue(getResponse, "offers[8].groups[0].pricingPlans[0].order", "0"): Verify element property value successfully

2023-10-16 14:21:37 - [MESSAGE][PASSED] - Verify element property value successfully

2023-10-16 14:21:37 - [TEST_STEP][PASSED] - verifyElementPropertyValue(getResponse, "offers[8].groups[0].pricingPlans[0].packageId", "SHAHID_VIP"): Verify element property value successfully

2023-10-16 14:21:37 - [MESSAGE][PASSED] - Verify element property value successfully

2023-10-16 14:21:37 - [TEST_STEP][PASSED] - verifyElementPropertyValue(getResponse, "offers[8].groups[0].pricingPlans[0].catalogId", "VIP"): Verify element property value successfully

2023-10-16 14:21:37 - [MESSAGE][PASSED] - Verify element property value successfully

2023-10-16 14:21:37 - [TEST_STEP][PASSED] - verifyElementPropertyValue(getResponse, "offers[8].groups[0].pricingPlans[0].visualElements[0].key", "Header_1_text"): Verify element property value successfully

2023-10-16 14:21:37 - [MESSAGE][PASSED] - Verify element property value successfully

2023-10-16 14:21:37 - [TEST_STEP][PASSED] - verifyElementPropertyValue(getResponse, "offers[8].groups[0].pricingPlans[0].visualElements[0].value", "Watch the most powerful series and movies exclusively without stopping"): Verify element property value successfully

2023-10-16 14:21:37 - [MESSAGE][PASSED] - Verify element property value successfully

2023-10-16 14:21:37 - [TEST_STEP][PASSED] - verifyElementPropertyValue(getResponse, "offers[8].groups[0].pricingPlans[0].visualElements[1].key", "display_title"): Verify element property value successfully

2023-10-16 14:21:37 - [MESSAGE][PASSED] - Verify element property value successfully

2023-10-16 14:21:37 - [TEST_STEP][FAILED] - verifyElementPropertyValue(getResponse, "offers[8].groups[0].pricingPlans[0].visualElements[1].value", "30% Discount Offer"): Expected element property value '30% Discount Offer' is not equal with actual property value '30% Discount Offer​'

2023-10-16 14:21:37 - [MESSAGE][FAILED] - Expected element property value '30% Discount Offer' is not equal with actual property value '30% Discount Offer​'

2023-10-16 14:21:37 - [TEST_STEP][PASSED] - verifyElementPropertyValue(getResponse, "offers[8].groups[0].pricingPlans[0].visualElements[3].key", "deduction_text"): Verify element property value successfully

2023-10-16 14:21:37 - [MESSAGE][PASSED] - Verify element property value successfully

2023-10-16 14:21:37 - [TEST_STEP][PASSED] - verifyElementPropertyValue(getResponse, "offers[8].groups[0].pricingPlans[0].visualElements[3].value", "billed every month"): Verify element property value successfully

2023-10-16 14:21:37 - [MESSAGE][PASSED] - Verify element property value successfully

2023-10-16 14:21:37 - [TEST_STEP][PASSED] - verifyElementPropertyValue(getResponse, "offers[8].groups[0].pricingPlans[0].visualElements[6].key", "show_payment_logo"): Verify element property value successfully

2023-10-16 14:21:37 - [MESSAGE][PASSED] - Verify element property value successfully

2023-10-16 14:21:37 - [TEST_STEP][PASSED] - verifyElementPropertyValue(getResponse, "offers[8].groups[0].pricingPlans[0].visualElements[6].value", "true"): Verify element property value successfully

2023-10-16 14:21:37 - [MESSAGE][PASSED] - Verify element property value successfully

2023-10-16 14:21:37 - [TEST_STEP][PASSED] - verifyElementPropertyValue(getResponse, "offers[8].groups[0].pricingPlans[0].visualElements[8].key", "price"): Verify element property value successfully

2023-10-16 14:21:37 - [MESSAGE][PASSED] - Verify element property value successfully

2023-10-16 14:21:37 - [TEST_STEP][PASSED] - verifyElementPropertyValue(getResponse, "offers[8].groups[0].pricingPlans[0].visualElements[8].value", "27.99"): Verify element property value successfully

2023-10-16 14:21:37 - [MESSAGE][PASSED] - Verify element property value successfully

2023-10-16 14:21:37 - [TEST_STEP][PASSED] - verifyElementPropertyValue(getResponse, "offers[8].groups[0].pricingPlans[0].visualElements[9].key", "currency"): Verify element property value successfully

2023-10-16 14:21:37 - [MESSAGE][PASSED] - Verify element property value successfully

2023-10-16 14:21:37 - [TEST_STEP][PASSED] - verifyElementPropertyValue(getResponse, "offers[8].groups[0].pricingPlans[0].visualElements[9].value", "AED"): Verify element property value successfully

2023-10-16 14:21:37 - [MESSAGE][PASSED] - Verify element property value successfully

2023-10-16 14:21:37 - [TEST_STEP][PASSED] - verifyElementPropertyValue(getResponse, "offers[8].groups[0].pricingPlans[0].visualElements[10].key", "duration"): Verify element property value successfully

2023-10-16 14:21:37 - [MESSAGE][PASSED] - Verify element property value successfully

2023-10-16 14:21:37 - [TEST_STEP][PASSED] - verifyElementPropertyValue(getResponse, "offers[8].groups[0].pricingPlans[0].visualElements[10].value", "Monthly"): Verify element property value successfully

2023-10-16 14:21:37 - [MESSAGE][PASSED] - Verify element property value successfully

2023-10-16 14:21:37 - [TEST_STEP][PASSED] - verifyElementPropertyValue(getResponse, "offers[8].groups[0].pricingPlans[0].visualElements[11].key", "featured_tag_text"): Verify element property value successfully

2023-10-16 14:21:37 - [MESSAGE][PASSED] - Verify element property value successfully

2023-10-16 14:21:37 - [TEST_STEP][PASSED] - verifyElementPropertyValue(getResponse, "offers[8].groups[0].pricingPlans[0].visualElements[11].value", "Limited Time Offer"): Verify element property value successfully

2023-10-16 14:21:37 - [MESSAGE][PASSED] - Verify element property value successfully

2023-10-16 14:21:37 - [TEST_STEP][PASSED] - verifyElementPropertyValue(getResponse, "offers[8].groups[0].pricingPlans[0].visualElements[12].key", "show_tag"): Verify element property value successfully

2023-10-16 14:21:37 - [MESSAGE][PASSED] - Verify element property value successfully

2023-10-16 14:21:37 - [TEST_STEP][PASSED] - verifyElementPropertyValue(getResponse, "offers[8].groups[0].pricingPlans[0].visualElements[12].value", "true"): Verify element property value successfully

2023-10-16 14:21:37 - [MESSAGE][PASSED] - Verify element property value successfully

2023-10-16 14:21:37 - [TEST_STEP][PASSED] - verifyElementPropertyValue(getResponse, "offers[8].groups[0].pricingPlans[0].visualElements[13].key", "tag_text"): Verify element property value successfully

2023-10-16 14:21:37 - [MESSAGE][PASSED] - Verify element property value successfully

2023-10-16 14:21:37 - [TEST_STEP][PASSED] - verifyElementPropertyValue(getResponse, "offers[8].groups[0].pricingPlans[0].visualElements[13].value", "Save 30%"): Verify element property value successfully

2023-10-16 14:21:37 - [MESSAGE][PASSED] - Verify element property value successfully

2023-10-16 14:21:37 - [TEST_STEP][PASSED] - verifyElementPropertyValue(getResponse, "offers[8].groups[0].pricingPlans[0].pricingPlanData[0].productId", "UAE_B2C_SHAHID_VIP_1M"): Verify element property value successfully

2023-10-16 14:21:37 - [MESSAGE][PASSED] - Verify element property value successfully

2023-10-16 14:21:37 - [TEST_STEP][PASSED] - verifyElementPropertyValue(getResponse, "offers[8].groups[0].pricingPlans[0].pricingPlanData[0].paymentMethod", "CREDIT_CARD"): Verify element property value successfully

2023-10-16 14:21:37 - [MESSAGE][PASSED] - Verify element property value successfully

2023-10-16 14:21:37 - [TEST_STEP][PASSED] - verifyElementPropertyValue(getResponse, "offers[8].groups[0].pricingPlans[0].pricingPlanData[0].freeTrialEnabled", "false"): Verify element property value successfully

2023-10-16 14:21:37 - [MESSAGE][PASSED] - Verify element property value successfully

2023-10-16 14:21:37 - [TEST_STEP][PASSED] - verifyElementPropertyValue(getResponse, "offers[8].groups[0].pricingPlans[0].pricingPlanData[0].showIn[0]", "VERTICAL_MODE"): Verify element property value successfully

2023-10-16 14:21:37 - [MESSAGE][PASSED] - Verify element property value successfully

2023-10-16 14:21:37 - [TEST_STEP][PASSED] - verifyElementPropertyValue(getResponse, "offers[8].groups[0].pricingPlans[0].pricingPlanData[0].showIn[1]", "HORIZONTAL_MODE"): Verify element property value successfully

2023-10-16 14:21:37 - [MESSAGE][PASSED] - Verify element property value successfully

2023-10-16 14:21:37 - [TEST_STEP][PASSED] - verifyElementPropertyValue(getResponse, "offers[8].groups[0].pricingPlans[0].pricingPlanData[0].priceLabel", "27.99"): Verify element property value successfully

2023-10-16 14:21:37 - [MESSAGE][PASSED] - Verify element property value successfully

2023-10-16 14:21:37 - [TEST_STEP][PASSED] - verifyElementPropertyValue(getResponse, "offers[8].groups[0].pricingPlans[0].pricingPlanData[0].currencyLabel", "AED"): Verify element property value successfully

2023-10-16 14:21:37 - [MESSAGE][PASSED] - Verify element property value successfully

2023-10-16 14:21:37 - [TEST_STEP][PASSED] - verifyElementPropertyValue(getResponse, "offers[8].groups[0].pricingPlans[0].pricingPlanData[0].dealId", "BYG_30P_ARE"): Verify element property value successfully

2023-10-16 14:21:37 - [MESSAGE][PASSED] - Verify element property value successfully

2023-10-16 14:21:37 - [TEST_STEP][PASSED] - verifyElementPropertyValue(getResponse, "offers[8].groups[0].pricingPlans[0].pricingPlanData[0].allowedForAcquisition", "true"): Verify element property value successfully

2023-10-16 14:21:37 - [MESSAGE][PASSED] - Verify element property value successfully

2023-10-16 14:21:37 - [TEST_STEP][PASSED] - verifyElementPropertyValue(getResponse, "offers[8].groups[0].pricingPlans[0].pricingPlanData[0].visualElements[0].key", "title"): Verify element property value successfully

2023-10-16 14:21:37 - [MESSAGE][PASSED] - Verify element property value successfully

2023-10-16 14:21:37 - [TEST_STEP][PASSED] - verifyElementPropertyValue(getResponse, "offers[8].groups[0].pricingPlans[0].pricingPlanData[0].visualElements[0].value", "Credit/Debit Card"): Verify element property value successfully

2023-10-16 14:21:37 - [MESSAGE][PASSED] - Verify element property value successfully

2023-10-16 14:21:37 - [TEST_STEP][PASSED] - verifyElementPropertyValue(getResponse, "offers[8].groups[0].pricingPlans[0].pricingPlanData[0].visualElements[1].key", "CTA_text"): Verify element property value successfully

2023-10-16 14:21:37 - [MESSAGE][PASSED] - Verify element property value successfully

2023-10-16 14:21:37 - [TEST_STEP][PASSED] - verifyElementPropertyValue(getResponse, "offers[8].groups[0].pricingPlans[0].pricingPlanData[0].visualElements[1].value", "Subscribe"): Verify element property value successfully

2023-10-16 14:21:37 - [MESSAGE][PASSED] - Verify element property value successfully

2023-10-16 14:21:37 - [TEST_STEP][PASSED] - verifyElementPropertyValue(getResponse, "offers[8].groups[0].pricingPlans[0].pricingPlanData[0].visualElements[2].key", "logo"): Verify element property value successfully

2023-10-16 14:21:37 - [MESSAGE][PASSED] - Verify element property value successfully

2023-10-16 14:21:37 - [TEST_STEP][PASSED] - verifyElementPropertyValue(getResponse, "offers[8].groups[0].pricingPlans[0].pricingPlanData[0].visualElements[2].value", "https://static.s3.shahid.mbc.net/widget-images/icons/iconCreditCard.png"): Verify element property value successfully

2023-10-16 14:21:37 - [MESSAGE][PASSED] - Verify element property value successfully

2023-10-16 14:21:37 - [TEST_STEP][PASSED] - verifyElementPropertyValue(getResponse, "offers[9].offerId", "byg-40-offer"): Verify element property value successfully

2023-10-16 14:21:37 - [MESSAGE][PASSED] - Verify element property value successfully

2023-10-16 14:21:37 - [TEST_STEP][PASSED] - verifyElementPropertyValue(getResponse, "offers[9].offerParam", "bygoffer40"): Verify element property value successfully

2023-10-16 14:21:37 - [MESSAGE][PASSED] - Verify element property value successfully

2023-10-16 14:21:37 - [TEST_STEP][PASSED] - verifyElementPropertyValue(getResponse, "offers[9].groups[0].pricingPlans[0].featured", "true"): Verify element property value successfully

2023-10-16 14:21:37 - [MESSAGE][PASSED] - Verify element property value successfully

2023-10-16 14:21:37 - [TEST_STEP][PASSED] - verifyElementPropertyValue(getResponse, "offers[9].groups[0].pricingPlans[0].period", "monthly"): Verify element property value successfully

2023-10-16 14:21:37 - [MESSAGE][PASSED] - Verify element property value successfully

2023-10-16 14:21:37 - [TEST_STEP][PASSED] - verifyElementPropertyValue(getResponse, "offers[9].groups[0].pricingPlans[0].featured", "true"): Verify element property value successfully

2023-10-16 14:21:37 - [MESSAGE][PASSED] - Verify element property value successfully

2023-10-16 14:21:37 - [TEST_STEP][PASSED] - verifyElementPropertyValue(getResponse, "offers[9].groups[0].pricingPlans[0].price", "23.99"): Verify element property value successfully

2023-10-16 14:21:37 - [MESSAGE][PASSED] - Verify element property value successfully

2023-10-16 14:21:37 - [TEST_STEP][PASSED] - verifyElementPropertyValue(getResponse, "offers[9].groups[0].pricingPlans[0].currency", "AED"): Verify element property value successfully

2023-10-16 14:21:37 - [MESSAGE][PASSED] - Verify element property value successfully

2023-10-16 14:21:37 - [TEST_STEP][PASSED] - verifyElementPropertyValue(getResponse, "offers[9].groups[0].pricingPlans[0].order", "0"): Verify element property value successfully

2023-10-16 14:21:37 - [MESSAGE][PASSED] - Verify element property value successfully

2023-10-16 14:21:37 - [TEST_STEP][PASSED] - verifyElementPropertyValue(getResponse, "offers[9].groups[0].pricingPlans[0].packageId", "SHAHID_VIP"): Verify element property value successfully

2023-10-16 14:21:37 - [MESSAGE][PASSED] - Verify element property value successfully

2023-10-16 14:21:37 - [TEST_STEP][PASSED] - verifyElementPropertyValue(getResponse, "offers[9].groups[0].pricingPlans[0].catalogId", "VIP"): Verify element property value successfully

2023-10-16 14:21:37 - [MESSAGE][PASSED] - Verify element property value successfully

2023-10-16 14:21:37 - [TEST_STEP][PASSED] - verifyElementPropertyValue(getResponse, "offers[9].groups[0].pricingPlans[0].visualElements[0].key", "Header_1_text"): Verify element property value successfully

2023-10-16 14:21:37 - [MESSAGE][PASSED] - Verify element property value successfully

2023-10-16 14:21:37 - [TEST_STEP][PASSED] - verifyElementPropertyValue(getResponse, "offers[9].groups[0].pricingPlans[0].visualElements[0].value", "Watch the most powerful series and movies exclusively without stopping"): Verify element property value successfully

2023-10-16 14:21:37 - [MESSAGE][PASSED] - Verify element property value successfully

2023-10-16 14:21:37 - [TEST_STEP][PASSED] - verifyElementPropertyValue(getResponse, "offers[9].groups[0].pricingPlans[0].visualElements[1].key", "display_title"): Verify element property value successfully

2023-10-16 14:21:37 - [MESSAGE][PASSED] - Verify element property value successfully

2023-10-16 14:21:37 - [TEST_STEP][FAILED] - verifyElementPropertyValue(getResponse, "offers[9].groups[0].pricingPlans[0].visualElements[1].value", "40% Discount Offer"): Expected element property value '40% Discount Offer' is not equal with actual property value '40% Discount Offer​'

2023-10-16 14:21:37 - [MESSAGE][FAILED] - Expected element property value '40% Discount Offer' is not equal with actual property value '40% Discount Offer​'

2023-10-16 14:21:37 - [TEST_STEP][PASSED] - verifyElementPropertyValue(getResponse, "offers[9].groups[0].pricingPlans[0].visualElements[3].key", "deduction_text"): Verify element property value successfully

2023-10-16 14:21:37 - [MESSAGE][PASSED] - Verify element property value successfully

2023-10-16 14:21:37 - [TEST_STEP][PASSED] - verifyElementPropertyValue(getResponse, "offers[9].groups[0].pricingPlans[0].visualElements[3].value", "billed every month"): Verify element property value successfully

2023-10-16 14:21:37 - [MESSAGE][PASSED] - Verify element property value successfully

2023-10-16 14:21:37 - [TEST_STEP][PASSED] - verifyElementPropertyValue(getResponse, "offers[9].groups[0].pricingPlans[0].visualElements[6].key", "show_payment_logo"): Verify element property value successfully

2023-10-16 14:21:37 - [MESSAGE][PASSED] - Verify element property value successfully

2023-10-16 14:21:37 - [TEST_STEP][PASSED] - verifyElementPropertyValue(getResponse, "offers[9].groups[0].pricingPlans[0].visualElements[6].value", "true"): Verify element property value successfully

2023-10-16 14:21:37 - [MESSAGE][PASSED] - Verify element property value successfully

2023-10-16 14:21:37 - [TEST_STEP][PASSED] - verifyElementPropertyValue(getResponse, "offers[9].groups[0].pricingPlans[0].visualElements[8].key", "price"): Verify element property value successfully

2023-10-16 14:21:37 - [MESSAGE][PASSED] - Verify element property value successfully

2023-10-16 14:21:37 - [TEST_STEP][PASSED] - verifyElementPropertyValue(getResponse, "offers[9].groups[0].pricingPlans[0].visualElements[8].value", "23.99"): Verify element property value successfully

2023-10-16 14:21:38 - [MESSAGE][PASSED] - Verify element property value successfully

2023-10-16 14:21:38 - [TEST_STEP][PASSED] - verifyElementPropertyValue(getResponse, "offers[9].groups[0].pricingPlans[0].visualElements[9].key", "currency"): Verify element property value successfully

2023-10-16 14:21:38 - [MESSAGE][PASSED] - Verify element property value successfully

2023-10-16 14:21:38 - [TEST_STEP][PASSED] - verifyElementPropertyValue(getResponse, "offers[9].groups[0].pricingPlans[0].visualElements[9].value", "AED"): Verify element property value successfully

2023-10-16 14:21:38 - [MESSAGE][PASSED] - Verify element property value successfully

2023-10-16 14:21:38 - [TEST_STEP][PASSED] - verifyElementPropertyValue(getResponse, "offers[9].groups[0].pricingPlans[0].visualElements[10].key", "duration"): Verify element property value successfully

2023-10-16 14:21:38 - [MESSAGE][PASSED] - Verify element property value successfully

2023-10-16 14:21:38 - [TEST_STEP][PASSED] - verifyElementPropertyValue(getResponse, "offers[9].groups[0].pricingPlans[0].visualElements[10].value", "Monthly"): Verify element property value successfully

2023-10-16 14:21:38 - [MESSAGE][PASSED] - Verify element property value successfully

2023-10-16 14:21:38 - [TEST_STEP][PASSED] - verifyElementPropertyValue(getResponse, "offers[9].groups[0].pricingPlans[0].visualElements[11].key", "featured_tag_text"): Verify element property value successfully

2023-10-16 14:21:38 - [MESSAGE][PASSED] - Verify element property value successfully

2023-10-16 14:21:38 - [TEST_STEP][PASSED] - verifyElementPropertyValue(getResponse, "offers[9].groups[0].pricingPlans[0].visualElements[11].value", "Limited Time Offer"): Verify element property value successfully

2023-10-16 14:21:38 - [MESSAGE][PASSED] - Verify element property value successfully

2023-10-16 14:21:38 - [TEST_STEP][PASSED] - verifyElementPropertyValue(getResponse, "offers[9].groups[0].pricingPlans[0].visualElements[13].key", "tag_text"): Verify element property value successfully

2023-10-16 14:21:38 - [MESSAGE][PASSED] - Verify element property value successfully

2023-10-16 14:21:38 - [TEST_STEP][PASSED] - verifyElementPropertyValue(getResponse, "offers[9].groups[0].pricingPlans[0].visualElements[13].value", "Save 40%"): Verify element property value successfully

2023-10-16 14:21:38 - [MESSAGE][PASSED] - Verify element property value successfully

2023-10-16 14:21:38 - [TEST_STEP][PASSED] - verifyElementPropertyValue(getResponse, "offers[9].groups[0].pricingPlans[0].visualElements[12].key", "show_tag"): Verify element property value successfully

2023-10-16 14:21:38 - [MESSAGE][PASSED] - Verify element property value successfully

2023-10-16 14:21:38 - [TEST_STEP][PASSED] - verifyElementPropertyValue(getResponse, "offers[9].groups[0].pricingPlans[0].visualElements[12].value", "true"): Verify element property value successfully

2023-10-16 14:21:38 - [MESSAGE][PASSED] - Verify element property value successfully

2023-10-16 14:21:38 - [TEST_STEP][PASSED] - verifyElementPropertyValue(getResponse, "offers[9].groups[0].pricingPlans[0].pricingPlanData[0].productId", "UAE_B2C_SHAHID_VIP_1M"): Verify element property value successfully

2023-10-16 14:21:38 - [MESSAGE][PASSED] - Verify element property value successfully

2023-10-16 14:21:38 - [TEST_STEP][PASSED] - verifyElementPropertyValue(getResponse, "offers[9].groups[0].pricingPlans[0].pricingPlanData[0].paymentMethod", "CREDIT_CARD"): Verify element property value successfully

2023-10-16 14:21:38 - [MESSAGE][PASSED] - Verify element property value successfully

2023-10-16 14:21:38 - [TEST_STEP][PASSED] - verifyElementPropertyValue(getResponse, "offers[9].groups[0].pricingPlans[0].pricingPlanData[0].freeTrialEnabled", "false"): Verify element property value successfully

2023-10-16 14:21:38 - [MESSAGE][PASSED] - Verify element property value successfully

2023-10-16 14:21:38 - [TEST_STEP][PASSED] - verifyElementPropertyValue(getResponse, "offers[9].groups[0].pricingPlans[0].pricingPlanData[0].showIn[0]", "VERTICAL_MODE"): Verify element property value successfully

2023-10-16 14:21:38 - [MESSAGE][PASSED] - Verify element property value successfully

2023-10-16 14:21:38 - [TEST_STEP][PASSED] - verifyElementPropertyValue(getResponse, "offers[9].groups[0].pricingPlans[0].pricingPlanData[0].showIn[1]", "HORIZONTAL_MODE"): Verify element property value successfully

2023-10-16 14:21:38 - [MESSAGE][PASSED] - Verify element property value successfully

2023-10-16 14:21:38 - [TEST_STEP][PASSED] - verifyElementPropertyValue(getResponse, "offers[9].groups[0].pricingPlans[0].pricingPlanData[0].priceLabel", "23.99"): Verify element property value successfully

2023-10-16 14:21:38 - [MESSAGE][PASSED] - Verify element property value successfully

2023-10-16 14:21:38 - [TEST_STEP][PASSED] - verifyElementPropertyValue(getResponse, "offers[9].groups[0].pricingPlans[0].pricingPlanData[0].currencyLabel", "AED"): Verify element property value successfully

2023-10-16 14:21:38 - [MESSAGE][PASSED] - Verify element property value successfully

2023-10-16 14:21:38 - [TEST_STEP][PASSED] - verifyElementPropertyValue(getResponse, "offers[9].groups[0].pricingPlans[0].pricingPlanData[0].dealId", "BYG_40P_ARE"): Verify element property value successfully

2023-10-16 14:21:38 - [MESSAGE][PASSED] - Verify element property value successfully

2023-10-16 14:21:38 - [TEST_STEP][PASSED] - verifyElementPropertyValue(getResponse, "offers[9].groups[0].pricingPlans[0].pricingPlanData[0].allowedForAcquisition", "true"): Verify element property value successfully

2023-10-16 14:21:38 - [MESSAGE][PASSED] - Verify element property value successfully

2023-10-16 14:21:38 - [TEST_STEP][PASSED] - verifyElementPropertyValue(getResponse, "offers[9].groups[0].pricingPlans[0].pricingPlanData[0].visualElements[0].key", "title"): Verify element property value successfully

2023-10-16 14:21:38 - [MESSAGE][PASSED] - Verify element property value successfully

2023-10-16 14:21:38 - [TEST_STEP][PASSED] - verifyElementPropertyValue(getResponse, "offers[9].groups[0].pricingPlans[0].pricingPlanData[0].visualElements[0].value", "Credit/Debit Card"): Verify element property value successfully

2023-10-16 14:21:38 - [MESSAGE][PASSED] - Verify element property value successfully

2023-10-16 14:21:38 - [TEST_STEP][PASSED] - verifyElementPropertyValue(getResponse, "offers[9].groups[0].pricingPlans[0].pricingPlanData[0].visualElements[1].key", "CTA_text"): Verify element property value successfully

2023-10-16 14:21:38 - [MESSAGE][PASSED] - Verify element property value successfully

2023-10-16 14:21:38 - [TEST_STEP][PASSED] - verifyElementPropertyValue(getResponse, "offers[9].groups[0].pricingPlans[0].pricingPlanData[0].visualElements[1].value", "Subscribe"): Verify element property value successfully

2023-10-16 14:21:38 - [MESSAGE][PASSED] - Verify element property value successfully

2023-10-16 14:21:38 - [TEST_STEP][PASSED] - verifyElementPropertyValue(getResponse, "offers[9].groups[0].pricingPlans[0].pricingPlanData[0].visualElements[2].key", "logo"): Verify element property value successfully

2023-10-16 14:21:38 - [MESSAGE][PASSED] - Verify element property value successfully

2023-10-16 14:21:38 - [TEST_STEP][PASSED] - verifyElementPropertyValue(getResponse, "offers[9].groups[0].pricingPlans[0].pricingPlanData[0].visualElements[2].value", "https://static.s3.shahid.mbc.net/widget-images/icons/iconCreditCard.png"): Verify element property value successfully

2023-10-16 14:21:38 - [MESSAGE][PASSED] - Verify element property value successfully

2023-10-16 14:21:38 - [TEST_STEP][PASSED] - verifyElementPropertyValue(getResponse, "offers[10].offerId", "byg-50-offer"): Verify element property value successfully

2023-10-16 14:21:38 - [MESSAGE][PASSED] - Verify element property value successfully

2023-10-16 14:21:38 - [TEST_STEP][PASSED] - verifyElementPropertyValue(getResponse, "offers[10].offerParam", "bygoffer50"): Verify element property value successfully

2023-10-16 14:21:38 - [MESSAGE][PASSED] - Verify element property value successfully

2023-10-16 14:21:38 - [TEST_STEP][PASSED] - verifyElementPropertyValue(getResponse, "offers[10].groups[0].pricingPlans[0].featured", "true"): Verify element property value successfully

2023-10-16 14:21:38 - [MESSAGE][PASSED] - Verify element property value successfully

2023-10-16 14:21:38 - [TEST_STEP][PASSED] - verifyElementPropertyValue(getResponse, "offers[10].groups[0].pricingPlans[0].period", "monthly"): Verify element property value successfully

2023-10-16 14:21:38 - [MESSAGE][PASSED] - Verify element property value successfully

2023-10-16 14:21:38 - [TEST_STEP][PASSED] - verifyElementPropertyValue(getResponse, "offers[10].groups[0].pricingPlans[0].featured", "true"): Verify element property value successfully

2023-10-16 14:21:38 - [MESSAGE][PASSED] - Verify element property value successfully

2023-10-16 14:21:38 - [TEST_STEP][PASSED] - verifyElementPropertyValue(getResponse, "offers[10].groups[0].pricingPlans[0].price", "19.99"): Verify element property value successfully

2023-10-16 14:21:38 - [MESSAGE][PASSED] - Verify element property value successfully

2023-10-16 14:21:38 - [TEST_STEP][PASSED] - verifyElementPropertyValue(getResponse, "offers[10].groups[0].pricingPlans[0].currency", "AED"): Verify element property value successfully

2023-10-16 14:21:38 - [MESSAGE][PASSED] - Verify element property value successfully

2023-10-16 14:21:38 - [TEST_STEP][PASSED] - verifyElementPropertyValue(getResponse, "offers[10].groups[0].pricingPlans[0].order", "0"): Verify element property value successfully

2023-10-16 14:21:38 - [MESSAGE][PASSED] - Verify element property value successfully

2023-10-16 14:21:38 - [TEST_STEP][PASSED] - verifyElementPropertyValue(getResponse, "offers[10].groups[0].pricingPlans[0].packageId", "SHAHID_VIP"): Verify element property value successfully

2023-10-16 14:21:38 - [MESSAGE][PASSED] - Verify element property value successfully

2023-10-16 14:21:38 - [TEST_STEP][PASSED] - verifyElementPropertyValue(getResponse, "offers[10].groups[0].pricingPlans[0].catalogId", "VIP"): Verify element property value successfully

2023-10-16 14:21:38 - [MESSAGE][PASSED] - Verify element property value successfully

2023-10-16 14:21:38 - [TEST_STEP][PASSED] - verifyElementPropertyValue(getResponse, "offers[10].groups[0].pricingPlans[0].visualElements[0].key", "Header_1_text"): Verify element property value successfully

2023-10-16 14:21:38 - [MESSAGE][PASSED] - Verify element property value successfully

2023-10-16 14:21:38 - [TEST_STEP][PASSED] - verifyElementPropertyValue(getResponse, "offers[10].groups[0].pricingPlans[0].visualElements[0].value", "Watch the most powerful series and movies exclusively without stopping"): Verify element property value successfully

2023-10-16 14:21:38 - [MESSAGE][PASSED] - Verify element property value successfully

2023-10-16 14:21:38 - [TEST_STEP][PASSED] - verifyElementPropertyValue(getResponse, "offers[10].groups[0].pricingPlans[0].visualElements[1].key", "display_title"): Verify element property value successfully

2023-10-16 14:21:38 - [MESSAGE][PASSED] - Verify element property value successfully

2023-10-16 14:21:38 - [TEST_STEP][FAILED] - verifyElementPropertyValue(getResponse, "offers[10].groups[0].pricingPlans[0].visualElements[1].value", "50% Discount Offer"): Expected element property value '50% Discount Offer' is not equal with actual property value '50% Discount Offer​'

2023-10-16 14:21:38 - [MESSAGE][FAILED] - Expected element property value '50% Discount Offer' is not equal with actual property value '50% Discount Offer​'

2023-10-16 14:21:38 - [TEST_STEP][PASSED] - verifyElementPropertyValue(getResponse, "offers[10].groups[0].pricingPlans[0].visualElements[2].key", "promo_text"): Verify element property value successfully

2023-10-16 14:21:38 - [MESSAGE][PASSED] - Verify element property value successfully

2023-10-16 14:21:38 - [TEST_STEP][FAILED] - verifyElementPropertyValue(getResponse, "offers[10].groups[0].pricingPlans[0].visualElements[2].value", "2.99 AED / month"): Expected element property value '2.99 AED / month' is not equal with actual property value ''

2023-10-16 14:21:38 - [MESSAGE][FAILED] - Expected element property value '2.99 AED / month' is not equal with actual property value ''

2023-10-16 14:21:38 - [TEST_STEP][PASSED] - verifyElementPropertyValue(getResponse, "offers[10].groups[0].pricingPlans[0].visualElements[3].key", "deduction_text"): Verify element property value successfully

2023-10-16 14:21:38 - [MESSAGE][PASSED] - Verify element property value successfully

2023-10-16 14:21:38 - [TEST_STEP][PASSED] - verifyElementPropertyValue(getResponse, "offers[10].groups[0].pricingPlans[0].visualElements[3].value", "billed every month"): Verify element property value successfully

2023-10-16 14:21:38 - [MESSAGE][PASSED] - Verify element property value successfully

2023-10-16 14:21:38 - [TEST_STEP][PASSED] - verifyElementPropertyValue(getResponse, "offers[10].groups[0].pricingPlans[0].visualElements[6].key", "show_payment_logo"): Verify element property value successfully

2023-10-16 14:21:38 - [MESSAGE][PASSED] - Verify element property value successfully

2023-10-16 14:21:38 - [TEST_STEP][PASSED] - verifyElementPropertyValue(getResponse, "offers[10].groups[0].pricingPlans[0].visualElements[6].value", "true"): Verify element property value successfully

2023-10-16 14:21:38 - [MESSAGE][PASSED] - Verify element property value successfully

2023-10-16 14:21:38 - [TEST_STEP][PASSED] - verifyElementPropertyValue(getResponse, "offers[10].groups[0].pricingPlans[0].visualElements[8].key", "price"): Verify element property value successfully

2023-10-16 14:21:38 - [MESSAGE][PASSED] - Verify element property value successfully

2023-10-16 14:21:38 - [TEST_STEP][PASSED] - verifyElementPropertyValue(getResponse, "offers[10].groups[0].pricingPlans[0].visualElements[8].value", "19.99"): Verify element property value successfully

2023-10-16 14:21:38 - [MESSAGE][PASSED] - Verify element property value successfully

2023-10-16 14:21:38 - [TEST_STEP][PASSED] - verifyElementPropertyValue(getResponse, "offers[10].groups[0].pricingPlans[0].visualElements[9].key", "currency"): Verify element property value successfully

2023-10-16 14:21:38 - [MESSAGE][PASSED] - Verify element property value successfully

2023-10-16 14:21:38 - [TEST_STEP][PASSED] - verifyElementPropertyValue(getResponse, "offers[10].groups[0].pricingPlans[0].visualElements[9].value", "AED"): Verify element property value successfully

2023-10-16 14:21:38 - [MESSAGE][PASSED] - Verify element property value successfully

2023-10-16 14:21:38 - [TEST_STEP][PASSED] - verifyElementPropertyValue(getResponse, "offers[10].groups[0].pricingPlans[0].visualElements[10].key", "duration"): Verify element property value successfully

2023-10-16 14:21:38 - [MESSAGE][PASSED] - Verify element property value successfully

2023-10-16 14:21:38 - [TEST_STEP][PASSED] - verifyElementPropertyValue(getResponse, "offers[10].groups[0].pricingPlans[0].visualElements[10].value", "Monthly"): Verify element property value successfully

2023-10-16 14:21:38 - [MESSAGE][PASSED] - Verify element property value successfully

2023-10-16 14:21:38 - [TEST_STEP][PASSED] - verifyElementPropertyValue(getResponse, "offers[10].groups[0].pricingPlans[0].visualElements[11].key", "featured_tag_text"): Verify element property value successfully

2023-10-16 14:21:38 - [MESSAGE][PASSED] - Verify element property value successfully

2023-10-16 14:21:38 - [TEST_STEP][PASSED] - verifyElementPropertyValue(getResponse, "offers[10].groups[0].pricingPlans[0].visualElements[11].value", "Limited Time Offer"): Verify element property value successfully

2023-10-16 14:21:38 - [MESSAGE][PASSED] - Verify element property value successfully

2023-10-16 14:21:38 - [TEST_STEP][PASSED] - verifyElementPropertyValue(getResponse, "offers[10].groups[0].pricingPlans[0].visualElements[13].key", "tag_text"): Verify element property value successfully

2023-10-16 14:21:38 - [MESSAGE][PASSED] - Verify element property value successfully

2023-10-16 14:21:38 - [TEST_STEP][PASSED] - verifyElementPropertyValue(getResponse, "offers[10].groups[0].pricingPlans[0].visualElements[13].value", "Save 50%"): Verify element property value successfully

2023-10-16 14:21:38 - [MESSAGE][PASSED] - Verify element property value successfully

2023-10-16 14:21:38 - [TEST_STEP][PASSED] - verifyElementPropertyValue(getResponse, "offers[10].groups[0].pricingPlans[0].visualElements[12].key", "show_tag"): Verify element property value successfully

2023-10-16 14:21:38 - [MESSAGE][PASSED] - Verify element property value successfully

2023-10-16 14:21:38 - [TEST_STEP][PASSED] - verifyElementPropertyValue(getResponse, "offers[10].groups[0].pricingPlans[0].visualElements[12].value", "true"): Verify element property value successfully

2023-10-16 14:21:38 - [MESSAGE][PASSED] - Verify element property value successfully

2023-10-16 14:21:38 - [TEST_STEP][PASSED] - verifyElementPropertyValue(getResponse, "offers[10].groups[0].pricingPlans[0].pricingPlanData[0].productId", "UAE_B2C_SHAHID_VIP_1M"): Verify element property value successfully

2023-10-16 14:21:38 - [MESSAGE][PASSED] - Verify element property value successfully

2023-10-16 14:21:38 - [TEST_STEP][PASSED] - verifyElementPropertyValue(getResponse, "offers[10].groups[0].pricingPlans[0].pricingPlanData[0].paymentMethod", "CREDIT_CARD"): Verify element property value successfully

2023-10-16 14:21:38 - [MESSAGE][PASSED] - Verify element property value successfully

2023-10-16 14:21:38 - [TEST_STEP][PASSED] - verifyElementPropertyValue(getResponse, "offers[10].groups[0].pricingPlans[0].pricingPlanData[0].freeTrialEnabled", "false"): Verify element property value successfully

2023-10-16 14:21:38 - [MESSAGE][PASSED] - Verify element property value successfully

2023-10-16 14:21:38 - [TEST_STEP][PASSED] - verifyElementPropertyValue(getResponse, "offers[10].groups[0].pricingPlans[0].pricingPlanData[0].showIn[0]", "VERTICAL_MODE"): Verify element property value successfully

2023-10-16 14:21:38 - [MESSAGE][PASSED] - Verify element property value successfully

2023-10-16 14:21:38 - [TEST_STEP][PASSED] - verifyElementPropertyValue(getResponse, "offers[10].groups[0].pricingPlans[0].pricingPlanData[0].showIn[1]", "HORIZONTAL_MODE"): Verify element property value successfully

2023-10-16 14:21:38 - [MESSAGE][PASSED] - Verify element property value successfully

2023-10-16 14:21:38 - [TEST_STEP][PASSED] - verifyElementPropertyValue(getResponse, "offers[10].groups[0].pricingPlans[0].pricingPlanData[0].priceLabel", "19.99"): Verify element property value successfully

2023-10-16 14:21:38 - [MESSAGE][PASSED] - Verify element property value successfully

2023-10-16 14:21:38 - [TEST_STEP][PASSED] - verifyElementPropertyValue(getResponse, "offers[10].groups[0].pricingPlans[0].pricingPlanData[0].currencyLabel", "AED"): Verify element property value successfully

2023-10-16 14:21:38 - [MESSAGE][PASSED] - Verify element property value successfully

2023-10-16 14:21:38 - [TEST_STEP][PASSED] - verifyElementPropertyValue(getResponse, "offers[10].groups[0].pricingPlans[0].pricingPlanData[0].dealId", "BYG_50P_ARE"): Verify element property value successfully

2023-10-16 14:21:38 - [MESSAGE][PASSED] - Verify element property value successfully

2023-10-16 14:21:38 - [TEST_STEP][PASSED] - verifyElementPropertyValue(getResponse, "offers[10].groups[0].pricingPlans[0].pricingPlanData[0].allowedForAcquisition", "true"): Verify element property value successfully

2023-10-16 14:21:38 - [MESSAGE][PASSED] - Verify element property value successfully

2023-10-16 14:21:38 - [TEST_STEP][PASSED] - verifyElementPropertyValue(getResponse, "offers[10].groups[0].pricingPlans[0].pricingPlanData[0].visualElements[0].key", "title"): Verify element property value successfully

2023-10-16 14:21:38 - [MESSAGE][PASSED] - Verify element property value successfully

2023-10-16 14:21:38 - [TEST_STEP][PASSED] - verifyElementPropertyValue(getResponse, "offers[10].groups[0].pricingPlans[0].pricingPlanData[0].visualElements[0].value", "Credit/Debit Card"): Verify element property value successfully

2023-10-16 14:21:38 - [MESSAGE][PASSED] - Verify element property value successfully

2023-10-16 14:21:38 - [TEST_STEP][PASSED] - verifyElementPropertyValue(getResponse, "offers[10].groups[0].pricingPlans[0].pricingPlanData[0].visualElements[1].key", "CTA_text"): Verify element property value successfully

2023-10-16 14:21:38 - [MESSAGE][PASSED] - Verify element property value successfully

2023-10-16 14:21:38 - [TEST_STEP][PASSED] - verifyElementPropertyValue(getResponse, "offers[10].groups[0].pricingPlans[0].pricingPlanData[0].visualElements[1].value", "Subscribe"): Verify element property value successfully

2023-10-16 14:21:38 - [MESSAGE][PASSED] - Verify element property value successfully

2023-10-16 14:21:38 - [TEST_STEP][PASSED] - verifyElementPropertyValue(getResponse, "offers[10].groups[0].pricingPlans[0].pricingPlanData[0].visualElements[2].key", "logo"): Verify element property value successfully

2023-10-16 14:21:38 - [MESSAGE][PASSED] - Verify element property value successfully

2023-10-16 14:21:38 - [TEST_STEP][PASSED] - verifyElementPropertyValue(getResponse, "offers[10].groups[0].pricingPlans[0].pricingPlanData[0].visualElements[2].value", "https://static.s3.shahid.mbc.net/widget-images/icons/iconCreditCard.png"): Verify element property value successfully

2023-10-16 14:21:38 - [MESSAGE][PASSED] - Verify element property value successfully]]></system-out>
         <system-err><![CDATA[2023-10-16 14:21:34 - [TEST_CASE][FAILED] - Test Cases/WEB - CHROME/ARE PI/WEB_EN_getOffersForARE_VIP: Test Cases/WEB - CHROME/ARE PI/WEB_EN_getOffersForARE_VIP FAILED.
Reason:
com.kms.katalon.core.exception.StepFailedException: Expected element property value '30% Discount Offer' is not equal with actual property value '30% Discount Offer​'
	at com.kms.katalon.core.keyword.internal.KeywordMain.stepFailed(KeywordMain.groovy:39)
	at com.kms.katalon.core.webservice.keyword.builtin.VerifyElementPropertyValueKeyword$_verifyElementPropertyValue_closure1.doCall(VerifyElementPropertyValueKeyword.groovy:56)
	at com.kms.katalon.core.webservice.keyword.builtin.VerifyElementPropertyValueKeyword$_verifyElementPropertyValue_closure1.call(VerifyElementPropertyValueKeyword.groovy)
	at com.kms.katalon.core.keyword.internal.KeywordMain.runKeyword(KeywordMain.groovy:75)
	at com.kms.katalon.core.webservice.keyword.builtin.VerifyElementPropertyValueKeyword.verifyElementPropertyValue(VerifyElementPropertyValueKeyword.groovy:48)
	at com.kms.katalon.core.webservice.keyword.builtin.VerifyElementPropertyValueKeyword.execute(VerifyElementPropertyValueKeyword.groovy:43)
	at com.kms.katalon.core.keyword.internal.KeywordExecutor.executeKeywordForPlatform(KeywordExecutor.groovy:74)
	at com.kms.katalon.core.webservice.keyword.WSBuiltInKeywords.verifyElementPropertyValue(WSBuiltInKeywords.groovy:190)
	at com.kms.katalon.core.webservice.keyword.WSBuiltInKeywords$verifyElementPropertyValue$1.call(Unknown Source)
	at WEB_EN_getOffersForARE_VIP.run(WEB_EN_getOffersForARE_VIP:60)
	at com.kms.katalon.core.main.ScriptEngine.run(ScriptEngine.java:194)
	at com.kms.katalon.core.main.ScriptEngine.runScriptAsRawText(ScriptEngine.java:119)
	at com.kms.katalon.core.main.TestCaseExecutor.runScript(TestCaseExecutor.java:448)
	at com.kms.katalon.core.main.TestCaseExecutor.doExecute(TestCaseExecutor.java:439)
	at com.kms.katalon.core.main.TestCaseExecutor.processExecutionPhase(TestCaseExecutor.java:418)
	at com.kms.katalon.core.main.TestCaseExecutor.accessMainPhase(TestCaseExecutor.java:410)
	at com.kms.katalon.core.main.TestCaseExecutor.execute(TestCaseExecutor.java:285)
	at com.kms.katalon.core.common.CommonExecutor.accessTestCaseMainPhase(CommonExecutor.java:65)
	at com.kms.katalon.core.main.TestSuiteExecutor.accessTestSuiteMainPhase(TestSuiteExecutor.java:148)
	at com.kms.katalon.core.main.TestSuiteExecutor.execute(TestSuiteExecutor.java:106)
	at com.kms.katalon.core.main.TestCaseMain.startTestSuite(TestCaseMain.java:187)
	at com.kms.katalon.core.main.TestCaseMain$startTestSuite$0.call(Unknown Source)
	at TempTestSuite1697454225698.run(TempTestSuite1697454225698.groovy:36)]]></system-err>
      </testcase>
      <testcase name="Test Cases/WEB - CHROME/ARE PI/WEB_FR_getOffersForARE_SPORT" time="4.117" classname="Test Cases/WEB - CHROME/ARE PI/WEB_FR_getOffersForARE_SPORT" status="PASSED">
         <system-out><![CDATA[2023-10-16 14:21:38 - [TEST_CASE][PASSED] - Test Cases/WEB - CHROME/ARE PI/WEB_FR_getOffersForARE_SPORT: Test Cases/WEB - CHROME/ARE PI/WEB_FR_getOffersForARE_SPORT

2023-10-16 14:21:39 - [TEST_STEP][PASSED] - getResponse = config_files.getConfigFile.getConfig("WEB", "FR", "SHAHID_VIP_SPORT", "AE", "false"): config_files.getConfigFile.getConfig is PASSED

2023-10-16 14:21:40 - [MESSAGE][INFO] - HAR: /Users/admin/git/shahid-configuration/Reports/20231016_140310/WEB/ARE/20231016_140345/requests/main/8.har

2023-10-16 14:21:40 - [MESSAGE][PASSED] - Send request successfully

2023-10-16 14:21:40 - [MESSAGE][PASSED] - config_files.getConfigFile.getConfig is PASSED

2023-10-16 14:21:40 - [TEST_STEP][PASSED] - verifyResponseStatusCode(getResponse, 200): Verify response status code successfully

2023-10-16 14:21:40 - [MESSAGE][PASSED] - Verify response status code successfully

2023-10-16 14:21:40 - [TEST_STEP][PASSED] - verifyElementPropertyValue(getResponse, "country", "ARE"): Verify element property value successfully

2023-10-16 14:21:40 - [MESSAGE][PASSED] - Verify element property value successfully

2023-10-16 14:21:40 - [TEST_STEP][PASSED] - verifyElementPropertyValue(getResponse, "platform", "[WEB]"): Verify element property value successfully

2023-10-16 14:21:40 - [MESSAGE][PASSED] - Verify element property value successfully

2023-10-16 14:21:40 - [TEST_STEP][PASSED] - verifyElementPropertyValue(getResponse, "offers[5].offerId", "winback-sport-30-offer"): Verify element property value successfully

2023-10-16 14:21:40 - [MESSAGE][PASSED] - Verify element property value successfully

2023-10-16 14:21:40 - [TEST_STEP][PASSED] - verifyElementPropertyValue(getResponse, "offers[5].offerParam", "sportsoffer30"): Verify element property value successfully

2023-10-16 14:21:40 - [MESSAGE][PASSED] - Verify element property value successfully

2023-10-16 14:21:40 - [TEST_STEP][PASSED] - verifyElementPropertyValue(getResponse, "offers[5].groups[0].pricingPlans[0].featured", "true"): Verify element property value successfully

2023-10-16 14:21:40 - [MESSAGE][PASSED] - Verify element property value successfully

2023-10-16 14:21:40 - [TEST_STEP][PASSED] - verifyElementPropertyValue(getResponse, "offers[5].groups[0].pricingPlans[0].period", "monthly"): Verify element property value successfully

2023-10-16 14:21:40 - [MESSAGE][PASSED] - Verify element property value successfully

2023-10-16 14:21:40 - [TEST_STEP][PASSED] - verifyElementPropertyValue(getResponse, "offers[5].groups[0].pricingPlans[0].featured", "true"): Verify element property value successfully

2023-10-16 14:21:40 - [MESSAGE][PASSED] - Verify element property value successfully

2023-10-16 14:21:40 - [TEST_STEP][PASSED] - verifyElementPropertyValue(getResponse, "offers[5].groups[0].pricingPlans[0].price", "48.99"): Verify element property value successfully

2023-10-16 14:21:40 - [MESSAGE][PASSED] - Verify element property value successfully

2023-10-16 14:21:40 - [TEST_STEP][PASSED] - verifyElementPropertyValue(getResponse, "offers[5].groups[0].pricingPlans[0].currency", "AED"): Verify element property value successfully

2023-10-16 14:21:40 - [MESSAGE][PASSED] - Verify element property value successfully

2023-10-16 14:21:40 - [TEST_STEP][PASSED] - verifyElementPropertyValue(getResponse, "offers[5].groups[0].pricingPlans[0].order", "0"): Verify element property value successfully

2023-10-16 14:21:40 - [MESSAGE][PASSED] - Verify element property value successfully

2023-10-16 14:21:40 - [TEST_STEP][PASSED] - verifyElementPropertyValue(getResponse, "offers[5].groups[0].pricingPlans[0].packageId", "SHAHID_VIP_SPORT"): Verify element property value successfully

2023-10-16 14:21:40 - [MESSAGE][PASSED] - Verify element property value successfully

2023-10-16 14:21:40 - [TEST_STEP][PASSED] - verifyElementPropertyValue(getResponse, "offers[5].groups[0].pricingPlans[0].catalogId", "SPORT"): Verify element property value successfully

2023-10-16 14:21:40 - [MESSAGE][PASSED] - Verify element property value successfully

2023-10-16 14:21:40 - [TEST_STEP][PASSED] - verifyElementPropertyValue(getResponse, "offers[5].groups[0].pricingPlans[0].visualElements[0].key", "Header_1_text"): Verify element property value successfully

2023-10-16 14:21:40 - [MESSAGE][PASSED] - Verify element property value successfully

2023-10-16 14:21:40 - [TEST_STEP][PASSED] - verifyElementPropertyValue(getResponse, "offers[5].groups[0].pricingPlans[0].visualElements[0].value", "Abonnez-vous dès maintenant et profitez de vos programmes sans publicité"): Verify element property value successfully

2023-10-16 14:21:40 - [MESSAGE][PASSED] - Verify element property value successfully

2023-10-16 14:21:40 - [TEST_STEP][PASSED] - verifyElementPropertyValue(getResponse, "offers[5].groups[0].pricingPlans[0].visualElements[1].key", "display_title"): Verify element property value successfully

2023-10-16 14:21:40 - [MESSAGE][PASSED] - Verify element property value successfully

2023-10-16 14:21:40 - [TEST_STEP][PASSED] - verifyElementPropertyValue(getResponse, "offers[5].groups[0].pricingPlans[0].visualElements[1].value", "30% de réduction"): Verify element property value successfully

2023-10-16 14:21:40 - [MESSAGE][PASSED] - Verify element property value successfully

2023-10-16 14:21:40 - [TEST_STEP][PASSED] - verifyElementPropertyValue(getResponse, "offers[5].groups[0].pricingPlans[0].visualElements[3].key", "deduction_text"): Verify element property value successfully

2023-10-16 14:21:40 - [MESSAGE][PASSED] - Verify element property value successfully

2023-10-16 14:21:40 - [TEST_STEP][PASSED] - verifyElementPropertyValue(getResponse, "offers[5].groups[0].pricingPlans[0].visualElements[3].value", "facturation mensuelle"): Verify element property value successfully

2023-10-16 14:21:40 - [MESSAGE][PASSED] - Verify element property value successfully

2023-10-16 14:21:40 - [TEST_STEP][PASSED] - verifyElementPropertyValue(getResponse, "offers[5].groups[0].pricingPlans[0].visualElements[6].key", "show_payment_logo"): Verify element property value successfully

2023-10-16 14:21:40 - [MESSAGE][PASSED] - Verify element property value successfully

2023-10-16 14:21:40 - [TEST_STEP][PASSED] - verifyElementPropertyValue(getResponse, "offers[5].groups[0].pricingPlans[0].visualElements[6].value", "true"): Verify element property value successfully

2023-10-16 14:21:40 - [MESSAGE][PASSED] - Verify element property value successfully

2023-10-16 14:21:40 - [TEST_STEP][PASSED] - verifyElementPropertyValue(getResponse, "offers[5].groups[0].pricingPlans[0].visualElements[8].key", "price"): Verify element property value successfully

2023-10-16 14:21:40 - [MESSAGE][PASSED] - Verify element property value successfully

2023-10-16 14:21:40 - [TEST_STEP][PASSED] - verifyElementPropertyValue(getResponse, "offers[5].groups[0].pricingPlans[0].visualElements[8].value", "48.99"): Verify element property value successfully

2023-10-16 14:21:40 - [MESSAGE][PASSED] - Verify element property value successfully

2023-10-16 14:21:40 - [TEST_STEP][PASSED] - verifyElementPropertyValue(getResponse, "offers[5].groups[0].pricingPlans[0].visualElements[9].key", "currency"): Verify element property value successfully

2023-10-16 14:21:40 - [MESSAGE][PASSED] - Verify element property value successfully

2023-10-16 14:21:40 - [TEST_STEP][PASSED] - verifyElementPropertyValue(getResponse, "offers[5].groups[0].pricingPlans[0].visualElements[9].value", "AED"): Verify element property value successfully

2023-10-16 14:21:40 - [MESSAGE][PASSED] - Verify element property value successfully

2023-10-16 14:21:40 - [TEST_STEP][PASSED] - verifyElementPropertyValue(getResponse, "offers[5].groups[0].pricingPlans[0].visualElements[10].key", "duration"): Verify element property value successfully

2023-10-16 14:21:40 - [MESSAGE][PASSED] - Verify element property value successfully

2023-10-16 14:21:40 - [TEST_STEP][PASSED] - verifyElementPropertyValue(getResponse, "offers[5].groups[0].pricingPlans[0].visualElements[10].value", "Mensuel"): Verify element property value successfully

2023-10-16 14:21:40 - [MESSAGE][PASSED] - Verify element property value successfully

2023-10-16 14:21:40 - [TEST_STEP][PASSED] - verifyElementPropertyValue(getResponse, "offers[5].groups[0].pricingPlans[0].visualElements[11].key", "featured_tag_text"): Verify element property value successfully

2023-10-16 14:21:40 - [MESSAGE][PASSED] - Verify element property value successfully

2023-10-16 14:21:40 - [TEST_STEP][PASSED] - verifyElementPropertyValue(getResponse, "offers[5].groups[0].pricingPlans[0].visualElements[11].value", "Offre limitée"): Verify element property value successfully

2023-10-16 14:21:40 - [MESSAGE][PASSED] - Verify element property value successfully

2023-10-16 14:21:40 - [TEST_STEP][PASSED] - verifyElementPropertyValue(getResponse, "offers[5].groups[0].pricingPlans[0].visualElements[13].key", "tag_text"): Verify element property value successfully

2023-10-16 14:21:40 - [MESSAGE][PASSED] - Verify element property value successfully

2023-10-16 14:21:40 - [TEST_STEP][PASSED] - verifyElementPropertyValue(getResponse, "offers[5].groups[0].pricingPlans[0].visualElements[13].value", "Économisez 30% "): Verify element property value successfully

2023-10-16 14:21:40 - [MESSAGE][PASSED] - Verify element property value successfully

2023-10-16 14:21:40 - [TEST_STEP][PASSED] - verifyElementPropertyValue(getResponse, "offers[5].groups[0].pricingPlans[0].visualElements[12].key", "show_tag"): Verify element property value successfully

2023-10-16 14:21:40 - [MESSAGE][PASSED] - Verify element property value successfully

2023-10-16 14:21:40 - [TEST_STEP][PASSED] - verifyElementPropertyValue(getResponse, "offers[5].groups[0].pricingPlans[0].visualElements[12].value", "true"): Verify element property value successfully

2023-10-16 14:21:40 - [MESSAGE][PASSED] - Verify element property value successfully

2023-10-16 14:21:40 - [TEST_STEP][PASSED] - verifyElementPropertyValue(getResponse, "offers[5].groups[0].pricingPlans[0].pricingPlanData[0].productId", "UAE_B2C_SHAHID_VIP_SPORT_1M"): Verify element property value successfully

2023-10-16 14:21:40 - [MESSAGE][PASSED] - Verify element property value successfully

2023-10-16 14:21:40 - [TEST_STEP][PASSED] - verifyElementPropertyValue(getResponse, "offers[5].groups[0].pricingPlans[0].pricingPlanData[0].paymentMethod", "CREDIT_CARD"): Verify element property value successfully

2023-10-16 14:21:40 - [MESSAGE][PASSED] - Verify element property value successfully

2023-10-16 14:21:40 - [TEST_STEP][PASSED] - verifyElementPropertyValue(getResponse, "offers[5].groups[0].pricingPlans[0].pricingPlanData[0].freeTrialEnabled", "false"): Verify element property value successfully

2023-10-16 14:21:40 - [MESSAGE][PASSED] - Verify element property value successfully

2023-10-16 14:21:40 - [TEST_STEP][PASSED] - verifyElementPropertyValue(getResponse, "offers[5].groups[0].pricingPlans[0].pricingPlanData[0].showIn[0]", "VERTICAL_MODE"): Verify element property value successfully

2023-10-16 14:21:40 - [MESSAGE][PASSED] - Verify element property value successfully

2023-10-16 14:21:40 - [TEST_STEP][PASSED] - verifyElementPropertyValue(getResponse, "offers[5].groups[0].pricingPlans[0].pricingPlanData[0].showIn[1]", "HORIZONTAL_MODE"): Verify element property value successfully

2023-10-16 14:21:40 - [MESSAGE][PASSED] - Verify element property value successfully

2023-10-16 14:21:40 - [TEST_STEP][PASSED] - verifyElementPropertyValue(getResponse, "offers[5].groups[0].pricingPlans[0].pricingPlanData[0].priceLabel", "48.99"): Verify element property value successfully

2023-10-16 14:21:40 - [MESSAGE][PASSED] - Verify element property value successfully

2023-10-16 14:21:40 - [TEST_STEP][PASSED] - verifyElementPropertyValue(getResponse, "offers[5].groups[0].pricingPlans[0].pricingPlanData[0].currencyLabel", "AED"): Verify element property value successfully

2023-10-16 14:21:40 - [MESSAGE][PASSED] - Verify element property value successfully

2023-10-16 14:21:40 - [TEST_STEP][PASSED] - verifyElementPropertyValue(getResponse, "offers[5].groups[0].pricingPlans[0].pricingPlanData[0].dealId", "WB_SPORT_30P_ARE"): Verify element property value successfully

2023-10-16 14:21:40 - [MESSAGE][PASSED] - Verify element property value successfully

2023-10-16 14:21:40 - [TEST_STEP][PASSED] - verifyElementPropertyValue(getResponse, "offers[5].groups[0].pricingPlans[0].pricingPlanData[0].allowedForAcquisition", "true"): Verify element property value successfully

2023-10-16 14:21:40 - [MESSAGE][PASSED] - Verify element property value successfully

2023-10-16 14:21:40 - [TEST_STEP][PASSED] - verifyElementPropertyValue(getResponse, "offers[5].groups[0].pricingPlans[0].pricingPlanData[0].visualElements[0].key", "title"): Verify element property value successfully

2023-10-16 14:21:40 - [MESSAGE][PASSED] - Verify element property value successfully

2023-10-16 14:21:40 - [TEST_STEP][PASSED] - verifyElementPropertyValue(getResponse, "offers[5].groups[0].pricingPlans[0].pricingPlanData[0].visualElements[0].value", "Carte de crédit/débit"): Verify element property value successfully

2023-10-16 14:21:40 - [MESSAGE][PASSED] - Verify element property value successfully

2023-10-16 14:21:40 - [TEST_STEP][PASSED] - verifyElementPropertyValue(getResponse, "offers[5].groups[0].pricingPlans[0].pricingPlanData[0].visualElements[1].key", "CTA_text"): Verify element property value successfully

2023-10-16 14:21:40 - [MESSAGE][PASSED] - Verify element property value successfully

2023-10-16 14:21:40 - [TEST_STEP][PASSED] - verifyElementPropertyValue(getResponse, "offers[5].groups[0].pricingPlans[0].pricingPlanData[0].visualElements[1].value", "S’abonner"): Verify element property value successfully

2023-10-16 14:21:40 - [MESSAGE][PASSED] - Verify element property value successfully

2023-10-16 14:21:40 - [TEST_STEP][PASSED] - verifyElementPropertyValue(getResponse, "offers[5].groups[0].pricingPlans[0].pricingPlanData[0].visualElements[2].key", "logo"): Verify element property value successfully

2023-10-16 14:21:40 - [MESSAGE][PASSED] - Verify element property value successfully

2023-10-16 14:21:40 - [TEST_STEP][PASSED] - verifyElementPropertyValue(getResponse, "offers[5].groups[0].pricingPlans[0].pricingPlanData[0].visualElements[2].value", "https://static.s3.shahid.mbc.net/widget-images/icons/iconCreditCard.png"): Verify element property value successfully

2023-10-16 14:21:40 - [MESSAGE][PASSED] - Verify element property value successfully

2023-10-16 14:21:40 - [TEST_STEP][PASSED] - verifyElementPropertyValue(getResponse, "offers[6].offerId", "winback-sport-40-offer"): Verify element property value successfully

2023-10-16 14:21:40 - [MESSAGE][PASSED] - Verify element property value successfully

2023-10-16 14:21:40 - [TEST_STEP][PASSED] - verifyElementPropertyValue(getResponse, "offers[6].offerParam", "sportsoffer40"): Verify element property value successfully

2023-10-16 14:21:40 - [MESSAGE][PASSED] - Verify element property value successfully

2023-10-16 14:21:40 - [TEST_STEP][PASSED] - verifyElementPropertyValue(getResponse, "offers[6].groups[0].pricingPlans[0].featured", "true"): Verify element property value successfully

2023-10-16 14:21:40 - [MESSAGE][PASSED] - Verify element property value successfully

2023-10-16 14:21:40 - [TEST_STEP][PASSED] - verifyElementPropertyValue(getResponse, "offers[6].groups[0].pricingPlans[0].period", "monthly"): Verify element property value successfully

2023-10-16 14:21:40 - [MESSAGE][PASSED] - Verify element property value successfully

2023-10-16 14:21:40 - [TEST_STEP][PASSED] - verifyElementPropertyValue(getResponse, "offers[6].groups[0].pricingPlans[0].featured", "true"): Verify element property value successfully

2023-10-16 14:21:40 - [MESSAGE][PASSED] - Verify element property value successfully

2023-10-16 14:21:40 - [TEST_STEP][PASSED] - verifyElementPropertyValue(getResponse, "offers[6].groups[0].pricingPlans[0].price", "41.99"): Verify element property value successfully

2023-10-16 14:21:40 - [MESSAGE][PASSED] - Verify element property value successfully

2023-10-16 14:21:40 - [TEST_STEP][PASSED] - verifyElementPropertyValue(getResponse, "offers[6].groups[0].pricingPlans[0].currency", "AED"): Verify element property value successfully

2023-10-16 14:21:40 - [MESSAGE][PASSED] - Verify element property value successfully

2023-10-16 14:21:40 - [TEST_STEP][PASSED] - verifyElementPropertyValue(getResponse, "offers[6].groups[0].pricingPlans[0].order", "0"): Verify element property value successfully

2023-10-16 14:21:40 - [MESSAGE][PASSED] - Verify element property value successfully

2023-10-16 14:21:40 - [TEST_STEP][PASSED] - verifyElementPropertyValue(getResponse, "offers[6].groups[0].pricingPlans[0].packageId", "SHAHID_VIP_SPORT"): Verify element property value successfully

2023-10-16 14:21:40 - [MESSAGE][PASSED] - Verify element property value successfully

2023-10-16 14:21:40 - [TEST_STEP][PASSED] - verifyElementPropertyValue(getResponse, "offers[6].groups[0].pricingPlans[0].catalogId", "SPORT"): Verify element property value successfully

2023-10-16 14:21:40 - [MESSAGE][PASSED] - Verify element property value successfully

2023-10-16 14:21:40 - [TEST_STEP][PASSED] - verifyElementPropertyValue(getResponse, "offers[6].groups[0].pricingPlans[0].visualElements[0].key", "Header_1_text"): Verify element property value successfully

2023-10-16 14:21:40 - [MESSAGE][PASSED] - Verify element property value successfully

2023-10-16 14:21:40 - [TEST_STEP][PASSED] - verifyElementPropertyValue(getResponse, "offers[6].groups[0].pricingPlans[0].visualElements[0].value", "Abonnez-vous dès maintenant et profitez de vos programmes sans publicité"): Verify element property value successfully

2023-10-16 14:21:40 - [MESSAGE][PASSED] - Verify element property value successfully

2023-10-16 14:21:40 - [TEST_STEP][PASSED] - verifyElementPropertyValue(getResponse, "offers[6].groups[0].pricingPlans[0].visualElements[1].key", "display_title"): Verify element property value successfully

2023-10-16 14:21:40 - [MESSAGE][PASSED] - Verify element property value successfully

2023-10-16 14:21:40 - [TEST_STEP][PASSED] - verifyElementPropertyValue(getResponse, "offers[6].groups[0].pricingPlans[0].visualElements[1].value", "40% de réduction"): Verify element property value successfully

2023-10-16 14:21:40 - [MESSAGE][PASSED] - Verify element property value successfully

2023-10-16 14:21:40 - [TEST_STEP][PASSED] - verifyElementPropertyValue(getResponse, "offers[6].groups[0].pricingPlans[0].visualElements[3].key", "deduction_text"): Verify element property value successfully

2023-10-16 14:21:40 - [MESSAGE][PASSED] - Verify element property value successfully

2023-10-16 14:21:40 - [TEST_STEP][PASSED] - verifyElementPropertyValue(getResponse, "offers[6].groups[0].pricingPlans[0].visualElements[3].value", "facturation mensuelle"): Verify element property value successfully

2023-10-16 14:21:40 - [MESSAGE][PASSED] - Verify element property value successfully

2023-10-16 14:21:40 - [TEST_STEP][PASSED] - verifyElementPropertyValue(getResponse, "offers[6].groups[0].pricingPlans[0].visualElements[6].key", "show_payment_logo"): Verify element property value successfully

2023-10-16 14:21:40 - [MESSAGE][PASSED] - Verify element property value successfully

2023-10-16 14:21:40 - [TEST_STEP][PASSED] - verifyElementPropertyValue(getResponse, "offers[6].groups[0].pricingPlans[0].visualElements[6].value", "true"): Verify element property value successfully

2023-10-16 14:21:40 - [MESSAGE][PASSED] - Verify element property value successfully

2023-10-16 14:21:40 - [TEST_STEP][PASSED] - verifyElementPropertyValue(getResponse, "offers[6].groups[0].pricingPlans[0].visualElements[8].key", "price"): Verify element property value successfully

2023-10-16 14:21:40 - [MESSAGE][PASSED] - Verify element property value successfully

2023-10-16 14:21:40 - [TEST_STEP][PASSED] - verifyElementPropertyValue(getResponse, "offers[6].groups[0].pricingPlans[0].visualElements[8].value", "41.99"): Verify element property value successfully

2023-10-16 14:21:40 - [MESSAGE][PASSED] - Verify element property value successfully

2023-10-16 14:21:40 - [TEST_STEP][PASSED] - verifyElementPropertyValue(getResponse, "offers[6].groups[0].pricingPlans[0].visualElements[9].key", "currency"): Verify element property value successfully

2023-10-16 14:21:40 - [MESSAGE][PASSED] - Verify element property value successfully

2023-10-16 14:21:40 - [TEST_STEP][PASSED] - verifyElementPropertyValue(getResponse, "offers[6].groups[0].pricingPlans[0].visualElements[9].value", "AED"): Verify element property value successfully

2023-10-16 14:21:40 - [MESSAGE][PASSED] - Verify element property value successfully

2023-10-16 14:21:40 - [TEST_STEP][PASSED] - verifyElementPropertyValue(getResponse, "offers[6].groups[0].pricingPlans[0].visualElements[10].key", "duration"): Verify element property value successfully

2023-10-16 14:21:40 - [MESSAGE][PASSED] - Verify element property value successfully

2023-10-16 14:21:40 - [TEST_STEP][PASSED] - verifyElementPropertyValue(getResponse, "offers[6].groups[0].pricingPlans[0].visualElements[10].value", "Mensuel"): Verify element property value successfully

2023-10-16 14:21:40 - [MESSAGE][PASSED] - Verify element property value successfully

2023-10-16 14:21:40 - [TEST_STEP][PASSED] - verifyElementPropertyValue(getResponse, "offers[6].groups[0].pricingPlans[0].visualElements[11].key", "featured_tag_text"): Verify element property value successfully

2023-10-16 14:21:40 - [MESSAGE][PASSED] - Verify element property value successfully

2023-10-16 14:21:40 - [TEST_STEP][PASSED] - verifyElementPropertyValue(getResponse, "offers[6].groups[0].pricingPlans[0].visualElements[11].value", "Offre limitée"): Verify element property value successfully

2023-10-16 14:21:40 - [MESSAGE][PASSED] - Verify element property value successfully

2023-10-16 14:21:40 - [TEST_STEP][PASSED] - verifyElementPropertyValue(getResponse, "offers[6].groups[0].pricingPlans[0].visualElements[13].key", "tag_text"): Verify element property value successfully

2023-10-16 14:21:40 - [MESSAGE][PASSED] - Verify element property value successfully

2023-10-16 14:21:40 - [TEST_STEP][PASSED] - verifyElementPropertyValue(getResponse, "offers[6].groups[0].pricingPlans[0].visualElements[13].value", "Économisez 40% "): Verify element property value successfully

2023-10-16 14:21:40 - [MESSAGE][PASSED] - Verify element property value successfully

2023-10-16 14:21:40 - [TEST_STEP][PASSED] - verifyElementPropertyValue(getResponse, "offers[6].groups[0].pricingPlans[0].visualElements[12].key", "show_tag"): Verify element property value successfully

2023-10-16 14:21:40 - [MESSAGE][PASSED] - Verify element property value successfully

2023-10-16 14:21:40 - [TEST_STEP][PASSED] - verifyElementPropertyValue(getResponse, "offers[6].groups[0].pricingPlans[0].visualElements[12].value", "true"): Verify element property value successfully

2023-10-16 14:21:40 - [MESSAGE][PASSED] - Verify element property value successfully

2023-10-16 14:21:40 - [TEST_STEP][PASSED] - verifyElementPropertyValue(getResponse, "offers[6].groups[0].pricingPlans[0].pricingPlanData[0].productId", "UAE_B2C_SHAHID_VIP_SPORT_1M"): Verify element property value successfully

2023-10-16 14:21:40 - [MESSAGE][PASSED] - Verify element property value successfully

2023-10-16 14:21:40 - [TEST_STEP][PASSED] - verifyElementPropertyValue(getResponse, "offers[6].groups[0].pricingPlans[0].pricingPlanData[0].paymentMethod", "CREDIT_CARD"): Verify element property value successfully

2023-10-16 14:21:40 - [MESSAGE][PASSED] - Verify element property value successfully

2023-10-16 14:21:40 - [TEST_STEP][PASSED] - verifyElementPropertyValue(getResponse, "offers[6].groups[0].pricingPlans[0].pricingPlanData[0].freeTrialEnabled", "false"): Verify element property value successfully

2023-10-16 14:21:40 - [MESSAGE][PASSED] - Verify element property value successfully

2023-10-16 14:21:40 - [TEST_STEP][PASSED] - verifyElementPropertyValue(getResponse, "offers[6].groups[0].pricingPlans[0].pricingPlanData[0].showIn[0]", "VERTICAL_MODE"): Verify element property value successfully

2023-10-16 14:21:40 - [MESSAGE][PASSED] - Verify element property value successfully

2023-10-16 14:21:40 - [TEST_STEP][PASSED] - verifyElementPropertyValue(getResponse, "offers[6].groups[0].pricingPlans[0].pricingPlanData[0].showIn[1]", "HORIZONTAL_MODE"): Verify element property value successfully

2023-10-16 14:21:40 - [MESSAGE][PASSED] - Verify element property value successfully

2023-10-16 14:21:40 - [TEST_STEP][PASSED] - verifyElementPropertyValue(getResponse, "offers[6].groups[0].pricingPlans[0].pricingPlanData[0].priceLabel", "41.99"): Verify element property value successfully

2023-10-16 14:21:40 - [MESSAGE][PASSED] - Verify element property value successfully

2023-10-16 14:21:40 - [TEST_STEP][PASSED] - verifyElementPropertyValue(getResponse, "offers[6].groups[0].pricingPlans[0].pricingPlanData[0].currencyLabel", "AED"): Verify element property value successfully

2023-10-16 14:21:40 - [MESSAGE][PASSED] - Verify element property value successfully

2023-10-16 14:21:40 - [TEST_STEP][PASSED] - verifyElementPropertyValue(getResponse, "offers[6].groups[0].pricingPlans[0].pricingPlanData[0].dealId", "WB_SPORT_40P_ARE"): Verify element property value successfully

2023-10-16 14:21:40 - [MESSAGE][PASSED] - Verify element property value successfully

2023-10-16 14:21:40 - [TEST_STEP][PASSED] - verifyElementPropertyValue(getResponse, "offers[6].groups[0].pricingPlans[0].pricingPlanData[0].allowedForAcquisition", "true"): Verify element property value successfully

2023-10-16 14:21:40 - [MESSAGE][PASSED] - Verify element property value successfully

2023-10-16 14:21:40 - [TEST_STEP][PASSED] - verifyElementPropertyValue(getResponse, "offers[6].groups[0].pricingPlans[0].pricingPlanData[0].visualElements[0].key", "title"): Verify element property value successfully

2023-10-16 14:21:40 - [MESSAGE][PASSED] - Verify element property value successfully

2023-10-16 14:21:40 - [TEST_STEP][PASSED] - verifyElementPropertyValue(getResponse, "offers[6].groups[0].pricingPlans[0].pricingPlanData[0].visualElements[0].value", "Carte de crédit/débit"): Verify element property value successfully

2023-10-16 14:21:40 - [MESSAGE][PASSED] - Verify element property value successfully

2023-10-16 14:21:40 - [TEST_STEP][PASSED] - verifyElementPropertyValue(getResponse, "offers[6].groups[0].pricingPlans[0].pricingPlanData[0].visualElements[1].key", "CTA_text"): Verify element property value successfully

2023-10-16 14:21:40 - [MESSAGE][PASSED] - Verify element property value successfully

2023-10-16 14:21:40 - [TEST_STEP][PASSED] - verifyElementPropertyValue(getResponse, "offers[6].groups[0].pricingPlans[0].pricingPlanData[0].visualElements[1].value", "S’abonner"): Verify element property value successfully

2023-10-16 14:21:41 - [MESSAGE][PASSED] - Verify element property value successfully

2023-10-16 14:21:41 - [TEST_STEP][PASSED] - verifyElementPropertyValue(getResponse, "offers[6].groups[0].pricingPlans[0].pricingPlanData[0].visualElements[2].key", "logo"): Verify element property value successfully

2023-10-16 14:21:41 - [MESSAGE][PASSED] - Verify element property value successfully

2023-10-16 14:21:41 - [TEST_STEP][PASSED] - verifyElementPropertyValue(getResponse, "offers[6].groups[0].pricingPlans[0].pricingPlanData[0].visualElements[2].value", "https://static.s3.shahid.mbc.net/widget-images/icons/iconCreditCard.png"): Verify element property value successfully

2023-10-16 14:21:41 - [MESSAGE][PASSED] - Verify element property value successfully

2023-10-16 14:21:41 - [TEST_STEP][PASSED] - verifyElementPropertyValue(getResponse, "offers[7].offerId", "winback-sport-50-offer"): Verify element property value successfully

2023-10-16 14:21:41 - [MESSAGE][PASSED] - Verify element property value successfully

2023-10-16 14:21:41 - [TEST_STEP][PASSED] - verifyElementPropertyValue(getResponse, "offers[7].offerParam", "sportsoffer50"): Verify element property value successfully

2023-10-16 14:21:41 - [MESSAGE][PASSED] - Verify element property value successfully

2023-10-16 14:21:41 - [TEST_STEP][PASSED] - verifyElementPropertyValue(getResponse, "offers[7].groups[0].pricingPlans[0].featured", "true"): Verify element property value successfully

2023-10-16 14:21:41 - [MESSAGE][PASSED] - Verify element property value successfully

2023-10-16 14:21:41 - [TEST_STEP][PASSED] - verifyElementPropertyValue(getResponse, "offers[7].groups[0].pricingPlans[0].period", "monthly"): Verify element property value successfully

2023-10-16 14:21:41 - [MESSAGE][PASSED] - Verify element property value successfully

2023-10-16 14:21:41 - [TEST_STEP][PASSED] - verifyElementPropertyValue(getResponse, "offers[7].groups[0].pricingPlans[0].featured", "true"): Verify element property value successfully

2023-10-16 14:21:41 - [MESSAGE][PASSED] - Verify element property value successfully

2023-10-16 14:21:41 - [TEST_STEP][PASSED] - verifyElementPropertyValue(getResponse, "offers[7].groups[0].pricingPlans[0].price", "34.99"): Verify element property value successfully

2023-10-16 14:21:41 - [MESSAGE][PASSED] - Verify element property value successfully

2023-10-16 14:21:41 - [TEST_STEP][PASSED] - verifyElementPropertyValue(getResponse, "offers[7].groups[0].pricingPlans[0].currency", "AED"): Verify element property value successfully

2023-10-16 14:21:41 - [MESSAGE][PASSED] - Verify element property value successfully

2023-10-16 14:21:41 - [TEST_STEP][PASSED] - verifyElementPropertyValue(getResponse, "offers[7].groups[0].pricingPlans[0].order", "0"): Verify element property value successfully

2023-10-16 14:21:41 - [MESSAGE][PASSED] - Verify element property value successfully

2023-10-16 14:21:41 - [TEST_STEP][PASSED] - verifyElementPropertyValue(getResponse, "offers[7].groups[0].pricingPlans[0].packageId", "SHAHID_VIP_SPORT"): Verify element property value successfully

2023-10-16 14:21:41 - [MESSAGE][PASSED] - Verify element property value successfully

2023-10-16 14:21:41 - [TEST_STEP][PASSED] - verifyElementPropertyValue(getResponse, "offers[7].groups[0].pricingPlans[0].catalogId", "SPORT"): Verify element property value successfully

2023-10-16 14:21:41 - [MESSAGE][PASSED] - Verify element property value successfully

2023-10-16 14:21:41 - [TEST_STEP][PASSED] - verifyElementPropertyValue(getResponse, "offers[7].groups[0].pricingPlans[0].visualElements[0].key", "Header_1_text"): Verify element property value successfully

2023-10-16 14:21:41 - [MESSAGE][PASSED] - Verify element property value successfully

2023-10-16 14:21:41 - [TEST_STEP][PASSED] - verifyElementPropertyValue(getResponse, "offers[7].groups[0].pricingPlans[0].visualElements[0].value", "Abonnez-vous dès maintenant et profitez de vos programmes sans publicité"): Verify element property value successfully

2023-10-16 14:21:41 - [MESSAGE][PASSED] - Verify element property value successfully

2023-10-16 14:21:41 - [TEST_STEP][PASSED] - verifyElementPropertyValue(getResponse, "offers[7].groups[0].pricingPlans[0].visualElements[1].key", "display_title"): Verify element property value successfully

2023-10-16 14:21:41 - [MESSAGE][PASSED] - Verify element property value successfully

2023-10-16 14:21:41 - [TEST_STEP][PASSED] - verifyElementPropertyValue(getResponse, "offers[7].groups[0].pricingPlans[0].visualElements[1].value", "50% de réduction"): Verify element property value successfully

2023-10-16 14:21:41 - [MESSAGE][PASSED] - Verify element property value successfully

2023-10-16 14:21:41 - [TEST_STEP][PASSED] - verifyElementPropertyValue(getResponse, "offers[7].groups[0].pricingPlans[0].visualElements[3].key", "deduction_text"): Verify element property value successfully

2023-10-16 14:21:41 - [MESSAGE][PASSED] - Verify element property value successfully

2023-10-16 14:21:41 - [TEST_STEP][PASSED] - verifyElementPropertyValue(getResponse, "offers[7].groups[0].pricingPlans[0].visualElements[3].value", "facturation mensuelle"): Verify element property value successfully

2023-10-16 14:21:41 - [MESSAGE][PASSED] - Verify element property value successfully

2023-10-16 14:21:41 - [TEST_STEP][PASSED] - verifyElementPropertyValue(getResponse, "offers[7].groups[0].pricingPlans[0].visualElements[6].key", "show_payment_logo"): Verify element property value successfully

2023-10-16 14:21:41 - [MESSAGE][PASSED] - Verify element property value successfully

2023-10-16 14:21:41 - [TEST_STEP][PASSED] - verifyElementPropertyValue(getResponse, "offers[7].groups[0].pricingPlans[0].visualElements[6].value", "true"): Verify element property value successfully

2023-10-16 14:21:41 - [MESSAGE][PASSED] - Verify element property value successfully

2023-10-16 14:21:41 - [TEST_STEP][PASSED] - verifyElementPropertyValue(getResponse, "offers[7].groups[0].pricingPlans[0].visualElements[8].key", "price"): Verify element property value successfully

2023-10-16 14:21:41 - [MESSAGE][PASSED] - Verify element property value successfully

2023-10-16 14:21:41 - [TEST_STEP][PASSED] - verifyElementPropertyValue(getResponse, "offers[7].groups[0].pricingPlans[0].visualElements[8].value", "34.99"): Verify element property value successfully

2023-10-16 14:21:41 - [MESSAGE][PASSED] - Verify element property value successfully

2023-10-16 14:21:41 - [TEST_STEP][PASSED] - verifyElementPropertyValue(getResponse, "offers[7].groups[0].pricingPlans[0].visualElements[9].key", "currency"): Verify element property value successfully

2023-10-16 14:21:41 - [MESSAGE][PASSED] - Verify element property value successfully

2023-10-16 14:21:41 - [TEST_STEP][PASSED] - verifyElementPropertyValue(getResponse, "offers[7].groups[0].pricingPlans[0].visualElements[9].value", "AED"): Verify element property value successfully

2023-10-16 14:21:41 - [MESSAGE][PASSED] - Verify element property value successfully

2023-10-16 14:21:41 - [TEST_STEP][PASSED] - verifyElementPropertyValue(getResponse, "offers[7].groups[0].pricingPlans[0].visualElements[10].key", "duration"): Verify element property value successfully

2023-10-16 14:21:41 - [MESSAGE][PASSED] - Verify element property value successfully

2023-10-16 14:21:41 - [TEST_STEP][PASSED] - verifyElementPropertyValue(getResponse, "offers[7].groups[0].pricingPlans[0].visualElements[10].value", "Mensuel"): Verify element property value successfully

2023-10-16 14:21:41 - [MESSAGE][PASSED] - Verify element property value successfully

2023-10-16 14:21:41 - [TEST_STEP][PASSED] - verifyElementPropertyValue(getResponse, "offers[7].groups[0].pricingPlans[0].visualElements[11].key", "featured_tag_text"): Verify element property value successfully

2023-10-16 14:21:41 - [MESSAGE][PASSED] - Verify element property value successfully

2023-10-16 14:21:41 - [TEST_STEP][PASSED] - verifyElementPropertyValue(getResponse, "offers[7].groups[0].pricingPlans[0].visualElements[11].value", "Offre limitée"): Verify element property value successfully

2023-10-16 14:21:41 - [MESSAGE][PASSED] - Verify element property value successfully

2023-10-16 14:21:41 - [TEST_STEP][PASSED] - verifyElementPropertyValue(getResponse, "offers[7].groups[0].pricingPlans[0].visualElements[13].key", "tag_text"): Verify element property value successfully

2023-10-16 14:21:41 - [MESSAGE][PASSED] - Verify element property value successfully

2023-10-16 14:21:41 - [TEST_STEP][PASSED] - verifyElementPropertyValue(getResponse, "offers[7].groups[0].pricingPlans[0].visualElements[13].value", "Économisez 50% "): Verify element property value successfully

2023-10-16 14:21:41 - [MESSAGE][PASSED] - Verify element property value successfully

2023-10-16 14:21:41 - [TEST_STEP][PASSED] - verifyElementPropertyValue(getResponse, "offers[7].groups[0].pricingPlans[0].visualElements[12].key", "show_tag"): Verify element property value successfully

2023-10-16 14:21:41 - [MESSAGE][PASSED] - Verify element property value successfully

2023-10-16 14:21:41 - [TEST_STEP][PASSED] - verifyElementPropertyValue(getResponse, "offers[7].groups[0].pricingPlans[0].visualElements[12].value", "true"): Verify element property value successfully

2023-10-16 14:21:41 - [MESSAGE][PASSED] - Verify element property value successfully

2023-10-16 14:21:41 - [TEST_STEP][PASSED] - verifyElementPropertyValue(getResponse, "offers[7].groups[0].pricingPlans[0].pricingPlanData[0].productId", "UAE_B2C_SHAHID_VIP_SPORT_1M"): Verify element property value successfully

2023-10-16 14:21:41 - [MESSAGE][PASSED] - Verify element property value successfully

2023-10-16 14:21:41 - [TEST_STEP][PASSED] - verifyElementPropertyValue(getResponse, "offers[7].groups[0].pricingPlans[0].pricingPlanData[0].paymentMethod", "CREDIT_CARD"): Verify element property value successfully

2023-10-16 14:21:41 - [MESSAGE][PASSED] - Verify element property value successfully

2023-10-16 14:21:41 - [TEST_STEP][PASSED] - verifyElementPropertyValue(getResponse, "offers[7].groups[0].pricingPlans[0].pricingPlanData[0].freeTrialEnabled", "false"): Verify element property value successfully

2023-10-16 14:21:41 - [MESSAGE][PASSED] - Verify element property value successfully

2023-10-16 14:21:41 - [TEST_STEP][PASSED] - verifyElementPropertyValue(getResponse, "offers[7].groups[0].pricingPlans[0].pricingPlanData[0].showIn[0]", "VERTICAL_MODE"): Verify element property value successfully

2023-10-16 14:21:41 - [MESSAGE][PASSED] - Verify element property value successfully

2023-10-16 14:21:41 - [TEST_STEP][PASSED] - verifyElementPropertyValue(getResponse, "offers[7].groups[0].pricingPlans[0].pricingPlanData[0].showIn[1]", "HORIZONTAL_MODE"): Verify element property value successfully

2023-10-16 14:21:41 - [MESSAGE][PASSED] - Verify element property value successfully

2023-10-16 14:21:41 - [TEST_STEP][PASSED] - verifyElementPropertyValue(getResponse, "offers[7].groups[0].pricingPlans[0].pricingPlanData[0].priceLabel", "34.99"): Verify element property value successfully

2023-10-16 14:21:41 - [MESSAGE][PASSED] - Verify element property value successfully

2023-10-16 14:21:41 - [TEST_STEP][PASSED] - verifyElementPropertyValue(getResponse, "offers[7].groups[0].pricingPlans[0].pricingPlanData[0].currencyLabel", "AED"): Verify element property value successfully

2023-10-16 14:21:41 - [MESSAGE][PASSED] - Verify element property value successfully

2023-10-16 14:21:41 - [TEST_STEP][PASSED] - verifyElementPropertyValue(getResponse, "offers[7].groups[0].pricingPlans[0].pricingPlanData[0].dealId", "WB_SPORT_50P_ARE"): Verify element property value successfully

2023-10-16 14:21:41 - [MESSAGE][PASSED] - Verify element property value successfully

2023-10-16 14:21:41 - [TEST_STEP][PASSED] - verifyElementPropertyValue(getResponse, "offers[7].groups[0].pricingPlans[0].pricingPlanData[0].allowedForAcquisition", "true"): Verify element property value successfully

2023-10-16 14:21:41 - [MESSAGE][PASSED] - Verify element property value successfully

2023-10-16 14:21:41 - [TEST_STEP][PASSED] - verifyElementPropertyValue(getResponse, "offers[7].groups[0].pricingPlans[0].pricingPlanData[0].visualElements[0].key", "title"): Verify element property value successfully

2023-10-16 14:21:41 - [MESSAGE][PASSED] - Verify element property value successfully

2023-10-16 14:21:41 - [TEST_STEP][PASSED] - verifyElementPropertyValue(getResponse, "offers[7].groups[0].pricingPlans[0].pricingPlanData[0].visualElements[0].value", "Carte de crédit/débit"): Verify element property value successfully

2023-10-16 14:21:41 - [MESSAGE][PASSED] - Verify element property value successfully

2023-10-16 14:21:41 - [TEST_STEP][PASSED] - verifyElementPropertyValue(getResponse, "offers[7].groups[0].pricingPlans[0].pricingPlanData[0].visualElements[1].key", "CTA_text"): Verify element property value successfully

2023-10-16 14:21:41 - [MESSAGE][PASSED] - Verify element property value successfully

2023-10-16 14:21:41 - [TEST_STEP][PASSED] - verifyElementPropertyValue(getResponse, "offers[7].groups[0].pricingPlans[0].pricingPlanData[0].visualElements[1].value", "S’abonner"): Verify element property value successfully

2023-10-16 14:21:41 - [MESSAGE][PASSED] - Verify element property value successfully

2023-10-16 14:21:41 - [TEST_STEP][PASSED] - verifyElementPropertyValue(getResponse, "offers[7].groups[0].pricingPlans[0].pricingPlanData[0].visualElements[2].key", "logo"): Verify element property value successfully

2023-10-16 14:21:41 - [MESSAGE][PASSED] - Verify element property value successfully

2023-10-16 14:21:41 - [TEST_STEP][PASSED] - verifyElementPropertyValue(getResponse, "offers[7].groups[0].pricingPlans[0].pricingPlanData[0].visualElements[2].value", "https://static.s3.shahid.mbc.net/widget-images/icons/iconCreditCard.png"): Verify element property value successfully

2023-10-16 14:21:41 - [MESSAGE][PASSED] - Verify element property value successfully

2023-10-16 14:21:41 - [TEST_STEP][PASSED] - verifyElementPropertyValue(getResponse, "offers[11].offerId", "byg-sport-30-offer"): Verify element property value successfully

2023-10-16 14:21:41 - [MESSAGE][PASSED] - Verify element property value successfully

2023-10-16 14:21:41 - [TEST_STEP][PASSED] - verifyElementPropertyValue(getResponse, "offers[11].offerParam", "bygsportsoffer30"): Verify element property value successfully

2023-10-16 14:21:41 - [MESSAGE][PASSED] - Verify element property value successfully

2023-10-16 14:21:41 - [TEST_STEP][PASSED] - verifyElementPropertyValue(getResponse, "offers[11].groups[0].pricingPlans[0].featured", "true"): Verify element property value successfully

2023-10-16 14:21:41 - [MESSAGE][PASSED] - Verify element property value successfully

2023-10-16 14:21:41 - [TEST_STEP][PASSED] - verifyElementPropertyValue(getResponse, "offers[11].groups[0].pricingPlans[0].period", "monthly"): Verify element property value successfully

2023-10-16 14:21:41 - [MESSAGE][PASSED] - Verify element property value successfully

2023-10-16 14:21:41 - [TEST_STEP][PASSED] - verifyElementPropertyValue(getResponse, "offers[11].groups[0].pricingPlans[0].featured", "true"): Verify element property value successfully

2023-10-16 14:21:41 - [MESSAGE][PASSED] - Verify element property value successfully

2023-10-16 14:21:41 - [TEST_STEP][PASSED] - verifyElementPropertyValue(getResponse, "offers[11].groups[0].pricingPlans[0].price", "48.99"): Verify element property value successfully

2023-10-16 14:21:41 - [MESSAGE][PASSED] - Verify element property value successfully

2023-10-16 14:21:41 - [TEST_STEP][PASSED] - verifyElementPropertyValue(getResponse, "offers[11].groups[0].pricingPlans[0].currency", "AED"): Verify element property value successfully

2023-10-16 14:21:41 - [MESSAGE][PASSED] - Verify element property value successfully

2023-10-16 14:21:41 - [TEST_STEP][PASSED] - verifyElementPropertyValue(getResponse, "offers[11].groups[0].pricingPlans[0].order", "0"): Verify element property value successfully

2023-10-16 14:21:41 - [MESSAGE][PASSED] - Verify element property value successfully

2023-10-16 14:21:41 - [TEST_STEP][PASSED] - verifyElementPropertyValue(getResponse, "offers[11].groups[0].pricingPlans[0].packageId", "SHAHID_VIP_SPORT"): Verify element property value successfully

2023-10-16 14:21:41 - [MESSAGE][PASSED] - Verify element property value successfully

2023-10-16 14:21:41 - [TEST_STEP][PASSED] - verifyElementPropertyValue(getResponse, "offers[11].groups[0].pricingPlans[0].catalogId", "SPORT"): Verify element property value successfully

2023-10-16 14:21:41 - [MESSAGE][PASSED] - Verify element property value successfully

2023-10-16 14:21:41 - [TEST_STEP][PASSED] - verifyElementPropertyValue(getResponse, "offers[11].groups[0].pricingPlans[0].visualElements[0].key", "Header_1_text"): Verify element property value successfully

2023-10-16 14:21:41 - [MESSAGE][PASSED] - Verify element property value successfully

2023-10-16 14:21:41 - [TEST_STEP][PASSED] - verifyElementPropertyValue(getResponse, "offers[11].groups[0].pricingPlans[0].visualElements[0].value", "Abonnez-vous dès maintenant et profitez de vos programmes sans publicité"): Verify element property value successfully

2023-10-16 14:21:41 - [MESSAGE][PASSED] - Verify element property value successfully

2023-10-16 14:21:41 - [TEST_STEP][PASSED] - verifyElementPropertyValue(getResponse, "offers[11].groups[0].pricingPlans[0].visualElements[1].key", "display_title"): Verify element property value successfully

2023-10-16 14:21:41 - [MESSAGE][PASSED] - Verify element property value successfully

2023-10-16 14:21:41 - [TEST_STEP][PASSED] - verifyElementPropertyValue(getResponse, "offers[11].groups[0].pricingPlans[0].visualElements[1].value", "30% de réduction"): Verify element property value successfully

2023-10-16 14:21:41 - [MESSAGE][PASSED] - Verify element property value successfully

2023-10-16 14:21:41 - [TEST_STEP][PASSED] - verifyElementPropertyValue(getResponse, "offers[11].groups[0].pricingPlans[0].visualElements[3].key", "deduction_text"): Verify element property value successfully

2023-10-16 14:21:41 - [MESSAGE][PASSED] - Verify element property value successfully

2023-10-16 14:21:41 - [TEST_STEP][PASSED] - verifyElementPropertyValue(getResponse, "offers[11].groups[0].pricingPlans[0].visualElements[3].value", "facturation mensuelle"): Verify element property value successfully

2023-10-16 14:21:41 - [MESSAGE][PASSED] - Verify element property value successfully

2023-10-16 14:21:41 - [TEST_STEP][PASSED] - verifyElementPropertyValue(getResponse, "offers[11].groups[0].pricingPlans[0].visualElements[6].key", "show_payment_logo"): Verify element property value successfully

2023-10-16 14:21:41 - [MESSAGE][PASSED] - Verify element property value successfully

2023-10-16 14:21:41 - [TEST_STEP][PASSED] - verifyElementPropertyValue(getResponse, "offers[11].groups[0].pricingPlans[0].visualElements[6].value", "true"): Verify element property value successfully

2023-10-16 14:21:41 - [MESSAGE][PASSED] - Verify element property value successfully

2023-10-16 14:21:41 - [TEST_STEP][PASSED] - verifyElementPropertyValue(getResponse, "offers[11].groups[0].pricingPlans[0].visualElements[8].key", "price"): Verify element property value successfully

2023-10-16 14:21:41 - [MESSAGE][PASSED] - Verify element property value successfully

2023-10-16 14:21:41 - [TEST_STEP][PASSED] - verifyElementPropertyValue(getResponse, "offers[11].groups[0].pricingPlans[0].visualElements[8].value", "48.99"): Verify element property value successfully

2023-10-16 14:21:41 - [MESSAGE][PASSED] - Verify element property value successfully

2023-10-16 14:21:41 - [TEST_STEP][PASSED] - verifyElementPropertyValue(getResponse, "offers[11].groups[0].pricingPlans[0].visualElements[9].key", "currency"): Verify element property value successfully

2023-10-16 14:21:41 - [MESSAGE][PASSED] - Verify element property value successfully

2023-10-16 14:21:41 - [TEST_STEP][PASSED] - verifyElementPropertyValue(getResponse, "offers[11].groups[0].pricingPlans[0].visualElements[9].value", "AED"): Verify element property value successfully

2023-10-16 14:21:41 - [MESSAGE][PASSED] - Verify element property value successfully

2023-10-16 14:21:41 - [TEST_STEP][PASSED] - verifyElementPropertyValue(getResponse, "offers[11].groups[0].pricingPlans[0].visualElements[10].key", "duration"): Verify element property value successfully

2023-10-16 14:21:41 - [MESSAGE][PASSED] - Verify element property value successfully

2023-10-16 14:21:41 - [TEST_STEP][PASSED] - verifyElementPropertyValue(getResponse, "offers[11].groups[0].pricingPlans[0].visualElements[10].value", "Mensuel"): Verify element property value successfully

2023-10-16 14:21:41 - [MESSAGE][PASSED] - Verify element property value successfully

2023-10-16 14:21:41 - [TEST_STEP][PASSED] - verifyElementPropertyValue(getResponse, "offers[11].groups[0].pricingPlans[0].visualElements[11].key", "featured_tag_text"): Verify element property value successfully

2023-10-16 14:21:41 - [MESSAGE][PASSED] - Verify element property value successfully

2023-10-16 14:21:41 - [TEST_STEP][PASSED] - verifyElementPropertyValue(getResponse, "offers[11].groups[0].pricingPlans[0].visualElements[11].value", "Offre limitée"): Verify element property value successfully

2023-10-16 14:21:41 - [MESSAGE][PASSED] - Verify element property value successfully

2023-10-16 14:21:41 - [TEST_STEP][PASSED] - verifyElementPropertyValue(getResponse, "offers[11].groups[0].pricingPlans[0].visualElements[13].key", "tag_text"): Verify element property value successfully

2023-10-16 14:21:41 - [MESSAGE][PASSED] - Verify element property value successfully

2023-10-16 14:21:41 - [TEST_STEP][PASSED] - verifyElementPropertyValue(getResponse, "offers[11].groups[0].pricingPlans[0].visualElements[13].value", "Économisez 30% "): Verify element property value successfully

2023-10-16 14:21:41 - [MESSAGE][PASSED] - Verify element property value successfully

2023-10-16 14:21:41 - [TEST_STEP][PASSED] - verifyElementPropertyValue(getResponse, "offers[11].groups[0].pricingPlans[0].visualElements[12].key", "show_tag"): Verify element property value successfully

2023-10-16 14:21:41 - [MESSAGE][PASSED] - Verify element property value successfully

2023-10-16 14:21:41 - [TEST_STEP][PASSED] - verifyElementPropertyValue(getResponse, "offers[11].groups[0].pricingPlans[0].visualElements[12].value", "true"): Verify element property value successfully

2023-10-16 14:21:41 - [MESSAGE][PASSED] - Verify element property value successfully

2023-10-16 14:21:41 - [TEST_STEP][PASSED] - verifyElementPropertyValue(getResponse, "offers[11].groups[0].pricingPlans[0].pricingPlanData[0].productId", "UAE_B2C_SHAHID_VIP_SPORT_1M"): Verify element property value successfully

2023-10-16 14:21:41 - [MESSAGE][PASSED] - Verify element property value successfully

2023-10-16 14:21:41 - [TEST_STEP][PASSED] - verifyElementPropertyValue(getResponse, "offers[11].groups[0].pricingPlans[0].pricingPlanData[0].paymentMethod", "CREDIT_CARD"): Verify element property value successfully

2023-10-16 14:21:41 - [MESSAGE][PASSED] - Verify element property value successfully

2023-10-16 14:21:41 - [TEST_STEP][PASSED] - verifyElementPropertyValue(getResponse, "offers[11].groups[0].pricingPlans[0].pricingPlanData[0].freeTrialEnabled", "false"): Verify element property value successfully

2023-10-16 14:21:41 - [MESSAGE][PASSED] - Verify element property value successfully

2023-10-16 14:21:41 - [TEST_STEP][PASSED] - verifyElementPropertyValue(getResponse, "offers[11].groups[0].pricingPlans[0].pricingPlanData[0].showIn[0]", "VERTICAL_MODE"): Verify element property value successfully

2023-10-16 14:21:41 - [MESSAGE][PASSED] - Verify element property value successfully

2023-10-16 14:21:41 - [TEST_STEP][PASSED] - verifyElementPropertyValue(getResponse, "offers[11].groups[0].pricingPlans[0].pricingPlanData[0].showIn[1]", "HORIZONTAL_MODE"): Verify element property value successfully

2023-10-16 14:21:41 - [MESSAGE][PASSED] - Verify element property value successfully

2023-10-16 14:21:41 - [TEST_STEP][PASSED] - verifyElementPropertyValue(getResponse, "offers[11].groups[0].pricingPlans[0].pricingPlanData[0].priceLabel", "48.99"): Verify element property value successfully

2023-10-16 14:21:41 - [MESSAGE][PASSED] - Verify element property value successfully

2023-10-16 14:21:41 - [TEST_STEP][PASSED] - verifyElementPropertyValue(getResponse, "offers[11].groups[0].pricingPlans[0].pricingPlanData[0].currencyLabel", "AED"): Verify element property value successfully

2023-10-16 14:21:41 - [MESSAGE][PASSED] - Verify element property value successfully

2023-10-16 14:21:41 - [TEST_STEP][PASSED] - verifyElementPropertyValue(getResponse, "offers[11].groups[0].pricingPlans[0].pricingPlanData[0].dealId", "BYG_SPORT_30P_ARE"): Verify element property value successfully

2023-10-16 14:21:41 - [MESSAGE][PASSED] - Verify element property value successfully

2023-10-16 14:21:41 - [TEST_STEP][PASSED] - verifyElementPropertyValue(getResponse, "offers[11].groups[0].pricingPlans[0].pricingPlanData[0].allowedForAcquisition", "true"): Verify element property value successfully

2023-10-16 14:21:41 - [MESSAGE][PASSED] - Verify element property value successfully

2023-10-16 14:21:41 - [TEST_STEP][PASSED] - verifyElementPropertyValue(getResponse, "offers[11].groups[0].pricingPlans[0].pricingPlanData[0].visualElements[0].key", "title"): Verify element property value successfully

2023-10-16 14:21:41 - [MESSAGE][PASSED] - Verify element property value successfully

2023-10-16 14:21:41 - [TEST_STEP][PASSED] - verifyElementPropertyValue(getResponse, "offers[11].groups[0].pricingPlans[0].pricingPlanData[0].visualElements[0].value", "Carte de crédit/débit"): Verify element property value successfully

2023-10-16 14:21:41 - [MESSAGE][PASSED] - Verify element property value successfully

2023-10-16 14:21:41 - [TEST_STEP][PASSED] - verifyElementPropertyValue(getResponse, "offers[11].groups[0].pricingPlans[0].pricingPlanData[0].visualElements[1].key", "CTA_text"): Verify element property value successfully

2023-10-16 14:21:41 - [MESSAGE][PASSED] - Verify element property value successfully

2023-10-16 14:21:41 - [TEST_STEP][PASSED] - verifyElementPropertyValue(getResponse, "offers[11].groups[0].pricingPlans[0].pricingPlanData[0].visualElements[1].value", "S’abonner"): Verify element property value successfully

2023-10-16 14:21:41 - [MESSAGE][PASSED] - Verify element property value successfully

2023-10-16 14:21:41 - [TEST_STEP][PASSED] - verifyElementPropertyValue(getResponse, "offers[11].groups[0].pricingPlans[0].pricingPlanData[0].visualElements[2].key", "logo"): Verify element property value successfully

2023-10-16 14:21:41 - [MESSAGE][PASSED] - Verify element property value successfully

2023-10-16 14:21:41 - [TEST_STEP][PASSED] - verifyElementPropertyValue(getResponse, "offers[11].groups[0].pricingPlans[0].pricingPlanData[0].visualElements[2].value", "https://static.s3.shahid.mbc.net/widget-images/icons/iconCreditCard.png"): Verify element property value successfully

2023-10-16 14:21:41 - [MESSAGE][PASSED] - Verify element property value successfully

2023-10-16 14:21:41 - [TEST_STEP][PASSED] - verifyElementPropertyValue(getResponse, "offers[12].offerId", "byg-sport-40-offer"): Verify element property value successfully

2023-10-16 14:21:41 - [MESSAGE][PASSED] - Verify element property value successfully

2023-10-16 14:21:41 - [TEST_STEP][PASSED] - verifyElementPropertyValue(getResponse, "offers[12].offerParam", "bygsportsoffer40"): Verify element property value successfully

2023-10-16 14:21:41 - [MESSAGE][PASSED] - Verify element property value successfully

2023-10-16 14:21:41 - [TEST_STEP][PASSED] - verifyElementPropertyValue(getResponse, "offers[12].groups[0].pricingPlans[0].featured", "true"): Verify element property value successfully

2023-10-16 14:21:41 - [MESSAGE][PASSED] - Verify element property value successfully

2023-10-16 14:21:41 - [TEST_STEP][PASSED] - verifyElementPropertyValue(getResponse, "offers[12].groups[0].pricingPlans[0].period", "monthly"): Verify element property value successfully

2023-10-16 14:21:42 - [MESSAGE][PASSED] - Verify element property value successfully

2023-10-16 14:21:42 - [TEST_STEP][PASSED] - verifyElementPropertyValue(getResponse, "offers[12].groups[0].pricingPlans[0].featured", "true"): Verify element property value successfully

2023-10-16 14:21:42 - [MESSAGE][PASSED] - Verify element property value successfully

2023-10-16 14:21:42 - [TEST_STEP][PASSED] - verifyElementPropertyValue(getResponse, "offers[12].groups[0].pricingPlans[0].price", "41.99"): Verify element property value successfully

2023-10-16 14:21:42 - [MESSAGE][PASSED] - Verify element property value successfully

2023-10-16 14:21:42 - [TEST_STEP][PASSED] - verifyElementPropertyValue(getResponse, "offers[12].groups[0].pricingPlans[0].currency", "AED"): Verify element property value successfully

2023-10-16 14:21:42 - [MESSAGE][PASSED] - Verify element property value successfully

2023-10-16 14:21:42 - [TEST_STEP][PASSED] - verifyElementPropertyValue(getResponse, "offers[12].groups[0].pricingPlans[0].order", "0"): Verify element property value successfully

2023-10-16 14:21:42 - [MESSAGE][PASSED] - Verify element property value successfully

2023-10-16 14:21:42 - [TEST_STEP][PASSED] - verifyElementPropertyValue(getResponse, "offers[12].groups[0].pricingPlans[0].packageId", "SHAHID_VIP_SPORT"): Verify element property value successfully

2023-10-16 14:21:42 - [MESSAGE][PASSED] - Verify element property value successfully

2023-10-16 14:21:42 - [TEST_STEP][PASSED] - verifyElementPropertyValue(getResponse, "offers[12].groups[0].pricingPlans[0].catalogId", "SPORT"): Verify element property value successfully

2023-10-16 14:21:42 - [MESSAGE][PASSED] - Verify element property value successfully

2023-10-16 14:21:42 - [TEST_STEP][PASSED] - verifyElementPropertyValue(getResponse, "offers[12].groups[0].pricingPlans[0].visualElements[0].key", "Header_1_text"): Verify element property value successfully

2023-10-16 14:21:42 - [MESSAGE][PASSED] - Verify element property value successfully

2023-10-16 14:21:42 - [TEST_STEP][PASSED] - verifyElementPropertyValue(getResponse, "offers[12].groups[0].pricingPlans[0].visualElements[0].value", "Abonnez-vous dès maintenant et profitez de vos programmes sans publicité"): Verify element property value successfully

2023-10-16 14:21:42 - [MESSAGE][PASSED] - Verify element property value successfully

2023-10-16 14:21:42 - [TEST_STEP][PASSED] - verifyElementPropertyValue(getResponse, "offers[12].groups[0].pricingPlans[0].visualElements[1].key", "display_title"): Verify element property value successfully

2023-10-16 14:21:42 - [MESSAGE][PASSED] - Verify element property value successfully

2023-10-16 14:21:42 - [TEST_STEP][PASSED] - verifyElementPropertyValue(getResponse, "offers[12].groups[0].pricingPlans[0].visualElements[1].value", "40% de réduction"): Verify element property value successfully

2023-10-16 14:21:42 - [MESSAGE][PASSED] - Verify element property value successfully

2023-10-16 14:21:42 - [TEST_STEP][PASSED] - verifyElementPropertyValue(getResponse, "offers[12].groups[0].pricingPlans[0].visualElements[3].key", "deduction_text"): Verify element property value successfully

2023-10-16 14:21:42 - [MESSAGE][PASSED] - Verify element property value successfully

2023-10-16 14:21:42 - [TEST_STEP][PASSED] - verifyElementPropertyValue(getResponse, "offers[12].groups[0].pricingPlans[0].visualElements[3].value", "facturation mensuelle"): Verify element property value successfully

2023-10-16 14:21:42 - [MESSAGE][PASSED] - Verify element property value successfully

2023-10-16 14:21:42 - [TEST_STEP][PASSED] - verifyElementPropertyValue(getResponse, "offers[12].groups[0].pricingPlans[0].visualElements[6].key", "show_payment_logo"): Verify element property value successfully

2023-10-16 14:21:42 - [MESSAGE][PASSED] - Verify element property value successfully

2023-10-16 14:21:42 - [TEST_STEP][PASSED] - verifyElementPropertyValue(getResponse, "offers[12].groups[0].pricingPlans[0].visualElements[6].value", "true"): Verify element property value successfully

2023-10-16 14:21:42 - [MESSAGE][PASSED] - Verify element property value successfully

2023-10-16 14:21:42 - [TEST_STEP][PASSED] - verifyElementPropertyValue(getResponse, "offers[12].groups[0].pricingPlans[0].visualElements[8].key", "price"): Verify element property value successfully

2023-10-16 14:21:42 - [MESSAGE][PASSED] - Verify element property value successfully

2023-10-16 14:21:42 - [TEST_STEP][PASSED] - verifyElementPropertyValue(getResponse, "offers[12].groups[0].pricingPlans[0].visualElements[8].value", "41.99"): Verify element property value successfully

2023-10-16 14:21:42 - [MESSAGE][PASSED] - Verify element property value successfully

2023-10-16 14:21:42 - [TEST_STEP][PASSED] - verifyElementPropertyValue(getResponse, "offers[12].groups[0].pricingPlans[0].visualElements[9].key", "currency"): Verify element property value successfully

2023-10-16 14:21:42 - [MESSAGE][PASSED] - Verify element property value successfully

2023-10-16 14:21:42 - [TEST_STEP][PASSED] - verifyElementPropertyValue(getResponse, "offers[12].groups[0].pricingPlans[0].visualElements[9].value", "AED"): Verify element property value successfully

2023-10-16 14:21:42 - [MESSAGE][PASSED] - Verify element property value successfully

2023-10-16 14:21:42 - [TEST_STEP][PASSED] - verifyElementPropertyValue(getResponse, "offers[12].groups[0].pricingPlans[0].visualElements[10].key", "duration"): Verify element property value successfully

2023-10-16 14:21:42 - [MESSAGE][PASSED] - Verify element property value successfully

2023-10-16 14:21:42 - [TEST_STEP][PASSED] - verifyElementPropertyValue(getResponse, "offers[12].groups[0].pricingPlans[0].visualElements[10].value", "Mensuel"): Verify element property value successfully

2023-10-16 14:21:42 - [MESSAGE][PASSED] - Verify element property value successfully

2023-10-16 14:21:42 - [TEST_STEP][PASSED] - verifyElementPropertyValue(getResponse, "offers[12].groups[0].pricingPlans[0].visualElements[11].key", "featured_tag_text"): Verify element property value successfully

2023-10-16 14:21:42 - [MESSAGE][PASSED] - Verify element property value successfully

2023-10-16 14:21:42 - [TEST_STEP][PASSED] - verifyElementPropertyValue(getResponse, "offers[12].groups[0].pricingPlans[0].visualElements[11].value", "Offre limitée"): Verify element property value successfully

2023-10-16 14:21:42 - [MESSAGE][PASSED] - Verify element property value successfully

2023-10-16 14:21:42 - [TEST_STEP][PASSED] - verifyElementPropertyValue(getResponse, "offers[12].groups[0].pricingPlans[0].visualElements[13].key", "tag_text"): Verify element property value successfully

2023-10-16 14:21:42 - [MESSAGE][PASSED] - Verify element property value successfully

2023-10-16 14:21:42 - [TEST_STEP][PASSED] - verifyElementPropertyValue(getResponse, "offers[12].groups[0].pricingPlans[0].visualElements[13].value", "Économisez 40% "): Verify element property value successfully

2023-10-16 14:21:42 - [MESSAGE][PASSED] - Verify element property value successfully

2023-10-16 14:21:42 - [TEST_STEP][PASSED] - verifyElementPropertyValue(getResponse, "offers[12].groups[0].pricingPlans[0].visualElements[12].key", "show_tag"): Verify element property value successfully

2023-10-16 14:21:42 - [MESSAGE][PASSED] - Verify element property value successfully

2023-10-16 14:21:42 - [TEST_STEP][PASSED] - verifyElementPropertyValue(getResponse, "offers[12].groups[0].pricingPlans[0].visualElements[12].value", "true"): Verify element property value successfully

2023-10-16 14:21:42 - [MESSAGE][PASSED] - Verify element property value successfully

2023-10-16 14:21:42 - [TEST_STEP][PASSED] - verifyElementPropertyValue(getResponse, "offers[12].groups[0].pricingPlans[0].pricingPlanData[0].productId", "UAE_B2C_SHAHID_VIP_SPORT_1M"): Verify element property value successfully

2023-10-16 14:21:42 - [MESSAGE][PASSED] - Verify element property value successfully

2023-10-16 14:21:42 - [TEST_STEP][PASSED] - verifyElementPropertyValue(getResponse, "offers[12].groups[0].pricingPlans[0].pricingPlanData[0].paymentMethod", "CREDIT_CARD"): Verify element property value successfully

2023-10-16 14:21:42 - [MESSAGE][PASSED] - Verify element property value successfully

2023-10-16 14:21:42 - [TEST_STEP][PASSED] - verifyElementPropertyValue(getResponse, "offers[12].groups[0].pricingPlans[0].pricingPlanData[0].freeTrialEnabled", "false"): Verify element property value successfully

2023-10-16 14:21:42 - [MESSAGE][PASSED] - Verify element property value successfully

2023-10-16 14:21:42 - [TEST_STEP][PASSED] - verifyElementPropertyValue(getResponse, "offers[12].groups[0].pricingPlans[0].pricingPlanData[0].showIn[0]", "VERTICAL_MODE"): Verify element property value successfully

2023-10-16 14:21:42 - [MESSAGE][PASSED] - Verify element property value successfully

2023-10-16 14:21:42 - [TEST_STEP][PASSED] - verifyElementPropertyValue(getResponse, "offers[12].groups[0].pricingPlans[0].pricingPlanData[0].showIn[1]", "HORIZONTAL_MODE"): Verify element property value successfully

2023-10-16 14:21:42 - [MESSAGE][PASSED] - Verify element property value successfully

2023-10-16 14:21:42 - [TEST_STEP][PASSED] - verifyElementPropertyValue(getResponse, "offers[12].groups[0].pricingPlans[0].pricingPlanData[0].priceLabel", "41.99"): Verify element property value successfully

2023-10-16 14:21:42 - [MESSAGE][PASSED] - Verify element property value successfully

2023-10-16 14:21:42 - [TEST_STEP][PASSED] - verifyElementPropertyValue(getResponse, "offers[12].groups[0].pricingPlans[0].pricingPlanData[0].currencyLabel", "AED"): Verify element property value successfully

2023-10-16 14:21:42 - [MESSAGE][PASSED] - Verify element property value successfully

2023-10-16 14:21:42 - [TEST_STEP][PASSED] - verifyElementPropertyValue(getResponse, "offers[12].groups[0].pricingPlans[0].pricingPlanData[0].dealId", "BYG_SPORT_40P_ARE"): Verify element property value successfully

2023-10-16 14:21:42 - [MESSAGE][PASSED] - Verify element property value successfully

2023-10-16 14:21:42 - [TEST_STEP][PASSED] - verifyElementPropertyValue(getResponse, "offers[12].groups[0].pricingPlans[0].pricingPlanData[0].allowedForAcquisition", "true"): Verify element property value successfully

2023-10-16 14:21:42 - [MESSAGE][PASSED] - Verify element property value successfully

2023-10-16 14:21:42 - [TEST_STEP][PASSED] - verifyElementPropertyValue(getResponse, "offers[12].groups[0].pricingPlans[0].pricingPlanData[0].visualElements[0].key", "title"): Verify element property value successfully

2023-10-16 14:21:42 - [MESSAGE][PASSED] - Verify element property value successfully

2023-10-16 14:21:42 - [TEST_STEP][PASSED] - verifyElementPropertyValue(getResponse, "offers[12].groups[0].pricingPlans[0].pricingPlanData[0].visualElements[0].value", "Carte de crédit/débit"): Verify element property value successfully

2023-10-16 14:21:42 - [MESSAGE][PASSED] - Verify element property value successfully

2023-10-16 14:21:42 - [TEST_STEP][PASSED] - verifyElementPropertyValue(getResponse, "offers[12].groups[0].pricingPlans[0].pricingPlanData[0].visualElements[1].key", "CTA_text"): Verify element property value successfully

2023-10-16 14:21:42 - [MESSAGE][PASSED] - Verify element property value successfully

2023-10-16 14:21:42 - [TEST_STEP][PASSED] - verifyElementPropertyValue(getResponse, "offers[12].groups[0].pricingPlans[0].pricingPlanData[0].visualElements[1].value", "S’abonner"): Verify element property value successfully

2023-10-16 14:21:42 - [MESSAGE][PASSED] - Verify element property value successfully

2023-10-16 14:21:42 - [TEST_STEP][PASSED] - verifyElementPropertyValue(getResponse, "offers[12].groups[0].pricingPlans[0].pricingPlanData[0].visualElements[2].key", "logo"): Verify element property value successfully

2023-10-16 14:21:42 - [MESSAGE][PASSED] - Verify element property value successfully

2023-10-16 14:21:42 - [TEST_STEP][PASSED] - verifyElementPropertyValue(getResponse, "offers[12].groups[0].pricingPlans[0].pricingPlanData[0].visualElements[2].value", "https://static.s3.shahid.mbc.net/widget-images/icons/iconCreditCard.png"): Verify element property value successfully

2023-10-16 14:21:42 - [MESSAGE][PASSED] - Verify element property value successfully

2023-10-16 14:21:42 - [TEST_STEP][PASSED] - verifyElementPropertyValue(getResponse, "offers[13].offerId", "byg-sport-50-offer"): Verify element property value successfully

2023-10-16 14:21:42 - [MESSAGE][PASSED] - Verify element property value successfully

2023-10-16 14:21:42 - [TEST_STEP][PASSED] - verifyElementPropertyValue(getResponse, "offers[13].offerParam", "bygsportsoffer50"): Verify element property value successfully

2023-10-16 14:21:42 - [MESSAGE][PASSED] - Verify element property value successfully

2023-10-16 14:21:42 - [TEST_STEP][PASSED] - verifyElementPropertyValue(getResponse, "offers[13].groups[0].pricingPlans[0].featured", "true"): Verify element property value successfully

2023-10-16 14:21:42 - [MESSAGE][PASSED] - Verify element property value successfully

2023-10-16 14:21:42 - [TEST_STEP][PASSED] - verifyElementPropertyValue(getResponse, "offers[13].groups[0].pricingPlans[0].period", "monthly"): Verify element property value successfully

2023-10-16 14:21:42 - [MESSAGE][PASSED] - Verify element property value successfully

2023-10-16 14:21:42 - [TEST_STEP][PASSED] - verifyElementPropertyValue(getResponse, "offers[13].groups[0].pricingPlans[0].featured", "true"): Verify element property value successfully

2023-10-16 14:21:42 - [MESSAGE][PASSED] - Verify element property value successfully

2023-10-16 14:21:42 - [TEST_STEP][PASSED] - verifyElementPropertyValue(getResponse, "offers[13].groups[0].pricingPlans[0].price", "34.99"): Verify element property value successfully

2023-10-16 14:21:42 - [MESSAGE][PASSED] - Verify element property value successfully

2023-10-16 14:21:42 - [TEST_STEP][PASSED] - verifyElementPropertyValue(getResponse, "offers[13].groups[0].pricingPlans[0].currency", "AED"): Verify element property value successfully

2023-10-16 14:21:42 - [MESSAGE][PASSED] - Verify element property value successfully

2023-10-16 14:21:42 - [TEST_STEP][PASSED] - verifyElementPropertyValue(getResponse, "offers[13].groups[0].pricingPlans[0].order", "0"): Verify element property value successfully

2023-10-16 14:21:42 - [MESSAGE][PASSED] - Verify element property value successfully

2023-10-16 14:21:42 - [TEST_STEP][PASSED] - verifyElementPropertyValue(getResponse, "offers[13].groups[0].pricingPlans[0].packageId", "SHAHID_VIP_SPORT"): Verify element property value successfully

2023-10-16 14:21:42 - [MESSAGE][PASSED] - Verify element property value successfully

2023-10-16 14:21:42 - [TEST_STEP][PASSED] - verifyElementPropertyValue(getResponse, "offers[13].groups[0].pricingPlans[0].catalogId", "SPORT"): Verify element property value successfully

2023-10-16 14:21:42 - [MESSAGE][PASSED] - Verify element property value successfully

2023-10-16 14:21:42 - [TEST_STEP][PASSED] - verifyElementPropertyValue(getResponse, "offers[13].groups[0].pricingPlans[0].visualElements[0].key", "Header_1_text"): Verify element property value successfully

2023-10-16 14:21:42 - [MESSAGE][PASSED] - Verify element property value successfully

2023-10-16 14:21:42 - [TEST_STEP][PASSED] - verifyElementPropertyValue(getResponse, "offers[13].groups[0].pricingPlans[0].visualElements[0].value", "Abonnez-vous dès maintenant et profitez de vos programmes sans publicité"): Verify element property value successfully

2023-10-16 14:21:42 - [MESSAGE][PASSED] - Verify element property value successfully

2023-10-16 14:21:42 - [TEST_STEP][PASSED] - verifyElementPropertyValue(getResponse, "offers[13].groups[0].pricingPlans[0].visualElements[1].key", "display_title"): Verify element property value successfully

2023-10-16 14:21:42 - [MESSAGE][PASSED] - Verify element property value successfully

2023-10-16 14:21:42 - [TEST_STEP][PASSED] - verifyElementPropertyValue(getResponse, "offers[13].groups[0].pricingPlans[0].visualElements[1].value", "50% de réduction"): Verify element property value successfully

2023-10-16 14:21:42 - [MESSAGE][PASSED] - Verify element property value successfully

2023-10-16 14:21:42 - [TEST_STEP][PASSED] - verifyElementPropertyValue(getResponse, "offers[13].groups[0].pricingPlans[0].visualElements[3].key", "deduction_text"): Verify element property value successfully

2023-10-16 14:21:42 - [MESSAGE][PASSED] - Verify element property value successfully

2023-10-16 14:21:42 - [TEST_STEP][PASSED] - verifyElementPropertyValue(getResponse, "offers[13].groups[0].pricingPlans[0].visualElements[3].value", "facturation mensuelle"): Verify element property value successfully

2023-10-16 14:21:42 - [MESSAGE][PASSED] - Verify element property value successfully

2023-10-16 14:21:42 - [TEST_STEP][PASSED] - verifyElementPropertyValue(getResponse, "offers[13].groups[0].pricingPlans[0].visualElements[6].key", "show_payment_logo"): Verify element property value successfully

2023-10-16 14:21:42 - [MESSAGE][PASSED] - Verify element property value successfully

2023-10-16 14:21:42 - [TEST_STEP][PASSED] - verifyElementPropertyValue(getResponse, "offers[13].groups[0].pricingPlans[0].visualElements[6].value", "true"): Verify element property value successfully

2023-10-16 14:21:42 - [MESSAGE][PASSED] - Verify element property value successfully

2023-10-16 14:21:42 - [TEST_STEP][PASSED] - verifyElementPropertyValue(getResponse, "offers[13].groups[0].pricingPlans[0].visualElements[8].key", "price"): Verify element property value successfully

2023-10-16 14:21:42 - [MESSAGE][PASSED] - Verify element property value successfully

2023-10-16 14:21:42 - [TEST_STEP][PASSED] - verifyElementPropertyValue(getResponse, "offers[13].groups[0].pricingPlans[0].visualElements[8].value", "34.99"): Verify element property value successfully

2023-10-16 14:21:42 - [MESSAGE][PASSED] - Verify element property value successfully

2023-10-16 14:21:42 - [TEST_STEP][PASSED] - verifyElementPropertyValue(getResponse, "offers[13].groups[0].pricingPlans[0].visualElements[9].key", "currency"): Verify element property value successfully

2023-10-16 14:21:42 - [MESSAGE][PASSED] - Verify element property value successfully

2023-10-16 14:21:42 - [TEST_STEP][PASSED] - verifyElementPropertyValue(getResponse, "offers[13].groups[0].pricingPlans[0].visualElements[9].value", "AED"): Verify element property value successfully

2023-10-16 14:21:42 - [MESSAGE][PASSED] - Verify element property value successfully

2023-10-16 14:21:42 - [TEST_STEP][PASSED] - verifyElementPropertyValue(getResponse, "offers[13].groups[0].pricingPlans[0].visualElements[10].key", "duration"): Verify element property value successfully

2023-10-16 14:21:42 - [MESSAGE][PASSED] - Verify element property value successfully

2023-10-16 14:21:42 - [TEST_STEP][PASSED] - verifyElementPropertyValue(getResponse, "offers[13].groups[0].pricingPlans[0].visualElements[10].value", "Mensuel"): Verify element property value successfully

2023-10-16 14:21:42 - [MESSAGE][PASSED] - Verify element property value successfully

2023-10-16 14:21:42 - [TEST_STEP][PASSED] - verifyElementPropertyValue(getResponse, "offers[13].groups[0].pricingPlans[0].visualElements[11].key", "featured_tag_text"): Verify element property value successfully

2023-10-16 14:21:42 - [MESSAGE][PASSED] - Verify element property value successfully

2023-10-16 14:21:42 - [TEST_STEP][PASSED] - verifyElementPropertyValue(getResponse, "offers[13].groups[0].pricingPlans[0].visualElements[11].value", "Offre limitée"): Verify element property value successfully

2023-10-16 14:21:42 - [MESSAGE][PASSED] - Verify element property value successfully

2023-10-16 14:21:42 - [TEST_STEP][PASSED] - verifyElementPropertyValue(getResponse, "offers[13].groups[0].pricingPlans[0].visualElements[13].key", "tag_text"): Verify element property value successfully

2023-10-16 14:21:42 - [MESSAGE][PASSED] - Verify element property value successfully

2023-10-16 14:21:42 - [TEST_STEP][PASSED] - verifyElementPropertyValue(getResponse, "offers[13].groups[0].pricingPlans[0].visualElements[13].value", "Économisez 50% "): Verify element property value successfully

2023-10-16 14:21:42 - [MESSAGE][PASSED] - Verify element property value successfully

2023-10-16 14:21:42 - [TEST_STEP][PASSED] - verifyElementPropertyValue(getResponse, "offers[13].groups[0].pricingPlans[0].visualElements[12].key", "show_tag"): Verify element property value successfully

2023-10-16 14:21:42 - [MESSAGE][PASSED] - Verify element property value successfully

2023-10-16 14:21:42 - [TEST_STEP][PASSED] - verifyElementPropertyValue(getResponse, "offers[13].groups[0].pricingPlans[0].visualElements[12].value", "true"): Verify element property value successfully

2023-10-16 14:21:42 - [MESSAGE][PASSED] - Verify element property value successfully

2023-10-16 14:21:42 - [TEST_STEP][PASSED] - verifyElementPropertyValue(getResponse, "offers[13].groups[0].pricingPlans[0].pricingPlanData[0].productId", "UAE_B2C_SHAHID_VIP_SPORT_1M"): Verify element property value successfully

2023-10-16 14:21:42 - [MESSAGE][PASSED] - Verify element property value successfully

2023-10-16 14:21:42 - [TEST_STEP][PASSED] - verifyElementPropertyValue(getResponse, "offers[13].groups[0].pricingPlans[0].pricingPlanData[0].paymentMethod", "CREDIT_CARD"): Verify element property value successfully

2023-10-16 14:21:42 - [MESSAGE][PASSED] - Verify element property value successfully

2023-10-16 14:21:42 - [TEST_STEP][PASSED] - verifyElementPropertyValue(getResponse, "offers[13].groups[0].pricingPlans[0].pricingPlanData[0].freeTrialEnabled", "false"): Verify element property value successfully

2023-10-16 14:21:42 - [MESSAGE][PASSED] - Verify element property value successfully

2023-10-16 14:21:42 - [TEST_STEP][PASSED] - verifyElementPropertyValue(getResponse, "offers[13].groups[0].pricingPlans[0].pricingPlanData[0].showIn[0]", "VERTICAL_MODE"): Verify element property value successfully

2023-10-16 14:21:42 - [MESSAGE][PASSED] - Verify element property value successfully

2023-10-16 14:21:42 - [TEST_STEP][PASSED] - verifyElementPropertyValue(getResponse, "offers[13].groups[0].pricingPlans[0].pricingPlanData[0].showIn[1]", "HORIZONTAL_MODE"): Verify element property value successfully

2023-10-16 14:21:42 - [MESSAGE][PASSED] - Verify element property value successfully

2023-10-16 14:21:42 - [TEST_STEP][PASSED] - verifyElementPropertyValue(getResponse, "offers[13].groups[0].pricingPlans[0].pricingPlanData[0].priceLabel", "34.99"): Verify element property value successfully

2023-10-16 14:21:42 - [MESSAGE][PASSED] - Verify element property value successfully

2023-10-16 14:21:42 - [TEST_STEP][PASSED] - verifyElementPropertyValue(getResponse, "offers[13].groups[0].pricingPlans[0].pricingPlanData[0].currencyLabel", "AED"): Verify element property value successfully

2023-10-16 14:21:42 - [MESSAGE][PASSED] - Verify element property value successfully

2023-10-16 14:21:42 - [TEST_STEP][PASSED] - verifyElementPropertyValue(getResponse, "offers[13].groups[0].pricingPlans[0].pricingPlanData[0].dealId", "BYG_SPORT_50P_ARE"): Verify element property value successfully

2023-10-16 14:21:42 - [MESSAGE][PASSED] - Verify element property value successfully

2023-10-16 14:21:42 - [TEST_STEP][PASSED] - verifyElementPropertyValue(getResponse, "offers[13].groups[0].pricingPlans[0].pricingPlanData[0].allowedForAcquisition", "true"): Verify element property value successfully

2023-10-16 14:21:42 - [MESSAGE][PASSED] - Verify element property value successfully

2023-10-16 14:21:42 - [TEST_STEP][PASSED] - verifyElementPropertyValue(getResponse, "offers[13].groups[0].pricingPlans[0].pricingPlanData[0].visualElements[0].key", "title"): Verify element property value successfully

2023-10-16 14:21:42 - [MESSAGE][PASSED] - Verify element property value successfully

2023-10-16 14:21:42 - [TEST_STEP][PASSED] - verifyElementPropertyValue(getResponse, "offers[13].groups[0].pricingPlans[0].pricingPlanData[0].visualElements[0].value", "Carte de crédit/débit"): Verify element property value successfully

2023-10-16 14:21:42 - [MESSAGE][PASSED] - Verify element property value successfully

2023-10-16 14:21:42 - [TEST_STEP][PASSED] - verifyElementPropertyValue(getResponse, "offers[13].groups[0].pricingPlans[0].pricingPlanData[0].visualElements[1].key", "CTA_text"): Verify element property value successfully

2023-10-16 14:21:42 - [MESSAGE][PASSED] - Verify element property value successfully

2023-10-16 14:21:42 - [TEST_STEP][PASSED] - verifyElementPropertyValue(getResponse, "offers[13].groups[0].pricingPlans[0].pricingPlanData[0].visualElements[1].value", "S’abonner"): Verify element property value successfully

2023-10-16 14:21:42 - [MESSAGE][PASSED] - Verify element property value successfully

2023-10-16 14:21:42 - [TEST_STEP][PASSED] - verifyElementPropertyValue(getResponse, "offers[13].groups[0].pricingPlans[0].pricingPlanData[0].visualElements[2].key", "logo"): Verify element property value successfully

2023-10-16 14:21:42 - [MESSAGE][PASSED] - Verify element property value successfully

2023-10-16 14:21:42 - [TEST_STEP][PASSED] - verifyElementPropertyValue(getResponse, "offers[13].groups[0].pricingPlans[0].pricingPlanData[0].visualElements[2].value", "https://static.s3.shahid.mbc.net/widget-images/icons/iconCreditCard.png"): Verify element property value successfully

2023-10-16 14:21:42 - [MESSAGE][PASSED] - Verify element property value successfully]]></system-out>
         <system-err><![CDATA[]]></system-err>
      </testcase>
      <testcase name="Test Cases/WEB - CHROME/ARE PI/WEB_FR_getOffersForARE_VIP" time="4.274" classname="Test Cases/WEB - CHROME/ARE PI/WEB_FR_getOffersForARE_VIP" status="FAILED">
         <failure type="FAILED" message="Test Cases/WEB - CHROME/ARE PI/WEB_FR_getOffersForARE_VIP FAILED.
Reason:
com.kms.katalon.core.exception.StepFailedException: Expected element property value 'S’abonner' is not equal with actual property value 'S'abonner'
	at com.kms.katalon.core.keyword.internal.KeywordMain.stepFailed(KeywordMain.groovy:39)
	at com.kms.katalon.core.webservice.keyword.builtin.VerifyElementPropertyValueKeyword$_verifyElementPropertyValue_closure1.doCall(VerifyElementPropertyValueKeyword.groovy:56)
	at com.kms.katalon.core.webservice.keyword.builtin.VerifyElementPropertyValueKeyword$_verifyElementPropertyValue_closure1.call(VerifyElementPropertyValueKeyword.groovy)
	at com.kms.katalon.core.keyword.internal.KeywordMain.runKeyword(KeywordMain.groovy:75)
	at com.kms.katalon.core.webservice.keyword.builtin.VerifyElementPropertyValueKeyword.verifyElementPropertyValue(VerifyElementPropertyValueKeyword.groovy:48)
	at com.kms.katalon.core.webservice.keyword.builtin.VerifyElementPropertyValueKeyword.execute(VerifyElementPropertyValueKeyword.groovy:43)
	at com.kms.katalon.core.keyword.internal.KeywordExecutor.executeKeywordForPlatform(KeywordExecutor.groovy:74)
	at com.kms.katalon.core.webservice.keyword.WSBuiltInKeywords.verifyElementPropertyValue(WSBuiltInKeywords.groovy:190)
	at com.kms.katalon.core.webservice.keyword.WSBuiltInKeywords$verifyElementPropertyValue$1.call(Unknown Source)
	at WEB_FR_getOffersForARE_VIP.run(WEB_FR_getOffersForARE_VIP:76)
	at com.kms.katalon.core.main.ScriptEngine.run(ScriptEngine.java:194)
	at com.kms.katalon.core.main.ScriptEngine.runScriptAsRawText(ScriptEngine.java:119)
	at com.kms.katalon.core.main.TestCaseExecutor.runScript(TestCaseExecutor.java:448)
	at com.kms.katalon.core.main.TestCaseExecutor.doExecute(TestCaseExecutor.java:439)
	at com.kms.katalon.core.main.TestCaseExecutor.processExecutionPhase(TestCaseExecutor.java:418)
	at com.kms.katalon.core.main.TestCaseExecutor.accessMainPhase(TestCaseExecutor.java:410)
	at com.kms.katalon.core.main.TestCaseExecutor.execute(TestCaseExecutor.java:285)
	at com.kms.katalon.core.common.CommonExecutor.accessTestCaseMainPhase(CommonExecutor.java:65)
	at com.kms.katalon.core.main.TestSuiteExecutor.accessTestSuiteMainPhase(TestSuiteExecutor.java:148)
	at com.kms.katalon.core.main.TestSuiteExecutor.execute(TestSuiteExecutor.java:106)
	at com.kms.katalon.core.main.TestCaseMain.startTestSuite(TestCaseMain.java:187)
	at com.kms.katalon.core.main.TestCaseMain$startTestSuite$0.call(Unknown Source)
	at TempTestSuite1697454225698.run(TempTestSuite1697454225698.groovy:36)
"/>
         <system-out><![CDATA[2023-10-16 14:21:42 - [TEST_CASE][FAILED] - Test Cases/WEB - CHROME/ARE PI/WEB_FR_getOffersForARE_VIP: Test Cases/WEB - CHROME/ARE PI/WEB_FR_getOffersForARE_VIP FAILED.
Reason:
com.kms.katalon.core.exception.StepFailedException: Expected element property value 'S’abonner' is not equal with actual property value 'S'abonner'
	at com.kms.katalon.core.keyword.internal.KeywordMain.stepFailed(KeywordMain.groovy:39)
	at com.kms.katalon.core.webservice.keyword.builtin.VerifyElementPropertyValueKeyword$_verifyElementPropertyValue_closure1.doCall(VerifyElementPropertyValueKeyword.groovy:56)
	at com.kms.katalon.core.webservice.keyword.builtin.VerifyElementPropertyValueKeyword$_verifyElementPropertyValue_closure1.call(VerifyElementPropertyValueKeyword.groovy)
	at com.kms.katalon.core.keyword.internal.KeywordMain.runKeyword(KeywordMain.groovy:75)
	at com.kms.katalon.core.webservice.keyword.builtin.VerifyElementPropertyValueKeyword.verifyElementPropertyValue(VerifyElementPropertyValueKeyword.groovy:48)
	at com.kms.katalon.core.webservice.keyword.builtin.VerifyElementPropertyValueKeyword.execute(VerifyElementPropertyValueKeyword.groovy:43)
	at com.kms.katalon.core.keyword.internal.KeywordExecutor.executeKeywordForPlatform(KeywordExecutor.groovy:74)
	at com.kms.katalon.core.webservice.keyword.WSBuiltInKeywords.verifyElementPropertyValue(WSBuiltInKeywords.groovy:190)
	at com.kms.katalon.core.webservice.keyword.WSBuiltInKeywords$verifyElementPropertyValue$1.call(Unknown Source)
	at WEB_FR_getOffersForARE_VIP.run(WEB_FR_getOffersForARE_VIP:76)
	at com.kms.katalon.core.main.ScriptEngine.run(ScriptEngine.java:194)
	at com.kms.katalon.core.main.ScriptEngine.runScriptAsRawText(ScriptEngine.java:119)
	at com.kms.katalon.core.main.TestCaseExecutor.runScript(TestCaseExecutor.java:448)
	at com.kms.katalon.core.main.TestCaseExecutor.doExecute(TestCaseExecutor.java:439)
	at com.kms.katalon.core.main.TestCaseExecutor.processExecutionPhase(TestCaseExecutor.java:418)
	at com.kms.katalon.core.main.TestCaseExecutor.accessMainPhase(TestCaseExecutor.java:410)
	at com.kms.katalon.core.main.TestCaseExecutor.execute(TestCaseExecutor.java:285)
	at com.kms.katalon.core.common.CommonExecutor.accessTestCaseMainPhase(CommonExecutor.java:65)
	at com.kms.katalon.core.main.TestSuiteExecutor.accessTestSuiteMainPhase(TestSuiteExecutor.java:148)
	at com.kms.katalon.core.main.TestSuiteExecutor.execute(TestSuiteExecutor.java:106)
	at com.kms.katalon.core.main.TestCaseMain.startTestSuite(TestCaseMain.java:187)
	at com.kms.katalon.core.main.TestCaseMain$startTestSuite$0.call(Unknown Source)
	at TempTestSuite1697454225698.run(TempTestSuite1697454225698.groovy:36)


2023-10-16 14:21:43 - [TEST_STEP][PASSED] - getResponse = config_files.getConfigFile.getConfig("WEB", "FR", "SHAHID_VIP", "AE", "false"): config_files.getConfigFile.getConfig is PASSED

2023-10-16 14:21:44 - [MESSAGE][INFO] - HAR: /Users/admin/git/shahid-configuration/Reports/20231016_140310/WEB/ARE/20231016_140345/requests/main/9.har

2023-10-16 14:21:44 - [MESSAGE][PASSED] - Send request successfully

2023-10-16 14:21:44 - [MESSAGE][PASSED] - config_files.getConfigFile.getConfig is PASSED

2023-10-16 14:21:44 - [TEST_STEP][PASSED] - verifyResponseStatusCode(getResponse, 200): Verify response status code successfully

2023-10-16 14:21:44 - [MESSAGE][PASSED] - Verify response status code successfully

2023-10-16 14:21:44 - [TEST_STEP][PASSED] - verifyElementPropertyValue(getResponse, "country", "ARE"): Verify element property value successfully

2023-10-16 14:21:44 - [MESSAGE][PASSED] - Verify element property value successfully

2023-10-16 14:21:44 - [TEST_STEP][PASSED] - verifyElementPropertyValue(getResponse, "platform", "[WEB]"): Verify element property value successfully

2023-10-16 14:21:44 - [MESSAGE][PASSED] - Verify element property value successfully

2023-10-16 14:21:44 - [TEST_STEP][PASSED] - verifyElementPropertyValue(getResponse, "offers[0].offerId", "winback-30-offer"): Verify element property value successfully

2023-10-16 14:21:44 - [MESSAGE][PASSED] - Verify element property value successfully

2023-10-16 14:21:44 - [TEST_STEP][PASSED] - verifyElementPropertyValue(getResponse, "offers[0].offerParam", "winback30"): Verify element property value successfully

2023-10-16 14:21:44 - [MESSAGE][PASSED] - Verify element property value successfully

2023-10-16 14:21:44 - [TEST_STEP][PASSED] - verifyElementPropertyValue(getResponse, "offers[0].groups[0].pricingPlans[0].featured", "true"): Verify element property value successfully

2023-10-16 14:21:44 - [MESSAGE][PASSED] - Verify element property value successfully

2023-10-16 14:21:44 - [TEST_STEP][PASSED] - verifyElementPropertyValue(getResponse, "offers[0].groups[0].pricingPlans[0].period", "monthly"): Verify element property value successfully

2023-10-16 14:21:44 - [MESSAGE][PASSED] - Verify element property value successfully

2023-10-16 14:21:44 - [TEST_STEP][PASSED] - verifyElementPropertyValue(getResponse, "offers[0].groups[0].pricingPlans[0].featured", "true"): Verify element property value successfully

2023-10-16 14:21:44 - [MESSAGE][PASSED] - Verify element property value successfully

2023-10-16 14:21:44 - [TEST_STEP][PASSED] - verifyElementPropertyValue(getResponse, "offers[0].groups[0].pricingPlans[0].price", "27.99"): Verify element property value successfully

2023-10-16 14:21:44 - [MESSAGE][PASSED] - Verify element property value successfully

2023-10-16 14:21:44 - [TEST_STEP][PASSED] - verifyElementPropertyValue(getResponse, "offers[0].groups[0].pricingPlans[0].currency", "AED"): Verify element property value successfully

2023-10-16 14:21:44 - [MESSAGE][PASSED] - Verify element property value successfully

2023-10-16 14:21:44 - [TEST_STEP][PASSED] - verifyElementPropertyValue(getResponse, "offers[0].groups[0].pricingPlans[0].order", "0"): Verify element property value successfully

2023-10-16 14:21:44 - [MESSAGE][PASSED] - Verify element property value successfully

2023-10-16 14:21:44 - [TEST_STEP][PASSED] - verifyElementPropertyValue(getResponse, "offers[0].groups[0].pricingPlans[0].packageId", "SHAHID_VIP"): Verify element property value successfully

2023-10-16 14:21:44 - [MESSAGE][PASSED] - Verify element property value successfully

2023-10-16 14:21:44 - [TEST_STEP][PASSED] - verifyElementPropertyValue(getResponse, "offers[0].groups[0].pricingPlans[0].catalogId", "VIP"): Verify element property value successfully

2023-10-16 14:21:44 - [MESSAGE][PASSED] - Verify element property value successfully

2023-10-16 14:21:44 - [TEST_STEP][PASSED] - verifyElementPropertyValue(getResponse, "offers[0].groups[0].pricingPlans[0].visualElements[0].key", "Header_1_text"): Verify element property value successfully

2023-10-16 14:21:44 - [MESSAGE][PASSED] - Verify element property value successfully

2023-10-16 14:21:44 - [TEST_STEP][PASSED] - verifyElementPropertyValue(getResponse, "offers[0].groups[0].pricingPlans[0].visualElements[0].value", "Abonnez-vous dès maintenant et profitez de vos programmes sans publicité"): Verify element property value successfully

2023-10-16 14:21:44 - [MESSAGE][PASSED] - Verify element property value successfully

2023-10-16 14:21:44 - [TEST_STEP][PASSED] - verifyElementPropertyValue(getResponse, "offers[0].groups[0].pricingPlans[0].visualElements[1].key", "display_title"): Verify element property value successfully

2023-10-16 14:21:44 - [MESSAGE][PASSED] - Verify element property value successfully

2023-10-16 14:21:44 - [TEST_STEP][PASSED] - verifyElementPropertyValue(getResponse, "offers[0].groups[0].pricingPlans[0].visualElements[1].value", "30% de réduction"): Verify element property value successfully

2023-10-16 14:21:44 - [MESSAGE][PASSED] - Verify element property value successfully

2023-10-16 14:21:44 - [TEST_STEP][PASSED] - verifyElementPropertyValue(getResponse, "offers[0].groups[0].pricingPlans[0].visualElements[3].key", "deduction_text"): Verify element property value successfully

2023-10-16 14:21:44 - [MESSAGE][PASSED] - Verify element property value successfully

2023-10-16 14:21:44 - [TEST_STEP][PASSED] - verifyElementPropertyValue(getResponse, "offers[0].groups[0].pricingPlans[0].visualElements[3].value", "facturation mensuelle"): Verify element property value successfully

2023-10-16 14:21:44 - [MESSAGE][PASSED] - Verify element property value successfully

2023-10-16 14:21:44 - [TEST_STEP][PASSED] - verifyElementPropertyValue(getResponse, "offers[0].groups[0].pricingPlans[0].visualElements[6].key", "show_payment_logo"): Verify element property value successfully

2023-10-16 14:21:44 - [MESSAGE][PASSED] - Verify element property value successfully

2023-10-16 14:21:44 - [TEST_STEP][PASSED] - verifyElementPropertyValue(getResponse, "offers[0].groups[0].pricingPlans[0].visualElements[6].value", "true"): Verify element property value successfully

2023-10-16 14:21:44 - [MESSAGE][PASSED] - Verify element property value successfully

2023-10-16 14:21:44 - [TEST_STEP][PASSED] - verifyElementPropertyValue(getResponse, "offers[0].groups[0].pricingPlans[0].visualElements[8].key", "price"): Verify element property value successfully

2023-10-16 14:21:44 - [MESSAGE][PASSED] - Verify element property value successfully

2023-10-16 14:21:44 - [TEST_STEP][PASSED] - verifyElementPropertyValue(getResponse, "offers[0].groups[0].pricingPlans[0].visualElements[8].value", "27.99"): Verify element property value successfully

2023-10-16 14:21:44 - [MESSAGE][PASSED] - Verify element property value successfully

2023-10-16 14:21:44 - [TEST_STEP][PASSED] - verifyElementPropertyValue(getResponse, "offers[0].groups[0].pricingPlans[0].visualElements[9].key", "currency"): Verify element property value successfully

2023-10-16 14:21:44 - [MESSAGE][PASSED] - Verify element property value successfully

2023-10-16 14:21:44 - [TEST_STEP][PASSED] - verifyElementPropertyValue(getResponse, "offers[0].groups[0].pricingPlans[0].visualElements[9].value", "AED"): Verify element property value successfully

2023-10-16 14:21:44 - [MESSAGE][PASSED] - Verify element property value successfully

2023-10-16 14:21:44 - [TEST_STEP][PASSED] - verifyElementPropertyValue(getResponse, "offers[0].groups[0].pricingPlans[0].visualElements[10].key", "duration"): Verify element property value successfully

2023-10-16 14:21:44 - [MESSAGE][PASSED] - Verify element property value successfully

2023-10-16 14:21:44 - [TEST_STEP][PASSED] - verifyElementPropertyValue(getResponse, "offers[0].groups[0].pricingPlans[0].visualElements[10].value", "Mensuel"): Verify element property value successfully

2023-10-16 14:21:44 - [MESSAGE][PASSED] - Verify element property value successfully

2023-10-16 14:21:44 - [TEST_STEP][PASSED] - verifyElementPropertyValue(getResponse, "offers[0].groups[0].pricingPlans[0].visualElements[11].key", "featured_tag_text"): Verify element property value successfully

2023-10-16 14:21:44 - [MESSAGE][PASSED] - Verify element property value successfully

2023-10-16 14:21:44 - [TEST_STEP][PASSED] - verifyElementPropertyValue(getResponse, "offers[0].groups[0].pricingPlans[0].visualElements[11].value", "Offre limitée"): Verify element property value successfully

2023-10-16 14:21:44 - [MESSAGE][PASSED] - Verify element property value successfully

2023-10-16 14:21:44 - [TEST_STEP][PASSED] - verifyElementPropertyValue(getResponse, "offers[0].groups[0].pricingPlans[0].visualElements[13].key", "tag_text"): Verify element property value successfully

2023-10-16 14:21:44 - [MESSAGE][PASSED] - Verify element property value successfully

2023-10-16 14:21:44 - [TEST_STEP][PASSED] - verifyElementPropertyValue(getResponse, "offers[0].groups[0].pricingPlans[0].visualElements[13].value", "Économisez 30% "): Verify element property value successfully

2023-10-16 14:21:44 - [MESSAGE][PASSED] - Verify element property value successfully

2023-10-16 14:21:44 - [TEST_STEP][PASSED] - verifyElementPropertyValue(getResponse, "offers[0].groups[0].pricingPlans[0].visualElements[12].key", "show_tag"): Verify element property value successfully

2023-10-16 14:21:44 - [MESSAGE][PASSED] - Verify element property value successfully

2023-10-16 14:21:44 - [TEST_STEP][PASSED] - verifyElementPropertyValue(getResponse, "offers[0].groups[0].pricingPlans[0].visualElements[12].value", "true"): Verify element property value successfully

2023-10-16 14:21:44 - [MESSAGE][PASSED] - Verify element property value successfully

2023-10-16 14:21:44 - [TEST_STEP][PASSED] - verifyElementPropertyValue(getResponse, "offers[0].groups[0].pricingPlans[0].pricingPlanData[0].productId", "UAE_B2C_SHAHID_VIP_1M"): Verify element property value successfully

2023-10-16 14:21:44 - [MESSAGE][PASSED] - Verify element property value successfully

2023-10-16 14:21:44 - [TEST_STEP][PASSED] - verifyElementPropertyValue(getResponse, "offers[0].groups[0].pricingPlans[0].pricingPlanData[0].paymentMethod", "CREDIT_CARD"): Verify element property value successfully

2023-10-16 14:21:44 - [MESSAGE][PASSED] - Verify element property value successfully

2023-10-16 14:21:44 - [TEST_STEP][PASSED] - verifyElementPropertyValue(getResponse, "offers[0].groups[0].pricingPlans[0].pricingPlanData[0].freeTrialEnabled", "false"): Verify element property value successfully

2023-10-16 14:21:44 - [MESSAGE][PASSED] - Verify element property value successfully

2023-10-16 14:21:44 - [TEST_STEP][PASSED] - verifyElementPropertyValue(getResponse, "offers[0].groups[0].pricingPlans[0].pricingPlanData[0].showIn[0]", "VERTICAL_MODE"): Verify element property value successfully

2023-10-16 14:21:44 - [MESSAGE][PASSED] - Verify element property value successfully

2023-10-16 14:21:44 - [TEST_STEP][PASSED] - verifyElementPropertyValue(getResponse, "offers[0].groups[0].pricingPlans[0].pricingPlanData[0].showIn[1]", "HORIZONTAL_MODE"): Verify element property value successfully

2023-10-16 14:21:44 - [MESSAGE][PASSED] - Verify element property value successfully

2023-10-16 14:21:44 - [TEST_STEP][PASSED] - verifyElementPropertyValue(getResponse, "offers[0].groups[0].pricingPlans[0].pricingPlanData[0].priceLabel", "27.99"): Verify element property value successfully

2023-10-16 14:21:44 - [MESSAGE][PASSED] - Verify element property value successfully

2023-10-16 14:21:44 - [TEST_STEP][PASSED] - verifyElementPropertyValue(getResponse, "offers[0].groups[0].pricingPlans[0].pricingPlanData[0].currencyLabel", "AED"): Verify element property value successfully

2023-10-16 14:21:44 - [MESSAGE][PASSED] - Verify element property value successfully

2023-10-16 14:21:44 - [TEST_STEP][PASSED] - verifyElementPropertyValue(getResponse, "offers[0].groups[0].pricingPlans[0].pricingPlanData[0].dealId", "RE_30P_ARE"): Verify element property value successfully

2023-10-16 14:21:44 - [MESSAGE][PASSED] - Verify element property value successfully

2023-10-16 14:21:44 - [TEST_STEP][PASSED] - verifyElementPropertyValue(getResponse, "offers[0].groups[0].pricingPlans[0].pricingPlanData[0].allowedForAcquisition", "true"): Verify element property value successfully

2023-10-16 14:21:44 - [MESSAGE][PASSED] - Verify element property value successfully

2023-10-16 14:21:44 - [TEST_STEP][PASSED] - verifyElementPropertyValue(getResponse, "offers[0].groups[0].pricingPlans[0].pricingPlanData[0].visualElements[0].key", "title"): Verify element property value successfully

2023-10-16 14:21:44 - [MESSAGE][PASSED] - Verify element property value successfully

2023-10-16 14:21:44 - [TEST_STEP][PASSED] - verifyElementPropertyValue(getResponse, "offers[0].groups[0].pricingPlans[0].pricingPlanData[0].visualElements[0].value", "Carte de crédit/débit"): Verify element property value successfully

2023-10-16 14:21:44 - [MESSAGE][PASSED] - Verify element property value successfully

2023-10-16 14:21:44 - [TEST_STEP][PASSED] - verifyElementPropertyValue(getResponse, "offers[0].groups[0].pricingPlans[0].pricingPlanData[0].visualElements[1].key", "CTA_text"): Verify element property value successfully

2023-10-16 14:21:44 - [MESSAGE][PASSED] - Verify element property value successfully

2023-10-16 14:21:44 - [TEST_STEP][FAILED] - verifyElementPropertyValue(getResponse, "offers[0].groups[0].pricingPlans[0].pricingPlanData[0].visualElements[1].value", "S’abonner"): Expected element property value 'S’abonner' is not equal with actual property value 'S'abonner'

2023-10-16 14:21:44 - [MESSAGE][FAILED] - Expected element property value 'S’abonner' is not equal with actual property value 'S'abonner'

2023-10-16 14:21:44 - [TEST_STEP][PASSED] - verifyElementPropertyValue(getResponse, "offers[0].groups[0].pricingPlans[0].pricingPlanData[0].visualElements[2].key", "logo"): Verify element property value successfully

2023-10-16 14:21:44 - [MESSAGE][PASSED] - Verify element property value successfully

2023-10-16 14:21:44 - [TEST_STEP][PASSED] - verifyElementPropertyValue(getResponse, "offers[0].groups[0].pricingPlans[0].pricingPlanData[0].visualElements[2].value", "https://static.s3.shahid.mbc.net/widget-images/icons/iconCreditCard.png"): Verify element property value successfully

2023-10-16 14:21:44 - [MESSAGE][PASSED] - Verify element property value successfully

2023-10-16 14:21:44 - [TEST_STEP][PASSED] - verifyElementPropertyValue(getResponse, "offers[1].offerId", "winback-40-offer"): Verify element property value successfully

2023-10-16 14:21:44 - [MESSAGE][PASSED] - Verify element property value successfully

2023-10-16 14:21:44 - [TEST_STEP][PASSED] - verifyElementPropertyValue(getResponse, "offers[1].offerParam", "winback40"): Verify element property value successfully

2023-10-16 14:21:44 - [MESSAGE][PASSED] - Verify element property value successfully

2023-10-16 14:21:44 - [TEST_STEP][PASSED] - verifyElementPropertyValue(getResponse, "offers[1].groups[0].pricingPlans[0].featured", "true"): Verify element property value successfully

2023-10-16 14:21:44 - [MESSAGE][PASSED] - Verify element property value successfully

2023-10-16 14:21:44 - [TEST_STEP][PASSED] - verifyElementPropertyValue(getResponse, "offers[1].groups[0].pricingPlans[0].period", "monthly"): Verify element property value successfully

2023-10-16 14:21:44 - [MESSAGE][PASSED] - Verify element property value successfully

2023-10-16 14:21:44 - [TEST_STEP][PASSED] - verifyElementPropertyValue(getResponse, "offers[1].groups[0].pricingPlans[0].featured", "true"): Verify element property value successfully

2023-10-16 14:21:44 - [MESSAGE][PASSED] - Verify element property value successfully

2023-10-16 14:21:44 - [TEST_STEP][PASSED] - verifyElementPropertyValue(getResponse, "offers[1].groups[0].pricingPlans[0].price", "23.99"): Verify element property value successfully

2023-10-16 14:21:44 - [MESSAGE][PASSED] - Verify element property value successfully

2023-10-16 14:21:44 - [TEST_STEP][PASSED] - verifyElementPropertyValue(getResponse, "offers[1].groups[0].pricingPlans[0].currency", "AED"): Verify element property value successfully

2023-10-16 14:21:44 - [MESSAGE][PASSED] - Verify element property value successfully

2023-10-16 14:21:44 - [TEST_STEP][PASSED] - verifyElementPropertyValue(getResponse, "offers[1].groups[0].pricingPlans[0].order", "0"): Verify element property value successfully

2023-10-16 14:21:44 - [MESSAGE][PASSED] - Verify element property value successfully

2023-10-16 14:21:44 - [TEST_STEP][PASSED] - verifyElementPropertyValue(getResponse, "offers[1].groups[0].pricingPlans[0].packageId", "SHAHID_VIP"): Verify element property value successfully

2023-10-16 14:21:44 - [MESSAGE][PASSED] - Verify element property value successfully

2023-10-16 14:21:44 - [TEST_STEP][PASSED] - verifyElementPropertyValue(getResponse, "offers[1].groups[0].pricingPlans[0].catalogId", "VIP"): Verify element property value successfully

2023-10-16 14:21:44 - [MESSAGE][PASSED] - Verify element property value successfully

2023-10-16 14:21:44 - [TEST_STEP][PASSED] - verifyElementPropertyValue(getResponse, "offers[1].groups[0].pricingPlans[0].visualElements[0].key", "Header_1_text"): Verify element property value successfully

2023-10-16 14:21:44 - [MESSAGE][PASSED] - Verify element property value successfully

2023-10-16 14:21:44 - [TEST_STEP][PASSED] - verifyElementPropertyValue(getResponse, "offers[1].groups[0].pricingPlans[0].visualElements[0].value", "Abonnez-vous dès maintenant et profitez de vos programmes sans publicité"): Verify element property value successfully

2023-10-16 14:21:44 - [MESSAGE][PASSED] - Verify element property value successfully

2023-10-16 14:21:44 - [TEST_STEP][PASSED] - verifyElementPropertyValue(getResponse, "offers[1].groups[0].pricingPlans[0].visualElements[1].key", "display_title"): Verify element property value successfully

2023-10-16 14:21:44 - [MESSAGE][PASSED] - Verify element property value successfully

2023-10-16 14:21:44 - [TEST_STEP][PASSED] - verifyElementPropertyValue(getResponse, "offers[1].groups[0].pricingPlans[0].visualElements[1].value", "40% de réduction"): Verify element property value successfully

2023-10-16 14:21:44 - [MESSAGE][PASSED] - Verify element property value successfully

2023-10-16 14:21:44 - [TEST_STEP][PASSED] - verifyElementPropertyValue(getResponse, "offers[1].groups[0].pricingPlans[0].visualElements[3].key", "deduction_text"): Verify element property value successfully

2023-10-16 14:21:44 - [MESSAGE][PASSED] - Verify element property value successfully

2023-10-16 14:21:44 - [TEST_STEP][PASSED] - verifyElementPropertyValue(getResponse, "offers[1].groups[0].pricingPlans[0].visualElements[3].value", "facturation mensuelle"): Verify element property value successfully

2023-10-16 14:21:44 - [MESSAGE][PASSED] - Verify element property value successfully

2023-10-16 14:21:44 - [TEST_STEP][PASSED] - verifyElementPropertyValue(getResponse, "offers[1].groups[0].pricingPlans[0].visualElements[6].key", "show_payment_logo"): Verify element property value successfully

2023-10-16 14:21:44 - [MESSAGE][PASSED] - Verify element property value successfully

2023-10-16 14:21:44 - [TEST_STEP][PASSED] - verifyElementPropertyValue(getResponse, "offers[1].groups[0].pricingPlans[0].visualElements[6].value", "true"): Verify element property value successfully

2023-10-16 14:21:44 - [MESSAGE][PASSED] - Verify element property value successfully

2023-10-16 14:21:44 - [TEST_STEP][PASSED] - verifyElementPropertyValue(getResponse, "offers[1].groups[0].pricingPlans[0].visualElements[8].key", "price"): Verify element property value successfully

2023-10-16 14:21:44 - [MESSAGE][PASSED] - Verify element property value successfully

2023-10-16 14:21:44 - [TEST_STEP][PASSED] - verifyElementPropertyValue(getResponse, "offers[1].groups[0].pricingPlans[0].visualElements[8].value", "23.99"): Verify element property value successfully

2023-10-16 14:21:44 - [MESSAGE][PASSED] - Verify element property value successfully

2023-10-16 14:21:44 - [TEST_STEP][PASSED] - verifyElementPropertyValue(getResponse, "offers[1].groups[0].pricingPlans[0].visualElements[9].key", "currency"): Verify element property value successfully

2023-10-16 14:21:44 - [MESSAGE][PASSED] - Verify element property value successfully

2023-10-16 14:21:44 - [TEST_STEP][PASSED] - verifyElementPropertyValue(getResponse, "offers[1].groups[0].pricingPlans[0].visualElements[9].value", "AED"): Verify element property value successfully

2023-10-16 14:21:45 - [MESSAGE][PASSED] - Verify element property value successfully

2023-10-16 14:21:45 - [TEST_STEP][PASSED] - verifyElementPropertyValue(getResponse, "offers[1].groups[0].pricingPlans[0].visualElements[10].key", "duration"): Verify element property value successfully

2023-10-16 14:21:45 - [MESSAGE][PASSED] - Verify element property value successfully

2023-10-16 14:21:45 - [TEST_STEP][PASSED] - verifyElementPropertyValue(getResponse, "offers[1].groups[0].pricingPlans[0].visualElements[10].value", "Mensuel"): Verify element property value successfully

2023-10-16 14:21:45 - [MESSAGE][PASSED] - Verify element property value successfully

2023-10-16 14:21:45 - [TEST_STEP][PASSED] - verifyElementPropertyValue(getResponse, "offers[1].groups[0].pricingPlans[0].visualElements[11].key", "featured_tag_text"): Verify element property value successfully

2023-10-16 14:21:45 - [MESSAGE][PASSED] - Verify element property value successfully

2023-10-16 14:21:45 - [TEST_STEP][PASSED] - verifyElementPropertyValue(getResponse, "offers[1].groups[0].pricingPlans[0].visualElements[11].value", "Offre limitée"): Verify element property value successfully

2023-10-16 14:21:45 - [MESSAGE][PASSED] - Verify element property value successfully

2023-10-16 14:21:45 - [TEST_STEP][PASSED] - verifyElementPropertyValue(getResponse, "offers[1].groups[0].pricingPlans[0].visualElements[13].key", "tag_text"): Verify element property value successfully

2023-10-16 14:21:45 - [MESSAGE][PASSED] - Verify element property value successfully

2023-10-16 14:21:45 - [TEST_STEP][PASSED] - verifyElementPropertyValue(getResponse, "offers[1].groups[0].pricingPlans[0].visualElements[13].value", "Économisez 40% "): Verify element property value successfully

2023-10-16 14:21:45 - [MESSAGE][PASSED] - Verify element property value successfully

2023-10-16 14:21:45 - [TEST_STEP][PASSED] - verifyElementPropertyValue(getResponse, "offers[1].groups[0].pricingPlans[0].visualElements[12].key", "show_tag"): Verify element property value successfully

2023-10-16 14:21:45 - [MESSAGE][PASSED] - Verify element property value successfully

2023-10-16 14:21:45 - [TEST_STEP][PASSED] - verifyElementPropertyValue(getResponse, "offers[1].groups[0].pricingPlans[0].visualElements[12].value", "true"): Verify element property value successfully

2023-10-16 14:21:45 - [MESSAGE][PASSED] - Verify element property value successfully

2023-10-16 14:21:45 - [TEST_STEP][PASSED] - verifyElementPropertyValue(getResponse, "offers[1].groups[0].pricingPlans[0].pricingPlanData[0].productId", "UAE_B2C_SHAHID_VIP_1M"): Verify element property value successfully

2023-10-16 14:21:45 - [MESSAGE][PASSED] - Verify element property value successfully

2023-10-16 14:21:45 - [TEST_STEP][PASSED] - verifyElementPropertyValue(getResponse, "offers[1].groups[0].pricingPlans[0].pricingPlanData[0].paymentMethod", "CREDIT_CARD"): Verify element property value successfully

2023-10-16 14:21:45 - [MESSAGE][PASSED] - Verify element property value successfully

2023-10-16 14:21:45 - [TEST_STEP][PASSED] - verifyElementPropertyValue(getResponse, "offers[1].groups[0].pricingPlans[0].pricingPlanData[0].freeTrialEnabled", "false"): Verify element property value successfully

2023-10-16 14:21:45 - [MESSAGE][PASSED] - Verify element property value successfully

2023-10-16 14:21:45 - [TEST_STEP][PASSED] - verifyElementPropertyValue(getResponse, "offers[1].groups[0].pricingPlans[0].pricingPlanData[0].showIn[0]", "VERTICAL_MODE"): Verify element property value successfully

2023-10-16 14:21:45 - [MESSAGE][PASSED] - Verify element property value successfully

2023-10-16 14:21:45 - [TEST_STEP][PASSED] - verifyElementPropertyValue(getResponse, "offers[1].groups[0].pricingPlans[0].pricingPlanData[0].showIn[1]", "HORIZONTAL_MODE"): Verify element property value successfully

2023-10-16 14:21:45 - [MESSAGE][PASSED] - Verify element property value successfully

2023-10-16 14:21:45 - [TEST_STEP][PASSED] - verifyElementPropertyValue(getResponse, "offers[1].groups[0].pricingPlans[0].pricingPlanData[0].priceLabel", "23.99"): Verify element property value successfully

2023-10-16 14:21:45 - [MESSAGE][PASSED] - Verify element property value successfully

2023-10-16 14:21:45 - [TEST_STEP][PASSED] - verifyElementPropertyValue(getResponse, "offers[1].groups[0].pricingPlans[0].pricingPlanData[0].currencyLabel", "AED"): Verify element property value successfully

2023-10-16 14:21:45 - [MESSAGE][PASSED] - Verify element property value successfully

2023-10-16 14:21:45 - [TEST_STEP][PASSED] - verifyElementPropertyValue(getResponse, "offers[1].groups[0].pricingPlans[0].pricingPlanData[0].dealId", "RE_40P_ARE"): Verify element property value successfully

2023-10-16 14:21:45 - [MESSAGE][PASSED] - Verify element property value successfully

2023-10-16 14:21:45 - [TEST_STEP][PASSED] - verifyElementPropertyValue(getResponse, "offers[1].groups[0].pricingPlans[0].pricingPlanData[0].allowedForAcquisition", "true"): Verify element property value successfully

2023-10-16 14:21:45 - [MESSAGE][PASSED] - Verify element property value successfully

2023-10-16 14:21:45 - [TEST_STEP][PASSED] - verifyElementPropertyValue(getResponse, "offers[1].groups[0].pricingPlans[0].pricingPlanData[0].visualElements[0].key", "title"): Verify element property value successfully

2023-10-16 14:21:45 - [MESSAGE][PASSED] - Verify element property value successfully

2023-10-16 14:21:45 - [TEST_STEP][PASSED] - verifyElementPropertyValue(getResponse, "offers[1].groups[0].pricingPlans[0].pricingPlanData[0].visualElements[0].value", "Carte de crédit/débit"): Verify element property value successfully

2023-10-16 14:21:45 - [MESSAGE][PASSED] - Verify element property value successfully

2023-10-16 14:21:45 - [TEST_STEP][PASSED] - verifyElementPropertyValue(getResponse, "offers[1].groups[0].pricingPlans[0].pricingPlanData[0].visualElements[1].key", "CTA_text"): Verify element property value successfully

2023-10-16 14:21:45 - [MESSAGE][PASSED] - Verify element property value successfully

2023-10-16 14:21:45 - [TEST_STEP][FAILED] - verifyElementPropertyValue(getResponse, "offers[1].groups[0].pricingPlans[0].pricingPlanData[0].visualElements[1].value", "S’abonner"): Expected element property value 'S’abonner' is not equal with actual property value 'S'abonner'

2023-10-16 14:21:45 - [MESSAGE][FAILED] - Expected element property value 'S’abonner' is not equal with actual property value 'S'abonner'

2023-10-16 14:21:45 - [TEST_STEP][PASSED] - verifyElementPropertyValue(getResponse, "offers[1].groups[0].pricingPlans[0].pricingPlanData[0].visualElements[2].key", "logo"): Verify element property value successfully

2023-10-16 14:21:45 - [MESSAGE][PASSED] - Verify element property value successfully

2023-10-16 14:21:45 - [TEST_STEP][PASSED] - verifyElementPropertyValue(getResponse, "offers[1].groups[0].pricingPlans[0].pricingPlanData[0].visualElements[2].value", "https://static.s3.shahid.mbc.net/widget-images/icons/iconCreditCard.png"): Verify element property value successfully

2023-10-16 14:21:45 - [MESSAGE][PASSED] - Verify element property value successfully

2023-10-16 14:21:45 - [TEST_STEP][PASSED] - verifyElementPropertyValue(getResponse, "offers[2].offerId", "winback-50-offer"): Verify element property value successfully

2023-10-16 14:21:45 - [MESSAGE][PASSED] - Verify element property value successfully

2023-10-16 14:21:45 - [TEST_STEP][PASSED] - verifyElementPropertyValue(getResponse, "offers[2].offerParam", "winback50"): Verify element property value successfully

2023-10-16 14:21:45 - [MESSAGE][PASSED] - Verify element property value successfully

2023-10-16 14:21:45 - [TEST_STEP][PASSED] - verifyElementPropertyValue(getResponse, "offers[2].groups[0].pricingPlans[0].featured", "true"): Verify element property value successfully

2023-10-16 14:21:45 - [MESSAGE][PASSED] - Verify element property value successfully

2023-10-16 14:21:45 - [TEST_STEP][PASSED] - verifyElementPropertyValue(getResponse, "offers[2].groups[0].pricingPlans[0].period", "monthly"): Verify element property value successfully

2023-10-16 14:21:45 - [MESSAGE][PASSED] - Verify element property value successfully

2023-10-16 14:21:45 - [TEST_STEP][PASSED] - verifyElementPropertyValue(getResponse, "offers[2].groups[0].pricingPlans[0].featured", "true"): Verify element property value successfully

2023-10-16 14:21:45 - [MESSAGE][PASSED] - Verify element property value successfully

2023-10-16 14:21:45 - [TEST_STEP][PASSED] - verifyElementPropertyValue(getResponse, "offers[2].groups[0].pricingPlans[0].price", "19.99"): Verify element property value successfully

2023-10-16 14:21:45 - [MESSAGE][PASSED] - Verify element property value successfully

2023-10-16 14:21:45 - [TEST_STEP][PASSED] - verifyElementPropertyValue(getResponse, "offers[2].groups[0].pricingPlans[0].currency", "AED"): Verify element property value successfully

2023-10-16 14:21:45 - [MESSAGE][PASSED] - Verify element property value successfully

2023-10-16 14:21:45 - [TEST_STEP][PASSED] - verifyElementPropertyValue(getResponse, "offers[2].groups[0].pricingPlans[0].order", "0"): Verify element property value successfully

2023-10-16 14:21:45 - [MESSAGE][PASSED] - Verify element property value successfully

2023-10-16 14:21:45 - [TEST_STEP][PASSED] - verifyElementPropertyValue(getResponse, "offers[2].groups[0].pricingPlans[0].packageId", "SHAHID_VIP"): Verify element property value successfully

2023-10-16 14:21:45 - [MESSAGE][PASSED] - Verify element property value successfully

2023-10-16 14:21:45 - [TEST_STEP][PASSED] - verifyElementPropertyValue(getResponse, "offers[2].groups[0].pricingPlans[0].catalogId", "VIP"): Verify element property value successfully

2023-10-16 14:21:45 - [MESSAGE][PASSED] - Verify element property value successfully

2023-10-16 14:21:45 - [TEST_STEP][PASSED] - verifyElementPropertyValue(getResponse, "offers[2].groups[0].pricingPlans[0].visualElements[0].key", "Header_1_text"): Verify element property value successfully

2023-10-16 14:21:45 - [MESSAGE][PASSED] - Verify element property value successfully

2023-10-16 14:21:45 - [TEST_STEP][PASSED] - verifyElementPropertyValue(getResponse, "offers[2].groups[0].pricingPlans[0].visualElements[0].value", "Abonnez-vous dès maintenant et profitez de vos programmes sans publicité"): Verify element property value successfully

2023-10-16 14:21:45 - [MESSAGE][PASSED] - Verify element property value successfully

2023-10-16 14:21:45 - [TEST_STEP][PASSED] - verifyElementPropertyValue(getResponse, "offers[2].groups[0].pricingPlans[0].visualElements[1].key", "display_title"): Verify element property value successfully

2023-10-16 14:21:45 - [MESSAGE][PASSED] - Verify element property value successfully

2023-10-16 14:21:45 - [TEST_STEP][PASSED] - verifyElementPropertyValue(getResponse, "offers[2].groups[0].pricingPlans[0].visualElements[1].value", "50% de réduction"): Verify element property value successfully

2023-10-16 14:21:45 - [MESSAGE][PASSED] - Verify element property value successfully

2023-10-16 14:21:45 - [TEST_STEP][PASSED] - verifyElementPropertyValue(getResponse, "offers[2].groups[0].pricingPlans[0].visualElements[3].key", "deduction_text"): Verify element property value successfully

2023-10-16 14:21:45 - [MESSAGE][PASSED] - Verify element property value successfully

2023-10-16 14:21:45 - [TEST_STEP][PASSED] - verifyElementPropertyValue(getResponse, "offers[2].groups[0].pricingPlans[0].visualElements[3].value", "facturation mensuelle"): Verify element property value successfully

2023-10-16 14:21:45 - [MESSAGE][PASSED] - Verify element property value successfully

2023-10-16 14:21:45 - [TEST_STEP][PASSED] - verifyElementPropertyValue(getResponse, "offers[2].groups[0].pricingPlans[0].visualElements[6].key", "show_payment_logo"): Verify element property value successfully

2023-10-16 14:21:45 - [MESSAGE][PASSED] - Verify element property value successfully

2023-10-16 14:21:45 - [TEST_STEP][PASSED] - verifyElementPropertyValue(getResponse, "offers[2].groups[0].pricingPlans[0].visualElements[6].value", "true"): Verify element property value successfully

2023-10-16 14:21:45 - [MESSAGE][PASSED] - Verify element property value successfully

2023-10-16 14:21:45 - [TEST_STEP][PASSED] - verifyElementPropertyValue(getResponse, "offers[2].groups[0].pricingPlans[0].visualElements[8].key", "price"): Verify element property value successfully

2023-10-16 14:21:45 - [MESSAGE][PASSED] - Verify element property value successfully

2023-10-16 14:21:45 - [TEST_STEP][PASSED] - verifyElementPropertyValue(getResponse, "offers[2].groups[0].pricingPlans[0].visualElements[8].value", "19.99"): Verify element property value successfully

2023-10-16 14:21:45 - [MESSAGE][PASSED] - Verify element property value successfully

2023-10-16 14:21:45 - [TEST_STEP][PASSED] - verifyElementPropertyValue(getResponse, "offers[2].groups[0].pricingPlans[0].visualElements[9].key", "currency"): Verify element property value successfully

2023-10-16 14:21:45 - [MESSAGE][PASSED] - Verify element property value successfully

2023-10-16 14:21:45 - [TEST_STEP][PASSED] - verifyElementPropertyValue(getResponse, "offers[2].groups[0].pricingPlans[0].visualElements[9].value", "AED"): Verify element property value successfully

2023-10-16 14:21:45 - [MESSAGE][PASSED] - Verify element property value successfully

2023-10-16 14:21:45 - [TEST_STEP][PASSED] - verifyElementPropertyValue(getResponse, "offers[2].groups[0].pricingPlans[0].visualElements[10].key", "duration"): Verify element property value successfully

2023-10-16 14:21:45 - [MESSAGE][PASSED] - Verify element property value successfully

2023-10-16 14:21:45 - [TEST_STEP][PASSED] - verifyElementPropertyValue(getResponse, "offers[2].groups[0].pricingPlans[0].visualElements[10].value", "Mensuel"): Verify element property value successfully

2023-10-16 14:21:45 - [MESSAGE][PASSED] - Verify element property value successfully

2023-10-16 14:21:45 - [TEST_STEP][PASSED] - verifyElementPropertyValue(getResponse, "offers[2].groups[0].pricingPlans[0].visualElements[11].key", "featured_tag_text"): Verify element property value successfully

2023-10-16 14:21:45 - [MESSAGE][PASSED] - Verify element property value successfully

2023-10-16 14:21:45 - [TEST_STEP][PASSED] - verifyElementPropertyValue(getResponse, "offers[2].groups[0].pricingPlans[0].visualElements[11].value", "Offre limitée"): Verify element property value successfully

2023-10-16 14:21:45 - [MESSAGE][PASSED] - Verify element property value successfully

2023-10-16 14:21:45 - [TEST_STEP][PASSED] - verifyElementPropertyValue(getResponse, "offers[2].groups[0].pricingPlans[0].visualElements[13].key", "tag_text"): Verify element property value successfully

2023-10-16 14:21:45 - [MESSAGE][PASSED] - Verify element property value successfully

2023-10-16 14:21:45 - [TEST_STEP][PASSED] - verifyElementPropertyValue(getResponse, "offers[2].groups[0].pricingPlans[0].visualElements[13].value", "Économisez 50% "): Verify element property value successfully

2023-10-16 14:21:45 - [MESSAGE][PASSED] - Verify element property value successfully

2023-10-16 14:21:45 - [TEST_STEP][PASSED] - verifyElementPropertyValue(getResponse, "offers[2].groups[0].pricingPlans[0].visualElements[12].key", "show_tag"): Verify element property value successfully

2023-10-16 14:21:45 - [MESSAGE][PASSED] - Verify element property value successfully

2023-10-16 14:21:45 - [TEST_STEP][PASSED] - verifyElementPropertyValue(getResponse, "offers[2].groups[0].pricingPlans[0].visualElements[12].value", "true"): Verify element property value successfully

2023-10-16 14:21:45 - [MESSAGE][PASSED] - Verify element property value successfully

2023-10-16 14:21:45 - [TEST_STEP][PASSED] - verifyElementPropertyValue(getResponse, "offers[2].groups[0].pricingPlans[0].pricingPlanData[0].productId", "UAE_B2C_SHAHID_VIP_1M"): Verify element property value successfully

2023-10-16 14:21:45 - [MESSAGE][PASSED] - Verify element property value successfully

2023-10-16 14:21:45 - [TEST_STEP][PASSED] - verifyElementPropertyValue(getResponse, "offers[2].groups[0].pricingPlans[0].pricingPlanData[0].paymentMethod", "CREDIT_CARD"): Verify element property value successfully

2023-10-16 14:21:45 - [MESSAGE][PASSED] - Verify element property value successfully

2023-10-16 14:21:45 - [TEST_STEP][PASSED] - verifyElementPropertyValue(getResponse, "offers[2].groups[0].pricingPlans[0].pricingPlanData[0].freeTrialEnabled", "false"): Verify element property value successfully

2023-10-16 14:21:45 - [MESSAGE][PASSED] - Verify element property value successfully

2023-10-16 14:21:45 - [TEST_STEP][PASSED] - verifyElementPropertyValue(getResponse, "offers[2].groups[0].pricingPlans[0].pricingPlanData[0].showIn[0]", "VERTICAL_MODE"): Verify element property value successfully

2023-10-16 14:21:45 - [MESSAGE][PASSED] - Verify element property value successfully

2023-10-16 14:21:45 - [TEST_STEP][PASSED] - verifyElementPropertyValue(getResponse, "offers[2].groups[0].pricingPlans[0].pricingPlanData[0].showIn[1]", "HORIZONTAL_MODE"): Verify element property value successfully

2023-10-16 14:21:45 - [MESSAGE][PASSED] - Verify element property value successfully

2023-10-16 14:21:45 - [TEST_STEP][PASSED] - verifyElementPropertyValue(getResponse, "offers[2].groups[0].pricingPlans[0].pricingPlanData[0].priceLabel", "19.99"): Verify element property value successfully

2023-10-16 14:21:45 - [MESSAGE][PASSED] - Verify element property value successfully

2023-10-16 14:21:45 - [TEST_STEP][PASSED] - verifyElementPropertyValue(getResponse, "offers[2].groups[0].pricingPlans[0].pricingPlanData[0].currencyLabel", "AED"): Verify element property value successfully

2023-10-16 14:21:45 - [MESSAGE][PASSED] - Verify element property value successfully

2023-10-16 14:21:45 - [TEST_STEP][PASSED] - verifyElementPropertyValue(getResponse, "offers[2].groups[0].pricingPlans[0].pricingPlanData[0].dealId", "RE_50P_ARE"): Verify element property value successfully

2023-10-16 14:21:45 - [MESSAGE][PASSED] - Verify element property value successfully

2023-10-16 14:21:45 - [TEST_STEP][PASSED] - verifyElementPropertyValue(getResponse, "offers[2].groups[0].pricingPlans[0].pricingPlanData[0].allowedForAcquisition", "true"): Verify element property value successfully

2023-10-16 14:21:45 - [MESSAGE][PASSED] - Verify element property value successfully

2023-10-16 14:21:45 - [TEST_STEP][PASSED] - verifyElementPropertyValue(getResponse, "offers[2].groups[0].pricingPlans[0].pricingPlanData[0].visualElements[0].key", "title"): Verify element property value successfully

2023-10-16 14:21:45 - [MESSAGE][PASSED] - Verify element property value successfully

2023-10-16 14:21:45 - [TEST_STEP][PASSED] - verifyElementPropertyValue(getResponse, "offers[2].groups[0].pricingPlans[0].pricingPlanData[0].visualElements[0].value", "Carte de crédit/débit"): Verify element property value successfully

2023-10-16 14:21:45 - [MESSAGE][PASSED] - Verify element property value successfully

2023-10-16 14:21:45 - [TEST_STEP][PASSED] - verifyElementPropertyValue(getResponse, "offers[2].groups[0].pricingPlans[0].pricingPlanData[0].visualElements[1].key", "CTA_text"): Verify element property value successfully

2023-10-16 14:21:45 - [MESSAGE][PASSED] - Verify element property value successfully

2023-10-16 14:21:45 - [TEST_STEP][FAILED] - verifyElementPropertyValue(getResponse, "offers[2].groups[0].pricingPlans[0].pricingPlanData[0].visualElements[1].value", "S’abonner"): Expected element property value 'S’abonner' is not equal with actual property value 'S'abonner'

2023-10-16 14:21:45 - [MESSAGE][FAILED] - Expected element property value 'S’abonner' is not equal with actual property value 'S'abonner'

2023-10-16 14:21:45 - [TEST_STEP][PASSED] - verifyElementPropertyValue(getResponse, "offers[2].groups[0].pricingPlans[0].pricingPlanData[0].visualElements[2].key", "logo"): Verify element property value successfully

2023-10-16 14:21:45 - [MESSAGE][PASSED] - Verify element property value successfully

2023-10-16 14:21:45 - [TEST_STEP][PASSED] - verifyElementPropertyValue(getResponse, "offers[2].groups[0].pricingPlans[0].pricingPlanData[0].visualElements[2].value", "https://static.s3.shahid.mbc.net/widget-images/icons/iconCreditCard.png"): Verify element property value successfully

2023-10-16 14:21:45 - [MESSAGE][PASSED] - Verify element property value successfully

2023-10-16 14:21:45 - [TEST_STEP][PASSED] - verifyElementPropertyValue(getResponse, "offers[8].offerId", "byg-30-offer"): Verify element property value successfully

2023-10-16 14:21:45 - [MESSAGE][PASSED] - Verify element property value successfully

2023-10-16 14:21:45 - [TEST_STEP][PASSED] - verifyElementPropertyValue(getResponse, "offers[8].offerParam", "bygoffer30"): Verify element property value successfully

2023-10-16 14:21:45 - [MESSAGE][PASSED] - Verify element property value successfully

2023-10-16 14:21:45 - [TEST_STEP][PASSED] - verifyElementPropertyValue(getResponse, "offers[8].groups[0].pricingPlans[0].featured", "true"): Verify element property value successfully

2023-10-16 14:21:45 - [MESSAGE][PASSED] - Verify element property value successfully

2023-10-16 14:21:45 - [TEST_STEP][PASSED] - verifyElementPropertyValue(getResponse, "offers[8].groups[0].pricingPlans[0].period", "monthly"): Verify element property value successfully

2023-10-16 14:21:45 - [MESSAGE][PASSED] - Verify element property value successfully

2023-10-16 14:21:45 - [TEST_STEP][PASSED] - verifyElementPropertyValue(getResponse, "offers[8].groups[0].pricingPlans[0].featured", "true"): Verify element property value successfully

2023-10-16 14:21:45 - [MESSAGE][PASSED] - Verify element property value successfully

2023-10-16 14:21:45 - [TEST_STEP][PASSED] - verifyElementPropertyValue(getResponse, "offers[8].groups[0].pricingPlans[0].price", "27.99"): Verify element property value successfully

2023-10-16 14:21:45 - [MESSAGE][PASSED] - Verify element property value successfully

2023-10-16 14:21:45 - [TEST_STEP][PASSED] - verifyElementPropertyValue(getResponse, "offers[8].groups[0].pricingPlans[0].currency", "AED"): Verify element property value successfully

2023-10-16 14:21:45 - [MESSAGE][PASSED] - Verify element property value successfully

2023-10-16 14:21:45 - [TEST_STEP][PASSED] - verifyElementPropertyValue(getResponse, "offers[8].groups[0].pricingPlans[0].order", "0"): Verify element property value successfully

2023-10-16 14:21:45 - [MESSAGE][PASSED] - Verify element property value successfully

2023-10-16 14:21:45 - [TEST_STEP][PASSED] - verifyElementPropertyValue(getResponse, "offers[8].groups[0].pricingPlans[0].packageId", "SHAHID_VIP"): Verify element property value successfully

2023-10-16 14:21:45 - [MESSAGE][PASSED] - Verify element property value successfully

2023-10-16 14:21:45 - [TEST_STEP][PASSED] - verifyElementPropertyValue(getResponse, "offers[8].groups[0].pricingPlans[0].catalogId", "VIP"): Verify element property value successfully

2023-10-16 14:21:45 - [MESSAGE][PASSED] - Verify element property value successfully

2023-10-16 14:21:45 - [TEST_STEP][PASSED] - verifyElementPropertyValue(getResponse, "offers[8].groups[0].pricingPlans[0].visualElements[0].key", "Header_1_text"): Verify element property value successfully

2023-10-16 14:21:45 - [MESSAGE][PASSED] - Verify element property value successfully

2023-10-16 14:21:45 - [TEST_STEP][PASSED] - verifyElementPropertyValue(getResponse, "offers[8].groups[0].pricingPlans[0].visualElements[0].value", "Abonnez-vous dès maintenant et profitez de vos programmes sans publicité"): Verify element property value successfully

2023-10-16 14:21:45 - [MESSAGE][PASSED] - Verify element property value successfully

2023-10-16 14:21:45 - [TEST_STEP][PASSED] - verifyElementPropertyValue(getResponse, "offers[8].groups[0].pricingPlans[0].visualElements[1].key", "display_title"): Verify element property value successfully

2023-10-16 14:21:45 - [MESSAGE][PASSED] - Verify element property value successfully

2023-10-16 14:21:45 - [TEST_STEP][PASSED] - verifyElementPropertyValue(getResponse, "offers[8].groups[0].pricingPlans[0].visualElements[1].value", "30% de réduction"): Verify element property value successfully

2023-10-16 14:21:45 - [MESSAGE][PASSED] - Verify element property value successfully

2023-10-16 14:21:45 - [TEST_STEP][PASSED] - verifyElementPropertyValue(getResponse, "offers[8].groups[0].pricingPlans[0].visualElements[3].key", "deduction_text"): Verify element property value successfully

2023-10-16 14:21:45 - [MESSAGE][PASSED] - Verify element property value successfully

2023-10-16 14:21:45 - [TEST_STEP][PASSED] - verifyElementPropertyValue(getResponse, "offers[8].groups[0].pricingPlans[0].visualElements[3].value", "facturation mensuelle"): Verify element property value successfully

2023-10-16 14:21:45 - [MESSAGE][PASSED] - Verify element property value successfully

2023-10-16 14:21:45 - [TEST_STEP][PASSED] - verifyElementPropertyValue(getResponse, "offers[8].groups[0].pricingPlans[0].visualElements[6].key", "show_payment_logo"): Verify element property value successfully

2023-10-16 14:21:45 - [MESSAGE][PASSED] - Verify element property value successfully

2023-10-16 14:21:45 - [TEST_STEP][PASSED] - verifyElementPropertyValue(getResponse, "offers[8].groups[0].pricingPlans[0].visualElements[6].value", "true"): Verify element property value successfully

2023-10-16 14:21:45 - [MESSAGE][PASSED] - Verify element property value successfully

2023-10-16 14:21:45 - [TEST_STEP][PASSED] - verifyElementPropertyValue(getResponse, "offers[8].groups[0].pricingPlans[0].visualElements[8].key", "price"): Verify element property value successfully

2023-10-16 14:21:45 - [MESSAGE][PASSED] - Verify element property value successfully

2023-10-16 14:21:45 - [TEST_STEP][PASSED] - verifyElementPropertyValue(getResponse, "offers[8].groups[0].pricingPlans[0].visualElements[8].value", "27.99"): Verify element property value successfully

2023-10-16 14:21:45 - [MESSAGE][PASSED] - Verify element property value successfully

2023-10-16 14:21:45 - [TEST_STEP][PASSED] - verifyElementPropertyValue(getResponse, "offers[8].groups[0].pricingPlans[0].visualElements[9].key", "currency"): Verify element property value successfully

2023-10-16 14:21:45 - [MESSAGE][PASSED] - Verify element property value successfully

2023-10-16 14:21:45 - [TEST_STEP][PASSED] - verifyElementPropertyValue(getResponse, "offers[8].groups[0].pricingPlans[0].visualElements[9].value", "AED"): Verify element property value successfully

2023-10-16 14:21:45 - [MESSAGE][PASSED] - Verify element property value successfully

2023-10-16 14:21:45 - [TEST_STEP][PASSED] - verifyElementPropertyValue(getResponse, "offers[8].groups[0].pricingPlans[0].visualElements[10].key", "duration"): Verify element property value successfully

2023-10-16 14:21:45 - [MESSAGE][PASSED] - Verify element property value successfully

2023-10-16 14:21:45 - [TEST_STEP][PASSED] - verifyElementPropertyValue(getResponse, "offers[8].groups[0].pricingPlans[0].visualElements[10].value", "Mensuel"): Verify element property value successfully

2023-10-16 14:21:46 - [MESSAGE][PASSED] - Verify element property value successfully

2023-10-16 14:21:46 - [TEST_STEP][PASSED] - verifyElementPropertyValue(getResponse, "offers[8].groups[0].pricingPlans[0].visualElements[11].key", "featured_tag_text"): Verify element property value successfully

2023-10-16 14:21:46 - [MESSAGE][PASSED] - Verify element property value successfully

2023-10-16 14:21:46 - [TEST_STEP][PASSED] - verifyElementPropertyValue(getResponse, "offers[8].groups[0].pricingPlans[0].visualElements[11].value", "Offre limitée"): Verify element property value successfully

2023-10-16 14:21:46 - [MESSAGE][PASSED] - Verify element property value successfully

2023-10-16 14:21:46 - [TEST_STEP][PASSED] - verifyElementPropertyValue(getResponse, "offers[8].groups[0].pricingPlans[0].visualElements[13].key", "tag_text"): Verify element property value successfully

2023-10-16 14:21:46 - [MESSAGE][PASSED] - Verify element property value successfully

2023-10-16 14:21:46 - [TEST_STEP][PASSED] - verifyElementPropertyValue(getResponse, "offers[8].groups[0].pricingPlans[0].visualElements[13].value", "Économisez 30% "): Verify element property value successfully

2023-10-16 14:21:46 - [MESSAGE][PASSED] - Verify element property value successfully

2023-10-16 14:21:46 - [TEST_STEP][PASSED] - verifyElementPropertyValue(getResponse, "offers[8].groups[0].pricingPlans[0].visualElements[12].key", "show_tag"): Verify element property value successfully

2023-10-16 14:21:46 - [MESSAGE][PASSED] - Verify element property value successfully

2023-10-16 14:21:46 - [TEST_STEP][PASSED] - verifyElementPropertyValue(getResponse, "offers[8].groups[0].pricingPlans[0].visualElements[12].value", "true"): Verify element property value successfully

2023-10-16 14:21:46 - [MESSAGE][PASSED] - Verify element property value successfully

2023-10-16 14:21:46 - [TEST_STEP][PASSED] - verifyElementPropertyValue(getResponse, "offers[8].groups[0].pricingPlans[0].pricingPlanData[0].productId", "UAE_B2C_SHAHID_VIP_1M"): Verify element property value successfully

2023-10-16 14:21:46 - [MESSAGE][PASSED] - Verify element property value successfully

2023-10-16 14:21:46 - [TEST_STEP][PASSED] - verifyElementPropertyValue(getResponse, "offers[8].groups[0].pricingPlans[0].pricingPlanData[0].paymentMethod", "CREDIT_CARD"): Verify element property value successfully

2023-10-16 14:21:46 - [MESSAGE][PASSED] - Verify element property value successfully

2023-10-16 14:21:46 - [TEST_STEP][PASSED] - verifyElementPropertyValue(getResponse, "offers[8].groups[0].pricingPlans[0].pricingPlanData[0].freeTrialEnabled", "false"): Verify element property value successfully

2023-10-16 14:21:46 - [MESSAGE][PASSED] - Verify element property value successfully

2023-10-16 14:21:46 - [TEST_STEP][PASSED] - verifyElementPropertyValue(getResponse, "offers[8].groups[0].pricingPlans[0].pricingPlanData[0].showIn[0]", "VERTICAL_MODE"): Verify element property value successfully

2023-10-16 14:21:46 - [MESSAGE][PASSED] - Verify element property value successfully

2023-10-16 14:21:46 - [TEST_STEP][PASSED] - verifyElementPropertyValue(getResponse, "offers[8].groups[0].pricingPlans[0].pricingPlanData[0].showIn[1]", "HORIZONTAL_MODE"): Verify element property value successfully

2023-10-16 14:21:46 - [MESSAGE][PASSED] - Verify element property value successfully

2023-10-16 14:21:46 - [TEST_STEP][PASSED] - verifyElementPropertyValue(getResponse, "offers[8].groups[0].pricingPlans[0].pricingPlanData[0].priceLabel", "27.99"): Verify element property value successfully

2023-10-16 14:21:46 - [MESSAGE][PASSED] - Verify element property value successfully

2023-10-16 14:21:46 - [TEST_STEP][PASSED] - verifyElementPropertyValue(getResponse, "offers[8].groups[0].pricingPlans[0].pricingPlanData[0].currencyLabel", "AED"): Verify element property value successfully

2023-10-16 14:21:46 - [MESSAGE][PASSED] - Verify element property value successfully

2023-10-16 14:21:46 - [TEST_STEP][PASSED] - verifyElementPropertyValue(getResponse, "offers[8].groups[0].pricingPlans[0].pricingPlanData[0].dealId", "BYG_30P_ARE"): Verify element property value successfully

2023-10-16 14:21:46 - [MESSAGE][PASSED] - Verify element property value successfully

2023-10-16 14:21:46 - [TEST_STEP][PASSED] - verifyElementPropertyValue(getResponse, "offers[8].groups[0].pricingPlans[0].pricingPlanData[0].allowedForAcquisition", "true"): Verify element property value successfully

2023-10-16 14:21:46 - [MESSAGE][PASSED] - Verify element property value successfully

2023-10-16 14:21:46 - [TEST_STEP][PASSED] - verifyElementPropertyValue(getResponse, "offers[8].groups[0].pricingPlans[0].pricingPlanData[0].visualElements[0].key", "title"): Verify element property value successfully

2023-10-16 14:21:46 - [MESSAGE][PASSED] - Verify element property value successfully

2023-10-16 14:21:46 - [TEST_STEP][PASSED] - verifyElementPropertyValue(getResponse, "offers[8].groups[0].pricingPlans[0].pricingPlanData[0].visualElements[0].value", "Carte de crédit/débit"): Verify element property value successfully

2023-10-16 14:21:46 - [MESSAGE][PASSED] - Verify element property value successfully

2023-10-16 14:21:46 - [TEST_STEP][PASSED] - verifyElementPropertyValue(getResponse, "offers[8].groups[0].pricingPlans[0].pricingPlanData[0].visualElements[1].key", "CTA_text"): Verify element property value successfully

2023-10-16 14:21:46 - [MESSAGE][PASSED] - Verify element property value successfully

2023-10-16 14:21:46 - [TEST_STEP][PASSED] - verifyElementPropertyValue(getResponse, "offers[8].groups[0].pricingPlans[0].pricingPlanData[0].visualElements[1].value", "S’abonner"): Verify element property value successfully

2023-10-16 14:21:46 - [MESSAGE][PASSED] - Verify element property value successfully

2023-10-16 14:21:46 - [TEST_STEP][PASSED] - verifyElementPropertyValue(getResponse, "offers[8].groups[0].pricingPlans[0].pricingPlanData[0].visualElements[2].key", "logo"): Verify element property value successfully

2023-10-16 14:21:46 - [MESSAGE][PASSED] - Verify element property value successfully

2023-10-16 14:21:46 - [TEST_STEP][PASSED] - verifyElementPropertyValue(getResponse, "offers[8].groups[0].pricingPlans[0].pricingPlanData[0].visualElements[2].value", "https://static.s3.shahid.mbc.net/widget-images/icons/iconCreditCard.png"): Verify element property value successfully

2023-10-16 14:21:46 - [MESSAGE][PASSED] - Verify element property value successfully

2023-10-16 14:21:46 - [TEST_STEP][PASSED] - verifyElementPropertyValue(getResponse, "offers[9].offerId", "byg-40-offer"): Verify element property value successfully

2023-10-16 14:21:46 - [MESSAGE][PASSED] - Verify element property value successfully

2023-10-16 14:21:46 - [TEST_STEP][PASSED] - verifyElementPropertyValue(getResponse, "offers[9].offerParam", "bygoffer40"): Verify element property value successfully

2023-10-16 14:21:46 - [MESSAGE][PASSED] - Verify element property value successfully

2023-10-16 14:21:46 - [TEST_STEP][PASSED] - verifyElementPropertyValue(getResponse, "offers[9].groups[0].pricingPlans[0].featured", "true"): Verify element property value successfully

2023-10-16 14:21:46 - [MESSAGE][PASSED] - Verify element property value successfully

2023-10-16 14:21:46 - [TEST_STEP][PASSED] - verifyElementPropertyValue(getResponse, "offers[9].groups[0].pricingPlans[0].period", "monthly"): Verify element property value successfully

2023-10-16 14:21:46 - [MESSAGE][PASSED] - Verify element property value successfully

2023-10-16 14:21:46 - [TEST_STEP][PASSED] - verifyElementPropertyValue(getResponse, "offers[9].groups[0].pricingPlans[0].featured", "true"): Verify element property value successfully

2023-10-16 14:21:46 - [MESSAGE][PASSED] - Verify element property value successfully

2023-10-16 14:21:46 - [TEST_STEP][PASSED] - verifyElementPropertyValue(getResponse, "offers[9].groups[0].pricingPlans[0].price", "23.99"): Verify element property value successfully

2023-10-16 14:21:46 - [MESSAGE][PASSED] - Verify element property value successfully

2023-10-16 14:21:46 - [TEST_STEP][PASSED] - verifyElementPropertyValue(getResponse, "offers[9].groups[0].pricingPlans[0].currency", "AED"): Verify element property value successfully

2023-10-16 14:21:46 - [MESSAGE][PASSED] - Verify element property value successfully

2023-10-16 14:21:46 - [TEST_STEP][PASSED] - verifyElementPropertyValue(getResponse, "offers[9].groups[0].pricingPlans[0].order", "0"): Verify element property value successfully

2023-10-16 14:21:46 - [MESSAGE][PASSED] - Verify element property value successfully

2023-10-16 14:21:46 - [TEST_STEP][PASSED] - verifyElementPropertyValue(getResponse, "offers[9].groups[0].pricingPlans[0].packageId", "SHAHID_VIP"): Verify element property value successfully

2023-10-16 14:21:46 - [MESSAGE][PASSED] - Verify element property value successfully

2023-10-16 14:21:46 - [TEST_STEP][PASSED] - verifyElementPropertyValue(getResponse, "offers[9].groups[0].pricingPlans[0].catalogId", "VIP"): Verify element property value successfully

2023-10-16 14:21:46 - [MESSAGE][PASSED] - Verify element property value successfully

2023-10-16 14:21:46 - [TEST_STEP][PASSED] - verifyElementPropertyValue(getResponse, "offers[9].groups[0].pricingPlans[0].visualElements[0].key", "Header_1_text"): Verify element property value successfully

2023-10-16 14:21:46 - [MESSAGE][PASSED] - Verify element property value successfully

2023-10-16 14:21:46 - [TEST_STEP][PASSED] - verifyElementPropertyValue(getResponse, "offers[9].groups[0].pricingPlans[0].visualElements[0].value", "Abonnez-vous dès maintenant et profitez de vos programmes sans publicité"): Verify element property value successfully

2023-10-16 14:21:46 - [MESSAGE][PASSED] - Verify element property value successfully

2023-10-16 14:21:46 - [TEST_STEP][PASSED] - verifyElementPropertyValue(getResponse, "offers[9].groups[0].pricingPlans[0].visualElements[1].key", "display_title"): Verify element property value successfully

2023-10-16 14:21:46 - [MESSAGE][PASSED] - Verify element property value successfully

2023-10-16 14:21:46 - [TEST_STEP][PASSED] - verifyElementPropertyValue(getResponse, "offers[9].groups[0].pricingPlans[0].visualElements[1].value", "40% de réduction"): Verify element property value successfully

2023-10-16 14:21:46 - [MESSAGE][PASSED] - Verify element property value successfully

2023-10-16 14:21:46 - [TEST_STEP][PASSED] - verifyElementPropertyValue(getResponse, "offers[9].groups[0].pricingPlans[0].visualElements[3].key", "deduction_text"): Verify element property value successfully

2023-10-16 14:21:46 - [MESSAGE][PASSED] - Verify element property value successfully

2023-10-16 14:21:46 - [TEST_STEP][PASSED] - verifyElementPropertyValue(getResponse, "offers[9].groups[0].pricingPlans[0].visualElements[3].value", "facturation mensuelle"): Verify element property value successfully

2023-10-16 14:21:46 - [MESSAGE][PASSED] - Verify element property value successfully

2023-10-16 14:21:46 - [TEST_STEP][PASSED] - verifyElementPropertyValue(getResponse, "offers[9].groups[0].pricingPlans[0].visualElements[6].key", "show_payment_logo"): Verify element property value successfully

2023-10-16 14:21:46 - [MESSAGE][PASSED] - Verify element property value successfully

2023-10-16 14:21:46 - [TEST_STEP][PASSED] - verifyElementPropertyValue(getResponse, "offers[9].groups[0].pricingPlans[0].visualElements[6].value", "true"): Verify element property value successfully

2023-10-16 14:21:46 - [MESSAGE][PASSED] - Verify element property value successfully

2023-10-16 14:21:46 - [TEST_STEP][PASSED] - verifyElementPropertyValue(getResponse, "offers[9].groups[0].pricingPlans[0].visualElements[8].key", "price"): Verify element property value successfully

2023-10-16 14:21:46 - [MESSAGE][PASSED] - Verify element property value successfully

2023-10-16 14:21:46 - [TEST_STEP][PASSED] - verifyElementPropertyValue(getResponse, "offers[9].groups[0].pricingPlans[0].visualElements[8].value", "23.99"): Verify element property value successfully

2023-10-16 14:21:46 - [MESSAGE][PASSED] - Verify element property value successfully

2023-10-16 14:21:46 - [TEST_STEP][PASSED] - verifyElementPropertyValue(getResponse, "offers[9].groups[0].pricingPlans[0].visualElements[9].key", "currency"): Verify element property value successfully

2023-10-16 14:21:46 - [MESSAGE][PASSED] - Verify element property value successfully

2023-10-16 14:21:46 - [TEST_STEP][PASSED] - verifyElementPropertyValue(getResponse, "offers[9].groups[0].pricingPlans[0].visualElements[9].value", "AED"): Verify element property value successfully

2023-10-16 14:21:46 - [MESSAGE][PASSED] - Verify element property value successfully

2023-10-16 14:21:46 - [TEST_STEP][PASSED] - verifyElementPropertyValue(getResponse, "offers[9].groups[0].pricingPlans[0].visualElements[10].key", "duration"): Verify element property value successfully

2023-10-16 14:21:46 - [MESSAGE][PASSED] - Verify element property value successfully

2023-10-16 14:21:46 - [TEST_STEP][PASSED] - verifyElementPropertyValue(getResponse, "offers[9].groups[0].pricingPlans[0].visualElements[10].value", "Mensuel"): Verify element property value successfully

2023-10-16 14:21:46 - [MESSAGE][PASSED] - Verify element property value successfully

2023-10-16 14:21:46 - [TEST_STEP][PASSED] - verifyElementPropertyValue(getResponse, "offers[9].groups[0].pricingPlans[0].visualElements[11].key", "featured_tag_text"): Verify element property value successfully

2023-10-16 14:21:46 - [MESSAGE][PASSED] - Verify element property value successfully

2023-10-16 14:21:46 - [TEST_STEP][PASSED] - verifyElementPropertyValue(getResponse, "offers[9].groups[0].pricingPlans[0].visualElements[11].value", "Offre limitée"): Verify element property value successfully

2023-10-16 14:21:46 - [MESSAGE][PASSED] - Verify element property value successfully

2023-10-16 14:21:46 - [TEST_STEP][PASSED] - verifyElementPropertyValue(getResponse, "offers[9].groups[0].pricingPlans[0].visualElements[13].key", "tag_text"): Verify element property value successfully

2023-10-16 14:21:46 - [MESSAGE][PASSED] - Verify element property value successfully

2023-10-16 14:21:46 - [TEST_STEP][PASSED] - verifyElementPropertyValue(getResponse, "offers[9].groups[0].pricingPlans[0].visualElements[13].value", "Économisez 40% "): Verify element property value successfully

2023-10-16 14:21:46 - [MESSAGE][PASSED] - Verify element property value successfully

2023-10-16 14:21:46 - [TEST_STEP][PASSED] - verifyElementPropertyValue(getResponse, "offers[9].groups[0].pricingPlans[0].visualElements[12].key", "show_tag"): Verify element property value successfully

2023-10-16 14:21:46 - [MESSAGE][PASSED] - Verify element property value successfully

2023-10-16 14:21:46 - [TEST_STEP][PASSED] - verifyElementPropertyValue(getResponse, "offers[9].groups[0].pricingPlans[0].visualElements[12].value", "true"): Verify element property value successfully

2023-10-16 14:21:46 - [MESSAGE][PASSED] - Verify element property value successfully

2023-10-16 14:21:46 - [TEST_STEP][PASSED] - verifyElementPropertyValue(getResponse, "offers[9].groups[0].pricingPlans[0].pricingPlanData[0].productId", "UAE_B2C_SHAHID_VIP_1M"): Verify element property value successfully

2023-10-16 14:21:46 - [MESSAGE][PASSED] - Verify element property value successfully

2023-10-16 14:21:46 - [TEST_STEP][PASSED] - verifyElementPropertyValue(getResponse, "offers[9].groups[0].pricingPlans[0].pricingPlanData[0].paymentMethod", "CREDIT_CARD"): Verify element property value successfully

2023-10-16 14:21:46 - [MESSAGE][PASSED] - Verify element property value successfully

2023-10-16 14:21:46 - [TEST_STEP][PASSED] - verifyElementPropertyValue(getResponse, "offers[9].groups[0].pricingPlans[0].pricingPlanData[0].freeTrialEnabled", "false"): Verify element property value successfully

2023-10-16 14:21:46 - [MESSAGE][PASSED] - Verify element property value successfully

2023-10-16 14:21:46 - [TEST_STEP][PASSED] - verifyElementPropertyValue(getResponse, "offers[9].groups[0].pricingPlans[0].pricingPlanData[0].showIn[0]", "VERTICAL_MODE"): Verify element property value successfully

2023-10-16 14:21:46 - [MESSAGE][PASSED] - Verify element property value successfully

2023-10-16 14:21:46 - [TEST_STEP][PASSED] - verifyElementPropertyValue(getResponse, "offers[9].groups[0].pricingPlans[0].pricingPlanData[0].showIn[1]", "HORIZONTAL_MODE"): Verify element property value successfully

2023-10-16 14:21:46 - [MESSAGE][PASSED] - Verify element property value successfully

2023-10-16 14:21:46 - [TEST_STEP][PASSED] - verifyElementPropertyValue(getResponse, "offers[9].groups[0].pricingPlans[0].pricingPlanData[0].priceLabel", "23.99"): Verify element property value successfully

2023-10-16 14:21:46 - [MESSAGE][PASSED] - Verify element property value successfully

2023-10-16 14:21:46 - [TEST_STEP][PASSED] - verifyElementPropertyValue(getResponse, "offers[9].groups[0].pricingPlans[0].pricingPlanData[0].currencyLabel", "AED"): Verify element property value successfully

2023-10-16 14:21:46 - [MESSAGE][PASSED] - Verify element property value successfully

2023-10-16 14:21:46 - [TEST_STEP][PASSED] - verifyElementPropertyValue(getResponse, "offers[9].groups[0].pricingPlans[0].pricingPlanData[0].dealId", "BYG_40P_ARE"): Verify element property value successfully

2023-10-16 14:21:46 - [MESSAGE][PASSED] - Verify element property value successfully

2023-10-16 14:21:46 - [TEST_STEP][PASSED] - verifyElementPropertyValue(getResponse, "offers[9].groups[0].pricingPlans[0].pricingPlanData[0].allowedForAcquisition", "true"): Verify element property value successfully

2023-10-16 14:21:46 - [MESSAGE][PASSED] - Verify element property value successfully

2023-10-16 14:21:46 - [TEST_STEP][PASSED] - verifyElementPropertyValue(getResponse, "offers[9].groups[0].pricingPlans[0].pricingPlanData[0].visualElements[0].key", "title"): Verify element property value successfully

2023-10-16 14:21:46 - [MESSAGE][PASSED] - Verify element property value successfully

2023-10-16 14:21:46 - [TEST_STEP][PASSED] - verifyElementPropertyValue(getResponse, "offers[9].groups[0].pricingPlans[0].pricingPlanData[0].visualElements[0].value", "Carte de crédit/débit"): Verify element property value successfully

2023-10-16 14:21:46 - [MESSAGE][PASSED] - Verify element property value successfully

2023-10-16 14:21:46 - [TEST_STEP][PASSED] - verifyElementPropertyValue(getResponse, "offers[9].groups[0].pricingPlans[0].pricingPlanData[0].visualElements[1].key", "CTA_text"): Verify element property value successfully

2023-10-16 14:21:46 - [MESSAGE][PASSED] - Verify element property value successfully

2023-10-16 14:21:46 - [TEST_STEP][PASSED] - verifyElementPropertyValue(getResponse, "offers[9].groups[0].pricingPlans[0].pricingPlanData[0].visualElements[1].value", "S’abonner"): Verify element property value successfully

2023-10-16 14:21:46 - [MESSAGE][PASSED] - Verify element property value successfully

2023-10-16 14:21:46 - [TEST_STEP][PASSED] - verifyElementPropertyValue(getResponse, "offers[9].groups[0].pricingPlans[0].pricingPlanData[0].visualElements[2].key", "logo"): Verify element property value successfully

2023-10-16 14:21:46 - [MESSAGE][PASSED] - Verify element property value successfully

2023-10-16 14:21:46 - [TEST_STEP][PASSED] - verifyElementPropertyValue(getResponse, "offers[9].groups[0].pricingPlans[0].pricingPlanData[0].visualElements[2].value", "https://static.s3.shahid.mbc.net/widget-images/icons/iconCreditCard.png"): Verify element property value successfully

2023-10-16 14:21:46 - [MESSAGE][PASSED] - Verify element property value successfully

2023-10-16 14:21:46 - [TEST_STEP][PASSED] - verifyElementPropertyValue(getResponse, "offers[10].offerId", "byg-50-offer"): Verify element property value successfully

2023-10-16 14:21:46 - [MESSAGE][PASSED] - Verify element property value successfully

2023-10-16 14:21:46 - [TEST_STEP][PASSED] - verifyElementPropertyValue(getResponse, "offers[10].offerParam", "bygoffer50"): Verify element property value successfully

2023-10-16 14:21:46 - [MESSAGE][PASSED] - Verify element property value successfully

2023-10-16 14:21:46 - [TEST_STEP][PASSED] - verifyElementPropertyValue(getResponse, "offers[10].groups[0].pricingPlans[0].featured", "true"): Verify element property value successfully

2023-10-16 14:21:46 - [MESSAGE][PASSED] - Verify element property value successfully

2023-10-16 14:21:46 - [TEST_STEP][PASSED] - verifyElementPropertyValue(getResponse, "offers[10].groups[0].pricingPlans[0].period", "monthly"): Verify element property value successfully

2023-10-16 14:21:46 - [MESSAGE][PASSED] - Verify element property value successfully

2023-10-16 14:21:46 - [TEST_STEP][PASSED] - verifyElementPropertyValue(getResponse, "offers[10].groups[0].pricingPlans[0].featured", "true"): Verify element property value successfully

2023-10-16 14:21:46 - [MESSAGE][PASSED] - Verify element property value successfully

2023-10-16 14:21:46 - [TEST_STEP][PASSED] - verifyElementPropertyValue(getResponse, "offers[10].groups[0].pricingPlans[0].price", "19.99"): Verify element property value successfully

2023-10-16 14:21:46 - [MESSAGE][PASSED] - Verify element property value successfully

2023-10-16 14:21:46 - [TEST_STEP][PASSED] - verifyElementPropertyValue(getResponse, "offers[10].groups[0].pricingPlans[0].currency", "AED"): Verify element property value successfully

2023-10-16 14:21:46 - [MESSAGE][PASSED] - Verify element property value successfully

2023-10-16 14:21:46 - [TEST_STEP][PASSED] - verifyElementPropertyValue(getResponse, "offers[10].groups[0].pricingPlans[0].order", "0"): Verify element property value successfully

2023-10-16 14:21:46 - [MESSAGE][PASSED] - Verify element property value successfully

2023-10-16 14:21:46 - [TEST_STEP][PASSED] - verifyElementPropertyValue(getResponse, "offers[10].groups[0].pricingPlans[0].packageId", "SHAHID_VIP"): Verify element property value successfully

2023-10-16 14:21:46 - [MESSAGE][PASSED] - Verify element property value successfully

2023-10-16 14:21:46 - [TEST_STEP][PASSED] - verifyElementPropertyValue(getResponse, "offers[10].groups[0].pricingPlans[0].catalogId", "VIP"): Verify element property value successfully

2023-10-16 14:21:46 - [MESSAGE][PASSED] - Verify element property value successfully

2023-10-16 14:21:46 - [TEST_STEP][PASSED] - verifyElementPropertyValue(getResponse, "offers[10].groups[0].pricingPlans[0].visualElements[0].key", "Header_1_text"): Verify element property value successfully

2023-10-16 14:21:46 - [MESSAGE][PASSED] - Verify element property value successfully

2023-10-16 14:21:46 - [TEST_STEP][PASSED] - verifyElementPropertyValue(getResponse, "offers[10].groups[0].pricingPlans[0].visualElements[0].value", "Abonnez-vous dès maintenant et profitez de vos programmes sans publicité"): Verify element property value successfully

2023-10-16 14:21:46 - [MESSAGE][PASSED] - Verify element property value successfully

2023-10-16 14:21:46 - [TEST_STEP][PASSED] - verifyElementPropertyValue(getResponse, "offers[10].groups[0].pricingPlans[0].visualElements[1].key", "display_title"): Verify element property value successfully

2023-10-16 14:21:46 - [MESSAGE][PASSED] - Verify element property value successfully

2023-10-16 14:21:46 - [TEST_STEP][PASSED] - verifyElementPropertyValue(getResponse, "offers[10].groups[0].pricingPlans[0].visualElements[1].value", "50% de réduction"): Verify element property value successfully

2023-10-16 14:21:46 - [MESSAGE][PASSED] - Verify element property value successfully

2023-10-16 14:21:46 - [TEST_STEP][PASSED] - verifyElementPropertyValue(getResponse, "offers[10].groups[0].pricingPlans[0].visualElements[3].key", "deduction_text"): Verify element property value successfully

2023-10-16 14:21:46 - [MESSAGE][PASSED] - Verify element property value successfully

2023-10-16 14:21:46 - [TEST_STEP][PASSED] - verifyElementPropertyValue(getResponse, "offers[10].groups[0].pricingPlans[0].visualElements[3].value", "facturation mensuelle"): Verify element property value successfully

2023-10-16 14:21:46 - [MESSAGE][PASSED] - Verify element property value successfully

2023-10-16 14:21:46 - [TEST_STEP][PASSED] - verifyElementPropertyValue(getResponse, "offers[10].groups[0].pricingPlans[0].visualElements[6].key", "show_payment_logo"): Verify element property value successfully

2023-10-16 14:21:46 - [MESSAGE][PASSED] - Verify element property value successfully

2023-10-16 14:21:46 - [TEST_STEP][PASSED] - verifyElementPropertyValue(getResponse, "offers[10].groups[0].pricingPlans[0].visualElements[6].value", "true"): Verify element property value successfully

2023-10-16 14:21:46 - [MESSAGE][PASSED] - Verify element property value successfully

2023-10-16 14:21:46 - [TEST_STEP][PASSED] - verifyElementPropertyValue(getResponse, "offers[10].groups[0].pricingPlans[0].visualElements[8].key", "price"): Verify element property value successfully

2023-10-16 14:21:46 - [MESSAGE][PASSED] - Verify element property value successfully

2023-10-16 14:21:46 - [TEST_STEP][PASSED] - verifyElementPropertyValue(getResponse, "offers[10].groups[0].pricingPlans[0].visualElements[8].value", "19.99"): Verify element property value successfully

2023-10-16 14:21:46 - [MESSAGE][PASSED] - Verify element property value successfully

2023-10-16 14:21:46 - [TEST_STEP][PASSED] - verifyElementPropertyValue(getResponse, "offers[10].groups[0].pricingPlans[0].visualElements[9].key", "currency"): Verify element property value successfully

2023-10-16 14:21:46 - [MESSAGE][PASSED] - Verify element property value successfully

2023-10-16 14:21:46 - [TEST_STEP][PASSED] - verifyElementPropertyValue(getResponse, "offers[10].groups[0].pricingPlans[0].visualElements[9].value", "AED"): Verify element property value successfully

2023-10-16 14:21:46 - [MESSAGE][PASSED] - Verify element property value successfully

2023-10-16 14:21:46 - [TEST_STEP][PASSED] - verifyElementPropertyValue(getResponse, "offers[10].groups[0].pricingPlans[0].visualElements[10].key", "duration"): Verify element property value successfully

2023-10-16 14:21:46 - [MESSAGE][PASSED] - Verify element property value successfully

2023-10-16 14:21:46 - [TEST_STEP][PASSED] - verifyElementPropertyValue(getResponse, "offers[10].groups[0].pricingPlans[0].visualElements[10].value", "Mensuel"): Verify element property value successfully

2023-10-16 14:21:46 - [MESSAGE][PASSED] - Verify element property value successfully

2023-10-16 14:21:46 - [TEST_STEP][PASSED] - verifyElementPropertyValue(getResponse, "offers[10].groups[0].pricingPlans[0].visualElements[11].key", "featured_tag_text"): Verify element property value successfully

2023-10-16 14:21:46 - [MESSAGE][PASSED] - Verify element property value successfully

2023-10-16 14:21:46 - [TEST_STEP][PASSED] - verifyElementPropertyValue(getResponse, "offers[10].groups[0].pricingPlans[0].visualElements[11].value", "Offre limitée"): Verify element property value successfully

2023-10-16 14:21:46 - [MESSAGE][PASSED] - Verify element property value successfully

2023-10-16 14:21:46 - [TEST_STEP][PASSED] - verifyElementPropertyValue(getResponse, "offers[10].groups[0].pricingPlans[0].visualElements[13].key", "tag_text"): Verify element property value successfully

2023-10-16 14:21:46 - [MESSAGE][PASSED] - Verify element property value successfully

2023-10-16 14:21:46 - [TEST_STEP][PASSED] - verifyElementPropertyValue(getResponse, "offers[10].groups[0].pricingPlans[0].visualElements[13].value", "Économisez 50% "): Verify element property value successfully

2023-10-16 14:21:47 - [MESSAGE][PASSED] - Verify element property value successfully

2023-10-16 14:21:47 - [TEST_STEP][PASSED] - verifyElementPropertyValue(getResponse, "offers[10].groups[0].pricingPlans[0].visualElements[12].key", "show_tag"): Verify element property value successfully

2023-10-16 14:21:47 - [MESSAGE][PASSED] - Verify element property value successfully

2023-10-16 14:21:47 - [TEST_STEP][PASSED] - verifyElementPropertyValue(getResponse, "offers[10].groups[0].pricingPlans[0].visualElements[12].value", "true"): Verify element property value successfully

2023-10-16 14:21:47 - [MESSAGE][PASSED] - Verify element property value successfully

2023-10-16 14:21:47 - [TEST_STEP][PASSED] - verifyElementPropertyValue(getResponse, "offers[10].groups[0].pricingPlans[0].pricingPlanData[0].productId", "UAE_B2C_SHAHID_VIP_1M"): Verify element property value successfully

2023-10-16 14:21:47 - [MESSAGE][PASSED] - Verify element property value successfully

2023-10-16 14:21:47 - [TEST_STEP][PASSED] - verifyElementPropertyValue(getResponse, "offers[10].groups[0].pricingPlans[0].pricingPlanData[0].paymentMethod", "CREDIT_CARD"): Verify element property value successfully

2023-10-16 14:21:47 - [MESSAGE][PASSED] - Verify element property value successfully

2023-10-16 14:21:47 - [TEST_STEP][PASSED] - verifyElementPropertyValue(getResponse, "offers[10].groups[0].pricingPlans[0].pricingPlanData[0].freeTrialEnabled", "false"): Verify element property value successfully

2023-10-16 14:21:47 - [MESSAGE][PASSED] - Verify element property value successfully

2023-10-16 14:21:47 - [TEST_STEP][PASSED] - verifyElementPropertyValue(getResponse, "offers[10].groups[0].pricingPlans[0].pricingPlanData[0].showIn[0]", "VERTICAL_MODE"): Verify element property value successfully

2023-10-16 14:21:47 - [MESSAGE][PASSED] - Verify element property value successfully

2023-10-16 14:21:47 - [TEST_STEP][PASSED] - verifyElementPropertyValue(getResponse, "offers[10].groups[0].pricingPlans[0].pricingPlanData[0].showIn[1]", "HORIZONTAL_MODE"): Verify element property value successfully

2023-10-16 14:21:47 - [MESSAGE][PASSED] - Verify element property value successfully

2023-10-16 14:21:47 - [TEST_STEP][PASSED] - verifyElementPropertyValue(getResponse, "offers[10].groups[0].pricingPlans[0].pricingPlanData[0].priceLabel", "19.99"): Verify element property value successfully

2023-10-16 14:21:47 - [MESSAGE][PASSED] - Verify element property value successfully

2023-10-16 14:21:47 - [TEST_STEP][PASSED] - verifyElementPropertyValue(getResponse, "offers[10].groups[0].pricingPlans[0].pricingPlanData[0].currencyLabel", "AED"): Verify element property value successfully

2023-10-16 14:21:47 - [MESSAGE][PASSED] - Verify element property value successfully

2023-10-16 14:21:47 - [TEST_STEP][PASSED] - verifyElementPropertyValue(getResponse, "offers[10].groups[0].pricingPlans[0].pricingPlanData[0].dealId", "BYG_50P_ARE"): Verify element property value successfully

2023-10-16 14:21:47 - [MESSAGE][PASSED] - Verify element property value successfully

2023-10-16 14:21:47 - [TEST_STEP][PASSED] - verifyElementPropertyValue(getResponse, "offers[10].groups[0].pricingPlans[0].pricingPlanData[0].allowedForAcquisition", "true"): Verify element property value successfully

2023-10-16 14:21:47 - [MESSAGE][PASSED] - Verify element property value successfully

2023-10-16 14:21:47 - [TEST_STEP][PASSED] - verifyElementPropertyValue(getResponse, "offers[10].groups[0].pricingPlans[0].pricingPlanData[0].visualElements[0].key", "title"): Verify element property value successfully

2023-10-16 14:21:47 - [MESSAGE][PASSED] - Verify element property value successfully

2023-10-16 14:21:47 - [TEST_STEP][PASSED] - verifyElementPropertyValue(getResponse, "offers[10].groups[0].pricingPlans[0].pricingPlanData[0].visualElements[0].value", "Carte de crédit/débit"): Verify element property value successfully

2023-10-16 14:21:47 - [MESSAGE][PASSED] - Verify element property value successfully

2023-10-16 14:21:47 - [TEST_STEP][PASSED] - verifyElementPropertyValue(getResponse, "offers[10].groups[0].pricingPlans[0].pricingPlanData[0].visualElements[1].key", "CTA_text"): Verify element property value successfully

2023-10-16 14:21:47 - [MESSAGE][PASSED] - Verify element property value successfully

2023-10-16 14:21:47 - [TEST_STEP][PASSED] - verifyElementPropertyValue(getResponse, "offers[10].groups[0].pricingPlans[0].pricingPlanData[0].visualElements[1].value", "S’abonner"): Verify element property value successfully

2023-10-16 14:21:47 - [MESSAGE][PASSED] - Verify element property value successfully

2023-10-16 14:21:47 - [TEST_STEP][PASSED] - verifyElementPropertyValue(getResponse, "offers[10].groups[0].pricingPlans[0].pricingPlanData[0].visualElements[2].key", "logo"): Verify element property value successfully

2023-10-16 14:21:47 - [MESSAGE][PASSED] - Verify element property value successfully

2023-10-16 14:21:47 - [TEST_STEP][PASSED] - verifyElementPropertyValue(getResponse, "offers[10].groups[0].pricingPlans[0].pricingPlanData[0].visualElements[2].value", "https://static.s3.shahid.mbc.net/widget-images/icons/iconCreditCard.png"): Verify element property value successfully

2023-10-16 14:21:47 - [MESSAGE][PASSED] - Verify element property value successfully]]></system-out>
         <system-err><![CDATA[2023-10-16 14:21:42 - [TEST_CASE][FAILED] - Test Cases/WEB - CHROME/ARE PI/WEB_FR_getOffersForARE_VIP: Test Cases/WEB - CHROME/ARE PI/WEB_FR_getOffersForARE_VIP FAILED.
Reason:
com.kms.katalon.core.exception.StepFailedException: Expected element property value 'S’abonner' is not equal with actual property value 'S'abonner'
	at com.kms.katalon.core.keyword.internal.KeywordMain.stepFailed(KeywordMain.groovy:39)
	at com.kms.katalon.core.webservice.keyword.builtin.VerifyElementPropertyValueKeyword$_verifyElementPropertyValue_closure1.doCall(VerifyElementPropertyValueKeyword.groovy:56)
	at com.kms.katalon.core.webservice.keyword.builtin.VerifyElementPropertyValueKeyword$_verifyElementPropertyValue_closure1.call(VerifyElementPropertyValueKeyword.groovy)
	at com.kms.katalon.core.keyword.internal.KeywordMain.runKeyword(KeywordMain.groovy:75)
	at com.kms.katalon.core.webservice.keyword.builtin.VerifyElementPropertyValueKeyword.verifyElementPropertyValue(VerifyElementPropertyValueKeyword.groovy:48)
	at com.kms.katalon.core.webservice.keyword.builtin.VerifyElementPropertyValueKeyword.execute(VerifyElementPropertyValueKeyword.groovy:43)
	at com.kms.katalon.core.keyword.internal.KeywordExecutor.executeKeywordForPlatform(KeywordExecutor.groovy:74)
	at com.kms.katalon.core.webservice.keyword.WSBuiltInKeywords.verifyElementPropertyValue(WSBuiltInKeywords.groovy:190)
	at com.kms.katalon.core.webservice.keyword.WSBuiltInKeywords$verifyElementPropertyValue$1.call(Unknown Source)
	at WEB_FR_getOffersForARE_VIP.run(WEB_FR_getOffersForARE_VIP:76)
	at com.kms.katalon.core.main.ScriptEngine.run(ScriptEngine.java:194)
	at com.kms.katalon.core.main.ScriptEngine.runScriptAsRawText(ScriptEngine.java:119)
	at com.kms.katalon.core.main.TestCaseExecutor.runScript(TestCaseExecutor.java:448)
	at com.kms.katalon.core.main.TestCaseExecutor.doExecute(TestCaseExecutor.java:439)
	at com.kms.katalon.core.main.TestCaseExecutor.processExecutionPhase(TestCaseExecutor.java:418)
	at com.kms.katalon.core.main.TestCaseExecutor.accessMainPhase(TestCaseExecutor.java:410)
	at com.kms.katalon.core.main.TestCaseExecutor.execute(TestCaseExecutor.java:285)
	at com.kms.katalon.core.common.CommonExecutor.accessTestCaseMainPhase(CommonExecutor.java:65)
	at com.kms.katalon.core.main.TestSuiteExecutor.accessTestSuiteMainPhase(TestSuiteExecutor.java:148)
	at com.kms.katalon.core.main.TestSuiteExecutor.execute(TestSuiteExecutor.java:106)
	at com.kms.katalon.core.main.TestCaseMain.startTestSuite(TestCaseMain.java:187)
	at com.kms.katalon.core.main.TestCaseMain$startTestSuite$0.call(Unknown Source)
	at TempTestSuite1697454225698.run(TempTestSuite1697454225698.groovy:36)]]></system-err>
      </testcase>
      <system-out><![CDATA[2023-10-16 14:21:10 - [TEST_SUITE][FAILED] - ARE: Test Cases/WEB - CHROME/ARE PI/WEB_FR_getSubscriptionConfigForARE_GEA FAILED.
Reason:
com.kms.katalon.core.exception.StepFailedException: Expected element property value 'Plan Annuel ' is not equal with actual property value 'Plan Annuel ​'
	at com.kms.katalon.core.keyword.internal.KeywordMain.stepFailed(KeywordMain.groovy:39)
	at com.kms.katalon.core.webservice.keyword.builtin.VerifyElementPropertyValueKeyword$_verifyElementPropertyValue_closure1.doCall(VerifyElementPropertyValueKeyword.groovy:56)
	at com.kms.katalon.core.webservice.keyword.builtin.VerifyElementPropertyValueKeyword$_verifyElementPropertyValue_closure1.call(VerifyElementPropertyValueKeyword.groovy)
	at com.kms.katalon.core.keyword.internal.KeywordMain.runKeyword(KeywordMain.groovy:75)
	at com.kms.katalon.core.webservice.keyword.builtin.VerifyElementPropertyValueKeyword.verifyElementPropertyValue(VerifyElementPropertyValueKeyword.groovy:48)
	at com.kms.katalon.core.webservice.keyword.builtin.VerifyElementPropertyValueKeyword.execute(VerifyElementPropertyValueKeyword.groovy:43)
	at com.kms.katalon.core.keyword.internal.KeywordExecutor.executeKeywordForPlatform(KeywordExecutor.groovy:74)
	at com.kms.katalon.core.webservice.keyword.WSBuiltInKeywords.verifyElementPropertyValue(WSBuiltInKeywords.groovy:190)
	at com.kms.katalon.core.webservice.keyword.WSBuiltInKeywords$verifyElementPropertyValue$1.call(Unknown Source)
	at WEB_FR_getSubscriptionConfigForARE_GEA.run(WEB_FR_getSubscriptionConfigForARE_GEA:99)
	at com.kms.katalon.core.main.ScriptEngine.run(ScriptEngine.java:194)
	at com.kms.katalon.core.main.ScriptEngine.runScriptAsRawText(ScriptEngine.java:119)
	at com.kms.katalon.core.main.TestCaseExecutor.runScript(TestCaseExecutor.java:448)
	at com.kms.katalon.core.main.TestCaseExecutor.doExecute(TestCaseExecutor.java:439)
	at com.kms.katalon.core.main.TestCaseExecutor.processExecutionPhase(TestCaseExecutor.java:418)
	at com.kms.katalon.core.main.TestCaseExecutor.accessMainPhase(TestCaseExecutor.java:410)
	at com.kms.katalon.core.main.TestCaseExecutor.execute(TestCaseExecutor.java:285)
	at com.kms.katalon.core.common.CommonExecutor.accessTestCaseMainPhase(CommonExecutor.java:65)
	at com.kms.katalon.core.main.TestSuiteExecutor.accessTestSuiteMainPhase(TestSuiteExecutor.java:148)
	at com.kms.katalon.core.main.TestSuiteExecutor.execute(TestSuiteExecutor.java:106)
	at com.kms.katalon.core.main.TestCaseMain.startTestSuite(TestCaseMain.java:187)
	at com.kms.katalon.core.main.TestCaseMain$startTestSuite$0.call(Unknown Source)
	at TempTestSuite1697454225698.run(TempTestSuite1697454225698.groovy:36)]]></system-out>
      <system-err><![CDATA[2023-10-16 14:21:10 - [TEST_SUITE][FAILED] - ARE: Test Cases/WEB - CHROME/ARE PI/WEB_FR_getSubscriptionConfigForARE_GEA FAILED.
Reason:
com.kms.katalon.core.exception.StepFailedException: Expected element property value 'Plan Annuel ' is not equal with actual property value 'Plan Annuel ​'
	at com.kms.katalon.core.keyword.internal.KeywordMain.stepFailed(KeywordMain.groovy:39)
	at com.kms.katalon.core.webservice.keyword.builtin.VerifyElementPropertyValueKeyword$_verifyElementPropertyValue_closure1.doCall(VerifyElementPropertyValueKeyword.groovy:56)
	at com.kms.katalon.core.webservice.keyword.builtin.VerifyElementPropertyValueKeyword$_verifyElementPropertyValue_closure1.call(VerifyElementPropertyValueKeyword.groovy)
	at com.kms.katalon.core.keyword.internal.KeywordMain.runKeyword(KeywordMain.groovy:75)
	at com.kms.katalon.core.webservice.keyword.builtin.VerifyElementPropertyValueKeyword.verifyElementPropertyValue(VerifyElementPropertyValueKeyword.groovy:48)
	at com.kms.katalon.core.webservice.keyword.builtin.VerifyElementPropertyValueKeyword.execute(VerifyElementPropertyValueKeyword.groovy:43)
	at com.kms.katalon.core.keyword.internal.KeywordExecutor.executeKeywordForPlatform(KeywordExecutor.groovy:74)
	at com.kms.katalon.core.webservice.keyword.WSBuiltInKeywords.verifyElementPropertyValue(WSBuiltInKeywords.groovy:190)
	at com.kms.katalon.core.webservice.keyword.WSBuiltInKeywords$verifyElementPropertyValue$1.call(Unknown Source)
	at WEB_FR_getSubscriptionConfigForARE_GEA.run(WEB_FR_getSubscriptionConfigForARE_GEA:99)
	at com.kms.katalon.core.main.ScriptEngine.run(ScriptEngine.java:194)
	at com.kms.katalon.core.main.ScriptEngine.runScriptAsRawText(ScriptEngine.java:119)
	at com.kms.katalon.core.main.TestCaseExecutor.runScript(TestCaseExecutor.java:448)
	at com.kms.katalon.core.main.TestCaseExecutor.doExecute(TestCaseExecutor.java:439)
	at com.kms.katalon.core.main.TestCaseExecutor.processExecutionPhase(TestCaseExecutor.java:418)
	at com.kms.katalon.core.main.TestCaseExecutor.accessMainPhase(TestCaseExecutor.java:410)
	at com.kms.katalon.core.main.TestCaseExecutor.execute(TestCaseExecutor.java:285)
	at com.kms.katalon.core.common.CommonExecutor.accessTestCaseMainPhase(CommonExecutor.java:65)
	at com.kms.katalon.core.main.TestSuiteExecutor.accessTestSuiteMainPhase(TestSuiteExecutor.java:148)
	at com.kms.katalon.core.main.TestSuiteExecutor.execute(TestSuiteExecutor.java:106)
	at com.kms.katalon.core.main.TestCaseMain.startTestSuite(TestCaseMain.java:187)
	at com.kms.katalon.core.main.TestCaseMain$startTestSuite$0.call(Unknown Source)
	at TempTestSuite1697454225698.run(TempTestSuite1697454225698.groovy:36)]]></system-err>
   </testsuite>
</testsuites>
