<?xml version="1.0" encoding="UTF-8"?>
<testsuites name="TUN" time="35.342" tests="10" failures="4" errors="0">
   <testsuite name="TUN" tests="10" failures="4" errors="0" time="35.342" skipped="0" timestamp="2023-10-16 14:20:18" hostname="admin - 10.109.12.148" id="Test Suites/WEB/TUN">
      <properties>
         <property name="deviceName" value=""/>
         <property name="devicePlatform" value=""/>
         <property name="logFolder" value="/Users/admin/git/shahid-configuration/Reports/20231016_140310/WEB/TUN/20231016_140343"/>
         <property name="logFiles" value="/Users/admin/git/shahid-configuration/Reports/20231016_140310/WEB/TUN/20231016_140343/execution0.log"/>
         <property name="attachments" value=""/>
         <property name="hostName" value="admin - 10.109.12.148"/>
         <property name="hostAddress" value="10.109.12.148"/>
         <property name="os" value="Mac OS X 64bit"/>
         <property name="katalonVersion" value="8.6.6.208"/>
      </properties>
      <testcase name="Test Cases/WEB - CHROME/TUN PI/WEB_EN_getSubscriptionConfigForTUN_MO" time="3.411" classname="Test Cases/WEB - CHROME/TUN PI/WEB_EN_getSubscriptionConfigForTUN_MO" status="FAILED">
         <failure type="FAILED" message="Test Cases/WEB - CHROME/TUN PI/WEB_EN_getSubscriptionConfigForTUN_MO FAILED.
Reason:
com.kms.katalon.core.exception.StepFailedException: Expected element property value 'Other Payment Methods' is not equal with actual property value 'Other payment methods'
	at com.kms.katalon.core.keyword.internal.KeywordMain.stepFailed(KeywordMain.groovy:39)
	at com.kms.katalon.core.webservice.keyword.builtin.VerifyElementPropertyValueKeyword$_verifyElementPropertyValue_closure1.doCall(VerifyElementPropertyValueKeyword.groovy:56)
	at com.kms.katalon.core.webservice.keyword.builtin.VerifyElementPropertyValueKeyword$_verifyElementPropertyValue_closure1.call(VerifyElementPropertyValueKeyword.groovy)
	at com.kms.katalon.core.keyword.internal.KeywordMain.runKeyword(KeywordMain.groovy:75)
	at com.kms.katalon.core.webservice.keyword.builtin.VerifyElementPropertyValueKeyword.verifyElementPropertyValue(VerifyElementPropertyValueKeyword.groovy:48)
	at com.kms.katalon.core.webservice.keyword.builtin.VerifyElementPropertyValueKeyword.execute(VerifyElementPropertyValueKeyword.groovy:43)
	at com.kms.katalon.core.keyword.internal.KeywordExecutor.executeKeywordForPlatform(KeywordExecutor.groovy:74)
	at com.kms.katalon.core.webservice.keyword.WSBuiltInKeywords.verifyElementPropertyValue(WSBuiltInKeywords.groovy:190)
	at com.kms.katalon.core.webservice.keyword.WSBuiltInKeywords$verifyElementPropertyValue$1.call(Unknown Source)
	at WEB_EN_getSubscriptionConfigForTUN_MO.run(WEB_EN_getSubscriptionConfigForTUN_MO:140)
	at com.kms.katalon.core.main.ScriptEngine.run(ScriptEngine.java:194)
	at com.kms.katalon.core.main.ScriptEngine.runScriptAsRawText(ScriptEngine.java:119)
	at com.kms.katalon.core.main.TestCaseExecutor.runScript(TestCaseExecutor.java:448)
	at com.kms.katalon.core.main.TestCaseExecutor.doExecute(TestCaseExecutor.java:439)
	at com.kms.katalon.core.main.TestCaseExecutor.processExecutionPhase(TestCaseExecutor.java:418)
	at com.kms.katalon.core.main.TestCaseExecutor.accessMainPhase(TestCaseExecutor.java:410)
	at com.kms.katalon.core.main.TestCaseExecutor.execute(TestCaseExecutor.java:285)
	at com.kms.katalon.core.common.CommonExecutor.accessTestCaseMainPhase(CommonExecutor.java:65)
	at com.kms.katalon.core.main.TestSuiteExecutor.accessTestSuiteMainPhase(TestSuiteExecutor.java:148)
	at com.kms.katalon.core.main.TestSuiteExecutor.execute(TestSuiteExecutor.java:106)
	at com.kms.katalon.core.main.TestCaseMain.startTestSuite(TestCaseMain.java:187)
	at com.kms.katalon.core.main.TestCaseMain$startTestSuite$0.call(Unknown Source)
	at TempTestSuite1697454223353.run(TempTestSuite1697454223353.groovy:36)
"/>
         <system-out><![CDATA[2023-10-16 14:20:18 - [TEST_CASE][FAILED] - Test Cases/WEB - CHROME/TUN PI/WEB_EN_getSubscriptionConfigForTUN_MO: Test Cases/WEB - CHROME/TUN PI/WEB_EN_getSubscriptionConfigForTUN_MO FAILED.
Reason:
com.kms.katalon.core.exception.StepFailedException: Expected element property value 'Other Payment Methods' is not equal with actual property value 'Other payment methods'
	at com.kms.katalon.core.keyword.internal.KeywordMain.stepFailed(KeywordMain.groovy:39)
	at com.kms.katalon.core.webservice.keyword.builtin.VerifyElementPropertyValueKeyword$_verifyElementPropertyValue_closure1.doCall(VerifyElementPropertyValueKeyword.groovy:56)
	at com.kms.katalon.core.webservice.keyword.builtin.VerifyElementPropertyValueKeyword$_verifyElementPropertyValue_closure1.call(VerifyElementPropertyValueKeyword.groovy)
	at com.kms.katalon.core.keyword.internal.KeywordMain.runKeyword(KeywordMain.groovy:75)
	at com.kms.katalon.core.webservice.keyword.builtin.VerifyElementPropertyValueKeyword.verifyElementPropertyValue(VerifyElementPropertyValueKeyword.groovy:48)
	at com.kms.katalon.core.webservice.keyword.builtin.VerifyElementPropertyValueKeyword.execute(VerifyElementPropertyValueKeyword.groovy:43)
	at com.kms.katalon.core.keyword.internal.KeywordExecutor.executeKeywordForPlatform(KeywordExecutor.groovy:74)
	at com.kms.katalon.core.webservice.keyword.WSBuiltInKeywords.verifyElementPropertyValue(WSBuiltInKeywords.groovy:190)
	at com.kms.katalon.core.webservice.keyword.WSBuiltInKeywords$verifyElementPropertyValue$1.call(Unknown Source)
	at WEB_EN_getSubscriptionConfigForTUN_MO.run(WEB_EN_getSubscriptionConfigForTUN_MO:140)
	at com.kms.katalon.core.main.ScriptEngine.run(ScriptEngine.java:194)
	at com.kms.katalon.core.main.ScriptEngine.runScriptAsRawText(ScriptEngine.java:119)
	at com.kms.katalon.core.main.TestCaseExecutor.runScript(TestCaseExecutor.java:448)
	at com.kms.katalon.core.main.TestCaseExecutor.doExecute(TestCaseExecutor.java:439)
	at com.kms.katalon.core.main.TestCaseExecutor.processExecutionPhase(TestCaseExecutor.java:418)
	at com.kms.katalon.core.main.TestCaseExecutor.accessMainPhase(TestCaseExecutor.java:410)
	at com.kms.katalon.core.main.TestCaseExecutor.execute(TestCaseExecutor.java:285)
	at com.kms.katalon.core.common.CommonExecutor.accessTestCaseMainPhase(CommonExecutor.java:65)
	at com.kms.katalon.core.main.TestSuiteExecutor.accessTestSuiteMainPhase(TestSuiteExecutor.java:148)
	at com.kms.katalon.core.main.TestSuiteExecutor.execute(TestSuiteExecutor.java:106)
	at com.kms.katalon.core.main.TestCaseMain.startTestSuite(TestCaseMain.java:187)
	at com.kms.katalon.core.main.TestCaseMain$startTestSuite$0.call(Unknown Source)
	at TempTestSuite1697454223353.run(TempTestSuite1697454223353.groovy:36)


2023-10-16 14:20:18 - [TEST_STEP][PASSED] - getResponse = config_files.getConfigFile.getConfig("WEB", "EN", "SHAHID_MOBILE_ONLY", "TN", "false"): config_files.getConfigFile.getConfig is PASSED

2023-10-16 14:20:20 - [MESSAGE][INFO] - HAR: /Users/admin/git/shahid-configuration/Reports/20231016_140310/WEB/TUN/20231016_140343/requests/main/0.har

2023-10-16 14:20:20 - [MESSAGE][PASSED] - Send request successfully

2023-10-16 14:20:20 - [MESSAGE][PASSED] - config_files.getConfigFile.getConfig is PASSED

2023-10-16 14:20:20 - [TEST_STEP][PASSED] - verifyResponseStatusCode(getResponse, 200): Verify response status code successfully

2023-10-16 14:20:20 - [MESSAGE][PASSED] - Verify response status code successfully

2023-10-16 14:20:20 - [TEST_STEP][PASSED] - verifyElementPropertyValue(getResponse, "country", "TUN"): Verify element property value successfully

2023-10-16 14:20:20 - [MESSAGE][PASSED] - Verify element property value successfully

2023-10-16 14:20:20 - [TEST_STEP][PASSED] - verifyElementPropertyValue(getResponse, "platform", "[WEB]"): Verify element property value successfully

2023-10-16 14:20:20 - [MESSAGE][PASSED] - Verify element property value successfully

2023-10-16 14:20:20 - [TEST_STEP][PASSED] - verifyElementPropertyValue(getResponse, "groups[0].pricingPlans[0].featured", "true"): Verify element property value successfully

2023-10-16 14:20:20 - [MESSAGE][PASSED] - Verify element property value successfully

2023-10-16 14:20:20 - [TEST_STEP][PASSED] - verifyElementPropertyValue(getResponse, "groups[0].pricingPlans[0].packageId", "SHAHID_MOBILE_ONLY"): Verify element property value successfully

2023-10-16 14:20:20 - [MESSAGE][PASSED] - Verify element property value successfully

2023-10-16 14:20:20 - [TEST_STEP][PASSED] - verifyElementPropertyValue(getResponse, "groups[0].pricingPlans[0].catalogId", "VIP"): Verify element property value successfully

2023-10-16 14:20:20 - [MESSAGE][PASSED] - Verify element property value successfully

2023-10-16 14:20:20 - [TEST_STEP][PASSED] - verifyElementPropertyValue(getResponse, "groups[0].pricingPlans[0].visualElements[0].key", "display_title"): Verify element property value successfully

2023-10-16 14:20:20 - [MESSAGE][PASSED] - Verify element property value successfully

2023-10-16 14:20:20 - [TEST_STEP][PASSED] - verifyElementPropertyValue(getResponse, "groups[0].pricingPlans[0].visualElements[0].value", "Monthly Plan"): Verify element property value successfully

2023-10-16 14:20:20 - [MESSAGE][PASSED] - Verify element property value successfully

2023-10-16 14:20:20 - [TEST_STEP][PASSED] - verifyElementPropertyValue(getResponse, "groups[0].pricingPlans[0].visualElements[2].key", "promo_text"): Verify element property value successfully

2023-10-16 14:20:20 - [MESSAGE][PASSED] - Verify element property value successfully

2023-10-16 14:20:20 - [TEST_STEP][PASSED] - verifyElementPropertyValue(getResponse, "groups[0].pricingPlans[0].visualElements[2].value", "5.99 TND / month"): Verify element property value successfully

2023-10-16 14:20:20 - [MESSAGE][PASSED] - Verify element property value successfully

2023-10-16 14:20:20 - [TEST_STEP][PASSED] - verifyElementPropertyValue(getResponse, "groups[0].pricingPlans[0].visualElements[3].key", "deduction_text"): Verify element property value successfully

2023-10-16 14:20:20 - [MESSAGE][PASSED] - Verify element property value successfully

2023-10-16 14:20:20 - [TEST_STEP][PASSED] - verifyElementPropertyValue(getResponse, "groups[0].pricingPlans[0].visualElements[3].value", "billed every month"): Verify element property value successfully

2023-10-16 14:20:20 - [MESSAGE][PASSED] - Verify element property value successfully

2023-10-16 14:20:20 - [TEST_STEP][PASSED] - verifyElementPropertyValue(getResponse, "groups[0].pricingPlans[0].visualElements[1].key", "tag_text"): Verify element property value successfully

2023-10-16 14:20:20 - [MESSAGE][PASSED] - Verify element property value successfully

2023-10-16 14:20:20 - [TEST_STEP][PASSED] - verifyElementPropertyValue(getResponse, "groups[0].pricingPlans[0].visualElements[1].value", "50% Less"): Verify element property value successfully

2023-10-16 14:20:20 - [MESSAGE][PASSED] - Verify element property value successfully

2023-10-16 14:20:20 - [TEST_STEP][PASSED] - verifyElementPropertyValue(getResponse, "groups[0].pricingPlans[0].visualElements[6].key", "show_payment_logo"): Verify element property value successfully

2023-10-16 14:20:20 - [MESSAGE][PASSED] - Verify element property value successfully

2023-10-16 14:20:20 - [TEST_STEP][PASSED] - verifyElementPropertyValue(getResponse, "groups[0].pricingPlans[0].visualElements[6].value", "true"): Verify element property value successfully

2023-10-16 14:20:20 - [MESSAGE][PASSED] - Verify element property value successfully

2023-10-16 14:20:20 - [TEST_STEP][PASSED] - verifyElementPropertyValue(getResponse, "groups[0].pricingPlans[0].visualElements[7].key", "show_tag"): Verify element property value successfully

2023-10-16 14:20:20 - [MESSAGE][PASSED] - Verify element property value successfully

2023-10-16 14:20:20 - [TEST_STEP][PASSED] - verifyElementPropertyValue(getResponse, "groups[0].pricingPlans[0].visualElements[7].value", "true"): Verify element property value successfully

2023-10-16 14:20:20 - [MESSAGE][PASSED] - Verify element property value successfully

2023-10-16 14:20:20 - [TEST_STEP][PASSED] - verifyElementPropertyValue(getResponse, "groups[0].pricingPlans[0].visualElements[9].key", "price"): Verify element property value successfully

2023-10-16 14:20:20 - [MESSAGE][PASSED] - Verify element property value successfully

2023-10-16 14:20:20 - [TEST_STEP][PASSED] - verifyElementPropertyValue(getResponse, "groups[0].pricingPlans[0].visualElements[9].value", "5.99"): Verify element property value successfully

2023-10-16 14:20:20 - [MESSAGE][PASSED] - Verify element property value successfully

2023-10-16 14:20:20 - [TEST_STEP][PASSED] - verifyElementPropertyValue(getResponse, "groups[0].pricingPlans[0].visualElements[10].key", "currency"): Verify element property value successfully

2023-10-16 14:20:20 - [MESSAGE][PASSED] - Verify element property value successfully

2023-10-16 14:20:20 - [TEST_STEP][PASSED] - verifyElementPropertyValue(getResponse, "groups[0].pricingPlans[0].visualElements[10].value", "TND"): Verify element property value successfully

2023-10-16 14:20:20 - [MESSAGE][PASSED] - Verify element property value successfully

2023-10-16 14:20:20 - [TEST_STEP][PASSED] - verifyElementPropertyValue(getResponse, "groups[0].pricingPlans[0].visualElements[11].key", "duration"): Verify element property value successfully

2023-10-16 14:20:20 - [MESSAGE][PASSED] - Verify element property value successfully

2023-10-16 14:20:20 - [TEST_STEP][PASSED] - verifyElementPropertyValue(getResponse, "groups[0].pricingPlans[0].visualElements[11].value", "Monthly"): Verify element property value successfully

2023-10-16 14:20:20 - [MESSAGE][PASSED] - Verify element property value successfully

2023-10-16 14:20:20 - [TEST_STEP][PASSED] - verifyElementPropertyValue(getResponse, "groups[0].pricingPlans[0].visualElements[12].key", "featured_tag_text"): Verify element property value successfully

2023-10-16 14:20:20 - [MESSAGE][PASSED] - Verify element property value successfully

2023-10-16 14:20:20 - [TEST_STEP][PASSED] - verifyElementPropertyValue(getResponse, "groups[0].pricingPlans[0].visualElements[12].value", "Most popular"): Verify element property value successfully

2023-10-16 14:20:20 - [MESSAGE][PASSED] - Verify element property value successfully

2023-10-16 14:20:20 - [TEST_STEP][PASSED] - verifyElementPropertyValue(getResponse, "groups[0].pricingPlans[0].order", "18"): Verify element property value successfully

2023-10-16 14:20:20 - [MESSAGE][PASSED] - Verify element property value successfully

2023-10-16 14:20:20 - [TEST_STEP][PASSED] - verifyElementPropertyValue(getResponse, "groups[0].pricingPlans[0].period", "monthly"): Verify element property value successfully

2023-10-16 14:20:20 - [MESSAGE][PASSED] - Verify element property value successfully

2023-10-16 14:20:20 - [TEST_STEP][PASSED] - verifyElementPropertyValue(getResponse, "groups[0].pricingPlans[0].price", "5.99"): Verify element property value successfully

2023-10-16 14:20:20 - [MESSAGE][PASSED] - Verify element property value successfully

2023-10-16 14:20:20 - [TEST_STEP][PASSED] - verifyElementPropertyValue(getResponse, "groups[0].pricingPlans[0].currency", "TND"): Verify element property value successfully

2023-10-16 14:20:20 - [MESSAGE][PASSED] - Verify element property value successfully

2023-10-16 14:20:20 - [TEST_STEP][PASSED] - verifyElementPropertyValue(getResponse, "groups[0].pricingPlans[0].pricingPlanData[0].productId", "TUN_SHAHID_MOBILE_ONLY_1M"): Verify element property value successfully

2023-10-16 14:20:20 - [MESSAGE][PASSED] - Verify element property value successfully

2023-10-16 14:20:20 - [TEST_STEP][PASSED] - verifyElementPropertyValue(getResponse, "groups[0].pricingPlans[0].pricingPlanData[0].subPricingPlanIds", "null"): Verify element property value successfully

2023-10-16 14:20:20 - [MESSAGE][PASSED] - Verify element property value successfully

2023-10-16 14:20:20 - [TEST_STEP][PASSED] - verifyElementPropertyValue(getResponse, "groups[0].pricingPlans[0].pricingPlanData[0].paymentMethod", "CREDIT_CARD"): Verify element property value successfully

2023-10-16 14:20:20 - [MESSAGE][PASSED] - Verify element property value successfully

2023-10-16 14:20:20 - [TEST_STEP][PASSED] - verifyElementPropertyValue(getResponse, "groups[0].pricingPlans[0].pricingPlanData[0].freeTrialEnabled", "false"): Verify element property value successfully

2023-10-16 14:20:20 - [MESSAGE][PASSED] - Verify element property value successfully

2023-10-16 14:20:20 - [TEST_STEP][PASSED] - verifyElementPropertyValue(getResponse, "groups[0].pricingPlans[0].pricingPlanData[0].visualElements[0].key", "title"): Verify element property value successfully

2023-10-16 14:20:20 - [MESSAGE][PASSED] - Verify element property value successfully

2023-10-16 14:20:20 - [TEST_STEP][PASSED] - verifyElementPropertyValue(getResponse, "groups[0].pricingPlans[0].pricingPlanData[0].visualElements[0].value", "Credit/Debit Card"): Verify element property value successfully

2023-10-16 14:20:20 - [MESSAGE][PASSED] - Verify element property value successfully

2023-10-16 14:20:20 - [TEST_STEP][PASSED] - verifyElementPropertyValue(getResponse, "groups[0].pricingPlans[0].pricingPlanData[0].visualElements[1].key", "CTA_text"): Verify element property value successfully

2023-10-16 14:20:20 - [MESSAGE][PASSED] - Verify element property value successfully

2023-10-16 14:20:20 - [TEST_STEP][PASSED] - verifyElementPropertyValue(getResponse, "groups[0].pricingPlans[0].pricingPlanData[0].visualElements[1].value", "Subscribe"): Verify element property value successfully

2023-10-16 14:20:20 - [MESSAGE][PASSED] - Verify element property value successfully

2023-10-16 14:20:20 - [TEST_STEP][PASSED] - verifyElementPropertyValue(getResponse, "groups[0].pricingPlans[0].pricingPlanData[0].visualElements[2].key", "logo"): Verify element property value successfully

2023-10-16 14:20:20 - [MESSAGE][PASSED] - Verify element property value successfully

2023-10-16 14:20:20 - [TEST_STEP][PASSED] - verifyElementPropertyValue(getResponse, "groups[0].pricingPlans[0].pricingPlanData[0].visualElements[2].value", "https://static.s3.shahid.mbc.net/widget-images/icons/iconCreditCard.png"): Verify element property value successfully

2023-10-16 14:20:20 - [MESSAGE][PASSED] - Verify element property value successfully

2023-10-16 14:20:20 - [TEST_STEP][PASSED] - verifyElementPropertyValue(getResponse, "groups[0].pricingPlans[0].pricingPlanData[0].priceLabel", "5.99"): Verify element property value successfully

2023-10-16 14:20:20 - [MESSAGE][PASSED] - Verify element property value successfully

2023-10-16 14:20:20 - [TEST_STEP][PASSED] - verifyElementPropertyValue(getResponse, "groups[0].pricingPlans[0].pricingPlanData[0].currencyLabel", "TND"): Verify element property value successfully

2023-10-16 14:20:20 - [MESSAGE][PASSED] - Verify element property value successfully

2023-10-16 14:20:20 - [TEST_STEP][PASSED] - verifyElementPropertyValue(getResponse, "groups[0].pricingPlans[0].pricingPlanData[1].pricingPlanId", "TPay_Orange_TN"): Verify element property value successfully

2023-10-16 14:20:20 - [MESSAGE][PASSED] - Verify element property value successfully

2023-10-16 14:20:20 - [TEST_STEP][PASSED] - verifyElementPropertyValue(getResponse, "groups[0].pricingPlans[0].pricingPlanData[1].productId", "TUN_SHAHID_MOBILE_ONLY_1M"): Verify element property value successfully

2023-10-16 14:20:20 - [MESSAGE][PASSED] - Verify element property value successfully

2023-10-16 14:20:20 - [TEST_STEP][PASSED] - verifyElementPropertyValue(getResponse, "groups[0].pricingPlans[0].pricingPlanData[1].subPricingPlanIds[0]", "60501"): Verify element property value successfully

2023-10-16 14:20:20 - [MESSAGE][PASSED] - Verify element property value successfully

2023-10-16 14:20:20 - [TEST_STEP][PASSED] - verifyElementPropertyValue(getResponse, "groups[0].pricingPlans[0].pricingPlanData[1].paymentMethod", "MOBILE_PAY"): Verify element property value successfully

2023-10-16 14:20:20 - [MESSAGE][PASSED] - Verify element property value successfully

2023-10-16 14:20:20 - [TEST_STEP][PASSED] - verifyElementPropertyValue(getResponse, "groups[0].pricingPlans[0].pricingPlanData[1].freeTrialEnabled", "false"): Verify element property value successfully

2023-10-16 14:20:20 - [MESSAGE][PASSED] - Verify element property value successfully

2023-10-16 14:20:20 - [TEST_STEP][PASSED] - verifyElementPropertyValue(getResponse, "groups[0].pricingPlans[0].pricingPlanData[1].showIn[0]", "VERTICAL_MODE"): Verify element property value successfully

2023-10-16 14:20:20 - [MESSAGE][PASSED] - Verify element property value successfully

2023-10-16 14:20:20 - [TEST_STEP][PASSED] - verifyElementPropertyValue(getResponse, "groups[0].pricingPlans[0].pricingPlanData[1].showIn[1]", "HORIZONTAL_MODE"): Verify element property value successfully

2023-10-16 14:20:20 - [MESSAGE][PASSED] - Verify element property value successfully

2023-10-16 14:20:20 - [TEST_STEP][PASSED] - verifyElementPropertyValue(getResponse, "groups[0].pricingPlans[0].pricingPlanData[1].visualElements[0].key", "payment_option_group"): Verify element property value successfully

2023-10-16 14:20:20 - [MESSAGE][PASSED] - Verify element property value successfully

2023-10-16 14:20:20 - [TEST_STEP][PASSED] - verifyElementPropertyValue(getResponse, "groups[0].pricingPlans[0].pricingPlanData[1].visualElements[0].value", "true"): Verify element property value successfully

2023-10-16 14:20:20 - [MESSAGE][PASSED] - Verify element property value successfully

2023-10-16 14:20:20 - [TEST_STEP][PASSED] - verifyElementPropertyValue(getResponse, "groups[0].pricingPlans[0].pricingPlanData[1].visualElements[1].key", "title"): Verify element property value successfully

2023-10-16 14:20:20 - [MESSAGE][PASSED] - Verify element property value successfully

2023-10-16 14:20:20 - [TEST_STEP][PASSED] - verifyElementPropertyValue(getResponse, "groups[0].pricingPlans[0].pricingPlanData[1].visualElements[1].value", "Mobile Payment"): Verify element property value successfully

2023-10-16 14:20:20 - [MESSAGE][PASSED] - Verify element property value successfully

2023-10-16 14:20:20 - [TEST_STEP][PASSED] - verifyElementPropertyValue(getResponse, "groups[0].pricingPlans[0].pricingPlanData[1].visualElements[2].key", "CTA_text"): Verify element property value successfully

2023-10-16 14:20:20 - [MESSAGE][PASSED] - Verify element property value successfully

2023-10-16 14:20:20 - [TEST_STEP][PASSED] - verifyElementPropertyValue(getResponse, "groups[0].pricingPlans[0].pricingPlanData[1].visualElements[2].value", "Subscribe"): Verify element property value successfully

2023-10-16 14:20:21 - [MESSAGE][PASSED] - Verify element property value successfully

2023-10-16 14:20:21 - [TEST_STEP][PASSED] - verifyElementPropertyValue(getResponse, "groups[0].pricingPlans[0].pricingPlanData[1].visualElements[3].key", "logo"): Verify element property value successfully

2023-10-16 14:20:21 - [MESSAGE][PASSED] - Verify element property value successfully

2023-10-16 14:20:21 - [TEST_STEP][PASSED] - verifyElementPropertyValue(getResponse, "groups[0].pricingPlans[0].pricingPlanData[1].visualElements[3].value", "https://static.s3.shahid.mbc.net/widget-images/icons/iconMobile.png"): Verify element property value successfully

2023-10-16 14:20:21 - [MESSAGE][PASSED] - Verify element property value successfully

2023-10-16 14:20:21 - [TEST_STEP][PASSED] - verifyElementPropertyValue(getResponse, "groups[0].pricingPlans[0].pricingPlanData[1].priceLabel", "5.99"): Verify element property value successfully

2023-10-16 14:20:21 - [MESSAGE][PASSED] - Verify element property value successfully

2023-10-16 14:20:21 - [TEST_STEP][PASSED] - verifyElementPropertyValue(getResponse, "groups[0].pricingPlans[0].pricingPlanData[1].currencyLabel", "TND"): Verify element property value successfully

2023-10-16 14:20:21 - [MESSAGE][PASSED] - Verify element property value successfully

2023-10-16 14:20:21 - [TEST_STEP][PASSED] - verifyElementPropertyValue(getResponse, "groups[0].pricingPlans[0].pricingPlanData[1].allowedForAcquisition", "true"): Verify element property value successfully

2023-10-16 14:20:21 - [MESSAGE][PASSED] - Verify element property value successfully

2023-10-16 14:20:21 - [TEST_STEP][PASSED] - verifyElementPropertyValue(getResponse, "groups[0].pricingPlans[0].pricingPlanData[2].pricingPlanId", "TPay_Ooredoo_TN"): Verify element property value successfully

2023-10-16 14:20:21 - [MESSAGE][PASSED] - Verify element property value successfully

2023-10-16 14:20:21 - [TEST_STEP][PASSED] - verifyElementPropertyValue(getResponse, "groups[0].pricingPlans[0].pricingPlanData[2].productId", "TUN_SHAHID_MOBILE_ONLY_1M"): Verify element property value successfully

2023-10-16 14:20:21 - [MESSAGE][PASSED] - Verify element property value successfully

2023-10-16 14:20:21 - [TEST_STEP][PASSED] - verifyElementPropertyValue(getResponse, "groups[0].pricingPlans[0].pricingPlanData[2].subPricingPlanIds[0]", "60503"): Verify element property value successfully

2023-10-16 14:20:21 - [MESSAGE][PASSED] - Verify element property value successfully

2023-10-16 14:20:21 - [TEST_STEP][PASSED] - verifyElementPropertyValue(getResponse, "groups[0].pricingPlans[0].pricingPlanData[2].paymentMethod", "MOBILE_PAY"): Verify element property value successfully

2023-10-16 14:20:21 - [MESSAGE][PASSED] - Verify element property value successfully

2023-10-16 14:20:21 - [TEST_STEP][PASSED] - verifyElementPropertyValue(getResponse, "groups[0].pricingPlans[0].pricingPlanData[2].freeTrialEnabled", "false"): Verify element property value successfully

2023-10-16 14:20:21 - [MESSAGE][PASSED] - Verify element property value successfully

2023-10-16 14:20:21 - [TEST_STEP][PASSED] - verifyElementPropertyValue(getResponse, "groups[0].pricingPlans[0].pricingPlanData[2].priceLabel", "5.99"): Verify element property value successfully

2023-10-16 14:20:21 - [MESSAGE][PASSED] - Verify element property value successfully

2023-10-16 14:20:21 - [TEST_STEP][PASSED] - verifyElementPropertyValue(getResponse, "groups[0].pricingPlans[0].pricingPlanData[2].currencyLabel", "TND"): Verify element property value successfully

2023-10-16 14:20:21 - [MESSAGE][PASSED] - Verify element property value successfully

2023-10-16 14:20:21 - [TEST_STEP][PASSED] - verifyElementPropertyValue(getResponse, "groups[0].pricingPlans[0].pricingPlanData[2].allowedForAcquisition", "true"): Verify element property value successfully

2023-10-16 14:20:21 - [MESSAGE][PASSED] - Verify element property value successfully

2023-10-16 14:20:21 - [TEST_STEP][PASSED] - verifyElementPropertyValue(getResponse, "visualElements[0].key", "main_CTA_text_1"): Verify element property value successfully

2023-10-16 14:20:21 - [MESSAGE][PASSED] - Verify element property value successfully

2023-10-16 14:20:21 - [TEST_STEP][PASSED] - verifyElementPropertyValue(getResponse, "visualElements[0].value", "Watch the most powerful series and movies exclusively without stopping"): Verify element property value successfully

2023-10-16 14:20:21 - [MESSAGE][PASSED] - Verify element property value successfully

2023-10-16 14:20:21 - [TEST_STEP][PASSED] - verifyElementPropertyValue(getResponse, "visualElements[2].key", "main_disclaimer_text"): Verify element property value successfully

2023-10-16 14:20:21 - [MESSAGE][PASSED] - Verify element property value successfully

2023-10-16 14:20:21 - [TEST_STEP][PASSED] - verifyElementPropertyValue(getResponse, "visualElements[2].value", "Subscription fees may vary depending on the country, payment method, subscription package, added tax, currency conversion factor, and bank fees. Terms and conditions apply."): Verify element property value successfully

2023-10-16 14:20:21 - [MESSAGE][PASSED] - Verify element property value successfully

2023-10-16 14:20:21 - [TEST_STEP][PASSED] - verifyElementPropertyValue(getResponse, "visualElements[4].key", "display_type"): Verify element property value successfully

2023-10-16 14:20:21 - [MESSAGE][PASSED] - Verify element property value successfully

2023-10-16 14:20:21 - [TEST_STEP][PASSED] - verifyElementPropertyValue(getResponse, "visualElements[4].value", "vertical"): Verify element property value successfully

2023-10-16 14:20:21 - [MESSAGE][PASSED] - Verify element property value successfully

2023-10-16 14:20:21 - [TEST_STEP][PASSED] - verifyElementPropertyValue(getResponse, "pages[0].visualElements[0].key", "alternative_payment_title"): Verify element property value successfully

2023-10-16 14:20:21 - [MESSAGE][PASSED] - Verify element property value successfully

2023-10-16 14:20:21 - [TEST_STEP][PASSED] - verifyElementPropertyValue(getResponse, "pages[0].visualElements[0].value", "Or choose one of the following alternative methods"): Verify element property value successfully

2023-10-16 14:20:21 - [MESSAGE][PASSED] - Verify element property value successfully

2023-10-16 14:20:21 - [TEST_STEP][PASSED] - verifyElementPropertyValue(getResponse, "pages[0].visualElements[1].key", "label_text"): Verify element property value successfully

2023-10-16 14:20:21 - [MESSAGE][PASSED] - Verify element property value successfully

2023-10-16 14:20:21 - [TEST_STEP][FAILED] - verifyElementPropertyValue(getResponse, "pages[0].visualElements[1].value", "Other Payment Methods"): Expected element property value 'Other Payment Methods' is not equal with actual property value 'Other payment methods'

2023-10-16 14:20:21 - [MESSAGE][FAILED] - Expected element property value 'Other Payment Methods' is not equal with actual property value 'Other payment methods'

2023-10-16 14:20:21 - [TEST_STEP][PASSED] - verifyElementPropertyValue(getResponse, "pages[0].visualElements[3].key", "CTA_text"): Verify element property value successfully

2023-10-16 14:20:21 - [MESSAGE][PASSED] - Verify element property value successfully

2023-10-16 14:20:21 - [TEST_STEP][PASSED] - verifyElementPropertyValue(getResponse, "pages[0].visualElements[3].value", "Click here"): Verify element property value successfully

2023-10-16 14:20:21 - [MESSAGE][PASSED] - Verify element property value successfully

2023-10-16 14:20:21 - [TEST_STEP][PASSED] - verifyElementPropertyValue(getResponse, "pages[0].visualElements[4].key", "main_title"): Verify element property value successfully

2023-10-16 14:20:21 - [MESSAGE][PASSED] - Verify element property value successfully

2023-10-16 14:20:21 - [TEST_STEP][PASSED] - verifyElementPropertyValue(getResponse, "pages[0].visualElements[4].value", "Other Payment Methods"): Verify element property value successfully

2023-10-16 14:20:21 - [MESSAGE][PASSED] - Verify element property value successfully

2023-10-16 14:20:21 - [TEST_STEP][PASSED] - verifyElementPropertyValue(getResponse, "pages[0].visualElements[6].key", "alternative_payment_methods"): Verify element property value successfully

2023-10-16 14:20:21 - [MESSAGE][PASSED] - Verify element property value successfully

2023-10-16 14:20:21 - [TEST_STEP][PASSED] - verifyElementPropertyValue(getResponse, "pages[0].visualElements[6].value", "You can get Shahid voucher from any of the following retailers"): Verify element property value successfully

2023-10-16 14:20:21 - [MESSAGE][PASSED] - Verify element property value successfully

2023-10-16 14:20:21 - [TEST_STEP][PASSED] - verifyElementPropertyValue(getResponse, "partners[0].name", "Razer Online"): Verify element property value successfully

2023-10-16 14:20:21 - [MESSAGE][PASSED] - Verify element property value successfully

2023-10-16 14:20:21 - [TEST_STEP][PASSED] - verifyElementPropertyValue(getResponse, "partners[0].link", "https://gold.razer.com/global/en/gold/catalog/shahid-vip-north-africa"): Verify element property value successfully

2023-10-16 14:20:21 - [MESSAGE][PASSED] - Verify element property value successfully

2023-10-16 14:20:21 - [TEST_STEP][PASSED] - verifyElementPropertyValue(getResponse, "partners[0].logo", "https://shahid-static.s3.amazonaws.com/widget-images/logos/Coin_RZR%20Gold_Black.png"): Verify element property value successfully

2023-10-16 14:20:21 - [MESSAGE][PASSED] - Verify element property value successfully

2023-10-16 14:20:21 - [TEST_STEP][PASSED] - verifyElementPropertyValue(getResponse, "partners[0].visible", "true"): Verify element property value successfully

2023-10-16 14:20:21 - [MESSAGE][PASSED] - Verify element property value successfully

2023-10-16 14:20:21 - [TEST_STEP][PASSED] - verifyElementPropertyValue(getResponse, "partners[0].visualElements[0].key", "text"): Verify element property value successfully

2023-10-16 14:20:21 - [MESSAGE][PASSED] - Verify element property value successfully

2023-10-16 14:20:21 - [TEST_STEP][PASSED] - verifyElementPropertyValue(getResponse, "partners[0].visualElements[0].value", "More Information"): Verify element property value successfully

2023-10-16 14:20:21 - [MESSAGE][PASSED] - Verify element property value successfully

2023-10-16 14:20:21 - [TEST_STEP][PASSED] - verifyElementPropertyValue(getResponse, "partners[1].name", "Flouci"): Verify element property value successfully

2023-10-16 14:20:21 - [MESSAGE][PASSED] - Verify element property value successfully

2023-10-16 14:20:21 - [TEST_STEP][PASSED] - verifyElementPropertyValue(getResponse, "partners[1].link", "https://play.google.com/store/apps/details?id=com.kaoun.flouci&hl=en&gl=US"): Verify element property value successfully

2023-10-16 14:20:21 - [MESSAGE][PASSED] - Verify element property value successfully

2023-10-16 14:20:21 - [TEST_STEP][PASSED] - verifyElementPropertyValue(getResponse, "partners[1].logo", "https://shahid-static.s3.amazonaws.com/widget-images/logos/Flouci_logo1.png"): Verify element property value successfully

2023-10-16 14:20:21 - [MESSAGE][PASSED] - Verify element property value successfully

2023-10-16 14:20:21 - [TEST_STEP][PASSED] - verifyElementPropertyValue(getResponse, "partners[1].visible", "true"): Verify element property value successfully

2023-10-16 14:20:21 - [MESSAGE][PASSED] - Verify element property value successfully

2023-10-16 14:20:21 - [TEST_STEP][PASSED] - verifyElementPropertyValue(getResponse, "partners[1].visualElements[0].key", "text"): Verify element property value successfully

2023-10-16 14:20:21 - [MESSAGE][PASSED] - Verify element property value successfully

2023-10-16 14:20:21 - [TEST_STEP][PASSED] - verifyElementPropertyValue(getResponse, "partners[1].visualElements[0].value", "More Information"): Verify element property value successfully

2023-10-16 14:20:21 - [MESSAGE][PASSED] - Verify element property value successfully

2023-10-16 14:20:21 - [TEST_STEP][PASSED] - verifyElementPropertyValue(getResponse, "partners[2].name", "Metagames Bilgi Islemleri Limited"): Verify element property value successfully

2023-10-16 14:20:21 - [MESSAGE][PASSED] - Verify element property value successfully

2023-10-16 14:20:21 - [TEST_STEP][PASSED] - verifyElementPropertyValue(getResponse, "partners[2].link", "https://www.mtcgame.com/en-US/shahid/shahid-vip-gift-card-global"): Verify element property value successfully

2023-10-16 14:20:21 - [MESSAGE][PASSED] - Verify element property value successfully

2023-10-16 14:20:21 - [TEST_STEP][PASSED] - verifyElementPropertyValue(getResponse, "partners[2].logo", "https://shahid-static.s3.amazonaws.com/widget-images/logos/Logo_Meta%2BGames.png"): Verify element property value successfully

2023-10-16 14:20:21 - [MESSAGE][PASSED] - Verify element property value successfully

2023-10-16 14:20:21 - [TEST_STEP][PASSED] - verifyElementPropertyValue(getResponse, "partners[2].visible", "true"): Verify element property value successfully

2023-10-16 14:20:21 - [MESSAGE][PASSED] - Verify element property value successfully

2023-10-16 14:20:21 - [TEST_STEP][PASSED] - verifyElementPropertyValue(getResponse, "partners[2].visualElements[0].key", "text"): Verify element property value successfully

2023-10-16 14:20:21 - [MESSAGE][PASSED] - Verify element property value successfully

2023-10-16 14:20:21 - [TEST_STEP][PASSED] - verifyElementPropertyValue(getResponse, "partners[2].visualElements[0].value", "More Information"): Verify element property value successfully

2023-10-16 14:20:21 - [MESSAGE][PASSED] - Verify element property value successfully

2023-10-16 14:20:21 - [TEST_STEP][PASSED] - verifyElementPropertyValue(getResponse, "partners[3].name", "Offgamers"): Verify element property value successfully

2023-10-16 14:20:21 - [MESSAGE][PASSED] - Verify element property value successfully

2023-10-16 14:20:21 - [TEST_STEP][PASSED] - verifyElementPropertyValue(getResponse, "partners[3].link", "https://www.offgamers.com/ae/en/shahid-vip"): Verify element property value successfully

2023-10-16 14:20:21 - [MESSAGE][PASSED] - Verify element property value successfully

2023-10-16 14:20:21 - [TEST_STEP][PASSED] - verifyElementPropertyValue(getResponse, "partners[3].logo", "https://shahid-static.s3.amazonaws.com/widget-images/logos/Logo_Offgamers.jpg"): Verify element property value successfully

2023-10-16 14:20:21 - [MESSAGE][PASSED] - Verify element property value successfully

2023-10-16 14:20:21 - [TEST_STEP][PASSED] - verifyElementPropertyValue(getResponse, "partners[3].visible", "true"): Verify element property value successfully

2023-10-16 14:20:21 - [MESSAGE][PASSED] - Verify element property value successfully

2023-10-16 14:20:21 - [TEST_STEP][PASSED] - verifyElementPropertyValue(getResponse, "partners[3].visualElements[0].key", "text"): Verify element property value successfully

2023-10-16 14:20:21 - [MESSAGE][PASSED] - Verify element property value successfully

2023-10-16 14:20:21 - [TEST_STEP][PASSED] - verifyElementPropertyValue(getResponse, "partners[3].visualElements[0].value", "More Information"): Verify element property value successfully

2023-10-16 14:20:21 - [MESSAGE][PASSED] - Verify element property value successfully

2023-10-16 14:20:21 - [TEST_STEP][PASSED] - verifyElementPropertyValue(getResponse, "defaultPackageId", "SHAHID_VIP"): Verify element property value successfully

2023-10-16 14:20:21 - [MESSAGE][PASSED] - Verify element property value successfully]]></system-out>
         <system-err><![CDATA[2023-10-16 14:20:18 - [TEST_CASE][FAILED] - Test Cases/WEB - CHROME/TUN PI/WEB_EN_getSubscriptionConfigForTUN_MO: Test Cases/WEB - CHROME/TUN PI/WEB_EN_getSubscriptionConfigForTUN_MO FAILED.
Reason:
com.kms.katalon.core.exception.StepFailedException: Expected element property value 'Other Payment Methods' is not equal with actual property value 'Other payment methods'
	at com.kms.katalon.core.keyword.internal.KeywordMain.stepFailed(KeywordMain.groovy:39)
	at com.kms.katalon.core.webservice.keyword.builtin.VerifyElementPropertyValueKeyword$_verifyElementPropertyValue_closure1.doCall(VerifyElementPropertyValueKeyword.groovy:56)
	at com.kms.katalon.core.webservice.keyword.builtin.VerifyElementPropertyValueKeyword$_verifyElementPropertyValue_closure1.call(VerifyElementPropertyValueKeyword.groovy)
	at com.kms.katalon.core.keyword.internal.KeywordMain.runKeyword(KeywordMain.groovy:75)
	at com.kms.katalon.core.webservice.keyword.builtin.VerifyElementPropertyValueKeyword.verifyElementPropertyValue(VerifyElementPropertyValueKeyword.groovy:48)
	at com.kms.katalon.core.webservice.keyword.builtin.VerifyElementPropertyValueKeyword.execute(VerifyElementPropertyValueKeyword.groovy:43)
	at com.kms.katalon.core.keyword.internal.KeywordExecutor.executeKeywordForPlatform(KeywordExecutor.groovy:74)
	at com.kms.katalon.core.webservice.keyword.WSBuiltInKeywords.verifyElementPropertyValue(WSBuiltInKeywords.groovy:190)
	at com.kms.katalon.core.webservice.keyword.WSBuiltInKeywords$verifyElementPropertyValue$1.call(Unknown Source)
	at WEB_EN_getSubscriptionConfigForTUN_MO.run(WEB_EN_getSubscriptionConfigForTUN_MO:140)
	at com.kms.katalon.core.main.ScriptEngine.run(ScriptEngine.java:194)
	at com.kms.katalon.core.main.ScriptEngine.runScriptAsRawText(ScriptEngine.java:119)
	at com.kms.katalon.core.main.TestCaseExecutor.runScript(TestCaseExecutor.java:448)
	at com.kms.katalon.core.main.TestCaseExecutor.doExecute(TestCaseExecutor.java:439)
	at com.kms.katalon.core.main.TestCaseExecutor.processExecutionPhase(TestCaseExecutor.java:418)
	at com.kms.katalon.core.main.TestCaseExecutor.accessMainPhase(TestCaseExecutor.java:410)
	at com.kms.katalon.core.main.TestCaseExecutor.execute(TestCaseExecutor.java:285)
	at com.kms.katalon.core.common.CommonExecutor.accessTestCaseMainPhase(CommonExecutor.java:65)
	at com.kms.katalon.core.main.TestSuiteExecutor.accessTestSuiteMainPhase(TestSuiteExecutor.java:148)
	at com.kms.katalon.core.main.TestSuiteExecutor.execute(TestSuiteExecutor.java:106)
	at com.kms.katalon.core.main.TestCaseMain.startTestSuite(TestCaseMain.java:187)
	at com.kms.katalon.core.main.TestCaseMain$startTestSuite$0.call(Unknown Source)
	at TempTestSuite1697454223353.run(TempTestSuite1697454223353.groovy:36)]]></system-err>
      </testcase>
      <testcase name="Test Cases/WEB - CHROME/TUN PI/WEB_EN_getSubscriptionConfigForTUN_SPORT" time="2.289" classname="Test Cases/WEB - CHROME/TUN PI/WEB_EN_getSubscriptionConfigForTUN_SPORT" status="FAILED">
         <failure type="FAILED" message="Test Cases/WEB - CHROME/TUN PI/WEB_EN_getSubscriptionConfigForTUN_SPORT FAILED.
Reason:
com.kms.katalon.core.exception.StepFailedException: Expected element property value 'Other Payment Methods' is not equal with actual property value 'Other payment methods'
	at com.kms.katalon.core.keyword.internal.KeywordMain.stepFailed(KeywordMain.groovy:39)
	at com.kms.katalon.core.webservice.keyword.builtin.VerifyElementPropertyValueKeyword$_verifyElementPropertyValue_closure1.doCall(VerifyElementPropertyValueKeyword.groovy:56)
	at com.kms.katalon.core.webservice.keyword.builtin.VerifyElementPropertyValueKeyword$_verifyElementPropertyValue_closure1.call(VerifyElementPropertyValueKeyword.groovy)
	at com.kms.katalon.core.keyword.internal.KeywordMain.runKeyword(KeywordMain.groovy:75)
	at com.kms.katalon.core.webservice.keyword.builtin.VerifyElementPropertyValueKeyword.verifyElementPropertyValue(VerifyElementPropertyValueKeyword.groovy:48)
	at com.kms.katalon.core.webservice.keyword.builtin.VerifyElementPropertyValueKeyword.execute(VerifyElementPropertyValueKeyword.groovy:43)
	at com.kms.katalon.core.keyword.internal.KeywordExecutor.executeKeywordForPlatform(KeywordExecutor.groovy:74)
	at com.kms.katalon.core.webservice.keyword.WSBuiltInKeywords.verifyElementPropertyValue(WSBuiltInKeywords.groovy:190)
	at com.kms.katalon.core.webservice.keyword.WSBuiltInKeywords$verifyElementPropertyValue$1.call(Unknown Source)
	at WEB_EN_getSubscriptionConfigForTUN_SPORT.run(WEB_EN_getSubscriptionConfigForTUN_SPORT:153)
	at com.kms.katalon.core.main.ScriptEngine.run(ScriptEngine.java:194)
	at com.kms.katalon.core.main.ScriptEngine.runScriptAsRawText(ScriptEngine.java:119)
	at com.kms.katalon.core.main.TestCaseExecutor.runScript(TestCaseExecutor.java:448)
	at com.kms.katalon.core.main.TestCaseExecutor.doExecute(TestCaseExecutor.java:439)
	at com.kms.katalon.core.main.TestCaseExecutor.processExecutionPhase(TestCaseExecutor.java:418)
	at com.kms.katalon.core.main.TestCaseExecutor.accessMainPhase(TestCaseExecutor.java:410)
	at com.kms.katalon.core.main.TestCaseExecutor.execute(TestCaseExecutor.java:285)
	at com.kms.katalon.core.common.CommonExecutor.accessTestCaseMainPhase(CommonExecutor.java:65)
	at com.kms.katalon.core.main.TestSuiteExecutor.accessTestSuiteMainPhase(TestSuiteExecutor.java:148)
	at com.kms.katalon.core.main.TestSuiteExecutor.execute(TestSuiteExecutor.java:106)
	at com.kms.katalon.core.main.TestCaseMain.startTestSuite(TestCaseMain.java:187)
	at com.kms.katalon.core.main.TestCaseMain$startTestSuite$0.call(Unknown Source)
	at TempTestSuite1697454223353.run(TempTestSuite1697454223353.groovy:36)
"/>
         <system-out><![CDATA[2023-10-16 14:20:21 - [TEST_CASE][FAILED] - Test Cases/WEB - CHROME/TUN PI/WEB_EN_getSubscriptionConfigForTUN_SPORT: Test Cases/WEB - CHROME/TUN PI/WEB_EN_getSubscriptionConfigForTUN_SPORT FAILED.
Reason:
com.kms.katalon.core.exception.StepFailedException: Expected element property value 'Other Payment Methods' is not equal with actual property value 'Other payment methods'
	at com.kms.katalon.core.keyword.internal.KeywordMain.stepFailed(KeywordMain.groovy:39)
	at com.kms.katalon.core.webservice.keyword.builtin.VerifyElementPropertyValueKeyword$_verifyElementPropertyValue_closure1.doCall(VerifyElementPropertyValueKeyword.groovy:56)
	at com.kms.katalon.core.webservice.keyword.builtin.VerifyElementPropertyValueKeyword$_verifyElementPropertyValue_closure1.call(VerifyElementPropertyValueKeyword.groovy)
	at com.kms.katalon.core.keyword.internal.KeywordMain.runKeyword(KeywordMain.groovy:75)
	at com.kms.katalon.core.webservice.keyword.builtin.VerifyElementPropertyValueKeyword.verifyElementPropertyValue(VerifyElementPropertyValueKeyword.groovy:48)
	at com.kms.katalon.core.webservice.keyword.builtin.VerifyElementPropertyValueKeyword.execute(VerifyElementPropertyValueKeyword.groovy:43)
	at com.kms.katalon.core.keyword.internal.KeywordExecutor.executeKeywordForPlatform(KeywordExecutor.groovy:74)
	at com.kms.katalon.core.webservice.keyword.WSBuiltInKeywords.verifyElementPropertyValue(WSBuiltInKeywords.groovy:190)
	at com.kms.katalon.core.webservice.keyword.WSBuiltInKeywords$verifyElementPropertyValue$1.call(Unknown Source)
	at WEB_EN_getSubscriptionConfigForTUN_SPORT.run(WEB_EN_getSubscriptionConfigForTUN_SPORT:153)
	at com.kms.katalon.core.main.ScriptEngine.run(ScriptEngine.java:194)
	at com.kms.katalon.core.main.ScriptEngine.runScriptAsRawText(ScriptEngine.java:119)
	at com.kms.katalon.core.main.TestCaseExecutor.runScript(TestCaseExecutor.java:448)
	at com.kms.katalon.core.main.TestCaseExecutor.doExecute(TestCaseExecutor.java:439)
	at com.kms.katalon.core.main.TestCaseExecutor.processExecutionPhase(TestCaseExecutor.java:418)
	at com.kms.katalon.core.main.TestCaseExecutor.accessMainPhase(TestCaseExecutor.java:410)
	at com.kms.katalon.core.main.TestCaseExecutor.execute(TestCaseExecutor.java:285)
	at com.kms.katalon.core.common.CommonExecutor.accessTestCaseMainPhase(CommonExecutor.java:65)
	at com.kms.katalon.core.main.TestSuiteExecutor.accessTestSuiteMainPhase(TestSuiteExecutor.java:148)
	at com.kms.katalon.core.main.TestSuiteExecutor.execute(TestSuiteExecutor.java:106)
	at com.kms.katalon.core.main.TestCaseMain.startTestSuite(TestCaseMain.java:187)
	at com.kms.katalon.core.main.TestCaseMain$startTestSuite$0.call(Unknown Source)
	at TempTestSuite1697454223353.run(TempTestSuite1697454223353.groovy:36)


2023-10-16 14:20:21 - [TEST_STEP][PASSED] - getResponse = config_files.getConfigFile.getConfig("WEB", "EN", "SHAHID_VIP_SPORT", "TN", "false"): config_files.getConfigFile.getConfig is PASSED

2023-10-16 14:20:22 - [MESSAGE][INFO] - HAR: /Users/admin/git/shahid-configuration/Reports/20231016_140310/WEB/TUN/20231016_140343/requests/main/1.har

2023-10-16 14:20:22 - [MESSAGE][PASSED] - Send request successfully

2023-10-16 14:20:22 - [MESSAGE][PASSED] - config_files.getConfigFile.getConfig is PASSED

2023-10-16 14:20:22 - [TEST_STEP][PASSED] - verifyResponseStatusCode(getResponse, 200): Verify response status code successfully

2023-10-16 14:20:22 - [MESSAGE][PASSED] - Verify response status code successfully

2023-10-16 14:20:22 - [TEST_STEP][PASSED] - verifyElementPropertyValue(getResponse, "country", "TUN"): Verify element property value successfully

2023-10-16 14:20:22 - [MESSAGE][PASSED] - Verify element property value successfully

2023-10-16 14:20:22 - [TEST_STEP][PASSED] - verifyElementPropertyValue(getResponse, "platform", "[WEB]"): Verify element property value successfully

2023-10-16 14:20:22 - [MESSAGE][PASSED] - Verify element property value successfully

2023-10-16 14:20:22 - [TEST_STEP][PASSED] - verifyElementPropertyValue(getResponse, "groups[0].pricingPlans[0].featured", "true"): Verify element property value successfully

2023-10-16 14:20:22 - [MESSAGE][PASSED] - Verify element property value successfully

2023-10-16 14:20:22 - [TEST_STEP][PASSED] - verifyElementPropertyValue(getResponse, "groups[0].pricingPlans[0].packageId", "SHAHID_VIP_SPORT"): Verify element property value successfully

2023-10-16 14:20:22 - [MESSAGE][PASSED] - Verify element property value successfully

2023-10-16 14:20:22 - [TEST_STEP][PASSED] - verifyElementPropertyValue(getResponse, "groups[0].pricingPlans[0].catalogId", "SPORT"): Verify element property value successfully

2023-10-16 14:20:22 - [MESSAGE][PASSED] - Verify element property value successfully

2023-10-16 14:20:22 - [TEST_STEP][PASSED] - verifyElementPropertyValue(getResponse, "groups[0].pricingPlans[0].visualElements[0].key", "Header_1_text"): Verify element property value successfully

2023-10-16 14:20:22 - [MESSAGE][PASSED] - Verify element property value successfully

2023-10-16 14:20:22 - [TEST_STEP][PASSED] - verifyElementPropertyValue(getResponse, "groups[0].pricingPlans[0].visualElements[0].value", "Watch the most powerful series and movies exclusively without stopping"): Verify element property value successfully

2023-10-16 14:20:22 - [MESSAGE][PASSED] - Verify element property value successfully

2023-10-16 14:20:22 - [TEST_STEP][PASSED] - verifyElementPropertyValue(getResponse, "groups[0].pricingPlans[0].visualElements[1].key", "display_title"): Verify element property value successfully

2023-10-16 14:20:22 - [MESSAGE][PASSED] - Verify element property value successfully

2023-10-16 14:20:22 - [TEST_STEP][PASSED] - verifyElementPropertyValue(getResponse, "groups[0].pricingPlans[0].visualElements[1].value", "Monthly Plan"): Verify element property value successfully

2023-10-16 14:20:22 - [MESSAGE][PASSED] - Verify element property value successfully

2023-10-16 14:20:22 - [TEST_STEP][PASSED] - verifyElementPropertyValue(getResponse, "groups[0].pricingPlans[0].visualElements[3].key", "promo_text"): Verify element property value successfully

2023-10-16 14:20:22 - [MESSAGE][PASSED] - Verify element property value successfully

2023-10-16 14:20:22 - [TEST_STEP][PASSED] - verifyElementPropertyValue(getResponse, "groups[0].pricingPlans[0].visualElements[3].value", "19.99 TND / month"): Verify element property value successfully

2023-10-16 14:20:22 - [MESSAGE][PASSED] - Verify element property value successfully

2023-10-16 14:20:22 - [TEST_STEP][PASSED] - verifyElementPropertyValue(getResponse, "groups[0].pricingPlans[0].visualElements[4].key", "deduction_text"): Verify element property value successfully

2023-10-16 14:20:22 - [MESSAGE][PASSED] - Verify element property value successfully

2023-10-16 14:20:22 - [TEST_STEP][PASSED] - verifyElementPropertyValue(getResponse, "groups[0].pricingPlans[0].visualElements[4].value", "billed every month"): Verify element property value successfully

2023-10-16 14:20:22 - [MESSAGE][PASSED] - Verify element property value successfully

2023-10-16 14:20:22 - [TEST_STEP][PASSED] - verifyElementPropertyValue(getResponse, "groups[0].pricingPlans[0].visualElements[7].key", "show_payment_logo"): Verify element property value successfully

2023-10-16 14:20:22 - [MESSAGE][PASSED] - Verify element property value successfully

2023-10-16 14:20:22 - [TEST_STEP][PASSED] - verifyElementPropertyValue(getResponse, "groups[0].pricingPlans[0].visualElements[7].value", "true"): Verify element property value successfully

2023-10-16 14:20:22 - [MESSAGE][PASSED] - Verify element property value successfully

2023-10-16 14:20:22 - [TEST_STEP][PASSED] - verifyElementPropertyValue(getResponse, "groups[0].pricingPlans[0].visualElements[8].key", "show_tag"): Verify element property value successfully

2023-10-16 14:20:22 - [MESSAGE][PASSED] - Verify element property value successfully

2023-10-16 14:20:22 - [TEST_STEP][PASSED] - verifyElementPropertyValue(getResponse, "groups[0].pricingPlans[0].visualElements[8].value", "false"): Verify element property value successfully

2023-10-16 14:20:22 - [MESSAGE][PASSED] - Verify element property value successfully

2023-10-16 14:20:22 - [TEST_STEP][PASSED] - verifyElementPropertyValue(getResponse, "groups[0].pricingPlans[0].visualElements[10].key", "price"): Verify element property value successfully

2023-10-16 14:20:22 - [MESSAGE][PASSED] - Verify element property value successfully

2023-10-16 14:20:22 - [TEST_STEP][PASSED] - verifyElementPropertyValue(getResponse, "groups[0].pricingPlans[0].visualElements[10].value", "19.99"): Verify element property value successfully

2023-10-16 14:20:22 - [MESSAGE][PASSED] - Verify element property value successfully

2023-10-16 14:20:22 - [TEST_STEP][PASSED] - verifyElementPropertyValue(getResponse, "groups[0].pricingPlans[0].visualElements[11].key", "currency"): Verify element property value successfully

2023-10-16 14:20:22 - [MESSAGE][PASSED] - Verify element property value successfully

2023-10-16 14:20:22 - [TEST_STEP][PASSED] - verifyElementPropertyValue(getResponse, "groups[0].pricingPlans[0].visualElements[11].value", "TND"): Verify element property value successfully

2023-10-16 14:20:22 - [MESSAGE][PASSED] - Verify element property value successfully

2023-10-16 14:20:22 - [TEST_STEP][PASSED] - verifyElementPropertyValue(getResponse, "groups[0].pricingPlans[0].visualElements[12].key", "duration"): Verify element property value successfully

2023-10-16 14:20:22 - [MESSAGE][PASSED] - Verify element property value successfully

2023-10-16 14:20:22 - [TEST_STEP][PASSED] - verifyElementPropertyValue(getResponse, "groups[0].pricingPlans[0].visualElements[12].value", "Monthly"): Verify element property value successfully

2023-10-16 14:20:22 - [MESSAGE][PASSED] - Verify element property value successfully

2023-10-16 14:20:22 - [TEST_STEP][PASSED] - verifyElementPropertyValue(getResponse, "groups[0].pricingPlans[0].visualElements[13].key", "featured_tag_text"): Verify element property value successfully

2023-10-16 14:20:22 - [MESSAGE][PASSED] - Verify element property value successfully

2023-10-16 14:20:22 - [TEST_STEP][PASSED] - verifyElementPropertyValue(getResponse, "groups[0].pricingPlans[0].visualElements[13].value", "Most popular"): Verify element property value successfully

2023-10-16 14:20:22 - [MESSAGE][PASSED] - Verify element property value successfully

2023-10-16 14:20:22 - [TEST_STEP][PASSED] - verifyElementPropertyValue(getResponse, "groups[0].pricingPlans[0].order", "3"): Verify element property value successfully

2023-10-16 14:20:22 - [MESSAGE][PASSED] - Verify element property value successfully

2023-10-16 14:20:22 - [TEST_STEP][PASSED] - verifyElementPropertyValue(getResponse, "groups[0].pricingPlans[0].period", "monthly"): Verify element property value successfully

2023-10-16 14:20:22 - [MESSAGE][PASSED] - Verify element property value successfully

2023-10-16 14:20:22 - [TEST_STEP][PASSED] - verifyElementPropertyValue(getResponse, "groups[0].pricingPlans[0].price", "19.99"): Verify element property value successfully

2023-10-16 14:20:22 - [MESSAGE][PASSED] - Verify element property value successfully

2023-10-16 14:20:22 - [TEST_STEP][PASSED] - verifyElementPropertyValue(getResponse, "groups[0].pricingPlans[0].currency", "TND"): Verify element property value successfully

2023-10-16 14:20:22 - [MESSAGE][PASSED] - Verify element property value successfully

2023-10-16 14:20:22 - [TEST_STEP][PASSED] - verifyElementPropertyValue(getResponse, "groups[0].pricingPlans[0].pricingPlanData[0].productId", "TUN_B2C_SHAHID_VIP_SPORT_1M"): Verify element property value successfully

2023-10-16 14:20:23 - [MESSAGE][PASSED] - Verify element property value successfully

2023-10-16 14:20:23 - [TEST_STEP][PASSED] - verifyElementPropertyValue(getResponse, "groups[0].pricingPlans[0].pricingPlanData[0].subPricingPlanIds", "null"): Verify element property value successfully

2023-10-16 14:20:23 - [MESSAGE][PASSED] - Verify element property value successfully

2023-10-16 14:20:23 - [TEST_STEP][PASSED] - verifyElementPropertyValue(getResponse, "groups[0].pricingPlans[0].pricingPlanData[0].paymentMethod", "CREDIT_CARD"): Verify element property value successfully

2023-10-16 14:20:23 - [MESSAGE][PASSED] - Verify element property value successfully

2023-10-16 14:20:23 - [TEST_STEP][PASSED] - verifyElementPropertyValue(getResponse, "groups[0].pricingPlans[0].pricingPlanData[0].freeTrialEnabled", "false"): Verify element property value successfully

2023-10-16 14:20:23 - [MESSAGE][PASSED] - Verify element property value successfully

2023-10-16 14:20:23 - [TEST_STEP][PASSED] - verifyElementPropertyValue(getResponse, "groups[0].pricingPlans[0].pricingPlanData[0].visualElements[0].key", "title"): Verify element property value successfully

2023-10-16 14:20:23 - [MESSAGE][PASSED] - Verify element property value successfully

2023-10-16 14:20:23 - [TEST_STEP][PASSED] - verifyElementPropertyValue(getResponse, "groups[0].pricingPlans[0].pricingPlanData[0].visualElements[0].value", "Credit/Debit Card"): Verify element property value successfully

2023-10-16 14:20:23 - [MESSAGE][PASSED] - Verify element property value successfully

2023-10-16 14:20:23 - [TEST_STEP][PASSED] - verifyElementPropertyValue(getResponse, "groups[0].pricingPlans[0].pricingPlanData[0].visualElements[1].key", "CTA_text"): Verify element property value successfully

2023-10-16 14:20:23 - [MESSAGE][PASSED] - Verify element property value successfully

2023-10-16 14:20:23 - [TEST_STEP][PASSED] - verifyElementPropertyValue(getResponse, "groups[0].pricingPlans[0].pricingPlanData[0].visualElements[1].value", "Subscribe"): Verify element property value successfully

2023-10-16 14:20:23 - [MESSAGE][PASSED] - Verify element property value successfully

2023-10-16 14:20:23 - [TEST_STEP][PASSED] - verifyElementPropertyValue(getResponse, "groups[0].pricingPlans[0].pricingPlanData[0].visualElements[2].key", "logo"): Verify element property value successfully

2023-10-16 14:20:23 - [MESSAGE][PASSED] - Verify element property value successfully

2023-10-16 14:20:23 - [TEST_STEP][PASSED] - verifyElementPropertyValue(getResponse, "groups[0].pricingPlans[0].pricingPlanData[0].visualElements[2].value", "https://static.s3.shahid.mbc.net/widget-images/icons/iconCreditCard.png"): Verify element property value successfully

2023-10-16 14:20:23 - [MESSAGE][PASSED] - Verify element property value successfully

2023-10-16 14:20:23 - [TEST_STEP][PASSED] - verifyElementPropertyValue(getResponse, "groups[0].pricingPlans[0].pricingPlanData[0].priceLabel", "19.99"): Verify element property value successfully

2023-10-16 14:20:23 - [MESSAGE][PASSED] - Verify element property value successfully

2023-10-16 14:20:23 - [TEST_STEP][PASSED] - verifyElementPropertyValue(getResponse, "groups[0].pricingPlans[0].pricingPlanData[0].currencyLabel", "TND"): Verify element property value successfully

2023-10-16 14:20:23 - [MESSAGE][PASSED] - Verify element property value successfully

2023-10-16 14:20:23 - [TEST_STEP][PASSED] - verifyElementPropertyValue(getResponse, "groups[0].pricingPlans[1].featured", "false"): Verify element property value successfully

2023-10-16 14:20:23 - [MESSAGE][PASSED] - Verify element property value successfully

2023-10-16 14:20:23 - [TEST_STEP][PASSED] - verifyElementPropertyValue(getResponse, "groups[0].pricingPlans[1].packageId", "SHAHID_VIP_SPORT"): Verify element property value successfully

2023-10-16 14:20:23 - [MESSAGE][PASSED] - Verify element property value successfully

2023-10-16 14:20:23 - [TEST_STEP][PASSED] - verifyElementPropertyValue(getResponse, "groups[0].pricingPlans[1].catalogId", "SPORT"): Verify element property value successfully

2023-10-16 14:20:23 - [MESSAGE][PASSED] - Verify element property value successfully

2023-10-16 14:20:23 - [TEST_STEP][PASSED] - verifyElementPropertyValue(getResponse, "groups[0].pricingPlans[1].visualElements[0].key", "Header_1_text"): Verify element property value successfully

2023-10-16 14:20:23 - [MESSAGE][PASSED] - Verify element property value successfully

2023-10-16 14:20:23 - [TEST_STEP][PASSED] - verifyElementPropertyValue(getResponse, "groups[0].pricingPlans[1].visualElements[0].value", "Watch the most powerful series and movies exclusively without stopping"): Verify element property value successfully

2023-10-16 14:20:23 - [MESSAGE][PASSED] - Verify element property value successfully

2023-10-16 14:20:23 - [TEST_STEP][PASSED] - verifyElementPropertyValue(getResponse, "groups[0].pricingPlans[1].visualElements[1].key", "display_title"): Verify element property value successfully

2023-10-16 14:20:23 - [MESSAGE][PASSED] - Verify element property value successfully

2023-10-16 14:20:23 - [TEST_STEP][PASSED] - verifyElementPropertyValue(getResponse, "groups[0].pricingPlans[1].visualElements[1].value", "Annual Plan"): Verify element property value successfully

2023-10-16 14:20:23 - [MESSAGE][PASSED] - Verify element property value successfully

2023-10-16 14:20:23 - [TEST_STEP][PASSED] - verifyElementPropertyValue(getResponse, "groups[0].pricingPlans[1].visualElements[2].key", "tag_text"): Verify element property value successfully

2023-10-16 14:20:23 - [MESSAGE][PASSED] - Verify element property value successfully

2023-10-16 14:20:23 - [TEST_STEP][PASSED] - verifyElementPropertyValue(getResponse, "groups[0].pricingPlans[1].visualElements[2].value", "Save 21%"): Verify element property value successfully

2023-10-16 14:20:23 - [MESSAGE][PASSED] - Verify element property value successfully

2023-10-16 14:20:23 - [TEST_STEP][PASSED] - verifyElementPropertyValue(getResponse, "groups[0].pricingPlans[1].visualElements[3].key", "promo_text"): Verify element property value successfully

2023-10-16 14:20:23 - [MESSAGE][PASSED] - Verify element property value successfully

2023-10-16 14:20:23 - [TEST_STEP][PASSED] - verifyElementPropertyValue(getResponse, "groups[0].pricingPlans[1].visualElements[3].value", "15.7 TND/ month"): Verify element property value successfully

2023-10-16 14:20:23 - [MESSAGE][PASSED] - Verify element property value successfully

2023-10-16 14:20:23 - [TEST_STEP][PASSED] - verifyElementPropertyValue(getResponse, "groups[0].pricingPlans[1].visualElements[4].key", "deduction_text"): Verify element property value successfully

2023-10-16 14:20:23 - [MESSAGE][PASSED] - Verify element property value successfully

2023-10-16 14:20:23 - [TEST_STEP][PASSED] - verifyElementPropertyValue(getResponse, "groups[0].pricingPlans[1].visualElements[4].value", "188.49 TND billed every year"): Verify element property value successfully

2023-10-16 14:20:23 - [MESSAGE][PASSED] - Verify element property value successfully

2023-10-16 14:20:23 - [TEST_STEP][PASSED] - verifyElementPropertyValue(getResponse, "groups[0].pricingPlans[1].visualElements[7].key", "show_payment_logo"): Verify element property value successfully

2023-10-16 14:20:23 - [MESSAGE][PASSED] - Verify element property value successfully

2023-10-16 14:20:23 - [TEST_STEP][PASSED] - verifyElementPropertyValue(getResponse, "groups[0].pricingPlans[1].visualElements[7].value", "true"): Verify element property value successfully

2023-10-16 14:20:23 - [MESSAGE][PASSED] - Verify element property value successfully

2023-10-16 14:20:23 - [TEST_STEP][PASSED] - verifyElementPropertyValue(getResponse, "groups[0].pricingPlans[1].visualElements[8].key", "show_tag"): Verify element property value successfully

2023-10-16 14:20:23 - [MESSAGE][PASSED] - Verify element property value successfully

2023-10-16 14:20:23 - [TEST_STEP][PASSED] - verifyElementPropertyValue(getResponse, "groups[0].pricingPlans[1].visualElements[8].value", "true"): Verify element property value successfully

2023-10-16 14:20:23 - [MESSAGE][PASSED] - Verify element property value successfully

2023-10-16 14:20:23 - [TEST_STEP][PASSED] - verifyElementPropertyValue(getResponse, "groups[0].pricingPlans[1].visualElements[10].key", "price"): Verify element property value successfully

2023-10-16 14:20:23 - [MESSAGE][PASSED] - Verify element property value successfully

2023-10-16 14:20:23 - [TEST_STEP][PASSED] - verifyElementPropertyValue(getResponse, "groups[0].pricingPlans[1].visualElements[10].value", "188.49"): Verify element property value successfully

2023-10-16 14:20:23 - [MESSAGE][PASSED] - Verify element property value successfully

2023-10-16 14:20:23 - [TEST_STEP][PASSED] - verifyElementPropertyValue(getResponse, "groups[0].pricingPlans[1].visualElements[11].key", "currency"): Verify element property value successfully

2023-10-16 14:20:23 - [MESSAGE][PASSED] - Verify element property value successfully

2023-10-16 14:20:23 - [TEST_STEP][PASSED] - verifyElementPropertyValue(getResponse, "groups[0].pricingPlans[1].visualElements[11].value", "TND"): Verify element property value successfully

2023-10-16 14:20:23 - [MESSAGE][PASSED] - Verify element property value successfully

2023-10-16 14:20:23 - [TEST_STEP][PASSED] - verifyElementPropertyValue(getResponse, "groups[0].pricingPlans[1].visualElements[12].key", "duration"): Verify element property value successfully

2023-10-16 14:20:23 - [MESSAGE][PASSED] - Verify element property value successfully

2023-10-16 14:20:23 - [TEST_STEP][PASSED] - verifyElementPropertyValue(getResponse, "groups[0].pricingPlans[1].visualElements[12].value", "yearly"): Verify element property value successfully

2023-10-16 14:20:23 - [MESSAGE][PASSED] - Verify element property value successfully

2023-10-16 14:20:23 - [TEST_STEP][PASSED] - verifyElementPropertyValue(getResponse, "groups[0].pricingPlans[1].order", "5"): Verify element property value successfully

2023-10-16 14:20:23 - [MESSAGE][PASSED] - Verify element property value successfully

2023-10-16 14:20:23 - [TEST_STEP][PASSED] - verifyElementPropertyValue(getResponse, "groups[0].pricingPlans[1].period", "yearly"): Verify element property value successfully

2023-10-16 14:20:23 - [MESSAGE][PASSED] - Verify element property value successfully

2023-10-16 14:20:23 - [TEST_STEP][PASSED] - verifyElementPropertyValue(getResponse, "groups[0].pricingPlans[1].price", "188.49"): Verify element property value successfully

2023-10-16 14:20:23 - [MESSAGE][PASSED] - Verify element property value successfully

2023-10-16 14:20:23 - [TEST_STEP][PASSED] - verifyElementPropertyValue(getResponse, "groups[0].pricingPlans[1].currency", "TND"): Verify element property value successfully

2023-10-16 14:20:23 - [MESSAGE][PASSED] - Verify element property value successfully

2023-10-16 14:20:23 - [TEST_STEP][PASSED] - verifyElementPropertyValue(getResponse, "groups[0].pricingPlans[1].pricingPlanData[0].productId", "TUN_B2C_SHAHID_VIP_SPORT_12M"): Verify element property value successfully

2023-10-16 14:20:23 - [MESSAGE][PASSED] - Verify element property value successfully

2023-10-16 14:20:23 - [TEST_STEP][PASSED] - verifyElementPropertyValue(getResponse, "groups[0].pricingPlans[1].pricingPlanData[0].subPricingPlanIds", "null"): Verify element property value successfully

2023-10-16 14:20:23 - [MESSAGE][PASSED] - Verify element property value successfully

2023-10-16 14:20:23 - [TEST_STEP][PASSED] - verifyElementPropertyValue(getResponse, "groups[0].pricingPlans[1].pricingPlanData[0].paymentMethod", "CREDIT_CARD"): Verify element property value successfully

2023-10-16 14:20:23 - [MESSAGE][PASSED] - Verify element property value successfully

2023-10-16 14:20:23 - [TEST_STEP][PASSED] - verifyElementPropertyValue(getResponse, "groups[0].pricingPlans[1].pricingPlanData[0].freeTrialEnabled", "false"): Verify element property value successfully

2023-10-16 14:20:23 - [MESSAGE][PASSED] - Verify element property value successfully

2023-10-16 14:20:23 - [TEST_STEP][PASSED] - verifyElementPropertyValue(getResponse, "groups[0].pricingPlans[1].pricingPlanData[0].visualElements[0].key", "title"): Verify element property value successfully

2023-10-16 14:20:23 - [MESSAGE][PASSED] - Verify element property value successfully

2023-10-16 14:20:23 - [TEST_STEP][PASSED] - verifyElementPropertyValue(getResponse, "groups[0].pricingPlans[1].pricingPlanData[0].visualElements[0].value", "Credit/Debit Card"): Verify element property value successfully

2023-10-16 14:20:23 - [MESSAGE][PASSED] - Verify element property value successfully

2023-10-16 14:20:23 - [TEST_STEP][PASSED] - verifyElementPropertyValue(getResponse, "groups[0].pricingPlans[1].pricingPlanData[0].visualElements[1].key", "CTA_text"): Verify element property value successfully

2023-10-16 14:20:23 - [MESSAGE][PASSED] - Verify element property value successfully

2023-10-16 14:20:23 - [TEST_STEP][PASSED] - verifyElementPropertyValue(getResponse, "groups[0].pricingPlans[1].pricingPlanData[0].visualElements[1].value", "Subscribe"): Verify element property value successfully

2023-10-16 14:20:23 - [MESSAGE][PASSED] - Verify element property value successfully

2023-10-16 14:20:23 - [TEST_STEP][PASSED] - verifyElementPropertyValue(getResponse, "groups[0].pricingPlans[1].pricingPlanData[0].visualElements[2].key", "logo"): Verify element property value successfully

2023-10-16 14:20:23 - [MESSAGE][PASSED] - Verify element property value successfully

2023-10-16 14:20:23 - [TEST_STEP][PASSED] - verifyElementPropertyValue(getResponse, "groups[0].pricingPlans[1].pricingPlanData[0].visualElements[2].value", "https://static.s3.shahid.mbc.net/widget-images/icons/iconCreditCard.png"): Verify element property value successfully

2023-10-16 14:20:23 - [MESSAGE][PASSED] - Verify element property value successfully

2023-10-16 14:20:23 - [TEST_STEP][PASSED] - verifyElementPropertyValue(getResponse, "groups[0].pricingPlans[1].pricingPlanData[0].priceLabel", "188.49"): Verify element property value successfully

2023-10-16 14:20:23 - [MESSAGE][PASSED] - Verify element property value successfully

2023-10-16 14:20:23 - [TEST_STEP][PASSED] - verifyElementPropertyValue(getResponse, "groups[0].pricingPlans[1].pricingPlanData[0].currencyLabel", "TND"): Verify element property value successfully

2023-10-16 14:20:23 - [MESSAGE][PASSED] - Verify element property value successfully

2023-10-16 14:20:23 - [TEST_STEP][PASSED] - verifyElementPropertyValue(getResponse, "visualElements[0].key", "main_CTA_text_1"): Verify element property value successfully

2023-10-16 14:20:23 - [MESSAGE][PASSED] - Verify element property value successfully

2023-10-16 14:20:23 - [TEST_STEP][PASSED] - verifyElementPropertyValue(getResponse, "visualElements[0].value", "Watch the most powerful series and movies exclusively without stopping"): Verify element property value successfully

2023-10-16 14:20:23 - [MESSAGE][PASSED] - Verify element property value successfully

2023-10-16 14:20:23 - [TEST_STEP][PASSED] - verifyElementPropertyValue(getResponse, "visualElements[2].key", "main_disclaimer_text"): Verify element property value successfully

2023-10-16 14:20:23 - [MESSAGE][PASSED] - Verify element property value successfully

2023-10-16 14:20:23 - [TEST_STEP][PASSED] - verifyElementPropertyValue(getResponse, "visualElements[2].value", "Subscription fees may vary depending on the country, payment method, subscription package, added tax, currency conversion factor, and bank fees. Terms and conditions apply."): Verify element property value successfully

2023-10-16 14:20:23 - [MESSAGE][PASSED] - Verify element property value successfully

2023-10-16 14:20:23 - [TEST_STEP][PASSED] - verifyElementPropertyValue(getResponse, "visualElements[4].key", "display_type"): Verify element property value successfully

2023-10-16 14:20:23 - [MESSAGE][PASSED] - Verify element property value successfully

2023-10-16 14:20:23 - [TEST_STEP][PASSED] - verifyElementPropertyValue(getResponse, "visualElements[4].value", "vertical"): Verify element property value successfully

2023-10-16 14:20:23 - [MESSAGE][PASSED] - Verify element property value successfully

2023-10-16 14:20:23 - [TEST_STEP][PASSED] - verifyElementPropertyValue(getResponse, "pages[0].visualElements[0].key", "alternative_payment_title"): Verify element property value successfully

2023-10-16 14:20:23 - [MESSAGE][PASSED] - Verify element property value successfully

2023-10-16 14:20:23 - [TEST_STEP][PASSED] - verifyElementPropertyValue(getResponse, "pages[0].visualElements[0].value", "Or choose one of the following alternative methods"): Verify element property value successfully

2023-10-16 14:20:23 - [MESSAGE][PASSED] - Verify element property value successfully

2023-10-16 14:20:23 - [TEST_STEP][PASSED] - verifyElementPropertyValue(getResponse, "pages[0].visualElements[1].key", "label_text"): Verify element property value successfully

2023-10-16 14:20:23 - [MESSAGE][PASSED] - Verify element property value successfully

2023-10-16 14:20:23 - [TEST_STEP][FAILED] - verifyElementPropertyValue(getResponse, "pages[0].visualElements[1].value", "Other Payment Methods"): Expected element property value 'Other Payment Methods' is not equal with actual property value 'Other payment methods'

2023-10-16 14:20:23 - [MESSAGE][FAILED] - Expected element property value 'Other Payment Methods' is not equal with actual property value 'Other payment methods'

2023-10-16 14:20:23 - [TEST_STEP][PASSED] - verifyElementPropertyValue(getResponse, "pages[0].visualElements[3].key", "CTA_text"): Verify element property value successfully

2023-10-16 14:20:23 - [MESSAGE][PASSED] - Verify element property value successfully

2023-10-16 14:20:23 - [TEST_STEP][PASSED] - verifyElementPropertyValue(getResponse, "pages[0].visualElements[3].value", "Click here"): Verify element property value successfully

2023-10-16 14:20:23 - [MESSAGE][PASSED] - Verify element property value successfully

2023-10-16 14:20:23 - [TEST_STEP][PASSED] - verifyElementPropertyValue(getResponse, "pages[0].visualElements[4].key", "main_title"): Verify element property value successfully

2023-10-16 14:20:23 - [MESSAGE][PASSED] - Verify element property value successfully

2023-10-16 14:20:23 - [TEST_STEP][PASSED] - verifyElementPropertyValue(getResponse, "pages[0].visualElements[4].value", "Other Payment Methods"): Verify element property value successfully

2023-10-16 14:20:23 - [MESSAGE][PASSED] - Verify element property value successfully

2023-10-16 14:20:23 - [TEST_STEP][PASSED] - verifyElementPropertyValue(getResponse, "pages[0].visualElements[6].key", "alternative_payment_methods"): Verify element property value successfully

2023-10-16 14:20:23 - [MESSAGE][PASSED] - Verify element property value successfully

2023-10-16 14:20:23 - [TEST_STEP][PASSED] - verifyElementPropertyValue(getResponse, "pages[0].visualElements[6].value", "You can get Shahid voucher from any of the following retailers"): Verify element property value successfully

2023-10-16 14:20:23 - [MESSAGE][PASSED] - Verify element property value successfully

2023-10-16 14:20:23 - [TEST_STEP][PASSED] - verifyElementPropertyValue(getResponse, "partners[0].name", "Razer Online"): Verify element property value successfully

2023-10-16 14:20:23 - [MESSAGE][PASSED] - Verify element property value successfully

2023-10-16 14:20:23 - [TEST_STEP][PASSED] - verifyElementPropertyValue(getResponse, "partners[0].link", "https://gold.razer.com/global/en/gold/catalog/shahid-vip-north-africa"): Verify element property value successfully

2023-10-16 14:20:23 - [MESSAGE][PASSED] - Verify element property value successfully

2023-10-16 14:20:23 - [TEST_STEP][PASSED] - verifyElementPropertyValue(getResponse, "partners[0].logo", "https://shahid-static.s3.amazonaws.com/widget-images/logos/Coin_RZR%20Gold_Black.png"): Verify element property value successfully

2023-10-16 14:20:23 - [MESSAGE][PASSED] - Verify element property value successfully

2023-10-16 14:20:23 - [TEST_STEP][PASSED] - verifyElementPropertyValue(getResponse, "partners[0].visible", "true"): Verify element property value successfully

2023-10-16 14:20:23 - [MESSAGE][PASSED] - Verify element property value successfully

2023-10-16 14:20:23 - [TEST_STEP][PASSED] - verifyElementPropertyValue(getResponse, "partners[0].visualElements[0].key", "text"): Verify element property value successfully

2023-10-16 14:20:23 - [MESSAGE][PASSED] - Verify element property value successfully

2023-10-16 14:20:23 - [TEST_STEP][PASSED] - verifyElementPropertyValue(getResponse, "partners[0].visualElements[0].value", "More Information"): Verify element property value successfully

2023-10-16 14:20:23 - [MESSAGE][PASSED] - Verify element property value successfully

2023-10-16 14:20:23 - [TEST_STEP][PASSED] - verifyElementPropertyValue(getResponse, "partners[1].name", "Flouci"): Verify element property value successfully

2023-10-16 14:20:23 - [MESSAGE][PASSED] - Verify element property value successfully

2023-10-16 14:20:23 - [TEST_STEP][PASSED] - verifyElementPropertyValue(getResponse, "partners[1].link", "https://play.google.com/store/apps/details?id=com.kaoun.flouci&hl=en&gl=US"): Verify element property value successfully

2023-10-16 14:20:23 - [MESSAGE][PASSED] - Verify element property value successfully

2023-10-16 14:20:23 - [TEST_STEP][PASSED] - verifyElementPropertyValue(getResponse, "partners[1].logo", "https://shahid-static.s3.amazonaws.com/widget-images/logos/Flouci_logo1.png"): Verify element property value successfully

2023-10-16 14:20:23 - [MESSAGE][PASSED] - Verify element property value successfully

2023-10-16 14:20:23 - [TEST_STEP][PASSED] - verifyElementPropertyValue(getResponse, "partners[1].visible", "true"): Verify element property value successfully

2023-10-16 14:20:23 - [MESSAGE][PASSED] - Verify element property value successfully

2023-10-16 14:20:23 - [TEST_STEP][PASSED] - verifyElementPropertyValue(getResponse, "partners[1].visualElements[0].key", "text"): Verify element property value successfully

2023-10-16 14:20:23 - [MESSAGE][PASSED] - Verify element property value successfully

2023-10-16 14:20:23 - [TEST_STEP][PASSED] - verifyElementPropertyValue(getResponse, "partners[1].visualElements[0].value", "More Information"): Verify element property value successfully

2023-10-16 14:20:23 - [MESSAGE][PASSED] - Verify element property value successfully

2023-10-16 14:20:23 - [TEST_STEP][PASSED] - verifyElementPropertyValue(getResponse, "partners[2].name", "Metagames Bilgi Islemleri Limited"): Verify element property value successfully

2023-10-16 14:20:23 - [MESSAGE][PASSED] - Verify element property value successfully

2023-10-16 14:20:23 - [TEST_STEP][PASSED] - verifyElementPropertyValue(getResponse, "partners[2].link", "https://www.mtcgame.com/en-US/shahid/shahid-vip-gift-card-global"): Verify element property value successfully

2023-10-16 14:20:23 - [MESSAGE][PASSED] - Verify element property value successfully

2023-10-16 14:20:23 - [TEST_STEP][PASSED] - verifyElementPropertyValue(getResponse, "partners[2].logo", "https://shahid-static.s3.amazonaws.com/widget-images/logos/Logo_Meta%2BGames.png"): Verify element property value successfully

2023-10-16 14:20:23 - [MESSAGE][PASSED] - Verify element property value successfully

2023-10-16 14:20:23 - [TEST_STEP][PASSED] - verifyElementPropertyValue(getResponse, "partners[2].visible", "true"): Verify element property value successfully

2023-10-16 14:20:23 - [MESSAGE][PASSED] - Verify element property value successfully

2023-10-16 14:20:23 - [TEST_STEP][PASSED] - verifyElementPropertyValue(getResponse, "partners[2].visualElements[0].key", "text"): Verify element property value successfully

2023-10-16 14:20:23 - [MESSAGE][PASSED] - Verify element property value successfully

2023-10-16 14:20:23 - [TEST_STEP][PASSED] - verifyElementPropertyValue(getResponse, "partners[2].visualElements[0].value", "More Information"): Verify element property value successfully

2023-10-16 14:20:23 - [MESSAGE][PASSED] - Verify element property value successfully

2023-10-16 14:20:23 - [TEST_STEP][PASSED] - verifyElementPropertyValue(getResponse, "partners[3].name", "Offgamers"): Verify element property value successfully

2023-10-16 14:20:23 - [MESSAGE][PASSED] - Verify element property value successfully

2023-10-16 14:20:23 - [TEST_STEP][PASSED] - verifyElementPropertyValue(getResponse, "partners[3].link", "https://www.offgamers.com/ae/en/shahid-vip"): Verify element property value successfully

2023-10-16 14:20:23 - [MESSAGE][PASSED] - Verify element property value successfully

2023-10-16 14:20:23 - [TEST_STEP][PASSED] - verifyElementPropertyValue(getResponse, "partners[3].logo", "https://shahid-static.s3.amazonaws.com/widget-images/logos/Logo_Offgamers.jpg"): Verify element property value successfully

2023-10-16 14:20:23 - [MESSAGE][PASSED] - Verify element property value successfully

2023-10-16 14:20:23 - [TEST_STEP][PASSED] - verifyElementPropertyValue(getResponse, "partners[3].visible", "true"): Verify element property value successfully

2023-10-16 14:20:23 - [MESSAGE][PASSED] - Verify element property value successfully

2023-10-16 14:20:23 - [TEST_STEP][PASSED] - verifyElementPropertyValue(getResponse, "partners[3].visualElements[0].key", "text"): Verify element property value successfully

2023-10-16 14:20:23 - [MESSAGE][PASSED] - Verify element property value successfully

2023-10-16 14:20:23 - [TEST_STEP][PASSED] - verifyElementPropertyValue(getResponse, "partners[3].visualElements[0].value", "More Information"): Verify element property value successfully

2023-10-16 14:20:23 - [MESSAGE][PASSED] - Verify element property value successfully

2023-10-16 14:20:23 - [TEST_STEP][PASSED] - verifyElementPropertyValue(getResponse, "defaultPackageId", "SHAHID_VIP"): Verify element property value successfully

2023-10-16 14:20:23 - [MESSAGE][PASSED] - Verify element property value successfully]]></system-out>
         <system-err><![CDATA[2023-10-16 14:20:21 - [TEST_CASE][FAILED] - Test Cases/WEB - CHROME/TUN PI/WEB_EN_getSubscriptionConfigForTUN_SPORT: Test Cases/WEB - CHROME/TUN PI/WEB_EN_getSubscriptionConfigForTUN_SPORT FAILED.
Reason:
com.kms.katalon.core.exception.StepFailedException: Expected element property value 'Other Payment Methods' is not equal with actual property value 'Other payment methods'
	at com.kms.katalon.core.keyword.internal.KeywordMain.stepFailed(KeywordMain.groovy:39)
	at com.kms.katalon.core.webservice.keyword.builtin.VerifyElementPropertyValueKeyword$_verifyElementPropertyValue_closure1.doCall(VerifyElementPropertyValueKeyword.groovy:56)
	at com.kms.katalon.core.webservice.keyword.builtin.VerifyElementPropertyValueKeyword$_verifyElementPropertyValue_closure1.call(VerifyElementPropertyValueKeyword.groovy)
	at com.kms.katalon.core.keyword.internal.KeywordMain.runKeyword(KeywordMain.groovy:75)
	at com.kms.katalon.core.webservice.keyword.builtin.VerifyElementPropertyValueKeyword.verifyElementPropertyValue(VerifyElementPropertyValueKeyword.groovy:48)
	at com.kms.katalon.core.webservice.keyword.builtin.VerifyElementPropertyValueKeyword.execute(VerifyElementPropertyValueKeyword.groovy:43)
	at com.kms.katalon.core.keyword.internal.KeywordExecutor.executeKeywordForPlatform(KeywordExecutor.groovy:74)
	at com.kms.katalon.core.webservice.keyword.WSBuiltInKeywords.verifyElementPropertyValue(WSBuiltInKeywords.groovy:190)
	at com.kms.katalon.core.webservice.keyword.WSBuiltInKeywords$verifyElementPropertyValue$1.call(Unknown Source)
	at WEB_EN_getSubscriptionConfigForTUN_SPORT.run(WEB_EN_getSubscriptionConfigForTUN_SPORT:153)
	at com.kms.katalon.core.main.ScriptEngine.run(ScriptEngine.java:194)
	at com.kms.katalon.core.main.ScriptEngine.runScriptAsRawText(ScriptEngine.java:119)
	at com.kms.katalon.core.main.TestCaseExecutor.runScript(TestCaseExecutor.java:448)
	at com.kms.katalon.core.main.TestCaseExecutor.doExecute(TestCaseExecutor.java:439)
	at com.kms.katalon.core.main.TestCaseExecutor.processExecutionPhase(TestCaseExecutor.java:418)
	at com.kms.katalon.core.main.TestCaseExecutor.accessMainPhase(TestCaseExecutor.java:410)
	at com.kms.katalon.core.main.TestCaseExecutor.execute(TestCaseExecutor.java:285)
	at com.kms.katalon.core.common.CommonExecutor.accessTestCaseMainPhase(CommonExecutor.java:65)
	at com.kms.katalon.core.main.TestSuiteExecutor.accessTestSuiteMainPhase(TestSuiteExecutor.java:148)
	at com.kms.katalon.core.main.TestSuiteExecutor.execute(TestSuiteExecutor.java:106)
	at com.kms.katalon.core.main.TestCaseMain.startTestSuite(TestCaseMain.java:187)
	at com.kms.katalon.core.main.TestCaseMain$startTestSuite$0.call(Unknown Source)
	at TempTestSuite1697454223353.run(TempTestSuite1697454223353.groovy:36)]]></system-err>
      </testcase>
      <testcase name="Test Cases/WEB - CHROME/TUN PI/WEB_AR_getSubscriptionConfigForTUN_Imagine" time="1.982" classname="Test Cases/WEB - CHROME/TUN PI/WEB_AR_getSubscriptionConfigForTUN_Imagine" status="PASSED">
         <system-out><![CDATA[2023-10-16 14:20:23 - [TEST_CASE][PASSED] - Test Cases/WEB - CHROME/TUN PI/WEB_AR_getSubscriptionConfigForTUN_Imagine: Test Cases/WEB - CHROME/TUN PI/WEB_AR_getSubscriptionConfigForTUN_Imagine

2023-10-16 14:20:24 - [TEST_STEP][PASSED] - getResponse = config_files.getConfigFile.getConfig("WEB", "AR", "SHAHID_VIP_GEA", "TN", "false"): config_files.getConfigFile.getConfig is PASSED

2023-10-16 14:20:24 - [MESSAGE][INFO] - HAR: /Users/admin/git/shahid-configuration/Reports/20231016_140310/WEB/TUN/20231016_140343/requests/main/2.har

2023-10-16 14:20:24 - [MESSAGE][PASSED] - Send request successfully

2023-10-16 14:20:24 - [MESSAGE][PASSED] - config_files.getConfigFile.getConfig is PASSED

2023-10-16 14:20:24 - [TEST_STEP][PASSED] - verifyResponseStatusCode(getResponse, 200): Verify response status code successfully

2023-10-16 14:20:24 - [MESSAGE][PASSED] - Verify response status code successfully

2023-10-16 14:20:24 - [TEST_STEP][PASSED] - verifyElementPropertyValue(getResponse, "country", "TUN"): Verify element property value successfully

2023-10-16 14:20:24 - [MESSAGE][PASSED] - Verify element property value successfully

2023-10-16 14:20:24 - [TEST_STEP][PASSED] - verifyElementPropertyValue(getResponse, "platform", "[WEB]"): Verify element property value successfully

2023-10-16 14:20:24 - [MESSAGE][PASSED] - Verify element property value successfully

2023-10-16 14:20:24 - [TEST_STEP][PASSED] - verifyElementPropertyValue(getResponse, "groups[0].pricingPlans[0].featured", "true"): Verify element property value successfully

2023-10-16 14:20:24 - [MESSAGE][PASSED] - Verify element property value successfully

2023-10-16 14:20:24 - [TEST_STEP][PASSED] - verifyElementPropertyValue(getResponse, "groups[0].pricingPlans[0].packageId", "SHAHID_VIP_GEA"): Verify element property value successfully

2023-10-16 14:20:24 - [MESSAGE][PASSED] - Verify element property value successfully

2023-10-16 14:20:24 - [TEST_STEP][PASSED] - verifyElementPropertyValue(getResponse, "groups[0].pricingPlans[0].catalogId", "GEA"): Verify element property value successfully

2023-10-16 14:20:24 - [MESSAGE][PASSED] - Verify element property value successfully

2023-10-16 14:20:24 - [TEST_STEP][PASSED] - verifyElementPropertyValue(getResponse, "groups[0].pricingPlans[0].visualElements[0].key", "Header_1_text"): Verify element property value successfully

2023-10-16 14:20:24 - [MESSAGE][PASSED] - Verify element property value successfully

2023-10-16 14:20:24 - [TEST_STEP][PASSED] - verifyElementPropertyValue(getResponse, "groups[0].pricingPlans[0].visualElements[0].value", "شاهد أقوى المسلسلات و الأفلام حصرياً دون توقف"): Verify element property value successfully

2023-10-16 14:20:24 - [MESSAGE][PASSED] - Verify element property value successfully

2023-10-16 14:20:24 - [TEST_STEP][PASSED] - verifyElementPropertyValue(getResponse, "groups[0].pricingPlans[0].visualElements[1].key", "display_title"): Verify element property value successfully

2023-10-16 14:20:24 - [MESSAGE][PASSED] - Verify element property value successfully

2023-10-16 14:20:24 - [TEST_STEP][PASSED] - verifyElementPropertyValue(getResponse, "groups[0].pricingPlans[0].visualElements[1].value", "الاشتراك الشهري"): Verify element property value successfully

2023-10-16 14:20:24 - [MESSAGE][PASSED] - Verify element property value successfully

2023-10-16 14:20:24 - [TEST_STEP][PASSED] - verifyElementPropertyValue(getResponse, "groups[0].pricingPlans[0].visualElements[3].key", "promo_text"): Verify element property value successfully

2023-10-16 14:20:24 - [MESSAGE][PASSED] - Verify element property value successfully

2023-10-16 14:20:24 - [TEST_STEP][PASSED] - verifyElementPropertyValue(getResponse, "groups[0].pricingPlans[0].visualElements[3].value", "18.99 TND / شهرياً"): Verify element property value successfully

2023-10-16 14:20:24 - [MESSAGE][PASSED] - Verify element property value successfully

2023-10-16 14:20:24 - [TEST_STEP][PASSED] - verifyElementPropertyValue(getResponse, "groups[0].pricingPlans[0].visualElements[4].key", "deduction_text"): Verify element property value successfully

2023-10-16 14:20:24 - [MESSAGE][PASSED] - Verify element property value successfully

2023-10-16 14:20:24 - [TEST_STEP][PASSED] - verifyElementPropertyValue(getResponse, "groups[0].pricingPlans[0].visualElements[4].value", "تدفع شهرياً"): Verify element property value successfully

2023-10-16 14:20:24 - [MESSAGE][PASSED] - Verify element property value successfully

2023-10-16 14:20:24 - [TEST_STEP][PASSED] - verifyElementPropertyValue(getResponse, "groups[0].pricingPlans[0].visualElements[7].key", "show_payment_logo"): Verify element property value successfully

2023-10-16 14:20:24 - [MESSAGE][PASSED] - Verify element property value successfully

2023-10-16 14:20:24 - [TEST_STEP][PASSED] - verifyElementPropertyValue(getResponse, "groups[0].pricingPlans[0].visualElements[7].value", "true"): Verify element property value successfully

2023-10-16 14:20:24 - [MESSAGE][PASSED] - Verify element property value successfully

2023-10-16 14:20:24 - [TEST_STEP][PASSED] - verifyElementPropertyValue(getResponse, "groups[0].pricingPlans[0].visualElements[8].key", "show_tag"): Verify element property value successfully

2023-10-16 14:20:24 - [MESSAGE][PASSED] - Verify element property value successfully

2023-10-16 14:20:24 - [TEST_STEP][PASSED] - verifyElementPropertyValue(getResponse, "groups[0].pricingPlans[0].visualElements[8].value", "false"): Verify element property value successfully

2023-10-16 14:20:24 - [MESSAGE][PASSED] - Verify element property value successfully

2023-10-16 14:20:24 - [TEST_STEP][PASSED] - verifyElementPropertyValue(getResponse, "groups[0].pricingPlans[0].visualElements[10].key", "price"): Verify element property value successfully

2023-10-16 14:20:24 - [MESSAGE][PASSED] - Verify element property value successfully

2023-10-16 14:20:24 - [TEST_STEP][PASSED] - verifyElementPropertyValue(getResponse, "groups[0].pricingPlans[0].visualElements[10].value", "18.99"): Verify element property value successfully

2023-10-16 14:20:24 - [MESSAGE][PASSED] - Verify element property value successfully

2023-10-16 14:20:24 - [TEST_STEP][PASSED] - verifyElementPropertyValue(getResponse, "groups[0].pricingPlans[0].visualElements[11].key", "currency"): Verify element property value successfully

2023-10-16 14:20:24 - [MESSAGE][PASSED] - Verify element property value successfully

2023-10-16 14:20:24 - [TEST_STEP][PASSED] - verifyElementPropertyValue(getResponse, "groups[0].pricingPlans[0].visualElements[11].value", "TND"): Verify element property value successfully

2023-10-16 14:20:24 - [MESSAGE][PASSED] - Verify element property value successfully

2023-10-16 14:20:24 - [TEST_STEP][PASSED] - verifyElementPropertyValue(getResponse, "groups[0].pricingPlans[0].visualElements[12].key", "duration"): Verify element property value successfully

2023-10-16 14:20:24 - [MESSAGE][PASSED] - Verify element property value successfully

2023-10-16 14:20:24 - [TEST_STEP][PASSED] - verifyElementPropertyValue(getResponse, "groups[0].pricingPlans[0].visualElements[12].value", "شهرياً"): Verify element property value successfully

2023-10-16 14:20:24 - [MESSAGE][PASSED] - Verify element property value successfully

2023-10-16 14:20:24 - [TEST_STEP][PASSED] - verifyElementPropertyValue(getResponse, "groups[0].pricingPlans[0].visualElements[13].key", "featured_tag_text"): Verify element property value successfully

2023-10-16 14:20:25 - [MESSAGE][PASSED] - Verify element property value successfully

2023-10-16 14:20:25 - [TEST_STEP][PASSED] - verifyElementPropertyValue(getResponse, "groups[0].pricingPlans[0].visualElements[13].value", " الأكثر مبيعاً"): Verify element property value successfully

2023-10-16 14:20:25 - [MESSAGE][PASSED] - Verify element property value successfully

2023-10-16 14:20:25 - [TEST_STEP][PASSED] - verifyElementPropertyValue(getResponse, "groups[0].pricingPlans[0].order", "6"): Verify element property value successfully

2023-10-16 14:20:25 - [MESSAGE][PASSED] - Verify element property value successfully

2023-10-16 14:20:25 - [TEST_STEP][PASSED] - verifyElementPropertyValue(getResponse, "groups[0].pricingPlans[0].period", "monthly"): Verify element property value successfully

2023-10-16 14:20:25 - [MESSAGE][PASSED] - Verify element property value successfully

2023-10-16 14:20:25 - [TEST_STEP][PASSED] - verifyElementPropertyValue(getResponse, "groups[0].pricingPlans[0].price", "18.99"): Verify element property value successfully

2023-10-16 14:20:25 - [MESSAGE][PASSED] - Verify element property value successfully

2023-10-16 14:20:25 - [TEST_STEP][PASSED] - verifyElementPropertyValue(getResponse, "groups[0].pricingPlans[0].currency", "TND"): Verify element property value successfully

2023-10-16 14:20:25 - [MESSAGE][PASSED] - Verify element property value successfully

2023-10-16 14:20:25 - [TEST_STEP][PASSED] - verifyElementPropertyValue(getResponse, "groups[0].pricingPlans[0].pricingPlanData[0].productId", "TUN_B2C_SHAHID_VIP_GEA_1M"): Verify element property value successfully

2023-10-16 14:20:25 - [MESSAGE][PASSED] - Verify element property value successfully

2023-10-16 14:20:25 - [TEST_STEP][PASSED] - verifyElementPropertyValue(getResponse, "groups[0].pricingPlans[0].pricingPlanData[0].subPricingPlanIds", "null"): Verify element property value successfully

2023-10-16 14:20:25 - [MESSAGE][PASSED] - Verify element property value successfully

2023-10-16 14:20:25 - [TEST_STEP][PASSED] - verifyElementPropertyValue(getResponse, "groups[0].pricingPlans[0].pricingPlanData[0].paymentMethod", "CREDIT_CARD"): Verify element property value successfully

2023-10-16 14:20:25 - [MESSAGE][PASSED] - Verify element property value successfully

2023-10-16 14:20:25 - [TEST_STEP][PASSED] - verifyElementPropertyValue(getResponse, "groups[0].pricingPlans[0].pricingPlanData[0].freeTrialEnabled", "false"): Verify element property value successfully

2023-10-16 14:20:25 - [MESSAGE][PASSED] - Verify element property value successfully

2023-10-16 14:20:25 - [TEST_STEP][PASSED] - verifyElementPropertyValue(getResponse, "groups[0].pricingPlans[0].pricingPlanData[0].visualElements[0].key", "title"): Verify element property value successfully

2023-10-16 14:20:25 - [MESSAGE][PASSED] - Verify element property value successfully

2023-10-16 14:20:25 - [TEST_STEP][PASSED] - verifyElementPropertyValue(getResponse, "groups[0].pricingPlans[0].pricingPlanData[0].visualElements[0].value", "البطاقة المصرفية"): Verify element property value successfully

2023-10-16 14:20:25 - [MESSAGE][PASSED] - Verify element property value successfully

2023-10-16 14:20:25 - [TEST_STEP][PASSED] - verifyElementPropertyValue(getResponse, "groups[0].pricingPlans[0].pricingPlanData[0].visualElements[1].key", "CTA_text"): Verify element property value successfully

2023-10-16 14:20:25 - [MESSAGE][PASSED] - Verify element property value successfully

2023-10-16 14:20:25 - [TEST_STEP][PASSED] - verifyElementPropertyValue(getResponse, "groups[0].pricingPlans[0].pricingPlanData[0].visualElements[1].value", "اشترك"): Verify element property value successfully

2023-10-16 14:20:25 - [MESSAGE][PASSED] - Verify element property value successfully

2023-10-16 14:20:25 - [TEST_STEP][PASSED] - verifyElementPropertyValue(getResponse, "groups[0].pricingPlans[0].pricingPlanData[0].visualElements[2].key", "logo"): Verify element property value successfully

2023-10-16 14:20:25 - [MESSAGE][PASSED] - Verify element property value successfully

2023-10-16 14:20:25 - [TEST_STEP][PASSED] - verifyElementPropertyValue(getResponse, "groups[0].pricingPlans[0].pricingPlanData[0].visualElements[2].value", "https://static.s3.shahid.mbc.net/widget-images/icons/iconCreditCard.png"): Verify element property value successfully

2023-10-16 14:20:25 - [MESSAGE][PASSED] - Verify element property value successfully

2023-10-16 14:20:25 - [TEST_STEP][PASSED] - verifyElementPropertyValue(getResponse, "groups[0].pricingPlans[0].pricingPlanData[0].priceLabel", "18.99"): Verify element property value successfully

2023-10-16 14:20:25 - [MESSAGE][PASSED] - Verify element property value successfully

2023-10-16 14:20:25 - [TEST_STEP][PASSED] - verifyElementPropertyValue(getResponse, "groups[0].pricingPlans[0].pricingPlanData[0].currencyLabel", "TND"): Verify element property value successfully

2023-10-16 14:20:25 - [MESSAGE][PASSED] - Verify element property value successfully

2023-10-16 14:20:25 - [TEST_STEP][PASSED] - verifyElementPropertyValue(getResponse, "groups[0].pricingPlans[1].featured", "false"): Verify element property value successfully

2023-10-16 14:20:25 - [MESSAGE][PASSED] - Verify element property value successfully

2023-10-16 14:20:25 - [TEST_STEP][PASSED] - verifyElementPropertyValue(getResponse, "groups[0].pricingPlans[1].packageId", "SHAHID_VIP_GEA"): Verify element property value successfully

2023-10-16 14:20:25 - [MESSAGE][PASSED] - Verify element property value successfully

2023-10-16 14:20:25 - [TEST_STEP][PASSED] - verifyElementPropertyValue(getResponse, "groups[0].pricingPlans[1].catalogId", "GEA"): Verify element property value successfully

2023-10-16 14:20:25 - [MESSAGE][PASSED] - Verify element property value successfully

2023-10-16 14:20:25 - [TEST_STEP][PASSED] - verifyElementPropertyValue(getResponse, "groups[0].pricingPlans[1].visualElements[0].key", "Header_1_text"): Verify element property value successfully

2023-10-16 14:20:25 - [MESSAGE][PASSED] - Verify element property value successfully

2023-10-16 14:20:25 - [TEST_STEP][PASSED] - verifyElementPropertyValue(getResponse, "groups[0].pricingPlans[1].visualElements[0].value", "شاهد أقوى المسلسلات و الأفلام حصرياً دون توقف"): Verify element property value successfully

2023-10-16 14:20:25 - [MESSAGE][PASSED] - Verify element property value successfully

2023-10-16 14:20:25 - [TEST_STEP][PASSED] - verifyElementPropertyValue(getResponse, "groups[0].pricingPlans[1].visualElements[1].key", "display_title"): Verify element property value successfully

2023-10-16 14:20:25 - [MESSAGE][PASSED] - Verify element property value successfully

2023-10-16 14:20:25 - [TEST_STEP][PASSED] - verifyElementPropertyValue(getResponse, "groups[0].pricingPlans[1].visualElements[1].value", "الاشتراك السنوي"): Verify element property value successfully

2023-10-16 14:20:25 - [MESSAGE][PASSED] - Verify element property value successfully

2023-10-16 14:20:25 - [TEST_STEP][PASSED] - verifyElementPropertyValue(getResponse, "groups[0].pricingPlans[1].visualElements[2].key", "tag_text"): Verify element property value successfully

2023-10-16 14:20:25 - [MESSAGE][PASSED] - Verify element property value successfully

2023-10-16 14:20:25 - [TEST_STEP][PASSED] - verifyElementPropertyValue(getResponse, "groups[0].pricingPlans[1].visualElements[2].value", "وفر17%"): Verify element property value successfully

2023-10-16 14:20:25 - [MESSAGE][PASSED] - Verify element property value successfully

2023-10-16 14:20:25 - [TEST_STEP][PASSED] - verifyElementPropertyValue(getResponse, "groups[0].pricingPlans[1].visualElements[3].key", "promo_text"): Verify element property value successfully

2023-10-16 14:20:25 - [MESSAGE][PASSED] - Verify element property value successfully

2023-10-16 14:20:25 - [TEST_STEP][PASSED] - verifyElementPropertyValue(getResponse, "groups[0].pricingPlans[1].visualElements[3].value", "15.7 TND / شهرياً"): Verify element property value successfully

2023-10-16 14:20:25 - [MESSAGE][PASSED] - Verify element property value successfully

2023-10-16 14:20:25 - [TEST_STEP][PASSED] - verifyElementPropertyValue(getResponse, "groups[0].pricingPlans[1].visualElements[4].key", "deduction_text"): Verify element property value successfully

2023-10-16 14:20:25 - [MESSAGE][PASSED] - Verify element property value successfully

2023-10-16 14:20:25 - [TEST_STEP][PASSED] - verifyElementPropertyValue(getResponse, "groups[0].pricingPlans[1].visualElements[4].value", " 188.49 TND  تدفع سنوياً"): Verify element property value successfully

2023-10-16 14:20:25 - [MESSAGE][PASSED] - Verify element property value successfully

2023-10-16 14:20:25 - [TEST_STEP][PASSED] - verifyElementPropertyValue(getResponse, "groups[0].pricingPlans[1].visualElements[7].key", "show_payment_logo"): Verify element property value successfully

2023-10-16 14:20:25 - [MESSAGE][PASSED] - Verify element property value successfully

2023-10-16 14:20:25 - [TEST_STEP][PASSED] - verifyElementPropertyValue(getResponse, "groups[0].pricingPlans[1].visualElements[7].value", "true"): Verify element property value successfully

2023-10-16 14:20:25 - [MESSAGE][PASSED] - Verify element property value successfully

2023-10-16 14:20:25 - [TEST_STEP][PASSED] - verifyElementPropertyValue(getResponse, "groups[0].pricingPlans[1].visualElements[8].key", "show_tag"): Verify element property value successfully

2023-10-16 14:20:25 - [MESSAGE][PASSED] - Verify element property value successfully

2023-10-16 14:20:25 - [TEST_STEP][PASSED] - verifyElementPropertyValue(getResponse, "groups[0].pricingPlans[1].visualElements[8].value", "true"): Verify element property value successfully

2023-10-16 14:20:25 - [MESSAGE][PASSED] - Verify element property value successfully

2023-10-16 14:20:25 - [TEST_STEP][PASSED] - verifyElementPropertyValue(getResponse, "groups[0].pricingPlans[1].visualElements[10].key", "price"): Verify element property value successfully

2023-10-16 14:20:25 - [MESSAGE][PASSED] - Verify element property value successfully

2023-10-16 14:20:25 - [TEST_STEP][PASSED] - verifyElementPropertyValue(getResponse, "groups[0].pricingPlans[1].visualElements[10].value", "188.49"): Verify element property value successfully

2023-10-16 14:20:25 - [MESSAGE][PASSED] - Verify element property value successfully

2023-10-16 14:20:25 - [TEST_STEP][PASSED] - verifyElementPropertyValue(getResponse, "groups[0].pricingPlans[1].visualElements[11].key", "currency"): Verify element property value successfully

2023-10-16 14:20:25 - [MESSAGE][PASSED] - Verify element property value successfully

2023-10-16 14:20:25 - [TEST_STEP][PASSED] - verifyElementPropertyValue(getResponse, "groups[0].pricingPlans[1].visualElements[11].value", "TND"): Verify element property value successfully

2023-10-16 14:20:25 - [MESSAGE][PASSED] - Verify element property value successfully

2023-10-16 14:20:25 - [TEST_STEP][PASSED] - verifyElementPropertyValue(getResponse, "groups[0].pricingPlans[1].visualElements[12].key", "duration"): Verify element property value successfully

2023-10-16 14:20:25 - [MESSAGE][PASSED] - Verify element property value successfully

2023-10-16 14:20:25 - [TEST_STEP][PASSED] - verifyElementPropertyValue(getResponse, "groups[0].pricingPlans[1].visualElements[12].value", "سنوياً"): Verify element property value successfully

2023-10-16 14:20:25 - [MESSAGE][PASSED] - Verify element property value successfully

2023-10-16 14:20:25 - [TEST_STEP][PASSED] - verifyElementPropertyValue(getResponse, "groups[0].pricingPlans[1].order", "8"): Verify element property value successfully

2023-10-16 14:20:25 - [MESSAGE][PASSED] - Verify element property value successfully

2023-10-16 14:20:25 - [TEST_STEP][PASSED] - verifyElementPropertyValue(getResponse, "groups[0].pricingPlans[1].period", "yearly"): Verify element property value successfully

2023-10-16 14:20:25 - [MESSAGE][PASSED] - Verify element property value successfully

2023-10-16 14:20:25 - [TEST_STEP][PASSED] - verifyElementPropertyValue(getResponse, "groups[0].pricingPlans[1].price", "188.49"): Verify element property value successfully

2023-10-16 14:20:25 - [MESSAGE][PASSED] - Verify element property value successfully

2023-10-16 14:20:25 - [TEST_STEP][PASSED] - verifyElementPropertyValue(getResponse, "groups[0].pricingPlans[1].currency", "TND"): Verify element property value successfully

2023-10-16 14:20:25 - [MESSAGE][PASSED] - Verify element property value successfully

2023-10-16 14:20:25 - [TEST_STEP][PASSED] - verifyElementPropertyValue(getResponse, "groups[0].pricingPlans[1].pricingPlanData[0].productId", "TUN_B2C_SHAHID_VIP_GEA_12M"): Verify element property value successfully

2023-10-16 14:20:25 - [MESSAGE][PASSED] - Verify element property value successfully

2023-10-16 14:20:25 - [TEST_STEP][PASSED] - verifyElementPropertyValue(getResponse, "groups[0].pricingPlans[1].pricingPlanData[0].subPricingPlanIds", "null"): Verify element property value successfully

2023-10-16 14:20:25 - [MESSAGE][PASSED] - Verify element property value successfully

2023-10-16 14:20:25 - [TEST_STEP][PASSED] - verifyElementPropertyValue(getResponse, "groups[0].pricingPlans[1].pricingPlanData[0].paymentMethod", "CREDIT_CARD"): Verify element property value successfully

2023-10-16 14:20:25 - [MESSAGE][PASSED] - Verify element property value successfully

2023-10-16 14:20:25 - [TEST_STEP][PASSED] - verifyElementPropertyValue(getResponse, "groups[0].pricingPlans[1].pricingPlanData[0].freeTrialEnabled", "false"): Verify element property value successfully

2023-10-16 14:20:25 - [MESSAGE][PASSED] - Verify element property value successfully

2023-10-16 14:20:25 - [TEST_STEP][PASSED] - verifyElementPropertyValue(getResponse, "groups[0].pricingPlans[1].pricingPlanData[0].visualElements[0].key", "title"): Verify element property value successfully

2023-10-16 14:20:25 - [MESSAGE][PASSED] - Verify element property value successfully

2023-10-16 14:20:25 - [TEST_STEP][PASSED] - verifyElementPropertyValue(getResponse, "groups[0].pricingPlans[1].pricingPlanData[0].visualElements[0].value", "البطاقة المصرفية"): Verify element property value successfully

2023-10-16 14:20:25 - [MESSAGE][PASSED] - Verify element property value successfully

2023-10-16 14:20:25 - [TEST_STEP][PASSED] - verifyElementPropertyValue(getResponse, "groups[0].pricingPlans[1].pricingPlanData[0].visualElements[1].key", "CTA_text"): Verify element property value successfully

2023-10-16 14:20:25 - [MESSAGE][PASSED] - Verify element property value successfully

2023-10-16 14:20:25 - [TEST_STEP][PASSED] - verifyElementPropertyValue(getResponse, "groups[0].pricingPlans[1].pricingPlanData[0].visualElements[1].value", "اشترك"): Verify element property value successfully

2023-10-16 14:20:25 - [MESSAGE][PASSED] - Verify element property value successfully

2023-10-16 14:20:25 - [TEST_STEP][PASSED] - verifyElementPropertyValue(getResponse, "groups[0].pricingPlans[1].pricingPlanData[0].visualElements[2].key", "logo"): Verify element property value successfully

2023-10-16 14:20:25 - [MESSAGE][PASSED] - Verify element property value successfully

2023-10-16 14:20:25 - [TEST_STEP][PASSED] - verifyElementPropertyValue(getResponse, "groups[0].pricingPlans[1].pricingPlanData[0].visualElements[2].value", "https://static.s3.shahid.mbc.net/widget-images/icons/iconCreditCard.png"): Verify element property value successfully

2023-10-16 14:20:25 - [MESSAGE][PASSED] - Verify element property value successfully

2023-10-16 14:20:25 - [TEST_STEP][PASSED] - verifyElementPropertyValue(getResponse, "groups[0].pricingPlans[1].pricingPlanData[0].priceLabel", "188.49"): Verify element property value successfully

2023-10-16 14:20:25 - [MESSAGE][PASSED] - Verify element property value successfully

2023-10-16 14:20:25 - [TEST_STEP][PASSED] - verifyElementPropertyValue(getResponse, "groups[0].pricingPlans[1].pricingPlanData[0].currencyLabel", "TND"): Verify element property value successfully

2023-10-16 14:20:25 - [MESSAGE][PASSED] - Verify element property value successfully

2023-10-16 14:20:25 - [TEST_STEP][PASSED] - verifyElementPropertyValue(getResponse, "visualElements[0].key", "main_CTA_text_1"): Verify element property value successfully

2023-10-16 14:20:25 - [MESSAGE][PASSED] - Verify element property value successfully

2023-10-16 14:20:25 - [TEST_STEP][PASSED] - verifyElementPropertyValue(getResponse, "visualElements[0].value", "شاهد أقوى المسلسلات و الأفلام حصرياً دون توقف"): Verify element property value successfully

2023-10-16 14:20:25 - [MESSAGE][PASSED] - Verify element property value successfully

2023-10-16 14:20:25 - [TEST_STEP][PASSED] - verifyElementPropertyValue(getResponse, "visualElements[2].key", "main_disclaimer_text"): Verify element property value successfully

2023-10-16 14:20:25 - [MESSAGE][PASSED] - Verify element property value successfully

2023-10-16 14:20:25 - [TEST_STEP][PASSED] - verifyElementPropertyValue(getResponse, "visualElements[2].value", "رسوم الاشتراك قد تختلف بناءً على البلد أو طريقة الدفع أو باقة الاشتراك أو الضريبة المضافة أو معامل تحويل العملات والرسوم البنكية. تطبّق الشروط والأحكام."): Verify element property value successfully

2023-10-16 14:20:25 - [MESSAGE][PASSED] - Verify element property value successfully

2023-10-16 14:20:25 - [TEST_STEP][PASSED] - verifyElementPropertyValue(getResponse, "visualElements[4].key", "display_type"): Verify element property value successfully

2023-10-16 14:20:25 - [MESSAGE][PASSED] - Verify element property value successfully

2023-10-16 14:20:25 - [TEST_STEP][PASSED] - verifyElementPropertyValue(getResponse, "visualElements[4].value", "vertical"): Verify element property value successfully

2023-10-16 14:20:25 - [MESSAGE][PASSED] - Verify element property value successfully

2023-10-16 14:20:25 - [TEST_STEP][PASSED] - verifyElementPropertyValue(getResponse, "pages[0].visualElements[0].key", "alternative_payment_title"): Verify element property value successfully

2023-10-16 14:20:25 - [MESSAGE][PASSED] - Verify element property value successfully

2023-10-16 14:20:25 - [TEST_STEP][PASSED] - verifyElementPropertyValue(getResponse, "pages[0].visualElements[0].value", "أو قم باختيار إحدى الطرق البديلة التالية"): Verify element property value successfully

2023-10-16 14:20:25 - [MESSAGE][PASSED] - Verify element property value successfully

2023-10-16 14:20:25 - [TEST_STEP][PASSED] - verifyElementPropertyValue(getResponse, "pages[0].visualElements[1].key", "label_text"): Verify element property value successfully

2023-10-16 14:20:25 - [MESSAGE][PASSED] - Verify element property value successfully

2023-10-16 14:20:25 - [TEST_STEP][PASSED] - verifyElementPropertyValue(getResponse, "pages[0].visualElements[1].value", "طرق الدفع الأخرى"): Verify element property value successfully

2023-10-16 14:20:25 - [MESSAGE][PASSED] - Verify element property value successfully

2023-10-16 14:20:25 - [TEST_STEP][PASSED] - verifyElementPropertyValue(getResponse, "pages[0].visualElements[3].key", "CTA_text"): Verify element property value successfully

2023-10-16 14:20:25 - [MESSAGE][PASSED] - Verify element property value successfully

2023-10-16 14:20:25 - [TEST_STEP][PASSED] - verifyElementPropertyValue(getResponse, "pages[0].visualElements[3].value", "اضغط هنا"): Verify element property value successfully

2023-10-16 14:20:25 - [MESSAGE][PASSED] - Verify element property value successfully

2023-10-16 14:20:25 - [TEST_STEP][PASSED] - verifyElementPropertyValue(getResponse, "pages[0].visualElements[4].key", "main_title"): Verify element property value successfully

2023-10-16 14:20:25 - [MESSAGE][PASSED] - Verify element property value successfully

2023-10-16 14:20:25 - [TEST_STEP][PASSED] - verifyElementPropertyValue(getResponse, "pages[0].visualElements[4].value", "طرق الدفع الأخرى"): Verify element property value successfully

2023-10-16 14:20:25 - [MESSAGE][PASSED] - Verify element property value successfully

2023-10-16 14:20:25 - [TEST_STEP][PASSED] - verifyElementPropertyValue(getResponse, "pages[0].visualElements[6].key", "alternative_payment_methods"): Verify element property value successfully

2023-10-16 14:20:25 - [MESSAGE][PASSED] - Verify element property value successfully

2023-10-16 14:20:25 - [TEST_STEP][PASSED] - verifyElementPropertyValue(getResponse, "pages[0].visualElements[6].value", "يمكنك شراء قسيمة شاهد التسويقية من أي من بائعي التجزئة التاليين"): Verify element property value successfully

2023-10-16 14:20:25 - [MESSAGE][PASSED] - Verify element property value successfully

2023-10-16 14:20:25 - [TEST_STEP][PASSED] - verifyElementPropertyValue(getResponse, "partners[0].name", "Razer Online"): Verify element property value successfully

2023-10-16 14:20:25 - [MESSAGE][PASSED] - Verify element property value successfully

2023-10-16 14:20:25 - [TEST_STEP][PASSED] - verifyElementPropertyValue(getResponse, "partners[0].link", "https://gold.razer.com/global/en/gold/catalog/shahid-vip-north-africa"): Verify element property value successfully

2023-10-16 14:20:25 - [MESSAGE][PASSED] - Verify element property value successfully

2023-10-16 14:20:25 - [TEST_STEP][PASSED] - verifyElementPropertyValue(getResponse, "partners[0].logo", "https://shahid-static.s3.amazonaws.com/widget-images/logos/Coin_RZR%20Gold_Black.png"): Verify element property value successfully

2023-10-16 14:20:25 - [MESSAGE][PASSED] - Verify element property value successfully

2023-10-16 14:20:25 - [TEST_STEP][PASSED] - verifyElementPropertyValue(getResponse, "partners[0].visible", "true"): Verify element property value successfully

2023-10-16 14:20:25 - [MESSAGE][PASSED] - Verify element property value successfully

2023-10-16 14:20:25 - [TEST_STEP][PASSED] - verifyElementPropertyValue(getResponse, "partners[0].visualElements[0].key", "text"): Verify element property value successfully

2023-10-16 14:20:25 - [MESSAGE][PASSED] - Verify element property value successfully

2023-10-16 14:20:25 - [TEST_STEP][PASSED] - verifyElementPropertyValue(getResponse, "partners[0].visualElements[0].value", "معلومات إضافية"): Verify element property value successfully

2023-10-16 14:20:25 - [MESSAGE][PASSED] - Verify element property value successfully

2023-10-16 14:20:25 - [TEST_STEP][PASSED] - verifyElementPropertyValue(getResponse, "partners[1].name", "Flouci"): Verify element property value successfully

2023-10-16 14:20:25 - [MESSAGE][PASSED] - Verify element property value successfully

2023-10-16 14:20:25 - [TEST_STEP][PASSED] - verifyElementPropertyValue(getResponse, "partners[1].link", "https://play.google.com/store/apps/details?id=com.kaoun.flouci&hl=en&gl=US"): Verify element property value successfully

2023-10-16 14:20:25 - [MESSAGE][PASSED] - Verify element property value successfully

2023-10-16 14:20:25 - [TEST_STEP][PASSED] - verifyElementPropertyValue(getResponse, "partners[1].logo", "https://shahid-static.s3.amazonaws.com/widget-images/logos/Flouci_logo1.png"): Verify element property value successfully

2023-10-16 14:20:25 - [MESSAGE][PASSED] - Verify element property value successfully

2023-10-16 14:20:25 - [TEST_STEP][PASSED] - verifyElementPropertyValue(getResponse, "partners[1].visible", "true"): Verify element property value successfully

2023-10-16 14:20:25 - [MESSAGE][PASSED] - Verify element property value successfully

2023-10-16 14:20:25 - [TEST_STEP][PASSED] - verifyElementPropertyValue(getResponse, "partners[1].visualElements[0].key", "text"): Verify element property value successfully

2023-10-16 14:20:25 - [MESSAGE][PASSED] - Verify element property value successfully

2023-10-16 14:20:25 - [TEST_STEP][PASSED] - verifyElementPropertyValue(getResponse, "partners[1].visualElements[0].value", "معلومات إضافية"): Verify element property value successfully

2023-10-16 14:20:25 - [MESSAGE][PASSED] - Verify element property value successfully

2023-10-16 14:20:25 - [TEST_STEP][PASSED] - verifyElementPropertyValue(getResponse, "partners[2].name", "Metagames Bilgi Islemleri Limited"): Verify element property value successfully

2023-10-16 14:20:25 - [MESSAGE][PASSED] - Verify element property value successfully

2023-10-16 14:20:25 - [TEST_STEP][PASSED] - verifyElementPropertyValue(getResponse, "partners[2].link", "https://www.mtcgame.com/en-US/shahid/shahid-vip-gift-card-global"): Verify element property value successfully

2023-10-16 14:20:25 - [MESSAGE][PASSED] - Verify element property value successfully

2023-10-16 14:20:25 - [TEST_STEP][PASSED] - verifyElementPropertyValue(getResponse, "partners[2].logo", "https://shahid-static.s3.amazonaws.com/widget-images/logos/Logo_Meta%2BGames.png"): Verify element property value successfully

2023-10-16 14:20:25 - [MESSAGE][PASSED] - Verify element property value successfully

2023-10-16 14:20:25 - [TEST_STEP][PASSED] - verifyElementPropertyValue(getResponse, "partners[2].visible", "true"): Verify element property value successfully

2023-10-16 14:20:25 - [MESSAGE][PASSED] - Verify element property value successfully

2023-10-16 14:20:25 - [TEST_STEP][PASSED] - verifyElementPropertyValue(getResponse, "partners[2].visualElements[0].key", "text"): Verify element property value successfully

2023-10-16 14:20:25 - [MESSAGE][PASSED] - Verify element property value successfully

2023-10-16 14:20:25 - [TEST_STEP][PASSED] - verifyElementPropertyValue(getResponse, "partners[2].visualElements[0].value", "معلومات إضافية"): Verify element property value successfully

2023-10-16 14:20:25 - [MESSAGE][PASSED] - Verify element property value successfully

2023-10-16 14:20:25 - [TEST_STEP][PASSED] - verifyElementPropertyValue(getResponse, "partners[3].name", "Offgamers"): Verify element property value successfully

2023-10-16 14:20:25 - [MESSAGE][PASSED] - Verify element property value successfully

2023-10-16 14:20:25 - [TEST_STEP][PASSED] - verifyElementPropertyValue(getResponse, "partners[3].link", "https://www.offgamers.com/ae/en/shahid-vip"): Verify element property value successfully

2023-10-16 14:20:25 - [MESSAGE][PASSED] - Verify element property value successfully

2023-10-16 14:20:25 - [TEST_STEP][PASSED] - verifyElementPropertyValue(getResponse, "partners[3].logo", "https://shahid-static.s3.amazonaws.com/widget-images/logos/Logo_Offgamers.jpg"): Verify element property value successfully

2023-10-16 14:20:25 - [MESSAGE][PASSED] - Verify element property value successfully

2023-10-16 14:20:25 - [TEST_STEP][PASSED] - verifyElementPropertyValue(getResponse, "partners[3].visible", "true"): Verify element property value successfully

2023-10-16 14:20:25 - [MESSAGE][PASSED] - Verify element property value successfully

2023-10-16 14:20:25 - [TEST_STEP][PASSED] - verifyElementPropertyValue(getResponse, "partners[3].visualElements[0].key", "text"): Verify element property value successfully

2023-10-16 14:20:25 - [MESSAGE][PASSED] - Verify element property value successfully

2023-10-16 14:20:25 - [TEST_STEP][PASSED] - verifyElementPropertyValue(getResponse, "partners[3].visualElements[0].value", "معلومات إضافية"): Verify element property value successfully

2023-10-16 14:20:25 - [MESSAGE][PASSED] - Verify element property value successfully

2023-10-16 14:20:25 - [TEST_STEP][PASSED] - verifyElementPropertyValue(getResponse, "defaultPackageId", "SHAHID_VIP"): Verify element property value successfully

2023-10-16 14:20:25 - [MESSAGE][PASSED] - Verify element property value successfully]]></system-out>
         <system-err><![CDATA[]]></system-err>
      </testcase>
      <testcase name="Test Cases/WEB - CHROME/TUN PI/WEB_AR_getSubscriptionConfigForTUN_VIP" time="3.459" classname="Test Cases/WEB - CHROME/TUN PI/WEB_AR_getSubscriptionConfigForTUN_VIP" status="PASSED">
         <system-out><![CDATA[2023-10-16 14:20:25 - [TEST_CASE][PASSED] - Test Cases/WEB - CHROME/TUN PI/WEB_AR_getSubscriptionConfigForTUN_VIP: Test Cases/WEB - CHROME/TUN PI/WEB_AR_getSubscriptionConfigForTUN_VIP

2023-10-16 14:20:26 - [TEST_STEP][PASSED] - getResponse = config_files.getConfigFile.getConfig("WEB", "AR", "SHAHID_VIP", "TN", "false"): config_files.getConfigFile.getConfig is PASSED

2023-10-16 14:20:27 - [MESSAGE][INFO] - HAR: /Users/admin/git/shahid-configuration/Reports/20231016_140310/WEB/TUN/20231016_140343/requests/main/3.har

2023-10-16 14:20:27 - [MESSAGE][PASSED] - Send request successfully

2023-10-16 14:20:27 - [MESSAGE][PASSED] - config_files.getConfigFile.getConfig is PASSED

2023-10-16 14:20:27 - [TEST_STEP][PASSED] - verifyResponseStatusCode(getResponse, 200): Verify response status code successfully

2023-10-16 14:20:27 - [MESSAGE][PASSED] - Verify response status code successfully

2023-10-16 14:20:27 - [TEST_STEP][PASSED] - verifyElementPropertyValue(getResponse, "country", "TUN"): Verify element property value successfully

2023-10-16 14:20:27 - [MESSAGE][PASSED] - Verify element property value successfully

2023-10-16 14:20:27 - [TEST_STEP][PASSED] - verifyElementPropertyValue(getResponse, "platform", "[WEB]"): Verify element property value successfully

2023-10-16 14:20:27 - [MESSAGE][PASSED] - Verify element property value successfully

2023-10-16 14:20:27 - [TEST_STEP][PASSED] - verifyElementPropertyValue(getResponse, "groups[0].pricingPlans[0].featured", "true"): Verify element property value successfully

2023-10-16 14:20:27 - [MESSAGE][PASSED] - Verify element property value successfully

2023-10-16 14:20:27 - [TEST_STEP][PASSED] - verifyElementPropertyValue(getResponse, "groups[0].pricingPlans[0].packageId", "SHAHID_VIP"): Verify element property value successfully

2023-10-16 14:20:27 - [MESSAGE][PASSED] - Verify element property value successfully

2023-10-16 14:20:27 - [TEST_STEP][PASSED] - verifyElementPropertyValue(getResponse, "groups[0].pricingPlans[0].catalogId", "VIP"): Verify element property value successfully

2023-10-16 14:20:27 - [MESSAGE][PASSED] - Verify element property value successfully

2023-10-16 14:20:27 - [TEST_STEP][PASSED] - verifyElementPropertyValue(getResponse, "groups[0].pricingPlans[0].visualElements[1].key", "Header_1_text"): Verify element property value successfully

2023-10-16 14:20:27 - [MESSAGE][PASSED] - Verify element property value successfully

2023-10-16 14:20:27 - [TEST_STEP][PASSED] - verifyElementPropertyValue(getResponse, "groups[0].pricingPlans[0].visualElements[1].value", "شاهد أقوى المسلسلات و الأفلام حصرياً دون توقف"): Verify element property value successfully

2023-10-16 14:20:27 - [MESSAGE][PASSED] - Verify element property value successfully

2023-10-16 14:20:27 - [TEST_STEP][PASSED] - verifyElementPropertyValue(getResponse, "groups[0].pricingPlans[0].visualElements[2].key", "display_title"): Verify element property value successfully

2023-10-16 14:20:27 - [MESSAGE][PASSED] - Verify element property value successfully

2023-10-16 14:20:27 - [TEST_STEP][PASSED] - verifyElementPropertyValue(getResponse, "groups[0].pricingPlans[0].visualElements[2].value", "الاشتراك الشهري "): Verify element property value successfully

2023-10-16 14:20:27 - [MESSAGE][PASSED] - Verify element property value successfully

2023-10-16 14:20:27 - [TEST_STEP][PASSED] - verifyElementPropertyValue(getResponse, "groups[0].pricingPlans[0].visualElements[3].key", "promo_text"): Verify element property value successfully

2023-10-16 14:20:27 - [MESSAGE][PASSED] - Verify element property value successfully

2023-10-16 14:20:27 - [TEST_STEP][PASSED] - verifyElementPropertyValue(getResponse, "groups[0].pricingPlans[0].visualElements[3].value", "9.99 TND / شهرياً"): Verify element property value successfully

2023-10-16 14:20:27 - [MESSAGE][PASSED] - Verify element property value successfully

2023-10-16 14:20:27 - [TEST_STEP][PASSED] - verifyElementPropertyValue(getResponse, "groups[0].pricingPlans[0].visualElements[4].key", "deduction_text"): Verify element property value successfully

2023-10-16 14:20:27 - [MESSAGE][PASSED] - Verify element property value successfully

2023-10-16 14:20:27 - [TEST_STEP][PASSED] - verifyElementPropertyValue(getResponse, "groups[0].pricingPlans[0].visualElements[4].value", "تدفع شهرياً"): Verify element property value successfully

2023-10-16 14:20:27 - [MESSAGE][PASSED] - Verify element property value successfully

2023-10-16 14:20:27 - [TEST_STEP][PASSED] - verifyElementPropertyValue(getResponse, "groups[0].pricingPlans[0].visualElements[7].key", "show_payment_logo"): Verify element property value successfully

2023-10-16 14:20:28 - [MESSAGE][PASSED] - Verify element property value successfully

2023-10-16 14:20:28 - [TEST_STEP][PASSED] - verifyElementPropertyValue(getResponse, "groups[0].pricingPlans[0].visualElements[7].value", "true"): Verify element property value successfully

2023-10-16 14:20:28 - [MESSAGE][PASSED] - Verify element property value successfully

2023-10-16 14:20:28 - [TEST_STEP][PASSED] - verifyElementPropertyValue(getResponse, "groups[0].pricingPlans[0].visualElements[8].key", "show_tag"): Verify element property value successfully

2023-10-16 14:20:28 - [MESSAGE][PASSED] - Verify element property value successfully

2023-10-16 14:20:28 - [TEST_STEP][PASSED] - verifyElementPropertyValue(getResponse, "groups[0].pricingPlans[0].visualElements[8].value", "false"): Verify element property value successfully

2023-10-16 14:20:28 - [MESSAGE][PASSED] - Verify element property value successfully

2023-10-16 14:20:28 - [TEST_STEP][PASSED] - verifyElementPropertyValue(getResponse, "groups[0].pricingPlans[0].visualElements[10].key", "price"): Verify element property value successfully

2023-10-16 14:20:28 - [MESSAGE][PASSED] - Verify element property value successfully

2023-10-16 14:20:28 - [TEST_STEP][PASSED] - verifyElementPropertyValue(getResponse, "groups[0].pricingPlans[0].visualElements[10].value", "9.99"): Verify element property value successfully

2023-10-16 14:20:28 - [MESSAGE][PASSED] - Verify element property value successfully

2023-10-16 14:20:28 - [TEST_STEP][PASSED] - verifyElementPropertyValue(getResponse, "groups[0].pricingPlans[0].visualElements[11].key", "currency"): Verify element property value successfully

2023-10-16 14:20:28 - [MESSAGE][PASSED] - Verify element property value successfully

2023-10-16 14:20:28 - [TEST_STEP][PASSED] - verifyElementPropertyValue(getResponse, "groups[0].pricingPlans[0].visualElements[11].value", "TND"): Verify element property value successfully

2023-10-16 14:20:28 - [MESSAGE][PASSED] - Verify element property value successfully

2023-10-16 14:20:28 - [TEST_STEP][PASSED] - verifyElementPropertyValue(getResponse, "groups[0].pricingPlans[0].visualElements[12].key", "duration"): Verify element property value successfully

2023-10-16 14:20:28 - [MESSAGE][PASSED] - Verify element property value successfully

2023-10-16 14:20:28 - [TEST_STEP][PASSED] - verifyElementPropertyValue(getResponse, "groups[0].pricingPlans[0].visualElements[12].value", "شهرياً"): Verify element property value successfully

2023-10-16 14:20:28 - [MESSAGE][PASSED] - Verify element property value successfully

2023-10-16 14:20:28 - [TEST_STEP][PASSED] - verifyElementPropertyValue(getResponse, "groups[0].pricingPlans[0].visualElements[13].key", "featured_tag_text"): Verify element property value successfully

2023-10-16 14:20:28 - [MESSAGE][PASSED] - Verify element property value successfully

2023-10-16 14:20:28 - [TEST_STEP][PASSED] - verifyElementPropertyValue(getResponse, "groups[0].pricingPlans[0].visualElements[13].value", " الأكثر مبيعاً"): Verify element property value successfully

2023-10-16 14:20:28 - [MESSAGE][PASSED] - Verify element property value successfully

2023-10-16 14:20:28 - [TEST_STEP][PASSED] - verifyElementPropertyValue(getResponse, "groups[0].pricingPlans[0].order", "0"): Verify element property value successfully

2023-10-16 14:20:28 - [MESSAGE][PASSED] - Verify element property value successfully

2023-10-16 14:20:28 - [TEST_STEP][PASSED] - verifyElementPropertyValue(getResponse, "groups[0].pricingPlans[0].period", "monthly"): Verify element property value successfully

2023-10-16 14:20:28 - [MESSAGE][PASSED] - Verify element property value successfully

2023-10-16 14:20:28 - [TEST_STEP][PASSED] - verifyElementPropertyValue(getResponse, "groups[0].pricingPlans[0].price", "9.99"): Verify element property value successfully

2023-10-16 14:20:28 - [MESSAGE][PASSED] - Verify element property value successfully

2023-10-16 14:20:28 - [TEST_STEP][PASSED] - verifyElementPropertyValue(getResponse, "groups[0].pricingPlans[0].currency", "TND"): Verify element property value successfully

2023-10-16 14:20:28 - [MESSAGE][PASSED] - Verify element property value successfully

2023-10-16 14:20:28 - [TEST_STEP][PASSED] - verifyElementPropertyValue(getResponse, "groups[0].pricingPlans[0].pricingPlanData[0].productId", "TUN_B2C_SHAHID_VIP_1M"): Verify element property value successfully

2023-10-16 14:20:28 - [MESSAGE][PASSED] - Verify element property value successfully

2023-10-16 14:20:28 - [TEST_STEP][PASSED] - verifyElementPropertyValue(getResponse, "groups[0].pricingPlans[0].pricingPlanData[0].subPricingPlanIds", "null"): Verify element property value successfully

2023-10-16 14:20:28 - [MESSAGE][PASSED] - Verify element property value successfully

2023-10-16 14:20:28 - [TEST_STEP][PASSED] - verifyElementPropertyValue(getResponse, "groups[0].pricingPlans[0].pricingPlanData[0].paymentMethod", "CREDIT_CARD"): Verify element property value successfully

2023-10-16 14:20:28 - [MESSAGE][PASSED] - Verify element property value successfully

2023-10-16 14:20:28 - [TEST_STEP][PASSED] - verifyElementPropertyValue(getResponse, "groups[0].pricingPlans[0].pricingPlanData[0].freeTrialEnabled", "false"): Verify element property value successfully

2023-10-16 14:20:28 - [MESSAGE][PASSED] - Verify element property value successfully

2023-10-16 14:20:28 - [TEST_STEP][PASSED] - verifyElementPropertyValue(getResponse, "groups[0].pricingPlans[0].pricingPlanData[0].visualElements[0].key", "title"): Verify element property value successfully

2023-10-16 14:20:28 - [MESSAGE][PASSED] - Verify element property value successfully

2023-10-16 14:20:28 - [TEST_STEP][PASSED] - verifyElementPropertyValue(getResponse, "groups[0].pricingPlans[0].pricingPlanData[0].visualElements[0].value", "البطاقة المصرفية"): Verify element property value successfully

2023-10-16 14:20:28 - [MESSAGE][PASSED] - Verify element property value successfully

2023-10-16 14:20:28 - [TEST_STEP][PASSED] - verifyElementPropertyValue(getResponse, "groups[0].pricingPlans[0].pricingPlanData[0].visualElements[1].key", "CTA_text"): Verify element property value successfully

2023-10-16 14:20:28 - [MESSAGE][PASSED] - Verify element property value successfully

2023-10-16 14:20:28 - [TEST_STEP][PASSED] - verifyElementPropertyValue(getResponse, "groups[0].pricingPlans[0].pricingPlanData[0].visualElements[1].value", "اشترك"): Verify element property value successfully

2023-10-16 14:20:28 - [MESSAGE][PASSED] - Verify element property value successfully

2023-10-16 14:20:28 - [TEST_STEP][PASSED] - verifyElementPropertyValue(getResponse, "groups[0].pricingPlans[0].pricingPlanData[0].visualElements[2].key", "logo"): Verify element property value successfully

2023-10-16 14:20:28 - [MESSAGE][PASSED] - Verify element property value successfully

2023-10-16 14:20:28 - [TEST_STEP][PASSED] - verifyElementPropertyValue(getResponse, "groups[0].pricingPlans[0].pricingPlanData[0].visualElements[2].value", "https://static.s3.shahid.mbc.net/widget-images/icons/iconCreditCard.png"): Verify element property value successfully

2023-10-16 14:20:28 - [MESSAGE][PASSED] - Verify element property value successfully

2023-10-16 14:20:28 - [TEST_STEP][PASSED] - verifyElementPropertyValue(getResponse, "groups[0].pricingPlans[0].pricingPlanData[0].priceLabel", "9.99"): Verify element property value successfully

2023-10-16 14:20:28 - [MESSAGE][PASSED] - Verify element property value successfully

2023-10-16 14:20:28 - [TEST_STEP][PASSED] - verifyElementPropertyValue(getResponse, "groups[0].pricingPlans[0].pricingPlanData[0].currencyLabel", "TND"): Verify element property value successfully

2023-10-16 14:20:28 - [MESSAGE][PASSED] - Verify element property value successfully

2023-10-16 14:20:28 - [TEST_STEP][PASSED] - verifyElementPropertyValue(getResponse, "groups[0].pricingPlans[0].pricingPlanData[1].pricingPlanId", "TPay_Orange_TN"): Verify element property value successfully

2023-10-16 14:20:28 - [MESSAGE][PASSED] - Verify element property value successfully

2023-10-16 14:20:28 - [TEST_STEP][PASSED] - verifyElementPropertyValue(getResponse, "groups[0].pricingPlans[0].pricingPlanData[1].productId", "TUN_B2C_SHAHID_VIP_1M"): Verify element property value successfully

2023-10-16 14:20:28 - [MESSAGE][PASSED] - Verify element property value successfully

2023-10-16 14:20:28 - [TEST_STEP][PASSED] - verifyElementPropertyValue(getResponse, "groups[0].pricingPlans[0].pricingPlanData[1].subPricingPlanIds[0]", "60501"): Verify element property value successfully

2023-10-16 14:20:28 - [MESSAGE][PASSED] - Verify element property value successfully

2023-10-16 14:20:28 - [TEST_STEP][PASSED] - verifyElementPropertyValue(getResponse, "groups[0].pricingPlans[0].pricingPlanData[1].paymentMethod", "MOBILE_PAY"): Verify element property value successfully

2023-10-16 14:20:28 - [MESSAGE][PASSED] - Verify element property value successfully

2023-10-16 14:20:28 - [TEST_STEP][PASSED] - verifyElementPropertyValue(getResponse, "groups[0].pricingPlans[0].pricingPlanData[1].freeTrialEnabled", "false"): Verify element property value successfully

2023-10-16 14:20:28 - [MESSAGE][PASSED] - Verify element property value successfully

2023-10-16 14:20:28 - [TEST_STEP][PASSED] - verifyElementPropertyValue(getResponse, "groups[0].pricingPlans[0].pricingPlanData[1].showIn[0]", "VERTICAL_MODE"): Verify element property value successfully

2023-10-16 14:20:28 - [MESSAGE][PASSED] - Verify element property value successfully

2023-10-16 14:20:28 - [TEST_STEP][PASSED] - verifyElementPropertyValue(getResponse, "groups[0].pricingPlans[0].pricingPlanData[1].showIn[1]", "HORIZONTAL_MODE"): Verify element property value successfully

2023-10-16 14:20:28 - [MESSAGE][PASSED] - Verify element property value successfully

2023-10-16 14:20:28 - [TEST_STEP][PASSED] - verifyElementPropertyValue(getResponse, "groups[0].pricingPlans[0].pricingPlanData[1].visualElements[0].key", "payment_option_group"): Verify element property value successfully

2023-10-16 14:20:28 - [MESSAGE][PASSED] - Verify element property value successfully

2023-10-16 14:20:28 - [TEST_STEP][PASSED] - verifyElementPropertyValue(getResponse, "groups[0].pricingPlans[0].pricingPlanData[1].visualElements[0].value", "true"): Verify element property value successfully

2023-10-16 14:20:28 - [MESSAGE][PASSED] - Verify element property value successfully

2023-10-16 14:20:28 - [TEST_STEP][PASSED] - verifyElementPropertyValue(getResponse, "groups[0].pricingPlans[0].pricingPlanData[1].visualElements[1].key", "title"): Verify element property value successfully

2023-10-16 14:20:28 - [MESSAGE][PASSED] - Verify element property value successfully

2023-10-16 14:20:28 - [TEST_STEP][PASSED] - verifyElementPropertyValue(getResponse, "groups[0].pricingPlans[0].pricingPlanData[1].visualElements[1].value", "الدفع عبر الجّوال"): Verify element property value successfully

2023-10-16 14:20:28 - [MESSAGE][PASSED] - Verify element property value successfully

2023-10-16 14:20:28 - [TEST_STEP][PASSED] - verifyElementPropertyValue(getResponse, "groups[0].pricingPlans[0].pricingPlanData[1].visualElements[2].key", "CTA_text"): Verify element property value successfully

2023-10-16 14:20:28 - [MESSAGE][PASSED] - Verify element property value successfully

2023-10-16 14:20:28 - [TEST_STEP][PASSED] - verifyElementPropertyValue(getResponse, "groups[0].pricingPlans[0].pricingPlanData[1].visualElements[2].value", "اشترك"): Verify element property value successfully

2023-10-16 14:20:28 - [MESSAGE][PASSED] - Verify element property value successfully

2023-10-16 14:20:28 - [TEST_STEP][PASSED] - verifyElementPropertyValue(getResponse, "groups[0].pricingPlans[0].pricingPlanData[1].visualElements[3].key", "logo"): Verify element property value successfully

2023-10-16 14:20:28 - [MESSAGE][PASSED] - Verify element property value successfully

2023-10-16 14:20:28 - [TEST_STEP][PASSED] - verifyElementPropertyValue(getResponse, "groups[0].pricingPlans[0].pricingPlanData[1].visualElements[3].value", "https://static.s3.shahid.mbc.net/widget-images/icons/iconMobile.png"): Verify element property value successfully

2023-10-16 14:20:28 - [MESSAGE][PASSED] - Verify element property value successfully

2023-10-16 14:20:28 - [TEST_STEP][PASSED] - verifyElementPropertyValue(getResponse, "groups[0].pricingPlans[0].pricingPlanData[1].priceLabel", "9.99"): Verify element property value successfully

2023-10-16 14:20:28 - [MESSAGE][PASSED] - Verify element property value successfully

2023-10-16 14:20:28 - [TEST_STEP][PASSED] - verifyElementPropertyValue(getResponse, "groups[0].pricingPlans[0].pricingPlanData[1].currencyLabel", "TND"): Verify element property value successfully

2023-10-16 14:20:28 - [MESSAGE][PASSED] - Verify element property value successfully

2023-10-16 14:20:28 - [TEST_STEP][PASSED] - verifyElementPropertyValue(getResponse, "groups[0].pricingPlans[0].pricingPlanData[1].allowedForAcquisition", "true"): Verify element property value successfully

2023-10-16 14:20:28 - [MESSAGE][PASSED] - Verify element property value successfully

2023-10-16 14:20:28 - [TEST_STEP][PASSED] - verifyElementPropertyValue(getResponse, "groups[0].pricingPlans[0].pricingPlanData[2].pricingPlanId", "TPay_Ooredoo_TN"): Verify element property value successfully

2023-10-16 14:20:28 - [MESSAGE][PASSED] - Verify element property value successfully

2023-10-16 14:20:28 - [TEST_STEP][PASSED] - verifyElementPropertyValue(getResponse, "groups[0].pricingPlans[0].pricingPlanData[2].productId", "TUN_B2C_SHAHID_VIP_1M"): Verify element property value successfully

2023-10-16 14:20:28 - [MESSAGE][PASSED] - Verify element property value successfully

2023-10-16 14:20:28 - [TEST_STEP][PASSED] - verifyElementPropertyValue(getResponse, "groups[0].pricingPlans[0].pricingPlanData[2].subPricingPlanIds[0]", "60503"): Verify element property value successfully

2023-10-16 14:20:28 - [MESSAGE][PASSED] - Verify element property value successfully

2023-10-16 14:20:28 - [TEST_STEP][PASSED] - verifyElementPropertyValue(getResponse, "groups[0].pricingPlans[0].pricingPlanData[2].paymentMethod", "MOBILE_PAY"): Verify element property value successfully

2023-10-16 14:20:28 - [MESSAGE][PASSED] - Verify element property value successfully

2023-10-16 14:20:28 - [TEST_STEP][PASSED] - verifyElementPropertyValue(getResponse, "groups[0].pricingPlans[0].pricingPlanData[2].freeTrialEnabled", "false"): Verify element property value successfully

2023-10-16 14:20:28 - [MESSAGE][PASSED] - Verify element property value successfully

2023-10-16 14:20:28 - [TEST_STEP][PASSED] - verifyElementPropertyValue(getResponse, "groups[0].pricingPlans[0].pricingPlanData[2].priceLabel", "9.99"): Verify element property value successfully

2023-10-16 14:20:28 - [MESSAGE][PASSED] - Verify element property value successfully

2023-10-16 14:20:28 - [TEST_STEP][PASSED] - verifyElementPropertyValue(getResponse, "groups[0].pricingPlans[0].pricingPlanData[2].currencyLabel", "TND"): Verify element property value successfully

2023-10-16 14:20:28 - [MESSAGE][PASSED] - Verify element property value successfully

2023-10-16 14:20:28 - [TEST_STEP][PASSED] - verifyElementPropertyValue(getResponse, "groups[0].pricingPlans[0].pricingPlanData[2].allowedForAcquisition", "true"): Verify element property value successfully

2023-10-16 14:20:28 - [MESSAGE][PASSED] - Verify element property value successfully

2023-10-16 14:20:28 - [TEST_STEP][PASSED] - verifyElementPropertyValue(getResponse, "groups[0].pricingPlans[1].featured", "false"): Verify element property value successfully

2023-10-16 14:20:28 - [MESSAGE][PASSED] - Verify element property value successfully

2023-10-16 14:20:28 - [TEST_STEP][PASSED] - verifyElementPropertyValue(getResponse, "groups[0].pricingPlans[1].packageId", "SHAHID_VIP"): Verify element property value successfully

2023-10-16 14:20:28 - [MESSAGE][PASSED] - Verify element property value successfully

2023-10-16 14:20:28 - [TEST_STEP][PASSED] - verifyElementPropertyValue(getResponse, "groups[0].pricingPlans[1].catalogId", "VIP"): Verify element property value successfully

2023-10-16 14:20:28 - [MESSAGE][PASSED] - Verify element property value successfully

2023-10-16 14:20:28 - [TEST_STEP][PASSED] - verifyElementPropertyValue(getResponse, "groups[0].pricingPlans[1].visualElements[0].key", "Header_1_text"): Verify element property value successfully

2023-10-16 14:20:28 - [MESSAGE][PASSED] - Verify element property value successfully

2023-10-16 14:20:28 - [TEST_STEP][PASSED] - verifyElementPropertyValue(getResponse, "groups[0].pricingPlans[1].visualElements[0].value", "شاهد أقوى المسلسلات و الأفلام حصرياً دون توقف"): Verify element property value successfully

2023-10-16 14:20:28 - [MESSAGE][PASSED] - Verify element property value successfully

2023-10-16 14:20:28 - [TEST_STEP][PASSED] - verifyElementPropertyValue(getResponse, "groups[0].pricingPlans[1].visualElements[1].key", "display_title"): Verify element property value successfully

2023-10-16 14:20:28 - [MESSAGE][PASSED] - Verify element property value successfully

2023-10-16 14:20:28 - [TEST_STEP][PASSED] - verifyElementPropertyValue(getResponse, "groups[0].pricingPlans[1].visualElements[1].value", "الاشتراك السنوي"): Verify element property value successfully

2023-10-16 14:20:28 - [MESSAGE][PASSED] - Verify element property value successfully

2023-10-16 14:20:28 - [TEST_STEP][PASSED] - verifyElementPropertyValue(getResponse, "groups[0].pricingPlans[1].visualElements[2].key", "tag_text"): Verify element property value successfully

2023-10-16 14:20:28 - [MESSAGE][PASSED] - Verify element property value successfully

2023-10-16 14:20:28 - [TEST_STEP][PASSED] - verifyElementPropertyValue(getResponse, "groups[0].pricingPlans[1].visualElements[2].value", "وفر28%"): Verify element property value successfully

2023-10-16 14:20:28 - [MESSAGE][PASSED] - Verify element property value successfully

2023-10-16 14:20:28 - [TEST_STEP][PASSED] - verifyElementPropertyValue(getResponse, "groups[0].pricingPlans[1].visualElements[3].key", "promo_text"): Verify element property value successfully

2023-10-16 14:20:28 - [MESSAGE][PASSED] - Verify element property value successfully

2023-10-16 14:20:28 - [TEST_STEP][PASSED] - verifyElementPropertyValue(getResponse, "groups[0].pricingPlans[1].visualElements[3].value", "7.16 TND / شهرياً"): Verify element property value successfully

2023-10-16 14:20:28 - [MESSAGE][PASSED] - Verify element property value successfully

2023-10-16 14:20:28 - [TEST_STEP][PASSED] - verifyElementPropertyValue(getResponse, "groups[0].pricingPlans[1].visualElements[4].key", "deduction_text"): Verify element property value successfully

2023-10-16 14:20:28 - [MESSAGE][PASSED] - Verify element property value successfully

2023-10-16 14:20:28 - [TEST_STEP][PASSED] - verifyElementPropertyValue(getResponse, "groups[0].pricingPlans[1].visualElements[4].value", " 85.99 TND  تدفع سنوياً"): Verify element property value successfully

2023-10-16 14:20:28 - [MESSAGE][PASSED] - Verify element property value successfully

2023-10-16 14:20:28 - [TEST_STEP][PASSED] - verifyElementPropertyValue(getResponse, "groups[0].pricingPlans[1].visualElements[7].key", "show_payment_logo"): Verify element property value successfully

2023-10-16 14:20:28 - [MESSAGE][PASSED] - Verify element property value successfully

2023-10-16 14:20:28 - [TEST_STEP][PASSED] - verifyElementPropertyValue(getResponse, "groups[0].pricingPlans[1].visualElements[7].value", "true"): Verify element property value successfully

2023-10-16 14:20:28 - [MESSAGE][PASSED] - Verify element property value successfully

2023-10-16 14:20:28 - [TEST_STEP][PASSED] - verifyElementPropertyValue(getResponse, "groups[0].pricingPlans[1].visualElements[8].key", "show_tag"): Verify element property value successfully

2023-10-16 14:20:28 - [MESSAGE][PASSED] - Verify element property value successfully

2023-10-16 14:20:28 - [TEST_STEP][PASSED] - verifyElementPropertyValue(getResponse, "groups[0].pricingPlans[1].visualElements[8].value", "true"): Verify element property value successfully

2023-10-16 14:20:28 - [MESSAGE][PASSED] - Verify element property value successfully

2023-10-16 14:20:28 - [TEST_STEP][PASSED] - verifyElementPropertyValue(getResponse, "groups[0].pricingPlans[1].visualElements[10].key", "price"): Verify element property value successfully

2023-10-16 14:20:28 - [MESSAGE][PASSED] - Verify element property value successfully

2023-10-16 14:20:28 - [TEST_STEP][PASSED] - verifyElementPropertyValue(getResponse, "groups[0].pricingPlans[1].visualElements[10].value", "85.99"): Verify element property value successfully

2023-10-16 14:20:28 - [MESSAGE][PASSED] - Verify element property value successfully

2023-10-16 14:20:28 - [TEST_STEP][PASSED] - verifyElementPropertyValue(getResponse, "groups[0].pricingPlans[1].visualElements[11].key", "currency"): Verify element property value successfully

2023-10-16 14:20:28 - [MESSAGE][PASSED] - Verify element property value successfully

2023-10-16 14:20:28 - [TEST_STEP][PASSED] - verifyElementPropertyValue(getResponse, "groups[0].pricingPlans[1].visualElements[11].value", "TND"): Verify element property value successfully

2023-10-16 14:20:28 - [MESSAGE][PASSED] - Verify element property value successfully

2023-10-16 14:20:28 - [TEST_STEP][PASSED] - verifyElementPropertyValue(getResponse, "groups[0].pricingPlans[1].visualElements[12].key", "duration"): Verify element property value successfully

2023-10-16 14:20:28 - [MESSAGE][PASSED] - Verify element property value successfully

2023-10-16 14:20:28 - [TEST_STEP][PASSED] - verifyElementPropertyValue(getResponse, "groups[0].pricingPlans[1].visualElements[12].value", "سنوياً"): Verify element property value successfully

2023-10-16 14:20:28 - [MESSAGE][PASSED] - Verify element property value successfully

2023-10-16 14:20:28 - [TEST_STEP][PASSED] - verifyElementPropertyValue(getResponse, "groups[0].pricingPlans[1].order", "2"): Verify element property value successfully

2023-10-16 14:20:28 - [MESSAGE][PASSED] - Verify element property value successfully

2023-10-16 14:20:28 - [TEST_STEP][PASSED] - verifyElementPropertyValue(getResponse, "groups[0].pricingPlans[1].period", "yearly"): Verify element property value successfully

2023-10-16 14:20:28 - [MESSAGE][PASSED] - Verify element property value successfully

2023-10-16 14:20:28 - [TEST_STEP][PASSED] - verifyElementPropertyValue(getResponse, "groups[0].pricingPlans[1].price", "85.99"): Verify element property value successfully

2023-10-16 14:20:28 - [MESSAGE][PASSED] - Verify element property value successfully

2023-10-16 14:20:28 - [TEST_STEP][PASSED] - verifyElementPropertyValue(getResponse, "groups[0].pricingPlans[1].currency", "TND"): Verify element property value successfully

2023-10-16 14:20:28 - [MESSAGE][PASSED] - Verify element property value successfully

2023-10-16 14:20:28 - [TEST_STEP][PASSED] - verifyElementPropertyValue(getResponse, "groups[0].pricingPlans[1].pricingPlanData[0].productId", "TUN_B2C_SHAHID_VIP_12M"): Verify element property value successfully

2023-10-16 14:20:28 - [MESSAGE][PASSED] - Verify element property value successfully

2023-10-16 14:20:28 - [TEST_STEP][PASSED] - verifyElementPropertyValue(getResponse, "groups[0].pricingPlans[1].pricingPlanData[0].subPricingPlanIds", "null"): Verify element property value successfully

2023-10-16 14:20:28 - [MESSAGE][PASSED] - Verify element property value successfully

2023-10-16 14:20:28 - [TEST_STEP][PASSED] - verifyElementPropertyValue(getResponse, "groups[0].pricingPlans[1].pricingPlanData[0].paymentMethod", "CREDIT_CARD"): Verify element property value successfully

2023-10-16 14:20:28 - [MESSAGE][PASSED] - Verify element property value successfully

2023-10-16 14:20:28 - [TEST_STEP][PASSED] - verifyElementPropertyValue(getResponse, "groups[0].pricingPlans[1].pricingPlanData[0].freeTrialEnabled", "false"): Verify element property value successfully

2023-10-16 14:20:28 - [MESSAGE][PASSED] - Verify element property value successfully

2023-10-16 14:20:28 - [TEST_STEP][PASSED] - verifyElementPropertyValue(getResponse, "groups[0].pricingPlans[1].pricingPlanData[0].visualElements[0].key", "title"): Verify element property value successfully

2023-10-16 14:20:28 - [MESSAGE][PASSED] - Verify element property value successfully

2023-10-16 14:20:28 - [TEST_STEP][PASSED] - verifyElementPropertyValue(getResponse, "groups[0].pricingPlans[1].pricingPlanData[0].visualElements[0].value", "البطاقة المصرفية"): Verify element property value successfully

2023-10-16 14:20:28 - [MESSAGE][PASSED] - Verify element property value successfully

2023-10-16 14:20:28 - [TEST_STEP][PASSED] - verifyElementPropertyValue(getResponse, "groups[0].pricingPlans[1].pricingPlanData[0].visualElements[1].key", "CTA_text"): Verify element property value successfully

2023-10-16 14:20:28 - [MESSAGE][PASSED] - Verify element property value successfully

2023-10-16 14:20:28 - [TEST_STEP][PASSED] - verifyElementPropertyValue(getResponse, "groups[0].pricingPlans[1].pricingPlanData[0].visualElements[1].value", "اشترك"): Verify element property value successfully

2023-10-16 14:20:28 - [MESSAGE][PASSED] - Verify element property value successfully

2023-10-16 14:20:28 - [TEST_STEP][PASSED] - verifyElementPropertyValue(getResponse, "groups[0].pricingPlans[1].pricingPlanData[0].visualElements[2].key", "logo"): Verify element property value successfully

2023-10-16 14:20:28 - [MESSAGE][PASSED] - Verify element property value successfully

2023-10-16 14:20:28 - [TEST_STEP][PASSED] - verifyElementPropertyValue(getResponse, "groups[0].pricingPlans[1].pricingPlanData[0].visualElements[2].value", "https://static.s3.shahid.mbc.net/widget-images/icons/iconCreditCard.png"): Verify element property value successfully

2023-10-16 14:20:29 - [MESSAGE][PASSED] - Verify element property value successfully

2023-10-16 14:20:29 - [TEST_STEP][PASSED] - verifyElementPropertyValue(getResponse, "groups[0].pricingPlans[1].pricingPlanData[0].priceLabel", "85.99"): Verify element property value successfully

2023-10-16 14:20:29 - [MESSAGE][PASSED] - Verify element property value successfully

2023-10-16 14:20:29 - [TEST_STEP][PASSED] - verifyElementPropertyValue(getResponse, "groups[0].pricingPlans[1].pricingPlanData[0].currencyLabel", "TND"): Verify element property value successfully

2023-10-16 14:20:29 - [MESSAGE][PASSED] - Verify element property value successfully

2023-10-16 14:20:29 - [TEST_STEP][PASSED] - verifyElementPropertyValue(getResponse, "pages[0].visualElements[0].key", "alternative_payment_title"): Verify element property value successfully

2023-10-16 14:20:29 - [MESSAGE][PASSED] - Verify element property value successfully

2023-10-16 14:20:29 - [TEST_STEP][PASSED] - verifyElementPropertyValue(getResponse, "pages[0].visualElements[0].value", "أو قم باختيار إحدى الطرق البديلة التالية"): Verify element property value successfully

2023-10-16 14:20:29 - [MESSAGE][PASSED] - Verify element property value successfully

2023-10-16 14:20:29 - [TEST_STEP][PASSED] - verifyElementPropertyValue(getResponse, "pages[0].visualElements[1].key", "label_text"): Verify element property value successfully

2023-10-16 14:20:29 - [MESSAGE][PASSED] - Verify element property value successfully

2023-10-16 14:20:29 - [TEST_STEP][PASSED] - verifyElementPropertyValue(getResponse, "pages[0].visualElements[1].value", "طرق الدفع الأخرى"): Verify element property value successfully

2023-10-16 14:20:29 - [MESSAGE][PASSED] - Verify element property value successfully

2023-10-16 14:20:29 - [TEST_STEP][PASSED] - verifyElementPropertyValue(getResponse, "pages[0].visualElements[3].key", "CTA_text"): Verify element property value successfully

2023-10-16 14:20:29 - [MESSAGE][PASSED] - Verify element property value successfully

2023-10-16 14:20:29 - [TEST_STEP][PASSED] - verifyElementPropertyValue(getResponse, "pages[0].visualElements[3].value", "اضغط هنا"): Verify element property value successfully

2023-10-16 14:20:29 - [MESSAGE][PASSED] - Verify element property value successfully

2023-10-16 14:20:29 - [TEST_STEP][PASSED] - verifyElementPropertyValue(getResponse, "pages[0].visualElements[4].key", "main_title"): Verify element property value successfully

2023-10-16 14:20:29 - [MESSAGE][PASSED] - Verify element property value successfully

2023-10-16 14:20:29 - [TEST_STEP][PASSED] - verifyElementPropertyValue(getResponse, "pages[0].visualElements[4].value", "طرق الدفع الأخرى"): Verify element property value successfully

2023-10-16 14:20:29 - [MESSAGE][PASSED] - Verify element property value successfully

2023-10-16 14:20:29 - [TEST_STEP][PASSED] - verifyElementPropertyValue(getResponse, "pages[0].visualElements[6].key", "alternative_payment_methods"): Verify element property value successfully

2023-10-16 14:20:29 - [MESSAGE][PASSED] - Verify element property value successfully

2023-10-16 14:20:29 - [TEST_STEP][PASSED] - verifyElementPropertyValue(getResponse, "pages[0].visualElements[6].value", "يمكنك شراء قسيمة شاهد التسويقية من أي من بائعي التجزئة التاليين"): Verify element property value successfully

2023-10-16 14:20:29 - [MESSAGE][PASSED] - Verify element property value successfully

2023-10-16 14:20:29 - [TEST_STEP][PASSED] - verifyElementPropertyValue(getResponse, "partners[0].name", "Razer Online"): Verify element property value successfully

2023-10-16 14:20:29 - [MESSAGE][PASSED] - Verify element property value successfully

2023-10-16 14:20:29 - [TEST_STEP][PASSED] - verifyElementPropertyValue(getResponse, "partners[0].link", "https://gold.razer.com/global/en/gold/catalog/shahid-vip-north-africa"): Verify element property value successfully

2023-10-16 14:20:29 - [MESSAGE][PASSED] - Verify element property value successfully

2023-10-16 14:20:29 - [TEST_STEP][PASSED] - verifyElementPropertyValue(getResponse, "partners[0].logo", "https://shahid-static.s3.amazonaws.com/widget-images/logos/Coin_RZR%20Gold_Black.png"): Verify element property value successfully

2023-10-16 14:20:29 - [MESSAGE][PASSED] - Verify element property value successfully

2023-10-16 14:20:29 - [TEST_STEP][PASSED] - verifyElementPropertyValue(getResponse, "partners[0].visible", "true"): Verify element property value successfully

2023-10-16 14:20:29 - [MESSAGE][PASSED] - Verify element property value successfully

2023-10-16 14:20:29 - [TEST_STEP][PASSED] - verifyElementPropertyValue(getResponse, "partners[0].visualElements[0].key", "text"): Verify element property value successfully

2023-10-16 14:20:29 - [MESSAGE][PASSED] - Verify element property value successfully

2023-10-16 14:20:29 - [TEST_STEP][PASSED] - verifyElementPropertyValue(getResponse, "partners[0].visualElements[0].value", "معلومات إضافية"): Verify element property value successfully

2023-10-16 14:20:29 - [MESSAGE][PASSED] - Verify element property value successfully

2023-10-16 14:20:29 - [TEST_STEP][PASSED] - verifyElementPropertyValue(getResponse, "partners[1].name", "Flouci"): Verify element property value successfully

2023-10-16 14:20:29 - [MESSAGE][PASSED] - Verify element property value successfully

2023-10-16 14:20:29 - [TEST_STEP][PASSED] - verifyElementPropertyValue(getResponse, "partners[1].link", "https://play.google.com/store/apps/details?id=com.kaoun.flouci&hl=en&gl=US"): Verify element property value successfully

2023-10-16 14:20:29 - [MESSAGE][PASSED] - Verify element property value successfully

2023-10-16 14:20:29 - [TEST_STEP][PASSED] - verifyElementPropertyValue(getResponse, "partners[1].logo", "https://shahid-static.s3.amazonaws.com/widget-images/logos/Flouci_logo1.png"): Verify element property value successfully

2023-10-16 14:20:29 - [MESSAGE][PASSED] - Verify element property value successfully

2023-10-16 14:20:29 - [TEST_STEP][PASSED] - verifyElementPropertyValue(getResponse, "partners[1].visible", "true"): Verify element property value successfully

2023-10-16 14:20:29 - [MESSAGE][PASSED] - Verify element property value successfully

2023-10-16 14:20:29 - [TEST_STEP][PASSED] - verifyElementPropertyValue(getResponse, "partners[1].visualElements[0].key", "text"): Verify element property value successfully

2023-10-16 14:20:29 - [MESSAGE][PASSED] - Verify element property value successfully

2023-10-16 14:20:29 - [TEST_STEP][PASSED] - verifyElementPropertyValue(getResponse, "partners[1].visualElements[0].value", "معلومات إضافية"): Verify element property value successfully

2023-10-16 14:20:29 - [MESSAGE][PASSED] - Verify element property value successfully

2023-10-16 14:20:29 - [TEST_STEP][PASSED] - verifyElementPropertyValue(getResponse, "partners[2].name", "Metagames Bilgi Islemleri Limited"): Verify element property value successfully

2023-10-16 14:20:29 - [MESSAGE][PASSED] - Verify element property value successfully

2023-10-16 14:20:29 - [TEST_STEP][PASSED] - verifyElementPropertyValue(getResponse, "partners[2].link", "https://www.mtcgame.com/en-US/shahid/shahid-vip-gift-card-global"): Verify element property value successfully

2023-10-16 14:20:29 - [MESSAGE][PASSED] - Verify element property value successfully

2023-10-16 14:20:29 - [TEST_STEP][PASSED] - verifyElementPropertyValue(getResponse, "partners[2].logo", "https://shahid-static.s3.amazonaws.com/widget-images/logos/Logo_Meta%2BGames.png"): Verify element property value successfully

2023-10-16 14:20:29 - [MESSAGE][PASSED] - Verify element property value successfully

2023-10-16 14:20:29 - [TEST_STEP][PASSED] - verifyElementPropertyValue(getResponse, "partners[2].visible", "true"): Verify element property value successfully

2023-10-16 14:20:29 - [MESSAGE][PASSED] - Verify element property value successfully

2023-10-16 14:20:29 - [TEST_STEP][PASSED] - verifyElementPropertyValue(getResponse, "partners[2].visualElements[0].key", "text"): Verify element property value successfully

2023-10-16 14:20:29 - [MESSAGE][PASSED] - Verify element property value successfully

2023-10-16 14:20:29 - [TEST_STEP][PASSED] - verifyElementPropertyValue(getResponse, "partners[2].visualElements[0].value", "معلومات إضافية"): Verify element property value successfully

2023-10-16 14:20:29 - [MESSAGE][PASSED] - Verify element property value successfully

2023-10-16 14:20:29 - [TEST_STEP][PASSED] - verifyElementPropertyValue(getResponse, "partners[3].name", "Offgamers"): Verify element property value successfully

2023-10-16 14:20:29 - [MESSAGE][PASSED] - Verify element property value successfully

2023-10-16 14:20:29 - [TEST_STEP][PASSED] - verifyElementPropertyValue(getResponse, "partners[3].link", "https://www.offgamers.com/ae/en/shahid-vip"): Verify element property value successfully

2023-10-16 14:20:29 - [MESSAGE][PASSED] - Verify element property value successfully

2023-10-16 14:20:29 - [TEST_STEP][PASSED] - verifyElementPropertyValue(getResponse, "partners[3].logo", "https://shahid-static.s3.amazonaws.com/widget-images/logos/Logo_Offgamers.jpg"): Verify element property value successfully

2023-10-16 14:20:29 - [MESSAGE][PASSED] - Verify element property value successfully

2023-10-16 14:20:29 - [TEST_STEP][PASSED] - verifyElementPropertyValue(getResponse, "partners[3].visible", "true"): Verify element property value successfully

2023-10-16 14:20:29 - [MESSAGE][PASSED] - Verify element property value successfully

2023-10-16 14:20:29 - [TEST_STEP][PASSED] - verifyElementPropertyValue(getResponse, "partners[3].visualElements[0].key", "text"): Verify element property value successfully

2023-10-16 14:20:29 - [MESSAGE][PASSED] - Verify element property value successfully

2023-10-16 14:20:29 - [TEST_STEP][PASSED] - verifyElementPropertyValue(getResponse, "partners[3].visualElements[0].value", "معلومات إضافية"): Verify element property value successfully

2023-10-16 14:20:29 - [MESSAGE][PASSED] - Verify element property value successfully

2023-10-16 14:20:29 - [TEST_STEP][PASSED] - verifyElementPropertyValue(getResponse, "defaultPackageId", "SHAHID_VIP"): Verify element property value successfully

2023-10-16 14:20:29 - [MESSAGE][PASSED] - Verify element property value successfully]]></system-out>
         <system-err><![CDATA[]]></system-err>
      </testcase>
      <testcase name="Test Cases/WEB - CHROME/TUN PI/WEB_AR_getOffersForTUN_SPORT" time="3.866" classname="Test Cases/WEB - CHROME/TUN PI/WEB_AR_getOffersForTUN_SPORT" status="PASSED">
         <system-out><![CDATA[2023-10-16 14:20:29 - [TEST_CASE][PASSED] - Test Cases/WEB - CHROME/TUN PI/WEB_AR_getOffersForTUN_SPORT: Test Cases/WEB - CHROME/TUN PI/WEB_AR_getOffersForTUN_SPORT

2023-10-16 14:20:29 - [TEST_STEP][PASSED] - getResponse = config_files.getConfigFile.getConfig("WEB", "AR", "SHAHID_VIP_SPORT", "TN", "false"): config_files.getConfigFile.getConfig is PASSED

2023-10-16 14:20:30 - [MESSAGE][INFO] - HAR: /Users/admin/git/shahid-configuration/Reports/20231016_140310/WEB/TUN/20231016_140343/requests/main/4.har

2023-10-16 14:20:30 - [MESSAGE][PASSED] - Send request successfully

2023-10-16 14:20:30 - [MESSAGE][PASSED] - config_files.getConfigFile.getConfig is PASSED

2023-10-16 14:20:30 - [TEST_STEP][PASSED] - verifyResponseStatusCode(getResponse, 200): Verify response status code successfully

2023-10-16 14:20:30 - [MESSAGE][PASSED] - Verify response status code successfully

2023-10-16 14:20:30 - [TEST_STEP][PASSED] - verifyElementPropertyValue(getResponse, "country", "TUN"): Verify element property value successfully

2023-10-16 14:20:30 - [MESSAGE][PASSED] - Verify element property value successfully

2023-10-16 14:20:30 - [TEST_STEP][PASSED] - verifyElementPropertyValue(getResponse, "platform", "[WEB]"): Verify element property value successfully

2023-10-16 14:20:30 - [MESSAGE][PASSED] - Verify element property value successfully

2023-10-16 14:20:30 - [TEST_STEP][PASSED] - verifyElementPropertyValue(getResponse, "offers[5].offerId", "winback-sport-30-offer"): Verify element property value successfully

2023-10-16 14:20:30 - [MESSAGE][PASSED] - Verify element property value successfully

2023-10-16 14:20:30 - [TEST_STEP][PASSED] - verifyElementPropertyValue(getResponse, "offers[5].offerParam", "sportsoffer30"): Verify element property value successfully

2023-10-16 14:20:30 - [MESSAGE][PASSED] - Verify element property value successfully

2023-10-16 14:20:30 - [TEST_STEP][PASSED] - verifyElementPropertyValue(getResponse, "offers[5].groups[0].pricingPlans[0].featured", "true"): Verify element property value successfully

2023-10-16 14:20:30 - [MESSAGE][PASSED] - Verify element property value successfully

2023-10-16 14:20:30 - [TEST_STEP][PASSED] - verifyElementPropertyValue(getResponse, "offers[5].groups[0].pricingPlans[0].period", "monthly"): Verify element property value successfully

2023-10-16 14:20:30 - [MESSAGE][PASSED] - Verify element property value successfully

2023-10-16 14:20:30 - [TEST_STEP][PASSED] - verifyElementPropertyValue(getResponse, "offers[5].groups[0].pricingPlans[0].featured", "true"): Verify element property value successfully

2023-10-16 14:20:30 - [MESSAGE][PASSED] - Verify element property value successfully

2023-10-16 14:20:30 - [TEST_STEP][PASSED] - verifyElementPropertyValue(getResponse, "offers[5].groups[0].pricingPlans[0].price", "13.99"): Verify element property value successfully

2023-10-16 14:20:30 - [MESSAGE][PASSED] - Verify element property value successfully

2023-10-16 14:20:30 - [TEST_STEP][PASSED] - verifyElementPropertyValue(getResponse, "offers[5].groups[0].pricingPlans[0].currency", "TND"): Verify element property value successfully

2023-10-16 14:20:30 - [MESSAGE][PASSED] - Verify element property value successfully

2023-10-16 14:20:30 - [TEST_STEP][PASSED] - verifyElementPropertyValue(getResponse, "offers[5].groups[0].pricingPlans[0].order", "0"): Verify element property value successfully

2023-10-16 14:20:30 - [MESSAGE][PASSED] - Verify element property value successfully

2023-10-16 14:20:30 - [TEST_STEP][PASSED] - verifyElementPropertyValue(getResponse, "offers[5].groups[0].pricingPlans[0].packageId", "SHAHID_VIP_SPORT"): Verify element property value successfully

2023-10-16 14:20:30 - [MESSAGE][PASSED] - Verify element property value successfully

2023-10-16 14:20:30 - [TEST_STEP][PASSED] - verifyElementPropertyValue(getResponse, "offers[5].groups[0].pricingPlans[0].catalogId", "SPORT"): Verify element property value successfully

2023-10-16 14:20:30 - [MESSAGE][PASSED] - Verify element property value successfully

2023-10-16 14:20:30 - [TEST_STEP][PASSED] - verifyElementPropertyValue(getResponse, "offers[5].groups[0].pricingPlans[0].visualElements[0].key", "Header_1_text"): Verify element property value successfully

2023-10-16 14:20:30 - [MESSAGE][PASSED] - Verify element property value successfully

2023-10-16 14:20:30 - [TEST_STEP][PASSED] - verifyElementPropertyValue(getResponse, "offers[5].groups[0].pricingPlans[0].visualElements[0].value", "شاهد أقوى المسلسلات و الأفلام حصرياً دون توقف"): Verify element property value successfully

2023-10-16 14:20:30 - [MESSAGE][PASSED] - Verify element property value successfully

2023-10-16 14:20:30 - [TEST_STEP][PASSED] - verifyElementPropertyValue(getResponse, "offers[5].groups[0].pricingPlans[0].visualElements[1].key", "display_title"): Verify element property value successfully

2023-10-16 14:20:30 - [MESSAGE][PASSED] - Verify element property value successfully

2023-10-16 14:20:30 - [TEST_STEP][PASSED] - verifyElementPropertyValue(getResponse, "offers[5].groups[0].pricingPlans[0].visualElements[1].value", "احصل على خصم 30%"): Verify element property value successfully

2023-10-16 14:20:30 - [MESSAGE][PASSED] - Verify element property value successfully

2023-10-16 14:20:30 - [TEST_STEP][PASSED] - verifyElementPropertyValue(getResponse, "offers[5].groups[0].pricingPlans[0].visualElements[3].key", "deduction_text"): Verify element property value successfully

2023-10-16 14:20:30 - [MESSAGE][PASSED] - Verify element property value successfully

2023-10-16 14:20:30 - [TEST_STEP][PASSED] - verifyElementPropertyValue(getResponse, "offers[5].groups[0].pricingPlans[0].visualElements[3].value", "تدفع شهرياً"): Verify element property value successfully

2023-10-16 14:20:30 - [MESSAGE][PASSED] - Verify element property value successfully

2023-10-16 14:20:30 - [TEST_STEP][PASSED] - verifyElementPropertyValue(getResponse, "offers[5].groups[0].pricingPlans[0].visualElements[6].key", "show_payment_logo"): Verify element property value successfully

2023-10-16 14:20:30 - [MESSAGE][PASSED] - Verify element property value successfully

2023-10-16 14:20:30 - [TEST_STEP][PASSED] - verifyElementPropertyValue(getResponse, "offers[5].groups[0].pricingPlans[0].visualElements[6].value", "true"): Verify element property value successfully

2023-10-16 14:20:30 - [MESSAGE][PASSED] - Verify element property value successfully

2023-10-16 14:20:30 - [TEST_STEP][PASSED] - verifyElementPropertyValue(getResponse, "offers[5].groups[0].pricingPlans[0].visualElements[8].key", "price"): Verify element property value successfully

2023-10-16 14:20:30 - [MESSAGE][PASSED] - Verify element property value successfully

2023-10-16 14:20:30 - [TEST_STEP][PASSED] - verifyElementPropertyValue(getResponse, "offers[5].groups[0].pricingPlans[0].visualElements[8].value", "13.99"): Verify element property value successfully

2023-10-16 14:20:30 - [MESSAGE][PASSED] - Verify element property value successfully

2023-10-16 14:20:30 - [TEST_STEP][PASSED] - verifyElementPropertyValue(getResponse, "offers[5].groups[0].pricingPlans[0].visualElements[9].key", "currency"): Verify element property value successfully

2023-10-16 14:20:30 - [MESSAGE][PASSED] - Verify element property value successfully

2023-10-16 14:20:30 - [TEST_STEP][PASSED] - verifyElementPropertyValue(getResponse, "offers[5].groups[0].pricingPlans[0].visualElements[9].value", "TND"): Verify element property value successfully

2023-10-16 14:20:30 - [MESSAGE][PASSED] - Verify element property value successfully

2023-10-16 14:20:30 - [TEST_STEP][PASSED] - verifyElementPropertyValue(getResponse, "offers[5].groups[0].pricingPlans[0].visualElements[10].key", "duration"): Verify element property value successfully

2023-10-16 14:20:30 - [MESSAGE][PASSED] - Verify element property value successfully

2023-10-16 14:20:30 - [TEST_STEP][PASSED] - verifyElementPropertyValue(getResponse, "offers[5].groups[0].pricingPlans[0].visualElements[10].value", "شهرياً"): Verify element property value successfully

2023-10-16 14:20:30 - [MESSAGE][PASSED] - Verify element property value successfully

2023-10-16 14:20:30 - [TEST_STEP][PASSED] - verifyElementPropertyValue(getResponse, "offers[5].groups[0].pricingPlans[0].visualElements[11].key", "featured_tag_text"): Verify element property value successfully

2023-10-16 14:20:30 - [MESSAGE][PASSED] - Verify element property value successfully

2023-10-16 14:20:30 - [TEST_STEP][PASSED] - verifyElementPropertyValue(getResponse, "offers[5].groups[0].pricingPlans[0].visualElements[11].value", "عرض لمدة محدودة"): Verify element property value successfully

2023-10-16 14:20:30 - [MESSAGE][PASSED] - Verify element property value successfully

2023-10-16 14:20:30 - [TEST_STEP][PASSED] - verifyElementPropertyValue(getResponse, "offers[5].groups[0].pricingPlans[0].visualElements[13].key", "tag_text"): Verify element property value successfully

2023-10-16 14:20:30 - [MESSAGE][PASSED] - Verify element property value successfully

2023-10-16 14:20:30 - [TEST_STEP][PASSED] - verifyElementPropertyValue(getResponse, "offers[5].groups[0].pricingPlans[0].visualElements[13].value", "وفر 30%"): Verify element property value successfully

2023-10-16 14:20:30 - [MESSAGE][PASSED] - Verify element property value successfully

2023-10-16 14:20:30 - [TEST_STEP][PASSED] - verifyElementPropertyValue(getResponse, "offers[5].groups[0].pricingPlans[0].visualElements[12].key", "show_tag"): Verify element property value successfully

2023-10-16 14:20:30 - [MESSAGE][PASSED] - Verify element property value successfully

2023-10-16 14:20:30 - [TEST_STEP][PASSED] - verifyElementPropertyValue(getResponse, "offers[5].groups[0].pricingPlans[0].visualElements[12].value", "true"): Verify element property value successfully

2023-10-16 14:20:30 - [MESSAGE][PASSED] - Verify element property value successfully

2023-10-16 14:20:30 - [TEST_STEP][PASSED] - verifyElementPropertyValue(getResponse, "offers[5].groups[0].pricingPlans[0].pricingPlanData[0].productId", "TUN_B2C_SHAHID_VIP_SPORT_1M"): Verify element property value successfully

2023-10-16 14:20:30 - [MESSAGE][PASSED] - Verify element property value successfully

2023-10-16 14:20:30 - [TEST_STEP][PASSED] - verifyElementPropertyValue(getResponse, "offers[5].groups[0].pricingPlans[0].pricingPlanData[0].paymentMethod", "CREDIT_CARD"): Verify element property value successfully

2023-10-16 14:20:30 - [MESSAGE][PASSED] - Verify element property value successfully

2023-10-16 14:20:30 - [TEST_STEP][PASSED] - verifyElementPropertyValue(getResponse, "offers[5].groups[0].pricingPlans[0].pricingPlanData[0].freeTrialEnabled", "false"): Verify element property value successfully

2023-10-16 14:20:30 - [MESSAGE][PASSED] - Verify element property value successfully

2023-10-16 14:20:30 - [TEST_STEP][PASSED] - verifyElementPropertyValue(getResponse, "offers[5].groups[0].pricingPlans[0].pricingPlanData[0].showIn[0]", "VERTICAL_MODE"): Verify element property value successfully

2023-10-16 14:20:30 - [MESSAGE][PASSED] - Verify element property value successfully

2023-10-16 14:20:30 - [TEST_STEP][PASSED] - verifyElementPropertyValue(getResponse, "offers[5].groups[0].pricingPlans[0].pricingPlanData[0].showIn[1]", "HORIZONTAL_MODE"): Verify element property value successfully

2023-10-16 14:20:30 - [MESSAGE][PASSED] - Verify element property value successfully

2023-10-16 14:20:30 - [TEST_STEP][PASSED] - verifyElementPropertyValue(getResponse, "offers[5].groups[0].pricingPlans[0].pricingPlanData[0].priceLabel", "13.99"): Verify element property value successfully

2023-10-16 14:20:30 - [MESSAGE][PASSED] - Verify element property value successfully

2023-10-16 14:20:30 - [TEST_STEP][PASSED] - verifyElementPropertyValue(getResponse, "offers[5].groups[0].pricingPlans[0].pricingPlanData[0].currencyLabel", "TND"): Verify element property value successfully

2023-10-16 14:20:30 - [MESSAGE][PASSED] - Verify element property value successfully

2023-10-16 14:20:30 - [TEST_STEP][PASSED] - verifyElementPropertyValue(getResponse, "offers[5].groups[0].pricingPlans[0].pricingPlanData[0].dealId", "WB_SPORT_30P_TUN"): Verify element property value successfully

2023-10-16 14:20:30 - [MESSAGE][PASSED] - Verify element property value successfully

2023-10-16 14:20:30 - [TEST_STEP][PASSED] - verifyElementPropertyValue(getResponse, "offers[5].groups[0].pricingPlans[0].pricingPlanData[0].allowedForAcquisition", "true"): Verify element property value successfully

2023-10-16 14:20:30 - [MESSAGE][PASSED] - Verify element property value successfully

2023-10-16 14:20:30 - [TEST_STEP][PASSED] - verifyElementPropertyValue(getResponse, "offers[5].groups[0].pricingPlans[0].pricingPlanData[0].visualElements[0].key", "title"): Verify element property value successfully

2023-10-16 14:20:30 - [MESSAGE][PASSED] - Verify element property value successfully

2023-10-16 14:20:30 - [TEST_STEP][PASSED] - verifyElementPropertyValue(getResponse, "offers[5].groups[0].pricingPlans[0].pricingPlanData[0].visualElements[0].value", "البطاقة المصرفية"): Verify element property value successfully

2023-10-16 14:20:30 - [MESSAGE][PASSED] - Verify element property value successfully

2023-10-16 14:20:30 - [TEST_STEP][PASSED] - verifyElementPropertyValue(getResponse, "offers[5].groups[0].pricingPlans[0].pricingPlanData[0].visualElements[1].key", "CTA_text"): Verify element property value successfully

2023-10-16 14:20:30 - [MESSAGE][PASSED] - Verify element property value successfully

2023-10-16 14:20:30 - [TEST_STEP][PASSED] - verifyElementPropertyValue(getResponse, "offers[5].groups[0].pricingPlans[0].pricingPlanData[0].visualElements[1].value", "اشترك"): Verify element property value successfully

2023-10-16 14:20:31 - [MESSAGE][PASSED] - Verify element property value successfully

2023-10-16 14:20:31 - [TEST_STEP][PASSED] - verifyElementPropertyValue(getResponse, "offers[5].groups[0].pricingPlans[0].pricingPlanData[0].visualElements[2].key", "logo"): Verify element property value successfully

2023-10-16 14:20:31 - [MESSAGE][PASSED] - Verify element property value successfully

2023-10-16 14:20:31 - [TEST_STEP][PASSED] - verifyElementPropertyValue(getResponse, "offers[5].groups[0].pricingPlans[0].pricingPlanData[0].visualElements[2].value", "https://static.s3.shahid.mbc.net/widget-images/icons/iconCreditCard.png"): Verify element property value successfully

2023-10-16 14:20:31 - [MESSAGE][PASSED] - Verify element property value successfully

2023-10-16 14:20:31 - [TEST_STEP][PASSED] - verifyElementPropertyValue(getResponse, "offers[6].offerId", "winback-sport-40-offer"): Verify element property value successfully

2023-10-16 14:20:31 - [MESSAGE][PASSED] - Verify element property value successfully

2023-10-16 14:20:31 - [TEST_STEP][PASSED] - verifyElementPropertyValue(getResponse, "offers[6].offerParam", "sportsoffer40"): Verify element property value successfully

2023-10-16 14:20:31 - [MESSAGE][PASSED] - Verify element property value successfully

2023-10-16 14:20:31 - [TEST_STEP][PASSED] - verifyElementPropertyValue(getResponse, "offers[6].groups[0].pricingPlans[0].featured", "true"): Verify element property value successfully

2023-10-16 14:20:31 - [MESSAGE][PASSED] - Verify element property value successfully

2023-10-16 14:20:31 - [TEST_STEP][PASSED] - verifyElementPropertyValue(getResponse, "offers[6].groups[0].pricingPlans[0].period", "monthly"): Verify element property value successfully

2023-10-16 14:20:31 - [MESSAGE][PASSED] - Verify element property value successfully

2023-10-16 14:20:31 - [TEST_STEP][PASSED] - verifyElementPropertyValue(getResponse, "offers[6].groups[0].pricingPlans[0].featured", "true"): Verify element property value successfully

2023-10-16 14:20:31 - [MESSAGE][PASSED] - Verify element property value successfully

2023-10-16 14:20:31 - [TEST_STEP][PASSED] - verifyElementPropertyValue(getResponse, "offers[6].groups[0].pricingPlans[0].price", "11.99"): Verify element property value successfully

2023-10-16 14:20:31 - [MESSAGE][PASSED] - Verify element property value successfully

2023-10-16 14:20:31 - [TEST_STEP][PASSED] - verifyElementPropertyValue(getResponse, "offers[6].groups[0].pricingPlans[0].currency", "TND"): Verify element property value successfully

2023-10-16 14:20:31 - [MESSAGE][PASSED] - Verify element property value successfully

2023-10-16 14:20:31 - [TEST_STEP][PASSED] - verifyElementPropertyValue(getResponse, "offers[6].groups[0].pricingPlans[0].order", "0"): Verify element property value successfully

2023-10-16 14:20:31 - [MESSAGE][PASSED] - Verify element property value successfully

2023-10-16 14:20:31 - [TEST_STEP][PASSED] - verifyElementPropertyValue(getResponse, "offers[6].groups[0].pricingPlans[0].packageId", "SHAHID_VIP_SPORT"): Verify element property value successfully

2023-10-16 14:20:31 - [MESSAGE][PASSED] - Verify element property value successfully

2023-10-16 14:20:31 - [TEST_STEP][PASSED] - verifyElementPropertyValue(getResponse, "offers[6].groups[0].pricingPlans[0].catalogId", "SPORT"): Verify element property value successfully

2023-10-16 14:20:31 - [MESSAGE][PASSED] - Verify element property value successfully

2023-10-16 14:20:31 - [TEST_STEP][PASSED] - verifyElementPropertyValue(getResponse, "offers[6].groups[0].pricingPlans[0].visualElements[0].key", "Header_1_text"): Verify element property value successfully

2023-10-16 14:20:31 - [MESSAGE][PASSED] - Verify element property value successfully

2023-10-16 14:20:31 - [TEST_STEP][PASSED] - verifyElementPropertyValue(getResponse, "offers[6].groups[0].pricingPlans[0].visualElements[0].value", "شاهد أقوى المسلسلات و الأفلام حصرياً دون توقف"): Verify element property value successfully

2023-10-16 14:20:31 - [MESSAGE][PASSED] - Verify element property value successfully

2023-10-16 14:20:31 - [TEST_STEP][PASSED] - verifyElementPropertyValue(getResponse, "offers[6].groups[0].pricingPlans[0].visualElements[1].key", "display_title"): Verify element property value successfully

2023-10-16 14:20:31 - [MESSAGE][PASSED] - Verify element property value successfully

2023-10-16 14:20:31 - [TEST_STEP][PASSED] - verifyElementPropertyValue(getResponse, "offers[6].groups[0].pricingPlans[0].visualElements[1].value", "احصل على خصم 40%"): Verify element property value successfully

2023-10-16 14:20:31 - [MESSAGE][PASSED] - Verify element property value successfully

2023-10-16 14:20:31 - [TEST_STEP][PASSED] - verifyElementPropertyValue(getResponse, "offers[6].groups[0].pricingPlans[0].visualElements[3].key", "deduction_text"): Verify element property value successfully

2023-10-16 14:20:31 - [MESSAGE][PASSED] - Verify element property value successfully

2023-10-16 14:20:31 - [TEST_STEP][PASSED] - verifyElementPropertyValue(getResponse, "offers[6].groups[0].pricingPlans[0].visualElements[3].value", "تدفع شهرياً"): Verify element property value successfully

2023-10-16 14:20:31 - [MESSAGE][PASSED] - Verify element property value successfully

2023-10-16 14:20:31 - [TEST_STEP][PASSED] - verifyElementPropertyValue(getResponse, "offers[6].groups[0].pricingPlans[0].visualElements[6].key", "show_payment_logo"): Verify element property value successfully

2023-10-16 14:20:31 - [MESSAGE][PASSED] - Verify element property value successfully

2023-10-16 14:20:31 - [TEST_STEP][PASSED] - verifyElementPropertyValue(getResponse, "offers[6].groups[0].pricingPlans[0].visualElements[6].value", "true"): Verify element property value successfully

2023-10-16 14:20:31 - [MESSAGE][PASSED] - Verify element property value successfully

2023-10-16 14:20:31 - [TEST_STEP][PASSED] - verifyElementPropertyValue(getResponse, "offers[6].groups[0].pricingPlans[0].visualElements[8].key", "price"): Verify element property value successfully

2023-10-16 14:20:31 - [MESSAGE][PASSED] - Verify element property value successfully

2023-10-16 14:20:31 - [TEST_STEP][PASSED] - verifyElementPropertyValue(getResponse, "offers[6].groups[0].pricingPlans[0].visualElements[8].value", "11.99"): Verify element property value successfully

2023-10-16 14:20:31 - [MESSAGE][PASSED] - Verify element property value successfully

2023-10-16 14:20:31 - [TEST_STEP][PASSED] - verifyElementPropertyValue(getResponse, "offers[6].groups[0].pricingPlans[0].visualElements[9].key", "currency"): Verify element property value successfully

2023-10-16 14:20:31 - [MESSAGE][PASSED] - Verify element property value successfully

2023-10-16 14:20:31 - [TEST_STEP][PASSED] - verifyElementPropertyValue(getResponse, "offers[6].groups[0].pricingPlans[0].visualElements[9].value", "TND"): Verify element property value successfully

2023-10-16 14:20:31 - [MESSAGE][PASSED] - Verify element property value successfully

2023-10-16 14:20:31 - [TEST_STEP][PASSED] - verifyElementPropertyValue(getResponse, "offers[6].groups[0].pricingPlans[0].visualElements[10].key", "duration"): Verify element property value successfully

2023-10-16 14:20:31 - [MESSAGE][PASSED] - Verify element property value successfully

2023-10-16 14:20:31 - [TEST_STEP][PASSED] - verifyElementPropertyValue(getResponse, "offers[6].groups[0].pricingPlans[0].visualElements[10].value", "شهرياً"): Verify element property value successfully

2023-10-16 14:20:31 - [MESSAGE][PASSED] - Verify element property value successfully

2023-10-16 14:20:31 - [TEST_STEP][PASSED] - verifyElementPropertyValue(getResponse, "offers[6].groups[0].pricingPlans[0].visualElements[11].key", "featured_tag_text"): Verify element property value successfully

2023-10-16 14:20:31 - [MESSAGE][PASSED] - Verify element property value successfully

2023-10-16 14:20:31 - [TEST_STEP][PASSED] - verifyElementPropertyValue(getResponse, "offers[6].groups[0].pricingPlans[0].visualElements[11].value", "عرض لمدة محدودة"): Verify element property value successfully

2023-10-16 14:20:31 - [MESSAGE][PASSED] - Verify element property value successfully

2023-10-16 14:20:31 - [TEST_STEP][PASSED] - verifyElementPropertyValue(getResponse, "offers[6].groups[0].pricingPlans[0].visualElements[13].key", "tag_text"): Verify element property value successfully

2023-10-16 14:20:31 - [MESSAGE][PASSED] - Verify element property value successfully

2023-10-16 14:20:31 - [TEST_STEP][PASSED] - verifyElementPropertyValue(getResponse, "offers[6].groups[0].pricingPlans[0].visualElements[13].value", "وفر 40%"): Verify element property value successfully

2023-10-16 14:20:31 - [MESSAGE][PASSED] - Verify element property value successfully

2023-10-16 14:20:31 - [TEST_STEP][PASSED] - verifyElementPropertyValue(getResponse, "offers[6].groups[0].pricingPlans[0].visualElements[12].key", "show_tag"): Verify element property value successfully

2023-10-16 14:20:31 - [MESSAGE][PASSED] - Verify element property value successfully

2023-10-16 14:20:31 - [TEST_STEP][PASSED] - verifyElementPropertyValue(getResponse, "offers[6].groups[0].pricingPlans[0].visualElements[12].value", "true"): Verify element property value successfully

2023-10-16 14:20:31 - [MESSAGE][PASSED] - Verify element property value successfully

2023-10-16 14:20:31 - [TEST_STEP][PASSED] - verifyElementPropertyValue(getResponse, "offers[6].groups[0].pricingPlans[0].pricingPlanData[0].productId", "TUN_B2C_SHAHID_VIP_SPORT_1M"): Verify element property value successfully

2023-10-16 14:20:31 - [MESSAGE][PASSED] - Verify element property value successfully

2023-10-16 14:20:31 - [TEST_STEP][PASSED] - verifyElementPropertyValue(getResponse, "offers[6].groups[0].pricingPlans[0].pricingPlanData[0].paymentMethod", "CREDIT_CARD"): Verify element property value successfully

2023-10-16 14:20:31 - [MESSAGE][PASSED] - Verify element property value successfully

2023-10-16 14:20:31 - [TEST_STEP][PASSED] - verifyElementPropertyValue(getResponse, "offers[6].groups[0].pricingPlans[0].pricingPlanData[0].freeTrialEnabled", "false"): Verify element property value successfully

2023-10-16 14:20:31 - [MESSAGE][PASSED] - Verify element property value successfully

2023-10-16 14:20:31 - [TEST_STEP][PASSED] - verifyElementPropertyValue(getResponse, "offers[6].groups[0].pricingPlans[0].pricingPlanData[0].showIn[0]", "VERTICAL_MODE"): Verify element property value successfully

2023-10-16 14:20:31 - [MESSAGE][PASSED] - Verify element property value successfully

2023-10-16 14:20:31 - [TEST_STEP][PASSED] - verifyElementPropertyValue(getResponse, "offers[6].groups[0].pricingPlans[0].pricingPlanData[0].showIn[1]", "HORIZONTAL_MODE"): Verify element property value successfully

2023-10-16 14:20:31 - [MESSAGE][PASSED] - Verify element property value successfully

2023-10-16 14:20:31 - [TEST_STEP][PASSED] - verifyElementPropertyValue(getResponse, "offers[6].groups[0].pricingPlans[0].pricingPlanData[0].priceLabel", "11.99"): Verify element property value successfully

2023-10-16 14:20:31 - [MESSAGE][PASSED] - Verify element property value successfully

2023-10-16 14:20:31 - [TEST_STEP][PASSED] - verifyElementPropertyValue(getResponse, "offers[6].groups[0].pricingPlans[0].pricingPlanData[0].currencyLabel", "TND"): Verify element property value successfully

2023-10-16 14:20:31 - [MESSAGE][PASSED] - Verify element property value successfully

2023-10-16 14:20:31 - [TEST_STEP][PASSED] - verifyElementPropertyValue(getResponse, "offers[6].groups[0].pricingPlans[0].pricingPlanData[0].dealId", "WB_SPORT_40P_TUN"): Verify element property value successfully

2023-10-16 14:20:31 - [MESSAGE][PASSED] - Verify element property value successfully

2023-10-16 14:20:31 - [TEST_STEP][PASSED] - verifyElementPropertyValue(getResponse, "offers[6].groups[0].pricingPlans[0].pricingPlanData[0].allowedForAcquisition", "true"): Verify element property value successfully

2023-10-16 14:20:31 - [MESSAGE][PASSED] - Verify element property value successfully

2023-10-16 14:20:31 - [TEST_STEP][PASSED] - verifyElementPropertyValue(getResponse, "offers[6].groups[0].pricingPlans[0].pricingPlanData[0].visualElements[0].key", "title"): Verify element property value successfully

2023-10-16 14:20:31 - [MESSAGE][PASSED] - Verify element property value successfully

2023-10-16 14:20:31 - [TEST_STEP][PASSED] - verifyElementPropertyValue(getResponse, "offers[6].groups[0].pricingPlans[0].pricingPlanData[0].visualElements[0].value", "البطاقة المصرفية"): Verify element property value successfully

2023-10-16 14:20:31 - [MESSAGE][PASSED] - Verify element property value successfully

2023-10-16 14:20:31 - [TEST_STEP][PASSED] - verifyElementPropertyValue(getResponse, "offers[6].groups[0].pricingPlans[0].pricingPlanData[0].visualElements[1].key", "CTA_text"): Verify element property value successfully

2023-10-16 14:20:31 - [MESSAGE][PASSED] - Verify element property value successfully

2023-10-16 14:20:31 - [TEST_STEP][PASSED] - verifyElementPropertyValue(getResponse, "offers[6].groups[0].pricingPlans[0].pricingPlanData[0].visualElements[1].value", "اشترك"): Verify element property value successfully

2023-10-16 14:20:31 - [MESSAGE][PASSED] - Verify element property value successfully

2023-10-16 14:20:31 - [TEST_STEP][PASSED] - verifyElementPropertyValue(getResponse, "offers[6].groups[0].pricingPlans[0].pricingPlanData[0].visualElements[2].key", "logo"): Verify element property value successfully

2023-10-16 14:20:31 - [MESSAGE][PASSED] - Verify element property value successfully

2023-10-16 14:20:31 - [TEST_STEP][PASSED] - verifyElementPropertyValue(getResponse, "offers[6].groups[0].pricingPlans[0].pricingPlanData[0].visualElements[2].value", "https://static.s3.shahid.mbc.net/widget-images/icons/iconCreditCard.png"): Verify element property value successfully

2023-10-16 14:20:31 - [MESSAGE][PASSED] - Verify element property value successfully

2023-10-16 14:20:31 - [TEST_STEP][PASSED] - verifyElementPropertyValue(getResponse, "offers[7].offerId", "winback-sport-50-offer"): Verify element property value successfully

2023-10-16 14:20:31 - [MESSAGE][PASSED] - Verify element property value successfully

2023-10-16 14:20:31 - [TEST_STEP][PASSED] - verifyElementPropertyValue(getResponse, "offers[7].offerParam", "sportsoffer50"): Verify element property value successfully

2023-10-16 14:20:31 - [MESSAGE][PASSED] - Verify element property value successfully

2023-10-16 14:20:31 - [TEST_STEP][PASSED] - verifyElementPropertyValue(getResponse, "offers[7].groups[0].pricingPlans[0].featured", "true"): Verify element property value successfully

2023-10-16 14:20:31 - [MESSAGE][PASSED] - Verify element property value successfully

2023-10-16 14:20:31 - [TEST_STEP][PASSED] - verifyElementPropertyValue(getResponse, "offers[7].groups[0].pricingPlans[0].period", "monthly"): Verify element property value successfully

2023-10-16 14:20:31 - [MESSAGE][PASSED] - Verify element property value successfully

2023-10-16 14:20:31 - [TEST_STEP][PASSED] - verifyElementPropertyValue(getResponse, "offers[7].groups[0].pricingPlans[0].featured", "true"): Verify element property value successfully

2023-10-16 14:20:31 - [MESSAGE][PASSED] - Verify element property value successfully

2023-10-16 14:20:31 - [TEST_STEP][PASSED] - verifyElementPropertyValue(getResponse, "offers[7].groups[0].pricingPlans[0].price", "9.99"): Verify element property value successfully

2023-10-16 14:20:31 - [MESSAGE][PASSED] - Verify element property value successfully

2023-10-16 14:20:31 - [TEST_STEP][PASSED] - verifyElementPropertyValue(getResponse, "offers[7].groups[0].pricingPlans[0].currency", "TND"): Verify element property value successfully

2023-10-16 14:20:31 - [MESSAGE][PASSED] - Verify element property value successfully

2023-10-16 14:20:31 - [TEST_STEP][PASSED] - verifyElementPropertyValue(getResponse, "offers[7].groups[0].pricingPlans[0].order", "0"): Verify element property value successfully

2023-10-16 14:20:31 - [MESSAGE][PASSED] - Verify element property value successfully

2023-10-16 14:20:31 - [TEST_STEP][PASSED] - verifyElementPropertyValue(getResponse, "offers[7].groups[0].pricingPlans[0].packageId", "SHAHID_VIP_SPORT"): Verify element property value successfully

2023-10-16 14:20:31 - [MESSAGE][PASSED] - Verify element property value successfully

2023-10-16 14:20:31 - [TEST_STEP][PASSED] - verifyElementPropertyValue(getResponse, "offers[7].groups[0].pricingPlans[0].catalogId", "SPORT"): Verify element property value successfully

2023-10-16 14:20:31 - [MESSAGE][PASSED] - Verify element property value successfully

2023-10-16 14:20:31 - [TEST_STEP][PASSED] - verifyElementPropertyValue(getResponse, "offers[7].groups[0].pricingPlans[0].visualElements[0].key", "Header_1_text"): Verify element property value successfully

2023-10-16 14:20:31 - [MESSAGE][PASSED] - Verify element property value successfully

2023-10-16 14:20:31 - [TEST_STEP][PASSED] - verifyElementPropertyValue(getResponse, "offers[7].groups[0].pricingPlans[0].visualElements[0].value", "شاهد أقوى المسلسلات و الأفلام حصرياً دون توقف"): Verify element property value successfully

2023-10-16 14:20:31 - [MESSAGE][PASSED] - Verify element property value successfully

2023-10-16 14:20:31 - [TEST_STEP][PASSED] - verifyElementPropertyValue(getResponse, "offers[7].groups[0].pricingPlans[0].visualElements[1].key", "display_title"): Verify element property value successfully

2023-10-16 14:20:31 - [MESSAGE][PASSED] - Verify element property value successfully

2023-10-16 14:20:31 - [TEST_STEP][PASSED] - verifyElementPropertyValue(getResponse, "offers[7].groups[0].pricingPlans[0].visualElements[1].value", "احصل على خصم 50%"): Verify element property value successfully

2023-10-16 14:20:31 - [MESSAGE][PASSED] - Verify element property value successfully

2023-10-16 14:20:31 - [TEST_STEP][PASSED] - verifyElementPropertyValue(getResponse, "offers[7].groups[0].pricingPlans[0].visualElements[3].key", "deduction_text"): Verify element property value successfully

2023-10-16 14:20:31 - [MESSAGE][PASSED] - Verify element property value successfully

2023-10-16 14:20:31 - [TEST_STEP][PASSED] - verifyElementPropertyValue(getResponse, "offers[7].groups[0].pricingPlans[0].visualElements[3].value", "تدفع شهرياً"): Verify element property value successfully

2023-10-16 14:20:31 - [MESSAGE][PASSED] - Verify element property value successfully

2023-10-16 14:20:31 - [TEST_STEP][PASSED] - verifyElementPropertyValue(getResponse, "offers[7].groups[0].pricingPlans[0].visualElements[6].key", "show_payment_logo"): Verify element property value successfully

2023-10-16 14:20:31 - [MESSAGE][PASSED] - Verify element property value successfully

2023-10-16 14:20:31 - [TEST_STEP][PASSED] - verifyElementPropertyValue(getResponse, "offers[7].groups[0].pricingPlans[0].visualElements[6].value", "true"): Verify element property value successfully

2023-10-16 14:20:31 - [MESSAGE][PASSED] - Verify element property value successfully

2023-10-16 14:20:31 - [TEST_STEP][PASSED] - verifyElementPropertyValue(getResponse, "offers[7].groups[0].pricingPlans[0].visualElements[8].key", "price"): Verify element property value successfully

2023-10-16 14:20:31 - [MESSAGE][PASSED] - Verify element property value successfully

2023-10-16 14:20:31 - [TEST_STEP][PASSED] - verifyElementPropertyValue(getResponse, "offers[7].groups[0].pricingPlans[0].visualElements[8].value", "9.99"): Verify element property value successfully

2023-10-16 14:20:31 - [MESSAGE][PASSED] - Verify element property value successfully

2023-10-16 14:20:31 - [TEST_STEP][PASSED] - verifyElementPropertyValue(getResponse, "offers[7].groups[0].pricingPlans[0].visualElements[9].key", "currency"): Verify element property value successfully

2023-10-16 14:20:31 - [MESSAGE][PASSED] - Verify element property value successfully

2023-10-16 14:20:31 - [TEST_STEP][PASSED] - verifyElementPropertyValue(getResponse, "offers[7].groups[0].pricingPlans[0].visualElements[9].value", "TND"): Verify element property value successfully

2023-10-16 14:20:31 - [MESSAGE][PASSED] - Verify element property value successfully

2023-10-16 14:20:31 - [TEST_STEP][PASSED] - verifyElementPropertyValue(getResponse, "offers[7].groups[0].pricingPlans[0].visualElements[10].key", "duration"): Verify element property value successfully

2023-10-16 14:20:31 - [MESSAGE][PASSED] - Verify element property value successfully

2023-10-16 14:20:31 - [TEST_STEP][PASSED] - verifyElementPropertyValue(getResponse, "offers[7].groups[0].pricingPlans[0].visualElements[10].value", "شهرياً"): Verify element property value successfully

2023-10-16 14:20:31 - [MESSAGE][PASSED] - Verify element property value successfully

2023-10-16 14:20:31 - [TEST_STEP][PASSED] - verifyElementPropertyValue(getResponse, "offers[7].groups[0].pricingPlans[0].visualElements[11].key", "featured_tag_text"): Verify element property value successfully

2023-10-16 14:20:31 - [MESSAGE][PASSED] - Verify element property value successfully

2023-10-16 14:20:31 - [TEST_STEP][PASSED] - verifyElementPropertyValue(getResponse, "offers[7].groups[0].pricingPlans[0].visualElements[11].value", "عرض لمدة محدودة"): Verify element property value successfully

2023-10-16 14:20:31 - [MESSAGE][PASSED] - Verify element property value successfully

2023-10-16 14:20:31 - [TEST_STEP][PASSED] - verifyElementPropertyValue(getResponse, "offers[7].groups[0].pricingPlans[0].visualElements[13].key", "tag_text"): Verify element property value successfully

2023-10-16 14:20:31 - [MESSAGE][PASSED] - Verify element property value successfully

2023-10-16 14:20:31 - [TEST_STEP][PASSED] - verifyElementPropertyValue(getResponse, "offers[7].groups[0].pricingPlans[0].visualElements[13].value", "وفر 50%"): Verify element property value successfully

2023-10-16 14:20:31 - [MESSAGE][PASSED] - Verify element property value successfully

2023-10-16 14:20:31 - [TEST_STEP][PASSED] - verifyElementPropertyValue(getResponse, "offers[7].groups[0].pricingPlans[0].visualElements[12].key", "show_tag"): Verify element property value successfully

2023-10-16 14:20:31 - [MESSAGE][PASSED] - Verify element property value successfully

2023-10-16 14:20:31 - [TEST_STEP][PASSED] - verifyElementPropertyValue(getResponse, "offers[7].groups[0].pricingPlans[0].visualElements[12].value", "true"): Verify element property value successfully

2023-10-16 14:20:31 - [MESSAGE][PASSED] - Verify element property value successfully

2023-10-16 14:20:31 - [TEST_STEP][PASSED] - verifyElementPropertyValue(getResponse, "offers[7].groups[0].pricingPlans[0].pricingPlanData[0].productId", "TUN_B2C_SHAHID_VIP_SPORT_1M"): Verify element property value successfully

2023-10-16 14:20:31 - [MESSAGE][PASSED] - Verify element property value successfully

2023-10-16 14:20:31 - [TEST_STEP][PASSED] - verifyElementPropertyValue(getResponse, "offers[7].groups[0].pricingPlans[0].pricingPlanData[0].paymentMethod", "CREDIT_CARD"): Verify element property value successfully

2023-10-16 14:20:31 - [MESSAGE][PASSED] - Verify element property value successfully

2023-10-16 14:20:31 - [TEST_STEP][PASSED] - verifyElementPropertyValue(getResponse, "offers[7].groups[0].pricingPlans[0].pricingPlanData[0].freeTrialEnabled", "false"): Verify element property value successfully

2023-10-16 14:20:31 - [MESSAGE][PASSED] - Verify element property value successfully

2023-10-16 14:20:31 - [TEST_STEP][PASSED] - verifyElementPropertyValue(getResponse, "offers[7].groups[0].pricingPlans[0].pricingPlanData[0].showIn[0]", "VERTICAL_MODE"): Verify element property value successfully

2023-10-16 14:20:31 - [MESSAGE][PASSED] - Verify element property value successfully

2023-10-16 14:20:31 - [TEST_STEP][PASSED] - verifyElementPropertyValue(getResponse, "offers[7].groups[0].pricingPlans[0].pricingPlanData[0].showIn[1]", "HORIZONTAL_MODE"): Verify element property value successfully

2023-10-16 14:20:31 - [MESSAGE][PASSED] - Verify element property value successfully

2023-10-16 14:20:31 - [TEST_STEP][PASSED] - verifyElementPropertyValue(getResponse, "offers[7].groups[0].pricingPlans[0].pricingPlanData[0].priceLabel", "9.99"): Verify element property value successfully

2023-10-16 14:20:31 - [MESSAGE][PASSED] - Verify element property value successfully

2023-10-16 14:20:31 - [TEST_STEP][PASSED] - verifyElementPropertyValue(getResponse, "offers[7].groups[0].pricingPlans[0].pricingPlanData[0].currencyLabel", "TND"): Verify element property value successfully

2023-10-16 14:20:31 - [MESSAGE][PASSED] - Verify element property value successfully

2023-10-16 14:20:31 - [TEST_STEP][PASSED] - verifyElementPropertyValue(getResponse, "offers[7].groups[0].pricingPlans[0].pricingPlanData[0].dealId", "WB_SPORT_50P_TUN"): Verify element property value successfully

2023-10-16 14:20:31 - [MESSAGE][PASSED] - Verify element property value successfully

2023-10-16 14:20:31 - [TEST_STEP][PASSED] - verifyElementPropertyValue(getResponse, "offers[7].groups[0].pricingPlans[0].pricingPlanData[0].allowedForAcquisition", "true"): Verify element property value successfully

2023-10-16 14:20:31 - [MESSAGE][PASSED] - Verify element property value successfully

2023-10-16 14:20:31 - [TEST_STEP][PASSED] - verifyElementPropertyValue(getResponse, "offers[7].groups[0].pricingPlans[0].pricingPlanData[0].visualElements[0].key", "title"): Verify element property value successfully

2023-10-16 14:20:31 - [MESSAGE][PASSED] - Verify element property value successfully

2023-10-16 14:20:31 - [TEST_STEP][PASSED] - verifyElementPropertyValue(getResponse, "offers[7].groups[0].pricingPlans[0].pricingPlanData[0].visualElements[0].value", "البطاقة المصرفية"): Verify element property value successfully

2023-10-16 14:20:31 - [MESSAGE][PASSED] - Verify element property value successfully

2023-10-16 14:20:31 - [TEST_STEP][PASSED] - verifyElementPropertyValue(getResponse, "offers[7].groups[0].pricingPlans[0].pricingPlanData[0].visualElements[1].key", "CTA_text"): Verify element property value successfully

2023-10-16 14:20:31 - [MESSAGE][PASSED] - Verify element property value successfully

2023-10-16 14:20:31 - [TEST_STEP][PASSED] - verifyElementPropertyValue(getResponse, "offers[7].groups[0].pricingPlans[0].pricingPlanData[0].visualElements[1].value", "اشترك"): Verify element property value successfully

2023-10-16 14:20:31 - [MESSAGE][PASSED] - Verify element property value successfully

2023-10-16 14:20:31 - [TEST_STEP][PASSED] - verifyElementPropertyValue(getResponse, "offers[7].groups[0].pricingPlans[0].pricingPlanData[0].visualElements[2].key", "logo"): Verify element property value successfully

2023-10-16 14:20:31 - [MESSAGE][PASSED] - Verify element property value successfully

2023-10-16 14:20:31 - [TEST_STEP][PASSED] - verifyElementPropertyValue(getResponse, "offers[7].groups[0].pricingPlans[0].pricingPlanData[0].visualElements[2].value", "https://static.s3.shahid.mbc.net/widget-images/icons/iconCreditCard.png"): Verify element property value successfully

2023-10-16 14:20:31 - [MESSAGE][PASSED] - Verify element property value successfully

2023-10-16 14:20:31 - [TEST_STEP][PASSED] - verifyElementPropertyValue(getResponse, "offers[11].offerId", "byg-sport-30-offer"): Verify element property value successfully

2023-10-16 14:20:31 - [MESSAGE][PASSED] - Verify element property value successfully

2023-10-16 14:20:31 - [TEST_STEP][PASSED] - verifyElementPropertyValue(getResponse, "offers[11].offerParam", "bygsportsoffer30"): Verify element property value successfully

2023-10-16 14:20:31 - [MESSAGE][PASSED] - Verify element property value successfully

2023-10-16 14:20:31 - [TEST_STEP][PASSED] - verifyElementPropertyValue(getResponse, "offers[11].groups[0].pricingPlans[0].featured", "true"): Verify element property value successfully

2023-10-16 14:20:31 - [MESSAGE][PASSED] - Verify element property value successfully

2023-10-16 14:20:31 - [TEST_STEP][PASSED] - verifyElementPropertyValue(getResponse, "offers[11].groups[0].pricingPlans[0].period", "monthly"): Verify element property value successfully

2023-10-16 14:20:31 - [MESSAGE][PASSED] - Verify element property value successfully

2023-10-16 14:20:31 - [TEST_STEP][PASSED] - verifyElementPropertyValue(getResponse, "offers[11].groups[0].pricingPlans[0].featured", "true"): Verify element property value successfully

2023-10-16 14:20:31 - [MESSAGE][PASSED] - Verify element property value successfully

2023-10-16 14:20:31 - [TEST_STEP][PASSED] - verifyElementPropertyValue(getResponse, "offers[11].groups[0].pricingPlans[0].price", "13.99"): Verify element property value successfully

2023-10-16 14:20:31 - [MESSAGE][PASSED] - Verify element property value successfully

2023-10-16 14:20:31 - [TEST_STEP][PASSED] - verifyElementPropertyValue(getResponse, "offers[11].groups[0].pricingPlans[0].currency", "TND"): Verify element property value successfully

2023-10-16 14:20:31 - [MESSAGE][PASSED] - Verify element property value successfully

2023-10-16 14:20:31 - [TEST_STEP][PASSED] - verifyElementPropertyValue(getResponse, "offers[11].groups[0].pricingPlans[0].order", "0"): Verify element property value successfully

2023-10-16 14:20:32 - [MESSAGE][PASSED] - Verify element property value successfully

2023-10-16 14:20:32 - [TEST_STEP][PASSED] - verifyElementPropertyValue(getResponse, "offers[11].groups[0].pricingPlans[0].packageId", "SHAHID_VIP_SPORT"): Verify element property value successfully

2023-10-16 14:20:32 - [MESSAGE][PASSED] - Verify element property value successfully

2023-10-16 14:20:32 - [TEST_STEP][PASSED] - verifyElementPropertyValue(getResponse, "offers[11].groups[0].pricingPlans[0].catalogId", "SPORT"): Verify element property value successfully

2023-10-16 14:20:32 - [MESSAGE][PASSED] - Verify element property value successfully

2023-10-16 14:20:32 - [TEST_STEP][PASSED] - verifyElementPropertyValue(getResponse, "offers[11].groups[0].pricingPlans[0].visualElements[0].key", "Header_1_text"): Verify element property value successfully

2023-10-16 14:20:32 - [MESSAGE][PASSED] - Verify element property value successfully

2023-10-16 14:20:32 - [TEST_STEP][PASSED] - verifyElementPropertyValue(getResponse, "offers[11].groups[0].pricingPlans[0].visualElements[0].value", "شاهد أقوى المسلسلات و الأفلام حصرياً دون توقف"): Verify element property value successfully

2023-10-16 14:20:32 - [MESSAGE][PASSED] - Verify element property value successfully

2023-10-16 14:20:32 - [TEST_STEP][PASSED] - verifyElementPropertyValue(getResponse, "offers[11].groups[0].pricingPlans[0].visualElements[1].key", "display_title"): Verify element property value successfully

2023-10-16 14:20:32 - [MESSAGE][PASSED] - Verify element property value successfully

2023-10-16 14:20:32 - [TEST_STEP][PASSED] - verifyElementPropertyValue(getResponse, "offers[11].groups[0].pricingPlans[0].visualElements[1].value", "احصل على خصم 30%"): Verify element property value successfully

2023-10-16 14:20:32 - [MESSAGE][PASSED] - Verify element property value successfully

2023-10-16 14:20:32 - [TEST_STEP][PASSED] - verifyElementPropertyValue(getResponse, "offers[11].groups[0].pricingPlans[0].visualElements[3].key", "deduction_text"): Verify element property value successfully

2023-10-16 14:20:32 - [MESSAGE][PASSED] - Verify element property value successfully

2023-10-16 14:20:32 - [TEST_STEP][PASSED] - verifyElementPropertyValue(getResponse, "offers[11].groups[0].pricingPlans[0].visualElements[3].value", "تدفع شهرياً"): Verify element property value successfully

2023-10-16 14:20:32 - [MESSAGE][PASSED] - Verify element property value successfully

2023-10-16 14:20:32 - [TEST_STEP][PASSED] - verifyElementPropertyValue(getResponse, "offers[11].groups[0].pricingPlans[0].visualElements[6].key", "show_payment_logo"): Verify element property value successfully

2023-10-16 14:20:32 - [MESSAGE][PASSED] - Verify element property value successfully

2023-10-16 14:20:32 - [TEST_STEP][PASSED] - verifyElementPropertyValue(getResponse, "offers[11].groups[0].pricingPlans[0].visualElements[6].value", "true"): Verify element property value successfully

2023-10-16 14:20:32 - [MESSAGE][PASSED] - Verify element property value successfully

2023-10-16 14:20:32 - [TEST_STEP][PASSED] - verifyElementPropertyValue(getResponse, "offers[11].groups[0].pricingPlans[0].visualElements[8].key", "price"): Verify element property value successfully

2023-10-16 14:20:32 - [MESSAGE][PASSED] - Verify element property value successfully

2023-10-16 14:20:32 - [TEST_STEP][PASSED] - verifyElementPropertyValue(getResponse, "offers[11].groups[0].pricingPlans[0].visualElements[8].value", "13.99"): Verify element property value successfully

2023-10-16 14:20:32 - [MESSAGE][PASSED] - Verify element property value successfully

2023-10-16 14:20:32 - [TEST_STEP][PASSED] - verifyElementPropertyValue(getResponse, "offers[11].groups[0].pricingPlans[0].visualElements[9].key", "currency"): Verify element property value successfully

2023-10-16 14:20:32 - [MESSAGE][PASSED] - Verify element property value successfully

2023-10-16 14:20:32 - [TEST_STEP][PASSED] - verifyElementPropertyValue(getResponse, "offers[11].groups[0].pricingPlans[0].visualElements[9].value", "TND"): Verify element property value successfully

2023-10-16 14:20:32 - [MESSAGE][PASSED] - Verify element property value successfully

2023-10-16 14:20:32 - [TEST_STEP][PASSED] - verifyElementPropertyValue(getResponse, "offers[11].groups[0].pricingPlans[0].visualElements[10].key", "duration"): Verify element property value successfully

2023-10-16 14:20:32 - [MESSAGE][PASSED] - Verify element property value successfully

2023-10-16 14:20:32 - [TEST_STEP][PASSED] - verifyElementPropertyValue(getResponse, "offers[11].groups[0].pricingPlans[0].visualElements[10].value", "شهرياً"): Verify element property value successfully

2023-10-16 14:20:32 - [MESSAGE][PASSED] - Verify element property value successfully

2023-10-16 14:20:32 - [TEST_STEP][PASSED] - verifyElementPropertyValue(getResponse, "offers[11].groups[0].pricingPlans[0].visualElements[11].key", "featured_tag_text"): Verify element property value successfully

2023-10-16 14:20:32 - [MESSAGE][PASSED] - Verify element property value successfully

2023-10-16 14:20:32 - [TEST_STEP][PASSED] - verifyElementPropertyValue(getResponse, "offers[11].groups[0].pricingPlans[0].visualElements[11].value", "عرض لمدة محدودة"): Verify element property value successfully

2023-10-16 14:20:32 - [MESSAGE][PASSED] - Verify element property value successfully

2023-10-16 14:20:32 - [TEST_STEP][PASSED] - verifyElementPropertyValue(getResponse, "offers[11].groups[0].pricingPlans[0].visualElements[13].key", "tag_text"): Verify element property value successfully

2023-10-16 14:20:32 - [MESSAGE][PASSED] - Verify element property value successfully

2023-10-16 14:20:32 - [TEST_STEP][PASSED] - verifyElementPropertyValue(getResponse, "offers[11].groups[0].pricingPlans[0].visualElements[13].value", "وفر 30%"): Verify element property value successfully

2023-10-16 14:20:32 - [MESSAGE][PASSED] - Verify element property value successfully

2023-10-16 14:20:32 - [TEST_STEP][PASSED] - verifyElementPropertyValue(getResponse, "offers[11].groups[0].pricingPlans[0].visualElements[12].key", "show_tag"): Verify element property value successfully

2023-10-16 14:20:32 - [MESSAGE][PASSED] - Verify element property value successfully

2023-10-16 14:20:32 - [TEST_STEP][PASSED] - verifyElementPropertyValue(getResponse, "offers[11].groups[0].pricingPlans[0].visualElements[12].value", "true"): Verify element property value successfully

2023-10-16 14:20:32 - [MESSAGE][PASSED] - Verify element property value successfully

2023-10-16 14:20:32 - [TEST_STEP][PASSED] - verifyElementPropertyValue(getResponse, "offers[11].groups[0].pricingPlans[0].pricingPlanData[0].productId", "TUN_B2C_SHAHID_VIP_SPORT_1M"): Verify element property value successfully

2023-10-16 14:20:32 - [MESSAGE][PASSED] - Verify element property value successfully

2023-10-16 14:20:32 - [TEST_STEP][PASSED] - verifyElementPropertyValue(getResponse, "offers[11].groups[0].pricingPlans[0].pricingPlanData[0].paymentMethod", "CREDIT_CARD"): Verify element property value successfully

2023-10-16 14:20:32 - [MESSAGE][PASSED] - Verify element property value successfully

2023-10-16 14:20:32 - [TEST_STEP][PASSED] - verifyElementPropertyValue(getResponse, "offers[11].groups[0].pricingPlans[0].pricingPlanData[0].freeTrialEnabled", "false"): Verify element property value successfully

2023-10-16 14:20:32 - [MESSAGE][PASSED] - Verify element property value successfully

2023-10-16 14:20:32 - [TEST_STEP][PASSED] - verifyElementPropertyValue(getResponse, "offers[11].groups[0].pricingPlans[0].pricingPlanData[0].showIn[0]", "VERTICAL_MODE"): Verify element property value successfully

2023-10-16 14:20:32 - [MESSAGE][PASSED] - Verify element property value successfully

2023-10-16 14:20:32 - [TEST_STEP][PASSED] - verifyElementPropertyValue(getResponse, "offers[11].groups[0].pricingPlans[0].pricingPlanData[0].showIn[1]", "HORIZONTAL_MODE"): Verify element property value successfully

2023-10-16 14:20:32 - [MESSAGE][PASSED] - Verify element property value successfully

2023-10-16 14:20:32 - [TEST_STEP][PASSED] - verifyElementPropertyValue(getResponse, "offers[11].groups[0].pricingPlans[0].pricingPlanData[0].priceLabel", "13.99"): Verify element property value successfully

2023-10-16 14:20:32 - [MESSAGE][PASSED] - Verify element property value successfully

2023-10-16 14:20:32 - [TEST_STEP][PASSED] - verifyElementPropertyValue(getResponse, "offers[11].groups[0].pricingPlans[0].pricingPlanData[0].currencyLabel", "TND"): Verify element property value successfully

2023-10-16 14:20:32 - [MESSAGE][PASSED] - Verify element property value successfully

2023-10-16 14:20:32 - [TEST_STEP][PASSED] - verifyElementPropertyValue(getResponse, "offers[11].groups[0].pricingPlans[0].pricingPlanData[0].dealId", "BYG_SPORT_30P_TUN"): Verify element property value successfully

2023-10-16 14:20:32 - [MESSAGE][PASSED] - Verify element property value successfully

2023-10-16 14:20:32 - [TEST_STEP][PASSED] - verifyElementPropertyValue(getResponse, "offers[11].groups[0].pricingPlans[0].pricingPlanData[0].allowedForAcquisition", "true"): Verify element property value successfully

2023-10-16 14:20:32 - [MESSAGE][PASSED] - Verify element property value successfully

2023-10-16 14:20:32 - [TEST_STEP][PASSED] - verifyElementPropertyValue(getResponse, "offers[11].groups[0].pricingPlans[0].pricingPlanData[0].visualElements[0].key", "title"): Verify element property value successfully

2023-10-16 14:20:32 - [MESSAGE][PASSED] - Verify element property value successfully

2023-10-16 14:20:32 - [TEST_STEP][PASSED] - verifyElementPropertyValue(getResponse, "offers[11].groups[0].pricingPlans[0].pricingPlanData[0].visualElements[0].value", "البطاقة المصرفية"): Verify element property value successfully

2023-10-16 14:20:32 - [MESSAGE][PASSED] - Verify element property value successfully

2023-10-16 14:20:32 - [TEST_STEP][PASSED] - verifyElementPropertyValue(getResponse, "offers[11].groups[0].pricingPlans[0].pricingPlanData[0].visualElements[1].key", "CTA_text"): Verify element property value successfully

2023-10-16 14:20:32 - [MESSAGE][PASSED] - Verify element property value successfully

2023-10-16 14:20:32 - [TEST_STEP][PASSED] - verifyElementPropertyValue(getResponse, "offers[11].groups[0].pricingPlans[0].pricingPlanData[0].visualElements[1].value", "اشترك"): Verify element property value successfully

2023-10-16 14:20:32 - [MESSAGE][PASSED] - Verify element property value successfully

2023-10-16 14:20:32 - [TEST_STEP][PASSED] - verifyElementPropertyValue(getResponse, "offers[11].groups[0].pricingPlans[0].pricingPlanData[0].visualElements[2].key", "logo"): Verify element property value successfully

2023-10-16 14:20:32 - [MESSAGE][PASSED] - Verify element property value successfully

2023-10-16 14:20:32 - [TEST_STEP][PASSED] - verifyElementPropertyValue(getResponse, "offers[11].groups[0].pricingPlans[0].pricingPlanData[0].visualElements[2].value", "https://static.s3.shahid.mbc.net/widget-images/icons/iconCreditCard.png"): Verify element property value successfully

2023-10-16 14:20:32 - [MESSAGE][PASSED] - Verify element property value successfully

2023-10-16 14:20:32 - [TEST_STEP][PASSED] - verifyElementPropertyValue(getResponse, "offers[12].offerId", "byg-sport-40-offer"): Verify element property value successfully

2023-10-16 14:20:32 - [MESSAGE][PASSED] - Verify element property value successfully

2023-10-16 14:20:32 - [TEST_STEP][PASSED] - verifyElementPropertyValue(getResponse, "offers[12].offerParam", "bygsportsoffer40"): Verify element property value successfully

2023-10-16 14:20:32 - [MESSAGE][PASSED] - Verify element property value successfully

2023-10-16 14:20:32 - [TEST_STEP][PASSED] - verifyElementPropertyValue(getResponse, "offers[12].groups[0].pricingPlans[0].featured", "true"): Verify element property value successfully

2023-10-16 14:20:32 - [MESSAGE][PASSED] - Verify element property value successfully

2023-10-16 14:20:32 - [TEST_STEP][PASSED] - verifyElementPropertyValue(getResponse, "offers[12].groups[0].pricingPlans[0].period", "monthly"): Verify element property value successfully

2023-10-16 14:20:32 - [MESSAGE][PASSED] - Verify element property value successfully

2023-10-16 14:20:32 - [TEST_STEP][PASSED] - verifyElementPropertyValue(getResponse, "offers[12].groups[0].pricingPlans[0].featured", "true"): Verify element property value successfully

2023-10-16 14:20:32 - [MESSAGE][PASSED] - Verify element property value successfully

2023-10-16 14:20:32 - [TEST_STEP][PASSED] - verifyElementPropertyValue(getResponse, "offers[12].groups[0].pricingPlans[0].price", "11.99"): Verify element property value successfully

2023-10-16 14:20:32 - [MESSAGE][PASSED] - Verify element property value successfully

2023-10-16 14:20:32 - [TEST_STEP][PASSED] - verifyElementPropertyValue(getResponse, "offers[12].groups[0].pricingPlans[0].currency", "TND"): Verify element property value successfully

2023-10-16 14:20:32 - [MESSAGE][PASSED] - Verify element property value successfully

2023-10-16 14:20:32 - [TEST_STEP][PASSED] - verifyElementPropertyValue(getResponse, "offers[12].groups[0].pricingPlans[0].order", "0"): Verify element property value successfully

2023-10-16 14:20:32 - [MESSAGE][PASSED] - Verify element property value successfully

2023-10-16 14:20:32 - [TEST_STEP][PASSED] - verifyElementPropertyValue(getResponse, "offers[12].groups[0].pricingPlans[0].packageId", "SHAHID_VIP_SPORT"): Verify element property value successfully

2023-10-16 14:20:32 - [MESSAGE][PASSED] - Verify element property value successfully

2023-10-16 14:20:32 - [TEST_STEP][PASSED] - verifyElementPropertyValue(getResponse, "offers[12].groups[0].pricingPlans[0].catalogId", "SPORT"): Verify element property value successfully

2023-10-16 14:20:32 - [MESSAGE][PASSED] - Verify element property value successfully

2023-10-16 14:20:32 - [TEST_STEP][PASSED] - verifyElementPropertyValue(getResponse, "offers[12].groups[0].pricingPlans[0].visualElements[0].key", "Header_1_text"): Verify element property value successfully

2023-10-16 14:20:32 - [MESSAGE][PASSED] - Verify element property value successfully

2023-10-16 14:20:32 - [TEST_STEP][PASSED] - verifyElementPropertyValue(getResponse, "offers[12].groups[0].pricingPlans[0].visualElements[0].value", "شاهد أقوى المسلسلات و الأفلام حصرياً دون توقف"): Verify element property value successfully

2023-10-16 14:20:32 - [MESSAGE][PASSED] - Verify element property value successfully

2023-10-16 14:20:32 - [TEST_STEP][PASSED] - verifyElementPropertyValue(getResponse, "offers[12].groups[0].pricingPlans[0].visualElements[1].key", "display_title"): Verify element property value successfully

2023-10-16 14:20:32 - [MESSAGE][PASSED] - Verify element property value successfully

2023-10-16 14:20:32 - [TEST_STEP][PASSED] - verifyElementPropertyValue(getResponse, "offers[12].groups[0].pricingPlans[0].visualElements[1].value", "احصل على خصم 40%"): Verify element property value successfully

2023-10-16 14:20:32 - [MESSAGE][PASSED] - Verify element property value successfully

2023-10-16 14:20:32 - [TEST_STEP][PASSED] - verifyElementPropertyValue(getResponse, "offers[12].groups[0].pricingPlans[0].visualElements[3].key", "deduction_text"): Verify element property value successfully

2023-10-16 14:20:32 - [MESSAGE][PASSED] - Verify element property value successfully

2023-10-16 14:20:32 - [TEST_STEP][PASSED] - verifyElementPropertyValue(getResponse, "offers[12].groups[0].pricingPlans[0].visualElements[3].value", "تدفع شهرياً"): Verify element property value successfully

2023-10-16 14:20:32 - [MESSAGE][PASSED] - Verify element property value successfully

2023-10-16 14:20:32 - [TEST_STEP][PASSED] - verifyElementPropertyValue(getResponse, "offers[12].groups[0].pricingPlans[0].visualElements[6].key", "show_payment_logo"): Verify element property value successfully

2023-10-16 14:20:32 - [MESSAGE][PASSED] - Verify element property value successfully

2023-10-16 14:20:32 - [TEST_STEP][PASSED] - verifyElementPropertyValue(getResponse, "offers[12].groups[0].pricingPlans[0].visualElements[6].value", "true"): Verify element property value successfully

2023-10-16 14:20:32 - [MESSAGE][PASSED] - Verify element property value successfully

2023-10-16 14:20:32 - [TEST_STEP][PASSED] - verifyElementPropertyValue(getResponse, "offers[12].groups[0].pricingPlans[0].visualElements[8].key", "price"): Verify element property value successfully

2023-10-16 14:20:32 - [MESSAGE][PASSED] - Verify element property value successfully

2023-10-16 14:20:32 - [TEST_STEP][PASSED] - verifyElementPropertyValue(getResponse, "offers[12].groups[0].pricingPlans[0].visualElements[8].value", "11.99"): Verify element property value successfully

2023-10-16 14:20:32 - [MESSAGE][PASSED] - Verify element property value successfully

2023-10-16 14:20:32 - [TEST_STEP][PASSED] - verifyElementPropertyValue(getResponse, "offers[12].groups[0].pricingPlans[0].visualElements[9].key", "currency"): Verify element property value successfully

2023-10-16 14:20:32 - [MESSAGE][PASSED] - Verify element property value successfully

2023-10-16 14:20:32 - [TEST_STEP][PASSED] - verifyElementPropertyValue(getResponse, "offers[12].groups[0].pricingPlans[0].visualElements[9].value", "TND"): Verify element property value successfully

2023-10-16 14:20:32 - [MESSAGE][PASSED] - Verify element property value successfully

2023-10-16 14:20:32 - [TEST_STEP][PASSED] - verifyElementPropertyValue(getResponse, "offers[12].groups[0].pricingPlans[0].visualElements[10].key", "duration"): Verify element property value successfully

2023-10-16 14:20:32 - [MESSAGE][PASSED] - Verify element property value successfully

2023-10-16 14:20:32 - [TEST_STEP][PASSED] - verifyElementPropertyValue(getResponse, "offers[12].groups[0].pricingPlans[0].visualElements[10].value", "شهرياً"): Verify element property value successfully

2023-10-16 14:20:32 - [MESSAGE][PASSED] - Verify element property value successfully

2023-10-16 14:20:32 - [TEST_STEP][PASSED] - verifyElementPropertyValue(getResponse, "offers[12].groups[0].pricingPlans[0].visualElements[11].key", "featured_tag_text"): Verify element property value successfully

2023-10-16 14:20:32 - [MESSAGE][PASSED] - Verify element property value successfully

2023-10-16 14:20:32 - [TEST_STEP][PASSED] - verifyElementPropertyValue(getResponse, "offers[12].groups[0].pricingPlans[0].visualElements[11].value", "عرض لمدة محدودة"): Verify element property value successfully

2023-10-16 14:20:32 - [MESSAGE][PASSED] - Verify element property value successfully

2023-10-16 14:20:32 - [TEST_STEP][PASSED] - verifyElementPropertyValue(getResponse, "offers[12].groups[0].pricingPlans[0].visualElements[13].key", "tag_text"): Verify element property value successfully

2023-10-16 14:20:32 - [MESSAGE][PASSED] - Verify element property value successfully

2023-10-16 14:20:32 - [TEST_STEP][PASSED] - verifyElementPropertyValue(getResponse, "offers[12].groups[0].pricingPlans[0].visualElements[13].value", "وفر 40%"): Verify element property value successfully

2023-10-16 14:20:32 - [MESSAGE][PASSED] - Verify element property value successfully

2023-10-16 14:20:32 - [TEST_STEP][PASSED] - verifyElementPropertyValue(getResponse, "offers[12].groups[0].pricingPlans[0].visualElements[12].key", "show_tag"): Verify element property value successfully

2023-10-16 14:20:32 - [MESSAGE][PASSED] - Verify element property value successfully

2023-10-16 14:20:32 - [TEST_STEP][PASSED] - verifyElementPropertyValue(getResponse, "offers[12].groups[0].pricingPlans[0].visualElements[12].value", "true"): Verify element property value successfully

2023-10-16 14:20:32 - [MESSAGE][PASSED] - Verify element property value successfully

2023-10-16 14:20:32 - [TEST_STEP][PASSED] - verifyElementPropertyValue(getResponse, "offers[12].groups[0].pricingPlans[0].pricingPlanData[0].productId", "TUN_B2C_SHAHID_VIP_SPORT_1M"): Verify element property value successfully

2023-10-16 14:20:32 - [MESSAGE][PASSED] - Verify element property value successfully

2023-10-16 14:20:32 - [TEST_STEP][PASSED] - verifyElementPropertyValue(getResponse, "offers[12].groups[0].pricingPlans[0].pricingPlanData[0].paymentMethod", "CREDIT_CARD"): Verify element property value successfully

2023-10-16 14:20:32 - [MESSAGE][PASSED] - Verify element property value successfully

2023-10-16 14:20:32 - [TEST_STEP][PASSED] - verifyElementPropertyValue(getResponse, "offers[12].groups[0].pricingPlans[0].pricingPlanData[0].freeTrialEnabled", "false"): Verify element property value successfully

2023-10-16 14:20:32 - [MESSAGE][PASSED] - Verify element property value successfully

2023-10-16 14:20:32 - [TEST_STEP][PASSED] - verifyElementPropertyValue(getResponse, "offers[12].groups[0].pricingPlans[0].pricingPlanData[0].showIn[0]", "VERTICAL_MODE"): Verify element property value successfully

2023-10-16 14:20:32 - [MESSAGE][PASSED] - Verify element property value successfully

2023-10-16 14:20:32 - [TEST_STEP][PASSED] - verifyElementPropertyValue(getResponse, "offers[12].groups[0].pricingPlans[0].pricingPlanData[0].showIn[1]", "HORIZONTAL_MODE"): Verify element property value successfully

2023-10-16 14:20:32 - [MESSAGE][PASSED] - Verify element property value successfully

2023-10-16 14:20:32 - [TEST_STEP][PASSED] - verifyElementPropertyValue(getResponse, "offers[12].groups[0].pricingPlans[0].pricingPlanData[0].priceLabel", "11.99"): Verify element property value successfully

2023-10-16 14:20:32 - [MESSAGE][PASSED] - Verify element property value successfully

2023-10-16 14:20:32 - [TEST_STEP][PASSED] - verifyElementPropertyValue(getResponse, "offers[12].groups[0].pricingPlans[0].pricingPlanData[0].currencyLabel", "TND"): Verify element property value successfully

2023-10-16 14:20:32 - [MESSAGE][PASSED] - Verify element property value successfully

2023-10-16 14:20:32 - [TEST_STEP][PASSED] - verifyElementPropertyValue(getResponse, "offers[12].groups[0].pricingPlans[0].pricingPlanData[0].dealId", "BYG_SPORT_40P_TUN"): Verify element property value successfully

2023-10-16 14:20:32 - [MESSAGE][PASSED] - Verify element property value successfully

2023-10-16 14:20:32 - [TEST_STEP][PASSED] - verifyElementPropertyValue(getResponse, "offers[12].groups[0].pricingPlans[0].pricingPlanData[0].allowedForAcquisition", "true"): Verify element property value successfully

2023-10-16 14:20:32 - [MESSAGE][PASSED] - Verify element property value successfully

2023-10-16 14:20:32 - [TEST_STEP][PASSED] - verifyElementPropertyValue(getResponse, "offers[12].groups[0].pricingPlans[0].pricingPlanData[0].visualElements[0].key", "title"): Verify element property value successfully

2023-10-16 14:20:32 - [MESSAGE][PASSED] - Verify element property value successfully

2023-10-16 14:20:32 - [TEST_STEP][PASSED] - verifyElementPropertyValue(getResponse, "offers[12].groups[0].pricingPlans[0].pricingPlanData[0].visualElements[0].value", "البطاقة المصرفية"): Verify element property value successfully

2023-10-16 14:20:32 - [MESSAGE][PASSED] - Verify element property value successfully

2023-10-16 14:20:32 - [TEST_STEP][PASSED] - verifyElementPropertyValue(getResponse, "offers[12].groups[0].pricingPlans[0].pricingPlanData[0].visualElements[1].key", "CTA_text"): Verify element property value successfully

2023-10-16 14:20:32 - [MESSAGE][PASSED] - Verify element property value successfully

2023-10-16 14:20:32 - [TEST_STEP][PASSED] - verifyElementPropertyValue(getResponse, "offers[12].groups[0].pricingPlans[0].pricingPlanData[0].visualElements[1].value", "اشترك"): Verify element property value successfully

2023-10-16 14:20:32 - [MESSAGE][PASSED] - Verify element property value successfully

2023-10-16 14:20:32 - [TEST_STEP][PASSED] - verifyElementPropertyValue(getResponse, "offers[12].groups[0].pricingPlans[0].pricingPlanData[0].visualElements[2].key", "logo"): Verify element property value successfully

2023-10-16 14:20:32 - [MESSAGE][PASSED] - Verify element property value successfully

2023-10-16 14:20:32 - [TEST_STEP][PASSED] - verifyElementPropertyValue(getResponse, "offers[12].groups[0].pricingPlans[0].pricingPlanData[0].visualElements[2].value", "https://static.s3.shahid.mbc.net/widget-images/icons/iconCreditCard.png"): Verify element property value successfully

2023-10-16 14:20:32 - [MESSAGE][PASSED] - Verify element property value successfully

2023-10-16 14:20:32 - [TEST_STEP][PASSED] - verifyElementPropertyValue(getResponse, "offers[13].offerId", "byg-sport-50-offer"): Verify element property value successfully

2023-10-16 14:20:32 - [MESSAGE][PASSED] - Verify element property value successfully

2023-10-16 14:20:32 - [TEST_STEP][PASSED] - verifyElementPropertyValue(getResponse, "offers[13].offerParam", "bygsportsoffer50"): Verify element property value successfully

2023-10-16 14:20:32 - [MESSAGE][PASSED] - Verify element property value successfully

2023-10-16 14:20:32 - [TEST_STEP][PASSED] - verifyElementPropertyValue(getResponse, "offers[13].groups[0].pricingPlans[0].featured", "true"): Verify element property value successfully

2023-10-16 14:20:32 - [MESSAGE][PASSED] - Verify element property value successfully

2023-10-16 14:20:32 - [TEST_STEP][PASSED] - verifyElementPropertyValue(getResponse, "offers[13].groups[0].pricingPlans[0].period", "monthly"): Verify element property value successfully

2023-10-16 14:20:32 - [MESSAGE][PASSED] - Verify element property value successfully

2023-10-16 14:20:32 - [TEST_STEP][PASSED] - verifyElementPropertyValue(getResponse, "offers[13].groups[0].pricingPlans[0].featured", "true"): Verify element property value successfully

2023-10-16 14:20:32 - [MESSAGE][PASSED] - Verify element property value successfully

2023-10-16 14:20:32 - [TEST_STEP][PASSED] - verifyElementPropertyValue(getResponse, "offers[13].groups[0].pricingPlans[0].price", "9.99"): Verify element property value successfully

2023-10-16 14:20:32 - [MESSAGE][PASSED] - Verify element property value successfully

2023-10-16 14:20:32 - [TEST_STEP][PASSED] - verifyElementPropertyValue(getResponse, "offers[13].groups[0].pricingPlans[0].currency", "TND"): Verify element property value successfully

2023-10-16 14:20:32 - [MESSAGE][PASSED] - Verify element property value successfully

2023-10-16 14:20:32 - [TEST_STEP][PASSED] - verifyElementPropertyValue(getResponse, "offers[13].groups[0].pricingPlans[0].order", "0"): Verify element property value successfully

2023-10-16 14:20:32 - [MESSAGE][PASSED] - Verify element property value successfully

2023-10-16 14:20:32 - [TEST_STEP][PASSED] - verifyElementPropertyValue(getResponse, "offers[13].groups[0].pricingPlans[0].packageId", "SHAHID_VIP_SPORT"): Verify element property value successfully

2023-10-16 14:20:32 - [MESSAGE][PASSED] - Verify element property value successfully

2023-10-16 14:20:32 - [TEST_STEP][PASSED] - verifyElementPropertyValue(getResponse, "offers[13].groups[0].pricingPlans[0].catalogId", "SPORT"): Verify element property value successfully

2023-10-16 14:20:32 - [MESSAGE][PASSED] - Verify element property value successfully

2023-10-16 14:20:32 - [TEST_STEP][PASSED] - verifyElementPropertyValue(getResponse, "offers[13].groups[0].pricingPlans[0].visualElements[0].key", "Header_1_text"): Verify element property value successfully

2023-10-16 14:20:32 - [MESSAGE][PASSED] - Verify element property value successfully

2023-10-16 14:20:32 - [TEST_STEP][PASSED] - verifyElementPropertyValue(getResponse, "offers[13].groups[0].pricingPlans[0].visualElements[0].value", "شاهد أقوى المسلسلات و الأفلام حصرياً دون توقف"): Verify element property value successfully

2023-10-16 14:20:32 - [MESSAGE][PASSED] - Verify element property value successfully

2023-10-16 14:20:32 - [TEST_STEP][PASSED] - verifyElementPropertyValue(getResponse, "offers[13].groups[0].pricingPlans[0].visualElements[1].key", "display_title"): Verify element property value successfully

2023-10-16 14:20:32 - [MESSAGE][PASSED] - Verify element property value successfully

2023-10-16 14:20:32 - [TEST_STEP][PASSED] - verifyElementPropertyValue(getResponse, "offers[13].groups[0].pricingPlans[0].visualElements[1].value", "احصل على خصم 50%"): Verify element property value successfully

2023-10-16 14:20:32 - [MESSAGE][PASSED] - Verify element property value successfully

2023-10-16 14:20:32 - [TEST_STEP][PASSED] - verifyElementPropertyValue(getResponse, "offers[13].groups[0].pricingPlans[0].visualElements[3].key", "deduction_text"): Verify element property value successfully

2023-10-16 14:20:32 - [MESSAGE][PASSED] - Verify element property value successfully

2023-10-16 14:20:32 - [TEST_STEP][PASSED] - verifyElementPropertyValue(getResponse, "offers[13].groups[0].pricingPlans[0].visualElements[3].value", "تدفع شهرياً"): Verify element property value successfully

2023-10-16 14:20:32 - [MESSAGE][PASSED] - Verify element property value successfully

2023-10-16 14:20:32 - [TEST_STEP][PASSED] - verifyElementPropertyValue(getResponse, "offers[13].groups[0].pricingPlans[0].visualElements[6].key", "show_payment_logo"): Verify element property value successfully

2023-10-16 14:20:33 - [MESSAGE][PASSED] - Verify element property value successfully

2023-10-16 14:20:33 - [TEST_STEP][PASSED] - verifyElementPropertyValue(getResponse, "offers[13].groups[0].pricingPlans[0].visualElements[6].value", "true"): Verify element property value successfully

2023-10-16 14:20:33 - [MESSAGE][PASSED] - Verify element property value successfully

2023-10-16 14:20:33 - [TEST_STEP][PASSED] - verifyElementPropertyValue(getResponse, "offers[13].groups[0].pricingPlans[0].visualElements[8].key", "price"): Verify element property value successfully

2023-10-16 14:20:33 - [MESSAGE][PASSED] - Verify element property value successfully

2023-10-16 14:20:33 - [TEST_STEP][PASSED] - verifyElementPropertyValue(getResponse, "offers[13].groups[0].pricingPlans[0].visualElements[8].value", "9.99"): Verify element property value successfully

2023-10-16 14:20:33 - [MESSAGE][PASSED] - Verify element property value successfully

2023-10-16 14:20:33 - [TEST_STEP][PASSED] - verifyElementPropertyValue(getResponse, "offers[13].groups[0].pricingPlans[0].visualElements[9].key", "currency"): Verify element property value successfully

2023-10-16 14:20:33 - [MESSAGE][PASSED] - Verify element property value successfully

2023-10-16 14:20:33 - [TEST_STEP][PASSED] - verifyElementPropertyValue(getResponse, "offers[13].groups[0].pricingPlans[0].visualElements[9].value", "TND"): Verify element property value successfully

2023-10-16 14:20:33 - [MESSAGE][PASSED] - Verify element property value successfully

2023-10-16 14:20:33 - [TEST_STEP][PASSED] - verifyElementPropertyValue(getResponse, "offers[13].groups[0].pricingPlans[0].visualElements[10].key", "duration"): Verify element property value successfully

2023-10-16 14:20:33 - [MESSAGE][PASSED] - Verify element property value successfully

2023-10-16 14:20:33 - [TEST_STEP][PASSED] - verifyElementPropertyValue(getResponse, "offers[13].groups[0].pricingPlans[0].visualElements[10].value", "شهرياً"): Verify element property value successfully

2023-10-16 14:20:33 - [MESSAGE][PASSED] - Verify element property value successfully

2023-10-16 14:20:33 - [TEST_STEP][PASSED] - verifyElementPropertyValue(getResponse, "offers[13].groups[0].pricingPlans[0].visualElements[11].key", "featured_tag_text"): Verify element property value successfully

2023-10-16 14:20:33 - [MESSAGE][PASSED] - Verify element property value successfully

2023-10-16 14:20:33 - [TEST_STEP][PASSED] - verifyElementPropertyValue(getResponse, "offers[13].groups[0].pricingPlans[0].visualElements[11].value", "عرض لمدة محدودة"): Verify element property value successfully

2023-10-16 14:20:33 - [MESSAGE][PASSED] - Verify element property value successfully

2023-10-16 14:20:33 - [TEST_STEP][PASSED] - verifyElementPropertyValue(getResponse, "offers[13].groups[0].pricingPlans[0].visualElements[13].key", "tag_text"): Verify element property value successfully

2023-10-16 14:20:33 - [MESSAGE][PASSED] - Verify element property value successfully

2023-10-16 14:20:33 - [TEST_STEP][PASSED] - verifyElementPropertyValue(getResponse, "offers[13].groups[0].pricingPlans[0].visualElements[13].value", "وفر 50%"): Verify element property value successfully

2023-10-16 14:20:33 - [MESSAGE][PASSED] - Verify element property value successfully

2023-10-16 14:20:33 - [TEST_STEP][PASSED] - verifyElementPropertyValue(getResponse, "offers[13].groups[0].pricingPlans[0].visualElements[12].key", "show_tag"): Verify element property value successfully

2023-10-16 14:20:33 - [MESSAGE][PASSED] - Verify element property value successfully

2023-10-16 14:20:33 - [TEST_STEP][PASSED] - verifyElementPropertyValue(getResponse, "offers[13].groups[0].pricingPlans[0].visualElements[12].value", "true"): Verify element property value successfully

2023-10-16 14:20:33 - [MESSAGE][PASSED] - Verify element property value successfully

2023-10-16 14:20:33 - [TEST_STEP][PASSED] - verifyElementPropertyValue(getResponse, "offers[13].groups[0].pricingPlans[0].pricingPlanData[0].productId", "TUN_B2C_SHAHID_VIP_SPORT_1M"): Verify element property value successfully

2023-10-16 14:20:33 - [MESSAGE][PASSED] - Verify element property value successfully

2023-10-16 14:20:33 - [TEST_STEP][PASSED] - verifyElementPropertyValue(getResponse, "offers[13].groups[0].pricingPlans[0].pricingPlanData[0].paymentMethod", "CREDIT_CARD"): Verify element property value successfully

2023-10-16 14:20:33 - [MESSAGE][PASSED] - Verify element property value successfully

2023-10-16 14:20:33 - [TEST_STEP][PASSED] - verifyElementPropertyValue(getResponse, "offers[13].groups[0].pricingPlans[0].pricingPlanData[0].freeTrialEnabled", "false"): Verify element property value successfully

2023-10-16 14:20:33 - [MESSAGE][PASSED] - Verify element property value successfully

2023-10-16 14:20:33 - [TEST_STEP][PASSED] - verifyElementPropertyValue(getResponse, "offers[13].groups[0].pricingPlans[0].pricingPlanData[0].showIn[0]", "VERTICAL_MODE"): Verify element property value successfully

2023-10-16 14:20:33 - [MESSAGE][PASSED] - Verify element property value successfully

2023-10-16 14:20:33 - [TEST_STEP][PASSED] - verifyElementPropertyValue(getResponse, "offers[13].groups[0].pricingPlans[0].pricingPlanData[0].showIn[1]", "HORIZONTAL_MODE"): Verify element property value successfully

2023-10-16 14:20:33 - [MESSAGE][PASSED] - Verify element property value successfully

2023-10-16 14:20:33 - [TEST_STEP][PASSED] - verifyElementPropertyValue(getResponse, "offers[13].groups[0].pricingPlans[0].pricingPlanData[0].priceLabel", "9.99"): Verify element property value successfully

2023-10-16 14:20:33 - [MESSAGE][PASSED] - Verify element property value successfully

2023-10-16 14:20:33 - [TEST_STEP][PASSED] - verifyElementPropertyValue(getResponse, "offers[13].groups[0].pricingPlans[0].pricingPlanData[0].currencyLabel", "TND"): Verify element property value successfully

2023-10-16 14:20:33 - [MESSAGE][PASSED] - Verify element property value successfully

2023-10-16 14:20:33 - [TEST_STEP][PASSED] - verifyElementPropertyValue(getResponse, "offers[13].groups[0].pricingPlans[0].pricingPlanData[0].dealId", "BYG_SPORT_50P_TUN"): Verify element property value successfully

2023-10-16 14:20:33 - [MESSAGE][PASSED] - Verify element property value successfully

2023-10-16 14:20:33 - [TEST_STEP][PASSED] - verifyElementPropertyValue(getResponse, "offers[13].groups[0].pricingPlans[0].pricingPlanData[0].allowedForAcquisition", "true"): Verify element property value successfully

2023-10-16 14:20:33 - [MESSAGE][PASSED] - Verify element property value successfully

2023-10-16 14:20:33 - [TEST_STEP][PASSED] - verifyElementPropertyValue(getResponse, "offers[13].groups[0].pricingPlans[0].pricingPlanData[0].visualElements[0].key", "title"): Verify element property value successfully

2023-10-16 14:20:33 - [MESSAGE][PASSED] - Verify element property value successfully

2023-10-16 14:20:33 - [TEST_STEP][PASSED] - verifyElementPropertyValue(getResponse, "offers[13].groups[0].pricingPlans[0].pricingPlanData[0].visualElements[0].value", "البطاقة المصرفية"): Verify element property value successfully

2023-10-16 14:20:33 - [MESSAGE][PASSED] - Verify element property value successfully

2023-10-16 14:20:33 - [TEST_STEP][PASSED] - verifyElementPropertyValue(getResponse, "offers[13].groups[0].pricingPlans[0].pricingPlanData[0].visualElements[1].key", "CTA_text"): Verify element property value successfully

2023-10-16 14:20:33 - [MESSAGE][PASSED] - Verify element property value successfully

2023-10-16 14:20:33 - [TEST_STEP][PASSED] - verifyElementPropertyValue(getResponse, "offers[13].groups[0].pricingPlans[0].pricingPlanData[0].visualElements[1].value", "اشترك"): Verify element property value successfully

2023-10-16 14:20:33 - [MESSAGE][PASSED] - Verify element property value successfully

2023-10-16 14:20:33 - [TEST_STEP][PASSED] - verifyElementPropertyValue(getResponse, "offers[13].groups[0].pricingPlans[0].pricingPlanData[0].visualElements[2].key", "logo"): Verify element property value successfully

2023-10-16 14:20:33 - [MESSAGE][PASSED] - Verify element property value successfully

2023-10-16 14:20:33 - [TEST_STEP][PASSED] - verifyElementPropertyValue(getResponse, "offers[13].groups[0].pricingPlans[0].pricingPlanData[0].visualElements[2].value", "https://static.s3.shahid.mbc.net/widget-images/icons/iconCreditCard.png"): Verify element property value successfully

2023-10-16 14:20:33 - [MESSAGE][PASSED] - Verify element property value successfully]]></system-out>
         <system-err><![CDATA[]]></system-err>
      </testcase>
      <testcase name="Test Cases/WEB - CHROME/TUN PI/WEB_AR_getOffersForTUN_VIP" time="4.082" classname="Test Cases/WEB - CHROME/TUN PI/WEB_AR_getOffersForTUN_VIP" status="PASSED">
         <system-out><![CDATA[2023-10-16 14:20:33 - [TEST_CASE][PASSED] - Test Cases/WEB - CHROME/TUN PI/WEB_AR_getOffersForTUN_VIP: Test Cases/WEB - CHROME/TUN PI/WEB_AR_getOffersForTUN_VIP

2023-10-16 14:20:33 - [TEST_STEP][PASSED] - getResponse = config_files.getConfigFile.getConfig("WEB", "AR", "SHAHID_VIP", "TN", "false"): config_files.getConfigFile.getConfig is PASSED

2023-10-16 14:20:34 - [MESSAGE][INFO] - HAR: /Users/admin/git/shahid-configuration/Reports/20231016_140310/WEB/TUN/20231016_140343/requests/main/5.har

2023-10-16 14:20:34 - [MESSAGE][PASSED] - Send request successfully

2023-10-16 14:20:34 - [MESSAGE][PASSED] - config_files.getConfigFile.getConfig is PASSED

2023-10-16 14:20:34 - [TEST_STEP][PASSED] - verifyResponseStatusCode(getResponse, 200): Verify response status code successfully

2023-10-16 14:20:34 - [MESSAGE][PASSED] - Verify response status code successfully

2023-10-16 14:20:34 - [TEST_STEP][PASSED] - verifyElementPropertyValue(getResponse, "country", "TUN"): Verify element property value successfully

2023-10-16 14:20:34 - [MESSAGE][PASSED] - Verify element property value successfully

2023-10-16 14:20:34 - [TEST_STEP][PASSED] - verifyElementPropertyValue(getResponse, "platform", "[WEB]"): Verify element property value successfully

2023-10-16 14:20:34 - [MESSAGE][PASSED] - Verify element property value successfully

2023-10-16 14:20:34 - [TEST_STEP][PASSED] - verifyElementPropertyValue(getResponse, "offers[0].offerId", "winback-30-offer"): Verify element property value successfully

2023-10-16 14:20:34 - [MESSAGE][PASSED] - Verify element property value successfully

2023-10-16 14:20:34 - [TEST_STEP][PASSED] - verifyElementPropertyValue(getResponse, "offers[0].offerParam", "winback30"): Verify element property value successfully

2023-10-16 14:20:34 - [MESSAGE][PASSED] - Verify element property value successfully

2023-10-16 14:20:34 - [TEST_STEP][PASSED] - verifyElementPropertyValue(getResponse, "offers[0].groups[0].pricingPlans[0].featured", "true"): Verify element property value successfully

2023-10-16 14:20:34 - [MESSAGE][PASSED] - Verify element property value successfully

2023-10-16 14:20:34 - [TEST_STEP][PASSED] - verifyElementPropertyValue(getResponse, "offers[0].groups[0].pricingPlans[0].period", "monthly"): Verify element property value successfully

2023-10-16 14:20:34 - [MESSAGE][PASSED] - Verify element property value successfully

2023-10-16 14:20:34 - [TEST_STEP][PASSED] - verifyElementPropertyValue(getResponse, "offers[0].groups[0].pricingPlans[0].featured", "true"): Verify element property value successfully

2023-10-16 14:20:34 - [MESSAGE][PASSED] - Verify element property value successfully

2023-10-16 14:20:34 - [TEST_STEP][PASSED] - verifyElementPropertyValue(getResponse, "offers[0].groups[0].pricingPlans[0].price", "6.99"): Verify element property value successfully

2023-10-16 14:20:34 - [MESSAGE][PASSED] - Verify element property value successfully

2023-10-16 14:20:34 - [TEST_STEP][PASSED] - verifyElementPropertyValue(getResponse, "offers[0].groups[0].pricingPlans[0].currency", "TND"): Verify element property value successfully

2023-10-16 14:20:34 - [MESSAGE][PASSED] - Verify element property value successfully

2023-10-16 14:20:34 - [TEST_STEP][PASSED] - verifyElementPropertyValue(getResponse, "offers[0].groups[0].pricingPlans[0].order", "0"): Verify element property value successfully

2023-10-16 14:20:34 - [MESSAGE][PASSED] - Verify element property value successfully

2023-10-16 14:20:34 - [TEST_STEP][PASSED] - verifyElementPropertyValue(getResponse, "offers[0].groups[0].pricingPlans[0].packageId", "SHAHID_VIP"): Verify element property value successfully

2023-10-16 14:20:34 - [MESSAGE][PASSED] - Verify element property value successfully

2023-10-16 14:20:34 - [TEST_STEP][PASSED] - verifyElementPropertyValue(getResponse, "offers[0].groups[0].pricingPlans[0].catalogId", "VIP"): Verify element property value successfully

2023-10-16 14:20:34 - [MESSAGE][PASSED] - Verify element property value successfully

2023-10-16 14:20:34 - [TEST_STEP][PASSED] - verifyElementPropertyValue(getResponse, "offers[0].groups[0].pricingPlans[0].visualElements[0].key", "Header_1_text"): Verify element property value successfully

2023-10-16 14:20:34 - [MESSAGE][PASSED] - Verify element property value successfully

2023-10-16 14:20:34 - [TEST_STEP][PASSED] - verifyElementPropertyValue(getResponse, "offers[0].groups[0].pricingPlans[0].visualElements[0].value", "شاهد أقوى المسلسلات و الأفلام حصرياً دون توقف"): Verify element property value successfully

2023-10-16 14:20:34 - [MESSAGE][PASSED] - Verify element property value successfully

2023-10-16 14:20:34 - [TEST_STEP][PASSED] - verifyElementPropertyValue(getResponse, "offers[0].groups[0].pricingPlans[0].visualElements[1].key", "display_title"): Verify element property value successfully

2023-10-16 14:20:34 - [MESSAGE][PASSED] - Verify element property value successfully

2023-10-16 14:20:34 - [TEST_STEP][PASSED] - verifyElementPropertyValue(getResponse, "offers[0].groups[0].pricingPlans[0].visualElements[1].value", "احصل على خصم 30%"): Verify element property value successfully

2023-10-16 14:20:34 - [MESSAGE][PASSED] - Verify element property value successfully

2023-10-16 14:20:34 - [TEST_STEP][PASSED] - verifyElementPropertyValue(getResponse, "offers[0].groups[0].pricingPlans[0].visualElements[3].key", "deduction_text"): Verify element property value successfully

2023-10-16 14:20:34 - [MESSAGE][PASSED] - Verify element property value successfully

2023-10-16 14:20:34 - [TEST_STEP][PASSED] - verifyElementPropertyValue(getResponse, "offers[0].groups[0].pricingPlans[0].visualElements[3].value", "تدفع شهرياً"): Verify element property value successfully

2023-10-16 14:20:34 - [MESSAGE][PASSED] - Verify element property value successfully

2023-10-16 14:20:34 - [TEST_STEP][PASSED] - verifyElementPropertyValue(getResponse, "offers[0].groups[0].pricingPlans[0].visualElements[6].key", "show_payment_logo"): Verify element property value successfully

2023-10-16 14:20:34 - [MESSAGE][PASSED] - Verify element property value successfully

2023-10-16 14:20:34 - [TEST_STEP][PASSED] - verifyElementPropertyValue(getResponse, "offers[0].groups[0].pricingPlans[0].visualElements[6].value", "true"): Verify element property value successfully

2023-10-16 14:20:34 - [MESSAGE][PASSED] - Verify element property value successfully

2023-10-16 14:20:34 - [TEST_STEP][PASSED] - verifyElementPropertyValue(getResponse, "offers[0].groups[0].pricingPlans[0].visualElements[8].key", "price"): Verify element property value successfully

2023-10-16 14:20:34 - [MESSAGE][PASSED] - Verify element property value successfully

2023-10-16 14:20:34 - [TEST_STEP][PASSED] - verifyElementPropertyValue(getResponse, "offers[0].groups[0].pricingPlans[0].visualElements[8].value", "6.99"): Verify element property value successfully

2023-10-16 14:20:34 - [MESSAGE][PASSED] - Verify element property value successfully

2023-10-16 14:20:34 - [TEST_STEP][PASSED] - verifyElementPropertyValue(getResponse, "offers[0].groups[0].pricingPlans[0].visualElements[9].key", "currency"): Verify element property value successfully

2023-10-16 14:20:34 - [MESSAGE][PASSED] - Verify element property value successfully

2023-10-16 14:20:34 - [TEST_STEP][PASSED] - verifyElementPropertyValue(getResponse, "offers[0].groups[0].pricingPlans[0].visualElements[9].value", "TND"): Verify element property value successfully

2023-10-16 14:20:34 - [MESSAGE][PASSED] - Verify element property value successfully

2023-10-16 14:20:34 - [TEST_STEP][PASSED] - verifyElementPropertyValue(getResponse, "offers[0].groups[0].pricingPlans[0].visualElements[10].key", "duration"): Verify element property value successfully

2023-10-16 14:20:34 - [MESSAGE][PASSED] - Verify element property value successfully

2023-10-16 14:20:34 - [TEST_STEP][PASSED] - verifyElementPropertyValue(getResponse, "offers[0].groups[0].pricingPlans[0].visualElements[10].value", "شهرياً"): Verify element property value successfully

2023-10-16 14:20:34 - [MESSAGE][PASSED] - Verify element property value successfully

2023-10-16 14:20:34 - [TEST_STEP][PASSED] - verifyElementPropertyValue(getResponse, "offers[0].groups[0].pricingPlans[0].visualElements[11].key", "featured_tag_text"): Verify element property value successfully

2023-10-16 14:20:34 - [MESSAGE][PASSED] - Verify element property value successfully

2023-10-16 14:20:34 - [TEST_STEP][PASSED] - verifyElementPropertyValue(getResponse, "offers[0].groups[0].pricingPlans[0].visualElements[11].value", "عرض لمدة محدودة"): Verify element property value successfully

2023-10-16 14:20:34 - [MESSAGE][PASSED] - Verify element property value successfully

2023-10-16 14:20:34 - [TEST_STEP][PASSED] - verifyElementPropertyValue(getResponse, "offers[0].groups[0].pricingPlans[0].visualElements[13].key", "tag_text"): Verify element property value successfully

2023-10-16 14:20:34 - [MESSAGE][PASSED] - Verify element property value successfully

2023-10-16 14:20:34 - [TEST_STEP][PASSED] - verifyElementPropertyValue(getResponse, "offers[0].groups[0].pricingPlans[0].visualElements[13].value", "وفر 30%"): Verify element property value successfully

2023-10-16 14:20:34 - [MESSAGE][PASSED] - Verify element property value successfully

2023-10-16 14:20:34 - [TEST_STEP][PASSED] - verifyElementPropertyValue(getResponse, "offers[0].groups[0].pricingPlans[0].visualElements[12].key", "show_tag"): Verify element property value successfully

2023-10-16 14:20:34 - [MESSAGE][PASSED] - Verify element property value successfully

2023-10-16 14:20:34 - [TEST_STEP][PASSED] - verifyElementPropertyValue(getResponse, "offers[0].groups[0].pricingPlans[0].visualElements[12].value", "true"): Verify element property value successfully

2023-10-16 14:20:34 - [MESSAGE][PASSED] - Verify element property value successfully

2023-10-16 14:20:34 - [TEST_STEP][PASSED] - verifyElementPropertyValue(getResponse, "offers[0].groups[0].pricingPlans[0].pricingPlanData[0].productId", "TUN_B2C_SHAHID_VIP_1M"): Verify element property value successfully

2023-10-16 14:20:34 - [MESSAGE][PASSED] - Verify element property value successfully

2023-10-16 14:20:34 - [TEST_STEP][PASSED] - verifyElementPropertyValue(getResponse, "offers[0].groups[0].pricingPlans[0].pricingPlanData[0].paymentMethod", "CREDIT_CARD"): Verify element property value successfully

2023-10-16 14:20:34 - [MESSAGE][PASSED] - Verify element property value successfully

2023-10-16 14:20:34 - [TEST_STEP][PASSED] - verifyElementPropertyValue(getResponse, "offers[0].groups[0].pricingPlans[0].pricingPlanData[0].freeTrialEnabled", "false"): Verify element property value successfully

2023-10-16 14:20:34 - [MESSAGE][PASSED] - Verify element property value successfully

2023-10-16 14:20:34 - [TEST_STEP][PASSED] - verifyElementPropertyValue(getResponse, "offers[0].groups[0].pricingPlans[0].pricingPlanData[0].showIn[0]", "VERTICAL_MODE"): Verify element property value successfully

2023-10-16 14:20:34 - [MESSAGE][PASSED] - Verify element property value successfully

2023-10-16 14:20:34 - [TEST_STEP][PASSED] - verifyElementPropertyValue(getResponse, "offers[0].groups[0].pricingPlans[0].pricingPlanData[0].showIn[1]", "HORIZONTAL_MODE"): Verify element property value successfully

2023-10-16 14:20:34 - [MESSAGE][PASSED] - Verify element property value successfully

2023-10-16 14:20:34 - [TEST_STEP][PASSED] - verifyElementPropertyValue(getResponse, "offers[0].groups[0].pricingPlans[0].pricingPlanData[0].priceLabel", "6.99"): Verify element property value successfully

2023-10-16 14:20:34 - [MESSAGE][PASSED] - Verify element property value successfully

2023-10-16 14:20:34 - [TEST_STEP][PASSED] - verifyElementPropertyValue(getResponse, "offers[0].groups[0].pricingPlans[0].pricingPlanData[0].currencyLabel", "TND"): Verify element property value successfully

2023-10-16 14:20:34 - [MESSAGE][PASSED] - Verify element property value successfully

2023-10-16 14:20:34 - [TEST_STEP][PASSED] - verifyElementPropertyValue(getResponse, "offers[0].groups[0].pricingPlans[0].pricingPlanData[0].dealId", "RE_30P_TUN"): Verify element property value successfully

2023-10-16 14:20:34 - [MESSAGE][PASSED] - Verify element property value successfully

2023-10-16 14:20:34 - [TEST_STEP][PASSED] - verifyElementPropertyValue(getResponse, "offers[0].groups[0].pricingPlans[0].pricingPlanData[0].allowedForAcquisition", "true"): Verify element property value successfully

2023-10-16 14:20:34 - [MESSAGE][PASSED] - Verify element property value successfully

2023-10-16 14:20:34 - [TEST_STEP][PASSED] - verifyElementPropertyValue(getResponse, "offers[0].groups[0].pricingPlans[0].pricingPlanData[0].visualElements[0].key", "title"): Verify element property value successfully

2023-10-16 14:20:34 - [MESSAGE][PASSED] - Verify element property value successfully

2023-10-16 14:20:34 - [TEST_STEP][PASSED] - verifyElementPropertyValue(getResponse, "offers[0].groups[0].pricingPlans[0].pricingPlanData[0].visualElements[0].value", "البطاقة المصرفية"): Verify element property value successfully

2023-10-16 14:20:34 - [MESSAGE][PASSED] - Verify element property value successfully

2023-10-16 14:20:34 - [TEST_STEP][PASSED] - verifyElementPropertyValue(getResponse, "offers[0].groups[0].pricingPlans[0].pricingPlanData[0].visualElements[1].key", "CTA_text"): Verify element property value successfully

2023-10-16 14:20:34 - [MESSAGE][PASSED] - Verify element property value successfully

2023-10-16 14:20:34 - [TEST_STEP][PASSED] - verifyElementPropertyValue(getResponse, "offers[0].groups[0].pricingPlans[0].pricingPlanData[0].visualElements[1].value", "اشترك"): Verify element property value successfully

2023-10-16 14:20:34 - [MESSAGE][PASSED] - Verify element property value successfully

2023-10-16 14:20:34 - [TEST_STEP][PASSED] - verifyElementPropertyValue(getResponse, "offers[0].groups[0].pricingPlans[0].pricingPlanData[0].visualElements[2].key", "logo"): Verify element property value successfully

2023-10-16 14:20:34 - [MESSAGE][PASSED] - Verify element property value successfully

2023-10-16 14:20:34 - [TEST_STEP][PASSED] - verifyElementPropertyValue(getResponse, "offers[0].groups[0].pricingPlans[0].pricingPlanData[0].visualElements[2].value", "https://static.s3.shahid.mbc.net/widget-images/icons/iconCreditCard.png"): Verify element property value successfully

2023-10-16 14:20:35 - [MESSAGE][PASSED] - Verify element property value successfully

2023-10-16 14:20:35 - [TEST_STEP][PASSED] - verifyElementPropertyValue(getResponse, "offers[1].offerId", "winback-40-offer"): Verify element property value successfully

2023-10-16 14:20:35 - [MESSAGE][PASSED] - Verify element property value successfully

2023-10-16 14:20:35 - [TEST_STEP][PASSED] - verifyElementPropertyValue(getResponse, "offers[1].offerParam", "winback40"): Verify element property value successfully

2023-10-16 14:20:35 - [MESSAGE][PASSED] - Verify element property value successfully

2023-10-16 14:20:35 - [TEST_STEP][PASSED] - verifyElementPropertyValue(getResponse, "offers[1].groups[0].pricingPlans[0].featured", "true"): Verify element property value successfully

2023-10-16 14:20:35 - [MESSAGE][PASSED] - Verify element property value successfully

2023-10-16 14:20:35 - [TEST_STEP][PASSED] - verifyElementPropertyValue(getResponse, "offers[1].groups[0].pricingPlans[0].period", "monthly"): Verify element property value successfully

2023-10-16 14:20:35 - [MESSAGE][PASSED] - Verify element property value successfully

2023-10-16 14:20:35 - [TEST_STEP][PASSED] - verifyElementPropertyValue(getResponse, "offers[1].groups[0].pricingPlans[0].featured", "true"): Verify element property value successfully

2023-10-16 14:20:35 - [MESSAGE][PASSED] - Verify element property value successfully

2023-10-16 14:20:35 - [TEST_STEP][PASSED] - verifyElementPropertyValue(getResponse, "offers[1].groups[0].pricingPlans[0].price", "5.99"): Verify element property value successfully

2023-10-16 14:20:35 - [MESSAGE][PASSED] - Verify element property value successfully

2023-10-16 14:20:35 - [TEST_STEP][PASSED] - verifyElementPropertyValue(getResponse, "offers[1].groups[0].pricingPlans[0].currency", "TND"): Verify element property value successfully

2023-10-16 14:20:35 - [MESSAGE][PASSED] - Verify element property value successfully

2023-10-16 14:20:35 - [TEST_STEP][PASSED] - verifyElementPropertyValue(getResponse, "offers[1].groups[0].pricingPlans[0].order", "0"): Verify element property value successfully

2023-10-16 14:20:35 - [MESSAGE][PASSED] - Verify element property value successfully

2023-10-16 14:20:35 - [TEST_STEP][PASSED] - verifyElementPropertyValue(getResponse, "offers[1].groups[0].pricingPlans[0].packageId", "SHAHID_VIP"): Verify element property value successfully

2023-10-16 14:20:35 - [MESSAGE][PASSED] - Verify element property value successfully

2023-10-16 14:20:35 - [TEST_STEP][PASSED] - verifyElementPropertyValue(getResponse, "offers[1].groups[0].pricingPlans[0].catalogId", "VIP"): Verify element property value successfully

2023-10-16 14:20:35 - [MESSAGE][PASSED] - Verify element property value successfully

2023-10-16 14:20:35 - [TEST_STEP][PASSED] - verifyElementPropertyValue(getResponse, "offers[1].groups[0].pricingPlans[0].visualElements[0].key", "Header_1_text"): Verify element property value successfully

2023-10-16 14:20:35 - [MESSAGE][PASSED] - Verify element property value successfully

2023-10-16 14:20:35 - [TEST_STEP][PASSED] - verifyElementPropertyValue(getResponse, "offers[1].groups[0].pricingPlans[0].visualElements[0].value", "شاهد أقوى المسلسلات و الأفلام حصرياً دون توقف"): Verify element property value successfully

2023-10-16 14:20:35 - [MESSAGE][PASSED] - Verify element property value successfully

2023-10-16 14:20:35 - [TEST_STEP][PASSED] - verifyElementPropertyValue(getResponse, "offers[1].groups[0].pricingPlans[0].visualElements[1].key", "display_title"): Verify element property value successfully

2023-10-16 14:20:35 - [MESSAGE][PASSED] - Verify element property value successfully

2023-10-16 14:20:35 - [TEST_STEP][PASSED] - verifyElementPropertyValue(getResponse, "offers[1].groups[0].pricingPlans[0].visualElements[1].value", "احصل على خصم 40%"): Verify element property value successfully

2023-10-16 14:20:35 - [MESSAGE][PASSED] - Verify element property value successfully

2023-10-16 14:20:35 - [TEST_STEP][PASSED] - verifyElementPropertyValue(getResponse, "offers[1].groups[0].pricingPlans[0].visualElements[3].key", "deduction_text"): Verify element property value successfully

2023-10-16 14:20:35 - [MESSAGE][PASSED] - Verify element property value successfully

2023-10-16 14:20:35 - [TEST_STEP][PASSED] - verifyElementPropertyValue(getResponse, "offers[1].groups[0].pricingPlans[0].visualElements[3].value", "تدفع شهرياً"): Verify element property value successfully

2023-10-16 14:20:35 - [MESSAGE][PASSED] - Verify element property value successfully

2023-10-16 14:20:35 - [TEST_STEP][PASSED] - verifyElementPropertyValue(getResponse, "offers[1].groups[0].pricingPlans[0].visualElements[6].key", "show_payment_logo"): Verify element property value successfully

2023-10-16 14:20:35 - [MESSAGE][PASSED] - Verify element property value successfully

2023-10-16 14:20:35 - [TEST_STEP][PASSED] - verifyElementPropertyValue(getResponse, "offers[1].groups[0].pricingPlans[0].visualElements[6].value", "true"): Verify element property value successfully

2023-10-16 14:20:35 - [MESSAGE][PASSED] - Verify element property value successfully

2023-10-16 14:20:35 - [TEST_STEP][PASSED] - verifyElementPropertyValue(getResponse, "offers[1].groups[0].pricingPlans[0].visualElements[8].key", "price"): Verify element property value successfully

2023-10-16 14:20:35 - [MESSAGE][PASSED] - Verify element property value successfully

2023-10-16 14:20:35 - [TEST_STEP][PASSED] - verifyElementPropertyValue(getResponse, "offers[1].groups[0].pricingPlans[0].visualElements[8].value", "5.99"): Verify element property value successfully

2023-10-16 14:20:35 - [MESSAGE][PASSED] - Verify element property value successfully

2023-10-16 14:20:35 - [TEST_STEP][PASSED] - verifyElementPropertyValue(getResponse, "offers[1].groups[0].pricingPlans[0].visualElements[9].key", "currency"): Verify element property value successfully

2023-10-16 14:20:35 - [MESSAGE][PASSED] - Verify element property value successfully

2023-10-16 14:20:35 - [TEST_STEP][PASSED] - verifyElementPropertyValue(getResponse, "offers[1].groups[0].pricingPlans[0].visualElements[9].value", "TND"): Verify element property value successfully

2023-10-16 14:20:35 - [MESSAGE][PASSED] - Verify element property value successfully

2023-10-16 14:20:35 - [TEST_STEP][PASSED] - verifyElementPropertyValue(getResponse, "offers[1].groups[0].pricingPlans[0].visualElements[10].key", "duration"): Verify element property value successfully

2023-10-16 14:20:35 - [MESSAGE][PASSED] - Verify element property value successfully

2023-10-16 14:20:35 - [TEST_STEP][PASSED] - verifyElementPropertyValue(getResponse, "offers[1].groups[0].pricingPlans[0].visualElements[10].value", "شهرياً"): Verify element property value successfully

2023-10-16 14:20:35 - [MESSAGE][PASSED] - Verify element property value successfully

2023-10-16 14:20:35 - [TEST_STEP][PASSED] - verifyElementPropertyValue(getResponse, "offers[1].groups[0].pricingPlans[0].visualElements[11].key", "featured_tag_text"): Verify element property value successfully

2023-10-16 14:20:35 - [MESSAGE][PASSED] - Verify element property value successfully

2023-10-16 14:20:35 - [TEST_STEP][PASSED] - verifyElementPropertyValue(getResponse, "offers[1].groups[0].pricingPlans[0].visualElements[11].value", "عرض لمدة محدودة"): Verify element property value successfully

2023-10-16 14:20:35 - [MESSAGE][PASSED] - Verify element property value successfully

2023-10-16 14:20:35 - [TEST_STEP][PASSED] - verifyElementPropertyValue(getResponse, "offers[1].groups[0].pricingPlans[0].visualElements[13].key", "tag_text"): Verify element property value successfully

2023-10-16 14:20:35 - [MESSAGE][PASSED] - Verify element property value successfully

2023-10-16 14:20:35 - [TEST_STEP][PASSED] - verifyElementPropertyValue(getResponse, "offers[1].groups[0].pricingPlans[0].visualElements[13].value", "وفر 40%"): Verify element property value successfully

2023-10-16 14:20:35 - [MESSAGE][PASSED] - Verify element property value successfully

2023-10-16 14:20:35 - [TEST_STEP][PASSED] - verifyElementPropertyValue(getResponse, "offers[1].groups[0].pricingPlans[0].visualElements[12].key", "show_tag"): Verify element property value successfully

2023-10-16 14:20:35 - [MESSAGE][PASSED] - Verify element property value successfully

2023-10-16 14:20:35 - [TEST_STEP][PASSED] - verifyElementPropertyValue(getResponse, "offers[1].groups[0].pricingPlans[0].visualElements[12].value", "true"): Verify element property value successfully

2023-10-16 14:20:35 - [MESSAGE][PASSED] - Verify element property value successfully

2023-10-16 14:20:35 - [TEST_STEP][PASSED] - verifyElementPropertyValue(getResponse, "offers[1].groups[0].pricingPlans[0].pricingPlanData[0].productId", "TUN_B2C_SHAHID_VIP_1M"): Verify element property value successfully

2023-10-16 14:20:35 - [MESSAGE][PASSED] - Verify element property value successfully

2023-10-16 14:20:35 - [TEST_STEP][PASSED] - verifyElementPropertyValue(getResponse, "offers[1].groups[0].pricingPlans[0].pricingPlanData[0].paymentMethod", "CREDIT_CARD"): Verify element property value successfully

2023-10-16 14:20:35 - [MESSAGE][PASSED] - Verify element property value successfully

2023-10-16 14:20:35 - [TEST_STEP][PASSED] - verifyElementPropertyValue(getResponse, "offers[1].groups[0].pricingPlans[0].pricingPlanData[0].freeTrialEnabled", "false"): Verify element property value successfully

2023-10-16 14:20:35 - [MESSAGE][PASSED] - Verify element property value successfully

2023-10-16 14:20:35 - [TEST_STEP][PASSED] - verifyElementPropertyValue(getResponse, "offers[1].groups[0].pricingPlans[0].pricingPlanData[0].showIn[0]", "VERTICAL_MODE"): Verify element property value successfully

2023-10-16 14:20:35 - [MESSAGE][PASSED] - Verify element property value successfully

2023-10-16 14:20:35 - [TEST_STEP][PASSED] - verifyElementPropertyValue(getResponse, "offers[1].groups[0].pricingPlans[0].pricingPlanData[0].showIn[1]", "HORIZONTAL_MODE"): Verify element property value successfully

2023-10-16 14:20:35 - [MESSAGE][PASSED] - Verify element property value successfully

2023-10-16 14:20:35 - [TEST_STEP][PASSED] - verifyElementPropertyValue(getResponse, "offers[1].groups[0].pricingPlans[0].pricingPlanData[0].priceLabel", "5.99"): Verify element property value successfully

2023-10-16 14:20:35 - [MESSAGE][PASSED] - Verify element property value successfully

2023-10-16 14:20:35 - [TEST_STEP][PASSED] - verifyElementPropertyValue(getResponse, "offers[1].groups[0].pricingPlans[0].pricingPlanData[0].currencyLabel", "TND"): Verify element property value successfully

2023-10-16 14:20:35 - [MESSAGE][PASSED] - Verify element property value successfully

2023-10-16 14:20:35 - [TEST_STEP][PASSED] - verifyElementPropertyValue(getResponse, "offers[1].groups[0].pricingPlans[0].pricingPlanData[0].dealId", "RE_40P_TUN"): Verify element property value successfully

2023-10-16 14:20:35 - [MESSAGE][PASSED] - Verify element property value successfully

2023-10-16 14:20:35 - [TEST_STEP][PASSED] - verifyElementPropertyValue(getResponse, "offers[1].groups[0].pricingPlans[0].pricingPlanData[0].allowedForAcquisition", "true"): Verify element property value successfully

2023-10-16 14:20:35 - [MESSAGE][PASSED] - Verify element property value successfully

2023-10-16 14:20:35 - [TEST_STEP][PASSED] - verifyElementPropertyValue(getResponse, "offers[1].groups[0].pricingPlans[0].pricingPlanData[0].visualElements[0].key", "title"): Verify element property value successfully

2023-10-16 14:20:35 - [MESSAGE][PASSED] - Verify element property value successfully

2023-10-16 14:20:35 - [TEST_STEP][PASSED] - verifyElementPropertyValue(getResponse, "offers[1].groups[0].pricingPlans[0].pricingPlanData[0].visualElements[0].value", "البطاقة المصرفية"): Verify element property value successfully

2023-10-16 14:20:35 - [MESSAGE][PASSED] - Verify element property value successfully

2023-10-16 14:20:35 - [TEST_STEP][PASSED] - verifyElementPropertyValue(getResponse, "offers[1].groups[0].pricingPlans[0].pricingPlanData[0].visualElements[1].key", "CTA_text"): Verify element property value successfully

2023-10-16 14:20:35 - [MESSAGE][PASSED] - Verify element property value successfully

2023-10-16 14:20:35 - [TEST_STEP][PASSED] - verifyElementPropertyValue(getResponse, "offers[1].groups[0].pricingPlans[0].pricingPlanData[0].visualElements[1].value", "اشترك"): Verify element property value successfully

2023-10-16 14:20:35 - [MESSAGE][PASSED] - Verify element property value successfully

2023-10-16 14:20:35 - [TEST_STEP][PASSED] - verifyElementPropertyValue(getResponse, "offers[1].groups[0].pricingPlans[0].pricingPlanData[0].visualElements[2].key", "logo"): Verify element property value successfully

2023-10-16 14:20:35 - [MESSAGE][PASSED] - Verify element property value successfully

2023-10-16 14:20:35 - [TEST_STEP][PASSED] - verifyElementPropertyValue(getResponse, "offers[1].groups[0].pricingPlans[0].pricingPlanData[0].visualElements[2].value", "https://static.s3.shahid.mbc.net/widget-images/icons/iconCreditCard.png"): Verify element property value successfully

2023-10-16 14:20:35 - [MESSAGE][PASSED] - Verify element property value successfully

2023-10-16 14:20:35 - [TEST_STEP][PASSED] - verifyElementPropertyValue(getResponse, "offers[2].offerId", "winback-50-offer"): Verify element property value successfully

2023-10-16 14:20:35 - [MESSAGE][PASSED] - Verify element property value successfully

2023-10-16 14:20:35 - [TEST_STEP][PASSED] - verifyElementPropertyValue(getResponse, "offers[2].offerParam", "winback50"): Verify element property value successfully

2023-10-16 14:20:35 - [MESSAGE][PASSED] - Verify element property value successfully

2023-10-16 14:20:35 - [TEST_STEP][PASSED] - verifyElementPropertyValue(getResponse, "offers[2].groups[0].pricingPlans[0].featured", "true"): Verify element property value successfully

2023-10-16 14:20:35 - [MESSAGE][PASSED] - Verify element property value successfully

2023-10-16 14:20:35 - [TEST_STEP][PASSED] - verifyElementPropertyValue(getResponse, "offers[2].groups[0].pricingPlans[0].period", "monthly"): Verify element property value successfully

2023-10-16 14:20:35 - [MESSAGE][PASSED] - Verify element property value successfully

2023-10-16 14:20:35 - [TEST_STEP][PASSED] - verifyElementPropertyValue(getResponse, "offers[2].groups[0].pricingPlans[0].featured", "true"): Verify element property value successfully

2023-10-16 14:20:35 - [MESSAGE][PASSED] - Verify element property value successfully

2023-10-16 14:20:35 - [TEST_STEP][PASSED] - verifyElementPropertyValue(getResponse, "offers[2].groups[0].pricingPlans[0].price", "4.99"): Verify element property value successfully

2023-10-16 14:20:35 - [MESSAGE][PASSED] - Verify element property value successfully

2023-10-16 14:20:35 - [TEST_STEP][PASSED] - verifyElementPropertyValue(getResponse, "offers[2].groups[0].pricingPlans[0].currency", "TND"): Verify element property value successfully

2023-10-16 14:20:35 - [MESSAGE][PASSED] - Verify element property value successfully

2023-10-16 14:20:35 - [TEST_STEP][PASSED] - verifyElementPropertyValue(getResponse, "offers[2].groups[0].pricingPlans[0].order", "0"): Verify element property value successfully

2023-10-16 14:20:35 - [MESSAGE][PASSED] - Verify element property value successfully

2023-10-16 14:20:35 - [TEST_STEP][PASSED] - verifyElementPropertyValue(getResponse, "offers[2].groups[0].pricingPlans[0].packageId", "SHAHID_VIP"): Verify element property value successfully

2023-10-16 14:20:35 - [MESSAGE][PASSED] - Verify element property value successfully

2023-10-16 14:20:35 - [TEST_STEP][PASSED] - verifyElementPropertyValue(getResponse, "offers[2].groups[0].pricingPlans[0].catalogId", "VIP"): Verify element property value successfully

2023-10-16 14:20:35 - [MESSAGE][PASSED] - Verify element property value successfully

2023-10-16 14:20:35 - [TEST_STEP][PASSED] - verifyElementPropertyValue(getResponse, "offers[2].groups[0].pricingPlans[0].visualElements[0].key", "Header_1_text"): Verify element property value successfully

2023-10-16 14:20:35 - [MESSAGE][PASSED] - Verify element property value successfully

2023-10-16 14:20:35 - [TEST_STEP][PASSED] - verifyElementPropertyValue(getResponse, "offers[2].groups[0].pricingPlans[0].visualElements[0].value", "شاهد أقوى المسلسلات و الأفلام حصرياً دون توقف"): Verify element property value successfully

2023-10-16 14:20:35 - [MESSAGE][PASSED] - Verify element property value successfully

2023-10-16 14:20:35 - [TEST_STEP][PASSED] - verifyElementPropertyValue(getResponse, "offers[2].groups[0].pricingPlans[0].visualElements[1].key", "display_title"): Verify element property value successfully

2023-10-16 14:20:35 - [MESSAGE][PASSED] - Verify element property value successfully

2023-10-16 14:20:35 - [TEST_STEP][PASSED] - verifyElementPropertyValue(getResponse, "offers[2].groups[0].pricingPlans[0].visualElements[1].value", "احصل على خصم 50%"): Verify element property value successfully

2023-10-16 14:20:35 - [MESSAGE][PASSED] - Verify element property value successfully

2023-10-16 14:20:35 - [TEST_STEP][PASSED] - verifyElementPropertyValue(getResponse, "offers[2].groups[0].pricingPlans[0].visualElements[3].key", "deduction_text"): Verify element property value successfully

2023-10-16 14:20:35 - [MESSAGE][PASSED] - Verify element property value successfully

2023-10-16 14:20:35 - [TEST_STEP][PASSED] - verifyElementPropertyValue(getResponse, "offers[2].groups[0].pricingPlans[0].visualElements[3].value", "تدفع شهرياً"): Verify element property value successfully

2023-10-16 14:20:35 - [MESSAGE][PASSED] - Verify element property value successfully

2023-10-16 14:20:35 - [TEST_STEP][PASSED] - verifyElementPropertyValue(getResponse, "offers[2].groups[0].pricingPlans[0].visualElements[6].key", "show_payment_logo"): Verify element property value successfully

2023-10-16 14:20:35 - [MESSAGE][PASSED] - Verify element property value successfully

2023-10-16 14:20:35 - [TEST_STEP][PASSED] - verifyElementPropertyValue(getResponse, "offers[2].groups[0].pricingPlans[0].visualElements[6].value", "true"): Verify element property value successfully

2023-10-16 14:20:35 - [MESSAGE][PASSED] - Verify element property value successfully

2023-10-16 14:20:35 - [TEST_STEP][PASSED] - verifyElementPropertyValue(getResponse, "offers[2].groups[0].pricingPlans[0].visualElements[8].key", "price"): Verify element property value successfully

2023-10-16 14:20:35 - [MESSAGE][PASSED] - Verify element property value successfully

2023-10-16 14:20:35 - [TEST_STEP][PASSED] - verifyElementPropertyValue(getResponse, "offers[2].groups[0].pricingPlans[0].visualElements[8].value", "4.99"): Verify element property value successfully

2023-10-16 14:20:35 - [MESSAGE][PASSED] - Verify element property value successfully

2023-10-16 14:20:35 - [TEST_STEP][PASSED] - verifyElementPropertyValue(getResponse, "offers[2].groups[0].pricingPlans[0].visualElements[9].key", "currency"): Verify element property value successfully

2023-10-16 14:20:35 - [MESSAGE][PASSED] - Verify element property value successfully

2023-10-16 14:20:35 - [TEST_STEP][PASSED] - verifyElementPropertyValue(getResponse, "offers[2].groups[0].pricingPlans[0].visualElements[9].value", "TND"): Verify element property value successfully

2023-10-16 14:20:35 - [MESSAGE][PASSED] - Verify element property value successfully

2023-10-16 14:20:35 - [TEST_STEP][PASSED] - verifyElementPropertyValue(getResponse, "offers[2].groups[0].pricingPlans[0].visualElements[10].key", "duration"): Verify element property value successfully

2023-10-16 14:20:35 - [MESSAGE][PASSED] - Verify element property value successfully

2023-10-16 14:20:35 - [TEST_STEP][PASSED] - verifyElementPropertyValue(getResponse, "offers[2].groups[0].pricingPlans[0].visualElements[10].value", "شهرياً"): Verify element property value successfully

2023-10-16 14:20:35 - [MESSAGE][PASSED] - Verify element property value successfully

2023-10-16 14:20:35 - [TEST_STEP][PASSED] - verifyElementPropertyValue(getResponse, "offers[2].groups[0].pricingPlans[0].visualElements[11].key", "featured_tag_text"): Verify element property value successfully

2023-10-16 14:20:35 - [MESSAGE][PASSED] - Verify element property value successfully

2023-10-16 14:20:35 - [TEST_STEP][PASSED] - verifyElementPropertyValue(getResponse, "offers[2].groups[0].pricingPlans[0].visualElements[11].value", "عرض لمدة محدودة"): Verify element property value successfully

2023-10-16 14:20:35 - [MESSAGE][PASSED] - Verify element property value successfully

2023-10-16 14:20:35 - [TEST_STEP][PASSED] - verifyElementPropertyValue(getResponse, "offers[2].groups[0].pricingPlans[0].visualElements[13].key", "tag_text"): Verify element property value successfully

2023-10-16 14:20:35 - [MESSAGE][PASSED] - Verify element property value successfully

2023-10-16 14:20:35 - [TEST_STEP][PASSED] - verifyElementPropertyValue(getResponse, "offers[2].groups[0].pricingPlans[0].visualElements[13].value", "وفر 50%"): Verify element property value successfully

2023-10-16 14:20:35 - [MESSAGE][PASSED] - Verify element property value successfully

2023-10-16 14:20:35 - [TEST_STEP][PASSED] - verifyElementPropertyValue(getResponse, "offers[2].groups[0].pricingPlans[0].visualElements[12].key", "show_tag"): Verify element property value successfully

2023-10-16 14:20:35 - [MESSAGE][PASSED] - Verify element property value successfully

2023-10-16 14:20:35 - [TEST_STEP][PASSED] - verifyElementPropertyValue(getResponse, "offers[2].groups[0].pricingPlans[0].visualElements[12].value", "true"): Verify element property value successfully

2023-10-16 14:20:35 - [MESSAGE][PASSED] - Verify element property value successfully

2023-10-16 14:20:35 - [TEST_STEP][PASSED] - verifyElementPropertyValue(getResponse, "offers[2].groups[0].pricingPlans[0].pricingPlanData[0].productId", "TUN_B2C_SHAHID_VIP_1M"): Verify element property value successfully

2023-10-16 14:20:35 - [MESSAGE][PASSED] - Verify element property value successfully

2023-10-16 14:20:35 - [TEST_STEP][PASSED] - verifyElementPropertyValue(getResponse, "offers[2].groups[0].pricingPlans[0].pricingPlanData[0].paymentMethod", "CREDIT_CARD"): Verify element property value successfully

2023-10-16 14:20:35 - [MESSAGE][PASSED] - Verify element property value successfully

2023-10-16 14:20:35 - [TEST_STEP][PASSED] - verifyElementPropertyValue(getResponse, "offers[2].groups[0].pricingPlans[0].pricingPlanData[0].freeTrialEnabled", "false"): Verify element property value successfully

2023-10-16 14:20:35 - [MESSAGE][PASSED] - Verify element property value successfully

2023-10-16 14:20:35 - [TEST_STEP][PASSED] - verifyElementPropertyValue(getResponse, "offers[2].groups[0].pricingPlans[0].pricingPlanData[0].showIn[0]", "VERTICAL_MODE"): Verify element property value successfully

2023-10-16 14:20:35 - [MESSAGE][PASSED] - Verify element property value successfully

2023-10-16 14:20:35 - [TEST_STEP][PASSED] - verifyElementPropertyValue(getResponse, "offers[2].groups[0].pricingPlans[0].pricingPlanData[0].showIn[1]", "HORIZONTAL_MODE"): Verify element property value successfully

2023-10-16 14:20:35 - [MESSAGE][PASSED] - Verify element property value successfully

2023-10-16 14:20:35 - [TEST_STEP][PASSED] - verifyElementPropertyValue(getResponse, "offers[2].groups[0].pricingPlans[0].pricingPlanData[0].priceLabel", "4.99"): Verify element property value successfully

2023-10-16 14:20:35 - [MESSAGE][PASSED] - Verify element property value successfully

2023-10-16 14:20:35 - [TEST_STEP][PASSED] - verifyElementPropertyValue(getResponse, "offers[2].groups[0].pricingPlans[0].pricingPlanData[0].currencyLabel", "TND"): Verify element property value successfully

2023-10-16 14:20:35 - [MESSAGE][PASSED] - Verify element property value successfully

2023-10-16 14:20:35 - [TEST_STEP][PASSED] - verifyElementPropertyValue(getResponse, "offers[2].groups[0].pricingPlans[0].pricingPlanData[0].dealId", "RE_50P_TUN"): Verify element property value successfully

2023-10-16 14:20:35 - [MESSAGE][PASSED] - Verify element property value successfully

2023-10-16 14:20:35 - [TEST_STEP][PASSED] - verifyElementPropertyValue(getResponse, "offers[2].groups[0].pricingPlans[0].pricingPlanData[0].allowedForAcquisition", "true"): Verify element property value successfully

2023-10-16 14:20:35 - [MESSAGE][PASSED] - Verify element property value successfully

2023-10-16 14:20:35 - [TEST_STEP][PASSED] - verifyElementPropertyValue(getResponse, "offers[2].groups[0].pricingPlans[0].pricingPlanData[0].visualElements[0].key", "title"): Verify element property value successfully

2023-10-16 14:20:35 - [MESSAGE][PASSED] - Verify element property value successfully

2023-10-16 14:20:35 - [TEST_STEP][PASSED] - verifyElementPropertyValue(getResponse, "offers[2].groups[0].pricingPlans[0].pricingPlanData[0].visualElements[0].value", "البطاقة المصرفية"): Verify element property value successfully

2023-10-16 14:20:35 - [MESSAGE][PASSED] - Verify element property value successfully

2023-10-16 14:20:35 - [TEST_STEP][PASSED] - verifyElementPropertyValue(getResponse, "offers[2].groups[0].pricingPlans[0].pricingPlanData[0].visualElements[1].key", "CTA_text"): Verify element property value successfully

2023-10-16 14:20:35 - [MESSAGE][PASSED] - Verify element property value successfully

2023-10-16 14:20:35 - [TEST_STEP][PASSED] - verifyElementPropertyValue(getResponse, "offers[2].groups[0].pricingPlans[0].pricingPlanData[0].visualElements[1].value", "اشترك"): Verify element property value successfully

2023-10-16 14:20:35 - [MESSAGE][PASSED] - Verify element property value successfully

2023-10-16 14:20:35 - [TEST_STEP][PASSED] - verifyElementPropertyValue(getResponse, "offers[2].groups[0].pricingPlans[0].pricingPlanData[0].visualElements[2].key", "logo"): Verify element property value successfully

2023-10-16 14:20:35 - [MESSAGE][PASSED] - Verify element property value successfully

2023-10-16 14:20:35 - [TEST_STEP][PASSED] - verifyElementPropertyValue(getResponse, "offers[2].groups[0].pricingPlans[0].pricingPlanData[0].visualElements[2].value", "https://static.s3.shahid.mbc.net/widget-images/icons/iconCreditCard.png"): Verify element property value successfully

2023-10-16 14:20:35 - [MESSAGE][PASSED] - Verify element property value successfully

2023-10-16 14:20:35 - [TEST_STEP][PASSED] - verifyElementPropertyValue(getResponse, "offers[8].offerId", "byg-30-offer"): Verify element property value successfully

2023-10-16 14:20:35 - [MESSAGE][PASSED] - Verify element property value successfully

2023-10-16 14:20:35 - [TEST_STEP][PASSED] - verifyElementPropertyValue(getResponse, "offers[8].offerParam", "bygoffer30"): Verify element property value successfully

2023-10-16 14:20:35 - [MESSAGE][PASSED] - Verify element property value successfully

2023-10-16 14:20:35 - [TEST_STEP][PASSED] - verifyElementPropertyValue(getResponse, "offers[8].groups[0].pricingPlans[0].featured", "true"): Verify element property value successfully

2023-10-16 14:20:35 - [MESSAGE][PASSED] - Verify element property value successfully

2023-10-16 14:20:35 - [TEST_STEP][PASSED] - verifyElementPropertyValue(getResponse, "offers[8].groups[0].pricingPlans[0].period", "monthly"): Verify element property value successfully

2023-10-16 14:20:36 - [MESSAGE][PASSED] - Verify element property value successfully

2023-10-16 14:20:36 - [TEST_STEP][PASSED] - verifyElementPropertyValue(getResponse, "offers[8].groups[0].pricingPlans[0].featured", "true"): Verify element property value successfully

2023-10-16 14:20:36 - [MESSAGE][PASSED] - Verify element property value successfully

2023-10-16 14:20:36 - [TEST_STEP][PASSED] - verifyElementPropertyValue(getResponse, "offers[8].groups[0].pricingPlans[0].price", "6.99"): Verify element property value successfully

2023-10-16 14:20:36 - [MESSAGE][PASSED] - Verify element property value successfully

2023-10-16 14:20:36 - [TEST_STEP][PASSED] - verifyElementPropertyValue(getResponse, "offers[8].groups[0].pricingPlans[0].currency", "TND"): Verify element property value successfully

2023-10-16 14:20:36 - [MESSAGE][PASSED] - Verify element property value successfully

2023-10-16 14:20:36 - [TEST_STEP][PASSED] - verifyElementPropertyValue(getResponse, "offers[8].groups[0].pricingPlans[0].order", "0"): Verify element property value successfully

2023-10-16 14:20:36 - [MESSAGE][PASSED] - Verify element property value successfully

2023-10-16 14:20:36 - [TEST_STEP][PASSED] - verifyElementPropertyValue(getResponse, "offers[8].groups[0].pricingPlans[0].packageId", "SHAHID_VIP"): Verify element property value successfully

2023-10-16 14:20:36 - [MESSAGE][PASSED] - Verify element property value successfully

2023-10-16 14:20:36 - [TEST_STEP][PASSED] - verifyElementPropertyValue(getResponse, "offers[8].groups[0].pricingPlans[0].catalogId", "VIP"): Verify element property value successfully

2023-10-16 14:20:36 - [MESSAGE][PASSED] - Verify element property value successfully

2023-10-16 14:20:36 - [TEST_STEP][PASSED] - verifyElementPropertyValue(getResponse, "offers[8].groups[0].pricingPlans[0].visualElements[0].key", "Header_1_text"): Verify element property value successfully

2023-10-16 14:20:36 - [MESSAGE][PASSED] - Verify element property value successfully

2023-10-16 14:20:36 - [TEST_STEP][PASSED] - verifyElementPropertyValue(getResponse, "offers[8].groups[0].pricingPlans[0].visualElements[0].value", "شاهد أقوى المسلسلات و الأفلام حصرياً دون توقف"): Verify element property value successfully

2023-10-16 14:20:36 - [MESSAGE][PASSED] - Verify element property value successfully

2023-10-16 14:20:36 - [TEST_STEP][PASSED] - verifyElementPropertyValue(getResponse, "offers[8].groups[0].pricingPlans[0].visualElements[1].key", "display_title"): Verify element property value successfully

2023-10-16 14:20:36 - [MESSAGE][PASSED] - Verify element property value successfully

2023-10-16 14:20:36 - [TEST_STEP][PASSED] - verifyElementPropertyValue(getResponse, "offers[8].groups[0].pricingPlans[0].visualElements[1].value", "احصل على خصم 30%"): Verify element property value successfully

2023-10-16 14:20:36 - [MESSAGE][PASSED] - Verify element property value successfully

2023-10-16 14:20:36 - [TEST_STEP][PASSED] - verifyElementPropertyValue(getResponse, "offers[8].groups[0].pricingPlans[0].visualElements[3].key", "deduction_text"): Verify element property value successfully

2023-10-16 14:20:36 - [MESSAGE][PASSED] - Verify element property value successfully

2023-10-16 14:20:36 - [TEST_STEP][PASSED] - verifyElementPropertyValue(getResponse, "offers[8].groups[0].pricingPlans[0].visualElements[3].value", "تدفع شهرياً"): Verify element property value successfully

2023-10-16 14:20:36 - [MESSAGE][PASSED] - Verify element property value successfully

2023-10-16 14:20:36 - [TEST_STEP][PASSED] - verifyElementPropertyValue(getResponse, "offers[8].groups[0].pricingPlans[0].visualElements[6].key", "show_payment_logo"): Verify element property value successfully

2023-10-16 14:20:36 - [MESSAGE][PASSED] - Verify element property value successfully

2023-10-16 14:20:36 - [TEST_STEP][PASSED] - verifyElementPropertyValue(getResponse, "offers[8].groups[0].pricingPlans[0].visualElements[6].value", "true"): Verify element property value successfully

2023-10-16 14:20:36 - [MESSAGE][PASSED] - Verify element property value successfully

2023-10-16 14:20:36 - [TEST_STEP][PASSED] - verifyElementPropertyValue(getResponse, "offers[8].groups[0].pricingPlans[0].visualElements[8].key", "price"): Verify element property value successfully

2023-10-16 14:20:36 - [MESSAGE][PASSED] - Verify element property value successfully

2023-10-16 14:20:36 - [TEST_STEP][PASSED] - verifyElementPropertyValue(getResponse, "offers[8].groups[0].pricingPlans[0].visualElements[8].value", "6.99"): Verify element property value successfully

2023-10-16 14:20:36 - [MESSAGE][PASSED] - Verify element property value successfully

2023-10-16 14:20:36 - [TEST_STEP][PASSED] - verifyElementPropertyValue(getResponse, "offers[8].groups[0].pricingPlans[0].visualElements[9].key", "currency"): Verify element property value successfully

2023-10-16 14:20:36 - [MESSAGE][PASSED] - Verify element property value successfully

2023-10-16 14:20:36 - [TEST_STEP][PASSED] - verifyElementPropertyValue(getResponse, "offers[8].groups[0].pricingPlans[0].visualElements[9].value", "TND"): Verify element property value successfully

2023-10-16 14:20:36 - [MESSAGE][PASSED] - Verify element property value successfully

2023-10-16 14:20:36 - [TEST_STEP][PASSED] - verifyElementPropertyValue(getResponse, "offers[8].groups[0].pricingPlans[0].visualElements[10].key", "duration"): Verify element property value successfully

2023-10-16 14:20:36 - [MESSAGE][PASSED] - Verify element property value successfully

2023-10-16 14:20:36 - [TEST_STEP][PASSED] - verifyElementPropertyValue(getResponse, "offers[8].groups[0].pricingPlans[0].visualElements[10].value", "شهرياً"): Verify element property value successfully

2023-10-16 14:20:36 - [MESSAGE][PASSED] - Verify element property value successfully

2023-10-16 14:20:36 - [TEST_STEP][PASSED] - verifyElementPropertyValue(getResponse, "offers[8].groups[0].pricingPlans[0].visualElements[11].key", "featured_tag_text"): Verify element property value successfully

2023-10-16 14:20:36 - [MESSAGE][PASSED] - Verify element property value successfully

2023-10-16 14:20:36 - [TEST_STEP][PASSED] - verifyElementPropertyValue(getResponse, "offers[8].groups[0].pricingPlans[0].visualElements[11].value", "عرض لمدة محدودة"): Verify element property value successfully

2023-10-16 14:20:36 - [MESSAGE][PASSED] - Verify element property value successfully

2023-10-16 14:20:36 - [TEST_STEP][PASSED] - verifyElementPropertyValue(getResponse, "offers[8].groups[0].pricingPlans[0].visualElements[13].key", "tag_text"): Verify element property value successfully

2023-10-16 14:20:36 - [MESSAGE][PASSED] - Verify element property value successfully

2023-10-16 14:20:36 - [TEST_STEP][PASSED] - verifyElementPropertyValue(getResponse, "offers[8].groups[0].pricingPlans[0].visualElements[13].value", "وفر 30%"): Verify element property value successfully

2023-10-16 14:20:36 - [MESSAGE][PASSED] - Verify element property value successfully

2023-10-16 14:20:36 - [TEST_STEP][PASSED] - verifyElementPropertyValue(getResponse, "offers[8].groups[0].pricingPlans[0].visualElements[12].key", "show_tag"): Verify element property value successfully

2023-10-16 14:20:36 - [MESSAGE][PASSED] - Verify element property value successfully

2023-10-16 14:20:36 - [TEST_STEP][PASSED] - verifyElementPropertyValue(getResponse, "offers[8].groups[0].pricingPlans[0].visualElements[12].value", "true"): Verify element property value successfully

2023-10-16 14:20:36 - [MESSAGE][PASSED] - Verify element property value successfully

2023-10-16 14:20:36 - [TEST_STEP][PASSED] - verifyElementPropertyValue(getResponse, "offers[8].groups[0].pricingPlans[0].pricingPlanData[0].productId", "TUN_B2C_SHAHID_VIP_1M"): Verify element property value successfully

2023-10-16 14:20:36 - [MESSAGE][PASSED] - Verify element property value successfully

2023-10-16 14:20:36 - [TEST_STEP][PASSED] - verifyElementPropertyValue(getResponse, "offers[8].groups[0].pricingPlans[0].pricingPlanData[0].paymentMethod", "CREDIT_CARD"): Verify element property value successfully

2023-10-16 14:20:36 - [MESSAGE][PASSED] - Verify element property value successfully

2023-10-16 14:20:36 - [TEST_STEP][PASSED] - verifyElementPropertyValue(getResponse, "offers[8].groups[0].pricingPlans[0].pricingPlanData[0].freeTrialEnabled", "false"): Verify element property value successfully

2023-10-16 14:20:36 - [MESSAGE][PASSED] - Verify element property value successfully

2023-10-16 14:20:36 - [TEST_STEP][PASSED] - verifyElementPropertyValue(getResponse, "offers[8].groups[0].pricingPlans[0].pricingPlanData[0].showIn[0]", "VERTICAL_MODE"): Verify element property value successfully

2023-10-16 14:20:36 - [MESSAGE][PASSED] - Verify element property value successfully

2023-10-16 14:20:36 - [TEST_STEP][PASSED] - verifyElementPropertyValue(getResponse, "offers[8].groups[0].pricingPlans[0].pricingPlanData[0].showIn[1]", "HORIZONTAL_MODE"): Verify element property value successfully

2023-10-16 14:20:36 - [MESSAGE][PASSED] - Verify element property value successfully

2023-10-16 14:20:36 - [TEST_STEP][PASSED] - verifyElementPropertyValue(getResponse, "offers[8].groups[0].pricingPlans[0].pricingPlanData[0].priceLabel", "6.99"): Verify element property value successfully

2023-10-16 14:20:36 - [MESSAGE][PASSED] - Verify element property value successfully

2023-10-16 14:20:36 - [TEST_STEP][PASSED] - verifyElementPropertyValue(getResponse, "offers[8].groups[0].pricingPlans[0].pricingPlanData[0].currencyLabel", "TND"): Verify element property value successfully

2023-10-16 14:20:36 - [MESSAGE][PASSED] - Verify element property value successfully

2023-10-16 14:20:36 - [TEST_STEP][PASSED] - verifyElementPropertyValue(getResponse, "offers[8].groups[0].pricingPlans[0].pricingPlanData[0].dealId", "BYG_30P_TUN"): Verify element property value successfully

2023-10-16 14:20:36 - [MESSAGE][PASSED] - Verify element property value successfully

2023-10-16 14:20:36 - [TEST_STEP][PASSED] - verifyElementPropertyValue(getResponse, "offers[8].groups[0].pricingPlans[0].pricingPlanData[0].allowedForAcquisition", "true"): Verify element property value successfully

2023-10-16 14:20:36 - [MESSAGE][PASSED] - Verify element property value successfully

2023-10-16 14:20:36 - [TEST_STEP][PASSED] - verifyElementPropertyValue(getResponse, "offers[8].groups[0].pricingPlans[0].pricingPlanData[0].visualElements[0].key", "title"): Verify element property value successfully

2023-10-16 14:20:36 - [MESSAGE][PASSED] - Verify element property value successfully

2023-10-16 14:20:36 - [TEST_STEP][PASSED] - verifyElementPropertyValue(getResponse, "offers[8].groups[0].pricingPlans[0].pricingPlanData[0].visualElements[0].value", "البطاقة المصرفية"): Verify element property value successfully

2023-10-16 14:20:36 - [MESSAGE][PASSED] - Verify element property value successfully

2023-10-16 14:20:36 - [TEST_STEP][PASSED] - verifyElementPropertyValue(getResponse, "offers[8].groups[0].pricingPlans[0].pricingPlanData[0].visualElements[1].key", "CTA_text"): Verify element property value successfully

2023-10-16 14:20:36 - [MESSAGE][PASSED] - Verify element property value successfully

2023-10-16 14:20:36 - [TEST_STEP][PASSED] - verifyElementPropertyValue(getResponse, "offers[8].groups[0].pricingPlans[0].pricingPlanData[0].visualElements[1].value", "اشترك"): Verify element property value successfully

2023-10-16 14:20:36 - [MESSAGE][PASSED] - Verify element property value successfully

2023-10-16 14:20:36 - [TEST_STEP][PASSED] - verifyElementPropertyValue(getResponse, "offers[8].groups[0].pricingPlans[0].pricingPlanData[0].visualElements[2].key", "logo"): Verify element property value successfully

2023-10-16 14:20:36 - [MESSAGE][PASSED] - Verify element property value successfully

2023-10-16 14:20:36 - [TEST_STEP][PASSED] - verifyElementPropertyValue(getResponse, "offers[8].groups[0].pricingPlans[0].pricingPlanData[0].visualElements[2].value", "https://static.s3.shahid.mbc.net/widget-images/icons/iconCreditCard.png"): Verify element property value successfully

2023-10-16 14:20:36 - [MESSAGE][PASSED] - Verify element property value successfully

2023-10-16 14:20:36 - [TEST_STEP][PASSED] - verifyElementPropertyValue(getResponse, "offers[9].offerId", "byg-40-offer"): Verify element property value successfully

2023-10-16 14:20:36 - [MESSAGE][PASSED] - Verify element property value successfully

2023-10-16 14:20:36 - [TEST_STEP][PASSED] - verifyElementPropertyValue(getResponse, "offers[9].offerParam", "bygoffer40"): Verify element property value successfully

2023-10-16 14:20:36 - [MESSAGE][PASSED] - Verify element property value successfully

2023-10-16 14:20:36 - [TEST_STEP][PASSED] - verifyElementPropertyValue(getResponse, "offers[9].groups[0].pricingPlans[0].featured", "true"): Verify element property value successfully

2023-10-16 14:20:36 - [MESSAGE][PASSED] - Verify element property value successfully

2023-10-16 14:20:36 - [TEST_STEP][PASSED] - verifyElementPropertyValue(getResponse, "offers[9].groups[0].pricingPlans[0].period", "monthly"): Verify element property value successfully

2023-10-16 14:20:36 - [MESSAGE][PASSED] - Verify element property value successfully

2023-10-16 14:20:36 - [TEST_STEP][PASSED] - verifyElementPropertyValue(getResponse, "offers[9].groups[0].pricingPlans[0].featured", "true"): Verify element property value successfully

2023-10-16 14:20:36 - [MESSAGE][PASSED] - Verify element property value successfully

2023-10-16 14:20:36 - [TEST_STEP][PASSED] - verifyElementPropertyValue(getResponse, "offers[9].groups[0].pricingPlans[0].price", "5.99"): Verify element property value successfully

2023-10-16 14:20:36 - [MESSAGE][PASSED] - Verify element property value successfully

2023-10-16 14:20:36 - [TEST_STEP][PASSED] - verifyElementPropertyValue(getResponse, "offers[9].groups[0].pricingPlans[0].currency", "TND"): Verify element property value successfully

2023-10-16 14:20:36 - [MESSAGE][PASSED] - Verify element property value successfully

2023-10-16 14:20:36 - [TEST_STEP][PASSED] - verifyElementPropertyValue(getResponse, "offers[9].groups[0].pricingPlans[0].order", "0"): Verify element property value successfully

2023-10-16 14:20:36 - [MESSAGE][PASSED] - Verify element property value successfully

2023-10-16 14:20:36 - [TEST_STEP][PASSED] - verifyElementPropertyValue(getResponse, "offers[9].groups[0].pricingPlans[0].packageId", "SHAHID_VIP"): Verify element property value successfully

2023-10-16 14:20:36 - [MESSAGE][PASSED] - Verify element property value successfully

2023-10-16 14:20:36 - [TEST_STEP][PASSED] - verifyElementPropertyValue(getResponse, "offers[9].groups[0].pricingPlans[0].catalogId", "VIP"): Verify element property value successfully

2023-10-16 14:20:36 - [MESSAGE][PASSED] - Verify element property value successfully

2023-10-16 14:20:36 - [TEST_STEP][PASSED] - verifyElementPropertyValue(getResponse, "offers[9].groups[0].pricingPlans[0].visualElements[0].key", "Header_1_text"): Verify element property value successfully

2023-10-16 14:20:36 - [MESSAGE][PASSED] - Verify element property value successfully

2023-10-16 14:20:36 - [TEST_STEP][PASSED] - verifyElementPropertyValue(getResponse, "offers[9].groups[0].pricingPlans[0].visualElements[0].value", "شاهد أقوى المسلسلات و الأفلام حصرياً دون توقف"): Verify element property value successfully

2023-10-16 14:20:36 - [MESSAGE][PASSED] - Verify element property value successfully

2023-10-16 14:20:36 - [TEST_STEP][PASSED] - verifyElementPropertyValue(getResponse, "offers[9].groups[0].pricingPlans[0].visualElements[1].key", "display_title"): Verify element property value successfully

2023-10-16 14:20:36 - [MESSAGE][PASSED] - Verify element property value successfully

2023-10-16 14:20:36 - [TEST_STEP][PASSED] - verifyElementPropertyValue(getResponse, "offers[9].groups[0].pricingPlans[0].visualElements[1].value", "احصل على خصم 40%"): Verify element property value successfully

2023-10-16 14:20:36 - [MESSAGE][PASSED] - Verify element property value successfully

2023-10-16 14:20:36 - [TEST_STEP][PASSED] - verifyElementPropertyValue(getResponse, "offers[9].groups[0].pricingPlans[0].visualElements[3].key", "deduction_text"): Verify element property value successfully

2023-10-16 14:20:36 - [MESSAGE][PASSED] - Verify element property value successfully

2023-10-16 14:20:36 - [TEST_STEP][PASSED] - verifyElementPropertyValue(getResponse, "offers[9].groups[0].pricingPlans[0].visualElements[3].value", "تدفع شهرياً"): Verify element property value successfully

2023-10-16 14:20:36 - [MESSAGE][PASSED] - Verify element property value successfully

2023-10-16 14:20:36 - [TEST_STEP][PASSED] - verifyElementPropertyValue(getResponse, "offers[9].groups[0].pricingPlans[0].visualElements[6].key", "show_payment_logo"): Verify element property value successfully

2023-10-16 14:20:36 - [MESSAGE][PASSED] - Verify element property value successfully

2023-10-16 14:20:36 - [TEST_STEP][PASSED] - verifyElementPropertyValue(getResponse, "offers[9].groups[0].pricingPlans[0].visualElements[6].value", "true"): Verify element property value successfully

2023-10-16 14:20:36 - [MESSAGE][PASSED] - Verify element property value successfully

2023-10-16 14:20:36 - [TEST_STEP][PASSED] - verifyElementPropertyValue(getResponse, "offers[9].groups[0].pricingPlans[0].visualElements[8].key", "price"): Verify element property value successfully

2023-10-16 14:20:36 - [MESSAGE][PASSED] - Verify element property value successfully

2023-10-16 14:20:36 - [TEST_STEP][PASSED] - verifyElementPropertyValue(getResponse, "offers[9].groups[0].pricingPlans[0].visualElements[8].value", "5.99"): Verify element property value successfully

2023-10-16 14:20:36 - [MESSAGE][PASSED] - Verify element property value successfully

2023-10-16 14:20:36 - [TEST_STEP][PASSED] - verifyElementPropertyValue(getResponse, "offers[9].groups[0].pricingPlans[0].visualElements[9].key", "currency"): Verify element property value successfully

2023-10-16 14:20:36 - [MESSAGE][PASSED] - Verify element property value successfully

2023-10-16 14:20:36 - [TEST_STEP][PASSED] - verifyElementPropertyValue(getResponse, "offers[9].groups[0].pricingPlans[0].visualElements[9].value", "TND"): Verify element property value successfully

2023-10-16 14:20:36 - [MESSAGE][PASSED] - Verify element property value successfully

2023-10-16 14:20:36 - [TEST_STEP][PASSED] - verifyElementPropertyValue(getResponse, "offers[9].groups[0].pricingPlans[0].visualElements[10].key", "duration"): Verify element property value successfully

2023-10-16 14:20:36 - [MESSAGE][PASSED] - Verify element property value successfully

2023-10-16 14:20:36 - [TEST_STEP][PASSED] - verifyElementPropertyValue(getResponse, "offers[9].groups[0].pricingPlans[0].visualElements[10].value", "شهرياً"): Verify element property value successfully

2023-10-16 14:20:36 - [MESSAGE][PASSED] - Verify element property value successfully

2023-10-16 14:20:36 - [TEST_STEP][PASSED] - verifyElementPropertyValue(getResponse, "offers[9].groups[0].pricingPlans[0].visualElements[11].key", "featured_tag_text"): Verify element property value successfully

2023-10-16 14:20:36 - [MESSAGE][PASSED] - Verify element property value successfully

2023-10-16 14:20:36 - [TEST_STEP][PASSED] - verifyElementPropertyValue(getResponse, "offers[9].groups[0].pricingPlans[0].visualElements[11].value", "عرض لمدة محدودة"): Verify element property value successfully

2023-10-16 14:20:36 - [MESSAGE][PASSED] - Verify element property value successfully

2023-10-16 14:20:36 - [TEST_STEP][PASSED] - verifyElementPropertyValue(getResponse, "offers[9].groups[0].pricingPlans[0].visualElements[13].key", "tag_text"): Verify element property value successfully

2023-10-16 14:20:36 - [MESSAGE][PASSED] - Verify element property value successfully

2023-10-16 14:20:36 - [TEST_STEP][PASSED] - verifyElementPropertyValue(getResponse, "offers[9].groups[0].pricingPlans[0].visualElements[13].value", "وفر 40%"): Verify element property value successfully

2023-10-16 14:20:36 - [MESSAGE][PASSED] - Verify element property value successfully

2023-10-16 14:20:36 - [TEST_STEP][PASSED] - verifyElementPropertyValue(getResponse, "offers[9].groups[0].pricingPlans[0].visualElements[12].key", "show_tag"): Verify element property value successfully

2023-10-16 14:20:36 - [MESSAGE][PASSED] - Verify element property value successfully

2023-10-16 14:20:36 - [TEST_STEP][PASSED] - verifyElementPropertyValue(getResponse, "offers[9].groups[0].pricingPlans[0].visualElements[12].value", "true"): Verify element property value successfully

2023-10-16 14:20:36 - [MESSAGE][PASSED] - Verify element property value successfully

2023-10-16 14:20:36 - [TEST_STEP][PASSED] - verifyElementPropertyValue(getResponse, "offers[9].groups[0].pricingPlans[0].pricingPlanData[0].productId", "TUN_B2C_SHAHID_VIP_1M"): Verify element property value successfully

2023-10-16 14:20:36 - [MESSAGE][PASSED] - Verify element property value successfully

2023-10-16 14:20:36 - [TEST_STEP][PASSED] - verifyElementPropertyValue(getResponse, "offers[9].groups[0].pricingPlans[0].pricingPlanData[0].paymentMethod", "CREDIT_CARD"): Verify element property value successfully

2023-10-16 14:20:36 - [MESSAGE][PASSED] - Verify element property value successfully

2023-10-16 14:20:36 - [TEST_STEP][PASSED] - verifyElementPropertyValue(getResponse, "offers[9].groups[0].pricingPlans[0].pricingPlanData[0].freeTrialEnabled", "false"): Verify element property value successfully

2023-10-16 14:20:36 - [MESSAGE][PASSED] - Verify element property value successfully

2023-10-16 14:20:36 - [TEST_STEP][PASSED] - verifyElementPropertyValue(getResponse, "offers[9].groups[0].pricingPlans[0].pricingPlanData[0].showIn[0]", "VERTICAL_MODE"): Verify element property value successfully

2023-10-16 14:20:36 - [MESSAGE][PASSED] - Verify element property value successfully

2023-10-16 14:20:36 - [TEST_STEP][PASSED] - verifyElementPropertyValue(getResponse, "offers[9].groups[0].pricingPlans[0].pricingPlanData[0].showIn[1]", "HORIZONTAL_MODE"): Verify element property value successfully

2023-10-16 14:20:36 - [MESSAGE][PASSED] - Verify element property value successfully

2023-10-16 14:20:36 - [TEST_STEP][PASSED] - verifyElementPropertyValue(getResponse, "offers[9].groups[0].pricingPlans[0].pricingPlanData[0].priceLabel", "5.99"): Verify element property value successfully

2023-10-16 14:20:36 - [MESSAGE][PASSED] - Verify element property value successfully

2023-10-16 14:20:36 - [TEST_STEP][PASSED] - verifyElementPropertyValue(getResponse, "offers[9].groups[0].pricingPlans[0].pricingPlanData[0].currencyLabel", "TND"): Verify element property value successfully

2023-10-16 14:20:36 - [MESSAGE][PASSED] - Verify element property value successfully

2023-10-16 14:20:36 - [TEST_STEP][PASSED] - verifyElementPropertyValue(getResponse, "offers[9].groups[0].pricingPlans[0].pricingPlanData[0].dealId", "BYG_40P_TUN"): Verify element property value successfully

2023-10-16 14:20:36 - [MESSAGE][PASSED] - Verify element property value successfully

2023-10-16 14:20:36 - [TEST_STEP][PASSED] - verifyElementPropertyValue(getResponse, "offers[9].groups[0].pricingPlans[0].pricingPlanData[0].allowedForAcquisition", "true"): Verify element property value successfully

2023-10-16 14:20:36 - [MESSAGE][PASSED] - Verify element property value successfully

2023-10-16 14:20:36 - [TEST_STEP][PASSED] - verifyElementPropertyValue(getResponse, "offers[9].groups[0].pricingPlans[0].pricingPlanData[0].visualElements[0].key", "title"): Verify element property value successfully

2023-10-16 14:20:36 - [MESSAGE][PASSED] - Verify element property value successfully

2023-10-16 14:20:36 - [TEST_STEP][PASSED] - verifyElementPropertyValue(getResponse, "offers[9].groups[0].pricingPlans[0].pricingPlanData[0].visualElements[0].value", "البطاقة المصرفية"): Verify element property value successfully

2023-10-16 14:20:36 - [MESSAGE][PASSED] - Verify element property value successfully

2023-10-16 14:20:36 - [TEST_STEP][PASSED] - verifyElementPropertyValue(getResponse, "offers[9].groups[0].pricingPlans[0].pricingPlanData[0].visualElements[1].key", "CTA_text"): Verify element property value successfully

2023-10-16 14:20:36 - [MESSAGE][PASSED] - Verify element property value successfully

2023-10-16 14:20:36 - [TEST_STEP][PASSED] - verifyElementPropertyValue(getResponse, "offers[9].groups[0].pricingPlans[0].pricingPlanData[0].visualElements[1].value", "اشترك"): Verify element property value successfully

2023-10-16 14:20:36 - [MESSAGE][PASSED] - Verify element property value successfully

2023-10-16 14:20:36 - [TEST_STEP][PASSED] - verifyElementPropertyValue(getResponse, "offers[9].groups[0].pricingPlans[0].pricingPlanData[0].visualElements[2].key", "logo"): Verify element property value successfully

2023-10-16 14:20:36 - [MESSAGE][PASSED] - Verify element property value successfully

2023-10-16 14:20:36 - [TEST_STEP][PASSED] - verifyElementPropertyValue(getResponse, "offers[9].groups[0].pricingPlans[0].pricingPlanData[0].visualElements[2].value", "https://static.s3.shahid.mbc.net/widget-images/icons/iconCreditCard.png"): Verify element property value successfully

2023-10-16 14:20:36 - [MESSAGE][PASSED] - Verify element property value successfully

2023-10-16 14:20:36 - [TEST_STEP][PASSED] - verifyElementPropertyValue(getResponse, "offers[10].offerId", "byg-50-offer"): Verify element property value successfully

2023-10-16 14:20:36 - [MESSAGE][PASSED] - Verify element property value successfully

2023-10-16 14:20:36 - [TEST_STEP][PASSED] - verifyElementPropertyValue(getResponse, "offers[10].offerParam", "bygoffer50"): Verify element property value successfully

2023-10-16 14:20:36 - [MESSAGE][PASSED] - Verify element property value successfully

2023-10-16 14:20:36 - [TEST_STEP][PASSED] - verifyElementPropertyValue(getResponse, "offers[10].groups[0].pricingPlans[0].featured", "true"): Verify element property value successfully

2023-10-16 14:20:36 - [MESSAGE][PASSED] - Verify element property value successfully

2023-10-16 14:20:36 - [TEST_STEP][PASSED] - verifyElementPropertyValue(getResponse, "offers[10].groups[0].pricingPlans[0].period", "monthly"): Verify element property value successfully

2023-10-16 14:20:36 - [MESSAGE][PASSED] - Verify element property value successfully

2023-10-16 14:20:36 - [TEST_STEP][PASSED] - verifyElementPropertyValue(getResponse, "offers[10].groups[0].pricingPlans[0].featured", "true"): Verify element property value successfully

2023-10-16 14:20:36 - [MESSAGE][PASSED] - Verify element property value successfully

2023-10-16 14:20:36 - [TEST_STEP][PASSED] - verifyElementPropertyValue(getResponse, "offers[10].groups[0].pricingPlans[0].price", "4.99"): Verify element property value successfully

2023-10-16 14:20:36 - [MESSAGE][PASSED] - Verify element property value successfully

2023-10-16 14:20:36 - [TEST_STEP][PASSED] - verifyElementPropertyValue(getResponse, "offers[10].groups[0].pricingPlans[0].currency", "TND"): Verify element property value successfully

2023-10-16 14:20:36 - [MESSAGE][PASSED] - Verify element property value successfully

2023-10-16 14:20:36 - [TEST_STEP][PASSED] - verifyElementPropertyValue(getResponse, "offers[10].groups[0].pricingPlans[0].order", "0"): Verify element property value successfully

2023-10-16 14:20:37 - [MESSAGE][PASSED] - Verify element property value successfully

2023-10-16 14:20:37 - [TEST_STEP][PASSED] - verifyElementPropertyValue(getResponse, "offers[10].groups[0].pricingPlans[0].packageId", "SHAHID_VIP"): Verify element property value successfully

2023-10-16 14:20:37 - [MESSAGE][PASSED] - Verify element property value successfully

2023-10-16 14:20:37 - [TEST_STEP][PASSED] - verifyElementPropertyValue(getResponse, "offers[10].groups[0].pricingPlans[0].catalogId", "VIP"): Verify element property value successfully

2023-10-16 14:20:37 - [MESSAGE][PASSED] - Verify element property value successfully

2023-10-16 14:20:37 - [TEST_STEP][PASSED] - verifyElementPropertyValue(getResponse, "offers[10].groups[0].pricingPlans[0].visualElements[0].key", "Header_1_text"): Verify element property value successfully

2023-10-16 14:20:37 - [MESSAGE][PASSED] - Verify element property value successfully

2023-10-16 14:20:37 - [TEST_STEP][PASSED] - verifyElementPropertyValue(getResponse, "offers[10].groups[0].pricingPlans[0].visualElements[0].value", "شاهد أقوى المسلسلات و الأفلام حصرياً دون توقف"): Verify element property value successfully

2023-10-16 14:20:37 - [MESSAGE][PASSED] - Verify element property value successfully

2023-10-16 14:20:37 - [TEST_STEP][PASSED] - verifyElementPropertyValue(getResponse, "offers[10].groups[0].pricingPlans[0].visualElements[1].key", "display_title"): Verify element property value successfully

2023-10-16 14:20:37 - [MESSAGE][PASSED] - Verify element property value successfully

2023-10-16 14:20:37 - [TEST_STEP][PASSED] - verifyElementPropertyValue(getResponse, "offers[10].groups[0].pricingPlans[0].visualElements[1].value", "احصل على خصم 50%"): Verify element property value successfully

2023-10-16 14:20:37 - [MESSAGE][PASSED] - Verify element property value successfully

2023-10-16 14:20:37 - [TEST_STEP][PASSED] - verifyElementPropertyValue(getResponse, "offers[10].groups[0].pricingPlans[0].visualElements[3].key", "deduction_text"): Verify element property value successfully

2023-10-16 14:20:37 - [MESSAGE][PASSED] - Verify element property value successfully

2023-10-16 14:20:37 - [TEST_STEP][PASSED] - verifyElementPropertyValue(getResponse, "offers[10].groups[0].pricingPlans[0].visualElements[3].value", "تدفع شهرياً"): Verify element property value successfully

2023-10-16 14:20:37 - [MESSAGE][PASSED] - Verify element property value successfully

2023-10-16 14:20:37 - [TEST_STEP][PASSED] - verifyElementPropertyValue(getResponse, "offers[10].groups[0].pricingPlans[0].visualElements[6].key", "show_payment_logo"): Verify element property value successfully

2023-10-16 14:20:37 - [MESSAGE][PASSED] - Verify element property value successfully

2023-10-16 14:20:37 - [TEST_STEP][PASSED] - verifyElementPropertyValue(getResponse, "offers[10].groups[0].pricingPlans[0].visualElements[6].value", "true"): Verify element property value successfully

2023-10-16 14:20:37 - [MESSAGE][PASSED] - Verify element property value successfully

2023-10-16 14:20:37 - [TEST_STEP][PASSED] - verifyElementPropertyValue(getResponse, "offers[10].groups[0].pricingPlans[0].visualElements[8].key", "price"): Verify element property value successfully

2023-10-16 14:20:37 - [MESSAGE][PASSED] - Verify element property value successfully

2023-10-16 14:20:37 - [TEST_STEP][PASSED] - verifyElementPropertyValue(getResponse, "offers[10].groups[0].pricingPlans[0].visualElements[8].value", "4.99"): Verify element property value successfully

2023-10-16 14:20:37 - [MESSAGE][PASSED] - Verify element property value successfully

2023-10-16 14:20:37 - [TEST_STEP][PASSED] - verifyElementPropertyValue(getResponse, "offers[10].groups[0].pricingPlans[0].visualElements[9].key", "currency"): Verify element property value successfully

2023-10-16 14:20:37 - [MESSAGE][PASSED] - Verify element property value successfully

2023-10-16 14:20:37 - [TEST_STEP][PASSED] - verifyElementPropertyValue(getResponse, "offers[10].groups[0].pricingPlans[0].visualElements[9].value", "TND"): Verify element property value successfully

2023-10-16 14:20:37 - [MESSAGE][PASSED] - Verify element property value successfully

2023-10-16 14:20:37 - [TEST_STEP][PASSED] - verifyElementPropertyValue(getResponse, "offers[10].groups[0].pricingPlans[0].visualElements[10].key", "duration"): Verify element property value successfully

2023-10-16 14:20:37 - [MESSAGE][PASSED] - Verify element property value successfully

2023-10-16 14:20:37 - [TEST_STEP][PASSED] - verifyElementPropertyValue(getResponse, "offers[10].groups[0].pricingPlans[0].visualElements[10].value", "شهرياً"): Verify element property value successfully

2023-10-16 14:20:37 - [MESSAGE][PASSED] - Verify element property value successfully

2023-10-16 14:20:37 - [TEST_STEP][PASSED] - verifyElementPropertyValue(getResponse, "offers[10].groups[0].pricingPlans[0].visualElements[11].key", "featured_tag_text"): Verify element property value successfully

2023-10-16 14:20:37 - [MESSAGE][PASSED] - Verify element property value successfully

2023-10-16 14:20:37 - [TEST_STEP][PASSED] - verifyElementPropertyValue(getResponse, "offers[10].groups[0].pricingPlans[0].visualElements[11].value", "عرض لمدة محدودة"): Verify element property value successfully

2023-10-16 14:20:37 - [MESSAGE][PASSED] - Verify element property value successfully

2023-10-16 14:20:37 - [TEST_STEP][PASSED] - verifyElementPropertyValue(getResponse, "offers[10].groups[0].pricingPlans[0].visualElements[13].key", "tag_text"): Verify element property value successfully

2023-10-16 14:20:37 - [MESSAGE][PASSED] - Verify element property value successfully

2023-10-16 14:20:37 - [TEST_STEP][PASSED] - verifyElementPropertyValue(getResponse, "offers[10].groups[0].pricingPlans[0].visualElements[13].value", "وفر 50%"): Verify element property value successfully

2023-10-16 14:20:37 - [MESSAGE][PASSED] - Verify element property value successfully

2023-10-16 14:20:37 - [TEST_STEP][PASSED] - verifyElementPropertyValue(getResponse, "offers[10].groups[0].pricingPlans[0].visualElements[12].key", "show_tag"): Verify element property value successfully

2023-10-16 14:20:37 - [MESSAGE][PASSED] - Verify element property value successfully

2023-10-16 14:20:37 - [TEST_STEP][PASSED] - verifyElementPropertyValue(getResponse, "offers[10].groups[0].pricingPlans[0].visualElements[12].value", "true"): Verify element property value successfully

2023-10-16 14:20:37 - [MESSAGE][PASSED] - Verify element property value successfully

2023-10-16 14:20:37 - [TEST_STEP][PASSED] - verifyElementPropertyValue(getResponse, "offers[10].groups[0].pricingPlans[0].pricingPlanData[0].productId", "TUN_B2C_SHAHID_VIP_1M"): Verify element property value successfully

2023-10-16 14:20:37 - [MESSAGE][PASSED] - Verify element property value successfully

2023-10-16 14:20:37 - [TEST_STEP][PASSED] - verifyElementPropertyValue(getResponse, "offers[10].groups[0].pricingPlans[0].pricingPlanData[0].paymentMethod", "CREDIT_CARD"): Verify element property value successfully

2023-10-16 14:20:37 - [MESSAGE][PASSED] - Verify element property value successfully

2023-10-16 14:20:37 - [TEST_STEP][PASSED] - verifyElementPropertyValue(getResponse, "offers[10].groups[0].pricingPlans[0].pricingPlanData[0].freeTrialEnabled", "false"): Verify element property value successfully

2023-10-16 14:20:37 - [MESSAGE][PASSED] - Verify element property value successfully

2023-10-16 14:20:37 - [TEST_STEP][PASSED] - verifyElementPropertyValue(getResponse, "offers[10].groups[0].pricingPlans[0].pricingPlanData[0].showIn[0]", "VERTICAL_MODE"): Verify element property value successfully

2023-10-16 14:20:37 - [MESSAGE][PASSED] - Verify element property value successfully

2023-10-16 14:20:37 - [TEST_STEP][PASSED] - verifyElementPropertyValue(getResponse, "offers[10].groups[0].pricingPlans[0].pricingPlanData[0].showIn[1]", "HORIZONTAL_MODE"): Verify element property value successfully

2023-10-16 14:20:37 - [MESSAGE][PASSED] - Verify element property value successfully

2023-10-16 14:20:37 - [TEST_STEP][PASSED] - verifyElementPropertyValue(getResponse, "offers[10].groups[0].pricingPlans[0].pricingPlanData[0].priceLabel", "4.99"): Verify element property value successfully

2023-10-16 14:20:37 - [MESSAGE][PASSED] - Verify element property value successfully

2023-10-16 14:20:37 - [TEST_STEP][PASSED] - verifyElementPropertyValue(getResponse, "offers[10].groups[0].pricingPlans[0].pricingPlanData[0].currencyLabel", "TND"): Verify element property value successfully

2023-10-16 14:20:37 - [MESSAGE][PASSED] - Verify element property value successfully

2023-10-16 14:20:37 - [TEST_STEP][PASSED] - verifyElementPropertyValue(getResponse, "offers[10].groups[0].pricingPlans[0].pricingPlanData[0].dealId", "BYG_50P_TUN"): Verify element property value successfully

2023-10-16 14:20:37 - [MESSAGE][PASSED] - Verify element property value successfully

2023-10-16 14:20:37 - [TEST_STEP][PASSED] - verifyElementPropertyValue(getResponse, "offers[10].groups[0].pricingPlans[0].pricingPlanData[0].allowedForAcquisition", "true"): Verify element property value successfully

2023-10-16 14:20:37 - [MESSAGE][PASSED] - Verify element property value successfully

2023-10-16 14:20:37 - [TEST_STEP][PASSED] - verifyElementPropertyValue(getResponse, "offers[10].groups[0].pricingPlans[0].pricingPlanData[0].visualElements[0].key", "title"): Verify element property value successfully

2023-10-16 14:20:37 - [MESSAGE][PASSED] - Verify element property value successfully

2023-10-16 14:20:37 - [TEST_STEP][PASSED] - verifyElementPropertyValue(getResponse, "offers[10].groups[0].pricingPlans[0].pricingPlanData[0].visualElements[0].value", "البطاقة المصرفية"): Verify element property value successfully

2023-10-16 14:20:37 - [MESSAGE][PASSED] - Verify element property value successfully

2023-10-16 14:20:37 - [TEST_STEP][PASSED] - verifyElementPropertyValue(getResponse, "offers[10].groups[0].pricingPlans[0].pricingPlanData[0].visualElements[1].key", "CTA_text"): Verify element property value successfully

2023-10-16 14:20:37 - [MESSAGE][PASSED] - Verify element property value successfully

2023-10-16 14:20:37 - [TEST_STEP][PASSED] - verifyElementPropertyValue(getResponse, "offers[10].groups[0].pricingPlans[0].pricingPlanData[0].visualElements[1].value", "اشترك"): Verify element property value successfully

2023-10-16 14:20:37 - [MESSAGE][PASSED] - Verify element property value successfully

2023-10-16 14:20:37 - [TEST_STEP][PASSED] - verifyElementPropertyValue(getResponse, "offers[10].groups[0].pricingPlans[0].pricingPlanData[0].visualElements[2].key", "logo"): Verify element property value successfully

2023-10-16 14:20:37 - [MESSAGE][PASSED] - Verify element property value successfully

2023-10-16 14:20:37 - [TEST_STEP][PASSED] - verifyElementPropertyValue(getResponse, "offers[10].groups[0].pricingPlans[0].pricingPlanData[0].visualElements[2].value", "https://static.s3.shahid.mbc.net/widget-images/icons/iconCreditCard.png"): Verify element property value successfully

2023-10-16 14:20:37 - [MESSAGE][PASSED] - Verify element property value successfully]]></system-out>
         <system-err><![CDATA[]]></system-err>
      </testcase>
      <testcase name="Test Cases/WEB - CHROME/TUN PI/WEB_EN_getOffersForTUN_SPORT" time="3.988" classname="Test Cases/WEB - CHROME/TUN PI/WEB_EN_getOffersForTUN_SPORT" status="FAILED">
         <failure type="FAILED" message="Test Cases/WEB - CHROME/TUN PI/WEB_EN_getOffersForTUN_SPORT FAILED.
Reason:
com.kms.katalon.core.exception.StepFailedException: Expected element property value '30% Discount Offer' is not equal with actual property value '30% Discount Offer​'
	at com.kms.katalon.core.keyword.internal.KeywordMain.stepFailed(KeywordMain.groovy:39)
	at com.kms.katalon.core.webservice.keyword.builtin.VerifyElementPropertyValueKeyword$_verifyElementPropertyValue_closure1.doCall(VerifyElementPropertyValueKeyword.groovy:56)
	at com.kms.katalon.core.webservice.keyword.builtin.VerifyElementPropertyValueKeyword$_verifyElementPropertyValue_closure1.call(VerifyElementPropertyValueKeyword.groovy)
	at com.kms.katalon.core.keyword.internal.KeywordMain.runKeyword(KeywordMain.groovy:75)
	at com.kms.katalon.core.webservice.keyword.builtin.VerifyElementPropertyValueKeyword.verifyElementPropertyValue(VerifyElementPropertyValueKeyword.groovy:48)
	at com.kms.katalon.core.webservice.keyword.builtin.VerifyElementPropertyValueKeyword.execute(VerifyElementPropertyValueKeyword.groovy:43)
	at com.kms.katalon.core.keyword.internal.KeywordExecutor.executeKeywordForPlatform(KeywordExecutor.groovy:74)
	at com.kms.katalon.core.webservice.keyword.WSBuiltInKeywords.verifyElementPropertyValue(WSBuiltInKeywords.groovy:190)
	at com.kms.katalon.core.webservice.keyword.WSBuiltInKeywords$verifyElementPropertyValue$1.call(Unknown Source)
	at WEB_EN_getOffersForTUN_SPORT.run(WEB_EN_getOffersForTUN_SPORT:46)
	at com.kms.katalon.core.main.ScriptEngine.run(ScriptEngine.java:194)
	at com.kms.katalon.core.main.ScriptEngine.runScriptAsRawText(ScriptEngine.java:119)
	at com.kms.katalon.core.main.TestCaseExecutor.runScript(TestCaseExecutor.java:448)
	at com.kms.katalon.core.main.TestCaseExecutor.doExecute(TestCaseExecutor.java:439)
	at com.kms.katalon.core.main.TestCaseExecutor.processExecutionPhase(TestCaseExecutor.java:418)
	at com.kms.katalon.core.main.TestCaseExecutor.accessMainPhase(TestCaseExecutor.java:410)
	at com.kms.katalon.core.main.TestCaseExecutor.execute(TestCaseExecutor.java:285)
	at com.kms.katalon.core.common.CommonExecutor.accessTestCaseMainPhase(CommonExecutor.java:65)
	at com.kms.katalon.core.main.TestSuiteExecutor.accessTestSuiteMainPhase(TestSuiteExecutor.java:148)
	at com.kms.katalon.core.main.TestSuiteExecutor.execute(TestSuiteExecutor.java:106)
	at com.kms.katalon.core.main.TestCaseMain.startTestSuite(TestCaseMain.java:187)
	at com.kms.katalon.core.main.TestCaseMain$startTestSuite$0.call(Unknown Source)
	at TempTestSuite1697454223353.run(TempTestSuite1697454223353.groovy:36)
"/>
         <system-out><![CDATA[2023-10-16 14:20:37 - [TEST_CASE][FAILED] - Test Cases/WEB - CHROME/TUN PI/WEB_EN_getOffersForTUN_SPORT: Test Cases/WEB - CHROME/TUN PI/WEB_EN_getOffersForTUN_SPORT FAILED.
Reason:
com.kms.katalon.core.exception.StepFailedException: Expected element property value '30% Discount Offer' is not equal with actual property value '30% Discount Offer​'
	at com.kms.katalon.core.keyword.internal.KeywordMain.stepFailed(KeywordMain.groovy:39)
	at com.kms.katalon.core.webservice.keyword.builtin.VerifyElementPropertyValueKeyword$_verifyElementPropertyValue_closure1.doCall(VerifyElementPropertyValueKeyword.groovy:56)
	at com.kms.katalon.core.webservice.keyword.builtin.VerifyElementPropertyValueKeyword$_verifyElementPropertyValue_closure1.call(VerifyElementPropertyValueKeyword.groovy)
	at com.kms.katalon.core.keyword.internal.KeywordMain.runKeyword(KeywordMain.groovy:75)
	at com.kms.katalon.core.webservice.keyword.builtin.VerifyElementPropertyValueKeyword.verifyElementPropertyValue(VerifyElementPropertyValueKeyword.groovy:48)
	at com.kms.katalon.core.webservice.keyword.builtin.VerifyElementPropertyValueKeyword.execute(VerifyElementPropertyValueKeyword.groovy:43)
	at com.kms.katalon.core.keyword.internal.KeywordExecutor.executeKeywordForPlatform(KeywordExecutor.groovy:74)
	at com.kms.katalon.core.webservice.keyword.WSBuiltInKeywords.verifyElementPropertyValue(WSBuiltInKeywords.groovy:190)
	at com.kms.katalon.core.webservice.keyword.WSBuiltInKeywords$verifyElementPropertyValue$1.call(Unknown Source)
	at WEB_EN_getOffersForTUN_SPORT.run(WEB_EN_getOffersForTUN_SPORT:46)
	at com.kms.katalon.core.main.ScriptEngine.run(ScriptEngine.java:194)
	at com.kms.katalon.core.main.ScriptEngine.runScriptAsRawText(ScriptEngine.java:119)
	at com.kms.katalon.core.main.TestCaseExecutor.runScript(TestCaseExecutor.java:448)
	at com.kms.katalon.core.main.TestCaseExecutor.doExecute(TestCaseExecutor.java:439)
	at com.kms.katalon.core.main.TestCaseExecutor.processExecutionPhase(TestCaseExecutor.java:418)
	at com.kms.katalon.core.main.TestCaseExecutor.accessMainPhase(TestCaseExecutor.java:410)
	at com.kms.katalon.core.main.TestCaseExecutor.execute(TestCaseExecutor.java:285)
	at com.kms.katalon.core.common.CommonExecutor.accessTestCaseMainPhase(CommonExecutor.java:65)
	at com.kms.katalon.core.main.TestSuiteExecutor.accessTestSuiteMainPhase(TestSuiteExecutor.java:148)
	at com.kms.katalon.core.main.TestSuiteExecutor.execute(TestSuiteExecutor.java:106)
	at com.kms.katalon.core.main.TestCaseMain.startTestSuite(TestCaseMain.java:187)
	at com.kms.katalon.core.main.TestCaseMain$startTestSuite$0.call(Unknown Source)
	at TempTestSuite1697454223353.run(TempTestSuite1697454223353.groovy:36)


2023-10-16 14:20:37 - [TEST_STEP][PASSED] - getResponse = config_files.getConfigFile.getConfig("WEB", "EN", "SHAHID_VIP_SPORT", "TN", "false"): config_files.getConfigFile.getConfig is PASSED

2023-10-16 14:20:38 - [MESSAGE][INFO] - HAR: /Users/admin/git/shahid-configuration/Reports/20231016_140310/WEB/TUN/20231016_140343/requests/main/6.har

2023-10-16 14:20:38 - [MESSAGE][PASSED] - Send request successfully

2023-10-16 14:20:38 - [MESSAGE][PASSED] - config_files.getConfigFile.getConfig is PASSED

2023-10-16 14:20:38 - [TEST_STEP][PASSED] - verifyResponseStatusCode(getResponse, 200): Verify response status code successfully

2023-10-16 14:20:38 - [MESSAGE][PASSED] - Verify response status code successfully

2023-10-16 14:20:38 - [TEST_STEP][PASSED] - verifyElementPropertyValue(getResponse, "country", "TUN"): Verify element property value successfully

2023-10-16 14:20:38 - [MESSAGE][PASSED] - Verify element property value successfully

2023-10-16 14:20:38 - [TEST_STEP][PASSED] - verifyElementPropertyValue(getResponse, "platform", "[WEB]"): Verify element property value successfully

2023-10-16 14:20:38 - [MESSAGE][PASSED] - Verify element property value successfully

2023-10-16 14:20:38 - [TEST_STEP][PASSED] - verifyElementPropertyValue(getResponse, "offers[5].offerId", "winback-sport-30-offer"): Verify element property value successfully

2023-10-16 14:20:38 - [MESSAGE][PASSED] - Verify element property value successfully

2023-10-16 14:20:38 - [TEST_STEP][PASSED] - verifyElementPropertyValue(getResponse, "offers[5].offerParam", "sportsoffer30"): Verify element property value successfully

2023-10-16 14:20:38 - [MESSAGE][PASSED] - Verify element property value successfully

2023-10-16 14:20:38 - [TEST_STEP][PASSED] - verifyElementPropertyValue(getResponse, "offers[5].groups[0].pricingPlans[0].featured", "true"): Verify element property value successfully

2023-10-16 14:20:38 - [MESSAGE][PASSED] - Verify element property value successfully

2023-10-16 14:20:38 - [TEST_STEP][PASSED] - verifyElementPropertyValue(getResponse, "offers[5].groups[0].pricingPlans[0].period", "monthly"): Verify element property value successfully

2023-10-16 14:20:38 - [MESSAGE][PASSED] - Verify element property value successfully

2023-10-16 14:20:38 - [TEST_STEP][PASSED] - verifyElementPropertyValue(getResponse, "offers[5].groups[0].pricingPlans[0].featured", "true"): Verify element property value successfully

2023-10-16 14:20:38 - [MESSAGE][PASSED] - Verify element property value successfully

2023-10-16 14:20:38 - [TEST_STEP][PASSED] - verifyElementPropertyValue(getResponse, "offers[5].groups[0].pricingPlans[0].price", "13.99"): Verify element property value successfully

2023-10-16 14:20:38 - [MESSAGE][PASSED] - Verify element property value successfully

2023-10-16 14:20:38 - [TEST_STEP][PASSED] - verifyElementPropertyValue(getResponse, "offers[5].groups[0].pricingPlans[0].currency", "TND"): Verify element property value successfully

2023-10-16 14:20:38 - [MESSAGE][PASSED] - Verify element property value successfully

2023-10-16 14:20:38 - [TEST_STEP][PASSED] - verifyElementPropertyValue(getResponse, "offers[5].groups[0].pricingPlans[0].order", "0"): Verify element property value successfully

2023-10-16 14:20:38 - [MESSAGE][PASSED] - Verify element property value successfully

2023-10-16 14:20:38 - [TEST_STEP][PASSED] - verifyElementPropertyValue(getResponse, "offers[5].groups[0].pricingPlans[0].packageId", "SHAHID_VIP_SPORT"): Verify element property value successfully

2023-10-16 14:20:38 - [MESSAGE][PASSED] - Verify element property value successfully

2023-10-16 14:20:38 - [TEST_STEP][PASSED] - verifyElementPropertyValue(getResponse, "offers[5].groups[0].pricingPlans[0].catalogId", "SPORT"): Verify element property value successfully

2023-10-16 14:20:38 - [MESSAGE][PASSED] - Verify element property value successfully

2023-10-16 14:20:38 - [TEST_STEP][PASSED] - verifyElementPropertyValue(getResponse, "offers[5].groups[0].pricingPlans[0].visualElements[0].key", "Header_1_text"): Verify element property value successfully

2023-10-16 14:20:38 - [MESSAGE][PASSED] - Verify element property value successfully

2023-10-16 14:20:38 - [TEST_STEP][PASSED] - verifyElementPropertyValue(getResponse, "offers[5].groups[0].pricingPlans[0].visualElements[0].value", "Watch the most powerful series and movies exclusively without stopping"): Verify element property value successfully

2023-10-16 14:20:38 - [MESSAGE][PASSED] - Verify element property value successfully

2023-10-16 14:20:38 - [TEST_STEP][PASSED] - verifyElementPropertyValue(getResponse, "offers[5].groups[0].pricingPlans[0].visualElements[1].key", "display_title"): Verify element property value successfully

2023-10-16 14:20:38 - [MESSAGE][PASSED] - Verify element property value successfully

2023-10-16 14:20:38 - [TEST_STEP][FAILED] - verifyElementPropertyValue(getResponse, "offers[5].groups[0].pricingPlans[0].visualElements[1].value", "30% Discount Offer"): Expected element property value '30% Discount Offer' is not equal with actual property value '30% Discount Offer​'

2023-10-16 14:20:38 - [MESSAGE][FAILED] - Expected element property value '30% Discount Offer' is not equal with actual property value '30% Discount Offer​'

2023-10-16 14:20:38 - [TEST_STEP][PASSED] - verifyElementPropertyValue(getResponse, "offers[5].groups[0].pricingPlans[0].visualElements[3].key", "deduction_text"): Verify element property value successfully

2023-10-16 14:20:38 - [MESSAGE][PASSED] - Verify element property value successfully

2023-10-16 14:20:38 - [TEST_STEP][PASSED] - verifyElementPropertyValue(getResponse, "offers[5].groups[0].pricingPlans[0].visualElements[3].value", "billed every month"): Verify element property value successfully

2023-10-16 14:20:38 - [MESSAGE][PASSED] - Verify element property value successfully

2023-10-16 14:20:38 - [TEST_STEP][PASSED] - verifyElementPropertyValue(getResponse, "offers[5].groups[0].pricingPlans[0].visualElements[6].key", "show_payment_logo"): Verify element property value successfully

2023-10-16 14:20:38 - [MESSAGE][PASSED] - Verify element property value successfully

2023-10-16 14:20:38 - [TEST_STEP][PASSED] - verifyElementPropertyValue(getResponse, "offers[5].groups[0].pricingPlans[0].visualElements[6].value", "true"): Verify element property value successfully

2023-10-16 14:20:38 - [MESSAGE][PASSED] - Verify element property value successfully

2023-10-16 14:20:38 - [TEST_STEP][PASSED] - verifyElementPropertyValue(getResponse, "offers[5].groups[0].pricingPlans[0].visualElements[8].key", "price"): Verify element property value successfully

2023-10-16 14:20:38 - [MESSAGE][PASSED] - Verify element property value successfully

2023-10-16 14:20:38 - [TEST_STEP][PASSED] - verifyElementPropertyValue(getResponse, "offers[5].groups[0].pricingPlans[0].visualElements[8].value", "13.99"): Verify element property value successfully

2023-10-16 14:20:38 - [MESSAGE][PASSED] - Verify element property value successfully

2023-10-16 14:20:38 - [TEST_STEP][PASSED] - verifyElementPropertyValue(getResponse, "offers[5].groups[0].pricingPlans[0].visualElements[9].key", "currency"): Verify element property value successfully

2023-10-16 14:20:38 - [MESSAGE][PASSED] - Verify element property value successfully

2023-10-16 14:20:38 - [TEST_STEP][PASSED] - verifyElementPropertyValue(getResponse, "offers[5].groups[0].pricingPlans[0].visualElements[9].value", "TND"): Verify element property value successfully

2023-10-16 14:20:38 - [MESSAGE][PASSED] - Verify element property value successfully

2023-10-16 14:20:38 - [TEST_STEP][PASSED] - verifyElementPropertyValue(getResponse, "offers[5].groups[0].pricingPlans[0].visualElements[10].key", "duration"): Verify element property value successfully

2023-10-16 14:20:38 - [MESSAGE][PASSED] - Verify element property value successfully

2023-10-16 14:20:38 - [TEST_STEP][PASSED] - verifyElementPropertyValue(getResponse, "offers[5].groups[0].pricingPlans[0].visualElements[10].value", "Monthly"): Verify element property value successfully

2023-10-16 14:20:38 - [MESSAGE][PASSED] - Verify element property value successfully

2023-10-16 14:20:38 - [TEST_STEP][PASSED] - verifyElementPropertyValue(getResponse, "offers[5].groups[0].pricingPlans[0].visualElements[11].key", "featured_tag_text"): Verify element property value successfully

2023-10-16 14:20:38 - [MESSAGE][PASSED] - Verify element property value successfully

2023-10-16 14:20:38 - [TEST_STEP][PASSED] - verifyElementPropertyValue(getResponse, "offers[5].groups[0].pricingPlans[0].visualElements[11].value", "Limited Time Offer"): Verify element property value successfully

2023-10-16 14:20:38 - [MESSAGE][PASSED] - Verify element property value successfully

2023-10-16 14:20:38 - [TEST_STEP][PASSED] - verifyElementPropertyValue(getResponse, "offers[5].groups[0].pricingPlans[0].visualElements[12].key", "show_tag"): Verify element property value successfully

2023-10-16 14:20:38 - [MESSAGE][PASSED] - Verify element property value successfully

2023-10-16 14:20:38 - [TEST_STEP][PASSED] - verifyElementPropertyValue(getResponse, "offers[5].groups[0].pricingPlans[0].visualElements[12].value", "true"): Verify element property value successfully

2023-10-16 14:20:38 - [MESSAGE][PASSED] - Verify element property value successfully

2023-10-16 14:20:38 - [TEST_STEP][PASSED] - verifyElementPropertyValue(getResponse, "offers[5].groups[0].pricingPlans[0].visualElements[13].key", "tag_text"): Verify element property value successfully

2023-10-16 14:20:38 - [MESSAGE][PASSED] - Verify element property value successfully

2023-10-16 14:20:38 - [TEST_STEP][PASSED] - verifyElementPropertyValue(getResponse, "offers[5].groups[0].pricingPlans[0].visualElements[13].value", "Save 30%"): Verify element property value successfully

2023-10-16 14:20:38 - [MESSAGE][PASSED] - Verify element property value successfully

2023-10-16 14:20:38 - [TEST_STEP][PASSED] - verifyElementPropertyValue(getResponse, "offers[5].groups[0].pricingPlans[0].pricingPlanData[0].productId", "TUN_B2C_SHAHID_VIP_SPORT_1M"): Verify element property value successfully

2023-10-16 14:20:39 - [MESSAGE][PASSED] - Verify element property value successfully

2023-10-16 14:20:39 - [TEST_STEP][PASSED] - verifyElementPropertyValue(getResponse, "offers[5].groups[0].pricingPlans[0].pricingPlanData[0].paymentMethod", "CREDIT_CARD"): Verify element property value successfully

2023-10-16 14:20:39 - [MESSAGE][PASSED] - Verify element property value successfully

2023-10-16 14:20:39 - [TEST_STEP][PASSED] - verifyElementPropertyValue(getResponse, "offers[5].groups[0].pricingPlans[0].pricingPlanData[0].freeTrialEnabled", "false"): Verify element property value successfully

2023-10-16 14:20:39 - [MESSAGE][PASSED] - Verify element property value successfully

2023-10-16 14:20:39 - [TEST_STEP][PASSED] - verifyElementPropertyValue(getResponse, "offers[5].groups[0].pricingPlans[0].pricingPlanData[0].showIn[0]", "VERTICAL_MODE"): Verify element property value successfully

2023-10-16 14:20:39 - [MESSAGE][PASSED] - Verify element property value successfully

2023-10-16 14:20:39 - [TEST_STEP][PASSED] - verifyElementPropertyValue(getResponse, "offers[5].groups[0].pricingPlans[0].pricingPlanData[0].showIn[1]", "HORIZONTAL_MODE"): Verify element property value successfully

2023-10-16 14:20:39 - [MESSAGE][PASSED] - Verify element property value successfully

2023-10-16 14:20:39 - [TEST_STEP][PASSED] - verifyElementPropertyValue(getResponse, "offers[5].groups[0].pricingPlans[0].pricingPlanData[0].priceLabel", "13.99"): Verify element property value successfully

2023-10-16 14:20:39 - [MESSAGE][PASSED] - Verify element property value successfully

2023-10-16 14:20:39 - [TEST_STEP][PASSED] - verifyElementPropertyValue(getResponse, "offers[5].groups[0].pricingPlans[0].pricingPlanData[0].currencyLabel", "TND"): Verify element property value successfully

2023-10-16 14:20:39 - [MESSAGE][PASSED] - Verify element property value successfully

2023-10-16 14:20:39 - [TEST_STEP][PASSED] - verifyElementPropertyValue(getResponse, "offers[5].groups[0].pricingPlans[0].pricingPlanData[0].dealId", "WB_SPORT_30P_TUN"): Verify element property value successfully

2023-10-16 14:20:39 - [MESSAGE][PASSED] - Verify element property value successfully

2023-10-16 14:20:39 - [TEST_STEP][PASSED] - verifyElementPropertyValue(getResponse, "offers[5].groups[0].pricingPlans[0].pricingPlanData[0].allowedForAcquisition", "true"): Verify element property value successfully

2023-10-16 14:20:39 - [MESSAGE][PASSED] - Verify element property value successfully

2023-10-16 14:20:39 - [TEST_STEP][PASSED] - verifyElementPropertyValue(getResponse, "offers[5].groups[0].pricingPlans[0].pricingPlanData[0].visualElements[0].key", "title"): Verify element property value successfully

2023-10-16 14:20:39 - [MESSAGE][PASSED] - Verify element property value successfully

2023-10-16 14:20:39 - [TEST_STEP][PASSED] - verifyElementPropertyValue(getResponse, "offers[5].groups[0].pricingPlans[0].pricingPlanData[0].visualElements[0].value", "Credit/Debit Card"): Verify element property value successfully

2023-10-16 14:20:39 - [MESSAGE][PASSED] - Verify element property value successfully

2023-10-16 14:20:39 - [TEST_STEP][PASSED] - verifyElementPropertyValue(getResponse, "offers[5].groups[0].pricingPlans[0].pricingPlanData[0].visualElements[1].key", "CTA_text"): Verify element property value successfully

2023-10-16 14:20:39 - [MESSAGE][PASSED] - Verify element property value successfully

2023-10-16 14:20:39 - [TEST_STEP][PASSED] - verifyElementPropertyValue(getResponse, "offers[5].groups[0].pricingPlans[0].pricingPlanData[0].visualElements[1].value", "Subscribe"): Verify element property value successfully

2023-10-16 14:20:39 - [MESSAGE][PASSED] - Verify element property value successfully

2023-10-16 14:20:39 - [TEST_STEP][PASSED] - verifyElementPropertyValue(getResponse, "offers[5].groups[0].pricingPlans[0].pricingPlanData[0].visualElements[2].key", "logo"): Verify element property value successfully

2023-10-16 14:20:39 - [MESSAGE][PASSED] - Verify element property value successfully

2023-10-16 14:20:39 - [TEST_STEP][PASSED] - verifyElementPropertyValue(getResponse, "offers[5].groups[0].pricingPlans[0].pricingPlanData[0].visualElements[2].value", "https://static.s3.shahid.mbc.net/widget-images/icons/iconCreditCard.png"): Verify element property value successfully

2023-10-16 14:20:39 - [MESSAGE][PASSED] - Verify element property value successfully

2023-10-16 14:20:39 - [TEST_STEP][PASSED] - verifyElementPropertyValue(getResponse, "offers[6].offerId", "winback-sport-40-offer"): Verify element property value successfully

2023-10-16 14:20:39 - [MESSAGE][PASSED] - Verify element property value successfully

2023-10-16 14:20:39 - [TEST_STEP][PASSED] - verifyElementPropertyValue(getResponse, "offers[6].offerParam", "sportsoffer40"): Verify element property value successfully

2023-10-16 14:20:39 - [MESSAGE][PASSED] - Verify element property value successfully

2023-10-16 14:20:39 - [TEST_STEP][PASSED] - verifyElementPropertyValue(getResponse, "offers[6].groups[0].pricingPlans[0].featured", "true"): Verify element property value successfully

2023-10-16 14:20:39 - [MESSAGE][PASSED] - Verify element property value successfully

2023-10-16 14:20:39 - [TEST_STEP][PASSED] - verifyElementPropertyValue(getResponse, "offers[6].groups[0].pricingPlans[0].period", "monthly"): Verify element property value successfully

2023-10-16 14:20:39 - [MESSAGE][PASSED] - Verify element property value successfully

2023-10-16 14:20:39 - [TEST_STEP][PASSED] - verifyElementPropertyValue(getResponse, "offers[6].groups[0].pricingPlans[0].featured", "true"): Verify element property value successfully

2023-10-16 14:20:39 - [MESSAGE][PASSED] - Verify element property value successfully

2023-10-16 14:20:39 - [TEST_STEP][PASSED] - verifyElementPropertyValue(getResponse, "offers[6].groups[0].pricingPlans[0].price", "11.99"): Verify element property value successfully

2023-10-16 14:20:39 - [MESSAGE][PASSED] - Verify element property value successfully

2023-10-16 14:20:39 - [TEST_STEP][PASSED] - verifyElementPropertyValue(getResponse, "offers[6].groups[0].pricingPlans[0].currency", "TND"): Verify element property value successfully

2023-10-16 14:20:39 - [MESSAGE][PASSED] - Verify element property value successfully

2023-10-16 14:20:39 - [TEST_STEP][PASSED] - verifyElementPropertyValue(getResponse, "offers[6].groups[0].pricingPlans[0].order", "0"): Verify element property value successfully

2023-10-16 14:20:39 - [MESSAGE][PASSED] - Verify element property value successfully

2023-10-16 14:20:39 - [TEST_STEP][PASSED] - verifyElementPropertyValue(getResponse, "offers[6].groups[0].pricingPlans[0].packageId", "SHAHID_VIP_SPORT"): Verify element property value successfully

2023-10-16 14:20:39 - [MESSAGE][PASSED] - Verify element property value successfully

2023-10-16 14:20:39 - [TEST_STEP][PASSED] - verifyElementPropertyValue(getResponse, "offers[6].groups[0].pricingPlans[0].catalogId", "SPORT"): Verify element property value successfully

2023-10-16 14:20:39 - [MESSAGE][PASSED] - Verify element property value successfully

2023-10-16 14:20:39 - [TEST_STEP][PASSED] - verifyElementPropertyValue(getResponse, "offers[6].groups[0].pricingPlans[0].visualElements[0].key", "Header_1_text"): Verify element property value successfully

2023-10-16 14:20:39 - [MESSAGE][PASSED] - Verify element property value successfully

2023-10-16 14:20:39 - [TEST_STEP][PASSED] - verifyElementPropertyValue(getResponse, "offers[6].groups[0].pricingPlans[0].visualElements[0].value", "Watch the most powerful series and movies exclusively without stopping"): Verify element property value successfully

2023-10-16 14:20:39 - [MESSAGE][PASSED] - Verify element property value successfully

2023-10-16 14:20:39 - [TEST_STEP][PASSED] - verifyElementPropertyValue(getResponse, "offers[6].groups[0].pricingPlans[0].visualElements[1].key", "display_title"): Verify element property value successfully

2023-10-16 14:20:39 - [MESSAGE][PASSED] - Verify element property value successfully

2023-10-16 14:20:39 - [TEST_STEP][FAILED] - verifyElementPropertyValue(getResponse, "offers[6].groups[0].pricingPlans[0].visualElements[1].value", "40% Discount Offer"): Expected element property value '40% Discount Offer' is not equal with actual property value '40% Discount Offer​'

2023-10-16 14:20:39 - [MESSAGE][FAILED] - Expected element property value '40% Discount Offer' is not equal with actual property value '40% Discount Offer​'

2023-10-16 14:20:39 - [TEST_STEP][PASSED] - verifyElementPropertyValue(getResponse, "offers[6].groups[0].pricingPlans[0].visualElements[3].key", "deduction_text"): Verify element property value successfully

2023-10-16 14:20:39 - [MESSAGE][PASSED] - Verify element property value successfully

2023-10-16 14:20:39 - [TEST_STEP][PASSED] - verifyElementPropertyValue(getResponse, "offers[6].groups[0].pricingPlans[0].visualElements[3].value", "billed every month"): Verify element property value successfully

2023-10-16 14:20:39 - [MESSAGE][PASSED] - Verify element property value successfully

2023-10-16 14:20:39 - [TEST_STEP][PASSED] - verifyElementPropertyValue(getResponse, "offers[6].groups[0].pricingPlans[0].visualElements[6].key", "show_payment_logo"): Verify element property value successfully

2023-10-16 14:20:39 - [MESSAGE][PASSED] - Verify element property value successfully

2023-10-16 14:20:39 - [TEST_STEP][PASSED] - verifyElementPropertyValue(getResponse, "offers[6].groups[0].pricingPlans[0].visualElements[6].value", "true"): Verify element property value successfully

2023-10-16 14:20:39 - [MESSAGE][PASSED] - Verify element property value successfully

2023-10-16 14:20:39 - [TEST_STEP][PASSED] - verifyElementPropertyValue(getResponse, "offers[6].groups[0].pricingPlans[0].visualElements[8].key", "price"): Verify element property value successfully

2023-10-16 14:20:39 - [MESSAGE][PASSED] - Verify element property value successfully

2023-10-16 14:20:39 - [TEST_STEP][PASSED] - verifyElementPropertyValue(getResponse, "offers[6].groups[0].pricingPlans[0].visualElements[8].value", "11.99"): Verify element property value successfully

2023-10-16 14:20:39 - [MESSAGE][PASSED] - Verify element property value successfully

2023-10-16 14:20:39 - [TEST_STEP][PASSED] - verifyElementPropertyValue(getResponse, "offers[6].groups[0].pricingPlans[0].visualElements[9].key", "currency"): Verify element property value successfully

2023-10-16 14:20:39 - [MESSAGE][PASSED] - Verify element property value successfully

2023-10-16 14:20:39 - [TEST_STEP][PASSED] - verifyElementPropertyValue(getResponse, "offers[6].groups[0].pricingPlans[0].visualElements[9].value", "TND"): Verify element property value successfully

2023-10-16 14:20:39 - [MESSAGE][PASSED] - Verify element property value successfully

2023-10-16 14:20:39 - [TEST_STEP][PASSED] - verifyElementPropertyValue(getResponse, "offers[6].groups[0].pricingPlans[0].visualElements[10].key", "duration"): Verify element property value successfully

2023-10-16 14:20:39 - [MESSAGE][PASSED] - Verify element property value successfully

2023-10-16 14:20:39 - [TEST_STEP][PASSED] - verifyElementPropertyValue(getResponse, "offers[6].groups[0].pricingPlans[0].visualElements[10].value", "Monthly"): Verify element property value successfully

2023-10-16 14:20:39 - [MESSAGE][PASSED] - Verify element property value successfully

2023-10-16 14:20:39 - [TEST_STEP][PASSED] - verifyElementPropertyValue(getResponse, "offers[6].groups[0].pricingPlans[0].visualElements[11].key", "featured_tag_text"): Verify element property value successfully

2023-10-16 14:20:39 - [MESSAGE][PASSED] - Verify element property value successfully

2023-10-16 14:20:39 - [TEST_STEP][PASSED] - verifyElementPropertyValue(getResponse, "offers[6].groups[0].pricingPlans[0].visualElements[11].value", "Limited Time Offer"): Verify element property value successfully

2023-10-16 14:20:39 - [MESSAGE][PASSED] - Verify element property value successfully

2023-10-16 14:20:39 - [TEST_STEP][PASSED] - verifyElementPropertyValue(getResponse, "offers[6].groups[0].pricingPlans[0].visualElements[13].key", "tag_text"): Verify element property value successfully

2023-10-16 14:20:39 - [MESSAGE][PASSED] - Verify element property value successfully

2023-10-16 14:20:39 - [TEST_STEP][PASSED] - verifyElementPropertyValue(getResponse, "offers[6].groups[0].pricingPlans[0].visualElements[13].value", "Save 40%"): Verify element property value successfully

2023-10-16 14:20:39 - [MESSAGE][PASSED] - Verify element property value successfully

2023-10-16 14:20:39 - [TEST_STEP][PASSED] - verifyElementPropertyValue(getResponse, "offers[6].groups[0].pricingPlans[0].visualElements[12].key", "show_tag"): Verify element property value successfully

2023-10-16 14:20:39 - [MESSAGE][PASSED] - Verify element property value successfully

2023-10-16 14:20:39 - [TEST_STEP][PASSED] - verifyElementPropertyValue(getResponse, "offers[6].groups[0].pricingPlans[0].visualElements[12].value", "true"): Verify element property value successfully

2023-10-16 14:20:39 - [MESSAGE][PASSED] - Verify element property value successfully

2023-10-16 14:20:39 - [TEST_STEP][PASSED] - verifyElementPropertyValue(getResponse, "offers[6].groups[0].pricingPlans[0].pricingPlanData[0].productId", "TUN_B2C_SHAHID_VIP_SPORT_1M"): Verify element property value successfully

2023-10-16 14:20:39 - [MESSAGE][PASSED] - Verify element property value successfully

2023-10-16 14:20:39 - [TEST_STEP][PASSED] - verifyElementPropertyValue(getResponse, "offers[6].groups[0].pricingPlans[0].pricingPlanData[0].paymentMethod", "CREDIT_CARD"): Verify element property value successfully

2023-10-16 14:20:39 - [MESSAGE][PASSED] - Verify element property value successfully

2023-10-16 14:20:39 - [TEST_STEP][PASSED] - verifyElementPropertyValue(getResponse, "offers[6].groups[0].pricingPlans[0].pricingPlanData[0].freeTrialEnabled", "false"): Verify element property value successfully

2023-10-16 14:20:39 - [MESSAGE][PASSED] - Verify element property value successfully

2023-10-16 14:20:39 - [TEST_STEP][PASSED] - verifyElementPropertyValue(getResponse, "offers[6].groups[0].pricingPlans[0].pricingPlanData[0].showIn[0]", "VERTICAL_MODE"): Verify element property value successfully

2023-10-16 14:20:39 - [MESSAGE][PASSED] - Verify element property value successfully

2023-10-16 14:20:39 - [TEST_STEP][PASSED] - verifyElementPropertyValue(getResponse, "offers[6].groups[0].pricingPlans[0].pricingPlanData[0].showIn[1]", "HORIZONTAL_MODE"): Verify element property value successfully

2023-10-16 14:20:39 - [MESSAGE][PASSED] - Verify element property value successfully

2023-10-16 14:20:39 - [TEST_STEP][PASSED] - verifyElementPropertyValue(getResponse, "offers[6].groups[0].pricingPlans[0].pricingPlanData[0].priceLabel", "11.99"): Verify element property value successfully

2023-10-16 14:20:39 - [MESSAGE][PASSED] - Verify element property value successfully

2023-10-16 14:20:39 - [TEST_STEP][PASSED] - verifyElementPropertyValue(getResponse, "offers[6].groups[0].pricingPlans[0].pricingPlanData[0].currencyLabel", "TND"): Verify element property value successfully

2023-10-16 14:20:39 - [MESSAGE][PASSED] - Verify element property value successfully

2023-10-16 14:20:39 - [TEST_STEP][PASSED] - verifyElementPropertyValue(getResponse, "offers[6].groups[0].pricingPlans[0].pricingPlanData[0].dealId", "WB_SPORT_40P_TUN"): Verify element property value successfully

2023-10-16 14:20:39 - [MESSAGE][PASSED] - Verify element property value successfully

2023-10-16 14:20:39 - [TEST_STEP][PASSED] - verifyElementPropertyValue(getResponse, "offers[6].groups[0].pricingPlans[0].pricingPlanData[0].allowedForAcquisition", "true"): Verify element property value successfully

2023-10-16 14:20:39 - [MESSAGE][PASSED] - Verify element property value successfully

2023-10-16 14:20:39 - [TEST_STEP][PASSED] - verifyElementPropertyValue(getResponse, "offers[6].groups[0].pricingPlans[0].pricingPlanData[0].visualElements[0].key", "title"): Verify element property value successfully

2023-10-16 14:20:39 - [MESSAGE][PASSED] - Verify element property value successfully

2023-10-16 14:20:39 - [TEST_STEP][PASSED] - verifyElementPropertyValue(getResponse, "offers[6].groups[0].pricingPlans[0].pricingPlanData[0].visualElements[0].value", "Credit/Debit Card"): Verify element property value successfully

2023-10-16 14:20:39 - [MESSAGE][PASSED] - Verify element property value successfully

2023-10-16 14:20:39 - [TEST_STEP][PASSED] - verifyElementPropertyValue(getResponse, "offers[6].groups[0].pricingPlans[0].pricingPlanData[0].visualElements[1].key", "CTA_text"): Verify element property value successfully

2023-10-16 14:20:39 - [MESSAGE][PASSED] - Verify element property value successfully

2023-10-16 14:20:39 - [TEST_STEP][PASSED] - verifyElementPropertyValue(getResponse, "offers[6].groups[0].pricingPlans[0].pricingPlanData[0].visualElements[1].value", "Subscribe"): Verify element property value successfully

2023-10-16 14:20:39 - [MESSAGE][PASSED] - Verify element property value successfully

2023-10-16 14:20:39 - [TEST_STEP][PASSED] - verifyElementPropertyValue(getResponse, "offers[6].groups[0].pricingPlans[0].pricingPlanData[0].visualElements[2].key", "logo"): Verify element property value successfully

2023-10-16 14:20:39 - [MESSAGE][PASSED] - Verify element property value successfully

2023-10-16 14:20:39 - [TEST_STEP][PASSED] - verifyElementPropertyValue(getResponse, "offers[6].groups[0].pricingPlans[0].pricingPlanData[0].visualElements[2].value", "https://static.s3.shahid.mbc.net/widget-images/icons/iconCreditCard.png"): Verify element property value successfully

2023-10-16 14:20:39 - [MESSAGE][PASSED] - Verify element property value successfully

2023-10-16 14:20:39 - [TEST_STEP][PASSED] - verifyElementPropertyValue(getResponse, "offers[7].offerId", "winback-sport-50-offer"): Verify element property value successfully

2023-10-16 14:20:39 - [MESSAGE][PASSED] - Verify element property value successfully

2023-10-16 14:20:39 - [TEST_STEP][PASSED] - verifyElementPropertyValue(getResponse, "offers[7].offerParam", "sportsoffer50"): Verify element property value successfully

2023-10-16 14:20:39 - [MESSAGE][PASSED] - Verify element property value successfully

2023-10-16 14:20:39 - [TEST_STEP][PASSED] - verifyElementPropertyValue(getResponse, "offers[7].groups[0].pricingPlans[0].featured", "true"): Verify element property value successfully

2023-10-16 14:20:39 - [MESSAGE][PASSED] - Verify element property value successfully

2023-10-16 14:20:39 - [TEST_STEP][PASSED] - verifyElementPropertyValue(getResponse, "offers[7].groups[0].pricingPlans[0].period", "monthly"): Verify element property value successfully

2023-10-16 14:20:39 - [MESSAGE][PASSED] - Verify element property value successfully

2023-10-16 14:20:39 - [TEST_STEP][PASSED] - verifyElementPropertyValue(getResponse, "offers[7].groups[0].pricingPlans[0].featured", "true"): Verify element property value successfully

2023-10-16 14:20:39 - [MESSAGE][PASSED] - Verify element property value successfully

2023-10-16 14:20:39 - [TEST_STEP][PASSED] - verifyElementPropertyValue(getResponse, "offers[7].groups[0].pricingPlans[0].price", "9.99"): Verify element property value successfully

2023-10-16 14:20:39 - [MESSAGE][PASSED] - Verify element property value successfully

2023-10-16 14:20:39 - [TEST_STEP][PASSED] - verifyElementPropertyValue(getResponse, "offers[7].groups[0].pricingPlans[0].currency", "TND"): Verify element property value successfully

2023-10-16 14:20:39 - [MESSAGE][PASSED] - Verify element property value successfully

2023-10-16 14:20:39 - [TEST_STEP][PASSED] - verifyElementPropertyValue(getResponse, "offers[7].groups[0].pricingPlans[0].order", "0"): Verify element property value successfully

2023-10-16 14:20:39 - [MESSAGE][PASSED] - Verify element property value successfully

2023-10-16 14:20:39 - [TEST_STEP][PASSED] - verifyElementPropertyValue(getResponse, "offers[7].groups[0].pricingPlans[0].packageId", "SHAHID_VIP_SPORT"): Verify element property value successfully

2023-10-16 14:20:39 - [MESSAGE][PASSED] - Verify element property value successfully

2023-10-16 14:20:39 - [TEST_STEP][PASSED] - verifyElementPropertyValue(getResponse, "offers[7].groups[0].pricingPlans[0].catalogId", "SPORT"): Verify element property value successfully

2023-10-16 14:20:39 - [MESSAGE][PASSED] - Verify element property value successfully

2023-10-16 14:20:39 - [TEST_STEP][PASSED] - verifyElementPropertyValue(getResponse, "offers[7].groups[0].pricingPlans[0].visualElements[0].key", "Header_1_text"): Verify element property value successfully

2023-10-16 14:20:39 - [MESSAGE][PASSED] - Verify element property value successfully

2023-10-16 14:20:39 - [TEST_STEP][PASSED] - verifyElementPropertyValue(getResponse, "offers[7].groups[0].pricingPlans[0].visualElements[0].value", "Watch the most powerful series and movies exclusively without stopping"): Verify element property value successfully

2023-10-16 14:20:39 - [MESSAGE][PASSED] - Verify element property value successfully

2023-10-16 14:20:39 - [TEST_STEP][PASSED] - verifyElementPropertyValue(getResponse, "offers[7].groups[0].pricingPlans[0].visualElements[1].key", "display_title"): Verify element property value successfully

2023-10-16 14:20:39 - [MESSAGE][PASSED] - Verify element property value successfully

2023-10-16 14:20:39 - [TEST_STEP][FAILED] - verifyElementPropertyValue(getResponse, "offers[7].groups[0].pricingPlans[0].visualElements[1].value", "50% Discount Offer"): Expected element property value '50% Discount Offer' is not equal with actual property value '50% Discount Offer​'

2023-10-16 14:20:39 - [MESSAGE][FAILED] - Expected element property value '50% Discount Offer' is not equal with actual property value '50% Discount Offer​'

2023-10-16 14:20:39 - [TEST_STEP][PASSED] - verifyElementPropertyValue(getResponse, "offers[7].groups[0].pricingPlans[0].visualElements[3].key", "deduction_text"): Verify element property value successfully

2023-10-16 14:20:39 - [MESSAGE][PASSED] - Verify element property value successfully

2023-10-16 14:20:39 - [TEST_STEP][PASSED] - verifyElementPropertyValue(getResponse, "offers[7].groups[0].pricingPlans[0].visualElements[3].value", "billed every month"): Verify element property value successfully

2023-10-16 14:20:39 - [MESSAGE][PASSED] - Verify element property value successfully

2023-10-16 14:20:39 - [TEST_STEP][PASSED] - verifyElementPropertyValue(getResponse, "offers[7].groups[0].pricingPlans[0].visualElements[6].key", "show_payment_logo"): Verify element property value successfully

2023-10-16 14:20:39 - [MESSAGE][PASSED] - Verify element property value successfully

2023-10-16 14:20:39 - [TEST_STEP][PASSED] - verifyElementPropertyValue(getResponse, "offers[7].groups[0].pricingPlans[0].visualElements[6].value", "true"): Verify element property value successfully

2023-10-16 14:20:39 - [MESSAGE][PASSED] - Verify element property value successfully

2023-10-16 14:20:39 - [TEST_STEP][PASSED] - verifyElementPropertyValue(getResponse, "offers[7].groups[0].pricingPlans[0].visualElements[8].key", "price"): Verify element property value successfully

2023-10-16 14:20:39 - [MESSAGE][PASSED] - Verify element property value successfully

2023-10-16 14:20:39 - [TEST_STEP][PASSED] - verifyElementPropertyValue(getResponse, "offers[7].groups[0].pricingPlans[0].visualElements[8].value", "9.99"): Verify element property value successfully

2023-10-16 14:20:39 - [MESSAGE][PASSED] - Verify element property value successfully

2023-10-16 14:20:39 - [TEST_STEP][PASSED] - verifyElementPropertyValue(getResponse, "offers[7].groups[0].pricingPlans[0].visualElements[9].key", "currency"): Verify element property value successfully

2023-10-16 14:20:39 - [MESSAGE][PASSED] - Verify element property value successfully

2023-10-16 14:20:39 - [TEST_STEP][PASSED] - verifyElementPropertyValue(getResponse, "offers[7].groups[0].pricingPlans[0].visualElements[9].value", "TND"): Verify element property value successfully

2023-10-16 14:20:39 - [MESSAGE][PASSED] - Verify element property value successfully

2023-10-16 14:20:39 - [TEST_STEP][PASSED] - verifyElementPropertyValue(getResponse, "offers[7].groups[0].pricingPlans[0].visualElements[10].key", "duration"): Verify element property value successfully

2023-10-16 14:20:39 - [MESSAGE][PASSED] - Verify element property value successfully

2023-10-16 14:20:39 - [TEST_STEP][PASSED] - verifyElementPropertyValue(getResponse, "offers[7].groups[0].pricingPlans[0].visualElements[10].value", "Monthly"): Verify element property value successfully

2023-10-16 14:20:39 - [MESSAGE][PASSED] - Verify element property value successfully

2023-10-16 14:20:39 - [TEST_STEP][PASSED] - verifyElementPropertyValue(getResponse, "offers[7].groups[0].pricingPlans[0].visualElements[11].key", "featured_tag_text"): Verify element property value successfully

2023-10-16 14:20:39 - [MESSAGE][PASSED] - Verify element property value successfully

2023-10-16 14:20:39 - [TEST_STEP][PASSED] - verifyElementPropertyValue(getResponse, "offers[7].groups[0].pricingPlans[0].visualElements[11].value", "Limited Time Offer"): Verify element property value successfully

2023-10-16 14:20:39 - [MESSAGE][PASSED] - Verify element property value successfully

2023-10-16 14:20:39 - [TEST_STEP][PASSED] - verifyElementPropertyValue(getResponse, "offers[7].groups[0].pricingPlans[0].visualElements[13].key", "tag_text"): Verify element property value successfully

2023-10-16 14:20:39 - [MESSAGE][PASSED] - Verify element property value successfully

2023-10-16 14:20:39 - [TEST_STEP][PASSED] - verifyElementPropertyValue(getResponse, "offers[7].groups[0].pricingPlans[0].visualElements[13].value", "Save 50%"): Verify element property value successfully

2023-10-16 14:20:39 - [MESSAGE][PASSED] - Verify element property value successfully

2023-10-16 14:20:39 - [TEST_STEP][PASSED] - verifyElementPropertyValue(getResponse, "offers[7].groups[0].pricingPlans[0].visualElements[12].key", "show_tag"): Verify element property value successfully

2023-10-16 14:20:39 - [MESSAGE][PASSED] - Verify element property value successfully

2023-10-16 14:20:39 - [TEST_STEP][PASSED] - verifyElementPropertyValue(getResponse, "offers[7].groups[0].pricingPlans[0].visualElements[12].value", "true"): Verify element property value successfully

2023-10-16 14:20:39 - [MESSAGE][PASSED] - Verify element property value successfully

2023-10-16 14:20:39 - [TEST_STEP][PASSED] - verifyElementPropertyValue(getResponse, "offers[7].groups[0].pricingPlans[0].pricingPlanData[0].productId", "TUN_B2C_SHAHID_VIP_SPORT_1M"): Verify element property value successfully

2023-10-16 14:20:39 - [MESSAGE][PASSED] - Verify element property value successfully

2023-10-16 14:20:39 - [TEST_STEP][PASSED] - verifyElementPropertyValue(getResponse, "offers[7].groups[0].pricingPlans[0].pricingPlanData[0].paymentMethod", "CREDIT_CARD"): Verify element property value successfully

2023-10-16 14:20:39 - [MESSAGE][PASSED] - Verify element property value successfully

2023-10-16 14:20:39 - [TEST_STEP][PASSED] - verifyElementPropertyValue(getResponse, "offers[7].groups[0].pricingPlans[0].pricingPlanData[0].freeTrialEnabled", "false"): Verify element property value successfully

2023-10-16 14:20:39 - [MESSAGE][PASSED] - Verify element property value successfully

2023-10-16 14:20:39 - [TEST_STEP][PASSED] - verifyElementPropertyValue(getResponse, "offers[7].groups[0].pricingPlans[0].pricingPlanData[0].showIn[0]", "VERTICAL_MODE"): Verify element property value successfully

2023-10-16 14:20:39 - [MESSAGE][PASSED] - Verify element property value successfully

2023-10-16 14:20:39 - [TEST_STEP][PASSED] - verifyElementPropertyValue(getResponse, "offers[7].groups[0].pricingPlans[0].pricingPlanData[0].showIn[1]", "HORIZONTAL_MODE"): Verify element property value successfully

2023-10-16 14:20:39 - [MESSAGE][PASSED] - Verify element property value successfully

2023-10-16 14:20:39 - [TEST_STEP][PASSED] - verifyElementPropertyValue(getResponse, "offers[7].groups[0].pricingPlans[0].pricingPlanData[0].priceLabel", "9.99"): Verify element property value successfully

2023-10-16 14:20:39 - [MESSAGE][PASSED] - Verify element property value successfully

2023-10-16 14:20:39 - [TEST_STEP][PASSED] - verifyElementPropertyValue(getResponse, "offers[7].groups[0].pricingPlans[0].pricingPlanData[0].currencyLabel", "TND"): Verify element property value successfully

2023-10-16 14:20:39 - [MESSAGE][PASSED] - Verify element property value successfully

2023-10-16 14:20:39 - [TEST_STEP][PASSED] - verifyElementPropertyValue(getResponse, "offers[7].groups[0].pricingPlans[0].pricingPlanData[0].dealId", "WB_SPORT_50P_TUN"): Verify element property value successfully

2023-10-16 14:20:39 - [MESSAGE][PASSED] - Verify element property value successfully

2023-10-16 14:20:39 - [TEST_STEP][PASSED] - verifyElementPropertyValue(getResponse, "offers[7].groups[0].pricingPlans[0].pricingPlanData[0].allowedForAcquisition", "true"): Verify element property value successfully

2023-10-16 14:20:39 - [MESSAGE][PASSED] - Verify element property value successfully

2023-10-16 14:20:39 - [TEST_STEP][PASSED] - verifyElementPropertyValue(getResponse, "offers[7].groups[0].pricingPlans[0].pricingPlanData[0].visualElements[0].key", "title"): Verify element property value successfully

2023-10-16 14:20:39 - [MESSAGE][PASSED] - Verify element property value successfully

2023-10-16 14:20:39 - [TEST_STEP][PASSED] - verifyElementPropertyValue(getResponse, "offers[7].groups[0].pricingPlans[0].pricingPlanData[0].visualElements[0].value", "Credit/Debit Card"): Verify element property value successfully

2023-10-16 14:20:39 - [MESSAGE][PASSED] - Verify element property value successfully

2023-10-16 14:20:39 - [TEST_STEP][PASSED] - verifyElementPropertyValue(getResponse, "offers[7].groups[0].pricingPlans[0].pricingPlanData[0].visualElements[1].key", "CTA_text"): Verify element property value successfully

2023-10-16 14:20:39 - [MESSAGE][PASSED] - Verify element property value successfully

2023-10-16 14:20:39 - [TEST_STEP][PASSED] - verifyElementPropertyValue(getResponse, "offers[7].groups[0].pricingPlans[0].pricingPlanData[0].visualElements[1].value", "Subscribe"): Verify element property value successfully

2023-10-16 14:20:39 - [MESSAGE][PASSED] - Verify element property value successfully

2023-10-16 14:20:39 - [TEST_STEP][PASSED] - verifyElementPropertyValue(getResponse, "offers[7].groups[0].pricingPlans[0].pricingPlanData[0].visualElements[2].key", "logo"): Verify element property value successfully

2023-10-16 14:20:40 - [MESSAGE][PASSED] - Verify element property value successfully

2023-10-16 14:20:40 - [TEST_STEP][PASSED] - verifyElementPropertyValue(getResponse, "offers[7].groups[0].pricingPlans[0].pricingPlanData[0].visualElements[2].value", "https://static.s3.shahid.mbc.net/widget-images/icons/iconCreditCard.png"): Verify element property value successfully

2023-10-16 14:20:40 - [MESSAGE][PASSED] - Verify element property value successfully

2023-10-16 14:20:40 - [TEST_STEP][PASSED] - verifyElementPropertyValue(getResponse, "offers[11].offerId", "byg-sport-30-offer"): Verify element property value successfully

2023-10-16 14:20:40 - [MESSAGE][PASSED] - Verify element property value successfully

2023-10-16 14:20:40 - [TEST_STEP][PASSED] - verifyElementPropertyValue(getResponse, "offers[11].offerParam", "bygsportsoffer30"): Verify element property value successfully

2023-10-16 14:20:40 - [MESSAGE][PASSED] - Verify element property value successfully

2023-10-16 14:20:40 - [TEST_STEP][PASSED] - verifyElementPropertyValue(getResponse, "offers[11].groups[0].pricingPlans[0].featured", "true"): Verify element property value successfully

2023-10-16 14:20:40 - [MESSAGE][PASSED] - Verify element property value successfully

2023-10-16 14:20:40 - [TEST_STEP][PASSED] - verifyElementPropertyValue(getResponse, "offers[11].groups[0].pricingPlans[0].period", "monthly"): Verify element property value successfully

2023-10-16 14:20:40 - [MESSAGE][PASSED] - Verify element property value successfully

2023-10-16 14:20:40 - [TEST_STEP][PASSED] - verifyElementPropertyValue(getResponse, "offers[11].groups[0].pricingPlans[0].featured", "true"): Verify element property value successfully

2023-10-16 14:20:40 - [MESSAGE][PASSED] - Verify element property value successfully

2023-10-16 14:20:40 - [TEST_STEP][PASSED] - verifyElementPropertyValue(getResponse, "offers[11].groups[0].pricingPlans[0].price", "13.99"): Verify element property value successfully

2023-10-16 14:20:40 - [MESSAGE][PASSED] - Verify element property value successfully

2023-10-16 14:20:40 - [TEST_STEP][PASSED] - verifyElementPropertyValue(getResponse, "offers[11].groups[0].pricingPlans[0].currency", "TND"): Verify element property value successfully

2023-10-16 14:20:40 - [MESSAGE][PASSED] - Verify element property value successfully

2023-10-16 14:20:40 - [TEST_STEP][PASSED] - verifyElementPropertyValue(getResponse, "offers[11].groups[0].pricingPlans[0].order", "0"): Verify element property value successfully

2023-10-16 14:20:40 - [MESSAGE][PASSED] - Verify element property value successfully

2023-10-16 14:20:40 - [TEST_STEP][PASSED] - verifyElementPropertyValue(getResponse, "offers[11].groups[0].pricingPlans[0].packageId", "SHAHID_VIP_SPORT"): Verify element property value successfully

2023-10-16 14:20:40 - [MESSAGE][PASSED] - Verify element property value successfully

2023-10-16 14:20:40 - [TEST_STEP][PASSED] - verifyElementPropertyValue(getResponse, "offers[11].groups[0].pricingPlans[0].catalogId", "SPORT"): Verify element property value successfully

2023-10-16 14:20:40 - [MESSAGE][PASSED] - Verify element property value successfully

2023-10-16 14:20:40 - [TEST_STEP][PASSED] - verifyElementPropertyValue(getResponse, "offers[11].groups[0].pricingPlans[0].visualElements[0].key", "Header_1_text"): Verify element property value successfully

2023-10-16 14:20:40 - [MESSAGE][PASSED] - Verify element property value successfully

2023-10-16 14:20:40 - [TEST_STEP][PASSED] - verifyElementPropertyValue(getResponse, "offers[11].groups[0].pricingPlans[0].visualElements[0].value", "Watch the most powerful series and movies exclusively without stopping"): Verify element property value successfully

2023-10-16 14:20:40 - [MESSAGE][PASSED] - Verify element property value successfully

2023-10-16 14:20:40 - [TEST_STEP][PASSED] - verifyElementPropertyValue(getResponse, "offers[11].groups[0].pricingPlans[0].visualElements[1].key", "display_title"): Verify element property value successfully

2023-10-16 14:20:40 - [MESSAGE][PASSED] - Verify element property value successfully

2023-10-16 14:20:40 - [TEST_STEP][FAILED] - verifyElementPropertyValue(getResponse, "offers[11].groups[0].pricingPlans[0].visualElements[1].value", "30% Discount Offer"): Expected element property value '30% Discount Offer' is not equal with actual property value '30% Discount Offer​'

2023-10-16 14:20:40 - [MESSAGE][FAILED] - Expected element property value '30% Discount Offer' is not equal with actual property value '30% Discount Offer​'

2023-10-16 14:20:40 - [TEST_STEP][PASSED] - verifyElementPropertyValue(getResponse, "offers[11].groups[0].pricingPlans[0].visualElements[3].key", "deduction_text"): Verify element property value successfully

2023-10-16 14:20:40 - [MESSAGE][PASSED] - Verify element property value successfully

2023-10-16 14:20:40 - [TEST_STEP][PASSED] - verifyElementPropertyValue(getResponse, "offers[11].groups[0].pricingPlans[0].visualElements[3].value", "billed every month"): Verify element property value successfully

2023-10-16 14:20:40 - [MESSAGE][PASSED] - Verify element property value successfully

2023-10-16 14:20:40 - [TEST_STEP][PASSED] - verifyElementPropertyValue(getResponse, "offers[11].groups[0].pricingPlans[0].visualElements[6].key", "show_payment_logo"): Verify element property value successfully

2023-10-16 14:20:40 - [MESSAGE][PASSED] - Verify element property value successfully

2023-10-16 14:20:40 - [TEST_STEP][PASSED] - verifyElementPropertyValue(getResponse, "offers[11].groups[0].pricingPlans[0].visualElements[6].value", "true"): Verify element property value successfully

2023-10-16 14:20:40 - [MESSAGE][PASSED] - Verify element property value successfully

2023-10-16 14:20:40 - [TEST_STEP][PASSED] - verifyElementPropertyValue(getResponse, "offers[11].groups[0].pricingPlans[0].visualElements[8].key", "price"): Verify element property value successfully

2023-10-16 14:20:40 - [MESSAGE][PASSED] - Verify element property value successfully

2023-10-16 14:20:40 - [TEST_STEP][PASSED] - verifyElementPropertyValue(getResponse, "offers[11].groups[0].pricingPlans[0].visualElements[8].value", "13.99"): Verify element property value successfully

2023-10-16 14:20:40 - [MESSAGE][PASSED] - Verify element property value successfully

2023-10-16 14:20:40 - [TEST_STEP][PASSED] - verifyElementPropertyValue(getResponse, "offers[11].groups[0].pricingPlans[0].visualElements[9].key", "currency"): Verify element property value successfully

2023-10-16 14:20:40 - [MESSAGE][PASSED] - Verify element property value successfully

2023-10-16 14:20:40 - [TEST_STEP][PASSED] - verifyElementPropertyValue(getResponse, "offers[11].groups[0].pricingPlans[0].visualElements[9].value", "TND"): Verify element property value successfully

2023-10-16 14:20:40 - [MESSAGE][PASSED] - Verify element property value successfully

2023-10-16 14:20:40 - [TEST_STEP][PASSED] - verifyElementPropertyValue(getResponse, "offers[11].groups[0].pricingPlans[0].visualElements[10].key", "duration"): Verify element property value successfully

2023-10-16 14:20:40 - [MESSAGE][PASSED] - Verify element property value successfully

2023-10-16 14:20:40 - [TEST_STEP][PASSED] - verifyElementPropertyValue(getResponse, "offers[11].groups[0].pricingPlans[0].visualElements[10].value", "Monthly"): Verify element property value successfully

2023-10-16 14:20:40 - [MESSAGE][PASSED] - Verify element property value successfully

2023-10-16 14:20:40 - [TEST_STEP][PASSED] - verifyElementPropertyValue(getResponse, "offers[11].groups[0].pricingPlans[0].visualElements[11].key", "featured_tag_text"): Verify element property value successfully

2023-10-16 14:20:40 - [MESSAGE][PASSED] - Verify element property value successfully

2023-10-16 14:20:40 - [TEST_STEP][PASSED] - verifyElementPropertyValue(getResponse, "offers[11].groups[0].pricingPlans[0].visualElements[11].value", "Limited Time Offer"): Verify element property value successfully

2023-10-16 14:20:40 - [MESSAGE][PASSED] - Verify element property value successfully

2023-10-16 14:20:40 - [TEST_STEP][PASSED] - verifyElementPropertyValue(getResponse, "offers[11].groups[0].pricingPlans[0].visualElements[12].key", "show_tag"): Verify element property value successfully

2023-10-16 14:20:40 - [MESSAGE][PASSED] - Verify element property value successfully

2023-10-16 14:20:40 - [TEST_STEP][PASSED] - verifyElementPropertyValue(getResponse, "offers[11].groups[0].pricingPlans[0].visualElements[12].value", "true"): Verify element property value successfully

2023-10-16 14:20:40 - [MESSAGE][PASSED] - Verify element property value successfully

2023-10-16 14:20:40 - [TEST_STEP][PASSED] - verifyElementPropertyValue(getResponse, "offers[11].groups[0].pricingPlans[0].visualElements[13].key", "tag_text"): Verify element property value successfully

2023-10-16 14:20:40 - [MESSAGE][PASSED] - Verify element property value successfully

2023-10-16 14:20:40 - [TEST_STEP][PASSED] - verifyElementPropertyValue(getResponse, "offers[11].groups[0].pricingPlans[0].visualElements[13].value", "Save 30%"): Verify element property value successfully

2023-10-16 14:20:40 - [MESSAGE][PASSED] - Verify element property value successfully

2023-10-16 14:20:40 - [TEST_STEP][PASSED] - verifyElementPropertyValue(getResponse, "offers[11].groups[0].pricingPlans[0].pricingPlanData[0].productId", "TUN_B2C_SHAHID_VIP_SPORT_1M"): Verify element property value successfully

2023-10-16 14:20:40 - [MESSAGE][PASSED] - Verify element property value successfully

2023-10-16 14:20:40 - [TEST_STEP][PASSED] - verifyElementPropertyValue(getResponse, "offers[11].groups[0].pricingPlans[0].pricingPlanData[0].paymentMethod", "CREDIT_CARD"): Verify element property value successfully

2023-10-16 14:20:40 - [MESSAGE][PASSED] - Verify element property value successfully

2023-10-16 14:20:40 - [TEST_STEP][PASSED] - verifyElementPropertyValue(getResponse, "offers[11].groups[0].pricingPlans[0].pricingPlanData[0].freeTrialEnabled", "false"): Verify element property value successfully

2023-10-16 14:20:40 - [MESSAGE][PASSED] - Verify element property value successfully

2023-10-16 14:20:40 - [TEST_STEP][PASSED] - verifyElementPropertyValue(getResponse, "offers[11].groups[0].pricingPlans[0].pricingPlanData[0].showIn[0]", "VERTICAL_MODE"): Verify element property value successfully

2023-10-16 14:20:40 - [MESSAGE][PASSED] - Verify element property value successfully

2023-10-16 14:20:40 - [TEST_STEP][PASSED] - verifyElementPropertyValue(getResponse, "offers[11].groups[0].pricingPlans[0].pricingPlanData[0].showIn[1]", "HORIZONTAL_MODE"): Verify element property value successfully

2023-10-16 14:20:40 - [MESSAGE][PASSED] - Verify element property value successfully

2023-10-16 14:20:40 - [TEST_STEP][PASSED] - verifyElementPropertyValue(getResponse, "offers[11].groups[0].pricingPlans[0].pricingPlanData[0].priceLabel", "13.99"): Verify element property value successfully

2023-10-16 14:20:40 - [MESSAGE][PASSED] - Verify element property value successfully

2023-10-16 14:20:40 - [TEST_STEP][PASSED] - verifyElementPropertyValue(getResponse, "offers[11].groups[0].pricingPlans[0].pricingPlanData[0].currencyLabel", "TND"): Verify element property value successfully

2023-10-16 14:20:40 - [MESSAGE][PASSED] - Verify element property value successfully

2023-10-16 14:20:40 - [TEST_STEP][PASSED] - verifyElementPropertyValue(getResponse, "offers[11].groups[0].pricingPlans[0].pricingPlanData[0].dealId", "BYG_SPORT_30P_TUN"): Verify element property value successfully

2023-10-16 14:20:40 - [MESSAGE][PASSED] - Verify element property value successfully

2023-10-16 14:20:40 - [TEST_STEP][PASSED] - verifyElementPropertyValue(getResponse, "offers[11].groups[0].pricingPlans[0].pricingPlanData[0].allowedForAcquisition", "true"): Verify element property value successfully

2023-10-16 14:20:40 - [MESSAGE][PASSED] - Verify element property value successfully

2023-10-16 14:20:40 - [TEST_STEP][PASSED] - verifyElementPropertyValue(getResponse, "offers[11].groups[0].pricingPlans[0].pricingPlanData[0].visualElements[0].key", "title"): Verify element property value successfully

2023-10-16 14:20:40 - [MESSAGE][PASSED] - Verify element property value successfully

2023-10-16 14:20:40 - [TEST_STEP][PASSED] - verifyElementPropertyValue(getResponse, "offers[11].groups[0].pricingPlans[0].pricingPlanData[0].visualElements[0].value", "Credit/Debit Card"): Verify element property value successfully

2023-10-16 14:20:40 - [MESSAGE][PASSED] - Verify element property value successfully

2023-10-16 14:20:40 - [TEST_STEP][PASSED] - verifyElementPropertyValue(getResponse, "offers[11].groups[0].pricingPlans[0].pricingPlanData[0].visualElements[1].key", "CTA_text"): Verify element property value successfully

2023-10-16 14:20:40 - [MESSAGE][PASSED] - Verify element property value successfully

2023-10-16 14:20:40 - [TEST_STEP][PASSED] - verifyElementPropertyValue(getResponse, "offers[11].groups[0].pricingPlans[0].pricingPlanData[0].visualElements[1].value", "Subscribe"): Verify element property value successfully

2023-10-16 14:20:40 - [MESSAGE][PASSED] - Verify element property value successfully

2023-10-16 14:20:40 - [TEST_STEP][PASSED] - verifyElementPropertyValue(getResponse, "offers[11].groups[0].pricingPlans[0].pricingPlanData[0].visualElements[2].key", "logo"): Verify element property value successfully

2023-10-16 14:20:40 - [MESSAGE][PASSED] - Verify element property value successfully

2023-10-16 14:20:40 - [TEST_STEP][PASSED] - verifyElementPropertyValue(getResponse, "offers[11].groups[0].pricingPlans[0].pricingPlanData[0].visualElements[2].value", "https://static.s3.shahid.mbc.net/widget-images/icons/iconCreditCard.png"): Verify element property value successfully

2023-10-16 14:20:40 - [MESSAGE][PASSED] - Verify element property value successfully

2023-10-16 14:20:40 - [TEST_STEP][PASSED] - verifyElementPropertyValue(getResponse, "offers[12].offerId", "byg-sport-40-offer"): Verify element property value successfully

2023-10-16 14:20:40 - [MESSAGE][PASSED] - Verify element property value successfully

2023-10-16 14:20:40 - [TEST_STEP][PASSED] - verifyElementPropertyValue(getResponse, "offers[12].offerParam", "bygsportsoffer40"): Verify element property value successfully

2023-10-16 14:20:40 - [MESSAGE][PASSED] - Verify element property value successfully

2023-10-16 14:20:40 - [TEST_STEP][PASSED] - verifyElementPropertyValue(getResponse, "offers[12].groups[0].pricingPlans[0].featured", "true"): Verify element property value successfully

2023-10-16 14:20:40 - [MESSAGE][PASSED] - Verify element property value successfully

2023-10-16 14:20:40 - [TEST_STEP][PASSED] - verifyElementPropertyValue(getResponse, "offers[12].groups[0].pricingPlans[0].period", "monthly"): Verify element property value successfully

2023-10-16 14:20:40 - [MESSAGE][PASSED] - Verify element property value successfully

2023-10-16 14:20:40 - [TEST_STEP][PASSED] - verifyElementPropertyValue(getResponse, "offers[12].groups[0].pricingPlans[0].featured", "true"): Verify element property value successfully

2023-10-16 14:20:40 - [MESSAGE][PASSED] - Verify element property value successfully

2023-10-16 14:20:40 - [TEST_STEP][PASSED] - verifyElementPropertyValue(getResponse, "offers[12].groups[0].pricingPlans[0].price", "11.99"): Verify element property value successfully

2023-10-16 14:20:40 - [MESSAGE][PASSED] - Verify element property value successfully

2023-10-16 14:20:40 - [TEST_STEP][PASSED] - verifyElementPropertyValue(getResponse, "offers[12].groups[0].pricingPlans[0].currency", "TND"): Verify element property value successfully

2023-10-16 14:20:40 - [MESSAGE][PASSED] - Verify element property value successfully

2023-10-16 14:20:40 - [TEST_STEP][PASSED] - verifyElementPropertyValue(getResponse, "offers[12].groups[0].pricingPlans[0].order", "0"): Verify element property value successfully

2023-10-16 14:20:40 - [MESSAGE][PASSED] - Verify element property value successfully

2023-10-16 14:20:40 - [TEST_STEP][PASSED] - verifyElementPropertyValue(getResponse, "offers[12].groups[0].pricingPlans[0].packageId", "SHAHID_VIP_SPORT"): Verify element property value successfully

2023-10-16 14:20:40 - [MESSAGE][PASSED] - Verify element property value successfully

2023-10-16 14:20:40 - [TEST_STEP][PASSED] - verifyElementPropertyValue(getResponse, "offers[12].groups[0].pricingPlans[0].catalogId", "SPORT"): Verify element property value successfully

2023-10-16 14:20:40 - [MESSAGE][PASSED] - Verify element property value successfully

2023-10-16 14:20:40 - [TEST_STEP][PASSED] - verifyElementPropertyValue(getResponse, "offers[12].groups[0].pricingPlans[0].visualElements[0].key", "Header_1_text"): Verify element property value successfully

2023-10-16 14:20:40 - [MESSAGE][PASSED] - Verify element property value successfully

2023-10-16 14:20:40 - [TEST_STEP][PASSED] - verifyElementPropertyValue(getResponse, "offers[12].groups[0].pricingPlans[0].visualElements[0].value", "Watch the most powerful series and movies exclusively without stopping"): Verify element property value successfully

2023-10-16 14:20:40 - [MESSAGE][PASSED] - Verify element property value successfully

2023-10-16 14:20:40 - [TEST_STEP][PASSED] - verifyElementPropertyValue(getResponse, "offers[12].groups[0].pricingPlans[0].visualElements[1].key", "display_title"): Verify element property value successfully

2023-10-16 14:20:40 - [MESSAGE][PASSED] - Verify element property value successfully

2023-10-16 14:20:40 - [TEST_STEP][FAILED] - verifyElementPropertyValue(getResponse, "offers[12].groups[0].pricingPlans[0].visualElements[1].value", "40% Discount Offer"): Expected element property value '40% Discount Offer' is not equal with actual property value '40% Discount Offer​'

2023-10-16 14:20:40 - [MESSAGE][FAILED] - Expected element property value '40% Discount Offer' is not equal with actual property value '40% Discount Offer​'

2023-10-16 14:20:40 - [TEST_STEP][PASSED] - verifyElementPropertyValue(getResponse, "offers[12].groups[0].pricingPlans[0].visualElements[3].key", "deduction_text"): Verify element property value successfully

2023-10-16 14:20:40 - [MESSAGE][PASSED] - Verify element property value successfully

2023-10-16 14:20:40 - [TEST_STEP][PASSED] - verifyElementPropertyValue(getResponse, "offers[12].groups[0].pricingPlans[0].visualElements[3].value", "billed every month"): Verify element property value successfully

2023-10-16 14:20:40 - [MESSAGE][PASSED] - Verify element property value successfully

2023-10-16 14:20:40 - [TEST_STEP][PASSED] - verifyElementPropertyValue(getResponse, "offers[12].groups[0].pricingPlans[0].visualElements[6].key", "show_payment_logo"): Verify element property value successfully

2023-10-16 14:20:40 - [MESSAGE][PASSED] - Verify element property value successfully

2023-10-16 14:20:40 - [TEST_STEP][PASSED] - verifyElementPropertyValue(getResponse, "offers[12].groups[0].pricingPlans[0].visualElements[6].value", "true"): Verify element property value successfully

2023-10-16 14:20:40 - [MESSAGE][PASSED] - Verify element property value successfully

2023-10-16 14:20:40 - [TEST_STEP][PASSED] - verifyElementPropertyValue(getResponse, "offers[12].groups[0].pricingPlans[0].visualElements[8].key", "price"): Verify element property value successfully

2023-10-16 14:20:40 - [MESSAGE][PASSED] - Verify element property value successfully

2023-10-16 14:20:40 - [TEST_STEP][PASSED] - verifyElementPropertyValue(getResponse, "offers[12].groups[0].pricingPlans[0].visualElements[8].value", "11.99"): Verify element property value successfully

2023-10-16 14:20:40 - [MESSAGE][PASSED] - Verify element property value successfully

2023-10-16 14:20:40 - [TEST_STEP][PASSED] - verifyElementPropertyValue(getResponse, "offers[12].groups[0].pricingPlans[0].visualElements[9].key", "currency"): Verify element property value successfully

2023-10-16 14:20:40 - [MESSAGE][PASSED] - Verify element property value successfully

2023-10-16 14:20:40 - [TEST_STEP][PASSED] - verifyElementPropertyValue(getResponse, "offers[12].groups[0].pricingPlans[0].visualElements[9].value", "TND"): Verify element property value successfully

2023-10-16 14:20:40 - [MESSAGE][PASSED] - Verify element property value successfully

2023-10-16 14:20:40 - [TEST_STEP][PASSED] - verifyElementPropertyValue(getResponse, "offers[12].groups[0].pricingPlans[0].visualElements[10].key", "duration"): Verify element property value successfully

2023-10-16 14:20:40 - [MESSAGE][PASSED] - Verify element property value successfully

2023-10-16 14:20:40 - [TEST_STEP][PASSED] - verifyElementPropertyValue(getResponse, "offers[12].groups[0].pricingPlans[0].visualElements[10].value", "Monthly"): Verify element property value successfully

2023-10-16 14:20:40 - [MESSAGE][PASSED] - Verify element property value successfully

2023-10-16 14:20:40 - [TEST_STEP][PASSED] - verifyElementPropertyValue(getResponse, "offers[12].groups[0].pricingPlans[0].visualElements[11].key", "featured_tag_text"): Verify element property value successfully

2023-10-16 14:20:40 - [MESSAGE][PASSED] - Verify element property value successfully

2023-10-16 14:20:40 - [TEST_STEP][PASSED] - verifyElementPropertyValue(getResponse, "offers[12].groups[0].pricingPlans[0].visualElements[11].value", "Limited Time Offer"): Verify element property value successfully

2023-10-16 14:20:40 - [MESSAGE][PASSED] - Verify element property value successfully

2023-10-16 14:20:40 - [TEST_STEP][PASSED] - verifyElementPropertyValue(getResponse, "offers[12].groups[0].pricingPlans[0].visualElements[13].key", "tag_text"): Verify element property value successfully

2023-10-16 14:20:40 - [MESSAGE][PASSED] - Verify element property value successfully

2023-10-16 14:20:40 - [TEST_STEP][PASSED] - verifyElementPropertyValue(getResponse, "offers[12].groups[0].pricingPlans[0].visualElements[13].value", "Save 40%"): Verify element property value successfully

2023-10-16 14:20:40 - [MESSAGE][PASSED] - Verify element property value successfully

2023-10-16 14:20:40 - [TEST_STEP][PASSED] - verifyElementPropertyValue(getResponse, "offers[12].groups[0].pricingPlans[0].visualElements[12].key", "show_tag"): Verify element property value successfully

2023-10-16 14:20:40 - [MESSAGE][PASSED] - Verify element property value successfully

2023-10-16 14:20:40 - [TEST_STEP][PASSED] - verifyElementPropertyValue(getResponse, "offers[12].groups[0].pricingPlans[0].visualElements[12].value", "true"): Verify element property value successfully

2023-10-16 14:20:40 - [MESSAGE][PASSED] - Verify element property value successfully

2023-10-16 14:20:40 - [TEST_STEP][PASSED] - verifyElementPropertyValue(getResponse, "offers[12].groups[0].pricingPlans[0].pricingPlanData[0].productId", "TUN_B2C_SHAHID_VIP_SPORT_1M"): Verify element property value successfully

2023-10-16 14:20:40 - [MESSAGE][PASSED] - Verify element property value successfully

2023-10-16 14:20:40 - [TEST_STEP][PASSED] - verifyElementPropertyValue(getResponse, "offers[12].groups[0].pricingPlans[0].pricingPlanData[0].paymentMethod", "CREDIT_CARD"): Verify element property value successfully

2023-10-16 14:20:40 - [MESSAGE][PASSED] - Verify element property value successfully

2023-10-16 14:20:40 - [TEST_STEP][PASSED] - verifyElementPropertyValue(getResponse, "offers[12].groups[0].pricingPlans[0].pricingPlanData[0].freeTrialEnabled", "false"): Verify element property value successfully

2023-10-16 14:20:40 - [MESSAGE][PASSED] - Verify element property value successfully

2023-10-16 14:20:40 - [TEST_STEP][PASSED] - verifyElementPropertyValue(getResponse, "offers[12].groups[0].pricingPlans[0].pricingPlanData[0].showIn[0]", "VERTICAL_MODE"): Verify element property value successfully

2023-10-16 14:20:40 - [MESSAGE][PASSED] - Verify element property value successfully

2023-10-16 14:20:40 - [TEST_STEP][PASSED] - verifyElementPropertyValue(getResponse, "offers[12].groups[0].pricingPlans[0].pricingPlanData[0].showIn[1]", "HORIZONTAL_MODE"): Verify element property value successfully

2023-10-16 14:20:40 - [MESSAGE][PASSED] - Verify element property value successfully

2023-10-16 14:20:40 - [TEST_STEP][PASSED] - verifyElementPropertyValue(getResponse, "offers[12].groups[0].pricingPlans[0].pricingPlanData[0].priceLabel", "11.99"): Verify element property value successfully

2023-10-16 14:20:40 - [MESSAGE][PASSED] - Verify element property value successfully

2023-10-16 14:20:40 - [TEST_STEP][PASSED] - verifyElementPropertyValue(getResponse, "offers[12].groups[0].pricingPlans[0].pricingPlanData[0].currencyLabel", "TND"): Verify element property value successfully

2023-10-16 14:20:40 - [MESSAGE][PASSED] - Verify element property value successfully

2023-10-16 14:20:40 - [TEST_STEP][PASSED] - verifyElementPropertyValue(getResponse, "offers[12].groups[0].pricingPlans[0].pricingPlanData[0].dealId", "BYG_SPORT_40P_TUN"): Verify element property value successfully

2023-10-16 14:20:40 - [MESSAGE][PASSED] - Verify element property value successfully

2023-10-16 14:20:40 - [TEST_STEP][PASSED] - verifyElementPropertyValue(getResponse, "offers[12].groups[0].pricingPlans[0].pricingPlanData[0].allowedForAcquisition", "true"): Verify element property value successfully

2023-10-16 14:20:40 - [MESSAGE][PASSED] - Verify element property value successfully

2023-10-16 14:20:40 - [TEST_STEP][PASSED] - verifyElementPropertyValue(getResponse, "offers[12].groups[0].pricingPlans[0].pricingPlanData[0].visualElements[0].key", "title"): Verify element property value successfully

2023-10-16 14:20:40 - [MESSAGE][PASSED] - Verify element property value successfully

2023-10-16 14:20:40 - [TEST_STEP][PASSED] - verifyElementPropertyValue(getResponse, "offers[12].groups[0].pricingPlans[0].pricingPlanData[0].visualElements[0].value", "Credit/Debit Card"): Verify element property value successfully

2023-10-16 14:20:40 - [MESSAGE][PASSED] - Verify element property value successfully

2023-10-16 14:20:40 - [TEST_STEP][PASSED] - verifyElementPropertyValue(getResponse, "offers[12].groups[0].pricingPlans[0].pricingPlanData[0].visualElements[1].key", "CTA_text"): Verify element property value successfully

2023-10-16 14:20:40 - [MESSAGE][PASSED] - Verify element property value successfully

2023-10-16 14:20:40 - [TEST_STEP][PASSED] - verifyElementPropertyValue(getResponse, "offers[12].groups[0].pricingPlans[0].pricingPlanData[0].visualElements[1].value", "Subscribe"): Verify element property value successfully

2023-10-16 14:20:40 - [MESSAGE][PASSED] - Verify element property value successfully

2023-10-16 14:20:40 - [TEST_STEP][PASSED] - verifyElementPropertyValue(getResponse, "offers[12].groups[0].pricingPlans[0].pricingPlanData[0].visualElements[2].key", "logo"): Verify element property value successfully

2023-10-16 14:20:40 - [MESSAGE][PASSED] - Verify element property value successfully

2023-10-16 14:20:40 - [TEST_STEP][PASSED] - verifyElementPropertyValue(getResponse, "offers[12].groups[0].pricingPlans[0].pricingPlanData[0].visualElements[2].value", "https://static.s3.shahid.mbc.net/widget-images/icons/iconCreditCard.png"): Verify element property value successfully

2023-10-16 14:20:40 - [MESSAGE][PASSED] - Verify element property value successfully

2023-10-16 14:20:40 - [TEST_STEP][PASSED] - verifyElementPropertyValue(getResponse, "offers[13].offerId", "byg-sport-50-offer"): Verify element property value successfully

2023-10-16 14:20:40 - [MESSAGE][PASSED] - Verify element property value successfully

2023-10-16 14:20:40 - [TEST_STEP][PASSED] - verifyElementPropertyValue(getResponse, "offers[13].offerParam", "bygsportsoffer50"): Verify element property value successfully

2023-10-16 14:20:40 - [MESSAGE][PASSED] - Verify element property value successfully

2023-10-16 14:20:40 - [TEST_STEP][PASSED] - verifyElementPropertyValue(getResponse, "offers[13].groups[0].pricingPlans[0].featured", "true"): Verify element property value successfully

2023-10-16 14:20:40 - [MESSAGE][PASSED] - Verify element property value successfully

2023-10-16 14:20:40 - [TEST_STEP][PASSED] - verifyElementPropertyValue(getResponse, "offers[13].groups[0].pricingPlans[0].period", "monthly"): Verify element property value successfully

2023-10-16 14:20:40 - [MESSAGE][PASSED] - Verify element property value successfully

2023-10-16 14:20:40 - [TEST_STEP][PASSED] - verifyElementPropertyValue(getResponse, "offers[13].groups[0].pricingPlans[0].featured", "true"): Verify element property value successfully

2023-10-16 14:20:40 - [MESSAGE][PASSED] - Verify element property value successfully

2023-10-16 14:20:40 - [TEST_STEP][PASSED] - verifyElementPropertyValue(getResponse, "offers[13].groups[0].pricingPlans[0].price", "9.99"): Verify element property value successfully

2023-10-16 14:20:40 - [MESSAGE][PASSED] - Verify element property value successfully

2023-10-16 14:20:40 - [TEST_STEP][PASSED] - verifyElementPropertyValue(getResponse, "offers[13].groups[0].pricingPlans[0].currency", "TND"): Verify element property value successfully

2023-10-16 14:20:40 - [MESSAGE][PASSED] - Verify element property value successfully

2023-10-16 14:20:40 - [TEST_STEP][PASSED] - verifyElementPropertyValue(getResponse, "offers[13].groups[0].pricingPlans[0].order", "0"): Verify element property value successfully

2023-10-16 14:20:40 - [MESSAGE][PASSED] - Verify element property value successfully

2023-10-16 14:20:41 - [TEST_STEP][PASSED] - verifyElementPropertyValue(getResponse, "offers[13].groups[0].pricingPlans[0].packageId", "SHAHID_VIP_SPORT"): Verify element property value successfully

2023-10-16 14:20:41 - [MESSAGE][PASSED] - Verify element property value successfully

2023-10-16 14:20:41 - [TEST_STEP][PASSED] - verifyElementPropertyValue(getResponse, "offers[13].groups[0].pricingPlans[0].catalogId", "SPORT"): Verify element property value successfully

2023-10-16 14:20:41 - [MESSAGE][PASSED] - Verify element property value successfully

2023-10-16 14:20:41 - [TEST_STEP][PASSED] - verifyElementPropertyValue(getResponse, "offers[13].groups[0].pricingPlans[0].visualElements[0].key", "Header_1_text"): Verify element property value successfully

2023-10-16 14:20:41 - [MESSAGE][PASSED] - Verify element property value successfully

2023-10-16 14:20:41 - [TEST_STEP][PASSED] - verifyElementPropertyValue(getResponse, "offers[13].groups[0].pricingPlans[0].visualElements[0].value", "Watch the most powerful series and movies exclusively without stopping"): Verify element property value successfully

2023-10-16 14:20:41 - [MESSAGE][PASSED] - Verify element property value successfully

2023-10-16 14:20:41 - [TEST_STEP][PASSED] - verifyElementPropertyValue(getResponse, "offers[13].groups[0].pricingPlans[0].visualElements[1].key", "display_title"): Verify element property value successfully

2023-10-16 14:20:41 - [MESSAGE][PASSED] - Verify element property value successfully

2023-10-16 14:20:41 - [TEST_STEP][FAILED] - verifyElementPropertyValue(getResponse, "offers[13].groups[0].pricingPlans[0].visualElements[1].value", "50% Discount Offer"): Expected element property value '50% Discount Offer' is not equal with actual property value '50% Discount Offer​'

2023-10-16 14:20:41 - [MESSAGE][FAILED] - Expected element property value '50% Discount Offer' is not equal with actual property value '50% Discount Offer​'

2023-10-16 14:20:41 - [TEST_STEP][PASSED] - verifyElementPropertyValue(getResponse, "offers[13].groups[0].pricingPlans[0].visualElements[3].key", "deduction_text"): Verify element property value successfully

2023-10-16 14:20:41 - [MESSAGE][PASSED] - Verify element property value successfully

2023-10-16 14:20:41 - [TEST_STEP][PASSED] - verifyElementPropertyValue(getResponse, "offers[13].groups[0].pricingPlans[0].visualElements[3].value", "billed every month"): Verify element property value successfully

2023-10-16 14:20:41 - [MESSAGE][PASSED] - Verify element property value successfully

2023-10-16 14:20:41 - [TEST_STEP][PASSED] - verifyElementPropertyValue(getResponse, "offers[13].groups[0].pricingPlans[0].visualElements[6].key", "show_payment_logo"): Verify element property value successfully

2023-10-16 14:20:41 - [MESSAGE][PASSED] - Verify element property value successfully

2023-10-16 14:20:41 - [TEST_STEP][PASSED] - verifyElementPropertyValue(getResponse, "offers[13].groups[0].pricingPlans[0].visualElements[6].value", "true"): Verify element property value successfully

2023-10-16 14:20:41 - [MESSAGE][PASSED] - Verify element property value successfully

2023-10-16 14:20:41 - [TEST_STEP][PASSED] - verifyElementPropertyValue(getResponse, "offers[13].groups[0].pricingPlans[0].visualElements[8].key", "price"): Verify element property value successfully

2023-10-16 14:20:41 - [MESSAGE][PASSED] - Verify element property value successfully

2023-10-16 14:20:41 - [TEST_STEP][PASSED] - verifyElementPropertyValue(getResponse, "offers[13].groups[0].pricingPlans[0].visualElements[8].value", "9.99"): Verify element property value successfully

2023-10-16 14:20:41 - [MESSAGE][PASSED] - Verify element property value successfully

2023-10-16 14:20:41 - [TEST_STEP][PASSED] - verifyElementPropertyValue(getResponse, "offers[13].groups[0].pricingPlans[0].visualElements[9].key", "currency"): Verify element property value successfully

2023-10-16 14:20:41 - [MESSAGE][PASSED] - Verify element property value successfully

2023-10-16 14:20:41 - [TEST_STEP][PASSED] - verifyElementPropertyValue(getResponse, "offers[13].groups[0].pricingPlans[0].visualElements[9].value", "TND"): Verify element property value successfully

2023-10-16 14:20:41 - [MESSAGE][PASSED] - Verify element property value successfully

2023-10-16 14:20:41 - [TEST_STEP][PASSED] - verifyElementPropertyValue(getResponse, "offers[13].groups[0].pricingPlans[0].visualElements[10].key", "duration"): Verify element property value successfully

2023-10-16 14:20:41 - [MESSAGE][PASSED] - Verify element property value successfully

2023-10-16 14:20:41 - [TEST_STEP][PASSED] - verifyElementPropertyValue(getResponse, "offers[13].groups[0].pricingPlans[0].visualElements[10].value", "Monthly"): Verify element property value successfully

2023-10-16 14:20:41 - [MESSAGE][PASSED] - Verify element property value successfully

2023-10-16 14:20:41 - [TEST_STEP][PASSED] - verifyElementPropertyValue(getResponse, "offers[13].groups[0].pricingPlans[0].visualElements[11].key", "featured_tag_text"): Verify element property value successfully

2023-10-16 14:20:41 - [MESSAGE][PASSED] - Verify element property value successfully

2023-10-16 14:20:41 - [TEST_STEP][PASSED] - verifyElementPropertyValue(getResponse, "offers[13].groups[0].pricingPlans[0].visualElements[11].value", "Limited Time Offer"): Verify element property value successfully

2023-10-16 14:20:41 - [MESSAGE][PASSED] - Verify element property value successfully

2023-10-16 14:20:41 - [TEST_STEP][PASSED] - verifyElementPropertyValue(getResponse, "offers[13].groups[0].pricingPlans[0].visualElements[13].key", "tag_text"): Verify element property value successfully

2023-10-16 14:20:41 - [MESSAGE][PASSED] - Verify element property value successfully

2023-10-16 14:20:41 - [TEST_STEP][PASSED] - verifyElementPropertyValue(getResponse, "offers[13].groups[0].pricingPlans[0].visualElements[13].value", "Save 50%"): Verify element property value successfully

2023-10-16 14:20:41 - [MESSAGE][PASSED] - Verify element property value successfully

2023-10-16 14:20:41 - [TEST_STEP][PASSED] - verifyElementPropertyValue(getResponse, "offers[13].groups[0].pricingPlans[0].visualElements[12].key", "show_tag"): Verify element property value successfully

2023-10-16 14:20:41 - [MESSAGE][PASSED] - Verify element property value successfully

2023-10-16 14:20:41 - [TEST_STEP][PASSED] - verifyElementPropertyValue(getResponse, "offers[13].groups[0].pricingPlans[0].visualElements[12].value", "true"): Verify element property value successfully

2023-10-16 14:20:41 - [MESSAGE][PASSED] - Verify element property value successfully

2023-10-16 14:20:41 - [TEST_STEP][PASSED] - verifyElementPropertyValue(getResponse, "offers[13].groups[0].pricingPlans[0].pricingPlanData[0].productId", "TUN_B2C_SHAHID_VIP_SPORT_1M"): Verify element property value successfully

2023-10-16 14:20:41 - [MESSAGE][PASSED] - Verify element property value successfully

2023-10-16 14:20:41 - [TEST_STEP][PASSED] - verifyElementPropertyValue(getResponse, "offers[13].groups[0].pricingPlans[0].pricingPlanData[0].paymentMethod", "CREDIT_CARD"): Verify element property value successfully

2023-10-16 14:20:41 - [MESSAGE][PASSED] - Verify element property value successfully

2023-10-16 14:20:41 - [TEST_STEP][PASSED] - verifyElementPropertyValue(getResponse, "offers[13].groups[0].pricingPlans[0].pricingPlanData[0].freeTrialEnabled", "false"): Verify element property value successfully

2023-10-16 14:20:41 - [MESSAGE][PASSED] - Verify element property value successfully

2023-10-16 14:20:41 - [TEST_STEP][PASSED] - verifyElementPropertyValue(getResponse, "offers[13].groups[0].pricingPlans[0].pricingPlanData[0].showIn[0]", "VERTICAL_MODE"): Verify element property value successfully

2023-10-16 14:20:41 - [MESSAGE][PASSED] - Verify element property value successfully

2023-10-16 14:20:41 - [TEST_STEP][PASSED] - verifyElementPropertyValue(getResponse, "offers[13].groups[0].pricingPlans[0].pricingPlanData[0].showIn[1]", "HORIZONTAL_MODE"): Verify element property value successfully

2023-10-16 14:20:41 - [MESSAGE][PASSED] - Verify element property value successfully

2023-10-16 14:20:41 - [TEST_STEP][PASSED] - verifyElementPropertyValue(getResponse, "offers[13].groups[0].pricingPlans[0].pricingPlanData[0].priceLabel", "9.99"): Verify element property value successfully

2023-10-16 14:20:41 - [MESSAGE][PASSED] - Verify element property value successfully

2023-10-16 14:20:41 - [TEST_STEP][PASSED] - verifyElementPropertyValue(getResponse, "offers[13].groups[0].pricingPlans[0].pricingPlanData[0].currencyLabel", "TND"): Verify element property value successfully

2023-10-16 14:20:41 - [MESSAGE][PASSED] - Verify element property value successfully

2023-10-16 14:20:41 - [TEST_STEP][PASSED] - verifyElementPropertyValue(getResponse, "offers[13].groups[0].pricingPlans[0].pricingPlanData[0].dealId", "BYG_SPORT_50P_TUN"): Verify element property value successfully

2023-10-16 14:20:41 - [MESSAGE][PASSED] - Verify element property value successfully

2023-10-16 14:20:41 - [TEST_STEP][PASSED] - verifyElementPropertyValue(getResponse, "offers[13].groups[0].pricingPlans[0].pricingPlanData[0].allowedForAcquisition", "true"): Verify element property value successfully

2023-10-16 14:20:41 - [MESSAGE][PASSED] - Verify element property value successfully

2023-10-16 14:20:41 - [TEST_STEP][PASSED] - verifyElementPropertyValue(getResponse, "offers[13].groups[0].pricingPlans[0].pricingPlanData[0].visualElements[0].key", "title"): Verify element property value successfully

2023-10-16 14:20:41 - [MESSAGE][PASSED] - Verify element property value successfully

2023-10-16 14:20:41 - [TEST_STEP][PASSED] - verifyElementPropertyValue(getResponse, "offers[13].groups[0].pricingPlans[0].pricingPlanData[0].visualElements[0].value", "Credit/Debit Card"): Verify element property value successfully

2023-10-16 14:20:41 - [MESSAGE][PASSED] - Verify element property value successfully

2023-10-16 14:20:41 - [TEST_STEP][PASSED] - verifyElementPropertyValue(getResponse, "offers[13].groups[0].pricingPlans[0].pricingPlanData[0].visualElements[1].key", "CTA_text"): Verify element property value successfully

2023-10-16 14:20:41 - [MESSAGE][PASSED] - Verify element property value successfully

2023-10-16 14:20:41 - [TEST_STEP][PASSED] - verifyElementPropertyValue(getResponse, "offers[13].groups[0].pricingPlans[0].pricingPlanData[0].visualElements[1].value", "Subscribe"): Verify element property value successfully

2023-10-16 14:20:41 - [MESSAGE][PASSED] - Verify element property value successfully

2023-10-16 14:20:41 - [TEST_STEP][PASSED] - verifyElementPropertyValue(getResponse, "offers[13].groups[0].pricingPlans[0].pricingPlanData[0].visualElements[2].key", "logo"): Verify element property value successfully

2023-10-16 14:20:41 - [MESSAGE][PASSED] - Verify element property value successfully

2023-10-16 14:20:41 - [TEST_STEP][PASSED] - verifyElementPropertyValue(getResponse, "offers[13].groups[0].pricingPlans[0].pricingPlanData[0].visualElements[2].value", "https://static.s3.shahid.mbc.net/widget-images/icons/iconCreditCard.png"): Verify element property value successfully

2023-10-16 14:20:41 - [MESSAGE][PASSED] - Verify element property value successfully]]></system-out>
         <system-err><![CDATA[2023-10-16 14:20:37 - [TEST_CASE][FAILED] - Test Cases/WEB - CHROME/TUN PI/WEB_EN_getOffersForTUN_SPORT: Test Cases/WEB - CHROME/TUN PI/WEB_EN_getOffersForTUN_SPORT FAILED.
Reason:
com.kms.katalon.core.exception.StepFailedException: Expected element property value '30% Discount Offer' is not equal with actual property value '30% Discount Offer​'
	at com.kms.katalon.core.keyword.internal.KeywordMain.stepFailed(KeywordMain.groovy:39)
	at com.kms.katalon.core.webservice.keyword.builtin.VerifyElementPropertyValueKeyword$_verifyElementPropertyValue_closure1.doCall(VerifyElementPropertyValueKeyword.groovy:56)
	at com.kms.katalon.core.webservice.keyword.builtin.VerifyElementPropertyValueKeyword$_verifyElementPropertyValue_closure1.call(VerifyElementPropertyValueKeyword.groovy)
	at com.kms.katalon.core.keyword.internal.KeywordMain.runKeyword(KeywordMain.groovy:75)
	at com.kms.katalon.core.webservice.keyword.builtin.VerifyElementPropertyValueKeyword.verifyElementPropertyValue(VerifyElementPropertyValueKeyword.groovy:48)
	at com.kms.katalon.core.webservice.keyword.builtin.VerifyElementPropertyValueKeyword.execute(VerifyElementPropertyValueKeyword.groovy:43)
	at com.kms.katalon.core.keyword.internal.KeywordExecutor.executeKeywordForPlatform(KeywordExecutor.groovy:74)
	at com.kms.katalon.core.webservice.keyword.WSBuiltInKeywords.verifyElementPropertyValue(WSBuiltInKeywords.groovy:190)
	at com.kms.katalon.core.webservice.keyword.WSBuiltInKeywords$verifyElementPropertyValue$1.call(Unknown Source)
	at WEB_EN_getOffersForTUN_SPORT.run(WEB_EN_getOffersForTUN_SPORT:46)
	at com.kms.katalon.core.main.ScriptEngine.run(ScriptEngine.java:194)
	at com.kms.katalon.core.main.ScriptEngine.runScriptAsRawText(ScriptEngine.java:119)
	at com.kms.katalon.core.main.TestCaseExecutor.runScript(TestCaseExecutor.java:448)
	at com.kms.katalon.core.main.TestCaseExecutor.doExecute(TestCaseExecutor.java:439)
	at com.kms.katalon.core.main.TestCaseExecutor.processExecutionPhase(TestCaseExecutor.java:418)
	at com.kms.katalon.core.main.TestCaseExecutor.accessMainPhase(TestCaseExecutor.java:410)
	at com.kms.katalon.core.main.TestCaseExecutor.execute(TestCaseExecutor.java:285)
	at com.kms.katalon.core.common.CommonExecutor.accessTestCaseMainPhase(CommonExecutor.java:65)
	at com.kms.katalon.core.main.TestSuiteExecutor.accessTestSuiteMainPhase(TestSuiteExecutor.java:148)
	at com.kms.katalon.core.main.TestSuiteExecutor.execute(TestSuiteExecutor.java:106)
	at com.kms.katalon.core.main.TestCaseMain.startTestSuite(TestCaseMain.java:187)
	at com.kms.katalon.core.main.TestCaseMain$startTestSuite$0.call(Unknown Source)
	at TempTestSuite1697454223353.run(TempTestSuite1697454223353.groovy:36)]]></system-err>
      </testcase>
      <testcase name="Test Cases/WEB - CHROME/TUN PI/WEB_EN_getOffersForTUN_VIP" time="4.004" classname="Test Cases/WEB - CHROME/TUN PI/WEB_EN_getOffersForTUN_VIP" status="FAILED">
         <failure type="FAILED" message="Test Cases/WEB - CHROME/TUN PI/WEB_EN_getOffersForTUN_VIP FAILED.
Reason:
com.kms.katalon.core.exception.StepFailedException: Expected element property value '30% Discount Offer' is not equal with actual property value '30% Discount Offer​'
	at com.kms.katalon.core.keyword.internal.KeywordMain.stepFailed(KeywordMain.groovy:39)
	at com.kms.katalon.core.webservice.keyword.builtin.VerifyElementPropertyValueKeyword$_verifyElementPropertyValue_closure1.doCall(VerifyElementPropertyValueKeyword.groovy:56)
	at com.kms.katalon.core.webservice.keyword.builtin.VerifyElementPropertyValueKeyword$_verifyElementPropertyValue_closure1.call(VerifyElementPropertyValueKeyword.groovy)
	at com.kms.katalon.core.keyword.internal.KeywordMain.runKeyword(KeywordMain.groovy:75)
	at com.kms.katalon.core.webservice.keyword.builtin.VerifyElementPropertyValueKeyword.verifyElementPropertyValue(VerifyElementPropertyValueKeyword.groovy:48)
	at com.kms.katalon.core.webservice.keyword.builtin.VerifyElementPropertyValueKeyword.execute(VerifyElementPropertyValueKeyword.groovy:43)
	at com.kms.katalon.core.keyword.internal.KeywordExecutor.executeKeywordForPlatform(KeywordExecutor.groovy:74)
	at com.kms.katalon.core.webservice.keyword.WSBuiltInKeywords.verifyElementPropertyValue(WSBuiltInKeywords.groovy:190)
	at com.kms.katalon.core.webservice.keyword.WSBuiltInKeywords$verifyElementPropertyValue$1.call(Unknown Source)
	at WEB_EN_getOffersForTUN_VIP.run(WEB_EN_getOffersForTUN_VIP:59)
	at com.kms.katalon.core.main.ScriptEngine.run(ScriptEngine.java:194)
	at com.kms.katalon.core.main.ScriptEngine.runScriptAsRawText(ScriptEngine.java:119)
	at com.kms.katalon.core.main.TestCaseExecutor.runScript(TestCaseExecutor.java:448)
	at com.kms.katalon.core.main.TestCaseExecutor.doExecute(TestCaseExecutor.java:439)
	at com.kms.katalon.core.main.TestCaseExecutor.processExecutionPhase(TestCaseExecutor.java:418)
	at com.kms.katalon.core.main.TestCaseExecutor.accessMainPhase(TestCaseExecutor.java:410)
	at com.kms.katalon.core.main.TestCaseExecutor.execute(TestCaseExecutor.java:285)
	at com.kms.katalon.core.common.CommonExecutor.accessTestCaseMainPhase(CommonExecutor.java:65)
	at com.kms.katalon.core.main.TestSuiteExecutor.accessTestSuiteMainPhase(TestSuiteExecutor.java:148)
	at com.kms.katalon.core.main.TestSuiteExecutor.execute(TestSuiteExecutor.java:106)
	at com.kms.katalon.core.main.TestCaseMain.startTestSuite(TestCaseMain.java:187)
	at com.kms.katalon.core.main.TestCaseMain$startTestSuite$0.call(Unknown Source)
	at TempTestSuite1697454223353.run(TempTestSuite1697454223353.groovy:36)
"/>
         <system-out><![CDATA[2023-10-16 14:20:41 - [TEST_CASE][FAILED] - Test Cases/WEB - CHROME/TUN PI/WEB_EN_getOffersForTUN_VIP: Test Cases/WEB - CHROME/TUN PI/WEB_EN_getOffersForTUN_VIP FAILED.
Reason:
com.kms.katalon.core.exception.StepFailedException: Expected element property value '30% Discount Offer' is not equal with actual property value '30% Discount Offer​'
	at com.kms.katalon.core.keyword.internal.KeywordMain.stepFailed(KeywordMain.groovy:39)
	at com.kms.katalon.core.webservice.keyword.builtin.VerifyElementPropertyValueKeyword$_verifyElementPropertyValue_closure1.doCall(VerifyElementPropertyValueKeyword.groovy:56)
	at com.kms.katalon.core.webservice.keyword.builtin.VerifyElementPropertyValueKeyword$_verifyElementPropertyValue_closure1.call(VerifyElementPropertyValueKeyword.groovy)
	at com.kms.katalon.core.keyword.internal.KeywordMain.runKeyword(KeywordMain.groovy:75)
	at com.kms.katalon.core.webservice.keyword.builtin.VerifyElementPropertyValueKeyword.verifyElementPropertyValue(VerifyElementPropertyValueKeyword.groovy:48)
	at com.kms.katalon.core.webservice.keyword.builtin.VerifyElementPropertyValueKeyword.execute(VerifyElementPropertyValueKeyword.groovy:43)
	at com.kms.katalon.core.keyword.internal.KeywordExecutor.executeKeywordForPlatform(KeywordExecutor.groovy:74)
	at com.kms.katalon.core.webservice.keyword.WSBuiltInKeywords.verifyElementPropertyValue(WSBuiltInKeywords.groovy:190)
	at com.kms.katalon.core.webservice.keyword.WSBuiltInKeywords$verifyElementPropertyValue$1.call(Unknown Source)
	at WEB_EN_getOffersForTUN_VIP.run(WEB_EN_getOffersForTUN_VIP:59)
	at com.kms.katalon.core.main.ScriptEngine.run(ScriptEngine.java:194)
	at com.kms.katalon.core.main.ScriptEngine.runScriptAsRawText(ScriptEngine.java:119)
	at com.kms.katalon.core.main.TestCaseExecutor.runScript(TestCaseExecutor.java:448)
	at com.kms.katalon.core.main.TestCaseExecutor.doExecute(TestCaseExecutor.java:439)
	at com.kms.katalon.core.main.TestCaseExecutor.processExecutionPhase(TestCaseExecutor.java:418)
	at com.kms.katalon.core.main.TestCaseExecutor.accessMainPhase(TestCaseExecutor.java:410)
	at com.kms.katalon.core.main.TestCaseExecutor.execute(TestCaseExecutor.java:285)
	at com.kms.katalon.core.common.CommonExecutor.accessTestCaseMainPhase(CommonExecutor.java:65)
	at com.kms.katalon.core.main.TestSuiteExecutor.accessTestSuiteMainPhase(TestSuiteExecutor.java:148)
	at com.kms.katalon.core.main.TestSuiteExecutor.execute(TestSuiteExecutor.java:106)
	at com.kms.katalon.core.main.TestCaseMain.startTestSuite(TestCaseMain.java:187)
	at com.kms.katalon.core.main.TestCaseMain$startTestSuite$0.call(Unknown Source)
	at TempTestSuite1697454223353.run(TempTestSuite1697454223353.groovy:36)


2023-10-16 14:20:41 - [TEST_STEP][PASSED] - getResponse = config_files.getConfigFile.getConfig("WEB", "EN", "SHAHID_VIP", "TN", "false"): config_files.getConfigFile.getConfig is PASSED

2023-10-16 14:20:42 - [MESSAGE][INFO] - HAR: /Users/admin/git/shahid-configuration/Reports/20231016_140310/WEB/TUN/20231016_140343/requests/main/7.har

2023-10-16 14:20:42 - [MESSAGE][PASSED] - Send request successfully

2023-10-16 14:20:42 - [MESSAGE][PASSED] - config_files.getConfigFile.getConfig is PASSED

2023-10-16 14:20:42 - [TEST_STEP][PASSED] - verifyResponseStatusCode(getResponse, 200): Verify response status code successfully

2023-10-16 14:20:42 - [MESSAGE][PASSED] - Verify response status code successfully

2023-10-16 14:20:42 - [TEST_STEP][PASSED] - verifyElementPropertyValue(getResponse, "country", "TUN"): Verify element property value successfully

2023-10-16 14:20:42 - [MESSAGE][PASSED] - Verify element property value successfully

2023-10-16 14:20:42 - [TEST_STEP][PASSED] - verifyElementPropertyValue(getResponse, "platform", "[WEB]"): Verify element property value successfully

2023-10-16 14:20:42 - [MESSAGE][PASSED] - Verify element property value successfully

2023-10-16 14:20:42 - [TEST_STEP][PASSED] - verifyElementPropertyValue(getResponse, "offers[0].offerId", "winback-30-offer"): Verify element property value successfully

2023-10-16 14:20:42 - [MESSAGE][PASSED] - Verify element property value successfully

2023-10-16 14:20:42 - [TEST_STEP][PASSED] - verifyElementPropertyValue(getResponse, "offers[0].offerParam", "winback30"): Verify element property value successfully

2023-10-16 14:20:42 - [MESSAGE][PASSED] - Verify element property value successfully

2023-10-16 14:20:42 - [TEST_STEP][PASSED] - verifyElementPropertyValue(getResponse, "offers[0].groups[0].pricingPlans[0].featured", "true"): Verify element property value successfully

2023-10-16 14:20:42 - [MESSAGE][PASSED] - Verify element property value successfully

2023-10-16 14:20:42 - [TEST_STEP][PASSED] - verifyElementPropertyValue(getResponse, "offers[0].groups[0].pricingPlans[0].period", "monthly"): Verify element property value successfully

2023-10-16 14:20:42 - [MESSAGE][PASSED] - Verify element property value successfully

2023-10-16 14:20:42 - [TEST_STEP][PASSED] - verifyElementPropertyValue(getResponse, "offers[0].groups[0].pricingPlans[0].featured", "true"): Verify element property value successfully

2023-10-16 14:20:42 - [MESSAGE][PASSED] - Verify element property value successfully

2023-10-16 14:20:42 - [TEST_STEP][PASSED] - verifyElementPropertyValue(getResponse, "offers[0].groups[0].pricingPlans[0].price", "6.99"): Verify element property value successfully

2023-10-16 14:20:42 - [MESSAGE][PASSED] - Verify element property value successfully

2023-10-16 14:20:42 - [TEST_STEP][PASSED] - verifyElementPropertyValue(getResponse, "offers[0].groups[0].pricingPlans[0].currency", "TND"): Verify element property value successfully

2023-10-16 14:20:42 - [MESSAGE][PASSED] - Verify element property value successfully

2023-10-16 14:20:42 - [TEST_STEP][PASSED] - verifyElementPropertyValue(getResponse, "offers[0].groups[0].pricingPlans[0].order", "0"): Verify element property value successfully

2023-10-16 14:20:42 - [MESSAGE][PASSED] - Verify element property value successfully

2023-10-16 14:20:42 - [TEST_STEP][PASSED] - verifyElementPropertyValue(getResponse, "offers[0].groups[0].pricingPlans[0].packageId", "SHAHID_VIP"): Verify element property value successfully

2023-10-16 14:20:42 - [MESSAGE][PASSED] - Verify element property value successfully

2023-10-16 14:20:42 - [TEST_STEP][PASSED] - verifyElementPropertyValue(getResponse, "offers[0].groups[0].pricingPlans[0].catalogId", "VIP"): Verify element property value successfully

2023-10-16 14:20:42 - [MESSAGE][PASSED] - Verify element property value successfully

2023-10-16 14:20:42 - [TEST_STEP][PASSED] - verifyElementPropertyValue(getResponse, "offers[0].groups[0].pricingPlans[0].visualElements[0].key", "Header_1_text"): Verify element property value successfully

2023-10-16 14:20:42 - [MESSAGE][PASSED] - Verify element property value successfully

2023-10-16 14:20:42 - [TEST_STEP][PASSED] - verifyElementPropertyValue(getResponse, "offers[0].groups[0].pricingPlans[0].visualElements[0].value", "Watch the most powerful series and movies exclusively without stopping"): Verify element property value successfully

2023-10-16 14:20:42 - [MESSAGE][PASSED] - Verify element property value successfully

2023-10-16 14:20:42 - [TEST_STEP][PASSED] - verifyElementPropertyValue(getResponse, "offers[0].groups[0].pricingPlans[0].visualElements[1].key", "display_title"): Verify element property value successfully

2023-10-16 14:20:42 - [MESSAGE][PASSED] - Verify element property value successfully

2023-10-16 14:20:42 - [TEST_STEP][FAILED] - verifyElementPropertyValue(getResponse, "offers[0].groups[0].pricingPlans[0].visualElements[1].value", "30% Discount Offer"): Expected element property value '30% Discount Offer' is not equal with actual property value '30% Discount Offer​'

2023-10-16 14:20:42 - [MESSAGE][FAILED] - Expected element property value '30% Discount Offer' is not equal with actual property value '30% Discount Offer​'

2023-10-16 14:20:42 - [TEST_STEP][PASSED] - verifyElementPropertyValue(getResponse, "offers[0].groups[0].pricingPlans[0].visualElements[3].key", "deduction_text"): Verify element property value successfully

2023-10-16 14:20:42 - [MESSAGE][PASSED] - Verify element property value successfully

2023-10-16 14:20:42 - [TEST_STEP][PASSED] - verifyElementPropertyValue(getResponse, "offers[0].groups[0].pricingPlans[0].visualElements[3].value", "billed every month"): Verify element property value successfully

2023-10-16 14:20:42 - [MESSAGE][PASSED] - Verify element property value successfully

2023-10-16 14:20:42 - [TEST_STEP][PASSED] - verifyElementPropertyValue(getResponse, "offers[0].groups[0].pricingPlans[0].visualElements[6].key", "show_payment_logo"): Verify element property value successfully

2023-10-16 14:20:42 - [MESSAGE][PASSED] - Verify element property value successfully

2023-10-16 14:20:42 - [TEST_STEP][PASSED] - verifyElementPropertyValue(getResponse, "offers[0].groups[0].pricingPlans[0].visualElements[6].value", "true"): Verify element property value successfully

2023-10-16 14:20:42 - [MESSAGE][PASSED] - Verify element property value successfully

2023-10-16 14:20:42 - [TEST_STEP][PASSED] - verifyElementPropertyValue(getResponse, "offers[0].groups[0].pricingPlans[0].visualElements[8].key", "price"): Verify element property value successfully

2023-10-16 14:20:42 - [MESSAGE][PASSED] - Verify element property value successfully

2023-10-16 14:20:42 - [TEST_STEP][PASSED] - verifyElementPropertyValue(getResponse, "offers[0].groups[0].pricingPlans[0].visualElements[8].value", "6.99"): Verify element property value successfully

2023-10-16 14:20:42 - [MESSAGE][PASSED] - Verify element property value successfully

2023-10-16 14:20:42 - [TEST_STEP][PASSED] - verifyElementPropertyValue(getResponse, "offers[0].groups[0].pricingPlans[0].visualElements[9].key", "currency"): Verify element property value successfully

2023-10-16 14:20:42 - [MESSAGE][PASSED] - Verify element property value successfully

2023-10-16 14:20:42 - [TEST_STEP][PASSED] - verifyElementPropertyValue(getResponse, "offers[0].groups[0].pricingPlans[0].visualElements[9].value", "TND"): Verify element property value successfully

2023-10-16 14:20:42 - [MESSAGE][PASSED] - Verify element property value successfully

2023-10-16 14:20:42 - [TEST_STEP][PASSED] - verifyElementPropertyValue(getResponse, "offers[0].groups[0].pricingPlans[0].visualElements[10].key", "duration"): Verify element property value successfully

2023-10-16 14:20:42 - [MESSAGE][PASSED] - Verify element property value successfully

2023-10-16 14:20:42 - [TEST_STEP][PASSED] - verifyElementPropertyValue(getResponse, "offers[0].groups[0].pricingPlans[0].visualElements[10].value", "Monthly"): Verify element property value successfully

2023-10-16 14:20:42 - [MESSAGE][PASSED] - Verify element property value successfully

2023-10-16 14:20:42 - [TEST_STEP][PASSED] - verifyElementPropertyValue(getResponse, "offers[0].groups[0].pricingPlans[0].visualElements[11].key", "featured_tag_text"): Verify element property value successfully

2023-10-16 14:20:42 - [MESSAGE][PASSED] - Verify element property value successfully

2023-10-16 14:20:42 - [TEST_STEP][PASSED] - verifyElementPropertyValue(getResponse, "offers[0].groups[0].pricingPlans[0].visualElements[11].value", "Limited Time Offer"): Verify element property value successfully

2023-10-16 14:20:42 - [MESSAGE][PASSED] - Verify element property value successfully

2023-10-16 14:20:42 - [TEST_STEP][PASSED] - verifyElementPropertyValue(getResponse, "offers[0].groups[0].pricingPlans[0].visualElements[13].key", "tag_text"): Verify element property value successfully

2023-10-16 14:20:42 - [MESSAGE][PASSED] - Verify element property value successfully

2023-10-16 14:20:42 - [TEST_STEP][PASSED] - verifyElementPropertyValue(getResponse, "offers[0].groups[0].pricingPlans[0].visualElements[13].value", "Save 30%"): Verify element property value successfully

2023-10-16 14:20:42 - [MESSAGE][PASSED] - Verify element property value successfully

2023-10-16 14:20:42 - [TEST_STEP][PASSED] - verifyElementPropertyValue(getResponse, "offers[0].groups[0].pricingPlans[0].visualElements[12].key", "show_tag"): Verify element property value successfully

2023-10-16 14:20:42 - [MESSAGE][PASSED] - Verify element property value successfully

2023-10-16 14:20:42 - [TEST_STEP][PASSED] - verifyElementPropertyValue(getResponse, "offers[0].groups[0].pricingPlans[0].visualElements[12].value", "true"): Verify element property value successfully

2023-10-16 14:20:42 - [MESSAGE][PASSED] - Verify element property value successfully

2023-10-16 14:20:42 - [TEST_STEP][PASSED] - verifyElementPropertyValue(getResponse, "offers[0].groups[0].pricingPlans[0].pricingPlanData[0].productId", "TUN_B2C_SHAHID_VIP_1M"): Verify element property value successfully

2023-10-16 14:20:42 - [MESSAGE][PASSED] - Verify element property value successfully

2023-10-16 14:20:42 - [TEST_STEP][PASSED] - verifyElementPropertyValue(getResponse, "offers[0].groups[0].pricingPlans[0].pricingPlanData[0].paymentMethod", "CREDIT_CARD"): Verify element property value successfully

2023-10-16 14:20:42 - [MESSAGE][PASSED] - Verify element property value successfully

2023-10-16 14:20:42 - [TEST_STEP][PASSED] - verifyElementPropertyValue(getResponse, "offers[0].groups[0].pricingPlans[0].pricingPlanData[0].freeTrialEnabled", "false"): Verify element property value successfully

2023-10-16 14:20:42 - [MESSAGE][PASSED] - Verify element property value successfully

2023-10-16 14:20:42 - [TEST_STEP][PASSED] - verifyElementPropertyValue(getResponse, "offers[0].groups[0].pricingPlans[0].pricingPlanData[0].showIn[0]", "VERTICAL_MODE"): Verify element property value successfully

2023-10-16 14:20:42 - [MESSAGE][PASSED] - Verify element property value successfully

2023-10-16 14:20:42 - [TEST_STEP][PASSED] - verifyElementPropertyValue(getResponse, "offers[0].groups[0].pricingPlans[0].pricingPlanData[0].showIn[1]", "HORIZONTAL_MODE"): Verify element property value successfully

2023-10-16 14:20:42 - [MESSAGE][PASSED] - Verify element property value successfully

2023-10-16 14:20:42 - [TEST_STEP][PASSED] - verifyElementPropertyValue(getResponse, "offers[0].groups[0].pricingPlans[0].pricingPlanData[0].priceLabel", "6.99"): Verify element property value successfully

2023-10-16 14:20:42 - [MESSAGE][PASSED] - Verify element property value successfully

2023-10-16 14:20:42 - [TEST_STEP][PASSED] - verifyElementPropertyValue(getResponse, "offers[0].groups[0].pricingPlans[0].pricingPlanData[0].currencyLabel", "TND"): Verify element property value successfully

2023-10-16 14:20:42 - [MESSAGE][PASSED] - Verify element property value successfully

2023-10-16 14:20:42 - [TEST_STEP][PASSED] - verifyElementPropertyValue(getResponse, "offers[0].groups[0].pricingPlans[0].pricingPlanData[0].dealId", "RE_30P_TUN"): Verify element property value successfully

2023-10-16 14:20:42 - [MESSAGE][PASSED] - Verify element property value successfully

2023-10-16 14:20:42 - [TEST_STEP][PASSED] - verifyElementPropertyValue(getResponse, "offers[0].groups[0].pricingPlans[0].pricingPlanData[0].allowedForAcquisition", "true"): Verify element property value successfully

2023-10-16 14:20:43 - [MESSAGE][PASSED] - Verify element property value successfully

2023-10-16 14:20:43 - [TEST_STEP][PASSED] - verifyElementPropertyValue(getResponse, "offers[0].groups[0].pricingPlans[0].pricingPlanData[0].visualElements[0].key", "title"): Verify element property value successfully

2023-10-16 14:20:43 - [MESSAGE][PASSED] - Verify element property value successfully

2023-10-16 14:20:43 - [TEST_STEP][PASSED] - verifyElementPropertyValue(getResponse, "offers[0].groups[0].pricingPlans[0].pricingPlanData[0].visualElements[0].value", "Credit/Debit Card"): Verify element property value successfully

2023-10-16 14:20:43 - [MESSAGE][PASSED] - Verify element property value successfully

2023-10-16 14:20:43 - [TEST_STEP][PASSED] - verifyElementPropertyValue(getResponse, "offers[0].groups[0].pricingPlans[0].pricingPlanData[0].visualElements[1].key", "CTA_text"): Verify element property value successfully

2023-10-16 14:20:43 - [MESSAGE][PASSED] - Verify element property value successfully

2023-10-16 14:20:43 - [TEST_STEP][PASSED] - verifyElementPropertyValue(getResponse, "offers[0].groups[0].pricingPlans[0].pricingPlanData[0].visualElements[1].value", "Subscribe"): Verify element property value successfully

2023-10-16 14:20:43 - [MESSAGE][PASSED] - Verify element property value successfully

2023-10-16 14:20:43 - [TEST_STEP][PASSED] - verifyElementPropertyValue(getResponse, "offers[0].groups[0].pricingPlans[0].pricingPlanData[0].visualElements[2].key", "logo"): Verify element property value successfully

2023-10-16 14:20:43 - [MESSAGE][PASSED] - Verify element property value successfully

2023-10-16 14:20:43 - [TEST_STEP][PASSED] - verifyElementPropertyValue(getResponse, "offers[0].groups[0].pricingPlans[0].pricingPlanData[0].visualElements[2].value", "https://static.s3.shahid.mbc.net/widget-images/icons/iconCreditCard.png"): Verify element property value successfully

2023-10-16 14:20:43 - [MESSAGE][PASSED] - Verify element property value successfully

2023-10-16 14:20:43 - [TEST_STEP][PASSED] - verifyElementPropertyValue(getResponse, "offers[1].offerId", "winback-40-offer"): Verify element property value successfully

2023-10-16 14:20:43 - [MESSAGE][PASSED] - Verify element property value successfully

2023-10-16 14:20:43 - [TEST_STEP][PASSED] - verifyElementPropertyValue(getResponse, "offers[1].offerParam", "winback40"): Verify element property value successfully

2023-10-16 14:20:43 - [MESSAGE][PASSED] - Verify element property value successfully

2023-10-16 14:20:43 - [TEST_STEP][PASSED] - verifyElementPropertyValue(getResponse, "offers[1].groups[0].pricingPlans[0].featured", "true"): Verify element property value successfully

2023-10-16 14:20:43 - [MESSAGE][PASSED] - Verify element property value successfully

2023-10-16 14:20:43 - [TEST_STEP][PASSED] - verifyElementPropertyValue(getResponse, "offers[1].groups[0].pricingPlans[0].period", "monthly"): Verify element property value successfully

2023-10-16 14:20:43 - [MESSAGE][PASSED] - Verify element property value successfully

2023-10-16 14:20:43 - [TEST_STEP][PASSED] - verifyElementPropertyValue(getResponse, "offers[1].groups[0].pricingPlans[0].featured", "true"): Verify element property value successfully

2023-10-16 14:20:43 - [MESSAGE][PASSED] - Verify element property value successfully

2023-10-16 14:20:43 - [TEST_STEP][PASSED] - verifyElementPropertyValue(getResponse, "offers[1].groups[0].pricingPlans[0].price", "5.99"): Verify element property value successfully

2023-10-16 14:20:43 - [MESSAGE][PASSED] - Verify element property value successfully

2023-10-16 14:20:43 - [TEST_STEP][PASSED] - verifyElementPropertyValue(getResponse, "offers[1].groups[0].pricingPlans[0].currency", "TND"): Verify element property value successfully

2023-10-16 14:20:43 - [MESSAGE][PASSED] - Verify element property value successfully

2023-10-16 14:20:43 - [TEST_STEP][PASSED] - verifyElementPropertyValue(getResponse, "offers[1].groups[0].pricingPlans[0].order", "0"): Verify element property value successfully

2023-10-16 14:20:43 - [MESSAGE][PASSED] - Verify element property value successfully

2023-10-16 14:20:43 - [TEST_STEP][PASSED] - verifyElementPropertyValue(getResponse, "offers[1].groups[0].pricingPlans[0].packageId", "SHAHID_VIP"): Verify element property value successfully

2023-10-16 14:20:43 - [MESSAGE][PASSED] - Verify element property value successfully

2023-10-16 14:20:43 - [TEST_STEP][PASSED] - verifyElementPropertyValue(getResponse, "offers[1].groups[0].pricingPlans[0].catalogId", "VIP"): Verify element property value successfully

2023-10-16 14:20:43 - [MESSAGE][PASSED] - Verify element property value successfully

2023-10-16 14:20:43 - [TEST_STEP][PASSED] - verifyElementPropertyValue(getResponse, "offers[1].groups[0].pricingPlans[0].visualElements[0].key", "Header_1_text"): Verify element property value successfully

2023-10-16 14:20:43 - [MESSAGE][PASSED] - Verify element property value successfully

2023-10-16 14:20:43 - [TEST_STEP][PASSED] - verifyElementPropertyValue(getResponse, "offers[1].groups[0].pricingPlans[0].visualElements[0].value", "Watch the most powerful series and movies exclusively without stopping"): Verify element property value successfully

2023-10-16 14:20:43 - [MESSAGE][PASSED] - Verify element property value successfully

2023-10-16 14:20:43 - [TEST_STEP][PASSED] - verifyElementPropertyValue(getResponse, "offers[1].groups[0].pricingPlans[0].visualElements[1].key", "display_title"): Verify element property value successfully

2023-10-16 14:20:43 - [MESSAGE][PASSED] - Verify element property value successfully

2023-10-16 14:20:43 - [TEST_STEP][FAILED] - verifyElementPropertyValue(getResponse, "offers[1].groups[0].pricingPlans[0].visualElements[1].value", "40% Discount Offer"): Expected element property value '40% Discount Offer' is not equal with actual property value '40% Discount Offer​'

2023-10-16 14:20:43 - [MESSAGE][FAILED] - Expected element property value '40% Discount Offer' is not equal with actual property value '40% Discount Offer​'

2023-10-16 14:20:43 - [TEST_STEP][PASSED] - verifyElementPropertyValue(getResponse, "offers[1].groups[0].pricingPlans[0].visualElements[3].key", "deduction_text"): Verify element property value successfully

2023-10-16 14:20:43 - [MESSAGE][PASSED] - Verify element property value successfully

2023-10-16 14:20:43 - [TEST_STEP][PASSED] - verifyElementPropertyValue(getResponse, "offers[1].groups[0].pricingPlans[0].visualElements[3].value", "billed every month"): Verify element property value successfully

2023-10-16 14:20:43 - [MESSAGE][PASSED] - Verify element property value successfully

2023-10-16 14:20:43 - [TEST_STEP][PASSED] - verifyElementPropertyValue(getResponse, "offers[1].groups[0].pricingPlans[0].visualElements[6].key", "show_payment_logo"): Verify element property value successfully

2023-10-16 14:20:43 - [MESSAGE][PASSED] - Verify element property value successfully

2023-10-16 14:20:43 - [TEST_STEP][PASSED] - verifyElementPropertyValue(getResponse, "offers[1].groups[0].pricingPlans[0].visualElements[6].value", "true"): Verify element property value successfully

2023-10-16 14:20:43 - [MESSAGE][PASSED] - Verify element property value successfully

2023-10-16 14:20:43 - [TEST_STEP][PASSED] - verifyElementPropertyValue(getResponse, "offers[1].groups[0].pricingPlans[0].visualElements[8].key", "price"): Verify element property value successfully

2023-10-16 14:20:43 - [MESSAGE][PASSED] - Verify element property value successfully

2023-10-16 14:20:43 - [TEST_STEP][PASSED] - verifyElementPropertyValue(getResponse, "offers[1].groups[0].pricingPlans[0].visualElements[8].value", "5.99"): Verify element property value successfully

2023-10-16 14:20:43 - [MESSAGE][PASSED] - Verify element property value successfully

2023-10-16 14:20:43 - [TEST_STEP][PASSED] - verifyElementPropertyValue(getResponse, "offers[1].groups[0].pricingPlans[0].visualElements[9].key", "currency"): Verify element property value successfully

2023-10-16 14:20:43 - [MESSAGE][PASSED] - Verify element property value successfully

2023-10-16 14:20:43 - [TEST_STEP][PASSED] - verifyElementPropertyValue(getResponse, "offers[1].groups[0].pricingPlans[0].visualElements[9].value", "TND"): Verify element property value successfully

2023-10-16 14:20:43 - [MESSAGE][PASSED] - Verify element property value successfully

2023-10-16 14:20:43 - [TEST_STEP][PASSED] - verifyElementPropertyValue(getResponse, "offers[1].groups[0].pricingPlans[0].visualElements[10].key", "duration"): Verify element property value successfully

2023-10-16 14:20:43 - [MESSAGE][PASSED] - Verify element property value successfully

2023-10-16 14:20:43 - [TEST_STEP][PASSED] - verifyElementPropertyValue(getResponse, "offers[1].groups[0].pricingPlans[0].visualElements[10].value", "Monthly"): Verify element property value successfully

2023-10-16 14:20:43 - [MESSAGE][PASSED] - Verify element property value successfully

2023-10-16 14:20:43 - [TEST_STEP][PASSED] - verifyElementPropertyValue(getResponse, "offers[1].groups[0].pricingPlans[0].visualElements[11].key", "featured_tag_text"): Verify element property value successfully

2023-10-16 14:20:43 - [MESSAGE][PASSED] - Verify element property value successfully

2023-10-16 14:20:43 - [TEST_STEP][PASSED] - verifyElementPropertyValue(getResponse, "offers[1].groups[0].pricingPlans[0].visualElements[11].value", "Limited Time Offer"): Verify element property value successfully

2023-10-16 14:20:43 - [MESSAGE][PASSED] - Verify element property value successfully

2023-10-16 14:20:43 - [TEST_STEP][PASSED] - verifyElementPropertyValue(getResponse, "offers[1].groups[0].pricingPlans[0].visualElements[13].key", "tag_text"): Verify element property value successfully

2023-10-16 14:20:43 - [MESSAGE][PASSED] - Verify element property value successfully

2023-10-16 14:20:43 - [TEST_STEP][PASSED] - verifyElementPropertyValue(getResponse, "offers[1].groups[0].pricingPlans[0].visualElements[13].value", "Save 40%"): Verify element property value successfully

2023-10-16 14:20:43 - [MESSAGE][PASSED] - Verify element property value successfully

2023-10-16 14:20:43 - [TEST_STEP][PASSED] - verifyElementPropertyValue(getResponse, "offers[1].groups[0].pricingPlans[0].visualElements[12].key", "show_tag"): Verify element property value successfully

2023-10-16 14:20:43 - [MESSAGE][PASSED] - Verify element property value successfully

2023-10-16 14:20:43 - [TEST_STEP][PASSED] - verifyElementPropertyValue(getResponse, "offers[1].groups[0].pricingPlans[0].visualElements[12].value", "true"): Verify element property value successfully

2023-10-16 14:20:43 - [MESSAGE][PASSED] - Verify element property value successfully

2023-10-16 14:20:43 - [TEST_STEP][PASSED] - verifyElementPropertyValue(getResponse, "offers[1].groups[0].pricingPlans[0].pricingPlanData[0].productId", "TUN_B2C_SHAHID_VIP_1M"): Verify element property value successfully

2023-10-16 14:20:43 - [MESSAGE][PASSED] - Verify element property value successfully

2023-10-16 14:20:43 - [TEST_STEP][PASSED] - verifyElementPropertyValue(getResponse, "offers[1].groups[0].pricingPlans[0].pricingPlanData[0].paymentMethod", "CREDIT_CARD"): Verify element property value successfully

2023-10-16 14:20:43 - [MESSAGE][PASSED] - Verify element property value successfully

2023-10-16 14:20:43 - [TEST_STEP][PASSED] - verifyElementPropertyValue(getResponse, "offers[1].groups[0].pricingPlans[0].pricingPlanData[0].freeTrialEnabled", "false"): Verify element property value successfully

2023-10-16 14:20:43 - [MESSAGE][PASSED] - Verify element property value successfully

2023-10-16 14:20:43 - [TEST_STEP][PASSED] - verifyElementPropertyValue(getResponse, "offers[1].groups[0].pricingPlans[0].pricingPlanData[0].showIn[0]", "VERTICAL_MODE"): Verify element property value successfully

2023-10-16 14:20:43 - [MESSAGE][PASSED] - Verify element property value successfully

2023-10-16 14:20:43 - [TEST_STEP][PASSED] - verifyElementPropertyValue(getResponse, "offers[1].groups[0].pricingPlans[0].pricingPlanData[0].showIn[1]", "HORIZONTAL_MODE"): Verify element property value successfully

2023-10-16 14:20:43 - [MESSAGE][PASSED] - Verify element property value successfully

2023-10-16 14:20:43 - [TEST_STEP][PASSED] - verifyElementPropertyValue(getResponse, "offers[1].groups[0].pricingPlans[0].pricingPlanData[0].priceLabel", "5.99"): Verify element property value successfully

2023-10-16 14:20:43 - [MESSAGE][PASSED] - Verify element property value successfully

2023-10-16 14:20:43 - [TEST_STEP][PASSED] - verifyElementPropertyValue(getResponse, "offers[1].groups[0].pricingPlans[0].pricingPlanData[0].currencyLabel", "TND"): Verify element property value successfully

2023-10-16 14:20:43 - [MESSAGE][PASSED] - Verify element property value successfully

2023-10-16 14:20:43 - [TEST_STEP][PASSED] - verifyElementPropertyValue(getResponse, "offers[1].groups[0].pricingPlans[0].pricingPlanData[0].dealId", "RE_40P_TUN"): Verify element property value successfully

2023-10-16 14:20:43 - [MESSAGE][PASSED] - Verify element property value successfully

2023-10-16 14:20:43 - [TEST_STEP][PASSED] - verifyElementPropertyValue(getResponse, "offers[1].groups[0].pricingPlans[0].pricingPlanData[0].allowedForAcquisition", "true"): Verify element property value successfully

2023-10-16 14:20:43 - [MESSAGE][PASSED] - Verify element property value successfully

2023-10-16 14:20:43 - [TEST_STEP][PASSED] - verifyElementPropertyValue(getResponse, "offers[1].groups[0].pricingPlans[0].pricingPlanData[0].visualElements[0].key", "title"): Verify element property value successfully

2023-10-16 14:20:43 - [MESSAGE][PASSED] - Verify element property value successfully

2023-10-16 14:20:43 - [TEST_STEP][PASSED] - verifyElementPropertyValue(getResponse, "offers[1].groups[0].pricingPlans[0].pricingPlanData[0].visualElements[0].value", "Credit/Debit Card"): Verify element property value successfully

2023-10-16 14:20:43 - [MESSAGE][PASSED] - Verify element property value successfully

2023-10-16 14:20:43 - [TEST_STEP][PASSED] - verifyElementPropertyValue(getResponse, "offers[1].groups[0].pricingPlans[0].pricingPlanData[0].visualElements[1].key", "CTA_text"): Verify element property value successfully

2023-10-16 14:20:43 - [MESSAGE][PASSED] - Verify element property value successfully

2023-10-16 14:20:43 - [TEST_STEP][PASSED] - verifyElementPropertyValue(getResponse, "offers[1].groups[0].pricingPlans[0].pricingPlanData[0].visualElements[1].value", "Subscribe"): Verify element property value successfully

2023-10-16 14:20:43 - [MESSAGE][PASSED] - Verify element property value successfully

2023-10-16 14:20:43 - [TEST_STEP][PASSED] - verifyElementPropertyValue(getResponse, "offers[1].groups[0].pricingPlans[0].pricingPlanData[0].visualElements[2].key", "logo"): Verify element property value successfully

2023-10-16 14:20:43 - [MESSAGE][PASSED] - Verify element property value successfully

2023-10-16 14:20:43 - [TEST_STEP][PASSED] - verifyElementPropertyValue(getResponse, "offers[1].groups[0].pricingPlans[0].pricingPlanData[0].visualElements[2].value", "https://static.s3.shahid.mbc.net/widget-images/icons/iconCreditCard.png"): Verify element property value successfully

2023-10-16 14:20:43 - [MESSAGE][PASSED] - Verify element property value successfully

2023-10-16 14:20:43 - [TEST_STEP][PASSED] - verifyElementPropertyValue(getResponse, "offers[2].offerId", "winback-50-offer"): Verify element property value successfully

2023-10-16 14:20:43 - [MESSAGE][PASSED] - Verify element property value successfully

2023-10-16 14:20:43 - [TEST_STEP][PASSED] - verifyElementPropertyValue(getResponse, "offers[2].offerParam", "winback50"): Verify element property value successfully

2023-10-16 14:20:43 - [MESSAGE][PASSED] - Verify element property value successfully

2023-10-16 14:20:43 - [TEST_STEP][PASSED] - verifyElementPropertyValue(getResponse, "offers[2].groups[0].pricingPlans[0].featured", "true"): Verify element property value successfully

2023-10-16 14:20:43 - [MESSAGE][PASSED] - Verify element property value successfully

2023-10-16 14:20:43 - [TEST_STEP][PASSED] - verifyElementPropertyValue(getResponse, "offers[2].groups[0].pricingPlans[0].period", "monthly"): Verify element property value successfully

2023-10-16 14:20:43 - [MESSAGE][PASSED] - Verify element property value successfully

2023-10-16 14:20:43 - [TEST_STEP][PASSED] - verifyElementPropertyValue(getResponse, "offers[2].groups[0].pricingPlans[0].featured", "true"): Verify element property value successfully

2023-10-16 14:20:43 - [MESSAGE][PASSED] - Verify element property value successfully

2023-10-16 14:20:43 - [TEST_STEP][PASSED] - verifyElementPropertyValue(getResponse, "offers[2].groups[0].pricingPlans[0].price", "4.99"): Verify element property value successfully

2023-10-16 14:20:43 - [MESSAGE][PASSED] - Verify element property value successfully

2023-10-16 14:20:43 - [TEST_STEP][PASSED] - verifyElementPropertyValue(getResponse, "offers[2].groups[0].pricingPlans[0].currency", "TND"): Verify element property value successfully

2023-10-16 14:20:43 - [MESSAGE][PASSED] - Verify element property value successfully

2023-10-16 14:20:43 - [TEST_STEP][PASSED] - verifyElementPropertyValue(getResponse, "offers[2].groups[0].pricingPlans[0].order", "0"): Verify element property value successfully

2023-10-16 14:20:43 - [MESSAGE][PASSED] - Verify element property value successfully

2023-10-16 14:20:43 - [TEST_STEP][PASSED] - verifyElementPropertyValue(getResponse, "offers[2].groups[0].pricingPlans[0].packageId", "SHAHID_VIP"): Verify element property value successfully

2023-10-16 14:20:43 - [MESSAGE][PASSED] - Verify element property value successfully

2023-10-16 14:20:43 - [TEST_STEP][PASSED] - verifyElementPropertyValue(getResponse, "offers[2].groups[0].pricingPlans[0].catalogId", "VIP"): Verify element property value successfully

2023-10-16 14:20:43 - [MESSAGE][PASSED] - Verify element property value successfully

2023-10-16 14:20:43 - [TEST_STEP][PASSED] - verifyElementPropertyValue(getResponse, "offers[2].groups[0].pricingPlans[0].visualElements[0].key", "Header_1_text"): Verify element property value successfully

2023-10-16 14:20:43 - [MESSAGE][PASSED] - Verify element property value successfully

2023-10-16 14:20:43 - [TEST_STEP][PASSED] - verifyElementPropertyValue(getResponse, "offers[2].groups[0].pricingPlans[0].visualElements[0].value", "Watch the most powerful series and movies exclusively without stopping"): Verify element property value successfully

2023-10-16 14:20:43 - [MESSAGE][PASSED] - Verify element property value successfully

2023-10-16 14:20:43 - [TEST_STEP][PASSED] - verifyElementPropertyValue(getResponse, "offers[2].groups[0].pricingPlans[0].visualElements[1].key", "display_title"): Verify element property value successfully

2023-10-16 14:20:43 - [MESSAGE][PASSED] - Verify element property value successfully

2023-10-16 14:20:43 - [TEST_STEP][FAILED] - verifyElementPropertyValue(getResponse, "offers[2].groups[0].pricingPlans[0].visualElements[1].value", "50% Discount Offer"): Expected element property value '50% Discount Offer' is not equal with actual property value '50% Discount Offer​'

2023-10-16 14:20:43 - [MESSAGE][FAILED] - Expected element property value '50% Discount Offer' is not equal with actual property value '50% Discount Offer​'

2023-10-16 14:20:43 - [TEST_STEP][PASSED] - verifyElementPropertyValue(getResponse, "offers[2].groups[0].pricingPlans[0].visualElements[3].key", "deduction_text"): Verify element property value successfully

2023-10-16 14:20:43 - [MESSAGE][PASSED] - Verify element property value successfully

2023-10-16 14:20:43 - [TEST_STEP][PASSED] - verifyElementPropertyValue(getResponse, "offers[2].groups[0].pricingPlans[0].visualElements[3].value", "billed every month"): Verify element property value successfully

2023-10-16 14:20:43 - [MESSAGE][PASSED] - Verify element property value successfully

2023-10-16 14:20:43 - [TEST_STEP][PASSED] - verifyElementPropertyValue(getResponse, "offers[2].groups[0].pricingPlans[0].visualElements[6].key", "show_payment_logo"): Verify element property value successfully

2023-10-16 14:20:43 - [MESSAGE][PASSED] - Verify element property value successfully

2023-10-16 14:20:43 - [TEST_STEP][PASSED] - verifyElementPropertyValue(getResponse, "offers[2].groups[0].pricingPlans[0].visualElements[6].value", "true"): Verify element property value successfully

2023-10-16 14:20:43 - [MESSAGE][PASSED] - Verify element property value successfully

2023-10-16 14:20:43 - [TEST_STEP][PASSED] - verifyElementPropertyValue(getResponse, "offers[2].groups[0].pricingPlans[0].visualElements[8].key", "price"): Verify element property value successfully

2023-10-16 14:20:43 - [MESSAGE][PASSED] - Verify element property value successfully

2023-10-16 14:20:43 - [TEST_STEP][PASSED] - verifyElementPropertyValue(getResponse, "offers[2].groups[0].pricingPlans[0].visualElements[8].value", "4.99"): Verify element property value successfully

2023-10-16 14:20:43 - [MESSAGE][PASSED] - Verify element property value successfully

2023-10-16 14:20:43 - [TEST_STEP][PASSED] - verifyElementPropertyValue(getResponse, "offers[2].groups[0].pricingPlans[0].visualElements[9].key", "currency"): Verify element property value successfully

2023-10-16 14:20:43 - [MESSAGE][PASSED] - Verify element property value successfully

2023-10-16 14:20:43 - [TEST_STEP][PASSED] - verifyElementPropertyValue(getResponse, "offers[2].groups[0].pricingPlans[0].visualElements[9].value", "TND"): Verify element property value successfully

2023-10-16 14:20:43 - [MESSAGE][PASSED] - Verify element property value successfully

2023-10-16 14:20:43 - [TEST_STEP][PASSED] - verifyElementPropertyValue(getResponse, "offers[2].groups[0].pricingPlans[0].visualElements[10].key", "duration"): Verify element property value successfully

2023-10-16 14:20:43 - [MESSAGE][PASSED] - Verify element property value successfully

2023-10-16 14:20:43 - [TEST_STEP][PASSED] - verifyElementPropertyValue(getResponse, "offers[2].groups[0].pricingPlans[0].visualElements[10].value", "Monthly"): Verify element property value successfully

2023-10-16 14:20:43 - [MESSAGE][PASSED] - Verify element property value successfully

2023-10-16 14:20:43 - [TEST_STEP][PASSED] - verifyElementPropertyValue(getResponse, "offers[2].groups[0].pricingPlans[0].visualElements[11].key", "featured_tag_text"): Verify element property value successfully

2023-10-16 14:20:43 - [MESSAGE][PASSED] - Verify element property value successfully

2023-10-16 14:20:43 - [TEST_STEP][PASSED] - verifyElementPropertyValue(getResponse, "offers[2].groups[0].pricingPlans[0].visualElements[11].value", "Limited Time Offer"): Verify element property value successfully

2023-10-16 14:20:43 - [MESSAGE][PASSED] - Verify element property value successfully

2023-10-16 14:20:43 - [TEST_STEP][PASSED] - verifyElementPropertyValue(getResponse, "offers[2].groups[0].pricingPlans[0].visualElements[13].key", "tag_text"): Verify element property value successfully

2023-10-16 14:20:43 - [MESSAGE][PASSED] - Verify element property value successfully

2023-10-16 14:20:43 - [TEST_STEP][PASSED] - verifyElementPropertyValue(getResponse, "offers[2].groups[0].pricingPlans[0].visualElements[13].value", "Save 50%"): Verify element property value successfully

2023-10-16 14:20:43 - [MESSAGE][PASSED] - Verify element property value successfully

2023-10-16 14:20:43 - [TEST_STEP][PASSED] - verifyElementPropertyValue(getResponse, "offers[2].groups[0].pricingPlans[0].visualElements[12].key", "show_tag"): Verify element property value successfully

2023-10-16 14:20:43 - [MESSAGE][PASSED] - Verify element property value successfully

2023-10-16 14:20:43 - [TEST_STEP][PASSED] - verifyElementPropertyValue(getResponse, "offers[2].groups[0].pricingPlans[0].visualElements[12].value", "true"): Verify element property value successfully

2023-10-16 14:20:43 - [MESSAGE][PASSED] - Verify element property value successfully

2023-10-16 14:20:43 - [TEST_STEP][PASSED] - verifyElementPropertyValue(getResponse, "offers[2].groups[0].pricingPlans[0].pricingPlanData[0].productId", "TUN_B2C_SHAHID_VIP_1M"): Verify element property value successfully

2023-10-16 14:20:43 - [MESSAGE][PASSED] - Verify element property value successfully

2023-10-16 14:20:43 - [TEST_STEP][PASSED] - verifyElementPropertyValue(getResponse, "offers[2].groups[0].pricingPlans[0].pricingPlanData[0].paymentMethod", "CREDIT_CARD"): Verify element property value successfully

2023-10-16 14:20:43 - [MESSAGE][PASSED] - Verify element property value successfully

2023-10-16 14:20:43 - [TEST_STEP][PASSED] - verifyElementPropertyValue(getResponse, "offers[2].groups[0].pricingPlans[0].pricingPlanData[0].freeTrialEnabled", "false"): Verify element property value successfully

2023-10-16 14:20:43 - [MESSAGE][PASSED] - Verify element property value successfully

2023-10-16 14:20:43 - [TEST_STEP][PASSED] - verifyElementPropertyValue(getResponse, "offers[2].groups[0].pricingPlans[0].pricingPlanData[0].showIn[0]", "VERTICAL_MODE"): Verify element property value successfully

2023-10-16 14:20:43 - [MESSAGE][PASSED] - Verify element property value successfully

2023-10-16 14:20:43 - [TEST_STEP][PASSED] - verifyElementPropertyValue(getResponse, "offers[2].groups[0].pricingPlans[0].pricingPlanData[0].showIn[1]", "HORIZONTAL_MODE"): Verify element property value successfully

2023-10-16 14:20:43 - [MESSAGE][PASSED] - Verify element property value successfully

2023-10-16 14:20:43 - [TEST_STEP][PASSED] - verifyElementPropertyValue(getResponse, "offers[2].groups[0].pricingPlans[0].pricingPlanData[0].priceLabel", "4.99"): Verify element property value successfully

2023-10-16 14:20:43 - [MESSAGE][PASSED] - Verify element property value successfully

2023-10-16 14:20:43 - [TEST_STEP][PASSED] - verifyElementPropertyValue(getResponse, "offers[2].groups[0].pricingPlans[0].pricingPlanData[0].currencyLabel", "TND"): Verify element property value successfully

2023-10-16 14:20:43 - [MESSAGE][PASSED] - Verify element property value successfully

2023-10-16 14:20:43 - [TEST_STEP][PASSED] - verifyElementPropertyValue(getResponse, "offers[2].groups[0].pricingPlans[0].pricingPlanData[0].dealId", "RE_50P_TUN"): Verify element property value successfully

2023-10-16 14:20:43 - [MESSAGE][PASSED] - Verify element property value successfully

2023-10-16 14:20:43 - [TEST_STEP][PASSED] - verifyElementPropertyValue(getResponse, "offers[2].groups[0].pricingPlans[0].pricingPlanData[0].allowedForAcquisition", "true"): Verify element property value successfully

2023-10-16 14:20:43 - [MESSAGE][PASSED] - Verify element property value successfully

2023-10-16 14:20:43 - [TEST_STEP][PASSED] - verifyElementPropertyValue(getResponse, "offers[2].groups[0].pricingPlans[0].pricingPlanData[0].visualElements[0].key", "title"): Verify element property value successfully

2023-10-16 14:20:43 - [MESSAGE][PASSED] - Verify element property value successfully

2023-10-16 14:20:43 - [TEST_STEP][PASSED] - verifyElementPropertyValue(getResponse, "offers[2].groups[0].pricingPlans[0].pricingPlanData[0].visualElements[0].value", "Credit/Debit Card"): Verify element property value successfully

2023-10-16 14:20:43 - [MESSAGE][PASSED] - Verify element property value successfully

2023-10-16 14:20:43 - [TEST_STEP][PASSED] - verifyElementPropertyValue(getResponse, "offers[2].groups[0].pricingPlans[0].pricingPlanData[0].visualElements[1].key", "CTA_text"): Verify element property value successfully

2023-10-16 14:20:43 - [MESSAGE][PASSED] - Verify element property value successfully

2023-10-16 14:20:43 - [TEST_STEP][PASSED] - verifyElementPropertyValue(getResponse, "offers[2].groups[0].pricingPlans[0].pricingPlanData[0].visualElements[1].value", "Subscribe"): Verify element property value successfully

2023-10-16 14:20:43 - [MESSAGE][PASSED] - Verify element property value successfully

2023-10-16 14:20:43 - [TEST_STEP][PASSED] - verifyElementPropertyValue(getResponse, "offers[2].groups[0].pricingPlans[0].pricingPlanData[0].visualElements[2].key", "logo"): Verify element property value successfully

2023-10-16 14:20:43 - [MESSAGE][PASSED] - Verify element property value successfully

2023-10-16 14:20:43 - [TEST_STEP][PASSED] - verifyElementPropertyValue(getResponse, "offers[2].groups[0].pricingPlans[0].pricingPlanData[0].visualElements[2].value", "https://static.s3.shahid.mbc.net/widget-images/icons/iconCreditCard.png"): Verify element property value successfully

2023-10-16 14:20:43 - [MESSAGE][PASSED] - Verify element property value successfully

2023-10-16 14:20:43 - [TEST_STEP][PASSED] - verifyElementPropertyValue(getResponse, "offers[8].offerId", "byg-30-offer"): Verify element property value successfully

2023-10-16 14:20:43 - [MESSAGE][PASSED] - Verify element property value successfully

2023-10-16 14:20:43 - [TEST_STEP][PASSED] - verifyElementPropertyValue(getResponse, "offers[8].offerParam", "bygoffer30"): Verify element property value successfully

2023-10-16 14:20:43 - [MESSAGE][PASSED] - Verify element property value successfully

2023-10-16 14:20:43 - [TEST_STEP][PASSED] - verifyElementPropertyValue(getResponse, "offers[8].groups[0].pricingPlans[0].featured", "true"): Verify element property value successfully

2023-10-16 14:20:43 - [MESSAGE][PASSED] - Verify element property value successfully

2023-10-16 14:20:43 - [TEST_STEP][PASSED] - verifyElementPropertyValue(getResponse, "offers[8].groups[0].pricingPlans[0].period", "monthly"): Verify element property value successfully

2023-10-16 14:20:44 - [MESSAGE][PASSED] - Verify element property value successfully

2023-10-16 14:20:44 - [TEST_STEP][PASSED] - verifyElementPropertyValue(getResponse, "offers[8].groups[0].pricingPlans[0].featured", "true"): Verify element property value successfully

2023-10-16 14:20:44 - [MESSAGE][PASSED] - Verify element property value successfully

2023-10-16 14:20:44 - [TEST_STEP][PASSED] - verifyElementPropertyValue(getResponse, "offers[8].groups[0].pricingPlans[0].price", "6.99"): Verify element property value successfully

2023-10-16 14:20:44 - [MESSAGE][PASSED] - Verify element property value successfully

2023-10-16 14:20:44 - [TEST_STEP][PASSED] - verifyElementPropertyValue(getResponse, "offers[8].groups[0].pricingPlans[0].currency", "TND"): Verify element property value successfully

2023-10-16 14:20:44 - [MESSAGE][PASSED] - Verify element property value successfully

2023-10-16 14:20:44 - [TEST_STEP][PASSED] - verifyElementPropertyValue(getResponse, "offers[8].groups[0].pricingPlans[0].order", "0"): Verify element property value successfully

2023-10-16 14:20:44 - [MESSAGE][PASSED] - Verify element property value successfully

2023-10-16 14:20:44 - [TEST_STEP][PASSED] - verifyElementPropertyValue(getResponse, "offers[8].groups[0].pricingPlans[0].packageId", "SHAHID_VIP"): Verify element property value successfully

2023-10-16 14:20:44 - [MESSAGE][PASSED] - Verify element property value successfully

2023-10-16 14:20:44 - [TEST_STEP][PASSED] - verifyElementPropertyValue(getResponse, "offers[8].groups[0].pricingPlans[0].catalogId", "VIP"): Verify element property value successfully

2023-10-16 14:20:44 - [MESSAGE][PASSED] - Verify element property value successfully

2023-10-16 14:20:44 - [TEST_STEP][PASSED] - verifyElementPropertyValue(getResponse, "offers[8].groups[0].pricingPlans[0].visualElements[0].key", "Header_1_text"): Verify element property value successfully

2023-10-16 14:20:44 - [MESSAGE][PASSED] - Verify element property value successfully

2023-10-16 14:20:44 - [TEST_STEP][PASSED] - verifyElementPropertyValue(getResponse, "offers[8].groups[0].pricingPlans[0].visualElements[0].value", "Watch the most powerful series and movies exclusively without stopping"): Verify element property value successfully

2023-10-16 14:20:44 - [MESSAGE][PASSED] - Verify element property value successfully

2023-10-16 14:20:44 - [TEST_STEP][PASSED] - verifyElementPropertyValue(getResponse, "offers[8].groups[0].pricingPlans[0].visualElements[1].key", "display_title"): Verify element property value successfully

2023-10-16 14:20:44 - [MESSAGE][PASSED] - Verify element property value successfully

2023-10-16 14:20:44 - [TEST_STEP][FAILED] - verifyElementPropertyValue(getResponse, "offers[8].groups[0].pricingPlans[0].visualElements[1].value", "30% Discount Offer"): Expected element property value '30% Discount Offer' is not equal with actual property value '30% Discount Offer​'

2023-10-16 14:20:44 - [MESSAGE][FAILED] - Expected element property value '30% Discount Offer' is not equal with actual property value '30% Discount Offer​'

2023-10-16 14:20:44 - [TEST_STEP][PASSED] - verifyElementPropertyValue(getResponse, "offers[8].groups[0].pricingPlans[0].visualElements[3].key", "deduction_text"): Verify element property value successfully

2023-10-16 14:20:44 - [MESSAGE][PASSED] - Verify element property value successfully

2023-10-16 14:20:44 - [TEST_STEP][PASSED] - verifyElementPropertyValue(getResponse, "offers[8].groups[0].pricingPlans[0].visualElements[3].value", "billed every month"): Verify element property value successfully

2023-10-16 14:20:44 - [MESSAGE][PASSED] - Verify element property value successfully

2023-10-16 14:20:44 - [TEST_STEP][PASSED] - verifyElementPropertyValue(getResponse, "offers[8].groups[0].pricingPlans[0].visualElements[6].key", "show_payment_logo"): Verify element property value successfully

2023-10-16 14:20:44 - [MESSAGE][PASSED] - Verify element property value successfully

2023-10-16 14:20:44 - [TEST_STEP][PASSED] - verifyElementPropertyValue(getResponse, "offers[8].groups[0].pricingPlans[0].visualElements[6].value", "true"): Verify element property value successfully

2023-10-16 14:20:44 - [MESSAGE][PASSED] - Verify element property value successfully

2023-10-16 14:20:44 - [TEST_STEP][PASSED] - verifyElementPropertyValue(getResponse, "offers[8].groups[0].pricingPlans[0].visualElements[8].key", "price"): Verify element property value successfully

2023-10-16 14:20:44 - [MESSAGE][PASSED] - Verify element property value successfully

2023-10-16 14:20:44 - [TEST_STEP][PASSED] - verifyElementPropertyValue(getResponse, "offers[8].groups[0].pricingPlans[0].visualElements[8].value", "6.99"): Verify element property value successfully

2023-10-16 14:20:44 - [MESSAGE][PASSED] - Verify element property value successfully

2023-10-16 14:20:44 - [TEST_STEP][PASSED] - verifyElementPropertyValue(getResponse, "offers[8].groups[0].pricingPlans[0].visualElements[9].key", "currency"): Verify element property value successfully

2023-10-16 14:20:44 - [MESSAGE][PASSED] - Verify element property value successfully

2023-10-16 14:20:44 - [TEST_STEP][PASSED] - verifyElementPropertyValue(getResponse, "offers[8].groups[0].pricingPlans[0].visualElements[9].value", "TND"): Verify element property value successfully

2023-10-16 14:20:44 - [MESSAGE][PASSED] - Verify element property value successfully

2023-10-16 14:20:44 - [TEST_STEP][PASSED] - verifyElementPropertyValue(getResponse, "offers[8].groups[0].pricingPlans[0].visualElements[10].key", "duration"): Verify element property value successfully

2023-10-16 14:20:44 - [MESSAGE][PASSED] - Verify element property value successfully

2023-10-16 14:20:44 - [TEST_STEP][PASSED] - verifyElementPropertyValue(getResponse, "offers[8].groups[0].pricingPlans[0].visualElements[10].value", "Monthly"): Verify element property value successfully

2023-10-16 14:20:44 - [MESSAGE][PASSED] - Verify element property value successfully

2023-10-16 14:20:44 - [TEST_STEP][PASSED] - verifyElementPropertyValue(getResponse, "offers[8].groups[0].pricingPlans[0].visualElements[11].key", "featured_tag_text"): Verify element property value successfully

2023-10-16 14:20:44 - [MESSAGE][PASSED] - Verify element property value successfully

2023-10-16 14:20:44 - [TEST_STEP][PASSED] - verifyElementPropertyValue(getResponse, "offers[8].groups[0].pricingPlans[0].visualElements[11].value", "Limited Time Offer"): Verify element property value successfully

2023-10-16 14:20:44 - [MESSAGE][PASSED] - Verify element property value successfully

2023-10-16 14:20:44 - [TEST_STEP][PASSED] - verifyElementPropertyValue(getResponse, "offers[8].groups[0].pricingPlans[0].visualElements[12].key", "show_tag"): Verify element property value successfully

2023-10-16 14:20:44 - [MESSAGE][PASSED] - Verify element property value successfully

2023-10-16 14:20:44 - [TEST_STEP][PASSED] - verifyElementPropertyValue(getResponse, "offers[8].groups[0].pricingPlans[0].visualElements[12].value", "true"): Verify element property value successfully

2023-10-16 14:20:44 - [MESSAGE][PASSED] - Verify element property value successfully

2023-10-16 14:20:44 - [TEST_STEP][PASSED] - verifyElementPropertyValue(getResponse, "offers[8].groups[0].pricingPlans[0].visualElements[13].key", "tag_text"): Verify element property value successfully

2023-10-16 14:20:44 - [MESSAGE][PASSED] - Verify element property value successfully

2023-10-16 14:20:44 - [TEST_STEP][PASSED] - verifyElementPropertyValue(getResponse, "offers[8].groups[0].pricingPlans[0].visualElements[13].value", "Save 30%"): Verify element property value successfully

2023-10-16 14:20:44 - [MESSAGE][PASSED] - Verify element property value successfully

2023-10-16 14:20:44 - [TEST_STEP][PASSED] - verifyElementPropertyValue(getResponse, "offers[8].groups[0].pricingPlans[0].pricingPlanData[0].productId", "TUN_B2C_SHAHID_VIP_1M"): Verify element property value successfully

2023-10-16 14:20:44 - [MESSAGE][PASSED] - Verify element property value successfully

2023-10-16 14:20:44 - [TEST_STEP][PASSED] - verifyElementPropertyValue(getResponse, "offers[8].groups[0].pricingPlans[0].pricingPlanData[0].paymentMethod", "CREDIT_CARD"): Verify element property value successfully

2023-10-16 14:20:44 - [MESSAGE][PASSED] - Verify element property value successfully

2023-10-16 14:20:44 - [TEST_STEP][PASSED] - verifyElementPropertyValue(getResponse, "offers[8].groups[0].pricingPlans[0].pricingPlanData[0].freeTrialEnabled", "false"): Verify element property value successfully

2023-10-16 14:20:44 - [MESSAGE][PASSED] - Verify element property value successfully

2023-10-16 14:20:44 - [TEST_STEP][PASSED] - verifyElementPropertyValue(getResponse, "offers[8].groups[0].pricingPlans[0].pricingPlanData[0].showIn[0]", "VERTICAL_MODE"): Verify element property value successfully

2023-10-16 14:20:44 - [MESSAGE][PASSED] - Verify element property value successfully

2023-10-16 14:20:44 - [TEST_STEP][PASSED] - verifyElementPropertyValue(getResponse, "offers[8].groups[0].pricingPlans[0].pricingPlanData[0].showIn[1]", "HORIZONTAL_MODE"): Verify element property value successfully

2023-10-16 14:20:44 - [MESSAGE][PASSED] - Verify element property value successfully

2023-10-16 14:20:44 - [TEST_STEP][PASSED] - verifyElementPropertyValue(getResponse, "offers[8].groups[0].pricingPlans[0].pricingPlanData[0].priceLabel", "6.99"): Verify element property value successfully

2023-10-16 14:20:44 - [MESSAGE][PASSED] - Verify element property value successfully

2023-10-16 14:20:44 - [TEST_STEP][PASSED] - verifyElementPropertyValue(getResponse, "offers[8].groups[0].pricingPlans[0].pricingPlanData[0].currencyLabel", "TND"): Verify element property value successfully

2023-10-16 14:20:44 - [MESSAGE][PASSED] - Verify element property value successfully

2023-10-16 14:20:44 - [TEST_STEP][PASSED] - verifyElementPropertyValue(getResponse, "offers[8].groups[0].pricingPlans[0].pricingPlanData[0].dealId", "BYG_30P_TUN"): Verify element property value successfully

2023-10-16 14:20:44 - [MESSAGE][PASSED] - Verify element property value successfully

2023-10-16 14:20:44 - [TEST_STEP][PASSED] - verifyElementPropertyValue(getResponse, "offers[8].groups[0].pricingPlans[0].pricingPlanData[0].allowedForAcquisition", "true"): Verify element property value successfully

2023-10-16 14:20:44 - [MESSAGE][PASSED] - Verify element property value successfully

2023-10-16 14:20:44 - [TEST_STEP][PASSED] - verifyElementPropertyValue(getResponse, "offers[8].groups[0].pricingPlans[0].pricingPlanData[0].visualElements[0].key", "title"): Verify element property value successfully

2023-10-16 14:20:44 - [MESSAGE][PASSED] - Verify element property value successfully

2023-10-16 14:20:44 - [TEST_STEP][PASSED] - verifyElementPropertyValue(getResponse, "offers[8].groups[0].pricingPlans[0].pricingPlanData[0].visualElements[0].value", "Credit/Debit Card"): Verify element property value successfully

2023-10-16 14:20:44 - [MESSAGE][PASSED] - Verify element property value successfully

2023-10-16 14:20:44 - [TEST_STEP][PASSED] - verifyElementPropertyValue(getResponse, "offers[8].groups[0].pricingPlans[0].pricingPlanData[0].visualElements[1].key", "CTA_text"): Verify element property value successfully

2023-10-16 14:20:44 - [MESSAGE][PASSED] - Verify element property value successfully

2023-10-16 14:20:44 - [TEST_STEP][PASSED] - verifyElementPropertyValue(getResponse, "offers[8].groups[0].pricingPlans[0].pricingPlanData[0].visualElements[1].value", "Subscribe"): Verify element property value successfully

2023-10-16 14:20:44 - [MESSAGE][PASSED] - Verify element property value successfully

2023-10-16 14:20:44 - [TEST_STEP][PASSED] - verifyElementPropertyValue(getResponse, "offers[8].groups[0].pricingPlans[0].pricingPlanData[0].visualElements[2].key", "logo"): Verify element property value successfully

2023-10-16 14:20:44 - [MESSAGE][PASSED] - Verify element property value successfully

2023-10-16 14:20:44 - [TEST_STEP][PASSED] - verifyElementPropertyValue(getResponse, "offers[8].groups[0].pricingPlans[0].pricingPlanData[0].visualElements[2].value", "https://static.s3.shahid.mbc.net/widget-images/icons/iconCreditCard.png"): Verify element property value successfully

2023-10-16 14:20:44 - [MESSAGE][PASSED] - Verify element property value successfully

2023-10-16 14:20:44 - [TEST_STEP][PASSED] - verifyElementPropertyValue(getResponse, "offers[9].offerId", "byg-40-offer"): Verify element property value successfully

2023-10-16 14:20:44 - [MESSAGE][PASSED] - Verify element property value successfully

2023-10-16 14:20:44 - [TEST_STEP][PASSED] - verifyElementPropertyValue(getResponse, "offers[9].offerParam", "bygoffer40"): Verify element property value successfully

2023-10-16 14:20:44 - [MESSAGE][PASSED] - Verify element property value successfully

2023-10-16 14:20:44 - [TEST_STEP][PASSED] - verifyElementPropertyValue(getResponse, "offers[9].groups[0].pricingPlans[0].featured", "true"): Verify element property value successfully

2023-10-16 14:20:44 - [MESSAGE][PASSED] - Verify element property value successfully

2023-10-16 14:20:44 - [TEST_STEP][PASSED] - verifyElementPropertyValue(getResponse, "offers[9].groups[0].pricingPlans[0].period", "monthly"): Verify element property value successfully

2023-10-16 14:20:44 - [MESSAGE][PASSED] - Verify element property value successfully

2023-10-16 14:20:44 - [TEST_STEP][PASSED] - verifyElementPropertyValue(getResponse, "offers[9].groups[0].pricingPlans[0].featured", "true"): Verify element property value successfully

2023-10-16 14:20:44 - [MESSAGE][PASSED] - Verify element property value successfully

2023-10-16 14:20:44 - [TEST_STEP][PASSED] - verifyElementPropertyValue(getResponse, "offers[9].groups[0].pricingPlans[0].price", "5.99"): Verify element property value successfully

2023-10-16 14:20:44 - [MESSAGE][PASSED] - Verify element property value successfully

2023-10-16 14:20:44 - [TEST_STEP][PASSED] - verifyElementPropertyValue(getResponse, "offers[9].groups[0].pricingPlans[0].currency", "TND"): Verify element property value successfully

2023-10-16 14:20:44 - [MESSAGE][PASSED] - Verify element property value successfully

2023-10-16 14:20:44 - [TEST_STEP][PASSED] - verifyElementPropertyValue(getResponse, "offers[9].groups[0].pricingPlans[0].order", "0"): Verify element property value successfully

2023-10-16 14:20:44 - [MESSAGE][PASSED] - Verify element property value successfully

2023-10-16 14:20:44 - [TEST_STEP][PASSED] - verifyElementPropertyValue(getResponse, "offers[9].groups[0].pricingPlans[0].packageId", "SHAHID_VIP"): Verify element property value successfully

2023-10-16 14:20:44 - [MESSAGE][PASSED] - Verify element property value successfully

2023-10-16 14:20:44 - [TEST_STEP][PASSED] - verifyElementPropertyValue(getResponse, "offers[9].groups[0].pricingPlans[0].catalogId", "VIP"): Verify element property value successfully

2023-10-16 14:20:44 - [MESSAGE][PASSED] - Verify element property value successfully

2023-10-16 14:20:44 - [TEST_STEP][PASSED] - verifyElementPropertyValue(getResponse, "offers[9].groups[0].pricingPlans[0].visualElements[0].key", "Header_1_text"): Verify element property value successfully

2023-10-16 14:20:44 - [MESSAGE][PASSED] - Verify element property value successfully

2023-10-16 14:20:44 - [TEST_STEP][PASSED] - verifyElementPropertyValue(getResponse, "offers[9].groups[0].pricingPlans[0].visualElements[0].value", "Watch the most powerful series and movies exclusively without stopping"): Verify element property value successfully

2023-10-16 14:20:44 - [MESSAGE][PASSED] - Verify element property value successfully

2023-10-16 14:20:44 - [TEST_STEP][PASSED] - verifyElementPropertyValue(getResponse, "offers[9].groups[0].pricingPlans[0].visualElements[1].key", "display_title"): Verify element property value successfully

2023-10-16 14:20:44 - [MESSAGE][PASSED] - Verify element property value successfully

2023-10-16 14:20:44 - [TEST_STEP][FAILED] - verifyElementPropertyValue(getResponse, "offers[9].groups[0].pricingPlans[0].visualElements[1].value", "40% Discount Offer"): Expected element property value '40% Discount Offer' is not equal with actual property value '40% Discount Offer​'

2023-10-16 14:20:44 - [MESSAGE][FAILED] - Expected element property value '40% Discount Offer' is not equal with actual property value '40% Discount Offer​'

2023-10-16 14:20:44 - [TEST_STEP][PASSED] - verifyElementPropertyValue(getResponse, "offers[9].groups[0].pricingPlans[0].visualElements[3].key", "deduction_text"): Verify element property value successfully

2023-10-16 14:20:44 - [MESSAGE][PASSED] - Verify element property value successfully

2023-10-16 14:20:44 - [TEST_STEP][PASSED] - verifyElementPropertyValue(getResponse, "offers[9].groups[0].pricingPlans[0].visualElements[3].value", "billed every month"): Verify element property value successfully

2023-10-16 14:20:44 - [MESSAGE][PASSED] - Verify element property value successfully

2023-10-16 14:20:44 - [TEST_STEP][PASSED] - verifyElementPropertyValue(getResponse, "offers[9].groups[0].pricingPlans[0].visualElements[6].key", "show_payment_logo"): Verify element property value successfully

2023-10-16 14:20:44 - [MESSAGE][PASSED] - Verify element property value successfully

2023-10-16 14:20:44 - [TEST_STEP][PASSED] - verifyElementPropertyValue(getResponse, "offers[9].groups[0].pricingPlans[0].visualElements[6].value", "true"): Verify element property value successfully

2023-10-16 14:20:44 - [MESSAGE][PASSED] - Verify element property value successfully

2023-10-16 14:20:44 - [TEST_STEP][PASSED] - verifyElementPropertyValue(getResponse, "offers[9].groups[0].pricingPlans[0].visualElements[8].key", "price"): Verify element property value successfully

2023-10-16 14:20:44 - [MESSAGE][PASSED] - Verify element property value successfully

2023-10-16 14:20:44 - [TEST_STEP][PASSED] - verifyElementPropertyValue(getResponse, "offers[9].groups[0].pricingPlans[0].visualElements[8].value", "5.99"): Verify element property value successfully

2023-10-16 14:20:44 - [MESSAGE][PASSED] - Verify element property value successfully

2023-10-16 14:20:44 - [TEST_STEP][PASSED] - verifyElementPropertyValue(getResponse, "offers[9].groups[0].pricingPlans[0].visualElements[9].key", "currency"): Verify element property value successfully

2023-10-16 14:20:44 - [MESSAGE][PASSED] - Verify element property value successfully

2023-10-16 14:20:44 - [TEST_STEP][PASSED] - verifyElementPropertyValue(getResponse, "offers[9].groups[0].pricingPlans[0].visualElements[9].value", "TND"): Verify element property value successfully

2023-10-16 14:20:44 - [MESSAGE][PASSED] - Verify element property value successfully

2023-10-16 14:20:44 - [TEST_STEP][PASSED] - verifyElementPropertyValue(getResponse, "offers[9].groups[0].pricingPlans[0].visualElements[10].key", "duration"): Verify element property value successfully

2023-10-16 14:20:44 - [MESSAGE][PASSED] - Verify element property value successfully

2023-10-16 14:20:44 - [TEST_STEP][PASSED] - verifyElementPropertyValue(getResponse, "offers[9].groups[0].pricingPlans[0].visualElements[10].value", "Monthly"): Verify element property value successfully

2023-10-16 14:20:44 - [MESSAGE][PASSED] - Verify element property value successfully

2023-10-16 14:20:44 - [TEST_STEP][PASSED] - verifyElementPropertyValue(getResponse, "offers[9].groups[0].pricingPlans[0].visualElements[11].key", "featured_tag_text"): Verify element property value successfully

2023-10-16 14:20:44 - [MESSAGE][PASSED] - Verify element property value successfully

2023-10-16 14:20:44 - [TEST_STEP][PASSED] - verifyElementPropertyValue(getResponse, "offers[9].groups[0].pricingPlans[0].visualElements[11].value", "Limited Time Offer"): Verify element property value successfully

2023-10-16 14:20:44 - [MESSAGE][PASSED] - Verify element property value successfully

2023-10-16 14:20:44 - [TEST_STEP][PASSED] - verifyElementPropertyValue(getResponse, "offers[9].groups[0].pricingPlans[0].visualElements[13].key", "tag_text"): Verify element property value successfully

2023-10-16 14:20:44 - [MESSAGE][PASSED] - Verify element property value successfully

2023-10-16 14:20:44 - [TEST_STEP][PASSED] - verifyElementPropertyValue(getResponse, "offers[9].groups[0].pricingPlans[0].visualElements[13].value", "Save 40%"): Verify element property value successfully

2023-10-16 14:20:44 - [MESSAGE][PASSED] - Verify element property value successfully

2023-10-16 14:20:44 - [TEST_STEP][PASSED] - verifyElementPropertyValue(getResponse, "offers[9].groups[0].pricingPlans[0].visualElements[12].key", "show_tag"): Verify element property value successfully

2023-10-16 14:20:44 - [MESSAGE][PASSED] - Verify element property value successfully

2023-10-16 14:20:44 - [TEST_STEP][PASSED] - verifyElementPropertyValue(getResponse, "offers[9].groups[0].pricingPlans[0].visualElements[12].value", "true"): Verify element property value successfully

2023-10-16 14:20:44 - [MESSAGE][PASSED] - Verify element property value successfully

2023-10-16 14:20:44 - [TEST_STEP][PASSED] - verifyElementPropertyValue(getResponse, "offers[9].groups[0].pricingPlans[0].pricingPlanData[0].productId", "TUN_B2C_SHAHID_VIP_1M"): Verify element property value successfully

2023-10-16 14:20:44 - [MESSAGE][PASSED] - Verify element property value successfully

2023-10-16 14:20:44 - [TEST_STEP][PASSED] - verifyElementPropertyValue(getResponse, "offers[9].groups[0].pricingPlans[0].pricingPlanData[0].paymentMethod", "CREDIT_CARD"): Verify element property value successfully

2023-10-16 14:20:44 - [MESSAGE][PASSED] - Verify element property value successfully

2023-10-16 14:20:44 - [TEST_STEP][PASSED] - verifyElementPropertyValue(getResponse, "offers[9].groups[0].pricingPlans[0].pricingPlanData[0].freeTrialEnabled", "false"): Verify element property value successfully

2023-10-16 14:20:44 - [MESSAGE][PASSED] - Verify element property value successfully

2023-10-16 14:20:44 - [TEST_STEP][PASSED] - verifyElementPropertyValue(getResponse, "offers[9].groups[0].pricingPlans[0].pricingPlanData[0].showIn[0]", "VERTICAL_MODE"): Verify element property value successfully

2023-10-16 14:20:44 - [MESSAGE][PASSED] - Verify element property value successfully

2023-10-16 14:20:44 - [TEST_STEP][PASSED] - verifyElementPropertyValue(getResponse, "offers[9].groups[0].pricingPlans[0].pricingPlanData[0].showIn[1]", "HORIZONTAL_MODE"): Verify element property value successfully

2023-10-16 14:20:44 - [MESSAGE][PASSED] - Verify element property value successfully

2023-10-16 14:20:44 - [TEST_STEP][PASSED] - verifyElementPropertyValue(getResponse, "offers[9].groups[0].pricingPlans[0].pricingPlanData[0].priceLabel", "5.99"): Verify element property value successfully

2023-10-16 14:20:44 - [MESSAGE][PASSED] - Verify element property value successfully

2023-10-16 14:20:44 - [TEST_STEP][PASSED] - verifyElementPropertyValue(getResponse, "offers[9].groups[0].pricingPlans[0].pricingPlanData[0].currencyLabel", "TND"): Verify element property value successfully

2023-10-16 14:20:44 - [MESSAGE][PASSED] - Verify element property value successfully

2023-10-16 14:20:44 - [TEST_STEP][PASSED] - verifyElementPropertyValue(getResponse, "offers[9].groups[0].pricingPlans[0].pricingPlanData[0].dealId", "BYG_40P_TUN"): Verify element property value successfully

2023-10-16 14:20:44 - [MESSAGE][PASSED] - Verify element property value successfully

2023-10-16 14:20:44 - [TEST_STEP][PASSED] - verifyElementPropertyValue(getResponse, "offers[9].groups[0].pricingPlans[0].pricingPlanData[0].allowedForAcquisition", "true"): Verify element property value successfully

2023-10-16 14:20:44 - [MESSAGE][PASSED] - Verify element property value successfully

2023-10-16 14:20:44 - [TEST_STEP][PASSED] - verifyElementPropertyValue(getResponse, "offers[9].groups[0].pricingPlans[0].pricingPlanData[0].visualElements[0].key", "title"): Verify element property value successfully

2023-10-16 14:20:44 - [MESSAGE][PASSED] - Verify element property value successfully

2023-10-16 14:20:44 - [TEST_STEP][PASSED] - verifyElementPropertyValue(getResponse, "offers[9].groups[0].pricingPlans[0].pricingPlanData[0].visualElements[0].value", "Credit/Debit Card"): Verify element property value successfully

2023-10-16 14:20:44 - [MESSAGE][PASSED] - Verify element property value successfully

2023-10-16 14:20:44 - [TEST_STEP][PASSED] - verifyElementPropertyValue(getResponse, "offers[9].groups[0].pricingPlans[0].pricingPlanData[0].visualElements[1].key", "CTA_text"): Verify element property value successfully

2023-10-16 14:20:44 - [MESSAGE][PASSED] - Verify element property value successfully

2023-10-16 14:20:44 - [TEST_STEP][PASSED] - verifyElementPropertyValue(getResponse, "offers[9].groups[0].pricingPlans[0].pricingPlanData[0].visualElements[1].value", "Subscribe"): Verify element property value successfully

2023-10-16 14:20:44 - [MESSAGE][PASSED] - Verify element property value successfully

2023-10-16 14:20:44 - [TEST_STEP][PASSED] - verifyElementPropertyValue(getResponse, "offers[9].groups[0].pricingPlans[0].pricingPlanData[0].visualElements[2].key", "logo"): Verify element property value successfully

2023-10-16 14:20:44 - [MESSAGE][PASSED] - Verify element property value successfully

2023-10-16 14:20:44 - [TEST_STEP][PASSED] - verifyElementPropertyValue(getResponse, "offers[9].groups[0].pricingPlans[0].pricingPlanData[0].visualElements[2].value", "https://static.s3.shahid.mbc.net/widget-images/icons/iconCreditCard.png"): Verify element property value successfully

2023-10-16 14:20:44 - [MESSAGE][PASSED] - Verify element property value successfully

2023-10-16 14:20:44 - [TEST_STEP][PASSED] - verifyElementPropertyValue(getResponse, "offers[10].offerId", "byg-50-offer"): Verify element property value successfully

2023-10-16 14:20:44 - [MESSAGE][PASSED] - Verify element property value successfully

2023-10-16 14:20:44 - [TEST_STEP][PASSED] - verifyElementPropertyValue(getResponse, "offers[10].offerParam", "bygoffer50"): Verify element property value successfully

2023-10-16 14:20:44 - [MESSAGE][PASSED] - Verify element property value successfully

2023-10-16 14:20:44 - [TEST_STEP][PASSED] - verifyElementPropertyValue(getResponse, "offers[10].groups[0].pricingPlans[0].featured", "true"): Verify element property value successfully

2023-10-16 14:20:44 - [MESSAGE][PASSED] - Verify element property value successfully

2023-10-16 14:20:44 - [TEST_STEP][PASSED] - verifyElementPropertyValue(getResponse, "offers[10].groups[0].pricingPlans[0].period", "monthly"): Verify element property value successfully

2023-10-16 14:20:44 - [MESSAGE][PASSED] - Verify element property value successfully

2023-10-16 14:20:44 - [TEST_STEP][PASSED] - verifyElementPropertyValue(getResponse, "offers[10].groups[0].pricingPlans[0].featured", "true"): Verify element property value successfully

2023-10-16 14:20:44 - [MESSAGE][PASSED] - Verify element property value successfully

2023-10-16 14:20:44 - [TEST_STEP][PASSED] - verifyElementPropertyValue(getResponse, "offers[10].groups[0].pricingPlans[0].price", "4.99"): Verify element property value successfully

2023-10-16 14:20:44 - [MESSAGE][PASSED] - Verify element property value successfully

2023-10-16 14:20:44 - [TEST_STEP][PASSED] - verifyElementPropertyValue(getResponse, "offers[10].groups[0].pricingPlans[0].currency", "TND"): Verify element property value successfully

2023-10-16 14:20:44 - [MESSAGE][PASSED] - Verify element property value successfully

2023-10-16 14:20:44 - [TEST_STEP][PASSED] - verifyElementPropertyValue(getResponse, "offers[10].groups[0].pricingPlans[0].order", "0"): Verify element property value successfully

2023-10-16 14:20:44 - [MESSAGE][PASSED] - Verify element property value successfully

2023-10-16 14:20:44 - [TEST_STEP][PASSED] - verifyElementPropertyValue(getResponse, "offers[10].groups[0].pricingPlans[0].packageId", "SHAHID_VIP"): Verify element property value successfully

2023-10-16 14:20:44 - [MESSAGE][PASSED] - Verify element property value successfully

2023-10-16 14:20:44 - [TEST_STEP][PASSED] - verifyElementPropertyValue(getResponse, "offers[10].groups[0].pricingPlans[0].catalogId", "VIP"): Verify element property value successfully

2023-10-16 14:20:45 - [MESSAGE][PASSED] - Verify element property value successfully

2023-10-16 14:20:45 - [TEST_STEP][PASSED] - verifyElementPropertyValue(getResponse, "offers[10].groups[0].pricingPlans[0].visualElements[0].key", "Header_1_text"): Verify element property value successfully

2023-10-16 14:20:45 - [MESSAGE][PASSED] - Verify element property value successfully

2023-10-16 14:20:45 - [TEST_STEP][PASSED] - verifyElementPropertyValue(getResponse, "offers[10].groups[0].pricingPlans[0].visualElements[0].value", "Watch the most powerful series and movies exclusively without stopping"): Verify element property value successfully

2023-10-16 14:20:45 - [MESSAGE][PASSED] - Verify element property value successfully

2023-10-16 14:20:45 - [TEST_STEP][PASSED] - verifyElementPropertyValue(getResponse, "offers[10].groups[0].pricingPlans[0].visualElements[1].key", "display_title"): Verify element property value successfully

2023-10-16 14:20:45 - [MESSAGE][PASSED] - Verify element property value successfully

2023-10-16 14:20:45 - [TEST_STEP][FAILED] - verifyElementPropertyValue(getResponse, "offers[10].groups[0].pricingPlans[0].visualElements[1].value", "50% Discount Offer"): Expected element property value '50% Discount Offer' is not equal with actual property value '50% Discount Offer​'

2023-10-16 14:20:45 - [MESSAGE][FAILED] - Expected element property value '50% Discount Offer' is not equal with actual property value '50% Discount Offer​'

2023-10-16 14:20:45 - [TEST_STEP][PASSED] - verifyElementPropertyValue(getResponse, "offers[10].groups[0].pricingPlans[0].visualElements[3].key", "deduction_text"): Verify element property value successfully

2023-10-16 14:20:45 - [MESSAGE][PASSED] - Verify element property value successfully

2023-10-16 14:20:45 - [TEST_STEP][PASSED] - verifyElementPropertyValue(getResponse, "offers[10].groups[0].pricingPlans[0].visualElements[3].value", "billed every month"): Verify element property value successfully

2023-10-16 14:20:45 - [MESSAGE][PASSED] - Verify element property value successfully

2023-10-16 14:20:45 - [TEST_STEP][PASSED] - verifyElementPropertyValue(getResponse, "offers[10].groups[0].pricingPlans[0].visualElements[6].key", "show_payment_logo"): Verify element property value successfully

2023-10-16 14:20:45 - [MESSAGE][PASSED] - Verify element property value successfully

2023-10-16 14:20:45 - [TEST_STEP][PASSED] - verifyElementPropertyValue(getResponse, "offers[10].groups[0].pricingPlans[0].visualElements[6].value", "true"): Verify element property value successfully

2023-10-16 14:20:45 - [MESSAGE][PASSED] - Verify element property value successfully

2023-10-16 14:20:45 - [TEST_STEP][PASSED] - verifyElementPropertyValue(getResponse, "offers[10].groups[0].pricingPlans[0].visualElements[8].key", "price"): Verify element property value successfully

2023-10-16 14:20:45 - [MESSAGE][PASSED] - Verify element property value successfully

2023-10-16 14:20:45 - [TEST_STEP][PASSED] - verifyElementPropertyValue(getResponse, "offers[10].groups[0].pricingPlans[0].visualElements[8].value", "4.99"): Verify element property value successfully

2023-10-16 14:20:45 - [MESSAGE][PASSED] - Verify element property value successfully

2023-10-16 14:20:45 - [TEST_STEP][PASSED] - verifyElementPropertyValue(getResponse, "offers[10].groups[0].pricingPlans[0].visualElements[9].key", "currency"): Verify element property value successfully

2023-10-16 14:20:45 - [MESSAGE][PASSED] - Verify element property value successfully

2023-10-16 14:20:45 - [TEST_STEP][PASSED] - verifyElementPropertyValue(getResponse, "offers[10].groups[0].pricingPlans[0].visualElements[9].value", "TND"): Verify element property value successfully

2023-10-16 14:20:45 - [MESSAGE][PASSED] - Verify element property value successfully

2023-10-16 14:20:45 - [TEST_STEP][PASSED] - verifyElementPropertyValue(getResponse, "offers[10].groups[0].pricingPlans[0].visualElements[10].key", "duration"): Verify element property value successfully

2023-10-16 14:20:45 - [MESSAGE][PASSED] - Verify element property value successfully

2023-10-16 14:20:45 - [TEST_STEP][PASSED] - verifyElementPropertyValue(getResponse, "offers[10].groups[0].pricingPlans[0].visualElements[10].value", "Monthly"): Verify element property value successfully

2023-10-16 14:20:45 - [MESSAGE][PASSED] - Verify element property value successfully

2023-10-16 14:20:45 - [TEST_STEP][PASSED] - verifyElementPropertyValue(getResponse, "offers[10].groups[0].pricingPlans[0].visualElements[11].key", "featured_tag_text"): Verify element property value successfully

2023-10-16 14:20:45 - [MESSAGE][PASSED] - Verify element property value successfully

2023-10-16 14:20:45 - [TEST_STEP][PASSED] - verifyElementPropertyValue(getResponse, "offers[10].groups[0].pricingPlans[0].visualElements[11].value", "Limited Time Offer"): Verify element property value successfully

2023-10-16 14:20:45 - [MESSAGE][PASSED] - Verify element property value successfully

2023-10-16 14:20:45 - [TEST_STEP][PASSED] - verifyElementPropertyValue(getResponse, "offers[10].groups[0].pricingPlans[0].visualElements[13].key", "tag_text"): Verify element property value successfully

2023-10-16 14:20:45 - [MESSAGE][PASSED] - Verify element property value successfully

2023-10-16 14:20:45 - [TEST_STEP][PASSED] - verifyElementPropertyValue(getResponse, "offers[10].groups[0].pricingPlans[0].visualElements[13].value", "Save 50%"): Verify element property value successfully

2023-10-16 14:20:45 - [MESSAGE][PASSED] - Verify element property value successfully

2023-10-16 14:20:45 - [TEST_STEP][PASSED] - verifyElementPropertyValue(getResponse, "offers[10].groups[0].pricingPlans[0].visualElements[12].key", "show_tag"): Verify element property value successfully

2023-10-16 14:20:45 - [MESSAGE][PASSED] - Verify element property value successfully

2023-10-16 14:20:45 - [TEST_STEP][PASSED] - verifyElementPropertyValue(getResponse, "offers[10].groups[0].pricingPlans[0].visualElements[12].value", "true"): Verify element property value successfully

2023-10-16 14:20:45 - [MESSAGE][PASSED] - Verify element property value successfully

2023-10-16 14:20:45 - [TEST_STEP][PASSED] - verifyElementPropertyValue(getResponse, "offers[10].groups[0].pricingPlans[0].pricingPlanData[0].productId", "TUN_B2C_SHAHID_VIP_1M"): Verify element property value successfully

2023-10-16 14:20:45 - [MESSAGE][PASSED] - Verify element property value successfully

2023-10-16 14:20:45 - [TEST_STEP][PASSED] - verifyElementPropertyValue(getResponse, "offers[10].groups[0].pricingPlans[0].pricingPlanData[0].paymentMethod", "CREDIT_CARD"): Verify element property value successfully

2023-10-16 14:20:45 - [MESSAGE][PASSED] - Verify element property value successfully

2023-10-16 14:20:45 - [TEST_STEP][PASSED] - verifyElementPropertyValue(getResponse, "offers[10].groups[0].pricingPlans[0].pricingPlanData[0].freeTrialEnabled", "false"): Verify element property value successfully

2023-10-16 14:20:45 - [MESSAGE][PASSED] - Verify element property value successfully

2023-10-16 14:20:45 - [TEST_STEP][PASSED] - verifyElementPropertyValue(getResponse, "offers[10].groups[0].pricingPlans[0].pricingPlanData[0].showIn[0]", "VERTICAL_MODE"): Verify element property value successfully

2023-10-16 14:20:45 - [MESSAGE][PASSED] - Verify element property value successfully

2023-10-16 14:20:45 - [TEST_STEP][PASSED] - verifyElementPropertyValue(getResponse, "offers[10].groups[0].pricingPlans[0].pricingPlanData[0].showIn[1]", "HORIZONTAL_MODE"): Verify element property value successfully

2023-10-16 14:20:45 - [MESSAGE][PASSED] - Verify element property value successfully

2023-10-16 14:20:45 - [TEST_STEP][PASSED] - verifyElementPropertyValue(getResponse, "offers[10].groups[0].pricingPlans[0].pricingPlanData[0].priceLabel", "4.99"): Verify element property value successfully

2023-10-16 14:20:45 - [MESSAGE][PASSED] - Verify element property value successfully

2023-10-16 14:20:45 - [TEST_STEP][PASSED] - verifyElementPropertyValue(getResponse, "offers[10].groups[0].pricingPlans[0].pricingPlanData[0].currencyLabel", "TND"): Verify element property value successfully

2023-10-16 14:20:45 - [MESSAGE][PASSED] - Verify element property value successfully

2023-10-16 14:20:45 - [TEST_STEP][PASSED] - verifyElementPropertyValue(getResponse, "offers[10].groups[0].pricingPlans[0].pricingPlanData[0].dealId", "BYG_50P_TUN"): Verify element property value successfully

2023-10-16 14:20:45 - [MESSAGE][PASSED] - Verify element property value successfully

2023-10-16 14:20:45 - [TEST_STEP][PASSED] - verifyElementPropertyValue(getResponse, "offers[10].groups[0].pricingPlans[0].pricingPlanData[0].allowedForAcquisition", "true"): Verify element property value successfully

2023-10-16 14:20:45 - [MESSAGE][PASSED] - Verify element property value successfully

2023-10-16 14:20:45 - [TEST_STEP][PASSED] - verifyElementPropertyValue(getResponse, "offers[10].groups[0].pricingPlans[0].pricingPlanData[0].visualElements[0].key", "title"): Verify element property value successfully

2023-10-16 14:20:45 - [MESSAGE][PASSED] - Verify element property value successfully

2023-10-16 14:20:45 - [TEST_STEP][PASSED] - verifyElementPropertyValue(getResponse, "offers[10].groups[0].pricingPlans[0].pricingPlanData[0].visualElements[0].value", "Credit/Debit Card"): Verify element property value successfully

2023-10-16 14:20:45 - [MESSAGE][PASSED] - Verify element property value successfully

2023-10-16 14:20:45 - [TEST_STEP][PASSED] - verifyElementPropertyValue(getResponse, "offers[10].groups[0].pricingPlans[0].pricingPlanData[0].visualElements[1].key", "CTA_text"): Verify element property value successfully

2023-10-16 14:20:45 - [MESSAGE][PASSED] - Verify element property value successfully

2023-10-16 14:20:45 - [TEST_STEP][PASSED] - verifyElementPropertyValue(getResponse, "offers[10].groups[0].pricingPlans[0].pricingPlanData[0].visualElements[1].value", "Subscribe"): Verify element property value successfully

2023-10-16 14:20:45 - [MESSAGE][PASSED] - Verify element property value successfully

2023-10-16 14:20:45 - [TEST_STEP][PASSED] - verifyElementPropertyValue(getResponse, "offers[10].groups[0].pricingPlans[0].pricingPlanData[0].visualElements[2].key", "logo"): Verify element property value successfully

2023-10-16 14:20:45 - [MESSAGE][PASSED] - Verify element property value successfully

2023-10-16 14:20:45 - [TEST_STEP][PASSED] - verifyElementPropertyValue(getResponse, "offers[10].groups[0].pricingPlans[0].pricingPlanData[0].visualElements[2].value", "https://static.s3.shahid.mbc.net/widget-images/icons/iconCreditCard.png"): Verify element property value successfully

2023-10-16 14:20:45 - [MESSAGE][PASSED] - Verify element property value successfully]]></system-out>
         <system-err><![CDATA[2023-10-16 14:20:41 - [TEST_CASE][FAILED] - Test Cases/WEB - CHROME/TUN PI/WEB_EN_getOffersForTUN_VIP: Test Cases/WEB - CHROME/TUN PI/WEB_EN_getOffersForTUN_VIP FAILED.
Reason:
com.kms.katalon.core.exception.StepFailedException: Expected element property value '30% Discount Offer' is not equal with actual property value '30% Discount Offer​'
	at com.kms.katalon.core.keyword.internal.KeywordMain.stepFailed(KeywordMain.groovy:39)
	at com.kms.katalon.core.webservice.keyword.builtin.VerifyElementPropertyValueKeyword$_verifyElementPropertyValue_closure1.doCall(VerifyElementPropertyValueKeyword.groovy:56)
	at com.kms.katalon.core.webservice.keyword.builtin.VerifyElementPropertyValueKeyword$_verifyElementPropertyValue_closure1.call(VerifyElementPropertyValueKeyword.groovy)
	at com.kms.katalon.core.keyword.internal.KeywordMain.runKeyword(KeywordMain.groovy:75)
	at com.kms.katalon.core.webservice.keyword.builtin.VerifyElementPropertyValueKeyword.verifyElementPropertyValue(VerifyElementPropertyValueKeyword.groovy:48)
	at com.kms.katalon.core.webservice.keyword.builtin.VerifyElementPropertyValueKeyword.execute(VerifyElementPropertyValueKeyword.groovy:43)
	at com.kms.katalon.core.keyword.internal.KeywordExecutor.executeKeywordForPlatform(KeywordExecutor.groovy:74)
	at com.kms.katalon.core.webservice.keyword.WSBuiltInKeywords.verifyElementPropertyValue(WSBuiltInKeywords.groovy:190)
	at com.kms.katalon.core.webservice.keyword.WSBuiltInKeywords$verifyElementPropertyValue$1.call(Unknown Source)
	at WEB_EN_getOffersForTUN_VIP.run(WEB_EN_getOffersForTUN_VIP:59)
	at com.kms.katalon.core.main.ScriptEngine.run(ScriptEngine.java:194)
	at com.kms.katalon.core.main.ScriptEngine.runScriptAsRawText(ScriptEngine.java:119)
	at com.kms.katalon.core.main.TestCaseExecutor.runScript(TestCaseExecutor.java:448)
	at com.kms.katalon.core.main.TestCaseExecutor.doExecute(TestCaseExecutor.java:439)
	at com.kms.katalon.core.main.TestCaseExecutor.processExecutionPhase(TestCaseExecutor.java:418)
	at com.kms.katalon.core.main.TestCaseExecutor.accessMainPhase(TestCaseExecutor.java:410)
	at com.kms.katalon.core.main.TestCaseExecutor.execute(TestCaseExecutor.java:285)
	at com.kms.katalon.core.common.CommonExecutor.accessTestCaseMainPhase(CommonExecutor.java:65)
	at com.kms.katalon.core.main.TestSuiteExecutor.accessTestSuiteMainPhase(TestSuiteExecutor.java:148)
	at com.kms.katalon.core.main.TestSuiteExecutor.execute(TestSuiteExecutor.java:106)
	at com.kms.katalon.core.main.TestCaseMain.startTestSuite(TestCaseMain.java:187)
	at com.kms.katalon.core.main.TestCaseMain$startTestSuite$0.call(Unknown Source)
	at TempTestSuite1697454223353.run(TempTestSuite1697454223353.groovy:36)]]></system-err>
      </testcase>
      <testcase name="Test Cases/WEB - CHROME/TUN PI/WEB_FR_getOffersForTUN_SPORT" time="3.928" classname="Test Cases/WEB - CHROME/TUN PI/WEB_FR_getOffersForTUN_SPORT" status="PASSED">
         <system-out><![CDATA[2023-10-16 14:20:45 - [TEST_CASE][PASSED] - Test Cases/WEB - CHROME/TUN PI/WEB_FR_getOffersForTUN_SPORT: Test Cases/WEB - CHROME/TUN PI/WEB_FR_getOffersForTUN_SPORT

2023-10-16 14:20:45 - [TEST_STEP][PASSED] - getResponse = config_files.getConfigFile.getConfig("WEB", "FR", "SHAHID_VIP_SPORT", "TN", "false"): config_files.getConfigFile.getConfig is PASSED

2023-10-16 14:20:46 - [MESSAGE][INFO] - HAR: /Users/admin/git/shahid-configuration/Reports/20231016_140310/WEB/TUN/20231016_140343/requests/main/8.har

2023-10-16 14:20:46 - [MESSAGE][PASSED] - Send request successfully

2023-10-16 14:20:46 - [MESSAGE][PASSED] - config_files.getConfigFile.getConfig is PASSED

2023-10-16 14:20:46 - [TEST_STEP][PASSED] - verifyResponseStatusCode(getResponse, 200): Verify response status code successfully

2023-10-16 14:20:46 - [MESSAGE][PASSED] - Verify response status code successfully

2023-10-16 14:20:46 - [TEST_STEP][PASSED] - verifyElementPropertyValue(getResponse, "country", "TUN"): Verify element property value successfully

2023-10-16 14:20:46 - [MESSAGE][PASSED] - Verify element property value successfully

2023-10-16 14:20:46 - [TEST_STEP][PASSED] - verifyElementPropertyValue(getResponse, "platform", "[WEB]"): Verify element property value successfully

2023-10-16 14:20:46 - [MESSAGE][PASSED] - Verify element property value successfully

2023-10-16 14:20:46 - [TEST_STEP][PASSED] - verifyElementPropertyValue(getResponse, "offers[5].offerId", "winback-sport-30-offer"): Verify element property value successfully

2023-10-16 14:20:46 - [MESSAGE][PASSED] - Verify element property value successfully

2023-10-16 14:20:46 - [TEST_STEP][PASSED] - verifyElementPropertyValue(getResponse, "offers[5].offerParam", "sportsoffer30"): Verify element property value successfully

2023-10-16 14:20:46 - [MESSAGE][PASSED] - Verify element property value successfully

2023-10-16 14:20:46 - [TEST_STEP][PASSED] - verifyElementPropertyValue(getResponse, "offers[5].groups[0].pricingPlans[0].featured", "true"): Verify element property value successfully

2023-10-16 14:20:46 - [MESSAGE][PASSED] - Verify element property value successfully

2023-10-16 14:20:46 - [TEST_STEP][PASSED] - verifyElementPropertyValue(getResponse, "offers[5].groups[0].pricingPlans[0].period", "monthly"): Verify element property value successfully

2023-10-16 14:20:46 - [MESSAGE][PASSED] - Verify element property value successfully

2023-10-16 14:20:46 - [TEST_STEP][PASSED] - verifyElementPropertyValue(getResponse, "offers[5].groups[0].pricingPlans[0].featured", "true"): Verify element property value successfully

2023-10-16 14:20:46 - [MESSAGE][PASSED] - Verify element property value successfully

2023-10-16 14:20:46 - [TEST_STEP][PASSED] - verifyElementPropertyValue(getResponse, "offers[5].groups[0].pricingPlans[0].price", "13.99"): Verify element property value successfully

2023-10-16 14:20:46 - [MESSAGE][PASSED] - Verify element property value successfully

2023-10-16 14:20:46 - [TEST_STEP][PASSED] - verifyElementPropertyValue(getResponse, "offers[5].groups[0].pricingPlans[0].currency", "TND"): Verify element property value successfully

2023-10-16 14:20:46 - [MESSAGE][PASSED] - Verify element property value successfully

2023-10-16 14:20:46 - [TEST_STEP][PASSED] - verifyElementPropertyValue(getResponse, "offers[5].groups[0].pricingPlans[0].order", "0"): Verify element property value successfully

2023-10-16 14:20:46 - [MESSAGE][PASSED] - Verify element property value successfully

2023-10-16 14:20:46 - [TEST_STEP][PASSED] - verifyElementPropertyValue(getResponse, "offers[5].groups[0].pricingPlans[0].packageId", "SHAHID_VIP_SPORT"): Verify element property value successfully

2023-10-16 14:20:46 - [MESSAGE][PASSED] - Verify element property value successfully

2023-10-16 14:20:46 - [TEST_STEP][PASSED] - verifyElementPropertyValue(getResponse, "offers[5].groups[0].pricingPlans[0].catalogId", "SPORT"): Verify element property value successfully

2023-10-16 14:20:46 - [MESSAGE][PASSED] - Verify element property value successfully

2023-10-16 14:20:46 - [TEST_STEP][PASSED] - verifyElementPropertyValue(getResponse, "offers[5].groups[0].pricingPlans[0].visualElements[0].key", "Header_1_text"): Verify element property value successfully

2023-10-16 14:20:46 - [MESSAGE][PASSED] - Verify element property value successfully

2023-10-16 14:20:46 - [TEST_STEP][PASSED] - verifyElementPropertyValue(getResponse, "offers[5].groups[0].pricingPlans[0].visualElements[0].value", "Abonnez-vous dès maintenant et profitez de vos programmes sans publicité"): Verify element property value successfully

2023-10-16 14:20:46 - [MESSAGE][PASSED] - Verify element property value successfully

2023-10-16 14:20:46 - [TEST_STEP][PASSED] - verifyElementPropertyValue(getResponse, "offers[5].groups[0].pricingPlans[0].visualElements[1].key", "display_title"): Verify element property value successfully

2023-10-16 14:20:46 - [MESSAGE][PASSED] - Verify element property value successfully

2023-10-16 14:20:46 - [TEST_STEP][PASSED] - verifyElementPropertyValue(getResponse, "offers[5].groups[0].pricingPlans[0].visualElements[1].value", "30% de réduction"): Verify element property value successfully

2023-10-16 14:20:46 - [MESSAGE][PASSED] - Verify element property value successfully

2023-10-16 14:20:46 - [TEST_STEP][PASSED] - verifyElementPropertyValue(getResponse, "offers[5].groups[0].pricingPlans[0].visualElements[3].key", "deduction_text"): Verify element property value successfully

2023-10-16 14:20:46 - [MESSAGE][PASSED] - Verify element property value successfully

2023-10-16 14:20:46 - [TEST_STEP][PASSED] - verifyElementPropertyValue(getResponse, "offers[5].groups[0].pricingPlans[0].visualElements[3].value", "facturation mensuelle"): Verify element property value successfully

2023-10-16 14:20:46 - [MESSAGE][PASSED] - Verify element property value successfully

2023-10-16 14:20:46 - [TEST_STEP][PASSED] - verifyElementPropertyValue(getResponse, "offers[5].groups[0].pricingPlans[0].visualElements[6].key", "show_payment_logo"): Verify element property value successfully

2023-10-16 14:20:46 - [MESSAGE][PASSED] - Verify element property value successfully

2023-10-16 14:20:46 - [TEST_STEP][PASSED] - verifyElementPropertyValue(getResponse, "offers[5].groups[0].pricingPlans[0].visualElements[6].value", "true"): Verify element property value successfully

2023-10-16 14:20:46 - [MESSAGE][PASSED] - Verify element property value successfully

2023-10-16 14:20:46 - [TEST_STEP][PASSED] - verifyElementPropertyValue(getResponse, "offers[5].groups[0].pricingPlans[0].visualElements[8].key", "price"): Verify element property value successfully

2023-10-16 14:20:46 - [MESSAGE][PASSED] - Verify element property value successfully

2023-10-16 14:20:46 - [TEST_STEP][PASSED] - verifyElementPropertyValue(getResponse, "offers[5].groups[0].pricingPlans[0].visualElements[8].value", "13.99"): Verify element property value successfully

2023-10-16 14:20:46 - [MESSAGE][PASSED] - Verify element property value successfully

2023-10-16 14:20:46 - [TEST_STEP][PASSED] - verifyElementPropertyValue(getResponse, "offers[5].groups[0].pricingPlans[0].visualElements[9].key", "currency"): Verify element property value successfully

2023-10-16 14:20:46 - [MESSAGE][PASSED] - Verify element property value successfully

2023-10-16 14:20:46 - [TEST_STEP][PASSED] - verifyElementPropertyValue(getResponse, "offers[5].groups[0].pricingPlans[0].visualElements[9].value", "TND"): Verify element property value successfully

2023-10-16 14:20:46 - [MESSAGE][PASSED] - Verify element property value successfully

2023-10-16 14:20:46 - [TEST_STEP][PASSED] - verifyElementPropertyValue(getResponse, "offers[5].groups[0].pricingPlans[0].visualElements[10].key", "duration"): Verify element property value successfully

2023-10-16 14:20:46 - [MESSAGE][PASSED] - Verify element property value successfully

2023-10-16 14:20:46 - [TEST_STEP][PASSED] - verifyElementPropertyValue(getResponse, "offers[5].groups[0].pricingPlans[0].visualElements[10].value", "Mensuel"): Verify element property value successfully

2023-10-16 14:20:46 - [MESSAGE][PASSED] - Verify element property value successfully

2023-10-16 14:20:46 - [TEST_STEP][PASSED] - verifyElementPropertyValue(getResponse, "offers[5].groups[0].pricingPlans[0].visualElements[11].key", "featured_tag_text"): Verify element property value successfully

2023-10-16 14:20:46 - [MESSAGE][PASSED] - Verify element property value successfully

2023-10-16 14:20:46 - [TEST_STEP][PASSED] - verifyElementPropertyValue(getResponse, "offers[5].groups[0].pricingPlans[0].visualElements[11].value", "Offre limitée"): Verify element property value successfully

2023-10-16 14:20:46 - [MESSAGE][PASSED] - Verify element property value successfully

2023-10-16 14:20:46 - [TEST_STEP][PASSED] - verifyElementPropertyValue(getResponse, "offers[5].groups[0].pricingPlans[0].visualElements[13].key", "tag_text"): Verify element property value successfully

2023-10-16 14:20:46 - [MESSAGE][PASSED] - Verify element property value successfully

2023-10-16 14:20:46 - [TEST_STEP][PASSED] - verifyElementPropertyValue(getResponse, "offers[5].groups[0].pricingPlans[0].visualElements[13].value", "Économisez 30% "): Verify element property value successfully

2023-10-16 14:20:46 - [MESSAGE][PASSED] - Verify element property value successfully

2023-10-16 14:20:46 - [TEST_STEP][PASSED] - verifyElementPropertyValue(getResponse, "offers[5].groups[0].pricingPlans[0].visualElements[12].key", "show_tag"): Verify element property value successfully

2023-10-16 14:20:46 - [MESSAGE][PASSED] - Verify element property value successfully

2023-10-16 14:20:46 - [TEST_STEP][PASSED] - verifyElementPropertyValue(getResponse, "offers[5].groups[0].pricingPlans[0].visualElements[12].value", "true"): Verify element property value successfully

2023-10-16 14:20:46 - [MESSAGE][PASSED] - Verify element property value successfully

2023-10-16 14:20:46 - [TEST_STEP][PASSED] - verifyElementPropertyValue(getResponse, "offers[5].groups[0].pricingPlans[0].pricingPlanData[0].productId", "TUN_B2C_SHAHID_VIP_SPORT_1M"): Verify element property value successfully

2023-10-16 14:20:46 - [MESSAGE][PASSED] - Verify element property value successfully

2023-10-16 14:20:46 - [TEST_STEP][PASSED] - verifyElementPropertyValue(getResponse, "offers[5].groups[0].pricingPlans[0].pricingPlanData[0].paymentMethod", "CREDIT_CARD"): Verify element property value successfully

2023-10-16 14:20:46 - [MESSAGE][PASSED] - Verify element property value successfully

2023-10-16 14:20:46 - [TEST_STEP][PASSED] - verifyElementPropertyValue(getResponse, "offers[5].groups[0].pricingPlans[0].pricingPlanData[0].freeTrialEnabled", "false"): Verify element property value successfully

2023-10-16 14:20:46 - [MESSAGE][PASSED] - Verify element property value successfully

2023-10-16 14:20:46 - [TEST_STEP][PASSED] - verifyElementPropertyValue(getResponse, "offers[5].groups[0].pricingPlans[0].pricingPlanData[0].showIn[0]", "VERTICAL_MODE"): Verify element property value successfully

2023-10-16 14:20:46 - [MESSAGE][PASSED] - Verify element property value successfully

2023-10-16 14:20:46 - [TEST_STEP][PASSED] - verifyElementPropertyValue(getResponse, "offers[5].groups[0].pricingPlans[0].pricingPlanData[0].showIn[1]", "HORIZONTAL_MODE"): Verify element property value successfully

2023-10-16 14:20:46 - [MESSAGE][PASSED] - Verify element property value successfully

2023-10-16 14:20:46 - [TEST_STEP][PASSED] - verifyElementPropertyValue(getResponse, "offers[5].groups[0].pricingPlans[0].pricingPlanData[0].priceLabel", "13.99"): Verify element property value successfully

2023-10-16 14:20:46 - [MESSAGE][PASSED] - Verify element property value successfully

2023-10-16 14:20:46 - [TEST_STEP][PASSED] - verifyElementPropertyValue(getResponse, "offers[5].groups[0].pricingPlans[0].pricingPlanData[0].currencyLabel", "TND"): Verify element property value successfully

2023-10-16 14:20:46 - [MESSAGE][PASSED] - Verify element property value successfully

2023-10-16 14:20:46 - [TEST_STEP][PASSED] - verifyElementPropertyValue(getResponse, "offers[5].groups[0].pricingPlans[0].pricingPlanData[0].dealId", "WB_SPORT_30P_TUN"): Verify element property value successfully

2023-10-16 14:20:46 - [MESSAGE][PASSED] - Verify element property value successfully

2023-10-16 14:20:46 - [TEST_STEP][PASSED] - verifyElementPropertyValue(getResponse, "offers[5].groups[0].pricingPlans[0].pricingPlanData[0].allowedForAcquisition", "true"): Verify element property value successfully

2023-10-16 14:20:46 - [MESSAGE][PASSED] - Verify element property value successfully

2023-10-16 14:20:46 - [TEST_STEP][PASSED] - verifyElementPropertyValue(getResponse, "offers[5].groups[0].pricingPlans[0].pricingPlanData[0].visualElements[0].key", "title"): Verify element property value successfully

2023-10-16 14:20:46 - [MESSAGE][PASSED] - Verify element property value successfully

2023-10-16 14:20:46 - [TEST_STEP][PASSED] - verifyElementPropertyValue(getResponse, "offers[5].groups[0].pricingPlans[0].pricingPlanData[0].visualElements[0].value", "Carte de crédit/débit"): Verify element property value successfully

2023-10-16 14:20:46 - [MESSAGE][PASSED] - Verify element property value successfully

2023-10-16 14:20:46 - [TEST_STEP][PASSED] - verifyElementPropertyValue(getResponse, "offers[5].groups[0].pricingPlans[0].pricingPlanData[0].visualElements[1].key", "CTA_text"): Verify element property value successfully

2023-10-16 14:20:46 - [MESSAGE][PASSED] - Verify element property value successfully

2023-10-16 14:20:46 - [TEST_STEP][PASSED] - verifyElementPropertyValue(getResponse, "offers[5].groups[0].pricingPlans[0].pricingPlanData[0].visualElements[1].value", "S’abonner"): Verify element property value successfully

2023-10-16 14:20:46 - [MESSAGE][PASSED] - Verify element property value successfully

2023-10-16 14:20:46 - [TEST_STEP][PASSED] - verifyElementPropertyValue(getResponse, "offers[5].groups[0].pricingPlans[0].pricingPlanData[0].visualElements[2].key", "logo"): Verify element property value successfully

2023-10-16 14:20:46 - [MESSAGE][PASSED] - Verify element property value successfully

2023-10-16 14:20:46 - [TEST_STEP][PASSED] - verifyElementPropertyValue(getResponse, "offers[5].groups[0].pricingPlans[0].pricingPlanData[0].visualElements[2].value", "https://static.s3.shahid.mbc.net/widget-images/icons/iconCreditCard.png"): Verify element property value successfully

2023-10-16 14:20:46 - [MESSAGE][PASSED] - Verify element property value successfully

2023-10-16 14:20:46 - [TEST_STEP][PASSED] - verifyElementPropertyValue(getResponse, "offers[6].offerId", "winback-sport-40-offer"): Verify element property value successfully

2023-10-16 14:20:46 - [MESSAGE][PASSED] - Verify element property value successfully

2023-10-16 14:20:46 - [TEST_STEP][PASSED] - verifyElementPropertyValue(getResponse, "offers[6].offerParam", "sportsoffer40"): Verify element property value successfully

2023-10-16 14:20:46 - [MESSAGE][PASSED] - Verify element property value successfully

2023-10-16 14:20:46 - [TEST_STEP][PASSED] - verifyElementPropertyValue(getResponse, "offers[6].groups[0].pricingPlans[0].featured", "true"): Verify element property value successfully

2023-10-16 14:20:47 - [MESSAGE][PASSED] - Verify element property value successfully

2023-10-16 14:20:47 - [TEST_STEP][PASSED] - verifyElementPropertyValue(getResponse, "offers[6].groups[0].pricingPlans[0].period", "monthly"): Verify element property value successfully

2023-10-16 14:20:47 - [MESSAGE][PASSED] - Verify element property value successfully

2023-10-16 14:20:47 - [TEST_STEP][PASSED] - verifyElementPropertyValue(getResponse, "offers[6].groups[0].pricingPlans[0].featured", "true"): Verify element property value successfully

2023-10-16 14:20:47 - [MESSAGE][PASSED] - Verify element property value successfully

2023-10-16 14:20:47 - [TEST_STEP][PASSED] - verifyElementPropertyValue(getResponse, "offers[6].groups[0].pricingPlans[0].price", "11.99"): Verify element property value successfully

2023-10-16 14:20:47 - [MESSAGE][PASSED] - Verify element property value successfully

2023-10-16 14:20:47 - [TEST_STEP][PASSED] - verifyElementPropertyValue(getResponse, "offers[6].groups[0].pricingPlans[0].currency", "TND"): Verify element property value successfully

2023-10-16 14:20:47 - [MESSAGE][PASSED] - Verify element property value successfully

2023-10-16 14:20:47 - [TEST_STEP][PASSED] - verifyElementPropertyValue(getResponse, "offers[6].groups[0].pricingPlans[0].order", "0"): Verify element property value successfully

2023-10-16 14:20:47 - [MESSAGE][PASSED] - Verify element property value successfully

2023-10-16 14:20:47 - [TEST_STEP][PASSED] - verifyElementPropertyValue(getResponse, "offers[6].groups[0].pricingPlans[0].packageId", "SHAHID_VIP_SPORT"): Verify element property value successfully

2023-10-16 14:20:47 - [MESSAGE][PASSED] - Verify element property value successfully

2023-10-16 14:20:47 - [TEST_STEP][PASSED] - verifyElementPropertyValue(getResponse, "offers[6].groups[0].pricingPlans[0].catalogId", "SPORT"): Verify element property value successfully

2023-10-16 14:20:47 - [MESSAGE][PASSED] - Verify element property value successfully

2023-10-16 14:20:47 - [TEST_STEP][PASSED] - verifyElementPropertyValue(getResponse, "offers[6].groups[0].pricingPlans[0].visualElements[0].key", "Header_1_text"): Verify element property value successfully

2023-10-16 14:20:47 - [MESSAGE][PASSED] - Verify element property value successfully

2023-10-16 14:20:47 - [TEST_STEP][PASSED] - verifyElementPropertyValue(getResponse, "offers[6].groups[0].pricingPlans[0].visualElements[0].value", "Abonnez-vous dès maintenant et profitez de vos programmes sans publicité"): Verify element property value successfully

2023-10-16 14:20:47 - [MESSAGE][PASSED] - Verify element property value successfully

2023-10-16 14:20:47 - [TEST_STEP][PASSED] - verifyElementPropertyValue(getResponse, "offers[6].groups[0].pricingPlans[0].visualElements[1].key", "display_title"): Verify element property value successfully

2023-10-16 14:20:47 - [MESSAGE][PASSED] - Verify element property value successfully

2023-10-16 14:20:47 - [TEST_STEP][PASSED] - verifyElementPropertyValue(getResponse, "offers[6].groups[0].pricingPlans[0].visualElements[1].value", "40% de réduction"): Verify element property value successfully

2023-10-16 14:20:47 - [MESSAGE][PASSED] - Verify element property value successfully

2023-10-16 14:20:47 - [TEST_STEP][PASSED] - verifyElementPropertyValue(getResponse, "offers[6].groups[0].pricingPlans[0].visualElements[3].key", "deduction_text"): Verify element property value successfully

2023-10-16 14:20:47 - [MESSAGE][PASSED] - Verify element property value successfully

2023-10-16 14:20:47 - [TEST_STEP][PASSED] - verifyElementPropertyValue(getResponse, "offers[6].groups[0].pricingPlans[0].visualElements[3].value", "facturation mensuelle"): Verify element property value successfully

2023-10-16 14:20:47 - [MESSAGE][PASSED] - Verify element property value successfully

2023-10-16 14:20:47 - [TEST_STEP][PASSED] - verifyElementPropertyValue(getResponse, "offers[6].groups[0].pricingPlans[0].visualElements[6].key", "show_payment_logo"): Verify element property value successfully

2023-10-16 14:20:47 - [MESSAGE][PASSED] - Verify element property value successfully

2023-10-16 14:20:47 - [TEST_STEP][PASSED] - verifyElementPropertyValue(getResponse, "offers[6].groups[0].pricingPlans[0].visualElements[6].value", "true"): Verify element property value successfully

2023-10-16 14:20:47 - [MESSAGE][PASSED] - Verify element property value successfully

2023-10-16 14:20:47 - [TEST_STEP][PASSED] - verifyElementPropertyValue(getResponse, "offers[6].groups[0].pricingPlans[0].visualElements[8].key", "price"): Verify element property value successfully

2023-10-16 14:20:47 - [MESSAGE][PASSED] - Verify element property value successfully

2023-10-16 14:20:47 - [TEST_STEP][PASSED] - verifyElementPropertyValue(getResponse, "offers[6].groups[0].pricingPlans[0].visualElements[8].value", "11.99"): Verify element property value successfully

2023-10-16 14:20:47 - [MESSAGE][PASSED] - Verify element property value successfully

2023-10-16 14:20:47 - [TEST_STEP][PASSED] - verifyElementPropertyValue(getResponse, "offers[6].groups[0].pricingPlans[0].visualElements[9].key", "currency"): Verify element property value successfully

2023-10-16 14:20:47 - [MESSAGE][PASSED] - Verify element property value successfully

2023-10-16 14:20:47 - [TEST_STEP][PASSED] - verifyElementPropertyValue(getResponse, "offers[6].groups[0].pricingPlans[0].visualElements[9].value", "TND"): Verify element property value successfully

2023-10-16 14:20:47 - [MESSAGE][PASSED] - Verify element property value successfully

2023-10-16 14:20:47 - [TEST_STEP][PASSED] - verifyElementPropertyValue(getResponse, "offers[6].groups[0].pricingPlans[0].visualElements[10].key", "duration"): Verify element property value successfully

2023-10-16 14:20:47 - [MESSAGE][PASSED] - Verify element property value successfully

2023-10-16 14:20:47 - [TEST_STEP][PASSED] - verifyElementPropertyValue(getResponse, "offers[6].groups[0].pricingPlans[0].visualElements[10].value", "Mensuel"): Verify element property value successfully

2023-10-16 14:20:47 - [MESSAGE][PASSED] - Verify element property value successfully

2023-10-16 14:20:47 - [TEST_STEP][PASSED] - verifyElementPropertyValue(getResponse, "offers[6].groups[0].pricingPlans[0].visualElements[11].key", "featured_tag_text"): Verify element property value successfully

2023-10-16 14:20:47 - [MESSAGE][PASSED] - Verify element property value successfully

2023-10-16 14:20:47 - [TEST_STEP][PASSED] - verifyElementPropertyValue(getResponse, "offers[6].groups[0].pricingPlans[0].visualElements[11].value", "Offre limitée"): Verify element property value successfully

2023-10-16 14:20:47 - [MESSAGE][PASSED] - Verify element property value successfully

2023-10-16 14:20:47 - [TEST_STEP][PASSED] - verifyElementPropertyValue(getResponse, "offers[6].groups[0].pricingPlans[0].visualElements[13].key", "tag_text"): Verify element property value successfully

2023-10-16 14:20:47 - [MESSAGE][PASSED] - Verify element property value successfully

2023-10-16 14:20:47 - [TEST_STEP][PASSED] - verifyElementPropertyValue(getResponse, "offers[6].groups[0].pricingPlans[0].visualElements[13].value", "Économisez 40% "): Verify element property value successfully

2023-10-16 14:20:47 - [MESSAGE][PASSED] - Verify element property value successfully

2023-10-16 14:20:47 - [TEST_STEP][PASSED] - verifyElementPropertyValue(getResponse, "offers[6].groups[0].pricingPlans[0].visualElements[12].key", "show_tag"): Verify element property value successfully

2023-10-16 14:20:47 - [MESSAGE][PASSED] - Verify element property value successfully

2023-10-16 14:20:47 - [TEST_STEP][PASSED] - verifyElementPropertyValue(getResponse, "offers[6].groups[0].pricingPlans[0].visualElements[12].value", "true"): Verify element property value successfully

2023-10-16 14:20:47 - [MESSAGE][PASSED] - Verify element property value successfully

2023-10-16 14:20:47 - [TEST_STEP][PASSED] - verifyElementPropertyValue(getResponse, "offers[6].groups[0].pricingPlans[0].pricingPlanData[0].productId", "TUN_B2C_SHAHID_VIP_SPORT_1M"): Verify element property value successfully

2023-10-16 14:20:47 - [MESSAGE][PASSED] - Verify element property value successfully

2023-10-16 14:20:47 - [TEST_STEP][PASSED] - verifyElementPropertyValue(getResponse, "offers[6].groups[0].pricingPlans[0].pricingPlanData[0].paymentMethod", "CREDIT_CARD"): Verify element property value successfully

2023-10-16 14:20:47 - [MESSAGE][PASSED] - Verify element property value successfully

2023-10-16 14:20:47 - [TEST_STEP][PASSED] - verifyElementPropertyValue(getResponse, "offers[6].groups[0].pricingPlans[0].pricingPlanData[0].freeTrialEnabled", "false"): Verify element property value successfully

2023-10-16 14:20:47 - [MESSAGE][PASSED] - Verify element property value successfully

2023-10-16 14:20:47 - [TEST_STEP][PASSED] - verifyElementPropertyValue(getResponse, "offers[6].groups[0].pricingPlans[0].pricingPlanData[0].showIn[0]", "VERTICAL_MODE"): Verify element property value successfully

2023-10-16 14:20:47 - [MESSAGE][PASSED] - Verify element property value successfully

2023-10-16 14:20:47 - [TEST_STEP][PASSED] - verifyElementPropertyValue(getResponse, "offers[6].groups[0].pricingPlans[0].pricingPlanData[0].showIn[1]", "HORIZONTAL_MODE"): Verify element property value successfully

2023-10-16 14:20:47 - [MESSAGE][PASSED] - Verify element property value successfully

2023-10-16 14:20:47 - [TEST_STEP][PASSED] - verifyElementPropertyValue(getResponse, "offers[6].groups[0].pricingPlans[0].pricingPlanData[0].priceLabel", "11.99"): Verify element property value successfully

2023-10-16 14:20:47 - [MESSAGE][PASSED] - Verify element property value successfully

2023-10-16 14:20:47 - [TEST_STEP][PASSED] - verifyElementPropertyValue(getResponse, "offers[6].groups[0].pricingPlans[0].pricingPlanData[0].currencyLabel", "TND"): Verify element property value successfully

2023-10-16 14:20:47 - [MESSAGE][PASSED] - Verify element property value successfully

2023-10-16 14:20:47 - [TEST_STEP][PASSED] - verifyElementPropertyValue(getResponse, "offers[6].groups[0].pricingPlans[0].pricingPlanData[0].dealId", "WB_SPORT_40P_TUN"): Verify element property value successfully

2023-10-16 14:20:47 - [MESSAGE][PASSED] - Verify element property value successfully

2023-10-16 14:20:47 - [TEST_STEP][PASSED] - verifyElementPropertyValue(getResponse, "offers[6].groups[0].pricingPlans[0].pricingPlanData[0].allowedForAcquisition", "true"): Verify element property value successfully

2023-10-16 14:20:47 - [MESSAGE][PASSED] - Verify element property value successfully

2023-10-16 14:20:47 - [TEST_STEP][PASSED] - verifyElementPropertyValue(getResponse, "offers[6].groups[0].pricingPlans[0].pricingPlanData[0].visualElements[0].key", "title"): Verify element property value successfully

2023-10-16 14:20:47 - [MESSAGE][PASSED] - Verify element property value successfully

2023-10-16 14:20:47 - [TEST_STEP][PASSED] - verifyElementPropertyValue(getResponse, "offers[6].groups[0].pricingPlans[0].pricingPlanData[0].visualElements[0].value", "Carte de crédit/débit"): Verify element property value successfully

2023-10-16 14:20:47 - [MESSAGE][PASSED] - Verify element property value successfully

2023-10-16 14:20:47 - [TEST_STEP][PASSED] - verifyElementPropertyValue(getResponse, "offers[6].groups[0].pricingPlans[0].pricingPlanData[0].visualElements[1].key", "CTA_text"): Verify element property value successfully

2023-10-16 14:20:47 - [MESSAGE][PASSED] - Verify element property value successfully

2023-10-16 14:20:47 - [TEST_STEP][PASSED] - verifyElementPropertyValue(getResponse, "offers[6].groups[0].pricingPlans[0].pricingPlanData[0].visualElements[1].value", "S’abonner"): Verify element property value successfully

2023-10-16 14:20:47 - [MESSAGE][PASSED] - Verify element property value successfully

2023-10-16 14:20:47 - [TEST_STEP][PASSED] - verifyElementPropertyValue(getResponse, "offers[6].groups[0].pricingPlans[0].pricingPlanData[0].visualElements[2].key", "logo"): Verify element property value successfully

2023-10-16 14:20:47 - [MESSAGE][PASSED] - Verify element property value successfully

2023-10-16 14:20:47 - [TEST_STEP][PASSED] - verifyElementPropertyValue(getResponse, "offers[6].groups[0].pricingPlans[0].pricingPlanData[0].visualElements[2].value", "https://static.s3.shahid.mbc.net/widget-images/icons/iconCreditCard.png"): Verify element property value successfully

2023-10-16 14:20:47 - [MESSAGE][PASSED] - Verify element property value successfully

2023-10-16 14:20:47 - [TEST_STEP][PASSED] - verifyElementPropertyValue(getResponse, "offers[7].offerId", "winback-sport-50-offer"): Verify element property value successfully

2023-10-16 14:20:47 - [MESSAGE][PASSED] - Verify element property value successfully

2023-10-16 14:20:47 - [TEST_STEP][PASSED] - verifyElementPropertyValue(getResponse, "offers[7].offerParam", "sportsoffer50"): Verify element property value successfully

2023-10-16 14:20:47 - [MESSAGE][PASSED] - Verify element property value successfully

2023-10-16 14:20:47 - [TEST_STEP][PASSED] - verifyElementPropertyValue(getResponse, "offers[7].groups[0].pricingPlans[0].featured", "true"): Verify element property value successfully

2023-10-16 14:20:47 - [MESSAGE][PASSED] - Verify element property value successfully

2023-10-16 14:20:47 - [TEST_STEP][PASSED] - verifyElementPropertyValue(getResponse, "offers[7].groups[0].pricingPlans[0].period", "monthly"): Verify element property value successfully

2023-10-16 14:20:47 - [MESSAGE][PASSED] - Verify element property value successfully

2023-10-16 14:20:47 - [TEST_STEP][PASSED] - verifyElementPropertyValue(getResponse, "offers[7].groups[0].pricingPlans[0].featured", "true"): Verify element property value successfully

2023-10-16 14:20:47 - [MESSAGE][PASSED] - Verify element property value successfully

2023-10-16 14:20:47 - [TEST_STEP][PASSED] - verifyElementPropertyValue(getResponse, "offers[7].groups[0].pricingPlans[0].price", "9.99"): Verify element property value successfully

2023-10-16 14:20:47 - [MESSAGE][PASSED] - Verify element property value successfully

2023-10-16 14:20:47 - [TEST_STEP][PASSED] - verifyElementPropertyValue(getResponse, "offers[7].groups[0].pricingPlans[0].currency", "TND"): Verify element property value successfully

2023-10-16 14:20:47 - [MESSAGE][PASSED] - Verify element property value successfully

2023-10-16 14:20:47 - [TEST_STEP][PASSED] - verifyElementPropertyValue(getResponse, "offers[7].groups[0].pricingPlans[0].order", "0"): Verify element property value successfully

2023-10-16 14:20:47 - [MESSAGE][PASSED] - Verify element property value successfully

2023-10-16 14:20:47 - [TEST_STEP][PASSED] - verifyElementPropertyValue(getResponse, "offers[7].groups[0].pricingPlans[0].packageId", "SHAHID_VIP_SPORT"): Verify element property value successfully

2023-10-16 14:20:47 - [MESSAGE][PASSED] - Verify element property value successfully

2023-10-16 14:20:47 - [TEST_STEP][PASSED] - verifyElementPropertyValue(getResponse, "offers[7].groups[0].pricingPlans[0].catalogId", "SPORT"): Verify element property value successfully

2023-10-16 14:20:47 - [MESSAGE][PASSED] - Verify element property value successfully

2023-10-16 14:20:47 - [TEST_STEP][PASSED] - verifyElementPropertyValue(getResponse, "offers[7].groups[0].pricingPlans[0].visualElements[0].key", "Header_1_text"): Verify element property value successfully

2023-10-16 14:20:47 - [MESSAGE][PASSED] - Verify element property value successfully

2023-10-16 14:20:47 - [TEST_STEP][PASSED] - verifyElementPropertyValue(getResponse, "offers[7].groups[0].pricingPlans[0].visualElements[0].value", "Abonnez-vous dès maintenant et profitez de vos programmes sans publicité"): Verify element property value successfully

2023-10-16 14:20:47 - [MESSAGE][PASSED] - Verify element property value successfully

2023-10-16 14:20:47 - [TEST_STEP][PASSED] - verifyElementPropertyValue(getResponse, "offers[7].groups[0].pricingPlans[0].visualElements[1].key", "display_title"): Verify element property value successfully

2023-10-16 14:20:47 - [MESSAGE][PASSED] - Verify element property value successfully

2023-10-16 14:20:47 - [TEST_STEP][PASSED] - verifyElementPropertyValue(getResponse, "offers[7].groups[0].pricingPlans[0].visualElements[1].value", "50% de réduction"): Verify element property value successfully

2023-10-16 14:20:47 - [MESSAGE][PASSED] - Verify element property value successfully

2023-10-16 14:20:47 - [TEST_STEP][PASSED] - verifyElementPropertyValue(getResponse, "offers[7].groups[0].pricingPlans[0].visualElements[3].key", "deduction_text"): Verify element property value successfully

2023-10-16 14:20:47 - [MESSAGE][PASSED] - Verify element property value successfully

2023-10-16 14:20:47 - [TEST_STEP][PASSED] - verifyElementPropertyValue(getResponse, "offers[7].groups[0].pricingPlans[0].visualElements[3].value", "facturation mensuelle"): Verify element property value successfully

2023-10-16 14:20:47 - [MESSAGE][PASSED] - Verify element property value successfully

2023-10-16 14:20:47 - [TEST_STEP][PASSED] - verifyElementPropertyValue(getResponse, "offers[7].groups[0].pricingPlans[0].visualElements[6].key", "show_payment_logo"): Verify element property value successfully

2023-10-16 14:20:47 - [MESSAGE][PASSED] - Verify element property value successfully

2023-10-16 14:20:47 - [TEST_STEP][PASSED] - verifyElementPropertyValue(getResponse, "offers[7].groups[0].pricingPlans[0].visualElements[6].value", "true"): Verify element property value successfully

2023-10-16 14:20:47 - [MESSAGE][PASSED] - Verify element property value successfully

2023-10-16 14:20:47 - [TEST_STEP][PASSED] - verifyElementPropertyValue(getResponse, "offers[7].groups[0].pricingPlans[0].visualElements[8].key", "price"): Verify element property value successfully

2023-10-16 14:20:47 - [MESSAGE][PASSED] - Verify element property value successfully

2023-10-16 14:20:47 - [TEST_STEP][PASSED] - verifyElementPropertyValue(getResponse, "offers[7].groups[0].pricingPlans[0].visualElements[8].value", "9.99"): Verify element property value successfully

2023-10-16 14:20:47 - [MESSAGE][PASSED] - Verify element property value successfully

2023-10-16 14:20:47 - [TEST_STEP][PASSED] - verifyElementPropertyValue(getResponse, "offers[7].groups[0].pricingPlans[0].visualElements[9].key", "currency"): Verify element property value successfully

2023-10-16 14:20:47 - [MESSAGE][PASSED] - Verify element property value successfully

2023-10-16 14:20:47 - [TEST_STEP][PASSED] - verifyElementPropertyValue(getResponse, "offers[7].groups[0].pricingPlans[0].visualElements[9].value", "TND"): Verify element property value successfully

2023-10-16 14:20:47 - [MESSAGE][PASSED] - Verify element property value successfully

2023-10-16 14:20:47 - [TEST_STEP][PASSED] - verifyElementPropertyValue(getResponse, "offers[7].groups[0].pricingPlans[0].visualElements[10].key", "duration"): Verify element property value successfully

2023-10-16 14:20:47 - [MESSAGE][PASSED] - Verify element property value successfully

2023-10-16 14:20:47 - [TEST_STEP][PASSED] - verifyElementPropertyValue(getResponse, "offers[7].groups[0].pricingPlans[0].visualElements[10].value", "Mensuel"): Verify element property value successfully

2023-10-16 14:20:47 - [MESSAGE][PASSED] - Verify element property value successfully

2023-10-16 14:20:47 - [TEST_STEP][PASSED] - verifyElementPropertyValue(getResponse, "offers[7].groups[0].pricingPlans[0].visualElements[11].key", "featured_tag_text"): Verify element property value successfully

2023-10-16 14:20:47 - [MESSAGE][PASSED] - Verify element property value successfully

2023-10-16 14:20:47 - [TEST_STEP][PASSED] - verifyElementPropertyValue(getResponse, "offers[7].groups[0].pricingPlans[0].visualElements[11].value", "Offre limitée"): Verify element property value successfully

2023-10-16 14:20:47 - [MESSAGE][PASSED] - Verify element property value successfully

2023-10-16 14:20:47 - [TEST_STEP][PASSED] - verifyElementPropertyValue(getResponse, "offers[7].groups[0].pricingPlans[0].visualElements[13].key", "tag_text"): Verify element property value successfully

2023-10-16 14:20:47 - [MESSAGE][PASSED] - Verify element property value successfully

2023-10-16 14:20:47 - [TEST_STEP][PASSED] - verifyElementPropertyValue(getResponse, "offers[7].groups[0].pricingPlans[0].visualElements[13].value", "Économisez 50% "): Verify element property value successfully

2023-10-16 14:20:47 - [MESSAGE][PASSED] - Verify element property value successfully

2023-10-16 14:20:47 - [TEST_STEP][PASSED] - verifyElementPropertyValue(getResponse, "offers[7].groups[0].pricingPlans[0].visualElements[12].key", "show_tag"): Verify element property value successfully

2023-10-16 14:20:47 - [MESSAGE][PASSED] - Verify element property value successfully

2023-10-16 14:20:47 - [TEST_STEP][PASSED] - verifyElementPropertyValue(getResponse, "offers[7].groups[0].pricingPlans[0].visualElements[12].value", "true"): Verify element property value successfully

2023-10-16 14:20:47 - [MESSAGE][PASSED] - Verify element property value successfully

2023-10-16 14:20:47 - [TEST_STEP][PASSED] - verifyElementPropertyValue(getResponse, "offers[7].groups[0].pricingPlans[0].pricingPlanData[0].productId", "TUN_B2C_SHAHID_VIP_SPORT_1M"): Verify element property value successfully

2023-10-16 14:20:47 - [MESSAGE][PASSED] - Verify element property value successfully

2023-10-16 14:20:47 - [TEST_STEP][PASSED] - verifyElementPropertyValue(getResponse, "offers[7].groups[0].pricingPlans[0].pricingPlanData[0].paymentMethod", "CREDIT_CARD"): Verify element property value successfully

2023-10-16 14:20:47 - [MESSAGE][PASSED] - Verify element property value successfully

2023-10-16 14:20:47 - [TEST_STEP][PASSED] - verifyElementPropertyValue(getResponse, "offers[7].groups[0].pricingPlans[0].pricingPlanData[0].freeTrialEnabled", "false"): Verify element property value successfully

2023-10-16 14:20:47 - [MESSAGE][PASSED] - Verify element property value successfully

2023-10-16 14:20:47 - [TEST_STEP][PASSED] - verifyElementPropertyValue(getResponse, "offers[7].groups[0].pricingPlans[0].pricingPlanData[0].showIn[0]", "VERTICAL_MODE"): Verify element property value successfully

2023-10-16 14:20:47 - [MESSAGE][PASSED] - Verify element property value successfully

2023-10-16 14:20:47 - [TEST_STEP][PASSED] - verifyElementPropertyValue(getResponse, "offers[7].groups[0].pricingPlans[0].pricingPlanData[0].showIn[1]", "HORIZONTAL_MODE"): Verify element property value successfully

2023-10-16 14:20:47 - [MESSAGE][PASSED] - Verify element property value successfully

2023-10-16 14:20:47 - [TEST_STEP][PASSED] - verifyElementPropertyValue(getResponse, "offers[7].groups[0].pricingPlans[0].pricingPlanData[0].priceLabel", "9.99"): Verify element property value successfully

2023-10-16 14:20:47 - [MESSAGE][PASSED] - Verify element property value successfully

2023-10-16 14:20:47 - [TEST_STEP][PASSED] - verifyElementPropertyValue(getResponse, "offers[7].groups[0].pricingPlans[0].pricingPlanData[0].currencyLabel", "TND"): Verify element property value successfully

2023-10-16 14:20:47 - [MESSAGE][PASSED] - Verify element property value successfully

2023-10-16 14:20:47 - [TEST_STEP][PASSED] - verifyElementPropertyValue(getResponse, "offers[7].groups[0].pricingPlans[0].pricingPlanData[0].dealId", "WB_SPORT_50P_TUN"): Verify element property value successfully

2023-10-16 14:20:47 - [MESSAGE][PASSED] - Verify element property value successfully

2023-10-16 14:20:47 - [TEST_STEP][PASSED] - verifyElementPropertyValue(getResponse, "offers[7].groups[0].pricingPlans[0].pricingPlanData[0].allowedForAcquisition", "true"): Verify element property value successfully

2023-10-16 14:20:47 - [MESSAGE][PASSED] - Verify element property value successfully

2023-10-16 14:20:47 - [TEST_STEP][PASSED] - verifyElementPropertyValue(getResponse, "offers[7].groups[0].pricingPlans[0].pricingPlanData[0].visualElements[0].key", "title"): Verify element property value successfully

2023-10-16 14:20:47 - [MESSAGE][PASSED] - Verify element property value successfully

2023-10-16 14:20:47 - [TEST_STEP][PASSED] - verifyElementPropertyValue(getResponse, "offers[7].groups[0].pricingPlans[0].pricingPlanData[0].visualElements[0].value", "Carte de crédit/débit"): Verify element property value successfully

2023-10-16 14:20:47 - [MESSAGE][PASSED] - Verify element property value successfully

2023-10-16 14:20:47 - [TEST_STEP][PASSED] - verifyElementPropertyValue(getResponse, "offers[7].groups[0].pricingPlans[0].pricingPlanData[0].visualElements[1].key", "CTA_text"): Verify element property value successfully

2023-10-16 14:20:47 - [MESSAGE][PASSED] - Verify element property value successfully

2023-10-16 14:20:47 - [TEST_STEP][PASSED] - verifyElementPropertyValue(getResponse, "offers[7].groups[0].pricingPlans[0].pricingPlanData[0].visualElements[1].value", "S’abonner"): Verify element property value successfully

2023-10-16 14:20:47 - [MESSAGE][PASSED] - Verify element property value successfully

2023-10-16 14:20:47 - [TEST_STEP][PASSED] - verifyElementPropertyValue(getResponse, "offers[7].groups[0].pricingPlans[0].pricingPlanData[0].visualElements[2].key", "logo"): Verify element property value successfully

2023-10-16 14:20:47 - [MESSAGE][PASSED] - Verify element property value successfully

2023-10-16 14:20:47 - [TEST_STEP][PASSED] - verifyElementPropertyValue(getResponse, "offers[7].groups[0].pricingPlans[0].pricingPlanData[0].visualElements[2].value", "https://static.s3.shahid.mbc.net/widget-images/icons/iconCreditCard.png"): Verify element property value successfully

2023-10-16 14:20:47 - [MESSAGE][PASSED] - Verify element property value successfully

2023-10-16 14:20:47 - [TEST_STEP][PASSED] - verifyElementPropertyValue(getResponse, "offers[11].offerId", "byg-sport-30-offer"): Verify element property value successfully

2023-10-16 14:20:47 - [MESSAGE][PASSED] - Verify element property value successfully

2023-10-16 14:20:47 - [TEST_STEP][PASSED] - verifyElementPropertyValue(getResponse, "offers[11].offerParam", "bygsportsoffer30"): Verify element property value successfully

2023-10-16 14:20:47 - [MESSAGE][PASSED] - Verify element property value successfully

2023-10-16 14:20:47 - [TEST_STEP][PASSED] - verifyElementPropertyValue(getResponse, "offers[11].groups[0].pricingPlans[0].featured", "true"): Verify element property value successfully

2023-10-16 14:20:47 - [MESSAGE][PASSED] - Verify element property value successfully

2023-10-16 14:20:47 - [TEST_STEP][PASSED] - verifyElementPropertyValue(getResponse, "offers[11].groups[0].pricingPlans[0].period", "monthly"): Verify element property value successfully

2023-10-16 14:20:47 - [MESSAGE][PASSED] - Verify element property value successfully

2023-10-16 14:20:47 - [TEST_STEP][PASSED] - verifyElementPropertyValue(getResponse, "offers[11].groups[0].pricingPlans[0].featured", "true"): Verify element property value successfully

2023-10-16 14:20:47 - [MESSAGE][PASSED] - Verify element property value successfully

2023-10-16 14:20:47 - [TEST_STEP][PASSED] - verifyElementPropertyValue(getResponse, "offers[11].groups[0].pricingPlans[0].price", "13.99"): Verify element property value successfully

2023-10-16 14:20:47 - [MESSAGE][PASSED] - Verify element property value successfully

2023-10-16 14:20:47 - [TEST_STEP][PASSED] - verifyElementPropertyValue(getResponse, "offers[11].groups[0].pricingPlans[0].currency", "TND"): Verify element property value successfully

2023-10-16 14:20:47 - [MESSAGE][PASSED] - Verify element property value successfully

2023-10-16 14:20:47 - [TEST_STEP][PASSED] - verifyElementPropertyValue(getResponse, "offers[11].groups[0].pricingPlans[0].order", "0"): Verify element property value successfully

2023-10-16 14:20:48 - [MESSAGE][PASSED] - Verify element property value successfully

2023-10-16 14:20:48 - [TEST_STEP][PASSED] - verifyElementPropertyValue(getResponse, "offers[11].groups[0].pricingPlans[0].packageId", "SHAHID_VIP_SPORT"): Verify element property value successfully

2023-10-16 14:20:48 - [MESSAGE][PASSED] - Verify element property value successfully

2023-10-16 14:20:48 - [TEST_STEP][PASSED] - verifyElementPropertyValue(getResponse, "offers[11].groups[0].pricingPlans[0].catalogId", "SPORT"): Verify element property value successfully

2023-10-16 14:20:48 - [MESSAGE][PASSED] - Verify element property value successfully

2023-10-16 14:20:48 - [TEST_STEP][PASSED] - verifyElementPropertyValue(getResponse, "offers[11].groups[0].pricingPlans[0].visualElements[0].key", "Header_1_text"): Verify element property value successfully

2023-10-16 14:20:48 - [MESSAGE][PASSED] - Verify element property value successfully

2023-10-16 14:20:48 - [TEST_STEP][PASSED] - verifyElementPropertyValue(getResponse, "offers[11].groups[0].pricingPlans[0].visualElements[0].value", "Abonnez-vous dès maintenant et profitez de vos programmes sans publicité"): Verify element property value successfully

2023-10-16 14:20:48 - [MESSAGE][PASSED] - Verify element property value successfully

2023-10-16 14:20:48 - [TEST_STEP][PASSED] - verifyElementPropertyValue(getResponse, "offers[11].groups[0].pricingPlans[0].visualElements[1].key", "display_title"): Verify element property value successfully

2023-10-16 14:20:48 - [MESSAGE][PASSED] - Verify element property value successfully

2023-10-16 14:20:48 - [TEST_STEP][PASSED] - verifyElementPropertyValue(getResponse, "offers[11].groups[0].pricingPlans[0].visualElements[1].value", "30% de réduction"): Verify element property value successfully

2023-10-16 14:20:48 - [MESSAGE][PASSED] - Verify element property value successfully

2023-10-16 14:20:48 - [TEST_STEP][PASSED] - verifyElementPropertyValue(getResponse, "offers[11].groups[0].pricingPlans[0].visualElements[3].key", "deduction_text"): Verify element property value successfully

2023-10-16 14:20:48 - [MESSAGE][PASSED] - Verify element property value successfully

2023-10-16 14:20:48 - [TEST_STEP][PASSED] - verifyElementPropertyValue(getResponse, "offers[11].groups[0].pricingPlans[0].visualElements[3].value", "facturation mensuelle"): Verify element property value successfully

2023-10-16 14:20:48 - [MESSAGE][PASSED] - Verify element property value successfully

2023-10-16 14:20:48 - [TEST_STEP][PASSED] - verifyElementPropertyValue(getResponse, "offers[11].groups[0].pricingPlans[0].visualElements[6].key", "show_payment_logo"): Verify element property value successfully

2023-10-16 14:20:48 - [MESSAGE][PASSED] - Verify element property value successfully

2023-10-16 14:20:48 - [TEST_STEP][PASSED] - verifyElementPropertyValue(getResponse, "offers[11].groups[0].pricingPlans[0].visualElements[6].value", "true"): Verify element property value successfully

2023-10-16 14:20:48 - [MESSAGE][PASSED] - Verify element property value successfully

2023-10-16 14:20:48 - [TEST_STEP][PASSED] - verifyElementPropertyValue(getResponse, "offers[11].groups[0].pricingPlans[0].visualElements[8].key", "price"): Verify element property value successfully

2023-10-16 14:20:48 - [MESSAGE][PASSED] - Verify element property value successfully

2023-10-16 14:20:48 - [TEST_STEP][PASSED] - verifyElementPropertyValue(getResponse, "offers[11].groups[0].pricingPlans[0].visualElements[8].value", "13.99"): Verify element property value successfully

2023-10-16 14:20:48 - [MESSAGE][PASSED] - Verify element property value successfully

2023-10-16 14:20:48 - [TEST_STEP][PASSED] - verifyElementPropertyValue(getResponse, "offers[11].groups[0].pricingPlans[0].visualElements[9].key", "currency"): Verify element property value successfully

2023-10-16 14:20:48 - [MESSAGE][PASSED] - Verify element property value successfully

2023-10-16 14:20:48 - [TEST_STEP][PASSED] - verifyElementPropertyValue(getResponse, "offers[11].groups[0].pricingPlans[0].visualElements[9].value", "TND"): Verify element property value successfully

2023-10-16 14:20:48 - [MESSAGE][PASSED] - Verify element property value successfully

2023-10-16 14:20:48 - [TEST_STEP][PASSED] - verifyElementPropertyValue(getResponse, "offers[11].groups[0].pricingPlans[0].visualElements[10].key", "duration"): Verify element property value successfully

2023-10-16 14:20:48 - [MESSAGE][PASSED] - Verify element property value successfully

2023-10-16 14:20:48 - [TEST_STEP][PASSED] - verifyElementPropertyValue(getResponse, "offers[11].groups[0].pricingPlans[0].visualElements[10].value", "Mensuel"): Verify element property value successfully

2023-10-16 14:20:48 - [MESSAGE][PASSED] - Verify element property value successfully

2023-10-16 14:20:48 - [TEST_STEP][PASSED] - verifyElementPropertyValue(getResponse, "offers[11].groups[0].pricingPlans[0].visualElements[11].key", "featured_tag_text"): Verify element property value successfully

2023-10-16 14:20:48 - [MESSAGE][PASSED] - Verify element property value successfully

2023-10-16 14:20:48 - [TEST_STEP][PASSED] - verifyElementPropertyValue(getResponse, "offers[11].groups[0].pricingPlans[0].visualElements[11].value", "Offre limitée"): Verify element property value successfully

2023-10-16 14:20:48 - [MESSAGE][PASSED] - Verify element property value successfully

2023-10-16 14:20:48 - [TEST_STEP][PASSED] - verifyElementPropertyValue(getResponse, "offers[11].groups[0].pricingPlans[0].visualElements[13].key", "tag_text"): Verify element property value successfully

2023-10-16 14:20:48 - [MESSAGE][PASSED] - Verify element property value successfully

2023-10-16 14:20:48 - [TEST_STEP][PASSED] - verifyElementPropertyValue(getResponse, "offers[11].groups[0].pricingPlans[0].visualElements[13].value", "Économisez 30% "): Verify element property value successfully

2023-10-16 14:20:48 - [MESSAGE][PASSED] - Verify element property value successfully

2023-10-16 14:20:48 - [TEST_STEP][PASSED] - verifyElementPropertyValue(getResponse, "offers[11].groups[0].pricingPlans[0].visualElements[12].key", "show_tag"): Verify element property value successfully

2023-10-16 14:20:48 - [MESSAGE][PASSED] - Verify element property value successfully

2023-10-16 14:20:48 - [TEST_STEP][PASSED] - verifyElementPropertyValue(getResponse, "offers[11].groups[0].pricingPlans[0].visualElements[12].value", "true"): Verify element property value successfully

2023-10-16 14:20:48 - [MESSAGE][PASSED] - Verify element property value successfully

2023-10-16 14:20:48 - [TEST_STEP][PASSED] - verifyElementPropertyValue(getResponse, "offers[11].groups[0].pricingPlans[0].pricingPlanData[0].productId", "TUN_B2C_SHAHID_VIP_SPORT_1M"): Verify element property value successfully

2023-10-16 14:20:48 - [MESSAGE][PASSED] - Verify element property value successfully

2023-10-16 14:20:48 - [TEST_STEP][PASSED] - verifyElementPropertyValue(getResponse, "offers[11].groups[0].pricingPlans[0].pricingPlanData[0].paymentMethod", "CREDIT_CARD"): Verify element property value successfully

2023-10-16 14:20:48 - [MESSAGE][PASSED] - Verify element property value successfully

2023-10-16 14:20:48 - [TEST_STEP][PASSED] - verifyElementPropertyValue(getResponse, "offers[11].groups[0].pricingPlans[0].pricingPlanData[0].freeTrialEnabled", "false"): Verify element property value successfully

2023-10-16 14:20:48 - [MESSAGE][PASSED] - Verify element property value successfully

2023-10-16 14:20:48 - [TEST_STEP][PASSED] - verifyElementPropertyValue(getResponse, "offers[11].groups[0].pricingPlans[0].pricingPlanData[0].showIn[0]", "VERTICAL_MODE"): Verify element property value successfully

2023-10-16 14:20:48 - [MESSAGE][PASSED] - Verify element property value successfully

2023-10-16 14:20:48 - [TEST_STEP][PASSED] - verifyElementPropertyValue(getResponse, "offers[11].groups[0].pricingPlans[0].pricingPlanData[0].showIn[1]", "HORIZONTAL_MODE"): Verify element property value successfully

2023-10-16 14:20:48 - [MESSAGE][PASSED] - Verify element property value successfully

2023-10-16 14:20:48 - [TEST_STEP][PASSED] - verifyElementPropertyValue(getResponse, "offers[11].groups[0].pricingPlans[0].pricingPlanData[0].priceLabel", "13.99"): Verify element property value successfully

2023-10-16 14:20:48 - [MESSAGE][PASSED] - Verify element property value successfully

2023-10-16 14:20:48 - [TEST_STEP][PASSED] - verifyElementPropertyValue(getResponse, "offers[11].groups[0].pricingPlans[0].pricingPlanData[0].currencyLabel", "TND"): Verify element property value successfully

2023-10-16 14:20:48 - [MESSAGE][PASSED] - Verify element property value successfully

2023-10-16 14:20:48 - [TEST_STEP][PASSED] - verifyElementPropertyValue(getResponse, "offers[11].groups[0].pricingPlans[0].pricingPlanData[0].dealId", "BYG_SPORT_30P_TUN"): Verify element property value successfully

2023-10-16 14:20:48 - [MESSAGE][PASSED] - Verify element property value successfully

2023-10-16 14:20:48 - [TEST_STEP][PASSED] - verifyElementPropertyValue(getResponse, "offers[11].groups[0].pricingPlans[0].pricingPlanData[0].allowedForAcquisition", "true"): Verify element property value successfully

2023-10-16 14:20:48 - [MESSAGE][PASSED] - Verify element property value successfully

2023-10-16 14:20:48 - [TEST_STEP][PASSED] - verifyElementPropertyValue(getResponse, "offers[11].groups[0].pricingPlans[0].pricingPlanData[0].visualElements[0].key", "title"): Verify element property value successfully

2023-10-16 14:20:48 - [MESSAGE][PASSED] - Verify element property value successfully

2023-10-16 14:20:48 - [TEST_STEP][PASSED] - verifyElementPropertyValue(getResponse, "offers[11].groups[0].pricingPlans[0].pricingPlanData[0].visualElements[0].value", "Carte de crédit/débit"): Verify element property value successfully

2023-10-16 14:20:48 - [MESSAGE][PASSED] - Verify element property value successfully

2023-10-16 14:20:48 - [TEST_STEP][PASSED] - verifyElementPropertyValue(getResponse, "offers[11].groups[0].pricingPlans[0].pricingPlanData[0].visualElements[1].key", "CTA_text"): Verify element property value successfully

2023-10-16 14:20:48 - [MESSAGE][PASSED] - Verify element property value successfully

2023-10-16 14:20:48 - [TEST_STEP][PASSED] - verifyElementPropertyValue(getResponse, "offers[11].groups[0].pricingPlans[0].pricingPlanData[0].visualElements[1].value", "S’abonner"): Verify element property value successfully

2023-10-16 14:20:48 - [MESSAGE][PASSED] - Verify element property value successfully

2023-10-16 14:20:48 - [TEST_STEP][PASSED] - verifyElementPropertyValue(getResponse, "offers[11].groups[0].pricingPlans[0].pricingPlanData[0].visualElements[2].key", "logo"): Verify element property value successfully

2023-10-16 14:20:48 - [MESSAGE][PASSED] - Verify element property value successfully

2023-10-16 14:20:48 - [TEST_STEP][PASSED] - verifyElementPropertyValue(getResponse, "offers[11].groups[0].pricingPlans[0].pricingPlanData[0].visualElements[2].value", "https://static.s3.shahid.mbc.net/widget-images/icons/iconCreditCard.png"): Verify element property value successfully

2023-10-16 14:20:48 - [MESSAGE][PASSED] - Verify element property value successfully

2023-10-16 14:20:48 - [TEST_STEP][PASSED] - verifyElementPropertyValue(getResponse, "offers[12].offerId", "byg-sport-40-offer"): Verify element property value successfully

2023-10-16 14:20:48 - [MESSAGE][PASSED] - Verify element property value successfully

2023-10-16 14:20:48 - [TEST_STEP][PASSED] - verifyElementPropertyValue(getResponse, "offers[12].offerParam", "bygsportsoffer40"): Verify element property value successfully

2023-10-16 14:20:48 - [MESSAGE][PASSED] - Verify element property value successfully

2023-10-16 14:20:48 - [TEST_STEP][PASSED] - verifyElementPropertyValue(getResponse, "offers[12].groups[0].pricingPlans[0].featured", "true"): Verify element property value successfully

2023-10-16 14:20:48 - [MESSAGE][PASSED] - Verify element property value successfully

2023-10-16 14:20:48 - [TEST_STEP][PASSED] - verifyElementPropertyValue(getResponse, "offers[12].groups[0].pricingPlans[0].period", "monthly"): Verify element property value successfully

2023-10-16 14:20:48 - [MESSAGE][PASSED] - Verify element property value successfully

2023-10-16 14:20:48 - [TEST_STEP][PASSED] - verifyElementPropertyValue(getResponse, "offers[12].groups[0].pricingPlans[0].featured", "true"): Verify element property value successfully

2023-10-16 14:20:48 - [MESSAGE][PASSED] - Verify element property value successfully

2023-10-16 14:20:48 - [TEST_STEP][PASSED] - verifyElementPropertyValue(getResponse, "offers[12].groups[0].pricingPlans[0].price", "11.99"): Verify element property value successfully

2023-10-16 14:20:48 - [MESSAGE][PASSED] - Verify element property value successfully

2023-10-16 14:20:48 - [TEST_STEP][PASSED] - verifyElementPropertyValue(getResponse, "offers[12].groups[0].pricingPlans[0].currency", "TND"): Verify element property value successfully

2023-10-16 14:20:48 - [MESSAGE][PASSED] - Verify element property value successfully

2023-10-16 14:20:48 - [TEST_STEP][PASSED] - verifyElementPropertyValue(getResponse, "offers[12].groups[0].pricingPlans[0].order", "0"): Verify element property value successfully

2023-10-16 14:20:48 - [MESSAGE][PASSED] - Verify element property value successfully

2023-10-16 14:20:48 - [TEST_STEP][PASSED] - verifyElementPropertyValue(getResponse, "offers[12].groups[0].pricingPlans[0].packageId", "SHAHID_VIP_SPORT"): Verify element property value successfully

2023-10-16 14:20:48 - [MESSAGE][PASSED] - Verify element property value successfully

2023-10-16 14:20:48 - [TEST_STEP][PASSED] - verifyElementPropertyValue(getResponse, "offers[12].groups[0].pricingPlans[0].catalogId", "SPORT"): Verify element property value successfully

2023-10-16 14:20:48 - [MESSAGE][PASSED] - Verify element property value successfully

2023-10-16 14:20:48 - [TEST_STEP][PASSED] - verifyElementPropertyValue(getResponse, "offers[12].groups[0].pricingPlans[0].visualElements[0].key", "Header_1_text"): Verify element property value successfully

2023-10-16 14:20:48 - [MESSAGE][PASSED] - Verify element property value successfully

2023-10-16 14:20:48 - [TEST_STEP][PASSED] - verifyElementPropertyValue(getResponse, "offers[12].groups[0].pricingPlans[0].visualElements[0].value", "Abonnez-vous dès maintenant et profitez de vos programmes sans publicité"): Verify element property value successfully

2023-10-16 14:20:48 - [MESSAGE][PASSED] - Verify element property value successfully

2023-10-16 14:20:48 - [TEST_STEP][PASSED] - verifyElementPropertyValue(getResponse, "offers[12].groups[0].pricingPlans[0].visualElements[1].key", "display_title"): Verify element property value successfully

2023-10-16 14:20:48 - [MESSAGE][PASSED] - Verify element property value successfully

2023-10-16 14:20:48 - [TEST_STEP][PASSED] - verifyElementPropertyValue(getResponse, "offers[12].groups[0].pricingPlans[0].visualElements[1].value", "40% de réduction"): Verify element property value successfully

2023-10-16 14:20:48 - [MESSAGE][PASSED] - Verify element property value successfully

2023-10-16 14:20:48 - [TEST_STEP][PASSED] - verifyElementPropertyValue(getResponse, "offers[12].groups[0].pricingPlans[0].visualElements[3].key", "deduction_text"): Verify element property value successfully

2023-10-16 14:20:48 - [MESSAGE][PASSED] - Verify element property value successfully

2023-10-16 14:20:48 - [TEST_STEP][PASSED] - verifyElementPropertyValue(getResponse, "offers[12].groups[0].pricingPlans[0].visualElements[3].value", "facturation mensuelle"): Verify element property value successfully

2023-10-16 14:20:48 - [MESSAGE][PASSED] - Verify element property value successfully

2023-10-16 14:20:48 - [TEST_STEP][PASSED] - verifyElementPropertyValue(getResponse, "offers[12].groups[0].pricingPlans[0].visualElements[6].key", "show_payment_logo"): Verify element property value successfully

2023-10-16 14:20:48 - [MESSAGE][PASSED] - Verify element property value successfully

2023-10-16 14:20:48 - [TEST_STEP][PASSED] - verifyElementPropertyValue(getResponse, "offers[12].groups[0].pricingPlans[0].visualElements[6].value", "true"): Verify element property value successfully

2023-10-16 14:20:48 - [MESSAGE][PASSED] - Verify element property value successfully

2023-10-16 14:20:48 - [TEST_STEP][PASSED] - verifyElementPropertyValue(getResponse, "offers[12].groups[0].pricingPlans[0].visualElements[8].key", "price"): Verify element property value successfully

2023-10-16 14:20:48 - [MESSAGE][PASSED] - Verify element property value successfully

2023-10-16 14:20:48 - [TEST_STEP][PASSED] - verifyElementPropertyValue(getResponse, "offers[12].groups[0].pricingPlans[0].visualElements[8].value", "11.99"): Verify element property value successfully

2023-10-16 14:20:48 - [MESSAGE][PASSED] - Verify element property value successfully

2023-10-16 14:20:48 - [TEST_STEP][PASSED] - verifyElementPropertyValue(getResponse, "offers[12].groups[0].pricingPlans[0].visualElements[9].key", "currency"): Verify element property value successfully

2023-10-16 14:20:48 - [MESSAGE][PASSED] - Verify element property value successfully

2023-10-16 14:20:48 - [TEST_STEP][PASSED] - verifyElementPropertyValue(getResponse, "offers[12].groups[0].pricingPlans[0].visualElements[9].value", "TND"): Verify element property value successfully

2023-10-16 14:20:48 - [MESSAGE][PASSED] - Verify element property value successfully

2023-10-16 14:20:48 - [TEST_STEP][PASSED] - verifyElementPropertyValue(getResponse, "offers[12].groups[0].pricingPlans[0].visualElements[10].key", "duration"): Verify element property value successfully

2023-10-16 14:20:48 - [MESSAGE][PASSED] - Verify element property value successfully

2023-10-16 14:20:48 - [TEST_STEP][PASSED] - verifyElementPropertyValue(getResponse, "offers[12].groups[0].pricingPlans[0].visualElements[10].value", "Mensuel"): Verify element property value successfully

2023-10-16 14:20:48 - [MESSAGE][PASSED] - Verify element property value successfully

2023-10-16 14:20:48 - [TEST_STEP][PASSED] - verifyElementPropertyValue(getResponse, "offers[12].groups[0].pricingPlans[0].visualElements[11].key", "featured_tag_text"): Verify element property value successfully

2023-10-16 14:20:48 - [MESSAGE][PASSED] - Verify element property value successfully

2023-10-16 14:20:48 - [TEST_STEP][PASSED] - verifyElementPropertyValue(getResponse, "offers[12].groups[0].pricingPlans[0].visualElements[11].value", "Offre limitée"): Verify element property value successfully

2023-10-16 14:20:48 - [MESSAGE][PASSED] - Verify element property value successfully

2023-10-16 14:20:48 - [TEST_STEP][PASSED] - verifyElementPropertyValue(getResponse, "offers[12].groups[0].pricingPlans[0].visualElements[13].key", "tag_text"): Verify element property value successfully

2023-10-16 14:20:48 - [MESSAGE][PASSED] - Verify element property value successfully

2023-10-16 14:20:48 - [TEST_STEP][PASSED] - verifyElementPropertyValue(getResponse, "offers[12].groups[0].pricingPlans[0].visualElements[13].value", "Économisez 40% "): Verify element property value successfully

2023-10-16 14:20:48 - [MESSAGE][PASSED] - Verify element property value successfully

2023-10-16 14:20:48 - [TEST_STEP][PASSED] - verifyElementPropertyValue(getResponse, "offers[12].groups[0].pricingPlans[0].visualElements[12].key", "show_tag"): Verify element property value successfully

2023-10-16 14:20:48 - [MESSAGE][PASSED] - Verify element property value successfully

2023-10-16 14:20:48 - [TEST_STEP][PASSED] - verifyElementPropertyValue(getResponse, "offers[12].groups[0].pricingPlans[0].visualElements[12].value", "true"): Verify element property value successfully

2023-10-16 14:20:48 - [MESSAGE][PASSED] - Verify element property value successfully

2023-10-16 14:20:48 - [TEST_STEP][PASSED] - verifyElementPropertyValue(getResponse, "offers[12].groups[0].pricingPlans[0].pricingPlanData[0].productId", "TUN_B2C_SHAHID_VIP_SPORT_1M"): Verify element property value successfully

2023-10-16 14:20:48 - [MESSAGE][PASSED] - Verify element property value successfully

2023-10-16 14:20:48 - [TEST_STEP][PASSED] - verifyElementPropertyValue(getResponse, "offers[12].groups[0].pricingPlans[0].pricingPlanData[0].paymentMethod", "CREDIT_CARD"): Verify element property value successfully

2023-10-16 14:20:48 - [MESSAGE][PASSED] - Verify element property value successfully

2023-10-16 14:20:48 - [TEST_STEP][PASSED] - verifyElementPropertyValue(getResponse, "offers[12].groups[0].pricingPlans[0].pricingPlanData[0].freeTrialEnabled", "false"): Verify element property value successfully

2023-10-16 14:20:48 - [MESSAGE][PASSED] - Verify element property value successfully

2023-10-16 14:20:48 - [TEST_STEP][PASSED] - verifyElementPropertyValue(getResponse, "offers[12].groups[0].pricingPlans[0].pricingPlanData[0].showIn[0]", "VERTICAL_MODE"): Verify element property value successfully

2023-10-16 14:20:48 - [MESSAGE][PASSED] - Verify element property value successfully

2023-10-16 14:20:48 - [TEST_STEP][PASSED] - verifyElementPropertyValue(getResponse, "offers[12].groups[0].pricingPlans[0].pricingPlanData[0].showIn[1]", "HORIZONTAL_MODE"): Verify element property value successfully

2023-10-16 14:20:48 - [MESSAGE][PASSED] - Verify element property value successfully

2023-10-16 14:20:48 - [TEST_STEP][PASSED] - verifyElementPropertyValue(getResponse, "offers[12].groups[0].pricingPlans[0].pricingPlanData[0].priceLabel", "11.99"): Verify element property value successfully

2023-10-16 14:20:48 - [MESSAGE][PASSED] - Verify element property value successfully

2023-10-16 14:20:48 - [TEST_STEP][PASSED] - verifyElementPropertyValue(getResponse, "offers[12].groups[0].pricingPlans[0].pricingPlanData[0].currencyLabel", "TND"): Verify element property value successfully

2023-10-16 14:20:48 - [MESSAGE][PASSED] - Verify element property value successfully

2023-10-16 14:20:48 - [TEST_STEP][PASSED] - verifyElementPropertyValue(getResponse, "offers[12].groups[0].pricingPlans[0].pricingPlanData[0].dealId", "BYG_SPORT_40P_TUN"): Verify element property value successfully

2023-10-16 14:20:48 - [MESSAGE][PASSED] - Verify element property value successfully

2023-10-16 14:20:48 - [TEST_STEP][PASSED] - verifyElementPropertyValue(getResponse, "offers[12].groups[0].pricingPlans[0].pricingPlanData[0].allowedForAcquisition", "true"): Verify element property value successfully

2023-10-16 14:20:48 - [MESSAGE][PASSED] - Verify element property value successfully

2023-10-16 14:20:48 - [TEST_STEP][PASSED] - verifyElementPropertyValue(getResponse, "offers[12].groups[0].pricingPlans[0].pricingPlanData[0].visualElements[0].key", "title"): Verify element property value successfully

2023-10-16 14:20:48 - [MESSAGE][PASSED] - Verify element property value successfully

2023-10-16 14:20:48 - [TEST_STEP][PASSED] - verifyElementPropertyValue(getResponse, "offers[12].groups[0].pricingPlans[0].pricingPlanData[0].visualElements[0].value", "Carte de crédit/débit"): Verify element property value successfully

2023-10-16 14:20:48 - [MESSAGE][PASSED] - Verify element property value successfully

2023-10-16 14:20:48 - [TEST_STEP][PASSED] - verifyElementPropertyValue(getResponse, "offers[12].groups[0].pricingPlans[0].pricingPlanData[0].visualElements[1].key", "CTA_text"): Verify element property value successfully

2023-10-16 14:20:48 - [MESSAGE][PASSED] - Verify element property value successfully

2023-10-16 14:20:48 - [TEST_STEP][PASSED] - verifyElementPropertyValue(getResponse, "offers[12].groups[0].pricingPlans[0].pricingPlanData[0].visualElements[1].value", "S’abonner"): Verify element property value successfully

2023-10-16 14:20:48 - [MESSAGE][PASSED] - Verify element property value successfully

2023-10-16 14:20:48 - [TEST_STEP][PASSED] - verifyElementPropertyValue(getResponse, "offers[12].groups[0].pricingPlans[0].pricingPlanData[0].visualElements[2].key", "logo"): Verify element property value successfully

2023-10-16 14:20:48 - [MESSAGE][PASSED] - Verify element property value successfully

2023-10-16 14:20:48 - [TEST_STEP][PASSED] - verifyElementPropertyValue(getResponse, "offers[12].groups[0].pricingPlans[0].pricingPlanData[0].visualElements[2].value", "https://static.s3.shahid.mbc.net/widget-images/icons/iconCreditCard.png"): Verify element property value successfully

2023-10-16 14:20:48 - [MESSAGE][PASSED] - Verify element property value successfully

2023-10-16 14:20:48 - [TEST_STEP][PASSED] - verifyElementPropertyValue(getResponse, "offers[13].offerId", "byg-sport-50-offer"): Verify element property value successfully

2023-10-16 14:20:48 - [MESSAGE][PASSED] - Verify element property value successfully

2023-10-16 14:20:48 - [TEST_STEP][PASSED] - verifyElementPropertyValue(getResponse, "offers[13].offerParam", "bygsportsoffer50"): Verify element property value successfully

2023-10-16 14:20:48 - [MESSAGE][PASSED] - Verify element property value successfully

2023-10-16 14:20:48 - [TEST_STEP][PASSED] - verifyElementPropertyValue(getResponse, "offers[13].groups[0].pricingPlans[0].featured", "true"): Verify element property value successfully

2023-10-16 14:20:48 - [MESSAGE][PASSED] - Verify element property value successfully

2023-10-16 14:20:48 - [TEST_STEP][PASSED] - verifyElementPropertyValue(getResponse, "offers[13].groups[0].pricingPlans[0].period", "monthly"): Verify element property value successfully

2023-10-16 14:20:48 - [MESSAGE][PASSED] - Verify element property value successfully

2023-10-16 14:20:48 - [TEST_STEP][PASSED] - verifyElementPropertyValue(getResponse, "offers[13].groups[0].pricingPlans[0].featured", "true"): Verify element property value successfully

2023-10-16 14:20:48 - [MESSAGE][PASSED] - Verify element property value successfully

2023-10-16 14:20:48 - [TEST_STEP][PASSED] - verifyElementPropertyValue(getResponse, "offers[13].groups[0].pricingPlans[0].price", "9.99"): Verify element property value successfully

2023-10-16 14:20:48 - [MESSAGE][PASSED] - Verify element property value successfully

2023-10-16 14:20:48 - [TEST_STEP][PASSED] - verifyElementPropertyValue(getResponse, "offers[13].groups[0].pricingPlans[0].currency", "TND"): Verify element property value successfully

2023-10-16 14:20:48 - [MESSAGE][PASSED] - Verify element property value successfully

2023-10-16 14:20:48 - [TEST_STEP][PASSED] - verifyElementPropertyValue(getResponse, "offers[13].groups[0].pricingPlans[0].order", "0"): Verify element property value successfully

2023-10-16 14:20:48 - [MESSAGE][PASSED] - Verify element property value successfully

2023-10-16 14:20:48 - [TEST_STEP][PASSED] - verifyElementPropertyValue(getResponse, "offers[13].groups[0].pricingPlans[0].packageId", "SHAHID_VIP_SPORT"): Verify element property value successfully

2023-10-16 14:20:48 - [MESSAGE][PASSED] - Verify element property value successfully

2023-10-16 14:20:48 - [TEST_STEP][PASSED] - verifyElementPropertyValue(getResponse, "offers[13].groups[0].pricingPlans[0].catalogId", "SPORT"): Verify element property value successfully

2023-10-16 14:20:48 - [MESSAGE][PASSED] - Verify element property value successfully

2023-10-16 14:20:48 - [TEST_STEP][PASSED] - verifyElementPropertyValue(getResponse, "offers[13].groups[0].pricingPlans[0].visualElements[0].key", "Header_1_text"): Verify element property value successfully

2023-10-16 14:20:48 - [MESSAGE][PASSED] - Verify element property value successfully

2023-10-16 14:20:48 - [TEST_STEP][PASSED] - verifyElementPropertyValue(getResponse, "offers[13].groups[0].pricingPlans[0].visualElements[0].value", "Abonnez-vous dès maintenant et profitez de vos programmes sans publicité"): Verify element property value successfully

2023-10-16 14:20:48 - [MESSAGE][PASSED] - Verify element property value successfully

2023-10-16 14:20:48 - [TEST_STEP][PASSED] - verifyElementPropertyValue(getResponse, "offers[13].groups[0].pricingPlans[0].visualElements[1].key", "display_title"): Verify element property value successfully

2023-10-16 14:20:48 - [MESSAGE][PASSED] - Verify element property value successfully

2023-10-16 14:20:48 - [TEST_STEP][PASSED] - verifyElementPropertyValue(getResponse, "offers[13].groups[0].pricingPlans[0].visualElements[1].value", "50% de réduction"): Verify element property value successfully

2023-10-16 14:20:48 - [MESSAGE][PASSED] - Verify element property value successfully

2023-10-16 14:20:48 - [TEST_STEP][PASSED] - verifyElementPropertyValue(getResponse, "offers[13].groups[0].pricingPlans[0].visualElements[3].key", "deduction_text"): Verify element property value successfully

2023-10-16 14:20:48 - [MESSAGE][PASSED] - Verify element property value successfully

2023-10-16 14:20:48 - [TEST_STEP][PASSED] - verifyElementPropertyValue(getResponse, "offers[13].groups[0].pricingPlans[0].visualElements[3].value", "facturation mensuelle"): Verify element property value successfully

2023-10-16 14:20:48 - [MESSAGE][PASSED] - Verify element property value successfully

2023-10-16 14:20:48 - [TEST_STEP][PASSED] - verifyElementPropertyValue(getResponse, "offers[13].groups[0].pricingPlans[0].visualElements[6].key", "show_payment_logo"): Verify element property value successfully

2023-10-16 14:20:49 - [MESSAGE][PASSED] - Verify element property value successfully

2023-10-16 14:20:49 - [TEST_STEP][PASSED] - verifyElementPropertyValue(getResponse, "offers[13].groups[0].pricingPlans[0].visualElements[6].value", "true"): Verify element property value successfully

2023-10-16 14:20:49 - [MESSAGE][PASSED] - Verify element property value successfully

2023-10-16 14:20:49 - [TEST_STEP][PASSED] - verifyElementPropertyValue(getResponse, "offers[13].groups[0].pricingPlans[0].visualElements[8].key", "price"): Verify element property value successfully

2023-10-16 14:20:49 - [MESSAGE][PASSED] - Verify element property value successfully

2023-10-16 14:20:49 - [TEST_STEP][PASSED] - verifyElementPropertyValue(getResponse, "offers[13].groups[0].pricingPlans[0].visualElements[8].value", "9.99"): Verify element property value successfully

2023-10-16 14:20:49 - [MESSAGE][PASSED] - Verify element property value successfully

2023-10-16 14:20:49 - [TEST_STEP][PASSED] - verifyElementPropertyValue(getResponse, "offers[13].groups[0].pricingPlans[0].visualElements[9].key", "currency"): Verify element property value successfully

2023-10-16 14:20:49 - [MESSAGE][PASSED] - Verify element property value successfully

2023-10-16 14:20:49 - [TEST_STEP][PASSED] - verifyElementPropertyValue(getResponse, "offers[13].groups[0].pricingPlans[0].visualElements[9].value", "TND"): Verify element property value successfully

2023-10-16 14:20:49 - [MESSAGE][PASSED] - Verify element property value successfully

2023-10-16 14:20:49 - [TEST_STEP][PASSED] - verifyElementPropertyValue(getResponse, "offers[13].groups[0].pricingPlans[0].visualElements[10].key", "duration"): Verify element property value successfully

2023-10-16 14:20:49 - [MESSAGE][PASSED] - Verify element property value successfully

2023-10-16 14:20:49 - [TEST_STEP][PASSED] - verifyElementPropertyValue(getResponse, "offers[13].groups[0].pricingPlans[0].visualElements[10].value", "Mensuel"): Verify element property value successfully

2023-10-16 14:20:49 - [MESSAGE][PASSED] - Verify element property value successfully

2023-10-16 14:20:49 - [TEST_STEP][PASSED] - verifyElementPropertyValue(getResponse, "offers[13].groups[0].pricingPlans[0].visualElements[11].key", "featured_tag_text"): Verify element property value successfully

2023-10-16 14:20:49 - [MESSAGE][PASSED] - Verify element property value successfully

2023-10-16 14:20:49 - [TEST_STEP][PASSED] - verifyElementPropertyValue(getResponse, "offers[13].groups[0].pricingPlans[0].visualElements[11].value", "Offre limitée"): Verify element property value successfully

2023-10-16 14:20:49 - [MESSAGE][PASSED] - Verify element property value successfully

2023-10-16 14:20:49 - [TEST_STEP][PASSED] - verifyElementPropertyValue(getResponse, "offers[13].groups[0].pricingPlans[0].visualElements[13].key", "tag_text"): Verify element property value successfully

2023-10-16 14:20:49 - [MESSAGE][PASSED] - Verify element property value successfully

2023-10-16 14:20:49 - [TEST_STEP][PASSED] - verifyElementPropertyValue(getResponse, "offers[13].groups[0].pricingPlans[0].visualElements[13].value", "Économisez 50% "): Verify element property value successfully

2023-10-16 14:20:49 - [MESSAGE][PASSED] - Verify element property value successfully

2023-10-16 14:20:49 - [TEST_STEP][PASSED] - verifyElementPropertyValue(getResponse, "offers[13].groups[0].pricingPlans[0].visualElements[12].key", "show_tag"): Verify element property value successfully

2023-10-16 14:20:49 - [MESSAGE][PASSED] - Verify element property value successfully

2023-10-16 14:20:49 - [TEST_STEP][PASSED] - verifyElementPropertyValue(getResponse, "offers[13].groups[0].pricingPlans[0].visualElements[12].value", "true"): Verify element property value successfully

2023-10-16 14:20:49 - [MESSAGE][PASSED] - Verify element property value successfully

2023-10-16 14:20:49 - [TEST_STEP][PASSED] - verifyElementPropertyValue(getResponse, "offers[13].groups[0].pricingPlans[0].pricingPlanData[0].productId", "TUN_B2C_SHAHID_VIP_SPORT_1M"): Verify element property value successfully

2023-10-16 14:20:49 - [MESSAGE][PASSED] - Verify element property value successfully

2023-10-16 14:20:49 - [TEST_STEP][PASSED] - verifyElementPropertyValue(getResponse, "offers[13].groups[0].pricingPlans[0].pricingPlanData[0].paymentMethod", "CREDIT_CARD"): Verify element property value successfully

2023-10-16 14:20:49 - [MESSAGE][PASSED] - Verify element property value successfully

2023-10-16 14:20:49 - [TEST_STEP][PASSED] - verifyElementPropertyValue(getResponse, "offers[13].groups[0].pricingPlans[0].pricingPlanData[0].freeTrialEnabled", "false"): Verify element property value successfully

2023-10-16 14:20:49 - [MESSAGE][PASSED] - Verify element property value successfully

2023-10-16 14:20:49 - [TEST_STEP][PASSED] - verifyElementPropertyValue(getResponse, "offers[13].groups[0].pricingPlans[0].pricingPlanData[0].showIn[0]", "VERTICAL_MODE"): Verify element property value successfully

2023-10-16 14:20:49 - [MESSAGE][PASSED] - Verify element property value successfully

2023-10-16 14:20:49 - [TEST_STEP][PASSED] - verifyElementPropertyValue(getResponse, "offers[13].groups[0].pricingPlans[0].pricingPlanData[0].showIn[1]", "HORIZONTAL_MODE"): Verify element property value successfully

2023-10-16 14:20:49 - [MESSAGE][PASSED] - Verify element property value successfully

2023-10-16 14:20:49 - [TEST_STEP][PASSED] - verifyElementPropertyValue(getResponse, "offers[13].groups[0].pricingPlans[0].pricingPlanData[0].priceLabel", "9.99"): Verify element property value successfully

2023-10-16 14:20:49 - [MESSAGE][PASSED] - Verify element property value successfully

2023-10-16 14:20:49 - [TEST_STEP][PASSED] - verifyElementPropertyValue(getResponse, "offers[13].groups[0].pricingPlans[0].pricingPlanData[0].currencyLabel", "TND"): Verify element property value successfully

2023-10-16 14:20:49 - [MESSAGE][PASSED] - Verify element property value successfully

2023-10-16 14:20:49 - [TEST_STEP][PASSED] - verifyElementPropertyValue(getResponse, "offers[13].groups[0].pricingPlans[0].pricingPlanData[0].dealId", "BYG_SPORT_50P_TUN"): Verify element property value successfully

2023-10-16 14:20:49 - [MESSAGE][PASSED] - Verify element property value successfully

2023-10-16 14:20:49 - [TEST_STEP][PASSED] - verifyElementPropertyValue(getResponse, "offers[13].groups[0].pricingPlans[0].pricingPlanData[0].allowedForAcquisition", "true"): Verify element property value successfully

2023-10-16 14:20:49 - [MESSAGE][PASSED] - Verify element property value successfully

2023-10-16 14:20:49 - [TEST_STEP][PASSED] - verifyElementPropertyValue(getResponse, "offers[13].groups[0].pricingPlans[0].pricingPlanData[0].visualElements[0].key", "title"): Verify element property value successfully

2023-10-16 14:20:49 - [MESSAGE][PASSED] - Verify element property value successfully

2023-10-16 14:20:49 - [TEST_STEP][PASSED] - verifyElementPropertyValue(getResponse, "offers[13].groups[0].pricingPlans[0].pricingPlanData[0].visualElements[0].value", "Carte de crédit/débit"): Verify element property value successfully

2023-10-16 14:20:49 - [MESSAGE][PASSED] - Verify element property value successfully

2023-10-16 14:20:49 - [TEST_STEP][PASSED] - verifyElementPropertyValue(getResponse, "offers[13].groups[0].pricingPlans[0].pricingPlanData[0].visualElements[1].key", "CTA_text"): Verify element property value successfully

2023-10-16 14:20:49 - [MESSAGE][PASSED] - Verify element property value successfully

2023-10-16 14:20:49 - [TEST_STEP][PASSED] - verifyElementPropertyValue(getResponse, "offers[13].groups[0].pricingPlans[0].pricingPlanData[0].visualElements[1].value", "S’abonner"): Verify element property value successfully

2023-10-16 14:20:49 - [MESSAGE][PASSED] - Verify element property value successfully

2023-10-16 14:20:49 - [TEST_STEP][PASSED] - verifyElementPropertyValue(getResponse, "offers[13].groups[0].pricingPlans[0].pricingPlanData[0].visualElements[2].key", "logo"): Verify element property value successfully

2023-10-16 14:20:49 - [MESSAGE][PASSED] - Verify element property value successfully

2023-10-16 14:20:49 - [TEST_STEP][PASSED] - verifyElementPropertyValue(getResponse, "offers[13].groups[0].pricingPlans[0].pricingPlanData[0].visualElements[2].value", "https://static.s3.shahid.mbc.net/widget-images/icons/iconCreditCard.png"): Verify element property value successfully

2023-10-16 14:20:49 - [MESSAGE][PASSED] - Verify element property value successfully]]></system-out>
         <system-err><![CDATA[]]></system-err>
      </testcase>
      <testcase name="Test Cases/WEB - CHROME/TUN PI/WEB_FR_getOffersForTUN_VIP" time="4.109" classname="Test Cases/WEB - CHROME/TUN PI/WEB_FR_getOffersForTUN_VIP" status="PASSED">
         <system-out><![CDATA[2023-10-16 14:20:49 - [TEST_CASE][PASSED] - Test Cases/WEB - CHROME/TUN PI/WEB_FR_getOffersForTUN_VIP: Test Cases/WEB - CHROME/TUN PI/WEB_FR_getOffersForTUN_VIP

2023-10-16 14:20:49 - [TEST_STEP][PASSED] - getResponse = config_files.getConfigFile.getConfig("WEB", "FR", "SHAHID_VIP", "TN", "false"): config_files.getConfigFile.getConfig is PASSED

2023-10-16 14:20:50 - [MESSAGE][INFO] - HAR: /Users/admin/git/shahid-configuration/Reports/20231016_140310/WEB/TUN/20231016_140343/requests/main/9.har

2023-10-16 14:20:50 - [MESSAGE][PASSED] - Send request successfully

2023-10-16 14:20:50 - [MESSAGE][PASSED] - config_files.getConfigFile.getConfig is PASSED

2023-10-16 14:20:50 - [TEST_STEP][PASSED] - verifyResponseStatusCode(getResponse, 200): Verify response status code successfully

2023-10-16 14:20:50 - [MESSAGE][PASSED] - Verify response status code successfully

2023-10-16 14:20:50 - [TEST_STEP][PASSED] - verifyElementPropertyValue(getResponse, "country", "TUN"): Verify element property value successfully

2023-10-16 14:20:50 - [MESSAGE][PASSED] - Verify element property value successfully

2023-10-16 14:20:50 - [TEST_STEP][PASSED] - verifyElementPropertyValue(getResponse, "platform", "[WEB]"): Verify element property value successfully

2023-10-16 14:20:50 - [MESSAGE][PASSED] - Verify element property value successfully

2023-10-16 14:20:50 - [TEST_STEP][PASSED] - verifyElementPropertyValue(getResponse, "offers[0].offerId", "winback-30-offer"): Verify element property value successfully

2023-10-16 14:20:50 - [MESSAGE][PASSED] - Verify element property value successfully

2023-10-16 14:20:50 - [TEST_STEP][PASSED] - verifyElementPropertyValue(getResponse, "offers[0].offerParam", "winback30"): Verify element property value successfully

2023-10-16 14:20:50 - [MESSAGE][PASSED] - Verify element property value successfully

2023-10-16 14:20:50 - [TEST_STEP][PASSED] - verifyElementPropertyValue(getResponse, "offers[0].groups[0].pricingPlans[0].featured", "true"): Verify element property value successfully

2023-10-16 14:20:50 - [MESSAGE][PASSED] - Verify element property value successfully

2023-10-16 14:20:50 - [TEST_STEP][PASSED] - verifyElementPropertyValue(getResponse, "offers[0].groups[0].pricingPlans[0].period", "monthly"): Verify element property value successfully

2023-10-16 14:20:50 - [MESSAGE][PASSED] - Verify element property value successfully

2023-10-16 14:20:50 - [TEST_STEP][PASSED] - verifyElementPropertyValue(getResponse, "offers[0].groups[0].pricingPlans[0].featured", "true"): Verify element property value successfully

2023-10-16 14:20:50 - [MESSAGE][PASSED] - Verify element property value successfully

2023-10-16 14:20:50 - [TEST_STEP][PASSED] - verifyElementPropertyValue(getResponse, "offers[0].groups[0].pricingPlans[0].price", "6.99"): Verify element property value successfully

2023-10-16 14:20:50 - [MESSAGE][PASSED] - Verify element property value successfully

2023-10-16 14:20:50 - [TEST_STEP][PASSED] - verifyElementPropertyValue(getResponse, "offers[0].groups[0].pricingPlans[0].currency", "TND"): Verify element property value successfully

2023-10-16 14:20:50 - [MESSAGE][PASSED] - Verify element property value successfully

2023-10-16 14:20:50 - [TEST_STEP][PASSED] - verifyElementPropertyValue(getResponse, "offers[0].groups[0].pricingPlans[0].order", "0"): Verify element property value successfully

2023-10-16 14:20:50 - [MESSAGE][PASSED] - Verify element property value successfully

2023-10-16 14:20:50 - [TEST_STEP][PASSED] - verifyElementPropertyValue(getResponse, "offers[0].groups[0].pricingPlans[0].packageId", "SHAHID_VIP"): Verify element property value successfully

2023-10-16 14:20:50 - [MESSAGE][PASSED] - Verify element property value successfully

2023-10-16 14:20:50 - [TEST_STEP][PASSED] - verifyElementPropertyValue(getResponse, "offers[0].groups[0].pricingPlans[0].catalogId", "VIP"): Verify element property value successfully

2023-10-16 14:20:50 - [MESSAGE][PASSED] - Verify element property value successfully

2023-10-16 14:20:50 - [TEST_STEP][PASSED] - verifyElementPropertyValue(getResponse, "offers[0].groups[0].pricingPlans[0].visualElements[0].key", "Header_1_text"): Verify element property value successfully

2023-10-16 14:20:50 - [MESSAGE][PASSED] - Verify element property value successfully

2023-10-16 14:20:50 - [TEST_STEP][PASSED] - verifyElementPropertyValue(getResponse, "offers[0].groups[0].pricingPlans[0].visualElements[0].value", "Abonnez-vous dès maintenant et profitez de vos programmes sans publicité"): Verify element property value successfully

2023-10-16 14:20:50 - [MESSAGE][PASSED] - Verify element property value successfully

2023-10-16 14:20:50 - [TEST_STEP][PASSED] - verifyElementPropertyValue(getResponse, "offers[0].groups[0].pricingPlans[0].visualElements[1].key", "display_title"): Verify element property value successfully

2023-10-16 14:20:50 - [MESSAGE][PASSED] - Verify element property value successfully

2023-10-16 14:20:50 - [TEST_STEP][PASSED] - verifyElementPropertyValue(getResponse, "offers[0].groups[0].pricingPlans[0].visualElements[1].value", "30% de réduction"): Verify element property value successfully

2023-10-16 14:20:50 - [MESSAGE][PASSED] - Verify element property value successfully

2023-10-16 14:20:50 - [TEST_STEP][PASSED] - verifyElementPropertyValue(getResponse, "offers[0].groups[0].pricingPlans[0].visualElements[3].key", "deduction_text"): Verify element property value successfully

2023-10-16 14:20:50 - [MESSAGE][PASSED] - Verify element property value successfully

2023-10-16 14:20:50 - [TEST_STEP][PASSED] - verifyElementPropertyValue(getResponse, "offers[0].groups[0].pricingPlans[0].visualElements[3].value", "facturation mensuelle"): Verify element property value successfully

2023-10-16 14:20:50 - [MESSAGE][PASSED] - Verify element property value successfully

2023-10-16 14:20:50 - [TEST_STEP][PASSED] - verifyElementPropertyValue(getResponse, "offers[0].groups[0].pricingPlans[0].visualElements[6].key", "show_payment_logo"): Verify element property value successfully

2023-10-16 14:20:50 - [MESSAGE][PASSED] - Verify element property value successfully

2023-10-16 14:20:50 - [TEST_STEP][PASSED] - verifyElementPropertyValue(getResponse, "offers[0].groups[0].pricingPlans[0].visualElements[6].value", "true"): Verify element property value successfully

2023-10-16 14:20:50 - [MESSAGE][PASSED] - Verify element property value successfully

2023-10-16 14:20:50 - [TEST_STEP][PASSED] - verifyElementPropertyValue(getResponse, "offers[0].groups[0].pricingPlans[0].visualElements[8].key", "price"): Verify element property value successfully

2023-10-16 14:20:50 - [MESSAGE][PASSED] - Verify element property value successfully

2023-10-16 14:20:50 - [TEST_STEP][PASSED] - verifyElementPropertyValue(getResponse, "offers[0].groups[0].pricingPlans[0].visualElements[8].value", "6.99"): Verify element property value successfully

2023-10-16 14:20:50 - [MESSAGE][PASSED] - Verify element property value successfully

2023-10-16 14:20:50 - [TEST_STEP][PASSED] - verifyElementPropertyValue(getResponse, "offers[0].groups[0].pricingPlans[0].visualElements[9].key", "currency"): Verify element property value successfully

2023-10-16 14:20:50 - [MESSAGE][PASSED] - Verify element property value successfully

2023-10-16 14:20:50 - [TEST_STEP][PASSED] - verifyElementPropertyValue(getResponse, "offers[0].groups[0].pricingPlans[0].visualElements[9].value", "TND"): Verify element property value successfully

2023-10-16 14:20:50 - [MESSAGE][PASSED] - Verify element property value successfully

2023-10-16 14:20:50 - [TEST_STEP][PASSED] - verifyElementPropertyValue(getResponse, "offers[0].groups[0].pricingPlans[0].visualElements[10].key", "duration"): Verify element property value successfully

2023-10-16 14:20:50 - [MESSAGE][PASSED] - Verify element property value successfully

2023-10-16 14:20:50 - [TEST_STEP][PASSED] - verifyElementPropertyValue(getResponse, "offers[0].groups[0].pricingPlans[0].visualElements[10].value", "Mensuel"): Verify element property value successfully

2023-10-16 14:20:50 - [MESSAGE][PASSED] - Verify element property value successfully

2023-10-16 14:20:50 - [TEST_STEP][PASSED] - verifyElementPropertyValue(getResponse, "offers[0].groups[0].pricingPlans[0].visualElements[11].key", "featured_tag_text"): Verify element property value successfully

2023-10-16 14:20:50 - [MESSAGE][PASSED] - Verify element property value successfully

2023-10-16 14:20:50 - [TEST_STEP][PASSED] - verifyElementPropertyValue(getResponse, "offers[0].groups[0].pricingPlans[0].visualElements[11].value", "Offre limitée"): Verify element property value successfully

2023-10-16 14:20:50 - [MESSAGE][PASSED] - Verify element property value successfully

2023-10-16 14:20:50 - [TEST_STEP][PASSED] - verifyElementPropertyValue(getResponse, "offers[0].groups[0].pricingPlans[0].visualElements[13].key", "tag_text"): Verify element property value successfully

2023-10-16 14:20:50 - [MESSAGE][PASSED] - Verify element property value successfully

2023-10-16 14:20:50 - [TEST_STEP][PASSED] - verifyElementPropertyValue(getResponse, "offers[0].groups[0].pricingPlans[0].visualElements[13].value", "Économisez 30% "): Verify element property value successfully

2023-10-16 14:20:50 - [MESSAGE][PASSED] - Verify element property value successfully

2023-10-16 14:20:50 - [TEST_STEP][PASSED] - verifyElementPropertyValue(getResponse, "offers[0].groups[0].pricingPlans[0].visualElements[12].key", "show_tag"): Verify element property value successfully

2023-10-16 14:20:50 - [MESSAGE][PASSED] - Verify element property value successfully

2023-10-16 14:20:50 - [TEST_STEP][PASSED] - verifyElementPropertyValue(getResponse, "offers[0].groups[0].pricingPlans[0].visualElements[12].value", "true"): Verify element property value successfully

2023-10-16 14:20:50 - [MESSAGE][PASSED] - Verify element property value successfully

2023-10-16 14:20:50 - [TEST_STEP][PASSED] - verifyElementPropertyValue(getResponse, "offers[0].groups[0].pricingPlans[0].pricingPlanData[0].productId", "TUN_B2C_SHAHID_VIP_1M"): Verify element property value successfully

2023-10-16 14:20:50 - [MESSAGE][PASSED] - Verify element property value successfully

2023-10-16 14:20:50 - [TEST_STEP][PASSED] - verifyElementPropertyValue(getResponse, "offers[0].groups[0].pricingPlans[0].pricingPlanData[0].paymentMethod", "CREDIT_CARD"): Verify element property value successfully

2023-10-16 14:20:50 - [MESSAGE][PASSED] - Verify element property value successfully

2023-10-16 14:20:50 - [TEST_STEP][PASSED] - verifyElementPropertyValue(getResponse, "offers[0].groups[0].pricingPlans[0].pricingPlanData[0].freeTrialEnabled", "false"): Verify element property value successfully

2023-10-16 14:20:50 - [MESSAGE][PASSED] - Verify element property value successfully

2023-10-16 14:20:50 - [TEST_STEP][PASSED] - verifyElementPropertyValue(getResponse, "offers[0].groups[0].pricingPlans[0].pricingPlanData[0].showIn[0]", "VERTICAL_MODE"): Verify element property value successfully

2023-10-16 14:20:50 - [MESSAGE][PASSED] - Verify element property value successfully

2023-10-16 14:20:50 - [TEST_STEP][PASSED] - verifyElementPropertyValue(getResponse, "offers[0].groups[0].pricingPlans[0].pricingPlanData[0].showIn[1]", "HORIZONTAL_MODE"): Verify element property value successfully

2023-10-16 14:20:50 - [MESSAGE][PASSED] - Verify element property value successfully

2023-10-16 14:20:50 - [TEST_STEP][PASSED] - verifyElementPropertyValue(getResponse, "offers[0].groups[0].pricingPlans[0].pricingPlanData[0].priceLabel", "6.99"): Verify element property value successfully

2023-10-16 14:20:50 - [MESSAGE][PASSED] - Verify element property value successfully

2023-10-16 14:20:50 - [TEST_STEP][PASSED] - verifyElementPropertyValue(getResponse, "offers[0].groups[0].pricingPlans[0].pricingPlanData[0].currencyLabel", "TND"): Verify element property value successfully

2023-10-16 14:20:50 - [MESSAGE][PASSED] - Verify element property value successfully

2023-10-16 14:20:50 - [TEST_STEP][PASSED] - verifyElementPropertyValue(getResponse, "offers[0].groups[0].pricingPlans[0].pricingPlanData[0].dealId", "RE_30P_TUN"): Verify element property value successfully

2023-10-16 14:20:50 - [MESSAGE][PASSED] - Verify element property value successfully

2023-10-16 14:20:50 - [TEST_STEP][PASSED] - verifyElementPropertyValue(getResponse, "offers[0].groups[0].pricingPlans[0].pricingPlanData[0].allowedForAcquisition", "true"): Verify element property value successfully

2023-10-16 14:20:50 - [MESSAGE][PASSED] - Verify element property value successfully

2023-10-16 14:20:50 - [TEST_STEP][PASSED] - verifyElementPropertyValue(getResponse, "offers[0].groups[0].pricingPlans[0].pricingPlanData[0].visualElements[0].key", "title"): Verify element property value successfully

2023-10-16 14:20:51 - [MESSAGE][PASSED] - Verify element property value successfully

2023-10-16 14:20:51 - [TEST_STEP][PASSED] - verifyElementPropertyValue(getResponse, "offers[0].groups[0].pricingPlans[0].pricingPlanData[0].visualElements[0].value", "Carte de crédit/débit"): Verify element property value successfully

2023-10-16 14:20:51 - [MESSAGE][PASSED] - Verify element property value successfully

2023-10-16 14:20:51 - [TEST_STEP][PASSED] - verifyElementPropertyValue(getResponse, "offers[0].groups[0].pricingPlans[0].pricingPlanData[0].visualElements[1].key", "CTA_text"): Verify element property value successfully

2023-10-16 14:20:51 - [MESSAGE][PASSED] - Verify element property value successfully

2023-10-16 14:20:51 - [TEST_STEP][PASSED] - verifyElementPropertyValue(getResponse, "offers[0].groups[0].pricingPlans[0].pricingPlanData[0].visualElements[1].value", "S'abonner"): Verify element property value successfully

2023-10-16 14:20:51 - [MESSAGE][PASSED] - Verify element property value successfully

2023-10-16 14:20:51 - [TEST_STEP][PASSED] - verifyElementPropertyValue(getResponse, "offers[0].groups[0].pricingPlans[0].pricingPlanData[0].visualElements[2].key", "logo"): Verify element property value successfully

2023-10-16 14:20:51 - [MESSAGE][PASSED] - Verify element property value successfully

2023-10-16 14:20:51 - [TEST_STEP][PASSED] - verifyElementPropertyValue(getResponse, "offers[0].groups[0].pricingPlans[0].pricingPlanData[0].visualElements[2].value", "https://static.s3.shahid.mbc.net/widget-images/icons/iconCreditCard.png"): Verify element property value successfully

2023-10-16 14:20:51 - [MESSAGE][PASSED] - Verify element property value successfully

2023-10-16 14:20:51 - [TEST_STEP][PASSED] - verifyElementPropertyValue(getResponse, "offers[1].offerId", "winback-40-offer"): Verify element property value successfully

2023-10-16 14:20:51 - [MESSAGE][PASSED] - Verify element property value successfully

2023-10-16 14:20:51 - [TEST_STEP][PASSED] - verifyElementPropertyValue(getResponse, "offers[1].offerParam", "winback40"): Verify element property value successfully

2023-10-16 14:20:51 - [MESSAGE][PASSED] - Verify element property value successfully

2023-10-16 14:20:51 - [TEST_STEP][PASSED] - verifyElementPropertyValue(getResponse, "offers[1].groups[0].pricingPlans[0].featured", "true"): Verify element property value successfully

2023-10-16 14:20:51 - [MESSAGE][PASSED] - Verify element property value successfully

2023-10-16 14:20:51 - [TEST_STEP][PASSED] - verifyElementPropertyValue(getResponse, "offers[1].groups[0].pricingPlans[0].period", "monthly"): Verify element property value successfully

2023-10-16 14:20:51 - [MESSAGE][PASSED] - Verify element property value successfully

2023-10-16 14:20:51 - [TEST_STEP][PASSED] - verifyElementPropertyValue(getResponse, "offers[1].groups[0].pricingPlans[0].featured", "true"): Verify element property value successfully

2023-10-16 14:20:51 - [MESSAGE][PASSED] - Verify element property value successfully

2023-10-16 14:20:51 - [TEST_STEP][PASSED] - verifyElementPropertyValue(getResponse, "offers[1].groups[0].pricingPlans[0].price", "5.99"): Verify element property value successfully

2023-10-16 14:20:51 - [MESSAGE][PASSED] - Verify element property value successfully

2023-10-16 14:20:51 - [TEST_STEP][PASSED] - verifyElementPropertyValue(getResponse, "offers[1].groups[0].pricingPlans[0].currency", "TND"): Verify element property value successfully

2023-10-16 14:20:51 - [MESSAGE][PASSED] - Verify element property value successfully

2023-10-16 14:20:51 - [TEST_STEP][PASSED] - verifyElementPropertyValue(getResponse, "offers[1].groups[0].pricingPlans[0].order", "0"): Verify element property value successfully

2023-10-16 14:20:51 - [MESSAGE][PASSED] - Verify element property value successfully

2023-10-16 14:20:51 - [TEST_STEP][PASSED] - verifyElementPropertyValue(getResponse, "offers[1].groups[0].pricingPlans[0].packageId", "SHAHID_VIP"): Verify element property value successfully

2023-10-16 14:20:51 - [MESSAGE][PASSED] - Verify element property value successfully

2023-10-16 14:20:51 - [TEST_STEP][PASSED] - verifyElementPropertyValue(getResponse, "offers[1].groups[0].pricingPlans[0].catalogId", "VIP"): Verify element property value successfully

2023-10-16 14:20:51 - [MESSAGE][PASSED] - Verify element property value successfully

2023-10-16 14:20:51 - [TEST_STEP][PASSED] - verifyElementPropertyValue(getResponse, "offers[1].groups[0].pricingPlans[0].visualElements[0].key", "Header_1_text"): Verify element property value successfully

2023-10-16 14:20:51 - [MESSAGE][PASSED] - Verify element property value successfully

2023-10-16 14:20:51 - [TEST_STEP][PASSED] - verifyElementPropertyValue(getResponse, "offers[1].groups[0].pricingPlans[0].visualElements[0].value", "Abonnez-vous dès maintenant et profitez de vos programmes sans publicité"): Verify element property value successfully

2023-10-16 14:20:51 - [MESSAGE][PASSED] - Verify element property value successfully

2023-10-16 14:20:51 - [TEST_STEP][PASSED] - verifyElementPropertyValue(getResponse, "offers[1].groups[0].pricingPlans[0].visualElements[1].key", "display_title"): Verify element property value successfully

2023-10-16 14:20:51 - [MESSAGE][PASSED] - Verify element property value successfully

2023-10-16 14:20:51 - [TEST_STEP][PASSED] - verifyElementPropertyValue(getResponse, "offers[1].groups[0].pricingPlans[0].visualElements[1].value", "40% de réduction"): Verify element property value successfully

2023-10-16 14:20:51 - [MESSAGE][PASSED] - Verify element property value successfully

2023-10-16 14:20:51 - [TEST_STEP][PASSED] - verifyElementPropertyValue(getResponse, "offers[1].groups[0].pricingPlans[0].visualElements[3].key", "deduction_text"): Verify element property value successfully

2023-10-16 14:20:51 - [MESSAGE][PASSED] - Verify element property value successfully

2023-10-16 14:20:51 - [TEST_STEP][PASSED] - verifyElementPropertyValue(getResponse, "offers[1].groups[0].pricingPlans[0].visualElements[3].value", "facturation mensuelle"): Verify element property value successfully

2023-10-16 14:20:51 - [MESSAGE][PASSED] - Verify element property value successfully

2023-10-16 14:20:51 - [TEST_STEP][PASSED] - verifyElementPropertyValue(getResponse, "offers[1].groups[0].pricingPlans[0].visualElements[6].key", "show_payment_logo"): Verify element property value successfully

2023-10-16 14:20:51 - [MESSAGE][PASSED] - Verify element property value successfully

2023-10-16 14:20:51 - [TEST_STEP][PASSED] - verifyElementPropertyValue(getResponse, "offers[1].groups[0].pricingPlans[0].visualElements[6].value", "true"): Verify element property value successfully

2023-10-16 14:20:51 - [MESSAGE][PASSED] - Verify element property value successfully

2023-10-16 14:20:51 - [TEST_STEP][PASSED] - verifyElementPropertyValue(getResponse, "offers[1].groups[0].pricingPlans[0].visualElements[8].key", "price"): Verify element property value successfully

2023-10-16 14:20:51 - [MESSAGE][PASSED] - Verify element property value successfully

2023-10-16 14:20:51 - [TEST_STEP][PASSED] - verifyElementPropertyValue(getResponse, "offers[1].groups[0].pricingPlans[0].visualElements[8].value", "5.99"): Verify element property value successfully

2023-10-16 14:20:51 - [MESSAGE][PASSED] - Verify element property value successfully

2023-10-16 14:20:51 - [TEST_STEP][PASSED] - verifyElementPropertyValue(getResponse, "offers[1].groups[0].pricingPlans[0].visualElements[9].key", "currency"): Verify element property value successfully

2023-10-16 14:20:51 - [MESSAGE][PASSED] - Verify element property value successfully

2023-10-16 14:20:51 - [TEST_STEP][PASSED] - verifyElementPropertyValue(getResponse, "offers[1].groups[0].pricingPlans[0].visualElements[9].value", "TND"): Verify element property value successfully

2023-10-16 14:20:51 - [MESSAGE][PASSED] - Verify element property value successfully

2023-10-16 14:20:51 - [TEST_STEP][PASSED] - verifyElementPropertyValue(getResponse, "offers[1].groups[0].pricingPlans[0].visualElements[10].key", "duration"): Verify element property value successfully

2023-10-16 14:20:51 - [MESSAGE][PASSED] - Verify element property value successfully

2023-10-16 14:20:51 - [TEST_STEP][PASSED] - verifyElementPropertyValue(getResponse, "offers[1].groups[0].pricingPlans[0].visualElements[10].value", "Mensuel"): Verify element property value successfully

2023-10-16 14:20:51 - [MESSAGE][PASSED] - Verify element property value successfully

2023-10-16 14:20:51 - [TEST_STEP][PASSED] - verifyElementPropertyValue(getResponse, "offers[1].groups[0].pricingPlans[0].visualElements[11].key", "featured_tag_text"): Verify element property value successfully

2023-10-16 14:20:51 - [MESSAGE][PASSED] - Verify element property value successfully

2023-10-16 14:20:51 - [TEST_STEP][PASSED] - verifyElementPropertyValue(getResponse, "offers[1].groups[0].pricingPlans[0].visualElements[11].value", "Offre limitée"): Verify element property value successfully

2023-10-16 14:20:51 - [MESSAGE][PASSED] - Verify element property value successfully

2023-10-16 14:20:51 - [TEST_STEP][PASSED] - verifyElementPropertyValue(getResponse, "offers[1].groups[0].pricingPlans[0].visualElements[13].key", "tag_text"): Verify element property value successfully

2023-10-16 14:20:51 - [MESSAGE][PASSED] - Verify element property value successfully

2023-10-16 14:20:51 - [TEST_STEP][PASSED] - verifyElementPropertyValue(getResponse, "offers[1].groups[0].pricingPlans[0].visualElements[13].value", "Économisez 40% "): Verify element property value successfully

2023-10-16 14:20:51 - [MESSAGE][PASSED] - Verify element property value successfully

2023-10-16 14:20:51 - [TEST_STEP][PASSED] - verifyElementPropertyValue(getResponse, "offers[1].groups[0].pricingPlans[0].visualElements[12].key", "show_tag"): Verify element property value successfully

2023-10-16 14:20:51 - [MESSAGE][PASSED] - Verify element property value successfully

2023-10-16 14:20:51 - [TEST_STEP][PASSED] - verifyElementPropertyValue(getResponse, "offers[1].groups[0].pricingPlans[0].visualElements[12].value", "true"): Verify element property value successfully

2023-10-16 14:20:51 - [MESSAGE][PASSED] - Verify element property value successfully

2023-10-16 14:20:51 - [TEST_STEP][PASSED] - verifyElementPropertyValue(getResponse, "offers[1].groups[0].pricingPlans[0].pricingPlanData[0].productId", "TUN_B2C_SHAHID_VIP_1M"): Verify element property value successfully

2023-10-16 14:20:51 - [MESSAGE][PASSED] - Verify element property value successfully

2023-10-16 14:20:51 - [TEST_STEP][PASSED] - verifyElementPropertyValue(getResponse, "offers[1].groups[0].pricingPlans[0].pricingPlanData[0].paymentMethod", "CREDIT_CARD"): Verify element property value successfully

2023-10-16 14:20:51 - [MESSAGE][PASSED] - Verify element property value successfully

2023-10-16 14:20:51 - [TEST_STEP][PASSED] - verifyElementPropertyValue(getResponse, "offers[1].groups[0].pricingPlans[0].pricingPlanData[0].freeTrialEnabled", "false"): Verify element property value successfully

2023-10-16 14:20:51 - [MESSAGE][PASSED] - Verify element property value successfully

2023-10-16 14:20:51 - [TEST_STEP][PASSED] - verifyElementPropertyValue(getResponse, "offers[1].groups[0].pricingPlans[0].pricingPlanData[0].showIn[0]", "VERTICAL_MODE"): Verify element property value successfully

2023-10-16 14:20:51 - [MESSAGE][PASSED] - Verify element property value successfully

2023-10-16 14:20:51 - [TEST_STEP][PASSED] - verifyElementPropertyValue(getResponse, "offers[1].groups[0].pricingPlans[0].pricingPlanData[0].showIn[1]", "HORIZONTAL_MODE"): Verify element property value successfully

2023-10-16 14:20:51 - [MESSAGE][PASSED] - Verify element property value successfully

2023-10-16 14:20:51 - [TEST_STEP][PASSED] - verifyElementPropertyValue(getResponse, "offers[1].groups[0].pricingPlans[0].pricingPlanData[0].priceLabel", "5.99"): Verify element property value successfully

2023-10-16 14:20:51 - [MESSAGE][PASSED] - Verify element property value successfully

2023-10-16 14:20:51 - [TEST_STEP][PASSED] - verifyElementPropertyValue(getResponse, "offers[1].groups[0].pricingPlans[0].pricingPlanData[0].currencyLabel", "TND"): Verify element property value successfully

2023-10-16 14:20:51 - [MESSAGE][PASSED] - Verify element property value successfully

2023-10-16 14:20:51 - [TEST_STEP][PASSED] - verifyElementPropertyValue(getResponse, "offers[1].groups[0].pricingPlans[0].pricingPlanData[0].dealId", "RE_40P_TUN"): Verify element property value successfully

2023-10-16 14:20:51 - [MESSAGE][PASSED] - Verify element property value successfully

2023-10-16 14:20:51 - [TEST_STEP][PASSED] - verifyElementPropertyValue(getResponse, "offers[1].groups[0].pricingPlans[0].pricingPlanData[0].allowedForAcquisition", "true"): Verify element property value successfully

2023-10-16 14:20:51 - [MESSAGE][PASSED] - Verify element property value successfully

2023-10-16 14:20:51 - [TEST_STEP][PASSED] - verifyElementPropertyValue(getResponse, "offers[1].groups[0].pricingPlans[0].pricingPlanData[0].visualElements[0].key", "title"): Verify element property value successfully

2023-10-16 14:20:51 - [MESSAGE][PASSED] - Verify element property value successfully

2023-10-16 14:20:51 - [TEST_STEP][PASSED] - verifyElementPropertyValue(getResponse, "offers[1].groups[0].pricingPlans[0].pricingPlanData[0].visualElements[0].value", "Carte de crédit/débit"): Verify element property value successfully

2023-10-16 14:20:51 - [MESSAGE][PASSED] - Verify element property value successfully

2023-10-16 14:20:51 - [TEST_STEP][PASSED] - verifyElementPropertyValue(getResponse, "offers[1].groups[0].pricingPlans[0].pricingPlanData[0].visualElements[1].key", "CTA_text"): Verify element property value successfully

2023-10-16 14:20:51 - [MESSAGE][PASSED] - Verify element property value successfully

2023-10-16 14:20:51 - [TEST_STEP][PASSED] - verifyElementPropertyValue(getResponse, "offers[1].groups[0].pricingPlans[0].pricingPlanData[0].visualElements[1].value", "S'abonner"): Verify element property value successfully

2023-10-16 14:20:51 - [MESSAGE][PASSED] - Verify element property value successfully

2023-10-16 14:20:51 - [TEST_STEP][PASSED] - verifyElementPropertyValue(getResponse, "offers[1].groups[0].pricingPlans[0].pricingPlanData[0].visualElements[2].key", "logo"): Verify element property value successfully

2023-10-16 14:20:51 - [MESSAGE][PASSED] - Verify element property value successfully

2023-10-16 14:20:51 - [TEST_STEP][PASSED] - verifyElementPropertyValue(getResponse, "offers[1].groups[0].pricingPlans[0].pricingPlanData[0].visualElements[2].value", "https://static.s3.shahid.mbc.net/widget-images/icons/iconCreditCard.png"): Verify element property value successfully

2023-10-16 14:20:51 - [MESSAGE][PASSED] - Verify element property value successfully

2023-10-16 14:20:51 - [TEST_STEP][PASSED] - verifyElementPropertyValue(getResponse, "offers[2].offerId", "winback-50-offer"): Verify element property value successfully

2023-10-16 14:20:51 - [MESSAGE][PASSED] - Verify element property value successfully

2023-10-16 14:20:51 - [TEST_STEP][PASSED] - verifyElementPropertyValue(getResponse, "offers[2].offerParam", "winback50"): Verify element property value successfully

2023-10-16 14:20:51 - [MESSAGE][PASSED] - Verify element property value successfully

2023-10-16 14:20:51 - [TEST_STEP][PASSED] - verifyElementPropertyValue(getResponse, "offers[2].groups[0].pricingPlans[0].featured", "true"): Verify element property value successfully

2023-10-16 14:20:51 - [MESSAGE][PASSED] - Verify element property value successfully

2023-10-16 14:20:51 - [TEST_STEP][PASSED] - verifyElementPropertyValue(getResponse, "offers[2].groups[0].pricingPlans[0].period", "monthly"): Verify element property value successfully

2023-10-16 14:20:51 - [MESSAGE][PASSED] - Verify element property value successfully

2023-10-16 14:20:51 - [TEST_STEP][PASSED] - verifyElementPropertyValue(getResponse, "offers[2].groups[0].pricingPlans[0].featured", "true"): Verify element property value successfully

2023-10-16 14:20:51 - [MESSAGE][PASSED] - Verify element property value successfully

2023-10-16 14:20:51 - [TEST_STEP][PASSED] - verifyElementPropertyValue(getResponse, "offers[2].groups[0].pricingPlans[0].price", "4.99"): Verify element property value successfully

2023-10-16 14:20:51 - [MESSAGE][PASSED] - Verify element property value successfully

2023-10-16 14:20:51 - [TEST_STEP][PASSED] - verifyElementPropertyValue(getResponse, "offers[2].groups[0].pricingPlans[0].currency", "TND"): Verify element property value successfully

2023-10-16 14:20:51 - [MESSAGE][PASSED] - Verify element property value successfully

2023-10-16 14:20:51 - [TEST_STEP][PASSED] - verifyElementPropertyValue(getResponse, "offers[2].groups[0].pricingPlans[0].order", "0"): Verify element property value successfully

2023-10-16 14:20:51 - [MESSAGE][PASSED] - Verify element property value successfully

2023-10-16 14:20:51 - [TEST_STEP][PASSED] - verifyElementPropertyValue(getResponse, "offers[2].groups[0].pricingPlans[0].packageId", "SHAHID_VIP"): Verify element property value successfully

2023-10-16 14:20:51 - [MESSAGE][PASSED] - Verify element property value successfully

2023-10-16 14:20:51 - [TEST_STEP][PASSED] - verifyElementPropertyValue(getResponse, "offers[2].groups[0].pricingPlans[0].catalogId", "VIP"): Verify element property value successfully

2023-10-16 14:20:51 - [MESSAGE][PASSED] - Verify element property value successfully

2023-10-16 14:20:51 - [TEST_STEP][PASSED] - verifyElementPropertyValue(getResponse, "offers[2].groups[0].pricingPlans[0].visualElements[0].key", "Header_1_text"): Verify element property value successfully

2023-10-16 14:20:51 - [MESSAGE][PASSED] - Verify element property value successfully

2023-10-16 14:20:51 - [TEST_STEP][PASSED] - verifyElementPropertyValue(getResponse, "offers[2].groups[0].pricingPlans[0].visualElements[0].value", "Abonnez-vous dès maintenant et profitez de vos programmes sans publicité"): Verify element property value successfully

2023-10-16 14:20:51 - [MESSAGE][PASSED] - Verify element property value successfully

2023-10-16 14:20:51 - [TEST_STEP][PASSED] - verifyElementPropertyValue(getResponse, "offers[2].groups[0].pricingPlans[0].visualElements[1].key", "display_title"): Verify element property value successfully

2023-10-16 14:20:51 - [MESSAGE][PASSED] - Verify element property value successfully

2023-10-16 14:20:51 - [TEST_STEP][PASSED] - verifyElementPropertyValue(getResponse, "offers[2].groups[0].pricingPlans[0].visualElements[1].value", "50% de réduction"): Verify element property value successfully

2023-10-16 14:20:51 - [MESSAGE][PASSED] - Verify element property value successfully

2023-10-16 14:20:51 - [TEST_STEP][PASSED] - verifyElementPropertyValue(getResponse, "offers[2].groups[0].pricingPlans[0].visualElements[3].key", "deduction_text"): Verify element property value successfully

2023-10-16 14:20:51 - [MESSAGE][PASSED] - Verify element property value successfully

2023-10-16 14:20:51 - [TEST_STEP][PASSED] - verifyElementPropertyValue(getResponse, "offers[2].groups[0].pricingPlans[0].visualElements[3].value", "facturation mensuelle"): Verify element property value successfully

2023-10-16 14:20:51 - [MESSAGE][PASSED] - Verify element property value successfully

2023-10-16 14:20:51 - [TEST_STEP][PASSED] - verifyElementPropertyValue(getResponse, "offers[2].groups[0].pricingPlans[0].visualElements[6].key", "show_payment_logo"): Verify element property value successfully

2023-10-16 14:20:51 - [MESSAGE][PASSED] - Verify element property value successfully

2023-10-16 14:20:51 - [TEST_STEP][PASSED] - verifyElementPropertyValue(getResponse, "offers[2].groups[0].pricingPlans[0].visualElements[6].value", "true"): Verify element property value successfully

2023-10-16 14:20:51 - [MESSAGE][PASSED] - Verify element property value successfully

2023-10-16 14:20:51 - [TEST_STEP][PASSED] - verifyElementPropertyValue(getResponse, "offers[2].groups[0].pricingPlans[0].visualElements[8].key", "price"): Verify element property value successfully

2023-10-16 14:20:51 - [MESSAGE][PASSED] - Verify element property value successfully

2023-10-16 14:20:51 - [TEST_STEP][PASSED] - verifyElementPropertyValue(getResponse, "offers[2].groups[0].pricingPlans[0].visualElements[8].value", "4.99"): Verify element property value successfully

2023-10-16 14:20:51 - [MESSAGE][PASSED] - Verify element property value successfully

2023-10-16 14:20:51 - [TEST_STEP][PASSED] - verifyElementPropertyValue(getResponse, "offers[2].groups[0].pricingPlans[0].visualElements[9].key", "currency"): Verify element property value successfully

2023-10-16 14:20:51 - [MESSAGE][PASSED] - Verify element property value successfully

2023-10-16 14:20:51 - [TEST_STEP][PASSED] - verifyElementPropertyValue(getResponse, "offers[2].groups[0].pricingPlans[0].visualElements[9].value", "TND"): Verify element property value successfully

2023-10-16 14:20:51 - [MESSAGE][PASSED] - Verify element property value successfully

2023-10-16 14:20:51 - [TEST_STEP][PASSED] - verifyElementPropertyValue(getResponse, "offers[2].groups[0].pricingPlans[0].visualElements[10].key", "duration"): Verify element property value successfully

2023-10-16 14:20:51 - [MESSAGE][PASSED] - Verify element property value successfully

2023-10-16 14:20:51 - [TEST_STEP][PASSED] - verifyElementPropertyValue(getResponse, "offers[2].groups[0].pricingPlans[0].visualElements[10].value", "Mensuel"): Verify element property value successfully

2023-10-16 14:20:51 - [MESSAGE][PASSED] - Verify element property value successfully

2023-10-16 14:20:51 - [TEST_STEP][PASSED] - verifyElementPropertyValue(getResponse, "offers[2].groups[0].pricingPlans[0].visualElements[11].key", "featured_tag_text"): Verify element property value successfully

2023-10-16 14:20:51 - [MESSAGE][PASSED] - Verify element property value successfully

2023-10-16 14:20:51 - [TEST_STEP][PASSED] - verifyElementPropertyValue(getResponse, "offers[2].groups[0].pricingPlans[0].visualElements[11].value", "Offre limitée"): Verify element property value successfully

2023-10-16 14:20:51 - [MESSAGE][PASSED] - Verify element property value successfully

2023-10-16 14:20:51 - [TEST_STEP][PASSED] - verifyElementPropertyValue(getResponse, "offers[2].groups[0].pricingPlans[0].visualElements[13].key", "tag_text"): Verify element property value successfully

2023-10-16 14:20:51 - [MESSAGE][PASSED] - Verify element property value successfully

2023-10-16 14:20:51 - [TEST_STEP][PASSED] - verifyElementPropertyValue(getResponse, "offers[2].groups[0].pricingPlans[0].visualElements[13].value", "Économisez 50% "): Verify element property value successfully

2023-10-16 14:20:51 - [MESSAGE][PASSED] - Verify element property value successfully

2023-10-16 14:20:51 - [TEST_STEP][PASSED] - verifyElementPropertyValue(getResponse, "offers[2].groups[0].pricingPlans[0].visualElements[12].key", "show_tag"): Verify element property value successfully

2023-10-16 14:20:51 - [MESSAGE][PASSED] - Verify element property value successfully

2023-10-16 14:20:51 - [TEST_STEP][PASSED] - verifyElementPropertyValue(getResponse, "offers[2].groups[0].pricingPlans[0].visualElements[12].value", "true"): Verify element property value successfully

2023-10-16 14:20:51 - [MESSAGE][PASSED] - Verify element property value successfully

2023-10-16 14:20:51 - [TEST_STEP][PASSED] - verifyElementPropertyValue(getResponse, "offers[2].groups[0].pricingPlans[0].pricingPlanData[0].productId", "TUN_B2C_SHAHID_VIP_1M"): Verify element property value successfully

2023-10-16 14:20:51 - [MESSAGE][PASSED] - Verify element property value successfully

2023-10-16 14:20:51 - [TEST_STEP][PASSED] - verifyElementPropertyValue(getResponse, "offers[2].groups[0].pricingPlans[0].pricingPlanData[0].paymentMethod", "CREDIT_CARD"): Verify element property value successfully

2023-10-16 14:20:51 - [MESSAGE][PASSED] - Verify element property value successfully

2023-10-16 14:20:51 - [TEST_STEP][PASSED] - verifyElementPropertyValue(getResponse, "offers[2].groups[0].pricingPlans[0].pricingPlanData[0].freeTrialEnabled", "false"): Verify element property value successfully

2023-10-16 14:20:51 - [MESSAGE][PASSED] - Verify element property value successfully

2023-10-16 14:20:51 - [TEST_STEP][PASSED] - verifyElementPropertyValue(getResponse, "offers[2].groups[0].pricingPlans[0].pricingPlanData[0].showIn[0]", "VERTICAL_MODE"): Verify element property value successfully

2023-10-16 14:20:51 - [MESSAGE][PASSED] - Verify element property value successfully

2023-10-16 14:20:51 - [TEST_STEP][PASSED] - verifyElementPropertyValue(getResponse, "offers[2].groups[0].pricingPlans[0].pricingPlanData[0].showIn[1]", "HORIZONTAL_MODE"): Verify element property value successfully

2023-10-16 14:20:51 - [MESSAGE][PASSED] - Verify element property value successfully

2023-10-16 14:20:51 - [TEST_STEP][PASSED] - verifyElementPropertyValue(getResponse, "offers[2].groups[0].pricingPlans[0].pricingPlanData[0].priceLabel", "4.99"): Verify element property value successfully

2023-10-16 14:20:51 - [MESSAGE][PASSED] - Verify element property value successfully

2023-10-16 14:20:51 - [TEST_STEP][PASSED] - verifyElementPropertyValue(getResponse, "offers[2].groups[0].pricingPlans[0].pricingPlanData[0].currencyLabel", "TND"): Verify element property value successfully

2023-10-16 14:20:51 - [MESSAGE][PASSED] - Verify element property value successfully

2023-10-16 14:20:51 - [TEST_STEP][PASSED] - verifyElementPropertyValue(getResponse, "offers[2].groups[0].pricingPlans[0].pricingPlanData[0].dealId", "RE_50P_TUN"): Verify element property value successfully

2023-10-16 14:20:51 - [MESSAGE][PASSED] - Verify element property value successfully

2023-10-16 14:20:51 - [TEST_STEP][PASSED] - verifyElementPropertyValue(getResponse, "offers[2].groups[0].pricingPlans[0].pricingPlanData[0].allowedForAcquisition", "true"): Verify element property value successfully

2023-10-16 14:20:51 - [MESSAGE][PASSED] - Verify element property value successfully

2023-10-16 14:20:51 - [TEST_STEP][PASSED] - verifyElementPropertyValue(getResponse, "offers[2].groups[0].pricingPlans[0].pricingPlanData[0].visualElements[0].key", "title"): Verify element property value successfully

2023-10-16 14:20:51 - [MESSAGE][PASSED] - Verify element property value successfully

2023-10-16 14:20:51 - [TEST_STEP][PASSED] - verifyElementPropertyValue(getResponse, "offers[2].groups[0].pricingPlans[0].pricingPlanData[0].visualElements[0].value", "Carte de crédit/débit"): Verify element property value successfully

2023-10-16 14:20:51 - [MESSAGE][PASSED] - Verify element property value successfully

2023-10-16 14:20:51 - [TEST_STEP][PASSED] - verifyElementPropertyValue(getResponse, "offers[2].groups[0].pricingPlans[0].pricingPlanData[0].visualElements[1].key", "CTA_text"): Verify element property value successfully

2023-10-16 14:20:51 - [MESSAGE][PASSED] - Verify element property value successfully

2023-10-16 14:20:51 - [TEST_STEP][PASSED] - verifyElementPropertyValue(getResponse, "offers[2].groups[0].pricingPlans[0].pricingPlanData[0].visualElements[1].value", "S'abonner"): Verify element property value successfully

2023-10-16 14:20:51 - [MESSAGE][PASSED] - Verify element property value successfully

2023-10-16 14:20:51 - [TEST_STEP][PASSED] - verifyElementPropertyValue(getResponse, "offers[2].groups[0].pricingPlans[0].pricingPlanData[0].visualElements[2].key", "logo"): Verify element property value successfully

2023-10-16 14:20:52 - [MESSAGE][PASSED] - Verify element property value successfully

2023-10-16 14:20:52 - [TEST_STEP][PASSED] - verifyElementPropertyValue(getResponse, "offers[2].groups[0].pricingPlans[0].pricingPlanData[0].visualElements[2].value", "https://static.s3.shahid.mbc.net/widget-images/icons/iconCreditCard.png"): Verify element property value successfully

2023-10-16 14:20:52 - [MESSAGE][PASSED] - Verify element property value successfully

2023-10-16 14:20:52 - [TEST_STEP][PASSED] - verifyElementPropertyValue(getResponse, "offers[8].offerId", "byg-30-offer"): Verify element property value successfully

2023-10-16 14:20:52 - [MESSAGE][PASSED] - Verify element property value successfully

2023-10-16 14:20:52 - [TEST_STEP][PASSED] - verifyElementPropertyValue(getResponse, "offers[8].offerParam", "bygoffer30"): Verify element property value successfully

2023-10-16 14:20:52 - [MESSAGE][PASSED] - Verify element property value successfully

2023-10-16 14:20:52 - [TEST_STEP][PASSED] - verifyElementPropertyValue(getResponse, "offers[8].groups[0].pricingPlans[0].featured", "true"): Verify element property value successfully

2023-10-16 14:20:52 - [MESSAGE][PASSED] - Verify element property value successfully

2023-10-16 14:20:52 - [TEST_STEP][PASSED] - verifyElementPropertyValue(getResponse, "offers[8].groups[0].pricingPlans[0].period", "monthly"): Verify element property value successfully

2023-10-16 14:20:52 - [MESSAGE][PASSED] - Verify element property value successfully

2023-10-16 14:20:52 - [TEST_STEP][PASSED] - verifyElementPropertyValue(getResponse, "offers[8].groups[0].pricingPlans[0].featured", "true"): Verify element property value successfully

2023-10-16 14:20:52 - [MESSAGE][PASSED] - Verify element property value successfully

2023-10-16 14:20:52 - [TEST_STEP][PASSED] - verifyElementPropertyValue(getResponse, "offers[8].groups[0].pricingPlans[0].price", "6.99"): Verify element property value successfully

2023-10-16 14:20:52 - [MESSAGE][PASSED] - Verify element property value successfully

2023-10-16 14:20:52 - [TEST_STEP][PASSED] - verifyElementPropertyValue(getResponse, "offers[8].groups[0].pricingPlans[0].currency", "TND"): Verify element property value successfully

2023-10-16 14:20:52 - [MESSAGE][PASSED] - Verify element property value successfully

2023-10-16 14:20:52 - [TEST_STEP][PASSED] - verifyElementPropertyValue(getResponse, "offers[8].groups[0].pricingPlans[0].order", "0"): Verify element property value successfully

2023-10-16 14:20:52 - [MESSAGE][PASSED] - Verify element property value successfully

2023-10-16 14:20:52 - [TEST_STEP][PASSED] - verifyElementPropertyValue(getResponse, "offers[8].groups[0].pricingPlans[0].packageId", "SHAHID_VIP"): Verify element property value successfully

2023-10-16 14:20:52 - [MESSAGE][PASSED] - Verify element property value successfully

2023-10-16 14:20:52 - [TEST_STEP][PASSED] - verifyElementPropertyValue(getResponse, "offers[8].groups[0].pricingPlans[0].catalogId", "VIP"): Verify element property value successfully

2023-10-16 14:20:52 - [MESSAGE][PASSED] - Verify element property value successfully

2023-10-16 14:20:52 - [TEST_STEP][PASSED] - verifyElementPropertyValue(getResponse, "offers[8].groups[0].pricingPlans[0].visualElements[0].key", "Header_1_text"): Verify element property value successfully

2023-10-16 14:20:52 - [MESSAGE][PASSED] - Verify element property value successfully

2023-10-16 14:20:52 - [TEST_STEP][PASSED] - verifyElementPropertyValue(getResponse, "offers[8].groups[0].pricingPlans[0].visualElements[0].value", "Abonnez-vous dès maintenant et profitez de vos programmes sans publicité"): Verify element property value successfully

2023-10-16 14:20:52 - [MESSAGE][PASSED] - Verify element property value successfully

2023-10-16 14:20:52 - [TEST_STEP][PASSED] - verifyElementPropertyValue(getResponse, "offers[8].groups[0].pricingPlans[0].visualElements[1].key", "display_title"): Verify element property value successfully

2023-10-16 14:20:52 - [MESSAGE][PASSED] - Verify element property value successfully

2023-10-16 14:20:52 - [TEST_STEP][PASSED] - verifyElementPropertyValue(getResponse, "offers[8].groups[0].pricingPlans[0].visualElements[1].value", "30% de réduction"): Verify element property value successfully

2023-10-16 14:20:52 - [MESSAGE][PASSED] - Verify element property value successfully

2023-10-16 14:20:52 - [TEST_STEP][PASSED] - verifyElementPropertyValue(getResponse, "offers[8].groups[0].pricingPlans[0].visualElements[3].key", "deduction_text"): Verify element property value successfully

2023-10-16 14:20:52 - [MESSAGE][PASSED] - Verify element property value successfully

2023-10-16 14:20:52 - [TEST_STEP][PASSED] - verifyElementPropertyValue(getResponse, "offers[8].groups[0].pricingPlans[0].visualElements[3].value", "facturation mensuelle"): Verify element property value successfully

2023-10-16 14:20:52 - [MESSAGE][PASSED] - Verify element property value successfully

2023-10-16 14:20:52 - [TEST_STEP][PASSED] - verifyElementPropertyValue(getResponse, "offers[8].groups[0].pricingPlans[0].visualElements[6].key", "show_payment_logo"): Verify element property value successfully

2023-10-16 14:20:52 - [MESSAGE][PASSED] - Verify element property value successfully

2023-10-16 14:20:52 - [TEST_STEP][PASSED] - verifyElementPropertyValue(getResponse, "offers[8].groups[0].pricingPlans[0].visualElements[6].value", "true"): Verify element property value successfully

2023-10-16 14:20:52 - [MESSAGE][PASSED] - Verify element property value successfully

2023-10-16 14:20:52 - [TEST_STEP][PASSED] - verifyElementPropertyValue(getResponse, "offers[8].groups[0].pricingPlans[0].visualElements[8].key", "price"): Verify element property value successfully

2023-10-16 14:20:52 - [MESSAGE][PASSED] - Verify element property value successfully

2023-10-16 14:20:52 - [TEST_STEP][PASSED] - verifyElementPropertyValue(getResponse, "offers[8].groups[0].pricingPlans[0].visualElements[8].value", "6.99"): Verify element property value successfully

2023-10-16 14:20:52 - [MESSAGE][PASSED] - Verify element property value successfully

2023-10-16 14:20:52 - [TEST_STEP][PASSED] - verifyElementPropertyValue(getResponse, "offers[8].groups[0].pricingPlans[0].visualElements[9].key", "currency"): Verify element property value successfully

2023-10-16 14:20:52 - [MESSAGE][PASSED] - Verify element property value successfully

2023-10-16 14:20:52 - [TEST_STEP][PASSED] - verifyElementPropertyValue(getResponse, "offers[8].groups[0].pricingPlans[0].visualElements[9].value", "TND"): Verify element property value successfully

2023-10-16 14:20:52 - [MESSAGE][PASSED] - Verify element property value successfully

2023-10-16 14:20:52 - [TEST_STEP][PASSED] - verifyElementPropertyValue(getResponse, "offers[8].groups[0].pricingPlans[0].visualElements[10].key", "duration"): Verify element property value successfully

2023-10-16 14:20:52 - [MESSAGE][PASSED] - Verify element property value successfully

2023-10-16 14:20:52 - [TEST_STEP][PASSED] - verifyElementPropertyValue(getResponse, "offers[8].groups[0].pricingPlans[0].visualElements[10].value", "Mensuel"): Verify element property value successfully

2023-10-16 14:20:52 - [MESSAGE][PASSED] - Verify element property value successfully

2023-10-16 14:20:52 - [TEST_STEP][PASSED] - verifyElementPropertyValue(getResponse, "offers[8].groups[0].pricingPlans[0].visualElements[11].key", "featured_tag_text"): Verify element property value successfully

2023-10-16 14:20:52 - [MESSAGE][PASSED] - Verify element property value successfully

2023-10-16 14:20:52 - [TEST_STEP][PASSED] - verifyElementPropertyValue(getResponse, "offers[8].groups[0].pricingPlans[0].visualElements[11].value", "Offre limitée"): Verify element property value successfully

2023-10-16 14:20:52 - [MESSAGE][PASSED] - Verify element property value successfully

2023-10-16 14:20:52 - [TEST_STEP][PASSED] - verifyElementPropertyValue(getResponse, "offers[8].groups[0].pricingPlans[0].visualElements[13].key", "tag_text"): Verify element property value successfully

2023-10-16 14:20:52 - [MESSAGE][PASSED] - Verify element property value successfully

2023-10-16 14:20:52 - [TEST_STEP][PASSED] - verifyElementPropertyValue(getResponse, "offers[8].groups[0].pricingPlans[0].visualElements[13].value", "Économisez 30% "): Verify element property value successfully

2023-10-16 14:20:52 - [MESSAGE][PASSED] - Verify element property value successfully

2023-10-16 14:20:52 - [TEST_STEP][PASSED] - verifyElementPropertyValue(getResponse, "offers[8].groups[0].pricingPlans[0].visualElements[12].key", "show_tag"): Verify element property value successfully

2023-10-16 14:20:52 - [MESSAGE][PASSED] - Verify element property value successfully

2023-10-16 14:20:52 - [TEST_STEP][PASSED] - verifyElementPropertyValue(getResponse, "offers[8].groups[0].pricingPlans[0].visualElements[12].value", "true"): Verify element property value successfully

2023-10-16 14:20:52 - [MESSAGE][PASSED] - Verify element property value successfully

2023-10-16 14:20:52 - [TEST_STEP][PASSED] - verifyElementPropertyValue(getResponse, "offers[8].groups[0].pricingPlans[0].pricingPlanData[0].productId", "TUN_B2C_SHAHID_VIP_1M"): Verify element property value successfully

2023-10-16 14:20:52 - [MESSAGE][PASSED] - Verify element property value successfully

2023-10-16 14:20:52 - [TEST_STEP][PASSED] - verifyElementPropertyValue(getResponse, "offers[8].groups[0].pricingPlans[0].pricingPlanData[0].paymentMethod", "CREDIT_CARD"): Verify element property value successfully

2023-10-16 14:20:52 - [MESSAGE][PASSED] - Verify element property value successfully

2023-10-16 14:20:52 - [TEST_STEP][PASSED] - verifyElementPropertyValue(getResponse, "offers[8].groups[0].pricingPlans[0].pricingPlanData[0].freeTrialEnabled", "false"): Verify element property value successfully

2023-10-16 14:20:52 - [MESSAGE][PASSED] - Verify element property value successfully

2023-10-16 14:20:52 - [TEST_STEP][PASSED] - verifyElementPropertyValue(getResponse, "offers[8].groups[0].pricingPlans[0].pricingPlanData[0].showIn[0]", "VERTICAL_MODE"): Verify element property value successfully

2023-10-16 14:20:52 - [MESSAGE][PASSED] - Verify element property value successfully

2023-10-16 14:20:52 - [TEST_STEP][PASSED] - verifyElementPropertyValue(getResponse, "offers[8].groups[0].pricingPlans[0].pricingPlanData[0].showIn[1]", "HORIZONTAL_MODE"): Verify element property value successfully

2023-10-16 14:20:52 - [MESSAGE][PASSED] - Verify element property value successfully

2023-10-16 14:20:52 - [TEST_STEP][PASSED] - verifyElementPropertyValue(getResponse, "offers[8].groups[0].pricingPlans[0].pricingPlanData[0].priceLabel", "6.99"): Verify element property value successfully

2023-10-16 14:20:52 - [MESSAGE][PASSED] - Verify element property value successfully

2023-10-16 14:20:52 - [TEST_STEP][PASSED] - verifyElementPropertyValue(getResponse, "offers[8].groups[0].pricingPlans[0].pricingPlanData[0].currencyLabel", "TND"): Verify element property value successfully

2023-10-16 14:20:52 - [MESSAGE][PASSED] - Verify element property value successfully

2023-10-16 14:20:52 - [TEST_STEP][PASSED] - verifyElementPropertyValue(getResponse, "offers[8].groups[0].pricingPlans[0].pricingPlanData[0].dealId", "BYG_30P_TUN"): Verify element property value successfully

2023-10-16 14:20:52 - [MESSAGE][PASSED] - Verify element property value successfully

2023-10-16 14:20:52 - [TEST_STEP][PASSED] - verifyElementPropertyValue(getResponse, "offers[8].groups[0].pricingPlans[0].pricingPlanData[0].allowedForAcquisition", "true"): Verify element property value successfully

2023-10-16 14:20:52 - [MESSAGE][PASSED] - Verify element property value successfully

2023-10-16 14:20:52 - [TEST_STEP][PASSED] - verifyElementPropertyValue(getResponse, "offers[8].groups[0].pricingPlans[0].pricingPlanData[0].visualElements[0].key", "title"): Verify element property value successfully

2023-10-16 14:20:52 - [MESSAGE][PASSED] - Verify element property value successfully

2023-10-16 14:20:52 - [TEST_STEP][PASSED] - verifyElementPropertyValue(getResponse, "offers[8].groups[0].pricingPlans[0].pricingPlanData[0].visualElements[0].value", "Carte de crédit/débit"): Verify element property value successfully

2023-10-16 14:20:52 - [MESSAGE][PASSED] - Verify element property value successfully

2023-10-16 14:20:52 - [TEST_STEP][PASSED] - verifyElementPropertyValue(getResponse, "offers[8].groups[0].pricingPlans[0].pricingPlanData[0].visualElements[1].key", "CTA_text"): Verify element property value successfully

2023-10-16 14:20:52 - [MESSAGE][PASSED] - Verify element property value successfully

2023-10-16 14:20:52 - [TEST_STEP][PASSED] - verifyElementPropertyValue(getResponse, "offers[8].groups[0].pricingPlans[0].pricingPlanData[0].visualElements[1].value", "S’abonner"): Verify element property value successfully

2023-10-16 14:20:52 - [MESSAGE][PASSED] - Verify element property value successfully

2023-10-16 14:20:52 - [TEST_STEP][PASSED] - verifyElementPropertyValue(getResponse, "offers[8].groups[0].pricingPlans[0].pricingPlanData[0].visualElements[2].key", "logo"): Verify element property value successfully

2023-10-16 14:20:52 - [MESSAGE][PASSED] - Verify element property value successfully

2023-10-16 14:20:52 - [TEST_STEP][PASSED] - verifyElementPropertyValue(getResponse, "offers[8].groups[0].pricingPlans[0].pricingPlanData[0].visualElements[2].value", "https://static.s3.shahid.mbc.net/widget-images/icons/iconCreditCard.png"): Verify element property value successfully

2023-10-16 14:20:52 - [MESSAGE][PASSED] - Verify element property value successfully

2023-10-16 14:20:52 - [TEST_STEP][PASSED] - verifyElementPropertyValue(getResponse, "offers[9].offerId", "byg-40-offer"): Verify element property value successfully

2023-10-16 14:20:52 - [MESSAGE][PASSED] - Verify element property value successfully

2023-10-16 14:20:52 - [TEST_STEP][PASSED] - verifyElementPropertyValue(getResponse, "offers[9].offerParam", "bygoffer40"): Verify element property value successfully

2023-10-16 14:20:52 - [MESSAGE][PASSED] - Verify element property value successfully

2023-10-16 14:20:52 - [TEST_STEP][PASSED] - verifyElementPropertyValue(getResponse, "offers[9].groups[0].pricingPlans[0].featured", "true"): Verify element property value successfully

2023-10-16 14:20:52 - [MESSAGE][PASSED] - Verify element property value successfully

2023-10-16 14:20:52 - [TEST_STEP][PASSED] - verifyElementPropertyValue(getResponse, "offers[9].groups[0].pricingPlans[0].period", "monthly"): Verify element property value successfully

2023-10-16 14:20:52 - [MESSAGE][PASSED] - Verify element property value successfully

2023-10-16 14:20:52 - [TEST_STEP][PASSED] - verifyElementPropertyValue(getResponse, "offers[9].groups[0].pricingPlans[0].featured", "true"): Verify element property value successfully

2023-10-16 14:20:52 - [MESSAGE][PASSED] - Verify element property value successfully

2023-10-16 14:20:52 - [TEST_STEP][PASSED] - verifyElementPropertyValue(getResponse, "offers[9].groups[0].pricingPlans[0].price", "5.99"): Verify element property value successfully

2023-10-16 14:20:52 - [MESSAGE][PASSED] - Verify element property value successfully

2023-10-16 14:20:52 - [TEST_STEP][PASSED] - verifyElementPropertyValue(getResponse, "offers[9].groups[0].pricingPlans[0].currency", "TND"): Verify element property value successfully

2023-10-16 14:20:52 - [MESSAGE][PASSED] - Verify element property value successfully

2023-10-16 14:20:52 - [TEST_STEP][PASSED] - verifyElementPropertyValue(getResponse, "offers[9].groups[0].pricingPlans[0].order", "0"): Verify element property value successfully

2023-10-16 14:20:52 - [MESSAGE][PASSED] - Verify element property value successfully

2023-10-16 14:20:52 - [TEST_STEP][PASSED] - verifyElementPropertyValue(getResponse, "offers[9].groups[0].pricingPlans[0].packageId", "SHAHID_VIP"): Verify element property value successfully

2023-10-16 14:20:52 - [MESSAGE][PASSED] - Verify element property value successfully

2023-10-16 14:20:52 - [TEST_STEP][PASSED] - verifyElementPropertyValue(getResponse, "offers[9].groups[0].pricingPlans[0].catalogId", "VIP"): Verify element property value successfully

2023-10-16 14:20:52 - [MESSAGE][PASSED] - Verify element property value successfully

2023-10-16 14:20:52 - [TEST_STEP][PASSED] - verifyElementPropertyValue(getResponse, "offers[9].groups[0].pricingPlans[0].visualElements[0].key", "Header_1_text"): Verify element property value successfully

2023-10-16 14:20:52 - [MESSAGE][PASSED] - Verify element property value successfully

2023-10-16 14:20:52 - [TEST_STEP][PASSED] - verifyElementPropertyValue(getResponse, "offers[9].groups[0].pricingPlans[0].visualElements[0].value", "Abonnez-vous dès maintenant et profitez de vos programmes sans publicité"): Verify element property value successfully

2023-10-16 14:20:52 - [MESSAGE][PASSED] - Verify element property value successfully

2023-10-16 14:20:52 - [TEST_STEP][PASSED] - verifyElementPropertyValue(getResponse, "offers[9].groups[0].pricingPlans[0].visualElements[1].key", "display_title"): Verify element property value successfully

2023-10-16 14:20:52 - [MESSAGE][PASSED] - Verify element property value successfully

2023-10-16 14:20:52 - [TEST_STEP][PASSED] - verifyElementPropertyValue(getResponse, "offers[9].groups[0].pricingPlans[0].visualElements[1].value", "40% de réduction"): Verify element property value successfully

2023-10-16 14:20:52 - [MESSAGE][PASSED] - Verify element property value successfully

2023-10-16 14:20:52 - [TEST_STEP][PASSED] - verifyElementPropertyValue(getResponse, "offers[9].groups[0].pricingPlans[0].visualElements[3].key", "deduction_text"): Verify element property value successfully

2023-10-16 14:20:52 - [MESSAGE][PASSED] - Verify element property value successfully

2023-10-16 14:20:52 - [TEST_STEP][PASSED] - verifyElementPropertyValue(getResponse, "offers[9].groups[0].pricingPlans[0].visualElements[3].value", "facturation mensuelle"): Verify element property value successfully

2023-10-16 14:20:52 - [MESSAGE][PASSED] - Verify element property value successfully

2023-10-16 14:20:52 - [TEST_STEP][PASSED] - verifyElementPropertyValue(getResponse, "offers[9].groups[0].pricingPlans[0].visualElements[6].key", "show_payment_logo"): Verify element property value successfully

2023-10-16 14:20:52 - [MESSAGE][PASSED] - Verify element property value successfully

2023-10-16 14:20:52 - [TEST_STEP][PASSED] - verifyElementPropertyValue(getResponse, "offers[9].groups[0].pricingPlans[0].visualElements[6].value", "true"): Verify element property value successfully

2023-10-16 14:20:52 - [MESSAGE][PASSED] - Verify element property value successfully

2023-10-16 14:20:52 - [TEST_STEP][PASSED] - verifyElementPropertyValue(getResponse, "offers[9].groups[0].pricingPlans[0].visualElements[8].key", "price"): Verify element property value successfully

2023-10-16 14:20:52 - [MESSAGE][PASSED] - Verify element property value successfully

2023-10-16 14:20:52 - [TEST_STEP][PASSED] - verifyElementPropertyValue(getResponse, "offers[9].groups[0].pricingPlans[0].visualElements[8].value", "5.99"): Verify element property value successfully

2023-10-16 14:20:52 - [MESSAGE][PASSED] - Verify element property value successfully

2023-10-16 14:20:52 - [TEST_STEP][PASSED] - verifyElementPropertyValue(getResponse, "offers[9].groups[0].pricingPlans[0].visualElements[9].key", "currency"): Verify element property value successfully

2023-10-16 14:20:52 - [MESSAGE][PASSED] - Verify element property value successfully

2023-10-16 14:20:52 - [TEST_STEP][PASSED] - verifyElementPropertyValue(getResponse, "offers[9].groups[0].pricingPlans[0].visualElements[9].value", "TND"): Verify element property value successfully

2023-10-16 14:20:52 - [MESSAGE][PASSED] - Verify element property value successfully

2023-10-16 14:20:52 - [TEST_STEP][PASSED] - verifyElementPropertyValue(getResponse, "offers[9].groups[0].pricingPlans[0].visualElements[10].key", "duration"): Verify element property value successfully

2023-10-16 14:20:52 - [MESSAGE][PASSED] - Verify element property value successfully

2023-10-16 14:20:52 - [TEST_STEP][PASSED] - verifyElementPropertyValue(getResponse, "offers[9].groups[0].pricingPlans[0].visualElements[10].value", "Mensuel"): Verify element property value successfully

2023-10-16 14:20:52 - [MESSAGE][PASSED] - Verify element property value successfully

2023-10-16 14:20:52 - [TEST_STEP][PASSED] - verifyElementPropertyValue(getResponse, "offers[9].groups[0].pricingPlans[0].visualElements[11].key", "featured_tag_text"): Verify element property value successfully

2023-10-16 14:20:52 - [MESSAGE][PASSED] - Verify element property value successfully

2023-10-16 14:20:52 - [TEST_STEP][PASSED] - verifyElementPropertyValue(getResponse, "offers[9].groups[0].pricingPlans[0].visualElements[11].value", "Offre limitée"): Verify element property value successfully

2023-10-16 14:20:52 - [MESSAGE][PASSED] - Verify element property value successfully

2023-10-16 14:20:52 - [TEST_STEP][PASSED] - verifyElementPropertyValue(getResponse, "offers[9].groups[0].pricingPlans[0].visualElements[13].key", "tag_text"): Verify element property value successfully

2023-10-16 14:20:52 - [MESSAGE][PASSED] - Verify element property value successfully

2023-10-16 14:20:52 - [TEST_STEP][PASSED] - verifyElementPropertyValue(getResponse, "offers[9].groups[0].pricingPlans[0].visualElements[13].value", "Économisez 40% "): Verify element property value successfully

2023-10-16 14:20:52 - [MESSAGE][PASSED] - Verify element property value successfully

2023-10-16 14:20:52 - [TEST_STEP][PASSED] - verifyElementPropertyValue(getResponse, "offers[9].groups[0].pricingPlans[0].visualElements[12].key", "show_tag"): Verify element property value successfully

2023-10-16 14:20:52 - [MESSAGE][PASSED] - Verify element property value successfully

2023-10-16 14:20:52 - [TEST_STEP][PASSED] - verifyElementPropertyValue(getResponse, "offers[9].groups[0].pricingPlans[0].visualElements[12].value", "true"): Verify element property value successfully

2023-10-16 14:20:52 - [MESSAGE][PASSED] - Verify element property value successfully

2023-10-16 14:20:52 - [TEST_STEP][PASSED] - verifyElementPropertyValue(getResponse, "offers[9].groups[0].pricingPlans[0].pricingPlanData[0].productId", "TUN_B2C_SHAHID_VIP_1M"): Verify element property value successfully

2023-10-16 14:20:52 - [MESSAGE][PASSED] - Verify element property value successfully

2023-10-16 14:20:52 - [TEST_STEP][PASSED] - verifyElementPropertyValue(getResponse, "offers[9].groups[0].pricingPlans[0].pricingPlanData[0].paymentMethod", "CREDIT_CARD"): Verify element property value successfully

2023-10-16 14:20:52 - [MESSAGE][PASSED] - Verify element property value successfully

2023-10-16 14:20:52 - [TEST_STEP][PASSED] - verifyElementPropertyValue(getResponse, "offers[9].groups[0].pricingPlans[0].pricingPlanData[0].freeTrialEnabled", "false"): Verify element property value successfully

2023-10-16 14:20:52 - [MESSAGE][PASSED] - Verify element property value successfully

2023-10-16 14:20:52 - [TEST_STEP][PASSED] - verifyElementPropertyValue(getResponse, "offers[9].groups[0].pricingPlans[0].pricingPlanData[0].showIn[0]", "VERTICAL_MODE"): Verify element property value successfully

2023-10-16 14:20:52 - [MESSAGE][PASSED] - Verify element property value successfully

2023-10-16 14:20:52 - [TEST_STEP][PASSED] - verifyElementPropertyValue(getResponse, "offers[9].groups[0].pricingPlans[0].pricingPlanData[0].showIn[1]", "HORIZONTAL_MODE"): Verify element property value successfully

2023-10-16 14:20:52 - [MESSAGE][PASSED] - Verify element property value successfully

2023-10-16 14:20:52 - [TEST_STEP][PASSED] - verifyElementPropertyValue(getResponse, "offers[9].groups[0].pricingPlans[0].pricingPlanData[0].priceLabel", "5.99"): Verify element property value successfully

2023-10-16 14:20:52 - [MESSAGE][PASSED] - Verify element property value successfully

2023-10-16 14:20:52 - [TEST_STEP][PASSED] - verifyElementPropertyValue(getResponse, "offers[9].groups[0].pricingPlans[0].pricingPlanData[0].currencyLabel", "TND"): Verify element property value successfully

2023-10-16 14:20:52 - [MESSAGE][PASSED] - Verify element property value successfully

2023-10-16 14:20:52 - [TEST_STEP][PASSED] - verifyElementPropertyValue(getResponse, "offers[9].groups[0].pricingPlans[0].pricingPlanData[0].dealId", "BYG_40P_TUN"): Verify element property value successfully

2023-10-16 14:20:52 - [MESSAGE][PASSED] - Verify element property value successfully

2023-10-16 14:20:52 - [TEST_STEP][PASSED] - verifyElementPropertyValue(getResponse, "offers[9].groups[0].pricingPlans[0].pricingPlanData[0].allowedForAcquisition", "true"): Verify element property value successfully

2023-10-16 14:20:52 - [MESSAGE][PASSED] - Verify element property value successfully

2023-10-16 14:20:52 - [TEST_STEP][PASSED] - verifyElementPropertyValue(getResponse, "offers[9].groups[0].pricingPlans[0].pricingPlanData[0].visualElements[0].key", "title"): Verify element property value successfully

2023-10-16 14:20:52 - [MESSAGE][PASSED] - Verify element property value successfully

2023-10-16 14:20:52 - [TEST_STEP][PASSED] - verifyElementPropertyValue(getResponse, "offers[9].groups[0].pricingPlans[0].pricingPlanData[0].visualElements[0].value", "Carte de crédit/débit"): Verify element property value successfully

2023-10-16 14:20:52 - [MESSAGE][PASSED] - Verify element property value successfully

2023-10-16 14:20:52 - [TEST_STEP][PASSED] - verifyElementPropertyValue(getResponse, "offers[9].groups[0].pricingPlans[0].pricingPlanData[0].visualElements[1].key", "CTA_text"): Verify element property value successfully

2023-10-16 14:20:52 - [MESSAGE][PASSED] - Verify element property value successfully

2023-10-16 14:20:52 - [TEST_STEP][PASSED] - verifyElementPropertyValue(getResponse, "offers[9].groups[0].pricingPlans[0].pricingPlanData[0].visualElements[1].value", "S’abonner"): Verify element property value successfully

2023-10-16 14:20:52 - [MESSAGE][PASSED] - Verify element property value successfully

2023-10-16 14:20:52 - [TEST_STEP][PASSED] - verifyElementPropertyValue(getResponse, "offers[9].groups[0].pricingPlans[0].pricingPlanData[0].visualElements[2].key", "logo"): Verify element property value successfully

2023-10-16 14:20:52 - [MESSAGE][PASSED] - Verify element property value successfully

2023-10-16 14:20:52 - [TEST_STEP][PASSED] - verifyElementPropertyValue(getResponse, "offers[9].groups[0].pricingPlans[0].pricingPlanData[0].visualElements[2].value", "https://static.s3.shahid.mbc.net/widget-images/icons/iconCreditCard.png"): Verify element property value successfully

2023-10-16 14:20:52 - [MESSAGE][PASSED] - Verify element property value successfully

2023-10-16 14:20:52 - [TEST_STEP][PASSED] - verifyElementPropertyValue(getResponse, "offers[10].offerId", "byg-50-offer"): Verify element property value successfully

2023-10-16 14:20:52 - [MESSAGE][PASSED] - Verify element property value successfully

2023-10-16 14:20:52 - [TEST_STEP][PASSED] - verifyElementPropertyValue(getResponse, "offers[10].offerParam", "bygoffer50"): Verify element property value successfully

2023-10-16 14:20:52 - [MESSAGE][PASSED] - Verify element property value successfully

2023-10-16 14:20:52 - [TEST_STEP][PASSED] - verifyElementPropertyValue(getResponse, "offers[10].groups[0].pricingPlans[0].featured", "true"): Verify element property value successfully

2023-10-16 14:20:52 - [MESSAGE][PASSED] - Verify element property value successfully

2023-10-16 14:20:52 - [TEST_STEP][PASSED] - verifyElementPropertyValue(getResponse, "offers[10].groups[0].pricingPlans[0].period", "monthly"): Verify element property value successfully

2023-10-16 14:20:53 - [MESSAGE][PASSED] - Verify element property value successfully

2023-10-16 14:20:53 - [TEST_STEP][PASSED] - verifyElementPropertyValue(getResponse, "offers[10].groups[0].pricingPlans[0].featured", "true"): Verify element property value successfully

2023-10-16 14:20:53 - [MESSAGE][PASSED] - Verify element property value successfully

2023-10-16 14:20:53 - [TEST_STEP][PASSED] - verifyElementPropertyValue(getResponse, "offers[10].groups[0].pricingPlans[0].price", "4.99"): Verify element property value successfully

2023-10-16 14:20:53 - [MESSAGE][PASSED] - Verify element property value successfully

2023-10-16 14:20:53 - [TEST_STEP][PASSED] - verifyElementPropertyValue(getResponse, "offers[10].groups[0].pricingPlans[0].currency", "TND"): Verify element property value successfully

2023-10-16 14:20:53 - [MESSAGE][PASSED] - Verify element property value successfully

2023-10-16 14:20:53 - [TEST_STEP][PASSED] - verifyElementPropertyValue(getResponse, "offers[10].groups[0].pricingPlans[0].order", "0"): Verify element property value successfully

2023-10-16 14:20:53 - [MESSAGE][PASSED] - Verify element property value successfully

2023-10-16 14:20:53 - [TEST_STEP][PASSED] - verifyElementPropertyValue(getResponse, "offers[10].groups[0].pricingPlans[0].packageId", "SHAHID_VIP"): Verify element property value successfully

2023-10-16 14:20:53 - [MESSAGE][PASSED] - Verify element property value successfully

2023-10-16 14:20:53 - [TEST_STEP][PASSED] - verifyElementPropertyValue(getResponse, "offers[10].groups[0].pricingPlans[0].catalogId", "VIP"): Verify element property value successfully

2023-10-16 14:20:53 - [MESSAGE][PASSED] - Verify element property value successfully

2023-10-16 14:20:53 - [TEST_STEP][PASSED] - verifyElementPropertyValue(getResponse, "offers[10].groups[0].pricingPlans[0].visualElements[0].key", "Header_1_text"): Verify element property value successfully

2023-10-16 14:20:53 - [MESSAGE][PASSED] - Verify element property value successfully

2023-10-16 14:20:53 - [TEST_STEP][PASSED] - verifyElementPropertyValue(getResponse, "offers[10].groups[0].pricingPlans[0].visualElements[0].value", "Abonnez-vous dès maintenant et profitez de vos programmes sans publicité"): Verify element property value successfully

2023-10-16 14:20:53 - [MESSAGE][PASSED] - Verify element property value successfully

2023-10-16 14:20:53 - [TEST_STEP][PASSED] - verifyElementPropertyValue(getResponse, "offers[10].groups[0].pricingPlans[0].visualElements[1].key", "display_title"): Verify element property value successfully

2023-10-16 14:20:53 - [MESSAGE][PASSED] - Verify element property value successfully

2023-10-16 14:20:53 - [TEST_STEP][PASSED] - verifyElementPropertyValue(getResponse, "offers[10].groups[0].pricingPlans[0].visualElements[1].value", "50% de réduction"): Verify element property value successfully

2023-10-16 14:20:53 - [MESSAGE][PASSED] - Verify element property value successfully

2023-10-16 14:20:53 - [TEST_STEP][PASSED] - verifyElementPropertyValue(getResponse, "offers[10].groups[0].pricingPlans[0].visualElements[3].key", "deduction_text"): Verify element property value successfully

2023-10-16 14:20:53 - [MESSAGE][PASSED] - Verify element property value successfully

2023-10-16 14:20:53 - [TEST_STEP][PASSED] - verifyElementPropertyValue(getResponse, "offers[10].groups[0].pricingPlans[0].visualElements[3].value", "facturation mensuelle"): Verify element property value successfully

2023-10-16 14:20:53 - [MESSAGE][PASSED] - Verify element property value successfully

2023-10-16 14:20:53 - [TEST_STEP][PASSED] - verifyElementPropertyValue(getResponse, "offers[10].groups[0].pricingPlans[0].visualElements[6].key", "show_payment_logo"): Verify element property value successfully

2023-10-16 14:20:53 - [MESSAGE][PASSED] - Verify element property value successfully

2023-10-16 14:20:53 - [TEST_STEP][PASSED] - verifyElementPropertyValue(getResponse, "offers[10].groups[0].pricingPlans[0].visualElements[6].value", "true"): Verify element property value successfully

2023-10-16 14:20:53 - [MESSAGE][PASSED] - Verify element property value successfully

2023-10-16 14:20:53 - [TEST_STEP][PASSED] - verifyElementPropertyValue(getResponse, "offers[10].groups[0].pricingPlans[0].visualElements[8].key", "price"): Verify element property value successfully

2023-10-16 14:20:53 - [MESSAGE][PASSED] - Verify element property value successfully

2023-10-16 14:20:53 - [TEST_STEP][PASSED] - verifyElementPropertyValue(getResponse, "offers[10].groups[0].pricingPlans[0].visualElements[8].value", "4.99"): Verify element property value successfully

2023-10-16 14:20:53 - [MESSAGE][PASSED] - Verify element property value successfully

2023-10-16 14:20:53 - [TEST_STEP][PASSED] - verifyElementPropertyValue(getResponse, "offers[10].groups[0].pricingPlans[0].visualElements[9].key", "currency"): Verify element property value successfully

2023-10-16 14:20:53 - [MESSAGE][PASSED] - Verify element property value successfully

2023-10-16 14:20:53 - [TEST_STEP][PASSED] - verifyElementPropertyValue(getResponse, "offers[10].groups[0].pricingPlans[0].visualElements[9].value", "TND"): Verify element property value successfully

2023-10-16 14:20:53 - [MESSAGE][PASSED] - Verify element property value successfully

2023-10-16 14:20:53 - [TEST_STEP][PASSED] - verifyElementPropertyValue(getResponse, "offers[10].groups[0].pricingPlans[0].visualElements[10].key", "duration"): Verify element property value successfully

2023-10-16 14:20:53 - [MESSAGE][PASSED] - Verify element property value successfully

2023-10-16 14:20:53 - [TEST_STEP][PASSED] - verifyElementPropertyValue(getResponse, "offers[10].groups[0].pricingPlans[0].visualElements[10].value", "Mensuel"): Verify element property value successfully

2023-10-16 14:20:53 - [MESSAGE][PASSED] - Verify element property value successfully

2023-10-16 14:20:53 - [TEST_STEP][PASSED] - verifyElementPropertyValue(getResponse, "offers[10].groups[0].pricingPlans[0].visualElements[11].key", "featured_tag_text"): Verify element property value successfully

2023-10-16 14:20:53 - [MESSAGE][PASSED] - Verify element property value successfully

2023-10-16 14:20:53 - [TEST_STEP][PASSED] - verifyElementPropertyValue(getResponse, "offers[10].groups[0].pricingPlans[0].visualElements[11].value", "Offre limitée"): Verify element property value successfully

2023-10-16 14:20:53 - [MESSAGE][PASSED] - Verify element property value successfully

2023-10-16 14:20:53 - [TEST_STEP][PASSED] - verifyElementPropertyValue(getResponse, "offers[10].groups[0].pricingPlans[0].visualElements[13].key", "tag_text"): Verify element property value successfully

2023-10-16 14:20:53 - [MESSAGE][PASSED] - Verify element property value successfully

2023-10-16 14:20:53 - [TEST_STEP][PASSED] - verifyElementPropertyValue(getResponse, "offers[10].groups[0].pricingPlans[0].visualElements[13].value", "Économisez 50% "): Verify element property value successfully

2023-10-16 14:20:53 - [MESSAGE][PASSED] - Verify element property value successfully

2023-10-16 14:20:53 - [TEST_STEP][PASSED] - verifyElementPropertyValue(getResponse, "offers[10].groups[0].pricingPlans[0].visualElements[12].key", "show_tag"): Verify element property value successfully

2023-10-16 14:20:53 - [MESSAGE][PASSED] - Verify element property value successfully

2023-10-16 14:20:53 - [TEST_STEP][PASSED] - verifyElementPropertyValue(getResponse, "offers[10].groups[0].pricingPlans[0].visualElements[12].value", "true"): Verify element property value successfully

2023-10-16 14:20:53 - [MESSAGE][PASSED] - Verify element property value successfully

2023-10-16 14:20:53 - [TEST_STEP][PASSED] - verifyElementPropertyValue(getResponse, "offers[10].groups[0].pricingPlans[0].pricingPlanData[0].productId", "TUN_B2C_SHAHID_VIP_1M"): Verify element property value successfully

2023-10-16 14:20:53 - [MESSAGE][PASSED] - Verify element property value successfully

2023-10-16 14:20:53 - [TEST_STEP][PASSED] - verifyElementPropertyValue(getResponse, "offers[10].groups[0].pricingPlans[0].pricingPlanData[0].paymentMethod", "CREDIT_CARD"): Verify element property value successfully

2023-10-16 14:20:53 - [MESSAGE][PASSED] - Verify element property value successfully

2023-10-16 14:20:53 - [TEST_STEP][PASSED] - verifyElementPropertyValue(getResponse, "offers[10].groups[0].pricingPlans[0].pricingPlanData[0].freeTrialEnabled", "false"): Verify element property value successfully

2023-10-16 14:20:53 - [MESSAGE][PASSED] - Verify element property value successfully

2023-10-16 14:20:53 - [TEST_STEP][PASSED] - verifyElementPropertyValue(getResponse, "offers[10].groups[0].pricingPlans[0].pricingPlanData[0].showIn[0]", "VERTICAL_MODE"): Verify element property value successfully

2023-10-16 14:20:53 - [MESSAGE][PASSED] - Verify element property value successfully

2023-10-16 14:20:53 - [TEST_STEP][PASSED] - verifyElementPropertyValue(getResponse, "offers[10].groups[0].pricingPlans[0].pricingPlanData[0].showIn[1]", "HORIZONTAL_MODE"): Verify element property value successfully

2023-10-16 14:20:53 - [MESSAGE][PASSED] - Verify element property value successfully

2023-10-16 14:20:53 - [TEST_STEP][PASSED] - verifyElementPropertyValue(getResponse, "offers[10].groups[0].pricingPlans[0].pricingPlanData[0].priceLabel", "4.99"): Verify element property value successfully

2023-10-16 14:20:53 - [MESSAGE][PASSED] - Verify element property value successfully

2023-10-16 14:20:53 - [TEST_STEP][PASSED] - verifyElementPropertyValue(getResponse, "offers[10].groups[0].pricingPlans[0].pricingPlanData[0].currencyLabel", "TND"): Verify element property value successfully

2023-10-16 14:20:53 - [MESSAGE][PASSED] - Verify element property value successfully

2023-10-16 14:20:53 - [TEST_STEP][PASSED] - verifyElementPropertyValue(getResponse, "offers[10].groups[0].pricingPlans[0].pricingPlanData[0].dealId", "BYG_50P_TUN"): Verify element property value successfully

2023-10-16 14:20:53 - [MESSAGE][PASSED] - Verify element property value successfully

2023-10-16 14:20:53 - [TEST_STEP][PASSED] - verifyElementPropertyValue(getResponse, "offers[10].groups[0].pricingPlans[0].pricingPlanData[0].allowedForAcquisition", "true"): Verify element property value successfully

2023-10-16 14:20:53 - [MESSAGE][PASSED] - Verify element property value successfully

2023-10-16 14:20:53 - [TEST_STEP][PASSED] - verifyElementPropertyValue(getResponse, "offers[10].groups[0].pricingPlans[0].pricingPlanData[0].visualElements[0].key", "title"): Verify element property value successfully

2023-10-16 14:20:53 - [MESSAGE][PASSED] - Verify element property value successfully

2023-10-16 14:20:53 - [TEST_STEP][PASSED] - verifyElementPropertyValue(getResponse, "offers[10].groups[0].pricingPlans[0].pricingPlanData[0].visualElements[0].value", "Carte de crédit/débit"): Verify element property value successfully

2023-10-16 14:20:53 - [MESSAGE][PASSED] - Verify element property value successfully

2023-10-16 14:20:53 - [TEST_STEP][PASSED] - verifyElementPropertyValue(getResponse, "offers[10].groups[0].pricingPlans[0].pricingPlanData[0].visualElements[1].key", "CTA_text"): Verify element property value successfully

2023-10-16 14:20:53 - [MESSAGE][PASSED] - Verify element property value successfully

2023-10-16 14:20:53 - [TEST_STEP][PASSED] - verifyElementPropertyValue(getResponse, "offers[10].groups[0].pricingPlans[0].pricingPlanData[0].visualElements[1].value", "S’abonner"): Verify element property value successfully

2023-10-16 14:20:53 - [MESSAGE][PASSED] - Verify element property value successfully

2023-10-16 14:20:53 - [TEST_STEP][PASSED] - verifyElementPropertyValue(getResponse, "offers[10].groups[0].pricingPlans[0].pricingPlanData[0].visualElements[2].key", "logo"): Verify element property value successfully

2023-10-16 14:20:53 - [MESSAGE][PASSED] - Verify element property value successfully

2023-10-16 14:20:53 - [TEST_STEP][PASSED] - verifyElementPropertyValue(getResponse, "offers[10].groups[0].pricingPlans[0].pricingPlanData[0].visualElements[2].value", "https://static.s3.shahid.mbc.net/widget-images/icons/iconCreditCard.png"): Verify element property value successfully

2023-10-16 14:20:53 - [MESSAGE][PASSED] - Verify element property value successfully]]></system-out>
         <system-err><![CDATA[]]></system-err>
      </testcase>
      <system-out><![CDATA[2023-10-16 14:20:18 - [TEST_SUITE][FAILED] - TUN: Test Cases/WEB - CHROME/TUN PI/WEB_EN_getSubscriptionConfigForTUN_MO FAILED.
Reason:
com.kms.katalon.core.exception.StepFailedException: Expected element property value 'Other Payment Methods' is not equal with actual property value 'Other payment methods'
	at com.kms.katalon.core.keyword.internal.KeywordMain.stepFailed(KeywordMain.groovy:39)
	at com.kms.katalon.core.webservice.keyword.builtin.VerifyElementPropertyValueKeyword$_verifyElementPropertyValue_closure1.doCall(VerifyElementPropertyValueKeyword.groovy:56)
	at com.kms.katalon.core.webservice.keyword.builtin.VerifyElementPropertyValueKeyword$_verifyElementPropertyValue_closure1.call(VerifyElementPropertyValueKeyword.groovy)
	at com.kms.katalon.core.keyword.internal.KeywordMain.runKeyword(KeywordMain.groovy:75)
	at com.kms.katalon.core.webservice.keyword.builtin.VerifyElementPropertyValueKeyword.verifyElementPropertyValue(VerifyElementPropertyValueKeyword.groovy:48)
	at com.kms.katalon.core.webservice.keyword.builtin.VerifyElementPropertyValueKeyword.execute(VerifyElementPropertyValueKeyword.groovy:43)
	at com.kms.katalon.core.keyword.internal.KeywordExecutor.executeKeywordForPlatform(KeywordExecutor.groovy:74)
	at com.kms.katalon.core.webservice.keyword.WSBuiltInKeywords.verifyElementPropertyValue(WSBuiltInKeywords.groovy:190)
	at com.kms.katalon.core.webservice.keyword.WSBuiltInKeywords$verifyElementPropertyValue$1.call(Unknown Source)
	at WEB_EN_getSubscriptionConfigForTUN_MO.run(WEB_EN_getSubscriptionConfigForTUN_MO:140)
	at com.kms.katalon.core.main.ScriptEngine.run(ScriptEngine.java:194)
	at com.kms.katalon.core.main.ScriptEngine.runScriptAsRawText(ScriptEngine.java:119)
	at com.kms.katalon.core.main.TestCaseExecutor.runScript(TestCaseExecutor.java:448)
	at com.kms.katalon.core.main.TestCaseExecutor.doExecute(TestCaseExecutor.java:439)
	at com.kms.katalon.core.main.TestCaseExecutor.processExecutionPhase(TestCaseExecutor.java:418)
	at com.kms.katalon.core.main.TestCaseExecutor.accessMainPhase(TestCaseExecutor.java:410)
	at com.kms.katalon.core.main.TestCaseExecutor.execute(TestCaseExecutor.java:285)
	at com.kms.katalon.core.common.CommonExecutor.accessTestCaseMainPhase(CommonExecutor.java:65)
	at com.kms.katalon.core.main.TestSuiteExecutor.accessTestSuiteMainPhase(TestSuiteExecutor.java:148)
	at com.kms.katalon.core.main.TestSuiteExecutor.execute(TestSuiteExecutor.java:106)
	at com.kms.katalon.core.main.TestCaseMain.startTestSuite(TestCaseMain.java:187)
	at com.kms.katalon.core.main.TestCaseMain$startTestSuite$0.call(Unknown Source)
	at TempTestSuite1697454223353.run(TempTestSuite1697454223353.groovy:36)]]></system-out>
      <system-err><![CDATA[2023-10-16 14:20:18 - [TEST_SUITE][FAILED] - TUN: Test Cases/WEB - CHROME/TUN PI/WEB_EN_getSubscriptionConfigForTUN_MO FAILED.
Reason:
com.kms.katalon.core.exception.StepFailedException: Expected element property value 'Other Payment Methods' is not equal with actual property value 'Other payment methods'
	at com.kms.katalon.core.keyword.internal.KeywordMain.stepFailed(KeywordMain.groovy:39)
	at com.kms.katalon.core.webservice.keyword.builtin.VerifyElementPropertyValueKeyword$_verifyElementPropertyValue_closure1.doCall(VerifyElementPropertyValueKeyword.groovy:56)
	at com.kms.katalon.core.webservice.keyword.builtin.VerifyElementPropertyValueKeyword$_verifyElementPropertyValue_closure1.call(VerifyElementPropertyValueKeyword.groovy)
	at com.kms.katalon.core.keyword.internal.KeywordMain.runKeyword(KeywordMain.groovy:75)
	at com.kms.katalon.core.webservice.keyword.builtin.VerifyElementPropertyValueKeyword.verifyElementPropertyValue(VerifyElementPropertyValueKeyword.groovy:48)
	at com.kms.katalon.core.webservice.keyword.builtin.VerifyElementPropertyValueKeyword.execute(VerifyElementPropertyValueKeyword.groovy:43)
	at com.kms.katalon.core.keyword.internal.KeywordExecutor.executeKeywordForPlatform(KeywordExecutor.groovy:74)
	at com.kms.katalon.core.webservice.keyword.WSBuiltInKeywords.verifyElementPropertyValue(WSBuiltInKeywords.groovy:190)
	at com.kms.katalon.core.webservice.keyword.WSBuiltInKeywords$verifyElementPropertyValue$1.call(Unknown Source)
	at WEB_EN_getSubscriptionConfigForTUN_MO.run(WEB_EN_getSubscriptionConfigForTUN_MO:140)
	at com.kms.katalon.core.main.ScriptEngine.run(ScriptEngine.java:194)
	at com.kms.katalon.core.main.ScriptEngine.runScriptAsRawText(ScriptEngine.java:119)
	at com.kms.katalon.core.main.TestCaseExecutor.runScript(TestCaseExecutor.java:448)
	at com.kms.katalon.core.main.TestCaseExecutor.doExecute(TestCaseExecutor.java:439)
	at com.kms.katalon.core.main.TestCaseExecutor.processExecutionPhase(TestCaseExecutor.java:418)
	at com.kms.katalon.core.main.TestCaseExecutor.accessMainPhase(TestCaseExecutor.java:410)
	at com.kms.katalon.core.main.TestCaseExecutor.execute(TestCaseExecutor.java:285)
	at com.kms.katalon.core.common.CommonExecutor.accessTestCaseMainPhase(CommonExecutor.java:65)
	at com.kms.katalon.core.main.TestSuiteExecutor.accessTestSuiteMainPhase(TestSuiteExecutor.java:148)
	at com.kms.katalon.core.main.TestSuiteExecutor.execute(TestSuiteExecutor.java:106)
	at com.kms.katalon.core.main.TestCaseMain.startTestSuite(TestCaseMain.java:187)
	at com.kms.katalon.core.main.TestCaseMain$startTestSuite$0.call(Unknown Source)
	at TempTestSuite1697454223353.run(TempTestSuite1697454223353.groovy:36)]]></system-err>
   </testsuite>
</testsuites>
