<?xml version="1.0" encoding="UTF-8"?>
<testsuites name="LBN" time="32.262" tests="10" failures="6" errors="0">
   <testsuite name="LBN" tests="10" failures="6" errors="0" time="32.262" skipped="0" timestamp="2023-10-16 14:16:41" hostname="admin - 10.109.12.148" id="Test Suites/WEB/LBN">
      <properties>
         <property name="deviceName" value=""/>
         <property name="devicePlatform" value=""/>
         <property name="logFolder" value="/Users/admin/git/shahid-configuration/Reports/20231016_140310/WEB/LBN/20231016_140335"/>
         <property name="logFiles" value="/Users/admin/git/shahid-configuration/Reports/20231016_140310/WEB/LBN/20231016_140335/execution0.log"/>
         <property name="attachments" value=""/>
         <property name="hostName" value="admin - 10.109.12.148"/>
         <property name="hostAddress" value="10.109.12.148"/>
         <property name="os" value="Mac OS X 64bit"/>
         <property name="katalonVersion" value="8.6.6.208"/>
      </properties>
      <testcase name="Test Cases/WEB - CHROME/LBN PI/WEB_FR_getSubscriptionConfigForLBN_SPORT" time="3.238" classname="Test Cases/WEB - CHROME/LBN PI/WEB_FR_getSubscriptionConfigForLBN_SPORT" status="FAILED">
         <failure type="FAILED" message="Test Cases/WEB - CHROME/LBN PI/WEB_FR_getSubscriptionConfigForLBN_SPORT FAILED.
Reason:
com.kms.katalon.core.exception.StepFailedException: Expected element property value 'Plan Annuel' is not equal with actual property value 'Plan Annuel ​'
	at com.kms.katalon.core.keyword.internal.KeywordMain.stepFailed(KeywordMain.groovy:39)
	at com.kms.katalon.core.webservice.keyword.builtin.VerifyElementPropertyValueKeyword$_verifyElementPropertyValue_closure1.doCall(VerifyElementPropertyValueKeyword.groovy:56)
	at com.kms.katalon.core.webservice.keyword.builtin.VerifyElementPropertyValueKeyword$_verifyElementPropertyValue_closure1.call(VerifyElementPropertyValueKeyword.groovy)
	at com.kms.katalon.core.keyword.internal.KeywordMain.runKeyword(KeywordMain.groovy:75)
	at com.kms.katalon.core.webservice.keyword.builtin.VerifyElementPropertyValueKeyword.verifyElementPropertyValue(VerifyElementPropertyValueKeyword.groovy:48)
	at com.kms.katalon.core.webservice.keyword.builtin.VerifyElementPropertyValueKeyword.execute(VerifyElementPropertyValueKeyword.groovy:43)
	at com.kms.katalon.core.keyword.internal.KeywordExecutor.executeKeywordForPlatform(KeywordExecutor.groovy:74)
	at com.kms.katalon.core.webservice.keyword.WSBuiltInKeywords.verifyElementPropertyValue(WSBuiltInKeywords.groovy:190)
	at com.kms.katalon.core.webservice.keyword.WSBuiltInKeywords$verifyElementPropertyValue$1.call(Unknown Source)
	at WEB_FR_getSubscriptionConfigForLBN_SPORT.run(WEB_FR_getSubscriptionConfigForLBN_SPORT:101)
	at com.kms.katalon.core.main.ScriptEngine.run(ScriptEngine.java:194)
	at com.kms.katalon.core.main.ScriptEngine.runScriptAsRawText(ScriptEngine.java:119)
	at com.kms.katalon.core.main.TestCaseExecutor.runScript(TestCaseExecutor.java:448)
	at com.kms.katalon.core.main.TestCaseExecutor.doExecute(TestCaseExecutor.java:439)
	at com.kms.katalon.core.main.TestCaseExecutor.processExecutionPhase(TestCaseExecutor.java:418)
	at com.kms.katalon.core.main.TestCaseExecutor.accessMainPhase(TestCaseExecutor.java:410)
	at com.kms.katalon.core.main.TestCaseExecutor.execute(TestCaseExecutor.java:285)
	at com.kms.katalon.core.common.CommonExecutor.accessTestCaseMainPhase(CommonExecutor.java:65)
	at com.kms.katalon.core.main.TestSuiteExecutor.accessTestSuiteMainPhase(TestSuiteExecutor.java:148)
	at com.kms.katalon.core.main.TestSuiteExecutor.execute(TestSuiteExecutor.java:106)
	at com.kms.katalon.core.main.TestCaseMain.startTestSuite(TestCaseMain.java:187)
	at com.kms.katalon.core.main.TestCaseMain$startTestSuite$0.call(Unknown Source)
	at TempTestSuite1697454215032.run(TempTestSuite1697454215032.groovy:36)
"/>
         <system-out><![CDATA[2023-10-16 14:16:42 - [TEST_CASE][FAILED] - Test Cases/WEB - CHROME/LBN PI/WEB_FR_getSubscriptionConfigForLBN_SPORT: Test Cases/WEB - CHROME/LBN PI/WEB_FR_getSubscriptionConfigForLBN_SPORT FAILED.
Reason:
com.kms.katalon.core.exception.StepFailedException: Expected element property value 'Plan Annuel' is not equal with actual property value 'Plan Annuel ​'
	at com.kms.katalon.core.keyword.internal.KeywordMain.stepFailed(KeywordMain.groovy:39)
	at com.kms.katalon.core.webservice.keyword.builtin.VerifyElementPropertyValueKeyword$_verifyElementPropertyValue_closure1.doCall(VerifyElementPropertyValueKeyword.groovy:56)
	at com.kms.katalon.core.webservice.keyword.builtin.VerifyElementPropertyValueKeyword$_verifyElementPropertyValue_closure1.call(VerifyElementPropertyValueKeyword.groovy)
	at com.kms.katalon.core.keyword.internal.KeywordMain.runKeyword(KeywordMain.groovy:75)
	at com.kms.katalon.core.webservice.keyword.builtin.VerifyElementPropertyValueKeyword.verifyElementPropertyValue(VerifyElementPropertyValueKeyword.groovy:48)
	at com.kms.katalon.core.webservice.keyword.builtin.VerifyElementPropertyValueKeyword.execute(VerifyElementPropertyValueKeyword.groovy:43)
	at com.kms.katalon.core.keyword.internal.KeywordExecutor.executeKeywordForPlatform(KeywordExecutor.groovy:74)
	at com.kms.katalon.core.webservice.keyword.WSBuiltInKeywords.verifyElementPropertyValue(WSBuiltInKeywords.groovy:190)
	at com.kms.katalon.core.webservice.keyword.WSBuiltInKeywords$verifyElementPropertyValue$1.call(Unknown Source)
	at WEB_FR_getSubscriptionConfigForLBN_SPORT.run(WEB_FR_getSubscriptionConfigForLBN_SPORT:101)
	at com.kms.katalon.core.main.ScriptEngine.run(ScriptEngine.java:194)
	at com.kms.katalon.core.main.ScriptEngine.runScriptAsRawText(ScriptEngine.java:119)
	at com.kms.katalon.core.main.TestCaseExecutor.runScript(TestCaseExecutor.java:448)
	at com.kms.katalon.core.main.TestCaseExecutor.doExecute(TestCaseExecutor.java:439)
	at com.kms.katalon.core.main.TestCaseExecutor.processExecutionPhase(TestCaseExecutor.java:418)
	at com.kms.katalon.core.main.TestCaseExecutor.accessMainPhase(TestCaseExecutor.java:410)
	at com.kms.katalon.core.main.TestCaseExecutor.execute(TestCaseExecutor.java:285)
	at com.kms.katalon.core.common.CommonExecutor.accessTestCaseMainPhase(CommonExecutor.java:65)
	at com.kms.katalon.core.main.TestSuiteExecutor.accessTestSuiteMainPhase(TestSuiteExecutor.java:148)
	at com.kms.katalon.core.main.TestSuiteExecutor.execute(TestSuiteExecutor.java:106)
	at com.kms.katalon.core.main.TestCaseMain.startTestSuite(TestCaseMain.java:187)
	at com.kms.katalon.core.main.TestCaseMain$startTestSuite$0.call(Unknown Source)
	at TempTestSuite1697454215032.run(TempTestSuite1697454215032.groovy:36)


2023-10-16 14:16:42 - [TEST_STEP][PASSED] - getResponse = config_files.getConfigFile.getConfig("WEB", "FR", "SHAHID_VIP_SPORT", "LB", "false"): config_files.getConfigFile.getConfig is PASSED

2023-10-16 14:16:44 - [MESSAGE][INFO] - HAR: /Users/admin/git/shahid-configuration/Reports/20231016_140310/WEB/LBN/20231016_140335/requests/main/0.har

2023-10-16 14:16:44 - [MESSAGE][PASSED] - Send request successfully

2023-10-16 14:16:44 - [MESSAGE][PASSED] - config_files.getConfigFile.getConfig is PASSED

2023-10-16 14:16:44 - [TEST_STEP][PASSED] - verifyResponseStatusCode(getResponse, 200): Verify response status code successfully

2023-10-16 14:16:44 - [MESSAGE][PASSED] - Verify response status code successfully

2023-10-16 14:16:44 - [TEST_STEP][PASSED] - verifyElementPropertyValue(getResponse, "country", "LBN"): Verify element property value successfully

2023-10-16 14:16:44 - [MESSAGE][PASSED] - Verify element property value successfully

2023-10-16 14:16:44 - [TEST_STEP][PASSED] - verifyElementPropertyValue(getResponse, "platform", "[WEB]"): Verify element property value successfully

2023-10-16 14:16:44 - [MESSAGE][PASSED] - Verify element property value successfully

2023-10-16 14:16:44 - [TEST_STEP][PASSED] - verifyElementPropertyValue(getResponse, "groups[0].pricingPlans[0].featured", "true"): Verify element property value successfully

2023-10-16 14:16:44 - [MESSAGE][PASSED] - Verify element property value successfully

2023-10-16 14:16:44 - [TEST_STEP][PASSED] - verifyElementPropertyValue(getResponse, "groups[0].pricingPlans[0].packageId", "SHAHID_VIP_SPORT"): Verify element property value successfully

2023-10-16 14:16:44 - [MESSAGE][PASSED] - Verify element property value successfully

2023-10-16 14:16:44 - [TEST_STEP][PASSED] - verifyElementPropertyValue(getResponse, "groups[0].pricingPlans[0].catalogId", "SPORT"): Verify element property value successfully

2023-10-16 14:16:44 - [MESSAGE][PASSED] - Verify element property value successfully

2023-10-16 14:16:44 - [TEST_STEP][PASSED] - verifyElementPropertyValue(getResponse, "groups[0].pricingPlans[0].visualElements[0].key", "Header_1_text"): Verify element property value successfully

2023-10-16 14:16:44 - [MESSAGE][PASSED] - Verify element property value successfully

2023-10-16 14:16:44 - [TEST_STEP][PASSED] - verifyElementPropertyValue(getResponse, "groups[0].pricingPlans[0].visualElements[0].value", "Abonnez-vous dès maintenant et profitez de vos programmes sans publicité"): Verify element property value successfully

2023-10-16 14:16:44 - [MESSAGE][PASSED] - Verify element property value successfully

2023-10-16 14:16:44 - [TEST_STEP][PASSED] - verifyElementPropertyValue(getResponse, "groups[0].pricingPlans[0].visualElements[1].key", "display_title"): Verify element property value successfully

2023-10-16 14:16:44 - [MESSAGE][PASSED] - Verify element property value successfully

2023-10-16 14:16:44 - [TEST_STEP][PASSED] - verifyElementPropertyValue(getResponse, "groups[0].pricingPlans[0].visualElements[1].value", "Plan Mensuel"): Verify element property value successfully

2023-10-16 14:16:44 - [MESSAGE][PASSED] - Verify element property value successfully

2023-10-16 14:16:44 - [TEST_STEP][PASSED] - verifyElementPropertyValue(getResponse, "groups[0].pricingPlans[0].visualElements[2].key", "promo_text"): Verify element property value successfully

2023-10-16 14:16:44 - [MESSAGE][PASSED] - Verify element property value successfully

2023-10-16 14:16:44 - [TEST_STEP][PASSED] - verifyElementPropertyValue(getResponse, "groups[0].pricingPlans[0].visualElements[2].value", "9.49 USD / mois"): Verify element property value successfully

2023-10-16 14:16:44 - [MESSAGE][PASSED] - Verify element property value successfully

2023-10-16 14:16:44 - [TEST_STEP][PASSED] - verifyElementPropertyValue(getResponse, "groups[0].pricingPlans[0].visualElements[3].key", "deduction_text"): Verify element property value successfully

2023-10-16 14:16:44 - [MESSAGE][PASSED] - Verify element property value successfully

2023-10-16 14:16:44 - [TEST_STEP][PASSED] - verifyElementPropertyValue(getResponse, "groups[0].pricingPlans[0].visualElements[3].value", "facturation mensuelle"): Verify element property value successfully

2023-10-16 14:16:44 - [MESSAGE][PASSED] - Verify element property value successfully

2023-10-16 14:16:44 - [TEST_STEP][PASSED] - verifyElementPropertyValue(getResponse, "groups[0].pricingPlans[0].visualElements[6].key", "show_payment_logo"): Verify element property value successfully

2023-10-16 14:16:44 - [MESSAGE][PASSED] - Verify element property value successfully

2023-10-16 14:16:44 - [TEST_STEP][PASSED] - verifyElementPropertyValue(getResponse, "groups[0].pricingPlans[0].visualElements[6].value", "true"): Verify element property value successfully

2023-10-16 14:16:44 - [MESSAGE][PASSED] - Verify element property value successfully

2023-10-16 14:16:44 - [TEST_STEP][PASSED] - verifyElementPropertyValue(getResponse, "groups[0].pricingPlans[0].visualElements[8].key", "price"): Verify element property value successfully

2023-10-16 14:16:44 - [MESSAGE][PASSED] - Verify element property value successfully

2023-10-16 14:16:44 - [TEST_STEP][PASSED] - verifyElementPropertyValue(getResponse, "groups[0].pricingPlans[0].visualElements[8].value", "9.49"): Verify element property value successfully

2023-10-16 14:16:44 - [MESSAGE][PASSED] - Verify element property value successfully

2023-10-16 14:16:44 - [TEST_STEP][PASSED] - verifyElementPropertyValue(getResponse, "groups[0].pricingPlans[0].visualElements[9].key", "currency"): Verify element property value successfully

2023-10-16 14:16:44 - [MESSAGE][PASSED] - Verify element property value successfully

2023-10-16 14:16:44 - [TEST_STEP][PASSED] - verifyElementPropertyValue(getResponse, "groups[0].pricingPlans[0].visualElements[9].value", "USD"): Verify element property value successfully

2023-10-16 14:16:44 - [MESSAGE][PASSED] - Verify element property value successfully

2023-10-16 14:16:44 - [TEST_STEP][PASSED] - verifyElementPropertyValue(getResponse, "groups[0].pricingPlans[0].visualElements[10].key", "duration"): Verify element property value successfully

2023-10-16 14:16:44 - [MESSAGE][PASSED] - Verify element property value successfully

2023-10-16 14:16:44 - [TEST_STEP][PASSED] - verifyElementPropertyValue(getResponse, "groups[0].pricingPlans[0].visualElements[10].value", "Mensuel"): Verify element property value successfully

2023-10-16 14:16:44 - [MESSAGE][PASSED] - Verify element property value successfully

2023-10-16 14:16:44 - [TEST_STEP][PASSED] - verifyElementPropertyValue(getResponse, "groups[0].pricingPlans[0].order", "3"): Verify element property value successfully

2023-10-16 14:16:44 - [MESSAGE][PASSED] - Verify element property value successfully

2023-10-16 14:16:44 - [TEST_STEP][PASSED] - verifyElementPropertyValue(getResponse, "groups[0].pricingPlans[0].period", "monthly"): Verify element property value successfully

2023-10-16 14:16:44 - [MESSAGE][PASSED] - Verify element property value successfully

2023-10-16 14:16:44 - [TEST_STEP][PASSED] - verifyElementPropertyValue(getResponse, "groups[0].pricingPlans[0].price", "9.49"): Verify element property value successfully

2023-10-16 14:16:44 - [MESSAGE][PASSED] - Verify element property value successfully

2023-10-16 14:16:44 - [TEST_STEP][PASSED] - verifyElementPropertyValue(getResponse, "groups[0].pricingPlans[0].currency", "USD"): Verify element property value successfully

2023-10-16 14:16:44 - [MESSAGE][PASSED] - Verify element property value successfully

2023-10-16 14:16:44 - [TEST_STEP][PASSED] - verifyElementPropertyValue(getResponse, "groups[0].pricingPlans[0].pricingPlanData[0].productId", "LBN_B2C_SHAHID_VIP_SPORT_1M"): Verify element property value successfully

2023-10-16 14:16:44 - [MESSAGE][PASSED] - Verify element property value successfully

2023-10-16 14:16:44 - [TEST_STEP][PASSED] - verifyElementPropertyValue(getResponse, "groups[0].pricingPlans[0].pricingPlanData[0].subPricingPlanIds", "null"): Verify element property value successfully

2023-10-16 14:16:44 - [MESSAGE][PASSED] - Verify element property value successfully

2023-10-16 14:16:44 - [TEST_STEP][PASSED] - verifyElementPropertyValue(getResponse, "groups[0].pricingPlans[0].pricingPlanData[0].paymentMethod", "CREDIT_CARD"): Verify element property value successfully

2023-10-16 14:16:44 - [MESSAGE][PASSED] - Verify element property value successfully

2023-10-16 14:16:44 - [TEST_STEP][PASSED] - verifyElementPropertyValue(getResponse, "groups[0].pricingPlans[0].pricingPlanData[0].freeTrialEnabled", "false"): Verify element property value successfully

2023-10-16 14:16:44 - [MESSAGE][PASSED] - Verify element property value successfully

2023-10-16 14:16:44 - [TEST_STEP][PASSED] - verifyElementPropertyValue(getResponse, "groups[0].pricingPlans[0].pricingPlanData[0].visualElements[0].key", "title"): Verify element property value successfully

2023-10-16 14:16:44 - [MESSAGE][PASSED] - Verify element property value successfully

2023-10-16 14:16:44 - [TEST_STEP][PASSED] - verifyElementPropertyValue(getResponse, "groups[0].pricingPlans[0].pricingPlanData[0].visualElements[0].value", "Carte de crédit/débit"): Verify element property value successfully

2023-10-16 14:16:44 - [MESSAGE][PASSED] - Verify element property value successfully

2023-10-16 14:16:44 - [TEST_STEP][PASSED] - verifyElementPropertyValue(getResponse, "groups[0].pricingPlans[0].pricingPlanData[0].visualElements[1].key", "CTA_text"): Verify element property value successfully

2023-10-16 14:16:44 - [MESSAGE][PASSED] - Verify element property value successfully

2023-10-16 14:16:44 - [TEST_STEP][PASSED] - verifyElementPropertyValue(getResponse, "groups[0].pricingPlans[0].pricingPlanData[0].visualElements[1].value", "S'abonner"): Verify element property value successfully

2023-10-16 14:16:44 - [MESSAGE][PASSED] - Verify element property value successfully

2023-10-16 14:16:44 - [TEST_STEP][PASSED] - verifyElementPropertyValue(getResponse, "groups[0].pricingPlans[0].pricingPlanData[0].visualElements[2].key", "logo"): Verify element property value successfully

2023-10-16 14:16:44 - [MESSAGE][PASSED] - Verify element property value successfully

2023-10-16 14:16:44 - [TEST_STEP][PASSED] - verifyElementPropertyValue(getResponse, "groups[0].pricingPlans[0].pricingPlanData[0].visualElements[2].value", "https://static.s3.shahid.mbc.net/widget-images/icons/iconCreditCard.png"): Verify element property value successfully

2023-10-16 14:16:44 - [MESSAGE][PASSED] - Verify element property value successfully

2023-10-16 14:16:44 - [TEST_STEP][PASSED] - verifyElementPropertyValue(getResponse, "groups[0].pricingPlans[0].pricingPlanData[0].priceLabel", "9.49"): Verify element property value successfully

2023-10-16 14:16:44 - [MESSAGE][PASSED] - Verify element property value successfully

2023-10-16 14:16:44 - [TEST_STEP][PASSED] - verifyElementPropertyValue(getResponse, "groups[0].pricingPlans[0].pricingPlanData[0].currencyLabel", "$"): Verify element property value successfully

2023-10-16 14:16:44 - [MESSAGE][PASSED] - Verify element property value successfully

2023-10-16 14:16:44 - [TEST_STEP][PASSED] - verifyElementPropertyValue(getResponse, "groups[0].pricingPlans[1].featured", "false"): Verify element property value successfully

2023-10-16 14:16:44 - [MESSAGE][PASSED] - Verify element property value successfully

2023-10-16 14:16:44 - [TEST_STEP][PASSED] - verifyElementPropertyValue(getResponse, "groups[0].pricingPlans[1].packageId", "SHAHID_VIP_SPORT"): Verify element property value successfully

2023-10-16 14:16:44 - [MESSAGE][PASSED] - Verify element property value successfully

2023-10-16 14:16:44 - [TEST_STEP][PASSED] - verifyElementPropertyValue(getResponse, "groups[0].pricingPlans[1].catalogId", "SPORT"): Verify element property value successfully

2023-10-16 14:16:44 - [MESSAGE][PASSED] - Verify element property value successfully

2023-10-16 14:16:44 - [TEST_STEP][PASSED] - verifyElementPropertyValue(getResponse, "groups[0].pricingPlans[1].visualElements[0].key", "Header_1_text"): Verify element property value successfully

2023-10-16 14:16:44 - [MESSAGE][PASSED] - Verify element property value successfully

2023-10-16 14:16:44 - [TEST_STEP][PASSED] - verifyElementPropertyValue(getResponse, "groups[0].pricingPlans[1].visualElements[0].value", "Abonnez-vous dès maintenant et profitez de vos programmes sans publicité"): Verify element property value successfully

2023-10-16 14:16:44 - [MESSAGE][PASSED] - Verify element property value successfully

2023-10-16 14:16:44 - [TEST_STEP][PASSED] - verifyElementPropertyValue(getResponse, "groups[0].pricingPlans[1].visualElements[1].key", "display_title"): Verify element property value successfully

2023-10-16 14:16:44 - [MESSAGE][PASSED] - Verify element property value successfully

2023-10-16 14:16:44 - [TEST_STEP][FAILED] - verifyElementPropertyValue(getResponse, "groups[0].pricingPlans[1].visualElements[1].value", "Plan Annuel"): Expected element property value 'Plan Annuel' is not equal with actual property value 'Plan Annuel ​'

2023-10-16 14:16:44 - [MESSAGE][FAILED] - Expected element property value 'Plan Annuel' is not equal with actual property value 'Plan Annuel ​'

2023-10-16 14:16:44 - [TEST_STEP][PASSED] - verifyElementPropertyValue(getResponse, "groups[0].pricingPlans[1].visualElements[2].key", "tag_text"): Verify element property value successfully

2023-10-16 14:16:44 - [MESSAGE][PASSED] - Verify element property value successfully

2023-10-16 14:16:44 - [TEST_STEP][PASSED] - verifyElementPropertyValue(getResponse, "groups[0].pricingPlans[1].visualElements[2].value", "Économisez 47%"): Verify element property value successfully

2023-10-16 14:16:44 - [MESSAGE][PASSED] - Verify element property value successfully

2023-10-16 14:16:44 - [TEST_STEP][PASSED] - verifyElementPropertyValue(getResponse, "groups[0].pricingPlans[1].visualElements[3].key", "promo_text"): Verify element property value successfully

2023-10-16 14:16:44 - [MESSAGE][PASSED] - Verify element property value successfully

2023-10-16 14:16:44 - [TEST_STEP][PASSED] - verifyElementPropertyValue(getResponse, "groups[0].pricingPlans[1].visualElements[3].value", "4.99 USD/ mois"): Verify element property value successfully

2023-10-16 14:16:44 - [MESSAGE][PASSED] - Verify element property value successfully

2023-10-16 14:16:44 - [TEST_STEP][PASSED] - verifyElementPropertyValue(getResponse, "groups[0].pricingPlans[1].visualElements[4].key", "deduction_text"): Verify element property value successfully

2023-10-16 14:16:44 - [MESSAGE][PASSED] - Verify element property value successfully

2023-10-16 14:16:44 - [TEST_STEP][PASSED] - verifyElementPropertyValue(getResponse, "groups[0].pricingPlans[1].visualElements[4].value", "59.99 USD facturés chaque année"): Verify element property value successfully

2023-10-16 14:16:44 - [MESSAGE][PASSED] - Verify element property value successfully

2023-10-16 14:16:44 - [TEST_STEP][PASSED] - verifyElementPropertyValue(getResponse, "groups[0].pricingPlans[1].visualElements[7].key", "show_payment_logo"): Verify element property value successfully

2023-10-16 14:16:44 - [MESSAGE][PASSED] - Verify element property value successfully

2023-10-16 14:16:44 - [TEST_STEP][PASSED] - verifyElementPropertyValue(getResponse, "groups[0].pricingPlans[1].visualElements[7].value", "true"): Verify element property value successfully

2023-10-16 14:16:44 - [MESSAGE][PASSED] - Verify element property value successfully

2023-10-16 14:16:44 - [TEST_STEP][PASSED] - verifyElementPropertyValue(getResponse, "groups[0].pricingPlans[1].visualElements[8].key", "show_tag"): Verify element property value successfully

2023-10-16 14:16:44 - [MESSAGE][PASSED] - Verify element property value successfully

2023-10-16 14:16:44 - [TEST_STEP][PASSED] - verifyElementPropertyValue(getResponse, "groups[0].pricingPlans[1].visualElements[8].value", "true"): Verify element property value successfully

2023-10-16 14:16:44 - [MESSAGE][PASSED] - Verify element property value successfully

2023-10-16 14:16:44 - [TEST_STEP][PASSED] - verifyElementPropertyValue(getResponse, "groups[0].pricingPlans[1].visualElements[10].key", "price"): Verify element property value successfully

2023-10-16 14:16:44 - [MESSAGE][PASSED] - Verify element property value successfully

2023-10-16 14:16:44 - [TEST_STEP][PASSED] - verifyElementPropertyValue(getResponse, "groups[0].pricingPlans[1].visualElements[10].value", "59.99"): Verify element property value successfully

2023-10-16 14:16:44 - [MESSAGE][PASSED] - Verify element property value successfully

2023-10-16 14:16:44 - [TEST_STEP][PASSED] - verifyElementPropertyValue(getResponse, "groups[0].pricingPlans[1].visualElements[11].key", "currency"): Verify element property value successfully

2023-10-16 14:16:44 - [MESSAGE][PASSED] - Verify element property value successfully

2023-10-16 14:16:44 - [TEST_STEP][PASSED] - verifyElementPropertyValue(getResponse, "groups[0].pricingPlans[1].visualElements[11].value", "USD"): Verify element property value successfully

2023-10-16 14:16:44 - [MESSAGE][PASSED] - Verify element property value successfully

2023-10-16 14:16:44 - [TEST_STEP][PASSED] - verifyElementPropertyValue(getResponse, "groups[0].pricingPlans[1].visualElements[12].key", "duration"): Verify element property value successfully

2023-10-16 14:16:44 - [MESSAGE][PASSED] - Verify element property value successfully

2023-10-16 14:16:44 - [TEST_STEP][PASSED] - verifyElementPropertyValue(getResponse, "groups[0].pricingPlans[1].visualElements[12].value", "Annuel"): Verify element property value successfully

2023-10-16 14:16:44 - [MESSAGE][PASSED] - Verify element property value successfully

2023-10-16 14:16:44 - [TEST_STEP][PASSED] - verifyElementPropertyValue(getResponse, "groups[0].pricingPlans[1].order", "5"): Verify element property value successfully

2023-10-16 14:16:44 - [MESSAGE][PASSED] - Verify element property value successfully

2023-10-16 14:16:44 - [TEST_STEP][PASSED] - verifyElementPropertyValue(getResponse, "groups[0].pricingPlans[1].period", "yearly"): Verify element property value successfully

2023-10-16 14:16:44 - [MESSAGE][PASSED] - Verify element property value successfully

2023-10-16 14:16:44 - [TEST_STEP][PASSED] - verifyElementPropertyValue(getResponse, "groups[0].pricingPlans[1].price", "59.99"): Verify element property value successfully

2023-10-16 14:16:44 - [MESSAGE][PASSED] - Verify element property value successfully

2023-10-16 14:16:44 - [TEST_STEP][PASSED] - verifyElementPropertyValue(getResponse, "groups[0].pricingPlans[1].currency", "USD"): Verify element property value successfully

2023-10-16 14:16:44 - [MESSAGE][PASSED] - Verify element property value successfully

2023-10-16 14:16:44 - [TEST_STEP][PASSED] - verifyElementPropertyValue(getResponse, "groups[0].pricingPlans[1].pricingPlanData[0].productId", "LBN_B2C_SHAHID_VIP_SPORT_12M"): Verify element property value successfully

2023-10-16 14:16:44 - [MESSAGE][PASSED] - Verify element property value successfully

2023-10-16 14:16:44 - [TEST_STEP][PASSED] - verifyElementPropertyValue(getResponse, "groups[0].pricingPlans[1].pricingPlanData[0].subPricingPlanIds", "null"): Verify element property value successfully

2023-10-16 14:16:44 - [MESSAGE][PASSED] - Verify element property value successfully

2023-10-16 14:16:44 - [TEST_STEP][PASSED] - verifyElementPropertyValue(getResponse, "groups[0].pricingPlans[1].pricingPlanData[0].paymentMethod", "CREDIT_CARD"): Verify element property value successfully

2023-10-16 14:16:44 - [MESSAGE][PASSED] - Verify element property value successfully

2023-10-16 14:16:44 - [TEST_STEP][PASSED] - verifyElementPropertyValue(getResponse, "groups[0].pricingPlans[1].pricingPlanData[0].freeTrialEnabled", "false"): Verify element property value successfully

2023-10-16 14:16:44 - [MESSAGE][PASSED] - Verify element property value successfully

2023-10-16 14:16:44 - [TEST_STEP][PASSED] - verifyElementPropertyValue(getResponse, "groups[0].pricingPlans[1].pricingPlanData[0].visualElements[0].key", "title"): Verify element property value successfully

2023-10-16 14:16:45 - [MESSAGE][PASSED] - Verify element property value successfully

2023-10-16 14:16:45 - [TEST_STEP][PASSED] - verifyElementPropertyValue(getResponse, "groups[0].pricingPlans[1].pricingPlanData[0].visualElements[0].value", "Carte de crédit/débit"): Verify element property value successfully

2023-10-16 14:16:45 - [MESSAGE][PASSED] - Verify element property value successfully

2023-10-16 14:16:45 - [TEST_STEP][PASSED] - verifyElementPropertyValue(getResponse, "groups[0].pricingPlans[1].pricingPlanData[0].visualElements[1].key", "CTA_text"): Verify element property value successfully

2023-10-16 14:16:45 - [MESSAGE][PASSED] - Verify element property value successfully

2023-10-16 14:16:45 - [TEST_STEP][PASSED] - verifyElementPropertyValue(getResponse, "groups[0].pricingPlans[1].pricingPlanData[0].visualElements[1].value", "S'abonner"): Verify element property value successfully

2023-10-16 14:16:45 - [MESSAGE][PASSED] - Verify element property value successfully

2023-10-16 14:16:45 - [TEST_STEP][PASSED] - verifyElementPropertyValue(getResponse, "groups[0].pricingPlans[1].pricingPlanData[0].visualElements[2].key", "logo"): Verify element property value successfully

2023-10-16 14:16:45 - [MESSAGE][PASSED] - Verify element property value successfully

2023-10-16 14:16:45 - [TEST_STEP][PASSED] - verifyElementPropertyValue(getResponse, "groups[0].pricingPlans[1].pricingPlanData[0].visualElements[2].value", "https://static.s3.shahid.mbc.net/widget-images/icons/iconCreditCard.png"): Verify element property value successfully

2023-10-16 14:16:45 - [MESSAGE][PASSED] - Verify element property value successfully

2023-10-16 14:16:45 - [TEST_STEP][PASSED] - verifyElementPropertyValue(getResponse, "groups[0].pricingPlans[1].pricingPlanData[0].priceLabel", "59.99"): Verify element property value successfully

2023-10-16 14:16:45 - [MESSAGE][PASSED] - Verify element property value successfully

2023-10-16 14:16:45 - [TEST_STEP][PASSED] - verifyElementPropertyValue(getResponse, "groups[0].pricingPlans[1].pricingPlanData[0].currencyLabel", "$"): Verify element property value successfully

2023-10-16 14:16:45 - [MESSAGE][PASSED] - Verify element property value successfully

2023-10-16 14:16:45 - [TEST_STEP][PASSED] - verifyElementPropertyValue(getResponse, "groups[0].pricingPlans[1].pricingPlanData[0].allowedForAcquisition", "true"): Verify element property value successfully

2023-10-16 14:16:45 - [MESSAGE][PASSED] - Verify element property value successfully

2023-10-16 14:16:45 - [TEST_STEP][PASSED] - verifyElementPropertyValue(getResponse, "groups[0].pricingPlans[1].pricingPlanData[0].showIn[0]", "VERTICAL_MODE"): Verify element property value successfully

2023-10-16 14:16:45 - [MESSAGE][PASSED] - Verify element property value successfully

2023-10-16 14:16:45 - [TEST_STEP][PASSED] - verifyElementPropertyValue(getResponse, "groups[0].pricingPlans[1].pricingPlanData[0].showIn[1]", "HORIZONTAL_MODE"): Verify element property value successfully

2023-10-16 14:16:45 - [MESSAGE][PASSED] - Verify element property value successfully

2023-10-16 14:16:45 - [TEST_STEP][PASSED] - verifyElementPropertyValue(getResponse, "visualElements[0].key", "main_CTA_text_1"): Verify element property value successfully

2023-10-16 14:16:45 - [MESSAGE][PASSED] - Verify element property value successfully

2023-10-16 14:16:45 - [TEST_STEP][PASSED] - verifyElementPropertyValue(getResponse, "visualElements[0].value", "Abonnez-vous dès maintenant et profitez de vos programmes sans publicité"): Verify element property value successfully

2023-10-16 14:16:45 - [MESSAGE][PASSED] - Verify element property value successfully

2023-10-16 14:16:45 - [TEST_STEP][PASSED] - verifyElementPropertyValue(getResponse, "visualElements[2].key", "main_disclaimer_text"): Verify element property value successfully

2023-10-16 14:16:45 - [MESSAGE][PASSED] - Verify element property value successfully

2023-10-16 14:16:45 - [TEST_STEP][PASSED] - verifyElementPropertyValue(getResponse, "visualElements[2].value", "Les frais d'abonnement peuvent varier selon le pays, le moyen de paiement, le forfait, les taxes, les taux de change et les frais bancaires. Les conditions générales d'utilisation s'appliquent."): Verify element property value successfully

2023-10-16 14:16:45 - [MESSAGE][PASSED] - Verify element property value successfully

2023-10-16 14:16:45 - [TEST_STEP][PASSED] - verifyElementPropertyValue(getResponse, "visualElements[4].key", "display_type"): Verify element property value successfully

2023-10-16 14:16:45 - [MESSAGE][PASSED] - Verify element property value successfully

2023-10-16 14:16:45 - [TEST_STEP][PASSED] - verifyElementPropertyValue(getResponse, "visualElements[4].value", "vertical"): Verify element property value successfully

2023-10-16 14:16:45 - [MESSAGE][PASSED] - Verify element property value successfully

2023-10-16 14:16:45 - [TEST_STEP][PASSED] - verifyElementPropertyValue(getResponse, "pages[0].visualElements[0].key", "alternative_payment_title"): Verify element property value successfully

2023-10-16 14:16:45 - [MESSAGE][PASSED] - Verify element property value successfully

2023-10-16 14:16:45 - [TEST_STEP][FAILED] - verifyElementPropertyValue(getResponse, "pages[0].visualElements[0].value", "Ou choisissez l’un des autres moyens de paiement suivants"): Expected element property value 'Ou choisissez l’un des autres moyens de paiement suivants' is not equal with actual property value 'Ou choisissez l'un des autres moyens de paiement suivants'

2023-10-16 14:16:45 - [MESSAGE][FAILED] - Expected element property value 'Ou choisissez l’un des autres moyens de paiement suivants' is not equal with actual property value 'Ou choisissez l'un des autres moyens de paiement suivants'

2023-10-16 14:16:45 - [TEST_STEP][PASSED] - verifyElementPropertyValue(getResponse, "pages[0].visualElements[1].key", "label_text"): Verify element property value successfully

2023-10-16 14:16:45 - [MESSAGE][PASSED] - Verify element property value successfully

2023-10-16 14:16:45 - [TEST_STEP][PASSED] - verifyElementPropertyValue(getResponse, "pages[0].visualElements[1].value", "Autres moyens de paiement"): Verify element property value successfully

2023-10-16 14:16:45 - [MESSAGE][PASSED] - Verify element property value successfully

2023-10-16 14:16:45 - [TEST_STEP][PASSED] - verifyElementPropertyValue(getResponse, "pages[0].visualElements[3].key", "CTA_text"): Verify element property value successfully

2023-10-16 14:16:45 - [MESSAGE][PASSED] - Verify element property value successfully

2023-10-16 14:16:45 - [TEST_STEP][PASSED] - verifyElementPropertyValue(getResponse, "pages[0].visualElements[3].value", "Cliquez ici"): Verify element property value successfully

2023-10-16 14:16:45 - [MESSAGE][PASSED] - Verify element property value successfully

2023-10-16 14:16:45 - [TEST_STEP][PASSED] - verifyElementPropertyValue(getResponse, "pages[0].visualElements[4].key", "main_title"): Verify element property value successfully

2023-10-16 14:16:45 - [MESSAGE][PASSED] - Verify element property value successfully

2023-10-16 14:16:45 - [TEST_STEP][PASSED] - verifyElementPropertyValue(getResponse, "pages[0].visualElements[4].value", "Autres moyens de paiement"): Verify element property value successfully

2023-10-16 14:16:45 - [MESSAGE][PASSED] - Verify element property value successfully

2023-10-16 14:16:45 - [TEST_STEP][PASSED] - verifyElementPropertyValue(getResponse, "pages[0].visualElements[6].key", "alternative_payment_methods"): Verify element property value successfully

2023-10-16 14:16:45 - [MESSAGE][PASSED] - Verify element property value successfully

2023-10-16 14:16:45 - [TEST_STEP][PASSED] - verifyElementPropertyValue(getResponse, "pages[0].visualElements[6].value", "Vous pouvez vous procurer un code promo Shahid auprès de l'un des points de vente suivants"): Verify element property value successfully

2023-10-16 14:16:45 - [MESSAGE][PASSED] - Verify element property value successfully

2023-10-16 14:16:45 - [TEST_STEP][PASSED] - verifyElementPropertyValue(getResponse, "defaultPackageId", "SHAHID_VIP"): Verify element property value successfully

2023-10-16 14:16:45 - [MESSAGE][PASSED] - Verify element property value successfully]]></system-out>
         <system-err><![CDATA[2023-10-16 14:16:42 - [TEST_CASE][FAILED] - Test Cases/WEB - CHROME/LBN PI/WEB_FR_getSubscriptionConfigForLBN_SPORT: Test Cases/WEB - CHROME/LBN PI/WEB_FR_getSubscriptionConfigForLBN_SPORT FAILED.
Reason:
com.kms.katalon.core.exception.StepFailedException: Expected element property value 'Plan Annuel' is not equal with actual property value 'Plan Annuel ​'
	at com.kms.katalon.core.keyword.internal.KeywordMain.stepFailed(KeywordMain.groovy:39)
	at com.kms.katalon.core.webservice.keyword.builtin.VerifyElementPropertyValueKeyword$_verifyElementPropertyValue_closure1.doCall(VerifyElementPropertyValueKeyword.groovy:56)
	at com.kms.katalon.core.webservice.keyword.builtin.VerifyElementPropertyValueKeyword$_verifyElementPropertyValue_closure1.call(VerifyElementPropertyValueKeyword.groovy)
	at com.kms.katalon.core.keyword.internal.KeywordMain.runKeyword(KeywordMain.groovy:75)
	at com.kms.katalon.core.webservice.keyword.builtin.VerifyElementPropertyValueKeyword.verifyElementPropertyValue(VerifyElementPropertyValueKeyword.groovy:48)
	at com.kms.katalon.core.webservice.keyword.builtin.VerifyElementPropertyValueKeyword.execute(VerifyElementPropertyValueKeyword.groovy:43)
	at com.kms.katalon.core.keyword.internal.KeywordExecutor.executeKeywordForPlatform(KeywordExecutor.groovy:74)
	at com.kms.katalon.core.webservice.keyword.WSBuiltInKeywords.verifyElementPropertyValue(WSBuiltInKeywords.groovy:190)
	at com.kms.katalon.core.webservice.keyword.WSBuiltInKeywords$verifyElementPropertyValue$1.call(Unknown Source)
	at WEB_FR_getSubscriptionConfigForLBN_SPORT.run(WEB_FR_getSubscriptionConfigForLBN_SPORT:101)
	at com.kms.katalon.core.main.ScriptEngine.run(ScriptEngine.java:194)
	at com.kms.katalon.core.main.ScriptEngine.runScriptAsRawText(ScriptEngine.java:119)
	at com.kms.katalon.core.main.TestCaseExecutor.runScript(TestCaseExecutor.java:448)
	at com.kms.katalon.core.main.TestCaseExecutor.doExecute(TestCaseExecutor.java:439)
	at com.kms.katalon.core.main.TestCaseExecutor.processExecutionPhase(TestCaseExecutor.java:418)
	at com.kms.katalon.core.main.TestCaseExecutor.accessMainPhase(TestCaseExecutor.java:410)
	at com.kms.katalon.core.main.TestCaseExecutor.execute(TestCaseExecutor.java:285)
	at com.kms.katalon.core.common.CommonExecutor.accessTestCaseMainPhase(CommonExecutor.java:65)
	at com.kms.katalon.core.main.TestSuiteExecutor.accessTestSuiteMainPhase(TestSuiteExecutor.java:148)
	at com.kms.katalon.core.main.TestSuiteExecutor.execute(TestSuiteExecutor.java:106)
	at com.kms.katalon.core.main.TestCaseMain.startTestSuite(TestCaseMain.java:187)
	at com.kms.katalon.core.main.TestCaseMain$startTestSuite$0.call(Unknown Source)
	at TempTestSuite1697454215032.run(TempTestSuite1697454215032.groovy:36)]]></system-err>
      </testcase>
      <testcase name="Test Cases/WEB - CHROME/LBN PI/WEB_EN_getSubscriptionConfigForLBN_GEA" time="1.937" classname="Test Cases/WEB - CHROME/LBN PI/WEB_EN_getSubscriptionConfigForLBN_GEA" status="FAILED">
         <failure type="FAILED" message="Test Cases/WEB - CHROME/LBN PI/WEB_EN_getSubscriptionConfigForLBN_GEA FAILED.
Reason:
com.kms.katalon.core.exception.StepFailedException: Expected element property value 'Other Payment Methods' is not equal with actual property value 'Other payment methods'
	at com.kms.katalon.core.keyword.internal.KeywordMain.stepFailed(KeywordMain.groovy:39)
	at com.kms.katalon.core.webservice.keyword.builtin.VerifyElementPropertyValueKeyword$_verifyElementPropertyValue_closure1.doCall(VerifyElementPropertyValueKeyword.groovy:56)
	at com.kms.katalon.core.webservice.keyword.builtin.VerifyElementPropertyValueKeyword$_verifyElementPropertyValue_closure1.call(VerifyElementPropertyValueKeyword.groovy)
	at com.kms.katalon.core.keyword.internal.KeywordMain.runKeyword(KeywordMain.groovy:75)
	at com.kms.katalon.core.webservice.keyword.builtin.VerifyElementPropertyValueKeyword.verifyElementPropertyValue(VerifyElementPropertyValueKeyword.groovy:48)
	at com.kms.katalon.core.webservice.keyword.builtin.VerifyElementPropertyValueKeyword.execute(VerifyElementPropertyValueKeyword.groovy:43)
	at com.kms.katalon.core.keyword.internal.KeywordExecutor.executeKeywordForPlatform(KeywordExecutor.groovy:74)
	at com.kms.katalon.core.webservice.keyword.WSBuiltInKeywords.verifyElementPropertyValue(WSBuiltInKeywords.groovy:190)
	at com.kms.katalon.core.webservice.keyword.WSBuiltInKeywords$verifyElementPropertyValue$1.call(Unknown Source)
	at WEB_EN_getSubscriptionConfigForLBN_GEA.run(WEB_EN_getSubscriptionConfigForLBN_GEA:152)
	at com.kms.katalon.core.main.ScriptEngine.run(ScriptEngine.java:194)
	at com.kms.katalon.core.main.ScriptEngine.runScriptAsRawText(ScriptEngine.java:119)
	at com.kms.katalon.core.main.TestCaseExecutor.runScript(TestCaseExecutor.java:448)
	at com.kms.katalon.core.main.TestCaseExecutor.doExecute(TestCaseExecutor.java:439)
	at com.kms.katalon.core.main.TestCaseExecutor.processExecutionPhase(TestCaseExecutor.java:418)
	at com.kms.katalon.core.main.TestCaseExecutor.accessMainPhase(TestCaseExecutor.java:410)
	at com.kms.katalon.core.main.TestCaseExecutor.execute(TestCaseExecutor.java:285)
	at com.kms.katalon.core.common.CommonExecutor.accessTestCaseMainPhase(CommonExecutor.java:65)
	at com.kms.katalon.core.main.TestSuiteExecutor.accessTestSuiteMainPhase(TestSuiteExecutor.java:148)
	at com.kms.katalon.core.main.TestSuiteExecutor.execute(TestSuiteExecutor.java:106)
	at com.kms.katalon.core.main.TestCaseMain.startTestSuite(TestCaseMain.java:187)
	at com.kms.katalon.core.main.TestCaseMain$startTestSuite$0.call(Unknown Source)
	at TempTestSuite1697454215032.run(TempTestSuite1697454215032.groovy:36)
"/>
         <system-out><![CDATA[2023-10-16 14:16:45 - [TEST_CASE][FAILED] - Test Cases/WEB - CHROME/LBN PI/WEB_EN_getSubscriptionConfigForLBN_GEA: Test Cases/WEB - CHROME/LBN PI/WEB_EN_getSubscriptionConfigForLBN_GEA FAILED.
Reason:
com.kms.katalon.core.exception.StepFailedException: Expected element property value 'Other Payment Methods' is not equal with actual property value 'Other payment methods'
	at com.kms.katalon.core.keyword.internal.KeywordMain.stepFailed(KeywordMain.groovy:39)
	at com.kms.katalon.core.webservice.keyword.builtin.VerifyElementPropertyValueKeyword$_verifyElementPropertyValue_closure1.doCall(VerifyElementPropertyValueKeyword.groovy:56)
	at com.kms.katalon.core.webservice.keyword.builtin.VerifyElementPropertyValueKeyword$_verifyElementPropertyValue_closure1.call(VerifyElementPropertyValueKeyword.groovy)
	at com.kms.katalon.core.keyword.internal.KeywordMain.runKeyword(KeywordMain.groovy:75)
	at com.kms.katalon.core.webservice.keyword.builtin.VerifyElementPropertyValueKeyword.verifyElementPropertyValue(VerifyElementPropertyValueKeyword.groovy:48)
	at com.kms.katalon.core.webservice.keyword.builtin.VerifyElementPropertyValueKeyword.execute(VerifyElementPropertyValueKeyword.groovy:43)
	at com.kms.katalon.core.keyword.internal.KeywordExecutor.executeKeywordForPlatform(KeywordExecutor.groovy:74)
	at com.kms.katalon.core.webservice.keyword.WSBuiltInKeywords.verifyElementPropertyValue(WSBuiltInKeywords.groovy:190)
	at com.kms.katalon.core.webservice.keyword.WSBuiltInKeywords$verifyElementPropertyValue$1.call(Unknown Source)
	at WEB_EN_getSubscriptionConfigForLBN_GEA.run(WEB_EN_getSubscriptionConfigForLBN_GEA:152)
	at com.kms.katalon.core.main.ScriptEngine.run(ScriptEngine.java:194)
	at com.kms.katalon.core.main.ScriptEngine.runScriptAsRawText(ScriptEngine.java:119)
	at com.kms.katalon.core.main.TestCaseExecutor.runScript(TestCaseExecutor.java:448)
	at com.kms.katalon.core.main.TestCaseExecutor.doExecute(TestCaseExecutor.java:439)
	at com.kms.katalon.core.main.TestCaseExecutor.processExecutionPhase(TestCaseExecutor.java:418)
	at com.kms.katalon.core.main.TestCaseExecutor.accessMainPhase(TestCaseExecutor.java:410)
	at com.kms.katalon.core.main.TestCaseExecutor.execute(TestCaseExecutor.java:285)
	at com.kms.katalon.core.common.CommonExecutor.accessTestCaseMainPhase(CommonExecutor.java:65)
	at com.kms.katalon.core.main.TestSuiteExecutor.accessTestSuiteMainPhase(TestSuiteExecutor.java:148)
	at com.kms.katalon.core.main.TestSuiteExecutor.execute(TestSuiteExecutor.java:106)
	at com.kms.katalon.core.main.TestCaseMain.startTestSuite(TestCaseMain.java:187)
	at com.kms.katalon.core.main.TestCaseMain$startTestSuite$0.call(Unknown Source)
	at TempTestSuite1697454215032.run(TempTestSuite1697454215032.groovy:36)


2023-10-16 14:16:45 - [TEST_STEP][PASSED] - getResponse = config_files.getConfigFile.getConfig("WEB", "EN", "SHAHID_VIP_GEA", "LB", "false"): config_files.getConfigFile.getConfig is PASSED

2023-10-16 14:16:46 - [MESSAGE][INFO] - HAR: /Users/admin/git/shahid-configuration/Reports/20231016_140310/WEB/LBN/20231016_140335/requests/main/1.har

2023-10-16 14:16:46 - [MESSAGE][PASSED] - Send request successfully

2023-10-16 14:16:46 - [MESSAGE][PASSED] - config_files.getConfigFile.getConfig is PASSED

2023-10-16 14:16:46 - [TEST_STEP][PASSED] - verifyResponseStatusCode(getResponse, 200): Verify response status code successfully

2023-10-16 14:16:46 - [MESSAGE][PASSED] - Verify response status code successfully

2023-10-16 14:16:46 - [TEST_STEP][PASSED] - verifyElementPropertyValue(getResponse, "country", "LBN"): Verify element property value successfully

2023-10-16 14:16:46 - [MESSAGE][PASSED] - Verify element property value successfully

2023-10-16 14:16:46 - [TEST_STEP][PASSED] - verifyElementPropertyValue(getResponse, "platform", "[WEB]"): Verify element property value successfully

2023-10-16 14:16:46 - [MESSAGE][PASSED] - Verify element property value successfully

2023-10-16 14:16:46 - [TEST_STEP][PASSED] - verifyElementPropertyValue(getResponse, "groups[0].pricingPlans[1].featured", "true"): Verify element property value successfully

2023-10-16 14:16:46 - [MESSAGE][PASSED] - Verify element property value successfully

2023-10-16 14:16:46 - [TEST_STEP][PASSED] - verifyElementPropertyValue(getResponse, "groups[0].pricingPlans[1].packageId", "SHAHID_VIP_GEA"): Verify element property value successfully

2023-10-16 14:16:46 - [MESSAGE][PASSED] - Verify element property value successfully

2023-10-16 14:16:46 - [TEST_STEP][PASSED] - verifyElementPropertyValue(getResponse, "groups[0].pricingPlans[1].catalogId", "GEA"): Verify element property value successfully

2023-10-16 14:16:46 - [MESSAGE][PASSED] - Verify element property value successfully

2023-10-16 14:16:46 - [TEST_STEP][PASSED] - verifyElementPropertyValue(getResponse, "groups[0].pricingPlans[1].visualElements[0].key", "Header_1_text"): Verify element property value successfully

2023-10-16 14:16:46 - [MESSAGE][PASSED] - Verify element property value successfully

2023-10-16 14:16:46 - [TEST_STEP][PASSED] - verifyElementPropertyValue(getResponse, "groups[0].pricingPlans[1].visualElements[0].value", "Watch the most powerful series and movies exclusively without stopping"): Verify element property value successfully

2023-10-16 14:16:46 - [MESSAGE][PASSED] - Verify element property value successfully

2023-10-16 14:16:46 - [TEST_STEP][PASSED] - verifyElementPropertyValue(getResponse, "groups[0].pricingPlans[1].visualElements[1].key", "display_title"): Verify element property value successfully

2023-10-16 14:16:46 - [MESSAGE][PASSED] - Verify element property value successfully

2023-10-16 14:16:46 - [TEST_STEP][PASSED] - verifyElementPropertyValue(getResponse, "groups[0].pricingPlans[1].visualElements[1].value", "Monthly Plan"): Verify element property value successfully

2023-10-16 14:16:46 - [MESSAGE][PASSED] - Verify element property value successfully

2023-10-16 14:16:46 - [TEST_STEP][PASSED] - verifyElementPropertyValue(getResponse, "groups[0].pricingPlans[1].visualElements[3].key", "promo_text"): Verify element property value successfully

2023-10-16 14:16:46 - [MESSAGE][PASSED] - Verify element property value successfully

2023-10-16 14:16:46 - [TEST_STEP][PASSED] - verifyElementPropertyValue(getResponse, "groups[0].pricingPlans[1].visualElements[3].value", "7.49 USD / month"): Verify element property value successfully

2023-10-16 14:16:46 - [MESSAGE][PASSED] - Verify element property value successfully

2023-10-16 14:16:46 - [TEST_STEP][PASSED] - verifyElementPropertyValue(getResponse, "groups[0].pricingPlans[1].visualElements[4].key", "deduction_text"): Verify element property value successfully

2023-10-16 14:16:46 - [MESSAGE][PASSED] - Verify element property value successfully

2023-10-16 14:16:46 - [TEST_STEP][PASSED] - verifyElementPropertyValue(getResponse, "groups[0].pricingPlans[1].visualElements[4].value", "billed every month"): Verify element property value successfully

2023-10-16 14:16:46 - [MESSAGE][PASSED] - Verify element property value successfully

2023-10-16 14:16:46 - [TEST_STEP][PASSED] - verifyElementPropertyValue(getResponse, "groups[0].pricingPlans[1].visualElements[7].key", "show_payment_logo"): Verify element property value successfully

2023-10-16 14:16:46 - [MESSAGE][PASSED] - Verify element property value successfully

2023-10-16 14:16:46 - [TEST_STEP][PASSED] - verifyElementPropertyValue(getResponse, "groups[0].pricingPlans[1].visualElements[7].value", "true"): Verify element property value successfully

2023-10-16 14:16:46 - [MESSAGE][PASSED] - Verify element property value successfully

2023-10-16 14:16:46 - [TEST_STEP][PASSED] - verifyElementPropertyValue(getResponse, "groups[0].pricingPlans[1].visualElements[8].key", "show_tag"): Verify element property value successfully

2023-10-16 14:16:46 - [MESSAGE][PASSED] - Verify element property value successfully

2023-10-16 14:16:46 - [TEST_STEP][PASSED] - verifyElementPropertyValue(getResponse, "groups[0].pricingPlans[1].visualElements[8].value", "false"): Verify element property value successfully

2023-10-16 14:16:46 - [MESSAGE][PASSED] - Verify element property value successfully

2023-10-16 14:16:46 - [TEST_STEP][PASSED] - verifyElementPropertyValue(getResponse, "groups[0].pricingPlans[1].visualElements[10].key", "price"): Verify element property value successfully

2023-10-16 14:16:46 - [MESSAGE][PASSED] - Verify element property value successfully

2023-10-16 14:16:46 - [TEST_STEP][PASSED] - verifyElementPropertyValue(getResponse, "groups[0].pricingPlans[1].visualElements[10].value", "7.49"): Verify element property value successfully

2023-10-16 14:16:46 - [MESSAGE][PASSED] - Verify element property value successfully

2023-10-16 14:16:46 - [TEST_STEP][PASSED] - verifyElementPropertyValue(getResponse, "groups[0].pricingPlans[1].visualElements[11].key", "currency"): Verify element property value successfully

2023-10-16 14:16:46 - [MESSAGE][PASSED] - Verify element property value successfully

2023-10-16 14:16:46 - [TEST_STEP][PASSED] - verifyElementPropertyValue(getResponse, "groups[0].pricingPlans[1].visualElements[11].value", "USD"): Verify element property value successfully

2023-10-16 14:16:46 - [MESSAGE][PASSED] - Verify element property value successfully

2023-10-16 14:16:46 - [TEST_STEP][PASSED] - verifyElementPropertyValue(getResponse, "groups[0].pricingPlans[1].visualElements[12].key", "duration"): Verify element property value successfully

2023-10-16 14:16:46 - [MESSAGE][PASSED] - Verify element property value successfully

2023-10-16 14:16:46 - [TEST_STEP][PASSED] - verifyElementPropertyValue(getResponse, "groups[0].pricingPlans[1].visualElements[12].value", "Monthly"): Verify element property value successfully

2023-10-16 14:16:46 - [MESSAGE][PASSED] - Verify element property value successfully

2023-10-16 14:16:46 - [TEST_STEP][PASSED] - verifyElementPropertyValue(getResponse, "groups[0].pricingPlans[1].visualElements[13].key", "featured_tag_text"): Verify element property value successfully

2023-10-16 14:16:46 - [MESSAGE][PASSED] - Verify element property value successfully

2023-10-16 14:16:46 - [TEST_STEP][PASSED] - verifyElementPropertyValue(getResponse, "groups[0].pricingPlans[1].visualElements[13].value", "Most popular"): Verify element property value successfully

2023-10-16 14:16:46 - [MESSAGE][PASSED] - Verify element property value successfully

2023-10-16 14:16:46 - [TEST_STEP][PASSED] - verifyElementPropertyValue(getResponse, "groups[0].pricingPlans[1].order", "6"): Verify element property value successfully

2023-10-16 14:16:46 - [MESSAGE][PASSED] - Verify element property value successfully

2023-10-16 14:16:46 - [TEST_STEP][PASSED] - verifyElementPropertyValue(getResponse, "groups[0].pricingPlans[1].period", "monthly"): Verify element property value successfully

2023-10-16 14:16:46 - [MESSAGE][PASSED] - Verify element property value successfully

2023-10-16 14:16:46 - [TEST_STEP][PASSED] - verifyElementPropertyValue(getResponse, "groups[0].pricingPlans[1].price", "7.49"): Verify element property value successfully

2023-10-16 14:16:46 - [MESSAGE][PASSED] - Verify element property value successfully

2023-10-16 14:16:46 - [TEST_STEP][PASSED] - verifyElementPropertyValue(getResponse, "groups[0].pricingPlans[1].currency", "USD"): Verify element property value successfully

2023-10-16 14:16:46 - [MESSAGE][PASSED] - Verify element property value successfully

2023-10-16 14:16:46 - [TEST_STEP][PASSED] - verifyElementPropertyValue(getResponse, "groups[0].pricingPlans[1].pricingPlanData[0].productId", "LBN_B2C_SHAHID_VIP_GEA_1M"): Verify element property value successfully

2023-10-16 14:16:46 - [MESSAGE][PASSED] - Verify element property value successfully

2023-10-16 14:16:46 - [TEST_STEP][PASSED] - verifyElementPropertyValue(getResponse, "groups[0].pricingPlans[1].pricingPlanData[0].subPricingPlanIds", "null"): Verify element property value successfully

2023-10-16 14:16:46 - [MESSAGE][PASSED] - Verify element property value successfully

2023-10-16 14:16:46 - [TEST_STEP][PASSED] - verifyElementPropertyValue(getResponse, "groups[0].pricingPlans[1].pricingPlanData[0].paymentMethod", "CREDIT_CARD"): Verify element property value successfully

2023-10-16 14:16:46 - [MESSAGE][PASSED] - Verify element property value successfully

2023-10-16 14:16:46 - [TEST_STEP][PASSED] - verifyElementPropertyValue(getResponse, "groups[0].pricingPlans[1].pricingPlanData[0].freeTrialEnabled", "false"): Verify element property value successfully

2023-10-16 14:16:46 - [MESSAGE][PASSED] - Verify element property value successfully

2023-10-16 14:16:46 - [TEST_STEP][PASSED] - verifyElementPropertyValue(getResponse, "groups[0].pricingPlans[1].pricingPlanData[0].visualElements[0].key", "title"): Verify element property value successfully

2023-10-16 14:16:46 - [MESSAGE][PASSED] - Verify element property value successfully

2023-10-16 14:16:46 - [TEST_STEP][PASSED] - verifyElementPropertyValue(getResponse, "groups[0].pricingPlans[1].pricingPlanData[0].visualElements[0].value", "Credit/Debit Card"): Verify element property value successfully

2023-10-16 14:16:46 - [MESSAGE][PASSED] - Verify element property value successfully

2023-10-16 14:16:46 - [TEST_STEP][PASSED] - verifyElementPropertyValue(getResponse, "groups[0].pricingPlans[1].pricingPlanData[0].visualElements[1].key", "CTA_text"): Verify element property value successfully

2023-10-16 14:16:46 - [MESSAGE][PASSED] - Verify element property value successfully

2023-10-16 14:16:46 - [TEST_STEP][PASSED] - verifyElementPropertyValue(getResponse, "groups[0].pricingPlans[1].pricingPlanData[0].visualElements[1].value", "Subscribe"): Verify element property value successfully

2023-10-16 14:16:46 - [MESSAGE][PASSED] - Verify element property value successfully

2023-10-16 14:16:46 - [TEST_STEP][PASSED] - verifyElementPropertyValue(getResponse, "groups[0].pricingPlans[1].pricingPlanData[0].visualElements[2].key", "logo"): Verify element property value successfully

2023-10-16 14:16:46 - [MESSAGE][PASSED] - Verify element property value successfully

2023-10-16 14:16:46 - [TEST_STEP][PASSED] - verifyElementPropertyValue(getResponse, "groups[0].pricingPlans[1].pricingPlanData[0].visualElements[2].value", "https://static.s3.shahid.mbc.net/widget-images/icons/iconCreditCard.png"): Verify element property value successfully

2023-10-16 14:16:46 - [MESSAGE][PASSED] - Verify element property value successfully

2023-10-16 14:16:46 - [TEST_STEP][PASSED] - verifyElementPropertyValue(getResponse, "groups[0].pricingPlans[1].pricingPlanData[0].priceLabel", "7.49"): Verify element property value successfully

2023-10-16 14:16:46 - [MESSAGE][PASSED] - Verify element property value successfully

2023-10-16 14:16:46 - [TEST_STEP][PASSED] - verifyElementPropertyValue(getResponse, "groups[0].pricingPlans[1].pricingPlanData[0].currencyLabel", "$"): Verify element property value successfully

2023-10-16 14:16:46 - [MESSAGE][PASSED] - Verify element property value successfully

2023-10-16 14:16:46 - [TEST_STEP][PASSED] - verifyElementPropertyValue(getResponse, "groups[0].pricingPlans[1].pricingPlanData[0].allowedForAcquisition", "true"): Verify element property value successfully

2023-10-16 14:16:46 - [MESSAGE][PASSED] - Verify element property value successfully

2023-10-16 14:16:46 - [TEST_STEP][PASSED] - verifyElementPropertyValue(getResponse, "groups[0].pricingPlans[0].featured", "false"): Verify element property value successfully

2023-10-16 14:16:46 - [MESSAGE][PASSED] - Verify element property value successfully

2023-10-16 14:16:46 - [TEST_STEP][PASSED] - verifyElementPropertyValue(getResponse, "groups[0].pricingPlans[0].packageId", "SHAHID_VIP_GEA"): Verify element property value successfully

2023-10-16 14:16:46 - [MESSAGE][PASSED] - Verify element property value successfully

2023-10-16 14:16:46 - [TEST_STEP][PASSED] - verifyElementPropertyValue(getResponse, "groups[0].pricingPlans[0].catalogId", "GEA"): Verify element property value successfully

2023-10-16 14:16:46 - [MESSAGE][PASSED] - Verify element property value successfully

2023-10-16 14:16:46 - [TEST_STEP][PASSED] - verifyElementPropertyValue(getResponse, "groups[0].pricingPlans[0].visualElements[0].key", "Header_1_text"): Verify element property value successfully

2023-10-16 14:16:46 - [MESSAGE][PASSED] - Verify element property value successfully

2023-10-16 14:16:46 - [TEST_STEP][PASSED] - verifyElementPropertyValue(getResponse, "groups[0].pricingPlans[0].visualElements[0].value", "Watch the most powerful series and movies exclusively without stopping"): Verify element property value successfully

2023-10-16 14:16:46 - [MESSAGE][PASSED] - Verify element property value successfully

2023-10-16 14:16:46 - [TEST_STEP][PASSED] - verifyElementPropertyValue(getResponse, "groups[0].pricingPlans[0].visualElements[1].key", "display_title"): Verify element property value successfully

2023-10-16 14:16:46 - [MESSAGE][PASSED] - Verify element property value successfully

2023-10-16 14:16:46 - [TEST_STEP][PASSED] - verifyElementPropertyValue(getResponse, "groups[0].pricingPlans[0].visualElements[1].value", "Annual Plan"): Verify element property value successfully

2023-10-16 14:16:46 - [MESSAGE][PASSED] - Verify element property value successfully

2023-10-16 14:16:46 - [TEST_STEP][PASSED] - verifyElementPropertyValue(getResponse, "groups[0].pricingPlans[0].visualElements[2].key", "tag_text"): Verify element property value successfully

2023-10-16 14:16:46 - [MESSAGE][PASSED] - Verify element property value successfully

2023-10-16 14:16:46 - [TEST_STEP][PASSED] - verifyElementPropertyValue(getResponse, "groups[0].pricingPlans[0].visualElements[2].value", "Save 31%"): Verify element property value successfully

2023-10-16 14:16:46 - [MESSAGE][PASSED] - Verify element property value successfully

2023-10-16 14:16:46 - [TEST_STEP][PASSED] - verifyElementPropertyValue(getResponse, "groups[0].pricingPlans[0].visualElements[3].key", "promo_text"): Verify element property value successfully

2023-10-16 14:16:46 - [MESSAGE][PASSED] - Verify element property value successfully

2023-10-16 14:16:46 - [TEST_STEP][PASSED] - verifyElementPropertyValue(getResponse, "groups[0].pricingPlans[0].visualElements[3].value", "5.17 USD / month"): Verify element property value successfully

2023-10-16 14:16:46 - [MESSAGE][PASSED] - Verify element property value successfully

2023-10-16 14:16:46 - [TEST_STEP][PASSED] - verifyElementPropertyValue(getResponse, "groups[0].pricingPlans[0].visualElements[4].key", "deduction_text"): Verify element property value successfully

2023-10-16 14:16:46 - [MESSAGE][PASSED] - Verify element property value successfully

2023-10-16 14:16:46 - [TEST_STEP][PASSED] - verifyElementPropertyValue(getResponse, "groups[0].pricingPlans[0].visualElements[4].value", "61.99 USD billed every year"): Verify element property value successfully

2023-10-16 14:16:46 - [MESSAGE][PASSED] - Verify element property value successfully

2023-10-16 14:16:46 - [TEST_STEP][PASSED] - verifyElementPropertyValue(getResponse, "groups[0].pricingPlans[0].visualElements[7].key", "show_payment_logo"): Verify element property value successfully

2023-10-16 14:16:46 - [MESSAGE][PASSED] - Verify element property value successfully

2023-10-16 14:16:46 - [TEST_STEP][PASSED] - verifyElementPropertyValue(getResponse, "groups[0].pricingPlans[0].visualElements[7].value", "true"): Verify element property value successfully

2023-10-16 14:16:46 - [MESSAGE][PASSED] - Verify element property value successfully

2023-10-16 14:16:46 - [TEST_STEP][PASSED] - verifyElementPropertyValue(getResponse, "groups[0].pricingPlans[0].visualElements[8].key", "show_tag"): Verify element property value successfully

2023-10-16 14:16:46 - [MESSAGE][PASSED] - Verify element property value successfully

2023-10-16 14:16:46 - [TEST_STEP][PASSED] - verifyElementPropertyValue(getResponse, "groups[0].pricingPlans[0].visualElements[8].value", "true"): Verify element property value successfully

2023-10-16 14:16:46 - [MESSAGE][PASSED] - Verify element property value successfully

2023-10-16 14:16:46 - [TEST_STEP][PASSED] - verifyElementPropertyValue(getResponse, "groups[0].pricingPlans[0].visualElements[10].key", "price"): Verify element property value successfully

2023-10-16 14:16:46 - [MESSAGE][PASSED] - Verify element property value successfully

2023-10-16 14:16:46 - [TEST_STEP][PASSED] - verifyElementPropertyValue(getResponse, "groups[0].pricingPlans[0].visualElements[10].value", "61.99"): Verify element property value successfully

2023-10-16 14:16:46 - [MESSAGE][PASSED] - Verify element property value successfully

2023-10-16 14:16:46 - [TEST_STEP][PASSED] - verifyElementPropertyValue(getResponse, "groups[0].pricingPlans[0].visualElements[11].key", "currency"): Verify element property value successfully

2023-10-16 14:16:46 - [MESSAGE][PASSED] - Verify element property value successfully

2023-10-16 14:16:46 - [TEST_STEP][PASSED] - verifyElementPropertyValue(getResponse, "groups[0].pricingPlans[0].visualElements[11].value", "USD"): Verify element property value successfully

2023-10-16 14:16:46 - [MESSAGE][PASSED] - Verify element property value successfully

2023-10-16 14:16:46 - [TEST_STEP][PASSED] - verifyElementPropertyValue(getResponse, "groups[0].pricingPlans[0].visualElements[12].key", "duration"): Verify element property value successfully

2023-10-16 14:16:46 - [MESSAGE][PASSED] - Verify element property value successfully

2023-10-16 14:16:46 - [TEST_STEP][PASSED] - verifyElementPropertyValue(getResponse, "groups[0].pricingPlans[0].visualElements[12].value", "yearly"): Verify element property value successfully

2023-10-16 14:16:46 - [MESSAGE][PASSED] - Verify element property value successfully

2023-10-16 14:16:46 - [TEST_STEP][PASSED] - verifyElementPropertyValue(getResponse, "groups[0].pricingPlans[0].price", "61.99"): Verify element property value successfully

2023-10-16 14:16:46 - [MESSAGE][PASSED] - Verify element property value successfully

2023-10-16 14:16:46 - [TEST_STEP][PASSED] - verifyElementPropertyValue(getResponse, "groups[0].pricingPlans[0].currency", "USD"): Verify element property value successfully

2023-10-16 14:16:46 - [MESSAGE][PASSED] - Verify element property value successfully

2023-10-16 14:16:46 - [TEST_STEP][PASSED] - verifyElementPropertyValue(getResponse, "groups[0].pricingPlans[0].pricingPlanData[0].productId", "LBN_B2C_SHAHID_VIP_GEA_12M"): Verify element property value successfully

2023-10-16 14:16:46 - [MESSAGE][PASSED] - Verify element property value successfully

2023-10-16 14:16:46 - [TEST_STEP][PASSED] - verifyElementPropertyValue(getResponse, "groups[0].pricingPlans[0].pricingPlanData[0].subPricingPlanIds", "null"): Verify element property value successfully

2023-10-16 14:16:46 - [MESSAGE][PASSED] - Verify element property value successfully

2023-10-16 14:16:46 - [TEST_STEP][PASSED] - verifyElementPropertyValue(getResponse, "groups[0].pricingPlans[0].pricingPlanData[0].paymentMethod", "CREDIT_CARD"): Verify element property value successfully

2023-10-16 14:16:46 - [MESSAGE][PASSED] - Verify element property value successfully

2023-10-16 14:16:46 - [TEST_STEP][PASSED] - verifyElementPropertyValue(getResponse, "groups[0].pricingPlans[0].pricingPlanData[0].freeTrialEnabled", "false"): Verify element property value successfully

2023-10-16 14:16:46 - [MESSAGE][PASSED] - Verify element property value successfully

2023-10-16 14:16:46 - [TEST_STEP][PASSED] - verifyElementPropertyValue(getResponse, "groups[0].pricingPlans[0].pricingPlanData[0].visualElements[0].key", "title"): Verify element property value successfully

2023-10-16 14:16:47 - [MESSAGE][PASSED] - Verify element property value successfully

2023-10-16 14:16:47 - [TEST_STEP][PASSED] - verifyElementPropertyValue(getResponse, "groups[0].pricingPlans[0].pricingPlanData[0].visualElements[0].value", "Credit/Debit Card"): Verify element property value successfully

2023-10-16 14:16:47 - [MESSAGE][PASSED] - Verify element property value successfully

2023-10-16 14:16:47 - [TEST_STEP][PASSED] - verifyElementPropertyValue(getResponse, "groups[0].pricingPlans[0].pricingPlanData[0].visualElements[1].key", "CTA_text"): Verify element property value successfully

2023-10-16 14:16:47 - [MESSAGE][PASSED] - Verify element property value successfully

2023-10-16 14:16:47 - [TEST_STEP][PASSED] - verifyElementPropertyValue(getResponse, "groups[0].pricingPlans[0].pricingPlanData[0].visualElements[1].value", "Subscribe"): Verify element property value successfully

2023-10-16 14:16:47 - [MESSAGE][PASSED] - Verify element property value successfully

2023-10-16 14:16:47 - [TEST_STEP][PASSED] - verifyElementPropertyValue(getResponse, "groups[0].pricingPlans[0].pricingPlanData[0].visualElements[2].key", "logo"): Verify element property value successfully

2023-10-16 14:16:47 - [MESSAGE][PASSED] - Verify element property value successfully

2023-10-16 14:16:47 - [TEST_STEP][PASSED] - verifyElementPropertyValue(getResponse, "groups[0].pricingPlans[0].pricingPlanData[0].visualElements[2].value", "https://static.s3.shahid.mbc.net/widget-images/icons/iconCreditCard.png"): Verify element property value successfully

2023-10-16 14:16:47 - [MESSAGE][PASSED] - Verify element property value successfully

2023-10-16 14:16:47 - [TEST_STEP][PASSED] - verifyElementPropertyValue(getResponse, "groups[0].pricingPlans[0].pricingPlanData[0].priceLabel", "61.99"): Verify element property value successfully

2023-10-16 14:16:47 - [MESSAGE][PASSED] - Verify element property value successfully

2023-10-16 14:16:47 - [TEST_STEP][PASSED] - verifyElementPropertyValue(getResponse, "groups[0].pricingPlans[0].pricingPlanData[0].currencyLabel", "$"): Verify element property value successfully

2023-10-16 14:16:47 - [MESSAGE][PASSED] - Verify element property value successfully

2023-10-16 14:16:47 - [TEST_STEP][PASSED] - verifyElementPropertyValue(getResponse, "groups[0].pricingPlans[0].pricingPlanData[0].allowedForAcquisition", "true"): Verify element property value successfully

2023-10-16 14:16:47 - [MESSAGE][PASSED] - Verify element property value successfully

2023-10-16 14:16:47 - [TEST_STEP][PASSED] - verifyElementPropertyValue(getResponse, "groups[0].pricingPlans[0].pricingPlanData[0].showIn[0]", "VERTICAL_MODE"): Verify element property value successfully

2023-10-16 14:16:47 - [MESSAGE][PASSED] - Verify element property value successfully

2023-10-16 14:16:47 - [TEST_STEP][PASSED] - verifyElementPropertyValue(getResponse, "groups[0].pricingPlans[0].pricingPlanData[0].showIn[1]", "HORIZONTAL_MODE"): Verify element property value successfully

2023-10-16 14:16:47 - [MESSAGE][PASSED] - Verify element property value successfully

2023-10-16 14:16:47 - [TEST_STEP][PASSED] - verifyElementPropertyValue(getResponse, "visualElements[0].key", "main_CTA_text_1"): Verify element property value successfully

2023-10-16 14:16:47 - [MESSAGE][PASSED] - Verify element property value successfully

2023-10-16 14:16:47 - [TEST_STEP][PASSED] - verifyElementPropertyValue(getResponse, "visualElements[0].value", "Watch the most powerful series and movies exclusively without stopping"): Verify element property value successfully

2023-10-16 14:16:47 - [MESSAGE][PASSED] - Verify element property value successfully

2023-10-16 14:16:47 - [TEST_STEP][PASSED] - verifyElementPropertyValue(getResponse, "visualElements[2].key", "main_disclaimer_text"): Verify element property value successfully

2023-10-16 14:16:47 - [MESSAGE][PASSED] - Verify element property value successfully

2023-10-16 14:16:47 - [TEST_STEP][PASSED] - verifyElementPropertyValue(getResponse, "visualElements[2].value", "Subscription fees may vary depending on the country, payment method, subscription package, added tax, currency conversion factor, and bank fees. Terms and conditions apply."): Verify element property value successfully

2023-10-16 14:16:47 - [MESSAGE][PASSED] - Verify element property value successfully

2023-10-16 14:16:47 - [TEST_STEP][PASSED] - verifyElementPropertyValue(getResponse, "visualElements[4].key", "display_type"): Verify element property value successfully

2023-10-16 14:16:47 - [MESSAGE][PASSED] - Verify element property value successfully

2023-10-16 14:16:47 - [TEST_STEP][PASSED] - verifyElementPropertyValue(getResponse, "visualElements[4].value", "vertical"): Verify element property value successfully

2023-10-16 14:16:47 - [MESSAGE][PASSED] - Verify element property value successfully

2023-10-16 14:16:47 - [TEST_STEP][PASSED] - verifyElementPropertyValue(getResponse, "pages[0].visualElements[0].key", "alternative_payment_title"): Verify element property value successfully

2023-10-16 14:16:47 - [MESSAGE][PASSED] - Verify element property value successfully

2023-10-16 14:16:47 - [TEST_STEP][PASSED] - verifyElementPropertyValue(getResponse, "pages[0].visualElements[0].value", "Or choose one of the following alternative methods"): Verify element property value successfully

2023-10-16 14:16:47 - [MESSAGE][PASSED] - Verify element property value successfully

2023-10-16 14:16:47 - [TEST_STEP][PASSED] - verifyElementPropertyValue(getResponse, "pages[0].visualElements[1].key", "label_text"): Verify element property value successfully

2023-10-16 14:16:47 - [MESSAGE][PASSED] - Verify element property value successfully

2023-10-16 14:16:47 - [TEST_STEP][FAILED] - verifyElementPropertyValue(getResponse, "pages[0].visualElements[1].value", "Other Payment Methods"): Expected element property value 'Other Payment Methods' is not equal with actual property value 'Other payment methods'

2023-10-16 14:16:47 - [MESSAGE][FAILED] - Expected element property value 'Other Payment Methods' is not equal with actual property value 'Other payment methods'

2023-10-16 14:16:47 - [TEST_STEP][PASSED] - verifyElementPropertyValue(getResponse, "pages[0].visualElements[3].key", "CTA_text"): Verify element property value successfully

2023-10-16 14:16:47 - [MESSAGE][PASSED] - Verify element property value successfully

2023-10-16 14:16:47 - [TEST_STEP][PASSED] - verifyElementPropertyValue(getResponse, "pages[0].visualElements[3].value", "Click here"): Verify element property value successfully

2023-10-16 14:16:47 - [MESSAGE][PASSED] - Verify element property value successfully

2023-10-16 14:16:47 - [TEST_STEP][PASSED] - verifyElementPropertyValue(getResponse, "pages[0].visualElements[4].key", "main_title"): Verify element property value successfully

2023-10-16 14:16:47 - [MESSAGE][PASSED] - Verify element property value successfully

2023-10-16 14:16:47 - [TEST_STEP][PASSED] - verifyElementPropertyValue(getResponse, "pages[0].visualElements[4].value", "Other Payment Methods"): Verify element property value successfully

2023-10-16 14:16:47 - [MESSAGE][PASSED] - Verify element property value successfully

2023-10-16 14:16:47 - [TEST_STEP][PASSED] - verifyElementPropertyValue(getResponse, "pages[0].visualElements[6].key", "alternative_payment_methods"): Verify element property value successfully

2023-10-16 14:16:47 - [MESSAGE][PASSED] - Verify element property value successfully

2023-10-16 14:16:47 - [TEST_STEP][PASSED] - verifyElementPropertyValue(getResponse, "pages[0].visualElements[6].value", "You can get Shahid voucher from any of the following retailers"): Verify element property value successfully

2023-10-16 14:16:47 - [MESSAGE][PASSED] - Verify element property value successfully

2023-10-16 14:16:47 - [TEST_STEP][PASSED] - verifyElementPropertyValue(getResponse, "defaultPackageId", "SHAHID_VIP"): Verify element property value successfully

2023-10-16 14:16:47 - [MESSAGE][PASSED] - Verify element property value successfully]]></system-out>
         <system-err><![CDATA[2023-10-16 14:16:45 - [TEST_CASE][FAILED] - Test Cases/WEB - CHROME/LBN PI/WEB_EN_getSubscriptionConfigForLBN_GEA: Test Cases/WEB - CHROME/LBN PI/WEB_EN_getSubscriptionConfigForLBN_GEA FAILED.
Reason:
com.kms.katalon.core.exception.StepFailedException: Expected element property value 'Other Payment Methods' is not equal with actual property value 'Other payment methods'
	at com.kms.katalon.core.keyword.internal.KeywordMain.stepFailed(KeywordMain.groovy:39)
	at com.kms.katalon.core.webservice.keyword.builtin.VerifyElementPropertyValueKeyword$_verifyElementPropertyValue_closure1.doCall(VerifyElementPropertyValueKeyword.groovy:56)
	at com.kms.katalon.core.webservice.keyword.builtin.VerifyElementPropertyValueKeyword$_verifyElementPropertyValue_closure1.call(VerifyElementPropertyValueKeyword.groovy)
	at com.kms.katalon.core.keyword.internal.KeywordMain.runKeyword(KeywordMain.groovy:75)
	at com.kms.katalon.core.webservice.keyword.builtin.VerifyElementPropertyValueKeyword.verifyElementPropertyValue(VerifyElementPropertyValueKeyword.groovy:48)
	at com.kms.katalon.core.webservice.keyword.builtin.VerifyElementPropertyValueKeyword.execute(VerifyElementPropertyValueKeyword.groovy:43)
	at com.kms.katalon.core.keyword.internal.KeywordExecutor.executeKeywordForPlatform(KeywordExecutor.groovy:74)
	at com.kms.katalon.core.webservice.keyword.WSBuiltInKeywords.verifyElementPropertyValue(WSBuiltInKeywords.groovy:190)
	at com.kms.katalon.core.webservice.keyword.WSBuiltInKeywords$verifyElementPropertyValue$1.call(Unknown Source)
	at WEB_EN_getSubscriptionConfigForLBN_GEA.run(WEB_EN_getSubscriptionConfigForLBN_GEA:152)
	at com.kms.katalon.core.main.ScriptEngine.run(ScriptEngine.java:194)
	at com.kms.katalon.core.main.ScriptEngine.runScriptAsRawText(ScriptEngine.java:119)
	at com.kms.katalon.core.main.TestCaseExecutor.runScript(TestCaseExecutor.java:448)
	at com.kms.katalon.core.main.TestCaseExecutor.doExecute(TestCaseExecutor.java:439)
	at com.kms.katalon.core.main.TestCaseExecutor.processExecutionPhase(TestCaseExecutor.java:418)
	at com.kms.katalon.core.main.TestCaseExecutor.accessMainPhase(TestCaseExecutor.java:410)
	at com.kms.katalon.core.main.TestCaseExecutor.execute(TestCaseExecutor.java:285)
	at com.kms.katalon.core.common.CommonExecutor.accessTestCaseMainPhase(CommonExecutor.java:65)
	at com.kms.katalon.core.main.TestSuiteExecutor.accessTestSuiteMainPhase(TestSuiteExecutor.java:148)
	at com.kms.katalon.core.main.TestSuiteExecutor.execute(TestSuiteExecutor.java:106)
	at com.kms.katalon.core.main.TestCaseMain.startTestSuite(TestCaseMain.java:187)
	at com.kms.katalon.core.main.TestCaseMain$startTestSuite$0.call(Unknown Source)
	at TempTestSuite1697454215032.run(TempTestSuite1697454215032.groovy:36)]]></system-err>
      </testcase>
      <testcase name="Test Cases/WEB - CHROME/LBN PI/WEB_AR_getSubscriptionConfigForLBN_VIP" time="1.905" classname="Test Cases/WEB - CHROME/LBN PI/WEB_AR_getSubscriptionConfigForLBN_VIP" status="PASSED">
         <system-out><![CDATA[2023-10-16 14:16:47 - [TEST_CASE][PASSED] - Test Cases/WEB - CHROME/LBN PI/WEB_AR_getSubscriptionConfigForLBN_VIP: Test Cases/WEB - CHROME/LBN PI/WEB_AR_getSubscriptionConfigForLBN_VIP

2023-10-16 14:16:47 - [TEST_STEP][PASSED] - getResponse = config_files.getConfigFile.getConfig("WEB", "AR", "SHAHID_VIP", "LB", "false"): config_files.getConfigFile.getConfig is PASSED

2023-10-16 14:16:48 - [MESSAGE][INFO] - HAR: /Users/admin/git/shahid-configuration/Reports/20231016_140310/WEB/LBN/20231016_140335/requests/main/2.har

2023-10-16 14:16:48 - [MESSAGE][PASSED] - Send request successfully

2023-10-16 14:16:48 - [MESSAGE][PASSED] - config_files.getConfigFile.getConfig is PASSED

2023-10-16 14:16:48 - [TEST_STEP][PASSED] - verifyResponseStatusCode(getResponse, 200): Verify response status code successfully

2023-10-16 14:16:48 - [MESSAGE][PASSED] - Verify response status code successfully

2023-10-16 14:16:48 - [TEST_STEP][PASSED] - verifyElementPropertyValue(getResponse, "country", "LBN"): Verify element property value successfully

2023-10-16 14:16:48 - [MESSAGE][PASSED] - Verify element property value successfully

2023-10-16 14:16:48 - [TEST_STEP][PASSED] - verifyElementPropertyValue(getResponse, "platform", "[WEB]"): Verify element property value successfully

2023-10-16 14:16:48 - [MESSAGE][PASSED] - Verify element property value successfully

2023-10-16 14:16:48 - [TEST_STEP][PASSED] - verifyElementPropertyValue(getResponse, "groups[0].pricingPlans[0].featured", "true"): Verify element property value successfully

2023-10-16 14:16:48 - [MESSAGE][PASSED] - Verify element property value successfully

2023-10-16 14:16:48 - [TEST_STEP][PASSED] - verifyElementPropertyValue(getResponse, "groups[0].pricingPlans[0].packageId", "SHAHID_VIP"): Verify element property value successfully

2023-10-16 14:16:48 - [MESSAGE][PASSED] - Verify element property value successfully

2023-10-16 14:16:48 - [TEST_STEP][PASSED] - verifyElementPropertyValue(getResponse, "groups[0].pricingPlans[0].catalogId", "VIP"): Verify element property value successfully

2023-10-16 14:16:48 - [MESSAGE][PASSED] - Verify element property value successfully

2023-10-16 14:16:48 - [TEST_STEP][PASSED] - verifyElementPropertyValue(getResponse, "groups[0].pricingPlans[0].visualElements[0].key", "Header_1_text"): Verify element property value successfully

2023-10-16 14:16:48 - [MESSAGE][PASSED] - Verify element property value successfully

2023-10-16 14:16:48 - [TEST_STEP][PASSED] - verifyElementPropertyValue(getResponse, "groups[0].pricingPlans[0].visualElements[0].value", "شاهد أقوى المسلسلات و الأفلام حصرياً دون توقف"): Verify element property value successfully

2023-10-16 14:16:48 - [MESSAGE][PASSED] - Verify element property value successfully

2023-10-16 14:16:48 - [TEST_STEP][PASSED] - verifyElementPropertyValue(getResponse, "groups[0].pricingPlans[0].visualElements[1].key", "display_title"): Verify element property value successfully

2023-10-16 14:16:48 - [MESSAGE][PASSED] - Verify element property value successfully

2023-10-16 14:16:48 - [TEST_STEP][PASSED] - verifyElementPropertyValue(getResponse, "groups[0].pricingPlans[0].visualElements[1].value", "الاشتراك الشهري"): Verify element property value successfully

2023-10-16 14:16:48 - [MESSAGE][PASSED] - Verify element property value successfully

2023-10-16 14:16:48 - [TEST_STEP][PASSED] - verifyElementPropertyValue(getResponse, "groups[0].pricingPlans[0].visualElements[2].key", "promo_text"): Verify element property value successfully

2023-10-16 14:16:48 - [MESSAGE][PASSED] - Verify element property value successfully

2023-10-16 14:16:48 - [TEST_STEP][PASSED] - verifyElementPropertyValue(getResponse, "groups[0].pricingPlans[0].visualElements[2].value", "4.49 USD / شهرياً"): Verify element property value successfully

2023-10-16 14:16:48 - [MESSAGE][PASSED] - Verify element property value successfully

2023-10-16 14:16:48 - [TEST_STEP][PASSED] - verifyElementPropertyValue(getResponse, "groups[0].pricingPlans[0].visualElements[3].key", "deduction_text"): Verify element property value successfully

2023-10-16 14:16:48 - [MESSAGE][PASSED] - Verify element property value successfully

2023-10-16 14:16:48 - [TEST_STEP][PASSED] - verifyElementPropertyValue(getResponse, "groups[0].pricingPlans[0].visualElements[3].value", "تدفع شهرياً"): Verify element property value successfully

2023-10-16 14:16:48 - [MESSAGE][PASSED] - Verify element property value successfully

2023-10-16 14:16:48 - [TEST_STEP][PASSED] - verifyElementPropertyValue(getResponse, "groups[0].pricingPlans[0].visualElements[6].key", "show_payment_logo"): Verify element property value successfully

2023-10-16 14:16:48 - [MESSAGE][PASSED] - Verify element property value successfully

2023-10-16 14:16:48 - [TEST_STEP][PASSED] - verifyElementPropertyValue(getResponse, "groups[0].pricingPlans[0].visualElements[6].value", "true"): Verify element property value successfully

2023-10-16 14:16:48 - [MESSAGE][PASSED] - Verify element property value successfully

2023-10-16 14:16:48 - [TEST_STEP][PASSED] - verifyElementPropertyValue(getResponse, "groups[0].pricingPlans[0].visualElements[11].key", "featured_tag_text"): Verify element property value successfully

2023-10-16 14:16:48 - [MESSAGE][PASSED] - Verify element property value successfully

2023-10-16 14:16:48 - [TEST_STEP][PASSED] - verifyElementPropertyValue(getResponse, "groups[0].pricingPlans[0].visualElements[11].value", "الأكثر مبيعاً"): Verify element property value successfully

2023-10-16 14:16:48 - [MESSAGE][PASSED] - Verify element property value successfully

2023-10-16 14:16:48 - [TEST_STEP][PASSED] - verifyElementPropertyValue(getResponse, "groups[0].pricingPlans[0].visualElements[8].key", "price"): Verify element property value successfully

2023-10-16 14:16:48 - [MESSAGE][PASSED] - Verify element property value successfully

2023-10-16 14:16:48 - [TEST_STEP][PASSED] - verifyElementPropertyValue(getResponse, "groups[0].pricingPlans[0].visualElements[8].value", "4.49"): Verify element property value successfully

2023-10-16 14:16:48 - [MESSAGE][PASSED] - Verify element property value successfully

2023-10-16 14:16:48 - [TEST_STEP][PASSED] - verifyElementPropertyValue(getResponse, "groups[0].pricingPlans[0].visualElements[9].key", "currency"): Verify element property value successfully

2023-10-16 14:16:48 - [MESSAGE][PASSED] - Verify element property value successfully

2023-10-16 14:16:48 - [TEST_STEP][PASSED] - verifyElementPropertyValue(getResponse, "groups[0].pricingPlans[0].visualElements[9].value", "USD"): Verify element property value successfully

2023-10-16 14:16:48 - [MESSAGE][PASSED] - Verify element property value successfully

2023-10-16 14:16:48 - [TEST_STEP][PASSED] - verifyElementPropertyValue(getResponse, "groups[0].pricingPlans[0].visualElements[10].key", "duration"): Verify element property value successfully

2023-10-16 14:16:48 - [MESSAGE][PASSED] - Verify element property value successfully

2023-10-16 14:16:48 - [TEST_STEP][PASSED] - verifyElementPropertyValue(getResponse, "groups[0].pricingPlans[0].visualElements[10].value", "شهرياً"): Verify element property value successfully

2023-10-16 14:16:48 - [MESSAGE][PASSED] - Verify element property value successfully

2023-10-16 14:16:48 - [TEST_STEP][PASSED] - verifyElementPropertyValue(getResponse, "groups[0].pricingPlans[0].order", "0"): Verify element property value successfully

2023-10-16 14:16:48 - [MESSAGE][PASSED] - Verify element property value successfully

2023-10-16 14:16:48 - [TEST_STEP][PASSED] - verifyElementPropertyValue(getResponse, "groups[0].pricingPlans[0].period", "monthly"): Verify element property value successfully

2023-10-16 14:16:48 - [MESSAGE][PASSED] - Verify element property value successfully

2023-10-16 14:16:48 - [TEST_STEP][PASSED] - verifyElementPropertyValue(getResponse, "groups[0].pricingPlans[0].price", "4.49"): Verify element property value successfully

2023-10-16 14:16:48 - [MESSAGE][PASSED] - Verify element property value successfully

2023-10-16 14:16:48 - [TEST_STEP][PASSED] - verifyElementPropertyValue(getResponse, "groups[0].pricingPlans[0].currency", "USD"): Verify element property value successfully

2023-10-16 14:16:48 - [MESSAGE][PASSED] - Verify element property value successfully

2023-10-16 14:16:48 - [TEST_STEP][PASSED] - verifyElementPropertyValue(getResponse, "groups[0].pricingPlans[0].pricingPlanData[0].productId", "LBN_B2C_SHAHID_VIP_1M"): Verify element property value successfully

2023-10-16 14:16:48 - [MESSAGE][PASSED] - Verify element property value successfully

2023-10-16 14:16:48 - [TEST_STEP][PASSED] - verifyElementPropertyValue(getResponse, "groups[0].pricingPlans[0].pricingPlanData[0].subPricingPlanIds", "null"): Verify element property value successfully

2023-10-16 14:16:48 - [MESSAGE][PASSED] - Verify element property value successfully

2023-10-16 14:16:48 - [TEST_STEP][PASSED] - verifyElementPropertyValue(getResponse, "groups[0].pricingPlans[0].pricingPlanData[0].paymentMethod", "CREDIT_CARD"): Verify element property value successfully

2023-10-16 14:16:48 - [MESSAGE][PASSED] - Verify element property value successfully

2023-10-16 14:16:48 - [TEST_STEP][PASSED] - verifyElementPropertyValue(getResponse, "groups[0].pricingPlans[0].pricingPlanData[0].freeTrialEnabled", "false"): Verify element property value successfully

2023-10-16 14:16:48 - [MESSAGE][PASSED] - Verify element property value successfully

2023-10-16 14:16:48 - [TEST_STEP][PASSED] - verifyElementPropertyValue(getResponse, "groups[0].pricingPlans[0].pricingPlanData[0].visualElements[0].key", "title"): Verify element property value successfully

2023-10-16 14:16:48 - [MESSAGE][PASSED] - Verify element property value successfully

2023-10-16 14:16:48 - [TEST_STEP][PASSED] - verifyElementPropertyValue(getResponse, "groups[0].pricingPlans[0].pricingPlanData[0].visualElements[0].value", "البطاقة المصرفية"): Verify element property value successfully

2023-10-16 14:16:48 - [MESSAGE][PASSED] - Verify element property value successfully

2023-10-16 14:16:48 - [TEST_STEP][PASSED] - verifyElementPropertyValue(getResponse, "groups[0].pricingPlans[0].pricingPlanData[0].visualElements[1].key", "CTA_text"): Verify element property value successfully

2023-10-16 14:16:48 - [MESSAGE][PASSED] - Verify element property value successfully

2023-10-16 14:16:48 - [TEST_STEP][PASSED] - verifyElementPropertyValue(getResponse, "groups[0].pricingPlans[0].pricingPlanData[0].visualElements[1].value", "اشترك"): Verify element property value successfully

2023-10-16 14:16:48 - [MESSAGE][PASSED] - Verify element property value successfully

2023-10-16 14:16:48 - [TEST_STEP][PASSED] - verifyElementPropertyValue(getResponse, "groups[0].pricingPlans[0].pricingPlanData[0].visualElements[2].key", "logo"): Verify element property value successfully

2023-10-16 14:16:48 - [MESSAGE][PASSED] - Verify element property value successfully

2023-10-16 14:16:48 - [TEST_STEP][PASSED] - verifyElementPropertyValue(getResponse, "groups[0].pricingPlans[0].pricingPlanData[0].visualElements[2].value", "https://static.s3.shahid.mbc.net/widget-images/icons/iconCreditCard.png"): Verify element property value successfully

2023-10-16 14:16:48 - [MESSAGE][PASSED] - Verify element property value successfully

2023-10-16 14:16:48 - [TEST_STEP][PASSED] - verifyElementPropertyValue(getResponse, "groups[0].pricingPlans[0].pricingPlanData[0].priceLabel", "4.49"): Verify element property value successfully

2023-10-16 14:16:48 - [MESSAGE][PASSED] - Verify element property value successfully

2023-10-16 14:16:48 - [TEST_STEP][PASSED] - verifyElementPropertyValue(getResponse, "groups[0].pricingPlans[0].pricingPlanData[0].currencyLabel", "$"): Verify element property value successfully

2023-10-16 14:16:48 - [MESSAGE][PASSED] - Verify element property value successfully

2023-10-16 14:16:48 - [TEST_STEP][PASSED] - verifyElementPropertyValue(getResponse, "groups[0].pricingPlans[1].featured", "false"): Verify element property value successfully

2023-10-16 14:16:48 - [MESSAGE][PASSED] - Verify element property value successfully

2023-10-16 14:16:48 - [TEST_STEP][PASSED] - verifyElementPropertyValue(getResponse, "groups[0].pricingPlans[1].packageId", "SHAHID_VIP"): Verify element property value successfully

2023-10-16 14:16:48 - [MESSAGE][PASSED] - Verify element property value successfully

2023-10-16 14:16:48 - [TEST_STEP][PASSED] - verifyElementPropertyValue(getResponse, "groups[0].pricingPlans[1].catalogId", "VIP"): Verify element property value successfully

2023-10-16 14:16:48 - [MESSAGE][PASSED] - Verify element property value successfully

2023-10-16 14:16:48 - [TEST_STEP][PASSED] - verifyElementPropertyValue(getResponse, "groups[0].pricingPlans[1].visualElements[0].key", "Header_1_text"): Verify element property value successfully

2023-10-16 14:16:48 - [MESSAGE][PASSED] - Verify element property value successfully

2023-10-16 14:16:48 - [TEST_STEP][PASSED] - verifyElementPropertyValue(getResponse, "groups[0].pricingPlans[1].visualElements[0].value", "شاهد أقوى المسلسلات و الأفلام حصرياً دون توقف"): Verify element property value successfully

2023-10-16 14:16:48 - [MESSAGE][PASSED] - Verify element property value successfully

2023-10-16 14:16:48 - [TEST_STEP][PASSED] - verifyElementPropertyValue(getResponse, "groups[0].pricingPlans[1].visualElements[1].key", "display_title"): Verify element property value successfully

2023-10-16 14:16:48 - [MESSAGE][PASSED] - Verify element property value successfully

2023-10-16 14:16:48 - [TEST_STEP][PASSED] - verifyElementPropertyValue(getResponse, "groups[0].pricingPlans[1].visualElements[1].value", "الاشتراك السنوي"): Verify element property value successfully

2023-10-16 14:16:48 - [MESSAGE][PASSED] - Verify element property value successfully

2023-10-16 14:16:48 - [TEST_STEP][PASSED] - verifyElementPropertyValue(getResponse, "groups[0].pricingPlans[1].visualElements[2].key", "tag_text"): Verify element property value successfully

2023-10-16 14:16:48 - [MESSAGE][PASSED] - Verify element property value successfully

2023-10-16 14:16:48 - [TEST_STEP][PASSED] - verifyElementPropertyValue(getResponse, "groups[0].pricingPlans[1].visualElements[2].value", "وفر28%"): Verify element property value successfully

2023-10-16 14:16:48 - [MESSAGE][PASSED] - Verify element property value successfully

2023-10-16 14:16:48 - [TEST_STEP][PASSED] - verifyElementPropertyValue(getResponse, "groups[0].pricingPlans[1].visualElements[3].key", "promo_text"): Verify element property value successfully

2023-10-16 14:16:48 - [MESSAGE][PASSED] - Verify element property value successfully

2023-10-16 14:16:48 - [TEST_STEP][PASSED] - verifyElementPropertyValue(getResponse, "groups[0].pricingPlans[1].visualElements[3].value", "3.24 USD / شهرياً"): Verify element property value successfully

2023-10-16 14:16:48 - [MESSAGE][PASSED] - Verify element property value successfully

2023-10-16 14:16:48 - [TEST_STEP][PASSED] - verifyElementPropertyValue(getResponse, "groups[0].pricingPlans[1].visualElements[4].key", "deduction_text"): Verify element property value successfully

2023-10-16 14:16:48 - [MESSAGE][PASSED] - Verify element property value successfully

2023-10-16 14:16:48 - [TEST_STEP][PASSED] - verifyElementPropertyValue(getResponse, "groups[0].pricingPlans[1].visualElements[4].value", " 38.99 USD  تدفع سنوياً"): Verify element property value successfully

2023-10-16 14:16:48 - [MESSAGE][PASSED] - Verify element property value successfully

2023-10-16 14:16:48 - [TEST_STEP][PASSED] - verifyElementPropertyValue(getResponse, "groups[0].pricingPlans[1].visualElements[7].key", "show_payment_logo"): Verify element property value successfully

2023-10-16 14:16:48 - [MESSAGE][PASSED] - Verify element property value successfully

2023-10-16 14:16:48 - [TEST_STEP][PASSED] - verifyElementPropertyValue(getResponse, "groups[0].pricingPlans[1].visualElements[7].value", "true"): Verify element property value successfully

2023-10-16 14:16:48 - [MESSAGE][PASSED] - Verify element property value successfully

2023-10-16 14:16:48 - [TEST_STEP][PASSED] - verifyElementPropertyValue(getResponse, "groups[0].pricingPlans[1].visualElements[8].key", "show_tag"): Verify element property value successfully

2023-10-16 14:16:48 - [MESSAGE][PASSED] - Verify element property value successfully

2023-10-16 14:16:48 - [TEST_STEP][PASSED] - verifyElementPropertyValue(getResponse, "groups[0].pricingPlans[1].visualElements[8].value", "true"): Verify element property value successfully

2023-10-16 14:16:48 - [MESSAGE][PASSED] - Verify element property value successfully

2023-10-16 14:16:48 - [TEST_STEP][PASSED] - verifyElementPropertyValue(getResponse, "groups[0].pricingPlans[1].visualElements[10].key", "price"): Verify element property value successfully

2023-10-16 14:16:48 - [MESSAGE][PASSED] - Verify element property value successfully

2023-10-16 14:16:48 - [TEST_STEP][PASSED] - verifyElementPropertyValue(getResponse, "groups[0].pricingPlans[1].visualElements[10].value", "38.99"): Verify element property value successfully

2023-10-16 14:16:48 - [MESSAGE][PASSED] - Verify element property value successfully

2023-10-16 14:16:48 - [TEST_STEP][PASSED] - verifyElementPropertyValue(getResponse, "groups[0].pricingPlans[1].visualElements[11].key", "currency"): Verify element property value successfully

2023-10-16 14:16:48 - [MESSAGE][PASSED] - Verify element property value successfully

2023-10-16 14:16:48 - [TEST_STEP][PASSED] - verifyElementPropertyValue(getResponse, "groups[0].pricingPlans[1].visualElements[11].value", "USD"): Verify element property value successfully

2023-10-16 14:16:48 - [MESSAGE][PASSED] - Verify element property value successfully

2023-10-16 14:16:48 - [TEST_STEP][PASSED] - verifyElementPropertyValue(getResponse, "groups[0].pricingPlans[1].visualElements[12].key", "duration"): Verify element property value successfully

2023-10-16 14:16:48 - [MESSAGE][PASSED] - Verify element property value successfully

2023-10-16 14:16:48 - [TEST_STEP][PASSED] - verifyElementPropertyValue(getResponse, "groups[0].pricingPlans[1].visualElements[12].value", "سنوياً"): Verify element property value successfully

2023-10-16 14:16:48 - [MESSAGE][PASSED] - Verify element property value successfully

2023-10-16 14:16:48 - [TEST_STEP][PASSED] - verifyElementPropertyValue(getResponse, "groups[0].pricingPlans[1].order", "2"): Verify element property value successfully

2023-10-16 14:16:48 - [MESSAGE][PASSED] - Verify element property value successfully

2023-10-16 14:16:48 - [TEST_STEP][PASSED] - verifyElementPropertyValue(getResponse, "groups[0].pricingPlans[1].period", "yearly"): Verify element property value successfully

2023-10-16 14:16:48 - [MESSAGE][PASSED] - Verify element property value successfully

2023-10-16 14:16:48 - [TEST_STEP][PASSED] - verifyElementPropertyValue(getResponse, "groups[0].pricingPlans[1].price", "38.99"): Verify element property value successfully

2023-10-16 14:16:48 - [MESSAGE][PASSED] - Verify element property value successfully

2023-10-16 14:16:48 - [TEST_STEP][PASSED] - verifyElementPropertyValue(getResponse, "groups[0].pricingPlans[1].currency", "USD"): Verify element property value successfully

2023-10-16 14:16:48 - [MESSAGE][PASSED] - Verify element property value successfully

2023-10-16 14:16:48 - [TEST_STEP][PASSED] - verifyElementPropertyValue(getResponse, "groups[0].pricingPlans[1].pricingPlanData[0].productId", "LBN_B2C_SHAHID_VIP_12M"): Verify element property value successfully

2023-10-16 14:16:48 - [MESSAGE][PASSED] - Verify element property value successfully

2023-10-16 14:16:48 - [TEST_STEP][PASSED] - verifyElementPropertyValue(getResponse, "groups[0].pricingPlans[1].pricingPlanData[0].subPricingPlanIds", "null"): Verify element property value successfully

2023-10-16 14:16:48 - [MESSAGE][PASSED] - Verify element property value successfully

2023-10-16 14:16:48 - [TEST_STEP][PASSED] - verifyElementPropertyValue(getResponse, "groups[0].pricingPlans[1].pricingPlanData[0].paymentMethod", "CREDIT_CARD"): Verify element property value successfully

2023-10-16 14:16:48 - [MESSAGE][PASSED] - Verify element property value successfully

2023-10-16 14:16:49 - [TEST_STEP][PASSED] - verifyElementPropertyValue(getResponse, "groups[0].pricingPlans[1].pricingPlanData[0].freeTrialEnabled", "false"): Verify element property value successfully

2023-10-16 14:16:49 - [MESSAGE][PASSED] - Verify element property value successfully

2023-10-16 14:16:49 - [TEST_STEP][PASSED] - verifyElementPropertyValue(getResponse, "groups[0].pricingPlans[1].pricingPlanData[0].visualElements[0].key", "title"): Verify element property value successfully

2023-10-16 14:16:49 - [MESSAGE][PASSED] - Verify element property value successfully

2023-10-16 14:16:49 - [TEST_STEP][PASSED] - verifyElementPropertyValue(getResponse, "groups[0].pricingPlans[1].pricingPlanData[0].visualElements[0].value", "البطاقة المصرفية"): Verify element property value successfully

2023-10-16 14:16:49 - [MESSAGE][PASSED] - Verify element property value successfully

2023-10-16 14:16:49 - [TEST_STEP][PASSED] - verifyElementPropertyValue(getResponse, "groups[0].pricingPlans[1].pricingPlanData[0].visualElements[1].key", "CTA_text"): Verify element property value successfully

2023-10-16 14:16:49 - [MESSAGE][PASSED] - Verify element property value successfully

2023-10-16 14:16:49 - [TEST_STEP][PASSED] - verifyElementPropertyValue(getResponse, "groups[0].pricingPlans[1].pricingPlanData[0].visualElements[1].value", "اشترك"): Verify element property value successfully

2023-10-16 14:16:49 - [MESSAGE][PASSED] - Verify element property value successfully

2023-10-16 14:16:49 - [TEST_STEP][PASSED] - verifyElementPropertyValue(getResponse, "groups[0].pricingPlans[1].pricingPlanData[0].visualElements[2].key", "logo"): Verify element property value successfully

2023-10-16 14:16:49 - [MESSAGE][PASSED] - Verify element property value successfully

2023-10-16 14:16:49 - [TEST_STEP][PASSED] - verifyElementPropertyValue(getResponse, "groups[0].pricingPlans[1].pricingPlanData[0].visualElements[2].value", "https://static.s3.shahid.mbc.net/widget-images/icons/iconCreditCard.png"): Verify element property value successfully

2023-10-16 14:16:49 - [MESSAGE][PASSED] - Verify element property value successfully

2023-10-16 14:16:49 - [TEST_STEP][PASSED] - verifyElementPropertyValue(getResponse, "groups[0].pricingPlans[1].pricingPlanData[0].priceLabel", "38.99"): Verify element property value successfully

2023-10-16 14:16:49 - [MESSAGE][PASSED] - Verify element property value successfully

2023-10-16 14:16:49 - [TEST_STEP][PASSED] - verifyElementPropertyValue(getResponse, "groups[0].pricingPlans[1].pricingPlanData[0].currencyLabel", "$"): Verify element property value successfully

2023-10-16 14:16:49 - [MESSAGE][PASSED] - Verify element property value successfully

2023-10-16 14:16:49 - [TEST_STEP][PASSED] - verifyElementPropertyValue(getResponse, "groups[0].pricingPlans[1].pricingPlanData[0].allowedForAcquisition", "true"): Verify element property value successfully

2023-10-16 14:16:49 - [MESSAGE][PASSED] - Verify element property value successfully

2023-10-16 14:16:49 - [TEST_STEP][PASSED] - verifyElementPropertyValue(getResponse, "groups[0].pricingPlans[1].pricingPlanData[0].showIn[0]", "VERTICAL_MODE"): Verify element property value successfully

2023-10-16 14:16:49 - [MESSAGE][PASSED] - Verify element property value successfully

2023-10-16 14:16:49 - [TEST_STEP][PASSED] - verifyElementPropertyValue(getResponse, "groups[0].pricingPlans[1].pricingPlanData[0].showIn[1]", "HORIZONTAL_MODE"): Verify element property value successfully

2023-10-16 14:16:49 - [MESSAGE][PASSED] - Verify element property value successfully

2023-10-16 14:16:49 - [TEST_STEP][PASSED] - verifyElementPropertyValue(getResponse, "visualElements[0].key", "main_CTA_text_1"): Verify element property value successfully

2023-10-16 14:16:49 - [MESSAGE][PASSED] - Verify element property value successfully

2023-10-16 14:16:49 - [TEST_STEP][PASSED] - verifyElementPropertyValue(getResponse, "visualElements[0].value", "شاهد أقوى المسلسلات و الأفلام حصرياً دون توقف"): Verify element property value successfully

2023-10-16 14:16:49 - [MESSAGE][PASSED] - Verify element property value successfully

2023-10-16 14:16:49 - [TEST_STEP][PASSED] - verifyElementPropertyValue(getResponse, "visualElements[2].key", "main_disclaimer_text"): Verify element property value successfully

2023-10-16 14:16:49 - [MESSAGE][PASSED] - Verify element property value successfully

2023-10-16 14:16:49 - [TEST_STEP][PASSED] - verifyElementPropertyValue(getResponse, "visualElements[2].value", "رسوم الاشتراك قد تختلف بناءً على البلد أو طريقة الدفع أو باقة الاشتراك أو الضريبة المضافة أو معامل تحويل العملات والرسوم البنكية. تطبّق الشروط والأحكام."): Verify element property value successfully

2023-10-16 14:16:49 - [MESSAGE][PASSED] - Verify element property value successfully

2023-10-16 14:16:49 - [TEST_STEP][PASSED] - verifyElementPropertyValue(getResponse, "visualElements[4].key", "display_type"): Verify element property value successfully

2023-10-16 14:16:49 - [MESSAGE][PASSED] - Verify element property value successfully

2023-10-16 14:16:49 - [TEST_STEP][PASSED] - verifyElementPropertyValue(getResponse, "visualElements[4].value", "vertical"): Verify element property value successfully

2023-10-16 14:16:49 - [MESSAGE][PASSED] - Verify element property value successfully

2023-10-16 14:16:49 - [TEST_STEP][PASSED] - verifyElementPropertyValue(getResponse, "defaultPackageId", "SHAHID_VIP"): Verify element property value successfully

2023-10-16 14:16:49 - [MESSAGE][PASSED] - Verify element property value successfully]]></system-out>
         <system-err><![CDATA[]]></system-err>
      </testcase>
      <testcase name="Test Cases/WEB - CHROME/LBN PI/WEB_EN_getSubscriptionConfigForLBN_Ultimate" time="1.767" classname="Test Cases/WEB - CHROME/LBN PI/WEB_EN_getSubscriptionConfigForLBN_Ultimate" status="FAILED">
         <failure type="FAILED" message="Test Cases/WEB - CHROME/LBN PI/WEB_EN_getSubscriptionConfigForLBN_Ultimate FAILED.
Reason:
com.kms.katalon.core.exception.StepFailedException: Expected element property value 'Other Payment Methods' is not equal with actual property value 'Other payment methods'
	at com.kms.katalon.core.keyword.internal.KeywordMain.stepFailed(KeywordMain.groovy:39)
	at com.kms.katalon.core.webservice.keyword.builtin.VerifyElementPropertyValueKeyword$_verifyElementPropertyValue_closure1.doCall(VerifyElementPropertyValueKeyword.groovy:56)
	at com.kms.katalon.core.webservice.keyword.builtin.VerifyElementPropertyValueKeyword$_verifyElementPropertyValue_closure1.call(VerifyElementPropertyValueKeyword.groovy)
	at com.kms.katalon.core.keyword.internal.KeywordMain.runKeyword(KeywordMain.groovy:75)
	at com.kms.katalon.core.webservice.keyword.builtin.VerifyElementPropertyValueKeyword.verifyElementPropertyValue(VerifyElementPropertyValueKeyword.groovy:48)
	at com.kms.katalon.core.webservice.keyword.builtin.VerifyElementPropertyValueKeyword.execute(VerifyElementPropertyValueKeyword.groovy:43)
	at com.kms.katalon.core.keyword.internal.KeywordExecutor.executeKeywordForPlatform(KeywordExecutor.groovy:74)
	at com.kms.katalon.core.webservice.keyword.WSBuiltInKeywords.verifyElementPropertyValue(WSBuiltInKeywords.groovy:190)
	at com.kms.katalon.core.webservice.keyword.WSBuiltInKeywords$verifyElementPropertyValue$1.call(Unknown Source)
	at WEB_EN_getSubscriptionConfigForLBN_Ultimate.run(WEB_EN_getSubscriptionConfigForLBN_Ultimate:152)
	at com.kms.katalon.core.main.ScriptEngine.run(ScriptEngine.java:194)
	at com.kms.katalon.core.main.ScriptEngine.runScriptAsRawText(ScriptEngine.java:119)
	at com.kms.katalon.core.main.TestCaseExecutor.runScript(TestCaseExecutor.java:448)
	at com.kms.katalon.core.main.TestCaseExecutor.doExecute(TestCaseExecutor.java:439)
	at com.kms.katalon.core.main.TestCaseExecutor.processExecutionPhase(TestCaseExecutor.java:418)
	at com.kms.katalon.core.main.TestCaseExecutor.accessMainPhase(TestCaseExecutor.java:410)
	at com.kms.katalon.core.main.TestCaseExecutor.execute(TestCaseExecutor.java:285)
	at com.kms.katalon.core.common.CommonExecutor.accessTestCaseMainPhase(CommonExecutor.java:65)
	at com.kms.katalon.core.main.TestSuiteExecutor.accessTestSuiteMainPhase(TestSuiteExecutor.java:148)
	at com.kms.katalon.core.main.TestSuiteExecutor.execute(TestSuiteExecutor.java:106)
	at com.kms.katalon.core.main.TestCaseMain.startTestSuite(TestCaseMain.java:187)
	at com.kms.katalon.core.main.TestCaseMain$startTestSuite$0.call(Unknown Source)
	at TempTestSuite1697454215032.run(TempTestSuite1697454215032.groovy:36)
"/>
         <system-out><![CDATA[2023-10-16 14:16:49 - [TEST_CASE][FAILED] - Test Cases/WEB - CHROME/LBN PI/WEB_EN_getSubscriptionConfigForLBN_Ultimate: Test Cases/WEB - CHROME/LBN PI/WEB_EN_getSubscriptionConfigForLBN_Ultimate FAILED.
Reason:
com.kms.katalon.core.exception.StepFailedException: Expected element property value 'Other Payment Methods' is not equal with actual property value 'Other payment methods'
	at com.kms.katalon.core.keyword.internal.KeywordMain.stepFailed(KeywordMain.groovy:39)
	at com.kms.katalon.core.webservice.keyword.builtin.VerifyElementPropertyValueKeyword$_verifyElementPropertyValue_closure1.doCall(VerifyElementPropertyValueKeyword.groovy:56)
	at com.kms.katalon.core.webservice.keyword.builtin.VerifyElementPropertyValueKeyword$_verifyElementPropertyValue_closure1.call(VerifyElementPropertyValueKeyword.groovy)
	at com.kms.katalon.core.keyword.internal.KeywordMain.runKeyword(KeywordMain.groovy:75)
	at com.kms.katalon.core.webservice.keyword.builtin.VerifyElementPropertyValueKeyword.verifyElementPropertyValue(VerifyElementPropertyValueKeyword.groovy:48)
	at com.kms.katalon.core.webservice.keyword.builtin.VerifyElementPropertyValueKeyword.execute(VerifyElementPropertyValueKeyword.groovy:43)
	at com.kms.katalon.core.keyword.internal.KeywordExecutor.executeKeywordForPlatform(KeywordExecutor.groovy:74)
	at com.kms.katalon.core.webservice.keyword.WSBuiltInKeywords.verifyElementPropertyValue(WSBuiltInKeywords.groovy:190)
	at com.kms.katalon.core.webservice.keyword.WSBuiltInKeywords$verifyElementPropertyValue$1.call(Unknown Source)
	at WEB_EN_getSubscriptionConfigForLBN_Ultimate.run(WEB_EN_getSubscriptionConfigForLBN_Ultimate:152)
	at com.kms.katalon.core.main.ScriptEngine.run(ScriptEngine.java:194)
	at com.kms.katalon.core.main.ScriptEngine.runScriptAsRawText(ScriptEngine.java:119)
	at com.kms.katalon.core.main.TestCaseExecutor.runScript(TestCaseExecutor.java:448)
	at com.kms.katalon.core.main.TestCaseExecutor.doExecute(TestCaseExecutor.java:439)
	at com.kms.katalon.core.main.TestCaseExecutor.processExecutionPhase(TestCaseExecutor.java:418)
	at com.kms.katalon.core.main.TestCaseExecutor.accessMainPhase(TestCaseExecutor.java:410)
	at com.kms.katalon.core.main.TestCaseExecutor.execute(TestCaseExecutor.java:285)
	at com.kms.katalon.core.common.CommonExecutor.accessTestCaseMainPhase(CommonExecutor.java:65)
	at com.kms.katalon.core.main.TestSuiteExecutor.accessTestSuiteMainPhase(TestSuiteExecutor.java:148)
	at com.kms.katalon.core.main.TestSuiteExecutor.execute(TestSuiteExecutor.java:106)
	at com.kms.katalon.core.main.TestCaseMain.startTestSuite(TestCaseMain.java:187)
	at com.kms.katalon.core.main.TestCaseMain$startTestSuite$0.call(Unknown Source)
	at TempTestSuite1697454215032.run(TempTestSuite1697454215032.groovy:36)


2023-10-16 14:16:49 - [TEST_STEP][PASSED] - getResponse = config_files.getConfigFile.getConfig("WEB", "EN", "SHAHID_VIP_GEA_SPORT", "LB", "false"): config_files.getConfigFile.getConfig is PASSED

2023-10-16 14:16:50 - [MESSAGE][INFO] - HAR: /Users/admin/git/shahid-configuration/Reports/20231016_140310/WEB/LBN/20231016_140335/requests/main/3.har

2023-10-16 14:16:50 - [MESSAGE][PASSED] - Send request successfully

2023-10-16 14:16:50 - [MESSAGE][PASSED] - config_files.getConfigFile.getConfig is PASSED

2023-10-16 14:16:50 - [TEST_STEP][PASSED] - verifyResponseStatusCode(getResponse, 200): Verify response status code successfully

2023-10-16 14:16:50 - [MESSAGE][PASSED] - Verify response status code successfully

2023-10-16 14:16:50 - [TEST_STEP][PASSED] - verifyElementPropertyValue(getResponse, "country", "LBN"): Verify element property value successfully

2023-10-16 14:16:50 - [MESSAGE][PASSED] - Verify element property value successfully

2023-10-16 14:16:50 - [TEST_STEP][PASSED] - verifyElementPropertyValue(getResponse, "platform", "[WEB]"): Verify element property value successfully

2023-10-16 14:16:50 - [MESSAGE][PASSED] - Verify element property value successfully

2023-10-16 14:16:50 - [TEST_STEP][PASSED] - verifyElementPropertyValue(getResponse, "groups[0].pricingPlans[0].featured", "true"): Verify element property value successfully

2023-10-16 14:16:50 - [MESSAGE][PASSED] - Verify element property value successfully

2023-10-16 14:16:50 - [TEST_STEP][PASSED] - verifyElementPropertyValue(getResponse, "groups[0].pricingPlans[0].packageId", "SHAHID_VIP_GEA_SPORT"): Verify element property value successfully

2023-10-16 14:16:50 - [MESSAGE][PASSED] - Verify element property value successfully

2023-10-16 14:16:50 - [TEST_STEP][PASSED] - verifyElementPropertyValue(getResponse, "groups[0].pricingPlans[0].catalogId", "GEA"): Verify element property value successfully

2023-10-16 14:16:50 - [MESSAGE][PASSED] - Verify element property value successfully

2023-10-16 14:16:50 - [TEST_STEP][PASSED] - verifyElementPropertyValue(getResponse, "groups[0].pricingPlans[0].visualElements[0].key", "Header_1_text"): Verify element property value successfully

2023-10-16 14:16:50 - [MESSAGE][PASSED] - Verify element property value successfully

2023-10-16 14:16:50 - [TEST_STEP][PASSED] - verifyElementPropertyValue(getResponse, "groups[0].pricingPlans[0].visualElements[0].value", "Watch the most powerful series and movies exclusively without stopping"): Verify element property value successfully

2023-10-16 14:16:50 - [MESSAGE][PASSED] - Verify element property value successfully

2023-10-16 14:16:50 - [TEST_STEP][PASSED] - verifyElementPropertyValue(getResponse, "groups[0].pricingPlans[0].visualElements[1].key", "display_title"): Verify element property value successfully

2023-10-16 14:16:50 - [MESSAGE][PASSED] - Verify element property value successfully

2023-10-16 14:16:50 - [TEST_STEP][PASSED] - verifyElementPropertyValue(getResponse, "groups[0].pricingPlans[0].visualElements[1].value", "Monthly Plan"): Verify element property value successfully

2023-10-16 14:16:50 - [MESSAGE][PASSED] - Verify element property value successfully

2023-10-16 14:16:50 - [TEST_STEP][PASSED] - verifyElementPropertyValue(getResponse, "groups[0].pricingPlans[0].visualElements[3].key", "promo_text"): Verify element property value successfully

2023-10-16 14:16:50 - [MESSAGE][PASSED] - Verify element property value successfully

2023-10-16 14:16:50 - [TEST_STEP][PASSED] - verifyElementPropertyValue(getResponse, "groups[0].pricingPlans[0].visualElements[3].value", "11.99 USD / month"): Verify element property value successfully

2023-10-16 14:16:50 - [MESSAGE][PASSED] - Verify element property value successfully

2023-10-16 14:16:50 - [TEST_STEP][PASSED] - verifyElementPropertyValue(getResponse, "groups[0].pricingPlans[0].visualElements[4].key", "deduction_text"): Verify element property value successfully

2023-10-16 14:16:50 - [MESSAGE][PASSED] - Verify element property value successfully

2023-10-16 14:16:50 - [TEST_STEP][PASSED] - verifyElementPropertyValue(getResponse, "groups[0].pricingPlans[0].visualElements[4].value", "billed every month"): Verify element property value successfully

2023-10-16 14:16:50 - [MESSAGE][PASSED] - Verify element property value successfully

2023-10-16 14:16:50 - [TEST_STEP][PASSED] - verifyElementPropertyValue(getResponse, "groups[0].pricingPlans[0].visualElements[7].key", "show_payment_logo"): Verify element property value successfully

2023-10-16 14:16:50 - [MESSAGE][PASSED] - Verify element property value successfully

2023-10-16 14:16:50 - [TEST_STEP][PASSED] - verifyElementPropertyValue(getResponse, "groups[0].pricingPlans[0].visualElements[7].value", "true"): Verify element property value successfully

2023-10-16 14:16:50 - [MESSAGE][PASSED] - Verify element property value successfully

2023-10-16 14:16:50 - [TEST_STEP][PASSED] - verifyElementPropertyValue(getResponse, "groups[0].pricingPlans[0].visualElements[8].key", "show_tag"): Verify element property value successfully

2023-10-16 14:16:50 - [MESSAGE][PASSED] - Verify element property value successfully

2023-10-16 14:16:50 - [TEST_STEP][PASSED] - verifyElementPropertyValue(getResponse, "groups[0].pricingPlans[0].visualElements[8].value", "false"): Verify element property value successfully

2023-10-16 14:16:50 - [MESSAGE][PASSED] - Verify element property value successfully

2023-10-16 14:16:50 - [TEST_STEP][PASSED] - verifyElementPropertyValue(getResponse, "groups[0].pricingPlans[0].visualElements[10].key", "price"): Verify element property value successfully

2023-10-16 14:16:50 - [MESSAGE][PASSED] - Verify element property value successfully

2023-10-16 14:16:50 - [TEST_STEP][PASSED] - verifyElementPropertyValue(getResponse, "groups[0].pricingPlans[0].visualElements[10].value", "11.99"): Verify element property value successfully

2023-10-16 14:16:50 - [MESSAGE][PASSED] - Verify element property value successfully

2023-10-16 14:16:50 - [TEST_STEP][PASSED] - verifyElementPropertyValue(getResponse, "groups[0].pricingPlans[0].visualElements[11].key", "currency"): Verify element property value successfully

2023-10-16 14:16:50 - [MESSAGE][PASSED] - Verify element property value successfully

2023-10-16 14:16:50 - [TEST_STEP][PASSED] - verifyElementPropertyValue(getResponse, "groups[0].pricingPlans[0].visualElements[11].value", "USD"): Verify element property value successfully

2023-10-16 14:16:50 - [MESSAGE][PASSED] - Verify element property value successfully

2023-10-16 14:16:50 - [TEST_STEP][PASSED] - verifyElementPropertyValue(getResponse, "groups[0].pricingPlans[0].visualElements[12].key", "duration"): Verify element property value successfully

2023-10-16 14:16:50 - [MESSAGE][PASSED] - Verify element property value successfully

2023-10-16 14:16:50 - [TEST_STEP][PASSED] - verifyElementPropertyValue(getResponse, "groups[0].pricingPlans[0].visualElements[12].value", "Monthly"): Verify element property value successfully

2023-10-16 14:16:50 - [MESSAGE][PASSED] - Verify element property value successfully

2023-10-16 14:16:50 - [TEST_STEP][PASSED] - verifyElementPropertyValue(getResponse, "groups[0].pricingPlans[0].price", "11.99"): Verify element property value successfully

2023-10-16 14:16:50 - [MESSAGE][PASSED] - Verify element property value successfully

2023-10-16 14:16:50 - [TEST_STEP][PASSED] - verifyElementPropertyValue(getResponse, "groups[0].pricingPlans[0].currency", "USD"): Verify element property value successfully

2023-10-16 14:16:50 - [MESSAGE][PASSED] - Verify element property value successfully

2023-10-16 14:16:50 - [TEST_STEP][PASSED] - verifyElementPropertyValue(getResponse, "groups[0].pricingPlans[0].pricingPlanData[0].productId", "LBN_B2C_SHAHID_VIP_GEA_SPORT_1M"): Verify element property value successfully

2023-10-16 14:16:50 - [MESSAGE][PASSED] - Verify element property value successfully

2023-10-16 14:16:50 - [TEST_STEP][PASSED] - verifyElementPropertyValue(getResponse, "groups[0].pricingPlans[0].pricingPlanData[0].subPricingPlanIds", "null"): Verify element property value successfully

2023-10-16 14:16:50 - [MESSAGE][PASSED] - Verify element property value successfully

2023-10-16 14:16:50 - [TEST_STEP][PASSED] - verifyElementPropertyValue(getResponse, "groups[0].pricingPlans[0].pricingPlanData[0].paymentMethod", "CREDIT_CARD"): Verify element property value successfully

2023-10-16 14:16:50 - [MESSAGE][PASSED] - Verify element property value successfully

2023-10-16 14:16:50 - [TEST_STEP][PASSED] - verifyElementPropertyValue(getResponse, "groups[0].pricingPlans[0].pricingPlanData[0].freeTrialEnabled", "false"): Verify element property value successfully

2023-10-16 14:16:50 - [MESSAGE][PASSED] - Verify element property value successfully

2023-10-16 14:16:50 - [TEST_STEP][PASSED] - verifyElementPropertyValue(getResponse, "groups[0].pricingPlans[0].pricingPlanData[0].visualElements[0].key", "title"): Verify element property value successfully

2023-10-16 14:16:50 - [MESSAGE][PASSED] - Verify element property value successfully

2023-10-16 14:16:50 - [TEST_STEP][PASSED] - verifyElementPropertyValue(getResponse, "groups[0].pricingPlans[0].pricingPlanData[0].visualElements[0].value", "Credit/Debit Card"): Verify element property value successfully

2023-10-16 14:16:50 - [MESSAGE][PASSED] - Verify element property value successfully

2023-10-16 14:16:50 - [TEST_STEP][PASSED] - verifyElementPropertyValue(getResponse, "groups[0].pricingPlans[0].pricingPlanData[0].visualElements[1].key", "CTA_text"): Verify element property value successfully

2023-10-16 14:16:50 - [MESSAGE][PASSED] - Verify element property value successfully

2023-10-16 14:16:50 - [TEST_STEP][PASSED] - verifyElementPropertyValue(getResponse, "groups[0].pricingPlans[0].pricingPlanData[0].visualElements[1].value", "Subscribe"): Verify element property value successfully

2023-10-16 14:16:50 - [MESSAGE][PASSED] - Verify element property value successfully

2023-10-16 14:16:50 - [TEST_STEP][PASSED] - verifyElementPropertyValue(getResponse, "groups[0].pricingPlans[0].pricingPlanData[0].visualElements[2].key", "logo"): Verify element property value successfully

2023-10-16 14:16:50 - [MESSAGE][PASSED] - Verify element property value successfully

2023-10-16 14:16:50 - [TEST_STEP][PASSED] - verifyElementPropertyValue(getResponse, "groups[0].pricingPlans[0].pricingPlanData[0].visualElements[2].value", "https://static.s3.shahid.mbc.net/widget-images/icons/iconCreditCard.png"): Verify element property value successfully

2023-10-16 14:16:50 - [MESSAGE][PASSED] - Verify element property value successfully

2023-10-16 14:16:50 - [TEST_STEP][PASSED] - verifyElementPropertyValue(getResponse, "groups[0].pricingPlans[0].pricingPlanData[0].priceLabel", "11.99"): Verify element property value successfully

2023-10-16 14:16:50 - [MESSAGE][PASSED] - Verify element property value successfully

2023-10-16 14:16:50 - [TEST_STEP][PASSED] - verifyElementPropertyValue(getResponse, "groups[0].pricingPlans[0].pricingPlanData[0].currencyLabel", "$"): Verify element property value successfully

2023-10-16 14:16:50 - [MESSAGE][PASSED] - Verify element property value successfully

2023-10-16 14:16:50 - [TEST_STEP][PASSED] - verifyElementPropertyValue(getResponse, "groups[0].pricingPlans[0].pricingPlanData[0].allowedForAcquisition", "true"): Verify element property value successfully

2023-10-16 14:16:50 - [MESSAGE][PASSED] - Verify element property value successfully

2023-10-16 14:16:50 - [TEST_STEP][PASSED] - verifyElementPropertyValue(getResponse, "groups[0].pricingPlans[1].featured", "false"): Verify element property value successfully

2023-10-16 14:16:50 - [MESSAGE][PASSED] - Verify element property value successfully

2023-10-16 14:16:50 - [TEST_STEP][PASSED] - verifyElementPropertyValue(getResponse, "groups[0].pricingPlans[1].packageId", "SHAHID_VIP_GEA_SPORT"): Verify element property value successfully

2023-10-16 14:16:50 - [MESSAGE][PASSED] - Verify element property value successfully

2023-10-16 14:16:50 - [TEST_STEP][PASSED] - verifyElementPropertyValue(getResponse, "groups[0].pricingPlans[1].catalogId", "GEA"): Verify element property value successfully

2023-10-16 14:16:50 - [MESSAGE][PASSED] - Verify element property value successfully

2023-10-16 14:16:50 - [TEST_STEP][PASSED] - verifyElementPropertyValue(getResponse, "groups[0].pricingPlans[1].visualElements[0].key", "Header_1_text"): Verify element property value successfully

2023-10-16 14:16:50 - [MESSAGE][PASSED] - Verify element property value successfully

2023-10-16 14:16:50 - [TEST_STEP][PASSED] - verifyElementPropertyValue(getResponse, "groups[0].pricingPlans[1].visualElements[0].value", "Watch the most powerful series and movies exclusively without stopping"): Verify element property value successfully

2023-10-16 14:16:50 - [MESSAGE][PASSED] - Verify element property value successfully

2023-10-16 14:16:50 - [TEST_STEP][PASSED] - verifyElementPropertyValue(getResponse, "groups[0].pricingPlans[1].visualElements[1].key", "display_title"): Verify element property value successfully

2023-10-16 14:16:50 - [MESSAGE][PASSED] - Verify element property value successfully

2023-10-16 14:16:50 - [TEST_STEP][PASSED] - verifyElementPropertyValue(getResponse, "groups[0].pricingPlans[1].visualElements[1].value", "Annual Plan"): Verify element property value successfully

2023-10-16 14:16:50 - [MESSAGE][PASSED] - Verify element property value successfully

2023-10-16 14:16:50 - [TEST_STEP][PASSED] - verifyElementPropertyValue(getResponse, "groups[0].pricingPlans[1].visualElements[2].key", "tag_text"): Verify element property value successfully

2023-10-16 14:16:50 - [MESSAGE][PASSED] - Verify element property value successfully

2023-10-16 14:16:50 - [TEST_STEP][PASSED] - verifyElementPropertyValue(getResponse, "groups[0].pricingPlans[1].visualElements[2].value", "Save 37%"): Verify element property value successfully

2023-10-16 14:16:50 - [MESSAGE][PASSED] - Verify element property value successfully

2023-10-16 14:16:50 - [TEST_STEP][PASSED] - verifyElementPropertyValue(getResponse, "groups[0].pricingPlans[1].visualElements[3].key", "promo_text"): Verify element property value successfully

2023-10-16 14:16:50 - [MESSAGE][PASSED] - Verify element property value successfully

2023-10-16 14:16:50 - [TEST_STEP][PASSED] - verifyElementPropertyValue(getResponse, "groups[0].pricingPlans[1].visualElements[3].value", "7.49 USD / month"): Verify element property value successfully

2023-10-16 14:16:50 - [MESSAGE][PASSED] - Verify element property value successfully

2023-10-16 14:16:50 - [TEST_STEP][PASSED] - verifyElementPropertyValue(getResponse, "groups[0].pricingPlans[1].visualElements[4].key", "deduction_text"): Verify element property value successfully

2023-10-16 14:16:50 - [MESSAGE][PASSED] - Verify element property value successfully

2023-10-16 14:16:50 - [TEST_STEP][PASSED] - verifyElementPropertyValue(getResponse, "groups[0].pricingPlans[1].visualElements[4].value", "89.99  USD billed every year"): Verify element property value successfully

2023-10-16 14:16:50 - [MESSAGE][PASSED] - Verify element property value successfully

2023-10-16 14:16:50 - [TEST_STEP][PASSED] - verifyElementPropertyValue(getResponse, "groups[0].pricingPlans[1].visualElements[7].key", "show_payment_logo"): Verify element property value successfully

2023-10-16 14:16:50 - [MESSAGE][PASSED] - Verify element property value successfully

2023-10-16 14:16:50 - [TEST_STEP][PASSED] - verifyElementPropertyValue(getResponse, "groups[0].pricingPlans[1].visualElements[7].value", "true"): Verify element property value successfully

2023-10-16 14:16:50 - [MESSAGE][PASSED] - Verify element property value successfully

2023-10-16 14:16:50 - [TEST_STEP][PASSED] - verifyElementPropertyValue(getResponse, "groups[0].pricingPlans[1].visualElements[8].key", "show_tag"): Verify element property value successfully

2023-10-16 14:16:50 - [MESSAGE][PASSED] - Verify element property value successfully

2023-10-16 14:16:50 - [TEST_STEP][PASSED] - verifyElementPropertyValue(getResponse, "groups[0].pricingPlans[1].visualElements[8].value", "true"): Verify element property value successfully

2023-10-16 14:16:50 - [MESSAGE][PASSED] - Verify element property value successfully

2023-10-16 14:16:50 - [TEST_STEP][PASSED] - verifyElementPropertyValue(getResponse, "groups[0].pricingPlans[1].visualElements[10].key", "price"): Verify element property value successfully

2023-10-16 14:16:50 - [MESSAGE][PASSED] - Verify element property value successfully

2023-10-16 14:16:50 - [TEST_STEP][PASSED] - verifyElementPropertyValue(getResponse, "groups[0].pricingPlans[1].visualElements[10].value", "89.99"): Verify element property value successfully

2023-10-16 14:16:50 - [MESSAGE][PASSED] - Verify element property value successfully

2023-10-16 14:16:50 - [TEST_STEP][PASSED] - verifyElementPropertyValue(getResponse, "groups[0].pricingPlans[1].visualElements[11].key", "currency"): Verify element property value successfully

2023-10-16 14:16:50 - [MESSAGE][PASSED] - Verify element property value successfully

2023-10-16 14:16:50 - [TEST_STEP][PASSED] - verifyElementPropertyValue(getResponse, "groups[0].pricingPlans[1].visualElements[11].value", "USD"): Verify element property value successfully

2023-10-16 14:16:50 - [MESSAGE][PASSED] - Verify element property value successfully

2023-10-16 14:16:50 - [TEST_STEP][PASSED] - verifyElementPropertyValue(getResponse, "groups[0].pricingPlans[1].visualElements[12].key", "duration"): Verify element property value successfully

2023-10-16 14:16:50 - [MESSAGE][PASSED] - Verify element property value successfully

2023-10-16 14:16:50 - [TEST_STEP][PASSED] - verifyElementPropertyValue(getResponse, "groups[0].pricingPlans[1].visualElements[12].value", "yearly"): Verify element property value successfully

2023-10-16 14:16:50 - [MESSAGE][PASSED] - Verify element property value successfully

2023-10-16 14:16:50 - [TEST_STEP][PASSED] - verifyElementPropertyValue(getResponse, "groups[0].pricingPlans[1].order", "11"): Verify element property value successfully

2023-10-16 14:16:50 - [MESSAGE][PASSED] - Verify element property value successfully

2023-10-16 14:16:50 - [TEST_STEP][PASSED] - verifyElementPropertyValue(getResponse, "groups[0].pricingPlans[1].period", "yearly"): Verify element property value successfully

2023-10-16 14:16:50 - [MESSAGE][PASSED] - Verify element property value successfully

2023-10-16 14:16:50 - [TEST_STEP][PASSED] - verifyElementPropertyValue(getResponse, "groups[0].pricingPlans[1].price", "89.99"): Verify element property value successfully

2023-10-16 14:16:50 - [MESSAGE][PASSED] - Verify element property value successfully

2023-10-16 14:16:50 - [TEST_STEP][PASSED] - verifyElementPropertyValue(getResponse, "groups[0].pricingPlans[1].currency", "USD"): Verify element property value successfully

2023-10-16 14:16:50 - [MESSAGE][PASSED] - Verify element property value successfully

2023-10-16 14:16:50 - [TEST_STEP][PASSED] - verifyElementPropertyValue(getResponse, "groups[0].pricingPlans[1].pricingPlanData[0].productId", "LBN_B2C_SHAHID_VIP_GEA_SPORT_12M"): Verify element property value successfully

2023-10-16 14:16:50 - [MESSAGE][PASSED] - Verify element property value successfully

2023-10-16 14:16:50 - [TEST_STEP][PASSED] - verifyElementPropertyValue(getResponse, "groups[0].pricingPlans[1].pricingPlanData[0].subPricingPlanIds", "null"): Verify element property value successfully

2023-10-16 14:16:50 - [MESSAGE][PASSED] - Verify element property value successfully

2023-10-16 14:16:50 - [TEST_STEP][PASSED] - verifyElementPropertyValue(getResponse, "groups[0].pricingPlans[1].pricingPlanData[0].paymentMethod", "CREDIT_CARD"): Verify element property value successfully

2023-10-16 14:16:50 - [MESSAGE][PASSED] - Verify element property value successfully

2023-10-16 14:16:50 - [TEST_STEP][PASSED] - verifyElementPropertyValue(getResponse, "groups[0].pricingPlans[1].pricingPlanData[0].freeTrialEnabled", "false"): Verify element property value successfully

2023-10-16 14:16:50 - [MESSAGE][PASSED] - Verify element property value successfully

2023-10-16 14:16:50 - [TEST_STEP][PASSED] - verifyElementPropertyValue(getResponse, "groups[0].pricingPlans[1].pricingPlanData[0].visualElements[0].key", "title"): Verify element property value successfully

2023-10-16 14:16:50 - [MESSAGE][PASSED] - Verify element property value successfully

2023-10-16 14:16:50 - [TEST_STEP][PASSED] - verifyElementPropertyValue(getResponse, "groups[0].pricingPlans[1].pricingPlanData[0].visualElements[0].value", "Credit/Debit Card"): Verify element property value successfully

2023-10-16 14:16:50 - [MESSAGE][PASSED] - Verify element property value successfully

2023-10-16 14:16:50 - [TEST_STEP][PASSED] - verifyElementPropertyValue(getResponse, "groups[0].pricingPlans[1].pricingPlanData[0].visualElements[1].key", "CTA_text"): Verify element property value successfully

2023-10-16 14:16:50 - [MESSAGE][PASSED] - Verify element property value successfully

2023-10-16 14:16:50 - [TEST_STEP][PASSED] - verifyElementPropertyValue(getResponse, "groups[0].pricingPlans[1].pricingPlanData[0].visualElements[1].value", "Subscribe"): Verify element property value successfully

2023-10-16 14:16:50 - [MESSAGE][PASSED] - Verify element property value successfully

2023-10-16 14:16:50 - [TEST_STEP][PASSED] - verifyElementPropertyValue(getResponse, "groups[0].pricingPlans[1].pricingPlanData[0].visualElements[2].key", "logo"): Verify element property value successfully

2023-10-16 14:16:50 - [MESSAGE][PASSED] - Verify element property value successfully

2023-10-16 14:16:50 - [TEST_STEP][PASSED] - verifyElementPropertyValue(getResponse, "groups[0].pricingPlans[1].pricingPlanData[0].visualElements[2].value", "https://static.s3.shahid.mbc.net/widget-images/icons/iconCreditCard.png"): Verify element property value successfully

2023-10-16 14:16:50 - [MESSAGE][PASSED] - Verify element property value successfully

2023-10-16 14:16:50 - [TEST_STEP][PASSED] - verifyElementPropertyValue(getResponse, "groups[0].pricingPlans[1].pricingPlanData[0].priceLabel", "89.99"): Verify element property value successfully

2023-10-16 14:16:50 - [MESSAGE][PASSED] - Verify element property value successfully

2023-10-16 14:16:50 - [TEST_STEP][PASSED] - verifyElementPropertyValue(getResponse, "groups[0].pricingPlans[1].pricingPlanData[0].currencyLabel", "$"): Verify element property value successfully

2023-10-16 14:16:50 - [MESSAGE][PASSED] - Verify element property value successfully

2023-10-16 14:16:50 - [TEST_STEP][PASSED] - verifyElementPropertyValue(getResponse, "groups[0].pricingPlans[1].pricingPlanData[0].allowedForAcquisition", "true"): Verify element property value successfully

2023-10-16 14:16:50 - [MESSAGE][PASSED] - Verify element property value successfully

2023-10-16 14:16:50 - [TEST_STEP][PASSED] - verifyElementPropertyValue(getResponse, "groups[0].pricingPlans[1].pricingPlanData[0].showIn[0]", "VERTICAL_MODE"): Verify element property value successfully

2023-10-16 14:16:50 - [MESSAGE][PASSED] - Verify element property value successfully

2023-10-16 14:16:50 - [TEST_STEP][PASSED] - verifyElementPropertyValue(getResponse, "groups[0].pricingPlans[1].pricingPlanData[0].showIn[1]", "HORIZONTAL_MODE"): Verify element property value successfully

2023-10-16 14:16:50 - [MESSAGE][PASSED] - Verify element property value successfully

2023-10-16 14:16:50 - [TEST_STEP][PASSED] - verifyElementPropertyValue(getResponse, "visualElements[0].key", "main_CTA_text_1"): Verify element property value successfully

2023-10-16 14:16:50 - [MESSAGE][PASSED] - Verify element property value successfully

2023-10-16 14:16:50 - [TEST_STEP][PASSED] - verifyElementPropertyValue(getResponse, "visualElements[0].value", "Watch the most powerful series and movies exclusively without stopping"): Verify element property value successfully

2023-10-16 14:16:50 - [MESSAGE][PASSED] - Verify element property value successfully

2023-10-16 14:16:50 - [TEST_STEP][PASSED] - verifyElementPropertyValue(getResponse, "visualElements[2].key", "main_disclaimer_text"): Verify element property value successfully

2023-10-16 14:16:50 - [MESSAGE][PASSED] - Verify element property value successfully

2023-10-16 14:16:50 - [TEST_STEP][PASSED] - verifyElementPropertyValue(getResponse, "visualElements[2].value", "Subscription fees may vary depending on the country, payment method, subscription package, added tax, currency conversion factor, and bank fees. Terms and conditions apply."): Verify element property value successfully

2023-10-16 14:16:50 - [MESSAGE][PASSED] - Verify element property value successfully

2023-10-16 14:16:50 - [TEST_STEP][PASSED] - verifyElementPropertyValue(getResponse, "visualElements[4].key", "display_type"): Verify element property value successfully

2023-10-16 14:16:50 - [MESSAGE][PASSED] - Verify element property value successfully

2023-10-16 14:16:50 - [TEST_STEP][PASSED] - verifyElementPropertyValue(getResponse, "visualElements[4].value", "vertical"): Verify element property value successfully

2023-10-16 14:16:50 - [MESSAGE][PASSED] - Verify element property value successfully

2023-10-16 14:16:50 - [TEST_STEP][PASSED] - verifyElementPropertyValue(getResponse, "pages[0].visualElements[0].key", "alternative_payment_title"): Verify element property value successfully

2023-10-16 14:16:50 - [MESSAGE][PASSED] - Verify element property value successfully

2023-10-16 14:16:50 - [TEST_STEP][PASSED] - verifyElementPropertyValue(getResponse, "pages[0].visualElements[0].value", "Or choose one of the following alternative methods"): Verify element property value successfully

2023-10-16 14:16:50 - [MESSAGE][PASSED] - Verify element property value successfully

2023-10-16 14:16:50 - [TEST_STEP][PASSED] - verifyElementPropertyValue(getResponse, "pages[0].visualElements[1].key", "label_text"): Verify element property value successfully

2023-10-16 14:16:50 - [MESSAGE][PASSED] - Verify element property value successfully

2023-10-16 14:16:50 - [TEST_STEP][FAILED] - verifyElementPropertyValue(getResponse, "pages[0].visualElements[1].value", "Other Payment Methods"): Expected element property value 'Other Payment Methods' is not equal with actual property value 'Other payment methods'

2023-10-16 14:16:50 - [MESSAGE][FAILED] - Expected element property value 'Other Payment Methods' is not equal with actual property value 'Other payment methods'

2023-10-16 14:16:50 - [TEST_STEP][PASSED] - verifyElementPropertyValue(getResponse, "pages[0].visualElements[3].key", "CTA_text"): Verify element property value successfully

2023-10-16 14:16:50 - [MESSAGE][PASSED] - Verify element property value successfully

2023-10-16 14:16:50 - [TEST_STEP][PASSED] - verifyElementPropertyValue(getResponse, "pages[0].visualElements[3].value", "Click here"): Verify element property value successfully

2023-10-16 14:16:50 - [MESSAGE][PASSED] - Verify element property value successfully

2023-10-16 14:16:50 - [TEST_STEP][PASSED] - verifyElementPropertyValue(getResponse, "pages[0].visualElements[4].key", "main_title"): Verify element property value successfully

2023-10-16 14:16:50 - [MESSAGE][PASSED] - Verify element property value successfully

2023-10-16 14:16:50 - [TEST_STEP][PASSED] - verifyElementPropertyValue(getResponse, "pages[0].visualElements[4].value", "Other Payment Methods"): Verify element property value successfully

2023-10-16 14:16:50 - [MESSAGE][PASSED] - Verify element property value successfully

2023-10-16 14:16:50 - [TEST_STEP][PASSED] - verifyElementPropertyValue(getResponse, "pages[0].visualElements[6].key", "alternative_payment_methods"): Verify element property value successfully

2023-10-16 14:16:50 - [MESSAGE][PASSED] - Verify element property value successfully

2023-10-16 14:16:50 - [TEST_STEP][PASSED] - verifyElementPropertyValue(getResponse, "pages[0].visualElements[6].value", "You can get Shahid voucher from any of the following retailers"): Verify element property value successfully

2023-10-16 14:16:50 - [MESSAGE][PASSED] - Verify element property value successfully

2023-10-16 14:16:50 - [TEST_STEP][PASSED] - verifyElementPropertyValue(getResponse, "defaultPackageId", "SHAHID_VIP"): Verify element property value successfully

2023-10-16 14:16:50 - [MESSAGE][PASSED] - Verify element property value successfully]]></system-out>
         <system-err><![CDATA[2023-10-16 14:16:49 - [TEST_CASE][FAILED] - Test Cases/WEB - CHROME/LBN PI/WEB_EN_getSubscriptionConfigForLBN_Ultimate: Test Cases/WEB - CHROME/LBN PI/WEB_EN_getSubscriptionConfigForLBN_Ultimate FAILED.
Reason:
com.kms.katalon.core.exception.StepFailedException: Expected element property value 'Other Payment Methods' is not equal with actual property value 'Other payment methods'
	at com.kms.katalon.core.keyword.internal.KeywordMain.stepFailed(KeywordMain.groovy:39)
	at com.kms.katalon.core.webservice.keyword.builtin.VerifyElementPropertyValueKeyword$_verifyElementPropertyValue_closure1.doCall(VerifyElementPropertyValueKeyword.groovy:56)
	at com.kms.katalon.core.webservice.keyword.builtin.VerifyElementPropertyValueKeyword$_verifyElementPropertyValue_closure1.call(VerifyElementPropertyValueKeyword.groovy)
	at com.kms.katalon.core.keyword.internal.KeywordMain.runKeyword(KeywordMain.groovy:75)
	at com.kms.katalon.core.webservice.keyword.builtin.VerifyElementPropertyValueKeyword.verifyElementPropertyValue(VerifyElementPropertyValueKeyword.groovy:48)
	at com.kms.katalon.core.webservice.keyword.builtin.VerifyElementPropertyValueKeyword.execute(VerifyElementPropertyValueKeyword.groovy:43)
	at com.kms.katalon.core.keyword.internal.KeywordExecutor.executeKeywordForPlatform(KeywordExecutor.groovy:74)
	at com.kms.katalon.core.webservice.keyword.WSBuiltInKeywords.verifyElementPropertyValue(WSBuiltInKeywords.groovy:190)
	at com.kms.katalon.core.webservice.keyword.WSBuiltInKeywords$verifyElementPropertyValue$1.call(Unknown Source)
	at WEB_EN_getSubscriptionConfigForLBN_Ultimate.run(WEB_EN_getSubscriptionConfigForLBN_Ultimate:152)
	at com.kms.katalon.core.main.ScriptEngine.run(ScriptEngine.java:194)
	at com.kms.katalon.core.main.ScriptEngine.runScriptAsRawText(ScriptEngine.java:119)
	at com.kms.katalon.core.main.TestCaseExecutor.runScript(TestCaseExecutor.java:448)
	at com.kms.katalon.core.main.TestCaseExecutor.doExecute(TestCaseExecutor.java:439)
	at com.kms.katalon.core.main.TestCaseExecutor.processExecutionPhase(TestCaseExecutor.java:418)
	at com.kms.katalon.core.main.TestCaseExecutor.accessMainPhase(TestCaseExecutor.java:410)
	at com.kms.katalon.core.main.TestCaseExecutor.execute(TestCaseExecutor.java:285)
	at com.kms.katalon.core.common.CommonExecutor.accessTestCaseMainPhase(CommonExecutor.java:65)
	at com.kms.katalon.core.main.TestSuiteExecutor.accessTestSuiteMainPhase(TestSuiteExecutor.java:148)
	at com.kms.katalon.core.main.TestSuiteExecutor.execute(TestSuiteExecutor.java:106)
	at com.kms.katalon.core.main.TestCaseMain.startTestSuite(TestCaseMain.java:187)
	at com.kms.katalon.core.main.TestCaseMain$startTestSuite$0.call(Unknown Source)
	at TempTestSuite1697454215032.run(TempTestSuite1697454215032.groovy:36)]]></system-err>
      </testcase>
      <testcase name="Test Cases/WEB - CHROME/LBN PI/WEB_AR_getOffersForLBN_SPORT" time="3.753" classname="Test Cases/WEB - CHROME/LBN PI/WEB_AR_getOffersForLBN_SPORT" status="PASSED">
         <system-out><![CDATA[2023-10-16 14:16:50 - [TEST_CASE][PASSED] - Test Cases/WEB - CHROME/LBN PI/WEB_AR_getOffersForLBN_SPORT: Test Cases/WEB - CHROME/LBN PI/WEB_AR_getOffersForLBN_SPORT

2023-10-16 14:16:51 - [TEST_STEP][PASSED] - getResponse = config_files.getConfigFile.getConfig("WEB", "AR", "SHAHID_VIP_SPORT", "LB", "false"): config_files.getConfigFile.getConfig is PASSED

2023-10-16 14:16:52 - [MESSAGE][INFO] - HAR: /Users/admin/git/shahid-configuration/Reports/20231016_140310/WEB/LBN/20231016_140335/requests/main/4.har

2023-10-16 14:16:52 - [MESSAGE][PASSED] - Send request successfully

2023-10-16 14:16:52 - [MESSAGE][PASSED] - config_files.getConfigFile.getConfig is PASSED

2023-10-16 14:16:52 - [TEST_STEP][PASSED] - verifyResponseStatusCode(getResponse, 200): Verify response status code successfully

2023-10-16 14:16:52 - [MESSAGE][PASSED] - Verify response status code successfully

2023-10-16 14:16:52 - [TEST_STEP][PASSED] - verifyElementPropertyValue(getResponse, "country", "LBN"): Verify element property value successfully

2023-10-16 14:16:52 - [MESSAGE][PASSED] - Verify element property value successfully

2023-10-16 14:16:52 - [TEST_STEP][PASSED] - verifyElementPropertyValue(getResponse, "platform", "[WEB]"): Verify element property value successfully

2023-10-16 14:16:52 - [MESSAGE][PASSED] - Verify element property value successfully

2023-10-16 14:16:52 - [TEST_STEP][PASSED] - verifyElementPropertyValue(getResponse, "offers[5].offerId", "winback-sport-30-offer"): Verify element property value successfully

2023-10-16 14:16:52 - [MESSAGE][PASSED] - Verify element property value successfully

2023-10-16 14:16:52 - [TEST_STEP][PASSED] - verifyElementPropertyValue(getResponse, "offers[5].offerParam", "sportsoffer30"): Verify element property value successfully

2023-10-16 14:16:52 - [MESSAGE][PASSED] - Verify element property value successfully

2023-10-16 14:16:52 - [TEST_STEP][PASSED] - verifyElementPropertyValue(getResponse, "offers[5].groups[0].pricingPlans[0].featured", "true"): Verify element property value successfully

2023-10-16 14:16:52 - [MESSAGE][PASSED] - Verify element property value successfully

2023-10-16 14:16:52 - [TEST_STEP][PASSED] - verifyElementPropertyValue(getResponse, "offers[5].groups[0].pricingPlans[0].period", "monthly"): Verify element property value successfully

2023-10-16 14:16:52 - [MESSAGE][PASSED] - Verify element property value successfully

2023-10-16 14:16:52 - [TEST_STEP][PASSED] - verifyElementPropertyValue(getResponse, "offers[5].groups[0].pricingPlans[0].featured", "true"): Verify element property value successfully

2023-10-16 14:16:52 - [MESSAGE][PASSED] - Verify element property value successfully

2023-10-16 14:16:52 - [TEST_STEP][PASSED] - verifyElementPropertyValue(getResponse, "offers[5].groups[0].pricingPlans[0].price", "6.69"): Verify element property value successfully

2023-10-16 14:16:52 - [MESSAGE][PASSED] - Verify element property value successfully

2023-10-16 14:16:52 - [TEST_STEP][PASSED] - verifyElementPropertyValue(getResponse, "offers[5].groups[0].pricingPlans[0].currency", "$"): Verify element property value successfully

2023-10-16 14:16:52 - [MESSAGE][PASSED] - Verify element property value successfully

2023-10-16 14:16:52 - [TEST_STEP][PASSED] - verifyElementPropertyValue(getResponse, "offers[5].groups[0].pricingPlans[0].order", "0"): Verify element property value successfully

2023-10-16 14:16:52 - [MESSAGE][PASSED] - Verify element property value successfully

2023-10-16 14:16:52 - [TEST_STEP][PASSED] - verifyElementPropertyValue(getResponse, "offers[5].groups[0].pricingPlans[0].packageId", "SHAHID_VIP_SPORT"): Verify element property value successfully

2023-10-16 14:16:52 - [MESSAGE][PASSED] - Verify element property value successfully

2023-10-16 14:16:52 - [TEST_STEP][PASSED] - verifyElementPropertyValue(getResponse, "offers[5].groups[0].pricingPlans[0].catalogId", "SPORT"): Verify element property value successfully

2023-10-16 14:16:52 - [MESSAGE][PASSED] - Verify element property value successfully

2023-10-16 14:16:52 - [TEST_STEP][PASSED] - verifyElementPropertyValue(getResponse, "offers[5].groups[0].pricingPlans[0].visualElements[0].key", "Header_1_text"): Verify element property value successfully

2023-10-16 14:16:52 - [MESSAGE][PASSED] - Verify element property value successfully

2023-10-16 14:16:52 - [TEST_STEP][PASSED] - verifyElementPropertyValue(getResponse, "offers[5].groups[0].pricingPlans[0].visualElements[0].value", "شاهد أقوى المسلسلات و الأفلام حصرياً دون توقف"): Verify element property value successfully

2023-10-16 14:16:52 - [MESSAGE][PASSED] - Verify element property value successfully

2023-10-16 14:16:52 - [TEST_STEP][PASSED] - verifyElementPropertyValue(getResponse, "offers[5].groups[0].pricingPlans[0].visualElements[1].key", "display_title"): Verify element property value successfully

2023-10-16 14:16:52 - [MESSAGE][PASSED] - Verify element property value successfully

2023-10-16 14:16:52 - [TEST_STEP][PASSED] - verifyElementPropertyValue(getResponse, "offers[5].groups[0].pricingPlans[0].visualElements[1].value", "احصل على خصم 30%"): Verify element property value successfully

2023-10-16 14:16:52 - [MESSAGE][PASSED] - Verify element property value successfully

2023-10-16 14:16:52 - [TEST_STEP][PASSED] - verifyElementPropertyValue(getResponse, "offers[5].groups[0].pricingPlans[0].visualElements[3].key", "deduction_text"): Verify element property value successfully

2023-10-16 14:16:52 - [MESSAGE][PASSED] - Verify element property value successfully

2023-10-16 14:16:52 - [TEST_STEP][PASSED] - verifyElementPropertyValue(getResponse, "offers[5].groups[0].pricingPlans[0].visualElements[3].value", "تدفع شهرياً"): Verify element property value successfully

2023-10-16 14:16:52 - [MESSAGE][PASSED] - Verify element property value successfully

2023-10-16 14:16:52 - [TEST_STEP][PASSED] - verifyElementPropertyValue(getResponse, "offers[5].groups[0].pricingPlans[0].visualElements[6].key", "show_payment_logo"): Verify element property value successfully

2023-10-16 14:16:52 - [MESSAGE][PASSED] - Verify element property value successfully

2023-10-16 14:16:52 - [TEST_STEP][PASSED] - verifyElementPropertyValue(getResponse, "offers[5].groups[0].pricingPlans[0].visualElements[6].value", "true"): Verify element property value successfully

2023-10-16 14:16:52 - [MESSAGE][PASSED] - Verify element property value successfully

2023-10-16 14:16:52 - [TEST_STEP][PASSED] - verifyElementPropertyValue(getResponse, "offers[5].groups[0].pricingPlans[0].visualElements[8].key", "price"): Verify element property value successfully

2023-10-16 14:16:52 - [MESSAGE][PASSED] - Verify element property value successfully

2023-10-16 14:16:52 - [TEST_STEP][PASSED] - verifyElementPropertyValue(getResponse, "offers[5].groups[0].pricingPlans[0].visualElements[8].value", "6.69"): Verify element property value successfully

2023-10-16 14:16:52 - [MESSAGE][PASSED] - Verify element property value successfully

2023-10-16 14:16:52 - [TEST_STEP][PASSED] - verifyElementPropertyValue(getResponse, "offers[5].groups[0].pricingPlans[0].visualElements[9].key", "currency"): Verify element property value successfully

2023-10-16 14:16:52 - [MESSAGE][PASSED] - Verify element property value successfully

2023-10-16 14:16:52 - [TEST_STEP][PASSED] - verifyElementPropertyValue(getResponse, "offers[5].groups[0].pricingPlans[0].visualElements[9].value", "$"): Verify element property value successfully

2023-10-16 14:16:52 - [MESSAGE][PASSED] - Verify element property value successfully

2023-10-16 14:16:52 - [TEST_STEP][PASSED] - verifyElementPropertyValue(getResponse, "offers[5].groups[0].pricingPlans[0].visualElements[10].key", "duration"): Verify element property value successfully

2023-10-16 14:16:52 - [MESSAGE][PASSED] - Verify element property value successfully

2023-10-16 14:16:52 - [TEST_STEP][PASSED] - verifyElementPropertyValue(getResponse, "offers[5].groups[0].pricingPlans[0].visualElements[10].value", "شهرياً"): Verify element property value successfully

2023-10-16 14:16:52 - [MESSAGE][PASSED] - Verify element property value successfully

2023-10-16 14:16:52 - [TEST_STEP][PASSED] - verifyElementPropertyValue(getResponse, "offers[5].groups[0].pricingPlans[0].visualElements[11].key", "featured_tag_text"): Verify element property value successfully

2023-10-16 14:16:52 - [MESSAGE][PASSED] - Verify element property value successfully

2023-10-16 14:16:52 - [TEST_STEP][PASSED] - verifyElementPropertyValue(getResponse, "offers[5].groups[0].pricingPlans[0].visualElements[11].value", "عرض لمدة محدودة"): Verify element property value successfully

2023-10-16 14:16:52 - [MESSAGE][PASSED] - Verify element property value successfully

2023-10-16 14:16:52 - [TEST_STEP][PASSED] - verifyElementPropertyValue(getResponse, "offers[5].groups[0].pricingPlans[0].visualElements[13].key", "tag_text"): Verify element property value successfully

2023-10-16 14:16:52 - [MESSAGE][PASSED] - Verify element property value successfully

2023-10-16 14:16:52 - [TEST_STEP][PASSED] - verifyElementPropertyValue(getResponse, "offers[5].groups[0].pricingPlans[0].visualElements[13].value", "وفر 30%"): Verify element property value successfully

2023-10-16 14:16:52 - [MESSAGE][PASSED] - Verify element property value successfully

2023-10-16 14:16:52 - [TEST_STEP][PASSED] - verifyElementPropertyValue(getResponse, "offers[5].groups[0].pricingPlans[0].visualElements[12].key", "show_tag"): Verify element property value successfully

2023-10-16 14:16:52 - [MESSAGE][PASSED] - Verify element property value successfully

2023-10-16 14:16:52 - [TEST_STEP][PASSED] - verifyElementPropertyValue(getResponse, "offers[5].groups[0].pricingPlans[0].visualElements[12].value", "true"): Verify element property value successfully

2023-10-16 14:16:52 - [MESSAGE][PASSED] - Verify element property value successfully

2023-10-16 14:16:52 - [TEST_STEP][PASSED] - verifyElementPropertyValue(getResponse, "offers[5].groups[0].pricingPlans[0].pricingPlanData[0].productId", "LBN_B2C_SHAHID_VIP_SPORT_1M"): Verify element property value successfully

2023-10-16 14:16:52 - [MESSAGE][PASSED] - Verify element property value successfully

2023-10-16 14:16:52 - [TEST_STEP][PASSED] - verifyElementPropertyValue(getResponse, "offers[5].groups[0].pricingPlans[0].pricingPlanData[0].paymentMethod", "CREDIT_CARD"): Verify element property value successfully

2023-10-16 14:16:52 - [MESSAGE][PASSED] - Verify element property value successfully

2023-10-16 14:16:52 - [TEST_STEP][PASSED] - verifyElementPropertyValue(getResponse, "offers[5].groups[0].pricingPlans[0].pricingPlanData[0].freeTrialEnabled", "false"): Verify element property value successfully

2023-10-16 14:16:52 - [MESSAGE][PASSED] - Verify element property value successfully

2023-10-16 14:16:52 - [TEST_STEP][PASSED] - verifyElementPropertyValue(getResponse, "offers[5].groups[0].pricingPlans[0].pricingPlanData[0].showIn[0]", "VERTICAL_MODE"): Verify element property value successfully

2023-10-16 14:16:52 - [MESSAGE][PASSED] - Verify element property value successfully

2023-10-16 14:16:52 - [TEST_STEP][PASSED] - verifyElementPropertyValue(getResponse, "offers[5].groups[0].pricingPlans[0].pricingPlanData[0].showIn[1]", "HORIZONTAL_MODE"): Verify element property value successfully

2023-10-16 14:16:52 - [MESSAGE][PASSED] - Verify element property value successfully

2023-10-16 14:16:52 - [TEST_STEP][PASSED] - verifyElementPropertyValue(getResponse, "offers[5].groups[0].pricingPlans[0].pricingPlanData[0].priceLabel", "6.69"): Verify element property value successfully

2023-10-16 14:16:52 - [MESSAGE][PASSED] - Verify element property value successfully

2023-10-16 14:16:52 - [TEST_STEP][PASSED] - verifyElementPropertyValue(getResponse, "offers[5].groups[0].pricingPlans[0].pricingPlanData[0].currencyLabel", "$"): Verify element property value successfully

2023-10-16 14:16:52 - [MESSAGE][PASSED] - Verify element property value successfully

2023-10-16 14:16:52 - [TEST_STEP][PASSED] - verifyElementPropertyValue(getResponse, "offers[5].groups[0].pricingPlans[0].pricingPlanData[0].dealId", "WB_SPORT_30P_LBN"): Verify element property value successfully

2023-10-16 14:16:52 - [MESSAGE][PASSED] - Verify element property value successfully

2023-10-16 14:16:52 - [TEST_STEP][PASSED] - verifyElementPropertyValue(getResponse, "offers[5].groups[0].pricingPlans[0].pricingPlanData[0].allowedForAcquisition", "true"): Verify element property value successfully

2023-10-16 14:16:52 - [MESSAGE][PASSED] - Verify element property value successfully

2023-10-16 14:16:52 - [TEST_STEP][PASSED] - verifyElementPropertyValue(getResponse, "offers[5].groups[0].pricingPlans[0].pricingPlanData[0].visualElements[0].key", "title"): Verify element property value successfully

2023-10-16 14:16:52 - [MESSAGE][PASSED] - Verify element property value successfully

2023-10-16 14:16:52 - [TEST_STEP][PASSED] - verifyElementPropertyValue(getResponse, "offers[5].groups[0].pricingPlans[0].pricingPlanData[0].visualElements[0].value", "البطاقة المصرفية"): Verify element property value successfully

2023-10-16 14:16:52 - [MESSAGE][PASSED] - Verify element property value successfully

2023-10-16 14:16:52 - [TEST_STEP][PASSED] - verifyElementPropertyValue(getResponse, "offers[5].groups[0].pricingPlans[0].pricingPlanData[0].visualElements[1].key", "CTA_text"): Verify element property value successfully

2023-10-16 14:16:52 - [MESSAGE][PASSED] - Verify element property value successfully

2023-10-16 14:16:52 - [TEST_STEP][PASSED] - verifyElementPropertyValue(getResponse, "offers[5].groups[0].pricingPlans[0].pricingPlanData[0].visualElements[1].value", "اشترك"): Verify element property value successfully

2023-10-16 14:16:52 - [MESSAGE][PASSED] - Verify element property value successfully

2023-10-16 14:16:52 - [TEST_STEP][PASSED] - verifyElementPropertyValue(getResponse, "offers[5].groups[0].pricingPlans[0].pricingPlanData[0].visualElements[2].key", "logo"): Verify element property value successfully

2023-10-16 14:16:52 - [MESSAGE][PASSED] - Verify element property value successfully

2023-10-16 14:16:52 - [TEST_STEP][PASSED] - verifyElementPropertyValue(getResponse, "offers[5].groups[0].pricingPlans[0].pricingPlanData[0].visualElements[2].value", "https://static.s3.shahid.mbc.net/widget-images/icons/iconCreditCard.png"): Verify element property value successfully

2023-10-16 14:16:52 - [MESSAGE][PASSED] - Verify element property value successfully

2023-10-16 14:16:52 - [TEST_STEP][PASSED] - verifyElementPropertyValue(getResponse, "offers[6].offerId", "winback-sport-40-offer"): Verify element property value successfully

2023-10-16 14:16:52 - [MESSAGE][PASSED] - Verify element property value successfully

2023-10-16 14:16:52 - [TEST_STEP][PASSED] - verifyElementPropertyValue(getResponse, "offers[6].offerParam", "sportsoffer40"): Verify element property value successfully

2023-10-16 14:16:52 - [MESSAGE][PASSED] - Verify element property value successfully

2023-10-16 14:16:52 - [TEST_STEP][PASSED] - verifyElementPropertyValue(getResponse, "offers[6].groups[0].pricingPlans[0].featured", "true"): Verify element property value successfully

2023-10-16 14:16:52 - [MESSAGE][PASSED] - Verify element property value successfully

2023-10-16 14:16:52 - [TEST_STEP][PASSED] - verifyElementPropertyValue(getResponse, "offers[6].groups[0].pricingPlans[0].period", "monthly"): Verify element property value successfully

2023-10-16 14:16:52 - [MESSAGE][PASSED] - Verify element property value successfully

2023-10-16 14:16:52 - [TEST_STEP][PASSED] - verifyElementPropertyValue(getResponse, "offers[6].groups[0].pricingPlans[0].featured", "true"): Verify element property value successfully

2023-10-16 14:16:52 - [MESSAGE][PASSED] - Verify element property value successfully

2023-10-16 14:16:52 - [TEST_STEP][PASSED] - verifyElementPropertyValue(getResponse, "offers[6].groups[0].pricingPlans[0].price", "5.69"): Verify element property value successfully

2023-10-16 14:16:52 - [MESSAGE][PASSED] - Verify element property value successfully

2023-10-16 14:16:52 - [TEST_STEP][PASSED] - verifyElementPropertyValue(getResponse, "offers[6].groups[0].pricingPlans[0].currency", "$"): Verify element property value successfully

2023-10-16 14:16:52 - [MESSAGE][PASSED] - Verify element property value successfully

2023-10-16 14:16:52 - [TEST_STEP][PASSED] - verifyElementPropertyValue(getResponse, "offers[6].groups[0].pricingPlans[0].order", "0"): Verify element property value successfully

2023-10-16 14:16:52 - [MESSAGE][PASSED] - Verify element property value successfully

2023-10-16 14:16:52 - [TEST_STEP][PASSED] - verifyElementPropertyValue(getResponse, "offers[6].groups[0].pricingPlans[0].packageId", "SHAHID_VIP_SPORT"): Verify element property value successfully

2023-10-16 14:16:52 - [MESSAGE][PASSED] - Verify element property value successfully

2023-10-16 14:16:52 - [TEST_STEP][PASSED] - verifyElementPropertyValue(getResponse, "offers[6].groups[0].pricingPlans[0].catalogId", "SPORT"): Verify element property value successfully

2023-10-16 14:16:52 - [MESSAGE][PASSED] - Verify element property value successfully

2023-10-16 14:16:52 - [TEST_STEP][PASSED] - verifyElementPropertyValue(getResponse, "offers[6].groups[0].pricingPlans[0].visualElements[0].key", "Header_1_text"): Verify element property value successfully

2023-10-16 14:16:52 - [MESSAGE][PASSED] - Verify element property value successfully

2023-10-16 14:16:52 - [TEST_STEP][PASSED] - verifyElementPropertyValue(getResponse, "offers[6].groups[0].pricingPlans[0].visualElements[0].value", "شاهد أقوى المسلسلات و الأفلام حصرياً دون توقف"): Verify element property value successfully

2023-10-16 14:16:52 - [MESSAGE][PASSED] - Verify element property value successfully

2023-10-16 14:16:52 - [TEST_STEP][PASSED] - verifyElementPropertyValue(getResponse, "offers[6].groups[0].pricingPlans[0].visualElements[1].key", "display_title"): Verify element property value successfully

2023-10-16 14:16:52 - [MESSAGE][PASSED] - Verify element property value successfully

2023-10-16 14:16:52 - [TEST_STEP][PASSED] - verifyElementPropertyValue(getResponse, "offers[6].groups[0].pricingPlans[0].visualElements[1].value", "احصل على خصم 40%"): Verify element property value successfully

2023-10-16 14:16:52 - [MESSAGE][PASSED] - Verify element property value successfully

2023-10-16 14:16:52 - [TEST_STEP][PASSED] - verifyElementPropertyValue(getResponse, "offers[6].groups[0].pricingPlans[0].visualElements[3].key", "deduction_text"): Verify element property value successfully

2023-10-16 14:16:52 - [MESSAGE][PASSED] - Verify element property value successfully

2023-10-16 14:16:52 - [TEST_STEP][PASSED] - verifyElementPropertyValue(getResponse, "offers[6].groups[0].pricingPlans[0].visualElements[3].value", "تدفع شهرياً"): Verify element property value successfully

2023-10-16 14:16:52 - [MESSAGE][PASSED] - Verify element property value successfully

2023-10-16 14:16:52 - [TEST_STEP][PASSED] - verifyElementPropertyValue(getResponse, "offers[6].groups[0].pricingPlans[0].visualElements[6].key", "show_payment_logo"): Verify element property value successfully

2023-10-16 14:16:52 - [MESSAGE][PASSED] - Verify element property value successfully

2023-10-16 14:16:52 - [TEST_STEP][PASSED] - verifyElementPropertyValue(getResponse, "offers[6].groups[0].pricingPlans[0].visualElements[6].value", "true"): Verify element property value successfully

2023-10-16 14:16:52 - [MESSAGE][PASSED] - Verify element property value successfully

2023-10-16 14:16:52 - [TEST_STEP][PASSED] - verifyElementPropertyValue(getResponse, "offers[6].groups[0].pricingPlans[0].visualElements[8].key", "price"): Verify element property value successfully

2023-10-16 14:16:52 - [MESSAGE][PASSED] - Verify element property value successfully

2023-10-16 14:16:52 - [TEST_STEP][PASSED] - verifyElementPropertyValue(getResponse, "offers[6].groups[0].pricingPlans[0].visualElements[8].value", "5.69"): Verify element property value successfully

2023-10-16 14:16:52 - [MESSAGE][PASSED] - Verify element property value successfully

2023-10-16 14:16:52 - [TEST_STEP][PASSED] - verifyElementPropertyValue(getResponse, "offers[6].groups[0].pricingPlans[0].visualElements[9].key", "currency"): Verify element property value successfully

2023-10-16 14:16:52 - [MESSAGE][PASSED] - Verify element property value successfully

2023-10-16 14:16:52 - [TEST_STEP][PASSED] - verifyElementPropertyValue(getResponse, "offers[6].groups[0].pricingPlans[0].visualElements[9].value", "$"): Verify element property value successfully

2023-10-16 14:16:52 - [MESSAGE][PASSED] - Verify element property value successfully

2023-10-16 14:16:52 - [TEST_STEP][PASSED] - verifyElementPropertyValue(getResponse, "offers[6].groups[0].pricingPlans[0].visualElements[10].key", "duration"): Verify element property value successfully

2023-10-16 14:16:52 - [MESSAGE][PASSED] - Verify element property value successfully

2023-10-16 14:16:52 - [TEST_STEP][PASSED] - verifyElementPropertyValue(getResponse, "offers[6].groups[0].pricingPlans[0].visualElements[10].value", "شهرياً"): Verify element property value successfully

2023-10-16 14:16:52 - [MESSAGE][PASSED] - Verify element property value successfully

2023-10-16 14:16:52 - [TEST_STEP][PASSED] - verifyElementPropertyValue(getResponse, "offers[6].groups[0].pricingPlans[0].visualElements[11].key", "featured_tag_text"): Verify element property value successfully

2023-10-16 14:16:52 - [MESSAGE][PASSED] - Verify element property value successfully

2023-10-16 14:16:52 - [TEST_STEP][PASSED] - verifyElementPropertyValue(getResponse, "offers[6].groups[0].pricingPlans[0].visualElements[11].value", "عرض لمدة محدودة"): Verify element property value successfully

2023-10-16 14:16:52 - [MESSAGE][PASSED] - Verify element property value successfully

2023-10-16 14:16:52 - [TEST_STEP][PASSED] - verifyElementPropertyValue(getResponse, "offers[6].groups[0].pricingPlans[0].visualElements[13].key", "tag_text"): Verify element property value successfully

2023-10-16 14:16:52 - [MESSAGE][PASSED] - Verify element property value successfully

2023-10-16 14:16:52 - [TEST_STEP][PASSED] - verifyElementPropertyValue(getResponse, "offers[6].groups[0].pricingPlans[0].visualElements[13].value", "وفر 40%"): Verify element property value successfully

2023-10-16 14:16:52 - [MESSAGE][PASSED] - Verify element property value successfully

2023-10-16 14:16:52 - [TEST_STEP][PASSED] - verifyElementPropertyValue(getResponse, "offers[6].groups[0].pricingPlans[0].visualElements[12].key", "show_tag"): Verify element property value successfully

2023-10-16 14:16:53 - [MESSAGE][PASSED] - Verify element property value successfully

2023-10-16 14:16:53 - [TEST_STEP][PASSED] - verifyElementPropertyValue(getResponse, "offers[6].groups[0].pricingPlans[0].visualElements[12].value", "true"): Verify element property value successfully

2023-10-16 14:16:53 - [MESSAGE][PASSED] - Verify element property value successfully

2023-10-16 14:16:53 - [TEST_STEP][PASSED] - verifyElementPropertyValue(getResponse, "offers[6].groups[0].pricingPlans[0].pricingPlanData[0].productId", "LBN_B2C_SHAHID_VIP_SPORT_1M"): Verify element property value successfully

2023-10-16 14:16:53 - [MESSAGE][PASSED] - Verify element property value successfully

2023-10-16 14:16:53 - [TEST_STEP][PASSED] - verifyElementPropertyValue(getResponse, "offers[6].groups[0].pricingPlans[0].pricingPlanData[0].paymentMethod", "CREDIT_CARD"): Verify element property value successfully

2023-10-16 14:16:53 - [MESSAGE][PASSED] - Verify element property value successfully

2023-10-16 14:16:53 - [TEST_STEP][PASSED] - verifyElementPropertyValue(getResponse, "offers[6].groups[0].pricingPlans[0].pricingPlanData[0].freeTrialEnabled", "false"): Verify element property value successfully

2023-10-16 14:16:53 - [MESSAGE][PASSED] - Verify element property value successfully

2023-10-16 14:16:53 - [TEST_STEP][PASSED] - verifyElementPropertyValue(getResponse, "offers[6].groups[0].pricingPlans[0].pricingPlanData[0].showIn[0]", "VERTICAL_MODE"): Verify element property value successfully

2023-10-16 14:16:53 - [MESSAGE][PASSED] - Verify element property value successfully

2023-10-16 14:16:53 - [TEST_STEP][PASSED] - verifyElementPropertyValue(getResponse, "offers[6].groups[0].pricingPlans[0].pricingPlanData[0].showIn[1]", "HORIZONTAL_MODE"): Verify element property value successfully

2023-10-16 14:16:53 - [MESSAGE][PASSED] - Verify element property value successfully

2023-10-16 14:16:53 - [TEST_STEP][PASSED] - verifyElementPropertyValue(getResponse, "offers[6].groups[0].pricingPlans[0].pricingPlanData[0].priceLabel", "5.69"): Verify element property value successfully

2023-10-16 14:16:53 - [MESSAGE][PASSED] - Verify element property value successfully

2023-10-16 14:16:53 - [TEST_STEP][PASSED] - verifyElementPropertyValue(getResponse, "offers[6].groups[0].pricingPlans[0].pricingPlanData[0].currencyLabel", "$"): Verify element property value successfully

2023-10-16 14:16:53 - [MESSAGE][PASSED] - Verify element property value successfully

2023-10-16 14:16:53 - [TEST_STEP][PASSED] - verifyElementPropertyValue(getResponse, "offers[6].groups[0].pricingPlans[0].pricingPlanData[0].dealId", "WB_SPORT_40P_LBN"): Verify element property value successfully

2023-10-16 14:16:53 - [MESSAGE][PASSED] - Verify element property value successfully

2023-10-16 14:16:53 - [TEST_STEP][PASSED] - verifyElementPropertyValue(getResponse, "offers[6].groups[0].pricingPlans[0].pricingPlanData[0].allowedForAcquisition", "true"): Verify element property value successfully

2023-10-16 14:16:53 - [MESSAGE][PASSED] - Verify element property value successfully

2023-10-16 14:16:53 - [TEST_STEP][PASSED] - verifyElementPropertyValue(getResponse, "offers[6].groups[0].pricingPlans[0].pricingPlanData[0].visualElements[0].key", "title"): Verify element property value successfully

2023-10-16 14:16:53 - [MESSAGE][PASSED] - Verify element property value successfully

2023-10-16 14:16:53 - [TEST_STEP][PASSED] - verifyElementPropertyValue(getResponse, "offers[6].groups[0].pricingPlans[0].pricingPlanData[0].visualElements[0].value", "البطاقة المصرفية"): Verify element property value successfully

2023-10-16 14:16:53 - [MESSAGE][PASSED] - Verify element property value successfully

2023-10-16 14:16:53 - [TEST_STEP][PASSED] - verifyElementPropertyValue(getResponse, "offers[6].groups[0].pricingPlans[0].pricingPlanData[0].visualElements[1].key", "CTA_text"): Verify element property value successfully

2023-10-16 14:16:53 - [MESSAGE][PASSED] - Verify element property value successfully

2023-10-16 14:16:53 - [TEST_STEP][PASSED] - verifyElementPropertyValue(getResponse, "offers[6].groups[0].pricingPlans[0].pricingPlanData[0].visualElements[1].value", "اشترك"): Verify element property value successfully

2023-10-16 14:16:53 - [MESSAGE][PASSED] - Verify element property value successfully

2023-10-16 14:16:53 - [TEST_STEP][PASSED] - verifyElementPropertyValue(getResponse, "offers[6].groups[0].pricingPlans[0].pricingPlanData[0].visualElements[2].key", "logo"): Verify element property value successfully

2023-10-16 14:16:53 - [MESSAGE][PASSED] - Verify element property value successfully

2023-10-16 14:16:53 - [TEST_STEP][PASSED] - verifyElementPropertyValue(getResponse, "offers[6].groups[0].pricingPlans[0].pricingPlanData[0].visualElements[2].value", "https://static.s3.shahid.mbc.net/widget-images/icons/iconCreditCard.png"): Verify element property value successfully

2023-10-16 14:16:53 - [MESSAGE][PASSED] - Verify element property value successfully

2023-10-16 14:16:53 - [TEST_STEP][PASSED] - verifyElementPropertyValue(getResponse, "offers[7].offerId", "winback-sport-50-offer"): Verify element property value successfully

2023-10-16 14:16:53 - [MESSAGE][PASSED] - Verify element property value successfully

2023-10-16 14:16:53 - [TEST_STEP][PASSED] - verifyElementPropertyValue(getResponse, "offers[7].offerParam", "sportsoffer50"): Verify element property value successfully

2023-10-16 14:16:53 - [MESSAGE][PASSED] - Verify element property value successfully

2023-10-16 14:16:53 - [TEST_STEP][PASSED] - verifyElementPropertyValue(getResponse, "offers[7].groups[0].pricingPlans[0].featured", "true"): Verify element property value successfully

2023-10-16 14:16:53 - [MESSAGE][PASSED] - Verify element property value successfully

2023-10-16 14:16:53 - [TEST_STEP][PASSED] - verifyElementPropertyValue(getResponse, "offers[7].groups[0].pricingPlans[0].period", "monthly"): Verify element property value successfully

2023-10-16 14:16:53 - [MESSAGE][PASSED] - Verify element property value successfully

2023-10-16 14:16:53 - [TEST_STEP][PASSED] - verifyElementPropertyValue(getResponse, "offers[7].groups[0].pricingPlans[0].featured", "true"): Verify element property value successfully

2023-10-16 14:16:53 - [MESSAGE][PASSED] - Verify element property value successfully

2023-10-16 14:16:53 - [TEST_STEP][PASSED] - verifyElementPropertyValue(getResponse, "offers[7].groups[0].pricingPlans[0].price", "4.79"): Verify element property value successfully

2023-10-16 14:16:53 - [MESSAGE][PASSED] - Verify element property value successfully

2023-10-16 14:16:53 - [TEST_STEP][PASSED] - verifyElementPropertyValue(getResponse, "offers[7].groups[0].pricingPlans[0].currency", "$"): Verify element property value successfully

2023-10-16 14:16:53 - [MESSAGE][PASSED] - Verify element property value successfully

2023-10-16 14:16:53 - [TEST_STEP][PASSED] - verifyElementPropertyValue(getResponse, "offers[7].groups[0].pricingPlans[0].order", "0"): Verify element property value successfully

2023-10-16 14:16:53 - [MESSAGE][PASSED] - Verify element property value successfully

2023-10-16 14:16:53 - [TEST_STEP][PASSED] - verifyElementPropertyValue(getResponse, "offers[7].groups[0].pricingPlans[0].packageId", "SHAHID_VIP_SPORT"): Verify element property value successfully

2023-10-16 14:16:53 - [MESSAGE][PASSED] - Verify element property value successfully

2023-10-16 14:16:53 - [TEST_STEP][PASSED] - verifyElementPropertyValue(getResponse, "offers[7].groups[0].pricingPlans[0].catalogId", "SPORT"): Verify element property value successfully

2023-10-16 14:16:53 - [MESSAGE][PASSED] - Verify element property value successfully

2023-10-16 14:16:53 - [TEST_STEP][PASSED] - verifyElementPropertyValue(getResponse, "offers[7].groups[0].pricingPlans[0].visualElements[0].key", "Header_1_text"): Verify element property value successfully

2023-10-16 14:16:53 - [MESSAGE][PASSED] - Verify element property value successfully

2023-10-16 14:16:53 - [TEST_STEP][PASSED] - verifyElementPropertyValue(getResponse, "offers[7].groups[0].pricingPlans[0].visualElements[0].value", "شاهد أقوى المسلسلات و الأفلام حصرياً دون توقف"): Verify element property value successfully

2023-10-16 14:16:53 - [MESSAGE][PASSED] - Verify element property value successfully

2023-10-16 14:16:53 - [TEST_STEP][PASSED] - verifyElementPropertyValue(getResponse, "offers[7].groups[0].pricingPlans[0].visualElements[1].key", "display_title"): Verify element property value successfully

2023-10-16 14:16:53 - [MESSAGE][PASSED] - Verify element property value successfully

2023-10-16 14:16:53 - [TEST_STEP][PASSED] - verifyElementPropertyValue(getResponse, "offers[7].groups[0].pricingPlans[0].visualElements[1].value", "احصل على خصم 50%"): Verify element property value successfully

2023-10-16 14:16:53 - [MESSAGE][PASSED] - Verify element property value successfully

2023-10-16 14:16:53 - [TEST_STEP][PASSED] - verifyElementPropertyValue(getResponse, "offers[7].groups[0].pricingPlans[0].visualElements[3].key", "deduction_text"): Verify element property value successfully

2023-10-16 14:16:53 - [MESSAGE][PASSED] - Verify element property value successfully

2023-10-16 14:16:53 - [TEST_STEP][PASSED] - verifyElementPropertyValue(getResponse, "offers[7].groups[0].pricingPlans[0].visualElements[3].value", "تدفع شهرياً"): Verify element property value successfully

2023-10-16 14:16:53 - [MESSAGE][PASSED] - Verify element property value successfully

2023-10-16 14:16:53 - [TEST_STEP][PASSED] - verifyElementPropertyValue(getResponse, "offers[7].groups[0].pricingPlans[0].visualElements[6].key", "show_payment_logo"): Verify element property value successfully

2023-10-16 14:16:53 - [MESSAGE][PASSED] - Verify element property value successfully

2023-10-16 14:16:53 - [TEST_STEP][PASSED] - verifyElementPropertyValue(getResponse, "offers[7].groups[0].pricingPlans[0].visualElements[6].value", "true"): Verify element property value successfully

2023-10-16 14:16:53 - [MESSAGE][PASSED] - Verify element property value successfully

2023-10-16 14:16:53 - [TEST_STEP][PASSED] - verifyElementPropertyValue(getResponse, "offers[7].groups[0].pricingPlans[0].visualElements[8].key", "price"): Verify element property value successfully

2023-10-16 14:16:53 - [MESSAGE][PASSED] - Verify element property value successfully

2023-10-16 14:16:53 - [TEST_STEP][PASSED] - verifyElementPropertyValue(getResponse, "offers[7].groups[0].pricingPlans[0].visualElements[8].value", "4.79"): Verify element property value successfully

2023-10-16 14:16:53 - [MESSAGE][PASSED] - Verify element property value successfully

2023-10-16 14:16:53 - [TEST_STEP][PASSED] - verifyElementPropertyValue(getResponse, "offers[7].groups[0].pricingPlans[0].visualElements[9].key", "currency"): Verify element property value successfully

2023-10-16 14:16:53 - [MESSAGE][PASSED] - Verify element property value successfully

2023-10-16 14:16:53 - [TEST_STEP][PASSED] - verifyElementPropertyValue(getResponse, "offers[7].groups[0].pricingPlans[0].visualElements[9].value", "$"): Verify element property value successfully

2023-10-16 14:16:53 - [MESSAGE][PASSED] - Verify element property value successfully

2023-10-16 14:16:53 - [TEST_STEP][PASSED] - verifyElementPropertyValue(getResponse, "offers[7].groups[0].pricingPlans[0].visualElements[10].key", "duration"): Verify element property value successfully

2023-10-16 14:16:53 - [MESSAGE][PASSED] - Verify element property value successfully

2023-10-16 14:16:53 - [TEST_STEP][PASSED] - verifyElementPropertyValue(getResponse, "offers[7].groups[0].pricingPlans[0].visualElements[10].value", "شهرياً"): Verify element property value successfully

2023-10-16 14:16:53 - [MESSAGE][PASSED] - Verify element property value successfully

2023-10-16 14:16:53 - [TEST_STEP][PASSED] - verifyElementPropertyValue(getResponse, "offers[7].groups[0].pricingPlans[0].visualElements[11].key", "featured_tag_text"): Verify element property value successfully

2023-10-16 14:16:53 - [MESSAGE][PASSED] - Verify element property value successfully

2023-10-16 14:16:53 - [TEST_STEP][PASSED] - verifyElementPropertyValue(getResponse, "offers[7].groups[0].pricingPlans[0].visualElements[11].value", "عرض لمدة محدودة"): Verify element property value successfully

2023-10-16 14:16:53 - [MESSAGE][PASSED] - Verify element property value successfully

2023-10-16 14:16:53 - [TEST_STEP][PASSED] - verifyElementPropertyValue(getResponse, "offers[7].groups[0].pricingPlans[0].visualElements[13].key", "tag_text"): Verify element property value successfully

2023-10-16 14:16:53 - [MESSAGE][PASSED] - Verify element property value successfully

2023-10-16 14:16:53 - [TEST_STEP][PASSED] - verifyElementPropertyValue(getResponse, "offers[7].groups[0].pricingPlans[0].visualElements[13].value", "وفر 50%"): Verify element property value successfully

2023-10-16 14:16:53 - [MESSAGE][PASSED] - Verify element property value successfully

2023-10-16 14:16:53 - [TEST_STEP][PASSED] - verifyElementPropertyValue(getResponse, "offers[7].groups[0].pricingPlans[0].visualElements[12].key", "show_tag"): Verify element property value successfully

2023-10-16 14:16:53 - [MESSAGE][PASSED] - Verify element property value successfully

2023-10-16 14:16:53 - [TEST_STEP][PASSED] - verifyElementPropertyValue(getResponse, "offers[7].groups[0].pricingPlans[0].visualElements[12].value", "true"): Verify element property value successfully

2023-10-16 14:16:53 - [MESSAGE][PASSED] - Verify element property value successfully

2023-10-16 14:16:53 - [TEST_STEP][PASSED] - verifyElementPropertyValue(getResponse, "offers[7].groups[0].pricingPlans[0].pricingPlanData[0].productId", "LBN_B2C_SHAHID_VIP_SPORT_1M"): Verify element property value successfully

2023-10-16 14:16:53 - [MESSAGE][PASSED] - Verify element property value successfully

2023-10-16 14:16:53 - [TEST_STEP][PASSED] - verifyElementPropertyValue(getResponse, "offers[7].groups[0].pricingPlans[0].pricingPlanData[0].paymentMethod", "CREDIT_CARD"): Verify element property value successfully

2023-10-16 14:16:53 - [MESSAGE][PASSED] - Verify element property value successfully

2023-10-16 14:16:53 - [TEST_STEP][PASSED] - verifyElementPropertyValue(getResponse, "offers[7].groups[0].pricingPlans[0].pricingPlanData[0].freeTrialEnabled", "false"): Verify element property value successfully

2023-10-16 14:16:53 - [MESSAGE][PASSED] - Verify element property value successfully

2023-10-16 14:16:53 - [TEST_STEP][PASSED] - verifyElementPropertyValue(getResponse, "offers[7].groups[0].pricingPlans[0].pricingPlanData[0].showIn[0]", "VERTICAL_MODE"): Verify element property value successfully

2023-10-16 14:16:53 - [MESSAGE][PASSED] - Verify element property value successfully

2023-10-16 14:16:53 - [TEST_STEP][PASSED] - verifyElementPropertyValue(getResponse, "offers[7].groups[0].pricingPlans[0].pricingPlanData[0].showIn[1]", "HORIZONTAL_MODE"): Verify element property value successfully

2023-10-16 14:16:53 - [MESSAGE][PASSED] - Verify element property value successfully

2023-10-16 14:16:53 - [TEST_STEP][PASSED] - verifyElementPropertyValue(getResponse, "offers[7].groups[0].pricingPlans[0].pricingPlanData[0].priceLabel", "4.79"): Verify element property value successfully

2023-10-16 14:16:53 - [MESSAGE][PASSED] - Verify element property value successfully

2023-10-16 14:16:53 - [TEST_STEP][PASSED] - verifyElementPropertyValue(getResponse, "offers[7].groups[0].pricingPlans[0].pricingPlanData[0].currencyLabel", "$"): Verify element property value successfully

2023-10-16 14:16:53 - [MESSAGE][PASSED] - Verify element property value successfully

2023-10-16 14:16:53 - [TEST_STEP][PASSED] - verifyElementPropertyValue(getResponse, "offers[7].groups[0].pricingPlans[0].pricingPlanData[0].dealId", "WB_SPORT_50P_LBN"): Verify element property value successfully

2023-10-16 14:16:53 - [MESSAGE][PASSED] - Verify element property value successfully

2023-10-16 14:16:53 - [TEST_STEP][PASSED] - verifyElementPropertyValue(getResponse, "offers[7].groups[0].pricingPlans[0].pricingPlanData[0].allowedForAcquisition", "true"): Verify element property value successfully

2023-10-16 14:16:53 - [MESSAGE][PASSED] - Verify element property value successfully

2023-10-16 14:16:53 - [TEST_STEP][PASSED] - verifyElementPropertyValue(getResponse, "offers[7].groups[0].pricingPlans[0].pricingPlanData[0].visualElements[0].key", "title"): Verify element property value successfully

2023-10-16 14:16:53 - [MESSAGE][PASSED] - Verify element property value successfully

2023-10-16 14:16:53 - [TEST_STEP][PASSED] - verifyElementPropertyValue(getResponse, "offers[7].groups[0].pricingPlans[0].pricingPlanData[0].visualElements[0].value", "البطاقة المصرفية"): Verify element property value successfully

2023-10-16 14:16:53 - [MESSAGE][PASSED] - Verify element property value successfully

2023-10-16 14:16:53 - [TEST_STEP][PASSED] - verifyElementPropertyValue(getResponse, "offers[7].groups[0].pricingPlans[0].pricingPlanData[0].visualElements[1].key", "CTA_text"): Verify element property value successfully

2023-10-16 14:16:53 - [MESSAGE][PASSED] - Verify element property value successfully

2023-10-16 14:16:53 - [TEST_STEP][PASSED] - verifyElementPropertyValue(getResponse, "offers[7].groups[0].pricingPlans[0].pricingPlanData[0].visualElements[1].value", "اشترك"): Verify element property value successfully

2023-10-16 14:16:53 - [MESSAGE][PASSED] - Verify element property value successfully

2023-10-16 14:16:53 - [TEST_STEP][PASSED] - verifyElementPropertyValue(getResponse, "offers[7].groups[0].pricingPlans[0].pricingPlanData[0].visualElements[2].key", "logo"): Verify element property value successfully

2023-10-16 14:16:53 - [MESSAGE][PASSED] - Verify element property value successfully

2023-10-16 14:16:53 - [TEST_STEP][PASSED] - verifyElementPropertyValue(getResponse, "offers[7].groups[0].pricingPlans[0].pricingPlanData[0].visualElements[2].value", "https://static.s3.shahid.mbc.net/widget-images/icons/iconCreditCard.png"): Verify element property value successfully

2023-10-16 14:16:53 - [MESSAGE][PASSED] - Verify element property value successfully

2023-10-16 14:16:53 - [TEST_STEP][PASSED] - verifyElementPropertyValue(getResponse, "offers[11].offerId", "byg-sport-30-offer"): Verify element property value successfully

2023-10-16 14:16:53 - [MESSAGE][PASSED] - Verify element property value successfully

2023-10-16 14:16:53 - [TEST_STEP][PASSED] - verifyElementPropertyValue(getResponse, "offers[11].offerParam", "bygsportsoffer30"): Verify element property value successfully

2023-10-16 14:16:53 - [MESSAGE][PASSED] - Verify element property value successfully

2023-10-16 14:16:53 - [TEST_STEP][PASSED] - verifyElementPropertyValue(getResponse, "offers[11].groups[0].pricingPlans[0].featured", "true"): Verify element property value successfully

2023-10-16 14:16:53 - [MESSAGE][PASSED] - Verify element property value successfully

2023-10-16 14:16:53 - [TEST_STEP][PASSED] - verifyElementPropertyValue(getResponse, "offers[11].groups[0].pricingPlans[0].period", "monthly"): Verify element property value successfully

2023-10-16 14:16:53 - [MESSAGE][PASSED] - Verify element property value successfully

2023-10-16 14:16:53 - [TEST_STEP][PASSED] - verifyElementPropertyValue(getResponse, "offers[11].groups[0].pricingPlans[0].featured", "true"): Verify element property value successfully

2023-10-16 14:16:53 - [MESSAGE][PASSED] - Verify element property value successfully

2023-10-16 14:16:53 - [TEST_STEP][PASSED] - verifyElementPropertyValue(getResponse, "offers[11].groups[0].pricingPlans[0].price", "6.69"): Verify element property value successfully

2023-10-16 14:16:53 - [MESSAGE][PASSED] - Verify element property value successfully

2023-10-16 14:16:53 - [TEST_STEP][PASSED] - verifyElementPropertyValue(getResponse, "offers[11].groups[0].pricingPlans[0].currency", "$"): Verify element property value successfully

2023-10-16 14:16:53 - [MESSAGE][PASSED] - Verify element property value successfully

2023-10-16 14:16:53 - [TEST_STEP][PASSED] - verifyElementPropertyValue(getResponse, "offers[11].groups[0].pricingPlans[0].order", "0"): Verify element property value successfully

2023-10-16 14:16:53 - [MESSAGE][PASSED] - Verify element property value successfully

2023-10-16 14:16:53 - [TEST_STEP][PASSED] - verifyElementPropertyValue(getResponse, "offers[11].groups[0].pricingPlans[0].packageId", "SHAHID_VIP_SPORT"): Verify element property value successfully

2023-10-16 14:16:53 - [MESSAGE][PASSED] - Verify element property value successfully

2023-10-16 14:16:53 - [TEST_STEP][PASSED] - verifyElementPropertyValue(getResponse, "offers[11].groups[0].pricingPlans[0].catalogId", "SPORT"): Verify element property value successfully

2023-10-16 14:16:53 - [MESSAGE][PASSED] - Verify element property value successfully

2023-10-16 14:16:53 - [TEST_STEP][PASSED] - verifyElementPropertyValue(getResponse, "offers[11].groups[0].pricingPlans[0].visualElements[0].key", "Header_1_text"): Verify element property value successfully

2023-10-16 14:16:53 - [MESSAGE][PASSED] - Verify element property value successfully

2023-10-16 14:16:53 - [TEST_STEP][PASSED] - verifyElementPropertyValue(getResponse, "offers[11].groups[0].pricingPlans[0].visualElements[0].value", "شاهد أقوى المسلسلات و الأفلام حصرياً دون توقف"): Verify element property value successfully

2023-10-16 14:16:53 - [MESSAGE][PASSED] - Verify element property value successfully

2023-10-16 14:16:53 - [TEST_STEP][PASSED] - verifyElementPropertyValue(getResponse, "offers[11].groups[0].pricingPlans[0].visualElements[1].key", "display_title"): Verify element property value successfully

2023-10-16 14:16:53 - [MESSAGE][PASSED] - Verify element property value successfully

2023-10-16 14:16:53 - [TEST_STEP][PASSED] - verifyElementPropertyValue(getResponse, "offers[11].groups[0].pricingPlans[0].visualElements[1].value", "احصل على خصم 30%"): Verify element property value successfully

2023-10-16 14:16:53 - [MESSAGE][PASSED] - Verify element property value successfully

2023-10-16 14:16:53 - [TEST_STEP][PASSED] - verifyElementPropertyValue(getResponse, "offers[11].groups[0].pricingPlans[0].visualElements[3].key", "deduction_text"): Verify element property value successfully

2023-10-16 14:16:53 - [MESSAGE][PASSED] - Verify element property value successfully

2023-10-16 14:16:53 - [TEST_STEP][PASSED] - verifyElementPropertyValue(getResponse, "offers[11].groups[0].pricingPlans[0].visualElements[3].value", "تدفع شهرياً"): Verify element property value successfully

2023-10-16 14:16:53 - [MESSAGE][PASSED] - Verify element property value successfully

2023-10-16 14:16:53 - [TEST_STEP][PASSED] - verifyElementPropertyValue(getResponse, "offers[11].groups[0].pricingPlans[0].visualElements[6].key", "show_payment_logo"): Verify element property value successfully

2023-10-16 14:16:53 - [MESSAGE][PASSED] - Verify element property value successfully

2023-10-16 14:16:53 - [TEST_STEP][PASSED] - verifyElementPropertyValue(getResponse, "offers[11].groups[0].pricingPlans[0].visualElements[6].value", "true"): Verify element property value successfully

2023-10-16 14:16:53 - [MESSAGE][PASSED] - Verify element property value successfully

2023-10-16 14:16:53 - [TEST_STEP][PASSED] - verifyElementPropertyValue(getResponse, "offers[11].groups[0].pricingPlans[0].visualElements[8].key", "price"): Verify element property value successfully

2023-10-16 14:16:53 - [MESSAGE][PASSED] - Verify element property value successfully

2023-10-16 14:16:53 - [TEST_STEP][PASSED] - verifyElementPropertyValue(getResponse, "offers[11].groups[0].pricingPlans[0].visualElements[8].value", "6.69"): Verify element property value successfully

2023-10-16 14:16:53 - [MESSAGE][PASSED] - Verify element property value successfully

2023-10-16 14:16:53 - [TEST_STEP][PASSED] - verifyElementPropertyValue(getResponse, "offers[11].groups[0].pricingPlans[0].visualElements[9].key", "currency"): Verify element property value successfully

2023-10-16 14:16:53 - [MESSAGE][PASSED] - Verify element property value successfully

2023-10-16 14:16:53 - [TEST_STEP][PASSED] - verifyElementPropertyValue(getResponse, "offers[11].groups[0].pricingPlans[0].visualElements[9].value", "$"): Verify element property value successfully

2023-10-16 14:16:53 - [MESSAGE][PASSED] - Verify element property value successfully

2023-10-16 14:16:53 - [TEST_STEP][PASSED] - verifyElementPropertyValue(getResponse, "offers[11].groups[0].pricingPlans[0].visualElements[10].key", "duration"): Verify element property value successfully

2023-10-16 14:16:53 - [MESSAGE][PASSED] - Verify element property value successfully

2023-10-16 14:16:53 - [TEST_STEP][PASSED] - verifyElementPropertyValue(getResponse, "offers[11].groups[0].pricingPlans[0].visualElements[10].value", "شهرياً"): Verify element property value successfully

2023-10-16 14:16:53 - [MESSAGE][PASSED] - Verify element property value successfully

2023-10-16 14:16:53 - [TEST_STEP][PASSED] - verifyElementPropertyValue(getResponse, "offers[11].groups[0].pricingPlans[0].visualElements[11].key", "featured_tag_text"): Verify element property value successfully

2023-10-16 14:16:53 - [MESSAGE][PASSED] - Verify element property value successfully

2023-10-16 14:16:53 - [TEST_STEP][PASSED] - verifyElementPropertyValue(getResponse, "offers[11].groups[0].pricingPlans[0].visualElements[11].value", "عرض لمدة محدودة"): Verify element property value successfully

2023-10-16 14:16:53 - [MESSAGE][PASSED] - Verify element property value successfully

2023-10-16 14:16:53 - [TEST_STEP][PASSED] - verifyElementPropertyValue(getResponse, "offers[11].groups[0].pricingPlans[0].visualElements[13].key", "tag_text"): Verify element property value successfully

2023-10-16 14:16:53 - [MESSAGE][PASSED] - Verify element property value successfully

2023-10-16 14:16:53 - [TEST_STEP][PASSED] - verifyElementPropertyValue(getResponse, "offers[11].groups[0].pricingPlans[0].visualElements[13].value", "وفر 30%"): Verify element property value successfully

2023-10-16 14:16:53 - [MESSAGE][PASSED] - Verify element property value successfully

2023-10-16 14:16:53 - [TEST_STEP][PASSED] - verifyElementPropertyValue(getResponse, "offers[11].groups[0].pricingPlans[0].visualElements[12].key", "show_tag"): Verify element property value successfully

2023-10-16 14:16:53 - [MESSAGE][PASSED] - Verify element property value successfully

2023-10-16 14:16:53 - [TEST_STEP][PASSED] - verifyElementPropertyValue(getResponse, "offers[11].groups[0].pricingPlans[0].visualElements[12].value", "true"): Verify element property value successfully

2023-10-16 14:16:53 - [MESSAGE][PASSED] - Verify element property value successfully

2023-10-16 14:16:53 - [TEST_STEP][PASSED] - verifyElementPropertyValue(getResponse, "offers[11].groups[0].pricingPlans[0].pricingPlanData[0].productId", "LBN_B2C_SHAHID_VIP_SPORT_1M"): Verify element property value successfully

2023-10-16 14:16:53 - [MESSAGE][PASSED] - Verify element property value successfully

2023-10-16 14:16:53 - [TEST_STEP][PASSED] - verifyElementPropertyValue(getResponse, "offers[11].groups[0].pricingPlans[0].pricingPlanData[0].paymentMethod", "CREDIT_CARD"): Verify element property value successfully

2023-10-16 14:16:53 - [MESSAGE][PASSED] - Verify element property value successfully

2023-10-16 14:16:53 - [TEST_STEP][PASSED] - verifyElementPropertyValue(getResponse, "offers[11].groups[0].pricingPlans[0].pricingPlanData[0].freeTrialEnabled", "false"): Verify element property value successfully

2023-10-16 14:16:53 - [MESSAGE][PASSED] - Verify element property value successfully

2023-10-16 14:16:53 - [TEST_STEP][PASSED] - verifyElementPropertyValue(getResponse, "offers[11].groups[0].pricingPlans[0].pricingPlanData[0].showIn[0]", "VERTICAL_MODE"): Verify element property value successfully

2023-10-16 14:16:53 - [MESSAGE][PASSED] - Verify element property value successfully

2023-10-16 14:16:53 - [TEST_STEP][PASSED] - verifyElementPropertyValue(getResponse, "offers[11].groups[0].pricingPlans[0].pricingPlanData[0].showIn[1]", "HORIZONTAL_MODE"): Verify element property value successfully

2023-10-16 14:16:53 - [MESSAGE][PASSED] - Verify element property value successfully

2023-10-16 14:16:53 - [TEST_STEP][PASSED] - verifyElementPropertyValue(getResponse, "offers[11].groups[0].pricingPlans[0].pricingPlanData[0].priceLabel", "6.69"): Verify element property value successfully

2023-10-16 14:16:53 - [MESSAGE][PASSED] - Verify element property value successfully

2023-10-16 14:16:53 - [TEST_STEP][PASSED] - verifyElementPropertyValue(getResponse, "offers[11].groups[0].pricingPlans[0].pricingPlanData[0].currencyLabel", "$"): Verify element property value successfully

2023-10-16 14:16:53 - [MESSAGE][PASSED] - Verify element property value successfully

2023-10-16 14:16:53 - [TEST_STEP][PASSED] - verifyElementPropertyValue(getResponse, "offers[11].groups[0].pricingPlans[0].pricingPlanData[0].dealId", "BYG_SPORT_30P_LBN"): Verify element property value successfully

2023-10-16 14:16:53 - [MESSAGE][PASSED] - Verify element property value successfully

2023-10-16 14:16:53 - [TEST_STEP][PASSED] - verifyElementPropertyValue(getResponse, "offers[11].groups[0].pricingPlans[0].pricingPlanData[0].allowedForAcquisition", "true"): Verify element property value successfully

2023-10-16 14:16:53 - [MESSAGE][PASSED] - Verify element property value successfully

2023-10-16 14:16:53 - [TEST_STEP][PASSED] - verifyElementPropertyValue(getResponse, "offers[11].groups[0].pricingPlans[0].pricingPlanData[0].visualElements[0].key", "title"): Verify element property value successfully

2023-10-16 14:16:53 - [MESSAGE][PASSED] - Verify element property value successfully

2023-10-16 14:16:53 - [TEST_STEP][PASSED] - verifyElementPropertyValue(getResponse, "offers[11].groups[0].pricingPlans[0].pricingPlanData[0].visualElements[0].value", "البطاقة المصرفية"): Verify element property value successfully

2023-10-16 14:16:53 - [MESSAGE][PASSED] - Verify element property value successfully

2023-10-16 14:16:53 - [TEST_STEP][PASSED] - verifyElementPropertyValue(getResponse, "offers[11].groups[0].pricingPlans[0].pricingPlanData[0].visualElements[1].key", "CTA_text"): Verify element property value successfully

2023-10-16 14:16:53 - [MESSAGE][PASSED] - Verify element property value successfully

2023-10-16 14:16:53 - [TEST_STEP][PASSED] - verifyElementPropertyValue(getResponse, "offers[11].groups[0].pricingPlans[0].pricingPlanData[0].visualElements[1].value", "اشترك"): Verify element property value successfully

2023-10-16 14:16:53 - [MESSAGE][PASSED] - Verify element property value successfully

2023-10-16 14:16:53 - [TEST_STEP][PASSED] - verifyElementPropertyValue(getResponse, "offers[11].groups[0].pricingPlans[0].pricingPlanData[0].visualElements[2].key", "logo"): Verify element property value successfully

2023-10-16 14:16:53 - [MESSAGE][PASSED] - Verify element property value successfully

2023-10-16 14:16:53 - [TEST_STEP][PASSED] - verifyElementPropertyValue(getResponse, "offers[11].groups[0].pricingPlans[0].pricingPlanData[0].visualElements[2].value", "https://static.s3.shahid.mbc.net/widget-images/icons/iconCreditCard.png"): Verify element property value successfully

2023-10-16 14:16:53 - [MESSAGE][PASSED] - Verify element property value successfully

2023-10-16 14:16:53 - [TEST_STEP][PASSED] - verifyElementPropertyValue(getResponse, "offers[12].offerId", "byg-sport-40-offer"): Verify element property value successfully

2023-10-16 14:16:53 - [MESSAGE][PASSED] - Verify element property value successfully

2023-10-16 14:16:53 - [TEST_STEP][PASSED] - verifyElementPropertyValue(getResponse, "offers[12].offerParam", "bygsportsoffer40"): Verify element property value successfully

2023-10-16 14:16:53 - [MESSAGE][PASSED] - Verify element property value successfully

2023-10-16 14:16:53 - [TEST_STEP][PASSED] - verifyElementPropertyValue(getResponse, "offers[12].groups[0].pricingPlans[0].featured", "true"): Verify element property value successfully

2023-10-16 14:16:53 - [MESSAGE][PASSED] - Verify element property value successfully

2023-10-16 14:16:53 - [TEST_STEP][PASSED] - verifyElementPropertyValue(getResponse, "offers[12].groups[0].pricingPlans[0].period", "monthly"): Verify element property value successfully

2023-10-16 14:16:53 - [MESSAGE][PASSED] - Verify element property value successfully

2023-10-16 14:16:53 - [TEST_STEP][PASSED] - verifyElementPropertyValue(getResponse, "offers[12].groups[0].pricingPlans[0].featured", "true"): Verify element property value successfully

2023-10-16 14:16:53 - [MESSAGE][PASSED] - Verify element property value successfully

2023-10-16 14:16:53 - [TEST_STEP][PASSED] - verifyElementPropertyValue(getResponse, "offers[12].groups[0].pricingPlans[0].price", "5.69"): Verify element property value successfully

2023-10-16 14:16:53 - [MESSAGE][PASSED] - Verify element property value successfully

2023-10-16 14:16:53 - [TEST_STEP][PASSED] - verifyElementPropertyValue(getResponse, "offers[12].groups[0].pricingPlans[0].currency", "$"): Verify element property value successfully

2023-10-16 14:16:53 - [MESSAGE][PASSED] - Verify element property value successfully

2023-10-16 14:16:53 - [TEST_STEP][PASSED] - verifyElementPropertyValue(getResponse, "offers[12].groups[0].pricingPlans[0].order", "0"): Verify element property value successfully

2023-10-16 14:16:53 - [MESSAGE][PASSED] - Verify element property value successfully

2023-10-16 14:16:53 - [TEST_STEP][PASSED] - verifyElementPropertyValue(getResponse, "offers[12].groups[0].pricingPlans[0].packageId", "SHAHID_VIP_SPORT"): Verify element property value successfully

2023-10-16 14:16:54 - [MESSAGE][PASSED] - Verify element property value successfully

2023-10-16 14:16:54 - [TEST_STEP][PASSED] - verifyElementPropertyValue(getResponse, "offers[12].groups[0].pricingPlans[0].catalogId", "SPORT"): Verify element property value successfully

2023-10-16 14:16:54 - [MESSAGE][PASSED] - Verify element property value successfully

2023-10-16 14:16:54 - [TEST_STEP][PASSED] - verifyElementPropertyValue(getResponse, "offers[12].groups[0].pricingPlans[0].visualElements[0].key", "Header_1_text"): Verify element property value successfully

2023-10-16 14:16:54 - [MESSAGE][PASSED] - Verify element property value successfully

2023-10-16 14:16:54 - [TEST_STEP][PASSED] - verifyElementPropertyValue(getResponse, "offers[12].groups[0].pricingPlans[0].visualElements[0].value", "شاهد أقوى المسلسلات و الأفلام حصرياً دون توقف"): Verify element property value successfully

2023-10-16 14:16:54 - [MESSAGE][PASSED] - Verify element property value successfully

2023-10-16 14:16:54 - [TEST_STEP][PASSED] - verifyElementPropertyValue(getResponse, "offers[12].groups[0].pricingPlans[0].visualElements[1].key", "display_title"): Verify element property value successfully

2023-10-16 14:16:54 - [MESSAGE][PASSED] - Verify element property value successfully

2023-10-16 14:16:54 - [TEST_STEP][PASSED] - verifyElementPropertyValue(getResponse, "offers[12].groups[0].pricingPlans[0].visualElements[1].value", "احصل على خصم 40%"): Verify element property value successfully

2023-10-16 14:16:54 - [MESSAGE][PASSED] - Verify element property value successfully

2023-10-16 14:16:54 - [TEST_STEP][PASSED] - verifyElementPropertyValue(getResponse, "offers[12].groups[0].pricingPlans[0].visualElements[3].key", "deduction_text"): Verify element property value successfully

2023-10-16 14:16:54 - [MESSAGE][PASSED] - Verify element property value successfully

2023-10-16 14:16:54 - [TEST_STEP][PASSED] - verifyElementPropertyValue(getResponse, "offers[12].groups[0].pricingPlans[0].visualElements[3].value", "تدفع شهرياً"): Verify element property value successfully

2023-10-16 14:16:54 - [MESSAGE][PASSED] - Verify element property value successfully

2023-10-16 14:16:54 - [TEST_STEP][PASSED] - verifyElementPropertyValue(getResponse, "offers[12].groups[0].pricingPlans[0].visualElements[6].key", "show_payment_logo"): Verify element property value successfully

2023-10-16 14:16:54 - [MESSAGE][PASSED] - Verify element property value successfully

2023-10-16 14:16:54 - [TEST_STEP][PASSED] - verifyElementPropertyValue(getResponse, "offers[12].groups[0].pricingPlans[0].visualElements[6].value", "true"): Verify element property value successfully

2023-10-16 14:16:54 - [MESSAGE][PASSED] - Verify element property value successfully

2023-10-16 14:16:54 - [TEST_STEP][PASSED] - verifyElementPropertyValue(getResponse, "offers[12].groups[0].pricingPlans[0].visualElements[8].key", "price"): Verify element property value successfully

2023-10-16 14:16:54 - [MESSAGE][PASSED] - Verify element property value successfully

2023-10-16 14:16:54 - [TEST_STEP][PASSED] - verifyElementPropertyValue(getResponse, "offers[12].groups[0].pricingPlans[0].visualElements[8].value", "5.69"): Verify element property value successfully

2023-10-16 14:16:54 - [MESSAGE][PASSED] - Verify element property value successfully

2023-10-16 14:16:54 - [TEST_STEP][PASSED] - verifyElementPropertyValue(getResponse, "offers[12].groups[0].pricingPlans[0].visualElements[9].key", "currency"): Verify element property value successfully

2023-10-16 14:16:54 - [MESSAGE][PASSED] - Verify element property value successfully

2023-10-16 14:16:54 - [TEST_STEP][PASSED] - verifyElementPropertyValue(getResponse, "offers[12].groups[0].pricingPlans[0].visualElements[9].value", "$"): Verify element property value successfully

2023-10-16 14:16:54 - [MESSAGE][PASSED] - Verify element property value successfully

2023-10-16 14:16:54 - [TEST_STEP][PASSED] - verifyElementPropertyValue(getResponse, "offers[12].groups[0].pricingPlans[0].visualElements[10].key", "duration"): Verify element property value successfully

2023-10-16 14:16:54 - [MESSAGE][PASSED] - Verify element property value successfully

2023-10-16 14:16:54 - [TEST_STEP][PASSED] - verifyElementPropertyValue(getResponse, "offers[12].groups[0].pricingPlans[0].visualElements[10].value", "شهرياً"): Verify element property value successfully

2023-10-16 14:16:54 - [MESSAGE][PASSED] - Verify element property value successfully

2023-10-16 14:16:54 - [TEST_STEP][PASSED] - verifyElementPropertyValue(getResponse, "offers[12].groups[0].pricingPlans[0].visualElements[11].key", "featured_tag_text"): Verify element property value successfully

2023-10-16 14:16:54 - [MESSAGE][PASSED] - Verify element property value successfully

2023-10-16 14:16:54 - [TEST_STEP][PASSED] - verifyElementPropertyValue(getResponse, "offers[12].groups[0].pricingPlans[0].visualElements[11].value", "عرض لمدة محدودة"): Verify element property value successfully

2023-10-16 14:16:54 - [MESSAGE][PASSED] - Verify element property value successfully

2023-10-16 14:16:54 - [TEST_STEP][PASSED] - verifyElementPropertyValue(getResponse, "offers[12].groups[0].pricingPlans[0].visualElements[13].key", "tag_text"): Verify element property value successfully

2023-10-16 14:16:54 - [MESSAGE][PASSED] - Verify element property value successfully

2023-10-16 14:16:54 - [TEST_STEP][PASSED] - verifyElementPropertyValue(getResponse, "offers[12].groups[0].pricingPlans[0].visualElements[13].value", "وفر 40%"): Verify element property value successfully

2023-10-16 14:16:54 - [MESSAGE][PASSED] - Verify element property value successfully

2023-10-16 14:16:54 - [TEST_STEP][PASSED] - verifyElementPropertyValue(getResponse, "offers[12].groups[0].pricingPlans[0].visualElements[12].key", "show_tag"): Verify element property value successfully

2023-10-16 14:16:54 - [MESSAGE][PASSED] - Verify element property value successfully

2023-10-16 14:16:54 - [TEST_STEP][PASSED] - verifyElementPropertyValue(getResponse, "offers[12].groups[0].pricingPlans[0].visualElements[12].value", "true"): Verify element property value successfully

2023-10-16 14:16:54 - [MESSAGE][PASSED] - Verify element property value successfully

2023-10-16 14:16:54 - [TEST_STEP][PASSED] - verifyElementPropertyValue(getResponse, "offers[12].groups[0].pricingPlans[0].pricingPlanData[0].productId", "LBN_B2C_SHAHID_VIP_SPORT_1M"): Verify element property value successfully

2023-10-16 14:16:54 - [MESSAGE][PASSED] - Verify element property value successfully

2023-10-16 14:16:54 - [TEST_STEP][PASSED] - verifyElementPropertyValue(getResponse, "offers[12].groups[0].pricingPlans[0].pricingPlanData[0].paymentMethod", "CREDIT_CARD"): Verify element property value successfully

2023-10-16 14:16:54 - [MESSAGE][PASSED] - Verify element property value successfully

2023-10-16 14:16:54 - [TEST_STEP][PASSED] - verifyElementPropertyValue(getResponse, "offers[12].groups[0].pricingPlans[0].pricingPlanData[0].freeTrialEnabled", "false"): Verify element property value successfully

2023-10-16 14:16:54 - [MESSAGE][PASSED] - Verify element property value successfully

2023-10-16 14:16:54 - [TEST_STEP][PASSED] - verifyElementPropertyValue(getResponse, "offers[12].groups[0].pricingPlans[0].pricingPlanData[0].showIn[0]", "VERTICAL_MODE"): Verify element property value successfully

2023-10-16 14:16:54 - [MESSAGE][PASSED] - Verify element property value successfully

2023-10-16 14:16:54 - [TEST_STEP][PASSED] - verifyElementPropertyValue(getResponse, "offers[12].groups[0].pricingPlans[0].pricingPlanData[0].showIn[1]", "HORIZONTAL_MODE"): Verify element property value successfully

2023-10-16 14:16:54 - [MESSAGE][PASSED] - Verify element property value successfully

2023-10-16 14:16:54 - [TEST_STEP][PASSED] - verifyElementPropertyValue(getResponse, "offers[12].groups[0].pricingPlans[0].pricingPlanData[0].priceLabel", "5.69"): Verify element property value successfully

2023-10-16 14:16:54 - [MESSAGE][PASSED] - Verify element property value successfully

2023-10-16 14:16:54 - [TEST_STEP][PASSED] - verifyElementPropertyValue(getResponse, "offers[12].groups[0].pricingPlans[0].pricingPlanData[0].currencyLabel", "$"): Verify element property value successfully

2023-10-16 14:16:54 - [MESSAGE][PASSED] - Verify element property value successfully

2023-10-16 14:16:54 - [TEST_STEP][PASSED] - verifyElementPropertyValue(getResponse, "offers[12].groups[0].pricingPlans[0].pricingPlanData[0].dealId", "BYG_SPORT_40P_LBN"): Verify element property value successfully

2023-10-16 14:16:54 - [MESSAGE][PASSED] - Verify element property value successfully

2023-10-16 14:16:54 - [TEST_STEP][PASSED] - verifyElementPropertyValue(getResponse, "offers[12].groups[0].pricingPlans[0].pricingPlanData[0].allowedForAcquisition", "true"): Verify element property value successfully

2023-10-16 14:16:54 - [MESSAGE][PASSED] - Verify element property value successfully

2023-10-16 14:16:54 - [TEST_STEP][PASSED] - verifyElementPropertyValue(getResponse, "offers[12].groups[0].pricingPlans[0].pricingPlanData[0].visualElements[0].key", "title"): Verify element property value successfully

2023-10-16 14:16:54 - [MESSAGE][PASSED] - Verify element property value successfully

2023-10-16 14:16:54 - [TEST_STEP][PASSED] - verifyElementPropertyValue(getResponse, "offers[12].groups[0].pricingPlans[0].pricingPlanData[0].visualElements[0].value", "البطاقة المصرفية"): Verify element property value successfully

2023-10-16 14:16:54 - [MESSAGE][PASSED] - Verify element property value successfully

2023-10-16 14:16:54 - [TEST_STEP][PASSED] - verifyElementPropertyValue(getResponse, "offers[12].groups[0].pricingPlans[0].pricingPlanData[0].visualElements[1].key", "CTA_text"): Verify element property value successfully

2023-10-16 14:16:54 - [MESSAGE][PASSED] - Verify element property value successfully

2023-10-16 14:16:54 - [TEST_STEP][PASSED] - verifyElementPropertyValue(getResponse, "offers[12].groups[0].pricingPlans[0].pricingPlanData[0].visualElements[1].value", "اشترك"): Verify element property value successfully

2023-10-16 14:16:54 - [MESSAGE][PASSED] - Verify element property value successfully

2023-10-16 14:16:54 - [TEST_STEP][PASSED] - verifyElementPropertyValue(getResponse, "offers[12].groups[0].pricingPlans[0].pricingPlanData[0].visualElements[2].key", "logo"): Verify element property value successfully

2023-10-16 14:16:54 - [MESSAGE][PASSED] - Verify element property value successfully

2023-10-16 14:16:54 - [TEST_STEP][PASSED] - verifyElementPropertyValue(getResponse, "offers[12].groups[0].pricingPlans[0].pricingPlanData[0].visualElements[2].value", "https://static.s3.shahid.mbc.net/widget-images/icons/iconCreditCard.png"): Verify element property value successfully

2023-10-16 14:16:54 - [MESSAGE][PASSED] - Verify element property value successfully

2023-10-16 14:16:54 - [TEST_STEP][PASSED] - verifyElementPropertyValue(getResponse, "offers[13].offerId", "byg-sport-50-offer"): Verify element property value successfully

2023-10-16 14:16:54 - [MESSAGE][PASSED] - Verify element property value successfully

2023-10-16 14:16:54 - [TEST_STEP][PASSED] - verifyElementPropertyValue(getResponse, "offers[13].offerParam", "bygsportsoffer50"): Verify element property value successfully

2023-10-16 14:16:54 - [MESSAGE][PASSED] - Verify element property value successfully

2023-10-16 14:16:54 - [TEST_STEP][PASSED] - verifyElementPropertyValue(getResponse, "offers[13].groups[0].pricingPlans[0].featured", "true"): Verify element property value successfully

2023-10-16 14:16:54 - [MESSAGE][PASSED] - Verify element property value successfully

2023-10-16 14:16:54 - [TEST_STEP][PASSED] - verifyElementPropertyValue(getResponse, "offers[13].groups[0].pricingPlans[0].period", "monthly"): Verify element property value successfully

2023-10-16 14:16:54 - [MESSAGE][PASSED] - Verify element property value successfully

2023-10-16 14:16:54 - [TEST_STEP][PASSED] - verifyElementPropertyValue(getResponse, "offers[13].groups[0].pricingPlans[0].featured", "true"): Verify element property value successfully

2023-10-16 14:16:54 - [MESSAGE][PASSED] - Verify element property value successfully

2023-10-16 14:16:54 - [TEST_STEP][PASSED] - verifyElementPropertyValue(getResponse, "offers[13].groups[0].pricingPlans[0].price", "4.79"): Verify element property value successfully

2023-10-16 14:16:54 - [MESSAGE][PASSED] - Verify element property value successfully

2023-10-16 14:16:54 - [TEST_STEP][PASSED] - verifyElementPropertyValue(getResponse, "offers[13].groups[0].pricingPlans[0].currency", "$"): Verify element property value successfully

2023-10-16 14:16:54 - [MESSAGE][PASSED] - Verify element property value successfully

2023-10-16 14:16:54 - [TEST_STEP][PASSED] - verifyElementPropertyValue(getResponse, "offers[13].groups[0].pricingPlans[0].order", "0"): Verify element property value successfully

2023-10-16 14:16:54 - [MESSAGE][PASSED] - Verify element property value successfully

2023-10-16 14:16:54 - [TEST_STEP][PASSED] - verifyElementPropertyValue(getResponse, "offers[13].groups[0].pricingPlans[0].packageId", "SHAHID_VIP_SPORT"): Verify element property value successfully

2023-10-16 14:16:54 - [MESSAGE][PASSED] - Verify element property value successfully

2023-10-16 14:16:54 - [TEST_STEP][PASSED] - verifyElementPropertyValue(getResponse, "offers[13].groups[0].pricingPlans[0].catalogId", "SPORT"): Verify element property value successfully

2023-10-16 14:16:54 - [MESSAGE][PASSED] - Verify element property value successfully

2023-10-16 14:16:54 - [TEST_STEP][PASSED] - verifyElementPropertyValue(getResponse, "offers[13].groups[0].pricingPlans[0].visualElements[0].key", "Header_1_text"): Verify element property value successfully

2023-10-16 14:16:54 - [MESSAGE][PASSED] - Verify element property value successfully

2023-10-16 14:16:54 - [TEST_STEP][PASSED] - verifyElementPropertyValue(getResponse, "offers[13].groups[0].pricingPlans[0].visualElements[0].value", "شاهد أقوى المسلسلات و الأفلام حصرياً دون توقف"): Verify element property value successfully

2023-10-16 14:16:54 - [MESSAGE][PASSED] - Verify element property value successfully

2023-10-16 14:16:54 - [TEST_STEP][PASSED] - verifyElementPropertyValue(getResponse, "offers[13].groups[0].pricingPlans[0].visualElements[1].key", "display_title"): Verify element property value successfully

2023-10-16 14:16:54 - [MESSAGE][PASSED] - Verify element property value successfully

2023-10-16 14:16:54 - [TEST_STEP][PASSED] - verifyElementPropertyValue(getResponse, "offers[13].groups[0].pricingPlans[0].visualElements[1].value", "احصل على خصم 50%"): Verify element property value successfully

2023-10-16 14:16:54 - [MESSAGE][PASSED] - Verify element property value successfully

2023-10-16 14:16:54 - [TEST_STEP][PASSED] - verifyElementPropertyValue(getResponse, "offers[13].groups[0].pricingPlans[0].visualElements[3].key", "deduction_text"): Verify element property value successfully

2023-10-16 14:16:54 - [MESSAGE][PASSED] - Verify element property value successfully

2023-10-16 14:16:54 - [TEST_STEP][PASSED] - verifyElementPropertyValue(getResponse, "offers[13].groups[0].pricingPlans[0].visualElements[3].value", "تدفع شهرياً"): Verify element property value successfully

2023-10-16 14:16:54 - [MESSAGE][PASSED] - Verify element property value successfully

2023-10-16 14:16:54 - [TEST_STEP][PASSED] - verifyElementPropertyValue(getResponse, "offers[13].groups[0].pricingPlans[0].visualElements[6].key", "show_payment_logo"): Verify element property value successfully

2023-10-16 14:16:54 - [MESSAGE][PASSED] - Verify element property value successfully

2023-10-16 14:16:54 - [TEST_STEP][PASSED] - verifyElementPropertyValue(getResponse, "offers[13].groups[0].pricingPlans[0].visualElements[6].value", "true"): Verify element property value successfully

2023-10-16 14:16:54 - [MESSAGE][PASSED] - Verify element property value successfully

2023-10-16 14:16:54 - [TEST_STEP][PASSED] - verifyElementPropertyValue(getResponse, "offers[13].groups[0].pricingPlans[0].visualElements[8].key", "price"): Verify element property value successfully

2023-10-16 14:16:54 - [MESSAGE][PASSED] - Verify element property value successfully

2023-10-16 14:16:54 - [TEST_STEP][PASSED] - verifyElementPropertyValue(getResponse, "offers[13].groups[0].pricingPlans[0].visualElements[8].value", "4.79"): Verify element property value successfully

2023-10-16 14:16:54 - [MESSAGE][PASSED] - Verify element property value successfully

2023-10-16 14:16:54 - [TEST_STEP][PASSED] - verifyElementPropertyValue(getResponse, "offers[13].groups[0].pricingPlans[0].visualElements[9].key", "currency"): Verify element property value successfully

2023-10-16 14:16:54 - [MESSAGE][PASSED] - Verify element property value successfully

2023-10-16 14:16:54 - [TEST_STEP][PASSED] - verifyElementPropertyValue(getResponse, "offers[13].groups[0].pricingPlans[0].visualElements[9].value", "$"): Verify element property value successfully

2023-10-16 14:16:54 - [MESSAGE][PASSED] - Verify element property value successfully

2023-10-16 14:16:54 - [TEST_STEP][PASSED] - verifyElementPropertyValue(getResponse, "offers[13].groups[0].pricingPlans[0].visualElements[10].key", "duration"): Verify element property value successfully

2023-10-16 14:16:54 - [MESSAGE][PASSED] - Verify element property value successfully

2023-10-16 14:16:54 - [TEST_STEP][PASSED] - verifyElementPropertyValue(getResponse, "offers[13].groups[0].pricingPlans[0].visualElements[10].value", "شهرياً"): Verify element property value successfully

2023-10-16 14:16:54 - [MESSAGE][PASSED] - Verify element property value successfully

2023-10-16 14:16:54 - [TEST_STEP][PASSED] - verifyElementPropertyValue(getResponse, "offers[13].groups[0].pricingPlans[0].visualElements[11].key", "featured_tag_text"): Verify element property value successfully

2023-10-16 14:16:54 - [MESSAGE][PASSED] - Verify element property value successfully

2023-10-16 14:16:54 - [TEST_STEP][PASSED] - verifyElementPropertyValue(getResponse, "offers[13].groups[0].pricingPlans[0].visualElements[11].value", "عرض لمدة محدودة"): Verify element property value successfully

2023-10-16 14:16:54 - [MESSAGE][PASSED] - Verify element property value successfully

2023-10-16 14:16:54 - [TEST_STEP][PASSED] - verifyElementPropertyValue(getResponse, "offers[13].groups[0].pricingPlans[0].visualElements[13].key", "tag_text"): Verify element property value successfully

2023-10-16 14:16:54 - [MESSAGE][PASSED] - Verify element property value successfully

2023-10-16 14:16:54 - [TEST_STEP][PASSED] - verifyElementPropertyValue(getResponse, "offers[13].groups[0].pricingPlans[0].visualElements[13].value", "وفر 50%"): Verify element property value successfully

2023-10-16 14:16:54 - [MESSAGE][PASSED] - Verify element property value successfully

2023-10-16 14:16:54 - [TEST_STEP][PASSED] - verifyElementPropertyValue(getResponse, "offers[13].groups[0].pricingPlans[0].visualElements[12].key", "show_tag"): Verify element property value successfully

2023-10-16 14:16:54 - [MESSAGE][PASSED] - Verify element property value successfully

2023-10-16 14:16:54 - [TEST_STEP][PASSED] - verifyElementPropertyValue(getResponse, "offers[13].groups[0].pricingPlans[0].visualElements[12].value", "true"): Verify element property value successfully

2023-10-16 14:16:54 - [MESSAGE][PASSED] - Verify element property value successfully

2023-10-16 14:16:54 - [TEST_STEP][PASSED] - verifyElementPropertyValue(getResponse, "offers[13].groups[0].pricingPlans[0].pricingPlanData[0].productId", "LBN_B2C_SHAHID_VIP_SPORT_1M"): Verify element property value successfully

2023-10-16 14:16:54 - [MESSAGE][PASSED] - Verify element property value successfully

2023-10-16 14:16:54 - [TEST_STEP][PASSED] - verifyElementPropertyValue(getResponse, "offers[13].groups[0].pricingPlans[0].pricingPlanData[0].paymentMethod", "CREDIT_CARD"): Verify element property value successfully

2023-10-16 14:16:54 - [MESSAGE][PASSED] - Verify element property value successfully

2023-10-16 14:16:54 - [TEST_STEP][PASSED] - verifyElementPropertyValue(getResponse, "offers[13].groups[0].pricingPlans[0].pricingPlanData[0].freeTrialEnabled", "false"): Verify element property value successfully

2023-10-16 14:16:54 - [MESSAGE][PASSED] - Verify element property value successfully

2023-10-16 14:16:54 - [TEST_STEP][PASSED] - verifyElementPropertyValue(getResponse, "offers[13].groups[0].pricingPlans[0].pricingPlanData[0].showIn[0]", "VERTICAL_MODE"): Verify element property value successfully

2023-10-16 14:16:54 - [MESSAGE][PASSED] - Verify element property value successfully

2023-10-16 14:16:54 - [TEST_STEP][PASSED] - verifyElementPropertyValue(getResponse, "offers[13].groups[0].pricingPlans[0].pricingPlanData[0].showIn[1]", "HORIZONTAL_MODE"): Verify element property value successfully

2023-10-16 14:16:54 - [MESSAGE][PASSED] - Verify element property value successfully

2023-10-16 14:16:54 - [TEST_STEP][PASSED] - verifyElementPropertyValue(getResponse, "offers[13].groups[0].pricingPlans[0].pricingPlanData[0].priceLabel", "4.79"): Verify element property value successfully

2023-10-16 14:16:54 - [MESSAGE][PASSED] - Verify element property value successfully

2023-10-16 14:16:54 - [TEST_STEP][PASSED] - verifyElementPropertyValue(getResponse, "offers[13].groups[0].pricingPlans[0].pricingPlanData[0].currencyLabel", "$"): Verify element property value successfully

2023-10-16 14:16:54 - [MESSAGE][PASSED] - Verify element property value successfully

2023-10-16 14:16:54 - [TEST_STEP][PASSED] - verifyElementPropertyValue(getResponse, "offers[13].groups[0].pricingPlans[0].pricingPlanData[0].dealId", "BYG_SPORT_50P_LBN"): Verify element property value successfully

2023-10-16 14:16:54 - [MESSAGE][PASSED] - Verify element property value successfully

2023-10-16 14:16:54 - [TEST_STEP][PASSED] - verifyElementPropertyValue(getResponse, "offers[13].groups[0].pricingPlans[0].pricingPlanData[0].allowedForAcquisition", "true"): Verify element property value successfully

2023-10-16 14:16:54 - [MESSAGE][PASSED] - Verify element property value successfully

2023-10-16 14:16:54 - [TEST_STEP][PASSED] - verifyElementPropertyValue(getResponse, "offers[13].groups[0].pricingPlans[0].pricingPlanData[0].visualElements[0].key", "title"): Verify element property value successfully

2023-10-16 14:16:54 - [MESSAGE][PASSED] - Verify element property value successfully

2023-10-16 14:16:54 - [TEST_STEP][PASSED] - verifyElementPropertyValue(getResponse, "offers[13].groups[0].pricingPlans[0].pricingPlanData[0].visualElements[0].value", "البطاقة المصرفية"): Verify element property value successfully

2023-10-16 14:16:54 - [MESSAGE][PASSED] - Verify element property value successfully

2023-10-16 14:16:54 - [TEST_STEP][PASSED] - verifyElementPropertyValue(getResponse, "offers[13].groups[0].pricingPlans[0].pricingPlanData[0].visualElements[1].key", "CTA_text"): Verify element property value successfully

2023-10-16 14:16:54 - [MESSAGE][PASSED] - Verify element property value successfully

2023-10-16 14:16:54 - [TEST_STEP][PASSED] - verifyElementPropertyValue(getResponse, "offers[13].groups[0].pricingPlans[0].pricingPlanData[0].visualElements[1].value", "اشترك"): Verify element property value successfully

2023-10-16 14:16:54 - [MESSAGE][PASSED] - Verify element property value successfully

2023-10-16 14:16:54 - [TEST_STEP][PASSED] - verifyElementPropertyValue(getResponse, "offers[13].groups[0].pricingPlans[0].pricingPlanData[0].visualElements[2].key", "logo"): Verify element property value successfully

2023-10-16 14:16:54 - [MESSAGE][PASSED] - Verify element property value successfully

2023-10-16 14:16:54 - [TEST_STEP][PASSED] - verifyElementPropertyValue(getResponse, "offers[13].groups[0].pricingPlans[0].pricingPlanData[0].visualElements[2].value", "https://static.s3.shahid.mbc.net/widget-images/icons/iconCreditCard.png"): Verify element property value successfully

2023-10-16 14:16:54 - [MESSAGE][PASSED] - Verify element property value successfully]]></system-out>
         <system-err><![CDATA[]]></system-err>
      </testcase>
      <testcase name="Test Cases/WEB - CHROME/LBN PI/WEB_AR_getOffersForLBN_VIP" time="6.297" classname="Test Cases/WEB - CHROME/LBN PI/WEB_AR_getOffersForLBN_VIP" status="PASSED">
         <system-out><![CDATA[2023-10-16 14:16:54 - [TEST_CASE][PASSED] - Test Cases/WEB - CHROME/LBN PI/WEB_AR_getOffersForLBN_VIP: Test Cases/WEB - CHROME/LBN PI/WEB_AR_getOffersForLBN_VIP

2023-10-16 14:16:54 - [TEST_STEP][PASSED] - getResponse = config_files.getConfigFile.getConfig("WEB", "AR", "SHAHID_VIP", "LB", "false"): config_files.getConfigFile.getConfig is PASSED

2023-10-16 14:16:55 - [MESSAGE][INFO] - HAR: /Users/admin/git/shahid-configuration/Reports/20231016_140310/WEB/LBN/20231016_140335/requests/main/5.har

2023-10-16 14:16:55 - [MESSAGE][PASSED] - Send request successfully

2023-10-16 14:16:55 - [MESSAGE][PASSED] - config_files.getConfigFile.getConfig is PASSED

2023-10-16 14:16:55 - [TEST_STEP][PASSED] - verifyResponseStatusCode(getResponse, 200): Verify response status code successfully

2023-10-16 14:16:55 - [MESSAGE][PASSED] - Verify response status code successfully

2023-10-16 14:16:55 - [TEST_STEP][PASSED] - verifyElementPropertyValue(getResponse, "country", "LBN"): Verify element property value successfully

2023-10-16 14:16:55 - [MESSAGE][PASSED] - Verify element property value successfully

2023-10-16 14:16:55 - [TEST_STEP][PASSED] - verifyElementPropertyValue(getResponse, "platform", "[WEB]"): Verify element property value successfully

2023-10-16 14:16:55 - [MESSAGE][PASSED] - Verify element property value successfully

2023-10-16 14:16:55 - [TEST_STEP][PASSED] - verifyElementPropertyValue(getResponse, "offers[0].offerId", "winback-30-offer"): Verify element property value successfully

2023-10-16 14:16:55 - [MESSAGE][PASSED] - Verify element property value successfully

2023-10-16 14:16:55 - [TEST_STEP][PASSED] - verifyElementPropertyValue(getResponse, "offers[0].offerParam", "winback30"): Verify element property value successfully

2023-10-16 14:16:55 - [MESSAGE][PASSED] - Verify element property value successfully

2023-10-16 14:16:55 - [TEST_STEP][PASSED] - verifyElementPropertyValue(getResponse, "offers[0].groups[0].pricingPlans[0].featured", "true"): Verify element property value successfully

2023-10-16 14:16:55 - [MESSAGE][PASSED] - Verify element property value successfully

2023-10-16 14:16:55 - [TEST_STEP][PASSED] - verifyElementPropertyValue(getResponse, "offers[0].groups[0].pricingPlans[0].period", "monthly"): Verify element property value successfully

2023-10-16 14:16:55 - [MESSAGE][PASSED] - Verify element property value successfully

2023-10-16 14:16:55 - [TEST_STEP][PASSED] - verifyElementPropertyValue(getResponse, "offers[0].groups[0].pricingPlans[0].featured", "true"): Verify element property value successfully

2023-10-16 14:16:55 - [MESSAGE][PASSED] - Verify element property value successfully

2023-10-16 14:16:55 - [TEST_STEP][PASSED] - verifyElementPropertyValue(getResponse, "offers[0].groups[0].pricingPlans[0].price", "3.19"): Verify element property value successfully

2023-10-16 14:16:55 - [MESSAGE][PASSED] - Verify element property value successfully

2023-10-16 14:16:55 - [TEST_STEP][PASSED] - verifyElementPropertyValue(getResponse, "offers[0].groups[0].pricingPlans[0].currency", "USD"): Verify element property value successfully

2023-10-16 14:16:55 - [MESSAGE][PASSED] - Verify element property value successfully

2023-10-16 14:16:55 - [TEST_STEP][PASSED] - verifyElementPropertyValue(getResponse, "offers[0].groups[0].pricingPlans[0].order", "0"): Verify element property value successfully

2023-10-16 14:16:55 - [MESSAGE][PASSED] - Verify element property value successfully

2023-10-16 14:16:55 - [TEST_STEP][PASSED] - verifyElementPropertyValue(getResponse, "offers[0].groups[0].pricingPlans[0].packageId", "SHAHID_VIP"): Verify element property value successfully

2023-10-16 14:16:55 - [MESSAGE][PASSED] - Verify element property value successfully

2023-10-16 14:16:55 - [TEST_STEP][PASSED] - verifyElementPropertyValue(getResponse, "offers[0].groups[0].pricingPlans[0].catalogId", "VIP"): Verify element property value successfully

2023-10-16 14:16:55 - [MESSAGE][PASSED] - Verify element property value successfully

2023-10-16 14:16:55 - [TEST_STEP][PASSED] - verifyElementPropertyValue(getResponse, "offers[0].groups[0].pricingPlans[0].visualElements[0].key", "Header_1_text"): Verify element property value successfully

2023-10-16 14:16:55 - [MESSAGE][PASSED] - Verify element property value successfully

2023-10-16 14:16:55 - [TEST_STEP][PASSED] - verifyElementPropertyValue(getResponse, "offers[0].groups[0].pricingPlans[0].visualElements[0].value", "شاهد أقوى المسلسلات و الأفلام حصرياً دون توقف"): Verify element property value successfully

2023-10-16 14:16:55 - [MESSAGE][PASSED] - Verify element property value successfully

2023-10-16 14:16:55 - [TEST_STEP][PASSED] - verifyElementPropertyValue(getResponse, "offers[0].groups[0].pricingPlans[0].visualElements[1].key", "display_title"): Verify element property value successfully

2023-10-16 14:16:55 - [MESSAGE][PASSED] - Verify element property value successfully

2023-10-16 14:16:55 - [TEST_STEP][PASSED] - verifyElementPropertyValue(getResponse, "offers[0].groups[0].pricingPlans[0].visualElements[1].value", "احصل على خصم 30%"): Verify element property value successfully

2023-10-16 14:16:55 - [MESSAGE][PASSED] - Verify element property value successfully

2023-10-16 14:16:55 - [TEST_STEP][PASSED] - verifyElementPropertyValue(getResponse, "offers[0].groups[0].pricingPlans[0].visualElements[3].key", "deduction_text"): Verify element property value successfully

2023-10-16 14:16:55 - [MESSAGE][PASSED] - Verify element property value successfully

2023-10-16 14:16:55 - [TEST_STEP][PASSED] - verifyElementPropertyValue(getResponse, "offers[0].groups[0].pricingPlans[0].visualElements[3].value", "تدفع شهرياً"): Verify element property value successfully

2023-10-16 14:16:55 - [MESSAGE][PASSED] - Verify element property value successfully

2023-10-16 14:16:55 - [TEST_STEP][PASSED] - verifyElementPropertyValue(getResponse, "offers[0].groups[0].pricingPlans[0].visualElements[6].key", "show_payment_logo"): Verify element property value successfully

2023-10-16 14:16:55 - [MESSAGE][PASSED] - Verify element property value successfully

2023-10-16 14:16:55 - [TEST_STEP][PASSED] - verifyElementPropertyValue(getResponse, "offers[0].groups[0].pricingPlans[0].visualElements[6].value", "true"): Verify element property value successfully

2023-10-16 14:16:55 - [MESSAGE][PASSED] - Verify element property value successfully

2023-10-16 14:16:55 - [TEST_STEP][PASSED] - verifyElementPropertyValue(getResponse, "offers[0].groups[0].pricingPlans[0].visualElements[8].key", "price"): Verify element property value successfully

2023-10-16 14:16:55 - [MESSAGE][PASSED] - Verify element property value successfully

2023-10-16 14:16:55 - [TEST_STEP][PASSED] - verifyElementPropertyValue(getResponse, "offers[0].groups[0].pricingPlans[0].visualElements[8].value", "3.19"): Verify element property value successfully

2023-10-16 14:16:55 - [MESSAGE][PASSED] - Verify element property value successfully

2023-10-16 14:16:55 - [TEST_STEP][PASSED] - verifyElementPropertyValue(getResponse, "offers[0].groups[0].pricingPlans[0].visualElements[9].key", "currency"): Verify element property value successfully

2023-10-16 14:16:55 - [MESSAGE][PASSED] - Verify element property value successfully

2023-10-16 14:16:55 - [TEST_STEP][PASSED] - verifyElementPropertyValue(getResponse, "offers[0].groups[0].pricingPlans[0].visualElements[9].value", "USD"): Verify element property value successfully

2023-10-16 14:16:55 - [MESSAGE][PASSED] - Verify element property value successfully

2023-10-16 14:16:55 - [TEST_STEP][PASSED] - verifyElementPropertyValue(getResponse, "offers[0].groups[0].pricingPlans[0].visualElements[10].key", "duration"): Verify element property value successfully

2023-10-16 14:16:55 - [MESSAGE][PASSED] - Verify element property value successfully

2023-10-16 14:16:55 - [TEST_STEP][PASSED] - verifyElementPropertyValue(getResponse, "offers[0].groups[0].pricingPlans[0].visualElements[10].value", "شهرياً"): Verify element property value successfully

2023-10-16 14:16:55 - [MESSAGE][PASSED] - Verify element property value successfully

2023-10-16 14:16:55 - [TEST_STEP][PASSED] - verifyElementPropertyValue(getResponse, "offers[0].groups[0].pricingPlans[0].visualElements[11].key", "featured_tag_text"): Verify element property value successfully

2023-10-16 14:16:55 - [MESSAGE][PASSED] - Verify element property value successfully

2023-10-16 14:16:55 - [TEST_STEP][PASSED] - verifyElementPropertyValue(getResponse, "offers[0].groups[0].pricingPlans[0].visualElements[11].value", "عرض لمدة محدودة"): Verify element property value successfully

2023-10-16 14:16:55 - [MESSAGE][PASSED] - Verify element property value successfully

2023-10-16 14:16:55 - [TEST_STEP][PASSED] - verifyElementPropertyValue(getResponse, "offers[0].groups[0].pricingPlans[0].visualElements[13].key", "tag_text"): Verify element property value successfully

2023-10-16 14:16:55 - [MESSAGE][PASSED] - Verify element property value successfully

2023-10-16 14:16:55 - [TEST_STEP][PASSED] - verifyElementPropertyValue(getResponse, "offers[0].groups[0].pricingPlans[0].visualElements[13].value", "وفر 30%"): Verify element property value successfully

2023-10-16 14:16:55 - [MESSAGE][PASSED] - Verify element property value successfully

2023-10-16 14:16:55 - [TEST_STEP][PASSED] - verifyElementPropertyValue(getResponse, "offers[0].groups[0].pricingPlans[0].visualElements[12].key", "show_tag"): Verify element property value successfully

2023-10-16 14:16:55 - [MESSAGE][PASSED] - Verify element property value successfully

2023-10-16 14:16:55 - [TEST_STEP][PASSED] - verifyElementPropertyValue(getResponse, "offers[0].groups[0].pricingPlans[0].visualElements[12].value", "true"): Verify element property value successfully

2023-10-16 14:16:55 - [MESSAGE][PASSED] - Verify element property value successfully

2023-10-16 14:16:55 - [TEST_STEP][PASSED] - verifyElementPropertyValue(getResponse, "offers[0].groups[0].pricingPlans[0].pricingPlanData[0].productId", "LBN_B2C_SHAHID_VIP_1M"): Verify element property value successfully

2023-10-16 14:16:55 - [MESSAGE][PASSED] - Verify element property value successfully

2023-10-16 14:16:55 - [TEST_STEP][PASSED] - verifyElementPropertyValue(getResponse, "offers[0].groups[0].pricingPlans[0].pricingPlanData[0].paymentMethod", "CREDIT_CARD"): Verify element property value successfully

2023-10-16 14:16:55 - [MESSAGE][PASSED] - Verify element property value successfully

2023-10-16 14:16:55 - [TEST_STEP][PASSED] - verifyElementPropertyValue(getResponse, "offers[0].groups[0].pricingPlans[0].pricingPlanData[0].freeTrialEnabled", "false"): Verify element property value successfully

2023-10-16 14:16:55 - [MESSAGE][PASSED] - Verify element property value successfully

2023-10-16 14:16:55 - [TEST_STEP][PASSED] - verifyElementPropertyValue(getResponse, "offers[0].groups[0].pricingPlans[0].pricingPlanData[0].showIn[0]", "VERTICAL_MODE"): Verify element property value successfully

2023-10-16 14:16:55 - [MESSAGE][PASSED] - Verify element property value successfully

2023-10-16 14:16:55 - [TEST_STEP][PASSED] - verifyElementPropertyValue(getResponse, "offers[0].groups[0].pricingPlans[0].pricingPlanData[0].showIn[1]", "HORIZONTAL_MODE"): Verify element property value successfully

2023-10-16 14:16:55 - [MESSAGE][PASSED] - Verify element property value successfully

2023-10-16 14:16:55 - [TEST_STEP][PASSED] - verifyElementPropertyValue(getResponse, "offers[0].groups[0].pricingPlans[0].pricingPlanData[0].priceLabel", "3.19"): Verify element property value successfully

2023-10-16 14:16:56 - [MESSAGE][PASSED] - Verify element property value successfully

2023-10-16 14:16:56 - [TEST_STEP][PASSED] - verifyElementPropertyValue(getResponse, "offers[0].groups[0].pricingPlans[0].pricingPlanData[0].currencyLabel", "USD"): Verify element property value successfully

2023-10-16 14:16:56 - [MESSAGE][PASSED] - Verify element property value successfully

2023-10-16 14:16:56 - [TEST_STEP][PASSED] - verifyElementPropertyValue(getResponse, "offers[0].groups[0].pricingPlans[0].pricingPlanData[0].dealId", "RE_30P_LBN"): Verify element property value successfully

2023-10-16 14:16:56 - [MESSAGE][PASSED] - Verify element property value successfully

2023-10-16 14:16:56 - [TEST_STEP][PASSED] - verifyElementPropertyValue(getResponse, "offers[0].groups[0].pricingPlans[0].pricingPlanData[0].allowedForAcquisition", "true"): Verify element property value successfully

2023-10-16 14:16:56 - [MESSAGE][PASSED] - Verify element property value successfully

2023-10-16 14:16:56 - [TEST_STEP][PASSED] - verifyElementPropertyValue(getResponse, "offers[0].groups[0].pricingPlans[0].pricingPlanData[0].visualElements[0].key", "title"): Verify element property value successfully

2023-10-16 14:16:56 - [MESSAGE][PASSED] - Verify element property value successfully

2023-10-16 14:16:56 - [TEST_STEP][PASSED] - verifyElementPropertyValue(getResponse, "offers[0].groups[0].pricingPlans[0].pricingPlanData[0].visualElements[0].value", "البطاقة المصرفية"): Verify element property value successfully

2023-10-16 14:16:56 - [MESSAGE][PASSED] - Verify element property value successfully

2023-10-16 14:16:56 - [TEST_STEP][PASSED] - verifyElementPropertyValue(getResponse, "offers[0].groups[0].pricingPlans[0].pricingPlanData[0].visualElements[1].key", "CTA_text"): Verify element property value successfully

2023-10-16 14:16:56 - [MESSAGE][PASSED] - Verify element property value successfully

2023-10-16 14:16:56 - [TEST_STEP][PASSED] - verifyElementPropertyValue(getResponse, "offers[0].groups[0].pricingPlans[0].pricingPlanData[0].visualElements[1].value", "اشترك"): Verify element property value successfully

2023-10-16 14:16:56 - [MESSAGE][PASSED] - Verify element property value successfully

2023-10-16 14:16:56 - [TEST_STEP][PASSED] - verifyElementPropertyValue(getResponse, "offers[0].groups[0].pricingPlans[0].pricingPlanData[0].visualElements[2].key", "logo"): Verify element property value successfully

2023-10-16 14:16:56 - [MESSAGE][PASSED] - Verify element property value successfully

2023-10-16 14:16:56 - [TEST_STEP][PASSED] - verifyElementPropertyValue(getResponse, "offers[0].groups[0].pricingPlans[0].pricingPlanData[0].visualElements[2].value", "https://static.s3.shahid.mbc.net/widget-images/icons/iconCreditCard.png"): Verify element property value successfully

2023-10-16 14:16:56 - [MESSAGE][PASSED] - Verify element property value successfully

2023-10-16 14:16:56 - [TEST_STEP][PASSED] - verifyElementPropertyValue(getResponse, "offers[1].offerId", "winback-40-offer"): Verify element property value successfully

2023-10-16 14:16:56 - [MESSAGE][PASSED] - Verify element property value successfully

2023-10-16 14:16:56 - [TEST_STEP][PASSED] - verifyElementPropertyValue(getResponse, "offers[1].offerParam", "winback40"): Verify element property value successfully

2023-10-16 14:16:56 - [MESSAGE][PASSED] - Verify element property value successfully

2023-10-16 14:16:56 - [TEST_STEP][PASSED] - verifyElementPropertyValue(getResponse, "offers[1].groups[0].pricingPlans[0].featured", "true"): Verify element property value successfully

2023-10-16 14:16:56 - [MESSAGE][PASSED] - Verify element property value successfully

2023-10-16 14:16:56 - [TEST_STEP][PASSED] - verifyElementPropertyValue(getResponse, "offers[1].groups[0].pricingPlans[0].period", "monthly"): Verify element property value successfully

2023-10-16 14:16:56 - [MESSAGE][PASSED] - Verify element property value successfully

2023-10-16 14:16:56 - [TEST_STEP][PASSED] - verifyElementPropertyValue(getResponse, "offers[1].groups[0].pricingPlans[0].featured", "true"): Verify element property value successfully

2023-10-16 14:16:56 - [MESSAGE][PASSED] - Verify element property value successfully

2023-10-16 14:16:56 - [TEST_STEP][PASSED] - verifyElementPropertyValue(getResponse, "offers[1].groups[0].pricingPlans[0].price", "2.69"): Verify element property value successfully

2023-10-16 14:16:56 - [MESSAGE][PASSED] - Verify element property value successfully

2023-10-16 14:16:56 - [TEST_STEP][PASSED] - verifyElementPropertyValue(getResponse, "offers[1].groups[0].pricingPlans[0].currency", "USD"): Verify element property value successfully

2023-10-16 14:16:56 - [MESSAGE][PASSED] - Verify element property value successfully

2023-10-16 14:16:56 - [TEST_STEP][PASSED] - verifyElementPropertyValue(getResponse, "offers[1].groups[0].pricingPlans[0].order", "0"): Verify element property value successfully

2023-10-16 14:16:56 - [MESSAGE][PASSED] - Verify element property value successfully

2023-10-16 14:16:56 - [TEST_STEP][PASSED] - verifyElementPropertyValue(getResponse, "offers[1].groups[0].pricingPlans[0].packageId", "SHAHID_VIP"): Verify element property value successfully

2023-10-16 14:16:56 - [MESSAGE][PASSED] - Verify element property value successfully

2023-10-16 14:16:56 - [TEST_STEP][PASSED] - verifyElementPropertyValue(getResponse, "offers[1].groups[0].pricingPlans[0].catalogId", "VIP"): Verify element property value successfully

2023-10-16 14:16:56 - [MESSAGE][PASSED] - Verify element property value successfully

2023-10-16 14:16:56 - [TEST_STEP][PASSED] - verifyElementPropertyValue(getResponse, "offers[1].groups[0].pricingPlans[0].visualElements[0].key", "Header_1_text"): Verify element property value successfully

2023-10-16 14:16:56 - [MESSAGE][PASSED] - Verify element property value successfully

2023-10-16 14:16:56 - [TEST_STEP][PASSED] - verifyElementPropertyValue(getResponse, "offers[1].groups[0].pricingPlans[0].visualElements[0].value", "شاهد أقوى المسلسلات و الأفلام حصرياً دون توقف"): Verify element property value successfully

2023-10-16 14:16:56 - [MESSAGE][PASSED] - Verify element property value successfully

2023-10-16 14:16:56 - [TEST_STEP][PASSED] - verifyElementPropertyValue(getResponse, "offers[1].groups[0].pricingPlans[0].visualElements[1].key", "display_title"): Verify element property value successfully

2023-10-16 14:16:56 - [MESSAGE][PASSED] - Verify element property value successfully

2023-10-16 14:16:56 - [TEST_STEP][PASSED] - verifyElementPropertyValue(getResponse, "offers[1].groups[0].pricingPlans[0].visualElements[1].value", "احصل على خصم 40%"): Verify element property value successfully

2023-10-16 14:16:56 - [MESSAGE][PASSED] - Verify element property value successfully

2023-10-16 14:16:56 - [TEST_STEP][PASSED] - verifyElementPropertyValue(getResponse, "offers[1].groups[0].pricingPlans[0].visualElements[3].key", "deduction_text"): Verify element property value successfully

2023-10-16 14:16:56 - [MESSAGE][PASSED] - Verify element property value successfully

2023-10-16 14:16:56 - [TEST_STEP][PASSED] - verifyElementPropertyValue(getResponse, "offers[1].groups[0].pricingPlans[0].visualElements[3].value", "تدفع شهرياً"): Verify element property value successfully

2023-10-16 14:16:56 - [MESSAGE][PASSED] - Verify element property value successfully

2023-10-16 14:16:56 - [TEST_STEP][PASSED] - verifyElementPropertyValue(getResponse, "offers[1].groups[0].pricingPlans[0].visualElements[6].key", "show_payment_logo"): Verify element property value successfully

2023-10-16 14:16:56 - [MESSAGE][PASSED] - Verify element property value successfully

2023-10-16 14:16:56 - [TEST_STEP][PASSED] - verifyElementPropertyValue(getResponse, "offers[1].groups[0].pricingPlans[0].visualElements[6].value", "true"): Verify element property value successfully

2023-10-16 14:16:56 - [MESSAGE][PASSED] - Verify element property value successfully

2023-10-16 14:16:56 - [TEST_STEP][PASSED] - verifyElementPropertyValue(getResponse, "offers[1].groups[0].pricingPlans[0].visualElements[8].key", "price"): Verify element property value successfully

2023-10-16 14:16:56 - [MESSAGE][PASSED] - Verify element property value successfully

2023-10-16 14:16:56 - [TEST_STEP][PASSED] - verifyElementPropertyValue(getResponse, "offers[1].groups[0].pricingPlans[0].visualElements[8].value", "2.69"): Verify element property value successfully

2023-10-16 14:16:56 - [MESSAGE][PASSED] - Verify element property value successfully

2023-10-16 14:16:59 - [TEST_STEP][PASSED] - verifyElementPropertyValue(getResponse, "offers[1].groups[0].pricingPlans[0].visualElements[9].key", "currency"): Verify element property value successfully

2023-10-16 14:16:59 - [MESSAGE][PASSED] - Verify element property value successfully

2023-10-16 14:16:59 - [TEST_STEP][PASSED] - verifyElementPropertyValue(getResponse, "offers[1].groups[0].pricingPlans[0].visualElements[9].value", "USD"): Verify element property value successfully

2023-10-16 14:16:59 - [MESSAGE][PASSED] - Verify element property value successfully

2023-10-16 14:16:59 - [TEST_STEP][PASSED] - verifyElementPropertyValue(getResponse, "offers[1].groups[0].pricingPlans[0].visualElements[10].key", "duration"): Verify element property value successfully

2023-10-16 14:16:59 - [MESSAGE][PASSED] - Verify element property value successfully

2023-10-16 14:16:59 - [TEST_STEP][PASSED] - verifyElementPropertyValue(getResponse, "offers[1].groups[0].pricingPlans[0].visualElements[10].value", "شهرياً"): Verify element property value successfully

2023-10-16 14:16:59 - [MESSAGE][PASSED] - Verify element property value successfully

2023-10-16 14:16:59 - [TEST_STEP][PASSED] - verifyElementPropertyValue(getResponse, "offers[1].groups[0].pricingPlans[0].visualElements[11].key", "featured_tag_text"): Verify element property value successfully

2023-10-16 14:16:59 - [MESSAGE][PASSED] - Verify element property value successfully

2023-10-16 14:16:59 - [TEST_STEP][PASSED] - verifyElementPropertyValue(getResponse, "offers[1].groups[0].pricingPlans[0].visualElements[11].value", "عرض لمدة محدودة"): Verify element property value successfully

2023-10-16 14:16:59 - [MESSAGE][PASSED] - Verify element property value successfully

2023-10-16 14:16:59 - [TEST_STEP][PASSED] - verifyElementPropertyValue(getResponse, "offers[1].groups[0].pricingPlans[0].visualElements[13].key", "tag_text"): Verify element property value successfully

2023-10-16 14:16:59 - [MESSAGE][PASSED] - Verify element property value successfully

2023-10-16 14:16:59 - [TEST_STEP][PASSED] - verifyElementPropertyValue(getResponse, "offers[1].groups[0].pricingPlans[0].visualElements[13].value", "وفر 40%"): Verify element property value successfully

2023-10-16 14:16:59 - [MESSAGE][PASSED] - Verify element property value successfully

2023-10-16 14:16:59 - [TEST_STEP][PASSED] - verifyElementPropertyValue(getResponse, "offers[1].groups[0].pricingPlans[0].visualElements[12].key", "show_tag"): Verify element property value successfully

2023-10-16 14:16:59 - [MESSAGE][PASSED] - Verify element property value successfully

2023-10-16 14:16:59 - [TEST_STEP][PASSED] - verifyElementPropertyValue(getResponse, "offers[1].groups[0].pricingPlans[0].visualElements[12].value", "true"): Verify element property value successfully

2023-10-16 14:16:59 - [MESSAGE][PASSED] - Verify element property value successfully

2023-10-16 14:16:59 - [TEST_STEP][PASSED] - verifyElementPropertyValue(getResponse, "offers[1].groups[0].pricingPlans[0].pricingPlanData[0].productId", "LBN_B2C_SHAHID_VIP_1M"): Verify element property value successfully

2023-10-16 14:16:59 - [MESSAGE][PASSED] - Verify element property value successfully

2023-10-16 14:16:59 - [TEST_STEP][PASSED] - verifyElementPropertyValue(getResponse, "offers[1].groups[0].pricingPlans[0].pricingPlanData[0].paymentMethod", "CREDIT_CARD"): Verify element property value successfully

2023-10-16 14:16:59 - [MESSAGE][PASSED] - Verify element property value successfully

2023-10-16 14:16:59 - [TEST_STEP][PASSED] - verifyElementPropertyValue(getResponse, "offers[1].groups[0].pricingPlans[0].pricingPlanData[0].freeTrialEnabled", "false"): Verify element property value successfully

2023-10-16 14:16:59 - [MESSAGE][PASSED] - Verify element property value successfully

2023-10-16 14:16:59 - [TEST_STEP][PASSED] - verifyElementPropertyValue(getResponse, "offers[1].groups[0].pricingPlans[0].pricingPlanData[0].showIn[0]", "VERTICAL_MODE"): Verify element property value successfully

2023-10-16 14:16:59 - [MESSAGE][PASSED] - Verify element property value successfully

2023-10-16 14:16:59 - [TEST_STEP][PASSED] - verifyElementPropertyValue(getResponse, "offers[1].groups[0].pricingPlans[0].pricingPlanData[0].showIn[1]", "HORIZONTAL_MODE"): Verify element property value successfully

2023-10-16 14:16:59 - [MESSAGE][PASSED] - Verify element property value successfully

2023-10-16 14:16:59 - [TEST_STEP][PASSED] - verifyElementPropertyValue(getResponse, "offers[1].groups[0].pricingPlans[0].pricingPlanData[0].priceLabel", "2.69"): Verify element property value successfully

2023-10-16 14:16:59 - [MESSAGE][PASSED] - Verify element property value successfully

2023-10-16 14:16:59 - [TEST_STEP][PASSED] - verifyElementPropertyValue(getResponse, "offers[1].groups[0].pricingPlans[0].pricingPlanData[0].currencyLabel", "USD"): Verify element property value successfully

2023-10-16 14:16:59 - [MESSAGE][PASSED] - Verify element property value successfully

2023-10-16 14:16:59 - [TEST_STEP][PASSED] - verifyElementPropertyValue(getResponse, "offers[1].groups[0].pricingPlans[0].pricingPlanData[0].dealId", "RE_40P_LBN"): Verify element property value successfully

2023-10-16 14:16:59 - [MESSAGE][PASSED] - Verify element property value successfully

2023-10-16 14:16:59 - [TEST_STEP][PASSED] - verifyElementPropertyValue(getResponse, "offers[1].groups[0].pricingPlans[0].pricingPlanData[0].allowedForAcquisition", "true"): Verify element property value successfully

2023-10-16 14:16:59 - [MESSAGE][PASSED] - Verify element property value successfully

2023-10-16 14:16:59 - [TEST_STEP][PASSED] - verifyElementPropertyValue(getResponse, "offers[1].groups[0].pricingPlans[0].pricingPlanData[0].visualElements[0].key", "title"): Verify element property value successfully

2023-10-16 14:16:59 - [MESSAGE][PASSED] - Verify element property value successfully

2023-10-16 14:16:59 - [TEST_STEP][PASSED] - verifyElementPropertyValue(getResponse, "offers[1].groups[0].pricingPlans[0].pricingPlanData[0].visualElements[0].value", "البطاقة المصرفية"): Verify element property value successfully

2023-10-16 14:16:59 - [MESSAGE][PASSED] - Verify element property value successfully

2023-10-16 14:16:59 - [TEST_STEP][PASSED] - verifyElementPropertyValue(getResponse, "offers[1].groups[0].pricingPlans[0].pricingPlanData[0].visualElements[1].key", "CTA_text"): Verify element property value successfully

2023-10-16 14:16:59 - [MESSAGE][PASSED] - Verify element property value successfully

2023-10-16 14:16:59 - [TEST_STEP][PASSED] - verifyElementPropertyValue(getResponse, "offers[1].groups[0].pricingPlans[0].pricingPlanData[0].visualElements[1].value", "اشترك"): Verify element property value successfully

2023-10-16 14:16:59 - [MESSAGE][PASSED] - Verify element property value successfully

2023-10-16 14:16:59 - [TEST_STEP][PASSED] - verifyElementPropertyValue(getResponse, "offers[1].groups[0].pricingPlans[0].pricingPlanData[0].visualElements[2].key", "logo"): Verify element property value successfully

2023-10-16 14:16:59 - [MESSAGE][PASSED] - Verify element property value successfully

2023-10-16 14:16:59 - [TEST_STEP][PASSED] - verifyElementPropertyValue(getResponse, "offers[1].groups[0].pricingPlans[0].pricingPlanData[0].visualElements[2].value", "https://static.s3.shahid.mbc.net/widget-images/icons/iconCreditCard.png"): Verify element property value successfully

2023-10-16 14:16:59 - [MESSAGE][PASSED] - Verify element property value successfully

2023-10-16 14:16:59 - [TEST_STEP][PASSED] - verifyElementPropertyValue(getResponse, "offers[2].offerId", "winback-50-offer"): Verify element property value successfully

2023-10-16 14:16:59 - [MESSAGE][PASSED] - Verify element property value successfully

2023-10-16 14:16:59 - [TEST_STEP][PASSED] - verifyElementPropertyValue(getResponse, "offers[2].offerParam", "winback50"): Verify element property value successfully

2023-10-16 14:16:59 - [MESSAGE][PASSED] - Verify element property value successfully

2023-10-16 14:16:59 - [TEST_STEP][PASSED] - verifyElementPropertyValue(getResponse, "offers[2].groups[0].pricingPlans[0].featured", "true"): Verify element property value successfully

2023-10-16 14:16:59 - [MESSAGE][PASSED] - Verify element property value successfully

2023-10-16 14:16:59 - [TEST_STEP][PASSED] - verifyElementPropertyValue(getResponse, "offers[2].groups[0].pricingPlans[0].period", "monthly"): Verify element property value successfully

2023-10-16 14:16:59 - [MESSAGE][PASSED] - Verify element property value successfully

2023-10-16 14:16:59 - [TEST_STEP][PASSED] - verifyElementPropertyValue(getResponse, "offers[2].groups[0].pricingPlans[0].featured", "true"): Verify element property value successfully

2023-10-16 14:16:59 - [MESSAGE][PASSED] - Verify element property value successfully

2023-10-16 14:16:59 - [TEST_STEP][PASSED] - verifyElementPropertyValue(getResponse, "offers[2].groups[0].pricingPlans[0].price", "2.29"): Verify element property value successfully

2023-10-16 14:16:59 - [MESSAGE][PASSED] - Verify element property value successfully

2023-10-16 14:16:59 - [TEST_STEP][PASSED] - verifyElementPropertyValue(getResponse, "offers[2].groups[0].pricingPlans[0].currency", "USD"): Verify element property value successfully

2023-10-16 14:16:59 - [MESSAGE][PASSED] - Verify element property value successfully

2023-10-16 14:16:59 - [TEST_STEP][PASSED] - verifyElementPropertyValue(getResponse, "offers[2].groups[0].pricingPlans[0].order", "0"): Verify element property value successfully

2023-10-16 14:16:59 - [MESSAGE][PASSED] - Verify element property value successfully

2023-10-16 14:16:59 - [TEST_STEP][PASSED] - verifyElementPropertyValue(getResponse, "offers[2].groups[0].pricingPlans[0].packageId", "SHAHID_VIP"): Verify element property value successfully

2023-10-16 14:16:59 - [MESSAGE][PASSED] - Verify element property value successfully

2023-10-16 14:16:59 - [TEST_STEP][PASSED] - verifyElementPropertyValue(getResponse, "offers[2].groups[0].pricingPlans[0].catalogId", "VIP"): Verify element property value successfully

2023-10-16 14:16:59 - [MESSAGE][PASSED] - Verify element property value successfully

2023-10-16 14:16:59 - [TEST_STEP][PASSED] - verifyElementPropertyValue(getResponse, "offers[2].groups[0].pricingPlans[0].visualElements[0].key", "Header_1_text"): Verify element property value successfully

2023-10-16 14:16:59 - [MESSAGE][PASSED] - Verify element property value successfully

2023-10-16 14:16:59 - [TEST_STEP][PASSED] - verifyElementPropertyValue(getResponse, "offers[2].groups[0].pricingPlans[0].visualElements[0].value", "شاهد أقوى المسلسلات و الأفلام حصرياً دون توقف"): Verify element property value successfully

2023-10-16 14:16:59 - [MESSAGE][PASSED] - Verify element property value successfully

2023-10-16 14:16:59 - [TEST_STEP][PASSED] - verifyElementPropertyValue(getResponse, "offers[2].groups[0].pricingPlans[0].visualElements[1].key", "display_title"): Verify element property value successfully

2023-10-16 14:16:59 - [MESSAGE][PASSED] - Verify element property value successfully

2023-10-16 14:16:59 - [TEST_STEP][PASSED] - verifyElementPropertyValue(getResponse, "offers[2].groups[0].pricingPlans[0].visualElements[1].value", "احصل على خصم 50%"): Verify element property value successfully

2023-10-16 14:16:59 - [MESSAGE][PASSED] - Verify element property value successfully

2023-10-16 14:16:59 - [TEST_STEP][PASSED] - verifyElementPropertyValue(getResponse, "offers[2].groups[0].pricingPlans[0].visualElements[3].key", "deduction_text"): Verify element property value successfully

2023-10-16 14:16:59 - [MESSAGE][PASSED] - Verify element property value successfully

2023-10-16 14:16:59 - [TEST_STEP][PASSED] - verifyElementPropertyValue(getResponse, "offers[2].groups[0].pricingPlans[0].visualElements[3].value", "تدفع شهرياً"): Verify element property value successfully

2023-10-16 14:16:59 - [MESSAGE][PASSED] - Verify element property value successfully

2023-10-16 14:16:59 - [TEST_STEP][PASSED] - verifyElementPropertyValue(getResponse, "offers[2].groups[0].pricingPlans[0].visualElements[6].key", "show_payment_logo"): Verify element property value successfully

2023-10-16 14:16:59 - [MESSAGE][PASSED] - Verify element property value successfully

2023-10-16 14:16:59 - [TEST_STEP][PASSED] - verifyElementPropertyValue(getResponse, "offers[2].groups[0].pricingPlans[0].visualElements[6].value", "true"): Verify element property value successfully

2023-10-16 14:16:59 - [MESSAGE][PASSED] - Verify element property value successfully

2023-10-16 14:16:59 - [TEST_STEP][PASSED] - verifyElementPropertyValue(getResponse, "offers[2].groups[0].pricingPlans[0].visualElements[8].key", "price"): Verify element property value successfully

2023-10-16 14:16:59 - [MESSAGE][PASSED] - Verify element property value successfully

2023-10-16 14:16:59 - [TEST_STEP][PASSED] - verifyElementPropertyValue(getResponse, "offers[2].groups[0].pricingPlans[0].visualElements[8].value", "2.29"): Verify element property value successfully

2023-10-16 14:16:59 - [MESSAGE][PASSED] - Verify element property value successfully

2023-10-16 14:16:59 - [TEST_STEP][PASSED] - verifyElementPropertyValue(getResponse, "offers[2].groups[0].pricingPlans[0].visualElements[9].key", "currency"): Verify element property value successfully

2023-10-16 14:16:59 - [MESSAGE][PASSED] - Verify element property value successfully

2023-10-16 14:16:59 - [TEST_STEP][PASSED] - verifyElementPropertyValue(getResponse, "offers[2].groups[0].pricingPlans[0].visualElements[9].value", "USD"): Verify element property value successfully

2023-10-16 14:16:59 - [MESSAGE][PASSED] - Verify element property value successfully

2023-10-16 14:16:59 - [TEST_STEP][PASSED] - verifyElementPropertyValue(getResponse, "offers[2].groups[0].pricingPlans[0].visualElements[10].key", "duration"): Verify element property value successfully

2023-10-16 14:16:59 - [MESSAGE][PASSED] - Verify element property value successfully

2023-10-16 14:16:59 - [TEST_STEP][PASSED] - verifyElementPropertyValue(getResponse, "offers[2].groups[0].pricingPlans[0].visualElements[10].value", "شهرياً"): Verify element property value successfully

2023-10-16 14:16:59 - [MESSAGE][PASSED] - Verify element property value successfully

2023-10-16 14:16:59 - [TEST_STEP][PASSED] - verifyElementPropertyValue(getResponse, "offers[2].groups[0].pricingPlans[0].visualElements[11].key", "featured_tag_text"): Verify element property value successfully

2023-10-16 14:16:59 - [MESSAGE][PASSED] - Verify element property value successfully

2023-10-16 14:16:59 - [TEST_STEP][PASSED] - verifyElementPropertyValue(getResponse, "offers[2].groups[0].pricingPlans[0].visualElements[11].value", "عرض لمدة محدودة"): Verify element property value successfully

2023-10-16 14:16:59 - [MESSAGE][PASSED] - Verify element property value successfully

2023-10-16 14:16:59 - [TEST_STEP][PASSED] - verifyElementPropertyValue(getResponse, "offers[2].groups[0].pricingPlans[0].visualElements[13].key", "tag_text"): Verify element property value successfully

2023-10-16 14:16:59 - [MESSAGE][PASSED] - Verify element property value successfully

2023-10-16 14:16:59 - [TEST_STEP][PASSED] - verifyElementPropertyValue(getResponse, "offers[2].groups[0].pricingPlans[0].visualElements[13].value", "وفر 50%"): Verify element property value successfully

2023-10-16 14:16:59 - [MESSAGE][PASSED] - Verify element property value successfully

2023-10-16 14:16:59 - [TEST_STEP][PASSED] - verifyElementPropertyValue(getResponse, "offers[2].groups[0].pricingPlans[0].visualElements[12].key", "show_tag"): Verify element property value successfully

2023-10-16 14:16:59 - [MESSAGE][PASSED] - Verify element property value successfully

2023-10-16 14:16:59 - [TEST_STEP][PASSED] - verifyElementPropertyValue(getResponse, "offers[2].groups[0].pricingPlans[0].visualElements[12].value", "true"): Verify element property value successfully

2023-10-16 14:16:59 - [MESSAGE][PASSED] - Verify element property value successfully

2023-10-16 14:16:59 - [TEST_STEP][PASSED] - verifyElementPropertyValue(getResponse, "offers[2].groups[0].pricingPlans[0].pricingPlanData[0].productId", "LBN_B2C_SHAHID_VIP_1M"): Verify element property value successfully

2023-10-16 14:16:59 - [MESSAGE][PASSED] - Verify element property value successfully

2023-10-16 14:16:59 - [TEST_STEP][PASSED] - verifyElementPropertyValue(getResponse, "offers[2].groups[0].pricingPlans[0].pricingPlanData[0].paymentMethod", "CREDIT_CARD"): Verify element property value successfully

2023-10-16 14:16:59 - [MESSAGE][PASSED] - Verify element property value successfully

2023-10-16 14:16:59 - [TEST_STEP][PASSED] - verifyElementPropertyValue(getResponse, "offers[2].groups[0].pricingPlans[0].pricingPlanData[0].freeTrialEnabled", "false"): Verify element property value successfully

2023-10-16 14:16:59 - [MESSAGE][PASSED] - Verify element property value successfully

2023-10-16 14:16:59 - [TEST_STEP][PASSED] - verifyElementPropertyValue(getResponse, "offers[2].groups[0].pricingPlans[0].pricingPlanData[0].showIn[0]", "VERTICAL_MODE"): Verify element property value successfully

2023-10-16 14:16:59 - [MESSAGE][PASSED] - Verify element property value successfully

2023-10-16 14:16:59 - [TEST_STEP][PASSED] - verifyElementPropertyValue(getResponse, "offers[2].groups[0].pricingPlans[0].pricingPlanData[0].showIn[1]", "HORIZONTAL_MODE"): Verify element property value successfully

2023-10-16 14:16:59 - [MESSAGE][PASSED] - Verify element property value successfully

2023-10-16 14:16:59 - [TEST_STEP][PASSED] - verifyElementPropertyValue(getResponse, "offers[2].groups[0].pricingPlans[0].pricingPlanData[0].priceLabel", "2.29"): Verify element property value successfully

2023-10-16 14:16:59 - [MESSAGE][PASSED] - Verify element property value successfully

2023-10-16 14:16:59 - [TEST_STEP][PASSED] - verifyElementPropertyValue(getResponse, "offers[2].groups[0].pricingPlans[0].pricingPlanData[0].currencyLabel", "USD"): Verify element property value successfully

2023-10-16 14:16:59 - [MESSAGE][PASSED] - Verify element property value successfully

2023-10-16 14:16:59 - [TEST_STEP][PASSED] - verifyElementPropertyValue(getResponse, "offers[2].groups[0].pricingPlans[0].pricingPlanData[0].dealId", "RE_50P_LBN"): Verify element property value successfully

2023-10-16 14:16:59 - [MESSAGE][PASSED] - Verify element property value successfully

2023-10-16 14:16:59 - [TEST_STEP][PASSED] - verifyElementPropertyValue(getResponse, "offers[2].groups[0].pricingPlans[0].pricingPlanData[0].allowedForAcquisition", "true"): Verify element property value successfully

2023-10-16 14:16:59 - [MESSAGE][PASSED] - Verify element property value successfully

2023-10-16 14:16:59 - [TEST_STEP][PASSED] - verifyElementPropertyValue(getResponse, "offers[2].groups[0].pricingPlans[0].pricingPlanData[0].visualElements[0].key", "title"): Verify element property value successfully

2023-10-16 14:16:59 - [MESSAGE][PASSED] - Verify element property value successfully

2023-10-16 14:16:59 - [TEST_STEP][PASSED] - verifyElementPropertyValue(getResponse, "offers[2].groups[0].pricingPlans[0].pricingPlanData[0].visualElements[0].value", "البطاقة المصرفية"): Verify element property value successfully

2023-10-16 14:16:59 - [MESSAGE][PASSED] - Verify element property value successfully

2023-10-16 14:16:59 - [TEST_STEP][PASSED] - verifyElementPropertyValue(getResponse, "offers[2].groups[0].pricingPlans[0].pricingPlanData[0].visualElements[1].key", "CTA_text"): Verify element property value successfully

2023-10-16 14:16:59 - [MESSAGE][PASSED] - Verify element property value successfully

2023-10-16 14:16:59 - [TEST_STEP][PASSED] - verifyElementPropertyValue(getResponse, "offers[2].groups[0].pricingPlans[0].pricingPlanData[0].visualElements[1].value", "اشترك"): Verify element property value successfully

2023-10-16 14:16:59 - [MESSAGE][PASSED] - Verify element property value successfully

2023-10-16 14:16:59 - [TEST_STEP][PASSED] - verifyElementPropertyValue(getResponse, "offers[2].groups[0].pricingPlans[0].pricingPlanData[0].visualElements[2].key", "logo"): Verify element property value successfully

2023-10-16 14:16:59 - [MESSAGE][PASSED] - Verify element property value successfully

2023-10-16 14:16:59 - [TEST_STEP][PASSED] - verifyElementPropertyValue(getResponse, "offers[2].groups[0].pricingPlans[0].pricingPlanData[0].visualElements[2].value", "https://static.s3.shahid.mbc.net/widget-images/icons/iconCreditCard.png"): Verify element property value successfully

2023-10-16 14:16:59 - [MESSAGE][PASSED] - Verify element property value successfully

2023-10-16 14:16:59 - [TEST_STEP][PASSED] - verifyElementPropertyValue(getResponse, "offers[8].offerId", "byg-30-offer"): Verify element property value successfully

2023-10-16 14:16:59 - [MESSAGE][PASSED] - Verify element property value successfully

2023-10-16 14:16:59 - [TEST_STEP][PASSED] - verifyElementPropertyValue(getResponse, "offers[8].offerParam", "bygoffer30"): Verify element property value successfully

2023-10-16 14:16:59 - [MESSAGE][PASSED] - Verify element property value successfully

2023-10-16 14:16:59 - [TEST_STEP][PASSED] - verifyElementPropertyValue(getResponse, "offers[8].groups[0].pricingPlans[0].featured", "true"): Verify element property value successfully

2023-10-16 14:16:59 - [MESSAGE][PASSED] - Verify element property value successfully

2023-10-16 14:16:59 - [TEST_STEP][PASSED] - verifyElementPropertyValue(getResponse, "offers[8].groups[0].pricingPlans[0].period", "monthly"): Verify element property value successfully

2023-10-16 14:16:59 - [MESSAGE][PASSED] - Verify element property value successfully

2023-10-16 14:16:59 - [TEST_STEP][PASSED] - verifyElementPropertyValue(getResponse, "offers[8].groups[0].pricingPlans[0].featured", "true"): Verify element property value successfully

2023-10-16 14:16:59 - [MESSAGE][PASSED] - Verify element property value successfully

2023-10-16 14:16:59 - [TEST_STEP][PASSED] - verifyElementPropertyValue(getResponse, "offers[8].groups[0].pricingPlans[0].price", "3.19"): Verify element property value successfully

2023-10-16 14:16:59 - [MESSAGE][PASSED] - Verify element property value successfully

2023-10-16 14:16:59 - [TEST_STEP][PASSED] - verifyElementPropertyValue(getResponse, "offers[8].groups[0].pricingPlans[0].currency", "$"): Verify element property value successfully

2023-10-16 14:16:59 - [MESSAGE][PASSED] - Verify element property value successfully

2023-10-16 14:16:59 - [TEST_STEP][PASSED] - verifyElementPropertyValue(getResponse, "offers[8].groups[0].pricingPlans[0].order", "0"): Verify element property value successfully

2023-10-16 14:16:59 - [MESSAGE][PASSED] - Verify element property value successfully

2023-10-16 14:16:59 - [TEST_STEP][PASSED] - verifyElementPropertyValue(getResponse, "offers[8].groups[0].pricingPlans[0].packageId", "SHAHID_VIP"): Verify element property value successfully

2023-10-16 14:16:59 - [MESSAGE][PASSED] - Verify element property value successfully

2023-10-16 14:16:59 - [TEST_STEP][PASSED] - verifyElementPropertyValue(getResponse, "offers[8].groups[0].pricingPlans[0].catalogId", "VIP"): Verify element property value successfully

2023-10-16 14:16:59 - [MESSAGE][PASSED] - Verify element property value successfully

2023-10-16 14:16:59 - [TEST_STEP][PASSED] - verifyElementPropertyValue(getResponse, "offers[8].groups[0].pricingPlans[0].visualElements[0].key", "Header_1_text"): Verify element property value successfully

2023-10-16 14:16:59 - [MESSAGE][PASSED] - Verify element property value successfully

2023-10-16 14:16:59 - [TEST_STEP][PASSED] - verifyElementPropertyValue(getResponse, "offers[8].groups[0].pricingPlans[0].visualElements[0].value", "شاهد أقوى المسلسلات و الأفلام حصرياً دون توقف"): Verify element property value successfully

2023-10-16 14:16:59 - [MESSAGE][PASSED] - Verify element property value successfully

2023-10-16 14:16:59 - [TEST_STEP][PASSED] - verifyElementPropertyValue(getResponse, "offers[8].groups[0].pricingPlans[0].visualElements[1].key", "display_title"): Verify element property value successfully

2023-10-16 14:16:59 - [MESSAGE][PASSED] - Verify element property value successfully

2023-10-16 14:16:59 - [TEST_STEP][PASSED] - verifyElementPropertyValue(getResponse, "offers[8].groups[0].pricingPlans[0].visualElements[1].value", "احصل على خصم 30%"): Verify element property value successfully

2023-10-16 14:16:59 - [MESSAGE][PASSED] - Verify element property value successfully

2023-10-16 14:16:59 - [TEST_STEP][PASSED] - verifyElementPropertyValue(getResponse, "offers[8].groups[0].pricingPlans[0].visualElements[3].key", "deduction_text"): Verify element property value successfully

2023-10-16 14:16:59 - [MESSAGE][PASSED] - Verify element property value successfully

2023-10-16 14:16:59 - [TEST_STEP][PASSED] - verifyElementPropertyValue(getResponse, "offers[8].groups[0].pricingPlans[0].visualElements[3].value", "تدفع شهرياً"): Verify element property value successfully

2023-10-16 14:17:00 - [MESSAGE][PASSED] - Verify element property value successfully

2023-10-16 14:17:00 - [TEST_STEP][PASSED] - verifyElementPropertyValue(getResponse, "offers[8].groups[0].pricingPlans[0].visualElements[6].key", "show_payment_logo"): Verify element property value successfully

2023-10-16 14:17:00 - [MESSAGE][PASSED] - Verify element property value successfully

2023-10-16 14:17:00 - [TEST_STEP][PASSED] - verifyElementPropertyValue(getResponse, "offers[8].groups[0].pricingPlans[0].visualElements[6].value", "true"): Verify element property value successfully

2023-10-16 14:17:00 - [MESSAGE][PASSED] - Verify element property value successfully

2023-10-16 14:17:00 - [TEST_STEP][PASSED] - verifyElementPropertyValue(getResponse, "offers[8].groups[0].pricingPlans[0].visualElements[8].key", "price"): Verify element property value successfully

2023-10-16 14:17:00 - [MESSAGE][PASSED] - Verify element property value successfully

2023-10-16 14:17:00 - [TEST_STEP][PASSED] - verifyElementPropertyValue(getResponse, "offers[8].groups[0].pricingPlans[0].visualElements[8].value", "3.19"): Verify element property value successfully

2023-10-16 14:17:00 - [MESSAGE][PASSED] - Verify element property value successfully

2023-10-16 14:17:00 - [TEST_STEP][PASSED] - verifyElementPropertyValue(getResponse, "offers[8].groups[0].pricingPlans[0].visualElements[9].key", "currency"): Verify element property value successfully

2023-10-16 14:17:00 - [MESSAGE][PASSED] - Verify element property value successfully

2023-10-16 14:17:00 - [TEST_STEP][PASSED] - verifyElementPropertyValue(getResponse, "offers[8].groups[0].pricingPlans[0].visualElements[9].value", "$"): Verify element property value successfully

2023-10-16 14:17:00 - [MESSAGE][PASSED] - Verify element property value successfully

2023-10-16 14:17:00 - [TEST_STEP][PASSED] - verifyElementPropertyValue(getResponse, "offers[8].groups[0].pricingPlans[0].visualElements[10].key", "duration"): Verify element property value successfully

2023-10-16 14:17:00 - [MESSAGE][PASSED] - Verify element property value successfully

2023-10-16 14:17:00 - [TEST_STEP][PASSED] - verifyElementPropertyValue(getResponse, "offers[8].groups[0].pricingPlans[0].visualElements[10].value", "شهرياً"): Verify element property value successfully

2023-10-16 14:17:00 - [MESSAGE][PASSED] - Verify element property value successfully

2023-10-16 14:17:00 - [TEST_STEP][PASSED] - verifyElementPropertyValue(getResponse, "offers[8].groups[0].pricingPlans[0].visualElements[11].key", "featured_tag_text"): Verify element property value successfully

2023-10-16 14:17:00 - [MESSAGE][PASSED] - Verify element property value successfully

2023-10-16 14:17:00 - [TEST_STEP][PASSED] - verifyElementPropertyValue(getResponse, "offers[8].groups[0].pricingPlans[0].visualElements[11].value", "عرض لمدة محدودة"): Verify element property value successfully

2023-10-16 14:17:00 - [MESSAGE][PASSED] - Verify element property value successfully

2023-10-16 14:17:00 - [TEST_STEP][PASSED] - verifyElementPropertyValue(getResponse, "offers[8].groups[0].pricingPlans[0].visualElements[13].key", "tag_text"): Verify element property value successfully

2023-10-16 14:17:00 - [MESSAGE][PASSED] - Verify element property value successfully

2023-10-16 14:17:00 - [TEST_STEP][PASSED] - verifyElementPropertyValue(getResponse, "offers[8].groups[0].pricingPlans[0].visualElements[13].value", "وفر 30%"): Verify element property value successfully

2023-10-16 14:17:00 - [MESSAGE][PASSED] - Verify element property value successfully

2023-10-16 14:17:00 - [TEST_STEP][PASSED] - verifyElementPropertyValue(getResponse, "offers[8].groups[0].pricingPlans[0].visualElements[12].key", "show_tag"): Verify element property value successfully

2023-10-16 14:17:00 - [MESSAGE][PASSED] - Verify element property value successfully

2023-10-16 14:17:00 - [TEST_STEP][PASSED] - verifyElementPropertyValue(getResponse, "offers[8].groups[0].pricingPlans[0].visualElements[12].value", "true"): Verify element property value successfully

2023-10-16 14:17:00 - [MESSAGE][PASSED] - Verify element property value successfully

2023-10-16 14:17:00 - [TEST_STEP][PASSED] - verifyElementPropertyValue(getResponse, "offers[8].groups[0].pricingPlans[0].pricingPlanData[0].productId", "LBN_B2C_SHAHID_VIP_1M"): Verify element property value successfully

2023-10-16 14:17:00 - [MESSAGE][PASSED] - Verify element property value successfully

2023-10-16 14:17:00 - [TEST_STEP][PASSED] - verifyElementPropertyValue(getResponse, "offers[8].groups[0].pricingPlans[0].pricingPlanData[0].paymentMethod", "CREDIT_CARD"): Verify element property value successfully

2023-10-16 14:17:00 - [MESSAGE][PASSED] - Verify element property value successfully

2023-10-16 14:17:00 - [TEST_STEP][PASSED] - verifyElementPropertyValue(getResponse, "offers[8].groups[0].pricingPlans[0].pricingPlanData[0].freeTrialEnabled", "false"): Verify element property value successfully

2023-10-16 14:17:00 - [MESSAGE][PASSED] - Verify element property value successfully

2023-10-16 14:17:00 - [TEST_STEP][PASSED] - verifyElementPropertyValue(getResponse, "offers[8].groups[0].pricingPlans[0].pricingPlanData[0].showIn[0]", "VERTICAL_MODE"): Verify element property value successfully

2023-10-16 14:17:00 - [MESSAGE][PASSED] - Verify element property value successfully

2023-10-16 14:17:00 - [TEST_STEP][PASSED] - verifyElementPropertyValue(getResponse, "offers[8].groups[0].pricingPlans[0].pricingPlanData[0].showIn[1]", "HORIZONTAL_MODE"): Verify element property value successfully

2023-10-16 14:17:00 - [MESSAGE][PASSED] - Verify element property value successfully

2023-10-16 14:17:00 - [TEST_STEP][PASSED] - verifyElementPropertyValue(getResponse, "offers[8].groups[0].pricingPlans[0].pricingPlanData[0].priceLabel", "3.19"): Verify element property value successfully

2023-10-16 14:17:00 - [MESSAGE][PASSED] - Verify element property value successfully

2023-10-16 14:17:00 - [TEST_STEP][PASSED] - verifyElementPropertyValue(getResponse, "offers[8].groups[0].pricingPlans[0].pricingPlanData[0].currencyLabel", "$"): Verify element property value successfully

2023-10-16 14:17:00 - [MESSAGE][PASSED] - Verify element property value successfully

2023-10-16 14:17:00 - [TEST_STEP][PASSED] - verifyElementPropertyValue(getResponse, "offers[8].groups[0].pricingPlans[0].pricingPlanData[0].dealId", "BYG_30P_LBN"): Verify element property value successfully

2023-10-16 14:17:00 - [MESSAGE][PASSED] - Verify element property value successfully

2023-10-16 14:17:00 - [TEST_STEP][PASSED] - verifyElementPropertyValue(getResponse, "offers[8].groups[0].pricingPlans[0].pricingPlanData[0].allowedForAcquisition", "true"): Verify element property value successfully

2023-10-16 14:17:00 - [MESSAGE][PASSED] - Verify element property value successfully

2023-10-16 14:17:00 - [TEST_STEP][PASSED] - verifyElementPropertyValue(getResponse, "offers[8].groups[0].pricingPlans[0].pricingPlanData[0].visualElements[0].key", "title"): Verify element property value successfully

2023-10-16 14:17:00 - [MESSAGE][PASSED] - Verify element property value successfully

2023-10-16 14:17:00 - [TEST_STEP][PASSED] - verifyElementPropertyValue(getResponse, "offers[8].groups[0].pricingPlans[0].pricingPlanData[0].visualElements[0].value", "البطاقة المصرفية"): Verify element property value successfully

2023-10-16 14:17:00 - [MESSAGE][PASSED] - Verify element property value successfully

2023-10-16 14:17:00 - [TEST_STEP][PASSED] - verifyElementPropertyValue(getResponse, "offers[8].groups[0].pricingPlans[0].pricingPlanData[0].visualElements[1].key", "CTA_text"): Verify element property value successfully

2023-10-16 14:17:00 - [MESSAGE][PASSED] - Verify element property value successfully

2023-10-16 14:17:00 - [TEST_STEP][PASSED] - verifyElementPropertyValue(getResponse, "offers[8].groups[0].pricingPlans[0].pricingPlanData[0].visualElements[1].value", "اشترك"): Verify element property value successfully

2023-10-16 14:17:00 - [MESSAGE][PASSED] - Verify element property value successfully

2023-10-16 14:17:00 - [TEST_STEP][PASSED] - verifyElementPropertyValue(getResponse, "offers[8].groups[0].pricingPlans[0].pricingPlanData[0].visualElements[2].key", "logo"): Verify element property value successfully

2023-10-16 14:17:00 - [MESSAGE][PASSED] - Verify element property value successfully

2023-10-16 14:17:00 - [TEST_STEP][PASSED] - verifyElementPropertyValue(getResponse, "offers[8].groups[0].pricingPlans[0].pricingPlanData[0].visualElements[2].value", "https://static.s3.shahid.mbc.net/widget-images/icons/iconCreditCard.png"): Verify element property value successfully

2023-10-16 14:17:00 - [MESSAGE][PASSED] - Verify element property value successfully

2023-10-16 14:17:00 - [TEST_STEP][PASSED] - verifyElementPropertyValue(getResponse, "offers[9].offerId", "byg-40-offer"): Verify element property value successfully

2023-10-16 14:17:00 - [MESSAGE][PASSED] - Verify element property value successfully

2023-10-16 14:17:00 - [TEST_STEP][PASSED] - verifyElementPropertyValue(getResponse, "offers[9].offerParam", "bygoffer40"): Verify element property value successfully

2023-10-16 14:17:00 - [MESSAGE][PASSED] - Verify element property value successfully

2023-10-16 14:17:00 - [TEST_STEP][PASSED] - verifyElementPropertyValue(getResponse, "offers[9].groups[0].pricingPlans[0].featured", "true"): Verify element property value successfully

2023-10-16 14:17:00 - [MESSAGE][PASSED] - Verify element property value successfully

2023-10-16 14:17:00 - [TEST_STEP][PASSED] - verifyElementPropertyValue(getResponse, "offers[9].groups[0].pricingPlans[0].period", "monthly"): Verify element property value successfully

2023-10-16 14:17:00 - [MESSAGE][PASSED] - Verify element property value successfully

2023-10-16 14:17:00 - [TEST_STEP][PASSED] - verifyElementPropertyValue(getResponse, "offers[9].groups[0].pricingPlans[0].featured", "true"): Verify element property value successfully

2023-10-16 14:17:00 - [MESSAGE][PASSED] - Verify element property value successfully

2023-10-16 14:17:00 - [TEST_STEP][PASSED] - verifyElementPropertyValue(getResponse, "offers[9].groups[0].pricingPlans[0].price", "2.69"): Verify element property value successfully

2023-10-16 14:17:00 - [MESSAGE][PASSED] - Verify element property value successfully

2023-10-16 14:17:00 - [TEST_STEP][PASSED] - verifyElementPropertyValue(getResponse, "offers[9].groups[0].pricingPlans[0].currency", "$"): Verify element property value successfully

2023-10-16 14:17:00 - [MESSAGE][PASSED] - Verify element property value successfully

2023-10-16 14:17:00 - [TEST_STEP][PASSED] - verifyElementPropertyValue(getResponse, "offers[9].groups[0].pricingPlans[0].order", "0"): Verify element property value successfully

2023-10-16 14:17:00 - [MESSAGE][PASSED] - Verify element property value successfully

2023-10-16 14:17:00 - [TEST_STEP][PASSED] - verifyElementPropertyValue(getResponse, "offers[9].groups[0].pricingPlans[0].packageId", "SHAHID_VIP"): Verify element property value successfully

2023-10-16 14:17:00 - [MESSAGE][PASSED] - Verify element property value successfully

2023-10-16 14:17:00 - [TEST_STEP][PASSED] - verifyElementPropertyValue(getResponse, "offers[9].groups[0].pricingPlans[0].catalogId", "VIP"): Verify element property value successfully

2023-10-16 14:17:00 - [MESSAGE][PASSED] - Verify element property value successfully

2023-10-16 14:17:00 - [TEST_STEP][PASSED] - verifyElementPropertyValue(getResponse, "offers[9].groups[0].pricingPlans[0].visualElements[0].key", "Header_1_text"): Verify element property value successfully

2023-10-16 14:17:00 - [MESSAGE][PASSED] - Verify element property value successfully

2023-10-16 14:17:00 - [TEST_STEP][PASSED] - verifyElementPropertyValue(getResponse, "offers[9].groups[0].pricingPlans[0].visualElements[0].value", "شاهد أقوى المسلسلات و الأفلام حصرياً دون توقف"): Verify element property value successfully

2023-10-16 14:17:00 - [MESSAGE][PASSED] - Verify element property value successfully

2023-10-16 14:17:00 - [TEST_STEP][PASSED] - verifyElementPropertyValue(getResponse, "offers[9].groups[0].pricingPlans[0].visualElements[1].key", "display_title"): Verify element property value successfully

2023-10-16 14:17:00 - [MESSAGE][PASSED] - Verify element property value successfully

2023-10-16 14:17:00 - [TEST_STEP][PASSED] - verifyElementPropertyValue(getResponse, "offers[9].groups[0].pricingPlans[0].visualElements[1].value", "احصل على خصم 40%"): Verify element property value successfully

2023-10-16 14:17:00 - [MESSAGE][PASSED] - Verify element property value successfully

2023-10-16 14:17:00 - [TEST_STEP][PASSED] - verifyElementPropertyValue(getResponse, "offers[9].groups[0].pricingPlans[0].visualElements[3].key", "deduction_text"): Verify element property value successfully

2023-10-16 14:17:00 - [MESSAGE][PASSED] - Verify element property value successfully

2023-10-16 14:17:00 - [TEST_STEP][PASSED] - verifyElementPropertyValue(getResponse, "offers[9].groups[0].pricingPlans[0].visualElements[3].value", "تدفع شهرياً"): Verify element property value successfully

2023-10-16 14:17:00 - [MESSAGE][PASSED] - Verify element property value successfully

2023-10-16 14:17:00 - [TEST_STEP][PASSED] - verifyElementPropertyValue(getResponse, "offers[9].groups[0].pricingPlans[0].visualElements[6].key", "show_payment_logo"): Verify element property value successfully

2023-10-16 14:17:00 - [MESSAGE][PASSED] - Verify element property value successfully

2023-10-16 14:17:00 - [TEST_STEP][PASSED] - verifyElementPropertyValue(getResponse, "offers[9].groups[0].pricingPlans[0].visualElements[6].value", "true"): Verify element property value successfully

2023-10-16 14:17:00 - [MESSAGE][PASSED] - Verify element property value successfully

2023-10-16 14:17:00 - [TEST_STEP][PASSED] - verifyElementPropertyValue(getResponse, "offers[9].groups[0].pricingPlans[0].visualElements[8].key", "price"): Verify element property value successfully

2023-10-16 14:17:00 - [MESSAGE][PASSED] - Verify element property value successfully

2023-10-16 14:17:00 - [TEST_STEP][PASSED] - verifyElementPropertyValue(getResponse, "offers[9].groups[0].pricingPlans[0].visualElements[8].value", "2.69"): Verify element property value successfully

2023-10-16 14:17:00 - [MESSAGE][PASSED] - Verify element property value successfully

2023-10-16 14:17:00 - [TEST_STEP][PASSED] - verifyElementPropertyValue(getResponse, "offers[9].groups[0].pricingPlans[0].visualElements[9].key", "currency"): Verify element property value successfully

2023-10-16 14:17:00 - [MESSAGE][PASSED] - Verify element property value successfully

2023-10-16 14:17:00 - [TEST_STEP][PASSED] - verifyElementPropertyValue(getResponse, "offers[9].groups[0].pricingPlans[0].visualElements[9].value", "$"): Verify element property value successfully

2023-10-16 14:17:00 - [MESSAGE][PASSED] - Verify element property value successfully

2023-10-16 14:17:00 - [TEST_STEP][PASSED] - verifyElementPropertyValue(getResponse, "offers[9].groups[0].pricingPlans[0].visualElements[10].key", "duration"): Verify element property value successfully

2023-10-16 14:17:00 - [MESSAGE][PASSED] - Verify element property value successfully

2023-10-16 14:17:00 - [TEST_STEP][PASSED] - verifyElementPropertyValue(getResponse, "offers[9].groups[0].pricingPlans[0].visualElements[10].value", "شهرياً"): Verify element property value successfully

2023-10-16 14:17:00 - [MESSAGE][PASSED] - Verify element property value successfully

2023-10-16 14:17:00 - [TEST_STEP][PASSED] - verifyElementPropertyValue(getResponse, "offers[9].groups[0].pricingPlans[0].visualElements[11].key", "featured_tag_text"): Verify element property value successfully

2023-10-16 14:17:00 - [MESSAGE][PASSED] - Verify element property value successfully

2023-10-16 14:17:00 - [TEST_STEP][PASSED] - verifyElementPropertyValue(getResponse, "offers[9].groups[0].pricingPlans[0].visualElements[11].value", "عرض لمدة محدودة"): Verify element property value successfully

2023-10-16 14:17:00 - [MESSAGE][PASSED] - Verify element property value successfully

2023-10-16 14:17:00 - [TEST_STEP][PASSED] - verifyElementPropertyValue(getResponse, "offers[9].groups[0].pricingPlans[0].visualElements[13].key", "tag_text"): Verify element property value successfully

2023-10-16 14:17:00 - [MESSAGE][PASSED] - Verify element property value successfully

2023-10-16 14:17:00 - [TEST_STEP][PASSED] - verifyElementPropertyValue(getResponse, "offers[9].groups[0].pricingPlans[0].visualElements[13].value", "وفر 40%"): Verify element property value successfully

2023-10-16 14:17:00 - [MESSAGE][PASSED] - Verify element property value successfully

2023-10-16 14:17:00 - [TEST_STEP][PASSED] - verifyElementPropertyValue(getResponse, "offers[9].groups[0].pricingPlans[0].visualElements[12].key", "show_tag"): Verify element property value successfully

2023-10-16 14:17:00 - [MESSAGE][PASSED] - Verify element property value successfully

2023-10-16 14:17:00 - [TEST_STEP][PASSED] - verifyElementPropertyValue(getResponse, "offers[9].groups[0].pricingPlans[0].visualElements[12].value", "true"): Verify element property value successfully

2023-10-16 14:17:00 - [MESSAGE][PASSED] - Verify element property value successfully

2023-10-16 14:17:00 - [TEST_STEP][PASSED] - verifyElementPropertyValue(getResponse, "offers[9].groups[0].pricingPlans[0].pricingPlanData[0].productId", "LBN_B2C_SHAHID_VIP_1M"): Verify element property value successfully

2023-10-16 14:17:00 - [MESSAGE][PASSED] - Verify element property value successfully

2023-10-16 14:17:00 - [TEST_STEP][PASSED] - verifyElementPropertyValue(getResponse, "offers[9].groups[0].pricingPlans[0].pricingPlanData[0].paymentMethod", "CREDIT_CARD"): Verify element property value successfully

2023-10-16 14:17:00 - [MESSAGE][PASSED] - Verify element property value successfully

2023-10-16 14:17:00 - [TEST_STEP][PASSED] - verifyElementPropertyValue(getResponse, "offers[9].groups[0].pricingPlans[0].pricingPlanData[0].freeTrialEnabled", "false"): Verify element property value successfully

2023-10-16 14:17:00 - [MESSAGE][PASSED] - Verify element property value successfully

2023-10-16 14:17:00 - [TEST_STEP][PASSED] - verifyElementPropertyValue(getResponse, "offers[9].groups[0].pricingPlans[0].pricingPlanData[0].showIn[0]", "VERTICAL_MODE"): Verify element property value successfully

2023-10-16 14:17:00 - [MESSAGE][PASSED] - Verify element property value successfully

2023-10-16 14:17:00 - [TEST_STEP][PASSED] - verifyElementPropertyValue(getResponse, "offers[9].groups[0].pricingPlans[0].pricingPlanData[0].showIn[1]", "HORIZONTAL_MODE"): Verify element property value successfully

2023-10-16 14:17:00 - [MESSAGE][PASSED] - Verify element property value successfully

2023-10-16 14:17:00 - [TEST_STEP][PASSED] - verifyElementPropertyValue(getResponse, "offers[9].groups[0].pricingPlans[0].pricingPlanData[0].priceLabel", "2.69"): Verify element property value successfully

2023-10-16 14:17:00 - [MESSAGE][PASSED] - Verify element property value successfully

2023-10-16 14:17:00 - [TEST_STEP][PASSED] - verifyElementPropertyValue(getResponse, "offers[9].groups[0].pricingPlans[0].pricingPlanData[0].currencyLabel", "$"): Verify element property value successfully

2023-10-16 14:17:00 - [MESSAGE][PASSED] - Verify element property value successfully

2023-10-16 14:17:00 - [TEST_STEP][PASSED] - verifyElementPropertyValue(getResponse, "offers[9].groups[0].pricingPlans[0].pricingPlanData[0].dealId", "BYG_40P_LBN"): Verify element property value successfully

2023-10-16 14:17:00 - [MESSAGE][PASSED] - Verify element property value successfully

2023-10-16 14:17:00 - [TEST_STEP][PASSED] - verifyElementPropertyValue(getResponse, "offers[9].groups[0].pricingPlans[0].pricingPlanData[0].allowedForAcquisition", "true"): Verify element property value successfully

2023-10-16 14:17:00 - [MESSAGE][PASSED] - Verify element property value successfully

2023-10-16 14:17:00 - [TEST_STEP][PASSED] - verifyElementPropertyValue(getResponse, "offers[9].groups[0].pricingPlans[0].pricingPlanData[0].visualElements[0].key", "title"): Verify element property value successfully

2023-10-16 14:17:00 - [MESSAGE][PASSED] - Verify element property value successfully

2023-10-16 14:17:00 - [TEST_STEP][PASSED] - verifyElementPropertyValue(getResponse, "offers[9].groups[0].pricingPlans[0].pricingPlanData[0].visualElements[0].value", "البطاقة المصرفية"): Verify element property value successfully

2023-10-16 14:17:00 - [MESSAGE][PASSED] - Verify element property value successfully

2023-10-16 14:17:00 - [TEST_STEP][PASSED] - verifyElementPropertyValue(getResponse, "offers[9].groups[0].pricingPlans[0].pricingPlanData[0].visualElements[1].key", "CTA_text"): Verify element property value successfully

2023-10-16 14:17:00 - [MESSAGE][PASSED] - Verify element property value successfully

2023-10-16 14:17:00 - [TEST_STEP][PASSED] - verifyElementPropertyValue(getResponse, "offers[9].groups[0].pricingPlans[0].pricingPlanData[0].visualElements[1].value", "اشترك"): Verify element property value successfully

2023-10-16 14:17:00 - [MESSAGE][PASSED] - Verify element property value successfully

2023-10-16 14:17:00 - [TEST_STEP][PASSED] - verifyElementPropertyValue(getResponse, "offers[9].groups[0].pricingPlans[0].pricingPlanData[0].visualElements[2].key", "logo"): Verify element property value successfully

2023-10-16 14:17:00 - [MESSAGE][PASSED] - Verify element property value successfully

2023-10-16 14:17:00 - [TEST_STEP][PASSED] - verifyElementPropertyValue(getResponse, "offers[9].groups[0].pricingPlans[0].pricingPlanData[0].visualElements[2].value", "https://static.s3.shahid.mbc.net/widget-images/icons/iconCreditCard.png"): Verify element property value successfully

2023-10-16 14:17:00 - [MESSAGE][PASSED] - Verify element property value successfully

2023-10-16 14:17:00 - [TEST_STEP][PASSED] - verifyElementPropertyValue(getResponse, "offers[10].offerId", "byg-50-offer"): Verify element property value successfully

2023-10-16 14:17:00 - [MESSAGE][PASSED] - Verify element property value successfully

2023-10-16 14:17:00 - [TEST_STEP][PASSED] - verifyElementPropertyValue(getResponse, "offers[10].offerParam", "bygoffer50"): Verify element property value successfully

2023-10-16 14:17:00 - [MESSAGE][PASSED] - Verify element property value successfully

2023-10-16 14:17:00 - [TEST_STEP][PASSED] - verifyElementPropertyValue(getResponse, "offers[10].groups[0].pricingPlans[0].featured", "true"): Verify element property value successfully

2023-10-16 14:17:00 - [MESSAGE][PASSED] - Verify element property value successfully

2023-10-16 14:17:00 - [TEST_STEP][PASSED] - verifyElementPropertyValue(getResponse, "offers[10].groups[0].pricingPlans[0].period", "monthly"): Verify element property value successfully

2023-10-16 14:17:00 - [MESSAGE][PASSED] - Verify element property value successfully

2023-10-16 14:17:00 - [TEST_STEP][PASSED] - verifyElementPropertyValue(getResponse, "offers[10].groups[0].pricingPlans[0].featured", "true"): Verify element property value successfully

2023-10-16 14:17:00 - [MESSAGE][PASSED] - Verify element property value successfully

2023-10-16 14:17:00 - [TEST_STEP][PASSED] - verifyElementPropertyValue(getResponse, "offers[10].groups[0].pricingPlans[0].price", "2.29"): Verify element property value successfully

2023-10-16 14:17:00 - [MESSAGE][PASSED] - Verify element property value successfully

2023-10-16 14:17:00 - [TEST_STEP][PASSED] - verifyElementPropertyValue(getResponse, "offers[10].groups[0].pricingPlans[0].currency", "$"): Verify element property value successfully

2023-10-16 14:17:00 - [MESSAGE][PASSED] - Verify element property value successfully

2023-10-16 14:17:00 - [TEST_STEP][PASSED] - verifyElementPropertyValue(getResponse, "offers[10].groups[0].pricingPlans[0].order", "0"): Verify element property value successfully

2023-10-16 14:17:00 - [MESSAGE][PASSED] - Verify element property value successfully

2023-10-16 14:17:00 - [TEST_STEP][PASSED] - verifyElementPropertyValue(getResponse, "offers[10].groups[0].pricingPlans[0].packageId", "SHAHID_VIP"): Verify element property value successfully

2023-10-16 14:17:00 - [MESSAGE][PASSED] - Verify element property value successfully

2023-10-16 14:17:00 - [TEST_STEP][PASSED] - verifyElementPropertyValue(getResponse, "offers[10].groups[0].pricingPlans[0].catalogId", "VIP"): Verify element property value successfully

2023-10-16 14:17:00 - [MESSAGE][PASSED] - Verify element property value successfully

2023-10-16 14:17:00 - [TEST_STEP][PASSED] - verifyElementPropertyValue(getResponse, "offers[10].groups[0].pricingPlans[0].visualElements[0].key", "Header_1_text"): Verify element property value successfully

2023-10-16 14:17:00 - [MESSAGE][PASSED] - Verify element property value successfully

2023-10-16 14:17:00 - [TEST_STEP][PASSED] - verifyElementPropertyValue(getResponse, "offers[10].groups[0].pricingPlans[0].visualElements[0].value", "شاهد أقوى المسلسلات و الأفلام حصرياً دون توقف"): Verify element property value successfully

2023-10-16 14:17:00 - [MESSAGE][PASSED] - Verify element property value successfully

2023-10-16 14:17:00 - [TEST_STEP][PASSED] - verifyElementPropertyValue(getResponse, "offers[10].groups[0].pricingPlans[0].visualElements[1].key", "display_title"): Verify element property value successfully

2023-10-16 14:17:00 - [MESSAGE][PASSED] - Verify element property value successfully

2023-10-16 14:17:00 - [TEST_STEP][PASSED] - verifyElementPropertyValue(getResponse, "offers[10].groups[0].pricingPlans[0].visualElements[1].value", "احصل على خصم 50%"): Verify element property value successfully

2023-10-16 14:17:00 - [MESSAGE][PASSED] - Verify element property value successfully

2023-10-16 14:17:00 - [TEST_STEP][PASSED] - verifyElementPropertyValue(getResponse, "offers[10].groups[0].pricingPlans[0].visualElements[3].key", "deduction_text"): Verify element property value successfully

2023-10-16 14:17:00 - [MESSAGE][PASSED] - Verify element property value successfully

2023-10-16 14:17:00 - [TEST_STEP][PASSED] - verifyElementPropertyValue(getResponse, "offers[10].groups[0].pricingPlans[0].visualElements[3].value", "تدفع شهرياً"): Verify element property value successfully

2023-10-16 14:17:00 - [MESSAGE][PASSED] - Verify element property value successfully

2023-10-16 14:17:00 - [TEST_STEP][PASSED] - verifyElementPropertyValue(getResponse, "offers[10].groups[0].pricingPlans[0].visualElements[6].key", "show_payment_logo"): Verify element property value successfully

2023-10-16 14:17:00 - [MESSAGE][PASSED] - Verify element property value successfully

2023-10-16 14:17:00 - [TEST_STEP][PASSED] - verifyElementPropertyValue(getResponse, "offers[10].groups[0].pricingPlans[0].visualElements[6].value", "true"): Verify element property value successfully

2023-10-16 14:17:00 - [MESSAGE][PASSED] - Verify element property value successfully

2023-10-16 14:17:00 - [TEST_STEP][PASSED] - verifyElementPropertyValue(getResponse, "offers[10].groups[0].pricingPlans[0].visualElements[8].key", "price"): Verify element property value successfully

2023-10-16 14:17:00 - [MESSAGE][PASSED] - Verify element property value successfully

2023-10-16 14:17:00 - [TEST_STEP][PASSED] - verifyElementPropertyValue(getResponse, "offers[10].groups[0].pricingPlans[0].visualElements[8].value", "2.29"): Verify element property value successfully

2023-10-16 14:17:00 - [MESSAGE][PASSED] - Verify element property value successfully

2023-10-16 14:17:00 - [TEST_STEP][PASSED] - verifyElementPropertyValue(getResponse, "offers[10].groups[0].pricingPlans[0].visualElements[9].key", "currency"): Verify element property value successfully

2023-10-16 14:17:00 - [MESSAGE][PASSED] - Verify element property value successfully

2023-10-16 14:17:00 - [TEST_STEP][PASSED] - verifyElementPropertyValue(getResponse, "offers[10].groups[0].pricingPlans[0].visualElements[9].value", "$"): Verify element property value successfully

2023-10-16 14:17:00 - [MESSAGE][PASSED] - Verify element property value successfully

2023-10-16 14:17:00 - [TEST_STEP][PASSED] - verifyElementPropertyValue(getResponse, "offers[10].groups[0].pricingPlans[0].visualElements[10].key", "duration"): Verify element property value successfully

2023-10-16 14:17:00 - [MESSAGE][PASSED] - Verify element property value successfully

2023-10-16 14:17:00 - [TEST_STEP][PASSED] - verifyElementPropertyValue(getResponse, "offers[10].groups[0].pricingPlans[0].visualElements[10].value", "شهرياً"): Verify element property value successfully

2023-10-16 14:17:00 - [MESSAGE][PASSED] - Verify element property value successfully

2023-10-16 14:17:00 - [TEST_STEP][PASSED] - verifyElementPropertyValue(getResponse, "offers[10].groups[0].pricingPlans[0].visualElements[11].key", "featured_tag_text"): Verify element property value successfully

2023-10-16 14:17:00 - [MESSAGE][PASSED] - Verify element property value successfully

2023-10-16 14:17:00 - [TEST_STEP][PASSED] - verifyElementPropertyValue(getResponse, "offers[10].groups[0].pricingPlans[0].visualElements[11].value", "عرض لمدة محدودة"): Verify element property value successfully

2023-10-16 14:17:00 - [MESSAGE][PASSED] - Verify element property value successfully

2023-10-16 14:17:00 - [TEST_STEP][PASSED] - verifyElementPropertyValue(getResponse, "offers[10].groups[0].pricingPlans[0].visualElements[13].key", "tag_text"): Verify element property value successfully

2023-10-16 14:17:00 - [MESSAGE][PASSED] - Verify element property value successfully

2023-10-16 14:17:00 - [TEST_STEP][PASSED] - verifyElementPropertyValue(getResponse, "offers[10].groups[0].pricingPlans[0].visualElements[13].value", "وفر 50%"): Verify element property value successfully

2023-10-16 14:17:00 - [MESSAGE][PASSED] - Verify element property value successfully

2023-10-16 14:17:00 - [TEST_STEP][PASSED] - verifyElementPropertyValue(getResponse, "offers[10].groups[0].pricingPlans[0].visualElements[12].key", "show_tag"): Verify element property value successfully

2023-10-16 14:17:00 - [MESSAGE][PASSED] - Verify element property value successfully

2023-10-16 14:17:00 - [TEST_STEP][PASSED] - verifyElementPropertyValue(getResponse, "offers[10].groups[0].pricingPlans[0].visualElements[12].value", "true"): Verify element property value successfully

2023-10-16 14:17:00 - [MESSAGE][PASSED] - Verify element property value successfully

2023-10-16 14:17:00 - [TEST_STEP][PASSED] - verifyElementPropertyValue(getResponse, "offers[10].groups[0].pricingPlans[0].pricingPlanData[0].productId", "LBN_B2C_SHAHID_VIP_1M"): Verify element property value successfully

2023-10-16 14:17:00 - [MESSAGE][PASSED] - Verify element property value successfully

2023-10-16 14:17:00 - [TEST_STEP][PASSED] - verifyElementPropertyValue(getResponse, "offers[10].groups[0].pricingPlans[0].pricingPlanData[0].paymentMethod", "CREDIT_CARD"): Verify element property value successfully

2023-10-16 14:17:00 - [MESSAGE][PASSED] - Verify element property value successfully

2023-10-16 14:17:00 - [TEST_STEP][PASSED] - verifyElementPropertyValue(getResponse, "offers[10].groups[0].pricingPlans[0].pricingPlanData[0].freeTrialEnabled", "false"): Verify element property value successfully

2023-10-16 14:17:00 - [MESSAGE][PASSED] - Verify element property value successfully

2023-10-16 14:17:00 - [TEST_STEP][PASSED] - verifyElementPropertyValue(getResponse, "offers[10].groups[0].pricingPlans[0].pricingPlanData[0].showIn[0]", "VERTICAL_MODE"): Verify element property value successfully

2023-10-16 14:17:00 - [MESSAGE][PASSED] - Verify element property value successfully

2023-10-16 14:17:00 - [TEST_STEP][PASSED] - verifyElementPropertyValue(getResponse, "offers[10].groups[0].pricingPlans[0].pricingPlanData[0].showIn[1]", "HORIZONTAL_MODE"): Verify element property value successfully

2023-10-16 14:17:00 - [MESSAGE][PASSED] - Verify element property value successfully

2023-10-16 14:17:00 - [TEST_STEP][PASSED] - verifyElementPropertyValue(getResponse, "offers[10].groups[0].pricingPlans[0].pricingPlanData[0].priceLabel", "2.29"): Verify element property value successfully

2023-10-16 14:17:00 - [MESSAGE][PASSED] - Verify element property value successfully

2023-10-16 14:17:00 - [TEST_STEP][PASSED] - verifyElementPropertyValue(getResponse, "offers[10].groups[0].pricingPlans[0].pricingPlanData[0].currencyLabel", "$"): Verify element property value successfully

2023-10-16 14:17:00 - [MESSAGE][PASSED] - Verify element property value successfully

2023-10-16 14:17:00 - [TEST_STEP][PASSED] - verifyElementPropertyValue(getResponse, "offers[10].groups[0].pricingPlans[0].pricingPlanData[0].dealId", "BYG_50P_LBN"): Verify element property value successfully

2023-10-16 14:17:00 - [MESSAGE][PASSED] - Verify element property value successfully

2023-10-16 14:17:00 - [TEST_STEP][PASSED] - verifyElementPropertyValue(getResponse, "offers[10].groups[0].pricingPlans[0].pricingPlanData[0].allowedForAcquisition", "true"): Verify element property value successfully

2023-10-16 14:17:00 - [MESSAGE][PASSED] - Verify element property value successfully

2023-10-16 14:17:00 - [TEST_STEP][PASSED] - verifyElementPropertyValue(getResponse, "offers[10].groups[0].pricingPlans[0].pricingPlanData[0].visualElements[0].key", "title"): Verify element property value successfully

2023-10-16 14:17:00 - [MESSAGE][PASSED] - Verify element property value successfully

2023-10-16 14:17:00 - [TEST_STEP][PASSED] - verifyElementPropertyValue(getResponse, "offers[10].groups[0].pricingPlans[0].pricingPlanData[0].visualElements[0].value", "البطاقة المصرفية"): Verify element property value successfully

2023-10-16 14:17:00 - [MESSAGE][PASSED] - Verify element property value successfully

2023-10-16 14:17:00 - [TEST_STEP][PASSED] - verifyElementPropertyValue(getResponse, "offers[10].groups[0].pricingPlans[0].pricingPlanData[0].visualElements[1].key", "CTA_text"): Verify element property value successfully

2023-10-16 14:17:00 - [MESSAGE][PASSED] - Verify element property value successfully

2023-10-16 14:17:00 - [TEST_STEP][PASSED] - verifyElementPropertyValue(getResponse, "offers[10].groups[0].pricingPlans[0].pricingPlanData[0].visualElements[1].value", "اشترك"): Verify element property value successfully

2023-10-16 14:17:00 - [MESSAGE][PASSED] - Verify element property value successfully

2023-10-16 14:17:00 - [TEST_STEP][PASSED] - verifyElementPropertyValue(getResponse, "offers[10].groups[0].pricingPlans[0].pricingPlanData[0].visualElements[2].key", "logo"): Verify element property value successfully

2023-10-16 14:17:01 - [MESSAGE][PASSED] - Verify element property value successfully

2023-10-16 14:17:01 - [TEST_STEP][PASSED] - verifyElementPropertyValue(getResponse, "offers[10].groups[0].pricingPlans[0].pricingPlanData[0].visualElements[2].value", "https://static.s3.shahid.mbc.net/widget-images/icons/iconCreditCard.png"): Verify element property value successfully

2023-10-16 14:17:01 - [MESSAGE][PASSED] - Verify element property value successfully]]></system-out>
         <system-err><![CDATA[]]></system-err>
      </testcase>
      <testcase name="Test Cases/WEB - CHROME/LBN PI/WEB_EN_getOffersForLBN_SPORT" time="3.656" classname="Test Cases/WEB - CHROME/LBN PI/WEB_EN_getOffersForLBN_SPORT" status="FAILED">
         <failure type="FAILED" message="Test Cases/WEB - CHROME/LBN PI/WEB_EN_getOffersForLBN_SPORT FAILED.
Reason:
com.kms.katalon.core.exception.StepFailedException: Expected element property value '30% Discount Offer' is not equal with actual property value '30% Discount Offer​'
	at com.kms.katalon.core.keyword.internal.KeywordMain.stepFailed(KeywordMain.groovy:39)
	at com.kms.katalon.core.webservice.keyword.builtin.VerifyElementPropertyValueKeyword$_verifyElementPropertyValue_closure1.doCall(VerifyElementPropertyValueKeyword.groovy:56)
	at com.kms.katalon.core.webservice.keyword.builtin.VerifyElementPropertyValueKeyword$_verifyElementPropertyValue_closure1.call(VerifyElementPropertyValueKeyword.groovy)
	at com.kms.katalon.core.keyword.internal.KeywordMain.runKeyword(KeywordMain.groovy:75)
	at com.kms.katalon.core.webservice.keyword.builtin.VerifyElementPropertyValueKeyword.verifyElementPropertyValue(VerifyElementPropertyValueKeyword.groovy:48)
	at com.kms.katalon.core.webservice.keyword.builtin.VerifyElementPropertyValueKeyword.execute(VerifyElementPropertyValueKeyword.groovy:43)
	at com.kms.katalon.core.keyword.internal.KeywordExecutor.executeKeywordForPlatform(KeywordExecutor.groovy:74)
	at com.kms.katalon.core.webservice.keyword.WSBuiltInKeywords.verifyElementPropertyValue(WSBuiltInKeywords.groovy:190)
	at com.kms.katalon.core.webservice.keyword.WSBuiltInKeywords$verifyElementPropertyValue$1.call(Unknown Source)
	at WEB_EN_getOffersForLBN_SPORT.run(WEB_EN_getOffersForLBN_SPORT:45)
	at com.kms.katalon.core.main.ScriptEngine.run(ScriptEngine.java:194)
	at com.kms.katalon.core.main.ScriptEngine.runScriptAsRawText(ScriptEngine.java:119)
	at com.kms.katalon.core.main.TestCaseExecutor.runScript(TestCaseExecutor.java:448)
	at com.kms.katalon.core.main.TestCaseExecutor.doExecute(TestCaseExecutor.java:439)
	at com.kms.katalon.core.main.TestCaseExecutor.processExecutionPhase(TestCaseExecutor.java:418)
	at com.kms.katalon.core.main.TestCaseExecutor.accessMainPhase(TestCaseExecutor.java:410)
	at com.kms.katalon.core.main.TestCaseExecutor.execute(TestCaseExecutor.java:285)
	at com.kms.katalon.core.common.CommonExecutor.accessTestCaseMainPhase(CommonExecutor.java:65)
	at com.kms.katalon.core.main.TestSuiteExecutor.accessTestSuiteMainPhase(TestSuiteExecutor.java:148)
	at com.kms.katalon.core.main.TestSuiteExecutor.execute(TestSuiteExecutor.java:106)
	at com.kms.katalon.core.main.TestCaseMain.startTestSuite(TestCaseMain.java:187)
	at com.kms.katalon.core.main.TestCaseMain$startTestSuite$0.call(Unknown Source)
	at TempTestSuite1697454215032.run(TempTestSuite1697454215032.groovy:36)
"/>
         <system-out><![CDATA[2023-10-16 14:17:01 - [TEST_CASE][FAILED] - Test Cases/WEB - CHROME/LBN PI/WEB_EN_getOffersForLBN_SPORT: Test Cases/WEB - CHROME/LBN PI/WEB_EN_getOffersForLBN_SPORT FAILED.
Reason:
com.kms.katalon.core.exception.StepFailedException: Expected element property value '30% Discount Offer' is not equal with actual property value '30% Discount Offer​'
	at com.kms.katalon.core.keyword.internal.KeywordMain.stepFailed(KeywordMain.groovy:39)
	at com.kms.katalon.core.webservice.keyword.builtin.VerifyElementPropertyValueKeyword$_verifyElementPropertyValue_closure1.doCall(VerifyElementPropertyValueKeyword.groovy:56)
	at com.kms.katalon.core.webservice.keyword.builtin.VerifyElementPropertyValueKeyword$_verifyElementPropertyValue_closure1.call(VerifyElementPropertyValueKeyword.groovy)
	at com.kms.katalon.core.keyword.internal.KeywordMain.runKeyword(KeywordMain.groovy:75)
	at com.kms.katalon.core.webservice.keyword.builtin.VerifyElementPropertyValueKeyword.verifyElementPropertyValue(VerifyElementPropertyValueKeyword.groovy:48)
	at com.kms.katalon.core.webservice.keyword.builtin.VerifyElementPropertyValueKeyword.execute(VerifyElementPropertyValueKeyword.groovy:43)
	at com.kms.katalon.core.keyword.internal.KeywordExecutor.executeKeywordForPlatform(KeywordExecutor.groovy:74)
	at com.kms.katalon.core.webservice.keyword.WSBuiltInKeywords.verifyElementPropertyValue(WSBuiltInKeywords.groovy:190)
	at com.kms.katalon.core.webservice.keyword.WSBuiltInKeywords$verifyElementPropertyValue$1.call(Unknown Source)
	at WEB_EN_getOffersForLBN_SPORT.run(WEB_EN_getOffersForLBN_SPORT:45)
	at com.kms.katalon.core.main.ScriptEngine.run(ScriptEngine.java:194)
	at com.kms.katalon.core.main.ScriptEngine.runScriptAsRawText(ScriptEngine.java:119)
	at com.kms.katalon.core.main.TestCaseExecutor.runScript(TestCaseExecutor.java:448)
	at com.kms.katalon.core.main.TestCaseExecutor.doExecute(TestCaseExecutor.java:439)
	at com.kms.katalon.core.main.TestCaseExecutor.processExecutionPhase(TestCaseExecutor.java:418)
	at com.kms.katalon.core.main.TestCaseExecutor.accessMainPhase(TestCaseExecutor.java:410)
	at com.kms.katalon.core.main.TestCaseExecutor.execute(TestCaseExecutor.java:285)
	at com.kms.katalon.core.common.CommonExecutor.accessTestCaseMainPhase(CommonExecutor.java:65)
	at com.kms.katalon.core.main.TestSuiteExecutor.accessTestSuiteMainPhase(TestSuiteExecutor.java:148)
	at com.kms.katalon.core.main.TestSuiteExecutor.execute(TestSuiteExecutor.java:106)
	at com.kms.katalon.core.main.TestCaseMain.startTestSuite(TestCaseMain.java:187)
	at com.kms.katalon.core.main.TestCaseMain$startTestSuite$0.call(Unknown Source)
	at TempTestSuite1697454215032.run(TempTestSuite1697454215032.groovy:36)


2023-10-16 14:17:01 - [TEST_STEP][PASSED] - getResponse = config_files.getConfigFile.getConfig("WEB", "EN", "SHAHID_VIP_SPORT", "LB", "false"): config_files.getConfigFile.getConfig is PASSED

2023-10-16 14:17:02 - [MESSAGE][INFO] - HAR: /Users/admin/git/shahid-configuration/Reports/20231016_140310/WEB/LBN/20231016_140335/requests/main/6.har

2023-10-16 14:17:02 - [MESSAGE][PASSED] - Send request successfully

2023-10-16 14:17:02 - [MESSAGE][PASSED] - config_files.getConfigFile.getConfig is PASSED

2023-10-16 14:17:02 - [TEST_STEP][PASSED] - verifyResponseStatusCode(getResponse, 200): Verify response status code successfully

2023-10-16 14:17:02 - [MESSAGE][PASSED] - Verify response status code successfully

2023-10-16 14:17:02 - [TEST_STEP][PASSED] - verifyElementPropertyValue(getResponse, "country", "LBN"): Verify element property value successfully

2023-10-16 14:17:02 - [MESSAGE][PASSED] - Verify element property value successfully

2023-10-16 14:17:02 - [TEST_STEP][PASSED] - verifyElementPropertyValue(getResponse, "platform", "[WEB]"): Verify element property value successfully

2023-10-16 14:17:02 - [MESSAGE][PASSED] - Verify element property value successfully

2023-10-16 14:17:02 - [TEST_STEP][PASSED] - verifyElementPropertyValue(getResponse, "offers[5].offerId", "winback-sport-30-offer"): Verify element property value successfully

2023-10-16 14:17:02 - [MESSAGE][PASSED] - Verify element property value successfully

2023-10-16 14:17:02 - [TEST_STEP][PASSED] - verifyElementPropertyValue(getResponse, "offers[5].offerParam", "sportsoffer30"): Verify element property value successfully

2023-10-16 14:17:02 - [MESSAGE][PASSED] - Verify element property value successfully

2023-10-16 14:17:02 - [TEST_STEP][PASSED] - verifyElementPropertyValue(getResponse, "offers[5].groups[0].pricingPlans[0].featured", "true"): Verify element property value successfully

2023-10-16 14:17:02 - [MESSAGE][PASSED] - Verify element property value successfully

2023-10-16 14:17:02 - [TEST_STEP][PASSED] - verifyElementPropertyValue(getResponse, "offers[5].groups[0].pricingPlans[0].period", "monthly"): Verify element property value successfully

2023-10-16 14:17:02 - [MESSAGE][PASSED] - Verify element property value successfully

2023-10-16 14:17:02 - [TEST_STEP][PASSED] - verifyElementPropertyValue(getResponse, "offers[5].groups[0].pricingPlans[0].featured", "true"): Verify element property value successfully

2023-10-16 14:17:02 - [MESSAGE][PASSED] - Verify element property value successfully

2023-10-16 14:17:02 - [TEST_STEP][PASSED] - verifyElementPropertyValue(getResponse, "offers[5].groups[0].pricingPlans[0].price", "6.69"): Verify element property value successfully

2023-10-16 14:17:02 - [MESSAGE][PASSED] - Verify element property value successfully

2023-10-16 14:17:02 - [TEST_STEP][PASSED] - verifyElementPropertyValue(getResponse, "offers[5].groups[0].pricingPlans[0].currency", "$"): Verify element property value successfully

2023-10-16 14:17:02 - [MESSAGE][PASSED] - Verify element property value successfully

2023-10-16 14:17:02 - [TEST_STEP][PASSED] - verifyElementPropertyValue(getResponse, "offers[5].groups[0].pricingPlans[0].order", "0"): Verify element property value successfully

2023-10-16 14:17:02 - [MESSAGE][PASSED] - Verify element property value successfully

2023-10-16 14:17:02 - [TEST_STEP][PASSED] - verifyElementPropertyValue(getResponse, "offers[5].groups[0].pricingPlans[0].packageId", "SHAHID_VIP_SPORT"): Verify element property value successfully

2023-10-16 14:17:02 - [MESSAGE][PASSED] - Verify element property value successfully

2023-10-16 14:17:02 - [TEST_STEP][PASSED] - verifyElementPropertyValue(getResponse, "offers[5].groups[0].pricingPlans[0].catalogId", "SPORT"): Verify element property value successfully

2023-10-16 14:17:02 - [MESSAGE][PASSED] - Verify element property value successfully

2023-10-16 14:17:02 - [TEST_STEP][PASSED] - verifyElementPropertyValue(getResponse, "offers[5].groups[0].pricingPlans[0].visualElements[0].key", "Header_1_text"): Verify element property value successfully

2023-10-16 14:17:02 - [MESSAGE][PASSED] - Verify element property value successfully

2023-10-16 14:17:02 - [TEST_STEP][PASSED] - verifyElementPropertyValue(getResponse, "offers[5].groups[0].pricingPlans[0].visualElements[0].value", "Watch the most powerful series and movies exclusively without stopping"): Verify element property value successfully

2023-10-16 14:17:02 - [MESSAGE][PASSED] - Verify element property value successfully

2023-10-16 14:17:02 - [TEST_STEP][PASSED] - verifyElementPropertyValue(getResponse, "offers[5].groups[0].pricingPlans[0].visualElements[1].key", "display_title"): Verify element property value successfully

2023-10-16 14:17:02 - [MESSAGE][PASSED] - Verify element property value successfully

2023-10-16 14:17:02 - [TEST_STEP][FAILED] - verifyElementPropertyValue(getResponse, "offers[5].groups[0].pricingPlans[0].visualElements[1].value", "30% Discount Offer"): Expected element property value '30% Discount Offer' is not equal with actual property value '30% Discount Offer​'

2023-10-16 14:17:02 - [MESSAGE][FAILED] - Expected element property value '30% Discount Offer' is not equal with actual property value '30% Discount Offer​'

2023-10-16 14:17:02 - [TEST_STEP][PASSED] - verifyElementPropertyValue(getResponse, "offers[5].groups[0].pricingPlans[0].visualElements[3].key", "deduction_text"): Verify element property value successfully

2023-10-16 14:17:02 - [MESSAGE][PASSED] - Verify element property value successfully

2023-10-16 14:17:02 - [TEST_STEP][PASSED] - verifyElementPropertyValue(getResponse, "offers[5].groups[0].pricingPlans[0].visualElements[3].value", "billed every month"): Verify element property value successfully

2023-10-16 14:17:02 - [MESSAGE][PASSED] - Verify element property value successfully

2023-10-16 14:17:02 - [TEST_STEP][PASSED] - verifyElementPropertyValue(getResponse, "offers[5].groups[0].pricingPlans[0].visualElements[6].key", "show_payment_logo"): Verify element property value successfully

2023-10-16 14:17:02 - [MESSAGE][PASSED] - Verify element property value successfully

2023-10-16 14:17:02 - [TEST_STEP][PASSED] - verifyElementPropertyValue(getResponse, "offers[5].groups[0].pricingPlans[0].visualElements[6].value", "true"): Verify element property value successfully

2023-10-16 14:17:02 - [MESSAGE][PASSED] - Verify element property value successfully

2023-10-16 14:17:02 - [TEST_STEP][PASSED] - verifyElementPropertyValue(getResponse, "offers[5].groups[0].pricingPlans[0].visualElements[8].key", "price"): Verify element property value successfully

2023-10-16 14:17:02 - [MESSAGE][PASSED] - Verify element property value successfully

2023-10-16 14:17:02 - [TEST_STEP][PASSED] - verifyElementPropertyValue(getResponse, "offers[5].groups[0].pricingPlans[0].visualElements[8].value", "6.69"): Verify element property value successfully

2023-10-16 14:17:02 - [MESSAGE][PASSED] - Verify element property value successfully

2023-10-16 14:17:02 - [TEST_STEP][PASSED] - verifyElementPropertyValue(getResponse, "offers[5].groups[0].pricingPlans[0].visualElements[9].key", "currency"): Verify element property value successfully

2023-10-16 14:17:02 - [MESSAGE][PASSED] - Verify element property value successfully

2023-10-16 14:17:02 - [TEST_STEP][PASSED] - verifyElementPropertyValue(getResponse, "offers[5].groups[0].pricingPlans[0].visualElements[9].value", "$"): Verify element property value successfully

2023-10-16 14:17:02 - [MESSAGE][PASSED] - Verify element property value successfully

2023-10-16 14:17:02 - [TEST_STEP][PASSED] - verifyElementPropertyValue(getResponse, "offers[5].groups[0].pricingPlans[0].visualElements[10].key", "duration"): Verify element property value successfully

2023-10-16 14:17:02 - [MESSAGE][PASSED] - Verify element property value successfully

2023-10-16 14:17:02 - [TEST_STEP][PASSED] - verifyElementPropertyValue(getResponse, "offers[5].groups[0].pricingPlans[0].visualElements[10].value", "Monthly"): Verify element property value successfully

2023-10-16 14:17:02 - [MESSAGE][PASSED] - Verify element property value successfully

2023-10-16 14:17:02 - [TEST_STEP][PASSED] - verifyElementPropertyValue(getResponse, "offers[5].groups[0].pricingPlans[0].visualElements[11].key", "featured_tag_text"): Verify element property value successfully

2023-10-16 14:17:02 - [MESSAGE][PASSED] - Verify element property value successfully

2023-10-16 14:17:02 - [TEST_STEP][PASSED] - verifyElementPropertyValue(getResponse, "offers[5].groups[0].pricingPlans[0].visualElements[11].value", "Limited Time Offer"): Verify element property value successfully

2023-10-16 14:17:02 - [MESSAGE][PASSED] - Verify element property value successfully

2023-10-16 14:17:02 - [TEST_STEP][PASSED] - verifyElementPropertyValue(getResponse, "offers[5].groups[0].pricingPlans[0].visualElements[12].key", "show_tag"): Verify element property value successfully

2023-10-16 14:17:02 - [MESSAGE][PASSED] - Verify element property value successfully

2023-10-16 14:17:02 - [TEST_STEP][PASSED] - verifyElementPropertyValue(getResponse, "offers[5].groups[0].pricingPlans[0].visualElements[12].value", "true"): Verify element property value successfully

2023-10-16 14:17:02 - [MESSAGE][PASSED] - Verify element property value successfully

2023-10-16 14:17:02 - [TEST_STEP][PASSED] - verifyElementPropertyValue(getResponse, "offers[5].groups[0].pricingPlans[0].visualElements[13].key", "tag_text"): Verify element property value successfully

2023-10-16 14:17:02 - [MESSAGE][PASSED] - Verify element property value successfully

2023-10-16 14:17:02 - [TEST_STEP][PASSED] - verifyElementPropertyValue(getResponse, "offers[5].groups[0].pricingPlans[0].visualElements[13].value", "Save 30%"): Verify element property value successfully

2023-10-16 14:17:02 - [MESSAGE][PASSED] - Verify element property value successfully

2023-10-16 14:17:02 - [TEST_STEP][PASSED] - verifyElementPropertyValue(getResponse, "offers[5].groups[0].pricingPlans[0].pricingPlanData[0].productId", "LBN_B2C_SHAHID_VIP_SPORT_1M"): Verify element property value successfully

2023-10-16 14:17:02 - [MESSAGE][PASSED] - Verify element property value successfully

2023-10-16 14:17:02 - [TEST_STEP][PASSED] - verifyElementPropertyValue(getResponse, "offers[5].groups[0].pricingPlans[0].pricingPlanData[0].paymentMethod", "CREDIT_CARD"): Verify element property value successfully

2023-10-16 14:17:02 - [MESSAGE][PASSED] - Verify element property value successfully

2023-10-16 14:17:02 - [TEST_STEP][PASSED] - verifyElementPropertyValue(getResponse, "offers[5].groups[0].pricingPlans[0].pricingPlanData[0].freeTrialEnabled", "false"): Verify element property value successfully

2023-10-16 14:17:02 - [MESSAGE][PASSED] - Verify element property value successfully

2023-10-16 14:17:02 - [TEST_STEP][PASSED] - verifyElementPropertyValue(getResponse, "offers[5].groups[0].pricingPlans[0].pricingPlanData[0].showIn[0]", "VERTICAL_MODE"): Verify element property value successfully

2023-10-16 14:17:02 - [MESSAGE][PASSED] - Verify element property value successfully

2023-10-16 14:17:02 - [TEST_STEP][PASSED] - verifyElementPropertyValue(getResponse, "offers[5].groups[0].pricingPlans[0].pricingPlanData[0].showIn[1]", "HORIZONTAL_MODE"): Verify element property value successfully

2023-10-16 14:17:02 - [MESSAGE][PASSED] - Verify element property value successfully

2023-10-16 14:17:02 - [TEST_STEP][PASSED] - verifyElementPropertyValue(getResponse, "offers[5].groups[0].pricingPlans[0].pricingPlanData[0].priceLabel", "6.69"): Verify element property value successfully

2023-10-16 14:17:02 - [MESSAGE][PASSED] - Verify element property value successfully

2023-10-16 14:17:02 - [TEST_STEP][PASSED] - verifyElementPropertyValue(getResponse, "offers[5].groups[0].pricingPlans[0].pricingPlanData[0].currencyLabel", "$"): Verify element property value successfully

2023-10-16 14:17:02 - [MESSAGE][PASSED] - Verify element property value successfully

2023-10-16 14:17:02 - [TEST_STEP][PASSED] - verifyElementPropertyValue(getResponse, "offers[5].groups[0].pricingPlans[0].pricingPlanData[0].dealId", "WB_SPORT_30P_LBN"): Verify element property value successfully

2023-10-16 14:17:02 - [MESSAGE][PASSED] - Verify element property value successfully

2023-10-16 14:17:02 - [TEST_STEP][PASSED] - verifyElementPropertyValue(getResponse, "offers[5].groups[0].pricingPlans[0].pricingPlanData[0].allowedForAcquisition", "true"): Verify element property value successfully

2023-10-16 14:17:02 - [MESSAGE][PASSED] - Verify element property value successfully

2023-10-16 14:17:02 - [TEST_STEP][PASSED] - verifyElementPropertyValue(getResponse, "offers[5].groups[0].pricingPlans[0].pricingPlanData[0].visualElements[0].key", "title"): Verify element property value successfully

2023-10-16 14:17:02 - [MESSAGE][PASSED] - Verify element property value successfully

2023-10-16 14:17:02 - [TEST_STEP][PASSED] - verifyElementPropertyValue(getResponse, "offers[5].groups[0].pricingPlans[0].pricingPlanData[0].visualElements[0].value", "Credit/Debit Card"): Verify element property value successfully

2023-10-16 14:17:02 - [MESSAGE][PASSED] - Verify element property value successfully

2023-10-16 14:17:02 - [TEST_STEP][PASSED] - verifyElementPropertyValue(getResponse, "offers[5].groups[0].pricingPlans[0].pricingPlanData[0].visualElements[1].key", "CTA_text"): Verify element property value successfully

2023-10-16 14:17:02 - [MESSAGE][PASSED] - Verify element property value successfully

2023-10-16 14:17:02 - [TEST_STEP][PASSED] - verifyElementPropertyValue(getResponse, "offers[5].groups[0].pricingPlans[0].pricingPlanData[0].visualElements[1].value", "Subscribe"): Verify element property value successfully

2023-10-16 14:17:02 - [MESSAGE][PASSED] - Verify element property value successfully

2023-10-16 14:17:02 - [TEST_STEP][PASSED] - verifyElementPropertyValue(getResponse, "offers[5].groups[0].pricingPlans[0].pricingPlanData[0].visualElements[2].key", "logo"): Verify element property value successfully

2023-10-16 14:17:02 - [MESSAGE][PASSED] - Verify element property value successfully

2023-10-16 14:17:02 - [TEST_STEP][PASSED] - verifyElementPropertyValue(getResponse, "offers[5].groups[0].pricingPlans[0].pricingPlanData[0].visualElements[2].value", "https://static.s3.shahid.mbc.net/widget-images/icons/iconCreditCard.png"): Verify element property value successfully

2023-10-16 14:17:02 - [MESSAGE][PASSED] - Verify element property value successfully

2023-10-16 14:17:02 - [TEST_STEP][PASSED] - verifyElementPropertyValue(getResponse, "offers[6].offerId", "winback-sport-40-offer"): Verify element property value successfully

2023-10-16 14:17:02 - [MESSAGE][PASSED] - Verify element property value successfully

2023-10-16 14:17:02 - [TEST_STEP][PASSED] - verifyElementPropertyValue(getResponse, "offers[6].offerParam", "sportsoffer40"): Verify element property value successfully

2023-10-16 14:17:02 - [MESSAGE][PASSED] - Verify element property value successfully

2023-10-16 14:17:02 - [TEST_STEP][PASSED] - verifyElementPropertyValue(getResponse, "offers[6].groups[0].pricingPlans[0].featured", "true"): Verify element property value successfully

2023-10-16 14:17:02 - [MESSAGE][PASSED] - Verify element property value successfully

2023-10-16 14:17:02 - [TEST_STEP][PASSED] - verifyElementPropertyValue(getResponse, "offers[6].groups[0].pricingPlans[0].period", "monthly"): Verify element property value successfully

2023-10-16 14:17:02 - [MESSAGE][PASSED] - Verify element property value successfully

2023-10-16 14:17:02 - [TEST_STEP][PASSED] - verifyElementPropertyValue(getResponse, "offers[6].groups[0].pricingPlans[0].featured", "true"): Verify element property value successfully

2023-10-16 14:17:02 - [MESSAGE][PASSED] - Verify element property value successfully

2023-10-16 14:17:02 - [TEST_STEP][PASSED] - verifyElementPropertyValue(getResponse, "offers[6].groups[0].pricingPlans[0].price", "5.69"): Verify element property value successfully

2023-10-16 14:17:02 - [MESSAGE][PASSED] - Verify element property value successfully

2023-10-16 14:17:02 - [TEST_STEP][PASSED] - verifyElementPropertyValue(getResponse, "offers[6].groups[0].pricingPlans[0].currency", "$"): Verify element property value successfully

2023-10-16 14:17:02 - [MESSAGE][PASSED] - Verify element property value successfully

2023-10-16 14:17:02 - [TEST_STEP][PASSED] - verifyElementPropertyValue(getResponse, "offers[6].groups[0].pricingPlans[0].order", "0"): Verify element property value successfully

2023-10-16 14:17:02 - [MESSAGE][PASSED] - Verify element property value successfully

2023-10-16 14:17:02 - [TEST_STEP][PASSED] - verifyElementPropertyValue(getResponse, "offers[6].groups[0].pricingPlans[0].packageId", "SHAHID_VIP_SPORT"): Verify element property value successfully

2023-10-16 14:17:02 - [MESSAGE][PASSED] - Verify element property value successfully

2023-10-16 14:17:02 - [TEST_STEP][PASSED] - verifyElementPropertyValue(getResponse, "offers[6].groups[0].pricingPlans[0].catalogId", "SPORT"): Verify element property value successfully

2023-10-16 14:17:02 - [MESSAGE][PASSED] - Verify element property value successfully

2023-10-16 14:17:02 - [TEST_STEP][PASSED] - verifyElementPropertyValue(getResponse, "offers[6].groups[0].pricingPlans[0].visualElements[0].key", "Header_1_text"): Verify element property value successfully

2023-10-16 14:17:02 - [MESSAGE][PASSED] - Verify element property value successfully

2023-10-16 14:17:02 - [TEST_STEP][PASSED] - verifyElementPropertyValue(getResponse, "offers[6].groups[0].pricingPlans[0].visualElements[0].value", "Watch the most powerful series and movies exclusively without stopping"): Verify element property value successfully

2023-10-16 14:17:02 - [MESSAGE][PASSED] - Verify element property value successfully

2023-10-16 14:17:02 - [TEST_STEP][PASSED] - verifyElementPropertyValue(getResponse, "offers[6].groups[0].pricingPlans[0].visualElements[1].key", "display_title"): Verify element property value successfully

2023-10-16 14:17:02 - [MESSAGE][PASSED] - Verify element property value successfully

2023-10-16 14:17:02 - [TEST_STEP][FAILED] - verifyElementPropertyValue(getResponse, "offers[6].groups[0].pricingPlans[0].visualElements[1].value", "40% Discount Offer"): Expected element property value '40% Discount Offer' is not equal with actual property value '40% Discount Offer​'

2023-10-16 14:17:02 - [MESSAGE][FAILED] - Expected element property value '40% Discount Offer' is not equal with actual property value '40% Discount Offer​'

2023-10-16 14:17:02 - [TEST_STEP][PASSED] - verifyElementPropertyValue(getResponse, "offers[6].groups[0].pricingPlans[0].visualElements[3].key", "deduction_text"): Verify element property value successfully

2023-10-16 14:17:02 - [MESSAGE][PASSED] - Verify element property value successfully

2023-10-16 14:17:02 - [TEST_STEP][PASSED] - verifyElementPropertyValue(getResponse, "offers[6].groups[0].pricingPlans[0].visualElements[3].value", "billed every month"): Verify element property value successfully

2023-10-16 14:17:02 - [MESSAGE][PASSED] - Verify element property value successfully

2023-10-16 14:17:02 - [TEST_STEP][PASSED] - verifyElementPropertyValue(getResponse, "offers[6].groups[0].pricingPlans[0].visualElements[6].key", "show_payment_logo"): Verify element property value successfully

2023-10-16 14:17:02 - [MESSAGE][PASSED] - Verify element property value successfully

2023-10-16 14:17:02 - [TEST_STEP][PASSED] - verifyElementPropertyValue(getResponse, "offers[6].groups[0].pricingPlans[0].visualElements[6].value", "true"): Verify element property value successfully

2023-10-16 14:17:02 - [MESSAGE][PASSED] - Verify element property value successfully

2023-10-16 14:17:02 - [TEST_STEP][PASSED] - verifyElementPropertyValue(getResponse, "offers[6].groups[0].pricingPlans[0].visualElements[8].key", "price"): Verify element property value successfully

2023-10-16 14:17:02 - [MESSAGE][PASSED] - Verify element property value successfully

2023-10-16 14:17:02 - [TEST_STEP][PASSED] - verifyElementPropertyValue(getResponse, "offers[6].groups[0].pricingPlans[0].visualElements[8].value", "5.69"): Verify element property value successfully

2023-10-16 14:17:02 - [MESSAGE][PASSED] - Verify element property value successfully

2023-10-16 14:17:02 - [TEST_STEP][PASSED] - verifyElementPropertyValue(getResponse, "offers[6].groups[0].pricingPlans[0].visualElements[9].key", "currency"): Verify element property value successfully

2023-10-16 14:17:02 - [MESSAGE][PASSED] - Verify element property value successfully

2023-10-16 14:17:02 - [TEST_STEP][PASSED] - verifyElementPropertyValue(getResponse, "offers[6].groups[0].pricingPlans[0].visualElements[9].value", "$"): Verify element property value successfully

2023-10-16 14:17:02 - [MESSAGE][PASSED] - Verify element property value successfully

2023-10-16 14:17:02 - [TEST_STEP][PASSED] - verifyElementPropertyValue(getResponse, "offers[6].groups[0].pricingPlans[0].visualElements[10].key", "duration"): Verify element property value successfully

2023-10-16 14:17:02 - [MESSAGE][PASSED] - Verify element property value successfully

2023-10-16 14:17:02 - [TEST_STEP][PASSED] - verifyElementPropertyValue(getResponse, "offers[6].groups[0].pricingPlans[0].visualElements[10].value", "Monthly"): Verify element property value successfully

2023-10-16 14:17:02 - [MESSAGE][PASSED] - Verify element property value successfully

2023-10-16 14:17:02 - [TEST_STEP][PASSED] - verifyElementPropertyValue(getResponse, "offers[6].groups[0].pricingPlans[0].visualElements[11].key", "featured_tag_text"): Verify element property value successfully

2023-10-16 14:17:02 - [MESSAGE][PASSED] - Verify element property value successfully

2023-10-16 14:17:02 - [TEST_STEP][PASSED] - verifyElementPropertyValue(getResponse, "offers[6].groups[0].pricingPlans[0].visualElements[11].value", "Limited Time Offer"): Verify element property value successfully

2023-10-16 14:17:02 - [MESSAGE][PASSED] - Verify element property value successfully

2023-10-16 14:17:02 - [TEST_STEP][PASSED] - verifyElementPropertyValue(getResponse, "offers[6].groups[0].pricingPlans[0].visualElements[13].key", "tag_text"): Verify element property value successfully

2023-10-16 14:17:02 - [MESSAGE][PASSED] - Verify element property value successfully

2023-10-16 14:17:02 - [TEST_STEP][PASSED] - verifyElementPropertyValue(getResponse, "offers[6].groups[0].pricingPlans[0].visualElements[13].value", "Save 40%"): Verify element property value successfully

2023-10-16 14:17:02 - [MESSAGE][PASSED] - Verify element property value successfully

2023-10-16 14:17:02 - [TEST_STEP][PASSED] - verifyElementPropertyValue(getResponse, "offers[6].groups[0].pricingPlans[0].visualElements[12].key", "show_tag"): Verify element property value successfully

2023-10-16 14:17:02 - [MESSAGE][PASSED] - Verify element property value successfully

2023-10-16 14:17:02 - [TEST_STEP][PASSED] - verifyElementPropertyValue(getResponse, "offers[6].groups[0].pricingPlans[0].visualElements[12].value", "true"): Verify element property value successfully

2023-10-16 14:17:02 - [MESSAGE][PASSED] - Verify element property value successfully

2023-10-16 14:17:02 - [TEST_STEP][PASSED] - verifyElementPropertyValue(getResponse, "offers[6].groups[0].pricingPlans[0].pricingPlanData[0].productId", "LBN_B2C_SHAHID_VIP_SPORT_1M"): Verify element property value successfully

2023-10-16 14:17:02 - [MESSAGE][PASSED] - Verify element property value successfully

2023-10-16 14:17:02 - [TEST_STEP][PASSED] - verifyElementPropertyValue(getResponse, "offers[6].groups[0].pricingPlans[0].pricingPlanData[0].paymentMethod", "CREDIT_CARD"): Verify element property value successfully

2023-10-16 14:17:02 - [MESSAGE][PASSED] - Verify element property value successfully

2023-10-16 14:17:02 - [TEST_STEP][PASSED] - verifyElementPropertyValue(getResponse, "offers[6].groups[0].pricingPlans[0].pricingPlanData[0].freeTrialEnabled", "false"): Verify element property value successfully

2023-10-16 14:17:02 - [MESSAGE][PASSED] - Verify element property value successfully

2023-10-16 14:17:02 - [TEST_STEP][PASSED] - verifyElementPropertyValue(getResponse, "offers[6].groups[0].pricingPlans[0].pricingPlanData[0].showIn[0]", "VERTICAL_MODE"): Verify element property value successfully

2023-10-16 14:17:02 - [MESSAGE][PASSED] - Verify element property value successfully

2023-10-16 14:17:02 - [TEST_STEP][PASSED] - verifyElementPropertyValue(getResponse, "offers[6].groups[0].pricingPlans[0].pricingPlanData[0].showIn[1]", "HORIZONTAL_MODE"): Verify element property value successfully

2023-10-16 14:17:02 - [MESSAGE][PASSED] - Verify element property value successfully

2023-10-16 14:17:02 - [TEST_STEP][PASSED] - verifyElementPropertyValue(getResponse, "offers[6].groups[0].pricingPlans[0].pricingPlanData[0].priceLabel", "5.69"): Verify element property value successfully

2023-10-16 14:17:02 - [MESSAGE][PASSED] - Verify element property value successfully

2023-10-16 14:17:02 - [TEST_STEP][PASSED] - verifyElementPropertyValue(getResponse, "offers[6].groups[0].pricingPlans[0].pricingPlanData[0].currencyLabel", "$"): Verify element property value successfully

2023-10-16 14:17:02 - [MESSAGE][PASSED] - Verify element property value successfully

2023-10-16 14:17:02 - [TEST_STEP][PASSED] - verifyElementPropertyValue(getResponse, "offers[6].groups[0].pricingPlans[0].pricingPlanData[0].dealId", "WB_SPORT_40P_LBN"): Verify element property value successfully

2023-10-16 14:17:02 - [MESSAGE][PASSED] - Verify element property value successfully

2023-10-16 14:17:02 - [TEST_STEP][PASSED] - verifyElementPropertyValue(getResponse, "offers[6].groups[0].pricingPlans[0].pricingPlanData[0].allowedForAcquisition", "true"): Verify element property value successfully

2023-10-16 14:17:02 - [MESSAGE][PASSED] - Verify element property value successfully

2023-10-16 14:17:02 - [TEST_STEP][PASSED] - verifyElementPropertyValue(getResponse, "offers[6].groups[0].pricingPlans[0].pricingPlanData[0].visualElements[0].key", "title"): Verify element property value successfully

2023-10-16 14:17:02 - [MESSAGE][PASSED] - Verify element property value successfully

2023-10-16 14:17:02 - [TEST_STEP][PASSED] - verifyElementPropertyValue(getResponse, "offers[6].groups[0].pricingPlans[0].pricingPlanData[0].visualElements[0].value", "Credit/Debit Card"): Verify element property value successfully

2023-10-16 14:17:02 - [MESSAGE][PASSED] - Verify element property value successfully

2023-10-16 14:17:02 - [TEST_STEP][PASSED] - verifyElementPropertyValue(getResponse, "offers[6].groups[0].pricingPlans[0].pricingPlanData[0].visualElements[1].key", "CTA_text"): Verify element property value successfully

2023-10-16 14:17:03 - [MESSAGE][PASSED] - Verify element property value successfully

2023-10-16 14:17:03 - [TEST_STEP][PASSED] - verifyElementPropertyValue(getResponse, "offers[6].groups[0].pricingPlans[0].pricingPlanData[0].visualElements[1].value", "Subscribe"): Verify element property value successfully

2023-10-16 14:17:03 - [MESSAGE][PASSED] - Verify element property value successfully

2023-10-16 14:17:03 - [TEST_STEP][PASSED] - verifyElementPropertyValue(getResponse, "offers[6].groups[0].pricingPlans[0].pricingPlanData[0].visualElements[2].key", "logo"): Verify element property value successfully

2023-10-16 14:17:03 - [MESSAGE][PASSED] - Verify element property value successfully

2023-10-16 14:17:03 - [TEST_STEP][PASSED] - verifyElementPropertyValue(getResponse, "offers[6].groups[0].pricingPlans[0].pricingPlanData[0].visualElements[2].value", "https://static.s3.shahid.mbc.net/widget-images/icons/iconCreditCard.png"): Verify element property value successfully

2023-10-16 14:17:03 - [MESSAGE][PASSED] - Verify element property value successfully

2023-10-16 14:17:03 - [TEST_STEP][PASSED] - verifyElementPropertyValue(getResponse, "offers[7].offerId", "winback-sport-50-offer"): Verify element property value successfully

2023-10-16 14:17:03 - [MESSAGE][PASSED] - Verify element property value successfully

2023-10-16 14:17:03 - [TEST_STEP][PASSED] - verifyElementPropertyValue(getResponse, "offers[7].offerParam", "sportsoffer50"): Verify element property value successfully

2023-10-16 14:17:03 - [MESSAGE][PASSED] - Verify element property value successfully

2023-10-16 14:17:03 - [TEST_STEP][PASSED] - verifyElementPropertyValue(getResponse, "offers[7].groups[0].pricingPlans[0].featured", "true"): Verify element property value successfully

2023-10-16 14:17:03 - [MESSAGE][PASSED] - Verify element property value successfully

2023-10-16 14:17:03 - [TEST_STEP][PASSED] - verifyElementPropertyValue(getResponse, "offers[7].groups[0].pricingPlans[0].period", "monthly"): Verify element property value successfully

2023-10-16 14:17:03 - [MESSAGE][PASSED] - Verify element property value successfully

2023-10-16 14:17:03 - [TEST_STEP][PASSED] - verifyElementPropertyValue(getResponse, "offers[7].groups[0].pricingPlans[0].featured", "true"): Verify element property value successfully

2023-10-16 14:17:03 - [MESSAGE][PASSED] - Verify element property value successfully

2023-10-16 14:17:03 - [TEST_STEP][PASSED] - verifyElementPropertyValue(getResponse, "offers[7].groups[0].pricingPlans[0].price", "4.79"): Verify element property value successfully

2023-10-16 14:17:03 - [MESSAGE][PASSED] - Verify element property value successfully

2023-10-16 14:17:03 - [TEST_STEP][PASSED] - verifyElementPropertyValue(getResponse, "offers[7].groups[0].pricingPlans[0].currency", "$"): Verify element property value successfully

2023-10-16 14:17:03 - [MESSAGE][PASSED] - Verify element property value successfully

2023-10-16 14:17:03 - [TEST_STEP][PASSED] - verifyElementPropertyValue(getResponse, "offers[7].groups[0].pricingPlans[0].order", "0"): Verify element property value successfully

2023-10-16 14:17:03 - [MESSAGE][PASSED] - Verify element property value successfully

2023-10-16 14:17:03 - [TEST_STEP][PASSED] - verifyElementPropertyValue(getResponse, "offers[7].groups[0].pricingPlans[0].packageId", "SHAHID_VIP_SPORT"): Verify element property value successfully

2023-10-16 14:17:03 - [MESSAGE][PASSED] - Verify element property value successfully

2023-10-16 14:17:03 - [TEST_STEP][PASSED] - verifyElementPropertyValue(getResponse, "offers[7].groups[0].pricingPlans[0].catalogId", "SPORT"): Verify element property value successfully

2023-10-16 14:17:03 - [MESSAGE][PASSED] - Verify element property value successfully

2023-10-16 14:17:03 - [TEST_STEP][PASSED] - verifyElementPropertyValue(getResponse, "offers[7].groups[0].pricingPlans[0].visualElements[0].key", "Header_1_text"): Verify element property value successfully

2023-10-16 14:17:03 - [MESSAGE][PASSED] - Verify element property value successfully

2023-10-16 14:17:03 - [TEST_STEP][PASSED] - verifyElementPropertyValue(getResponse, "offers[7].groups[0].pricingPlans[0].visualElements[0].value", "Watch the most powerful series and movies exclusively without stopping"): Verify element property value successfully

2023-10-16 14:17:03 - [MESSAGE][PASSED] - Verify element property value successfully

2023-10-16 14:17:03 - [TEST_STEP][PASSED] - verifyElementPropertyValue(getResponse, "offers[7].groups[0].pricingPlans[0].visualElements[1].key", "display_title"): Verify element property value successfully

2023-10-16 14:17:03 - [MESSAGE][PASSED] - Verify element property value successfully

2023-10-16 14:17:03 - [TEST_STEP][FAILED] - verifyElementPropertyValue(getResponse, "offers[7].groups[0].pricingPlans[0].visualElements[1].value", "50% Discount Offer"): Expected element property value '50% Discount Offer' is not equal with actual property value '50% Discount Offer​'

2023-10-16 14:17:03 - [MESSAGE][FAILED] - Expected element property value '50% Discount Offer' is not equal with actual property value '50% Discount Offer​'

2023-10-16 14:17:03 - [TEST_STEP][PASSED] - verifyElementPropertyValue(getResponse, "offers[7].groups[0].pricingPlans[0].visualElements[3].key", "deduction_text"): Verify element property value successfully

2023-10-16 14:17:03 - [MESSAGE][PASSED] - Verify element property value successfully

2023-10-16 14:17:03 - [TEST_STEP][PASSED] - verifyElementPropertyValue(getResponse, "offers[7].groups[0].pricingPlans[0].visualElements[3].value", "billed every month"): Verify element property value successfully

2023-10-16 14:17:03 - [MESSAGE][PASSED] - Verify element property value successfully

2023-10-16 14:17:03 - [TEST_STEP][PASSED] - verifyElementPropertyValue(getResponse, "offers[7].groups[0].pricingPlans[0].visualElements[6].key", "show_payment_logo"): Verify element property value successfully

2023-10-16 14:17:03 - [MESSAGE][PASSED] - Verify element property value successfully

2023-10-16 14:17:03 - [TEST_STEP][PASSED] - verifyElementPropertyValue(getResponse, "offers[7].groups[0].pricingPlans[0].visualElements[6].value", "true"): Verify element property value successfully

2023-10-16 14:17:03 - [MESSAGE][PASSED] - Verify element property value successfully

2023-10-16 14:17:03 - [TEST_STEP][PASSED] - verifyElementPropertyValue(getResponse, "offers[7].groups[0].pricingPlans[0].visualElements[8].key", "price"): Verify element property value successfully

2023-10-16 14:17:03 - [MESSAGE][PASSED] - Verify element property value successfully

2023-10-16 14:17:03 - [TEST_STEP][PASSED] - verifyElementPropertyValue(getResponse, "offers[7].groups[0].pricingPlans[0].visualElements[8].value", "4.79"): Verify element property value successfully

2023-10-16 14:17:03 - [MESSAGE][PASSED] - Verify element property value successfully

2023-10-16 14:17:03 - [TEST_STEP][PASSED] - verifyElementPropertyValue(getResponse, "offers[7].groups[0].pricingPlans[0].visualElements[9].key", "currency"): Verify element property value successfully

2023-10-16 14:17:03 - [MESSAGE][PASSED] - Verify element property value successfully

2023-10-16 14:17:03 - [TEST_STEP][PASSED] - verifyElementPropertyValue(getResponse, "offers[7].groups[0].pricingPlans[0].visualElements[9].value", "$"): Verify element property value successfully

2023-10-16 14:17:03 - [MESSAGE][PASSED] - Verify element property value successfully

2023-10-16 14:17:03 - [TEST_STEP][PASSED] - verifyElementPropertyValue(getResponse, "offers[7].groups[0].pricingPlans[0].visualElements[10].key", "duration"): Verify element property value successfully

2023-10-16 14:17:03 - [MESSAGE][PASSED] - Verify element property value successfully

2023-10-16 14:17:03 - [TEST_STEP][PASSED] - verifyElementPropertyValue(getResponse, "offers[7].groups[0].pricingPlans[0].visualElements[10].value", "Monthly"): Verify element property value successfully

2023-10-16 14:17:03 - [MESSAGE][PASSED] - Verify element property value successfully

2023-10-16 14:17:03 - [TEST_STEP][PASSED] - verifyElementPropertyValue(getResponse, "offers[7].groups[0].pricingPlans[0].visualElements[11].key", "featured_tag_text"): Verify element property value successfully

2023-10-16 14:17:03 - [MESSAGE][PASSED] - Verify element property value successfully

2023-10-16 14:17:03 - [TEST_STEP][PASSED] - verifyElementPropertyValue(getResponse, "offers[7].groups[0].pricingPlans[0].visualElements[11].value", "Limited Time Offer"): Verify element property value successfully

2023-10-16 14:17:03 - [MESSAGE][PASSED] - Verify element property value successfully

2023-10-16 14:17:03 - [TEST_STEP][PASSED] - verifyElementPropertyValue(getResponse, "offers[7].groups[0].pricingPlans[0].visualElements[13].key", "tag_text"): Verify element property value successfully

2023-10-16 14:17:03 - [MESSAGE][PASSED] - Verify element property value successfully

2023-10-16 14:17:03 - [TEST_STEP][PASSED] - verifyElementPropertyValue(getResponse, "offers[7].groups[0].pricingPlans[0].visualElements[13].value", "Save 50%"): Verify element property value successfully

2023-10-16 14:17:03 - [MESSAGE][PASSED] - Verify element property value successfully

2023-10-16 14:17:03 - [TEST_STEP][PASSED] - verifyElementPropertyValue(getResponse, "offers[7].groups[0].pricingPlans[0].visualElements[12].key", "show_tag"): Verify element property value successfully

2023-10-16 14:17:03 - [MESSAGE][PASSED] - Verify element property value successfully

2023-10-16 14:17:03 - [TEST_STEP][PASSED] - verifyElementPropertyValue(getResponse, "offers[7].groups[0].pricingPlans[0].visualElements[12].value", "true"): Verify element property value successfully

2023-10-16 14:17:03 - [MESSAGE][PASSED] - Verify element property value successfully

2023-10-16 14:17:03 - [TEST_STEP][PASSED] - verifyElementPropertyValue(getResponse, "offers[7].groups[0].pricingPlans[0].pricingPlanData[0].productId", "LBN_B2C_SHAHID_VIP_SPORT_1M"): Verify element property value successfully

2023-10-16 14:17:03 - [MESSAGE][PASSED] - Verify element property value successfully

2023-10-16 14:17:03 - [TEST_STEP][PASSED] - verifyElementPropertyValue(getResponse, "offers[7].groups[0].pricingPlans[0].pricingPlanData[0].paymentMethod", "CREDIT_CARD"): Verify element property value successfully

2023-10-16 14:17:03 - [MESSAGE][PASSED] - Verify element property value successfully

2023-10-16 14:17:03 - [TEST_STEP][PASSED] - verifyElementPropertyValue(getResponse, "offers[7].groups[0].pricingPlans[0].pricingPlanData[0].freeTrialEnabled", "false"): Verify element property value successfully

2023-10-16 14:17:03 - [MESSAGE][PASSED] - Verify element property value successfully

2023-10-16 14:17:03 - [TEST_STEP][PASSED] - verifyElementPropertyValue(getResponse, "offers[7].groups[0].pricingPlans[0].pricingPlanData[0].showIn[0]", "VERTICAL_MODE"): Verify element property value successfully

2023-10-16 14:17:03 - [MESSAGE][PASSED] - Verify element property value successfully

2023-10-16 14:17:03 - [TEST_STEP][PASSED] - verifyElementPropertyValue(getResponse, "offers[7].groups[0].pricingPlans[0].pricingPlanData[0].showIn[1]", "HORIZONTAL_MODE"): Verify element property value successfully

2023-10-16 14:17:03 - [MESSAGE][PASSED] - Verify element property value successfully

2023-10-16 14:17:03 - [TEST_STEP][PASSED] - verifyElementPropertyValue(getResponse, "offers[7].groups[0].pricingPlans[0].pricingPlanData[0].priceLabel", "4.79"): Verify element property value successfully

2023-10-16 14:17:03 - [MESSAGE][PASSED] - Verify element property value successfully

2023-10-16 14:17:03 - [TEST_STEP][PASSED] - verifyElementPropertyValue(getResponse, "offers[7].groups[0].pricingPlans[0].pricingPlanData[0].currencyLabel", "$"): Verify element property value successfully

2023-10-16 14:17:03 - [MESSAGE][PASSED] - Verify element property value successfully

2023-10-16 14:17:03 - [TEST_STEP][PASSED] - verifyElementPropertyValue(getResponse, "offers[7].groups[0].pricingPlans[0].pricingPlanData[0].dealId", "WB_SPORT_50P_LBN"): Verify element property value successfully

2023-10-16 14:17:03 - [MESSAGE][PASSED] - Verify element property value successfully

2023-10-16 14:17:03 - [TEST_STEP][PASSED] - verifyElementPropertyValue(getResponse, "offers[7].groups[0].pricingPlans[0].pricingPlanData[0].allowedForAcquisition", "true"): Verify element property value successfully

2023-10-16 14:17:03 - [MESSAGE][PASSED] - Verify element property value successfully

2023-10-16 14:17:03 - [TEST_STEP][PASSED] - verifyElementPropertyValue(getResponse, "offers[7].groups[0].pricingPlans[0].pricingPlanData[0].visualElements[0].key", "title"): Verify element property value successfully

2023-10-16 14:17:03 - [MESSAGE][PASSED] - Verify element property value successfully

2023-10-16 14:17:03 - [TEST_STEP][PASSED] - verifyElementPropertyValue(getResponse, "offers[7].groups[0].pricingPlans[0].pricingPlanData[0].visualElements[0].value", "Credit/Debit Card"): Verify element property value successfully

2023-10-16 14:17:03 - [MESSAGE][PASSED] - Verify element property value successfully

2023-10-16 14:17:03 - [TEST_STEP][PASSED] - verifyElementPropertyValue(getResponse, "offers[7].groups[0].pricingPlans[0].pricingPlanData[0].visualElements[1].key", "CTA_text"): Verify element property value successfully

2023-10-16 14:17:03 - [MESSAGE][PASSED] - Verify element property value successfully

2023-10-16 14:17:03 - [TEST_STEP][PASSED] - verifyElementPropertyValue(getResponse, "offers[7].groups[0].pricingPlans[0].pricingPlanData[0].visualElements[1].value", "Subscribe"): Verify element property value successfully

2023-10-16 14:17:03 - [MESSAGE][PASSED] - Verify element property value successfully

2023-10-16 14:17:03 - [TEST_STEP][PASSED] - verifyElementPropertyValue(getResponse, "offers[7].groups[0].pricingPlans[0].pricingPlanData[0].visualElements[2].key", "logo"): Verify element property value successfully

2023-10-16 14:17:03 - [MESSAGE][PASSED] - Verify element property value successfully

2023-10-16 14:17:03 - [TEST_STEP][PASSED] - verifyElementPropertyValue(getResponse, "offers[7].groups[0].pricingPlans[0].pricingPlanData[0].visualElements[2].value", "https://static.s3.shahid.mbc.net/widget-images/icons/iconCreditCard.png"): Verify element property value successfully

2023-10-16 14:17:03 - [MESSAGE][PASSED] - Verify element property value successfully

2023-10-16 14:17:03 - [TEST_STEP][PASSED] - verifyElementPropertyValue(getResponse, "offers[11].offerId", "byg-sport-30-offer"): Verify element property value successfully

2023-10-16 14:17:03 - [MESSAGE][PASSED] - Verify element property value successfully

2023-10-16 14:17:03 - [TEST_STEP][PASSED] - verifyElementPropertyValue(getResponse, "offers[11].offerParam", "bygsportsoffer30"): Verify element property value successfully

2023-10-16 14:17:03 - [MESSAGE][PASSED] - Verify element property value successfully

2023-10-16 14:17:03 - [TEST_STEP][PASSED] - verifyElementPropertyValue(getResponse, "offers[11].groups[0].pricingPlans[0].featured", "true"): Verify element property value successfully

2023-10-16 14:17:03 - [MESSAGE][PASSED] - Verify element property value successfully

2023-10-16 14:17:03 - [TEST_STEP][PASSED] - verifyElementPropertyValue(getResponse, "offers[11].groups[0].pricingPlans[0].period", "monthly"): Verify element property value successfully

2023-10-16 14:17:03 - [MESSAGE][PASSED] - Verify element property value successfully

2023-10-16 14:17:03 - [TEST_STEP][PASSED] - verifyElementPropertyValue(getResponse, "offers[11].groups[0].pricingPlans[0].featured", "true"): Verify element property value successfully

2023-10-16 14:17:03 - [MESSAGE][PASSED] - Verify element property value successfully

2023-10-16 14:17:03 - [TEST_STEP][PASSED] - verifyElementPropertyValue(getResponse, "offers[11].groups[0].pricingPlans[0].price", "6.69"): Verify element property value successfully

2023-10-16 14:17:03 - [MESSAGE][PASSED] - Verify element property value successfully

2023-10-16 14:17:03 - [TEST_STEP][PASSED] - verifyElementPropertyValue(getResponse, "offers[11].groups[0].pricingPlans[0].currency", "$"): Verify element property value successfully

2023-10-16 14:17:03 - [MESSAGE][PASSED] - Verify element property value successfully

2023-10-16 14:17:03 - [TEST_STEP][PASSED] - verifyElementPropertyValue(getResponse, "offers[11].groups[0].pricingPlans[0].order", "0"): Verify element property value successfully

2023-10-16 14:17:03 - [MESSAGE][PASSED] - Verify element property value successfully

2023-10-16 14:17:03 - [TEST_STEP][PASSED] - verifyElementPropertyValue(getResponse, "offers[11].groups[0].pricingPlans[0].packageId", "SHAHID_VIP_SPORT"): Verify element property value successfully

2023-10-16 14:17:03 - [MESSAGE][PASSED] - Verify element property value successfully

2023-10-16 14:17:03 - [TEST_STEP][PASSED] - verifyElementPropertyValue(getResponse, "offers[11].groups[0].pricingPlans[0].catalogId", "SPORT"): Verify element property value successfully

2023-10-16 14:17:03 - [MESSAGE][PASSED] - Verify element property value successfully

2023-10-16 14:17:03 - [TEST_STEP][PASSED] - verifyElementPropertyValue(getResponse, "offers[11].groups[0].pricingPlans[0].visualElements[0].key", "Header_1_text"): Verify element property value successfully

2023-10-16 14:17:03 - [MESSAGE][PASSED] - Verify element property value successfully

2023-10-16 14:17:03 - [TEST_STEP][PASSED] - verifyElementPropertyValue(getResponse, "offers[11].groups[0].pricingPlans[0].visualElements[0].value", "Watch the most powerful series and movies exclusively without stopping"): Verify element property value successfully

2023-10-16 14:17:03 - [MESSAGE][PASSED] - Verify element property value successfully

2023-10-16 14:17:03 - [TEST_STEP][PASSED] - verifyElementPropertyValue(getResponse, "offers[11].groups[0].pricingPlans[0].visualElements[1].key", "display_title"): Verify element property value successfully

2023-10-16 14:17:03 - [MESSAGE][PASSED] - Verify element property value successfully

2023-10-16 14:17:03 - [TEST_STEP][FAILED] - verifyElementPropertyValue(getResponse, "offers[11].groups[0].pricingPlans[0].visualElements[1].value", "30% Discount Offer"): Expected element property value '30% Discount Offer' is not equal with actual property value '30% Discount Offer​'

2023-10-16 14:17:03 - [MESSAGE][FAILED] - Expected element property value '30% Discount Offer' is not equal with actual property value '30% Discount Offer​'

2023-10-16 14:17:03 - [TEST_STEP][PASSED] - verifyElementPropertyValue(getResponse, "offers[11].groups[0].pricingPlans[0].visualElements[3].key", "deduction_text"): Verify element property value successfully

2023-10-16 14:17:03 - [MESSAGE][PASSED] - Verify element property value successfully

2023-10-16 14:17:03 - [TEST_STEP][PASSED] - verifyElementPropertyValue(getResponse, "offers[11].groups[0].pricingPlans[0].visualElements[3].value", "billed every month"): Verify element property value successfully

2023-10-16 14:17:03 - [MESSAGE][PASSED] - Verify element property value successfully

2023-10-16 14:17:03 - [TEST_STEP][PASSED] - verifyElementPropertyValue(getResponse, "offers[11].groups[0].pricingPlans[0].visualElements[6].key", "show_payment_logo"): Verify element property value successfully

2023-10-16 14:17:03 - [MESSAGE][PASSED] - Verify element property value successfully

2023-10-16 14:17:03 - [TEST_STEP][PASSED] - verifyElementPropertyValue(getResponse, "offers[11].groups[0].pricingPlans[0].visualElements[6].value", "true"): Verify element property value successfully

2023-10-16 14:17:03 - [MESSAGE][PASSED] - Verify element property value successfully

2023-10-16 14:17:03 - [TEST_STEP][PASSED] - verifyElementPropertyValue(getResponse, "offers[11].groups[0].pricingPlans[0].visualElements[8].key", "price"): Verify element property value successfully

2023-10-16 14:17:03 - [MESSAGE][PASSED] - Verify element property value successfully

2023-10-16 14:17:03 - [TEST_STEP][PASSED] - verifyElementPropertyValue(getResponse, "offers[11].groups[0].pricingPlans[0].visualElements[8].value", "6.69"): Verify element property value successfully

2023-10-16 14:17:03 - [MESSAGE][PASSED] - Verify element property value successfully

2023-10-16 14:17:03 - [TEST_STEP][PASSED] - verifyElementPropertyValue(getResponse, "offers[11].groups[0].pricingPlans[0].visualElements[9].key", "currency"): Verify element property value successfully

2023-10-16 14:17:03 - [MESSAGE][PASSED] - Verify element property value successfully

2023-10-16 14:17:03 - [TEST_STEP][PASSED] - verifyElementPropertyValue(getResponse, "offers[11].groups[0].pricingPlans[0].visualElements[9].value", "$"): Verify element property value successfully

2023-10-16 14:17:03 - [MESSAGE][PASSED] - Verify element property value successfully

2023-10-16 14:17:03 - [TEST_STEP][PASSED] - verifyElementPropertyValue(getResponse, "offers[11].groups[0].pricingPlans[0].visualElements[10].key", "duration"): Verify element property value successfully

2023-10-16 14:17:03 - [MESSAGE][PASSED] - Verify element property value successfully

2023-10-16 14:17:03 - [TEST_STEP][PASSED] - verifyElementPropertyValue(getResponse, "offers[11].groups[0].pricingPlans[0].visualElements[10].value", "Monthly"): Verify element property value successfully

2023-10-16 14:17:03 - [MESSAGE][PASSED] - Verify element property value successfully

2023-10-16 14:17:03 - [TEST_STEP][PASSED] - verifyElementPropertyValue(getResponse, "offers[11].groups[0].pricingPlans[0].visualElements[11].key", "featured_tag_text"): Verify element property value successfully

2023-10-16 14:17:03 - [MESSAGE][PASSED] - Verify element property value successfully

2023-10-16 14:17:03 - [TEST_STEP][PASSED] - verifyElementPropertyValue(getResponse, "offers[11].groups[0].pricingPlans[0].visualElements[11].value", "Limited Time Offer"): Verify element property value successfully

2023-10-16 14:17:03 - [MESSAGE][PASSED] - Verify element property value successfully

2023-10-16 14:17:03 - [TEST_STEP][PASSED] - verifyElementPropertyValue(getResponse, "offers[11].groups[0].pricingPlans[0].visualElements[12].key", "show_tag"): Verify element property value successfully

2023-10-16 14:17:03 - [MESSAGE][PASSED] - Verify element property value successfully

2023-10-16 14:17:03 - [TEST_STEP][PASSED] - verifyElementPropertyValue(getResponse, "offers[11].groups[0].pricingPlans[0].visualElements[12].value", "true"): Verify element property value successfully

2023-10-16 14:17:03 - [MESSAGE][PASSED] - Verify element property value successfully

2023-10-16 14:17:03 - [TEST_STEP][PASSED] - verifyElementPropertyValue(getResponse, "offers[11].groups[0].pricingPlans[0].visualElements[13].key", "tag_text"): Verify element property value successfully

2023-10-16 14:17:03 - [MESSAGE][PASSED] - Verify element property value successfully

2023-10-16 14:17:03 - [TEST_STEP][PASSED] - verifyElementPropertyValue(getResponse, "offers[11].groups[0].pricingPlans[0].visualElements[13].value", "Save 30%"): Verify element property value successfully

2023-10-16 14:17:03 - [MESSAGE][PASSED] - Verify element property value successfully

2023-10-16 14:17:03 - [TEST_STEP][PASSED] - verifyElementPropertyValue(getResponse, "offers[11].groups[0].pricingPlans[0].pricingPlanData[0].productId", "LBN_B2C_SHAHID_VIP_SPORT_1M"): Verify element property value successfully

2023-10-16 14:17:03 - [MESSAGE][PASSED] - Verify element property value successfully

2023-10-16 14:17:03 - [TEST_STEP][PASSED] - verifyElementPropertyValue(getResponse, "offers[11].groups[0].pricingPlans[0].pricingPlanData[0].paymentMethod", "CREDIT_CARD"): Verify element property value successfully

2023-10-16 14:17:03 - [MESSAGE][PASSED] - Verify element property value successfully

2023-10-16 14:17:03 - [TEST_STEP][PASSED] - verifyElementPropertyValue(getResponse, "offers[11].groups[0].pricingPlans[0].pricingPlanData[0].freeTrialEnabled", "false"): Verify element property value successfully

2023-10-16 14:17:03 - [MESSAGE][PASSED] - Verify element property value successfully

2023-10-16 14:17:03 - [TEST_STEP][PASSED] - verifyElementPropertyValue(getResponse, "offers[11].groups[0].pricingPlans[0].pricingPlanData[0].showIn[0]", "VERTICAL_MODE"): Verify element property value successfully

2023-10-16 14:17:03 - [MESSAGE][PASSED] - Verify element property value successfully

2023-10-16 14:17:03 - [TEST_STEP][PASSED] - verifyElementPropertyValue(getResponse, "offers[11].groups[0].pricingPlans[0].pricingPlanData[0].showIn[1]", "HORIZONTAL_MODE"): Verify element property value successfully

2023-10-16 14:17:03 - [MESSAGE][PASSED] - Verify element property value successfully

2023-10-16 14:17:03 - [TEST_STEP][PASSED] - verifyElementPropertyValue(getResponse, "offers[11].groups[0].pricingPlans[0].pricingPlanData[0].priceLabel", "6.69"): Verify element property value successfully

2023-10-16 14:17:03 - [MESSAGE][PASSED] - Verify element property value successfully

2023-10-16 14:17:03 - [TEST_STEP][PASSED] - verifyElementPropertyValue(getResponse, "offers[11].groups[0].pricingPlans[0].pricingPlanData[0].currencyLabel", "$"): Verify element property value successfully

2023-10-16 14:17:03 - [MESSAGE][PASSED] - Verify element property value successfully

2023-10-16 14:17:03 - [TEST_STEP][PASSED] - verifyElementPropertyValue(getResponse, "offers[11].groups[0].pricingPlans[0].pricingPlanData[0].dealId", "BYG_SPORT_30P_LBN"): Verify element property value successfully

2023-10-16 14:17:03 - [MESSAGE][PASSED] - Verify element property value successfully

2023-10-16 14:17:03 - [TEST_STEP][PASSED] - verifyElementPropertyValue(getResponse, "offers[11].groups[0].pricingPlans[0].pricingPlanData[0].allowedForAcquisition", "true"): Verify element property value successfully

2023-10-16 14:17:03 - [MESSAGE][PASSED] - Verify element property value successfully

2023-10-16 14:17:03 - [TEST_STEP][PASSED] - verifyElementPropertyValue(getResponse, "offers[11].groups[0].pricingPlans[0].pricingPlanData[0].visualElements[0].key", "title"): Verify element property value successfully

2023-10-16 14:17:03 - [MESSAGE][PASSED] - Verify element property value successfully

2023-10-16 14:17:03 - [TEST_STEP][PASSED] - verifyElementPropertyValue(getResponse, "offers[11].groups[0].pricingPlans[0].pricingPlanData[0].visualElements[0].value", "Credit/Debit Card"): Verify element property value successfully

2023-10-16 14:17:03 - [MESSAGE][PASSED] - Verify element property value successfully

2023-10-16 14:17:03 - [TEST_STEP][PASSED] - verifyElementPropertyValue(getResponse, "offers[11].groups[0].pricingPlans[0].pricingPlanData[0].visualElements[1].key", "CTA_text"): Verify element property value successfully

2023-10-16 14:17:03 - [MESSAGE][PASSED] - Verify element property value successfully

2023-10-16 14:17:03 - [TEST_STEP][PASSED] - verifyElementPropertyValue(getResponse, "offers[11].groups[0].pricingPlans[0].pricingPlanData[0].visualElements[1].value", "Subscribe"): Verify element property value successfully

2023-10-16 14:17:03 - [MESSAGE][PASSED] - Verify element property value successfully

2023-10-16 14:17:03 - [TEST_STEP][PASSED] - verifyElementPropertyValue(getResponse, "offers[11].groups[0].pricingPlans[0].pricingPlanData[0].visualElements[2].key", "logo"): Verify element property value successfully

2023-10-16 14:17:03 - [MESSAGE][PASSED] - Verify element property value successfully

2023-10-16 14:17:03 - [TEST_STEP][PASSED] - verifyElementPropertyValue(getResponse, "offers[11].groups[0].pricingPlans[0].pricingPlanData[0].visualElements[2].value", "https://static.s3.shahid.mbc.net/widget-images/icons/iconCreditCard.png"): Verify element property value successfully

2023-10-16 14:17:03 - [MESSAGE][PASSED] - Verify element property value successfully

2023-10-16 14:17:03 - [TEST_STEP][PASSED] - verifyElementPropertyValue(getResponse, "offers[12].offerId", "byg-sport-40-offer"): Verify element property value successfully

2023-10-16 14:17:03 - [MESSAGE][PASSED] - Verify element property value successfully

2023-10-16 14:17:03 - [TEST_STEP][PASSED] - verifyElementPropertyValue(getResponse, "offers[12].offerParam", "bygsportsoffer40"): Verify element property value successfully

2023-10-16 14:17:03 - [MESSAGE][PASSED] - Verify element property value successfully

2023-10-16 14:17:03 - [TEST_STEP][PASSED] - verifyElementPropertyValue(getResponse, "offers[12].groups[0].pricingPlans[0].featured", "true"): Verify element property value successfully

2023-10-16 14:17:03 - [MESSAGE][PASSED] - Verify element property value successfully

2023-10-16 14:17:03 - [TEST_STEP][PASSED] - verifyElementPropertyValue(getResponse, "offers[12].groups[0].pricingPlans[0].period", "monthly"): Verify element property value successfully

2023-10-16 14:17:03 - [MESSAGE][PASSED] - Verify element property value successfully

2023-10-16 14:17:03 - [TEST_STEP][PASSED] - verifyElementPropertyValue(getResponse, "offers[12].groups[0].pricingPlans[0].featured", "true"): Verify element property value successfully

2023-10-16 14:17:03 - [MESSAGE][PASSED] - Verify element property value successfully

2023-10-16 14:17:03 - [TEST_STEP][PASSED] - verifyElementPropertyValue(getResponse, "offers[12].groups[0].pricingPlans[0].price", "5.69"): Verify element property value successfully

2023-10-16 14:17:03 - [MESSAGE][PASSED] - Verify element property value successfully

2023-10-16 14:17:03 - [TEST_STEP][PASSED] - verifyElementPropertyValue(getResponse, "offers[12].groups[0].pricingPlans[0].currency", "$"): Verify element property value successfully

2023-10-16 14:17:03 - [MESSAGE][PASSED] - Verify element property value successfully

2023-10-16 14:17:03 - [TEST_STEP][PASSED] - verifyElementPropertyValue(getResponse, "offers[12].groups[0].pricingPlans[0].order", "0"): Verify element property value successfully

2023-10-16 14:17:03 - [MESSAGE][PASSED] - Verify element property value successfully

2023-10-16 14:17:03 - [TEST_STEP][PASSED] - verifyElementPropertyValue(getResponse, "offers[12].groups[0].pricingPlans[0].packageId", "SHAHID_VIP_SPORT"): Verify element property value successfully

2023-10-16 14:17:03 - [MESSAGE][PASSED] - Verify element property value successfully

2023-10-16 14:17:03 - [TEST_STEP][PASSED] - verifyElementPropertyValue(getResponse, "offers[12].groups[0].pricingPlans[0].catalogId", "SPORT"): Verify element property value successfully

2023-10-16 14:17:03 - [MESSAGE][PASSED] - Verify element property value successfully

2023-10-16 14:17:04 - [TEST_STEP][PASSED] - verifyElementPropertyValue(getResponse, "offers[12].groups[0].pricingPlans[0].visualElements[0].key", "Header_1_text"): Verify element property value successfully

2023-10-16 14:17:04 - [MESSAGE][PASSED] - Verify element property value successfully

2023-10-16 14:17:04 - [TEST_STEP][PASSED] - verifyElementPropertyValue(getResponse, "offers[12].groups[0].pricingPlans[0].visualElements[0].value", "Watch the most powerful series and movies exclusively without stopping"): Verify element property value successfully

2023-10-16 14:17:04 - [MESSAGE][PASSED] - Verify element property value successfully

2023-10-16 14:17:04 - [TEST_STEP][PASSED] - verifyElementPropertyValue(getResponse, "offers[12].groups[0].pricingPlans[0].visualElements[1].key", "display_title"): Verify element property value successfully

2023-10-16 14:17:04 - [MESSAGE][PASSED] - Verify element property value successfully

2023-10-16 14:17:04 - [TEST_STEP][FAILED] - verifyElementPropertyValue(getResponse, "offers[12].groups[0].pricingPlans[0].visualElements[1].value", "40% Discount Offer"): Expected element property value '40% Discount Offer' is not equal with actual property value '40% Discount Offer​'

2023-10-16 14:17:04 - [MESSAGE][FAILED] - Expected element property value '40% Discount Offer' is not equal with actual property value '40% Discount Offer​'

2023-10-16 14:17:04 - [TEST_STEP][PASSED] - verifyElementPropertyValue(getResponse, "offers[12].groups[0].pricingPlans[0].visualElements[3].key", "deduction_text"): Verify element property value successfully

2023-10-16 14:17:04 - [MESSAGE][PASSED] - Verify element property value successfully

2023-10-16 14:17:04 - [TEST_STEP][PASSED] - verifyElementPropertyValue(getResponse, "offers[12].groups[0].pricingPlans[0].visualElements[3].value", "billed every month"): Verify element property value successfully

2023-10-16 14:17:04 - [MESSAGE][PASSED] - Verify element property value successfully

2023-10-16 14:17:04 - [TEST_STEP][PASSED] - verifyElementPropertyValue(getResponse, "offers[12].groups[0].pricingPlans[0].visualElements[6].key", "show_payment_logo"): Verify element property value successfully

2023-10-16 14:17:04 - [MESSAGE][PASSED] - Verify element property value successfully

2023-10-16 14:17:04 - [TEST_STEP][PASSED] - verifyElementPropertyValue(getResponse, "offers[12].groups[0].pricingPlans[0].visualElements[6].value", "true"): Verify element property value successfully

2023-10-16 14:17:04 - [MESSAGE][PASSED] - Verify element property value successfully

2023-10-16 14:17:04 - [TEST_STEP][PASSED] - verifyElementPropertyValue(getResponse, "offers[12].groups[0].pricingPlans[0].visualElements[8].key", "price"): Verify element property value successfully

2023-10-16 14:17:04 - [MESSAGE][PASSED] - Verify element property value successfully

2023-10-16 14:17:04 - [TEST_STEP][PASSED] - verifyElementPropertyValue(getResponse, "offers[12].groups[0].pricingPlans[0].visualElements[8].value", "5.69"): Verify element property value successfully

2023-10-16 14:17:04 - [MESSAGE][PASSED] - Verify element property value successfully

2023-10-16 14:17:04 - [TEST_STEP][PASSED] - verifyElementPropertyValue(getResponse, "offers[12].groups[0].pricingPlans[0].visualElements[9].key", "currency"): Verify element property value successfully

2023-10-16 14:17:04 - [MESSAGE][PASSED] - Verify element property value successfully

2023-10-16 14:17:04 - [TEST_STEP][PASSED] - verifyElementPropertyValue(getResponse, "offers[12].groups[0].pricingPlans[0].visualElements[9].value", "$"): Verify element property value successfully

2023-10-16 14:17:04 - [MESSAGE][PASSED] - Verify element property value successfully

2023-10-16 14:17:04 - [TEST_STEP][PASSED] - verifyElementPropertyValue(getResponse, "offers[12].groups[0].pricingPlans[0].visualElements[10].key", "duration"): Verify element property value successfully

2023-10-16 14:17:04 - [MESSAGE][PASSED] - Verify element property value successfully

2023-10-16 14:17:04 - [TEST_STEP][PASSED] - verifyElementPropertyValue(getResponse, "offers[12].groups[0].pricingPlans[0].visualElements[10].value", "Monthly"): Verify element property value successfully

2023-10-16 14:17:04 - [MESSAGE][PASSED] - Verify element property value successfully

2023-10-16 14:17:04 - [TEST_STEP][PASSED] - verifyElementPropertyValue(getResponse, "offers[12].groups[0].pricingPlans[0].visualElements[11].key", "featured_tag_text"): Verify element property value successfully

2023-10-16 14:17:04 - [MESSAGE][PASSED] - Verify element property value successfully

2023-10-16 14:17:04 - [TEST_STEP][PASSED] - verifyElementPropertyValue(getResponse, "offers[12].groups[0].pricingPlans[0].visualElements[11].value", "Limited Time Offer"): Verify element property value successfully

2023-10-16 14:17:04 - [MESSAGE][PASSED] - Verify element property value successfully

2023-10-16 14:17:04 - [TEST_STEP][PASSED] - verifyElementPropertyValue(getResponse, "offers[12].groups[0].pricingPlans[0].visualElements[13].key", "tag_text"): Verify element property value successfully

2023-10-16 14:17:04 - [MESSAGE][PASSED] - Verify element property value successfully

2023-10-16 14:17:04 - [TEST_STEP][PASSED] - verifyElementPropertyValue(getResponse, "offers[12].groups[0].pricingPlans[0].visualElements[13].value", "Save 40%"): Verify element property value successfully

2023-10-16 14:17:04 - [MESSAGE][PASSED] - Verify element property value successfully

2023-10-16 14:17:04 - [TEST_STEP][PASSED] - verifyElementPropertyValue(getResponse, "offers[12].groups[0].pricingPlans[0].visualElements[12].key", "show_tag"): Verify element property value successfully

2023-10-16 14:17:04 - [MESSAGE][PASSED] - Verify element property value successfully

2023-10-16 14:17:04 - [TEST_STEP][PASSED] - verifyElementPropertyValue(getResponse, "offers[12].groups[0].pricingPlans[0].visualElements[12].value", "true"): Verify element property value successfully

2023-10-16 14:17:04 - [MESSAGE][PASSED] - Verify element property value successfully

2023-10-16 14:17:04 - [TEST_STEP][PASSED] - verifyElementPropertyValue(getResponse, "offers[12].groups[0].pricingPlans[0].pricingPlanData[0].productId", "LBN_B2C_SHAHID_VIP_SPORT_1M"): Verify element property value successfully

2023-10-16 14:17:04 - [MESSAGE][PASSED] - Verify element property value successfully

2023-10-16 14:17:04 - [TEST_STEP][PASSED] - verifyElementPropertyValue(getResponse, "offers[12].groups[0].pricingPlans[0].pricingPlanData[0].paymentMethod", "CREDIT_CARD"): Verify element property value successfully

2023-10-16 14:17:04 - [MESSAGE][PASSED] - Verify element property value successfully

2023-10-16 14:17:04 - [TEST_STEP][PASSED] - verifyElementPropertyValue(getResponse, "offers[12].groups[0].pricingPlans[0].pricingPlanData[0].freeTrialEnabled", "false"): Verify element property value successfully

2023-10-16 14:17:04 - [MESSAGE][PASSED] - Verify element property value successfully

2023-10-16 14:17:04 - [TEST_STEP][PASSED] - verifyElementPropertyValue(getResponse, "offers[12].groups[0].pricingPlans[0].pricingPlanData[0].showIn[0]", "VERTICAL_MODE"): Verify element property value successfully

2023-10-16 14:17:04 - [MESSAGE][PASSED] - Verify element property value successfully

2023-10-16 14:17:04 - [TEST_STEP][PASSED] - verifyElementPropertyValue(getResponse, "offers[12].groups[0].pricingPlans[0].pricingPlanData[0].showIn[1]", "HORIZONTAL_MODE"): Verify element property value successfully

2023-10-16 14:17:04 - [MESSAGE][PASSED] - Verify element property value successfully

2023-10-16 14:17:04 - [TEST_STEP][PASSED] - verifyElementPropertyValue(getResponse, "offers[12].groups[0].pricingPlans[0].pricingPlanData[0].priceLabel", "5.69"): Verify element property value successfully

2023-10-16 14:17:04 - [MESSAGE][PASSED] - Verify element property value successfully

2023-10-16 14:17:04 - [TEST_STEP][PASSED] - verifyElementPropertyValue(getResponse, "offers[12].groups[0].pricingPlans[0].pricingPlanData[0].currencyLabel", "$"): Verify element property value successfully

2023-10-16 14:17:04 - [MESSAGE][PASSED] - Verify element property value successfully

2023-10-16 14:17:04 - [TEST_STEP][PASSED] - verifyElementPropertyValue(getResponse, "offers[12].groups[0].pricingPlans[0].pricingPlanData[0].dealId", "BYG_SPORT_40P_LBN"): Verify element property value successfully

2023-10-16 14:17:04 - [MESSAGE][PASSED] - Verify element property value successfully

2023-10-16 14:17:04 - [TEST_STEP][PASSED] - verifyElementPropertyValue(getResponse, "offers[12].groups[0].pricingPlans[0].pricingPlanData[0].allowedForAcquisition", "true"): Verify element property value successfully

2023-10-16 14:17:04 - [MESSAGE][PASSED] - Verify element property value successfully

2023-10-16 14:17:04 - [TEST_STEP][PASSED] - verifyElementPropertyValue(getResponse, "offers[12].groups[0].pricingPlans[0].pricingPlanData[0].visualElements[0].key", "title"): Verify element property value successfully

2023-10-16 14:17:04 - [MESSAGE][PASSED] - Verify element property value successfully

2023-10-16 14:17:04 - [TEST_STEP][PASSED] - verifyElementPropertyValue(getResponse, "offers[12].groups[0].pricingPlans[0].pricingPlanData[0].visualElements[0].value", "Credit/Debit Card"): Verify element property value successfully

2023-10-16 14:17:04 - [MESSAGE][PASSED] - Verify element property value successfully

2023-10-16 14:17:04 - [TEST_STEP][PASSED] - verifyElementPropertyValue(getResponse, "offers[12].groups[0].pricingPlans[0].pricingPlanData[0].visualElements[1].key", "CTA_text"): Verify element property value successfully

2023-10-16 14:17:04 - [MESSAGE][PASSED] - Verify element property value successfully

2023-10-16 14:17:04 - [TEST_STEP][PASSED] - verifyElementPropertyValue(getResponse, "offers[12].groups[0].pricingPlans[0].pricingPlanData[0].visualElements[1].value", "Subscribe"): Verify element property value successfully

2023-10-16 14:17:04 - [MESSAGE][PASSED] - Verify element property value successfully

2023-10-16 14:17:04 - [TEST_STEP][PASSED] - verifyElementPropertyValue(getResponse, "offers[12].groups[0].pricingPlans[0].pricingPlanData[0].visualElements[2].key", "logo"): Verify element property value successfully

2023-10-16 14:17:04 - [MESSAGE][PASSED] - Verify element property value successfully

2023-10-16 14:17:04 - [TEST_STEP][PASSED] - verifyElementPropertyValue(getResponse, "offers[12].groups[0].pricingPlans[0].pricingPlanData[0].visualElements[2].value", "https://static.s3.shahid.mbc.net/widget-images/icons/iconCreditCard.png"): Verify element property value successfully

2023-10-16 14:17:04 - [MESSAGE][PASSED] - Verify element property value successfully

2023-10-16 14:17:04 - [TEST_STEP][PASSED] - verifyElementPropertyValue(getResponse, "offers[13].offerId", "byg-sport-50-offer"): Verify element property value successfully

2023-10-16 14:17:04 - [MESSAGE][PASSED] - Verify element property value successfully

2023-10-16 14:17:04 - [TEST_STEP][PASSED] - verifyElementPropertyValue(getResponse, "offers[13].offerParam", "bygsportsoffer50"): Verify element property value successfully

2023-10-16 14:17:04 - [MESSAGE][PASSED] - Verify element property value successfully

2023-10-16 14:17:04 - [TEST_STEP][PASSED] - verifyElementPropertyValue(getResponse, "offers[13].groups[0].pricingPlans[0].featured", "true"): Verify element property value successfully

2023-10-16 14:17:04 - [MESSAGE][PASSED] - Verify element property value successfully

2023-10-16 14:17:04 - [TEST_STEP][PASSED] - verifyElementPropertyValue(getResponse, "offers[13].groups[0].pricingPlans[0].period", "monthly"): Verify element property value successfully

2023-10-16 14:17:04 - [MESSAGE][PASSED] - Verify element property value successfully

2023-10-16 14:17:04 - [TEST_STEP][PASSED] - verifyElementPropertyValue(getResponse, "offers[13].groups[0].pricingPlans[0].featured", "true"): Verify element property value successfully

2023-10-16 14:17:04 - [MESSAGE][PASSED] - Verify element property value successfully

2023-10-16 14:17:04 - [TEST_STEP][PASSED] - verifyElementPropertyValue(getResponse, "offers[13].groups[0].pricingPlans[0].price", "4.79"): Verify element property value successfully

2023-10-16 14:17:04 - [MESSAGE][PASSED] - Verify element property value successfully

2023-10-16 14:17:04 - [TEST_STEP][PASSED] - verifyElementPropertyValue(getResponse, "offers[13].groups[0].pricingPlans[0].currency", "$"): Verify element property value successfully

2023-10-16 14:17:04 - [MESSAGE][PASSED] - Verify element property value successfully

2023-10-16 14:17:04 - [TEST_STEP][PASSED] - verifyElementPropertyValue(getResponse, "offers[13].groups[0].pricingPlans[0].order", "0"): Verify element property value successfully

2023-10-16 14:17:04 - [MESSAGE][PASSED] - Verify element property value successfully

2023-10-16 14:17:04 - [TEST_STEP][PASSED] - verifyElementPropertyValue(getResponse, "offers[13].groups[0].pricingPlans[0].packageId", "SHAHID_VIP_SPORT"): Verify element property value successfully

2023-10-16 14:17:04 - [MESSAGE][PASSED] - Verify element property value successfully

2023-10-16 14:17:04 - [TEST_STEP][PASSED] - verifyElementPropertyValue(getResponse, "offers[13].groups[0].pricingPlans[0].catalogId", "SPORT"): Verify element property value successfully

2023-10-16 14:17:04 - [MESSAGE][PASSED] - Verify element property value successfully

2023-10-16 14:17:04 - [TEST_STEP][PASSED] - verifyElementPropertyValue(getResponse, "offers[13].groups[0].pricingPlans[0].visualElements[0].key", "Header_1_text"): Verify element property value successfully

2023-10-16 14:17:04 - [MESSAGE][PASSED] - Verify element property value successfully

2023-10-16 14:17:04 - [TEST_STEP][PASSED] - verifyElementPropertyValue(getResponse, "offers[13].groups[0].pricingPlans[0].visualElements[0].value", "Watch the most powerful series and movies exclusively without stopping"): Verify element property value successfully

2023-10-16 14:17:04 - [MESSAGE][PASSED] - Verify element property value successfully

2023-10-16 14:17:04 - [TEST_STEP][PASSED] - verifyElementPropertyValue(getResponse, "offers[13].groups[0].pricingPlans[0].visualElements[1].key", "display_title"): Verify element property value successfully

2023-10-16 14:17:04 - [MESSAGE][PASSED] - Verify element property value successfully

2023-10-16 14:17:04 - [TEST_STEP][FAILED] - verifyElementPropertyValue(getResponse, "offers[13].groups[0].pricingPlans[0].visualElements[1].value", "50% Discount Offer"): Expected element property value '50% Discount Offer' is not equal with actual property value '50% Discount Offer​'

2023-10-16 14:17:04 - [MESSAGE][FAILED] - Expected element property value '50% Discount Offer' is not equal with actual property value '50% Discount Offer​'

2023-10-16 14:17:04 - [TEST_STEP][PASSED] - verifyElementPropertyValue(getResponse, "offers[13].groups[0].pricingPlans[0].visualElements[3].key", "deduction_text"): Verify element property value successfully

2023-10-16 14:17:04 - [MESSAGE][PASSED] - Verify element property value successfully

2023-10-16 14:17:04 - [TEST_STEP][PASSED] - verifyElementPropertyValue(getResponse, "offers[13].groups[0].pricingPlans[0].visualElements[3].value", "billed every month"): Verify element property value successfully

2023-10-16 14:17:04 - [MESSAGE][PASSED] - Verify element property value successfully

2023-10-16 14:17:04 - [TEST_STEP][PASSED] - verifyElementPropertyValue(getResponse, "offers[13].groups[0].pricingPlans[0].visualElements[6].key", "show_payment_logo"): Verify element property value successfully

2023-10-16 14:17:04 - [MESSAGE][PASSED] - Verify element property value successfully

2023-10-16 14:17:04 - [TEST_STEP][PASSED] - verifyElementPropertyValue(getResponse, "offers[13].groups[0].pricingPlans[0].visualElements[6].value", "true"): Verify element property value successfully

2023-10-16 14:17:04 - [MESSAGE][PASSED] - Verify element property value successfully

2023-10-16 14:17:04 - [TEST_STEP][PASSED] - verifyElementPropertyValue(getResponse, "offers[13].groups[0].pricingPlans[0].visualElements[8].key", "price"): Verify element property value successfully

2023-10-16 14:17:04 - [MESSAGE][PASSED] - Verify element property value successfully

2023-10-16 14:17:04 - [TEST_STEP][PASSED] - verifyElementPropertyValue(getResponse, "offers[13].groups[0].pricingPlans[0].visualElements[8].value", "4.79"): Verify element property value successfully

2023-10-16 14:17:04 - [MESSAGE][PASSED] - Verify element property value successfully

2023-10-16 14:17:04 - [TEST_STEP][PASSED] - verifyElementPropertyValue(getResponse, "offers[13].groups[0].pricingPlans[0].visualElements[9].key", "currency"): Verify element property value successfully

2023-10-16 14:17:04 - [MESSAGE][PASSED] - Verify element property value successfully

2023-10-16 14:17:04 - [TEST_STEP][PASSED] - verifyElementPropertyValue(getResponse, "offers[13].groups[0].pricingPlans[0].visualElements[9].value", "$"): Verify element property value successfully

2023-10-16 14:17:04 - [MESSAGE][PASSED] - Verify element property value successfully

2023-10-16 14:17:04 - [TEST_STEP][PASSED] - verifyElementPropertyValue(getResponse, "offers[13].groups[0].pricingPlans[0].visualElements[10].key", "duration"): Verify element property value successfully

2023-10-16 14:17:04 - [MESSAGE][PASSED] - Verify element property value successfully

2023-10-16 14:17:04 - [TEST_STEP][PASSED] - verifyElementPropertyValue(getResponse, "offers[13].groups[0].pricingPlans[0].visualElements[10].value", "Monthly"): Verify element property value successfully

2023-10-16 14:17:04 - [MESSAGE][PASSED] - Verify element property value successfully

2023-10-16 14:17:04 - [TEST_STEP][PASSED] - verifyElementPropertyValue(getResponse, "offers[13].groups[0].pricingPlans[0].visualElements[11].key", "featured_tag_text"): Verify element property value successfully

2023-10-16 14:17:04 - [MESSAGE][PASSED] - Verify element property value successfully

2023-10-16 14:17:04 - [TEST_STEP][PASSED] - verifyElementPropertyValue(getResponse, "offers[13].groups[0].pricingPlans[0].visualElements[11].value", "Limited Time Offer"): Verify element property value successfully

2023-10-16 14:17:04 - [MESSAGE][PASSED] - Verify element property value successfully

2023-10-16 14:17:04 - [TEST_STEP][PASSED] - verifyElementPropertyValue(getResponse, "offers[13].groups[0].pricingPlans[0].visualElements[13].key", "tag_text"): Verify element property value successfully

2023-10-16 14:17:04 - [MESSAGE][PASSED] - Verify element property value successfully

2023-10-16 14:17:04 - [TEST_STEP][PASSED] - verifyElementPropertyValue(getResponse, "offers[13].groups[0].pricingPlans[0].visualElements[13].value", "Save 50%"): Verify element property value successfully

2023-10-16 14:17:04 - [MESSAGE][PASSED] - Verify element property value successfully

2023-10-16 14:17:04 - [TEST_STEP][PASSED] - verifyElementPropertyValue(getResponse, "offers[13].groups[0].pricingPlans[0].visualElements[12].key", "show_tag"): Verify element property value successfully

2023-10-16 14:17:04 - [MESSAGE][PASSED] - Verify element property value successfully

2023-10-16 14:17:04 - [TEST_STEP][PASSED] - verifyElementPropertyValue(getResponse, "offers[13].groups[0].pricingPlans[0].visualElements[12].value", "true"): Verify element property value successfully

2023-10-16 14:17:04 - [MESSAGE][PASSED] - Verify element property value successfully

2023-10-16 14:17:04 - [TEST_STEP][PASSED] - verifyElementPropertyValue(getResponse, "offers[13].groups[0].pricingPlans[0].pricingPlanData[0].productId", "LBN_B2C_SHAHID_VIP_SPORT_1M"): Verify element property value successfully

2023-10-16 14:17:04 - [MESSAGE][PASSED] - Verify element property value successfully

2023-10-16 14:17:04 - [TEST_STEP][PASSED] - verifyElementPropertyValue(getResponse, "offers[13].groups[0].pricingPlans[0].pricingPlanData[0].paymentMethod", "CREDIT_CARD"): Verify element property value successfully

2023-10-16 14:17:04 - [MESSAGE][PASSED] - Verify element property value successfully

2023-10-16 14:17:04 - [TEST_STEP][PASSED] - verifyElementPropertyValue(getResponse, "offers[13].groups[0].pricingPlans[0].pricingPlanData[0].freeTrialEnabled", "false"): Verify element property value successfully

2023-10-16 14:17:04 - [MESSAGE][PASSED] - Verify element property value successfully

2023-10-16 14:17:04 - [TEST_STEP][PASSED] - verifyElementPropertyValue(getResponse, "offers[13].groups[0].pricingPlans[0].pricingPlanData[0].showIn[0]", "VERTICAL_MODE"): Verify element property value successfully

2023-10-16 14:17:04 - [MESSAGE][PASSED] - Verify element property value successfully

2023-10-16 14:17:04 - [TEST_STEP][PASSED] - verifyElementPropertyValue(getResponse, "offers[13].groups[0].pricingPlans[0].pricingPlanData[0].showIn[1]", "HORIZONTAL_MODE"): Verify element property value successfully

2023-10-16 14:17:04 - [MESSAGE][PASSED] - Verify element property value successfully

2023-10-16 14:17:04 - [TEST_STEP][PASSED] - verifyElementPropertyValue(getResponse, "offers[13].groups[0].pricingPlans[0].pricingPlanData[0].priceLabel", "4.79"): Verify element property value successfully

2023-10-16 14:17:04 - [MESSAGE][PASSED] - Verify element property value successfully

2023-10-16 14:17:04 - [TEST_STEP][PASSED] - verifyElementPropertyValue(getResponse, "offers[13].groups[0].pricingPlans[0].pricingPlanData[0].currencyLabel", "$"): Verify element property value successfully

2023-10-16 14:17:04 - [MESSAGE][PASSED] - Verify element property value successfully

2023-10-16 14:17:04 - [TEST_STEP][PASSED] - verifyElementPropertyValue(getResponse, "offers[13].groups[0].pricingPlans[0].pricingPlanData[0].dealId", "BYG_SPORT_50P_LBN"): Verify element property value successfully

2023-10-16 14:17:04 - [MESSAGE][PASSED] - Verify element property value successfully

2023-10-16 14:17:04 - [TEST_STEP][PASSED] - verifyElementPropertyValue(getResponse, "offers[13].groups[0].pricingPlans[0].pricingPlanData[0].allowedForAcquisition", "true"): Verify element property value successfully

2023-10-16 14:17:04 - [MESSAGE][PASSED] - Verify element property value successfully

2023-10-16 14:17:04 - [TEST_STEP][PASSED] - verifyElementPropertyValue(getResponse, "offers[13].groups[0].pricingPlans[0].pricingPlanData[0].visualElements[0].key", "title"): Verify element property value successfully

2023-10-16 14:17:04 - [MESSAGE][PASSED] - Verify element property value successfully

2023-10-16 14:17:04 - [TEST_STEP][PASSED] - verifyElementPropertyValue(getResponse, "offers[13].groups[0].pricingPlans[0].pricingPlanData[0].visualElements[0].value", "Credit/Debit Card"): Verify element property value successfully

2023-10-16 14:17:04 - [MESSAGE][PASSED] - Verify element property value successfully

2023-10-16 14:17:04 - [TEST_STEP][PASSED] - verifyElementPropertyValue(getResponse, "offers[13].groups[0].pricingPlans[0].pricingPlanData[0].visualElements[1].key", "CTA_text"): Verify element property value successfully

2023-10-16 14:17:04 - [MESSAGE][PASSED] - Verify element property value successfully

2023-10-16 14:17:04 - [TEST_STEP][PASSED] - verifyElementPropertyValue(getResponse, "offers[13].groups[0].pricingPlans[0].pricingPlanData[0].visualElements[1].value", "Subscribe"): Verify element property value successfully

2023-10-16 14:17:04 - [MESSAGE][PASSED] - Verify element property value successfully

2023-10-16 14:17:04 - [TEST_STEP][PASSED] - verifyElementPropertyValue(getResponse, "offers[13].groups[0].pricingPlans[0].pricingPlanData[0].visualElements[2].key", "logo"): Verify element property value successfully

2023-10-16 14:17:04 - [MESSAGE][PASSED] - Verify element property value successfully

2023-10-16 14:17:04 - [TEST_STEP][PASSED] - verifyElementPropertyValue(getResponse, "offers[13].groups[0].pricingPlans[0].pricingPlanData[0].visualElements[2].value", "https://static.s3.shahid.mbc.net/widget-images/icons/iconCreditCard.png"): Verify element property value successfully

2023-10-16 14:17:04 - [MESSAGE][PASSED] - Verify element property value successfully]]></system-out>
         <system-err><![CDATA[2023-10-16 14:17:01 - [TEST_CASE][FAILED] - Test Cases/WEB - CHROME/LBN PI/WEB_EN_getOffersForLBN_SPORT: Test Cases/WEB - CHROME/LBN PI/WEB_EN_getOffersForLBN_SPORT FAILED.
Reason:
com.kms.katalon.core.exception.StepFailedException: Expected element property value '30% Discount Offer' is not equal with actual property value '30% Discount Offer​'
	at com.kms.katalon.core.keyword.internal.KeywordMain.stepFailed(KeywordMain.groovy:39)
	at com.kms.katalon.core.webservice.keyword.builtin.VerifyElementPropertyValueKeyword$_verifyElementPropertyValue_closure1.doCall(VerifyElementPropertyValueKeyword.groovy:56)
	at com.kms.katalon.core.webservice.keyword.builtin.VerifyElementPropertyValueKeyword$_verifyElementPropertyValue_closure1.call(VerifyElementPropertyValueKeyword.groovy)
	at com.kms.katalon.core.keyword.internal.KeywordMain.runKeyword(KeywordMain.groovy:75)
	at com.kms.katalon.core.webservice.keyword.builtin.VerifyElementPropertyValueKeyword.verifyElementPropertyValue(VerifyElementPropertyValueKeyword.groovy:48)
	at com.kms.katalon.core.webservice.keyword.builtin.VerifyElementPropertyValueKeyword.execute(VerifyElementPropertyValueKeyword.groovy:43)
	at com.kms.katalon.core.keyword.internal.KeywordExecutor.executeKeywordForPlatform(KeywordExecutor.groovy:74)
	at com.kms.katalon.core.webservice.keyword.WSBuiltInKeywords.verifyElementPropertyValue(WSBuiltInKeywords.groovy:190)
	at com.kms.katalon.core.webservice.keyword.WSBuiltInKeywords$verifyElementPropertyValue$1.call(Unknown Source)
	at WEB_EN_getOffersForLBN_SPORT.run(WEB_EN_getOffersForLBN_SPORT:45)
	at com.kms.katalon.core.main.ScriptEngine.run(ScriptEngine.java:194)
	at com.kms.katalon.core.main.ScriptEngine.runScriptAsRawText(ScriptEngine.java:119)
	at com.kms.katalon.core.main.TestCaseExecutor.runScript(TestCaseExecutor.java:448)
	at com.kms.katalon.core.main.TestCaseExecutor.doExecute(TestCaseExecutor.java:439)
	at com.kms.katalon.core.main.TestCaseExecutor.processExecutionPhase(TestCaseExecutor.java:418)
	at com.kms.katalon.core.main.TestCaseExecutor.accessMainPhase(TestCaseExecutor.java:410)
	at com.kms.katalon.core.main.TestCaseExecutor.execute(TestCaseExecutor.java:285)
	at com.kms.katalon.core.common.CommonExecutor.accessTestCaseMainPhase(CommonExecutor.java:65)
	at com.kms.katalon.core.main.TestSuiteExecutor.accessTestSuiteMainPhase(TestSuiteExecutor.java:148)
	at com.kms.katalon.core.main.TestSuiteExecutor.execute(TestSuiteExecutor.java:106)
	at com.kms.katalon.core.main.TestCaseMain.startTestSuite(TestCaseMain.java:187)
	at com.kms.katalon.core.main.TestCaseMain$startTestSuite$0.call(Unknown Source)
	at TempTestSuite1697454215032.run(TempTestSuite1697454215032.groovy:36)]]></system-err>
      </testcase>
      <testcase name="Test Cases/WEB - CHROME/LBN PI/WEB_EN_getOffersForLBN_VIP" time="3.329" classname="Test Cases/WEB - CHROME/LBN PI/WEB_EN_getOffersForLBN_VIP" status="FAILED">
         <failure type="FAILED" message="Test Cases/WEB - CHROME/LBN PI/WEB_EN_getOffersForLBN_VIP FAILED.
Reason:
com.kms.katalon.core.exception.StepFailedException: Expected element property value '30% Discount Offer' is not equal with actual property value '30% Discount Offer​'
	at com.kms.katalon.core.keyword.internal.KeywordMain.stepFailed(KeywordMain.groovy:39)
	at com.kms.katalon.core.webservice.keyword.builtin.VerifyElementPropertyValueKeyword$_verifyElementPropertyValue_closure1.doCall(VerifyElementPropertyValueKeyword.groovy:56)
	at com.kms.katalon.core.webservice.keyword.builtin.VerifyElementPropertyValueKeyword$_verifyElementPropertyValue_closure1.call(VerifyElementPropertyValueKeyword.groovy)
	at com.kms.katalon.core.keyword.internal.KeywordMain.runKeyword(KeywordMain.groovy:75)
	at com.kms.katalon.core.webservice.keyword.builtin.VerifyElementPropertyValueKeyword.verifyElementPropertyValue(VerifyElementPropertyValueKeyword.groovy:48)
	at com.kms.katalon.core.webservice.keyword.builtin.VerifyElementPropertyValueKeyword.execute(VerifyElementPropertyValueKeyword.groovy:43)
	at com.kms.katalon.core.keyword.internal.KeywordExecutor.executeKeywordForPlatform(KeywordExecutor.groovy:74)
	at com.kms.katalon.core.webservice.keyword.WSBuiltInKeywords.verifyElementPropertyValue(WSBuiltInKeywords.groovy:190)
	at com.kms.katalon.core.webservice.keyword.WSBuiltInKeywords$verifyElementPropertyValue$1.call(Unknown Source)
	at WEB_EN_getOffersForLBN_VIP.run(WEB_EN_getOffersForLBN_VIP:61)
	at com.kms.katalon.core.main.ScriptEngine.run(ScriptEngine.java:194)
	at com.kms.katalon.core.main.ScriptEngine.runScriptAsRawText(ScriptEngine.java:119)
	at com.kms.katalon.core.main.TestCaseExecutor.runScript(TestCaseExecutor.java:448)
	at com.kms.katalon.core.main.TestCaseExecutor.doExecute(TestCaseExecutor.java:439)
	at com.kms.katalon.core.main.TestCaseExecutor.processExecutionPhase(TestCaseExecutor.java:418)
	at com.kms.katalon.core.main.TestCaseExecutor.accessMainPhase(TestCaseExecutor.java:410)
	at com.kms.katalon.core.main.TestCaseExecutor.execute(TestCaseExecutor.java:285)
	at com.kms.katalon.core.common.CommonExecutor.accessTestCaseMainPhase(CommonExecutor.java:65)
	at com.kms.katalon.core.main.TestSuiteExecutor.accessTestSuiteMainPhase(TestSuiteExecutor.java:148)
	at com.kms.katalon.core.main.TestSuiteExecutor.execute(TestSuiteExecutor.java:106)
	at com.kms.katalon.core.main.TestCaseMain.startTestSuite(TestCaseMain.java:187)
	at com.kms.katalon.core.main.TestCaseMain$startTestSuite$0.call(Unknown Source)
	at TempTestSuite1697454215032.run(TempTestSuite1697454215032.groovy:36)
"/>
         <system-out><![CDATA[2023-10-16 14:17:04 - [TEST_CASE][FAILED] - Test Cases/WEB - CHROME/LBN PI/WEB_EN_getOffersForLBN_VIP: Test Cases/WEB - CHROME/LBN PI/WEB_EN_getOffersForLBN_VIP FAILED.
Reason:
com.kms.katalon.core.exception.StepFailedException: Expected element property value '30% Discount Offer' is not equal with actual property value '30% Discount Offer​'
	at com.kms.katalon.core.keyword.internal.KeywordMain.stepFailed(KeywordMain.groovy:39)
	at com.kms.katalon.core.webservice.keyword.builtin.VerifyElementPropertyValueKeyword$_verifyElementPropertyValue_closure1.doCall(VerifyElementPropertyValueKeyword.groovy:56)
	at com.kms.katalon.core.webservice.keyword.builtin.VerifyElementPropertyValueKeyword$_verifyElementPropertyValue_closure1.call(VerifyElementPropertyValueKeyword.groovy)
	at com.kms.katalon.core.keyword.internal.KeywordMain.runKeyword(KeywordMain.groovy:75)
	at com.kms.katalon.core.webservice.keyword.builtin.VerifyElementPropertyValueKeyword.verifyElementPropertyValue(VerifyElementPropertyValueKeyword.groovy:48)
	at com.kms.katalon.core.webservice.keyword.builtin.VerifyElementPropertyValueKeyword.execute(VerifyElementPropertyValueKeyword.groovy:43)
	at com.kms.katalon.core.keyword.internal.KeywordExecutor.executeKeywordForPlatform(KeywordExecutor.groovy:74)
	at com.kms.katalon.core.webservice.keyword.WSBuiltInKeywords.verifyElementPropertyValue(WSBuiltInKeywords.groovy:190)
	at com.kms.katalon.core.webservice.keyword.WSBuiltInKeywords$verifyElementPropertyValue$1.call(Unknown Source)
	at WEB_EN_getOffersForLBN_VIP.run(WEB_EN_getOffersForLBN_VIP:61)
	at com.kms.katalon.core.main.ScriptEngine.run(ScriptEngine.java:194)
	at com.kms.katalon.core.main.ScriptEngine.runScriptAsRawText(ScriptEngine.java:119)
	at com.kms.katalon.core.main.TestCaseExecutor.runScript(TestCaseExecutor.java:448)
	at com.kms.katalon.core.main.TestCaseExecutor.doExecute(TestCaseExecutor.java:439)
	at com.kms.katalon.core.main.TestCaseExecutor.processExecutionPhase(TestCaseExecutor.java:418)
	at com.kms.katalon.core.main.TestCaseExecutor.accessMainPhase(TestCaseExecutor.java:410)
	at com.kms.katalon.core.main.TestCaseExecutor.execute(TestCaseExecutor.java:285)
	at com.kms.katalon.core.common.CommonExecutor.accessTestCaseMainPhase(CommonExecutor.java:65)
	at com.kms.katalon.core.main.TestSuiteExecutor.accessTestSuiteMainPhase(TestSuiteExecutor.java:148)
	at com.kms.katalon.core.main.TestSuiteExecutor.execute(TestSuiteExecutor.java:106)
	at com.kms.katalon.core.main.TestCaseMain.startTestSuite(TestCaseMain.java:187)
	at com.kms.katalon.core.main.TestCaseMain$startTestSuite$0.call(Unknown Source)
	at TempTestSuite1697454215032.run(TempTestSuite1697454215032.groovy:36)


2023-10-16 14:17:04 - [TEST_STEP][PASSED] - getResponse = config_files.getConfigFile.getConfig("WEB", "EN", "SHAHID_VIP", "LB", "false"): config_files.getConfigFile.getConfig is PASSED

2023-10-16 14:17:05 - [MESSAGE][INFO] - HAR: /Users/admin/git/shahid-configuration/Reports/20231016_140310/WEB/LBN/20231016_140335/requests/main/7.har

2023-10-16 14:17:05 - [MESSAGE][PASSED] - Send request successfully

2023-10-16 14:17:05 - [MESSAGE][PASSED] - config_files.getConfigFile.getConfig is PASSED

2023-10-16 14:17:05 - [TEST_STEP][PASSED] - verifyResponseStatusCode(getResponse, 200): Verify response status code successfully

2023-10-16 14:17:05 - [MESSAGE][PASSED] - Verify response status code successfully

2023-10-16 14:17:05 - [TEST_STEP][PASSED] - verifyElementPropertyValue(getResponse, "country", "LBN"): Verify element property value successfully

2023-10-16 14:17:05 - [MESSAGE][PASSED] - Verify element property value successfully

2023-10-16 14:17:05 - [TEST_STEP][PASSED] - verifyElementPropertyValue(getResponse, "platform", "[WEB]"): Verify element property value successfully

2023-10-16 14:17:05 - [MESSAGE][PASSED] - Verify element property value successfully

2023-10-16 14:17:05 - [TEST_STEP][PASSED] - verifyElementPropertyValue(getResponse, "offers[0].offerId", "winback-30-offer"): Verify element property value successfully

2023-10-16 14:17:05 - [MESSAGE][PASSED] - Verify element property value successfully

2023-10-16 14:17:05 - [TEST_STEP][PASSED] - verifyElementPropertyValue(getResponse, "offers[0].offerParam", "winback30"): Verify element property value successfully

2023-10-16 14:17:05 - [MESSAGE][PASSED] - Verify element property value successfully

2023-10-16 14:17:05 - [TEST_STEP][PASSED] - verifyElementPropertyValue(getResponse, "offers[0].groups[0].pricingPlans[0].featured", "true"): Verify element property value successfully

2023-10-16 14:17:05 - [MESSAGE][PASSED] - Verify element property value successfully

2023-10-16 14:17:05 - [TEST_STEP][PASSED] - verifyElementPropertyValue(getResponse, "offers[0].groups[0].pricingPlans[0].period", "monthly"): Verify element property value successfully

2023-10-16 14:17:05 - [MESSAGE][PASSED] - Verify element property value successfully

2023-10-16 14:17:05 - [TEST_STEP][PASSED] - verifyElementPropertyValue(getResponse, "offers[0].groups[0].pricingPlans[0].featured", "true"): Verify element property value successfully

2023-10-16 14:17:05 - [MESSAGE][PASSED] - Verify element property value successfully

2023-10-16 14:17:05 - [TEST_STEP][PASSED] - verifyElementPropertyValue(getResponse, "offers[0].groups[0].pricingPlans[0].price", "3.19"): Verify element property value successfully

2023-10-16 14:17:05 - [MESSAGE][PASSED] - Verify element property value successfully

2023-10-16 14:17:05 - [TEST_STEP][PASSED] - verifyElementPropertyValue(getResponse, "offers[0].groups[0].pricingPlans[0].currency", "USD"): Verify element property value successfully

2023-10-16 14:17:05 - [MESSAGE][PASSED] - Verify element property value successfully

2023-10-16 14:17:05 - [TEST_STEP][PASSED] - verifyElementPropertyValue(getResponse, "offers[0].groups[0].pricingPlans[0].order", "0"): Verify element property value successfully

2023-10-16 14:17:05 - [MESSAGE][PASSED] - Verify element property value successfully

2023-10-16 14:17:05 - [TEST_STEP][PASSED] - verifyElementPropertyValue(getResponse, "offers[0].groups[0].pricingPlans[0].packageId", "SHAHID_VIP"): Verify element property value successfully

2023-10-16 14:17:05 - [MESSAGE][PASSED] - Verify element property value successfully

2023-10-16 14:17:05 - [TEST_STEP][PASSED] - verifyElementPropertyValue(getResponse, "offers[0].groups[0].pricingPlans[0].catalogId", "VIP"): Verify element property value successfully

2023-10-16 14:17:05 - [MESSAGE][PASSED] - Verify element property value successfully

2023-10-16 14:17:05 - [TEST_STEP][PASSED] - verifyElementPropertyValue(getResponse, "offers[0].groups[0].pricingPlans[0].visualElements[0].key", "Header_1_text"): Verify element property value successfully

2023-10-16 14:17:05 - [MESSAGE][PASSED] - Verify element property value successfully

2023-10-16 14:17:05 - [TEST_STEP][PASSED] - verifyElementPropertyValue(getResponse, "offers[0].groups[0].pricingPlans[0].visualElements[0].value", "Watch the most powerful series and movies exclusively without stopping"): Verify element property value successfully

2023-10-16 14:17:05 - [MESSAGE][PASSED] - Verify element property value successfully

2023-10-16 14:17:05 - [TEST_STEP][PASSED] - verifyElementPropertyValue(getResponse, "offers[0].groups[0].pricingPlans[0].visualElements[1].key", "display_title"): Verify element property value successfully

2023-10-16 14:17:05 - [MESSAGE][PASSED] - Verify element property value successfully

2023-10-16 14:17:05 - [TEST_STEP][FAILED] - verifyElementPropertyValue(getResponse, "offers[0].groups[0].pricingPlans[0].visualElements[1].value", "30% Discount Offer"): Expected element property value '30% Discount Offer' is not equal with actual property value '30% Discount Offer​'

2023-10-16 14:17:05 - [MESSAGE][FAILED] - Expected element property value '30% Discount Offer' is not equal with actual property value '30% Discount Offer​'

2023-10-16 14:17:05 - [TEST_STEP][PASSED] - verifyElementPropertyValue(getResponse, "offers[0].groups[0].pricingPlans[0].visualElements[3].key", "deduction_text"): Verify element property value successfully

2023-10-16 14:17:05 - [MESSAGE][PASSED] - Verify element property value successfully

2023-10-16 14:17:05 - [TEST_STEP][PASSED] - verifyElementPropertyValue(getResponse, "offers[0].groups[0].pricingPlans[0].visualElements[3].value", "billed every month"): Verify element property value successfully

2023-10-16 14:17:05 - [MESSAGE][PASSED] - Verify element property value successfully

2023-10-16 14:17:05 - [TEST_STEP][PASSED] - verifyElementPropertyValue(getResponse, "offers[0].groups[0].pricingPlans[0].visualElements[6].key", "show_payment_logo"): Verify element property value successfully

2023-10-16 14:17:05 - [MESSAGE][PASSED] - Verify element property value successfully

2023-10-16 14:17:05 - [TEST_STEP][PASSED] - verifyElementPropertyValue(getResponse, "offers[0].groups[0].pricingPlans[0].visualElements[6].value", "true"): Verify element property value successfully

2023-10-16 14:17:05 - [MESSAGE][PASSED] - Verify element property value successfully

2023-10-16 14:17:05 - [TEST_STEP][PASSED] - verifyElementPropertyValue(getResponse, "offers[0].groups[0].pricingPlans[0].visualElements[8].key", "price"): Verify element property value successfully

2023-10-16 14:17:05 - [MESSAGE][PASSED] - Verify element property value successfully

2023-10-16 14:17:05 - [TEST_STEP][PASSED] - verifyElementPropertyValue(getResponse, "offers[0].groups[0].pricingPlans[0].visualElements[8].value", "3.19"): Verify element property value successfully

2023-10-16 14:17:05 - [MESSAGE][PASSED] - Verify element property value successfully

2023-10-16 14:17:05 - [TEST_STEP][PASSED] - verifyElementPropertyValue(getResponse, "offers[0].groups[0].pricingPlans[0].visualElements[9].key", "currency"): Verify element property value successfully

2023-10-16 14:17:05 - [MESSAGE][PASSED] - Verify element property value successfully

2023-10-16 14:17:05 - [TEST_STEP][PASSED] - verifyElementPropertyValue(getResponse, "offers[0].groups[0].pricingPlans[0].visualElements[9].value", "USD"): Verify element property value successfully

2023-10-16 14:17:05 - [MESSAGE][PASSED] - Verify element property value successfully

2023-10-16 14:17:05 - [TEST_STEP][PASSED] - verifyElementPropertyValue(getResponse, "offers[0].groups[0].pricingPlans[0].visualElements[10].key", "duration"): Verify element property value successfully

2023-10-16 14:17:05 - [MESSAGE][PASSED] - Verify element property value successfully

2023-10-16 14:17:05 - [TEST_STEP][PASSED] - verifyElementPropertyValue(getResponse, "offers[0].groups[0].pricingPlans[0].visualElements[10].value", "Monthly"): Verify element property value successfully

2023-10-16 14:17:05 - [MESSAGE][PASSED] - Verify element property value successfully

2023-10-16 14:17:05 - [TEST_STEP][PASSED] - verifyElementPropertyValue(getResponse, "offers[0].groups[0].pricingPlans[0].visualElements[11].key", "featured_tag_text"): Verify element property value successfully

2023-10-16 14:17:05 - [MESSAGE][PASSED] - Verify element property value successfully

2023-10-16 14:17:05 - [TEST_STEP][PASSED] - verifyElementPropertyValue(getResponse, "offers[0].groups[0].pricingPlans[0].visualElements[11].value", "Limited Time Offer"): Verify element property value successfully

2023-10-16 14:17:05 - [MESSAGE][PASSED] - Verify element property value successfully

2023-10-16 14:17:05 - [TEST_STEP][PASSED] - verifyElementPropertyValue(getResponse, "offers[0].groups[0].pricingPlans[0].visualElements[12].key", "show_tag"): Verify element property value successfully

2023-10-16 14:17:05 - [MESSAGE][PASSED] - Verify element property value successfully

2023-10-16 14:17:05 - [TEST_STEP][PASSED] - verifyElementPropertyValue(getResponse, "offers[0].groups[0].pricingPlans[0].visualElements[12].value", "true"): Verify element property value successfully

2023-10-16 14:17:05 - [MESSAGE][PASSED] - Verify element property value successfully

2023-10-16 14:17:05 - [TEST_STEP][PASSED] - verifyElementPropertyValue(getResponse, "offers[0].groups[0].pricingPlans[0].visualElements[13].key", "tag_text"): Verify element property value successfully

2023-10-16 14:17:05 - [MESSAGE][PASSED] - Verify element property value successfully

2023-10-16 14:17:05 - [TEST_STEP][PASSED] - verifyElementPropertyValue(getResponse, "offers[0].groups[0].pricingPlans[0].visualElements[13].value", "Save 30%"): Verify element property value successfully

2023-10-16 14:17:05 - [MESSAGE][PASSED] - Verify element property value successfully

2023-10-16 14:17:05 - [TEST_STEP][PASSED] - verifyElementPropertyValue(getResponse, "offers[0].groups[0].pricingPlans[0].pricingPlanData[0].productId", "LBN_B2C_SHAHID_VIP_1M"): Verify element property value successfully

2023-10-16 14:17:05 - [MESSAGE][PASSED] - Verify element property value successfully

2023-10-16 14:17:05 - [TEST_STEP][PASSED] - verifyElementPropertyValue(getResponse, "offers[0].groups[0].pricingPlans[0].pricingPlanData[0].paymentMethod", "CREDIT_CARD"): Verify element property value successfully

2023-10-16 14:17:05 - [MESSAGE][PASSED] - Verify element property value successfully

2023-10-16 14:17:05 - [TEST_STEP][PASSED] - verifyElementPropertyValue(getResponse, "offers[0].groups[0].pricingPlans[0].pricingPlanData[0].freeTrialEnabled", "false"): Verify element property value successfully

2023-10-16 14:17:05 - [MESSAGE][PASSED] - Verify element property value successfully

2023-10-16 14:17:05 - [TEST_STEP][PASSED] - verifyElementPropertyValue(getResponse, "offers[0].groups[0].pricingPlans[0].pricingPlanData[0].showIn[0]", "VERTICAL_MODE"): Verify element property value successfully

2023-10-16 14:17:05 - [MESSAGE][PASSED] - Verify element property value successfully

2023-10-16 14:17:05 - [TEST_STEP][PASSED] - verifyElementPropertyValue(getResponse, "offers[0].groups[0].pricingPlans[0].pricingPlanData[0].showIn[1]", "HORIZONTAL_MODE"): Verify element property value successfully

2023-10-16 14:17:05 - [MESSAGE][PASSED] - Verify element property value successfully

2023-10-16 14:17:05 - [TEST_STEP][PASSED] - verifyElementPropertyValue(getResponse, "offers[0].groups[0].pricingPlans[0].pricingPlanData[0].priceLabel", "3.19"): Verify element property value successfully

2023-10-16 14:17:05 - [MESSAGE][PASSED] - Verify element property value successfully

2023-10-16 14:17:05 - [TEST_STEP][PASSED] - verifyElementPropertyValue(getResponse, "offers[0].groups[0].pricingPlans[0].pricingPlanData[0].currencyLabel", "USD"): Verify element property value successfully

2023-10-16 14:17:05 - [MESSAGE][PASSED] - Verify element property value successfully

2023-10-16 14:17:05 - [TEST_STEP][PASSED] - verifyElementPropertyValue(getResponse, "offers[0].groups[0].pricingPlans[0].pricingPlanData[0].dealId", "RE_30P_LBN"): Verify element property value successfully

2023-10-16 14:17:05 - [MESSAGE][PASSED] - Verify element property value successfully

2023-10-16 14:17:05 - [TEST_STEP][PASSED] - verifyElementPropertyValue(getResponse, "offers[0].groups[0].pricingPlans[0].pricingPlanData[0].allowedForAcquisition", "true"): Verify element property value successfully

2023-10-16 14:17:05 - [MESSAGE][PASSED] - Verify element property value successfully

2023-10-16 14:17:05 - [TEST_STEP][PASSED] - verifyElementPropertyValue(getResponse, "offers[0].groups[0].pricingPlans[0].pricingPlanData[0].visualElements[0].key", "title"): Verify element property value successfully

2023-10-16 14:17:05 - [MESSAGE][PASSED] - Verify element property value successfully

2023-10-16 14:17:05 - [TEST_STEP][PASSED] - verifyElementPropertyValue(getResponse, "offers[0].groups[0].pricingPlans[0].pricingPlanData[0].visualElements[0].value", "Credit/Debit Card"): Verify element property value successfully

2023-10-16 14:17:05 - [MESSAGE][PASSED] - Verify element property value successfully

2023-10-16 14:17:05 - [TEST_STEP][PASSED] - verifyElementPropertyValue(getResponse, "offers[0].groups[0].pricingPlans[0].pricingPlanData[0].visualElements[1].key", "CTA_text"): Verify element property value successfully

2023-10-16 14:17:05 - [MESSAGE][PASSED] - Verify element property value successfully

2023-10-16 14:17:05 - [TEST_STEP][PASSED] - verifyElementPropertyValue(getResponse, "offers[0].groups[0].pricingPlans[0].pricingPlanData[0].visualElements[1].value", "Subscribe"): Verify element property value successfully

2023-10-16 14:17:05 - [MESSAGE][PASSED] - Verify element property value successfully

2023-10-16 14:17:05 - [TEST_STEP][PASSED] - verifyElementPropertyValue(getResponse, "offers[0].groups[0].pricingPlans[0].pricingPlanData[0].visualElements[2].key", "logo"): Verify element property value successfully

2023-10-16 14:17:05 - [MESSAGE][PASSED] - Verify element property value successfully

2023-10-16 14:17:05 - [TEST_STEP][PASSED] - verifyElementPropertyValue(getResponse, "offers[0].groups[0].pricingPlans[0].pricingPlanData[0].visualElements[2].value", "https://static.s3.shahid.mbc.net/widget-images/icons/iconCreditCard.png"): Verify element property value successfully

2023-10-16 14:17:05 - [MESSAGE][PASSED] - Verify element property value successfully

2023-10-16 14:17:05 - [TEST_STEP][PASSED] - verifyElementPropertyValue(getResponse, "offers[1].offerId", "winback-40-offer"): Verify element property value successfully

2023-10-16 14:17:05 - [MESSAGE][PASSED] - Verify element property value successfully

2023-10-16 14:17:05 - [TEST_STEP][PASSED] - verifyElementPropertyValue(getResponse, "offers[1].offerParam", "winback40"): Verify element property value successfully

2023-10-16 14:17:06 - [MESSAGE][PASSED] - Verify element property value successfully

2023-10-16 14:17:06 - [TEST_STEP][PASSED] - verifyElementPropertyValue(getResponse, "offers[1].groups[0].pricingPlans[0].featured", "true"): Verify element property value successfully

2023-10-16 14:17:06 - [MESSAGE][PASSED] - Verify element property value successfully

2023-10-16 14:17:06 - [TEST_STEP][PASSED] - verifyElementPropertyValue(getResponse, "offers[1].groups[0].pricingPlans[0].period", "monthly"): Verify element property value successfully

2023-10-16 14:17:06 - [MESSAGE][PASSED] - Verify element property value successfully

2023-10-16 14:17:06 - [TEST_STEP][PASSED] - verifyElementPropertyValue(getResponse, "offers[1].groups[0].pricingPlans[0].featured", "true"): Verify element property value successfully

2023-10-16 14:17:06 - [MESSAGE][PASSED] - Verify element property value successfully

2023-10-16 14:17:06 - [TEST_STEP][PASSED] - verifyElementPropertyValue(getResponse, "offers[1].groups[0].pricingPlans[0].price", "2.69"): Verify element property value successfully

2023-10-16 14:17:06 - [MESSAGE][PASSED] - Verify element property value successfully

2023-10-16 14:17:06 - [TEST_STEP][PASSED] - verifyElementPropertyValue(getResponse, "offers[1].groups[0].pricingPlans[0].currency", "USD"): Verify element property value successfully

2023-10-16 14:17:06 - [MESSAGE][PASSED] - Verify element property value successfully

2023-10-16 14:17:06 - [TEST_STEP][PASSED] - verifyElementPropertyValue(getResponse, "offers[1].groups[0].pricingPlans[0].order", "0"): Verify element property value successfully

2023-10-16 14:17:06 - [MESSAGE][PASSED] - Verify element property value successfully

2023-10-16 14:17:06 - [TEST_STEP][PASSED] - verifyElementPropertyValue(getResponse, "offers[1].groups[0].pricingPlans[0].packageId", "SHAHID_VIP"): Verify element property value successfully

2023-10-16 14:17:06 - [MESSAGE][PASSED] - Verify element property value successfully

2023-10-16 14:17:06 - [TEST_STEP][PASSED] - verifyElementPropertyValue(getResponse, "offers[1].groups[0].pricingPlans[0].catalogId", "VIP"): Verify element property value successfully

2023-10-16 14:17:06 - [MESSAGE][PASSED] - Verify element property value successfully

2023-10-16 14:17:06 - [TEST_STEP][PASSED] - verifyElementPropertyValue(getResponse, "offers[1].groups[0].pricingPlans[0].visualElements[0].key", "Header_1_text"): Verify element property value successfully

2023-10-16 14:17:06 - [MESSAGE][PASSED] - Verify element property value successfully

2023-10-16 14:17:06 - [TEST_STEP][PASSED] - verifyElementPropertyValue(getResponse, "offers[1].groups[0].pricingPlans[0].visualElements[0].value", "Watch the most powerful series and movies exclusively without stopping"): Verify element property value successfully

2023-10-16 14:17:06 - [MESSAGE][PASSED] - Verify element property value successfully

2023-10-16 14:17:06 - [TEST_STEP][PASSED] - verifyElementPropertyValue(getResponse, "offers[1].groups[0].pricingPlans[0].visualElements[1].key", "display_title"): Verify element property value successfully

2023-10-16 14:17:06 - [MESSAGE][PASSED] - Verify element property value successfully

2023-10-16 14:17:06 - [TEST_STEP][FAILED] - verifyElementPropertyValue(getResponse, "offers[1].groups[0].pricingPlans[0].visualElements[1].value", "40% Discount Offer"): Expected element property value '40% Discount Offer' is not equal with actual property value '40% Discount Offer​'

2023-10-16 14:17:06 - [MESSAGE][FAILED] - Expected element property value '40% Discount Offer' is not equal with actual property value '40% Discount Offer​'

2023-10-16 14:17:06 - [TEST_STEP][PASSED] - verifyElementPropertyValue(getResponse, "offers[1].groups[0].pricingPlans[0].visualElements[3].key", "deduction_text"): Verify element property value successfully

2023-10-16 14:17:06 - [MESSAGE][PASSED] - Verify element property value successfully

2023-10-16 14:17:06 - [TEST_STEP][PASSED] - verifyElementPropertyValue(getResponse, "offers[1].groups[0].pricingPlans[0].visualElements[3].value", "billed every month"): Verify element property value successfully

2023-10-16 14:17:06 - [MESSAGE][PASSED] - Verify element property value successfully

2023-10-16 14:17:06 - [TEST_STEP][PASSED] - verifyElementPropertyValue(getResponse, "offers[1].groups[0].pricingPlans[0].visualElements[6].key", "show_payment_logo"): Verify element property value successfully

2023-10-16 14:17:06 - [MESSAGE][PASSED] - Verify element property value successfully

2023-10-16 14:17:06 - [TEST_STEP][PASSED] - verifyElementPropertyValue(getResponse, "offers[1].groups[0].pricingPlans[0].visualElements[6].value", "true"): Verify element property value successfully

2023-10-16 14:17:06 - [MESSAGE][PASSED] - Verify element property value successfully

2023-10-16 14:17:06 - [TEST_STEP][PASSED] - verifyElementPropertyValue(getResponse, "offers[1].groups[0].pricingPlans[0].visualElements[8].key", "price"): Verify element property value successfully

2023-10-16 14:17:06 - [MESSAGE][PASSED] - Verify element property value successfully

2023-10-16 14:17:06 - [TEST_STEP][PASSED] - verifyElementPropertyValue(getResponse, "offers[1].groups[0].pricingPlans[0].visualElements[8].value", "2.69"): Verify element property value successfully

2023-10-16 14:17:06 - [MESSAGE][PASSED] - Verify element property value successfully

2023-10-16 14:17:06 - [TEST_STEP][PASSED] - verifyElementPropertyValue(getResponse, "offers[1].groups[0].pricingPlans[0].visualElements[9].key", "currency"): Verify element property value successfully

2023-10-16 14:17:06 - [MESSAGE][PASSED] - Verify element property value successfully

2023-10-16 14:17:06 - [TEST_STEP][PASSED] - verifyElementPropertyValue(getResponse, "offers[1].groups[0].pricingPlans[0].visualElements[9].value", "USD"): Verify element property value successfully

2023-10-16 14:17:06 - [MESSAGE][PASSED] - Verify element property value successfully

2023-10-16 14:17:06 - [TEST_STEP][PASSED] - verifyElementPropertyValue(getResponse, "offers[1].groups[0].pricingPlans[0].visualElements[10].key", "duration"): Verify element property value successfully

2023-10-16 14:17:06 - [MESSAGE][PASSED] - Verify element property value successfully

2023-10-16 14:17:06 - [TEST_STEP][PASSED] - verifyElementPropertyValue(getResponse, "offers[1].groups[0].pricingPlans[0].visualElements[10].value", "Monthly"): Verify element property value successfully

2023-10-16 14:17:06 - [MESSAGE][PASSED] - Verify element property value successfully

2023-10-16 14:17:06 - [TEST_STEP][PASSED] - verifyElementPropertyValue(getResponse, "offers[1].groups[0].pricingPlans[0].visualElements[11].key", "featured_tag_text"): Verify element property value successfully

2023-10-16 14:17:06 - [MESSAGE][PASSED] - Verify element property value successfully

2023-10-16 14:17:06 - [TEST_STEP][PASSED] - verifyElementPropertyValue(getResponse, "offers[1].groups[0].pricingPlans[0].visualElements[11].value", "Limited Time Offer"): Verify element property value successfully

2023-10-16 14:17:06 - [MESSAGE][PASSED] - Verify element property value successfully

2023-10-16 14:17:06 - [TEST_STEP][PASSED] - verifyElementPropertyValue(getResponse, "offers[1].groups[0].pricingPlans[0].visualElements[13].key", "tag_text"): Verify element property value successfully

2023-10-16 14:17:06 - [MESSAGE][PASSED] - Verify element property value successfully

2023-10-16 14:17:06 - [TEST_STEP][PASSED] - verifyElementPropertyValue(getResponse, "offers[1].groups[0].pricingPlans[0].visualElements[13].value", "Save 40%"): Verify element property value successfully

2023-10-16 14:17:06 - [MESSAGE][PASSED] - Verify element property value successfully

2023-10-16 14:17:06 - [TEST_STEP][PASSED] - verifyElementPropertyValue(getResponse, "offers[1].groups[0].pricingPlans[0].visualElements[12].key", "show_tag"): Verify element property value successfully

2023-10-16 14:17:06 - [MESSAGE][PASSED] - Verify element property value successfully

2023-10-16 14:17:06 - [TEST_STEP][PASSED] - verifyElementPropertyValue(getResponse, "offers[1].groups[0].pricingPlans[0].visualElements[12].value", "true"): Verify element property value successfully

2023-10-16 14:17:06 - [MESSAGE][PASSED] - Verify element property value successfully

2023-10-16 14:17:06 - [TEST_STEP][PASSED] - verifyElementPropertyValue(getResponse, "offers[1].groups[0].pricingPlans[0].pricingPlanData[0].productId", "LBN_B2C_SHAHID_VIP_1M"): Verify element property value successfully

2023-10-16 14:17:06 - [MESSAGE][PASSED] - Verify element property value successfully

2023-10-16 14:17:06 - [TEST_STEP][PASSED] - verifyElementPropertyValue(getResponse, "offers[1].groups[0].pricingPlans[0].pricingPlanData[0].paymentMethod", "CREDIT_CARD"): Verify element property value successfully

2023-10-16 14:17:06 - [MESSAGE][PASSED] - Verify element property value successfully

2023-10-16 14:17:06 - [TEST_STEP][PASSED] - verifyElementPropertyValue(getResponse, "offers[1].groups[0].pricingPlans[0].pricingPlanData[0].freeTrialEnabled", "false"): Verify element property value successfully

2023-10-16 14:17:06 - [MESSAGE][PASSED] - Verify element property value successfully

2023-10-16 14:17:06 - [TEST_STEP][PASSED] - verifyElementPropertyValue(getResponse, "offers[1].groups[0].pricingPlans[0].pricingPlanData[0].showIn[0]", "VERTICAL_MODE"): Verify element property value successfully

2023-10-16 14:17:06 - [MESSAGE][PASSED] - Verify element property value successfully

2023-10-16 14:17:06 - [TEST_STEP][PASSED] - verifyElementPropertyValue(getResponse, "offers[1].groups[0].pricingPlans[0].pricingPlanData[0].showIn[1]", "HORIZONTAL_MODE"): Verify element property value successfully

2023-10-16 14:17:06 - [MESSAGE][PASSED] - Verify element property value successfully

2023-10-16 14:17:06 - [TEST_STEP][PASSED] - verifyElementPropertyValue(getResponse, "offers[1].groups[0].pricingPlans[0].pricingPlanData[0].priceLabel", "2.69"): Verify element property value successfully

2023-10-16 14:17:06 - [MESSAGE][PASSED] - Verify element property value successfully

2023-10-16 14:17:06 - [TEST_STEP][PASSED] - verifyElementPropertyValue(getResponse, "offers[1].groups[0].pricingPlans[0].pricingPlanData[0].currencyLabel", "USD"): Verify element property value successfully

2023-10-16 14:17:06 - [MESSAGE][PASSED] - Verify element property value successfully

2023-10-16 14:17:06 - [TEST_STEP][PASSED] - verifyElementPropertyValue(getResponse, "offers[1].groups[0].pricingPlans[0].pricingPlanData[0].dealId", "RE_40P_LBN"): Verify element property value successfully

2023-10-16 14:17:06 - [MESSAGE][PASSED] - Verify element property value successfully

2023-10-16 14:17:06 - [TEST_STEP][PASSED] - verifyElementPropertyValue(getResponse, "offers[1].groups[0].pricingPlans[0].pricingPlanData[0].allowedForAcquisition", "true"): Verify element property value successfully

2023-10-16 14:17:06 - [MESSAGE][PASSED] - Verify element property value successfully

2023-10-16 14:17:06 - [TEST_STEP][PASSED] - verifyElementPropertyValue(getResponse, "offers[1].groups[0].pricingPlans[0].pricingPlanData[0].visualElements[0].key", "title"): Verify element property value successfully

2023-10-16 14:17:06 - [MESSAGE][PASSED] - Verify element property value successfully

2023-10-16 14:17:06 - [TEST_STEP][PASSED] - verifyElementPropertyValue(getResponse, "offers[1].groups[0].pricingPlans[0].pricingPlanData[0].visualElements[0].value", "Credit/Debit Card"): Verify element property value successfully

2023-10-16 14:17:06 - [MESSAGE][PASSED] - Verify element property value successfully

2023-10-16 14:17:06 - [TEST_STEP][PASSED] - verifyElementPropertyValue(getResponse, "offers[1].groups[0].pricingPlans[0].pricingPlanData[0].visualElements[1].key", "CTA_text"): Verify element property value successfully

2023-10-16 14:17:06 - [MESSAGE][PASSED] - Verify element property value successfully

2023-10-16 14:17:06 - [TEST_STEP][PASSED] - verifyElementPropertyValue(getResponse, "offers[1].groups[0].pricingPlans[0].pricingPlanData[0].visualElements[1].value", "Subscribe"): Verify element property value successfully

2023-10-16 14:17:06 - [MESSAGE][PASSED] - Verify element property value successfully

2023-10-16 14:17:06 - [TEST_STEP][PASSED] - verifyElementPropertyValue(getResponse, "offers[1].groups[0].pricingPlans[0].pricingPlanData[0].visualElements[2].key", "logo"): Verify element property value successfully

2023-10-16 14:17:06 - [MESSAGE][PASSED] - Verify element property value successfully

2023-10-16 14:17:06 - [TEST_STEP][PASSED] - verifyElementPropertyValue(getResponse, "offers[1].groups[0].pricingPlans[0].pricingPlanData[0].visualElements[2].value", "https://static.s3.shahid.mbc.net/widget-images/icons/iconCreditCard.png"): Verify element property value successfully

2023-10-16 14:17:06 - [MESSAGE][PASSED] - Verify element property value successfully

2023-10-16 14:17:06 - [TEST_STEP][PASSED] - verifyElementPropertyValue(getResponse, "offers[2].offerId", "winback-50-offer"): Verify element property value successfully

2023-10-16 14:17:06 - [MESSAGE][PASSED] - Verify element property value successfully

2023-10-16 14:17:06 - [TEST_STEP][PASSED] - verifyElementPropertyValue(getResponse, "offers[2].offerParam", "winback50"): Verify element property value successfully

2023-10-16 14:17:06 - [MESSAGE][PASSED] - Verify element property value successfully

2023-10-16 14:17:06 - [TEST_STEP][PASSED] - verifyElementPropertyValue(getResponse, "offers[2].groups[0].pricingPlans[0].featured", "true"): Verify element property value successfully

2023-10-16 14:17:06 - [MESSAGE][PASSED] - Verify element property value successfully

2023-10-16 14:17:06 - [TEST_STEP][PASSED] - verifyElementPropertyValue(getResponse, "offers[2].groups[0].pricingPlans[0].period", "monthly"): Verify element property value successfully

2023-10-16 14:17:06 - [MESSAGE][PASSED] - Verify element property value successfully

2023-10-16 14:17:06 - [TEST_STEP][PASSED] - verifyElementPropertyValue(getResponse, "offers[2].groups[0].pricingPlans[0].featured", "true"): Verify element property value successfully

2023-10-16 14:17:06 - [MESSAGE][PASSED] - Verify element property value successfully

2023-10-16 14:17:06 - [TEST_STEP][PASSED] - verifyElementPropertyValue(getResponse, "offers[2].groups[0].pricingPlans[0].price", "2.29"): Verify element property value successfully

2023-10-16 14:17:06 - [MESSAGE][PASSED] - Verify element property value successfully

2023-10-16 14:17:06 - [TEST_STEP][PASSED] - verifyElementPropertyValue(getResponse, "offers[2].groups[0].pricingPlans[0].currency", "USD"): Verify element property value successfully

2023-10-16 14:17:06 - [MESSAGE][PASSED] - Verify element property value successfully

2023-10-16 14:17:06 - [TEST_STEP][PASSED] - verifyElementPropertyValue(getResponse, "offers[2].groups[0].pricingPlans[0].order", "0"): Verify element property value successfully

2023-10-16 14:17:06 - [MESSAGE][PASSED] - Verify element property value successfully

2023-10-16 14:17:06 - [TEST_STEP][PASSED] - verifyElementPropertyValue(getResponse, "offers[2].groups[0].pricingPlans[0].packageId", "SHAHID_VIP"): Verify element property value successfully

2023-10-16 14:17:06 - [MESSAGE][PASSED] - Verify element property value successfully

2023-10-16 14:17:06 - [TEST_STEP][PASSED] - verifyElementPropertyValue(getResponse, "offers[2].groups[0].pricingPlans[0].catalogId", "VIP"): Verify element property value successfully

2023-10-16 14:17:06 - [MESSAGE][PASSED] - Verify element property value successfully

2023-10-16 14:17:06 - [TEST_STEP][PASSED] - verifyElementPropertyValue(getResponse, "offers[2].groups[0].pricingPlans[0].visualElements[0].key", "Header_1_text"): Verify element property value successfully

2023-10-16 14:17:06 - [MESSAGE][PASSED] - Verify element property value successfully

2023-10-16 14:17:06 - [TEST_STEP][PASSED] - verifyElementPropertyValue(getResponse, "offers[2].groups[0].pricingPlans[0].visualElements[0].value", "Watch the most powerful series and movies exclusively without stopping"): Verify element property value successfully

2023-10-16 14:17:06 - [MESSAGE][PASSED] - Verify element property value successfully

2023-10-16 14:17:06 - [TEST_STEP][PASSED] - verifyElementPropertyValue(getResponse, "offers[2].groups[0].pricingPlans[0].visualElements[1].key", "display_title"): Verify element property value successfully

2023-10-16 14:17:06 - [MESSAGE][PASSED] - Verify element property value successfully

2023-10-16 14:17:06 - [TEST_STEP][FAILED] - verifyElementPropertyValue(getResponse, "offers[2].groups[0].pricingPlans[0].visualElements[1].value", "50% Discount Offer"): Expected element property value '50% Discount Offer' is not equal with actual property value '50% Discount Offer​'

2023-10-16 14:17:06 - [MESSAGE][FAILED] - Expected element property value '50% Discount Offer' is not equal with actual property value '50% Discount Offer​'

2023-10-16 14:17:06 - [TEST_STEP][PASSED] - verifyElementPropertyValue(getResponse, "offers[2].groups[0].pricingPlans[0].visualElements[3].key", "deduction_text"): Verify element property value successfully

2023-10-16 14:17:06 - [MESSAGE][PASSED] - Verify element property value successfully

2023-10-16 14:17:06 - [TEST_STEP][PASSED] - verifyElementPropertyValue(getResponse, "offers[2].groups[0].pricingPlans[0].visualElements[3].value", "billed every month"): Verify element property value successfully

2023-10-16 14:17:06 - [MESSAGE][PASSED] - Verify element property value successfully

2023-10-16 14:17:06 - [TEST_STEP][PASSED] - verifyElementPropertyValue(getResponse, "offers[2].groups[0].pricingPlans[0].visualElements[6].key", "show_payment_logo"): Verify element property value successfully

2023-10-16 14:17:06 - [MESSAGE][PASSED] - Verify element property value successfully

2023-10-16 14:17:06 - [TEST_STEP][PASSED] - verifyElementPropertyValue(getResponse, "offers[2].groups[0].pricingPlans[0].visualElements[6].value", "true"): Verify element property value successfully

2023-10-16 14:17:06 - [MESSAGE][PASSED] - Verify element property value successfully

2023-10-16 14:17:06 - [TEST_STEP][PASSED] - verifyElementPropertyValue(getResponse, "offers[2].groups[0].pricingPlans[0].visualElements[8].key", "price"): Verify element property value successfully

2023-10-16 14:17:06 - [MESSAGE][PASSED] - Verify element property value successfully

2023-10-16 14:17:06 - [TEST_STEP][PASSED] - verifyElementPropertyValue(getResponse, "offers[2].groups[0].pricingPlans[0].visualElements[8].value", "2.29"): Verify element property value successfully

2023-10-16 14:17:06 - [MESSAGE][PASSED] - Verify element property value successfully

2023-10-16 14:17:06 - [TEST_STEP][PASSED] - verifyElementPropertyValue(getResponse, "offers[2].groups[0].pricingPlans[0].visualElements[9].key", "currency"): Verify element property value successfully

2023-10-16 14:17:06 - [MESSAGE][PASSED] - Verify element property value successfully

2023-10-16 14:17:06 - [TEST_STEP][PASSED] - verifyElementPropertyValue(getResponse, "offers[2].groups[0].pricingPlans[0].visualElements[9].value", "USD"): Verify element property value successfully

2023-10-16 14:17:06 - [MESSAGE][PASSED] - Verify element property value successfully

2023-10-16 14:17:06 - [TEST_STEP][PASSED] - verifyElementPropertyValue(getResponse, "offers[2].groups[0].pricingPlans[0].visualElements[10].key", "duration"): Verify element property value successfully

2023-10-16 14:17:06 - [MESSAGE][PASSED] - Verify element property value successfully

2023-10-16 14:17:06 - [TEST_STEP][PASSED] - verifyElementPropertyValue(getResponse, "offers[2].groups[0].pricingPlans[0].visualElements[10].value", "Monthly"): Verify element property value successfully

2023-10-16 14:17:06 - [MESSAGE][PASSED] - Verify element property value successfully

2023-10-16 14:17:06 - [TEST_STEP][PASSED] - verifyElementPropertyValue(getResponse, "offers[2].groups[0].pricingPlans[0].visualElements[11].key", "featured_tag_text"): Verify element property value successfully

2023-10-16 14:17:06 - [MESSAGE][PASSED] - Verify element property value successfully

2023-10-16 14:17:06 - [TEST_STEP][PASSED] - verifyElementPropertyValue(getResponse, "offers[2].groups[0].pricingPlans[0].visualElements[11].value", "Limited Time Offer"): Verify element property value successfully

2023-10-16 14:17:06 - [MESSAGE][PASSED] - Verify element property value successfully

2023-10-16 14:17:06 - [TEST_STEP][PASSED] - verifyElementPropertyValue(getResponse, "offers[2].groups[0].pricingPlans[0].visualElements[13].key", "tag_text"): Verify element property value successfully

2023-10-16 14:17:06 - [MESSAGE][PASSED] - Verify element property value successfully

2023-10-16 14:17:06 - [TEST_STEP][PASSED] - verifyElementPropertyValue(getResponse, "offers[2].groups[0].pricingPlans[0].visualElements[13].value", "Save 50%"): Verify element property value successfully

2023-10-16 14:17:06 - [MESSAGE][PASSED] - Verify element property value successfully

2023-10-16 14:17:06 - [TEST_STEP][PASSED] - verifyElementPropertyValue(getResponse, "offers[2].groups[0].pricingPlans[0].visualElements[12].key", "show_tag"): Verify element property value successfully

2023-10-16 14:17:06 - [MESSAGE][PASSED] - Verify element property value successfully

2023-10-16 14:17:06 - [TEST_STEP][PASSED] - verifyElementPropertyValue(getResponse, "offers[2].groups[0].pricingPlans[0].visualElements[12].value", "true"): Verify element property value successfully

2023-10-16 14:17:06 - [MESSAGE][PASSED] - Verify element property value successfully

2023-10-16 14:17:06 - [TEST_STEP][PASSED] - verifyElementPropertyValue(getResponse, "offers[2].groups[0].pricingPlans[0].pricingPlanData[0].productId", "LBN_B2C_SHAHID_VIP_1M"): Verify element property value successfully

2023-10-16 14:17:06 - [MESSAGE][PASSED] - Verify element property value successfully

2023-10-16 14:17:06 - [TEST_STEP][PASSED] - verifyElementPropertyValue(getResponse, "offers[2].groups[0].pricingPlans[0].pricingPlanData[0].paymentMethod", "CREDIT_CARD"): Verify element property value successfully

2023-10-16 14:17:06 - [MESSAGE][PASSED] - Verify element property value successfully

2023-10-16 14:17:06 - [TEST_STEP][PASSED] - verifyElementPropertyValue(getResponse, "offers[2].groups[0].pricingPlans[0].pricingPlanData[0].freeTrialEnabled", "false"): Verify element property value successfully

2023-10-16 14:17:06 - [MESSAGE][PASSED] - Verify element property value successfully

2023-10-16 14:17:06 - [TEST_STEP][PASSED] - verifyElementPropertyValue(getResponse, "offers[2].groups[0].pricingPlans[0].pricingPlanData[0].showIn[0]", "VERTICAL_MODE"): Verify element property value successfully

2023-10-16 14:17:06 - [MESSAGE][PASSED] - Verify element property value successfully

2023-10-16 14:17:06 - [TEST_STEP][PASSED] - verifyElementPropertyValue(getResponse, "offers[2].groups[0].pricingPlans[0].pricingPlanData[0].showIn[1]", "HORIZONTAL_MODE"): Verify element property value successfully

2023-10-16 14:17:06 - [MESSAGE][PASSED] - Verify element property value successfully

2023-10-16 14:17:06 - [TEST_STEP][PASSED] - verifyElementPropertyValue(getResponse, "offers[2].groups[0].pricingPlans[0].pricingPlanData[0].priceLabel", "2.29"): Verify element property value successfully

2023-10-16 14:17:06 - [MESSAGE][PASSED] - Verify element property value successfully

2023-10-16 14:17:06 - [TEST_STEP][PASSED] - verifyElementPropertyValue(getResponse, "offers[2].groups[0].pricingPlans[0].pricingPlanData[0].currencyLabel", "USD"): Verify element property value successfully

2023-10-16 14:17:06 - [MESSAGE][PASSED] - Verify element property value successfully

2023-10-16 14:17:06 - [TEST_STEP][PASSED] - verifyElementPropertyValue(getResponse, "offers[2].groups[0].pricingPlans[0].pricingPlanData[0].dealId", "RE_50P_LBN"): Verify element property value successfully

2023-10-16 14:17:06 - [MESSAGE][PASSED] - Verify element property value successfully

2023-10-16 14:17:06 - [TEST_STEP][PASSED] - verifyElementPropertyValue(getResponse, "offers[2].groups[0].pricingPlans[0].pricingPlanData[0].allowedForAcquisition", "true"): Verify element property value successfully

2023-10-16 14:17:06 - [MESSAGE][PASSED] - Verify element property value successfully

2023-10-16 14:17:06 - [TEST_STEP][PASSED] - verifyElementPropertyValue(getResponse, "offers[2].groups[0].pricingPlans[0].pricingPlanData[0].visualElements[0].key", "title"): Verify element property value successfully

2023-10-16 14:17:06 - [MESSAGE][PASSED] - Verify element property value successfully

2023-10-16 14:17:06 - [TEST_STEP][PASSED] - verifyElementPropertyValue(getResponse, "offers[2].groups[0].pricingPlans[0].pricingPlanData[0].visualElements[0].value", "Credit/Debit Card"): Verify element property value successfully

2023-10-16 14:17:06 - [MESSAGE][PASSED] - Verify element property value successfully

2023-10-16 14:17:06 - [TEST_STEP][PASSED] - verifyElementPropertyValue(getResponse, "offers[2].groups[0].pricingPlans[0].pricingPlanData[0].visualElements[1].key", "CTA_text"): Verify element property value successfully

2023-10-16 14:17:06 - [MESSAGE][PASSED] - Verify element property value successfully

2023-10-16 14:17:06 - [TEST_STEP][PASSED] - verifyElementPropertyValue(getResponse, "offers[2].groups[0].pricingPlans[0].pricingPlanData[0].visualElements[1].value", "Subscribe"): Verify element property value successfully

2023-10-16 14:17:06 - [MESSAGE][PASSED] - Verify element property value successfully

2023-10-16 14:17:06 - [TEST_STEP][PASSED] - verifyElementPropertyValue(getResponse, "offers[2].groups[0].pricingPlans[0].pricingPlanData[0].visualElements[2].key", "logo"): Verify element property value successfully

2023-10-16 14:17:06 - [MESSAGE][PASSED] - Verify element property value successfully

2023-10-16 14:17:06 - [TEST_STEP][PASSED] - verifyElementPropertyValue(getResponse, "offers[2].groups[0].pricingPlans[0].pricingPlanData[0].visualElements[2].value", "https://static.s3.shahid.mbc.net/widget-images/icons/iconCreditCard.png"): Verify element property value successfully

2023-10-16 14:17:06 - [MESSAGE][PASSED] - Verify element property value successfully

2023-10-16 14:17:06 - [TEST_STEP][PASSED] - verifyElementPropertyValue(getResponse, "offers[8].offerId", "byg-30-offer"): Verify element property value successfully

2023-10-16 14:17:06 - [MESSAGE][PASSED] - Verify element property value successfully

2023-10-16 14:17:06 - [TEST_STEP][PASSED] - verifyElementPropertyValue(getResponse, "offers[8].offerParam", "bygoffer30"): Verify element property value successfully

2023-10-16 14:17:06 - [MESSAGE][PASSED] - Verify element property value successfully

2023-10-16 14:17:06 - [TEST_STEP][PASSED] - verifyElementPropertyValue(getResponse, "offers[8].groups[0].pricingPlans[0].featured", "true"): Verify element property value successfully

2023-10-16 14:17:06 - [MESSAGE][PASSED] - Verify element property value successfully

2023-10-16 14:17:06 - [TEST_STEP][PASSED] - verifyElementPropertyValue(getResponse, "offers[8].groups[0].pricingPlans[0].period", "monthly"): Verify element property value successfully

2023-10-16 14:17:06 - [MESSAGE][PASSED] - Verify element property value successfully

2023-10-16 14:17:06 - [TEST_STEP][PASSED] - verifyElementPropertyValue(getResponse, "offers[8].groups[0].pricingPlans[0].featured", "true"): Verify element property value successfully

2023-10-16 14:17:06 - [MESSAGE][PASSED] - Verify element property value successfully

2023-10-16 14:17:06 - [TEST_STEP][PASSED] - verifyElementPropertyValue(getResponse, "offers[8].groups[0].pricingPlans[0].price", "3.19"): Verify element property value successfully

2023-10-16 14:17:06 - [MESSAGE][PASSED] - Verify element property value successfully

2023-10-16 14:17:06 - [TEST_STEP][PASSED] - verifyElementPropertyValue(getResponse, "offers[8].groups[0].pricingPlans[0].currency", "$"): Verify element property value successfully

2023-10-16 14:17:06 - [MESSAGE][PASSED] - Verify element property value successfully

2023-10-16 14:17:06 - [TEST_STEP][PASSED] - verifyElementPropertyValue(getResponse, "offers[8].groups[0].pricingPlans[0].order", "0"): Verify element property value successfully

2023-10-16 14:17:06 - [MESSAGE][PASSED] - Verify element property value successfully

2023-10-16 14:17:06 - [TEST_STEP][PASSED] - verifyElementPropertyValue(getResponse, "offers[8].groups[0].pricingPlans[0].packageId", "SHAHID_VIP"): Verify element property value successfully

2023-10-16 14:17:06 - [MESSAGE][PASSED] - Verify element property value successfully

2023-10-16 14:17:06 - [TEST_STEP][PASSED] - verifyElementPropertyValue(getResponse, "offers[8].groups[0].pricingPlans[0].catalogId", "VIP"): Verify element property value successfully

2023-10-16 14:17:06 - [MESSAGE][PASSED] - Verify element property value successfully

2023-10-16 14:17:06 - [TEST_STEP][PASSED] - verifyElementPropertyValue(getResponse, "offers[8].groups[0].pricingPlans[0].visualElements[0].key", "Header_1_text"): Verify element property value successfully

2023-10-16 14:17:06 - [MESSAGE][PASSED] - Verify element property value successfully

2023-10-16 14:17:06 - [TEST_STEP][PASSED] - verifyElementPropertyValue(getResponse, "offers[8].groups[0].pricingPlans[0].visualElements[0].value", "Watch the most powerful series and movies exclusively without stopping"): Verify element property value successfully

2023-10-16 14:17:07 - [MESSAGE][PASSED] - Verify element property value successfully

2023-10-16 14:17:07 - [TEST_STEP][PASSED] - verifyElementPropertyValue(getResponse, "offers[8].groups[0].pricingPlans[0].visualElements[1].key", "display_title"): Verify element property value successfully

2023-10-16 14:17:07 - [MESSAGE][PASSED] - Verify element property value successfully

2023-10-16 14:17:07 - [TEST_STEP][FAILED] - verifyElementPropertyValue(getResponse, "offers[8].groups[0].pricingPlans[0].visualElements[1].value", "30% Discount Offer"): Expected element property value '30% Discount Offer' is not equal with actual property value '30% Discount Offer​'

2023-10-16 14:17:07 - [MESSAGE][FAILED] - Expected element property value '30% Discount Offer' is not equal with actual property value '30% Discount Offer​'

2023-10-16 14:17:07 - [TEST_STEP][PASSED] - verifyElementPropertyValue(getResponse, "offers[8].groups[0].pricingPlans[0].visualElements[3].key", "deduction_text"): Verify element property value successfully

2023-10-16 14:17:07 - [MESSAGE][PASSED] - Verify element property value successfully

2023-10-16 14:17:07 - [TEST_STEP][PASSED] - verifyElementPropertyValue(getResponse, "offers[8].groups[0].pricingPlans[0].visualElements[3].value", "billed every month"): Verify element property value successfully

2023-10-16 14:17:07 - [MESSAGE][PASSED] - Verify element property value successfully

2023-10-16 14:17:07 - [TEST_STEP][PASSED] - verifyElementPropertyValue(getResponse, "offers[8].groups[0].pricingPlans[0].visualElements[6].key", "show_payment_logo"): Verify element property value successfully

2023-10-16 14:17:07 - [MESSAGE][PASSED] - Verify element property value successfully

2023-10-16 14:17:07 - [TEST_STEP][PASSED] - verifyElementPropertyValue(getResponse, "offers[8].groups[0].pricingPlans[0].visualElements[6].value", "true"): Verify element property value successfully

2023-10-16 14:17:07 - [MESSAGE][PASSED] - Verify element property value successfully

2023-10-16 14:17:07 - [TEST_STEP][PASSED] - verifyElementPropertyValue(getResponse, "offers[8].groups[0].pricingPlans[0].visualElements[8].key", "price"): Verify element property value successfully

2023-10-16 14:17:07 - [MESSAGE][PASSED] - Verify element property value successfully

2023-10-16 14:17:07 - [TEST_STEP][PASSED] - verifyElementPropertyValue(getResponse, "offers[8].groups[0].pricingPlans[0].visualElements[8].value", "3.19"): Verify element property value successfully

2023-10-16 14:17:07 - [MESSAGE][PASSED] - Verify element property value successfully

2023-10-16 14:17:07 - [TEST_STEP][PASSED] - verifyElementPropertyValue(getResponse, "offers[8].groups[0].pricingPlans[0].visualElements[9].key", "currency"): Verify element property value successfully

2023-10-16 14:17:07 - [MESSAGE][PASSED] - Verify element property value successfully

2023-10-16 14:17:07 - [TEST_STEP][PASSED] - verifyElementPropertyValue(getResponse, "offers[8].groups[0].pricingPlans[0].visualElements[9].value", "$"): Verify element property value successfully

2023-10-16 14:17:07 - [MESSAGE][PASSED] - Verify element property value successfully

2023-10-16 14:17:07 - [TEST_STEP][PASSED] - verifyElementPropertyValue(getResponse, "offers[8].groups[0].pricingPlans[0].visualElements[10].key", "duration"): Verify element property value successfully

2023-10-16 14:17:07 - [MESSAGE][PASSED] - Verify element property value successfully

2023-10-16 14:17:07 - [TEST_STEP][PASSED] - verifyElementPropertyValue(getResponse, "offers[8].groups[0].pricingPlans[0].visualElements[10].value", "Monthly"): Verify element property value successfully

2023-10-16 14:17:07 - [MESSAGE][PASSED] - Verify element property value successfully

2023-10-16 14:17:07 - [TEST_STEP][PASSED] - verifyElementPropertyValue(getResponse, "offers[8].groups[0].pricingPlans[0].visualElements[11].key", "featured_tag_text"): Verify element property value successfully

2023-10-16 14:17:07 - [MESSAGE][PASSED] - Verify element property value successfully

2023-10-16 14:17:07 - [TEST_STEP][PASSED] - verifyElementPropertyValue(getResponse, "offers[8].groups[0].pricingPlans[0].visualElements[11].value", "Limited Time Offer"): Verify element property value successfully

2023-10-16 14:17:07 - [MESSAGE][PASSED] - Verify element property value successfully

2023-10-16 14:17:07 - [TEST_STEP][PASSED] - verifyElementPropertyValue(getResponse, "offers[8].groups[0].pricingPlans[0].visualElements[12].key", "show_tag"): Verify element property value successfully

2023-10-16 14:17:07 - [MESSAGE][PASSED] - Verify element property value successfully

2023-10-16 14:17:07 - [TEST_STEP][PASSED] - verifyElementPropertyValue(getResponse, "offers[8].groups[0].pricingPlans[0].visualElements[12].value", "true"): Verify element property value successfully

2023-10-16 14:17:07 - [MESSAGE][PASSED] - Verify element property value successfully

2023-10-16 14:17:07 - [TEST_STEP][PASSED] - verifyElementPropertyValue(getResponse, "offers[8].groups[0].pricingPlans[0].visualElements[13].key", "tag_text"): Verify element property value successfully

2023-10-16 14:17:07 - [MESSAGE][PASSED] - Verify element property value successfully

2023-10-16 14:17:07 - [TEST_STEP][PASSED] - verifyElementPropertyValue(getResponse, "offers[8].groups[0].pricingPlans[0].visualElements[13].value", "Save 30%"): Verify element property value successfully

2023-10-16 14:17:07 - [MESSAGE][PASSED] - Verify element property value successfully

2023-10-16 14:17:07 - [TEST_STEP][PASSED] - verifyElementPropertyValue(getResponse, "offers[8].groups[0].pricingPlans[0].pricingPlanData[0].productId", "LBN_B2C_SHAHID_VIP_1M"): Verify element property value successfully

2023-10-16 14:17:07 - [MESSAGE][PASSED] - Verify element property value successfully

2023-10-16 14:17:07 - [TEST_STEP][PASSED] - verifyElementPropertyValue(getResponse, "offers[8].groups[0].pricingPlans[0].pricingPlanData[0].paymentMethod", "CREDIT_CARD"): Verify element property value successfully

2023-10-16 14:17:07 - [MESSAGE][PASSED] - Verify element property value successfully

2023-10-16 14:17:07 - [TEST_STEP][PASSED] - verifyElementPropertyValue(getResponse, "offers[8].groups[0].pricingPlans[0].pricingPlanData[0].freeTrialEnabled", "false"): Verify element property value successfully

2023-10-16 14:17:07 - [MESSAGE][PASSED] - Verify element property value successfully

2023-10-16 14:17:07 - [TEST_STEP][PASSED] - verifyElementPropertyValue(getResponse, "offers[8].groups[0].pricingPlans[0].pricingPlanData[0].showIn[0]", "VERTICAL_MODE"): Verify element property value successfully

2023-10-16 14:17:07 - [MESSAGE][PASSED] - Verify element property value successfully

2023-10-16 14:17:07 - [TEST_STEP][PASSED] - verifyElementPropertyValue(getResponse, "offers[8].groups[0].pricingPlans[0].pricingPlanData[0].showIn[1]", "HORIZONTAL_MODE"): Verify element property value successfully

2023-10-16 14:17:07 - [MESSAGE][PASSED] - Verify element property value successfully

2023-10-16 14:17:07 - [TEST_STEP][PASSED] - verifyElementPropertyValue(getResponse, "offers[8].groups[0].pricingPlans[0].pricingPlanData[0].priceLabel", "3.19"): Verify element property value successfully

2023-10-16 14:17:07 - [MESSAGE][PASSED] - Verify element property value successfully

2023-10-16 14:17:07 - [TEST_STEP][PASSED] - verifyElementPropertyValue(getResponse, "offers[8].groups[0].pricingPlans[0].pricingPlanData[0].currencyLabel", "$"): Verify element property value successfully

2023-10-16 14:17:07 - [MESSAGE][PASSED] - Verify element property value successfully

2023-10-16 14:17:07 - [TEST_STEP][PASSED] - verifyElementPropertyValue(getResponse, "offers[8].groups[0].pricingPlans[0].pricingPlanData[0].dealId", "BYG_30P_LBN"): Verify element property value successfully

2023-10-16 14:17:07 - [MESSAGE][PASSED] - Verify element property value successfully

2023-10-16 14:17:07 - [TEST_STEP][PASSED] - verifyElementPropertyValue(getResponse, "offers[8].groups[0].pricingPlans[0].pricingPlanData[0].allowedForAcquisition", "true"): Verify element property value successfully

2023-10-16 14:17:07 - [MESSAGE][PASSED] - Verify element property value successfully

2023-10-16 14:17:07 - [TEST_STEP][PASSED] - verifyElementPropertyValue(getResponse, "offers[8].groups[0].pricingPlans[0].pricingPlanData[0].visualElements[0].key", "title"): Verify element property value successfully

2023-10-16 14:17:07 - [MESSAGE][PASSED] - Verify element property value successfully

2023-10-16 14:17:07 - [TEST_STEP][PASSED] - verifyElementPropertyValue(getResponse, "offers[8].groups[0].pricingPlans[0].pricingPlanData[0].visualElements[0].value", "Credit/Debit Card"): Verify element property value successfully

2023-10-16 14:17:07 - [MESSAGE][PASSED] - Verify element property value successfully

2023-10-16 14:17:07 - [TEST_STEP][PASSED] - verifyElementPropertyValue(getResponse, "offers[8].groups[0].pricingPlans[0].pricingPlanData[0].visualElements[1].key", "CTA_text"): Verify element property value successfully

2023-10-16 14:17:07 - [MESSAGE][PASSED] - Verify element property value successfully

2023-10-16 14:17:07 - [TEST_STEP][PASSED] - verifyElementPropertyValue(getResponse, "offers[8].groups[0].pricingPlans[0].pricingPlanData[0].visualElements[1].value", "Subscribe"): Verify element property value successfully

2023-10-16 14:17:07 - [MESSAGE][PASSED] - Verify element property value successfully

2023-10-16 14:17:07 - [TEST_STEP][PASSED] - verifyElementPropertyValue(getResponse, "offers[8].groups[0].pricingPlans[0].pricingPlanData[0].visualElements[2].key", "logo"): Verify element property value successfully

2023-10-16 14:17:07 - [MESSAGE][PASSED] - Verify element property value successfully

2023-10-16 14:17:07 - [TEST_STEP][PASSED] - verifyElementPropertyValue(getResponse, "offers[8].groups[0].pricingPlans[0].pricingPlanData[0].visualElements[2].value", "https://static.s3.shahid.mbc.net/widget-images/icons/iconCreditCard.png"): Verify element property value successfully

2023-10-16 14:17:07 - [MESSAGE][PASSED] - Verify element property value successfully

2023-10-16 14:17:07 - [TEST_STEP][PASSED] - verifyElementPropertyValue(getResponse, "offers[9].offerId", "byg-40-offer"): Verify element property value successfully

2023-10-16 14:17:07 - [MESSAGE][PASSED] - Verify element property value successfully

2023-10-16 14:17:07 - [TEST_STEP][PASSED] - verifyElementPropertyValue(getResponse, "offers[9].offerParam", "bygoffer40"): Verify element property value successfully

2023-10-16 14:17:07 - [MESSAGE][PASSED] - Verify element property value successfully

2023-10-16 14:17:07 - [TEST_STEP][PASSED] - verifyElementPropertyValue(getResponse, "offers[9].groups[0].pricingPlans[0].featured", "true"): Verify element property value successfully

2023-10-16 14:17:07 - [MESSAGE][PASSED] - Verify element property value successfully

2023-10-16 14:17:07 - [TEST_STEP][PASSED] - verifyElementPropertyValue(getResponse, "offers[9].groups[0].pricingPlans[0].period", "monthly"): Verify element property value successfully

2023-10-16 14:17:07 - [MESSAGE][PASSED] - Verify element property value successfully

2023-10-16 14:17:07 - [TEST_STEP][PASSED] - verifyElementPropertyValue(getResponse, "offers[9].groups[0].pricingPlans[0].featured", "true"): Verify element property value successfully

2023-10-16 14:17:07 - [MESSAGE][PASSED] - Verify element property value successfully

2023-10-16 14:17:07 - [TEST_STEP][PASSED] - verifyElementPropertyValue(getResponse, "offers[9].groups[0].pricingPlans[0].price", "2.69"): Verify element property value successfully

2023-10-16 14:17:07 - [MESSAGE][PASSED] - Verify element property value successfully

2023-10-16 14:17:07 - [TEST_STEP][PASSED] - verifyElementPropertyValue(getResponse, "offers[9].groups[0].pricingPlans[0].currency", "$"): Verify element property value successfully

2023-10-16 14:17:07 - [MESSAGE][PASSED] - Verify element property value successfully

2023-10-16 14:17:07 - [TEST_STEP][PASSED] - verifyElementPropertyValue(getResponse, "offers[9].groups[0].pricingPlans[0].order", "0"): Verify element property value successfully

2023-10-16 14:17:07 - [MESSAGE][PASSED] - Verify element property value successfully

2023-10-16 14:17:07 - [TEST_STEP][PASSED] - verifyElementPropertyValue(getResponse, "offers[9].groups[0].pricingPlans[0].packageId", "SHAHID_VIP"): Verify element property value successfully

2023-10-16 14:17:07 - [MESSAGE][PASSED] - Verify element property value successfully

2023-10-16 14:17:07 - [TEST_STEP][PASSED] - verifyElementPropertyValue(getResponse, "offers[9].groups[0].pricingPlans[0].catalogId", "VIP"): Verify element property value successfully

2023-10-16 14:17:07 - [MESSAGE][PASSED] - Verify element property value successfully

2023-10-16 14:17:07 - [TEST_STEP][PASSED] - verifyElementPropertyValue(getResponse, "offers[9].groups[0].pricingPlans[0].visualElements[0].key", "Header_1_text"): Verify element property value successfully

2023-10-16 14:17:07 - [MESSAGE][PASSED] - Verify element property value successfully

2023-10-16 14:17:07 - [TEST_STEP][PASSED] - verifyElementPropertyValue(getResponse, "offers[9].groups[0].pricingPlans[0].visualElements[0].value", "Watch the most powerful series and movies exclusively without stopping"): Verify element property value successfully

2023-10-16 14:17:07 - [MESSAGE][PASSED] - Verify element property value successfully

2023-10-16 14:17:07 - [TEST_STEP][PASSED] - verifyElementPropertyValue(getResponse, "offers[9].groups[0].pricingPlans[0].visualElements[1].key", "display_title"): Verify element property value successfully

2023-10-16 14:17:07 - [MESSAGE][PASSED] - Verify element property value successfully

2023-10-16 14:17:07 - [TEST_STEP][FAILED] - verifyElementPropertyValue(getResponse, "offers[9].groups[0].pricingPlans[0].visualElements[1].value", "40% Discount Offer"): Expected element property value '40% Discount Offer' is not equal with actual property value '40% Discount Offer​'

2023-10-16 14:17:07 - [MESSAGE][FAILED] - Expected element property value '40% Discount Offer' is not equal with actual property value '40% Discount Offer​'

2023-10-16 14:17:07 - [TEST_STEP][PASSED] - verifyElementPropertyValue(getResponse, "offers[9].groups[0].pricingPlans[0].visualElements[3].key", "deduction_text"): Verify element property value successfully

2023-10-16 14:17:07 - [MESSAGE][PASSED] - Verify element property value successfully

2023-10-16 14:17:07 - [TEST_STEP][PASSED] - verifyElementPropertyValue(getResponse, "offers[9].groups[0].pricingPlans[0].visualElements[3].value", "billed every month"): Verify element property value successfully

2023-10-16 14:17:07 - [MESSAGE][PASSED] - Verify element property value successfully

2023-10-16 14:17:07 - [TEST_STEP][PASSED] - verifyElementPropertyValue(getResponse, "offers[9].groups[0].pricingPlans[0].visualElements[6].key", "show_payment_logo"): Verify element property value successfully

2023-10-16 14:17:07 - [MESSAGE][PASSED] - Verify element property value successfully

2023-10-16 14:17:07 - [TEST_STEP][PASSED] - verifyElementPropertyValue(getResponse, "offers[9].groups[0].pricingPlans[0].visualElements[6].value", "true"): Verify element property value successfully

2023-10-16 14:17:07 - [MESSAGE][PASSED] - Verify element property value successfully

2023-10-16 14:17:07 - [TEST_STEP][PASSED] - verifyElementPropertyValue(getResponse, "offers[9].groups[0].pricingPlans[0].visualElements[8].key", "price"): Verify element property value successfully

2023-10-16 14:17:07 - [MESSAGE][PASSED] - Verify element property value successfully

2023-10-16 14:17:07 - [TEST_STEP][PASSED] - verifyElementPropertyValue(getResponse, "offers[9].groups[0].pricingPlans[0].visualElements[8].value", "2.69"): Verify element property value successfully

2023-10-16 14:17:07 - [MESSAGE][PASSED] - Verify element property value successfully

2023-10-16 14:17:07 - [TEST_STEP][PASSED] - verifyElementPropertyValue(getResponse, "offers[9].groups[0].pricingPlans[0].visualElements[9].key", "currency"): Verify element property value successfully

2023-10-16 14:17:07 - [MESSAGE][PASSED] - Verify element property value successfully

2023-10-16 14:17:07 - [TEST_STEP][PASSED] - verifyElementPropertyValue(getResponse, "offers[9].groups[0].pricingPlans[0].visualElements[9].value", "$"): Verify element property value successfully

2023-10-16 14:17:07 - [MESSAGE][PASSED] - Verify element property value successfully

2023-10-16 14:17:07 - [TEST_STEP][PASSED] - verifyElementPropertyValue(getResponse, "offers[9].groups[0].pricingPlans[0].visualElements[10].key", "duration"): Verify element property value successfully

2023-10-16 14:17:07 - [MESSAGE][PASSED] - Verify element property value successfully

2023-10-16 14:17:07 - [TEST_STEP][PASSED] - verifyElementPropertyValue(getResponse, "offers[9].groups[0].pricingPlans[0].visualElements[10].value", "Monthly"): Verify element property value successfully

2023-10-16 14:17:07 - [MESSAGE][PASSED] - Verify element property value successfully

2023-10-16 14:17:07 - [TEST_STEP][PASSED] - verifyElementPropertyValue(getResponse, "offers[9].groups[0].pricingPlans[0].visualElements[11].key", "featured_tag_text"): Verify element property value successfully

2023-10-16 14:17:07 - [MESSAGE][PASSED] - Verify element property value successfully

2023-10-16 14:17:07 - [TEST_STEP][PASSED] - verifyElementPropertyValue(getResponse, "offers[9].groups[0].pricingPlans[0].visualElements[11].value", "Limited Time Offer"): Verify element property value successfully

2023-10-16 14:17:07 - [MESSAGE][PASSED] - Verify element property value successfully

2023-10-16 14:17:07 - [TEST_STEP][PASSED] - verifyElementPropertyValue(getResponse, "offers[9].groups[0].pricingPlans[0].visualElements[13].key", "tag_text"): Verify element property value successfully

2023-10-16 14:17:07 - [MESSAGE][PASSED] - Verify element property value successfully

2023-10-16 14:17:07 - [TEST_STEP][PASSED] - verifyElementPropertyValue(getResponse, "offers[9].groups[0].pricingPlans[0].visualElements[13].value", "Save 40%"): Verify element property value successfully

2023-10-16 14:17:07 - [MESSAGE][PASSED] - Verify element property value successfully

2023-10-16 14:17:07 - [TEST_STEP][PASSED] - verifyElementPropertyValue(getResponse, "offers[9].groups[0].pricingPlans[0].visualElements[12].key", "show_tag"): Verify element property value successfully

2023-10-16 14:17:07 - [MESSAGE][PASSED] - Verify element property value successfully

2023-10-16 14:17:07 - [TEST_STEP][PASSED] - verifyElementPropertyValue(getResponse, "offers[9].groups[0].pricingPlans[0].visualElements[12].value", "true"): Verify element property value successfully

2023-10-16 14:17:07 - [MESSAGE][PASSED] - Verify element property value successfully

2023-10-16 14:17:07 - [TEST_STEP][PASSED] - verifyElementPropertyValue(getResponse, "offers[9].groups[0].pricingPlans[0].pricingPlanData[0].productId", "LBN_B2C_SHAHID_VIP_1M"): Verify element property value successfully

2023-10-16 14:17:07 - [MESSAGE][PASSED] - Verify element property value successfully

2023-10-16 14:17:07 - [TEST_STEP][PASSED] - verifyElementPropertyValue(getResponse, "offers[9].groups[0].pricingPlans[0].pricingPlanData[0].paymentMethod", "CREDIT_CARD"): Verify element property value successfully

2023-10-16 14:17:07 - [MESSAGE][PASSED] - Verify element property value successfully

2023-10-16 14:17:07 - [TEST_STEP][PASSED] - verifyElementPropertyValue(getResponse, "offers[9].groups[0].pricingPlans[0].pricingPlanData[0].freeTrialEnabled", "false"): Verify element property value successfully

2023-10-16 14:17:07 - [MESSAGE][PASSED] - Verify element property value successfully

2023-10-16 14:17:07 - [TEST_STEP][PASSED] - verifyElementPropertyValue(getResponse, "offers[9].groups[0].pricingPlans[0].pricingPlanData[0].showIn[0]", "VERTICAL_MODE"): Verify element property value successfully

2023-10-16 14:17:07 - [MESSAGE][PASSED] - Verify element property value successfully

2023-10-16 14:17:07 - [TEST_STEP][PASSED] - verifyElementPropertyValue(getResponse, "offers[9].groups[0].pricingPlans[0].pricingPlanData[0].showIn[1]", "HORIZONTAL_MODE"): Verify element property value successfully

2023-10-16 14:17:07 - [MESSAGE][PASSED] - Verify element property value successfully

2023-10-16 14:17:07 - [TEST_STEP][PASSED] - verifyElementPropertyValue(getResponse, "offers[9].groups[0].pricingPlans[0].pricingPlanData[0].priceLabel", "2.69"): Verify element property value successfully

2023-10-16 14:17:07 - [MESSAGE][PASSED] - Verify element property value successfully

2023-10-16 14:17:07 - [TEST_STEP][PASSED] - verifyElementPropertyValue(getResponse, "offers[9].groups[0].pricingPlans[0].pricingPlanData[0].currencyLabel", "$"): Verify element property value successfully

2023-10-16 14:17:07 - [MESSAGE][PASSED] - Verify element property value successfully

2023-10-16 14:17:07 - [TEST_STEP][PASSED] - verifyElementPropertyValue(getResponse, "offers[9].groups[0].pricingPlans[0].pricingPlanData[0].dealId", "BYG_40P_LBN"): Verify element property value successfully

2023-10-16 14:17:07 - [MESSAGE][PASSED] - Verify element property value successfully

2023-10-16 14:17:07 - [TEST_STEP][PASSED] - verifyElementPropertyValue(getResponse, "offers[9].groups[0].pricingPlans[0].pricingPlanData[0].allowedForAcquisition", "true"): Verify element property value successfully

2023-10-16 14:17:07 - [MESSAGE][PASSED] - Verify element property value successfully

2023-10-16 14:17:07 - [TEST_STEP][PASSED] - verifyElementPropertyValue(getResponse, "offers[9].groups[0].pricingPlans[0].pricingPlanData[0].visualElements[0].key", "title"): Verify element property value successfully

2023-10-16 14:17:07 - [MESSAGE][PASSED] - Verify element property value successfully

2023-10-16 14:17:07 - [TEST_STEP][PASSED] - verifyElementPropertyValue(getResponse, "offers[9].groups[0].pricingPlans[0].pricingPlanData[0].visualElements[0].value", "Credit/Debit Card"): Verify element property value successfully

2023-10-16 14:17:07 - [MESSAGE][PASSED] - Verify element property value successfully

2023-10-16 14:17:07 - [TEST_STEP][PASSED] - verifyElementPropertyValue(getResponse, "offers[9].groups[0].pricingPlans[0].pricingPlanData[0].visualElements[1].key", "CTA_text"): Verify element property value successfully

2023-10-16 14:17:07 - [MESSAGE][PASSED] - Verify element property value successfully

2023-10-16 14:17:07 - [TEST_STEP][PASSED] - verifyElementPropertyValue(getResponse, "offers[9].groups[0].pricingPlans[0].pricingPlanData[0].visualElements[1].value", "Subscribe"): Verify element property value successfully

2023-10-16 14:17:07 - [MESSAGE][PASSED] - Verify element property value successfully

2023-10-16 14:17:07 - [TEST_STEP][PASSED] - verifyElementPropertyValue(getResponse, "offers[9].groups[0].pricingPlans[0].pricingPlanData[0].visualElements[2].key", "logo"): Verify element property value successfully

2023-10-16 14:17:07 - [MESSAGE][PASSED] - Verify element property value successfully

2023-10-16 14:17:07 - [TEST_STEP][PASSED] - verifyElementPropertyValue(getResponse, "offers[9].groups[0].pricingPlans[0].pricingPlanData[0].visualElements[2].value", "https://static.s3.shahid.mbc.net/widget-images/icons/iconCreditCard.png"): Verify element property value successfully

2023-10-16 14:17:07 - [MESSAGE][PASSED] - Verify element property value successfully

2023-10-16 14:17:07 - [TEST_STEP][PASSED] - verifyElementPropertyValue(getResponse, "offers[10].offerId", "byg-50-offer"): Verify element property value successfully

2023-10-16 14:17:07 - [MESSAGE][PASSED] - Verify element property value successfully

2023-10-16 14:17:07 - [TEST_STEP][PASSED] - verifyElementPropertyValue(getResponse, "offers[10].offerParam", "bygoffer50"): Verify element property value successfully

2023-10-16 14:17:07 - [MESSAGE][PASSED] - Verify element property value successfully

2023-10-16 14:17:07 - [TEST_STEP][PASSED] - verifyElementPropertyValue(getResponse, "offers[10].groups[0].pricingPlans[0].featured", "true"): Verify element property value successfully

2023-10-16 14:17:07 - [MESSAGE][PASSED] - Verify element property value successfully

2023-10-16 14:17:07 - [TEST_STEP][PASSED] - verifyElementPropertyValue(getResponse, "offers[10].groups[0].pricingPlans[0].period", "monthly"): Verify element property value successfully

2023-10-16 14:17:07 - [MESSAGE][PASSED] - Verify element property value successfully

2023-10-16 14:17:07 - [TEST_STEP][PASSED] - verifyElementPropertyValue(getResponse, "offers[10].groups[0].pricingPlans[0].featured", "true"): Verify element property value successfully

2023-10-16 14:17:07 - [MESSAGE][PASSED] - Verify element property value successfully

2023-10-16 14:17:07 - [TEST_STEP][PASSED] - verifyElementPropertyValue(getResponse, "offers[10].groups[0].pricingPlans[0].price", "2.29"): Verify element property value successfully

2023-10-16 14:17:07 - [MESSAGE][PASSED] - Verify element property value successfully

2023-10-16 14:17:07 - [TEST_STEP][PASSED] - verifyElementPropertyValue(getResponse, "offers[10].groups[0].pricingPlans[0].currency", "$"): Verify element property value successfully

2023-10-16 14:17:07 - [MESSAGE][PASSED] - Verify element property value successfully

2023-10-16 14:17:07 - [TEST_STEP][PASSED] - verifyElementPropertyValue(getResponse, "offers[10].groups[0].pricingPlans[0].order", "0"): Verify element property value successfully

2023-10-16 14:17:07 - [MESSAGE][PASSED] - Verify element property value successfully

2023-10-16 14:17:07 - [TEST_STEP][PASSED] - verifyElementPropertyValue(getResponse, "offers[10].groups[0].pricingPlans[0].packageId", "SHAHID_VIP"): Verify element property value successfully

2023-10-16 14:17:07 - [MESSAGE][PASSED] - Verify element property value successfully

2023-10-16 14:17:07 - [TEST_STEP][PASSED] - verifyElementPropertyValue(getResponse, "offers[10].groups[0].pricingPlans[0].catalogId", "VIP"): Verify element property value successfully

2023-10-16 14:17:07 - [MESSAGE][PASSED] - Verify element property value successfully

2023-10-16 14:17:07 - [TEST_STEP][PASSED] - verifyElementPropertyValue(getResponse, "offers[10].groups[0].pricingPlans[0].visualElements[0].key", "Header_1_text"): Verify element property value successfully

2023-10-16 14:17:07 - [MESSAGE][PASSED] - Verify element property value successfully

2023-10-16 14:17:07 - [TEST_STEP][PASSED] - verifyElementPropertyValue(getResponse, "offers[10].groups[0].pricingPlans[0].visualElements[0].value", "Watch the most powerful series and movies exclusively without stopping"): Verify element property value successfully

2023-10-16 14:17:07 - [MESSAGE][PASSED] - Verify element property value successfully

2023-10-16 14:17:07 - [TEST_STEP][PASSED] - verifyElementPropertyValue(getResponse, "offers[10].groups[0].pricingPlans[0].visualElements[1].key", "display_title"): Verify element property value successfully

2023-10-16 14:17:07 - [MESSAGE][PASSED] - Verify element property value successfully

2023-10-16 14:17:07 - [TEST_STEP][FAILED] - verifyElementPropertyValue(getResponse, "offers[10].groups[0].pricingPlans[0].visualElements[1].value", "50% Discount Offer"): Expected element property value '50% Discount Offer' is not equal with actual property value '50% Discount Offer​'

2023-10-16 14:17:07 - [MESSAGE][FAILED] - Expected element property value '50% Discount Offer' is not equal with actual property value '50% Discount Offer​'

2023-10-16 14:17:07 - [TEST_STEP][PASSED] - verifyElementPropertyValue(getResponse, "offers[10].groups[0].pricingPlans[0].visualElements[3].key", "deduction_text"): Verify element property value successfully

2023-10-16 14:17:07 - [MESSAGE][PASSED] - Verify element property value successfully

2023-10-16 14:17:07 - [TEST_STEP][PASSED] - verifyElementPropertyValue(getResponse, "offers[10].groups[0].pricingPlans[0].visualElements[3].value", "billed every month"): Verify element property value successfully

2023-10-16 14:17:07 - [MESSAGE][PASSED] - Verify element property value successfully

2023-10-16 14:17:07 - [TEST_STEP][PASSED] - verifyElementPropertyValue(getResponse, "offers[10].groups[0].pricingPlans[0].visualElements[6].key", "show_payment_logo"): Verify element property value successfully

2023-10-16 14:17:07 - [MESSAGE][PASSED] - Verify element property value successfully

2023-10-16 14:17:07 - [TEST_STEP][PASSED] - verifyElementPropertyValue(getResponse, "offers[10].groups[0].pricingPlans[0].visualElements[6].value", "true"): Verify element property value successfully

2023-10-16 14:17:07 - [MESSAGE][PASSED] - Verify element property value successfully

2023-10-16 14:17:07 - [TEST_STEP][PASSED] - verifyElementPropertyValue(getResponse, "offers[10].groups[0].pricingPlans[0].visualElements[8].key", "price"): Verify element property value successfully

2023-10-16 14:17:07 - [MESSAGE][PASSED] - Verify element property value successfully

2023-10-16 14:17:07 - [TEST_STEP][PASSED] - verifyElementPropertyValue(getResponse, "offers[10].groups[0].pricingPlans[0].visualElements[8].value", "2.29"): Verify element property value successfully

2023-10-16 14:17:07 - [MESSAGE][PASSED] - Verify element property value successfully

2023-10-16 14:17:07 - [TEST_STEP][PASSED] - verifyElementPropertyValue(getResponse, "offers[10].groups[0].pricingPlans[0].visualElements[9].key", "currency"): Verify element property value successfully

2023-10-16 14:17:07 - [MESSAGE][PASSED] - Verify element property value successfully

2023-10-16 14:17:07 - [TEST_STEP][PASSED] - verifyElementPropertyValue(getResponse, "offers[10].groups[0].pricingPlans[0].visualElements[9].value", "$"): Verify element property value successfully

2023-10-16 14:17:07 - [MESSAGE][PASSED] - Verify element property value successfully

2023-10-16 14:17:07 - [TEST_STEP][PASSED] - verifyElementPropertyValue(getResponse, "offers[10].groups[0].pricingPlans[0].visualElements[10].key", "duration"): Verify element property value successfully

2023-10-16 14:17:07 - [MESSAGE][PASSED] - Verify element property value successfully

2023-10-16 14:17:07 - [TEST_STEP][PASSED] - verifyElementPropertyValue(getResponse, "offers[10].groups[0].pricingPlans[0].visualElements[10].value", "Monthly"): Verify element property value successfully

2023-10-16 14:17:07 - [MESSAGE][PASSED] - Verify element property value successfully

2023-10-16 14:17:07 - [TEST_STEP][PASSED] - verifyElementPropertyValue(getResponse, "offers[10].groups[0].pricingPlans[0].visualElements[11].key", "featured_tag_text"): Verify element property value successfully

2023-10-16 14:17:07 - [MESSAGE][PASSED] - Verify element property value successfully

2023-10-16 14:17:07 - [TEST_STEP][PASSED] - verifyElementPropertyValue(getResponse, "offers[10].groups[0].pricingPlans[0].visualElements[11].value", "Limited Time Offer"): Verify element property value successfully

2023-10-16 14:17:07 - [MESSAGE][PASSED] - Verify element property value successfully

2023-10-16 14:17:07 - [TEST_STEP][PASSED] - verifyElementPropertyValue(getResponse, "offers[10].groups[0].pricingPlans[0].visualElements[13].key", "tag_text"): Verify element property value successfully

2023-10-16 14:17:07 - [MESSAGE][PASSED] - Verify element property value successfully

2023-10-16 14:17:07 - [TEST_STEP][PASSED] - verifyElementPropertyValue(getResponse, "offers[10].groups[0].pricingPlans[0].visualElements[13].value", "Save 50%"): Verify element property value successfully

2023-10-16 14:17:07 - [MESSAGE][PASSED] - Verify element property value successfully

2023-10-16 14:17:07 - [TEST_STEP][PASSED] - verifyElementPropertyValue(getResponse, "offers[10].groups[0].pricingPlans[0].visualElements[12].key", "show_tag"): Verify element property value successfully

2023-10-16 14:17:07 - [MESSAGE][PASSED] - Verify element property value successfully

2023-10-16 14:17:07 - [TEST_STEP][PASSED] - verifyElementPropertyValue(getResponse, "offers[10].groups[0].pricingPlans[0].visualElements[12].value", "true"): Verify element property value successfully

2023-10-16 14:17:07 - [MESSAGE][PASSED] - Verify element property value successfully

2023-10-16 14:17:07 - [TEST_STEP][PASSED] - verifyElementPropertyValue(getResponse, "offers[10].groups[0].pricingPlans[0].pricingPlanData[0].productId", "LBN_B2C_SHAHID_VIP_1M"): Verify element property value successfully

2023-10-16 14:17:07 - [MESSAGE][PASSED] - Verify element property value successfully

2023-10-16 14:17:07 - [TEST_STEP][PASSED] - verifyElementPropertyValue(getResponse, "offers[10].groups[0].pricingPlans[0].pricingPlanData[0].paymentMethod", "CREDIT_CARD"): Verify element property value successfully

2023-10-16 14:17:07 - [MESSAGE][PASSED] - Verify element property value successfully

2023-10-16 14:17:07 - [TEST_STEP][PASSED] - verifyElementPropertyValue(getResponse, "offers[10].groups[0].pricingPlans[0].pricingPlanData[0].freeTrialEnabled", "false"): Verify element property value successfully

2023-10-16 14:17:07 - [MESSAGE][PASSED] - Verify element property value successfully

2023-10-16 14:17:07 - [TEST_STEP][PASSED] - verifyElementPropertyValue(getResponse, "offers[10].groups[0].pricingPlans[0].pricingPlanData[0].showIn[0]", "VERTICAL_MODE"): Verify element property value successfully

2023-10-16 14:17:07 - [MESSAGE][PASSED] - Verify element property value successfully

2023-10-16 14:17:07 - [TEST_STEP][PASSED] - verifyElementPropertyValue(getResponse, "offers[10].groups[0].pricingPlans[0].pricingPlanData[0].showIn[1]", "HORIZONTAL_MODE"): Verify element property value successfully

2023-10-16 14:17:07 - [MESSAGE][PASSED] - Verify element property value successfully

2023-10-16 14:17:07 - [TEST_STEP][PASSED] - verifyElementPropertyValue(getResponse, "offers[10].groups[0].pricingPlans[0].pricingPlanData[0].priceLabel", "2.29"): Verify element property value successfully

2023-10-16 14:17:07 - [MESSAGE][PASSED] - Verify element property value successfully

2023-10-16 14:17:07 - [TEST_STEP][PASSED] - verifyElementPropertyValue(getResponse, "offers[10].groups[0].pricingPlans[0].pricingPlanData[0].currencyLabel", "$"): Verify element property value successfully

2023-10-16 14:17:07 - [MESSAGE][PASSED] - Verify element property value successfully

2023-10-16 14:17:07 - [TEST_STEP][PASSED] - verifyElementPropertyValue(getResponse, "offers[10].groups[0].pricingPlans[0].pricingPlanData[0].dealId", "BYG_50P_LBN"): Verify element property value successfully

2023-10-16 14:17:07 - [MESSAGE][PASSED] - Verify element property value successfully

2023-10-16 14:17:07 - [TEST_STEP][PASSED] - verifyElementPropertyValue(getResponse, "offers[10].groups[0].pricingPlans[0].pricingPlanData[0].allowedForAcquisition", "true"): Verify element property value successfully

2023-10-16 14:17:07 - [MESSAGE][PASSED] - Verify element property value successfully

2023-10-16 14:17:07 - [TEST_STEP][PASSED] - verifyElementPropertyValue(getResponse, "offers[10].groups[0].pricingPlans[0].pricingPlanData[0].visualElements[0].key", "title"): Verify element property value successfully

2023-10-16 14:17:07 - [MESSAGE][PASSED] - Verify element property value successfully

2023-10-16 14:17:07 - [TEST_STEP][PASSED] - verifyElementPropertyValue(getResponse, "offers[10].groups[0].pricingPlans[0].pricingPlanData[0].visualElements[0].value", "Credit/Debit Card"): Verify element property value successfully

2023-10-16 14:17:07 - [MESSAGE][PASSED] - Verify element property value successfully

2023-10-16 14:17:07 - [TEST_STEP][PASSED] - verifyElementPropertyValue(getResponse, "offers[10].groups[0].pricingPlans[0].pricingPlanData[0].visualElements[1].key", "CTA_text"): Verify element property value successfully

2023-10-16 14:17:07 - [MESSAGE][PASSED] - Verify element property value successfully

2023-10-16 14:17:07 - [TEST_STEP][PASSED] - verifyElementPropertyValue(getResponse, "offers[10].groups[0].pricingPlans[0].pricingPlanData[0].visualElements[1].value", "Subscribe"): Verify element property value successfully

2023-10-16 14:17:07 - [MESSAGE][PASSED] - Verify element property value successfully

2023-10-16 14:17:07 - [TEST_STEP][PASSED] - verifyElementPropertyValue(getResponse, "offers[10].groups[0].pricingPlans[0].pricingPlanData[0].visualElements[2].key", "logo"): Verify element property value successfully

2023-10-16 14:17:07 - [MESSAGE][PASSED] - Verify element property value successfully

2023-10-16 14:17:07 - [TEST_STEP][PASSED] - verifyElementPropertyValue(getResponse, "offers[10].groups[0].pricingPlans[0].pricingPlanData[0].visualElements[2].value", "https://static.s3.shahid.mbc.net/widget-images/icons/iconCreditCard.png"): Verify element property value successfully

2023-10-16 14:17:08 - [MESSAGE][PASSED] - Verify element property value successfully]]></system-out>
         <system-err><![CDATA[2023-10-16 14:17:04 - [TEST_CASE][FAILED] - Test Cases/WEB - CHROME/LBN PI/WEB_EN_getOffersForLBN_VIP: Test Cases/WEB - CHROME/LBN PI/WEB_EN_getOffersForLBN_VIP FAILED.
Reason:
com.kms.katalon.core.exception.StepFailedException: Expected element property value '30% Discount Offer' is not equal with actual property value '30% Discount Offer​'
	at com.kms.katalon.core.keyword.internal.KeywordMain.stepFailed(KeywordMain.groovy:39)
	at com.kms.katalon.core.webservice.keyword.builtin.VerifyElementPropertyValueKeyword$_verifyElementPropertyValue_closure1.doCall(VerifyElementPropertyValueKeyword.groovy:56)
	at com.kms.katalon.core.webservice.keyword.builtin.VerifyElementPropertyValueKeyword$_verifyElementPropertyValue_closure1.call(VerifyElementPropertyValueKeyword.groovy)
	at com.kms.katalon.core.keyword.internal.KeywordMain.runKeyword(KeywordMain.groovy:75)
	at com.kms.katalon.core.webservice.keyword.builtin.VerifyElementPropertyValueKeyword.verifyElementPropertyValue(VerifyElementPropertyValueKeyword.groovy:48)
	at com.kms.katalon.core.webservice.keyword.builtin.VerifyElementPropertyValueKeyword.execute(VerifyElementPropertyValueKeyword.groovy:43)
	at com.kms.katalon.core.keyword.internal.KeywordExecutor.executeKeywordForPlatform(KeywordExecutor.groovy:74)
	at com.kms.katalon.core.webservice.keyword.WSBuiltInKeywords.verifyElementPropertyValue(WSBuiltInKeywords.groovy:190)
	at com.kms.katalon.core.webservice.keyword.WSBuiltInKeywords$verifyElementPropertyValue$1.call(Unknown Source)
	at WEB_EN_getOffersForLBN_VIP.run(WEB_EN_getOffersForLBN_VIP:61)
	at com.kms.katalon.core.main.ScriptEngine.run(ScriptEngine.java:194)
	at com.kms.katalon.core.main.ScriptEngine.runScriptAsRawText(ScriptEngine.java:119)
	at com.kms.katalon.core.main.TestCaseExecutor.runScript(TestCaseExecutor.java:448)
	at com.kms.katalon.core.main.TestCaseExecutor.doExecute(TestCaseExecutor.java:439)
	at com.kms.katalon.core.main.TestCaseExecutor.processExecutionPhase(TestCaseExecutor.java:418)
	at com.kms.katalon.core.main.TestCaseExecutor.accessMainPhase(TestCaseExecutor.java:410)
	at com.kms.katalon.core.main.TestCaseExecutor.execute(TestCaseExecutor.java:285)
	at com.kms.katalon.core.common.CommonExecutor.accessTestCaseMainPhase(CommonExecutor.java:65)
	at com.kms.katalon.core.main.TestSuiteExecutor.accessTestSuiteMainPhase(TestSuiteExecutor.java:148)
	at com.kms.katalon.core.main.TestSuiteExecutor.execute(TestSuiteExecutor.java:106)
	at com.kms.katalon.core.main.TestCaseMain.startTestSuite(TestCaseMain.java:187)
	at com.kms.katalon.core.main.TestCaseMain$startTestSuite$0.call(Unknown Source)
	at TempTestSuite1697454215032.run(TempTestSuite1697454215032.groovy:36)]]></system-err>
      </testcase>
      <testcase name="Test Cases/WEB - CHROME/LBN PI/WEB_FR_getOffersForLBN_SPORT" time="3.995" classname="Test Cases/WEB - CHROME/LBN PI/WEB_FR_getOffersForLBN_SPORT" status="PASSED">
         <system-out><![CDATA[2023-10-16 14:17:08 - [TEST_CASE][PASSED] - Test Cases/WEB - CHROME/LBN PI/WEB_FR_getOffersForLBN_SPORT: Test Cases/WEB - CHROME/LBN PI/WEB_FR_getOffersForLBN_SPORT

2023-10-16 14:17:08 - [TEST_STEP][PASSED] - getResponse = config_files.getConfigFile.getConfig("WEB", "FR", "SHAHID_VIP_SPORT", "LB", "false"): config_files.getConfigFile.getConfig is PASSED

2023-10-16 14:17:09 - [MESSAGE][INFO] - HAR: /Users/admin/git/shahid-configuration/Reports/20231016_140310/WEB/LBN/20231016_140335/requests/main/8.har

2023-10-16 14:17:09 - [MESSAGE][PASSED] - Send request successfully

2023-10-16 14:17:09 - [MESSAGE][PASSED] - config_files.getConfigFile.getConfig is PASSED

2023-10-16 14:17:09 - [TEST_STEP][PASSED] - verifyResponseStatusCode(getResponse, 200): Verify response status code successfully

2023-10-16 14:17:09 - [MESSAGE][PASSED] - Verify response status code successfully

2023-10-16 14:17:09 - [TEST_STEP][PASSED] - verifyElementPropertyValue(getResponse, "country", "LBN"): Verify element property value successfully

2023-10-16 14:17:09 - [MESSAGE][PASSED] - Verify element property value successfully

2023-10-16 14:17:09 - [TEST_STEP][PASSED] - verifyElementPropertyValue(getResponse, "platform", "[WEB]"): Verify element property value successfully

2023-10-16 14:17:09 - [MESSAGE][PASSED] - Verify element property value successfully

2023-10-16 14:17:09 - [TEST_STEP][PASSED] - verifyElementPropertyValue(getResponse, "offers[5].offerId", "winback-sport-30-offer"): Verify element property value successfully

2023-10-16 14:17:09 - [MESSAGE][PASSED] - Verify element property value successfully

2023-10-16 14:17:09 - [TEST_STEP][PASSED] - verifyElementPropertyValue(getResponse, "offers[5].offerParam", "sportsoffer30"): Verify element property value successfully

2023-10-16 14:17:09 - [MESSAGE][PASSED] - Verify element property value successfully

2023-10-16 14:17:09 - [TEST_STEP][PASSED] - verifyElementPropertyValue(getResponse, "offers[5].groups[0].pricingPlans[0].featured", "true"): Verify element property value successfully

2023-10-16 14:17:09 - [MESSAGE][PASSED] - Verify element property value successfully

2023-10-16 14:17:09 - [TEST_STEP][PASSED] - verifyElementPropertyValue(getResponse, "offers[5].groups[0].pricingPlans[0].period", "monthly"): Verify element property value successfully

2023-10-16 14:17:09 - [MESSAGE][PASSED] - Verify element property value successfully

2023-10-16 14:17:09 - [TEST_STEP][PASSED] - verifyElementPropertyValue(getResponse, "offers[5].groups[0].pricingPlans[0].featured", "true"): Verify element property value successfully

2023-10-16 14:17:09 - [MESSAGE][PASSED] - Verify element property value successfully

2023-10-16 14:17:09 - [TEST_STEP][PASSED] - verifyElementPropertyValue(getResponse, "offers[5].groups[0].pricingPlans[0].price", "6.69"): Verify element property value successfully

2023-10-16 14:17:09 - [MESSAGE][PASSED] - Verify element property value successfully

2023-10-16 14:17:09 - [TEST_STEP][PASSED] - verifyElementPropertyValue(getResponse, "offers[5].groups[0].pricingPlans[0].currency", "$"): Verify element property value successfully

2023-10-16 14:17:09 - [MESSAGE][PASSED] - Verify element property value successfully

2023-10-16 14:17:09 - [TEST_STEP][PASSED] - verifyElementPropertyValue(getResponse, "offers[5].groups[0].pricingPlans[0].order", "0"): Verify element property value successfully

2023-10-16 14:17:09 - [MESSAGE][PASSED] - Verify element property value successfully

2023-10-16 14:17:09 - [TEST_STEP][PASSED] - verifyElementPropertyValue(getResponse, "offers[5].groups[0].pricingPlans[0].packageId", "SHAHID_VIP_SPORT"): Verify element property value successfully

2023-10-16 14:17:09 - [MESSAGE][PASSED] - Verify element property value successfully

2023-10-16 14:17:09 - [TEST_STEP][PASSED] - verifyElementPropertyValue(getResponse, "offers[5].groups[0].pricingPlans[0].catalogId", "SPORT"): Verify element property value successfully

2023-10-16 14:17:09 - [MESSAGE][PASSED] - Verify element property value successfully

2023-10-16 14:17:09 - [TEST_STEP][PASSED] - verifyElementPropertyValue(getResponse, "offers[5].groups[0].pricingPlans[0].visualElements[0].key", "Header_1_text"): Verify element property value successfully

2023-10-16 14:17:09 - [MESSAGE][PASSED] - Verify element property value successfully

2023-10-16 14:17:09 - [TEST_STEP][PASSED] - verifyElementPropertyValue(getResponse, "offers[5].groups[0].pricingPlans[0].visualElements[0].value", "Abonnez-vous dès maintenant et profitez de vos programmes sans publicité"): Verify element property value successfully

2023-10-16 14:17:09 - [MESSAGE][PASSED] - Verify element property value successfully

2023-10-16 14:17:09 - [TEST_STEP][PASSED] - verifyElementPropertyValue(getResponse, "offers[5].groups[0].pricingPlans[0].visualElements[1].key", "display_title"): Verify element property value successfully

2023-10-16 14:17:09 - [MESSAGE][PASSED] - Verify element property value successfully

2023-10-16 14:17:09 - [TEST_STEP][PASSED] - verifyElementPropertyValue(getResponse, "offers[5].groups[0].pricingPlans[0].visualElements[1].value", "30% de réduction"): Verify element property value successfully

2023-10-16 14:17:09 - [MESSAGE][PASSED] - Verify element property value successfully

2023-10-16 14:17:09 - [TEST_STEP][PASSED] - verifyElementPropertyValue(getResponse, "offers[5].groups[0].pricingPlans[0].visualElements[3].key", "deduction_text"): Verify element property value successfully

2023-10-16 14:17:09 - [MESSAGE][PASSED] - Verify element property value successfully

2023-10-16 14:17:09 - [TEST_STEP][PASSED] - verifyElementPropertyValue(getResponse, "offers[5].groups[0].pricingPlans[0].visualElements[3].value", "facturation mensuelle"): Verify element property value successfully

2023-10-16 14:17:09 - [MESSAGE][PASSED] - Verify element property value successfully

2023-10-16 14:17:09 - [TEST_STEP][PASSED] - verifyElementPropertyValue(getResponse, "offers[5].groups[0].pricingPlans[0].visualElements[6].key", "show_payment_logo"): Verify element property value successfully

2023-10-16 14:17:09 - [MESSAGE][PASSED] - Verify element property value successfully

2023-10-16 14:17:09 - [TEST_STEP][PASSED] - verifyElementPropertyValue(getResponse, "offers[5].groups[0].pricingPlans[0].visualElements[6].value", "true"): Verify element property value successfully

2023-10-16 14:17:09 - [MESSAGE][PASSED] - Verify element property value successfully

2023-10-16 14:17:09 - [TEST_STEP][PASSED] - verifyElementPropertyValue(getResponse, "offers[5].groups[0].pricingPlans[0].visualElements[8].key", "price"): Verify element property value successfully

2023-10-16 14:17:09 - [MESSAGE][PASSED] - Verify element property value successfully

2023-10-16 14:17:09 - [TEST_STEP][PASSED] - verifyElementPropertyValue(getResponse, "offers[5].groups[0].pricingPlans[0].visualElements[8].value", "6.69"): Verify element property value successfully

2023-10-16 14:17:09 - [MESSAGE][PASSED] - Verify element property value successfully

2023-10-16 14:17:09 - [TEST_STEP][PASSED] - verifyElementPropertyValue(getResponse, "offers[5].groups[0].pricingPlans[0].visualElements[9].key", "currency"): Verify element property value successfully

2023-10-16 14:17:09 - [MESSAGE][PASSED] - Verify element property value successfully

2023-10-16 14:17:09 - [TEST_STEP][PASSED] - verifyElementPropertyValue(getResponse, "offers[5].groups[0].pricingPlans[0].visualElements[9].value", "$"): Verify element property value successfully

2023-10-16 14:17:09 - [MESSAGE][PASSED] - Verify element property value successfully

2023-10-16 14:17:09 - [TEST_STEP][PASSED] - verifyElementPropertyValue(getResponse, "offers[5].groups[0].pricingPlans[0].visualElements[10].key", "duration"): Verify element property value successfully

2023-10-16 14:17:09 - [MESSAGE][PASSED] - Verify element property value successfully

2023-10-16 14:17:09 - [TEST_STEP][PASSED] - verifyElementPropertyValue(getResponse, "offers[5].groups[0].pricingPlans[0].visualElements[10].value", "Mensuel"): Verify element property value successfully

2023-10-16 14:17:09 - [MESSAGE][PASSED] - Verify element property value successfully

2023-10-16 14:17:09 - [TEST_STEP][PASSED] - verifyElementPropertyValue(getResponse, "offers[5].groups[0].pricingPlans[0].visualElements[11].key", "featured_tag_text"): Verify element property value successfully

2023-10-16 14:17:09 - [MESSAGE][PASSED] - Verify element property value successfully

2023-10-16 14:17:09 - [TEST_STEP][PASSED] - verifyElementPropertyValue(getResponse, "offers[5].groups[0].pricingPlans[0].visualElements[11].value", "Offre limitée"): Verify element property value successfully

2023-10-16 14:17:09 - [MESSAGE][PASSED] - Verify element property value successfully

2023-10-16 14:17:09 - [TEST_STEP][PASSED] - verifyElementPropertyValue(getResponse, "offers[5].groups[0].pricingPlans[0].visualElements[13].key", "tag_text"): Verify element property value successfully

2023-10-16 14:17:09 - [MESSAGE][PASSED] - Verify element property value successfully

2023-10-16 14:17:09 - [TEST_STEP][PASSED] - verifyElementPropertyValue(getResponse, "offers[5].groups[0].pricingPlans[0].visualElements[13].value", "Économisez 30% "): Verify element property value successfully

2023-10-16 14:17:09 - [MESSAGE][PASSED] - Verify element property value successfully

2023-10-16 14:17:09 - [TEST_STEP][PASSED] - verifyElementPropertyValue(getResponse, "offers[5].groups[0].pricingPlans[0].visualElements[12].key", "show_tag"): Verify element property value successfully

2023-10-16 14:17:09 - [MESSAGE][PASSED] - Verify element property value successfully

2023-10-16 14:17:09 - [TEST_STEP][PASSED] - verifyElementPropertyValue(getResponse, "offers[5].groups[0].pricingPlans[0].visualElements[12].value", "true"): Verify element property value successfully

2023-10-16 14:17:09 - [MESSAGE][PASSED] - Verify element property value successfully

2023-10-16 14:17:09 - [TEST_STEP][PASSED] - verifyElementPropertyValue(getResponse, "offers[5].groups[0].pricingPlans[0].pricingPlanData[0].productId", "LBN_B2C_SHAHID_VIP_SPORT_1M"): Verify element property value successfully

2023-10-16 14:17:09 - [MESSAGE][PASSED] - Verify element property value successfully

2023-10-16 14:17:09 - [TEST_STEP][PASSED] - verifyElementPropertyValue(getResponse, "offers[5].groups[0].pricingPlans[0].pricingPlanData[0].paymentMethod", "CREDIT_CARD"): Verify element property value successfully

2023-10-16 14:17:09 - [MESSAGE][PASSED] - Verify element property value successfully

2023-10-16 14:17:09 - [TEST_STEP][PASSED] - verifyElementPropertyValue(getResponse, "offers[5].groups[0].pricingPlans[0].pricingPlanData[0].freeTrialEnabled", "false"): Verify element property value successfully

2023-10-16 14:17:09 - [MESSAGE][PASSED] - Verify element property value successfully

2023-10-16 14:17:09 - [TEST_STEP][PASSED] - verifyElementPropertyValue(getResponse, "offers[5].groups[0].pricingPlans[0].pricingPlanData[0].showIn[0]", "VERTICAL_MODE"): Verify element property value successfully

2023-10-16 14:17:09 - [MESSAGE][PASSED] - Verify element property value successfully

2023-10-16 14:17:09 - [TEST_STEP][PASSED] - verifyElementPropertyValue(getResponse, "offers[5].groups[0].pricingPlans[0].pricingPlanData[0].showIn[1]", "HORIZONTAL_MODE"): Verify element property value successfully

2023-10-16 14:17:09 - [MESSAGE][PASSED] - Verify element property value successfully

2023-10-16 14:17:09 - [TEST_STEP][PASSED] - verifyElementPropertyValue(getResponse, "offers[5].groups[0].pricingPlans[0].pricingPlanData[0].priceLabel", "6.69"): Verify element property value successfully

2023-10-16 14:17:09 - [MESSAGE][PASSED] - Verify element property value successfully

2023-10-16 14:17:09 - [TEST_STEP][PASSED] - verifyElementPropertyValue(getResponse, "offers[5].groups[0].pricingPlans[0].pricingPlanData[0].currencyLabel", "$"): Verify element property value successfully

2023-10-16 14:17:09 - [MESSAGE][PASSED] - Verify element property value successfully

2023-10-16 14:17:09 - [TEST_STEP][PASSED] - verifyElementPropertyValue(getResponse, "offers[5].groups[0].pricingPlans[0].pricingPlanData[0].dealId", "WB_SPORT_30P_LBN"): Verify element property value successfully

2023-10-16 14:17:09 - [MESSAGE][PASSED] - Verify element property value successfully

2023-10-16 14:17:09 - [TEST_STEP][PASSED] - verifyElementPropertyValue(getResponse, "offers[5].groups[0].pricingPlans[0].pricingPlanData[0].allowedForAcquisition", "true"): Verify element property value successfully

2023-10-16 14:17:09 - [MESSAGE][PASSED] - Verify element property value successfully

2023-10-16 14:17:09 - [TEST_STEP][PASSED] - verifyElementPropertyValue(getResponse, "offers[5].groups[0].pricingPlans[0].pricingPlanData[0].visualElements[0].key", "title"): Verify element property value successfully

2023-10-16 14:17:09 - [MESSAGE][PASSED] - Verify element property value successfully

2023-10-16 14:17:09 - [TEST_STEP][PASSED] - verifyElementPropertyValue(getResponse, "offers[5].groups[0].pricingPlans[0].pricingPlanData[0].visualElements[0].value", "Carte de crédit/débit"): Verify element property value successfully

2023-10-16 14:17:09 - [MESSAGE][PASSED] - Verify element property value successfully

2023-10-16 14:17:09 - [TEST_STEP][PASSED] - verifyElementPropertyValue(getResponse, "offers[5].groups[0].pricingPlans[0].pricingPlanData[0].visualElements[1].key", "CTA_text"): Verify element property value successfully

2023-10-16 14:17:09 - [MESSAGE][PASSED] - Verify element property value successfully

2023-10-16 14:17:09 - [TEST_STEP][PASSED] - verifyElementPropertyValue(getResponse, "offers[5].groups[0].pricingPlans[0].pricingPlanData[0].visualElements[1].value", "S’abonner"): Verify element property value successfully

2023-10-16 14:17:09 - [MESSAGE][PASSED] - Verify element property value successfully

2023-10-16 14:17:09 - [TEST_STEP][PASSED] - verifyElementPropertyValue(getResponse, "offers[5].groups[0].pricingPlans[0].pricingPlanData[0].visualElements[2].key", "logo"): Verify element property value successfully

2023-10-16 14:17:09 - [MESSAGE][PASSED] - Verify element property value successfully

2023-10-16 14:17:09 - [TEST_STEP][PASSED] - verifyElementPropertyValue(getResponse, "offers[5].groups[0].pricingPlans[0].pricingPlanData[0].visualElements[2].value", "https://static.s3.shahid.mbc.net/widget-images/icons/iconCreditCard.png"): Verify element property value successfully

2023-10-16 14:17:09 - [MESSAGE][PASSED] - Verify element property value successfully

2023-10-16 14:17:09 - [TEST_STEP][PASSED] - verifyElementPropertyValue(getResponse, "offers[6].offerId", "winback-sport-40-offer"): Verify element property value successfully

2023-10-16 14:17:09 - [MESSAGE][PASSED] - Verify element property value successfully

2023-10-16 14:17:09 - [TEST_STEP][PASSED] - verifyElementPropertyValue(getResponse, "offers[6].offerParam", "sportsoffer40"): Verify element property value successfully

2023-10-16 14:17:10 - [MESSAGE][PASSED] - Verify element property value successfully

2023-10-16 14:17:10 - [TEST_STEP][PASSED] - verifyElementPropertyValue(getResponse, "offers[6].groups[0].pricingPlans[0].featured", "true"): Verify element property value successfully

2023-10-16 14:17:10 - [MESSAGE][PASSED] - Verify element property value successfully

2023-10-16 14:17:10 - [TEST_STEP][PASSED] - verifyElementPropertyValue(getResponse, "offers[6].groups[0].pricingPlans[0].period", "monthly"): Verify element property value successfully

2023-10-16 14:17:10 - [MESSAGE][PASSED] - Verify element property value successfully

2023-10-16 14:17:10 - [TEST_STEP][PASSED] - verifyElementPropertyValue(getResponse, "offers[6].groups[0].pricingPlans[0].featured", "true"): Verify element property value successfully

2023-10-16 14:17:10 - [MESSAGE][PASSED] - Verify element property value successfully

2023-10-16 14:17:10 - [TEST_STEP][PASSED] - verifyElementPropertyValue(getResponse, "offers[6].groups[0].pricingPlans[0].price", "5.69"): Verify element property value successfully

2023-10-16 14:17:10 - [MESSAGE][PASSED] - Verify element property value successfully

2023-10-16 14:17:10 - [TEST_STEP][PASSED] - verifyElementPropertyValue(getResponse, "offers[6].groups[0].pricingPlans[0].currency", "$"): Verify element property value successfully

2023-10-16 14:17:10 - [MESSAGE][PASSED] - Verify element property value successfully

2023-10-16 14:17:10 - [TEST_STEP][PASSED] - verifyElementPropertyValue(getResponse, "offers[6].groups[0].pricingPlans[0].order", "0"): Verify element property value successfully

2023-10-16 14:17:10 - [MESSAGE][PASSED] - Verify element property value successfully

2023-10-16 14:17:10 - [TEST_STEP][PASSED] - verifyElementPropertyValue(getResponse, "offers[6].groups[0].pricingPlans[0].packageId", "SHAHID_VIP_SPORT"): Verify element property value successfully

2023-10-16 14:17:10 - [MESSAGE][PASSED] - Verify element property value successfully

2023-10-16 14:17:10 - [TEST_STEP][PASSED] - verifyElementPropertyValue(getResponse, "offers[6].groups[0].pricingPlans[0].catalogId", "SPORT"): Verify element property value successfully

2023-10-16 14:17:10 - [MESSAGE][PASSED] - Verify element property value successfully

2023-10-16 14:17:10 - [TEST_STEP][PASSED] - verifyElementPropertyValue(getResponse, "offers[6].groups[0].pricingPlans[0].visualElements[0].key", "Header_1_text"): Verify element property value successfully

2023-10-16 14:17:10 - [MESSAGE][PASSED] - Verify element property value successfully

2023-10-16 14:17:10 - [TEST_STEP][PASSED] - verifyElementPropertyValue(getResponse, "offers[6].groups[0].pricingPlans[0].visualElements[0].value", "Abonnez-vous dès maintenant et profitez de vos programmes sans publicité"): Verify element property value successfully

2023-10-16 14:17:10 - [MESSAGE][PASSED] - Verify element property value successfully

2023-10-16 14:17:10 - [TEST_STEP][PASSED] - verifyElementPropertyValue(getResponse, "offers[6].groups[0].pricingPlans[0].visualElements[1].key", "display_title"): Verify element property value successfully

2023-10-16 14:17:10 - [MESSAGE][PASSED] - Verify element property value successfully

2023-10-16 14:17:10 - [TEST_STEP][PASSED] - verifyElementPropertyValue(getResponse, "offers[6].groups[0].pricingPlans[0].visualElements[1].value", "40% de réduction"): Verify element property value successfully

2023-10-16 14:17:10 - [MESSAGE][PASSED] - Verify element property value successfully

2023-10-16 14:17:10 - [TEST_STEP][PASSED] - verifyElementPropertyValue(getResponse, "offers[6].groups[0].pricingPlans[0].visualElements[3].key", "deduction_text"): Verify element property value successfully

2023-10-16 14:17:10 - [MESSAGE][PASSED] - Verify element property value successfully

2023-10-16 14:17:10 - [TEST_STEP][PASSED] - verifyElementPropertyValue(getResponse, "offers[6].groups[0].pricingPlans[0].visualElements[3].value", "facturation mensuelle"): Verify element property value successfully

2023-10-16 14:17:10 - [MESSAGE][PASSED] - Verify element property value successfully

2023-10-16 14:17:10 - [TEST_STEP][PASSED] - verifyElementPropertyValue(getResponse, "offers[6].groups[0].pricingPlans[0].visualElements[6].key", "show_payment_logo"): Verify element property value successfully

2023-10-16 14:17:10 - [MESSAGE][PASSED] - Verify element property value successfully

2023-10-16 14:17:10 - [TEST_STEP][PASSED] - verifyElementPropertyValue(getResponse, "offers[6].groups[0].pricingPlans[0].visualElements[6].value", "true"): Verify element property value successfully

2023-10-16 14:17:10 - [MESSAGE][PASSED] - Verify element property value successfully

2023-10-16 14:17:10 - [TEST_STEP][PASSED] - verifyElementPropertyValue(getResponse, "offers[6].groups[0].pricingPlans[0].visualElements[8].key", "price"): Verify element property value successfully

2023-10-16 14:17:10 - [MESSAGE][PASSED] - Verify element property value successfully

2023-10-16 14:17:10 - [TEST_STEP][PASSED] - verifyElementPropertyValue(getResponse, "offers[6].groups[0].pricingPlans[0].visualElements[8].value", "5.69"): Verify element property value successfully

2023-10-16 14:17:10 - [MESSAGE][PASSED] - Verify element property value successfully

2023-10-16 14:17:10 - [TEST_STEP][PASSED] - verifyElementPropertyValue(getResponse, "offers[6].groups[0].pricingPlans[0].visualElements[9].key", "currency"): Verify element property value successfully

2023-10-16 14:17:10 - [MESSAGE][PASSED] - Verify element property value successfully

2023-10-16 14:17:10 - [TEST_STEP][PASSED] - verifyElementPropertyValue(getResponse, "offers[6].groups[0].pricingPlans[0].visualElements[9].value", "$"): Verify element property value successfully

2023-10-16 14:17:10 - [MESSAGE][PASSED] - Verify element property value successfully

2023-10-16 14:17:10 - [TEST_STEP][PASSED] - verifyElementPropertyValue(getResponse, "offers[6].groups[0].pricingPlans[0].visualElements[10].key", "duration"): Verify element property value successfully

2023-10-16 14:17:10 - [MESSAGE][PASSED] - Verify element property value successfully

2023-10-16 14:17:10 - [TEST_STEP][PASSED] - verifyElementPropertyValue(getResponse, "offers[6].groups[0].pricingPlans[0].visualElements[10].value", "Mensuel"): Verify element property value successfully

2023-10-16 14:17:10 - [MESSAGE][PASSED] - Verify element property value successfully

2023-10-16 14:17:10 - [TEST_STEP][PASSED] - verifyElementPropertyValue(getResponse, "offers[6].groups[0].pricingPlans[0].visualElements[11].key", "featured_tag_text"): Verify element property value successfully

2023-10-16 14:17:10 - [MESSAGE][PASSED] - Verify element property value successfully

2023-10-16 14:17:10 - [TEST_STEP][PASSED] - verifyElementPropertyValue(getResponse, "offers[6].groups[0].pricingPlans[0].visualElements[11].value", "Offre limitée"): Verify element property value successfully

2023-10-16 14:17:10 - [MESSAGE][PASSED] - Verify element property value successfully

2023-10-16 14:17:10 - [TEST_STEP][PASSED] - verifyElementPropertyValue(getResponse, "offers[6].groups[0].pricingPlans[0].visualElements[13].key", "tag_text"): Verify element property value successfully

2023-10-16 14:17:10 - [MESSAGE][PASSED] - Verify element property value successfully

2023-10-16 14:17:10 - [TEST_STEP][PASSED] - verifyElementPropertyValue(getResponse, "offers[6].groups[0].pricingPlans[0].visualElements[13].value", "Économisez 40% "): Verify element property value successfully

2023-10-16 14:17:10 - [MESSAGE][PASSED] - Verify element property value successfully

2023-10-16 14:17:10 - [TEST_STEP][PASSED] - verifyElementPropertyValue(getResponse, "offers[6].groups[0].pricingPlans[0].visualElements[12].key", "show_tag"): Verify element property value successfully

2023-10-16 14:17:10 - [MESSAGE][PASSED] - Verify element property value successfully

2023-10-16 14:17:10 - [TEST_STEP][PASSED] - verifyElementPropertyValue(getResponse, "offers[6].groups[0].pricingPlans[0].visualElements[12].value", "true"): Verify element property value successfully

2023-10-16 14:17:10 - [MESSAGE][PASSED] - Verify element property value successfully

2023-10-16 14:17:10 - [TEST_STEP][PASSED] - verifyElementPropertyValue(getResponse, "offers[6].groups[0].pricingPlans[0].pricingPlanData[0].productId", "LBN_B2C_SHAHID_VIP_SPORT_1M"): Verify element property value successfully

2023-10-16 14:17:10 - [MESSAGE][PASSED] - Verify element property value successfully

2023-10-16 14:17:10 - [TEST_STEP][PASSED] - verifyElementPropertyValue(getResponse, "offers[6].groups[0].pricingPlans[0].pricingPlanData[0].paymentMethod", "CREDIT_CARD"): Verify element property value successfully

2023-10-16 14:17:10 - [MESSAGE][PASSED] - Verify element property value successfully

2023-10-16 14:17:10 - [TEST_STEP][PASSED] - verifyElementPropertyValue(getResponse, "offers[6].groups[0].pricingPlans[0].pricingPlanData[0].freeTrialEnabled", "false"): Verify element property value successfully

2023-10-16 14:17:10 - [MESSAGE][PASSED] - Verify element property value successfully

2023-10-16 14:17:10 - [TEST_STEP][PASSED] - verifyElementPropertyValue(getResponse, "offers[6].groups[0].pricingPlans[0].pricingPlanData[0].showIn[0]", "VERTICAL_MODE"): Verify element property value successfully

2023-10-16 14:17:10 - [MESSAGE][PASSED] - Verify element property value successfully

2023-10-16 14:17:10 - [TEST_STEP][PASSED] - verifyElementPropertyValue(getResponse, "offers[6].groups[0].pricingPlans[0].pricingPlanData[0].showIn[1]", "HORIZONTAL_MODE"): Verify element property value successfully

2023-10-16 14:17:10 - [MESSAGE][PASSED] - Verify element property value successfully

2023-10-16 14:17:10 - [TEST_STEP][PASSED] - verifyElementPropertyValue(getResponse, "offers[6].groups[0].pricingPlans[0].pricingPlanData[0].priceLabel", "5.69"): Verify element property value successfully

2023-10-16 14:17:10 - [MESSAGE][PASSED] - Verify element property value successfully

2023-10-16 14:17:10 - [TEST_STEP][PASSED] - verifyElementPropertyValue(getResponse, "offers[6].groups[0].pricingPlans[0].pricingPlanData[0].currencyLabel", "$"): Verify element property value successfully

2023-10-16 14:17:10 - [MESSAGE][PASSED] - Verify element property value successfully

2023-10-16 14:17:10 - [TEST_STEP][PASSED] - verifyElementPropertyValue(getResponse, "offers[6].groups[0].pricingPlans[0].pricingPlanData[0].dealId", "WB_SPORT_40P_LBN"): Verify element property value successfully

2023-10-16 14:17:10 - [MESSAGE][PASSED] - Verify element property value successfully

2023-10-16 14:17:10 - [TEST_STEP][PASSED] - verifyElementPropertyValue(getResponse, "offers[6].groups[0].pricingPlans[0].pricingPlanData[0].allowedForAcquisition", "true"): Verify element property value successfully

2023-10-16 14:17:10 - [MESSAGE][PASSED] - Verify element property value successfully

2023-10-16 14:17:10 - [TEST_STEP][PASSED] - verifyElementPropertyValue(getResponse, "offers[6].groups[0].pricingPlans[0].pricingPlanData[0].visualElements[0].key", "title"): Verify element property value successfully

2023-10-16 14:17:10 - [MESSAGE][PASSED] - Verify element property value successfully

2023-10-16 14:17:10 - [TEST_STEP][PASSED] - verifyElementPropertyValue(getResponse, "offers[6].groups[0].pricingPlans[0].pricingPlanData[0].visualElements[0].value", "Carte de crédit/débit"): Verify element property value successfully

2023-10-16 14:17:10 - [MESSAGE][PASSED] - Verify element property value successfully

2023-10-16 14:17:10 - [TEST_STEP][PASSED] - verifyElementPropertyValue(getResponse, "offers[6].groups[0].pricingPlans[0].pricingPlanData[0].visualElements[1].key", "CTA_text"): Verify element property value successfully

2023-10-16 14:17:10 - [MESSAGE][PASSED] - Verify element property value successfully

2023-10-16 14:17:10 - [TEST_STEP][PASSED] - verifyElementPropertyValue(getResponse, "offers[6].groups[0].pricingPlans[0].pricingPlanData[0].visualElements[1].value", "S’abonner"): Verify element property value successfully

2023-10-16 14:17:10 - [MESSAGE][PASSED] - Verify element property value successfully

2023-10-16 14:17:10 - [TEST_STEP][PASSED] - verifyElementPropertyValue(getResponse, "offers[6].groups[0].pricingPlans[0].pricingPlanData[0].visualElements[2].key", "logo"): Verify element property value successfully

2023-10-16 14:17:10 - [MESSAGE][PASSED] - Verify element property value successfully

2023-10-16 14:17:10 - [TEST_STEP][PASSED] - verifyElementPropertyValue(getResponse, "offers[6].groups[0].pricingPlans[0].pricingPlanData[0].visualElements[2].value", "https://static.s3.shahid.mbc.net/widget-images/icons/iconCreditCard.png"): Verify element property value successfully

2023-10-16 14:17:10 - [MESSAGE][PASSED] - Verify element property value successfully

2023-10-16 14:17:10 - [TEST_STEP][PASSED] - verifyElementPropertyValue(getResponse, "offers[7].offerId", "winback-sport-50-offer"): Verify element property value successfully

2023-10-16 14:17:10 - [MESSAGE][PASSED] - Verify element property value successfully

2023-10-16 14:17:10 - [TEST_STEP][PASSED] - verifyElementPropertyValue(getResponse, "offers[7].offerParam", "sportsoffer50"): Verify element property value successfully

2023-10-16 14:17:10 - [MESSAGE][PASSED] - Verify element property value successfully

2023-10-16 14:17:10 - [TEST_STEP][PASSED] - verifyElementPropertyValue(getResponse, "offers[7].groups[0].pricingPlans[0].featured", "true"): Verify element property value successfully

2023-10-16 14:17:10 - [MESSAGE][PASSED] - Verify element property value successfully

2023-10-16 14:17:10 - [TEST_STEP][PASSED] - verifyElementPropertyValue(getResponse, "offers[7].groups[0].pricingPlans[0].period", "monthly"): Verify element property value successfully

2023-10-16 14:17:10 - [MESSAGE][PASSED] - Verify element property value successfully

2023-10-16 14:17:10 - [TEST_STEP][PASSED] - verifyElementPropertyValue(getResponse, "offers[7].groups[0].pricingPlans[0].featured", "true"): Verify element property value successfully

2023-10-16 14:17:10 - [MESSAGE][PASSED] - Verify element property value successfully

2023-10-16 14:17:10 - [TEST_STEP][PASSED] - verifyElementPropertyValue(getResponse, "offers[7].groups[0].pricingPlans[0].price", "4.79"): Verify element property value successfully

2023-10-16 14:17:10 - [MESSAGE][PASSED] - Verify element property value successfully

2023-10-16 14:17:10 - [TEST_STEP][PASSED] - verifyElementPropertyValue(getResponse, "offers[7].groups[0].pricingPlans[0].currency", "$"): Verify element property value successfully

2023-10-16 14:17:10 - [MESSAGE][PASSED] - Verify element property value successfully

2023-10-16 14:17:10 - [TEST_STEP][PASSED] - verifyElementPropertyValue(getResponse, "offers[7].groups[0].pricingPlans[0].order", "0"): Verify element property value successfully

2023-10-16 14:17:10 - [MESSAGE][PASSED] - Verify element property value successfully

2023-10-16 14:17:10 - [TEST_STEP][PASSED] - verifyElementPropertyValue(getResponse, "offers[7].groups[0].pricingPlans[0].packageId", "SHAHID_VIP_SPORT"): Verify element property value successfully

2023-10-16 14:17:10 - [MESSAGE][PASSED] - Verify element property value successfully

2023-10-16 14:17:10 - [TEST_STEP][PASSED] - verifyElementPropertyValue(getResponse, "offers[7].groups[0].pricingPlans[0].catalogId", "SPORT"): Verify element property value successfully

2023-10-16 14:17:10 - [MESSAGE][PASSED] - Verify element property value successfully

2023-10-16 14:17:10 - [TEST_STEP][PASSED] - verifyElementPropertyValue(getResponse, "offers[7].groups[0].pricingPlans[0].visualElements[0].key", "Header_1_text"): Verify element property value successfully

2023-10-16 14:17:10 - [MESSAGE][PASSED] - Verify element property value successfully

2023-10-16 14:17:10 - [TEST_STEP][PASSED] - verifyElementPropertyValue(getResponse, "offers[7].groups[0].pricingPlans[0].visualElements[0].value", "Abonnez-vous dès maintenant et profitez de vos programmes sans publicité"): Verify element property value successfully

2023-10-16 14:17:10 - [MESSAGE][PASSED] - Verify element property value successfully

2023-10-16 14:17:10 - [TEST_STEP][PASSED] - verifyElementPropertyValue(getResponse, "offers[7].groups[0].pricingPlans[0].visualElements[1].key", "display_title"): Verify element property value successfully

2023-10-16 14:17:10 - [MESSAGE][PASSED] - Verify element property value successfully

2023-10-16 14:17:10 - [TEST_STEP][PASSED] - verifyElementPropertyValue(getResponse, "offers[7].groups[0].pricingPlans[0].visualElements[1].value", "50% de réduction"): Verify element property value successfully

2023-10-16 14:17:10 - [MESSAGE][PASSED] - Verify element property value successfully

2023-10-16 14:17:10 - [TEST_STEP][PASSED] - verifyElementPropertyValue(getResponse, "offers[7].groups[0].pricingPlans[0].visualElements[3].key", "deduction_text"): Verify element property value successfully

2023-10-16 14:17:10 - [MESSAGE][PASSED] - Verify element property value successfully

2023-10-16 14:17:10 - [TEST_STEP][PASSED] - verifyElementPropertyValue(getResponse, "offers[7].groups[0].pricingPlans[0].visualElements[3].value", "facturation mensuelle"): Verify element property value successfully

2023-10-16 14:17:10 - [MESSAGE][PASSED] - Verify element property value successfully

2023-10-16 14:17:10 - [TEST_STEP][PASSED] - verifyElementPropertyValue(getResponse, "offers[7].groups[0].pricingPlans[0].visualElements[6].key", "show_payment_logo"): Verify element property value successfully

2023-10-16 14:17:10 - [MESSAGE][PASSED] - Verify element property value successfully

2023-10-16 14:17:10 - [TEST_STEP][PASSED] - verifyElementPropertyValue(getResponse, "offers[7].groups[0].pricingPlans[0].visualElements[6].value", "true"): Verify element property value successfully

2023-10-16 14:17:10 - [MESSAGE][PASSED] - Verify element property value successfully

2023-10-16 14:17:10 - [TEST_STEP][PASSED] - verifyElementPropertyValue(getResponse, "offers[7].groups[0].pricingPlans[0].visualElements[8].key", "price"): Verify element property value successfully

2023-10-16 14:17:10 - [MESSAGE][PASSED] - Verify element property value successfully

2023-10-16 14:17:10 - [TEST_STEP][PASSED] - verifyElementPropertyValue(getResponse, "offers[7].groups[0].pricingPlans[0].visualElements[8].value", "4.79"): Verify element property value successfully

2023-10-16 14:17:10 - [MESSAGE][PASSED] - Verify element property value successfully

2023-10-16 14:17:10 - [TEST_STEP][PASSED] - verifyElementPropertyValue(getResponse, "offers[7].groups[0].pricingPlans[0].visualElements[9].key", "currency"): Verify element property value successfully

2023-10-16 14:17:10 - [MESSAGE][PASSED] - Verify element property value successfully

2023-10-16 14:17:10 - [TEST_STEP][PASSED] - verifyElementPropertyValue(getResponse, "offers[7].groups[0].pricingPlans[0].visualElements[9].value", "$"): Verify element property value successfully

2023-10-16 14:17:10 - [MESSAGE][PASSED] - Verify element property value successfully

2023-10-16 14:17:10 - [TEST_STEP][PASSED] - verifyElementPropertyValue(getResponse, "offers[7].groups[0].pricingPlans[0].visualElements[10].key", "duration"): Verify element property value successfully

2023-10-16 14:17:10 - [MESSAGE][PASSED] - Verify element property value successfully

2023-10-16 14:17:10 - [TEST_STEP][PASSED] - verifyElementPropertyValue(getResponse, "offers[7].groups[0].pricingPlans[0].visualElements[10].value", "Mensuel"): Verify element property value successfully

2023-10-16 14:17:10 - [MESSAGE][PASSED] - Verify element property value successfully

2023-10-16 14:17:10 - [TEST_STEP][PASSED] - verifyElementPropertyValue(getResponse, "offers[7].groups[0].pricingPlans[0].visualElements[11].key", "featured_tag_text"): Verify element property value successfully

2023-10-16 14:17:10 - [MESSAGE][PASSED] - Verify element property value successfully

2023-10-16 14:17:10 - [TEST_STEP][PASSED] - verifyElementPropertyValue(getResponse, "offers[7].groups[0].pricingPlans[0].visualElements[11].value", "Offre limitée"): Verify element property value successfully

2023-10-16 14:17:10 - [MESSAGE][PASSED] - Verify element property value successfully

2023-10-16 14:17:10 - [TEST_STEP][PASSED] - verifyElementPropertyValue(getResponse, "offers[7].groups[0].pricingPlans[0].visualElements[13].key", "tag_text"): Verify element property value successfully

2023-10-16 14:17:10 - [MESSAGE][PASSED] - Verify element property value successfully

2023-10-16 14:17:10 - [TEST_STEP][PASSED] - verifyElementPropertyValue(getResponse, "offers[7].groups[0].pricingPlans[0].visualElements[13].value", "Économisez 50% "): Verify element property value successfully

2023-10-16 14:17:10 - [MESSAGE][PASSED] - Verify element property value successfully

2023-10-16 14:17:10 - [TEST_STEP][PASSED] - verifyElementPropertyValue(getResponse, "offers[7].groups[0].pricingPlans[0].visualElements[12].key", "show_tag"): Verify element property value successfully

2023-10-16 14:17:10 - [MESSAGE][PASSED] - Verify element property value successfully

2023-10-16 14:17:10 - [TEST_STEP][PASSED] - verifyElementPropertyValue(getResponse, "offers[7].groups[0].pricingPlans[0].visualElements[12].value", "true"): Verify element property value successfully

2023-10-16 14:17:10 - [MESSAGE][PASSED] - Verify element property value successfully

2023-10-16 14:17:10 - [TEST_STEP][PASSED] - verifyElementPropertyValue(getResponse, "offers[7].groups[0].pricingPlans[0].pricingPlanData[0].productId", "LBN_B2C_SHAHID_VIP_SPORT_1M"): Verify element property value successfully

2023-10-16 14:17:10 - [MESSAGE][PASSED] - Verify element property value successfully

2023-10-16 14:17:10 - [TEST_STEP][PASSED] - verifyElementPropertyValue(getResponse, "offers[7].groups[0].pricingPlans[0].pricingPlanData[0].paymentMethod", "CREDIT_CARD"): Verify element property value successfully

2023-10-16 14:17:10 - [MESSAGE][PASSED] - Verify element property value successfully

2023-10-16 14:17:10 - [TEST_STEP][PASSED] - verifyElementPropertyValue(getResponse, "offers[7].groups[0].pricingPlans[0].pricingPlanData[0].freeTrialEnabled", "false"): Verify element property value successfully

2023-10-16 14:17:10 - [MESSAGE][PASSED] - Verify element property value successfully

2023-10-16 14:17:10 - [TEST_STEP][PASSED] - verifyElementPropertyValue(getResponse, "offers[7].groups[0].pricingPlans[0].pricingPlanData[0].showIn[0]", "VERTICAL_MODE"): Verify element property value successfully

2023-10-16 14:17:10 - [MESSAGE][PASSED] - Verify element property value successfully

2023-10-16 14:17:10 - [TEST_STEP][PASSED] - verifyElementPropertyValue(getResponse, "offers[7].groups[0].pricingPlans[0].pricingPlanData[0].showIn[1]", "HORIZONTAL_MODE"): Verify element property value successfully

2023-10-16 14:17:10 - [MESSAGE][PASSED] - Verify element property value successfully

2023-10-16 14:17:10 - [TEST_STEP][PASSED] - verifyElementPropertyValue(getResponse, "offers[7].groups[0].pricingPlans[0].pricingPlanData[0].priceLabel", "4.79"): Verify element property value successfully

2023-10-16 14:17:10 - [MESSAGE][PASSED] - Verify element property value successfully

2023-10-16 14:17:10 - [TEST_STEP][PASSED] - verifyElementPropertyValue(getResponse, "offers[7].groups[0].pricingPlans[0].pricingPlanData[0].currencyLabel", "$"): Verify element property value successfully

2023-10-16 14:17:10 - [MESSAGE][PASSED] - Verify element property value successfully

2023-10-16 14:17:10 - [TEST_STEP][PASSED] - verifyElementPropertyValue(getResponse, "offers[7].groups[0].pricingPlans[0].pricingPlanData[0].dealId", "WB_SPORT_50P_LBN"): Verify element property value successfully

2023-10-16 14:17:10 - [MESSAGE][PASSED] - Verify element property value successfully

2023-10-16 14:17:10 - [TEST_STEP][PASSED] - verifyElementPropertyValue(getResponse, "offers[7].groups[0].pricingPlans[0].pricingPlanData[0].allowedForAcquisition", "true"): Verify element property value successfully

2023-10-16 14:17:10 - [MESSAGE][PASSED] - Verify element property value successfully

2023-10-16 14:17:10 - [TEST_STEP][PASSED] - verifyElementPropertyValue(getResponse, "offers[7].groups[0].pricingPlans[0].pricingPlanData[0].visualElements[0].key", "title"): Verify element property value successfully

2023-10-16 14:17:10 - [MESSAGE][PASSED] - Verify element property value successfully

2023-10-16 14:17:10 - [TEST_STEP][PASSED] - verifyElementPropertyValue(getResponse, "offers[7].groups[0].pricingPlans[0].pricingPlanData[0].visualElements[0].value", "Carte de crédit/débit"): Verify element property value successfully

2023-10-16 14:17:10 - [MESSAGE][PASSED] - Verify element property value successfully

2023-10-16 14:17:10 - [TEST_STEP][PASSED] - verifyElementPropertyValue(getResponse, "offers[7].groups[0].pricingPlans[0].pricingPlanData[0].visualElements[1].key", "CTA_text"): Verify element property value successfully

2023-10-16 14:17:10 - [MESSAGE][PASSED] - Verify element property value successfully

2023-10-16 14:17:10 - [TEST_STEP][PASSED] - verifyElementPropertyValue(getResponse, "offers[7].groups[0].pricingPlans[0].pricingPlanData[0].visualElements[1].value", "S’abonner"): Verify element property value successfully

2023-10-16 14:17:10 - [MESSAGE][PASSED] - Verify element property value successfully

2023-10-16 14:17:10 - [TEST_STEP][PASSED] - verifyElementPropertyValue(getResponse, "offers[7].groups[0].pricingPlans[0].pricingPlanData[0].visualElements[2].key", "logo"): Verify element property value successfully

2023-10-16 14:17:10 - [MESSAGE][PASSED] - Verify element property value successfully

2023-10-16 14:17:10 - [TEST_STEP][PASSED] - verifyElementPropertyValue(getResponse, "offers[7].groups[0].pricingPlans[0].pricingPlanData[0].visualElements[2].value", "https://static.s3.shahid.mbc.net/widget-images/icons/iconCreditCard.png"): Verify element property value successfully

2023-10-16 14:17:10 - [MESSAGE][PASSED] - Verify element property value successfully

2023-10-16 14:17:10 - [TEST_STEP][PASSED] - verifyElementPropertyValue(getResponse, "offers[11].offerId", "byg-sport-30-offer"): Verify element property value successfully

2023-10-16 14:17:10 - [MESSAGE][PASSED] - Verify element property value successfully

2023-10-16 14:17:10 - [TEST_STEP][PASSED] - verifyElementPropertyValue(getResponse, "offers[11].offerParam", "bygsportsoffer30"): Verify element property value successfully

2023-10-16 14:17:10 - [MESSAGE][PASSED] - Verify element property value successfully

2023-10-16 14:17:10 - [TEST_STEP][PASSED] - verifyElementPropertyValue(getResponse, "offers[11].groups[0].pricingPlans[0].featured", "true"): Verify element property value successfully

2023-10-16 14:17:10 - [MESSAGE][PASSED] - Verify element property value successfully

2023-10-16 14:17:10 - [TEST_STEP][PASSED] - verifyElementPropertyValue(getResponse, "offers[11].groups[0].pricingPlans[0].period", "monthly"): Verify element property value successfully

2023-10-16 14:17:10 - [MESSAGE][PASSED] - Verify element property value successfully

2023-10-16 14:17:10 - [TEST_STEP][PASSED] - verifyElementPropertyValue(getResponse, "offers[11].groups[0].pricingPlans[0].featured", "true"): Verify element property value successfully

2023-10-16 14:17:10 - [MESSAGE][PASSED] - Verify element property value successfully

2023-10-16 14:17:10 - [TEST_STEP][PASSED] - verifyElementPropertyValue(getResponse, "offers[11].groups[0].pricingPlans[0].price", "6.69"): Verify element property value successfully

2023-10-16 14:17:10 - [MESSAGE][PASSED] - Verify element property value successfully

2023-10-16 14:17:10 - [TEST_STEP][PASSED] - verifyElementPropertyValue(getResponse, "offers[11].groups[0].pricingPlans[0].currency", "$"): Verify element property value successfully

2023-10-16 14:17:10 - [MESSAGE][PASSED] - Verify element property value successfully

2023-10-16 14:17:10 - [TEST_STEP][PASSED] - verifyElementPropertyValue(getResponse, "offers[11].groups[0].pricingPlans[0].order", "0"): Verify element property value successfully

2023-10-16 14:17:10 - [MESSAGE][PASSED] - Verify element property value successfully

2023-10-16 14:17:10 - [TEST_STEP][PASSED] - verifyElementPropertyValue(getResponse, "offers[11].groups[0].pricingPlans[0].packageId", "SHAHID_VIP_SPORT"): Verify element property value successfully

2023-10-16 14:17:10 - [MESSAGE][PASSED] - Verify element property value successfully

2023-10-16 14:17:10 - [TEST_STEP][PASSED] - verifyElementPropertyValue(getResponse, "offers[11].groups[0].pricingPlans[0].catalogId", "SPORT"): Verify element property value successfully

2023-10-16 14:17:10 - [MESSAGE][PASSED] - Verify element property value successfully

2023-10-16 14:17:10 - [TEST_STEP][PASSED] - verifyElementPropertyValue(getResponse, "offers[11].groups[0].pricingPlans[0].visualElements[0].key", "Header_1_text"): Verify element property value successfully

2023-10-16 14:17:10 - [MESSAGE][PASSED] - Verify element property value successfully

2023-10-16 14:17:10 - [TEST_STEP][PASSED] - verifyElementPropertyValue(getResponse, "offers[11].groups[0].pricingPlans[0].visualElements[0].value", "Abonnez-vous dès maintenant et profitez de vos programmes sans publicité"): Verify element property value successfully

2023-10-16 14:17:10 - [MESSAGE][PASSED] - Verify element property value successfully

2023-10-16 14:17:10 - [TEST_STEP][PASSED] - verifyElementPropertyValue(getResponse, "offers[11].groups[0].pricingPlans[0].visualElements[1].key", "display_title"): Verify element property value successfully

2023-10-16 14:17:10 - [MESSAGE][PASSED] - Verify element property value successfully

2023-10-16 14:17:10 - [TEST_STEP][PASSED] - verifyElementPropertyValue(getResponse, "offers[11].groups[0].pricingPlans[0].visualElements[1].value", "30% de réduction"): Verify element property value successfully

2023-10-16 14:17:10 - [MESSAGE][PASSED] - Verify element property value successfully

2023-10-16 14:17:10 - [TEST_STEP][PASSED] - verifyElementPropertyValue(getResponse, "offers[11].groups[0].pricingPlans[0].visualElements[3].key", "deduction_text"): Verify element property value successfully

2023-10-16 14:17:10 - [MESSAGE][PASSED] - Verify element property value successfully

2023-10-16 14:17:10 - [TEST_STEP][PASSED] - verifyElementPropertyValue(getResponse, "offers[11].groups[0].pricingPlans[0].visualElements[3].value", "facturation mensuelle"): Verify element property value successfully

2023-10-16 14:17:10 - [MESSAGE][PASSED] - Verify element property value successfully

2023-10-16 14:17:10 - [TEST_STEP][PASSED] - verifyElementPropertyValue(getResponse, "offers[11].groups[0].pricingPlans[0].visualElements[6].key", "show_payment_logo"): Verify element property value successfully

2023-10-16 14:17:10 - [MESSAGE][PASSED] - Verify element property value successfully

2023-10-16 14:17:10 - [TEST_STEP][PASSED] - verifyElementPropertyValue(getResponse, "offers[11].groups[0].pricingPlans[0].visualElements[6].value", "true"): Verify element property value successfully

2023-10-16 14:17:10 - [MESSAGE][PASSED] - Verify element property value successfully

2023-10-16 14:17:10 - [TEST_STEP][PASSED] - verifyElementPropertyValue(getResponse, "offers[11].groups[0].pricingPlans[0].visualElements[8].key", "price"): Verify element property value successfully

2023-10-16 14:17:10 - [MESSAGE][PASSED] - Verify element property value successfully

2023-10-16 14:17:10 - [TEST_STEP][PASSED] - verifyElementPropertyValue(getResponse, "offers[11].groups[0].pricingPlans[0].visualElements[8].value", "6.69"): Verify element property value successfully

2023-10-16 14:17:11 - [MESSAGE][PASSED] - Verify element property value successfully

2023-10-16 14:17:11 - [TEST_STEP][PASSED] - verifyElementPropertyValue(getResponse, "offers[11].groups[0].pricingPlans[0].visualElements[9].key", "currency"): Verify element property value successfully

2023-10-16 14:17:11 - [MESSAGE][PASSED] - Verify element property value successfully

2023-10-16 14:17:11 - [TEST_STEP][PASSED] - verifyElementPropertyValue(getResponse, "offers[11].groups[0].pricingPlans[0].visualElements[9].value", "$"): Verify element property value successfully

2023-10-16 14:17:11 - [MESSAGE][PASSED] - Verify element property value successfully

2023-10-16 14:17:11 - [TEST_STEP][PASSED] - verifyElementPropertyValue(getResponse, "offers[11].groups[0].pricingPlans[0].visualElements[10].key", "duration"): Verify element property value successfully

2023-10-16 14:17:11 - [MESSAGE][PASSED] - Verify element property value successfully

2023-10-16 14:17:11 - [TEST_STEP][PASSED] - verifyElementPropertyValue(getResponse, "offers[11].groups[0].pricingPlans[0].visualElements[10].value", "Mensuel"): Verify element property value successfully

2023-10-16 14:17:11 - [MESSAGE][PASSED] - Verify element property value successfully

2023-10-16 14:17:11 - [TEST_STEP][PASSED] - verifyElementPropertyValue(getResponse, "offers[11].groups[0].pricingPlans[0].visualElements[11].key", "featured_tag_text"): Verify element property value successfully

2023-10-16 14:17:11 - [MESSAGE][PASSED] - Verify element property value successfully

2023-10-16 14:17:11 - [TEST_STEP][PASSED] - verifyElementPropertyValue(getResponse, "offers[11].groups[0].pricingPlans[0].visualElements[11].value", "Offre limitée"): Verify element property value successfully

2023-10-16 14:17:11 - [MESSAGE][PASSED] - Verify element property value successfully

2023-10-16 14:17:11 - [TEST_STEP][PASSED] - verifyElementPropertyValue(getResponse, "offers[11].groups[0].pricingPlans[0].visualElements[13].key", "tag_text"): Verify element property value successfully

2023-10-16 14:17:11 - [MESSAGE][PASSED] - Verify element property value successfully

2023-10-16 14:17:11 - [TEST_STEP][PASSED] - verifyElementPropertyValue(getResponse, "offers[11].groups[0].pricingPlans[0].visualElements[13].value", "Économisez 30% "): Verify element property value successfully

2023-10-16 14:17:11 - [MESSAGE][PASSED] - Verify element property value successfully

2023-10-16 14:17:11 - [TEST_STEP][PASSED] - verifyElementPropertyValue(getResponse, "offers[11].groups[0].pricingPlans[0].visualElements[12].key", "show_tag"): Verify element property value successfully

2023-10-16 14:17:11 - [MESSAGE][PASSED] - Verify element property value successfully

2023-10-16 14:17:11 - [TEST_STEP][PASSED] - verifyElementPropertyValue(getResponse, "offers[11].groups[0].pricingPlans[0].visualElements[12].value", "true"): Verify element property value successfully

2023-10-16 14:17:11 - [MESSAGE][PASSED] - Verify element property value successfully

2023-10-16 14:17:11 - [TEST_STEP][PASSED] - verifyElementPropertyValue(getResponse, "offers[11].groups[0].pricingPlans[0].pricingPlanData[0].productId", "LBN_B2C_SHAHID_VIP_SPORT_1M"): Verify element property value successfully

2023-10-16 14:17:11 - [MESSAGE][PASSED] - Verify element property value successfully

2023-10-16 14:17:11 - [TEST_STEP][PASSED] - verifyElementPropertyValue(getResponse, "offers[11].groups[0].pricingPlans[0].pricingPlanData[0].paymentMethod", "CREDIT_CARD"): Verify element property value successfully

2023-10-16 14:17:11 - [MESSAGE][PASSED] - Verify element property value successfully

2023-10-16 14:17:11 - [TEST_STEP][PASSED] - verifyElementPropertyValue(getResponse, "offers[11].groups[0].pricingPlans[0].pricingPlanData[0].freeTrialEnabled", "false"): Verify element property value successfully

2023-10-16 14:17:11 - [MESSAGE][PASSED] - Verify element property value successfully

2023-10-16 14:17:11 - [TEST_STEP][PASSED] - verifyElementPropertyValue(getResponse, "offers[11].groups[0].pricingPlans[0].pricingPlanData[0].showIn[0]", "VERTICAL_MODE"): Verify element property value successfully

2023-10-16 14:17:11 - [MESSAGE][PASSED] - Verify element property value successfully

2023-10-16 14:17:11 - [TEST_STEP][PASSED] - verifyElementPropertyValue(getResponse, "offers[11].groups[0].pricingPlans[0].pricingPlanData[0].showIn[1]", "HORIZONTAL_MODE"): Verify element property value successfully

2023-10-16 14:17:11 - [MESSAGE][PASSED] - Verify element property value successfully

2023-10-16 14:17:11 - [TEST_STEP][PASSED] - verifyElementPropertyValue(getResponse, "offers[11].groups[0].pricingPlans[0].pricingPlanData[0].priceLabel", "6.69"): Verify element property value successfully

2023-10-16 14:17:11 - [MESSAGE][PASSED] - Verify element property value successfully

2023-10-16 14:17:11 - [TEST_STEP][PASSED] - verifyElementPropertyValue(getResponse, "offers[11].groups[0].pricingPlans[0].pricingPlanData[0].currencyLabel", "$"): Verify element property value successfully

2023-10-16 14:17:11 - [MESSAGE][PASSED] - Verify element property value successfully

2023-10-16 14:17:11 - [TEST_STEP][PASSED] - verifyElementPropertyValue(getResponse, "offers[11].groups[0].pricingPlans[0].pricingPlanData[0].dealId", "BYG_SPORT_30P_LBN"): Verify element property value successfully

2023-10-16 14:17:11 - [MESSAGE][PASSED] - Verify element property value successfully

2023-10-16 14:17:11 - [TEST_STEP][PASSED] - verifyElementPropertyValue(getResponse, "offers[11].groups[0].pricingPlans[0].pricingPlanData[0].allowedForAcquisition", "true"): Verify element property value successfully

2023-10-16 14:17:11 - [MESSAGE][PASSED] - Verify element property value successfully

2023-10-16 14:17:11 - [TEST_STEP][PASSED] - verifyElementPropertyValue(getResponse, "offers[11].groups[0].pricingPlans[0].pricingPlanData[0].visualElements[0].key", "title"): Verify element property value successfully

2023-10-16 14:17:11 - [MESSAGE][PASSED] - Verify element property value successfully

2023-10-16 14:17:11 - [TEST_STEP][PASSED] - verifyElementPropertyValue(getResponse, "offers[11].groups[0].pricingPlans[0].pricingPlanData[0].visualElements[0].value", "Carte de crédit/débit"): Verify element property value successfully

2023-10-16 14:17:11 - [MESSAGE][PASSED] - Verify element property value successfully

2023-10-16 14:17:11 - [TEST_STEP][PASSED] - verifyElementPropertyValue(getResponse, "offers[11].groups[0].pricingPlans[0].pricingPlanData[0].visualElements[1].key", "CTA_text"): Verify element property value successfully

2023-10-16 14:17:11 - [MESSAGE][PASSED] - Verify element property value successfully

2023-10-16 14:17:11 - [TEST_STEP][PASSED] - verifyElementPropertyValue(getResponse, "offers[11].groups[0].pricingPlans[0].pricingPlanData[0].visualElements[1].value", "S’abonner"): Verify element property value successfully

2023-10-16 14:17:11 - [MESSAGE][PASSED] - Verify element property value successfully

2023-10-16 14:17:11 - [TEST_STEP][PASSED] - verifyElementPropertyValue(getResponse, "offers[11].groups[0].pricingPlans[0].pricingPlanData[0].visualElements[2].key", "logo"): Verify element property value successfully

2023-10-16 14:17:11 - [MESSAGE][PASSED] - Verify element property value successfully

2023-10-16 14:17:11 - [TEST_STEP][PASSED] - verifyElementPropertyValue(getResponse, "offers[11].groups[0].pricingPlans[0].pricingPlanData[0].visualElements[2].value", "https://static.s3.shahid.mbc.net/widget-images/icons/iconCreditCard.png"): Verify element property value successfully

2023-10-16 14:17:11 - [MESSAGE][PASSED] - Verify element property value successfully

2023-10-16 14:17:11 - [TEST_STEP][PASSED] - verifyElementPropertyValue(getResponse, "offers[12].offerId", "byg-sport-40-offer"): Verify element property value successfully

2023-10-16 14:17:11 - [MESSAGE][PASSED] - Verify element property value successfully

2023-10-16 14:17:11 - [TEST_STEP][PASSED] - verifyElementPropertyValue(getResponse, "offers[12].offerParam", "bygsportsoffer40"): Verify element property value successfully

2023-10-16 14:17:11 - [MESSAGE][PASSED] - Verify element property value successfully

2023-10-16 14:17:11 - [TEST_STEP][PASSED] - verifyElementPropertyValue(getResponse, "offers[12].groups[0].pricingPlans[0].featured", "true"): Verify element property value successfully

2023-10-16 14:17:11 - [MESSAGE][PASSED] - Verify element property value successfully

2023-10-16 14:17:11 - [TEST_STEP][PASSED] - verifyElementPropertyValue(getResponse, "offers[12].groups[0].pricingPlans[0].period", "monthly"): Verify element property value successfully

2023-10-16 14:17:11 - [MESSAGE][PASSED] - Verify element property value successfully

2023-10-16 14:17:11 - [TEST_STEP][PASSED] - verifyElementPropertyValue(getResponse, "offers[12].groups[0].pricingPlans[0].featured", "true"): Verify element property value successfully

2023-10-16 14:17:11 - [MESSAGE][PASSED] - Verify element property value successfully

2023-10-16 14:17:11 - [TEST_STEP][PASSED] - verifyElementPropertyValue(getResponse, "offers[12].groups[0].pricingPlans[0].price", "5.69"): Verify element property value successfully

2023-10-16 14:17:11 - [MESSAGE][PASSED] - Verify element property value successfully

2023-10-16 14:17:11 - [TEST_STEP][PASSED] - verifyElementPropertyValue(getResponse, "offers[12].groups[0].pricingPlans[0].currency", "$"): Verify element property value successfully

2023-10-16 14:17:11 - [MESSAGE][PASSED] - Verify element property value successfully

2023-10-16 14:17:11 - [TEST_STEP][PASSED] - verifyElementPropertyValue(getResponse, "offers[12].groups[0].pricingPlans[0].order", "0"): Verify element property value successfully

2023-10-16 14:17:11 - [MESSAGE][PASSED] - Verify element property value successfully

2023-10-16 14:17:11 - [TEST_STEP][PASSED] - verifyElementPropertyValue(getResponse, "offers[12].groups[0].pricingPlans[0].packageId", "SHAHID_VIP_SPORT"): Verify element property value successfully

2023-10-16 14:17:11 - [MESSAGE][PASSED] - Verify element property value successfully

2023-10-16 14:17:11 - [TEST_STEP][PASSED] - verifyElementPropertyValue(getResponse, "offers[12].groups[0].pricingPlans[0].catalogId", "SPORT"): Verify element property value successfully

2023-10-16 14:17:11 - [MESSAGE][PASSED] - Verify element property value successfully

2023-10-16 14:17:11 - [TEST_STEP][PASSED] - verifyElementPropertyValue(getResponse, "offers[12].groups[0].pricingPlans[0].visualElements[0].key", "Header_1_text"): Verify element property value successfully

2023-10-16 14:17:11 - [MESSAGE][PASSED] - Verify element property value successfully

2023-10-16 14:17:11 - [TEST_STEP][PASSED] - verifyElementPropertyValue(getResponse, "offers[12].groups[0].pricingPlans[0].visualElements[0].value", "Abonnez-vous dès maintenant et profitez de vos programmes sans publicité"): Verify element property value successfully

2023-10-16 14:17:11 - [MESSAGE][PASSED] - Verify element property value successfully

2023-10-16 14:17:11 - [TEST_STEP][PASSED] - verifyElementPropertyValue(getResponse, "offers[12].groups[0].pricingPlans[0].visualElements[1].key", "display_title"): Verify element property value successfully

2023-10-16 14:17:11 - [MESSAGE][PASSED] - Verify element property value successfully

2023-10-16 14:17:11 - [TEST_STEP][PASSED] - verifyElementPropertyValue(getResponse, "offers[12].groups[0].pricingPlans[0].visualElements[1].value", "40% de réduction"): Verify element property value successfully

2023-10-16 14:17:11 - [MESSAGE][PASSED] - Verify element property value successfully

2023-10-16 14:17:11 - [TEST_STEP][PASSED] - verifyElementPropertyValue(getResponse, "offers[12].groups[0].pricingPlans[0].visualElements[3].key", "deduction_text"): Verify element property value successfully

2023-10-16 14:17:11 - [MESSAGE][PASSED] - Verify element property value successfully

2023-10-16 14:17:11 - [TEST_STEP][PASSED] - verifyElementPropertyValue(getResponse, "offers[12].groups[0].pricingPlans[0].visualElements[3].value", "facturation mensuelle"): Verify element property value successfully

2023-10-16 14:17:11 - [MESSAGE][PASSED] - Verify element property value successfully

2023-10-16 14:17:11 - [TEST_STEP][PASSED] - verifyElementPropertyValue(getResponse, "offers[12].groups[0].pricingPlans[0].visualElements[6].key", "show_payment_logo"): Verify element property value successfully

2023-10-16 14:17:11 - [MESSAGE][PASSED] - Verify element property value successfully

2023-10-16 14:17:11 - [TEST_STEP][PASSED] - verifyElementPropertyValue(getResponse, "offers[12].groups[0].pricingPlans[0].visualElements[6].value", "true"): Verify element property value successfully

2023-10-16 14:17:11 - [MESSAGE][PASSED] - Verify element property value successfully

2023-10-16 14:17:11 - [TEST_STEP][PASSED] - verifyElementPropertyValue(getResponse, "offers[12].groups[0].pricingPlans[0].visualElements[8].key", "price"): Verify element property value successfully

2023-10-16 14:17:11 - [MESSAGE][PASSED] - Verify element property value successfully

2023-10-16 14:17:11 - [TEST_STEP][PASSED] - verifyElementPropertyValue(getResponse, "offers[12].groups[0].pricingPlans[0].visualElements[8].value", "5.69"): Verify element property value successfully

2023-10-16 14:17:11 - [MESSAGE][PASSED] - Verify element property value successfully

2023-10-16 14:17:11 - [TEST_STEP][PASSED] - verifyElementPropertyValue(getResponse, "offers[12].groups[0].pricingPlans[0].visualElements[9].key", "currency"): Verify element property value successfully

2023-10-16 14:17:11 - [MESSAGE][PASSED] - Verify element property value successfully

2023-10-16 14:17:11 - [TEST_STEP][PASSED] - verifyElementPropertyValue(getResponse, "offers[12].groups[0].pricingPlans[0].visualElements[9].value", "$"): Verify element property value successfully

2023-10-16 14:17:11 - [MESSAGE][PASSED] - Verify element property value successfully

2023-10-16 14:17:11 - [TEST_STEP][PASSED] - verifyElementPropertyValue(getResponse, "offers[12].groups[0].pricingPlans[0].visualElements[10].key", "duration"): Verify element property value successfully

2023-10-16 14:17:11 - [MESSAGE][PASSED] - Verify element property value successfully

2023-10-16 14:17:11 - [TEST_STEP][PASSED] - verifyElementPropertyValue(getResponse, "offers[12].groups[0].pricingPlans[0].visualElements[10].value", "Mensuel"): Verify element property value successfully

2023-10-16 14:17:11 - [MESSAGE][PASSED] - Verify element property value successfully

2023-10-16 14:17:11 - [TEST_STEP][PASSED] - verifyElementPropertyValue(getResponse, "offers[12].groups[0].pricingPlans[0].visualElements[11].key", "featured_tag_text"): Verify element property value successfully

2023-10-16 14:17:11 - [MESSAGE][PASSED] - Verify element property value successfully

2023-10-16 14:17:11 - [TEST_STEP][PASSED] - verifyElementPropertyValue(getResponse, "offers[12].groups[0].pricingPlans[0].visualElements[11].value", "Offre limitée"): Verify element property value successfully

2023-10-16 14:17:11 - [MESSAGE][PASSED] - Verify element property value successfully

2023-10-16 14:17:11 - [TEST_STEP][PASSED] - verifyElementPropertyValue(getResponse, "offers[12].groups[0].pricingPlans[0].visualElements[13].key", "tag_text"): Verify element property value successfully

2023-10-16 14:17:11 - [MESSAGE][PASSED] - Verify element property value successfully

2023-10-16 14:17:11 - [TEST_STEP][PASSED] - verifyElementPropertyValue(getResponse, "offers[12].groups[0].pricingPlans[0].visualElements[13].value", "Économisez 40% "): Verify element property value successfully

2023-10-16 14:17:11 - [MESSAGE][PASSED] - Verify element property value successfully

2023-10-16 14:17:11 - [TEST_STEP][PASSED] - verifyElementPropertyValue(getResponse, "offers[12].groups[0].pricingPlans[0].visualElements[12].key", "show_tag"): Verify element property value successfully

2023-10-16 14:17:11 - [MESSAGE][PASSED] - Verify element property value successfully

2023-10-16 14:17:11 - [TEST_STEP][PASSED] - verifyElementPropertyValue(getResponse, "offers[12].groups[0].pricingPlans[0].visualElements[12].value", "true"): Verify element property value successfully

2023-10-16 14:17:11 - [MESSAGE][PASSED] - Verify element property value successfully

2023-10-16 14:17:11 - [TEST_STEP][PASSED] - verifyElementPropertyValue(getResponse, "offers[12].groups[0].pricingPlans[0].pricingPlanData[0].productId", "LBN_B2C_SHAHID_VIP_SPORT_1M"): Verify element property value successfully

2023-10-16 14:17:11 - [MESSAGE][PASSED] - Verify element property value successfully

2023-10-16 14:17:11 - [TEST_STEP][PASSED] - verifyElementPropertyValue(getResponse, "offers[12].groups[0].pricingPlans[0].pricingPlanData[0].paymentMethod", "CREDIT_CARD"): Verify element property value successfully

2023-10-16 14:17:11 - [MESSAGE][PASSED] - Verify element property value successfully

2023-10-16 14:17:11 - [TEST_STEP][PASSED] - verifyElementPropertyValue(getResponse, "offers[12].groups[0].pricingPlans[0].pricingPlanData[0].freeTrialEnabled", "false"): Verify element property value successfully

2023-10-16 14:17:11 - [MESSAGE][PASSED] - Verify element property value successfully

2023-10-16 14:17:11 - [TEST_STEP][PASSED] - verifyElementPropertyValue(getResponse, "offers[12].groups[0].pricingPlans[0].pricingPlanData[0].showIn[0]", "VERTICAL_MODE"): Verify element property value successfully

2023-10-16 14:17:11 - [MESSAGE][PASSED] - Verify element property value successfully

2023-10-16 14:17:11 - [TEST_STEP][PASSED] - verifyElementPropertyValue(getResponse, "offers[12].groups[0].pricingPlans[0].pricingPlanData[0].showIn[1]", "HORIZONTAL_MODE"): Verify element property value successfully

2023-10-16 14:17:11 - [MESSAGE][PASSED] - Verify element property value successfully

2023-10-16 14:17:11 - [TEST_STEP][PASSED] - verifyElementPropertyValue(getResponse, "offers[12].groups[0].pricingPlans[0].pricingPlanData[0].priceLabel", "5.69"): Verify element property value successfully

2023-10-16 14:17:11 - [MESSAGE][PASSED] - Verify element property value successfully

2023-10-16 14:17:11 - [TEST_STEP][PASSED] - verifyElementPropertyValue(getResponse, "offers[12].groups[0].pricingPlans[0].pricingPlanData[0].currencyLabel", "$"): Verify element property value successfully

2023-10-16 14:17:11 - [MESSAGE][PASSED] - Verify element property value successfully

2023-10-16 14:17:11 - [TEST_STEP][PASSED] - verifyElementPropertyValue(getResponse, "offers[12].groups[0].pricingPlans[0].pricingPlanData[0].dealId", "BYG_SPORT_40P_LBN"): Verify element property value successfully

2023-10-16 14:17:11 - [MESSAGE][PASSED] - Verify element property value successfully

2023-10-16 14:17:11 - [TEST_STEP][PASSED] - verifyElementPropertyValue(getResponse, "offers[12].groups[0].pricingPlans[0].pricingPlanData[0].allowedForAcquisition", "true"): Verify element property value successfully

2023-10-16 14:17:11 - [MESSAGE][PASSED] - Verify element property value successfully

2023-10-16 14:17:11 - [TEST_STEP][PASSED] - verifyElementPropertyValue(getResponse, "offers[12].groups[0].pricingPlans[0].pricingPlanData[0].visualElements[0].key", "title"): Verify element property value successfully

2023-10-16 14:17:11 - [MESSAGE][PASSED] - Verify element property value successfully

2023-10-16 14:17:11 - [TEST_STEP][PASSED] - verifyElementPropertyValue(getResponse, "offers[12].groups[0].pricingPlans[0].pricingPlanData[0].visualElements[0].value", "Carte de crédit/débit"): Verify element property value successfully

2023-10-16 14:17:11 - [MESSAGE][PASSED] - Verify element property value successfully

2023-10-16 14:17:11 - [TEST_STEP][PASSED] - verifyElementPropertyValue(getResponse, "offers[12].groups[0].pricingPlans[0].pricingPlanData[0].visualElements[1].key", "CTA_text"): Verify element property value successfully

2023-10-16 14:17:11 - [MESSAGE][PASSED] - Verify element property value successfully

2023-10-16 14:17:11 - [TEST_STEP][PASSED] - verifyElementPropertyValue(getResponse, "offers[12].groups[0].pricingPlans[0].pricingPlanData[0].visualElements[1].value", "S’abonner"): Verify element property value successfully

2023-10-16 14:17:11 - [MESSAGE][PASSED] - Verify element property value successfully

2023-10-16 14:17:11 - [TEST_STEP][PASSED] - verifyElementPropertyValue(getResponse, "offers[12].groups[0].pricingPlans[0].pricingPlanData[0].visualElements[2].key", "logo"): Verify element property value successfully

2023-10-16 14:17:11 - [MESSAGE][PASSED] - Verify element property value successfully

2023-10-16 14:17:11 - [TEST_STEP][PASSED] - verifyElementPropertyValue(getResponse, "offers[12].groups[0].pricingPlans[0].pricingPlanData[0].visualElements[2].value", "https://static.s3.shahid.mbc.net/widget-images/icons/iconCreditCard.png"): Verify element property value successfully

2023-10-16 14:17:11 - [MESSAGE][PASSED] - Verify element property value successfully

2023-10-16 14:17:11 - [TEST_STEP][PASSED] - verifyElementPropertyValue(getResponse, "offers[13].offerId", "byg-sport-50-offer"): Verify element property value successfully

2023-10-16 14:17:11 - [MESSAGE][PASSED] - Verify element property value successfully

2023-10-16 14:17:11 - [TEST_STEP][PASSED] - verifyElementPropertyValue(getResponse, "offers[13].offerParam", "bygsportsoffer50"): Verify element property value successfully

2023-10-16 14:17:11 - [MESSAGE][PASSED] - Verify element property value successfully

2023-10-16 14:17:11 - [TEST_STEP][PASSED] - verifyElementPropertyValue(getResponse, "offers[13].groups[0].pricingPlans[0].featured", "true"): Verify element property value successfully

2023-10-16 14:17:11 - [MESSAGE][PASSED] - Verify element property value successfully

2023-10-16 14:17:11 - [TEST_STEP][PASSED] - verifyElementPropertyValue(getResponse, "offers[13].groups[0].pricingPlans[0].period", "monthly"): Verify element property value successfully

2023-10-16 14:17:11 - [MESSAGE][PASSED] - Verify element property value successfully

2023-10-16 14:17:11 - [TEST_STEP][PASSED] - verifyElementPropertyValue(getResponse, "offers[13].groups[0].pricingPlans[0].featured", "true"): Verify element property value successfully

2023-10-16 14:17:11 - [MESSAGE][PASSED] - Verify element property value successfully

2023-10-16 14:17:11 - [TEST_STEP][PASSED] - verifyElementPropertyValue(getResponse, "offers[13].groups[0].pricingPlans[0].price", "4.79"): Verify element property value successfully

2023-10-16 14:17:11 - [MESSAGE][PASSED] - Verify element property value successfully

2023-10-16 14:17:11 - [TEST_STEP][PASSED] - verifyElementPropertyValue(getResponse, "offers[13].groups[0].pricingPlans[0].currency", "$"): Verify element property value successfully

2023-10-16 14:17:11 - [MESSAGE][PASSED] - Verify element property value successfully

2023-10-16 14:17:11 - [TEST_STEP][PASSED] - verifyElementPropertyValue(getResponse, "offers[13].groups[0].pricingPlans[0].order", "0"): Verify element property value successfully

2023-10-16 14:17:11 - [MESSAGE][PASSED] - Verify element property value successfully

2023-10-16 14:17:11 - [TEST_STEP][PASSED] - verifyElementPropertyValue(getResponse, "offers[13].groups[0].pricingPlans[0].packageId", "SHAHID_VIP_SPORT"): Verify element property value successfully

2023-10-16 14:17:11 - [MESSAGE][PASSED] - Verify element property value successfully

2023-10-16 14:17:11 - [TEST_STEP][PASSED] - verifyElementPropertyValue(getResponse, "offers[13].groups[0].pricingPlans[0].catalogId", "SPORT"): Verify element property value successfully

2023-10-16 14:17:11 - [MESSAGE][PASSED] - Verify element property value successfully

2023-10-16 14:17:11 - [TEST_STEP][PASSED] - verifyElementPropertyValue(getResponse, "offers[13].groups[0].pricingPlans[0].visualElements[0].key", "Header_1_text"): Verify element property value successfully

2023-10-16 14:17:11 - [MESSAGE][PASSED] - Verify element property value successfully

2023-10-16 14:17:11 - [TEST_STEP][PASSED] - verifyElementPropertyValue(getResponse, "offers[13].groups[0].pricingPlans[0].visualElements[0].value", "Abonnez-vous dès maintenant et profitez de vos programmes sans publicité"): Verify element property value successfully

2023-10-16 14:17:11 - [MESSAGE][PASSED] - Verify element property value successfully

2023-10-16 14:17:11 - [TEST_STEP][PASSED] - verifyElementPropertyValue(getResponse, "offers[13].groups[0].pricingPlans[0].visualElements[1].key", "display_title"): Verify element property value successfully

2023-10-16 14:17:11 - [MESSAGE][PASSED] - Verify element property value successfully

2023-10-16 14:17:11 - [TEST_STEP][PASSED] - verifyElementPropertyValue(getResponse, "offers[13].groups[0].pricingPlans[0].visualElements[1].value", "50% de réduction"): Verify element property value successfully

2023-10-16 14:17:11 - [MESSAGE][PASSED] - Verify element property value successfully

2023-10-16 14:17:11 - [TEST_STEP][PASSED] - verifyElementPropertyValue(getResponse, "offers[13].groups[0].pricingPlans[0].visualElements[3].key", "deduction_text"): Verify element property value successfully

2023-10-16 14:17:11 - [MESSAGE][PASSED] - Verify element property value successfully

2023-10-16 14:17:11 - [TEST_STEP][PASSED] - verifyElementPropertyValue(getResponse, "offers[13].groups[0].pricingPlans[0].visualElements[3].value", "facturation mensuelle"): Verify element property value successfully

2023-10-16 14:17:11 - [MESSAGE][PASSED] - Verify element property value successfully

2023-10-16 14:17:11 - [TEST_STEP][PASSED] - verifyElementPropertyValue(getResponse, "offers[13].groups[0].pricingPlans[0].visualElements[6].key", "show_payment_logo"): Verify element property value successfully

2023-10-16 14:17:11 - [MESSAGE][PASSED] - Verify element property value successfully

2023-10-16 14:17:11 - [TEST_STEP][PASSED] - verifyElementPropertyValue(getResponse, "offers[13].groups[0].pricingPlans[0].visualElements[6].value", "true"): Verify element property value successfully

2023-10-16 14:17:11 - [MESSAGE][PASSED] - Verify element property value successfully

2023-10-16 14:17:11 - [TEST_STEP][PASSED] - verifyElementPropertyValue(getResponse, "offers[13].groups[0].pricingPlans[0].visualElements[8].key", "price"): Verify element property value successfully

2023-10-16 14:17:11 - [MESSAGE][PASSED] - Verify element property value successfully

2023-10-16 14:17:11 - [TEST_STEP][PASSED] - verifyElementPropertyValue(getResponse, "offers[13].groups[0].pricingPlans[0].visualElements[8].value", "4.79"): Verify element property value successfully

2023-10-16 14:17:11 - [MESSAGE][PASSED] - Verify element property value successfully

2023-10-16 14:17:11 - [TEST_STEP][PASSED] - verifyElementPropertyValue(getResponse, "offers[13].groups[0].pricingPlans[0].visualElements[9].key", "currency"): Verify element property value successfully

2023-10-16 14:17:11 - [MESSAGE][PASSED] - Verify element property value successfully

2023-10-16 14:17:11 - [TEST_STEP][PASSED] - verifyElementPropertyValue(getResponse, "offers[13].groups[0].pricingPlans[0].visualElements[9].value", "$"): Verify element property value successfully

2023-10-16 14:17:11 - [MESSAGE][PASSED] - Verify element property value successfully

2023-10-16 14:17:11 - [TEST_STEP][PASSED] - verifyElementPropertyValue(getResponse, "offers[13].groups[0].pricingPlans[0].visualElements[10].key", "duration"): Verify element property value successfully

2023-10-16 14:17:11 - [MESSAGE][PASSED] - Verify element property value successfully

2023-10-16 14:17:11 - [TEST_STEP][PASSED] - verifyElementPropertyValue(getResponse, "offers[13].groups[0].pricingPlans[0].visualElements[10].value", "Mensuel"): Verify element property value successfully

2023-10-16 14:17:11 - [MESSAGE][PASSED] - Verify element property value successfully

2023-10-16 14:17:11 - [TEST_STEP][PASSED] - verifyElementPropertyValue(getResponse, "offers[13].groups[0].pricingPlans[0].visualElements[11].key", "featured_tag_text"): Verify element property value successfully

2023-10-16 14:17:11 - [MESSAGE][PASSED] - Verify element property value successfully

2023-10-16 14:17:11 - [TEST_STEP][PASSED] - verifyElementPropertyValue(getResponse, "offers[13].groups[0].pricingPlans[0].visualElements[11].value", "Offre limitée"): Verify element property value successfully

2023-10-16 14:17:11 - [MESSAGE][PASSED] - Verify element property value successfully

2023-10-16 14:17:11 - [TEST_STEP][PASSED] - verifyElementPropertyValue(getResponse, "offers[13].groups[0].pricingPlans[0].visualElements[13].key", "tag_text"): Verify element property value successfully

2023-10-16 14:17:11 - [MESSAGE][PASSED] - Verify element property value successfully

2023-10-16 14:17:11 - [TEST_STEP][PASSED] - verifyElementPropertyValue(getResponse, "offers[13].groups[0].pricingPlans[0].visualElements[13].value", "Économisez 50% "): Verify element property value successfully

2023-10-16 14:17:11 - [MESSAGE][PASSED] - Verify element property value successfully

2023-10-16 14:17:11 - [TEST_STEP][PASSED] - verifyElementPropertyValue(getResponse, "offers[13].groups[0].pricingPlans[0].visualElements[12].key", "show_tag"): Verify element property value successfully

2023-10-16 14:17:11 - [MESSAGE][PASSED] - Verify element property value successfully

2023-10-16 14:17:11 - [TEST_STEP][PASSED] - verifyElementPropertyValue(getResponse, "offers[13].groups[0].pricingPlans[0].visualElements[12].value", "true"): Verify element property value successfully

2023-10-16 14:17:11 - [MESSAGE][PASSED] - Verify element property value successfully

2023-10-16 14:17:11 - [TEST_STEP][PASSED] - verifyElementPropertyValue(getResponse, "offers[13].groups[0].pricingPlans[0].pricingPlanData[0].productId", "LBN_B2C_SHAHID_VIP_SPORT_1M"): Verify element property value successfully

2023-10-16 14:17:11 - [MESSAGE][PASSED] - Verify element property value successfully

2023-10-16 14:17:11 - [TEST_STEP][PASSED] - verifyElementPropertyValue(getResponse, "offers[13].groups[0].pricingPlans[0].pricingPlanData[0].paymentMethod", "CREDIT_CARD"): Verify element property value successfully

2023-10-16 14:17:11 - [MESSAGE][PASSED] - Verify element property value successfully

2023-10-16 14:17:11 - [TEST_STEP][PASSED] - verifyElementPropertyValue(getResponse, "offers[13].groups[0].pricingPlans[0].pricingPlanData[0].freeTrialEnabled", "false"): Verify element property value successfully

2023-10-16 14:17:11 - [MESSAGE][PASSED] - Verify element property value successfully

2023-10-16 14:17:11 - [TEST_STEP][PASSED] - verifyElementPropertyValue(getResponse, "offers[13].groups[0].pricingPlans[0].pricingPlanData[0].showIn[0]", "VERTICAL_MODE"): Verify element property value successfully

2023-10-16 14:17:11 - [MESSAGE][PASSED] - Verify element property value successfully

2023-10-16 14:17:11 - [TEST_STEP][PASSED] - verifyElementPropertyValue(getResponse, "offers[13].groups[0].pricingPlans[0].pricingPlanData[0].showIn[1]", "HORIZONTAL_MODE"): Verify element property value successfully

2023-10-16 14:17:11 - [MESSAGE][PASSED] - Verify element property value successfully

2023-10-16 14:17:11 - [TEST_STEP][PASSED] - verifyElementPropertyValue(getResponse, "offers[13].groups[0].pricingPlans[0].pricingPlanData[0].priceLabel", "4.79"): Verify element property value successfully

2023-10-16 14:17:11 - [MESSAGE][PASSED] - Verify element property value successfully

2023-10-16 14:17:11 - [TEST_STEP][PASSED] - verifyElementPropertyValue(getResponse, "offers[13].groups[0].pricingPlans[0].pricingPlanData[0].currencyLabel", "$"): Verify element property value successfully

2023-10-16 14:17:11 - [MESSAGE][PASSED] - Verify element property value successfully

2023-10-16 14:17:11 - [TEST_STEP][PASSED] - verifyElementPropertyValue(getResponse, "offers[13].groups[0].pricingPlans[0].pricingPlanData[0].dealId", "BYG_SPORT_50P_LBN"): Verify element property value successfully

2023-10-16 14:17:11 - [MESSAGE][PASSED] - Verify element property value successfully

2023-10-16 14:17:11 - [TEST_STEP][PASSED] - verifyElementPropertyValue(getResponse, "offers[13].groups[0].pricingPlans[0].pricingPlanData[0].allowedForAcquisition", "true"): Verify element property value successfully

2023-10-16 14:17:11 - [MESSAGE][PASSED] - Verify element property value successfully

2023-10-16 14:17:11 - [TEST_STEP][PASSED] - verifyElementPropertyValue(getResponse, "offers[13].groups[0].pricingPlans[0].pricingPlanData[0].visualElements[0].key", "title"): Verify element property value successfully

2023-10-16 14:17:11 - [MESSAGE][PASSED] - Verify element property value successfully

2023-10-16 14:17:11 - [TEST_STEP][PASSED] - verifyElementPropertyValue(getResponse, "offers[13].groups[0].pricingPlans[0].pricingPlanData[0].visualElements[0].value", "Carte de crédit/débit"): Verify element property value successfully

2023-10-16 14:17:11 - [MESSAGE][PASSED] - Verify element property value successfully

2023-10-16 14:17:11 - [TEST_STEP][PASSED] - verifyElementPropertyValue(getResponse, "offers[13].groups[0].pricingPlans[0].pricingPlanData[0].visualElements[1].key", "CTA_text"): Verify element property value successfully

2023-10-16 14:17:11 - [MESSAGE][PASSED] - Verify element property value successfully

2023-10-16 14:17:11 - [TEST_STEP][PASSED] - verifyElementPropertyValue(getResponse, "offers[13].groups[0].pricingPlans[0].pricingPlanData[0].visualElements[1].value", "S’abonner"): Verify element property value successfully

2023-10-16 14:17:11 - [MESSAGE][PASSED] - Verify element property value successfully

2023-10-16 14:17:11 - [TEST_STEP][PASSED] - verifyElementPropertyValue(getResponse, "offers[13].groups[0].pricingPlans[0].pricingPlanData[0].visualElements[2].key", "logo"): Verify element property value successfully

2023-10-16 14:17:12 - [MESSAGE][PASSED] - Verify element property value successfully

2023-10-16 14:17:12 - [TEST_STEP][PASSED] - verifyElementPropertyValue(getResponse, "offers[13].groups[0].pricingPlans[0].pricingPlanData[0].visualElements[2].value", "https://static.s3.shahid.mbc.net/widget-images/icons/iconCreditCard.png"): Verify element property value successfully

2023-10-16 14:17:12 - [MESSAGE][PASSED] - Verify element property value successfully]]></system-out>
         <system-err><![CDATA[]]></system-err>
      </testcase>
      <testcase name="Test Cases/WEB - CHROME/LBN PI/WEB_FR_getOffersForLBN_VIP" time="2.13" classname="Test Cases/WEB - CHROME/LBN PI/WEB_FR_getOffersForLBN_VIP" status="FAILED">
         <failure type="FAILED" message="Test Cases/WEB - CHROME/LBN PI/WEB_FR_getOffersForLBN_VIP FAILED.
Reason:
com.kms.katalon.core.exception.StepFailedException: Expected element property value 'USD' is not equal with actual property value '$'
	at com.kms.katalon.core.keyword.internal.KeywordMain.stepFailed(KeywordMain.groovy:39)
	at com.kms.katalon.core.webservice.keyword.builtin.VerifyElementPropertyValueKeyword$_verifyElementPropertyValue_closure1.doCall(VerifyElementPropertyValueKeyword.groovy:56)
	at com.kms.katalon.core.webservice.keyword.builtin.VerifyElementPropertyValueKeyword$_verifyElementPropertyValue_closure1.call(VerifyElementPropertyValueKeyword.groovy)
	at com.kms.katalon.core.keyword.internal.KeywordMain.runKeyword(KeywordMain.groovy:75)
	at com.kms.katalon.core.webservice.keyword.builtin.VerifyElementPropertyValueKeyword.verifyElementPropertyValue(VerifyElementPropertyValueKeyword.groovy:48)
	at com.kms.katalon.core.webservice.keyword.builtin.VerifyElementPropertyValueKeyword.execute(VerifyElementPropertyValueKeyword.groovy:43)
	at com.kms.katalon.core.keyword.internal.KeywordExecutor.executeKeywordForPlatform(KeywordExecutor.groovy:74)
	at com.kms.katalon.core.webservice.keyword.WSBuiltInKeywords.verifyElementPropertyValue(WSBuiltInKeywords.groovy:190)
	at com.kms.katalon.core.webservice.keyword.WSBuiltInKeywords$verifyElementPropertyValue$1.call(Unknown Source)
	at WEB_FR_getOffersForLBN_VIP.run(WEB_FR_getOffersForLBN_VIP:37)
	at com.kms.katalon.core.main.ScriptEngine.run(ScriptEngine.java:194)
	at com.kms.katalon.core.main.ScriptEngine.runScriptAsRawText(ScriptEngine.java:119)
	at com.kms.katalon.core.main.TestCaseExecutor.runScript(TestCaseExecutor.java:448)
	at com.kms.katalon.core.main.TestCaseExecutor.doExecute(TestCaseExecutor.java:439)
	at com.kms.katalon.core.main.TestCaseExecutor.processExecutionPhase(TestCaseExecutor.java:418)
	at com.kms.katalon.core.main.TestCaseExecutor.accessMainPhase(TestCaseExecutor.java:410)
	at com.kms.katalon.core.main.TestCaseExecutor.execute(TestCaseExecutor.java:285)
	at com.kms.katalon.core.common.CommonExecutor.accessTestCaseMainPhase(CommonExecutor.java:65)
	at com.kms.katalon.core.main.TestSuiteExecutor.accessTestSuiteMainPhase(TestSuiteExecutor.java:148)
	at com.kms.katalon.core.main.TestSuiteExecutor.execute(TestSuiteExecutor.java:106)
	at com.kms.katalon.core.main.TestCaseMain.startTestSuite(TestCaseMain.java:187)
	at com.kms.katalon.core.main.TestCaseMain$startTestSuite$0.call(Unknown Source)
	at TempTestSuite1697454215032.run(TempTestSuite1697454215032.groovy:36)
"/>
         <system-out><![CDATA[2023-10-16 14:17:12 - [TEST_CASE][FAILED] - Test Cases/WEB - CHROME/LBN PI/WEB_FR_getOffersForLBN_VIP: Test Cases/WEB - CHROME/LBN PI/WEB_FR_getOffersForLBN_VIP FAILED.
Reason:
com.kms.katalon.core.exception.StepFailedException: Expected element property value 'USD' is not equal with actual property value '$'
	at com.kms.katalon.core.keyword.internal.KeywordMain.stepFailed(KeywordMain.groovy:39)
	at com.kms.katalon.core.webservice.keyword.builtin.VerifyElementPropertyValueKeyword$_verifyElementPropertyValue_closure1.doCall(VerifyElementPropertyValueKeyword.groovy:56)
	at com.kms.katalon.core.webservice.keyword.builtin.VerifyElementPropertyValueKeyword$_verifyElementPropertyValue_closure1.call(VerifyElementPropertyValueKeyword.groovy)
	at com.kms.katalon.core.keyword.internal.KeywordMain.runKeyword(KeywordMain.groovy:75)
	at com.kms.katalon.core.webservice.keyword.builtin.VerifyElementPropertyValueKeyword.verifyElementPropertyValue(VerifyElementPropertyValueKeyword.groovy:48)
	at com.kms.katalon.core.webservice.keyword.builtin.VerifyElementPropertyValueKeyword.execute(VerifyElementPropertyValueKeyword.groovy:43)
	at com.kms.katalon.core.keyword.internal.KeywordExecutor.executeKeywordForPlatform(KeywordExecutor.groovy:74)
	at com.kms.katalon.core.webservice.keyword.WSBuiltInKeywords.verifyElementPropertyValue(WSBuiltInKeywords.groovy:190)
	at com.kms.katalon.core.webservice.keyword.WSBuiltInKeywords$verifyElementPropertyValue$1.call(Unknown Source)
	at WEB_FR_getOffersForLBN_VIP.run(WEB_FR_getOffersForLBN_VIP:37)
	at com.kms.katalon.core.main.ScriptEngine.run(ScriptEngine.java:194)
	at com.kms.katalon.core.main.ScriptEngine.runScriptAsRawText(ScriptEngine.java:119)
	at com.kms.katalon.core.main.TestCaseExecutor.runScript(TestCaseExecutor.java:448)
	at com.kms.katalon.core.main.TestCaseExecutor.doExecute(TestCaseExecutor.java:439)
	at com.kms.katalon.core.main.TestCaseExecutor.processExecutionPhase(TestCaseExecutor.java:418)
	at com.kms.katalon.core.main.TestCaseExecutor.accessMainPhase(TestCaseExecutor.java:410)
	at com.kms.katalon.core.main.TestCaseExecutor.execute(TestCaseExecutor.java:285)
	at com.kms.katalon.core.common.CommonExecutor.accessTestCaseMainPhase(CommonExecutor.java:65)
	at com.kms.katalon.core.main.TestSuiteExecutor.accessTestSuiteMainPhase(TestSuiteExecutor.java:148)
	at com.kms.katalon.core.main.TestSuiteExecutor.execute(TestSuiteExecutor.java:106)
	at com.kms.katalon.core.main.TestCaseMain.startTestSuite(TestCaseMain.java:187)
	at com.kms.katalon.core.main.TestCaseMain$startTestSuite$0.call(Unknown Source)
	at TempTestSuite1697454215032.run(TempTestSuite1697454215032.groovy:36)


2023-10-16 14:17:12 - [TEST_STEP][PASSED] - getResponse = config_files.getConfigFile.getConfig("WEB", "FR", "SHAHID_VIP", "LB", "false"): config_files.getConfigFile.getConfig is PASSED

2023-10-16 14:17:12 - [MESSAGE][INFO] - HAR: /Users/admin/git/shahid-configuration/Reports/20231016_140310/WEB/LBN/20231016_140335/requests/main/9.har

2023-10-16 14:17:12 - [MESSAGE][PASSED] - Send request successfully

2023-10-16 14:17:12 - [MESSAGE][PASSED] - config_files.getConfigFile.getConfig is PASSED

2023-10-16 14:17:12 - [TEST_STEP][PASSED] - verifyResponseStatusCode(getResponse, 200): Verify response status code successfully

2023-10-16 14:17:12 - [MESSAGE][PASSED] - Verify response status code successfully

2023-10-16 14:17:12 - [TEST_STEP][PASSED] - verifyElementPropertyValue(getResponse, "country", "LBN"): Verify element property value successfully

2023-10-16 14:17:12 - [MESSAGE][PASSED] - Verify element property value successfully

2023-10-16 14:17:12 - [TEST_STEP][PASSED] - verifyElementPropertyValue(getResponse, "platform", "[WEB]"): Verify element property value successfully

2023-10-16 14:17:12 - [MESSAGE][PASSED] - Verify element property value successfully

2023-10-16 14:17:12 - [TEST_STEP][PASSED] - verifyElementPropertyValue(getResponse, "offers[8].offerId", "byg-30-offer"): Verify element property value successfully

2023-10-16 14:17:12 - [MESSAGE][PASSED] - Verify element property value successfully

2023-10-16 14:17:12 - [TEST_STEP][PASSED] - verifyElementPropertyValue(getResponse, "offers[8].offerParam", "bygoffer30"): Verify element property value successfully

2023-10-16 14:17:12 - [MESSAGE][PASSED] - Verify element property value successfully

2023-10-16 14:17:12 - [TEST_STEP][PASSED] - verifyElementPropertyValue(getResponse, "offers[8].groups[0].pricingPlans[0].featured", "true"): Verify element property value successfully

2023-10-16 14:17:12 - [MESSAGE][PASSED] - Verify element property value successfully

2023-10-16 14:17:12 - [TEST_STEP][PASSED] - verifyElementPropertyValue(getResponse, "offers[8].groups[0].pricingPlans[0].period", "monthly"): Verify element property value successfully

2023-10-16 14:17:12 - [MESSAGE][PASSED] - Verify element property value successfully

2023-10-16 14:17:12 - [TEST_STEP][PASSED] - verifyElementPropertyValue(getResponse, "offers[8].groups[0].pricingPlans[0].featured", "true"): Verify element property value successfully

2023-10-16 14:17:12 - [MESSAGE][PASSED] - Verify element property value successfully

2023-10-16 14:17:12 - [TEST_STEP][PASSED] - verifyElementPropertyValue(getResponse, "offers[8].groups[0].pricingPlans[0].price", "3.19"): Verify element property value successfully

2023-10-16 14:17:13 - [MESSAGE][PASSED] - Verify element property value successfully

2023-10-16 14:17:13 - [TEST_STEP][FAILED] - verifyElementPropertyValue(getResponse, "offers[8].groups[0].pricingPlans[0].currency", "USD"): Expected element property value 'USD' is not equal with actual property value '$'

2023-10-16 14:17:13 - [MESSAGE][FAILED] - Expected element property value 'USD' is not equal with actual property value '$'

2023-10-16 14:17:13 - [TEST_STEP][PASSED] - verifyElementPropertyValue(getResponse, "offers[8].groups[0].pricingPlans[0].order", "0"): Verify element property value successfully

2023-10-16 14:17:13 - [MESSAGE][PASSED] - Verify element property value successfully

2023-10-16 14:17:13 - [TEST_STEP][PASSED] - verifyElementPropertyValue(getResponse, "offers[8].groups[0].pricingPlans[0].packageId", "SHAHID_VIP"): Verify element property value successfully

2023-10-16 14:17:13 - [MESSAGE][PASSED] - Verify element property value successfully

2023-10-16 14:17:13 - [TEST_STEP][PASSED] - verifyElementPropertyValue(getResponse, "offers[8].groups[0].pricingPlans[0].catalogId", "VIP"): Verify element property value successfully

2023-10-16 14:17:13 - [MESSAGE][PASSED] - Verify element property value successfully

2023-10-16 14:17:13 - [TEST_STEP][PASSED] - verifyElementPropertyValue(getResponse, "offers[8].groups[0].pricingPlans[0].visualElements[0].key", "Header_1_text"): Verify element property value successfully

2023-10-16 14:17:13 - [MESSAGE][PASSED] - Verify element property value successfully

2023-10-16 14:17:13 - [TEST_STEP][PASSED] - verifyElementPropertyValue(getResponse, "offers[8].groups[0].pricingPlans[0].visualElements[0].value", "Abonnez-vous dès maintenant et profitez de vos programmes sans publicité"): Verify element property value successfully

2023-10-16 14:17:13 - [MESSAGE][PASSED] - Verify element property value successfully

2023-10-16 14:17:13 - [TEST_STEP][PASSED] - verifyElementPropertyValue(getResponse, "offers[8].groups[0].pricingPlans[0].visualElements[1].key", "display_title"): Verify element property value successfully

2023-10-16 14:17:13 - [MESSAGE][PASSED] - Verify element property value successfully

2023-10-16 14:17:13 - [TEST_STEP][PASSED] - verifyElementPropertyValue(getResponse, "offers[8].groups[0].pricingPlans[0].visualElements[1].value", "30% de réduction"): Verify element property value successfully

2023-10-16 14:17:13 - [MESSAGE][PASSED] - Verify element property value successfully

2023-10-16 14:17:13 - [TEST_STEP][PASSED] - verifyElementPropertyValue(getResponse, "offers[8].groups[0].pricingPlans[0].visualElements[3].key", "deduction_text"): Verify element property value successfully

2023-10-16 14:17:13 - [MESSAGE][PASSED] - Verify element property value successfully

2023-10-16 14:17:13 - [TEST_STEP][PASSED] - verifyElementPropertyValue(getResponse, "offers[8].groups[0].pricingPlans[0].visualElements[3].value", "facturation mensuelle"): Verify element property value successfully

2023-10-16 14:17:13 - [MESSAGE][PASSED] - Verify element property value successfully

2023-10-16 14:17:13 - [TEST_STEP][PASSED] - verifyElementPropertyValue(getResponse, "offers[8].groups[0].pricingPlans[0].visualElements[6].key", "show_payment_logo"): Verify element property value successfully

2023-10-16 14:17:13 - [MESSAGE][PASSED] - Verify element property value successfully

2023-10-16 14:17:13 - [TEST_STEP][PASSED] - verifyElementPropertyValue(getResponse, "offers[8].groups[0].pricingPlans[0].visualElements[6].value", "true"): Verify element property value successfully

2023-10-16 14:17:13 - [MESSAGE][PASSED] - Verify element property value successfully

2023-10-16 14:17:13 - [TEST_STEP][PASSED] - verifyElementPropertyValue(getResponse, "offers[8].groups[0].pricingPlans[0].visualElements[8].key", "price"): Verify element property value successfully

2023-10-16 14:17:13 - [MESSAGE][PASSED] - Verify element property value successfully

2023-10-16 14:17:13 - [TEST_STEP][PASSED] - verifyElementPropertyValue(getResponse, "offers[8].groups[0].pricingPlans[0].visualElements[8].value", "3.19"): Verify element property value successfully

2023-10-16 14:17:13 - [MESSAGE][PASSED] - Verify element property value successfully

2023-10-16 14:17:13 - [TEST_STEP][PASSED] - verifyElementPropertyValue(getResponse, "offers[8].groups[0].pricingPlans[0].visualElements[9].key", "currency"): Verify element property value successfully

2023-10-16 14:17:13 - [MESSAGE][PASSED] - Verify element property value successfully

2023-10-16 14:17:13 - [TEST_STEP][FAILED] - verifyElementPropertyValue(getResponse, "offers[8].groups[0].pricingPlans[0].visualElements[9].value", "USD"): Expected element property value 'USD' is not equal with actual property value '$'

2023-10-16 14:17:13 - [MESSAGE][FAILED] - Expected element property value 'USD' is not equal with actual property value '$'

2023-10-16 14:17:13 - [TEST_STEP][PASSED] - verifyElementPropertyValue(getResponse, "offers[8].groups[0].pricingPlans[0].visualElements[10].key", "duration"): Verify element property value successfully

2023-10-16 14:17:13 - [MESSAGE][PASSED] - Verify element property value successfully

2023-10-16 14:17:13 - [TEST_STEP][PASSED] - verifyElementPropertyValue(getResponse, "offers[8].groups[0].pricingPlans[0].visualElements[10].value", "Mensuel"): Verify element property value successfully

2023-10-16 14:17:13 - [MESSAGE][PASSED] - Verify element property value successfully

2023-10-16 14:17:13 - [TEST_STEP][PASSED] - verifyElementPropertyValue(getResponse, "offers[8].groups[0].pricingPlans[0].visualElements[11].key", "featured_tag_text"): Verify element property value successfully

2023-10-16 14:17:13 - [MESSAGE][PASSED] - Verify element property value successfully

2023-10-16 14:17:13 - [TEST_STEP][PASSED] - verifyElementPropertyValue(getResponse, "offers[8].groups[0].pricingPlans[0].visualElements[11].value", "Offre limitée"): Verify element property value successfully

2023-10-16 14:17:13 - [MESSAGE][PASSED] - Verify element property value successfully

2023-10-16 14:17:13 - [TEST_STEP][PASSED] - verifyElementPropertyValue(getResponse, "offers[8].groups[0].pricingPlans[0].visualElements[13].key", "tag_text"): Verify element property value successfully

2023-10-16 14:17:13 - [MESSAGE][PASSED] - Verify element property value successfully

2023-10-16 14:17:13 - [TEST_STEP][PASSED] - verifyElementPropertyValue(getResponse, "offers[8].groups[0].pricingPlans[0].visualElements[13].value", "Économisez 30% "): Verify element property value successfully

2023-10-16 14:17:13 - [MESSAGE][PASSED] - Verify element property value successfully

2023-10-16 14:17:13 - [TEST_STEP][PASSED] - verifyElementPropertyValue(getResponse, "offers[8].groups[0].pricingPlans[0].visualElements[12].key", "show_tag"): Verify element property value successfully

2023-10-16 14:17:13 - [MESSAGE][PASSED] - Verify element property value successfully

2023-10-16 14:17:13 - [TEST_STEP][PASSED] - verifyElementPropertyValue(getResponse, "offers[8].groups[0].pricingPlans[0].visualElements[12].value", "true"): Verify element property value successfully

2023-10-16 14:17:13 - [MESSAGE][PASSED] - Verify element property value successfully

2023-10-16 14:17:13 - [TEST_STEP][PASSED] - verifyElementPropertyValue(getResponse, "offers[8].groups[0].pricingPlans[0].pricingPlanData[0].productId", "LBN_B2C_SHAHID_VIP_1M"): Verify element property value successfully

2023-10-16 14:17:13 - [MESSAGE][PASSED] - Verify element property value successfully

2023-10-16 14:17:13 - [TEST_STEP][PASSED] - verifyElementPropertyValue(getResponse, "offers[8].groups[0].pricingPlans[0].pricingPlanData[0].paymentMethod", "CREDIT_CARD"): Verify element property value successfully

2023-10-16 14:17:13 - [MESSAGE][PASSED] - Verify element property value successfully

2023-10-16 14:17:13 - [TEST_STEP][PASSED] - verifyElementPropertyValue(getResponse, "offers[8].groups[0].pricingPlans[0].pricingPlanData[0].freeTrialEnabled", "false"): Verify element property value successfully

2023-10-16 14:17:13 - [MESSAGE][PASSED] - Verify element property value successfully

2023-10-16 14:17:13 - [TEST_STEP][PASSED] - verifyElementPropertyValue(getResponse, "offers[8].groups[0].pricingPlans[0].pricingPlanData[0].showIn[0]", "VERTICAL_MODE"): Verify element property value successfully

2023-10-16 14:17:13 - [MESSAGE][PASSED] - Verify element property value successfully

2023-10-16 14:17:13 - [TEST_STEP][PASSED] - verifyElementPropertyValue(getResponse, "offers[8].groups[0].pricingPlans[0].pricingPlanData[0].showIn[1]", "HORIZONTAL_MODE"): Verify element property value successfully

2023-10-16 14:17:13 - [MESSAGE][PASSED] - Verify element property value successfully

2023-10-16 14:17:13 - [TEST_STEP][PASSED] - verifyElementPropertyValue(getResponse, "offers[8].groups[0].pricingPlans[0].pricingPlanData[0].priceLabel", "3.19"): Verify element property value successfully

2023-10-16 14:17:13 - [MESSAGE][PASSED] - Verify element property value successfully

2023-10-16 14:17:13 - [TEST_STEP][FAILED] - verifyElementPropertyValue(getResponse, "offers[8].groups[0].pricingPlans[0].pricingPlanData[0].currencyLabel", "USD"): Expected element property value 'USD' is not equal with actual property value '$'

2023-10-16 14:17:13 - [MESSAGE][FAILED] - Expected element property value 'USD' is not equal with actual property value '$'

2023-10-16 14:17:13 - [TEST_STEP][PASSED] - verifyElementPropertyValue(getResponse, "offers[8].groups[0].pricingPlans[0].pricingPlanData[0].dealId", "BYG_30P_LBN"): Verify element property value successfully

2023-10-16 14:17:13 - [MESSAGE][PASSED] - Verify element property value successfully

2023-10-16 14:17:13 - [TEST_STEP][PASSED] - verifyElementPropertyValue(getResponse, "offers[8].groups[0].pricingPlans[0].pricingPlanData[0].allowedForAcquisition", "true"): Verify element property value successfully

2023-10-16 14:17:13 - [MESSAGE][PASSED] - Verify element property value successfully

2023-10-16 14:17:13 - [TEST_STEP][PASSED] - verifyElementPropertyValue(getResponse, "offers[8].groups[0].pricingPlans[0].pricingPlanData[0].visualElements[0].key", "title"): Verify element property value successfully

2023-10-16 14:17:13 - [MESSAGE][PASSED] - Verify element property value successfully

2023-10-16 14:17:13 - [TEST_STEP][PASSED] - verifyElementPropertyValue(getResponse, "offers[8].groups[0].pricingPlans[0].pricingPlanData[0].visualElements[0].value", "Carte de crédit/débit"): Verify element property value successfully

2023-10-16 14:17:13 - [MESSAGE][PASSED] - Verify element property value successfully

2023-10-16 14:17:13 - [TEST_STEP][PASSED] - verifyElementPropertyValue(getResponse, "offers[8].groups[0].pricingPlans[0].pricingPlanData[0].visualElements[1].key", "CTA_text"): Verify element property value successfully

2023-10-16 14:17:13 - [MESSAGE][PASSED] - Verify element property value successfully

2023-10-16 14:17:13 - [TEST_STEP][PASSED] - verifyElementPropertyValue(getResponse, "offers[8].groups[0].pricingPlans[0].pricingPlanData[0].visualElements[1].value", "S’abonner"): Verify element property value successfully

2023-10-16 14:17:13 - [MESSAGE][PASSED] - Verify element property value successfully

2023-10-16 14:17:13 - [TEST_STEP][PASSED] - verifyElementPropertyValue(getResponse, "offers[8].groups[0].pricingPlans[0].pricingPlanData[0].visualElements[2].key", "logo"): Verify element property value successfully

2023-10-16 14:17:13 - [MESSAGE][PASSED] - Verify element property value successfully

2023-10-16 14:17:13 - [TEST_STEP][PASSED] - verifyElementPropertyValue(getResponse, "offers[8].groups[0].pricingPlans[0].pricingPlanData[0].visualElements[2].value", "https://static.s3.shahid.mbc.net/widget-images/icons/iconCreditCard.png"): Verify element property value successfully

2023-10-16 14:17:13 - [MESSAGE][PASSED] - Verify element property value successfully

2023-10-16 14:17:13 - [TEST_STEP][PASSED] - verifyElementPropertyValue(getResponse, "offers[9].offerId", "byg-40-offer"): Verify element property value successfully

2023-10-16 14:17:13 - [MESSAGE][PASSED] - Verify element property value successfully

2023-10-16 14:17:13 - [TEST_STEP][PASSED] - verifyElementPropertyValue(getResponse, "offers[9].offerParam", "bygoffer40"): Verify element property value successfully

2023-10-16 14:17:13 - [MESSAGE][PASSED] - Verify element property value successfully

2023-10-16 14:17:13 - [TEST_STEP][PASSED] - verifyElementPropertyValue(getResponse, "offers[9].groups[0].pricingPlans[0].featured", "true"): Verify element property value successfully

2023-10-16 14:17:13 - [MESSAGE][PASSED] - Verify element property value successfully

2023-10-16 14:17:13 - [TEST_STEP][PASSED] - verifyElementPropertyValue(getResponse, "offers[9].groups[0].pricingPlans[0].period", "monthly"): Verify element property value successfully

2023-10-16 14:17:13 - [MESSAGE][PASSED] - Verify element property value successfully

2023-10-16 14:17:13 - [TEST_STEP][PASSED] - verifyElementPropertyValue(getResponse, "offers[9].groups[0].pricingPlans[0].featured", "true"): Verify element property value successfully

2023-10-16 14:17:13 - [MESSAGE][PASSED] - Verify element property value successfully

2023-10-16 14:17:13 - [TEST_STEP][PASSED] - verifyElementPropertyValue(getResponse, "offers[9].groups[0].pricingPlans[0].price", "2.69"): Verify element property value successfully

2023-10-16 14:17:13 - [MESSAGE][PASSED] - Verify element property value successfully

2023-10-16 14:17:13 - [TEST_STEP][FAILED] - verifyElementPropertyValue(getResponse, "offers[9].groups[0].pricingPlans[0].currency", "USD"): Expected element property value 'USD' is not equal with actual property value '$'

2023-10-16 14:17:13 - [MESSAGE][FAILED] - Expected element property value 'USD' is not equal with actual property value '$'

2023-10-16 14:17:13 - [TEST_STEP][PASSED] - verifyElementPropertyValue(getResponse, "offers[9].groups[0].pricingPlans[0].order", "0"): Verify element property value successfully

2023-10-16 14:17:13 - [MESSAGE][PASSED] - Verify element property value successfully

2023-10-16 14:17:13 - [TEST_STEP][PASSED] - verifyElementPropertyValue(getResponse, "offers[9].groups[0].pricingPlans[0].packageId", "SHAHID_VIP"): Verify element property value successfully

2023-10-16 14:17:13 - [MESSAGE][PASSED] - Verify element property value successfully

2023-10-16 14:17:13 - [TEST_STEP][PASSED] - verifyElementPropertyValue(getResponse, "offers[9].groups[0].pricingPlans[0].catalogId", "VIP"): Verify element property value successfully

2023-10-16 14:17:13 - [MESSAGE][PASSED] - Verify element property value successfully

2023-10-16 14:17:13 - [TEST_STEP][PASSED] - verifyElementPropertyValue(getResponse, "offers[9].groups[0].pricingPlans[0].visualElements[0].key", "Header_1_text"): Verify element property value successfully

2023-10-16 14:17:13 - [MESSAGE][PASSED] - Verify element property value successfully

2023-10-16 14:17:13 - [TEST_STEP][PASSED] - verifyElementPropertyValue(getResponse, "offers[9].groups[0].pricingPlans[0].visualElements[0].value", "Abonnez-vous dès maintenant et profitez de vos programmes sans publicité"): Verify element property value successfully

2023-10-16 14:17:13 - [MESSAGE][PASSED] - Verify element property value successfully

2023-10-16 14:17:13 - [TEST_STEP][PASSED] - verifyElementPropertyValue(getResponse, "offers[9].groups[0].pricingPlans[0].visualElements[1].key", "display_title"): Verify element property value successfully

2023-10-16 14:17:13 - [MESSAGE][PASSED] - Verify element property value successfully

2023-10-16 14:17:13 - [TEST_STEP][PASSED] - verifyElementPropertyValue(getResponse, "offers[9].groups[0].pricingPlans[0].visualElements[1].value", "40% de réduction"): Verify element property value successfully

2023-10-16 14:17:13 - [MESSAGE][PASSED] - Verify element property value successfully

2023-10-16 14:17:13 - [TEST_STEP][PASSED] - verifyElementPropertyValue(getResponse, "offers[9].groups[0].pricingPlans[0].visualElements[3].key", "deduction_text"): Verify element property value successfully

2023-10-16 14:17:13 - [MESSAGE][PASSED] - Verify element property value successfully

2023-10-16 14:17:13 - [TEST_STEP][PASSED] - verifyElementPropertyValue(getResponse, "offers[9].groups[0].pricingPlans[0].visualElements[3].value", "facturation mensuelle"): Verify element property value successfully

2023-10-16 14:17:13 - [MESSAGE][PASSED] - Verify element property value successfully

2023-10-16 14:17:13 - [TEST_STEP][PASSED] - verifyElementPropertyValue(getResponse, "offers[9].groups[0].pricingPlans[0].visualElements[6].key", "show_payment_logo"): Verify element property value successfully

2023-10-16 14:17:13 - [MESSAGE][PASSED] - Verify element property value successfully

2023-10-16 14:17:13 - [TEST_STEP][PASSED] - verifyElementPropertyValue(getResponse, "offers[9].groups[0].pricingPlans[0].visualElements[6].value", "true"): Verify element property value successfully

2023-10-16 14:17:13 - [MESSAGE][PASSED] - Verify element property value successfully

2023-10-16 14:17:13 - [TEST_STEP][PASSED] - verifyElementPropertyValue(getResponse, "offers[9].groups[0].pricingPlans[0].visualElements[8].key", "price"): Verify element property value successfully

2023-10-16 14:17:13 - [MESSAGE][PASSED] - Verify element property value successfully

2023-10-16 14:17:13 - [TEST_STEP][PASSED] - verifyElementPropertyValue(getResponse, "offers[9].groups[0].pricingPlans[0].visualElements[8].value", "2.69"): Verify element property value successfully

2023-10-16 14:17:13 - [MESSAGE][PASSED] - Verify element property value successfully

2023-10-16 14:17:13 - [TEST_STEP][PASSED] - verifyElementPropertyValue(getResponse, "offers[9].groups[0].pricingPlans[0].visualElements[9].key", "currency"): Verify element property value successfully

2023-10-16 14:17:13 - [MESSAGE][PASSED] - Verify element property value successfully

2023-10-16 14:17:13 - [TEST_STEP][FAILED] - verifyElementPropertyValue(getResponse, "offers[9].groups[0].pricingPlans[0].visualElements[9].value", "USD"): Expected element property value 'USD' is not equal with actual property value '$'

2023-10-16 14:17:13 - [MESSAGE][FAILED] - Expected element property value 'USD' is not equal with actual property value '$'

2023-10-16 14:17:13 - [TEST_STEP][PASSED] - verifyElementPropertyValue(getResponse, "offers[9].groups[0].pricingPlans[0].visualElements[10].key", "duration"): Verify element property value successfully

2023-10-16 14:17:13 - [MESSAGE][PASSED] - Verify element property value successfully

2023-10-16 14:17:13 - [TEST_STEP][PASSED] - verifyElementPropertyValue(getResponse, "offers[9].groups[0].pricingPlans[0].visualElements[10].value", "Mensuel"): Verify element property value successfully

2023-10-16 14:17:13 - [MESSAGE][PASSED] - Verify element property value successfully

2023-10-16 14:17:13 - [TEST_STEP][PASSED] - verifyElementPropertyValue(getResponse, "offers[9].groups[0].pricingPlans[0].visualElements[11].key", "featured_tag_text"): Verify element property value successfully

2023-10-16 14:17:13 - [MESSAGE][PASSED] - Verify element property value successfully

2023-10-16 14:17:13 - [TEST_STEP][PASSED] - verifyElementPropertyValue(getResponse, "offers[9].groups[0].pricingPlans[0].visualElements[11].value", "Offre limitée"): Verify element property value successfully

2023-10-16 14:17:13 - [MESSAGE][PASSED] - Verify element property value successfully

2023-10-16 14:17:13 - [TEST_STEP][PASSED] - verifyElementPropertyValue(getResponse, "offers[9].groups[0].pricingPlans[0].visualElements[13].key", "tag_text"): Verify element property value successfully

2023-10-16 14:17:13 - [MESSAGE][PASSED] - Verify element property value successfully

2023-10-16 14:17:13 - [TEST_STEP][PASSED] - verifyElementPropertyValue(getResponse, "offers[9].groups[0].pricingPlans[0].visualElements[13].value", "Économisez 40% "): Verify element property value successfully

2023-10-16 14:17:13 - [MESSAGE][PASSED] - Verify element property value successfully

2023-10-16 14:17:13 - [TEST_STEP][PASSED] - verifyElementPropertyValue(getResponse, "offers[9].groups[0].pricingPlans[0].visualElements[12].key", "show_tag"): Verify element property value successfully

2023-10-16 14:17:13 - [MESSAGE][PASSED] - Verify element property value successfully

2023-10-16 14:17:13 - [TEST_STEP][PASSED] - verifyElementPropertyValue(getResponse, "offers[9].groups[0].pricingPlans[0].visualElements[12].value", "true"): Verify element property value successfully

2023-10-16 14:17:13 - [MESSAGE][PASSED] - Verify element property value successfully

2023-10-16 14:17:13 - [TEST_STEP][PASSED] - verifyElementPropertyValue(getResponse, "offers[9].groups[0].pricingPlans[0].pricingPlanData[0].productId", "LBN_B2C_SHAHID_VIP_1M"): Verify element property value successfully

2023-10-16 14:17:13 - [MESSAGE][PASSED] - Verify element property value successfully

2023-10-16 14:17:13 - [TEST_STEP][PASSED] - verifyElementPropertyValue(getResponse, "offers[9].groups[0].pricingPlans[0].pricingPlanData[0].paymentMethod", "CREDIT_CARD"): Verify element property value successfully

2023-10-16 14:17:13 - [MESSAGE][PASSED] - Verify element property value successfully

2023-10-16 14:17:13 - [TEST_STEP][PASSED] - verifyElementPropertyValue(getResponse, "offers[9].groups[0].pricingPlans[0].pricingPlanData[0].freeTrialEnabled", "false"): Verify element property value successfully

2023-10-16 14:17:13 - [MESSAGE][PASSED] - Verify element property value successfully

2023-10-16 14:17:13 - [TEST_STEP][PASSED] - verifyElementPropertyValue(getResponse, "offers[9].groups[0].pricingPlans[0].pricingPlanData[0].showIn[0]", "VERTICAL_MODE"): Verify element property value successfully

2023-10-16 14:17:13 - [MESSAGE][PASSED] - Verify element property value successfully

2023-10-16 14:17:13 - [TEST_STEP][PASSED] - verifyElementPropertyValue(getResponse, "offers[9].groups[0].pricingPlans[0].pricingPlanData[0].showIn[1]", "HORIZONTAL_MODE"): Verify element property value successfully

2023-10-16 14:17:13 - [MESSAGE][PASSED] - Verify element property value successfully

2023-10-16 14:17:13 - [TEST_STEP][PASSED] - verifyElementPropertyValue(getResponse, "offers[9].groups[0].pricingPlans[0].pricingPlanData[0].priceLabel", "2.69"): Verify element property value successfully

2023-10-16 14:17:13 - [MESSAGE][PASSED] - Verify element property value successfully

2023-10-16 14:17:13 - [TEST_STEP][FAILED] - verifyElementPropertyValue(getResponse, "offers[9].groups[0].pricingPlans[0].pricingPlanData[0].currencyLabel", "USD"): Expected element property value 'USD' is not equal with actual property value '$'

2023-10-16 14:17:13 - [MESSAGE][FAILED] - Expected element property value 'USD' is not equal with actual property value '$'

2023-10-16 14:17:13 - [TEST_STEP][PASSED] - verifyElementPropertyValue(getResponse, "offers[9].groups[0].pricingPlans[0].pricingPlanData[0].dealId", "BYG_40P_LBN"): Verify element property value successfully

2023-10-16 14:17:13 - [MESSAGE][PASSED] - Verify element property value successfully

2023-10-16 14:17:13 - [TEST_STEP][PASSED] - verifyElementPropertyValue(getResponse, "offers[9].groups[0].pricingPlans[0].pricingPlanData[0].allowedForAcquisition", "true"): Verify element property value successfully

2023-10-16 14:17:13 - [MESSAGE][PASSED] - Verify element property value successfully

2023-10-16 14:17:13 - [TEST_STEP][PASSED] - verifyElementPropertyValue(getResponse, "offers[9].groups[0].pricingPlans[0].pricingPlanData[0].visualElements[0].key", "title"): Verify element property value successfully

2023-10-16 14:17:13 - [MESSAGE][PASSED] - Verify element property value successfully

2023-10-16 14:17:13 - [TEST_STEP][PASSED] - verifyElementPropertyValue(getResponse, "offers[9].groups[0].pricingPlans[0].pricingPlanData[0].visualElements[0].value", "Carte de crédit/débit"): Verify element property value successfully

2023-10-16 14:17:13 - [MESSAGE][PASSED] - Verify element property value successfully

2023-10-16 14:17:13 - [TEST_STEP][PASSED] - verifyElementPropertyValue(getResponse, "offers[9].groups[0].pricingPlans[0].pricingPlanData[0].visualElements[1].key", "CTA_text"): Verify element property value successfully

2023-10-16 14:17:13 - [MESSAGE][PASSED] - Verify element property value successfully

2023-10-16 14:17:13 - [TEST_STEP][PASSED] - verifyElementPropertyValue(getResponse, "offers[9].groups[0].pricingPlans[0].pricingPlanData[0].visualElements[1].value", "S’abonner"): Verify element property value successfully

2023-10-16 14:17:13 - [MESSAGE][PASSED] - Verify element property value successfully

2023-10-16 14:17:13 - [TEST_STEP][PASSED] - verifyElementPropertyValue(getResponse, "offers[9].groups[0].pricingPlans[0].pricingPlanData[0].visualElements[2].key", "logo"): Verify element property value successfully

2023-10-16 14:17:13 - [MESSAGE][PASSED] - Verify element property value successfully

2023-10-16 14:17:13 - [TEST_STEP][PASSED] - verifyElementPropertyValue(getResponse, "offers[9].groups[0].pricingPlans[0].pricingPlanData[0].visualElements[2].value", "https://static.s3.shahid.mbc.net/widget-images/icons/iconCreditCard.png"): Verify element property value successfully

2023-10-16 14:17:13 - [MESSAGE][PASSED] - Verify element property value successfully

2023-10-16 14:17:13 - [TEST_STEP][PASSED] - verifyElementPropertyValue(getResponse, "offers[10].offerId", "byg-50-offer"): Verify element property value successfully

2023-10-16 14:17:13 - [MESSAGE][PASSED] - Verify element property value successfully

2023-10-16 14:17:13 - [TEST_STEP][PASSED] - verifyElementPropertyValue(getResponse, "offers[10].offerParam", "bygoffer50"): Verify element property value successfully

2023-10-16 14:17:13 - [MESSAGE][PASSED] - Verify element property value successfully

2023-10-16 14:17:13 - [TEST_STEP][PASSED] - verifyElementPropertyValue(getResponse, "offers[10].groups[0].pricingPlans[0].featured", "true"): Verify element property value successfully

2023-10-16 14:17:13 - [MESSAGE][PASSED] - Verify element property value successfully

2023-10-16 14:17:13 - [TEST_STEP][PASSED] - verifyElementPropertyValue(getResponse, "offers[10].groups[0].pricingPlans[0].period", "monthly"): Verify element property value successfully

2023-10-16 14:17:13 - [MESSAGE][PASSED] - Verify element property value successfully

2023-10-16 14:17:13 - [TEST_STEP][PASSED] - verifyElementPropertyValue(getResponse, "offers[10].groups[0].pricingPlans[0].featured", "true"): Verify element property value successfully

2023-10-16 14:17:13 - [MESSAGE][PASSED] - Verify element property value successfully

2023-10-16 14:17:13 - [TEST_STEP][PASSED] - verifyElementPropertyValue(getResponse, "offers[10].groups[0].pricingPlans[0].price", "2.29"): Verify element property value successfully

2023-10-16 14:17:13 - [MESSAGE][PASSED] - Verify element property value successfully

2023-10-16 14:17:13 - [TEST_STEP][FAILED] - verifyElementPropertyValue(getResponse, "offers[10].groups[0].pricingPlans[0].currency", "USD"): Expected element property value 'USD' is not equal with actual property value '$'

2023-10-16 14:17:13 - [MESSAGE][FAILED] - Expected element property value 'USD' is not equal with actual property value '$'

2023-10-16 14:17:13 - [TEST_STEP][PASSED] - verifyElementPropertyValue(getResponse, "offers[10].groups[0].pricingPlans[0].order", "0"): Verify element property value successfully

2023-10-16 14:17:13 - [MESSAGE][PASSED] - Verify element property value successfully

2023-10-16 14:17:13 - [TEST_STEP][PASSED] - verifyElementPropertyValue(getResponse, "offers[10].groups[0].pricingPlans[0].packageId", "SHAHID_VIP"): Verify element property value successfully

2023-10-16 14:17:13 - [MESSAGE][PASSED] - Verify element property value successfully

2023-10-16 14:17:13 - [TEST_STEP][PASSED] - verifyElementPropertyValue(getResponse, "offers[10].groups[0].pricingPlans[0].catalogId", "VIP"): Verify element property value successfully

2023-10-16 14:17:13 - [MESSAGE][PASSED] - Verify element property value successfully

2023-10-16 14:17:13 - [TEST_STEP][PASSED] - verifyElementPropertyValue(getResponse, "offers[10].groups[0].pricingPlans[0].visualElements[0].key", "Header_1_text"): Verify element property value successfully

2023-10-16 14:17:13 - [MESSAGE][PASSED] - Verify element property value successfully

2023-10-16 14:17:13 - [TEST_STEP][PASSED] - verifyElementPropertyValue(getResponse, "offers[10].groups[0].pricingPlans[0].visualElements[0].value", "Abonnez-vous dès maintenant et profitez de vos programmes sans publicité"): Verify element property value successfully

2023-10-16 14:17:13 - [MESSAGE][PASSED] - Verify element property value successfully

2023-10-16 14:17:13 - [TEST_STEP][PASSED] - verifyElementPropertyValue(getResponse, "offers[10].groups[0].pricingPlans[0].visualElements[1].key", "display_title"): Verify element property value successfully

2023-10-16 14:17:13 - [MESSAGE][PASSED] - Verify element property value successfully

2023-10-16 14:17:13 - [TEST_STEP][PASSED] - verifyElementPropertyValue(getResponse, "offers[10].groups[0].pricingPlans[0].visualElements[1].value", "50% de réduction"): Verify element property value successfully

2023-10-16 14:17:13 - [MESSAGE][PASSED] - Verify element property value successfully

2023-10-16 14:17:13 - [TEST_STEP][PASSED] - verifyElementPropertyValue(getResponse, "offers[10].groups[0].pricingPlans[0].visualElements[3].key", "deduction_text"): Verify element property value successfully

2023-10-16 14:17:13 - [MESSAGE][PASSED] - Verify element property value successfully

2023-10-16 14:17:13 - [TEST_STEP][PASSED] - verifyElementPropertyValue(getResponse, "offers[10].groups[0].pricingPlans[0].visualElements[3].value", "facturation mensuelle"): Verify element property value successfully

2023-10-16 14:17:13 - [MESSAGE][PASSED] - Verify element property value successfully

2023-10-16 14:17:13 - [TEST_STEP][PASSED] - verifyElementPropertyValue(getResponse, "offers[10].groups[0].pricingPlans[0].visualElements[6].key", "show_payment_logo"): Verify element property value successfully

2023-10-16 14:17:13 - [MESSAGE][PASSED] - Verify element property value successfully

2023-10-16 14:17:13 - [TEST_STEP][PASSED] - verifyElementPropertyValue(getResponse, "offers[10].groups[0].pricingPlans[0].visualElements[6].value", "true"): Verify element property value successfully

2023-10-16 14:17:13 - [MESSAGE][PASSED] - Verify element property value successfully

2023-10-16 14:17:13 - [TEST_STEP][PASSED] - verifyElementPropertyValue(getResponse, "offers[10].groups[0].pricingPlans[0].visualElements[8].key", "price"): Verify element property value successfully

2023-10-16 14:17:13 - [MESSAGE][PASSED] - Verify element property value successfully

2023-10-16 14:17:13 - [TEST_STEP][PASSED] - verifyElementPropertyValue(getResponse, "offers[10].groups[0].pricingPlans[0].visualElements[8].value", "2.29"): Verify element property value successfully

2023-10-16 14:17:13 - [MESSAGE][PASSED] - Verify element property value successfully

2023-10-16 14:17:13 - [TEST_STEP][PASSED] - verifyElementPropertyValue(getResponse, "offers[10].groups[0].pricingPlans[0].visualElements[9].key", "currency"): Verify element property value successfully

2023-10-16 14:17:13 - [MESSAGE][PASSED] - Verify element property value successfully

2023-10-16 14:17:13 - [TEST_STEP][FAILED] - verifyElementPropertyValue(getResponse, "offers[10].groups[0].pricingPlans[0].visualElements[9].value", "USD"): Expected element property value 'USD' is not equal with actual property value '$'

2023-10-16 14:17:13 - [MESSAGE][FAILED] - Expected element property value 'USD' is not equal with actual property value '$'

2023-10-16 14:17:13 - [TEST_STEP][PASSED] - verifyElementPropertyValue(getResponse, "offers[10].groups[0].pricingPlans[0].visualElements[10].key", "duration"): Verify element property value successfully

2023-10-16 14:17:13 - [MESSAGE][PASSED] - Verify element property value successfully

2023-10-16 14:17:13 - [TEST_STEP][PASSED] - verifyElementPropertyValue(getResponse, "offers[10].groups[0].pricingPlans[0].visualElements[10].value", "Mensuel"): Verify element property value successfully

2023-10-16 14:17:13 - [MESSAGE][PASSED] - Verify element property value successfully

2023-10-16 14:17:13 - [TEST_STEP][PASSED] - verifyElementPropertyValue(getResponse, "offers[10].groups[0].pricingPlans[0].visualElements[11].key", "featured_tag_text"): Verify element property value successfully

2023-10-16 14:17:13 - [MESSAGE][PASSED] - Verify element property value successfully

2023-10-16 14:17:13 - [TEST_STEP][PASSED] - verifyElementPropertyValue(getResponse, "offers[10].groups[0].pricingPlans[0].visualElements[11].value", "Offre limitée"): Verify element property value successfully

2023-10-16 14:17:13 - [MESSAGE][PASSED] - Verify element property value successfully

2023-10-16 14:17:13 - [TEST_STEP][PASSED] - verifyElementPropertyValue(getResponse, "offers[10].groups[0].pricingPlans[0].visualElements[13].key", "tag_text"): Verify element property value successfully

2023-10-16 14:17:13 - [MESSAGE][PASSED] - Verify element property value successfully

2023-10-16 14:17:13 - [TEST_STEP][PASSED] - verifyElementPropertyValue(getResponse, "offers[10].groups[0].pricingPlans[0].visualElements[13].value", "Économisez 50% "): Verify element property value successfully

2023-10-16 14:17:14 - [MESSAGE][PASSED] - Verify element property value successfully

2023-10-16 14:17:14 - [TEST_STEP][PASSED] - verifyElementPropertyValue(getResponse, "offers[10].groups[0].pricingPlans[0].visualElements[12].key", "show_tag"): Verify element property value successfully

2023-10-16 14:17:14 - [MESSAGE][PASSED] - Verify element property value successfully

2023-10-16 14:17:14 - [TEST_STEP][PASSED] - verifyElementPropertyValue(getResponse, "offers[10].groups[0].pricingPlans[0].visualElements[12].value", "true"): Verify element property value successfully

2023-10-16 14:17:14 - [MESSAGE][PASSED] - Verify element property value successfully

2023-10-16 14:17:14 - [TEST_STEP][PASSED] - verifyElementPropertyValue(getResponse, "offers[10].groups[0].pricingPlans[0].pricingPlanData[0].productId", "LBN_B2C_SHAHID_VIP_1M"): Verify element property value successfully

2023-10-16 14:17:14 - [MESSAGE][PASSED] - Verify element property value successfully

2023-10-16 14:17:14 - [TEST_STEP][PASSED] - verifyElementPropertyValue(getResponse, "offers[10].groups[0].pricingPlans[0].pricingPlanData[0].paymentMethod", "CREDIT_CARD"): Verify element property value successfully

2023-10-16 14:17:14 - [MESSAGE][PASSED] - Verify element property value successfully

2023-10-16 14:17:14 - [TEST_STEP][PASSED] - verifyElementPropertyValue(getResponse, "offers[10].groups[0].pricingPlans[0].pricingPlanData[0].freeTrialEnabled", "false"): Verify element property value successfully

2023-10-16 14:17:14 - [MESSAGE][PASSED] - Verify element property value successfully

2023-10-16 14:17:14 - [TEST_STEP][PASSED] - verifyElementPropertyValue(getResponse, "offers[10].groups[0].pricingPlans[0].pricingPlanData[0].showIn[0]", "VERTICAL_MODE"): Verify element property value successfully

2023-10-16 14:17:14 - [MESSAGE][PASSED] - Verify element property value successfully

2023-10-16 14:17:14 - [TEST_STEP][PASSED] - verifyElementPropertyValue(getResponse, "offers[10].groups[0].pricingPlans[0].pricingPlanData[0].showIn[1]", "HORIZONTAL_MODE"): Verify element property value successfully

2023-10-16 14:17:14 - [MESSAGE][PASSED] - Verify element property value successfully

2023-10-16 14:17:14 - [TEST_STEP][PASSED] - verifyElementPropertyValue(getResponse, "offers[10].groups[0].pricingPlans[0].pricingPlanData[0].priceLabel", "2.29"): Verify element property value successfully

2023-10-16 14:17:14 - [MESSAGE][PASSED] - Verify element property value successfully

2023-10-16 14:17:14 - [TEST_STEP][FAILED] - verifyElementPropertyValue(getResponse, "offers[10].groups[0].pricingPlans[0].pricingPlanData[0].currencyLabel", "USD"): Expected element property value 'USD' is not equal with actual property value '$'

2023-10-16 14:17:14 - [MESSAGE][FAILED] - Expected element property value 'USD' is not equal with actual property value '$'

2023-10-16 14:17:14 - [TEST_STEP][PASSED] - verifyElementPropertyValue(getResponse, "offers[10].groups[0].pricingPlans[0].pricingPlanData[0].dealId", "BYG_50P_LBN"): Verify element property value successfully

2023-10-16 14:17:14 - [MESSAGE][PASSED] - Verify element property value successfully

2023-10-16 14:17:14 - [TEST_STEP][PASSED] - verifyElementPropertyValue(getResponse, "offers[10].groups[0].pricingPlans[0].pricingPlanData[0].allowedForAcquisition", "true"): Verify element property value successfully

2023-10-16 14:17:14 - [MESSAGE][PASSED] - Verify element property value successfully

2023-10-16 14:17:14 - [TEST_STEP][PASSED] - verifyElementPropertyValue(getResponse, "offers[10].groups[0].pricingPlans[0].pricingPlanData[0].visualElements[0].key", "title"): Verify element property value successfully

2023-10-16 14:17:14 - [MESSAGE][PASSED] - Verify element property value successfully

2023-10-16 14:17:14 - [TEST_STEP][PASSED] - verifyElementPropertyValue(getResponse, "offers[10].groups[0].pricingPlans[0].pricingPlanData[0].visualElements[0].value", "Carte de crédit/débit"): Verify element property value successfully

2023-10-16 14:17:14 - [MESSAGE][PASSED] - Verify element property value successfully

2023-10-16 14:17:14 - [TEST_STEP][PASSED] - verifyElementPropertyValue(getResponse, "offers[10].groups[0].pricingPlans[0].pricingPlanData[0].visualElements[1].key", "CTA_text"): Verify element property value successfully

2023-10-16 14:17:14 - [MESSAGE][PASSED] - Verify element property value successfully

2023-10-16 14:17:14 - [TEST_STEP][PASSED] - verifyElementPropertyValue(getResponse, "offers[10].groups[0].pricingPlans[0].pricingPlanData[0].visualElements[1].value", "S’abonner"): Verify element property value successfully

2023-10-16 14:17:14 - [MESSAGE][PASSED] - Verify element property value successfully

2023-10-16 14:17:14 - [TEST_STEP][PASSED] - verifyElementPropertyValue(getResponse, "offers[10].groups[0].pricingPlans[0].pricingPlanData[0].visualElements[2].key", "logo"): Verify element property value successfully

2023-10-16 14:17:14 - [MESSAGE][PASSED] - Verify element property value successfully

2023-10-16 14:17:14 - [TEST_STEP][PASSED] - verifyElementPropertyValue(getResponse, "offers[10].groups[0].pricingPlans[0].pricingPlanData[0].visualElements[2].value", "https://static.s3.shahid.mbc.net/widget-images/icons/iconCreditCard.png"): Verify element property value successfully

2023-10-16 14:17:14 - [MESSAGE][PASSED] - Verify element property value successfully]]></system-out>
         <system-err><![CDATA[2023-10-16 14:17:12 - [TEST_CASE][FAILED] - Test Cases/WEB - CHROME/LBN PI/WEB_FR_getOffersForLBN_VIP: Test Cases/WEB - CHROME/LBN PI/WEB_FR_getOffersForLBN_VIP FAILED.
Reason:
com.kms.katalon.core.exception.StepFailedException: Expected element property value 'USD' is not equal with actual property value '$'
	at com.kms.katalon.core.keyword.internal.KeywordMain.stepFailed(KeywordMain.groovy:39)
	at com.kms.katalon.core.webservice.keyword.builtin.VerifyElementPropertyValueKeyword$_verifyElementPropertyValue_closure1.doCall(VerifyElementPropertyValueKeyword.groovy:56)
	at com.kms.katalon.core.webservice.keyword.builtin.VerifyElementPropertyValueKeyword$_verifyElementPropertyValue_closure1.call(VerifyElementPropertyValueKeyword.groovy)
	at com.kms.katalon.core.keyword.internal.KeywordMain.runKeyword(KeywordMain.groovy:75)
	at com.kms.katalon.core.webservice.keyword.builtin.VerifyElementPropertyValueKeyword.verifyElementPropertyValue(VerifyElementPropertyValueKeyword.groovy:48)
	at com.kms.katalon.core.webservice.keyword.builtin.VerifyElementPropertyValueKeyword.execute(VerifyElementPropertyValueKeyword.groovy:43)
	at com.kms.katalon.core.keyword.internal.KeywordExecutor.executeKeywordForPlatform(KeywordExecutor.groovy:74)
	at com.kms.katalon.core.webservice.keyword.WSBuiltInKeywords.verifyElementPropertyValue(WSBuiltInKeywords.groovy:190)
	at com.kms.katalon.core.webservice.keyword.WSBuiltInKeywords$verifyElementPropertyValue$1.call(Unknown Source)
	at WEB_FR_getOffersForLBN_VIP.run(WEB_FR_getOffersForLBN_VIP:37)
	at com.kms.katalon.core.main.ScriptEngine.run(ScriptEngine.java:194)
	at com.kms.katalon.core.main.ScriptEngine.runScriptAsRawText(ScriptEngine.java:119)
	at com.kms.katalon.core.main.TestCaseExecutor.runScript(TestCaseExecutor.java:448)
	at com.kms.katalon.core.main.TestCaseExecutor.doExecute(TestCaseExecutor.java:439)
	at com.kms.katalon.core.main.TestCaseExecutor.processExecutionPhase(TestCaseExecutor.java:418)
	at com.kms.katalon.core.main.TestCaseExecutor.accessMainPhase(TestCaseExecutor.java:410)
	at com.kms.katalon.core.main.TestCaseExecutor.execute(TestCaseExecutor.java:285)
	at com.kms.katalon.core.common.CommonExecutor.accessTestCaseMainPhase(CommonExecutor.java:65)
	at com.kms.katalon.core.main.TestSuiteExecutor.accessTestSuiteMainPhase(TestSuiteExecutor.java:148)
	at com.kms.katalon.core.main.TestSuiteExecutor.execute(TestSuiteExecutor.java:106)
	at com.kms.katalon.core.main.TestCaseMain.startTestSuite(TestCaseMain.java:187)
	at com.kms.katalon.core.main.TestCaseMain$startTestSuite$0.call(Unknown Source)
	at TempTestSuite1697454215032.run(TempTestSuite1697454215032.groovy:36)]]></system-err>
      </testcase>
      <system-out><![CDATA[2023-10-16 14:16:41 - [TEST_SUITE][FAILED] - LBN: Test Cases/WEB - CHROME/LBN PI/WEB_FR_getSubscriptionConfigForLBN_SPORT FAILED.
Reason:
com.kms.katalon.core.exception.StepFailedException: Expected element property value 'Plan Annuel' is not equal with actual property value 'Plan Annuel ​'
	at com.kms.katalon.core.keyword.internal.KeywordMain.stepFailed(KeywordMain.groovy:39)
	at com.kms.katalon.core.webservice.keyword.builtin.VerifyElementPropertyValueKeyword$_verifyElementPropertyValue_closure1.doCall(VerifyElementPropertyValueKeyword.groovy:56)
	at com.kms.katalon.core.webservice.keyword.builtin.VerifyElementPropertyValueKeyword$_verifyElementPropertyValue_closure1.call(VerifyElementPropertyValueKeyword.groovy)
	at com.kms.katalon.core.keyword.internal.KeywordMain.runKeyword(KeywordMain.groovy:75)
	at com.kms.katalon.core.webservice.keyword.builtin.VerifyElementPropertyValueKeyword.verifyElementPropertyValue(VerifyElementPropertyValueKeyword.groovy:48)
	at com.kms.katalon.core.webservice.keyword.builtin.VerifyElementPropertyValueKeyword.execute(VerifyElementPropertyValueKeyword.groovy:43)
	at com.kms.katalon.core.keyword.internal.KeywordExecutor.executeKeywordForPlatform(KeywordExecutor.groovy:74)
	at com.kms.katalon.core.webservice.keyword.WSBuiltInKeywords.verifyElementPropertyValue(WSBuiltInKeywords.groovy:190)
	at com.kms.katalon.core.webservice.keyword.WSBuiltInKeywords$verifyElementPropertyValue$1.call(Unknown Source)
	at WEB_FR_getSubscriptionConfigForLBN_SPORT.run(WEB_FR_getSubscriptionConfigForLBN_SPORT:101)
	at com.kms.katalon.core.main.ScriptEngine.run(ScriptEngine.java:194)
	at com.kms.katalon.core.main.ScriptEngine.runScriptAsRawText(ScriptEngine.java:119)
	at com.kms.katalon.core.main.TestCaseExecutor.runScript(TestCaseExecutor.java:448)
	at com.kms.katalon.core.main.TestCaseExecutor.doExecute(TestCaseExecutor.java:439)
	at com.kms.katalon.core.main.TestCaseExecutor.processExecutionPhase(TestCaseExecutor.java:418)
	at com.kms.katalon.core.main.TestCaseExecutor.accessMainPhase(TestCaseExecutor.java:410)
	at com.kms.katalon.core.main.TestCaseExecutor.execute(TestCaseExecutor.java:285)
	at com.kms.katalon.core.common.CommonExecutor.accessTestCaseMainPhase(CommonExecutor.java:65)
	at com.kms.katalon.core.main.TestSuiteExecutor.accessTestSuiteMainPhase(TestSuiteExecutor.java:148)
	at com.kms.katalon.core.main.TestSuiteExecutor.execute(TestSuiteExecutor.java:106)
	at com.kms.katalon.core.main.TestCaseMain.startTestSuite(TestCaseMain.java:187)
	at com.kms.katalon.core.main.TestCaseMain$startTestSuite$0.call(Unknown Source)
	at TempTestSuite1697454215032.run(TempTestSuite1697454215032.groovy:36)]]></system-out>
      <system-err><![CDATA[2023-10-16 14:16:41 - [TEST_SUITE][FAILED] - LBN: Test Cases/WEB - CHROME/LBN PI/WEB_FR_getSubscriptionConfigForLBN_SPORT FAILED.
Reason:
com.kms.katalon.core.exception.StepFailedException: Expected element property value 'Plan Annuel' is not equal with actual property value 'Plan Annuel ​'
	at com.kms.katalon.core.keyword.internal.KeywordMain.stepFailed(KeywordMain.groovy:39)
	at com.kms.katalon.core.webservice.keyword.builtin.VerifyElementPropertyValueKeyword$_verifyElementPropertyValue_closure1.doCall(VerifyElementPropertyValueKeyword.groovy:56)
	at com.kms.katalon.core.webservice.keyword.builtin.VerifyElementPropertyValueKeyword$_verifyElementPropertyValue_closure1.call(VerifyElementPropertyValueKeyword.groovy)
	at com.kms.katalon.core.keyword.internal.KeywordMain.runKeyword(KeywordMain.groovy:75)
	at com.kms.katalon.core.webservice.keyword.builtin.VerifyElementPropertyValueKeyword.verifyElementPropertyValue(VerifyElementPropertyValueKeyword.groovy:48)
	at com.kms.katalon.core.webservice.keyword.builtin.VerifyElementPropertyValueKeyword.execute(VerifyElementPropertyValueKeyword.groovy:43)
	at com.kms.katalon.core.keyword.internal.KeywordExecutor.executeKeywordForPlatform(KeywordExecutor.groovy:74)
	at com.kms.katalon.core.webservice.keyword.WSBuiltInKeywords.verifyElementPropertyValue(WSBuiltInKeywords.groovy:190)
	at com.kms.katalon.core.webservice.keyword.WSBuiltInKeywords$verifyElementPropertyValue$1.call(Unknown Source)
	at WEB_FR_getSubscriptionConfigForLBN_SPORT.run(WEB_FR_getSubscriptionConfigForLBN_SPORT:101)
	at com.kms.katalon.core.main.ScriptEngine.run(ScriptEngine.java:194)
	at com.kms.katalon.core.main.ScriptEngine.runScriptAsRawText(ScriptEngine.java:119)
	at com.kms.katalon.core.main.TestCaseExecutor.runScript(TestCaseExecutor.java:448)
	at com.kms.katalon.core.main.TestCaseExecutor.doExecute(TestCaseExecutor.java:439)
	at com.kms.katalon.core.main.TestCaseExecutor.processExecutionPhase(TestCaseExecutor.java:418)
	at com.kms.katalon.core.main.TestCaseExecutor.accessMainPhase(TestCaseExecutor.java:410)
	at com.kms.katalon.core.main.TestCaseExecutor.execute(TestCaseExecutor.java:285)
	at com.kms.katalon.core.common.CommonExecutor.accessTestCaseMainPhase(CommonExecutor.java:65)
	at com.kms.katalon.core.main.TestSuiteExecutor.accessTestSuiteMainPhase(TestSuiteExecutor.java:148)
	at com.kms.katalon.core.main.TestSuiteExecutor.execute(TestSuiteExecutor.java:106)
	at com.kms.katalon.core.main.TestCaseMain.startTestSuite(TestCaseMain.java:187)
	at com.kms.katalon.core.main.TestCaseMain$startTestSuite$0.call(Unknown Source)
	at TempTestSuite1697454215032.run(TempTestSuite1697454215032.groovy:36)]]></system-err>
   </testsuite>
</testsuites>
