<?xml version="1.0" encoding="UTF-8"?>
<testsuites name="BHR" time="34.455" tests="10" failures="4" errors="0">
   <testsuite name="BHR" tests="10" failures="4" errors="0" time="34.455" skipped="0" timestamp="2023-10-16 14:13:57" hostname="admin - 10.109.12.148" id="Test Suites/WEB/BHR">
      <properties>
         <property name="deviceName" value=""/>
         <property name="devicePlatform" value=""/>
         <property name="logFolder" value="/Users/admin/git/shahid-configuration/Reports/20231016_140310/WEB/BHR/20231016_140329"/>
         <property name="logFiles" value="/Users/admin/git/shahid-configuration/Reports/20231016_140310/WEB/BHR/20231016_140329/execution0.log"/>
         <property name="attachments" value=""/>
         <property name="hostName" value="admin - 10.109.12.148"/>
         <property name="hostAddress" value="10.109.12.148"/>
         <property name="os" value="Mac OS X 64bit"/>
         <property name="katalonVersion" value="8.6.6.208"/>
      </properties>
      <testcase name="Test Cases/WEB - CHROME/BHR PI/WEB_AR_getSubscriptionConfigForBHR_GEA" time="3.835" classname="Test Cases/WEB - CHROME/BHR PI/WEB_AR_getSubscriptionConfigForBHR_GEA" status="PASSED">
         <system-out><![CDATA[2023-10-16 14:13:57 - [TEST_CASE][PASSED] - Test Cases/WEB - CHROME/BHR PI/WEB_AR_getSubscriptionConfigForBHR_GEA: Test Cases/WEB - CHROME/BHR PI/WEB_AR_getSubscriptionConfigForBHR_GEA

2023-10-16 14:13:57 - [TEST_STEP][PASSED] - getResponse = config_files.getConfigFile.getConfig("WEB", "AR", "SHAHID_VIP_GEA", "BH", "false"): config_files.getConfigFile.getConfig is PASSED

2023-10-16 14:13:59 - [MESSAGE][INFO] - HAR: /Users/admin/git/shahid-configuration/Reports/20231016_140310/WEB/BHR/20231016_140329/requests/main/0.har

2023-10-16 14:13:59 - [MESSAGE][PASSED] - Send request successfully

2023-10-16 14:13:59 - [MESSAGE][PASSED] - config_files.getConfigFile.getConfig is PASSED

2023-10-16 14:13:59 - [TEST_STEP][PASSED] - verifyResponseStatusCode(getResponse, 200): Verify response status code successfully

2023-10-16 14:13:59 - [MESSAGE][PASSED] - Verify response status code successfully

2023-10-16 14:13:59 - [TEST_STEP][PASSED] - verifyElementPropertyValue(getResponse, "country", "BHR"): Verify element property value successfully

2023-10-16 14:13:59 - [MESSAGE][PASSED] - Verify element property value successfully

2023-10-16 14:13:59 - [TEST_STEP][PASSED] - verifyElementPropertyValue(getResponse, "platform", "[WEB]"): Verify element property value successfully

2023-10-16 14:13:59 - [MESSAGE][PASSED] - Verify element property value successfully

2023-10-16 14:13:59 - [TEST_STEP][PASSED] - verifyElementPropertyValue(getResponse, "groups[0].pricingPlans[0].featured", "true"): Verify element property value successfully

2023-10-16 14:13:59 - [MESSAGE][PASSED] - Verify element property value successfully

2023-10-16 14:13:59 - [TEST_STEP][PASSED] - verifyElementPropertyValue(getResponse, "groups[0].pricingPlans[0].packageId", "SHAHID_VIP_GEA"): Verify element property value successfully

2023-10-16 14:13:59 - [MESSAGE][PASSED] - Verify element property value successfully

2023-10-16 14:13:59 - [TEST_STEP][PASSED] - verifyElementPropertyValue(getResponse, "groups[0].pricingPlans[0].catalogId", "GEA"): Verify element property value successfully

2023-10-16 14:13:59 - [MESSAGE][PASSED] - Verify element property value successfully

2023-10-16 14:13:59 - [TEST_STEP][PASSED] - verifyElementPropertyValue(getResponse, "groups[0].pricingPlans[0].visualElements[0].key", "Header_1_text"): Verify element property value successfully

2023-10-16 14:13:59 - [MESSAGE][PASSED] - Verify element property value successfully

2023-10-16 14:13:59 - [TEST_STEP][PASSED] - verifyElementPropertyValue(getResponse, "groups[0].pricingPlans[0].visualElements[0].value", "شاهد أقوى المسلسلات و الأفلام حصرياً دون توقف"): Verify element property value successfully

2023-10-16 14:13:59 - [MESSAGE][PASSED] - Verify element property value successfully

2023-10-16 14:13:59 - [TEST_STEP][PASSED] - verifyElementPropertyValue(getResponse, "groups[0].pricingPlans[0].visualElements[1].key", "display_title"): Verify element property value successfully

2023-10-16 14:13:59 - [MESSAGE][PASSED] - Verify element property value successfully

2023-10-16 14:13:59 - [TEST_STEP][PASSED] - verifyElementPropertyValue(getResponse, "groups[0].pricingPlans[0].visualElements[1].value", "الاشتراك الشهري "): Verify element property value successfully

2023-10-16 14:13:59 - [MESSAGE][PASSED] - Verify element property value successfully

2023-10-16 14:13:59 - [TEST_STEP][PASSED] - verifyElementPropertyValue(getResponse, "groups[0].pricingPlans[0].visualElements[3].key", "promo_text"): Verify element property value successfully

2023-10-16 14:13:59 - [MESSAGE][PASSED] - Verify element property value successfully

2023-10-16 14:13:59 - [TEST_STEP][PASSED] - verifyElementPropertyValue(getResponse, "groups[0].pricingPlans[0].visualElements[3].value", "4.99 BHD / شهرياً"): Verify element property value successfully

2023-10-16 14:13:59 - [MESSAGE][PASSED] - Verify element property value successfully

2023-10-16 14:13:59 - [TEST_STEP][PASSED] - verifyElementPropertyValue(getResponse, "groups[0].pricingPlans[0].visualElements[4].key", "deduction_text"): Verify element property value successfully

2023-10-16 14:13:59 - [MESSAGE][PASSED] - Verify element property value successfully

2023-10-16 14:13:59 - [TEST_STEP][PASSED] - verifyElementPropertyValue(getResponse, "groups[0].pricingPlans[0].visualElements[4].value", "تدفع شهرياً"): Verify element property value successfully

2023-10-16 14:13:59 - [MESSAGE][PASSED] - Verify element property value successfully

2023-10-16 14:13:59 - [TEST_STEP][PASSED] - verifyElementPropertyValue(getResponse, "groups[0].pricingPlans[0].visualElements[7].key", "show_payment_logo"): Verify element property value successfully

2023-10-16 14:13:59 - [MESSAGE][PASSED] - Verify element property value successfully

2023-10-16 14:13:59 - [TEST_STEP][PASSED] - verifyElementPropertyValue(getResponse, "groups[0].pricingPlans[0].visualElements[7].value", "true"): Verify element property value successfully

2023-10-16 14:13:59 - [MESSAGE][PASSED] - Verify element property value successfully

2023-10-16 14:13:59 - [TEST_STEP][PASSED] - verifyElementPropertyValue(getResponse, "groups[0].pricingPlans[0].visualElements[8].key", "show_tag"): Verify element property value successfully

2023-10-16 14:13:59 - [MESSAGE][PASSED] - Verify element property value successfully

2023-10-16 14:13:59 - [TEST_STEP][PASSED] - verifyElementPropertyValue(getResponse, "groups[0].pricingPlans[0].visualElements[8].value", "false"): Verify element property value successfully

2023-10-16 14:13:59 - [MESSAGE][PASSED] - Verify element property value successfully

2023-10-16 14:13:59 - [TEST_STEP][PASSED] - verifyElementPropertyValue(getResponse, "groups[0].pricingPlans[0].visualElements[10].key", "price"): Verify element property value successfully

2023-10-16 14:13:59 - [MESSAGE][PASSED] - Verify element property value successfully

2023-10-16 14:13:59 - [TEST_STEP][PASSED] - verifyElementPropertyValue(getResponse, "groups[0].pricingPlans[0].visualElements[10].value", "4.99"): Verify element property value successfully

2023-10-16 14:13:59 - [MESSAGE][PASSED] - Verify element property value successfully

2023-10-16 14:13:59 - [TEST_STEP][PASSED] - verifyElementPropertyValue(getResponse, "groups[0].pricingPlans[0].visualElements[11].key", "currency"): Verify element property value successfully

2023-10-16 14:14:00 - [MESSAGE][PASSED] - Verify element property value successfully

2023-10-16 14:14:00 - [TEST_STEP][PASSED] - verifyElementPropertyValue(getResponse, "groups[0].pricingPlans[0].visualElements[11].value", "BHD"): Verify element property value successfully

2023-10-16 14:14:00 - [MESSAGE][PASSED] - Verify element property value successfully

2023-10-16 14:14:00 - [TEST_STEP][PASSED] - verifyElementPropertyValue(getResponse, "groups[0].pricingPlans[0].visualElements[12].key", "duration"): Verify element property value successfully

2023-10-16 14:14:00 - [MESSAGE][PASSED] - Verify element property value successfully

2023-10-16 14:14:00 - [TEST_STEP][PASSED] - verifyElementPropertyValue(getResponse, "groups[0].pricingPlans[0].visualElements[12].value", "شهرياً"): Verify element property value successfully

2023-10-16 14:14:00 - [MESSAGE][PASSED] - Verify element property value successfully

2023-10-16 14:14:00 - [TEST_STEP][PASSED] - verifyElementPropertyValue(getResponse, "groups[0].pricingPlans[0].visualElements[13].key", "featured_tag_text"): Verify element property value successfully

2023-10-16 14:14:00 - [MESSAGE][PASSED] - Verify element property value successfully

2023-10-16 14:14:00 - [TEST_STEP][PASSED] - verifyElementPropertyValue(getResponse, "groups[0].pricingPlans[0].visualElements[13].value", " الأكثر مبيعاً"): Verify element property value successfully

2023-10-16 14:14:00 - [MESSAGE][PASSED] - Verify element property value successfully

2023-10-16 14:14:00 - [TEST_STEP][PASSED] - verifyElementPropertyValue(getResponse, "groups[0].pricingPlans[0].order", "6"): Verify element property value successfully

2023-10-16 14:14:00 - [MESSAGE][PASSED] - Verify element property value successfully

2023-10-16 14:14:00 - [TEST_STEP][PASSED] - verifyElementPropertyValue(getResponse, "groups[0].pricingPlans[0].period", "monthly"): Verify element property value successfully

2023-10-16 14:14:00 - [MESSAGE][PASSED] - Verify element property value successfully

2023-10-16 14:14:00 - [TEST_STEP][PASSED] - verifyElementPropertyValue(getResponse, "groups[0].pricingPlans[0].price", "4.99"): Verify element property value successfully

2023-10-16 14:14:00 - [MESSAGE][PASSED] - Verify element property value successfully

2023-10-16 14:14:00 - [TEST_STEP][PASSED] - verifyElementPropertyValue(getResponse, "groups[0].pricingPlans[0].currency", "BHD"): Verify element property value successfully

2023-10-16 14:14:00 - [MESSAGE][PASSED] - Verify element property value successfully

2023-10-16 14:14:00 - [TEST_STEP][PASSED] - verifyElementPropertyValue(getResponse, "groups[0].pricingPlans[0].pricingPlanData[0].productId", "BHR_B2C_SHAHID_VIP_GEA_1M"): Verify element property value successfully

2023-10-16 14:14:00 - [MESSAGE][PASSED] - Verify element property value successfully

2023-10-16 14:14:00 - [TEST_STEP][PASSED] - verifyElementPropertyValue(getResponse, "groups[0].pricingPlans[0].pricingPlanData[0].subPricingPlanIds", "null"): Verify element property value successfully

2023-10-16 14:14:00 - [MESSAGE][PASSED] - Verify element property value successfully

2023-10-16 14:14:00 - [TEST_STEP][PASSED] - verifyElementPropertyValue(getResponse, "groups[0].pricingPlans[0].pricingPlanData[0].paymentMethod", "CREDIT_CARD"): Verify element property value successfully

2023-10-16 14:14:00 - [MESSAGE][PASSED] - Verify element property value successfully

2023-10-16 14:14:00 - [TEST_STEP][PASSED] - verifyElementPropertyValue(getResponse, "groups[0].pricingPlans[0].pricingPlanData[0].freeTrialEnabled", "false"): Verify element property value successfully

2023-10-16 14:14:00 - [MESSAGE][PASSED] - Verify element property value successfully

2023-10-16 14:14:00 - [TEST_STEP][PASSED] - verifyElementPropertyValue(getResponse, "groups[0].pricingPlans[0].pricingPlanData[0].visualElements[0].key", "title"): Verify element property value successfully

2023-10-16 14:14:00 - [MESSAGE][PASSED] - Verify element property value successfully

2023-10-16 14:14:00 - [TEST_STEP][PASSED] - verifyElementPropertyValue(getResponse, "groups[0].pricingPlans[0].pricingPlanData[0].visualElements[0].value", "البطاقة المصرفية"): Verify element property value successfully

2023-10-16 14:14:00 - [MESSAGE][PASSED] - Verify element property value successfully

2023-10-16 14:14:00 - [TEST_STEP][PASSED] - verifyElementPropertyValue(getResponse, "groups[0].pricingPlans[0].pricingPlanData[0].visualElements[1].key", "CTA_text"): Verify element property value successfully

2023-10-16 14:14:00 - [MESSAGE][PASSED] - Verify element property value successfully

2023-10-16 14:14:00 - [TEST_STEP][PASSED] - verifyElementPropertyValue(getResponse, "groups[0].pricingPlans[0].pricingPlanData[0].visualElements[1].value", "اشترك"): Verify element property value successfully

2023-10-16 14:14:00 - [MESSAGE][PASSED] - Verify element property value successfully

2023-10-16 14:14:00 - [TEST_STEP][PASSED] - verifyElementPropertyValue(getResponse, "groups[0].pricingPlans[0].pricingPlanData[0].visualElements[2].key", "logo"): Verify element property value successfully

2023-10-16 14:14:00 - [MESSAGE][PASSED] - Verify element property value successfully

2023-10-16 14:14:00 - [TEST_STEP][PASSED] - verifyElementPropertyValue(getResponse, "groups[0].pricingPlans[0].pricingPlanData[0].visualElements[2].value", "https://static.s3.shahid.mbc.net/widget-images/icons/iconCreditCard.png"): Verify element property value successfully

2023-10-16 14:14:00 - [MESSAGE][PASSED] - Verify element property value successfully

2023-10-16 14:14:00 - [TEST_STEP][PASSED] - verifyElementPropertyValue(getResponse, "groups[0].pricingPlans[0].pricingPlanData[0].priceLabel", "4.99"): Verify element property value successfully

2023-10-16 14:14:00 - [MESSAGE][PASSED] - Verify element property value successfully

2023-10-16 14:14:00 - [TEST_STEP][PASSED] - verifyElementPropertyValue(getResponse, "groups[0].pricingPlans[0].pricingPlanData[0].currencyLabel", "BHD"): Verify element property value successfully

2023-10-16 14:14:00 - [MESSAGE][PASSED] - Verify element property value successfully

2023-10-16 14:14:00 - [TEST_STEP][PASSED] - verifyElementPropertyValue(getResponse, "groups[0].pricingPlans[2].featured", "false"): Verify element property value successfully

2023-10-16 14:14:00 - [MESSAGE][PASSED] - Verify element property value successfully

2023-10-16 14:14:00 - [TEST_STEP][PASSED] - verifyElementPropertyValue(getResponse, "groups[0].pricingPlans[2].packageId", "SHAHID_VIP_GEA"): Verify element property value successfully

2023-10-16 14:14:00 - [MESSAGE][PASSED] - Verify element property value successfully

2023-10-16 14:14:00 - [TEST_STEP][PASSED] - verifyElementPropertyValue(getResponse, "groups[0].pricingPlans[2].catalogId", "GEA"): Verify element property value successfully

2023-10-16 14:14:00 - [MESSAGE][PASSED] - Verify element property value successfully

2023-10-16 14:14:00 - [TEST_STEP][PASSED] - verifyElementPropertyValue(getResponse, "groups[0].pricingPlans[2].visualElements[0].key", "Header_1_text"): Verify element property value successfully

2023-10-16 14:14:00 - [MESSAGE][PASSED] - Verify element property value successfully

2023-10-16 14:14:00 - [TEST_STEP][PASSED] - verifyElementPropertyValue(getResponse, "groups[0].pricingPlans[2].visualElements[0].value", "شاهد أقوى المسلسلات و الأفلام حصرياً دون توقف"): Verify element property value successfully

2023-10-16 14:14:00 - [MESSAGE][PASSED] - Verify element property value successfully

2023-10-16 14:14:00 - [TEST_STEP][PASSED] - verifyElementPropertyValue(getResponse, "groups[0].pricingPlans[2].visualElements[1].key", "display_title"): Verify element property value successfully

2023-10-16 14:14:00 - [MESSAGE][PASSED] - Verify element property value successfully

2023-10-16 14:14:00 - [TEST_STEP][PASSED] - verifyElementPropertyValue(getResponse, "groups[0].pricingPlans[2].visualElements[1].value", "الاشتراك السنوي"): Verify element property value successfully

2023-10-16 14:14:00 - [MESSAGE][PASSED] - Verify element property value successfully

2023-10-16 14:14:00 - [TEST_STEP][PASSED] - verifyElementPropertyValue(getResponse, "groups[0].pricingPlans[2].visualElements[2].key", "tag_text"): Verify element property value successfully

2023-10-16 14:14:00 - [MESSAGE][PASSED] - Verify element property value successfully

2023-10-16 14:14:00 - [TEST_STEP][PASSED] - verifyElementPropertyValue(getResponse, "groups[0].pricingPlans[2].visualElements[2].value", "وفر24%"): Verify element property value successfully

2023-10-16 14:14:00 - [MESSAGE][PASSED] - Verify element property value successfully

2023-10-16 14:14:00 - [TEST_STEP][PASSED] - verifyElementPropertyValue(getResponse, "groups[0].pricingPlans[2].visualElements[3].key", "promo_text"): Verify element property value successfully

2023-10-16 14:14:00 - [MESSAGE][PASSED] - Verify element property value successfully

2023-10-16 14:14:00 - [TEST_STEP][PASSED] - verifyElementPropertyValue(getResponse, "groups[0].pricingPlans[2].visualElements[3].value", "3.81 BHD / شهرياً"): Verify element property value successfully

2023-10-16 14:14:00 - [MESSAGE][PASSED] - Verify element property value successfully

2023-10-16 14:14:00 - [TEST_STEP][PASSED] - verifyElementPropertyValue(getResponse, "groups[0].pricingPlans[2].visualElements[4].key", "deduction_text"): Verify element property value successfully

2023-10-16 14:14:00 - [MESSAGE][PASSED] - Verify element property value successfully

2023-10-16 14:14:00 - [TEST_STEP][PASSED] - verifyElementPropertyValue(getResponse, "groups[0].pricingPlans[2].visualElements[4].value", " 45.79 BHD تدفع سنوياً"): Verify element property value successfully

2023-10-16 14:14:00 - [MESSAGE][PASSED] - Verify element property value successfully

2023-10-16 14:14:00 - [TEST_STEP][PASSED] - verifyElementPropertyValue(getResponse, "groups[0].pricingPlans[2].visualElements[7].key", "show_payment_logo"): Verify element property value successfully

2023-10-16 14:14:00 - [MESSAGE][PASSED] - Verify element property value successfully

2023-10-16 14:14:00 - [TEST_STEP][PASSED] - verifyElementPropertyValue(getResponse, "groups[0].pricingPlans[2].visualElements[7].value", "true"): Verify element property value successfully

2023-10-16 14:14:00 - [MESSAGE][PASSED] - Verify element property value successfully

2023-10-16 14:14:00 - [TEST_STEP][PASSED] - verifyElementPropertyValue(getResponse, "groups[0].pricingPlans[2].visualElements[8].key", "show_tag"): Verify element property value successfully

2023-10-16 14:14:00 - [MESSAGE][PASSED] - Verify element property value successfully

2023-10-16 14:14:00 - [TEST_STEP][PASSED] - verifyElementPropertyValue(getResponse, "groups[0].pricingPlans[2].visualElements[8].value", "true"): Verify element property value successfully

2023-10-16 14:14:00 - [MESSAGE][PASSED] - Verify element property value successfully

2023-10-16 14:14:00 - [TEST_STEP][PASSED] - verifyElementPropertyValue(getResponse, "groups[0].pricingPlans[2].visualElements[10].key", "price"): Verify element property value successfully

2023-10-16 14:14:00 - [MESSAGE][PASSED] - Verify element property value successfully

2023-10-16 14:14:00 - [TEST_STEP][PASSED] - verifyElementPropertyValue(getResponse, "groups[0].pricingPlans[2].visualElements[10].value", "45.79"): Verify element property value successfully

2023-10-16 14:14:00 - [MESSAGE][PASSED] - Verify element property value successfully

2023-10-16 14:14:00 - [TEST_STEP][PASSED] - verifyElementPropertyValue(getResponse, "groups[0].pricingPlans[2].visualElements[11].key", "currency"): Verify element property value successfully

2023-10-16 14:14:00 - [MESSAGE][PASSED] - Verify element property value successfully

2023-10-16 14:14:00 - [TEST_STEP][PASSED] - verifyElementPropertyValue(getResponse, "groups[0].pricingPlans[2].visualElements[11].value", "BHD"): Verify element property value successfully

2023-10-16 14:14:00 - [MESSAGE][PASSED] - Verify element property value successfully

2023-10-16 14:14:00 - [TEST_STEP][PASSED] - verifyElementPropertyValue(getResponse, "groups[0].pricingPlans[2].visualElements[12].key", "duration"): Verify element property value successfully

2023-10-16 14:14:00 - [MESSAGE][PASSED] - Verify element property value successfully

2023-10-16 14:14:00 - [TEST_STEP][PASSED] - verifyElementPropertyValue(getResponse, "groups[0].pricingPlans[2].visualElements[12].value", "سنوياً"): Verify element property value successfully

2023-10-16 14:14:00 - [MESSAGE][PASSED] - Verify element property value successfully

2023-10-16 14:14:00 - [TEST_STEP][PASSED] - verifyElementPropertyValue(getResponse, "groups[0].pricingPlans[2].order", "8"): Verify element property value successfully

2023-10-16 14:14:00 - [MESSAGE][PASSED] - Verify element property value successfully

2023-10-16 14:14:00 - [TEST_STEP][PASSED] - verifyElementPropertyValue(getResponse, "groups[0].pricingPlans[2].period", "yearly"): Verify element property value successfully

2023-10-16 14:14:00 - [MESSAGE][PASSED] - Verify element property value successfully

2023-10-16 14:14:00 - [TEST_STEP][PASSED] - verifyElementPropertyValue(getResponse, "groups[0].pricingPlans[2].price", "45.79"): Verify element property value successfully

2023-10-16 14:14:00 - [MESSAGE][PASSED] - Verify element property value successfully

2023-10-16 14:14:00 - [TEST_STEP][PASSED] - verifyElementPropertyValue(getResponse, "groups[0].pricingPlans[2].currency", "BHD"): Verify element property value successfully

2023-10-16 14:14:00 - [MESSAGE][PASSED] - Verify element property value successfully

2023-10-16 14:14:00 - [TEST_STEP][PASSED] - verifyElementPropertyValue(getResponse, "groups[0].pricingPlans[2].pricingPlanData[0].productId", "BHR_B2C_SHAHID_VIP_GEA_12M"): Verify element property value successfully

2023-10-16 14:14:00 - [MESSAGE][PASSED] - Verify element property value successfully

2023-10-16 14:14:00 - [TEST_STEP][PASSED] - verifyElementPropertyValue(getResponse, "groups[0].pricingPlans[2].pricingPlanData[0].subPricingPlanIds", "null"): Verify element property value successfully

2023-10-16 14:14:00 - [MESSAGE][PASSED] - Verify element property value successfully

2023-10-16 14:14:00 - [TEST_STEP][PASSED] - verifyElementPropertyValue(getResponse, "groups[0].pricingPlans[2].pricingPlanData[0].paymentMethod", "CREDIT_CARD"): Verify element property value successfully

2023-10-16 14:14:00 - [MESSAGE][PASSED] - Verify element property value successfully

2023-10-16 14:14:00 - [TEST_STEP][PASSED] - verifyElementPropertyValue(getResponse, "groups[0].pricingPlans[2].pricingPlanData[0].freeTrialEnabled", "false"): Verify element property value successfully

2023-10-16 14:14:00 - [MESSAGE][PASSED] - Verify element property value successfully

2023-10-16 14:14:00 - [TEST_STEP][PASSED] - verifyElementPropertyValue(getResponse, "groups[0].pricingPlans[2].pricingPlanData[0].visualElements[0].key", "title"): Verify element property value successfully

2023-10-16 14:14:00 - [MESSAGE][PASSED] - Verify element property value successfully

2023-10-16 14:14:00 - [TEST_STEP][PASSED] - verifyElementPropertyValue(getResponse, "groups[0].pricingPlans[2].pricingPlanData[0].visualElements[0].value", "البطاقة المصرفية"): Verify element property value successfully

2023-10-16 14:14:00 - [MESSAGE][PASSED] - Verify element property value successfully

2023-10-16 14:14:00 - [TEST_STEP][PASSED] - verifyElementPropertyValue(getResponse, "groups[0].pricingPlans[2].pricingPlanData[0].visualElements[1].key", "CTA_text"): Verify element property value successfully

2023-10-16 14:14:00 - [MESSAGE][PASSED] - Verify element property value successfully

2023-10-16 14:14:00 - [TEST_STEP][PASSED] - verifyElementPropertyValue(getResponse, "groups[0].pricingPlans[2].pricingPlanData[0].visualElements[1].value", "اشترك"): Verify element property value successfully

2023-10-16 14:14:00 - [MESSAGE][PASSED] - Verify element property value successfully

2023-10-16 14:14:00 - [TEST_STEP][PASSED] - verifyElementPropertyValue(getResponse, "groups[0].pricingPlans[2].pricingPlanData[0].visualElements[2].key", "logo"): Verify element property value successfully

2023-10-16 14:14:00 - [MESSAGE][PASSED] - Verify element property value successfully

2023-10-16 14:14:00 - [TEST_STEP][PASSED] - verifyElementPropertyValue(getResponse, "groups[0].pricingPlans[2].pricingPlanData[0].visualElements[2].value", "https://static.s3.shahid.mbc.net/widget-images/icons/iconCreditCard.png"): Verify element property value successfully

2023-10-16 14:14:00 - [MESSAGE][PASSED] - Verify element property value successfully

2023-10-16 14:14:00 - [TEST_STEP][PASSED] - verifyElementPropertyValue(getResponse, "groups[0].pricingPlans[2].pricingPlanData[0].priceLabel", "45.79"): Verify element property value successfully

2023-10-16 14:14:00 - [MESSAGE][PASSED] - Verify element property value successfully

2023-10-16 14:14:00 - [TEST_STEP][PASSED] - verifyElementPropertyValue(getResponse, "groups[0].pricingPlans[2].pricingPlanData[0].currencyLabel", "BHD"): Verify element property value successfully

2023-10-16 14:14:00 - [MESSAGE][PASSED] - Verify element property value successfully

2023-10-16 14:14:00 - [TEST_STEP][PASSED] - verifyElementPropertyValue(getResponse, "groups[0].pricingPlans[2].pricingPlanData[0].allowedForAcquisition", "true"): Verify element property value successfully

2023-10-16 14:14:00 - [MESSAGE][PASSED] - Verify element property value successfully

2023-10-16 14:14:00 - [TEST_STEP][PASSED] - verifyElementPropertyValue(getResponse, "groups[0].pricingPlans[2].pricingPlanData[0].showIn[0]", "VERTICAL_MODE"): Verify element property value successfully

2023-10-16 14:14:00 - [MESSAGE][PASSED] - Verify element property value successfully

2023-10-16 14:14:00 - [TEST_STEP][PASSED] - verifyElementPropertyValue(getResponse, "groups[0].pricingPlans[2].pricingPlanData[0].showIn[1]", "HORIZONTAL_MODE"): Verify element property value successfully

2023-10-16 14:14:00 - [MESSAGE][PASSED] - Verify element property value successfully

2023-10-16 14:14:00 - [TEST_STEP][PASSED] - verifyElementPropertyValue(getResponse, "visualElements[0].key", "main_CTA_text_1"): Verify element property value successfully

2023-10-16 14:14:00 - [MESSAGE][PASSED] - Verify element property value successfully

2023-10-16 14:14:00 - [TEST_STEP][PASSED] - verifyElementPropertyValue(getResponse, "visualElements[0].value", "شاهد أقوى المسلسلات و الأفلام حصرياً دون توقف"): Verify element property value successfully

2023-10-16 14:14:00 - [MESSAGE][PASSED] - Verify element property value successfully

2023-10-16 14:14:00 - [TEST_STEP][PASSED] - verifyElementPropertyValue(getResponse, "visualElements[2].key", "main_disclaimer_text"): Verify element property value successfully

2023-10-16 14:14:00 - [MESSAGE][PASSED] - Verify element property value successfully

2023-10-16 14:14:00 - [TEST_STEP][PASSED] - verifyElementPropertyValue(getResponse, "visualElements[2].value", "رسوم الاشتراك قد تختلف بناءً على البلد أو طريقة الدفع أو باقة الاشتراك أو الضريبة المضافة أو معامل تحويل العملات والرسوم البنكية. تطبّق الشروط والأحكام."): Verify element property value successfully

2023-10-16 14:14:00 - [MESSAGE][PASSED] - Verify element property value successfully

2023-10-16 14:14:00 - [TEST_STEP][PASSED] - verifyElementPropertyValue(getResponse, "visualElements[4].key", "display_type"): Verify element property value successfully

2023-10-16 14:14:00 - [MESSAGE][PASSED] - Verify element property value successfully

2023-10-16 14:14:00 - [TEST_STEP][PASSED] - verifyElementPropertyValue(getResponse, "visualElements[4].value", "vertical"): Verify element property value successfully

2023-10-16 14:14:00 - [MESSAGE][PASSED] - Verify element property value successfully

2023-10-16 14:14:00 - [TEST_STEP][PASSED] - verifyElementPropertyValue(getResponse, "pages[0].visualElements[0].key", "alternative_payment_title"): Verify element property value successfully

2023-10-16 14:14:00 - [MESSAGE][PASSED] - Verify element property value successfully

2023-10-16 14:14:00 - [TEST_STEP][PASSED] - verifyElementPropertyValue(getResponse, "pages[0].visualElements[0].value", "أو قم باختيار إحدى الطرق البديلة التالية"): Verify element property value successfully

2023-10-16 14:14:00 - [MESSAGE][PASSED] - Verify element property value successfully

2023-10-16 14:14:00 - [TEST_STEP][PASSED] - verifyElementPropertyValue(getResponse, "pages[0].visualElements[1].key", "label_text"): Verify element property value successfully

2023-10-16 14:14:00 - [MESSAGE][PASSED] - Verify element property value successfully

2023-10-16 14:14:00 - [TEST_STEP][PASSED] - verifyElementPropertyValue(getResponse, "pages[0].visualElements[1].value", "طرق الدفع الأخرى"): Verify element property value successfully

2023-10-16 14:14:00 - [MESSAGE][PASSED] - Verify element property value successfully

2023-10-16 14:14:00 - [TEST_STEP][PASSED] - verifyElementPropertyValue(getResponse, "pages[0].visualElements[3].key", "CTA_text"): Verify element property value successfully

2023-10-16 14:14:00 - [MESSAGE][PASSED] - Verify element property value successfully

2023-10-16 14:14:00 - [TEST_STEP][PASSED] - verifyElementPropertyValue(getResponse, "pages[0].visualElements[3].value", "اضغط هنا"): Verify element property value successfully

2023-10-16 14:14:00 - [MESSAGE][PASSED] - Verify element property value successfully

2023-10-16 14:14:00 - [TEST_STEP][PASSED] - verifyElementPropertyValue(getResponse, "pages[0].visualElements[4].key", "main_title"): Verify element property value successfully

2023-10-16 14:14:00 - [MESSAGE][PASSED] - Verify element property value successfully

2023-10-16 14:14:00 - [TEST_STEP][PASSED] - verifyElementPropertyValue(getResponse, "pages[0].visualElements[4].value", "طرق الدفع الأخرى"): Verify element property value successfully

2023-10-16 14:14:00 - [MESSAGE][PASSED] - Verify element property value successfully

2023-10-16 14:14:00 - [TEST_STEP][PASSED] - verifyElementPropertyValue(getResponse, "pages[0].visualElements[6].key", "alternative_payment_methods"): Verify element property value successfully

2023-10-16 14:14:00 - [MESSAGE][PASSED] - Verify element property value successfully

2023-10-16 14:14:00 - [TEST_STEP][PASSED] - verifyElementPropertyValue(getResponse, "pages[0].visualElements[6].value", "يمكنك شراء قسيمة شاهد التسويقية من أي من بائعي التجزئة التاليين"): Verify element property value successfully

2023-10-16 14:14:00 - [MESSAGE][PASSED] - Verify element property value successfully

2023-10-16 14:14:00 - [TEST_STEP][PASSED] - verifyElementPropertyValue(getResponse, "partners[0].name", "Sadad"): Verify element property value successfully

2023-10-16 14:14:00 - [MESSAGE][PASSED] - Verify element property value successfully

2023-10-16 14:14:00 - [TEST_STEP][PASSED] - verifyElementPropertyValue(getResponse, "partners[0].link", "https://sadadbahrain.com/app/"): Verify element property value successfully

2023-10-16 14:14:00 - [MESSAGE][PASSED] - Verify element property value successfully

2023-10-16 14:14:00 - [TEST_STEP][PASSED] - verifyElementPropertyValue(getResponse, "partners[0].logo", "https://static.s3.shahid.mbc.net/widget-images/logos/sadad@2x.png"): Verify element property value successfully

2023-10-16 14:14:00 - [MESSAGE][PASSED] - Verify element property value successfully

2023-10-16 14:14:00 - [TEST_STEP][PASSED] - verifyElementPropertyValue(getResponse, "partners[0].visible", "true"): Verify element property value successfully

2023-10-16 14:14:00 - [MESSAGE][PASSED] - Verify element property value successfully

2023-10-16 14:14:00 - [TEST_STEP][PASSED] - verifyElementPropertyValue(getResponse, "partners[0].visualElements[0].key", "text"): Verify element property value successfully

2023-10-16 14:14:01 - [MESSAGE][PASSED] - Verify element property value successfully

2023-10-16 14:14:01 - [TEST_STEP][PASSED] - verifyElementPropertyValue(getResponse, "partners[0].visualElements[0].value", "معلومات إضافية"): Verify element property value successfully

2023-10-16 14:14:01 - [MESSAGE][PASSED] - Verify element property value successfully

2023-10-16 14:14:01 - [TEST_STEP][PASSED] - verifyElementPropertyValue(getResponse, "partners[1].name", "Like Card"): Verify element property value successfully

2023-10-16 14:14:01 - [MESSAGE][PASSED] - Verify element property value successfully

2023-10-16 14:14:01 - [TEST_STEP][PASSED] - verifyElementPropertyValue(getResponse, "partners[1].link", "https://like4card.com/All-Shahid_VIP"): Verify element property value successfully

2023-10-16 14:14:01 - [MESSAGE][PASSED] - Verify element property value successfully

2023-10-16 14:14:01 - [TEST_STEP][PASSED] - verifyElementPropertyValue(getResponse, "partners[1].logo", "https://static.s3.shahid.mbc.net/widget-images/logos/likecard@2x.png"): Verify element property value successfully

2023-10-16 14:14:01 - [MESSAGE][PASSED] - Verify element property value successfully

2023-10-16 14:14:01 - [TEST_STEP][PASSED] - verifyElementPropertyValue(getResponse, "partners[1].visible", "true"): Verify element property value successfully

2023-10-16 14:14:01 - [MESSAGE][PASSED] - Verify element property value successfully

2023-10-16 14:14:01 - [TEST_STEP][PASSED] - verifyElementPropertyValue(getResponse, "partners[1].visualElements[0].key", "text"): Verify element property value successfully

2023-10-16 14:14:01 - [MESSAGE][PASSED] - Verify element property value successfully

2023-10-16 14:14:01 - [TEST_STEP][PASSED] - verifyElementPropertyValue(getResponse, "partners[1].visualElements[0].value", "معلومات إضافية"): Verify element property value successfully

2023-10-16 14:14:01 - [MESSAGE][PASSED] - Verify element property value successfully

2023-10-16 14:14:01 - [TEST_STEP][PASSED] - verifyElementPropertyValue(getResponse, "partners[2].name", "You Got a Gift"): Verify element property value successfully

2023-10-16 14:14:01 - [MESSAGE][PASSED] - Verify element property value successfully

2023-10-16 14:14:01 - [TEST_STEP][PASSED] - verifyElementPropertyValue(getResponse, "partners[2].link", "https://yougotagift.com/bahrain/gift-card/shahid-vip-gift-card-bh/"): Verify element property value successfully

2023-10-16 14:14:01 - [MESSAGE][PASSED] - Verify element property value successfully

2023-10-16 14:14:01 - [TEST_STEP][PASSED] - verifyElementPropertyValue(getResponse, "partners[2].logo", "https://shahid-static.s3.us-east-1.amazonaws.com/widget-images/logos/you-gota-gift.svg"): Verify element property value successfully

2023-10-16 14:14:01 - [MESSAGE][PASSED] - Verify element property value successfully

2023-10-16 14:14:01 - [TEST_STEP][PASSED] - verifyElementPropertyValue(getResponse, "partners[2].visible", "true"): Verify element property value successfully

2023-10-16 14:14:01 - [MESSAGE][PASSED] - Verify element property value successfully

2023-10-16 14:14:01 - [TEST_STEP][PASSED] - verifyElementPropertyValue(getResponse, "partners[2].visualElements[0].key", "text"): Verify element property value successfully

2023-10-16 14:14:01 - [MESSAGE][PASSED] - Verify element property value successfully

2023-10-16 14:14:01 - [TEST_STEP][PASSED] - verifyElementPropertyValue(getResponse, "partners[2].visualElements[0].value", "معلومات إضافية"): Verify element property value successfully

2023-10-16 14:14:01 - [MESSAGE][PASSED] - Verify element property value successfully

2023-10-16 14:14:01 - [TEST_STEP][PASSED] - verifyElementPropertyValue(getResponse, "partners[3].name", "Razer Online"): Verify element property value successfully

2023-10-16 14:14:01 - [MESSAGE][PASSED] - Verify element property value successfully

2023-10-16 14:14:01 - [TEST_STEP][PASSED] - verifyElementPropertyValue(getResponse, "partners[3].link", "https://gold.razer.com/global/en/gold/catalog/shahid-vip"): Verify element property value successfully

2023-10-16 14:14:01 - [MESSAGE][PASSED] - Verify element property value successfully

2023-10-16 14:14:01 - [TEST_STEP][PASSED] - verifyElementPropertyValue(getResponse, "partners[3].logo", "https://shahid-static.s3.amazonaws.com/widget-images/logos/Coin_RZR%20Gold_Black.png"): Verify element property value successfully

2023-10-16 14:14:01 - [MESSAGE][PASSED] - Verify element property value successfully

2023-10-16 14:14:01 - [TEST_STEP][PASSED] - verifyElementPropertyValue(getResponse, "partners[3].visible", "true"): Verify element property value successfully

2023-10-16 14:14:01 - [MESSAGE][PASSED] - Verify element property value successfully

2023-10-16 14:14:01 - [TEST_STEP][PASSED] - verifyElementPropertyValue(getResponse, "partners[3].visualElements[0].key", "text"): Verify element property value successfully

2023-10-16 14:14:01 - [MESSAGE][PASSED] - Verify element property value successfully

2023-10-16 14:14:01 - [TEST_STEP][PASSED] - verifyElementPropertyValue(getResponse, "partners[3].visualElements[0].value", "معلومات إضافية"): Verify element property value successfully

2023-10-16 14:14:01 - [MESSAGE][PASSED] - Verify element property value successfully

2023-10-16 14:14:01 - [TEST_STEP][PASSED] - verifyElementPropertyValue(getResponse, "defaultPackageId", "SHAHID_VIP"): Verify element property value successfully

2023-10-16 14:14:01 - [MESSAGE][PASSED] - Verify element property value successfully]]></system-out>
         <system-err><![CDATA[]]></system-err>
      </testcase>
      <testcase name="Test Cases/WEB - CHROME/BHR PI/WEB_AR_getSubscriptionConfigForBHR_VIP" time="2.959" classname="Test Cases/WEB - CHROME/BHR PI/WEB_AR_getSubscriptionConfigForBHR_VIP" status="PASSED">
         <system-out><![CDATA[2023-10-16 14:14:01 - [TEST_CASE][PASSED] - Test Cases/WEB - CHROME/BHR PI/WEB_AR_getSubscriptionConfigForBHR_VIP: Test Cases/WEB - CHROME/BHR PI/WEB_AR_getSubscriptionConfigForBHR_VIP

2023-10-16 14:14:01 - [TEST_STEP][PASSED] - getResponse = config_files.getConfigFile.getConfig("WEB", "AR", "SHAHID_VIP", "BH", "false"): config_files.getConfigFile.getConfig is PASSED

2023-10-16 14:14:02 - [MESSAGE][INFO] - HAR: /Users/admin/git/shahid-configuration/Reports/20231016_140310/WEB/BHR/20231016_140329/requests/main/1.har

2023-10-16 14:14:02 - [MESSAGE][PASSED] - Send request successfully

2023-10-16 14:14:02 - [MESSAGE][PASSED] - config_files.getConfigFile.getConfig is PASSED

2023-10-16 14:14:02 - [TEST_STEP][PASSED] - verifyResponseStatusCode(getResponse, 200): Verify response status code successfully

2023-10-16 14:14:02 - [MESSAGE][PASSED] - Verify response status code successfully

2023-10-16 14:14:02 - [TEST_STEP][PASSED] - verifyElementPropertyValue(getResponse, "country", "BHR"): Verify element property value successfully

2023-10-16 14:14:02 - [MESSAGE][PASSED] - Verify element property value successfully

2023-10-16 14:14:02 - [TEST_STEP][PASSED] - verifyElementPropertyValue(getResponse, "platform", "[WEB]"): Verify element property value successfully

2023-10-16 14:14:02 - [MESSAGE][PASSED] - Verify element property value successfully

2023-10-16 14:14:02 - [TEST_STEP][PASSED] - verifyElementPropertyValue(getResponse, "groups[0].pricingPlans[0].featured", "true"): Verify element property value successfully

2023-10-16 14:14:02 - [MESSAGE][PASSED] - Verify element property value successfully

2023-10-16 14:14:02 - [TEST_STEP][PASSED] - verifyElementPropertyValue(getResponse, "groups[0].pricingPlans[0].packageId", "SHAHID_VIP"): Verify element property value successfully

2023-10-16 14:14:02 - [MESSAGE][PASSED] - Verify element property value successfully

2023-10-16 14:14:02 - [TEST_STEP][PASSED] - verifyElementPropertyValue(getResponse, "groups[0].pricingPlans[0].catalogId", "VIP"): Verify element property value successfully

2023-10-16 14:14:02 - [MESSAGE][PASSED] - Verify element property value successfully

2023-10-16 14:14:02 - [TEST_STEP][PASSED] - verifyElementPropertyValue(getResponse, "groups[0].pricingPlans[0].visualElements[0].key", "Header_1_text"): Verify element property value successfully

2023-10-16 14:14:02 - [MESSAGE][PASSED] - Verify element property value successfully

2023-10-16 14:14:02 - [TEST_STEP][PASSED] - verifyElementPropertyValue(getResponse, "groups[0].pricingPlans[0].visualElements[0].value", "شاهد أقوى المسلسلات و الأفلام حصرياً دون توقف"): Verify element property value successfully

2023-10-16 14:14:03 - [MESSAGE][PASSED] - Verify element property value successfully

2023-10-16 14:14:03 - [TEST_STEP][PASSED] - verifyElementPropertyValue(getResponse, "groups[0].pricingPlans[0].visualElements[1].key", "display_title"): Verify element property value successfully

2023-10-16 14:14:03 - [MESSAGE][PASSED] - Verify element property value successfully

2023-10-16 14:14:03 - [TEST_STEP][PASSED] - verifyElementPropertyValue(getResponse, "groups[0].pricingPlans[0].visualElements[1].value", "الاشتراك الشهري"): Verify element property value successfully

2023-10-16 14:14:03 - [MESSAGE][PASSED] - Verify element property value successfully

2023-10-16 14:14:03 - [TEST_STEP][PASSED] - verifyElementPropertyValue(getResponse, "groups[0].pricingPlans[0].visualElements[2].key", "promo_text"): Verify element property value successfully

2023-10-16 14:14:03 - [MESSAGE][PASSED] - Verify element property value successfully

2023-10-16 14:14:03 - [TEST_STEP][PASSED] - verifyElementPropertyValue(getResponse, "groups[0].pricingPlans[0].visualElements[2].value", "3.99 BHD / شهرياً"): Verify element property value successfully

2023-10-16 14:14:03 - [MESSAGE][PASSED] - Verify element property value successfully

2023-10-16 14:14:03 - [TEST_STEP][PASSED] - verifyElementPropertyValue(getResponse, "groups[0].pricingPlans[0].visualElements[3].key", "deduction_text"): Verify element property value successfully

2023-10-16 14:14:03 - [MESSAGE][PASSED] - Verify element property value successfully

2023-10-16 14:14:03 - [TEST_STEP][PASSED] - verifyElementPropertyValue(getResponse, "groups[0].pricingPlans[0].visualElements[3].value", "تدفع شهرياً"): Verify element property value successfully

2023-10-16 14:14:03 - [MESSAGE][PASSED] - Verify element property value successfully

2023-10-16 14:14:03 - [TEST_STEP][PASSED] - verifyElementPropertyValue(getResponse, "groups[0].pricingPlans[0].visualElements[6].key", "show_payment_logo"): Verify element property value successfully

2023-10-16 14:14:03 - [MESSAGE][PASSED] - Verify element property value successfully

2023-10-16 14:14:03 - [TEST_STEP][PASSED] - verifyElementPropertyValue(getResponse, "groups[0].pricingPlans[0].visualElements[6].value", "true"): Verify element property value successfully

2023-10-16 14:14:03 - [MESSAGE][PASSED] - Verify element property value successfully

2023-10-16 14:14:03 - [TEST_STEP][PASSED] - verifyElementPropertyValue(getResponse, "groups[0].pricingPlans[0].visualElements[8].key", "price"): Verify element property value successfully

2023-10-16 14:14:03 - [MESSAGE][PASSED] - Verify element property value successfully

2023-10-16 14:14:03 - [TEST_STEP][PASSED] - verifyElementPropertyValue(getResponse, "groups[0].pricingPlans[0].visualElements[8].value", "3.99"): Verify element property value successfully

2023-10-16 14:14:03 - [MESSAGE][PASSED] - Verify element property value successfully

2023-10-16 14:14:03 - [TEST_STEP][PASSED] - verifyElementPropertyValue(getResponse, "groups[0].pricingPlans[0].visualElements[9].key", "currency"): Verify element property value successfully

2023-10-16 14:14:03 - [MESSAGE][PASSED] - Verify element property value successfully

2023-10-16 14:14:03 - [TEST_STEP][PASSED] - verifyElementPropertyValue(getResponse, "groups[0].pricingPlans[0].visualElements[9].value", "BHD"): Verify element property value successfully

2023-10-16 14:14:03 - [MESSAGE][PASSED] - Verify element property value successfully

2023-10-16 14:14:03 - [TEST_STEP][PASSED] - verifyElementPropertyValue(getResponse, "groups[0].pricingPlans[0].visualElements[10].key", "duration"): Verify element property value successfully

2023-10-16 14:14:03 - [MESSAGE][PASSED] - Verify element property value successfully

2023-10-16 14:14:03 - [TEST_STEP][PASSED] - verifyElementPropertyValue(getResponse, "groups[0].pricingPlans[0].visualElements[10].value", "شهرياً"): Verify element property value successfully

2023-10-16 14:14:03 - [MESSAGE][PASSED] - Verify element property value successfully

2023-10-16 14:14:03 - [TEST_STEP][PASSED] - verifyElementPropertyValue(getResponse, "groups[0].pricingPlans[0].order", "0"): Verify element property value successfully

2023-10-16 14:14:03 - [MESSAGE][PASSED] - Verify element property value successfully

2023-10-16 14:14:03 - [TEST_STEP][PASSED] - verifyElementPropertyValue(getResponse, "groups[0].pricingPlans[0].period", "monthly"): Verify element property value successfully

2023-10-16 14:14:03 - [MESSAGE][PASSED] - Verify element property value successfully

2023-10-16 14:14:03 - [TEST_STEP][PASSED] - verifyElementPropertyValue(getResponse, "groups[0].pricingPlans[0].price", "3.99"): Verify element property value successfully

2023-10-16 14:14:03 - [MESSAGE][PASSED] - Verify element property value successfully

2023-10-16 14:14:03 - [TEST_STEP][PASSED] - verifyElementPropertyValue(getResponse, "groups[0].pricingPlans[0].currency", "BHD"): Verify element property value successfully

2023-10-16 14:14:03 - [MESSAGE][PASSED] - Verify element property value successfully

2023-10-16 14:14:03 - [TEST_STEP][PASSED] - verifyElementPropertyValue(getResponse, "groups[0].pricingPlans[0].pricingPlanData[0].productId", "BHR_B2C_SHAHID_VIP_1M"): Verify element property value successfully

2023-10-16 14:14:03 - [MESSAGE][PASSED] - Verify element property value successfully

2023-10-16 14:14:03 - [TEST_STEP][PASSED] - verifyElementPropertyValue(getResponse, "groups[0].pricingPlans[0].pricingPlanData[0].subPricingPlanIds", "null"): Verify element property value successfully

2023-10-16 14:14:03 - [MESSAGE][PASSED] - Verify element property value successfully

2023-10-16 14:14:03 - [TEST_STEP][PASSED] - verifyElementPropertyValue(getResponse, "groups[0].pricingPlans[0].pricingPlanData[0].paymentMethod", "CREDIT_CARD"): Verify element property value successfully

2023-10-16 14:14:03 - [MESSAGE][PASSED] - Verify element property value successfully

2023-10-16 14:14:03 - [TEST_STEP][PASSED] - verifyElementPropertyValue(getResponse, "groups[0].pricingPlans[0].pricingPlanData[0].freeTrialEnabled", "false"): Verify element property value successfully

2023-10-16 14:14:03 - [MESSAGE][PASSED] - Verify element property value successfully

2023-10-16 14:14:03 - [TEST_STEP][PASSED] - verifyElementPropertyValue(getResponse, "groups[0].pricingPlans[0].pricingPlanData[0].visualElements[0].key", "title"): Verify element property value successfully

2023-10-16 14:14:03 - [MESSAGE][PASSED] - Verify element property value successfully

2023-10-16 14:14:03 - [TEST_STEP][PASSED] - verifyElementPropertyValue(getResponse, "groups[0].pricingPlans[0].pricingPlanData[0].visualElements[0].value", "البطاقة المصرفية"): Verify element property value successfully

2023-10-16 14:14:03 - [MESSAGE][PASSED] - Verify element property value successfully

2023-10-16 14:14:03 - [TEST_STEP][PASSED] - verifyElementPropertyValue(getResponse, "groups[0].pricingPlans[0].pricingPlanData[0].visualElements[1].key", "CTA_text"): Verify element property value successfully

2023-10-16 14:14:03 - [MESSAGE][PASSED] - Verify element property value successfully

2023-10-16 14:14:03 - [TEST_STEP][PASSED] - verifyElementPropertyValue(getResponse, "groups[0].pricingPlans[0].pricingPlanData[0].visualElements[1].value", "اشترك"): Verify element property value successfully

2023-10-16 14:14:03 - [MESSAGE][PASSED] - Verify element property value successfully

2023-10-16 14:14:03 - [TEST_STEP][PASSED] - verifyElementPropertyValue(getResponse, "groups[0].pricingPlans[0].pricingPlanData[0].visualElements[2].key", "logo"): Verify element property value successfully

2023-10-16 14:14:03 - [MESSAGE][PASSED] - Verify element property value successfully

2023-10-16 14:14:03 - [TEST_STEP][PASSED] - verifyElementPropertyValue(getResponse, "groups[0].pricingPlans[0].pricingPlanData[0].visualElements[2].value", "https://static.s3.shahid.mbc.net/widget-images/icons/iconCreditCard.png"): Verify element property value successfully

2023-10-16 14:14:03 - [MESSAGE][PASSED] - Verify element property value successfully

2023-10-16 14:14:03 - [TEST_STEP][PASSED] - verifyElementPropertyValue(getResponse, "groups[0].pricingPlans[0].pricingPlanData[0].priceLabel", "3.99"): Verify element property value successfully

2023-10-16 14:14:03 - [MESSAGE][PASSED] - Verify element property value successfully

2023-10-16 14:14:03 - [TEST_STEP][PASSED] - verifyElementPropertyValue(getResponse, "groups[0].pricingPlans[0].pricingPlanData[0].currencyLabel", "BHD"): Verify element property value successfully

2023-10-16 14:14:03 - [MESSAGE][PASSED] - Verify element property value successfully

2023-10-16 14:14:03 - [TEST_STEP][PASSED] - verifyElementPropertyValue(getResponse, "groups[0].pricingPlans[0].pricingPlanData[1].pricingPlanId", "TPay_stc_BH"): Verify element property value successfully

2023-10-16 14:14:03 - [MESSAGE][PASSED] - Verify element property value successfully

2023-10-16 14:14:03 - [TEST_STEP][PASSED] - verifyElementPropertyValue(getResponse, "groups[0].pricingPlans[0].pricingPlanData[1].productId", "BHR_B2C_SHAHID_VIP_1M"): Verify element property value successfully

2023-10-16 14:14:03 - [MESSAGE][PASSED] - Verify element property value successfully

2023-10-16 14:14:03 - [TEST_STEP][PASSED] - verifyElementPropertyValue(getResponse, "groups[0].pricingPlans[0].pricingPlanData[1].subPricingPlanIds[0]", "42604"): Verify element property value successfully

2023-10-16 14:14:03 - [MESSAGE][PASSED] - Verify element property value successfully

2023-10-16 14:14:03 - [TEST_STEP][PASSED] - verifyElementPropertyValue(getResponse, "groups[0].pricingPlans[0].pricingPlanData[1].paymentMethod", "MOBILE_PAY"): Verify element property value successfully

2023-10-16 14:14:03 - [MESSAGE][PASSED] - Verify element property value successfully

2023-10-16 14:14:03 - [TEST_STEP][PASSED] - verifyElementPropertyValue(getResponse, "groups[0].pricingPlans[0].pricingPlanData[1].freeTrialEnabled", "false"): Verify element property value successfully

2023-10-16 14:14:03 - [MESSAGE][PASSED] - Verify element property value successfully

2023-10-16 14:14:03 - [TEST_STEP][PASSED] - verifyElementPropertyValue(getResponse, "groups[0].pricingPlans[0].pricingPlanData[1].showIn[0]", "VERTICAL_MODE"): Verify element property value successfully

2023-10-16 14:14:03 - [MESSAGE][PASSED] - Verify element property value successfully

2023-10-16 14:14:03 - [TEST_STEP][PASSED] - verifyElementPropertyValue(getResponse, "groups[0].pricingPlans[0].pricingPlanData[1].showIn[1]", "HORIZONTAL_MODE"): Verify element property value successfully

2023-10-16 14:14:03 - [MESSAGE][PASSED] - Verify element property value successfully

2023-10-16 14:14:03 - [TEST_STEP][PASSED] - verifyElementPropertyValue(getResponse, "groups[0].pricingPlans[0].pricingPlanData[1].visualElements[0].key", "payment_option_group"): Verify element property value successfully

2023-10-16 14:14:03 - [MESSAGE][PASSED] - Verify element property value successfully

2023-10-16 14:14:03 - [TEST_STEP][PASSED] - verifyElementPropertyValue(getResponse, "groups[0].pricingPlans[0].pricingPlanData[1].visualElements[0].value", "true"): Verify element property value successfully

2023-10-16 14:14:03 - [MESSAGE][PASSED] - Verify element property value successfully

2023-10-16 14:14:03 - [TEST_STEP][PASSED] - verifyElementPropertyValue(getResponse, "groups[0].pricingPlans[0].pricingPlanData[1].visualElements[1].key", "title"): Verify element property value successfully

2023-10-16 14:14:03 - [MESSAGE][PASSED] - Verify element property value successfully

2023-10-16 14:14:03 - [TEST_STEP][PASSED] - verifyElementPropertyValue(getResponse, "groups[0].pricingPlans[0].pricingPlanData[1].visualElements[1].value", "الدفع عبر الجّوال"): Verify element property value successfully

2023-10-16 14:14:03 - [MESSAGE][PASSED] - Verify element property value successfully

2023-10-16 14:14:03 - [TEST_STEP][PASSED] - verifyElementPropertyValue(getResponse, "groups[0].pricingPlans[0].pricingPlanData[1].visualElements[2].key", "CTA_text"): Verify element property value successfully

2023-10-16 14:14:03 - [MESSAGE][PASSED] - Verify element property value successfully

2023-10-16 14:14:03 - [TEST_STEP][PASSED] - verifyElementPropertyValue(getResponse, "groups[0].pricingPlans[0].pricingPlanData[1].visualElements[2].value", "اشترك"): Verify element property value successfully

2023-10-16 14:14:03 - [MESSAGE][PASSED] - Verify element property value successfully

2023-10-16 14:14:03 - [TEST_STEP][PASSED] - verifyElementPropertyValue(getResponse, "groups[0].pricingPlans[0].pricingPlanData[1].visualElements[3].key", "logo"): Verify element property value successfully

2023-10-16 14:14:03 - [MESSAGE][PASSED] - Verify element property value successfully

2023-10-16 14:14:03 - [TEST_STEP][PASSED] - verifyElementPropertyValue(getResponse, "groups[0].pricingPlans[0].pricingPlanData[1].visualElements[3].value", "https://static.s3.shahid.mbc.net/widget-images/icons/iconMobile.png"): Verify element property value successfully

2023-10-16 14:14:03 - [MESSAGE][PASSED] - Verify element property value successfully

2023-10-16 14:14:03 - [TEST_STEP][PASSED] - verifyElementPropertyValue(getResponse, "groups[0].pricingPlans[0].pricingPlanData[1].priceLabel", "3.99"): Verify element property value successfully

2023-10-16 14:14:03 - [MESSAGE][PASSED] - Verify element property value successfully

2023-10-16 14:14:03 - [TEST_STEP][PASSED] - verifyElementPropertyValue(getResponse, "groups[0].pricingPlans[0].pricingPlanData[1].currencyLabel", "BHD"): Verify element property value successfully

2023-10-16 14:14:03 - [MESSAGE][PASSED] - Verify element property value successfully

2023-10-16 14:14:03 - [TEST_STEP][PASSED] - verifyElementPropertyValue(getResponse, "groups[0].pricingPlans[0].pricingPlanData[1].allowedForAcquisition", "true"): Verify element property value successfully

2023-10-16 14:14:03 - [MESSAGE][PASSED] - Verify element property value successfully

2023-10-16 14:14:03 - [TEST_STEP][PASSED] - verifyElementPropertyValue(getResponse, "groups[0].pricingPlans[0].pricingPlanData[2].pricingPlanId", "TPay_Zain_BH"): Verify element property value successfully

2023-10-16 14:14:03 - [MESSAGE][PASSED] - Verify element property value successfully

2023-10-16 14:14:03 - [TEST_STEP][PASSED] - verifyElementPropertyValue(getResponse, "groups[0].pricingPlans[0].pricingPlanData[2].productId", "BHR_B2C_SHAHID_VIP_1M"): Verify element property value successfully

2023-10-16 14:14:03 - [MESSAGE][PASSED] - Verify element property value successfully

2023-10-16 14:14:03 - [TEST_STEP][PASSED] - verifyElementPropertyValue(getResponse, "groups[0].pricingPlans[0].pricingPlanData[2].subPricingPlanIds[0]", "42602"): Verify element property value successfully

2023-10-16 14:14:03 - [MESSAGE][PASSED] - Verify element property value successfully

2023-10-16 14:14:03 - [TEST_STEP][PASSED] - verifyElementPropertyValue(getResponse, "groups[0].pricingPlans[0].pricingPlanData[2].paymentMethod", "MOBILE_PAY"): Verify element property value successfully

2023-10-16 14:14:03 - [MESSAGE][PASSED] - Verify element property value successfully

2023-10-16 14:14:03 - [TEST_STEP][PASSED] - verifyElementPropertyValue(getResponse, "groups[0].pricingPlans[0].pricingPlanData[2].freeTrialEnabled", "false"): Verify element property value successfully

2023-10-16 14:14:03 - [MESSAGE][PASSED] - Verify element property value successfully

2023-10-16 14:14:03 - [TEST_STEP][PASSED] - verifyElementPropertyValue(getResponse, "groups[0].pricingPlans[0].pricingPlanData[2].priceLabel", "3.99"): Verify element property value successfully

2023-10-16 14:14:03 - [MESSAGE][PASSED] - Verify element property value successfully

2023-10-16 14:14:03 - [TEST_STEP][PASSED] - verifyElementPropertyValue(getResponse, "groups[0].pricingPlans[0].pricingPlanData[2].currencyLabel", "BHD"): Verify element property value successfully

2023-10-16 14:14:03 - [MESSAGE][PASSED] - Verify element property value successfully

2023-10-16 14:14:03 - [TEST_STEP][PASSED] - verifyElementPropertyValue(getResponse, "groups[0].pricingPlans[0].pricingPlanData[2].allowedForAcquisition", "true"): Verify element property value successfully

2023-10-16 14:14:03 - [MESSAGE][PASSED] - Verify element property value successfully

2023-10-16 14:14:03 - [TEST_STEP][PASSED] - verifyElementPropertyValue(getResponse, "groups[0].pricingPlans[2].featured", "false"): Verify element property value successfully

2023-10-16 14:14:03 - [MESSAGE][PASSED] - Verify element property value successfully

2023-10-16 14:14:03 - [TEST_STEP][PASSED] - verifyElementPropertyValue(getResponse, "groups[0].pricingPlans[2].packageId", "SHAHID_VIP"): Verify element property value successfully

2023-10-16 14:14:03 - [MESSAGE][PASSED] - Verify element property value successfully

2023-10-16 14:14:03 - [TEST_STEP][PASSED] - verifyElementPropertyValue(getResponse, "groups[0].pricingPlans[2].catalogId", "VIP"): Verify element property value successfully

2023-10-16 14:14:03 - [MESSAGE][PASSED] - Verify element property value successfully

2023-10-16 14:14:03 - [TEST_STEP][PASSED] - verifyElementPropertyValue(getResponse, "groups[0].pricingPlans[2].visualElements[0].key", "Header_1_text"): Verify element property value successfully

2023-10-16 14:14:03 - [MESSAGE][PASSED] - Verify element property value successfully

2023-10-16 14:14:03 - [TEST_STEP][PASSED] - verifyElementPropertyValue(getResponse, "groups[0].pricingPlans[2].visualElements[0].value", "شاهد أقوى المسلسلات و الأفلام حصرياً دون توقف"): Verify element property value successfully

2023-10-16 14:14:03 - [MESSAGE][PASSED] - Verify element property value successfully

2023-10-16 14:14:03 - [TEST_STEP][PASSED] - verifyElementPropertyValue(getResponse, "groups[0].pricingPlans[2].visualElements[1].key", "display_title"): Verify element property value successfully

2023-10-16 14:14:03 - [MESSAGE][PASSED] - Verify element property value successfully

2023-10-16 14:14:03 - [TEST_STEP][PASSED] - verifyElementPropertyValue(getResponse, "groups[0].pricingPlans[2].visualElements[1].value", "الاشتراك السنوي"): Verify element property value successfully

2023-10-16 14:14:03 - [MESSAGE][PASSED] - Verify element property value successfully

2023-10-16 14:14:03 - [TEST_STEP][PASSED] - verifyElementPropertyValue(getResponse, "groups[0].pricingPlans[2].visualElements[2].key", "tag_text"): Verify element property value successfully

2023-10-16 14:14:03 - [MESSAGE][PASSED] - Verify element property value successfully

2023-10-16 14:14:03 - [TEST_STEP][PASSED] - verifyElementPropertyValue(getResponse, "groups[0].pricingPlans[2].visualElements[2].value", "وفر29%"): Verify element property value successfully

2023-10-16 14:14:03 - [MESSAGE][PASSED] - Verify element property value successfully

2023-10-16 14:14:03 - [TEST_STEP][PASSED] - verifyElementPropertyValue(getResponse, "groups[0].pricingPlans[2].visualElements[3].key", "promo_text"): Verify element property value successfully

2023-10-16 14:14:03 - [MESSAGE][PASSED] - Verify element property value successfully

2023-10-16 14:14:03 - [TEST_STEP][PASSED] - verifyElementPropertyValue(getResponse, "groups[0].pricingPlans[2].visualElements[3].value", "2.81 BHD / شهرياً"): Verify element property value successfully

2023-10-16 14:14:03 - [MESSAGE][PASSED] - Verify element property value successfully

2023-10-16 14:14:03 - [TEST_STEP][PASSED] - verifyElementPropertyValue(getResponse, "groups[0].pricingPlans[2].visualElements[4].key", "deduction_text"): Verify element property value successfully

2023-10-16 14:14:03 - [MESSAGE][PASSED] - Verify element property value successfully

2023-10-16 14:14:03 - [TEST_STEP][PASSED] - verifyElementPropertyValue(getResponse, "groups[0].pricingPlans[2].visualElements[4].value", " 33.79 BHD  تدفع سنوياً"): Verify element property value successfully

2023-10-16 14:14:03 - [MESSAGE][PASSED] - Verify element property value successfully

2023-10-16 14:14:03 - [TEST_STEP][PASSED] - verifyElementPropertyValue(getResponse, "groups[0].pricingPlans[2].visualElements[7].key", "show_payment_logo"): Verify element property value successfully

2023-10-16 14:14:03 - [MESSAGE][PASSED] - Verify element property value successfully

2023-10-16 14:14:03 - [TEST_STEP][PASSED] - verifyElementPropertyValue(getResponse, "groups[0].pricingPlans[2].visualElements[7].value", "true"): Verify element property value successfully

2023-10-16 14:14:03 - [MESSAGE][PASSED] - Verify element property value successfully

2023-10-16 14:14:03 - [TEST_STEP][PASSED] - verifyElementPropertyValue(getResponse, "groups[0].pricingPlans[2].visualElements[8].key", "show_tag"): Verify element property value successfully

2023-10-16 14:14:03 - [MESSAGE][PASSED] - Verify element property value successfully

2023-10-16 14:14:03 - [TEST_STEP][PASSED] - verifyElementPropertyValue(getResponse, "groups[0].pricingPlans[2].visualElements[8].value", "true"): Verify element property value successfully

2023-10-16 14:14:03 - [MESSAGE][PASSED] - Verify element property value successfully

2023-10-16 14:14:03 - [TEST_STEP][PASSED] - verifyElementPropertyValue(getResponse, "groups[0].pricingPlans[2].visualElements[10].key", "price"): Verify element property value successfully

2023-10-16 14:14:03 - [MESSAGE][PASSED] - Verify element property value successfully

2023-10-16 14:14:03 - [TEST_STEP][PASSED] - verifyElementPropertyValue(getResponse, "groups[0].pricingPlans[2].visualElements[10].value", "33.79"): Verify element property value successfully

2023-10-16 14:14:03 - [MESSAGE][PASSED] - Verify element property value successfully

2023-10-16 14:14:03 - [TEST_STEP][PASSED] - verifyElementPropertyValue(getResponse, "groups[0].pricingPlans[2].visualElements[11].key", "currency"): Verify element property value successfully

2023-10-16 14:14:03 - [MESSAGE][PASSED] - Verify element property value successfully

2023-10-16 14:14:03 - [TEST_STEP][PASSED] - verifyElementPropertyValue(getResponse, "groups[0].pricingPlans[2].visualElements[11].value", "BHD"): Verify element property value successfully

2023-10-16 14:14:03 - [MESSAGE][PASSED] - Verify element property value successfully

2023-10-16 14:14:03 - [TEST_STEP][PASSED] - verifyElementPropertyValue(getResponse, "groups[0].pricingPlans[2].visualElements[12].key", "duration"): Verify element property value successfully

2023-10-16 14:14:03 - [MESSAGE][PASSED] - Verify element property value successfully

2023-10-16 14:14:03 - [TEST_STEP][PASSED] - verifyElementPropertyValue(getResponse, "groups[0].pricingPlans[2].visualElements[12].value", "سنوياً"): Verify element property value successfully

2023-10-16 14:14:03 - [MESSAGE][PASSED] - Verify element property value successfully

2023-10-16 14:14:03 - [TEST_STEP][PASSED] - verifyElementPropertyValue(getResponse, "groups[0].pricingPlans[2].order", "2"): Verify element property value successfully

2023-10-16 14:14:03 - [MESSAGE][PASSED] - Verify element property value successfully

2023-10-16 14:14:03 - [TEST_STEP][PASSED] - verifyElementPropertyValue(getResponse, "groups[0].pricingPlans[2].period", "yearly"): Verify element property value successfully

2023-10-16 14:14:03 - [MESSAGE][PASSED] - Verify element property value successfully

2023-10-16 14:14:03 - [TEST_STEP][PASSED] - verifyElementPropertyValue(getResponse, "groups[0].pricingPlans[2].price", "33.79"): Verify element property value successfully

2023-10-16 14:14:03 - [MESSAGE][PASSED] - Verify element property value successfully

2023-10-16 14:14:03 - [TEST_STEP][PASSED] - verifyElementPropertyValue(getResponse, "groups[0].pricingPlans[2].currency", "BHD"): Verify element property value successfully

2023-10-16 14:14:03 - [MESSAGE][PASSED] - Verify element property value successfully

2023-10-16 14:14:03 - [TEST_STEP][PASSED] - verifyElementPropertyValue(getResponse, "groups[0].pricingPlans[2].pricingPlanData[0].productId", "BHR_B2C_SHAHID_VIP_12M"): Verify element property value successfully

2023-10-16 14:14:03 - [MESSAGE][PASSED] - Verify element property value successfully

2023-10-16 14:14:03 - [TEST_STEP][PASSED] - verifyElementPropertyValue(getResponse, "groups[0].pricingPlans[2].pricingPlanData[0].subPricingPlanIds", "null"): Verify element property value successfully

2023-10-16 14:14:03 - [MESSAGE][PASSED] - Verify element property value successfully

2023-10-16 14:14:03 - [TEST_STEP][PASSED] - verifyElementPropertyValue(getResponse, "groups[0].pricingPlans[2].pricingPlanData[0].paymentMethod", "CREDIT_CARD"): Verify element property value successfully

2023-10-16 14:14:03 - [MESSAGE][PASSED] - Verify element property value successfully

2023-10-16 14:14:03 - [TEST_STEP][PASSED] - verifyElementPropertyValue(getResponse, "groups[0].pricingPlans[2].pricingPlanData[0].freeTrialEnabled", "false"): Verify element property value successfully

2023-10-16 14:14:03 - [MESSAGE][PASSED] - Verify element property value successfully

2023-10-16 14:14:03 - [TEST_STEP][PASSED] - verifyElementPropertyValue(getResponse, "groups[0].pricingPlans[2].pricingPlanData[0].visualElements[0].key", "title"): Verify element property value successfully

2023-10-16 14:14:03 - [MESSAGE][PASSED] - Verify element property value successfully

2023-10-16 14:14:03 - [TEST_STEP][PASSED] - verifyElementPropertyValue(getResponse, "groups[0].pricingPlans[2].pricingPlanData[0].visualElements[0].value", "البطاقة المصرفية"): Verify element property value successfully

2023-10-16 14:14:03 - [MESSAGE][PASSED] - Verify element property value successfully

2023-10-16 14:14:03 - [TEST_STEP][PASSED] - verifyElementPropertyValue(getResponse, "groups[0].pricingPlans[2].pricingPlanData[0].visualElements[1].key", "CTA_text"): Verify element property value successfully

2023-10-16 14:14:03 - [MESSAGE][PASSED] - Verify element property value successfully

2023-10-16 14:14:03 - [TEST_STEP][PASSED] - verifyElementPropertyValue(getResponse, "groups[0].pricingPlans[2].pricingPlanData[0].visualElements[1].value", "اشترك"): Verify element property value successfully

2023-10-16 14:14:03 - [MESSAGE][PASSED] - Verify element property value successfully

2023-10-16 14:14:03 - [TEST_STEP][PASSED] - verifyElementPropertyValue(getResponse, "groups[0].pricingPlans[2].pricingPlanData[0].visualElements[2].key", "logo"): Verify element property value successfully

2023-10-16 14:14:03 - [MESSAGE][PASSED] - Verify element property value successfully

2023-10-16 14:14:03 - [TEST_STEP][PASSED] - verifyElementPropertyValue(getResponse, "groups[0].pricingPlans[2].pricingPlanData[0].visualElements[2].value", "https://static.s3.shahid.mbc.net/widget-images/icons/iconCreditCard.png"): Verify element property value successfully

2023-10-16 14:14:03 - [MESSAGE][PASSED] - Verify element property value successfully

2023-10-16 14:14:03 - [TEST_STEP][PASSED] - verifyElementPropertyValue(getResponse, "groups[0].pricingPlans[2].pricingPlanData[0].priceLabel", "33.79"): Verify element property value successfully

2023-10-16 14:14:03 - [MESSAGE][PASSED] - Verify element property value successfully

2023-10-16 14:14:03 - [TEST_STEP][PASSED] - verifyElementPropertyValue(getResponse, "groups[0].pricingPlans[2].pricingPlanData[0].currencyLabel", "BHD"): Verify element property value successfully

2023-10-16 14:14:03 - [MESSAGE][PASSED] - Verify element property value successfully

2023-10-16 14:14:03 - [TEST_STEP][PASSED] - verifyElementPropertyValue(getResponse, "groups[0].pricingPlans[2].pricingPlanData[0].allowedForAcquisition", "true"): Verify element property value successfully

2023-10-16 14:14:03 - [MESSAGE][PASSED] - Verify element property value successfully

2023-10-16 14:14:03 - [TEST_STEP][PASSED] - verifyElementPropertyValue(getResponse, "groups[0].pricingPlans[2].pricingPlanData[0].showIn[0]", "VERTICAL_MODE"): Verify element property value successfully

2023-10-16 14:14:03 - [MESSAGE][PASSED] - Verify element property value successfully

2023-10-16 14:14:03 - [TEST_STEP][PASSED] - verifyElementPropertyValue(getResponse, "groups[0].pricingPlans[2].pricingPlanData[0].showIn[1]", "HORIZONTAL_MODE"): Verify element property value successfully

2023-10-16 14:14:04 - [MESSAGE][PASSED] - Verify element property value successfully

2023-10-16 14:14:04 - [TEST_STEP][PASSED] - verifyElementPropertyValue(getResponse, "visualElements[0].key", "main_CTA_text_1"): Verify element property value successfully

2023-10-16 14:14:04 - [MESSAGE][PASSED] - Verify element property value successfully

2023-10-16 14:14:04 - [TEST_STEP][PASSED] - verifyElementPropertyValue(getResponse, "visualElements[0].value", "شاهد أقوى المسلسلات و الأفلام حصرياً دون توقف"): Verify element property value successfully

2023-10-16 14:14:04 - [MESSAGE][PASSED] - Verify element property value successfully

2023-10-16 14:14:04 - [TEST_STEP][PASSED] - verifyElementPropertyValue(getResponse, "visualElements[2].key", "main_disclaimer_text"): Verify element property value successfully

2023-10-16 14:14:04 - [MESSAGE][PASSED] - Verify element property value successfully

2023-10-16 14:14:04 - [TEST_STEP][PASSED] - verifyElementPropertyValue(getResponse, "visualElements[2].value", "رسوم الاشتراك قد تختلف بناءً على البلد أو طريقة الدفع أو باقة الاشتراك أو الضريبة المضافة أو معامل تحويل العملات والرسوم البنكية. تطبّق الشروط والأحكام."): Verify element property value successfully

2023-10-16 14:14:04 - [MESSAGE][PASSED] - Verify element property value successfully

2023-10-16 14:14:04 - [TEST_STEP][PASSED] - verifyElementPropertyValue(getResponse, "visualElements[4].key", "display_type"): Verify element property value successfully

2023-10-16 14:14:04 - [MESSAGE][PASSED] - Verify element property value successfully

2023-10-16 14:14:04 - [TEST_STEP][PASSED] - verifyElementPropertyValue(getResponse, "visualElements[4].value", "vertical"): Verify element property value successfully

2023-10-16 14:14:04 - [MESSAGE][PASSED] - Verify element property value successfully

2023-10-16 14:14:04 - [TEST_STEP][PASSED] - verifyElementPropertyValue(getResponse, "pages[0].visualElements[0].key", "alternative_payment_title"): Verify element property value successfully

2023-10-16 14:14:04 - [MESSAGE][PASSED] - Verify element property value successfully

2023-10-16 14:14:04 - [TEST_STEP][PASSED] - verifyElementPropertyValue(getResponse, "pages[0].visualElements[0].value", "أو قم باختيار إحدى الطرق البديلة التالية"): Verify element property value successfully

2023-10-16 14:14:04 - [MESSAGE][PASSED] - Verify element property value successfully

2023-10-16 14:14:04 - [TEST_STEP][PASSED] - verifyElementPropertyValue(getResponse, "pages[0].visualElements[1].key", "label_text"): Verify element property value successfully

2023-10-16 14:14:04 - [MESSAGE][PASSED] - Verify element property value successfully

2023-10-16 14:14:04 - [TEST_STEP][PASSED] - verifyElementPropertyValue(getResponse, "pages[0].visualElements[1].value", "طرق الدفع الأخرى"): Verify element property value successfully

2023-10-16 14:14:04 - [MESSAGE][PASSED] - Verify element property value successfully

2023-10-16 14:14:04 - [TEST_STEP][PASSED] - verifyElementPropertyValue(getResponse, "pages[0].visualElements[3].key", "CTA_text"): Verify element property value successfully

2023-10-16 14:14:04 - [MESSAGE][PASSED] - Verify element property value successfully

2023-10-16 14:14:04 - [TEST_STEP][PASSED] - verifyElementPropertyValue(getResponse, "pages[0].visualElements[3].value", "اضغط هنا"): Verify element property value successfully

2023-10-16 14:14:04 - [MESSAGE][PASSED] - Verify element property value successfully

2023-10-16 14:14:04 - [TEST_STEP][PASSED] - verifyElementPropertyValue(getResponse, "pages[0].visualElements[4].key", "main_title"): Verify element property value successfully

2023-10-16 14:14:04 - [MESSAGE][PASSED] - Verify element property value successfully

2023-10-16 14:14:04 - [TEST_STEP][PASSED] - verifyElementPropertyValue(getResponse, "pages[0].visualElements[4].value", "طرق الدفع الأخرى"): Verify element property value successfully

2023-10-16 14:14:04 - [MESSAGE][PASSED] - Verify element property value successfully

2023-10-16 14:14:04 - [TEST_STEP][PASSED] - verifyElementPropertyValue(getResponse, "pages[0].visualElements[6].key", "alternative_payment_methods"): Verify element property value successfully

2023-10-16 14:14:04 - [MESSAGE][PASSED] - Verify element property value successfully

2023-10-16 14:14:04 - [TEST_STEP][PASSED] - verifyElementPropertyValue(getResponse, "pages[0].visualElements[6].value", "يمكنك شراء قسيمة شاهد التسويقية من أي من بائعي التجزئة التاليين"): Verify element property value successfully

2023-10-16 14:14:04 - [MESSAGE][PASSED] - Verify element property value successfully

2023-10-16 14:14:04 - [TEST_STEP][PASSED] - verifyElementPropertyValue(getResponse, "partners[0].name", "Sadad"): Verify element property value successfully

2023-10-16 14:14:04 - [MESSAGE][PASSED] - Verify element property value successfully

2023-10-16 14:14:04 - [TEST_STEP][PASSED] - verifyElementPropertyValue(getResponse, "partners[0].link", "https://sadadbahrain.com/app/"): Verify element property value successfully

2023-10-16 14:14:04 - [MESSAGE][PASSED] - Verify element property value successfully

2023-10-16 14:14:04 - [TEST_STEP][PASSED] - verifyElementPropertyValue(getResponse, "partners[0].logo", "https://static.s3.shahid.mbc.net/widget-images/logos/sadad@2x.png"): Verify element property value successfully

2023-10-16 14:14:04 - [MESSAGE][PASSED] - Verify element property value successfully

2023-10-16 14:14:04 - [TEST_STEP][PASSED] - verifyElementPropertyValue(getResponse, "partners[0].visible", "true"): Verify element property value successfully

2023-10-16 14:14:04 - [MESSAGE][PASSED] - Verify element property value successfully

2023-10-16 14:14:04 - [TEST_STEP][PASSED] - verifyElementPropertyValue(getResponse, "partners[0].visualElements[0].key", "text"): Verify element property value successfully

2023-10-16 14:14:04 - [MESSAGE][PASSED] - Verify element property value successfully

2023-10-16 14:14:04 - [TEST_STEP][PASSED] - verifyElementPropertyValue(getResponse, "partners[0].visualElements[0].value", "معلومات إضافية"): Verify element property value successfully

2023-10-16 14:14:04 - [MESSAGE][PASSED] - Verify element property value successfully

2023-10-16 14:14:04 - [TEST_STEP][PASSED] - verifyElementPropertyValue(getResponse, "partners[1].name", "Like Card"): Verify element property value successfully

2023-10-16 14:14:04 - [MESSAGE][PASSED] - Verify element property value successfully

2023-10-16 14:14:04 - [TEST_STEP][PASSED] - verifyElementPropertyValue(getResponse, "partners[1].link", "https://like4card.com/All-Shahid_VIP"): Verify element property value successfully

2023-10-16 14:14:04 - [MESSAGE][PASSED] - Verify element property value successfully

2023-10-16 14:14:04 - [TEST_STEP][PASSED] - verifyElementPropertyValue(getResponse, "partners[1].logo", "https://static.s3.shahid.mbc.net/widget-images/logos/likecard@2x.png"): Verify element property value successfully

2023-10-16 14:14:04 - [MESSAGE][PASSED] - Verify element property value successfully

2023-10-16 14:14:04 - [TEST_STEP][PASSED] - verifyElementPropertyValue(getResponse, "partners[1].visible", "true"): Verify element property value successfully

2023-10-16 14:14:04 - [MESSAGE][PASSED] - Verify element property value successfully

2023-10-16 14:14:04 - [TEST_STEP][PASSED] - verifyElementPropertyValue(getResponse, "partners[1].visualElements[0].key", "text"): Verify element property value successfully

2023-10-16 14:14:04 - [MESSAGE][PASSED] - Verify element property value successfully

2023-10-16 14:14:04 - [TEST_STEP][PASSED] - verifyElementPropertyValue(getResponse, "partners[1].visualElements[0].value", "معلومات إضافية"): Verify element property value successfully

2023-10-16 14:14:04 - [MESSAGE][PASSED] - Verify element property value successfully

2023-10-16 14:14:04 - [TEST_STEP][PASSED] - verifyElementPropertyValue(getResponse, "partners[2].name", "You Got a Gift"): Verify element property value successfully

2023-10-16 14:14:04 - [MESSAGE][PASSED] - Verify element property value successfully

2023-10-16 14:14:04 - [TEST_STEP][PASSED] - verifyElementPropertyValue(getResponse, "partners[2].link", "https://yougotagift.com/bahrain/gift-card/shahid-vip-gift-card-bh/"): Verify element property value successfully

2023-10-16 14:14:04 - [MESSAGE][PASSED] - Verify element property value successfully

2023-10-16 14:14:04 - [TEST_STEP][PASSED] - verifyElementPropertyValue(getResponse, "partners[2].logo", "https://shahid-static.s3.us-east-1.amazonaws.com/widget-images/logos/you-gota-gift.svg"): Verify element property value successfully

2023-10-16 14:14:04 - [MESSAGE][PASSED] - Verify element property value successfully

2023-10-16 14:14:04 - [TEST_STEP][PASSED] - verifyElementPropertyValue(getResponse, "partners[2].visible", "true"): Verify element property value successfully

2023-10-16 14:14:04 - [MESSAGE][PASSED] - Verify element property value successfully

2023-10-16 14:14:04 - [TEST_STEP][PASSED] - verifyElementPropertyValue(getResponse, "partners[2].visualElements[0].key", "text"): Verify element property value successfully

2023-10-16 14:14:04 - [MESSAGE][PASSED] - Verify element property value successfully

2023-10-16 14:14:04 - [TEST_STEP][PASSED] - verifyElementPropertyValue(getResponse, "partners[2].visualElements[0].value", "معلومات إضافية"): Verify element property value successfully

2023-10-16 14:14:04 - [MESSAGE][PASSED] - Verify element property value successfully

2023-10-16 14:14:04 - [TEST_STEP][PASSED] - verifyElementPropertyValue(getResponse, "partners[3].name", "Razer Online"): Verify element property value successfully

2023-10-16 14:14:04 - [MESSAGE][PASSED] - Verify element property value successfully

2023-10-16 14:14:04 - [TEST_STEP][PASSED] - verifyElementPropertyValue(getResponse, "partners[3].link", "https://gold.razer.com/global/en/gold/catalog/shahid-vip"): Verify element property value successfully

2023-10-16 14:14:04 - [MESSAGE][PASSED] - Verify element property value successfully

2023-10-16 14:14:04 - [TEST_STEP][PASSED] - verifyElementPropertyValue(getResponse, "partners[3].logo", "https://shahid-static.s3.amazonaws.com/widget-images/logos/Coin_RZR%20Gold_Black.png"): Verify element property value successfully

2023-10-16 14:14:04 - [MESSAGE][PASSED] - Verify element property value successfully

2023-10-16 14:14:04 - [TEST_STEP][PASSED] - verifyElementPropertyValue(getResponse, "partners[3].visible", "true"): Verify element property value successfully

2023-10-16 14:14:04 - [MESSAGE][PASSED] - Verify element property value successfully

2023-10-16 14:14:04 - [TEST_STEP][PASSED] - verifyElementPropertyValue(getResponse, "partners[3].visualElements[0].key", "text"): Verify element property value successfully

2023-10-16 14:14:04 - [MESSAGE][PASSED] - Verify element property value successfully

2023-10-16 14:14:04 - [TEST_STEP][PASSED] - verifyElementPropertyValue(getResponse, "partners[3].visualElements[0].value", "معلومات إضافية"): Verify element property value successfully

2023-10-16 14:14:04 - [MESSAGE][PASSED] - Verify element property value successfully

2023-10-16 14:14:04 - [TEST_STEP][PASSED] - verifyElementPropertyValue(getResponse, "defaultPackageId", "SHAHID_VIP"): Verify element property value successfully

2023-10-16 14:14:04 - [MESSAGE][PASSED] - Verify element property value successfully]]></system-out>
         <system-err><![CDATA[]]></system-err>
      </testcase>
      <testcase name="Test Cases/WEB - CHROME/BHR PI/WEB_FR_getSubscriptionConfigForBHR_Ultimate" time="2.069" classname="Test Cases/WEB - CHROME/BHR PI/WEB_FR_getSubscriptionConfigForBHR_Ultimate" status="FAILED">
         <failure type="FAILED" message="Test Cases/WEB - CHROME/BHR PI/WEB_FR_getSubscriptionConfigForBHR_Ultimate FAILED.
Reason:
com.kms.katalon.core.exception.StepFailedException: Expected element property value 'Plan Annuel ' is not equal with actual property value 'Plan Annuel ​'
	at com.kms.katalon.core.keyword.internal.KeywordMain.stepFailed(KeywordMain.groovy:39)
	at com.kms.katalon.core.webservice.keyword.builtin.VerifyElementPropertyValueKeyword$_verifyElementPropertyValue_closure1.doCall(VerifyElementPropertyValueKeyword.groovy:56)
	at com.kms.katalon.core.webservice.keyword.builtin.VerifyElementPropertyValueKeyword$_verifyElementPropertyValue_closure1.call(VerifyElementPropertyValueKeyword.groovy)
	at com.kms.katalon.core.keyword.internal.KeywordMain.runKeyword(KeywordMain.groovy:75)
	at com.kms.katalon.core.webservice.keyword.builtin.VerifyElementPropertyValueKeyword.verifyElementPropertyValue(VerifyElementPropertyValueKeyword.groovy:48)
	at com.kms.katalon.core.webservice.keyword.builtin.VerifyElementPropertyValueKeyword.execute(VerifyElementPropertyValueKeyword.groovy:43)
	at com.kms.katalon.core.keyword.internal.KeywordExecutor.executeKeywordForPlatform(KeywordExecutor.groovy:74)
	at com.kms.katalon.core.webservice.keyword.WSBuiltInKeywords.verifyElementPropertyValue(WSBuiltInKeywords.groovy:190)
	at com.kms.katalon.core.webservice.keyword.WSBuiltInKeywords$verifyElementPropertyValue$1.call(Unknown Source)
	at WEB_FR_getSubscriptionConfigForBHR_Ultimate.run(WEB_FR_getSubscriptionConfigForBHR_Ultimate:102)
	at com.kms.katalon.core.main.ScriptEngine.run(ScriptEngine.java:194)
	at com.kms.katalon.core.main.ScriptEngine.runScriptAsRawText(ScriptEngine.java:119)
	at com.kms.katalon.core.main.TestCaseExecutor.runScript(TestCaseExecutor.java:448)
	at com.kms.katalon.core.main.TestCaseExecutor.doExecute(TestCaseExecutor.java:439)
	at com.kms.katalon.core.main.TestCaseExecutor.processExecutionPhase(TestCaseExecutor.java:418)
	at com.kms.katalon.core.main.TestCaseExecutor.accessMainPhase(TestCaseExecutor.java:410)
	at com.kms.katalon.core.main.TestCaseExecutor.execute(TestCaseExecutor.java:285)
	at com.kms.katalon.core.common.CommonExecutor.accessTestCaseMainPhase(CommonExecutor.java:65)
	at com.kms.katalon.core.main.TestSuiteExecutor.accessTestSuiteMainPhase(TestSuiteExecutor.java:148)
	at com.kms.katalon.core.main.TestSuiteExecutor.execute(TestSuiteExecutor.java:106)
	at com.kms.katalon.core.main.TestCaseMain.startTestSuite(TestCaseMain.java:187)
	at com.kms.katalon.core.main.TestCaseMain$startTestSuite$0.call(Unknown Source)
	at TempTestSuite1697454209021.run(TempTestSuite1697454209021.groovy:36)
"/>
         <system-out><![CDATA[2023-10-16 14:14:04 - [TEST_CASE][FAILED] - Test Cases/WEB - CHROME/BHR PI/WEB_FR_getSubscriptionConfigForBHR_Ultimate: Test Cases/WEB - CHROME/BHR PI/WEB_FR_getSubscriptionConfigForBHR_Ultimate FAILED.
Reason:
com.kms.katalon.core.exception.StepFailedException: Expected element property value 'Plan Annuel ' is not equal with actual property value 'Plan Annuel ​'
	at com.kms.katalon.core.keyword.internal.KeywordMain.stepFailed(KeywordMain.groovy:39)
	at com.kms.katalon.core.webservice.keyword.builtin.VerifyElementPropertyValueKeyword$_verifyElementPropertyValue_closure1.doCall(VerifyElementPropertyValueKeyword.groovy:56)
	at com.kms.katalon.core.webservice.keyword.builtin.VerifyElementPropertyValueKeyword$_verifyElementPropertyValue_closure1.call(VerifyElementPropertyValueKeyword.groovy)
	at com.kms.katalon.core.keyword.internal.KeywordMain.runKeyword(KeywordMain.groovy:75)
	at com.kms.katalon.core.webservice.keyword.builtin.VerifyElementPropertyValueKeyword.verifyElementPropertyValue(VerifyElementPropertyValueKeyword.groovy:48)
	at com.kms.katalon.core.webservice.keyword.builtin.VerifyElementPropertyValueKeyword.execute(VerifyElementPropertyValueKeyword.groovy:43)
	at com.kms.katalon.core.keyword.internal.KeywordExecutor.executeKeywordForPlatform(KeywordExecutor.groovy:74)
	at com.kms.katalon.core.webservice.keyword.WSBuiltInKeywords.verifyElementPropertyValue(WSBuiltInKeywords.groovy:190)
	at com.kms.katalon.core.webservice.keyword.WSBuiltInKeywords$verifyElementPropertyValue$1.call(Unknown Source)
	at WEB_FR_getSubscriptionConfigForBHR_Ultimate.run(WEB_FR_getSubscriptionConfigForBHR_Ultimate:102)
	at com.kms.katalon.core.main.ScriptEngine.run(ScriptEngine.java:194)
	at com.kms.katalon.core.main.ScriptEngine.runScriptAsRawText(ScriptEngine.java:119)
	at com.kms.katalon.core.main.TestCaseExecutor.runScript(TestCaseExecutor.java:448)
	at com.kms.katalon.core.main.TestCaseExecutor.doExecute(TestCaseExecutor.java:439)
	at com.kms.katalon.core.main.TestCaseExecutor.processExecutionPhase(TestCaseExecutor.java:418)
	at com.kms.katalon.core.main.TestCaseExecutor.accessMainPhase(TestCaseExecutor.java:410)
	at com.kms.katalon.core.main.TestCaseExecutor.execute(TestCaseExecutor.java:285)
	at com.kms.katalon.core.common.CommonExecutor.accessTestCaseMainPhase(CommonExecutor.java:65)
	at com.kms.katalon.core.main.TestSuiteExecutor.accessTestSuiteMainPhase(TestSuiteExecutor.java:148)
	at com.kms.katalon.core.main.TestSuiteExecutor.execute(TestSuiteExecutor.java:106)
	at com.kms.katalon.core.main.TestCaseMain.startTestSuite(TestCaseMain.java:187)
	at com.kms.katalon.core.main.TestCaseMain$startTestSuite$0.call(Unknown Source)
	at TempTestSuite1697454209021.run(TempTestSuite1697454209021.groovy:36)


2023-10-16 14:14:04 - [TEST_STEP][PASSED] - getResponse = config_files.getConfigFile.getConfig("WEB", "FR", "SHAHID_VIP_GEA_SPORT", "BH", "false"): config_files.getConfigFile.getConfig is PASSED

2023-10-16 14:14:05 - [MESSAGE][INFO] - HAR: /Users/admin/git/shahid-configuration/Reports/20231016_140310/WEB/BHR/20231016_140329/requests/main/2.har

2023-10-16 14:14:05 - [MESSAGE][PASSED] - Send request successfully

2023-10-16 14:14:05 - [MESSAGE][PASSED] - config_files.getConfigFile.getConfig is PASSED

2023-10-16 14:14:05 - [TEST_STEP][PASSED] - verifyResponseStatusCode(getResponse, 200): Verify response status code successfully

2023-10-16 14:14:05 - [MESSAGE][PASSED] - Verify response status code successfully

2023-10-16 14:14:05 - [TEST_STEP][PASSED] - verifyElementPropertyValue(getResponse, "country", "BHR"): Verify element property value successfully

2023-10-16 14:14:05 - [MESSAGE][PASSED] - Verify element property value successfully

2023-10-16 14:14:05 - [TEST_STEP][PASSED] - verifyElementPropertyValue(getResponse, "platform", "[WEB]"): Verify element property value successfully

2023-10-16 14:14:05 - [MESSAGE][PASSED] - Verify element property value successfully

2023-10-16 14:14:05 - [TEST_STEP][PASSED] - verifyElementPropertyValue(getResponse, "groups[0].pricingPlans[0].featured", "true"): Verify element property value successfully

2023-10-16 14:14:05 - [MESSAGE][PASSED] - Verify element property value successfully

2023-10-16 14:14:05 - [TEST_STEP][PASSED] - verifyElementPropertyValue(getResponse, "groups[0].pricingPlans[0].packageId", "SHAHID_VIP_GEA_SPORT"): Verify element property value successfully

2023-10-16 14:14:05 - [MESSAGE][PASSED] - Verify element property value successfully

2023-10-16 14:14:05 - [TEST_STEP][PASSED] - verifyElementPropertyValue(getResponse, "groups[0].pricingPlans[0].catalogId", "GEA"): Verify element property value successfully

2023-10-16 14:14:05 - [MESSAGE][PASSED] - Verify element property value successfully

2023-10-16 14:14:05 - [TEST_STEP][PASSED] - verifyElementPropertyValue(getResponse, "groups[0].pricingPlans[0].visualElements[0].key", "Header_1_text"): Verify element property value successfully

2023-10-16 14:14:05 - [MESSAGE][PASSED] - Verify element property value successfully

2023-10-16 14:14:05 - [TEST_STEP][PASSED] - verifyElementPropertyValue(getResponse, "groups[0].pricingPlans[0].visualElements[0].value", "Abonnez-vous dès maintenant et profitez de vos programmes sans publicité"): Verify element property value successfully

2023-10-16 14:14:05 - [MESSAGE][PASSED] - Verify element property value successfully

2023-10-16 14:14:05 - [TEST_STEP][PASSED] - verifyElementPropertyValue(getResponse, "groups[0].pricingPlans[0].visualElements[1].key", "display_title"): Verify element property value successfully

2023-10-16 14:14:05 - [MESSAGE][PASSED] - Verify element property value successfully

2023-10-16 14:14:05 - [TEST_STEP][PASSED] - verifyElementPropertyValue(getResponse, "groups[0].pricingPlans[0].visualElements[1].value", "Plan Mensuel "): Verify element property value successfully

2023-10-16 14:14:05 - [MESSAGE][PASSED] - Verify element property value successfully

2023-10-16 14:14:05 - [TEST_STEP][PASSED] - verifyElementPropertyValue(getResponse, "groups[0].pricingPlans[0].visualElements[3].key", "promo_text"): Verify element property value successfully

2023-10-16 14:14:05 - [MESSAGE][PASSED] - Verify element property value successfully

2023-10-16 14:14:05 - [TEST_STEP][PASSED] - verifyElementPropertyValue(getResponse, "groups[0].pricingPlans[0].visualElements[3].value", "7.99 BHD / mois"): Verify element property value successfully

2023-10-16 14:14:05 - [MESSAGE][PASSED] - Verify element property value successfully

2023-10-16 14:14:05 - [TEST_STEP][PASSED] - verifyElementPropertyValue(getResponse, "groups[0].pricingPlans[0].visualElements[4].key", "deduction_text"): Verify element property value successfully

2023-10-16 14:14:05 - [MESSAGE][PASSED] - Verify element property value successfully

2023-10-16 14:14:05 - [TEST_STEP][PASSED] - verifyElementPropertyValue(getResponse, "groups[0].pricingPlans[0].visualElements[4].value", "facturation mensuelle"): Verify element property value successfully

2023-10-16 14:14:05 - [MESSAGE][PASSED] - Verify element property value successfully

2023-10-16 14:14:05 - [TEST_STEP][PASSED] - verifyElementPropertyValue(getResponse, "groups[0].pricingPlans[0].visualElements[7].key", "show_payment_logo"): Verify element property value successfully

2023-10-16 14:14:05 - [MESSAGE][PASSED] - Verify element property value successfully

2023-10-16 14:14:05 - [TEST_STEP][PASSED] - verifyElementPropertyValue(getResponse, "groups[0].pricingPlans[0].visualElements[7].value", "true"): Verify element property value successfully

2023-10-16 14:14:05 - [MESSAGE][PASSED] - Verify element property value successfully

2023-10-16 14:14:05 - [TEST_STEP][PASSED] - verifyElementPropertyValue(getResponse, "groups[0].pricingPlans[0].visualElements[8].key", "show_tag"): Verify element property value successfully

2023-10-16 14:14:05 - [MESSAGE][PASSED] - Verify element property value successfully

2023-10-16 14:14:05 - [TEST_STEP][PASSED] - verifyElementPropertyValue(getResponse, "groups[0].pricingPlans[0].visualElements[8].value", "false"): Verify element property value successfully

2023-10-16 14:14:05 - [MESSAGE][PASSED] - Verify element property value successfully

2023-10-16 14:14:05 - [TEST_STEP][PASSED] - verifyElementPropertyValue(getResponse, "groups[0].pricingPlans[0].visualElements[10].key", "price"): Verify element property value successfully

2023-10-16 14:14:05 - [MESSAGE][PASSED] - Verify element property value successfully

2023-10-16 14:14:05 - [TEST_STEP][PASSED] - verifyElementPropertyValue(getResponse, "groups[0].pricingPlans[0].visualElements[10].value", "7.99"): Verify element property value successfully

2023-10-16 14:14:05 - [MESSAGE][PASSED] - Verify element property value successfully

2023-10-16 14:14:05 - [TEST_STEP][PASSED] - verifyElementPropertyValue(getResponse, "groups[0].pricingPlans[0].visualElements[11].key", "currency"): Verify element property value successfully

2023-10-16 14:14:05 - [MESSAGE][PASSED] - Verify element property value successfully

2023-10-16 14:14:05 - [TEST_STEP][PASSED] - verifyElementPropertyValue(getResponse, "groups[0].pricingPlans[0].visualElements[11].value", "BHD"): Verify element property value successfully

2023-10-16 14:14:05 - [MESSAGE][PASSED] - Verify element property value successfully

2023-10-16 14:14:05 - [TEST_STEP][PASSED] - verifyElementPropertyValue(getResponse, "groups[0].pricingPlans[0].visualElements[12].key", "duration"): Verify element property value successfully

2023-10-16 14:14:05 - [MESSAGE][PASSED] - Verify element property value successfully

2023-10-16 14:14:05 - [TEST_STEP][PASSED] - verifyElementPropertyValue(getResponse, "groups[0].pricingPlans[0].visualElements[12].value", "Mensuel"): Verify element property value successfully

2023-10-16 14:14:05 - [MESSAGE][PASSED] - Verify element property value successfully

2023-10-16 14:14:05 - [TEST_STEP][PASSED] - verifyElementPropertyValue(getResponse, "groups[0].pricingPlans[0].visualElements[13].key", "featured_tag_text"): Verify element property value successfully

2023-10-16 14:14:05 - [MESSAGE][PASSED] - Verify element property value successfully

2023-10-16 14:14:05 - [TEST_STEP][PASSED] - verifyElementPropertyValue(getResponse, "groups[0].pricingPlans[0].visualElements[13].value", "Le plus populaire"): Verify element property value successfully

2023-10-16 14:14:05 - [MESSAGE][PASSED] - Verify element property value successfully

2023-10-16 14:14:05 - [TEST_STEP][PASSED] - verifyElementPropertyValue(getResponse, "groups[0].pricingPlans[0].order", "9"): Verify element property value successfully

2023-10-16 14:14:05 - [MESSAGE][PASSED] - Verify element property value successfully

2023-10-16 14:14:05 - [TEST_STEP][PASSED] - verifyElementPropertyValue(getResponse, "groups[0].pricingPlans[0].period", "monthly"): Verify element property value successfully

2023-10-16 14:14:05 - [MESSAGE][PASSED] - Verify element property value successfully

2023-10-16 14:14:05 - [TEST_STEP][PASSED] - verifyElementPropertyValue(getResponse, "groups[0].pricingPlans[0].price", "7.99"): Verify element property value successfully

2023-10-16 14:14:05 - [MESSAGE][PASSED] - Verify element property value successfully

2023-10-16 14:14:05 - [TEST_STEP][PASSED] - verifyElementPropertyValue(getResponse, "groups[0].pricingPlans[0].currency", "BHD"): Verify element property value successfully

2023-10-16 14:14:05 - [MESSAGE][PASSED] - Verify element property value successfully

2023-10-16 14:14:05 - [TEST_STEP][PASSED] - verifyElementPropertyValue(getResponse, "groups[0].pricingPlans[0].pricingPlanData[0].productId", "BHR_B2C_SHAHID_VIP_GEA_SPORT_1M"): Verify element property value successfully

2023-10-16 14:14:05 - [MESSAGE][PASSED] - Verify element property value successfully

2023-10-16 14:14:05 - [TEST_STEP][PASSED] - verifyElementPropertyValue(getResponse, "groups[0].pricingPlans[0].pricingPlanData[0].subPricingPlanIds", "null"): Verify element property value successfully

2023-10-16 14:14:05 - [MESSAGE][PASSED] - Verify element property value successfully

2023-10-16 14:14:05 - [TEST_STEP][PASSED] - verifyElementPropertyValue(getResponse, "groups[0].pricingPlans[0].pricingPlanData[0].paymentMethod", "CREDIT_CARD"): Verify element property value successfully

2023-10-16 14:14:05 - [MESSAGE][PASSED] - Verify element property value successfully

2023-10-16 14:14:05 - [TEST_STEP][PASSED] - verifyElementPropertyValue(getResponse, "groups[0].pricingPlans[0].pricingPlanData[0].freeTrialEnabled", "false"): Verify element property value successfully

2023-10-16 14:14:05 - [MESSAGE][PASSED] - Verify element property value successfully

2023-10-16 14:14:05 - [TEST_STEP][PASSED] - verifyElementPropertyValue(getResponse, "groups[0].pricingPlans[0].pricingPlanData[0].visualElements[0].key", "title"): Verify element property value successfully

2023-10-16 14:14:05 - [MESSAGE][PASSED] - Verify element property value successfully

2023-10-16 14:14:05 - [TEST_STEP][PASSED] - verifyElementPropertyValue(getResponse, "groups[0].pricingPlans[0].pricingPlanData[0].visualElements[0].value", "Carte de crédit/débit"): Verify element property value successfully

2023-10-16 14:14:05 - [MESSAGE][PASSED] - Verify element property value successfully

2023-10-16 14:14:05 - [TEST_STEP][PASSED] - verifyElementPropertyValue(getResponse, "groups[0].pricingPlans[0].pricingPlanData[0].visualElements[1].key", "CTA_text"): Verify element property value successfully

2023-10-16 14:14:05 - [MESSAGE][PASSED] - Verify element property value successfully

2023-10-16 14:14:05 - [TEST_STEP][PASSED] - verifyElementPropertyValue(getResponse, "groups[0].pricingPlans[0].pricingPlanData[0].visualElements[1].value", "S'abonner"): Verify element property value successfully

2023-10-16 14:14:05 - [MESSAGE][PASSED] - Verify element property value successfully

2023-10-16 14:14:05 - [TEST_STEP][PASSED] - verifyElementPropertyValue(getResponse, "groups[0].pricingPlans[0].pricingPlanData[0].visualElements[2].key", "logo"): Verify element property value successfully

2023-10-16 14:14:05 - [MESSAGE][PASSED] - Verify element property value successfully

2023-10-16 14:14:05 - [TEST_STEP][PASSED] - verifyElementPropertyValue(getResponse, "groups[0].pricingPlans[0].pricingPlanData[0].visualElements[2].value", "https://static.s3.shahid.mbc.net/widget-images/icons/iconCreditCard.png"): Verify element property value successfully

2023-10-16 14:14:05 - [MESSAGE][PASSED] - Verify element property value successfully

2023-10-16 14:14:05 - [TEST_STEP][PASSED] - verifyElementPropertyValue(getResponse, "groups[0].pricingPlans[0].pricingPlanData[0].priceLabel", "7.99"): Verify element property value successfully

2023-10-16 14:14:05 - [MESSAGE][PASSED] - Verify element property value successfully

2023-10-16 14:14:05 - [TEST_STEP][PASSED] - verifyElementPropertyValue(getResponse, "groups[0].pricingPlans[0].pricingPlanData[0].currencyLabel", "BHD"): Verify element property value successfully

2023-10-16 14:14:05 - [MESSAGE][PASSED] - Verify element property value successfully

2023-10-16 14:14:05 - [TEST_STEP][PASSED] - verifyElementPropertyValue(getResponse, "groups[0].pricingPlans[2].featured", "false"): Verify element property value successfully

2023-10-16 14:14:05 - [MESSAGE][PASSED] - Verify element property value successfully

2023-10-16 14:14:05 - [TEST_STEP][PASSED] - verifyElementPropertyValue(getResponse, "groups[0].pricingPlans[2].packageId", "SHAHID_VIP_GEA_SPORT"): Verify element property value successfully

2023-10-16 14:14:05 - [MESSAGE][PASSED] - Verify element property value successfully

2023-10-16 14:14:05 - [TEST_STEP][PASSED] - verifyElementPropertyValue(getResponse, "groups[0].pricingPlans[2].catalogId", "GEA"): Verify element property value successfully

2023-10-16 14:14:05 - [MESSAGE][PASSED] - Verify element property value successfully

2023-10-16 14:14:05 - [TEST_STEP][PASSED] - verifyElementPropertyValue(getResponse, "groups[0].pricingPlans[2].visualElements[0].key", "Header_1_text"): Verify element property value successfully

2023-10-16 14:14:05 - [MESSAGE][PASSED] - Verify element property value successfully

2023-10-16 14:14:05 - [TEST_STEP][PASSED] - verifyElementPropertyValue(getResponse, "groups[0].pricingPlans[2].visualElements[0].value", "Abonnez-vous dès maintenant et profitez de vos programmes sans publicité"): Verify element property value successfully

2023-10-16 14:14:05 - [MESSAGE][PASSED] - Verify element property value successfully

2023-10-16 14:14:05 - [TEST_STEP][PASSED] - verifyElementPropertyValue(getResponse, "groups[0].pricingPlans[2].visualElements[1].key", "display_title"): Verify element property value successfully

2023-10-16 14:14:05 - [MESSAGE][PASSED] - Verify element property value successfully

2023-10-16 14:14:05 - [TEST_STEP][FAILED] - verifyElementPropertyValue(getResponse, "groups[0].pricingPlans[2].visualElements[1].value", "Plan Annuel "): Expected element property value 'Plan Annuel ' is not equal with actual property value 'Plan Annuel ​'

2023-10-16 14:14:05 - [MESSAGE][FAILED] - Expected element property value 'Plan Annuel ' is not equal with actual property value 'Plan Annuel ​'

2023-10-16 14:14:05 - [TEST_STEP][PASSED] - verifyElementPropertyValue(getResponse, "groups[0].pricingPlans[2].visualElements[2].key", "tag_text"): Verify element property value successfully

2023-10-16 14:14:05 - [MESSAGE][PASSED] - Verify element property value successfully

2023-10-16 14:14:05 - [TEST_STEP][PASSED] - verifyElementPropertyValue(getResponse, "groups[0].pricingPlans[2].visualElements[2].value", "Économisez 15%"): Verify element property value successfully

2023-10-16 14:14:05 - [MESSAGE][PASSED] - Verify element property value successfully

2023-10-16 14:14:05 - [TEST_STEP][PASSED] - verifyElementPropertyValue(getResponse, "groups[0].pricingPlans[2].visualElements[3].key", "promo_text"): Verify element property value successfully

2023-10-16 14:14:05 - [MESSAGE][PASSED] - Verify element property value successfully

2023-10-16 14:14:05 - [TEST_STEP][PASSED] - verifyElementPropertyValue(getResponse, "groups[0].pricingPlans[2].visualElements[3].value", "6.82 BHD / mois"): Verify element property value successfully

2023-10-16 14:14:05 - [MESSAGE][PASSED] - Verify element property value successfully

2023-10-16 14:14:05 - [TEST_STEP][PASSED] - verifyElementPropertyValue(getResponse, "groups[0].pricingPlans[2].visualElements[4].key", "deduction_text"): Verify element property value successfully

2023-10-16 14:14:05 - [MESSAGE][PASSED] - Verify element property value successfully

2023-10-16 14:14:05 - [TEST_STEP][PASSED] - verifyElementPropertyValue(getResponse, "groups[0].pricingPlans[2].visualElements[4].value", "81.89 BHD facturés chaque année"): Verify element property value successfully

2023-10-16 14:14:05 - [MESSAGE][PASSED] - Verify element property value successfully

2023-10-16 14:14:05 - [TEST_STEP][PASSED] - verifyElementPropertyValue(getResponse, "groups[0].pricingPlans[2].visualElements[7].key", "show_payment_logo"): Verify element property value successfully

2023-10-16 14:14:05 - [MESSAGE][PASSED] - Verify element property value successfully

2023-10-16 14:14:05 - [TEST_STEP][PASSED] - verifyElementPropertyValue(getResponse, "groups[0].pricingPlans[2].visualElements[7].value", "true"): Verify element property value successfully

2023-10-16 14:14:05 - [MESSAGE][PASSED] - Verify element property value successfully

2023-10-16 14:14:05 - [TEST_STEP][PASSED] - verifyElementPropertyValue(getResponse, "groups[0].pricingPlans[2].visualElements[8].key", "show_tag"): Verify element property value successfully

2023-10-16 14:14:05 - [MESSAGE][PASSED] - Verify element property value successfully

2023-10-16 14:14:05 - [TEST_STEP][PASSED] - verifyElementPropertyValue(getResponse, "groups[0].pricingPlans[2].visualElements[8].value", "true"): Verify element property value successfully

2023-10-16 14:14:05 - [MESSAGE][PASSED] - Verify element property value successfully

2023-10-16 14:14:05 - [TEST_STEP][PASSED] - verifyElementPropertyValue(getResponse, "groups[0].pricingPlans[2].visualElements[10].key", "price"): Verify element property value successfully

2023-10-16 14:14:05 - [MESSAGE][PASSED] - Verify element property value successfully

2023-10-16 14:14:05 - [TEST_STEP][PASSED] - verifyElementPropertyValue(getResponse, "groups[0].pricingPlans[2].visualElements[10].value", "81.89"): Verify element property value successfully

2023-10-16 14:14:05 - [MESSAGE][PASSED] - Verify element property value successfully

2023-10-16 14:14:05 - [TEST_STEP][PASSED] - verifyElementPropertyValue(getResponse, "groups[0].pricingPlans[2].visualElements[11].key", "currency"): Verify element property value successfully

2023-10-16 14:14:05 - [MESSAGE][PASSED] - Verify element property value successfully

2023-10-16 14:14:05 - [TEST_STEP][PASSED] - verifyElementPropertyValue(getResponse, "groups[0].pricingPlans[2].visualElements[11].value", "BHD"): Verify element property value successfully

2023-10-16 14:14:05 - [MESSAGE][PASSED] - Verify element property value successfully

2023-10-16 14:14:05 - [TEST_STEP][PASSED] - verifyElementPropertyValue(getResponse, "groups[0].pricingPlans[2].visualElements[12].key", "duration"): Verify element property value successfully

2023-10-16 14:14:05 - [MESSAGE][PASSED] - Verify element property value successfully

2023-10-16 14:14:05 - [TEST_STEP][PASSED] - verifyElementPropertyValue(getResponse, "groups[0].pricingPlans[2].visualElements[12].value", "Annuel"): Verify element property value successfully

2023-10-16 14:14:05 - [MESSAGE][PASSED] - Verify element property value successfully

2023-10-16 14:14:05 - [TEST_STEP][PASSED] - verifyElementPropertyValue(getResponse, "groups[0].pricingPlans[2].order", "11"): Verify element property value successfully

2023-10-16 14:14:05 - [MESSAGE][PASSED] - Verify element property value successfully

2023-10-16 14:14:05 - [TEST_STEP][PASSED] - verifyElementPropertyValue(getResponse, "groups[0].pricingPlans[2].period", "yearly"): Verify element property value successfully

2023-10-16 14:14:05 - [MESSAGE][PASSED] - Verify element property value successfully

2023-10-16 14:14:05 - [TEST_STEP][PASSED] - verifyElementPropertyValue(getResponse, "groups[0].pricingPlans[2].price", "81.89"): Verify element property value successfully

2023-10-16 14:14:05 - [MESSAGE][PASSED] - Verify element property value successfully

2023-10-16 14:14:05 - [TEST_STEP][PASSED] - verifyElementPropertyValue(getResponse, "groups[0].pricingPlans[2].currency", "BHD"): Verify element property value successfully

2023-10-16 14:14:05 - [MESSAGE][PASSED] - Verify element property value successfully

2023-10-16 14:14:05 - [TEST_STEP][PASSED] - verifyElementPropertyValue(getResponse, "groups[0].pricingPlans[2].pricingPlanData[0].productId", "BHR_B2C_SHAHID_VIP_GEA_SPORT_12M"): Verify element property value successfully

2023-10-16 14:14:05 - [MESSAGE][PASSED] - Verify element property value successfully

2023-10-16 14:14:05 - [TEST_STEP][PASSED] - verifyElementPropertyValue(getResponse, "groups[0].pricingPlans[2].pricingPlanData[0].subPricingPlanIds", "null"): Verify element property value successfully

2023-10-16 14:14:05 - [MESSAGE][PASSED] - Verify element property value successfully

2023-10-16 14:14:05 - [TEST_STEP][PASSED] - verifyElementPropertyValue(getResponse, "groups[0].pricingPlans[2].pricingPlanData[0].paymentMethod", "CREDIT_CARD"): Verify element property value successfully

2023-10-16 14:14:05 - [MESSAGE][PASSED] - Verify element property value successfully

2023-10-16 14:14:05 - [TEST_STEP][PASSED] - verifyElementPropertyValue(getResponse, "groups[0].pricingPlans[2].pricingPlanData[0].freeTrialEnabled", "false"): Verify element property value successfully

2023-10-16 14:14:05 - [MESSAGE][PASSED] - Verify element property value successfully

2023-10-16 14:14:05 - [TEST_STEP][PASSED] - verifyElementPropertyValue(getResponse, "groups[0].pricingPlans[2].pricingPlanData[0].visualElements[0].key", "title"): Verify element property value successfully

2023-10-16 14:14:05 - [MESSAGE][PASSED] - Verify element property value successfully

2023-10-16 14:14:05 - [TEST_STEP][PASSED] - verifyElementPropertyValue(getResponse, "groups[0].pricingPlans[2].pricingPlanData[0].visualElements[0].value", "Carte de crédit/débit"): Verify element property value successfully

2023-10-16 14:14:05 - [MESSAGE][PASSED] - Verify element property value successfully

2023-10-16 14:14:05 - [TEST_STEP][PASSED] - verifyElementPropertyValue(getResponse, "groups[0].pricingPlans[2].pricingPlanData[0].visualElements[1].key", "CTA_text"): Verify element property value successfully

2023-10-16 14:14:05 - [MESSAGE][PASSED] - Verify element property value successfully

2023-10-16 14:14:05 - [TEST_STEP][PASSED] - verifyElementPropertyValue(getResponse, "groups[0].pricingPlans[2].pricingPlanData[0].visualElements[1].value", "S'abonner"): Verify element property value successfully

2023-10-16 14:14:05 - [MESSAGE][PASSED] - Verify element property value successfully

2023-10-16 14:14:05 - [TEST_STEP][PASSED] - verifyElementPropertyValue(getResponse, "groups[0].pricingPlans[2].pricingPlanData[0].visualElements[2].key", "logo"): Verify element property value successfully

2023-10-16 14:14:05 - [MESSAGE][PASSED] - Verify element property value successfully

2023-10-16 14:14:05 - [TEST_STEP][PASSED] - verifyElementPropertyValue(getResponse, "groups[0].pricingPlans[2].pricingPlanData[0].visualElements[2].value", "https://static.s3.shahid.mbc.net/widget-images/icons/iconCreditCard.png"): Verify element property value successfully

2023-10-16 14:14:05 - [MESSAGE][PASSED] - Verify element property value successfully

2023-10-16 14:14:05 - [TEST_STEP][PASSED] - verifyElementPropertyValue(getResponse, "groups[0].pricingPlans[2].pricingPlanData[0].priceLabel", "81.89"): Verify element property value successfully

2023-10-16 14:14:05 - [MESSAGE][PASSED] - Verify element property value successfully

2023-10-16 14:14:05 - [TEST_STEP][PASSED] - verifyElementPropertyValue(getResponse, "groups[0].pricingPlans[2].pricingPlanData[0].currencyLabel", "BHD"): Verify element property value successfully

2023-10-16 14:14:05 - [MESSAGE][PASSED] - Verify element property value successfully

2023-10-16 14:14:05 - [TEST_STEP][PASSED] - verifyElementPropertyValue(getResponse, "groups[0].pricingPlans[2].pricingPlanData[0].allowedForAcquisition", "true"): Verify element property value successfully

2023-10-16 14:14:06 - [MESSAGE][PASSED] - Verify element property value successfully

2023-10-16 14:14:06 - [TEST_STEP][PASSED] - verifyElementPropertyValue(getResponse, "groups[0].pricingPlans[2].pricingPlanData[0].showIn[0]", "VERTICAL_MODE"): Verify element property value successfully

2023-10-16 14:14:06 - [MESSAGE][PASSED] - Verify element property value successfully

2023-10-16 14:14:06 - [TEST_STEP][PASSED] - verifyElementPropertyValue(getResponse, "groups[0].pricingPlans[2].pricingPlanData[0].showIn[1]", "HORIZONTAL_MODE"): Verify element property value successfully

2023-10-16 14:14:06 - [MESSAGE][PASSED] - Verify element property value successfully

2023-10-16 14:14:06 - [TEST_STEP][PASSED] - verifyElementPropertyValue(getResponse, "visualElements[0].key", "main_CTA_text_1"): Verify element property value successfully

2023-10-16 14:14:06 - [MESSAGE][PASSED] - Verify element property value successfully

2023-10-16 14:14:06 - [TEST_STEP][PASSED] - verifyElementPropertyValue(getResponse, "visualElements[0].value", "Abonnez-vous dès maintenant et profitez de vos programmes sans publicité"): Verify element property value successfully

2023-10-16 14:14:06 - [MESSAGE][PASSED] - Verify element property value successfully

2023-10-16 14:14:06 - [TEST_STEP][PASSED] - verifyElementPropertyValue(getResponse, "visualElements[2].key", "main_disclaimer_text"): Verify element property value successfully

2023-10-16 14:14:06 - [MESSAGE][PASSED] - Verify element property value successfully

2023-10-16 14:14:06 - [TEST_STEP][PASSED] - verifyElementPropertyValue(getResponse, "visualElements[2].value", "Les frais d'abonnement peuvent varier selon le pays, le moyen de paiement, le forfait, les taxes, les taux de change et les frais bancaires. Les conditions générales d'utilisation s'appliquent."): Verify element property value successfully

2023-10-16 14:14:06 - [MESSAGE][PASSED] - Verify element property value successfully

2023-10-16 14:14:06 - [TEST_STEP][PASSED] - verifyElementPropertyValue(getResponse, "visualElements[4].key", "display_type"): Verify element property value successfully

2023-10-16 14:14:06 - [MESSAGE][PASSED] - Verify element property value successfully

2023-10-16 14:14:06 - [TEST_STEP][PASSED] - verifyElementPropertyValue(getResponse, "visualElements[4].value", "vertical"): Verify element property value successfully

2023-10-16 14:14:06 - [MESSAGE][PASSED] - Verify element property value successfully

2023-10-16 14:14:06 - [TEST_STEP][PASSED] - verifyElementPropertyValue(getResponse, "pages[0].visualElements[0].key", "alternative_payment_title"): Verify element property value successfully

2023-10-16 14:14:06 - [MESSAGE][PASSED] - Verify element property value successfully

2023-10-16 14:14:06 - [TEST_STEP][PASSED] - verifyElementPropertyValue(getResponse, "pages[0].visualElements[0].value", "Ou choisissez l'un des autres moyens de paiement suivants"): Verify element property value successfully

2023-10-16 14:14:06 - [MESSAGE][PASSED] - Verify element property value successfully

2023-10-16 14:14:06 - [TEST_STEP][PASSED] - verifyElementPropertyValue(getResponse, "pages[0].visualElements[1].key", "label_text"): Verify element property value successfully

2023-10-16 14:14:06 - [MESSAGE][PASSED] - Verify element property value successfully

2023-10-16 14:14:06 - [TEST_STEP][PASSED] - verifyElementPropertyValue(getResponse, "pages[0].visualElements[1].value", "Autres moyens de paiement"): Verify element property value successfully

2023-10-16 14:14:06 - [MESSAGE][PASSED] - Verify element property value successfully

2023-10-16 14:14:06 - [TEST_STEP][PASSED] - verifyElementPropertyValue(getResponse, "pages[0].visualElements[3].key", "CTA_text"): Verify element property value successfully

2023-10-16 14:14:06 - [MESSAGE][PASSED] - Verify element property value successfully

2023-10-16 14:14:06 - [TEST_STEP][PASSED] - verifyElementPropertyValue(getResponse, "pages[0].visualElements[3].value", "Cliquez ici"): Verify element property value successfully

2023-10-16 14:14:06 - [MESSAGE][PASSED] - Verify element property value successfully

2023-10-16 14:14:06 - [TEST_STEP][PASSED] - verifyElementPropertyValue(getResponse, "pages[0].visualElements[4].key", "main_title"): Verify element property value successfully

2023-10-16 14:14:06 - [MESSAGE][PASSED] - Verify element property value successfully

2023-10-16 14:14:06 - [TEST_STEP][PASSED] - verifyElementPropertyValue(getResponse, "pages[0].visualElements[4].value", "Autres moyens de paiement"): Verify element property value successfully

2023-10-16 14:14:06 - [MESSAGE][PASSED] - Verify element property value successfully

2023-10-16 14:14:06 - [TEST_STEP][PASSED] - verifyElementPropertyValue(getResponse, "pages[0].visualElements[6].key", "alternative_payment_methods"): Verify element property value successfully

2023-10-16 14:14:06 - [MESSAGE][PASSED] - Verify element property value successfully

2023-10-16 14:14:06 - [TEST_STEP][PASSED] - verifyElementPropertyValue(getResponse, "pages[0].visualElements[6].value", "Vous pouvez vous procurer un code promo Shahid auprès de l'un des points de vente suivants"): Verify element property value successfully

2023-10-16 14:14:06 - [MESSAGE][PASSED] - Verify element property value successfully

2023-10-16 14:14:06 - [TEST_STEP][PASSED] - verifyElementPropertyValue(getResponse, "partners[0].name", "Sadad"): Verify element property value successfully

2023-10-16 14:14:06 - [MESSAGE][PASSED] - Verify element property value successfully

2023-10-16 14:14:06 - [TEST_STEP][PASSED] - verifyElementPropertyValue(getResponse, "partners[0].link", "https://sadadbahrain.com/app/"): Verify element property value successfully

2023-10-16 14:14:06 - [MESSAGE][PASSED] - Verify element property value successfully

2023-10-16 14:14:06 - [TEST_STEP][PASSED] - verifyElementPropertyValue(getResponse, "partners[0].logo", "https://static.s3.shahid.mbc.net/widget-images/logos/sadad@2x.png"): Verify element property value successfully

2023-10-16 14:14:06 - [MESSAGE][PASSED] - Verify element property value successfully

2023-10-16 14:14:06 - [TEST_STEP][PASSED] - verifyElementPropertyValue(getResponse, "partners[0].visible", "true"): Verify element property value successfully

2023-10-16 14:14:06 - [MESSAGE][PASSED] - Verify element property value successfully

2023-10-16 14:14:06 - [TEST_STEP][PASSED] - verifyElementPropertyValue(getResponse, "partners[0].visualElements[0].key", "text"): Verify element property value successfully

2023-10-16 14:14:06 - [MESSAGE][PASSED] - Verify element property value successfully

2023-10-16 14:14:06 - [TEST_STEP][PASSED] - verifyElementPropertyValue(getResponse, "partners[0].visualElements[0].value", "Plus d’informations"): Verify element property value successfully

2023-10-16 14:14:06 - [MESSAGE][PASSED] - Verify element property value successfully

2023-10-16 14:14:06 - [TEST_STEP][PASSED] - verifyElementPropertyValue(getResponse, "partners[1].name", "Like Card"): Verify element property value successfully

2023-10-16 14:14:06 - [MESSAGE][PASSED] - Verify element property value successfully

2023-10-16 14:14:06 - [TEST_STEP][PASSED] - verifyElementPropertyValue(getResponse, "partners[1].link", "https://like4card.com/All-Shahid_VIP"): Verify element property value successfully

2023-10-16 14:14:06 - [MESSAGE][PASSED] - Verify element property value successfully

2023-10-16 14:14:06 - [TEST_STEP][PASSED] - verifyElementPropertyValue(getResponse, "partners[1].logo", "https://static.s3.shahid.mbc.net/widget-images/logos/likecard@2x.png"): Verify element property value successfully

2023-10-16 14:14:06 - [MESSAGE][PASSED] - Verify element property value successfully

2023-10-16 14:14:06 - [TEST_STEP][PASSED] - verifyElementPropertyValue(getResponse, "partners[1].visible", "true"): Verify element property value successfully

2023-10-16 14:14:06 - [MESSAGE][PASSED] - Verify element property value successfully

2023-10-16 14:14:06 - [TEST_STEP][PASSED] - verifyElementPropertyValue(getResponse, "partners[1].visualElements[0].key", "text"): Verify element property value successfully

2023-10-16 14:14:06 - [MESSAGE][PASSED] - Verify element property value successfully

2023-10-16 14:14:06 - [TEST_STEP][PASSED] - verifyElementPropertyValue(getResponse, "partners[1].visualElements[0].value", "Plus d’informations"): Verify element property value successfully

2023-10-16 14:14:06 - [MESSAGE][PASSED] - Verify element property value successfully

2023-10-16 14:14:06 - [TEST_STEP][PASSED] - verifyElementPropertyValue(getResponse, "partners[2].name", "You Got a Gift"): Verify element property value successfully

2023-10-16 14:14:06 - [MESSAGE][PASSED] - Verify element property value successfully

2023-10-16 14:14:06 - [TEST_STEP][PASSED] - verifyElementPropertyValue(getResponse, "partners[2].link", "https://yougotagift.com/bahrain/gift-card/shahid-vip-gift-card-bh/"): Verify element property value successfully

2023-10-16 14:14:06 - [MESSAGE][PASSED] - Verify element property value successfully

2023-10-16 14:14:06 - [TEST_STEP][PASSED] - verifyElementPropertyValue(getResponse, "partners[2].logo", "https://shahid-static.s3.us-east-1.amazonaws.com/widget-images/logos/you-gota-gift.svg"): Verify element property value successfully

2023-10-16 14:14:06 - [MESSAGE][PASSED] - Verify element property value successfully

2023-10-16 14:14:06 - [TEST_STEP][PASSED] - verifyElementPropertyValue(getResponse, "partners[2].visible", "true"): Verify element property value successfully

2023-10-16 14:14:06 - [MESSAGE][PASSED] - Verify element property value successfully

2023-10-16 14:14:06 - [TEST_STEP][PASSED] - verifyElementPropertyValue(getResponse, "partners[2].visualElements[0].key", "text"): Verify element property value successfully

2023-10-16 14:14:06 - [MESSAGE][PASSED] - Verify element property value successfully

2023-10-16 14:14:06 - [TEST_STEP][PASSED] - verifyElementPropertyValue(getResponse, "partners[2].visualElements[0].value", "Plus d’informations"): Verify element property value successfully

2023-10-16 14:14:06 - [MESSAGE][PASSED] - Verify element property value successfully

2023-10-16 14:14:06 - [TEST_STEP][PASSED] - verifyElementPropertyValue(getResponse, "partners[3].name", "Razer Online"): Verify element property value successfully

2023-10-16 14:14:06 - [MESSAGE][PASSED] - Verify element property value successfully

2023-10-16 14:14:06 - [TEST_STEP][PASSED] - verifyElementPropertyValue(getResponse, "partners[3].link", "https://gold.razer.com/global/en/gold/catalog/shahid-vip"): Verify element property value successfully

2023-10-16 14:14:06 - [MESSAGE][PASSED] - Verify element property value successfully

2023-10-16 14:14:06 - [TEST_STEP][PASSED] - verifyElementPropertyValue(getResponse, "partners[3].logo", "https://shahid-static.s3.amazonaws.com/widget-images/logos/Coin_RZR%20Gold_Black.png"): Verify element property value successfully

2023-10-16 14:14:06 - [MESSAGE][PASSED] - Verify element property value successfully

2023-10-16 14:14:06 - [TEST_STEP][PASSED] - verifyElementPropertyValue(getResponse, "partners[3].visible", "true"): Verify element property value successfully

2023-10-16 14:14:06 - [MESSAGE][PASSED] - Verify element property value successfully

2023-10-16 14:14:06 - [TEST_STEP][PASSED] - verifyElementPropertyValue(getResponse, "partners[3].visualElements[0].key", "text"): Verify element property value successfully

2023-10-16 14:14:06 - [MESSAGE][PASSED] - Verify element property value successfully

2023-10-16 14:14:06 - [TEST_STEP][PASSED] - verifyElementPropertyValue(getResponse, "partners[3].visualElements[0].value", "Plus d’informations"): Verify element property value successfully

2023-10-16 14:14:06 - [MESSAGE][PASSED] - Verify element property value successfully

2023-10-16 14:14:06 - [TEST_STEP][PASSED] - verifyElementPropertyValue(getResponse, "defaultPackageId", "SHAHID_VIP"): Verify element property value successfully

2023-10-16 14:14:06 - [MESSAGE][PASSED] - Verify element property value successfully]]></system-out>
         <system-err><![CDATA[2023-10-16 14:14:04 - [TEST_CASE][FAILED] - Test Cases/WEB - CHROME/BHR PI/WEB_FR_getSubscriptionConfigForBHR_Ultimate: Test Cases/WEB - CHROME/BHR PI/WEB_FR_getSubscriptionConfigForBHR_Ultimate FAILED.
Reason:
com.kms.katalon.core.exception.StepFailedException: Expected element property value 'Plan Annuel ' is not equal with actual property value 'Plan Annuel ​'
	at com.kms.katalon.core.keyword.internal.KeywordMain.stepFailed(KeywordMain.groovy:39)
	at com.kms.katalon.core.webservice.keyword.builtin.VerifyElementPropertyValueKeyword$_verifyElementPropertyValue_closure1.doCall(VerifyElementPropertyValueKeyword.groovy:56)
	at com.kms.katalon.core.webservice.keyword.builtin.VerifyElementPropertyValueKeyword$_verifyElementPropertyValue_closure1.call(VerifyElementPropertyValueKeyword.groovy)
	at com.kms.katalon.core.keyword.internal.KeywordMain.runKeyword(KeywordMain.groovy:75)
	at com.kms.katalon.core.webservice.keyword.builtin.VerifyElementPropertyValueKeyword.verifyElementPropertyValue(VerifyElementPropertyValueKeyword.groovy:48)
	at com.kms.katalon.core.webservice.keyword.builtin.VerifyElementPropertyValueKeyword.execute(VerifyElementPropertyValueKeyword.groovy:43)
	at com.kms.katalon.core.keyword.internal.KeywordExecutor.executeKeywordForPlatform(KeywordExecutor.groovy:74)
	at com.kms.katalon.core.webservice.keyword.WSBuiltInKeywords.verifyElementPropertyValue(WSBuiltInKeywords.groovy:190)
	at com.kms.katalon.core.webservice.keyword.WSBuiltInKeywords$verifyElementPropertyValue$1.call(Unknown Source)
	at WEB_FR_getSubscriptionConfigForBHR_Ultimate.run(WEB_FR_getSubscriptionConfigForBHR_Ultimate:102)
	at com.kms.katalon.core.main.ScriptEngine.run(ScriptEngine.java:194)
	at com.kms.katalon.core.main.ScriptEngine.runScriptAsRawText(ScriptEngine.java:119)
	at com.kms.katalon.core.main.TestCaseExecutor.runScript(TestCaseExecutor.java:448)
	at com.kms.katalon.core.main.TestCaseExecutor.doExecute(TestCaseExecutor.java:439)
	at com.kms.katalon.core.main.TestCaseExecutor.processExecutionPhase(TestCaseExecutor.java:418)
	at com.kms.katalon.core.main.TestCaseExecutor.accessMainPhase(TestCaseExecutor.java:410)
	at com.kms.katalon.core.main.TestCaseExecutor.execute(TestCaseExecutor.java:285)
	at com.kms.katalon.core.common.CommonExecutor.accessTestCaseMainPhase(CommonExecutor.java:65)
	at com.kms.katalon.core.main.TestSuiteExecutor.accessTestSuiteMainPhase(TestSuiteExecutor.java:148)
	at com.kms.katalon.core.main.TestSuiteExecutor.execute(TestSuiteExecutor.java:106)
	at com.kms.katalon.core.main.TestCaseMain.startTestSuite(TestCaseMain.java:187)
	at com.kms.katalon.core.main.TestCaseMain$startTestSuite$0.call(Unknown Source)
	at TempTestSuite1697454209021.run(TempTestSuite1697454209021.groovy:36)]]></system-err>
      </testcase>
      <testcase name="Test Cases/WEB - CHROME/BHR PI/WEB_EN_getSubscriptionConfigForBHR_SPORT" time="2.148" classname="Test Cases/WEB - CHROME/BHR PI/WEB_EN_getSubscriptionConfigForBHR_SPORT" status="FAILED">
         <failure type="FAILED" message="Test Cases/WEB - CHROME/BHR PI/WEB_EN_getSubscriptionConfigForBHR_SPORT FAILED.
Reason:
com.kms.katalon.core.exception.StepFailedException: Expected element property value 'Other Payment Methods' is not equal with actual property value 'Other payment methods'
	at com.kms.katalon.core.keyword.internal.KeywordMain.stepFailed(KeywordMain.groovy:39)
	at com.kms.katalon.core.webservice.keyword.builtin.VerifyElementPropertyValueKeyword$_verifyElementPropertyValue_closure1.doCall(VerifyElementPropertyValueKeyword.groovy:56)
	at com.kms.katalon.core.webservice.keyword.builtin.VerifyElementPropertyValueKeyword$_verifyElementPropertyValue_closure1.call(VerifyElementPropertyValueKeyword.groovy)
	at com.kms.katalon.core.keyword.internal.KeywordMain.runKeyword(KeywordMain.groovy:75)
	at com.kms.katalon.core.webservice.keyword.builtin.VerifyElementPropertyValueKeyword.verifyElementPropertyValue(VerifyElementPropertyValueKeyword.groovy:48)
	at com.kms.katalon.core.webservice.keyword.builtin.VerifyElementPropertyValueKeyword.execute(VerifyElementPropertyValueKeyword.groovy:43)
	at com.kms.katalon.core.keyword.internal.KeywordExecutor.executeKeywordForPlatform(KeywordExecutor.groovy:74)
	at com.kms.katalon.core.webservice.keyword.WSBuiltInKeywords.verifyElementPropertyValue(WSBuiltInKeywords.groovy:190)
	at com.kms.katalon.core.webservice.keyword.WSBuiltInKeywords$verifyElementPropertyValue$1.call(Unknown Source)
	at WEB_EN_getSubscriptionConfigForBHR_SPORT.run(WEB_EN_getSubscriptionConfigForBHR_SPORT:152)
	at com.kms.katalon.core.main.ScriptEngine.run(ScriptEngine.java:194)
	at com.kms.katalon.core.main.ScriptEngine.runScriptAsRawText(ScriptEngine.java:119)
	at com.kms.katalon.core.main.TestCaseExecutor.runScript(TestCaseExecutor.java:448)
	at com.kms.katalon.core.main.TestCaseExecutor.doExecute(TestCaseExecutor.java:439)
	at com.kms.katalon.core.main.TestCaseExecutor.processExecutionPhase(TestCaseExecutor.java:418)
	at com.kms.katalon.core.main.TestCaseExecutor.accessMainPhase(TestCaseExecutor.java:410)
	at com.kms.katalon.core.main.TestCaseExecutor.execute(TestCaseExecutor.java:285)
	at com.kms.katalon.core.common.CommonExecutor.accessTestCaseMainPhase(CommonExecutor.java:65)
	at com.kms.katalon.core.main.TestSuiteExecutor.accessTestSuiteMainPhase(TestSuiteExecutor.java:148)
	at com.kms.katalon.core.main.TestSuiteExecutor.execute(TestSuiteExecutor.java:106)
	at com.kms.katalon.core.main.TestCaseMain.startTestSuite(TestCaseMain.java:187)
	at com.kms.katalon.core.main.TestCaseMain$startTestSuite$0.call(Unknown Source)
	at TempTestSuite1697454209021.run(TempTestSuite1697454209021.groovy:36)
"/>
         <system-out><![CDATA[2023-10-16 14:14:06 - [TEST_CASE][FAILED] - Test Cases/WEB - CHROME/BHR PI/WEB_EN_getSubscriptionConfigForBHR_SPORT: Test Cases/WEB - CHROME/BHR PI/WEB_EN_getSubscriptionConfigForBHR_SPORT FAILED.
Reason:
com.kms.katalon.core.exception.StepFailedException: Expected element property value 'Other Payment Methods' is not equal with actual property value 'Other payment methods'
	at com.kms.katalon.core.keyword.internal.KeywordMain.stepFailed(KeywordMain.groovy:39)
	at com.kms.katalon.core.webservice.keyword.builtin.VerifyElementPropertyValueKeyword$_verifyElementPropertyValue_closure1.doCall(VerifyElementPropertyValueKeyword.groovy:56)
	at com.kms.katalon.core.webservice.keyword.builtin.VerifyElementPropertyValueKeyword$_verifyElementPropertyValue_closure1.call(VerifyElementPropertyValueKeyword.groovy)
	at com.kms.katalon.core.keyword.internal.KeywordMain.runKeyword(KeywordMain.groovy:75)
	at com.kms.katalon.core.webservice.keyword.builtin.VerifyElementPropertyValueKeyword.verifyElementPropertyValue(VerifyElementPropertyValueKeyword.groovy:48)
	at com.kms.katalon.core.webservice.keyword.builtin.VerifyElementPropertyValueKeyword.execute(VerifyElementPropertyValueKeyword.groovy:43)
	at com.kms.katalon.core.keyword.internal.KeywordExecutor.executeKeywordForPlatform(KeywordExecutor.groovy:74)
	at com.kms.katalon.core.webservice.keyword.WSBuiltInKeywords.verifyElementPropertyValue(WSBuiltInKeywords.groovy:190)
	at com.kms.katalon.core.webservice.keyword.WSBuiltInKeywords$verifyElementPropertyValue$1.call(Unknown Source)
	at WEB_EN_getSubscriptionConfigForBHR_SPORT.run(WEB_EN_getSubscriptionConfigForBHR_SPORT:152)
	at com.kms.katalon.core.main.ScriptEngine.run(ScriptEngine.java:194)
	at com.kms.katalon.core.main.ScriptEngine.runScriptAsRawText(ScriptEngine.java:119)
	at com.kms.katalon.core.main.TestCaseExecutor.runScript(TestCaseExecutor.java:448)
	at com.kms.katalon.core.main.TestCaseExecutor.doExecute(TestCaseExecutor.java:439)
	at com.kms.katalon.core.main.TestCaseExecutor.processExecutionPhase(TestCaseExecutor.java:418)
	at com.kms.katalon.core.main.TestCaseExecutor.accessMainPhase(TestCaseExecutor.java:410)
	at com.kms.katalon.core.main.TestCaseExecutor.execute(TestCaseExecutor.java:285)
	at com.kms.katalon.core.common.CommonExecutor.accessTestCaseMainPhase(CommonExecutor.java:65)
	at com.kms.katalon.core.main.TestSuiteExecutor.accessTestSuiteMainPhase(TestSuiteExecutor.java:148)
	at com.kms.katalon.core.main.TestSuiteExecutor.execute(TestSuiteExecutor.java:106)
	at com.kms.katalon.core.main.TestCaseMain.startTestSuite(TestCaseMain.java:187)
	at com.kms.katalon.core.main.TestCaseMain$startTestSuite$0.call(Unknown Source)
	at TempTestSuite1697454209021.run(TempTestSuite1697454209021.groovy:36)


2023-10-16 14:14:06 - [TEST_STEP][PASSED] - getResponse = config_files.getConfigFile.getConfig("WEB", "EN", "SHAHID_VIP_SPORT", "BH", "false"): config_files.getConfigFile.getConfig is PASSED

2023-10-16 14:14:07 - [MESSAGE][INFO] - HAR: /Users/admin/git/shahid-configuration/Reports/20231016_140310/WEB/BHR/20231016_140329/requests/main/3.har

2023-10-16 14:14:07 - [MESSAGE][PASSED] - Send request successfully

2023-10-16 14:14:07 - [MESSAGE][PASSED] - config_files.getConfigFile.getConfig is PASSED

2023-10-16 14:14:07 - [TEST_STEP][PASSED] - verifyResponseStatusCode(getResponse, 200): Verify response status code successfully

2023-10-16 14:14:07 - [MESSAGE][PASSED] - Verify response status code successfully

2023-10-16 14:14:07 - [TEST_STEP][PASSED] - verifyElementPropertyValue(getResponse, "country", "BHR"): Verify element property value successfully

2023-10-16 14:14:07 - [MESSAGE][PASSED] - Verify element property value successfully

2023-10-16 14:14:07 - [TEST_STEP][PASSED] - verifyElementPropertyValue(getResponse, "platform", "[WEB]"): Verify element property value successfully

2023-10-16 14:14:07 - [MESSAGE][PASSED] - Verify element property value successfully

2023-10-16 14:14:07 - [TEST_STEP][PASSED] - verifyElementPropertyValue(getResponse, "groups[0].pricingPlans[0].featured", "true"): Verify element property value successfully

2023-10-16 14:14:07 - [MESSAGE][PASSED] - Verify element property value successfully

2023-10-16 14:14:07 - [TEST_STEP][PASSED] - verifyElementPropertyValue(getResponse, "groups[0].pricingPlans[0].packageId", "SHAHID_VIP_SPORT"): Verify element property value successfully

2023-10-16 14:14:07 - [MESSAGE][PASSED] - Verify element property value successfully

2023-10-16 14:14:07 - [TEST_STEP][PASSED] - verifyElementPropertyValue(getResponse, "groups[0].pricingPlans[0].catalogId", "SPORT"): Verify element property value successfully

2023-10-16 14:14:07 - [MESSAGE][PASSED] - Verify element property value successfully

2023-10-16 14:14:07 - [TEST_STEP][PASSED] - verifyElementPropertyValue(getResponse, "groups[0].pricingPlans[0].visualElements[0].key", "Header_1_text"): Verify element property value successfully

2023-10-16 14:14:07 - [MESSAGE][PASSED] - Verify element property value successfully

2023-10-16 14:14:07 - [TEST_STEP][PASSED] - verifyElementPropertyValue(getResponse, "groups[0].pricingPlans[0].visualElements[0].value", "Watch the most powerful series and movies exclusively without stopping"): Verify element property value successfully

2023-10-16 14:14:07 - [MESSAGE][PASSED] - Verify element property value successfully

2023-10-16 14:14:07 - [TEST_STEP][PASSED] - verifyElementPropertyValue(getResponse, "groups[0].pricingPlans[0].visualElements[1].key", "display_title"): Verify element property value successfully

2023-10-16 14:14:07 - [MESSAGE][PASSED] - Verify element property value successfully

2023-10-16 14:14:07 - [TEST_STEP][PASSED] - verifyElementPropertyValue(getResponse, "groups[0].pricingPlans[0].visualElements[1].value", "Monthly Plan"): Verify element property value successfully

2023-10-16 14:14:07 - [MESSAGE][PASSED] - Verify element property value successfully

2023-10-16 14:14:07 - [TEST_STEP][PASSED] - verifyElementPropertyValue(getResponse, "groups[0].pricingPlans[0].visualElements[2].key", "promo_text"): Verify element property value successfully

2023-10-16 14:14:07 - [MESSAGE][PASSED] - Verify element property value successfully

2023-10-16 14:14:07 - [TEST_STEP][PASSED] - verifyElementPropertyValue(getResponse, "groups[0].pricingPlans[0].visualElements[2].value", "6.99 BHD / month"): Verify element property value successfully

2023-10-16 14:14:07 - [MESSAGE][PASSED] - Verify element property value successfully

2023-10-16 14:14:07 - [TEST_STEP][PASSED] - verifyElementPropertyValue(getResponse, "groups[0].pricingPlans[0].visualElements[3].key", "deduction_text"): Verify element property value successfully

2023-10-16 14:14:07 - [MESSAGE][PASSED] - Verify element property value successfully

2023-10-16 14:14:07 - [TEST_STEP][PASSED] - verifyElementPropertyValue(getResponse, "groups[0].pricingPlans[0].visualElements[3].value", "billed every month"): Verify element property value successfully

2023-10-16 14:14:07 - [MESSAGE][PASSED] - Verify element property value successfully

2023-10-16 14:14:07 - [TEST_STEP][PASSED] - verifyElementPropertyValue(getResponse, "groups[0].pricingPlans[0].visualElements[6].key", "show_payment_logo"): Verify element property value successfully

2023-10-16 14:14:07 - [MESSAGE][PASSED] - Verify element property value successfully

2023-10-16 14:14:07 - [TEST_STEP][PASSED] - verifyElementPropertyValue(getResponse, "groups[0].pricingPlans[0].visualElements[6].value", "true"): Verify element property value successfully

2023-10-16 14:14:07 - [MESSAGE][PASSED] - Verify element property value successfully

2023-10-16 14:14:07 - [TEST_STEP][PASSED] - verifyElementPropertyValue(getResponse, "groups[0].pricingPlans[0].visualElements[8].key", "price"): Verify element property value successfully

2023-10-16 14:14:07 - [MESSAGE][PASSED] - Verify element property value successfully

2023-10-16 14:14:07 - [TEST_STEP][PASSED] - verifyElementPropertyValue(getResponse, "groups[0].pricingPlans[0].visualElements[8].value", "6.99"): Verify element property value successfully

2023-10-16 14:14:07 - [MESSAGE][PASSED] - Verify element property value successfully

2023-10-16 14:14:07 - [TEST_STEP][PASSED] - verifyElementPropertyValue(getResponse, "groups[0].pricingPlans[0].visualElements[9].key", "currency"): Verify element property value successfully

2023-10-16 14:14:07 - [MESSAGE][PASSED] - Verify element property value successfully

2023-10-16 14:14:07 - [TEST_STEP][PASSED] - verifyElementPropertyValue(getResponse, "groups[0].pricingPlans[0].visualElements[9].value", "BHD"): Verify element property value successfully

2023-10-16 14:14:07 - [MESSAGE][PASSED] - Verify element property value successfully

2023-10-16 14:14:07 - [TEST_STEP][PASSED] - verifyElementPropertyValue(getResponse, "groups[0].pricingPlans[0].visualElements[10].key", "duration"): Verify element property value successfully

2023-10-16 14:14:07 - [MESSAGE][PASSED] - Verify element property value successfully

2023-10-16 14:14:07 - [TEST_STEP][PASSED] - verifyElementPropertyValue(getResponse, "groups[0].pricingPlans[0].visualElements[10].value", "Monthly"): Verify element property value successfully

2023-10-16 14:14:07 - [MESSAGE][PASSED] - Verify element property value successfully

2023-10-16 14:14:07 - [TEST_STEP][PASSED] - verifyElementPropertyValue(getResponse, "groups[0].pricingPlans[0].order", "3"): Verify element property value successfully

2023-10-16 14:14:07 - [MESSAGE][PASSED] - Verify element property value successfully

2023-10-16 14:14:07 - [TEST_STEP][PASSED] - verifyElementPropertyValue(getResponse, "groups[0].pricingPlans[0].period", "monthly"): Verify element property value successfully

2023-10-16 14:14:07 - [MESSAGE][PASSED] - Verify element property value successfully

2023-10-16 14:14:07 - [TEST_STEP][PASSED] - verifyElementPropertyValue(getResponse, "groups[0].pricingPlans[0].price", "6.99"): Verify element property value successfully

2023-10-16 14:14:07 - [MESSAGE][PASSED] - Verify element property value successfully

2023-10-16 14:14:07 - [TEST_STEP][PASSED] - verifyElementPropertyValue(getResponse, "groups[0].pricingPlans[0].currency", "BHD"): Verify element property value successfully

2023-10-16 14:14:07 - [MESSAGE][PASSED] - Verify element property value successfully

2023-10-16 14:14:07 - [TEST_STEP][PASSED] - verifyElementPropertyValue(getResponse, "groups[0].pricingPlans[0].pricingPlanData[0].productId", "BHR_B2C_SHAHID_VIP_SPORT_1M"): Verify element property value successfully

2023-10-16 14:14:07 - [MESSAGE][PASSED] - Verify element property value successfully

2023-10-16 14:14:07 - [TEST_STEP][PASSED] - verifyElementPropertyValue(getResponse, "groups[0].pricingPlans[0].pricingPlanData[0].subPricingPlanIds", "null"): Verify element property value successfully

2023-10-16 14:14:07 - [MESSAGE][PASSED] - Verify element property value successfully

2023-10-16 14:14:07 - [TEST_STEP][PASSED] - verifyElementPropertyValue(getResponse, "groups[0].pricingPlans[0].pricingPlanData[0].paymentMethod", "CREDIT_CARD"): Verify element property value successfully

2023-10-16 14:14:07 - [MESSAGE][PASSED] - Verify element property value successfully

2023-10-16 14:14:07 - [TEST_STEP][PASSED] - verifyElementPropertyValue(getResponse, "groups[0].pricingPlans[0].pricingPlanData[0].freeTrialEnabled", "false"): Verify element property value successfully

2023-10-16 14:14:07 - [MESSAGE][PASSED] - Verify element property value successfully

2023-10-16 14:14:07 - [TEST_STEP][PASSED] - verifyElementPropertyValue(getResponse, "groups[0].pricingPlans[0].pricingPlanData[0].visualElements[0].key", "title"): Verify element property value successfully

2023-10-16 14:14:07 - [MESSAGE][PASSED] - Verify element property value successfully

2023-10-16 14:14:07 - [TEST_STEP][PASSED] - verifyElementPropertyValue(getResponse, "groups[0].pricingPlans[0].pricingPlanData[0].visualElements[0].value", "Credit/Debit Card"): Verify element property value successfully

2023-10-16 14:14:07 - [MESSAGE][PASSED] - Verify element property value successfully

2023-10-16 14:14:07 - [TEST_STEP][PASSED] - verifyElementPropertyValue(getResponse, "groups[0].pricingPlans[0].pricingPlanData[0].visualElements[1].key", "CTA_text"): Verify element property value successfully

2023-10-16 14:14:07 - [MESSAGE][PASSED] - Verify element property value successfully

2023-10-16 14:14:07 - [TEST_STEP][PASSED] - verifyElementPropertyValue(getResponse, "groups[0].pricingPlans[0].pricingPlanData[0].visualElements[1].value", "Subscribe"): Verify element property value successfully

2023-10-16 14:14:07 - [MESSAGE][PASSED] - Verify element property value successfully

2023-10-16 14:14:07 - [TEST_STEP][PASSED] - verifyElementPropertyValue(getResponse, "groups[0].pricingPlans[0].pricingPlanData[0].visualElements[2].key", "logo"): Verify element property value successfully

2023-10-16 14:14:07 - [MESSAGE][PASSED] - Verify element property value successfully

2023-10-16 14:14:07 - [TEST_STEP][PASSED] - verifyElementPropertyValue(getResponse, "groups[0].pricingPlans[0].pricingPlanData[0].visualElements[2].value", "https://static.s3.shahid.mbc.net/widget-images/icons/iconCreditCard.png"): Verify element property value successfully

2023-10-16 14:14:07 - [MESSAGE][PASSED] - Verify element property value successfully

2023-10-16 14:14:07 - [TEST_STEP][PASSED] - verifyElementPropertyValue(getResponse, "groups[0].pricingPlans[0].pricingPlanData[0].priceLabel", "6.99"): Verify element property value successfully

2023-10-16 14:14:07 - [MESSAGE][PASSED] - Verify element property value successfully

2023-10-16 14:14:07 - [TEST_STEP][PASSED] - verifyElementPropertyValue(getResponse, "groups[0].pricingPlans[0].pricingPlanData[0].currencyLabel", "BHD"): Verify element property value successfully

2023-10-16 14:14:07 - [MESSAGE][PASSED] - Verify element property value successfully

2023-10-16 14:14:07 - [TEST_STEP][PASSED] - verifyElementPropertyValue(getResponse, "groups[0].pricingPlans[2].featured", "false"): Verify element property value successfully

2023-10-16 14:14:07 - [MESSAGE][PASSED] - Verify element property value successfully

2023-10-16 14:14:07 - [TEST_STEP][PASSED] - verifyElementPropertyValue(getResponse, "groups[0].pricingPlans[2].packageId", "SHAHID_VIP_SPORT"): Verify element property value successfully

2023-10-16 14:14:07 - [MESSAGE][PASSED] - Verify element property value successfully

2023-10-16 14:14:07 - [TEST_STEP][PASSED] - verifyElementPropertyValue(getResponse, "groups[0].pricingPlans[2].catalogId", "SPORT"): Verify element property value successfully

2023-10-16 14:14:07 - [MESSAGE][PASSED] - Verify element property value successfully

2023-10-16 14:14:07 - [TEST_STEP][PASSED] - verifyElementPropertyValue(getResponse, "groups[0].pricingPlans[2].visualElements[0].key", "Header_1_text"): Verify element property value successfully

2023-10-16 14:14:07 - [MESSAGE][PASSED] - Verify element property value successfully

2023-10-16 14:14:07 - [TEST_STEP][PASSED] - verifyElementPropertyValue(getResponse, "groups[0].pricingPlans[2].visualElements[0].value", "Watch the most powerful series and movies exclusively without stopping"): Verify element property value successfully

2023-10-16 14:14:07 - [MESSAGE][PASSED] - Verify element property value successfully

2023-10-16 14:14:07 - [TEST_STEP][PASSED] - verifyElementPropertyValue(getResponse, "groups[0].pricingPlans[2].visualElements[1].key", "display_title"): Verify element property value successfully

2023-10-16 14:14:07 - [MESSAGE][PASSED] - Verify element property value successfully

2023-10-16 14:14:07 - [TEST_STEP][PASSED] - verifyElementPropertyValue(getResponse, "groups[0].pricingPlans[2].visualElements[1].value", "Annual Plan"): Verify element property value successfully

2023-10-16 14:14:07 - [MESSAGE][PASSED] - Verify element property value successfully

2023-10-16 14:14:07 - [TEST_STEP][PASSED] - verifyElementPropertyValue(getResponse, "groups[0].pricingPlans[2].visualElements[2].key", "tag_text"): Verify element property value successfully

2023-10-16 14:14:07 - [MESSAGE][PASSED] - Verify element property value successfully

2023-10-16 14:14:07 - [TEST_STEP][PASSED] - verifyElementPropertyValue(getResponse, "groups[0].pricingPlans[2].visualElements[2].value", "Save 17%"): Verify element property value successfully

2023-10-16 14:14:07 - [MESSAGE][PASSED] - Verify element property value successfully

2023-10-16 14:14:07 - [TEST_STEP][PASSED] - verifyElementPropertyValue(getResponse, "groups[0].pricingPlans[2].visualElements[3].key", "promo_text"): Verify element property value successfully

2023-10-16 14:14:07 - [MESSAGE][PASSED] - Verify element property value successfully

2023-10-16 14:14:07 - [TEST_STEP][PASSED] - verifyElementPropertyValue(getResponse, "groups[0].pricingPlans[2].visualElements[3].value", "5.82 BHD/ month"): Verify element property value successfully

2023-10-16 14:14:07 - [MESSAGE][PASSED] - Verify element property value successfully

2023-10-16 14:14:07 - [TEST_STEP][PASSED] - verifyElementPropertyValue(getResponse, "groups[0].pricingPlans[2].visualElements[4].key", "deduction_text"): Verify element property value successfully

2023-10-16 14:14:07 - [MESSAGE][PASSED] - Verify element property value successfully

2023-10-16 14:14:07 - [TEST_STEP][PASSED] - verifyElementPropertyValue(getResponse, "groups[0].pricingPlans[2].visualElements[4].value", "69.89 BHD billed every year"): Verify element property value successfully

2023-10-16 14:14:07 - [MESSAGE][PASSED] - Verify element property value successfully

2023-10-16 14:14:07 - [TEST_STEP][PASSED] - verifyElementPropertyValue(getResponse, "groups[0].pricingPlans[2].visualElements[7].key", "show_payment_logo"): Verify element property value successfully

2023-10-16 14:14:07 - [MESSAGE][PASSED] - Verify element property value successfully

2023-10-16 14:14:07 - [TEST_STEP][PASSED] - verifyElementPropertyValue(getResponse, "groups[0].pricingPlans[2].visualElements[7].value", "true"): Verify element property value successfully

2023-10-16 14:14:07 - [MESSAGE][PASSED] - Verify element property value successfully

2023-10-16 14:14:07 - [TEST_STEP][PASSED] - verifyElementPropertyValue(getResponse, "groups[0].pricingPlans[2].visualElements[8].key", "show_tag"): Verify element property value successfully

2023-10-16 14:14:07 - [MESSAGE][PASSED] - Verify element property value successfully

2023-10-16 14:14:07 - [TEST_STEP][PASSED] - verifyElementPropertyValue(getResponse, "groups[0].pricingPlans[2].visualElements[8].value", "true"): Verify element property value successfully

2023-10-16 14:14:07 - [MESSAGE][PASSED] - Verify element property value successfully

2023-10-16 14:14:07 - [TEST_STEP][PASSED] - verifyElementPropertyValue(getResponse, "groups[0].pricingPlans[2].visualElements[10].key", "price"): Verify element property value successfully

2023-10-16 14:14:07 - [MESSAGE][PASSED] - Verify element property value successfully

2023-10-16 14:14:07 - [TEST_STEP][PASSED] - verifyElementPropertyValue(getResponse, "groups[0].pricingPlans[2].visualElements[10].value", "69.89"): Verify element property value successfully

2023-10-16 14:14:07 - [MESSAGE][PASSED] - Verify element property value successfully

2023-10-16 14:14:07 - [TEST_STEP][PASSED] - verifyElementPropertyValue(getResponse, "groups[0].pricingPlans[2].visualElements[11].key", "currency"): Verify element property value successfully

2023-10-16 14:14:07 - [MESSAGE][PASSED] - Verify element property value successfully

2023-10-16 14:14:07 - [TEST_STEP][PASSED] - verifyElementPropertyValue(getResponse, "groups[0].pricingPlans[2].visualElements[11].value", "BHD"): Verify element property value successfully

2023-10-16 14:14:08 - [MESSAGE][PASSED] - Verify element property value successfully

2023-10-16 14:14:08 - [TEST_STEP][PASSED] - verifyElementPropertyValue(getResponse, "groups[0].pricingPlans[2].visualElements[12].key", "duration"): Verify element property value successfully

2023-10-16 14:14:08 - [MESSAGE][PASSED] - Verify element property value successfully

2023-10-16 14:14:08 - [TEST_STEP][PASSED] - verifyElementPropertyValue(getResponse, "groups[0].pricingPlans[2].visualElements[12].value", "yearly"): Verify element property value successfully

2023-10-16 14:14:08 - [MESSAGE][PASSED] - Verify element property value successfully

2023-10-16 14:14:08 - [TEST_STEP][PASSED] - verifyElementPropertyValue(getResponse, "groups[0].pricingPlans[2].order", "5"): Verify element property value successfully

2023-10-16 14:14:08 - [MESSAGE][PASSED] - Verify element property value successfully

2023-10-16 14:14:08 - [TEST_STEP][PASSED] - verifyElementPropertyValue(getResponse, "groups[0].pricingPlans[2].period", "yearly"): Verify element property value successfully

2023-10-16 14:14:08 - [MESSAGE][PASSED] - Verify element property value successfully

2023-10-16 14:14:08 - [TEST_STEP][PASSED] - verifyElementPropertyValue(getResponse, "groups[0].pricingPlans[2].price", "69.89"): Verify element property value successfully

2023-10-16 14:14:08 - [MESSAGE][PASSED] - Verify element property value successfully

2023-10-16 14:14:08 - [TEST_STEP][PASSED] - verifyElementPropertyValue(getResponse, "groups[0].pricingPlans[2].currency", "BHD"): Verify element property value successfully

2023-10-16 14:14:08 - [MESSAGE][PASSED] - Verify element property value successfully

2023-10-16 14:14:08 - [TEST_STEP][PASSED] - verifyElementPropertyValue(getResponse, "groups[0].pricingPlans[2].pricingPlanData[0].productId", "BHR_B2C_SHAHID_VIP_SPORT_12M"): Verify element property value successfully

2023-10-16 14:14:08 - [MESSAGE][PASSED] - Verify element property value successfully

2023-10-16 14:14:08 - [TEST_STEP][PASSED] - verifyElementPropertyValue(getResponse, "groups[0].pricingPlans[2].pricingPlanData[0].subPricingPlanIds", "null"): Verify element property value successfully

2023-10-16 14:14:08 - [MESSAGE][PASSED] - Verify element property value successfully

2023-10-16 14:14:08 - [TEST_STEP][PASSED] - verifyElementPropertyValue(getResponse, "groups[0].pricingPlans[2].pricingPlanData[0].paymentMethod", "CREDIT_CARD"): Verify element property value successfully

2023-10-16 14:14:08 - [MESSAGE][PASSED] - Verify element property value successfully

2023-10-16 14:14:08 - [TEST_STEP][PASSED] - verifyElementPropertyValue(getResponse, "groups[0].pricingPlans[2].pricingPlanData[0].freeTrialEnabled", "false"): Verify element property value successfully

2023-10-16 14:14:08 - [MESSAGE][PASSED] - Verify element property value successfully

2023-10-16 14:14:08 - [TEST_STEP][PASSED] - verifyElementPropertyValue(getResponse, "groups[0].pricingPlans[2].pricingPlanData[0].visualElements[0].key", "title"): Verify element property value successfully

2023-10-16 14:14:08 - [MESSAGE][PASSED] - Verify element property value successfully

2023-10-16 14:14:08 - [TEST_STEP][PASSED] - verifyElementPropertyValue(getResponse, "groups[0].pricingPlans[2].pricingPlanData[0].visualElements[0].value", "Credit/Debit Card"): Verify element property value successfully

2023-10-16 14:14:08 - [MESSAGE][PASSED] - Verify element property value successfully

2023-10-16 14:14:08 - [TEST_STEP][PASSED] - verifyElementPropertyValue(getResponse, "groups[0].pricingPlans[2].pricingPlanData[0].visualElements[1].key", "CTA_text"): Verify element property value successfully

2023-10-16 14:14:08 - [MESSAGE][PASSED] - Verify element property value successfully

2023-10-16 14:14:08 - [TEST_STEP][PASSED] - verifyElementPropertyValue(getResponse, "groups[0].pricingPlans[2].pricingPlanData[0].visualElements[1].value", "Subscribe"): Verify element property value successfully

2023-10-16 14:14:08 - [MESSAGE][PASSED] - Verify element property value successfully

2023-10-16 14:14:08 - [TEST_STEP][PASSED] - verifyElementPropertyValue(getResponse, "groups[0].pricingPlans[2].pricingPlanData[0].visualElements[2].key", "logo"): Verify element property value successfully

2023-10-16 14:14:08 - [MESSAGE][PASSED] - Verify element property value successfully

2023-10-16 14:14:08 - [TEST_STEP][PASSED] - verifyElementPropertyValue(getResponse, "groups[0].pricingPlans[2].pricingPlanData[0].visualElements[2].value", "https://static.s3.shahid.mbc.net/widget-images/icons/iconCreditCard.png"): Verify element property value successfully

2023-10-16 14:14:08 - [MESSAGE][PASSED] - Verify element property value successfully

2023-10-16 14:14:08 - [TEST_STEP][PASSED] - verifyElementPropertyValue(getResponse, "groups[0].pricingPlans[2].pricingPlanData[0].priceLabel", "69.89"): Verify element property value successfully

2023-10-16 14:14:08 - [MESSAGE][PASSED] - Verify element property value successfully

2023-10-16 14:14:08 - [TEST_STEP][PASSED] - verifyElementPropertyValue(getResponse, "groups[0].pricingPlans[2].pricingPlanData[0].currencyLabel", "BHD"): Verify element property value successfully

2023-10-16 14:14:08 - [MESSAGE][PASSED] - Verify element property value successfully

2023-10-16 14:14:08 - [TEST_STEP][PASSED] - verifyElementPropertyValue(getResponse, "groups[0].pricingPlans[2].pricingPlanData[0].allowedForAcquisition", "true"): Verify element property value successfully

2023-10-16 14:14:08 - [MESSAGE][PASSED] - Verify element property value successfully

2023-10-16 14:14:08 - [TEST_STEP][PASSED] - verifyElementPropertyValue(getResponse, "groups[0].pricingPlans[2].pricingPlanData[0].showIn[0]", "VERTICAL_MODE"): Verify element property value successfully

2023-10-16 14:14:08 - [MESSAGE][PASSED] - Verify element property value successfully

2023-10-16 14:14:08 - [TEST_STEP][PASSED] - verifyElementPropertyValue(getResponse, "groups[0].pricingPlans[2].pricingPlanData[0].showIn[1]", "HORIZONTAL_MODE"): Verify element property value successfully

2023-10-16 14:14:08 - [MESSAGE][PASSED] - Verify element property value successfully

2023-10-16 14:14:08 - [TEST_STEP][PASSED] - verifyElementPropertyValue(getResponse, "visualElements[0].key", "main_CTA_text_1"): Verify element property value successfully

2023-10-16 14:14:08 - [MESSAGE][PASSED] - Verify element property value successfully

2023-10-16 14:14:08 - [TEST_STEP][PASSED] - verifyElementPropertyValue(getResponse, "visualElements[0].value", "Watch the most powerful series and movies exclusively without stopping"): Verify element property value successfully

2023-10-16 14:14:08 - [MESSAGE][PASSED] - Verify element property value successfully

2023-10-16 14:14:08 - [TEST_STEP][PASSED] - verifyElementPropertyValue(getResponse, "visualElements[2].key", "main_disclaimer_text"): Verify element property value successfully

2023-10-16 14:14:08 - [MESSAGE][PASSED] - Verify element property value successfully

2023-10-16 14:14:08 - [TEST_STEP][PASSED] - verifyElementPropertyValue(getResponse, "visualElements[2].value", "Subscription fees may vary depending on the country, payment method, subscription package, added tax, currency conversion factor, and bank fees. Terms and conditions apply."): Verify element property value successfully

2023-10-16 14:14:08 - [MESSAGE][PASSED] - Verify element property value successfully

2023-10-16 14:14:08 - [TEST_STEP][PASSED] - verifyElementPropertyValue(getResponse, "visualElements[4].key", "display_type"): Verify element property value successfully

2023-10-16 14:14:08 - [MESSAGE][PASSED] - Verify element property value successfully

2023-10-16 14:14:08 - [TEST_STEP][PASSED] - verifyElementPropertyValue(getResponse, "visualElements[4].value", "vertical"): Verify element property value successfully

2023-10-16 14:14:08 - [MESSAGE][PASSED] - Verify element property value successfully

2023-10-16 14:14:08 - [TEST_STEP][PASSED] - verifyElementPropertyValue(getResponse, "pages[0].visualElements[0].key", "alternative_payment_title"): Verify element property value successfully

2023-10-16 14:14:08 - [MESSAGE][PASSED] - Verify element property value successfully

2023-10-16 14:14:08 - [TEST_STEP][PASSED] - verifyElementPropertyValue(getResponse, "pages[0].visualElements[0].value", "Or choose one of the following alternative methods"): Verify element property value successfully

2023-10-16 14:14:08 - [MESSAGE][PASSED] - Verify element property value successfully

2023-10-16 14:14:08 - [TEST_STEP][PASSED] - verifyElementPropertyValue(getResponse, "pages[0].visualElements[1].key", "label_text"): Verify element property value successfully

2023-10-16 14:14:08 - [MESSAGE][PASSED] - Verify element property value successfully

2023-10-16 14:14:08 - [TEST_STEP][FAILED] - verifyElementPropertyValue(getResponse, "pages[0].visualElements[1].value", "Other Payment Methods"): Expected element property value 'Other Payment Methods' is not equal with actual property value 'Other payment methods'

2023-10-16 14:14:08 - [MESSAGE][FAILED] - Expected element property value 'Other Payment Methods' is not equal with actual property value 'Other payment methods'

2023-10-16 14:14:08 - [TEST_STEP][PASSED] - verifyElementPropertyValue(getResponse, "pages[0].visualElements[3].key", "CTA_text"): Verify element property value successfully

2023-10-16 14:14:08 - [MESSAGE][PASSED] - Verify element property value successfully

2023-10-16 14:14:08 - [TEST_STEP][PASSED] - verifyElementPropertyValue(getResponse, "pages[0].visualElements[3].value", "Click here"): Verify element property value successfully

2023-10-16 14:14:08 - [MESSAGE][PASSED] - Verify element property value successfully

2023-10-16 14:14:08 - [TEST_STEP][PASSED] - verifyElementPropertyValue(getResponse, "pages[0].visualElements[4].key", "main_title"): Verify element property value successfully

2023-10-16 14:14:08 - [MESSAGE][PASSED] - Verify element property value successfully

2023-10-16 14:14:08 - [TEST_STEP][PASSED] - verifyElementPropertyValue(getResponse, "pages[0].visualElements[4].value", "Other Payment Methods"): Verify element property value successfully

2023-10-16 14:14:08 - [MESSAGE][PASSED] - Verify element property value successfully

2023-10-16 14:14:08 - [TEST_STEP][PASSED] - verifyElementPropertyValue(getResponse, "pages[0].visualElements[6].key", "alternative_payment_methods"): Verify element property value successfully

2023-10-16 14:14:08 - [MESSAGE][PASSED] - Verify element property value successfully

2023-10-16 14:14:08 - [TEST_STEP][PASSED] - verifyElementPropertyValue(getResponse, "pages[0].visualElements[6].value", "You can get Shahid voucher from any of the following retailers"): Verify element property value successfully

2023-10-16 14:14:08 - [MESSAGE][PASSED] - Verify element property value successfully

2023-10-16 14:14:08 - [TEST_STEP][PASSED] - verifyElementPropertyValue(getResponse, "partners[0].name", "Sadad"): Verify element property value successfully

2023-10-16 14:14:08 - [MESSAGE][PASSED] - Verify element property value successfully

2023-10-16 14:14:08 - [TEST_STEP][PASSED] - verifyElementPropertyValue(getResponse, "partners[0].link", "https://sadadbahrain.com/app/"): Verify element property value successfully

2023-10-16 14:14:08 - [MESSAGE][PASSED] - Verify element property value successfully

2023-10-16 14:14:08 - [TEST_STEP][PASSED] - verifyElementPropertyValue(getResponse, "partners[0].logo", "https://static.s3.shahid.mbc.net/widget-images/logos/sadad@2x.png"): Verify element property value successfully

2023-10-16 14:14:08 - [MESSAGE][PASSED] - Verify element property value successfully

2023-10-16 14:14:08 - [TEST_STEP][PASSED] - verifyElementPropertyValue(getResponse, "partners[0].visible", "true"): Verify element property value successfully

2023-10-16 14:14:08 - [MESSAGE][PASSED] - Verify element property value successfully

2023-10-16 14:14:08 - [TEST_STEP][PASSED] - verifyElementPropertyValue(getResponse, "partners[0].visualElements[0].key", "text"): Verify element property value successfully

2023-10-16 14:14:08 - [MESSAGE][PASSED] - Verify element property value successfully

2023-10-16 14:14:08 - [TEST_STEP][PASSED] - verifyElementPropertyValue(getResponse, "partners[0].visualElements[0].value", "More Information"): Verify element property value successfully

2023-10-16 14:14:08 - [MESSAGE][PASSED] - Verify element property value successfully

2023-10-16 14:14:08 - [TEST_STEP][PASSED] - verifyElementPropertyValue(getResponse, "partners[1].name", "Like Card"): Verify element property value successfully

2023-10-16 14:14:08 - [MESSAGE][PASSED] - Verify element property value successfully

2023-10-16 14:14:08 - [TEST_STEP][PASSED] - verifyElementPropertyValue(getResponse, "partners[1].link", "https://like4card.com/All-Shahid_VIP"): Verify element property value successfully

2023-10-16 14:14:08 - [MESSAGE][PASSED] - Verify element property value successfully

2023-10-16 14:14:08 - [TEST_STEP][PASSED] - verifyElementPropertyValue(getResponse, "partners[1].logo", "https://static.s3.shahid.mbc.net/widget-images/logos/likecard@2x.png"): Verify element property value successfully

2023-10-16 14:14:08 - [MESSAGE][PASSED] - Verify element property value successfully

2023-10-16 14:14:08 - [TEST_STEP][PASSED] - verifyElementPropertyValue(getResponse, "partners[1].visible", "true"): Verify element property value successfully

2023-10-16 14:14:08 - [MESSAGE][PASSED] - Verify element property value successfully

2023-10-16 14:14:08 - [TEST_STEP][PASSED] - verifyElementPropertyValue(getResponse, "partners[1].visualElements[0].key", "text"): Verify element property value successfully

2023-10-16 14:14:08 - [MESSAGE][PASSED] - Verify element property value successfully

2023-10-16 14:14:08 - [TEST_STEP][PASSED] - verifyElementPropertyValue(getResponse, "partners[1].visualElements[0].value", "More Information"): Verify element property value successfully

2023-10-16 14:14:08 - [MESSAGE][PASSED] - Verify element property value successfully

2023-10-16 14:14:08 - [TEST_STEP][PASSED] - verifyElementPropertyValue(getResponse, "partners[2].name", "You Got a Gift"): Verify element property value successfully

2023-10-16 14:14:08 - [MESSAGE][PASSED] - Verify element property value successfully

2023-10-16 14:14:08 - [TEST_STEP][PASSED] - verifyElementPropertyValue(getResponse, "partners[2].link", "https://yougotagift.com/bahrain/gift-card/shahid-vip-gift-card-bh/"): Verify element property value successfully

2023-10-16 14:14:08 - [MESSAGE][PASSED] - Verify element property value successfully

2023-10-16 14:14:08 - [TEST_STEP][PASSED] - verifyElementPropertyValue(getResponse, "partners[2].logo", "https://shahid-static.s3.us-east-1.amazonaws.com/widget-images/logos/you-gota-gift.svg"): Verify element property value successfully

2023-10-16 14:14:08 - [MESSAGE][PASSED] - Verify element property value successfully

2023-10-16 14:14:08 - [TEST_STEP][PASSED] - verifyElementPropertyValue(getResponse, "partners[2].visible", "true"): Verify element property value successfully

2023-10-16 14:14:08 - [MESSAGE][PASSED] - Verify element property value successfully

2023-10-16 14:14:08 - [TEST_STEP][PASSED] - verifyElementPropertyValue(getResponse, "partners[2].visualElements[0].key", "text"): Verify element property value successfully

2023-10-16 14:14:08 - [MESSAGE][PASSED] - Verify element property value successfully

2023-10-16 14:14:08 - [TEST_STEP][PASSED] - verifyElementPropertyValue(getResponse, "partners[2].visualElements[0].value", "More Information"): Verify element property value successfully

2023-10-16 14:14:08 - [MESSAGE][PASSED] - Verify element property value successfully

2023-10-16 14:14:08 - [TEST_STEP][PASSED] - verifyElementPropertyValue(getResponse, "partners[3].name", "Razer Online"): Verify element property value successfully

2023-10-16 14:14:08 - [MESSAGE][PASSED] - Verify element property value successfully

2023-10-16 14:14:08 - [TEST_STEP][PASSED] - verifyElementPropertyValue(getResponse, "partners[3].link", "https://gold.razer.com/global/en/gold/catalog/shahid-vip"): Verify element property value successfully

2023-10-16 14:14:08 - [MESSAGE][PASSED] - Verify element property value successfully

2023-10-16 14:14:08 - [TEST_STEP][PASSED] - verifyElementPropertyValue(getResponse, "partners[3].logo", "https://shahid-static.s3.amazonaws.com/widget-images/logos/Coin_RZR%20Gold_Black.png"): Verify element property value successfully

2023-10-16 14:14:08 - [MESSAGE][PASSED] - Verify element property value successfully

2023-10-16 14:14:08 - [TEST_STEP][PASSED] - verifyElementPropertyValue(getResponse, "partners[3].visible", "true"): Verify element property value successfully

2023-10-16 14:14:08 - [MESSAGE][PASSED] - Verify element property value successfully

2023-10-16 14:14:08 - [TEST_STEP][PASSED] - verifyElementPropertyValue(getResponse, "partners[3].visualElements[0].key", "text"): Verify element property value successfully

2023-10-16 14:14:08 - [MESSAGE][PASSED] - Verify element property value successfully

2023-10-16 14:14:08 - [TEST_STEP][PASSED] - verifyElementPropertyValue(getResponse, "partners[3].visualElements[0].value", "More Information"): Verify element property value successfully

2023-10-16 14:14:08 - [MESSAGE][PASSED] - Verify element property value successfully

2023-10-16 14:14:08 - [TEST_STEP][PASSED] - verifyElementPropertyValue(getResponse, "defaultPackageId", "SHAHID_VIP"): Verify element property value successfully

2023-10-16 14:14:08 - [MESSAGE][PASSED] - Verify element property value successfully]]></system-out>
         <system-err><![CDATA[2023-10-16 14:14:06 - [TEST_CASE][FAILED] - Test Cases/WEB - CHROME/BHR PI/WEB_EN_getSubscriptionConfigForBHR_SPORT: Test Cases/WEB - CHROME/BHR PI/WEB_EN_getSubscriptionConfigForBHR_SPORT FAILED.
Reason:
com.kms.katalon.core.exception.StepFailedException: Expected element property value 'Other Payment Methods' is not equal with actual property value 'Other payment methods'
	at com.kms.katalon.core.keyword.internal.KeywordMain.stepFailed(KeywordMain.groovy:39)
	at com.kms.katalon.core.webservice.keyword.builtin.VerifyElementPropertyValueKeyword$_verifyElementPropertyValue_closure1.doCall(VerifyElementPropertyValueKeyword.groovy:56)
	at com.kms.katalon.core.webservice.keyword.builtin.VerifyElementPropertyValueKeyword$_verifyElementPropertyValue_closure1.call(VerifyElementPropertyValueKeyword.groovy)
	at com.kms.katalon.core.keyword.internal.KeywordMain.runKeyword(KeywordMain.groovy:75)
	at com.kms.katalon.core.webservice.keyword.builtin.VerifyElementPropertyValueKeyword.verifyElementPropertyValue(VerifyElementPropertyValueKeyword.groovy:48)
	at com.kms.katalon.core.webservice.keyword.builtin.VerifyElementPropertyValueKeyword.execute(VerifyElementPropertyValueKeyword.groovy:43)
	at com.kms.katalon.core.keyword.internal.KeywordExecutor.executeKeywordForPlatform(KeywordExecutor.groovy:74)
	at com.kms.katalon.core.webservice.keyword.WSBuiltInKeywords.verifyElementPropertyValue(WSBuiltInKeywords.groovy:190)
	at com.kms.katalon.core.webservice.keyword.WSBuiltInKeywords$verifyElementPropertyValue$1.call(Unknown Source)
	at WEB_EN_getSubscriptionConfigForBHR_SPORT.run(WEB_EN_getSubscriptionConfigForBHR_SPORT:152)
	at com.kms.katalon.core.main.ScriptEngine.run(ScriptEngine.java:194)
	at com.kms.katalon.core.main.ScriptEngine.runScriptAsRawText(ScriptEngine.java:119)
	at com.kms.katalon.core.main.TestCaseExecutor.runScript(TestCaseExecutor.java:448)
	at com.kms.katalon.core.main.TestCaseExecutor.doExecute(TestCaseExecutor.java:439)
	at com.kms.katalon.core.main.TestCaseExecutor.processExecutionPhase(TestCaseExecutor.java:418)
	at com.kms.katalon.core.main.TestCaseExecutor.accessMainPhase(TestCaseExecutor.java:410)
	at com.kms.katalon.core.main.TestCaseExecutor.execute(TestCaseExecutor.java:285)
	at com.kms.katalon.core.common.CommonExecutor.accessTestCaseMainPhase(CommonExecutor.java:65)
	at com.kms.katalon.core.main.TestSuiteExecutor.accessTestSuiteMainPhase(TestSuiteExecutor.java:148)
	at com.kms.katalon.core.main.TestSuiteExecutor.execute(TestSuiteExecutor.java:106)
	at com.kms.katalon.core.main.TestCaseMain.startTestSuite(TestCaseMain.java:187)
	at com.kms.katalon.core.main.TestCaseMain$startTestSuite$0.call(Unknown Source)
	at TempTestSuite1697454209021.run(TempTestSuite1697454209021.groovy:36)]]></system-err>
      </testcase>
      <testcase name="Test Cases/WEB - CHROME/BHR PI/WEB_AR_getOffersForBHR_SPORT" time="3.28" classname="Test Cases/WEB - CHROME/BHR PI/WEB_AR_getOffersForBHR_SPORT" status="PASSED">
         <system-out><![CDATA[2023-10-16 14:14:08 - [TEST_CASE][PASSED] - Test Cases/WEB - CHROME/BHR PI/WEB_AR_getOffersForBHR_SPORT: Test Cases/WEB - CHROME/BHR PI/WEB_AR_getOffersForBHR_SPORT

2023-10-16 14:14:08 - [TEST_STEP][PASSED] - getResponse = config_files.getConfigFile.getConfig("WEB", "AR", "SHAHID_VIP_SPORT", "BH", "false"): config_files.getConfigFile.getConfig is PASSED

2023-10-16 14:14:09 - [MESSAGE][INFO] - HAR: /Users/admin/git/shahid-configuration/Reports/20231016_140310/WEB/BHR/20231016_140329/requests/main/4.har

2023-10-16 14:14:09 - [MESSAGE][PASSED] - Send request successfully

2023-10-16 14:14:09 - [MESSAGE][PASSED] - config_files.getConfigFile.getConfig is PASSED

2023-10-16 14:14:09 - [TEST_STEP][PASSED] - verifyResponseStatusCode(getResponse, 200): Verify response status code successfully

2023-10-16 14:14:09 - [MESSAGE][PASSED] - Verify response status code successfully

2023-10-16 14:14:09 - [TEST_STEP][PASSED] - verifyElementPropertyValue(getResponse, "country", "BHR"): Verify element property value successfully

2023-10-16 14:14:09 - [MESSAGE][PASSED] - Verify element property value successfully

2023-10-16 14:14:09 - [TEST_STEP][PASSED] - verifyElementPropertyValue(getResponse, "platform", "[WEB]"): Verify element property value successfully

2023-10-16 14:14:09 - [MESSAGE][PASSED] - Verify element property value successfully

2023-10-16 14:14:09 - [TEST_STEP][PASSED] - verifyElementPropertyValue(getResponse, "offers[5].offerId", "winback-sport-30-offer"): Verify element property value successfully

2023-10-16 14:14:09 - [MESSAGE][PASSED] - Verify element property value successfully

2023-10-16 14:14:09 - [TEST_STEP][PASSED] - verifyElementPropertyValue(getResponse, "offers[5].offerParam", "sportsoffer30"): Verify element property value successfully

2023-10-16 14:14:09 - [MESSAGE][PASSED] - Verify element property value successfully

2023-10-16 14:14:09 - [TEST_STEP][PASSED] - verifyElementPropertyValue(getResponse, "offers[5].groups[0].pricingPlans[0].featured", "true"): Verify element property value successfully

2023-10-16 14:14:09 - [MESSAGE][PASSED] - Verify element property value successfully

2023-10-16 14:14:09 - [TEST_STEP][PASSED] - verifyElementPropertyValue(getResponse, "offers[5].groups[0].pricingPlans[0].period", "monthly"): Verify element property value successfully

2023-10-16 14:14:09 - [MESSAGE][PASSED] - Verify element property value successfully

2023-10-16 14:14:09 - [TEST_STEP][PASSED] - verifyElementPropertyValue(getResponse, "offers[5].groups[0].pricingPlans[0].featured", "true"): Verify element property value successfully

2023-10-16 14:14:09 - [MESSAGE][PASSED] - Verify element property value successfully

2023-10-16 14:14:09 - [TEST_STEP][PASSED] - verifyElementPropertyValue(getResponse, "offers[5].groups[0].pricingPlans[0].price", "4.89"): Verify element property value successfully

2023-10-16 14:14:09 - [MESSAGE][PASSED] - Verify element property value successfully

2023-10-16 14:14:09 - [TEST_STEP][PASSED] - verifyElementPropertyValue(getResponse, "offers[5].groups[0].pricingPlans[0].currency", "BHD"): Verify element property value successfully

2023-10-16 14:14:09 - [MESSAGE][PASSED] - Verify element property value successfully

2023-10-16 14:14:09 - [TEST_STEP][PASSED] - verifyElementPropertyValue(getResponse, "offers[5].groups[0].pricingPlans[0].order", "0"): Verify element property value successfully

2023-10-16 14:14:09 - [MESSAGE][PASSED] - Verify element property value successfully

2023-10-16 14:14:09 - [TEST_STEP][PASSED] - verifyElementPropertyValue(getResponse, "offers[5].groups[0].pricingPlans[0].packageId", "SHAHID_VIP_SPORT"): Verify element property value successfully

2023-10-16 14:14:09 - [MESSAGE][PASSED] - Verify element property value successfully

2023-10-16 14:14:09 - [TEST_STEP][PASSED] - verifyElementPropertyValue(getResponse, "offers[5].groups[0].pricingPlans[0].catalogId", "SPORT"): Verify element property value successfully

2023-10-16 14:14:09 - [MESSAGE][PASSED] - Verify element property value successfully

2023-10-16 14:14:09 - [TEST_STEP][PASSED] - verifyElementPropertyValue(getResponse, "offers[5].groups[0].pricingPlans[0].visualElements[0].key", "Header_1_text"): Verify element property value successfully

2023-10-16 14:14:09 - [MESSAGE][PASSED] - Verify element property value successfully

2023-10-16 14:14:09 - [TEST_STEP][PASSED] - verifyElementPropertyValue(getResponse, "offers[5].groups[0].pricingPlans[0].visualElements[0].value", "شاهد أقوى المسلسلات و الأفلام حصرياً دون توقف"): Verify element property value successfully

2023-10-16 14:14:09 - [MESSAGE][PASSED] - Verify element property value successfully

2023-10-16 14:14:09 - [TEST_STEP][PASSED] - verifyElementPropertyValue(getResponse, "offers[5].groups[0].pricingPlans[0].visualElements[1].key", "display_title"): Verify element property value successfully

2023-10-16 14:14:09 - [MESSAGE][PASSED] - Verify element property value successfully

2023-10-16 14:14:09 - [TEST_STEP][PASSED] - verifyElementPropertyValue(getResponse, "offers[5].groups[0].pricingPlans[0].visualElements[1].value", "احصل على خصم 30%"): Verify element property value successfully

2023-10-16 14:14:09 - [MESSAGE][PASSED] - Verify element property value successfully

2023-10-16 14:14:09 - [TEST_STEP][PASSED] - verifyElementPropertyValue(getResponse, "offers[5].groups[0].pricingPlans[0].visualElements[3].key", "deduction_text"): Verify element property value successfully

2023-10-16 14:14:09 - [MESSAGE][PASSED] - Verify element property value successfully

2023-10-16 14:14:09 - [TEST_STEP][PASSED] - verifyElementPropertyValue(getResponse, "offers[5].groups[0].pricingPlans[0].visualElements[3].value", "تدفع شهرياً"): Verify element property value successfully

2023-10-16 14:14:09 - [MESSAGE][PASSED] - Verify element property value successfully

2023-10-16 14:14:09 - [TEST_STEP][PASSED] - verifyElementPropertyValue(getResponse, "offers[5].groups[0].pricingPlans[0].visualElements[6].key", "show_payment_logo"): Verify element property value successfully

2023-10-16 14:14:09 - [MESSAGE][PASSED] - Verify element property value successfully

2023-10-16 14:14:09 - [TEST_STEP][PASSED] - verifyElementPropertyValue(getResponse, "offers[5].groups[0].pricingPlans[0].visualElements[6].value", "true"): Verify element property value successfully

2023-10-16 14:14:09 - [MESSAGE][PASSED] - Verify element property value successfully

2023-10-16 14:14:09 - [TEST_STEP][PASSED] - verifyElementPropertyValue(getResponse, "offers[5].groups[0].pricingPlans[0].visualElements[8].key", "price"): Verify element property value successfully

2023-10-16 14:14:09 - [MESSAGE][PASSED] - Verify element property value successfully

2023-10-16 14:14:09 - [TEST_STEP][PASSED] - verifyElementPropertyValue(getResponse, "offers[5].groups[0].pricingPlans[0].visualElements[8].value", "4.89"): Verify element property value successfully

2023-10-16 14:14:09 - [MESSAGE][PASSED] - Verify element property value successfully

2023-10-16 14:14:09 - [TEST_STEP][PASSED] - verifyElementPropertyValue(getResponse, "offers[5].groups[0].pricingPlans[0].visualElements[9].key", "currency"): Verify element property value successfully

2023-10-16 14:14:09 - [MESSAGE][PASSED] - Verify element property value successfully

2023-10-16 14:14:09 - [TEST_STEP][PASSED] - verifyElementPropertyValue(getResponse, "offers[5].groups[0].pricingPlans[0].visualElements[9].value", "BHD"): Verify element property value successfully

2023-10-16 14:14:09 - [MESSAGE][PASSED] - Verify element property value successfully

2023-10-16 14:14:09 - [TEST_STEP][PASSED] - verifyElementPropertyValue(getResponse, "offers[5].groups[0].pricingPlans[0].visualElements[10].key", "duration"): Verify element property value successfully

2023-10-16 14:14:09 - [MESSAGE][PASSED] - Verify element property value successfully

2023-10-16 14:14:09 - [TEST_STEP][PASSED] - verifyElementPropertyValue(getResponse, "offers[5].groups[0].pricingPlans[0].visualElements[10].value", "شهرياً"): Verify element property value successfully

2023-10-16 14:14:09 - [MESSAGE][PASSED] - Verify element property value successfully

2023-10-16 14:14:09 - [TEST_STEP][PASSED] - verifyElementPropertyValue(getResponse, "offers[5].groups[0].pricingPlans[0].visualElements[11].key", "featured_tag_text"): Verify element property value successfully

2023-10-16 14:14:09 - [MESSAGE][PASSED] - Verify element property value successfully

2023-10-16 14:14:09 - [TEST_STEP][PASSED] - verifyElementPropertyValue(getResponse, "offers[5].groups[0].pricingPlans[0].visualElements[11].value", "عرض لمدة محدودة"): Verify element property value successfully

2023-10-16 14:14:09 - [MESSAGE][PASSED] - Verify element property value successfully

2023-10-16 14:14:09 - [TEST_STEP][PASSED] - verifyElementPropertyValue(getResponse, "offers[5].groups[0].pricingPlans[0].visualElements[13].key", "tag_text"): Verify element property value successfully

2023-10-16 14:14:09 - [MESSAGE][PASSED] - Verify element property value successfully

2023-10-16 14:14:09 - [TEST_STEP][PASSED] - verifyElementPropertyValue(getResponse, "offers[5].groups[0].pricingPlans[0].visualElements[13].value", "وفر 30%"): Verify element property value successfully

2023-10-16 14:14:09 - [MESSAGE][PASSED] - Verify element property value successfully

2023-10-16 14:14:09 - [TEST_STEP][PASSED] - verifyElementPropertyValue(getResponse, "offers[5].groups[0].pricingPlans[0].visualElements[12].key", "show_tag"): Verify element property value successfully

2023-10-16 14:14:09 - [MESSAGE][PASSED] - Verify element property value successfully

2023-10-16 14:14:09 - [TEST_STEP][PASSED] - verifyElementPropertyValue(getResponse, "offers[5].groups[0].pricingPlans[0].visualElements[12].value", "true"): Verify element property value successfully

2023-10-16 14:14:09 - [MESSAGE][PASSED] - Verify element property value successfully

2023-10-16 14:14:09 - [TEST_STEP][PASSED] - verifyElementPropertyValue(getResponse, "offers[5].groups[0].pricingPlans[0].pricingPlanData[0].productId", "BHR_B2C_SHAHID_VIP_SPORT_1M"): Verify element property value successfully

2023-10-16 14:14:09 - [MESSAGE][PASSED] - Verify element property value successfully

2023-10-16 14:14:09 - [TEST_STEP][PASSED] - verifyElementPropertyValue(getResponse, "offers[5].groups[0].pricingPlans[0].pricingPlanData[0].paymentMethod", "CREDIT_CARD"): Verify element property value successfully

2023-10-16 14:14:09 - [MESSAGE][PASSED] - Verify element property value successfully

2023-10-16 14:14:09 - [TEST_STEP][PASSED] - verifyElementPropertyValue(getResponse, "offers[5].groups[0].pricingPlans[0].pricingPlanData[0].freeTrialEnabled", "false"): Verify element property value successfully

2023-10-16 14:14:09 - [MESSAGE][PASSED] - Verify element property value successfully

2023-10-16 14:14:09 - [TEST_STEP][PASSED] - verifyElementPropertyValue(getResponse, "offers[5].groups[0].pricingPlans[0].pricingPlanData[0].showIn[0]", "VERTICAL_MODE"): Verify element property value successfully

2023-10-16 14:14:09 - [MESSAGE][PASSED] - Verify element property value successfully

2023-10-16 14:14:09 - [TEST_STEP][PASSED] - verifyElementPropertyValue(getResponse, "offers[5].groups[0].pricingPlans[0].pricingPlanData[0].showIn[1]", "HORIZONTAL_MODE"): Verify element property value successfully

2023-10-16 14:14:09 - [MESSAGE][PASSED] - Verify element property value successfully

2023-10-16 14:14:09 - [TEST_STEP][PASSED] - verifyElementPropertyValue(getResponse, "offers[5].groups[0].pricingPlans[0].pricingPlanData[0].priceLabel", "4.89"): Verify element property value successfully

2023-10-16 14:14:09 - [MESSAGE][PASSED] - Verify element property value successfully

2023-10-16 14:14:09 - [TEST_STEP][PASSED] - verifyElementPropertyValue(getResponse, "offers[5].groups[0].pricingPlans[0].pricingPlanData[0].currencyLabel", "BHD"): Verify element property value successfully

2023-10-16 14:14:09 - [MESSAGE][PASSED] - Verify element property value successfully

2023-10-16 14:14:09 - [TEST_STEP][PASSED] - verifyElementPropertyValue(getResponse, "offers[5].groups[0].pricingPlans[0].pricingPlanData[0].dealId", "WB_SPORT_30P_BHR"): Verify element property value successfully

2023-10-16 14:14:09 - [MESSAGE][PASSED] - Verify element property value successfully

2023-10-16 14:14:09 - [TEST_STEP][PASSED] - verifyElementPropertyValue(getResponse, "offers[5].groups[0].pricingPlans[0].pricingPlanData[0].allowedForAcquisition", "true"): Verify element property value successfully

2023-10-16 14:14:09 - [MESSAGE][PASSED] - Verify element property value successfully

2023-10-16 14:14:09 - [TEST_STEP][PASSED] - verifyElementPropertyValue(getResponse, "offers[5].groups[0].pricingPlans[0].pricingPlanData[0].visualElements[0].key", "title"): Verify element property value successfully

2023-10-16 14:14:09 - [MESSAGE][PASSED] - Verify element property value successfully

2023-10-16 14:14:09 - [TEST_STEP][PASSED] - verifyElementPropertyValue(getResponse, "offers[5].groups[0].pricingPlans[0].pricingPlanData[0].visualElements[0].value", "البطاقة المصرفية"): Verify element property value successfully

2023-10-16 14:14:09 - [MESSAGE][PASSED] - Verify element property value successfully

2023-10-16 14:14:09 - [TEST_STEP][PASSED] - verifyElementPropertyValue(getResponse, "offers[5].groups[0].pricingPlans[0].pricingPlanData[0].visualElements[1].key", "CTA_text"): Verify element property value successfully

2023-10-16 14:14:09 - [MESSAGE][PASSED] - Verify element property value successfully

2023-10-16 14:14:09 - [TEST_STEP][PASSED] - verifyElementPropertyValue(getResponse, "offers[5].groups[0].pricingPlans[0].pricingPlanData[0].visualElements[1].value", "اشترك"): Verify element property value successfully

2023-10-16 14:14:09 - [MESSAGE][PASSED] - Verify element property value successfully

2023-10-16 14:14:09 - [TEST_STEP][PASSED] - verifyElementPropertyValue(getResponse, "offers[5].groups[0].pricingPlans[0].pricingPlanData[0].visualElements[2].key", "logo"): Verify element property value successfully

2023-10-16 14:14:09 - [MESSAGE][PASSED] - Verify element property value successfully

2023-10-16 14:14:09 - [TEST_STEP][PASSED] - verifyElementPropertyValue(getResponse, "offers[5].groups[0].pricingPlans[0].pricingPlanData[0].visualElements[2].value", "https://static.s3.shahid.mbc.net/widget-images/icons/iconCreditCard.png"): Verify element property value successfully

2023-10-16 14:14:09 - [MESSAGE][PASSED] - Verify element property value successfully

2023-10-16 14:14:09 - [TEST_STEP][PASSED] - verifyElementPropertyValue(getResponse, "offers[6].offerId", "winback-sport-40-offer"): Verify element property value successfully

2023-10-16 14:14:09 - [MESSAGE][PASSED] - Verify element property value successfully

2023-10-16 14:14:09 - [TEST_STEP][PASSED] - verifyElementPropertyValue(getResponse, "offers[6].offerParam", "sportsoffer40"): Verify element property value successfully

2023-10-16 14:14:09 - [MESSAGE][PASSED] - Verify element property value successfully

2023-10-16 14:14:09 - [TEST_STEP][PASSED] - verifyElementPropertyValue(getResponse, "offers[6].groups[0].pricingPlans[0].featured", "true"): Verify element property value successfully

2023-10-16 14:14:09 - [MESSAGE][PASSED] - Verify element property value successfully

2023-10-16 14:14:09 - [TEST_STEP][PASSED] - verifyElementPropertyValue(getResponse, "offers[6].groups[0].pricingPlans[0].period", "monthly"): Verify element property value successfully

2023-10-16 14:14:09 - [MESSAGE][PASSED] - Verify element property value successfully

2023-10-16 14:14:09 - [TEST_STEP][PASSED] - verifyElementPropertyValue(getResponse, "offers[6].groups[0].pricingPlans[0].featured", "true"): Verify element property value successfully

2023-10-16 14:14:09 - [MESSAGE][PASSED] - Verify element property value successfully

2023-10-16 14:14:09 - [TEST_STEP][PASSED] - verifyElementPropertyValue(getResponse, "offers[6].groups[0].pricingPlans[0].price", "4.19"): Verify element property value successfully

2023-10-16 14:14:09 - [MESSAGE][PASSED] - Verify element property value successfully

2023-10-16 14:14:09 - [TEST_STEP][PASSED] - verifyElementPropertyValue(getResponse, "offers[6].groups[0].pricingPlans[0].currency", "BHD"): Verify element property value successfully

2023-10-16 14:14:10 - [MESSAGE][PASSED] - Verify element property value successfully

2023-10-16 14:14:10 - [TEST_STEP][PASSED] - verifyElementPropertyValue(getResponse, "offers[6].groups[0].pricingPlans[0].order", "0"): Verify element property value successfully

2023-10-16 14:14:10 - [MESSAGE][PASSED] - Verify element property value successfully

2023-10-16 14:14:10 - [TEST_STEP][PASSED] - verifyElementPropertyValue(getResponse, "offers[6].groups[0].pricingPlans[0].packageId", "SHAHID_VIP_SPORT"): Verify element property value successfully

2023-10-16 14:14:10 - [MESSAGE][PASSED] - Verify element property value successfully

2023-10-16 14:14:10 - [TEST_STEP][PASSED] - verifyElementPropertyValue(getResponse, "offers[6].groups[0].pricingPlans[0].catalogId", "SPORT"): Verify element property value successfully

2023-10-16 14:14:10 - [MESSAGE][PASSED] - Verify element property value successfully

2023-10-16 14:14:10 - [TEST_STEP][PASSED] - verifyElementPropertyValue(getResponse, "offers[6].groups[0].pricingPlans[0].visualElements[0].key", "Header_1_text"): Verify element property value successfully

2023-10-16 14:14:10 - [MESSAGE][PASSED] - Verify element property value successfully

2023-10-16 14:14:10 - [TEST_STEP][PASSED] - verifyElementPropertyValue(getResponse, "offers[6].groups[0].pricingPlans[0].visualElements[0].value", "شاهد أقوى المسلسلات و الأفلام حصرياً دون توقف"): Verify element property value successfully

2023-10-16 14:14:10 - [MESSAGE][PASSED] - Verify element property value successfully

2023-10-16 14:14:10 - [TEST_STEP][PASSED] - verifyElementPropertyValue(getResponse, "offers[6].groups[0].pricingPlans[0].visualElements[1].key", "display_title"): Verify element property value successfully

2023-10-16 14:14:10 - [MESSAGE][PASSED] - Verify element property value successfully

2023-10-16 14:14:10 - [TEST_STEP][PASSED] - verifyElementPropertyValue(getResponse, "offers[6].groups[0].pricingPlans[0].visualElements[1].value", "احصل على خصم 40%"): Verify element property value successfully

2023-10-16 14:14:10 - [MESSAGE][PASSED] - Verify element property value successfully

2023-10-16 14:14:10 - [TEST_STEP][PASSED] - verifyElementPropertyValue(getResponse, "offers[6].groups[0].pricingPlans[0].visualElements[3].key", "deduction_text"): Verify element property value successfully

2023-10-16 14:14:10 - [MESSAGE][PASSED] - Verify element property value successfully

2023-10-16 14:14:10 - [TEST_STEP][PASSED] - verifyElementPropertyValue(getResponse, "offers[6].groups[0].pricingPlans[0].visualElements[3].value", "تدفع شهرياً"): Verify element property value successfully

2023-10-16 14:14:10 - [MESSAGE][PASSED] - Verify element property value successfully

2023-10-16 14:14:10 - [TEST_STEP][PASSED] - verifyElementPropertyValue(getResponse, "offers[6].groups[0].pricingPlans[0].visualElements[6].key", "show_payment_logo"): Verify element property value successfully

2023-10-16 14:14:10 - [MESSAGE][PASSED] - Verify element property value successfully

2023-10-16 14:14:10 - [TEST_STEP][PASSED] - verifyElementPropertyValue(getResponse, "offers[6].groups[0].pricingPlans[0].visualElements[6].value", "true"): Verify element property value successfully

2023-10-16 14:14:10 - [MESSAGE][PASSED] - Verify element property value successfully

2023-10-16 14:14:10 - [TEST_STEP][PASSED] - verifyElementPropertyValue(getResponse, "offers[6].groups[0].pricingPlans[0].visualElements[8].key", "price"): Verify element property value successfully

2023-10-16 14:14:10 - [MESSAGE][PASSED] - Verify element property value successfully

2023-10-16 14:14:10 - [TEST_STEP][PASSED] - verifyElementPropertyValue(getResponse, "offers[6].groups[0].pricingPlans[0].visualElements[8].value", "4.19"): Verify element property value successfully

2023-10-16 14:14:10 - [MESSAGE][PASSED] - Verify element property value successfully

2023-10-16 14:14:10 - [TEST_STEP][PASSED] - verifyElementPropertyValue(getResponse, "offers[6].groups[0].pricingPlans[0].visualElements[9].key", "currency"): Verify element property value successfully

2023-10-16 14:14:10 - [MESSAGE][PASSED] - Verify element property value successfully

2023-10-16 14:14:10 - [TEST_STEP][PASSED] - verifyElementPropertyValue(getResponse, "offers[6].groups[0].pricingPlans[0].visualElements[9].value", "BHD"): Verify element property value successfully

2023-10-16 14:14:10 - [MESSAGE][PASSED] - Verify element property value successfully

2023-10-16 14:14:10 - [TEST_STEP][PASSED] - verifyElementPropertyValue(getResponse, "offers[6].groups[0].pricingPlans[0].visualElements[10].key", "duration"): Verify element property value successfully

2023-10-16 14:14:10 - [MESSAGE][PASSED] - Verify element property value successfully

2023-10-16 14:14:10 - [TEST_STEP][PASSED] - verifyElementPropertyValue(getResponse, "offers[6].groups[0].pricingPlans[0].visualElements[10].value", "شهرياً"): Verify element property value successfully

2023-10-16 14:14:10 - [MESSAGE][PASSED] - Verify element property value successfully

2023-10-16 14:14:10 - [TEST_STEP][PASSED] - verifyElementPropertyValue(getResponse, "offers[6].groups[0].pricingPlans[0].visualElements[11].key", "featured_tag_text"): Verify element property value successfully

2023-10-16 14:14:10 - [MESSAGE][PASSED] - Verify element property value successfully

2023-10-16 14:14:10 - [TEST_STEP][PASSED] - verifyElementPropertyValue(getResponse, "offers[6].groups[0].pricingPlans[0].visualElements[11].value", "عرض لمدة محدودة"): Verify element property value successfully

2023-10-16 14:14:10 - [MESSAGE][PASSED] - Verify element property value successfully

2023-10-16 14:14:10 - [TEST_STEP][PASSED] - verifyElementPropertyValue(getResponse, "offers[6].groups[0].pricingPlans[0].visualElements[13].key", "tag_text"): Verify element property value successfully

2023-10-16 14:14:10 - [MESSAGE][PASSED] - Verify element property value successfully

2023-10-16 14:14:10 - [TEST_STEP][PASSED] - verifyElementPropertyValue(getResponse, "offers[6].groups[0].pricingPlans[0].visualElements[13].value", "وفر 40%"): Verify element property value successfully

2023-10-16 14:14:10 - [MESSAGE][PASSED] - Verify element property value successfully

2023-10-16 14:14:10 - [TEST_STEP][PASSED] - verifyElementPropertyValue(getResponse, "offers[6].groups[0].pricingPlans[0].visualElements[12].key", "show_tag"): Verify element property value successfully

2023-10-16 14:14:10 - [MESSAGE][PASSED] - Verify element property value successfully

2023-10-16 14:14:10 - [TEST_STEP][PASSED] - verifyElementPropertyValue(getResponse, "offers[6].groups[0].pricingPlans[0].visualElements[12].value", "true"): Verify element property value successfully

2023-10-16 14:14:10 - [MESSAGE][PASSED] - Verify element property value successfully

2023-10-16 14:14:10 - [TEST_STEP][PASSED] - verifyElementPropertyValue(getResponse, "offers[6].groups[0].pricingPlans[0].pricingPlanData[0].productId", "BHR_B2C_SHAHID_VIP_SPORT_1M"): Verify element property value successfully

2023-10-16 14:14:10 - [MESSAGE][PASSED] - Verify element property value successfully

2023-10-16 14:14:10 - [TEST_STEP][PASSED] - verifyElementPropertyValue(getResponse, "offers[6].groups[0].pricingPlans[0].pricingPlanData[0].paymentMethod", "CREDIT_CARD"): Verify element property value successfully

2023-10-16 14:14:10 - [MESSAGE][PASSED] - Verify element property value successfully

2023-10-16 14:14:10 - [TEST_STEP][PASSED] - verifyElementPropertyValue(getResponse, "offers[6].groups[0].pricingPlans[0].pricingPlanData[0].freeTrialEnabled", "false"): Verify element property value successfully

2023-10-16 14:14:10 - [MESSAGE][PASSED] - Verify element property value successfully

2023-10-16 14:14:10 - [TEST_STEP][PASSED] - verifyElementPropertyValue(getResponse, "offers[6].groups[0].pricingPlans[0].pricingPlanData[0].showIn[0]", "VERTICAL_MODE"): Verify element property value successfully

2023-10-16 14:14:10 - [MESSAGE][PASSED] - Verify element property value successfully

2023-10-16 14:14:10 - [TEST_STEP][PASSED] - verifyElementPropertyValue(getResponse, "offers[6].groups[0].pricingPlans[0].pricingPlanData[0].showIn[1]", "HORIZONTAL_MODE"): Verify element property value successfully

2023-10-16 14:14:10 - [MESSAGE][PASSED] - Verify element property value successfully

2023-10-16 14:14:10 - [TEST_STEP][PASSED] - verifyElementPropertyValue(getResponse, "offers[6].groups[0].pricingPlans[0].pricingPlanData[0].priceLabel", "4.19"): Verify element property value successfully

2023-10-16 14:14:10 - [MESSAGE][PASSED] - Verify element property value successfully

2023-10-16 14:14:10 - [TEST_STEP][PASSED] - verifyElementPropertyValue(getResponse, "offers[6].groups[0].pricingPlans[0].pricingPlanData[0].currencyLabel", "BHD"): Verify element property value successfully

2023-10-16 14:14:10 - [MESSAGE][PASSED] - Verify element property value successfully

2023-10-16 14:14:10 - [TEST_STEP][PASSED] - verifyElementPropertyValue(getResponse, "offers[6].groups[0].pricingPlans[0].pricingPlanData[0].dealId", "WB_SPORT_40P_BHR"): Verify element property value successfully

2023-10-16 14:14:10 - [MESSAGE][PASSED] - Verify element property value successfully

2023-10-16 14:14:10 - [TEST_STEP][PASSED] - verifyElementPropertyValue(getResponse, "offers[6].groups[0].pricingPlans[0].pricingPlanData[0].allowedForAcquisition", "true"): Verify element property value successfully

2023-10-16 14:14:10 - [MESSAGE][PASSED] - Verify element property value successfully

2023-10-16 14:14:10 - [TEST_STEP][PASSED] - verifyElementPropertyValue(getResponse, "offers[6].groups[0].pricingPlans[0].pricingPlanData[0].visualElements[0].key", "title"): Verify element property value successfully

2023-10-16 14:14:10 - [MESSAGE][PASSED] - Verify element property value successfully

2023-10-16 14:14:10 - [TEST_STEP][PASSED] - verifyElementPropertyValue(getResponse, "offers[6].groups[0].pricingPlans[0].pricingPlanData[0].visualElements[0].value", "البطاقة المصرفية"): Verify element property value successfully

2023-10-16 14:14:10 - [MESSAGE][PASSED] - Verify element property value successfully

2023-10-16 14:14:10 - [TEST_STEP][PASSED] - verifyElementPropertyValue(getResponse, "offers[6].groups[0].pricingPlans[0].pricingPlanData[0].visualElements[1].key", "CTA_text"): Verify element property value successfully

2023-10-16 14:14:10 - [MESSAGE][PASSED] - Verify element property value successfully

2023-10-16 14:14:10 - [TEST_STEP][PASSED] - verifyElementPropertyValue(getResponse, "offers[6].groups[0].pricingPlans[0].pricingPlanData[0].visualElements[1].value", "اشترك"): Verify element property value successfully

2023-10-16 14:14:10 - [MESSAGE][PASSED] - Verify element property value successfully

2023-10-16 14:14:10 - [TEST_STEP][PASSED] - verifyElementPropertyValue(getResponse, "offers[6].groups[0].pricingPlans[0].pricingPlanData[0].visualElements[2].key", "logo"): Verify element property value successfully

2023-10-16 14:14:10 - [MESSAGE][PASSED] - Verify element property value successfully

2023-10-16 14:14:10 - [TEST_STEP][PASSED] - verifyElementPropertyValue(getResponse, "offers[6].groups[0].pricingPlans[0].pricingPlanData[0].visualElements[2].value", "https://static.s3.shahid.mbc.net/widget-images/icons/iconCreditCard.png"): Verify element property value successfully

2023-10-16 14:14:10 - [MESSAGE][PASSED] - Verify element property value successfully

2023-10-16 14:14:10 - [TEST_STEP][PASSED] - verifyElementPropertyValue(getResponse, "offers[7].offerId", "winback-sport-50-offer"): Verify element property value successfully

2023-10-16 14:14:10 - [MESSAGE][PASSED] - Verify element property value successfully

2023-10-16 14:14:10 - [TEST_STEP][PASSED] - verifyElementPropertyValue(getResponse, "offers[7].offerParam", "sportsoffer50"): Verify element property value successfully

2023-10-16 14:14:10 - [MESSAGE][PASSED] - Verify element property value successfully

2023-10-16 14:14:10 - [TEST_STEP][PASSED] - verifyElementPropertyValue(getResponse, "offers[7].groups[0].pricingPlans[0].featured", "true"): Verify element property value successfully

2023-10-16 14:14:10 - [MESSAGE][PASSED] - Verify element property value successfully

2023-10-16 14:14:10 - [TEST_STEP][PASSED] - verifyElementPropertyValue(getResponse, "offers[7].groups[0].pricingPlans[0].period", "monthly"): Verify element property value successfully

2023-10-16 14:14:10 - [MESSAGE][PASSED] - Verify element property value successfully

2023-10-16 14:14:10 - [TEST_STEP][PASSED] - verifyElementPropertyValue(getResponse, "offers[7].groups[0].pricingPlans[0].featured", "true"): Verify element property value successfully

2023-10-16 14:14:10 - [MESSAGE][PASSED] - Verify element property value successfully

2023-10-16 14:14:10 - [TEST_STEP][PASSED] - verifyElementPropertyValue(getResponse, "offers[7].groups[0].pricingPlans[0].price", "3.49"): Verify element property value successfully

2023-10-16 14:14:10 - [MESSAGE][PASSED] - Verify element property value successfully

2023-10-16 14:14:10 - [TEST_STEP][PASSED] - verifyElementPropertyValue(getResponse, "offers[7].groups[0].pricingPlans[0].currency", "BHD"): Verify element property value successfully

2023-10-16 14:14:10 - [MESSAGE][PASSED] - Verify element property value successfully

2023-10-16 14:14:10 - [TEST_STEP][PASSED] - verifyElementPropertyValue(getResponse, "offers[7].groups[0].pricingPlans[0].order", "0"): Verify element property value successfully

2023-10-16 14:14:10 - [MESSAGE][PASSED] - Verify element property value successfully

2023-10-16 14:14:10 - [TEST_STEP][PASSED] - verifyElementPropertyValue(getResponse, "offers[7].groups[0].pricingPlans[0].packageId", "SHAHID_VIP_SPORT"): Verify element property value successfully

2023-10-16 14:14:10 - [MESSAGE][PASSED] - Verify element property value successfully

2023-10-16 14:14:10 - [TEST_STEP][PASSED] - verifyElementPropertyValue(getResponse, "offers[7].groups[0].pricingPlans[0].catalogId", "SPORT"): Verify element property value successfully

2023-10-16 14:14:10 - [MESSAGE][PASSED] - Verify element property value successfully

2023-10-16 14:14:10 - [TEST_STEP][PASSED] - verifyElementPropertyValue(getResponse, "offers[7].groups[0].pricingPlans[0].visualElements[0].key", "Header_1_text"): Verify element property value successfully

2023-10-16 14:14:10 - [MESSAGE][PASSED] - Verify element property value successfully

2023-10-16 14:14:10 - [TEST_STEP][PASSED] - verifyElementPropertyValue(getResponse, "offers[7].groups[0].pricingPlans[0].visualElements[0].value", "شاهد أقوى المسلسلات و الأفلام حصرياً دون توقف"): Verify element property value successfully

2023-10-16 14:14:10 - [MESSAGE][PASSED] - Verify element property value successfully

2023-10-16 14:14:10 - [TEST_STEP][PASSED] - verifyElementPropertyValue(getResponse, "offers[7].groups[0].pricingPlans[0].visualElements[1].key", "display_title"): Verify element property value successfully

2023-10-16 14:14:10 - [MESSAGE][PASSED] - Verify element property value successfully

2023-10-16 14:14:10 - [TEST_STEP][PASSED] - verifyElementPropertyValue(getResponse, "offers[7].groups[0].pricingPlans[0].visualElements[1].value", "احصل على خصم 50%"): Verify element property value successfully

2023-10-16 14:14:10 - [MESSAGE][PASSED] - Verify element property value successfully

2023-10-16 14:14:10 - [TEST_STEP][PASSED] - verifyElementPropertyValue(getResponse, "offers[7].groups[0].pricingPlans[0].visualElements[3].key", "deduction_text"): Verify element property value successfully

2023-10-16 14:14:10 - [MESSAGE][PASSED] - Verify element property value successfully

2023-10-16 14:14:10 - [TEST_STEP][PASSED] - verifyElementPropertyValue(getResponse, "offers[7].groups[0].pricingPlans[0].visualElements[3].value", "تدفع شهرياً"): Verify element property value successfully

2023-10-16 14:14:10 - [MESSAGE][PASSED] - Verify element property value successfully

2023-10-16 14:14:10 - [TEST_STEP][PASSED] - verifyElementPropertyValue(getResponse, "offers[7].groups[0].pricingPlans[0].visualElements[6].key", "show_payment_logo"): Verify element property value successfully

2023-10-16 14:14:10 - [MESSAGE][PASSED] - Verify element property value successfully

2023-10-16 14:14:10 - [TEST_STEP][PASSED] - verifyElementPropertyValue(getResponse, "offers[7].groups[0].pricingPlans[0].visualElements[6].value", "true"): Verify element property value successfully

2023-10-16 14:14:10 - [MESSAGE][PASSED] - Verify element property value successfully

2023-10-16 14:14:10 - [TEST_STEP][PASSED] - verifyElementPropertyValue(getResponse, "offers[7].groups[0].pricingPlans[0].visualElements[8].key", "price"): Verify element property value successfully

2023-10-16 14:14:10 - [MESSAGE][PASSED] - Verify element property value successfully

2023-10-16 14:14:10 - [TEST_STEP][PASSED] - verifyElementPropertyValue(getResponse, "offers[7].groups[0].pricingPlans[0].visualElements[8].value", "3.49"): Verify element property value successfully

2023-10-16 14:14:10 - [MESSAGE][PASSED] - Verify element property value successfully

2023-10-16 14:14:10 - [TEST_STEP][PASSED] - verifyElementPropertyValue(getResponse, "offers[7].groups[0].pricingPlans[0].visualElements[9].key", "currency"): Verify element property value successfully

2023-10-16 14:14:10 - [MESSAGE][PASSED] - Verify element property value successfully

2023-10-16 14:14:10 - [TEST_STEP][PASSED] - verifyElementPropertyValue(getResponse, "offers[7].groups[0].pricingPlans[0].visualElements[9].value", "BHD"): Verify element property value successfully

2023-10-16 14:14:10 - [MESSAGE][PASSED] - Verify element property value successfully

2023-10-16 14:14:10 - [TEST_STEP][PASSED] - verifyElementPropertyValue(getResponse, "offers[7].groups[0].pricingPlans[0].visualElements[10].key", "duration"): Verify element property value successfully

2023-10-16 14:14:10 - [MESSAGE][PASSED] - Verify element property value successfully

2023-10-16 14:14:10 - [TEST_STEP][PASSED] - verifyElementPropertyValue(getResponse, "offers[7].groups[0].pricingPlans[0].visualElements[10].value", "شهرياً"): Verify element property value successfully

2023-10-16 14:14:10 - [MESSAGE][PASSED] - Verify element property value successfully

2023-10-16 14:14:10 - [TEST_STEP][PASSED] - verifyElementPropertyValue(getResponse, "offers[7].groups[0].pricingPlans[0].visualElements[11].key", "featured_tag_text"): Verify element property value successfully

2023-10-16 14:14:10 - [MESSAGE][PASSED] - Verify element property value successfully

2023-10-16 14:14:10 - [TEST_STEP][PASSED] - verifyElementPropertyValue(getResponse, "offers[7].groups[0].pricingPlans[0].visualElements[11].value", "عرض لمدة محدودة"): Verify element property value successfully

2023-10-16 14:14:10 - [MESSAGE][PASSED] - Verify element property value successfully

2023-10-16 14:14:10 - [TEST_STEP][PASSED] - verifyElementPropertyValue(getResponse, "offers[7].groups[0].pricingPlans[0].visualElements[13].key", "tag_text"): Verify element property value successfully

2023-10-16 14:14:10 - [MESSAGE][PASSED] - Verify element property value successfully

2023-10-16 14:14:10 - [TEST_STEP][PASSED] - verifyElementPropertyValue(getResponse, "offers[7].groups[0].pricingPlans[0].visualElements[13].value", "وفر 50%"): Verify element property value successfully

2023-10-16 14:14:10 - [MESSAGE][PASSED] - Verify element property value successfully

2023-10-16 14:14:10 - [TEST_STEP][PASSED] - verifyElementPropertyValue(getResponse, "offers[7].groups[0].pricingPlans[0].visualElements[12].key", "show_tag"): Verify element property value successfully

2023-10-16 14:14:10 - [MESSAGE][PASSED] - Verify element property value successfully

2023-10-16 14:14:10 - [TEST_STEP][PASSED] - verifyElementPropertyValue(getResponse, "offers[7].groups[0].pricingPlans[0].visualElements[12].value", "true"): Verify element property value successfully

2023-10-16 14:14:10 - [MESSAGE][PASSED] - Verify element property value successfully

2023-10-16 14:14:10 - [TEST_STEP][PASSED] - verifyElementPropertyValue(getResponse, "offers[7].groups[0].pricingPlans[0].pricingPlanData[0].productId", "BHR_B2C_SHAHID_VIP_SPORT_1M"): Verify element property value successfully

2023-10-16 14:14:10 - [MESSAGE][PASSED] - Verify element property value successfully

2023-10-16 14:14:10 - [TEST_STEP][PASSED] - verifyElementPropertyValue(getResponse, "offers[7].groups[0].pricingPlans[0].pricingPlanData[0].paymentMethod", "CREDIT_CARD"): Verify element property value successfully

2023-10-16 14:14:10 - [MESSAGE][PASSED] - Verify element property value successfully

2023-10-16 14:14:10 - [TEST_STEP][PASSED] - verifyElementPropertyValue(getResponse, "offers[7].groups[0].pricingPlans[0].pricingPlanData[0].freeTrialEnabled", "false"): Verify element property value successfully

2023-10-16 14:14:10 - [MESSAGE][PASSED] - Verify element property value successfully

2023-10-16 14:14:10 - [TEST_STEP][PASSED] - verifyElementPropertyValue(getResponse, "offers[7].groups[0].pricingPlans[0].pricingPlanData[0].showIn[0]", "VERTICAL_MODE"): Verify element property value successfully

2023-10-16 14:14:10 - [MESSAGE][PASSED] - Verify element property value successfully

2023-10-16 14:14:10 - [TEST_STEP][PASSED] - verifyElementPropertyValue(getResponse, "offers[7].groups[0].pricingPlans[0].pricingPlanData[0].showIn[1]", "HORIZONTAL_MODE"): Verify element property value successfully

2023-10-16 14:14:10 - [MESSAGE][PASSED] - Verify element property value successfully

2023-10-16 14:14:10 - [TEST_STEP][PASSED] - verifyElementPropertyValue(getResponse, "offers[7].groups[0].pricingPlans[0].pricingPlanData[0].priceLabel", "3.49"): Verify element property value successfully

2023-10-16 14:14:10 - [MESSAGE][PASSED] - Verify element property value successfully

2023-10-16 14:14:10 - [TEST_STEP][PASSED] - verifyElementPropertyValue(getResponse, "offers[7].groups[0].pricingPlans[0].pricingPlanData[0].currencyLabel", "BHD"): Verify element property value successfully

2023-10-16 14:14:10 - [MESSAGE][PASSED] - Verify element property value successfully

2023-10-16 14:14:10 - [TEST_STEP][PASSED] - verifyElementPropertyValue(getResponse, "offers[7].groups[0].pricingPlans[0].pricingPlanData[0].dealId", "WB_SPORT_50P_BHR"): Verify element property value successfully

2023-10-16 14:14:10 - [MESSAGE][PASSED] - Verify element property value successfully

2023-10-16 14:14:10 - [TEST_STEP][PASSED] - verifyElementPropertyValue(getResponse, "offers[7].groups[0].pricingPlans[0].pricingPlanData[0].allowedForAcquisition", "true"): Verify element property value successfully

2023-10-16 14:14:10 - [MESSAGE][PASSED] - Verify element property value successfully

2023-10-16 14:14:10 - [TEST_STEP][PASSED] - verifyElementPropertyValue(getResponse, "offers[7].groups[0].pricingPlans[0].pricingPlanData[0].visualElements[0].key", "title"): Verify element property value successfully

2023-10-16 14:14:10 - [MESSAGE][PASSED] - Verify element property value successfully

2023-10-16 14:14:10 - [TEST_STEP][PASSED] - verifyElementPropertyValue(getResponse, "offers[7].groups[0].pricingPlans[0].pricingPlanData[0].visualElements[0].value", "البطاقة المصرفية"): Verify element property value successfully

2023-10-16 14:14:10 - [MESSAGE][PASSED] - Verify element property value successfully

2023-10-16 14:14:10 - [TEST_STEP][PASSED] - verifyElementPropertyValue(getResponse, "offers[7].groups[0].pricingPlans[0].pricingPlanData[0].visualElements[1].key", "CTA_text"): Verify element property value successfully

2023-10-16 14:14:10 - [MESSAGE][PASSED] - Verify element property value successfully

2023-10-16 14:14:10 - [TEST_STEP][PASSED] - verifyElementPropertyValue(getResponse, "offers[7].groups[0].pricingPlans[0].pricingPlanData[0].visualElements[1].value", "اشترك"): Verify element property value successfully

2023-10-16 14:14:10 - [MESSAGE][PASSED] - Verify element property value successfully

2023-10-16 14:14:10 - [TEST_STEP][PASSED] - verifyElementPropertyValue(getResponse, "offers[7].groups[0].pricingPlans[0].pricingPlanData[0].visualElements[2].key", "logo"): Verify element property value successfully

2023-10-16 14:14:10 - [MESSAGE][PASSED] - Verify element property value successfully

2023-10-16 14:14:10 - [TEST_STEP][PASSED] - verifyElementPropertyValue(getResponse, "offers[7].groups[0].pricingPlans[0].pricingPlanData[0].visualElements[2].value", "https://static.s3.shahid.mbc.net/widget-images/icons/iconCreditCard.png"): Verify element property value successfully

2023-10-16 14:14:10 - [MESSAGE][PASSED] - Verify element property value successfully

2023-10-16 14:14:10 - [TEST_STEP][PASSED] - verifyElementPropertyValue(getResponse, "offers[11].offerId", "byg-sport-30-offer"): Verify element property value successfully

2023-10-16 14:14:10 - [MESSAGE][PASSED] - Verify element property value successfully

2023-10-16 14:14:10 - [TEST_STEP][PASSED] - verifyElementPropertyValue(getResponse, "offers[11].offerParam", "bygsportsoffer30"): Verify element property value successfully

2023-10-16 14:14:10 - [MESSAGE][PASSED] - Verify element property value successfully

2023-10-16 14:14:10 - [TEST_STEP][PASSED] - verifyElementPropertyValue(getResponse, "offers[11].groups[0].pricingPlans[0].featured", "true"): Verify element property value successfully

2023-10-16 14:14:10 - [MESSAGE][PASSED] - Verify element property value successfully

2023-10-16 14:14:10 - [TEST_STEP][PASSED] - verifyElementPropertyValue(getResponse, "offers[11].groups[0].pricingPlans[0].period", "monthly"): Verify element property value successfully

2023-10-16 14:14:10 - [MESSAGE][PASSED] - Verify element property value successfully

2023-10-16 14:14:10 - [TEST_STEP][PASSED] - verifyElementPropertyValue(getResponse, "offers[11].groups[0].pricingPlans[0].featured", "true"): Verify element property value successfully

2023-10-16 14:14:10 - [MESSAGE][PASSED] - Verify element property value successfully

2023-10-16 14:14:10 - [TEST_STEP][PASSED] - verifyElementPropertyValue(getResponse, "offers[11].groups[0].pricingPlans[0].price", "4.89"): Verify element property value successfully

2023-10-16 14:14:10 - [MESSAGE][PASSED] - Verify element property value successfully

2023-10-16 14:14:10 - [TEST_STEP][PASSED] - verifyElementPropertyValue(getResponse, "offers[11].groups[0].pricingPlans[0].currency", "BHD"): Verify element property value successfully

2023-10-16 14:14:10 - [MESSAGE][PASSED] - Verify element property value successfully

2023-10-16 14:14:10 - [TEST_STEP][PASSED] - verifyElementPropertyValue(getResponse, "offers[11].groups[0].pricingPlans[0].order", "0"): Verify element property value successfully

2023-10-16 14:14:10 - [MESSAGE][PASSED] - Verify element property value successfully

2023-10-16 14:14:10 - [TEST_STEP][PASSED] - verifyElementPropertyValue(getResponse, "offers[11].groups[0].pricingPlans[0].packageId", "SHAHID_VIP_SPORT"): Verify element property value successfully

2023-10-16 14:14:10 - [MESSAGE][PASSED] - Verify element property value successfully

2023-10-16 14:14:10 - [TEST_STEP][PASSED] - verifyElementPropertyValue(getResponse, "offers[11].groups[0].pricingPlans[0].catalogId", "SPORT"): Verify element property value successfully

2023-10-16 14:14:10 - [MESSAGE][PASSED] - Verify element property value successfully

2023-10-16 14:14:10 - [TEST_STEP][PASSED] - verifyElementPropertyValue(getResponse, "offers[11].groups[0].pricingPlans[0].visualElements[0].key", "Header_1_text"): Verify element property value successfully

2023-10-16 14:14:10 - [MESSAGE][PASSED] - Verify element property value successfully

2023-10-16 14:14:10 - [TEST_STEP][PASSED] - verifyElementPropertyValue(getResponse, "offers[11].groups[0].pricingPlans[0].visualElements[0].value", "شاهد أقوى المسلسلات و الأفلام حصرياً دون توقف"): Verify element property value successfully

2023-10-16 14:14:10 - [MESSAGE][PASSED] - Verify element property value successfully

2023-10-16 14:14:10 - [TEST_STEP][PASSED] - verifyElementPropertyValue(getResponse, "offers[11].groups[0].pricingPlans[0].visualElements[1].key", "display_title"): Verify element property value successfully

2023-10-16 14:14:10 - [MESSAGE][PASSED] - Verify element property value successfully

2023-10-16 14:14:10 - [TEST_STEP][PASSED] - verifyElementPropertyValue(getResponse, "offers[11].groups[0].pricingPlans[0].visualElements[1].value", "احصل على خصم 30%"): Verify element property value successfully

2023-10-16 14:14:10 - [MESSAGE][PASSED] - Verify element property value successfully

2023-10-16 14:14:10 - [TEST_STEP][PASSED] - verifyElementPropertyValue(getResponse, "offers[11].groups[0].pricingPlans[0].visualElements[3].key", "deduction_text"): Verify element property value successfully

2023-10-16 14:14:10 - [MESSAGE][PASSED] - Verify element property value successfully

2023-10-16 14:14:10 - [TEST_STEP][PASSED] - verifyElementPropertyValue(getResponse, "offers[11].groups[0].pricingPlans[0].visualElements[3].value", "تدفع شهرياً"): Verify element property value successfully

2023-10-16 14:14:10 - [MESSAGE][PASSED] - Verify element property value successfully

2023-10-16 14:14:10 - [TEST_STEP][PASSED] - verifyElementPropertyValue(getResponse, "offers[11].groups[0].pricingPlans[0].visualElements[6].key", "show_payment_logo"): Verify element property value successfully

2023-10-16 14:14:10 - [MESSAGE][PASSED] - Verify element property value successfully

2023-10-16 14:14:10 - [TEST_STEP][PASSED] - verifyElementPropertyValue(getResponse, "offers[11].groups[0].pricingPlans[0].visualElements[6].value", "true"): Verify element property value successfully

2023-10-16 14:14:10 - [MESSAGE][PASSED] - Verify element property value successfully

2023-10-16 14:14:10 - [TEST_STEP][PASSED] - verifyElementPropertyValue(getResponse, "offers[11].groups[0].pricingPlans[0].visualElements[8].key", "price"): Verify element property value successfully

2023-10-16 14:14:10 - [MESSAGE][PASSED] - Verify element property value successfully

2023-10-16 14:14:10 - [TEST_STEP][PASSED] - verifyElementPropertyValue(getResponse, "offers[11].groups[0].pricingPlans[0].visualElements[8].value", "4.89"): Verify element property value successfully

2023-10-16 14:14:10 - [MESSAGE][PASSED] - Verify element property value successfully

2023-10-16 14:14:10 - [TEST_STEP][PASSED] - verifyElementPropertyValue(getResponse, "offers[11].groups[0].pricingPlans[0].visualElements[9].key", "currency"): Verify element property value successfully

2023-10-16 14:14:10 - [MESSAGE][PASSED] - Verify element property value successfully

2023-10-16 14:14:10 - [TEST_STEP][PASSED] - verifyElementPropertyValue(getResponse, "offers[11].groups[0].pricingPlans[0].visualElements[9].value", "BHD"): Verify element property value successfully

2023-10-16 14:14:10 - [MESSAGE][PASSED] - Verify element property value successfully

2023-10-16 14:14:10 - [TEST_STEP][PASSED] - verifyElementPropertyValue(getResponse, "offers[11].groups[0].pricingPlans[0].visualElements[10].key", "duration"): Verify element property value successfully

2023-10-16 14:14:10 - [MESSAGE][PASSED] - Verify element property value successfully

2023-10-16 14:14:10 - [TEST_STEP][PASSED] - verifyElementPropertyValue(getResponse, "offers[11].groups[0].pricingPlans[0].visualElements[10].value", "شهرياً"): Verify element property value successfully

2023-10-16 14:14:10 - [MESSAGE][PASSED] - Verify element property value successfully

2023-10-16 14:14:10 - [TEST_STEP][PASSED] - verifyElementPropertyValue(getResponse, "offers[11].groups[0].pricingPlans[0].visualElements[11].key", "featured_tag_text"): Verify element property value successfully

2023-10-16 14:14:10 - [MESSAGE][PASSED] - Verify element property value successfully

2023-10-16 14:14:10 - [TEST_STEP][PASSED] - verifyElementPropertyValue(getResponse, "offers[11].groups[0].pricingPlans[0].visualElements[11].value", "عرض لمدة محدودة"): Verify element property value successfully

2023-10-16 14:14:10 - [MESSAGE][PASSED] - Verify element property value successfully

2023-10-16 14:14:10 - [TEST_STEP][PASSED] - verifyElementPropertyValue(getResponse, "offers[11].groups[0].pricingPlans[0].visualElements[13].key", "tag_text"): Verify element property value successfully

2023-10-16 14:14:10 - [MESSAGE][PASSED] - Verify element property value successfully

2023-10-16 14:14:10 - [TEST_STEP][PASSED] - verifyElementPropertyValue(getResponse, "offers[11].groups[0].pricingPlans[0].visualElements[13].value", "وفر 30%"): Verify element property value successfully

2023-10-16 14:14:10 - [MESSAGE][PASSED] - Verify element property value successfully

2023-10-16 14:14:10 - [TEST_STEP][PASSED] - verifyElementPropertyValue(getResponse, "offers[11].groups[0].pricingPlans[0].visualElements[12].key", "show_tag"): Verify element property value successfully

2023-10-16 14:14:10 - [MESSAGE][PASSED] - Verify element property value successfully

2023-10-16 14:14:10 - [TEST_STEP][PASSED] - verifyElementPropertyValue(getResponse, "offers[11].groups[0].pricingPlans[0].visualElements[12].value", "true"): Verify element property value successfully

2023-10-16 14:14:10 - [MESSAGE][PASSED] - Verify element property value successfully

2023-10-16 14:14:10 - [TEST_STEP][PASSED] - verifyElementPropertyValue(getResponse, "offers[11].groups[0].pricingPlans[0].pricingPlanData[0].productId", "BHR_B2C_SHAHID_VIP_SPORT_1M"): Verify element property value successfully

2023-10-16 14:14:10 - [MESSAGE][PASSED] - Verify element property value successfully

2023-10-16 14:14:10 - [TEST_STEP][PASSED] - verifyElementPropertyValue(getResponse, "offers[11].groups[0].pricingPlans[0].pricingPlanData[0].paymentMethod", "CREDIT_CARD"): Verify element property value successfully

2023-10-16 14:14:10 - [MESSAGE][PASSED] - Verify element property value successfully

2023-10-16 14:14:10 - [TEST_STEP][PASSED] - verifyElementPropertyValue(getResponse, "offers[11].groups[0].pricingPlans[0].pricingPlanData[0].freeTrialEnabled", "false"): Verify element property value successfully

2023-10-16 14:14:10 - [MESSAGE][PASSED] - Verify element property value successfully

2023-10-16 14:14:10 - [TEST_STEP][PASSED] - verifyElementPropertyValue(getResponse, "offers[11].groups[0].pricingPlans[0].pricingPlanData[0].showIn[0]", "VERTICAL_MODE"): Verify element property value successfully

2023-10-16 14:14:10 - [MESSAGE][PASSED] - Verify element property value successfully

2023-10-16 14:14:10 - [TEST_STEP][PASSED] - verifyElementPropertyValue(getResponse, "offers[11].groups[0].pricingPlans[0].pricingPlanData[0].showIn[1]", "HORIZONTAL_MODE"): Verify element property value successfully

2023-10-16 14:14:10 - [MESSAGE][PASSED] - Verify element property value successfully

2023-10-16 14:14:10 - [TEST_STEP][PASSED] - verifyElementPropertyValue(getResponse, "offers[11].groups[0].pricingPlans[0].pricingPlanData[0].priceLabel", "4.89"): Verify element property value successfully

2023-10-16 14:14:10 - [MESSAGE][PASSED] - Verify element property value successfully

2023-10-16 14:14:10 - [TEST_STEP][PASSED] - verifyElementPropertyValue(getResponse, "offers[11].groups[0].pricingPlans[0].pricingPlanData[0].currencyLabel", "BHD"): Verify element property value successfully

2023-10-16 14:14:11 - [MESSAGE][PASSED] - Verify element property value successfully

2023-10-16 14:14:11 - [TEST_STEP][PASSED] - verifyElementPropertyValue(getResponse, "offers[11].groups[0].pricingPlans[0].pricingPlanData[0].dealId", "BYG_SPORT_30P_BHR"): Verify element property value successfully

2023-10-16 14:14:11 - [MESSAGE][PASSED] - Verify element property value successfully

2023-10-16 14:14:11 - [TEST_STEP][PASSED] - verifyElementPropertyValue(getResponse, "offers[11].groups[0].pricingPlans[0].pricingPlanData[0].allowedForAcquisition", "true"): Verify element property value successfully

2023-10-16 14:14:11 - [MESSAGE][PASSED] - Verify element property value successfully

2023-10-16 14:14:11 - [TEST_STEP][PASSED] - verifyElementPropertyValue(getResponse, "offers[11].groups[0].pricingPlans[0].pricingPlanData[0].visualElements[0].key", "title"): Verify element property value successfully

2023-10-16 14:14:11 - [MESSAGE][PASSED] - Verify element property value successfully

2023-10-16 14:14:11 - [TEST_STEP][PASSED] - verifyElementPropertyValue(getResponse, "offers[11].groups[0].pricingPlans[0].pricingPlanData[0].visualElements[0].value", "البطاقة المصرفية"): Verify element property value successfully

2023-10-16 14:14:11 - [MESSAGE][PASSED] - Verify element property value successfully

2023-10-16 14:14:11 - [TEST_STEP][PASSED] - verifyElementPropertyValue(getResponse, "offers[11].groups[0].pricingPlans[0].pricingPlanData[0].visualElements[1].key", "CTA_text"): Verify element property value successfully

2023-10-16 14:14:11 - [MESSAGE][PASSED] - Verify element property value successfully

2023-10-16 14:14:11 - [TEST_STEP][PASSED] - verifyElementPropertyValue(getResponse, "offers[11].groups[0].pricingPlans[0].pricingPlanData[0].visualElements[1].value", "اشترك"): Verify element property value successfully

2023-10-16 14:14:11 - [MESSAGE][PASSED] - Verify element property value successfully

2023-10-16 14:14:11 - [TEST_STEP][PASSED] - verifyElementPropertyValue(getResponse, "offers[11].groups[0].pricingPlans[0].pricingPlanData[0].visualElements[2].key", "logo"): Verify element property value successfully

2023-10-16 14:14:11 - [MESSAGE][PASSED] - Verify element property value successfully

2023-10-16 14:14:11 - [TEST_STEP][PASSED] - verifyElementPropertyValue(getResponse, "offers[11].groups[0].pricingPlans[0].pricingPlanData[0].visualElements[2].value", "https://static.s3.shahid.mbc.net/widget-images/icons/iconCreditCard.png"): Verify element property value successfully

2023-10-16 14:14:11 - [MESSAGE][PASSED] - Verify element property value successfully

2023-10-16 14:14:11 - [TEST_STEP][PASSED] - verifyElementPropertyValue(getResponse, "offers[12].offerId", "byg-sport-40-offer"): Verify element property value successfully

2023-10-16 14:14:11 - [MESSAGE][PASSED] - Verify element property value successfully

2023-10-16 14:14:11 - [TEST_STEP][PASSED] - verifyElementPropertyValue(getResponse, "offers[12].offerParam", "bygsportsoffer40"): Verify element property value successfully

2023-10-16 14:14:11 - [MESSAGE][PASSED] - Verify element property value successfully

2023-10-16 14:14:11 - [TEST_STEP][PASSED] - verifyElementPropertyValue(getResponse, "offers[12].groups[0].pricingPlans[0].featured", "true"): Verify element property value successfully

2023-10-16 14:14:11 - [MESSAGE][PASSED] - Verify element property value successfully

2023-10-16 14:14:11 - [TEST_STEP][PASSED] - verifyElementPropertyValue(getResponse, "offers[12].groups[0].pricingPlans[0].period", "monthly"): Verify element property value successfully

2023-10-16 14:14:11 - [MESSAGE][PASSED] - Verify element property value successfully

2023-10-16 14:14:11 - [TEST_STEP][PASSED] - verifyElementPropertyValue(getResponse, "offers[12].groups[0].pricingPlans[0].featured", "true"): Verify element property value successfully

2023-10-16 14:14:11 - [MESSAGE][PASSED] - Verify element property value successfully

2023-10-16 14:14:11 - [TEST_STEP][PASSED] - verifyElementPropertyValue(getResponse, "offers[12].groups[0].pricingPlans[0].price", "4.19"): Verify element property value successfully

2023-10-16 14:14:11 - [MESSAGE][PASSED] - Verify element property value successfully

2023-10-16 14:14:11 - [TEST_STEP][PASSED] - verifyElementPropertyValue(getResponse, "offers[12].groups[0].pricingPlans[0].currency", "BHD"): Verify element property value successfully

2023-10-16 14:14:11 - [MESSAGE][PASSED] - Verify element property value successfully

2023-10-16 14:14:11 - [TEST_STEP][PASSED] - verifyElementPropertyValue(getResponse, "offers[12].groups[0].pricingPlans[0].order", "0"): Verify element property value successfully

2023-10-16 14:14:11 - [MESSAGE][PASSED] - Verify element property value successfully

2023-10-16 14:14:11 - [TEST_STEP][PASSED] - verifyElementPropertyValue(getResponse, "offers[12].groups[0].pricingPlans[0].packageId", "SHAHID_VIP_SPORT"): Verify element property value successfully

2023-10-16 14:14:11 - [MESSAGE][PASSED] - Verify element property value successfully

2023-10-16 14:14:11 - [TEST_STEP][PASSED] - verifyElementPropertyValue(getResponse, "offers[12].groups[0].pricingPlans[0].catalogId", "SPORT"): Verify element property value successfully

2023-10-16 14:14:11 - [MESSAGE][PASSED] - Verify element property value successfully

2023-10-16 14:14:11 - [TEST_STEP][PASSED] - verifyElementPropertyValue(getResponse, "offers[12].groups[0].pricingPlans[0].visualElements[0].key", "Header_1_text"): Verify element property value successfully

2023-10-16 14:14:11 - [MESSAGE][PASSED] - Verify element property value successfully

2023-10-16 14:14:11 - [TEST_STEP][PASSED] - verifyElementPropertyValue(getResponse, "offers[12].groups[0].pricingPlans[0].visualElements[0].value", "شاهد أقوى المسلسلات و الأفلام حصرياً دون توقف"): Verify element property value successfully

2023-10-16 14:14:11 - [MESSAGE][PASSED] - Verify element property value successfully

2023-10-16 14:14:11 - [TEST_STEP][PASSED] - verifyElementPropertyValue(getResponse, "offers[12].groups[0].pricingPlans[0].visualElements[1].key", "display_title"): Verify element property value successfully

2023-10-16 14:14:11 - [MESSAGE][PASSED] - Verify element property value successfully

2023-10-16 14:14:11 - [TEST_STEP][PASSED] - verifyElementPropertyValue(getResponse, "offers[12].groups[0].pricingPlans[0].visualElements[1].value", "احصل على خصم 40%"): Verify element property value successfully

2023-10-16 14:14:11 - [MESSAGE][PASSED] - Verify element property value successfully

2023-10-16 14:14:11 - [TEST_STEP][PASSED] - verifyElementPropertyValue(getResponse, "offers[12].groups[0].pricingPlans[0].visualElements[3].key", "deduction_text"): Verify element property value successfully

2023-10-16 14:14:11 - [MESSAGE][PASSED] - Verify element property value successfully

2023-10-16 14:14:11 - [TEST_STEP][PASSED] - verifyElementPropertyValue(getResponse, "offers[12].groups[0].pricingPlans[0].visualElements[3].value", "تدفع شهرياً"): Verify element property value successfully

2023-10-16 14:14:11 - [MESSAGE][PASSED] - Verify element property value successfully

2023-10-16 14:14:11 - [TEST_STEP][PASSED] - verifyElementPropertyValue(getResponse, "offers[12].groups[0].pricingPlans[0].visualElements[6].key", "show_payment_logo"): Verify element property value successfully

2023-10-16 14:14:11 - [MESSAGE][PASSED] - Verify element property value successfully

2023-10-16 14:14:11 - [TEST_STEP][PASSED] - verifyElementPropertyValue(getResponse, "offers[12].groups[0].pricingPlans[0].visualElements[6].value", "true"): Verify element property value successfully

2023-10-16 14:14:11 - [MESSAGE][PASSED] - Verify element property value successfully

2023-10-16 14:14:11 - [TEST_STEP][PASSED] - verifyElementPropertyValue(getResponse, "offers[12].groups[0].pricingPlans[0].visualElements[8].key", "price"): Verify element property value successfully

2023-10-16 14:14:11 - [MESSAGE][PASSED] - Verify element property value successfully

2023-10-16 14:14:11 - [TEST_STEP][PASSED] - verifyElementPropertyValue(getResponse, "offers[12].groups[0].pricingPlans[0].visualElements[8].value", "4.19"): Verify element property value successfully

2023-10-16 14:14:11 - [MESSAGE][PASSED] - Verify element property value successfully

2023-10-16 14:14:11 - [TEST_STEP][PASSED] - verifyElementPropertyValue(getResponse, "offers[12].groups[0].pricingPlans[0].visualElements[9].key", "currency"): Verify element property value successfully

2023-10-16 14:14:11 - [MESSAGE][PASSED] - Verify element property value successfully

2023-10-16 14:14:11 - [TEST_STEP][PASSED] - verifyElementPropertyValue(getResponse, "offers[12].groups[0].pricingPlans[0].visualElements[9].value", "BHD"): Verify element property value successfully

2023-10-16 14:14:11 - [MESSAGE][PASSED] - Verify element property value successfully

2023-10-16 14:14:11 - [TEST_STEP][PASSED] - verifyElementPropertyValue(getResponse, "offers[12].groups[0].pricingPlans[0].visualElements[10].key", "duration"): Verify element property value successfully

2023-10-16 14:14:11 - [MESSAGE][PASSED] - Verify element property value successfully

2023-10-16 14:14:11 - [TEST_STEP][PASSED] - verifyElementPropertyValue(getResponse, "offers[12].groups[0].pricingPlans[0].visualElements[10].value", "شهرياً"): Verify element property value successfully

2023-10-16 14:14:11 - [MESSAGE][PASSED] - Verify element property value successfully

2023-10-16 14:14:11 - [TEST_STEP][PASSED] - verifyElementPropertyValue(getResponse, "offers[12].groups[0].pricingPlans[0].visualElements[11].key", "featured_tag_text"): Verify element property value successfully

2023-10-16 14:14:11 - [MESSAGE][PASSED] - Verify element property value successfully

2023-10-16 14:14:11 - [TEST_STEP][PASSED] - verifyElementPropertyValue(getResponse, "offers[12].groups[0].pricingPlans[0].visualElements[11].value", "عرض لمدة محدودة"): Verify element property value successfully

2023-10-16 14:14:11 - [MESSAGE][PASSED] - Verify element property value successfully

2023-10-16 14:14:11 - [TEST_STEP][PASSED] - verifyElementPropertyValue(getResponse, "offers[12].groups[0].pricingPlans[0].visualElements[13].key", "tag_text"): Verify element property value successfully

2023-10-16 14:14:11 - [MESSAGE][PASSED] - Verify element property value successfully

2023-10-16 14:14:11 - [TEST_STEP][PASSED] - verifyElementPropertyValue(getResponse, "offers[12].groups[0].pricingPlans[0].visualElements[13].value", "وفر 40%"): Verify element property value successfully

2023-10-16 14:14:11 - [MESSAGE][PASSED] - Verify element property value successfully

2023-10-16 14:14:11 - [TEST_STEP][PASSED] - verifyElementPropertyValue(getResponse, "offers[12].groups[0].pricingPlans[0].visualElements[12].key", "show_tag"): Verify element property value successfully

2023-10-16 14:14:11 - [MESSAGE][PASSED] - Verify element property value successfully

2023-10-16 14:14:11 - [TEST_STEP][PASSED] - verifyElementPropertyValue(getResponse, "offers[12].groups[0].pricingPlans[0].visualElements[12].value", "true"): Verify element property value successfully

2023-10-16 14:14:11 - [MESSAGE][PASSED] - Verify element property value successfully

2023-10-16 14:14:11 - [TEST_STEP][PASSED] - verifyElementPropertyValue(getResponse, "offers[12].groups[0].pricingPlans[0].pricingPlanData[0].productId", "BHR_B2C_SHAHID_VIP_SPORT_1M"): Verify element property value successfully

2023-10-16 14:14:11 - [MESSAGE][PASSED] - Verify element property value successfully

2023-10-16 14:14:11 - [TEST_STEP][PASSED] - verifyElementPropertyValue(getResponse, "offers[12].groups[0].pricingPlans[0].pricingPlanData[0].paymentMethod", "CREDIT_CARD"): Verify element property value successfully

2023-10-16 14:14:11 - [MESSAGE][PASSED] - Verify element property value successfully

2023-10-16 14:14:11 - [TEST_STEP][PASSED] - verifyElementPropertyValue(getResponse, "offers[12].groups[0].pricingPlans[0].pricingPlanData[0].freeTrialEnabled", "false"): Verify element property value successfully

2023-10-16 14:14:11 - [MESSAGE][PASSED] - Verify element property value successfully

2023-10-16 14:14:11 - [TEST_STEP][PASSED] - verifyElementPropertyValue(getResponse, "offers[12].groups[0].pricingPlans[0].pricingPlanData[0].showIn[0]", "VERTICAL_MODE"): Verify element property value successfully

2023-10-16 14:14:11 - [MESSAGE][PASSED] - Verify element property value successfully

2023-10-16 14:14:11 - [TEST_STEP][PASSED] - verifyElementPropertyValue(getResponse, "offers[12].groups[0].pricingPlans[0].pricingPlanData[0].showIn[1]", "HORIZONTAL_MODE"): Verify element property value successfully

2023-10-16 14:14:11 - [MESSAGE][PASSED] - Verify element property value successfully

2023-10-16 14:14:11 - [TEST_STEP][PASSED] - verifyElementPropertyValue(getResponse, "offers[12].groups[0].pricingPlans[0].pricingPlanData[0].priceLabel", "4.19"): Verify element property value successfully

2023-10-16 14:14:11 - [MESSAGE][PASSED] - Verify element property value successfully

2023-10-16 14:14:11 - [TEST_STEP][PASSED] - verifyElementPropertyValue(getResponse, "offers[12].groups[0].pricingPlans[0].pricingPlanData[0].currencyLabel", "BHD"): Verify element property value successfully

2023-10-16 14:14:11 - [MESSAGE][PASSED] - Verify element property value successfully

2023-10-16 14:14:11 - [TEST_STEP][PASSED] - verifyElementPropertyValue(getResponse, "offers[12].groups[0].pricingPlans[0].pricingPlanData[0].dealId", "BYG_SPORT_40P_BHR"): Verify element property value successfully

2023-10-16 14:14:11 - [MESSAGE][PASSED] - Verify element property value successfully

2023-10-16 14:14:11 - [TEST_STEP][PASSED] - verifyElementPropertyValue(getResponse, "offers[12].groups[0].pricingPlans[0].pricingPlanData[0].allowedForAcquisition", "true"): Verify element property value successfully

2023-10-16 14:14:11 - [MESSAGE][PASSED] - Verify element property value successfully

2023-10-16 14:14:11 - [TEST_STEP][PASSED] - verifyElementPropertyValue(getResponse, "offers[12].groups[0].pricingPlans[0].pricingPlanData[0].visualElements[0].key", "title"): Verify element property value successfully

2023-10-16 14:14:11 - [MESSAGE][PASSED] - Verify element property value successfully

2023-10-16 14:14:11 - [TEST_STEP][PASSED] - verifyElementPropertyValue(getResponse, "offers[12].groups[0].pricingPlans[0].pricingPlanData[0].visualElements[0].value", "البطاقة المصرفية"): Verify element property value successfully

2023-10-16 14:14:11 - [MESSAGE][PASSED] - Verify element property value successfully

2023-10-16 14:14:11 - [TEST_STEP][PASSED] - verifyElementPropertyValue(getResponse, "offers[12].groups[0].pricingPlans[0].pricingPlanData[0].visualElements[1].key", "CTA_text"): Verify element property value successfully

2023-10-16 14:14:11 - [MESSAGE][PASSED] - Verify element property value successfully

2023-10-16 14:14:11 - [TEST_STEP][PASSED] - verifyElementPropertyValue(getResponse, "offers[12].groups[0].pricingPlans[0].pricingPlanData[0].visualElements[1].value", "اشترك"): Verify element property value successfully

2023-10-16 14:14:11 - [MESSAGE][PASSED] - Verify element property value successfully

2023-10-16 14:14:11 - [TEST_STEP][PASSED] - verifyElementPropertyValue(getResponse, "offers[12].groups[0].pricingPlans[0].pricingPlanData[0].visualElements[2].key", "logo"): Verify element property value successfully

2023-10-16 14:14:11 - [MESSAGE][PASSED] - Verify element property value successfully

2023-10-16 14:14:11 - [TEST_STEP][PASSED] - verifyElementPropertyValue(getResponse, "offers[12].groups[0].pricingPlans[0].pricingPlanData[0].visualElements[2].value", "https://static.s3.shahid.mbc.net/widget-images/icons/iconCreditCard.png"): Verify element property value successfully

2023-10-16 14:14:11 - [MESSAGE][PASSED] - Verify element property value successfully

2023-10-16 14:14:11 - [TEST_STEP][PASSED] - verifyElementPropertyValue(getResponse, "offers[13].offerId", "byg-sport-50-offer"): Verify element property value successfully

2023-10-16 14:14:11 - [MESSAGE][PASSED] - Verify element property value successfully

2023-10-16 14:14:11 - [TEST_STEP][PASSED] - verifyElementPropertyValue(getResponse, "offers[13].offerParam", "bygsportsoffer50"): Verify element property value successfully

2023-10-16 14:14:11 - [MESSAGE][PASSED] - Verify element property value successfully

2023-10-16 14:14:11 - [TEST_STEP][PASSED] - verifyElementPropertyValue(getResponse, "offers[13].groups[0].pricingPlans[0].featured", "true"): Verify element property value successfully

2023-10-16 14:14:11 - [MESSAGE][PASSED] - Verify element property value successfully

2023-10-16 14:14:11 - [TEST_STEP][PASSED] - verifyElementPropertyValue(getResponse, "offers[13].groups[0].pricingPlans[0].period", "monthly"): Verify element property value successfully

2023-10-16 14:14:11 - [MESSAGE][PASSED] - Verify element property value successfully

2023-10-16 14:14:11 - [TEST_STEP][PASSED] - verifyElementPropertyValue(getResponse, "offers[13].groups[0].pricingPlans[0].featured", "true"): Verify element property value successfully

2023-10-16 14:14:11 - [MESSAGE][PASSED] - Verify element property value successfully

2023-10-16 14:14:11 - [TEST_STEP][PASSED] - verifyElementPropertyValue(getResponse, "offers[13].groups[0].pricingPlans[0].price", "3.49"): Verify element property value successfully

2023-10-16 14:14:11 - [MESSAGE][PASSED] - Verify element property value successfully

2023-10-16 14:14:11 - [TEST_STEP][PASSED] - verifyElementPropertyValue(getResponse, "offers[13].groups[0].pricingPlans[0].currency", "BHD"): Verify element property value successfully

2023-10-16 14:14:11 - [MESSAGE][PASSED] - Verify element property value successfully

2023-10-16 14:14:11 - [TEST_STEP][PASSED] - verifyElementPropertyValue(getResponse, "offers[13].groups[0].pricingPlans[0].order", "0"): Verify element property value successfully

2023-10-16 14:14:11 - [MESSAGE][PASSED] - Verify element property value successfully

2023-10-16 14:14:11 - [TEST_STEP][PASSED] - verifyElementPropertyValue(getResponse, "offers[13].groups[0].pricingPlans[0].packageId", "SHAHID_VIP_SPORT"): Verify element property value successfully

2023-10-16 14:14:11 - [MESSAGE][PASSED] - Verify element property value successfully

2023-10-16 14:14:11 - [TEST_STEP][PASSED] - verifyElementPropertyValue(getResponse, "offers[13].groups[0].pricingPlans[0].catalogId", "SPORT"): Verify element property value successfully

2023-10-16 14:14:11 - [MESSAGE][PASSED] - Verify element property value successfully

2023-10-16 14:14:11 - [TEST_STEP][PASSED] - verifyElementPropertyValue(getResponse, "offers[13].groups[0].pricingPlans[0].visualElements[0].key", "Header_1_text"): Verify element property value successfully

2023-10-16 14:14:11 - [MESSAGE][PASSED] - Verify element property value successfully

2023-10-16 14:14:11 - [TEST_STEP][PASSED] - verifyElementPropertyValue(getResponse, "offers[13].groups[0].pricingPlans[0].visualElements[0].value", "شاهد أقوى المسلسلات و الأفلام حصرياً دون توقف"): Verify element property value successfully

2023-10-16 14:14:11 - [MESSAGE][PASSED] - Verify element property value successfully

2023-10-16 14:14:11 - [TEST_STEP][PASSED] - verifyElementPropertyValue(getResponse, "offers[13].groups[0].pricingPlans[0].visualElements[1].key", "display_title"): Verify element property value successfully

2023-10-16 14:14:11 - [MESSAGE][PASSED] - Verify element property value successfully

2023-10-16 14:14:11 - [TEST_STEP][PASSED] - verifyElementPropertyValue(getResponse, "offers[13].groups[0].pricingPlans[0].visualElements[1].value", "احصل على خصم 50%"): Verify element property value successfully

2023-10-16 14:14:11 - [MESSAGE][PASSED] - Verify element property value successfully

2023-10-16 14:14:11 - [TEST_STEP][PASSED] - verifyElementPropertyValue(getResponse, "offers[13].groups[0].pricingPlans[0].visualElements[3].key", "deduction_text"): Verify element property value successfully

2023-10-16 14:14:11 - [MESSAGE][PASSED] - Verify element property value successfully

2023-10-16 14:14:11 - [TEST_STEP][PASSED] - verifyElementPropertyValue(getResponse, "offers[13].groups[0].pricingPlans[0].visualElements[3].value", "تدفع شهرياً"): Verify element property value successfully

2023-10-16 14:14:11 - [MESSAGE][PASSED] - Verify element property value successfully

2023-10-16 14:14:11 - [TEST_STEP][PASSED] - verifyElementPropertyValue(getResponse, "offers[13].groups[0].pricingPlans[0].visualElements[6].key", "show_payment_logo"): Verify element property value successfully

2023-10-16 14:14:11 - [MESSAGE][PASSED] - Verify element property value successfully

2023-10-16 14:14:11 - [TEST_STEP][PASSED] - verifyElementPropertyValue(getResponse, "offers[13].groups[0].pricingPlans[0].visualElements[6].value", "true"): Verify element property value successfully

2023-10-16 14:14:11 - [MESSAGE][PASSED] - Verify element property value successfully

2023-10-16 14:14:11 - [TEST_STEP][PASSED] - verifyElementPropertyValue(getResponse, "offers[13].groups[0].pricingPlans[0].visualElements[8].key", "price"): Verify element property value successfully

2023-10-16 14:14:11 - [MESSAGE][PASSED] - Verify element property value successfully

2023-10-16 14:14:11 - [TEST_STEP][PASSED] - verifyElementPropertyValue(getResponse, "offers[13].groups[0].pricingPlans[0].visualElements[8].value", "3.49"): Verify element property value successfully

2023-10-16 14:14:11 - [MESSAGE][PASSED] - Verify element property value successfully

2023-10-16 14:14:11 - [TEST_STEP][PASSED] - verifyElementPropertyValue(getResponse, "offers[13].groups[0].pricingPlans[0].visualElements[9].key", "currency"): Verify element property value successfully

2023-10-16 14:14:11 - [MESSAGE][PASSED] - Verify element property value successfully

2023-10-16 14:14:11 - [TEST_STEP][PASSED] - verifyElementPropertyValue(getResponse, "offers[13].groups[0].pricingPlans[0].visualElements[9].value", "BHD"): Verify element property value successfully

2023-10-16 14:14:11 - [MESSAGE][PASSED] - Verify element property value successfully

2023-10-16 14:14:11 - [TEST_STEP][PASSED] - verifyElementPropertyValue(getResponse, "offers[13].groups[0].pricingPlans[0].visualElements[10].key", "duration"): Verify element property value successfully

2023-10-16 14:14:11 - [MESSAGE][PASSED] - Verify element property value successfully

2023-10-16 14:14:11 - [TEST_STEP][PASSED] - verifyElementPropertyValue(getResponse, "offers[13].groups[0].pricingPlans[0].visualElements[10].value", "شهرياً"): Verify element property value successfully

2023-10-16 14:14:11 - [MESSAGE][PASSED] - Verify element property value successfully

2023-10-16 14:14:11 - [TEST_STEP][PASSED] - verifyElementPropertyValue(getResponse, "offers[13].groups[0].pricingPlans[0].visualElements[11].key", "featured_tag_text"): Verify element property value successfully

2023-10-16 14:14:11 - [MESSAGE][PASSED] - Verify element property value successfully

2023-10-16 14:14:11 - [TEST_STEP][PASSED] - verifyElementPropertyValue(getResponse, "offers[13].groups[0].pricingPlans[0].visualElements[11].value", "عرض لمدة محدودة"): Verify element property value successfully

2023-10-16 14:14:11 - [MESSAGE][PASSED] - Verify element property value successfully

2023-10-16 14:14:11 - [TEST_STEP][PASSED] - verifyElementPropertyValue(getResponse, "offers[13].groups[0].pricingPlans[0].visualElements[13].key", "tag_text"): Verify element property value successfully

2023-10-16 14:14:11 - [MESSAGE][PASSED] - Verify element property value successfully

2023-10-16 14:14:11 - [TEST_STEP][PASSED] - verifyElementPropertyValue(getResponse, "offers[13].groups[0].pricingPlans[0].visualElements[13].value", "وفر 50%"): Verify element property value successfully

2023-10-16 14:14:11 - [MESSAGE][PASSED] - Verify element property value successfully

2023-10-16 14:14:11 - [TEST_STEP][PASSED] - verifyElementPropertyValue(getResponse, "offers[13].groups[0].pricingPlans[0].visualElements[12].key", "show_tag"): Verify element property value successfully

2023-10-16 14:14:11 - [MESSAGE][PASSED] - Verify element property value successfully

2023-10-16 14:14:11 - [TEST_STEP][PASSED] - verifyElementPropertyValue(getResponse, "offers[13].groups[0].pricingPlans[0].visualElements[12].value", "true"): Verify element property value successfully

2023-10-16 14:14:11 - [MESSAGE][PASSED] - Verify element property value successfully

2023-10-16 14:14:11 - [TEST_STEP][PASSED] - verifyElementPropertyValue(getResponse, "offers[13].groups[0].pricingPlans[0].pricingPlanData[0].productId", "BHR_B2C_SHAHID_VIP_SPORT_1M"): Verify element property value successfully

2023-10-16 14:14:11 - [MESSAGE][PASSED] - Verify element property value successfully

2023-10-16 14:14:11 - [TEST_STEP][PASSED] - verifyElementPropertyValue(getResponse, "offers[13].groups[0].pricingPlans[0].pricingPlanData[0].paymentMethod", "CREDIT_CARD"): Verify element property value successfully

2023-10-16 14:14:11 - [MESSAGE][PASSED] - Verify element property value successfully

2023-10-16 14:14:11 - [TEST_STEP][PASSED] - verifyElementPropertyValue(getResponse, "offers[13].groups[0].pricingPlans[0].pricingPlanData[0].freeTrialEnabled", "false"): Verify element property value successfully

2023-10-16 14:14:11 - [MESSAGE][PASSED] - Verify element property value successfully

2023-10-16 14:14:11 - [TEST_STEP][PASSED] - verifyElementPropertyValue(getResponse, "offers[13].groups[0].pricingPlans[0].pricingPlanData[0].showIn[0]", "VERTICAL_MODE"): Verify element property value successfully

2023-10-16 14:14:11 - [MESSAGE][PASSED] - Verify element property value successfully

2023-10-16 14:14:11 - [TEST_STEP][PASSED] - verifyElementPropertyValue(getResponse, "offers[13].groups[0].pricingPlans[0].pricingPlanData[0].showIn[1]", "HORIZONTAL_MODE"): Verify element property value successfully

2023-10-16 14:14:11 - [MESSAGE][PASSED] - Verify element property value successfully

2023-10-16 14:14:11 - [TEST_STEP][PASSED] - verifyElementPropertyValue(getResponse, "offers[13].groups[0].pricingPlans[0].pricingPlanData[0].priceLabel", "3.49"): Verify element property value successfully

2023-10-16 14:14:11 - [MESSAGE][PASSED] - Verify element property value successfully

2023-10-16 14:14:11 - [TEST_STEP][PASSED] - verifyElementPropertyValue(getResponse, "offers[13].groups[0].pricingPlans[0].pricingPlanData[0].currencyLabel", "BHD"): Verify element property value successfully

2023-10-16 14:14:11 - [MESSAGE][PASSED] - Verify element property value successfully

2023-10-16 14:14:11 - [TEST_STEP][PASSED] - verifyElementPropertyValue(getResponse, "offers[13].groups[0].pricingPlans[0].pricingPlanData[0].dealId", "BYG_SPORT_50P_BHR"): Verify element property value successfully

2023-10-16 14:14:11 - [MESSAGE][PASSED] - Verify element property value successfully

2023-10-16 14:14:11 - [TEST_STEP][PASSED] - verifyElementPropertyValue(getResponse, "offers[13].groups[0].pricingPlans[0].pricingPlanData[0].allowedForAcquisition", "true"): Verify element property value successfully

2023-10-16 14:14:11 - [MESSAGE][PASSED] - Verify element property value successfully

2023-10-16 14:14:11 - [TEST_STEP][PASSED] - verifyElementPropertyValue(getResponse, "offers[13].groups[0].pricingPlans[0].pricingPlanData[0].visualElements[0].key", "title"): Verify element property value successfully

2023-10-16 14:14:11 - [MESSAGE][PASSED] - Verify element property value successfully

2023-10-16 14:14:11 - [TEST_STEP][PASSED] - verifyElementPropertyValue(getResponse, "offers[13].groups[0].pricingPlans[0].pricingPlanData[0].visualElements[0].value", "البطاقة المصرفية"): Verify element property value successfully

2023-10-16 14:14:11 - [MESSAGE][PASSED] - Verify element property value successfully

2023-10-16 14:14:11 - [TEST_STEP][PASSED] - verifyElementPropertyValue(getResponse, "offers[13].groups[0].pricingPlans[0].pricingPlanData[0].visualElements[1].key", "CTA_text"): Verify element property value successfully

2023-10-16 14:14:11 - [MESSAGE][PASSED] - Verify element property value successfully

2023-10-16 14:14:11 - [TEST_STEP][PASSED] - verifyElementPropertyValue(getResponse, "offers[13].groups[0].pricingPlans[0].pricingPlanData[0].visualElements[1].value", "اشترك"): Verify element property value successfully

2023-10-16 14:14:11 - [MESSAGE][PASSED] - Verify element property value successfully

2023-10-16 14:14:11 - [TEST_STEP][PASSED] - verifyElementPropertyValue(getResponse, "offers[13].groups[0].pricingPlans[0].pricingPlanData[0].visualElements[2].key", "logo"): Verify element property value successfully

2023-10-16 14:14:11 - [MESSAGE][PASSED] - Verify element property value successfully

2023-10-16 14:14:11 - [TEST_STEP][PASSED] - verifyElementPropertyValue(getResponse, "offers[13].groups[0].pricingPlans[0].pricingPlanData[0].visualElements[2].value", "https://static.s3.shahid.mbc.net/widget-images/icons/iconCreditCard.png"): Verify element property value successfully

2023-10-16 14:14:11 - [MESSAGE][PASSED] - Verify element property value successfully]]></system-out>
         <system-err><![CDATA[]]></system-err>
      </testcase>
      <testcase name="Test Cases/WEB - CHROME/BHR PI/WEB_AR_getOffersForBHR_VIP" time="4.931" classname="Test Cases/WEB - CHROME/BHR PI/WEB_AR_getOffersForBHR_VIP" status="PASSED">
         <system-out><![CDATA[2023-10-16 14:14:11 - [TEST_CASE][PASSED] - Test Cases/WEB - CHROME/BHR PI/WEB_AR_getOffersForBHR_VIP: Test Cases/WEB - CHROME/BHR PI/WEB_AR_getOffersForBHR_VIP

2023-10-16 14:14:12 - [TEST_STEP][PASSED] - getResponse = config_files.getConfigFile.getConfig("WEB", "AR", "SHAHID_VIP", "BH", "false"): config_files.getConfigFile.getConfig is PASSED

2023-10-16 14:14:13 - [MESSAGE][INFO] - HAR: /Users/admin/git/shahid-configuration/Reports/20231016_140310/WEB/BHR/20231016_140329/requests/main/5.har

2023-10-16 14:14:13 - [MESSAGE][PASSED] - Send request successfully

2023-10-16 14:14:13 - [MESSAGE][PASSED] - config_files.getConfigFile.getConfig is PASSED

2023-10-16 14:14:13 - [TEST_STEP][PASSED] - verifyResponseStatusCode(getResponse, 200): Verify response status code successfully

2023-10-16 14:14:13 - [MESSAGE][PASSED] - Verify response status code successfully

2023-10-16 14:14:13 - [TEST_STEP][PASSED] - verifyElementPropertyValue(getResponse, "country", "BHR"): Verify element property value successfully

2023-10-16 14:14:13 - [MESSAGE][PASSED] - Verify element property value successfully

2023-10-16 14:14:13 - [TEST_STEP][PASSED] - verifyElementPropertyValue(getResponse, "platform", "[WEB]"): Verify element property value successfully

2023-10-16 14:14:13 - [MESSAGE][PASSED] - Verify element property value successfully

2023-10-16 14:14:13 - [TEST_STEP][PASSED] - verifyElementPropertyValue(getResponse, "offers[0].offerId", "winback-30-offer"): Verify element property value successfully

2023-10-16 14:14:13 - [MESSAGE][PASSED] - Verify element property value successfully

2023-10-16 14:14:13 - [TEST_STEP][PASSED] - verifyElementPropertyValue(getResponse, "offers[0].offerParam", "winback30"): Verify element property value successfully

2023-10-16 14:14:13 - [MESSAGE][PASSED] - Verify element property value successfully

2023-10-16 14:14:13 - [TEST_STEP][PASSED] - verifyElementPropertyValue(getResponse, "offers[0].groups[0].pricingPlans[0].featured", "true"): Verify element property value successfully

2023-10-16 14:14:13 - [MESSAGE][PASSED] - Verify element property value successfully

2023-10-16 14:14:13 - [TEST_STEP][PASSED] - verifyElementPropertyValue(getResponse, "offers[0].groups[0].pricingPlans[0].period", "monthly"): Verify element property value successfully

2023-10-16 14:14:13 - [MESSAGE][PASSED] - Verify element property value successfully

2023-10-16 14:14:13 - [TEST_STEP][PASSED] - verifyElementPropertyValue(getResponse, "offers[0].groups[0].pricingPlans[0].featured", "true"): Verify element property value successfully

2023-10-16 14:14:13 - [MESSAGE][PASSED] - Verify element property value successfully

2023-10-16 14:14:13 - [TEST_STEP][PASSED] - verifyElementPropertyValue(getResponse, "offers[0].groups[0].pricingPlans[0].price", "2.79"): Verify element property value successfully

2023-10-16 14:14:13 - [MESSAGE][PASSED] - Verify element property value successfully

2023-10-16 14:14:13 - [TEST_STEP][PASSED] - verifyElementPropertyValue(getResponse, "offers[0].groups[0].pricingPlans[0].currency", "BHD"): Verify element property value successfully

2023-10-16 14:14:13 - [MESSAGE][PASSED] - Verify element property value successfully

2023-10-16 14:14:13 - [TEST_STEP][PASSED] - verifyElementPropertyValue(getResponse, "offers[0].groups[0].pricingPlans[0].order", "0"): Verify element property value successfully

2023-10-16 14:14:13 - [MESSAGE][PASSED] - Verify element property value successfully

2023-10-16 14:14:13 - [TEST_STEP][PASSED] - verifyElementPropertyValue(getResponse, "offers[0].groups[0].pricingPlans[0].packageId", "SHAHID_VIP"): Verify element property value successfully

2023-10-16 14:14:13 - [MESSAGE][PASSED] - Verify element property value successfully

2023-10-16 14:14:13 - [TEST_STEP][PASSED] - verifyElementPropertyValue(getResponse, "offers[0].groups[0].pricingPlans[0].catalogId", "VIP"): Verify element property value successfully

2023-10-16 14:14:13 - [MESSAGE][PASSED] - Verify element property value successfully

2023-10-16 14:14:13 - [TEST_STEP][PASSED] - verifyElementPropertyValue(getResponse, "offers[0].groups[0].pricingPlans[0].visualElements[0].key", "Header_1_text"): Verify element property value successfully

2023-10-16 14:14:13 - [MESSAGE][PASSED] - Verify element property value successfully

2023-10-16 14:14:13 - [TEST_STEP][PASSED] - verifyElementPropertyValue(getResponse, "offers[0].groups[0].pricingPlans[0].visualElements[0].value", "شاهد أقوى المسلسلات و الأفلام حصرياً دون توقف"): Verify element property value successfully

2023-10-16 14:14:13 - [MESSAGE][PASSED] - Verify element property value successfully

2023-10-16 14:14:13 - [TEST_STEP][PASSED] - verifyElementPropertyValue(getResponse, "offers[0].groups[0].pricingPlans[0].visualElements[1].key", "display_title"): Verify element property value successfully

2023-10-16 14:14:13 - [MESSAGE][PASSED] - Verify element property value successfully

2023-10-16 14:14:13 - [TEST_STEP][PASSED] - verifyElementPropertyValue(getResponse, "offers[0].groups[0].pricingPlans[0].visualElements[1].value", "احصل على خصم 30%"): Verify element property value successfully

2023-10-16 14:14:13 - [MESSAGE][PASSED] - Verify element property value successfully

2023-10-16 14:14:13 - [TEST_STEP][PASSED] - verifyElementPropertyValue(getResponse, "offers[0].groups[0].pricingPlans[0].visualElements[2].key", "promo_text"): Verify element property value successfully

2023-10-16 14:14:13 - [MESSAGE][PASSED] - Verify element property value successfully

2023-10-16 14:14:13 - [TEST_STEP][PASSED] - verifyElementPropertyValue(getResponse, "offers[0].groups[0].pricingPlans[0].visualElements[2].value", "3.49 BHD / شهرياً"): Verify element property value successfully

2023-10-16 14:14:13 - [MESSAGE][PASSED] - Verify element property value successfully

2023-10-16 14:14:13 - [TEST_STEP][PASSED] - verifyElementPropertyValue(getResponse, "offers[0].groups[0].pricingPlans[0].visualElements[3].key", "deduction_text"): Verify element property value successfully

2023-10-16 14:14:13 - [MESSAGE][PASSED] - Verify element property value successfully

2023-10-16 14:14:13 - [TEST_STEP][PASSED] - verifyElementPropertyValue(getResponse, "offers[0].groups[0].pricingPlans[0].visualElements[3].value", "تدفع شهرياً"): Verify element property value successfully

2023-10-16 14:14:13 - [MESSAGE][PASSED] - Verify element property value successfully

2023-10-16 14:14:13 - [TEST_STEP][PASSED] - verifyElementPropertyValue(getResponse, "offers[0].groups[0].pricingPlans[0].visualElements[6].key", "show_payment_logo"): Verify element property value successfully

2023-10-16 14:14:13 - [MESSAGE][PASSED] - Verify element property value successfully

2023-10-16 14:14:13 - [TEST_STEP][PASSED] - verifyElementPropertyValue(getResponse, "offers[0].groups[0].pricingPlans[0].visualElements[6].value", "true"): Verify element property value successfully

2023-10-16 14:14:13 - [MESSAGE][PASSED] - Verify element property value successfully

2023-10-16 14:14:13 - [TEST_STEP][PASSED] - verifyElementPropertyValue(getResponse, "offers[0].groups[0].pricingPlans[0].visualElements[8].key", "price"): Verify element property value successfully

2023-10-16 14:14:13 - [MESSAGE][PASSED] - Verify element property value successfully

2023-10-16 14:14:13 - [TEST_STEP][PASSED] - verifyElementPropertyValue(getResponse, "offers[0].groups[0].pricingPlans[0].visualElements[8].value", "2.79"): Verify element property value successfully

2023-10-16 14:14:13 - [MESSAGE][PASSED] - Verify element property value successfully

2023-10-16 14:14:13 - [TEST_STEP][PASSED] - verifyElementPropertyValue(getResponse, "offers[0].groups[0].pricingPlans[0].visualElements[9].key", "currency"): Verify element property value successfully

2023-10-16 14:14:13 - [MESSAGE][PASSED] - Verify element property value successfully

2023-10-16 14:14:13 - [TEST_STEP][PASSED] - verifyElementPropertyValue(getResponse, "offers[0].groups[0].pricingPlans[0].visualElements[9].value", "BHD"): Verify element property value successfully

2023-10-16 14:14:13 - [MESSAGE][PASSED] - Verify element property value successfully

2023-10-16 14:14:13 - [TEST_STEP][PASSED] - verifyElementPropertyValue(getResponse, "offers[0].groups[0].pricingPlans[0].visualElements[10].key", "duration"): Verify element property value successfully

2023-10-16 14:14:13 - [MESSAGE][PASSED] - Verify element property value successfully

2023-10-16 14:14:13 - [TEST_STEP][PASSED] - verifyElementPropertyValue(getResponse, "offers[0].groups[0].pricingPlans[0].visualElements[10].value", "شهرياً"): Verify element property value successfully

2023-10-16 14:14:13 - [MESSAGE][PASSED] - Verify element property value successfully

2023-10-16 14:14:13 - [TEST_STEP][PASSED] - verifyElementPropertyValue(getResponse, "offers[0].groups[0].pricingPlans[0].visualElements[11].key", "featured_tag_text"): Verify element property value successfully

2023-10-16 14:14:13 - [MESSAGE][PASSED] - Verify element property value successfully

2023-10-16 14:14:13 - [TEST_STEP][PASSED] - verifyElementPropertyValue(getResponse, "offers[0].groups[0].pricingPlans[0].visualElements[11].value", "عرض لمدة محدودة"): Verify element property value successfully

2023-10-16 14:14:13 - [MESSAGE][PASSED] - Verify element property value successfully

2023-10-16 14:14:13 - [TEST_STEP][PASSED] - verifyElementPropertyValue(getResponse, "offers[0].groups[0].pricingPlans[0].visualElements[13].key", "tag_text"): Verify element property value successfully

2023-10-16 14:14:13 - [MESSAGE][PASSED] - Verify element property value successfully

2023-10-16 14:14:13 - [TEST_STEP][PASSED] - verifyElementPropertyValue(getResponse, "offers[0].groups[0].pricingPlans[0].visualElements[13].value", "وفر 30%"): Verify element property value successfully

2023-10-16 14:14:13 - [MESSAGE][PASSED] - Verify element property value successfully

2023-10-16 14:14:13 - [TEST_STEP][PASSED] - verifyElementPropertyValue(getResponse, "offers[0].groups[0].pricingPlans[0].visualElements[12].key", "show_tag"): Verify element property value successfully

2023-10-16 14:14:13 - [MESSAGE][PASSED] - Verify element property value successfully

2023-10-16 14:14:13 - [TEST_STEP][PASSED] - verifyElementPropertyValue(getResponse, "offers[0].groups[0].pricingPlans[0].visualElements[12].value", "true"): Verify element property value successfully

2023-10-16 14:14:13 - [MESSAGE][PASSED] - Verify element property value successfully

2023-10-16 14:14:13 - [TEST_STEP][PASSED] - verifyElementPropertyValue(getResponse, "offers[0].groups[0].pricingPlans[0].pricingPlanData[0].productId", "BHR_B2C_SHAHID_VIP_1M"): Verify element property value successfully

2023-10-16 14:14:13 - [MESSAGE][PASSED] - Verify element property value successfully

2023-10-16 14:14:13 - [TEST_STEP][PASSED] - verifyElementPropertyValue(getResponse, "offers[0].groups[0].pricingPlans[0].pricingPlanData[0].paymentMethod", "CREDIT_CARD"): Verify element property value successfully

2023-10-16 14:14:13 - [MESSAGE][PASSED] - Verify element property value successfully

2023-10-16 14:14:13 - [TEST_STEP][PASSED] - verifyElementPropertyValue(getResponse, "offers[0].groups[0].pricingPlans[0].pricingPlanData[0].freeTrialEnabled", "false"): Verify element property value successfully

2023-10-16 14:14:13 - [MESSAGE][PASSED] - Verify element property value successfully

2023-10-16 14:14:13 - [TEST_STEP][PASSED] - verifyElementPropertyValue(getResponse, "offers[0].groups[0].pricingPlans[0].pricingPlanData[0].showIn[0]", "VERTICAL_MODE"): Verify element property value successfully

2023-10-16 14:14:13 - [MESSAGE][PASSED] - Verify element property value successfully

2023-10-16 14:14:13 - [TEST_STEP][PASSED] - verifyElementPropertyValue(getResponse, "offers[0].groups[0].pricingPlans[0].pricingPlanData[0].showIn[1]", "HORIZONTAL_MODE"): Verify element property value successfully

2023-10-16 14:14:13 - [MESSAGE][PASSED] - Verify element property value successfully

2023-10-16 14:14:13 - [TEST_STEP][PASSED] - verifyElementPropertyValue(getResponse, "offers[0].groups[0].pricingPlans[0].pricingPlanData[0].priceLabel", "2.79"): Verify element property value successfully

2023-10-16 14:14:13 - [MESSAGE][PASSED] - Verify element property value successfully

2023-10-16 14:14:13 - [TEST_STEP][PASSED] - verifyElementPropertyValue(getResponse, "offers[0].groups[0].pricingPlans[0].pricingPlanData[0].currencyLabel", "BHD"): Verify element property value successfully

2023-10-16 14:14:13 - [MESSAGE][PASSED] - Verify element property value successfully

2023-10-16 14:14:13 - [TEST_STEP][PASSED] - verifyElementPropertyValue(getResponse, "offers[0].groups[0].pricingPlans[0].pricingPlanData[0].dealId", "RE_30P_BHR"): Verify element property value successfully

2023-10-16 14:14:13 - [MESSAGE][PASSED] - Verify element property value successfully

2023-10-16 14:14:13 - [TEST_STEP][PASSED] - verifyElementPropertyValue(getResponse, "offers[0].groups[0].pricingPlans[0].pricingPlanData[0].allowedForAcquisition", "true"): Verify element property value successfully

2023-10-16 14:14:13 - [MESSAGE][PASSED] - Verify element property value successfully

2023-10-16 14:14:13 - [TEST_STEP][PASSED] - verifyElementPropertyValue(getResponse, "offers[0].groups[0].pricingPlans[0].pricingPlanData[0].visualElements[0].key", "title"): Verify element property value successfully

2023-10-16 14:14:13 - [MESSAGE][PASSED] - Verify element property value successfully

2023-10-16 14:14:13 - [TEST_STEP][PASSED] - verifyElementPropertyValue(getResponse, "offers[0].groups[0].pricingPlans[0].pricingPlanData[0].visualElements[0].value", "البطاقة المصرفية"): Verify element property value successfully

2023-10-16 14:14:13 - [MESSAGE][PASSED] - Verify element property value successfully

2023-10-16 14:14:13 - [TEST_STEP][PASSED] - verifyElementPropertyValue(getResponse, "offers[0].groups[0].pricingPlans[0].pricingPlanData[0].visualElements[1].key", "CTA_text"): Verify element property value successfully

2023-10-16 14:14:14 - [MESSAGE][PASSED] - Verify element property value successfully

2023-10-16 14:14:14 - [TEST_STEP][PASSED] - verifyElementPropertyValue(getResponse, "offers[0].groups[0].pricingPlans[0].pricingPlanData[0].visualElements[1].value", "اشترك"): Verify element property value successfully

2023-10-16 14:14:14 - [MESSAGE][PASSED] - Verify element property value successfully

2023-10-16 14:14:14 - [TEST_STEP][PASSED] - verifyElementPropertyValue(getResponse, "offers[0].groups[0].pricingPlans[0].pricingPlanData[0].visualElements[2].key", "logo"): Verify element property value successfully

2023-10-16 14:14:14 - [MESSAGE][PASSED] - Verify element property value successfully

2023-10-16 14:14:14 - [TEST_STEP][PASSED] - verifyElementPropertyValue(getResponse, "offers[0].groups[0].pricingPlans[0].pricingPlanData[0].visualElements[2].value", "https://static.s3.shahid.mbc.net/widget-images/icons/iconCreditCard.png"): Verify element property value successfully

2023-10-16 14:14:14 - [MESSAGE][PASSED] - Verify element property value successfully

2023-10-16 14:14:14 - [TEST_STEP][PASSED] - verifyElementPropertyValue(getResponse, "offers[1].offerId", "winback-40-offer"): Verify element property value successfully

2023-10-16 14:14:14 - [MESSAGE][PASSED] - Verify element property value successfully

2023-10-16 14:14:14 - [TEST_STEP][PASSED] - verifyElementPropertyValue(getResponse, "offers[1].offerParam", "winback40"): Verify element property value successfully

2023-10-16 14:14:14 - [MESSAGE][PASSED] - Verify element property value successfully

2023-10-16 14:14:14 - [TEST_STEP][PASSED] - verifyElementPropertyValue(getResponse, "offers[1].groups[0].pricingPlans[0].featured", "true"): Verify element property value successfully

2023-10-16 14:14:14 - [MESSAGE][PASSED] - Verify element property value successfully

2023-10-16 14:14:14 - [TEST_STEP][PASSED] - verifyElementPropertyValue(getResponse, "offers[1].groups[0].pricingPlans[0].period", "monthly"): Verify element property value successfully

2023-10-16 14:14:14 - [MESSAGE][PASSED] - Verify element property value successfully

2023-10-16 14:14:14 - [TEST_STEP][PASSED] - verifyElementPropertyValue(getResponse, "offers[1].groups[0].pricingPlans[0].featured", "true"): Verify element property value successfully

2023-10-16 14:14:14 - [MESSAGE][PASSED] - Verify element property value successfully

2023-10-16 14:14:14 - [TEST_STEP][PASSED] - verifyElementPropertyValue(getResponse, "offers[1].groups[0].pricingPlans[0].price", "2.39"): Verify element property value successfully

2023-10-16 14:14:14 - [MESSAGE][PASSED] - Verify element property value successfully

2023-10-16 14:14:14 - [TEST_STEP][PASSED] - verifyElementPropertyValue(getResponse, "offers[1].groups[0].pricingPlans[0].currency", "BHD"): Verify element property value successfully

2023-10-16 14:14:14 - [MESSAGE][PASSED] - Verify element property value successfully

2023-10-16 14:14:14 - [TEST_STEP][PASSED] - verifyElementPropertyValue(getResponse, "offers[1].groups[0].pricingPlans[0].order", "0"): Verify element property value successfully

2023-10-16 14:14:14 - [MESSAGE][PASSED] - Verify element property value successfully

2023-10-16 14:14:14 - [TEST_STEP][PASSED] - verifyElementPropertyValue(getResponse, "offers[1].groups[0].pricingPlans[0].packageId", "SHAHID_VIP"): Verify element property value successfully

2023-10-16 14:14:14 - [MESSAGE][PASSED] - Verify element property value successfully

2023-10-16 14:14:14 - [TEST_STEP][PASSED] - verifyElementPropertyValue(getResponse, "offers[1].groups[0].pricingPlans[0].catalogId", "VIP"): Verify element property value successfully

2023-10-16 14:14:14 - [MESSAGE][PASSED] - Verify element property value successfully

2023-10-16 14:14:14 - [TEST_STEP][PASSED] - verifyElementPropertyValue(getResponse, "offers[1].groups[0].pricingPlans[0].visualElements[0].key", "Header_1_text"): Verify element property value successfully

2023-10-16 14:14:14 - [MESSAGE][PASSED] - Verify element property value successfully

2023-10-16 14:14:14 - [TEST_STEP][PASSED] - verifyElementPropertyValue(getResponse, "offers[1].groups[0].pricingPlans[0].visualElements[0].value", "شاهد أقوى المسلسلات و الأفلام حصرياً دون توقف"): Verify element property value successfully

2023-10-16 14:14:14 - [MESSAGE][PASSED] - Verify element property value successfully

2023-10-16 14:14:14 - [TEST_STEP][PASSED] - verifyElementPropertyValue(getResponse, "offers[1].groups[0].pricingPlans[0].visualElements[1].key", "display_title"): Verify element property value successfully

2023-10-16 14:14:14 - [MESSAGE][PASSED] - Verify element property value successfully

2023-10-16 14:14:14 - [TEST_STEP][PASSED] - verifyElementPropertyValue(getResponse, "offers[1].groups[0].pricingPlans[0].visualElements[1].value", "احصل على خصم 40%"): Verify element property value successfully

2023-10-16 14:14:14 - [MESSAGE][PASSED] - Verify element property value successfully

2023-10-16 14:14:14 - [TEST_STEP][PASSED] - verifyElementPropertyValue(getResponse, "offers[1].groups[0].pricingPlans[0].visualElements[2].key", "promo_text"): Verify element property value successfully

2023-10-16 14:14:14 - [MESSAGE][PASSED] - Verify element property value successfully

2023-10-16 14:14:14 - [TEST_STEP][PASSED] - verifyElementPropertyValue(getResponse, "offers[1].groups[0].pricingPlans[0].visualElements[2].value", "3.49 BHD / شهرياً"): Verify element property value successfully

2023-10-16 14:14:14 - [MESSAGE][PASSED] - Verify element property value successfully

2023-10-16 14:14:14 - [TEST_STEP][PASSED] - verifyElementPropertyValue(getResponse, "offers[1].groups[0].pricingPlans[0].visualElements[3].key", "deduction_text"): Verify element property value successfully

2023-10-16 14:14:14 - [MESSAGE][PASSED] - Verify element property value successfully

2023-10-16 14:14:14 - [TEST_STEP][PASSED] - verifyElementPropertyValue(getResponse, "offers[1].groups[0].pricingPlans[0].visualElements[3].value", "تدفع شهرياً"): Verify element property value successfully

2023-10-16 14:14:14 - [MESSAGE][PASSED] - Verify element property value successfully

2023-10-16 14:14:14 - [TEST_STEP][PASSED] - verifyElementPropertyValue(getResponse, "offers[1].groups[0].pricingPlans[0].visualElements[6].key", "show_payment_logo"): Verify element property value successfully

2023-10-16 14:14:14 - [MESSAGE][PASSED] - Verify element property value successfully

2023-10-16 14:14:14 - [TEST_STEP][PASSED] - verifyElementPropertyValue(getResponse, "offers[1].groups[0].pricingPlans[0].visualElements[6].value", "true"): Verify element property value successfully

2023-10-16 14:14:14 - [MESSAGE][PASSED] - Verify element property value successfully

2023-10-16 14:14:14 - [TEST_STEP][PASSED] - verifyElementPropertyValue(getResponse, "offers[1].groups[0].pricingPlans[0].visualElements[8].key", "price"): Verify element property value successfully

2023-10-16 14:14:14 - [MESSAGE][PASSED] - Verify element property value successfully

2023-10-16 14:14:14 - [TEST_STEP][PASSED] - verifyElementPropertyValue(getResponse, "offers[1].groups[0].pricingPlans[0].visualElements[8].value", "2.39"): Verify element property value successfully

2023-10-16 14:14:14 - [MESSAGE][PASSED] - Verify element property value successfully

2023-10-16 14:14:14 - [TEST_STEP][PASSED] - verifyElementPropertyValue(getResponse, "offers[1].groups[0].pricingPlans[0].visualElements[9].key", "currency"): Verify element property value successfully

2023-10-16 14:14:14 - [MESSAGE][PASSED] - Verify element property value successfully

2023-10-16 14:14:14 - [TEST_STEP][PASSED] - verifyElementPropertyValue(getResponse, "offers[1].groups[0].pricingPlans[0].visualElements[9].value", "BHD"): Verify element property value successfully

2023-10-16 14:14:14 - [MESSAGE][PASSED] - Verify element property value successfully

2023-10-16 14:14:14 - [TEST_STEP][PASSED] - verifyElementPropertyValue(getResponse, "offers[1].groups[0].pricingPlans[0].visualElements[10].key", "duration"): Verify element property value successfully

2023-10-16 14:14:14 - [MESSAGE][PASSED] - Verify element property value successfully

2023-10-16 14:14:14 - [TEST_STEP][PASSED] - verifyElementPropertyValue(getResponse, "offers[1].groups[0].pricingPlans[0].visualElements[10].value", "شهرياً"): Verify element property value successfully

2023-10-16 14:14:14 - [MESSAGE][PASSED] - Verify element property value successfully

2023-10-16 14:14:14 - [TEST_STEP][PASSED] - verifyElementPropertyValue(getResponse, "offers[1].groups[0].pricingPlans[0].visualElements[11].key", "featured_tag_text"): Verify element property value successfully

2023-10-16 14:14:14 - [MESSAGE][PASSED] - Verify element property value successfully

2023-10-16 14:14:14 - [TEST_STEP][PASSED] - verifyElementPropertyValue(getResponse, "offers[1].groups[0].pricingPlans[0].visualElements[11].value", "عرض لمدة محدودة"): Verify element property value successfully

2023-10-16 14:14:14 - [MESSAGE][PASSED] - Verify element property value successfully

2023-10-16 14:14:14 - [TEST_STEP][PASSED] - verifyElementPropertyValue(getResponse, "offers[1].groups[0].pricingPlans[0].visualElements[13].key", "tag_text"): Verify element property value successfully

2023-10-16 14:14:14 - [MESSAGE][PASSED] - Verify element property value successfully

2023-10-16 14:14:14 - [TEST_STEP][PASSED] - verifyElementPropertyValue(getResponse, "offers[1].groups[0].pricingPlans[0].visualElements[13].value", "وفر 40%"): Verify element property value successfully

2023-10-16 14:14:14 - [MESSAGE][PASSED] - Verify element property value successfully

2023-10-16 14:14:14 - [TEST_STEP][PASSED] - verifyElementPropertyValue(getResponse, "offers[1].groups[0].pricingPlans[0].visualElements[12].key", "show_tag"): Verify element property value successfully

2023-10-16 14:14:14 - [MESSAGE][PASSED] - Verify element property value successfully

2023-10-16 14:14:14 - [TEST_STEP][PASSED] - verifyElementPropertyValue(getResponse, "offers[1].groups[0].pricingPlans[0].visualElements[12].value", "true"): Verify element property value successfully

2023-10-16 14:14:14 - [MESSAGE][PASSED] - Verify element property value successfully

2023-10-16 14:14:14 - [TEST_STEP][PASSED] - verifyElementPropertyValue(getResponse, "offers[1].groups[0].pricingPlans[0].pricingPlanData[0].productId", "BHR_B2C_SHAHID_VIP_1M"): Verify element property value successfully

2023-10-16 14:14:14 - [MESSAGE][PASSED] - Verify element property value successfully

2023-10-16 14:14:14 - [TEST_STEP][PASSED] - verifyElementPropertyValue(getResponse, "offers[1].groups[0].pricingPlans[0].pricingPlanData[0].paymentMethod", "CREDIT_CARD"): Verify element property value successfully

2023-10-16 14:14:14 - [MESSAGE][PASSED] - Verify element property value successfully

2023-10-16 14:14:14 - [TEST_STEP][PASSED] - verifyElementPropertyValue(getResponse, "offers[1].groups[0].pricingPlans[0].pricingPlanData[0].freeTrialEnabled", "false"): Verify element property value successfully

2023-10-16 14:14:14 - [MESSAGE][PASSED] - Verify element property value successfully

2023-10-16 14:14:14 - [TEST_STEP][PASSED] - verifyElementPropertyValue(getResponse, "offers[1].groups[0].pricingPlans[0].pricingPlanData[0].showIn[0]", "VERTICAL_MODE"): Verify element property value successfully

2023-10-16 14:14:14 - [MESSAGE][PASSED] - Verify element property value successfully

2023-10-16 14:14:14 - [TEST_STEP][PASSED] - verifyElementPropertyValue(getResponse, "offers[1].groups[0].pricingPlans[0].pricingPlanData[0].showIn[1]", "HORIZONTAL_MODE"): Verify element property value successfully

2023-10-16 14:14:14 - [MESSAGE][PASSED] - Verify element property value successfully

2023-10-16 14:14:14 - [TEST_STEP][PASSED] - verifyElementPropertyValue(getResponse, "offers[1].groups[0].pricingPlans[0].pricingPlanData[0].priceLabel", "2.39"): Verify element property value successfully

2023-10-16 14:14:14 - [MESSAGE][PASSED] - Verify element property value successfully

2023-10-16 14:14:14 - [TEST_STEP][PASSED] - verifyElementPropertyValue(getResponse, "offers[1].groups[0].pricingPlans[0].pricingPlanData[0].currencyLabel", "BHD"): Verify element property value successfully

2023-10-16 14:14:14 - [MESSAGE][PASSED] - Verify element property value successfully

2023-10-16 14:14:14 - [TEST_STEP][PASSED] - verifyElementPropertyValue(getResponse, "offers[1].groups[0].pricingPlans[0].pricingPlanData[0].dealId", "RE_40P_BHR"): Verify element property value successfully

2023-10-16 14:14:14 - [MESSAGE][PASSED] - Verify element property value successfully

2023-10-16 14:14:14 - [TEST_STEP][PASSED] - verifyElementPropertyValue(getResponse, "offers[1].groups[0].pricingPlans[0].pricingPlanData[0].allowedForAcquisition", "true"): Verify element property value successfully

2023-10-16 14:14:14 - [MESSAGE][PASSED] - Verify element property value successfully

2023-10-16 14:14:14 - [TEST_STEP][PASSED] - verifyElementPropertyValue(getResponse, "offers[1].groups[0].pricingPlans[0].pricingPlanData[0].visualElements[0].key", "title"): Verify element property value successfully

2023-10-16 14:14:14 - [MESSAGE][PASSED] - Verify element property value successfully

2023-10-16 14:14:14 - [TEST_STEP][PASSED] - verifyElementPropertyValue(getResponse, "offers[1].groups[0].pricingPlans[0].pricingPlanData[0].visualElements[0].value", "البطاقة المصرفية"): Verify element property value successfully

2023-10-16 14:14:14 - [MESSAGE][PASSED] - Verify element property value successfully

2023-10-16 14:14:14 - [TEST_STEP][PASSED] - verifyElementPropertyValue(getResponse, "offers[1].groups[0].pricingPlans[0].pricingPlanData[0].visualElements[1].key", "CTA_text"): Verify element property value successfully

2023-10-16 14:14:14 - [MESSAGE][PASSED] - Verify element property value successfully

2023-10-16 14:14:14 - [TEST_STEP][PASSED] - verifyElementPropertyValue(getResponse, "offers[1].groups[0].pricingPlans[0].pricingPlanData[0].visualElements[1].value", "اشترك"): Verify element property value successfully

2023-10-16 14:14:14 - [MESSAGE][PASSED] - Verify element property value successfully

2023-10-16 14:14:14 - [TEST_STEP][PASSED] - verifyElementPropertyValue(getResponse, "offers[1].groups[0].pricingPlans[0].pricingPlanData[0].visualElements[2].key", "logo"): Verify element property value successfully

2023-10-16 14:14:14 - [MESSAGE][PASSED] - Verify element property value successfully

2023-10-16 14:14:14 - [TEST_STEP][PASSED] - verifyElementPropertyValue(getResponse, "offers[1].groups[0].pricingPlans[0].pricingPlanData[0].visualElements[2].value", "https://static.s3.shahid.mbc.net/widget-images/icons/iconCreditCard.png"): Verify element property value successfully

2023-10-16 14:14:15 - [MESSAGE][PASSED] - Verify element property value successfully

2023-10-16 14:14:15 - [TEST_STEP][PASSED] - verifyElementPropertyValue(getResponse, "offers[2].offerId", "winback-50-offer"): Verify element property value successfully

2023-10-16 14:14:15 - [MESSAGE][PASSED] - Verify element property value successfully

2023-10-16 14:14:15 - [TEST_STEP][PASSED] - verifyElementPropertyValue(getResponse, "offers[2].offerParam", "winback50"): Verify element property value successfully

2023-10-16 14:14:15 - [MESSAGE][PASSED] - Verify element property value successfully

2023-10-16 14:14:15 - [TEST_STEP][PASSED] - verifyElementPropertyValue(getResponse, "offers[2].groups[0].pricingPlans[0].featured", "true"): Verify element property value successfully

2023-10-16 14:14:15 - [MESSAGE][PASSED] - Verify element property value successfully

2023-10-16 14:14:15 - [TEST_STEP][PASSED] - verifyElementPropertyValue(getResponse, "offers[2].groups[0].pricingPlans[0].period", "monthly"): Verify element property value successfully

2023-10-16 14:14:15 - [MESSAGE][PASSED] - Verify element property value successfully

2023-10-16 14:14:15 - [TEST_STEP][PASSED] - verifyElementPropertyValue(getResponse, "offers[2].groups[0].pricingPlans[0].featured", "true"): Verify element property value successfully

2023-10-16 14:14:15 - [MESSAGE][PASSED] - Verify element property value successfully

2023-10-16 14:14:15 - [TEST_STEP][PASSED] - verifyElementPropertyValue(getResponse, "offers[2].groups[0].pricingPlans[0].price", "1.99"): Verify element property value successfully

2023-10-16 14:14:15 - [MESSAGE][PASSED] - Verify element property value successfully

2023-10-16 14:14:15 - [TEST_STEP][PASSED] - verifyElementPropertyValue(getResponse, "offers[2].groups[0].pricingPlans[0].currency", "BHD"): Verify element property value successfully

2023-10-16 14:14:15 - [MESSAGE][PASSED] - Verify element property value successfully

2023-10-16 14:14:15 - [TEST_STEP][PASSED] - verifyElementPropertyValue(getResponse, "offers[2].groups[0].pricingPlans[0].order", "0"): Verify element property value successfully

2023-10-16 14:14:15 - [MESSAGE][PASSED] - Verify element property value successfully

2023-10-16 14:14:15 - [TEST_STEP][PASSED] - verifyElementPropertyValue(getResponse, "offers[2].groups[0].pricingPlans[0].packageId", "SHAHID_VIP"): Verify element property value successfully

2023-10-16 14:14:15 - [MESSAGE][PASSED] - Verify element property value successfully

2023-10-16 14:14:15 - [TEST_STEP][PASSED] - verifyElementPropertyValue(getResponse, "offers[2].groups[0].pricingPlans[0].catalogId", "VIP"): Verify element property value successfully

2023-10-16 14:14:15 - [MESSAGE][PASSED] - Verify element property value successfully

2023-10-16 14:14:15 - [TEST_STEP][PASSED] - verifyElementPropertyValue(getResponse, "offers[2].groups[0].pricingPlans[0].visualElements[0].key", "Header_1_text"): Verify element property value successfully

2023-10-16 14:14:15 - [MESSAGE][PASSED] - Verify element property value successfully

2023-10-16 14:14:15 - [TEST_STEP][PASSED] - verifyElementPropertyValue(getResponse, "offers[2].groups[0].pricingPlans[0].visualElements[0].value", "شاهد أقوى المسلسلات و الأفلام حصرياً دون توقف"): Verify element property value successfully

2023-10-16 14:14:15 - [MESSAGE][PASSED] - Verify element property value successfully

2023-10-16 14:14:15 - [TEST_STEP][PASSED] - verifyElementPropertyValue(getResponse, "offers[2].groups[0].pricingPlans[0].visualElements[1].key", "display_title"): Verify element property value successfully

2023-10-16 14:14:15 - [MESSAGE][PASSED] - Verify element property value successfully

2023-10-16 14:14:15 - [TEST_STEP][PASSED] - verifyElementPropertyValue(getResponse, "offers[2].groups[0].pricingPlans[0].visualElements[1].value", "احصل على خصم 50%"): Verify element property value successfully

2023-10-16 14:14:15 - [MESSAGE][PASSED] - Verify element property value successfully

2023-10-16 14:14:15 - [TEST_STEP][PASSED] - verifyElementPropertyValue(getResponse, "offers[2].groups[0].pricingPlans[0].visualElements[2].key", "promo_text"): Verify element property value successfully

2023-10-16 14:14:15 - [MESSAGE][PASSED] - Verify element property value successfully

2023-10-16 14:14:15 - [TEST_STEP][PASSED] - verifyElementPropertyValue(getResponse, "offers[2].groups[0].pricingPlans[0].visualElements[2].value", "3.49 BHD / شهرياً"): Verify element property value successfully

2023-10-16 14:14:15 - [MESSAGE][PASSED] - Verify element property value successfully

2023-10-16 14:14:15 - [TEST_STEP][PASSED] - verifyElementPropertyValue(getResponse, "offers[2].groups[0].pricingPlans[0].visualElements[3].key", "deduction_text"): Verify element property value successfully

2023-10-16 14:14:15 - [MESSAGE][PASSED] - Verify element property value successfully

2023-10-16 14:14:15 - [TEST_STEP][PASSED] - verifyElementPropertyValue(getResponse, "offers[2].groups[0].pricingPlans[0].visualElements[3].value", "تدفع شهرياً"): Verify element property value successfully

2023-10-16 14:14:15 - [MESSAGE][PASSED] - Verify element property value successfully

2023-10-16 14:14:15 - [TEST_STEP][PASSED] - verifyElementPropertyValue(getResponse, "offers[2].groups[0].pricingPlans[0].visualElements[6].key", "show_payment_logo"): Verify element property value successfully

2023-10-16 14:14:15 - [MESSAGE][PASSED] - Verify element property value successfully

2023-10-16 14:14:15 - [TEST_STEP][PASSED] - verifyElementPropertyValue(getResponse, "offers[2].groups[0].pricingPlans[0].visualElements[6].value", "true"): Verify element property value successfully

2023-10-16 14:14:15 - [MESSAGE][PASSED] - Verify element property value successfully

2023-10-16 14:14:15 - [TEST_STEP][PASSED] - verifyElementPropertyValue(getResponse, "offers[2].groups[0].pricingPlans[0].visualElements[8].key", "price"): Verify element property value successfully

2023-10-16 14:14:15 - [MESSAGE][PASSED] - Verify element property value successfully

2023-10-16 14:14:15 - [TEST_STEP][PASSED] - verifyElementPropertyValue(getResponse, "offers[2].groups[0].pricingPlans[0].visualElements[8].value", "1.99"): Verify element property value successfully

2023-10-16 14:14:15 - [MESSAGE][PASSED] - Verify element property value successfully

2023-10-16 14:14:15 - [TEST_STEP][PASSED] - verifyElementPropertyValue(getResponse, "offers[2].groups[0].pricingPlans[0].visualElements[9].key", "currency"): Verify element property value successfully

2023-10-16 14:14:15 - [MESSAGE][PASSED] - Verify element property value successfully

2023-10-16 14:14:15 - [TEST_STEP][PASSED] - verifyElementPropertyValue(getResponse, "offers[2].groups[0].pricingPlans[0].visualElements[9].value", "BHD"): Verify element property value successfully

2023-10-16 14:14:15 - [MESSAGE][PASSED] - Verify element property value successfully

2023-10-16 14:14:15 - [TEST_STEP][PASSED] - verifyElementPropertyValue(getResponse, "offers[2].groups[0].pricingPlans[0].visualElements[10].key", "duration"): Verify element property value successfully

2023-10-16 14:14:15 - [MESSAGE][PASSED] - Verify element property value successfully

2023-10-16 14:14:15 - [TEST_STEP][PASSED] - verifyElementPropertyValue(getResponse, "offers[2].groups[0].pricingPlans[0].visualElements[10].value", "شهرياً"): Verify element property value successfully

2023-10-16 14:14:15 - [MESSAGE][PASSED] - Verify element property value successfully

2023-10-16 14:14:15 - [TEST_STEP][PASSED] - verifyElementPropertyValue(getResponse, "offers[2].groups[0].pricingPlans[0].visualElements[11].key", "featured_tag_text"): Verify element property value successfully

2023-10-16 14:14:15 - [MESSAGE][PASSED] - Verify element property value successfully

2023-10-16 14:14:15 - [TEST_STEP][PASSED] - verifyElementPropertyValue(getResponse, "offers[2].groups[0].pricingPlans[0].visualElements[11].value", "عرض لمدة محدودة"): Verify element property value successfully

2023-10-16 14:14:15 - [MESSAGE][PASSED] - Verify element property value successfully

2023-10-16 14:14:15 - [TEST_STEP][PASSED] - verifyElementPropertyValue(getResponse, "offers[2].groups[0].pricingPlans[0].visualElements[13].key", "tag_text"): Verify element property value successfully

2023-10-16 14:14:15 - [MESSAGE][PASSED] - Verify element property value successfully

2023-10-16 14:14:15 - [TEST_STEP][PASSED] - verifyElementPropertyValue(getResponse, "offers[2].groups[0].pricingPlans[0].visualElements[13].value", "وفر 50%"): Verify element property value successfully

2023-10-16 14:14:15 - [MESSAGE][PASSED] - Verify element property value successfully

2023-10-16 14:14:15 - [TEST_STEP][PASSED] - verifyElementPropertyValue(getResponse, "offers[2].groups[0].pricingPlans[0].visualElements[12].key", "show_tag"): Verify element property value successfully

2023-10-16 14:14:15 - [MESSAGE][PASSED] - Verify element property value successfully

2023-10-16 14:14:15 - [TEST_STEP][PASSED] - verifyElementPropertyValue(getResponse, "offers[2].groups[0].pricingPlans[0].visualElements[12].value", "true"): Verify element property value successfully

2023-10-16 14:14:15 - [MESSAGE][PASSED] - Verify element property value successfully

2023-10-16 14:14:15 - [TEST_STEP][PASSED] - verifyElementPropertyValue(getResponse, "offers[2].groups[0].pricingPlans[0].pricingPlanData[0].productId", "BHR_B2C_SHAHID_VIP_1M"): Verify element property value successfully

2023-10-16 14:14:15 - [MESSAGE][PASSED] - Verify element property value successfully

2023-10-16 14:14:15 - [TEST_STEP][PASSED] - verifyElementPropertyValue(getResponse, "offers[2].groups[0].pricingPlans[0].pricingPlanData[0].paymentMethod", "CREDIT_CARD"): Verify element property value successfully

2023-10-16 14:14:15 - [MESSAGE][PASSED] - Verify element property value successfully

2023-10-16 14:14:15 - [TEST_STEP][PASSED] - verifyElementPropertyValue(getResponse, "offers[2].groups[0].pricingPlans[0].pricingPlanData[0].freeTrialEnabled", "false"): Verify element property value successfully

2023-10-16 14:14:15 - [MESSAGE][PASSED] - Verify element property value successfully

2023-10-16 14:14:15 - [TEST_STEP][PASSED] - verifyElementPropertyValue(getResponse, "offers[2].groups[0].pricingPlans[0].pricingPlanData[0].showIn[0]", "VERTICAL_MODE"): Verify element property value successfully

2023-10-16 14:14:15 - [MESSAGE][PASSED] - Verify element property value successfully

2023-10-16 14:14:15 - [TEST_STEP][PASSED] - verifyElementPropertyValue(getResponse, "offers[2].groups[0].pricingPlans[0].pricingPlanData[0].showIn[1]", "HORIZONTAL_MODE"): Verify element property value successfully

2023-10-16 14:14:15 - [MESSAGE][PASSED] - Verify element property value successfully

2023-10-16 14:14:15 - [TEST_STEP][PASSED] - verifyElementPropertyValue(getResponse, "offers[2].groups[0].pricingPlans[0].pricingPlanData[0].priceLabel", "1.99"): Verify element property value successfully

2023-10-16 14:14:15 - [MESSAGE][PASSED] - Verify element property value successfully

2023-10-16 14:14:15 - [TEST_STEP][PASSED] - verifyElementPropertyValue(getResponse, "offers[2].groups[0].pricingPlans[0].pricingPlanData[0].currencyLabel", "BHD"): Verify element property value successfully

2023-10-16 14:14:15 - [MESSAGE][PASSED] - Verify element property value successfully

2023-10-16 14:14:15 - [TEST_STEP][PASSED] - verifyElementPropertyValue(getResponse, "offers[2].groups[0].pricingPlans[0].pricingPlanData[0].dealId", "RE_50P_BHR"): Verify element property value successfully

2023-10-16 14:14:15 - [MESSAGE][PASSED] - Verify element property value successfully

2023-10-16 14:14:15 - [TEST_STEP][PASSED] - verifyElementPropertyValue(getResponse, "offers[2].groups[0].pricingPlans[0].pricingPlanData[0].allowedForAcquisition", "true"): Verify element property value successfully

2023-10-16 14:14:15 - [MESSAGE][PASSED] - Verify element property value successfully

2023-10-16 14:14:15 - [TEST_STEP][PASSED] - verifyElementPropertyValue(getResponse, "offers[2].groups[0].pricingPlans[0].pricingPlanData[0].visualElements[0].key", "title"): Verify element property value successfully

2023-10-16 14:14:15 - [MESSAGE][PASSED] - Verify element property value successfully

2023-10-16 14:14:15 - [TEST_STEP][PASSED] - verifyElementPropertyValue(getResponse, "offers[2].groups[0].pricingPlans[0].pricingPlanData[0].visualElements[0].value", "البطاقة المصرفية"): Verify element property value successfully

2023-10-16 14:14:15 - [MESSAGE][PASSED] - Verify element property value successfully

2023-10-16 14:14:15 - [TEST_STEP][PASSED] - verifyElementPropertyValue(getResponse, "offers[2].groups[0].pricingPlans[0].pricingPlanData[0].visualElements[1].key", "CTA_text"): Verify element property value successfully

2023-10-16 14:14:15 - [MESSAGE][PASSED] - Verify element property value successfully

2023-10-16 14:14:15 - [TEST_STEP][PASSED] - verifyElementPropertyValue(getResponse, "offers[2].groups[0].pricingPlans[0].pricingPlanData[0].visualElements[1].value", "اشترك"): Verify element property value successfully

2023-10-16 14:14:15 - [MESSAGE][PASSED] - Verify element property value successfully

2023-10-16 14:14:15 - [TEST_STEP][PASSED] - verifyElementPropertyValue(getResponse, "offers[2].groups[0].pricingPlans[0].pricingPlanData[0].visualElements[2].key", "logo"): Verify element property value successfully

2023-10-16 14:14:15 - [MESSAGE][PASSED] - Verify element property value successfully

2023-10-16 14:14:15 - [TEST_STEP][PASSED] - verifyElementPropertyValue(getResponse, "offers[2].groups[0].pricingPlans[0].pricingPlanData[0].visualElements[2].value", "https://static.s3.shahid.mbc.net/widget-images/icons/iconCreditCard.png"): Verify element property value successfully

2023-10-16 14:14:15 - [MESSAGE][PASSED] - Verify element property value successfully

2023-10-16 14:14:15 - [TEST_STEP][PASSED] - verifyElementPropertyValue(getResponse, "offers[8].offerId", "byg-30-offer"): Verify element property value successfully

2023-10-16 14:14:15 - [MESSAGE][PASSED] - Verify element property value successfully

2023-10-16 14:14:15 - [TEST_STEP][PASSED] - verifyElementPropertyValue(getResponse, "offers[8].offerParam", "bygoffer30"): Verify element property value successfully

2023-10-16 14:14:15 - [MESSAGE][PASSED] - Verify element property value successfully

2023-10-16 14:14:15 - [TEST_STEP][PASSED] - verifyElementPropertyValue(getResponse, "offers[8].groups[0].pricingPlans[0].featured", "true"): Verify element property value successfully

2023-10-16 14:14:15 - [MESSAGE][PASSED] - Verify element property value successfully

2023-10-16 14:14:15 - [TEST_STEP][PASSED] - verifyElementPropertyValue(getResponse, "offers[8].groups[0].pricingPlans[0].period", "monthly"): Verify element property value successfully

2023-10-16 14:14:15 - [MESSAGE][PASSED] - Verify element property value successfully

2023-10-16 14:14:15 - [TEST_STEP][PASSED] - verifyElementPropertyValue(getResponse, "offers[8].groups[0].pricingPlans[0].featured", "true"): Verify element property value successfully

2023-10-16 14:14:15 - [MESSAGE][PASSED] - Verify element property value successfully

2023-10-16 14:14:15 - [TEST_STEP][PASSED] - verifyElementPropertyValue(getResponse, "offers[8].groups[0].pricingPlans[0].price", "2.79"): Verify element property value successfully

2023-10-16 14:14:15 - [MESSAGE][PASSED] - Verify element property value successfully

2023-10-16 14:14:15 - [TEST_STEP][PASSED] - verifyElementPropertyValue(getResponse, "offers[8].groups[0].pricingPlans[0].currency", "BHD"): Verify element property value successfully

2023-10-16 14:14:15 - [MESSAGE][PASSED] - Verify element property value successfully

2023-10-16 14:14:15 - [TEST_STEP][PASSED] - verifyElementPropertyValue(getResponse, "offers[8].groups[0].pricingPlans[0].order", "0"): Verify element property value successfully

2023-10-16 14:14:15 - [MESSAGE][PASSED] - Verify element property value successfully

2023-10-16 14:14:15 - [TEST_STEP][PASSED] - verifyElementPropertyValue(getResponse, "offers[8].groups[0].pricingPlans[0].packageId", "SHAHID_VIP"): Verify element property value successfully

2023-10-16 14:14:15 - [MESSAGE][PASSED] - Verify element property value successfully

2023-10-16 14:14:15 - [TEST_STEP][PASSED] - verifyElementPropertyValue(getResponse, "offers[8].groups[0].pricingPlans[0].catalogId", "VIP"): Verify element property value successfully

2023-10-16 14:14:15 - [MESSAGE][PASSED] - Verify element property value successfully

2023-10-16 14:14:15 - [TEST_STEP][PASSED] - verifyElementPropertyValue(getResponse, "offers[8].groups[0].pricingPlans[0].visualElements[0].key", "Header_1_text"): Verify element property value successfully

2023-10-16 14:14:15 - [MESSAGE][PASSED] - Verify element property value successfully

2023-10-16 14:14:15 - [TEST_STEP][PASSED] - verifyElementPropertyValue(getResponse, "offers[8].groups[0].pricingPlans[0].visualElements[0].value", "شاهد أقوى المسلسلات و الأفلام حصرياً دون توقف"): Verify element property value successfully

2023-10-16 14:14:15 - [MESSAGE][PASSED] - Verify element property value successfully

2023-10-16 14:14:15 - [TEST_STEP][PASSED] - verifyElementPropertyValue(getResponse, "offers[8].groups[0].pricingPlans[0].visualElements[1].key", "display_title"): Verify element property value successfully

2023-10-16 14:14:15 - [MESSAGE][PASSED] - Verify element property value successfully

2023-10-16 14:14:15 - [TEST_STEP][PASSED] - verifyElementPropertyValue(getResponse, "offers[8].groups[0].pricingPlans[0].visualElements[1].value", "احصل على خصم 30%"): Verify element property value successfully

2023-10-16 14:14:15 - [MESSAGE][PASSED] - Verify element property value successfully

2023-10-16 14:14:15 - [TEST_STEP][PASSED] - verifyElementPropertyValue(getResponse, "offers[8].groups[0].pricingPlans[0].visualElements[3].key", "deduction_text"): Verify element property value successfully

2023-10-16 14:14:15 - [MESSAGE][PASSED] - Verify element property value successfully

2023-10-16 14:14:15 - [TEST_STEP][PASSED] - verifyElementPropertyValue(getResponse, "offers[8].groups[0].pricingPlans[0].visualElements[3].value", "تدفع شهرياً"): Verify element property value successfully

2023-10-16 14:14:15 - [MESSAGE][PASSED] - Verify element property value successfully

2023-10-16 14:14:15 - [TEST_STEP][PASSED] - verifyElementPropertyValue(getResponse, "offers[8].groups[0].pricingPlans[0].visualElements[6].key", "show_payment_logo"): Verify element property value successfully

2023-10-16 14:14:15 - [MESSAGE][PASSED] - Verify element property value successfully

2023-10-16 14:14:15 - [TEST_STEP][PASSED] - verifyElementPropertyValue(getResponse, "offers[8].groups[0].pricingPlans[0].visualElements[6].value", "true"): Verify element property value successfully

2023-10-16 14:14:15 - [MESSAGE][PASSED] - Verify element property value successfully

2023-10-16 14:14:15 - [TEST_STEP][PASSED] - verifyElementPropertyValue(getResponse, "offers[8].groups[0].pricingPlans[0].visualElements[8].key", "price"): Verify element property value successfully

2023-10-16 14:14:15 - [MESSAGE][PASSED] - Verify element property value successfully

2023-10-16 14:14:15 - [TEST_STEP][PASSED] - verifyElementPropertyValue(getResponse, "offers[8].groups[0].pricingPlans[0].visualElements[8].value", "2.79"): Verify element property value successfully

2023-10-16 14:14:15 - [MESSAGE][PASSED] - Verify element property value successfully

2023-10-16 14:14:15 - [TEST_STEP][PASSED] - verifyElementPropertyValue(getResponse, "offers[8].groups[0].pricingPlans[0].visualElements[9].key", "currency"): Verify element property value successfully

2023-10-16 14:14:15 - [MESSAGE][PASSED] - Verify element property value successfully

2023-10-16 14:14:15 - [TEST_STEP][PASSED] - verifyElementPropertyValue(getResponse, "offers[8].groups[0].pricingPlans[0].visualElements[9].value", "BHD"): Verify element property value successfully

2023-10-16 14:14:15 - [MESSAGE][PASSED] - Verify element property value successfully

2023-10-16 14:14:15 - [TEST_STEP][PASSED] - verifyElementPropertyValue(getResponse, "offers[8].groups[0].pricingPlans[0].visualElements[10].key", "duration"): Verify element property value successfully

2023-10-16 14:14:15 - [MESSAGE][PASSED] - Verify element property value successfully

2023-10-16 14:14:15 - [TEST_STEP][PASSED] - verifyElementPropertyValue(getResponse, "offers[8].groups[0].pricingPlans[0].visualElements[10].value", "شهرياً"): Verify element property value successfully

2023-10-16 14:14:15 - [MESSAGE][PASSED] - Verify element property value successfully

2023-10-16 14:14:15 - [TEST_STEP][PASSED] - verifyElementPropertyValue(getResponse, "offers[8].groups[0].pricingPlans[0].visualElements[11].key", "featured_tag_text"): Verify element property value successfully

2023-10-16 14:14:15 - [MESSAGE][PASSED] - Verify element property value successfully

2023-10-16 14:14:15 - [TEST_STEP][PASSED] - verifyElementPropertyValue(getResponse, "offers[8].groups[0].pricingPlans[0].visualElements[11].value", "عرض لمدة محدودة"): Verify element property value successfully

2023-10-16 14:14:15 - [MESSAGE][PASSED] - Verify element property value successfully

2023-10-16 14:14:15 - [TEST_STEP][PASSED] - verifyElementPropertyValue(getResponse, "offers[8].groups[0].pricingPlans[0].visualElements[13].key", "tag_text"): Verify element property value successfully

2023-10-16 14:14:15 - [MESSAGE][PASSED] - Verify element property value successfully

2023-10-16 14:14:15 - [TEST_STEP][PASSED] - verifyElementPropertyValue(getResponse, "offers[8].groups[0].pricingPlans[0].visualElements[13].value", "وفر 30%"): Verify element property value successfully

2023-10-16 14:14:15 - [MESSAGE][PASSED] - Verify element property value successfully

2023-10-16 14:14:15 - [TEST_STEP][PASSED] - verifyElementPropertyValue(getResponse, "offers[8].groups[0].pricingPlans[0].visualElements[12].key", "show_tag"): Verify element property value successfully

2023-10-16 14:14:15 - [MESSAGE][PASSED] - Verify element property value successfully

2023-10-16 14:14:15 - [TEST_STEP][PASSED] - verifyElementPropertyValue(getResponse, "offers[8].groups[0].pricingPlans[0].visualElements[12].value", "true"): Verify element property value successfully

2023-10-16 14:14:15 - [MESSAGE][PASSED] - Verify element property value successfully

2023-10-16 14:14:15 - [TEST_STEP][PASSED] - verifyElementPropertyValue(getResponse, "offers[8].groups[0].pricingPlans[0].pricingPlanData[0].productId", "BHR_B2C_SHAHID_VIP_1M"): Verify element property value successfully

2023-10-16 14:14:15 - [MESSAGE][PASSED] - Verify element property value successfully

2023-10-16 14:14:15 - [TEST_STEP][PASSED] - verifyElementPropertyValue(getResponse, "offers[8].groups[0].pricingPlans[0].pricingPlanData[0].paymentMethod", "CREDIT_CARD"): Verify element property value successfully

2023-10-16 14:14:15 - [MESSAGE][PASSED] - Verify element property value successfully

2023-10-16 14:14:15 - [TEST_STEP][PASSED] - verifyElementPropertyValue(getResponse, "offers[8].groups[0].pricingPlans[0].pricingPlanData[0].freeTrialEnabled", "false"): Verify element property value successfully

2023-10-16 14:14:15 - [MESSAGE][PASSED] - Verify element property value successfully

2023-10-16 14:14:15 - [TEST_STEP][PASSED] - verifyElementPropertyValue(getResponse, "offers[8].groups[0].pricingPlans[0].pricingPlanData[0].showIn[0]", "VERTICAL_MODE"): Verify element property value successfully

2023-10-16 14:14:15 - [MESSAGE][PASSED] - Verify element property value successfully

2023-10-16 14:14:15 - [TEST_STEP][PASSED] - verifyElementPropertyValue(getResponse, "offers[8].groups[0].pricingPlans[0].pricingPlanData[0].showIn[1]", "HORIZONTAL_MODE"): Verify element property value successfully

2023-10-16 14:14:16 - [MESSAGE][PASSED] - Verify element property value successfully

2023-10-16 14:14:16 - [TEST_STEP][PASSED] - verifyElementPropertyValue(getResponse, "offers[8].groups[0].pricingPlans[0].pricingPlanData[0].priceLabel", "2.79"): Verify element property value successfully

2023-10-16 14:14:16 - [MESSAGE][PASSED] - Verify element property value successfully

2023-10-16 14:14:16 - [TEST_STEP][PASSED] - verifyElementPropertyValue(getResponse, "offers[8].groups[0].pricingPlans[0].pricingPlanData[0].currencyLabel", "BHD"): Verify element property value successfully

2023-10-16 14:14:16 - [MESSAGE][PASSED] - Verify element property value successfully

2023-10-16 14:14:16 - [TEST_STEP][PASSED] - verifyElementPropertyValue(getResponse, "offers[8].groups[0].pricingPlans[0].pricingPlanData[0].dealId", "BYG_30P_BHR"): Verify element property value successfully

2023-10-16 14:14:16 - [MESSAGE][PASSED] - Verify element property value successfully

2023-10-16 14:14:16 - [TEST_STEP][PASSED] - verifyElementPropertyValue(getResponse, "offers[8].groups[0].pricingPlans[0].pricingPlanData[0].allowedForAcquisition", "true"): Verify element property value successfully

2023-10-16 14:14:16 - [MESSAGE][PASSED] - Verify element property value successfully

2023-10-16 14:14:16 - [TEST_STEP][PASSED] - verifyElementPropertyValue(getResponse, "offers[8].groups[0].pricingPlans[0].pricingPlanData[0].visualElements[0].key", "title"): Verify element property value successfully

2023-10-16 14:14:16 - [MESSAGE][PASSED] - Verify element property value successfully

2023-10-16 14:14:16 - [TEST_STEP][PASSED] - verifyElementPropertyValue(getResponse, "offers[8].groups[0].pricingPlans[0].pricingPlanData[0].visualElements[0].value", "البطاقة المصرفية"): Verify element property value successfully

2023-10-16 14:14:16 - [MESSAGE][PASSED] - Verify element property value successfully

2023-10-16 14:14:16 - [TEST_STEP][PASSED] - verifyElementPropertyValue(getResponse, "offers[8].groups[0].pricingPlans[0].pricingPlanData[0].visualElements[1].key", "CTA_text"): Verify element property value successfully

2023-10-16 14:14:16 - [MESSAGE][PASSED] - Verify element property value successfully

2023-10-16 14:14:16 - [TEST_STEP][PASSED] - verifyElementPropertyValue(getResponse, "offers[8].groups[0].pricingPlans[0].pricingPlanData[0].visualElements[1].value", "اشترك"): Verify element property value successfully

2023-10-16 14:14:16 - [MESSAGE][PASSED] - Verify element property value successfully

2023-10-16 14:14:16 - [TEST_STEP][PASSED] - verifyElementPropertyValue(getResponse, "offers[8].groups[0].pricingPlans[0].pricingPlanData[0].visualElements[2].key", "logo"): Verify element property value successfully

2023-10-16 14:14:16 - [MESSAGE][PASSED] - Verify element property value successfully

2023-10-16 14:14:16 - [TEST_STEP][PASSED] - verifyElementPropertyValue(getResponse, "offers[8].groups[0].pricingPlans[0].pricingPlanData[0].visualElements[2].value", "https://static.s3.shahid.mbc.net/widget-images/icons/iconCreditCard.png"): Verify element property value successfully

2023-10-16 14:14:16 - [MESSAGE][PASSED] - Verify element property value successfully

2023-10-16 14:14:16 - [TEST_STEP][PASSED] - verifyElementPropertyValue(getResponse, "offers[9].offerId", "byg-40-offer"): Verify element property value successfully

2023-10-16 14:14:16 - [MESSAGE][PASSED] - Verify element property value successfully

2023-10-16 14:14:16 - [TEST_STEP][PASSED] - verifyElementPropertyValue(getResponse, "offers[9].offerParam", "bygoffer40"): Verify element property value successfully

2023-10-16 14:14:16 - [MESSAGE][PASSED] - Verify element property value successfully

2023-10-16 14:14:16 - [TEST_STEP][PASSED] - verifyElementPropertyValue(getResponse, "offers[9].groups[0].pricingPlans[0].featured", "true"): Verify element property value successfully

2023-10-16 14:14:16 - [MESSAGE][PASSED] - Verify element property value successfully

2023-10-16 14:14:16 - [TEST_STEP][PASSED] - verifyElementPropertyValue(getResponse, "offers[9].groups[0].pricingPlans[0].period", "monthly"): Verify element property value successfully

2023-10-16 14:14:16 - [MESSAGE][PASSED] - Verify element property value successfully

2023-10-16 14:14:16 - [TEST_STEP][PASSED] - verifyElementPropertyValue(getResponse, "offers[9].groups[0].pricingPlans[0].featured", "true"): Verify element property value successfully

2023-10-16 14:14:16 - [MESSAGE][PASSED] - Verify element property value successfully

2023-10-16 14:14:16 - [TEST_STEP][PASSED] - verifyElementPropertyValue(getResponse, "offers[9].groups[0].pricingPlans[0].price", "2.39"): Verify element property value successfully

2023-10-16 14:14:16 - [MESSAGE][PASSED] - Verify element property value successfully

2023-10-16 14:14:16 - [TEST_STEP][PASSED] - verifyElementPropertyValue(getResponse, "offers[9].groups[0].pricingPlans[0].currency", "BHD"): Verify element property value successfully

2023-10-16 14:14:16 - [MESSAGE][PASSED] - Verify element property value successfully

2023-10-16 14:14:16 - [TEST_STEP][PASSED] - verifyElementPropertyValue(getResponse, "offers[9].groups[0].pricingPlans[0].order", "0"): Verify element property value successfully

2023-10-16 14:14:16 - [MESSAGE][PASSED] - Verify element property value successfully

2023-10-16 14:14:16 - [TEST_STEP][PASSED] - verifyElementPropertyValue(getResponse, "offers[9].groups[0].pricingPlans[0].packageId", "SHAHID_VIP"): Verify element property value successfully

2023-10-16 14:14:16 - [MESSAGE][PASSED] - Verify element property value successfully

2023-10-16 14:14:16 - [TEST_STEP][PASSED] - verifyElementPropertyValue(getResponse, "offers[9].groups[0].pricingPlans[0].catalogId", "VIP"): Verify element property value successfully

2023-10-16 14:14:16 - [MESSAGE][PASSED] - Verify element property value successfully

2023-10-16 14:14:16 - [TEST_STEP][PASSED] - verifyElementPropertyValue(getResponse, "offers[9].groups[0].pricingPlans[0].visualElements[0].key", "Header_1_text"): Verify element property value successfully

2023-10-16 14:14:16 - [MESSAGE][PASSED] - Verify element property value successfully

2023-10-16 14:14:16 - [TEST_STEP][PASSED] - verifyElementPropertyValue(getResponse, "offers[9].groups[0].pricingPlans[0].visualElements[0].value", "شاهد أقوى المسلسلات و الأفلام حصرياً دون توقف"): Verify element property value successfully

2023-10-16 14:14:16 - [MESSAGE][PASSED] - Verify element property value successfully

2023-10-16 14:14:16 - [TEST_STEP][PASSED] - verifyElementPropertyValue(getResponse, "offers[9].groups[0].pricingPlans[0].visualElements[1].key", "display_title"): Verify element property value successfully

2023-10-16 14:14:16 - [MESSAGE][PASSED] - Verify element property value successfully

2023-10-16 14:14:16 - [TEST_STEP][PASSED] - verifyElementPropertyValue(getResponse, "offers[9].groups[0].pricingPlans[0].visualElements[1].value", "احصل على خصم 40%"): Verify element property value successfully

2023-10-16 14:14:16 - [MESSAGE][PASSED] - Verify element property value successfully

2023-10-16 14:14:16 - [TEST_STEP][PASSED] - verifyElementPropertyValue(getResponse, "offers[9].groups[0].pricingPlans[0].visualElements[3].key", "deduction_text"): Verify element property value successfully

2023-10-16 14:14:16 - [MESSAGE][PASSED] - Verify element property value successfully

2023-10-16 14:14:16 - [TEST_STEP][PASSED] - verifyElementPropertyValue(getResponse, "offers[9].groups[0].pricingPlans[0].visualElements[3].value", "تدفع شهرياً"): Verify element property value successfully

2023-10-16 14:14:16 - [MESSAGE][PASSED] - Verify element property value successfully

2023-10-16 14:14:16 - [TEST_STEP][PASSED] - verifyElementPropertyValue(getResponse, "offers[9].groups[0].pricingPlans[0].visualElements[6].key", "show_payment_logo"): Verify element property value successfully

2023-10-16 14:14:16 - [MESSAGE][PASSED] - Verify element property value successfully

2023-10-16 14:14:16 - [TEST_STEP][PASSED] - verifyElementPropertyValue(getResponse, "offers[9].groups[0].pricingPlans[0].visualElements[6].value", "true"): Verify element property value successfully

2023-10-16 14:14:16 - [MESSAGE][PASSED] - Verify element property value successfully

2023-10-16 14:14:16 - [TEST_STEP][PASSED] - verifyElementPropertyValue(getResponse, "offers[9].groups[0].pricingPlans[0].visualElements[8].key", "price"): Verify element property value successfully

2023-10-16 14:14:16 - [MESSAGE][PASSED] - Verify element property value successfully

2023-10-16 14:14:16 - [TEST_STEP][PASSED] - verifyElementPropertyValue(getResponse, "offers[9].groups[0].pricingPlans[0].visualElements[8].value", "2.39"): Verify element property value successfully

2023-10-16 14:14:16 - [MESSAGE][PASSED] - Verify element property value successfully

2023-10-16 14:14:16 - [TEST_STEP][PASSED] - verifyElementPropertyValue(getResponse, "offers[9].groups[0].pricingPlans[0].visualElements[9].key", "currency"): Verify element property value successfully

2023-10-16 14:14:16 - [MESSAGE][PASSED] - Verify element property value successfully

2023-10-16 14:14:16 - [TEST_STEP][PASSED] - verifyElementPropertyValue(getResponse, "offers[9].groups[0].pricingPlans[0].visualElements[9].value", "BHD"): Verify element property value successfully

2023-10-16 14:14:16 - [MESSAGE][PASSED] - Verify element property value successfully

2023-10-16 14:14:16 - [TEST_STEP][PASSED] - verifyElementPropertyValue(getResponse, "offers[9].groups[0].pricingPlans[0].visualElements[10].key", "duration"): Verify element property value successfully

2023-10-16 14:14:16 - [MESSAGE][PASSED] - Verify element property value successfully

2023-10-16 14:14:16 - [TEST_STEP][PASSED] - verifyElementPropertyValue(getResponse, "offers[9].groups[0].pricingPlans[0].visualElements[10].value", "شهرياً"): Verify element property value successfully

2023-10-16 14:14:16 - [MESSAGE][PASSED] - Verify element property value successfully

2023-10-16 14:14:16 - [TEST_STEP][PASSED] - verifyElementPropertyValue(getResponse, "offers[9].groups[0].pricingPlans[0].visualElements[11].key", "featured_tag_text"): Verify element property value successfully

2023-10-16 14:14:16 - [MESSAGE][PASSED] - Verify element property value successfully

2023-10-16 14:14:16 - [TEST_STEP][PASSED] - verifyElementPropertyValue(getResponse, "offers[9].groups[0].pricingPlans[0].visualElements[11].value", "عرض لمدة محدودة"): Verify element property value successfully

2023-10-16 14:14:16 - [MESSAGE][PASSED] - Verify element property value successfully

2023-10-16 14:14:16 - [TEST_STEP][PASSED] - verifyElementPropertyValue(getResponse, "offers[9].groups[0].pricingPlans[0].visualElements[13].key", "tag_text"): Verify element property value successfully

2023-10-16 14:14:16 - [MESSAGE][PASSED] - Verify element property value successfully

2023-10-16 14:14:16 - [TEST_STEP][PASSED] - verifyElementPropertyValue(getResponse, "offers[9].groups[0].pricingPlans[0].visualElements[13].value", "وفر 40%"): Verify element property value successfully

2023-10-16 14:14:16 - [MESSAGE][PASSED] - Verify element property value successfully

2023-10-16 14:14:16 - [TEST_STEP][PASSED] - verifyElementPropertyValue(getResponse, "offers[9].groups[0].pricingPlans[0].visualElements[12].key", "show_tag"): Verify element property value successfully

2023-10-16 14:14:16 - [MESSAGE][PASSED] - Verify element property value successfully

2023-10-16 14:14:16 - [TEST_STEP][PASSED] - verifyElementPropertyValue(getResponse, "offers[9].groups[0].pricingPlans[0].visualElements[12].value", "true"): Verify element property value successfully

2023-10-16 14:14:16 - [MESSAGE][PASSED] - Verify element property value successfully

2023-10-16 14:14:16 - [TEST_STEP][PASSED] - verifyElementPropertyValue(getResponse, "offers[9].groups[0].pricingPlans[0].pricingPlanData[0].productId", "BHR_B2C_SHAHID_VIP_1M"): Verify element property value successfully

2023-10-16 14:14:16 - [MESSAGE][PASSED] - Verify element property value successfully

2023-10-16 14:14:16 - [TEST_STEP][PASSED] - verifyElementPropertyValue(getResponse, "offers[9].groups[0].pricingPlans[0].pricingPlanData[0].paymentMethod", "CREDIT_CARD"): Verify element property value successfully

2023-10-16 14:14:16 - [MESSAGE][PASSED] - Verify element property value successfully

2023-10-16 14:14:16 - [TEST_STEP][PASSED] - verifyElementPropertyValue(getResponse, "offers[9].groups[0].pricingPlans[0].pricingPlanData[0].freeTrialEnabled", "false"): Verify element property value successfully

2023-10-16 14:14:16 - [MESSAGE][PASSED] - Verify element property value successfully

2023-10-16 14:14:16 - [TEST_STEP][PASSED] - verifyElementPropertyValue(getResponse, "offers[9].groups[0].pricingPlans[0].pricingPlanData[0].showIn[0]", "VERTICAL_MODE"): Verify element property value successfully

2023-10-16 14:14:16 - [MESSAGE][PASSED] - Verify element property value successfully

2023-10-16 14:14:16 - [TEST_STEP][PASSED] - verifyElementPropertyValue(getResponse, "offers[9].groups[0].pricingPlans[0].pricingPlanData[0].showIn[1]", "HORIZONTAL_MODE"): Verify element property value successfully

2023-10-16 14:14:16 - [MESSAGE][PASSED] - Verify element property value successfully

2023-10-16 14:14:16 - [TEST_STEP][PASSED] - verifyElementPropertyValue(getResponse, "offers[9].groups[0].pricingPlans[0].pricingPlanData[0].priceLabel", "2.39"): Verify element property value successfully

2023-10-16 14:14:16 - [MESSAGE][PASSED] - Verify element property value successfully

2023-10-16 14:14:16 - [TEST_STEP][PASSED] - verifyElementPropertyValue(getResponse, "offers[9].groups[0].pricingPlans[0].pricingPlanData[0].currencyLabel", "BHD"): Verify element property value successfully

2023-10-16 14:14:16 - [MESSAGE][PASSED] - Verify element property value successfully

2023-10-16 14:14:16 - [TEST_STEP][PASSED] - verifyElementPropertyValue(getResponse, "offers[9].groups[0].pricingPlans[0].pricingPlanData[0].dealId", "BYG_40P_BHR"): Verify element property value successfully

2023-10-16 14:14:16 - [MESSAGE][PASSED] - Verify element property value successfully

2023-10-16 14:14:16 - [TEST_STEP][PASSED] - verifyElementPropertyValue(getResponse, "offers[9].groups[0].pricingPlans[0].pricingPlanData[0].allowedForAcquisition", "true"): Verify element property value successfully

2023-10-16 14:14:16 - [MESSAGE][PASSED] - Verify element property value successfully

2023-10-16 14:14:16 - [TEST_STEP][PASSED] - verifyElementPropertyValue(getResponse, "offers[9].groups[0].pricingPlans[0].pricingPlanData[0].visualElements[0].key", "title"): Verify element property value successfully

2023-10-16 14:14:16 - [MESSAGE][PASSED] - Verify element property value successfully

2023-10-16 14:14:16 - [TEST_STEP][PASSED] - verifyElementPropertyValue(getResponse, "offers[9].groups[0].pricingPlans[0].pricingPlanData[0].visualElements[0].value", "البطاقة المصرفية"): Verify element property value successfully

2023-10-16 14:14:16 - [MESSAGE][PASSED] - Verify element property value successfully

2023-10-16 14:14:16 - [TEST_STEP][PASSED] - verifyElementPropertyValue(getResponse, "offers[9].groups[0].pricingPlans[0].pricingPlanData[0].visualElements[1].key", "CTA_text"): Verify element property value successfully

2023-10-16 14:14:16 - [MESSAGE][PASSED] - Verify element property value successfully

2023-10-16 14:14:16 - [TEST_STEP][PASSED] - verifyElementPropertyValue(getResponse, "offers[9].groups[0].pricingPlans[0].pricingPlanData[0].visualElements[1].value", "اشترك"): Verify element property value successfully

2023-10-16 14:14:16 - [MESSAGE][PASSED] - Verify element property value successfully

2023-10-16 14:14:16 - [TEST_STEP][PASSED] - verifyElementPropertyValue(getResponse, "offers[9].groups[0].pricingPlans[0].pricingPlanData[0].visualElements[2].key", "logo"): Verify element property value successfully

2023-10-16 14:14:16 - [MESSAGE][PASSED] - Verify element property value successfully

2023-10-16 14:14:16 - [TEST_STEP][PASSED] - verifyElementPropertyValue(getResponse, "offers[9].groups[0].pricingPlans[0].pricingPlanData[0].visualElements[2].value", "https://static.s3.shahid.mbc.net/widget-images/icons/iconCreditCard.png"): Verify element property value successfully

2023-10-16 14:14:16 - [MESSAGE][PASSED] - Verify element property value successfully

2023-10-16 14:14:16 - [TEST_STEP][PASSED] - verifyElementPropertyValue(getResponse, "offers[10].offerId", "byg-50-offer"): Verify element property value successfully

2023-10-16 14:14:16 - [MESSAGE][PASSED] - Verify element property value successfully

2023-10-16 14:14:16 - [TEST_STEP][PASSED] - verifyElementPropertyValue(getResponse, "offers[10].offerParam", "bygoffer50"): Verify element property value successfully

2023-10-16 14:14:16 - [MESSAGE][PASSED] - Verify element property value successfully

2023-10-16 14:14:16 - [TEST_STEP][PASSED] - verifyElementPropertyValue(getResponse, "offers[10].groups[0].pricingPlans[0].featured", "true"): Verify element property value successfully

2023-10-16 14:14:16 - [MESSAGE][PASSED] - Verify element property value successfully

2023-10-16 14:14:16 - [TEST_STEP][PASSED] - verifyElementPropertyValue(getResponse, "offers[10].groups[0].pricingPlans[0].period", "monthly"): Verify element property value successfully

2023-10-16 14:14:16 - [MESSAGE][PASSED] - Verify element property value successfully

2023-10-16 14:14:16 - [TEST_STEP][PASSED] - verifyElementPropertyValue(getResponse, "offers[10].groups[0].pricingPlans[0].featured", "true"): Verify element property value successfully

2023-10-16 14:14:16 - [MESSAGE][PASSED] - Verify element property value successfully

2023-10-16 14:14:16 - [TEST_STEP][PASSED] - verifyElementPropertyValue(getResponse, "offers[10].groups[0].pricingPlans[0].price", "1.99"): Verify element property value successfully

2023-10-16 14:14:16 - [MESSAGE][PASSED] - Verify element property value successfully

2023-10-16 14:14:16 - [TEST_STEP][PASSED] - verifyElementPropertyValue(getResponse, "offers[10].groups[0].pricingPlans[0].currency", "BHD"): Verify element property value successfully

2023-10-16 14:14:16 - [MESSAGE][PASSED] - Verify element property value successfully

2023-10-16 14:14:16 - [TEST_STEP][PASSED] - verifyElementPropertyValue(getResponse, "offers[10].groups[0].pricingPlans[0].order", "0"): Verify element property value successfully

2023-10-16 14:14:16 - [MESSAGE][PASSED] - Verify element property value successfully

2023-10-16 14:14:16 - [TEST_STEP][PASSED] - verifyElementPropertyValue(getResponse, "offers[10].groups[0].pricingPlans[0].packageId", "SHAHID_VIP"): Verify element property value successfully

2023-10-16 14:14:16 - [MESSAGE][PASSED] - Verify element property value successfully

2023-10-16 14:14:16 - [TEST_STEP][PASSED] - verifyElementPropertyValue(getResponse, "offers[10].groups[0].pricingPlans[0].catalogId", "VIP"): Verify element property value successfully

2023-10-16 14:14:16 - [MESSAGE][PASSED] - Verify element property value successfully

2023-10-16 14:14:16 - [TEST_STEP][PASSED] - verifyElementPropertyValue(getResponse, "offers[10].groups[0].pricingPlans[0].visualElements[0].key", "Header_1_text"): Verify element property value successfully

2023-10-16 14:14:16 - [MESSAGE][PASSED] - Verify element property value successfully

2023-10-16 14:14:16 - [TEST_STEP][PASSED] - verifyElementPropertyValue(getResponse, "offers[10].groups[0].pricingPlans[0].visualElements[0].value", "شاهد أقوى المسلسلات و الأفلام حصرياً دون توقف"): Verify element property value successfully

2023-10-16 14:14:16 - [MESSAGE][PASSED] - Verify element property value successfully

2023-10-16 14:14:16 - [TEST_STEP][PASSED] - verifyElementPropertyValue(getResponse, "offers[10].groups[0].pricingPlans[0].visualElements[1].key", "display_title"): Verify element property value successfully

2023-10-16 14:14:16 - [MESSAGE][PASSED] - Verify element property value successfully

2023-10-16 14:14:16 - [TEST_STEP][PASSED] - verifyElementPropertyValue(getResponse, "offers[10].groups[0].pricingPlans[0].visualElements[1].value", "احصل على خصم 50%"): Verify element property value successfully

2023-10-16 14:14:16 - [MESSAGE][PASSED] - Verify element property value successfully

2023-10-16 14:14:16 - [TEST_STEP][PASSED] - verifyElementPropertyValue(getResponse, "offers[10].groups[0].pricingPlans[0].visualElements[3].key", "deduction_text"): Verify element property value successfully

2023-10-16 14:14:16 - [MESSAGE][PASSED] - Verify element property value successfully

2023-10-16 14:14:16 - [TEST_STEP][PASSED] - verifyElementPropertyValue(getResponse, "offers[10].groups[0].pricingPlans[0].visualElements[3].value", "تدفع شهرياً"): Verify element property value successfully

2023-10-16 14:14:16 - [MESSAGE][PASSED] - Verify element property value successfully

2023-10-16 14:14:16 - [TEST_STEP][PASSED] - verifyElementPropertyValue(getResponse, "offers[10].groups[0].pricingPlans[0].visualElements[6].key", "show_payment_logo"): Verify element property value successfully

2023-10-16 14:14:16 - [MESSAGE][PASSED] - Verify element property value successfully

2023-10-16 14:14:16 - [TEST_STEP][PASSED] - verifyElementPropertyValue(getResponse, "offers[10].groups[0].pricingPlans[0].visualElements[6].value", "true"): Verify element property value successfully

2023-10-16 14:14:16 - [MESSAGE][PASSED] - Verify element property value successfully

2023-10-16 14:14:16 - [TEST_STEP][PASSED] - verifyElementPropertyValue(getResponse, "offers[10].groups[0].pricingPlans[0].visualElements[8].key", "price"): Verify element property value successfully

2023-10-16 14:14:16 - [MESSAGE][PASSED] - Verify element property value successfully

2023-10-16 14:14:16 - [TEST_STEP][PASSED] - verifyElementPropertyValue(getResponse, "offers[10].groups[0].pricingPlans[0].visualElements[8].value", "1.99"): Verify element property value successfully

2023-10-16 14:14:16 - [MESSAGE][PASSED] - Verify element property value successfully

2023-10-16 14:14:16 - [TEST_STEP][PASSED] - verifyElementPropertyValue(getResponse, "offers[10].groups[0].pricingPlans[0].visualElements[9].key", "currency"): Verify element property value successfully

2023-10-16 14:14:16 - [MESSAGE][PASSED] - Verify element property value successfully

2023-10-16 14:14:16 - [TEST_STEP][PASSED] - verifyElementPropertyValue(getResponse, "offers[10].groups[0].pricingPlans[0].visualElements[9].value", "BHD"): Verify element property value successfully

2023-10-16 14:14:16 - [MESSAGE][PASSED] - Verify element property value successfully

2023-10-16 14:14:16 - [TEST_STEP][PASSED] - verifyElementPropertyValue(getResponse, "offers[10].groups[0].pricingPlans[0].visualElements[10].key", "duration"): Verify element property value successfully

2023-10-16 14:14:16 - [MESSAGE][PASSED] - Verify element property value successfully

2023-10-16 14:14:16 - [TEST_STEP][PASSED] - verifyElementPropertyValue(getResponse, "offers[10].groups[0].pricingPlans[0].visualElements[10].value", "شهرياً"): Verify element property value successfully

2023-10-16 14:14:16 - [MESSAGE][PASSED] - Verify element property value successfully

2023-10-16 14:14:16 - [TEST_STEP][PASSED] - verifyElementPropertyValue(getResponse, "offers[10].groups[0].pricingPlans[0].visualElements[11].key", "featured_tag_text"): Verify element property value successfully

2023-10-16 14:14:16 - [MESSAGE][PASSED] - Verify element property value successfully

2023-10-16 14:14:16 - [TEST_STEP][PASSED] - verifyElementPropertyValue(getResponse, "offers[10].groups[0].pricingPlans[0].visualElements[11].value", "عرض لمدة محدودة"): Verify element property value successfully

2023-10-16 14:14:16 - [MESSAGE][PASSED] - Verify element property value successfully

2023-10-16 14:14:16 - [TEST_STEP][PASSED] - verifyElementPropertyValue(getResponse, "offers[10].groups[0].pricingPlans[0].visualElements[13].key", "tag_text"): Verify element property value successfully

2023-10-16 14:14:16 - [MESSAGE][PASSED] - Verify element property value successfully

2023-10-16 14:14:16 - [TEST_STEP][PASSED] - verifyElementPropertyValue(getResponse, "offers[10].groups[0].pricingPlans[0].visualElements[13].value", "وفر 50%"): Verify element property value successfully

2023-10-16 14:14:16 - [MESSAGE][PASSED] - Verify element property value successfully

2023-10-16 14:14:16 - [TEST_STEP][PASSED] - verifyElementPropertyValue(getResponse, "offers[10].groups[0].pricingPlans[0].visualElements[12].key", "show_tag"): Verify element property value successfully

2023-10-16 14:14:16 - [MESSAGE][PASSED] - Verify element property value successfully

2023-10-16 14:14:16 - [TEST_STEP][PASSED] - verifyElementPropertyValue(getResponse, "offers[10].groups[0].pricingPlans[0].visualElements[12].value", "true"): Verify element property value successfully

2023-10-16 14:14:16 - [MESSAGE][PASSED] - Verify element property value successfully

2023-10-16 14:14:16 - [TEST_STEP][PASSED] - verifyElementPropertyValue(getResponse, "offers[10].groups[0].pricingPlans[0].pricingPlanData[0].productId", "BHR_B2C_SHAHID_VIP_1M"): Verify element property value successfully

2023-10-16 14:14:16 - [MESSAGE][PASSED] - Verify element property value successfully

2023-10-16 14:14:16 - [TEST_STEP][PASSED] - verifyElementPropertyValue(getResponse, "offers[10].groups[0].pricingPlans[0].pricingPlanData[0].paymentMethod", "CREDIT_CARD"): Verify element property value successfully

2023-10-16 14:14:16 - [MESSAGE][PASSED] - Verify element property value successfully

2023-10-16 14:14:16 - [TEST_STEP][PASSED] - verifyElementPropertyValue(getResponse, "offers[10].groups[0].pricingPlans[0].pricingPlanData[0].freeTrialEnabled", "false"): Verify element property value successfully

2023-10-16 14:14:16 - [MESSAGE][PASSED] - Verify element property value successfully

2023-10-16 14:14:16 - [TEST_STEP][PASSED] - verifyElementPropertyValue(getResponse, "offers[10].groups[0].pricingPlans[0].pricingPlanData[0].showIn[0]", "VERTICAL_MODE"): Verify element property value successfully

2023-10-16 14:14:16 - [MESSAGE][PASSED] - Verify element property value successfully

2023-10-16 14:14:16 - [TEST_STEP][PASSED] - verifyElementPropertyValue(getResponse, "offers[10].groups[0].pricingPlans[0].pricingPlanData[0].showIn[1]", "HORIZONTAL_MODE"): Verify element property value successfully

2023-10-16 14:14:16 - [MESSAGE][PASSED] - Verify element property value successfully

2023-10-16 14:14:16 - [TEST_STEP][PASSED] - verifyElementPropertyValue(getResponse, "offers[10].groups[0].pricingPlans[0].pricingPlanData[0].priceLabel", "1.99"): Verify element property value successfully

2023-10-16 14:14:16 - [MESSAGE][PASSED] - Verify element property value successfully

2023-10-16 14:14:16 - [TEST_STEP][PASSED] - verifyElementPropertyValue(getResponse, "offers[10].groups[0].pricingPlans[0].pricingPlanData[0].currencyLabel", "BHD"): Verify element property value successfully

2023-10-16 14:14:16 - [MESSAGE][PASSED] - Verify element property value successfully

2023-10-16 14:14:16 - [TEST_STEP][PASSED] - verifyElementPropertyValue(getResponse, "offers[10].groups[0].pricingPlans[0].pricingPlanData[0].dealId", "BYG_50P_BHR"): Verify element property value successfully

2023-10-16 14:14:16 - [MESSAGE][PASSED] - Verify element property value successfully

2023-10-16 14:14:16 - [TEST_STEP][PASSED] - verifyElementPropertyValue(getResponse, "offers[10].groups[0].pricingPlans[0].pricingPlanData[0].allowedForAcquisition", "true"): Verify element property value successfully

2023-10-16 14:14:16 - [MESSAGE][PASSED] - Verify element property value successfully

2023-10-16 14:14:16 - [TEST_STEP][PASSED] - verifyElementPropertyValue(getResponse, "offers[10].groups[0].pricingPlans[0].pricingPlanData[0].visualElements[0].key", "title"): Verify element property value successfully

2023-10-16 14:14:16 - [MESSAGE][PASSED] - Verify element property value successfully

2023-10-16 14:14:16 - [TEST_STEP][PASSED] - verifyElementPropertyValue(getResponse, "offers[10].groups[0].pricingPlans[0].pricingPlanData[0].visualElements[0].value", "البطاقة المصرفية"): Verify element property value successfully

2023-10-16 14:14:16 - [MESSAGE][PASSED] - Verify element property value successfully

2023-10-16 14:14:16 - [TEST_STEP][PASSED] - verifyElementPropertyValue(getResponse, "offers[10].groups[0].pricingPlans[0].pricingPlanData[0].visualElements[1].key", "CTA_text"): Verify element property value successfully

2023-10-16 14:14:16 - [MESSAGE][PASSED] - Verify element property value successfully

2023-10-16 14:14:16 - [TEST_STEP][PASSED] - verifyElementPropertyValue(getResponse, "offers[10].groups[0].pricingPlans[0].pricingPlanData[0].visualElements[1].value", "اشترك"): Verify element property value successfully

2023-10-16 14:14:16 - [MESSAGE][PASSED] - Verify element property value successfully

2023-10-16 14:14:16 - [TEST_STEP][PASSED] - verifyElementPropertyValue(getResponse, "offers[10].groups[0].pricingPlans[0].pricingPlanData[0].visualElements[2].key", "logo"): Verify element property value successfully

2023-10-16 14:14:16 - [MESSAGE][PASSED] - Verify element property value successfully

2023-10-16 14:14:16 - [TEST_STEP][PASSED] - verifyElementPropertyValue(getResponse, "offers[10].groups[0].pricingPlans[0].pricingPlanData[0].visualElements[2].value", "https://static.s3.shahid.mbc.net/widget-images/icons/iconCreditCard.png"): Verify element property value successfully

2023-10-16 14:14:16 - [MESSAGE][PASSED] - Verify element property value successfully]]></system-out>
         <system-err><![CDATA[]]></system-err>
      </testcase>
      <testcase name="Test Cases/WEB - CHROME/BHR PI/WEB_EN_getOffersForBHR_SPORT" time="3.803" classname="Test Cases/WEB - CHROME/BHR PI/WEB_EN_getOffersForBHR_SPORT" status="FAILED">
         <failure type="FAILED" message="Test Cases/WEB - CHROME/BHR PI/WEB_EN_getOffersForBHR_SPORT FAILED.
Reason:
com.kms.katalon.core.exception.StepFailedException: Expected element property value '30% Discount Offer' is not equal with actual property value '30% Discount Offer​'
	at com.kms.katalon.core.keyword.internal.KeywordMain.stepFailed(KeywordMain.groovy:39)
	at com.kms.katalon.core.webservice.keyword.builtin.VerifyElementPropertyValueKeyword$_verifyElementPropertyValue_closure1.doCall(VerifyElementPropertyValueKeyword.groovy:56)
	at com.kms.katalon.core.webservice.keyword.builtin.VerifyElementPropertyValueKeyword$_verifyElementPropertyValue_closure1.call(VerifyElementPropertyValueKeyword.groovy)
	at com.kms.katalon.core.keyword.internal.KeywordMain.runKeyword(KeywordMain.groovy:75)
	at com.kms.katalon.core.webservice.keyword.builtin.VerifyElementPropertyValueKeyword.verifyElementPropertyValue(VerifyElementPropertyValueKeyword.groovy:48)
	at com.kms.katalon.core.webservice.keyword.builtin.VerifyElementPropertyValueKeyword.execute(VerifyElementPropertyValueKeyword.groovy:43)
	at com.kms.katalon.core.keyword.internal.KeywordExecutor.executeKeywordForPlatform(KeywordExecutor.groovy:74)
	at com.kms.katalon.core.webservice.keyword.WSBuiltInKeywords.verifyElementPropertyValue(WSBuiltInKeywords.groovy:190)
	at com.kms.katalon.core.webservice.keyword.WSBuiltInKeywords$verifyElementPropertyValue$1.call(Unknown Source)
	at WEB_EN_getOffersForBHR_SPORT.run(WEB_EN_getOffersForBHR_SPORT:46)
	at com.kms.katalon.core.main.ScriptEngine.run(ScriptEngine.java:194)
	at com.kms.katalon.core.main.ScriptEngine.runScriptAsRawText(ScriptEngine.java:119)
	at com.kms.katalon.core.main.TestCaseExecutor.runScript(TestCaseExecutor.java:448)
	at com.kms.katalon.core.main.TestCaseExecutor.doExecute(TestCaseExecutor.java:439)
	at com.kms.katalon.core.main.TestCaseExecutor.processExecutionPhase(TestCaseExecutor.java:418)
	at com.kms.katalon.core.main.TestCaseExecutor.accessMainPhase(TestCaseExecutor.java:410)
	at com.kms.katalon.core.main.TestCaseExecutor.execute(TestCaseExecutor.java:285)
	at com.kms.katalon.core.common.CommonExecutor.accessTestCaseMainPhase(CommonExecutor.java:65)
	at com.kms.katalon.core.main.TestSuiteExecutor.accessTestSuiteMainPhase(TestSuiteExecutor.java:148)
	at com.kms.katalon.core.main.TestSuiteExecutor.execute(TestSuiteExecutor.java:106)
	at com.kms.katalon.core.main.TestCaseMain.startTestSuite(TestCaseMain.java:187)
	at com.kms.katalon.core.main.TestCaseMain$startTestSuite$0.call(Unknown Source)
	at TempTestSuite1697454209021.run(TempTestSuite1697454209021.groovy:36)
"/>
         <system-out><![CDATA[2023-10-16 14:14:16 - [TEST_CASE][FAILED] - Test Cases/WEB - CHROME/BHR PI/WEB_EN_getOffersForBHR_SPORT: Test Cases/WEB - CHROME/BHR PI/WEB_EN_getOffersForBHR_SPORT FAILED.
Reason:
com.kms.katalon.core.exception.StepFailedException: Expected element property value '30% Discount Offer' is not equal with actual property value '30% Discount Offer​'
	at com.kms.katalon.core.keyword.internal.KeywordMain.stepFailed(KeywordMain.groovy:39)
	at com.kms.katalon.core.webservice.keyword.builtin.VerifyElementPropertyValueKeyword$_verifyElementPropertyValue_closure1.doCall(VerifyElementPropertyValueKeyword.groovy:56)
	at com.kms.katalon.core.webservice.keyword.builtin.VerifyElementPropertyValueKeyword$_verifyElementPropertyValue_closure1.call(VerifyElementPropertyValueKeyword.groovy)
	at com.kms.katalon.core.keyword.internal.KeywordMain.runKeyword(KeywordMain.groovy:75)
	at com.kms.katalon.core.webservice.keyword.builtin.VerifyElementPropertyValueKeyword.verifyElementPropertyValue(VerifyElementPropertyValueKeyword.groovy:48)
	at com.kms.katalon.core.webservice.keyword.builtin.VerifyElementPropertyValueKeyword.execute(VerifyElementPropertyValueKeyword.groovy:43)
	at com.kms.katalon.core.keyword.internal.KeywordExecutor.executeKeywordForPlatform(KeywordExecutor.groovy:74)
	at com.kms.katalon.core.webservice.keyword.WSBuiltInKeywords.verifyElementPropertyValue(WSBuiltInKeywords.groovy:190)
	at com.kms.katalon.core.webservice.keyword.WSBuiltInKeywords$verifyElementPropertyValue$1.call(Unknown Source)
	at WEB_EN_getOffersForBHR_SPORT.run(WEB_EN_getOffersForBHR_SPORT:46)
	at com.kms.katalon.core.main.ScriptEngine.run(ScriptEngine.java:194)
	at com.kms.katalon.core.main.ScriptEngine.runScriptAsRawText(ScriptEngine.java:119)
	at com.kms.katalon.core.main.TestCaseExecutor.runScript(TestCaseExecutor.java:448)
	at com.kms.katalon.core.main.TestCaseExecutor.doExecute(TestCaseExecutor.java:439)
	at com.kms.katalon.core.main.TestCaseExecutor.processExecutionPhase(TestCaseExecutor.java:418)
	at com.kms.katalon.core.main.TestCaseExecutor.accessMainPhase(TestCaseExecutor.java:410)
	at com.kms.katalon.core.main.TestCaseExecutor.execute(TestCaseExecutor.java:285)
	at com.kms.katalon.core.common.CommonExecutor.accessTestCaseMainPhase(CommonExecutor.java:65)
	at com.kms.katalon.core.main.TestSuiteExecutor.accessTestSuiteMainPhase(TestSuiteExecutor.java:148)
	at com.kms.katalon.core.main.TestSuiteExecutor.execute(TestSuiteExecutor.java:106)
	at com.kms.katalon.core.main.TestCaseMain.startTestSuite(TestCaseMain.java:187)
	at com.kms.katalon.core.main.TestCaseMain$startTestSuite$0.call(Unknown Source)
	at TempTestSuite1697454209021.run(TempTestSuite1697454209021.groovy:36)


2023-10-16 14:14:17 - [TEST_STEP][PASSED] - getResponse = config_files.getConfigFile.getConfig("WEB", "EN", "SHAHID_VIP_SPORT", "BH", "false"): config_files.getConfigFile.getConfig is PASSED

2023-10-16 14:14:17 - [MESSAGE][INFO] - HAR: /Users/admin/git/shahid-configuration/Reports/20231016_140310/WEB/BHR/20231016_140329/requests/main/6.har

2023-10-16 14:14:17 - [MESSAGE][PASSED] - Send request successfully

2023-10-16 14:14:17 - [MESSAGE][PASSED] - config_files.getConfigFile.getConfig is PASSED

2023-10-16 14:14:17 - [TEST_STEP][PASSED] - verifyResponseStatusCode(getResponse, 200): Verify response status code successfully

2023-10-16 14:14:17 - [MESSAGE][PASSED] - Verify response status code successfully

2023-10-16 14:14:17 - [TEST_STEP][PASSED] - verifyElementPropertyValue(getResponse, "country", "BHR"): Verify element property value successfully

2023-10-16 14:14:17 - [MESSAGE][PASSED] - Verify element property value successfully

2023-10-16 14:14:17 - [TEST_STEP][PASSED] - verifyElementPropertyValue(getResponse, "platform", "[WEB]"): Verify element property value successfully

2023-10-16 14:14:17 - [MESSAGE][PASSED] - Verify element property value successfully

2023-10-16 14:14:17 - [TEST_STEP][PASSED] - verifyElementPropertyValue(getResponse, "offers[5].offerId", "winback-sport-30-offer"): Verify element property value successfully

2023-10-16 14:14:17 - [MESSAGE][PASSED] - Verify element property value successfully

2023-10-16 14:14:17 - [TEST_STEP][PASSED] - verifyElementPropertyValue(getResponse, "offers[5].offerParam", "sportsoffer30"): Verify element property value successfully

2023-10-16 14:14:17 - [MESSAGE][PASSED] - Verify element property value successfully

2023-10-16 14:14:17 - [TEST_STEP][PASSED] - verifyElementPropertyValue(getResponse, "offers[5].groups[0].pricingPlans[0].featured", "true"): Verify element property value successfully

2023-10-16 14:14:17 - [MESSAGE][PASSED] - Verify element property value successfully

2023-10-16 14:14:17 - [TEST_STEP][PASSED] - verifyElementPropertyValue(getResponse, "offers[5].groups[0].pricingPlans[0].period", "monthly"): Verify element property value successfully

2023-10-16 14:14:17 - [MESSAGE][PASSED] - Verify element property value successfully

2023-10-16 14:14:17 - [TEST_STEP][PASSED] - verifyElementPropertyValue(getResponse, "offers[5].groups[0].pricingPlans[0].featured", "true"): Verify element property value successfully

2023-10-16 14:14:17 - [MESSAGE][PASSED] - Verify element property value successfully

2023-10-16 14:14:17 - [TEST_STEP][PASSED] - verifyElementPropertyValue(getResponse, "offers[5].groups[0].pricingPlans[0].price", "4.89"): Verify element property value successfully

2023-10-16 14:14:17 - [MESSAGE][PASSED] - Verify element property value successfully

2023-10-16 14:14:17 - [TEST_STEP][PASSED] - verifyElementPropertyValue(getResponse, "offers[5].groups[0].pricingPlans[0].currency", "BHD"): Verify element property value successfully

2023-10-16 14:14:17 - [MESSAGE][PASSED] - Verify element property value successfully

2023-10-16 14:14:17 - [TEST_STEP][PASSED] - verifyElementPropertyValue(getResponse, "offers[5].groups[0].pricingPlans[0].order", "0"): Verify element property value successfully

2023-10-16 14:14:17 - [MESSAGE][PASSED] - Verify element property value successfully

2023-10-16 14:14:17 - [TEST_STEP][PASSED] - verifyElementPropertyValue(getResponse, "offers[5].groups[0].pricingPlans[0].packageId", "SHAHID_VIP_SPORT"): Verify element property value successfully

2023-10-16 14:14:17 - [MESSAGE][PASSED] - Verify element property value successfully

2023-10-16 14:14:17 - [TEST_STEP][PASSED] - verifyElementPropertyValue(getResponse, "offers[5].groups[0].pricingPlans[0].catalogId", "SPORT"): Verify element property value successfully

2023-10-16 14:14:17 - [MESSAGE][PASSED] - Verify element property value successfully

2023-10-16 14:14:17 - [TEST_STEP][PASSED] - verifyElementPropertyValue(getResponse, "offers[5].groups[0].pricingPlans[0].visualElements[0].key", "Header_1_text"): Verify element property value successfully

2023-10-16 14:14:17 - [MESSAGE][PASSED] - Verify element property value successfully

2023-10-16 14:14:17 - [TEST_STEP][PASSED] - verifyElementPropertyValue(getResponse, "offers[5].groups[0].pricingPlans[0].visualElements[0].value", "Watch the most powerful series and movies exclusively without stopping"): Verify element property value successfully

2023-10-16 14:14:17 - [MESSAGE][PASSED] - Verify element property value successfully

2023-10-16 14:14:17 - [TEST_STEP][PASSED] - verifyElementPropertyValue(getResponse, "offers[5].groups[0].pricingPlans[0].visualElements[1].key", "display_title"): Verify element property value successfully

2023-10-16 14:14:17 - [MESSAGE][PASSED] - Verify element property value successfully

2023-10-16 14:14:17 - [TEST_STEP][FAILED] - verifyElementPropertyValue(getResponse, "offers[5].groups[0].pricingPlans[0].visualElements[1].value", "30% Discount Offer"): Expected element property value '30% Discount Offer' is not equal with actual property value '30% Discount Offer​'

2023-10-16 14:14:17 - [MESSAGE][FAILED] - Expected element property value '30% Discount Offer' is not equal with actual property value '30% Discount Offer​'

2023-10-16 14:14:17 - [TEST_STEP][PASSED] - verifyElementPropertyValue(getResponse, "offers[5].groups[0].pricingPlans[0].visualElements[3].key", "deduction_text"): Verify element property value successfully

2023-10-16 14:14:17 - [MESSAGE][PASSED] - Verify element property value successfully

2023-10-16 14:14:17 - [TEST_STEP][PASSED] - verifyElementPropertyValue(getResponse, "offers[5].groups[0].pricingPlans[0].visualElements[3].value", "billed every month"): Verify element property value successfully

2023-10-16 14:14:17 - [MESSAGE][PASSED] - Verify element property value successfully

2023-10-16 14:14:17 - [TEST_STEP][PASSED] - verifyElementPropertyValue(getResponse, "offers[5].groups[0].pricingPlans[0].visualElements[6].key", "show_payment_logo"): Verify element property value successfully

2023-10-16 14:14:17 - [MESSAGE][PASSED] - Verify element property value successfully

2023-10-16 14:14:17 - [TEST_STEP][PASSED] - verifyElementPropertyValue(getResponse, "offers[5].groups[0].pricingPlans[0].visualElements[6].value", "true"): Verify element property value successfully

2023-10-16 14:14:18 - [MESSAGE][PASSED] - Verify element property value successfully

2023-10-16 14:14:18 - [TEST_STEP][PASSED] - verifyElementPropertyValue(getResponse, "offers[5].groups[0].pricingPlans[0].visualElements[8].key", "price"): Verify element property value successfully

2023-10-16 14:14:18 - [MESSAGE][PASSED] - Verify element property value successfully

2023-10-16 14:14:18 - [TEST_STEP][PASSED] - verifyElementPropertyValue(getResponse, "offers[5].groups[0].pricingPlans[0].visualElements[8].value", "4.89"): Verify element property value successfully

2023-10-16 14:14:18 - [MESSAGE][PASSED] - Verify element property value successfully

2023-10-16 14:14:18 - [TEST_STEP][PASSED] - verifyElementPropertyValue(getResponse, "offers[5].groups[0].pricingPlans[0].visualElements[9].key", "currency"): Verify element property value successfully

2023-10-16 14:14:18 - [MESSAGE][PASSED] - Verify element property value successfully

2023-10-16 14:14:18 - [TEST_STEP][PASSED] - verifyElementPropertyValue(getResponse, "offers[5].groups[0].pricingPlans[0].visualElements[9].value", "BHD"): Verify element property value successfully

2023-10-16 14:14:18 - [MESSAGE][PASSED] - Verify element property value successfully

2023-10-16 14:14:18 - [TEST_STEP][PASSED] - verifyElementPropertyValue(getResponse, "offers[5].groups[0].pricingPlans[0].visualElements[10].key", "duration"): Verify element property value successfully

2023-10-16 14:14:18 - [MESSAGE][PASSED] - Verify element property value successfully

2023-10-16 14:14:18 - [TEST_STEP][PASSED] - verifyElementPropertyValue(getResponse, "offers[5].groups[0].pricingPlans[0].visualElements[10].value", "Monthly"): Verify element property value successfully

2023-10-16 14:14:18 - [MESSAGE][PASSED] - Verify element property value successfully

2023-10-16 14:14:18 - [TEST_STEP][PASSED] - verifyElementPropertyValue(getResponse, "offers[5].groups[0].pricingPlans[0].visualElements[11].key", "featured_tag_text"): Verify element property value successfully

2023-10-16 14:14:18 - [MESSAGE][PASSED] - Verify element property value successfully

2023-10-16 14:14:18 - [TEST_STEP][PASSED] - verifyElementPropertyValue(getResponse, "offers[5].groups[0].pricingPlans[0].visualElements[11].value", "Limited Time Offer"): Verify element property value successfully

2023-10-16 14:14:18 - [MESSAGE][PASSED] - Verify element property value successfully

2023-10-16 14:14:18 - [TEST_STEP][PASSED] - verifyElementPropertyValue(getResponse, "offers[5].groups[0].pricingPlans[0].visualElements[12].key", "show_tag"): Verify element property value successfully

2023-10-16 14:14:18 - [MESSAGE][PASSED] - Verify element property value successfully

2023-10-16 14:14:18 - [TEST_STEP][PASSED] - verifyElementPropertyValue(getResponse, "offers[5].groups[0].pricingPlans[0].visualElements[12].value", "true"): Verify element property value successfully

2023-10-16 14:14:18 - [MESSAGE][PASSED] - Verify element property value successfully

2023-10-16 14:14:18 - [TEST_STEP][PASSED] - verifyElementPropertyValue(getResponse, "offers[5].groups[0].pricingPlans[0].visualElements[13].key", "tag_text"): Verify element property value successfully

2023-10-16 14:14:18 - [MESSAGE][PASSED] - Verify element property value successfully

2023-10-16 14:14:18 - [TEST_STEP][PASSED] - verifyElementPropertyValue(getResponse, "offers[5].groups[0].pricingPlans[0].visualElements[13].value", "Save 30%"): Verify element property value successfully

2023-10-16 14:14:18 - [MESSAGE][PASSED] - Verify element property value successfully

2023-10-16 14:14:18 - [TEST_STEP][PASSED] - verifyElementPropertyValue(getResponse, "offers[5].groups[0].pricingPlans[0].pricingPlanData[0].productId", "BHR_B2C_SHAHID_VIP_SPORT_1M"): Verify element property value successfully

2023-10-16 14:14:18 - [MESSAGE][PASSED] - Verify element property value successfully

2023-10-16 14:14:18 - [TEST_STEP][PASSED] - verifyElementPropertyValue(getResponse, "offers[5].groups[0].pricingPlans[0].pricingPlanData[0].paymentMethod", "CREDIT_CARD"): Verify element property value successfully

2023-10-16 14:14:18 - [MESSAGE][PASSED] - Verify element property value successfully

2023-10-16 14:14:18 - [TEST_STEP][PASSED] - verifyElementPropertyValue(getResponse, "offers[5].groups[0].pricingPlans[0].pricingPlanData[0].freeTrialEnabled", "false"): Verify element property value successfully

2023-10-16 14:14:18 - [MESSAGE][PASSED] - Verify element property value successfully

2023-10-16 14:14:18 - [TEST_STEP][PASSED] - verifyElementPropertyValue(getResponse, "offers[5].groups[0].pricingPlans[0].pricingPlanData[0].showIn[0]", "VERTICAL_MODE"): Verify element property value successfully

2023-10-16 14:14:18 - [MESSAGE][PASSED] - Verify element property value successfully

2023-10-16 14:14:18 - [TEST_STEP][PASSED] - verifyElementPropertyValue(getResponse, "offers[5].groups[0].pricingPlans[0].pricingPlanData[0].showIn[1]", "HORIZONTAL_MODE"): Verify element property value successfully

2023-10-16 14:14:18 - [MESSAGE][PASSED] - Verify element property value successfully

2023-10-16 14:14:18 - [TEST_STEP][PASSED] - verifyElementPropertyValue(getResponse, "offers[5].groups[0].pricingPlans[0].pricingPlanData[0].priceLabel", "4.89"): Verify element property value successfully

2023-10-16 14:14:18 - [MESSAGE][PASSED] - Verify element property value successfully

2023-10-16 14:14:18 - [TEST_STEP][PASSED] - verifyElementPropertyValue(getResponse, "offers[5].groups[0].pricingPlans[0].pricingPlanData[0].currencyLabel", "BHD"): Verify element property value successfully

2023-10-16 14:14:18 - [MESSAGE][PASSED] - Verify element property value successfully

2023-10-16 14:14:18 - [TEST_STEP][PASSED] - verifyElementPropertyValue(getResponse, "offers[5].groups[0].pricingPlans[0].pricingPlanData[0].dealId", "WB_SPORT_30P_BHR"): Verify element property value successfully

2023-10-16 14:14:18 - [MESSAGE][PASSED] - Verify element property value successfully

2023-10-16 14:14:18 - [TEST_STEP][PASSED] - verifyElementPropertyValue(getResponse, "offers[5].groups[0].pricingPlans[0].pricingPlanData[0].allowedForAcquisition", "true"): Verify element property value successfully

2023-10-16 14:14:18 - [MESSAGE][PASSED] - Verify element property value successfully

2023-10-16 14:14:18 - [TEST_STEP][PASSED] - verifyElementPropertyValue(getResponse, "offers[5].groups[0].pricingPlans[0].pricingPlanData[0].visualElements[0].key", "title"): Verify element property value successfully

2023-10-16 14:14:18 - [MESSAGE][PASSED] - Verify element property value successfully

2023-10-16 14:14:18 - [TEST_STEP][PASSED] - verifyElementPropertyValue(getResponse, "offers[5].groups[0].pricingPlans[0].pricingPlanData[0].visualElements[0].value", "Credit/Debit Card"): Verify element property value successfully

2023-10-16 14:14:18 - [MESSAGE][PASSED] - Verify element property value successfully

2023-10-16 14:14:18 - [TEST_STEP][PASSED] - verifyElementPropertyValue(getResponse, "offers[5].groups[0].pricingPlans[0].pricingPlanData[0].visualElements[1].key", "CTA_text"): Verify element property value successfully

2023-10-16 14:14:18 - [MESSAGE][PASSED] - Verify element property value successfully

2023-10-16 14:14:18 - [TEST_STEP][PASSED] - verifyElementPropertyValue(getResponse, "offers[5].groups[0].pricingPlans[0].pricingPlanData[0].visualElements[1].value", "Subscribe"): Verify element property value successfully

2023-10-16 14:14:18 - [MESSAGE][PASSED] - Verify element property value successfully

2023-10-16 14:14:18 - [TEST_STEP][PASSED] - verifyElementPropertyValue(getResponse, "offers[5].groups[0].pricingPlans[0].pricingPlanData[0].visualElements[2].key", "logo"): Verify element property value successfully

2023-10-16 14:14:18 - [MESSAGE][PASSED] - Verify element property value successfully

2023-10-16 14:14:18 - [TEST_STEP][PASSED] - verifyElementPropertyValue(getResponse, "offers[5].groups[0].pricingPlans[0].pricingPlanData[0].visualElements[2].value", "https://static.s3.shahid.mbc.net/widget-images/icons/iconCreditCard.png"): Verify element property value successfully

2023-10-16 14:14:18 - [MESSAGE][PASSED] - Verify element property value successfully

2023-10-16 14:14:18 - [TEST_STEP][PASSED] - verifyElementPropertyValue(getResponse, "offers[6].offerId", "winback-sport-40-offer"): Verify element property value successfully

2023-10-16 14:14:18 - [MESSAGE][PASSED] - Verify element property value successfully

2023-10-16 14:14:18 - [TEST_STEP][PASSED] - verifyElementPropertyValue(getResponse, "offers[6].offerParam", "sportsoffer40"): Verify element property value successfully

2023-10-16 14:14:18 - [MESSAGE][PASSED] - Verify element property value successfully

2023-10-16 14:14:18 - [TEST_STEP][PASSED] - verifyElementPropertyValue(getResponse, "offers[6].groups[0].pricingPlans[0].featured", "true"): Verify element property value successfully

2023-10-16 14:14:18 - [MESSAGE][PASSED] - Verify element property value successfully

2023-10-16 14:14:18 - [TEST_STEP][PASSED] - verifyElementPropertyValue(getResponse, "offers[6].groups[0].pricingPlans[0].period", "monthly"): Verify element property value successfully

2023-10-16 14:14:18 - [MESSAGE][PASSED] - Verify element property value successfully

2023-10-16 14:14:18 - [TEST_STEP][PASSED] - verifyElementPropertyValue(getResponse, "offers[6].groups[0].pricingPlans[0].featured", "true"): Verify element property value successfully

2023-10-16 14:14:18 - [MESSAGE][PASSED] - Verify element property value successfully

2023-10-16 14:14:18 - [TEST_STEP][PASSED] - verifyElementPropertyValue(getResponse, "offers[6].groups[0].pricingPlans[0].price", "4.19"): Verify element property value successfully

2023-10-16 14:14:18 - [MESSAGE][PASSED] - Verify element property value successfully

2023-10-16 14:14:18 - [TEST_STEP][PASSED] - verifyElementPropertyValue(getResponse, "offers[6].groups[0].pricingPlans[0].currency", "BHD"): Verify element property value successfully

2023-10-16 14:14:18 - [MESSAGE][PASSED] - Verify element property value successfully

2023-10-16 14:14:18 - [TEST_STEP][PASSED] - verifyElementPropertyValue(getResponse, "offers[6].groups[0].pricingPlans[0].order", "0"): Verify element property value successfully

2023-10-16 14:14:18 - [MESSAGE][PASSED] - Verify element property value successfully

2023-10-16 14:14:18 - [TEST_STEP][PASSED] - verifyElementPropertyValue(getResponse, "offers[6].groups[0].pricingPlans[0].packageId", "SHAHID_VIP_SPORT"): Verify element property value successfully

2023-10-16 14:14:18 - [MESSAGE][PASSED] - Verify element property value successfully

2023-10-16 14:14:18 - [TEST_STEP][PASSED] - verifyElementPropertyValue(getResponse, "offers[6].groups[0].pricingPlans[0].catalogId", "SPORT"): Verify element property value successfully

2023-10-16 14:14:18 - [MESSAGE][PASSED] - Verify element property value successfully

2023-10-16 14:14:18 - [TEST_STEP][PASSED] - verifyElementPropertyValue(getResponse, "offers[6].groups[0].pricingPlans[0].visualElements[0].key", "Header_1_text"): Verify element property value successfully

2023-10-16 14:14:18 - [MESSAGE][PASSED] - Verify element property value successfully

2023-10-16 14:14:18 - [TEST_STEP][PASSED] - verifyElementPropertyValue(getResponse, "offers[6].groups[0].pricingPlans[0].visualElements[0].value", "Watch the most powerful series and movies exclusively without stopping"): Verify element property value successfully

2023-10-16 14:14:18 - [MESSAGE][PASSED] - Verify element property value successfully

2023-10-16 14:14:18 - [TEST_STEP][PASSED] - verifyElementPropertyValue(getResponse, "offers[6].groups[0].pricingPlans[0].visualElements[1].key", "display_title"): Verify element property value successfully

2023-10-16 14:14:18 - [MESSAGE][PASSED] - Verify element property value successfully

2023-10-16 14:14:18 - [TEST_STEP][FAILED] - verifyElementPropertyValue(getResponse, "offers[6].groups[0].pricingPlans[0].visualElements[1].value", "40% Discount Offer"): Expected element property value '40% Discount Offer' is not equal with actual property value '40% Discount Offer​'

2023-10-16 14:14:18 - [MESSAGE][FAILED] - Expected element property value '40% Discount Offer' is not equal with actual property value '40% Discount Offer​'

2023-10-16 14:14:18 - [TEST_STEP][PASSED] - verifyElementPropertyValue(getResponse, "offers[6].groups[0].pricingPlans[0].visualElements[3].key", "deduction_text"): Verify element property value successfully

2023-10-16 14:14:18 - [MESSAGE][PASSED] - Verify element property value successfully

2023-10-16 14:14:18 - [TEST_STEP][PASSED] - verifyElementPropertyValue(getResponse, "offers[6].groups[0].pricingPlans[0].visualElements[3].value", "billed every month"): Verify element property value successfully

2023-10-16 14:14:18 - [MESSAGE][PASSED] - Verify element property value successfully

2023-10-16 14:14:18 - [TEST_STEP][PASSED] - verifyElementPropertyValue(getResponse, "offers[6].groups[0].pricingPlans[0].visualElements[6].key", "show_payment_logo"): Verify element property value successfully

2023-10-16 14:14:18 - [MESSAGE][PASSED] - Verify element property value successfully

2023-10-16 14:14:18 - [TEST_STEP][PASSED] - verifyElementPropertyValue(getResponse, "offers[6].groups[0].pricingPlans[0].visualElements[6].value", "true"): Verify element property value successfully

2023-10-16 14:14:18 - [MESSAGE][PASSED] - Verify element property value successfully

2023-10-16 14:14:18 - [TEST_STEP][PASSED] - verifyElementPropertyValue(getResponse, "offers[6].groups[0].pricingPlans[0].visualElements[8].key", "price"): Verify element property value successfully

2023-10-16 14:14:18 - [MESSAGE][PASSED] - Verify element property value successfully

2023-10-16 14:14:18 - [TEST_STEP][PASSED] - verifyElementPropertyValue(getResponse, "offers[6].groups[0].pricingPlans[0].visualElements[8].value", "4.19"): Verify element property value successfully

2023-10-16 14:14:18 - [MESSAGE][PASSED] - Verify element property value successfully

2023-10-16 14:14:18 - [TEST_STEP][PASSED] - verifyElementPropertyValue(getResponse, "offers[6].groups[0].pricingPlans[0].visualElements[9].key", "currency"): Verify element property value successfully

2023-10-16 14:14:18 - [MESSAGE][PASSED] - Verify element property value successfully

2023-10-16 14:14:18 - [TEST_STEP][PASSED] - verifyElementPropertyValue(getResponse, "offers[6].groups[0].pricingPlans[0].visualElements[9].value", "BHD"): Verify element property value successfully

2023-10-16 14:14:18 - [MESSAGE][PASSED] - Verify element property value successfully

2023-10-16 14:14:18 - [TEST_STEP][PASSED] - verifyElementPropertyValue(getResponse, "offers[6].groups[0].pricingPlans[0].visualElements[10].key", "duration"): Verify element property value successfully

2023-10-16 14:14:18 - [MESSAGE][PASSED] - Verify element property value successfully

2023-10-16 14:14:18 - [TEST_STEP][PASSED] - verifyElementPropertyValue(getResponse, "offers[6].groups[0].pricingPlans[0].visualElements[10].value", "Monthly"): Verify element property value successfully

2023-10-16 14:14:18 - [MESSAGE][PASSED] - Verify element property value successfully

2023-10-16 14:14:18 - [TEST_STEP][PASSED] - verifyElementPropertyValue(getResponse, "offers[6].groups[0].pricingPlans[0].visualElements[11].key", "featured_tag_text"): Verify element property value successfully

2023-10-16 14:14:18 - [MESSAGE][PASSED] - Verify element property value successfully

2023-10-16 14:14:18 - [TEST_STEP][PASSED] - verifyElementPropertyValue(getResponse, "offers[6].groups[0].pricingPlans[0].visualElements[11].value", "Limited Time Offer"): Verify element property value successfully

2023-10-16 14:14:18 - [MESSAGE][PASSED] - Verify element property value successfully

2023-10-16 14:14:18 - [TEST_STEP][PASSED] - verifyElementPropertyValue(getResponse, "offers[6].groups[0].pricingPlans[0].visualElements[13].key", "tag_text"): Verify element property value successfully

2023-10-16 14:14:18 - [MESSAGE][PASSED] - Verify element property value successfully

2023-10-16 14:14:18 - [TEST_STEP][PASSED] - verifyElementPropertyValue(getResponse, "offers[6].groups[0].pricingPlans[0].visualElements[13].value", "Save 40%"): Verify element property value successfully

2023-10-16 14:14:18 - [MESSAGE][PASSED] - Verify element property value successfully

2023-10-16 14:14:18 - [TEST_STEP][PASSED] - verifyElementPropertyValue(getResponse, "offers[6].groups[0].pricingPlans[0].visualElements[12].key", "show_tag"): Verify element property value successfully

2023-10-16 14:14:18 - [MESSAGE][PASSED] - Verify element property value successfully

2023-10-16 14:14:18 - [TEST_STEP][PASSED] - verifyElementPropertyValue(getResponse, "offers[6].groups[0].pricingPlans[0].visualElements[12].value", "true"): Verify element property value successfully

2023-10-16 14:14:18 - [MESSAGE][PASSED] - Verify element property value successfully

2023-10-16 14:14:18 - [TEST_STEP][PASSED] - verifyElementPropertyValue(getResponse, "offers[6].groups[0].pricingPlans[0].pricingPlanData[0].productId", "BHR_B2C_SHAHID_VIP_SPORT_1M"): Verify element property value successfully

2023-10-16 14:14:18 - [MESSAGE][PASSED] - Verify element property value successfully

2023-10-16 14:14:18 - [TEST_STEP][PASSED] - verifyElementPropertyValue(getResponse, "offers[6].groups[0].pricingPlans[0].pricingPlanData[0].paymentMethod", "CREDIT_CARD"): Verify element property value successfully

2023-10-16 14:14:18 - [MESSAGE][PASSED] - Verify element property value successfully

2023-10-16 14:14:18 - [TEST_STEP][PASSED] - verifyElementPropertyValue(getResponse, "offers[6].groups[0].pricingPlans[0].pricingPlanData[0].freeTrialEnabled", "false"): Verify element property value successfully

2023-10-16 14:14:18 - [MESSAGE][PASSED] - Verify element property value successfully

2023-10-16 14:14:18 - [TEST_STEP][PASSED] - verifyElementPropertyValue(getResponse, "offers[6].groups[0].pricingPlans[0].pricingPlanData[0].showIn[0]", "VERTICAL_MODE"): Verify element property value successfully

2023-10-16 14:14:18 - [MESSAGE][PASSED] - Verify element property value successfully

2023-10-16 14:14:18 - [TEST_STEP][PASSED] - verifyElementPropertyValue(getResponse, "offers[6].groups[0].pricingPlans[0].pricingPlanData[0].showIn[1]", "HORIZONTAL_MODE"): Verify element property value successfully

2023-10-16 14:14:18 - [MESSAGE][PASSED] - Verify element property value successfully

2023-10-16 14:14:18 - [TEST_STEP][PASSED] - verifyElementPropertyValue(getResponse, "offers[6].groups[0].pricingPlans[0].pricingPlanData[0].priceLabel", "4.19"): Verify element property value successfully

2023-10-16 14:14:18 - [MESSAGE][PASSED] - Verify element property value successfully

2023-10-16 14:14:18 - [TEST_STEP][PASSED] - verifyElementPropertyValue(getResponse, "offers[6].groups[0].pricingPlans[0].pricingPlanData[0].currencyLabel", "BHD"): Verify element property value successfully

2023-10-16 14:14:18 - [MESSAGE][PASSED] - Verify element property value successfully

2023-10-16 14:14:18 - [TEST_STEP][PASSED] - verifyElementPropertyValue(getResponse, "offers[6].groups[0].pricingPlans[0].pricingPlanData[0].dealId", "WB_SPORT_40P_BHR"): Verify element property value successfully

2023-10-16 14:14:18 - [MESSAGE][PASSED] - Verify element property value successfully

2023-10-16 14:14:18 - [TEST_STEP][PASSED] - verifyElementPropertyValue(getResponse, "offers[6].groups[0].pricingPlans[0].pricingPlanData[0].allowedForAcquisition", "true"): Verify element property value successfully

2023-10-16 14:14:18 - [MESSAGE][PASSED] - Verify element property value successfully

2023-10-16 14:14:18 - [TEST_STEP][PASSED] - verifyElementPropertyValue(getResponse, "offers[6].groups[0].pricingPlans[0].pricingPlanData[0].visualElements[0].key", "title"): Verify element property value successfully

2023-10-16 14:14:18 - [MESSAGE][PASSED] - Verify element property value successfully

2023-10-16 14:14:18 - [TEST_STEP][PASSED] - verifyElementPropertyValue(getResponse, "offers[6].groups[0].pricingPlans[0].pricingPlanData[0].visualElements[0].value", "Credit/Debit Card"): Verify element property value successfully

2023-10-16 14:14:18 - [MESSAGE][PASSED] - Verify element property value successfully

2023-10-16 14:14:18 - [TEST_STEP][PASSED] - verifyElementPropertyValue(getResponse, "offers[6].groups[0].pricingPlans[0].pricingPlanData[0].visualElements[1].key", "CTA_text"): Verify element property value successfully

2023-10-16 14:14:18 - [MESSAGE][PASSED] - Verify element property value successfully

2023-10-16 14:14:18 - [TEST_STEP][PASSED] - verifyElementPropertyValue(getResponse, "offers[6].groups[0].pricingPlans[0].pricingPlanData[0].visualElements[1].value", "Subscribe"): Verify element property value successfully

2023-10-16 14:14:18 - [MESSAGE][PASSED] - Verify element property value successfully

2023-10-16 14:14:18 - [TEST_STEP][PASSED] - verifyElementPropertyValue(getResponse, "offers[6].groups[0].pricingPlans[0].pricingPlanData[0].visualElements[2].key", "logo"): Verify element property value successfully

2023-10-16 14:14:18 - [MESSAGE][PASSED] - Verify element property value successfully

2023-10-16 14:14:18 - [TEST_STEP][PASSED] - verifyElementPropertyValue(getResponse, "offers[6].groups[0].pricingPlans[0].pricingPlanData[0].visualElements[2].value", "https://static.s3.shahid.mbc.net/widget-images/icons/iconCreditCard.png"): Verify element property value successfully

2023-10-16 14:14:18 - [MESSAGE][PASSED] - Verify element property value successfully

2023-10-16 14:14:18 - [TEST_STEP][PASSED] - verifyElementPropertyValue(getResponse, "offers[7].offerId", "winback-sport-50-offer"): Verify element property value successfully

2023-10-16 14:14:18 - [MESSAGE][PASSED] - Verify element property value successfully

2023-10-16 14:14:18 - [TEST_STEP][PASSED] - verifyElementPropertyValue(getResponse, "offers[7].offerParam", "sportsoffer50"): Verify element property value successfully

2023-10-16 14:14:18 - [MESSAGE][PASSED] - Verify element property value successfully

2023-10-16 14:14:18 - [TEST_STEP][PASSED] - verifyElementPropertyValue(getResponse, "offers[7].groups[0].pricingPlans[0].featured", "true"): Verify element property value successfully

2023-10-16 14:14:18 - [MESSAGE][PASSED] - Verify element property value successfully

2023-10-16 14:14:18 - [TEST_STEP][PASSED] - verifyElementPropertyValue(getResponse, "offers[7].groups[0].pricingPlans[0].period", "monthly"): Verify element property value successfully

2023-10-16 14:14:18 - [MESSAGE][PASSED] - Verify element property value successfully

2023-10-16 14:14:18 - [TEST_STEP][PASSED] - verifyElementPropertyValue(getResponse, "offers[7].groups[0].pricingPlans[0].featured", "true"): Verify element property value successfully

2023-10-16 14:14:18 - [MESSAGE][PASSED] - Verify element property value successfully

2023-10-16 14:14:18 - [TEST_STEP][PASSED] - verifyElementPropertyValue(getResponse, "offers[7].groups[0].pricingPlans[0].price", "3.49"): Verify element property value successfully

2023-10-16 14:14:18 - [MESSAGE][PASSED] - Verify element property value successfully

2023-10-16 14:14:18 - [TEST_STEP][PASSED] - verifyElementPropertyValue(getResponse, "offers[7].groups[0].pricingPlans[0].currency", "BHD"): Verify element property value successfully

2023-10-16 14:14:18 - [MESSAGE][PASSED] - Verify element property value successfully

2023-10-16 14:14:18 - [TEST_STEP][PASSED] - verifyElementPropertyValue(getResponse, "offers[7].groups[0].pricingPlans[0].order", "0"): Verify element property value successfully

2023-10-16 14:14:18 - [MESSAGE][PASSED] - Verify element property value successfully

2023-10-16 14:14:18 - [TEST_STEP][PASSED] - verifyElementPropertyValue(getResponse, "offers[7].groups[0].pricingPlans[0].packageId", "SHAHID_VIP_SPORT"): Verify element property value successfully

2023-10-16 14:14:18 - [MESSAGE][PASSED] - Verify element property value successfully

2023-10-16 14:14:18 - [TEST_STEP][PASSED] - verifyElementPropertyValue(getResponse, "offers[7].groups[0].pricingPlans[0].catalogId", "SPORT"): Verify element property value successfully

2023-10-16 14:14:18 - [MESSAGE][PASSED] - Verify element property value successfully

2023-10-16 14:14:18 - [TEST_STEP][PASSED] - verifyElementPropertyValue(getResponse, "offers[7].groups[0].pricingPlans[0].visualElements[0].key", "Header_1_text"): Verify element property value successfully

2023-10-16 14:14:18 - [MESSAGE][PASSED] - Verify element property value successfully

2023-10-16 14:14:18 - [TEST_STEP][PASSED] - verifyElementPropertyValue(getResponse, "offers[7].groups[0].pricingPlans[0].visualElements[0].value", "Watch the most powerful series and movies exclusively without stopping"): Verify element property value successfully

2023-10-16 14:14:18 - [MESSAGE][PASSED] - Verify element property value successfully

2023-10-16 14:14:18 - [TEST_STEP][PASSED] - verifyElementPropertyValue(getResponse, "offers[7].groups[0].pricingPlans[0].visualElements[1].key", "display_title"): Verify element property value successfully

2023-10-16 14:14:18 - [MESSAGE][PASSED] - Verify element property value successfully

2023-10-16 14:14:18 - [TEST_STEP][FAILED] - verifyElementPropertyValue(getResponse, "offers[7].groups[0].pricingPlans[0].visualElements[1].value", "50% Discount Offer"): Expected element property value '50% Discount Offer' is not equal with actual property value '50% Discount Offer​'

2023-10-16 14:14:18 - [MESSAGE][FAILED] - Expected element property value '50% Discount Offer' is not equal with actual property value '50% Discount Offer​'

2023-10-16 14:14:18 - [TEST_STEP][PASSED] - verifyElementPropertyValue(getResponse, "offers[7].groups[0].pricingPlans[0].visualElements[3].key", "deduction_text"): Verify element property value successfully

2023-10-16 14:14:18 - [MESSAGE][PASSED] - Verify element property value successfully

2023-10-16 14:14:18 - [TEST_STEP][PASSED] - verifyElementPropertyValue(getResponse, "offers[7].groups[0].pricingPlans[0].visualElements[3].value", "billed every month"): Verify element property value successfully

2023-10-16 14:14:18 - [MESSAGE][PASSED] - Verify element property value successfully

2023-10-16 14:14:18 - [TEST_STEP][PASSED] - verifyElementPropertyValue(getResponse, "offers[7].groups[0].pricingPlans[0].visualElements[6].key", "show_payment_logo"): Verify element property value successfully

2023-10-16 14:14:18 - [MESSAGE][PASSED] - Verify element property value successfully

2023-10-16 14:14:18 - [TEST_STEP][PASSED] - verifyElementPropertyValue(getResponse, "offers[7].groups[0].pricingPlans[0].visualElements[6].value", "true"): Verify element property value successfully

2023-10-16 14:14:18 - [MESSAGE][PASSED] - Verify element property value successfully

2023-10-16 14:14:18 - [TEST_STEP][PASSED] - verifyElementPropertyValue(getResponse, "offers[7].groups[0].pricingPlans[0].visualElements[8].key", "price"): Verify element property value successfully

2023-10-16 14:14:18 - [MESSAGE][PASSED] - Verify element property value successfully

2023-10-16 14:14:18 - [TEST_STEP][PASSED] - verifyElementPropertyValue(getResponse, "offers[7].groups[0].pricingPlans[0].visualElements[8].value", "3.49"): Verify element property value successfully

2023-10-16 14:14:18 - [MESSAGE][PASSED] - Verify element property value successfully

2023-10-16 14:14:18 - [TEST_STEP][PASSED] - verifyElementPropertyValue(getResponse, "offers[7].groups[0].pricingPlans[0].visualElements[9].key", "currency"): Verify element property value successfully

2023-10-16 14:14:18 - [MESSAGE][PASSED] - Verify element property value successfully

2023-10-16 14:14:18 - [TEST_STEP][PASSED] - verifyElementPropertyValue(getResponse, "offers[7].groups[0].pricingPlans[0].visualElements[9].value", "BHD"): Verify element property value successfully

2023-10-16 14:14:18 - [MESSAGE][PASSED] - Verify element property value successfully

2023-10-16 14:14:18 - [TEST_STEP][PASSED] - verifyElementPropertyValue(getResponse, "offers[7].groups[0].pricingPlans[0].visualElements[10].key", "duration"): Verify element property value successfully

2023-10-16 14:14:18 - [MESSAGE][PASSED] - Verify element property value successfully

2023-10-16 14:14:18 - [TEST_STEP][PASSED] - verifyElementPropertyValue(getResponse, "offers[7].groups[0].pricingPlans[0].visualElements[10].value", "Monthly"): Verify element property value successfully

2023-10-16 14:14:18 - [MESSAGE][PASSED] - Verify element property value successfully

2023-10-16 14:14:18 - [TEST_STEP][PASSED] - verifyElementPropertyValue(getResponse, "offers[7].groups[0].pricingPlans[0].visualElements[11].key", "featured_tag_text"): Verify element property value successfully

2023-10-16 14:14:18 - [MESSAGE][PASSED] - Verify element property value successfully

2023-10-16 14:14:18 - [TEST_STEP][PASSED] - verifyElementPropertyValue(getResponse, "offers[7].groups[0].pricingPlans[0].visualElements[11].value", "Limited Time Offer"): Verify element property value successfully

2023-10-16 14:14:18 - [MESSAGE][PASSED] - Verify element property value successfully

2023-10-16 14:14:18 - [TEST_STEP][PASSED] - verifyElementPropertyValue(getResponse, "offers[7].groups[0].pricingPlans[0].visualElements[13].key", "tag_text"): Verify element property value successfully

2023-10-16 14:14:18 - [MESSAGE][PASSED] - Verify element property value successfully

2023-10-16 14:14:18 - [TEST_STEP][PASSED] - verifyElementPropertyValue(getResponse, "offers[7].groups[0].pricingPlans[0].visualElements[13].value", "Save 50%"): Verify element property value successfully

2023-10-16 14:14:18 - [MESSAGE][PASSED] - Verify element property value successfully

2023-10-16 14:14:18 - [TEST_STEP][PASSED] - verifyElementPropertyValue(getResponse, "offers[7].groups[0].pricingPlans[0].visualElements[12].key", "show_tag"): Verify element property value successfully

2023-10-16 14:14:18 - [MESSAGE][PASSED] - Verify element property value successfully

2023-10-16 14:14:18 - [TEST_STEP][PASSED] - verifyElementPropertyValue(getResponse, "offers[7].groups[0].pricingPlans[0].visualElements[12].value", "true"): Verify element property value successfully

2023-10-16 14:14:18 - [MESSAGE][PASSED] - Verify element property value successfully

2023-10-16 14:14:18 - [TEST_STEP][PASSED] - verifyElementPropertyValue(getResponse, "offers[7].groups[0].pricingPlans[0].pricingPlanData[0].productId", "BHR_B2C_SHAHID_VIP_SPORT_1M"): Verify element property value successfully

2023-10-16 14:14:18 - [MESSAGE][PASSED] - Verify element property value successfully

2023-10-16 14:14:18 - [TEST_STEP][PASSED] - verifyElementPropertyValue(getResponse, "offers[7].groups[0].pricingPlans[0].pricingPlanData[0].paymentMethod", "CREDIT_CARD"): Verify element property value successfully

2023-10-16 14:14:18 - [MESSAGE][PASSED] - Verify element property value successfully

2023-10-16 14:14:18 - [TEST_STEP][PASSED] - verifyElementPropertyValue(getResponse, "offers[7].groups[0].pricingPlans[0].pricingPlanData[0].freeTrialEnabled", "false"): Verify element property value successfully

2023-10-16 14:14:18 - [MESSAGE][PASSED] - Verify element property value successfully

2023-10-16 14:14:18 - [TEST_STEP][PASSED] - verifyElementPropertyValue(getResponse, "offers[7].groups[0].pricingPlans[0].pricingPlanData[0].showIn[0]", "VERTICAL_MODE"): Verify element property value successfully

2023-10-16 14:14:18 - [MESSAGE][PASSED] - Verify element property value successfully

2023-10-16 14:14:18 - [TEST_STEP][PASSED] - verifyElementPropertyValue(getResponse, "offers[7].groups[0].pricingPlans[0].pricingPlanData[0].showIn[1]", "HORIZONTAL_MODE"): Verify element property value successfully

2023-10-16 14:14:18 - [MESSAGE][PASSED] - Verify element property value successfully

2023-10-16 14:14:19 - [TEST_STEP][PASSED] - verifyElementPropertyValue(getResponse, "offers[7].groups[0].pricingPlans[0].pricingPlanData[0].priceLabel", "3.49"): Verify element property value successfully

2023-10-16 14:14:19 - [MESSAGE][PASSED] - Verify element property value successfully

2023-10-16 14:14:19 - [TEST_STEP][PASSED] - verifyElementPropertyValue(getResponse, "offers[7].groups[0].pricingPlans[0].pricingPlanData[0].currencyLabel", "BHD"): Verify element property value successfully

2023-10-16 14:14:19 - [MESSAGE][PASSED] - Verify element property value successfully

2023-10-16 14:14:19 - [TEST_STEP][PASSED] - verifyElementPropertyValue(getResponse, "offers[7].groups[0].pricingPlans[0].pricingPlanData[0].dealId", "WB_SPORT_50P_BHR"): Verify element property value successfully

2023-10-16 14:14:19 - [MESSAGE][PASSED] - Verify element property value successfully

2023-10-16 14:14:19 - [TEST_STEP][PASSED] - verifyElementPropertyValue(getResponse, "offers[7].groups[0].pricingPlans[0].pricingPlanData[0].allowedForAcquisition", "true"): Verify element property value successfully

2023-10-16 14:14:19 - [MESSAGE][PASSED] - Verify element property value successfully

2023-10-16 14:14:19 - [TEST_STEP][PASSED] - verifyElementPropertyValue(getResponse, "offers[7].groups[0].pricingPlans[0].pricingPlanData[0].visualElements[0].key", "title"): Verify element property value successfully

2023-10-16 14:14:19 - [MESSAGE][PASSED] - Verify element property value successfully

2023-10-16 14:14:19 - [TEST_STEP][PASSED] - verifyElementPropertyValue(getResponse, "offers[7].groups[0].pricingPlans[0].pricingPlanData[0].visualElements[0].value", "Credit/Debit Card"): Verify element property value successfully

2023-10-16 14:14:19 - [MESSAGE][PASSED] - Verify element property value successfully

2023-10-16 14:14:19 - [TEST_STEP][PASSED] - verifyElementPropertyValue(getResponse, "offers[7].groups[0].pricingPlans[0].pricingPlanData[0].visualElements[1].key", "CTA_text"): Verify element property value successfully

2023-10-16 14:14:19 - [MESSAGE][PASSED] - Verify element property value successfully

2023-10-16 14:14:19 - [TEST_STEP][PASSED] - verifyElementPropertyValue(getResponse, "offers[7].groups[0].pricingPlans[0].pricingPlanData[0].visualElements[1].value", "Subscribe"): Verify element property value successfully

2023-10-16 14:14:19 - [MESSAGE][PASSED] - Verify element property value successfully

2023-10-16 14:14:19 - [TEST_STEP][PASSED] - verifyElementPropertyValue(getResponse, "offers[7].groups[0].pricingPlans[0].pricingPlanData[0].visualElements[2].key", "logo"): Verify element property value successfully

2023-10-16 14:14:19 - [MESSAGE][PASSED] - Verify element property value successfully

2023-10-16 14:14:19 - [TEST_STEP][PASSED] - verifyElementPropertyValue(getResponse, "offers[7].groups[0].pricingPlans[0].pricingPlanData[0].visualElements[2].value", "https://static.s3.shahid.mbc.net/widget-images/icons/iconCreditCard.png"): Verify element property value successfully

2023-10-16 14:14:19 - [MESSAGE][PASSED] - Verify element property value successfully

2023-10-16 14:14:19 - [TEST_STEP][PASSED] - verifyElementPropertyValue(getResponse, "offers[11].offerId", "byg-sport-30-offer"): Verify element property value successfully

2023-10-16 14:14:19 - [MESSAGE][PASSED] - Verify element property value successfully

2023-10-16 14:14:19 - [TEST_STEP][PASSED] - verifyElementPropertyValue(getResponse, "offers[11].offerParam", "bygsportsoffer30"): Verify element property value successfully

2023-10-16 14:14:19 - [MESSAGE][PASSED] - Verify element property value successfully

2023-10-16 14:14:19 - [TEST_STEP][PASSED] - verifyElementPropertyValue(getResponse, "offers[11].groups[0].pricingPlans[0].featured", "true"): Verify element property value successfully

2023-10-16 14:14:19 - [MESSAGE][PASSED] - Verify element property value successfully

2023-10-16 14:14:19 - [TEST_STEP][PASSED] - verifyElementPropertyValue(getResponse, "offers[11].groups[0].pricingPlans[0].period", "monthly"): Verify element property value successfully

2023-10-16 14:14:19 - [MESSAGE][PASSED] - Verify element property value successfully

2023-10-16 14:14:19 - [TEST_STEP][PASSED] - verifyElementPropertyValue(getResponse, "offers[11].groups[0].pricingPlans[0].featured", "true"): Verify element property value successfully

2023-10-16 14:14:19 - [MESSAGE][PASSED] - Verify element property value successfully

2023-10-16 14:14:19 - [TEST_STEP][PASSED] - verifyElementPropertyValue(getResponse, "offers[11].groups[0].pricingPlans[0].price", "4.89"): Verify element property value successfully

2023-10-16 14:14:19 - [MESSAGE][PASSED] - Verify element property value successfully

2023-10-16 14:14:19 - [TEST_STEP][PASSED] - verifyElementPropertyValue(getResponse, "offers[11].groups[0].pricingPlans[0].currency", "BHD"): Verify element property value successfully

2023-10-16 14:14:19 - [MESSAGE][PASSED] - Verify element property value successfully

2023-10-16 14:14:19 - [TEST_STEP][PASSED] - verifyElementPropertyValue(getResponse, "offers[11].groups[0].pricingPlans[0].order", "0"): Verify element property value successfully

2023-10-16 14:14:19 - [MESSAGE][PASSED] - Verify element property value successfully

2023-10-16 14:14:19 - [TEST_STEP][PASSED] - verifyElementPropertyValue(getResponse, "offers[11].groups[0].pricingPlans[0].packageId", "SHAHID_VIP_SPORT"): Verify element property value successfully

2023-10-16 14:14:19 - [MESSAGE][PASSED] - Verify element property value successfully

2023-10-16 14:14:19 - [TEST_STEP][PASSED] - verifyElementPropertyValue(getResponse, "offers[11].groups[0].pricingPlans[0].catalogId", "SPORT"): Verify element property value successfully

2023-10-16 14:14:19 - [MESSAGE][PASSED] - Verify element property value successfully

2023-10-16 14:14:19 - [TEST_STEP][PASSED] - verifyElementPropertyValue(getResponse, "offers[11].groups[0].pricingPlans[0].visualElements[0].key", "Header_1_text"): Verify element property value successfully

2023-10-16 14:14:19 - [MESSAGE][PASSED] - Verify element property value successfully

2023-10-16 14:14:19 - [TEST_STEP][PASSED] - verifyElementPropertyValue(getResponse, "offers[11].groups[0].pricingPlans[0].visualElements[0].value", "Watch the most powerful series and movies exclusively without stopping"): Verify element property value successfully

2023-10-16 14:14:19 - [MESSAGE][PASSED] - Verify element property value successfully

2023-10-16 14:14:19 - [TEST_STEP][PASSED] - verifyElementPropertyValue(getResponse, "offers[11].groups[0].pricingPlans[0].visualElements[1].key", "display_title"): Verify element property value successfully

2023-10-16 14:14:19 - [MESSAGE][PASSED] - Verify element property value successfully

2023-10-16 14:14:19 - [TEST_STEP][FAILED] - verifyElementPropertyValue(getResponse, "offers[11].groups[0].pricingPlans[0].visualElements[1].value", "30% Discount Offer"): Expected element property value '30% Discount Offer' is not equal with actual property value '30% Discount Offer​'

2023-10-16 14:14:19 - [MESSAGE][FAILED] - Expected element property value '30% Discount Offer' is not equal with actual property value '30% Discount Offer​'

2023-10-16 14:14:19 - [TEST_STEP][PASSED] - verifyElementPropertyValue(getResponse, "offers[11].groups[0].pricingPlans[0].visualElements[3].key", "deduction_text"): Verify element property value successfully

2023-10-16 14:14:19 - [MESSAGE][PASSED] - Verify element property value successfully

2023-10-16 14:14:19 - [TEST_STEP][PASSED] - verifyElementPropertyValue(getResponse, "offers[11].groups[0].pricingPlans[0].visualElements[3].value", "billed every month"): Verify element property value successfully

2023-10-16 14:14:19 - [MESSAGE][PASSED] - Verify element property value successfully

2023-10-16 14:14:19 - [TEST_STEP][PASSED] - verifyElementPropertyValue(getResponse, "offers[11].groups[0].pricingPlans[0].visualElements[6].key", "show_payment_logo"): Verify element property value successfully

2023-10-16 14:14:19 - [MESSAGE][PASSED] - Verify element property value successfully

2023-10-16 14:14:19 - [TEST_STEP][PASSED] - verifyElementPropertyValue(getResponse, "offers[11].groups[0].pricingPlans[0].visualElements[6].value", "true"): Verify element property value successfully

2023-10-16 14:14:19 - [MESSAGE][PASSED] - Verify element property value successfully

2023-10-16 14:14:19 - [TEST_STEP][PASSED] - verifyElementPropertyValue(getResponse, "offers[11].groups[0].pricingPlans[0].visualElements[8].key", "price"): Verify element property value successfully

2023-10-16 14:14:19 - [MESSAGE][PASSED] - Verify element property value successfully

2023-10-16 14:14:19 - [TEST_STEP][PASSED] - verifyElementPropertyValue(getResponse, "offers[11].groups[0].pricingPlans[0].visualElements[8].value", "4.89"): Verify element property value successfully

2023-10-16 14:14:19 - [MESSAGE][PASSED] - Verify element property value successfully

2023-10-16 14:14:19 - [TEST_STEP][PASSED] - verifyElementPropertyValue(getResponse, "offers[11].groups[0].pricingPlans[0].visualElements[9].key", "currency"): Verify element property value successfully

2023-10-16 14:14:19 - [MESSAGE][PASSED] - Verify element property value successfully

2023-10-16 14:14:19 - [TEST_STEP][PASSED] - verifyElementPropertyValue(getResponse, "offers[11].groups[0].pricingPlans[0].visualElements[9].value", "BHD"): Verify element property value successfully

2023-10-16 14:14:19 - [MESSAGE][PASSED] - Verify element property value successfully

2023-10-16 14:14:19 - [TEST_STEP][PASSED] - verifyElementPropertyValue(getResponse, "offers[11].groups[0].pricingPlans[0].visualElements[10].key", "duration"): Verify element property value successfully

2023-10-16 14:14:19 - [MESSAGE][PASSED] - Verify element property value successfully

2023-10-16 14:14:19 - [TEST_STEP][PASSED] - verifyElementPropertyValue(getResponse, "offers[11].groups[0].pricingPlans[0].visualElements[10].value", "Monthly"): Verify element property value successfully

2023-10-16 14:14:19 - [MESSAGE][PASSED] - Verify element property value successfully

2023-10-16 14:14:19 - [TEST_STEP][PASSED] - verifyElementPropertyValue(getResponse, "offers[11].groups[0].pricingPlans[0].visualElements[11].key", "featured_tag_text"): Verify element property value successfully

2023-10-16 14:14:19 - [MESSAGE][PASSED] - Verify element property value successfully

2023-10-16 14:14:19 - [TEST_STEP][PASSED] - verifyElementPropertyValue(getResponse, "offers[11].groups[0].pricingPlans[0].visualElements[11].value", "Limited Time Offer"): Verify element property value successfully

2023-10-16 14:14:19 - [MESSAGE][PASSED] - Verify element property value successfully

2023-10-16 14:14:19 - [TEST_STEP][PASSED] - verifyElementPropertyValue(getResponse, "offers[11].groups[0].pricingPlans[0].visualElements[12].key", "show_tag"): Verify element property value successfully

2023-10-16 14:14:19 - [MESSAGE][PASSED] - Verify element property value successfully

2023-10-16 14:14:19 - [TEST_STEP][PASSED] - verifyElementPropertyValue(getResponse, "offers[11].groups[0].pricingPlans[0].visualElements[12].value", "true"): Verify element property value successfully

2023-10-16 14:14:19 - [MESSAGE][PASSED] - Verify element property value successfully

2023-10-16 14:14:19 - [TEST_STEP][PASSED] - verifyElementPropertyValue(getResponse, "offers[11].groups[0].pricingPlans[0].visualElements[13].key", "tag_text"): Verify element property value successfully

2023-10-16 14:14:19 - [MESSAGE][PASSED] - Verify element property value successfully

2023-10-16 14:14:19 - [TEST_STEP][PASSED] - verifyElementPropertyValue(getResponse, "offers[11].groups[0].pricingPlans[0].visualElements[13].value", "Save 30%"): Verify element property value successfully

2023-10-16 14:14:19 - [MESSAGE][PASSED] - Verify element property value successfully

2023-10-16 14:14:19 - [TEST_STEP][PASSED] - verifyElementPropertyValue(getResponse, "offers[11].groups[0].pricingPlans[0].pricingPlanData[0].productId", "BHR_B2C_SHAHID_VIP_SPORT_1M"): Verify element property value successfully

2023-10-16 14:14:19 - [MESSAGE][PASSED] - Verify element property value successfully

2023-10-16 14:14:19 - [TEST_STEP][PASSED] - verifyElementPropertyValue(getResponse, "offers[11].groups[0].pricingPlans[0].pricingPlanData[0].paymentMethod", "CREDIT_CARD"): Verify element property value successfully

2023-10-16 14:14:19 - [MESSAGE][PASSED] - Verify element property value successfully

2023-10-16 14:14:19 - [TEST_STEP][PASSED] - verifyElementPropertyValue(getResponse, "offers[11].groups[0].pricingPlans[0].pricingPlanData[0].freeTrialEnabled", "false"): Verify element property value successfully

2023-10-16 14:14:19 - [MESSAGE][PASSED] - Verify element property value successfully

2023-10-16 14:14:19 - [TEST_STEP][PASSED] - verifyElementPropertyValue(getResponse, "offers[11].groups[0].pricingPlans[0].pricingPlanData[0].showIn[0]", "VERTICAL_MODE"): Verify element property value successfully

2023-10-16 14:14:19 - [MESSAGE][PASSED] - Verify element property value successfully

2023-10-16 14:14:19 - [TEST_STEP][PASSED] - verifyElementPropertyValue(getResponse, "offers[11].groups[0].pricingPlans[0].pricingPlanData[0].showIn[1]", "HORIZONTAL_MODE"): Verify element property value successfully

2023-10-16 14:14:19 - [MESSAGE][PASSED] - Verify element property value successfully

2023-10-16 14:14:19 - [TEST_STEP][PASSED] - verifyElementPropertyValue(getResponse, "offers[11].groups[0].pricingPlans[0].pricingPlanData[0].priceLabel", "4.89"): Verify element property value successfully

2023-10-16 14:14:19 - [MESSAGE][PASSED] - Verify element property value successfully

2023-10-16 14:14:19 - [TEST_STEP][PASSED] - verifyElementPropertyValue(getResponse, "offers[11].groups[0].pricingPlans[0].pricingPlanData[0].currencyLabel", "BHD"): Verify element property value successfully

2023-10-16 14:14:19 - [MESSAGE][PASSED] - Verify element property value successfully

2023-10-16 14:14:19 - [TEST_STEP][PASSED] - verifyElementPropertyValue(getResponse, "offers[11].groups[0].pricingPlans[0].pricingPlanData[0].dealId", "BYG_SPORT_30P_BHR"): Verify element property value successfully

2023-10-16 14:14:19 - [MESSAGE][PASSED] - Verify element property value successfully

2023-10-16 14:14:19 - [TEST_STEP][PASSED] - verifyElementPropertyValue(getResponse, "offers[11].groups[0].pricingPlans[0].pricingPlanData[0].allowedForAcquisition", "true"): Verify element property value successfully

2023-10-16 14:14:19 - [MESSAGE][PASSED] - Verify element property value successfully

2023-10-16 14:14:19 - [TEST_STEP][PASSED] - verifyElementPropertyValue(getResponse, "offers[11].groups[0].pricingPlans[0].pricingPlanData[0].visualElements[0].key", "title"): Verify element property value successfully

2023-10-16 14:14:19 - [MESSAGE][PASSED] - Verify element property value successfully

2023-10-16 14:14:19 - [TEST_STEP][PASSED] - verifyElementPropertyValue(getResponse, "offers[11].groups[0].pricingPlans[0].pricingPlanData[0].visualElements[0].value", "Credit/Debit Card"): Verify element property value successfully

2023-10-16 14:14:19 - [MESSAGE][PASSED] - Verify element property value successfully

2023-10-16 14:14:19 - [TEST_STEP][PASSED] - verifyElementPropertyValue(getResponse, "offers[11].groups[0].pricingPlans[0].pricingPlanData[0].visualElements[1].key", "CTA_text"): Verify element property value successfully

2023-10-16 14:14:19 - [MESSAGE][PASSED] - Verify element property value successfully

2023-10-16 14:14:19 - [TEST_STEP][PASSED] - verifyElementPropertyValue(getResponse, "offers[11].groups[0].pricingPlans[0].pricingPlanData[0].visualElements[1].value", "Subscribe"): Verify element property value successfully

2023-10-16 14:14:19 - [MESSAGE][PASSED] - Verify element property value successfully

2023-10-16 14:14:19 - [TEST_STEP][PASSED] - verifyElementPropertyValue(getResponse, "offers[11].groups[0].pricingPlans[0].pricingPlanData[0].visualElements[2].key", "logo"): Verify element property value successfully

2023-10-16 14:14:19 - [MESSAGE][PASSED] - Verify element property value successfully

2023-10-16 14:14:19 - [TEST_STEP][PASSED] - verifyElementPropertyValue(getResponse, "offers[11].groups[0].pricingPlans[0].pricingPlanData[0].visualElements[2].value", "https://static.s3.shahid.mbc.net/widget-images/icons/iconCreditCard.png"): Verify element property value successfully

2023-10-16 14:14:19 - [MESSAGE][PASSED] - Verify element property value successfully

2023-10-16 14:14:19 - [TEST_STEP][PASSED] - verifyElementPropertyValue(getResponse, "offers[12].offerId", "byg-sport-40-offer"): Verify element property value successfully

2023-10-16 14:14:19 - [MESSAGE][PASSED] - Verify element property value successfully

2023-10-16 14:14:19 - [TEST_STEP][PASSED] - verifyElementPropertyValue(getResponse, "offers[12].offerParam", "bygsportsoffer40"): Verify element property value successfully

2023-10-16 14:14:19 - [MESSAGE][PASSED] - Verify element property value successfully

2023-10-16 14:14:19 - [TEST_STEP][PASSED] - verifyElementPropertyValue(getResponse, "offers[12].groups[0].pricingPlans[0].featured", "true"): Verify element property value successfully

2023-10-16 14:14:19 - [MESSAGE][PASSED] - Verify element property value successfully

2023-10-16 14:14:19 - [TEST_STEP][PASSED] - verifyElementPropertyValue(getResponse, "offers[12].groups[0].pricingPlans[0].period", "monthly"): Verify element property value successfully

2023-10-16 14:14:19 - [MESSAGE][PASSED] - Verify element property value successfully

2023-10-16 14:14:19 - [TEST_STEP][PASSED] - verifyElementPropertyValue(getResponse, "offers[12].groups[0].pricingPlans[0].featured", "true"): Verify element property value successfully

2023-10-16 14:14:19 - [MESSAGE][PASSED] - Verify element property value successfully

2023-10-16 14:14:19 - [TEST_STEP][PASSED] - verifyElementPropertyValue(getResponse, "offers[12].groups[0].pricingPlans[0].price", "4.19"): Verify element property value successfully

2023-10-16 14:14:19 - [MESSAGE][PASSED] - Verify element property value successfully

2023-10-16 14:14:19 - [TEST_STEP][PASSED] - verifyElementPropertyValue(getResponse, "offers[12].groups[0].pricingPlans[0].currency", "BHD"): Verify element property value successfully

2023-10-16 14:14:19 - [MESSAGE][PASSED] - Verify element property value successfully

2023-10-16 14:14:19 - [TEST_STEP][PASSED] - verifyElementPropertyValue(getResponse, "offers[12].groups[0].pricingPlans[0].order", "0"): Verify element property value successfully

2023-10-16 14:14:19 - [MESSAGE][PASSED] - Verify element property value successfully

2023-10-16 14:14:19 - [TEST_STEP][PASSED] - verifyElementPropertyValue(getResponse, "offers[12].groups[0].pricingPlans[0].packageId", "SHAHID_VIP_SPORT"): Verify element property value successfully

2023-10-16 14:14:20 - [MESSAGE][PASSED] - Verify element property value successfully

2023-10-16 14:14:20 - [TEST_STEP][PASSED] - verifyElementPropertyValue(getResponse, "offers[12].groups[0].pricingPlans[0].catalogId", "SPORT"): Verify element property value successfully

2023-10-16 14:14:20 - [MESSAGE][PASSED] - Verify element property value successfully

2023-10-16 14:14:20 - [TEST_STEP][PASSED] - verifyElementPropertyValue(getResponse, "offers[12].groups[0].pricingPlans[0].visualElements[0].key", "Header_1_text"): Verify element property value successfully

2023-10-16 14:14:20 - [MESSAGE][PASSED] - Verify element property value successfully

2023-10-16 14:14:20 - [TEST_STEP][PASSED] - verifyElementPropertyValue(getResponse, "offers[12].groups[0].pricingPlans[0].visualElements[0].value", "Watch the most powerful series and movies exclusively without stopping"): Verify element property value successfully

2023-10-16 14:14:20 - [MESSAGE][PASSED] - Verify element property value successfully

2023-10-16 14:14:20 - [TEST_STEP][PASSED] - verifyElementPropertyValue(getResponse, "offers[12].groups[0].pricingPlans[0].visualElements[1].key", "display_title"): Verify element property value successfully

2023-10-16 14:14:20 - [MESSAGE][PASSED] - Verify element property value successfully

2023-10-16 14:14:20 - [TEST_STEP][FAILED] - verifyElementPropertyValue(getResponse, "offers[12].groups[0].pricingPlans[0].visualElements[1].value", "40% Discount Offer"): Expected element property value '40% Discount Offer' is not equal with actual property value '40% Discount Offer​'

2023-10-16 14:14:20 - [MESSAGE][FAILED] - Expected element property value '40% Discount Offer' is not equal with actual property value '40% Discount Offer​'

2023-10-16 14:14:20 - [TEST_STEP][PASSED] - verifyElementPropertyValue(getResponse, "offers[12].groups[0].pricingPlans[0].visualElements[3].key", "deduction_text"): Verify element property value successfully

2023-10-16 14:14:20 - [MESSAGE][PASSED] - Verify element property value successfully

2023-10-16 14:14:20 - [TEST_STEP][PASSED] - verifyElementPropertyValue(getResponse, "offers[12].groups[0].pricingPlans[0].visualElements[3].value", "billed every month"): Verify element property value successfully

2023-10-16 14:14:20 - [MESSAGE][PASSED] - Verify element property value successfully

2023-10-16 14:14:20 - [TEST_STEP][PASSED] - verifyElementPropertyValue(getResponse, "offers[12].groups[0].pricingPlans[0].visualElements[6].key", "show_payment_logo"): Verify element property value successfully

2023-10-16 14:14:20 - [MESSAGE][PASSED] - Verify element property value successfully

2023-10-16 14:14:20 - [TEST_STEP][PASSED] - verifyElementPropertyValue(getResponse, "offers[12].groups[0].pricingPlans[0].visualElements[6].value", "true"): Verify element property value successfully

2023-10-16 14:14:20 - [MESSAGE][PASSED] - Verify element property value successfully

2023-10-16 14:14:20 - [TEST_STEP][PASSED] - verifyElementPropertyValue(getResponse, "offers[12].groups[0].pricingPlans[0].visualElements[8].key", "price"): Verify element property value successfully

2023-10-16 14:14:20 - [MESSAGE][PASSED] - Verify element property value successfully

2023-10-16 14:14:20 - [TEST_STEP][PASSED] - verifyElementPropertyValue(getResponse, "offers[12].groups[0].pricingPlans[0].visualElements[8].value", "4.19"): Verify element property value successfully

2023-10-16 14:14:20 - [MESSAGE][PASSED] - Verify element property value successfully

2023-10-16 14:14:20 - [TEST_STEP][PASSED] - verifyElementPropertyValue(getResponse, "offers[12].groups[0].pricingPlans[0].visualElements[9].key", "currency"): Verify element property value successfully

2023-10-16 14:14:20 - [MESSAGE][PASSED] - Verify element property value successfully

2023-10-16 14:14:20 - [TEST_STEP][PASSED] - verifyElementPropertyValue(getResponse, "offers[12].groups[0].pricingPlans[0].visualElements[9].value", "BHD"): Verify element property value successfully

2023-10-16 14:14:20 - [MESSAGE][PASSED] - Verify element property value successfully

2023-10-16 14:14:20 - [TEST_STEP][PASSED] - verifyElementPropertyValue(getResponse, "offers[12].groups[0].pricingPlans[0].visualElements[10].key", "duration"): Verify element property value successfully

2023-10-16 14:14:20 - [MESSAGE][PASSED] - Verify element property value successfully

2023-10-16 14:14:20 - [TEST_STEP][PASSED] - verifyElementPropertyValue(getResponse, "offers[12].groups[0].pricingPlans[0].visualElements[10].value", "Monthly"): Verify element property value successfully

2023-10-16 14:14:20 - [MESSAGE][PASSED] - Verify element property value successfully

2023-10-16 14:14:20 - [TEST_STEP][PASSED] - verifyElementPropertyValue(getResponse, "offers[12].groups[0].pricingPlans[0].visualElements[11].key", "featured_tag_text"): Verify element property value successfully

2023-10-16 14:14:20 - [MESSAGE][PASSED] - Verify element property value successfully

2023-10-16 14:14:20 - [TEST_STEP][PASSED] - verifyElementPropertyValue(getResponse, "offers[12].groups[0].pricingPlans[0].visualElements[11].value", "Limited Time Offer"): Verify element property value successfully

2023-10-16 14:14:20 - [MESSAGE][PASSED] - Verify element property value successfully

2023-10-16 14:14:20 - [TEST_STEP][PASSED] - verifyElementPropertyValue(getResponse, "offers[12].groups[0].pricingPlans[0].visualElements[13].key", "tag_text"): Verify element property value successfully

2023-10-16 14:14:20 - [MESSAGE][PASSED] - Verify element property value successfully

2023-10-16 14:14:20 - [TEST_STEP][PASSED] - verifyElementPropertyValue(getResponse, "offers[12].groups[0].pricingPlans[0].visualElements[13].value", "Save 40%"): Verify element property value successfully

2023-10-16 14:14:20 - [MESSAGE][PASSED] - Verify element property value successfully

2023-10-16 14:14:20 - [TEST_STEP][PASSED] - verifyElementPropertyValue(getResponse, "offers[12].groups[0].pricingPlans[0].visualElements[12].key", "show_tag"): Verify element property value successfully

2023-10-16 14:14:20 - [MESSAGE][PASSED] - Verify element property value successfully

2023-10-16 14:14:20 - [TEST_STEP][PASSED] - verifyElementPropertyValue(getResponse, "offers[12].groups[0].pricingPlans[0].visualElements[12].value", "true"): Verify element property value successfully

2023-10-16 14:14:20 - [MESSAGE][PASSED] - Verify element property value successfully

2023-10-16 14:14:20 - [TEST_STEP][PASSED] - verifyElementPropertyValue(getResponse, "offers[12].groups[0].pricingPlans[0].pricingPlanData[0].productId", "BHR_B2C_SHAHID_VIP_SPORT_1M"): Verify element property value successfully

2023-10-16 14:14:20 - [MESSAGE][PASSED] - Verify element property value successfully

2023-10-16 14:14:20 - [TEST_STEP][PASSED] - verifyElementPropertyValue(getResponse, "offers[12].groups[0].pricingPlans[0].pricingPlanData[0].paymentMethod", "CREDIT_CARD"): Verify element property value successfully

2023-10-16 14:14:20 - [MESSAGE][PASSED] - Verify element property value successfully

2023-10-16 14:14:20 - [TEST_STEP][PASSED] - verifyElementPropertyValue(getResponse, "offers[12].groups[0].pricingPlans[0].pricingPlanData[0].freeTrialEnabled", "false"): Verify element property value successfully

2023-10-16 14:14:20 - [MESSAGE][PASSED] - Verify element property value successfully

2023-10-16 14:14:20 - [TEST_STEP][PASSED] - verifyElementPropertyValue(getResponse, "offers[12].groups[0].pricingPlans[0].pricingPlanData[0].showIn[0]", "VERTICAL_MODE"): Verify element property value successfully

2023-10-16 14:14:20 - [MESSAGE][PASSED] - Verify element property value successfully

2023-10-16 14:14:20 - [TEST_STEP][PASSED] - verifyElementPropertyValue(getResponse, "offers[12].groups[0].pricingPlans[0].pricingPlanData[0].showIn[1]", "HORIZONTAL_MODE"): Verify element property value successfully

2023-10-16 14:14:20 - [MESSAGE][PASSED] - Verify element property value successfully

2023-10-16 14:14:20 - [TEST_STEP][PASSED] - verifyElementPropertyValue(getResponse, "offers[12].groups[0].pricingPlans[0].pricingPlanData[0].priceLabel", "4.19"): Verify element property value successfully

2023-10-16 14:14:20 - [MESSAGE][PASSED] - Verify element property value successfully

2023-10-16 14:14:20 - [TEST_STEP][PASSED] - verifyElementPropertyValue(getResponse, "offers[12].groups[0].pricingPlans[0].pricingPlanData[0].currencyLabel", "BHD"): Verify element property value successfully

2023-10-16 14:14:20 - [MESSAGE][PASSED] - Verify element property value successfully

2023-10-16 14:14:20 - [TEST_STEP][PASSED] - verifyElementPropertyValue(getResponse, "offers[12].groups[0].pricingPlans[0].pricingPlanData[0].dealId", "BYG_SPORT_40P_BHR"): Verify element property value successfully

2023-10-16 14:14:20 - [MESSAGE][PASSED] - Verify element property value successfully

2023-10-16 14:14:20 - [TEST_STEP][PASSED] - verifyElementPropertyValue(getResponse, "offers[12].groups[0].pricingPlans[0].pricingPlanData[0].allowedForAcquisition", "true"): Verify element property value successfully

2023-10-16 14:14:20 - [MESSAGE][PASSED] - Verify element property value successfully

2023-10-16 14:14:20 - [TEST_STEP][PASSED] - verifyElementPropertyValue(getResponse, "offers[12].groups[0].pricingPlans[0].pricingPlanData[0].visualElements[0].key", "title"): Verify element property value successfully

2023-10-16 14:14:20 - [MESSAGE][PASSED] - Verify element property value successfully

2023-10-16 14:14:20 - [TEST_STEP][PASSED] - verifyElementPropertyValue(getResponse, "offers[12].groups[0].pricingPlans[0].pricingPlanData[0].visualElements[0].value", "Credit/Debit Card"): Verify element property value successfully

2023-10-16 14:14:20 - [MESSAGE][PASSED] - Verify element property value successfully

2023-10-16 14:14:20 - [TEST_STEP][PASSED] - verifyElementPropertyValue(getResponse, "offers[12].groups[0].pricingPlans[0].pricingPlanData[0].visualElements[1].key", "CTA_text"): Verify element property value successfully

2023-10-16 14:14:20 - [MESSAGE][PASSED] - Verify element property value successfully

2023-10-16 14:14:20 - [TEST_STEP][PASSED] - verifyElementPropertyValue(getResponse, "offers[12].groups[0].pricingPlans[0].pricingPlanData[0].visualElements[1].value", "Subscribe"): Verify element property value successfully

2023-10-16 14:14:20 - [MESSAGE][PASSED] - Verify element property value successfully

2023-10-16 14:14:20 - [TEST_STEP][PASSED] - verifyElementPropertyValue(getResponse, "offers[12].groups[0].pricingPlans[0].pricingPlanData[0].visualElements[2].key", "logo"): Verify element property value successfully

2023-10-16 14:14:20 - [MESSAGE][PASSED] - Verify element property value successfully

2023-10-16 14:14:20 - [TEST_STEP][PASSED] - verifyElementPropertyValue(getResponse, "offers[12].groups[0].pricingPlans[0].pricingPlanData[0].visualElements[2].value", "https://static.s3.shahid.mbc.net/widget-images/icons/iconCreditCard.png"): Verify element property value successfully

2023-10-16 14:14:20 - [MESSAGE][PASSED] - Verify element property value successfully

2023-10-16 14:14:20 - [TEST_STEP][PASSED] - verifyElementPropertyValue(getResponse, "offers[13].offerId", "byg-sport-50-offer"): Verify element property value successfully

2023-10-16 14:14:20 - [MESSAGE][PASSED] - Verify element property value successfully

2023-10-16 14:14:20 - [TEST_STEP][PASSED] - verifyElementPropertyValue(getResponse, "offers[13].offerParam", "bygsportsoffer50"): Verify element property value successfully

2023-10-16 14:14:20 - [MESSAGE][PASSED] - Verify element property value successfully

2023-10-16 14:14:20 - [TEST_STEP][PASSED] - verifyElementPropertyValue(getResponse, "offers[13].groups[0].pricingPlans[0].featured", "true"): Verify element property value successfully

2023-10-16 14:14:20 - [MESSAGE][PASSED] - Verify element property value successfully

2023-10-16 14:14:20 - [TEST_STEP][PASSED] - verifyElementPropertyValue(getResponse, "offers[13].groups[0].pricingPlans[0].period", "monthly"): Verify element property value successfully

2023-10-16 14:14:20 - [MESSAGE][PASSED] - Verify element property value successfully

2023-10-16 14:14:20 - [TEST_STEP][PASSED] - verifyElementPropertyValue(getResponse, "offers[13].groups[0].pricingPlans[0].featured", "true"): Verify element property value successfully

2023-10-16 14:14:20 - [MESSAGE][PASSED] - Verify element property value successfully

2023-10-16 14:14:20 - [TEST_STEP][PASSED] - verifyElementPropertyValue(getResponse, "offers[13].groups[0].pricingPlans[0].price", "3.49"): Verify element property value successfully

2023-10-16 14:14:20 - [MESSAGE][PASSED] - Verify element property value successfully

2023-10-16 14:14:20 - [TEST_STEP][PASSED] - verifyElementPropertyValue(getResponse, "offers[13].groups[0].pricingPlans[0].currency", "BHD"): Verify element property value successfully

2023-10-16 14:14:20 - [MESSAGE][PASSED] - Verify element property value successfully

2023-10-16 14:14:20 - [TEST_STEP][PASSED] - verifyElementPropertyValue(getResponse, "offers[13].groups[0].pricingPlans[0].order", "0"): Verify element property value successfully

2023-10-16 14:14:20 - [MESSAGE][PASSED] - Verify element property value successfully

2023-10-16 14:14:20 - [TEST_STEP][PASSED] - verifyElementPropertyValue(getResponse, "offers[13].groups[0].pricingPlans[0].packageId", "SHAHID_VIP_SPORT"): Verify element property value successfully

2023-10-16 14:14:20 - [MESSAGE][PASSED] - Verify element property value successfully

2023-10-16 14:14:20 - [TEST_STEP][PASSED] - verifyElementPropertyValue(getResponse, "offers[13].groups[0].pricingPlans[0].catalogId", "SPORT"): Verify element property value successfully

2023-10-16 14:14:20 - [MESSAGE][PASSED] - Verify element property value successfully

2023-10-16 14:14:20 - [TEST_STEP][PASSED] - verifyElementPropertyValue(getResponse, "offers[13].groups[0].pricingPlans[0].visualElements[0].key", "Header_1_text"): Verify element property value successfully

2023-10-16 14:14:20 - [MESSAGE][PASSED] - Verify element property value successfully

2023-10-16 14:14:20 - [TEST_STEP][PASSED] - verifyElementPropertyValue(getResponse, "offers[13].groups[0].pricingPlans[0].visualElements[0].value", "Watch the most powerful series and movies exclusively without stopping"): Verify element property value successfully

2023-10-16 14:14:20 - [MESSAGE][PASSED] - Verify element property value successfully

2023-10-16 14:14:20 - [TEST_STEP][PASSED] - verifyElementPropertyValue(getResponse, "offers[13].groups[0].pricingPlans[0].visualElements[1].key", "display_title"): Verify element property value successfully

2023-10-16 14:14:20 - [MESSAGE][PASSED] - Verify element property value successfully

2023-10-16 14:14:20 - [TEST_STEP][FAILED] - verifyElementPropertyValue(getResponse, "offers[13].groups[0].pricingPlans[0].visualElements[1].value", "50% Discount Offer"): Expected element property value '50% Discount Offer' is not equal with actual property value '50% Discount Offer​'

2023-10-16 14:14:20 - [MESSAGE][FAILED] - Expected element property value '50% Discount Offer' is not equal with actual property value '50% Discount Offer​'

2023-10-16 14:14:20 - [TEST_STEP][PASSED] - verifyElementPropertyValue(getResponse, "offers[13].groups[0].pricingPlans[0].visualElements[3].key", "deduction_text"): Verify element property value successfully

2023-10-16 14:14:20 - [MESSAGE][PASSED] - Verify element property value successfully

2023-10-16 14:14:20 - [TEST_STEP][PASSED] - verifyElementPropertyValue(getResponse, "offers[13].groups[0].pricingPlans[0].visualElements[3].value", "billed every month"): Verify element property value successfully

2023-10-16 14:14:20 - [MESSAGE][PASSED] - Verify element property value successfully

2023-10-16 14:14:20 - [TEST_STEP][PASSED] - verifyElementPropertyValue(getResponse, "offers[13].groups[0].pricingPlans[0].visualElements[6].key", "show_payment_logo"): Verify element property value successfully

2023-10-16 14:14:20 - [MESSAGE][PASSED] - Verify element property value successfully

2023-10-16 14:14:20 - [TEST_STEP][PASSED] - verifyElementPropertyValue(getResponse, "offers[13].groups[0].pricingPlans[0].visualElements[6].value", "true"): Verify element property value successfully

2023-10-16 14:14:20 - [MESSAGE][PASSED] - Verify element property value successfully

2023-10-16 14:14:20 - [TEST_STEP][PASSED] - verifyElementPropertyValue(getResponse, "offers[13].groups[0].pricingPlans[0].visualElements[8].key", "price"): Verify element property value successfully

2023-10-16 14:14:20 - [MESSAGE][PASSED] - Verify element property value successfully

2023-10-16 14:14:20 - [TEST_STEP][PASSED] - verifyElementPropertyValue(getResponse, "offers[13].groups[0].pricingPlans[0].visualElements[8].value", "3.49"): Verify element property value successfully

2023-10-16 14:14:20 - [MESSAGE][PASSED] - Verify element property value successfully

2023-10-16 14:14:20 - [TEST_STEP][PASSED] - verifyElementPropertyValue(getResponse, "offers[13].groups[0].pricingPlans[0].visualElements[9].key", "currency"): Verify element property value successfully

2023-10-16 14:14:20 - [MESSAGE][PASSED] - Verify element property value successfully

2023-10-16 14:14:20 - [TEST_STEP][PASSED] - verifyElementPropertyValue(getResponse, "offers[13].groups[0].pricingPlans[0].visualElements[9].value", "BHD"): Verify element property value successfully

2023-10-16 14:14:20 - [MESSAGE][PASSED] - Verify element property value successfully

2023-10-16 14:14:20 - [TEST_STEP][PASSED] - verifyElementPropertyValue(getResponse, "offers[13].groups[0].pricingPlans[0].visualElements[10].key", "duration"): Verify element property value successfully

2023-10-16 14:14:20 - [MESSAGE][PASSED] - Verify element property value successfully

2023-10-16 14:14:20 - [TEST_STEP][PASSED] - verifyElementPropertyValue(getResponse, "offers[13].groups[0].pricingPlans[0].visualElements[10].value", "Monthly"): Verify element property value successfully

2023-10-16 14:14:20 - [MESSAGE][PASSED] - Verify element property value successfully

2023-10-16 14:14:20 - [TEST_STEP][PASSED] - verifyElementPropertyValue(getResponse, "offers[13].groups[0].pricingPlans[0].visualElements[11].key", "featured_tag_text"): Verify element property value successfully

2023-10-16 14:14:20 - [MESSAGE][PASSED] - Verify element property value successfully

2023-10-16 14:14:20 - [TEST_STEP][PASSED] - verifyElementPropertyValue(getResponse, "offers[13].groups[0].pricingPlans[0].visualElements[11].value", "Limited Time Offer"): Verify element property value successfully

2023-10-16 14:14:20 - [MESSAGE][PASSED] - Verify element property value successfully

2023-10-16 14:14:20 - [TEST_STEP][PASSED] - verifyElementPropertyValue(getResponse, "offers[13].groups[0].pricingPlans[0].visualElements[13].key", "tag_text"): Verify element property value successfully

2023-10-16 14:14:20 - [MESSAGE][PASSED] - Verify element property value successfully

2023-10-16 14:14:20 - [TEST_STEP][PASSED] - verifyElementPropertyValue(getResponse, "offers[13].groups[0].pricingPlans[0].visualElements[13].value", "Save 50%"): Verify element property value successfully

2023-10-16 14:14:20 - [MESSAGE][PASSED] - Verify element property value successfully

2023-10-16 14:14:20 - [TEST_STEP][PASSED] - verifyElementPropertyValue(getResponse, "offers[13].groups[0].pricingPlans[0].visualElements[12].key", "show_tag"): Verify element property value successfully

2023-10-16 14:14:20 - [MESSAGE][PASSED] - Verify element property value successfully

2023-10-16 14:14:20 - [TEST_STEP][PASSED] - verifyElementPropertyValue(getResponse, "offers[13].groups[0].pricingPlans[0].visualElements[12].value", "true"): Verify element property value successfully

2023-10-16 14:14:20 - [MESSAGE][PASSED] - Verify element property value successfully

2023-10-16 14:14:20 - [TEST_STEP][PASSED] - verifyElementPropertyValue(getResponse, "offers[13].groups[0].pricingPlans[0].pricingPlanData[0].productId", "BHR_B2C_SHAHID_VIP_SPORT_1M"): Verify element property value successfully

2023-10-16 14:14:20 - [MESSAGE][PASSED] - Verify element property value successfully

2023-10-16 14:14:20 - [TEST_STEP][PASSED] - verifyElementPropertyValue(getResponse, "offers[13].groups[0].pricingPlans[0].pricingPlanData[0].paymentMethod", "CREDIT_CARD"): Verify element property value successfully

2023-10-16 14:14:20 - [MESSAGE][PASSED] - Verify element property value successfully

2023-10-16 14:14:20 - [TEST_STEP][PASSED] - verifyElementPropertyValue(getResponse, "offers[13].groups[0].pricingPlans[0].pricingPlanData[0].freeTrialEnabled", "false"): Verify element property value successfully

2023-10-16 14:14:20 - [MESSAGE][PASSED] - Verify element property value successfully

2023-10-16 14:14:20 - [TEST_STEP][PASSED] - verifyElementPropertyValue(getResponse, "offers[13].groups[0].pricingPlans[0].pricingPlanData[0].showIn[0]", "VERTICAL_MODE"): Verify element property value successfully

2023-10-16 14:14:20 - [MESSAGE][PASSED] - Verify element property value successfully

2023-10-16 14:14:20 - [TEST_STEP][PASSED] - verifyElementPropertyValue(getResponse, "offers[13].groups[0].pricingPlans[0].pricingPlanData[0].showIn[1]", "HORIZONTAL_MODE"): Verify element property value successfully

2023-10-16 14:14:20 - [MESSAGE][PASSED] - Verify element property value successfully

2023-10-16 14:14:20 - [TEST_STEP][PASSED] - verifyElementPropertyValue(getResponse, "offers[13].groups[0].pricingPlans[0].pricingPlanData[0].priceLabel", "3.49"): Verify element property value successfully

2023-10-16 14:14:20 - [MESSAGE][PASSED] - Verify element property value successfully

2023-10-16 14:14:20 - [TEST_STEP][PASSED] - verifyElementPropertyValue(getResponse, "offers[13].groups[0].pricingPlans[0].pricingPlanData[0].currencyLabel", "BHD"): Verify element property value successfully

2023-10-16 14:14:20 - [MESSAGE][PASSED] - Verify element property value successfully

2023-10-16 14:14:20 - [TEST_STEP][PASSED] - verifyElementPropertyValue(getResponse, "offers[13].groups[0].pricingPlans[0].pricingPlanData[0].dealId", "BYG_SPORT_50P_BHR"): Verify element property value successfully

2023-10-16 14:14:20 - [MESSAGE][PASSED] - Verify element property value successfully

2023-10-16 14:14:20 - [TEST_STEP][PASSED] - verifyElementPropertyValue(getResponse, "offers[13].groups[0].pricingPlans[0].pricingPlanData[0].allowedForAcquisition", "true"): Verify element property value successfully

2023-10-16 14:14:20 - [MESSAGE][PASSED] - Verify element property value successfully

2023-10-16 14:14:20 - [TEST_STEP][PASSED] - verifyElementPropertyValue(getResponse, "offers[13].groups[0].pricingPlans[0].pricingPlanData[0].visualElements[0].key", "title"): Verify element property value successfully

2023-10-16 14:14:20 - [MESSAGE][PASSED] - Verify element property value successfully

2023-10-16 14:14:20 - [TEST_STEP][PASSED] - verifyElementPropertyValue(getResponse, "offers[13].groups[0].pricingPlans[0].pricingPlanData[0].visualElements[0].value", "Credit/Debit Card"): Verify element property value successfully

2023-10-16 14:14:20 - [MESSAGE][PASSED] - Verify element property value successfully

2023-10-16 14:14:20 - [TEST_STEP][PASSED] - verifyElementPropertyValue(getResponse, "offers[13].groups[0].pricingPlans[0].pricingPlanData[0].visualElements[1].key", "CTA_text"): Verify element property value successfully

2023-10-16 14:14:20 - [MESSAGE][PASSED] - Verify element property value successfully

2023-10-16 14:14:20 - [TEST_STEP][PASSED] - verifyElementPropertyValue(getResponse, "offers[13].groups[0].pricingPlans[0].pricingPlanData[0].visualElements[1].value", "Subscribe"): Verify element property value successfully

2023-10-16 14:14:20 - [MESSAGE][PASSED] - Verify element property value successfully

2023-10-16 14:14:20 - [TEST_STEP][PASSED] - verifyElementPropertyValue(getResponse, "offers[13].groups[0].pricingPlans[0].pricingPlanData[0].visualElements[2].key", "logo"): Verify element property value successfully

2023-10-16 14:14:20 - [MESSAGE][PASSED] - Verify element property value successfully

2023-10-16 14:14:20 - [TEST_STEP][PASSED] - verifyElementPropertyValue(getResponse, "offers[13].groups[0].pricingPlans[0].pricingPlanData[0].visualElements[2].value", "https://static.s3.shahid.mbc.net/widget-images/icons/iconCreditCard.png"): Verify element property value successfully

2023-10-16 14:14:20 - [MESSAGE][PASSED] - Verify element property value successfully]]></system-out>
         <system-err><![CDATA[2023-10-16 14:14:16 - [TEST_CASE][FAILED] - Test Cases/WEB - CHROME/BHR PI/WEB_EN_getOffersForBHR_SPORT: Test Cases/WEB - CHROME/BHR PI/WEB_EN_getOffersForBHR_SPORT FAILED.
Reason:
com.kms.katalon.core.exception.StepFailedException: Expected element property value '30% Discount Offer' is not equal with actual property value '30% Discount Offer​'
	at com.kms.katalon.core.keyword.internal.KeywordMain.stepFailed(KeywordMain.groovy:39)
	at com.kms.katalon.core.webservice.keyword.builtin.VerifyElementPropertyValueKeyword$_verifyElementPropertyValue_closure1.doCall(VerifyElementPropertyValueKeyword.groovy:56)
	at com.kms.katalon.core.webservice.keyword.builtin.VerifyElementPropertyValueKeyword$_verifyElementPropertyValue_closure1.call(VerifyElementPropertyValueKeyword.groovy)
	at com.kms.katalon.core.keyword.internal.KeywordMain.runKeyword(KeywordMain.groovy:75)
	at com.kms.katalon.core.webservice.keyword.builtin.VerifyElementPropertyValueKeyword.verifyElementPropertyValue(VerifyElementPropertyValueKeyword.groovy:48)
	at com.kms.katalon.core.webservice.keyword.builtin.VerifyElementPropertyValueKeyword.execute(VerifyElementPropertyValueKeyword.groovy:43)
	at com.kms.katalon.core.keyword.internal.KeywordExecutor.executeKeywordForPlatform(KeywordExecutor.groovy:74)
	at com.kms.katalon.core.webservice.keyword.WSBuiltInKeywords.verifyElementPropertyValue(WSBuiltInKeywords.groovy:190)
	at com.kms.katalon.core.webservice.keyword.WSBuiltInKeywords$verifyElementPropertyValue$1.call(Unknown Source)
	at WEB_EN_getOffersForBHR_SPORT.run(WEB_EN_getOffersForBHR_SPORT:46)
	at com.kms.katalon.core.main.ScriptEngine.run(ScriptEngine.java:194)
	at com.kms.katalon.core.main.ScriptEngine.runScriptAsRawText(ScriptEngine.java:119)
	at com.kms.katalon.core.main.TestCaseExecutor.runScript(TestCaseExecutor.java:448)
	at com.kms.katalon.core.main.TestCaseExecutor.doExecute(TestCaseExecutor.java:439)
	at com.kms.katalon.core.main.TestCaseExecutor.processExecutionPhase(TestCaseExecutor.java:418)
	at com.kms.katalon.core.main.TestCaseExecutor.accessMainPhase(TestCaseExecutor.java:410)
	at com.kms.katalon.core.main.TestCaseExecutor.execute(TestCaseExecutor.java:285)
	at com.kms.katalon.core.common.CommonExecutor.accessTestCaseMainPhase(CommonExecutor.java:65)
	at com.kms.katalon.core.main.TestSuiteExecutor.accessTestSuiteMainPhase(TestSuiteExecutor.java:148)
	at com.kms.katalon.core.main.TestSuiteExecutor.execute(TestSuiteExecutor.java:106)
	at com.kms.katalon.core.main.TestCaseMain.startTestSuite(TestCaseMain.java:187)
	at com.kms.katalon.core.main.TestCaseMain$startTestSuite$0.call(Unknown Source)
	at TempTestSuite1697454209021.run(TempTestSuite1697454209021.groovy:36)]]></system-err>
      </testcase>
      <testcase name="Test Cases/WEB - CHROME/BHR PI/WEB_EN_getOffersForBHR_VIP" time="3.737" classname="Test Cases/WEB - CHROME/BHR PI/WEB_EN_getOffersForBHR_VIP" status="FAILED">
         <failure type="FAILED" message="Test Cases/WEB - CHROME/BHR PI/WEB_EN_getOffersForBHR_VIP FAILED.
Reason:
com.kms.katalon.core.exception.StepFailedException: Expected element property value '30% Discount Offer' is not equal with actual property value '30% Discount Offer​'
	at com.kms.katalon.core.keyword.internal.KeywordMain.stepFailed(KeywordMain.groovy:39)
	at com.kms.katalon.core.webservice.keyword.builtin.VerifyElementPropertyValueKeyword$_verifyElementPropertyValue_closure1.doCall(VerifyElementPropertyValueKeyword.groovy:56)
	at com.kms.katalon.core.webservice.keyword.builtin.VerifyElementPropertyValueKeyword$_verifyElementPropertyValue_closure1.call(VerifyElementPropertyValueKeyword.groovy)
	at com.kms.katalon.core.keyword.internal.KeywordMain.runKeyword(KeywordMain.groovy:75)
	at com.kms.katalon.core.webservice.keyword.builtin.VerifyElementPropertyValueKeyword.verifyElementPropertyValue(VerifyElementPropertyValueKeyword.groovy:48)
	at com.kms.katalon.core.webservice.keyword.builtin.VerifyElementPropertyValueKeyword.execute(VerifyElementPropertyValueKeyword.groovy:43)
	at com.kms.katalon.core.keyword.internal.KeywordExecutor.executeKeywordForPlatform(KeywordExecutor.groovy:74)
	at com.kms.katalon.core.webservice.keyword.WSBuiltInKeywords.verifyElementPropertyValue(WSBuiltInKeywords.groovy:190)
	at com.kms.katalon.core.webservice.keyword.WSBuiltInKeywords$verifyElementPropertyValue$1.call(Unknown Source)
	at WEB_EN_getOffersForBHR_VIP.run(WEB_EN_getOffersForBHR_VIP:60)
	at com.kms.katalon.core.main.ScriptEngine.run(ScriptEngine.java:194)
	at com.kms.katalon.core.main.ScriptEngine.runScriptAsRawText(ScriptEngine.java:119)
	at com.kms.katalon.core.main.TestCaseExecutor.runScript(TestCaseExecutor.java:448)
	at com.kms.katalon.core.main.TestCaseExecutor.doExecute(TestCaseExecutor.java:439)
	at com.kms.katalon.core.main.TestCaseExecutor.processExecutionPhase(TestCaseExecutor.java:418)
	at com.kms.katalon.core.main.TestCaseExecutor.accessMainPhase(TestCaseExecutor.java:410)
	at com.kms.katalon.core.main.TestCaseExecutor.execute(TestCaseExecutor.java:285)
	at com.kms.katalon.core.common.CommonExecutor.accessTestCaseMainPhase(CommonExecutor.java:65)
	at com.kms.katalon.core.main.TestSuiteExecutor.accessTestSuiteMainPhase(TestSuiteExecutor.java:148)
	at com.kms.katalon.core.main.TestSuiteExecutor.execute(TestSuiteExecutor.java:106)
	at com.kms.katalon.core.main.TestCaseMain.startTestSuite(TestCaseMain.java:187)
	at com.kms.katalon.core.main.TestCaseMain$startTestSuite$0.call(Unknown Source)
	at TempTestSuite1697454209021.run(TempTestSuite1697454209021.groovy:36)
"/>
         <system-out><![CDATA[2023-10-16 14:14:20 - [TEST_CASE][FAILED] - Test Cases/WEB - CHROME/BHR PI/WEB_EN_getOffersForBHR_VIP: Test Cases/WEB - CHROME/BHR PI/WEB_EN_getOffersForBHR_VIP FAILED.
Reason:
com.kms.katalon.core.exception.StepFailedException: Expected element property value '30% Discount Offer' is not equal with actual property value '30% Discount Offer​'
	at com.kms.katalon.core.keyword.internal.KeywordMain.stepFailed(KeywordMain.groovy:39)
	at com.kms.katalon.core.webservice.keyword.builtin.VerifyElementPropertyValueKeyword$_verifyElementPropertyValue_closure1.doCall(VerifyElementPropertyValueKeyword.groovy:56)
	at com.kms.katalon.core.webservice.keyword.builtin.VerifyElementPropertyValueKeyword$_verifyElementPropertyValue_closure1.call(VerifyElementPropertyValueKeyword.groovy)
	at com.kms.katalon.core.keyword.internal.KeywordMain.runKeyword(KeywordMain.groovy:75)
	at com.kms.katalon.core.webservice.keyword.builtin.VerifyElementPropertyValueKeyword.verifyElementPropertyValue(VerifyElementPropertyValueKeyword.groovy:48)
	at com.kms.katalon.core.webservice.keyword.builtin.VerifyElementPropertyValueKeyword.execute(VerifyElementPropertyValueKeyword.groovy:43)
	at com.kms.katalon.core.keyword.internal.KeywordExecutor.executeKeywordForPlatform(KeywordExecutor.groovy:74)
	at com.kms.katalon.core.webservice.keyword.WSBuiltInKeywords.verifyElementPropertyValue(WSBuiltInKeywords.groovy:190)
	at com.kms.katalon.core.webservice.keyword.WSBuiltInKeywords$verifyElementPropertyValue$1.call(Unknown Source)
	at WEB_EN_getOffersForBHR_VIP.run(WEB_EN_getOffersForBHR_VIP:60)
	at com.kms.katalon.core.main.ScriptEngine.run(ScriptEngine.java:194)
	at com.kms.katalon.core.main.ScriptEngine.runScriptAsRawText(ScriptEngine.java:119)
	at com.kms.katalon.core.main.TestCaseExecutor.runScript(TestCaseExecutor.java:448)
	at com.kms.katalon.core.main.TestCaseExecutor.doExecute(TestCaseExecutor.java:439)
	at com.kms.katalon.core.main.TestCaseExecutor.processExecutionPhase(TestCaseExecutor.java:418)
	at com.kms.katalon.core.main.TestCaseExecutor.accessMainPhase(TestCaseExecutor.java:410)
	at com.kms.katalon.core.main.TestCaseExecutor.execute(TestCaseExecutor.java:285)
	at com.kms.katalon.core.common.CommonExecutor.accessTestCaseMainPhase(CommonExecutor.java:65)
	at com.kms.katalon.core.main.TestSuiteExecutor.accessTestSuiteMainPhase(TestSuiteExecutor.java:148)
	at com.kms.katalon.core.main.TestSuiteExecutor.execute(TestSuiteExecutor.java:106)
	at com.kms.katalon.core.main.TestCaseMain.startTestSuite(TestCaseMain.java:187)
	at com.kms.katalon.core.main.TestCaseMain$startTestSuite$0.call(Unknown Source)
	at TempTestSuite1697454209021.run(TempTestSuite1697454209021.groovy:36)


2023-10-16 14:14:20 - [TEST_STEP][PASSED] - getResponse = config_files.getConfigFile.getConfig("WEB", "EN", "SHAHID_VIP", "BH", "false"): config_files.getConfigFile.getConfig is PASSED

2023-10-16 14:14:21 - [MESSAGE][INFO] - HAR: /Users/admin/git/shahid-configuration/Reports/20231016_140310/WEB/BHR/20231016_140329/requests/main/7.har

2023-10-16 14:14:21 - [MESSAGE][PASSED] - Send request successfully

2023-10-16 14:14:21 - [MESSAGE][PASSED] - config_files.getConfigFile.getConfig is PASSED

2023-10-16 14:14:21 - [TEST_STEP][PASSED] - verifyResponseStatusCode(getResponse, 200): Verify response status code successfully

2023-10-16 14:14:21 - [MESSAGE][PASSED] - Verify response status code successfully

2023-10-16 14:14:21 - [TEST_STEP][PASSED] - verifyElementPropertyValue(getResponse, "country", "BHR"): Verify element property value successfully

2023-10-16 14:14:21 - [MESSAGE][PASSED] - Verify element property value successfully

2023-10-16 14:14:21 - [TEST_STEP][PASSED] - verifyElementPropertyValue(getResponse, "platform", "[WEB]"): Verify element property value successfully

2023-10-16 14:14:21 - [MESSAGE][PASSED] - Verify element property value successfully

2023-10-16 14:14:21 - [TEST_STEP][PASSED] - verifyElementPropertyValue(getResponse, "offers[0].offerId", "winback-30-offer"): Verify element property value successfully

2023-10-16 14:14:21 - [MESSAGE][PASSED] - Verify element property value successfully

2023-10-16 14:14:21 - [TEST_STEP][PASSED] - verifyElementPropertyValue(getResponse, "offers[0].offerParam", "winback30"): Verify element property value successfully

2023-10-16 14:14:21 - [MESSAGE][PASSED] - Verify element property value successfully

2023-10-16 14:14:21 - [TEST_STEP][PASSED] - verifyElementPropertyValue(getResponse, "offers[0].groups[0].pricingPlans[0].featured", "true"): Verify element property value successfully

2023-10-16 14:14:21 - [MESSAGE][PASSED] - Verify element property value successfully

2023-10-16 14:14:21 - [TEST_STEP][PASSED] - verifyElementPropertyValue(getResponse, "offers[0].groups[0].pricingPlans[0].period", "monthly"): Verify element property value successfully

2023-10-16 14:14:21 - [MESSAGE][PASSED] - Verify element property value successfully

2023-10-16 14:14:21 - [TEST_STEP][PASSED] - verifyElementPropertyValue(getResponse, "offers[0].groups[0].pricingPlans[0].featured", "true"): Verify element property value successfully

2023-10-16 14:14:21 - [MESSAGE][PASSED] - Verify element property value successfully

2023-10-16 14:14:21 - [TEST_STEP][PASSED] - verifyElementPropertyValue(getResponse, "offers[0].groups[0].pricingPlans[0].price", "2.79"): Verify element property value successfully

2023-10-16 14:14:21 - [MESSAGE][PASSED] - Verify element property value successfully

2023-10-16 14:14:21 - [TEST_STEP][PASSED] - verifyElementPropertyValue(getResponse, "offers[0].groups[0].pricingPlans[0].currency", "BHD"): Verify element property value successfully

2023-10-16 14:14:21 - [MESSAGE][PASSED] - Verify element property value successfully

2023-10-16 14:14:21 - [TEST_STEP][PASSED] - verifyElementPropertyValue(getResponse, "offers[0].groups[0].pricingPlans[0].order", "0"): Verify element property value successfully

2023-10-16 14:14:21 - [MESSAGE][PASSED] - Verify element property value successfully

2023-10-16 14:14:21 - [TEST_STEP][PASSED] - verifyElementPropertyValue(getResponse, "offers[0].groups[0].pricingPlans[0].packageId", "SHAHID_VIP"): Verify element property value successfully

2023-10-16 14:14:21 - [MESSAGE][PASSED] - Verify element property value successfully

2023-10-16 14:14:21 - [TEST_STEP][PASSED] - verifyElementPropertyValue(getResponse, "offers[0].groups[0].pricingPlans[0].catalogId", "VIP"): Verify element property value successfully

2023-10-16 14:14:21 - [MESSAGE][PASSED] - Verify element property value successfully

2023-10-16 14:14:21 - [TEST_STEP][PASSED] - verifyElementPropertyValue(getResponse, "offers[0].groups[0].pricingPlans[0].visualElements[0].key", "Header_1_text"): Verify element property value successfully

2023-10-16 14:14:21 - [MESSAGE][PASSED] - Verify element property value successfully

2023-10-16 14:14:21 - [TEST_STEP][PASSED] - verifyElementPropertyValue(getResponse, "offers[0].groups[0].pricingPlans[0].visualElements[0].value", "Watch the most powerful series and movies exclusively without stopping"): Verify element property value successfully

2023-10-16 14:14:21 - [MESSAGE][PASSED] - Verify element property value successfully

2023-10-16 14:14:21 - [TEST_STEP][PASSED] - verifyElementPropertyValue(getResponse, "offers[0].groups[0].pricingPlans[0].visualElements[1].key", "display_title"): Verify element property value successfully

2023-10-16 14:14:21 - [MESSAGE][PASSED] - Verify element property value successfully

2023-10-16 14:14:21 - [TEST_STEP][FAILED] - verifyElementPropertyValue(getResponse, "offers[0].groups[0].pricingPlans[0].visualElements[1].value", "30% Discount Offer"): Expected element property value '30% Discount Offer' is not equal with actual property value '30% Discount Offer​'

2023-10-16 14:14:21 - [MESSAGE][FAILED] - Expected element property value '30% Discount Offer' is not equal with actual property value '30% Discount Offer​'

2023-10-16 14:14:21 - [TEST_STEP][PASSED] - verifyElementPropertyValue(getResponse, "offers[0].groups[0].pricingPlans[0].visualElements[3].key", "deduction_text"): Verify element property value successfully

2023-10-16 14:14:21 - [MESSAGE][PASSED] - Verify element property value successfully

2023-10-16 14:14:21 - [TEST_STEP][PASSED] - verifyElementPropertyValue(getResponse, "offers[0].groups[0].pricingPlans[0].visualElements[3].value", "billed every month"): Verify element property value successfully

2023-10-16 14:14:21 - [MESSAGE][PASSED] - Verify element property value successfully

2023-10-16 14:14:21 - [TEST_STEP][PASSED] - verifyElementPropertyValue(getResponse, "offers[0].groups[0].pricingPlans[0].visualElements[6].key", "show_payment_logo"): Verify element property value successfully

2023-10-16 14:14:21 - [MESSAGE][PASSED] - Verify element property value successfully

2023-10-16 14:14:21 - [TEST_STEP][PASSED] - verifyElementPropertyValue(getResponse, "offers[0].groups[0].pricingPlans[0].visualElements[6].value", "true"): Verify element property value successfully

2023-10-16 14:14:21 - [MESSAGE][PASSED] - Verify element property value successfully

2023-10-16 14:14:21 - [TEST_STEP][PASSED] - verifyElementPropertyValue(getResponse, "offers[0].groups[0].pricingPlans[0].visualElements[8].key", "price"): Verify element property value successfully

2023-10-16 14:14:21 - [MESSAGE][PASSED] - Verify element property value successfully

2023-10-16 14:14:21 - [TEST_STEP][PASSED] - verifyElementPropertyValue(getResponse, "offers[0].groups[0].pricingPlans[0].visualElements[8].value", "2.79"): Verify element property value successfully

2023-10-16 14:14:21 - [MESSAGE][PASSED] - Verify element property value successfully

2023-10-16 14:14:21 - [TEST_STEP][PASSED] - verifyElementPropertyValue(getResponse, "offers[0].groups[0].pricingPlans[0].visualElements[9].key", "currency"): Verify element property value successfully

2023-10-16 14:14:21 - [MESSAGE][PASSED] - Verify element property value successfully

2023-10-16 14:14:21 - [TEST_STEP][PASSED] - verifyElementPropertyValue(getResponse, "offers[0].groups[0].pricingPlans[0].visualElements[9].value", "BHD"): Verify element property value successfully

2023-10-16 14:14:21 - [MESSAGE][PASSED] - Verify element property value successfully

2023-10-16 14:14:21 - [TEST_STEP][PASSED] - verifyElementPropertyValue(getResponse, "offers[0].groups[0].pricingPlans[0].visualElements[10].key", "duration"): Verify element property value successfully

2023-10-16 14:14:21 - [MESSAGE][PASSED] - Verify element property value successfully

2023-10-16 14:14:21 - [TEST_STEP][PASSED] - verifyElementPropertyValue(getResponse, "offers[0].groups[0].pricingPlans[0].visualElements[10].value", "Monthly"): Verify element property value successfully

2023-10-16 14:14:22 - [MESSAGE][PASSED] - Verify element property value successfully

2023-10-16 14:14:22 - [TEST_STEP][PASSED] - verifyElementPropertyValue(getResponse, "offers[0].groups[0].pricingPlans[0].visualElements[11].key", "featured_tag_text"): Verify element property value successfully

2023-10-16 14:14:22 - [MESSAGE][PASSED] - Verify element property value successfully

2023-10-16 14:14:22 - [TEST_STEP][PASSED] - verifyElementPropertyValue(getResponse, "offers[0].groups[0].pricingPlans[0].visualElements[11].value", "Limited Time Offer"): Verify element property value successfully

2023-10-16 14:14:22 - [MESSAGE][PASSED] - Verify element property value successfully

2023-10-16 14:14:22 - [TEST_STEP][PASSED] - verifyElementPropertyValue(getResponse, "offers[0].groups[0].pricingPlans[0].visualElements[12].key", "show_tag"): Verify element property value successfully

2023-10-16 14:14:22 - [MESSAGE][PASSED] - Verify element property value successfully

2023-10-16 14:14:22 - [TEST_STEP][PASSED] - verifyElementPropertyValue(getResponse, "offers[0].groups[0].pricingPlans[0].visualElements[12].value", "true"): Verify element property value successfully

2023-10-16 14:14:22 - [MESSAGE][PASSED] - Verify element property value successfully

2023-10-16 14:14:22 - [TEST_STEP][PASSED] - verifyElementPropertyValue(getResponse, "offers[0].groups[0].pricingPlans[0].visualElements[13].key", "tag_text"): Verify element property value successfully

2023-10-16 14:14:22 - [MESSAGE][PASSED] - Verify element property value successfully

2023-10-16 14:14:22 - [TEST_STEP][PASSED] - verifyElementPropertyValue(getResponse, "offers[0].groups[0].pricingPlans[0].visualElements[13].value", "Save 30%"): Verify element property value successfully

2023-10-16 14:14:22 - [MESSAGE][PASSED] - Verify element property value successfully

2023-10-16 14:14:22 - [TEST_STEP][PASSED] - verifyElementPropertyValue(getResponse, "offers[0].groups[0].pricingPlans[0].pricingPlanData[0].productId", "BHR_B2C_SHAHID_VIP_1M"): Verify element property value successfully

2023-10-16 14:14:22 - [MESSAGE][PASSED] - Verify element property value successfully

2023-10-16 14:14:22 - [TEST_STEP][PASSED] - verifyElementPropertyValue(getResponse, "offers[0].groups[0].pricingPlans[0].pricingPlanData[0].paymentMethod", "CREDIT_CARD"): Verify element property value successfully

2023-10-16 14:14:22 - [MESSAGE][PASSED] - Verify element property value successfully

2023-10-16 14:14:22 - [TEST_STEP][PASSED] - verifyElementPropertyValue(getResponse, "offers[0].groups[0].pricingPlans[0].pricingPlanData[0].freeTrialEnabled", "false"): Verify element property value successfully

2023-10-16 14:14:22 - [MESSAGE][PASSED] - Verify element property value successfully

2023-10-16 14:14:22 - [TEST_STEP][PASSED] - verifyElementPropertyValue(getResponse, "offers[0].groups[0].pricingPlans[0].pricingPlanData[0].showIn[0]", "VERTICAL_MODE"): Verify element property value successfully

2023-10-16 14:14:22 - [MESSAGE][PASSED] - Verify element property value successfully

2023-10-16 14:14:22 - [TEST_STEP][PASSED] - verifyElementPropertyValue(getResponse, "offers[0].groups[0].pricingPlans[0].pricingPlanData[0].showIn[1]", "HORIZONTAL_MODE"): Verify element property value successfully

2023-10-16 14:14:22 - [MESSAGE][PASSED] - Verify element property value successfully

2023-10-16 14:14:22 - [TEST_STEP][PASSED] - verifyElementPropertyValue(getResponse, "offers[0].groups[0].pricingPlans[0].pricingPlanData[0].priceLabel", "2.79"): Verify element property value successfully

2023-10-16 14:14:22 - [MESSAGE][PASSED] - Verify element property value successfully

2023-10-16 14:14:22 - [TEST_STEP][PASSED] - verifyElementPropertyValue(getResponse, "offers[0].groups[0].pricingPlans[0].pricingPlanData[0].currencyLabel", "BHD"): Verify element property value successfully

2023-10-16 14:14:22 - [MESSAGE][PASSED] - Verify element property value successfully

2023-10-16 14:14:22 - [TEST_STEP][PASSED] - verifyElementPropertyValue(getResponse, "offers[0].groups[0].pricingPlans[0].pricingPlanData[0].dealId", "RE_30P_BHR"): Verify element property value successfully

2023-10-16 14:14:22 - [MESSAGE][PASSED] - Verify element property value successfully

2023-10-16 14:14:22 - [TEST_STEP][PASSED] - verifyElementPropertyValue(getResponse, "offers[0].groups[0].pricingPlans[0].pricingPlanData[0].allowedForAcquisition", "true"): Verify element property value successfully

2023-10-16 14:14:22 - [MESSAGE][PASSED] - Verify element property value successfully

2023-10-16 14:14:22 - [TEST_STEP][PASSED] - verifyElementPropertyValue(getResponse, "offers[0].groups[0].pricingPlans[0].pricingPlanData[0].visualElements[0].key", "title"): Verify element property value successfully

2023-10-16 14:14:22 - [MESSAGE][PASSED] - Verify element property value successfully

2023-10-16 14:14:22 - [TEST_STEP][PASSED] - verifyElementPropertyValue(getResponse, "offers[0].groups[0].pricingPlans[0].pricingPlanData[0].visualElements[0].value", "Credit/Debit Card"): Verify element property value successfully

2023-10-16 14:14:22 - [MESSAGE][PASSED] - Verify element property value successfully

2023-10-16 14:14:22 - [TEST_STEP][PASSED] - verifyElementPropertyValue(getResponse, "offers[0].groups[0].pricingPlans[0].pricingPlanData[0].visualElements[1].key", "CTA_text"): Verify element property value successfully

2023-10-16 14:14:22 - [MESSAGE][PASSED] - Verify element property value successfully

2023-10-16 14:14:22 - [TEST_STEP][PASSED] - verifyElementPropertyValue(getResponse, "offers[0].groups[0].pricingPlans[0].pricingPlanData[0].visualElements[1].value", "Subscribe"): Verify element property value successfully

2023-10-16 14:14:22 - [MESSAGE][PASSED] - Verify element property value successfully

2023-10-16 14:14:22 - [TEST_STEP][PASSED] - verifyElementPropertyValue(getResponse, "offers[0].groups[0].pricingPlans[0].pricingPlanData[0].visualElements[2].key", "logo"): Verify element property value successfully

2023-10-16 14:14:22 - [MESSAGE][PASSED] - Verify element property value successfully

2023-10-16 14:14:22 - [TEST_STEP][PASSED] - verifyElementPropertyValue(getResponse, "offers[0].groups[0].pricingPlans[0].pricingPlanData[0].visualElements[2].value", "https://static.s3.shahid.mbc.net/widget-images/icons/iconCreditCard.png"): Verify element property value successfully

2023-10-16 14:14:22 - [MESSAGE][PASSED] - Verify element property value successfully

2023-10-16 14:14:22 - [TEST_STEP][PASSED] - verifyElementPropertyValue(getResponse, "offers[1].offerId", "winback-40-offer"): Verify element property value successfully

2023-10-16 14:14:22 - [MESSAGE][PASSED] - Verify element property value successfully

2023-10-16 14:14:22 - [TEST_STEP][PASSED] - verifyElementPropertyValue(getResponse, "offers[1].offerParam", "winback40"): Verify element property value successfully

2023-10-16 14:14:22 - [MESSAGE][PASSED] - Verify element property value successfully

2023-10-16 14:14:22 - [TEST_STEP][PASSED] - verifyElementPropertyValue(getResponse, "offers[1].groups[0].pricingPlans[0].featured", "true"): Verify element property value successfully

2023-10-16 14:14:22 - [MESSAGE][PASSED] - Verify element property value successfully

2023-10-16 14:14:22 - [TEST_STEP][PASSED] - verifyElementPropertyValue(getResponse, "offers[1].groups[0].pricingPlans[0].period", "monthly"): Verify element property value successfully

2023-10-16 14:14:22 - [MESSAGE][PASSED] - Verify element property value successfully

2023-10-16 14:14:22 - [TEST_STEP][PASSED] - verifyElementPropertyValue(getResponse, "offers[1].groups[0].pricingPlans[0].featured", "true"): Verify element property value successfully

2023-10-16 14:14:22 - [MESSAGE][PASSED] - Verify element property value successfully

2023-10-16 14:14:22 - [TEST_STEP][PASSED] - verifyElementPropertyValue(getResponse, "offers[1].groups[0].pricingPlans[0].price", "2.39"): Verify element property value successfully

2023-10-16 14:14:22 - [MESSAGE][PASSED] - Verify element property value successfully

2023-10-16 14:14:22 - [TEST_STEP][PASSED] - verifyElementPropertyValue(getResponse, "offers[1].groups[0].pricingPlans[0].currency", "BHD"): Verify element property value successfully

2023-10-16 14:14:22 - [MESSAGE][PASSED] - Verify element property value successfully

2023-10-16 14:14:22 - [TEST_STEP][PASSED] - verifyElementPropertyValue(getResponse, "offers[1].groups[0].pricingPlans[0].order", "0"): Verify element property value successfully

2023-10-16 14:14:22 - [MESSAGE][PASSED] - Verify element property value successfully

2023-10-16 14:14:22 - [TEST_STEP][PASSED] - verifyElementPropertyValue(getResponse, "offers[1].groups[0].pricingPlans[0].packageId", "SHAHID_VIP"): Verify element property value successfully

2023-10-16 14:14:22 - [MESSAGE][PASSED] - Verify element property value successfully

2023-10-16 14:14:22 - [TEST_STEP][PASSED] - verifyElementPropertyValue(getResponse, "offers[1].groups[0].pricingPlans[0].catalogId", "VIP"): Verify element property value successfully

2023-10-16 14:14:22 - [MESSAGE][PASSED] - Verify element property value successfully

2023-10-16 14:14:22 - [TEST_STEP][PASSED] - verifyElementPropertyValue(getResponse, "offers[1].groups[0].pricingPlans[0].visualElements[0].key", "Header_1_text"): Verify element property value successfully

2023-10-16 14:14:22 - [MESSAGE][PASSED] - Verify element property value successfully

2023-10-16 14:14:22 - [TEST_STEP][PASSED] - verifyElementPropertyValue(getResponse, "offers[1].groups[0].pricingPlans[0].visualElements[0].value", "Watch the most powerful series and movies exclusively without stopping"): Verify element property value successfully

2023-10-16 14:14:22 - [MESSAGE][PASSED] - Verify element property value successfully

2023-10-16 14:14:22 - [TEST_STEP][PASSED] - verifyElementPropertyValue(getResponse, "offers[1].groups[0].pricingPlans[0].visualElements[1].key", "display_title"): Verify element property value successfully

2023-10-16 14:14:22 - [MESSAGE][PASSED] - Verify element property value successfully

2023-10-16 14:14:22 - [TEST_STEP][FAILED] - verifyElementPropertyValue(getResponse, "offers[1].groups[0].pricingPlans[0].visualElements[1].value", "40% Discount Offer"): Expected element property value '40% Discount Offer' is not equal with actual property value '40% Discount Offer​'

2023-10-16 14:14:22 - [MESSAGE][FAILED] - Expected element property value '40% Discount Offer' is not equal with actual property value '40% Discount Offer​'

2023-10-16 14:14:22 - [TEST_STEP][PASSED] - verifyElementPropertyValue(getResponse, "offers[1].groups[0].pricingPlans[0].visualElements[3].key", "deduction_text"): Verify element property value successfully

2023-10-16 14:14:22 - [MESSAGE][PASSED] - Verify element property value successfully

2023-10-16 14:14:22 - [TEST_STEP][PASSED] - verifyElementPropertyValue(getResponse, "offers[1].groups[0].pricingPlans[0].visualElements[3].value", "billed every month"): Verify element property value successfully

2023-10-16 14:14:22 - [MESSAGE][PASSED] - Verify element property value successfully

2023-10-16 14:14:22 - [TEST_STEP][PASSED] - verifyElementPropertyValue(getResponse, "offers[1].groups[0].pricingPlans[0].visualElements[6].key", "show_payment_logo"): Verify element property value successfully

2023-10-16 14:14:22 - [MESSAGE][PASSED] - Verify element property value successfully

2023-10-16 14:14:22 - [TEST_STEP][PASSED] - verifyElementPropertyValue(getResponse, "offers[1].groups[0].pricingPlans[0].visualElements[6].value", "true"): Verify element property value successfully

2023-10-16 14:14:22 - [MESSAGE][PASSED] - Verify element property value successfully

2023-10-16 14:14:22 - [TEST_STEP][PASSED] - verifyElementPropertyValue(getResponse, "offers[1].groups[0].pricingPlans[0].visualElements[8].key", "price"): Verify element property value successfully

2023-10-16 14:14:22 - [MESSAGE][PASSED] - Verify element property value successfully

2023-10-16 14:14:22 - [TEST_STEP][PASSED] - verifyElementPropertyValue(getResponse, "offers[1].groups[0].pricingPlans[0].visualElements[8].value", "2.39"): Verify element property value successfully

2023-10-16 14:14:22 - [MESSAGE][PASSED] - Verify element property value successfully

2023-10-16 14:14:22 - [TEST_STEP][PASSED] - verifyElementPropertyValue(getResponse, "offers[1].groups[0].pricingPlans[0].visualElements[9].key", "currency"): Verify element property value successfully

2023-10-16 14:14:22 - [MESSAGE][PASSED] - Verify element property value successfully

2023-10-16 14:14:22 - [TEST_STEP][PASSED] - verifyElementPropertyValue(getResponse, "offers[1].groups[0].pricingPlans[0].visualElements[9].value", "BHD"): Verify element property value successfully

2023-10-16 14:14:22 - [MESSAGE][PASSED] - Verify element property value successfully

2023-10-16 14:14:22 - [TEST_STEP][PASSED] - verifyElementPropertyValue(getResponse, "offers[1].groups[0].pricingPlans[0].visualElements[10].key", "duration"): Verify element property value successfully

2023-10-16 14:14:22 - [MESSAGE][PASSED] - Verify element property value successfully

2023-10-16 14:14:22 - [TEST_STEP][PASSED] - verifyElementPropertyValue(getResponse, "offers[1].groups[0].pricingPlans[0].visualElements[10].value", "Monthly"): Verify element property value successfully

2023-10-16 14:14:22 - [MESSAGE][PASSED] - Verify element property value successfully

2023-10-16 14:14:22 - [TEST_STEP][PASSED] - verifyElementPropertyValue(getResponse, "offers[1].groups[0].pricingPlans[0].visualElements[11].key", "featured_tag_text"): Verify element property value successfully

2023-10-16 14:14:22 - [MESSAGE][PASSED] - Verify element property value successfully

2023-10-16 14:14:22 - [TEST_STEP][PASSED] - verifyElementPropertyValue(getResponse, "offers[1].groups[0].pricingPlans[0].visualElements[11].value", "Limited Time Offer"): Verify element property value successfully

2023-10-16 14:14:22 - [MESSAGE][PASSED] - Verify element property value successfully

2023-10-16 14:14:22 - [TEST_STEP][PASSED] - verifyElementPropertyValue(getResponse, "offers[1].groups[0].pricingPlans[0].visualElements[13].key", "tag_text"): Verify element property value successfully

2023-10-16 14:14:22 - [MESSAGE][PASSED] - Verify element property value successfully

2023-10-16 14:14:22 - [TEST_STEP][PASSED] - verifyElementPropertyValue(getResponse, "offers[1].groups[0].pricingPlans[0].visualElements[13].value", "Save 40%"): Verify element property value successfully

2023-10-16 14:14:22 - [MESSAGE][PASSED] - Verify element property value successfully

2023-10-16 14:14:22 - [TEST_STEP][PASSED] - verifyElementPropertyValue(getResponse, "offers[1].groups[0].pricingPlans[0].visualElements[12].key", "show_tag"): Verify element property value successfully

2023-10-16 14:14:22 - [MESSAGE][PASSED] - Verify element property value successfully

2023-10-16 14:14:22 - [TEST_STEP][PASSED] - verifyElementPropertyValue(getResponse, "offers[1].groups[0].pricingPlans[0].visualElements[12].value", "true"): Verify element property value successfully

2023-10-16 14:14:22 - [MESSAGE][PASSED] - Verify element property value successfully

2023-10-16 14:14:22 - [TEST_STEP][PASSED] - verifyElementPropertyValue(getResponse, "offers[1].groups[0].pricingPlans[0].pricingPlanData[0].productId", "BHR_B2C_SHAHID_VIP_1M"): Verify element property value successfully

2023-10-16 14:14:22 - [MESSAGE][PASSED] - Verify element property value successfully

2023-10-16 14:14:22 - [TEST_STEP][PASSED] - verifyElementPropertyValue(getResponse, "offers[1].groups[0].pricingPlans[0].pricingPlanData[0].paymentMethod", "CREDIT_CARD"): Verify element property value successfully

2023-10-16 14:14:22 - [MESSAGE][PASSED] - Verify element property value successfully

2023-10-16 14:14:22 - [TEST_STEP][PASSED] - verifyElementPropertyValue(getResponse, "offers[1].groups[0].pricingPlans[0].pricingPlanData[0].freeTrialEnabled", "false"): Verify element property value successfully

2023-10-16 14:14:22 - [MESSAGE][PASSED] - Verify element property value successfully

2023-10-16 14:14:22 - [TEST_STEP][PASSED] - verifyElementPropertyValue(getResponse, "offers[1].groups[0].pricingPlans[0].pricingPlanData[0].showIn[0]", "VERTICAL_MODE"): Verify element property value successfully

2023-10-16 14:14:22 - [MESSAGE][PASSED] - Verify element property value successfully

2023-10-16 14:14:22 - [TEST_STEP][PASSED] - verifyElementPropertyValue(getResponse, "offers[1].groups[0].pricingPlans[0].pricingPlanData[0].showIn[1]", "HORIZONTAL_MODE"): Verify element property value successfully

2023-10-16 14:14:22 - [MESSAGE][PASSED] - Verify element property value successfully

2023-10-16 14:14:22 - [TEST_STEP][PASSED] - verifyElementPropertyValue(getResponse, "offers[1].groups[0].pricingPlans[0].pricingPlanData[0].priceLabel", "2.39"): Verify element property value successfully

2023-10-16 14:14:22 - [MESSAGE][PASSED] - Verify element property value successfully

2023-10-16 14:14:22 - [TEST_STEP][PASSED] - verifyElementPropertyValue(getResponse, "offers[1].groups[0].pricingPlans[0].pricingPlanData[0].currencyLabel", "BHD"): Verify element property value successfully

2023-10-16 14:14:22 - [MESSAGE][PASSED] - Verify element property value successfully

2023-10-16 14:14:22 - [TEST_STEP][PASSED] - verifyElementPropertyValue(getResponse, "offers[1].groups[0].pricingPlans[0].pricingPlanData[0].dealId", "RE_40P_BHR"): Verify element property value successfully

2023-10-16 14:14:22 - [MESSAGE][PASSED] - Verify element property value successfully

2023-10-16 14:14:22 - [TEST_STEP][PASSED] - verifyElementPropertyValue(getResponse, "offers[1].groups[0].pricingPlans[0].pricingPlanData[0].allowedForAcquisition", "true"): Verify element property value successfully

2023-10-16 14:14:22 - [MESSAGE][PASSED] - Verify element property value successfully

2023-10-16 14:14:22 - [TEST_STEP][PASSED] - verifyElementPropertyValue(getResponse, "offers[1].groups[0].pricingPlans[0].pricingPlanData[0].visualElements[0].key", "title"): Verify element property value successfully

2023-10-16 14:14:22 - [MESSAGE][PASSED] - Verify element property value successfully

2023-10-16 14:14:22 - [TEST_STEP][PASSED] - verifyElementPropertyValue(getResponse, "offers[1].groups[0].pricingPlans[0].pricingPlanData[0].visualElements[0].value", "Credit/Debit Card"): Verify element property value successfully

2023-10-16 14:14:22 - [MESSAGE][PASSED] - Verify element property value successfully

2023-10-16 14:14:22 - [TEST_STEP][PASSED] - verifyElementPropertyValue(getResponse, "offers[1].groups[0].pricingPlans[0].pricingPlanData[0].visualElements[1].key", "CTA_text"): Verify element property value successfully

2023-10-16 14:14:22 - [MESSAGE][PASSED] - Verify element property value successfully

2023-10-16 14:14:22 - [TEST_STEP][PASSED] - verifyElementPropertyValue(getResponse, "offers[1].groups[0].pricingPlans[0].pricingPlanData[0].visualElements[1].value", "Subscribe"): Verify element property value successfully

2023-10-16 14:14:22 - [MESSAGE][PASSED] - Verify element property value successfully

2023-10-16 14:14:22 - [TEST_STEP][PASSED] - verifyElementPropertyValue(getResponse, "offers[1].groups[0].pricingPlans[0].pricingPlanData[0].visualElements[2].key", "logo"): Verify element property value successfully

2023-10-16 14:14:22 - [MESSAGE][PASSED] - Verify element property value successfully

2023-10-16 14:14:22 - [TEST_STEP][PASSED] - verifyElementPropertyValue(getResponse, "offers[1].groups[0].pricingPlans[0].pricingPlanData[0].visualElements[2].value", "https://static.s3.shahid.mbc.net/widget-images/icons/iconCreditCard.png"): Verify element property value successfully

2023-10-16 14:14:22 - [MESSAGE][PASSED] - Verify element property value successfully

2023-10-16 14:14:22 - [TEST_STEP][PASSED] - verifyElementPropertyValue(getResponse, "offers[2].offerId", "winback-50-offer"): Verify element property value successfully

2023-10-16 14:14:22 - [MESSAGE][PASSED] - Verify element property value successfully

2023-10-16 14:14:22 - [TEST_STEP][PASSED] - verifyElementPropertyValue(getResponse, "offers[2].offerParam", "winback50"): Verify element property value successfully

2023-10-16 14:14:22 - [MESSAGE][PASSED] - Verify element property value successfully

2023-10-16 14:14:22 - [TEST_STEP][PASSED] - verifyElementPropertyValue(getResponse, "offers[2].groups[0].pricingPlans[0].featured", "true"): Verify element property value successfully

2023-10-16 14:14:22 - [MESSAGE][PASSED] - Verify element property value successfully

2023-10-16 14:14:22 - [TEST_STEP][PASSED] - verifyElementPropertyValue(getResponse, "offers[2].groups[0].pricingPlans[0].period", "monthly"): Verify element property value successfully

2023-10-16 14:14:22 - [MESSAGE][PASSED] - Verify element property value successfully

2023-10-16 14:14:22 - [TEST_STEP][PASSED] - verifyElementPropertyValue(getResponse, "offers[2].groups[0].pricingPlans[0].featured", "true"): Verify element property value successfully

2023-10-16 14:14:22 - [MESSAGE][PASSED] - Verify element property value successfully

2023-10-16 14:14:22 - [TEST_STEP][PASSED] - verifyElementPropertyValue(getResponse, "offers[2].groups[0].pricingPlans[0].price", "1.99"): Verify element property value successfully

2023-10-16 14:14:22 - [MESSAGE][PASSED] - Verify element property value successfully

2023-10-16 14:14:22 - [TEST_STEP][PASSED] - verifyElementPropertyValue(getResponse, "offers[2].groups[0].pricingPlans[0].currency", "BHD"): Verify element property value successfully

2023-10-16 14:14:22 - [MESSAGE][PASSED] - Verify element property value successfully

2023-10-16 14:14:22 - [TEST_STEP][PASSED] - verifyElementPropertyValue(getResponse, "offers[2].groups[0].pricingPlans[0].order", "0"): Verify element property value successfully

2023-10-16 14:14:22 - [MESSAGE][PASSED] - Verify element property value successfully

2023-10-16 14:14:22 - [TEST_STEP][PASSED] - verifyElementPropertyValue(getResponse, "offers[2].groups[0].pricingPlans[0].packageId", "SHAHID_VIP"): Verify element property value successfully

2023-10-16 14:14:22 - [MESSAGE][PASSED] - Verify element property value successfully

2023-10-16 14:14:22 - [TEST_STEP][PASSED] - verifyElementPropertyValue(getResponse, "offers[2].groups[0].pricingPlans[0].catalogId", "VIP"): Verify element property value successfully

2023-10-16 14:14:22 - [MESSAGE][PASSED] - Verify element property value successfully

2023-10-16 14:14:22 - [TEST_STEP][PASSED] - verifyElementPropertyValue(getResponse, "offers[2].groups[0].pricingPlans[0].visualElements[0].key", "Header_1_text"): Verify element property value successfully

2023-10-16 14:14:22 - [MESSAGE][PASSED] - Verify element property value successfully

2023-10-16 14:14:22 - [TEST_STEP][PASSED] - verifyElementPropertyValue(getResponse, "offers[2].groups[0].pricingPlans[0].visualElements[0].value", "Watch the most powerful series and movies exclusively without stopping"): Verify element property value successfully

2023-10-16 14:14:22 - [MESSAGE][PASSED] - Verify element property value successfully

2023-10-16 14:14:22 - [TEST_STEP][PASSED] - verifyElementPropertyValue(getResponse, "offers[2].groups[0].pricingPlans[0].visualElements[1].key", "display_title"): Verify element property value successfully

2023-10-16 14:14:22 - [MESSAGE][PASSED] - Verify element property value successfully

2023-10-16 14:14:22 - [TEST_STEP][FAILED] - verifyElementPropertyValue(getResponse, "offers[2].groups[0].pricingPlans[0].visualElements[1].value", "50% Discount Offer"): Expected element property value '50% Discount Offer' is not equal with actual property value '50% Discount Offer​'

2023-10-16 14:14:22 - [MESSAGE][FAILED] - Expected element property value '50% Discount Offer' is not equal with actual property value '50% Discount Offer​'

2023-10-16 14:14:22 - [TEST_STEP][PASSED] - verifyElementPropertyValue(getResponse, "offers[2].groups[0].pricingPlans[0].visualElements[3].key", "deduction_text"): Verify element property value successfully

2023-10-16 14:14:22 - [MESSAGE][PASSED] - Verify element property value successfully

2023-10-16 14:14:22 - [TEST_STEP][PASSED] - verifyElementPropertyValue(getResponse, "offers[2].groups[0].pricingPlans[0].visualElements[3].value", "billed every month"): Verify element property value successfully

2023-10-16 14:14:22 - [MESSAGE][PASSED] - Verify element property value successfully

2023-10-16 14:14:22 - [TEST_STEP][PASSED] - verifyElementPropertyValue(getResponse, "offers[2].groups[0].pricingPlans[0].visualElements[6].key", "show_payment_logo"): Verify element property value successfully

2023-10-16 14:14:22 - [MESSAGE][PASSED] - Verify element property value successfully

2023-10-16 14:14:22 - [TEST_STEP][PASSED] - verifyElementPropertyValue(getResponse, "offers[2].groups[0].pricingPlans[0].visualElements[6].value", "true"): Verify element property value successfully

2023-10-16 14:14:22 - [MESSAGE][PASSED] - Verify element property value successfully

2023-10-16 14:14:22 - [TEST_STEP][PASSED] - verifyElementPropertyValue(getResponse, "offers[2].groups[0].pricingPlans[0].visualElements[8].key", "price"): Verify element property value successfully

2023-10-16 14:14:22 - [MESSAGE][PASSED] - Verify element property value successfully

2023-10-16 14:14:22 - [TEST_STEP][PASSED] - verifyElementPropertyValue(getResponse, "offers[2].groups[0].pricingPlans[0].visualElements[8].value", "1.99"): Verify element property value successfully

2023-10-16 14:14:22 - [MESSAGE][PASSED] - Verify element property value successfully

2023-10-16 14:14:22 - [TEST_STEP][PASSED] - verifyElementPropertyValue(getResponse, "offers[2].groups[0].pricingPlans[0].visualElements[9].key", "currency"): Verify element property value successfully

2023-10-16 14:14:22 - [MESSAGE][PASSED] - Verify element property value successfully

2023-10-16 14:14:22 - [TEST_STEP][PASSED] - verifyElementPropertyValue(getResponse, "offers[2].groups[0].pricingPlans[0].visualElements[9].value", "BHD"): Verify element property value successfully

2023-10-16 14:14:22 - [MESSAGE][PASSED] - Verify element property value successfully

2023-10-16 14:14:22 - [TEST_STEP][PASSED] - verifyElementPropertyValue(getResponse, "offers[2].groups[0].pricingPlans[0].visualElements[10].key", "duration"): Verify element property value successfully

2023-10-16 14:14:22 - [MESSAGE][PASSED] - Verify element property value successfully

2023-10-16 14:14:22 - [TEST_STEP][PASSED] - verifyElementPropertyValue(getResponse, "offers[2].groups[0].pricingPlans[0].visualElements[10].value", "Monthly"): Verify element property value successfully

2023-10-16 14:14:22 - [MESSAGE][PASSED] - Verify element property value successfully

2023-10-16 14:14:22 - [TEST_STEP][PASSED] - verifyElementPropertyValue(getResponse, "offers[2].groups[0].pricingPlans[0].visualElements[11].key", "featured_tag_text"): Verify element property value successfully

2023-10-16 14:14:22 - [MESSAGE][PASSED] - Verify element property value successfully

2023-10-16 14:14:22 - [TEST_STEP][PASSED] - verifyElementPropertyValue(getResponse, "offers[2].groups[0].pricingPlans[0].visualElements[11].value", "Limited Time Offer"): Verify element property value successfully

2023-10-16 14:14:22 - [MESSAGE][PASSED] - Verify element property value successfully

2023-10-16 14:14:22 - [TEST_STEP][PASSED] - verifyElementPropertyValue(getResponse, "offers[2].groups[0].pricingPlans[0].visualElements[13].key", "tag_text"): Verify element property value successfully

2023-10-16 14:14:22 - [MESSAGE][PASSED] - Verify element property value successfully

2023-10-16 14:14:22 - [TEST_STEP][PASSED] - verifyElementPropertyValue(getResponse, "offers[2].groups[0].pricingPlans[0].visualElements[13].value", "Save 50%"): Verify element property value successfully

2023-10-16 14:14:22 - [MESSAGE][PASSED] - Verify element property value successfully

2023-10-16 14:14:22 - [TEST_STEP][PASSED] - verifyElementPropertyValue(getResponse, "offers[2].groups[0].pricingPlans[0].visualElements[12].key", "show_tag"): Verify element property value successfully

2023-10-16 14:14:22 - [MESSAGE][PASSED] - Verify element property value successfully

2023-10-16 14:14:22 - [TEST_STEP][PASSED] - verifyElementPropertyValue(getResponse, "offers[2].groups[0].pricingPlans[0].visualElements[12].value", "true"): Verify element property value successfully

2023-10-16 14:14:22 - [MESSAGE][PASSED] - Verify element property value successfully

2023-10-16 14:14:22 - [TEST_STEP][PASSED] - verifyElementPropertyValue(getResponse, "offers[2].groups[0].pricingPlans[0].pricingPlanData[0].productId", "BHR_B2C_SHAHID_VIP_1M"): Verify element property value successfully

2023-10-16 14:14:22 - [MESSAGE][PASSED] - Verify element property value successfully

2023-10-16 14:14:22 - [TEST_STEP][PASSED] - verifyElementPropertyValue(getResponse, "offers[2].groups[0].pricingPlans[0].pricingPlanData[0].paymentMethod", "CREDIT_CARD"): Verify element property value successfully

2023-10-16 14:14:22 - [MESSAGE][PASSED] - Verify element property value successfully

2023-10-16 14:14:22 - [TEST_STEP][PASSED] - verifyElementPropertyValue(getResponse, "offers[2].groups[0].pricingPlans[0].pricingPlanData[0].freeTrialEnabled", "false"): Verify element property value successfully

2023-10-16 14:14:22 - [MESSAGE][PASSED] - Verify element property value successfully

2023-10-16 14:14:22 - [TEST_STEP][PASSED] - verifyElementPropertyValue(getResponse, "offers[2].groups[0].pricingPlans[0].pricingPlanData[0].showIn[0]", "VERTICAL_MODE"): Verify element property value successfully

2023-10-16 14:14:22 - [MESSAGE][PASSED] - Verify element property value successfully

2023-10-16 14:14:22 - [TEST_STEP][PASSED] - verifyElementPropertyValue(getResponse, "offers[2].groups[0].pricingPlans[0].pricingPlanData[0].showIn[1]", "HORIZONTAL_MODE"): Verify element property value successfully

2023-10-16 14:14:22 - [MESSAGE][PASSED] - Verify element property value successfully

2023-10-16 14:14:22 - [TEST_STEP][PASSED] - verifyElementPropertyValue(getResponse, "offers[2].groups[0].pricingPlans[0].pricingPlanData[0].priceLabel", "1.99"): Verify element property value successfully

2023-10-16 14:14:22 - [MESSAGE][PASSED] - Verify element property value successfully

2023-10-16 14:14:22 - [TEST_STEP][PASSED] - verifyElementPropertyValue(getResponse, "offers[2].groups[0].pricingPlans[0].pricingPlanData[0].currencyLabel", "BHD"): Verify element property value successfully

2023-10-16 14:14:22 - [MESSAGE][PASSED] - Verify element property value successfully

2023-10-16 14:14:22 - [TEST_STEP][PASSED] - verifyElementPropertyValue(getResponse, "offers[2].groups[0].pricingPlans[0].pricingPlanData[0].dealId", "RE_50P_BHR"): Verify element property value successfully

2023-10-16 14:14:22 - [MESSAGE][PASSED] - Verify element property value successfully

2023-10-16 14:14:22 - [TEST_STEP][PASSED] - verifyElementPropertyValue(getResponse, "offers[2].groups[0].pricingPlans[0].pricingPlanData[0].allowedForAcquisition", "true"): Verify element property value successfully

2023-10-16 14:14:22 - [MESSAGE][PASSED] - Verify element property value successfully

2023-10-16 14:14:22 - [TEST_STEP][PASSED] - verifyElementPropertyValue(getResponse, "offers[2].groups[0].pricingPlans[0].pricingPlanData[0].visualElements[0].key", "title"): Verify element property value successfully

2023-10-16 14:14:22 - [MESSAGE][PASSED] - Verify element property value successfully

2023-10-16 14:14:22 - [TEST_STEP][PASSED] - verifyElementPropertyValue(getResponse, "offers[2].groups[0].pricingPlans[0].pricingPlanData[0].visualElements[0].value", "Credit/Debit Card"): Verify element property value successfully

2023-10-16 14:14:22 - [MESSAGE][PASSED] - Verify element property value successfully

2023-10-16 14:14:22 - [TEST_STEP][PASSED] - verifyElementPropertyValue(getResponse, "offers[2].groups[0].pricingPlans[0].pricingPlanData[0].visualElements[1].key", "CTA_text"): Verify element property value successfully

2023-10-16 14:14:22 - [MESSAGE][PASSED] - Verify element property value successfully

2023-10-16 14:14:22 - [TEST_STEP][PASSED] - verifyElementPropertyValue(getResponse, "offers[2].groups[0].pricingPlans[0].pricingPlanData[0].visualElements[1].value", "Subscribe"): Verify element property value successfully

2023-10-16 14:14:22 - [MESSAGE][PASSED] - Verify element property value successfully

2023-10-16 14:14:22 - [TEST_STEP][PASSED] - verifyElementPropertyValue(getResponse, "offers[2].groups[0].pricingPlans[0].pricingPlanData[0].visualElements[2].key", "logo"): Verify element property value successfully

2023-10-16 14:14:22 - [MESSAGE][PASSED] - Verify element property value successfully

2023-10-16 14:14:22 - [TEST_STEP][PASSED] - verifyElementPropertyValue(getResponse, "offers[2].groups[0].pricingPlans[0].pricingPlanData[0].visualElements[2].value", "https://static.s3.shahid.mbc.net/widget-images/icons/iconCreditCard.png"): Verify element property value successfully

2023-10-16 14:14:22 - [MESSAGE][PASSED] - Verify element property value successfully

2023-10-16 14:14:22 - [TEST_STEP][PASSED] - verifyElementPropertyValue(getResponse, "offers[8].offerId", "byg-30-offer"): Verify element property value successfully

2023-10-16 14:14:22 - [MESSAGE][PASSED] - Verify element property value successfully

2023-10-16 14:14:22 - [TEST_STEP][PASSED] - verifyElementPropertyValue(getResponse, "offers[8].offerParam", "bygoffer30"): Verify element property value successfully

2023-10-16 14:14:22 - [MESSAGE][PASSED] - Verify element property value successfully

2023-10-16 14:14:22 - [TEST_STEP][PASSED] - verifyElementPropertyValue(getResponse, "offers[8].groups[0].pricingPlans[0].featured", "true"): Verify element property value successfully

2023-10-16 14:14:22 - [MESSAGE][PASSED] - Verify element property value successfully

2023-10-16 14:14:22 - [TEST_STEP][PASSED] - verifyElementPropertyValue(getResponse, "offers[8].groups[0].pricingPlans[0].period", "monthly"): Verify element property value successfully

2023-10-16 14:14:22 - [MESSAGE][PASSED] - Verify element property value successfully

2023-10-16 14:14:22 - [TEST_STEP][PASSED] - verifyElementPropertyValue(getResponse, "offers[8].groups[0].pricingPlans[0].featured", "true"): Verify element property value successfully

2023-10-16 14:14:22 - [MESSAGE][PASSED] - Verify element property value successfully

2023-10-16 14:14:22 - [TEST_STEP][PASSED] - verifyElementPropertyValue(getResponse, "offers[8].groups[0].pricingPlans[0].price", "2.79"): Verify element property value successfully

2023-10-16 14:14:22 - [MESSAGE][PASSED] - Verify element property value successfully

2023-10-16 14:14:22 - [TEST_STEP][PASSED] - verifyElementPropertyValue(getResponse, "offers[8].groups[0].pricingPlans[0].currency", "BHD"): Verify element property value successfully

2023-10-16 14:14:22 - [MESSAGE][PASSED] - Verify element property value successfully

2023-10-16 14:14:22 - [TEST_STEP][PASSED] - verifyElementPropertyValue(getResponse, "offers[8].groups[0].pricingPlans[0].order", "0"): Verify element property value successfully

2023-10-16 14:14:22 - [MESSAGE][PASSED] - Verify element property value successfully

2023-10-16 14:14:22 - [TEST_STEP][PASSED] - verifyElementPropertyValue(getResponse, "offers[8].groups[0].pricingPlans[0].packageId", "SHAHID_VIP"): Verify element property value successfully

2023-10-16 14:14:23 - [MESSAGE][PASSED] - Verify element property value successfully

2023-10-16 14:14:23 - [TEST_STEP][PASSED] - verifyElementPropertyValue(getResponse, "offers[8].groups[0].pricingPlans[0].catalogId", "VIP"): Verify element property value successfully

2023-10-16 14:14:23 - [MESSAGE][PASSED] - Verify element property value successfully

2023-10-16 14:14:23 - [TEST_STEP][PASSED] - verifyElementPropertyValue(getResponse, "offers[8].groups[0].pricingPlans[0].visualElements[0].key", "Header_1_text"): Verify element property value successfully

2023-10-16 14:14:23 - [MESSAGE][PASSED] - Verify element property value successfully

2023-10-16 14:14:23 - [TEST_STEP][PASSED] - verifyElementPropertyValue(getResponse, "offers[8].groups[0].pricingPlans[0].visualElements[0].value", "Watch the most powerful series and movies exclusively without stopping"): Verify element property value successfully

2023-10-16 14:14:23 - [MESSAGE][PASSED] - Verify element property value successfully

2023-10-16 14:14:23 - [TEST_STEP][PASSED] - verifyElementPropertyValue(getResponse, "offers[8].groups[0].pricingPlans[0].visualElements[1].key", "display_title"): Verify element property value successfully

2023-10-16 14:14:23 - [MESSAGE][PASSED] - Verify element property value successfully

2023-10-16 14:14:23 - [TEST_STEP][FAILED] - verifyElementPropertyValue(getResponse, "offers[8].groups[0].pricingPlans[0].visualElements[1].value", "30% Discount Offer"): Expected element property value '30% Discount Offer' is not equal with actual property value '30% Discount Offer​'

2023-10-16 14:14:23 - [MESSAGE][FAILED] - Expected element property value '30% Discount Offer' is not equal with actual property value '30% Discount Offer​'

2023-10-16 14:14:23 - [TEST_STEP][PASSED] - verifyElementPropertyValue(getResponse, "offers[8].groups[0].pricingPlans[0].visualElements[3].key", "deduction_text"): Verify element property value successfully

2023-10-16 14:14:23 - [MESSAGE][PASSED] - Verify element property value successfully

2023-10-16 14:14:23 - [TEST_STEP][PASSED] - verifyElementPropertyValue(getResponse, "offers[8].groups[0].pricingPlans[0].visualElements[3].value", "billed every month"): Verify element property value successfully

2023-10-16 14:14:23 - [MESSAGE][PASSED] - Verify element property value successfully

2023-10-16 14:14:23 - [TEST_STEP][PASSED] - verifyElementPropertyValue(getResponse, "offers[8].groups[0].pricingPlans[0].visualElements[6].key", "show_payment_logo"): Verify element property value successfully

2023-10-16 14:14:23 - [MESSAGE][PASSED] - Verify element property value successfully

2023-10-16 14:14:23 - [TEST_STEP][PASSED] - verifyElementPropertyValue(getResponse, "offers[8].groups[0].pricingPlans[0].visualElements[6].value", "true"): Verify element property value successfully

2023-10-16 14:14:23 - [MESSAGE][PASSED] - Verify element property value successfully

2023-10-16 14:14:23 - [TEST_STEP][PASSED] - verifyElementPropertyValue(getResponse, "offers[8].groups[0].pricingPlans[0].visualElements[8].key", "price"): Verify element property value successfully

2023-10-16 14:14:23 - [MESSAGE][PASSED] - Verify element property value successfully

2023-10-16 14:14:23 - [TEST_STEP][PASSED] - verifyElementPropertyValue(getResponse, "offers[8].groups[0].pricingPlans[0].visualElements[8].value", "2.79"): Verify element property value successfully

2023-10-16 14:14:23 - [MESSAGE][PASSED] - Verify element property value successfully

2023-10-16 14:14:23 - [TEST_STEP][PASSED] - verifyElementPropertyValue(getResponse, "offers[8].groups[0].pricingPlans[0].visualElements[9].key", "currency"): Verify element property value successfully

2023-10-16 14:14:23 - [MESSAGE][PASSED] - Verify element property value successfully

2023-10-16 14:14:23 - [TEST_STEP][PASSED] - verifyElementPropertyValue(getResponse, "offers[8].groups[0].pricingPlans[0].visualElements[9].value", "BHD"): Verify element property value successfully

2023-10-16 14:14:23 - [MESSAGE][PASSED] - Verify element property value successfully

2023-10-16 14:14:23 - [TEST_STEP][PASSED] - verifyElementPropertyValue(getResponse, "offers[8].groups[0].pricingPlans[0].visualElements[10].key", "duration"): Verify element property value successfully

2023-10-16 14:14:23 - [MESSAGE][PASSED] - Verify element property value successfully

2023-10-16 14:14:23 - [TEST_STEP][PASSED] - verifyElementPropertyValue(getResponse, "offers[8].groups[0].pricingPlans[0].visualElements[10].value", "Monthly"): Verify element property value successfully

2023-10-16 14:14:23 - [MESSAGE][PASSED] - Verify element property value successfully

2023-10-16 14:14:23 - [TEST_STEP][PASSED] - verifyElementPropertyValue(getResponse, "offers[8].groups[0].pricingPlans[0].visualElements[11].key", "featured_tag_text"): Verify element property value successfully

2023-10-16 14:14:23 - [MESSAGE][PASSED] - Verify element property value successfully

2023-10-16 14:14:23 - [TEST_STEP][PASSED] - verifyElementPropertyValue(getResponse, "offers[8].groups[0].pricingPlans[0].visualElements[11].value", "Limited Time Offer"): Verify element property value successfully

2023-10-16 14:14:23 - [MESSAGE][PASSED] - Verify element property value successfully

2023-10-16 14:14:23 - [TEST_STEP][PASSED] - verifyElementPropertyValue(getResponse, "offers[8].groups[0].pricingPlans[0].visualElements[12].key", "show_tag"): Verify element property value successfully

2023-10-16 14:14:23 - [MESSAGE][PASSED] - Verify element property value successfully

2023-10-16 14:14:23 - [TEST_STEP][PASSED] - verifyElementPropertyValue(getResponse, "offers[8].groups[0].pricingPlans[0].visualElements[12].value", "true"): Verify element property value successfully

2023-10-16 14:14:23 - [MESSAGE][PASSED] - Verify element property value successfully

2023-10-16 14:14:23 - [TEST_STEP][PASSED] - verifyElementPropertyValue(getResponse, "offers[8].groups[0].pricingPlans[0].visualElements[13].key", "tag_text"): Verify element property value successfully

2023-10-16 14:14:23 - [MESSAGE][PASSED] - Verify element property value successfully

2023-10-16 14:14:23 - [TEST_STEP][PASSED] - verifyElementPropertyValue(getResponse, "offers[8].groups[0].pricingPlans[0].visualElements[13].value", "Save 30%"): Verify element property value successfully

2023-10-16 14:14:23 - [MESSAGE][PASSED] - Verify element property value successfully

2023-10-16 14:14:23 - [TEST_STEP][PASSED] - verifyElementPropertyValue(getResponse, "offers[8].groups[0].pricingPlans[0].pricingPlanData[0].productId", "BHR_B2C_SHAHID_VIP_1M"): Verify element property value successfully

2023-10-16 14:14:23 - [MESSAGE][PASSED] - Verify element property value successfully

2023-10-16 14:14:23 - [TEST_STEP][PASSED] - verifyElementPropertyValue(getResponse, "offers[8].groups[0].pricingPlans[0].pricingPlanData[0].paymentMethod", "CREDIT_CARD"): Verify element property value successfully

2023-10-16 14:14:23 - [MESSAGE][PASSED] - Verify element property value successfully

2023-10-16 14:14:23 - [TEST_STEP][PASSED] - verifyElementPropertyValue(getResponse, "offers[8].groups[0].pricingPlans[0].pricingPlanData[0].freeTrialEnabled", "false"): Verify element property value successfully

2023-10-16 14:14:23 - [MESSAGE][PASSED] - Verify element property value successfully

2023-10-16 14:14:23 - [TEST_STEP][PASSED] - verifyElementPropertyValue(getResponse, "offers[8].groups[0].pricingPlans[0].pricingPlanData[0].showIn[0]", "VERTICAL_MODE"): Verify element property value successfully

2023-10-16 14:14:23 - [MESSAGE][PASSED] - Verify element property value successfully

2023-10-16 14:14:23 - [TEST_STEP][PASSED] - verifyElementPropertyValue(getResponse, "offers[8].groups[0].pricingPlans[0].pricingPlanData[0].showIn[1]", "HORIZONTAL_MODE"): Verify element property value successfully

2023-10-16 14:14:23 - [MESSAGE][PASSED] - Verify element property value successfully

2023-10-16 14:14:23 - [TEST_STEP][PASSED] - verifyElementPropertyValue(getResponse, "offers[8].groups[0].pricingPlans[0].pricingPlanData[0].priceLabel", "2.79"): Verify element property value successfully

2023-10-16 14:14:23 - [MESSAGE][PASSED] - Verify element property value successfully

2023-10-16 14:14:23 - [TEST_STEP][PASSED] - verifyElementPropertyValue(getResponse, "offers[8].groups[0].pricingPlans[0].pricingPlanData[0].currencyLabel", "BHD"): Verify element property value successfully

2023-10-16 14:14:23 - [MESSAGE][PASSED] - Verify element property value successfully

2023-10-16 14:14:23 - [TEST_STEP][PASSED] - verifyElementPropertyValue(getResponse, "offers[8].groups[0].pricingPlans[0].pricingPlanData[0].dealId", "BYG_30P_BHR"): Verify element property value successfully

2023-10-16 14:14:23 - [MESSAGE][PASSED] - Verify element property value successfully

2023-10-16 14:14:23 - [TEST_STEP][PASSED] - verifyElementPropertyValue(getResponse, "offers[8].groups[0].pricingPlans[0].pricingPlanData[0].allowedForAcquisition", "true"): Verify element property value successfully

2023-10-16 14:14:23 - [MESSAGE][PASSED] - Verify element property value successfully

2023-10-16 14:14:23 - [TEST_STEP][PASSED] - verifyElementPropertyValue(getResponse, "offers[8].groups[0].pricingPlans[0].pricingPlanData[0].visualElements[0].key", "title"): Verify element property value successfully

2023-10-16 14:14:23 - [MESSAGE][PASSED] - Verify element property value successfully

2023-10-16 14:14:23 - [TEST_STEP][PASSED] - verifyElementPropertyValue(getResponse, "offers[8].groups[0].pricingPlans[0].pricingPlanData[0].visualElements[0].value", "Credit/Debit Card"): Verify element property value successfully

2023-10-16 14:14:23 - [MESSAGE][PASSED] - Verify element property value successfully

2023-10-16 14:14:23 - [TEST_STEP][PASSED] - verifyElementPropertyValue(getResponse, "offers[8].groups[0].pricingPlans[0].pricingPlanData[0].visualElements[1].key", "CTA_text"): Verify element property value successfully

2023-10-16 14:14:23 - [MESSAGE][PASSED] - Verify element property value successfully

2023-10-16 14:14:23 - [TEST_STEP][PASSED] - verifyElementPropertyValue(getResponse, "offers[8].groups[0].pricingPlans[0].pricingPlanData[0].visualElements[1].value", "Subscribe"): Verify element property value successfully

2023-10-16 14:14:23 - [MESSAGE][PASSED] - Verify element property value successfully

2023-10-16 14:14:23 - [TEST_STEP][PASSED] - verifyElementPropertyValue(getResponse, "offers[8].groups[0].pricingPlans[0].pricingPlanData[0].visualElements[2].key", "logo"): Verify element property value successfully

2023-10-16 14:14:23 - [MESSAGE][PASSED] - Verify element property value successfully

2023-10-16 14:14:23 - [TEST_STEP][PASSED] - verifyElementPropertyValue(getResponse, "offers[8].groups[0].pricingPlans[0].pricingPlanData[0].visualElements[2].value", "https://static.s3.shahid.mbc.net/widget-images/icons/iconCreditCard.png"): Verify element property value successfully

2023-10-16 14:14:23 - [MESSAGE][PASSED] - Verify element property value successfully

2023-10-16 14:14:23 - [TEST_STEP][PASSED] - verifyElementPropertyValue(getResponse, "offers[9].offerId", "byg-40-offer"): Verify element property value successfully

2023-10-16 14:14:23 - [MESSAGE][PASSED] - Verify element property value successfully

2023-10-16 14:14:23 - [TEST_STEP][PASSED] - verifyElementPropertyValue(getResponse, "offers[9].offerParam", "bygoffer40"): Verify element property value successfully

2023-10-16 14:14:23 - [MESSAGE][PASSED] - Verify element property value successfully

2023-10-16 14:14:23 - [TEST_STEP][PASSED] - verifyElementPropertyValue(getResponse, "offers[9].groups[0].pricingPlans[0].featured", "true"): Verify element property value successfully

2023-10-16 14:14:23 - [MESSAGE][PASSED] - Verify element property value successfully

2023-10-16 14:14:23 - [TEST_STEP][PASSED] - verifyElementPropertyValue(getResponse, "offers[9].groups[0].pricingPlans[0].period", "monthly"): Verify element property value successfully

2023-10-16 14:14:23 - [MESSAGE][PASSED] - Verify element property value successfully

2023-10-16 14:14:23 - [TEST_STEP][PASSED] - verifyElementPropertyValue(getResponse, "offers[9].groups[0].pricingPlans[0].featured", "true"): Verify element property value successfully

2023-10-16 14:14:23 - [MESSAGE][PASSED] - Verify element property value successfully

2023-10-16 14:14:23 - [TEST_STEP][PASSED] - verifyElementPropertyValue(getResponse, "offers[9].groups[0].pricingPlans[0].price", "2.39"): Verify element property value successfully

2023-10-16 14:14:23 - [MESSAGE][PASSED] - Verify element property value successfully

2023-10-16 14:14:23 - [TEST_STEP][PASSED] - verifyElementPropertyValue(getResponse, "offers[9].groups[0].pricingPlans[0].currency", "BHD"): Verify element property value successfully

2023-10-16 14:14:23 - [MESSAGE][PASSED] - Verify element property value successfully

2023-10-16 14:14:23 - [TEST_STEP][PASSED] - verifyElementPropertyValue(getResponse, "offers[9].groups[0].pricingPlans[0].order", "0"): Verify element property value successfully

2023-10-16 14:14:23 - [MESSAGE][PASSED] - Verify element property value successfully

2023-10-16 14:14:23 - [TEST_STEP][PASSED] - verifyElementPropertyValue(getResponse, "offers[9].groups[0].pricingPlans[0].packageId", "SHAHID_VIP"): Verify element property value successfully

2023-10-16 14:14:23 - [MESSAGE][PASSED] - Verify element property value successfully

2023-10-16 14:14:23 - [TEST_STEP][PASSED] - verifyElementPropertyValue(getResponse, "offers[9].groups[0].pricingPlans[0].catalogId", "VIP"): Verify element property value successfully

2023-10-16 14:14:23 - [MESSAGE][PASSED] - Verify element property value successfully

2023-10-16 14:14:23 - [TEST_STEP][PASSED] - verifyElementPropertyValue(getResponse, "offers[9].groups[0].pricingPlans[0].visualElements[0].key", "Header_1_text"): Verify element property value successfully

2023-10-16 14:14:23 - [MESSAGE][PASSED] - Verify element property value successfully

2023-10-16 14:14:23 - [TEST_STEP][PASSED] - verifyElementPropertyValue(getResponse, "offers[9].groups[0].pricingPlans[0].visualElements[0].value", "Watch the most powerful series and movies exclusively without stopping"): Verify element property value successfully

2023-10-16 14:14:23 - [MESSAGE][PASSED] - Verify element property value successfully

2023-10-16 14:14:23 - [TEST_STEP][PASSED] - verifyElementPropertyValue(getResponse, "offers[9].groups[0].pricingPlans[0].visualElements[1].key", "display_title"): Verify element property value successfully

2023-10-16 14:14:23 - [MESSAGE][PASSED] - Verify element property value successfully

2023-10-16 14:14:23 - [TEST_STEP][FAILED] - verifyElementPropertyValue(getResponse, "offers[9].groups[0].pricingPlans[0].visualElements[1].value", "40% Discount Offer"): Expected element property value '40% Discount Offer' is not equal with actual property value '40% Discount Offer​'

2023-10-16 14:14:23 - [MESSAGE][FAILED] - Expected element property value '40% Discount Offer' is not equal with actual property value '40% Discount Offer​'

2023-10-16 14:14:23 - [TEST_STEP][PASSED] - verifyElementPropertyValue(getResponse, "offers[9].groups[0].pricingPlans[0].visualElements[3].key", "deduction_text"): Verify element property value successfully

2023-10-16 14:14:23 - [MESSAGE][PASSED] - Verify element property value successfully

2023-10-16 14:14:23 - [TEST_STEP][PASSED] - verifyElementPropertyValue(getResponse, "offers[9].groups[0].pricingPlans[0].visualElements[3].value", "billed every month"): Verify element property value successfully

2023-10-16 14:14:23 - [MESSAGE][PASSED] - Verify element property value successfully

2023-10-16 14:14:23 - [TEST_STEP][PASSED] - verifyElementPropertyValue(getResponse, "offers[9].groups[0].pricingPlans[0].visualElements[6].key", "show_payment_logo"): Verify element property value successfully

2023-10-16 14:14:23 - [MESSAGE][PASSED] - Verify element property value successfully

2023-10-16 14:14:23 - [TEST_STEP][PASSED] - verifyElementPropertyValue(getResponse, "offers[9].groups[0].pricingPlans[0].visualElements[6].value", "true"): Verify element property value successfully

2023-10-16 14:14:23 - [MESSAGE][PASSED] - Verify element property value successfully

2023-10-16 14:14:23 - [TEST_STEP][PASSED] - verifyElementPropertyValue(getResponse, "offers[9].groups[0].pricingPlans[0].visualElements[8].key", "price"): Verify element property value successfully

2023-10-16 14:14:23 - [MESSAGE][PASSED] - Verify element property value successfully

2023-10-16 14:14:23 - [TEST_STEP][PASSED] - verifyElementPropertyValue(getResponse, "offers[9].groups[0].pricingPlans[0].visualElements[8].value", "2.39"): Verify element property value successfully

2023-10-16 14:14:23 - [MESSAGE][PASSED] - Verify element property value successfully

2023-10-16 14:14:23 - [TEST_STEP][PASSED] - verifyElementPropertyValue(getResponse, "offers[9].groups[0].pricingPlans[0].visualElements[9].key", "currency"): Verify element property value successfully

2023-10-16 14:14:23 - [MESSAGE][PASSED] - Verify element property value successfully

2023-10-16 14:14:23 - [TEST_STEP][PASSED] - verifyElementPropertyValue(getResponse, "offers[9].groups[0].pricingPlans[0].visualElements[9].value", "BHD"): Verify element property value successfully

2023-10-16 14:14:23 - [MESSAGE][PASSED] - Verify element property value successfully

2023-10-16 14:14:23 - [TEST_STEP][PASSED] - verifyElementPropertyValue(getResponse, "offers[9].groups[0].pricingPlans[0].visualElements[10].key", "duration"): Verify element property value successfully

2023-10-16 14:14:23 - [MESSAGE][PASSED] - Verify element property value successfully

2023-10-16 14:14:23 - [TEST_STEP][PASSED] - verifyElementPropertyValue(getResponse, "offers[9].groups[0].pricingPlans[0].visualElements[10].value", "Monthly"): Verify element property value successfully

2023-10-16 14:14:23 - [MESSAGE][PASSED] - Verify element property value successfully

2023-10-16 14:14:23 - [TEST_STEP][PASSED] - verifyElementPropertyValue(getResponse, "offers[9].groups[0].pricingPlans[0].visualElements[11].key", "featured_tag_text"): Verify element property value successfully

2023-10-16 14:14:23 - [MESSAGE][PASSED] - Verify element property value successfully

2023-10-16 14:14:23 - [TEST_STEP][PASSED] - verifyElementPropertyValue(getResponse, "offers[9].groups[0].pricingPlans[0].visualElements[11].value", "Limited Time Offer"): Verify element property value successfully

2023-10-16 14:14:23 - [MESSAGE][PASSED] - Verify element property value successfully

2023-10-16 14:14:23 - [TEST_STEP][PASSED] - verifyElementPropertyValue(getResponse, "offers[9].groups[0].pricingPlans[0].visualElements[13].key", "tag_text"): Verify element property value successfully

2023-10-16 14:14:23 - [MESSAGE][PASSED] - Verify element property value successfully

2023-10-16 14:14:23 - [TEST_STEP][PASSED] - verifyElementPropertyValue(getResponse, "offers[9].groups[0].pricingPlans[0].visualElements[13].value", "Save 40%"): Verify element property value successfully

2023-10-16 14:14:23 - [MESSAGE][PASSED] - Verify element property value successfully

2023-10-16 14:14:23 - [TEST_STEP][PASSED] - verifyElementPropertyValue(getResponse, "offers[9].groups[0].pricingPlans[0].visualElements[12].key", "show_tag"): Verify element property value successfully

2023-10-16 14:14:23 - [MESSAGE][PASSED] - Verify element property value successfully

2023-10-16 14:14:23 - [TEST_STEP][PASSED] - verifyElementPropertyValue(getResponse, "offers[9].groups[0].pricingPlans[0].visualElements[12].value", "true"): Verify element property value successfully

2023-10-16 14:14:23 - [MESSAGE][PASSED] - Verify element property value successfully

2023-10-16 14:14:23 - [TEST_STEP][PASSED] - verifyElementPropertyValue(getResponse, "offers[9].groups[0].pricingPlans[0].pricingPlanData[0].productId", "BHR_B2C_SHAHID_VIP_1M"): Verify element property value successfully

2023-10-16 14:14:23 - [MESSAGE][PASSED] - Verify element property value successfully

2023-10-16 14:14:23 - [TEST_STEP][PASSED] - verifyElementPropertyValue(getResponse, "offers[9].groups[0].pricingPlans[0].pricingPlanData[0].paymentMethod", "CREDIT_CARD"): Verify element property value successfully

2023-10-16 14:14:23 - [MESSAGE][PASSED] - Verify element property value successfully

2023-10-16 14:14:23 - [TEST_STEP][PASSED] - verifyElementPropertyValue(getResponse, "offers[9].groups[0].pricingPlans[0].pricingPlanData[0].freeTrialEnabled", "false"): Verify element property value successfully

2023-10-16 14:14:23 - [MESSAGE][PASSED] - Verify element property value successfully

2023-10-16 14:14:23 - [TEST_STEP][PASSED] - verifyElementPropertyValue(getResponse, "offers[9].groups[0].pricingPlans[0].pricingPlanData[0].showIn[0]", "VERTICAL_MODE"): Verify element property value successfully

2023-10-16 14:14:23 - [MESSAGE][PASSED] - Verify element property value successfully

2023-10-16 14:14:23 - [TEST_STEP][PASSED] - verifyElementPropertyValue(getResponse, "offers[9].groups[0].pricingPlans[0].pricingPlanData[0].showIn[1]", "HORIZONTAL_MODE"): Verify element property value successfully

2023-10-16 14:14:23 - [MESSAGE][PASSED] - Verify element property value successfully

2023-10-16 14:14:23 - [TEST_STEP][PASSED] - verifyElementPropertyValue(getResponse, "offers[9].groups[0].pricingPlans[0].pricingPlanData[0].priceLabel", "2.39"): Verify element property value successfully

2023-10-16 14:14:23 - [MESSAGE][PASSED] - Verify element property value successfully

2023-10-16 14:14:23 - [TEST_STEP][PASSED] - verifyElementPropertyValue(getResponse, "offers[9].groups[0].pricingPlans[0].pricingPlanData[0].currencyLabel", "BHD"): Verify element property value successfully

2023-10-16 14:14:23 - [MESSAGE][PASSED] - Verify element property value successfully

2023-10-16 14:14:23 - [TEST_STEP][PASSED] - verifyElementPropertyValue(getResponse, "offers[9].groups[0].pricingPlans[0].pricingPlanData[0].dealId", "BYG_40P_BHR"): Verify element property value successfully

2023-10-16 14:14:23 - [MESSAGE][PASSED] - Verify element property value successfully

2023-10-16 14:14:23 - [TEST_STEP][PASSED] - verifyElementPropertyValue(getResponse, "offers[9].groups[0].pricingPlans[0].pricingPlanData[0].allowedForAcquisition", "true"): Verify element property value successfully

2023-10-16 14:14:23 - [MESSAGE][PASSED] - Verify element property value successfully

2023-10-16 14:14:23 - [TEST_STEP][PASSED] - verifyElementPropertyValue(getResponse, "offers[9].groups[0].pricingPlans[0].pricingPlanData[0].visualElements[0].key", "title"): Verify element property value successfully

2023-10-16 14:14:23 - [MESSAGE][PASSED] - Verify element property value successfully

2023-10-16 14:14:23 - [TEST_STEP][PASSED] - verifyElementPropertyValue(getResponse, "offers[9].groups[0].pricingPlans[0].pricingPlanData[0].visualElements[0].value", "Credit/Debit Card"): Verify element property value successfully

2023-10-16 14:14:23 - [MESSAGE][PASSED] - Verify element property value successfully

2023-10-16 14:14:23 - [TEST_STEP][PASSED] - verifyElementPropertyValue(getResponse, "offers[9].groups[0].pricingPlans[0].pricingPlanData[0].visualElements[1].key", "CTA_text"): Verify element property value successfully

2023-10-16 14:14:23 - [MESSAGE][PASSED] - Verify element property value successfully

2023-10-16 14:14:23 - [TEST_STEP][PASSED] - verifyElementPropertyValue(getResponse, "offers[9].groups[0].pricingPlans[0].pricingPlanData[0].visualElements[1].value", "Subscribe"): Verify element property value successfully

2023-10-16 14:14:24 - [MESSAGE][PASSED] - Verify element property value successfully

2023-10-16 14:14:24 - [TEST_STEP][PASSED] - verifyElementPropertyValue(getResponse, "offers[9].groups[0].pricingPlans[0].pricingPlanData[0].visualElements[2].key", "logo"): Verify element property value successfully

2023-10-16 14:14:24 - [MESSAGE][PASSED] - Verify element property value successfully

2023-10-16 14:14:24 - [TEST_STEP][PASSED] - verifyElementPropertyValue(getResponse, "offers[9].groups[0].pricingPlans[0].pricingPlanData[0].visualElements[2].value", "https://static.s3.shahid.mbc.net/widget-images/icons/iconCreditCard.png"): Verify element property value successfully

2023-10-16 14:14:24 - [MESSAGE][PASSED] - Verify element property value successfully

2023-10-16 14:14:24 - [TEST_STEP][PASSED] - verifyElementPropertyValue(getResponse, "offers[10].offerId", "byg-50-offer"): Verify element property value successfully

2023-10-16 14:14:24 - [MESSAGE][PASSED] - Verify element property value successfully

2023-10-16 14:14:24 - [TEST_STEP][PASSED] - verifyElementPropertyValue(getResponse, "offers[10].offerParam", "bygoffer50"): Verify element property value successfully

2023-10-16 14:14:24 - [MESSAGE][PASSED] - Verify element property value successfully

2023-10-16 14:14:24 - [TEST_STEP][PASSED] - verifyElementPropertyValue(getResponse, "offers[10].groups[0].pricingPlans[0].featured", "true"): Verify element property value successfully

2023-10-16 14:14:24 - [MESSAGE][PASSED] - Verify element property value successfully

2023-10-16 14:14:24 - [TEST_STEP][PASSED] - verifyElementPropertyValue(getResponse, "offers[10].groups[0].pricingPlans[0].period", "monthly"): Verify element property value successfully

2023-10-16 14:14:24 - [MESSAGE][PASSED] - Verify element property value successfully

2023-10-16 14:14:24 - [TEST_STEP][PASSED] - verifyElementPropertyValue(getResponse, "offers[10].groups[0].pricingPlans[0].featured", "true"): Verify element property value successfully

2023-10-16 14:14:24 - [MESSAGE][PASSED] - Verify element property value successfully

2023-10-16 14:14:24 - [TEST_STEP][PASSED] - verifyElementPropertyValue(getResponse, "offers[10].groups[0].pricingPlans[0].price", "1.99"): Verify element property value successfully

2023-10-16 14:14:24 - [MESSAGE][PASSED] - Verify element property value successfully

2023-10-16 14:14:24 - [TEST_STEP][PASSED] - verifyElementPropertyValue(getResponse, "offers[10].groups[0].pricingPlans[0].currency", "BHD"): Verify element property value successfully

2023-10-16 14:14:24 - [MESSAGE][PASSED] - Verify element property value successfully

2023-10-16 14:14:24 - [TEST_STEP][PASSED] - verifyElementPropertyValue(getResponse, "offers[10].groups[0].pricingPlans[0].order", "0"): Verify element property value successfully

2023-10-16 14:14:24 - [MESSAGE][PASSED] - Verify element property value successfully

2023-10-16 14:14:24 - [TEST_STEP][PASSED] - verifyElementPropertyValue(getResponse, "offers[10].groups[0].pricingPlans[0].packageId", "SHAHID_VIP"): Verify element property value successfully

2023-10-16 14:14:24 - [MESSAGE][PASSED] - Verify element property value successfully

2023-10-16 14:14:24 - [TEST_STEP][PASSED] - verifyElementPropertyValue(getResponse, "offers[10].groups[0].pricingPlans[0].catalogId", "VIP"): Verify element property value successfully

2023-10-16 14:14:24 - [MESSAGE][PASSED] - Verify element property value successfully

2023-10-16 14:14:24 - [TEST_STEP][PASSED] - verifyElementPropertyValue(getResponse, "offers[10].groups[0].pricingPlans[0].visualElements[0].key", "Header_1_text"): Verify element property value successfully

2023-10-16 14:14:24 - [MESSAGE][PASSED] - Verify element property value successfully

2023-10-16 14:14:24 - [TEST_STEP][PASSED] - verifyElementPropertyValue(getResponse, "offers[10].groups[0].pricingPlans[0].visualElements[0].value", "Watch the most powerful series and movies exclusively without stopping"): Verify element property value successfully

2023-10-16 14:14:24 - [MESSAGE][PASSED] - Verify element property value successfully

2023-10-16 14:14:24 - [TEST_STEP][PASSED] - verifyElementPropertyValue(getResponse, "offers[10].groups[0].pricingPlans[0].visualElements[1].key", "display_title"): Verify element property value successfully

2023-10-16 14:14:24 - [MESSAGE][PASSED] - Verify element property value successfully

2023-10-16 14:14:24 - [TEST_STEP][FAILED] - verifyElementPropertyValue(getResponse, "offers[10].groups[0].pricingPlans[0].visualElements[1].value", "50% Discount Offer"): Expected element property value '50% Discount Offer' is not equal with actual property value '50% Discount Offer​'

2023-10-16 14:14:24 - [MESSAGE][FAILED] - Expected element property value '50% Discount Offer' is not equal with actual property value '50% Discount Offer​'

2023-10-16 14:14:24 - [TEST_STEP][PASSED] - verifyElementPropertyValue(getResponse, "offers[10].groups[0].pricingPlans[0].visualElements[3].key", "deduction_text"): Verify element property value successfully

2023-10-16 14:14:24 - [MESSAGE][PASSED] - Verify element property value successfully

2023-10-16 14:14:24 - [TEST_STEP][PASSED] - verifyElementPropertyValue(getResponse, "offers[10].groups[0].pricingPlans[0].visualElements[3].value", "billed every month"): Verify element property value successfully

2023-10-16 14:14:24 - [MESSAGE][PASSED] - Verify element property value successfully

2023-10-16 14:14:24 - [TEST_STEP][PASSED] - verifyElementPropertyValue(getResponse, "offers[10].groups[0].pricingPlans[0].visualElements[6].key", "show_payment_logo"): Verify element property value successfully

2023-10-16 14:14:24 - [MESSAGE][PASSED] - Verify element property value successfully

2023-10-16 14:14:24 - [TEST_STEP][PASSED] - verifyElementPropertyValue(getResponse, "offers[10].groups[0].pricingPlans[0].visualElements[6].value", "true"): Verify element property value successfully

2023-10-16 14:14:24 - [MESSAGE][PASSED] - Verify element property value successfully

2023-10-16 14:14:24 - [TEST_STEP][PASSED] - verifyElementPropertyValue(getResponse, "offers[10].groups[0].pricingPlans[0].visualElements[8].key", "price"): Verify element property value successfully

2023-10-16 14:14:24 - [MESSAGE][PASSED] - Verify element property value successfully

2023-10-16 14:14:24 - [TEST_STEP][PASSED] - verifyElementPropertyValue(getResponse, "offers[10].groups[0].pricingPlans[0].visualElements[8].value", "1.99"): Verify element property value successfully

2023-10-16 14:14:24 - [MESSAGE][PASSED] - Verify element property value successfully

2023-10-16 14:14:24 - [TEST_STEP][PASSED] - verifyElementPropertyValue(getResponse, "offers[10].groups[0].pricingPlans[0].visualElements[9].key", "currency"): Verify element property value successfully

2023-10-16 14:14:24 - [MESSAGE][PASSED] - Verify element property value successfully

2023-10-16 14:14:24 - [TEST_STEP][PASSED] - verifyElementPropertyValue(getResponse, "offers[10].groups[0].pricingPlans[0].visualElements[9].value", "BHD"): Verify element property value successfully

2023-10-16 14:14:24 - [MESSAGE][PASSED] - Verify element property value successfully

2023-10-16 14:14:24 - [TEST_STEP][PASSED] - verifyElementPropertyValue(getResponse, "offers[10].groups[0].pricingPlans[0].visualElements[10].key", "duration"): Verify element property value successfully

2023-10-16 14:14:24 - [MESSAGE][PASSED] - Verify element property value successfully

2023-10-16 14:14:24 - [TEST_STEP][PASSED] - verifyElementPropertyValue(getResponse, "offers[10].groups[0].pricingPlans[0].visualElements[10].value", "Monthly"): Verify element property value successfully

2023-10-16 14:14:24 - [MESSAGE][PASSED] - Verify element property value successfully

2023-10-16 14:14:24 - [TEST_STEP][PASSED] - verifyElementPropertyValue(getResponse, "offers[10].groups[0].pricingPlans[0].visualElements[11].key", "featured_tag_text"): Verify element property value successfully

2023-10-16 14:14:24 - [MESSAGE][PASSED] - Verify element property value successfully

2023-10-16 14:14:24 - [TEST_STEP][PASSED] - verifyElementPropertyValue(getResponse, "offers[10].groups[0].pricingPlans[0].visualElements[11].value", "Limited Time Offer"): Verify element property value successfully

2023-10-16 14:14:24 - [MESSAGE][PASSED] - Verify element property value successfully

2023-10-16 14:14:24 - [TEST_STEP][PASSED] - verifyElementPropertyValue(getResponse, "offers[10].groups[0].pricingPlans[0].visualElements[13].key", "tag_text"): Verify element property value successfully

2023-10-16 14:14:24 - [MESSAGE][PASSED] - Verify element property value successfully

2023-10-16 14:14:24 - [TEST_STEP][PASSED] - verifyElementPropertyValue(getResponse, "offers[10].groups[0].pricingPlans[0].visualElements[13].value", "Save 50%"): Verify element property value successfully

2023-10-16 14:14:24 - [MESSAGE][PASSED] - Verify element property value successfully

2023-10-16 14:14:24 - [TEST_STEP][PASSED] - verifyElementPropertyValue(getResponse, "offers[10].groups[0].pricingPlans[0].visualElements[12].key", "show_tag"): Verify element property value successfully

2023-10-16 14:14:24 - [MESSAGE][PASSED] - Verify element property value successfully

2023-10-16 14:14:24 - [TEST_STEP][PASSED] - verifyElementPropertyValue(getResponse, "offers[10].groups[0].pricingPlans[0].visualElements[12].value", "true"): Verify element property value successfully

2023-10-16 14:14:24 - [MESSAGE][PASSED] - Verify element property value successfully

2023-10-16 14:14:24 - [TEST_STEP][PASSED] - verifyElementPropertyValue(getResponse, "offers[10].groups[0].pricingPlans[0].pricingPlanData[0].productId", "BHR_B2C_SHAHID_VIP_1M"): Verify element property value successfully

2023-10-16 14:14:24 - [MESSAGE][PASSED] - Verify element property value successfully

2023-10-16 14:14:24 - [TEST_STEP][PASSED] - verifyElementPropertyValue(getResponse, "offers[10].groups[0].pricingPlans[0].pricingPlanData[0].paymentMethod", "CREDIT_CARD"): Verify element property value successfully

2023-10-16 14:14:24 - [MESSAGE][PASSED] - Verify element property value successfully

2023-10-16 14:14:24 - [TEST_STEP][PASSED] - verifyElementPropertyValue(getResponse, "offers[10].groups[0].pricingPlans[0].pricingPlanData[0].freeTrialEnabled", "false"): Verify element property value successfully

2023-10-16 14:14:24 - [MESSAGE][PASSED] - Verify element property value successfully

2023-10-16 14:14:24 - [TEST_STEP][PASSED] - verifyElementPropertyValue(getResponse, "offers[10].groups[0].pricingPlans[0].pricingPlanData[0].showIn[0]", "VERTICAL_MODE"): Verify element property value successfully

2023-10-16 14:14:24 - [MESSAGE][PASSED] - Verify element property value successfully

2023-10-16 14:14:24 - [TEST_STEP][PASSED] - verifyElementPropertyValue(getResponse, "offers[10].groups[0].pricingPlans[0].pricingPlanData[0].showIn[1]", "HORIZONTAL_MODE"): Verify element property value successfully

2023-10-16 14:14:24 - [MESSAGE][PASSED] - Verify element property value successfully

2023-10-16 14:14:24 - [TEST_STEP][PASSED] - verifyElementPropertyValue(getResponse, "offers[10].groups[0].pricingPlans[0].pricingPlanData[0].priceLabel", "1.99"): Verify element property value successfully

2023-10-16 14:14:24 - [MESSAGE][PASSED] - Verify element property value successfully

2023-10-16 14:14:24 - [TEST_STEP][PASSED] - verifyElementPropertyValue(getResponse, "offers[10].groups[0].pricingPlans[0].pricingPlanData[0].currencyLabel", "BHD"): Verify element property value successfully

2023-10-16 14:14:24 - [MESSAGE][PASSED] - Verify element property value successfully

2023-10-16 14:14:24 - [TEST_STEP][PASSED] - verifyElementPropertyValue(getResponse, "offers[10].groups[0].pricingPlans[0].pricingPlanData[0].dealId", "BYG_50P_BHR"): Verify element property value successfully

2023-10-16 14:14:24 - [MESSAGE][PASSED] - Verify element property value successfully

2023-10-16 14:14:24 - [TEST_STEP][PASSED] - verifyElementPropertyValue(getResponse, "offers[10].groups[0].pricingPlans[0].pricingPlanData[0].allowedForAcquisition", "true"): Verify element property value successfully

2023-10-16 14:14:24 - [MESSAGE][PASSED] - Verify element property value successfully

2023-10-16 14:14:24 - [TEST_STEP][PASSED] - verifyElementPropertyValue(getResponse, "offers[10].groups[0].pricingPlans[0].pricingPlanData[0].visualElements[0].key", "title"): Verify element property value successfully

2023-10-16 14:14:24 - [MESSAGE][PASSED] - Verify element property value successfully

2023-10-16 14:14:24 - [TEST_STEP][PASSED] - verifyElementPropertyValue(getResponse, "offers[10].groups[0].pricingPlans[0].pricingPlanData[0].visualElements[0].value", "Credit/Debit Card"): Verify element property value successfully

2023-10-16 14:14:24 - [MESSAGE][PASSED] - Verify element property value successfully

2023-10-16 14:14:24 - [TEST_STEP][PASSED] - verifyElementPropertyValue(getResponse, "offers[10].groups[0].pricingPlans[0].pricingPlanData[0].visualElements[1].key", "CTA_text"): Verify element property value successfully

2023-10-16 14:14:24 - [MESSAGE][PASSED] - Verify element property value successfully

2023-10-16 14:14:24 - [TEST_STEP][PASSED] - verifyElementPropertyValue(getResponse, "offers[10].groups[0].pricingPlans[0].pricingPlanData[0].visualElements[1].value", "Subscribe"): Verify element property value successfully

2023-10-16 14:14:24 - [MESSAGE][PASSED] - Verify element property value successfully

2023-10-16 14:14:24 - [TEST_STEP][PASSED] - verifyElementPropertyValue(getResponse, "offers[10].groups[0].pricingPlans[0].pricingPlanData[0].visualElements[2].key", "logo"): Verify element property value successfully

2023-10-16 14:14:24 - [MESSAGE][PASSED] - Verify element property value successfully

2023-10-16 14:14:24 - [TEST_STEP][PASSED] - verifyElementPropertyValue(getResponse, "offers[10].groups[0].pricingPlans[0].pricingPlanData[0].visualElements[2].value", "https://static.s3.shahid.mbc.net/widget-images/icons/iconCreditCard.png"): Verify element property value successfully

2023-10-16 14:14:24 - [MESSAGE][PASSED] - Verify element property value successfully]]></system-out>
         <system-err><![CDATA[2023-10-16 14:14:20 - [TEST_CASE][FAILED] - Test Cases/WEB - CHROME/BHR PI/WEB_EN_getOffersForBHR_VIP: Test Cases/WEB - CHROME/BHR PI/WEB_EN_getOffersForBHR_VIP FAILED.
Reason:
com.kms.katalon.core.exception.StepFailedException: Expected element property value '30% Discount Offer' is not equal with actual property value '30% Discount Offer​'
	at com.kms.katalon.core.keyword.internal.KeywordMain.stepFailed(KeywordMain.groovy:39)
	at com.kms.katalon.core.webservice.keyword.builtin.VerifyElementPropertyValueKeyword$_verifyElementPropertyValue_closure1.doCall(VerifyElementPropertyValueKeyword.groovy:56)
	at com.kms.katalon.core.webservice.keyword.builtin.VerifyElementPropertyValueKeyword$_verifyElementPropertyValue_closure1.call(VerifyElementPropertyValueKeyword.groovy)
	at com.kms.katalon.core.keyword.internal.KeywordMain.runKeyword(KeywordMain.groovy:75)
	at com.kms.katalon.core.webservice.keyword.builtin.VerifyElementPropertyValueKeyword.verifyElementPropertyValue(VerifyElementPropertyValueKeyword.groovy:48)
	at com.kms.katalon.core.webservice.keyword.builtin.VerifyElementPropertyValueKeyword.execute(VerifyElementPropertyValueKeyword.groovy:43)
	at com.kms.katalon.core.keyword.internal.KeywordExecutor.executeKeywordForPlatform(KeywordExecutor.groovy:74)
	at com.kms.katalon.core.webservice.keyword.WSBuiltInKeywords.verifyElementPropertyValue(WSBuiltInKeywords.groovy:190)
	at com.kms.katalon.core.webservice.keyword.WSBuiltInKeywords$verifyElementPropertyValue$1.call(Unknown Source)
	at WEB_EN_getOffersForBHR_VIP.run(WEB_EN_getOffersForBHR_VIP:60)
	at com.kms.katalon.core.main.ScriptEngine.run(ScriptEngine.java:194)
	at com.kms.katalon.core.main.ScriptEngine.runScriptAsRawText(ScriptEngine.java:119)
	at com.kms.katalon.core.main.TestCaseExecutor.runScript(TestCaseExecutor.java:448)
	at com.kms.katalon.core.main.TestCaseExecutor.doExecute(TestCaseExecutor.java:439)
	at com.kms.katalon.core.main.TestCaseExecutor.processExecutionPhase(TestCaseExecutor.java:418)
	at com.kms.katalon.core.main.TestCaseExecutor.accessMainPhase(TestCaseExecutor.java:410)
	at com.kms.katalon.core.main.TestCaseExecutor.execute(TestCaseExecutor.java:285)
	at com.kms.katalon.core.common.CommonExecutor.accessTestCaseMainPhase(CommonExecutor.java:65)
	at com.kms.katalon.core.main.TestSuiteExecutor.accessTestSuiteMainPhase(TestSuiteExecutor.java:148)
	at com.kms.katalon.core.main.TestSuiteExecutor.execute(TestSuiteExecutor.java:106)
	at com.kms.katalon.core.main.TestCaseMain.startTestSuite(TestCaseMain.java:187)
	at com.kms.katalon.core.main.TestCaseMain$startTestSuite$0.call(Unknown Source)
	at TempTestSuite1697454209021.run(TempTestSuite1697454209021.groovy:36)]]></system-err>
      </testcase>
      <testcase name="Test Cases/WEB - CHROME/BHR PI/WEB_FR_getOffersForBHR_SPORT" time="3.612" classname="Test Cases/WEB - CHROME/BHR PI/WEB_FR_getOffersForBHR_SPORT" status="PASSED">
         <system-out><![CDATA[2023-10-16 14:14:24 - [TEST_CASE][PASSED] - Test Cases/WEB - CHROME/BHR PI/WEB_FR_getOffersForBHR_SPORT: Test Cases/WEB - CHROME/BHR PI/WEB_FR_getOffersForBHR_SPORT

2023-10-16 14:14:24 - [TEST_STEP][PASSED] - getResponse = config_files.getConfigFile.getConfig("WEB", "FR", "SHAHID_VIP_SPORT", "BH", "false"): config_files.getConfigFile.getConfig is PASSED

2023-10-16 14:14:25 - [MESSAGE][INFO] - HAR: /Users/admin/git/shahid-configuration/Reports/20231016_140310/WEB/BHR/20231016_140329/requests/main/8.har

2023-10-16 14:14:25 - [MESSAGE][PASSED] - Send request successfully

2023-10-16 14:14:25 - [MESSAGE][PASSED] - config_files.getConfigFile.getConfig is PASSED

2023-10-16 14:14:25 - [TEST_STEP][PASSED] - verifyResponseStatusCode(getResponse, 200): Verify response status code successfully

2023-10-16 14:14:25 - [MESSAGE][PASSED] - Verify response status code successfully

2023-10-16 14:14:25 - [TEST_STEP][PASSED] - verifyElementPropertyValue(getResponse, "country", "BHR"): Verify element property value successfully

2023-10-16 14:14:25 - [MESSAGE][PASSED] - Verify element property value successfully

2023-10-16 14:14:25 - [TEST_STEP][PASSED] - verifyElementPropertyValue(getResponse, "platform", "[WEB]"): Verify element property value successfully

2023-10-16 14:14:25 - [MESSAGE][PASSED] - Verify element property value successfully

2023-10-16 14:14:25 - [TEST_STEP][PASSED] - verifyElementPropertyValue(getResponse, "offers[5].offerId", "winback-sport-30-offer"): Verify element property value successfully

2023-10-16 14:14:25 - [MESSAGE][PASSED] - Verify element property value successfully

2023-10-16 14:14:25 - [TEST_STEP][PASSED] - verifyElementPropertyValue(getResponse, "offers[5].offerParam", "sportsoffer30"): Verify element property value successfully

2023-10-16 14:14:25 - [MESSAGE][PASSED] - Verify element property value successfully

2023-10-16 14:14:25 - [TEST_STEP][PASSED] - verifyElementPropertyValue(getResponse, "offers[5].groups[0].pricingPlans[0].featured", "true"): Verify element property value successfully

2023-10-16 14:14:25 - [MESSAGE][PASSED] - Verify element property value successfully

2023-10-16 14:14:25 - [TEST_STEP][PASSED] - verifyElementPropertyValue(getResponse, "offers[5].groups[0].pricingPlans[0].period", "monthly"): Verify element property value successfully

2023-10-16 14:14:25 - [MESSAGE][PASSED] - Verify element property value successfully

2023-10-16 14:14:25 - [TEST_STEP][PASSED] - verifyElementPropertyValue(getResponse, "offers[5].groups[0].pricingPlans[0].featured", "true"): Verify element property value successfully

2023-10-16 14:14:25 - [MESSAGE][PASSED] - Verify element property value successfully

2023-10-16 14:14:25 - [TEST_STEP][PASSED] - verifyElementPropertyValue(getResponse, "offers[5].groups[0].pricingPlans[0].price", "4.89"): Verify element property value successfully

2023-10-16 14:14:25 - [MESSAGE][PASSED] - Verify element property value successfully

2023-10-16 14:14:25 - [TEST_STEP][PASSED] - verifyElementPropertyValue(getResponse, "offers[5].groups[0].pricingPlans[0].currency", "BHD"): Verify element property value successfully

2023-10-16 14:14:25 - [MESSAGE][PASSED] - Verify element property value successfully

2023-10-16 14:14:25 - [TEST_STEP][PASSED] - verifyElementPropertyValue(getResponse, "offers[5].groups[0].pricingPlans[0].order", "0"): Verify element property value successfully

2023-10-16 14:14:25 - [MESSAGE][PASSED] - Verify element property value successfully

2023-10-16 14:14:25 - [TEST_STEP][PASSED] - verifyElementPropertyValue(getResponse, "offers[5].groups[0].pricingPlans[0].packageId", "SHAHID_VIP_SPORT"): Verify element property value successfully

2023-10-16 14:14:25 - [MESSAGE][PASSED] - Verify element property value successfully

2023-10-16 14:14:25 - [TEST_STEP][PASSED] - verifyElementPropertyValue(getResponse, "offers[5].groups[0].pricingPlans[0].catalogId", "SPORT"): Verify element property value successfully

2023-10-16 14:14:25 - [MESSAGE][PASSED] - Verify element property value successfully

2023-10-16 14:14:25 - [TEST_STEP][PASSED] - verifyElementPropertyValue(getResponse, "offers[5].groups[0].pricingPlans[0].visualElements[0].key", "Header_1_text"): Verify element property value successfully

2023-10-16 14:14:25 - [MESSAGE][PASSED] - Verify element property value successfully

2023-10-16 14:14:25 - [TEST_STEP][PASSED] - verifyElementPropertyValue(getResponse, "offers[5].groups[0].pricingPlans[0].visualElements[0].value", "Abonnez-vous dès maintenant et profitez de vos programmes sans publicité"): Verify element property value successfully

2023-10-16 14:14:25 - [MESSAGE][PASSED] - Verify element property value successfully

2023-10-16 14:14:25 - [TEST_STEP][PASSED] - verifyElementPropertyValue(getResponse, "offers[5].groups[0].pricingPlans[0].visualElements[1].key", "display_title"): Verify element property value successfully

2023-10-16 14:14:25 - [MESSAGE][PASSED] - Verify element property value successfully

2023-10-16 14:14:25 - [TEST_STEP][PASSED] - verifyElementPropertyValue(getResponse, "offers[5].groups[0].pricingPlans[0].visualElements[1].value", "30% de réduction"): Verify element property value successfully

2023-10-16 14:14:25 - [MESSAGE][PASSED] - Verify element property value successfully

2023-10-16 14:14:25 - [TEST_STEP][PASSED] - verifyElementPropertyValue(getResponse, "offers[5].groups[0].pricingPlans[0].visualElements[3].key", "deduction_text"): Verify element property value successfully

2023-10-16 14:14:25 - [MESSAGE][PASSED] - Verify element property value successfully

2023-10-16 14:14:25 - [TEST_STEP][PASSED] - verifyElementPropertyValue(getResponse, "offers[5].groups[0].pricingPlans[0].visualElements[3].value", "facturation mensuelle"): Verify element property value successfully

2023-10-16 14:14:25 - [MESSAGE][PASSED] - Verify element property value successfully

2023-10-16 14:14:25 - [TEST_STEP][PASSED] - verifyElementPropertyValue(getResponse, "offers[5].groups[0].pricingPlans[0].visualElements[6].key", "show_payment_logo"): Verify element property value successfully

2023-10-16 14:14:25 - [MESSAGE][PASSED] - Verify element property value successfully

2023-10-16 14:14:25 - [TEST_STEP][PASSED] - verifyElementPropertyValue(getResponse, "offers[5].groups[0].pricingPlans[0].visualElements[6].value", "true"): Verify element property value successfully

2023-10-16 14:14:25 - [MESSAGE][PASSED] - Verify element property value successfully

2023-10-16 14:14:25 - [TEST_STEP][PASSED] - verifyElementPropertyValue(getResponse, "offers[5].groups[0].pricingPlans[0].visualElements[8].key", "price"): Verify element property value successfully

2023-10-16 14:14:25 - [MESSAGE][PASSED] - Verify element property value successfully

2023-10-16 14:14:25 - [TEST_STEP][PASSED] - verifyElementPropertyValue(getResponse, "offers[5].groups[0].pricingPlans[0].visualElements[8].value", "4.89"): Verify element property value successfully

2023-10-16 14:14:25 - [MESSAGE][PASSED] - Verify element property value successfully

2023-10-16 14:14:25 - [TEST_STEP][PASSED] - verifyElementPropertyValue(getResponse, "offers[5].groups[0].pricingPlans[0].visualElements[9].key", "currency"): Verify element property value successfully

2023-10-16 14:14:25 - [MESSAGE][PASSED] - Verify element property value successfully

2023-10-16 14:14:25 - [TEST_STEP][PASSED] - verifyElementPropertyValue(getResponse, "offers[5].groups[0].pricingPlans[0].visualElements[9].value", "BHD"): Verify element property value successfully

2023-10-16 14:14:25 - [MESSAGE][PASSED] - Verify element property value successfully

2023-10-16 14:14:25 - [TEST_STEP][PASSED] - verifyElementPropertyValue(getResponse, "offers[5].groups[0].pricingPlans[0].visualElements[10].key", "duration"): Verify element property value successfully

2023-10-16 14:14:25 - [MESSAGE][PASSED] - Verify element property value successfully

2023-10-16 14:14:25 - [TEST_STEP][PASSED] - verifyElementPropertyValue(getResponse, "offers[5].groups[0].pricingPlans[0].visualElements[10].value", "Mensuel"): Verify element property value successfully

2023-10-16 14:14:25 - [MESSAGE][PASSED] - Verify element property value successfully

2023-10-16 14:14:25 - [TEST_STEP][PASSED] - verifyElementPropertyValue(getResponse, "offers[5].groups[0].pricingPlans[0].visualElements[11].key", "featured_tag_text"): Verify element property value successfully

2023-10-16 14:14:25 - [MESSAGE][PASSED] - Verify element property value successfully

2023-10-16 14:14:25 - [TEST_STEP][PASSED] - verifyElementPropertyValue(getResponse, "offers[5].groups[0].pricingPlans[0].visualElements[11].value", "Offre limitée"): Verify element property value successfully

2023-10-16 14:14:25 - [MESSAGE][PASSED] - Verify element property value successfully

2023-10-16 14:14:25 - [TEST_STEP][PASSED] - verifyElementPropertyValue(getResponse, "offers[5].groups[0].pricingPlans[0].visualElements[13].key", "tag_text"): Verify element property value successfully

2023-10-16 14:14:25 - [MESSAGE][PASSED] - Verify element property value successfully

2023-10-16 14:14:25 - [TEST_STEP][PASSED] - verifyElementPropertyValue(getResponse, "offers[5].groups[0].pricingPlans[0].visualElements[13].value", "Économisez 30% "): Verify element property value successfully

2023-10-16 14:14:25 - [MESSAGE][PASSED] - Verify element property value successfully

2023-10-16 14:14:25 - [TEST_STEP][PASSED] - verifyElementPropertyValue(getResponse, "offers[5].groups[0].pricingPlans[0].visualElements[12].key", "show_tag"): Verify element property value successfully

2023-10-16 14:14:25 - [MESSAGE][PASSED] - Verify element property value successfully

2023-10-16 14:14:25 - [TEST_STEP][PASSED] - verifyElementPropertyValue(getResponse, "offers[5].groups[0].pricingPlans[0].visualElements[12].value", "true"): Verify element property value successfully

2023-10-16 14:14:25 - [MESSAGE][PASSED] - Verify element property value successfully

2023-10-16 14:14:25 - [TEST_STEP][PASSED] - verifyElementPropertyValue(getResponse, "offers[5].groups[0].pricingPlans[0].pricingPlanData[0].productId", "BHR_B2C_SHAHID_VIP_SPORT_1M"): Verify element property value successfully

2023-10-16 14:14:25 - [MESSAGE][PASSED] - Verify element property value successfully

2023-10-16 14:14:25 - [TEST_STEP][PASSED] - verifyElementPropertyValue(getResponse, "offers[5].groups[0].pricingPlans[0].pricingPlanData[0].paymentMethod", "CREDIT_CARD"): Verify element property value successfully

2023-10-16 14:14:25 - [MESSAGE][PASSED] - Verify element property value successfully

2023-10-16 14:14:25 - [TEST_STEP][PASSED] - verifyElementPropertyValue(getResponse, "offers[5].groups[0].pricingPlans[0].pricingPlanData[0].freeTrialEnabled", "false"): Verify element property value successfully

2023-10-16 14:14:25 - [MESSAGE][PASSED] - Verify element property value successfully

2023-10-16 14:14:25 - [TEST_STEP][PASSED] - verifyElementPropertyValue(getResponse, "offers[5].groups[0].pricingPlans[0].pricingPlanData[0].showIn[0]", "VERTICAL_MODE"): Verify element property value successfully

2023-10-16 14:14:25 - [MESSAGE][PASSED] - Verify element property value successfully

2023-10-16 14:14:25 - [TEST_STEP][PASSED] - verifyElementPropertyValue(getResponse, "offers[5].groups[0].pricingPlans[0].pricingPlanData[0].showIn[1]", "HORIZONTAL_MODE"): Verify element property value successfully

2023-10-16 14:14:25 - [MESSAGE][PASSED] - Verify element property value successfully

2023-10-16 14:14:25 - [TEST_STEP][PASSED] - verifyElementPropertyValue(getResponse, "offers[5].groups[0].pricingPlans[0].pricingPlanData[0].priceLabel", "4.89"): Verify element property value successfully

2023-10-16 14:14:25 - [MESSAGE][PASSED] - Verify element property value successfully

2023-10-16 14:14:25 - [TEST_STEP][PASSED] - verifyElementPropertyValue(getResponse, "offers[5].groups[0].pricingPlans[0].pricingPlanData[0].currencyLabel", "BHD"): Verify element property value successfully

2023-10-16 14:14:25 - [MESSAGE][PASSED] - Verify element property value successfully

2023-10-16 14:14:25 - [TEST_STEP][PASSED] - verifyElementPropertyValue(getResponse, "offers[5].groups[0].pricingPlans[0].pricingPlanData[0].dealId", "WB_SPORT_30P_BHR"): Verify element property value successfully

2023-10-16 14:14:25 - [MESSAGE][PASSED] - Verify element property value successfully

2023-10-16 14:14:25 - [TEST_STEP][PASSED] - verifyElementPropertyValue(getResponse, "offers[5].groups[0].pricingPlans[0].pricingPlanData[0].allowedForAcquisition", "true"): Verify element property value successfully

2023-10-16 14:14:25 - [MESSAGE][PASSED] - Verify element property value successfully

2023-10-16 14:14:25 - [TEST_STEP][PASSED] - verifyElementPropertyValue(getResponse, "offers[5].groups[0].pricingPlans[0].pricingPlanData[0].visualElements[0].key", "title"): Verify element property value successfully

2023-10-16 14:14:25 - [MESSAGE][PASSED] - Verify element property value successfully

2023-10-16 14:14:25 - [TEST_STEP][PASSED] - verifyElementPropertyValue(getResponse, "offers[5].groups[0].pricingPlans[0].pricingPlanData[0].visualElements[0].value", "Carte de crédit/débit"): Verify element property value successfully

2023-10-16 14:14:25 - [MESSAGE][PASSED] - Verify element property value successfully

2023-10-16 14:14:25 - [TEST_STEP][PASSED] - verifyElementPropertyValue(getResponse, "offers[5].groups[0].pricingPlans[0].pricingPlanData[0].visualElements[1].key", "CTA_text"): Verify element property value successfully

2023-10-16 14:14:25 - [MESSAGE][PASSED] - Verify element property value successfully

2023-10-16 14:14:25 - [TEST_STEP][PASSED] - verifyElementPropertyValue(getResponse, "offers[5].groups[0].pricingPlans[0].pricingPlanData[0].visualElements[1].value", "S’abonner"): Verify element property value successfully

2023-10-16 14:14:25 - [MESSAGE][PASSED] - Verify element property value successfully

2023-10-16 14:14:25 - [TEST_STEP][PASSED] - verifyElementPropertyValue(getResponse, "offers[5].groups[0].pricingPlans[0].pricingPlanData[0].visualElements[2].key", "logo"): Verify element property value successfully

2023-10-16 14:14:25 - [MESSAGE][PASSED] - Verify element property value successfully

2023-10-16 14:14:25 - [TEST_STEP][PASSED] - verifyElementPropertyValue(getResponse, "offers[5].groups[0].pricingPlans[0].pricingPlanData[0].visualElements[2].value", "https://static.s3.shahid.mbc.net/widget-images/icons/iconCreditCard.png"): Verify element property value successfully

2023-10-16 14:14:25 - [MESSAGE][PASSED] - Verify element property value successfully

2023-10-16 14:14:25 - [TEST_STEP][PASSED] - verifyElementPropertyValue(getResponse, "offers[6].offerId", "winback-sport-40-offer"): Verify element property value successfully

2023-10-16 14:14:25 - [MESSAGE][PASSED] - Verify element property value successfully

2023-10-16 14:14:25 - [TEST_STEP][PASSED] - verifyElementPropertyValue(getResponse, "offers[6].offerParam", "sportsoffer40"): Verify element property value successfully

2023-10-16 14:14:25 - [MESSAGE][PASSED] - Verify element property value successfully

2023-10-16 14:14:25 - [TEST_STEP][PASSED] - verifyElementPropertyValue(getResponse, "offers[6].groups[0].pricingPlans[0].featured", "true"): Verify element property value successfully

2023-10-16 14:14:25 - [MESSAGE][PASSED] - Verify element property value successfully

2023-10-16 14:14:25 - [TEST_STEP][PASSED] - verifyElementPropertyValue(getResponse, "offers[6].groups[0].pricingPlans[0].period", "monthly"): Verify element property value successfully

2023-10-16 14:14:25 - [MESSAGE][PASSED] - Verify element property value successfully

2023-10-16 14:14:25 - [TEST_STEP][PASSED] - verifyElementPropertyValue(getResponse, "offers[6].groups[0].pricingPlans[0].featured", "true"): Verify element property value successfully

2023-10-16 14:14:25 - [MESSAGE][PASSED] - Verify element property value successfully

2023-10-16 14:14:25 - [TEST_STEP][PASSED] - verifyElementPropertyValue(getResponse, "offers[6].groups[0].pricingPlans[0].price", "4.19"): Verify element property value successfully

2023-10-16 14:14:25 - [MESSAGE][PASSED] - Verify element property value successfully

2023-10-16 14:14:25 - [TEST_STEP][PASSED] - verifyElementPropertyValue(getResponse, "offers[6].groups[0].pricingPlans[0].currency", "BHD"): Verify element property value successfully

2023-10-16 14:14:25 - [MESSAGE][PASSED] - Verify element property value successfully

2023-10-16 14:14:25 - [TEST_STEP][PASSED] - verifyElementPropertyValue(getResponse, "offers[6].groups[0].pricingPlans[0].order", "0"): Verify element property value successfully

2023-10-16 14:14:25 - [MESSAGE][PASSED] - Verify element property value successfully

2023-10-16 14:14:25 - [TEST_STEP][PASSED] - verifyElementPropertyValue(getResponse, "offers[6].groups[0].pricingPlans[0].packageId", "SHAHID_VIP_SPORT"): Verify element property value successfully

2023-10-16 14:14:25 - [MESSAGE][PASSED] - Verify element property value successfully

2023-10-16 14:14:25 - [TEST_STEP][PASSED] - verifyElementPropertyValue(getResponse, "offers[6].groups[0].pricingPlans[0].catalogId", "SPORT"): Verify element property value successfully

2023-10-16 14:14:25 - [MESSAGE][PASSED] - Verify element property value successfully

2023-10-16 14:14:25 - [TEST_STEP][PASSED] - verifyElementPropertyValue(getResponse, "offers[6].groups[0].pricingPlans[0].visualElements[0].key", "Header_1_text"): Verify element property value successfully

2023-10-16 14:14:25 - [MESSAGE][PASSED] - Verify element property value successfully

2023-10-16 14:14:25 - [TEST_STEP][PASSED] - verifyElementPropertyValue(getResponse, "offers[6].groups[0].pricingPlans[0].visualElements[0].value", "Abonnez-vous dès maintenant et profitez de vos programmes sans publicité"): Verify element property value successfully

2023-10-16 14:14:25 - [MESSAGE][PASSED] - Verify element property value successfully

2023-10-16 14:14:25 - [TEST_STEP][PASSED] - verifyElementPropertyValue(getResponse, "offers[6].groups[0].pricingPlans[0].visualElements[1].key", "display_title"): Verify element property value successfully

2023-10-16 14:14:25 - [MESSAGE][PASSED] - Verify element property value successfully

2023-10-16 14:14:25 - [TEST_STEP][PASSED] - verifyElementPropertyValue(getResponse, "offers[6].groups[0].pricingPlans[0].visualElements[1].value", "40% de réduction"): Verify element property value successfully

2023-10-16 14:14:25 - [MESSAGE][PASSED] - Verify element property value successfully

2023-10-16 14:14:25 - [TEST_STEP][PASSED] - verifyElementPropertyValue(getResponse, "offers[6].groups[0].pricingPlans[0].visualElements[3].key", "deduction_text"): Verify element property value successfully

2023-10-16 14:14:25 - [MESSAGE][PASSED] - Verify element property value successfully

2023-10-16 14:14:25 - [TEST_STEP][PASSED] - verifyElementPropertyValue(getResponse, "offers[6].groups[0].pricingPlans[0].visualElements[3].value", "facturation mensuelle"): Verify element property value successfully

2023-10-16 14:14:26 - [MESSAGE][PASSED] - Verify element property value successfully

2023-10-16 14:14:26 - [TEST_STEP][PASSED] - verifyElementPropertyValue(getResponse, "offers[6].groups[0].pricingPlans[0].visualElements[6].key", "show_payment_logo"): Verify element property value successfully

2023-10-16 14:14:26 - [MESSAGE][PASSED] - Verify element property value successfully

2023-10-16 14:14:26 - [TEST_STEP][PASSED] - verifyElementPropertyValue(getResponse, "offers[6].groups[0].pricingPlans[0].visualElements[6].value", "true"): Verify element property value successfully

2023-10-16 14:14:26 - [MESSAGE][PASSED] - Verify element property value successfully

2023-10-16 14:14:26 - [TEST_STEP][PASSED] - verifyElementPropertyValue(getResponse, "offers[6].groups[0].pricingPlans[0].visualElements[8].key", "price"): Verify element property value successfully

2023-10-16 14:14:26 - [MESSAGE][PASSED] - Verify element property value successfully

2023-10-16 14:14:26 - [TEST_STEP][PASSED] - verifyElementPropertyValue(getResponse, "offers[6].groups[0].pricingPlans[0].visualElements[8].value", "4.19"): Verify element property value successfully

2023-10-16 14:14:26 - [MESSAGE][PASSED] - Verify element property value successfully

2023-10-16 14:14:26 - [TEST_STEP][PASSED] - verifyElementPropertyValue(getResponse, "offers[6].groups[0].pricingPlans[0].visualElements[9].key", "currency"): Verify element property value successfully

2023-10-16 14:14:26 - [MESSAGE][PASSED] - Verify element property value successfully

2023-10-16 14:14:26 - [TEST_STEP][PASSED] - verifyElementPropertyValue(getResponse, "offers[6].groups[0].pricingPlans[0].visualElements[9].value", "BHD"): Verify element property value successfully

2023-10-16 14:14:26 - [MESSAGE][PASSED] - Verify element property value successfully

2023-10-16 14:14:26 - [TEST_STEP][PASSED] - verifyElementPropertyValue(getResponse, "offers[6].groups[0].pricingPlans[0].visualElements[10].key", "duration"): Verify element property value successfully

2023-10-16 14:14:26 - [MESSAGE][PASSED] - Verify element property value successfully

2023-10-16 14:14:26 - [TEST_STEP][PASSED] - verifyElementPropertyValue(getResponse, "offers[6].groups[0].pricingPlans[0].visualElements[10].value", "Mensuel"): Verify element property value successfully

2023-10-16 14:14:26 - [MESSAGE][PASSED] - Verify element property value successfully

2023-10-16 14:14:26 - [TEST_STEP][PASSED] - verifyElementPropertyValue(getResponse, "offers[6].groups[0].pricingPlans[0].visualElements[11].key", "featured_tag_text"): Verify element property value successfully

2023-10-16 14:14:26 - [MESSAGE][PASSED] - Verify element property value successfully

2023-10-16 14:14:26 - [TEST_STEP][PASSED] - verifyElementPropertyValue(getResponse, "offers[6].groups[0].pricingPlans[0].visualElements[11].value", "Offre limitée"): Verify element property value successfully

2023-10-16 14:14:26 - [MESSAGE][PASSED] - Verify element property value successfully

2023-10-16 14:14:26 - [TEST_STEP][PASSED] - verifyElementPropertyValue(getResponse, "offers[6].groups[0].pricingPlans[0].visualElements[13].key", "tag_text"): Verify element property value successfully

2023-10-16 14:14:26 - [MESSAGE][PASSED] - Verify element property value successfully

2023-10-16 14:14:26 - [TEST_STEP][PASSED] - verifyElementPropertyValue(getResponse, "offers[6].groups[0].pricingPlans[0].visualElements[13].value", "Économisez 40% "): Verify element property value successfully

2023-10-16 14:14:26 - [MESSAGE][PASSED] - Verify element property value successfully

2023-10-16 14:14:26 - [TEST_STEP][PASSED] - verifyElementPropertyValue(getResponse, "offers[6].groups[0].pricingPlans[0].visualElements[12].key", "show_tag"): Verify element property value successfully

2023-10-16 14:14:26 - [MESSAGE][PASSED] - Verify element property value successfully

2023-10-16 14:14:26 - [TEST_STEP][PASSED] - verifyElementPropertyValue(getResponse, "offers[6].groups[0].pricingPlans[0].visualElements[12].value", "true"): Verify element property value successfully

2023-10-16 14:14:26 - [MESSAGE][PASSED] - Verify element property value successfully

2023-10-16 14:14:26 - [TEST_STEP][PASSED] - verifyElementPropertyValue(getResponse, "offers[6].groups[0].pricingPlans[0].pricingPlanData[0].productId", "BHR_B2C_SHAHID_VIP_SPORT_1M"): Verify element property value successfully

2023-10-16 14:14:26 - [MESSAGE][PASSED] - Verify element property value successfully

2023-10-16 14:14:26 - [TEST_STEP][PASSED] - verifyElementPropertyValue(getResponse, "offers[6].groups[0].pricingPlans[0].pricingPlanData[0].paymentMethod", "CREDIT_CARD"): Verify element property value successfully

2023-10-16 14:14:26 - [MESSAGE][PASSED] - Verify element property value successfully

2023-10-16 14:14:26 - [TEST_STEP][PASSED] - verifyElementPropertyValue(getResponse, "offers[6].groups[0].pricingPlans[0].pricingPlanData[0].freeTrialEnabled", "false"): Verify element property value successfully

2023-10-16 14:14:26 - [MESSAGE][PASSED] - Verify element property value successfully

2023-10-16 14:14:26 - [TEST_STEP][PASSED] - verifyElementPropertyValue(getResponse, "offers[6].groups[0].pricingPlans[0].pricingPlanData[0].showIn[0]", "VERTICAL_MODE"): Verify element property value successfully

2023-10-16 14:14:26 - [MESSAGE][PASSED] - Verify element property value successfully

2023-10-16 14:14:26 - [TEST_STEP][PASSED] - verifyElementPropertyValue(getResponse, "offers[6].groups[0].pricingPlans[0].pricingPlanData[0].showIn[1]", "HORIZONTAL_MODE"): Verify element property value successfully

2023-10-16 14:14:26 - [MESSAGE][PASSED] - Verify element property value successfully

2023-10-16 14:14:26 - [TEST_STEP][PASSED] - verifyElementPropertyValue(getResponse, "offers[6].groups[0].pricingPlans[0].pricingPlanData[0].priceLabel", "4.19"): Verify element property value successfully

2023-10-16 14:14:26 - [MESSAGE][PASSED] - Verify element property value successfully

2023-10-16 14:14:26 - [TEST_STEP][PASSED] - verifyElementPropertyValue(getResponse, "offers[6].groups[0].pricingPlans[0].pricingPlanData[0].currencyLabel", "BHD"): Verify element property value successfully

2023-10-16 14:14:26 - [MESSAGE][PASSED] - Verify element property value successfully

2023-10-16 14:14:26 - [TEST_STEP][PASSED] - verifyElementPropertyValue(getResponse, "offers[6].groups[0].pricingPlans[0].pricingPlanData[0].dealId", "WB_SPORT_40P_BHR"): Verify element property value successfully

2023-10-16 14:14:26 - [MESSAGE][PASSED] - Verify element property value successfully

2023-10-16 14:14:26 - [TEST_STEP][PASSED] - verifyElementPropertyValue(getResponse, "offers[6].groups[0].pricingPlans[0].pricingPlanData[0].allowedForAcquisition", "true"): Verify element property value successfully

2023-10-16 14:14:26 - [MESSAGE][PASSED] - Verify element property value successfully

2023-10-16 14:14:26 - [TEST_STEP][PASSED] - verifyElementPropertyValue(getResponse, "offers[6].groups[0].pricingPlans[0].pricingPlanData[0].visualElements[0].key", "title"): Verify element property value successfully

2023-10-16 14:14:26 - [MESSAGE][PASSED] - Verify element property value successfully

2023-10-16 14:14:26 - [TEST_STEP][PASSED] - verifyElementPropertyValue(getResponse, "offers[6].groups[0].pricingPlans[0].pricingPlanData[0].visualElements[0].value", "Carte de crédit/débit"): Verify element property value successfully

2023-10-16 14:14:26 - [MESSAGE][PASSED] - Verify element property value successfully

2023-10-16 14:14:26 - [TEST_STEP][PASSED] - verifyElementPropertyValue(getResponse, "offers[6].groups[0].pricingPlans[0].pricingPlanData[0].visualElements[1].key", "CTA_text"): Verify element property value successfully

2023-10-16 14:14:26 - [MESSAGE][PASSED] - Verify element property value successfully

2023-10-16 14:14:26 - [TEST_STEP][PASSED] - verifyElementPropertyValue(getResponse, "offers[6].groups[0].pricingPlans[0].pricingPlanData[0].visualElements[1].value", "S’abonner"): Verify element property value successfully

2023-10-16 14:14:26 - [MESSAGE][PASSED] - Verify element property value successfully

2023-10-16 14:14:26 - [TEST_STEP][PASSED] - verifyElementPropertyValue(getResponse, "offers[6].groups[0].pricingPlans[0].pricingPlanData[0].visualElements[2].key", "logo"): Verify element property value successfully

2023-10-16 14:14:26 - [MESSAGE][PASSED] - Verify element property value successfully

2023-10-16 14:14:26 - [TEST_STEP][PASSED] - verifyElementPropertyValue(getResponse, "offers[6].groups[0].pricingPlans[0].pricingPlanData[0].visualElements[2].value", "https://static.s3.shahid.mbc.net/widget-images/icons/iconCreditCard.png"): Verify element property value successfully

2023-10-16 14:14:26 - [MESSAGE][PASSED] - Verify element property value successfully

2023-10-16 14:14:26 - [TEST_STEP][PASSED] - verifyElementPropertyValue(getResponse, "offers[7].offerId", "winback-sport-50-offer"): Verify element property value successfully

2023-10-16 14:14:26 - [MESSAGE][PASSED] - Verify element property value successfully

2023-10-16 14:14:26 - [TEST_STEP][PASSED] - verifyElementPropertyValue(getResponse, "offers[7].offerParam", "sportsoffer50"): Verify element property value successfully

2023-10-16 14:14:26 - [MESSAGE][PASSED] - Verify element property value successfully

2023-10-16 14:14:26 - [TEST_STEP][PASSED] - verifyElementPropertyValue(getResponse, "offers[7].groups[0].pricingPlans[0].featured", "true"): Verify element property value successfully

2023-10-16 14:14:26 - [MESSAGE][PASSED] - Verify element property value successfully

2023-10-16 14:14:26 - [TEST_STEP][PASSED] - verifyElementPropertyValue(getResponse, "offers[7].groups[0].pricingPlans[0].period", "monthly"): Verify element property value successfully

2023-10-16 14:14:26 - [MESSAGE][PASSED] - Verify element property value successfully

2023-10-16 14:14:26 - [TEST_STEP][PASSED] - verifyElementPropertyValue(getResponse, "offers[7].groups[0].pricingPlans[0].featured", "true"): Verify element property value successfully

2023-10-16 14:14:26 - [MESSAGE][PASSED] - Verify element property value successfully

2023-10-16 14:14:26 - [TEST_STEP][PASSED] - verifyElementPropertyValue(getResponse, "offers[7].groups[0].pricingPlans[0].price", "3.49"): Verify element property value successfully

2023-10-16 14:14:26 - [MESSAGE][PASSED] - Verify element property value successfully

2023-10-16 14:14:26 - [TEST_STEP][PASSED] - verifyElementPropertyValue(getResponse, "offers[7].groups[0].pricingPlans[0].currency", "BHD"): Verify element property value successfully

2023-10-16 14:14:26 - [MESSAGE][PASSED] - Verify element property value successfully

2023-10-16 14:14:26 - [TEST_STEP][PASSED] - verifyElementPropertyValue(getResponse, "offers[7].groups[0].pricingPlans[0].order", "0"): Verify element property value successfully

2023-10-16 14:14:26 - [MESSAGE][PASSED] - Verify element property value successfully

2023-10-16 14:14:26 - [TEST_STEP][PASSED] - verifyElementPropertyValue(getResponse, "offers[7].groups[0].pricingPlans[0].packageId", "SHAHID_VIP_SPORT"): Verify element property value successfully

2023-10-16 14:14:26 - [MESSAGE][PASSED] - Verify element property value successfully

2023-10-16 14:14:26 - [TEST_STEP][PASSED] - verifyElementPropertyValue(getResponse, "offers[7].groups[0].pricingPlans[0].catalogId", "SPORT"): Verify element property value successfully

2023-10-16 14:14:26 - [MESSAGE][PASSED] - Verify element property value successfully

2023-10-16 14:14:26 - [TEST_STEP][PASSED] - verifyElementPropertyValue(getResponse, "offers[7].groups[0].pricingPlans[0].visualElements[0].key", "Header_1_text"): Verify element property value successfully

2023-10-16 14:14:26 - [MESSAGE][PASSED] - Verify element property value successfully

2023-10-16 14:14:26 - [TEST_STEP][PASSED] - verifyElementPropertyValue(getResponse, "offers[7].groups[0].pricingPlans[0].visualElements[0].value", "Abonnez-vous dès maintenant et profitez de vos programmes sans publicité"): Verify element property value successfully

2023-10-16 14:14:26 - [MESSAGE][PASSED] - Verify element property value successfully

2023-10-16 14:14:26 - [TEST_STEP][PASSED] - verifyElementPropertyValue(getResponse, "offers[7].groups[0].pricingPlans[0].visualElements[1].key", "display_title"): Verify element property value successfully

2023-10-16 14:14:26 - [MESSAGE][PASSED] - Verify element property value successfully

2023-10-16 14:14:26 - [TEST_STEP][PASSED] - verifyElementPropertyValue(getResponse, "offers[7].groups[0].pricingPlans[0].visualElements[1].value", "50% de réduction"): Verify element property value successfully

2023-10-16 14:14:26 - [MESSAGE][PASSED] - Verify element property value successfully

2023-10-16 14:14:26 - [TEST_STEP][PASSED] - verifyElementPropertyValue(getResponse, "offers[7].groups[0].pricingPlans[0].visualElements[3].key", "deduction_text"): Verify element property value successfully

2023-10-16 14:14:26 - [MESSAGE][PASSED] - Verify element property value successfully

2023-10-16 14:14:26 - [TEST_STEP][PASSED] - verifyElementPropertyValue(getResponse, "offers[7].groups[0].pricingPlans[0].visualElements[3].value", "facturation mensuelle"): Verify element property value successfully

2023-10-16 14:14:26 - [MESSAGE][PASSED] - Verify element property value successfully

2023-10-16 14:14:26 - [TEST_STEP][PASSED] - verifyElementPropertyValue(getResponse, "offers[7].groups[0].pricingPlans[0].visualElements[6].key", "show_payment_logo"): Verify element property value successfully

2023-10-16 14:14:26 - [MESSAGE][PASSED] - Verify element property value successfully

2023-10-16 14:14:26 - [TEST_STEP][PASSED] - verifyElementPropertyValue(getResponse, "offers[7].groups[0].pricingPlans[0].visualElements[6].value", "true"): Verify element property value successfully

2023-10-16 14:14:26 - [MESSAGE][PASSED] - Verify element property value successfully

2023-10-16 14:14:26 - [TEST_STEP][PASSED] - verifyElementPropertyValue(getResponse, "offers[7].groups[0].pricingPlans[0].visualElements[8].key", "price"): Verify element property value successfully

2023-10-16 14:14:26 - [MESSAGE][PASSED] - Verify element property value successfully

2023-10-16 14:14:26 - [TEST_STEP][PASSED] - verifyElementPropertyValue(getResponse, "offers[7].groups[0].pricingPlans[0].visualElements[8].value", "3.49"): Verify element property value successfully

2023-10-16 14:14:26 - [MESSAGE][PASSED] - Verify element property value successfully

2023-10-16 14:14:26 - [TEST_STEP][PASSED] - verifyElementPropertyValue(getResponse, "offers[7].groups[0].pricingPlans[0].visualElements[9].key", "currency"): Verify element property value successfully

2023-10-16 14:14:26 - [MESSAGE][PASSED] - Verify element property value successfully

2023-10-16 14:14:26 - [TEST_STEP][PASSED] - verifyElementPropertyValue(getResponse, "offers[7].groups[0].pricingPlans[0].visualElements[9].value", "BHD"): Verify element property value successfully

2023-10-16 14:14:26 - [MESSAGE][PASSED] - Verify element property value successfully

2023-10-16 14:14:26 - [TEST_STEP][PASSED] - verifyElementPropertyValue(getResponse, "offers[7].groups[0].pricingPlans[0].visualElements[10].key", "duration"): Verify element property value successfully

2023-10-16 14:14:26 - [MESSAGE][PASSED] - Verify element property value successfully

2023-10-16 14:14:26 - [TEST_STEP][PASSED] - verifyElementPropertyValue(getResponse, "offers[7].groups[0].pricingPlans[0].visualElements[10].value", "Mensuel"): Verify element property value successfully

2023-10-16 14:14:26 - [MESSAGE][PASSED] - Verify element property value successfully

2023-10-16 14:14:26 - [TEST_STEP][PASSED] - verifyElementPropertyValue(getResponse, "offers[7].groups[0].pricingPlans[0].visualElements[11].key", "featured_tag_text"): Verify element property value successfully

2023-10-16 14:14:26 - [MESSAGE][PASSED] - Verify element property value successfully

2023-10-16 14:14:26 - [TEST_STEP][PASSED] - verifyElementPropertyValue(getResponse, "offers[7].groups[0].pricingPlans[0].visualElements[11].value", "Offre limitée"): Verify element property value successfully

2023-10-16 14:14:26 - [MESSAGE][PASSED] - Verify element property value successfully

2023-10-16 14:14:26 - [TEST_STEP][PASSED] - verifyElementPropertyValue(getResponse, "offers[7].groups[0].pricingPlans[0].visualElements[13].key", "tag_text"): Verify element property value successfully

2023-10-16 14:14:26 - [MESSAGE][PASSED] - Verify element property value successfully

2023-10-16 14:14:26 - [TEST_STEP][PASSED] - verifyElementPropertyValue(getResponse, "offers[7].groups[0].pricingPlans[0].visualElements[13].value", "Économisez 50% "): Verify element property value successfully

2023-10-16 14:14:26 - [MESSAGE][PASSED] - Verify element property value successfully

2023-10-16 14:14:26 - [TEST_STEP][PASSED] - verifyElementPropertyValue(getResponse, "offers[7].groups[0].pricingPlans[0].visualElements[12].key", "show_tag"): Verify element property value successfully

2023-10-16 14:14:26 - [MESSAGE][PASSED] - Verify element property value successfully

2023-10-16 14:14:26 - [TEST_STEP][PASSED] - verifyElementPropertyValue(getResponse, "offers[7].groups[0].pricingPlans[0].visualElements[12].value", "true"): Verify element property value successfully

2023-10-16 14:14:26 - [MESSAGE][PASSED] - Verify element property value successfully

2023-10-16 14:14:26 - [TEST_STEP][PASSED] - verifyElementPropertyValue(getResponse, "offers[7].groups[0].pricingPlans[0].pricingPlanData[0].productId", "BHR_B2C_SHAHID_VIP_SPORT_1M"): Verify element property value successfully

2023-10-16 14:14:26 - [MESSAGE][PASSED] - Verify element property value successfully

2023-10-16 14:14:26 - [TEST_STEP][PASSED] - verifyElementPropertyValue(getResponse, "offers[7].groups[0].pricingPlans[0].pricingPlanData[0].paymentMethod", "CREDIT_CARD"): Verify element property value successfully

2023-10-16 14:14:26 - [MESSAGE][PASSED] - Verify element property value successfully

2023-10-16 14:14:26 - [TEST_STEP][PASSED] - verifyElementPropertyValue(getResponse, "offers[7].groups[0].pricingPlans[0].pricingPlanData[0].freeTrialEnabled", "false"): Verify element property value successfully

2023-10-16 14:14:26 - [MESSAGE][PASSED] - Verify element property value successfully

2023-10-16 14:14:26 - [TEST_STEP][PASSED] - verifyElementPropertyValue(getResponse, "offers[7].groups[0].pricingPlans[0].pricingPlanData[0].showIn[0]", "VERTICAL_MODE"): Verify element property value successfully

2023-10-16 14:14:26 - [MESSAGE][PASSED] - Verify element property value successfully

2023-10-16 14:14:26 - [TEST_STEP][PASSED] - verifyElementPropertyValue(getResponse, "offers[7].groups[0].pricingPlans[0].pricingPlanData[0].showIn[1]", "HORIZONTAL_MODE"): Verify element property value successfully

2023-10-16 14:14:26 - [MESSAGE][PASSED] - Verify element property value successfully

2023-10-16 14:14:26 - [TEST_STEP][PASSED] - verifyElementPropertyValue(getResponse, "offers[7].groups[0].pricingPlans[0].pricingPlanData[0].priceLabel", "3.49"): Verify element property value successfully

2023-10-16 14:14:26 - [MESSAGE][PASSED] - Verify element property value successfully

2023-10-16 14:14:26 - [TEST_STEP][PASSED] - verifyElementPropertyValue(getResponse, "offers[7].groups[0].pricingPlans[0].pricingPlanData[0].currencyLabel", "BHD"): Verify element property value successfully

2023-10-16 14:14:26 - [MESSAGE][PASSED] - Verify element property value successfully

2023-10-16 14:14:26 - [TEST_STEP][PASSED] - verifyElementPropertyValue(getResponse, "offers[7].groups[0].pricingPlans[0].pricingPlanData[0].dealId", "WB_SPORT_50P_BHR"): Verify element property value successfully

2023-10-16 14:14:26 - [MESSAGE][PASSED] - Verify element property value successfully

2023-10-16 14:14:26 - [TEST_STEP][PASSED] - verifyElementPropertyValue(getResponse, "offers[7].groups[0].pricingPlans[0].pricingPlanData[0].allowedForAcquisition", "true"): Verify element property value successfully

2023-10-16 14:14:26 - [MESSAGE][PASSED] - Verify element property value successfully

2023-10-16 14:14:26 - [TEST_STEP][PASSED] - verifyElementPropertyValue(getResponse, "offers[7].groups[0].pricingPlans[0].pricingPlanData[0].visualElements[0].key", "title"): Verify element property value successfully

2023-10-16 14:14:26 - [MESSAGE][PASSED] - Verify element property value successfully

2023-10-16 14:14:26 - [TEST_STEP][PASSED] - verifyElementPropertyValue(getResponse, "offers[7].groups[0].pricingPlans[0].pricingPlanData[0].visualElements[0].value", "Carte de crédit/débit"): Verify element property value successfully

2023-10-16 14:14:26 - [MESSAGE][PASSED] - Verify element property value successfully

2023-10-16 14:14:26 - [TEST_STEP][PASSED] - verifyElementPropertyValue(getResponse, "offers[7].groups[0].pricingPlans[0].pricingPlanData[0].visualElements[1].key", "CTA_text"): Verify element property value successfully

2023-10-16 14:14:26 - [MESSAGE][PASSED] - Verify element property value successfully

2023-10-16 14:14:26 - [TEST_STEP][PASSED] - verifyElementPropertyValue(getResponse, "offers[7].groups[0].pricingPlans[0].pricingPlanData[0].visualElements[1].value", "S’abonner"): Verify element property value successfully

2023-10-16 14:14:26 - [MESSAGE][PASSED] - Verify element property value successfully

2023-10-16 14:14:26 - [TEST_STEP][PASSED] - verifyElementPropertyValue(getResponse, "offers[7].groups[0].pricingPlans[0].pricingPlanData[0].visualElements[2].key", "logo"): Verify element property value successfully

2023-10-16 14:14:26 - [MESSAGE][PASSED] - Verify element property value successfully

2023-10-16 14:14:26 - [TEST_STEP][PASSED] - verifyElementPropertyValue(getResponse, "offers[7].groups[0].pricingPlans[0].pricingPlanData[0].visualElements[2].value", "https://static.s3.shahid.mbc.net/widget-images/icons/iconCreditCard.png"): Verify element property value successfully

2023-10-16 14:14:26 - [MESSAGE][PASSED] - Verify element property value successfully

2023-10-16 14:14:26 - [TEST_STEP][PASSED] - verifyElementPropertyValue(getResponse, "offers[11].offerId", "byg-sport-30-offer"): Verify element property value successfully

2023-10-16 14:14:26 - [MESSAGE][PASSED] - Verify element property value successfully

2023-10-16 14:14:26 - [TEST_STEP][PASSED] - verifyElementPropertyValue(getResponse, "offers[11].offerParam", "bygsportsoffer30"): Verify element property value successfully

2023-10-16 14:14:26 - [MESSAGE][PASSED] - Verify element property value successfully

2023-10-16 14:14:26 - [TEST_STEP][PASSED] - verifyElementPropertyValue(getResponse, "offers[11].groups[0].pricingPlans[0].featured", "true"): Verify element property value successfully

2023-10-16 14:14:26 - [MESSAGE][PASSED] - Verify element property value successfully

2023-10-16 14:14:26 - [TEST_STEP][PASSED] - verifyElementPropertyValue(getResponse, "offers[11].groups[0].pricingPlans[0].period", "monthly"): Verify element property value successfully

2023-10-16 14:14:26 - [MESSAGE][PASSED] - Verify element property value successfully

2023-10-16 14:14:26 - [TEST_STEP][PASSED] - verifyElementPropertyValue(getResponse, "offers[11].groups[0].pricingPlans[0].featured", "true"): Verify element property value successfully

2023-10-16 14:14:26 - [MESSAGE][PASSED] - Verify element property value successfully

2023-10-16 14:14:26 - [TEST_STEP][PASSED] - verifyElementPropertyValue(getResponse, "offers[11].groups[0].pricingPlans[0].price", "4.89"): Verify element property value successfully

2023-10-16 14:14:26 - [MESSAGE][PASSED] - Verify element property value successfully

2023-10-16 14:14:26 - [TEST_STEP][PASSED] - verifyElementPropertyValue(getResponse, "offers[11].groups[0].pricingPlans[0].currency", "BHD"): Verify element property value successfully

2023-10-16 14:14:26 - [MESSAGE][PASSED] - Verify element property value successfully

2023-10-16 14:14:26 - [TEST_STEP][PASSED] - verifyElementPropertyValue(getResponse, "offers[11].groups[0].pricingPlans[0].order", "0"): Verify element property value successfully

2023-10-16 14:14:26 - [MESSAGE][PASSED] - Verify element property value successfully

2023-10-16 14:14:26 - [TEST_STEP][PASSED] - verifyElementPropertyValue(getResponse, "offers[11].groups[0].pricingPlans[0].packageId", "SHAHID_VIP_SPORT"): Verify element property value successfully

2023-10-16 14:14:26 - [MESSAGE][PASSED] - Verify element property value successfully

2023-10-16 14:14:26 - [TEST_STEP][PASSED] - verifyElementPropertyValue(getResponse, "offers[11].groups[0].pricingPlans[0].catalogId", "SPORT"): Verify element property value successfully

2023-10-16 14:14:26 - [MESSAGE][PASSED] - Verify element property value successfully

2023-10-16 14:14:26 - [TEST_STEP][PASSED] - verifyElementPropertyValue(getResponse, "offers[11].groups[0].pricingPlans[0].visualElements[0].key", "Header_1_text"): Verify element property value successfully

2023-10-16 14:14:26 - [MESSAGE][PASSED] - Verify element property value successfully

2023-10-16 14:14:26 - [TEST_STEP][PASSED] - verifyElementPropertyValue(getResponse, "offers[11].groups[0].pricingPlans[0].visualElements[0].value", "Abonnez-vous dès maintenant et profitez de vos programmes sans publicité"): Verify element property value successfully

2023-10-16 14:14:26 - [MESSAGE][PASSED] - Verify element property value successfully

2023-10-16 14:14:26 - [TEST_STEP][PASSED] - verifyElementPropertyValue(getResponse, "offers[11].groups[0].pricingPlans[0].visualElements[1].key", "display_title"): Verify element property value successfully

2023-10-16 14:14:26 - [MESSAGE][PASSED] - Verify element property value successfully

2023-10-16 14:14:26 - [TEST_STEP][PASSED] - verifyElementPropertyValue(getResponse, "offers[11].groups[0].pricingPlans[0].visualElements[1].value", "30% de réduction"): Verify element property value successfully

2023-10-16 14:14:26 - [MESSAGE][PASSED] - Verify element property value successfully

2023-10-16 14:14:26 - [TEST_STEP][PASSED] - verifyElementPropertyValue(getResponse, "offers[11].groups[0].pricingPlans[0].visualElements[3].key", "deduction_text"): Verify element property value successfully

2023-10-16 14:14:26 - [MESSAGE][PASSED] - Verify element property value successfully

2023-10-16 14:14:26 - [TEST_STEP][PASSED] - verifyElementPropertyValue(getResponse, "offers[11].groups[0].pricingPlans[0].visualElements[3].value", "facturation mensuelle"): Verify element property value successfully

2023-10-16 14:14:26 - [MESSAGE][PASSED] - Verify element property value successfully

2023-10-16 14:14:26 - [TEST_STEP][PASSED] - verifyElementPropertyValue(getResponse, "offers[11].groups[0].pricingPlans[0].visualElements[6].key", "show_payment_logo"): Verify element property value successfully

2023-10-16 14:14:26 - [MESSAGE][PASSED] - Verify element property value successfully

2023-10-16 14:14:26 - [TEST_STEP][PASSED] - verifyElementPropertyValue(getResponse, "offers[11].groups[0].pricingPlans[0].visualElements[6].value", "true"): Verify element property value successfully

2023-10-16 14:14:26 - [MESSAGE][PASSED] - Verify element property value successfully

2023-10-16 14:14:26 - [TEST_STEP][PASSED] - verifyElementPropertyValue(getResponse, "offers[11].groups[0].pricingPlans[0].visualElements[8].key", "price"): Verify element property value successfully

2023-10-16 14:14:26 - [MESSAGE][PASSED] - Verify element property value successfully

2023-10-16 14:14:26 - [TEST_STEP][PASSED] - verifyElementPropertyValue(getResponse, "offers[11].groups[0].pricingPlans[0].visualElements[8].value", "4.89"): Verify element property value successfully

2023-10-16 14:14:26 - [MESSAGE][PASSED] - Verify element property value successfully

2023-10-16 14:14:26 - [TEST_STEP][PASSED] - verifyElementPropertyValue(getResponse, "offers[11].groups[0].pricingPlans[0].visualElements[9].key", "currency"): Verify element property value successfully

2023-10-16 14:14:26 - [MESSAGE][PASSED] - Verify element property value successfully

2023-10-16 14:14:26 - [TEST_STEP][PASSED] - verifyElementPropertyValue(getResponse, "offers[11].groups[0].pricingPlans[0].visualElements[9].value", "BHD"): Verify element property value successfully

2023-10-16 14:14:26 - [MESSAGE][PASSED] - Verify element property value successfully

2023-10-16 14:14:26 - [TEST_STEP][PASSED] - verifyElementPropertyValue(getResponse, "offers[11].groups[0].pricingPlans[0].visualElements[10].key", "duration"): Verify element property value successfully

2023-10-16 14:14:26 - [MESSAGE][PASSED] - Verify element property value successfully

2023-10-16 14:14:26 - [TEST_STEP][PASSED] - verifyElementPropertyValue(getResponse, "offers[11].groups[0].pricingPlans[0].visualElements[10].value", "Mensuel"): Verify element property value successfully

2023-10-16 14:14:26 - [MESSAGE][PASSED] - Verify element property value successfully

2023-10-16 14:14:26 - [TEST_STEP][PASSED] - verifyElementPropertyValue(getResponse, "offers[11].groups[0].pricingPlans[0].visualElements[11].key", "featured_tag_text"): Verify element property value successfully

2023-10-16 14:14:26 - [MESSAGE][PASSED] - Verify element property value successfully

2023-10-16 14:14:26 - [TEST_STEP][PASSED] - verifyElementPropertyValue(getResponse, "offers[11].groups[0].pricingPlans[0].visualElements[11].value", "Offre limitée"): Verify element property value successfully

2023-10-16 14:14:26 - [MESSAGE][PASSED] - Verify element property value successfully

2023-10-16 14:14:26 - [TEST_STEP][PASSED] - verifyElementPropertyValue(getResponse, "offers[11].groups[0].pricingPlans[0].visualElements[13].key", "tag_text"): Verify element property value successfully

2023-10-16 14:14:26 - [MESSAGE][PASSED] - Verify element property value successfully

2023-10-16 14:14:26 - [TEST_STEP][PASSED] - verifyElementPropertyValue(getResponse, "offers[11].groups[0].pricingPlans[0].visualElements[13].value", "Économisez 30% "): Verify element property value successfully

2023-10-16 14:14:26 - [MESSAGE][PASSED] - Verify element property value successfully

2023-10-16 14:14:26 - [TEST_STEP][PASSED] - verifyElementPropertyValue(getResponse, "offers[11].groups[0].pricingPlans[0].visualElements[12].key", "show_tag"): Verify element property value successfully

2023-10-16 14:14:26 - [MESSAGE][PASSED] - Verify element property value successfully

2023-10-16 14:14:26 - [TEST_STEP][PASSED] - verifyElementPropertyValue(getResponse, "offers[11].groups[0].pricingPlans[0].visualElements[12].value", "true"): Verify element property value successfully

2023-10-16 14:14:26 - [MESSAGE][PASSED] - Verify element property value successfully

2023-10-16 14:14:26 - [TEST_STEP][PASSED] - verifyElementPropertyValue(getResponse, "offers[11].groups[0].pricingPlans[0].pricingPlanData[0].productId", "BHR_B2C_SHAHID_VIP_SPORT_1M"): Verify element property value successfully

2023-10-16 14:14:26 - [MESSAGE][PASSED] - Verify element property value successfully

2023-10-16 14:14:26 - [TEST_STEP][PASSED] - verifyElementPropertyValue(getResponse, "offers[11].groups[0].pricingPlans[0].pricingPlanData[0].paymentMethod", "CREDIT_CARD"): Verify element property value successfully

2023-10-16 14:14:26 - [MESSAGE][PASSED] - Verify element property value successfully

2023-10-16 14:14:26 - [TEST_STEP][PASSED] - verifyElementPropertyValue(getResponse, "offers[11].groups[0].pricingPlans[0].pricingPlanData[0].freeTrialEnabled", "false"): Verify element property value successfully

2023-10-16 14:14:26 - [MESSAGE][PASSED] - Verify element property value successfully

2023-10-16 14:14:26 - [TEST_STEP][PASSED] - verifyElementPropertyValue(getResponse, "offers[11].groups[0].pricingPlans[0].pricingPlanData[0].showIn[0]", "VERTICAL_MODE"): Verify element property value successfully

2023-10-16 14:14:26 - [MESSAGE][PASSED] - Verify element property value successfully

2023-10-16 14:14:26 - [TEST_STEP][PASSED] - verifyElementPropertyValue(getResponse, "offers[11].groups[0].pricingPlans[0].pricingPlanData[0].showIn[1]", "HORIZONTAL_MODE"): Verify element property value successfully

2023-10-16 14:14:26 - [MESSAGE][PASSED] - Verify element property value successfully

2023-10-16 14:14:26 - [TEST_STEP][PASSED] - verifyElementPropertyValue(getResponse, "offers[11].groups[0].pricingPlans[0].pricingPlanData[0].priceLabel", "4.89"): Verify element property value successfully

2023-10-16 14:14:26 - [MESSAGE][PASSED] - Verify element property value successfully

2023-10-16 14:14:26 - [TEST_STEP][PASSED] - verifyElementPropertyValue(getResponse, "offers[11].groups[0].pricingPlans[0].pricingPlanData[0].currencyLabel", "BHD"): Verify element property value successfully

2023-10-16 14:14:26 - [MESSAGE][PASSED] - Verify element property value successfully

2023-10-16 14:14:26 - [TEST_STEP][PASSED] - verifyElementPropertyValue(getResponse, "offers[11].groups[0].pricingPlans[0].pricingPlanData[0].dealId", "BYG_SPORT_30P_BHR"): Verify element property value successfully

2023-10-16 14:14:26 - [MESSAGE][PASSED] - Verify element property value successfully

2023-10-16 14:14:26 - [TEST_STEP][PASSED] - verifyElementPropertyValue(getResponse, "offers[11].groups[0].pricingPlans[0].pricingPlanData[0].allowedForAcquisition", "true"): Verify element property value successfully

2023-10-16 14:14:26 - [MESSAGE][PASSED] - Verify element property value successfully

2023-10-16 14:14:26 - [TEST_STEP][PASSED] - verifyElementPropertyValue(getResponse, "offers[11].groups[0].pricingPlans[0].pricingPlanData[0].visualElements[0].key", "title"): Verify element property value successfully

2023-10-16 14:14:26 - [MESSAGE][PASSED] - Verify element property value successfully

2023-10-16 14:14:26 - [TEST_STEP][PASSED] - verifyElementPropertyValue(getResponse, "offers[11].groups[0].pricingPlans[0].pricingPlanData[0].visualElements[0].value", "Carte de crédit/débit"): Verify element property value successfully

2023-10-16 14:14:26 - [MESSAGE][PASSED] - Verify element property value successfully

2023-10-16 14:14:26 - [TEST_STEP][PASSED] - verifyElementPropertyValue(getResponse, "offers[11].groups[0].pricingPlans[0].pricingPlanData[0].visualElements[1].key", "CTA_text"): Verify element property value successfully

2023-10-16 14:14:26 - [MESSAGE][PASSED] - Verify element property value successfully

2023-10-16 14:14:26 - [TEST_STEP][PASSED] - verifyElementPropertyValue(getResponse, "offers[11].groups[0].pricingPlans[0].pricingPlanData[0].visualElements[1].value", "S’abonner"): Verify element property value successfully

2023-10-16 14:14:26 - [MESSAGE][PASSED] - Verify element property value successfully

2023-10-16 14:14:26 - [TEST_STEP][PASSED] - verifyElementPropertyValue(getResponse, "offers[11].groups[0].pricingPlans[0].pricingPlanData[0].visualElements[2].key", "logo"): Verify element property value successfully

2023-10-16 14:14:26 - [MESSAGE][PASSED] - Verify element property value successfully

2023-10-16 14:14:26 - [TEST_STEP][PASSED] - verifyElementPropertyValue(getResponse, "offers[11].groups[0].pricingPlans[0].pricingPlanData[0].visualElements[2].value", "https://static.s3.shahid.mbc.net/widget-images/icons/iconCreditCard.png"): Verify element property value successfully

2023-10-16 14:14:26 - [MESSAGE][PASSED] - Verify element property value successfully

2023-10-16 14:14:26 - [TEST_STEP][PASSED] - verifyElementPropertyValue(getResponse, "offers[12].offerId", "byg-sport-40-offer"): Verify element property value successfully

2023-10-16 14:14:26 - [MESSAGE][PASSED] - Verify element property value successfully

2023-10-16 14:14:26 - [TEST_STEP][PASSED] - verifyElementPropertyValue(getResponse, "offers[12].offerParam", "bygsportsoffer40"): Verify element property value successfully

2023-10-16 14:14:26 - [MESSAGE][PASSED] - Verify element property value successfully

2023-10-16 14:14:27 - [TEST_STEP][PASSED] - verifyElementPropertyValue(getResponse, "offers[12].groups[0].pricingPlans[0].featured", "true"): Verify element property value successfully

2023-10-16 14:14:27 - [MESSAGE][PASSED] - Verify element property value successfully

2023-10-16 14:14:27 - [TEST_STEP][PASSED] - verifyElementPropertyValue(getResponse, "offers[12].groups[0].pricingPlans[0].period", "monthly"): Verify element property value successfully

2023-10-16 14:14:27 - [MESSAGE][PASSED] - Verify element property value successfully

2023-10-16 14:14:27 - [TEST_STEP][PASSED] - verifyElementPropertyValue(getResponse, "offers[12].groups[0].pricingPlans[0].featured", "true"): Verify element property value successfully

2023-10-16 14:14:27 - [MESSAGE][PASSED] - Verify element property value successfully

2023-10-16 14:14:27 - [TEST_STEP][PASSED] - verifyElementPropertyValue(getResponse, "offers[12].groups[0].pricingPlans[0].price", "4.19"): Verify element property value successfully

2023-10-16 14:14:27 - [MESSAGE][PASSED] - Verify element property value successfully

2023-10-16 14:14:27 - [TEST_STEP][PASSED] - verifyElementPropertyValue(getResponse, "offers[12].groups[0].pricingPlans[0].currency", "BHD"): Verify element property value successfully

2023-10-16 14:14:27 - [MESSAGE][PASSED] - Verify element property value successfully

2023-10-16 14:14:27 - [TEST_STEP][PASSED] - verifyElementPropertyValue(getResponse, "offers[12].groups[0].pricingPlans[0].order", "0"): Verify element property value successfully

2023-10-16 14:14:27 - [MESSAGE][PASSED] - Verify element property value successfully

2023-10-16 14:14:27 - [TEST_STEP][PASSED] - verifyElementPropertyValue(getResponse, "offers[12].groups[0].pricingPlans[0].packageId", "SHAHID_VIP_SPORT"): Verify element property value successfully

2023-10-16 14:14:27 - [MESSAGE][PASSED] - Verify element property value successfully

2023-10-16 14:14:27 - [TEST_STEP][PASSED] - verifyElementPropertyValue(getResponse, "offers[12].groups[0].pricingPlans[0].catalogId", "SPORT"): Verify element property value successfully

2023-10-16 14:14:27 - [MESSAGE][PASSED] - Verify element property value successfully

2023-10-16 14:14:27 - [TEST_STEP][PASSED] - verifyElementPropertyValue(getResponse, "offers[12].groups[0].pricingPlans[0].visualElements[0].key", "Header_1_text"): Verify element property value successfully

2023-10-16 14:14:27 - [MESSAGE][PASSED] - Verify element property value successfully

2023-10-16 14:14:27 - [TEST_STEP][PASSED] - verifyElementPropertyValue(getResponse, "offers[12].groups[0].pricingPlans[0].visualElements[0].value", "Abonnez-vous dès maintenant et profitez de vos programmes sans publicité"): Verify element property value successfully

2023-10-16 14:14:27 - [MESSAGE][PASSED] - Verify element property value successfully

2023-10-16 14:14:27 - [TEST_STEP][PASSED] - verifyElementPropertyValue(getResponse, "offers[12].groups[0].pricingPlans[0].visualElements[1].key", "display_title"): Verify element property value successfully

2023-10-16 14:14:27 - [MESSAGE][PASSED] - Verify element property value successfully

2023-10-16 14:14:27 - [TEST_STEP][PASSED] - verifyElementPropertyValue(getResponse, "offers[12].groups[0].pricingPlans[0].visualElements[1].value", "40% de réduction"): Verify element property value successfully

2023-10-16 14:14:27 - [MESSAGE][PASSED] - Verify element property value successfully

2023-10-16 14:14:27 - [TEST_STEP][PASSED] - verifyElementPropertyValue(getResponse, "offers[12].groups[0].pricingPlans[0].visualElements[3].key", "deduction_text"): Verify element property value successfully

2023-10-16 14:14:27 - [MESSAGE][PASSED] - Verify element property value successfully

2023-10-16 14:14:27 - [TEST_STEP][PASSED] - verifyElementPropertyValue(getResponse, "offers[12].groups[0].pricingPlans[0].visualElements[3].value", "facturation mensuelle"): Verify element property value successfully

2023-10-16 14:14:27 - [MESSAGE][PASSED] - Verify element property value successfully

2023-10-16 14:14:27 - [TEST_STEP][PASSED] - verifyElementPropertyValue(getResponse, "offers[12].groups[0].pricingPlans[0].visualElements[6].key", "show_payment_logo"): Verify element property value successfully

2023-10-16 14:14:27 - [MESSAGE][PASSED] - Verify element property value successfully

2023-10-16 14:14:27 - [TEST_STEP][PASSED] - verifyElementPropertyValue(getResponse, "offers[12].groups[0].pricingPlans[0].visualElements[6].value", "true"): Verify element property value successfully

2023-10-16 14:14:27 - [MESSAGE][PASSED] - Verify element property value successfully

2023-10-16 14:14:27 - [TEST_STEP][PASSED] - verifyElementPropertyValue(getResponse, "offers[12].groups[0].pricingPlans[0].visualElements[8].key", "price"): Verify element property value successfully

2023-10-16 14:14:27 - [MESSAGE][PASSED] - Verify element property value successfully

2023-10-16 14:14:27 - [TEST_STEP][PASSED] - verifyElementPropertyValue(getResponse, "offers[12].groups[0].pricingPlans[0].visualElements[8].value", "4.19"): Verify element property value successfully

2023-10-16 14:14:27 - [MESSAGE][PASSED] - Verify element property value successfully

2023-10-16 14:14:27 - [TEST_STEP][PASSED] - verifyElementPropertyValue(getResponse, "offers[12].groups[0].pricingPlans[0].visualElements[9].key", "currency"): Verify element property value successfully

2023-10-16 14:14:27 - [MESSAGE][PASSED] - Verify element property value successfully

2023-10-16 14:14:27 - [TEST_STEP][PASSED] - verifyElementPropertyValue(getResponse, "offers[12].groups[0].pricingPlans[0].visualElements[9].value", "BHD"): Verify element property value successfully

2023-10-16 14:14:27 - [MESSAGE][PASSED] - Verify element property value successfully

2023-10-16 14:14:27 - [TEST_STEP][PASSED] - verifyElementPropertyValue(getResponse, "offers[12].groups[0].pricingPlans[0].visualElements[10].key", "duration"): Verify element property value successfully

2023-10-16 14:14:27 - [MESSAGE][PASSED] - Verify element property value successfully

2023-10-16 14:14:27 - [TEST_STEP][PASSED] - verifyElementPropertyValue(getResponse, "offers[12].groups[0].pricingPlans[0].visualElements[10].value", "Mensuel"): Verify element property value successfully

2023-10-16 14:14:27 - [MESSAGE][PASSED] - Verify element property value successfully

2023-10-16 14:14:27 - [TEST_STEP][PASSED] - verifyElementPropertyValue(getResponse, "offers[12].groups[0].pricingPlans[0].visualElements[11].key", "featured_tag_text"): Verify element property value successfully

2023-10-16 14:14:27 - [MESSAGE][PASSED] - Verify element property value successfully

2023-10-16 14:14:27 - [TEST_STEP][PASSED] - verifyElementPropertyValue(getResponse, "offers[12].groups[0].pricingPlans[0].visualElements[11].value", "Offre limitée"): Verify element property value successfully

2023-10-16 14:14:27 - [MESSAGE][PASSED] - Verify element property value successfully

2023-10-16 14:14:27 - [TEST_STEP][PASSED] - verifyElementPropertyValue(getResponse, "offers[12].groups[0].pricingPlans[0].visualElements[13].key", "tag_text"): Verify element property value successfully

2023-10-16 14:14:27 - [MESSAGE][PASSED] - Verify element property value successfully

2023-10-16 14:14:27 - [TEST_STEP][PASSED] - verifyElementPropertyValue(getResponse, "offers[12].groups[0].pricingPlans[0].visualElements[13].value", "Économisez 40% "): Verify element property value successfully

2023-10-16 14:14:27 - [MESSAGE][PASSED] - Verify element property value successfully

2023-10-16 14:14:27 - [TEST_STEP][PASSED] - verifyElementPropertyValue(getResponse, "offers[12].groups[0].pricingPlans[0].visualElements[12].key", "show_tag"): Verify element property value successfully

2023-10-16 14:14:27 - [MESSAGE][PASSED] - Verify element property value successfully

2023-10-16 14:14:27 - [TEST_STEP][PASSED] - verifyElementPropertyValue(getResponse, "offers[12].groups[0].pricingPlans[0].visualElements[12].value", "true"): Verify element property value successfully

2023-10-16 14:14:27 - [MESSAGE][PASSED] - Verify element property value successfully

2023-10-16 14:14:27 - [TEST_STEP][PASSED] - verifyElementPropertyValue(getResponse, "offers[12].groups[0].pricingPlans[0].pricingPlanData[0].productId", "BHR_B2C_SHAHID_VIP_SPORT_1M"): Verify element property value successfully

2023-10-16 14:14:27 - [MESSAGE][PASSED] - Verify element property value successfully

2023-10-16 14:14:27 - [TEST_STEP][PASSED] - verifyElementPropertyValue(getResponse, "offers[12].groups[0].pricingPlans[0].pricingPlanData[0].paymentMethod", "CREDIT_CARD"): Verify element property value successfully

2023-10-16 14:14:27 - [MESSAGE][PASSED] - Verify element property value successfully

2023-10-16 14:14:27 - [TEST_STEP][PASSED] - verifyElementPropertyValue(getResponse, "offers[12].groups[0].pricingPlans[0].pricingPlanData[0].freeTrialEnabled", "false"): Verify element property value successfully

2023-10-16 14:14:27 - [MESSAGE][PASSED] - Verify element property value successfully

2023-10-16 14:14:27 - [TEST_STEP][PASSED] - verifyElementPropertyValue(getResponse, "offers[12].groups[0].pricingPlans[0].pricingPlanData[0].showIn[0]", "VERTICAL_MODE"): Verify element property value successfully

2023-10-16 14:14:27 - [MESSAGE][PASSED] - Verify element property value successfully

2023-10-16 14:14:27 - [TEST_STEP][PASSED] - verifyElementPropertyValue(getResponse, "offers[12].groups[0].pricingPlans[0].pricingPlanData[0].showIn[1]", "HORIZONTAL_MODE"): Verify element property value successfully

2023-10-16 14:14:27 - [MESSAGE][PASSED] - Verify element property value successfully

2023-10-16 14:14:27 - [TEST_STEP][PASSED] - verifyElementPropertyValue(getResponse, "offers[12].groups[0].pricingPlans[0].pricingPlanData[0].priceLabel", "4.19"): Verify element property value successfully

2023-10-16 14:14:27 - [MESSAGE][PASSED] - Verify element property value successfully

2023-10-16 14:14:27 - [TEST_STEP][PASSED] - verifyElementPropertyValue(getResponse, "offers[12].groups[0].pricingPlans[0].pricingPlanData[0].currencyLabel", "BHD"): Verify element property value successfully

2023-10-16 14:14:27 - [MESSAGE][PASSED] - Verify element property value successfully

2023-10-16 14:14:27 - [TEST_STEP][PASSED] - verifyElementPropertyValue(getResponse, "offers[12].groups[0].pricingPlans[0].pricingPlanData[0].dealId", "BYG_SPORT_40P_BHR"): Verify element property value successfully

2023-10-16 14:14:27 - [MESSAGE][PASSED] - Verify element property value successfully

2023-10-16 14:14:27 - [TEST_STEP][PASSED] - verifyElementPropertyValue(getResponse, "offers[12].groups[0].pricingPlans[0].pricingPlanData[0].allowedForAcquisition", "true"): Verify element property value successfully

2023-10-16 14:14:27 - [MESSAGE][PASSED] - Verify element property value successfully

2023-10-16 14:14:27 - [TEST_STEP][PASSED] - verifyElementPropertyValue(getResponse, "offers[12].groups[0].pricingPlans[0].pricingPlanData[0].visualElements[0].key", "title"): Verify element property value successfully

2023-10-16 14:14:27 - [MESSAGE][PASSED] - Verify element property value successfully

2023-10-16 14:14:27 - [TEST_STEP][PASSED] - verifyElementPropertyValue(getResponse, "offers[12].groups[0].pricingPlans[0].pricingPlanData[0].visualElements[0].value", "Carte de crédit/débit"): Verify element property value successfully

2023-10-16 14:14:27 - [MESSAGE][PASSED] - Verify element property value successfully

2023-10-16 14:14:27 - [TEST_STEP][PASSED] - verifyElementPropertyValue(getResponse, "offers[12].groups[0].pricingPlans[0].pricingPlanData[0].visualElements[1].key", "CTA_text"): Verify element property value successfully

2023-10-16 14:14:27 - [MESSAGE][PASSED] - Verify element property value successfully

2023-10-16 14:14:27 - [TEST_STEP][PASSED] - verifyElementPropertyValue(getResponse, "offers[12].groups[0].pricingPlans[0].pricingPlanData[0].visualElements[1].value", "S’abonner"): Verify element property value successfully

2023-10-16 14:14:27 - [MESSAGE][PASSED] - Verify element property value successfully

2023-10-16 14:14:27 - [TEST_STEP][PASSED] - verifyElementPropertyValue(getResponse, "offers[12].groups[0].pricingPlans[0].pricingPlanData[0].visualElements[2].key", "logo"): Verify element property value successfully

2023-10-16 14:14:27 - [MESSAGE][PASSED] - Verify element property value successfully

2023-10-16 14:14:27 - [TEST_STEP][PASSED] - verifyElementPropertyValue(getResponse, "offers[12].groups[0].pricingPlans[0].pricingPlanData[0].visualElements[2].value", "https://static.s3.shahid.mbc.net/widget-images/icons/iconCreditCard.png"): Verify element property value successfully

2023-10-16 14:14:27 - [MESSAGE][PASSED] - Verify element property value successfully

2023-10-16 14:14:27 - [TEST_STEP][PASSED] - verifyElementPropertyValue(getResponse, "offers[13].offerId", "byg-sport-50-offer"): Verify element property value successfully

2023-10-16 14:14:27 - [MESSAGE][PASSED] - Verify element property value successfully

2023-10-16 14:14:27 - [TEST_STEP][PASSED] - verifyElementPropertyValue(getResponse, "offers[13].offerParam", "bygsportsoffer50"): Verify element property value successfully

2023-10-16 14:14:27 - [MESSAGE][PASSED] - Verify element property value successfully

2023-10-16 14:14:27 - [TEST_STEP][PASSED] - verifyElementPropertyValue(getResponse, "offers[13].groups[0].pricingPlans[0].featured", "true"): Verify element property value successfully

2023-10-16 14:14:27 - [MESSAGE][PASSED] - Verify element property value successfully

2023-10-16 14:14:27 - [TEST_STEP][PASSED] - verifyElementPropertyValue(getResponse, "offers[13].groups[0].pricingPlans[0].period", "monthly"): Verify element property value successfully

2023-10-16 14:14:27 - [MESSAGE][PASSED] - Verify element property value successfully

2023-10-16 14:14:27 - [TEST_STEP][PASSED] - verifyElementPropertyValue(getResponse, "offers[13].groups[0].pricingPlans[0].featured", "true"): Verify element property value successfully

2023-10-16 14:14:27 - [MESSAGE][PASSED] - Verify element property value successfully

2023-10-16 14:14:27 - [TEST_STEP][PASSED] - verifyElementPropertyValue(getResponse, "offers[13].groups[0].pricingPlans[0].price", "3.49"): Verify element property value successfully

2023-10-16 14:14:27 - [MESSAGE][PASSED] - Verify element property value successfully

2023-10-16 14:14:27 - [TEST_STEP][PASSED] - verifyElementPropertyValue(getResponse, "offers[13].groups[0].pricingPlans[0].currency", "BHD"): Verify element property value successfully

2023-10-16 14:14:27 - [MESSAGE][PASSED] - Verify element property value successfully

2023-10-16 14:14:27 - [TEST_STEP][PASSED] - verifyElementPropertyValue(getResponse, "offers[13].groups[0].pricingPlans[0].order", "0"): Verify element property value successfully

2023-10-16 14:14:27 - [MESSAGE][PASSED] - Verify element property value successfully

2023-10-16 14:14:27 - [TEST_STEP][PASSED] - verifyElementPropertyValue(getResponse, "offers[13].groups[0].pricingPlans[0].packageId", "SHAHID_VIP_SPORT"): Verify element property value successfully

2023-10-16 14:14:27 - [MESSAGE][PASSED] - Verify element property value successfully

2023-10-16 14:14:27 - [TEST_STEP][PASSED] - verifyElementPropertyValue(getResponse, "offers[13].groups[0].pricingPlans[0].catalogId", "SPORT"): Verify element property value successfully

2023-10-16 14:14:27 - [MESSAGE][PASSED] - Verify element property value successfully

2023-10-16 14:14:27 - [TEST_STEP][PASSED] - verifyElementPropertyValue(getResponse, "offers[13].groups[0].pricingPlans[0].visualElements[0].key", "Header_1_text"): Verify element property value successfully

2023-10-16 14:14:27 - [MESSAGE][PASSED] - Verify element property value successfully

2023-10-16 14:14:27 - [TEST_STEP][PASSED] - verifyElementPropertyValue(getResponse, "offers[13].groups[0].pricingPlans[0].visualElements[0].value", "Abonnez-vous dès maintenant et profitez de vos programmes sans publicité"): Verify element property value successfully

2023-10-16 14:14:27 - [MESSAGE][PASSED] - Verify element property value successfully

2023-10-16 14:14:27 - [TEST_STEP][PASSED] - verifyElementPropertyValue(getResponse, "offers[13].groups[0].pricingPlans[0].visualElements[1].key", "display_title"): Verify element property value successfully

2023-10-16 14:14:27 - [MESSAGE][PASSED] - Verify element property value successfully

2023-10-16 14:14:27 - [TEST_STEP][PASSED] - verifyElementPropertyValue(getResponse, "offers[13].groups[0].pricingPlans[0].visualElements[1].value", "50% de réduction"): Verify element property value successfully

2023-10-16 14:14:27 - [MESSAGE][PASSED] - Verify element property value successfully

2023-10-16 14:14:27 - [TEST_STEP][PASSED] - verifyElementPropertyValue(getResponse, "offers[13].groups[0].pricingPlans[0].visualElements[3].key", "deduction_text"): Verify element property value successfully

2023-10-16 14:14:27 - [MESSAGE][PASSED] - Verify element property value successfully

2023-10-16 14:14:27 - [TEST_STEP][PASSED] - verifyElementPropertyValue(getResponse, "offers[13].groups[0].pricingPlans[0].visualElements[3].value", "facturation mensuelle"): Verify element property value successfully

2023-10-16 14:14:27 - [MESSAGE][PASSED] - Verify element property value successfully

2023-10-16 14:14:27 - [TEST_STEP][PASSED] - verifyElementPropertyValue(getResponse, "offers[13].groups[0].pricingPlans[0].visualElements[6].key", "show_payment_logo"): Verify element property value successfully

2023-10-16 14:14:27 - [MESSAGE][PASSED] - Verify element property value successfully

2023-10-16 14:14:27 - [TEST_STEP][PASSED] - verifyElementPropertyValue(getResponse, "offers[13].groups[0].pricingPlans[0].visualElements[6].value", "true"): Verify element property value successfully

2023-10-16 14:14:27 - [MESSAGE][PASSED] - Verify element property value successfully

2023-10-16 14:14:27 - [TEST_STEP][PASSED] - verifyElementPropertyValue(getResponse, "offers[13].groups[0].pricingPlans[0].visualElements[8].key", "price"): Verify element property value successfully

2023-10-16 14:14:27 - [MESSAGE][PASSED] - Verify element property value successfully

2023-10-16 14:14:27 - [TEST_STEP][PASSED] - verifyElementPropertyValue(getResponse, "offers[13].groups[0].pricingPlans[0].visualElements[8].value", "3.49"): Verify element property value successfully

2023-10-16 14:14:27 - [MESSAGE][PASSED] - Verify element property value successfully

2023-10-16 14:14:27 - [TEST_STEP][PASSED] - verifyElementPropertyValue(getResponse, "offers[13].groups[0].pricingPlans[0].visualElements[9].key", "currency"): Verify element property value successfully

2023-10-16 14:14:27 - [MESSAGE][PASSED] - Verify element property value successfully

2023-10-16 14:14:27 - [TEST_STEP][PASSED] - verifyElementPropertyValue(getResponse, "offers[13].groups[0].pricingPlans[0].visualElements[9].value", "BHD"): Verify element property value successfully

2023-10-16 14:14:27 - [MESSAGE][PASSED] - Verify element property value successfully

2023-10-16 14:14:27 - [TEST_STEP][PASSED] - verifyElementPropertyValue(getResponse, "offers[13].groups[0].pricingPlans[0].visualElements[10].key", "duration"): Verify element property value successfully

2023-10-16 14:14:27 - [MESSAGE][PASSED] - Verify element property value successfully

2023-10-16 14:14:27 - [TEST_STEP][PASSED] - verifyElementPropertyValue(getResponse, "offers[13].groups[0].pricingPlans[0].visualElements[10].value", "Mensuel"): Verify element property value successfully

2023-10-16 14:14:27 - [MESSAGE][PASSED] - Verify element property value successfully

2023-10-16 14:14:27 - [TEST_STEP][PASSED] - verifyElementPropertyValue(getResponse, "offers[13].groups[0].pricingPlans[0].visualElements[11].key", "featured_tag_text"): Verify element property value successfully

2023-10-16 14:14:27 - [MESSAGE][PASSED] - Verify element property value successfully

2023-10-16 14:14:27 - [TEST_STEP][PASSED] - verifyElementPropertyValue(getResponse, "offers[13].groups[0].pricingPlans[0].visualElements[11].value", "Offre limitée"): Verify element property value successfully

2023-10-16 14:14:27 - [MESSAGE][PASSED] - Verify element property value successfully

2023-10-16 14:14:27 - [TEST_STEP][PASSED] - verifyElementPropertyValue(getResponse, "offers[13].groups[0].pricingPlans[0].visualElements[13].key", "tag_text"): Verify element property value successfully

2023-10-16 14:14:27 - [MESSAGE][PASSED] - Verify element property value successfully

2023-10-16 14:14:27 - [TEST_STEP][PASSED] - verifyElementPropertyValue(getResponse, "offers[13].groups[0].pricingPlans[0].visualElements[13].value", "Économisez 50% "): Verify element property value successfully

2023-10-16 14:14:27 - [MESSAGE][PASSED] - Verify element property value successfully

2023-10-16 14:14:27 - [TEST_STEP][PASSED] - verifyElementPropertyValue(getResponse, "offers[13].groups[0].pricingPlans[0].visualElements[12].key", "show_tag"): Verify element property value successfully

2023-10-16 14:14:27 - [MESSAGE][PASSED] - Verify element property value successfully

2023-10-16 14:14:27 - [TEST_STEP][PASSED] - verifyElementPropertyValue(getResponse, "offers[13].groups[0].pricingPlans[0].visualElements[12].value", "true"): Verify element property value successfully

2023-10-16 14:14:27 - [MESSAGE][PASSED] - Verify element property value successfully

2023-10-16 14:14:27 - [TEST_STEP][PASSED] - verifyElementPropertyValue(getResponse, "offers[13].groups[0].pricingPlans[0].pricingPlanData[0].productId", "BHR_B2C_SHAHID_VIP_SPORT_1M"): Verify element property value successfully

2023-10-16 14:14:27 - [MESSAGE][PASSED] - Verify element property value successfully

2023-10-16 14:14:27 - [TEST_STEP][PASSED] - verifyElementPropertyValue(getResponse, "offers[13].groups[0].pricingPlans[0].pricingPlanData[0].paymentMethod", "CREDIT_CARD"): Verify element property value successfully

2023-10-16 14:14:27 - [MESSAGE][PASSED] - Verify element property value successfully

2023-10-16 14:14:27 - [TEST_STEP][PASSED] - verifyElementPropertyValue(getResponse, "offers[13].groups[0].pricingPlans[0].pricingPlanData[0].freeTrialEnabled", "false"): Verify element property value successfully

2023-10-16 14:14:27 - [MESSAGE][PASSED] - Verify element property value successfully

2023-10-16 14:14:27 - [TEST_STEP][PASSED] - verifyElementPropertyValue(getResponse, "offers[13].groups[0].pricingPlans[0].pricingPlanData[0].showIn[0]", "VERTICAL_MODE"): Verify element property value successfully

2023-10-16 14:14:27 - [MESSAGE][PASSED] - Verify element property value successfully

2023-10-16 14:14:27 - [TEST_STEP][PASSED] - verifyElementPropertyValue(getResponse, "offers[13].groups[0].pricingPlans[0].pricingPlanData[0].showIn[1]", "HORIZONTAL_MODE"): Verify element property value successfully

2023-10-16 14:14:27 - [MESSAGE][PASSED] - Verify element property value successfully

2023-10-16 14:14:27 - [TEST_STEP][PASSED] - verifyElementPropertyValue(getResponse, "offers[13].groups[0].pricingPlans[0].pricingPlanData[0].priceLabel", "3.49"): Verify element property value successfully

2023-10-16 14:14:27 - [MESSAGE][PASSED] - Verify element property value successfully

2023-10-16 14:14:27 - [TEST_STEP][PASSED] - verifyElementPropertyValue(getResponse, "offers[13].groups[0].pricingPlans[0].pricingPlanData[0].currencyLabel", "BHD"): Verify element property value successfully

2023-10-16 14:14:27 - [MESSAGE][PASSED] - Verify element property value successfully

2023-10-16 14:14:27 - [TEST_STEP][PASSED] - verifyElementPropertyValue(getResponse, "offers[13].groups[0].pricingPlans[0].pricingPlanData[0].dealId", "BYG_SPORT_50P_BHR"): Verify element property value successfully

2023-10-16 14:14:27 - [MESSAGE][PASSED] - Verify element property value successfully

2023-10-16 14:14:27 - [TEST_STEP][PASSED] - verifyElementPropertyValue(getResponse, "offers[13].groups[0].pricingPlans[0].pricingPlanData[0].allowedForAcquisition", "true"): Verify element property value successfully

2023-10-16 14:14:27 - [MESSAGE][PASSED] - Verify element property value successfully

2023-10-16 14:14:27 - [TEST_STEP][PASSED] - verifyElementPropertyValue(getResponse, "offers[13].groups[0].pricingPlans[0].pricingPlanData[0].visualElements[0].key", "title"): Verify element property value successfully

2023-10-16 14:14:27 - [MESSAGE][PASSED] - Verify element property value successfully

2023-10-16 14:14:27 - [TEST_STEP][PASSED] - verifyElementPropertyValue(getResponse, "offers[13].groups[0].pricingPlans[0].pricingPlanData[0].visualElements[0].value", "Carte de crédit/débit"): Verify element property value successfully

2023-10-16 14:14:27 - [MESSAGE][PASSED] - Verify element property value successfully

2023-10-16 14:14:27 - [TEST_STEP][PASSED] - verifyElementPropertyValue(getResponse, "offers[13].groups[0].pricingPlans[0].pricingPlanData[0].visualElements[1].key", "CTA_text"): Verify element property value successfully

2023-10-16 14:14:27 - [MESSAGE][PASSED] - Verify element property value successfully

2023-10-16 14:14:27 - [TEST_STEP][PASSED] - verifyElementPropertyValue(getResponse, "offers[13].groups[0].pricingPlans[0].pricingPlanData[0].visualElements[1].value", "S’abonner"): Verify element property value successfully

2023-10-16 14:14:28 - [MESSAGE][PASSED] - Verify element property value successfully

2023-10-16 14:14:28 - [TEST_STEP][PASSED] - verifyElementPropertyValue(getResponse, "offers[13].groups[0].pricingPlans[0].pricingPlanData[0].visualElements[2].key", "logo"): Verify element property value successfully

2023-10-16 14:14:28 - [MESSAGE][PASSED] - Verify element property value successfully

2023-10-16 14:14:28 - [TEST_STEP][PASSED] - verifyElementPropertyValue(getResponse, "offers[13].groups[0].pricingPlans[0].pricingPlanData[0].visualElements[2].value", "https://static.s3.shahid.mbc.net/widget-images/icons/iconCreditCard.png"): Verify element property value successfully

2023-10-16 14:14:28 - [MESSAGE][PASSED] - Verify element property value successfully]]></system-out>
         <system-err><![CDATA[]]></system-err>
      </testcase>
      <testcase name="Test Cases/WEB - CHROME/BHR PI/WEB_FR_getOffersForBHR_VIP" time="3.708" classname="Test Cases/WEB - CHROME/BHR PI/WEB_FR_getOffersForBHR_VIP" status="PASSED">
         <system-out><![CDATA[2023-10-16 14:14:28 - [TEST_CASE][PASSED] - Test Cases/WEB - CHROME/BHR PI/WEB_FR_getOffersForBHR_VIP: Test Cases/WEB - CHROME/BHR PI/WEB_FR_getOffersForBHR_VIP

2023-10-16 14:14:28 - [TEST_STEP][PASSED] - getResponse = config_files.getConfigFile.getConfig("WEB", "FR", "SHAHID_VIP", "BH", "false"): config_files.getConfigFile.getConfig is PASSED

2023-10-16 14:14:29 - [MESSAGE][INFO] - HAR: /Users/admin/git/shahid-configuration/Reports/20231016_140310/WEB/BHR/20231016_140329/requests/main/9.har

2023-10-16 14:14:29 - [MESSAGE][PASSED] - Send request successfully

2023-10-16 14:14:29 - [MESSAGE][PASSED] - config_files.getConfigFile.getConfig is PASSED

2023-10-16 14:14:29 - [TEST_STEP][PASSED] - verifyResponseStatusCode(getResponse, 200): Verify response status code successfully

2023-10-16 14:14:29 - [MESSAGE][PASSED] - Verify response status code successfully

2023-10-16 14:14:29 - [TEST_STEP][PASSED] - verifyElementPropertyValue(getResponse, "country", "BHR"): Verify element property value successfully

2023-10-16 14:14:29 - [MESSAGE][PASSED] - Verify element property value successfully

2023-10-16 14:14:29 - [TEST_STEP][PASSED] - verifyElementPropertyValue(getResponse, "platform", "[WEB]"): Verify element property value successfully

2023-10-16 14:14:29 - [MESSAGE][PASSED] - Verify element property value successfully

2023-10-16 14:14:29 - [TEST_STEP][PASSED] - verifyElementPropertyValue(getResponse, "offers[0].offerId", "winback-30-offer"): Verify element property value successfully

2023-10-16 14:14:29 - [MESSAGE][PASSED] - Verify element property value successfully

2023-10-16 14:14:29 - [TEST_STEP][PASSED] - verifyElementPropertyValue(getResponse, "offers[0].offerParam", "winback30"): Verify element property value successfully

2023-10-16 14:14:29 - [MESSAGE][PASSED] - Verify element property value successfully

2023-10-16 14:14:29 - [TEST_STEP][PASSED] - verifyElementPropertyValue(getResponse, "offers[0].groups[0].pricingPlans[0].featured", "true"): Verify element property value successfully

2023-10-16 14:14:29 - [MESSAGE][PASSED] - Verify element property value successfully

2023-10-16 14:14:29 - [TEST_STEP][PASSED] - verifyElementPropertyValue(getResponse, "offers[0].groups[0].pricingPlans[0].period", "monthly"): Verify element property value successfully

2023-10-16 14:14:29 - [MESSAGE][PASSED] - Verify element property value successfully

2023-10-16 14:14:29 - [TEST_STEP][PASSED] - verifyElementPropertyValue(getResponse, "offers[0].groups[0].pricingPlans[0].featured", "true"): Verify element property value successfully

2023-10-16 14:14:29 - [MESSAGE][PASSED] - Verify element property value successfully

2023-10-16 14:14:29 - [TEST_STEP][PASSED] - verifyElementPropertyValue(getResponse, "offers[0].groups[0].pricingPlans[0].price", "2.79"): Verify element property value successfully

2023-10-16 14:14:29 - [MESSAGE][PASSED] - Verify element property value successfully

2023-10-16 14:14:29 - [TEST_STEP][PASSED] - verifyElementPropertyValue(getResponse, "offers[0].groups[0].pricingPlans[0].currency", "BHD"): Verify element property value successfully

2023-10-16 14:14:29 - [MESSAGE][PASSED] - Verify element property value successfully

2023-10-16 14:14:29 - [TEST_STEP][PASSED] - verifyElementPropertyValue(getResponse, "offers[0].groups[0].pricingPlans[0].order", "0"): Verify element property value successfully

2023-10-16 14:14:29 - [MESSAGE][PASSED] - Verify element property value successfully

2023-10-16 14:14:29 - [TEST_STEP][PASSED] - verifyElementPropertyValue(getResponse, "offers[0].groups[0].pricingPlans[0].packageId", "SHAHID_VIP"): Verify element property value successfully

2023-10-16 14:14:29 - [MESSAGE][PASSED] - Verify element property value successfully

2023-10-16 14:14:29 - [TEST_STEP][PASSED] - verifyElementPropertyValue(getResponse, "offers[0].groups[0].pricingPlans[0].catalogId", "VIP"): Verify element property value successfully

2023-10-16 14:14:29 - [MESSAGE][PASSED] - Verify element property value successfully

2023-10-16 14:14:29 - [TEST_STEP][PASSED] - verifyElementPropertyValue(getResponse, "offers[0].groups[0].pricingPlans[0].visualElements[0].key", "Header_1_text"): Verify element property value successfully

2023-10-16 14:14:29 - [MESSAGE][PASSED] - Verify element property value successfully

2023-10-16 14:14:29 - [TEST_STEP][PASSED] - verifyElementPropertyValue(getResponse, "offers[0].groups[0].pricingPlans[0].visualElements[0].value", "Abonnez-vous dès maintenant et profitez de vos programmes sans publicité"): Verify element property value successfully

2023-10-16 14:14:29 - [MESSAGE][PASSED] - Verify element property value successfully

2023-10-16 14:14:29 - [TEST_STEP][PASSED] - verifyElementPropertyValue(getResponse, "offers[0].groups[0].pricingPlans[0].visualElements[1].key", "display_title"): Verify element property value successfully

2023-10-16 14:14:29 - [MESSAGE][PASSED] - Verify element property value successfully

2023-10-16 14:14:29 - [TEST_STEP][PASSED] - verifyElementPropertyValue(getResponse, "offers[0].groups[0].pricingPlans[0].visualElements[1].value", "30% de réduction"): Verify element property value successfully

2023-10-16 14:14:29 - [MESSAGE][PASSED] - Verify element property value successfully

2023-10-16 14:14:29 - [TEST_STEP][PASSED] - verifyElementPropertyValue(getResponse, "offers[0].groups[0].pricingPlans[0].visualElements[3].key", "deduction_text"): Verify element property value successfully

2023-10-16 14:14:29 - [MESSAGE][PASSED] - Verify element property value successfully

2023-10-16 14:14:29 - [TEST_STEP][PASSED] - verifyElementPropertyValue(getResponse, "offers[0].groups[0].pricingPlans[0].visualElements[3].value", "facturation mensuelle"): Verify element property value successfully

2023-10-16 14:14:29 - [MESSAGE][PASSED] - Verify element property value successfully

2023-10-16 14:14:29 - [TEST_STEP][PASSED] - verifyElementPropertyValue(getResponse, "offers[0].groups[0].pricingPlans[0].visualElements[6].key", "show_payment_logo"): Verify element property value successfully

2023-10-16 14:14:29 - [MESSAGE][PASSED] - Verify element property value successfully

2023-10-16 14:14:29 - [TEST_STEP][PASSED] - verifyElementPropertyValue(getResponse, "offers[0].groups[0].pricingPlans[0].visualElements[6].value", "true"): Verify element property value successfully

2023-10-16 14:14:29 - [MESSAGE][PASSED] - Verify element property value successfully

2023-10-16 14:14:29 - [TEST_STEP][PASSED] - verifyElementPropertyValue(getResponse, "offers[0].groups[0].pricingPlans[0].visualElements[8].key", "price"): Verify element property value successfully

2023-10-16 14:14:29 - [MESSAGE][PASSED] - Verify element property value successfully

2023-10-16 14:14:29 - [TEST_STEP][PASSED] - verifyElementPropertyValue(getResponse, "offers[0].groups[0].pricingPlans[0].visualElements[8].value", "2.79"): Verify element property value successfully

2023-10-16 14:14:29 - [MESSAGE][PASSED] - Verify element property value successfully

2023-10-16 14:14:29 - [TEST_STEP][PASSED] - verifyElementPropertyValue(getResponse, "offers[0].groups[0].pricingPlans[0].visualElements[9].key", "currency"): Verify element property value successfully

2023-10-16 14:14:29 - [MESSAGE][PASSED] - Verify element property value successfully

2023-10-16 14:14:29 - [TEST_STEP][PASSED] - verifyElementPropertyValue(getResponse, "offers[0].groups[0].pricingPlans[0].visualElements[9].value", "BHD"): Verify element property value successfully

2023-10-16 14:14:29 - [MESSAGE][PASSED] - Verify element property value successfully

2023-10-16 14:14:29 - [TEST_STEP][PASSED] - verifyElementPropertyValue(getResponse, "offers[0].groups[0].pricingPlans[0].visualElements[10].key", "duration"): Verify element property value successfully

2023-10-16 14:14:29 - [MESSAGE][PASSED] - Verify element property value successfully

2023-10-16 14:14:29 - [TEST_STEP][PASSED] - verifyElementPropertyValue(getResponse, "offers[0].groups[0].pricingPlans[0].visualElements[10].value", "Mensuel"): Verify element property value successfully

2023-10-16 14:14:29 - [MESSAGE][PASSED] - Verify element property value successfully

2023-10-16 14:14:29 - [TEST_STEP][PASSED] - verifyElementPropertyValue(getResponse, "offers[0].groups[0].pricingPlans[0].visualElements[11].key", "featured_tag_text"): Verify element property value successfully

2023-10-16 14:14:29 - [MESSAGE][PASSED] - Verify element property value successfully

2023-10-16 14:14:29 - [TEST_STEP][PASSED] - verifyElementPropertyValue(getResponse, "offers[0].groups[0].pricingPlans[0].visualElements[11].value", "Offre limitée"): Verify element property value successfully

2023-10-16 14:14:29 - [MESSAGE][PASSED] - Verify element property value successfully

2023-10-16 14:14:29 - [TEST_STEP][PASSED] - verifyElementPropertyValue(getResponse, "offers[0].groups[0].pricingPlans[0].visualElements[13].key", "tag_text"): Verify element property value successfully

2023-10-16 14:14:29 - [MESSAGE][PASSED] - Verify element property value successfully

2023-10-16 14:14:29 - [TEST_STEP][PASSED] - verifyElementPropertyValue(getResponse, "offers[0].groups[0].pricingPlans[0].visualElements[13].value", "Économisez 30% "): Verify element property value successfully

2023-10-16 14:14:29 - [MESSAGE][PASSED] - Verify element property value successfully

2023-10-16 14:14:29 - [TEST_STEP][PASSED] - verifyElementPropertyValue(getResponse, "offers[0].groups[0].pricingPlans[0].visualElements[12].key", "show_tag"): Verify element property value successfully

2023-10-16 14:14:29 - [MESSAGE][PASSED] - Verify element property value successfully

2023-10-16 14:14:29 - [TEST_STEP][PASSED] - verifyElementPropertyValue(getResponse, "offers[0].groups[0].pricingPlans[0].visualElements[12].value", "true"): Verify element property value successfully

2023-10-16 14:14:29 - [MESSAGE][PASSED] - Verify element property value successfully

2023-10-16 14:14:29 - [TEST_STEP][PASSED] - verifyElementPropertyValue(getResponse, "offers[0].groups[0].pricingPlans[0].pricingPlanData[0].productId", "BHR_B2C_SHAHID_VIP_1M"): Verify element property value successfully

2023-10-16 14:14:29 - [MESSAGE][PASSED] - Verify element property value successfully

2023-10-16 14:14:29 - [TEST_STEP][PASSED] - verifyElementPropertyValue(getResponse, "offers[0].groups[0].pricingPlans[0].pricingPlanData[0].paymentMethod", "CREDIT_CARD"): Verify element property value successfully

2023-10-16 14:14:29 - [MESSAGE][PASSED] - Verify element property value successfully

2023-10-16 14:14:29 - [TEST_STEP][PASSED] - verifyElementPropertyValue(getResponse, "offers[0].groups[0].pricingPlans[0].pricingPlanData[0].freeTrialEnabled", "false"): Verify element property value successfully

2023-10-16 14:14:29 - [MESSAGE][PASSED] - Verify element property value successfully

2023-10-16 14:14:29 - [TEST_STEP][PASSED] - verifyElementPropertyValue(getResponse, "offers[0].groups[0].pricingPlans[0].pricingPlanData[0].showIn[0]", "VERTICAL_MODE"): Verify element property value successfully

2023-10-16 14:14:29 - [MESSAGE][PASSED] - Verify element property value successfully

2023-10-16 14:14:29 - [TEST_STEP][PASSED] - verifyElementPropertyValue(getResponse, "offers[0].groups[0].pricingPlans[0].pricingPlanData[0].showIn[1]", "HORIZONTAL_MODE"): Verify element property value successfully

2023-10-16 14:14:29 - [MESSAGE][PASSED] - Verify element property value successfully

2023-10-16 14:14:29 - [TEST_STEP][PASSED] - verifyElementPropertyValue(getResponse, "offers[0].groups[0].pricingPlans[0].pricingPlanData[0].priceLabel", "2.79"): Verify element property value successfully

2023-10-16 14:14:29 - [MESSAGE][PASSED] - Verify element property value successfully

2023-10-16 14:14:29 - [TEST_STEP][PASSED] - verifyElementPropertyValue(getResponse, "offers[0].groups[0].pricingPlans[0].pricingPlanData[0].currencyLabel", "BHD"): Verify element property value successfully

2023-10-16 14:14:29 - [MESSAGE][PASSED] - Verify element property value successfully

2023-10-16 14:14:29 - [TEST_STEP][PASSED] - verifyElementPropertyValue(getResponse, "offers[0].groups[0].pricingPlans[0].pricingPlanData[0].dealId", "RE_30P_BHR"): Verify element property value successfully

2023-10-16 14:14:29 - [MESSAGE][PASSED] - Verify element property value successfully

2023-10-16 14:14:29 - [TEST_STEP][PASSED] - verifyElementPropertyValue(getResponse, "offers[0].groups[0].pricingPlans[0].pricingPlanData[0].allowedForAcquisition", "true"): Verify element property value successfully

2023-10-16 14:14:29 - [MESSAGE][PASSED] - Verify element property value successfully

2023-10-16 14:14:29 - [TEST_STEP][PASSED] - verifyElementPropertyValue(getResponse, "offers[0].groups[0].pricingPlans[0].pricingPlanData[0].visualElements[0].key", "title"): Verify element property value successfully

2023-10-16 14:14:29 - [MESSAGE][PASSED] - Verify element property value successfully

2023-10-16 14:14:29 - [TEST_STEP][PASSED] - verifyElementPropertyValue(getResponse, "offers[0].groups[0].pricingPlans[0].pricingPlanData[0].visualElements[0].value", "Carte de crédit/débit"): Verify element property value successfully

2023-10-16 14:14:29 - [MESSAGE][PASSED] - Verify element property value successfully

2023-10-16 14:14:29 - [TEST_STEP][PASSED] - verifyElementPropertyValue(getResponse, "offers[0].groups[0].pricingPlans[0].pricingPlanData[0].visualElements[1].key", "CTA_text"): Verify element property value successfully

2023-10-16 14:14:29 - [MESSAGE][PASSED] - Verify element property value successfully

2023-10-16 14:14:29 - [TEST_STEP][PASSED] - verifyElementPropertyValue(getResponse, "offers[0].groups[0].pricingPlans[0].pricingPlanData[0].visualElements[1].value", "S'abonner"): Verify element property value successfully

2023-10-16 14:14:29 - [MESSAGE][PASSED] - Verify element property value successfully

2023-10-16 14:14:29 - [TEST_STEP][PASSED] - verifyElementPropertyValue(getResponse, "offers[0].groups[0].pricingPlans[0].pricingPlanData[0].visualElements[2].key", "logo"): Verify element property value successfully

2023-10-16 14:14:29 - [MESSAGE][PASSED] - Verify element property value successfully

2023-10-16 14:14:29 - [TEST_STEP][PASSED] - verifyElementPropertyValue(getResponse, "offers[0].groups[0].pricingPlans[0].pricingPlanData[0].visualElements[2].value", "https://static.s3.shahid.mbc.net/widget-images/icons/iconCreditCard.png"): Verify element property value successfully

2023-10-16 14:14:29 - [MESSAGE][PASSED] - Verify element property value successfully

2023-10-16 14:14:29 - [TEST_STEP][PASSED] - verifyElementPropertyValue(getResponse, "offers[1].offerId", "winback-40-offer"): Verify element property value successfully

2023-10-16 14:14:29 - [MESSAGE][PASSED] - Verify element property value successfully

2023-10-16 14:14:29 - [TEST_STEP][PASSED] - verifyElementPropertyValue(getResponse, "offers[1].offerParam", "winback40"): Verify element property value successfully

2023-10-16 14:14:29 - [MESSAGE][PASSED] - Verify element property value successfully

2023-10-16 14:14:29 - [TEST_STEP][PASSED] - verifyElementPropertyValue(getResponse, "offers[1].groups[0].pricingPlans[0].featured", "true"): Verify element property value successfully

2023-10-16 14:14:29 - [MESSAGE][PASSED] - Verify element property value successfully

2023-10-16 14:14:29 - [TEST_STEP][PASSED] - verifyElementPropertyValue(getResponse, "offers[1].groups[0].pricingPlans[0].period", "monthly"): Verify element property value successfully

2023-10-16 14:14:29 - [MESSAGE][PASSED] - Verify element property value successfully

2023-10-16 14:14:29 - [TEST_STEP][PASSED] - verifyElementPropertyValue(getResponse, "offers[1].groups[0].pricingPlans[0].featured", "true"): Verify element property value successfully

2023-10-16 14:14:29 - [MESSAGE][PASSED] - Verify element property value successfully

2023-10-16 14:14:29 - [TEST_STEP][PASSED] - verifyElementPropertyValue(getResponse, "offers[1].groups[0].pricingPlans[0].price", "2.39"): Verify element property value successfully

2023-10-16 14:14:29 - [MESSAGE][PASSED] - Verify element property value successfully

2023-10-16 14:14:29 - [TEST_STEP][PASSED] - verifyElementPropertyValue(getResponse, "offers[1].groups[0].pricingPlans[0].currency", "BHD"): Verify element property value successfully

2023-10-16 14:14:29 - [MESSAGE][PASSED] - Verify element property value successfully

2023-10-16 14:14:29 - [TEST_STEP][PASSED] - verifyElementPropertyValue(getResponse, "offers[1].groups[0].pricingPlans[0].order", "0"): Verify element property value successfully

2023-10-16 14:14:29 - [MESSAGE][PASSED] - Verify element property value successfully

2023-10-16 14:14:29 - [TEST_STEP][PASSED] - verifyElementPropertyValue(getResponse, "offers[1].groups[0].pricingPlans[0].packageId", "SHAHID_VIP"): Verify element property value successfully

2023-10-16 14:14:29 - [MESSAGE][PASSED] - Verify element property value successfully

2023-10-16 14:14:29 - [TEST_STEP][PASSED] - verifyElementPropertyValue(getResponse, "offers[1].groups[0].pricingPlans[0].catalogId", "VIP"): Verify element property value successfully

2023-10-16 14:14:29 - [MESSAGE][PASSED] - Verify element property value successfully

2023-10-16 14:14:29 - [TEST_STEP][PASSED] - verifyElementPropertyValue(getResponse, "offers[1].groups[0].pricingPlans[0].visualElements[0].key", "Header_1_text"): Verify element property value successfully

2023-10-16 14:14:29 - [MESSAGE][PASSED] - Verify element property value successfully

2023-10-16 14:14:29 - [TEST_STEP][PASSED] - verifyElementPropertyValue(getResponse, "offers[1].groups[0].pricingPlans[0].visualElements[0].value", "Abonnez-vous dès maintenant et profitez de vos programmes sans publicité"): Verify element property value successfully

2023-10-16 14:14:29 - [MESSAGE][PASSED] - Verify element property value successfully

2023-10-16 14:14:29 - [TEST_STEP][PASSED] - verifyElementPropertyValue(getResponse, "offers[1].groups[0].pricingPlans[0].visualElements[1].key", "display_title"): Verify element property value successfully

2023-10-16 14:14:29 - [MESSAGE][PASSED] - Verify element property value successfully

2023-10-16 14:14:29 - [TEST_STEP][PASSED] - verifyElementPropertyValue(getResponse, "offers[1].groups[0].pricingPlans[0].visualElements[1].value", "40% de réduction"): Verify element property value successfully

2023-10-16 14:14:29 - [MESSAGE][PASSED] - Verify element property value successfully

2023-10-16 14:14:29 - [TEST_STEP][PASSED] - verifyElementPropertyValue(getResponse, "offers[1].groups[0].pricingPlans[0].visualElements[3].key", "deduction_text"): Verify element property value successfully

2023-10-16 14:14:29 - [MESSAGE][PASSED] - Verify element property value successfully

2023-10-16 14:14:29 - [TEST_STEP][PASSED] - verifyElementPropertyValue(getResponse, "offers[1].groups[0].pricingPlans[0].visualElements[3].value", "facturation mensuelle"): Verify element property value successfully

2023-10-16 14:14:29 - [MESSAGE][PASSED] - Verify element property value successfully

2023-10-16 14:14:29 - [TEST_STEP][PASSED] - verifyElementPropertyValue(getResponse, "offers[1].groups[0].pricingPlans[0].visualElements[6].key", "show_payment_logo"): Verify element property value successfully

2023-10-16 14:14:29 - [MESSAGE][PASSED] - Verify element property value successfully

2023-10-16 14:14:29 - [TEST_STEP][PASSED] - verifyElementPropertyValue(getResponse, "offers[1].groups[0].pricingPlans[0].visualElements[6].value", "true"): Verify element property value successfully

2023-10-16 14:14:29 - [MESSAGE][PASSED] - Verify element property value successfully

2023-10-16 14:14:29 - [TEST_STEP][PASSED] - verifyElementPropertyValue(getResponse, "offers[1].groups[0].pricingPlans[0].visualElements[8].key", "price"): Verify element property value successfully

2023-10-16 14:14:29 - [MESSAGE][PASSED] - Verify element property value successfully

2023-10-16 14:14:29 - [TEST_STEP][PASSED] - verifyElementPropertyValue(getResponse, "offers[1].groups[0].pricingPlans[0].visualElements[8].value", "2.39"): Verify element property value successfully

2023-10-16 14:14:29 - [MESSAGE][PASSED] - Verify element property value successfully

2023-10-16 14:14:29 - [TEST_STEP][PASSED] - verifyElementPropertyValue(getResponse, "offers[1].groups[0].pricingPlans[0].visualElements[9].key", "currency"): Verify element property value successfully

2023-10-16 14:14:29 - [MESSAGE][PASSED] - Verify element property value successfully

2023-10-16 14:14:29 - [TEST_STEP][PASSED] - verifyElementPropertyValue(getResponse, "offers[1].groups[0].pricingPlans[0].visualElements[9].value", "BHD"): Verify element property value successfully

2023-10-16 14:14:29 - [MESSAGE][PASSED] - Verify element property value successfully

2023-10-16 14:14:29 - [TEST_STEP][PASSED] - verifyElementPropertyValue(getResponse, "offers[1].groups[0].pricingPlans[0].visualElements[10].key", "duration"): Verify element property value successfully

2023-10-16 14:14:29 - [MESSAGE][PASSED] - Verify element property value successfully

2023-10-16 14:14:29 - [TEST_STEP][PASSED] - verifyElementPropertyValue(getResponse, "offers[1].groups[0].pricingPlans[0].visualElements[10].value", "Mensuel"): Verify element property value successfully

2023-10-16 14:14:29 - [MESSAGE][PASSED] - Verify element property value successfully

2023-10-16 14:14:29 - [TEST_STEP][PASSED] - verifyElementPropertyValue(getResponse, "offers[1].groups[0].pricingPlans[0].visualElements[11].key", "featured_tag_text"): Verify element property value successfully

2023-10-16 14:14:29 - [MESSAGE][PASSED] - Verify element property value successfully

2023-10-16 14:14:29 - [TEST_STEP][PASSED] - verifyElementPropertyValue(getResponse, "offers[1].groups[0].pricingPlans[0].visualElements[11].value", "Offre limitée"): Verify element property value successfully

2023-10-16 14:14:29 - [MESSAGE][PASSED] - Verify element property value successfully

2023-10-16 14:14:29 - [TEST_STEP][PASSED] - verifyElementPropertyValue(getResponse, "offers[1].groups[0].pricingPlans[0].visualElements[13].key", "tag_text"): Verify element property value successfully

2023-10-16 14:14:29 - [MESSAGE][PASSED] - Verify element property value successfully

2023-10-16 14:14:29 - [TEST_STEP][PASSED] - verifyElementPropertyValue(getResponse, "offers[1].groups[0].pricingPlans[0].visualElements[13].value", "Économisez 40% "): Verify element property value successfully

2023-10-16 14:14:29 - [MESSAGE][PASSED] - Verify element property value successfully

2023-10-16 14:14:29 - [TEST_STEP][PASSED] - verifyElementPropertyValue(getResponse, "offers[1].groups[0].pricingPlans[0].visualElements[12].key", "show_tag"): Verify element property value successfully

2023-10-16 14:14:29 - [MESSAGE][PASSED] - Verify element property value successfully

2023-10-16 14:14:29 - [TEST_STEP][PASSED] - verifyElementPropertyValue(getResponse, "offers[1].groups[0].pricingPlans[0].visualElements[12].value", "true"): Verify element property value successfully

2023-10-16 14:14:29 - [MESSAGE][PASSED] - Verify element property value successfully

2023-10-16 14:14:29 - [TEST_STEP][PASSED] - verifyElementPropertyValue(getResponse, "offers[1].groups[0].pricingPlans[0].pricingPlanData[0].productId", "BHR_B2C_SHAHID_VIP_1M"): Verify element property value successfully

2023-10-16 14:14:29 - [MESSAGE][PASSED] - Verify element property value successfully

2023-10-16 14:14:29 - [TEST_STEP][PASSED] - verifyElementPropertyValue(getResponse, "offers[1].groups[0].pricingPlans[0].pricingPlanData[0].paymentMethod", "CREDIT_CARD"): Verify element property value successfully

2023-10-16 14:14:29 - [MESSAGE][PASSED] - Verify element property value successfully

2023-10-16 14:14:29 - [TEST_STEP][PASSED] - verifyElementPropertyValue(getResponse, "offers[1].groups[0].pricingPlans[0].pricingPlanData[0].freeTrialEnabled", "false"): Verify element property value successfully

2023-10-16 14:14:29 - [MESSAGE][PASSED] - Verify element property value successfully

2023-10-16 14:14:29 - [TEST_STEP][PASSED] - verifyElementPropertyValue(getResponse, "offers[1].groups[0].pricingPlans[0].pricingPlanData[0].showIn[0]", "VERTICAL_MODE"): Verify element property value successfully

2023-10-16 14:14:29 - [MESSAGE][PASSED] - Verify element property value successfully

2023-10-16 14:14:29 - [TEST_STEP][PASSED] - verifyElementPropertyValue(getResponse, "offers[1].groups[0].pricingPlans[0].pricingPlanData[0].showIn[1]", "HORIZONTAL_MODE"): Verify element property value successfully

2023-10-16 14:14:29 - [MESSAGE][PASSED] - Verify element property value successfully

2023-10-16 14:14:29 - [TEST_STEP][PASSED] - verifyElementPropertyValue(getResponse, "offers[1].groups[0].pricingPlans[0].pricingPlanData[0].priceLabel", "2.39"): Verify element property value successfully

2023-10-16 14:14:29 - [MESSAGE][PASSED] - Verify element property value successfully

2023-10-16 14:14:29 - [TEST_STEP][PASSED] - verifyElementPropertyValue(getResponse, "offers[1].groups[0].pricingPlans[0].pricingPlanData[0].currencyLabel", "BHD"): Verify element property value successfully

2023-10-16 14:14:29 - [MESSAGE][PASSED] - Verify element property value successfully

2023-10-16 14:14:29 - [TEST_STEP][PASSED] - verifyElementPropertyValue(getResponse, "offers[1].groups[0].pricingPlans[0].pricingPlanData[0].dealId", "RE_40P_BHR"): Verify element property value successfully

2023-10-16 14:14:29 - [MESSAGE][PASSED] - Verify element property value successfully

2023-10-16 14:14:29 - [TEST_STEP][PASSED] - verifyElementPropertyValue(getResponse, "offers[1].groups[0].pricingPlans[0].pricingPlanData[0].allowedForAcquisition", "true"): Verify element property value successfully

2023-10-16 14:14:29 - [MESSAGE][PASSED] - Verify element property value successfully

2023-10-16 14:14:29 - [TEST_STEP][PASSED] - verifyElementPropertyValue(getResponse, "offers[1].groups[0].pricingPlans[0].pricingPlanData[0].visualElements[0].key", "title"): Verify element property value successfully

2023-10-16 14:14:29 - [MESSAGE][PASSED] - Verify element property value successfully

2023-10-16 14:14:29 - [TEST_STEP][PASSED] - verifyElementPropertyValue(getResponse, "offers[1].groups[0].pricingPlans[0].pricingPlanData[0].visualElements[0].value", "Carte de crédit/débit"): Verify element property value successfully

2023-10-16 14:14:29 - [MESSAGE][PASSED] - Verify element property value successfully

2023-10-16 14:14:29 - [TEST_STEP][PASSED] - verifyElementPropertyValue(getResponse, "offers[1].groups[0].pricingPlans[0].pricingPlanData[0].visualElements[1].key", "CTA_text"): Verify element property value successfully

2023-10-16 14:14:29 - [MESSAGE][PASSED] - Verify element property value successfully

2023-10-16 14:14:29 - [TEST_STEP][PASSED] - verifyElementPropertyValue(getResponse, "offers[1].groups[0].pricingPlans[0].pricingPlanData[0].visualElements[1].value", "S'abonner"): Verify element property value successfully

2023-10-16 14:14:29 - [MESSAGE][PASSED] - Verify element property value successfully

2023-10-16 14:14:29 - [TEST_STEP][PASSED] - verifyElementPropertyValue(getResponse, "offers[1].groups[0].pricingPlans[0].pricingPlanData[0].visualElements[2].key", "logo"): Verify element property value successfully

2023-10-16 14:14:30 - [MESSAGE][PASSED] - Verify element property value successfully

2023-10-16 14:14:30 - [TEST_STEP][PASSED] - verifyElementPropertyValue(getResponse, "offers[1].groups[0].pricingPlans[0].pricingPlanData[0].visualElements[2].value", "https://static.s3.shahid.mbc.net/widget-images/icons/iconCreditCard.png"): Verify element property value successfully

2023-10-16 14:14:30 - [MESSAGE][PASSED] - Verify element property value successfully

2023-10-16 14:14:30 - [TEST_STEP][PASSED] - verifyElementPropertyValue(getResponse, "offers[2].offerId", "winback-50-offer"): Verify element property value successfully

2023-10-16 14:14:30 - [MESSAGE][PASSED] - Verify element property value successfully

2023-10-16 14:14:30 - [TEST_STEP][PASSED] - verifyElementPropertyValue(getResponse, "offers[2].offerParam", "winback50"): Verify element property value successfully

2023-10-16 14:14:30 - [MESSAGE][PASSED] - Verify element property value successfully

2023-10-16 14:14:30 - [TEST_STEP][PASSED] - verifyElementPropertyValue(getResponse, "offers[2].groups[0].pricingPlans[0].featured", "true"): Verify element property value successfully

2023-10-16 14:14:30 - [MESSAGE][PASSED] - Verify element property value successfully

2023-10-16 14:14:30 - [TEST_STEP][PASSED] - verifyElementPropertyValue(getResponse, "offers[2].groups[0].pricingPlans[0].period", "monthly"): Verify element property value successfully

2023-10-16 14:14:30 - [MESSAGE][PASSED] - Verify element property value successfully

2023-10-16 14:14:30 - [TEST_STEP][PASSED] - verifyElementPropertyValue(getResponse, "offers[2].groups[0].pricingPlans[0].featured", "true"): Verify element property value successfully

2023-10-16 14:14:30 - [MESSAGE][PASSED] - Verify element property value successfully

2023-10-16 14:14:30 - [TEST_STEP][PASSED] - verifyElementPropertyValue(getResponse, "offers[2].groups[0].pricingPlans[0].price", "1.99"): Verify element property value successfully

2023-10-16 14:14:30 - [MESSAGE][PASSED] - Verify element property value successfully

2023-10-16 14:14:30 - [TEST_STEP][PASSED] - verifyElementPropertyValue(getResponse, "offers[2].groups[0].pricingPlans[0].currency", "BHD"): Verify element property value successfully

2023-10-16 14:14:30 - [MESSAGE][PASSED] - Verify element property value successfully

2023-10-16 14:14:30 - [TEST_STEP][PASSED] - verifyElementPropertyValue(getResponse, "offers[2].groups[0].pricingPlans[0].order", "0"): Verify element property value successfully

2023-10-16 14:14:30 - [MESSAGE][PASSED] - Verify element property value successfully

2023-10-16 14:14:30 - [TEST_STEP][PASSED] - verifyElementPropertyValue(getResponse, "offers[2].groups[0].pricingPlans[0].packageId", "SHAHID_VIP"): Verify element property value successfully

2023-10-16 14:14:30 - [MESSAGE][PASSED] - Verify element property value successfully

2023-10-16 14:14:30 - [TEST_STEP][PASSED] - verifyElementPropertyValue(getResponse, "offers[2].groups[0].pricingPlans[0].catalogId", "VIP"): Verify element property value successfully

2023-10-16 14:14:30 - [MESSAGE][PASSED] - Verify element property value successfully

2023-10-16 14:14:30 - [TEST_STEP][PASSED] - verifyElementPropertyValue(getResponse, "offers[2].groups[0].pricingPlans[0].visualElements[0].key", "Header_1_text"): Verify element property value successfully

2023-10-16 14:14:30 - [MESSAGE][PASSED] - Verify element property value successfully

2023-10-16 14:14:30 - [TEST_STEP][PASSED] - verifyElementPropertyValue(getResponse, "offers[2].groups[0].pricingPlans[0].visualElements[0].value", "Abonnez-vous dès maintenant et profitez de vos programmes sans publicité"): Verify element property value successfully

2023-10-16 14:14:30 - [MESSAGE][PASSED] - Verify element property value successfully

2023-10-16 14:14:30 - [TEST_STEP][PASSED] - verifyElementPropertyValue(getResponse, "offers[2].groups[0].pricingPlans[0].visualElements[1].key", "display_title"): Verify element property value successfully

2023-10-16 14:14:30 - [MESSAGE][PASSED] - Verify element property value successfully

2023-10-16 14:14:30 - [TEST_STEP][PASSED] - verifyElementPropertyValue(getResponse, "offers[2].groups[0].pricingPlans[0].visualElements[1].value", "50% de réduction"): Verify element property value successfully

2023-10-16 14:14:30 - [MESSAGE][PASSED] - Verify element property value successfully

2023-10-16 14:14:30 - [TEST_STEP][PASSED] - verifyElementPropertyValue(getResponse, "offers[2].groups[0].pricingPlans[0].visualElements[3].key", "deduction_text"): Verify element property value successfully

2023-10-16 14:14:30 - [MESSAGE][PASSED] - Verify element property value successfully

2023-10-16 14:14:30 - [TEST_STEP][PASSED] - verifyElementPropertyValue(getResponse, "offers[2].groups[0].pricingPlans[0].visualElements[3].value", "facturation mensuelle"): Verify element property value successfully

2023-10-16 14:14:30 - [MESSAGE][PASSED] - Verify element property value successfully

2023-10-16 14:14:30 - [TEST_STEP][PASSED] - verifyElementPropertyValue(getResponse, "offers[2].groups[0].pricingPlans[0].visualElements[6].key", "show_payment_logo"): Verify element property value successfully

2023-10-16 14:14:30 - [MESSAGE][PASSED] - Verify element property value successfully

2023-10-16 14:14:30 - [TEST_STEP][PASSED] - verifyElementPropertyValue(getResponse, "offers[2].groups[0].pricingPlans[0].visualElements[6].value", "true"): Verify element property value successfully

2023-10-16 14:14:30 - [MESSAGE][PASSED] - Verify element property value successfully

2023-10-16 14:14:30 - [TEST_STEP][PASSED] - verifyElementPropertyValue(getResponse, "offers[2].groups[0].pricingPlans[0].visualElements[8].key", "price"): Verify element property value successfully

2023-10-16 14:14:30 - [MESSAGE][PASSED] - Verify element property value successfully

2023-10-16 14:14:30 - [TEST_STEP][PASSED] - verifyElementPropertyValue(getResponse, "offers[2].groups[0].pricingPlans[0].visualElements[8].value", "1.99"): Verify element property value successfully

2023-10-16 14:14:30 - [MESSAGE][PASSED] - Verify element property value successfully

2023-10-16 14:14:30 - [TEST_STEP][PASSED] - verifyElementPropertyValue(getResponse, "offers[2].groups[0].pricingPlans[0].visualElements[9].key", "currency"): Verify element property value successfully

2023-10-16 14:14:30 - [MESSAGE][PASSED] - Verify element property value successfully

2023-10-16 14:14:30 - [TEST_STEP][PASSED] - verifyElementPropertyValue(getResponse, "offers[2].groups[0].pricingPlans[0].visualElements[9].value", "BHD"): Verify element property value successfully

2023-10-16 14:14:30 - [MESSAGE][PASSED] - Verify element property value successfully

2023-10-16 14:14:30 - [TEST_STEP][PASSED] - verifyElementPropertyValue(getResponse, "offers[2].groups[0].pricingPlans[0].visualElements[10].key", "duration"): Verify element property value successfully

2023-10-16 14:14:30 - [MESSAGE][PASSED] - Verify element property value successfully

2023-10-16 14:14:30 - [TEST_STEP][PASSED] - verifyElementPropertyValue(getResponse, "offers[2].groups[0].pricingPlans[0].visualElements[10].value", "Mensuel"): Verify element property value successfully

2023-10-16 14:14:30 - [MESSAGE][PASSED] - Verify element property value successfully

2023-10-16 14:14:30 - [TEST_STEP][PASSED] - verifyElementPropertyValue(getResponse, "offers[2].groups[0].pricingPlans[0].visualElements[11].key", "featured_tag_text"): Verify element property value successfully

2023-10-16 14:14:30 - [MESSAGE][PASSED] - Verify element property value successfully

2023-10-16 14:14:30 - [TEST_STEP][PASSED] - verifyElementPropertyValue(getResponse, "offers[2].groups[0].pricingPlans[0].visualElements[11].value", "Offre limitée"): Verify element property value successfully

2023-10-16 14:14:30 - [MESSAGE][PASSED] - Verify element property value successfully

2023-10-16 14:14:30 - [TEST_STEP][PASSED] - verifyElementPropertyValue(getResponse, "offers[2].groups[0].pricingPlans[0].visualElements[13].key", "tag_text"): Verify element property value successfully

2023-10-16 14:14:30 - [MESSAGE][PASSED] - Verify element property value successfully

2023-10-16 14:14:30 - [TEST_STEP][PASSED] - verifyElementPropertyValue(getResponse, "offers[2].groups[0].pricingPlans[0].visualElements[13].value", "Économisez 50% "): Verify element property value successfully

2023-10-16 14:14:30 - [MESSAGE][PASSED] - Verify element property value successfully

2023-10-16 14:14:30 - [TEST_STEP][PASSED] - verifyElementPropertyValue(getResponse, "offers[2].groups[0].pricingPlans[0].visualElements[12].key", "show_tag"): Verify element property value successfully

2023-10-16 14:14:30 - [MESSAGE][PASSED] - Verify element property value successfully

2023-10-16 14:14:30 - [TEST_STEP][PASSED] - verifyElementPropertyValue(getResponse, "offers[2].groups[0].pricingPlans[0].visualElements[12].value", "true"): Verify element property value successfully

2023-10-16 14:14:30 - [MESSAGE][PASSED] - Verify element property value successfully

2023-10-16 14:14:30 - [TEST_STEP][PASSED] - verifyElementPropertyValue(getResponse, "offers[2].groups[0].pricingPlans[0].pricingPlanData[0].productId", "BHR_B2C_SHAHID_VIP_1M"): Verify element property value successfully

2023-10-16 14:14:30 - [MESSAGE][PASSED] - Verify element property value successfully

2023-10-16 14:14:30 - [TEST_STEP][PASSED] - verifyElementPropertyValue(getResponse, "offers[2].groups[0].pricingPlans[0].pricingPlanData[0].paymentMethod", "CREDIT_CARD"): Verify element property value successfully

2023-10-16 14:14:30 - [MESSAGE][PASSED] - Verify element property value successfully

2023-10-16 14:14:30 - [TEST_STEP][PASSED] - verifyElementPropertyValue(getResponse, "offers[2].groups[0].pricingPlans[0].pricingPlanData[0].freeTrialEnabled", "false"): Verify element property value successfully

2023-10-16 14:14:30 - [MESSAGE][PASSED] - Verify element property value successfully

2023-10-16 14:14:30 - [TEST_STEP][PASSED] - verifyElementPropertyValue(getResponse, "offers[2].groups[0].pricingPlans[0].pricingPlanData[0].showIn[0]", "VERTICAL_MODE"): Verify element property value successfully

2023-10-16 14:14:30 - [MESSAGE][PASSED] - Verify element property value successfully

2023-10-16 14:14:30 - [TEST_STEP][PASSED] - verifyElementPropertyValue(getResponse, "offers[2].groups[0].pricingPlans[0].pricingPlanData[0].showIn[1]", "HORIZONTAL_MODE"): Verify element property value successfully

2023-10-16 14:14:30 - [MESSAGE][PASSED] - Verify element property value successfully

2023-10-16 14:14:30 - [TEST_STEP][PASSED] - verifyElementPropertyValue(getResponse, "offers[2].groups[0].pricingPlans[0].pricingPlanData[0].priceLabel", "1.99"): Verify element property value successfully

2023-10-16 14:14:30 - [MESSAGE][PASSED] - Verify element property value successfully

2023-10-16 14:14:30 - [TEST_STEP][PASSED] - verifyElementPropertyValue(getResponse, "offers[2].groups[0].pricingPlans[0].pricingPlanData[0].currencyLabel", "BHD"): Verify element property value successfully

2023-10-16 14:14:30 - [MESSAGE][PASSED] - Verify element property value successfully

2023-10-16 14:14:30 - [TEST_STEP][PASSED] - verifyElementPropertyValue(getResponse, "offers[2].groups[0].pricingPlans[0].pricingPlanData[0].dealId", "RE_50P_BHR"): Verify element property value successfully

2023-10-16 14:14:30 - [MESSAGE][PASSED] - Verify element property value successfully

2023-10-16 14:14:30 - [TEST_STEP][PASSED] - verifyElementPropertyValue(getResponse, "offers[2].groups[0].pricingPlans[0].pricingPlanData[0].allowedForAcquisition", "true"): Verify element property value successfully

2023-10-16 14:14:30 - [MESSAGE][PASSED] - Verify element property value successfully

2023-10-16 14:14:30 - [TEST_STEP][PASSED] - verifyElementPropertyValue(getResponse, "offers[2].groups[0].pricingPlans[0].pricingPlanData[0].visualElements[0].key", "title"): Verify element property value successfully

2023-10-16 14:14:30 - [MESSAGE][PASSED] - Verify element property value successfully

2023-10-16 14:14:30 - [TEST_STEP][PASSED] - verifyElementPropertyValue(getResponse, "offers[2].groups[0].pricingPlans[0].pricingPlanData[0].visualElements[0].value", "Carte de crédit/débit"): Verify element property value successfully

2023-10-16 14:14:30 - [MESSAGE][PASSED] - Verify element property value successfully

2023-10-16 14:14:30 - [TEST_STEP][PASSED] - verifyElementPropertyValue(getResponse, "offers[2].groups[0].pricingPlans[0].pricingPlanData[0].visualElements[1].key", "CTA_text"): Verify element property value successfully

2023-10-16 14:14:30 - [MESSAGE][PASSED] - Verify element property value successfully

2023-10-16 14:14:30 - [TEST_STEP][PASSED] - verifyElementPropertyValue(getResponse, "offers[2].groups[0].pricingPlans[0].pricingPlanData[0].visualElements[1].value", "S'abonner"): Verify element property value successfully

2023-10-16 14:14:30 - [MESSAGE][PASSED] - Verify element property value successfully

2023-10-16 14:14:30 - [TEST_STEP][PASSED] - verifyElementPropertyValue(getResponse, "offers[2].groups[0].pricingPlans[0].pricingPlanData[0].visualElements[2].key", "logo"): Verify element property value successfully

2023-10-16 14:14:30 - [MESSAGE][PASSED] - Verify element property value successfully

2023-10-16 14:14:30 - [TEST_STEP][PASSED] - verifyElementPropertyValue(getResponse, "offers[2].groups[0].pricingPlans[0].pricingPlanData[0].visualElements[2].value", "https://static.s3.shahid.mbc.net/widget-images/icons/iconCreditCard.png"): Verify element property value successfully

2023-10-16 14:14:30 - [MESSAGE][PASSED] - Verify element property value successfully

2023-10-16 14:14:30 - [TEST_STEP][PASSED] - verifyElementPropertyValue(getResponse, "offers[8].offerId", "byg-30-offer"): Verify element property value successfully

2023-10-16 14:14:30 - [MESSAGE][PASSED] - Verify element property value successfully

2023-10-16 14:14:30 - [TEST_STEP][PASSED] - verifyElementPropertyValue(getResponse, "offers[8].offerParam", "bygoffer30"): Verify element property value successfully

2023-10-16 14:14:30 - [MESSAGE][PASSED] - Verify element property value successfully

2023-10-16 14:14:30 - [TEST_STEP][PASSED] - verifyElementPropertyValue(getResponse, "offers[8].groups[0].pricingPlans[0].featured", "true"): Verify element property value successfully

2023-10-16 14:14:30 - [MESSAGE][PASSED] - Verify element property value successfully

2023-10-16 14:14:30 - [TEST_STEP][PASSED] - verifyElementPropertyValue(getResponse, "offers[8].groups[0].pricingPlans[0].period", "monthly"): Verify element property value successfully

2023-10-16 14:14:30 - [MESSAGE][PASSED] - Verify element property value successfully

2023-10-16 14:14:30 - [TEST_STEP][PASSED] - verifyElementPropertyValue(getResponse, "offers[8].groups[0].pricingPlans[0].featured", "true"): Verify element property value successfully

2023-10-16 14:14:30 - [MESSAGE][PASSED] - Verify element property value successfully

2023-10-16 14:14:30 - [TEST_STEP][PASSED] - verifyElementPropertyValue(getResponse, "offers[8].groups[0].pricingPlans[0].price", "2.79"): Verify element property value successfully

2023-10-16 14:14:30 - [MESSAGE][PASSED] - Verify element property value successfully

2023-10-16 14:14:30 - [TEST_STEP][PASSED] - verifyElementPropertyValue(getResponse, "offers[8].groups[0].pricingPlans[0].currency", "BHD"): Verify element property value successfully

2023-10-16 14:14:30 - [MESSAGE][PASSED] - Verify element property value successfully

2023-10-16 14:14:30 - [TEST_STEP][PASSED] - verifyElementPropertyValue(getResponse, "offers[8].groups[0].pricingPlans[0].order", "0"): Verify element property value successfully

2023-10-16 14:14:30 - [MESSAGE][PASSED] - Verify element property value successfully

2023-10-16 14:14:30 - [TEST_STEP][PASSED] - verifyElementPropertyValue(getResponse, "offers[8].groups[0].pricingPlans[0].packageId", "SHAHID_VIP"): Verify element property value successfully

2023-10-16 14:14:30 - [MESSAGE][PASSED] - Verify element property value successfully

2023-10-16 14:14:30 - [TEST_STEP][PASSED] - verifyElementPropertyValue(getResponse, "offers[8].groups[0].pricingPlans[0].catalogId", "VIP"): Verify element property value successfully

2023-10-16 14:14:30 - [MESSAGE][PASSED] - Verify element property value successfully

2023-10-16 14:14:30 - [TEST_STEP][PASSED] - verifyElementPropertyValue(getResponse, "offers[8].groups[0].pricingPlans[0].visualElements[0].key", "Header_1_text"): Verify element property value successfully

2023-10-16 14:14:30 - [MESSAGE][PASSED] - Verify element property value successfully

2023-10-16 14:14:30 - [TEST_STEP][PASSED] - verifyElementPropertyValue(getResponse, "offers[8].groups[0].pricingPlans[0].visualElements[0].value", "Abonnez-vous dès maintenant et profitez de vos programmes sans publicité"): Verify element property value successfully

2023-10-16 14:14:30 - [MESSAGE][PASSED] - Verify element property value successfully

2023-10-16 14:14:30 - [TEST_STEP][PASSED] - verifyElementPropertyValue(getResponse, "offers[8].groups[0].pricingPlans[0].visualElements[1].key", "display_title"): Verify element property value successfully

2023-10-16 14:14:30 - [MESSAGE][PASSED] - Verify element property value successfully

2023-10-16 14:14:30 - [TEST_STEP][PASSED] - verifyElementPropertyValue(getResponse, "offers[8].groups[0].pricingPlans[0].visualElements[1].value", "30% de réduction"): Verify element property value successfully

2023-10-16 14:14:30 - [MESSAGE][PASSED] - Verify element property value successfully

2023-10-16 14:14:30 - [TEST_STEP][PASSED] - verifyElementPropertyValue(getResponse, "offers[8].groups[0].pricingPlans[0].visualElements[3].key", "deduction_text"): Verify element property value successfully

2023-10-16 14:14:30 - [MESSAGE][PASSED] - Verify element property value successfully

2023-10-16 14:14:30 - [TEST_STEP][PASSED] - verifyElementPropertyValue(getResponse, "offers[8].groups[0].pricingPlans[0].visualElements[3].value", "facturation mensuelle"): Verify element property value successfully

2023-10-16 14:14:30 - [MESSAGE][PASSED] - Verify element property value successfully

2023-10-16 14:14:30 - [TEST_STEP][PASSED] - verifyElementPropertyValue(getResponse, "offers[8].groups[0].pricingPlans[0].visualElements[6].key", "show_payment_logo"): Verify element property value successfully

2023-10-16 14:14:30 - [MESSAGE][PASSED] - Verify element property value successfully

2023-10-16 14:14:30 - [TEST_STEP][PASSED] - verifyElementPropertyValue(getResponse, "offers[8].groups[0].pricingPlans[0].visualElements[6].value", "true"): Verify element property value successfully

2023-10-16 14:14:30 - [MESSAGE][PASSED] - Verify element property value successfully

2023-10-16 14:14:30 - [TEST_STEP][PASSED] - verifyElementPropertyValue(getResponse, "offers[8].groups[0].pricingPlans[0].visualElements[8].key", "price"): Verify element property value successfully

2023-10-16 14:14:30 - [MESSAGE][PASSED] - Verify element property value successfully

2023-10-16 14:14:30 - [TEST_STEP][PASSED] - verifyElementPropertyValue(getResponse, "offers[8].groups[0].pricingPlans[0].visualElements[8].value", "2.79"): Verify element property value successfully

2023-10-16 14:14:30 - [MESSAGE][PASSED] - Verify element property value successfully

2023-10-16 14:14:30 - [TEST_STEP][PASSED] - verifyElementPropertyValue(getResponse, "offers[8].groups[0].pricingPlans[0].visualElements[9].key", "currency"): Verify element property value successfully

2023-10-16 14:14:30 - [MESSAGE][PASSED] - Verify element property value successfully

2023-10-16 14:14:30 - [TEST_STEP][PASSED] - verifyElementPropertyValue(getResponse, "offers[8].groups[0].pricingPlans[0].visualElements[9].value", "BHD"): Verify element property value successfully

2023-10-16 14:14:30 - [MESSAGE][PASSED] - Verify element property value successfully

2023-10-16 14:14:30 - [TEST_STEP][PASSED] - verifyElementPropertyValue(getResponse, "offers[8].groups[0].pricingPlans[0].visualElements[10].key", "duration"): Verify element property value successfully

2023-10-16 14:14:30 - [MESSAGE][PASSED] - Verify element property value successfully

2023-10-16 14:14:30 - [TEST_STEP][PASSED] - verifyElementPropertyValue(getResponse, "offers[8].groups[0].pricingPlans[0].visualElements[10].value", "Mensuel"): Verify element property value successfully

2023-10-16 14:14:30 - [MESSAGE][PASSED] - Verify element property value successfully

2023-10-16 14:14:30 - [TEST_STEP][PASSED] - verifyElementPropertyValue(getResponse, "offers[8].groups[0].pricingPlans[0].visualElements[11].key", "featured_tag_text"): Verify element property value successfully

2023-10-16 14:14:30 - [MESSAGE][PASSED] - Verify element property value successfully

2023-10-16 14:14:30 - [TEST_STEP][PASSED] - verifyElementPropertyValue(getResponse, "offers[8].groups[0].pricingPlans[0].visualElements[11].value", "Offre limitée"): Verify element property value successfully

2023-10-16 14:14:30 - [MESSAGE][PASSED] - Verify element property value successfully

2023-10-16 14:14:30 - [TEST_STEP][PASSED] - verifyElementPropertyValue(getResponse, "offers[8].groups[0].pricingPlans[0].visualElements[13].key", "tag_text"): Verify element property value successfully

2023-10-16 14:14:30 - [MESSAGE][PASSED] - Verify element property value successfully

2023-10-16 14:14:30 - [TEST_STEP][PASSED] - verifyElementPropertyValue(getResponse, "offers[8].groups[0].pricingPlans[0].visualElements[13].value", "Économisez 30% "): Verify element property value successfully

2023-10-16 14:14:30 - [MESSAGE][PASSED] - Verify element property value successfully

2023-10-16 14:14:30 - [TEST_STEP][PASSED] - verifyElementPropertyValue(getResponse, "offers[8].groups[0].pricingPlans[0].visualElements[12].key", "show_tag"): Verify element property value successfully

2023-10-16 14:14:30 - [MESSAGE][PASSED] - Verify element property value successfully

2023-10-16 14:14:30 - [TEST_STEP][PASSED] - verifyElementPropertyValue(getResponse, "offers[8].groups[0].pricingPlans[0].visualElements[12].value", "true"): Verify element property value successfully

2023-10-16 14:14:30 - [MESSAGE][PASSED] - Verify element property value successfully

2023-10-16 14:14:30 - [TEST_STEP][PASSED] - verifyElementPropertyValue(getResponse, "offers[8].groups[0].pricingPlans[0].pricingPlanData[0].productId", "BHR_B2C_SHAHID_VIP_1M"): Verify element property value successfully

2023-10-16 14:14:30 - [MESSAGE][PASSED] - Verify element property value successfully

2023-10-16 14:14:30 - [TEST_STEP][PASSED] - verifyElementPropertyValue(getResponse, "offers[8].groups[0].pricingPlans[0].pricingPlanData[0].paymentMethod", "CREDIT_CARD"): Verify element property value successfully

2023-10-16 14:14:30 - [MESSAGE][PASSED] - Verify element property value successfully

2023-10-16 14:14:30 - [TEST_STEP][PASSED] - verifyElementPropertyValue(getResponse, "offers[8].groups[0].pricingPlans[0].pricingPlanData[0].freeTrialEnabled", "false"): Verify element property value successfully

2023-10-16 14:14:30 - [MESSAGE][PASSED] - Verify element property value successfully

2023-10-16 14:14:30 - [TEST_STEP][PASSED] - verifyElementPropertyValue(getResponse, "offers[8].groups[0].pricingPlans[0].pricingPlanData[0].showIn[0]", "VERTICAL_MODE"): Verify element property value successfully

2023-10-16 14:14:30 - [MESSAGE][PASSED] - Verify element property value successfully

2023-10-16 14:14:30 - [TEST_STEP][PASSED] - verifyElementPropertyValue(getResponse, "offers[8].groups[0].pricingPlans[0].pricingPlanData[0].showIn[1]", "HORIZONTAL_MODE"): Verify element property value successfully

2023-10-16 14:14:30 - [MESSAGE][PASSED] - Verify element property value successfully

2023-10-16 14:14:30 - [TEST_STEP][PASSED] - verifyElementPropertyValue(getResponse, "offers[8].groups[0].pricingPlans[0].pricingPlanData[0].priceLabel", "2.79"): Verify element property value successfully

2023-10-16 14:14:30 - [MESSAGE][PASSED] - Verify element property value successfully

2023-10-16 14:14:30 - [TEST_STEP][PASSED] - verifyElementPropertyValue(getResponse, "offers[8].groups[0].pricingPlans[0].pricingPlanData[0].currencyLabel", "BHD"): Verify element property value successfully

2023-10-16 14:14:30 - [MESSAGE][PASSED] - Verify element property value successfully

2023-10-16 14:14:30 - [TEST_STEP][PASSED] - verifyElementPropertyValue(getResponse, "offers[8].groups[0].pricingPlans[0].pricingPlanData[0].dealId", "BYG_30P_BHR"): Verify element property value successfully

2023-10-16 14:14:30 - [MESSAGE][PASSED] - Verify element property value successfully

2023-10-16 14:14:30 - [TEST_STEP][PASSED] - verifyElementPropertyValue(getResponse, "offers[8].groups[0].pricingPlans[0].pricingPlanData[0].allowedForAcquisition", "true"): Verify element property value successfully

2023-10-16 14:14:30 - [MESSAGE][PASSED] - Verify element property value successfully

2023-10-16 14:14:30 - [TEST_STEP][PASSED] - verifyElementPropertyValue(getResponse, "offers[8].groups[0].pricingPlans[0].pricingPlanData[0].visualElements[0].key", "title"): Verify element property value successfully

2023-10-16 14:14:30 - [MESSAGE][PASSED] - Verify element property value successfully

2023-10-16 14:14:30 - [TEST_STEP][PASSED] - verifyElementPropertyValue(getResponse, "offers[8].groups[0].pricingPlans[0].pricingPlanData[0].visualElements[0].value", "Carte de crédit/débit"): Verify element property value successfully

2023-10-16 14:14:30 - [MESSAGE][PASSED] - Verify element property value successfully

2023-10-16 14:14:30 - [TEST_STEP][PASSED] - verifyElementPropertyValue(getResponse, "offers[8].groups[0].pricingPlans[0].pricingPlanData[0].visualElements[1].key", "CTA_text"): Verify element property value successfully

2023-10-16 14:14:30 - [MESSAGE][PASSED] - Verify element property value successfully

2023-10-16 14:14:30 - [TEST_STEP][PASSED] - verifyElementPropertyValue(getResponse, "offers[8].groups[0].pricingPlans[0].pricingPlanData[0].visualElements[1].value", "S’abonner"): Verify element property value successfully

2023-10-16 14:14:30 - [MESSAGE][PASSED] - Verify element property value successfully

2023-10-16 14:14:30 - [TEST_STEP][PASSED] - verifyElementPropertyValue(getResponse, "offers[8].groups[0].pricingPlans[0].pricingPlanData[0].visualElements[2].key", "logo"): Verify element property value successfully

2023-10-16 14:14:30 - [MESSAGE][PASSED] - Verify element property value successfully

2023-10-16 14:14:30 - [TEST_STEP][PASSED] - verifyElementPropertyValue(getResponse, "offers[8].groups[0].pricingPlans[0].pricingPlanData[0].visualElements[2].value", "https://static.s3.shahid.mbc.net/widget-images/icons/iconCreditCard.png"): Verify element property value successfully

2023-10-16 14:14:30 - [MESSAGE][PASSED] - Verify element property value successfully

2023-10-16 14:14:30 - [TEST_STEP][PASSED] - verifyElementPropertyValue(getResponse, "offers[9].offerId", "byg-40-offer"): Verify element property value successfully

2023-10-16 14:14:30 - [MESSAGE][PASSED] - Verify element property value successfully

2023-10-16 14:14:30 - [TEST_STEP][PASSED] - verifyElementPropertyValue(getResponse, "offers[9].offerParam", "bygoffer40"): Verify element property value successfully

2023-10-16 14:14:30 - [MESSAGE][PASSED] - Verify element property value successfully

2023-10-16 14:14:30 - [TEST_STEP][PASSED] - verifyElementPropertyValue(getResponse, "offers[9].groups[0].pricingPlans[0].featured", "true"): Verify element property value successfully

2023-10-16 14:14:30 - [MESSAGE][PASSED] - Verify element property value successfully

2023-10-16 14:14:30 - [TEST_STEP][PASSED] - verifyElementPropertyValue(getResponse, "offers[9].groups[0].pricingPlans[0].period", "monthly"): Verify element property value successfully

2023-10-16 14:14:30 - [MESSAGE][PASSED] - Verify element property value successfully

2023-10-16 14:14:30 - [TEST_STEP][PASSED] - verifyElementPropertyValue(getResponse, "offers[9].groups[0].pricingPlans[0].featured", "true"): Verify element property value successfully

2023-10-16 14:14:30 - [MESSAGE][PASSED] - Verify element property value successfully

2023-10-16 14:14:30 - [TEST_STEP][PASSED] - verifyElementPropertyValue(getResponse, "offers[9].groups[0].pricingPlans[0].price", "2.39"): Verify element property value successfully

2023-10-16 14:14:30 - [MESSAGE][PASSED] - Verify element property value successfully

2023-10-16 14:14:30 - [TEST_STEP][PASSED] - verifyElementPropertyValue(getResponse, "offers[9].groups[0].pricingPlans[0].currency", "BHD"): Verify element property value successfully

2023-10-16 14:14:30 - [MESSAGE][PASSED] - Verify element property value successfully

2023-10-16 14:14:30 - [TEST_STEP][PASSED] - verifyElementPropertyValue(getResponse, "offers[9].groups[0].pricingPlans[0].order", "0"): Verify element property value successfully

2023-10-16 14:14:30 - [MESSAGE][PASSED] - Verify element property value successfully

2023-10-16 14:14:30 - [TEST_STEP][PASSED] - verifyElementPropertyValue(getResponse, "offers[9].groups[0].pricingPlans[0].packageId", "SHAHID_VIP"): Verify element property value successfully

2023-10-16 14:14:30 - [MESSAGE][PASSED] - Verify element property value successfully

2023-10-16 14:14:30 - [TEST_STEP][PASSED] - verifyElementPropertyValue(getResponse, "offers[9].groups[0].pricingPlans[0].catalogId", "VIP"): Verify element property value successfully

2023-10-16 14:14:30 - [MESSAGE][PASSED] - Verify element property value successfully

2023-10-16 14:14:30 - [TEST_STEP][PASSED] - verifyElementPropertyValue(getResponse, "offers[9].groups[0].pricingPlans[0].visualElements[0].key", "Header_1_text"): Verify element property value successfully

2023-10-16 14:14:30 - [MESSAGE][PASSED] - Verify element property value successfully

2023-10-16 14:14:30 - [TEST_STEP][PASSED] - verifyElementPropertyValue(getResponse, "offers[9].groups[0].pricingPlans[0].visualElements[0].value", "Abonnez-vous dès maintenant et profitez de vos programmes sans publicité"): Verify element property value successfully

2023-10-16 14:14:30 - [MESSAGE][PASSED] - Verify element property value successfully

2023-10-16 14:14:30 - [TEST_STEP][PASSED] - verifyElementPropertyValue(getResponse, "offers[9].groups[0].pricingPlans[0].visualElements[1].key", "display_title"): Verify element property value successfully

2023-10-16 14:14:30 - [MESSAGE][PASSED] - Verify element property value successfully

2023-10-16 14:14:30 - [TEST_STEP][PASSED] - verifyElementPropertyValue(getResponse, "offers[9].groups[0].pricingPlans[0].visualElements[1].value", "40% de réduction"): Verify element property value successfully

2023-10-16 14:14:30 - [MESSAGE][PASSED] - Verify element property value successfully

2023-10-16 14:14:30 - [TEST_STEP][PASSED] - verifyElementPropertyValue(getResponse, "offers[9].groups[0].pricingPlans[0].visualElements[3].key", "deduction_text"): Verify element property value successfully

2023-10-16 14:14:30 - [MESSAGE][PASSED] - Verify element property value successfully

2023-10-16 14:14:30 - [TEST_STEP][PASSED] - verifyElementPropertyValue(getResponse, "offers[9].groups[0].pricingPlans[0].visualElements[3].value", "facturation mensuelle"): Verify element property value successfully

2023-10-16 14:14:30 - [MESSAGE][PASSED] - Verify element property value successfully

2023-10-16 14:14:30 - [TEST_STEP][PASSED] - verifyElementPropertyValue(getResponse, "offers[9].groups[0].pricingPlans[0].visualElements[6].key", "show_payment_logo"): Verify element property value successfully

2023-10-16 14:14:30 - [MESSAGE][PASSED] - Verify element property value successfully

2023-10-16 14:14:30 - [TEST_STEP][PASSED] - verifyElementPropertyValue(getResponse, "offers[9].groups[0].pricingPlans[0].visualElements[6].value", "true"): Verify element property value successfully

2023-10-16 14:14:30 - [MESSAGE][PASSED] - Verify element property value successfully

2023-10-16 14:14:30 - [TEST_STEP][PASSED] - verifyElementPropertyValue(getResponse, "offers[9].groups[0].pricingPlans[0].visualElements[8].key", "price"): Verify element property value successfully

2023-10-16 14:14:30 - [MESSAGE][PASSED] - Verify element property value successfully

2023-10-16 14:14:30 - [TEST_STEP][PASSED] - verifyElementPropertyValue(getResponse, "offers[9].groups[0].pricingPlans[0].visualElements[8].value", "2.39"): Verify element property value successfully

2023-10-16 14:14:30 - [MESSAGE][PASSED] - Verify element property value successfully

2023-10-16 14:14:30 - [TEST_STEP][PASSED] - verifyElementPropertyValue(getResponse, "offers[9].groups[0].pricingPlans[0].visualElements[9].key", "currency"): Verify element property value successfully

2023-10-16 14:14:30 - [MESSAGE][PASSED] - Verify element property value successfully

2023-10-16 14:14:30 - [TEST_STEP][PASSED] - verifyElementPropertyValue(getResponse, "offers[9].groups[0].pricingPlans[0].visualElements[9].value", "BHD"): Verify element property value successfully

2023-10-16 14:14:30 - [MESSAGE][PASSED] - Verify element property value successfully

2023-10-16 14:14:30 - [TEST_STEP][PASSED] - verifyElementPropertyValue(getResponse, "offers[9].groups[0].pricingPlans[0].visualElements[10].key", "duration"): Verify element property value successfully

2023-10-16 14:14:30 - [MESSAGE][PASSED] - Verify element property value successfully

2023-10-16 14:14:30 - [TEST_STEP][PASSED] - verifyElementPropertyValue(getResponse, "offers[9].groups[0].pricingPlans[0].visualElements[10].value", "Mensuel"): Verify element property value successfully

2023-10-16 14:14:30 - [MESSAGE][PASSED] - Verify element property value successfully

2023-10-16 14:14:30 - [TEST_STEP][PASSED] - verifyElementPropertyValue(getResponse, "offers[9].groups[0].pricingPlans[0].visualElements[11].key", "featured_tag_text"): Verify element property value successfully

2023-10-16 14:14:30 - [MESSAGE][PASSED] - Verify element property value successfully

2023-10-16 14:14:30 - [TEST_STEP][PASSED] - verifyElementPropertyValue(getResponse, "offers[9].groups[0].pricingPlans[0].visualElements[11].value", "Offre limitée"): Verify element property value successfully

2023-10-16 14:14:30 - [MESSAGE][PASSED] - Verify element property value successfully

2023-10-16 14:14:30 - [TEST_STEP][PASSED] - verifyElementPropertyValue(getResponse, "offers[9].groups[0].pricingPlans[0].visualElements[13].key", "tag_text"): Verify element property value successfully

2023-10-16 14:14:30 - [MESSAGE][PASSED] - Verify element property value successfully

2023-10-16 14:14:30 - [TEST_STEP][PASSED] - verifyElementPropertyValue(getResponse, "offers[9].groups[0].pricingPlans[0].visualElements[13].value", "Économisez 40% "): Verify element property value successfully

2023-10-16 14:14:31 - [MESSAGE][PASSED] - Verify element property value successfully

2023-10-16 14:14:31 - [TEST_STEP][PASSED] - verifyElementPropertyValue(getResponse, "offers[9].groups[0].pricingPlans[0].visualElements[12].key", "show_tag"): Verify element property value successfully

2023-10-16 14:14:31 - [MESSAGE][PASSED] - Verify element property value successfully

2023-10-16 14:14:31 - [TEST_STEP][PASSED] - verifyElementPropertyValue(getResponse, "offers[9].groups[0].pricingPlans[0].visualElements[12].value", "true"): Verify element property value successfully

2023-10-16 14:14:31 - [MESSAGE][PASSED] - Verify element property value successfully

2023-10-16 14:14:31 - [TEST_STEP][PASSED] - verifyElementPropertyValue(getResponse, "offers[9].groups[0].pricingPlans[0].pricingPlanData[0].productId", "BHR_B2C_SHAHID_VIP_1M"): Verify element property value successfully

2023-10-16 14:14:31 - [MESSAGE][PASSED] - Verify element property value successfully

2023-10-16 14:14:31 - [TEST_STEP][PASSED] - verifyElementPropertyValue(getResponse, "offers[9].groups[0].pricingPlans[0].pricingPlanData[0].paymentMethod", "CREDIT_CARD"): Verify element property value successfully

2023-10-16 14:14:31 - [MESSAGE][PASSED] - Verify element property value successfully

2023-10-16 14:14:31 - [TEST_STEP][PASSED] - verifyElementPropertyValue(getResponse, "offers[9].groups[0].pricingPlans[0].pricingPlanData[0].freeTrialEnabled", "false"): Verify element property value successfully

2023-10-16 14:14:31 - [MESSAGE][PASSED] - Verify element property value successfully

2023-10-16 14:14:31 - [TEST_STEP][PASSED] - verifyElementPropertyValue(getResponse, "offers[9].groups[0].pricingPlans[0].pricingPlanData[0].showIn[0]", "VERTICAL_MODE"): Verify element property value successfully

2023-10-16 14:14:31 - [MESSAGE][PASSED] - Verify element property value successfully

2023-10-16 14:14:31 - [TEST_STEP][PASSED] - verifyElementPropertyValue(getResponse, "offers[9].groups[0].pricingPlans[0].pricingPlanData[0].showIn[1]", "HORIZONTAL_MODE"): Verify element property value successfully

2023-10-16 14:14:31 - [MESSAGE][PASSED] - Verify element property value successfully

2023-10-16 14:14:31 - [TEST_STEP][PASSED] - verifyElementPropertyValue(getResponse, "offers[9].groups[0].pricingPlans[0].pricingPlanData[0].priceLabel", "2.39"): Verify element property value successfully

2023-10-16 14:14:31 - [MESSAGE][PASSED] - Verify element property value successfully

2023-10-16 14:14:31 - [TEST_STEP][PASSED] - verifyElementPropertyValue(getResponse, "offers[9].groups[0].pricingPlans[0].pricingPlanData[0].currencyLabel", "BHD"): Verify element property value successfully

2023-10-16 14:14:31 - [MESSAGE][PASSED] - Verify element property value successfully

2023-10-16 14:14:31 - [TEST_STEP][PASSED] - verifyElementPropertyValue(getResponse, "offers[9].groups[0].pricingPlans[0].pricingPlanData[0].dealId", "BYG_40P_BHR"): Verify element property value successfully

2023-10-16 14:14:31 - [MESSAGE][PASSED] - Verify element property value successfully

2023-10-16 14:14:31 - [TEST_STEP][PASSED] - verifyElementPropertyValue(getResponse, "offers[9].groups[0].pricingPlans[0].pricingPlanData[0].allowedForAcquisition", "true"): Verify element property value successfully

2023-10-16 14:14:31 - [MESSAGE][PASSED] - Verify element property value successfully

2023-10-16 14:14:31 - [TEST_STEP][PASSED] - verifyElementPropertyValue(getResponse, "offers[9].groups[0].pricingPlans[0].pricingPlanData[0].visualElements[0].key", "title"): Verify element property value successfully

2023-10-16 14:14:31 - [MESSAGE][PASSED] - Verify element property value successfully

2023-10-16 14:14:31 - [TEST_STEP][PASSED] - verifyElementPropertyValue(getResponse, "offers[9].groups[0].pricingPlans[0].pricingPlanData[0].visualElements[0].value", "Carte de crédit/débit"): Verify element property value successfully

2023-10-16 14:14:31 - [MESSAGE][PASSED] - Verify element property value successfully

2023-10-16 14:14:31 - [TEST_STEP][PASSED] - verifyElementPropertyValue(getResponse, "offers[9].groups[0].pricingPlans[0].pricingPlanData[0].visualElements[1].key", "CTA_text"): Verify element property value successfully

2023-10-16 14:14:31 - [MESSAGE][PASSED] - Verify element property value successfully

2023-10-16 14:14:31 - [TEST_STEP][PASSED] - verifyElementPropertyValue(getResponse, "offers[9].groups[0].pricingPlans[0].pricingPlanData[0].visualElements[1].value", "S’abonner"): Verify element property value successfully

2023-10-16 14:14:31 - [MESSAGE][PASSED] - Verify element property value successfully

2023-10-16 14:14:31 - [TEST_STEP][PASSED] - verifyElementPropertyValue(getResponse, "offers[9].groups[0].pricingPlans[0].pricingPlanData[0].visualElements[2].key", "logo"): Verify element property value successfully

2023-10-16 14:14:31 - [MESSAGE][PASSED] - Verify element property value successfully

2023-10-16 14:14:31 - [TEST_STEP][PASSED] - verifyElementPropertyValue(getResponse, "offers[9].groups[0].pricingPlans[0].pricingPlanData[0].visualElements[2].value", "https://static.s3.shahid.mbc.net/widget-images/icons/iconCreditCard.png"): Verify element property value successfully

2023-10-16 14:14:31 - [MESSAGE][PASSED] - Verify element property value successfully

2023-10-16 14:14:31 - [TEST_STEP][PASSED] - verifyElementPropertyValue(getResponse, "offers[10].offerId", "byg-50-offer"): Verify element property value successfully

2023-10-16 14:14:31 - [MESSAGE][PASSED] - Verify element property value successfully

2023-10-16 14:14:31 - [TEST_STEP][PASSED] - verifyElementPropertyValue(getResponse, "offers[10].offerParam", "bygoffer50"): Verify element property value successfully

2023-10-16 14:14:31 - [MESSAGE][PASSED] - Verify element property value successfully

2023-10-16 14:14:31 - [TEST_STEP][PASSED] - verifyElementPropertyValue(getResponse, "offers[10].groups[0].pricingPlans[0].featured", "true"): Verify element property value successfully

2023-10-16 14:14:31 - [MESSAGE][PASSED] - Verify element property value successfully

2023-10-16 14:14:31 - [TEST_STEP][PASSED] - verifyElementPropertyValue(getResponse, "offers[10].groups[0].pricingPlans[0].period", "monthly"): Verify element property value successfully

2023-10-16 14:14:31 - [MESSAGE][PASSED] - Verify element property value successfully

2023-10-16 14:14:31 - [TEST_STEP][PASSED] - verifyElementPropertyValue(getResponse, "offers[10].groups[0].pricingPlans[0].featured", "true"): Verify element property value successfully

2023-10-16 14:14:31 - [MESSAGE][PASSED] - Verify element property value successfully

2023-10-16 14:14:31 - [TEST_STEP][PASSED] - verifyElementPropertyValue(getResponse, "offers[10].groups[0].pricingPlans[0].price", "1.99"): Verify element property value successfully

2023-10-16 14:14:31 - [MESSAGE][PASSED] - Verify element property value successfully

2023-10-16 14:14:31 - [TEST_STEP][PASSED] - verifyElementPropertyValue(getResponse, "offers[10].groups[0].pricingPlans[0].currency", "BHD"): Verify element property value successfully

2023-10-16 14:14:31 - [MESSAGE][PASSED] - Verify element property value successfully

2023-10-16 14:14:31 - [TEST_STEP][PASSED] - verifyElementPropertyValue(getResponse, "offers[10].groups[0].pricingPlans[0].order", "0"): Verify element property value successfully

2023-10-16 14:14:31 - [MESSAGE][PASSED] - Verify element property value successfully

2023-10-16 14:14:31 - [TEST_STEP][PASSED] - verifyElementPropertyValue(getResponse, "offers[10].groups[0].pricingPlans[0].packageId", "SHAHID_VIP"): Verify element property value successfully

2023-10-16 14:14:31 - [MESSAGE][PASSED] - Verify element property value successfully

2023-10-16 14:14:31 - [TEST_STEP][PASSED] - verifyElementPropertyValue(getResponse, "offers[10].groups[0].pricingPlans[0].catalogId", "VIP"): Verify element property value successfully

2023-10-16 14:14:31 - [MESSAGE][PASSED] - Verify element property value successfully

2023-10-16 14:14:31 - [TEST_STEP][PASSED] - verifyElementPropertyValue(getResponse, "offers[10].groups[0].pricingPlans[0].visualElements[0].key", "Header_1_text"): Verify element property value successfully

2023-10-16 14:14:31 - [MESSAGE][PASSED] - Verify element property value successfully

2023-10-16 14:14:31 - [TEST_STEP][PASSED] - verifyElementPropertyValue(getResponse, "offers[10].groups[0].pricingPlans[0].visualElements[0].value", "Abonnez-vous dès maintenant et profitez de vos programmes sans publicité"): Verify element property value successfully

2023-10-16 14:14:31 - [MESSAGE][PASSED] - Verify element property value successfully

2023-10-16 14:14:31 - [TEST_STEP][PASSED] - verifyElementPropertyValue(getResponse, "offers[10].groups[0].pricingPlans[0].visualElements[1].key", "display_title"): Verify element property value successfully

2023-10-16 14:14:31 - [MESSAGE][PASSED] - Verify element property value successfully

2023-10-16 14:14:31 - [TEST_STEP][PASSED] - verifyElementPropertyValue(getResponse, "offers[10].groups[0].pricingPlans[0].visualElements[1].value", "50% de réduction"): Verify element property value successfully

2023-10-16 14:14:31 - [MESSAGE][PASSED] - Verify element property value successfully

2023-10-16 14:14:31 - [TEST_STEP][PASSED] - verifyElementPropertyValue(getResponse, "offers[10].groups[0].pricingPlans[0].visualElements[3].key", "deduction_text"): Verify element property value successfully

2023-10-16 14:14:31 - [MESSAGE][PASSED] - Verify element property value successfully

2023-10-16 14:14:31 - [TEST_STEP][PASSED] - verifyElementPropertyValue(getResponse, "offers[10].groups[0].pricingPlans[0].visualElements[3].value", "facturation mensuelle"): Verify element property value successfully

2023-10-16 14:14:31 - [MESSAGE][PASSED] - Verify element property value successfully

2023-10-16 14:14:31 - [TEST_STEP][PASSED] - verifyElementPropertyValue(getResponse, "offers[10].groups[0].pricingPlans[0].visualElements[6].key", "show_payment_logo"): Verify element property value successfully

2023-10-16 14:14:31 - [MESSAGE][PASSED] - Verify element property value successfully

2023-10-16 14:14:31 - [TEST_STEP][PASSED] - verifyElementPropertyValue(getResponse, "offers[10].groups[0].pricingPlans[0].visualElements[6].value", "true"): Verify element property value successfully

2023-10-16 14:14:31 - [MESSAGE][PASSED] - Verify element property value successfully

2023-10-16 14:14:31 - [TEST_STEP][PASSED] - verifyElementPropertyValue(getResponse, "offers[10].groups[0].pricingPlans[0].visualElements[8].key", "price"): Verify element property value successfully

2023-10-16 14:14:31 - [MESSAGE][PASSED] - Verify element property value successfully

2023-10-16 14:14:31 - [TEST_STEP][PASSED] - verifyElementPropertyValue(getResponse, "offers[10].groups[0].pricingPlans[0].visualElements[8].value", "1.99"): Verify element property value successfully

2023-10-16 14:14:31 - [MESSAGE][PASSED] - Verify element property value successfully

2023-10-16 14:14:31 - [TEST_STEP][PASSED] - verifyElementPropertyValue(getResponse, "offers[10].groups[0].pricingPlans[0].visualElements[9].key", "currency"): Verify element property value successfully

2023-10-16 14:14:31 - [MESSAGE][PASSED] - Verify element property value successfully

2023-10-16 14:14:31 - [TEST_STEP][PASSED] - verifyElementPropertyValue(getResponse, "offers[10].groups[0].pricingPlans[0].visualElements[9].value", "BHD"): Verify element property value successfully

2023-10-16 14:14:31 - [MESSAGE][PASSED] - Verify element property value successfully

2023-10-16 14:14:31 - [TEST_STEP][PASSED] - verifyElementPropertyValue(getResponse, "offers[10].groups[0].pricingPlans[0].visualElements[10].key", "duration"): Verify element property value successfully

2023-10-16 14:14:31 - [MESSAGE][PASSED] - Verify element property value successfully

2023-10-16 14:14:31 - [TEST_STEP][PASSED] - verifyElementPropertyValue(getResponse, "offers[10].groups[0].pricingPlans[0].visualElements[10].value", "Mensuel"): Verify element property value successfully

2023-10-16 14:14:31 - [MESSAGE][PASSED] - Verify element property value successfully

2023-10-16 14:14:31 - [TEST_STEP][PASSED] - verifyElementPropertyValue(getResponse, "offers[10].groups[0].pricingPlans[0].visualElements[11].key", "featured_tag_text"): Verify element property value successfully

2023-10-16 14:14:31 - [MESSAGE][PASSED] - Verify element property value successfully

2023-10-16 14:14:31 - [TEST_STEP][PASSED] - verifyElementPropertyValue(getResponse, "offers[10].groups[0].pricingPlans[0].visualElements[11].value", "Offre limitée"): Verify element property value successfully

2023-10-16 14:14:31 - [MESSAGE][PASSED] - Verify element property value successfully

2023-10-16 14:14:31 - [TEST_STEP][PASSED] - verifyElementPropertyValue(getResponse, "offers[10].groups[0].pricingPlans[0].visualElements[13].key", "tag_text"): Verify element property value successfully

2023-10-16 14:14:31 - [MESSAGE][PASSED] - Verify element property value successfully

2023-10-16 14:14:31 - [TEST_STEP][PASSED] - verifyElementPropertyValue(getResponse, "offers[10].groups[0].pricingPlans[0].visualElements[13].value", "Économisez 50% "): Verify element property value successfully

2023-10-16 14:14:31 - [MESSAGE][PASSED] - Verify element property value successfully

2023-10-16 14:14:31 - [TEST_STEP][PASSED] - verifyElementPropertyValue(getResponse, "offers[10].groups[0].pricingPlans[0].visualElements[12].key", "show_tag"): Verify element property value successfully

2023-10-16 14:14:31 - [MESSAGE][PASSED] - Verify element property value successfully

2023-10-16 14:14:31 - [TEST_STEP][PASSED] - verifyElementPropertyValue(getResponse, "offers[10].groups[0].pricingPlans[0].visualElements[12].value", "true"): Verify element property value successfully

2023-10-16 14:14:31 - [MESSAGE][PASSED] - Verify element property value successfully

2023-10-16 14:14:31 - [TEST_STEP][PASSED] - verifyElementPropertyValue(getResponse, "offers[10].groups[0].pricingPlans[0].pricingPlanData[0].productId", "BHR_B2C_SHAHID_VIP_1M"): Verify element property value successfully

2023-10-16 14:14:31 - [MESSAGE][PASSED] - Verify element property value successfully

2023-10-16 14:14:31 - [TEST_STEP][PASSED] - verifyElementPropertyValue(getResponse, "offers[10].groups[0].pricingPlans[0].pricingPlanData[0].paymentMethod", "CREDIT_CARD"): Verify element property value successfully

2023-10-16 14:14:31 - [MESSAGE][PASSED] - Verify element property value successfully

2023-10-16 14:14:31 - [TEST_STEP][PASSED] - verifyElementPropertyValue(getResponse, "offers[10].groups[0].pricingPlans[0].pricingPlanData[0].freeTrialEnabled", "false"): Verify element property value successfully

2023-10-16 14:14:31 - [MESSAGE][PASSED] - Verify element property value successfully

2023-10-16 14:14:31 - [TEST_STEP][PASSED] - verifyElementPropertyValue(getResponse, "offers[10].groups[0].pricingPlans[0].pricingPlanData[0].showIn[0]", "VERTICAL_MODE"): Verify element property value successfully

2023-10-16 14:14:31 - [MESSAGE][PASSED] - Verify element property value successfully

2023-10-16 14:14:31 - [TEST_STEP][PASSED] - verifyElementPropertyValue(getResponse, "offers[10].groups[0].pricingPlans[0].pricingPlanData[0].showIn[1]", "HORIZONTAL_MODE"): Verify element property value successfully

2023-10-16 14:14:31 - [MESSAGE][PASSED] - Verify element property value successfully

2023-10-16 14:14:31 - [TEST_STEP][PASSED] - verifyElementPropertyValue(getResponse, "offers[10].groups[0].pricingPlans[0].pricingPlanData[0].priceLabel", "1.99"): Verify element property value successfully

2023-10-16 14:14:31 - [MESSAGE][PASSED] - Verify element property value successfully

2023-10-16 14:14:31 - [TEST_STEP][PASSED] - verifyElementPropertyValue(getResponse, "offers[10].groups[0].pricingPlans[0].pricingPlanData[0].currencyLabel", "BHD"): Verify element property value successfully

2023-10-16 14:14:31 - [MESSAGE][PASSED] - Verify element property value successfully

2023-10-16 14:14:31 - [TEST_STEP][PASSED] - verifyElementPropertyValue(getResponse, "offers[10].groups[0].pricingPlans[0].pricingPlanData[0].dealId", "BYG_50P_BHR"): Verify element property value successfully

2023-10-16 14:14:31 - [MESSAGE][PASSED] - Verify element property value successfully

2023-10-16 14:14:31 - [TEST_STEP][PASSED] - verifyElementPropertyValue(getResponse, "offers[10].groups[0].pricingPlans[0].pricingPlanData[0].allowedForAcquisition", "true"): Verify element property value successfully

2023-10-16 14:14:31 - [MESSAGE][PASSED] - Verify element property value successfully

2023-10-16 14:14:31 - [TEST_STEP][PASSED] - verifyElementPropertyValue(getResponse, "offers[10].groups[0].pricingPlans[0].pricingPlanData[0].visualElements[0].key", "title"): Verify element property value successfully

2023-10-16 14:14:31 - [MESSAGE][PASSED] - Verify element property value successfully

2023-10-16 14:14:31 - [TEST_STEP][PASSED] - verifyElementPropertyValue(getResponse, "offers[10].groups[0].pricingPlans[0].pricingPlanData[0].visualElements[0].value", "Carte de crédit/débit"): Verify element property value successfully

2023-10-16 14:14:31 - [MESSAGE][PASSED] - Verify element property value successfully

2023-10-16 14:14:31 - [TEST_STEP][PASSED] - verifyElementPropertyValue(getResponse, "offers[10].groups[0].pricingPlans[0].pricingPlanData[0].visualElements[1].key", "CTA_text"): Verify element property value successfully

2023-10-16 14:14:31 - [MESSAGE][PASSED] - Verify element property value successfully

2023-10-16 14:14:31 - [TEST_STEP][PASSED] - verifyElementPropertyValue(getResponse, "offers[10].groups[0].pricingPlans[0].pricingPlanData[0].visualElements[1].value", "S’abonner"): Verify element property value successfully

2023-10-16 14:14:31 - [MESSAGE][PASSED] - Verify element property value successfully

2023-10-16 14:14:31 - [TEST_STEP][PASSED] - verifyElementPropertyValue(getResponse, "offers[10].groups[0].pricingPlans[0].pricingPlanData[0].visualElements[2].key", "logo"): Verify element property value successfully

2023-10-16 14:14:31 - [MESSAGE][PASSED] - Verify element property value successfully

2023-10-16 14:14:31 - [TEST_STEP][PASSED] - verifyElementPropertyValue(getResponse, "offers[10].groups[0].pricingPlans[0].pricingPlanData[0].visualElements[2].value", "https://static.s3.shahid.mbc.net/widget-images/icons/iconCreditCard.png"): Verify element property value successfully

2023-10-16 14:14:31 - [MESSAGE][PASSED] - Verify element property value successfully]]></system-out>
         <system-err><![CDATA[]]></system-err>
      </testcase>
      <system-out><![CDATA[2023-10-16 14:13:57 - [TEST_SUITE][FAILED] - BHR: Test Cases/WEB - CHROME/BHR PI/WEB_FR_getSubscriptionConfigForBHR_Ultimate FAILED.
Reason:
com.kms.katalon.core.exception.StepFailedException: Expected element property value 'Plan Annuel ' is not equal with actual property value 'Plan Annuel ​'
	at com.kms.katalon.core.keyword.internal.KeywordMain.stepFailed(KeywordMain.groovy:39)
	at com.kms.katalon.core.webservice.keyword.builtin.VerifyElementPropertyValueKeyword$_verifyElementPropertyValue_closure1.doCall(VerifyElementPropertyValueKeyword.groovy:56)
	at com.kms.katalon.core.webservice.keyword.builtin.VerifyElementPropertyValueKeyword$_verifyElementPropertyValue_closure1.call(VerifyElementPropertyValueKeyword.groovy)
	at com.kms.katalon.core.keyword.internal.KeywordMain.runKeyword(KeywordMain.groovy:75)
	at com.kms.katalon.core.webservice.keyword.builtin.VerifyElementPropertyValueKeyword.verifyElementPropertyValue(VerifyElementPropertyValueKeyword.groovy:48)
	at com.kms.katalon.core.webservice.keyword.builtin.VerifyElementPropertyValueKeyword.execute(VerifyElementPropertyValueKeyword.groovy:43)
	at com.kms.katalon.core.keyword.internal.KeywordExecutor.executeKeywordForPlatform(KeywordExecutor.groovy:74)
	at com.kms.katalon.core.webservice.keyword.WSBuiltInKeywords.verifyElementPropertyValue(WSBuiltInKeywords.groovy:190)
	at com.kms.katalon.core.webservice.keyword.WSBuiltInKeywords$verifyElementPropertyValue$1.call(Unknown Source)
	at WEB_FR_getSubscriptionConfigForBHR_Ultimate.run(WEB_FR_getSubscriptionConfigForBHR_Ultimate:102)
	at com.kms.katalon.core.main.ScriptEngine.run(ScriptEngine.java:194)
	at com.kms.katalon.core.main.ScriptEngine.runScriptAsRawText(ScriptEngine.java:119)
	at com.kms.katalon.core.main.TestCaseExecutor.runScript(TestCaseExecutor.java:448)
	at com.kms.katalon.core.main.TestCaseExecutor.doExecute(TestCaseExecutor.java:439)
	at com.kms.katalon.core.main.TestCaseExecutor.processExecutionPhase(TestCaseExecutor.java:418)
	at com.kms.katalon.core.main.TestCaseExecutor.accessMainPhase(TestCaseExecutor.java:410)
	at com.kms.katalon.core.main.TestCaseExecutor.execute(TestCaseExecutor.java:285)
	at com.kms.katalon.core.common.CommonExecutor.accessTestCaseMainPhase(CommonExecutor.java:65)
	at com.kms.katalon.core.main.TestSuiteExecutor.accessTestSuiteMainPhase(TestSuiteExecutor.java:148)
	at com.kms.katalon.core.main.TestSuiteExecutor.execute(TestSuiteExecutor.java:106)
	at com.kms.katalon.core.main.TestCaseMain.startTestSuite(TestCaseMain.java:187)
	at com.kms.katalon.core.main.TestCaseMain$startTestSuite$0.call(Unknown Source)
	at TempTestSuite1697454209021.run(TempTestSuite1697454209021.groovy:36)]]></system-out>
      <system-err><![CDATA[2023-10-16 14:13:57 - [TEST_SUITE][FAILED] - BHR: Test Cases/WEB - CHROME/BHR PI/WEB_FR_getSubscriptionConfigForBHR_Ultimate FAILED.
Reason:
com.kms.katalon.core.exception.StepFailedException: Expected element property value 'Plan Annuel ' is not equal with actual property value 'Plan Annuel ​'
	at com.kms.katalon.core.keyword.internal.KeywordMain.stepFailed(KeywordMain.groovy:39)
	at com.kms.katalon.core.webservice.keyword.builtin.VerifyElementPropertyValueKeyword$_verifyElementPropertyValue_closure1.doCall(VerifyElementPropertyValueKeyword.groovy:56)
	at com.kms.katalon.core.webservice.keyword.builtin.VerifyElementPropertyValueKeyword$_verifyElementPropertyValue_closure1.call(VerifyElementPropertyValueKeyword.groovy)
	at com.kms.katalon.core.keyword.internal.KeywordMain.runKeyword(KeywordMain.groovy:75)
	at com.kms.katalon.core.webservice.keyword.builtin.VerifyElementPropertyValueKeyword.verifyElementPropertyValue(VerifyElementPropertyValueKeyword.groovy:48)
	at com.kms.katalon.core.webservice.keyword.builtin.VerifyElementPropertyValueKeyword.execute(VerifyElementPropertyValueKeyword.groovy:43)
	at com.kms.katalon.core.keyword.internal.KeywordExecutor.executeKeywordForPlatform(KeywordExecutor.groovy:74)
	at com.kms.katalon.core.webservice.keyword.WSBuiltInKeywords.verifyElementPropertyValue(WSBuiltInKeywords.groovy:190)
	at com.kms.katalon.core.webservice.keyword.WSBuiltInKeywords$verifyElementPropertyValue$1.call(Unknown Source)
	at WEB_FR_getSubscriptionConfigForBHR_Ultimate.run(WEB_FR_getSubscriptionConfigForBHR_Ultimate:102)
	at com.kms.katalon.core.main.ScriptEngine.run(ScriptEngine.java:194)
	at com.kms.katalon.core.main.ScriptEngine.runScriptAsRawText(ScriptEngine.java:119)
	at com.kms.katalon.core.main.TestCaseExecutor.runScript(TestCaseExecutor.java:448)
	at com.kms.katalon.core.main.TestCaseExecutor.doExecute(TestCaseExecutor.java:439)
	at com.kms.katalon.core.main.TestCaseExecutor.processExecutionPhase(TestCaseExecutor.java:418)
	at com.kms.katalon.core.main.TestCaseExecutor.accessMainPhase(TestCaseExecutor.java:410)
	at com.kms.katalon.core.main.TestCaseExecutor.execute(TestCaseExecutor.java:285)
	at com.kms.katalon.core.common.CommonExecutor.accessTestCaseMainPhase(CommonExecutor.java:65)
	at com.kms.katalon.core.main.TestSuiteExecutor.accessTestSuiteMainPhase(TestSuiteExecutor.java:148)
	at com.kms.katalon.core.main.TestSuiteExecutor.execute(TestSuiteExecutor.java:106)
	at com.kms.katalon.core.main.TestCaseMain.startTestSuite(TestCaseMain.java:187)
	at com.kms.katalon.core.main.TestCaseMain$startTestSuite$0.call(Unknown Source)
	at TempTestSuite1697454209021.run(TempTestSuite1697454209021.groovy:36)]]></system-err>
   </testsuite>
</testsuites>
