<?xml version="1.0" encoding="UTF-8"?>
<testsuites name="KWT" time="34.831" tests="10" failures="4" errors="0">
   <testsuite name="KWT" tests="10" failures="4" errors="0" time="34.831" skipped="0" timestamp="2023-10-16 14:09:37" hostname="admin - 10.109.12.148" id="Test Suites/WEB/KWT">
      <properties>
         <property name="deviceName" value=""/>
         <property name="devicePlatform" value=""/>
         <property name="logFolder" value="/Users/admin/git/shahid-configuration/Reports/20231016_140310/WEB/KWT/20231016_140319"/>
         <property name="logFiles" value="/Users/admin/git/shahid-configuration/Reports/20231016_140310/WEB/KWT/20231016_140319/execution0.log"/>
         <property name="attachments" value=""/>
         <property name="hostName" value="admin - 10.109.12.148"/>
         <property name="hostAddress" value="10.109.12.148"/>
         <property name="os" value="Mac OS X 64bit"/>
         <property name="katalonVersion" value="8.6.6.208"/>
      </properties>
      <testcase name="Test Cases/WEB - CHROME/KWT PI/WEB_AR_getSubscriptionConfigForKWT_VIP" time="4.468" classname="Test Cases/WEB - CHROME/KWT PI/WEB_AR_getSubscriptionConfigForKWT_VIP" status="PASSED">
         <system-out><![CDATA[2023-10-16 14:09:37 - [TEST_CASE][PASSED] - Test Cases/WEB - CHROME/KWT PI/WEB_AR_getSubscriptionConfigForKWT_VIP: Test Cases/WEB - CHROME/KWT PI/WEB_AR_getSubscriptionConfigForKWT_VIP

2023-10-16 14:09:37 - [TEST_STEP][PASSED] - getResponse = config_files.getConfigFile.getConfig("WEB", "AR", "SHAHID_VIP", "KW", "false"): config_files.getConfigFile.getConfig is PASSED

2023-10-16 14:09:39 - [MESSAGE][INFO] - HAR: /Users/admin/git/shahid-configuration/Reports/20231016_140310/WEB/KWT/20231016_140319/requests/main/0.har

2023-10-16 14:09:39 - [MESSAGE][PASSED] - Send request successfully

2023-10-16 14:09:39 - [MESSAGE][PASSED] - config_files.getConfigFile.getConfig is PASSED

2023-10-16 14:09:39 - [TEST_STEP][PASSED] - verifyResponseStatusCode(getResponse, 200): Verify response status code successfully

2023-10-16 14:09:39 - [MESSAGE][PASSED] - Verify response status code successfully

2023-10-16 14:09:39 - [TEST_STEP][PASSED] - verifyElementPropertyValue(getResponse, "country", "KWT"): Verify element property value successfully

2023-10-16 14:09:39 - [MESSAGE][PASSED] - Verify element property value successfully

2023-10-16 14:09:39 - [TEST_STEP][PASSED] - verifyElementPropertyValue(getResponse, "platform", "[WEB]"): Verify element property value successfully

2023-10-16 14:09:39 - [MESSAGE][PASSED] - Verify element property value successfully

2023-10-16 14:09:39 - [TEST_STEP][PASSED] - verifyElementPropertyValue(getResponse, "groups[0].pricingPlans[0].featured", "true"): Verify element property value successfully

2023-10-16 14:09:39 - [MESSAGE][PASSED] - Verify element property value successfully

2023-10-16 14:09:39 - [TEST_STEP][PASSED] - verifyElementPropertyValue(getResponse, "groups[0].pricingPlans[0].packageId", "SHAHID_VIP"): Verify element property value successfully

2023-10-16 14:09:39 - [MESSAGE][PASSED] - Verify element property value successfully

2023-10-16 14:09:39 - [TEST_STEP][PASSED] - verifyElementPropertyValue(getResponse, "groups[0].pricingPlans[0].catalogId", "VIP"): Verify element property value successfully

2023-10-16 14:09:39 - [MESSAGE][PASSED] - Verify element property value successfully

2023-10-16 14:09:39 - [TEST_STEP][PASSED] - verifyElementPropertyValue(getResponse, "groups[0].pricingPlans[0].visualElements[0].key", "Header_1_text"): Verify element property value successfully

2023-10-16 14:09:39 - [MESSAGE][PASSED] - Verify element property value successfully

2023-10-16 14:09:39 - [TEST_STEP][PASSED] - verifyElementPropertyValue(getResponse, "groups[0].pricingPlans[0].visualElements[0].value", "شاهد أقوى المسلسلات و الأفلام حصرياً دون توقف"): Verify element property value successfully

2023-10-16 14:09:39 - [MESSAGE][PASSED] - Verify element property value successfully

2023-10-16 14:09:39 - [TEST_STEP][PASSED] - verifyElementPropertyValue(getResponse, "groups[0].pricingPlans[0].visualElements[1].key", "display_title"): Verify element property value successfully

2023-10-16 14:09:39 - [MESSAGE][PASSED] - Verify element property value successfully

2023-10-16 14:09:39 - [TEST_STEP][PASSED] - verifyElementPropertyValue(getResponse, "groups[0].pricingPlans[0].visualElements[1].value", "الاشتراك الشهري"): Verify element property value successfully

2023-10-16 14:09:39 - [MESSAGE][PASSED] - Verify element property value successfully

2023-10-16 14:09:39 - [TEST_STEP][PASSED] - verifyElementPropertyValue(getResponse, "groups[0].pricingPlans[0].visualElements[2].key", "promo_text"): Verify element property value successfully

2023-10-16 14:09:39 - [MESSAGE][PASSED] - Verify element property value successfully

2023-10-16 14:09:39 - [TEST_STEP][PASSED] - verifyElementPropertyValue(getResponse, "groups[0].pricingPlans[0].visualElements[2].value", "3.29 KWD / شهرياً"): Verify element property value successfully

2023-10-16 14:09:39 - [MESSAGE][PASSED] - Verify element property value successfully

2023-10-16 14:09:39 - [TEST_STEP][PASSED] - verifyElementPropertyValue(getResponse, "groups[0].pricingPlans[0].visualElements[3].key", "deduction_text"): Verify element property value successfully

2023-10-16 14:09:39 - [MESSAGE][PASSED] - Verify element property value successfully

2023-10-16 14:09:39 - [TEST_STEP][PASSED] - verifyElementPropertyValue(getResponse, "groups[0].pricingPlans[0].visualElements[3].value", "تدفع شهرياً"): Verify element property value successfully

2023-10-16 14:09:39 - [MESSAGE][PASSED] - Verify element property value successfully

2023-10-16 14:09:39 - [TEST_STEP][PASSED] - verifyElementPropertyValue(getResponse, "groups[0].pricingPlans[0].visualElements[6].key", "show_payment_logo"): Verify element property value successfully

2023-10-16 14:09:39 - [MESSAGE][PASSED] - Verify element property value successfully

2023-10-16 14:09:39 - [TEST_STEP][PASSED] - verifyElementPropertyValue(getResponse, "groups[0].pricingPlans[0].visualElements[6].value", "true"): Verify element property value successfully

2023-10-16 14:09:39 - [MESSAGE][PASSED] - Verify element property value successfully

2023-10-16 14:09:39 - [TEST_STEP][PASSED] - verifyElementPropertyValue(getResponse, "groups[0].pricingPlans[0].visualElements[8].key", "price"): Verify element property value successfully

2023-10-16 14:09:39 - [MESSAGE][PASSED] - Verify element property value successfully

2023-10-16 14:09:39 - [TEST_STEP][PASSED] - verifyElementPropertyValue(getResponse, "groups[0].pricingPlans[0].visualElements[8].value", "3.29"): Verify element property value successfully

2023-10-16 14:09:39 - [MESSAGE][PASSED] - Verify element property value successfully

2023-10-16 14:09:39 - [TEST_STEP][PASSED] - verifyElementPropertyValue(getResponse, "groups[0].pricingPlans[0].visualElements[9].key", "currency"): Verify element property value successfully

2023-10-16 14:09:39 - [MESSAGE][PASSED] - Verify element property value successfully

2023-10-16 14:09:39 - [TEST_STEP][PASSED] - verifyElementPropertyValue(getResponse, "groups[0].pricingPlans[0].visualElements[9].value", "KWD"): Verify element property value successfully

2023-10-16 14:09:40 - [MESSAGE][PASSED] - Verify element property value successfully

2023-10-16 14:09:40 - [TEST_STEP][PASSED] - verifyElementPropertyValue(getResponse, "groups[0].pricingPlans[0].visualElements[10].key", "duration"): Verify element property value successfully

2023-10-16 14:09:40 - [MESSAGE][PASSED] - Verify element property value successfully

2023-10-16 14:09:40 - [TEST_STEP][PASSED] - verifyElementPropertyValue(getResponse, "groups[0].pricingPlans[0].visualElements[10].value", "شهرياً"): Verify element property value successfully

2023-10-16 14:09:40 - [MESSAGE][PASSED] - Verify element property value successfully

2023-10-16 14:09:40 - [TEST_STEP][PASSED] - verifyElementPropertyValue(getResponse, "groups[0].pricingPlans[0].order", "0"): Verify element property value successfully

2023-10-16 14:09:40 - [MESSAGE][PASSED] - Verify element property value successfully

2023-10-16 14:09:40 - [TEST_STEP][PASSED] - verifyElementPropertyValue(getResponse, "groups[0].pricingPlans[0].period", "monthly"): Verify element property value successfully

2023-10-16 14:09:40 - [MESSAGE][PASSED] - Verify element property value successfully

2023-10-16 14:09:40 - [TEST_STEP][PASSED] - verifyElementPropertyValue(getResponse, "groups[0].pricingPlans[0].price", "3.29"): Verify element property value successfully

2023-10-16 14:09:40 - [MESSAGE][PASSED] - Verify element property value successfully

2023-10-16 14:09:40 - [TEST_STEP][PASSED] - verifyElementPropertyValue(getResponse, "groups[0].pricingPlans[0].currency", "KWD"): Verify element property value successfully

2023-10-16 14:09:40 - [MESSAGE][PASSED] - Verify element property value successfully

2023-10-16 14:09:40 - [TEST_STEP][PASSED] - verifyElementPropertyValue(getResponse, "groups[0].pricingPlans[0].pricingPlanData[0].productId", "KWT_B2C_SHAHID_VIP_1M"): Verify element property value successfully

2023-10-16 14:09:40 - [MESSAGE][PASSED] - Verify element property value successfully

2023-10-16 14:09:40 - [TEST_STEP][PASSED] - verifyElementPropertyValue(getResponse, "groups[0].pricingPlans[0].pricingPlanData[0].subPricingPlanIds", "null"): Verify element property value successfully

2023-10-16 14:09:40 - [MESSAGE][PASSED] - Verify element property value successfully

2023-10-16 14:09:40 - [TEST_STEP][PASSED] - verifyElementPropertyValue(getResponse, "groups[0].pricingPlans[0].pricingPlanData[0].paymentMethod", "CREDIT_CARD"): Verify element property value successfully

2023-10-16 14:09:40 - [MESSAGE][PASSED] - Verify element property value successfully

2023-10-16 14:09:40 - [TEST_STEP][PASSED] - verifyElementPropertyValue(getResponse, "groups[0].pricingPlans[0].pricingPlanData[0].freeTrialEnabled", "false"): Verify element property value successfully

2023-10-16 14:09:40 - [MESSAGE][PASSED] - Verify element property value successfully

2023-10-16 14:09:40 - [TEST_STEP][PASSED] - verifyElementPropertyValue(getResponse, "groups[0].pricingPlans[0].pricingPlanData[0].visualElements[0].key", "title"): Verify element property value successfully

2023-10-16 14:09:40 - [MESSAGE][PASSED] - Verify element property value successfully

2023-10-16 14:09:40 - [TEST_STEP][PASSED] - verifyElementPropertyValue(getResponse, "groups[0].pricingPlans[0].pricingPlanData[0].visualElements[0].value", "البطاقة المصرفية"): Verify element property value successfully

2023-10-16 14:09:40 - [MESSAGE][PASSED] - Verify element property value successfully

2023-10-16 14:09:40 - [TEST_STEP][PASSED] - verifyElementPropertyValue(getResponse, "groups[0].pricingPlans[0].pricingPlanData[0].visualElements[1].key", "CTA_text"): Verify element property value successfully

2023-10-16 14:09:40 - [MESSAGE][PASSED] - Verify element property value successfully

2023-10-16 14:09:40 - [TEST_STEP][PASSED] - verifyElementPropertyValue(getResponse, "groups[0].pricingPlans[0].pricingPlanData[0].visualElements[1].value", "اشترك"): Verify element property value successfully

2023-10-16 14:09:40 - [MESSAGE][PASSED] - Verify element property value successfully

2023-10-16 14:09:40 - [TEST_STEP][PASSED] - verifyElementPropertyValue(getResponse, "groups[0].pricingPlans[0].pricingPlanData[0].visualElements[2].key", "logo"): Verify element property value successfully

2023-10-16 14:09:40 - [MESSAGE][PASSED] - Verify element property value successfully

2023-10-16 14:09:40 - [TEST_STEP][PASSED] - verifyElementPropertyValue(getResponse, "groups[0].pricingPlans[0].pricingPlanData[0].visualElements[2].value", "https://static.s3.shahid.mbc.net/widget-images/icons/iconCreditCard.png"): Verify element property value successfully

2023-10-16 14:09:40 - [MESSAGE][PASSED] - Verify element property value successfully

2023-10-16 14:09:40 - [TEST_STEP][PASSED] - verifyElementPropertyValue(getResponse, "groups[0].pricingPlans[0].pricingPlanData[0].priceLabel", "3.29"): Verify element property value successfully

2023-10-16 14:09:40 - [MESSAGE][PASSED] - Verify element property value successfully

2023-10-16 14:09:40 - [TEST_STEP][PASSED] - verifyElementPropertyValue(getResponse, "groups[0].pricingPlans[0].pricingPlanData[0].currencyLabel", "KWD"): Verify element property value successfully

2023-10-16 14:09:40 - [MESSAGE][PASSED] - Verify element property value successfully

2023-10-16 14:09:40 - [TEST_STEP][PASSED] - verifyElementPropertyValue(getResponse, "groups[0].pricingPlans[0].pricingPlanData[1].pricingPlanId", "TPay_stc_KW"): Verify element property value successfully

2023-10-16 14:09:40 - [MESSAGE][PASSED] - Verify element property value successfully

2023-10-16 14:09:40 - [TEST_STEP][PASSED] - verifyElementPropertyValue(getResponse, "groups[0].pricingPlans[0].pricingPlanData[1].productId", "KWT_B2C_SHAHID_VIP_1M"): Verify element property value successfully

2023-10-16 14:09:40 - [MESSAGE][PASSED] - Verify element property value successfully

2023-10-16 14:09:40 - [TEST_STEP][PASSED] - verifyElementPropertyValue(getResponse, "groups[0].pricingPlans[0].pricingPlanData[1].subPricingPlanIds[0]", "41904"): Verify element property value successfully

2023-10-16 14:09:40 - [MESSAGE][PASSED] - Verify element property value successfully

2023-10-16 14:09:40 - [TEST_STEP][PASSED] - verifyElementPropertyValue(getResponse, "groups[0].pricingPlans[0].pricingPlanData[1].paymentMethod", "MOBILE_PAY"): Verify element property value successfully

2023-10-16 14:09:40 - [MESSAGE][PASSED] - Verify element property value successfully

2023-10-16 14:09:40 - [TEST_STEP][PASSED] - verifyElementPropertyValue(getResponse, "groups[0].pricingPlans[0].pricingPlanData[1].freeTrialEnabled", "false"): Verify element property value successfully

2023-10-16 14:09:40 - [MESSAGE][PASSED] - Verify element property value successfully

2023-10-16 14:09:40 - [TEST_STEP][PASSED] - verifyElementPropertyValue(getResponse, "groups[0].pricingPlans[0].pricingPlanData[1].showIn[0]", "VERTICAL_MODE"): Verify element property value successfully

2023-10-16 14:09:40 - [MESSAGE][PASSED] - Verify element property value successfully

2023-10-16 14:09:40 - [TEST_STEP][PASSED] - verifyElementPropertyValue(getResponse, "groups[0].pricingPlans[0].pricingPlanData[1].showIn[1]", "HORIZONTAL_MODE"): Verify element property value successfully

2023-10-16 14:09:40 - [MESSAGE][PASSED] - Verify element property value successfully

2023-10-16 14:09:40 - [TEST_STEP][PASSED] - verifyElementPropertyValue(getResponse, "groups[0].pricingPlans[0].pricingPlanData[1].visualElements[0].key", "payment_option_group"): Verify element property value successfully

2023-10-16 14:09:40 - [MESSAGE][PASSED] - Verify element property value successfully

2023-10-16 14:09:40 - [TEST_STEP][PASSED] - verifyElementPropertyValue(getResponse, "groups[0].pricingPlans[0].pricingPlanData[1].visualElements[0].value", "true"): Verify element property value successfully

2023-10-16 14:09:40 - [MESSAGE][PASSED] - Verify element property value successfully

2023-10-16 14:09:40 - [TEST_STEP][PASSED] - verifyElementPropertyValue(getResponse, "groups[0].pricingPlans[0].pricingPlanData[1].visualElements[1].key", "title"): Verify element property value successfully

2023-10-16 14:09:40 - [MESSAGE][PASSED] - Verify element property value successfully

2023-10-16 14:09:40 - [TEST_STEP][PASSED] - verifyElementPropertyValue(getResponse, "groups[0].pricingPlans[0].pricingPlanData[1].visualElements[1].value", "الدفع عبر الجّوال"): Verify element property value successfully

2023-10-16 14:09:40 - [MESSAGE][PASSED] - Verify element property value successfully

2023-10-16 14:09:40 - [TEST_STEP][PASSED] - verifyElementPropertyValue(getResponse, "groups[0].pricingPlans[0].pricingPlanData[1].visualElements[2].key", "CTA_text"): Verify element property value successfully

2023-10-16 14:09:40 - [MESSAGE][PASSED] - Verify element property value successfully

2023-10-16 14:09:40 - [TEST_STEP][PASSED] - verifyElementPropertyValue(getResponse, "groups[0].pricingPlans[0].pricingPlanData[1].visualElements[2].value", "اشترك"): Verify element property value successfully

2023-10-16 14:09:40 - [MESSAGE][PASSED] - Verify element property value successfully

2023-10-16 14:09:40 - [TEST_STEP][PASSED] - verifyElementPropertyValue(getResponse, "groups[0].pricingPlans[0].pricingPlanData[1].visualElements[3].key", "logo"): Verify element property value successfully

2023-10-16 14:09:40 - [MESSAGE][PASSED] - Verify element property value successfully

2023-10-16 14:09:40 - [TEST_STEP][PASSED] - verifyElementPropertyValue(getResponse, "groups[0].pricingPlans[0].pricingPlanData[1].visualElements[3].value", "https://static.s3.shahid.mbc.net/widget-images/icons/iconMobile.png"): Verify element property value successfully

2023-10-16 14:09:40 - [MESSAGE][PASSED] - Verify element property value successfully

2023-10-16 14:09:40 - [TEST_STEP][PASSED] - verifyElementPropertyValue(getResponse, "groups[0].pricingPlans[0].pricingPlanData[1].priceLabel", "3.29"): Verify element property value successfully

2023-10-16 14:09:40 - [MESSAGE][PASSED] - Verify element property value successfully

2023-10-16 14:09:40 - [TEST_STEP][PASSED] - verifyElementPropertyValue(getResponse, "groups[0].pricingPlans[0].pricingPlanData[1].currencyLabel", "KWD"): Verify element property value successfully

2023-10-16 14:09:40 - [MESSAGE][PASSED] - Verify element property value successfully

2023-10-16 14:09:40 - [TEST_STEP][PASSED] - verifyElementPropertyValue(getResponse, "groups[0].pricingPlans[0].pricingPlanData[1].allowedForAcquisition", "true"): Verify element property value successfully

2023-10-16 14:09:40 - [MESSAGE][PASSED] - Verify element property value successfully

2023-10-16 14:09:40 - [TEST_STEP][PASSED] - verifyElementPropertyValue(getResponse, "groups[0].pricingPlans[0].pricingPlanData[2].pricingPlanId", "TPay_Zain_KW"): Verify element property value successfully

2023-10-16 14:09:40 - [MESSAGE][PASSED] - Verify element property value successfully

2023-10-16 14:09:40 - [TEST_STEP][PASSED] - verifyElementPropertyValue(getResponse, "groups[0].pricingPlans[0].pricingPlanData[2].productId", "KWT_B2C_SHAHID_VIP_1M"): Verify element property value successfully

2023-10-16 14:09:40 - [MESSAGE][PASSED] - Verify element property value successfully

2023-10-16 14:09:40 - [TEST_STEP][PASSED] - verifyElementPropertyValue(getResponse, "groups[0].pricingPlans[0].pricingPlanData[2].subPricingPlanIds[0]", "41902"): Verify element property value successfully

2023-10-16 14:09:40 - [MESSAGE][PASSED] - Verify element property value successfully

2023-10-16 14:09:40 - [TEST_STEP][PASSED] - verifyElementPropertyValue(getResponse, "groups[0].pricingPlans[0].pricingPlanData[2].paymentMethod", "MOBILE_PAY"): Verify element property value successfully

2023-10-16 14:09:40 - [MESSAGE][PASSED] - Verify element property value successfully

2023-10-16 14:09:40 - [TEST_STEP][PASSED] - verifyElementPropertyValue(getResponse, "groups[0].pricingPlans[0].pricingPlanData[2].freeTrialEnabled", "false"): Verify element property value successfully

2023-10-16 14:09:40 - [MESSAGE][PASSED] - Verify element property value successfully

2023-10-16 14:09:40 - [TEST_STEP][PASSED] - verifyElementPropertyValue(getResponse, "groups[0].pricingPlans[0].pricingPlanData[2].priceLabel", "3.29"): Verify element property value successfully

2023-10-16 14:09:40 - [MESSAGE][PASSED] - Verify element property value successfully

2023-10-16 14:09:40 - [TEST_STEP][PASSED] - verifyElementPropertyValue(getResponse, "groups[0].pricingPlans[0].pricingPlanData[2].currencyLabel", "KWD"): Verify element property value successfully

2023-10-16 14:09:40 - [MESSAGE][PASSED] - Verify element property value successfully

2023-10-16 14:09:40 - [TEST_STEP][PASSED] - verifyElementPropertyValue(getResponse, "groups[0].pricingPlans[0].pricingPlanData[2].allowedForAcquisition", "true"): Verify element property value successfully

2023-10-16 14:09:40 - [MESSAGE][PASSED] - Verify element property value successfully

2023-10-16 14:09:40 - [TEST_STEP][PASSED] - verifyElementPropertyValue(getResponse, "groups[0].pricingPlans[2].featured", "false"): Verify element property value successfully

2023-10-16 14:09:40 - [MESSAGE][PASSED] - Verify element property value successfully

2023-10-16 14:09:40 - [TEST_STEP][PASSED] - verifyElementPropertyValue(getResponse, "groups[0].pricingPlans[2].packageId", "SHAHID_VIP"): Verify element property value successfully

2023-10-16 14:09:40 - [MESSAGE][PASSED] - Verify element property value successfully

2023-10-16 14:09:40 - [TEST_STEP][PASSED] - verifyElementPropertyValue(getResponse, "groups[0].pricingPlans[2].catalogId", "VIP"): Verify element property value successfully

2023-10-16 14:09:40 - [MESSAGE][PASSED] - Verify element property value successfully

2023-10-16 14:09:40 - [TEST_STEP][PASSED] - verifyElementPropertyValue(getResponse, "groups[0].pricingPlans[2].visualElements[0].key", "Header_1_text"): Verify element property value successfully

2023-10-16 14:09:40 - [MESSAGE][PASSED] - Verify element property value successfully

2023-10-16 14:09:40 - [TEST_STEP][PASSED] - verifyElementPropertyValue(getResponse, "groups[0].pricingPlans[2].visualElements[0].value", "شاهد أقوى المسلسلات و الأفلام حصرياً دون توقف"): Verify element property value successfully

2023-10-16 14:09:40 - [MESSAGE][PASSED] - Verify element property value successfully

2023-10-16 14:09:40 - [TEST_STEP][PASSED] - verifyElementPropertyValue(getResponse, "groups[0].pricingPlans[2].visualElements[1].key", "display_title"): Verify element property value successfully

2023-10-16 14:09:40 - [MESSAGE][PASSED] - Verify element property value successfully

2023-10-16 14:09:40 - [TEST_STEP][PASSED] - verifyElementPropertyValue(getResponse, "groups[0].pricingPlans[2].visualElements[1].value", "الاشتراك السنوي"): Verify element property value successfully

2023-10-16 14:09:40 - [MESSAGE][PASSED] - Verify element property value successfully

2023-10-16 14:09:40 - [TEST_STEP][PASSED] - verifyElementPropertyValue(getResponse, "groups[0].pricingPlans[2].visualElements[2].key", "tag_text"): Verify element property value successfully

2023-10-16 14:09:40 - [MESSAGE][PASSED] - Verify element property value successfully

2023-10-16 14:09:40 - [TEST_STEP][PASSED] - verifyElementPropertyValue(getResponse, "groups[0].pricingPlans[2].visualElements[2].value", "وفر30%"): Verify element property value successfully

2023-10-16 14:09:40 - [MESSAGE][PASSED] - Verify element property value successfully

2023-10-16 14:09:40 - [TEST_STEP][PASSED] - verifyElementPropertyValue(getResponse, "groups[0].pricingPlans[2].visualElements[3].key", "promo_text"): Verify element property value successfully

2023-10-16 14:09:40 - [MESSAGE][PASSED] - Verify element property value successfully

2023-10-16 14:09:40 - [TEST_STEP][PASSED] - verifyElementPropertyValue(getResponse, "groups[0].pricingPlans[2].visualElements[3].value", "2.29 KWD / شهرياً"): Verify element property value successfully

2023-10-16 14:09:40 - [MESSAGE][PASSED] - Verify element property value successfully

2023-10-16 14:09:40 - [TEST_STEP][PASSED] - verifyElementPropertyValue(getResponse, "groups[0].pricingPlans[2].visualElements[4].key", "deduction_text"): Verify element property value successfully

2023-10-16 14:09:40 - [MESSAGE][PASSED] - Verify element property value successfully

2023-10-16 14:09:40 - [TEST_STEP][PASSED] - verifyElementPropertyValue(getResponse, "groups[0].pricingPlans[2].visualElements[4].value", " 27.59 KWD  تدفع سنوياً"): Verify element property value successfully

2023-10-16 14:09:40 - [MESSAGE][PASSED] - Verify element property value successfully

2023-10-16 14:09:40 - [TEST_STEP][PASSED] - verifyElementPropertyValue(getResponse, "groups[0].pricingPlans[2].visualElements[7].key", "show_payment_logo"): Verify element property value successfully

2023-10-16 14:09:40 - [MESSAGE][PASSED] - Verify element property value successfully

2023-10-16 14:09:40 - [TEST_STEP][PASSED] - verifyElementPropertyValue(getResponse, "groups[0].pricingPlans[2].visualElements[7].value", "true"): Verify element property value successfully

2023-10-16 14:09:40 - [MESSAGE][PASSED] - Verify element property value successfully

2023-10-16 14:09:40 - [TEST_STEP][PASSED] - verifyElementPropertyValue(getResponse, "groups[0].pricingPlans[2].visualElements[8].key", "show_tag"): Verify element property value successfully

2023-10-16 14:09:40 - [MESSAGE][PASSED] - Verify element property value successfully

2023-10-16 14:09:40 - [TEST_STEP][PASSED] - verifyElementPropertyValue(getResponse, "groups[0].pricingPlans[2].visualElements[8].value", "true"): Verify element property value successfully

2023-10-16 14:09:40 - [MESSAGE][PASSED] - Verify element property value successfully

2023-10-16 14:09:40 - [TEST_STEP][PASSED] - verifyElementPropertyValue(getResponse, "groups[0].pricingPlans[2].visualElements[10].key", "price"): Verify element property value successfully

2023-10-16 14:09:40 - [MESSAGE][PASSED] - Verify element property value successfully

2023-10-16 14:09:40 - [TEST_STEP][PASSED] - verifyElementPropertyValue(getResponse, "groups[0].pricingPlans[2].visualElements[10].value", "27.59"): Verify element property value successfully

2023-10-16 14:09:40 - [MESSAGE][PASSED] - Verify element property value successfully

2023-10-16 14:09:40 - [TEST_STEP][PASSED] - verifyElementPropertyValue(getResponse, "groups[0].pricingPlans[2].visualElements[11].key", "currency"): Verify element property value successfully

2023-10-16 14:09:40 - [MESSAGE][PASSED] - Verify element property value successfully

2023-10-16 14:09:40 - [TEST_STEP][PASSED] - verifyElementPropertyValue(getResponse, "groups[0].pricingPlans[2].visualElements[11].value", "KWD"): Verify element property value successfully

2023-10-16 14:09:40 - [MESSAGE][PASSED] - Verify element property value successfully

2023-10-16 14:09:40 - [TEST_STEP][PASSED] - verifyElementPropertyValue(getResponse, "groups[0].pricingPlans[2].visualElements[12].key", "duration"): Verify element property value successfully

2023-10-16 14:09:40 - [MESSAGE][PASSED] - Verify element property value successfully

2023-10-16 14:09:40 - [TEST_STEP][PASSED] - verifyElementPropertyValue(getResponse, "groups[0].pricingPlans[2].visualElements[12].value", "سنوياً"): Verify element property value successfully

2023-10-16 14:09:40 - [MESSAGE][PASSED] - Verify element property value successfully

2023-10-16 14:09:40 - [TEST_STEP][PASSED] - verifyElementPropertyValue(getResponse, "groups[0].pricingPlans[2].order", "2"): Verify element property value successfully

2023-10-16 14:09:40 - [MESSAGE][PASSED] - Verify element property value successfully

2023-10-16 14:09:40 - [TEST_STEP][PASSED] - verifyElementPropertyValue(getResponse, "groups[0].pricingPlans[2].period", "yearly"): Verify element property value successfully

2023-10-16 14:09:40 - [MESSAGE][PASSED] - Verify element property value successfully

2023-10-16 14:09:40 - [TEST_STEP][PASSED] - verifyElementPropertyValue(getResponse, "groups[0].pricingPlans[2].price", "27.59"): Verify element property value successfully

2023-10-16 14:09:40 - [MESSAGE][PASSED] - Verify element property value successfully

2023-10-16 14:09:40 - [TEST_STEP][PASSED] - verifyElementPropertyValue(getResponse, "groups[0].pricingPlans[2].currency", "KWD"): Verify element property value successfully

2023-10-16 14:09:40 - [MESSAGE][PASSED] - Verify element property value successfully

2023-10-16 14:09:40 - [TEST_STEP][PASSED] - verifyElementPropertyValue(getResponse, "groups[0].pricingPlans[2].pricingPlanData[0].productId", "KWT_B2C_SHAHID_VIP_12M"): Verify element property value successfully

2023-10-16 14:09:40 - [MESSAGE][PASSED] - Verify element property value successfully

2023-10-16 14:09:40 - [TEST_STEP][PASSED] - verifyElementPropertyValue(getResponse, "groups[0].pricingPlans[2].pricingPlanData[0].subPricingPlanIds", "null"): Verify element property value successfully

2023-10-16 14:09:40 - [MESSAGE][PASSED] - Verify element property value successfully

2023-10-16 14:09:40 - [TEST_STEP][PASSED] - verifyElementPropertyValue(getResponse, "groups[0].pricingPlans[2].pricingPlanData[0].paymentMethod", "CREDIT_CARD"): Verify element property value successfully

2023-10-16 14:09:40 - [MESSAGE][PASSED] - Verify element property value successfully

2023-10-16 14:09:40 - [TEST_STEP][PASSED] - verifyElementPropertyValue(getResponse, "groups[0].pricingPlans[2].pricingPlanData[0].freeTrialEnabled", "false"): Verify element property value successfully

2023-10-16 14:09:40 - [MESSAGE][PASSED] - Verify element property value successfully

2023-10-16 14:09:40 - [TEST_STEP][PASSED] - verifyElementPropertyValue(getResponse, "groups[0].pricingPlans[2].pricingPlanData[0].visualElements[0].key", "title"): Verify element property value successfully

2023-10-16 14:09:40 - [MESSAGE][PASSED] - Verify element property value successfully

2023-10-16 14:09:40 - [TEST_STEP][PASSED] - verifyElementPropertyValue(getResponse, "groups[0].pricingPlans[2].pricingPlanData[0].visualElements[0].value", "البطاقة المصرفية"): Verify element property value successfully

2023-10-16 14:09:40 - [MESSAGE][PASSED] - Verify element property value successfully

2023-10-16 14:09:40 - [TEST_STEP][PASSED] - verifyElementPropertyValue(getResponse, "groups[0].pricingPlans[2].pricingPlanData[0].visualElements[1].key", "CTA_text"): Verify element property value successfully

2023-10-16 14:09:40 - [MESSAGE][PASSED] - Verify element property value successfully

2023-10-16 14:09:40 - [TEST_STEP][PASSED] - verifyElementPropertyValue(getResponse, "groups[0].pricingPlans[2].pricingPlanData[0].visualElements[1].value", "اشترك"): Verify element property value successfully

2023-10-16 14:09:40 - [MESSAGE][PASSED] - Verify element property value successfully

2023-10-16 14:09:40 - [TEST_STEP][PASSED] - verifyElementPropertyValue(getResponse, "groups[0].pricingPlans[2].pricingPlanData[0].visualElements[2].key", "logo"): Verify element property value successfully

2023-10-16 14:09:40 - [MESSAGE][PASSED] - Verify element property value successfully

2023-10-16 14:09:40 - [TEST_STEP][PASSED] - verifyElementPropertyValue(getResponse, "groups[0].pricingPlans[2].pricingPlanData[0].visualElements[2].value", "https://static.s3.shahid.mbc.net/widget-images/icons/iconCreditCard.png"): Verify element property value successfully

2023-10-16 14:09:40 - [MESSAGE][PASSED] - Verify element property value successfully

2023-10-16 14:09:40 - [TEST_STEP][PASSED] - verifyElementPropertyValue(getResponse, "groups[0].pricingPlans[2].pricingPlanData[0].priceLabel", "27.59"): Verify element property value successfully

2023-10-16 14:09:40 - [MESSAGE][PASSED] - Verify element property value successfully

2023-10-16 14:09:40 - [TEST_STEP][PASSED] - verifyElementPropertyValue(getResponse, "groups[0].pricingPlans[2].pricingPlanData[0].currencyLabel", "KWD"): Verify element property value successfully

2023-10-16 14:09:40 - [MESSAGE][PASSED] - Verify element property value successfully

2023-10-16 14:09:40 - [TEST_STEP][PASSED] - verifyElementPropertyValue(getResponse, "groups[0].pricingPlans[2].pricingPlanData[0].allowedForAcquisition", "true"): Verify element property value successfully

2023-10-16 14:09:40 - [MESSAGE][PASSED] - Verify element property value successfully

2023-10-16 14:09:40 - [TEST_STEP][PASSED] - verifyElementPropertyValue(getResponse, "groups[0].pricingPlans[2].pricingPlanData[0].showIn[0]", "VERTICAL_MODE"): Verify element property value successfully

2023-10-16 14:09:40 - [MESSAGE][PASSED] - Verify element property value successfully

2023-10-16 14:09:40 - [TEST_STEP][PASSED] - verifyElementPropertyValue(getResponse, "groups[0].pricingPlans[2].pricingPlanData[0].showIn[1]", "HORIZONTAL_MODE"): Verify element property value successfully

2023-10-16 14:09:40 - [MESSAGE][PASSED] - Verify element property value successfully

2023-10-16 14:09:40 - [TEST_STEP][PASSED] - verifyElementPropertyValue(getResponse, "deals[0].param", "stckwt"): Verify element property value successfully

2023-10-16 14:09:40 - [MESSAGE][PASSED] - Verify element property value successfully

2023-10-16 14:09:40 - [TEST_STEP][PASSED] - verifyElementPropertyValue(getResponse, "deals[0].featured", "false"): Verify element property value successfully

2023-10-16 14:09:40 - [MESSAGE][PASSED] - Verify element property value successfully

2023-10-16 14:09:40 - [TEST_STEP][PASSED] - verifyElementPropertyValue(getResponse, "deals[0].skipLandingPage", "false"): Verify element property value successfully

2023-10-16 14:09:40 - [MESSAGE][PASSED] - Verify element property value successfully

2023-10-16 14:09:40 - [TEST_STEP][PASSED] - verifyElementPropertyValue(getResponse, "deals[0].visualElements[5].key", "offer_logo"): Verify element property value successfully

2023-10-16 14:09:40 - [MESSAGE][PASSED] - Verify element property value successfully

2023-10-16 14:09:40 - [TEST_STEP][PASSED] - verifyElementPropertyValue(getResponse, "deals[0].visualElements[5].value[0]", "https://shahid-static.s3.us-east-1.amazonaws.com/shahid-subscription-config/STC_LOGO_KWT.png"): Verify element property value successfully

2023-10-16 14:09:40 - [MESSAGE][PASSED] - Verify element property value successfully

2023-10-16 14:09:40 - [TEST_STEP][PASSED] - verifyElementPropertyValue(getResponse, "deals[0].visualElements[7].key", "main_partner_logo"): Verify element property value successfully

2023-10-16 14:09:40 - [MESSAGE][PASSED] - Verify element property value successfully

2023-10-16 14:09:40 - [TEST_STEP][PASSED] - verifyElementPropertyValue(getResponse, "deals[0].visualElements[7].value", "https://shahid-static.s3.us-east-1.amazonaws.com/shahid-subscription-config/STC_LOGO_KWT.png"): Verify element property value successfully

2023-10-16 14:09:40 - [MESSAGE][PASSED] - Verify element property value successfully

2023-10-16 14:09:40 - [TEST_STEP][PASSED] - verifyElementPropertyValue(getResponse, "deals[0].groups[0].pricingPlans[0].price", "3.29"): Verify element property value successfully

2023-10-16 14:09:40 - [MESSAGE][PASSED] - Verify element property value successfully

2023-10-16 14:09:40 - [TEST_STEP][PASSED] - verifyElementPropertyValue(getResponse, "deals[0].groups[0].pricingPlans[0].currency", "KWD"): Verify element property value successfully

2023-10-16 14:09:40 - [MESSAGE][PASSED] - Verify element property value successfully

2023-10-16 14:09:40 - [TEST_STEP][PASSED] - verifyElementPropertyValue(getResponse, "deals[0].groups[0].pricingPlans[0].packageId", "SHAHID_VIP"): Verify element property value successfully

2023-10-16 14:09:41 - [MESSAGE][PASSED] - Verify element property value successfully

2023-10-16 14:09:41 - [TEST_STEP][PASSED] - verifyElementPropertyValue(getResponse, "deals[0].groups[0].pricingPlans[0].catalogId", "VIP"): Verify element property value successfully

2023-10-16 14:09:41 - [MESSAGE][PASSED] - Verify element property value successfully

2023-10-16 14:09:41 - [TEST_STEP][PASSED] - verifyElementPropertyValue(getResponse, "deals[0].groups[0].pricingPlans[0].pricingPlanData[0].pricingPlanId", "TPay_stc_KW"): Verify element property value successfully

2023-10-16 14:09:41 - [MESSAGE][PASSED] - Verify element property value successfully

2023-10-16 14:09:41 - [TEST_STEP][PASSED] - verifyElementPropertyValue(getResponse, "deals[0].groups[0].pricingPlans[0].pricingPlanData[0].productId", "KWT_B2C_SHAHID_VIP_1M"): Verify element property value successfully

2023-10-16 14:09:41 - [MESSAGE][PASSED] - Verify element property value successfully

2023-10-16 14:09:41 - [TEST_STEP][PASSED] - verifyElementPropertyValue(getResponse, "deals[0].groups[0].pricingPlans[0].pricingPlanData[0].subPricingPlanIds[0]", "41904"): Verify element property value successfully

2023-10-16 14:09:41 - [MESSAGE][PASSED] - Verify element property value successfully

2023-10-16 14:09:41 - [TEST_STEP][PASSED] - verifyElementPropertyValue(getResponse, "deals[0].groups[0].pricingPlans[0].pricingPlanData[0].priceLabel", "3.29"): Verify element property value successfully

2023-10-16 14:09:41 - [MESSAGE][PASSED] - Verify element property value successfully

2023-10-16 14:09:41 - [TEST_STEP][PASSED] - verifyElementPropertyValue(getResponse, "deals[0].groups[0].pricingPlans[0].pricingPlanData[0].currencyLabel", "KWD"): Verify element property value successfully

2023-10-16 14:09:41 - [MESSAGE][PASSED] - Verify element property value successfully

2023-10-16 14:09:41 - [TEST_STEP][PASSED] - verifyElementPropertyValue(getResponse, "deals[0].groups[0].pricingPlans[0].pricingPlanData[0].dealId", "STC-KWT-LP-ALLUSER"): Verify element property value successfully

2023-10-16 14:09:41 - [MESSAGE][PASSED] - Verify element property value successfully

2023-10-16 14:09:41 - [TEST_STEP][PASSED] - verifyElementPropertyValue(getResponse, "deals[0].groups[0].pricingPlans[0].visualElements[18].key", "summary_text_1"): Verify element property value successfully

2023-10-16 14:09:41 - [MESSAGE][PASSED] - Verify element property value successfully

2023-10-16 14:09:41 - [TEST_STEP][PASSED] - verifyElementPropertyValue(getResponse, "deals[0].groups[0].pricingPlans[0].visualElements[18].value", "شاهد VIP - وجهتك الأمثل للترفيه اشترك الآن !! الرسوم الشهرية 3.29 دينار كويتي (شاملاً ضريبة القيمة المضافة)"): Verify element property value successfully

2023-10-16 14:09:41 - [MESSAGE][PASSED] - Verify element property value successfully

2023-10-16 14:09:41 - [TEST_STEP][PASSED] - verifyElementPropertyValue(getResponse, "deals[0].specialOfferLandingPage.visualElements[0].key", "pop_up_tab_title"): Verify element property value successfully

2023-10-16 14:09:41 - [MESSAGE][PASSED] - Verify element property value successfully

2023-10-16 14:09:41 - [TEST_STEP][PASSED] - verifyElementPropertyValue(getResponse, "deals[0].specialOfferLandingPage.visualElements[0].value[0]", " الشروط والأحكام"): Verify element property value successfully

2023-10-16 14:09:41 - [MESSAGE][PASSED] - Verify element property value successfully

2023-10-16 14:09:41 - [TEST_STEP][PASSED] - verifyElementPropertyValue(getResponse, "deals[0].specialOfferLandingPage.visualElements[1].key", "pop_up_tab_content"): Verify element property value successfully

2023-10-16 14:09:41 - [MESSAGE][PASSED] - Verify element property value successfully

2023-10-16 14:09:41 - [TEST_STEP][PASSED] - verifyElementPropertyValue(getResponse, "deals[0].specialOfferLandingPage.visualElements[1].value[0]", "<ul> <li> سيتم تجديد الخدمة تلقائيًا </li> <li> الرسوم الشهرية 2.89 دينار كويتي (شاملاً ضريبة القيمة المضافة) . </li> <li> للاستفسارات تواصل معنا على care@shahid.net. </li> </ul>"): Verify element property value successfully

2023-10-16 14:09:41 - [MESSAGE][PASSED] - Verify element property value successfully

2023-10-16 14:09:41 - [TEST_STEP][PASSED] - verifyElementPropertyValue(getResponse, "deals[0].specialOfferLandingPage.visualElements[2].key", "partner_logo"): Verify element property value successfully

2023-10-16 14:09:41 - [MESSAGE][PASSED] - Verify element property value successfully

2023-10-16 14:09:41 - [TEST_STEP][PASSED] - verifyElementPropertyValue(getResponse, "deals[0].specialOfferLandingPage.visualElements[2].value", "https://shahid-static.s3.us-east-1.amazonaws.com/shahid-subscription-config/STC_LOGO_KWT.png"): Verify element property value successfully

2023-10-16 14:09:41 - [MESSAGE][PASSED] - Verify element property value successfully

2023-10-16 14:09:41 - [TEST_STEP][PASSED] - verifyElementPropertyValue(getResponse, "deals[0].specialOfferLandingPage.visualElements[4].key", "partner_name"): Verify element property value successfully

2023-10-16 14:09:41 - [MESSAGE][PASSED] - Verify element property value successfully

2023-10-16 14:09:41 - [TEST_STEP][PASSED] - verifyElementPropertyValue(getResponse, "deals[0].specialOfferLandingPage.visualElements[4].value", "STC"): Verify element property value successfully

2023-10-16 14:09:41 - [MESSAGE][PASSED] - Verify element property value successfully

2023-10-16 14:09:41 - [TEST_STEP][PASSED] - verifyElementPropertyValue(getResponse, "deals[0].specialOfferLandingPage.visualElements[6].key", "continue_cta"): Verify element property value successfully

2023-10-16 14:09:41 - [MESSAGE][PASSED] - Verify element property value successfully

2023-10-16 14:09:41 - [TEST_STEP][PASSED] - verifyElementPropertyValue(getResponse, "deals[0].specialOfferLandingPage.visualElements[6].value", "جرب شاهد VIP "): Verify element property value successfully

2023-10-16 14:09:41 - [MESSAGE][PASSED] - Verify element property value successfully

2023-10-16 14:09:41 - [TEST_STEP][PASSED] - verifyElementPropertyValue(getResponse, "deals[0].specialOfferLandingPage.visualElements[7].key", "guideline_cta"): Verify element property value successfully

2023-10-16 14:09:41 - [MESSAGE][PASSED] - Verify element property value successfully

2023-10-16 14:09:41 - [TEST_STEP][PASSED] - verifyElementPropertyValue(getResponse, "deals[0].specialOfferLandingPage.visualElements[7].value[0]", "تطبق الشروط والأحكام"): Verify element property value successfully

2023-10-16 14:09:41 - [MESSAGE][PASSED] - Verify element property value successfully

2023-10-16 14:09:41 - [TEST_STEP][PASSED] - verifyElementPropertyValue(getResponse, "deals[0].specialOfferLandingPage.cards[0].image", "https://shahid-static.s3.amazonaws.com/shahid-subscription-config/LP/2022VIPLP.jpg"): Verify element property value successfully

2023-10-16 14:09:41 - [MESSAGE][PASSED] - Verify element property value successfully

2023-10-16 14:09:41 - [TEST_STEP][PASSED] - verifyElementPropertyValue(getResponse, "deals[0].dealType", "deal_with_pricing_plan"): Verify element property value successfully

2023-10-16 14:09:41 - [MESSAGE][PASSED] - Verify element property value successfully

2023-10-16 14:09:41 - [TEST_STEP][PASSED] - verifyElementPropertyValue(getResponse, "deals[0].template", "TELCO"): Verify element property value successfully

2023-10-16 14:09:41 - [MESSAGE][PASSED] - Verify element property value successfully

2023-10-16 14:09:41 - [TEST_STEP][PASSED] - verifyElementPropertyValue(getResponse, "deals[1].param", "zainkwt"): Verify element property value successfully

2023-10-16 14:09:41 - [MESSAGE][PASSED] - Verify element property value successfully

2023-10-16 14:09:41 - [TEST_STEP][PASSED] - verifyElementPropertyValue(getResponse, "deals[1].featured", "false"): Verify element property value successfully

2023-10-16 14:09:41 - [MESSAGE][PASSED] - Verify element property value successfully

2023-10-16 14:09:41 - [TEST_STEP][PASSED] - verifyElementPropertyValue(getResponse, "deals[1].skipLandingPage", "false"): Verify element property value successfully

2023-10-16 14:09:41 - [MESSAGE][PASSED] - Verify element property value successfully

2023-10-16 14:09:41 - [TEST_STEP][PASSED] - verifyElementPropertyValue(getResponse, "deals[1].visualElements[5].key", "offer_logo"): Verify element property value successfully

2023-10-16 14:09:41 - [MESSAGE][PASSED] - Verify element property value successfully

2023-10-16 14:09:41 - [TEST_STEP][PASSED] - verifyElementPropertyValue(getResponse, "deals[1].visualElements[5].value[0]", "https://shahid-static.s3.us-east-1.amazonaws.com/shahid-subscription-config/ZN_LOGO_KWT.png"): Verify element property value successfully

2023-10-16 14:09:41 - [MESSAGE][PASSED] - Verify element property value successfully

2023-10-16 14:09:41 - [TEST_STEP][PASSED] - verifyElementPropertyValue(getResponse, "deals[1].visualElements[7].key", "main_partner_logo"): Verify element property value successfully

2023-10-16 14:09:41 - [MESSAGE][PASSED] - Verify element property value successfully

2023-10-16 14:09:41 - [TEST_STEP][PASSED] - verifyElementPropertyValue(getResponse, "deals[1].visualElements[7].value", "https://shahid-static.s3.us-east-1.amazonaws.com/shahid-subscription-config/ZN_LOGO_KWT.png"): Verify element property value successfully

2023-10-16 14:09:41 - [MESSAGE][PASSED] - Verify element property value successfully

2023-10-16 14:09:41 - [TEST_STEP][PASSED] - verifyElementPropertyValue(getResponse, "deals[1].groups[0].pricingPlans[0].price", "3.29"): Verify element property value successfully

2023-10-16 14:09:41 - [MESSAGE][PASSED] - Verify element property value successfully

2023-10-16 14:09:41 - [TEST_STEP][PASSED] - verifyElementPropertyValue(getResponse, "deals[1].groups[0].pricingPlans[0].currency", "KWD"): Verify element property value successfully

2023-10-16 14:09:41 - [MESSAGE][PASSED] - Verify element property value successfully

2023-10-16 14:09:41 - [TEST_STEP][PASSED] - verifyElementPropertyValue(getResponse, "deals[1].groups[0].pricingPlans[0].packageId", "SHAHID_VIP"): Verify element property value successfully

2023-10-16 14:09:41 - [MESSAGE][PASSED] - Verify element property value successfully

2023-10-16 14:09:41 - [TEST_STEP][PASSED] - verifyElementPropertyValue(getResponse, "deals[1].groups[0].pricingPlans[0].catalogId", "VIP"): Verify element property value successfully

2023-10-16 14:09:41 - [MESSAGE][PASSED] - Verify element property value successfully

2023-10-16 14:09:41 - [TEST_STEP][PASSED] - verifyElementPropertyValue(getResponse, "deals[1].groups[0].pricingPlans[0].pricingPlanData[0].pricingPlanId", "TPay_Zain_KW"): Verify element property value successfully

2023-10-16 14:09:41 - [MESSAGE][PASSED] - Verify element property value successfully

2023-10-16 14:09:41 - [TEST_STEP][PASSED] - verifyElementPropertyValue(getResponse, "deals[1].groups[0].pricingPlans[0].pricingPlanData[0].productId", "KWT_B2C_SHAHID_VIP_1M"): Verify element property value successfully

2023-10-16 14:09:41 - [MESSAGE][PASSED] - Verify element property value successfully

2023-10-16 14:09:41 - [TEST_STEP][PASSED] - verifyElementPropertyValue(getResponse, "deals[1].groups[0].pricingPlans[0].pricingPlanData[0].subPricingPlanIds[0]", "41902"): Verify element property value successfully

2023-10-16 14:09:41 - [MESSAGE][PASSED] - Verify element property value successfully

2023-10-16 14:09:41 - [TEST_STEP][PASSED] - verifyElementPropertyValue(getResponse, "deals[1].groups[0].pricingPlans[0].pricingPlanData[0].priceLabel", "3.29"): Verify element property value successfully

2023-10-16 14:09:41 - [MESSAGE][PASSED] - Verify element property value successfully

2023-10-16 14:09:41 - [TEST_STEP][PASSED] - verifyElementPropertyValue(getResponse, "deals[1].groups[0].pricingPlans[0].pricingPlanData[0].currencyLabel", "KWD"): Verify element property value successfully

2023-10-16 14:09:41 - [MESSAGE][PASSED] - Verify element property value successfully

2023-10-16 14:09:41 - [TEST_STEP][PASSED] - verifyElementPropertyValue(getResponse, "deals[1].groups[0].pricingPlans[0].pricingPlanData[0].dealId", "ZAIN-KWT-LP-ALLUSER"): Verify element property value successfully

2023-10-16 14:09:41 - [MESSAGE][PASSED] - Verify element property value successfully

2023-10-16 14:09:41 - [TEST_STEP][PASSED] - verifyElementPropertyValue(getResponse, "deals[1].groups[0].pricingPlans[0].visualElements[18].key", "summary_text_1"): Verify element property value successfully

2023-10-16 14:09:41 - [MESSAGE][PASSED] - Verify element property value successfully

2023-10-16 14:09:41 - [TEST_STEP][PASSED] - verifyElementPropertyValue(getResponse, "deals[1].groups[0].pricingPlans[0].visualElements[18].value", "شاهد VIP - وجهتك الأمثل للترفيه اشترك الآن !! الرسوم الشهرية 3.29 دينار كويتي (شاملاً ضريبة القيمة المضافة)"): Verify element property value successfully

2023-10-16 14:09:41 - [MESSAGE][PASSED] - Verify element property value successfully

2023-10-16 14:09:41 - [TEST_STEP][PASSED] - verifyElementPropertyValue(getResponse, "deals[1].specialOfferLandingPage.visualElements[0].key", "pop_up_tab_title"): Verify element property value successfully

2023-10-16 14:09:41 - [MESSAGE][PASSED] - Verify element property value successfully

2023-10-16 14:09:41 - [TEST_STEP][PASSED] - verifyElementPropertyValue(getResponse, "deals[1].specialOfferLandingPage.visualElements[0].value[0]", " الشروط والأحكام"): Verify element property value successfully

2023-10-16 14:09:41 - [MESSAGE][PASSED] - Verify element property value successfully

2023-10-16 14:09:41 - [TEST_STEP][PASSED] - verifyElementPropertyValue(getResponse, "deals[1].specialOfferLandingPage.visualElements[1].key", "pop_up_tab_content"): Verify element property value successfully

2023-10-16 14:09:41 - [MESSAGE][PASSED] - Verify element property value successfully

2023-10-16 14:09:41 - [TEST_STEP][PASSED] - verifyElementPropertyValue(getResponse, "deals[1].specialOfferLandingPage.visualElements[1].value[0]", "<ul> <li> سيتم تجديد الخدمة تلقائيًا </li> <li> الرسوم الشهرية 2.89 دينار كويتي (شاملاً ضريبة القيمة المضافة) . </li> <li> للاستفسارات تواصل معنا على care@shahid.net. </li> </ul>"): Verify element property value successfully

2023-10-16 14:09:41 - [MESSAGE][PASSED] - Verify element property value successfully

2023-10-16 14:09:41 - [TEST_STEP][PASSED] - verifyElementPropertyValue(getResponse, "deals[1].specialOfferLandingPage.visualElements[2].key", "partner_logo"): Verify element property value successfully

2023-10-16 14:09:41 - [MESSAGE][PASSED] - Verify element property value successfully

2023-10-16 14:09:41 - [TEST_STEP][PASSED] - verifyElementPropertyValue(getResponse, "deals[1].specialOfferLandingPage.visualElements[2].value", "https://shahid-static.s3.us-east-1.amazonaws.com/shahid-subscription-config/ZN_LOGO_KWT.png"): Verify element property value successfully

2023-10-16 14:09:41 - [MESSAGE][PASSED] - Verify element property value successfully

2023-10-16 14:09:41 - [TEST_STEP][PASSED] - verifyElementPropertyValue(getResponse, "deals[1].specialOfferLandingPage.visualElements[4].key", "partner_name"): Verify element property value successfully

2023-10-16 14:09:41 - [MESSAGE][PASSED] - Verify element property value successfully

2023-10-16 14:09:41 - [TEST_STEP][PASSED] - verifyElementPropertyValue(getResponse, "deals[1].specialOfferLandingPage.visualElements[4].value", "ZAIN"): Verify element property value successfully

2023-10-16 14:09:41 - [MESSAGE][PASSED] - Verify element property value successfully

2023-10-16 14:09:41 - [TEST_STEP][PASSED] - verifyElementPropertyValue(getResponse, "deals[1].specialOfferLandingPage.visualElements[6].key", "continue_cta"): Verify element property value successfully

2023-10-16 14:09:41 - [MESSAGE][PASSED] - Verify element property value successfully

2023-10-16 14:09:41 - [TEST_STEP][PASSED] - verifyElementPropertyValue(getResponse, "deals[1].specialOfferLandingPage.visualElements[6].value", "جرب شاهد VIP "): Verify element property value successfully

2023-10-16 14:09:41 - [MESSAGE][PASSED] - Verify element property value successfully

2023-10-16 14:09:41 - [TEST_STEP][PASSED] - verifyElementPropertyValue(getResponse, "deals[1].specialOfferLandingPage.visualElements[7].key", "guideline_cta"): Verify element property value successfully

2023-10-16 14:09:41 - [MESSAGE][PASSED] - Verify element property value successfully

2023-10-16 14:09:41 - [TEST_STEP][PASSED] - verifyElementPropertyValue(getResponse, "deals[1].specialOfferLandingPage.visualElements[7].value[0]", "تطبق الشروط والأحكام"): Verify element property value successfully

2023-10-16 14:09:41 - [MESSAGE][PASSED] - Verify element property value successfully

2023-10-16 14:09:41 - [TEST_STEP][PASSED] - verifyElementPropertyValue(getResponse, "deals[1].specialOfferLandingPage.cards[0].image", "https://shahid-static.s3.amazonaws.com/shahid-subscription-config/LP/2022VIPLP.jpg"): Verify element property value successfully

2023-10-16 14:09:41 - [MESSAGE][PASSED] - Verify element property value successfully

2023-10-16 14:09:41 - [TEST_STEP][PASSED] - verifyElementPropertyValue(getResponse, "deals[1].dealType", "deal_with_pricing_plan"): Verify element property value successfully

2023-10-16 14:09:41 - [MESSAGE][PASSED] - Verify element property value successfully

2023-10-16 14:09:41 - [TEST_STEP][PASSED] - verifyElementPropertyValue(getResponse, "deals[1].template", "TELCO"): Verify element property value successfully

2023-10-16 14:09:41 - [MESSAGE][PASSED] - Verify element property value successfully

2023-10-16 14:09:41 - [TEST_STEP][PASSED] - verifyElementPropertyValue(getResponse, "visualElements[0].key", "main_CTA_text_1"): Verify element property value successfully

2023-10-16 14:09:41 - [MESSAGE][PASSED] - Verify element property value successfully

2023-10-16 14:09:41 - [TEST_STEP][PASSED] - verifyElementPropertyValue(getResponse, "visualElements[0].value", "شاهد أقوى المسلسلات و الأفلام حصرياً دون توقف"): Verify element property value successfully

2023-10-16 14:09:41 - [MESSAGE][PASSED] - Verify element property value successfully

2023-10-16 14:09:41 - [TEST_STEP][PASSED] - verifyElementPropertyValue(getResponse, "visualElements[2].key", "main_disclaimer_text"): Verify element property value successfully

2023-10-16 14:09:41 - [MESSAGE][PASSED] - Verify element property value successfully

2023-10-16 14:09:41 - [TEST_STEP][PASSED] - verifyElementPropertyValue(getResponse, "visualElements[2].value", "رسوم الاشتراك قد تختلف بناءً على البلد أو طريقة الدفع أو باقة الاشتراك أو الضريبة المضافة أو معامل تحويل العملات والرسوم البنكية. تطبّق الشروط والأحكام."): Verify element property value successfully

2023-10-16 14:09:41 - [MESSAGE][PASSED] - Verify element property value successfully

2023-10-16 14:09:41 - [TEST_STEP][PASSED] - verifyElementPropertyValue(getResponse, "visualElements[4].key", "display_type"): Verify element property value successfully

2023-10-16 14:09:41 - [MESSAGE][PASSED] - Verify element property value successfully

2023-10-16 14:09:41 - [TEST_STEP][PASSED] - verifyElementPropertyValue(getResponse, "visualElements[4].value", "vertical"): Verify element property value successfully

2023-10-16 14:09:41 - [MESSAGE][PASSED] - Verify element property value successfully

2023-10-16 14:09:41 - [TEST_STEP][PASSED] - verifyElementPropertyValue(getResponse, "pages[0].visualElements[0].key", "alternative_payment_title"): Verify element property value successfully

2023-10-16 14:09:41 - [MESSAGE][PASSED] - Verify element property value successfully

2023-10-16 14:09:41 - [TEST_STEP][PASSED] - verifyElementPropertyValue(getResponse, "pages[0].visualElements[0].value", "أو قم باختيار إحدى الطرق البديلة التالية"): Verify element property value successfully

2023-10-16 14:09:41 - [MESSAGE][PASSED] - Verify element property value successfully

2023-10-16 14:09:41 - [TEST_STEP][PASSED] - verifyElementPropertyValue(getResponse, "pages[0].visualElements[1].key", "label_text"): Verify element property value successfully

2023-10-16 14:09:41 - [MESSAGE][PASSED] - Verify element property value successfully

2023-10-16 14:09:41 - [TEST_STEP][PASSED] - verifyElementPropertyValue(getResponse, "pages[0].visualElements[1].value", "طرق الدفع الأخرى"): Verify element property value successfully

2023-10-16 14:09:41 - [MESSAGE][PASSED] - Verify element property value successfully

2023-10-16 14:09:41 - [TEST_STEP][PASSED] - verifyElementPropertyValue(getResponse, "pages[0].visualElements[3].key", "CTA_text"): Verify element property value successfully

2023-10-16 14:09:41 - [MESSAGE][PASSED] - Verify element property value successfully

2023-10-16 14:09:41 - [TEST_STEP][PASSED] - verifyElementPropertyValue(getResponse, "pages[0].visualElements[3].value", "اضغط هنا"): Verify element property value successfully

2023-10-16 14:09:41 - [MESSAGE][PASSED] - Verify element property value successfully

2023-10-16 14:09:41 - [TEST_STEP][PASSED] - verifyElementPropertyValue(getResponse, "pages[0].visualElements[4].key", "main_title"): Verify element property value successfully

2023-10-16 14:09:41 - [MESSAGE][PASSED] - Verify element property value successfully

2023-10-16 14:09:41 - [TEST_STEP][PASSED] - verifyElementPropertyValue(getResponse, "pages[0].visualElements[4].value", "طرق الدفع الأخرى"): Verify element property value successfully

2023-10-16 14:09:41 - [MESSAGE][PASSED] - Verify element property value successfully

2023-10-16 14:09:41 - [TEST_STEP][PASSED] - verifyElementPropertyValue(getResponse, "pages[0].visualElements[6].key", "alternative_payment_methods"): Verify element property value successfully

2023-10-16 14:09:41 - [MESSAGE][PASSED] - Verify element property value successfully

2023-10-16 14:09:41 - [TEST_STEP][PASSED] - verifyElementPropertyValue(getResponse, "pages[0].visualElements[6].value", "يمكنك شراء قسيمة شاهد التسويقية من أي من بائعي التجزئة التاليين"): Verify element property value successfully

2023-10-16 14:09:41 - [MESSAGE][PASSED] - Verify element property value successfully

2023-10-16 14:09:41 - [TEST_STEP][PASSED] - verifyElementPropertyValue(getResponse, "partners[0].name", "OG Money"): Verify element property value successfully

2023-10-16 14:09:41 - [MESSAGE][PASSED] - Verify element property value successfully

2023-10-16 14:09:41 - [TEST_STEP][PASSED] - verifyElementPropertyValue(getResponse, "partners[0].link", "https://ogmoney.store/product/shahid-vip/"): Verify element property value successfully

2023-10-16 14:09:41 - [MESSAGE][PASSED] - Verify element property value successfully

2023-10-16 14:09:41 - [TEST_STEP][PASSED] - verifyElementPropertyValue(getResponse, "partners[0].logo", "https://shahid-static.s3.amazonaws.com/widget-images/logos/og_logo.svg"): Verify element property value successfully

2023-10-16 14:09:41 - [MESSAGE][PASSED] - Verify element property value successfully

2023-10-16 14:09:41 - [TEST_STEP][PASSED] - verifyElementPropertyValue(getResponse, "partners[0].visible", "true"): Verify element property value successfully

2023-10-16 14:09:41 - [MESSAGE][PASSED] - Verify element property value successfully

2023-10-16 14:09:41 - [TEST_STEP][PASSED] - verifyElementPropertyValue(getResponse, "partners[0].visualElements[0].key", "text"): Verify element property value successfully

2023-10-16 14:09:41 - [MESSAGE][PASSED] - Verify element property value successfully

2023-10-16 14:09:41 - [TEST_STEP][PASSED] - verifyElementPropertyValue(getResponse, "partners[0].visualElements[0].value", "معلومات إضافية"): Verify element property value successfully

2023-10-16 14:09:41 - [MESSAGE][PASSED] - Verify element property value successfully

2023-10-16 14:09:41 - [TEST_STEP][PASSED] - verifyElementPropertyValue(getResponse, "partners[1].name", "Sheeel.com"): Verify element property value successfully

2023-10-16 14:09:41 - [MESSAGE][PASSED] - Verify element property value successfully

2023-10-16 14:09:41 - [TEST_STEP][PASSED] - verifyElementPropertyValue(getResponse, "partners[1].link", "https://www.sheeel.com/mobiles-recharge-cards/instant-prepaid-cards/pay-only-kwd5-5-on-3-months-shahid-subscription.html"): Verify element property value successfully

2023-10-16 14:09:41 - [MESSAGE][PASSED] - Verify element property value successfully

2023-10-16 14:09:41 - [TEST_STEP][PASSED] - verifyElementPropertyValue(getResponse, "partners[1].logo", "https://static.s3.shahid.mbc.net/widget-images/logos/Sheeel-com@2x.png"): Verify element property value successfully

2023-10-16 14:09:41 - [MESSAGE][PASSED] - Verify element property value successfully

2023-10-16 14:09:41 - [TEST_STEP][PASSED] - verifyElementPropertyValue(getResponse, "partners[1].visible", "true"): Verify element property value successfully

2023-10-16 14:09:41 - [MESSAGE][PASSED] - Verify element property value successfully

2023-10-16 14:09:41 - [TEST_STEP][PASSED] - verifyElementPropertyValue(getResponse, "partners[1].visualElements[0].key", "text"): Verify element property value successfully

2023-10-16 14:09:41 - [MESSAGE][PASSED] - Verify element property value successfully

2023-10-16 14:09:41 - [TEST_STEP][PASSED] - verifyElementPropertyValue(getResponse, "partners[1].visualElements[0].value", "معلومات إضافية"): Verify element property value successfully

2023-10-16 14:09:41 - [MESSAGE][PASSED] - Verify element property value successfully

2023-10-16 14:09:41 - [TEST_STEP][PASSED] - verifyElementPropertyValue(getResponse, "partners[2].name", "Like Card"): Verify element property value successfully

2023-10-16 14:09:41 - [MESSAGE][PASSED] - Verify element property value successfully

2023-10-16 14:09:41 - [TEST_STEP][PASSED] - verifyElementPropertyValue(getResponse, "partners[2].link", "https://like4card.com/All-Shahid_VIP?country_id=16"): Verify element property value successfully

2023-10-16 14:09:41 - [MESSAGE][PASSED] - Verify element property value successfully

2023-10-16 14:09:41 - [TEST_STEP][PASSED] - verifyElementPropertyValue(getResponse, "partners[2].logo", "https://static.s3.shahid.mbc.net/widget-images/logos/likecard@2x.png"): Verify element property value successfully

2023-10-16 14:09:41 - [MESSAGE][PASSED] - Verify element property value successfully

2023-10-16 14:09:41 - [TEST_STEP][PASSED] - verifyElementPropertyValue(getResponse, "partners[2].visible", "true"): Verify element property value successfully

2023-10-16 14:09:41 - [MESSAGE][PASSED] - Verify element property value successfully

2023-10-16 14:09:41 - [TEST_STEP][PASSED] - verifyElementPropertyValue(getResponse, "partners[2].visualElements[0].key", "text"): Verify element property value successfully

2023-10-16 14:09:41 - [MESSAGE][PASSED] - Verify element property value successfully

2023-10-16 14:09:41 - [TEST_STEP][PASSED] - verifyElementPropertyValue(getResponse, "partners[2].visualElements[0].value", "معلومات إضافية"): Verify element property value successfully

2023-10-16 14:09:41 - [MESSAGE][PASSED] - Verify element property value successfully

2023-10-16 14:09:41 - [TEST_STEP][PASSED] - verifyElementPropertyValue(getResponse, "partners[3].name", "ENET"): Verify element property value successfully

2023-10-16 14:09:41 - [MESSAGE][PASSED] - Verify element property value successfully

2023-10-16 14:09:41 - [TEST_STEP][PASSED] - verifyElementPropertyValue(getResponse, "partners[3].link", "http://e.net.kw/eNet/Navigate?language=en-US&viewName=KioskLocations"): Verify element property value successfully

2023-10-16 14:09:41 - [MESSAGE][PASSED] - Verify element property value successfully

2023-10-16 14:09:41 - [TEST_STEP][PASSED] - verifyElementPropertyValue(getResponse, "partners[3].logo", "https://static.s3.shahid.mbc.net/widget-images/logos/enet@2x.png"): Verify element property value successfully

2023-10-16 14:09:41 - [MESSAGE][PASSED] - Verify element property value successfully

2023-10-16 14:09:41 - [TEST_STEP][PASSED] - verifyElementPropertyValue(getResponse, "partners[3].visible", "true"): Verify element property value successfully

2023-10-16 14:09:41 - [MESSAGE][PASSED] - Verify element property value successfully

2023-10-16 14:09:41 - [TEST_STEP][PASSED] - verifyElementPropertyValue(getResponse, "partners[3].visualElements[0].key", "text"): Verify element property value successfully

2023-10-16 14:09:41 - [MESSAGE][PASSED] - Verify element property value successfully

2023-10-16 14:09:41 - [TEST_STEP][PASSED] - verifyElementPropertyValue(getResponse, "partners[3].visualElements[0].value", "معلومات إضافية"): Verify element property value successfully

2023-10-16 14:09:41 - [MESSAGE][PASSED] - Verify element property value successfully

2023-10-16 14:09:41 - [TEST_STEP][PASSED] - verifyElementPropertyValue(getResponse, "partners[4].name", "You Got a Gift"): Verify element property value successfully

2023-10-16 14:09:41 - [MESSAGE][PASSED] - Verify element property value successfully

2023-10-16 14:09:41 - [TEST_STEP][PASSED] - verifyElementPropertyValue(getResponse, "partners[4].link", "https://yougotagift.com/kuwait/gift-card/shahid-vip-gift-card-kw/"): Verify element property value successfully

2023-10-16 14:09:41 - [MESSAGE][PASSED] - Verify element property value successfully

2023-10-16 14:09:41 - [TEST_STEP][PASSED] - verifyElementPropertyValue(getResponse, "partners[4].logo", "https://shahid-static.s3.us-east-1.amazonaws.com/widget-images/logos/you-gota-gift.svg"): Verify element property value successfully

2023-10-16 14:09:41 - [MESSAGE][PASSED] - Verify element property value successfully

2023-10-16 14:09:41 - [TEST_STEP][PASSED] - verifyElementPropertyValue(getResponse, "partners[4].visible", "true"): Verify element property value successfully

2023-10-16 14:09:41 - [MESSAGE][PASSED] - Verify element property value successfully

2023-10-16 14:09:41 - [TEST_STEP][PASSED] - verifyElementPropertyValue(getResponse, "partners[4].visualElements[0].key", "text"): Verify element property value successfully

2023-10-16 14:09:41 - [MESSAGE][PASSED] - Verify element property value successfully

2023-10-16 14:09:41 - [TEST_STEP][PASSED] - verifyElementPropertyValue(getResponse, "partners[4].visualElements[0].value", "معلومات إضافية"): Verify element property value successfully

2023-10-16 14:09:41 - [MESSAGE][PASSED] - Verify element property value successfully

2023-10-16 14:09:41 - [TEST_STEP][PASSED] - verifyElementPropertyValue(getResponse, "partners[5].name", "Jarir"): Verify element property value successfully

2023-10-16 14:09:41 - [MESSAGE][PASSED] - Verify element property value successfully

2023-10-16 14:09:41 - [TEST_STEP][PASSED] - verifyElementPropertyValue(getResponse, "partners[5].link", "https://www.jarir.com/kw-en/catalogsearch/result?search=Shahid"): Verify element property value successfully

2023-10-16 14:09:41 - [MESSAGE][PASSED] - Verify element property value successfully

2023-10-16 14:09:41 - [TEST_STEP][PASSED] - verifyElementPropertyValue(getResponse, "partners[5].logo", "https://shahid-static.s3.amazonaws.com/widget-images/logos/Logo_Jarir+(2).png"): Verify element property value successfully

2023-10-16 14:09:41 - [MESSAGE][PASSED] - Verify element property value successfully

2023-10-16 14:09:41 - [TEST_STEP][PASSED] - verifyElementPropertyValue(getResponse, "partners[5].visible", "true"): Verify element property value successfully

2023-10-16 14:09:41 - [MESSAGE][PASSED] - Verify element property value successfully

2023-10-16 14:09:41 - [TEST_STEP][PASSED] - verifyElementPropertyValue(getResponse, "partners[5].visualElements[0].key", "text"): Verify element property value successfully

2023-10-16 14:09:41 - [MESSAGE][PASSED] - Verify element property value successfully

2023-10-16 14:09:41 - [TEST_STEP][PASSED] - verifyElementPropertyValue(getResponse, "partners[5].visualElements[0].value", "معلومات إضافية"): Verify element property value successfully

2023-10-16 14:09:41 - [MESSAGE][PASSED] - Verify element property value successfully

2023-10-16 14:09:41 - [TEST_STEP][PASSED] - verifyElementPropertyValue(getResponse, "partners[6].name", "Razer Online"): Verify element property value successfully

2023-10-16 14:09:41 - [MESSAGE][PASSED] - Verify element property value successfully

2023-10-16 14:09:41 - [TEST_STEP][PASSED] - verifyElementPropertyValue(getResponse, "partners[6].link", "https://gold.razer.com/global/en/gold/catalog/shahid-vip"): Verify element property value successfully

2023-10-16 14:09:41 - [MESSAGE][PASSED] - Verify element property value successfully

2023-10-16 14:09:41 - [TEST_STEP][PASSED] - verifyElementPropertyValue(getResponse, "partners[6].logo", "https://shahid-static.s3.amazonaws.com/widget-images/logos/Coin_RZR%20Gold_Black.png"): Verify element property value successfully

2023-10-16 14:09:41 - [MESSAGE][PASSED] - Verify element property value successfully

2023-10-16 14:09:41 - [TEST_STEP][PASSED] - verifyElementPropertyValue(getResponse, "partners[6].visible", "true"): Verify element property value successfully

2023-10-16 14:09:41 - [MESSAGE][PASSED] - Verify element property value successfully

2023-10-16 14:09:41 - [TEST_STEP][PASSED] - verifyElementPropertyValue(getResponse, "partners[6].visualElements[0].key", "text"): Verify element property value successfully

2023-10-16 14:09:42 - [MESSAGE][PASSED] - Verify element property value successfully

2023-10-16 14:09:42 - [TEST_STEP][PASSED] - verifyElementPropertyValue(getResponse, "partners[6].visualElements[0].value", "معلومات إضافية"): Verify element property value successfully

2023-10-16 14:09:42 - [MESSAGE][PASSED] - Verify element property value successfully

2023-10-16 14:09:42 - [TEST_STEP][PASSED] - verifyElementPropertyValue(getResponse, "defaultPackageId", "SHAHID_VIP"): Verify element property value successfully

2023-10-16 14:09:42 - [MESSAGE][PASSED] - Verify element property value successfully]]></system-out>
         <system-err><![CDATA[]]></system-err>
      </testcase>
      <testcase name="Test Cases/WEB - CHROME/KWT PI/WEB_FR_getSubscriptionConfigForKWT_GEA" time="1.915" classname="Test Cases/WEB - CHROME/KWT PI/WEB_FR_getSubscriptionConfigForKWT_GEA" status="PASSED">
         <system-out><![CDATA[2023-10-16 14:09:42 - [TEST_CASE][PASSED] - Test Cases/WEB - CHROME/KWT PI/WEB_FR_getSubscriptionConfigForKWT_GEA: Test Cases/WEB - CHROME/KWT PI/WEB_FR_getSubscriptionConfigForKWT_GEA

2023-10-16 14:09:42 - [TEST_STEP][PASSED] - getResponse = config_files.getConfigFile.getConfig("WEB", "FR", "SHAHID_VIP_GEA", "KW", "false"): config_files.getConfigFile.getConfig is PASSED

2023-10-16 14:09:42 - [MESSAGE][INFO] - HAR: /Users/admin/git/shahid-configuration/Reports/20231016_140310/WEB/KWT/20231016_140319/requests/main/1.har

2023-10-16 14:09:42 - [MESSAGE][PASSED] - Send request successfully

2023-10-16 14:09:42 - [MESSAGE][PASSED] - config_files.getConfigFile.getConfig is PASSED

2023-10-16 14:09:42 - [TEST_STEP][PASSED] - verifyResponseStatusCode(getResponse, 200): Verify response status code successfully

2023-10-16 14:09:42 - [MESSAGE][PASSED] - Verify response status code successfully

2023-10-16 14:09:42 - [TEST_STEP][PASSED] - verifyElementPropertyValue(getResponse, "country", "KWT"): Verify element property value successfully

2023-10-16 14:09:42 - [MESSAGE][PASSED] - Verify element property value successfully

2023-10-16 14:09:42 - [TEST_STEP][PASSED] - verifyElementPropertyValue(getResponse, "platform", "[WEB]"): Verify element property value successfully

2023-10-16 14:09:42 - [MESSAGE][PASSED] - Verify element property value successfully

2023-10-16 14:09:42 - [TEST_STEP][PASSED] - verifyElementPropertyValue(getResponse, "groups[0].pricingPlans[0].featured", "true"): Verify element property value successfully

2023-10-16 14:09:42 - [MESSAGE][PASSED] - Verify element property value successfully

2023-10-16 14:09:42 - [TEST_STEP][PASSED] - verifyElementPropertyValue(getResponse, "groups[0].pricingPlans[0].packageId", "SHAHID_VIP_GEA"): Verify element property value successfully

2023-10-16 14:09:42 - [MESSAGE][PASSED] - Verify element property value successfully

2023-10-16 14:09:42 - [TEST_STEP][PASSED] - verifyElementPropertyValue(getResponse, "groups[0].pricingPlans[0].catalogId", "GEA"): Verify element property value successfully

2023-10-16 14:09:42 - [MESSAGE][PASSED] - Verify element property value successfully

2023-10-16 14:09:42 - [TEST_STEP][PASSED] - verifyElementPropertyValue(getResponse, "groups[0].pricingPlans[0].visualElements[0].key", "Header_1_text"): Verify element property value successfully

2023-10-16 14:09:42 - [MESSAGE][PASSED] - Verify element property value successfully

2023-10-16 14:09:42 - [TEST_STEP][PASSED] - verifyElementPropertyValue(getResponse, "groups[0].pricingPlans[0].visualElements[0].value", "Abonnez-vous dès maintenant et profitez de vos programmes sans publicité"): Verify element property value successfully

2023-10-16 14:09:42 - [MESSAGE][PASSED] - Verify element property value successfully

2023-10-16 14:09:42 - [TEST_STEP][PASSED] - verifyElementPropertyValue(getResponse, "groups[0].pricingPlans[0].visualElements[1].key", "display_title"): Verify element property value successfully

2023-10-16 14:09:42 - [MESSAGE][PASSED] - Verify element property value successfully

2023-10-16 14:09:42 - [TEST_STEP][PASSED] - verifyElementPropertyValue(getResponse, "groups[0].pricingPlans[0].visualElements[1].value", "Plan Mensuel "): Verify element property value successfully

2023-10-16 14:09:42 - [MESSAGE][PASSED] - Verify element property value successfully

2023-10-16 14:09:42 - [TEST_STEP][PASSED] - verifyElementPropertyValue(getResponse, "groups[0].pricingPlans[0].visualElements[3].key", "promo_text"): Verify element property value successfully

2023-10-16 14:09:42 - [MESSAGE][PASSED] - Verify element property value successfully

2023-10-16 14:09:42 - [TEST_STEP][PASSED] - verifyElementPropertyValue(getResponse, "groups[0].pricingPlans[0].visualElements[3].value", "4.09 KWD / mois"): Verify element property value successfully

2023-10-16 14:09:42 - [MESSAGE][PASSED] - Verify element property value successfully

2023-10-16 14:09:42 - [TEST_STEP][PASSED] - verifyElementPropertyValue(getResponse, "groups[0].pricingPlans[0].visualElements[4].key", "deduction_text"): Verify element property value successfully

2023-10-16 14:09:42 - [MESSAGE][PASSED] - Verify element property value successfully

2023-10-16 14:09:42 - [TEST_STEP][PASSED] - verifyElementPropertyValue(getResponse, "groups[0].pricingPlans[0].visualElements[4].value", "facturation mensuelle"): Verify element property value successfully

2023-10-16 14:09:42 - [MESSAGE][PASSED] - Verify element property value successfully

2023-10-16 14:09:42 - [TEST_STEP][PASSED] - verifyElementPropertyValue(getResponse, "groups[0].pricingPlans[0].visualElements[7].key", "show_payment_logo"): Verify element property value successfully

2023-10-16 14:09:42 - [MESSAGE][PASSED] - Verify element property value successfully

2023-10-16 14:09:42 - [TEST_STEP][PASSED] - verifyElementPropertyValue(getResponse, "groups[0].pricingPlans[0].visualElements[7].value", "true"): Verify element property value successfully

2023-10-16 14:09:42 - [MESSAGE][PASSED] - Verify element property value successfully

2023-10-16 14:09:42 - [TEST_STEP][PASSED] - verifyElementPropertyValue(getResponse, "groups[0].pricingPlans[0].visualElements[8].key", "show_tag"): Verify element property value successfully

2023-10-16 14:09:42 - [MESSAGE][PASSED] - Verify element property value successfully

2023-10-16 14:09:42 - [TEST_STEP][PASSED] - verifyElementPropertyValue(getResponse, "groups[0].pricingPlans[0].visualElements[8].value", "false"): Verify element property value successfully

2023-10-16 14:09:42 - [MESSAGE][PASSED] - Verify element property value successfully

2023-10-16 14:09:42 - [TEST_STEP][PASSED] - verifyElementPropertyValue(getResponse, "groups[0].pricingPlans[0].visualElements[10].key", "price"): Verify element property value successfully

2023-10-16 14:09:42 - [MESSAGE][PASSED] - Verify element property value successfully

2023-10-16 14:09:42 - [TEST_STEP][PASSED] - verifyElementPropertyValue(getResponse, "groups[0].pricingPlans[0].visualElements[10].value", "4.09"): Verify element property value successfully

2023-10-16 14:09:42 - [MESSAGE][PASSED] - Verify element property value successfully

2023-10-16 14:09:42 - [TEST_STEP][PASSED] - verifyElementPropertyValue(getResponse, "groups[0].pricingPlans[0].visualElements[11].key", "currency"): Verify element property value successfully

2023-10-16 14:09:42 - [MESSAGE][PASSED] - Verify element property value successfully

2023-10-16 14:09:42 - [TEST_STEP][PASSED] - verifyElementPropertyValue(getResponse, "groups[0].pricingPlans[0].visualElements[11].value", "KWD"): Verify element property value successfully

2023-10-16 14:09:42 - [MESSAGE][PASSED] - Verify element property value successfully

2023-10-16 14:09:42 - [TEST_STEP][PASSED] - verifyElementPropertyValue(getResponse, "groups[0].pricingPlans[0].visualElements[12].key", "duration"): Verify element property value successfully

2023-10-16 14:09:42 - [MESSAGE][PASSED] - Verify element property value successfully

2023-10-16 14:09:42 - [TEST_STEP][PASSED] - verifyElementPropertyValue(getResponse, "groups[0].pricingPlans[0].visualElements[12].value", "Mensuel"): Verify element property value successfully

2023-10-16 14:09:43 - [MESSAGE][PASSED] - Verify element property value successfully

2023-10-16 14:09:43 - [TEST_STEP][PASSED] - verifyElementPropertyValue(getResponse, "groups[0].pricingPlans[0].visualElements[13].key", "featured_tag_text"): Verify element property value successfully

2023-10-16 14:09:43 - [MESSAGE][PASSED] - Verify element property value successfully

2023-10-16 14:09:43 - [TEST_STEP][PASSED] - verifyElementPropertyValue(getResponse, "groups[0].pricingPlans[0].visualElements[13].value", "Le plus populaire"): Verify element property value successfully

2023-10-16 14:09:43 - [MESSAGE][PASSED] - Verify element property value successfully

2023-10-16 14:09:43 - [TEST_STEP][PASSED] - verifyElementPropertyValue(getResponse, "groups[0].pricingPlans[0].order", "6"): Verify element property value successfully

2023-10-16 14:09:43 - [MESSAGE][PASSED] - Verify element property value successfully

2023-10-16 14:09:43 - [TEST_STEP][PASSED] - verifyElementPropertyValue(getResponse, "groups[0].pricingPlans[0].period", "monthly"): Verify element property value successfully

2023-10-16 14:09:43 - [MESSAGE][PASSED] - Verify element property value successfully

2023-10-16 14:09:43 - [TEST_STEP][PASSED] - verifyElementPropertyValue(getResponse, "groups[0].pricingPlans[0].price", "4.09"): Verify element property value successfully

2023-10-16 14:09:43 - [MESSAGE][PASSED] - Verify element property value successfully

2023-10-16 14:09:43 - [TEST_STEP][PASSED] - verifyElementPropertyValue(getResponse, "groups[0].pricingPlans[0].currency", "KWD"): Verify element property value successfully

2023-10-16 14:09:43 - [MESSAGE][PASSED] - Verify element property value successfully

2023-10-16 14:09:43 - [TEST_STEP][PASSED] - verifyElementPropertyValue(getResponse, "groups[0].pricingPlans[0].pricingPlanData[0].productId", "KWT_B2C_SHAHID_VIP_GEA_1M"): Verify element property value successfully

2023-10-16 14:09:43 - [MESSAGE][PASSED] - Verify element property value successfully

2023-10-16 14:09:43 - [TEST_STEP][PASSED] - verifyElementPropertyValue(getResponse, "groups[0].pricingPlans[0].pricingPlanData[0].subPricingPlanIds", "null"): Verify element property value successfully

2023-10-16 14:09:43 - [MESSAGE][PASSED] - Verify element property value successfully

2023-10-16 14:09:43 - [TEST_STEP][PASSED] - verifyElementPropertyValue(getResponse, "groups[0].pricingPlans[0].pricingPlanData[0].paymentMethod", "CREDIT_CARD"): Verify element property value successfully

2023-10-16 14:09:43 - [MESSAGE][PASSED] - Verify element property value successfully

2023-10-16 14:09:43 - [TEST_STEP][PASSED] - verifyElementPropertyValue(getResponse, "groups[0].pricingPlans[0].pricingPlanData[0].freeTrialEnabled", "false"): Verify element property value successfully

2023-10-16 14:09:43 - [MESSAGE][PASSED] - Verify element property value successfully

2023-10-16 14:09:43 - [TEST_STEP][PASSED] - verifyElementPropertyValue(getResponse, "groups[0].pricingPlans[0].pricingPlanData[0].visualElements[0].key", "title"): Verify element property value successfully

2023-10-16 14:09:43 - [MESSAGE][PASSED] - Verify element property value successfully

2023-10-16 14:09:43 - [TEST_STEP][PASSED] - verifyElementPropertyValue(getResponse, "groups[0].pricingPlans[0].pricingPlanData[0].visualElements[0].value", "Carte de crédit/débit"): Verify element property value successfully

2023-10-16 14:09:43 - [MESSAGE][PASSED] - Verify element property value successfully

2023-10-16 14:09:43 - [TEST_STEP][PASSED] - verifyElementPropertyValue(getResponse, "groups[0].pricingPlans[0].pricingPlanData[0].visualElements[1].key", "CTA_text"): Verify element property value successfully

2023-10-16 14:09:43 - [MESSAGE][PASSED] - Verify element property value successfully

2023-10-16 14:09:43 - [TEST_STEP][PASSED] - verifyElementPropertyValue(getResponse, "groups[0].pricingPlans[0].pricingPlanData[0].visualElements[1].value", "S'abonner"): Verify element property value successfully

2023-10-16 14:09:43 - [MESSAGE][PASSED] - Verify element property value successfully

2023-10-16 14:09:43 - [TEST_STEP][PASSED] - verifyElementPropertyValue(getResponse, "groups[0].pricingPlans[0].pricingPlanData[0].visualElements[2].key", "logo"): Verify element property value successfully

2023-10-16 14:09:43 - [MESSAGE][PASSED] - Verify element property value successfully

2023-10-16 14:09:43 - [TEST_STEP][PASSED] - verifyElementPropertyValue(getResponse, "groups[0].pricingPlans[0].pricingPlanData[0].visualElements[2].value", "https://static.s3.shahid.mbc.net/widget-images/icons/iconCreditCard.png"): Verify element property value successfully

2023-10-16 14:09:43 - [MESSAGE][PASSED] - Verify element property value successfully

2023-10-16 14:09:43 - [TEST_STEP][PASSED] - verifyElementPropertyValue(getResponse, "groups[0].pricingPlans[0].pricingPlanData[0].priceLabel", "4.09"): Verify element property value successfully

2023-10-16 14:09:43 - [MESSAGE][PASSED] - Verify element property value successfully

2023-10-16 14:09:43 - [TEST_STEP][PASSED] - verifyElementPropertyValue(getResponse, "groups[0].pricingPlans[0].pricingPlanData[0].currencyLabel", "KWD"): Verify element property value successfully

2023-10-16 14:09:43 - [MESSAGE][PASSED] - Verify element property value successfully

2023-10-16 14:09:43 - [TEST_STEP][PASSED] - verifyElementPropertyValue(getResponse, "groups[0].pricingPlans[2].featured", "false"): Verify element property value successfully

2023-10-16 14:09:43 - [MESSAGE][PASSED] - Verify element property value successfully

2023-10-16 14:09:43 - [TEST_STEP][PASSED] - verifyElementPropertyValue(getResponse, "groups[0].pricingPlans[2].packageId", "SHAHID_VIP_GEA"): Verify element property value successfully

2023-10-16 14:09:43 - [MESSAGE][PASSED] - Verify element property value successfully

2023-10-16 14:09:43 - [TEST_STEP][PASSED] - verifyElementPropertyValue(getResponse, "groups[0].pricingPlans[2].catalogId", "GEA"): Verify element property value successfully

2023-10-16 14:09:43 - [MESSAGE][PASSED] - Verify element property value successfully

2023-10-16 14:09:43 - [TEST_STEP][PASSED] - verifyElementPropertyValue(getResponse, "groups[0].pricingPlans[2].visualElements[0].key", "Header_1_text"): Verify element property value successfully

2023-10-16 14:09:43 - [MESSAGE][PASSED] - Verify element property value successfully

2023-10-16 14:09:43 - [TEST_STEP][PASSED] - verifyElementPropertyValue(getResponse, "groups[0].pricingPlans[2].visualElements[0].value", "Abonnez-vous dès maintenant et profitez de vos programmes sans publicité"): Verify element property value successfully

2023-10-16 14:09:43 - [MESSAGE][PASSED] - Verify element property value successfully

2023-10-16 14:09:43 - [TEST_STEP][PASSED] - verifyElementPropertyValue(getResponse, "groups[0].pricingPlans[2].visualElements[1].key", "display_title"): Verify element property value successfully

2023-10-16 14:09:43 - [MESSAGE][PASSED] - Verify element property value successfully

2023-10-16 14:09:43 - [TEST_STEP][PASSED] - verifyElementPropertyValue(getResponse, "groups[0].pricingPlans[2].visualElements[2].key", "tag_text"): Verify element property value successfully

2023-10-16 14:09:43 - [MESSAGE][PASSED] - Verify element property value successfully

2023-10-16 14:09:43 - [TEST_STEP][PASSED] - verifyElementPropertyValue(getResponse, "groups[0].pricingPlans[2].visualElements[2].value", "Économisez 24%"): Verify element property value successfully

2023-10-16 14:09:43 - [MESSAGE][PASSED] - Verify element property value successfully

2023-10-16 14:09:43 - [TEST_STEP][PASSED] - verifyElementPropertyValue(getResponse, "groups[0].pricingPlans[2].visualElements[3].key", "promo_text"): Verify element property value successfully

2023-10-16 14:09:43 - [MESSAGE][PASSED] - Verify element property value successfully

2023-10-16 14:09:43 - [TEST_STEP][PASSED] - verifyElementPropertyValue(getResponse, "groups[0].pricingPlans[2].visualElements[3].value", "3.11 KWD / mois"): Verify element property value successfully

2023-10-16 14:09:43 - [MESSAGE][PASSED] - Verify element property value successfully

2023-10-16 14:09:43 - [TEST_STEP][PASSED] - verifyElementPropertyValue(getResponse, "groups[0].pricingPlans[2].visualElements[4].key", "deduction_text"): Verify element property value successfully

2023-10-16 14:09:43 - [MESSAGE][PASSED] - Verify element property value successfully

2023-10-16 14:09:43 - [TEST_STEP][PASSED] - verifyElementPropertyValue(getResponse, "groups[0].pricingPlans[2].visualElements[4].value", "37.39 KWD facturés chaque année"): Verify element property value successfully

2023-10-16 14:09:43 - [MESSAGE][PASSED] - Verify element property value successfully

2023-10-16 14:09:43 - [TEST_STEP][PASSED] - verifyElementPropertyValue(getResponse, "groups[0].pricingPlans[2].visualElements[7].key", "show_payment_logo"): Verify element property value successfully

2023-10-16 14:09:43 - [MESSAGE][PASSED] - Verify element property value successfully

2023-10-16 14:09:43 - [TEST_STEP][PASSED] - verifyElementPropertyValue(getResponse, "groups[0].pricingPlans[2].visualElements[7].value", "true"): Verify element property value successfully

2023-10-16 14:09:43 - [MESSAGE][PASSED] - Verify element property value successfully

2023-10-16 14:09:43 - [TEST_STEP][PASSED] - verifyElementPropertyValue(getResponse, "groups[0].pricingPlans[2].visualElements[8].key", "show_tag"): Verify element property value successfully

2023-10-16 14:09:43 - [MESSAGE][PASSED] - Verify element property value successfully

2023-10-16 14:09:43 - [TEST_STEP][PASSED] - verifyElementPropertyValue(getResponse, "groups[0].pricingPlans[2].visualElements[8].value", "true"): Verify element property value successfully

2023-10-16 14:09:43 - [MESSAGE][PASSED] - Verify element property value successfully

2023-10-16 14:09:43 - [TEST_STEP][PASSED] - verifyElementPropertyValue(getResponse, "groups[0].pricingPlans[2].visualElements[10].key", "price"): Verify element property value successfully

2023-10-16 14:09:43 - [MESSAGE][PASSED] - Verify element property value successfully

2023-10-16 14:09:43 - [TEST_STEP][PASSED] - verifyElementPropertyValue(getResponse, "groups[0].pricingPlans[2].visualElements[10].value", "37.39"): Verify element property value successfully

2023-10-16 14:09:43 - [MESSAGE][PASSED] - Verify element property value successfully

2023-10-16 14:09:43 - [TEST_STEP][PASSED] - verifyElementPropertyValue(getResponse, "groups[0].pricingPlans[2].visualElements[11].key", "currency"): Verify element property value successfully

2023-10-16 14:09:43 - [MESSAGE][PASSED] - Verify element property value successfully

2023-10-16 14:09:43 - [TEST_STEP][PASSED] - verifyElementPropertyValue(getResponse, "groups[0].pricingPlans[2].visualElements[11].value", "KWD"): Verify element property value successfully

2023-10-16 14:09:43 - [MESSAGE][PASSED] - Verify element property value successfully

2023-10-16 14:09:43 - [TEST_STEP][PASSED] - verifyElementPropertyValue(getResponse, "groups[0].pricingPlans[2].visualElements[12].key", "duration"): Verify element property value successfully

2023-10-16 14:09:43 - [MESSAGE][PASSED] - Verify element property value successfully

2023-10-16 14:09:43 - [TEST_STEP][PASSED] - verifyElementPropertyValue(getResponse, "groups[0].pricingPlans[2].visualElements[12].value", "Annuel"): Verify element property value successfully

2023-10-16 14:09:43 - [MESSAGE][PASSED] - Verify element property value successfully

2023-10-16 14:09:43 - [TEST_STEP][PASSED] - verifyElementPropertyValue(getResponse, "groups[0].pricingPlans[2].order", "8"): Verify element property value successfully

2023-10-16 14:09:43 - [MESSAGE][PASSED] - Verify element property value successfully

2023-10-16 14:09:43 - [TEST_STEP][PASSED] - verifyElementPropertyValue(getResponse, "groups[0].pricingPlans[2].period", "yearly"): Verify element property value successfully

2023-10-16 14:09:43 - [MESSAGE][PASSED] - Verify element property value successfully

2023-10-16 14:09:43 - [TEST_STEP][PASSED] - verifyElementPropertyValue(getResponse, "groups[0].pricingPlans[2].price", "37.39"): Verify element property value successfully

2023-10-16 14:09:43 - [MESSAGE][PASSED] - Verify element property value successfully

2023-10-16 14:09:43 - [TEST_STEP][PASSED] - verifyElementPropertyValue(getResponse, "groups[0].pricingPlans[2].currency", "KWD"): Verify element property value successfully

2023-10-16 14:09:43 - [MESSAGE][PASSED] - Verify element property value successfully

2023-10-16 14:09:43 - [TEST_STEP][PASSED] - verifyElementPropertyValue(getResponse, "groups[0].pricingPlans[2].pricingPlanData[0].productId", "KWT_B2C_SHAHID_VIP_GEA_12M"): Verify element property value successfully

2023-10-16 14:09:43 - [MESSAGE][PASSED] - Verify element property value successfully

2023-10-16 14:09:43 - [TEST_STEP][PASSED] - verifyElementPropertyValue(getResponse, "groups[0].pricingPlans[2].pricingPlanData[0].subPricingPlanIds", "null"): Verify element property value successfully

2023-10-16 14:09:43 - [MESSAGE][PASSED] - Verify element property value successfully

2023-10-16 14:09:43 - [TEST_STEP][PASSED] - verifyElementPropertyValue(getResponse, "groups[0].pricingPlans[2].pricingPlanData[0].paymentMethod", "CREDIT_CARD"): Verify element property value successfully

2023-10-16 14:09:43 - [MESSAGE][PASSED] - Verify element property value successfully

2023-10-16 14:09:43 - [TEST_STEP][PASSED] - verifyElementPropertyValue(getResponse, "groups[0].pricingPlans[2].pricingPlanData[0].freeTrialEnabled", "false"): Verify element property value successfully

2023-10-16 14:09:43 - [MESSAGE][PASSED] - Verify element property value successfully

2023-10-16 14:09:43 - [TEST_STEP][PASSED] - verifyElementPropertyValue(getResponse, "groups[0].pricingPlans[2].pricingPlanData[0].visualElements[0].key", "title"): Verify element property value successfully

2023-10-16 14:09:43 - [MESSAGE][PASSED] - Verify element property value successfully

2023-10-16 14:09:43 - [TEST_STEP][PASSED] - verifyElementPropertyValue(getResponse, "groups[0].pricingPlans[2].pricingPlanData[0].visualElements[0].value", "Carte de crédit/débit"): Verify element property value successfully

2023-10-16 14:09:43 - [MESSAGE][PASSED] - Verify element property value successfully

2023-10-16 14:09:43 - [TEST_STEP][PASSED] - verifyElementPropertyValue(getResponse, "groups[0].pricingPlans[2].pricingPlanData[0].visualElements[1].key", "CTA_text"): Verify element property value successfully

2023-10-16 14:09:43 - [MESSAGE][PASSED] - Verify element property value successfully

2023-10-16 14:09:43 - [TEST_STEP][PASSED] - verifyElementPropertyValue(getResponse, "groups[0].pricingPlans[2].pricingPlanData[0].visualElements[1].value", "S'abonner"): Verify element property value successfully

2023-10-16 14:09:43 - [MESSAGE][PASSED] - Verify element property value successfully

2023-10-16 14:09:43 - [TEST_STEP][PASSED] - verifyElementPropertyValue(getResponse, "groups[0].pricingPlans[2].pricingPlanData[0].visualElements[2].key", "logo"): Verify element property value successfully

2023-10-16 14:09:43 - [MESSAGE][PASSED] - Verify element property value successfully

2023-10-16 14:09:43 - [TEST_STEP][PASSED] - verifyElementPropertyValue(getResponse, "groups[0].pricingPlans[2].pricingPlanData[0].visualElements[2].value", "https://static.s3.shahid.mbc.net/widget-images/icons/iconCreditCard.png"): Verify element property value successfully

2023-10-16 14:09:43 - [MESSAGE][PASSED] - Verify element property value successfully

2023-10-16 14:09:43 - [TEST_STEP][PASSED] - verifyElementPropertyValue(getResponse, "groups[0].pricingPlans[2].pricingPlanData[0].priceLabel", "37.39"): Verify element property value successfully

2023-10-16 14:09:43 - [MESSAGE][PASSED] - Verify element property value successfully

2023-10-16 14:09:43 - [TEST_STEP][PASSED] - verifyElementPropertyValue(getResponse, "groups[0].pricingPlans[2].pricingPlanData[0].currencyLabel", "KWD"): Verify element property value successfully

2023-10-16 14:09:43 - [MESSAGE][PASSED] - Verify element property value successfully

2023-10-16 14:09:43 - [TEST_STEP][PASSED] - verifyElementPropertyValue(getResponse, "groups[0].pricingPlans[2].pricingPlanData[0].allowedForAcquisition", "true"): Verify element property value successfully

2023-10-16 14:09:43 - [MESSAGE][PASSED] - Verify element property value successfully

2023-10-16 14:09:43 - [TEST_STEP][PASSED] - verifyElementPropertyValue(getResponse, "groups[0].pricingPlans[2].pricingPlanData[0].showIn[0]", "VERTICAL_MODE"): Verify element property value successfully

2023-10-16 14:09:43 - [MESSAGE][PASSED] - Verify element property value successfully

2023-10-16 14:09:43 - [TEST_STEP][PASSED] - verifyElementPropertyValue(getResponse, "groups[0].pricingPlans[2].pricingPlanData[0].showIn[1]", "HORIZONTAL_MODE"): Verify element property value successfully

2023-10-16 14:09:43 - [MESSAGE][PASSED] - Verify element property value successfully

2023-10-16 14:09:43 - [TEST_STEP][PASSED] - verifyElementPropertyValue(getResponse, "visualElements[0].key", "main_CTA_text_1"): Verify element property value successfully

2023-10-16 14:09:43 - [MESSAGE][PASSED] - Verify element property value successfully

2023-10-16 14:09:43 - [TEST_STEP][PASSED] - verifyElementPropertyValue(getResponse, "visualElements[0].value", "Abonnez-vous dès maintenant et profitez de vos programmes sans publicité"): Verify element property value successfully

2023-10-16 14:09:43 - [MESSAGE][PASSED] - Verify element property value successfully

2023-10-16 14:09:43 - [TEST_STEP][PASSED] - verifyElementPropertyValue(getResponse, "visualElements[2].key", "main_disclaimer_text"): Verify element property value successfully

2023-10-16 14:09:43 - [MESSAGE][PASSED] - Verify element property value successfully

2023-10-16 14:09:43 - [TEST_STEP][PASSED] - verifyElementPropertyValue(getResponse, "visualElements[2].value", "Les frais d'abonnement peuvent varier selon le pays, le moyen de paiement, le forfait, les taxes, les taux de change et les frais bancaires. Les conditions générales d'utilisation s'appliquent."): Verify element property value successfully

2023-10-16 14:09:43 - [MESSAGE][PASSED] - Verify element property value successfully

2023-10-16 14:09:43 - [TEST_STEP][PASSED] - verifyElementPropertyValue(getResponse, "visualElements[4].key", "display_type"): Verify element property value successfully

2023-10-16 14:09:43 - [MESSAGE][PASSED] - Verify element property value successfully

2023-10-16 14:09:43 - [TEST_STEP][PASSED] - verifyElementPropertyValue(getResponse, "visualElements[4].value", "vertical"): Verify element property value successfully

2023-10-16 14:09:43 - [MESSAGE][PASSED] - Verify element property value successfully

2023-10-16 14:09:43 - [TEST_STEP][PASSED] - verifyElementPropertyValue(getResponse, "pages[0].visualElements[0].key", "alternative_payment_title"): Verify element property value successfully

2023-10-16 14:09:43 - [MESSAGE][PASSED] - Verify element property value successfully

2023-10-16 14:09:43 - [TEST_STEP][PASSED] - verifyElementPropertyValue(getResponse, "pages[0].visualElements[0].value", "Ou choisissez l'un des autres moyens de paiement suivants"): Verify element property value successfully

2023-10-16 14:09:43 - [MESSAGE][PASSED] - Verify element property value successfully

2023-10-16 14:09:43 - [TEST_STEP][PASSED] - verifyElementPropertyValue(getResponse, "pages[0].visualElements[1].key", "label_text"): Verify element property value successfully

2023-10-16 14:09:43 - [MESSAGE][PASSED] - Verify element property value successfully

2023-10-16 14:09:43 - [TEST_STEP][PASSED] - verifyElementPropertyValue(getResponse, "pages[0].visualElements[1].value", "Autres moyens de paiement"): Verify element property value successfully

2023-10-16 14:09:43 - [MESSAGE][PASSED] - Verify element property value successfully

2023-10-16 14:09:43 - [TEST_STEP][PASSED] - verifyElementPropertyValue(getResponse, "pages[0].visualElements[3].key", "CTA_text"): Verify element property value successfully

2023-10-16 14:09:43 - [MESSAGE][PASSED] - Verify element property value successfully

2023-10-16 14:09:43 - [TEST_STEP][PASSED] - verifyElementPropertyValue(getResponse, "pages[0].visualElements[3].value", "Cliquez ici"): Verify element property value successfully

2023-10-16 14:09:43 - [MESSAGE][PASSED] - Verify element property value successfully

2023-10-16 14:09:43 - [TEST_STEP][PASSED] - verifyElementPropertyValue(getResponse, "pages[0].visualElements[4].key", "main_title"): Verify element property value successfully

2023-10-16 14:09:43 - [MESSAGE][PASSED] - Verify element property value successfully

2023-10-16 14:09:43 - [TEST_STEP][PASSED] - verifyElementPropertyValue(getResponse, "pages[0].visualElements[4].value", "Autres moyens de paiement"): Verify element property value successfully

2023-10-16 14:09:43 - [MESSAGE][PASSED] - Verify element property value successfully

2023-10-16 14:09:43 - [TEST_STEP][PASSED] - verifyElementPropertyValue(getResponse, "pages[0].visualElements[6].key", "alternative_payment_methods"): Verify element property value successfully

2023-10-16 14:09:43 - [MESSAGE][PASSED] - Verify element property value successfully

2023-10-16 14:09:43 - [TEST_STEP][PASSED] - verifyElementPropertyValue(getResponse, "pages[0].visualElements[6].value", "Vous pouvez vous procurer un code promo Shahid auprès de l'un des points de vente suivants"): Verify element property value successfully

2023-10-16 14:09:43 - [MESSAGE][PASSED] - Verify element property value successfully

2023-10-16 14:09:43 - [TEST_STEP][PASSED] - verifyElementPropertyValue(getResponse, "partners[0].name", "OG Money"): Verify element property value successfully

2023-10-16 14:09:43 - [MESSAGE][PASSED] - Verify element property value successfully

2023-10-16 14:09:43 - [TEST_STEP][PASSED] - verifyElementPropertyValue(getResponse, "partners[0].link", "https://ogmoney.store/product/shahid-vip/"): Verify element property value successfully

2023-10-16 14:09:43 - [MESSAGE][PASSED] - Verify element property value successfully

2023-10-16 14:09:43 - [TEST_STEP][PASSED] - verifyElementPropertyValue(getResponse, "partners[0].logo", "https://shahid-static.s3.amazonaws.com/widget-images/logos/og_logo.svg"): Verify element property value successfully

2023-10-16 14:09:43 - [MESSAGE][PASSED] - Verify element property value successfully

2023-10-16 14:09:43 - [TEST_STEP][PASSED] - verifyElementPropertyValue(getResponse, "partners[0].visible", "true"): Verify element property value successfully

2023-10-16 14:09:43 - [MESSAGE][PASSED] - Verify element property value successfully

2023-10-16 14:09:43 - [TEST_STEP][PASSED] - verifyElementPropertyValue(getResponse, "partners[0].visualElements[0].key", "text"): Verify element property value successfully

2023-10-16 14:09:43 - [MESSAGE][PASSED] - Verify element property value successfully

2023-10-16 14:09:43 - [TEST_STEP][PASSED] - verifyElementPropertyValue(getResponse, "partners[0].visualElements[0].value", "Plus d’informations"): Verify element property value successfully

2023-10-16 14:09:43 - [MESSAGE][PASSED] - Verify element property value successfully

2023-10-16 14:09:43 - [TEST_STEP][PASSED] - verifyElementPropertyValue(getResponse, "partners[1].name", "Sheeel.com"): Verify element property value successfully

2023-10-16 14:09:43 - [MESSAGE][PASSED] - Verify element property value successfully

2023-10-16 14:09:43 - [TEST_STEP][PASSED] - verifyElementPropertyValue(getResponse, "partners[1].link", "https://www.sheeel.com/mobiles-recharge-cards/instant-prepaid-cards/pay-only-kwd5-5-on-3-months-shahid-subscription.html"): Verify element property value successfully

2023-10-16 14:09:43 - [MESSAGE][PASSED] - Verify element property value successfully

2023-10-16 14:09:43 - [TEST_STEP][PASSED] - verifyElementPropertyValue(getResponse, "partners[1].logo", "https://static.s3.shahid.mbc.net/widget-images/logos/Sheeel-com@2x.png"): Verify element property value successfully

2023-10-16 14:09:43 - [MESSAGE][PASSED] - Verify element property value successfully

2023-10-16 14:09:43 - [TEST_STEP][PASSED] - verifyElementPropertyValue(getResponse, "partners[1].visible", "true"): Verify element property value successfully

2023-10-16 14:09:43 - [MESSAGE][PASSED] - Verify element property value successfully

2023-10-16 14:09:43 - [TEST_STEP][PASSED] - verifyElementPropertyValue(getResponse, "partners[1].visualElements[0].key", "text"): Verify element property value successfully

2023-10-16 14:09:43 - [MESSAGE][PASSED] - Verify element property value successfully

2023-10-16 14:09:43 - [TEST_STEP][PASSED] - verifyElementPropertyValue(getResponse, "partners[1].visualElements[0].value", "Plus d’informations"): Verify element property value successfully

2023-10-16 14:09:43 - [MESSAGE][PASSED] - Verify element property value successfully

2023-10-16 14:09:43 - [TEST_STEP][PASSED] - verifyElementPropertyValue(getResponse, "partners[2].name", "Like Card"): Verify element property value successfully

2023-10-16 14:09:43 - [MESSAGE][PASSED] - Verify element property value successfully

2023-10-16 14:09:43 - [TEST_STEP][PASSED] - verifyElementPropertyValue(getResponse, "partners[2].link", "https://like4card.com/All-Shahid_VIP?country_id=16"): Verify element property value successfully

2023-10-16 14:09:43 - [MESSAGE][PASSED] - Verify element property value successfully

2023-10-16 14:09:43 - [TEST_STEP][PASSED] - verifyElementPropertyValue(getResponse, "partners[2].logo", "https://static.s3.shahid.mbc.net/widget-images/logos/likecard@2x.png"): Verify element property value successfully

2023-10-16 14:09:43 - [MESSAGE][PASSED] - Verify element property value successfully

2023-10-16 14:09:43 - [TEST_STEP][PASSED] - verifyElementPropertyValue(getResponse, "partners[2].visible", "true"): Verify element property value successfully

2023-10-16 14:09:43 - [MESSAGE][PASSED] - Verify element property value successfully

2023-10-16 14:09:43 - [TEST_STEP][PASSED] - verifyElementPropertyValue(getResponse, "partners[2].visualElements[0].key", "text"): Verify element property value successfully

2023-10-16 14:09:43 - [MESSAGE][PASSED] - Verify element property value successfully

2023-10-16 14:09:43 - [TEST_STEP][PASSED] - verifyElementPropertyValue(getResponse, "partners[2].visualElements[0].value", "Plus d’informations"): Verify element property value successfully

2023-10-16 14:09:43 - [MESSAGE][PASSED] - Verify element property value successfully

2023-10-16 14:09:43 - [TEST_STEP][PASSED] - verifyElementPropertyValue(getResponse, "partners[3].name", "ENET"): Verify element property value successfully

2023-10-16 14:09:43 - [MESSAGE][PASSED] - Verify element property value successfully

2023-10-16 14:09:43 - [TEST_STEP][PASSED] - verifyElementPropertyValue(getResponse, "partners[3].link", "http://e.net.kw/eNet/Navigate?language=en-US&viewName=KioskLocations"): Verify element property value successfully

2023-10-16 14:09:43 - [MESSAGE][PASSED] - Verify element property value successfully

2023-10-16 14:09:43 - [TEST_STEP][PASSED] - verifyElementPropertyValue(getResponse, "partners[3].logo", "https://static.s3.shahid.mbc.net/widget-images/logos/enet@2x.png"): Verify element property value successfully

2023-10-16 14:09:43 - [MESSAGE][PASSED] - Verify element property value successfully

2023-10-16 14:09:43 - [TEST_STEP][PASSED] - verifyElementPropertyValue(getResponse, "partners[3].visible", "true"): Verify element property value successfully

2023-10-16 14:09:43 - [MESSAGE][PASSED] - Verify element property value successfully

2023-10-16 14:09:43 - [TEST_STEP][PASSED] - verifyElementPropertyValue(getResponse, "partners[3].visualElements[0].key", "text"): Verify element property value successfully

2023-10-16 14:09:43 - [MESSAGE][PASSED] - Verify element property value successfully

2023-10-16 14:09:43 - [TEST_STEP][PASSED] - verifyElementPropertyValue(getResponse, "partners[3].visualElements[0].value", "Plus d’informations"): Verify element property value successfully

2023-10-16 14:09:43 - [MESSAGE][PASSED] - Verify element property value successfully

2023-10-16 14:09:43 - [TEST_STEP][PASSED] - verifyElementPropertyValue(getResponse, "partners[4].name", "You Got a Gift"): Verify element property value successfully

2023-10-16 14:09:43 - [MESSAGE][PASSED] - Verify element property value successfully

2023-10-16 14:09:43 - [TEST_STEP][PASSED] - verifyElementPropertyValue(getResponse, "partners[4].link", "https://yougotagift.com/kuwait/gift-card/shahid-vip-gift-card-kw/"): Verify element property value successfully

2023-10-16 14:09:43 - [MESSAGE][PASSED] - Verify element property value successfully

2023-10-16 14:09:43 - [TEST_STEP][PASSED] - verifyElementPropertyValue(getResponse, "partners[4].logo", "https://shahid-static.s3.us-east-1.amazonaws.com/widget-images/logos/you-gota-gift.svg"): Verify element property value successfully

2023-10-16 14:09:43 - [MESSAGE][PASSED] - Verify element property value successfully

2023-10-16 14:09:43 - [TEST_STEP][PASSED] - verifyElementPropertyValue(getResponse, "partners[4].visible", "true"): Verify element property value successfully

2023-10-16 14:09:43 - [MESSAGE][PASSED] - Verify element property value successfully

2023-10-16 14:09:43 - [TEST_STEP][PASSED] - verifyElementPropertyValue(getResponse, "partners[4].visualElements[0].key", "text"): Verify element property value successfully

2023-10-16 14:09:43 - [MESSAGE][PASSED] - Verify element property value successfully

2023-10-16 14:09:43 - [TEST_STEP][PASSED] - verifyElementPropertyValue(getResponse, "partners[4].visualElements[0].value", "Plus d’informations"): Verify element property value successfully

2023-10-16 14:09:43 - [MESSAGE][PASSED] - Verify element property value successfully

2023-10-16 14:09:43 - [TEST_STEP][PASSED] - verifyElementPropertyValue(getResponse, "partners[5].name", "Jarir"): Verify element property value successfully

2023-10-16 14:09:43 - [MESSAGE][PASSED] - Verify element property value successfully

2023-10-16 14:09:43 - [TEST_STEP][PASSED] - verifyElementPropertyValue(getResponse, "partners[5].link", "https://www.jarir.com/kw-en/catalogsearch/result?search=Shahid"): Verify element property value successfully

2023-10-16 14:09:43 - [MESSAGE][PASSED] - Verify element property value successfully

2023-10-16 14:09:43 - [TEST_STEP][PASSED] - verifyElementPropertyValue(getResponse, "partners[5].logo", "https://shahid-static.s3.amazonaws.com/widget-images/logos/Logo_Jarir+(2).png"): Verify element property value successfully

2023-10-16 14:09:43 - [MESSAGE][PASSED] - Verify element property value successfully

2023-10-16 14:09:43 - [TEST_STEP][PASSED] - verifyElementPropertyValue(getResponse, "partners[5].visible", "true"): Verify element property value successfully

2023-10-16 14:09:43 - [MESSAGE][PASSED] - Verify element property value successfully

2023-10-16 14:09:43 - [TEST_STEP][PASSED] - verifyElementPropertyValue(getResponse, "partners[5].visualElements[0].key", "text"): Verify element property value successfully

2023-10-16 14:09:43 - [MESSAGE][PASSED] - Verify element property value successfully

2023-10-16 14:09:43 - [TEST_STEP][PASSED] - verifyElementPropertyValue(getResponse, "partners[5].visualElements[0].value", "Plus d’informations"): Verify element property value successfully

2023-10-16 14:09:43 - [MESSAGE][PASSED] - Verify element property value successfully

2023-10-16 14:09:43 - [TEST_STEP][PASSED] - verifyElementPropertyValue(getResponse, "partners[6].name", "Razer Online"): Verify element property value successfully

2023-10-16 14:09:43 - [MESSAGE][PASSED] - Verify element property value successfully

2023-10-16 14:09:43 - [TEST_STEP][PASSED] - verifyElementPropertyValue(getResponse, "partners[6].link", "https://gold.razer.com/global/en/gold/catalog/shahid-vip"): Verify element property value successfully

2023-10-16 14:09:43 - [MESSAGE][PASSED] - Verify element property value successfully

2023-10-16 14:09:43 - [TEST_STEP][PASSED] - verifyElementPropertyValue(getResponse, "partners[6].logo", "https://shahid-static.s3.amazonaws.com/widget-images/logos/Coin_RZR%20Gold_Black.png"): Verify element property value successfully

2023-10-16 14:09:43 - [MESSAGE][PASSED] - Verify element property value successfully

2023-10-16 14:09:43 - [TEST_STEP][PASSED] - verifyElementPropertyValue(getResponse, "partners[6].visible", "true"): Verify element property value successfully

2023-10-16 14:09:43 - [MESSAGE][PASSED] - Verify element property value successfully

2023-10-16 14:09:43 - [TEST_STEP][PASSED] - verifyElementPropertyValue(getResponse, "partners[6].visualElements[0].key", "text"): Verify element property value successfully

2023-10-16 14:09:43 - [MESSAGE][PASSED] - Verify element property value successfully

2023-10-16 14:09:43 - [TEST_STEP][PASSED] - verifyElementPropertyValue(getResponse, "partners[6].visualElements[0].value", "Plus d’informations"): Verify element property value successfully

2023-10-16 14:09:43 - [MESSAGE][PASSED] - Verify element property value successfully

2023-10-16 14:09:43 - [TEST_STEP][PASSED] - verifyElementPropertyValue(getResponse, "defaultPackageId", "SHAHID_VIP"): Verify element property value successfully

2023-10-16 14:09:43 - [MESSAGE][PASSED] - Verify element property value successfully]]></system-out>
         <system-err><![CDATA[]]></system-err>
      </testcase>
      <testcase name="Test Cases/WEB - CHROME/KWT PI/WEB_FR_getSubscriptionConfigForKWt_Ultimate" time="1.951" classname="Test Cases/WEB - CHROME/KWT PI/WEB_FR_getSubscriptionConfigForKWt_Ultimate" status="FAILED">
         <failure type="FAILED" message="Test Cases/WEB - CHROME/KWT PI/WEB_FR_getSubscriptionConfigForKWt_Ultimate FAILED.
Reason:
com.kms.katalon.core.exception.StepFailedException: Expected element property value 'Plan Annuel ' is not equal with actual property value 'Plan Annuel ​'
	at com.kms.katalon.core.keyword.internal.KeywordMain.stepFailed(KeywordMain.groovy:39)
	at com.kms.katalon.core.webservice.keyword.builtin.VerifyElementPropertyValueKeyword$_verifyElementPropertyValue_closure1.doCall(VerifyElementPropertyValueKeyword.groovy:56)
	at com.kms.katalon.core.webservice.keyword.builtin.VerifyElementPropertyValueKeyword$_verifyElementPropertyValue_closure1.call(VerifyElementPropertyValueKeyword.groovy)
	at com.kms.katalon.core.keyword.internal.KeywordMain.runKeyword(KeywordMain.groovy:75)
	at com.kms.katalon.core.webservice.keyword.builtin.VerifyElementPropertyValueKeyword.verifyElementPropertyValue(VerifyElementPropertyValueKeyword.groovy:48)
	at com.kms.katalon.core.webservice.keyword.builtin.VerifyElementPropertyValueKeyword.execute(VerifyElementPropertyValueKeyword.groovy:43)
	at com.kms.katalon.core.keyword.internal.KeywordExecutor.executeKeywordForPlatform(KeywordExecutor.groovy:74)
	at com.kms.katalon.core.webservice.keyword.WSBuiltInKeywords.verifyElementPropertyValue(WSBuiltInKeywords.groovy:190)
	at com.kms.katalon.core.webservice.keyword.WSBuiltInKeywords$verifyElementPropertyValue$1.call(Unknown Source)
	at WEB_FR_getSubscriptionConfigForKWt_Ultimate.run(WEB_FR_getSubscriptionConfigForKWt_Ultimate:102)
	at com.kms.katalon.core.main.ScriptEngine.run(ScriptEngine.java:194)
	at com.kms.katalon.core.main.ScriptEngine.runScriptAsRawText(ScriptEngine.java:119)
	at com.kms.katalon.core.main.TestCaseExecutor.runScript(TestCaseExecutor.java:448)
	at com.kms.katalon.core.main.TestCaseExecutor.doExecute(TestCaseExecutor.java:439)
	at com.kms.katalon.core.main.TestCaseExecutor.processExecutionPhase(TestCaseExecutor.java:418)
	at com.kms.katalon.core.main.TestCaseExecutor.accessMainPhase(TestCaseExecutor.java:410)
	at com.kms.katalon.core.main.TestCaseExecutor.execute(TestCaseExecutor.java:285)
	at com.kms.katalon.core.common.CommonExecutor.accessTestCaseMainPhase(CommonExecutor.java:65)
	at com.kms.katalon.core.main.TestSuiteExecutor.accessTestSuiteMainPhase(TestSuiteExecutor.java:148)
	at com.kms.katalon.core.main.TestSuiteExecutor.execute(TestSuiteExecutor.java:106)
	at com.kms.katalon.core.main.TestCaseMain.startTestSuite(TestCaseMain.java:187)
	at com.kms.katalon.core.main.TestCaseMain$startTestSuite$0.call(Unknown Source)
	at TempTestSuite1697454199331.run(TempTestSuite1697454199331.groovy:36)
"/>
         <system-out><![CDATA[2023-10-16 14:09:43 - [TEST_CASE][FAILED] - Test Cases/WEB - CHROME/KWT PI/WEB_FR_getSubscriptionConfigForKWt_Ultimate: Test Cases/WEB - CHROME/KWT PI/WEB_FR_getSubscriptionConfigForKWt_Ultimate FAILED.
Reason:
com.kms.katalon.core.exception.StepFailedException: Expected element property value 'Plan Annuel ' is not equal with actual property value 'Plan Annuel ​'
	at com.kms.katalon.core.keyword.internal.KeywordMain.stepFailed(KeywordMain.groovy:39)
	at com.kms.katalon.core.webservice.keyword.builtin.VerifyElementPropertyValueKeyword$_verifyElementPropertyValue_closure1.doCall(VerifyElementPropertyValueKeyword.groovy:56)
	at com.kms.katalon.core.webservice.keyword.builtin.VerifyElementPropertyValueKeyword$_verifyElementPropertyValue_closure1.call(VerifyElementPropertyValueKeyword.groovy)
	at com.kms.katalon.core.keyword.internal.KeywordMain.runKeyword(KeywordMain.groovy:75)
	at com.kms.katalon.core.webservice.keyword.builtin.VerifyElementPropertyValueKeyword.verifyElementPropertyValue(VerifyElementPropertyValueKeyword.groovy:48)
	at com.kms.katalon.core.webservice.keyword.builtin.VerifyElementPropertyValueKeyword.execute(VerifyElementPropertyValueKeyword.groovy:43)
	at com.kms.katalon.core.keyword.internal.KeywordExecutor.executeKeywordForPlatform(KeywordExecutor.groovy:74)
	at com.kms.katalon.core.webservice.keyword.WSBuiltInKeywords.verifyElementPropertyValue(WSBuiltInKeywords.groovy:190)
	at com.kms.katalon.core.webservice.keyword.WSBuiltInKeywords$verifyElementPropertyValue$1.call(Unknown Source)
	at WEB_FR_getSubscriptionConfigForKWt_Ultimate.run(WEB_FR_getSubscriptionConfigForKWt_Ultimate:102)
	at com.kms.katalon.core.main.ScriptEngine.run(ScriptEngine.java:194)
	at com.kms.katalon.core.main.ScriptEngine.runScriptAsRawText(ScriptEngine.java:119)
	at com.kms.katalon.core.main.TestCaseExecutor.runScript(TestCaseExecutor.java:448)
	at com.kms.katalon.core.main.TestCaseExecutor.doExecute(TestCaseExecutor.java:439)
	at com.kms.katalon.core.main.TestCaseExecutor.processExecutionPhase(TestCaseExecutor.java:418)
	at com.kms.katalon.core.main.TestCaseExecutor.accessMainPhase(TestCaseExecutor.java:410)
	at com.kms.katalon.core.main.TestCaseExecutor.execute(TestCaseExecutor.java:285)
	at com.kms.katalon.core.common.CommonExecutor.accessTestCaseMainPhase(CommonExecutor.java:65)
	at com.kms.katalon.core.main.TestSuiteExecutor.accessTestSuiteMainPhase(TestSuiteExecutor.java:148)
	at com.kms.katalon.core.main.TestSuiteExecutor.execute(TestSuiteExecutor.java:106)
	at com.kms.katalon.core.main.TestCaseMain.startTestSuite(TestCaseMain.java:187)
	at com.kms.katalon.core.main.TestCaseMain$startTestSuite$0.call(Unknown Source)
	at TempTestSuite1697454199331.run(TempTestSuite1697454199331.groovy:36)


2023-10-16 14:09:44 - [TEST_STEP][PASSED] - getResponse = config_files.getConfigFile.getConfig("WEB", "FR", "SHAHID_VIP_GEA_SPORT", "KW", "false"): config_files.getConfigFile.getConfig is PASSED

2023-10-16 14:09:44 - [MESSAGE][INFO] - HAR: /Users/admin/git/shahid-configuration/Reports/20231016_140310/WEB/KWT/20231016_140319/requests/main/2.har

2023-10-16 14:09:44 - [MESSAGE][PASSED] - Send request successfully

2023-10-16 14:09:44 - [MESSAGE][PASSED] - config_files.getConfigFile.getConfig is PASSED

2023-10-16 14:09:44 - [TEST_STEP][PASSED] - verifyResponseStatusCode(getResponse, 200): Verify response status code successfully

2023-10-16 14:09:44 - [MESSAGE][PASSED] - Verify response status code successfully

2023-10-16 14:09:44 - [TEST_STEP][PASSED] - verifyElementPropertyValue(getResponse, "country", "KWT"): Verify element property value successfully

2023-10-16 14:09:44 - [MESSAGE][PASSED] - Verify element property value successfully

2023-10-16 14:09:44 - [TEST_STEP][PASSED] - verifyElementPropertyValue(getResponse, "platform", "[WEB]"): Verify element property value successfully

2023-10-16 14:09:44 - [MESSAGE][PASSED] - Verify element property value successfully

2023-10-16 14:09:44 - [TEST_STEP][PASSED] - verifyElementPropertyValue(getResponse, "groups[0].pricingPlans[0].featured", "true"): Verify element property value successfully

2023-10-16 14:09:44 - [MESSAGE][PASSED] - Verify element property value successfully

2023-10-16 14:09:44 - [TEST_STEP][PASSED] - verifyElementPropertyValue(getResponse, "groups[0].pricingPlans[0].packageId", "SHAHID_VIP_GEA_SPORT"): Verify element property value successfully

2023-10-16 14:09:44 - [MESSAGE][PASSED] - Verify element property value successfully

2023-10-16 14:09:44 - [TEST_STEP][PASSED] - verifyElementPropertyValue(getResponse, "groups[0].pricingPlans[0].catalogId", "GEA"): Verify element property value successfully

2023-10-16 14:09:44 - [MESSAGE][PASSED] - Verify element property value successfully

2023-10-16 14:09:44 - [TEST_STEP][PASSED] - verifyElementPropertyValue(getResponse, "groups[0].pricingPlans[0].visualElements[0].key", "Header_1_text"): Verify element property value successfully

2023-10-16 14:09:44 - [MESSAGE][PASSED] - Verify element property value successfully

2023-10-16 14:09:44 - [TEST_STEP][PASSED] - verifyElementPropertyValue(getResponse, "groups[0].pricingPlans[0].visualElements[0].value", "Abonnez-vous dès maintenant et profitez de vos programmes sans publicité"): Verify element property value successfully

2023-10-16 14:09:44 - [MESSAGE][PASSED] - Verify element property value successfully

2023-10-16 14:09:44 - [TEST_STEP][PASSED] - verifyElementPropertyValue(getResponse, "groups[0].pricingPlans[0].visualElements[1].key", "display_title"): Verify element property value successfully

2023-10-16 14:09:44 - [MESSAGE][PASSED] - Verify element property value successfully

2023-10-16 14:09:44 - [TEST_STEP][PASSED] - verifyElementPropertyValue(getResponse, "groups[0].pricingPlans[0].visualElements[1].value", "Plan Mensuel "): Verify element property value successfully

2023-10-16 14:09:44 - [MESSAGE][PASSED] - Verify element property value successfully

2023-10-16 14:09:44 - [TEST_STEP][PASSED] - verifyElementPropertyValue(getResponse, "groups[0].pricingPlans[0].visualElements[3].key", "promo_text"): Verify element property value successfully

2023-10-16 14:09:44 - [MESSAGE][PASSED] - Verify element property value successfully

2023-10-16 14:09:44 - [TEST_STEP][PASSED] - verifyElementPropertyValue(getResponse, "groups[0].pricingPlans[0].visualElements[3].value", "6.59 KWD / mois"): Verify element property value successfully

2023-10-16 14:09:44 - [MESSAGE][PASSED] - Verify element property value successfully

2023-10-16 14:09:44 - [TEST_STEP][PASSED] - verifyElementPropertyValue(getResponse, "groups[0].pricingPlans[0].visualElements[4].key", "deduction_text"): Verify element property value successfully

2023-10-16 14:09:44 - [MESSAGE][PASSED] - Verify element property value successfully

2023-10-16 14:09:44 - [TEST_STEP][PASSED] - verifyElementPropertyValue(getResponse, "groups[0].pricingPlans[0].visualElements[4].value", "facturation mensuelle"): Verify element property value successfully

2023-10-16 14:09:44 - [MESSAGE][PASSED] - Verify element property value successfully

2023-10-16 14:09:44 - [TEST_STEP][PASSED] - verifyElementPropertyValue(getResponse, "groups[0].pricingPlans[0].visualElements[7].key", "show_payment_logo"): Verify element property value successfully

2023-10-16 14:09:44 - [MESSAGE][PASSED] - Verify element property value successfully

2023-10-16 14:09:44 - [TEST_STEP][PASSED] - verifyElementPropertyValue(getResponse, "groups[0].pricingPlans[0].visualElements[7].value", "true"): Verify element property value successfully

2023-10-16 14:09:44 - [MESSAGE][PASSED] - Verify element property value successfully

2023-10-16 14:09:44 - [TEST_STEP][PASSED] - verifyElementPropertyValue(getResponse, "groups[0].pricingPlans[0].visualElements[8].key", "show_tag"): Verify element property value successfully

2023-10-16 14:09:44 - [MESSAGE][PASSED] - Verify element property value successfully

2023-10-16 14:09:44 - [TEST_STEP][PASSED] - verifyElementPropertyValue(getResponse, "groups[0].pricingPlans[0].visualElements[8].value", "false"): Verify element property value successfully

2023-10-16 14:09:44 - [MESSAGE][PASSED] - Verify element property value successfully

2023-10-16 14:09:44 - [TEST_STEP][PASSED] - verifyElementPropertyValue(getResponse, "groups[0].pricingPlans[0].visualElements[10].key", "price"): Verify element property value successfully

2023-10-16 14:09:44 - [MESSAGE][PASSED] - Verify element property value successfully

2023-10-16 14:09:44 - [TEST_STEP][PASSED] - verifyElementPropertyValue(getResponse, "groups[0].pricingPlans[0].visualElements[10].value", "6.59"): Verify element property value successfully

2023-10-16 14:09:44 - [MESSAGE][PASSED] - Verify element property value successfully

2023-10-16 14:09:44 - [TEST_STEP][PASSED] - verifyElementPropertyValue(getResponse, "groups[0].pricingPlans[0].visualElements[11].key", "currency"): Verify element property value successfully

2023-10-16 14:09:44 - [MESSAGE][PASSED] - Verify element property value successfully

2023-10-16 14:09:44 - [TEST_STEP][PASSED] - verifyElementPropertyValue(getResponse, "groups[0].pricingPlans[0].visualElements[11].value", "KWD"): Verify element property value successfully

2023-10-16 14:09:44 - [MESSAGE][PASSED] - Verify element property value successfully

2023-10-16 14:09:44 - [TEST_STEP][PASSED] - verifyElementPropertyValue(getResponse, "groups[0].pricingPlans[0].visualElements[12].key", "duration"): Verify element property value successfully

2023-10-16 14:09:44 - [MESSAGE][PASSED] - Verify element property value successfully

2023-10-16 14:09:44 - [TEST_STEP][PASSED] - verifyElementPropertyValue(getResponse, "groups[0].pricingPlans[0].visualElements[12].value", "Mensuel"): Verify element property value successfully

2023-10-16 14:09:44 - [MESSAGE][PASSED] - Verify element property value successfully

2023-10-16 14:09:44 - [TEST_STEP][PASSED] - verifyElementPropertyValue(getResponse, "groups[0].pricingPlans[0].visualElements[13].key", "featured_tag_text"): Verify element property value successfully

2023-10-16 14:09:44 - [MESSAGE][PASSED] - Verify element property value successfully

2023-10-16 14:09:44 - [TEST_STEP][PASSED] - verifyElementPropertyValue(getResponse, "groups[0].pricingPlans[0].visualElements[13].value", "Le plus populaire"): Verify element property value successfully

2023-10-16 14:09:44 - [MESSAGE][PASSED] - Verify element property value successfully

2023-10-16 14:09:44 - [TEST_STEP][PASSED] - verifyElementPropertyValue(getResponse, "groups[0].pricingPlans[0].order", "9"): Verify element property value successfully

2023-10-16 14:09:44 - [MESSAGE][PASSED] - Verify element property value successfully

2023-10-16 14:09:44 - [TEST_STEP][PASSED] - verifyElementPropertyValue(getResponse, "groups[0].pricingPlans[0].period", "monthly"): Verify element property value successfully

2023-10-16 14:09:44 - [MESSAGE][PASSED] - Verify element property value successfully

2023-10-16 14:09:44 - [TEST_STEP][PASSED] - verifyElementPropertyValue(getResponse, "groups[0].pricingPlans[0].price", "6.59"): Verify element property value successfully

2023-10-16 14:09:44 - [MESSAGE][PASSED] - Verify element property value successfully

2023-10-16 14:09:44 - [TEST_STEP][PASSED] - verifyElementPropertyValue(getResponse, "groups[0].pricingPlans[0].currency", "KWD"): Verify element property value successfully

2023-10-16 14:09:44 - [MESSAGE][PASSED] - Verify element property value successfully

2023-10-16 14:09:44 - [TEST_STEP][PASSED] - verifyElementPropertyValue(getResponse, "groups[0].pricingPlans[0].pricingPlanData[0].productId", "KWT_B2C_SHAHID_VIP_GEA_SPORT_1M"): Verify element property value successfully

2023-10-16 14:09:44 - [MESSAGE][PASSED] - Verify element property value successfully

2023-10-16 14:09:44 - [TEST_STEP][PASSED] - verifyElementPropertyValue(getResponse, "groups[0].pricingPlans[0].pricingPlanData[0].subPricingPlanIds", "null"): Verify element property value successfully

2023-10-16 14:09:44 - [MESSAGE][PASSED] - Verify element property value successfully

2023-10-16 14:09:44 - [TEST_STEP][PASSED] - verifyElementPropertyValue(getResponse, "groups[0].pricingPlans[0].pricingPlanData[0].paymentMethod", "CREDIT_CARD"): Verify element property value successfully

2023-10-16 14:09:44 - [MESSAGE][PASSED] - Verify element property value successfully

2023-10-16 14:09:44 - [TEST_STEP][PASSED] - verifyElementPropertyValue(getResponse, "groups[0].pricingPlans[0].pricingPlanData[0].freeTrialEnabled", "false"): Verify element property value successfully

2023-10-16 14:09:44 - [MESSAGE][PASSED] - Verify element property value successfully

2023-10-16 14:09:44 - [TEST_STEP][PASSED] - verifyElementPropertyValue(getResponse, "groups[0].pricingPlans[0].pricingPlanData[0].visualElements[0].key", "title"): Verify element property value successfully

2023-10-16 14:09:45 - [MESSAGE][PASSED] - Verify element property value successfully

2023-10-16 14:09:45 - [TEST_STEP][PASSED] - verifyElementPropertyValue(getResponse, "groups[0].pricingPlans[0].pricingPlanData[0].visualElements[0].value", "Carte de crédit/débit"): Verify element property value successfully

2023-10-16 14:09:45 - [MESSAGE][PASSED] - Verify element property value successfully

2023-10-16 14:09:45 - [TEST_STEP][PASSED] - verifyElementPropertyValue(getResponse, "groups[0].pricingPlans[0].pricingPlanData[0].visualElements[1].key", "CTA_text"): Verify element property value successfully

2023-10-16 14:09:45 - [MESSAGE][PASSED] - Verify element property value successfully

2023-10-16 14:09:45 - [TEST_STEP][PASSED] - verifyElementPropertyValue(getResponse, "groups[0].pricingPlans[0].pricingPlanData[0].visualElements[1].value", "S'abonner"): Verify element property value successfully

2023-10-16 14:09:45 - [MESSAGE][PASSED] - Verify element property value successfully

2023-10-16 14:09:45 - [TEST_STEP][PASSED] - verifyElementPropertyValue(getResponse, "groups[0].pricingPlans[0].pricingPlanData[0].visualElements[2].key", "logo"): Verify element property value successfully

2023-10-16 14:09:45 - [MESSAGE][PASSED] - Verify element property value successfully

2023-10-16 14:09:45 - [TEST_STEP][PASSED] - verifyElementPropertyValue(getResponse, "groups[0].pricingPlans[0].pricingPlanData[0].visualElements[2].value", "https://static.s3.shahid.mbc.net/widget-images/icons/iconCreditCard.png"): Verify element property value successfully

2023-10-16 14:09:45 - [MESSAGE][PASSED] - Verify element property value successfully

2023-10-16 14:09:45 - [TEST_STEP][PASSED] - verifyElementPropertyValue(getResponse, "groups[0].pricingPlans[0].pricingPlanData[0].priceLabel", "6.59"): Verify element property value successfully

2023-10-16 14:09:45 - [MESSAGE][PASSED] - Verify element property value successfully

2023-10-16 14:09:45 - [TEST_STEP][PASSED] - verifyElementPropertyValue(getResponse, "groups[0].pricingPlans[0].pricingPlanData[0].currencyLabel", "KWD"): Verify element property value successfully

2023-10-16 14:09:45 - [MESSAGE][PASSED] - Verify element property value successfully

2023-10-16 14:09:45 - [TEST_STEP][PASSED] - verifyElementPropertyValue(getResponse, "groups[0].pricingPlans[2].featured", "false"): Verify element property value successfully

2023-10-16 14:09:45 - [MESSAGE][PASSED] - Verify element property value successfully

2023-10-16 14:09:45 - [TEST_STEP][PASSED] - verifyElementPropertyValue(getResponse, "groups[0].pricingPlans[2].packageId", "SHAHID_VIP_GEA_SPORT"): Verify element property value successfully

2023-10-16 14:09:45 - [MESSAGE][PASSED] - Verify element property value successfully

2023-10-16 14:09:45 - [TEST_STEP][PASSED] - verifyElementPropertyValue(getResponse, "groups[0].pricingPlans[2].catalogId", "GEA"): Verify element property value successfully

2023-10-16 14:09:45 - [MESSAGE][PASSED] - Verify element property value successfully

2023-10-16 14:09:45 - [TEST_STEP][PASSED] - verifyElementPropertyValue(getResponse, "groups[0].pricingPlans[2].visualElements[0].key", "Header_1_text"): Verify element property value successfully

2023-10-16 14:09:45 - [MESSAGE][PASSED] - Verify element property value successfully

2023-10-16 14:09:45 - [TEST_STEP][PASSED] - verifyElementPropertyValue(getResponse, "groups[0].pricingPlans[2].visualElements[0].value", "Abonnez-vous dès maintenant et profitez de vos programmes sans publicité"): Verify element property value successfully

2023-10-16 14:09:45 - [MESSAGE][PASSED] - Verify element property value successfully

2023-10-16 14:09:45 - [TEST_STEP][PASSED] - verifyElementPropertyValue(getResponse, "groups[0].pricingPlans[2].visualElements[1].key", "display_title"): Verify element property value successfully

2023-10-16 14:09:45 - [MESSAGE][PASSED] - Verify element property value successfully

2023-10-16 14:09:45 - [TEST_STEP][FAILED] - verifyElementPropertyValue(getResponse, "groups[0].pricingPlans[2].visualElements[1].value", "Plan Annuel "): Expected element property value 'Plan Annuel ' is not equal with actual property value 'Plan Annuel ​'

2023-10-16 14:09:45 - [MESSAGE][FAILED] - Expected element property value 'Plan Annuel ' is not equal with actual property value 'Plan Annuel ​'

2023-10-16 14:09:45 - [TEST_STEP][PASSED] - verifyElementPropertyValue(getResponse, "groups[0].pricingPlans[2].visualElements[2].key", "tag_text"): Verify element property value successfully

2023-10-16 14:09:45 - [MESSAGE][PASSED] - Verify element property value successfully

2023-10-16 14:09:45 - [TEST_STEP][PASSED] - verifyElementPropertyValue(getResponse, "groups[0].pricingPlans[2].visualElements[2].value", "Économisez 16%"): Verify element property value successfully

2023-10-16 14:09:45 - [MESSAGE][PASSED] - Verify element property value successfully

2023-10-16 14:09:45 - [TEST_STEP][PASSED] - verifyElementPropertyValue(getResponse, "groups[0].pricingPlans[2].visualElements[3].key", "promo_text"): Verify element property value successfully

2023-10-16 14:09:45 - [MESSAGE][PASSED] - Verify element property value successfully

2023-10-16 14:09:45 - [TEST_STEP][PASSED] - verifyElementPropertyValue(getResponse, "groups[0].pricingPlans[2].visualElements[3].value", "5.56 KWD / mois"): Verify element property value successfully

2023-10-16 14:09:45 - [MESSAGE][PASSED] - Verify element property value successfully

2023-10-16 14:09:45 - [TEST_STEP][PASSED] - verifyElementPropertyValue(getResponse, "groups[0].pricingPlans[2].visualElements[4].key", "deduction_text"): Verify element property value successfully

2023-10-16 14:09:45 - [MESSAGE][PASSED] - Verify element property value successfully

2023-10-16 14:09:45 - [TEST_STEP][PASSED] - verifyElementPropertyValue(getResponse, "groups[0].pricingPlans[2].visualElements[4].value", "66.79 KWD facturés chaque année"): Verify element property value successfully

2023-10-16 14:09:45 - [MESSAGE][PASSED] - Verify element property value successfully

2023-10-16 14:09:45 - [TEST_STEP][PASSED] - verifyElementPropertyValue(getResponse, "groups[0].pricingPlans[2].visualElements[7].key", "show_payment_logo"): Verify element property value successfully

2023-10-16 14:09:45 - [MESSAGE][PASSED] - Verify element property value successfully

2023-10-16 14:09:45 - [TEST_STEP][PASSED] - verifyElementPropertyValue(getResponse, "groups[0].pricingPlans[2].visualElements[7].value", "true"): Verify element property value successfully

2023-10-16 14:09:45 - [MESSAGE][PASSED] - Verify element property value successfully

2023-10-16 14:09:45 - [TEST_STEP][PASSED] - verifyElementPropertyValue(getResponse, "groups[0].pricingPlans[2].visualElements[8].key", "show_tag"): Verify element property value successfully

2023-10-16 14:09:45 - [MESSAGE][PASSED] - Verify element property value successfully

2023-10-16 14:09:45 - [TEST_STEP][PASSED] - verifyElementPropertyValue(getResponse, "groups[0].pricingPlans[2].visualElements[8].value", "true"): Verify element property value successfully

2023-10-16 14:09:45 - [MESSAGE][PASSED] - Verify element property value successfully

2023-10-16 14:09:45 - [TEST_STEP][PASSED] - verifyElementPropertyValue(getResponse, "groups[0].pricingPlans[2].visualElements[10].key", "price"): Verify element property value successfully

2023-10-16 14:09:45 - [MESSAGE][PASSED] - Verify element property value successfully

2023-10-16 14:09:45 - [TEST_STEP][PASSED] - verifyElementPropertyValue(getResponse, "groups[0].pricingPlans[2].visualElements[10].value", "66.79"): Verify element property value successfully

2023-10-16 14:09:45 - [MESSAGE][PASSED] - Verify element property value successfully

2023-10-16 14:09:45 - [TEST_STEP][PASSED] - verifyElementPropertyValue(getResponse, "groups[0].pricingPlans[2].visualElements[11].key", "currency"): Verify element property value successfully

2023-10-16 14:09:45 - [MESSAGE][PASSED] - Verify element property value successfully

2023-10-16 14:09:45 - [TEST_STEP][PASSED] - verifyElementPropertyValue(getResponse, "groups[0].pricingPlans[2].visualElements[11].value", "KWD"): Verify element property value successfully

2023-10-16 14:09:45 - [MESSAGE][PASSED] - Verify element property value successfully

2023-10-16 14:09:45 - [TEST_STEP][PASSED] - verifyElementPropertyValue(getResponse, "groups[0].pricingPlans[2].visualElements[12].key", "duration"): Verify element property value successfully

2023-10-16 14:09:45 - [MESSAGE][PASSED] - Verify element property value successfully

2023-10-16 14:09:45 - [TEST_STEP][PASSED] - verifyElementPropertyValue(getResponse, "groups[0].pricingPlans[2].visualElements[12].value", "Annuel"): Verify element property value successfully

2023-10-16 14:09:45 - [MESSAGE][PASSED] - Verify element property value successfully

2023-10-16 14:09:45 - [TEST_STEP][PASSED] - verifyElementPropertyValue(getResponse, "groups[0].pricingPlans[2].order", "11"): Verify element property value successfully

2023-10-16 14:09:45 - [MESSAGE][PASSED] - Verify element property value successfully

2023-10-16 14:09:45 - [TEST_STEP][PASSED] - verifyElementPropertyValue(getResponse, "groups[0].pricingPlans[2].period", "yearly"): Verify element property value successfully

2023-10-16 14:09:45 - [MESSAGE][PASSED] - Verify element property value successfully

2023-10-16 14:09:45 - [TEST_STEP][PASSED] - verifyElementPropertyValue(getResponse, "groups[0].pricingPlans[2].price", "66.79"): Verify element property value successfully

2023-10-16 14:09:45 - [MESSAGE][PASSED] - Verify element property value successfully

2023-10-16 14:09:45 - [TEST_STEP][PASSED] - verifyElementPropertyValue(getResponse, "groups[0].pricingPlans[2].currency", "KWD"): Verify element property value successfully

2023-10-16 14:09:45 - [MESSAGE][PASSED] - Verify element property value successfully

2023-10-16 14:09:45 - [TEST_STEP][PASSED] - verifyElementPropertyValue(getResponse, "groups[0].pricingPlans[2].pricingPlanData[0].productId", "KWT_B2C_SHAHID_VIP_GEA_SPORT_12M"): Verify element property value successfully

2023-10-16 14:09:45 - [MESSAGE][PASSED] - Verify element property value successfully

2023-10-16 14:09:45 - [TEST_STEP][PASSED] - verifyElementPropertyValue(getResponse, "groups[0].pricingPlans[2].pricingPlanData[0].subPricingPlanIds", "null"): Verify element property value successfully

2023-10-16 14:09:45 - [MESSAGE][PASSED] - Verify element property value successfully

2023-10-16 14:09:45 - [TEST_STEP][PASSED] - verifyElementPropertyValue(getResponse, "groups[0].pricingPlans[2].pricingPlanData[0].paymentMethod", "CREDIT_CARD"): Verify element property value successfully

2023-10-16 14:09:45 - [MESSAGE][PASSED] - Verify element property value successfully

2023-10-16 14:09:45 - [TEST_STEP][PASSED] - verifyElementPropertyValue(getResponse, "groups[0].pricingPlans[2].pricingPlanData[0].freeTrialEnabled", "false"): Verify element property value successfully

2023-10-16 14:09:45 - [MESSAGE][PASSED] - Verify element property value successfully

2023-10-16 14:09:45 - [TEST_STEP][PASSED] - verifyElementPropertyValue(getResponse, "groups[0].pricingPlans[2].pricingPlanData[0].visualElements[0].key", "title"): Verify element property value successfully

2023-10-16 14:09:45 - [MESSAGE][PASSED] - Verify element property value successfully

2023-10-16 14:09:45 - [TEST_STEP][PASSED] - verifyElementPropertyValue(getResponse, "groups[0].pricingPlans[2].pricingPlanData[0].visualElements[0].value", "Carte de crédit/débit"): Verify element property value successfully

2023-10-16 14:09:45 - [MESSAGE][PASSED] - Verify element property value successfully

2023-10-16 14:09:45 - [TEST_STEP][PASSED] - verifyElementPropertyValue(getResponse, "groups[0].pricingPlans[2].pricingPlanData[0].visualElements[1].key", "CTA_text"): Verify element property value successfully

2023-10-16 14:09:45 - [MESSAGE][PASSED] - Verify element property value successfully

2023-10-16 14:09:45 - [TEST_STEP][PASSED] - verifyElementPropertyValue(getResponse, "groups[0].pricingPlans[2].pricingPlanData[0].visualElements[1].value", "S'abonner"): Verify element property value successfully

2023-10-16 14:09:45 - [MESSAGE][PASSED] - Verify element property value successfully

2023-10-16 14:09:45 - [TEST_STEP][PASSED] - verifyElementPropertyValue(getResponse, "groups[0].pricingPlans[2].pricingPlanData[0].visualElements[2].key", "logo"): Verify element property value successfully

2023-10-16 14:09:45 - [MESSAGE][PASSED] - Verify element property value successfully

2023-10-16 14:09:45 - [TEST_STEP][PASSED] - verifyElementPropertyValue(getResponse, "groups[0].pricingPlans[2].pricingPlanData[0].visualElements[2].value", "https://static.s3.shahid.mbc.net/widget-images/icons/iconCreditCard.png"): Verify element property value successfully

2023-10-16 14:09:45 - [MESSAGE][PASSED] - Verify element property value successfully

2023-10-16 14:09:45 - [TEST_STEP][PASSED] - verifyElementPropertyValue(getResponse, "groups[0].pricingPlans[2].pricingPlanData[0].priceLabel", "66.79"): Verify element property value successfully

2023-10-16 14:09:45 - [MESSAGE][PASSED] - Verify element property value successfully

2023-10-16 14:09:45 - [TEST_STEP][PASSED] - verifyElementPropertyValue(getResponse, "groups[0].pricingPlans[2].pricingPlanData[0].currencyLabel", "KWD"): Verify element property value successfully

2023-10-16 14:09:45 - [MESSAGE][PASSED] - Verify element property value successfully

2023-10-16 14:09:45 - [TEST_STEP][PASSED] - verifyElementPropertyValue(getResponse, "groups[0].pricingPlans[2].pricingPlanData[0].allowedForAcquisition", "true"): Verify element property value successfully

2023-10-16 14:09:45 - [MESSAGE][PASSED] - Verify element property value successfully

2023-10-16 14:09:45 - [TEST_STEP][PASSED] - verifyElementPropertyValue(getResponse, "groups[0].pricingPlans[2].pricingPlanData[0].showIn[0]", "VERTICAL_MODE"): Verify element property value successfully

2023-10-16 14:09:45 - [MESSAGE][PASSED] - Verify element property value successfully

2023-10-16 14:09:45 - [TEST_STEP][PASSED] - verifyElementPropertyValue(getResponse, "groups[0].pricingPlans[2].pricingPlanData[0].showIn[1]", "HORIZONTAL_MODE"): Verify element property value successfully

2023-10-16 14:09:45 - [MESSAGE][PASSED] - Verify element property value successfully

2023-10-16 14:09:45 - [TEST_STEP][PASSED] - verifyElementPropertyValue(getResponse, "visualElements[0].key", "main_CTA_text_1"): Verify element property value successfully

2023-10-16 14:09:45 - [MESSAGE][PASSED] - Verify element property value successfully

2023-10-16 14:09:45 - [TEST_STEP][PASSED] - verifyElementPropertyValue(getResponse, "visualElements[0].value", "Abonnez-vous dès maintenant et profitez de vos programmes sans publicité"): Verify element property value successfully

2023-10-16 14:09:45 - [MESSAGE][PASSED] - Verify element property value successfully

2023-10-16 14:09:45 - [TEST_STEP][PASSED] - verifyElementPropertyValue(getResponse, "visualElements[2].key", "main_disclaimer_text"): Verify element property value successfully

2023-10-16 14:09:45 - [MESSAGE][PASSED] - Verify element property value successfully

2023-10-16 14:09:45 - [TEST_STEP][PASSED] - verifyElementPropertyValue(getResponse, "visualElements[2].value", "Les frais d'abonnement peuvent varier selon le pays, le moyen de paiement, le forfait, les taxes, les taux de change et les frais bancaires. Les conditions générales d'utilisation s'appliquent."): Verify element property value successfully

2023-10-16 14:09:45 - [MESSAGE][PASSED] - Verify element property value successfully

2023-10-16 14:09:45 - [TEST_STEP][PASSED] - verifyElementPropertyValue(getResponse, "visualElements[4].key", "display_type"): Verify element property value successfully

2023-10-16 14:09:45 - [MESSAGE][PASSED] - Verify element property value successfully

2023-10-16 14:09:45 - [TEST_STEP][PASSED] - verifyElementPropertyValue(getResponse, "visualElements[4].value", "vertical"): Verify element property value successfully

2023-10-16 14:09:45 - [MESSAGE][PASSED] - Verify element property value successfully

2023-10-16 14:09:45 - [TEST_STEP][PASSED] - verifyElementPropertyValue(getResponse, "pages[0].visualElements[0].key", "alternative_payment_title"): Verify element property value successfully

2023-10-16 14:09:45 - [MESSAGE][PASSED] - Verify element property value successfully

2023-10-16 14:09:45 - [TEST_STEP][PASSED] - verifyElementPropertyValue(getResponse, "pages[0].visualElements[0].value", "Ou choisissez l'un des autres moyens de paiement suivants"): Verify element property value successfully

2023-10-16 14:09:45 - [MESSAGE][PASSED] - Verify element property value successfully

2023-10-16 14:09:45 - [TEST_STEP][PASSED] - verifyElementPropertyValue(getResponse, "pages[0].visualElements[1].key", "label_text"): Verify element property value successfully

2023-10-16 14:09:45 - [MESSAGE][PASSED] - Verify element property value successfully

2023-10-16 14:09:45 - [TEST_STEP][PASSED] - verifyElementPropertyValue(getResponse, "pages[0].visualElements[1].value", "Autres moyens de paiement"): Verify element property value successfully

2023-10-16 14:09:45 - [MESSAGE][PASSED] - Verify element property value successfully

2023-10-16 14:09:45 - [TEST_STEP][PASSED] - verifyElementPropertyValue(getResponse, "pages[0].visualElements[3].key", "CTA_text"): Verify element property value successfully

2023-10-16 14:09:45 - [MESSAGE][PASSED] - Verify element property value successfully

2023-10-16 14:09:45 - [TEST_STEP][PASSED] - verifyElementPropertyValue(getResponse, "pages[0].visualElements[3].value", "Cliquez ici"): Verify element property value successfully

2023-10-16 14:09:45 - [MESSAGE][PASSED] - Verify element property value successfully

2023-10-16 14:09:45 - [TEST_STEP][PASSED] - verifyElementPropertyValue(getResponse, "pages[0].visualElements[4].key", "main_title"): Verify element property value successfully

2023-10-16 14:09:45 - [MESSAGE][PASSED] - Verify element property value successfully

2023-10-16 14:09:45 - [TEST_STEP][PASSED] - verifyElementPropertyValue(getResponse, "pages[0].visualElements[4].value", "Autres moyens de paiement"): Verify element property value successfully

2023-10-16 14:09:45 - [MESSAGE][PASSED] - Verify element property value successfully

2023-10-16 14:09:45 - [TEST_STEP][PASSED] - verifyElementPropertyValue(getResponse, "pages[0].visualElements[6].key", "alternative_payment_methods"): Verify element property value successfully

2023-10-16 14:09:45 - [MESSAGE][PASSED] - Verify element property value successfully

2023-10-16 14:09:45 - [TEST_STEP][PASSED] - verifyElementPropertyValue(getResponse, "pages[0].visualElements[6].value", "Vous pouvez vous procurer un code promo Shahid auprès de l'un des points de vente suivants"): Verify element property value successfully

2023-10-16 14:09:45 - [MESSAGE][PASSED] - Verify element property value successfully

2023-10-16 14:09:45 - [TEST_STEP][PASSED] - verifyElementPropertyValue(getResponse, "partners[0].name", "OG Money"): Verify element property value successfully

2023-10-16 14:09:45 - [MESSAGE][PASSED] - Verify element property value successfully

2023-10-16 14:09:45 - [TEST_STEP][PASSED] - verifyElementPropertyValue(getResponse, "partners[0].link", "https://ogmoney.store/product/shahid-vip/"): Verify element property value successfully

2023-10-16 14:09:45 - [MESSAGE][PASSED] - Verify element property value successfully

2023-10-16 14:09:45 - [TEST_STEP][PASSED] - verifyElementPropertyValue(getResponse, "partners[0].logo", "https://shahid-static.s3.amazonaws.com/widget-images/logos/og_logo.svg"): Verify element property value successfully

2023-10-16 14:09:45 - [MESSAGE][PASSED] - Verify element property value successfully

2023-10-16 14:09:45 - [TEST_STEP][PASSED] - verifyElementPropertyValue(getResponse, "partners[0].visible", "true"): Verify element property value successfully

2023-10-16 14:09:45 - [MESSAGE][PASSED] - Verify element property value successfully

2023-10-16 14:09:45 - [TEST_STEP][PASSED] - verifyElementPropertyValue(getResponse, "partners[0].visualElements[0].key", "text"): Verify element property value successfully

2023-10-16 14:09:45 - [MESSAGE][PASSED] - Verify element property value successfully

2023-10-16 14:09:45 - [TEST_STEP][PASSED] - verifyElementPropertyValue(getResponse, "partners[0].visualElements[0].value", "Plus d’informations"): Verify element property value successfully

2023-10-16 14:09:45 - [MESSAGE][PASSED] - Verify element property value successfully

2023-10-16 14:09:45 - [TEST_STEP][PASSED] - verifyElementPropertyValue(getResponse, "partners[1].name", "Sheeel.com"): Verify element property value successfully

2023-10-16 14:09:45 - [MESSAGE][PASSED] - Verify element property value successfully

2023-10-16 14:09:45 - [TEST_STEP][PASSED] - verifyElementPropertyValue(getResponse, "partners[1].link", "https://www.sheeel.com/mobiles-recharge-cards/instant-prepaid-cards/pay-only-kwd5-5-on-3-months-shahid-subscription.html"): Verify element property value successfully

2023-10-16 14:09:45 - [MESSAGE][PASSED] - Verify element property value successfully

2023-10-16 14:09:45 - [TEST_STEP][PASSED] - verifyElementPropertyValue(getResponse, "partners[1].logo", "https://static.s3.shahid.mbc.net/widget-images/logos/Sheeel-com@2x.png"): Verify element property value successfully

2023-10-16 14:09:45 - [MESSAGE][PASSED] - Verify element property value successfully

2023-10-16 14:09:45 - [TEST_STEP][PASSED] - verifyElementPropertyValue(getResponse, "partners[1].visible", "true"): Verify element property value successfully

2023-10-16 14:09:45 - [MESSAGE][PASSED] - Verify element property value successfully

2023-10-16 14:09:45 - [TEST_STEP][PASSED] - verifyElementPropertyValue(getResponse, "partners[1].visualElements[0].key", "text"): Verify element property value successfully

2023-10-16 14:09:45 - [MESSAGE][PASSED] - Verify element property value successfully

2023-10-16 14:09:45 - [TEST_STEP][PASSED] - verifyElementPropertyValue(getResponse, "partners[1].visualElements[0].value", "Plus d’informations"): Verify element property value successfully

2023-10-16 14:09:45 - [MESSAGE][PASSED] - Verify element property value successfully

2023-10-16 14:09:45 - [TEST_STEP][PASSED] - verifyElementPropertyValue(getResponse, "partners[2].name", "Like Card"): Verify element property value successfully

2023-10-16 14:09:45 - [MESSAGE][PASSED] - Verify element property value successfully

2023-10-16 14:09:45 - [TEST_STEP][PASSED] - verifyElementPropertyValue(getResponse, "partners[2].link", "https://like4card.com/All-Shahid_VIP?country_id=16"): Verify element property value successfully

2023-10-16 14:09:45 - [MESSAGE][PASSED] - Verify element property value successfully

2023-10-16 14:09:45 - [TEST_STEP][PASSED] - verifyElementPropertyValue(getResponse, "partners[2].logo", "https://static.s3.shahid.mbc.net/widget-images/logos/likecard@2x.png"): Verify element property value successfully

2023-10-16 14:09:45 - [MESSAGE][PASSED] - Verify element property value successfully

2023-10-16 14:09:45 - [TEST_STEP][PASSED] - verifyElementPropertyValue(getResponse, "partners[2].visible", "true"): Verify element property value successfully

2023-10-16 14:09:45 - [MESSAGE][PASSED] - Verify element property value successfully

2023-10-16 14:09:45 - [TEST_STEP][PASSED] - verifyElementPropertyValue(getResponse, "partners[2].visualElements[0].key", "text"): Verify element property value successfully

2023-10-16 14:09:45 - [MESSAGE][PASSED] - Verify element property value successfully

2023-10-16 14:09:45 - [TEST_STEP][PASSED] - verifyElementPropertyValue(getResponse, "partners[2].visualElements[0].value", "Plus d’informations"): Verify element property value successfully

2023-10-16 14:09:45 - [MESSAGE][PASSED] - Verify element property value successfully

2023-10-16 14:09:45 - [TEST_STEP][PASSED] - verifyElementPropertyValue(getResponse, "partners[3].name", "ENET"): Verify element property value successfully

2023-10-16 14:09:45 - [MESSAGE][PASSED] - Verify element property value successfully

2023-10-16 14:09:45 - [TEST_STEP][PASSED] - verifyElementPropertyValue(getResponse, "partners[3].link", "http://e.net.kw/eNet/Navigate?language=en-US&viewName=KioskLocations"): Verify element property value successfully

2023-10-16 14:09:45 - [MESSAGE][PASSED] - Verify element property value successfully

2023-10-16 14:09:45 - [TEST_STEP][PASSED] - verifyElementPropertyValue(getResponse, "partners[3].logo", "https://static.s3.shahid.mbc.net/widget-images/logos/enet@2x.png"): Verify element property value successfully

2023-10-16 14:09:45 - [MESSAGE][PASSED] - Verify element property value successfully

2023-10-16 14:09:45 - [TEST_STEP][PASSED] - verifyElementPropertyValue(getResponse, "partners[3].visible", "true"): Verify element property value successfully

2023-10-16 14:09:45 - [MESSAGE][PASSED] - Verify element property value successfully

2023-10-16 14:09:45 - [TEST_STEP][PASSED] - verifyElementPropertyValue(getResponse, "partners[3].visualElements[0].key", "text"): Verify element property value successfully

2023-10-16 14:09:45 - [MESSAGE][PASSED] - Verify element property value successfully

2023-10-16 14:09:45 - [TEST_STEP][PASSED] - verifyElementPropertyValue(getResponse, "partners[3].visualElements[0].value", "Plus d’informations"): Verify element property value successfully

2023-10-16 14:09:45 - [MESSAGE][PASSED] - Verify element property value successfully

2023-10-16 14:09:45 - [TEST_STEP][PASSED] - verifyElementPropertyValue(getResponse, "partners[4].name", "You Got a Gift"): Verify element property value successfully

2023-10-16 14:09:45 - [MESSAGE][PASSED] - Verify element property value successfully

2023-10-16 14:09:45 - [TEST_STEP][PASSED] - verifyElementPropertyValue(getResponse, "partners[4].link", "https://yougotagift.com/kuwait/gift-card/shahid-vip-gift-card-kw/"): Verify element property value successfully

2023-10-16 14:09:45 - [MESSAGE][PASSED] - Verify element property value successfully

2023-10-16 14:09:45 - [TEST_STEP][PASSED] - verifyElementPropertyValue(getResponse, "partners[4].logo", "https://shahid-static.s3.us-east-1.amazonaws.com/widget-images/logos/you-gota-gift.svg"): Verify element property value successfully

2023-10-16 14:09:45 - [MESSAGE][PASSED] - Verify element property value successfully

2023-10-16 14:09:45 - [TEST_STEP][PASSED] - verifyElementPropertyValue(getResponse, "partners[4].visible", "true"): Verify element property value successfully

2023-10-16 14:09:45 - [MESSAGE][PASSED] - Verify element property value successfully

2023-10-16 14:09:45 - [TEST_STEP][PASSED] - verifyElementPropertyValue(getResponse, "partners[4].visualElements[0].key", "text"): Verify element property value successfully

2023-10-16 14:09:45 - [MESSAGE][PASSED] - Verify element property value successfully

2023-10-16 14:09:45 - [TEST_STEP][PASSED] - verifyElementPropertyValue(getResponse, "partners[4].visualElements[0].value", "Plus d’informations"): Verify element property value successfully

2023-10-16 14:09:45 - [MESSAGE][PASSED] - Verify element property value successfully

2023-10-16 14:09:45 - [TEST_STEP][PASSED] - verifyElementPropertyValue(getResponse, "partners[5].name", "Jarir"): Verify element property value successfully

2023-10-16 14:09:45 - [MESSAGE][PASSED] - Verify element property value successfully

2023-10-16 14:09:45 - [TEST_STEP][PASSED] - verifyElementPropertyValue(getResponse, "partners[5].link", "https://www.jarir.com/kw-en/catalogsearch/result?search=Shahid"): Verify element property value successfully

2023-10-16 14:09:45 - [MESSAGE][PASSED] - Verify element property value successfully

2023-10-16 14:09:45 - [TEST_STEP][PASSED] - verifyElementPropertyValue(getResponse, "partners[5].logo", "https://shahid-static.s3.amazonaws.com/widget-images/logos/Logo_Jarir+(2).png"): Verify element property value successfully

2023-10-16 14:09:45 - [MESSAGE][PASSED] - Verify element property value successfully

2023-10-16 14:09:45 - [TEST_STEP][PASSED] - verifyElementPropertyValue(getResponse, "partners[5].visible", "true"): Verify element property value successfully

2023-10-16 14:09:45 - [MESSAGE][PASSED] - Verify element property value successfully

2023-10-16 14:09:45 - [TEST_STEP][PASSED] - verifyElementPropertyValue(getResponse, "partners[5].visualElements[0].key", "text"): Verify element property value successfully

2023-10-16 14:09:45 - [MESSAGE][PASSED] - Verify element property value successfully

2023-10-16 14:09:45 - [TEST_STEP][PASSED] - verifyElementPropertyValue(getResponse, "partners[5].visualElements[0].value", "Plus d’informations"): Verify element property value successfully

2023-10-16 14:09:45 - [MESSAGE][PASSED] - Verify element property value successfully

2023-10-16 14:09:45 - [TEST_STEP][PASSED] - verifyElementPropertyValue(getResponse, "partners[6].name", "Razer Online"): Verify element property value successfully

2023-10-16 14:09:45 - [MESSAGE][PASSED] - Verify element property value successfully

2023-10-16 14:09:45 - [TEST_STEP][PASSED] - verifyElementPropertyValue(getResponse, "partners[6].link", "https://gold.razer.com/global/en/gold/catalog/shahid-vip"): Verify element property value successfully

2023-10-16 14:09:45 - [MESSAGE][PASSED] - Verify element property value successfully

2023-10-16 14:09:45 - [TEST_STEP][PASSED] - verifyElementPropertyValue(getResponse, "partners[6].logo", "https://shahid-static.s3.amazonaws.com/widget-images/logos/Coin_RZR%20Gold_Black.png"): Verify element property value successfully

2023-10-16 14:09:45 - [MESSAGE][PASSED] - Verify element property value successfully

2023-10-16 14:09:45 - [TEST_STEP][PASSED] - verifyElementPropertyValue(getResponse, "partners[6].visible", "true"): Verify element property value successfully

2023-10-16 14:09:45 - [MESSAGE][PASSED] - Verify element property value successfully

2023-10-16 14:09:45 - [TEST_STEP][PASSED] - verifyElementPropertyValue(getResponse, "partners[6].visualElements[0].key", "text"): Verify element property value successfully

2023-10-16 14:09:45 - [MESSAGE][PASSED] - Verify element property value successfully

2023-10-16 14:09:45 - [TEST_STEP][PASSED] - verifyElementPropertyValue(getResponse, "partners[6].visualElements[0].value", "Plus d’informations"): Verify element property value successfully

2023-10-16 14:09:45 - [MESSAGE][PASSED] - Verify element property value successfully

2023-10-16 14:09:45 - [TEST_STEP][PASSED] - verifyElementPropertyValue(getResponse, "defaultPackageId", "SHAHID_VIP"): Verify element property value successfully

2023-10-16 14:09:45 - [MESSAGE][PASSED] - Verify element property value successfully]]></system-out>
         <system-err><![CDATA[2023-10-16 14:09:43 - [TEST_CASE][FAILED] - Test Cases/WEB - CHROME/KWT PI/WEB_FR_getSubscriptionConfigForKWt_Ultimate: Test Cases/WEB - CHROME/KWT PI/WEB_FR_getSubscriptionConfigForKWt_Ultimate FAILED.
Reason:
com.kms.katalon.core.exception.StepFailedException: Expected element property value 'Plan Annuel ' is not equal with actual property value 'Plan Annuel ​'
	at com.kms.katalon.core.keyword.internal.KeywordMain.stepFailed(KeywordMain.groovy:39)
	at com.kms.katalon.core.webservice.keyword.builtin.VerifyElementPropertyValueKeyword$_verifyElementPropertyValue_closure1.doCall(VerifyElementPropertyValueKeyword.groovy:56)
	at com.kms.katalon.core.webservice.keyword.builtin.VerifyElementPropertyValueKeyword$_verifyElementPropertyValue_closure1.call(VerifyElementPropertyValueKeyword.groovy)
	at com.kms.katalon.core.keyword.internal.KeywordMain.runKeyword(KeywordMain.groovy:75)
	at com.kms.katalon.core.webservice.keyword.builtin.VerifyElementPropertyValueKeyword.verifyElementPropertyValue(VerifyElementPropertyValueKeyword.groovy:48)
	at com.kms.katalon.core.webservice.keyword.builtin.VerifyElementPropertyValueKeyword.execute(VerifyElementPropertyValueKeyword.groovy:43)
	at com.kms.katalon.core.keyword.internal.KeywordExecutor.executeKeywordForPlatform(KeywordExecutor.groovy:74)
	at com.kms.katalon.core.webservice.keyword.WSBuiltInKeywords.verifyElementPropertyValue(WSBuiltInKeywords.groovy:190)
	at com.kms.katalon.core.webservice.keyword.WSBuiltInKeywords$verifyElementPropertyValue$1.call(Unknown Source)
	at WEB_FR_getSubscriptionConfigForKWt_Ultimate.run(WEB_FR_getSubscriptionConfigForKWt_Ultimate:102)
	at com.kms.katalon.core.main.ScriptEngine.run(ScriptEngine.java:194)
	at com.kms.katalon.core.main.ScriptEngine.runScriptAsRawText(ScriptEngine.java:119)
	at com.kms.katalon.core.main.TestCaseExecutor.runScript(TestCaseExecutor.java:448)
	at com.kms.katalon.core.main.TestCaseExecutor.doExecute(TestCaseExecutor.java:439)
	at com.kms.katalon.core.main.TestCaseExecutor.processExecutionPhase(TestCaseExecutor.java:418)
	at com.kms.katalon.core.main.TestCaseExecutor.accessMainPhase(TestCaseExecutor.java:410)
	at com.kms.katalon.core.main.TestCaseExecutor.execute(TestCaseExecutor.java:285)
	at com.kms.katalon.core.common.CommonExecutor.accessTestCaseMainPhase(CommonExecutor.java:65)
	at com.kms.katalon.core.main.TestSuiteExecutor.accessTestSuiteMainPhase(TestSuiteExecutor.java:148)
	at com.kms.katalon.core.main.TestSuiteExecutor.execute(TestSuiteExecutor.java:106)
	at com.kms.katalon.core.main.TestCaseMain.startTestSuite(TestCaseMain.java:187)
	at com.kms.katalon.core.main.TestCaseMain$startTestSuite$0.call(Unknown Source)
	at TempTestSuite1697454199331.run(TempTestSuite1697454199331.groovy:36)]]></system-err>
      </testcase>
      <testcase name="Test Cases/WEB - CHROME/KWT PI/WEB_FR_getSubscriptionConfigForKWT_SPORT" time="2.012" classname="Test Cases/WEB - CHROME/KWT PI/WEB_FR_getSubscriptionConfigForKWT_SPORT" status="FAILED">
         <failure type="FAILED" message="Test Cases/WEB - CHROME/KWT PI/WEB_FR_getSubscriptionConfigForKWT_SPORT FAILED.
Reason:
com.kms.katalon.core.exception.StepFailedException: Expected element property value 'Plan Annuel ' is not equal with actual property value 'Plan Annuel ​'
	at com.kms.katalon.core.keyword.internal.KeywordMain.stepFailed(KeywordMain.groovy:39)
	at com.kms.katalon.core.webservice.keyword.builtin.VerifyElementPropertyValueKeyword$_verifyElementPropertyValue_closure1.doCall(VerifyElementPropertyValueKeyword.groovy:56)
	at com.kms.katalon.core.webservice.keyword.builtin.VerifyElementPropertyValueKeyword$_verifyElementPropertyValue_closure1.call(VerifyElementPropertyValueKeyword.groovy)
	at com.kms.katalon.core.keyword.internal.KeywordMain.runKeyword(KeywordMain.groovy:75)
	at com.kms.katalon.core.webservice.keyword.builtin.VerifyElementPropertyValueKeyword.verifyElementPropertyValue(VerifyElementPropertyValueKeyword.groovy:48)
	at com.kms.katalon.core.webservice.keyword.builtin.VerifyElementPropertyValueKeyword.execute(VerifyElementPropertyValueKeyword.groovy:43)
	at com.kms.katalon.core.keyword.internal.KeywordExecutor.executeKeywordForPlatform(KeywordExecutor.groovy:74)
	at com.kms.katalon.core.webservice.keyword.WSBuiltInKeywords.verifyElementPropertyValue(WSBuiltInKeywords.groovy:190)
	at com.kms.katalon.core.webservice.keyword.WSBuiltInKeywords$verifyElementPropertyValue$1.call(Unknown Source)
	at WEB_FR_getSubscriptionConfigForKWT_SPORT.run(WEB_FR_getSubscriptionConfigForKWT_SPORT:104)
	at com.kms.katalon.core.main.ScriptEngine.run(ScriptEngine.java:194)
	at com.kms.katalon.core.main.ScriptEngine.runScriptAsRawText(ScriptEngine.java:119)
	at com.kms.katalon.core.main.TestCaseExecutor.runScript(TestCaseExecutor.java:448)
	at com.kms.katalon.core.main.TestCaseExecutor.doExecute(TestCaseExecutor.java:439)
	at com.kms.katalon.core.main.TestCaseExecutor.processExecutionPhase(TestCaseExecutor.java:418)
	at com.kms.katalon.core.main.TestCaseExecutor.accessMainPhase(TestCaseExecutor.java:410)
	at com.kms.katalon.core.main.TestCaseExecutor.execute(TestCaseExecutor.java:285)
	at com.kms.katalon.core.common.CommonExecutor.accessTestCaseMainPhase(CommonExecutor.java:65)
	at com.kms.katalon.core.main.TestSuiteExecutor.accessTestSuiteMainPhase(TestSuiteExecutor.java:148)
	at com.kms.katalon.core.main.TestSuiteExecutor.execute(TestSuiteExecutor.java:106)
	at com.kms.katalon.core.main.TestCaseMain.startTestSuite(TestCaseMain.java:187)
	at com.kms.katalon.core.main.TestCaseMain$startTestSuite$0.call(Unknown Source)
	at TempTestSuite1697454199331.run(TempTestSuite1697454199331.groovy:36)
"/>
         <system-out><![CDATA[2023-10-16 14:09:45 - [TEST_CASE][FAILED] - Test Cases/WEB - CHROME/KWT PI/WEB_FR_getSubscriptionConfigForKWT_SPORT: Test Cases/WEB - CHROME/KWT PI/WEB_FR_getSubscriptionConfigForKWT_SPORT FAILED.
Reason:
com.kms.katalon.core.exception.StepFailedException: Expected element property value 'Plan Annuel ' is not equal with actual property value 'Plan Annuel ​'
	at com.kms.katalon.core.keyword.internal.KeywordMain.stepFailed(KeywordMain.groovy:39)
	at com.kms.katalon.core.webservice.keyword.builtin.VerifyElementPropertyValueKeyword$_verifyElementPropertyValue_closure1.doCall(VerifyElementPropertyValueKeyword.groovy:56)
	at com.kms.katalon.core.webservice.keyword.builtin.VerifyElementPropertyValueKeyword$_verifyElementPropertyValue_closure1.call(VerifyElementPropertyValueKeyword.groovy)
	at com.kms.katalon.core.keyword.internal.KeywordMain.runKeyword(KeywordMain.groovy:75)
	at com.kms.katalon.core.webservice.keyword.builtin.VerifyElementPropertyValueKeyword.verifyElementPropertyValue(VerifyElementPropertyValueKeyword.groovy:48)
	at com.kms.katalon.core.webservice.keyword.builtin.VerifyElementPropertyValueKeyword.execute(VerifyElementPropertyValueKeyword.groovy:43)
	at com.kms.katalon.core.keyword.internal.KeywordExecutor.executeKeywordForPlatform(KeywordExecutor.groovy:74)
	at com.kms.katalon.core.webservice.keyword.WSBuiltInKeywords.verifyElementPropertyValue(WSBuiltInKeywords.groovy:190)
	at com.kms.katalon.core.webservice.keyword.WSBuiltInKeywords$verifyElementPropertyValue$1.call(Unknown Source)
	at WEB_FR_getSubscriptionConfigForKWT_SPORT.run(WEB_FR_getSubscriptionConfigForKWT_SPORT:104)
	at com.kms.katalon.core.main.ScriptEngine.run(ScriptEngine.java:194)
	at com.kms.katalon.core.main.ScriptEngine.runScriptAsRawText(ScriptEngine.java:119)
	at com.kms.katalon.core.main.TestCaseExecutor.runScript(TestCaseExecutor.java:448)
	at com.kms.katalon.core.main.TestCaseExecutor.doExecute(TestCaseExecutor.java:439)
	at com.kms.katalon.core.main.TestCaseExecutor.processExecutionPhase(TestCaseExecutor.java:418)
	at com.kms.katalon.core.main.TestCaseExecutor.accessMainPhase(TestCaseExecutor.java:410)
	at com.kms.katalon.core.main.TestCaseExecutor.execute(TestCaseExecutor.java:285)
	at com.kms.katalon.core.common.CommonExecutor.accessTestCaseMainPhase(CommonExecutor.java:65)
	at com.kms.katalon.core.main.TestSuiteExecutor.accessTestSuiteMainPhase(TestSuiteExecutor.java:148)
	at com.kms.katalon.core.main.TestSuiteExecutor.execute(TestSuiteExecutor.java:106)
	at com.kms.katalon.core.main.TestCaseMain.startTestSuite(TestCaseMain.java:187)
	at com.kms.katalon.core.main.TestCaseMain$startTestSuite$0.call(Unknown Source)
	at TempTestSuite1697454199331.run(TempTestSuite1697454199331.groovy:36)


2023-10-16 14:09:46 - [TEST_STEP][PASSED] - getResponse = config_files.getConfigFile.getConfig("WEB", "FR", "SHAHID_VIP_SPORT", "KW", "false"): config_files.getConfigFile.getConfig is PASSED

2023-10-16 14:09:46 - [MESSAGE][INFO] - HAR: /Users/admin/git/shahid-configuration/Reports/20231016_140310/WEB/KWT/20231016_140319/requests/main/3.har

2023-10-16 14:09:46 - [MESSAGE][PASSED] - Send request successfully

2023-10-16 14:09:46 - [MESSAGE][PASSED] - config_files.getConfigFile.getConfig is PASSED

2023-10-16 14:09:46 - [TEST_STEP][PASSED] - verifyResponseStatusCode(getResponse, 200): Verify response status code successfully

2023-10-16 14:09:46 - [MESSAGE][PASSED] - Verify response status code successfully

2023-10-16 14:09:46 - [TEST_STEP][PASSED] - verifyElementPropertyValue(getResponse, "country", "KWT"): Verify element property value successfully

2023-10-16 14:09:46 - [MESSAGE][PASSED] - Verify element property value successfully

2023-10-16 14:09:46 - [TEST_STEP][PASSED] - verifyElementPropertyValue(getResponse, "platform", "[WEB]"): Verify element property value successfully

2023-10-16 14:09:46 - [MESSAGE][PASSED] - Verify element property value successfully

2023-10-16 14:09:46 - [TEST_STEP][PASSED] - verifyElementPropertyValue(getResponse, "groups[0].pricingPlans[0].featured", "true"): Verify element property value successfully

2023-10-16 14:09:46 - [MESSAGE][PASSED] - Verify element property value successfully

2023-10-16 14:09:46 - [TEST_STEP][PASSED] - verifyElementPropertyValue(getResponse, "groups[0].pricingPlans[0].packageId", "SHAHID_VIP_SPORT"): Verify element property value successfully

2023-10-16 14:09:46 - [MESSAGE][PASSED] - Verify element property value successfully

2023-10-16 14:09:46 - [TEST_STEP][PASSED] - verifyElementPropertyValue(getResponse, "groups[0].pricingPlans[0].catalogId", "SPORT"): Verify element property value successfully

2023-10-16 14:09:46 - [MESSAGE][PASSED] - Verify element property value successfully

2023-10-16 14:09:46 - [TEST_STEP][PASSED] - verifyElementPropertyValue(getResponse, "groups[0].pricingPlans[0].visualElements[0].key", "Header_1_text"): Verify element property value successfully

2023-10-16 14:09:46 - [MESSAGE][PASSED] - Verify element property value successfully

2023-10-16 14:09:46 - [TEST_STEP][PASSED] - verifyElementPropertyValue(getResponse, "groups[0].pricingPlans[0].visualElements[0].value", "Abonnez-vous dès maintenant et profitez de vos programmes sans publicité"): Verify element property value successfully

2023-10-16 14:09:46 - [MESSAGE][PASSED] - Verify element property value successfully

2023-10-16 14:09:46 - [TEST_STEP][PASSED] - verifyElementPropertyValue(getResponse, "groups[0].pricingPlans[0].visualElements[1].key", "display_title"): Verify element property value successfully

2023-10-16 14:09:46 - [MESSAGE][PASSED] - Verify element property value successfully

2023-10-16 14:09:46 - [TEST_STEP][PASSED] - verifyElementPropertyValue(getResponse, "groups[0].pricingPlans[0].visualElements[1].value", "Plan Mensuel "): Verify element property value successfully

2023-10-16 14:09:46 - [MESSAGE][PASSED] - Verify element property value successfully

2023-10-16 14:09:46 - [TEST_STEP][PASSED] - verifyElementPropertyValue(getResponse, "groups[0].pricingPlans[0].visualElements[2].key", "promo_text"): Verify element property value successfully

2023-10-16 14:09:46 - [MESSAGE][PASSED] - Verify element property value successfully

2023-10-16 14:09:46 - [TEST_STEP][PASSED] - verifyElementPropertyValue(getResponse, "groups[0].pricingPlans[0].visualElements[2].value", "5.69 KWD / mois"): Verify element property value successfully

2023-10-16 14:09:46 - [MESSAGE][PASSED] - Verify element property value successfully

2023-10-16 14:09:46 - [TEST_STEP][PASSED] - verifyElementPropertyValue(getResponse, "groups[0].pricingPlans[0].visualElements[3].key", "deduction_text"): Verify element property value successfully

2023-10-16 14:09:46 - [MESSAGE][PASSED] - Verify element property value successfully

2023-10-16 14:09:46 - [TEST_STEP][PASSED] - verifyElementPropertyValue(getResponse, "groups[0].pricingPlans[0].visualElements[3].value", "facturation mensuelle"): Verify element property value successfully

2023-10-16 14:09:46 - [MESSAGE][PASSED] - Verify element property value successfully

2023-10-16 14:09:46 - [TEST_STEP][PASSED] - verifyElementPropertyValue(getResponse, "groups[0].pricingPlans[0].visualElements[6].key", "show_payment_logo"): Verify element property value successfully

2023-10-16 14:09:46 - [MESSAGE][PASSED] - Verify element property value successfully

2023-10-16 14:09:46 - [TEST_STEP][PASSED] - verifyElementPropertyValue(getResponse, "groups[0].pricingPlans[0].visualElements[6].value", "true"): Verify element property value successfully

2023-10-16 14:09:46 - [MESSAGE][PASSED] - Verify element property value successfully

2023-10-16 14:09:46 - [TEST_STEP][PASSED] - verifyElementPropertyValue(getResponse, "groups[0].pricingPlans[0].visualElements[8].key", "price"): Verify element property value successfully

2023-10-16 14:09:46 - [MESSAGE][PASSED] - Verify element property value successfully

2023-10-16 14:09:46 - [TEST_STEP][PASSED] - verifyElementPropertyValue(getResponse, "groups[0].pricingPlans[0].visualElements[8].value", "5.69"): Verify element property value successfully

2023-10-16 14:09:46 - [MESSAGE][PASSED] - Verify element property value successfully

2023-10-16 14:09:46 - [TEST_STEP][PASSED] - verifyElementPropertyValue(getResponse, "groups[0].pricingPlans[0].visualElements[9].key", "currency"): Verify element property value successfully

2023-10-16 14:09:46 - [MESSAGE][PASSED] - Verify element property value successfully

2023-10-16 14:09:46 - [TEST_STEP][PASSED] - verifyElementPropertyValue(getResponse, "groups[0].pricingPlans[0].visualElements[9].value", "KWD"): Verify element property value successfully

2023-10-16 14:09:46 - [MESSAGE][PASSED] - Verify element property value successfully

2023-10-16 14:09:46 - [TEST_STEP][PASSED] - verifyElementPropertyValue(getResponse, "groups[0].pricingPlans[0].visualElements[10].key", "duration"): Verify element property value successfully

2023-10-16 14:09:46 - [MESSAGE][PASSED] - Verify element property value successfully

2023-10-16 14:09:46 - [TEST_STEP][PASSED] - verifyElementPropertyValue(getResponse, "groups[0].pricingPlans[0].visualElements[10].value", "Mensuel"): Verify element property value successfully

2023-10-16 14:09:46 - [MESSAGE][PASSED] - Verify element property value successfully

2023-10-16 14:09:46 - [TEST_STEP][PASSED] - verifyElementPropertyValue(getResponse, "groups[0].pricingPlans[0].visualElements[11].key", "featured_tag_text"): Verify element property value successfully

2023-10-16 14:09:46 - [MESSAGE][PASSED] - Verify element property value successfully

2023-10-16 14:09:46 - [TEST_STEP][PASSED] - verifyElementPropertyValue(getResponse, "groups[0].pricingPlans[0].visualElements[11].value", "Le plus populaire"): Verify element property value successfully

2023-10-16 14:09:47 - [MESSAGE][PASSED] - Verify element property value successfully

2023-10-16 14:09:47 - [TEST_STEP][PASSED] - verifyElementPropertyValue(getResponse, "groups[0].pricingPlans[0].order", "3"): Verify element property value successfully

2023-10-16 14:09:47 - [MESSAGE][PASSED] - Verify element property value successfully

2023-10-16 14:09:47 - [TEST_STEP][PASSED] - verifyElementPropertyValue(getResponse, "groups[0].pricingPlans[0].period", "monthly"): Verify element property value successfully

2023-10-16 14:09:47 - [MESSAGE][PASSED] - Verify element property value successfully

2023-10-16 14:09:47 - [TEST_STEP][PASSED] - verifyElementPropertyValue(getResponse, "groups[0].pricingPlans[0].price", "5.69"): Verify element property value successfully

2023-10-16 14:09:47 - [MESSAGE][PASSED] - Verify element property value successfully

2023-10-16 14:09:47 - [TEST_STEP][PASSED] - verifyElementPropertyValue(getResponse, "groups[0].pricingPlans[0].currency", "KWD"): Verify element property value successfully

2023-10-16 14:09:47 - [MESSAGE][PASSED] - Verify element property value successfully

2023-10-16 14:09:47 - [TEST_STEP][PASSED] - verifyElementPropertyValue(getResponse, "groups[0].pricingPlans[0].pricingPlanData[0].productId", "KWT_B2C_SHAHID_VIP_SPORT_1M"): Verify element property value successfully

2023-10-16 14:09:47 - [MESSAGE][PASSED] - Verify element property value successfully

2023-10-16 14:09:47 - [TEST_STEP][PASSED] - verifyElementPropertyValue(getResponse, "groups[0].pricingPlans[0].pricingPlanData[0].subPricingPlanIds", "null"): Verify element property value successfully

2023-10-16 14:09:47 - [MESSAGE][PASSED] - Verify element property value successfully

2023-10-16 14:09:47 - [TEST_STEP][PASSED] - verifyElementPropertyValue(getResponse, "groups[0].pricingPlans[0].pricingPlanData[0].paymentMethod", "CREDIT_CARD"): Verify element property value successfully

2023-10-16 14:09:47 - [MESSAGE][PASSED] - Verify element property value successfully

2023-10-16 14:09:47 - [TEST_STEP][PASSED] - verifyElementPropertyValue(getResponse, "groups[0].pricingPlans[0].pricingPlanData[0].freeTrialEnabled", "false"): Verify element property value successfully

2023-10-16 14:09:47 - [MESSAGE][PASSED] - Verify element property value successfully

2023-10-16 14:09:47 - [TEST_STEP][PASSED] - verifyElementPropertyValue(getResponse, "groups[0].pricingPlans[0].pricingPlanData[0].visualElements[0].key", "title"): Verify element property value successfully

2023-10-16 14:09:47 - [MESSAGE][PASSED] - Verify element property value successfully

2023-10-16 14:09:47 - [TEST_STEP][PASSED] - verifyElementPropertyValue(getResponse, "groups[0].pricingPlans[0].pricingPlanData[0].visualElements[0].value", "Carte de crédit/débit"): Verify element property value successfully

2023-10-16 14:09:47 - [MESSAGE][PASSED] - Verify element property value successfully

2023-10-16 14:09:47 - [TEST_STEP][PASSED] - verifyElementPropertyValue(getResponse, "groups[0].pricingPlans[0].pricingPlanData[0].visualElements[1].key", "CTA_text"): Verify element property value successfully

2023-10-16 14:09:47 - [MESSAGE][PASSED] - Verify element property value successfully

2023-10-16 14:09:47 - [TEST_STEP][PASSED] - verifyElementPropertyValue(getResponse, "groups[0].pricingPlans[0].pricingPlanData[0].visualElements[1].value", "S'abonner"): Verify element property value successfully

2023-10-16 14:09:47 - [MESSAGE][PASSED] - Verify element property value successfully

2023-10-16 14:09:47 - [TEST_STEP][PASSED] - verifyElementPropertyValue(getResponse, "groups[0].pricingPlans[0].pricingPlanData[0].visualElements[2].key", "logo"): Verify element property value successfully

2023-10-16 14:09:47 - [MESSAGE][PASSED] - Verify element property value successfully

2023-10-16 14:09:47 - [TEST_STEP][PASSED] - verifyElementPropertyValue(getResponse, "groups[0].pricingPlans[0].pricingPlanData[0].visualElements[2].value", "https://static.s3.shahid.mbc.net/widget-images/icons/iconCreditCard.png"): Verify element property value successfully

2023-10-16 14:09:47 - [MESSAGE][PASSED] - Verify element property value successfully

2023-10-16 14:09:47 - [TEST_STEP][PASSED] - verifyElementPropertyValue(getResponse, "groups[0].pricingPlans[0].pricingPlanData[0].priceLabel", "5.69"): Verify element property value successfully

2023-10-16 14:09:47 - [MESSAGE][PASSED] - Verify element property value successfully

2023-10-16 14:09:47 - [TEST_STEP][PASSED] - verifyElementPropertyValue(getResponse, "groups[0].pricingPlans[0].pricingPlanData[0].currencyLabel", "KWD"): Verify element property value successfully

2023-10-16 14:09:47 - [MESSAGE][PASSED] - Verify element property value successfully

2023-10-16 14:09:47 - [TEST_STEP][PASSED] - verifyElementPropertyValue(getResponse, "groups[0].pricingPlans[2].featured", "false"): Verify element property value successfully

2023-10-16 14:09:47 - [MESSAGE][PASSED] - Verify element property value successfully

2023-10-16 14:09:47 - [TEST_STEP][PASSED] - verifyElementPropertyValue(getResponse, "groups[0].pricingPlans[2].packageId", "SHAHID_VIP_SPORT"): Verify element property value successfully

2023-10-16 14:09:47 - [MESSAGE][PASSED] - Verify element property value successfully

2023-10-16 14:09:47 - [TEST_STEP][PASSED] - verifyElementPropertyValue(getResponse, "groups[0].pricingPlans[2].catalogId", "SPORT"): Verify element property value successfully

2023-10-16 14:09:47 - [MESSAGE][PASSED] - Verify element property value successfully

2023-10-16 14:09:47 - [TEST_STEP][PASSED] - verifyElementPropertyValue(getResponse, "groups[0].pricingPlans[2].visualElements[0].key", "Header_1_text"): Verify element property value successfully

2023-10-16 14:09:47 - [MESSAGE][PASSED] - Verify element property value successfully

2023-10-16 14:09:47 - [TEST_STEP][PASSED] - verifyElementPropertyValue(getResponse, "groups[0].pricingPlans[2].visualElements[0].value", "Abonnez-vous dès maintenant et profitez de vos programmes sans publicité"): Verify element property value successfully

2023-10-16 14:09:47 - [MESSAGE][PASSED] - Verify element property value successfully

2023-10-16 14:09:47 - [TEST_STEP][PASSED] - verifyElementPropertyValue(getResponse, "groups[0].pricingPlans[2].visualElements[1].key", "display_title"): Verify element property value successfully

2023-10-16 14:09:47 - [MESSAGE][PASSED] - Verify element property value successfully

2023-10-16 14:09:47 - [TEST_STEP][FAILED] - verifyElementPropertyValue(getResponse, "groups[0].pricingPlans[2].visualElements[1].value", "Plan Annuel "): Expected element property value 'Plan Annuel ' is not equal with actual property value 'Plan Annuel ​'

2023-10-16 14:09:47 - [MESSAGE][FAILED] - Expected element property value 'Plan Annuel ' is not equal with actual property value 'Plan Annuel ​'

2023-10-16 14:09:47 - [TEST_STEP][PASSED] - verifyElementPropertyValue(getResponse, "groups[0].pricingPlans[2].visualElements[2].key", "tag_text"): Verify element property value successfully

2023-10-16 14:09:47 - [MESSAGE][PASSED] - Verify element property value successfully

2023-10-16 14:09:47 - [TEST_STEP][PASSED] - verifyElementPropertyValue(getResponse, "groups[0].pricingPlans[2].visualElements[2].value", "Économisez 17%"): Verify element property value successfully

2023-10-16 14:09:47 - [MESSAGE][PASSED] - Verify element property value successfully

2023-10-16 14:09:47 - [TEST_STEP][PASSED] - verifyElementPropertyValue(getResponse, "groups[0].pricingPlans[2].visualElements[3].key", "promo_text"): Verify element property value successfully

2023-10-16 14:09:47 - [MESSAGE][PASSED] - Verify element property value successfully

2023-10-16 14:09:47 - [TEST_STEP][PASSED] - verifyElementPropertyValue(getResponse, "groups[0].pricingPlans[2].visualElements[3].value", "4.74 KWD/ mois"): Verify element property value successfully

2023-10-16 14:09:47 - [MESSAGE][PASSED] - Verify element property value successfully

2023-10-16 14:09:47 - [TEST_STEP][PASSED] - verifyElementPropertyValue(getResponse, "groups[0].pricingPlans[2].visualElements[4].key", "deduction_text"): Verify element property value successfully

2023-10-16 14:09:47 - [MESSAGE][PASSED] - Verify element property value successfully

2023-10-16 14:09:47 - [TEST_STEP][PASSED] - verifyElementPropertyValue(getResponse, "groups[0].pricingPlans[2].visualElements[4].value", "56.99 KWD facturés chaque année"): Verify element property value successfully

2023-10-16 14:09:47 - [MESSAGE][PASSED] - Verify element property value successfully

2023-10-16 14:09:47 - [TEST_STEP][PASSED] - verifyElementPropertyValue(getResponse, "groups[0].pricingPlans[2].visualElements[7].key", "show_payment_logo"): Verify element property value successfully

2023-10-16 14:09:47 - [MESSAGE][PASSED] - Verify element property value successfully

2023-10-16 14:09:47 - [TEST_STEP][PASSED] - verifyElementPropertyValue(getResponse, "groups[0].pricingPlans[2].visualElements[7].value", "true"): Verify element property value successfully

2023-10-16 14:09:47 - [MESSAGE][PASSED] - Verify element property value successfully

2023-10-16 14:09:47 - [TEST_STEP][PASSED] - verifyElementPropertyValue(getResponse, "groups[0].pricingPlans[2].visualElements[8].key", "show_tag"): Verify element property value successfully

2023-10-16 14:09:47 - [MESSAGE][PASSED] - Verify element property value successfully

2023-10-16 14:09:47 - [TEST_STEP][PASSED] - verifyElementPropertyValue(getResponse, "groups[0].pricingPlans[2].visualElements[8].value", "true"): Verify element property value successfully

2023-10-16 14:09:47 - [MESSAGE][PASSED] - Verify element property value successfully

2023-10-16 14:09:47 - [TEST_STEP][PASSED] - verifyElementPropertyValue(getResponse, "groups[0].pricingPlans[2].visualElements[10].key", "price"): Verify element property value successfully

2023-10-16 14:09:47 - [MESSAGE][PASSED] - Verify element property value successfully

2023-10-16 14:09:47 - [TEST_STEP][PASSED] - verifyElementPropertyValue(getResponse, "groups[0].pricingPlans[2].visualElements[10].value", "56.99"): Verify element property value successfully

2023-10-16 14:09:47 - [MESSAGE][PASSED] - Verify element property value successfully

2023-10-16 14:09:47 - [TEST_STEP][PASSED] - verifyElementPropertyValue(getResponse, "groups[0].pricingPlans[2].visualElements[11].key", "currency"): Verify element property value successfully

2023-10-16 14:09:47 - [MESSAGE][PASSED] - Verify element property value successfully

2023-10-16 14:09:47 - [TEST_STEP][PASSED] - verifyElementPropertyValue(getResponse, "groups[0].pricingPlans[2].visualElements[11].value", "KWD"): Verify element property value successfully

2023-10-16 14:09:47 - [MESSAGE][PASSED] - Verify element property value successfully

2023-10-16 14:09:47 - [TEST_STEP][PASSED] - verifyElementPropertyValue(getResponse, "groups[0].pricingPlans[2].visualElements[12].key", "duration"): Verify element property value successfully

2023-10-16 14:09:47 - [MESSAGE][PASSED] - Verify element property value successfully

2023-10-16 14:09:47 - [TEST_STEP][PASSED] - verifyElementPropertyValue(getResponse, "groups[0].pricingPlans[2].visualElements[12].value", "Annuel"): Verify element property value successfully

2023-10-16 14:09:47 - [MESSAGE][PASSED] - Verify element property value successfully

2023-10-16 14:09:47 - [TEST_STEP][PASSED] - verifyElementPropertyValue(getResponse, "groups[0].pricingPlans[2].order", "5"): Verify element property value successfully

2023-10-16 14:09:47 - [MESSAGE][PASSED] - Verify element property value successfully

2023-10-16 14:09:47 - [TEST_STEP][PASSED] - verifyElementPropertyValue(getResponse, "groups[0].pricingPlans[2].period", "yearly"): Verify element property value successfully

2023-10-16 14:09:47 - [MESSAGE][PASSED] - Verify element property value successfully

2023-10-16 14:09:47 - [TEST_STEP][PASSED] - verifyElementPropertyValue(getResponse, "groups[0].pricingPlans[2].price", "56.99"): Verify element property value successfully

2023-10-16 14:09:47 - [MESSAGE][PASSED] - Verify element property value successfully

2023-10-16 14:09:47 - [TEST_STEP][PASSED] - verifyElementPropertyValue(getResponse, "groups[0].pricingPlans[2].currency", "KWD"): Verify element property value successfully

2023-10-16 14:09:47 - [MESSAGE][PASSED] - Verify element property value successfully

2023-10-16 14:09:47 - [TEST_STEP][PASSED] - verifyElementPropertyValue(getResponse, "groups[0].pricingPlans[2].pricingPlanData[0].productId", "KWT_B2C_SHAHID_VIP_SPORT_12M"): Verify element property value successfully

2023-10-16 14:09:47 - [MESSAGE][PASSED] - Verify element property value successfully

2023-10-16 14:09:47 - [TEST_STEP][PASSED] - verifyElementPropertyValue(getResponse, "groups[0].pricingPlans[2].pricingPlanData[0].subPricingPlanIds", "null"): Verify element property value successfully

2023-10-16 14:09:47 - [MESSAGE][PASSED] - Verify element property value successfully

2023-10-16 14:09:47 - [TEST_STEP][PASSED] - verifyElementPropertyValue(getResponse, "groups[0].pricingPlans[2].pricingPlanData[0].paymentMethod", "CREDIT_CARD"): Verify element property value successfully

2023-10-16 14:09:47 - [MESSAGE][PASSED] - Verify element property value successfully

2023-10-16 14:09:47 - [TEST_STEP][PASSED] - verifyElementPropertyValue(getResponse, "groups[0].pricingPlans[2].pricingPlanData[0].freeTrialEnabled", "false"): Verify element property value successfully

2023-10-16 14:09:47 - [MESSAGE][PASSED] - Verify element property value successfully

2023-10-16 14:09:47 - [TEST_STEP][PASSED] - verifyElementPropertyValue(getResponse, "groups[0].pricingPlans[2].pricingPlanData[0].visualElements[0].key", "title"): Verify element property value successfully

2023-10-16 14:09:47 - [MESSAGE][PASSED] - Verify element property value successfully

2023-10-16 14:09:47 - [TEST_STEP][PASSED] - verifyElementPropertyValue(getResponse, "groups[0].pricingPlans[2].pricingPlanData[0].visualElements[0].value", "Carte de crédit/débit"): Verify element property value successfully

2023-10-16 14:09:47 - [MESSAGE][PASSED] - Verify element property value successfully

2023-10-16 14:09:47 - [TEST_STEP][PASSED] - verifyElementPropertyValue(getResponse, "groups[0].pricingPlans[2].pricingPlanData[0].visualElements[1].key", "CTA_text"): Verify element property value successfully

2023-10-16 14:09:47 - [MESSAGE][PASSED] - Verify element property value successfully

2023-10-16 14:09:47 - [TEST_STEP][PASSED] - verifyElementPropertyValue(getResponse, "groups[0].pricingPlans[2].pricingPlanData[0].visualElements[1].value", "S'abonner"): Verify element property value successfully

2023-10-16 14:09:47 - [MESSAGE][PASSED] - Verify element property value successfully

2023-10-16 14:09:47 - [TEST_STEP][PASSED] - verifyElementPropertyValue(getResponse, "groups[0].pricingPlans[2].pricingPlanData[0].visualElements[2].key", "logo"): Verify element property value successfully

2023-10-16 14:09:47 - [MESSAGE][PASSED] - Verify element property value successfully

2023-10-16 14:09:47 - [TEST_STEP][PASSED] - verifyElementPropertyValue(getResponse, "groups[0].pricingPlans[2].pricingPlanData[0].visualElements[2].value", "https://static.s3.shahid.mbc.net/widget-images/icons/iconCreditCard.png"): Verify element property value successfully

2023-10-16 14:09:47 - [MESSAGE][PASSED] - Verify element property value successfully

2023-10-16 14:09:47 - [TEST_STEP][PASSED] - verifyElementPropertyValue(getResponse, "groups[0].pricingPlans[2].pricingPlanData[0].priceLabel", "56.99"): Verify element property value successfully

2023-10-16 14:09:47 - [MESSAGE][PASSED] - Verify element property value successfully

2023-10-16 14:09:47 - [TEST_STEP][PASSED] - verifyElementPropertyValue(getResponse, "groups[0].pricingPlans[2].pricingPlanData[0].currencyLabel", "KWD"): Verify element property value successfully

2023-10-16 14:09:47 - [MESSAGE][PASSED] - Verify element property value successfully

2023-10-16 14:09:47 - [TEST_STEP][PASSED] - verifyElementPropertyValue(getResponse, "groups[0].pricingPlans[2].pricingPlanData[0].allowedForAcquisition", "true"): Verify element property value successfully

2023-10-16 14:09:47 - [MESSAGE][PASSED] - Verify element property value successfully

2023-10-16 14:09:47 - [TEST_STEP][PASSED] - verifyElementPropertyValue(getResponse, "groups[0].pricingPlans[2].pricingPlanData[0].showIn[0]", "VERTICAL_MODE"): Verify element property value successfully

2023-10-16 14:09:47 - [MESSAGE][PASSED] - Verify element property value successfully

2023-10-16 14:09:47 - [TEST_STEP][PASSED] - verifyElementPropertyValue(getResponse, "groups[0].pricingPlans[2].pricingPlanData[0].showIn[1]", "HORIZONTAL_MODE"): Verify element property value successfully

2023-10-16 14:09:47 - [MESSAGE][PASSED] - Verify element property value successfully

2023-10-16 14:09:47 - [TEST_STEP][PASSED] - verifyElementPropertyValue(getResponse, "visualElements[0].key", "main_CTA_text_1"): Verify element property value successfully

2023-10-16 14:09:47 - [MESSAGE][PASSED] - Verify element property value successfully

2023-10-16 14:09:47 - [TEST_STEP][PASSED] - verifyElementPropertyValue(getResponse, "visualElements[0].value", "Abonnez-vous dès maintenant et profitez de vos programmes sans publicité"): Verify element property value successfully

2023-10-16 14:09:47 - [MESSAGE][PASSED] - Verify element property value successfully

2023-10-16 14:09:47 - [TEST_STEP][PASSED] - verifyElementPropertyValue(getResponse, "visualElements[2].key", "main_disclaimer_text"): Verify element property value successfully

2023-10-16 14:09:47 - [MESSAGE][PASSED] - Verify element property value successfully

2023-10-16 14:09:47 - [TEST_STEP][PASSED] - verifyElementPropertyValue(getResponse, "visualElements[2].value", "Les frais d'abonnement peuvent varier selon le pays, le moyen de paiement, le forfait, les taxes, les taux de change et les frais bancaires. Les conditions générales d'utilisation s'appliquent."): Verify element property value successfully

2023-10-16 14:09:47 - [MESSAGE][PASSED] - Verify element property value successfully

2023-10-16 14:09:47 - [TEST_STEP][PASSED] - verifyElementPropertyValue(getResponse, "visualElements[4].key", "display_type"): Verify element property value successfully

2023-10-16 14:09:47 - [MESSAGE][PASSED] - Verify element property value successfully

2023-10-16 14:09:47 - [TEST_STEP][PASSED] - verifyElementPropertyValue(getResponse, "visualElements[4].value", "vertical"): Verify element property value successfully

2023-10-16 14:09:47 - [MESSAGE][PASSED] - Verify element property value successfully

2023-10-16 14:09:47 - [TEST_STEP][PASSED] - verifyElementPropertyValue(getResponse, "pages[0].visualElements[0].key", "alternative_payment_title"): Verify element property value successfully

2023-10-16 14:09:47 - [MESSAGE][PASSED] - Verify element property value successfully

2023-10-16 14:09:47 - [TEST_STEP][PASSED] - verifyElementPropertyValue(getResponse, "pages[0].visualElements[0].value", "Ou choisissez l'un des autres moyens de paiement suivants"): Verify element property value successfully

2023-10-16 14:09:47 - [MESSAGE][PASSED] - Verify element property value successfully

2023-10-16 14:09:47 - [TEST_STEP][PASSED] - verifyElementPropertyValue(getResponse, "pages[0].visualElements[1].key", "label_text"): Verify element property value successfully

2023-10-16 14:09:47 - [MESSAGE][PASSED] - Verify element property value successfully

2023-10-16 14:09:47 - [TEST_STEP][PASSED] - verifyElementPropertyValue(getResponse, "pages[0].visualElements[1].value", "Autres moyens de paiement"): Verify element property value successfully

2023-10-16 14:09:47 - [MESSAGE][PASSED] - Verify element property value successfully

2023-10-16 14:09:47 - [TEST_STEP][PASSED] - verifyElementPropertyValue(getResponse, "pages[0].visualElements[3].key", "CTA_text"): Verify element property value successfully

2023-10-16 14:09:47 - [MESSAGE][PASSED] - Verify element property value successfully

2023-10-16 14:09:47 - [TEST_STEP][PASSED] - verifyElementPropertyValue(getResponse, "pages[0].visualElements[3].value", "Cliquez ici"): Verify element property value successfully

2023-10-16 14:09:47 - [MESSAGE][PASSED] - Verify element property value successfully

2023-10-16 14:09:47 - [TEST_STEP][PASSED] - verifyElementPropertyValue(getResponse, "pages[0].visualElements[4].key", "main_title"): Verify element property value successfully

2023-10-16 14:09:47 - [MESSAGE][PASSED] - Verify element property value successfully

2023-10-16 14:09:47 - [TEST_STEP][PASSED] - verifyElementPropertyValue(getResponse, "pages[0].visualElements[4].value", "Autres moyens de paiement"): Verify element property value successfully

2023-10-16 14:09:47 - [MESSAGE][PASSED] - Verify element property value successfully

2023-10-16 14:09:47 - [TEST_STEP][PASSED] - verifyElementPropertyValue(getResponse, "pages[0].visualElements[6].key", "alternative_payment_methods"): Verify element property value successfully

2023-10-16 14:09:47 - [MESSAGE][PASSED] - Verify element property value successfully

2023-10-16 14:09:47 - [TEST_STEP][PASSED] - verifyElementPropertyValue(getResponse, "pages[0].visualElements[6].value", "Vous pouvez vous procurer un code promo Shahid auprès de l'un des points de vente suivants"): Verify element property value successfully

2023-10-16 14:09:47 - [MESSAGE][PASSED] - Verify element property value successfully

2023-10-16 14:09:47 - [TEST_STEP][PASSED] - verifyElementPropertyValue(getResponse, "partners[0].name", "OG Money"): Verify element property value successfully

2023-10-16 14:09:47 - [MESSAGE][PASSED] - Verify element property value successfully

2023-10-16 14:09:47 - [TEST_STEP][PASSED] - verifyElementPropertyValue(getResponse, "partners[0].link", "https://ogmoney.store/product/shahid-vip/"): Verify element property value successfully

2023-10-16 14:09:47 - [MESSAGE][PASSED] - Verify element property value successfully

2023-10-16 14:09:47 - [TEST_STEP][PASSED] - verifyElementPropertyValue(getResponse, "partners[0].logo", "https://shahid-static.s3.amazonaws.com/widget-images/logos/og_logo.svg"): Verify element property value successfully

2023-10-16 14:09:47 - [MESSAGE][PASSED] - Verify element property value successfully

2023-10-16 14:09:47 - [TEST_STEP][PASSED] - verifyElementPropertyValue(getResponse, "partners[0].visible", "true"): Verify element property value successfully

2023-10-16 14:09:47 - [MESSAGE][PASSED] - Verify element property value successfully

2023-10-16 14:09:47 - [TEST_STEP][PASSED] - verifyElementPropertyValue(getResponse, "partners[0].visualElements[0].key", "text"): Verify element property value successfully

2023-10-16 14:09:47 - [MESSAGE][PASSED] - Verify element property value successfully

2023-10-16 14:09:47 - [TEST_STEP][PASSED] - verifyElementPropertyValue(getResponse, "partners[0].visualElements[0].value", "Plus d’informations"): Verify element property value successfully

2023-10-16 14:09:47 - [MESSAGE][PASSED] - Verify element property value successfully

2023-10-16 14:09:47 - [TEST_STEP][PASSED] - verifyElementPropertyValue(getResponse, "partners[1].name", "Sheeel.com"): Verify element property value successfully

2023-10-16 14:09:47 - [MESSAGE][PASSED] - Verify element property value successfully

2023-10-16 14:09:47 - [TEST_STEP][PASSED] - verifyElementPropertyValue(getResponse, "partners[1].link", "https://www.sheeel.com/mobiles-recharge-cards/instant-prepaid-cards/pay-only-kwd5-5-on-3-months-shahid-subscription.html"): Verify element property value successfully

2023-10-16 14:09:47 - [MESSAGE][PASSED] - Verify element property value successfully

2023-10-16 14:09:47 - [TEST_STEP][PASSED] - verifyElementPropertyValue(getResponse, "partners[1].logo", "https://static.s3.shahid.mbc.net/widget-images/logos/Sheeel-com@2x.png"): Verify element property value successfully

2023-10-16 14:09:47 - [MESSAGE][PASSED] - Verify element property value successfully

2023-10-16 14:09:47 - [TEST_STEP][PASSED] - verifyElementPropertyValue(getResponse, "partners[1].visible", "true"): Verify element property value successfully

2023-10-16 14:09:47 - [MESSAGE][PASSED] - Verify element property value successfully

2023-10-16 14:09:47 - [TEST_STEP][PASSED] - verifyElementPropertyValue(getResponse, "partners[1].visualElements[0].key", "text"): Verify element property value successfully

2023-10-16 14:09:47 - [MESSAGE][PASSED] - Verify element property value successfully

2023-10-16 14:09:47 - [TEST_STEP][PASSED] - verifyElementPropertyValue(getResponse, "partners[1].visualElements[0].value", "Plus d’informations"): Verify element property value successfully

2023-10-16 14:09:47 - [MESSAGE][PASSED] - Verify element property value successfully

2023-10-16 14:09:47 - [TEST_STEP][PASSED] - verifyElementPropertyValue(getResponse, "partners[2].name", "Like Card"): Verify element property value successfully

2023-10-16 14:09:47 - [MESSAGE][PASSED] - Verify element property value successfully

2023-10-16 14:09:47 - [TEST_STEP][PASSED] - verifyElementPropertyValue(getResponse, "partners[2].link", "https://like4card.com/All-Shahid_VIP?country_id=16"): Verify element property value successfully

2023-10-16 14:09:47 - [MESSAGE][PASSED] - Verify element property value successfully

2023-10-16 14:09:47 - [TEST_STEP][PASSED] - verifyElementPropertyValue(getResponse, "partners[2].logo", "https://static.s3.shahid.mbc.net/widget-images/logos/likecard@2x.png"): Verify element property value successfully

2023-10-16 14:09:47 - [MESSAGE][PASSED] - Verify element property value successfully

2023-10-16 14:09:47 - [TEST_STEP][PASSED] - verifyElementPropertyValue(getResponse, "partners[2].visible", "true"): Verify element property value successfully

2023-10-16 14:09:47 - [MESSAGE][PASSED] - Verify element property value successfully

2023-10-16 14:09:47 - [TEST_STEP][PASSED] - verifyElementPropertyValue(getResponse, "partners[2].visualElements[0].key", "text"): Verify element property value successfully

2023-10-16 14:09:47 - [MESSAGE][PASSED] - Verify element property value successfully

2023-10-16 14:09:47 - [TEST_STEP][PASSED] - verifyElementPropertyValue(getResponse, "partners[2].visualElements[0].value", "Plus d’informations"): Verify element property value successfully

2023-10-16 14:09:47 - [MESSAGE][PASSED] - Verify element property value successfully

2023-10-16 14:09:47 - [TEST_STEP][PASSED] - verifyElementPropertyValue(getResponse, "partners[3].name", "ENET"): Verify element property value successfully

2023-10-16 14:09:47 - [MESSAGE][PASSED] - Verify element property value successfully

2023-10-16 14:09:47 - [TEST_STEP][PASSED] - verifyElementPropertyValue(getResponse, "partners[3].link", "http://e.net.kw/eNet/Navigate?language=en-US&viewName=KioskLocations"): Verify element property value successfully

2023-10-16 14:09:47 - [MESSAGE][PASSED] - Verify element property value successfully

2023-10-16 14:09:47 - [TEST_STEP][PASSED] - verifyElementPropertyValue(getResponse, "partners[3].logo", "https://static.s3.shahid.mbc.net/widget-images/logos/enet@2x.png"): Verify element property value successfully

2023-10-16 14:09:47 - [MESSAGE][PASSED] - Verify element property value successfully

2023-10-16 14:09:47 - [TEST_STEP][PASSED] - verifyElementPropertyValue(getResponse, "partners[3].visible", "true"): Verify element property value successfully

2023-10-16 14:09:47 - [MESSAGE][PASSED] - Verify element property value successfully

2023-10-16 14:09:47 - [TEST_STEP][PASSED] - verifyElementPropertyValue(getResponse, "partners[3].visualElements[0].key", "text"): Verify element property value successfully

2023-10-16 14:09:47 - [MESSAGE][PASSED] - Verify element property value successfully

2023-10-16 14:09:47 - [TEST_STEP][PASSED] - verifyElementPropertyValue(getResponse, "partners[3].visualElements[0].value", "Plus d’informations"): Verify element property value successfully

2023-10-16 14:09:47 - [MESSAGE][PASSED] - Verify element property value successfully

2023-10-16 14:09:47 - [TEST_STEP][PASSED] - verifyElementPropertyValue(getResponse, "partners[4].name", "You Got a Gift"): Verify element property value successfully

2023-10-16 14:09:47 - [MESSAGE][PASSED] - Verify element property value successfully

2023-10-16 14:09:47 - [TEST_STEP][PASSED] - verifyElementPropertyValue(getResponse, "partners[4].link", "https://yougotagift.com/kuwait/gift-card/shahid-vip-gift-card-kw/"): Verify element property value successfully

2023-10-16 14:09:47 - [MESSAGE][PASSED] - Verify element property value successfully

2023-10-16 14:09:47 - [TEST_STEP][PASSED] - verifyElementPropertyValue(getResponse, "partners[4].logo", "https://shahid-static.s3.us-east-1.amazonaws.com/widget-images/logos/you-gota-gift.svg"): Verify element property value successfully

2023-10-16 14:09:47 - [MESSAGE][PASSED] - Verify element property value successfully

2023-10-16 14:09:47 - [TEST_STEP][PASSED] - verifyElementPropertyValue(getResponse, "partners[4].visible", "true"): Verify element property value successfully

2023-10-16 14:09:47 - [MESSAGE][PASSED] - Verify element property value successfully

2023-10-16 14:09:47 - [TEST_STEP][PASSED] - verifyElementPropertyValue(getResponse, "partners[4].visualElements[0].key", "text"): Verify element property value successfully

2023-10-16 14:09:47 - [MESSAGE][PASSED] - Verify element property value successfully

2023-10-16 14:09:47 - [TEST_STEP][PASSED] - verifyElementPropertyValue(getResponse, "partners[4].visualElements[0].value", "Plus d’informations"): Verify element property value successfully

2023-10-16 14:09:47 - [MESSAGE][PASSED] - Verify element property value successfully

2023-10-16 14:09:47 - [TEST_STEP][PASSED] - verifyElementPropertyValue(getResponse, "partners[5].name", "Jarir"): Verify element property value successfully

2023-10-16 14:09:47 - [MESSAGE][PASSED] - Verify element property value successfully

2023-10-16 14:09:47 - [TEST_STEP][PASSED] - verifyElementPropertyValue(getResponse, "partners[5].link", "https://www.jarir.com/kw-en/catalogsearch/result?search=Shahid"): Verify element property value successfully

2023-10-16 14:09:47 - [MESSAGE][PASSED] - Verify element property value successfully

2023-10-16 14:09:47 - [TEST_STEP][PASSED] - verifyElementPropertyValue(getResponse, "partners[5].logo", "https://shahid-static.s3.amazonaws.com/widget-images/logos/Logo_Jarir+(2).png"): Verify element property value successfully

2023-10-16 14:09:47 - [MESSAGE][PASSED] - Verify element property value successfully

2023-10-16 14:09:47 - [TEST_STEP][PASSED] - verifyElementPropertyValue(getResponse, "partners[5].visible", "true"): Verify element property value successfully

2023-10-16 14:09:47 - [MESSAGE][PASSED] - Verify element property value successfully

2023-10-16 14:09:47 - [TEST_STEP][PASSED] - verifyElementPropertyValue(getResponse, "partners[5].visualElements[0].key", "text"): Verify element property value successfully

2023-10-16 14:09:47 - [MESSAGE][PASSED] - Verify element property value successfully

2023-10-16 14:09:47 - [TEST_STEP][PASSED] - verifyElementPropertyValue(getResponse, "partners[5].visualElements[0].value", "Plus d’informations"): Verify element property value successfully

2023-10-16 14:09:47 - [MESSAGE][PASSED] - Verify element property value successfully

2023-10-16 14:09:47 - [TEST_STEP][PASSED] - verifyElementPropertyValue(getResponse, "partners[6].name", "Razer Online"): Verify element property value successfully

2023-10-16 14:09:47 - [MESSAGE][PASSED] - Verify element property value successfully

2023-10-16 14:09:47 - [TEST_STEP][PASSED] - verifyElementPropertyValue(getResponse, "partners[6].link", "https://gold.razer.com/global/en/gold/catalog/shahid-vip"): Verify element property value successfully

2023-10-16 14:09:47 - [MESSAGE][PASSED] - Verify element property value successfully

2023-10-16 14:09:47 - [TEST_STEP][PASSED] - verifyElementPropertyValue(getResponse, "partners[6].logo", "https://shahid-static.s3.amazonaws.com/widget-images/logos/Coin_RZR%20Gold_Black.png"): Verify element property value successfully

2023-10-16 14:09:47 - [MESSAGE][PASSED] - Verify element property value successfully

2023-10-16 14:09:47 - [TEST_STEP][PASSED] - verifyElementPropertyValue(getResponse, "partners[6].visible", "true"): Verify element property value successfully

2023-10-16 14:09:47 - [MESSAGE][PASSED] - Verify element property value successfully

2023-10-16 14:09:47 - [TEST_STEP][PASSED] - verifyElementPropertyValue(getResponse, "partners[6].visualElements[0].key", "text"): Verify element property value successfully

2023-10-16 14:09:47 - [MESSAGE][PASSED] - Verify element property value successfully

2023-10-16 14:09:47 - [TEST_STEP][PASSED] - verifyElementPropertyValue(getResponse, "partners[6].visualElements[0].value", "Plus d’informations"): Verify element property value successfully

2023-10-16 14:09:47 - [MESSAGE][PASSED] - Verify element property value successfully

2023-10-16 14:09:47 - [TEST_STEP][PASSED] - verifyElementPropertyValue(getResponse, "defaultPackageId", "SHAHID_VIP"): Verify element property value successfully

2023-10-16 14:09:47 - [MESSAGE][PASSED] - Verify element property value successfully]]></system-out>
         <system-err><![CDATA[2023-10-16 14:09:45 - [TEST_CASE][FAILED] - Test Cases/WEB - CHROME/KWT PI/WEB_FR_getSubscriptionConfigForKWT_SPORT: Test Cases/WEB - CHROME/KWT PI/WEB_FR_getSubscriptionConfigForKWT_SPORT FAILED.
Reason:
com.kms.katalon.core.exception.StepFailedException: Expected element property value 'Plan Annuel ' is not equal with actual property value 'Plan Annuel ​'
	at com.kms.katalon.core.keyword.internal.KeywordMain.stepFailed(KeywordMain.groovy:39)
	at com.kms.katalon.core.webservice.keyword.builtin.VerifyElementPropertyValueKeyword$_verifyElementPropertyValue_closure1.doCall(VerifyElementPropertyValueKeyword.groovy:56)
	at com.kms.katalon.core.webservice.keyword.builtin.VerifyElementPropertyValueKeyword$_verifyElementPropertyValue_closure1.call(VerifyElementPropertyValueKeyword.groovy)
	at com.kms.katalon.core.keyword.internal.KeywordMain.runKeyword(KeywordMain.groovy:75)
	at com.kms.katalon.core.webservice.keyword.builtin.VerifyElementPropertyValueKeyword.verifyElementPropertyValue(VerifyElementPropertyValueKeyword.groovy:48)
	at com.kms.katalon.core.webservice.keyword.builtin.VerifyElementPropertyValueKeyword.execute(VerifyElementPropertyValueKeyword.groovy:43)
	at com.kms.katalon.core.keyword.internal.KeywordExecutor.executeKeywordForPlatform(KeywordExecutor.groovy:74)
	at com.kms.katalon.core.webservice.keyword.WSBuiltInKeywords.verifyElementPropertyValue(WSBuiltInKeywords.groovy:190)
	at com.kms.katalon.core.webservice.keyword.WSBuiltInKeywords$verifyElementPropertyValue$1.call(Unknown Source)
	at WEB_FR_getSubscriptionConfigForKWT_SPORT.run(WEB_FR_getSubscriptionConfigForKWT_SPORT:104)
	at com.kms.katalon.core.main.ScriptEngine.run(ScriptEngine.java:194)
	at com.kms.katalon.core.main.ScriptEngine.runScriptAsRawText(ScriptEngine.java:119)
	at com.kms.katalon.core.main.TestCaseExecutor.runScript(TestCaseExecutor.java:448)
	at com.kms.katalon.core.main.TestCaseExecutor.doExecute(TestCaseExecutor.java:439)
	at com.kms.katalon.core.main.TestCaseExecutor.processExecutionPhase(TestCaseExecutor.java:418)
	at com.kms.katalon.core.main.TestCaseExecutor.accessMainPhase(TestCaseExecutor.java:410)
	at com.kms.katalon.core.main.TestCaseExecutor.execute(TestCaseExecutor.java:285)
	at com.kms.katalon.core.common.CommonExecutor.accessTestCaseMainPhase(CommonExecutor.java:65)
	at com.kms.katalon.core.main.TestSuiteExecutor.accessTestSuiteMainPhase(TestSuiteExecutor.java:148)
	at com.kms.katalon.core.main.TestSuiteExecutor.execute(TestSuiteExecutor.java:106)
	at com.kms.katalon.core.main.TestCaseMain.startTestSuite(TestCaseMain.java:187)
	at com.kms.katalon.core.main.TestCaseMain$startTestSuite$0.call(Unknown Source)
	at TempTestSuite1697454199331.run(TempTestSuite1697454199331.groovy:36)]]></system-err>
      </testcase>
      <testcase name="Test Cases/WEB - CHROME/KWT PI/WEB_AR_getOffersForKWT_SPORT" time="3.984" classname="Test Cases/WEB - CHROME/KWT PI/WEB_AR_getOffersForKWT_SPORT" status="PASSED">
         <system-out><![CDATA[2023-10-16 14:09:47 - [TEST_CASE][PASSED] - Test Cases/WEB - CHROME/KWT PI/WEB_AR_getOffersForKWT_SPORT: Test Cases/WEB - CHROME/KWT PI/WEB_AR_getOffersForKWT_SPORT

2023-10-16 14:09:48 - [TEST_STEP][PASSED] - getResponse = config_files.getConfigFile.getConfig("WEB", "AR", "SHAHID_VIP_SPORT", "KW", "false"): config_files.getConfigFile.getConfig is PASSED

2023-10-16 14:09:49 - [MESSAGE][INFO] - HAR: /Users/admin/git/shahid-configuration/Reports/20231016_140310/WEB/KWT/20231016_140319/requests/main/4.har

2023-10-16 14:09:49 - [MESSAGE][PASSED] - Send request successfully

2023-10-16 14:09:49 - [MESSAGE][PASSED] - config_files.getConfigFile.getConfig is PASSED

2023-10-16 14:09:49 - [TEST_STEP][PASSED] - verifyResponseStatusCode(getResponse, 200): Verify response status code successfully

2023-10-16 14:09:49 - [MESSAGE][PASSED] - Verify response status code successfully

2023-10-16 14:09:49 - [TEST_STEP][PASSED] - verifyElementPropertyValue(getResponse, "country", "KWT"): Verify element property value successfully

2023-10-16 14:09:49 - [MESSAGE][PASSED] - Verify element property value successfully

2023-10-16 14:09:49 - [TEST_STEP][PASSED] - verifyElementPropertyValue(getResponse, "platform", "[WEB]"): Verify element property value successfully

2023-10-16 14:09:49 - [MESSAGE][PASSED] - Verify element property value successfully

2023-10-16 14:09:49 - [TEST_STEP][PASSED] - verifyElementPropertyValue(getResponse, "offers[5].offerId", "winback-sport-30-offer"): Verify element property value successfully

2023-10-16 14:09:49 - [MESSAGE][PASSED] - Verify element property value successfully

2023-10-16 14:09:49 - [TEST_STEP][PASSED] - verifyElementPropertyValue(getResponse, "offers[5].offerParam", "sportsoffer30"): Verify element property value successfully

2023-10-16 14:09:49 - [MESSAGE][PASSED] - Verify element property value successfully

2023-10-16 14:09:49 - [TEST_STEP][PASSED] - verifyElementPropertyValue(getResponse, "offers[5].groups[0].pricingPlans[0].featured", "true"): Verify element property value successfully

2023-10-16 14:09:49 - [MESSAGE][PASSED] - Verify element property value successfully

2023-10-16 14:09:49 - [TEST_STEP][PASSED] - verifyElementPropertyValue(getResponse, "offers[5].groups[0].pricingPlans[0].period", "monthly"): Verify element property value successfully

2023-10-16 14:09:49 - [MESSAGE][PASSED] - Verify element property value successfully

2023-10-16 14:09:49 - [TEST_STEP][PASSED] - verifyElementPropertyValue(getResponse, "offers[5].groups[0].pricingPlans[0].featured", "true"): Verify element property value successfully

2023-10-16 14:09:49 - [MESSAGE][PASSED] - Verify element property value successfully

2023-10-16 14:09:49 - [TEST_STEP][PASSED] - verifyElementPropertyValue(getResponse, "offers[5].groups[0].pricingPlans[0].price", "3.99"): Verify element property value successfully

2023-10-16 14:09:49 - [MESSAGE][PASSED] - Verify element property value successfully

2023-10-16 14:09:49 - [TEST_STEP][PASSED] - verifyElementPropertyValue(getResponse, "offers[5].groups[0].pricingPlans[0].currency", "KWD"): Verify element property value successfully

2023-10-16 14:09:49 - [MESSAGE][PASSED] - Verify element property value successfully

2023-10-16 14:09:49 - [TEST_STEP][PASSED] - verifyElementPropertyValue(getResponse, "offers[5].groups[0].pricingPlans[0].order", "0"): Verify element property value successfully

2023-10-16 14:09:49 - [MESSAGE][PASSED] - Verify element property value successfully

2023-10-16 14:09:49 - [TEST_STEP][PASSED] - verifyElementPropertyValue(getResponse, "offers[5].groups[0].pricingPlans[0].packageId", "SHAHID_VIP_SPORT"): Verify element property value successfully

2023-10-16 14:09:49 - [MESSAGE][PASSED] - Verify element property value successfully

2023-10-16 14:09:49 - [TEST_STEP][PASSED] - verifyElementPropertyValue(getResponse, "offers[5].groups[0].pricingPlans[0].catalogId", "SPORT"): Verify element property value successfully

2023-10-16 14:09:49 - [MESSAGE][PASSED] - Verify element property value successfully

2023-10-16 14:09:49 - [TEST_STEP][PASSED] - verifyElementPropertyValue(getResponse, "offers[5].groups[0].pricingPlans[0].visualElements[0].key", "Header_1_text"): Verify element property value successfully

2023-10-16 14:09:49 - [MESSAGE][PASSED] - Verify element property value successfully

2023-10-16 14:09:49 - [TEST_STEP][PASSED] - verifyElementPropertyValue(getResponse, "offers[5].groups[0].pricingPlans[0].visualElements[0].value", "شاهد أقوى المسلسلات و الأفلام حصرياً دون توقف"): Verify element property value successfully

2023-10-16 14:09:49 - [MESSAGE][PASSED] - Verify element property value successfully

2023-10-16 14:09:49 - [TEST_STEP][PASSED] - verifyElementPropertyValue(getResponse, "offers[5].groups[0].pricingPlans[0].visualElements[1].key", "display_title"): Verify element property value successfully

2023-10-16 14:09:49 - [MESSAGE][PASSED] - Verify element property value successfully

2023-10-16 14:09:49 - [TEST_STEP][PASSED] - verifyElementPropertyValue(getResponse, "offers[5].groups[0].pricingPlans[0].visualElements[1].value", "احصل على خصم 30%"): Verify element property value successfully

2023-10-16 14:09:49 - [MESSAGE][PASSED] - Verify element property value successfully

2023-10-16 14:09:49 - [TEST_STEP][PASSED] - verifyElementPropertyValue(getResponse, "offers[5].groups[0].pricingPlans[0].visualElements[3].key", "deduction_text"): Verify element property value successfully

2023-10-16 14:09:49 - [MESSAGE][PASSED] - Verify element property value successfully

2023-10-16 14:09:49 - [TEST_STEP][PASSED] - verifyElementPropertyValue(getResponse, "offers[5].groups[0].pricingPlans[0].visualElements[3].value", "تدفع شهرياً"): Verify element property value successfully

2023-10-16 14:09:49 - [MESSAGE][PASSED] - Verify element property value successfully

2023-10-16 14:09:49 - [TEST_STEP][PASSED] - verifyElementPropertyValue(getResponse, "offers[5].groups[0].pricingPlans[0].visualElements[6].key", "show_payment_logo"): Verify element property value successfully

2023-10-16 14:09:49 - [MESSAGE][PASSED] - Verify element property value successfully

2023-10-16 14:09:49 - [TEST_STEP][PASSED] - verifyElementPropertyValue(getResponse, "offers[5].groups[0].pricingPlans[0].visualElements[6].value", "true"): Verify element property value successfully

2023-10-16 14:09:49 - [MESSAGE][PASSED] - Verify element property value successfully

2023-10-16 14:09:49 - [TEST_STEP][PASSED] - verifyElementPropertyValue(getResponse, "offers[5].groups[0].pricingPlans[0].visualElements[8].key", "price"): Verify element property value successfully

2023-10-16 14:09:49 - [MESSAGE][PASSED] - Verify element property value successfully

2023-10-16 14:09:49 - [TEST_STEP][PASSED] - verifyElementPropertyValue(getResponse, "offers[5].groups[0].pricingPlans[0].visualElements[8].value", "3.99"): Verify element property value successfully

2023-10-16 14:09:49 - [MESSAGE][PASSED] - Verify element property value successfully

2023-10-16 14:09:49 - [TEST_STEP][PASSED] - verifyElementPropertyValue(getResponse, "offers[5].groups[0].pricingPlans[0].visualElements[9].key", "currency"): Verify element property value successfully

2023-10-16 14:09:49 - [MESSAGE][PASSED] - Verify element property value successfully

2023-10-16 14:09:49 - [TEST_STEP][PASSED] - verifyElementPropertyValue(getResponse, "offers[5].groups[0].pricingPlans[0].visualElements[9].value", "KWD"): Verify element property value successfully

2023-10-16 14:09:49 - [MESSAGE][PASSED] - Verify element property value successfully

2023-10-16 14:09:49 - [TEST_STEP][PASSED] - verifyElementPropertyValue(getResponse, "offers[5].groups[0].pricingPlans[0].visualElements[10].key", "duration"): Verify element property value successfully

2023-10-16 14:09:49 - [MESSAGE][PASSED] - Verify element property value successfully

2023-10-16 14:09:49 - [TEST_STEP][PASSED] - verifyElementPropertyValue(getResponse, "offers[5].groups[0].pricingPlans[0].visualElements[10].value", "شهرياً"): Verify element property value successfully

2023-10-16 14:09:49 - [MESSAGE][PASSED] - Verify element property value successfully

2023-10-16 14:09:49 - [TEST_STEP][PASSED] - verifyElementPropertyValue(getResponse, "offers[5].groups[0].pricingPlans[0].visualElements[11].key", "featured_tag_text"): Verify element property value successfully

2023-10-16 14:09:49 - [MESSAGE][PASSED] - Verify element property value successfully

2023-10-16 14:09:49 - [TEST_STEP][PASSED] - verifyElementPropertyValue(getResponse, "offers[5].groups[0].pricingPlans[0].visualElements[11].value", "عرض لمدة محدودة"): Verify element property value successfully

2023-10-16 14:09:49 - [MESSAGE][PASSED] - Verify element property value successfully

2023-10-16 14:09:49 - [TEST_STEP][PASSED] - verifyElementPropertyValue(getResponse, "offers[5].groups[0].pricingPlans[0].visualElements[13].key", "tag_text"): Verify element property value successfully

2023-10-16 14:09:49 - [MESSAGE][PASSED] - Verify element property value successfully

2023-10-16 14:09:49 - [TEST_STEP][PASSED] - verifyElementPropertyValue(getResponse, "offers[5].groups[0].pricingPlans[0].visualElements[13].value", "وفر 30%"): Verify element property value successfully

2023-10-16 14:09:49 - [MESSAGE][PASSED] - Verify element property value successfully

2023-10-16 14:09:49 - [TEST_STEP][PASSED] - verifyElementPropertyValue(getResponse, "offers[5].groups[0].pricingPlans[0].visualElements[12].key", "show_tag"): Verify element property value successfully

2023-10-16 14:09:49 - [MESSAGE][PASSED] - Verify element property value successfully

2023-10-16 14:09:49 - [TEST_STEP][PASSED] - verifyElementPropertyValue(getResponse, "offers[5].groups[0].pricingPlans[0].visualElements[12].value", "true"): Verify element property value successfully

2023-10-16 14:09:49 - [MESSAGE][PASSED] - Verify element property value successfully

2023-10-16 14:09:49 - [TEST_STEP][PASSED] - verifyElementPropertyValue(getResponse, "offers[5].groups[0].pricingPlans[0].pricingPlanData[0].productId", "KWT_B2C_SHAHID_VIP_SPORT_1M"): Verify element property value successfully

2023-10-16 14:09:49 - [MESSAGE][PASSED] - Verify element property value successfully

2023-10-16 14:09:49 - [TEST_STEP][PASSED] - verifyElementPropertyValue(getResponse, "offers[5].groups[0].pricingPlans[0].pricingPlanData[0].paymentMethod", "CREDIT_CARD"): Verify element property value successfully

2023-10-16 14:09:49 - [MESSAGE][PASSED] - Verify element property value successfully

2023-10-16 14:09:49 - [TEST_STEP][PASSED] - verifyElementPropertyValue(getResponse, "offers[5].groups[0].pricingPlans[0].pricingPlanData[0].freeTrialEnabled", "false"): Verify element property value successfully

2023-10-16 14:09:49 - [MESSAGE][PASSED] - Verify element property value successfully

2023-10-16 14:09:49 - [TEST_STEP][PASSED] - verifyElementPropertyValue(getResponse, "offers[5].groups[0].pricingPlans[0].pricingPlanData[0].showIn[0]", "VERTICAL_MODE"): Verify element property value successfully

2023-10-16 14:09:49 - [MESSAGE][PASSED] - Verify element property value successfully

2023-10-16 14:09:49 - [TEST_STEP][PASSED] - verifyElementPropertyValue(getResponse, "offers[5].groups[0].pricingPlans[0].pricingPlanData[0].showIn[1]", "HORIZONTAL_MODE"): Verify element property value successfully

2023-10-16 14:09:49 - [MESSAGE][PASSED] - Verify element property value successfully

2023-10-16 14:09:49 - [TEST_STEP][PASSED] - verifyElementPropertyValue(getResponse, "offers[5].groups[0].pricingPlans[0].pricingPlanData[0].priceLabel", "3.99"): Verify element property value successfully

2023-10-16 14:09:49 - [MESSAGE][PASSED] - Verify element property value successfully

2023-10-16 14:09:49 - [TEST_STEP][PASSED] - verifyElementPropertyValue(getResponse, "offers[5].groups[0].pricingPlans[0].pricingPlanData[0].currencyLabel", "KWD"): Verify element property value successfully

2023-10-16 14:09:49 - [MESSAGE][PASSED] - Verify element property value successfully

2023-10-16 14:09:49 - [TEST_STEP][PASSED] - verifyElementPropertyValue(getResponse, "offers[5].groups[0].pricingPlans[0].pricingPlanData[0].dealId", "WB_SPORT_30P_KWT"): Verify element property value successfully

2023-10-16 14:09:49 - [MESSAGE][PASSED] - Verify element property value successfully

2023-10-16 14:09:49 - [TEST_STEP][PASSED] - verifyElementPropertyValue(getResponse, "offers[5].groups[0].pricingPlans[0].pricingPlanData[0].allowedForAcquisition", "true"): Verify element property value successfully

2023-10-16 14:09:49 - [MESSAGE][PASSED] - Verify element property value successfully

2023-10-16 14:09:49 - [TEST_STEP][PASSED] - verifyElementPropertyValue(getResponse, "offers[5].groups[0].pricingPlans[0].pricingPlanData[0].visualElements[0].key", "title"): Verify element property value successfully

2023-10-16 14:09:49 - [MESSAGE][PASSED] - Verify element property value successfully

2023-10-16 14:09:49 - [TEST_STEP][PASSED] - verifyElementPropertyValue(getResponse, "offers[5].groups[0].pricingPlans[0].pricingPlanData[0].visualElements[0].value", "البطاقة المصرفية"): Verify element property value successfully

2023-10-16 14:09:49 - [MESSAGE][PASSED] - Verify element property value successfully

2023-10-16 14:09:49 - [TEST_STEP][PASSED] - verifyElementPropertyValue(getResponse, "offers[5].groups[0].pricingPlans[0].pricingPlanData[0].visualElements[1].key", "CTA_text"): Verify element property value successfully

2023-10-16 14:09:49 - [MESSAGE][PASSED] - Verify element property value successfully

2023-10-16 14:09:49 - [TEST_STEP][PASSED] - verifyElementPropertyValue(getResponse, "offers[5].groups[0].pricingPlans[0].pricingPlanData[0].visualElements[1].value", "اشترك"): Verify element property value successfully

2023-10-16 14:09:49 - [MESSAGE][PASSED] - Verify element property value successfully

2023-10-16 14:09:49 - [TEST_STEP][PASSED] - verifyElementPropertyValue(getResponse, "offers[5].groups[0].pricingPlans[0].pricingPlanData[0].visualElements[2].key", "logo"): Verify element property value successfully

2023-10-16 14:09:49 - [MESSAGE][PASSED] - Verify element property value successfully

2023-10-16 14:09:49 - [TEST_STEP][PASSED] - verifyElementPropertyValue(getResponse, "offers[5].groups[0].pricingPlans[0].pricingPlanData[0].visualElements[2].value", "https://static.s3.shahid.mbc.net/widget-images/icons/iconCreditCard.png"): Verify element property value successfully

2023-10-16 14:09:49 - [MESSAGE][PASSED] - Verify element property value successfully

2023-10-16 14:09:49 - [TEST_STEP][PASSED] - verifyElementPropertyValue(getResponse, "offers[6].offerId", "winback-sport-40-offer"): Verify element property value successfully

2023-10-16 14:09:49 - [MESSAGE][PASSED] - Verify element property value successfully

2023-10-16 14:09:49 - [TEST_STEP][PASSED] - verifyElementPropertyValue(getResponse, "offers[6].offerParam", "sportsoffer40"): Verify element property value successfully

2023-10-16 14:09:49 - [MESSAGE][PASSED] - Verify element property value successfully

2023-10-16 14:09:49 - [TEST_STEP][PASSED] - verifyElementPropertyValue(getResponse, "offers[6].groups[0].pricingPlans[0].featured", "true"): Verify element property value successfully

2023-10-16 14:09:49 - [MESSAGE][PASSED] - Verify element property value successfully

2023-10-16 14:09:49 - [TEST_STEP][PASSED] - verifyElementPropertyValue(getResponse, "offers[6].groups[0].pricingPlans[0].period", "monthly"): Verify element property value successfully

2023-10-16 14:09:49 - [MESSAGE][PASSED] - Verify element property value successfully

2023-10-16 14:09:49 - [TEST_STEP][PASSED] - verifyElementPropertyValue(getResponse, "offers[6].groups[0].pricingPlans[0].featured", "true"): Verify element property value successfully

2023-10-16 14:09:49 - [MESSAGE][PASSED] - Verify element property value successfully

2023-10-16 14:09:49 - [TEST_STEP][PASSED] - verifyElementPropertyValue(getResponse, "offers[6].groups[0].pricingPlans[0].price", "3.49"): Verify element property value successfully

2023-10-16 14:09:49 - [MESSAGE][PASSED] - Verify element property value successfully

2023-10-16 14:09:49 - [TEST_STEP][PASSED] - verifyElementPropertyValue(getResponse, "offers[6].groups[0].pricingPlans[0].currency", "KWD"): Verify element property value successfully

2023-10-16 14:09:49 - [MESSAGE][PASSED] - Verify element property value successfully

2023-10-16 14:09:49 - [TEST_STEP][PASSED] - verifyElementPropertyValue(getResponse, "offers[6].groups[0].pricingPlans[0].order", "0"): Verify element property value successfully

2023-10-16 14:09:49 - [MESSAGE][PASSED] - Verify element property value successfully

2023-10-16 14:09:49 - [TEST_STEP][PASSED] - verifyElementPropertyValue(getResponse, "offers[6].groups[0].pricingPlans[0].packageId", "SHAHID_VIP_SPORT"): Verify element property value successfully

2023-10-16 14:09:49 - [MESSAGE][PASSED] - Verify element property value successfully

2023-10-16 14:09:49 - [TEST_STEP][PASSED] - verifyElementPropertyValue(getResponse, "offers[6].groups[0].pricingPlans[0].catalogId", "SPORT"): Verify element property value successfully

2023-10-16 14:09:49 - [MESSAGE][PASSED] - Verify element property value successfully

2023-10-16 14:09:49 - [TEST_STEP][PASSED] - verifyElementPropertyValue(getResponse, "offers[6].groups[0].pricingPlans[0].visualElements[0].key", "Header_1_text"): Verify element property value successfully

2023-10-16 14:09:49 - [MESSAGE][PASSED] - Verify element property value successfully

2023-10-16 14:09:49 - [TEST_STEP][PASSED] - verifyElementPropertyValue(getResponse, "offers[6].groups[0].pricingPlans[0].visualElements[0].value", "شاهد أقوى المسلسلات و الأفلام حصرياً دون توقف"): Verify element property value successfully

2023-10-16 14:09:49 - [MESSAGE][PASSED] - Verify element property value successfully

2023-10-16 14:09:49 - [TEST_STEP][PASSED] - verifyElementPropertyValue(getResponse, "offers[6].groups[0].pricingPlans[0].visualElements[1].key", "display_title"): Verify element property value successfully

2023-10-16 14:09:49 - [MESSAGE][PASSED] - Verify element property value successfully

2023-10-16 14:09:49 - [TEST_STEP][PASSED] - verifyElementPropertyValue(getResponse, "offers[6].groups[0].pricingPlans[0].visualElements[1].value", "احصل على خصم 40%"): Verify element property value successfully

2023-10-16 14:09:49 - [MESSAGE][PASSED] - Verify element property value successfully

2023-10-16 14:09:49 - [TEST_STEP][PASSED] - verifyElementPropertyValue(getResponse, "offers[6].groups[0].pricingPlans[0].visualElements[3].key", "deduction_text"): Verify element property value successfully

2023-10-16 14:09:49 - [MESSAGE][PASSED] - Verify element property value successfully

2023-10-16 14:09:49 - [TEST_STEP][PASSED] - verifyElementPropertyValue(getResponse, "offers[6].groups[0].pricingPlans[0].visualElements[3].value", "تدفع شهرياً"): Verify element property value successfully

2023-10-16 14:09:49 - [MESSAGE][PASSED] - Verify element property value successfully

2023-10-16 14:09:49 - [TEST_STEP][PASSED] - verifyElementPropertyValue(getResponse, "offers[6].groups[0].pricingPlans[0].visualElements[6].key", "show_payment_logo"): Verify element property value successfully

2023-10-16 14:09:49 - [MESSAGE][PASSED] - Verify element property value successfully

2023-10-16 14:09:49 - [TEST_STEP][PASSED] - verifyElementPropertyValue(getResponse, "offers[6].groups[0].pricingPlans[0].visualElements[6].value", "true"): Verify element property value successfully

2023-10-16 14:09:49 - [MESSAGE][PASSED] - Verify element property value successfully

2023-10-16 14:09:49 - [TEST_STEP][PASSED] - verifyElementPropertyValue(getResponse, "offers[6].groups[0].pricingPlans[0].visualElements[8].key", "price"): Verify element property value successfully

2023-10-16 14:09:49 - [MESSAGE][PASSED] - Verify element property value successfully

2023-10-16 14:09:49 - [TEST_STEP][PASSED] - verifyElementPropertyValue(getResponse, "offers[6].groups[0].pricingPlans[0].visualElements[8].value", "3.49"): Verify element property value successfully

2023-10-16 14:09:49 - [MESSAGE][PASSED] - Verify element property value successfully

2023-10-16 14:09:49 - [TEST_STEP][PASSED] - verifyElementPropertyValue(getResponse, "offers[6].groups[0].pricingPlans[0].visualElements[9].key", "currency"): Verify element property value successfully

2023-10-16 14:09:49 - [MESSAGE][PASSED] - Verify element property value successfully

2023-10-16 14:09:49 - [TEST_STEP][PASSED] - verifyElementPropertyValue(getResponse, "offers[6].groups[0].pricingPlans[0].visualElements[9].value", "KWD"): Verify element property value successfully

2023-10-16 14:09:49 - [MESSAGE][PASSED] - Verify element property value successfully

2023-10-16 14:09:49 - [TEST_STEP][PASSED] - verifyElementPropertyValue(getResponse, "offers[6].groups[0].pricingPlans[0].visualElements[10].key", "duration"): Verify element property value successfully

2023-10-16 14:09:49 - [MESSAGE][PASSED] - Verify element property value successfully

2023-10-16 14:09:49 - [TEST_STEP][PASSED] - verifyElementPropertyValue(getResponse, "offers[6].groups[0].pricingPlans[0].visualElements[10].value", "شهرياً"): Verify element property value successfully

2023-10-16 14:09:49 - [MESSAGE][PASSED] - Verify element property value successfully

2023-10-16 14:09:49 - [TEST_STEP][PASSED] - verifyElementPropertyValue(getResponse, "offers[6].groups[0].pricingPlans[0].visualElements[11].key", "featured_tag_text"): Verify element property value successfully

2023-10-16 14:09:49 - [MESSAGE][PASSED] - Verify element property value successfully

2023-10-16 14:09:49 - [TEST_STEP][PASSED] - verifyElementPropertyValue(getResponse, "offers[6].groups[0].pricingPlans[0].visualElements[11].value", "عرض لمدة محدودة"): Verify element property value successfully

2023-10-16 14:09:49 - [MESSAGE][PASSED] - Verify element property value successfully

2023-10-16 14:09:49 - [TEST_STEP][PASSED] - verifyElementPropertyValue(getResponse, "offers[6].groups[0].pricingPlans[0].visualElements[13].key", "tag_text"): Verify element property value successfully

2023-10-16 14:09:49 - [MESSAGE][PASSED] - Verify element property value successfully

2023-10-16 14:09:49 - [TEST_STEP][PASSED] - verifyElementPropertyValue(getResponse, "offers[6].groups[0].pricingPlans[0].visualElements[13].value", "وفر 40%"): Verify element property value successfully

2023-10-16 14:09:49 - [MESSAGE][PASSED] - Verify element property value successfully

2023-10-16 14:09:49 - [TEST_STEP][PASSED] - verifyElementPropertyValue(getResponse, "offers[6].groups[0].pricingPlans[0].visualElements[12].key", "show_tag"): Verify element property value successfully

2023-10-16 14:09:49 - [MESSAGE][PASSED] - Verify element property value successfully

2023-10-16 14:09:49 - [TEST_STEP][PASSED] - verifyElementPropertyValue(getResponse, "offers[6].groups[0].pricingPlans[0].visualElements[12].value", "true"): Verify element property value successfully

2023-10-16 14:09:49 - [MESSAGE][PASSED] - Verify element property value successfully

2023-10-16 14:09:49 - [TEST_STEP][PASSED] - verifyElementPropertyValue(getResponse, "offers[6].groups[0].pricingPlans[0].pricingPlanData[0].productId", "KWT_B2C_SHAHID_VIP_SPORT_1M"): Verify element property value successfully

2023-10-16 14:09:49 - [MESSAGE][PASSED] - Verify element property value successfully

2023-10-16 14:09:49 - [TEST_STEP][PASSED] - verifyElementPropertyValue(getResponse, "offers[6].groups[0].pricingPlans[0].pricingPlanData[0].paymentMethod", "CREDIT_CARD"): Verify element property value successfully

2023-10-16 14:09:49 - [MESSAGE][PASSED] - Verify element property value successfully

2023-10-16 14:09:49 - [TEST_STEP][PASSED] - verifyElementPropertyValue(getResponse, "offers[6].groups[0].pricingPlans[0].pricingPlanData[0].freeTrialEnabled", "false"): Verify element property value successfully

2023-10-16 14:09:49 - [MESSAGE][PASSED] - Verify element property value successfully

2023-10-16 14:09:49 - [TEST_STEP][PASSED] - verifyElementPropertyValue(getResponse, "offers[6].groups[0].pricingPlans[0].pricingPlanData[0].showIn[0]", "VERTICAL_MODE"): Verify element property value successfully

2023-10-16 14:09:49 - [MESSAGE][PASSED] - Verify element property value successfully

2023-10-16 14:09:49 - [TEST_STEP][PASSED] - verifyElementPropertyValue(getResponse, "offers[6].groups[0].pricingPlans[0].pricingPlanData[0].showIn[1]", "HORIZONTAL_MODE"): Verify element property value successfully

2023-10-16 14:09:49 - [MESSAGE][PASSED] - Verify element property value successfully

2023-10-16 14:09:49 - [TEST_STEP][PASSED] - verifyElementPropertyValue(getResponse, "offers[6].groups[0].pricingPlans[0].pricingPlanData[0].priceLabel", "3.49"): Verify element property value successfully

2023-10-16 14:09:49 - [MESSAGE][PASSED] - Verify element property value successfully

2023-10-16 14:09:49 - [TEST_STEP][PASSED] - verifyElementPropertyValue(getResponse, "offers[6].groups[0].pricingPlans[0].pricingPlanData[0].currencyLabel", "KWD"): Verify element property value successfully

2023-10-16 14:09:49 - [MESSAGE][PASSED] - Verify element property value successfully

2023-10-16 14:09:49 - [TEST_STEP][PASSED] - verifyElementPropertyValue(getResponse, "offers[6].groups[0].pricingPlans[0].pricingPlanData[0].dealId", "WB_SPORT_40P_KWT"): Verify element property value successfully

2023-10-16 14:09:49 - [MESSAGE][PASSED] - Verify element property value successfully

2023-10-16 14:09:49 - [TEST_STEP][PASSED] - verifyElementPropertyValue(getResponse, "offers[6].groups[0].pricingPlans[0].pricingPlanData[0].allowedForAcquisition", "true"): Verify element property value successfully

2023-10-16 14:09:49 - [MESSAGE][PASSED] - Verify element property value successfully

2023-10-16 14:09:49 - [TEST_STEP][PASSED] - verifyElementPropertyValue(getResponse, "offers[6].groups[0].pricingPlans[0].pricingPlanData[0].visualElements[0].key", "title"): Verify element property value successfully

2023-10-16 14:09:50 - [MESSAGE][PASSED] - Verify element property value successfully

2023-10-16 14:09:50 - [TEST_STEP][PASSED] - verifyElementPropertyValue(getResponse, "offers[6].groups[0].pricingPlans[0].pricingPlanData[0].visualElements[0].value", "البطاقة المصرفية"): Verify element property value successfully

2023-10-16 14:09:50 - [MESSAGE][PASSED] - Verify element property value successfully

2023-10-16 14:09:50 - [TEST_STEP][PASSED] - verifyElementPropertyValue(getResponse, "offers[6].groups[0].pricingPlans[0].pricingPlanData[0].visualElements[1].key", "CTA_text"): Verify element property value successfully

2023-10-16 14:09:50 - [MESSAGE][PASSED] - Verify element property value successfully

2023-10-16 14:09:50 - [TEST_STEP][PASSED] - verifyElementPropertyValue(getResponse, "offers[6].groups[0].pricingPlans[0].pricingPlanData[0].visualElements[1].value", "اشترك"): Verify element property value successfully

2023-10-16 14:09:50 - [MESSAGE][PASSED] - Verify element property value successfully

2023-10-16 14:09:50 - [TEST_STEP][PASSED] - verifyElementPropertyValue(getResponse, "offers[6].groups[0].pricingPlans[0].pricingPlanData[0].visualElements[2].key", "logo"): Verify element property value successfully

2023-10-16 14:09:50 - [MESSAGE][PASSED] - Verify element property value successfully

2023-10-16 14:09:50 - [TEST_STEP][PASSED] - verifyElementPropertyValue(getResponse, "offers[6].groups[0].pricingPlans[0].pricingPlanData[0].visualElements[2].value", "https://static.s3.shahid.mbc.net/widget-images/icons/iconCreditCard.png"): Verify element property value successfully

2023-10-16 14:09:50 - [MESSAGE][PASSED] - Verify element property value successfully

2023-10-16 14:09:50 - [TEST_STEP][PASSED] - verifyElementPropertyValue(getResponse, "offers[7].offerId", "winback-sport-50-offer"): Verify element property value successfully

2023-10-16 14:09:50 - [MESSAGE][PASSED] - Verify element property value successfully

2023-10-16 14:09:50 - [TEST_STEP][PASSED] - verifyElementPropertyValue(getResponse, "offers[7].offerParam", "sportsoffer50"): Verify element property value successfully

2023-10-16 14:09:50 - [MESSAGE][PASSED] - Verify element property value successfully

2023-10-16 14:09:50 - [TEST_STEP][PASSED] - verifyElementPropertyValue(getResponse, "offers[7].groups[0].pricingPlans[0].featured", "true"): Verify element property value successfully

2023-10-16 14:09:50 - [MESSAGE][PASSED] - Verify element property value successfully

2023-10-16 14:09:50 - [TEST_STEP][PASSED] - verifyElementPropertyValue(getResponse, "offers[7].groups[0].pricingPlans[0].period", "monthly"): Verify element property value successfully

2023-10-16 14:09:50 - [MESSAGE][PASSED] - Verify element property value successfully

2023-10-16 14:09:50 - [TEST_STEP][PASSED] - verifyElementPropertyValue(getResponse, "offers[7].groups[0].pricingPlans[0].featured", "true"): Verify element property value successfully

2023-10-16 14:09:50 - [MESSAGE][PASSED] - Verify element property value successfully

2023-10-16 14:09:50 - [TEST_STEP][PASSED] - verifyElementPropertyValue(getResponse, "offers[7].groups[0].pricingPlans[0].price", "2.89"): Verify element property value successfully

2023-10-16 14:09:50 - [MESSAGE][PASSED] - Verify element property value successfully

2023-10-16 14:09:50 - [TEST_STEP][PASSED] - verifyElementPropertyValue(getResponse, "offers[7].groups[0].pricingPlans[0].currency", "KWD"): Verify element property value successfully

2023-10-16 14:09:50 - [MESSAGE][PASSED] - Verify element property value successfully

2023-10-16 14:09:50 - [TEST_STEP][PASSED] - verifyElementPropertyValue(getResponse, "offers[7].groups[0].pricingPlans[0].order", "0"): Verify element property value successfully

2023-10-16 14:09:50 - [MESSAGE][PASSED] - Verify element property value successfully

2023-10-16 14:09:50 - [TEST_STEP][PASSED] - verifyElementPropertyValue(getResponse, "offers[7].groups[0].pricingPlans[0].packageId", "SHAHID_VIP_SPORT"): Verify element property value successfully

2023-10-16 14:09:50 - [MESSAGE][PASSED] - Verify element property value successfully

2023-10-16 14:09:50 - [TEST_STEP][PASSED] - verifyElementPropertyValue(getResponse, "offers[7].groups[0].pricingPlans[0].catalogId", "SPORT"): Verify element property value successfully

2023-10-16 14:09:50 - [MESSAGE][PASSED] - Verify element property value successfully

2023-10-16 14:09:50 - [TEST_STEP][PASSED] - verifyElementPropertyValue(getResponse, "offers[7].groups[0].pricingPlans[0].visualElements[0].key", "Header_1_text"): Verify element property value successfully

2023-10-16 14:09:50 - [MESSAGE][PASSED] - Verify element property value successfully

2023-10-16 14:09:50 - [TEST_STEP][PASSED] - verifyElementPropertyValue(getResponse, "offers[7].groups[0].pricingPlans[0].visualElements[0].value", "شاهد أقوى المسلسلات و الأفلام حصرياً دون توقف"): Verify element property value successfully

2023-10-16 14:09:50 - [MESSAGE][PASSED] - Verify element property value successfully

2023-10-16 14:09:50 - [TEST_STEP][PASSED] - verifyElementPropertyValue(getResponse, "offers[7].groups[0].pricingPlans[0].visualElements[1].key", "display_title"): Verify element property value successfully

2023-10-16 14:09:50 - [MESSAGE][PASSED] - Verify element property value successfully

2023-10-16 14:09:50 - [TEST_STEP][PASSED] - verifyElementPropertyValue(getResponse, "offers[7].groups[0].pricingPlans[0].visualElements[1].value", "احصل على خصم 50%"): Verify element property value successfully

2023-10-16 14:09:50 - [MESSAGE][PASSED] - Verify element property value successfully

2023-10-16 14:09:50 - [TEST_STEP][PASSED] - verifyElementPropertyValue(getResponse, "offers[7].groups[0].pricingPlans[0].visualElements[3].key", "deduction_text"): Verify element property value successfully

2023-10-16 14:09:50 - [MESSAGE][PASSED] - Verify element property value successfully

2023-10-16 14:09:50 - [TEST_STEP][PASSED] - verifyElementPropertyValue(getResponse, "offers[7].groups[0].pricingPlans[0].visualElements[3].value", "تدفع شهرياً"): Verify element property value successfully

2023-10-16 14:09:50 - [MESSAGE][PASSED] - Verify element property value successfully

2023-10-16 14:09:50 - [TEST_STEP][PASSED] - verifyElementPropertyValue(getResponse, "offers[7].groups[0].pricingPlans[0].visualElements[6].key", "show_payment_logo"): Verify element property value successfully

2023-10-16 14:09:50 - [MESSAGE][PASSED] - Verify element property value successfully

2023-10-16 14:09:50 - [TEST_STEP][PASSED] - verifyElementPropertyValue(getResponse, "offers[7].groups[0].pricingPlans[0].visualElements[6].value", "true"): Verify element property value successfully

2023-10-16 14:09:50 - [MESSAGE][PASSED] - Verify element property value successfully

2023-10-16 14:09:50 - [TEST_STEP][PASSED] - verifyElementPropertyValue(getResponse, "offers[7].groups[0].pricingPlans[0].visualElements[8].key", "price"): Verify element property value successfully

2023-10-16 14:09:50 - [MESSAGE][PASSED] - Verify element property value successfully

2023-10-16 14:09:50 - [TEST_STEP][PASSED] - verifyElementPropertyValue(getResponse, "offers[7].groups[0].pricingPlans[0].visualElements[8].value", "2.89"): Verify element property value successfully

2023-10-16 14:09:50 - [MESSAGE][PASSED] - Verify element property value successfully

2023-10-16 14:09:50 - [TEST_STEP][PASSED] - verifyElementPropertyValue(getResponse, "offers[7].groups[0].pricingPlans[0].visualElements[9].key", "currency"): Verify element property value successfully

2023-10-16 14:09:50 - [MESSAGE][PASSED] - Verify element property value successfully

2023-10-16 14:09:50 - [TEST_STEP][PASSED] - verifyElementPropertyValue(getResponse, "offers[7].groups[0].pricingPlans[0].visualElements[9].value", "KWD"): Verify element property value successfully

2023-10-16 14:09:50 - [MESSAGE][PASSED] - Verify element property value successfully

2023-10-16 14:09:50 - [TEST_STEP][PASSED] - verifyElementPropertyValue(getResponse, "offers[7].groups[0].pricingPlans[0].visualElements[10].key", "duration"): Verify element property value successfully

2023-10-16 14:09:50 - [MESSAGE][PASSED] - Verify element property value successfully

2023-10-16 14:09:50 - [TEST_STEP][PASSED] - verifyElementPropertyValue(getResponse, "offers[7].groups[0].pricingPlans[0].visualElements[10].value", "شهرياً"): Verify element property value successfully

2023-10-16 14:09:50 - [MESSAGE][PASSED] - Verify element property value successfully

2023-10-16 14:09:50 - [TEST_STEP][PASSED] - verifyElementPropertyValue(getResponse, "offers[7].groups[0].pricingPlans[0].visualElements[11].key", "featured_tag_text"): Verify element property value successfully

2023-10-16 14:09:50 - [MESSAGE][PASSED] - Verify element property value successfully

2023-10-16 14:09:50 - [TEST_STEP][PASSED] - verifyElementPropertyValue(getResponse, "offers[7].groups[0].pricingPlans[0].visualElements[11].value", "عرض لمدة محدودة"): Verify element property value successfully

2023-10-16 14:09:50 - [MESSAGE][PASSED] - Verify element property value successfully

2023-10-16 14:09:50 - [TEST_STEP][PASSED] - verifyElementPropertyValue(getResponse, "offers[7].groups[0].pricingPlans[0].visualElements[13].key", "tag_text"): Verify element property value successfully

2023-10-16 14:09:50 - [MESSAGE][PASSED] - Verify element property value successfully

2023-10-16 14:09:50 - [TEST_STEP][PASSED] - verifyElementPropertyValue(getResponse, "offers[7].groups[0].pricingPlans[0].visualElements[13].value", "وفر 50%"): Verify element property value successfully

2023-10-16 14:09:50 - [MESSAGE][PASSED] - Verify element property value successfully

2023-10-16 14:09:50 - [TEST_STEP][PASSED] - verifyElementPropertyValue(getResponse, "offers[7].groups[0].pricingPlans[0].visualElements[12].key", "show_tag"): Verify element property value successfully

2023-10-16 14:09:50 - [MESSAGE][PASSED] - Verify element property value successfully

2023-10-16 14:09:50 - [TEST_STEP][PASSED] - verifyElementPropertyValue(getResponse, "offers[7].groups[0].pricingPlans[0].visualElements[12].value", "true"): Verify element property value successfully

2023-10-16 14:09:50 - [MESSAGE][PASSED] - Verify element property value successfully

2023-10-16 14:09:50 - [TEST_STEP][PASSED] - verifyElementPropertyValue(getResponse, "offers[7].groups[0].pricingPlans[0].pricingPlanData[0].productId", "KWT_B2C_SHAHID_VIP_SPORT_1M"): Verify element property value successfully

2023-10-16 14:09:50 - [MESSAGE][PASSED] - Verify element property value successfully

2023-10-16 14:09:50 - [TEST_STEP][PASSED] - verifyElementPropertyValue(getResponse, "offers[7].groups[0].pricingPlans[0].pricingPlanData[0].paymentMethod", "CREDIT_CARD"): Verify element property value successfully

2023-10-16 14:09:50 - [MESSAGE][PASSED] - Verify element property value successfully

2023-10-16 14:09:50 - [TEST_STEP][PASSED] - verifyElementPropertyValue(getResponse, "offers[7].groups[0].pricingPlans[0].pricingPlanData[0].freeTrialEnabled", "false"): Verify element property value successfully

2023-10-16 14:09:50 - [MESSAGE][PASSED] - Verify element property value successfully

2023-10-16 14:09:50 - [TEST_STEP][PASSED] - verifyElementPropertyValue(getResponse, "offers[7].groups[0].pricingPlans[0].pricingPlanData[0].showIn[0]", "VERTICAL_MODE"): Verify element property value successfully

2023-10-16 14:09:50 - [MESSAGE][PASSED] - Verify element property value successfully

2023-10-16 14:09:50 - [TEST_STEP][PASSED] - verifyElementPropertyValue(getResponse, "offers[7].groups[0].pricingPlans[0].pricingPlanData[0].showIn[1]", "HORIZONTAL_MODE"): Verify element property value successfully

2023-10-16 14:09:50 - [MESSAGE][PASSED] - Verify element property value successfully

2023-10-16 14:09:50 - [TEST_STEP][PASSED] - verifyElementPropertyValue(getResponse, "offers[7].groups[0].pricingPlans[0].pricingPlanData[0].priceLabel", "2.89"): Verify element property value successfully

2023-10-16 14:09:50 - [MESSAGE][PASSED] - Verify element property value successfully

2023-10-16 14:09:50 - [TEST_STEP][PASSED] - verifyElementPropertyValue(getResponse, "offers[7].groups[0].pricingPlans[0].pricingPlanData[0].currencyLabel", "KWD"): Verify element property value successfully

2023-10-16 14:09:50 - [MESSAGE][PASSED] - Verify element property value successfully

2023-10-16 14:09:50 - [TEST_STEP][PASSED] - verifyElementPropertyValue(getResponse, "offers[7].groups[0].pricingPlans[0].pricingPlanData[0].dealId", "WB_SPORT_50P_KWT"): Verify element property value successfully

2023-10-16 14:09:50 - [MESSAGE][PASSED] - Verify element property value successfully

2023-10-16 14:09:50 - [TEST_STEP][PASSED] - verifyElementPropertyValue(getResponse, "offers[7].groups[0].pricingPlans[0].pricingPlanData[0].allowedForAcquisition", "true"): Verify element property value successfully

2023-10-16 14:09:50 - [MESSAGE][PASSED] - Verify element property value successfully

2023-10-16 14:09:50 - [TEST_STEP][PASSED] - verifyElementPropertyValue(getResponse, "offers[7].groups[0].pricingPlans[0].pricingPlanData[0].visualElements[0].key", "title"): Verify element property value successfully

2023-10-16 14:09:50 - [MESSAGE][PASSED] - Verify element property value successfully

2023-10-16 14:09:50 - [TEST_STEP][PASSED] - verifyElementPropertyValue(getResponse, "offers[7].groups[0].pricingPlans[0].pricingPlanData[0].visualElements[0].value", "البطاقة المصرفية"): Verify element property value successfully

2023-10-16 14:09:50 - [MESSAGE][PASSED] - Verify element property value successfully

2023-10-16 14:09:50 - [TEST_STEP][PASSED] - verifyElementPropertyValue(getResponse, "offers[7].groups[0].pricingPlans[0].pricingPlanData[0].visualElements[1].key", "CTA_text"): Verify element property value successfully

2023-10-16 14:09:50 - [MESSAGE][PASSED] - Verify element property value successfully

2023-10-16 14:09:50 - [TEST_STEP][PASSED] - verifyElementPropertyValue(getResponse, "offers[7].groups[0].pricingPlans[0].pricingPlanData[0].visualElements[1].value", "اشترك"): Verify element property value successfully

2023-10-16 14:09:50 - [MESSAGE][PASSED] - Verify element property value successfully

2023-10-16 14:09:50 - [TEST_STEP][PASSED] - verifyElementPropertyValue(getResponse, "offers[7].groups[0].pricingPlans[0].pricingPlanData[0].visualElements[2].key", "logo"): Verify element property value successfully

2023-10-16 14:09:50 - [MESSAGE][PASSED] - Verify element property value successfully

2023-10-16 14:09:50 - [TEST_STEP][PASSED] - verifyElementPropertyValue(getResponse, "offers[7].groups[0].pricingPlans[0].pricingPlanData[0].visualElements[2].value", "https://static.s3.shahid.mbc.net/widget-images/icons/iconCreditCard.png"): Verify element property value successfully

2023-10-16 14:09:50 - [MESSAGE][PASSED] - Verify element property value successfully

2023-10-16 14:09:50 - [TEST_STEP][PASSED] - verifyElementPropertyValue(getResponse, "offers[11].offerId", "byg-sport-30-offer"): Verify element property value successfully

2023-10-16 14:09:50 - [MESSAGE][PASSED] - Verify element property value successfully

2023-10-16 14:09:50 - [TEST_STEP][PASSED] - verifyElementPropertyValue(getResponse, "offers[11].offerParam", "bygsportsoffer30"): Verify element property value successfully

2023-10-16 14:09:50 - [MESSAGE][PASSED] - Verify element property value successfully

2023-10-16 14:09:50 - [TEST_STEP][PASSED] - verifyElementPropertyValue(getResponse, "offers[11].groups[0].pricingPlans[0].featured", "true"): Verify element property value successfully

2023-10-16 14:09:50 - [MESSAGE][PASSED] - Verify element property value successfully

2023-10-16 14:09:50 - [TEST_STEP][PASSED] - verifyElementPropertyValue(getResponse, "offers[11].groups[0].pricingPlans[0].period", "monthly"): Verify element property value successfully

2023-10-16 14:09:50 - [MESSAGE][PASSED] - Verify element property value successfully

2023-10-16 14:09:50 - [TEST_STEP][PASSED] - verifyElementPropertyValue(getResponse, "offers[11].groups[0].pricingPlans[0].featured", "true"): Verify element property value successfully

2023-10-16 14:09:50 - [MESSAGE][PASSED] - Verify element property value successfully

2023-10-16 14:09:50 - [TEST_STEP][PASSED] - verifyElementPropertyValue(getResponse, "offers[11].groups[0].pricingPlans[0].price", "3.99"): Verify element property value successfully

2023-10-16 14:09:50 - [MESSAGE][PASSED] - Verify element property value successfully

2023-10-16 14:09:50 - [TEST_STEP][PASSED] - verifyElementPropertyValue(getResponse, "offers[11].groups[0].pricingPlans[0].currency", "KWD"): Verify element property value successfully

2023-10-16 14:09:50 - [MESSAGE][PASSED] - Verify element property value successfully

2023-10-16 14:09:50 - [TEST_STEP][PASSED] - verifyElementPropertyValue(getResponse, "offers[11].groups[0].pricingPlans[0].order", "0"): Verify element property value successfully

2023-10-16 14:09:50 - [MESSAGE][PASSED] - Verify element property value successfully

2023-10-16 14:09:50 - [TEST_STEP][PASSED] - verifyElementPropertyValue(getResponse, "offers[11].groups[0].pricingPlans[0].packageId", "SHAHID_VIP_SPORT"): Verify element property value successfully

2023-10-16 14:09:50 - [MESSAGE][PASSED] - Verify element property value successfully

2023-10-16 14:09:50 - [TEST_STEP][PASSED] - verifyElementPropertyValue(getResponse, "offers[11].groups[0].pricingPlans[0].catalogId", "SPORT"): Verify element property value successfully

2023-10-16 14:09:50 - [MESSAGE][PASSED] - Verify element property value successfully

2023-10-16 14:09:50 - [TEST_STEP][PASSED] - verifyElementPropertyValue(getResponse, "offers[11].groups[0].pricingPlans[0].visualElements[0].key", "Header_1_text"): Verify element property value successfully

2023-10-16 14:09:50 - [MESSAGE][PASSED] - Verify element property value successfully

2023-10-16 14:09:50 - [TEST_STEP][PASSED] - verifyElementPropertyValue(getResponse, "offers[11].groups[0].pricingPlans[0].visualElements[0].value", "شاهد أقوى المسلسلات و الأفلام حصرياً دون توقف"): Verify element property value successfully

2023-10-16 14:09:50 - [MESSAGE][PASSED] - Verify element property value successfully

2023-10-16 14:09:50 - [TEST_STEP][PASSED] - verifyElementPropertyValue(getResponse, "offers[11].groups[0].pricingPlans[0].visualElements[1].key", "display_title"): Verify element property value successfully

2023-10-16 14:09:50 - [MESSAGE][PASSED] - Verify element property value successfully

2023-10-16 14:09:50 - [TEST_STEP][PASSED] - verifyElementPropertyValue(getResponse, "offers[11].groups[0].pricingPlans[0].visualElements[1].value", "احصل على خصم 30%"): Verify element property value successfully

2023-10-16 14:09:50 - [MESSAGE][PASSED] - Verify element property value successfully

2023-10-16 14:09:50 - [TEST_STEP][PASSED] - verifyElementPropertyValue(getResponse, "offers[11].groups[0].pricingPlans[0].visualElements[3].key", "deduction_text"): Verify element property value successfully

2023-10-16 14:09:50 - [MESSAGE][PASSED] - Verify element property value successfully

2023-10-16 14:09:50 - [TEST_STEP][PASSED] - verifyElementPropertyValue(getResponse, "offers[11].groups[0].pricingPlans[0].visualElements[3].value", "تدفع شهرياً"): Verify element property value successfully

2023-10-16 14:09:50 - [MESSAGE][PASSED] - Verify element property value successfully

2023-10-16 14:09:50 - [TEST_STEP][PASSED] - verifyElementPropertyValue(getResponse, "offers[11].groups[0].pricingPlans[0].visualElements[6].key", "show_payment_logo"): Verify element property value successfully

2023-10-16 14:09:50 - [MESSAGE][PASSED] - Verify element property value successfully

2023-10-16 14:09:50 - [TEST_STEP][PASSED] - verifyElementPropertyValue(getResponse, "offers[11].groups[0].pricingPlans[0].visualElements[6].value", "true"): Verify element property value successfully

2023-10-16 14:09:50 - [MESSAGE][PASSED] - Verify element property value successfully

2023-10-16 14:09:50 - [TEST_STEP][PASSED] - verifyElementPropertyValue(getResponse, "offers[11].groups[0].pricingPlans[0].visualElements[8].key", "price"): Verify element property value successfully

2023-10-16 14:09:50 - [MESSAGE][PASSED] - Verify element property value successfully

2023-10-16 14:09:50 - [TEST_STEP][PASSED] - verifyElementPropertyValue(getResponse, "offers[11].groups[0].pricingPlans[0].visualElements[8].value", "3.99"): Verify element property value successfully

2023-10-16 14:09:50 - [MESSAGE][PASSED] - Verify element property value successfully

2023-10-16 14:09:50 - [TEST_STEP][PASSED] - verifyElementPropertyValue(getResponse, "offers[11].groups[0].pricingPlans[0].visualElements[9].key", "currency"): Verify element property value successfully

2023-10-16 14:09:50 - [MESSAGE][PASSED] - Verify element property value successfully

2023-10-16 14:09:50 - [TEST_STEP][PASSED] - verifyElementPropertyValue(getResponse, "offers[11].groups[0].pricingPlans[0].visualElements[9].value", "KWD"): Verify element property value successfully

2023-10-16 14:09:50 - [MESSAGE][PASSED] - Verify element property value successfully

2023-10-16 14:09:50 - [TEST_STEP][PASSED] - verifyElementPropertyValue(getResponse, "offers[11].groups[0].pricingPlans[0].visualElements[10].key", "duration"): Verify element property value successfully

2023-10-16 14:09:50 - [MESSAGE][PASSED] - Verify element property value successfully

2023-10-16 14:09:50 - [TEST_STEP][PASSED] - verifyElementPropertyValue(getResponse, "offers[11].groups[0].pricingPlans[0].visualElements[10].value", "شهرياً"): Verify element property value successfully

2023-10-16 14:09:50 - [MESSAGE][PASSED] - Verify element property value successfully

2023-10-16 14:09:50 - [TEST_STEP][PASSED] - verifyElementPropertyValue(getResponse, "offers[11].groups[0].pricingPlans[0].visualElements[11].key", "featured_tag_text"): Verify element property value successfully

2023-10-16 14:09:50 - [MESSAGE][PASSED] - Verify element property value successfully

2023-10-16 14:09:50 - [TEST_STEP][PASSED] - verifyElementPropertyValue(getResponse, "offers[11].groups[0].pricingPlans[0].visualElements[11].value", "عرض لمدة محدودة"): Verify element property value successfully

2023-10-16 14:09:50 - [MESSAGE][PASSED] - Verify element property value successfully

2023-10-16 14:09:50 - [TEST_STEP][PASSED] - verifyElementPropertyValue(getResponse, "offers[11].groups[0].pricingPlans[0].visualElements[13].key", "tag_text"): Verify element property value successfully

2023-10-16 14:09:50 - [MESSAGE][PASSED] - Verify element property value successfully

2023-10-16 14:09:50 - [TEST_STEP][PASSED] - verifyElementPropertyValue(getResponse, "offers[11].groups[0].pricingPlans[0].visualElements[13].value", "وفر 30%"): Verify element property value successfully

2023-10-16 14:09:50 - [MESSAGE][PASSED] - Verify element property value successfully

2023-10-16 14:09:50 - [TEST_STEP][PASSED] - verifyElementPropertyValue(getResponse, "offers[11].groups[0].pricingPlans[0].visualElements[12].key", "show_tag"): Verify element property value successfully

2023-10-16 14:09:50 - [MESSAGE][PASSED] - Verify element property value successfully

2023-10-16 14:09:50 - [TEST_STEP][PASSED] - verifyElementPropertyValue(getResponse, "offers[11].groups[0].pricingPlans[0].visualElements[12].value", "true"): Verify element property value successfully

2023-10-16 14:09:50 - [MESSAGE][PASSED] - Verify element property value successfully

2023-10-16 14:09:50 - [TEST_STEP][PASSED] - verifyElementPropertyValue(getResponse, "offers[11].groups[0].pricingPlans[0].pricingPlanData[0].productId", "KWT_B2C_SHAHID_VIP_SPORT_1M"): Verify element property value successfully

2023-10-16 14:09:50 - [MESSAGE][PASSED] - Verify element property value successfully

2023-10-16 14:09:50 - [TEST_STEP][PASSED] - verifyElementPropertyValue(getResponse, "offers[11].groups[0].pricingPlans[0].pricingPlanData[0].paymentMethod", "CREDIT_CARD"): Verify element property value successfully

2023-10-16 14:09:50 - [MESSAGE][PASSED] - Verify element property value successfully

2023-10-16 14:09:50 - [TEST_STEP][PASSED] - verifyElementPropertyValue(getResponse, "offers[11].groups[0].pricingPlans[0].pricingPlanData[0].freeTrialEnabled", "false"): Verify element property value successfully

2023-10-16 14:09:50 - [MESSAGE][PASSED] - Verify element property value successfully

2023-10-16 14:09:50 - [TEST_STEP][PASSED] - verifyElementPropertyValue(getResponse, "offers[11].groups[0].pricingPlans[0].pricingPlanData[0].showIn[0]", "VERTICAL_MODE"): Verify element property value successfully

2023-10-16 14:09:50 - [MESSAGE][PASSED] - Verify element property value successfully

2023-10-16 14:09:50 - [TEST_STEP][PASSED] - verifyElementPropertyValue(getResponse, "offers[11].groups[0].pricingPlans[0].pricingPlanData[0].showIn[1]", "HORIZONTAL_MODE"): Verify element property value successfully

2023-10-16 14:09:50 - [MESSAGE][PASSED] - Verify element property value successfully

2023-10-16 14:09:50 - [TEST_STEP][PASSED] - verifyElementPropertyValue(getResponse, "offers[11].groups[0].pricingPlans[0].pricingPlanData[0].priceLabel", "3.99"): Verify element property value successfully

2023-10-16 14:09:50 - [MESSAGE][PASSED] - Verify element property value successfully

2023-10-16 14:09:50 - [TEST_STEP][PASSED] - verifyElementPropertyValue(getResponse, "offers[11].groups[0].pricingPlans[0].pricingPlanData[0].currencyLabel", "KWD"): Verify element property value successfully

2023-10-16 14:09:50 - [MESSAGE][PASSED] - Verify element property value successfully

2023-10-16 14:09:50 - [TEST_STEP][PASSED] - verifyElementPropertyValue(getResponse, "offers[11].groups[0].pricingPlans[0].pricingPlanData[0].dealId", "BYG_SPORT_30P_KWT"): Verify element property value successfully

2023-10-16 14:09:50 - [MESSAGE][PASSED] - Verify element property value successfully

2023-10-16 14:09:50 - [TEST_STEP][PASSED] - verifyElementPropertyValue(getResponse, "offers[11].groups[0].pricingPlans[0].pricingPlanData[0].allowedForAcquisition", "true"): Verify element property value successfully

2023-10-16 14:09:50 - [MESSAGE][PASSED] - Verify element property value successfully

2023-10-16 14:09:50 - [TEST_STEP][PASSED] - verifyElementPropertyValue(getResponse, "offers[11].groups[0].pricingPlans[0].pricingPlanData[0].visualElements[0].key", "title"): Verify element property value successfully

2023-10-16 14:09:50 - [MESSAGE][PASSED] - Verify element property value successfully

2023-10-16 14:09:50 - [TEST_STEP][PASSED] - verifyElementPropertyValue(getResponse, "offers[11].groups[0].pricingPlans[0].pricingPlanData[0].visualElements[0].value", "البطاقة المصرفية"): Verify element property value successfully

2023-10-16 14:09:50 - [MESSAGE][PASSED] - Verify element property value successfully

2023-10-16 14:09:50 - [TEST_STEP][PASSED] - verifyElementPropertyValue(getResponse, "offers[11].groups[0].pricingPlans[0].pricingPlanData[0].visualElements[1].key", "CTA_text"): Verify element property value successfully

2023-10-16 14:09:50 - [MESSAGE][PASSED] - Verify element property value successfully

2023-10-16 14:09:50 - [TEST_STEP][PASSED] - verifyElementPropertyValue(getResponse, "offers[11].groups[0].pricingPlans[0].pricingPlanData[0].visualElements[1].value", "اشترك"): Verify element property value successfully

2023-10-16 14:09:50 - [MESSAGE][PASSED] - Verify element property value successfully

2023-10-16 14:09:50 - [TEST_STEP][PASSED] - verifyElementPropertyValue(getResponse, "offers[11].groups[0].pricingPlans[0].pricingPlanData[0].visualElements[2].key", "logo"): Verify element property value successfully

2023-10-16 14:09:50 - [MESSAGE][PASSED] - Verify element property value successfully

2023-10-16 14:09:50 - [TEST_STEP][PASSED] - verifyElementPropertyValue(getResponse, "offers[11].groups[0].pricingPlans[0].pricingPlanData[0].visualElements[2].value", "https://static.s3.shahid.mbc.net/widget-images/icons/iconCreditCard.png"): Verify element property value successfully

2023-10-16 14:09:50 - [MESSAGE][PASSED] - Verify element property value successfully

2023-10-16 14:09:50 - [TEST_STEP][PASSED] - verifyElementPropertyValue(getResponse, "offers[12].offerId", "byg-sport-40-offer"): Verify element property value successfully

2023-10-16 14:09:50 - [MESSAGE][PASSED] - Verify element property value successfully

2023-10-16 14:09:50 - [TEST_STEP][PASSED] - verifyElementPropertyValue(getResponse, "offers[12].offerParam", "bygsportsoffer40"): Verify element property value successfully

2023-10-16 14:09:50 - [MESSAGE][PASSED] - Verify element property value successfully

2023-10-16 14:09:50 - [TEST_STEP][PASSED] - verifyElementPropertyValue(getResponse, "offers[12].groups[0].pricingPlans[0].featured", "true"): Verify element property value successfully

2023-10-16 14:09:50 - [MESSAGE][PASSED] - Verify element property value successfully

2023-10-16 14:09:50 - [TEST_STEP][PASSED] - verifyElementPropertyValue(getResponse, "offers[12].groups[0].pricingPlans[0].period", "monthly"): Verify element property value successfully

2023-10-16 14:09:50 - [MESSAGE][PASSED] - Verify element property value successfully

2023-10-16 14:09:50 - [TEST_STEP][PASSED] - verifyElementPropertyValue(getResponse, "offers[12].groups[0].pricingPlans[0].featured", "true"): Verify element property value successfully

2023-10-16 14:09:50 - [MESSAGE][PASSED] - Verify element property value successfully

2023-10-16 14:09:50 - [TEST_STEP][PASSED] - verifyElementPropertyValue(getResponse, "offers[12].groups[0].pricingPlans[0].price", "3.49"): Verify element property value successfully

2023-10-16 14:09:50 - [MESSAGE][PASSED] - Verify element property value successfully

2023-10-16 14:09:50 - [TEST_STEP][PASSED] - verifyElementPropertyValue(getResponse, "offers[12].groups[0].pricingPlans[0].currency", "KWD"): Verify element property value successfully

2023-10-16 14:09:50 - [MESSAGE][PASSED] - Verify element property value successfully

2023-10-16 14:09:50 - [TEST_STEP][PASSED] - verifyElementPropertyValue(getResponse, "offers[12].groups[0].pricingPlans[0].order", "0"): Verify element property value successfully

2023-10-16 14:09:50 - [MESSAGE][PASSED] - Verify element property value successfully

2023-10-16 14:09:50 - [TEST_STEP][PASSED] - verifyElementPropertyValue(getResponse, "offers[12].groups[0].pricingPlans[0].packageId", "SHAHID_VIP_SPORT"): Verify element property value successfully

2023-10-16 14:09:50 - [MESSAGE][PASSED] - Verify element property value successfully

2023-10-16 14:09:50 - [TEST_STEP][PASSED] - verifyElementPropertyValue(getResponse, "offers[12].groups[0].pricingPlans[0].catalogId", "SPORT"): Verify element property value successfully

2023-10-16 14:09:50 - [MESSAGE][PASSED] - Verify element property value successfully

2023-10-16 14:09:50 - [TEST_STEP][PASSED] - verifyElementPropertyValue(getResponse, "offers[12].groups[0].pricingPlans[0].visualElements[0].key", "Header_1_text"): Verify element property value successfully

2023-10-16 14:09:50 - [MESSAGE][PASSED] - Verify element property value successfully

2023-10-16 14:09:50 - [TEST_STEP][PASSED] - verifyElementPropertyValue(getResponse, "offers[12].groups[0].pricingPlans[0].visualElements[0].value", "شاهد أقوى المسلسلات و الأفلام حصرياً دون توقف"): Verify element property value successfully

2023-10-16 14:09:50 - [MESSAGE][PASSED] - Verify element property value successfully

2023-10-16 14:09:50 - [TEST_STEP][PASSED] - verifyElementPropertyValue(getResponse, "offers[12].groups[0].pricingPlans[0].visualElements[1].key", "display_title"): Verify element property value successfully

2023-10-16 14:09:50 - [MESSAGE][PASSED] - Verify element property value successfully

2023-10-16 14:09:50 - [TEST_STEP][PASSED] - verifyElementPropertyValue(getResponse, "offers[12].groups[0].pricingPlans[0].visualElements[1].value", "احصل على خصم 40%"): Verify element property value successfully

2023-10-16 14:09:50 - [MESSAGE][PASSED] - Verify element property value successfully

2023-10-16 14:09:50 - [TEST_STEP][PASSED] - verifyElementPropertyValue(getResponse, "offers[12].groups[0].pricingPlans[0].visualElements[3].key", "deduction_text"): Verify element property value successfully

2023-10-16 14:09:50 - [MESSAGE][PASSED] - Verify element property value successfully

2023-10-16 14:09:50 - [TEST_STEP][PASSED] - verifyElementPropertyValue(getResponse, "offers[12].groups[0].pricingPlans[0].visualElements[3].value", "تدفع شهرياً"): Verify element property value successfully

2023-10-16 14:09:50 - [MESSAGE][PASSED] - Verify element property value successfully

2023-10-16 14:09:50 - [TEST_STEP][PASSED] - verifyElementPropertyValue(getResponse, "offers[12].groups[0].pricingPlans[0].visualElements[6].key", "show_payment_logo"): Verify element property value successfully

2023-10-16 14:09:50 - [MESSAGE][PASSED] - Verify element property value successfully

2023-10-16 14:09:50 - [TEST_STEP][PASSED] - verifyElementPropertyValue(getResponse, "offers[12].groups[0].pricingPlans[0].visualElements[6].value", "true"): Verify element property value successfully

2023-10-16 14:09:50 - [MESSAGE][PASSED] - Verify element property value successfully

2023-10-16 14:09:50 - [TEST_STEP][PASSED] - verifyElementPropertyValue(getResponse, "offers[12].groups[0].pricingPlans[0].visualElements[8].key", "price"): Verify element property value successfully

2023-10-16 14:09:50 - [MESSAGE][PASSED] - Verify element property value successfully

2023-10-16 14:09:50 - [TEST_STEP][PASSED] - verifyElementPropertyValue(getResponse, "offers[12].groups[0].pricingPlans[0].visualElements[8].value", "3.49"): Verify element property value successfully

2023-10-16 14:09:50 - [MESSAGE][PASSED] - Verify element property value successfully

2023-10-16 14:09:50 - [TEST_STEP][PASSED] - verifyElementPropertyValue(getResponse, "offers[12].groups[0].pricingPlans[0].visualElements[9].key", "currency"): Verify element property value successfully

2023-10-16 14:09:50 - [MESSAGE][PASSED] - Verify element property value successfully

2023-10-16 14:09:50 - [TEST_STEP][PASSED] - verifyElementPropertyValue(getResponse, "offers[12].groups[0].pricingPlans[0].visualElements[9].value", "KWD"): Verify element property value successfully

2023-10-16 14:09:50 - [MESSAGE][PASSED] - Verify element property value successfully

2023-10-16 14:09:50 - [TEST_STEP][PASSED] - verifyElementPropertyValue(getResponse, "offers[12].groups[0].pricingPlans[0].visualElements[10].key", "duration"): Verify element property value successfully

2023-10-16 14:09:50 - [MESSAGE][PASSED] - Verify element property value successfully

2023-10-16 14:09:50 - [TEST_STEP][PASSED] - verifyElementPropertyValue(getResponse, "offers[12].groups[0].pricingPlans[0].visualElements[10].value", "شهرياً"): Verify element property value successfully

2023-10-16 14:09:50 - [MESSAGE][PASSED] - Verify element property value successfully

2023-10-16 14:09:50 - [TEST_STEP][PASSED] - verifyElementPropertyValue(getResponse, "offers[12].groups[0].pricingPlans[0].visualElements[11].key", "featured_tag_text"): Verify element property value successfully

2023-10-16 14:09:50 - [MESSAGE][PASSED] - Verify element property value successfully

2023-10-16 14:09:50 - [TEST_STEP][PASSED] - verifyElementPropertyValue(getResponse, "offers[12].groups[0].pricingPlans[0].visualElements[11].value", "عرض لمدة محدودة"): Verify element property value successfully

2023-10-16 14:09:50 - [MESSAGE][PASSED] - Verify element property value successfully

2023-10-16 14:09:50 - [TEST_STEP][PASSED] - verifyElementPropertyValue(getResponse, "offers[12].groups[0].pricingPlans[0].visualElements[13].key", "tag_text"): Verify element property value successfully

2023-10-16 14:09:50 - [MESSAGE][PASSED] - Verify element property value successfully

2023-10-16 14:09:50 - [TEST_STEP][PASSED] - verifyElementPropertyValue(getResponse, "offers[12].groups[0].pricingPlans[0].visualElements[13].value", "وفر 40%"): Verify element property value successfully

2023-10-16 14:09:51 - [MESSAGE][PASSED] - Verify element property value successfully

2023-10-16 14:09:51 - [TEST_STEP][PASSED] - verifyElementPropertyValue(getResponse, "offers[12].groups[0].pricingPlans[0].visualElements[12].key", "show_tag"): Verify element property value successfully

2023-10-16 14:09:51 - [MESSAGE][PASSED] - Verify element property value successfully

2023-10-16 14:09:51 - [TEST_STEP][PASSED] - verifyElementPropertyValue(getResponse, "offers[12].groups[0].pricingPlans[0].visualElements[12].value", "true"): Verify element property value successfully

2023-10-16 14:09:51 - [MESSAGE][PASSED] - Verify element property value successfully

2023-10-16 14:09:51 - [TEST_STEP][PASSED] - verifyElementPropertyValue(getResponse, "offers[12].groups[0].pricingPlans[0].pricingPlanData[0].productId", "KWT_B2C_SHAHID_VIP_SPORT_1M"): Verify element property value successfully

2023-10-16 14:09:51 - [MESSAGE][PASSED] - Verify element property value successfully

2023-10-16 14:09:51 - [TEST_STEP][PASSED] - verifyElementPropertyValue(getResponse, "offers[12].groups[0].pricingPlans[0].pricingPlanData[0].paymentMethod", "CREDIT_CARD"): Verify element property value successfully

2023-10-16 14:09:51 - [MESSAGE][PASSED] - Verify element property value successfully

2023-10-16 14:09:51 - [TEST_STEP][PASSED] - verifyElementPropertyValue(getResponse, "offers[12].groups[0].pricingPlans[0].pricingPlanData[0].freeTrialEnabled", "false"): Verify element property value successfully

2023-10-16 14:09:51 - [MESSAGE][PASSED] - Verify element property value successfully

2023-10-16 14:09:51 - [TEST_STEP][PASSED] - verifyElementPropertyValue(getResponse, "offers[12].groups[0].pricingPlans[0].pricingPlanData[0].showIn[0]", "VERTICAL_MODE"): Verify element property value successfully

2023-10-16 14:09:51 - [MESSAGE][PASSED] - Verify element property value successfully

2023-10-16 14:09:51 - [TEST_STEP][PASSED] - verifyElementPropertyValue(getResponse, "offers[12].groups[0].pricingPlans[0].pricingPlanData[0].showIn[1]", "HORIZONTAL_MODE"): Verify element property value successfully

2023-10-16 14:09:51 - [MESSAGE][PASSED] - Verify element property value successfully

2023-10-16 14:09:51 - [TEST_STEP][PASSED] - verifyElementPropertyValue(getResponse, "offers[12].groups[0].pricingPlans[0].pricingPlanData[0].priceLabel", "3.49"): Verify element property value successfully

2023-10-16 14:09:51 - [MESSAGE][PASSED] - Verify element property value successfully

2023-10-16 14:09:51 - [TEST_STEP][PASSED] - verifyElementPropertyValue(getResponse, "offers[12].groups[0].pricingPlans[0].pricingPlanData[0].currencyLabel", "KWD"): Verify element property value successfully

2023-10-16 14:09:51 - [MESSAGE][PASSED] - Verify element property value successfully

2023-10-16 14:09:51 - [TEST_STEP][PASSED] - verifyElementPropertyValue(getResponse, "offers[12].groups[0].pricingPlans[0].pricingPlanData[0].dealId", "BYG_SPORT_40P_KWT"): Verify element property value successfully

2023-10-16 14:09:51 - [MESSAGE][PASSED] - Verify element property value successfully

2023-10-16 14:09:51 - [TEST_STEP][PASSED] - verifyElementPropertyValue(getResponse, "offers[12].groups[0].pricingPlans[0].pricingPlanData[0].allowedForAcquisition", "true"): Verify element property value successfully

2023-10-16 14:09:51 - [MESSAGE][PASSED] - Verify element property value successfully

2023-10-16 14:09:51 - [TEST_STEP][PASSED] - verifyElementPropertyValue(getResponse, "offers[12].groups[0].pricingPlans[0].pricingPlanData[0].visualElements[0].key", "title"): Verify element property value successfully

2023-10-16 14:09:51 - [MESSAGE][PASSED] - Verify element property value successfully

2023-10-16 14:09:51 - [TEST_STEP][PASSED] - verifyElementPropertyValue(getResponse, "offers[12].groups[0].pricingPlans[0].pricingPlanData[0].visualElements[0].value", "البطاقة المصرفية"): Verify element property value successfully

2023-10-16 14:09:51 - [MESSAGE][PASSED] - Verify element property value successfully

2023-10-16 14:09:51 - [TEST_STEP][PASSED] - verifyElementPropertyValue(getResponse, "offers[12].groups[0].pricingPlans[0].pricingPlanData[0].visualElements[1].key", "CTA_text"): Verify element property value successfully

2023-10-16 14:09:51 - [MESSAGE][PASSED] - Verify element property value successfully

2023-10-16 14:09:51 - [TEST_STEP][PASSED] - verifyElementPropertyValue(getResponse, "offers[12].groups[0].pricingPlans[0].pricingPlanData[0].visualElements[1].value", "اشترك"): Verify element property value successfully

2023-10-16 14:09:51 - [MESSAGE][PASSED] - Verify element property value successfully

2023-10-16 14:09:51 - [TEST_STEP][PASSED] - verifyElementPropertyValue(getResponse, "offers[12].groups[0].pricingPlans[0].pricingPlanData[0].visualElements[2].key", "logo"): Verify element property value successfully

2023-10-16 14:09:51 - [MESSAGE][PASSED] - Verify element property value successfully

2023-10-16 14:09:51 - [TEST_STEP][PASSED] - verifyElementPropertyValue(getResponse, "offers[12].groups[0].pricingPlans[0].pricingPlanData[0].visualElements[2].value", "https://static.s3.shahid.mbc.net/widget-images/icons/iconCreditCard.png"): Verify element property value successfully

2023-10-16 14:09:51 - [MESSAGE][PASSED] - Verify element property value successfully

2023-10-16 14:09:51 - [TEST_STEP][PASSED] - verifyElementPropertyValue(getResponse, "offers[13].offerId", "byg-sport-50-offer"): Verify element property value successfully

2023-10-16 14:09:51 - [MESSAGE][PASSED] - Verify element property value successfully

2023-10-16 14:09:51 - [TEST_STEP][PASSED] - verifyElementPropertyValue(getResponse, "offers[13].offerParam", "bygsportsoffer50"): Verify element property value successfully

2023-10-16 14:09:51 - [MESSAGE][PASSED] - Verify element property value successfully

2023-10-16 14:09:51 - [TEST_STEP][PASSED] - verifyElementPropertyValue(getResponse, "offers[13].groups[0].pricingPlans[0].featured", "true"): Verify element property value successfully

2023-10-16 14:09:51 - [MESSAGE][PASSED] - Verify element property value successfully

2023-10-16 14:09:51 - [TEST_STEP][PASSED] - verifyElementPropertyValue(getResponse, "offers[13].groups[0].pricingPlans[0].period", "monthly"): Verify element property value successfully

2023-10-16 14:09:51 - [MESSAGE][PASSED] - Verify element property value successfully

2023-10-16 14:09:51 - [TEST_STEP][PASSED] - verifyElementPropertyValue(getResponse, "offers[13].groups[0].pricingPlans[0].featured", "true"): Verify element property value successfully

2023-10-16 14:09:51 - [MESSAGE][PASSED] - Verify element property value successfully

2023-10-16 14:09:51 - [TEST_STEP][PASSED] - verifyElementPropertyValue(getResponse, "offers[13].groups[0].pricingPlans[0].price", "2.89"): Verify element property value successfully

2023-10-16 14:09:51 - [MESSAGE][PASSED] - Verify element property value successfully

2023-10-16 14:09:51 - [TEST_STEP][PASSED] - verifyElementPropertyValue(getResponse, "offers[13].groups[0].pricingPlans[0].currency", "KWD"): Verify element property value successfully

2023-10-16 14:09:51 - [MESSAGE][PASSED] - Verify element property value successfully

2023-10-16 14:09:51 - [TEST_STEP][PASSED] - verifyElementPropertyValue(getResponse, "offers[13].groups[0].pricingPlans[0].order", "0"): Verify element property value successfully

2023-10-16 14:09:51 - [MESSAGE][PASSED] - Verify element property value successfully

2023-10-16 14:09:51 - [TEST_STEP][PASSED] - verifyElementPropertyValue(getResponse, "offers[13].groups[0].pricingPlans[0].packageId", "SHAHID_VIP_SPORT"): Verify element property value successfully

2023-10-16 14:09:51 - [MESSAGE][PASSED] - Verify element property value successfully

2023-10-16 14:09:51 - [TEST_STEP][PASSED] - verifyElementPropertyValue(getResponse, "offers[13].groups[0].pricingPlans[0].catalogId", "SPORT"): Verify element property value successfully

2023-10-16 14:09:51 - [MESSAGE][PASSED] - Verify element property value successfully

2023-10-16 14:09:51 - [TEST_STEP][PASSED] - verifyElementPropertyValue(getResponse, "offers[13].groups[0].pricingPlans[0].visualElements[0].key", "Header_1_text"): Verify element property value successfully

2023-10-16 14:09:51 - [MESSAGE][PASSED] - Verify element property value successfully

2023-10-16 14:09:51 - [TEST_STEP][PASSED] - verifyElementPropertyValue(getResponse, "offers[13].groups[0].pricingPlans[0].visualElements[0].value", "شاهد أقوى المسلسلات و الأفلام حصرياً دون توقف"): Verify element property value successfully

2023-10-16 14:09:51 - [MESSAGE][PASSED] - Verify element property value successfully

2023-10-16 14:09:51 - [TEST_STEP][PASSED] - verifyElementPropertyValue(getResponse, "offers[13].groups[0].pricingPlans[0].visualElements[1].key", "display_title"): Verify element property value successfully

2023-10-16 14:09:51 - [MESSAGE][PASSED] - Verify element property value successfully

2023-10-16 14:09:51 - [TEST_STEP][PASSED] - verifyElementPropertyValue(getResponse, "offers[13].groups[0].pricingPlans[0].visualElements[1].value", "احصل على خصم 50%"): Verify element property value successfully

2023-10-16 14:09:51 - [MESSAGE][PASSED] - Verify element property value successfully

2023-10-16 14:09:51 - [TEST_STEP][PASSED] - verifyElementPropertyValue(getResponse, "offers[13].groups[0].pricingPlans[0].visualElements[3].key", "deduction_text"): Verify element property value successfully

2023-10-16 14:09:51 - [MESSAGE][PASSED] - Verify element property value successfully

2023-10-16 14:09:51 - [TEST_STEP][PASSED] - verifyElementPropertyValue(getResponse, "offers[13].groups[0].pricingPlans[0].visualElements[3].value", "تدفع شهرياً"): Verify element property value successfully

2023-10-16 14:09:51 - [MESSAGE][PASSED] - Verify element property value successfully

2023-10-16 14:09:51 - [TEST_STEP][PASSED] - verifyElementPropertyValue(getResponse, "offers[13].groups[0].pricingPlans[0].visualElements[6].key", "show_payment_logo"): Verify element property value successfully

2023-10-16 14:09:51 - [MESSAGE][PASSED] - Verify element property value successfully

2023-10-16 14:09:51 - [TEST_STEP][PASSED] - verifyElementPropertyValue(getResponse, "offers[13].groups[0].pricingPlans[0].visualElements[6].value", "true"): Verify element property value successfully

2023-10-16 14:09:51 - [MESSAGE][PASSED] - Verify element property value successfully

2023-10-16 14:09:51 - [TEST_STEP][PASSED] - verifyElementPropertyValue(getResponse, "offers[13].groups[0].pricingPlans[0].visualElements[8].key", "price"): Verify element property value successfully

2023-10-16 14:09:51 - [MESSAGE][PASSED] - Verify element property value successfully

2023-10-16 14:09:51 - [TEST_STEP][PASSED] - verifyElementPropertyValue(getResponse, "offers[13].groups[0].pricingPlans[0].visualElements[8].value", "2.89"): Verify element property value successfully

2023-10-16 14:09:51 - [MESSAGE][PASSED] - Verify element property value successfully

2023-10-16 14:09:51 - [TEST_STEP][PASSED] - verifyElementPropertyValue(getResponse, "offers[13].groups[0].pricingPlans[0].visualElements[9].key", "currency"): Verify element property value successfully

2023-10-16 14:09:51 - [MESSAGE][PASSED] - Verify element property value successfully

2023-10-16 14:09:51 - [TEST_STEP][PASSED] - verifyElementPropertyValue(getResponse, "offers[13].groups[0].pricingPlans[0].visualElements[9].value", "KWD"): Verify element property value successfully

2023-10-16 14:09:51 - [MESSAGE][PASSED] - Verify element property value successfully

2023-10-16 14:09:51 - [TEST_STEP][PASSED] - verifyElementPropertyValue(getResponse, "offers[13].groups[0].pricingPlans[0].visualElements[10].key", "duration"): Verify element property value successfully

2023-10-16 14:09:51 - [MESSAGE][PASSED] - Verify element property value successfully

2023-10-16 14:09:51 - [TEST_STEP][PASSED] - verifyElementPropertyValue(getResponse, "offers[13].groups[0].pricingPlans[0].visualElements[10].value", "شهرياً"): Verify element property value successfully

2023-10-16 14:09:51 - [MESSAGE][PASSED] - Verify element property value successfully

2023-10-16 14:09:51 - [TEST_STEP][PASSED] - verifyElementPropertyValue(getResponse, "offers[13].groups[0].pricingPlans[0].visualElements[11].key", "featured_tag_text"): Verify element property value successfully

2023-10-16 14:09:51 - [MESSAGE][PASSED] - Verify element property value successfully

2023-10-16 14:09:51 - [TEST_STEP][PASSED] - verifyElementPropertyValue(getResponse, "offers[13].groups[0].pricingPlans[0].visualElements[11].value", "عرض لمدة محدودة"): Verify element property value successfully

2023-10-16 14:09:51 - [MESSAGE][PASSED] - Verify element property value successfully

2023-10-16 14:09:51 - [TEST_STEP][PASSED] - verifyElementPropertyValue(getResponse, "offers[13].groups[0].pricingPlans[0].visualElements[13].key", "tag_text"): Verify element property value successfully

2023-10-16 14:09:51 - [MESSAGE][PASSED] - Verify element property value successfully

2023-10-16 14:09:51 - [TEST_STEP][PASSED] - verifyElementPropertyValue(getResponse, "offers[13].groups[0].pricingPlans[0].visualElements[13].value", "وفر 50%"): Verify element property value successfully

2023-10-16 14:09:51 - [MESSAGE][PASSED] - Verify element property value successfully

2023-10-16 14:09:51 - [TEST_STEP][PASSED] - verifyElementPropertyValue(getResponse, "offers[13].groups[0].pricingPlans[0].visualElements[12].key", "show_tag"): Verify element property value successfully

2023-10-16 14:09:51 - [MESSAGE][PASSED] - Verify element property value successfully

2023-10-16 14:09:51 - [TEST_STEP][PASSED] - verifyElementPropertyValue(getResponse, "offers[13].groups[0].pricingPlans[0].visualElements[12].value", "true"): Verify element property value successfully

2023-10-16 14:09:51 - [MESSAGE][PASSED] - Verify element property value successfully

2023-10-16 14:09:51 - [TEST_STEP][PASSED] - verifyElementPropertyValue(getResponse, "offers[13].groups[0].pricingPlans[0].pricingPlanData[0].productId", "KWT_B2C_SHAHID_VIP_SPORT_1M"): Verify element property value successfully

2023-10-16 14:09:51 - [MESSAGE][PASSED] - Verify element property value successfully

2023-10-16 14:09:51 - [TEST_STEP][PASSED] - verifyElementPropertyValue(getResponse, "offers[13].groups[0].pricingPlans[0].pricingPlanData[0].paymentMethod", "CREDIT_CARD"): Verify element property value successfully

2023-10-16 14:09:51 - [MESSAGE][PASSED] - Verify element property value successfully

2023-10-16 14:09:51 - [TEST_STEP][PASSED] - verifyElementPropertyValue(getResponse, "offers[13].groups[0].pricingPlans[0].pricingPlanData[0].freeTrialEnabled", "false"): Verify element property value successfully

2023-10-16 14:09:51 - [MESSAGE][PASSED] - Verify element property value successfully

2023-10-16 14:09:51 - [TEST_STEP][PASSED] - verifyElementPropertyValue(getResponse, "offers[13].groups[0].pricingPlans[0].pricingPlanData[0].showIn[0]", "VERTICAL_MODE"): Verify element property value successfully

2023-10-16 14:09:51 - [MESSAGE][PASSED] - Verify element property value successfully

2023-10-16 14:09:51 - [TEST_STEP][PASSED] - verifyElementPropertyValue(getResponse, "offers[13].groups[0].pricingPlans[0].pricingPlanData[0].showIn[1]", "HORIZONTAL_MODE"): Verify element property value successfully

2023-10-16 14:09:51 - [MESSAGE][PASSED] - Verify element property value successfully

2023-10-16 14:09:51 - [TEST_STEP][PASSED] - verifyElementPropertyValue(getResponse, "offers[13].groups[0].pricingPlans[0].pricingPlanData[0].priceLabel", "2.89"): Verify element property value successfully

2023-10-16 14:09:51 - [MESSAGE][PASSED] - Verify element property value successfully

2023-10-16 14:09:51 - [TEST_STEP][PASSED] - verifyElementPropertyValue(getResponse, "offers[13].groups[0].pricingPlans[0].pricingPlanData[0].currencyLabel", "KWD"): Verify element property value successfully

2023-10-16 14:09:51 - [MESSAGE][PASSED] - Verify element property value successfully

2023-10-16 14:09:51 - [TEST_STEP][PASSED] - verifyElementPropertyValue(getResponse, "offers[13].groups[0].pricingPlans[0].pricingPlanData[0].dealId", "BYG_SPORT_50P_KWT"): Verify element property value successfully

2023-10-16 14:09:51 - [MESSAGE][PASSED] - Verify element property value successfully

2023-10-16 14:09:51 - [TEST_STEP][PASSED] - verifyElementPropertyValue(getResponse, "offers[13].groups[0].pricingPlans[0].pricingPlanData[0].allowedForAcquisition", "true"): Verify element property value successfully

2023-10-16 14:09:51 - [MESSAGE][PASSED] - Verify element property value successfully

2023-10-16 14:09:51 - [TEST_STEP][PASSED] - verifyElementPropertyValue(getResponse, "offers[13].groups[0].pricingPlans[0].pricingPlanData[0].visualElements[0].key", "title"): Verify element property value successfully

2023-10-16 14:09:51 - [MESSAGE][PASSED] - Verify element property value successfully

2023-10-16 14:09:51 - [TEST_STEP][PASSED] - verifyElementPropertyValue(getResponse, "offers[13].groups[0].pricingPlans[0].pricingPlanData[0].visualElements[0].value", "البطاقة المصرفية"): Verify element property value successfully

2023-10-16 14:09:51 - [MESSAGE][PASSED] - Verify element property value successfully

2023-10-16 14:09:51 - [TEST_STEP][PASSED] - verifyElementPropertyValue(getResponse, "offers[13].groups[0].pricingPlans[0].pricingPlanData[0].visualElements[1].key", "CTA_text"): Verify element property value successfully

2023-10-16 14:09:51 - [MESSAGE][PASSED] - Verify element property value successfully

2023-10-16 14:09:51 - [TEST_STEP][PASSED] - verifyElementPropertyValue(getResponse, "offers[13].groups[0].pricingPlans[0].pricingPlanData[0].visualElements[1].value", "اشترك"): Verify element property value successfully

2023-10-16 14:09:51 - [MESSAGE][PASSED] - Verify element property value successfully

2023-10-16 14:09:51 - [TEST_STEP][PASSED] - verifyElementPropertyValue(getResponse, "offers[13].groups[0].pricingPlans[0].pricingPlanData[0].visualElements[2].key", "logo"): Verify element property value successfully

2023-10-16 14:09:51 - [MESSAGE][PASSED] - Verify element property value successfully

2023-10-16 14:09:51 - [TEST_STEP][PASSED] - verifyElementPropertyValue(getResponse, "offers[13].groups[0].pricingPlans[0].pricingPlanData[0].visualElements[2].value", "https://static.s3.shahid.mbc.net/widget-images/icons/iconCreditCard.png"): Verify element property value successfully

2023-10-16 14:09:51 - [MESSAGE][PASSED] - Verify element property value successfully]]></system-out>
         <system-err><![CDATA[]]></system-err>
      </testcase>
      <testcase name="Test Cases/WEB - CHROME/KWT PI/WEB_AR_getOffersForKWT_VIP" time="4.26" classname="Test Cases/WEB - CHROME/KWT PI/WEB_AR_getOffersForKWT_VIP" status="PASSED">
         <system-out><![CDATA[2023-10-16 14:09:51 - [TEST_CASE][PASSED] - Test Cases/WEB - CHROME/KWT PI/WEB_AR_getOffersForKWT_VIP: Test Cases/WEB - CHROME/KWT PI/WEB_AR_getOffersForKWT_VIP

2023-10-16 14:09:52 - [TEST_STEP][PASSED] - getResponse = config_files.getConfigFile.getConfig("WEB", "AR", "SHAHID_VIP", "KW", "false"): config_files.getConfigFile.getConfig is PASSED

2023-10-16 14:09:52 - [MESSAGE][INFO] - HAR: /Users/admin/git/shahid-configuration/Reports/20231016_140310/WEB/KWT/20231016_140319/requests/main/5.har

2023-10-16 14:09:53 - [MESSAGE][PASSED] - Send request successfully

2023-10-16 14:09:53 - [MESSAGE][PASSED] - config_files.getConfigFile.getConfig is PASSED

2023-10-16 14:09:53 - [TEST_STEP][PASSED] - verifyResponseStatusCode(getResponse, 200): Verify response status code successfully

2023-10-16 14:09:53 - [MESSAGE][PASSED] - Verify response status code successfully

2023-10-16 14:09:53 - [TEST_STEP][PASSED] - verifyElementPropertyValue(getResponse, "country", "KWT"): Verify element property value successfully

2023-10-16 14:09:53 - [MESSAGE][PASSED] - Verify element property value successfully

2023-10-16 14:09:53 - [TEST_STEP][PASSED] - verifyElementPropertyValue(getResponse, "platform", "[WEB]"): Verify element property value successfully

2023-10-16 14:09:53 - [MESSAGE][PASSED] - Verify element property value successfully

2023-10-16 14:09:53 - [TEST_STEP][PASSED] - verifyElementPropertyValue(getResponse, "offers[0].offerId", "winback-30-offer"): Verify element property value successfully

2023-10-16 14:09:53 - [MESSAGE][PASSED] - Verify element property value successfully

2023-10-16 14:09:53 - [TEST_STEP][PASSED] - verifyElementPropertyValue(getResponse, "offers[0].offerParam", "winback30"): Verify element property value successfully

2023-10-16 14:09:53 - [MESSAGE][PASSED] - Verify element property value successfully

2023-10-16 14:09:53 - [TEST_STEP][PASSED] - verifyElementPropertyValue(getResponse, "offers[0].groups[0].pricingPlans[0].featured", "true"): Verify element property value successfully

2023-10-16 14:09:53 - [MESSAGE][PASSED] - Verify element property value successfully

2023-10-16 14:09:53 - [TEST_STEP][PASSED] - verifyElementPropertyValue(getResponse, "offers[0].groups[0].pricingPlans[0].period", "monthly"): Verify element property value successfully

2023-10-16 14:09:53 - [MESSAGE][PASSED] - Verify element property value successfully

2023-10-16 14:09:53 - [TEST_STEP][PASSED] - verifyElementPropertyValue(getResponse, "offers[0].groups[0].pricingPlans[0].featured", "true"): Verify element property value successfully

2023-10-16 14:09:53 - [MESSAGE][PASSED] - Verify element property value successfully

2023-10-16 14:09:53 - [TEST_STEP][PASSED] - verifyElementPropertyValue(getResponse, "offers[0].groups[0].pricingPlans[0].price", "2.39"): Verify element property value successfully

2023-10-16 14:09:53 - [MESSAGE][PASSED] - Verify element property value successfully

2023-10-16 14:09:53 - [TEST_STEP][PASSED] - verifyElementPropertyValue(getResponse, "offers[0].groups[0].pricingPlans[0].currency", "KWD"): Verify element property value successfully

2023-10-16 14:09:53 - [MESSAGE][PASSED] - Verify element property value successfully

2023-10-16 14:09:53 - [TEST_STEP][PASSED] - verifyElementPropertyValue(getResponse, "offers[0].groups[0].pricingPlans[0].order", "0"): Verify element property value successfully

2023-10-16 14:09:53 - [MESSAGE][PASSED] - Verify element property value successfully

2023-10-16 14:09:53 - [TEST_STEP][PASSED] - verifyElementPropertyValue(getResponse, "offers[0].groups[0].pricingPlans[0].packageId", "SHAHID_VIP"): Verify element property value successfully

2023-10-16 14:09:53 - [MESSAGE][PASSED] - Verify element property value successfully

2023-10-16 14:09:53 - [TEST_STEP][PASSED] - verifyElementPropertyValue(getResponse, "offers[0].groups[0].pricingPlans[0].catalogId", "VIP"): Verify element property value successfully

2023-10-16 14:09:53 - [MESSAGE][PASSED] - Verify element property value successfully

2023-10-16 14:09:53 - [TEST_STEP][PASSED] - verifyElementPropertyValue(getResponse, "offers[0].groups[0].pricingPlans[0].visualElements[0].key", "Header_1_text"): Verify element property value successfully

2023-10-16 14:09:53 - [MESSAGE][PASSED] - Verify element property value successfully

2023-10-16 14:09:53 - [TEST_STEP][PASSED] - verifyElementPropertyValue(getResponse, "offers[0].groups[0].pricingPlans[0].visualElements[0].value", "شاهد أقوى المسلسلات و الأفلام حصرياً دون توقف"): Verify element property value successfully

2023-10-16 14:09:53 - [MESSAGE][PASSED] - Verify element property value successfully

2023-10-16 14:09:53 - [TEST_STEP][PASSED] - verifyElementPropertyValue(getResponse, "offers[0].groups[0].pricingPlans[0].visualElements[1].key", "display_title"): Verify element property value successfully

2023-10-16 14:09:53 - [MESSAGE][PASSED] - Verify element property value successfully

2023-10-16 14:09:53 - [TEST_STEP][PASSED] - verifyElementPropertyValue(getResponse, "offers[0].groups[0].pricingPlans[0].visualElements[1].value", "احصل على خصم 30%"): Verify element property value successfully

2023-10-16 14:09:53 - [MESSAGE][PASSED] - Verify element property value successfully

2023-10-16 14:09:53 - [TEST_STEP][PASSED] - verifyElementPropertyValue(getResponse, "offers[0].groups[0].pricingPlans[0].visualElements[3].key", "deduction_text"): Verify element property value successfully

2023-10-16 14:09:53 - [MESSAGE][PASSED] - Verify element property value successfully

2023-10-16 14:09:53 - [TEST_STEP][PASSED] - verifyElementPropertyValue(getResponse, "offers[0].groups[0].pricingPlans[0].visualElements[3].value", "تدفع شهرياً"): Verify element property value successfully

2023-10-16 14:09:53 - [MESSAGE][PASSED] - Verify element property value successfully

2023-10-16 14:09:53 - [TEST_STEP][PASSED] - verifyElementPropertyValue(getResponse, "offers[0].groups[0].pricingPlans[0].visualElements[6].key", "show_payment_logo"): Verify element property value successfully

2023-10-16 14:09:53 - [MESSAGE][PASSED] - Verify element property value successfully

2023-10-16 14:09:53 - [TEST_STEP][PASSED] - verifyElementPropertyValue(getResponse, "offers[0].groups[0].pricingPlans[0].visualElements[6].value", "true"): Verify element property value successfully

2023-10-16 14:09:53 - [MESSAGE][PASSED] - Verify element property value successfully

2023-10-16 14:09:53 - [TEST_STEP][PASSED] - verifyElementPropertyValue(getResponse, "offers[0].groups[0].pricingPlans[0].visualElements[8].key", "price"): Verify element property value successfully

2023-10-16 14:09:53 - [MESSAGE][PASSED] - Verify element property value successfully

2023-10-16 14:09:53 - [TEST_STEP][PASSED] - verifyElementPropertyValue(getResponse, "offers[0].groups[0].pricingPlans[0].visualElements[8].value", "2.39"): Verify element property value successfully

2023-10-16 14:09:53 - [MESSAGE][PASSED] - Verify element property value successfully

2023-10-16 14:09:53 - [TEST_STEP][PASSED] - verifyElementPropertyValue(getResponse, "offers[0].groups[0].pricingPlans[0].visualElements[9].key", "currency"): Verify element property value successfully

2023-10-16 14:09:53 - [MESSAGE][PASSED] - Verify element property value successfully

2023-10-16 14:09:53 - [TEST_STEP][PASSED] - verifyElementPropertyValue(getResponse, "offers[0].groups[0].pricingPlans[0].visualElements[9].value", "KWD"): Verify element property value successfully

2023-10-16 14:09:53 - [MESSAGE][PASSED] - Verify element property value successfully

2023-10-16 14:09:53 - [TEST_STEP][PASSED] - verifyElementPropertyValue(getResponse, "offers[0].groups[0].pricingPlans[0].visualElements[10].key", "duration"): Verify element property value successfully

2023-10-16 14:09:53 - [MESSAGE][PASSED] - Verify element property value successfully

2023-10-16 14:09:53 - [TEST_STEP][PASSED] - verifyElementPropertyValue(getResponse, "offers[0].groups[0].pricingPlans[0].visualElements[10].value", "شهرياً"): Verify element property value successfully

2023-10-16 14:09:53 - [MESSAGE][PASSED] - Verify element property value successfully

2023-10-16 14:09:53 - [TEST_STEP][PASSED] - verifyElementPropertyValue(getResponse, "offers[0].groups[0].pricingPlans[0].visualElements[11].key", "featured_tag_text"): Verify element property value successfully

2023-10-16 14:09:53 - [MESSAGE][PASSED] - Verify element property value successfully

2023-10-16 14:09:53 - [TEST_STEP][PASSED] - verifyElementPropertyValue(getResponse, "offers[0].groups[0].pricingPlans[0].visualElements[11].value", "عرض لمدة محدودة"): Verify element property value successfully

2023-10-16 14:09:53 - [MESSAGE][PASSED] - Verify element property value successfully

2023-10-16 14:09:53 - [TEST_STEP][PASSED] - verifyElementPropertyValue(getResponse, "offers[0].groups[0].pricingPlans[0].visualElements[13].key", "tag_text"): Verify element property value successfully

2023-10-16 14:09:53 - [MESSAGE][PASSED] - Verify element property value successfully

2023-10-16 14:09:53 - [TEST_STEP][PASSED] - verifyElementPropertyValue(getResponse, "offers[0].groups[0].pricingPlans[0].visualElements[13].value", "وفر 30%"): Verify element property value successfully

2023-10-16 14:09:53 - [MESSAGE][PASSED] - Verify element property value successfully

2023-10-16 14:09:53 - [TEST_STEP][PASSED] - verifyElementPropertyValue(getResponse, "offers[0].groups[0].pricingPlans[0].visualElements[12].key", "show_tag"): Verify element property value successfully

2023-10-16 14:09:53 - [MESSAGE][PASSED] - Verify element property value successfully

2023-10-16 14:09:53 - [TEST_STEP][PASSED] - verifyElementPropertyValue(getResponse, "offers[0].groups[0].pricingPlans[0].visualElements[12].value", "true"): Verify element property value successfully

2023-10-16 14:09:53 - [MESSAGE][PASSED] - Verify element property value successfully

2023-10-16 14:09:53 - [TEST_STEP][PASSED] - verifyElementPropertyValue(getResponse, "offers[0].groups[0].pricingPlans[0].pricingPlanData[0].productId", "KWT_B2C_SHAHID_VIP_1M"): Verify element property value successfully

2023-10-16 14:09:53 - [MESSAGE][PASSED] - Verify element property value successfully

2023-10-16 14:09:53 - [TEST_STEP][PASSED] - verifyElementPropertyValue(getResponse, "offers[0].groups[0].pricingPlans[0].pricingPlanData[0].paymentMethod", "CREDIT_CARD"): Verify element property value successfully

2023-10-16 14:09:53 - [MESSAGE][PASSED] - Verify element property value successfully

2023-10-16 14:09:53 - [TEST_STEP][PASSED] - verifyElementPropertyValue(getResponse, "offers[0].groups[0].pricingPlans[0].pricingPlanData[0].freeTrialEnabled", "false"): Verify element property value successfully

2023-10-16 14:09:53 - [MESSAGE][PASSED] - Verify element property value successfully

2023-10-16 14:09:53 - [TEST_STEP][PASSED] - verifyElementPropertyValue(getResponse, "offers[0].groups[0].pricingPlans[0].pricingPlanData[0].showIn[0]", "VERTICAL_MODE"): Verify element property value successfully

2023-10-16 14:09:53 - [MESSAGE][PASSED] - Verify element property value successfully

2023-10-16 14:09:53 - [TEST_STEP][PASSED] - verifyElementPropertyValue(getResponse, "offers[0].groups[0].pricingPlans[0].pricingPlanData[0].showIn[1]", "HORIZONTAL_MODE"): Verify element property value successfully

2023-10-16 14:09:53 - [MESSAGE][PASSED] - Verify element property value successfully

2023-10-16 14:09:53 - [TEST_STEP][PASSED] - verifyElementPropertyValue(getResponse, "offers[0].groups[0].pricingPlans[0].pricingPlanData[0].priceLabel", "2.39"): Verify element property value successfully

2023-10-16 14:09:53 - [MESSAGE][PASSED] - Verify element property value successfully

2023-10-16 14:09:53 - [TEST_STEP][PASSED] - verifyElementPropertyValue(getResponse, "offers[0].groups[0].pricingPlans[0].pricingPlanData[0].currencyLabel", "KWD"): Verify element property value successfully

2023-10-16 14:09:53 - [MESSAGE][PASSED] - Verify element property value successfully

2023-10-16 14:09:53 - [TEST_STEP][PASSED] - verifyElementPropertyValue(getResponse, "offers[0].groups[0].pricingPlans[0].pricingPlanData[0].dealId", "RE_30P_KWT"): Verify element property value successfully

2023-10-16 14:09:53 - [MESSAGE][PASSED] - Verify element property value successfully

2023-10-16 14:09:53 - [TEST_STEP][PASSED] - verifyElementPropertyValue(getResponse, "offers[0].groups[0].pricingPlans[0].pricingPlanData[0].allowedForAcquisition", "true"): Verify element property value successfully

2023-10-16 14:09:53 - [MESSAGE][PASSED] - Verify element property value successfully

2023-10-16 14:09:53 - [TEST_STEP][PASSED] - verifyElementPropertyValue(getResponse, "offers[0].groups[0].pricingPlans[0].pricingPlanData[0].visualElements[0].key", "title"): Verify element property value successfully

2023-10-16 14:09:53 - [MESSAGE][PASSED] - Verify element property value successfully

2023-10-16 14:09:53 - [TEST_STEP][PASSED] - verifyElementPropertyValue(getResponse, "offers[0].groups[0].pricingPlans[0].pricingPlanData[0].visualElements[0].value", "البطاقة المصرفية"): Verify element property value successfully

2023-10-16 14:09:53 - [MESSAGE][PASSED] - Verify element property value successfully

2023-10-16 14:09:53 - [TEST_STEP][PASSED] - verifyElementPropertyValue(getResponse, "offers[0].groups[0].pricingPlans[0].pricingPlanData[0].visualElements[1].key", "CTA_text"): Verify element property value successfully

2023-10-16 14:09:53 - [MESSAGE][PASSED] - Verify element property value successfully

2023-10-16 14:09:53 - [TEST_STEP][PASSED] - verifyElementPropertyValue(getResponse, "offers[0].groups[0].pricingPlans[0].pricingPlanData[0].visualElements[1].value", "اشترك"): Verify element property value successfully

2023-10-16 14:09:53 - [MESSAGE][PASSED] - Verify element property value successfully

2023-10-16 14:09:53 - [TEST_STEP][PASSED] - verifyElementPropertyValue(getResponse, "offers[0].groups[0].pricingPlans[0].pricingPlanData[0].visualElements[2].key", "logo"): Verify element property value successfully

2023-10-16 14:09:53 - [MESSAGE][PASSED] - Verify element property value successfully

2023-10-16 14:09:53 - [TEST_STEP][PASSED] - verifyElementPropertyValue(getResponse, "offers[0].groups[0].pricingPlans[0].pricingPlanData[0].visualElements[2].value", "https://static.s3.shahid.mbc.net/widget-images/icons/iconCreditCard.png"): Verify element property value successfully

2023-10-16 14:09:53 - [MESSAGE][PASSED] - Verify element property value successfully

2023-10-16 14:09:53 - [TEST_STEP][PASSED] - verifyElementPropertyValue(getResponse, "offers[1].offerId", "winback-40-offer"): Verify element property value successfully

2023-10-16 14:09:53 - [MESSAGE][PASSED] - Verify element property value successfully

2023-10-16 14:09:53 - [TEST_STEP][PASSED] - verifyElementPropertyValue(getResponse, "offers[1].offerParam", "winback40"): Verify element property value successfully

2023-10-16 14:09:53 - [MESSAGE][PASSED] - Verify element property value successfully

2023-10-16 14:09:53 - [TEST_STEP][PASSED] - verifyElementPropertyValue(getResponse, "offers[1].groups[0].pricingPlans[0].featured", "true"): Verify element property value successfully

2023-10-16 14:09:53 - [MESSAGE][PASSED] - Verify element property value successfully

2023-10-16 14:09:53 - [TEST_STEP][PASSED] - verifyElementPropertyValue(getResponse, "offers[1].groups[0].pricingPlans[0].period", "monthly"): Verify element property value successfully

2023-10-16 14:09:53 - [MESSAGE][PASSED] - Verify element property value successfully

2023-10-16 14:09:53 - [TEST_STEP][PASSED] - verifyElementPropertyValue(getResponse, "offers[1].groups[0].pricingPlans[0].featured", "true"): Verify element property value successfully

2023-10-16 14:09:53 - [MESSAGE][PASSED] - Verify element property value successfully

2023-10-16 14:09:53 - [TEST_STEP][PASSED] - verifyElementPropertyValue(getResponse, "offers[1].groups[0].pricingPlans[0].price", "1.99"): Verify element property value successfully

2023-10-16 14:09:53 - [MESSAGE][PASSED] - Verify element property value successfully

2023-10-16 14:09:53 - [TEST_STEP][PASSED] - verifyElementPropertyValue(getResponse, "offers[1].groups[0].pricingPlans[0].currency", "KWD"): Verify element property value successfully

2023-10-16 14:09:53 - [MESSAGE][PASSED] - Verify element property value successfully

2023-10-16 14:09:53 - [TEST_STEP][PASSED] - verifyElementPropertyValue(getResponse, "offers[1].groups[0].pricingPlans[0].order", "0"): Verify element property value successfully

2023-10-16 14:09:53 - [MESSAGE][PASSED] - Verify element property value successfully

2023-10-16 14:09:53 - [TEST_STEP][PASSED] - verifyElementPropertyValue(getResponse, "offers[1].groups[0].pricingPlans[0].packageId", "SHAHID_VIP"): Verify element property value successfully

2023-10-16 14:09:53 - [MESSAGE][PASSED] - Verify element property value successfully

2023-10-16 14:09:53 - [TEST_STEP][PASSED] - verifyElementPropertyValue(getResponse, "offers[1].groups[0].pricingPlans[0].catalogId", "VIP"): Verify element property value successfully

2023-10-16 14:09:53 - [MESSAGE][PASSED] - Verify element property value successfully

2023-10-16 14:09:53 - [TEST_STEP][PASSED] - verifyElementPropertyValue(getResponse, "offers[1].groups[0].pricingPlans[0].visualElements[0].key", "Header_1_text"): Verify element property value successfully

2023-10-16 14:09:53 - [MESSAGE][PASSED] - Verify element property value successfully

2023-10-16 14:09:53 - [TEST_STEP][PASSED] - verifyElementPropertyValue(getResponse, "offers[1].groups[0].pricingPlans[0].visualElements[0].value", "شاهد أقوى المسلسلات و الأفلام حصرياً دون توقف"): Verify element property value successfully

2023-10-16 14:09:53 - [MESSAGE][PASSED] - Verify element property value successfully

2023-10-16 14:09:53 - [TEST_STEP][PASSED] - verifyElementPropertyValue(getResponse, "offers[1].groups[0].pricingPlans[0].visualElements[1].key", "display_title"): Verify element property value successfully

2023-10-16 14:09:53 - [MESSAGE][PASSED] - Verify element property value successfully

2023-10-16 14:09:53 - [TEST_STEP][PASSED] - verifyElementPropertyValue(getResponse, "offers[1].groups[0].pricingPlans[0].visualElements[1].value", "احصل على خصم 40%"): Verify element property value successfully

2023-10-16 14:09:53 - [MESSAGE][PASSED] - Verify element property value successfully

2023-10-16 14:09:53 - [TEST_STEP][PASSED] - verifyElementPropertyValue(getResponse, "offers[1].groups[0].pricingPlans[0].visualElements[3].key", "deduction_text"): Verify element property value successfully

2023-10-16 14:09:53 - [MESSAGE][PASSED] - Verify element property value successfully

2023-10-16 14:09:53 - [TEST_STEP][PASSED] - verifyElementPropertyValue(getResponse, "offers[1].groups[0].pricingPlans[0].visualElements[3].value", "تدفع شهرياً"): Verify element property value successfully

2023-10-16 14:09:53 - [MESSAGE][PASSED] - Verify element property value successfully

2023-10-16 14:09:53 - [TEST_STEP][PASSED] - verifyElementPropertyValue(getResponse, "offers[1].groups[0].pricingPlans[0].visualElements[6].key", "show_payment_logo"): Verify element property value successfully

2023-10-16 14:09:53 - [MESSAGE][PASSED] - Verify element property value successfully

2023-10-16 14:09:53 - [TEST_STEP][PASSED] - verifyElementPropertyValue(getResponse, "offers[1].groups[0].pricingPlans[0].visualElements[6].value", "true"): Verify element property value successfully

2023-10-16 14:09:53 - [MESSAGE][PASSED] - Verify element property value successfully

2023-10-16 14:09:53 - [TEST_STEP][PASSED] - verifyElementPropertyValue(getResponse, "offers[1].groups[0].pricingPlans[0].visualElements[8].key", "price"): Verify element property value successfully

2023-10-16 14:09:53 - [MESSAGE][PASSED] - Verify element property value successfully

2023-10-16 14:09:53 - [TEST_STEP][PASSED] - verifyElementPropertyValue(getResponse, "offers[1].groups[0].pricingPlans[0].visualElements[8].value", "1.99"): Verify element property value successfully

2023-10-16 14:09:53 - [MESSAGE][PASSED] - Verify element property value successfully

2023-10-16 14:09:53 - [TEST_STEP][PASSED] - verifyElementPropertyValue(getResponse, "offers[1].groups[0].pricingPlans[0].visualElements[9].key", "currency"): Verify element property value successfully

2023-10-16 14:09:53 - [MESSAGE][PASSED] - Verify element property value successfully

2023-10-16 14:09:53 - [TEST_STEP][PASSED] - verifyElementPropertyValue(getResponse, "offers[1].groups[0].pricingPlans[0].visualElements[9].value", "KWD"): Verify element property value successfully

2023-10-16 14:09:53 - [MESSAGE][PASSED] - Verify element property value successfully

2023-10-16 14:09:53 - [TEST_STEP][PASSED] - verifyElementPropertyValue(getResponse, "offers[1].groups[0].pricingPlans[0].visualElements[10].key", "duration"): Verify element property value successfully

2023-10-16 14:09:53 - [MESSAGE][PASSED] - Verify element property value successfully

2023-10-16 14:09:53 - [TEST_STEP][PASSED] - verifyElementPropertyValue(getResponse, "offers[1].groups[0].pricingPlans[0].visualElements[10].value", "شهرياً"): Verify element property value successfully

2023-10-16 14:09:53 - [MESSAGE][PASSED] - Verify element property value successfully

2023-10-16 14:09:53 - [TEST_STEP][PASSED] - verifyElementPropertyValue(getResponse, "offers[1].groups[0].pricingPlans[0].visualElements[11].key", "featured_tag_text"): Verify element property value successfully

2023-10-16 14:09:53 - [MESSAGE][PASSED] - Verify element property value successfully

2023-10-16 14:09:53 - [TEST_STEP][PASSED] - verifyElementPropertyValue(getResponse, "offers[1].groups[0].pricingPlans[0].visualElements[11].value", "عرض لمدة محدودة"): Verify element property value successfully

2023-10-16 14:09:53 - [MESSAGE][PASSED] - Verify element property value successfully

2023-10-16 14:09:53 - [TEST_STEP][PASSED] - verifyElementPropertyValue(getResponse, "offers[1].groups[0].pricingPlans[0].visualElements[13].key", "tag_text"): Verify element property value successfully

2023-10-16 14:09:53 - [MESSAGE][PASSED] - Verify element property value successfully

2023-10-16 14:09:53 - [TEST_STEP][PASSED] - verifyElementPropertyValue(getResponse, "offers[1].groups[0].pricingPlans[0].visualElements[13].value", "وفر 40%"): Verify element property value successfully

2023-10-16 14:09:53 - [MESSAGE][PASSED] - Verify element property value successfully

2023-10-16 14:09:53 - [TEST_STEP][PASSED] - verifyElementPropertyValue(getResponse, "offers[1].groups[0].pricingPlans[0].visualElements[12].key", "show_tag"): Verify element property value successfully

2023-10-16 14:09:53 - [MESSAGE][PASSED] - Verify element property value successfully

2023-10-16 14:09:53 - [TEST_STEP][PASSED] - verifyElementPropertyValue(getResponse, "offers[1].groups[0].pricingPlans[0].visualElements[12].value", "true"): Verify element property value successfully

2023-10-16 14:09:53 - [MESSAGE][PASSED] - Verify element property value successfully

2023-10-16 14:09:53 - [TEST_STEP][PASSED] - verifyElementPropertyValue(getResponse, "offers[1].groups[0].pricingPlans[0].pricingPlanData[0].productId", "KWT_B2C_SHAHID_VIP_1M"): Verify element property value successfully

2023-10-16 14:09:53 - [MESSAGE][PASSED] - Verify element property value successfully

2023-10-16 14:09:53 - [TEST_STEP][PASSED] - verifyElementPropertyValue(getResponse, "offers[1].groups[0].pricingPlans[0].pricingPlanData[0].paymentMethod", "CREDIT_CARD"): Verify element property value successfully

2023-10-16 14:09:53 - [MESSAGE][PASSED] - Verify element property value successfully

2023-10-16 14:09:53 - [TEST_STEP][PASSED] - verifyElementPropertyValue(getResponse, "offers[1].groups[0].pricingPlans[0].pricingPlanData[0].freeTrialEnabled", "false"): Verify element property value successfully

2023-10-16 14:09:53 - [MESSAGE][PASSED] - Verify element property value successfully

2023-10-16 14:09:53 - [TEST_STEP][PASSED] - verifyElementPropertyValue(getResponse, "offers[1].groups[0].pricingPlans[0].pricingPlanData[0].showIn[0]", "VERTICAL_MODE"): Verify element property value successfully

2023-10-16 14:09:53 - [MESSAGE][PASSED] - Verify element property value successfully

2023-10-16 14:09:53 - [TEST_STEP][PASSED] - verifyElementPropertyValue(getResponse, "offers[1].groups[0].pricingPlans[0].pricingPlanData[0].showIn[1]", "HORIZONTAL_MODE"): Verify element property value successfully

2023-10-16 14:09:53 - [MESSAGE][PASSED] - Verify element property value successfully

2023-10-16 14:09:53 - [TEST_STEP][PASSED] - verifyElementPropertyValue(getResponse, "offers[1].groups[0].pricingPlans[0].pricingPlanData[0].priceLabel", "1.99"): Verify element property value successfully

2023-10-16 14:09:53 - [MESSAGE][PASSED] - Verify element property value successfully

2023-10-16 14:09:53 - [TEST_STEP][PASSED] - verifyElementPropertyValue(getResponse, "offers[1].groups[0].pricingPlans[0].pricingPlanData[0].currencyLabel", "KWD"): Verify element property value successfully

2023-10-16 14:09:53 - [MESSAGE][PASSED] - Verify element property value successfully

2023-10-16 14:09:53 - [TEST_STEP][PASSED] - verifyElementPropertyValue(getResponse, "offers[1].groups[0].pricingPlans[0].pricingPlanData[0].dealId", "RE_40P_KWT"): Verify element property value successfully

2023-10-16 14:09:53 - [MESSAGE][PASSED] - Verify element property value successfully

2023-10-16 14:09:53 - [TEST_STEP][PASSED] - verifyElementPropertyValue(getResponse, "offers[1].groups[0].pricingPlans[0].pricingPlanData[0].allowedForAcquisition", "true"): Verify element property value successfully

2023-10-16 14:09:53 - [MESSAGE][PASSED] - Verify element property value successfully

2023-10-16 14:09:53 - [TEST_STEP][PASSED] - verifyElementPropertyValue(getResponse, "offers[1].groups[0].pricingPlans[0].pricingPlanData[0].visualElements[0].key", "title"): Verify element property value successfully

2023-10-16 14:09:53 - [MESSAGE][PASSED] - Verify element property value successfully

2023-10-16 14:09:53 - [TEST_STEP][PASSED] - verifyElementPropertyValue(getResponse, "offers[1].groups[0].pricingPlans[0].pricingPlanData[0].visualElements[0].value", "البطاقة المصرفية"): Verify element property value successfully

2023-10-16 14:09:53 - [MESSAGE][PASSED] - Verify element property value successfully

2023-10-16 14:09:53 - [TEST_STEP][PASSED] - verifyElementPropertyValue(getResponse, "offers[1].groups[0].pricingPlans[0].pricingPlanData[0].visualElements[1].key", "CTA_text"): Verify element property value successfully

2023-10-16 14:09:53 - [MESSAGE][PASSED] - Verify element property value successfully

2023-10-16 14:09:53 - [TEST_STEP][PASSED] - verifyElementPropertyValue(getResponse, "offers[1].groups[0].pricingPlans[0].pricingPlanData[0].visualElements[1].value", "اشترك"): Verify element property value successfully

2023-10-16 14:09:53 - [MESSAGE][PASSED] - Verify element property value successfully

2023-10-16 14:09:53 - [TEST_STEP][PASSED] - verifyElementPropertyValue(getResponse, "offers[1].groups[0].pricingPlans[0].pricingPlanData[0].visualElements[2].key", "logo"): Verify element property value successfully

2023-10-16 14:09:53 - [MESSAGE][PASSED] - Verify element property value successfully

2023-10-16 14:09:53 - [TEST_STEP][PASSED] - verifyElementPropertyValue(getResponse, "offers[1].groups[0].pricingPlans[0].pricingPlanData[0].visualElements[2].value", "https://static.s3.shahid.mbc.net/widget-images/icons/iconCreditCard.png"): Verify element property value successfully

2023-10-16 14:09:53 - [MESSAGE][PASSED] - Verify element property value successfully

2023-10-16 14:09:53 - [TEST_STEP][PASSED] - verifyElementPropertyValue(getResponse, "offers[2].offerId", "winback-50-offer"): Verify element property value successfully

2023-10-16 14:09:53 - [MESSAGE][PASSED] - Verify element property value successfully

2023-10-16 14:09:53 - [TEST_STEP][PASSED] - verifyElementPropertyValue(getResponse, "offers[2].offerParam", "winback50"): Verify element property value successfully

2023-10-16 14:09:53 - [MESSAGE][PASSED] - Verify element property value successfully

2023-10-16 14:09:53 - [TEST_STEP][PASSED] - verifyElementPropertyValue(getResponse, "offers[2].groups[0].pricingPlans[0].featured", "true"): Verify element property value successfully

2023-10-16 14:09:53 - [MESSAGE][PASSED] - Verify element property value successfully

2023-10-16 14:09:53 - [TEST_STEP][PASSED] - verifyElementPropertyValue(getResponse, "offers[2].groups[0].pricingPlans[0].period", "monthly"): Verify element property value successfully

2023-10-16 14:09:53 - [MESSAGE][PASSED] - Verify element property value successfully

2023-10-16 14:09:53 - [TEST_STEP][PASSED] - verifyElementPropertyValue(getResponse, "offers[2].groups[0].pricingPlans[0].featured", "true"): Verify element property value successfully

2023-10-16 14:09:53 - [MESSAGE][PASSED] - Verify element property value successfully

2023-10-16 14:09:53 - [TEST_STEP][PASSED] - verifyElementPropertyValue(getResponse, "offers[2].groups[0].pricingPlans[0].price", "1.69"): Verify element property value successfully

2023-10-16 14:09:53 - [MESSAGE][PASSED] - Verify element property value successfully

2023-10-16 14:09:53 - [TEST_STEP][PASSED] - verifyElementPropertyValue(getResponse, "offers[2].groups[0].pricingPlans[0].currency", "KWD"): Verify element property value successfully

2023-10-16 14:09:53 - [MESSAGE][PASSED] - Verify element property value successfully

2023-10-16 14:09:53 - [TEST_STEP][PASSED] - verifyElementPropertyValue(getResponse, "offers[2].groups[0].pricingPlans[0].order", "0"): Verify element property value successfully

2023-10-16 14:09:53 - [MESSAGE][PASSED] - Verify element property value successfully

2023-10-16 14:09:53 - [TEST_STEP][PASSED] - verifyElementPropertyValue(getResponse, "offers[2].groups[0].pricingPlans[0].packageId", "SHAHID_VIP"): Verify element property value successfully

2023-10-16 14:09:53 - [MESSAGE][PASSED] - Verify element property value successfully

2023-10-16 14:09:53 - [TEST_STEP][PASSED] - verifyElementPropertyValue(getResponse, "offers[2].groups[0].pricingPlans[0].catalogId", "VIP"): Verify element property value successfully

2023-10-16 14:09:53 - [MESSAGE][PASSED] - Verify element property value successfully

2023-10-16 14:09:53 - [TEST_STEP][PASSED] - verifyElementPropertyValue(getResponse, "offers[2].groups[0].pricingPlans[0].visualElements[0].key", "Header_1_text"): Verify element property value successfully

2023-10-16 14:09:53 - [MESSAGE][PASSED] - Verify element property value successfully

2023-10-16 14:09:53 - [TEST_STEP][PASSED] - verifyElementPropertyValue(getResponse, "offers[2].groups[0].pricingPlans[0].visualElements[0].value", "شاهد أقوى المسلسلات و الأفلام حصرياً دون توقف"): Verify element property value successfully

2023-10-16 14:09:53 - [MESSAGE][PASSED] - Verify element property value successfully

2023-10-16 14:09:53 - [TEST_STEP][PASSED] - verifyElementPropertyValue(getResponse, "offers[2].groups[0].pricingPlans[0].visualElements[1].key", "display_title"): Verify element property value successfully

2023-10-16 14:09:53 - [MESSAGE][PASSED] - Verify element property value successfully

2023-10-16 14:09:53 - [TEST_STEP][PASSED] - verifyElementPropertyValue(getResponse, "offers[2].groups[0].pricingPlans[0].visualElements[1].value", "احصل على خصم 50%"): Verify element property value successfully

2023-10-16 14:09:53 - [MESSAGE][PASSED] - Verify element property value successfully

2023-10-16 14:09:53 - [TEST_STEP][PASSED] - verifyElementPropertyValue(getResponse, "offers[2].groups[0].pricingPlans[0].visualElements[3].key", "deduction_text"): Verify element property value successfully

2023-10-16 14:09:53 - [MESSAGE][PASSED] - Verify element property value successfully

2023-10-16 14:09:53 - [TEST_STEP][PASSED] - verifyElementPropertyValue(getResponse, "offers[2].groups[0].pricingPlans[0].visualElements[3].value", "تدفع شهرياً"): Verify element property value successfully

2023-10-16 14:09:53 - [MESSAGE][PASSED] - Verify element property value successfully

2023-10-16 14:09:53 - [TEST_STEP][PASSED] - verifyElementPropertyValue(getResponse, "offers[2].groups[0].pricingPlans[0].visualElements[6].key", "show_payment_logo"): Verify element property value successfully

2023-10-16 14:09:53 - [MESSAGE][PASSED] - Verify element property value successfully

2023-10-16 14:09:53 - [TEST_STEP][PASSED] - verifyElementPropertyValue(getResponse, "offers[2].groups[0].pricingPlans[0].visualElements[6].value", "true"): Verify element property value successfully

2023-10-16 14:09:53 - [MESSAGE][PASSED] - Verify element property value successfully

2023-10-16 14:09:53 - [TEST_STEP][PASSED] - verifyElementPropertyValue(getResponse, "offers[2].groups[0].pricingPlans[0].visualElements[8].key", "price"): Verify element property value successfully

2023-10-16 14:09:53 - [MESSAGE][PASSED] - Verify element property value successfully

2023-10-16 14:09:53 - [TEST_STEP][PASSED] - verifyElementPropertyValue(getResponse, "offers[2].groups[0].pricingPlans[0].visualElements[8].value", "1.69"): Verify element property value successfully

2023-10-16 14:09:53 - [MESSAGE][PASSED] - Verify element property value successfully

2023-10-16 14:09:53 - [TEST_STEP][PASSED] - verifyElementPropertyValue(getResponse, "offers[2].groups[0].pricingPlans[0].visualElements[9].key", "currency"): Verify element property value successfully

2023-10-16 14:09:53 - [MESSAGE][PASSED] - Verify element property value successfully

2023-10-16 14:09:53 - [TEST_STEP][PASSED] - verifyElementPropertyValue(getResponse, "offers[2].groups[0].pricingPlans[0].visualElements[9].value", "KWD"): Verify element property value successfully

2023-10-16 14:09:53 - [MESSAGE][PASSED] - Verify element property value successfully

2023-10-16 14:09:53 - [TEST_STEP][PASSED] - verifyElementPropertyValue(getResponse, "offers[2].groups[0].pricingPlans[0].visualElements[10].key", "duration"): Verify element property value successfully

2023-10-16 14:09:53 - [MESSAGE][PASSED] - Verify element property value successfully

2023-10-16 14:09:53 - [TEST_STEP][PASSED] - verifyElementPropertyValue(getResponse, "offers[2].groups[0].pricingPlans[0].visualElements[10].value", "شهرياً"): Verify element property value successfully

2023-10-16 14:09:53 - [MESSAGE][PASSED] - Verify element property value successfully

2023-10-16 14:09:53 - [TEST_STEP][PASSED] - verifyElementPropertyValue(getResponse, "offers[2].groups[0].pricingPlans[0].visualElements[11].key", "featured_tag_text"): Verify element property value successfully

2023-10-16 14:09:53 - [MESSAGE][PASSED] - Verify element property value successfully

2023-10-16 14:09:53 - [TEST_STEP][PASSED] - verifyElementPropertyValue(getResponse, "offers[2].groups[0].pricingPlans[0].visualElements[11].value", "عرض لمدة محدودة"): Verify element property value successfully

2023-10-16 14:09:53 - [MESSAGE][PASSED] - Verify element property value successfully

2023-10-16 14:09:53 - [TEST_STEP][PASSED] - verifyElementPropertyValue(getResponse, "offers[2].groups[0].pricingPlans[0].visualElements[13].key", "tag_text"): Verify element property value successfully

2023-10-16 14:09:53 - [MESSAGE][PASSED] - Verify element property value successfully

2023-10-16 14:09:54 - [TEST_STEP][PASSED] - verifyElementPropertyValue(getResponse, "offers[2].groups[0].pricingPlans[0].visualElements[13].value", "وفر 50%"): Verify element property value successfully

2023-10-16 14:09:55 - [MESSAGE][PASSED] - Verify element property value successfully

2023-10-16 14:09:55 - [TEST_STEP][PASSED] - verifyElementPropertyValue(getResponse, "offers[2].groups[0].pricingPlans[0].visualElements[12].key", "show_tag"): Verify element property value successfully

2023-10-16 14:09:55 - [MESSAGE][PASSED] - Verify element property value successfully

2023-10-16 14:09:55 - [TEST_STEP][PASSED] - verifyElementPropertyValue(getResponse, "offers[2].groups[0].pricingPlans[0].visualElements[12].value", "true"): Verify element property value successfully

2023-10-16 14:09:55 - [MESSAGE][PASSED] - Verify element property value successfully

2023-10-16 14:09:55 - [TEST_STEP][PASSED] - verifyElementPropertyValue(getResponse, "offers[2].groups[0].pricingPlans[0].pricingPlanData[0].productId", "KWT_B2C_SHAHID_VIP_1M"): Verify element property value successfully

2023-10-16 14:09:55 - [MESSAGE][PASSED] - Verify element property value successfully

2023-10-16 14:09:55 - [TEST_STEP][PASSED] - verifyElementPropertyValue(getResponse, "offers[2].groups[0].pricingPlans[0].pricingPlanData[0].paymentMethod", "CREDIT_CARD"): Verify element property value successfully

2023-10-16 14:09:55 - [MESSAGE][PASSED] - Verify element property value successfully

2023-10-16 14:09:55 - [TEST_STEP][PASSED] - verifyElementPropertyValue(getResponse, "offers[2].groups[0].pricingPlans[0].pricingPlanData[0].freeTrialEnabled", "false"): Verify element property value successfully

2023-10-16 14:09:55 - [MESSAGE][PASSED] - Verify element property value successfully

2023-10-16 14:09:55 - [TEST_STEP][PASSED] - verifyElementPropertyValue(getResponse, "offers[2].groups[0].pricingPlans[0].pricingPlanData[0].showIn[0]", "VERTICAL_MODE"): Verify element property value successfully

2023-10-16 14:09:55 - [MESSAGE][PASSED] - Verify element property value successfully

2023-10-16 14:09:55 - [TEST_STEP][PASSED] - verifyElementPropertyValue(getResponse, "offers[2].groups[0].pricingPlans[0].pricingPlanData[0].showIn[1]", "HORIZONTAL_MODE"): Verify element property value successfully

2023-10-16 14:09:55 - [MESSAGE][PASSED] - Verify element property value successfully

2023-10-16 14:09:55 - [TEST_STEP][PASSED] - verifyElementPropertyValue(getResponse, "offers[2].groups[0].pricingPlans[0].pricingPlanData[0].priceLabel", "1.69"): Verify element property value successfully

2023-10-16 14:09:55 - [MESSAGE][PASSED] - Verify element property value successfully

2023-10-16 14:09:55 - [TEST_STEP][PASSED] - verifyElementPropertyValue(getResponse, "offers[2].groups[0].pricingPlans[0].pricingPlanData[0].currencyLabel", "KWD"): Verify element property value successfully

2023-10-16 14:09:55 - [MESSAGE][PASSED] - Verify element property value successfully

2023-10-16 14:09:55 - [TEST_STEP][PASSED] - verifyElementPropertyValue(getResponse, "offers[2].groups[0].pricingPlans[0].pricingPlanData[0].dealId", "RE_50P_KWT"): Verify element property value successfully

2023-10-16 14:09:55 - [MESSAGE][PASSED] - Verify element property value successfully

2023-10-16 14:09:55 - [TEST_STEP][PASSED] - verifyElementPropertyValue(getResponse, "offers[2].groups[0].pricingPlans[0].pricingPlanData[0].allowedForAcquisition", "true"): Verify element property value successfully

2023-10-16 14:09:55 - [MESSAGE][PASSED] - Verify element property value successfully

2023-10-16 14:09:55 - [TEST_STEP][PASSED] - verifyElementPropertyValue(getResponse, "offers[2].groups[0].pricingPlans[0].pricingPlanData[0].visualElements[0].key", "title"): Verify element property value successfully

2023-10-16 14:09:55 - [MESSAGE][PASSED] - Verify element property value successfully

2023-10-16 14:09:55 - [TEST_STEP][PASSED] - verifyElementPropertyValue(getResponse, "offers[2].groups[0].pricingPlans[0].pricingPlanData[0].visualElements[0].value", "البطاقة المصرفية"): Verify element property value successfully

2023-10-16 14:09:55 - [MESSAGE][PASSED] - Verify element property value successfully

2023-10-16 14:09:55 - [TEST_STEP][PASSED] - verifyElementPropertyValue(getResponse, "offers[2].groups[0].pricingPlans[0].pricingPlanData[0].visualElements[1].key", "CTA_text"): Verify element property value successfully

2023-10-16 14:09:55 - [MESSAGE][PASSED] - Verify element property value successfully

2023-10-16 14:09:55 - [TEST_STEP][PASSED] - verifyElementPropertyValue(getResponse, "offers[2].groups[0].pricingPlans[0].pricingPlanData[0].visualElements[1].value", "اشترك"): Verify element property value successfully

2023-10-16 14:09:55 - [MESSAGE][PASSED] - Verify element property value successfully

2023-10-16 14:09:55 - [TEST_STEP][PASSED] - verifyElementPropertyValue(getResponse, "offers[2].groups[0].pricingPlans[0].pricingPlanData[0].visualElements[2].key", "logo"): Verify element property value successfully

2023-10-16 14:09:55 - [MESSAGE][PASSED] - Verify element property value successfully

2023-10-16 14:09:55 - [TEST_STEP][PASSED] - verifyElementPropertyValue(getResponse, "offers[2].groups[0].pricingPlans[0].pricingPlanData[0].visualElements[2].value", "https://static.s3.shahid.mbc.net/widget-images/icons/iconCreditCard.png"): Verify element property value successfully

2023-10-16 14:09:55 - [MESSAGE][PASSED] - Verify element property value successfully

2023-10-16 14:09:55 - [TEST_STEP][PASSED] - verifyElementPropertyValue(getResponse, "offers[8].offerId", "byg-30-offer"): Verify element property value successfully

2023-10-16 14:09:55 - [MESSAGE][PASSED] - Verify element property value successfully

2023-10-16 14:09:55 - [TEST_STEP][PASSED] - verifyElementPropertyValue(getResponse, "offers[8].offerParam", "bygoffer30"): Verify element property value successfully

2023-10-16 14:09:55 - [MESSAGE][PASSED] - Verify element property value successfully

2023-10-16 14:09:55 - [TEST_STEP][PASSED] - verifyElementPropertyValue(getResponse, "offers[8].groups[0].pricingPlans[0].featured", "true"): Verify element property value successfully

2023-10-16 14:09:55 - [MESSAGE][PASSED] - Verify element property value successfully

2023-10-16 14:09:55 - [TEST_STEP][PASSED] - verifyElementPropertyValue(getResponse, "offers[8].groups[0].pricingPlans[0].period", "monthly"): Verify element property value successfully

2023-10-16 14:09:55 - [MESSAGE][PASSED] - Verify element property value successfully

2023-10-16 14:09:55 - [TEST_STEP][PASSED] - verifyElementPropertyValue(getResponse, "offers[8].groups[0].pricingPlans[0].featured", "true"): Verify element property value successfully

2023-10-16 14:09:55 - [MESSAGE][PASSED] - Verify element property value successfully

2023-10-16 14:09:55 - [TEST_STEP][PASSED] - verifyElementPropertyValue(getResponse, "offers[8].groups[0].pricingPlans[0].price", "2.39"): Verify element property value successfully

2023-10-16 14:09:55 - [MESSAGE][PASSED] - Verify element property value successfully

2023-10-16 14:09:55 - [TEST_STEP][PASSED] - verifyElementPropertyValue(getResponse, "offers[8].groups[0].pricingPlans[0].currency", "KWD"): Verify element property value successfully

2023-10-16 14:09:55 - [MESSAGE][PASSED] - Verify element property value successfully

2023-10-16 14:09:55 - [TEST_STEP][PASSED] - verifyElementPropertyValue(getResponse, "offers[8].groups[0].pricingPlans[0].order", "0"): Verify element property value successfully

2023-10-16 14:09:55 - [MESSAGE][PASSED] - Verify element property value successfully

2023-10-16 14:09:55 - [TEST_STEP][PASSED] - verifyElementPropertyValue(getResponse, "offers[8].groups[0].pricingPlans[0].packageId", "SHAHID_VIP"): Verify element property value successfully

2023-10-16 14:09:55 - [MESSAGE][PASSED] - Verify element property value successfully

2023-10-16 14:09:55 - [TEST_STEP][PASSED] - verifyElementPropertyValue(getResponse, "offers[8].groups[0].pricingPlans[0].catalogId", "VIP"): Verify element property value successfully

2023-10-16 14:09:55 - [MESSAGE][PASSED] - Verify element property value successfully

2023-10-16 14:09:55 - [TEST_STEP][PASSED] - verifyElementPropertyValue(getResponse, "offers[8].groups[0].pricingPlans[0].visualElements[0].key", "Header_1_text"): Verify element property value successfully

2023-10-16 14:09:55 - [MESSAGE][PASSED] - Verify element property value successfully

2023-10-16 14:09:55 - [TEST_STEP][PASSED] - verifyElementPropertyValue(getResponse, "offers[8].groups[0].pricingPlans[0].visualElements[0].value", "شاهد أقوى المسلسلات و الأفلام حصرياً دون توقف"): Verify element property value successfully

2023-10-16 14:09:55 - [MESSAGE][PASSED] - Verify element property value successfully

2023-10-16 14:09:55 - [TEST_STEP][PASSED] - verifyElementPropertyValue(getResponse, "offers[8].groups[0].pricingPlans[0].visualElements[1].key", "display_title"): Verify element property value successfully

2023-10-16 14:09:55 - [MESSAGE][PASSED] - Verify element property value successfully

2023-10-16 14:09:55 - [TEST_STEP][PASSED] - verifyElementPropertyValue(getResponse, "offers[8].groups[0].pricingPlans[0].visualElements[1].value", "احصل على خصم 30%"): Verify element property value successfully

2023-10-16 14:09:55 - [MESSAGE][PASSED] - Verify element property value successfully

2023-10-16 14:09:55 - [TEST_STEP][PASSED] - verifyElementPropertyValue(getResponse, "offers[8].groups[0].pricingPlans[0].visualElements[3].key", "deduction_text"): Verify element property value successfully

2023-10-16 14:09:55 - [MESSAGE][PASSED] - Verify element property value successfully

2023-10-16 14:09:55 - [TEST_STEP][PASSED] - verifyElementPropertyValue(getResponse, "offers[8].groups[0].pricingPlans[0].visualElements[3].value", "تدفع شهرياً"): Verify element property value successfully

2023-10-16 14:09:55 - [MESSAGE][PASSED] - Verify element property value successfully

2023-10-16 14:09:55 - [TEST_STEP][PASSED] - verifyElementPropertyValue(getResponse, "offers[8].groups[0].pricingPlans[0].visualElements[6].key", "show_payment_logo"): Verify element property value successfully

2023-10-16 14:09:55 - [MESSAGE][PASSED] - Verify element property value successfully

2023-10-16 14:09:55 - [TEST_STEP][PASSED] - verifyElementPropertyValue(getResponse, "offers[8].groups[0].pricingPlans[0].visualElements[6].value", "true"): Verify element property value successfully

2023-10-16 14:09:55 - [MESSAGE][PASSED] - Verify element property value successfully

2023-10-16 14:09:55 - [TEST_STEP][PASSED] - verifyElementPropertyValue(getResponse, "offers[8].groups[0].pricingPlans[0].visualElements[8].key", "price"): Verify element property value successfully

2023-10-16 14:09:55 - [MESSAGE][PASSED] - Verify element property value successfully

2023-10-16 14:09:55 - [TEST_STEP][PASSED] - verifyElementPropertyValue(getResponse, "offers[8].groups[0].pricingPlans[0].visualElements[8].value", "2.39"): Verify element property value successfully

2023-10-16 14:09:55 - [MESSAGE][PASSED] - Verify element property value successfully

2023-10-16 14:09:55 - [TEST_STEP][PASSED] - verifyElementPropertyValue(getResponse, "offers[8].groups[0].pricingPlans[0].visualElements[9].key", "currency"): Verify element property value successfully

2023-10-16 14:09:55 - [MESSAGE][PASSED] - Verify element property value successfully

2023-10-16 14:09:55 - [TEST_STEP][PASSED] - verifyElementPropertyValue(getResponse, "offers[8].groups[0].pricingPlans[0].visualElements[9].value", "KWD"): Verify element property value successfully

2023-10-16 14:09:55 - [MESSAGE][PASSED] - Verify element property value successfully

2023-10-16 14:09:55 - [TEST_STEP][PASSED] - verifyElementPropertyValue(getResponse, "offers[8].groups[0].pricingPlans[0].visualElements[10].key", "duration"): Verify element property value successfully

2023-10-16 14:09:55 - [MESSAGE][PASSED] - Verify element property value successfully

2023-10-16 14:09:55 - [TEST_STEP][PASSED] - verifyElementPropertyValue(getResponse, "offers[8].groups[0].pricingPlans[0].visualElements[10].value", "شهرياً"): Verify element property value successfully

2023-10-16 14:09:55 - [MESSAGE][PASSED] - Verify element property value successfully

2023-10-16 14:09:55 - [TEST_STEP][PASSED] - verifyElementPropertyValue(getResponse, "offers[8].groups[0].pricingPlans[0].visualElements[11].key", "featured_tag_text"): Verify element property value successfully

2023-10-16 14:09:55 - [MESSAGE][PASSED] - Verify element property value successfully

2023-10-16 14:09:55 - [TEST_STEP][PASSED] - verifyElementPropertyValue(getResponse, "offers[8].groups[0].pricingPlans[0].visualElements[11].value", "عرض لمدة محدودة"): Verify element property value successfully

2023-10-16 14:09:55 - [MESSAGE][PASSED] - Verify element property value successfully

2023-10-16 14:09:55 - [TEST_STEP][PASSED] - verifyElementPropertyValue(getResponse, "offers[8].groups[0].pricingPlans[0].visualElements[13].key", "tag_text"): Verify element property value successfully

2023-10-16 14:09:55 - [MESSAGE][PASSED] - Verify element property value successfully

2023-10-16 14:09:55 - [TEST_STEP][PASSED] - verifyElementPropertyValue(getResponse, "offers[8].groups[0].pricingPlans[0].visualElements[13].value", "وفر 30%"): Verify element property value successfully

2023-10-16 14:09:55 - [MESSAGE][PASSED] - Verify element property value successfully

2023-10-16 14:09:55 - [TEST_STEP][PASSED] - verifyElementPropertyValue(getResponse, "offers[8].groups[0].pricingPlans[0].visualElements[12].key", "show_tag"): Verify element property value successfully

2023-10-16 14:09:55 - [MESSAGE][PASSED] - Verify element property value successfully

2023-10-16 14:09:55 - [TEST_STEP][PASSED] - verifyElementPropertyValue(getResponse, "offers[8].groups[0].pricingPlans[0].visualElements[12].value", "true"): Verify element property value successfully

2023-10-16 14:09:55 - [MESSAGE][PASSED] - Verify element property value successfully

2023-10-16 14:09:55 - [TEST_STEP][PASSED] - verifyElementPropertyValue(getResponse, "offers[8].groups[0].pricingPlans[0].pricingPlanData[0].productId", "KWT_B2C_SHAHID_VIP_1M"): Verify element property value successfully

2023-10-16 14:09:55 - [MESSAGE][PASSED] - Verify element property value successfully

2023-10-16 14:09:55 - [TEST_STEP][PASSED] - verifyElementPropertyValue(getResponse, "offers[8].groups[0].pricingPlans[0].pricingPlanData[0].paymentMethod", "CREDIT_CARD"): Verify element property value successfully

2023-10-16 14:09:55 - [MESSAGE][PASSED] - Verify element property value successfully

2023-10-16 14:09:55 - [TEST_STEP][PASSED] - verifyElementPropertyValue(getResponse, "offers[8].groups[0].pricingPlans[0].pricingPlanData[0].freeTrialEnabled", "false"): Verify element property value successfully

2023-10-16 14:09:55 - [MESSAGE][PASSED] - Verify element property value successfully

2023-10-16 14:09:55 - [TEST_STEP][PASSED] - verifyElementPropertyValue(getResponse, "offers[8].groups[0].pricingPlans[0].pricingPlanData[0].showIn[0]", "VERTICAL_MODE"): Verify element property value successfully

2023-10-16 14:09:55 - [MESSAGE][PASSED] - Verify element property value successfully

2023-10-16 14:09:55 - [TEST_STEP][PASSED] - verifyElementPropertyValue(getResponse, "offers[8].groups[0].pricingPlans[0].pricingPlanData[0].showIn[1]", "HORIZONTAL_MODE"): Verify element property value successfully

2023-10-16 14:09:55 - [MESSAGE][PASSED] - Verify element property value successfully

2023-10-16 14:09:55 - [TEST_STEP][PASSED] - verifyElementPropertyValue(getResponse, "offers[8].groups[0].pricingPlans[0].pricingPlanData[0].priceLabel", "2.39"): Verify element property value successfully

2023-10-16 14:09:55 - [MESSAGE][PASSED] - Verify element property value successfully

2023-10-16 14:09:55 - [TEST_STEP][PASSED] - verifyElementPropertyValue(getResponse, "offers[8].groups[0].pricingPlans[0].pricingPlanData[0].currencyLabel", "KWD"): Verify element property value successfully

2023-10-16 14:09:55 - [MESSAGE][PASSED] - Verify element property value successfully

2023-10-16 14:09:55 - [TEST_STEP][PASSED] - verifyElementPropertyValue(getResponse, "offers[8].groups[0].pricingPlans[0].pricingPlanData[0].dealId", "BYG_30P_KWT"): Verify element property value successfully

2023-10-16 14:09:55 - [MESSAGE][PASSED] - Verify element property value successfully

2023-10-16 14:09:55 - [TEST_STEP][PASSED] - verifyElementPropertyValue(getResponse, "offers[8].groups[0].pricingPlans[0].pricingPlanData[0].allowedForAcquisition", "true"): Verify element property value successfully

2023-10-16 14:09:55 - [MESSAGE][PASSED] - Verify element property value successfully

2023-10-16 14:09:55 - [TEST_STEP][PASSED] - verifyElementPropertyValue(getResponse, "offers[8].groups[0].pricingPlans[0].pricingPlanData[0].visualElements[0].key", "title"): Verify element property value successfully

2023-10-16 14:09:55 - [MESSAGE][PASSED] - Verify element property value successfully

2023-10-16 14:09:55 - [TEST_STEP][PASSED] - verifyElementPropertyValue(getResponse, "offers[8].groups[0].pricingPlans[0].pricingPlanData[0].visualElements[0].value", "البطاقة المصرفية"): Verify element property value successfully

2023-10-16 14:09:55 - [MESSAGE][PASSED] - Verify element property value successfully

2023-10-16 14:09:55 - [TEST_STEP][PASSED] - verifyElementPropertyValue(getResponse, "offers[8].groups[0].pricingPlans[0].pricingPlanData[0].visualElements[1].key", "CTA_text"): Verify element property value successfully

2023-10-16 14:09:55 - [MESSAGE][PASSED] - Verify element property value successfully

2023-10-16 14:09:55 - [TEST_STEP][PASSED] - verifyElementPropertyValue(getResponse, "offers[8].groups[0].pricingPlans[0].pricingPlanData[0].visualElements[1].value", "اشترك"): Verify element property value successfully

2023-10-16 14:09:55 - [MESSAGE][PASSED] - Verify element property value successfully

2023-10-16 14:09:55 - [TEST_STEP][PASSED] - verifyElementPropertyValue(getResponse, "offers[8].groups[0].pricingPlans[0].pricingPlanData[0].visualElements[2].key", "logo"): Verify element property value successfully

2023-10-16 14:09:55 - [MESSAGE][PASSED] - Verify element property value successfully

2023-10-16 14:09:55 - [TEST_STEP][PASSED] - verifyElementPropertyValue(getResponse, "offers[8].groups[0].pricingPlans[0].pricingPlanData[0].visualElements[2].value", "https://static.s3.shahid.mbc.net/widget-images/icons/iconCreditCard.png"): Verify element property value successfully

2023-10-16 14:09:55 - [MESSAGE][PASSED] - Verify element property value successfully

2023-10-16 14:09:55 - [TEST_STEP][PASSED] - verifyElementPropertyValue(getResponse, "offers[9].offerId", "byg-40-offer"): Verify element property value successfully

2023-10-16 14:09:55 - [MESSAGE][PASSED] - Verify element property value successfully

2023-10-16 14:09:55 - [TEST_STEP][PASSED] - verifyElementPropertyValue(getResponse, "offers[9].offerParam", "bygoffer40"): Verify element property value successfully

2023-10-16 14:09:55 - [MESSAGE][PASSED] - Verify element property value successfully

2023-10-16 14:09:55 - [TEST_STEP][PASSED] - verifyElementPropertyValue(getResponse, "offers[9].groups[0].pricingPlans[0].featured", "true"): Verify element property value successfully

2023-10-16 14:09:55 - [MESSAGE][PASSED] - Verify element property value successfully

2023-10-16 14:09:55 - [TEST_STEP][PASSED] - verifyElementPropertyValue(getResponse, "offers[9].groups[0].pricingPlans[0].period", "monthly"): Verify element property value successfully

2023-10-16 14:09:55 - [MESSAGE][PASSED] - Verify element property value successfully

2023-10-16 14:09:55 - [TEST_STEP][PASSED] - verifyElementPropertyValue(getResponse, "offers[9].groups[0].pricingPlans[0].featured", "true"): Verify element property value successfully

2023-10-16 14:09:55 - [MESSAGE][PASSED] - Verify element property value successfully

2023-10-16 14:09:55 - [TEST_STEP][PASSED] - verifyElementPropertyValue(getResponse, "offers[9].groups[0].pricingPlans[0].price", "1.99"): Verify element property value successfully

2023-10-16 14:09:55 - [MESSAGE][PASSED] - Verify element property value successfully

2023-10-16 14:09:55 - [TEST_STEP][PASSED] - verifyElementPropertyValue(getResponse, "offers[9].groups[0].pricingPlans[0].currency", "KWD"): Verify element property value successfully

2023-10-16 14:09:55 - [MESSAGE][PASSED] - Verify element property value successfully

2023-10-16 14:09:55 - [TEST_STEP][PASSED] - verifyElementPropertyValue(getResponse, "offers[9].groups[0].pricingPlans[0].order", "0"): Verify element property value successfully

2023-10-16 14:09:55 - [MESSAGE][PASSED] - Verify element property value successfully

2023-10-16 14:09:55 - [TEST_STEP][PASSED] - verifyElementPropertyValue(getResponse, "offers[9].groups[0].pricingPlans[0].packageId", "SHAHID_VIP"): Verify element property value successfully

2023-10-16 14:09:55 - [MESSAGE][PASSED] - Verify element property value successfully

2023-10-16 14:09:55 - [TEST_STEP][PASSED] - verifyElementPropertyValue(getResponse, "offers[9].groups[0].pricingPlans[0].catalogId", "VIP"): Verify element property value successfully

2023-10-16 14:09:55 - [MESSAGE][PASSED] - Verify element property value successfully

2023-10-16 14:09:55 - [TEST_STEP][PASSED] - verifyElementPropertyValue(getResponse, "offers[9].groups[0].pricingPlans[0].visualElements[0].key", "Header_1_text"): Verify element property value successfully

2023-10-16 14:09:55 - [MESSAGE][PASSED] - Verify element property value successfully

2023-10-16 14:09:55 - [TEST_STEP][PASSED] - verifyElementPropertyValue(getResponse, "offers[9].groups[0].pricingPlans[0].visualElements[0].value", "شاهد أقوى المسلسلات و الأفلام حصرياً دون توقف"): Verify element property value successfully

2023-10-16 14:09:55 - [MESSAGE][PASSED] - Verify element property value successfully

2023-10-16 14:09:55 - [TEST_STEP][PASSED] - verifyElementPropertyValue(getResponse, "offers[9].groups[0].pricingPlans[0].visualElements[1].key", "display_title"): Verify element property value successfully

2023-10-16 14:09:55 - [MESSAGE][PASSED] - Verify element property value successfully

2023-10-16 14:09:55 - [TEST_STEP][PASSED] - verifyElementPropertyValue(getResponse, "offers[9].groups[0].pricingPlans[0].visualElements[1].value", "احصل على خصم 40%"): Verify element property value successfully

2023-10-16 14:09:55 - [MESSAGE][PASSED] - Verify element property value successfully

2023-10-16 14:09:55 - [TEST_STEP][PASSED] - verifyElementPropertyValue(getResponse, "offers[9].groups[0].pricingPlans[0].visualElements[3].key", "deduction_text"): Verify element property value successfully

2023-10-16 14:09:55 - [MESSAGE][PASSED] - Verify element property value successfully

2023-10-16 14:09:55 - [TEST_STEP][PASSED] - verifyElementPropertyValue(getResponse, "offers[9].groups[0].pricingPlans[0].visualElements[3].value", "تدفع شهرياً"): Verify element property value successfully

2023-10-16 14:09:55 - [MESSAGE][PASSED] - Verify element property value successfully

2023-10-16 14:09:55 - [TEST_STEP][PASSED] - verifyElementPropertyValue(getResponse, "offers[9].groups[0].pricingPlans[0].visualElements[6].key", "show_payment_logo"): Verify element property value successfully

2023-10-16 14:09:55 - [MESSAGE][PASSED] - Verify element property value successfully

2023-10-16 14:09:55 - [TEST_STEP][PASSED] - verifyElementPropertyValue(getResponse, "offers[9].groups[0].pricingPlans[0].visualElements[6].value", "true"): Verify element property value successfully

2023-10-16 14:09:55 - [MESSAGE][PASSED] - Verify element property value successfully

2023-10-16 14:09:55 - [TEST_STEP][PASSED] - verifyElementPropertyValue(getResponse, "offers[9].groups[0].pricingPlans[0].visualElements[8].key", "price"): Verify element property value successfully

2023-10-16 14:09:55 - [MESSAGE][PASSED] - Verify element property value successfully

2023-10-16 14:09:55 - [TEST_STEP][PASSED] - verifyElementPropertyValue(getResponse, "offers[9].groups[0].pricingPlans[0].visualElements[8].value", "1.99"): Verify element property value successfully

2023-10-16 14:09:55 - [MESSAGE][PASSED] - Verify element property value successfully

2023-10-16 14:09:55 - [TEST_STEP][PASSED] - verifyElementPropertyValue(getResponse, "offers[9].groups[0].pricingPlans[0].visualElements[9].key", "currency"): Verify element property value successfully

2023-10-16 14:09:55 - [MESSAGE][PASSED] - Verify element property value successfully

2023-10-16 14:09:55 - [TEST_STEP][PASSED] - verifyElementPropertyValue(getResponse, "offers[9].groups[0].pricingPlans[0].visualElements[9].value", "KWD"): Verify element property value successfully

2023-10-16 14:09:55 - [MESSAGE][PASSED] - Verify element property value successfully

2023-10-16 14:09:55 - [TEST_STEP][PASSED] - verifyElementPropertyValue(getResponse, "offers[9].groups[0].pricingPlans[0].visualElements[10].key", "duration"): Verify element property value successfully

2023-10-16 14:09:55 - [MESSAGE][PASSED] - Verify element property value successfully

2023-10-16 14:09:55 - [TEST_STEP][PASSED] - verifyElementPropertyValue(getResponse, "offers[9].groups[0].pricingPlans[0].visualElements[10].value", "شهرياً"): Verify element property value successfully

2023-10-16 14:09:55 - [MESSAGE][PASSED] - Verify element property value successfully

2023-10-16 14:09:55 - [TEST_STEP][PASSED] - verifyElementPropertyValue(getResponse, "offers[9].groups[0].pricingPlans[0].visualElements[11].key", "featured_tag_text"): Verify element property value successfully

2023-10-16 14:09:55 - [MESSAGE][PASSED] - Verify element property value successfully

2023-10-16 14:09:55 - [TEST_STEP][PASSED] - verifyElementPropertyValue(getResponse, "offers[9].groups[0].pricingPlans[0].visualElements[11].value", "عرض لمدة محدودة"): Verify element property value successfully

2023-10-16 14:09:55 - [MESSAGE][PASSED] - Verify element property value successfully

2023-10-16 14:09:55 - [TEST_STEP][PASSED] - verifyElementPropertyValue(getResponse, "offers[9].groups[0].pricingPlans[0].visualElements[13].key", "tag_text"): Verify element property value successfully

2023-10-16 14:09:55 - [MESSAGE][PASSED] - Verify element property value successfully

2023-10-16 14:09:55 - [TEST_STEP][PASSED] - verifyElementPropertyValue(getResponse, "offers[9].groups[0].pricingPlans[0].visualElements[13].value", "وفر 40%"): Verify element property value successfully

2023-10-16 14:09:55 - [MESSAGE][PASSED] - Verify element property value successfully

2023-10-16 14:09:55 - [TEST_STEP][PASSED] - verifyElementPropertyValue(getResponse, "offers[9].groups[0].pricingPlans[0].visualElements[12].key", "show_tag"): Verify element property value successfully

2023-10-16 14:09:55 - [MESSAGE][PASSED] - Verify element property value successfully

2023-10-16 14:09:55 - [TEST_STEP][PASSED] - verifyElementPropertyValue(getResponse, "offers[9].groups[0].pricingPlans[0].visualElements[12].value", "true"): Verify element property value successfully

2023-10-16 14:09:55 - [MESSAGE][PASSED] - Verify element property value successfully

2023-10-16 14:09:55 - [TEST_STEP][PASSED] - verifyElementPropertyValue(getResponse, "offers[9].groups[0].pricingPlans[0].pricingPlanData[0].productId", "KWT_B2C_SHAHID_VIP_1M"): Verify element property value successfully

2023-10-16 14:09:55 - [MESSAGE][PASSED] - Verify element property value successfully

2023-10-16 14:09:55 - [TEST_STEP][PASSED] - verifyElementPropertyValue(getResponse, "offers[9].groups[0].pricingPlans[0].pricingPlanData[0].paymentMethod", "CREDIT_CARD"): Verify element property value successfully

2023-10-16 14:09:55 - [MESSAGE][PASSED] - Verify element property value successfully

2023-10-16 14:09:55 - [TEST_STEP][PASSED] - verifyElementPropertyValue(getResponse, "offers[9].groups[0].pricingPlans[0].pricingPlanData[0].freeTrialEnabled", "false"): Verify element property value successfully

2023-10-16 14:09:55 - [MESSAGE][PASSED] - Verify element property value successfully

2023-10-16 14:09:55 - [TEST_STEP][PASSED] - verifyElementPropertyValue(getResponse, "offers[9].groups[0].pricingPlans[0].pricingPlanData[0].showIn[0]", "VERTICAL_MODE"): Verify element property value successfully

2023-10-16 14:09:55 - [MESSAGE][PASSED] - Verify element property value successfully

2023-10-16 14:09:55 - [TEST_STEP][PASSED] - verifyElementPropertyValue(getResponse, "offers[9].groups[0].pricingPlans[0].pricingPlanData[0].showIn[1]", "HORIZONTAL_MODE"): Verify element property value successfully

2023-10-16 14:09:55 - [MESSAGE][PASSED] - Verify element property value successfully

2023-10-16 14:09:55 - [TEST_STEP][PASSED] - verifyElementPropertyValue(getResponse, "offers[9].groups[0].pricingPlans[0].pricingPlanData[0].priceLabel", "1.99"): Verify element property value successfully

2023-10-16 14:09:55 - [MESSAGE][PASSED] - Verify element property value successfully

2023-10-16 14:09:55 - [TEST_STEP][PASSED] - verifyElementPropertyValue(getResponse, "offers[9].groups[0].pricingPlans[0].pricingPlanData[0].currencyLabel", "KWD"): Verify element property value successfully

2023-10-16 14:09:55 - [MESSAGE][PASSED] - Verify element property value successfully

2023-10-16 14:09:55 - [TEST_STEP][PASSED] - verifyElementPropertyValue(getResponse, "offers[9].groups[0].pricingPlans[0].pricingPlanData[0].dealId", "BYG_40P_KWT"): Verify element property value successfully

2023-10-16 14:09:55 - [MESSAGE][PASSED] - Verify element property value successfully

2023-10-16 14:09:55 - [TEST_STEP][PASSED] - verifyElementPropertyValue(getResponse, "offers[9].groups[0].pricingPlans[0].pricingPlanData[0].allowedForAcquisition", "true"): Verify element property value successfully

2023-10-16 14:09:55 - [MESSAGE][PASSED] - Verify element property value successfully

2023-10-16 14:09:55 - [TEST_STEP][PASSED] - verifyElementPropertyValue(getResponse, "offers[9].groups[0].pricingPlans[0].pricingPlanData[0].visualElements[0].key", "title"): Verify element property value successfully

2023-10-16 14:09:55 - [MESSAGE][PASSED] - Verify element property value successfully

2023-10-16 14:09:55 - [TEST_STEP][PASSED] - verifyElementPropertyValue(getResponse, "offers[9].groups[0].pricingPlans[0].pricingPlanData[0].visualElements[0].value", "البطاقة المصرفية"): Verify element property value successfully

2023-10-16 14:09:55 - [MESSAGE][PASSED] - Verify element property value successfully

2023-10-16 14:09:55 - [TEST_STEP][PASSED] - verifyElementPropertyValue(getResponse, "offers[9].groups[0].pricingPlans[0].pricingPlanData[0].visualElements[1].key", "CTA_text"): Verify element property value successfully

2023-10-16 14:09:55 - [MESSAGE][PASSED] - Verify element property value successfully

2023-10-16 14:09:55 - [TEST_STEP][PASSED] - verifyElementPropertyValue(getResponse, "offers[9].groups[0].pricingPlans[0].pricingPlanData[0].visualElements[1].value", "اشترك"): Verify element property value successfully

2023-10-16 14:09:55 - [MESSAGE][PASSED] - Verify element property value successfully

2023-10-16 14:09:55 - [TEST_STEP][PASSED] - verifyElementPropertyValue(getResponse, "offers[9].groups[0].pricingPlans[0].pricingPlanData[0].visualElements[2].key", "logo"): Verify element property value successfully

2023-10-16 14:09:55 - [MESSAGE][PASSED] - Verify element property value successfully

2023-10-16 14:09:55 - [TEST_STEP][PASSED] - verifyElementPropertyValue(getResponse, "offers[9].groups[0].pricingPlans[0].pricingPlanData[0].visualElements[2].value", "https://static.s3.shahid.mbc.net/widget-images/icons/iconCreditCard.png"): Verify element property value successfully

2023-10-16 14:09:55 - [MESSAGE][PASSED] - Verify element property value successfully

2023-10-16 14:09:55 - [TEST_STEP][PASSED] - verifyElementPropertyValue(getResponse, "offers[10].offerId", "byg-50-offer"): Verify element property value successfully

2023-10-16 14:09:55 - [MESSAGE][PASSED] - Verify element property value successfully

2023-10-16 14:09:55 - [TEST_STEP][PASSED] - verifyElementPropertyValue(getResponse, "offers[10].offerParam", "bygoffer50"): Verify element property value successfully

2023-10-16 14:09:55 - [MESSAGE][PASSED] - Verify element property value successfully

2023-10-16 14:09:55 - [TEST_STEP][PASSED] - verifyElementPropertyValue(getResponse, "offers[10].groups[0].pricingPlans[0].featured", "true"): Verify element property value successfully

2023-10-16 14:09:55 - [MESSAGE][PASSED] - Verify element property value successfully

2023-10-16 14:09:55 - [TEST_STEP][PASSED] - verifyElementPropertyValue(getResponse, "offers[10].groups[0].pricingPlans[0].period", "monthly"): Verify element property value successfully

2023-10-16 14:09:55 - [MESSAGE][PASSED] - Verify element property value successfully

2023-10-16 14:09:55 - [TEST_STEP][PASSED] - verifyElementPropertyValue(getResponse, "offers[10].groups[0].pricingPlans[0].featured", "true"): Verify element property value successfully

2023-10-16 14:09:55 - [MESSAGE][PASSED] - Verify element property value successfully

2023-10-16 14:09:55 - [TEST_STEP][PASSED] - verifyElementPropertyValue(getResponse, "offers[10].groups[0].pricingPlans[0].price", "1.69"): Verify element property value successfully

2023-10-16 14:09:55 - [MESSAGE][PASSED] - Verify element property value successfully

2023-10-16 14:09:55 - [TEST_STEP][PASSED] - verifyElementPropertyValue(getResponse, "offers[10].groups[0].pricingPlans[0].currency", "KWD"): Verify element property value successfully

2023-10-16 14:09:55 - [MESSAGE][PASSED] - Verify element property value successfully

2023-10-16 14:09:55 - [TEST_STEP][PASSED] - verifyElementPropertyValue(getResponse, "offers[10].groups[0].pricingPlans[0].order", "0"): Verify element property value successfully

2023-10-16 14:09:55 - [MESSAGE][PASSED] - Verify element property value successfully

2023-10-16 14:09:55 - [TEST_STEP][PASSED] - verifyElementPropertyValue(getResponse, "offers[10].groups[0].pricingPlans[0].packageId", "SHAHID_VIP"): Verify element property value successfully

2023-10-16 14:09:55 - [MESSAGE][PASSED] - Verify element property value successfully

2023-10-16 14:09:55 - [TEST_STEP][PASSED] - verifyElementPropertyValue(getResponse, "offers[10].groups[0].pricingPlans[0].catalogId", "VIP"): Verify element property value successfully

2023-10-16 14:09:55 - [MESSAGE][PASSED] - Verify element property value successfully

2023-10-16 14:09:55 - [TEST_STEP][PASSED] - verifyElementPropertyValue(getResponse, "offers[10].groups[0].pricingPlans[0].visualElements[0].key", "Header_1_text"): Verify element property value successfully

2023-10-16 14:09:55 - [MESSAGE][PASSED] - Verify element property value successfully

2023-10-16 14:09:55 - [TEST_STEP][PASSED] - verifyElementPropertyValue(getResponse, "offers[10].groups[0].pricingPlans[0].visualElements[0].value", "شاهد أقوى المسلسلات و الأفلام حصرياً دون توقف"): Verify element property value successfully

2023-10-16 14:09:55 - [MESSAGE][PASSED] - Verify element property value successfully

2023-10-16 14:09:55 - [TEST_STEP][PASSED] - verifyElementPropertyValue(getResponse, "offers[10].groups[0].pricingPlans[0].visualElements[1].key", "display_title"): Verify element property value successfully

2023-10-16 14:09:55 - [MESSAGE][PASSED] - Verify element property value successfully

2023-10-16 14:09:55 - [TEST_STEP][PASSED] - verifyElementPropertyValue(getResponse, "offers[10].groups[0].pricingPlans[0].visualElements[1].value", "احصل على خصم 50%"): Verify element property value successfully

2023-10-16 14:09:55 - [MESSAGE][PASSED] - Verify element property value successfully

2023-10-16 14:09:55 - [TEST_STEP][PASSED] - verifyElementPropertyValue(getResponse, "offers[10].groups[0].pricingPlans[0].visualElements[3].key", "deduction_text"): Verify element property value successfully

2023-10-16 14:09:55 - [MESSAGE][PASSED] - Verify element property value successfully

2023-10-16 14:09:55 - [TEST_STEP][PASSED] - verifyElementPropertyValue(getResponse, "offers[10].groups[0].pricingPlans[0].visualElements[3].value", "تدفع شهرياً"): Verify element property value successfully

2023-10-16 14:09:55 - [MESSAGE][PASSED] - Verify element property value successfully

2023-10-16 14:09:55 - [TEST_STEP][PASSED] - verifyElementPropertyValue(getResponse, "offers[10].groups[0].pricingPlans[0].visualElements[6].key", "show_payment_logo"): Verify element property value successfully

2023-10-16 14:09:55 - [MESSAGE][PASSED] - Verify element property value successfully

2023-10-16 14:09:55 - [TEST_STEP][PASSED] - verifyElementPropertyValue(getResponse, "offers[10].groups[0].pricingPlans[0].visualElements[6].value", "true"): Verify element property value successfully

2023-10-16 14:09:55 - [MESSAGE][PASSED] - Verify element property value successfully

2023-10-16 14:09:55 - [TEST_STEP][PASSED] - verifyElementPropertyValue(getResponse, "offers[10].groups[0].pricingPlans[0].visualElements[8].key", "price"): Verify element property value successfully

2023-10-16 14:09:55 - [MESSAGE][PASSED] - Verify element property value successfully

2023-10-16 14:09:55 - [TEST_STEP][PASSED] - verifyElementPropertyValue(getResponse, "offers[10].groups[0].pricingPlans[0].visualElements[8].value", "1.69"): Verify element property value successfully

2023-10-16 14:09:55 - [MESSAGE][PASSED] - Verify element property value successfully

2023-10-16 14:09:55 - [TEST_STEP][PASSED] - verifyElementPropertyValue(getResponse, "offers[10].groups[0].pricingPlans[0].visualElements[9].key", "currency"): Verify element property value successfully

2023-10-16 14:09:55 - [MESSAGE][PASSED] - Verify element property value successfully

2023-10-16 14:09:55 - [TEST_STEP][PASSED] - verifyElementPropertyValue(getResponse, "offers[10].groups[0].pricingPlans[0].visualElements[9].value", "KWD"): Verify element property value successfully

2023-10-16 14:09:55 - [MESSAGE][PASSED] - Verify element property value successfully

2023-10-16 14:09:55 - [TEST_STEP][PASSED] - verifyElementPropertyValue(getResponse, "offers[10].groups[0].pricingPlans[0].visualElements[10].key", "duration"): Verify element property value successfully

2023-10-16 14:09:56 - [MESSAGE][PASSED] - Verify element property value successfully

2023-10-16 14:09:56 - [TEST_STEP][PASSED] - verifyElementPropertyValue(getResponse, "offers[10].groups[0].pricingPlans[0].visualElements[10].value", "شهرياً"): Verify element property value successfully

2023-10-16 14:09:56 - [MESSAGE][PASSED] - Verify element property value successfully

2023-10-16 14:09:56 - [TEST_STEP][PASSED] - verifyElementPropertyValue(getResponse, "offers[10].groups[0].pricingPlans[0].visualElements[11].key", "featured_tag_text"): Verify element property value successfully

2023-10-16 14:09:56 - [MESSAGE][PASSED] - Verify element property value successfully

2023-10-16 14:09:56 - [TEST_STEP][PASSED] - verifyElementPropertyValue(getResponse, "offers[10].groups[0].pricingPlans[0].visualElements[11].value", "عرض لمدة محدودة"): Verify element property value successfully

2023-10-16 14:09:56 - [MESSAGE][PASSED] - Verify element property value successfully

2023-10-16 14:09:56 - [TEST_STEP][PASSED] - verifyElementPropertyValue(getResponse, "offers[10].groups[0].pricingPlans[0].visualElements[13].key", "tag_text"): Verify element property value successfully

2023-10-16 14:09:56 - [MESSAGE][PASSED] - Verify element property value successfully

2023-10-16 14:09:56 - [TEST_STEP][PASSED] - verifyElementPropertyValue(getResponse, "offers[10].groups[0].pricingPlans[0].visualElements[13].value", "وفر 50%"): Verify element property value successfully

2023-10-16 14:09:56 - [MESSAGE][PASSED] - Verify element property value successfully

2023-10-16 14:09:56 - [TEST_STEP][PASSED] - verifyElementPropertyValue(getResponse, "offers[10].groups[0].pricingPlans[0].visualElements[12].key", "show_tag"): Verify element property value successfully

2023-10-16 14:09:56 - [MESSAGE][PASSED] - Verify element property value successfully

2023-10-16 14:09:56 - [TEST_STEP][PASSED] - verifyElementPropertyValue(getResponse, "offers[10].groups[0].pricingPlans[0].visualElements[12].value", "true"): Verify element property value successfully

2023-10-16 14:09:56 - [MESSAGE][PASSED] - Verify element property value successfully

2023-10-16 14:09:56 - [TEST_STEP][PASSED] - verifyElementPropertyValue(getResponse, "offers[10].groups[0].pricingPlans[0].pricingPlanData[0].productId", "KWT_B2C_SHAHID_VIP_1M"): Verify element property value successfully

2023-10-16 14:09:56 - [MESSAGE][PASSED] - Verify element property value successfully

2023-10-16 14:09:56 - [TEST_STEP][PASSED] - verifyElementPropertyValue(getResponse, "offers[10].groups[0].pricingPlans[0].pricingPlanData[0].paymentMethod", "CREDIT_CARD"): Verify element property value successfully

2023-10-16 14:09:56 - [MESSAGE][PASSED] - Verify element property value successfully

2023-10-16 14:09:56 - [TEST_STEP][PASSED] - verifyElementPropertyValue(getResponse, "offers[10].groups[0].pricingPlans[0].pricingPlanData[0].freeTrialEnabled", "false"): Verify element property value successfully

2023-10-16 14:09:56 - [MESSAGE][PASSED] - Verify element property value successfully

2023-10-16 14:09:56 - [TEST_STEP][PASSED] - verifyElementPropertyValue(getResponse, "offers[10].groups[0].pricingPlans[0].pricingPlanData[0].showIn[0]", "VERTICAL_MODE"): Verify element property value successfully

2023-10-16 14:09:56 - [MESSAGE][PASSED] - Verify element property value successfully

2023-10-16 14:09:56 - [TEST_STEP][PASSED] - verifyElementPropertyValue(getResponse, "offers[10].groups[0].pricingPlans[0].pricingPlanData[0].showIn[1]", "HORIZONTAL_MODE"): Verify element property value successfully

2023-10-16 14:09:56 - [MESSAGE][PASSED] - Verify element property value successfully

2023-10-16 14:09:56 - [TEST_STEP][PASSED] - verifyElementPropertyValue(getResponse, "offers[10].groups[0].pricingPlans[0].pricingPlanData[0].priceLabel", "1.69"): Verify element property value successfully

2023-10-16 14:09:56 - [MESSAGE][PASSED] - Verify element property value successfully

2023-10-16 14:09:56 - [TEST_STEP][PASSED] - verifyElementPropertyValue(getResponse, "offers[10].groups[0].pricingPlans[0].pricingPlanData[0].currencyLabel", "KWD"): Verify element property value successfully

2023-10-16 14:09:56 - [MESSAGE][PASSED] - Verify element property value successfully

2023-10-16 14:09:56 - [TEST_STEP][PASSED] - verifyElementPropertyValue(getResponse, "offers[10].groups[0].pricingPlans[0].pricingPlanData[0].dealId", "BYG_50P_KWT"): Verify element property value successfully

2023-10-16 14:09:56 - [MESSAGE][PASSED] - Verify element property value successfully

2023-10-16 14:09:56 - [TEST_STEP][PASSED] - verifyElementPropertyValue(getResponse, "offers[10].groups[0].pricingPlans[0].pricingPlanData[0].allowedForAcquisition", "true"): Verify element property value successfully

2023-10-16 14:09:56 - [MESSAGE][PASSED] - Verify element property value successfully

2023-10-16 14:09:56 - [TEST_STEP][PASSED] - verifyElementPropertyValue(getResponse, "offers[10].groups[0].pricingPlans[0].pricingPlanData[0].visualElements[0].key", "title"): Verify element property value successfully

2023-10-16 14:09:56 - [MESSAGE][PASSED] - Verify element property value successfully

2023-10-16 14:09:56 - [TEST_STEP][PASSED] - verifyElementPropertyValue(getResponse, "offers[10].groups[0].pricingPlans[0].pricingPlanData[0].visualElements[0].value", "البطاقة المصرفية"): Verify element property value successfully

2023-10-16 14:09:56 - [MESSAGE][PASSED] - Verify element property value successfully

2023-10-16 14:09:56 - [TEST_STEP][PASSED] - verifyElementPropertyValue(getResponse, "offers[10].groups[0].pricingPlans[0].pricingPlanData[0].visualElements[1].key", "CTA_text"): Verify element property value successfully

2023-10-16 14:09:56 - [MESSAGE][PASSED] - Verify element property value successfully

2023-10-16 14:09:56 - [TEST_STEP][PASSED] - verifyElementPropertyValue(getResponse, "offers[10].groups[0].pricingPlans[0].pricingPlanData[0].visualElements[1].value", "اشترك"): Verify element property value successfully

2023-10-16 14:09:56 - [MESSAGE][PASSED] - Verify element property value successfully

2023-10-16 14:09:56 - [TEST_STEP][PASSED] - verifyElementPropertyValue(getResponse, "offers[10].groups[0].pricingPlans[0].pricingPlanData[0].visualElements[2].key", "logo"): Verify element property value successfully

2023-10-16 14:09:56 - [MESSAGE][PASSED] - Verify element property value successfully

2023-10-16 14:09:56 - [TEST_STEP][PASSED] - verifyElementPropertyValue(getResponse, "offers[10].groups[0].pricingPlans[0].pricingPlanData[0].visualElements[2].value", "https://static.s3.shahid.mbc.net/widget-images/icons/iconCreditCard.png"): Verify element property value successfully

2023-10-16 14:09:56 - [MESSAGE][PASSED] - Verify element property value successfully]]></system-out>
         <system-err><![CDATA[]]></system-err>
      </testcase>
      <testcase name="Test Cases/WEB - CHROME/KWT PI/WEB_EN_getOffersForKWT_VIP" time="3.714" classname="Test Cases/WEB - CHROME/KWT PI/WEB_EN_getOffersForKWT_VIP" status="FAILED">
         <failure type="FAILED" message="Test Cases/WEB - CHROME/KWT PI/WEB_EN_getOffersForKWT_VIP FAILED.
Reason:
com.kms.katalon.core.exception.StepFailedException: Expected element property value '30% Discount Offer' is not equal with actual property value '30% Discount Offer​'
	at com.kms.katalon.core.keyword.internal.KeywordMain.stepFailed(KeywordMain.groovy:39)
	at com.kms.katalon.core.webservice.keyword.builtin.VerifyElementPropertyValueKeyword$_verifyElementPropertyValue_closure1.doCall(VerifyElementPropertyValueKeyword.groovy:56)
	at com.kms.katalon.core.webservice.keyword.builtin.VerifyElementPropertyValueKeyword$_verifyElementPropertyValue_closure1.call(VerifyElementPropertyValueKeyword.groovy)
	at com.kms.katalon.core.keyword.internal.KeywordMain.runKeyword(KeywordMain.groovy:75)
	at com.kms.katalon.core.webservice.keyword.builtin.VerifyElementPropertyValueKeyword.verifyElementPropertyValue(VerifyElementPropertyValueKeyword.groovy:48)
	at com.kms.katalon.core.webservice.keyword.builtin.VerifyElementPropertyValueKeyword.execute(VerifyElementPropertyValueKeyword.groovy:43)
	at com.kms.katalon.core.keyword.internal.KeywordExecutor.executeKeywordForPlatform(KeywordExecutor.groovy:74)
	at com.kms.katalon.core.webservice.keyword.WSBuiltInKeywords.verifyElementPropertyValue(WSBuiltInKeywords.groovy:190)
	at com.kms.katalon.core.webservice.keyword.WSBuiltInKeywords$verifyElementPropertyValue$1.call(Unknown Source)
	at WEB_EN_getOffersForKWT_VIP.run(WEB_EN_getOffersForKWT_VIP:60)
	at com.kms.katalon.core.main.ScriptEngine.run(ScriptEngine.java:194)
	at com.kms.katalon.core.main.ScriptEngine.runScriptAsRawText(ScriptEngine.java:119)
	at com.kms.katalon.core.main.TestCaseExecutor.runScript(TestCaseExecutor.java:448)
	at com.kms.katalon.core.main.TestCaseExecutor.doExecute(TestCaseExecutor.java:439)
	at com.kms.katalon.core.main.TestCaseExecutor.processExecutionPhase(TestCaseExecutor.java:418)
	at com.kms.katalon.core.main.TestCaseExecutor.accessMainPhase(TestCaseExecutor.java:410)
	at com.kms.katalon.core.main.TestCaseExecutor.execute(TestCaseExecutor.java:285)
	at com.kms.katalon.core.common.CommonExecutor.accessTestCaseMainPhase(CommonExecutor.java:65)
	at com.kms.katalon.core.main.TestSuiteExecutor.accessTestSuiteMainPhase(TestSuiteExecutor.java:148)
	at com.kms.katalon.core.main.TestSuiteExecutor.execute(TestSuiteExecutor.java:106)
	at com.kms.katalon.core.main.TestCaseMain.startTestSuite(TestCaseMain.java:187)
	at com.kms.katalon.core.main.TestCaseMain$startTestSuite$0.call(Unknown Source)
	at TempTestSuite1697454199331.run(TempTestSuite1697454199331.groovy:36)
"/>
         <system-out><![CDATA[2023-10-16 14:09:56 - [TEST_CASE][FAILED] - Test Cases/WEB - CHROME/KWT PI/WEB_EN_getOffersForKWT_VIP: Test Cases/WEB - CHROME/KWT PI/WEB_EN_getOffersForKWT_VIP FAILED.
Reason:
com.kms.katalon.core.exception.StepFailedException: Expected element property value '30% Discount Offer' is not equal with actual property value '30% Discount Offer​'
	at com.kms.katalon.core.keyword.internal.KeywordMain.stepFailed(KeywordMain.groovy:39)
	at com.kms.katalon.core.webservice.keyword.builtin.VerifyElementPropertyValueKeyword$_verifyElementPropertyValue_closure1.doCall(VerifyElementPropertyValueKeyword.groovy:56)
	at com.kms.katalon.core.webservice.keyword.builtin.VerifyElementPropertyValueKeyword$_verifyElementPropertyValue_closure1.call(VerifyElementPropertyValueKeyword.groovy)
	at com.kms.katalon.core.keyword.internal.KeywordMain.runKeyword(KeywordMain.groovy:75)
	at com.kms.katalon.core.webservice.keyword.builtin.VerifyElementPropertyValueKeyword.verifyElementPropertyValue(VerifyElementPropertyValueKeyword.groovy:48)
	at com.kms.katalon.core.webservice.keyword.builtin.VerifyElementPropertyValueKeyword.execute(VerifyElementPropertyValueKeyword.groovy:43)
	at com.kms.katalon.core.keyword.internal.KeywordExecutor.executeKeywordForPlatform(KeywordExecutor.groovy:74)
	at com.kms.katalon.core.webservice.keyword.WSBuiltInKeywords.verifyElementPropertyValue(WSBuiltInKeywords.groovy:190)
	at com.kms.katalon.core.webservice.keyword.WSBuiltInKeywords$verifyElementPropertyValue$1.call(Unknown Source)
	at WEB_EN_getOffersForKWT_VIP.run(WEB_EN_getOffersForKWT_VIP:60)
	at com.kms.katalon.core.main.ScriptEngine.run(ScriptEngine.java:194)
	at com.kms.katalon.core.main.ScriptEngine.runScriptAsRawText(ScriptEngine.java:119)
	at com.kms.katalon.core.main.TestCaseExecutor.runScript(TestCaseExecutor.java:448)
	at com.kms.katalon.core.main.TestCaseExecutor.doExecute(TestCaseExecutor.java:439)
	at com.kms.katalon.core.main.TestCaseExecutor.processExecutionPhase(TestCaseExecutor.java:418)
	at com.kms.katalon.core.main.TestCaseExecutor.accessMainPhase(TestCaseExecutor.java:410)
	at com.kms.katalon.core.main.TestCaseExecutor.execute(TestCaseExecutor.java:285)
	at com.kms.katalon.core.common.CommonExecutor.accessTestCaseMainPhase(CommonExecutor.java:65)
	at com.kms.katalon.core.main.TestSuiteExecutor.accessTestSuiteMainPhase(TestSuiteExecutor.java:148)
	at com.kms.katalon.core.main.TestSuiteExecutor.execute(TestSuiteExecutor.java:106)
	at com.kms.katalon.core.main.TestCaseMain.startTestSuite(TestCaseMain.java:187)
	at com.kms.katalon.core.main.TestCaseMain$startTestSuite$0.call(Unknown Source)
	at TempTestSuite1697454199331.run(TempTestSuite1697454199331.groovy:36)


2023-10-16 14:09:56 - [TEST_STEP][PASSED] - getResponse = config_files.getConfigFile.getConfig("WEB", "EN", "SHAHID_VIP", "KW", "false"): config_files.getConfigFile.getConfig is PASSED

2023-10-16 14:09:57 - [MESSAGE][INFO] - HAR: /Users/admin/git/shahid-configuration/Reports/20231016_140310/WEB/KWT/20231016_140319/requests/main/6.har

2023-10-16 14:09:57 - [MESSAGE][PASSED] - Send request successfully

2023-10-16 14:09:57 - [MESSAGE][PASSED] - config_files.getConfigFile.getConfig is PASSED

2023-10-16 14:09:57 - [TEST_STEP][PASSED] - verifyResponseStatusCode(getResponse, 200): Verify response status code successfully

2023-10-16 14:09:57 - [MESSAGE][PASSED] - Verify response status code successfully

2023-10-16 14:09:57 - [TEST_STEP][PASSED] - verifyElementPropertyValue(getResponse, "country", "KWT"): Verify element property value successfully

2023-10-16 14:09:57 - [MESSAGE][PASSED] - Verify element property value successfully

2023-10-16 14:09:57 - [TEST_STEP][PASSED] - verifyElementPropertyValue(getResponse, "platform", "[WEB]"): Verify element property value successfully

2023-10-16 14:09:57 - [MESSAGE][PASSED] - Verify element property value successfully

2023-10-16 14:09:57 - [TEST_STEP][PASSED] - verifyElementPropertyValue(getResponse, "offers[0].offerId", "winback-30-offer"): Verify element property value successfully

2023-10-16 14:09:57 - [MESSAGE][PASSED] - Verify element property value successfully

2023-10-16 14:09:57 - [TEST_STEP][PASSED] - verifyElementPropertyValue(getResponse, "offers[0].offerParam", "winback30"): Verify element property value successfully

2023-10-16 14:09:57 - [MESSAGE][PASSED] - Verify element property value successfully

2023-10-16 14:09:57 - [TEST_STEP][PASSED] - verifyElementPropertyValue(getResponse, "offers[0].groups[0].pricingPlans[0].featured", "true"): Verify element property value successfully

2023-10-16 14:09:57 - [MESSAGE][PASSED] - Verify element property value successfully

2023-10-16 14:09:57 - [TEST_STEP][PASSED] - verifyElementPropertyValue(getResponse, "offers[0].groups[0].pricingPlans[0].period", "monthly"): Verify element property value successfully

2023-10-16 14:09:57 - [MESSAGE][PASSED] - Verify element property value successfully

2023-10-16 14:09:57 - [TEST_STEP][PASSED] - verifyElementPropertyValue(getResponse, "offers[0].groups[0].pricingPlans[0].featured", "true"): Verify element property value successfully

2023-10-16 14:09:57 - [MESSAGE][PASSED] - Verify element property value successfully

2023-10-16 14:09:57 - [TEST_STEP][PASSED] - verifyElementPropertyValue(getResponse, "offers[0].groups[0].pricingPlans[0].price", "2.39"): Verify element property value successfully

2023-10-16 14:09:57 - [MESSAGE][PASSED] - Verify element property value successfully

2023-10-16 14:09:57 - [TEST_STEP][PASSED] - verifyElementPropertyValue(getResponse, "offers[0].groups[0].pricingPlans[0].currency", "KWD"): Verify element property value successfully

2023-10-16 14:09:57 - [MESSAGE][PASSED] - Verify element property value successfully

2023-10-16 14:09:57 - [TEST_STEP][PASSED] - verifyElementPropertyValue(getResponse, "offers[0].groups[0].pricingPlans[0].order", "0"): Verify element property value successfully

2023-10-16 14:09:57 - [MESSAGE][PASSED] - Verify element property value successfully

2023-10-16 14:09:57 - [TEST_STEP][PASSED] - verifyElementPropertyValue(getResponse, "offers[0].groups[0].pricingPlans[0].packageId", "SHAHID_VIP"): Verify element property value successfully

2023-10-16 14:09:57 - [MESSAGE][PASSED] - Verify element property value successfully

2023-10-16 14:09:57 - [TEST_STEP][PASSED] - verifyElementPropertyValue(getResponse, "offers[0].groups[0].pricingPlans[0].catalogId", "VIP"): Verify element property value successfully

2023-10-16 14:09:57 - [MESSAGE][PASSED] - Verify element property value successfully

2023-10-16 14:09:57 - [TEST_STEP][PASSED] - verifyElementPropertyValue(getResponse, "offers[0].groups[0].pricingPlans[0].visualElements[0].key", "Header_1_text"): Verify element property value successfully

2023-10-16 14:09:57 - [MESSAGE][PASSED] - Verify element property value successfully

2023-10-16 14:09:57 - [TEST_STEP][PASSED] - verifyElementPropertyValue(getResponse, "offers[0].groups[0].pricingPlans[0].visualElements[0].value", "Watch the most powerful series and movies exclusively without stopping"): Verify element property value successfully

2023-10-16 14:09:57 - [MESSAGE][PASSED] - Verify element property value successfully

2023-10-16 14:09:57 - [TEST_STEP][PASSED] - verifyElementPropertyValue(getResponse, "offers[0].groups[0].pricingPlans[0].visualElements[1].key", "display_title"): Verify element property value successfully

2023-10-16 14:09:57 - [MESSAGE][PASSED] - Verify element property value successfully

2023-10-16 14:09:57 - [TEST_STEP][FAILED] - verifyElementPropertyValue(getResponse, "offers[0].groups[0].pricingPlans[0].visualElements[1].value", "30% Discount Offer"): Expected element property value '30% Discount Offer' is not equal with actual property value '30% Discount Offer​'

2023-10-16 14:09:57 - [MESSAGE][FAILED] - Expected element property value '30% Discount Offer' is not equal with actual property value '30% Discount Offer​'

2023-10-16 14:09:57 - [TEST_STEP][PASSED] - verifyElementPropertyValue(getResponse, "offers[0].groups[0].pricingPlans[0].visualElements[3].key", "deduction_text"): Verify element property value successfully

2023-10-16 14:09:57 - [MESSAGE][PASSED] - Verify element property value successfully

2023-10-16 14:09:57 - [TEST_STEP][PASSED] - verifyElementPropertyValue(getResponse, "offers[0].groups[0].pricingPlans[0].visualElements[3].value", "billed every month"): Verify element property value successfully

2023-10-16 14:09:57 - [MESSAGE][PASSED] - Verify element property value successfully

2023-10-16 14:09:57 - [TEST_STEP][PASSED] - verifyElementPropertyValue(getResponse, "offers[0].groups[0].pricingPlans[0].visualElements[6].key", "show_payment_logo"): Verify element property value successfully

2023-10-16 14:09:57 - [MESSAGE][PASSED] - Verify element property value successfully

2023-10-16 14:09:57 - [TEST_STEP][PASSED] - verifyElementPropertyValue(getResponse, "offers[0].groups[0].pricingPlans[0].visualElements[6].value", "true"): Verify element property value successfully

2023-10-16 14:09:57 - [MESSAGE][PASSED] - Verify element property value successfully

2023-10-16 14:09:57 - [TEST_STEP][PASSED] - verifyElementPropertyValue(getResponse, "offers[0].groups[0].pricingPlans[0].visualElements[8].key", "price"): Verify element property value successfully

2023-10-16 14:09:57 - [MESSAGE][PASSED] - Verify element property value successfully

2023-10-16 14:09:57 - [TEST_STEP][PASSED] - verifyElementPropertyValue(getResponse, "offers[0].groups[0].pricingPlans[0].visualElements[8].value", "2.39"): Verify element property value successfully

2023-10-16 14:09:57 - [MESSAGE][PASSED] - Verify element property value successfully

2023-10-16 14:09:57 - [TEST_STEP][PASSED] - verifyElementPropertyValue(getResponse, "offers[0].groups[0].pricingPlans[0].visualElements[9].key", "currency"): Verify element property value successfully

2023-10-16 14:09:57 - [MESSAGE][PASSED] - Verify element property value successfully

2023-10-16 14:09:57 - [TEST_STEP][PASSED] - verifyElementPropertyValue(getResponse, "offers[0].groups[0].pricingPlans[0].visualElements[9].value", "KWD"): Verify element property value successfully

2023-10-16 14:09:57 - [MESSAGE][PASSED] - Verify element property value successfully

2023-10-16 14:09:57 - [TEST_STEP][PASSED] - verifyElementPropertyValue(getResponse, "offers[0].groups[0].pricingPlans[0].visualElements[10].key", "duration"): Verify element property value successfully

2023-10-16 14:09:57 - [MESSAGE][PASSED] - Verify element property value successfully

2023-10-16 14:09:57 - [TEST_STEP][PASSED] - verifyElementPropertyValue(getResponse, "offers[0].groups[0].pricingPlans[0].visualElements[10].value", "Monthly"): Verify element property value successfully

2023-10-16 14:09:57 - [MESSAGE][PASSED] - Verify element property value successfully

2023-10-16 14:09:57 - [TEST_STEP][PASSED] - verifyElementPropertyValue(getResponse, "offers[0].groups[0].pricingPlans[0].visualElements[11].key", "featured_tag_text"): Verify element property value successfully

2023-10-16 14:09:57 - [MESSAGE][PASSED] - Verify element property value successfully

2023-10-16 14:09:57 - [TEST_STEP][PASSED] - verifyElementPropertyValue(getResponse, "offers[0].groups[0].pricingPlans[0].visualElements[11].value", "Limited Time Offer"): Verify element property value successfully

2023-10-16 14:09:57 - [MESSAGE][PASSED] - Verify element property value successfully

2023-10-16 14:09:57 - [TEST_STEP][PASSED] - verifyElementPropertyValue(getResponse, "offers[0].groups[0].pricingPlans[0].visualElements[12].key", "show_tag"): Verify element property value successfully

2023-10-16 14:09:57 - [MESSAGE][PASSED] - Verify element property value successfully

2023-10-16 14:09:57 - [TEST_STEP][PASSED] - verifyElementPropertyValue(getResponse, "offers[0].groups[0].pricingPlans[0].visualElements[12].value", "true"): Verify element property value successfully

2023-10-16 14:09:57 - [MESSAGE][PASSED] - Verify element property value successfully

2023-10-16 14:09:57 - [TEST_STEP][PASSED] - verifyElementPropertyValue(getResponse, "offers[0].groups[0].pricingPlans[0].visualElements[13].key", "tag_text"): Verify element property value successfully

2023-10-16 14:09:57 - [MESSAGE][PASSED] - Verify element property value successfully

2023-10-16 14:09:57 - [TEST_STEP][PASSED] - verifyElementPropertyValue(getResponse, "offers[0].groups[0].pricingPlans[0].visualElements[13].value", "Save 30%"): Verify element property value successfully

2023-10-16 14:09:57 - [MESSAGE][PASSED] - Verify element property value successfully

2023-10-16 14:09:57 - [TEST_STEP][PASSED] - verifyElementPropertyValue(getResponse, "offers[0].groups[0].pricingPlans[0].pricingPlanData[0].productId", "KWT_B2C_SHAHID_VIP_1M"): Verify element property value successfully

2023-10-16 14:09:57 - [MESSAGE][PASSED] - Verify element property value successfully

2023-10-16 14:09:57 - [TEST_STEP][PASSED] - verifyElementPropertyValue(getResponse, "offers[0].groups[0].pricingPlans[0].pricingPlanData[0].paymentMethod", "CREDIT_CARD"): Verify element property value successfully

2023-10-16 14:09:57 - [MESSAGE][PASSED] - Verify element property value successfully

2023-10-16 14:09:57 - [TEST_STEP][PASSED] - verifyElementPropertyValue(getResponse, "offers[0].groups[0].pricingPlans[0].pricingPlanData[0].freeTrialEnabled", "false"): Verify element property value successfully

2023-10-16 14:09:57 - [MESSAGE][PASSED] - Verify element property value successfully

2023-10-16 14:09:57 - [TEST_STEP][PASSED] - verifyElementPropertyValue(getResponse, "offers[0].groups[0].pricingPlans[0].pricingPlanData[0].showIn[0]", "VERTICAL_MODE"): Verify element property value successfully

2023-10-16 14:09:57 - [MESSAGE][PASSED] - Verify element property value successfully

2023-10-16 14:09:57 - [TEST_STEP][PASSED] - verifyElementPropertyValue(getResponse, "offers[0].groups[0].pricingPlans[0].pricingPlanData[0].showIn[1]", "HORIZONTAL_MODE"): Verify element property value successfully

2023-10-16 14:09:57 - [MESSAGE][PASSED] - Verify element property value successfully

2023-10-16 14:09:57 - [TEST_STEP][PASSED] - verifyElementPropertyValue(getResponse, "offers[0].groups[0].pricingPlans[0].pricingPlanData[0].priceLabel", "2.39"): Verify element property value successfully

2023-10-16 14:09:57 - [MESSAGE][PASSED] - Verify element property value successfully

2023-10-16 14:09:57 - [TEST_STEP][PASSED] - verifyElementPropertyValue(getResponse, "offers[0].groups[0].pricingPlans[0].pricingPlanData[0].currencyLabel", "KWD"): Verify element property value successfully

2023-10-16 14:09:57 - [MESSAGE][PASSED] - Verify element property value successfully

2023-10-16 14:09:57 - [TEST_STEP][PASSED] - verifyElementPropertyValue(getResponse, "offers[0].groups[0].pricingPlans[0].pricingPlanData[0].dealId", "RE_30P_KWT"): Verify element property value successfully

2023-10-16 14:09:57 - [MESSAGE][PASSED] - Verify element property value successfully

2023-10-16 14:09:57 - [TEST_STEP][PASSED] - verifyElementPropertyValue(getResponse, "offers[0].groups[0].pricingPlans[0].pricingPlanData[0].allowedForAcquisition", "true"): Verify element property value successfully

2023-10-16 14:09:57 - [MESSAGE][PASSED] - Verify element property value successfully

2023-10-16 14:09:57 - [TEST_STEP][PASSED] - verifyElementPropertyValue(getResponse, "offers[0].groups[0].pricingPlans[0].pricingPlanData[0].visualElements[0].key", "title"): Verify element property value successfully

2023-10-16 14:09:57 - [MESSAGE][PASSED] - Verify element property value successfully

2023-10-16 14:09:57 - [TEST_STEP][PASSED] - verifyElementPropertyValue(getResponse, "offers[0].groups[0].pricingPlans[0].pricingPlanData[0].visualElements[0].value", "Credit/Debit Card"): Verify element property value successfully

2023-10-16 14:09:57 - [MESSAGE][PASSED] - Verify element property value successfully

2023-10-16 14:09:57 - [TEST_STEP][PASSED] - verifyElementPropertyValue(getResponse, "offers[0].groups[0].pricingPlans[0].pricingPlanData[0].visualElements[1].key", "CTA_text"): Verify element property value successfully

2023-10-16 14:09:57 - [MESSAGE][PASSED] - Verify element property value successfully

2023-10-16 14:09:57 - [TEST_STEP][PASSED] - verifyElementPropertyValue(getResponse, "offers[0].groups[0].pricingPlans[0].pricingPlanData[0].visualElements[1].value", "Subscribe"): Verify element property value successfully

2023-10-16 14:09:57 - [MESSAGE][PASSED] - Verify element property value successfully

2023-10-16 14:09:57 - [TEST_STEP][PASSED] - verifyElementPropertyValue(getResponse, "offers[0].groups[0].pricingPlans[0].pricingPlanData[0].visualElements[2].key", "logo"): Verify element property value successfully

2023-10-16 14:09:57 - [MESSAGE][PASSED] - Verify element property value successfully

2023-10-16 14:09:57 - [TEST_STEP][PASSED] - verifyElementPropertyValue(getResponse, "offers[0].groups[0].pricingPlans[0].pricingPlanData[0].visualElements[2].value", "https://static.s3.shahid.mbc.net/widget-images/icons/iconCreditCard.png"): Verify element property value successfully

2023-10-16 14:09:57 - [MESSAGE][PASSED] - Verify element property value successfully

2023-10-16 14:09:57 - [TEST_STEP][PASSED] - verifyElementPropertyValue(getResponse, "offers[1].offerId", "winback-40-offer"): Verify element property value successfully

2023-10-16 14:09:57 - [MESSAGE][PASSED] - Verify element property value successfully

2023-10-16 14:09:57 - [TEST_STEP][PASSED] - verifyElementPropertyValue(getResponse, "offers[1].offerParam", "winback40"): Verify element property value successfully

2023-10-16 14:09:57 - [MESSAGE][PASSED] - Verify element property value successfully

2023-10-16 14:09:57 - [TEST_STEP][PASSED] - verifyElementPropertyValue(getResponse, "offers[1].groups[0].pricingPlans[0].featured", "true"): Verify element property value successfully

2023-10-16 14:09:57 - [MESSAGE][PASSED] - Verify element property value successfully

2023-10-16 14:09:57 - [TEST_STEP][PASSED] - verifyElementPropertyValue(getResponse, "offers[1].groups[0].pricingPlans[0].period", "monthly"): Verify element property value successfully

2023-10-16 14:09:57 - [MESSAGE][PASSED] - Verify element property value successfully

2023-10-16 14:09:57 - [TEST_STEP][PASSED] - verifyElementPropertyValue(getResponse, "offers[1].groups[0].pricingPlans[0].featured", "true"): Verify element property value successfully

2023-10-16 14:09:57 - [MESSAGE][PASSED] - Verify element property value successfully

2023-10-16 14:09:57 - [TEST_STEP][PASSED] - verifyElementPropertyValue(getResponse, "offers[1].groups[0].pricingPlans[0].price", "1.99"): Verify element property value successfully

2023-10-16 14:09:57 - [MESSAGE][PASSED] - Verify element property value successfully

2023-10-16 14:09:57 - [TEST_STEP][PASSED] - verifyElementPropertyValue(getResponse, "offers[1].groups[0].pricingPlans[0].currency", "KWD"): Verify element property value successfully

2023-10-16 14:09:57 - [MESSAGE][PASSED] - Verify element property value successfully

2023-10-16 14:09:57 - [TEST_STEP][PASSED] - verifyElementPropertyValue(getResponse, "offers[1].groups[0].pricingPlans[0].order", "0"): Verify element property value successfully

2023-10-16 14:09:57 - [MESSAGE][PASSED] - Verify element property value successfully

2023-10-16 14:09:57 - [TEST_STEP][PASSED] - verifyElementPropertyValue(getResponse, "offers[1].groups[0].pricingPlans[0].packageId", "SHAHID_VIP"): Verify element property value successfully

2023-10-16 14:09:57 - [MESSAGE][PASSED] - Verify element property value successfully

2023-10-16 14:09:57 - [TEST_STEP][PASSED] - verifyElementPropertyValue(getResponse, "offers[1].groups[0].pricingPlans[0].catalogId", "VIP"): Verify element property value successfully

2023-10-16 14:09:57 - [MESSAGE][PASSED] - Verify element property value successfully

2023-10-16 14:09:57 - [TEST_STEP][PASSED] - verifyElementPropertyValue(getResponse, "offers[1].groups[0].pricingPlans[0].visualElements[0].key", "Header_1_text"): Verify element property value successfully

2023-10-16 14:09:57 - [MESSAGE][PASSED] - Verify element property value successfully

2023-10-16 14:09:57 - [TEST_STEP][PASSED] - verifyElementPropertyValue(getResponse, "offers[1].groups[0].pricingPlans[0].visualElements[0].value", "Watch the most powerful series and movies exclusively without stopping"): Verify element property value successfully

2023-10-16 14:09:57 - [MESSAGE][PASSED] - Verify element property value successfully

2023-10-16 14:09:57 - [TEST_STEP][PASSED] - verifyElementPropertyValue(getResponse, "offers[1].groups[0].pricingPlans[0].visualElements[1].key", "display_title"): Verify element property value successfully

2023-10-16 14:09:57 - [MESSAGE][PASSED] - Verify element property value successfully

2023-10-16 14:09:57 - [TEST_STEP][FAILED] - verifyElementPropertyValue(getResponse, "offers[1].groups[0].pricingPlans[0].visualElements[1].value", "40% Discount Offer"): Expected element property value '40% Discount Offer' is not equal with actual property value '40% Discount Offer​'

2023-10-16 14:09:57 - [MESSAGE][FAILED] - Expected element property value '40% Discount Offer' is not equal with actual property value '40% Discount Offer​'

2023-10-16 14:09:57 - [TEST_STEP][PASSED] - verifyElementPropertyValue(getResponse, "offers[1].groups[0].pricingPlans[0].visualElements[3].key", "deduction_text"): Verify element property value successfully

2023-10-16 14:09:57 - [MESSAGE][PASSED] - Verify element property value successfully

2023-10-16 14:09:57 - [TEST_STEP][PASSED] - verifyElementPropertyValue(getResponse, "offers[1].groups[0].pricingPlans[0].visualElements[3].value", "billed every month"): Verify element property value successfully

2023-10-16 14:09:57 - [MESSAGE][PASSED] - Verify element property value successfully

2023-10-16 14:09:57 - [TEST_STEP][PASSED] - verifyElementPropertyValue(getResponse, "offers[1].groups[0].pricingPlans[0].visualElements[6].key", "show_payment_logo"): Verify element property value successfully

2023-10-16 14:09:57 - [MESSAGE][PASSED] - Verify element property value successfully

2023-10-16 14:09:57 - [TEST_STEP][PASSED] - verifyElementPropertyValue(getResponse, "offers[1].groups[0].pricingPlans[0].visualElements[6].value", "true"): Verify element property value successfully

2023-10-16 14:09:57 - [MESSAGE][PASSED] - Verify element property value successfully

2023-10-16 14:09:57 - [TEST_STEP][PASSED] - verifyElementPropertyValue(getResponse, "offers[1].groups[0].pricingPlans[0].visualElements[8].key", "price"): Verify element property value successfully

2023-10-16 14:09:57 - [MESSAGE][PASSED] - Verify element property value successfully

2023-10-16 14:09:57 - [TEST_STEP][PASSED] - verifyElementPropertyValue(getResponse, "offers[1].groups[0].pricingPlans[0].visualElements[8].value", "1.99"): Verify element property value successfully

2023-10-16 14:09:57 - [MESSAGE][PASSED] - Verify element property value successfully

2023-10-16 14:09:57 - [TEST_STEP][PASSED] - verifyElementPropertyValue(getResponse, "offers[1].groups[0].pricingPlans[0].visualElements[9].key", "currency"): Verify element property value successfully

2023-10-16 14:09:57 - [MESSAGE][PASSED] - Verify element property value successfully

2023-10-16 14:09:57 - [TEST_STEP][PASSED] - verifyElementPropertyValue(getResponse, "offers[1].groups[0].pricingPlans[0].visualElements[9].value", "KWD"): Verify element property value successfully

2023-10-16 14:09:57 - [MESSAGE][PASSED] - Verify element property value successfully

2023-10-16 14:09:57 - [TEST_STEP][PASSED] - verifyElementPropertyValue(getResponse, "offers[1].groups[0].pricingPlans[0].visualElements[10].key", "duration"): Verify element property value successfully

2023-10-16 14:09:57 - [MESSAGE][PASSED] - Verify element property value successfully

2023-10-16 14:09:57 - [TEST_STEP][PASSED] - verifyElementPropertyValue(getResponse, "offers[1].groups[0].pricingPlans[0].visualElements[10].value", "Monthly"): Verify element property value successfully

2023-10-16 14:09:57 - [MESSAGE][PASSED] - Verify element property value successfully

2023-10-16 14:09:57 - [TEST_STEP][PASSED] - verifyElementPropertyValue(getResponse, "offers[1].groups[0].pricingPlans[0].visualElements[11].key", "featured_tag_text"): Verify element property value successfully

2023-10-16 14:09:57 - [MESSAGE][PASSED] - Verify element property value successfully

2023-10-16 14:09:57 - [TEST_STEP][PASSED] - verifyElementPropertyValue(getResponse, "offers[1].groups[0].pricingPlans[0].visualElements[11].value", "Limited Time Offer"): Verify element property value successfully

2023-10-16 14:09:57 - [MESSAGE][PASSED] - Verify element property value successfully

2023-10-16 14:09:57 - [TEST_STEP][PASSED] - verifyElementPropertyValue(getResponse, "offers[1].groups[0].pricingPlans[0].visualElements[13].key", "tag_text"): Verify element property value successfully

2023-10-16 14:09:57 - [MESSAGE][PASSED] - Verify element property value successfully

2023-10-16 14:09:57 - [TEST_STEP][PASSED] - verifyElementPropertyValue(getResponse, "offers[1].groups[0].pricingPlans[0].visualElements[13].value", "Save 40%"): Verify element property value successfully

2023-10-16 14:09:57 - [MESSAGE][PASSED] - Verify element property value successfully

2023-10-16 14:09:57 - [TEST_STEP][PASSED] - verifyElementPropertyValue(getResponse, "offers[1].groups[0].pricingPlans[0].visualElements[12].key", "show_tag"): Verify element property value successfully

2023-10-16 14:09:57 - [MESSAGE][PASSED] - Verify element property value successfully

2023-10-16 14:09:57 - [TEST_STEP][PASSED] - verifyElementPropertyValue(getResponse, "offers[1].groups[0].pricingPlans[0].visualElements[12].value", "true"): Verify element property value successfully

2023-10-16 14:09:57 - [MESSAGE][PASSED] - Verify element property value successfully

2023-10-16 14:09:57 - [TEST_STEP][PASSED] - verifyElementPropertyValue(getResponse, "offers[1].groups[0].pricingPlans[0].pricingPlanData[0].productId", "KWT_B2C_SHAHID_VIP_1M"): Verify element property value successfully

2023-10-16 14:09:57 - [MESSAGE][PASSED] - Verify element property value successfully

2023-10-16 14:09:57 - [TEST_STEP][PASSED] - verifyElementPropertyValue(getResponse, "offers[1].groups[0].pricingPlans[0].pricingPlanData[0].paymentMethod", "CREDIT_CARD"): Verify element property value successfully

2023-10-16 14:09:57 - [MESSAGE][PASSED] - Verify element property value successfully

2023-10-16 14:09:57 - [TEST_STEP][PASSED] - verifyElementPropertyValue(getResponse, "offers[1].groups[0].pricingPlans[0].pricingPlanData[0].freeTrialEnabled", "false"): Verify element property value successfully

2023-10-16 14:09:57 - [MESSAGE][PASSED] - Verify element property value successfully

2023-10-16 14:09:57 - [TEST_STEP][PASSED] - verifyElementPropertyValue(getResponse, "offers[1].groups[0].pricingPlans[0].pricingPlanData[0].showIn[0]", "VERTICAL_MODE"): Verify element property value successfully

2023-10-16 14:09:57 - [MESSAGE][PASSED] - Verify element property value successfully

2023-10-16 14:09:57 - [TEST_STEP][PASSED] - verifyElementPropertyValue(getResponse, "offers[1].groups[0].pricingPlans[0].pricingPlanData[0].showIn[1]", "HORIZONTAL_MODE"): Verify element property value successfully

2023-10-16 14:09:57 - [MESSAGE][PASSED] - Verify element property value successfully

2023-10-16 14:09:57 - [TEST_STEP][PASSED] - verifyElementPropertyValue(getResponse, "offers[1].groups[0].pricingPlans[0].pricingPlanData[0].priceLabel", "1.99"): Verify element property value successfully

2023-10-16 14:09:57 - [MESSAGE][PASSED] - Verify element property value successfully

2023-10-16 14:09:57 - [TEST_STEP][PASSED] - verifyElementPropertyValue(getResponse, "offers[1].groups[0].pricingPlans[0].pricingPlanData[0].currencyLabel", "KWD"): Verify element property value successfully

2023-10-16 14:09:57 - [MESSAGE][PASSED] - Verify element property value successfully

2023-10-16 14:09:57 - [TEST_STEP][PASSED] - verifyElementPropertyValue(getResponse, "offers[1].groups[0].pricingPlans[0].pricingPlanData[0].dealId", "RE_40P_KWT"): Verify element property value successfully

2023-10-16 14:09:57 - [MESSAGE][PASSED] - Verify element property value successfully

2023-10-16 14:09:57 - [TEST_STEP][PASSED] - verifyElementPropertyValue(getResponse, "offers[1].groups[0].pricingPlans[0].pricingPlanData[0].allowedForAcquisition", "true"): Verify element property value successfully

2023-10-16 14:09:57 - [MESSAGE][PASSED] - Verify element property value successfully

2023-10-16 14:09:57 - [TEST_STEP][PASSED] - verifyElementPropertyValue(getResponse, "offers[1].groups[0].pricingPlans[0].pricingPlanData[0].visualElements[0].key", "title"): Verify element property value successfully

2023-10-16 14:09:57 - [MESSAGE][PASSED] - Verify element property value successfully

2023-10-16 14:09:57 - [TEST_STEP][PASSED] - verifyElementPropertyValue(getResponse, "offers[1].groups[0].pricingPlans[0].pricingPlanData[0].visualElements[0].value", "Credit/Debit Card"): Verify element property value successfully

2023-10-16 14:09:57 - [MESSAGE][PASSED] - Verify element property value successfully

2023-10-16 14:09:57 - [TEST_STEP][PASSED] - verifyElementPropertyValue(getResponse, "offers[1].groups[0].pricingPlans[0].pricingPlanData[0].visualElements[1].key", "CTA_text"): Verify element property value successfully

2023-10-16 14:09:57 - [MESSAGE][PASSED] - Verify element property value successfully

2023-10-16 14:09:57 - [TEST_STEP][PASSED] - verifyElementPropertyValue(getResponse, "offers[1].groups[0].pricingPlans[0].pricingPlanData[0].visualElements[1].value", "Subscribe"): Verify element property value successfully

2023-10-16 14:09:57 - [MESSAGE][PASSED] - Verify element property value successfully

2023-10-16 14:09:57 - [TEST_STEP][PASSED] - verifyElementPropertyValue(getResponse, "offers[1].groups[0].pricingPlans[0].pricingPlanData[0].visualElements[2].key", "logo"): Verify element property value successfully

2023-10-16 14:09:57 - [MESSAGE][PASSED] - Verify element property value successfully

2023-10-16 14:09:57 - [TEST_STEP][PASSED] - verifyElementPropertyValue(getResponse, "offers[1].groups[0].pricingPlans[0].pricingPlanData[0].visualElements[2].value", "https://static.s3.shahid.mbc.net/widget-images/icons/iconCreditCard.png"): Verify element property value successfully

2023-10-16 14:09:57 - [MESSAGE][PASSED] - Verify element property value successfully

2023-10-16 14:09:57 - [TEST_STEP][PASSED] - verifyElementPropertyValue(getResponse, "offers[2].offerId", "winback-50-offer"): Verify element property value successfully

2023-10-16 14:09:57 - [MESSAGE][PASSED] - Verify element property value successfully

2023-10-16 14:09:57 - [TEST_STEP][PASSED] - verifyElementPropertyValue(getResponse, "offers[2].offerParam", "winback50"): Verify element property value successfully

2023-10-16 14:09:58 - [MESSAGE][PASSED] - Verify element property value successfully

2023-10-16 14:09:58 - [TEST_STEP][PASSED] - verifyElementPropertyValue(getResponse, "offers[2].groups[0].pricingPlans[0].featured", "true"): Verify element property value successfully

2023-10-16 14:09:58 - [MESSAGE][PASSED] - Verify element property value successfully

2023-10-16 14:09:58 - [TEST_STEP][PASSED] - verifyElementPropertyValue(getResponse, "offers[2].groups[0].pricingPlans[0].period", "monthly"): Verify element property value successfully

2023-10-16 14:09:58 - [MESSAGE][PASSED] - Verify element property value successfully

2023-10-16 14:09:58 - [TEST_STEP][PASSED] - verifyElementPropertyValue(getResponse, "offers[2].groups[0].pricingPlans[0].featured", "true"): Verify element property value successfully

2023-10-16 14:09:58 - [MESSAGE][PASSED] - Verify element property value successfully

2023-10-16 14:09:58 - [TEST_STEP][PASSED] - verifyElementPropertyValue(getResponse, "offers[2].groups[0].pricingPlans[0].price", "1.69"): Verify element property value successfully

2023-10-16 14:09:58 - [MESSAGE][PASSED] - Verify element property value successfully

2023-10-16 14:09:58 - [TEST_STEP][PASSED] - verifyElementPropertyValue(getResponse, "offers[2].groups[0].pricingPlans[0].currency", "KWD"): Verify element property value successfully

2023-10-16 14:09:58 - [MESSAGE][PASSED] - Verify element property value successfully

2023-10-16 14:09:58 - [TEST_STEP][PASSED] - verifyElementPropertyValue(getResponse, "offers[2].groups[0].pricingPlans[0].order", "0"): Verify element property value successfully

2023-10-16 14:09:58 - [MESSAGE][PASSED] - Verify element property value successfully

2023-10-16 14:09:58 - [TEST_STEP][PASSED] - verifyElementPropertyValue(getResponse, "offers[2].groups[0].pricingPlans[0].packageId", "SHAHID_VIP"): Verify element property value successfully

2023-10-16 14:09:58 - [MESSAGE][PASSED] - Verify element property value successfully

2023-10-16 14:09:58 - [TEST_STEP][PASSED] - verifyElementPropertyValue(getResponse, "offers[2].groups[0].pricingPlans[0].catalogId", "VIP"): Verify element property value successfully

2023-10-16 14:09:58 - [MESSAGE][PASSED] - Verify element property value successfully

2023-10-16 14:09:58 - [TEST_STEP][PASSED] - verifyElementPropertyValue(getResponse, "offers[2].groups[0].pricingPlans[0].visualElements[0].key", "Header_1_text"): Verify element property value successfully

2023-10-16 14:09:58 - [MESSAGE][PASSED] - Verify element property value successfully

2023-10-16 14:09:58 - [TEST_STEP][PASSED] - verifyElementPropertyValue(getResponse, "offers[2].groups[0].pricingPlans[0].visualElements[0].value", "Watch the most powerful series and movies exclusively without stopping"): Verify element property value successfully

2023-10-16 14:09:58 - [MESSAGE][PASSED] - Verify element property value successfully

2023-10-16 14:09:58 - [TEST_STEP][PASSED] - verifyElementPropertyValue(getResponse, "offers[2].groups[0].pricingPlans[0].visualElements[1].key", "display_title"): Verify element property value successfully

2023-10-16 14:09:58 - [MESSAGE][PASSED] - Verify element property value successfully

2023-10-16 14:09:58 - [TEST_STEP][FAILED] - verifyElementPropertyValue(getResponse, "offers[2].groups[0].pricingPlans[0].visualElements[1].value", "50% Discount Offer"): Expected element property value '50% Discount Offer' is not equal with actual property value '50% Discount Offer​'

2023-10-16 14:09:58 - [MESSAGE][FAILED] - Expected element property value '50% Discount Offer' is not equal with actual property value '50% Discount Offer​'

2023-10-16 14:09:58 - [TEST_STEP][PASSED] - verifyElementPropertyValue(getResponse, "offers[2].groups[0].pricingPlans[0].visualElements[3].key", "deduction_text"): Verify element property value successfully

2023-10-16 14:09:58 - [MESSAGE][PASSED] - Verify element property value successfully

2023-10-16 14:09:58 - [TEST_STEP][PASSED] - verifyElementPropertyValue(getResponse, "offers[2].groups[0].pricingPlans[0].visualElements[3].value", "billed every month"): Verify element property value successfully

2023-10-16 14:09:58 - [MESSAGE][PASSED] - Verify element property value successfully

2023-10-16 14:09:58 - [TEST_STEP][PASSED] - verifyElementPropertyValue(getResponse, "offers[2].groups[0].pricingPlans[0].visualElements[6].key", "show_payment_logo"): Verify element property value successfully

2023-10-16 14:09:58 - [MESSAGE][PASSED] - Verify element property value successfully

2023-10-16 14:09:58 - [TEST_STEP][PASSED] - verifyElementPropertyValue(getResponse, "offers[2].groups[0].pricingPlans[0].visualElements[6].value", "true"): Verify element property value successfully

2023-10-16 14:09:58 - [MESSAGE][PASSED] - Verify element property value successfully

2023-10-16 14:09:58 - [TEST_STEP][PASSED] - verifyElementPropertyValue(getResponse, "offers[2].groups[0].pricingPlans[0].visualElements[8].key", "price"): Verify element property value successfully

2023-10-16 14:09:58 - [MESSAGE][PASSED] - Verify element property value successfully

2023-10-16 14:09:58 - [TEST_STEP][PASSED] - verifyElementPropertyValue(getResponse, "offers[2].groups[0].pricingPlans[0].visualElements[8].value", "1.69"): Verify element property value successfully

2023-10-16 14:09:58 - [MESSAGE][PASSED] - Verify element property value successfully

2023-10-16 14:09:58 - [TEST_STEP][PASSED] - verifyElementPropertyValue(getResponse, "offers[2].groups[0].pricingPlans[0].visualElements[9].key", "currency"): Verify element property value successfully

2023-10-16 14:09:58 - [MESSAGE][PASSED] - Verify element property value successfully

2023-10-16 14:09:58 - [TEST_STEP][PASSED] - verifyElementPropertyValue(getResponse, "offers[2].groups[0].pricingPlans[0].visualElements[9].value", "KWD"): Verify element property value successfully

2023-10-16 14:09:58 - [MESSAGE][PASSED] - Verify element property value successfully

2023-10-16 14:09:58 - [TEST_STEP][PASSED] - verifyElementPropertyValue(getResponse, "offers[2].groups[0].pricingPlans[0].visualElements[10].key", "duration"): Verify element property value successfully

2023-10-16 14:09:58 - [MESSAGE][PASSED] - Verify element property value successfully

2023-10-16 14:09:58 - [TEST_STEP][PASSED] - verifyElementPropertyValue(getResponse, "offers[2].groups[0].pricingPlans[0].visualElements[10].value", "Monthly"): Verify element property value successfully

2023-10-16 14:09:58 - [MESSAGE][PASSED] - Verify element property value successfully

2023-10-16 14:09:58 - [TEST_STEP][PASSED] - verifyElementPropertyValue(getResponse, "offers[2].groups[0].pricingPlans[0].visualElements[11].key", "featured_tag_text"): Verify element property value successfully

2023-10-16 14:09:58 - [MESSAGE][PASSED] - Verify element property value successfully

2023-10-16 14:09:58 - [TEST_STEP][PASSED] - verifyElementPropertyValue(getResponse, "offers[2].groups[0].pricingPlans[0].visualElements[11].value", "Limited Time Offer"): Verify element property value successfully

2023-10-16 14:09:58 - [MESSAGE][PASSED] - Verify element property value successfully

2023-10-16 14:09:58 - [TEST_STEP][PASSED] - verifyElementPropertyValue(getResponse, "offers[2].groups[0].pricingPlans[0].visualElements[13].key", "tag_text"): Verify element property value successfully

2023-10-16 14:09:58 - [MESSAGE][PASSED] - Verify element property value successfully

2023-10-16 14:09:58 - [TEST_STEP][PASSED] - verifyElementPropertyValue(getResponse, "offers[2].groups[0].pricingPlans[0].visualElements[13].value", "Save 50%"): Verify element property value successfully

2023-10-16 14:09:58 - [MESSAGE][PASSED] - Verify element property value successfully

2023-10-16 14:09:58 - [TEST_STEP][PASSED] - verifyElementPropertyValue(getResponse, "offers[2].groups[0].pricingPlans[0].visualElements[12].key", "show_tag"): Verify element property value successfully

2023-10-16 14:09:58 - [MESSAGE][PASSED] - Verify element property value successfully

2023-10-16 14:09:58 - [TEST_STEP][PASSED] - verifyElementPropertyValue(getResponse, "offers[2].groups[0].pricingPlans[0].visualElements[12].value", "true"): Verify element property value successfully

2023-10-16 14:09:58 - [MESSAGE][PASSED] - Verify element property value successfully

2023-10-16 14:09:58 - [TEST_STEP][PASSED] - verifyElementPropertyValue(getResponse, "offers[2].groups[0].pricingPlans[0].pricingPlanData[0].productId", "KWT_B2C_SHAHID_VIP_1M"): Verify element property value successfully

2023-10-16 14:09:58 - [MESSAGE][PASSED] - Verify element property value successfully

2023-10-16 14:09:58 - [TEST_STEP][PASSED] - verifyElementPropertyValue(getResponse, "offers[2].groups[0].pricingPlans[0].pricingPlanData[0].paymentMethod", "CREDIT_CARD"): Verify element property value successfully

2023-10-16 14:09:58 - [MESSAGE][PASSED] - Verify element property value successfully

2023-10-16 14:09:58 - [TEST_STEP][PASSED] - verifyElementPropertyValue(getResponse, "offers[2].groups[0].pricingPlans[0].pricingPlanData[0].freeTrialEnabled", "false"): Verify element property value successfully

2023-10-16 14:09:58 - [MESSAGE][PASSED] - Verify element property value successfully

2023-10-16 14:09:58 - [TEST_STEP][PASSED] - verifyElementPropertyValue(getResponse, "offers[2].groups[0].pricingPlans[0].pricingPlanData[0].showIn[0]", "VERTICAL_MODE"): Verify element property value successfully

2023-10-16 14:09:58 - [MESSAGE][PASSED] - Verify element property value successfully

2023-10-16 14:09:58 - [TEST_STEP][PASSED] - verifyElementPropertyValue(getResponse, "offers[2].groups[0].pricingPlans[0].pricingPlanData[0].showIn[1]", "HORIZONTAL_MODE"): Verify element property value successfully

2023-10-16 14:09:58 - [MESSAGE][PASSED] - Verify element property value successfully

2023-10-16 14:09:58 - [TEST_STEP][PASSED] - verifyElementPropertyValue(getResponse, "offers[2].groups[0].pricingPlans[0].pricingPlanData[0].priceLabel", "1.69"): Verify element property value successfully

2023-10-16 14:09:58 - [MESSAGE][PASSED] - Verify element property value successfully

2023-10-16 14:09:58 - [TEST_STEP][PASSED] - verifyElementPropertyValue(getResponse, "offers[2].groups[0].pricingPlans[0].pricingPlanData[0].currencyLabel", "KWD"): Verify element property value successfully

2023-10-16 14:09:58 - [MESSAGE][PASSED] - Verify element property value successfully

2023-10-16 14:09:58 - [TEST_STEP][PASSED] - verifyElementPropertyValue(getResponse, "offers[2].groups[0].pricingPlans[0].pricingPlanData[0].dealId", "RE_50P_KWT"): Verify element property value successfully

2023-10-16 14:09:58 - [MESSAGE][PASSED] - Verify element property value successfully

2023-10-16 14:09:58 - [TEST_STEP][PASSED] - verifyElementPropertyValue(getResponse, "offers[2].groups[0].pricingPlans[0].pricingPlanData[0].allowedForAcquisition", "true"): Verify element property value successfully

2023-10-16 14:09:58 - [MESSAGE][PASSED] - Verify element property value successfully

2023-10-16 14:09:58 - [TEST_STEP][PASSED] - verifyElementPropertyValue(getResponse, "offers[2].groups[0].pricingPlans[0].pricingPlanData[0].visualElements[0].key", "title"): Verify element property value successfully

2023-10-16 14:09:58 - [MESSAGE][PASSED] - Verify element property value successfully

2023-10-16 14:09:58 - [TEST_STEP][PASSED] - verifyElementPropertyValue(getResponse, "offers[2].groups[0].pricingPlans[0].pricingPlanData[0].visualElements[0].value", "Credit/Debit Card"): Verify element property value successfully

2023-10-16 14:09:58 - [MESSAGE][PASSED] - Verify element property value successfully

2023-10-16 14:09:58 - [TEST_STEP][PASSED] - verifyElementPropertyValue(getResponse, "offers[2].groups[0].pricingPlans[0].pricingPlanData[0].visualElements[1].key", "CTA_text"): Verify element property value successfully

2023-10-16 14:09:58 - [MESSAGE][PASSED] - Verify element property value successfully

2023-10-16 14:09:58 - [TEST_STEP][PASSED] - verifyElementPropertyValue(getResponse, "offers[2].groups[0].pricingPlans[0].pricingPlanData[0].visualElements[1].value", "Subscribe"): Verify element property value successfully

2023-10-16 14:09:58 - [MESSAGE][PASSED] - Verify element property value successfully

2023-10-16 14:09:58 - [TEST_STEP][PASSED] - verifyElementPropertyValue(getResponse, "offers[2].groups[0].pricingPlans[0].pricingPlanData[0].visualElements[2].key", "logo"): Verify element property value successfully

2023-10-16 14:09:58 - [MESSAGE][PASSED] - Verify element property value successfully

2023-10-16 14:09:58 - [TEST_STEP][PASSED] - verifyElementPropertyValue(getResponse, "offers[2].groups[0].pricingPlans[0].pricingPlanData[0].visualElements[2].value", "https://static.s3.shahid.mbc.net/widget-images/icons/iconCreditCard.png"): Verify element property value successfully

2023-10-16 14:09:58 - [MESSAGE][PASSED] - Verify element property value successfully

2023-10-16 14:09:58 - [TEST_STEP][PASSED] - verifyElementPropertyValue(getResponse, "offers[8].offerId", "byg-30-offer"): Verify element property value successfully

2023-10-16 14:09:58 - [MESSAGE][PASSED] - Verify element property value successfully

2023-10-16 14:09:58 - [TEST_STEP][PASSED] - verifyElementPropertyValue(getResponse, "offers[8].offerParam", "bygoffer30"): Verify element property value successfully

2023-10-16 14:09:58 - [MESSAGE][PASSED] - Verify element property value successfully

2023-10-16 14:09:58 - [TEST_STEP][PASSED] - verifyElementPropertyValue(getResponse, "offers[8].groups[0].pricingPlans[0].featured", "true"): Verify element property value successfully

2023-10-16 14:09:58 - [MESSAGE][PASSED] - Verify element property value successfully

2023-10-16 14:09:58 - [TEST_STEP][PASSED] - verifyElementPropertyValue(getResponse, "offers[8].groups[0].pricingPlans[0].period", "monthly"): Verify element property value successfully

2023-10-16 14:09:58 - [MESSAGE][PASSED] - Verify element property value successfully

2023-10-16 14:09:58 - [TEST_STEP][PASSED] - verifyElementPropertyValue(getResponse, "offers[8].groups[0].pricingPlans[0].featured", "true"): Verify element property value successfully

2023-10-16 14:09:58 - [MESSAGE][PASSED] - Verify element property value successfully

2023-10-16 14:09:58 - [TEST_STEP][PASSED] - verifyElementPropertyValue(getResponse, "offers[8].groups[0].pricingPlans[0].price", "2.39"): Verify element property value successfully

2023-10-16 14:09:58 - [MESSAGE][PASSED] - Verify element property value successfully

2023-10-16 14:09:58 - [TEST_STEP][PASSED] - verifyElementPropertyValue(getResponse, "offers[8].groups[0].pricingPlans[0].currency", "KWD"): Verify element property value successfully

2023-10-16 14:09:58 - [MESSAGE][PASSED] - Verify element property value successfully

2023-10-16 14:09:58 - [TEST_STEP][PASSED] - verifyElementPropertyValue(getResponse, "offers[8].groups[0].pricingPlans[0].order", "0"): Verify element property value successfully

2023-10-16 14:09:58 - [MESSAGE][PASSED] - Verify element property value successfully

2023-10-16 14:09:58 - [TEST_STEP][PASSED] - verifyElementPropertyValue(getResponse, "offers[8].groups[0].pricingPlans[0].packageId", "SHAHID_VIP"): Verify element property value successfully

2023-10-16 14:09:58 - [MESSAGE][PASSED] - Verify element property value successfully

2023-10-16 14:09:58 - [TEST_STEP][PASSED] - verifyElementPropertyValue(getResponse, "offers[8].groups[0].pricingPlans[0].catalogId", "VIP"): Verify element property value successfully

2023-10-16 14:09:58 - [MESSAGE][PASSED] - Verify element property value successfully

2023-10-16 14:09:58 - [TEST_STEP][PASSED] - verifyElementPropertyValue(getResponse, "offers[8].groups[0].pricingPlans[0].visualElements[0].key", "Header_1_text"): Verify element property value successfully

2023-10-16 14:09:58 - [MESSAGE][PASSED] - Verify element property value successfully

2023-10-16 14:09:58 - [TEST_STEP][PASSED] - verifyElementPropertyValue(getResponse, "offers[8].groups[0].pricingPlans[0].visualElements[0].value", "Watch the most powerful series and movies exclusively without stopping"): Verify element property value successfully

2023-10-16 14:09:58 - [MESSAGE][PASSED] - Verify element property value successfully

2023-10-16 14:09:58 - [TEST_STEP][PASSED] - verifyElementPropertyValue(getResponse, "offers[8].groups[0].pricingPlans[0].visualElements[1].key", "display_title"): Verify element property value successfully

2023-10-16 14:09:58 - [MESSAGE][PASSED] - Verify element property value successfully

2023-10-16 14:09:58 - [TEST_STEP][FAILED] - verifyElementPropertyValue(getResponse, "offers[8].groups[0].pricingPlans[0].visualElements[1].value", "30% Discount Offer"): Expected element property value '30% Discount Offer' is not equal with actual property value '30% Discount Offer​'

2023-10-16 14:09:58 - [MESSAGE][FAILED] - Expected element property value '30% Discount Offer' is not equal with actual property value '30% Discount Offer​'

2023-10-16 14:09:58 - [TEST_STEP][PASSED] - verifyElementPropertyValue(getResponse, "offers[8].groups[0].pricingPlans[0].visualElements[3].key", "deduction_text"): Verify element property value successfully

2023-10-16 14:09:58 - [MESSAGE][PASSED] - Verify element property value successfully

2023-10-16 14:09:58 - [TEST_STEP][PASSED] - verifyElementPropertyValue(getResponse, "offers[8].groups[0].pricingPlans[0].visualElements[3].value", "billed every month"): Verify element property value successfully

2023-10-16 14:09:58 - [MESSAGE][PASSED] - Verify element property value successfully

2023-10-16 14:09:58 - [TEST_STEP][PASSED] - verifyElementPropertyValue(getResponse, "offers[8].groups[0].pricingPlans[0].visualElements[6].key", "show_payment_logo"): Verify element property value successfully

2023-10-16 14:09:58 - [MESSAGE][PASSED] - Verify element property value successfully

2023-10-16 14:09:58 - [TEST_STEP][PASSED] - verifyElementPropertyValue(getResponse, "offers[8].groups[0].pricingPlans[0].visualElements[6].value", "true"): Verify element property value successfully

2023-10-16 14:09:58 - [MESSAGE][PASSED] - Verify element property value successfully

2023-10-16 14:09:58 - [TEST_STEP][PASSED] - verifyElementPropertyValue(getResponse, "offers[8].groups[0].pricingPlans[0].visualElements[8].key", "price"): Verify element property value successfully

2023-10-16 14:09:58 - [MESSAGE][PASSED] - Verify element property value successfully

2023-10-16 14:09:58 - [TEST_STEP][PASSED] - verifyElementPropertyValue(getResponse, "offers[8].groups[0].pricingPlans[0].visualElements[8].value", "2.39"): Verify element property value successfully

2023-10-16 14:09:59 - [MESSAGE][PASSED] - Verify element property value successfully

2023-10-16 14:09:59 - [TEST_STEP][PASSED] - verifyElementPropertyValue(getResponse, "offers[8].groups[0].pricingPlans[0].visualElements[9].key", "currency"): Verify element property value successfully

2023-10-16 14:09:59 - [MESSAGE][PASSED] - Verify element property value successfully

2023-10-16 14:09:59 - [TEST_STEP][PASSED] - verifyElementPropertyValue(getResponse, "offers[8].groups[0].pricingPlans[0].visualElements[9].value", "KWD"): Verify element property value successfully

2023-10-16 14:09:59 - [MESSAGE][PASSED] - Verify element property value successfully

2023-10-16 14:09:59 - [TEST_STEP][PASSED] - verifyElementPropertyValue(getResponse, "offers[8].groups[0].pricingPlans[0].visualElements[10].key", "duration"): Verify element property value successfully

2023-10-16 14:09:59 - [MESSAGE][PASSED] - Verify element property value successfully

2023-10-16 14:09:59 - [TEST_STEP][PASSED] - verifyElementPropertyValue(getResponse, "offers[8].groups[0].pricingPlans[0].visualElements[10].value", "Monthly"): Verify element property value successfully

2023-10-16 14:09:59 - [MESSAGE][PASSED] - Verify element property value successfully

2023-10-16 14:09:59 - [TEST_STEP][PASSED] - verifyElementPropertyValue(getResponse, "offers[8].groups[0].pricingPlans[0].visualElements[11].key", "featured_tag_text"): Verify element property value successfully

2023-10-16 14:09:59 - [MESSAGE][PASSED] - Verify element property value successfully

2023-10-16 14:09:59 - [TEST_STEP][PASSED] - verifyElementPropertyValue(getResponse, "offers[8].groups[0].pricingPlans[0].visualElements[11].value", "Limited Time Offer"): Verify element property value successfully

2023-10-16 14:09:59 - [MESSAGE][PASSED] - Verify element property value successfully

2023-10-16 14:09:59 - [TEST_STEP][PASSED] - verifyElementPropertyValue(getResponse, "offers[8].groups[0].pricingPlans[0].visualElements[12].key", "show_tag"): Verify element property value successfully

2023-10-16 14:09:59 - [MESSAGE][PASSED] - Verify element property value successfully

2023-10-16 14:09:59 - [TEST_STEP][PASSED] - verifyElementPropertyValue(getResponse, "offers[8].groups[0].pricingPlans[0].visualElements[12].value", "true"): Verify element property value successfully

2023-10-16 14:09:59 - [MESSAGE][PASSED] - Verify element property value successfully

2023-10-16 14:09:59 - [TEST_STEP][PASSED] - verifyElementPropertyValue(getResponse, "offers[8].groups[0].pricingPlans[0].visualElements[13].key", "tag_text"): Verify element property value successfully

2023-10-16 14:09:59 - [MESSAGE][PASSED] - Verify element property value successfully

2023-10-16 14:09:59 - [TEST_STEP][PASSED] - verifyElementPropertyValue(getResponse, "offers[8].groups[0].pricingPlans[0].visualElements[13].value", "Save 30%"): Verify element property value successfully

2023-10-16 14:09:59 - [MESSAGE][PASSED] - Verify element property value successfully

2023-10-16 14:09:59 - [TEST_STEP][PASSED] - verifyElementPropertyValue(getResponse, "offers[8].groups[0].pricingPlans[0].pricingPlanData[0].productId", "KWT_B2C_SHAHID_VIP_1M"): Verify element property value successfully

2023-10-16 14:09:59 - [MESSAGE][PASSED] - Verify element property value successfully

2023-10-16 14:09:59 - [TEST_STEP][PASSED] - verifyElementPropertyValue(getResponse, "offers[8].groups[0].pricingPlans[0].pricingPlanData[0].paymentMethod", "CREDIT_CARD"): Verify element property value successfully

2023-10-16 14:09:59 - [MESSAGE][PASSED] - Verify element property value successfully

2023-10-16 14:09:59 - [TEST_STEP][PASSED] - verifyElementPropertyValue(getResponse, "offers[8].groups[0].pricingPlans[0].pricingPlanData[0].freeTrialEnabled", "false"): Verify element property value successfully

2023-10-16 14:09:59 - [MESSAGE][PASSED] - Verify element property value successfully

2023-10-16 14:09:59 - [TEST_STEP][PASSED] - verifyElementPropertyValue(getResponse, "offers[8].groups[0].pricingPlans[0].pricingPlanData[0].showIn[0]", "VERTICAL_MODE"): Verify element property value successfully

2023-10-16 14:09:59 - [MESSAGE][PASSED] - Verify element property value successfully

2023-10-16 14:09:59 - [TEST_STEP][PASSED] - verifyElementPropertyValue(getResponse, "offers[8].groups[0].pricingPlans[0].pricingPlanData[0].showIn[1]", "HORIZONTAL_MODE"): Verify element property value successfully

2023-10-16 14:09:59 - [MESSAGE][PASSED] - Verify element property value successfully

2023-10-16 14:09:59 - [TEST_STEP][PASSED] - verifyElementPropertyValue(getResponse, "offers[8].groups[0].pricingPlans[0].pricingPlanData[0].priceLabel", "2.39"): Verify element property value successfully

2023-10-16 14:09:59 - [MESSAGE][PASSED] - Verify element property value successfully

2023-10-16 14:09:59 - [TEST_STEP][PASSED] - verifyElementPropertyValue(getResponse, "offers[8].groups[0].pricingPlans[0].pricingPlanData[0].currencyLabel", "KWD"): Verify element property value successfully

2023-10-16 14:09:59 - [MESSAGE][PASSED] - Verify element property value successfully

2023-10-16 14:09:59 - [TEST_STEP][PASSED] - verifyElementPropertyValue(getResponse, "offers[8].groups[0].pricingPlans[0].pricingPlanData[0].dealId", "BYG_30P_KWT"): Verify element property value successfully

2023-10-16 14:09:59 - [MESSAGE][PASSED] - Verify element property value successfully

2023-10-16 14:09:59 - [TEST_STEP][PASSED] - verifyElementPropertyValue(getResponse, "offers[8].groups[0].pricingPlans[0].pricingPlanData[0].allowedForAcquisition", "true"): Verify element property value successfully

2023-10-16 14:09:59 - [MESSAGE][PASSED] - Verify element property value successfully

2023-10-16 14:09:59 - [TEST_STEP][PASSED] - verifyElementPropertyValue(getResponse, "offers[8].groups[0].pricingPlans[0].pricingPlanData[0].visualElements[0].key", "title"): Verify element property value successfully

2023-10-16 14:09:59 - [MESSAGE][PASSED] - Verify element property value successfully

2023-10-16 14:09:59 - [TEST_STEP][PASSED] - verifyElementPropertyValue(getResponse, "offers[8].groups[0].pricingPlans[0].pricingPlanData[0].visualElements[0].value", "Credit/Debit Card"): Verify element property value successfully

2023-10-16 14:09:59 - [MESSAGE][PASSED] - Verify element property value successfully

2023-10-16 14:09:59 - [TEST_STEP][PASSED] - verifyElementPropertyValue(getResponse, "offers[8].groups[0].pricingPlans[0].pricingPlanData[0].visualElements[1].key", "CTA_text"): Verify element property value successfully

2023-10-16 14:09:59 - [MESSAGE][PASSED] - Verify element property value successfully

2023-10-16 14:09:59 - [TEST_STEP][PASSED] - verifyElementPropertyValue(getResponse, "offers[8].groups[0].pricingPlans[0].pricingPlanData[0].visualElements[1].value", "Subscribe"): Verify element property value successfully

2023-10-16 14:09:59 - [MESSAGE][PASSED] - Verify element property value successfully

2023-10-16 14:09:59 - [TEST_STEP][PASSED] - verifyElementPropertyValue(getResponse, "offers[8].groups[0].pricingPlans[0].pricingPlanData[0].visualElements[2].key", "logo"): Verify element property value successfully

2023-10-16 14:09:59 - [MESSAGE][PASSED] - Verify element property value successfully

2023-10-16 14:09:59 - [TEST_STEP][PASSED] - verifyElementPropertyValue(getResponse, "offers[8].groups[0].pricingPlans[0].pricingPlanData[0].visualElements[2].value", "https://static.s3.shahid.mbc.net/widget-images/icons/iconCreditCard.png"): Verify element property value successfully

2023-10-16 14:09:59 - [MESSAGE][PASSED] - Verify element property value successfully

2023-10-16 14:09:59 - [TEST_STEP][PASSED] - verifyElementPropertyValue(getResponse, "offers[9].offerId", "byg-40-offer"): Verify element property value successfully

2023-10-16 14:09:59 - [MESSAGE][PASSED] - Verify element property value successfully

2023-10-16 14:09:59 - [TEST_STEP][PASSED] - verifyElementPropertyValue(getResponse, "offers[9].offerParam", "bygoffer40"): Verify element property value successfully

2023-10-16 14:09:59 - [MESSAGE][PASSED] - Verify element property value successfully

2023-10-16 14:09:59 - [TEST_STEP][PASSED] - verifyElementPropertyValue(getResponse, "offers[9].groups[0].pricingPlans[0].featured", "true"): Verify element property value successfully

2023-10-16 14:09:59 - [MESSAGE][PASSED] - Verify element property value successfully

2023-10-16 14:09:59 - [TEST_STEP][PASSED] - verifyElementPropertyValue(getResponse, "offers[9].groups[0].pricingPlans[0].period", "monthly"): Verify element property value successfully

2023-10-16 14:09:59 - [MESSAGE][PASSED] - Verify element property value successfully

2023-10-16 14:09:59 - [TEST_STEP][PASSED] - verifyElementPropertyValue(getResponse, "offers[9].groups[0].pricingPlans[0].featured", "true"): Verify element property value successfully

2023-10-16 14:09:59 - [MESSAGE][PASSED] - Verify element property value successfully

2023-10-16 14:09:59 - [TEST_STEP][PASSED] - verifyElementPropertyValue(getResponse, "offers[9].groups[0].pricingPlans[0].price", "1.99"): Verify element property value successfully

2023-10-16 14:09:59 - [MESSAGE][PASSED] - Verify element property value successfully

2023-10-16 14:09:59 - [TEST_STEP][PASSED] - verifyElementPropertyValue(getResponse, "offers[9].groups[0].pricingPlans[0].currency", "KWD"): Verify element property value successfully

2023-10-16 14:09:59 - [MESSAGE][PASSED] - Verify element property value successfully

2023-10-16 14:09:59 - [TEST_STEP][PASSED] - verifyElementPropertyValue(getResponse, "offers[9].groups[0].pricingPlans[0].order", "0"): Verify element property value successfully

2023-10-16 14:09:59 - [MESSAGE][PASSED] - Verify element property value successfully

2023-10-16 14:09:59 - [TEST_STEP][PASSED] - verifyElementPropertyValue(getResponse, "offers[9].groups[0].pricingPlans[0].packageId", "SHAHID_VIP"): Verify element property value successfully

2023-10-16 14:09:59 - [MESSAGE][PASSED] - Verify element property value successfully

2023-10-16 14:09:59 - [TEST_STEP][PASSED] - verifyElementPropertyValue(getResponse, "offers[9].groups[0].pricingPlans[0].catalogId", "VIP"): Verify element property value successfully

2023-10-16 14:09:59 - [MESSAGE][PASSED] - Verify element property value successfully

2023-10-16 14:09:59 - [TEST_STEP][PASSED] - verifyElementPropertyValue(getResponse, "offers[9].groups[0].pricingPlans[0].visualElements[0].key", "Header_1_text"): Verify element property value successfully

2023-10-16 14:09:59 - [MESSAGE][PASSED] - Verify element property value successfully

2023-10-16 14:09:59 - [TEST_STEP][PASSED] - verifyElementPropertyValue(getResponse, "offers[9].groups[0].pricingPlans[0].visualElements[0].value", "Watch the most powerful series and movies exclusively without stopping"): Verify element property value successfully

2023-10-16 14:09:59 - [MESSAGE][PASSED] - Verify element property value successfully

2023-10-16 14:09:59 - [TEST_STEP][PASSED] - verifyElementPropertyValue(getResponse, "offers[9].groups[0].pricingPlans[0].visualElements[1].key", "display_title"): Verify element property value successfully

2023-10-16 14:09:59 - [MESSAGE][PASSED] - Verify element property value successfully

2023-10-16 14:09:59 - [TEST_STEP][FAILED] - verifyElementPropertyValue(getResponse, "offers[9].groups[0].pricingPlans[0].visualElements[1].value", "40% Discount Offer"): Expected element property value '40% Discount Offer' is not equal with actual property value '40% Discount Offer​'

2023-10-16 14:09:59 - [MESSAGE][FAILED] - Expected element property value '40% Discount Offer' is not equal with actual property value '40% Discount Offer​'

2023-10-16 14:09:59 - [TEST_STEP][PASSED] - verifyElementPropertyValue(getResponse, "offers[9].groups[0].pricingPlans[0].visualElements[3].key", "deduction_text"): Verify element property value successfully

2023-10-16 14:09:59 - [MESSAGE][PASSED] - Verify element property value successfully

2023-10-16 14:09:59 - [TEST_STEP][PASSED] - verifyElementPropertyValue(getResponse, "offers[9].groups[0].pricingPlans[0].visualElements[3].value", "billed every month"): Verify element property value successfully

2023-10-16 14:09:59 - [MESSAGE][PASSED] - Verify element property value successfully

2023-10-16 14:09:59 - [TEST_STEP][PASSED] - verifyElementPropertyValue(getResponse, "offers[9].groups[0].pricingPlans[0].visualElements[6].key", "show_payment_logo"): Verify element property value successfully

2023-10-16 14:09:59 - [MESSAGE][PASSED] - Verify element property value successfully

2023-10-16 14:09:59 - [TEST_STEP][PASSED] - verifyElementPropertyValue(getResponse, "offers[9].groups[0].pricingPlans[0].visualElements[6].value", "true"): Verify element property value successfully

2023-10-16 14:09:59 - [MESSAGE][PASSED] - Verify element property value successfully

2023-10-16 14:09:59 - [TEST_STEP][PASSED] - verifyElementPropertyValue(getResponse, "offers[9].groups[0].pricingPlans[0].visualElements[8].key", "price"): Verify element property value successfully

2023-10-16 14:09:59 - [MESSAGE][PASSED] - Verify element property value successfully

2023-10-16 14:09:59 - [TEST_STEP][PASSED] - verifyElementPropertyValue(getResponse, "offers[9].groups[0].pricingPlans[0].visualElements[8].value", "1.99"): Verify element property value successfully

2023-10-16 14:09:59 - [MESSAGE][PASSED] - Verify element property value successfully

2023-10-16 14:09:59 - [TEST_STEP][PASSED] - verifyElementPropertyValue(getResponse, "offers[9].groups[0].pricingPlans[0].visualElements[9].key", "currency"): Verify element property value successfully

2023-10-16 14:09:59 - [MESSAGE][PASSED] - Verify element property value successfully

2023-10-16 14:09:59 - [TEST_STEP][PASSED] - verifyElementPropertyValue(getResponse, "offers[9].groups[0].pricingPlans[0].visualElements[9].value", "KWD"): Verify element property value successfully

2023-10-16 14:09:59 - [MESSAGE][PASSED] - Verify element property value successfully

2023-10-16 14:09:59 - [TEST_STEP][PASSED] - verifyElementPropertyValue(getResponse, "offers[9].groups[0].pricingPlans[0].visualElements[10].key", "duration"): Verify element property value successfully

2023-10-16 14:09:59 - [MESSAGE][PASSED] - Verify element property value successfully

2023-10-16 14:09:59 - [TEST_STEP][PASSED] - verifyElementPropertyValue(getResponse, "offers[9].groups[0].pricingPlans[0].visualElements[10].value", "Monthly"): Verify element property value successfully

2023-10-16 14:09:59 - [MESSAGE][PASSED] - Verify element property value successfully

2023-10-16 14:09:59 - [TEST_STEP][PASSED] - verifyElementPropertyValue(getResponse, "offers[9].groups[0].pricingPlans[0].visualElements[11].key", "featured_tag_text"): Verify element property value successfully

2023-10-16 14:09:59 - [MESSAGE][PASSED] - Verify element property value successfully

2023-10-16 14:09:59 - [TEST_STEP][PASSED] - verifyElementPropertyValue(getResponse, "offers[9].groups[0].pricingPlans[0].visualElements[11].value", "Limited Time Offer"): Verify element property value successfully

2023-10-16 14:09:59 - [MESSAGE][PASSED] - Verify element property value successfully

2023-10-16 14:09:59 - [TEST_STEP][PASSED] - verifyElementPropertyValue(getResponse, "offers[9].groups[0].pricingPlans[0].visualElements[13].key", "tag_text"): Verify element property value successfully

2023-10-16 14:09:59 - [MESSAGE][PASSED] - Verify element property value successfully

2023-10-16 14:09:59 - [TEST_STEP][PASSED] - verifyElementPropertyValue(getResponse, "offers[9].groups[0].pricingPlans[0].visualElements[13].value", "Save 40%"): Verify element property value successfully

2023-10-16 14:09:59 - [MESSAGE][PASSED] - Verify element property value successfully

2023-10-16 14:09:59 - [TEST_STEP][PASSED] - verifyElementPropertyValue(getResponse, "offers[9].groups[0].pricingPlans[0].visualElements[12].key", "show_tag"): Verify element property value successfully

2023-10-16 14:09:59 - [MESSAGE][PASSED] - Verify element property value successfully

2023-10-16 14:09:59 - [TEST_STEP][PASSED] - verifyElementPropertyValue(getResponse, "offers[9].groups[0].pricingPlans[0].visualElements[12].value", "true"): Verify element property value successfully

2023-10-16 14:09:59 - [MESSAGE][PASSED] - Verify element property value successfully

2023-10-16 14:09:59 - [TEST_STEP][PASSED] - verifyElementPropertyValue(getResponse, "offers[9].groups[0].pricingPlans[0].pricingPlanData[0].productId", "KWT_B2C_SHAHID_VIP_1M"): Verify element property value successfully

2023-10-16 14:09:59 - [MESSAGE][PASSED] - Verify element property value successfully

2023-10-16 14:09:59 - [TEST_STEP][PASSED] - verifyElementPropertyValue(getResponse, "offers[9].groups[0].pricingPlans[0].pricingPlanData[0].paymentMethod", "CREDIT_CARD"): Verify element property value successfully

2023-10-16 14:09:59 - [MESSAGE][PASSED] - Verify element property value successfully

2023-10-16 14:09:59 - [TEST_STEP][PASSED] - verifyElementPropertyValue(getResponse, "offers[9].groups[0].pricingPlans[0].pricingPlanData[0].freeTrialEnabled", "false"): Verify element property value successfully

2023-10-16 14:09:59 - [MESSAGE][PASSED] - Verify element property value successfully

2023-10-16 14:09:59 - [TEST_STEP][PASSED] - verifyElementPropertyValue(getResponse, "offers[9].groups[0].pricingPlans[0].pricingPlanData[0].showIn[0]", "VERTICAL_MODE"): Verify element property value successfully

2023-10-16 14:09:59 - [MESSAGE][PASSED] - Verify element property value successfully

2023-10-16 14:09:59 - [TEST_STEP][PASSED] - verifyElementPropertyValue(getResponse, "offers[9].groups[0].pricingPlans[0].pricingPlanData[0].showIn[1]", "HORIZONTAL_MODE"): Verify element property value successfully

2023-10-16 14:09:59 - [MESSAGE][PASSED] - Verify element property value successfully

2023-10-16 14:09:59 - [TEST_STEP][PASSED] - verifyElementPropertyValue(getResponse, "offers[9].groups[0].pricingPlans[0].pricingPlanData[0].priceLabel", "1.99"): Verify element property value successfully

2023-10-16 14:09:59 - [MESSAGE][PASSED] - Verify element property value successfully

2023-10-16 14:09:59 - [TEST_STEP][PASSED] - verifyElementPropertyValue(getResponse, "offers[9].groups[0].pricingPlans[0].pricingPlanData[0].currencyLabel", "KWD"): Verify element property value successfully

2023-10-16 14:09:59 - [MESSAGE][PASSED] - Verify element property value successfully

2023-10-16 14:09:59 - [TEST_STEP][PASSED] - verifyElementPropertyValue(getResponse, "offers[9].groups[0].pricingPlans[0].pricingPlanData[0].dealId", "BYG_40P_KWT"): Verify element property value successfully

2023-10-16 14:09:59 - [MESSAGE][PASSED] - Verify element property value successfully

2023-10-16 14:09:59 - [TEST_STEP][PASSED] - verifyElementPropertyValue(getResponse, "offers[9].groups[0].pricingPlans[0].pricingPlanData[0].allowedForAcquisition", "true"): Verify element property value successfully

2023-10-16 14:09:59 - [MESSAGE][PASSED] - Verify element property value successfully

2023-10-16 14:09:59 - [TEST_STEP][PASSED] - verifyElementPropertyValue(getResponse, "offers[9].groups[0].pricingPlans[0].pricingPlanData[0].visualElements[0].key", "title"): Verify element property value successfully

2023-10-16 14:09:59 - [MESSAGE][PASSED] - Verify element property value successfully

2023-10-16 14:09:59 - [TEST_STEP][PASSED] - verifyElementPropertyValue(getResponse, "offers[9].groups[0].pricingPlans[0].pricingPlanData[0].visualElements[0].value", "Credit/Debit Card"): Verify element property value successfully

2023-10-16 14:09:59 - [MESSAGE][PASSED] - Verify element property value successfully

2023-10-16 14:09:59 - [TEST_STEP][PASSED] - verifyElementPropertyValue(getResponse, "offers[9].groups[0].pricingPlans[0].pricingPlanData[0].visualElements[1].key", "CTA_text"): Verify element property value successfully

2023-10-16 14:09:59 - [MESSAGE][PASSED] - Verify element property value successfully

2023-10-16 14:09:59 - [TEST_STEP][PASSED] - verifyElementPropertyValue(getResponse, "offers[9].groups[0].pricingPlans[0].pricingPlanData[0].visualElements[1].value", "Subscribe"): Verify element property value successfully

2023-10-16 14:09:59 - [MESSAGE][PASSED] - Verify element property value successfully

2023-10-16 14:09:59 - [TEST_STEP][PASSED] - verifyElementPropertyValue(getResponse, "offers[9].groups[0].pricingPlans[0].pricingPlanData[0].visualElements[2].key", "logo"): Verify element property value successfully

2023-10-16 14:09:59 - [MESSAGE][PASSED] - Verify element property value successfully

2023-10-16 14:09:59 - [TEST_STEP][PASSED] - verifyElementPropertyValue(getResponse, "offers[9].groups[0].pricingPlans[0].pricingPlanData[0].visualElements[2].value", "https://static.s3.shahid.mbc.net/widget-images/icons/iconCreditCard.png"): Verify element property value successfully

2023-10-16 14:09:59 - [MESSAGE][PASSED] - Verify element property value successfully

2023-10-16 14:09:59 - [TEST_STEP][PASSED] - verifyElementPropertyValue(getResponse, "offers[10].offerId", "byg-50-offer"): Verify element property value successfully

2023-10-16 14:09:59 - [MESSAGE][PASSED] - Verify element property value successfully

2023-10-16 14:09:59 - [TEST_STEP][PASSED] - verifyElementPropertyValue(getResponse, "offers[10].offerParam", "bygoffer50"): Verify element property value successfully

2023-10-16 14:09:59 - [MESSAGE][PASSED] - Verify element property value successfully

2023-10-16 14:09:59 - [TEST_STEP][PASSED] - verifyElementPropertyValue(getResponse, "offers[10].groups[0].pricingPlans[0].featured", "true"): Verify element property value successfully

2023-10-16 14:09:59 - [MESSAGE][PASSED] - Verify element property value successfully

2023-10-16 14:09:59 - [TEST_STEP][PASSED] - verifyElementPropertyValue(getResponse, "offers[10].groups[0].pricingPlans[0].period", "monthly"): Verify element property value successfully

2023-10-16 14:09:59 - [MESSAGE][PASSED] - Verify element property value successfully

2023-10-16 14:09:59 - [TEST_STEP][PASSED] - verifyElementPropertyValue(getResponse, "offers[10].groups[0].pricingPlans[0].featured", "true"): Verify element property value successfully

2023-10-16 14:09:59 - [MESSAGE][PASSED] - Verify element property value successfully

2023-10-16 14:09:59 - [TEST_STEP][PASSED] - verifyElementPropertyValue(getResponse, "offers[10].groups[0].pricingPlans[0].price", "1.69"): Verify element property value successfully

2023-10-16 14:09:59 - [MESSAGE][PASSED] - Verify element property value successfully

2023-10-16 14:09:59 - [TEST_STEP][PASSED] - verifyElementPropertyValue(getResponse, "offers[10].groups[0].pricingPlans[0].currency", "KWD"): Verify element property value successfully

2023-10-16 14:09:59 - [MESSAGE][PASSED] - Verify element property value successfully

2023-10-16 14:09:59 - [TEST_STEP][PASSED] - verifyElementPropertyValue(getResponse, "offers[10].groups[0].pricingPlans[0].order", "0"): Verify element property value successfully

2023-10-16 14:09:59 - [MESSAGE][PASSED] - Verify element property value successfully

2023-10-16 14:09:59 - [TEST_STEP][PASSED] - verifyElementPropertyValue(getResponse, "offers[10].groups[0].pricingPlans[0].packageId", "SHAHID_VIP"): Verify element property value successfully

2023-10-16 14:09:59 - [MESSAGE][PASSED] - Verify element property value successfully

2023-10-16 14:09:59 - [TEST_STEP][PASSED] - verifyElementPropertyValue(getResponse, "offers[10].groups[0].pricingPlans[0].catalogId", "VIP"): Verify element property value successfully

2023-10-16 14:09:59 - [MESSAGE][PASSED] - Verify element property value successfully

2023-10-16 14:09:59 - [TEST_STEP][PASSED] - verifyElementPropertyValue(getResponse, "offers[10].groups[0].pricingPlans[0].visualElements[0].key", "Header_1_text"): Verify element property value successfully

2023-10-16 14:09:59 - [MESSAGE][PASSED] - Verify element property value successfully

2023-10-16 14:09:59 - [TEST_STEP][PASSED] - verifyElementPropertyValue(getResponse, "offers[10].groups[0].pricingPlans[0].visualElements[0].value", "Watch the most powerful series and movies exclusively without stopping"): Verify element property value successfully

2023-10-16 14:09:59 - [MESSAGE][PASSED] - Verify element property value successfully

2023-10-16 14:09:59 - [TEST_STEP][PASSED] - verifyElementPropertyValue(getResponse, "offers[10].groups[0].pricingPlans[0].visualElements[1].key", "display_title"): Verify element property value successfully

2023-10-16 14:09:59 - [MESSAGE][PASSED] - Verify element property value successfully

2023-10-16 14:09:59 - [TEST_STEP][FAILED] - verifyElementPropertyValue(getResponse, "offers[10].groups[0].pricingPlans[0].visualElements[1].value", "50% Discount Offer"): Expected element property value '50% Discount Offer' is not equal with actual property value '50% Discount Offer​'

2023-10-16 14:09:59 - [MESSAGE][FAILED] - Expected element property value '50% Discount Offer' is not equal with actual property value '50% Discount Offer​'

2023-10-16 14:09:59 - [TEST_STEP][PASSED] - verifyElementPropertyValue(getResponse, "offers[10].groups[0].pricingPlans[0].visualElements[3].key", "deduction_text"): Verify element property value successfully

2023-10-16 14:09:59 - [MESSAGE][PASSED] - Verify element property value successfully

2023-10-16 14:09:59 - [TEST_STEP][PASSED] - verifyElementPropertyValue(getResponse, "offers[10].groups[0].pricingPlans[0].visualElements[3].value", "billed every month"): Verify element property value successfully

2023-10-16 14:09:59 - [MESSAGE][PASSED] - Verify element property value successfully

2023-10-16 14:09:59 - [TEST_STEP][PASSED] - verifyElementPropertyValue(getResponse, "offers[10].groups[0].pricingPlans[0].visualElements[6].key", "show_payment_logo"): Verify element property value successfully

2023-10-16 14:09:59 - [MESSAGE][PASSED] - Verify element property value successfully

2023-10-16 14:09:59 - [TEST_STEP][PASSED] - verifyElementPropertyValue(getResponse, "offers[10].groups[0].pricingPlans[0].visualElements[6].value", "true"): Verify element property value successfully

2023-10-16 14:09:59 - [MESSAGE][PASSED] - Verify element property value successfully

2023-10-16 14:09:59 - [TEST_STEP][PASSED] - verifyElementPropertyValue(getResponse, "offers[10].groups[0].pricingPlans[0].visualElements[8].key", "price"): Verify element property value successfully

2023-10-16 14:09:59 - [MESSAGE][PASSED] - Verify element property value successfully

2023-10-16 14:09:59 - [TEST_STEP][PASSED] - verifyElementPropertyValue(getResponse, "offers[10].groups[0].pricingPlans[0].visualElements[8].value", "1.69"): Verify element property value successfully

2023-10-16 14:09:59 - [MESSAGE][PASSED] - Verify element property value successfully

2023-10-16 14:09:59 - [TEST_STEP][PASSED] - verifyElementPropertyValue(getResponse, "offers[10].groups[0].pricingPlans[0].visualElements[9].key", "currency"): Verify element property value successfully

2023-10-16 14:09:59 - [MESSAGE][PASSED] - Verify element property value successfully

2023-10-16 14:09:59 - [TEST_STEP][PASSED] - verifyElementPropertyValue(getResponse, "offers[10].groups[0].pricingPlans[0].visualElements[9].value", "KWD"): Verify element property value successfully

2023-10-16 14:09:59 - [MESSAGE][PASSED] - Verify element property value successfully

2023-10-16 14:09:59 - [TEST_STEP][PASSED] - verifyElementPropertyValue(getResponse, "offers[10].groups[0].pricingPlans[0].visualElements[10].key", "duration"): Verify element property value successfully

2023-10-16 14:09:59 - [MESSAGE][PASSED] - Verify element property value successfully

2023-10-16 14:09:59 - [TEST_STEP][PASSED] - verifyElementPropertyValue(getResponse, "offers[10].groups[0].pricingPlans[0].visualElements[10].value", "Monthly"): Verify element property value successfully

2023-10-16 14:09:59 - [MESSAGE][PASSED] - Verify element property value successfully

2023-10-16 14:09:59 - [TEST_STEP][PASSED] - verifyElementPropertyValue(getResponse, "offers[10].groups[0].pricingPlans[0].visualElements[11].key", "featured_tag_text"): Verify element property value successfully

2023-10-16 14:09:59 - [MESSAGE][PASSED] - Verify element property value successfully

2023-10-16 14:09:59 - [TEST_STEP][PASSED] - verifyElementPropertyValue(getResponse, "offers[10].groups[0].pricingPlans[0].visualElements[11].value", "Limited Time Offer"): Verify element property value successfully

2023-10-16 14:09:59 - [MESSAGE][PASSED] - Verify element property value successfully

2023-10-16 14:09:59 - [TEST_STEP][PASSED] - verifyElementPropertyValue(getResponse, "offers[10].groups[0].pricingPlans[0].visualElements[13].key", "tag_text"): Verify element property value successfully

2023-10-16 14:09:59 - [MESSAGE][PASSED] - Verify element property value successfully

2023-10-16 14:09:59 - [TEST_STEP][PASSED] - verifyElementPropertyValue(getResponse, "offers[10].groups[0].pricingPlans[0].visualElements[13].value", "Save 50%"): Verify element property value successfully

2023-10-16 14:09:59 - [MESSAGE][PASSED] - Verify element property value successfully

2023-10-16 14:09:59 - [TEST_STEP][PASSED] - verifyElementPropertyValue(getResponse, "offers[10].groups[0].pricingPlans[0].visualElements[12].key", "show_tag"): Verify element property value successfully

2023-10-16 14:09:59 - [MESSAGE][PASSED] - Verify element property value successfully

2023-10-16 14:09:59 - [TEST_STEP][PASSED] - verifyElementPropertyValue(getResponse, "offers[10].groups[0].pricingPlans[0].visualElements[12].value", "true"): Verify element property value successfully

2023-10-16 14:09:59 - [MESSAGE][PASSED] - Verify element property value successfully

2023-10-16 14:09:59 - [TEST_STEP][PASSED] - verifyElementPropertyValue(getResponse, "offers[10].groups[0].pricingPlans[0].pricingPlanData[0].productId", "KWT_B2C_SHAHID_VIP_1M"): Verify element property value successfully

2023-10-16 14:09:59 - [MESSAGE][PASSED] - Verify element property value successfully

2023-10-16 14:09:59 - [TEST_STEP][PASSED] - verifyElementPropertyValue(getResponse, "offers[10].groups[0].pricingPlans[0].pricingPlanData[0].paymentMethod", "CREDIT_CARD"): Verify element property value successfully

2023-10-16 14:09:59 - [MESSAGE][PASSED] - Verify element property value successfully

2023-10-16 14:09:59 - [TEST_STEP][PASSED] - verifyElementPropertyValue(getResponse, "offers[10].groups[0].pricingPlans[0].pricingPlanData[0].freeTrialEnabled", "false"): Verify element property value successfully

2023-10-16 14:09:59 - [MESSAGE][PASSED] - Verify element property value successfully

2023-10-16 14:09:59 - [TEST_STEP][PASSED] - verifyElementPropertyValue(getResponse, "offers[10].groups[0].pricingPlans[0].pricingPlanData[0].showIn[0]", "VERTICAL_MODE"): Verify element property value successfully

2023-10-16 14:09:59 - [MESSAGE][PASSED] - Verify element property value successfully

2023-10-16 14:09:59 - [TEST_STEP][PASSED] - verifyElementPropertyValue(getResponse, "offers[10].groups[0].pricingPlans[0].pricingPlanData[0].showIn[1]", "HORIZONTAL_MODE"): Verify element property value successfully

2023-10-16 14:09:59 - [MESSAGE][PASSED] - Verify element property value successfully

2023-10-16 14:09:59 - [TEST_STEP][PASSED] - verifyElementPropertyValue(getResponse, "offers[10].groups[0].pricingPlans[0].pricingPlanData[0].priceLabel", "1.69"): Verify element property value successfully

2023-10-16 14:09:59 - [MESSAGE][PASSED] - Verify element property value successfully

2023-10-16 14:09:59 - [TEST_STEP][PASSED] - verifyElementPropertyValue(getResponse, "offers[10].groups[0].pricingPlans[0].pricingPlanData[0].currencyLabel", "KWD"): Verify element property value successfully

2023-10-16 14:09:59 - [MESSAGE][PASSED] - Verify element property value successfully

2023-10-16 14:09:59 - [TEST_STEP][PASSED] - verifyElementPropertyValue(getResponse, "offers[10].groups[0].pricingPlans[0].pricingPlanData[0].dealId", "BYG_50P_KWT"): Verify element property value successfully

2023-10-16 14:09:59 - [MESSAGE][PASSED] - Verify element property value successfully

2023-10-16 14:09:59 - [TEST_STEP][PASSED] - verifyElementPropertyValue(getResponse, "offers[10].groups[0].pricingPlans[0].pricingPlanData[0].allowedForAcquisition", "true"): Verify element property value successfully

2023-10-16 14:09:59 - [MESSAGE][PASSED] - Verify element property value successfully

2023-10-16 14:09:59 - [TEST_STEP][PASSED] - verifyElementPropertyValue(getResponse, "offers[10].groups[0].pricingPlans[0].pricingPlanData[0].visualElements[0].key", "title"): Verify element property value successfully

2023-10-16 14:09:59 - [MESSAGE][PASSED] - Verify element property value successfully

2023-10-16 14:09:59 - [TEST_STEP][PASSED] - verifyElementPropertyValue(getResponse, "offers[10].groups[0].pricingPlans[0].pricingPlanData[0].visualElements[0].value", "Credit/Debit Card"): Verify element property value successfully

2023-10-16 14:09:59 - [MESSAGE][PASSED] - Verify element property value successfully

2023-10-16 14:09:59 - [TEST_STEP][PASSED] - verifyElementPropertyValue(getResponse, "offers[10].groups[0].pricingPlans[0].pricingPlanData[0].visualElements[1].key", "CTA_text"): Verify element property value successfully

2023-10-16 14:09:59 - [MESSAGE][PASSED] - Verify element property value successfully

2023-10-16 14:09:59 - [TEST_STEP][PASSED] - verifyElementPropertyValue(getResponse, "offers[10].groups[0].pricingPlans[0].pricingPlanData[0].visualElements[1].value", "Subscribe"): Verify element property value successfully

2023-10-16 14:09:59 - [MESSAGE][PASSED] - Verify element property value successfully

2023-10-16 14:09:59 - [TEST_STEP][PASSED] - verifyElementPropertyValue(getResponse, "offers[10].groups[0].pricingPlans[0].pricingPlanData[0].visualElements[2].key", "logo"): Verify element property value successfully

2023-10-16 14:09:59 - [MESSAGE][PASSED] - Verify element property value successfully

2023-10-16 14:09:59 - [TEST_STEP][PASSED] - verifyElementPropertyValue(getResponse, "offers[10].groups[0].pricingPlans[0].pricingPlanData[0].visualElements[2].value", "https://static.s3.shahid.mbc.net/widget-images/icons/iconCreditCard.png"): Verify element property value successfully

2023-10-16 14:09:59 - [MESSAGE][PASSED] - Verify element property value successfully]]></system-out>
         <system-err><![CDATA[2023-10-16 14:09:56 - [TEST_CASE][FAILED] - Test Cases/WEB - CHROME/KWT PI/WEB_EN_getOffersForKWT_VIP: Test Cases/WEB - CHROME/KWT PI/WEB_EN_getOffersForKWT_VIP FAILED.
Reason:
com.kms.katalon.core.exception.StepFailedException: Expected element property value '30% Discount Offer' is not equal with actual property value '30% Discount Offer​'
	at com.kms.katalon.core.keyword.internal.KeywordMain.stepFailed(KeywordMain.groovy:39)
	at com.kms.katalon.core.webservice.keyword.builtin.VerifyElementPropertyValueKeyword$_verifyElementPropertyValue_closure1.doCall(VerifyElementPropertyValueKeyword.groovy:56)
	at com.kms.katalon.core.webservice.keyword.builtin.VerifyElementPropertyValueKeyword$_verifyElementPropertyValue_closure1.call(VerifyElementPropertyValueKeyword.groovy)
	at com.kms.katalon.core.keyword.internal.KeywordMain.runKeyword(KeywordMain.groovy:75)
	at com.kms.katalon.core.webservice.keyword.builtin.VerifyElementPropertyValueKeyword.verifyElementPropertyValue(VerifyElementPropertyValueKeyword.groovy:48)
	at com.kms.katalon.core.webservice.keyword.builtin.VerifyElementPropertyValueKeyword.execute(VerifyElementPropertyValueKeyword.groovy:43)
	at com.kms.katalon.core.keyword.internal.KeywordExecutor.executeKeywordForPlatform(KeywordExecutor.groovy:74)
	at com.kms.katalon.core.webservice.keyword.WSBuiltInKeywords.verifyElementPropertyValue(WSBuiltInKeywords.groovy:190)
	at com.kms.katalon.core.webservice.keyword.WSBuiltInKeywords$verifyElementPropertyValue$1.call(Unknown Source)
	at WEB_EN_getOffersForKWT_VIP.run(WEB_EN_getOffersForKWT_VIP:60)
	at com.kms.katalon.core.main.ScriptEngine.run(ScriptEngine.java:194)
	at com.kms.katalon.core.main.ScriptEngine.runScriptAsRawText(ScriptEngine.java:119)
	at com.kms.katalon.core.main.TestCaseExecutor.runScript(TestCaseExecutor.java:448)
	at com.kms.katalon.core.main.TestCaseExecutor.doExecute(TestCaseExecutor.java:439)
	at com.kms.katalon.core.main.TestCaseExecutor.processExecutionPhase(TestCaseExecutor.java:418)
	at com.kms.katalon.core.main.TestCaseExecutor.accessMainPhase(TestCaseExecutor.java:410)
	at com.kms.katalon.core.main.TestCaseExecutor.execute(TestCaseExecutor.java:285)
	at com.kms.katalon.core.common.CommonExecutor.accessTestCaseMainPhase(CommonExecutor.java:65)
	at com.kms.katalon.core.main.TestSuiteExecutor.accessTestSuiteMainPhase(TestSuiteExecutor.java:148)
	at com.kms.katalon.core.main.TestSuiteExecutor.execute(TestSuiteExecutor.java:106)
	at com.kms.katalon.core.main.TestCaseMain.startTestSuite(TestCaseMain.java:187)
	at com.kms.katalon.core.main.TestCaseMain$startTestSuite$0.call(Unknown Source)
	at TempTestSuite1697454199331.run(TempTestSuite1697454199331.groovy:36)]]></system-err>
      </testcase>
      <testcase name="Test Cases/WEB - CHROME/KWT PI/WEB_EN_getOffersForKWT_SPORT" time="4.106" classname="Test Cases/WEB - CHROME/KWT PI/WEB_EN_getOffersForKWT_SPORT" status="FAILED">
         <failure type="FAILED" message="Test Cases/WEB - CHROME/KWT PI/WEB_EN_getOffersForKWT_SPORT FAILED.
Reason:
com.kms.katalon.core.exception.StepFailedException: Expected element property value '30% Discount Offer' is not equal with actual property value '30% Discount Offer​'
	at com.kms.katalon.core.keyword.internal.KeywordMain.stepFailed(KeywordMain.groovy:39)
	at com.kms.katalon.core.webservice.keyword.builtin.VerifyElementPropertyValueKeyword$_verifyElementPropertyValue_closure1.doCall(VerifyElementPropertyValueKeyword.groovy:56)
	at com.kms.katalon.core.webservice.keyword.builtin.VerifyElementPropertyValueKeyword$_verifyElementPropertyValue_closure1.call(VerifyElementPropertyValueKeyword.groovy)
	at com.kms.katalon.core.keyword.internal.KeywordMain.runKeyword(KeywordMain.groovy:75)
	at com.kms.katalon.core.webservice.keyword.builtin.VerifyElementPropertyValueKeyword.verifyElementPropertyValue(VerifyElementPropertyValueKeyword.groovy:48)
	at com.kms.katalon.core.webservice.keyword.builtin.VerifyElementPropertyValueKeyword.execute(VerifyElementPropertyValueKeyword.groovy:43)
	at com.kms.katalon.core.keyword.internal.KeywordExecutor.executeKeywordForPlatform(KeywordExecutor.groovy:74)
	at com.kms.katalon.core.webservice.keyword.WSBuiltInKeywords.verifyElementPropertyValue(WSBuiltInKeywords.groovy:190)
	at com.kms.katalon.core.webservice.keyword.WSBuiltInKeywords$verifyElementPropertyValue$1.call(Unknown Source)
	at WEB_EN_getOffersForKWT_SPORT.run(WEB_EN_getOffersForKWT_SPORT:45)
	at com.kms.katalon.core.main.ScriptEngine.run(ScriptEngine.java:194)
	at com.kms.katalon.core.main.ScriptEngine.runScriptAsRawText(ScriptEngine.java:119)
	at com.kms.katalon.core.main.TestCaseExecutor.runScript(TestCaseExecutor.java:448)
	at com.kms.katalon.core.main.TestCaseExecutor.doExecute(TestCaseExecutor.java:439)
	at com.kms.katalon.core.main.TestCaseExecutor.processExecutionPhase(TestCaseExecutor.java:418)
	at com.kms.katalon.core.main.TestCaseExecutor.accessMainPhase(TestCaseExecutor.java:410)
	at com.kms.katalon.core.main.TestCaseExecutor.execute(TestCaseExecutor.java:285)
	at com.kms.katalon.core.common.CommonExecutor.accessTestCaseMainPhase(CommonExecutor.java:65)
	at com.kms.katalon.core.main.TestSuiteExecutor.accessTestSuiteMainPhase(TestSuiteExecutor.java:148)
	at com.kms.katalon.core.main.TestSuiteExecutor.execute(TestSuiteExecutor.java:106)
	at com.kms.katalon.core.main.TestCaseMain.startTestSuite(TestCaseMain.java:187)
	at com.kms.katalon.core.main.TestCaseMain$startTestSuite$0.call(Unknown Source)
	at TempTestSuite1697454199331.run(TempTestSuite1697454199331.groovy:36)
"/>
         <system-out><![CDATA[2023-10-16 14:09:59 - [TEST_CASE][FAILED] - Test Cases/WEB - CHROME/KWT PI/WEB_EN_getOffersForKWT_SPORT: Test Cases/WEB - CHROME/KWT PI/WEB_EN_getOffersForKWT_SPORT FAILED.
Reason:
com.kms.katalon.core.exception.StepFailedException: Expected element property value '30% Discount Offer' is not equal with actual property value '30% Discount Offer​'
	at com.kms.katalon.core.keyword.internal.KeywordMain.stepFailed(KeywordMain.groovy:39)
	at com.kms.katalon.core.webservice.keyword.builtin.VerifyElementPropertyValueKeyword$_verifyElementPropertyValue_closure1.doCall(VerifyElementPropertyValueKeyword.groovy:56)
	at com.kms.katalon.core.webservice.keyword.builtin.VerifyElementPropertyValueKeyword$_verifyElementPropertyValue_closure1.call(VerifyElementPropertyValueKeyword.groovy)
	at com.kms.katalon.core.keyword.internal.KeywordMain.runKeyword(KeywordMain.groovy:75)
	at com.kms.katalon.core.webservice.keyword.builtin.VerifyElementPropertyValueKeyword.verifyElementPropertyValue(VerifyElementPropertyValueKeyword.groovy:48)
	at com.kms.katalon.core.webservice.keyword.builtin.VerifyElementPropertyValueKeyword.execute(VerifyElementPropertyValueKeyword.groovy:43)
	at com.kms.katalon.core.keyword.internal.KeywordExecutor.executeKeywordForPlatform(KeywordExecutor.groovy:74)
	at com.kms.katalon.core.webservice.keyword.WSBuiltInKeywords.verifyElementPropertyValue(WSBuiltInKeywords.groovy:190)
	at com.kms.katalon.core.webservice.keyword.WSBuiltInKeywords$verifyElementPropertyValue$1.call(Unknown Source)
	at WEB_EN_getOffersForKWT_SPORT.run(WEB_EN_getOffersForKWT_SPORT:45)
	at com.kms.katalon.core.main.ScriptEngine.run(ScriptEngine.java:194)
	at com.kms.katalon.core.main.ScriptEngine.runScriptAsRawText(ScriptEngine.java:119)
	at com.kms.katalon.core.main.TestCaseExecutor.runScript(TestCaseExecutor.java:448)
	at com.kms.katalon.core.main.TestCaseExecutor.doExecute(TestCaseExecutor.java:439)
	at com.kms.katalon.core.main.TestCaseExecutor.processExecutionPhase(TestCaseExecutor.java:418)
	at com.kms.katalon.core.main.TestCaseExecutor.accessMainPhase(TestCaseExecutor.java:410)
	at com.kms.katalon.core.main.TestCaseExecutor.execute(TestCaseExecutor.java:285)
	at com.kms.katalon.core.common.CommonExecutor.accessTestCaseMainPhase(CommonExecutor.java:65)
	at com.kms.katalon.core.main.TestSuiteExecutor.accessTestSuiteMainPhase(TestSuiteExecutor.java:148)
	at com.kms.katalon.core.main.TestSuiteExecutor.execute(TestSuiteExecutor.java:106)
	at com.kms.katalon.core.main.TestCaseMain.startTestSuite(TestCaseMain.java:187)
	at com.kms.katalon.core.main.TestCaseMain$startTestSuite$0.call(Unknown Source)
	at TempTestSuite1697454199331.run(TempTestSuite1697454199331.groovy:36)


2023-10-16 14:10:00 - [TEST_STEP][PASSED] - getResponse = config_files.getConfigFile.getConfig("WEB", "EN", "SHAHID_VIP_SPORT", "KW", "false"): config_files.getConfigFile.getConfig is PASSED

2023-10-16 14:10:00 - [MESSAGE][INFO] - HAR: /Users/admin/git/shahid-configuration/Reports/20231016_140310/WEB/KWT/20231016_140319/requests/main/7.har

2023-10-16 14:10:00 - [MESSAGE][PASSED] - Send request successfully

2023-10-16 14:10:00 - [MESSAGE][PASSED] - config_files.getConfigFile.getConfig is PASSED

2023-10-16 14:10:00 - [TEST_STEP][PASSED] - verifyResponseStatusCode(getResponse, 200): Verify response status code successfully

2023-10-16 14:10:00 - [MESSAGE][PASSED] - Verify response status code successfully

2023-10-16 14:10:00 - [TEST_STEP][PASSED] - verifyElementPropertyValue(getResponse, "country", "KWT"): Verify element property value successfully

2023-10-16 14:10:01 - [MESSAGE][PASSED] - Verify element property value successfully

2023-10-16 14:10:01 - [TEST_STEP][PASSED] - verifyElementPropertyValue(getResponse, "platform", "[WEB]"): Verify element property value successfully

2023-10-16 14:10:01 - [MESSAGE][PASSED] - Verify element property value successfully

2023-10-16 14:10:01 - [TEST_STEP][PASSED] - verifyElementPropertyValue(getResponse, "offers[5].offerId", "winback-sport-30-offer"): Verify element property value successfully

2023-10-16 14:10:01 - [MESSAGE][PASSED] - Verify element property value successfully

2023-10-16 14:10:01 - [TEST_STEP][PASSED] - verifyElementPropertyValue(getResponse, "offers[5].offerParam", "sportsoffer30"): Verify element property value successfully

2023-10-16 14:10:01 - [MESSAGE][PASSED] - Verify element property value successfully

2023-10-16 14:10:01 - [TEST_STEP][PASSED] - verifyElementPropertyValue(getResponse, "offers[5].groups[0].pricingPlans[0].featured", "true"): Verify element property value successfully

2023-10-16 14:10:01 - [MESSAGE][PASSED] - Verify element property value successfully

2023-10-16 14:10:01 - [TEST_STEP][PASSED] - verifyElementPropertyValue(getResponse, "offers[5].groups[0].pricingPlans[0].period", "monthly"): Verify element property value successfully

2023-10-16 14:10:01 - [MESSAGE][PASSED] - Verify element property value successfully

2023-10-16 14:10:01 - [TEST_STEP][PASSED] - verifyElementPropertyValue(getResponse, "offers[5].groups[0].pricingPlans[0].featured", "true"): Verify element property value successfully

2023-10-16 14:10:01 - [MESSAGE][PASSED] - Verify element property value successfully

2023-10-16 14:10:01 - [TEST_STEP][PASSED] - verifyElementPropertyValue(getResponse, "offers[5].groups[0].pricingPlans[0].price", "3.99"): Verify element property value successfully

2023-10-16 14:10:01 - [MESSAGE][PASSED] - Verify element property value successfully

2023-10-16 14:10:01 - [TEST_STEP][PASSED] - verifyElementPropertyValue(getResponse, "offers[5].groups[0].pricingPlans[0].currency", "KWD"): Verify element property value successfully

2023-10-16 14:10:01 - [MESSAGE][PASSED] - Verify element property value successfully

2023-10-16 14:10:01 - [TEST_STEP][PASSED] - verifyElementPropertyValue(getResponse, "offers[5].groups[0].pricingPlans[0].order", "0"): Verify element property value successfully

2023-10-16 14:10:01 - [MESSAGE][PASSED] - Verify element property value successfully

2023-10-16 14:10:01 - [TEST_STEP][PASSED] - verifyElementPropertyValue(getResponse, "offers[5].groups[0].pricingPlans[0].packageId", "SHAHID_VIP_SPORT"): Verify element property value successfully

2023-10-16 14:10:01 - [MESSAGE][PASSED] - Verify element property value successfully

2023-10-16 14:10:01 - [TEST_STEP][PASSED] - verifyElementPropertyValue(getResponse, "offers[5].groups[0].pricingPlans[0].catalogId", "SPORT"): Verify element property value successfully

2023-10-16 14:10:01 - [MESSAGE][PASSED] - Verify element property value successfully

2023-10-16 14:10:01 - [TEST_STEP][PASSED] - verifyElementPropertyValue(getResponse, "offers[5].groups[0].pricingPlans[0].visualElements[0].key", "Header_1_text"): Verify element property value successfully

2023-10-16 14:10:01 - [MESSAGE][PASSED] - Verify element property value successfully

2023-10-16 14:10:01 - [TEST_STEP][PASSED] - verifyElementPropertyValue(getResponse, "offers[5].groups[0].pricingPlans[0].visualElements[0].value", "Watch the most powerful series and movies exclusively without stopping"): Verify element property value successfully

2023-10-16 14:10:01 - [MESSAGE][PASSED] - Verify element property value successfully

2023-10-16 14:10:01 - [TEST_STEP][PASSED] - verifyElementPropertyValue(getResponse, "offers[5].groups[0].pricingPlans[0].visualElements[1].key", "display_title"): Verify element property value successfully

2023-10-16 14:10:01 - [MESSAGE][PASSED] - Verify element property value successfully

2023-10-16 14:10:01 - [TEST_STEP][FAILED] - verifyElementPropertyValue(getResponse, "offers[5].groups[0].pricingPlans[0].visualElements[1].value", "30% Discount Offer"): Expected element property value '30% Discount Offer' is not equal with actual property value '30% Discount Offer​'

2023-10-16 14:10:01 - [MESSAGE][FAILED] - Expected element property value '30% Discount Offer' is not equal with actual property value '30% Discount Offer​'

2023-10-16 14:10:01 - [TEST_STEP][PASSED] - verifyElementPropertyValue(getResponse, "offers[5].groups[0].pricingPlans[0].visualElements[3].key", "deduction_text"): Verify element property value successfully

2023-10-16 14:10:01 - [MESSAGE][PASSED] - Verify element property value successfully

2023-10-16 14:10:01 - [TEST_STEP][PASSED] - verifyElementPropertyValue(getResponse, "offers[5].groups[0].pricingPlans[0].visualElements[3].value", "billed every month"): Verify element property value successfully

2023-10-16 14:10:01 - [MESSAGE][PASSED] - Verify element property value successfully

2023-10-16 14:10:01 - [TEST_STEP][PASSED] - verifyElementPropertyValue(getResponse, "offers[5].groups[0].pricingPlans[0].visualElements[6].key", "show_payment_logo"): Verify element property value successfully

2023-10-16 14:10:01 - [MESSAGE][PASSED] - Verify element property value successfully

2023-10-16 14:10:01 - [TEST_STEP][PASSED] - verifyElementPropertyValue(getResponse, "offers[5].groups[0].pricingPlans[0].visualElements[6].value", "true"): Verify element property value successfully

2023-10-16 14:10:01 - [MESSAGE][PASSED] - Verify element property value successfully

2023-10-16 14:10:01 - [TEST_STEP][PASSED] - verifyElementPropertyValue(getResponse, "offers[5].groups[0].pricingPlans[0].visualElements[8].key", "price"): Verify element property value successfully

2023-10-16 14:10:01 - [MESSAGE][PASSED] - Verify element property value successfully

2023-10-16 14:10:01 - [TEST_STEP][PASSED] - verifyElementPropertyValue(getResponse, "offers[5].groups[0].pricingPlans[0].visualElements[8].value", "3.99"): Verify element property value successfully

2023-10-16 14:10:01 - [MESSAGE][PASSED] - Verify element property value successfully

2023-10-16 14:10:01 - [TEST_STEP][PASSED] - verifyElementPropertyValue(getResponse, "offers[5].groups[0].pricingPlans[0].visualElements[9].key", "currency"): Verify element property value successfully

2023-10-16 14:10:01 - [MESSAGE][PASSED] - Verify element property value successfully

2023-10-16 14:10:01 - [TEST_STEP][PASSED] - verifyElementPropertyValue(getResponse, "offers[5].groups[0].pricingPlans[0].visualElements[9].value", "KWD"): Verify element property value successfully

2023-10-16 14:10:01 - [MESSAGE][PASSED] - Verify element property value successfully

2023-10-16 14:10:01 - [TEST_STEP][PASSED] - verifyElementPropertyValue(getResponse, "offers[5].groups[0].pricingPlans[0].visualElements[10].key", "duration"): Verify element property value successfully

2023-10-16 14:10:01 - [MESSAGE][PASSED] - Verify element property value successfully

2023-10-16 14:10:01 - [TEST_STEP][PASSED] - verifyElementPropertyValue(getResponse, "offers[5].groups[0].pricingPlans[0].visualElements[10].value", "Monthly"): Verify element property value successfully

2023-10-16 14:10:01 - [MESSAGE][PASSED] - Verify element property value successfully

2023-10-16 14:10:01 - [TEST_STEP][PASSED] - verifyElementPropertyValue(getResponse, "offers[5].groups[0].pricingPlans[0].visualElements[11].key", "featured_tag_text"): Verify element property value successfully

2023-10-16 14:10:01 - [MESSAGE][PASSED] - Verify element property value successfully

2023-10-16 14:10:01 - [TEST_STEP][PASSED] - verifyElementPropertyValue(getResponse, "offers[5].groups[0].pricingPlans[0].visualElements[11].value", "Limited Time Offer"): Verify element property value successfully

2023-10-16 14:10:01 - [MESSAGE][PASSED] - Verify element property value successfully

2023-10-16 14:10:01 - [TEST_STEP][PASSED] - verifyElementPropertyValue(getResponse, "offers[5].groups[0].pricingPlans[0].visualElements[12].key", "show_tag"): Verify element property value successfully

2023-10-16 14:10:01 - [MESSAGE][PASSED] - Verify element property value successfully

2023-10-16 14:10:01 - [TEST_STEP][PASSED] - verifyElementPropertyValue(getResponse, "offers[5].groups[0].pricingPlans[0].visualElements[12].value", "true"): Verify element property value successfully

2023-10-16 14:10:01 - [MESSAGE][PASSED] - Verify element property value successfully

2023-10-16 14:10:01 - [TEST_STEP][PASSED] - verifyElementPropertyValue(getResponse, "offers[5].groups[0].pricingPlans[0].visualElements[13].key", "tag_text"): Verify element property value successfully

2023-10-16 14:10:01 - [MESSAGE][PASSED] - Verify element property value successfully

2023-10-16 14:10:01 - [TEST_STEP][PASSED] - verifyElementPropertyValue(getResponse, "offers[5].groups[0].pricingPlans[0].visualElements[13].value", "Save 30%"): Verify element property value successfully

2023-10-16 14:10:01 - [MESSAGE][PASSED] - Verify element property value successfully

2023-10-16 14:10:01 - [TEST_STEP][PASSED] - verifyElementPropertyValue(getResponse, "offers[5].groups[0].pricingPlans[0].pricingPlanData[0].productId", "KWT_B2C_SHAHID_VIP_SPORT_1M"): Verify element property value successfully

2023-10-16 14:10:01 - [MESSAGE][PASSED] - Verify element property value successfully

2023-10-16 14:10:01 - [TEST_STEP][PASSED] - verifyElementPropertyValue(getResponse, "offers[5].groups[0].pricingPlans[0].pricingPlanData[0].paymentMethod", "CREDIT_CARD"): Verify element property value successfully

2023-10-16 14:10:01 - [MESSAGE][PASSED] - Verify element property value successfully

2023-10-16 14:10:01 - [TEST_STEP][PASSED] - verifyElementPropertyValue(getResponse, "offers[5].groups[0].pricingPlans[0].pricingPlanData[0].freeTrialEnabled", "false"): Verify element property value successfully

2023-10-16 14:10:01 - [MESSAGE][PASSED] - Verify element property value successfully

2023-10-16 14:10:01 - [TEST_STEP][PASSED] - verifyElementPropertyValue(getResponse, "offers[5].groups[0].pricingPlans[0].pricingPlanData[0].showIn[0]", "VERTICAL_MODE"): Verify element property value successfully

2023-10-16 14:10:01 - [MESSAGE][PASSED] - Verify element property value successfully

2023-10-16 14:10:01 - [TEST_STEP][PASSED] - verifyElementPropertyValue(getResponse, "offers[5].groups[0].pricingPlans[0].pricingPlanData[0].showIn[1]", "HORIZONTAL_MODE"): Verify element property value successfully

2023-10-16 14:10:01 - [MESSAGE][PASSED] - Verify element property value successfully

2023-10-16 14:10:01 - [TEST_STEP][PASSED] - verifyElementPropertyValue(getResponse, "offers[5].groups[0].pricingPlans[0].pricingPlanData[0].priceLabel", "3.99"): Verify element property value successfully

2023-10-16 14:10:01 - [MESSAGE][PASSED] - Verify element property value successfully

2023-10-16 14:10:01 - [TEST_STEP][PASSED] - verifyElementPropertyValue(getResponse, "offers[5].groups[0].pricingPlans[0].pricingPlanData[0].currencyLabel", "KWD"): Verify element property value successfully

2023-10-16 14:10:01 - [MESSAGE][PASSED] - Verify element property value successfully

2023-10-16 14:10:01 - [TEST_STEP][PASSED] - verifyElementPropertyValue(getResponse, "offers[5].groups[0].pricingPlans[0].pricingPlanData[0].dealId", "WB_SPORT_30P_KWT"): Verify element property value successfully

2023-10-16 14:10:01 - [MESSAGE][PASSED] - Verify element property value successfully

2023-10-16 14:10:01 - [TEST_STEP][PASSED] - verifyElementPropertyValue(getResponse, "offers[5].groups[0].pricingPlans[0].pricingPlanData[0].allowedForAcquisition", "true"): Verify element property value successfully

2023-10-16 14:10:01 - [MESSAGE][PASSED] - Verify element property value successfully

2023-10-16 14:10:01 - [TEST_STEP][PASSED] - verifyElementPropertyValue(getResponse, "offers[5].groups[0].pricingPlans[0].pricingPlanData[0].visualElements[0].key", "title"): Verify element property value successfully

2023-10-16 14:10:01 - [MESSAGE][PASSED] - Verify element property value successfully

2023-10-16 14:10:01 - [TEST_STEP][PASSED] - verifyElementPropertyValue(getResponse, "offers[5].groups[0].pricingPlans[0].pricingPlanData[0].visualElements[0].value", "Credit/Debit Card"): Verify element property value successfully

2023-10-16 14:10:01 - [MESSAGE][PASSED] - Verify element property value successfully

2023-10-16 14:10:01 - [TEST_STEP][PASSED] - verifyElementPropertyValue(getResponse, "offers[5].groups[0].pricingPlans[0].pricingPlanData[0].visualElements[1].key", "CTA_text"): Verify element property value successfully

2023-10-16 14:10:01 - [MESSAGE][PASSED] - Verify element property value successfully

2023-10-16 14:10:01 - [TEST_STEP][PASSED] - verifyElementPropertyValue(getResponse, "offers[5].groups[0].pricingPlans[0].pricingPlanData[0].visualElements[1].value", "Subscribe"): Verify element property value successfully

2023-10-16 14:10:01 - [MESSAGE][PASSED] - Verify element property value successfully

2023-10-16 14:10:01 - [TEST_STEP][PASSED] - verifyElementPropertyValue(getResponse, "offers[5].groups[0].pricingPlans[0].pricingPlanData[0].visualElements[2].key", "logo"): Verify element property value successfully

2023-10-16 14:10:01 - [MESSAGE][PASSED] - Verify element property value successfully

2023-10-16 14:10:01 - [TEST_STEP][PASSED] - verifyElementPropertyValue(getResponse, "offers[5].groups[0].pricingPlans[0].pricingPlanData[0].visualElements[2].value", "https://static.s3.shahid.mbc.net/widget-images/icons/iconCreditCard.png"): Verify element property value successfully

2023-10-16 14:10:01 - [MESSAGE][PASSED] - Verify element property value successfully

2023-10-16 14:10:01 - [TEST_STEP][PASSED] - verifyElementPropertyValue(getResponse, "offers[6].offerId", "winback-sport-40-offer"): Verify element property value successfully

2023-10-16 14:10:01 - [MESSAGE][PASSED] - Verify element property value successfully

2023-10-16 14:10:01 - [TEST_STEP][PASSED] - verifyElementPropertyValue(getResponse, "offers[6].offerParam", "sportsoffer40"): Verify element property value successfully

2023-10-16 14:10:01 - [MESSAGE][PASSED] - Verify element property value successfully

2023-10-16 14:10:01 - [TEST_STEP][PASSED] - verifyElementPropertyValue(getResponse, "offers[6].groups[0].pricingPlans[0].featured", "true"): Verify element property value successfully

2023-10-16 14:10:01 - [MESSAGE][PASSED] - Verify element property value successfully

2023-10-16 14:10:01 - [TEST_STEP][PASSED] - verifyElementPropertyValue(getResponse, "offers[6].groups[0].pricingPlans[0].period", "monthly"): Verify element property value successfully

2023-10-16 14:10:01 - [MESSAGE][PASSED] - Verify element property value successfully

2023-10-16 14:10:01 - [TEST_STEP][PASSED] - verifyElementPropertyValue(getResponse, "offers[6].groups[0].pricingPlans[0].featured", "true"): Verify element property value successfully

2023-10-16 14:10:01 - [MESSAGE][PASSED] - Verify element property value successfully

2023-10-16 14:10:01 - [TEST_STEP][PASSED] - verifyElementPropertyValue(getResponse, "offers[6].groups[0].pricingPlans[0].price", "3.49"): Verify element property value successfully

2023-10-16 14:10:01 - [MESSAGE][PASSED] - Verify element property value successfully

2023-10-16 14:10:01 - [TEST_STEP][PASSED] - verifyElementPropertyValue(getResponse, "offers[6].groups[0].pricingPlans[0].currency", "KWD"): Verify element property value successfully

2023-10-16 14:10:01 - [MESSAGE][PASSED] - Verify element property value successfully

2023-10-16 14:10:01 - [TEST_STEP][PASSED] - verifyElementPropertyValue(getResponse, "offers[6].groups[0].pricingPlans[0].order", "0"): Verify element property value successfully

2023-10-16 14:10:01 - [MESSAGE][PASSED] - Verify element property value successfully

2023-10-16 14:10:01 - [TEST_STEP][PASSED] - verifyElementPropertyValue(getResponse, "offers[6].groups[0].pricingPlans[0].packageId", "SHAHID_VIP_SPORT"): Verify element property value successfully

2023-10-16 14:10:01 - [MESSAGE][PASSED] - Verify element property value successfully

2023-10-16 14:10:01 - [TEST_STEP][PASSED] - verifyElementPropertyValue(getResponse, "offers[6].groups[0].pricingPlans[0].catalogId", "SPORT"): Verify element property value successfully

2023-10-16 14:10:01 - [MESSAGE][PASSED] - Verify element property value successfully

2023-10-16 14:10:01 - [TEST_STEP][PASSED] - verifyElementPropertyValue(getResponse, "offers[6].groups[0].pricingPlans[0].visualElements[0].key", "Header_1_text"): Verify element property value successfully

2023-10-16 14:10:01 - [MESSAGE][PASSED] - Verify element property value successfully

2023-10-16 14:10:01 - [TEST_STEP][PASSED] - verifyElementPropertyValue(getResponse, "offers[6].groups[0].pricingPlans[0].visualElements[0].value", "Watch the most powerful series and movies exclusively without stopping"): Verify element property value successfully

2023-10-16 14:10:01 - [MESSAGE][PASSED] - Verify element property value successfully

2023-10-16 14:10:01 - [TEST_STEP][PASSED] - verifyElementPropertyValue(getResponse, "offers[6].groups[0].pricingPlans[0].visualElements[1].key", "display_title"): Verify element property value successfully

2023-10-16 14:10:01 - [MESSAGE][PASSED] - Verify element property value successfully

2023-10-16 14:10:01 - [TEST_STEP][FAILED] - verifyElementPropertyValue(getResponse, "offers[6].groups[0].pricingPlans[0].visualElements[1].value", "40% Discount Offer"): Expected element property value '40% Discount Offer' is not equal with actual property value '40% Discount Offer​'

2023-10-16 14:10:01 - [MESSAGE][FAILED] - Expected element property value '40% Discount Offer' is not equal with actual property value '40% Discount Offer​'

2023-10-16 14:10:01 - [TEST_STEP][PASSED] - verifyElementPropertyValue(getResponse, "offers[6].groups[0].pricingPlans[0].visualElements[3].key", "deduction_text"): Verify element property value successfully

2023-10-16 14:10:01 - [MESSAGE][PASSED] - Verify element property value successfully

2023-10-16 14:10:01 - [TEST_STEP][PASSED] - verifyElementPropertyValue(getResponse, "offers[6].groups[0].pricingPlans[0].visualElements[3].value", "billed every month"): Verify element property value successfully

2023-10-16 14:10:01 - [MESSAGE][PASSED] - Verify element property value successfully

2023-10-16 14:10:01 - [TEST_STEP][PASSED] - verifyElementPropertyValue(getResponse, "offers[6].groups[0].pricingPlans[0].visualElements[6].key", "show_payment_logo"): Verify element property value successfully

2023-10-16 14:10:01 - [MESSAGE][PASSED] - Verify element property value successfully

2023-10-16 14:10:01 - [TEST_STEP][PASSED] - verifyElementPropertyValue(getResponse, "offers[6].groups[0].pricingPlans[0].visualElements[6].value", "true"): Verify element property value successfully

2023-10-16 14:10:01 - [MESSAGE][PASSED] - Verify element property value successfully

2023-10-16 14:10:01 - [TEST_STEP][PASSED] - verifyElementPropertyValue(getResponse, "offers[6].groups[0].pricingPlans[0].visualElements[8].key", "price"): Verify element property value successfully

2023-10-16 14:10:01 - [MESSAGE][PASSED] - Verify element property value successfully

2023-10-16 14:10:01 - [TEST_STEP][PASSED] - verifyElementPropertyValue(getResponse, "offers[6].groups[0].pricingPlans[0].visualElements[8].value", "3.49"): Verify element property value successfully

2023-10-16 14:10:01 - [MESSAGE][PASSED] - Verify element property value successfully

2023-10-16 14:10:01 - [TEST_STEP][PASSED] - verifyElementPropertyValue(getResponse, "offers[6].groups[0].pricingPlans[0].visualElements[9].key", "currency"): Verify element property value successfully

2023-10-16 14:10:01 - [MESSAGE][PASSED] - Verify element property value successfully

2023-10-16 14:10:01 - [TEST_STEP][PASSED] - verifyElementPropertyValue(getResponse, "offers[6].groups[0].pricingPlans[0].visualElements[9].value", "KWD"): Verify element property value successfully

2023-10-16 14:10:01 - [MESSAGE][PASSED] - Verify element property value successfully

2023-10-16 14:10:01 - [TEST_STEP][PASSED] - verifyElementPropertyValue(getResponse, "offers[6].groups[0].pricingPlans[0].visualElements[10].key", "duration"): Verify element property value successfully

2023-10-16 14:10:01 - [MESSAGE][PASSED] - Verify element property value successfully

2023-10-16 14:10:01 - [TEST_STEP][PASSED] - verifyElementPropertyValue(getResponse, "offers[6].groups[0].pricingPlans[0].visualElements[10].value", "Monthly"): Verify element property value successfully

2023-10-16 14:10:01 - [MESSAGE][PASSED] - Verify element property value successfully

2023-10-16 14:10:01 - [TEST_STEP][PASSED] - verifyElementPropertyValue(getResponse, "offers[6].groups[0].pricingPlans[0].visualElements[11].key", "featured_tag_text"): Verify element property value successfully

2023-10-16 14:10:01 - [MESSAGE][PASSED] - Verify element property value successfully

2023-10-16 14:10:01 - [TEST_STEP][PASSED] - verifyElementPropertyValue(getResponse, "offers[6].groups[0].pricingPlans[0].visualElements[11].value", "Limited Time Offer"): Verify element property value successfully

2023-10-16 14:10:01 - [MESSAGE][PASSED] - Verify element property value successfully

2023-10-16 14:10:01 - [TEST_STEP][PASSED] - verifyElementPropertyValue(getResponse, "offers[6].groups[0].pricingPlans[0].visualElements[13].key", "tag_text"): Verify element property value successfully

2023-10-16 14:10:01 - [MESSAGE][PASSED] - Verify element property value successfully

2023-10-16 14:10:01 - [TEST_STEP][PASSED] - verifyElementPropertyValue(getResponse, "offers[6].groups[0].pricingPlans[0].visualElements[13].value", "Save 40%"): Verify element property value successfully

2023-10-16 14:10:01 - [MESSAGE][PASSED] - Verify element property value successfully

2023-10-16 14:10:01 - [TEST_STEP][PASSED] - verifyElementPropertyValue(getResponse, "offers[6].groups[0].pricingPlans[0].visualElements[12].key", "show_tag"): Verify element property value successfully

2023-10-16 14:10:02 - [MESSAGE][PASSED] - Verify element property value successfully

2023-10-16 14:10:02 - [TEST_STEP][PASSED] - verifyElementPropertyValue(getResponse, "offers[6].groups[0].pricingPlans[0].visualElements[12].value", "true"): Verify element property value successfully

2023-10-16 14:10:02 - [MESSAGE][PASSED] - Verify element property value successfully

2023-10-16 14:10:02 - [TEST_STEP][PASSED] - verifyElementPropertyValue(getResponse, "offers[6].groups[0].pricingPlans[0].pricingPlanData[0].productId", "KWT_B2C_SHAHID_VIP_SPORT_1M"): Verify element property value successfully

2023-10-16 14:10:02 - [MESSAGE][PASSED] - Verify element property value successfully

2023-10-16 14:10:02 - [TEST_STEP][PASSED] - verifyElementPropertyValue(getResponse, "offers[6].groups[0].pricingPlans[0].pricingPlanData[0].paymentMethod", "CREDIT_CARD"): Verify element property value successfully

2023-10-16 14:10:02 - [MESSAGE][PASSED] - Verify element property value successfully

2023-10-16 14:10:02 - [TEST_STEP][PASSED] - verifyElementPropertyValue(getResponse, "offers[6].groups[0].pricingPlans[0].pricingPlanData[0].freeTrialEnabled", "false"): Verify element property value successfully

2023-10-16 14:10:02 - [MESSAGE][PASSED] - Verify element property value successfully

2023-10-16 14:10:02 - [TEST_STEP][PASSED] - verifyElementPropertyValue(getResponse, "offers[6].groups[0].pricingPlans[0].pricingPlanData[0].showIn[0]", "VERTICAL_MODE"): Verify element property value successfully

2023-10-16 14:10:02 - [MESSAGE][PASSED] - Verify element property value successfully

2023-10-16 14:10:02 - [TEST_STEP][PASSED] - verifyElementPropertyValue(getResponse, "offers[6].groups[0].pricingPlans[0].pricingPlanData[0].showIn[1]", "HORIZONTAL_MODE"): Verify element property value successfully

2023-10-16 14:10:02 - [MESSAGE][PASSED] - Verify element property value successfully

2023-10-16 14:10:02 - [TEST_STEP][PASSED] - verifyElementPropertyValue(getResponse, "offers[6].groups[0].pricingPlans[0].pricingPlanData[0].priceLabel", "3.49"): Verify element property value successfully

2023-10-16 14:10:02 - [MESSAGE][PASSED] - Verify element property value successfully

2023-10-16 14:10:02 - [TEST_STEP][PASSED] - verifyElementPropertyValue(getResponse, "offers[6].groups[0].pricingPlans[0].pricingPlanData[0].currencyLabel", "KWD"): Verify element property value successfully

2023-10-16 14:10:02 - [MESSAGE][PASSED] - Verify element property value successfully

2023-10-16 14:10:02 - [TEST_STEP][PASSED] - verifyElementPropertyValue(getResponse, "offers[6].groups[0].pricingPlans[0].pricingPlanData[0].dealId", "WB_SPORT_40P_KWT"): Verify element property value successfully

2023-10-16 14:10:02 - [MESSAGE][PASSED] - Verify element property value successfully

2023-10-16 14:10:02 - [TEST_STEP][PASSED] - verifyElementPropertyValue(getResponse, "offers[6].groups[0].pricingPlans[0].pricingPlanData[0].allowedForAcquisition", "true"): Verify element property value successfully

2023-10-16 14:10:02 - [MESSAGE][PASSED] - Verify element property value successfully

2023-10-16 14:10:02 - [TEST_STEP][PASSED] - verifyElementPropertyValue(getResponse, "offers[6].groups[0].pricingPlans[0].pricingPlanData[0].visualElements[0].key", "title"): Verify element property value successfully

2023-10-16 14:10:02 - [MESSAGE][PASSED] - Verify element property value successfully

2023-10-16 14:10:02 - [TEST_STEP][PASSED] - verifyElementPropertyValue(getResponse, "offers[6].groups[0].pricingPlans[0].pricingPlanData[0].visualElements[0].value", "Credit/Debit Card"): Verify element property value successfully

2023-10-16 14:10:02 - [MESSAGE][PASSED] - Verify element property value successfully

2023-10-16 14:10:02 - [TEST_STEP][PASSED] - verifyElementPropertyValue(getResponse, "offers[6].groups[0].pricingPlans[0].pricingPlanData[0].visualElements[1].key", "CTA_text"): Verify element property value successfully

2023-10-16 14:10:02 - [MESSAGE][PASSED] - Verify element property value successfully

2023-10-16 14:10:02 - [TEST_STEP][PASSED] - verifyElementPropertyValue(getResponse, "offers[6].groups[0].pricingPlans[0].pricingPlanData[0].visualElements[1].value", "Subscribe"): Verify element property value successfully

2023-10-16 14:10:02 - [MESSAGE][PASSED] - Verify element property value successfully

2023-10-16 14:10:02 - [TEST_STEP][PASSED] - verifyElementPropertyValue(getResponse, "offers[6].groups[0].pricingPlans[0].pricingPlanData[0].visualElements[2].key", "logo"): Verify element property value successfully

2023-10-16 14:10:02 - [MESSAGE][PASSED] - Verify element property value successfully

2023-10-16 14:10:02 - [TEST_STEP][PASSED] - verifyElementPropertyValue(getResponse, "offers[6].groups[0].pricingPlans[0].pricingPlanData[0].visualElements[2].value", "https://static.s3.shahid.mbc.net/widget-images/icons/iconCreditCard.png"): Verify element property value successfully

2023-10-16 14:10:02 - [MESSAGE][PASSED] - Verify element property value successfully

2023-10-16 14:10:02 - [TEST_STEP][PASSED] - verifyElementPropertyValue(getResponse, "offers[7].offerId", "winback-sport-50-offer"): Verify element property value successfully

2023-10-16 14:10:02 - [MESSAGE][PASSED] - Verify element property value successfully

2023-10-16 14:10:02 - [TEST_STEP][PASSED] - verifyElementPropertyValue(getResponse, "offers[7].offerParam", "sportsoffer50"): Verify element property value successfully

2023-10-16 14:10:02 - [MESSAGE][PASSED] - Verify element property value successfully

2023-10-16 14:10:02 - [TEST_STEP][PASSED] - verifyElementPropertyValue(getResponse, "offers[7].groups[0].pricingPlans[0].featured", "true"): Verify element property value successfully

2023-10-16 14:10:02 - [MESSAGE][PASSED] - Verify element property value successfully

2023-10-16 14:10:02 - [TEST_STEP][PASSED] - verifyElementPropertyValue(getResponse, "offers[7].groups[0].pricingPlans[0].period", "monthly"): Verify element property value successfully

2023-10-16 14:10:02 - [MESSAGE][PASSED] - Verify element property value successfully

2023-10-16 14:10:02 - [TEST_STEP][PASSED] - verifyElementPropertyValue(getResponse, "offers[7].groups[0].pricingPlans[0].featured", "true"): Verify element property value successfully

2023-10-16 14:10:02 - [MESSAGE][PASSED] - Verify element property value successfully

2023-10-16 14:10:02 - [TEST_STEP][PASSED] - verifyElementPropertyValue(getResponse, "offers[7].groups[0].pricingPlans[0].price", "2.89"): Verify element property value successfully

2023-10-16 14:10:02 - [MESSAGE][PASSED] - Verify element property value successfully

2023-10-16 14:10:02 - [TEST_STEP][PASSED] - verifyElementPropertyValue(getResponse, "offers[7].groups[0].pricingPlans[0].currency", "KWD"): Verify element property value successfully

2023-10-16 14:10:02 - [MESSAGE][PASSED] - Verify element property value successfully

2023-10-16 14:10:02 - [TEST_STEP][PASSED] - verifyElementPropertyValue(getResponse, "offers[7].groups[0].pricingPlans[0].order", "0"): Verify element property value successfully

2023-10-16 14:10:02 - [MESSAGE][PASSED] - Verify element property value successfully

2023-10-16 14:10:02 - [TEST_STEP][PASSED] - verifyElementPropertyValue(getResponse, "offers[7].groups[0].pricingPlans[0].packageId", "SHAHID_VIP_SPORT"): Verify element property value successfully

2023-10-16 14:10:02 - [MESSAGE][PASSED] - Verify element property value successfully

2023-10-16 14:10:02 - [TEST_STEP][PASSED] - verifyElementPropertyValue(getResponse, "offers[7].groups[0].pricingPlans[0].catalogId", "SPORT"): Verify element property value successfully

2023-10-16 14:10:02 - [MESSAGE][PASSED] - Verify element property value successfully

2023-10-16 14:10:02 - [TEST_STEP][PASSED] - verifyElementPropertyValue(getResponse, "offers[7].groups[0].pricingPlans[0].visualElements[0].key", "Header_1_text"): Verify element property value successfully

2023-10-16 14:10:02 - [MESSAGE][PASSED] - Verify element property value successfully

2023-10-16 14:10:02 - [TEST_STEP][PASSED] - verifyElementPropertyValue(getResponse, "offers[7].groups[0].pricingPlans[0].visualElements[0].value", "Watch the most powerful series and movies exclusively without stopping"): Verify element property value successfully

2023-10-16 14:10:02 - [MESSAGE][PASSED] - Verify element property value successfully

2023-10-16 14:10:02 - [TEST_STEP][PASSED] - verifyElementPropertyValue(getResponse, "offers[7].groups[0].pricingPlans[0].visualElements[1].key", "display_title"): Verify element property value successfully

2023-10-16 14:10:02 - [MESSAGE][PASSED] - Verify element property value successfully

2023-10-16 14:10:02 - [TEST_STEP][FAILED] - verifyElementPropertyValue(getResponse, "offers[7].groups[0].pricingPlans[0].visualElements[1].value", "50% Discount Offer"): Expected element property value '50% Discount Offer' is not equal with actual property value '50% Discount Offer​'

2023-10-16 14:10:02 - [MESSAGE][FAILED] - Expected element property value '50% Discount Offer' is not equal with actual property value '50% Discount Offer​'

2023-10-16 14:10:02 - [TEST_STEP][PASSED] - verifyElementPropertyValue(getResponse, "offers[7].groups[0].pricingPlans[0].visualElements[3].key", "deduction_text"): Verify element property value successfully

2023-10-16 14:10:02 - [MESSAGE][PASSED] - Verify element property value successfully

2023-10-16 14:10:02 - [TEST_STEP][PASSED] - verifyElementPropertyValue(getResponse, "offers[7].groups[0].pricingPlans[0].visualElements[3].value", "billed every month"): Verify element property value successfully

2023-10-16 14:10:02 - [MESSAGE][PASSED] - Verify element property value successfully

2023-10-16 14:10:02 - [TEST_STEP][PASSED] - verifyElementPropertyValue(getResponse, "offers[7].groups[0].pricingPlans[0].visualElements[6].key", "show_payment_logo"): Verify element property value successfully

2023-10-16 14:10:02 - [MESSAGE][PASSED] - Verify element property value successfully

2023-10-16 14:10:02 - [TEST_STEP][PASSED] - verifyElementPropertyValue(getResponse, "offers[7].groups[0].pricingPlans[0].visualElements[6].value", "true"): Verify element property value successfully

2023-10-16 14:10:02 - [MESSAGE][PASSED] - Verify element property value successfully

2023-10-16 14:10:02 - [TEST_STEP][PASSED] - verifyElementPropertyValue(getResponse, "offers[7].groups[0].pricingPlans[0].visualElements[8].key", "price"): Verify element property value successfully

2023-10-16 14:10:02 - [MESSAGE][PASSED] - Verify element property value successfully

2023-10-16 14:10:02 - [TEST_STEP][PASSED] - verifyElementPropertyValue(getResponse, "offers[7].groups[0].pricingPlans[0].visualElements[8].value", "2.89"): Verify element property value successfully

2023-10-16 14:10:02 - [MESSAGE][PASSED] - Verify element property value successfully

2023-10-16 14:10:02 - [TEST_STEP][PASSED] - verifyElementPropertyValue(getResponse, "offers[7].groups[0].pricingPlans[0].visualElements[9].key", "currency"): Verify element property value successfully

2023-10-16 14:10:02 - [MESSAGE][PASSED] - Verify element property value successfully

2023-10-16 14:10:02 - [TEST_STEP][PASSED] - verifyElementPropertyValue(getResponse, "offers[7].groups[0].pricingPlans[0].visualElements[9].value", "KWD"): Verify element property value successfully

2023-10-16 14:10:02 - [MESSAGE][PASSED] - Verify element property value successfully

2023-10-16 14:10:02 - [TEST_STEP][PASSED] - verifyElementPropertyValue(getResponse, "offers[7].groups[0].pricingPlans[0].visualElements[10].key", "duration"): Verify element property value successfully

2023-10-16 14:10:02 - [MESSAGE][PASSED] - Verify element property value successfully

2023-10-16 14:10:02 - [TEST_STEP][PASSED] - verifyElementPropertyValue(getResponse, "offers[7].groups[0].pricingPlans[0].visualElements[10].value", "Monthly"): Verify element property value successfully

2023-10-16 14:10:02 - [MESSAGE][PASSED] - Verify element property value successfully

2023-10-16 14:10:02 - [TEST_STEP][PASSED] - verifyElementPropertyValue(getResponse, "offers[7].groups[0].pricingPlans[0].visualElements[11].key", "featured_tag_text"): Verify element property value successfully

2023-10-16 14:10:02 - [MESSAGE][PASSED] - Verify element property value successfully

2023-10-16 14:10:02 - [TEST_STEP][PASSED] - verifyElementPropertyValue(getResponse, "offers[7].groups[0].pricingPlans[0].visualElements[11].value", "Limited Time Offer"): Verify element property value successfully

2023-10-16 14:10:02 - [MESSAGE][PASSED] - Verify element property value successfully

2023-10-16 14:10:02 - [TEST_STEP][PASSED] - verifyElementPropertyValue(getResponse, "offers[7].groups[0].pricingPlans[0].visualElements[13].key", "tag_text"): Verify element property value successfully

2023-10-16 14:10:02 - [MESSAGE][PASSED] - Verify element property value successfully

2023-10-16 14:10:02 - [TEST_STEP][PASSED] - verifyElementPropertyValue(getResponse, "offers[7].groups[0].pricingPlans[0].visualElements[13].value", "Save 50%"): Verify element property value successfully

2023-10-16 14:10:02 - [MESSAGE][PASSED] - Verify element property value successfully

2023-10-16 14:10:02 - [TEST_STEP][PASSED] - verifyElementPropertyValue(getResponse, "offers[7].groups[0].pricingPlans[0].visualElements[12].key", "show_tag"): Verify element property value successfully

2023-10-16 14:10:02 - [MESSAGE][PASSED] - Verify element property value successfully

2023-10-16 14:10:02 - [TEST_STEP][PASSED] - verifyElementPropertyValue(getResponse, "offers[7].groups[0].pricingPlans[0].visualElements[12].value", "true"): Verify element property value successfully

2023-10-16 14:10:02 - [MESSAGE][PASSED] - Verify element property value successfully

2023-10-16 14:10:02 - [TEST_STEP][PASSED] - verifyElementPropertyValue(getResponse, "offers[7].groups[0].pricingPlans[0].pricingPlanData[0].productId", "KWT_B2C_SHAHID_VIP_SPORT_1M"): Verify element property value successfully

2023-10-16 14:10:02 - [MESSAGE][PASSED] - Verify element property value successfully

2023-10-16 14:10:02 - [TEST_STEP][PASSED] - verifyElementPropertyValue(getResponse, "offers[7].groups[0].pricingPlans[0].pricingPlanData[0].paymentMethod", "CREDIT_CARD"): Verify element property value successfully

2023-10-16 14:10:02 - [MESSAGE][PASSED] - Verify element property value successfully

2023-10-16 14:10:02 - [TEST_STEP][PASSED] - verifyElementPropertyValue(getResponse, "offers[7].groups[0].pricingPlans[0].pricingPlanData[0].freeTrialEnabled", "false"): Verify element property value successfully

2023-10-16 14:10:02 - [MESSAGE][PASSED] - Verify element property value successfully

2023-10-16 14:10:02 - [TEST_STEP][PASSED] - verifyElementPropertyValue(getResponse, "offers[7].groups[0].pricingPlans[0].pricingPlanData[0].showIn[0]", "VERTICAL_MODE"): Verify element property value successfully

2023-10-16 14:10:02 - [MESSAGE][PASSED] - Verify element property value successfully

2023-10-16 14:10:02 - [TEST_STEP][PASSED] - verifyElementPropertyValue(getResponse, "offers[7].groups[0].pricingPlans[0].pricingPlanData[0].showIn[1]", "HORIZONTAL_MODE"): Verify element property value successfully

2023-10-16 14:10:02 - [MESSAGE][PASSED] - Verify element property value successfully

2023-10-16 14:10:02 - [TEST_STEP][PASSED] - verifyElementPropertyValue(getResponse, "offers[7].groups[0].pricingPlans[0].pricingPlanData[0].priceLabel", "2.89"): Verify element property value successfully

2023-10-16 14:10:02 - [MESSAGE][PASSED] - Verify element property value successfully

2023-10-16 14:10:02 - [TEST_STEP][PASSED] - verifyElementPropertyValue(getResponse, "offers[7].groups[0].pricingPlans[0].pricingPlanData[0].currencyLabel", "KWD"): Verify element property value successfully

2023-10-16 14:10:02 - [MESSAGE][PASSED] - Verify element property value successfully

2023-10-16 14:10:02 - [TEST_STEP][PASSED] - verifyElementPropertyValue(getResponse, "offers[7].groups[0].pricingPlans[0].pricingPlanData[0].dealId", "WB_SPORT_50P_KWT"): Verify element property value successfully

2023-10-16 14:10:02 - [MESSAGE][PASSED] - Verify element property value successfully

2023-10-16 14:10:02 - [TEST_STEP][PASSED] - verifyElementPropertyValue(getResponse, "offers[7].groups[0].pricingPlans[0].pricingPlanData[0].allowedForAcquisition", "true"): Verify element property value successfully

2023-10-16 14:10:02 - [MESSAGE][PASSED] - Verify element property value successfully

2023-10-16 14:10:02 - [TEST_STEP][PASSED] - verifyElementPropertyValue(getResponse, "offers[7].groups[0].pricingPlans[0].pricingPlanData[0].visualElements[0].key", "title"): Verify element property value successfully

2023-10-16 14:10:02 - [MESSAGE][PASSED] - Verify element property value successfully

2023-10-16 14:10:02 - [TEST_STEP][PASSED] - verifyElementPropertyValue(getResponse, "offers[7].groups[0].pricingPlans[0].pricingPlanData[0].visualElements[0].value", "Credit/Debit Card"): Verify element property value successfully

2023-10-16 14:10:02 - [MESSAGE][PASSED] - Verify element property value successfully

2023-10-16 14:10:02 - [TEST_STEP][PASSED] - verifyElementPropertyValue(getResponse, "offers[7].groups[0].pricingPlans[0].pricingPlanData[0].visualElements[1].key", "CTA_text"): Verify element property value successfully

2023-10-16 14:10:02 - [MESSAGE][PASSED] - Verify element property value successfully

2023-10-16 14:10:02 - [TEST_STEP][PASSED] - verifyElementPropertyValue(getResponse, "offers[7].groups[0].pricingPlans[0].pricingPlanData[0].visualElements[1].value", "Subscribe"): Verify element property value successfully

2023-10-16 14:10:02 - [MESSAGE][PASSED] - Verify element property value successfully

2023-10-16 14:10:02 - [TEST_STEP][PASSED] - verifyElementPropertyValue(getResponse, "offers[7].groups[0].pricingPlans[0].pricingPlanData[0].visualElements[2].key", "logo"): Verify element property value successfully

2023-10-16 14:10:02 - [MESSAGE][PASSED] - Verify element property value successfully

2023-10-16 14:10:02 - [TEST_STEP][PASSED] - verifyElementPropertyValue(getResponse, "offers[7].groups[0].pricingPlans[0].pricingPlanData[0].visualElements[2].value", "https://static.s3.shahid.mbc.net/widget-images/icons/iconCreditCard.png"): Verify element property value successfully

2023-10-16 14:10:02 - [MESSAGE][PASSED] - Verify element property value successfully

2023-10-16 14:10:02 - [TEST_STEP][PASSED] - verifyElementPropertyValue(getResponse, "offers[11].offerId", "byg-sport-30-offer"): Verify element property value successfully

2023-10-16 14:10:02 - [MESSAGE][PASSED] - Verify element property value successfully

2023-10-16 14:10:02 - [TEST_STEP][PASSED] - verifyElementPropertyValue(getResponse, "offers[11].offerParam", "bygsportsoffer30"): Verify element property value successfully

2023-10-16 14:10:02 - [MESSAGE][PASSED] - Verify element property value successfully

2023-10-16 14:10:02 - [TEST_STEP][PASSED] - verifyElementPropertyValue(getResponse, "offers[11].groups[0].pricingPlans[0].featured", "true"): Verify element property value successfully

2023-10-16 14:10:02 - [MESSAGE][PASSED] - Verify element property value successfully

2023-10-16 14:10:02 - [TEST_STEP][PASSED] - verifyElementPropertyValue(getResponse, "offers[11].groups[0].pricingPlans[0].period", "monthly"): Verify element property value successfully

2023-10-16 14:10:02 - [MESSAGE][PASSED] - Verify element property value successfully

2023-10-16 14:10:02 - [TEST_STEP][PASSED] - verifyElementPropertyValue(getResponse, "offers[11].groups[0].pricingPlans[0].featured", "true"): Verify element property value successfully

2023-10-16 14:10:02 - [MESSAGE][PASSED] - Verify element property value successfully

2023-10-16 14:10:02 - [TEST_STEP][PASSED] - verifyElementPropertyValue(getResponse, "offers[11].groups[0].pricingPlans[0].price", "3.99"): Verify element property value successfully

2023-10-16 14:10:02 - [MESSAGE][PASSED] - Verify element property value successfully

2023-10-16 14:10:02 - [TEST_STEP][PASSED] - verifyElementPropertyValue(getResponse, "offers[11].groups[0].pricingPlans[0].currency", "KWD"): Verify element property value successfully

2023-10-16 14:10:02 - [MESSAGE][PASSED] - Verify element property value successfully

2023-10-16 14:10:02 - [TEST_STEP][PASSED] - verifyElementPropertyValue(getResponse, "offers[11].groups[0].pricingPlans[0].order", "0"): Verify element property value successfully

2023-10-16 14:10:02 - [MESSAGE][PASSED] - Verify element property value successfully

2023-10-16 14:10:02 - [TEST_STEP][PASSED] - verifyElementPropertyValue(getResponse, "offers[11].groups[0].pricingPlans[0].packageId", "SHAHID_VIP_SPORT"): Verify element property value successfully

2023-10-16 14:10:02 - [MESSAGE][PASSED] - Verify element property value successfully

2023-10-16 14:10:02 - [TEST_STEP][PASSED] - verifyElementPropertyValue(getResponse, "offers[11].groups[0].pricingPlans[0].catalogId", "SPORT"): Verify element property value successfully

2023-10-16 14:10:02 - [MESSAGE][PASSED] - Verify element property value successfully

2023-10-16 14:10:02 - [TEST_STEP][PASSED] - verifyElementPropertyValue(getResponse, "offers[11].groups[0].pricingPlans[0].visualElements[0].key", "Header_1_text"): Verify element property value successfully

2023-10-16 14:10:02 - [MESSAGE][PASSED] - Verify element property value successfully

2023-10-16 14:10:02 - [TEST_STEP][PASSED] - verifyElementPropertyValue(getResponse, "offers[11].groups[0].pricingPlans[0].visualElements[0].value", "Watch the most powerful series and movies exclusively without stopping"): Verify element property value successfully

2023-10-16 14:10:02 - [MESSAGE][PASSED] - Verify element property value successfully

2023-10-16 14:10:02 - [TEST_STEP][PASSED] - verifyElementPropertyValue(getResponse, "offers[11].groups[0].pricingPlans[0].visualElements[1].key", "display_title"): Verify element property value successfully

2023-10-16 14:10:02 - [MESSAGE][PASSED] - Verify element property value successfully

2023-10-16 14:10:02 - [TEST_STEP][FAILED] - verifyElementPropertyValue(getResponse, "offers[11].groups[0].pricingPlans[0].visualElements[1].value", "30% Discount Offer"): Expected element property value '30% Discount Offer' is not equal with actual property value '30% Discount Offer​'

2023-10-16 14:10:02 - [MESSAGE][FAILED] - Expected element property value '30% Discount Offer' is not equal with actual property value '30% Discount Offer​'

2023-10-16 14:10:02 - [TEST_STEP][PASSED] - verifyElementPropertyValue(getResponse, "offers[11].groups[0].pricingPlans[0].visualElements[3].key", "deduction_text"): Verify element property value successfully

2023-10-16 14:10:02 - [MESSAGE][PASSED] - Verify element property value successfully

2023-10-16 14:10:02 - [TEST_STEP][PASSED] - verifyElementPropertyValue(getResponse, "offers[11].groups[0].pricingPlans[0].visualElements[3].value", "billed every month"): Verify element property value successfully

2023-10-16 14:10:02 - [MESSAGE][PASSED] - Verify element property value successfully

2023-10-16 14:10:02 - [TEST_STEP][PASSED] - verifyElementPropertyValue(getResponse, "offers[11].groups[0].pricingPlans[0].visualElements[6].key", "show_payment_logo"): Verify element property value successfully

2023-10-16 14:10:02 - [MESSAGE][PASSED] - Verify element property value successfully

2023-10-16 14:10:02 - [TEST_STEP][PASSED] - verifyElementPropertyValue(getResponse, "offers[11].groups[0].pricingPlans[0].visualElements[6].value", "true"): Verify element property value successfully

2023-10-16 14:10:02 - [MESSAGE][PASSED] - Verify element property value successfully

2023-10-16 14:10:02 - [TEST_STEP][PASSED] - verifyElementPropertyValue(getResponse, "offers[11].groups[0].pricingPlans[0].visualElements[8].key", "price"): Verify element property value successfully

2023-10-16 14:10:02 - [MESSAGE][PASSED] - Verify element property value successfully

2023-10-16 14:10:02 - [TEST_STEP][PASSED] - verifyElementPropertyValue(getResponse, "offers[11].groups[0].pricingPlans[0].visualElements[8].value", "3.99"): Verify element property value successfully

2023-10-16 14:10:02 - [MESSAGE][PASSED] - Verify element property value successfully

2023-10-16 14:10:02 - [TEST_STEP][PASSED] - verifyElementPropertyValue(getResponse, "offers[11].groups[0].pricingPlans[0].visualElements[9].key", "currency"): Verify element property value successfully

2023-10-16 14:10:02 - [MESSAGE][PASSED] - Verify element property value successfully

2023-10-16 14:10:02 - [TEST_STEP][PASSED] - verifyElementPropertyValue(getResponse, "offers[11].groups[0].pricingPlans[0].visualElements[9].value", "KWD"): Verify element property value successfully

2023-10-16 14:10:02 - [MESSAGE][PASSED] - Verify element property value successfully

2023-10-16 14:10:02 - [TEST_STEP][PASSED] - verifyElementPropertyValue(getResponse, "offers[11].groups[0].pricingPlans[0].visualElements[10].key", "duration"): Verify element property value successfully

2023-10-16 14:10:02 - [MESSAGE][PASSED] - Verify element property value successfully

2023-10-16 14:10:02 - [TEST_STEP][PASSED] - verifyElementPropertyValue(getResponse, "offers[11].groups[0].pricingPlans[0].visualElements[10].value", "Monthly"): Verify element property value successfully

2023-10-16 14:10:02 - [MESSAGE][PASSED] - Verify element property value successfully

2023-10-16 14:10:02 - [TEST_STEP][PASSED] - verifyElementPropertyValue(getResponse, "offers[11].groups[0].pricingPlans[0].visualElements[11].key", "featured_tag_text"): Verify element property value successfully

2023-10-16 14:10:02 - [MESSAGE][PASSED] - Verify element property value successfully

2023-10-16 14:10:02 - [TEST_STEP][PASSED] - verifyElementPropertyValue(getResponse, "offers[11].groups[0].pricingPlans[0].visualElements[11].value", "Limited Time Offer"): Verify element property value successfully

2023-10-16 14:10:02 - [MESSAGE][PASSED] - Verify element property value successfully

2023-10-16 14:10:02 - [TEST_STEP][PASSED] - verifyElementPropertyValue(getResponse, "offers[11].groups[0].pricingPlans[0].visualElements[12].key", "show_tag"): Verify element property value successfully

2023-10-16 14:10:02 - [MESSAGE][PASSED] - Verify element property value successfully

2023-10-16 14:10:02 - [TEST_STEP][PASSED] - verifyElementPropertyValue(getResponse, "offers[11].groups[0].pricingPlans[0].visualElements[12].value", "true"): Verify element property value successfully

2023-10-16 14:10:02 - [MESSAGE][PASSED] - Verify element property value successfully

2023-10-16 14:10:02 - [TEST_STEP][PASSED] - verifyElementPropertyValue(getResponse, "offers[11].groups[0].pricingPlans[0].visualElements[13].key", "tag_text"): Verify element property value successfully

2023-10-16 14:10:02 - [MESSAGE][PASSED] - Verify element property value successfully

2023-10-16 14:10:02 - [TEST_STEP][PASSED] - verifyElementPropertyValue(getResponse, "offers[11].groups[0].pricingPlans[0].visualElements[13].value", "Save 30%"): Verify element property value successfully

2023-10-16 14:10:02 - [MESSAGE][PASSED] - Verify element property value successfully

2023-10-16 14:10:02 - [TEST_STEP][PASSED] - verifyElementPropertyValue(getResponse, "offers[11].groups[0].pricingPlans[0].pricingPlanData[0].productId", "KWT_B2C_SHAHID_VIP_SPORT_1M"): Verify element property value successfully

2023-10-16 14:10:02 - [MESSAGE][PASSED] - Verify element property value successfully

2023-10-16 14:10:02 - [TEST_STEP][PASSED] - verifyElementPropertyValue(getResponse, "offers[11].groups[0].pricingPlans[0].pricingPlanData[0].paymentMethod", "CREDIT_CARD"): Verify element property value successfully

2023-10-16 14:10:02 - [MESSAGE][PASSED] - Verify element property value successfully

2023-10-16 14:10:02 - [TEST_STEP][PASSED] - verifyElementPropertyValue(getResponse, "offers[11].groups[0].pricingPlans[0].pricingPlanData[0].freeTrialEnabled", "false"): Verify element property value successfully

2023-10-16 14:10:02 - [MESSAGE][PASSED] - Verify element property value successfully

2023-10-16 14:10:02 - [TEST_STEP][PASSED] - verifyElementPropertyValue(getResponse, "offers[11].groups[0].pricingPlans[0].pricingPlanData[0].showIn[0]", "VERTICAL_MODE"): Verify element property value successfully

2023-10-16 14:10:02 - [MESSAGE][PASSED] - Verify element property value successfully

2023-10-16 14:10:02 - [TEST_STEP][PASSED] - verifyElementPropertyValue(getResponse, "offers[11].groups[0].pricingPlans[0].pricingPlanData[0].showIn[1]", "HORIZONTAL_MODE"): Verify element property value successfully

2023-10-16 14:10:02 - [MESSAGE][PASSED] - Verify element property value successfully

2023-10-16 14:10:02 - [TEST_STEP][PASSED] - verifyElementPropertyValue(getResponse, "offers[11].groups[0].pricingPlans[0].pricingPlanData[0].priceLabel", "3.99"): Verify element property value successfully

2023-10-16 14:10:02 - [MESSAGE][PASSED] - Verify element property value successfully

2023-10-16 14:10:02 - [TEST_STEP][PASSED] - verifyElementPropertyValue(getResponse, "offers[11].groups[0].pricingPlans[0].pricingPlanData[0].currencyLabel", "KWD"): Verify element property value successfully

2023-10-16 14:10:02 - [MESSAGE][PASSED] - Verify element property value successfully

2023-10-16 14:10:02 - [TEST_STEP][PASSED] - verifyElementPropertyValue(getResponse, "offers[11].groups[0].pricingPlans[0].pricingPlanData[0].dealId", "BYG_SPORT_30P_KWT"): Verify element property value successfully

2023-10-16 14:10:02 - [MESSAGE][PASSED] - Verify element property value successfully

2023-10-16 14:10:02 - [TEST_STEP][PASSED] - verifyElementPropertyValue(getResponse, "offers[11].groups[0].pricingPlans[0].pricingPlanData[0].allowedForAcquisition", "true"): Verify element property value successfully

2023-10-16 14:10:02 - [MESSAGE][PASSED] - Verify element property value successfully

2023-10-16 14:10:02 - [TEST_STEP][PASSED] - verifyElementPropertyValue(getResponse, "offers[11].groups[0].pricingPlans[0].pricingPlanData[0].visualElements[0].key", "title"): Verify element property value successfully

2023-10-16 14:10:02 - [MESSAGE][PASSED] - Verify element property value successfully

2023-10-16 14:10:02 - [TEST_STEP][PASSED] - verifyElementPropertyValue(getResponse, "offers[11].groups[0].pricingPlans[0].pricingPlanData[0].visualElements[0].value", "Credit/Debit Card"): Verify element property value successfully

2023-10-16 14:10:02 - [MESSAGE][PASSED] - Verify element property value successfully

2023-10-16 14:10:02 - [TEST_STEP][PASSED] - verifyElementPropertyValue(getResponse, "offers[11].groups[0].pricingPlans[0].pricingPlanData[0].visualElements[1].key", "CTA_text"): Verify element property value successfully

2023-10-16 14:10:02 - [MESSAGE][PASSED] - Verify element property value successfully

2023-10-16 14:10:03 - [TEST_STEP][PASSED] - verifyElementPropertyValue(getResponse, "offers[11].groups[0].pricingPlans[0].pricingPlanData[0].visualElements[1].value", "Subscribe"): Verify element property value successfully

2023-10-16 14:10:03 - [MESSAGE][PASSED] - Verify element property value successfully

2023-10-16 14:10:03 - [TEST_STEP][PASSED] - verifyElementPropertyValue(getResponse, "offers[11].groups[0].pricingPlans[0].pricingPlanData[0].visualElements[2].key", "logo"): Verify element property value successfully

2023-10-16 14:10:03 - [MESSAGE][PASSED] - Verify element property value successfully

2023-10-16 14:10:03 - [TEST_STEP][PASSED] - verifyElementPropertyValue(getResponse, "offers[11].groups[0].pricingPlans[0].pricingPlanData[0].visualElements[2].value", "https://static.s3.shahid.mbc.net/widget-images/icons/iconCreditCard.png"): Verify element property value successfully

2023-10-16 14:10:03 - [MESSAGE][PASSED] - Verify element property value successfully

2023-10-16 14:10:03 - [TEST_STEP][PASSED] - verifyElementPropertyValue(getResponse, "offers[12].offerId", "byg-sport-40-offer"): Verify element property value successfully

2023-10-16 14:10:03 - [MESSAGE][PASSED] - Verify element property value successfully

2023-10-16 14:10:03 - [TEST_STEP][PASSED] - verifyElementPropertyValue(getResponse, "offers[12].offerParam", "bygsportsoffer40"): Verify element property value successfully

2023-10-16 14:10:03 - [MESSAGE][PASSED] - Verify element property value successfully

2023-10-16 14:10:03 - [TEST_STEP][PASSED] - verifyElementPropertyValue(getResponse, "offers[12].groups[0].pricingPlans[0].featured", "true"): Verify element property value successfully

2023-10-16 14:10:03 - [MESSAGE][PASSED] - Verify element property value successfully

2023-10-16 14:10:03 - [TEST_STEP][PASSED] - verifyElementPropertyValue(getResponse, "offers[12].groups[0].pricingPlans[0].period", "monthly"): Verify element property value successfully

2023-10-16 14:10:03 - [MESSAGE][PASSED] - Verify element property value successfully

2023-10-16 14:10:03 - [TEST_STEP][PASSED] - verifyElementPropertyValue(getResponse, "offers[12].groups[0].pricingPlans[0].featured", "true"): Verify element property value successfully

2023-10-16 14:10:03 - [MESSAGE][PASSED] - Verify element property value successfully

2023-10-16 14:10:03 - [TEST_STEP][PASSED] - verifyElementPropertyValue(getResponse, "offers[12].groups[0].pricingPlans[0].price", "3.49"): Verify element property value successfully

2023-10-16 14:10:03 - [MESSAGE][PASSED] - Verify element property value successfully

2023-10-16 14:10:03 - [TEST_STEP][PASSED] - verifyElementPropertyValue(getResponse, "offers[12].groups[0].pricingPlans[0].currency", "KWD"): Verify element property value successfully

2023-10-16 14:10:03 - [MESSAGE][PASSED] - Verify element property value successfully

2023-10-16 14:10:03 - [TEST_STEP][PASSED] - verifyElementPropertyValue(getResponse, "offers[12].groups[0].pricingPlans[0].order", "0"): Verify element property value successfully

2023-10-16 14:10:03 - [MESSAGE][PASSED] - Verify element property value successfully

2023-10-16 14:10:03 - [TEST_STEP][PASSED] - verifyElementPropertyValue(getResponse, "offers[12].groups[0].pricingPlans[0].packageId", "SHAHID_VIP_SPORT"): Verify element property value successfully

2023-10-16 14:10:03 - [MESSAGE][PASSED] - Verify element property value successfully

2023-10-16 14:10:03 - [TEST_STEP][PASSED] - verifyElementPropertyValue(getResponse, "offers[12].groups[0].pricingPlans[0].catalogId", "SPORT"): Verify element property value successfully

2023-10-16 14:10:03 - [MESSAGE][PASSED] - Verify element property value successfully

2023-10-16 14:10:03 - [TEST_STEP][PASSED] - verifyElementPropertyValue(getResponse, "offers[12].groups[0].pricingPlans[0].visualElements[0].key", "Header_1_text"): Verify element property value successfully

2023-10-16 14:10:03 - [MESSAGE][PASSED] - Verify element property value successfully

2023-10-16 14:10:03 - [TEST_STEP][PASSED] - verifyElementPropertyValue(getResponse, "offers[12].groups[0].pricingPlans[0].visualElements[0].value", "Watch the most powerful series and movies exclusively without stopping"): Verify element property value successfully

2023-10-16 14:10:03 - [MESSAGE][PASSED] - Verify element property value successfully

2023-10-16 14:10:03 - [TEST_STEP][PASSED] - verifyElementPropertyValue(getResponse, "offers[12].groups[0].pricingPlans[0].visualElements[1].key", "display_title"): Verify element property value successfully

2023-10-16 14:10:03 - [MESSAGE][PASSED] - Verify element property value successfully

2023-10-16 14:10:03 - [TEST_STEP][FAILED] - verifyElementPropertyValue(getResponse, "offers[12].groups[0].pricingPlans[0].visualElements[1].value", "40% Discount Offer"): Expected element property value '40% Discount Offer' is not equal with actual property value '40% Discount Offer​'

2023-10-16 14:10:03 - [MESSAGE][FAILED] - Expected element property value '40% Discount Offer' is not equal with actual property value '40% Discount Offer​'

2023-10-16 14:10:03 - [TEST_STEP][PASSED] - verifyElementPropertyValue(getResponse, "offers[12].groups[0].pricingPlans[0].visualElements[3].key", "deduction_text"): Verify element property value successfully

2023-10-16 14:10:03 - [MESSAGE][PASSED] - Verify element property value successfully

2023-10-16 14:10:03 - [TEST_STEP][PASSED] - verifyElementPropertyValue(getResponse, "offers[12].groups[0].pricingPlans[0].visualElements[3].value", "billed every month"): Verify element property value successfully

2023-10-16 14:10:03 - [MESSAGE][PASSED] - Verify element property value successfully

2023-10-16 14:10:03 - [TEST_STEP][PASSED] - verifyElementPropertyValue(getResponse, "offers[12].groups[0].pricingPlans[0].visualElements[6].key", "show_payment_logo"): Verify element property value successfully

2023-10-16 14:10:03 - [MESSAGE][PASSED] - Verify element property value successfully

2023-10-16 14:10:03 - [TEST_STEP][PASSED] - verifyElementPropertyValue(getResponse, "offers[12].groups[0].pricingPlans[0].visualElements[6].value", "true"): Verify element property value successfully

2023-10-16 14:10:03 - [MESSAGE][PASSED] - Verify element property value successfully

2023-10-16 14:10:03 - [TEST_STEP][PASSED] - verifyElementPropertyValue(getResponse, "offers[12].groups[0].pricingPlans[0].visualElements[8].key", "price"): Verify element property value successfully

2023-10-16 14:10:03 - [MESSAGE][PASSED] - Verify element property value successfully

2023-10-16 14:10:03 - [TEST_STEP][PASSED] - verifyElementPropertyValue(getResponse, "offers[12].groups[0].pricingPlans[0].visualElements[8].value", "3.49"): Verify element property value successfully

2023-10-16 14:10:03 - [MESSAGE][PASSED] - Verify element property value successfully

2023-10-16 14:10:03 - [TEST_STEP][PASSED] - verifyElementPropertyValue(getResponse, "offers[12].groups[0].pricingPlans[0].visualElements[9].key", "currency"): Verify element property value successfully

2023-10-16 14:10:03 - [MESSAGE][PASSED] - Verify element property value successfully

2023-10-16 14:10:03 - [TEST_STEP][PASSED] - verifyElementPropertyValue(getResponse, "offers[12].groups[0].pricingPlans[0].visualElements[9].value", "KWD"): Verify element property value successfully

2023-10-16 14:10:03 - [MESSAGE][PASSED] - Verify element property value successfully

2023-10-16 14:10:03 - [TEST_STEP][PASSED] - verifyElementPropertyValue(getResponse, "offers[12].groups[0].pricingPlans[0].visualElements[10].key", "duration"): Verify element property value successfully

2023-10-16 14:10:03 - [MESSAGE][PASSED] - Verify element property value successfully

2023-10-16 14:10:03 - [TEST_STEP][PASSED] - verifyElementPropertyValue(getResponse, "offers[12].groups[0].pricingPlans[0].visualElements[10].value", "Monthly"): Verify element property value successfully

2023-10-16 14:10:03 - [MESSAGE][PASSED] - Verify element property value successfully

2023-10-16 14:10:03 - [TEST_STEP][PASSED] - verifyElementPropertyValue(getResponse, "offers[12].groups[0].pricingPlans[0].visualElements[11].key", "featured_tag_text"): Verify element property value successfully

2023-10-16 14:10:03 - [MESSAGE][PASSED] - Verify element property value successfully

2023-10-16 14:10:03 - [TEST_STEP][PASSED] - verifyElementPropertyValue(getResponse, "offers[12].groups[0].pricingPlans[0].visualElements[11].value", "Limited Time Offer"): Verify element property value successfully

2023-10-16 14:10:03 - [MESSAGE][PASSED] - Verify element property value successfully

2023-10-16 14:10:03 - [TEST_STEP][PASSED] - verifyElementPropertyValue(getResponse, "offers[12].groups[0].pricingPlans[0].visualElements[13].key", "tag_text"): Verify element property value successfully

2023-10-16 14:10:03 - [MESSAGE][PASSED] - Verify element property value successfully

2023-10-16 14:10:03 - [TEST_STEP][PASSED] - verifyElementPropertyValue(getResponse, "offers[12].groups[0].pricingPlans[0].visualElements[13].value", "Save 40%"): Verify element property value successfully

2023-10-16 14:10:03 - [MESSAGE][PASSED] - Verify element property value successfully

2023-10-16 14:10:03 - [TEST_STEP][PASSED] - verifyElementPropertyValue(getResponse, "offers[12].groups[0].pricingPlans[0].visualElements[12].key", "show_tag"): Verify element property value successfully

2023-10-16 14:10:03 - [MESSAGE][PASSED] - Verify element property value successfully

2023-10-16 14:10:03 - [TEST_STEP][PASSED] - verifyElementPropertyValue(getResponse, "offers[12].groups[0].pricingPlans[0].visualElements[12].value", "true"): Verify element property value successfully

2023-10-16 14:10:03 - [MESSAGE][PASSED] - Verify element property value successfully

2023-10-16 14:10:03 - [TEST_STEP][PASSED] - verifyElementPropertyValue(getResponse, "offers[12].groups[0].pricingPlans[0].pricingPlanData[0].productId", "KWT_B2C_SHAHID_VIP_SPORT_1M"): Verify element property value successfully

2023-10-16 14:10:03 - [MESSAGE][PASSED] - Verify element property value successfully

2023-10-16 14:10:03 - [TEST_STEP][PASSED] - verifyElementPropertyValue(getResponse, "offers[12].groups[0].pricingPlans[0].pricingPlanData[0].paymentMethod", "CREDIT_CARD"): Verify element property value successfully

2023-10-16 14:10:03 - [MESSAGE][PASSED] - Verify element property value successfully

2023-10-16 14:10:03 - [TEST_STEP][PASSED] - verifyElementPropertyValue(getResponse, "offers[12].groups[0].pricingPlans[0].pricingPlanData[0].freeTrialEnabled", "false"): Verify element property value successfully

2023-10-16 14:10:03 - [MESSAGE][PASSED] - Verify element property value successfully

2023-10-16 14:10:03 - [TEST_STEP][PASSED] - verifyElementPropertyValue(getResponse, "offers[12].groups[0].pricingPlans[0].pricingPlanData[0].showIn[0]", "VERTICAL_MODE"): Verify element property value successfully

2023-10-16 14:10:03 - [MESSAGE][PASSED] - Verify element property value successfully

2023-10-16 14:10:03 - [TEST_STEP][PASSED] - verifyElementPropertyValue(getResponse, "offers[12].groups[0].pricingPlans[0].pricingPlanData[0].showIn[1]", "HORIZONTAL_MODE"): Verify element property value successfully

2023-10-16 14:10:03 - [MESSAGE][PASSED] - Verify element property value successfully

2023-10-16 14:10:03 - [TEST_STEP][PASSED] - verifyElementPropertyValue(getResponse, "offers[12].groups[0].pricingPlans[0].pricingPlanData[0].priceLabel", "3.49"): Verify element property value successfully

2023-10-16 14:10:03 - [MESSAGE][PASSED] - Verify element property value successfully

2023-10-16 14:10:03 - [TEST_STEP][PASSED] - verifyElementPropertyValue(getResponse, "offers[12].groups[0].pricingPlans[0].pricingPlanData[0].currencyLabel", "KWD"): Verify element property value successfully

2023-10-16 14:10:03 - [MESSAGE][PASSED] - Verify element property value successfully

2023-10-16 14:10:03 - [TEST_STEP][PASSED] - verifyElementPropertyValue(getResponse, "offers[12].groups[0].pricingPlans[0].pricingPlanData[0].dealId", "BYG_SPORT_40P_KWT"): Verify element property value successfully

2023-10-16 14:10:03 - [MESSAGE][PASSED] - Verify element property value successfully

2023-10-16 14:10:03 - [TEST_STEP][PASSED] - verifyElementPropertyValue(getResponse, "offers[12].groups[0].pricingPlans[0].pricingPlanData[0].allowedForAcquisition", "true"): Verify element property value successfully

2023-10-16 14:10:03 - [MESSAGE][PASSED] - Verify element property value successfully

2023-10-16 14:10:03 - [TEST_STEP][PASSED] - verifyElementPropertyValue(getResponse, "offers[12].groups[0].pricingPlans[0].pricingPlanData[0].visualElements[0].key", "title"): Verify element property value successfully

2023-10-16 14:10:03 - [MESSAGE][PASSED] - Verify element property value successfully

2023-10-16 14:10:03 - [TEST_STEP][PASSED] - verifyElementPropertyValue(getResponse, "offers[12].groups[0].pricingPlans[0].pricingPlanData[0].visualElements[0].value", "Credit/Debit Card"): Verify element property value successfully

2023-10-16 14:10:03 - [MESSAGE][PASSED] - Verify element property value successfully

2023-10-16 14:10:03 - [TEST_STEP][PASSED] - verifyElementPropertyValue(getResponse, "offers[12].groups[0].pricingPlans[0].pricingPlanData[0].visualElements[1].key", "CTA_text"): Verify element property value successfully

2023-10-16 14:10:03 - [MESSAGE][PASSED] - Verify element property value successfully

2023-10-16 14:10:03 - [TEST_STEP][PASSED] - verifyElementPropertyValue(getResponse, "offers[12].groups[0].pricingPlans[0].pricingPlanData[0].visualElements[1].value", "Subscribe"): Verify element property value successfully

2023-10-16 14:10:03 - [MESSAGE][PASSED] - Verify element property value successfully

2023-10-16 14:10:03 - [TEST_STEP][PASSED] - verifyElementPropertyValue(getResponse, "offers[12].groups[0].pricingPlans[0].pricingPlanData[0].visualElements[2].key", "logo"): Verify element property value successfully

2023-10-16 14:10:03 - [MESSAGE][PASSED] - Verify element property value successfully

2023-10-16 14:10:03 - [TEST_STEP][PASSED] - verifyElementPropertyValue(getResponse, "offers[12].groups[0].pricingPlans[0].pricingPlanData[0].visualElements[2].value", "https://static.s3.shahid.mbc.net/widget-images/icons/iconCreditCard.png"): Verify element property value successfully

2023-10-16 14:10:03 - [MESSAGE][PASSED] - Verify element property value successfully

2023-10-16 14:10:03 - [TEST_STEP][PASSED] - verifyElementPropertyValue(getResponse, "offers[13].offerId", "byg-sport-50-offer"): Verify element property value successfully

2023-10-16 14:10:03 - [MESSAGE][PASSED] - Verify element property value successfully

2023-10-16 14:10:03 - [TEST_STEP][PASSED] - verifyElementPropertyValue(getResponse, "offers[13].offerParam", "bygsportsoffer50"): Verify element property value successfully

2023-10-16 14:10:03 - [MESSAGE][PASSED] - Verify element property value successfully

2023-10-16 14:10:03 - [TEST_STEP][PASSED] - verifyElementPropertyValue(getResponse, "offers[13].groups[0].pricingPlans[0].featured", "true"): Verify element property value successfully

2023-10-16 14:10:03 - [MESSAGE][PASSED] - Verify element property value successfully

2023-10-16 14:10:03 - [TEST_STEP][PASSED] - verifyElementPropertyValue(getResponse, "offers[13].groups[0].pricingPlans[0].period", "monthly"): Verify element property value successfully

2023-10-16 14:10:03 - [MESSAGE][PASSED] - Verify element property value successfully

2023-10-16 14:10:03 - [TEST_STEP][PASSED] - verifyElementPropertyValue(getResponse, "offers[13].groups[0].pricingPlans[0].featured", "true"): Verify element property value successfully

2023-10-16 14:10:03 - [MESSAGE][PASSED] - Verify element property value successfully

2023-10-16 14:10:03 - [TEST_STEP][PASSED] - verifyElementPropertyValue(getResponse, "offers[13].groups[0].pricingPlans[0].price", "2.89"): Verify element property value successfully

2023-10-16 14:10:03 - [MESSAGE][PASSED] - Verify element property value successfully

2023-10-16 14:10:03 - [TEST_STEP][PASSED] - verifyElementPropertyValue(getResponse, "offers[13].groups[0].pricingPlans[0].currency", "KWD"): Verify element property value successfully

2023-10-16 14:10:03 - [MESSAGE][PASSED] - Verify element property value successfully

2023-10-16 14:10:03 - [TEST_STEP][PASSED] - verifyElementPropertyValue(getResponse, "offers[13].groups[0].pricingPlans[0].order", "0"): Verify element property value successfully

2023-10-16 14:10:03 - [MESSAGE][PASSED] - Verify element property value successfully

2023-10-16 14:10:03 - [TEST_STEP][PASSED] - verifyElementPropertyValue(getResponse, "offers[13].groups[0].pricingPlans[0].packageId", "SHAHID_VIP_SPORT"): Verify element property value successfully

2023-10-16 14:10:03 - [MESSAGE][PASSED] - Verify element property value successfully

2023-10-16 14:10:03 - [TEST_STEP][PASSED] - verifyElementPropertyValue(getResponse, "offers[13].groups[0].pricingPlans[0].catalogId", "SPORT"): Verify element property value successfully

2023-10-16 14:10:03 - [MESSAGE][PASSED] - Verify element property value successfully

2023-10-16 14:10:03 - [TEST_STEP][PASSED] - verifyElementPropertyValue(getResponse, "offers[13].groups[0].pricingPlans[0].visualElements[0].key", "Header_1_text"): Verify element property value successfully

2023-10-16 14:10:03 - [MESSAGE][PASSED] - Verify element property value successfully

2023-10-16 14:10:03 - [TEST_STEP][PASSED] - verifyElementPropertyValue(getResponse, "offers[13].groups[0].pricingPlans[0].visualElements[0].value", "Watch the most powerful series and movies exclusively without stopping"): Verify element property value successfully

2023-10-16 14:10:03 - [MESSAGE][PASSED] - Verify element property value successfully

2023-10-16 14:10:03 - [TEST_STEP][PASSED] - verifyElementPropertyValue(getResponse, "offers[13].groups[0].pricingPlans[0].visualElements[1].key", "display_title"): Verify element property value successfully

2023-10-16 14:10:03 - [MESSAGE][PASSED] - Verify element property value successfully

2023-10-16 14:10:03 - [TEST_STEP][FAILED] - verifyElementPropertyValue(getResponse, "offers[13].groups[0].pricingPlans[0].visualElements[1].value", "50% Discount Offer"): Expected element property value '50% Discount Offer' is not equal with actual property value '50% Discount Offer​'

2023-10-16 14:10:03 - [MESSAGE][FAILED] - Expected element property value '50% Discount Offer' is not equal with actual property value '50% Discount Offer​'

2023-10-16 14:10:03 - [TEST_STEP][PASSED] - verifyElementPropertyValue(getResponse, "offers[13].groups[0].pricingPlans[0].visualElements[3].key", "deduction_text"): Verify element property value successfully

2023-10-16 14:10:03 - [MESSAGE][PASSED] - Verify element property value successfully

2023-10-16 14:10:03 - [TEST_STEP][PASSED] - verifyElementPropertyValue(getResponse, "offers[13].groups[0].pricingPlans[0].visualElements[3].value", "billed every month"): Verify element property value successfully

2023-10-16 14:10:03 - [MESSAGE][PASSED] - Verify element property value successfully

2023-10-16 14:10:03 - [TEST_STEP][PASSED] - verifyElementPropertyValue(getResponse, "offers[13].groups[0].pricingPlans[0].visualElements[6].key", "show_payment_logo"): Verify element property value successfully

2023-10-16 14:10:03 - [MESSAGE][PASSED] - Verify element property value successfully

2023-10-16 14:10:03 - [TEST_STEP][PASSED] - verifyElementPropertyValue(getResponse, "offers[13].groups[0].pricingPlans[0].visualElements[6].value", "true"): Verify element property value successfully

2023-10-16 14:10:03 - [MESSAGE][PASSED] - Verify element property value successfully

2023-10-16 14:10:03 - [TEST_STEP][PASSED] - verifyElementPropertyValue(getResponse, "offers[13].groups[0].pricingPlans[0].visualElements[8].key", "price"): Verify element property value successfully

2023-10-16 14:10:03 - [MESSAGE][PASSED] - Verify element property value successfully

2023-10-16 14:10:03 - [TEST_STEP][PASSED] - verifyElementPropertyValue(getResponse, "offers[13].groups[0].pricingPlans[0].visualElements[8].value", "2.89"): Verify element property value successfully

2023-10-16 14:10:03 - [MESSAGE][PASSED] - Verify element property value successfully

2023-10-16 14:10:03 - [TEST_STEP][PASSED] - verifyElementPropertyValue(getResponse, "offers[13].groups[0].pricingPlans[0].visualElements[9].key", "currency"): Verify element property value successfully

2023-10-16 14:10:03 - [MESSAGE][PASSED] - Verify element property value successfully

2023-10-16 14:10:03 - [TEST_STEP][PASSED] - verifyElementPropertyValue(getResponse, "offers[13].groups[0].pricingPlans[0].visualElements[9].value", "KWD"): Verify element property value successfully

2023-10-16 14:10:03 - [MESSAGE][PASSED] - Verify element property value successfully

2023-10-16 14:10:03 - [TEST_STEP][PASSED] - verifyElementPropertyValue(getResponse, "offers[13].groups[0].pricingPlans[0].visualElements[10].key", "duration"): Verify element property value successfully

2023-10-16 14:10:03 - [MESSAGE][PASSED] - Verify element property value successfully

2023-10-16 14:10:03 - [TEST_STEP][PASSED] - verifyElementPropertyValue(getResponse, "offers[13].groups[0].pricingPlans[0].visualElements[10].value", "Monthly"): Verify element property value successfully

2023-10-16 14:10:03 - [MESSAGE][PASSED] - Verify element property value successfully

2023-10-16 14:10:03 - [TEST_STEP][PASSED] - verifyElementPropertyValue(getResponse, "offers[13].groups[0].pricingPlans[0].visualElements[11].key", "featured_tag_text"): Verify element property value successfully

2023-10-16 14:10:03 - [MESSAGE][PASSED] - Verify element property value successfully

2023-10-16 14:10:03 - [TEST_STEP][PASSED] - verifyElementPropertyValue(getResponse, "offers[13].groups[0].pricingPlans[0].visualElements[11].value", "Limited Time Offer"): Verify element property value successfully

2023-10-16 14:10:03 - [MESSAGE][PASSED] - Verify element property value successfully

2023-10-16 14:10:03 - [TEST_STEP][PASSED] - verifyElementPropertyValue(getResponse, "offers[13].groups[0].pricingPlans[0].visualElements[13].key", "tag_text"): Verify element property value successfully

2023-10-16 14:10:03 - [MESSAGE][PASSED] - Verify element property value successfully

2023-10-16 14:10:03 - [TEST_STEP][PASSED] - verifyElementPropertyValue(getResponse, "offers[13].groups[0].pricingPlans[0].visualElements[13].value", "Save 50%"): Verify element property value successfully

2023-10-16 14:10:03 - [MESSAGE][PASSED] - Verify element property value successfully

2023-10-16 14:10:03 - [TEST_STEP][PASSED] - verifyElementPropertyValue(getResponse, "offers[13].groups[0].pricingPlans[0].visualElements[12].key", "show_tag"): Verify element property value successfully

2023-10-16 14:10:03 - [MESSAGE][PASSED] - Verify element property value successfully

2023-10-16 14:10:03 - [TEST_STEP][PASSED] - verifyElementPropertyValue(getResponse, "offers[13].groups[0].pricingPlans[0].visualElements[12].value", "true"): Verify element property value successfully

2023-10-16 14:10:03 - [MESSAGE][PASSED] - Verify element property value successfully

2023-10-16 14:10:03 - [TEST_STEP][PASSED] - verifyElementPropertyValue(getResponse, "offers[13].groups[0].pricingPlans[0].pricingPlanData[0].productId", "KWT_B2C_SHAHID_VIP_SPORT_1M"): Verify element property value successfully

2023-10-16 14:10:03 - [MESSAGE][PASSED] - Verify element property value successfully

2023-10-16 14:10:03 - [TEST_STEP][PASSED] - verifyElementPropertyValue(getResponse, "offers[13].groups[0].pricingPlans[0].pricingPlanData[0].paymentMethod", "CREDIT_CARD"): Verify element property value successfully

2023-10-16 14:10:03 - [MESSAGE][PASSED] - Verify element property value successfully

2023-10-16 14:10:03 - [TEST_STEP][PASSED] - verifyElementPropertyValue(getResponse, "offers[13].groups[0].pricingPlans[0].pricingPlanData[0].freeTrialEnabled", "false"): Verify element property value successfully

2023-10-16 14:10:03 - [MESSAGE][PASSED] - Verify element property value successfully

2023-10-16 14:10:03 - [TEST_STEP][PASSED] - verifyElementPropertyValue(getResponse, "offers[13].groups[0].pricingPlans[0].pricingPlanData[0].showIn[0]", "VERTICAL_MODE"): Verify element property value successfully

2023-10-16 14:10:03 - [MESSAGE][PASSED] - Verify element property value successfully

2023-10-16 14:10:03 - [TEST_STEP][PASSED] - verifyElementPropertyValue(getResponse, "offers[13].groups[0].pricingPlans[0].pricingPlanData[0].showIn[1]", "HORIZONTAL_MODE"): Verify element property value successfully

2023-10-16 14:10:03 - [MESSAGE][PASSED] - Verify element property value successfully

2023-10-16 14:10:03 - [TEST_STEP][PASSED] - verifyElementPropertyValue(getResponse, "offers[13].groups[0].pricingPlans[0].pricingPlanData[0].priceLabel", "2.89"): Verify element property value successfully

2023-10-16 14:10:03 - [MESSAGE][PASSED] - Verify element property value successfully

2023-10-16 14:10:03 - [TEST_STEP][PASSED] - verifyElementPropertyValue(getResponse, "offers[13].groups[0].pricingPlans[0].pricingPlanData[0].currencyLabel", "KWD"): Verify element property value successfully

2023-10-16 14:10:03 - [MESSAGE][PASSED] - Verify element property value successfully

2023-10-16 14:10:03 - [TEST_STEP][PASSED] - verifyElementPropertyValue(getResponse, "offers[13].groups[0].pricingPlans[0].pricingPlanData[0].dealId", "BYG_SPORT_50P_KWT"): Verify element property value successfully

2023-10-16 14:10:03 - [MESSAGE][PASSED] - Verify element property value successfully

2023-10-16 14:10:03 - [TEST_STEP][PASSED] - verifyElementPropertyValue(getResponse, "offers[13].groups[0].pricingPlans[0].pricingPlanData[0].allowedForAcquisition", "true"): Verify element property value successfully

2023-10-16 14:10:03 - [MESSAGE][PASSED] - Verify element property value successfully

2023-10-16 14:10:03 - [TEST_STEP][PASSED] - verifyElementPropertyValue(getResponse, "offers[13].groups[0].pricingPlans[0].pricingPlanData[0].visualElements[0].key", "title"): Verify element property value successfully

2023-10-16 14:10:03 - [MESSAGE][PASSED] - Verify element property value successfully

2023-10-16 14:10:03 - [TEST_STEP][PASSED] - verifyElementPropertyValue(getResponse, "offers[13].groups[0].pricingPlans[0].pricingPlanData[0].visualElements[0].value", "Credit/Debit Card"): Verify element property value successfully

2023-10-16 14:10:03 - [MESSAGE][PASSED] - Verify element property value successfully

2023-10-16 14:10:03 - [TEST_STEP][PASSED] - verifyElementPropertyValue(getResponse, "offers[13].groups[0].pricingPlans[0].pricingPlanData[0].visualElements[1].key", "CTA_text"): Verify element property value successfully

2023-10-16 14:10:03 - [MESSAGE][PASSED] - Verify element property value successfully

2023-10-16 14:10:03 - [TEST_STEP][PASSED] - verifyElementPropertyValue(getResponse, "offers[13].groups[0].pricingPlans[0].pricingPlanData[0].visualElements[1].value", "Subscribe"): Verify element property value successfully

2023-10-16 14:10:04 - [MESSAGE][PASSED] - Verify element property value successfully

2023-10-16 14:10:04 - [TEST_STEP][PASSED] - verifyElementPropertyValue(getResponse, "offers[13].groups[0].pricingPlans[0].pricingPlanData[0].visualElements[2].key", "logo"): Verify element property value successfully

2023-10-16 14:10:04 - [MESSAGE][PASSED] - Verify element property value successfully

2023-10-16 14:10:04 - [TEST_STEP][PASSED] - verifyElementPropertyValue(getResponse, "offers[13].groups[0].pricingPlans[0].pricingPlanData[0].visualElements[2].value", "https://static.s3.shahid.mbc.net/widget-images/icons/iconCreditCard.png"): Verify element property value successfully

2023-10-16 14:10:04 - [MESSAGE][PASSED] - Verify element property value successfully]]></system-out>
         <system-err><![CDATA[2023-10-16 14:09:59 - [TEST_CASE][FAILED] - Test Cases/WEB - CHROME/KWT PI/WEB_EN_getOffersForKWT_SPORT: Test Cases/WEB - CHROME/KWT PI/WEB_EN_getOffersForKWT_SPORT FAILED.
Reason:
com.kms.katalon.core.exception.StepFailedException: Expected element property value '30% Discount Offer' is not equal with actual property value '30% Discount Offer​'
	at com.kms.katalon.core.keyword.internal.KeywordMain.stepFailed(KeywordMain.groovy:39)
	at com.kms.katalon.core.webservice.keyword.builtin.VerifyElementPropertyValueKeyword$_verifyElementPropertyValue_closure1.doCall(VerifyElementPropertyValueKeyword.groovy:56)
	at com.kms.katalon.core.webservice.keyword.builtin.VerifyElementPropertyValueKeyword$_verifyElementPropertyValue_closure1.call(VerifyElementPropertyValueKeyword.groovy)
	at com.kms.katalon.core.keyword.internal.KeywordMain.runKeyword(KeywordMain.groovy:75)
	at com.kms.katalon.core.webservice.keyword.builtin.VerifyElementPropertyValueKeyword.verifyElementPropertyValue(VerifyElementPropertyValueKeyword.groovy:48)
	at com.kms.katalon.core.webservice.keyword.builtin.VerifyElementPropertyValueKeyword.execute(VerifyElementPropertyValueKeyword.groovy:43)
	at com.kms.katalon.core.keyword.internal.KeywordExecutor.executeKeywordForPlatform(KeywordExecutor.groovy:74)
	at com.kms.katalon.core.webservice.keyword.WSBuiltInKeywords.verifyElementPropertyValue(WSBuiltInKeywords.groovy:190)
	at com.kms.katalon.core.webservice.keyword.WSBuiltInKeywords$verifyElementPropertyValue$1.call(Unknown Source)
	at WEB_EN_getOffersForKWT_SPORT.run(WEB_EN_getOffersForKWT_SPORT:45)
	at com.kms.katalon.core.main.ScriptEngine.run(ScriptEngine.java:194)
	at com.kms.katalon.core.main.ScriptEngine.runScriptAsRawText(ScriptEngine.java:119)
	at com.kms.katalon.core.main.TestCaseExecutor.runScript(TestCaseExecutor.java:448)
	at com.kms.katalon.core.main.TestCaseExecutor.doExecute(TestCaseExecutor.java:439)
	at com.kms.katalon.core.main.TestCaseExecutor.processExecutionPhase(TestCaseExecutor.java:418)
	at com.kms.katalon.core.main.TestCaseExecutor.accessMainPhase(TestCaseExecutor.java:410)
	at com.kms.katalon.core.main.TestCaseExecutor.execute(TestCaseExecutor.java:285)
	at com.kms.katalon.core.common.CommonExecutor.accessTestCaseMainPhase(CommonExecutor.java:65)
	at com.kms.katalon.core.main.TestSuiteExecutor.accessTestSuiteMainPhase(TestSuiteExecutor.java:148)
	at com.kms.katalon.core.main.TestSuiteExecutor.execute(TestSuiteExecutor.java:106)
	at com.kms.katalon.core.main.TestCaseMain.startTestSuite(TestCaseMain.java:187)
	at com.kms.katalon.core.main.TestCaseMain$startTestSuite$0.call(Unknown Source)
	at TempTestSuite1697454199331.run(TempTestSuite1697454199331.groovy:36)]]></system-err>
      </testcase>
      <testcase name="Test Cases/WEB - CHROME/KWT PI/WEB_FR_getOffersForKWT_VIP" time="4.149" classname="Test Cases/WEB - CHROME/KWT PI/WEB_FR_getOffersForKWT_VIP" status="PASSED">
         <system-out><![CDATA[2023-10-16 14:10:04 - [TEST_CASE][PASSED] - Test Cases/WEB - CHROME/KWT PI/WEB_FR_getOffersForKWT_VIP: Test Cases/WEB - CHROME/KWT PI/WEB_FR_getOffersForKWT_VIP

2023-10-16 14:10:04 - [TEST_STEP][PASSED] - getResponse = config_files.getConfigFile.getConfig("WEB", "FR", "SHAHID_VIP", "KW", "false"): config_files.getConfigFile.getConfig is PASSED

2023-10-16 14:10:05 - [MESSAGE][INFO] - HAR: /Users/admin/git/shahid-configuration/Reports/20231016_140310/WEB/KWT/20231016_140319/requests/main/8.har

2023-10-16 14:10:05 - [MESSAGE][PASSED] - Send request successfully

2023-10-16 14:10:05 - [MESSAGE][PASSED] - config_files.getConfigFile.getConfig is PASSED

2023-10-16 14:10:05 - [TEST_STEP][PASSED] - verifyResponseStatusCode(getResponse, 200): Verify response status code successfully

2023-10-16 14:10:05 - [MESSAGE][PASSED] - Verify response status code successfully

2023-10-16 14:10:05 - [TEST_STEP][PASSED] - verifyElementPropertyValue(getResponse, "country", "KWT"): Verify element property value successfully

2023-10-16 14:10:05 - [MESSAGE][PASSED] - Verify element property value successfully

2023-10-16 14:10:05 - [TEST_STEP][PASSED] - verifyElementPropertyValue(getResponse, "platform", "[WEB]"): Verify element property value successfully

2023-10-16 14:10:05 - [MESSAGE][PASSED] - Verify element property value successfully

2023-10-16 14:10:05 - [TEST_STEP][PASSED] - verifyElementPropertyValue(getResponse, "offers[0].offerId", "winback-30-offer"): Verify element property value successfully

2023-10-16 14:10:05 - [MESSAGE][PASSED] - Verify element property value successfully

2023-10-16 14:10:05 - [TEST_STEP][PASSED] - verifyElementPropertyValue(getResponse, "offers[0].offerParam", "winback30"): Verify element property value successfully

2023-10-16 14:10:05 - [MESSAGE][PASSED] - Verify element property value successfully

2023-10-16 14:10:05 - [TEST_STEP][PASSED] - verifyElementPropertyValue(getResponse, "offers[0].groups[0].pricingPlans[0].featured", "true"): Verify element property value successfully

2023-10-16 14:10:05 - [MESSAGE][PASSED] - Verify element property value successfully

2023-10-16 14:10:05 - [TEST_STEP][PASSED] - verifyElementPropertyValue(getResponse, "offers[0].groups[0].pricingPlans[0].period", "monthly"): Verify element property value successfully

2023-10-16 14:10:05 - [MESSAGE][PASSED] - Verify element property value successfully

2023-10-16 14:10:05 - [TEST_STEP][PASSED] - verifyElementPropertyValue(getResponse, "offers[0].groups[0].pricingPlans[0].featured", "true"): Verify element property value successfully

2023-10-16 14:10:05 - [MESSAGE][PASSED] - Verify element property value successfully

2023-10-16 14:10:05 - [TEST_STEP][PASSED] - verifyElementPropertyValue(getResponse, "offers[0].groups[0].pricingPlans[0].price", "2.39"): Verify element property value successfully

2023-10-16 14:10:05 - [MESSAGE][PASSED] - Verify element property value successfully

2023-10-16 14:10:05 - [TEST_STEP][PASSED] - verifyElementPropertyValue(getResponse, "offers[0].groups[0].pricingPlans[0].currency", "KWD"): Verify element property value successfully

2023-10-16 14:10:05 - [MESSAGE][PASSED] - Verify element property value successfully

2023-10-16 14:10:05 - [TEST_STEP][PASSED] - verifyElementPropertyValue(getResponse, "offers[0].groups[0].pricingPlans[0].order", "0"): Verify element property value successfully

2023-10-16 14:10:05 - [MESSAGE][PASSED] - Verify element property value successfully

2023-10-16 14:10:05 - [TEST_STEP][PASSED] - verifyElementPropertyValue(getResponse, "offers[0].groups[0].pricingPlans[0].packageId", "SHAHID_VIP"): Verify element property value successfully

2023-10-16 14:10:05 - [MESSAGE][PASSED] - Verify element property value successfully

2023-10-16 14:10:05 - [TEST_STEP][PASSED] - verifyElementPropertyValue(getResponse, "offers[0].groups[0].pricingPlans[0].catalogId", "VIP"): Verify element property value successfully

2023-10-16 14:10:05 - [MESSAGE][PASSED] - Verify element property value successfully

2023-10-16 14:10:05 - [TEST_STEP][PASSED] - verifyElementPropertyValue(getResponse, "offers[0].groups[0].pricingPlans[0].visualElements[0].key", "Header_1_text"): Verify element property value successfully

2023-10-16 14:10:05 - [MESSAGE][PASSED] - Verify element property value successfully

2023-10-16 14:10:05 - [TEST_STEP][PASSED] - verifyElementPropertyValue(getResponse, "offers[0].groups[0].pricingPlans[0].visualElements[0].value", "Abonnez-vous dès maintenant et profitez de vos programmes sans publicité"): Verify element property value successfully

2023-10-16 14:10:05 - [MESSAGE][PASSED] - Verify element property value successfully

2023-10-16 14:10:05 - [TEST_STEP][PASSED] - verifyElementPropertyValue(getResponse, "offers[0].groups[0].pricingPlans[0].visualElements[1].key", "display_title"): Verify element property value successfully

2023-10-16 14:10:05 - [MESSAGE][PASSED] - Verify element property value successfully

2023-10-16 14:10:05 - [TEST_STEP][PASSED] - verifyElementPropertyValue(getResponse, "offers[0].groups[0].pricingPlans[0].visualElements[1].value", "30% de réduction"): Verify element property value successfully

2023-10-16 14:10:05 - [MESSAGE][PASSED] - Verify element property value successfully

2023-10-16 14:10:05 - [TEST_STEP][PASSED] - verifyElementPropertyValue(getResponse, "offers[0].groups[0].pricingPlans[0].visualElements[3].key", "deduction_text"): Verify element property value successfully

2023-10-16 14:10:05 - [MESSAGE][PASSED] - Verify element property value successfully

2023-10-16 14:10:05 - [TEST_STEP][PASSED] - verifyElementPropertyValue(getResponse, "offers[0].groups[0].pricingPlans[0].visualElements[3].value", "facturation mensuelle"): Verify element property value successfully

2023-10-16 14:10:05 - [MESSAGE][PASSED] - Verify element property value successfully

2023-10-16 14:10:05 - [TEST_STEP][PASSED] - verifyElementPropertyValue(getResponse, "offers[0].groups[0].pricingPlans[0].visualElements[6].key", "show_payment_logo"): Verify element property value successfully

2023-10-16 14:10:05 - [MESSAGE][PASSED] - Verify element property value successfully

2023-10-16 14:10:05 - [TEST_STEP][PASSED] - verifyElementPropertyValue(getResponse, "offers[0].groups[0].pricingPlans[0].visualElements[6].value", "true"): Verify element property value successfully

2023-10-16 14:10:05 - [MESSAGE][PASSED] - Verify element property value successfully

2023-10-16 14:10:05 - [TEST_STEP][PASSED] - verifyElementPropertyValue(getResponse, "offers[0].groups[0].pricingPlans[0].visualElements[8].key", "price"): Verify element property value successfully

2023-10-16 14:10:05 - [MESSAGE][PASSED] - Verify element property value successfully

2023-10-16 14:10:05 - [TEST_STEP][PASSED] - verifyElementPropertyValue(getResponse, "offers[0].groups[0].pricingPlans[0].visualElements[8].value", "2.39"): Verify element property value successfully

2023-10-16 14:10:05 - [MESSAGE][PASSED] - Verify element property value successfully

2023-10-16 14:10:05 - [TEST_STEP][PASSED] - verifyElementPropertyValue(getResponse, "offers[0].groups[0].pricingPlans[0].visualElements[9].key", "currency"): Verify element property value successfully

2023-10-16 14:10:05 - [MESSAGE][PASSED] - Verify element property value successfully

2023-10-16 14:10:05 - [TEST_STEP][PASSED] - verifyElementPropertyValue(getResponse, "offers[0].groups[0].pricingPlans[0].visualElements[9].value", "KWD"): Verify element property value successfully

2023-10-16 14:10:05 - [MESSAGE][PASSED] - Verify element property value successfully

2023-10-16 14:10:05 - [TEST_STEP][PASSED] - verifyElementPropertyValue(getResponse, "offers[0].groups[0].pricingPlans[0].visualElements[10].key", "duration"): Verify element property value successfully

2023-10-16 14:10:05 - [MESSAGE][PASSED] - Verify element property value successfully

2023-10-16 14:10:05 - [TEST_STEP][PASSED] - verifyElementPropertyValue(getResponse, "offers[0].groups[0].pricingPlans[0].visualElements[10].value", "Mensuel"): Verify element property value successfully

2023-10-16 14:10:05 - [MESSAGE][PASSED] - Verify element property value successfully

2023-10-16 14:10:05 - [TEST_STEP][PASSED] - verifyElementPropertyValue(getResponse, "offers[0].groups[0].pricingPlans[0].visualElements[11].key", "featured_tag_text"): Verify element property value successfully

2023-10-16 14:10:05 - [MESSAGE][PASSED] - Verify element property value successfully

2023-10-16 14:10:05 - [TEST_STEP][PASSED] - verifyElementPropertyValue(getResponse, "offers[0].groups[0].pricingPlans[0].visualElements[11].value", "Offre limitée"): Verify element property value successfully

2023-10-16 14:10:05 - [MESSAGE][PASSED] - Verify element property value successfully

2023-10-16 14:10:05 - [TEST_STEP][PASSED] - verifyElementPropertyValue(getResponse, "offers[0].groups[0].pricingPlans[0].visualElements[13].key", "tag_text"): Verify element property value successfully

2023-10-16 14:10:05 - [MESSAGE][PASSED] - Verify element property value successfully

2023-10-16 14:10:05 - [TEST_STEP][PASSED] - verifyElementPropertyValue(getResponse, "offers[0].groups[0].pricingPlans[0].visualElements[13].value", "Économisez 30% "): Verify element property value successfully

2023-10-16 14:10:05 - [MESSAGE][PASSED] - Verify element property value successfully

2023-10-16 14:10:05 - [TEST_STEP][PASSED] - verifyElementPropertyValue(getResponse, "offers[0].groups[0].pricingPlans[0].visualElements[12].key", "show_tag"): Verify element property value successfully

2023-10-16 14:10:05 - [MESSAGE][PASSED] - Verify element property value successfully

2023-10-16 14:10:05 - [TEST_STEP][PASSED] - verifyElementPropertyValue(getResponse, "offers[0].groups[0].pricingPlans[0].visualElements[12].value", "true"): Verify element property value successfully

2023-10-16 14:10:05 - [MESSAGE][PASSED] - Verify element property value successfully

2023-10-16 14:10:05 - [TEST_STEP][PASSED] - verifyElementPropertyValue(getResponse, "offers[0].groups[0].pricingPlans[0].pricingPlanData[0].productId", "KWT_B2C_SHAHID_VIP_1M"): Verify element property value successfully

2023-10-16 14:10:05 - [MESSAGE][PASSED] - Verify element property value successfully

2023-10-16 14:10:05 - [TEST_STEP][PASSED] - verifyElementPropertyValue(getResponse, "offers[0].groups[0].pricingPlans[0].pricingPlanData[0].paymentMethod", "CREDIT_CARD"): Verify element property value successfully

2023-10-16 14:10:05 - [MESSAGE][PASSED] - Verify element property value successfully

2023-10-16 14:10:05 - [TEST_STEP][PASSED] - verifyElementPropertyValue(getResponse, "offers[0].groups[0].pricingPlans[0].pricingPlanData[0].freeTrialEnabled", "false"): Verify element property value successfully

2023-10-16 14:10:05 - [MESSAGE][PASSED] - Verify element property value successfully

2023-10-16 14:10:05 - [TEST_STEP][PASSED] - verifyElementPropertyValue(getResponse, "offers[0].groups[0].pricingPlans[0].pricingPlanData[0].showIn[0]", "VERTICAL_MODE"): Verify element property value successfully

2023-10-16 14:10:05 - [MESSAGE][PASSED] - Verify element property value successfully

2023-10-16 14:10:05 - [TEST_STEP][PASSED] - verifyElementPropertyValue(getResponse, "offers[0].groups[0].pricingPlans[0].pricingPlanData[0].showIn[1]", "HORIZONTAL_MODE"): Verify element property value successfully

2023-10-16 14:10:05 - [MESSAGE][PASSED] - Verify element property value successfully

2023-10-16 14:10:05 - [TEST_STEP][PASSED] - verifyElementPropertyValue(getResponse, "offers[0].groups[0].pricingPlans[0].pricingPlanData[0].priceLabel", "2.39"): Verify element property value successfully

2023-10-16 14:10:05 - [MESSAGE][PASSED] - Verify element property value successfully

2023-10-16 14:10:05 - [TEST_STEP][PASSED] - verifyElementPropertyValue(getResponse, "offers[0].groups[0].pricingPlans[0].pricingPlanData[0].currencyLabel", "KWD"): Verify element property value successfully

2023-10-16 14:10:05 - [MESSAGE][PASSED] - Verify element property value successfully

2023-10-16 14:10:05 - [TEST_STEP][PASSED] - verifyElementPropertyValue(getResponse, "offers[0].groups[0].pricingPlans[0].pricingPlanData[0].dealId", "RE_30P_KWT"): Verify element property value successfully

2023-10-16 14:10:05 - [MESSAGE][PASSED] - Verify element property value successfully

2023-10-16 14:10:05 - [TEST_STEP][PASSED] - verifyElementPropertyValue(getResponse, "offers[0].groups[0].pricingPlans[0].pricingPlanData[0].allowedForAcquisition", "true"): Verify element property value successfully

2023-10-16 14:10:05 - [MESSAGE][PASSED] - Verify element property value successfully

2023-10-16 14:10:05 - [TEST_STEP][PASSED] - verifyElementPropertyValue(getResponse, "offers[0].groups[0].pricingPlans[0].pricingPlanData[0].visualElements[0].key", "title"): Verify element property value successfully

2023-10-16 14:10:05 - [MESSAGE][PASSED] - Verify element property value successfully

2023-10-16 14:10:05 - [TEST_STEP][PASSED] - verifyElementPropertyValue(getResponse, "offers[0].groups[0].pricingPlans[0].pricingPlanData[0].visualElements[0].value", "Carte de crédit/débit"): Verify element property value successfully

2023-10-16 14:10:05 - [MESSAGE][PASSED] - Verify element property value successfully

2023-10-16 14:10:05 - [TEST_STEP][PASSED] - verifyElementPropertyValue(getResponse, "offers[0].groups[0].pricingPlans[0].pricingPlanData[0].visualElements[1].key", "CTA_text"): Verify element property value successfully

2023-10-16 14:10:05 - [MESSAGE][PASSED] - Verify element property value successfully

2023-10-16 14:10:05 - [TEST_STEP][PASSED] - verifyElementPropertyValue(getResponse, "offers[0].groups[0].pricingPlans[0].pricingPlanData[0].visualElements[1].value", "S'abonner"): Verify element property value successfully

2023-10-16 14:10:05 - [MESSAGE][PASSED] - Verify element property value successfully

2023-10-16 14:10:05 - [TEST_STEP][PASSED] - verifyElementPropertyValue(getResponse, "offers[0].groups[0].pricingPlans[0].pricingPlanData[0].visualElements[2].key", "logo"): Verify element property value successfully

2023-10-16 14:10:05 - [MESSAGE][PASSED] - Verify element property value successfully

2023-10-16 14:10:05 - [TEST_STEP][PASSED] - verifyElementPropertyValue(getResponse, "offers[0].groups[0].pricingPlans[0].pricingPlanData[0].visualElements[2].value", "https://static.s3.shahid.mbc.net/widget-images/icons/iconCreditCard.png"): Verify element property value successfully

2023-10-16 14:10:05 - [MESSAGE][PASSED] - Verify element property value successfully

2023-10-16 14:10:05 - [TEST_STEP][PASSED] - verifyElementPropertyValue(getResponse, "offers[1].offerId", "winback-40-offer"): Verify element property value successfully

2023-10-16 14:10:05 - [MESSAGE][PASSED] - Verify element property value successfully

2023-10-16 14:10:05 - [TEST_STEP][PASSED] - verifyElementPropertyValue(getResponse, "offers[1].offerParam", "winback40"): Verify element property value successfully

2023-10-16 14:10:05 - [MESSAGE][PASSED] - Verify element property value successfully

2023-10-16 14:10:05 - [TEST_STEP][PASSED] - verifyElementPropertyValue(getResponse, "offers[1].groups[0].pricingPlans[0].featured", "true"): Verify element property value successfully

2023-10-16 14:10:05 - [MESSAGE][PASSED] - Verify element property value successfully

2023-10-16 14:10:05 - [TEST_STEP][PASSED] - verifyElementPropertyValue(getResponse, "offers[1].groups[0].pricingPlans[0].period", "monthly"): Verify element property value successfully

2023-10-16 14:10:05 - [MESSAGE][PASSED] - Verify element property value successfully

2023-10-16 14:10:05 - [TEST_STEP][PASSED] - verifyElementPropertyValue(getResponse, "offers[1].groups[0].pricingPlans[0].featured", "true"): Verify element property value successfully

2023-10-16 14:10:05 - [MESSAGE][PASSED] - Verify element property value successfully

2023-10-16 14:10:05 - [TEST_STEP][PASSED] - verifyElementPropertyValue(getResponse, "offers[1].groups[0].pricingPlans[0].price", "1.99"): Verify element property value successfully

2023-10-16 14:10:05 - [MESSAGE][PASSED] - Verify element property value successfully

2023-10-16 14:10:05 - [TEST_STEP][PASSED] - verifyElementPropertyValue(getResponse, "offers[1].groups[0].pricingPlans[0].currency", "KWD"): Verify element property value successfully

2023-10-16 14:10:05 - [MESSAGE][PASSED] - Verify element property value successfully

2023-10-16 14:10:05 - [TEST_STEP][PASSED] - verifyElementPropertyValue(getResponse, "offers[1].groups[0].pricingPlans[0].order", "0"): Verify element property value successfully

2023-10-16 14:10:05 - [MESSAGE][PASSED] - Verify element property value successfully

2023-10-16 14:10:05 - [TEST_STEP][PASSED] - verifyElementPropertyValue(getResponse, "offers[1].groups[0].pricingPlans[0].packageId", "SHAHID_VIP"): Verify element property value successfully

2023-10-16 14:10:05 - [MESSAGE][PASSED] - Verify element property value successfully

2023-10-16 14:10:05 - [TEST_STEP][PASSED] - verifyElementPropertyValue(getResponse, "offers[1].groups[0].pricingPlans[0].catalogId", "VIP"): Verify element property value successfully

2023-10-16 14:10:05 - [MESSAGE][PASSED] - Verify element property value successfully

2023-10-16 14:10:05 - [TEST_STEP][PASSED] - verifyElementPropertyValue(getResponse, "offers[1].groups[0].pricingPlans[0].visualElements[0].key", "Header_1_text"): Verify element property value successfully

2023-10-16 14:10:05 - [MESSAGE][PASSED] - Verify element property value successfully

2023-10-16 14:10:05 - [TEST_STEP][PASSED] - verifyElementPropertyValue(getResponse, "offers[1].groups[0].pricingPlans[0].visualElements[0].value", "Abonnez-vous dès maintenant et profitez de vos programmes sans publicité"): Verify element property value successfully

2023-10-16 14:10:05 - [MESSAGE][PASSED] - Verify element property value successfully

2023-10-16 14:10:05 - [TEST_STEP][PASSED] - verifyElementPropertyValue(getResponse, "offers[1].groups[0].pricingPlans[0].visualElements[1].key", "display_title"): Verify element property value successfully

2023-10-16 14:10:05 - [MESSAGE][PASSED] - Verify element property value successfully

2023-10-16 14:10:05 - [TEST_STEP][PASSED] - verifyElementPropertyValue(getResponse, "offers[1].groups[0].pricingPlans[0].visualElements[1].value", "40% de réduction"): Verify element property value successfully

2023-10-16 14:10:05 - [MESSAGE][PASSED] - Verify element property value successfully

2023-10-16 14:10:05 - [TEST_STEP][PASSED] - verifyElementPropertyValue(getResponse, "offers[1].groups[0].pricingPlans[0].visualElements[3].key", "deduction_text"): Verify element property value successfully

2023-10-16 14:10:05 - [MESSAGE][PASSED] - Verify element property value successfully

2023-10-16 14:10:05 - [TEST_STEP][PASSED] - verifyElementPropertyValue(getResponse, "offers[1].groups[0].pricingPlans[0].visualElements[3].value", "facturation mensuelle"): Verify element property value successfully

2023-10-16 14:10:05 - [MESSAGE][PASSED] - Verify element property value successfully

2023-10-16 14:10:05 - [TEST_STEP][PASSED] - verifyElementPropertyValue(getResponse, "offers[1].groups[0].pricingPlans[0].visualElements[6].key", "show_payment_logo"): Verify element property value successfully

2023-10-16 14:10:05 - [MESSAGE][PASSED] - Verify element property value successfully

2023-10-16 14:10:05 - [TEST_STEP][PASSED] - verifyElementPropertyValue(getResponse, "offers[1].groups[0].pricingPlans[0].visualElements[6].value", "true"): Verify element property value successfully

2023-10-16 14:10:05 - [MESSAGE][PASSED] - Verify element property value successfully

2023-10-16 14:10:05 - [TEST_STEP][PASSED] - verifyElementPropertyValue(getResponse, "offers[1].groups[0].pricingPlans[0].visualElements[8].key", "price"): Verify element property value successfully

2023-10-16 14:10:05 - [MESSAGE][PASSED] - Verify element property value successfully

2023-10-16 14:10:05 - [TEST_STEP][PASSED] - verifyElementPropertyValue(getResponse, "offers[1].groups[0].pricingPlans[0].visualElements[8].value", "1.99"): Verify element property value successfully

2023-10-16 14:10:05 - [MESSAGE][PASSED] - Verify element property value successfully

2023-10-16 14:10:05 - [TEST_STEP][PASSED] - verifyElementPropertyValue(getResponse, "offers[1].groups[0].pricingPlans[0].visualElements[9].key", "currency"): Verify element property value successfully

2023-10-16 14:10:05 - [MESSAGE][PASSED] - Verify element property value successfully

2023-10-16 14:10:05 - [TEST_STEP][PASSED] - verifyElementPropertyValue(getResponse, "offers[1].groups[0].pricingPlans[0].visualElements[9].value", "KWD"): Verify element property value successfully

2023-10-16 14:10:05 - [MESSAGE][PASSED] - Verify element property value successfully

2023-10-16 14:10:05 - [TEST_STEP][PASSED] - verifyElementPropertyValue(getResponse, "offers[1].groups[0].pricingPlans[0].visualElements[10].key", "duration"): Verify element property value successfully

2023-10-16 14:10:05 - [MESSAGE][PASSED] - Verify element property value successfully

2023-10-16 14:10:05 - [TEST_STEP][PASSED] - verifyElementPropertyValue(getResponse, "offers[1].groups[0].pricingPlans[0].visualElements[10].value", "Mensuel"): Verify element property value successfully

2023-10-16 14:10:05 - [MESSAGE][PASSED] - Verify element property value successfully

2023-10-16 14:10:05 - [TEST_STEP][PASSED] - verifyElementPropertyValue(getResponse, "offers[1].groups[0].pricingPlans[0].visualElements[11].key", "featured_tag_text"): Verify element property value successfully

2023-10-16 14:10:05 - [MESSAGE][PASSED] - Verify element property value successfully

2023-10-16 14:10:05 - [TEST_STEP][PASSED] - verifyElementPropertyValue(getResponse, "offers[1].groups[0].pricingPlans[0].visualElements[11].value", "Offre limitée"): Verify element property value successfully

2023-10-16 14:10:05 - [MESSAGE][PASSED] - Verify element property value successfully

2023-10-16 14:10:05 - [TEST_STEP][PASSED] - verifyElementPropertyValue(getResponse, "offers[1].groups[0].pricingPlans[0].visualElements[13].key", "tag_text"): Verify element property value successfully

2023-10-16 14:10:05 - [MESSAGE][PASSED] - Verify element property value successfully

2023-10-16 14:10:05 - [TEST_STEP][PASSED] - verifyElementPropertyValue(getResponse, "offers[1].groups[0].pricingPlans[0].visualElements[13].value", "Économisez 40% "): Verify element property value successfully

2023-10-16 14:10:05 - [MESSAGE][PASSED] - Verify element property value successfully

2023-10-16 14:10:05 - [TEST_STEP][PASSED] - verifyElementPropertyValue(getResponse, "offers[1].groups[0].pricingPlans[0].visualElements[12].key", "show_tag"): Verify element property value successfully

2023-10-16 14:10:05 - [MESSAGE][PASSED] - Verify element property value successfully

2023-10-16 14:10:05 - [TEST_STEP][PASSED] - verifyElementPropertyValue(getResponse, "offers[1].groups[0].pricingPlans[0].visualElements[12].value", "true"): Verify element property value successfully

2023-10-16 14:10:05 - [MESSAGE][PASSED] - Verify element property value successfully

2023-10-16 14:10:05 - [TEST_STEP][PASSED] - verifyElementPropertyValue(getResponse, "offers[1].groups[0].pricingPlans[0].pricingPlanData[0].productId", "KWT_B2C_SHAHID_VIP_1M"): Verify element property value successfully

2023-10-16 14:10:05 - [MESSAGE][PASSED] - Verify element property value successfully

2023-10-16 14:10:05 - [TEST_STEP][PASSED] - verifyElementPropertyValue(getResponse, "offers[1].groups[0].pricingPlans[0].pricingPlanData[0].paymentMethod", "CREDIT_CARD"): Verify element property value successfully

2023-10-16 14:10:05 - [MESSAGE][PASSED] - Verify element property value successfully

2023-10-16 14:10:05 - [TEST_STEP][PASSED] - verifyElementPropertyValue(getResponse, "offers[1].groups[0].pricingPlans[0].pricingPlanData[0].freeTrialEnabled", "false"): Verify element property value successfully

2023-10-16 14:10:05 - [MESSAGE][PASSED] - Verify element property value successfully

2023-10-16 14:10:05 - [TEST_STEP][PASSED] - verifyElementPropertyValue(getResponse, "offers[1].groups[0].pricingPlans[0].pricingPlanData[0].showIn[0]", "VERTICAL_MODE"): Verify element property value successfully

2023-10-16 14:10:05 - [MESSAGE][PASSED] - Verify element property value successfully

2023-10-16 14:10:05 - [TEST_STEP][PASSED] - verifyElementPropertyValue(getResponse, "offers[1].groups[0].pricingPlans[0].pricingPlanData[0].showIn[1]", "HORIZONTAL_MODE"): Verify element property value successfully

2023-10-16 14:10:05 - [MESSAGE][PASSED] - Verify element property value successfully

2023-10-16 14:10:05 - [TEST_STEP][PASSED] - verifyElementPropertyValue(getResponse, "offers[1].groups[0].pricingPlans[0].pricingPlanData[0].priceLabel", "1.99"): Verify element property value successfully

2023-10-16 14:10:05 - [MESSAGE][PASSED] - Verify element property value successfully

2023-10-16 14:10:05 - [TEST_STEP][PASSED] - verifyElementPropertyValue(getResponse, "offers[1].groups[0].pricingPlans[0].pricingPlanData[0].currencyLabel", "KWD"): Verify element property value successfully

2023-10-16 14:10:05 - [MESSAGE][PASSED] - Verify element property value successfully

2023-10-16 14:10:05 - [TEST_STEP][PASSED] - verifyElementPropertyValue(getResponse, "offers[1].groups[0].pricingPlans[0].pricingPlanData[0].dealId", "RE_40P_KWT"): Verify element property value successfully

2023-10-16 14:10:05 - [MESSAGE][PASSED] - Verify element property value successfully

2023-10-16 14:10:05 - [TEST_STEP][PASSED] - verifyElementPropertyValue(getResponse, "offers[1].groups[0].pricingPlans[0].pricingPlanData[0].allowedForAcquisition", "true"): Verify element property value successfully

2023-10-16 14:10:05 - [MESSAGE][PASSED] - Verify element property value successfully

2023-10-16 14:10:05 - [TEST_STEP][PASSED] - verifyElementPropertyValue(getResponse, "offers[1].groups[0].pricingPlans[0].pricingPlanData[0].visualElements[0].key", "title"): Verify element property value successfully

2023-10-16 14:10:05 - [MESSAGE][PASSED] - Verify element property value successfully

2023-10-16 14:10:05 - [TEST_STEP][PASSED] - verifyElementPropertyValue(getResponse, "offers[1].groups[0].pricingPlans[0].pricingPlanData[0].visualElements[0].value", "Carte de crédit/débit"): Verify element property value successfully

2023-10-16 14:10:05 - [MESSAGE][PASSED] - Verify element property value successfully

2023-10-16 14:10:05 - [TEST_STEP][PASSED] - verifyElementPropertyValue(getResponse, "offers[1].groups[0].pricingPlans[0].pricingPlanData[0].visualElements[1].key", "CTA_text"): Verify element property value successfully

2023-10-16 14:10:05 - [MESSAGE][PASSED] - Verify element property value successfully

2023-10-16 14:10:05 - [TEST_STEP][PASSED] - verifyElementPropertyValue(getResponse, "offers[1].groups[0].pricingPlans[0].pricingPlanData[0].visualElements[1].value", "S'abonner"): Verify element property value successfully

2023-10-16 14:10:05 - [MESSAGE][PASSED] - Verify element property value successfully

2023-10-16 14:10:05 - [TEST_STEP][PASSED] - verifyElementPropertyValue(getResponse, "offers[1].groups[0].pricingPlans[0].pricingPlanData[0].visualElements[2].key", "logo"): Verify element property value successfully

2023-10-16 14:10:05 - [MESSAGE][PASSED] - Verify element property value successfully

2023-10-16 14:10:05 - [TEST_STEP][PASSED] - verifyElementPropertyValue(getResponse, "offers[1].groups[0].pricingPlans[0].pricingPlanData[0].visualElements[2].value", "https://static.s3.shahid.mbc.net/widget-images/icons/iconCreditCard.png"): Verify element property value successfully

2023-10-16 14:10:05 - [MESSAGE][PASSED] - Verify element property value successfully

2023-10-16 14:10:05 - [TEST_STEP][PASSED] - verifyElementPropertyValue(getResponse, "offers[2].offerId", "winback-50-offer"): Verify element property value successfully

2023-10-16 14:10:05 - [MESSAGE][PASSED] - Verify element property value successfully

2023-10-16 14:10:05 - [TEST_STEP][PASSED] - verifyElementPropertyValue(getResponse, "offers[2].offerParam", "winback50"): Verify element property value successfully

2023-10-16 14:10:05 - [MESSAGE][PASSED] - Verify element property value successfully

2023-10-16 14:10:05 - [TEST_STEP][PASSED] - verifyElementPropertyValue(getResponse, "offers[2].groups[0].pricingPlans[0].featured", "true"): Verify element property value successfully

2023-10-16 14:10:05 - [MESSAGE][PASSED] - Verify element property value successfully

2023-10-16 14:10:05 - [TEST_STEP][PASSED] - verifyElementPropertyValue(getResponse, "offers[2].groups[0].pricingPlans[0].period", "monthly"): Verify element property value successfully

2023-10-16 14:10:05 - [MESSAGE][PASSED] - Verify element property value successfully

2023-10-16 14:10:05 - [TEST_STEP][PASSED] - verifyElementPropertyValue(getResponse, "offers[2].groups[0].pricingPlans[0].featured", "true"): Verify element property value successfully

2023-10-16 14:10:05 - [MESSAGE][PASSED] - Verify element property value successfully

2023-10-16 14:10:05 - [TEST_STEP][PASSED] - verifyElementPropertyValue(getResponse, "offers[2].groups[0].pricingPlans[0].price", "1.69"): Verify element property value successfully

2023-10-16 14:10:05 - [MESSAGE][PASSED] - Verify element property value successfully

2023-10-16 14:10:05 - [TEST_STEP][PASSED] - verifyElementPropertyValue(getResponse, "offers[2].groups[0].pricingPlans[0].currency", "KWD"): Verify element property value successfully

2023-10-16 14:10:05 - [MESSAGE][PASSED] - Verify element property value successfully

2023-10-16 14:10:05 - [TEST_STEP][PASSED] - verifyElementPropertyValue(getResponse, "offers[2].groups[0].pricingPlans[0].order", "0"): Verify element property value successfully

2023-10-16 14:10:05 - [MESSAGE][PASSED] - Verify element property value successfully

2023-10-16 14:10:05 - [TEST_STEP][PASSED] - verifyElementPropertyValue(getResponse, "offers[2].groups[0].pricingPlans[0].packageId", "SHAHID_VIP"): Verify element property value successfully

2023-10-16 14:10:05 - [MESSAGE][PASSED] - Verify element property value successfully

2023-10-16 14:10:05 - [TEST_STEP][PASSED] - verifyElementPropertyValue(getResponse, "offers[2].groups[0].pricingPlans[0].catalogId", "VIP"): Verify element property value successfully

2023-10-16 14:10:05 - [MESSAGE][PASSED] - Verify element property value successfully

2023-10-16 14:10:05 - [TEST_STEP][PASSED] - verifyElementPropertyValue(getResponse, "offers[2].groups[0].pricingPlans[0].visualElements[0].key", "Header_1_text"): Verify element property value successfully

2023-10-16 14:10:05 - [MESSAGE][PASSED] - Verify element property value successfully

2023-10-16 14:10:05 - [TEST_STEP][PASSED] - verifyElementPropertyValue(getResponse, "offers[2].groups[0].pricingPlans[0].visualElements[0].value", "Abonnez-vous dès maintenant et profitez de vos programmes sans publicité"): Verify element property value successfully

2023-10-16 14:10:05 - [MESSAGE][PASSED] - Verify element property value successfully

2023-10-16 14:10:05 - [TEST_STEP][PASSED] - verifyElementPropertyValue(getResponse, "offers[2].groups[0].pricingPlans[0].visualElements[1].key", "display_title"): Verify element property value successfully

2023-10-16 14:10:05 - [MESSAGE][PASSED] - Verify element property value successfully

2023-10-16 14:10:05 - [TEST_STEP][PASSED] - verifyElementPropertyValue(getResponse, "offers[2].groups[0].pricingPlans[0].visualElements[1].value", "50% de réduction"): Verify element property value successfully

2023-10-16 14:10:05 - [MESSAGE][PASSED] - Verify element property value successfully

2023-10-16 14:10:05 - [TEST_STEP][PASSED] - verifyElementPropertyValue(getResponse, "offers[2].groups[0].pricingPlans[0].visualElements[3].key", "deduction_text"): Verify element property value successfully

2023-10-16 14:10:05 - [MESSAGE][PASSED] - Verify element property value successfully

2023-10-16 14:10:05 - [TEST_STEP][PASSED] - verifyElementPropertyValue(getResponse, "offers[2].groups[0].pricingPlans[0].visualElements[3].value", "facturation mensuelle"): Verify element property value successfully

2023-10-16 14:10:05 - [MESSAGE][PASSED] - Verify element property value successfully

2023-10-16 14:10:05 - [TEST_STEP][PASSED] - verifyElementPropertyValue(getResponse, "offers[2].groups[0].pricingPlans[0].visualElements[6].key", "show_payment_logo"): Verify element property value successfully

2023-10-16 14:10:05 - [MESSAGE][PASSED] - Verify element property value successfully

2023-10-16 14:10:05 - [TEST_STEP][PASSED] - verifyElementPropertyValue(getResponse, "offers[2].groups[0].pricingPlans[0].visualElements[6].value", "true"): Verify element property value successfully

2023-10-16 14:10:05 - [MESSAGE][PASSED] - Verify element property value successfully

2023-10-16 14:10:05 - [TEST_STEP][PASSED] - verifyElementPropertyValue(getResponse, "offers[2].groups[0].pricingPlans[0].visualElements[8].key", "price"): Verify element property value successfully

2023-10-16 14:10:05 - [MESSAGE][PASSED] - Verify element property value successfully

2023-10-16 14:10:05 - [TEST_STEP][PASSED] - verifyElementPropertyValue(getResponse, "offers[2].groups[0].pricingPlans[0].visualElements[8].value", "1.69"): Verify element property value successfully

2023-10-16 14:10:05 - [MESSAGE][PASSED] - Verify element property value successfully

2023-10-16 14:10:05 - [TEST_STEP][PASSED] - verifyElementPropertyValue(getResponse, "offers[2].groups[0].pricingPlans[0].visualElements[9].key", "currency"): Verify element property value successfully

2023-10-16 14:10:05 - [MESSAGE][PASSED] - Verify element property value successfully

2023-10-16 14:10:05 - [TEST_STEP][PASSED] - verifyElementPropertyValue(getResponse, "offers[2].groups[0].pricingPlans[0].visualElements[9].value", "KWD"): Verify element property value successfully

2023-10-16 14:10:05 - [MESSAGE][PASSED] - Verify element property value successfully

2023-10-16 14:10:05 - [TEST_STEP][PASSED] - verifyElementPropertyValue(getResponse, "offers[2].groups[0].pricingPlans[0].visualElements[10].key", "duration"): Verify element property value successfully

2023-10-16 14:10:05 - [MESSAGE][PASSED] - Verify element property value successfully

2023-10-16 14:10:05 - [TEST_STEP][PASSED] - verifyElementPropertyValue(getResponse, "offers[2].groups[0].pricingPlans[0].visualElements[10].value", "Mensuel"): Verify element property value successfully

2023-10-16 14:10:06 - [MESSAGE][PASSED] - Verify element property value successfully

2023-10-16 14:10:06 - [TEST_STEP][PASSED] - verifyElementPropertyValue(getResponse, "offers[2].groups[0].pricingPlans[0].visualElements[11].key", "featured_tag_text"): Verify element property value successfully

2023-10-16 14:10:06 - [MESSAGE][PASSED] - Verify element property value successfully

2023-10-16 14:10:06 - [TEST_STEP][PASSED] - verifyElementPropertyValue(getResponse, "offers[2].groups[0].pricingPlans[0].visualElements[11].value", "Offre limitée"): Verify element property value successfully

2023-10-16 14:10:06 - [MESSAGE][PASSED] - Verify element property value successfully

2023-10-16 14:10:06 - [TEST_STEP][PASSED] - verifyElementPropertyValue(getResponse, "offers[2].groups[0].pricingPlans[0].visualElements[13].key", "tag_text"): Verify element property value successfully

2023-10-16 14:10:06 - [MESSAGE][PASSED] - Verify element property value successfully

2023-10-16 14:10:06 - [TEST_STEP][PASSED] - verifyElementPropertyValue(getResponse, "offers[2].groups[0].pricingPlans[0].visualElements[13].value", "Économisez 50% "): Verify element property value successfully

2023-10-16 14:10:06 - [MESSAGE][PASSED] - Verify element property value successfully

2023-10-16 14:10:06 - [TEST_STEP][PASSED] - verifyElementPropertyValue(getResponse, "offers[2].groups[0].pricingPlans[0].visualElements[12].key", "show_tag"): Verify element property value successfully

2023-10-16 14:10:06 - [MESSAGE][PASSED] - Verify element property value successfully

2023-10-16 14:10:06 - [TEST_STEP][PASSED] - verifyElementPropertyValue(getResponse, "offers[2].groups[0].pricingPlans[0].visualElements[12].value", "true"): Verify element property value successfully

2023-10-16 14:10:06 - [MESSAGE][PASSED] - Verify element property value successfully

2023-10-16 14:10:06 - [TEST_STEP][PASSED] - verifyElementPropertyValue(getResponse, "offers[2].groups[0].pricingPlans[0].pricingPlanData[0].productId", "KWT_B2C_SHAHID_VIP_1M"): Verify element property value successfully

2023-10-16 14:10:06 - [MESSAGE][PASSED] - Verify element property value successfully

2023-10-16 14:10:06 - [TEST_STEP][PASSED] - verifyElementPropertyValue(getResponse, "offers[2].groups[0].pricingPlans[0].pricingPlanData[0].paymentMethod", "CREDIT_CARD"): Verify element property value successfully

2023-10-16 14:10:06 - [MESSAGE][PASSED] - Verify element property value successfully

2023-10-16 14:10:06 - [TEST_STEP][PASSED] - verifyElementPropertyValue(getResponse, "offers[2].groups[0].pricingPlans[0].pricingPlanData[0].freeTrialEnabled", "false"): Verify element property value successfully

2023-10-16 14:10:06 - [MESSAGE][PASSED] - Verify element property value successfully

2023-10-16 14:10:06 - [TEST_STEP][PASSED] - verifyElementPropertyValue(getResponse, "offers[2].groups[0].pricingPlans[0].pricingPlanData[0].showIn[0]", "VERTICAL_MODE"): Verify element property value successfully

2023-10-16 14:10:06 - [MESSAGE][PASSED] - Verify element property value successfully

2023-10-16 14:10:06 - [TEST_STEP][PASSED] - verifyElementPropertyValue(getResponse, "offers[2].groups[0].pricingPlans[0].pricingPlanData[0].showIn[1]", "HORIZONTAL_MODE"): Verify element property value successfully

2023-10-16 14:10:06 - [MESSAGE][PASSED] - Verify element property value successfully

2023-10-16 14:10:06 - [TEST_STEP][PASSED] - verifyElementPropertyValue(getResponse, "offers[2].groups[0].pricingPlans[0].pricingPlanData[0].priceLabel", "1.69"): Verify element property value successfully

2023-10-16 14:10:06 - [MESSAGE][PASSED] - Verify element property value successfully

2023-10-16 14:10:06 - [TEST_STEP][PASSED] - verifyElementPropertyValue(getResponse, "offers[2].groups[0].pricingPlans[0].pricingPlanData[0].currencyLabel", "KWD"): Verify element property value successfully

2023-10-16 14:10:06 - [MESSAGE][PASSED] - Verify element property value successfully

2023-10-16 14:10:06 - [TEST_STEP][PASSED] - verifyElementPropertyValue(getResponse, "offers[2].groups[0].pricingPlans[0].pricingPlanData[0].dealId", "RE_50P_KWT"): Verify element property value successfully

2023-10-16 14:10:06 - [MESSAGE][PASSED] - Verify element property value successfully

2023-10-16 14:10:06 - [TEST_STEP][PASSED] - verifyElementPropertyValue(getResponse, "offers[2].groups[0].pricingPlans[0].pricingPlanData[0].allowedForAcquisition", "true"): Verify element property value successfully

2023-10-16 14:10:06 - [MESSAGE][PASSED] - Verify element property value successfully

2023-10-16 14:10:06 - [TEST_STEP][PASSED] - verifyElementPropertyValue(getResponse, "offers[2].groups[0].pricingPlans[0].pricingPlanData[0].visualElements[0].key", "title"): Verify element property value successfully

2023-10-16 14:10:06 - [MESSAGE][PASSED] - Verify element property value successfully

2023-10-16 14:10:06 - [TEST_STEP][PASSED] - verifyElementPropertyValue(getResponse, "offers[2].groups[0].pricingPlans[0].pricingPlanData[0].visualElements[0].value", "Carte de crédit/débit"): Verify element property value successfully

2023-10-16 14:10:06 - [MESSAGE][PASSED] - Verify element property value successfully

2023-10-16 14:10:06 - [TEST_STEP][PASSED] - verifyElementPropertyValue(getResponse, "offers[2].groups[0].pricingPlans[0].pricingPlanData[0].visualElements[1].key", "CTA_text"): Verify element property value successfully

2023-10-16 14:10:06 - [MESSAGE][PASSED] - Verify element property value successfully

2023-10-16 14:10:06 - [TEST_STEP][PASSED] - verifyElementPropertyValue(getResponse, "offers[2].groups[0].pricingPlans[0].pricingPlanData[0].visualElements[1].value", "S'abonner"): Verify element property value successfully

2023-10-16 14:10:06 - [MESSAGE][PASSED] - Verify element property value successfully

2023-10-16 14:10:06 - [TEST_STEP][PASSED] - verifyElementPropertyValue(getResponse, "offers[2].groups[0].pricingPlans[0].pricingPlanData[0].visualElements[2].key", "logo"): Verify element property value successfully

2023-10-16 14:10:06 - [MESSAGE][PASSED] - Verify element property value successfully

2023-10-16 14:10:06 - [TEST_STEP][PASSED] - verifyElementPropertyValue(getResponse, "offers[2].groups[0].pricingPlans[0].pricingPlanData[0].visualElements[2].value", "https://static.s3.shahid.mbc.net/widget-images/icons/iconCreditCard.png"): Verify element property value successfully

2023-10-16 14:10:06 - [MESSAGE][PASSED] - Verify element property value successfully

2023-10-16 14:10:06 - [TEST_STEP][PASSED] - verifyElementPropertyValue(getResponse, "offers[8].offerId", "byg-30-offer"): Verify element property value successfully

2023-10-16 14:10:06 - [MESSAGE][PASSED] - Verify element property value successfully

2023-10-16 14:10:06 - [TEST_STEP][PASSED] - verifyElementPropertyValue(getResponse, "offers[8].offerParam", "bygoffer30"): Verify element property value successfully

2023-10-16 14:10:06 - [MESSAGE][PASSED] - Verify element property value successfully

2023-10-16 14:10:06 - [TEST_STEP][PASSED] - verifyElementPropertyValue(getResponse, "offers[8].groups[0].pricingPlans[0].featured", "true"): Verify element property value successfully

2023-10-16 14:10:06 - [MESSAGE][PASSED] - Verify element property value successfully

2023-10-16 14:10:06 - [TEST_STEP][PASSED] - verifyElementPropertyValue(getResponse, "offers[8].groups[0].pricingPlans[0].period", "monthly"): Verify element property value successfully

2023-10-16 14:10:06 - [MESSAGE][PASSED] - Verify element property value successfully

2023-10-16 14:10:06 - [TEST_STEP][PASSED] - verifyElementPropertyValue(getResponse, "offers[8].groups[0].pricingPlans[0].featured", "true"): Verify element property value successfully

2023-10-16 14:10:06 - [MESSAGE][PASSED] - Verify element property value successfully

2023-10-16 14:10:06 - [TEST_STEP][PASSED] - verifyElementPropertyValue(getResponse, "offers[8].groups[0].pricingPlans[0].price", "2.39"): Verify element property value successfully

2023-10-16 14:10:06 - [MESSAGE][PASSED] - Verify element property value successfully

2023-10-16 14:10:06 - [TEST_STEP][PASSED] - verifyElementPropertyValue(getResponse, "offers[8].groups[0].pricingPlans[0].currency", "KWD"): Verify element property value successfully

2023-10-16 14:10:06 - [MESSAGE][PASSED] - Verify element property value successfully

2023-10-16 14:10:06 - [TEST_STEP][PASSED] - verifyElementPropertyValue(getResponse, "offers[8].groups[0].pricingPlans[0].order", "0"): Verify element property value successfully

2023-10-16 14:10:06 - [MESSAGE][PASSED] - Verify element property value successfully

2023-10-16 14:10:06 - [TEST_STEP][PASSED] - verifyElementPropertyValue(getResponse, "offers[8].groups[0].pricingPlans[0].packageId", "SHAHID_VIP"): Verify element property value successfully

2023-10-16 14:10:06 - [MESSAGE][PASSED] - Verify element property value successfully

2023-10-16 14:10:06 - [TEST_STEP][PASSED] - verifyElementPropertyValue(getResponse, "offers[8].groups[0].pricingPlans[0].catalogId", "VIP"): Verify element property value successfully

2023-10-16 14:10:06 - [MESSAGE][PASSED] - Verify element property value successfully

2023-10-16 14:10:06 - [TEST_STEP][PASSED] - verifyElementPropertyValue(getResponse, "offers[8].groups[0].pricingPlans[0].visualElements[0].key", "Header_1_text"): Verify element property value successfully

2023-10-16 14:10:06 - [MESSAGE][PASSED] - Verify element property value successfully

2023-10-16 14:10:06 - [TEST_STEP][PASSED] - verifyElementPropertyValue(getResponse, "offers[8].groups[0].pricingPlans[0].visualElements[0].value", "Abonnez-vous dès maintenant et profitez de vos programmes sans publicité"): Verify element property value successfully

2023-10-16 14:10:06 - [MESSAGE][PASSED] - Verify element property value successfully

2023-10-16 14:10:06 - [TEST_STEP][PASSED] - verifyElementPropertyValue(getResponse, "offers[8].groups[0].pricingPlans[0].visualElements[1].key", "display_title"): Verify element property value successfully

2023-10-16 14:10:06 - [MESSAGE][PASSED] - Verify element property value successfully

2023-10-16 14:10:06 - [TEST_STEP][PASSED] - verifyElementPropertyValue(getResponse, "offers[8].groups[0].pricingPlans[0].visualElements[1].value", "30% de réduction"): Verify element property value successfully

2023-10-16 14:10:06 - [MESSAGE][PASSED] - Verify element property value successfully

2023-10-16 14:10:06 - [TEST_STEP][PASSED] - verifyElementPropertyValue(getResponse, "offers[8].groups[0].pricingPlans[0].visualElements[3].key", "deduction_text"): Verify element property value successfully

2023-10-16 14:10:06 - [MESSAGE][PASSED] - Verify element property value successfully

2023-10-16 14:10:06 - [TEST_STEP][PASSED] - verifyElementPropertyValue(getResponse, "offers[8].groups[0].pricingPlans[0].visualElements[3].value", "facturation mensuelle"): Verify element property value successfully

2023-10-16 14:10:06 - [MESSAGE][PASSED] - Verify element property value successfully

2023-10-16 14:10:06 - [TEST_STEP][PASSED] - verifyElementPropertyValue(getResponse, "offers[8].groups[0].pricingPlans[0].visualElements[6].key", "show_payment_logo"): Verify element property value successfully

2023-10-16 14:10:06 - [MESSAGE][PASSED] - Verify element property value successfully

2023-10-16 14:10:06 - [TEST_STEP][PASSED] - verifyElementPropertyValue(getResponse, "offers[8].groups[0].pricingPlans[0].visualElements[6].value", "true"): Verify element property value successfully

2023-10-16 14:10:06 - [MESSAGE][PASSED] - Verify element property value successfully

2023-10-16 14:10:06 - [TEST_STEP][PASSED] - verifyElementPropertyValue(getResponse, "offers[8].groups[0].pricingPlans[0].visualElements[8].key", "price"): Verify element property value successfully

2023-10-16 14:10:06 - [MESSAGE][PASSED] - Verify element property value successfully

2023-10-16 14:10:06 - [TEST_STEP][PASSED] - verifyElementPropertyValue(getResponse, "offers[8].groups[0].pricingPlans[0].visualElements[8].value", "2.39"): Verify element property value successfully

2023-10-16 14:10:06 - [MESSAGE][PASSED] - Verify element property value successfully

2023-10-16 14:10:06 - [TEST_STEP][PASSED] - verifyElementPropertyValue(getResponse, "offers[8].groups[0].pricingPlans[0].visualElements[9].key", "currency"): Verify element property value successfully

2023-10-16 14:10:06 - [MESSAGE][PASSED] - Verify element property value successfully

2023-10-16 14:10:06 - [TEST_STEP][PASSED] - verifyElementPropertyValue(getResponse, "offers[8].groups[0].pricingPlans[0].visualElements[9].value", "KWD"): Verify element property value successfully

2023-10-16 14:10:06 - [MESSAGE][PASSED] - Verify element property value successfully

2023-10-16 14:10:06 - [TEST_STEP][PASSED] - verifyElementPropertyValue(getResponse, "offers[8].groups[0].pricingPlans[0].visualElements[10].key", "duration"): Verify element property value successfully

2023-10-16 14:10:06 - [MESSAGE][PASSED] - Verify element property value successfully

2023-10-16 14:10:06 - [TEST_STEP][PASSED] - verifyElementPropertyValue(getResponse, "offers[8].groups[0].pricingPlans[0].visualElements[10].value", "Mensuel"): Verify element property value successfully

2023-10-16 14:10:06 - [MESSAGE][PASSED] - Verify element property value successfully

2023-10-16 14:10:06 - [TEST_STEP][PASSED] - verifyElementPropertyValue(getResponse, "offers[8].groups[0].pricingPlans[0].visualElements[11].key", "featured_tag_text"): Verify element property value successfully

2023-10-16 14:10:06 - [MESSAGE][PASSED] - Verify element property value successfully

2023-10-16 14:10:06 - [TEST_STEP][PASSED] - verifyElementPropertyValue(getResponse, "offers[8].groups[0].pricingPlans[0].visualElements[11].value", "Offre limitée"): Verify element property value successfully

2023-10-16 14:10:06 - [MESSAGE][PASSED] - Verify element property value successfully

2023-10-16 14:10:06 - [TEST_STEP][PASSED] - verifyElementPropertyValue(getResponse, "offers[8].groups[0].pricingPlans[0].visualElements[13].key", "tag_text"): Verify element property value successfully

2023-10-16 14:10:06 - [MESSAGE][PASSED] - Verify element property value successfully

2023-10-16 14:10:06 - [TEST_STEP][PASSED] - verifyElementPropertyValue(getResponse, "offers[8].groups[0].pricingPlans[0].visualElements[13].value", "Économisez 30% "): Verify element property value successfully

2023-10-16 14:10:06 - [MESSAGE][PASSED] - Verify element property value successfully

2023-10-16 14:10:06 - [TEST_STEP][PASSED] - verifyElementPropertyValue(getResponse, "offers[8].groups[0].pricingPlans[0].visualElements[12].key", "show_tag"): Verify element property value successfully

2023-10-16 14:10:06 - [MESSAGE][PASSED] - Verify element property value successfully

2023-10-16 14:10:06 - [TEST_STEP][PASSED] - verifyElementPropertyValue(getResponse, "offers[8].groups[0].pricingPlans[0].visualElements[12].value", "true"): Verify element property value successfully

2023-10-16 14:10:06 - [MESSAGE][PASSED] - Verify element property value successfully

2023-10-16 14:10:06 - [TEST_STEP][PASSED] - verifyElementPropertyValue(getResponse, "offers[8].groups[0].pricingPlans[0].pricingPlanData[0].productId", "KWT_B2C_SHAHID_VIP_1M"): Verify element property value successfully

2023-10-16 14:10:06 - [MESSAGE][PASSED] - Verify element property value successfully

2023-10-16 14:10:06 - [TEST_STEP][PASSED] - verifyElementPropertyValue(getResponse, "offers[8].groups[0].pricingPlans[0].pricingPlanData[0].paymentMethod", "CREDIT_CARD"): Verify element property value successfully

2023-10-16 14:10:06 - [MESSAGE][PASSED] - Verify element property value successfully

2023-10-16 14:10:06 - [TEST_STEP][PASSED] - verifyElementPropertyValue(getResponse, "offers[8].groups[0].pricingPlans[0].pricingPlanData[0].freeTrialEnabled", "false"): Verify element property value successfully

2023-10-16 14:10:06 - [MESSAGE][PASSED] - Verify element property value successfully

2023-10-16 14:10:06 - [TEST_STEP][PASSED] - verifyElementPropertyValue(getResponse, "offers[8].groups[0].pricingPlans[0].pricingPlanData[0].showIn[0]", "VERTICAL_MODE"): Verify element property value successfully

2023-10-16 14:10:06 - [MESSAGE][PASSED] - Verify element property value successfully

2023-10-16 14:10:06 - [TEST_STEP][PASSED] - verifyElementPropertyValue(getResponse, "offers[8].groups[0].pricingPlans[0].pricingPlanData[0].showIn[1]", "HORIZONTAL_MODE"): Verify element property value successfully

2023-10-16 14:10:06 - [MESSAGE][PASSED] - Verify element property value successfully

2023-10-16 14:10:06 - [TEST_STEP][PASSED] - verifyElementPropertyValue(getResponse, "offers[8].groups[0].pricingPlans[0].pricingPlanData[0].priceLabel", "2.39"): Verify element property value successfully

2023-10-16 14:10:06 - [MESSAGE][PASSED] - Verify element property value successfully

2023-10-16 14:10:06 - [TEST_STEP][PASSED] - verifyElementPropertyValue(getResponse, "offers[8].groups[0].pricingPlans[0].pricingPlanData[0].currencyLabel", "KWD"): Verify element property value successfully

2023-10-16 14:10:06 - [MESSAGE][PASSED] - Verify element property value successfully

2023-10-16 14:10:06 - [TEST_STEP][PASSED] - verifyElementPropertyValue(getResponse, "offers[8].groups[0].pricingPlans[0].pricingPlanData[0].dealId", "BYG_30P_KWT"): Verify element property value successfully

2023-10-16 14:10:06 - [MESSAGE][PASSED] - Verify element property value successfully

2023-10-16 14:10:06 - [TEST_STEP][PASSED] - verifyElementPropertyValue(getResponse, "offers[8].groups[0].pricingPlans[0].pricingPlanData[0].allowedForAcquisition", "true"): Verify element property value successfully

2023-10-16 14:10:06 - [MESSAGE][PASSED] - Verify element property value successfully

2023-10-16 14:10:06 - [TEST_STEP][PASSED] - verifyElementPropertyValue(getResponse, "offers[8].groups[0].pricingPlans[0].pricingPlanData[0].visualElements[0].key", "title"): Verify element property value successfully

2023-10-16 14:10:06 - [MESSAGE][PASSED] - Verify element property value successfully

2023-10-16 14:10:06 - [TEST_STEP][PASSED] - verifyElementPropertyValue(getResponse, "offers[8].groups[0].pricingPlans[0].pricingPlanData[0].visualElements[0].value", "Carte de crédit/débit"): Verify element property value successfully

2023-10-16 14:10:06 - [MESSAGE][PASSED] - Verify element property value successfully

2023-10-16 14:10:06 - [TEST_STEP][PASSED] - verifyElementPropertyValue(getResponse, "offers[8].groups[0].pricingPlans[0].pricingPlanData[0].visualElements[1].key", "CTA_text"): Verify element property value successfully

2023-10-16 14:10:06 - [MESSAGE][PASSED] - Verify element property value successfully

2023-10-16 14:10:06 - [TEST_STEP][PASSED] - verifyElementPropertyValue(getResponse, "offers[8].groups[0].pricingPlans[0].pricingPlanData[0].visualElements[1].value", "S’abonner"): Verify element property value successfully

2023-10-16 14:10:06 - [MESSAGE][PASSED] - Verify element property value successfully

2023-10-16 14:10:06 - [TEST_STEP][PASSED] - verifyElementPropertyValue(getResponse, "offers[8].groups[0].pricingPlans[0].pricingPlanData[0].visualElements[2].key", "logo"): Verify element property value successfully

2023-10-16 14:10:06 - [MESSAGE][PASSED] - Verify element property value successfully

2023-10-16 14:10:06 - [TEST_STEP][PASSED] - verifyElementPropertyValue(getResponse, "offers[8].groups[0].pricingPlans[0].pricingPlanData[0].visualElements[2].value", "https://static.s3.shahid.mbc.net/widget-images/icons/iconCreditCard.png"): Verify element property value successfully

2023-10-16 14:10:06 - [MESSAGE][PASSED] - Verify element property value successfully

2023-10-16 14:10:06 - [TEST_STEP][PASSED] - verifyElementPropertyValue(getResponse, "offers[9].offerId", "byg-40-offer"): Verify element property value successfully

2023-10-16 14:10:06 - [MESSAGE][PASSED] - Verify element property value successfully

2023-10-16 14:10:06 - [TEST_STEP][PASSED] - verifyElementPropertyValue(getResponse, "offers[9].offerParam", "bygoffer40"): Verify element property value successfully

2023-10-16 14:10:06 - [MESSAGE][PASSED] - Verify element property value successfully

2023-10-16 14:10:06 - [TEST_STEP][PASSED] - verifyElementPropertyValue(getResponse, "offers[9].groups[0].pricingPlans[0].featured", "true"): Verify element property value successfully

2023-10-16 14:10:06 - [MESSAGE][PASSED] - Verify element property value successfully

2023-10-16 14:10:06 - [TEST_STEP][PASSED] - verifyElementPropertyValue(getResponse, "offers[9].groups[0].pricingPlans[0].period", "monthly"): Verify element property value successfully

2023-10-16 14:10:06 - [MESSAGE][PASSED] - Verify element property value successfully

2023-10-16 14:10:06 - [TEST_STEP][PASSED] - verifyElementPropertyValue(getResponse, "offers[9].groups[0].pricingPlans[0].featured", "true"): Verify element property value successfully

2023-10-16 14:10:06 - [MESSAGE][PASSED] - Verify element property value successfully

2023-10-16 14:10:06 - [TEST_STEP][PASSED] - verifyElementPropertyValue(getResponse, "offers[9].groups[0].pricingPlans[0].price", "1.99"): Verify element property value successfully

2023-10-16 14:10:06 - [MESSAGE][PASSED] - Verify element property value successfully

2023-10-16 14:10:06 - [TEST_STEP][PASSED] - verifyElementPropertyValue(getResponse, "offers[9].groups[0].pricingPlans[0].currency", "KWD"): Verify element property value successfully

2023-10-16 14:10:06 - [MESSAGE][PASSED] - Verify element property value successfully

2023-10-16 14:10:06 - [TEST_STEP][PASSED] - verifyElementPropertyValue(getResponse, "offers[9].groups[0].pricingPlans[0].order", "0"): Verify element property value successfully

2023-10-16 14:10:06 - [MESSAGE][PASSED] - Verify element property value successfully

2023-10-16 14:10:06 - [TEST_STEP][PASSED] - verifyElementPropertyValue(getResponse, "offers[9].groups[0].pricingPlans[0].packageId", "SHAHID_VIP"): Verify element property value successfully

2023-10-16 14:10:06 - [MESSAGE][PASSED] - Verify element property value successfully

2023-10-16 14:10:06 - [TEST_STEP][PASSED] - verifyElementPropertyValue(getResponse, "offers[9].groups[0].pricingPlans[0].catalogId", "VIP"): Verify element property value successfully

2023-10-16 14:10:06 - [MESSAGE][PASSED] - Verify element property value successfully

2023-10-16 14:10:06 - [TEST_STEP][PASSED] - verifyElementPropertyValue(getResponse, "offers[9].groups[0].pricingPlans[0].visualElements[0].key", "Header_1_text"): Verify element property value successfully

2023-10-16 14:10:06 - [MESSAGE][PASSED] - Verify element property value successfully

2023-10-16 14:10:06 - [TEST_STEP][PASSED] - verifyElementPropertyValue(getResponse, "offers[9].groups[0].pricingPlans[0].visualElements[0].value", "Abonnez-vous dès maintenant et profitez de vos programmes sans publicité"): Verify element property value successfully

2023-10-16 14:10:06 - [MESSAGE][PASSED] - Verify element property value successfully

2023-10-16 14:10:06 - [TEST_STEP][PASSED] - verifyElementPropertyValue(getResponse, "offers[9].groups[0].pricingPlans[0].visualElements[1].key", "display_title"): Verify element property value successfully

2023-10-16 14:10:06 - [MESSAGE][PASSED] - Verify element property value successfully

2023-10-16 14:10:06 - [TEST_STEP][PASSED] - verifyElementPropertyValue(getResponse, "offers[9].groups[0].pricingPlans[0].visualElements[1].value", "40% de réduction"): Verify element property value successfully

2023-10-16 14:10:06 - [MESSAGE][PASSED] - Verify element property value successfully

2023-10-16 14:10:06 - [TEST_STEP][PASSED] - verifyElementPropertyValue(getResponse, "offers[9].groups[0].pricingPlans[0].visualElements[3].key", "deduction_text"): Verify element property value successfully

2023-10-16 14:10:06 - [MESSAGE][PASSED] - Verify element property value successfully

2023-10-16 14:10:06 - [TEST_STEP][PASSED] - verifyElementPropertyValue(getResponse, "offers[9].groups[0].pricingPlans[0].visualElements[3].value", "facturation mensuelle"): Verify element property value successfully

2023-10-16 14:10:06 - [MESSAGE][PASSED] - Verify element property value successfully

2023-10-16 14:10:06 - [TEST_STEP][PASSED] - verifyElementPropertyValue(getResponse, "offers[9].groups[0].pricingPlans[0].visualElements[6].key", "show_payment_logo"): Verify element property value successfully

2023-10-16 14:10:06 - [MESSAGE][PASSED] - Verify element property value successfully

2023-10-16 14:10:06 - [TEST_STEP][PASSED] - verifyElementPropertyValue(getResponse, "offers[9].groups[0].pricingPlans[0].visualElements[6].value", "true"): Verify element property value successfully

2023-10-16 14:10:06 - [MESSAGE][PASSED] - Verify element property value successfully

2023-10-16 14:10:06 - [TEST_STEP][PASSED] - verifyElementPropertyValue(getResponse, "offers[9].groups[0].pricingPlans[0].visualElements[8].key", "price"): Verify element property value successfully

2023-10-16 14:10:06 - [MESSAGE][PASSED] - Verify element property value successfully

2023-10-16 14:10:06 - [TEST_STEP][PASSED] - verifyElementPropertyValue(getResponse, "offers[9].groups[0].pricingPlans[0].visualElements[8].value", "1.99"): Verify element property value successfully

2023-10-16 14:10:06 - [MESSAGE][PASSED] - Verify element property value successfully

2023-10-16 14:10:06 - [TEST_STEP][PASSED] - verifyElementPropertyValue(getResponse, "offers[9].groups[0].pricingPlans[0].visualElements[9].key", "currency"): Verify element property value successfully

2023-10-16 14:10:06 - [MESSAGE][PASSED] - Verify element property value successfully

2023-10-16 14:10:06 - [TEST_STEP][PASSED] - verifyElementPropertyValue(getResponse, "offers[9].groups[0].pricingPlans[0].visualElements[9].value", "KWD"): Verify element property value successfully

2023-10-16 14:10:06 - [MESSAGE][PASSED] - Verify element property value successfully

2023-10-16 14:10:06 - [TEST_STEP][PASSED] - verifyElementPropertyValue(getResponse, "offers[9].groups[0].pricingPlans[0].visualElements[10].key", "duration"): Verify element property value successfully

2023-10-16 14:10:06 - [MESSAGE][PASSED] - Verify element property value successfully

2023-10-16 14:10:06 - [TEST_STEP][PASSED] - verifyElementPropertyValue(getResponse, "offers[9].groups[0].pricingPlans[0].visualElements[10].value", "Mensuel"): Verify element property value successfully

2023-10-16 14:10:06 - [MESSAGE][PASSED] - Verify element property value successfully

2023-10-16 14:10:06 - [TEST_STEP][PASSED] - verifyElementPropertyValue(getResponse, "offers[9].groups[0].pricingPlans[0].visualElements[11].key", "featured_tag_text"): Verify element property value successfully

2023-10-16 14:10:06 - [MESSAGE][PASSED] - Verify element property value successfully

2023-10-16 14:10:06 - [TEST_STEP][PASSED] - verifyElementPropertyValue(getResponse, "offers[9].groups[0].pricingPlans[0].visualElements[11].value", "Offre limitée"): Verify element property value successfully

2023-10-16 14:10:06 - [MESSAGE][PASSED] - Verify element property value successfully

2023-10-16 14:10:06 - [TEST_STEP][PASSED] - verifyElementPropertyValue(getResponse, "offers[9].groups[0].pricingPlans[0].visualElements[13].key", "tag_text"): Verify element property value successfully

2023-10-16 14:10:06 - [MESSAGE][PASSED] - Verify element property value successfully

2023-10-16 14:10:06 - [TEST_STEP][PASSED] - verifyElementPropertyValue(getResponse, "offers[9].groups[0].pricingPlans[0].visualElements[13].value", "Économisez 40% "): Verify element property value successfully

2023-10-16 14:10:06 - [MESSAGE][PASSED] - Verify element property value successfully

2023-10-16 14:10:06 - [TEST_STEP][PASSED] - verifyElementPropertyValue(getResponse, "offers[9].groups[0].pricingPlans[0].visualElements[12].key", "show_tag"): Verify element property value successfully

2023-10-16 14:10:06 - [MESSAGE][PASSED] - Verify element property value successfully

2023-10-16 14:10:06 - [TEST_STEP][PASSED] - verifyElementPropertyValue(getResponse, "offers[9].groups[0].pricingPlans[0].visualElements[12].value", "true"): Verify element property value successfully

2023-10-16 14:10:06 - [MESSAGE][PASSED] - Verify element property value successfully

2023-10-16 14:10:06 - [TEST_STEP][PASSED] - verifyElementPropertyValue(getResponse, "offers[9].groups[0].pricingPlans[0].pricingPlanData[0].productId", "KWT_B2C_SHAHID_VIP_1M"): Verify element property value successfully

2023-10-16 14:10:06 - [MESSAGE][PASSED] - Verify element property value successfully

2023-10-16 14:10:06 - [TEST_STEP][PASSED] - verifyElementPropertyValue(getResponse, "offers[9].groups[0].pricingPlans[0].pricingPlanData[0].paymentMethod", "CREDIT_CARD"): Verify element property value successfully

2023-10-16 14:10:06 - [MESSAGE][PASSED] - Verify element property value successfully

2023-10-16 14:10:06 - [TEST_STEP][PASSED] - verifyElementPropertyValue(getResponse, "offers[9].groups[0].pricingPlans[0].pricingPlanData[0].freeTrialEnabled", "false"): Verify element property value successfully

2023-10-16 14:10:06 - [MESSAGE][PASSED] - Verify element property value successfully

2023-10-16 14:10:06 - [TEST_STEP][PASSED] - verifyElementPropertyValue(getResponse, "offers[9].groups[0].pricingPlans[0].pricingPlanData[0].showIn[0]", "VERTICAL_MODE"): Verify element property value successfully

2023-10-16 14:10:06 - [MESSAGE][PASSED] - Verify element property value successfully

2023-10-16 14:10:06 - [TEST_STEP][PASSED] - verifyElementPropertyValue(getResponse, "offers[9].groups[0].pricingPlans[0].pricingPlanData[0].showIn[1]", "HORIZONTAL_MODE"): Verify element property value successfully

2023-10-16 14:10:06 - [MESSAGE][PASSED] - Verify element property value successfully

2023-10-16 14:10:07 - [TEST_STEP][PASSED] - verifyElementPropertyValue(getResponse, "offers[9].groups[0].pricingPlans[0].pricingPlanData[0].priceLabel", "1.99"): Verify element property value successfully

2023-10-16 14:10:07 - [MESSAGE][PASSED] - Verify element property value successfully

2023-10-16 14:10:07 - [TEST_STEP][PASSED] - verifyElementPropertyValue(getResponse, "offers[9].groups[0].pricingPlans[0].pricingPlanData[0].currencyLabel", "KWD"): Verify element property value successfully

2023-10-16 14:10:07 - [MESSAGE][PASSED] - Verify element property value successfully

2023-10-16 14:10:07 - [TEST_STEP][PASSED] - verifyElementPropertyValue(getResponse, "offers[9].groups[0].pricingPlans[0].pricingPlanData[0].dealId", "BYG_40P_KWT"): Verify element property value successfully

2023-10-16 14:10:07 - [MESSAGE][PASSED] - Verify element property value successfully

2023-10-16 14:10:07 - [TEST_STEP][PASSED] - verifyElementPropertyValue(getResponse, "offers[9].groups[0].pricingPlans[0].pricingPlanData[0].allowedForAcquisition", "true"): Verify element property value successfully

2023-10-16 14:10:07 - [MESSAGE][PASSED] - Verify element property value successfully

2023-10-16 14:10:07 - [TEST_STEP][PASSED] - verifyElementPropertyValue(getResponse, "offers[9].groups[0].pricingPlans[0].pricingPlanData[0].visualElements[0].key", "title"): Verify element property value successfully

2023-10-16 14:10:07 - [MESSAGE][PASSED] - Verify element property value successfully

2023-10-16 14:10:07 - [TEST_STEP][PASSED] - verifyElementPropertyValue(getResponse, "offers[9].groups[0].pricingPlans[0].pricingPlanData[0].visualElements[0].value", "Carte de crédit/débit"): Verify element property value successfully

2023-10-16 14:10:07 - [MESSAGE][PASSED] - Verify element property value successfully

2023-10-16 14:10:07 - [TEST_STEP][PASSED] - verifyElementPropertyValue(getResponse, "offers[9].groups[0].pricingPlans[0].pricingPlanData[0].visualElements[1].key", "CTA_text"): Verify element property value successfully

2023-10-16 14:10:07 - [MESSAGE][PASSED] - Verify element property value successfully

2023-10-16 14:10:07 - [TEST_STEP][PASSED] - verifyElementPropertyValue(getResponse, "offers[9].groups[0].pricingPlans[0].pricingPlanData[0].visualElements[1].value", "S’abonner"): Verify element property value successfully

2023-10-16 14:10:07 - [MESSAGE][PASSED] - Verify element property value successfully

2023-10-16 14:10:07 - [TEST_STEP][PASSED] - verifyElementPropertyValue(getResponse, "offers[9].groups[0].pricingPlans[0].pricingPlanData[0].visualElements[2].key", "logo"): Verify element property value successfully

2023-10-16 14:10:07 - [MESSAGE][PASSED] - Verify element property value successfully

2023-10-16 14:10:07 - [TEST_STEP][PASSED] - verifyElementPropertyValue(getResponse, "offers[9].groups[0].pricingPlans[0].pricingPlanData[0].visualElements[2].value", "https://static.s3.shahid.mbc.net/widget-images/icons/iconCreditCard.png"): Verify element property value successfully

2023-10-16 14:10:07 - [MESSAGE][PASSED] - Verify element property value successfully

2023-10-16 14:10:07 - [TEST_STEP][PASSED] - verifyElementPropertyValue(getResponse, "offers[10].offerId", "byg-50-offer"): Verify element property value successfully

2023-10-16 14:10:07 - [MESSAGE][PASSED] - Verify element property value successfully

2023-10-16 14:10:07 - [TEST_STEP][PASSED] - verifyElementPropertyValue(getResponse, "offers[10].offerParam", "bygoffer50"): Verify element property value successfully

2023-10-16 14:10:07 - [MESSAGE][PASSED] - Verify element property value successfully

2023-10-16 14:10:07 - [TEST_STEP][PASSED] - verifyElementPropertyValue(getResponse, "offers[10].groups[0].pricingPlans[0].featured", "true"): Verify element property value successfully

2023-10-16 14:10:07 - [MESSAGE][PASSED] - Verify element property value successfully

2023-10-16 14:10:07 - [TEST_STEP][PASSED] - verifyElementPropertyValue(getResponse, "offers[10].groups[0].pricingPlans[0].period", "monthly"): Verify element property value successfully

2023-10-16 14:10:07 - [MESSAGE][PASSED] - Verify element property value successfully

2023-10-16 14:10:07 - [TEST_STEP][PASSED] - verifyElementPropertyValue(getResponse, "offers[10].groups[0].pricingPlans[0].featured", "true"): Verify element property value successfully

2023-10-16 14:10:07 - [MESSAGE][PASSED] - Verify element property value successfully

2023-10-16 14:10:07 - [TEST_STEP][PASSED] - verifyElementPropertyValue(getResponse, "offers[10].groups[0].pricingPlans[0].price", "1.69"): Verify element property value successfully

2023-10-16 14:10:07 - [MESSAGE][PASSED] - Verify element property value successfully

2023-10-16 14:10:07 - [TEST_STEP][PASSED] - verifyElementPropertyValue(getResponse, "offers[10].groups[0].pricingPlans[0].currency", "KWD"): Verify element property value successfully

2023-10-16 14:10:07 - [MESSAGE][PASSED] - Verify element property value successfully

2023-10-16 14:10:07 - [TEST_STEP][PASSED] - verifyElementPropertyValue(getResponse, "offers[10].groups[0].pricingPlans[0].order", "0"): Verify element property value successfully

2023-10-16 14:10:07 - [MESSAGE][PASSED] - Verify element property value successfully

2023-10-16 14:10:07 - [TEST_STEP][PASSED] - verifyElementPropertyValue(getResponse, "offers[10].groups[0].pricingPlans[0].packageId", "SHAHID_VIP"): Verify element property value successfully

2023-10-16 14:10:07 - [MESSAGE][PASSED] - Verify element property value successfully

2023-10-16 14:10:07 - [TEST_STEP][PASSED] - verifyElementPropertyValue(getResponse, "offers[10].groups[0].pricingPlans[0].catalogId", "VIP"): Verify element property value successfully

2023-10-16 14:10:07 - [MESSAGE][PASSED] - Verify element property value successfully

2023-10-16 14:10:07 - [TEST_STEP][PASSED] - verifyElementPropertyValue(getResponse, "offers[10].groups[0].pricingPlans[0].visualElements[0].key", "Header_1_text"): Verify element property value successfully

2023-10-16 14:10:07 - [MESSAGE][PASSED] - Verify element property value successfully

2023-10-16 14:10:07 - [TEST_STEP][PASSED] - verifyElementPropertyValue(getResponse, "offers[10].groups[0].pricingPlans[0].visualElements[0].value", "Abonnez-vous dès maintenant et profitez de vos programmes sans publicité"): Verify element property value successfully

2023-10-16 14:10:07 - [MESSAGE][PASSED] - Verify element property value successfully

2023-10-16 14:10:07 - [TEST_STEP][PASSED] - verifyElementPropertyValue(getResponse, "offers[10].groups[0].pricingPlans[0].visualElements[1].key", "display_title"): Verify element property value successfully

2023-10-16 14:10:07 - [MESSAGE][PASSED] - Verify element property value successfully

2023-10-16 14:10:07 - [TEST_STEP][PASSED] - verifyElementPropertyValue(getResponse, "offers[10].groups[0].pricingPlans[0].visualElements[1].value", "50% de réduction"): Verify element property value successfully

2023-10-16 14:10:07 - [MESSAGE][PASSED] - Verify element property value successfully

2023-10-16 14:10:07 - [TEST_STEP][PASSED] - verifyElementPropertyValue(getResponse, "offers[10].groups[0].pricingPlans[0].visualElements[3].key", "deduction_text"): Verify element property value successfully

2023-10-16 14:10:07 - [MESSAGE][PASSED] - Verify element property value successfully

2023-10-16 14:10:07 - [TEST_STEP][PASSED] - verifyElementPropertyValue(getResponse, "offers[10].groups[0].pricingPlans[0].visualElements[3].value", "facturation mensuelle"): Verify element property value successfully

2023-10-16 14:10:07 - [MESSAGE][PASSED] - Verify element property value successfully

2023-10-16 14:10:07 - [TEST_STEP][PASSED] - verifyElementPropertyValue(getResponse, "offers[10].groups[0].pricingPlans[0].visualElements[6].key", "show_payment_logo"): Verify element property value successfully

2023-10-16 14:10:07 - [MESSAGE][PASSED] - Verify element property value successfully

2023-10-16 14:10:07 - [TEST_STEP][PASSED] - verifyElementPropertyValue(getResponse, "offers[10].groups[0].pricingPlans[0].visualElements[6].value", "true"): Verify element property value successfully

2023-10-16 14:10:07 - [MESSAGE][PASSED] - Verify element property value successfully

2023-10-16 14:10:07 - [TEST_STEP][PASSED] - verifyElementPropertyValue(getResponse, "offers[10].groups[0].pricingPlans[0].visualElements[8].key", "price"): Verify element property value successfully

2023-10-16 14:10:07 - [MESSAGE][PASSED] - Verify element property value successfully

2023-10-16 14:10:07 - [TEST_STEP][PASSED] - verifyElementPropertyValue(getResponse, "offers[10].groups[0].pricingPlans[0].visualElements[8].value", "1.69"): Verify element property value successfully

2023-10-16 14:10:07 - [MESSAGE][PASSED] - Verify element property value successfully

2023-10-16 14:10:07 - [TEST_STEP][PASSED] - verifyElementPropertyValue(getResponse, "offers[10].groups[0].pricingPlans[0].visualElements[9].key", "currency"): Verify element property value successfully

2023-10-16 14:10:07 - [MESSAGE][PASSED] - Verify element property value successfully

2023-10-16 14:10:07 - [TEST_STEP][PASSED] - verifyElementPropertyValue(getResponse, "offers[10].groups[0].pricingPlans[0].visualElements[9].value", "KWD"): Verify element property value successfully

2023-10-16 14:10:07 - [MESSAGE][PASSED] - Verify element property value successfully

2023-10-16 14:10:07 - [TEST_STEP][PASSED] - verifyElementPropertyValue(getResponse, "offers[10].groups[0].pricingPlans[0].visualElements[10].key", "duration"): Verify element property value successfully

2023-10-16 14:10:08 - [MESSAGE][PASSED] - Verify element property value successfully

2023-10-16 14:10:08 - [TEST_STEP][PASSED] - verifyElementPropertyValue(getResponse, "offers[10].groups[0].pricingPlans[0].visualElements[10].value", "Mensuel"): Verify element property value successfully

2023-10-16 14:10:08 - [MESSAGE][PASSED] - Verify element property value successfully

2023-10-16 14:10:08 - [TEST_STEP][PASSED] - verifyElementPropertyValue(getResponse, "offers[10].groups[0].pricingPlans[0].visualElements[11].key", "featured_tag_text"): Verify element property value successfully

2023-10-16 14:10:08 - [MESSAGE][PASSED] - Verify element property value successfully

2023-10-16 14:10:08 - [TEST_STEP][PASSED] - verifyElementPropertyValue(getResponse, "offers[10].groups[0].pricingPlans[0].visualElements[11].value", "Offre limitée"): Verify element property value successfully

2023-10-16 14:10:08 - [MESSAGE][PASSED] - Verify element property value successfully

2023-10-16 14:10:08 - [TEST_STEP][PASSED] - verifyElementPropertyValue(getResponse, "offers[10].groups[0].pricingPlans[0].visualElements[13].key", "tag_text"): Verify element property value successfully

2023-10-16 14:10:08 - [MESSAGE][PASSED] - Verify element property value successfully

2023-10-16 14:10:08 - [TEST_STEP][PASSED] - verifyElementPropertyValue(getResponse, "offers[10].groups[0].pricingPlans[0].visualElements[13].value", "Économisez 50% "): Verify element property value successfully

2023-10-16 14:10:08 - [MESSAGE][PASSED] - Verify element property value successfully

2023-10-16 14:10:08 - [TEST_STEP][PASSED] - verifyElementPropertyValue(getResponse, "offers[10].groups[0].pricingPlans[0].visualElements[12].key", "show_tag"): Verify element property value successfully

2023-10-16 14:10:08 - [MESSAGE][PASSED] - Verify element property value successfully

2023-10-16 14:10:08 - [TEST_STEP][PASSED] - verifyElementPropertyValue(getResponse, "offers[10].groups[0].pricingPlans[0].visualElements[12].value", "true"): Verify element property value successfully

2023-10-16 14:10:08 - [MESSAGE][PASSED] - Verify element property value successfully

2023-10-16 14:10:08 - [TEST_STEP][PASSED] - verifyElementPropertyValue(getResponse, "offers[10].groups[0].pricingPlans[0].pricingPlanData[0].productId", "KWT_B2C_SHAHID_VIP_1M"): Verify element property value successfully

2023-10-16 14:10:08 - [MESSAGE][PASSED] - Verify element property value successfully

2023-10-16 14:10:08 - [TEST_STEP][PASSED] - verifyElementPropertyValue(getResponse, "offers[10].groups[0].pricingPlans[0].pricingPlanData[0].paymentMethod", "CREDIT_CARD"): Verify element property value successfully

2023-10-16 14:10:08 - [MESSAGE][PASSED] - Verify element property value successfully

2023-10-16 14:10:08 - [TEST_STEP][PASSED] - verifyElementPropertyValue(getResponse, "offers[10].groups[0].pricingPlans[0].pricingPlanData[0].freeTrialEnabled", "false"): Verify element property value successfully

2023-10-16 14:10:08 - [MESSAGE][PASSED] - Verify element property value successfully

2023-10-16 14:10:08 - [TEST_STEP][PASSED] - verifyElementPropertyValue(getResponse, "offers[10].groups[0].pricingPlans[0].pricingPlanData[0].showIn[0]", "VERTICAL_MODE"): Verify element property value successfully

2023-10-16 14:10:08 - [MESSAGE][PASSED] - Verify element property value successfully

2023-10-16 14:10:08 - [TEST_STEP][PASSED] - verifyElementPropertyValue(getResponse, "offers[10].groups[0].pricingPlans[0].pricingPlanData[0].showIn[1]", "HORIZONTAL_MODE"): Verify element property value successfully

2023-10-16 14:10:08 - [MESSAGE][PASSED] - Verify element property value successfully

2023-10-16 14:10:08 - [TEST_STEP][PASSED] - verifyElementPropertyValue(getResponse, "offers[10].groups[0].pricingPlans[0].pricingPlanData[0].priceLabel", "1.69"): Verify element property value successfully

2023-10-16 14:10:08 - [MESSAGE][PASSED] - Verify element property value successfully

2023-10-16 14:10:08 - [TEST_STEP][PASSED] - verifyElementPropertyValue(getResponse, "offers[10].groups[0].pricingPlans[0].pricingPlanData[0].currencyLabel", "KWD"): Verify element property value successfully

2023-10-16 14:10:08 - [MESSAGE][PASSED] - Verify element property value successfully

2023-10-16 14:10:08 - [TEST_STEP][PASSED] - verifyElementPropertyValue(getResponse, "offers[10].groups[0].pricingPlans[0].pricingPlanData[0].dealId", "BYG_50P_KWT"): Verify element property value successfully

2023-10-16 14:10:08 - [MESSAGE][PASSED] - Verify element property value successfully

2023-10-16 14:10:08 - [TEST_STEP][PASSED] - verifyElementPropertyValue(getResponse, "offers[10].groups[0].pricingPlans[0].pricingPlanData[0].allowedForAcquisition", "true"): Verify element property value successfully

2023-10-16 14:10:08 - [MESSAGE][PASSED] - Verify element property value successfully

2023-10-16 14:10:08 - [TEST_STEP][PASSED] - verifyElementPropertyValue(getResponse, "offers[10].groups[0].pricingPlans[0].pricingPlanData[0].visualElements[0].key", "title"): Verify element property value successfully

2023-10-16 14:10:08 - [MESSAGE][PASSED] - Verify element property value successfully

2023-10-16 14:10:08 - [TEST_STEP][PASSED] - verifyElementPropertyValue(getResponse, "offers[10].groups[0].pricingPlans[0].pricingPlanData[0].visualElements[0].value", "Carte de crédit/débit"): Verify element property value successfully

2023-10-16 14:10:08 - [MESSAGE][PASSED] - Verify element property value successfully

2023-10-16 14:10:08 - [TEST_STEP][PASSED] - verifyElementPropertyValue(getResponse, "offers[10].groups[0].pricingPlans[0].pricingPlanData[0].visualElements[1].key", "CTA_text"): Verify element property value successfully

2023-10-16 14:10:08 - [MESSAGE][PASSED] - Verify element property value successfully

2023-10-16 14:10:08 - [TEST_STEP][PASSED] - verifyElementPropertyValue(getResponse, "offers[10].groups[0].pricingPlans[0].pricingPlanData[0].visualElements[1].value", "S’abonner"): Verify element property value successfully

2023-10-16 14:10:08 - [MESSAGE][PASSED] - Verify element property value successfully

2023-10-16 14:10:08 - [TEST_STEP][PASSED] - verifyElementPropertyValue(getResponse, "offers[10].groups[0].pricingPlans[0].pricingPlanData[0].visualElements[2].key", "logo"): Verify element property value successfully

2023-10-16 14:10:08 - [MESSAGE][PASSED] - Verify element property value successfully

2023-10-16 14:10:08 - [TEST_STEP][PASSED] - verifyElementPropertyValue(getResponse, "offers[10].groups[0].pricingPlans[0].pricingPlanData[0].visualElements[2].value", "https://static.s3.shahid.mbc.net/widget-images/icons/iconCreditCard.png"): Verify element property value successfully

2023-10-16 14:10:08 - [MESSAGE][PASSED] - Verify element property value successfully]]></system-out>
         <system-err><![CDATA[]]></system-err>
      </testcase>
      <testcase name="Test Cases/WEB - CHROME/KWT PI/WEB_FR_getOffersForKWt_SPORT" time="4.041" classname="Test Cases/WEB - CHROME/KWT PI/WEB_FR_getOffersForKWt_SPORT" status="PASSED">
         <system-out><![CDATA[2023-10-16 14:10:08 - [TEST_CASE][PASSED] - Test Cases/WEB - CHROME/KWT PI/WEB_FR_getOffersForKWt_SPORT: Test Cases/WEB - CHROME/KWT PI/WEB_FR_getOffersForKWt_SPORT

2023-10-16 14:10:08 - [TEST_STEP][PASSED] - getResponse = config_files.getConfigFile.getConfig("WEB", "FR", "SHAHID_VIP_SPORT", "KW", "false"): config_files.getConfigFile.getConfig is PASSED

2023-10-16 14:10:09 - [MESSAGE][INFO] - HAR: /Users/admin/git/shahid-configuration/Reports/20231016_140310/WEB/KWT/20231016_140319/requests/main/9.har

2023-10-16 14:10:09 - [MESSAGE][PASSED] - Send request successfully

2023-10-16 14:10:09 - [MESSAGE][PASSED] - config_files.getConfigFile.getConfig is PASSED

2023-10-16 14:10:09 - [TEST_STEP][PASSED] - verifyResponseStatusCode(getResponse, 200): Verify response status code successfully

2023-10-16 14:10:09 - [MESSAGE][PASSED] - Verify response status code successfully

2023-10-16 14:10:09 - [TEST_STEP][PASSED] - verifyElementPropertyValue(getResponse, "country", "KWT"): Verify element property value successfully

2023-10-16 14:10:09 - [MESSAGE][PASSED] - Verify element property value successfully

2023-10-16 14:10:09 - [TEST_STEP][PASSED] - verifyElementPropertyValue(getResponse, "platform", "[WEB]"): Verify element property value successfully

2023-10-16 14:10:09 - [MESSAGE][PASSED] - Verify element property value successfully

2023-10-16 14:10:09 - [TEST_STEP][PASSED] - verifyElementPropertyValue(getResponse, "offers[5].offerId", "winback-sport-30-offer"): Verify element property value successfully

2023-10-16 14:10:09 - [MESSAGE][PASSED] - Verify element property value successfully

2023-10-16 14:10:09 - [TEST_STEP][PASSED] - verifyElementPropertyValue(getResponse, "offers[5].offerParam", "sportsoffer30"): Verify element property value successfully

2023-10-16 14:10:09 - [MESSAGE][PASSED] - Verify element property value successfully

2023-10-16 14:10:09 - [TEST_STEP][PASSED] - verifyElementPropertyValue(getResponse, "offers[5].groups[0].pricingPlans[0].featured", "true"): Verify element property value successfully

2023-10-16 14:10:09 - [MESSAGE][PASSED] - Verify element property value successfully

2023-10-16 14:10:09 - [TEST_STEP][PASSED] - verifyElementPropertyValue(getResponse, "offers[5].groups[0].pricingPlans[0].period", "monthly"): Verify element property value successfully

2023-10-16 14:10:09 - [MESSAGE][PASSED] - Verify element property value successfully

2023-10-16 14:10:09 - [TEST_STEP][PASSED] - verifyElementPropertyValue(getResponse, "offers[5].groups[0].pricingPlans[0].featured", "true"): Verify element property value successfully

2023-10-16 14:10:09 - [MESSAGE][PASSED] - Verify element property value successfully

2023-10-16 14:10:09 - [TEST_STEP][PASSED] - verifyElementPropertyValue(getResponse, "offers[5].groups[0].pricingPlans[0].price", "3.99"): Verify element property value successfully

2023-10-16 14:10:09 - [MESSAGE][PASSED] - Verify element property value successfully

2023-10-16 14:10:09 - [TEST_STEP][PASSED] - verifyElementPropertyValue(getResponse, "offers[5].groups[0].pricingPlans[0].currency", "KWD"): Verify element property value successfully

2023-10-16 14:10:09 - [MESSAGE][PASSED] - Verify element property value successfully

2023-10-16 14:10:09 - [TEST_STEP][PASSED] - verifyElementPropertyValue(getResponse, "offers[5].groups[0].pricingPlans[0].order", "0"): Verify element property value successfully

2023-10-16 14:10:09 - [MESSAGE][PASSED] - Verify element property value successfully

2023-10-16 14:10:09 - [TEST_STEP][PASSED] - verifyElementPropertyValue(getResponse, "offers[5].groups[0].pricingPlans[0].packageId", "SHAHID_VIP_SPORT"): Verify element property value successfully

2023-10-16 14:10:09 - [MESSAGE][PASSED] - Verify element property value successfully

2023-10-16 14:10:09 - [TEST_STEP][PASSED] - verifyElementPropertyValue(getResponse, "offers[5].groups[0].pricingPlans[0].catalogId", "SPORT"): Verify element property value successfully

2023-10-16 14:10:09 - [MESSAGE][PASSED] - Verify element property value successfully

2023-10-16 14:10:09 - [TEST_STEP][PASSED] - verifyElementPropertyValue(getResponse, "offers[5].groups[0].pricingPlans[0].visualElements[0].key", "Header_1_text"): Verify element property value successfully

2023-10-16 14:10:09 - [MESSAGE][PASSED] - Verify element property value successfully

2023-10-16 14:10:09 - [TEST_STEP][PASSED] - verifyElementPropertyValue(getResponse, "offers[5].groups[0].pricingPlans[0].visualElements[0].value", "Abonnez-vous dès maintenant et profitez de vos programmes sans publicité"): Verify element property value successfully

2023-10-16 14:10:09 - [MESSAGE][PASSED] - Verify element property value successfully

2023-10-16 14:10:09 - [TEST_STEP][PASSED] - verifyElementPropertyValue(getResponse, "offers[5].groups[0].pricingPlans[0].visualElements[1].key", "display_title"): Verify element property value successfully

2023-10-16 14:10:09 - [MESSAGE][PASSED] - Verify element property value successfully

2023-10-16 14:10:09 - [TEST_STEP][PASSED] - verifyElementPropertyValue(getResponse, "offers[5].groups[0].pricingPlans[0].visualElements[1].value", "30% de réduction"): Verify element property value successfully

2023-10-16 14:10:09 - [MESSAGE][PASSED] - Verify element property value successfully

2023-10-16 14:10:09 - [TEST_STEP][PASSED] - verifyElementPropertyValue(getResponse, "offers[5].groups[0].pricingPlans[0].visualElements[3].key", "deduction_text"): Verify element property value successfully

2023-10-16 14:10:09 - [MESSAGE][PASSED] - Verify element property value successfully

2023-10-16 14:10:09 - [TEST_STEP][PASSED] - verifyElementPropertyValue(getResponse, "offers[5].groups[0].pricingPlans[0].visualElements[3].value", "facturation mensuelle"): Verify element property value successfully

2023-10-16 14:10:09 - [MESSAGE][PASSED] - Verify element property value successfully

2023-10-16 14:10:09 - [TEST_STEP][PASSED] - verifyElementPropertyValue(getResponse, "offers[5].groups[0].pricingPlans[0].visualElements[6].key", "show_payment_logo"): Verify element property value successfully

2023-10-16 14:10:09 - [MESSAGE][PASSED] - Verify element property value successfully

2023-10-16 14:10:09 - [TEST_STEP][PASSED] - verifyElementPropertyValue(getResponse, "offers[5].groups[0].pricingPlans[0].visualElements[6].value", "true"): Verify element property value successfully

2023-10-16 14:10:09 - [MESSAGE][PASSED] - Verify element property value successfully

2023-10-16 14:10:09 - [TEST_STEP][PASSED] - verifyElementPropertyValue(getResponse, "offers[5].groups[0].pricingPlans[0].visualElements[8].key", "price"): Verify element property value successfully

2023-10-16 14:10:09 - [MESSAGE][PASSED] - Verify element property value successfully

2023-10-16 14:10:09 - [TEST_STEP][PASSED] - verifyElementPropertyValue(getResponse, "offers[5].groups[0].pricingPlans[0].visualElements[8].value", "3.99"): Verify element property value successfully

2023-10-16 14:10:09 - [MESSAGE][PASSED] - Verify element property value successfully

2023-10-16 14:10:09 - [TEST_STEP][PASSED] - verifyElementPropertyValue(getResponse, "offers[5].groups[0].pricingPlans[0].visualElements[9].key", "currency"): Verify element property value successfully

2023-10-16 14:10:09 - [MESSAGE][PASSED] - Verify element property value successfully

2023-10-16 14:10:09 - [TEST_STEP][PASSED] - verifyElementPropertyValue(getResponse, "offers[5].groups[0].pricingPlans[0].visualElements[9].value", "KWD"): Verify element property value successfully

2023-10-16 14:10:09 - [MESSAGE][PASSED] - Verify element property value successfully

2023-10-16 14:10:09 - [TEST_STEP][PASSED] - verifyElementPropertyValue(getResponse, "offers[5].groups[0].pricingPlans[0].visualElements[10].key", "duration"): Verify element property value successfully

2023-10-16 14:10:09 - [MESSAGE][PASSED] - Verify element property value successfully

2023-10-16 14:10:09 - [TEST_STEP][PASSED] - verifyElementPropertyValue(getResponse, "offers[5].groups[0].pricingPlans[0].visualElements[10].value", "Mensuel"): Verify element property value successfully

2023-10-16 14:10:09 - [MESSAGE][PASSED] - Verify element property value successfully

2023-10-16 14:10:09 - [TEST_STEP][PASSED] - verifyElementPropertyValue(getResponse, "offers[5].groups[0].pricingPlans[0].visualElements[11].key", "featured_tag_text"): Verify element property value successfully

2023-10-16 14:10:09 - [MESSAGE][PASSED] - Verify element property value successfully

2023-10-16 14:10:09 - [TEST_STEP][PASSED] - verifyElementPropertyValue(getResponse, "offers[5].groups[0].pricingPlans[0].visualElements[11].value", "Offre limitée"): Verify element property value successfully

2023-10-16 14:10:09 - [MESSAGE][PASSED] - Verify element property value successfully

2023-10-16 14:10:09 - [TEST_STEP][PASSED] - verifyElementPropertyValue(getResponse, "offers[5].groups[0].pricingPlans[0].visualElements[13].key", "tag_text"): Verify element property value successfully

2023-10-16 14:10:09 - [MESSAGE][PASSED] - Verify element property value successfully

2023-10-16 14:10:09 - [TEST_STEP][PASSED] - verifyElementPropertyValue(getResponse, "offers[5].groups[0].pricingPlans[0].visualElements[13].value", "Économisez 30% "): Verify element property value successfully

2023-10-16 14:10:09 - [MESSAGE][PASSED] - Verify element property value successfully

2023-10-16 14:10:09 - [TEST_STEP][PASSED] - verifyElementPropertyValue(getResponse, "offers[5].groups[0].pricingPlans[0].visualElements[12].key", "show_tag"): Verify element property value successfully

2023-10-16 14:10:09 - [MESSAGE][PASSED] - Verify element property value successfully

2023-10-16 14:10:09 - [TEST_STEP][PASSED] - verifyElementPropertyValue(getResponse, "offers[5].groups[0].pricingPlans[0].visualElements[12].value", "true"): Verify element property value successfully

2023-10-16 14:10:09 - [MESSAGE][PASSED] - Verify element property value successfully

2023-10-16 14:10:09 - [TEST_STEP][PASSED] - verifyElementPropertyValue(getResponse, "offers[5].groups[0].pricingPlans[0].pricingPlanData[0].productId", "KWT_B2C_SHAHID_VIP_SPORT_1M"): Verify element property value successfully

2023-10-16 14:10:09 - [MESSAGE][PASSED] - Verify element property value successfully

2023-10-16 14:10:09 - [TEST_STEP][PASSED] - verifyElementPropertyValue(getResponse, "offers[5].groups[0].pricingPlans[0].pricingPlanData[0].paymentMethod", "CREDIT_CARD"): Verify element property value successfully

2023-10-16 14:10:09 - [MESSAGE][PASSED] - Verify element property value successfully

2023-10-16 14:10:09 - [TEST_STEP][PASSED] - verifyElementPropertyValue(getResponse, "offers[5].groups[0].pricingPlans[0].pricingPlanData[0].freeTrialEnabled", "false"): Verify element property value successfully

2023-10-16 14:10:09 - [MESSAGE][PASSED] - Verify element property value successfully

2023-10-16 14:10:09 - [TEST_STEP][PASSED] - verifyElementPropertyValue(getResponse, "offers[5].groups[0].pricingPlans[0].pricingPlanData[0].showIn[0]", "VERTICAL_MODE"): Verify element property value successfully

2023-10-16 14:10:09 - [MESSAGE][PASSED] - Verify element property value successfully

2023-10-16 14:10:09 - [TEST_STEP][PASSED] - verifyElementPropertyValue(getResponse, "offers[5].groups[0].pricingPlans[0].pricingPlanData[0].showIn[1]", "HORIZONTAL_MODE"): Verify element property value successfully

2023-10-16 14:10:09 - [MESSAGE][PASSED] - Verify element property value successfully

2023-10-16 14:10:09 - [TEST_STEP][PASSED] - verifyElementPropertyValue(getResponse, "offers[5].groups[0].pricingPlans[0].pricingPlanData[0].priceLabel", "3.99"): Verify element property value successfully

2023-10-16 14:10:09 - [MESSAGE][PASSED] - Verify element property value successfully

2023-10-16 14:10:09 - [TEST_STEP][PASSED] - verifyElementPropertyValue(getResponse, "offers[5].groups[0].pricingPlans[0].pricingPlanData[0].currencyLabel", "KWD"): Verify element property value successfully

2023-10-16 14:10:09 - [MESSAGE][PASSED] - Verify element property value successfully

2023-10-16 14:10:09 - [TEST_STEP][PASSED] - verifyElementPropertyValue(getResponse, "offers[5].groups[0].pricingPlans[0].pricingPlanData[0].dealId", "WB_SPORT_30P_KWT"): Verify element property value successfully

2023-10-16 14:10:09 - [MESSAGE][PASSED] - Verify element property value successfully

2023-10-16 14:10:09 - [TEST_STEP][PASSED] - verifyElementPropertyValue(getResponse, "offers[5].groups[0].pricingPlans[0].pricingPlanData[0].allowedForAcquisition", "true"): Verify element property value successfully

2023-10-16 14:10:09 - [MESSAGE][PASSED] - Verify element property value successfully

2023-10-16 14:10:09 - [TEST_STEP][PASSED] - verifyElementPropertyValue(getResponse, "offers[5].groups[0].pricingPlans[0].pricingPlanData[0].visualElements[0].key", "title"): Verify element property value successfully

2023-10-16 14:10:09 - [MESSAGE][PASSED] - Verify element property value successfully

2023-10-16 14:10:09 - [TEST_STEP][PASSED] - verifyElementPropertyValue(getResponse, "offers[5].groups[0].pricingPlans[0].pricingPlanData[0].visualElements[0].value", "Carte de crédit/débit"): Verify element property value successfully

2023-10-16 14:10:09 - [MESSAGE][PASSED] - Verify element property value successfully

2023-10-16 14:10:09 - [TEST_STEP][PASSED] - verifyElementPropertyValue(getResponse, "offers[5].groups[0].pricingPlans[0].pricingPlanData[0].visualElements[1].key", "CTA_text"): Verify element property value successfully

2023-10-16 14:10:09 - [MESSAGE][PASSED] - Verify element property value successfully

2023-10-16 14:10:09 - [TEST_STEP][PASSED] - verifyElementPropertyValue(getResponse, "offers[5].groups[0].pricingPlans[0].pricingPlanData[0].visualElements[1].value", "S’abonner"): Verify element property value successfully

2023-10-16 14:10:09 - [MESSAGE][PASSED] - Verify element property value successfully

2023-10-16 14:10:09 - [TEST_STEP][PASSED] - verifyElementPropertyValue(getResponse, "offers[5].groups[0].pricingPlans[0].pricingPlanData[0].visualElements[2].key", "logo"): Verify element property value successfully

2023-10-16 14:10:09 - [MESSAGE][PASSED] - Verify element property value successfully

2023-10-16 14:10:09 - [TEST_STEP][PASSED] - verifyElementPropertyValue(getResponse, "offers[5].groups[0].pricingPlans[0].pricingPlanData[0].visualElements[2].value", "https://static.s3.shahid.mbc.net/widget-images/icons/iconCreditCard.png"): Verify element property value successfully

2023-10-16 14:10:09 - [MESSAGE][PASSED] - Verify element property value successfully

2023-10-16 14:10:09 - [TEST_STEP][PASSED] - verifyElementPropertyValue(getResponse, "offers[6].offerId", "winback-sport-40-offer"): Verify element property value successfully

2023-10-16 14:10:09 - [MESSAGE][PASSED] - Verify element property value successfully

2023-10-16 14:10:09 - [TEST_STEP][PASSED] - verifyElementPropertyValue(getResponse, "offers[6].offerParam", "sportsoffer40"): Verify element property value successfully

2023-10-16 14:10:09 - [MESSAGE][PASSED] - Verify element property value successfully

2023-10-16 14:10:09 - [TEST_STEP][PASSED] - verifyElementPropertyValue(getResponse, "offers[6].groups[0].pricingPlans[0].featured", "true"): Verify element property value successfully

2023-10-16 14:10:09 - [MESSAGE][PASSED] - Verify element property value successfully

2023-10-16 14:10:09 - [TEST_STEP][PASSED] - verifyElementPropertyValue(getResponse, "offers[6].groups[0].pricingPlans[0].period", "monthly"): Verify element property value successfully

2023-10-16 14:10:09 - [MESSAGE][PASSED] - Verify element property value successfully

2023-10-16 14:10:09 - [TEST_STEP][PASSED] - verifyElementPropertyValue(getResponse, "offers[6].groups[0].pricingPlans[0].featured", "true"): Verify element property value successfully

2023-10-16 14:10:09 - [MESSAGE][PASSED] - Verify element property value successfully

2023-10-16 14:10:09 - [TEST_STEP][PASSED] - verifyElementPropertyValue(getResponse, "offers[6].groups[0].pricingPlans[0].price", "3.49"): Verify element property value successfully

2023-10-16 14:10:09 - [MESSAGE][PASSED] - Verify element property value successfully

2023-10-16 14:10:09 - [TEST_STEP][PASSED] - verifyElementPropertyValue(getResponse, "offers[6].groups[0].pricingPlans[0].currency", "KWD"): Verify element property value successfully

2023-10-16 14:10:09 - [MESSAGE][PASSED] - Verify element property value successfully

2023-10-16 14:10:09 - [TEST_STEP][PASSED] - verifyElementPropertyValue(getResponse, "offers[6].groups[0].pricingPlans[0].order", "0"): Verify element property value successfully

2023-10-16 14:10:09 - [MESSAGE][PASSED] - Verify element property value successfully

2023-10-16 14:10:09 - [TEST_STEP][PASSED] - verifyElementPropertyValue(getResponse, "offers[6].groups[0].pricingPlans[0].packageId", "SHAHID_VIP_SPORT"): Verify element property value successfully

2023-10-16 14:10:09 - [MESSAGE][PASSED] - Verify element property value successfully

2023-10-16 14:10:09 - [TEST_STEP][PASSED] - verifyElementPropertyValue(getResponse, "offers[6].groups[0].pricingPlans[0].catalogId", "SPORT"): Verify element property value successfully

2023-10-16 14:10:09 - [MESSAGE][PASSED] - Verify element property value successfully

2023-10-16 14:10:09 - [TEST_STEP][PASSED] - verifyElementPropertyValue(getResponse, "offers[6].groups[0].pricingPlans[0].visualElements[0].key", "Header_1_text"): Verify element property value successfully

2023-10-16 14:10:09 - [MESSAGE][PASSED] - Verify element property value successfully

2023-10-16 14:10:09 - [TEST_STEP][PASSED] - verifyElementPropertyValue(getResponse, "offers[6].groups[0].pricingPlans[0].visualElements[0].value", "Abonnez-vous dès maintenant et profitez de vos programmes sans publicité"): Verify element property value successfully

2023-10-16 14:10:09 - [MESSAGE][PASSED] - Verify element property value successfully

2023-10-16 14:10:09 - [TEST_STEP][PASSED] - verifyElementPropertyValue(getResponse, "offers[6].groups[0].pricingPlans[0].visualElements[1].key", "display_title"): Verify element property value successfully

2023-10-16 14:10:09 - [MESSAGE][PASSED] - Verify element property value successfully

2023-10-16 14:10:09 - [TEST_STEP][PASSED] - verifyElementPropertyValue(getResponse, "offers[6].groups[0].pricingPlans[0].visualElements[1].value", "40% de réduction"): Verify element property value successfully

2023-10-16 14:10:09 - [MESSAGE][PASSED] - Verify element property value successfully

2023-10-16 14:10:09 - [TEST_STEP][PASSED] - verifyElementPropertyValue(getResponse, "offers[6].groups[0].pricingPlans[0].visualElements[3].key", "deduction_text"): Verify element property value successfully

2023-10-16 14:10:09 - [MESSAGE][PASSED] - Verify element property value successfully

2023-10-16 14:10:09 - [TEST_STEP][PASSED] - verifyElementPropertyValue(getResponse, "offers[6].groups[0].pricingPlans[0].visualElements[3].value", "facturation mensuelle"): Verify element property value successfully

2023-10-16 14:10:09 - [MESSAGE][PASSED] - Verify element property value successfully

2023-10-16 14:10:09 - [TEST_STEP][PASSED] - verifyElementPropertyValue(getResponse, "offers[6].groups[0].pricingPlans[0].visualElements[6].key", "show_payment_logo"): Verify element property value successfully

2023-10-16 14:10:09 - [MESSAGE][PASSED] - Verify element property value successfully

2023-10-16 14:10:09 - [TEST_STEP][PASSED] - verifyElementPropertyValue(getResponse, "offers[6].groups[0].pricingPlans[0].visualElements[6].value", "true"): Verify element property value successfully

2023-10-16 14:10:09 - [MESSAGE][PASSED] - Verify element property value successfully

2023-10-16 14:10:09 - [TEST_STEP][PASSED] - verifyElementPropertyValue(getResponse, "offers[6].groups[0].pricingPlans[0].visualElements[8].key", "price"): Verify element property value successfully

2023-10-16 14:10:09 - [MESSAGE][PASSED] - Verify element property value successfully

2023-10-16 14:10:09 - [TEST_STEP][PASSED] - verifyElementPropertyValue(getResponse, "offers[6].groups[0].pricingPlans[0].visualElements[8].value", "3.49"): Verify element property value successfully

2023-10-16 14:10:09 - [MESSAGE][PASSED] - Verify element property value successfully

2023-10-16 14:10:09 - [TEST_STEP][PASSED] - verifyElementPropertyValue(getResponse, "offers[6].groups[0].pricingPlans[0].visualElements[9].key", "currency"): Verify element property value successfully

2023-10-16 14:10:09 - [MESSAGE][PASSED] - Verify element property value successfully

2023-10-16 14:10:09 - [TEST_STEP][PASSED] - verifyElementPropertyValue(getResponse, "offers[6].groups[0].pricingPlans[0].visualElements[9].value", "KWD"): Verify element property value successfully

2023-10-16 14:10:09 - [MESSAGE][PASSED] - Verify element property value successfully

2023-10-16 14:10:09 - [TEST_STEP][PASSED] - verifyElementPropertyValue(getResponse, "offers[6].groups[0].pricingPlans[0].visualElements[10].key", "duration"): Verify element property value successfully

2023-10-16 14:10:09 - [MESSAGE][PASSED] - Verify element property value successfully

2023-10-16 14:10:09 - [TEST_STEP][PASSED] - verifyElementPropertyValue(getResponse, "offers[6].groups[0].pricingPlans[0].visualElements[10].value", "Mensuel"): Verify element property value successfully

2023-10-16 14:10:09 - [MESSAGE][PASSED] - Verify element property value successfully

2023-10-16 14:10:09 - [TEST_STEP][PASSED] - verifyElementPropertyValue(getResponse, "offers[6].groups[0].pricingPlans[0].visualElements[11].key", "featured_tag_text"): Verify element property value successfully

2023-10-16 14:10:09 - [MESSAGE][PASSED] - Verify element property value successfully

2023-10-16 14:10:09 - [TEST_STEP][PASSED] - verifyElementPropertyValue(getResponse, "offers[6].groups[0].pricingPlans[0].visualElements[11].value", "Offre limitée"): Verify element property value successfully

2023-10-16 14:10:09 - [MESSAGE][PASSED] - Verify element property value successfully

2023-10-16 14:10:09 - [TEST_STEP][PASSED] - verifyElementPropertyValue(getResponse, "offers[6].groups[0].pricingPlans[0].visualElements[13].key", "tag_text"): Verify element property value successfully

2023-10-16 14:10:09 - [MESSAGE][PASSED] - Verify element property value successfully

2023-10-16 14:10:09 - [TEST_STEP][PASSED] - verifyElementPropertyValue(getResponse, "offers[6].groups[0].pricingPlans[0].visualElements[13].value", "Économisez 40% "): Verify element property value successfully

2023-10-16 14:10:09 - [MESSAGE][PASSED] - Verify element property value successfully

2023-10-16 14:10:09 - [TEST_STEP][PASSED] - verifyElementPropertyValue(getResponse, "offers[6].groups[0].pricingPlans[0].visualElements[12].key", "show_tag"): Verify element property value successfully

2023-10-16 14:10:09 - [MESSAGE][PASSED] - Verify element property value successfully

2023-10-16 14:10:09 - [TEST_STEP][PASSED] - verifyElementPropertyValue(getResponse, "offers[6].groups[0].pricingPlans[0].visualElements[12].value", "true"): Verify element property value successfully

2023-10-16 14:10:09 - [MESSAGE][PASSED] - Verify element property value successfully

2023-10-16 14:10:09 - [TEST_STEP][PASSED] - verifyElementPropertyValue(getResponse, "offers[6].groups[0].pricingPlans[0].pricingPlanData[0].productId", "KWT_B2C_SHAHID_VIP_SPORT_1M"): Verify element property value successfully

2023-10-16 14:10:09 - [MESSAGE][PASSED] - Verify element property value successfully

2023-10-16 14:10:09 - [TEST_STEP][PASSED] - verifyElementPropertyValue(getResponse, "offers[6].groups[0].pricingPlans[0].pricingPlanData[0].paymentMethod", "CREDIT_CARD"): Verify element property value successfully

2023-10-16 14:10:09 - [MESSAGE][PASSED] - Verify element property value successfully

2023-10-16 14:10:09 - [TEST_STEP][PASSED] - verifyElementPropertyValue(getResponse, "offers[6].groups[0].pricingPlans[0].pricingPlanData[0].freeTrialEnabled", "false"): Verify element property value successfully

2023-10-16 14:10:09 - [MESSAGE][PASSED] - Verify element property value successfully

2023-10-16 14:10:09 - [TEST_STEP][PASSED] - verifyElementPropertyValue(getResponse, "offers[6].groups[0].pricingPlans[0].pricingPlanData[0].showIn[0]", "VERTICAL_MODE"): Verify element property value successfully

2023-10-16 14:10:09 - [MESSAGE][PASSED] - Verify element property value successfully

2023-10-16 14:10:09 - [TEST_STEP][PASSED] - verifyElementPropertyValue(getResponse, "offers[6].groups[0].pricingPlans[0].pricingPlanData[0].showIn[1]", "HORIZONTAL_MODE"): Verify element property value successfully

2023-10-16 14:10:09 - [MESSAGE][PASSED] - Verify element property value successfully

2023-10-16 14:10:09 - [TEST_STEP][PASSED] - verifyElementPropertyValue(getResponse, "offers[6].groups[0].pricingPlans[0].pricingPlanData[0].priceLabel", "3.49"): Verify element property value successfully

2023-10-16 14:10:09 - [MESSAGE][PASSED] - Verify element property value successfully

2023-10-16 14:10:09 - [TEST_STEP][PASSED] - verifyElementPropertyValue(getResponse, "offers[6].groups[0].pricingPlans[0].pricingPlanData[0].currencyLabel", "KWD"): Verify element property value successfully

2023-10-16 14:10:09 - [MESSAGE][PASSED] - Verify element property value successfully

2023-10-16 14:10:09 - [TEST_STEP][PASSED] - verifyElementPropertyValue(getResponse, "offers[6].groups[0].pricingPlans[0].pricingPlanData[0].dealId", "WB_SPORT_40P_KWT"): Verify element property value successfully

2023-10-16 14:10:09 - [MESSAGE][PASSED] - Verify element property value successfully

2023-10-16 14:10:09 - [TEST_STEP][PASSED] - verifyElementPropertyValue(getResponse, "offers[6].groups[0].pricingPlans[0].pricingPlanData[0].allowedForAcquisition", "true"): Verify element property value successfully

2023-10-16 14:10:09 - [MESSAGE][PASSED] - Verify element property value successfully

2023-10-16 14:10:09 - [TEST_STEP][PASSED] - verifyElementPropertyValue(getResponse, "offers[6].groups[0].pricingPlans[0].pricingPlanData[0].visualElements[0].key", "title"): Verify element property value successfully

2023-10-16 14:10:09 - [MESSAGE][PASSED] - Verify element property value successfully

2023-10-16 14:10:09 - [TEST_STEP][PASSED] - verifyElementPropertyValue(getResponse, "offers[6].groups[0].pricingPlans[0].pricingPlanData[0].visualElements[0].value", "Carte de crédit/débit"): Verify element property value successfully

2023-10-16 14:10:09 - [MESSAGE][PASSED] - Verify element property value successfully

2023-10-16 14:10:09 - [TEST_STEP][PASSED] - verifyElementPropertyValue(getResponse, "offers[6].groups[0].pricingPlans[0].pricingPlanData[0].visualElements[1].key", "CTA_text"): Verify element property value successfully

2023-10-16 14:10:09 - [MESSAGE][PASSED] - Verify element property value successfully

2023-10-16 14:10:09 - [TEST_STEP][PASSED] - verifyElementPropertyValue(getResponse, "offers[6].groups[0].pricingPlans[0].pricingPlanData[0].visualElements[1].value", "S’abonner"): Verify element property value successfully

2023-10-16 14:10:09 - [MESSAGE][PASSED] - Verify element property value successfully

2023-10-16 14:10:09 - [TEST_STEP][PASSED] - verifyElementPropertyValue(getResponse, "offers[6].groups[0].pricingPlans[0].pricingPlanData[0].visualElements[2].key", "logo"): Verify element property value successfully

2023-10-16 14:10:09 - [MESSAGE][PASSED] - Verify element property value successfully

2023-10-16 14:10:09 - [TEST_STEP][PASSED] - verifyElementPropertyValue(getResponse, "offers[6].groups[0].pricingPlans[0].pricingPlanData[0].visualElements[2].value", "https://static.s3.shahid.mbc.net/widget-images/icons/iconCreditCard.png"): Verify element property value successfully

2023-10-16 14:10:09 - [MESSAGE][PASSED] - Verify element property value successfully

2023-10-16 14:10:09 - [TEST_STEP][PASSED] - verifyElementPropertyValue(getResponse, "offers[7].offerId", "winback-sport-50-offer"): Verify element property value successfully

2023-10-16 14:10:09 - [MESSAGE][PASSED] - Verify element property value successfully

2023-10-16 14:10:09 - [TEST_STEP][PASSED] - verifyElementPropertyValue(getResponse, "offers[7].offerParam", "sportsoffer50"): Verify element property value successfully

2023-10-16 14:10:09 - [MESSAGE][PASSED] - Verify element property value successfully

2023-10-16 14:10:09 - [TEST_STEP][PASSED] - verifyElementPropertyValue(getResponse, "offers[7].groups[0].pricingPlans[0].featured", "true"): Verify element property value successfully

2023-10-16 14:10:09 - [MESSAGE][PASSED] - Verify element property value successfully

2023-10-16 14:10:09 - [TEST_STEP][PASSED] - verifyElementPropertyValue(getResponse, "offers[7].groups[0].pricingPlans[0].period", "monthly"): Verify element property value successfully

2023-10-16 14:10:09 - [MESSAGE][PASSED] - Verify element property value successfully

2023-10-16 14:10:09 - [TEST_STEP][PASSED] - verifyElementPropertyValue(getResponse, "offers[7].groups[0].pricingPlans[0].featured", "true"): Verify element property value successfully

2023-10-16 14:10:09 - [MESSAGE][PASSED] - Verify element property value successfully

2023-10-16 14:10:09 - [TEST_STEP][PASSED] - verifyElementPropertyValue(getResponse, "offers[7].groups[0].pricingPlans[0].price", "2.89"): Verify element property value successfully

2023-10-16 14:10:09 - [MESSAGE][PASSED] - Verify element property value successfully

2023-10-16 14:10:09 - [TEST_STEP][PASSED] - verifyElementPropertyValue(getResponse, "offers[7].groups[0].pricingPlans[0].currency", "KWD"): Verify element property value successfully

2023-10-16 14:10:09 - [MESSAGE][PASSED] - Verify element property value successfully

2023-10-16 14:10:09 - [TEST_STEP][PASSED] - verifyElementPropertyValue(getResponse, "offers[7].groups[0].pricingPlans[0].order", "0"): Verify element property value successfully

2023-10-16 14:10:09 - [MESSAGE][PASSED] - Verify element property value successfully

2023-10-16 14:10:09 - [TEST_STEP][PASSED] - verifyElementPropertyValue(getResponse, "offers[7].groups[0].pricingPlans[0].packageId", "SHAHID_VIP_SPORT"): Verify element property value successfully

2023-10-16 14:10:09 - [MESSAGE][PASSED] - Verify element property value successfully

2023-10-16 14:10:09 - [TEST_STEP][PASSED] - verifyElementPropertyValue(getResponse, "offers[7].groups[0].pricingPlans[0].catalogId", "SPORT"): Verify element property value successfully

2023-10-16 14:10:09 - [MESSAGE][PASSED] - Verify element property value successfully

2023-10-16 14:10:09 - [TEST_STEP][PASSED] - verifyElementPropertyValue(getResponse, "offers[7].groups[0].pricingPlans[0].visualElements[0].key", "Header_1_text"): Verify element property value successfully

2023-10-16 14:10:09 - [MESSAGE][PASSED] - Verify element property value successfully

2023-10-16 14:10:09 - [TEST_STEP][PASSED] - verifyElementPropertyValue(getResponse, "offers[7].groups[0].pricingPlans[0].visualElements[0].value", "Abonnez-vous dès maintenant et profitez de vos programmes sans publicité"): Verify element property value successfully

2023-10-16 14:10:09 - [MESSAGE][PASSED] - Verify element property value successfully

2023-10-16 14:10:09 - [TEST_STEP][PASSED] - verifyElementPropertyValue(getResponse, "offers[7].groups[0].pricingPlans[0].visualElements[1].key", "display_title"): Verify element property value successfully

2023-10-16 14:10:09 - [MESSAGE][PASSED] - Verify element property value successfully

2023-10-16 14:10:09 - [TEST_STEP][PASSED] - verifyElementPropertyValue(getResponse, "offers[7].groups[0].pricingPlans[0].visualElements[1].value", "50% de réduction"): Verify element property value successfully

2023-10-16 14:10:09 - [MESSAGE][PASSED] - Verify element property value successfully

2023-10-16 14:10:09 - [TEST_STEP][PASSED] - verifyElementPropertyValue(getResponse, "offers[7].groups[0].pricingPlans[0].visualElements[3].key", "deduction_text"): Verify element property value successfully

2023-10-16 14:10:09 - [MESSAGE][PASSED] - Verify element property value successfully

2023-10-16 14:10:09 - [TEST_STEP][PASSED] - verifyElementPropertyValue(getResponse, "offers[7].groups[0].pricingPlans[0].visualElements[3].value", "facturation mensuelle"): Verify element property value successfully

2023-10-16 14:10:09 - [MESSAGE][PASSED] - Verify element property value successfully

2023-10-16 14:10:09 - [TEST_STEP][PASSED] - verifyElementPropertyValue(getResponse, "offers[7].groups[0].pricingPlans[0].visualElements[6].key", "show_payment_logo"): Verify element property value successfully

2023-10-16 14:10:09 - [MESSAGE][PASSED] - Verify element property value successfully

2023-10-16 14:10:09 - [TEST_STEP][PASSED] - verifyElementPropertyValue(getResponse, "offers[7].groups[0].pricingPlans[0].visualElements[6].value", "true"): Verify element property value successfully

2023-10-16 14:10:09 - [MESSAGE][PASSED] - Verify element property value successfully

2023-10-16 14:10:09 - [TEST_STEP][PASSED] - verifyElementPropertyValue(getResponse, "offers[7].groups[0].pricingPlans[0].visualElements[8].key", "price"): Verify element property value successfully

2023-10-16 14:10:09 - [MESSAGE][PASSED] - Verify element property value successfully

2023-10-16 14:10:09 - [TEST_STEP][PASSED] - verifyElementPropertyValue(getResponse, "offers[7].groups[0].pricingPlans[0].visualElements[8].value", "2.89"): Verify element property value successfully

2023-10-16 14:10:09 - [MESSAGE][PASSED] - Verify element property value successfully

2023-10-16 14:10:09 - [TEST_STEP][PASSED] - verifyElementPropertyValue(getResponse, "offers[7].groups[0].pricingPlans[0].visualElements[9].key", "currency"): Verify element property value successfully

2023-10-16 14:10:09 - [MESSAGE][PASSED] - Verify element property value successfully

2023-10-16 14:10:09 - [TEST_STEP][PASSED] - verifyElementPropertyValue(getResponse, "offers[7].groups[0].pricingPlans[0].visualElements[9].value", "KWD"): Verify element property value successfully

2023-10-16 14:10:09 - [MESSAGE][PASSED] - Verify element property value successfully

2023-10-16 14:10:09 - [TEST_STEP][PASSED] - verifyElementPropertyValue(getResponse, "offers[7].groups[0].pricingPlans[0].visualElements[10].key", "duration"): Verify element property value successfully

2023-10-16 14:10:09 - [MESSAGE][PASSED] - Verify element property value successfully

2023-10-16 14:10:09 - [TEST_STEP][PASSED] - verifyElementPropertyValue(getResponse, "offers[7].groups[0].pricingPlans[0].visualElements[10].value", "Mensuel"): Verify element property value successfully

2023-10-16 14:10:09 - [MESSAGE][PASSED] - Verify element property value successfully

2023-10-16 14:10:09 - [TEST_STEP][PASSED] - verifyElementPropertyValue(getResponse, "offers[7].groups[0].pricingPlans[0].visualElements[11].key", "featured_tag_text"): Verify element property value successfully

2023-10-16 14:10:09 - [MESSAGE][PASSED] - Verify element property value successfully

2023-10-16 14:10:09 - [TEST_STEP][PASSED] - verifyElementPropertyValue(getResponse, "offers[7].groups[0].pricingPlans[0].visualElements[11].value", "Offre limitée"): Verify element property value successfully

2023-10-16 14:10:09 - [MESSAGE][PASSED] - Verify element property value successfully

2023-10-16 14:10:09 - [TEST_STEP][PASSED] - verifyElementPropertyValue(getResponse, "offers[7].groups[0].pricingPlans[0].visualElements[13].key", "tag_text"): Verify element property value successfully

2023-10-16 14:10:09 - [MESSAGE][PASSED] - Verify element property value successfully

2023-10-16 14:10:09 - [TEST_STEP][PASSED] - verifyElementPropertyValue(getResponse, "offers[7].groups[0].pricingPlans[0].visualElements[13].value", "Économisez 50% "): Verify element property value successfully

2023-10-16 14:10:09 - [MESSAGE][PASSED] - Verify element property value successfully

2023-10-16 14:10:09 - [TEST_STEP][PASSED] - verifyElementPropertyValue(getResponse, "offers[7].groups[0].pricingPlans[0].visualElements[12].key", "show_tag"): Verify element property value successfully

2023-10-16 14:10:09 - [MESSAGE][PASSED] - Verify element property value successfully

2023-10-16 14:10:09 - [TEST_STEP][PASSED] - verifyElementPropertyValue(getResponse, "offers[7].groups[0].pricingPlans[0].visualElements[12].value", "true"): Verify element property value successfully

2023-10-16 14:10:09 - [MESSAGE][PASSED] - Verify element property value successfully

2023-10-16 14:10:09 - [TEST_STEP][PASSED] - verifyElementPropertyValue(getResponse, "offers[7].groups[0].pricingPlans[0].pricingPlanData[0].productId", "KWT_B2C_SHAHID_VIP_SPORT_1M"): Verify element property value successfully

2023-10-16 14:10:09 - [MESSAGE][PASSED] - Verify element property value successfully

2023-10-16 14:10:09 - [TEST_STEP][PASSED] - verifyElementPropertyValue(getResponse, "offers[7].groups[0].pricingPlans[0].pricingPlanData[0].paymentMethod", "CREDIT_CARD"): Verify element property value successfully

2023-10-16 14:10:09 - [MESSAGE][PASSED] - Verify element property value successfully

2023-10-16 14:10:09 - [TEST_STEP][PASSED] - verifyElementPropertyValue(getResponse, "offers[7].groups[0].pricingPlans[0].pricingPlanData[0].freeTrialEnabled", "false"): Verify element property value successfully

2023-10-16 14:10:10 - [MESSAGE][PASSED] - Verify element property value successfully

2023-10-16 14:10:10 - [TEST_STEP][PASSED] - verifyElementPropertyValue(getResponse, "offers[7].groups[0].pricingPlans[0].pricingPlanData[0].showIn[0]", "VERTICAL_MODE"): Verify element property value successfully

2023-10-16 14:10:10 - [MESSAGE][PASSED] - Verify element property value successfully

2023-10-16 14:10:10 - [TEST_STEP][PASSED] - verifyElementPropertyValue(getResponse, "offers[7].groups[0].pricingPlans[0].pricingPlanData[0].showIn[1]", "HORIZONTAL_MODE"): Verify element property value successfully

2023-10-16 14:10:10 - [MESSAGE][PASSED] - Verify element property value successfully

2023-10-16 14:10:10 - [TEST_STEP][PASSED] - verifyElementPropertyValue(getResponse, "offers[7].groups[0].pricingPlans[0].pricingPlanData[0].priceLabel", "2.89"): Verify element property value successfully

2023-10-16 14:10:10 - [MESSAGE][PASSED] - Verify element property value successfully

2023-10-16 14:10:10 - [TEST_STEP][PASSED] - verifyElementPropertyValue(getResponse, "offers[7].groups[0].pricingPlans[0].pricingPlanData[0].currencyLabel", "KWD"): Verify element property value successfully

2023-10-16 14:10:10 - [MESSAGE][PASSED] - Verify element property value successfully

2023-10-16 14:10:10 - [TEST_STEP][PASSED] - verifyElementPropertyValue(getResponse, "offers[7].groups[0].pricingPlans[0].pricingPlanData[0].dealId", "WB_SPORT_50P_KWT"): Verify element property value successfully

2023-10-16 14:10:10 - [MESSAGE][PASSED] - Verify element property value successfully

2023-10-16 14:10:10 - [TEST_STEP][PASSED] - verifyElementPropertyValue(getResponse, "offers[7].groups[0].pricingPlans[0].pricingPlanData[0].allowedForAcquisition", "true"): Verify element property value successfully

2023-10-16 14:10:10 - [MESSAGE][PASSED] - Verify element property value successfully

2023-10-16 14:10:10 - [TEST_STEP][PASSED] - verifyElementPropertyValue(getResponse, "offers[7].groups[0].pricingPlans[0].pricingPlanData[0].visualElements[0].key", "title"): Verify element property value successfully

2023-10-16 14:10:10 - [MESSAGE][PASSED] - Verify element property value successfully

2023-10-16 14:10:10 - [TEST_STEP][PASSED] - verifyElementPropertyValue(getResponse, "offers[7].groups[0].pricingPlans[0].pricingPlanData[0].visualElements[0].value", "Carte de crédit/débit"): Verify element property value successfully

2023-10-16 14:10:10 - [MESSAGE][PASSED] - Verify element property value successfully

2023-10-16 14:10:10 - [TEST_STEP][PASSED] - verifyElementPropertyValue(getResponse, "offers[7].groups[0].pricingPlans[0].pricingPlanData[0].visualElements[1].key", "CTA_text"): Verify element property value successfully

2023-10-16 14:10:10 - [MESSAGE][PASSED] - Verify element property value successfully

2023-10-16 14:10:10 - [TEST_STEP][PASSED] - verifyElementPropertyValue(getResponse, "offers[7].groups[0].pricingPlans[0].pricingPlanData[0].visualElements[1].value", "S’abonner"): Verify element property value successfully

2023-10-16 14:10:10 - [MESSAGE][PASSED] - Verify element property value successfully

2023-10-16 14:10:10 - [TEST_STEP][PASSED] - verifyElementPropertyValue(getResponse, "offers[7].groups[0].pricingPlans[0].pricingPlanData[0].visualElements[2].key", "logo"): Verify element property value successfully

2023-10-16 14:10:10 - [MESSAGE][PASSED] - Verify element property value successfully

2023-10-16 14:10:10 - [TEST_STEP][PASSED] - verifyElementPropertyValue(getResponse, "offers[7].groups[0].pricingPlans[0].pricingPlanData[0].visualElements[2].value", "https://static.s3.shahid.mbc.net/widget-images/icons/iconCreditCard.png"): Verify element property value successfully

2023-10-16 14:10:10 - [MESSAGE][PASSED] - Verify element property value successfully

2023-10-16 14:10:10 - [TEST_STEP][PASSED] - verifyElementPropertyValue(getResponse, "offers[11].offerId", "byg-sport-30-offer"): Verify element property value successfully

2023-10-16 14:10:10 - [MESSAGE][PASSED] - Verify element property value successfully

2023-10-16 14:10:10 - [TEST_STEP][PASSED] - verifyElementPropertyValue(getResponse, "offers[11].offerParam", "bygsportsoffer30"): Verify element property value successfully

2023-10-16 14:10:10 - [MESSAGE][PASSED] - Verify element property value successfully

2023-10-16 14:10:10 - [TEST_STEP][PASSED] - verifyElementPropertyValue(getResponse, "offers[11].groups[0].pricingPlans[0].featured", "true"): Verify element property value successfully

2023-10-16 14:10:10 - [MESSAGE][PASSED] - Verify element property value successfully

2023-10-16 14:10:10 - [TEST_STEP][PASSED] - verifyElementPropertyValue(getResponse, "offers[11].groups[0].pricingPlans[0].period", "monthly"): Verify element property value successfully

2023-10-16 14:10:10 - [MESSAGE][PASSED] - Verify element property value successfully

2023-10-16 14:10:10 - [TEST_STEP][PASSED] - verifyElementPropertyValue(getResponse, "offers[11].groups[0].pricingPlans[0].featured", "true"): Verify element property value successfully

2023-10-16 14:10:10 - [MESSAGE][PASSED] - Verify element property value successfully

2023-10-16 14:10:10 - [TEST_STEP][PASSED] - verifyElementPropertyValue(getResponse, "offers[11].groups[0].pricingPlans[0].price", "3.99"): Verify element property value successfully

2023-10-16 14:10:10 - [MESSAGE][PASSED] - Verify element property value successfully

2023-10-16 14:10:10 - [TEST_STEP][PASSED] - verifyElementPropertyValue(getResponse, "offers[11].groups[0].pricingPlans[0].currency", "KWD"): Verify element property value successfully

2023-10-16 14:10:10 - [MESSAGE][PASSED] - Verify element property value successfully

2023-10-16 14:10:10 - [TEST_STEP][PASSED] - verifyElementPropertyValue(getResponse, "offers[11].groups[0].pricingPlans[0].order", "0"): Verify element property value successfully

2023-10-16 14:10:10 - [MESSAGE][PASSED] - Verify element property value successfully

2023-10-16 14:10:10 - [TEST_STEP][PASSED] - verifyElementPropertyValue(getResponse, "offers[11].groups[0].pricingPlans[0].packageId", "SHAHID_VIP_SPORT"): Verify element property value successfully

2023-10-16 14:10:10 - [MESSAGE][PASSED] - Verify element property value successfully

2023-10-16 14:10:10 - [TEST_STEP][PASSED] - verifyElementPropertyValue(getResponse, "offers[11].groups[0].pricingPlans[0].catalogId", "SPORT"): Verify element property value successfully

2023-10-16 14:10:10 - [MESSAGE][PASSED] - Verify element property value successfully

2023-10-16 14:10:10 - [TEST_STEP][PASSED] - verifyElementPropertyValue(getResponse, "offers[11].groups[0].pricingPlans[0].visualElements[0].key", "Header_1_text"): Verify element property value successfully

2023-10-16 14:10:10 - [MESSAGE][PASSED] - Verify element property value successfully

2023-10-16 14:10:10 - [TEST_STEP][PASSED] - verifyElementPropertyValue(getResponse, "offers[11].groups[0].pricingPlans[0].visualElements[0].value", "Abonnez-vous dès maintenant et profitez de vos programmes sans publicité"): Verify element property value successfully

2023-10-16 14:10:10 - [MESSAGE][PASSED] - Verify element property value successfully

2023-10-16 14:10:10 - [TEST_STEP][PASSED] - verifyElementPropertyValue(getResponse, "offers[11].groups[0].pricingPlans[0].visualElements[1].key", "display_title"): Verify element property value successfully

2023-10-16 14:10:10 - [MESSAGE][PASSED] - Verify element property value successfully

2023-10-16 14:10:10 - [TEST_STEP][PASSED] - verifyElementPropertyValue(getResponse, "offers[11].groups[0].pricingPlans[0].visualElements[1].value", "30% de réduction"): Verify element property value successfully

2023-10-16 14:10:10 - [MESSAGE][PASSED] - Verify element property value successfully

2023-10-16 14:10:10 - [TEST_STEP][PASSED] - verifyElementPropertyValue(getResponse, "offers[11].groups[0].pricingPlans[0].visualElements[3].key", "deduction_text"): Verify element property value successfully

2023-10-16 14:10:10 - [MESSAGE][PASSED] - Verify element property value successfully

2023-10-16 14:10:10 - [TEST_STEP][PASSED] - verifyElementPropertyValue(getResponse, "offers[11].groups[0].pricingPlans[0].visualElements[3].value", "facturation mensuelle"): Verify element property value successfully

2023-10-16 14:10:10 - [MESSAGE][PASSED] - Verify element property value successfully

2023-10-16 14:10:10 - [TEST_STEP][PASSED] - verifyElementPropertyValue(getResponse, "offers[11].groups[0].pricingPlans[0].visualElements[6].key", "show_payment_logo"): Verify element property value successfully

2023-10-16 14:10:10 - [MESSAGE][PASSED] - Verify element property value successfully

2023-10-16 14:10:10 - [TEST_STEP][PASSED] - verifyElementPropertyValue(getResponse, "offers[11].groups[0].pricingPlans[0].visualElements[6].value", "true"): Verify element property value successfully

2023-10-16 14:10:10 - [MESSAGE][PASSED] - Verify element property value successfully

2023-10-16 14:10:10 - [TEST_STEP][PASSED] - verifyElementPropertyValue(getResponse, "offers[11].groups[0].pricingPlans[0].visualElements[8].key", "price"): Verify element property value successfully

2023-10-16 14:10:10 - [MESSAGE][PASSED] - Verify element property value successfully

2023-10-16 14:10:10 - [TEST_STEP][PASSED] - verifyElementPropertyValue(getResponse, "offers[11].groups[0].pricingPlans[0].visualElements[8].value", "3.99"): Verify element property value successfully

2023-10-16 14:10:10 - [MESSAGE][PASSED] - Verify element property value successfully

2023-10-16 14:10:10 - [TEST_STEP][PASSED] - verifyElementPropertyValue(getResponse, "offers[11].groups[0].pricingPlans[0].visualElements[9].key", "currency"): Verify element property value successfully

2023-10-16 14:10:10 - [MESSAGE][PASSED] - Verify element property value successfully

2023-10-16 14:10:10 - [TEST_STEP][PASSED] - verifyElementPropertyValue(getResponse, "offers[11].groups[0].pricingPlans[0].visualElements[9].value", "KWD"): Verify element property value successfully

2023-10-16 14:10:10 - [MESSAGE][PASSED] - Verify element property value successfully

2023-10-16 14:10:10 - [TEST_STEP][PASSED] - verifyElementPropertyValue(getResponse, "offers[11].groups[0].pricingPlans[0].visualElements[10].key", "duration"): Verify element property value successfully

2023-10-16 14:10:10 - [MESSAGE][PASSED] - Verify element property value successfully

2023-10-16 14:10:10 - [TEST_STEP][PASSED] - verifyElementPropertyValue(getResponse, "offers[11].groups[0].pricingPlans[0].visualElements[10].value", "Mensuel"): Verify element property value successfully

2023-10-16 14:10:10 - [MESSAGE][PASSED] - Verify element property value successfully

2023-10-16 14:10:10 - [TEST_STEP][PASSED] - verifyElementPropertyValue(getResponse, "offers[11].groups[0].pricingPlans[0].visualElements[11].key", "featured_tag_text"): Verify element property value successfully

2023-10-16 14:10:10 - [MESSAGE][PASSED] - Verify element property value successfully

2023-10-16 14:10:10 - [TEST_STEP][PASSED] - verifyElementPropertyValue(getResponse, "offers[11].groups[0].pricingPlans[0].visualElements[11].value", "Offre limitée"): Verify element property value successfully

2023-10-16 14:10:10 - [MESSAGE][PASSED] - Verify element property value successfully

2023-10-16 14:10:10 - [TEST_STEP][PASSED] - verifyElementPropertyValue(getResponse, "offers[11].groups[0].pricingPlans[0].visualElements[13].key", "tag_text"): Verify element property value successfully

2023-10-16 14:10:10 - [MESSAGE][PASSED] - Verify element property value successfully

2023-10-16 14:10:10 - [TEST_STEP][PASSED] - verifyElementPropertyValue(getResponse, "offers[11].groups[0].pricingPlans[0].visualElements[13].value", "Économisez 30% "): Verify element property value successfully

2023-10-16 14:10:10 - [MESSAGE][PASSED] - Verify element property value successfully

2023-10-16 14:10:10 - [TEST_STEP][PASSED] - verifyElementPropertyValue(getResponse, "offers[11].groups[0].pricingPlans[0].visualElements[12].key", "show_tag"): Verify element property value successfully

2023-10-16 14:10:10 - [MESSAGE][PASSED] - Verify element property value successfully

2023-10-16 14:10:10 - [TEST_STEP][PASSED] - verifyElementPropertyValue(getResponse, "offers[11].groups[0].pricingPlans[0].visualElements[12].value", "true"): Verify element property value successfully

2023-10-16 14:10:10 - [MESSAGE][PASSED] - Verify element property value successfully

2023-10-16 14:10:10 - [TEST_STEP][PASSED] - verifyElementPropertyValue(getResponse, "offers[11].groups[0].pricingPlans[0].pricingPlanData[0].productId", "KWT_B2C_SHAHID_VIP_SPORT_1M"): Verify element property value successfully

2023-10-16 14:10:10 - [MESSAGE][PASSED] - Verify element property value successfully

2023-10-16 14:10:10 - [TEST_STEP][PASSED] - verifyElementPropertyValue(getResponse, "offers[11].groups[0].pricingPlans[0].pricingPlanData[0].paymentMethod", "CREDIT_CARD"): Verify element property value successfully

2023-10-16 14:10:10 - [MESSAGE][PASSED] - Verify element property value successfully

2023-10-16 14:10:10 - [TEST_STEP][PASSED] - verifyElementPropertyValue(getResponse, "offers[11].groups[0].pricingPlans[0].pricingPlanData[0].freeTrialEnabled", "false"): Verify element property value successfully

2023-10-16 14:10:10 - [MESSAGE][PASSED] - Verify element property value successfully

2023-10-16 14:10:10 - [TEST_STEP][PASSED] - verifyElementPropertyValue(getResponse, "offers[11].groups[0].pricingPlans[0].pricingPlanData[0].showIn[0]", "VERTICAL_MODE"): Verify element property value successfully

2023-10-16 14:10:10 - [MESSAGE][PASSED] - Verify element property value successfully

2023-10-16 14:10:10 - [TEST_STEP][PASSED] - verifyElementPropertyValue(getResponse, "offers[11].groups[0].pricingPlans[0].pricingPlanData[0].showIn[1]", "HORIZONTAL_MODE"): Verify element property value successfully

2023-10-16 14:10:10 - [MESSAGE][PASSED] - Verify element property value successfully

2023-10-16 14:10:10 - [TEST_STEP][PASSED] - verifyElementPropertyValue(getResponse, "offers[11].groups[0].pricingPlans[0].pricingPlanData[0].priceLabel", "3.99"): Verify element property value successfully

2023-10-16 14:10:10 - [MESSAGE][PASSED] - Verify element property value successfully

2023-10-16 14:10:10 - [TEST_STEP][PASSED] - verifyElementPropertyValue(getResponse, "offers[11].groups[0].pricingPlans[0].pricingPlanData[0].currencyLabel", "KWD"): Verify element property value successfully

2023-10-16 14:10:10 - [MESSAGE][PASSED] - Verify element property value successfully

2023-10-16 14:10:10 - [TEST_STEP][PASSED] - verifyElementPropertyValue(getResponse, "offers[11].groups[0].pricingPlans[0].pricingPlanData[0].dealId", "BYG_SPORT_30P_KWT"): Verify element property value successfully

2023-10-16 14:10:10 - [MESSAGE][PASSED] - Verify element property value successfully

2023-10-16 14:10:10 - [TEST_STEP][PASSED] - verifyElementPropertyValue(getResponse, "offers[11].groups[0].pricingPlans[0].pricingPlanData[0].allowedForAcquisition", "true"): Verify element property value successfully

2023-10-16 14:10:10 - [MESSAGE][PASSED] - Verify element property value successfully

2023-10-16 14:10:10 - [TEST_STEP][PASSED] - verifyElementPropertyValue(getResponse, "offers[11].groups[0].pricingPlans[0].pricingPlanData[0].visualElements[0].key", "title"): Verify element property value successfully

2023-10-16 14:10:10 - [MESSAGE][PASSED] - Verify element property value successfully

2023-10-16 14:10:10 - [TEST_STEP][PASSED] - verifyElementPropertyValue(getResponse, "offers[11].groups[0].pricingPlans[0].pricingPlanData[0].visualElements[0].value", "Carte de crédit/débit"): Verify element property value successfully

2023-10-16 14:10:10 - [MESSAGE][PASSED] - Verify element property value successfully

2023-10-16 14:10:10 - [TEST_STEP][PASSED] - verifyElementPropertyValue(getResponse, "offers[11].groups[0].pricingPlans[0].pricingPlanData[0].visualElements[1].key", "CTA_text"): Verify element property value successfully

2023-10-16 14:10:10 - [MESSAGE][PASSED] - Verify element property value successfully

2023-10-16 14:10:10 - [TEST_STEP][PASSED] - verifyElementPropertyValue(getResponse, "offers[11].groups[0].pricingPlans[0].pricingPlanData[0].visualElements[1].value", "S’abonner"): Verify element property value successfully

2023-10-16 14:10:10 - [MESSAGE][PASSED] - Verify element property value successfully

2023-10-16 14:10:10 - [TEST_STEP][PASSED] - verifyElementPropertyValue(getResponse, "offers[11].groups[0].pricingPlans[0].pricingPlanData[0].visualElements[2].key", "logo"): Verify element property value successfully

2023-10-16 14:10:10 - [MESSAGE][PASSED] - Verify element property value successfully

2023-10-16 14:10:10 - [TEST_STEP][PASSED] - verifyElementPropertyValue(getResponse, "offers[11].groups[0].pricingPlans[0].pricingPlanData[0].visualElements[2].value", "https://static.s3.shahid.mbc.net/widget-images/icons/iconCreditCard.png"): Verify element property value successfully

2023-10-16 14:10:10 - [MESSAGE][PASSED] - Verify element property value successfully

2023-10-16 14:10:10 - [TEST_STEP][PASSED] - verifyElementPropertyValue(getResponse, "offers[12].offerId", "byg-sport-40-offer"): Verify element property value successfully

2023-10-16 14:10:10 - [MESSAGE][PASSED] - Verify element property value successfully

2023-10-16 14:10:10 - [TEST_STEP][PASSED] - verifyElementPropertyValue(getResponse, "offers[12].offerParam", "bygsportsoffer40"): Verify element property value successfully

2023-10-16 14:10:10 - [MESSAGE][PASSED] - Verify element property value successfully

2023-10-16 14:10:10 - [TEST_STEP][PASSED] - verifyElementPropertyValue(getResponse, "offers[12].groups[0].pricingPlans[0].featured", "true"): Verify element property value successfully

2023-10-16 14:10:10 - [MESSAGE][PASSED] - Verify element property value successfully

2023-10-16 14:10:10 - [TEST_STEP][PASSED] - verifyElementPropertyValue(getResponse, "offers[12].groups[0].pricingPlans[0].period", "monthly"): Verify element property value successfully

2023-10-16 14:10:10 - [MESSAGE][PASSED] - Verify element property value successfully

2023-10-16 14:10:10 - [TEST_STEP][PASSED] - verifyElementPropertyValue(getResponse, "offers[12].groups[0].pricingPlans[0].featured", "true"): Verify element property value successfully

2023-10-16 14:10:10 - [MESSAGE][PASSED] - Verify element property value successfully

2023-10-16 14:10:10 - [TEST_STEP][PASSED] - verifyElementPropertyValue(getResponse, "offers[12].groups[0].pricingPlans[0].price", "3.49"): Verify element property value successfully

2023-10-16 14:10:10 - [MESSAGE][PASSED] - Verify element property value successfully

2023-10-16 14:10:10 - [TEST_STEP][PASSED] - verifyElementPropertyValue(getResponse, "offers[12].groups[0].pricingPlans[0].currency", "KWD"): Verify element property value successfully

2023-10-16 14:10:10 - [MESSAGE][PASSED] - Verify element property value successfully

2023-10-16 14:10:10 - [TEST_STEP][PASSED] - verifyElementPropertyValue(getResponse, "offers[12].groups[0].pricingPlans[0].order", "0"): Verify element property value successfully

2023-10-16 14:10:10 - [MESSAGE][PASSED] - Verify element property value successfully

2023-10-16 14:10:10 - [TEST_STEP][PASSED] - verifyElementPropertyValue(getResponse, "offers[12].groups[0].pricingPlans[0].packageId", "SHAHID_VIP_SPORT"): Verify element property value successfully

2023-10-16 14:10:10 - [MESSAGE][PASSED] - Verify element property value successfully

2023-10-16 14:10:10 - [TEST_STEP][PASSED] - verifyElementPropertyValue(getResponse, "offers[12].groups[0].pricingPlans[0].catalogId", "SPORT"): Verify element property value successfully

2023-10-16 14:10:10 - [MESSAGE][PASSED] - Verify element property value successfully

2023-10-16 14:10:10 - [TEST_STEP][PASSED] - verifyElementPropertyValue(getResponse, "offers[12].groups[0].pricingPlans[0].visualElements[0].key", "Header_1_text"): Verify element property value successfully

2023-10-16 14:10:10 - [MESSAGE][PASSED] - Verify element property value successfully

2023-10-16 14:10:10 - [TEST_STEP][PASSED] - verifyElementPropertyValue(getResponse, "offers[12].groups[0].pricingPlans[0].visualElements[0].value", "Abonnez-vous dès maintenant et profitez de vos programmes sans publicité"): Verify element property value successfully

2023-10-16 14:10:10 - [MESSAGE][PASSED] - Verify element property value successfully

2023-10-16 14:10:10 - [TEST_STEP][PASSED] - verifyElementPropertyValue(getResponse, "offers[12].groups[0].pricingPlans[0].visualElements[1].key", "display_title"): Verify element property value successfully

2023-10-16 14:10:10 - [MESSAGE][PASSED] - Verify element property value successfully

2023-10-16 14:10:10 - [TEST_STEP][PASSED] - verifyElementPropertyValue(getResponse, "offers[12].groups[0].pricingPlans[0].visualElements[1].value", "40% de réduction"): Verify element property value successfully

2023-10-16 14:10:10 - [MESSAGE][PASSED] - Verify element property value successfully

2023-10-16 14:10:10 - [TEST_STEP][PASSED] - verifyElementPropertyValue(getResponse, "offers[12].groups[0].pricingPlans[0].visualElements[3].key", "deduction_text"): Verify element property value successfully

2023-10-16 14:10:10 - [MESSAGE][PASSED] - Verify element property value successfully

2023-10-16 14:10:10 - [TEST_STEP][PASSED] - verifyElementPropertyValue(getResponse, "offers[12].groups[0].pricingPlans[0].visualElements[3].value", "facturation mensuelle"): Verify element property value successfully

2023-10-16 14:10:10 - [MESSAGE][PASSED] - Verify element property value successfully

2023-10-16 14:10:10 - [TEST_STEP][PASSED] - verifyElementPropertyValue(getResponse, "offers[12].groups[0].pricingPlans[0].visualElements[6].key", "show_payment_logo"): Verify element property value successfully

2023-10-16 14:10:10 - [MESSAGE][PASSED] - Verify element property value successfully

2023-10-16 14:10:10 - [TEST_STEP][PASSED] - verifyElementPropertyValue(getResponse, "offers[12].groups[0].pricingPlans[0].visualElements[6].value", "true"): Verify element property value successfully

2023-10-16 14:10:10 - [MESSAGE][PASSED] - Verify element property value successfully

2023-10-16 14:10:10 - [TEST_STEP][PASSED] - verifyElementPropertyValue(getResponse, "offers[12].groups[0].pricingPlans[0].visualElements[8].key", "price"): Verify element property value successfully

2023-10-16 14:10:10 - [MESSAGE][PASSED] - Verify element property value successfully

2023-10-16 14:10:10 - [TEST_STEP][PASSED] - verifyElementPropertyValue(getResponse, "offers[12].groups[0].pricingPlans[0].visualElements[8].value", "3.49"): Verify element property value successfully

2023-10-16 14:10:10 - [MESSAGE][PASSED] - Verify element property value successfully

2023-10-16 14:10:10 - [TEST_STEP][PASSED] - verifyElementPropertyValue(getResponse, "offers[12].groups[0].pricingPlans[0].visualElements[9].key", "currency"): Verify element property value successfully

2023-10-16 14:10:10 - [MESSAGE][PASSED] - Verify element property value successfully

2023-10-16 14:10:10 - [TEST_STEP][PASSED] - verifyElementPropertyValue(getResponse, "offers[12].groups[0].pricingPlans[0].visualElements[9].value", "KWD"): Verify element property value successfully

2023-10-16 14:10:10 - [MESSAGE][PASSED] - Verify element property value successfully

2023-10-16 14:10:10 - [TEST_STEP][PASSED] - verifyElementPropertyValue(getResponse, "offers[12].groups[0].pricingPlans[0].visualElements[10].key", "duration"): Verify element property value successfully

2023-10-16 14:10:10 - [MESSAGE][PASSED] - Verify element property value successfully

2023-10-16 14:10:10 - [TEST_STEP][PASSED] - verifyElementPropertyValue(getResponse, "offers[12].groups[0].pricingPlans[0].visualElements[10].value", "Mensuel"): Verify element property value successfully

2023-10-16 14:10:10 - [MESSAGE][PASSED] - Verify element property value successfully

2023-10-16 14:10:10 - [TEST_STEP][PASSED] - verifyElementPropertyValue(getResponse, "offers[12].groups[0].pricingPlans[0].visualElements[11].key", "featured_tag_text"): Verify element property value successfully

2023-10-16 14:10:10 - [MESSAGE][PASSED] - Verify element property value successfully

2023-10-16 14:10:10 - [TEST_STEP][PASSED] - verifyElementPropertyValue(getResponse, "offers[12].groups[0].pricingPlans[0].visualElements[11].value", "Offre limitée"): Verify element property value successfully

2023-10-16 14:10:10 - [MESSAGE][PASSED] - Verify element property value successfully

2023-10-16 14:10:10 - [TEST_STEP][PASSED] - verifyElementPropertyValue(getResponse, "offers[12].groups[0].pricingPlans[0].visualElements[13].key", "tag_text"): Verify element property value successfully

2023-10-16 14:10:10 - [MESSAGE][PASSED] - Verify element property value successfully

2023-10-16 14:10:10 - [TEST_STEP][PASSED] - verifyElementPropertyValue(getResponse, "offers[12].groups[0].pricingPlans[0].visualElements[13].value", "Économisez 40% "): Verify element property value successfully

2023-10-16 14:10:10 - [MESSAGE][PASSED] - Verify element property value successfully

2023-10-16 14:10:10 - [TEST_STEP][PASSED] - verifyElementPropertyValue(getResponse, "offers[12].groups[0].pricingPlans[0].visualElements[12].key", "show_tag"): Verify element property value successfully

2023-10-16 14:10:10 - [MESSAGE][PASSED] - Verify element property value successfully

2023-10-16 14:10:10 - [TEST_STEP][PASSED] - verifyElementPropertyValue(getResponse, "offers[12].groups[0].pricingPlans[0].visualElements[12].value", "true"): Verify element property value successfully

2023-10-16 14:10:10 - [MESSAGE][PASSED] - Verify element property value successfully

2023-10-16 14:10:10 - [TEST_STEP][PASSED] - verifyElementPropertyValue(getResponse, "offers[12].groups[0].pricingPlans[0].pricingPlanData[0].productId", "KWT_B2C_SHAHID_VIP_SPORT_1M"): Verify element property value successfully

2023-10-16 14:10:10 - [MESSAGE][PASSED] - Verify element property value successfully

2023-10-16 14:10:10 - [TEST_STEP][PASSED] - verifyElementPropertyValue(getResponse, "offers[12].groups[0].pricingPlans[0].pricingPlanData[0].paymentMethod", "CREDIT_CARD"): Verify element property value successfully

2023-10-16 14:10:10 - [MESSAGE][PASSED] - Verify element property value successfully

2023-10-16 14:10:10 - [TEST_STEP][PASSED] - verifyElementPropertyValue(getResponse, "offers[12].groups[0].pricingPlans[0].pricingPlanData[0].freeTrialEnabled", "false"): Verify element property value successfully

2023-10-16 14:10:10 - [MESSAGE][PASSED] - Verify element property value successfully

2023-10-16 14:10:10 - [TEST_STEP][PASSED] - verifyElementPropertyValue(getResponse, "offers[12].groups[0].pricingPlans[0].pricingPlanData[0].showIn[0]", "VERTICAL_MODE"): Verify element property value successfully

2023-10-16 14:10:10 - [MESSAGE][PASSED] - Verify element property value successfully

2023-10-16 14:10:10 - [TEST_STEP][PASSED] - verifyElementPropertyValue(getResponse, "offers[12].groups[0].pricingPlans[0].pricingPlanData[0].showIn[1]", "HORIZONTAL_MODE"): Verify element property value successfully

2023-10-16 14:10:10 - [MESSAGE][PASSED] - Verify element property value successfully

2023-10-16 14:10:10 - [TEST_STEP][PASSED] - verifyElementPropertyValue(getResponse, "offers[12].groups[0].pricingPlans[0].pricingPlanData[0].priceLabel", "3.49"): Verify element property value successfully

2023-10-16 14:10:10 - [MESSAGE][PASSED] - Verify element property value successfully

2023-10-16 14:10:10 - [TEST_STEP][PASSED] - verifyElementPropertyValue(getResponse, "offers[12].groups[0].pricingPlans[0].pricingPlanData[0].currencyLabel", "KWD"): Verify element property value successfully

2023-10-16 14:10:10 - [MESSAGE][PASSED] - Verify element property value successfully

2023-10-16 14:10:10 - [TEST_STEP][PASSED] - verifyElementPropertyValue(getResponse, "offers[12].groups[0].pricingPlans[0].pricingPlanData[0].dealId", "BYG_SPORT_40P_KWT"): Verify element property value successfully

2023-10-16 14:10:10 - [MESSAGE][PASSED] - Verify element property value successfully

2023-10-16 14:10:10 - [TEST_STEP][PASSED] - verifyElementPropertyValue(getResponse, "offers[12].groups[0].pricingPlans[0].pricingPlanData[0].allowedForAcquisition", "true"): Verify element property value successfully

2023-10-16 14:10:10 - [MESSAGE][PASSED] - Verify element property value successfully

2023-10-16 14:10:10 - [TEST_STEP][PASSED] - verifyElementPropertyValue(getResponse, "offers[12].groups[0].pricingPlans[0].pricingPlanData[0].visualElements[0].key", "title"): Verify element property value successfully

2023-10-16 14:10:10 - [MESSAGE][PASSED] - Verify element property value successfully

2023-10-16 14:10:10 - [TEST_STEP][PASSED] - verifyElementPropertyValue(getResponse, "offers[12].groups[0].pricingPlans[0].pricingPlanData[0].visualElements[0].value", "Carte de crédit/débit"): Verify element property value successfully

2023-10-16 14:10:10 - [MESSAGE][PASSED] - Verify element property value successfully

2023-10-16 14:10:10 - [TEST_STEP][PASSED] - verifyElementPropertyValue(getResponse, "offers[12].groups[0].pricingPlans[0].pricingPlanData[0].visualElements[1].key", "CTA_text"): Verify element property value successfully

2023-10-16 14:10:10 - [MESSAGE][PASSED] - Verify element property value successfully

2023-10-16 14:10:10 - [TEST_STEP][PASSED] - verifyElementPropertyValue(getResponse, "offers[12].groups[0].pricingPlans[0].pricingPlanData[0].visualElements[1].value", "S’abonner"): Verify element property value successfully

2023-10-16 14:10:10 - [MESSAGE][PASSED] - Verify element property value successfully

2023-10-16 14:10:10 - [TEST_STEP][PASSED] - verifyElementPropertyValue(getResponse, "offers[12].groups[0].pricingPlans[0].pricingPlanData[0].visualElements[2].key", "logo"): Verify element property value successfully

2023-10-16 14:10:10 - [MESSAGE][PASSED] - Verify element property value successfully

2023-10-16 14:10:10 - [TEST_STEP][PASSED] - verifyElementPropertyValue(getResponse, "offers[12].groups[0].pricingPlans[0].pricingPlanData[0].visualElements[2].value", "https://static.s3.shahid.mbc.net/widget-images/icons/iconCreditCard.png"): Verify element property value successfully

2023-10-16 14:10:10 - [MESSAGE][PASSED] - Verify element property value successfully

2023-10-16 14:10:10 - [TEST_STEP][PASSED] - verifyElementPropertyValue(getResponse, "offers[13].offerId", "byg-sport-50-offer"): Verify element property value successfully

2023-10-16 14:10:10 - [MESSAGE][PASSED] - Verify element property value successfully

2023-10-16 14:10:10 - [TEST_STEP][PASSED] - verifyElementPropertyValue(getResponse, "offers[13].offerParam", "bygsportsoffer50"): Verify element property value successfully

2023-10-16 14:10:10 - [MESSAGE][PASSED] - Verify element property value successfully

2023-10-16 14:10:10 - [TEST_STEP][PASSED] - verifyElementPropertyValue(getResponse, "offers[13].groups[0].pricingPlans[0].featured", "true"): Verify element property value successfully

2023-10-16 14:10:10 - [MESSAGE][PASSED] - Verify element property value successfully

2023-10-16 14:10:10 - [TEST_STEP][PASSED] - verifyElementPropertyValue(getResponse, "offers[13].groups[0].pricingPlans[0].period", "monthly"): Verify element property value successfully

2023-10-16 14:10:10 - [MESSAGE][PASSED] - Verify element property value successfully

2023-10-16 14:10:10 - [TEST_STEP][PASSED] - verifyElementPropertyValue(getResponse, "offers[13].groups[0].pricingPlans[0].featured", "true"): Verify element property value successfully

2023-10-16 14:10:10 - [MESSAGE][PASSED] - Verify element property value successfully

2023-10-16 14:10:10 - [TEST_STEP][PASSED] - verifyElementPropertyValue(getResponse, "offers[13].groups[0].pricingPlans[0].price", "2.89"): Verify element property value successfully

2023-10-16 14:10:10 - [MESSAGE][PASSED] - Verify element property value successfully

2023-10-16 14:10:10 - [TEST_STEP][PASSED] - verifyElementPropertyValue(getResponse, "offers[13].groups[0].pricingPlans[0].currency", "KWD"): Verify element property value successfully

2023-10-16 14:10:10 - [MESSAGE][PASSED] - Verify element property value successfully

2023-10-16 14:10:10 - [TEST_STEP][PASSED] - verifyElementPropertyValue(getResponse, "offers[13].groups[0].pricingPlans[0].order", "0"): Verify element property value successfully

2023-10-16 14:10:10 - [MESSAGE][PASSED] - Verify element property value successfully

2023-10-16 14:10:10 - [TEST_STEP][PASSED] - verifyElementPropertyValue(getResponse, "offers[13].groups[0].pricingPlans[0].packageId", "SHAHID_VIP_SPORT"): Verify element property value successfully

2023-10-16 14:10:11 - [MESSAGE][PASSED] - Verify element property value successfully

2023-10-16 14:10:11 - [TEST_STEP][PASSED] - verifyElementPropertyValue(getResponse, "offers[13].groups[0].pricingPlans[0].catalogId", "SPORT"): Verify element property value successfully

2023-10-16 14:10:11 - [MESSAGE][PASSED] - Verify element property value successfully

2023-10-16 14:10:11 - [TEST_STEP][PASSED] - verifyElementPropertyValue(getResponse, "offers[13].groups[0].pricingPlans[0].visualElements[0].key", "Header_1_text"): Verify element property value successfully

2023-10-16 14:10:11 - [MESSAGE][PASSED] - Verify element property value successfully

2023-10-16 14:10:11 - [TEST_STEP][PASSED] - verifyElementPropertyValue(getResponse, "offers[13].groups[0].pricingPlans[0].visualElements[0].value", "Abonnez-vous dès maintenant et profitez de vos programmes sans publicité"): Verify element property value successfully

2023-10-16 14:10:11 - [MESSAGE][PASSED] - Verify element property value successfully

2023-10-16 14:10:11 - [TEST_STEP][PASSED] - verifyElementPropertyValue(getResponse, "offers[13].groups[0].pricingPlans[0].visualElements[1].key", "display_title"): Verify element property value successfully

2023-10-16 14:10:11 - [MESSAGE][PASSED] - Verify element property value successfully

2023-10-16 14:10:11 - [TEST_STEP][PASSED] - verifyElementPropertyValue(getResponse, "offers[13].groups[0].pricingPlans[0].visualElements[1].value", "50% de réduction"): Verify element property value successfully

2023-10-16 14:10:11 - [MESSAGE][PASSED] - Verify element property value successfully

2023-10-16 14:10:11 - [TEST_STEP][PASSED] - verifyElementPropertyValue(getResponse, "offers[13].groups[0].pricingPlans[0].visualElements[3].key", "deduction_text"): Verify element property value successfully

2023-10-16 14:10:11 - [MESSAGE][PASSED] - Verify element property value successfully

2023-10-16 14:10:11 - [TEST_STEP][PASSED] - verifyElementPropertyValue(getResponse, "offers[13].groups[0].pricingPlans[0].visualElements[3].value", "facturation mensuelle"): Verify element property value successfully

2023-10-16 14:10:11 - [MESSAGE][PASSED] - Verify element property value successfully

2023-10-16 14:10:11 - [TEST_STEP][PASSED] - verifyElementPropertyValue(getResponse, "offers[13].groups[0].pricingPlans[0].visualElements[6].key", "show_payment_logo"): Verify element property value successfully

2023-10-16 14:10:11 - [MESSAGE][PASSED] - Verify element property value successfully

2023-10-16 14:10:11 - [TEST_STEP][PASSED] - verifyElementPropertyValue(getResponse, "offers[13].groups[0].pricingPlans[0].visualElements[6].value", "true"): Verify element property value successfully

2023-10-16 14:10:11 - [MESSAGE][PASSED] - Verify element property value successfully

2023-10-16 14:10:11 - [TEST_STEP][PASSED] - verifyElementPropertyValue(getResponse, "offers[13].groups[0].pricingPlans[0].visualElements[8].key", "price"): Verify element property value successfully

2023-10-16 14:10:11 - [MESSAGE][PASSED] - Verify element property value successfully

2023-10-16 14:10:11 - [TEST_STEP][PASSED] - verifyElementPropertyValue(getResponse, "offers[13].groups[0].pricingPlans[0].visualElements[8].value", "2.89"): Verify element property value successfully

2023-10-16 14:10:11 - [MESSAGE][PASSED] - Verify element property value successfully

2023-10-16 14:10:11 - [TEST_STEP][PASSED] - verifyElementPropertyValue(getResponse, "offers[13].groups[0].pricingPlans[0].visualElements[9].key", "currency"): Verify element property value successfully

2023-10-16 14:10:11 - [MESSAGE][PASSED] - Verify element property value successfully

2023-10-16 14:10:11 - [TEST_STEP][PASSED] - verifyElementPropertyValue(getResponse, "offers[13].groups[0].pricingPlans[0].visualElements[9].value", "KWD"): Verify element property value successfully

2023-10-16 14:10:11 - [MESSAGE][PASSED] - Verify element property value successfully

2023-10-16 14:10:11 - [TEST_STEP][PASSED] - verifyElementPropertyValue(getResponse, "offers[13].groups[0].pricingPlans[0].visualElements[10].key", "duration"): Verify element property value successfully

2023-10-16 14:10:11 - [MESSAGE][PASSED] - Verify element property value successfully

2023-10-16 14:10:11 - [TEST_STEP][PASSED] - verifyElementPropertyValue(getResponse, "offers[13].groups[0].pricingPlans[0].visualElements[10].value", "Mensuel"): Verify element property value successfully

2023-10-16 14:10:11 - [MESSAGE][PASSED] - Verify element property value successfully

2023-10-16 14:10:11 - [TEST_STEP][PASSED] - verifyElementPropertyValue(getResponse, "offers[13].groups[0].pricingPlans[0].visualElements[11].key", "featured_tag_text"): Verify element property value successfully

2023-10-16 14:10:11 - [MESSAGE][PASSED] - Verify element property value successfully

2023-10-16 14:10:11 - [TEST_STEP][PASSED] - verifyElementPropertyValue(getResponse, "offers[13].groups[0].pricingPlans[0].visualElements[11].value", "Offre limitée"): Verify element property value successfully

2023-10-16 14:10:11 - [MESSAGE][PASSED] - Verify element property value successfully

2023-10-16 14:10:11 - [TEST_STEP][PASSED] - verifyElementPropertyValue(getResponse, "offers[13].groups[0].pricingPlans[0].visualElements[13].key", "tag_text"): Verify element property value successfully

2023-10-16 14:10:11 - [MESSAGE][PASSED] - Verify element property value successfully

2023-10-16 14:10:11 - [TEST_STEP][PASSED] - verifyElementPropertyValue(getResponse, "offers[13].groups[0].pricingPlans[0].visualElements[13].value", "Économisez 50% "): Verify element property value successfully

2023-10-16 14:10:11 - [MESSAGE][PASSED] - Verify element property value successfully

2023-10-16 14:10:11 - [TEST_STEP][PASSED] - verifyElementPropertyValue(getResponse, "offers[13].groups[0].pricingPlans[0].visualElements[12].key", "show_tag"): Verify element property value successfully

2023-10-16 14:10:11 - [MESSAGE][PASSED] - Verify element property value successfully

2023-10-16 14:10:11 - [TEST_STEP][PASSED] - verifyElementPropertyValue(getResponse, "offers[13].groups[0].pricingPlans[0].visualElements[12].value", "true"): Verify element property value successfully

2023-10-16 14:10:11 - [MESSAGE][PASSED] - Verify element property value successfully

2023-10-16 14:10:11 - [TEST_STEP][PASSED] - verifyElementPropertyValue(getResponse, "offers[13].groups[0].pricingPlans[0].pricingPlanData[0].productId", "KWT_B2C_SHAHID_VIP_SPORT_1M"): Verify element property value successfully

2023-10-16 14:10:11 - [MESSAGE][PASSED] - Verify element property value successfully

2023-10-16 14:10:12 - [TEST_STEP][PASSED] - verifyElementPropertyValue(getResponse, "offers[13].groups[0].pricingPlans[0].pricingPlanData[0].paymentMethod", "CREDIT_CARD"): Verify element property value successfully

2023-10-16 14:10:12 - [MESSAGE][PASSED] - Verify element property value successfully

2023-10-16 14:10:12 - [TEST_STEP][PASSED] - verifyElementPropertyValue(getResponse, "offers[13].groups[0].pricingPlans[0].pricingPlanData[0].freeTrialEnabled", "false"): Verify element property value successfully

2023-10-16 14:10:12 - [MESSAGE][PASSED] - Verify element property value successfully

2023-10-16 14:10:12 - [TEST_STEP][PASSED] - verifyElementPropertyValue(getResponse, "offers[13].groups[0].pricingPlans[0].pricingPlanData[0].showIn[0]", "VERTICAL_MODE"): Verify element property value successfully

2023-10-16 14:10:12 - [MESSAGE][PASSED] - Verify element property value successfully

2023-10-16 14:10:12 - [TEST_STEP][PASSED] - verifyElementPropertyValue(getResponse, "offers[13].groups[0].pricingPlans[0].pricingPlanData[0].showIn[1]", "HORIZONTAL_MODE"): Verify element property value successfully

2023-10-16 14:10:12 - [MESSAGE][PASSED] - Verify element property value successfully

2023-10-16 14:10:12 - [TEST_STEP][PASSED] - verifyElementPropertyValue(getResponse, "offers[13].groups[0].pricingPlans[0].pricingPlanData[0].priceLabel", "2.89"): Verify element property value successfully

2023-10-16 14:10:12 - [MESSAGE][PASSED] - Verify element property value successfully

2023-10-16 14:10:12 - [TEST_STEP][PASSED] - verifyElementPropertyValue(getResponse, "offers[13].groups[0].pricingPlans[0].pricingPlanData[0].currencyLabel", "KWD"): Verify element property value successfully

2023-10-16 14:10:12 - [MESSAGE][PASSED] - Verify element property value successfully

2023-10-16 14:10:12 - [TEST_STEP][PASSED] - verifyElementPropertyValue(getResponse, "offers[13].groups[0].pricingPlans[0].pricingPlanData[0].dealId", "BYG_SPORT_50P_KWT"): Verify element property value successfully

2023-10-16 14:10:12 - [MESSAGE][PASSED] - Verify element property value successfully

2023-10-16 14:10:12 - [TEST_STEP][PASSED] - verifyElementPropertyValue(getResponse, "offers[13].groups[0].pricingPlans[0].pricingPlanData[0].allowedForAcquisition", "true"): Verify element property value successfully

2023-10-16 14:10:12 - [MESSAGE][PASSED] - Verify element property value successfully

2023-10-16 14:10:12 - [TEST_STEP][PASSED] - verifyElementPropertyValue(getResponse, "offers[13].groups[0].pricingPlans[0].pricingPlanData[0].visualElements[0].key", "title"): Verify element property value successfully

2023-10-16 14:10:12 - [MESSAGE][PASSED] - Verify element property value successfully

2023-10-16 14:10:12 - [TEST_STEP][PASSED] - verifyElementPropertyValue(getResponse, "offers[13].groups[0].pricingPlans[0].pricingPlanData[0].visualElements[0].value", "Carte de crédit/débit"): Verify element property value successfully

2023-10-16 14:10:12 - [MESSAGE][PASSED] - Verify element property value successfully

2023-10-16 14:10:12 - [TEST_STEP][PASSED] - verifyElementPropertyValue(getResponse, "offers[13].groups[0].pricingPlans[0].pricingPlanData[0].visualElements[1].key", "CTA_text"): Verify element property value successfully

2023-10-16 14:10:12 - [MESSAGE][PASSED] - Verify element property value successfully

2023-10-16 14:10:12 - [TEST_STEP][PASSED] - verifyElementPropertyValue(getResponse, "offers[13].groups[0].pricingPlans[0].pricingPlanData[0].visualElements[1].value", "S’abonner"): Verify element property value successfully

2023-10-16 14:10:12 - [MESSAGE][PASSED] - Verify element property value successfully

2023-10-16 14:10:12 - [TEST_STEP][PASSED] - verifyElementPropertyValue(getResponse, "offers[13].groups[0].pricingPlans[0].pricingPlanData[0].visualElements[2].key", "logo"): Verify element property value successfully

2023-10-16 14:10:12 - [MESSAGE][PASSED] - Verify element property value successfully

2023-10-16 14:10:12 - [TEST_STEP][PASSED] - verifyElementPropertyValue(getResponse, "offers[13].groups[0].pricingPlans[0].pricingPlanData[0].visualElements[2].value", "https://static.s3.shahid.mbc.net/widget-images/icons/iconCreditCard.png"): Verify element property value successfully

2023-10-16 14:10:12 - [MESSAGE][PASSED] - Verify element property value successfully]]></system-out>
         <system-err><![CDATA[]]></system-err>
      </testcase>
      <system-out><![CDATA[2023-10-16 14:09:37 - [TEST_SUITE][FAILED] - KWT: Test Cases/WEB - CHROME/KWT PI/WEB_FR_getSubscriptionConfigForKWt_Ultimate FAILED.
Reason:
com.kms.katalon.core.exception.StepFailedException: Expected element property value 'Plan Annuel ' is not equal with actual property value 'Plan Annuel ​'
	at com.kms.katalon.core.keyword.internal.KeywordMain.stepFailed(KeywordMain.groovy:39)
	at com.kms.katalon.core.webservice.keyword.builtin.VerifyElementPropertyValueKeyword$_verifyElementPropertyValue_closure1.doCall(VerifyElementPropertyValueKeyword.groovy:56)
	at com.kms.katalon.core.webservice.keyword.builtin.VerifyElementPropertyValueKeyword$_verifyElementPropertyValue_closure1.call(VerifyElementPropertyValueKeyword.groovy)
	at com.kms.katalon.core.keyword.internal.KeywordMain.runKeyword(KeywordMain.groovy:75)
	at com.kms.katalon.core.webservice.keyword.builtin.VerifyElementPropertyValueKeyword.verifyElementPropertyValue(VerifyElementPropertyValueKeyword.groovy:48)
	at com.kms.katalon.core.webservice.keyword.builtin.VerifyElementPropertyValueKeyword.execute(VerifyElementPropertyValueKeyword.groovy:43)
	at com.kms.katalon.core.keyword.internal.KeywordExecutor.executeKeywordForPlatform(KeywordExecutor.groovy:74)
	at com.kms.katalon.core.webservice.keyword.WSBuiltInKeywords.verifyElementPropertyValue(WSBuiltInKeywords.groovy:190)
	at com.kms.katalon.core.webservice.keyword.WSBuiltInKeywords$verifyElementPropertyValue$1.call(Unknown Source)
	at WEB_FR_getSubscriptionConfigForKWt_Ultimate.run(WEB_FR_getSubscriptionConfigForKWt_Ultimate:102)
	at com.kms.katalon.core.main.ScriptEngine.run(ScriptEngine.java:194)
	at com.kms.katalon.core.main.ScriptEngine.runScriptAsRawText(ScriptEngine.java:119)
	at com.kms.katalon.core.main.TestCaseExecutor.runScript(TestCaseExecutor.java:448)
	at com.kms.katalon.core.main.TestCaseExecutor.doExecute(TestCaseExecutor.java:439)
	at com.kms.katalon.core.main.TestCaseExecutor.processExecutionPhase(TestCaseExecutor.java:418)
	at com.kms.katalon.core.main.TestCaseExecutor.accessMainPhase(TestCaseExecutor.java:410)
	at com.kms.katalon.core.main.TestCaseExecutor.execute(TestCaseExecutor.java:285)
	at com.kms.katalon.core.common.CommonExecutor.accessTestCaseMainPhase(CommonExecutor.java:65)
	at com.kms.katalon.core.main.TestSuiteExecutor.accessTestSuiteMainPhase(TestSuiteExecutor.java:148)
	at com.kms.katalon.core.main.TestSuiteExecutor.execute(TestSuiteExecutor.java:106)
	at com.kms.katalon.core.main.TestCaseMain.startTestSuite(TestCaseMain.java:187)
	at com.kms.katalon.core.main.TestCaseMain$startTestSuite$0.call(Unknown Source)
	at TempTestSuite1697454199331.run(TempTestSuite1697454199331.groovy:36)]]></system-out>
      <system-err><![CDATA[2023-10-16 14:09:37 - [TEST_SUITE][FAILED] - KWT: Test Cases/WEB - CHROME/KWT PI/WEB_FR_getSubscriptionConfigForKWt_Ultimate FAILED.
Reason:
com.kms.katalon.core.exception.StepFailedException: Expected element property value 'Plan Annuel ' is not equal with actual property value 'Plan Annuel ​'
	at com.kms.katalon.core.keyword.internal.KeywordMain.stepFailed(KeywordMain.groovy:39)
	at com.kms.katalon.core.webservice.keyword.builtin.VerifyElementPropertyValueKeyword$_verifyElementPropertyValue_closure1.doCall(VerifyElementPropertyValueKeyword.groovy:56)
	at com.kms.katalon.core.webservice.keyword.builtin.VerifyElementPropertyValueKeyword$_verifyElementPropertyValue_closure1.call(VerifyElementPropertyValueKeyword.groovy)
	at com.kms.katalon.core.keyword.internal.KeywordMain.runKeyword(KeywordMain.groovy:75)
	at com.kms.katalon.core.webservice.keyword.builtin.VerifyElementPropertyValueKeyword.verifyElementPropertyValue(VerifyElementPropertyValueKeyword.groovy:48)
	at com.kms.katalon.core.webservice.keyword.builtin.VerifyElementPropertyValueKeyword.execute(VerifyElementPropertyValueKeyword.groovy:43)
	at com.kms.katalon.core.keyword.internal.KeywordExecutor.executeKeywordForPlatform(KeywordExecutor.groovy:74)
	at com.kms.katalon.core.webservice.keyword.WSBuiltInKeywords.verifyElementPropertyValue(WSBuiltInKeywords.groovy:190)
	at com.kms.katalon.core.webservice.keyword.WSBuiltInKeywords$verifyElementPropertyValue$1.call(Unknown Source)
	at WEB_FR_getSubscriptionConfigForKWt_Ultimate.run(WEB_FR_getSubscriptionConfigForKWt_Ultimate:102)
	at com.kms.katalon.core.main.ScriptEngine.run(ScriptEngine.java:194)
	at com.kms.katalon.core.main.ScriptEngine.runScriptAsRawText(ScriptEngine.java:119)
	at com.kms.katalon.core.main.TestCaseExecutor.runScript(TestCaseExecutor.java:448)
	at com.kms.katalon.core.main.TestCaseExecutor.doExecute(TestCaseExecutor.java:439)
	at com.kms.katalon.core.main.TestCaseExecutor.processExecutionPhase(TestCaseExecutor.java:418)
	at com.kms.katalon.core.main.TestCaseExecutor.accessMainPhase(TestCaseExecutor.java:410)
	at com.kms.katalon.core.main.TestCaseExecutor.execute(TestCaseExecutor.java:285)
	at com.kms.katalon.core.common.CommonExecutor.accessTestCaseMainPhase(CommonExecutor.java:65)
	at com.kms.katalon.core.main.TestSuiteExecutor.accessTestSuiteMainPhase(TestSuiteExecutor.java:148)
	at com.kms.katalon.core.main.TestSuiteExecutor.execute(TestSuiteExecutor.java:106)
	at com.kms.katalon.core.main.TestCaseMain.startTestSuite(TestCaseMain.java:187)
	at com.kms.katalon.core.main.TestCaseMain$startTestSuite$0.call(Unknown Source)
	at TempTestSuite1697454199331.run(TempTestSuite1697454199331.groovy:36)]]></system-err>
   </testsuite>
</testsuites>
